<?xml version="1.0" encoding="UTF-8"?>
<testsuite xmlns:xsi="http://www.w3.org/2001/XMLSchema-instance" xsi:noNamespaceSchemaLocation="https://maven.apache.org/surefire/maven-surefire-plugin/xsd/surefire-test-report.xsd" name="org.apache.hadoop.fs.ozone.TestOzoneFileInterfaces" time="213.121" tests="12" errors="2" skipped="0" failures="0">
  <properties>
    <property name="awt.toolkit" value="sun.awt.X11.XToolkit"/>
    <property name="file.encoding.pkg" value="sun.io"/>
    <property name="java.specification.version" value="1.8"/>
    <property name="sun.cpu.isalist" value=""/>
    <property name="sun.jnu.encoding" value="ANSI_X3.4-1968"/>
    <property name="java.class.path" value="/workdir/hadoop-ozone/ozonefs/target/test-classes:/workdir/hadoop-ozone/ozonefs/target/classes:/home/user/.m2/repository/org/apache/hadoop/hadoop-common/3.2.0/hadoop-common-3.2.0.jar:/home/user/.m2/repository/org/apache/hadoop/hadoop-annotations/3.2.0/hadoop-annotations-3.2.0.jar:/usr/lib/jvm/java-1.8.0-openjdk-1.8.0.222.b10-1.el7_7.x86_64/jre/../lib/tools.jar:/home/user/.m2/repository/com/google/guava/guava/11.0.2/guava-11.0.2.jar:/home/user/.m2/repository/commons-cli/commons-cli/1.2/commons-cli-1.2.jar:/home/user/.m2/repository/org/apache/commons/commons-math3/3.1.1/commons-math3-3.1.1.jar:/home/user/.m2/repository/commons-codec/commons-codec/1.11/commons-codec-1.11.jar:/home/user/.m2/repository/commons-io/commons-io/2.5/commons-io-2.5.jar:/home/user/.m2/repository/commons-net/commons-net/3.6/commons-net-3.6.jar:/home/user/.m2/repository/commons-collections/commons-collections/3.2.2/commons-collections-3.2.2.jar:/home/user/.m2/repository/javax/servlet/javax.servlet-api/3.1.0/javax.servlet-api-3.1.0.jar:/home/user/.m2/repository/org/eclipse/jetty/jetty-server/9.3.25.v20180904/jetty-server-9.3.25.v20180904.jar:/home/user/.m2/repository/org/eclipse/jetty/jetty-http/9.3.25.v20180904/jetty-http-9.3.25.v20180904.jar:/home/user/.m2/repository/org/eclipse/jetty/jetty-io/9.3.25.v20180904/jetty-io-9.3.25.v20180904.jar:/home/user/.m2/repository/org/eclipse/jetty/jetty-util/9.3.25.v20180904/jetty-util-9.3.25.v20180904.jar:/home/user/.m2/repository/org/eclipse/jetty/jetty-servlet/9.3.25.v20180904/jetty-servlet-9.3.25.v20180904.jar:/home/user/.m2/repository/org/eclipse/jetty/jetty-security/9.3.25.v20180904/jetty-security-9.3.25.v20180904.jar:/home/user/.m2/repository/org/eclipse/jetty/jetty-webapp/9.3.25.v20180904/jetty-webapp-9.3.25.v20180904.jar:/home/user/.m2/repository/org/eclipse/jetty/jetty-xml/9.3.25.v20180904/jetty-xml-9.3.25.v20180904.jar:/home/user/.m2/repository/javax/servlet/jsp/jsp-api/2.1/jsp-api-2.1.jar:/home/user/.m2/repository/com/sun/jersey/jersey-core/1.19/jersey-core-1.19.jar:/home/user/.m2/repository/javax/ws/rs/jsr311-api/1.1.1/jsr311-api-1.1.1.jar:/home/user/.m2/repository/com/sun/jersey/jersey-servlet/1.19/jersey-servlet-1.19.jar:/home/user/.m2/repository/com/sun/jersey/jersey-json/1.19/jersey-json-1.19.jar:/home/user/.m2/repository/org/codehaus/jettison/jettison/1.1/jettison-1.1.jar:/home/user/.m2/repository/com/sun/xml/bind/jaxb-impl/2.3.0.1/jaxb-impl-2.3.0.1.jar:/home/user/.m2/repository/org/codehaus/jackson/jackson-core-asl/1.9.13/jackson-core-asl-1.9.13.jar:/home/user/.m2/repository/org/codehaus/jackson/jackson-mapper-asl/1.9.13/jackson-mapper-asl-1.9.13.jar:/home/user/.m2/repository/org/codehaus/jackson/jackson-jaxrs/1.9.13/jackson-jaxrs-1.9.13.jar:/home/user/.m2/repository/org/codehaus/jackson/jackson-xc/1.9.13/jackson-xc-1.9.13.jar:/home/user/.m2/repository/com/sun/jersey/jersey-server/1.19/jersey-server-1.19.jar:/home/user/.m2/repository/commons-logging/commons-logging/1.1.3/commons-logging-1.1.3.jar:/home/user/.m2/repository/log4j/log4j/1.2.17/log4j-1.2.17.jar:/home/user/.m2/repository/commons-beanutils/commons-beanutils/1.9.4/commons-beanutils-1.9.4.jar:/home/user/.m2/repository/org/apache/commons/commons-configuration2/2.1.1/commons-configuration2-2.1.1.jar:/home/user/.m2/repository/org/apache/commons/commons-lang3/3.7/commons-lang3-3.7.jar:/home/user/.m2/repository/org/apache/commons/commons-text/1.4/commons-text-1.4.jar:/home/user/.m2/repository/org/slf4j/slf4j-api/1.7.25/slf4j-api-1.7.25.jar:/home/user/.m2/repository/org/slf4j/slf4j-log4j12/1.7.25/slf4j-log4j12-1.7.25.jar:/home/user/.m2/repository/org/apache/avro/avro/1.7.7/avro-1.7.7.jar:/home/user/.m2/repository/com/thoughtworks/paranamer/paranamer/2.3/paranamer-2.3.jar:/home/user/.m2/repository/org/xerial/snappy/snappy-java/1.0.5/snappy-java-1.0.5.jar:/home/user/.m2/repository/com/google/re2j/re2j/1.1/re2j-1.1.jar:/home/user/.m2/repository/com/google/protobuf/protobuf-java/2.5.0/protobuf-java-2.5.0.jar:/home/user/.m2/repository/com/google/code/gson/gson/2.2.4/gson-2.2.4.jar:/home/user/.m2/repository/org/apache/hadoop/hadoop-auth/3.2.0/hadoop-auth-3.2.0.jar:/home/user/.m2/repository/com/nimbusds/nimbus-jose-jwt/4.41.1/nimbus-jose-jwt-4.41.1.jar:/home/user/.m2/repository/com/github/stephenc/jcip/jcip-annotations/1.0-1/jcip-annotations-1.0-1.jar:/home/user/.m2/repository/net/minidev/json-smart/2.3/json-smart-2.3.jar:/home/user/.m2/repository/net/minidev/accessors-smart/1.2/accessors-smart-1.2.jar:/home/user/.m2/repository/org/apache/curator/curator-framework/2.12.0/curator-framework-2.12.0.jar:/home/user/.m2/repository/com/jcraft/jsch/0.1.54/jsch-0.1.54.jar:/home/user/.m2/repository/org/apache/curator/curator-client/2.12.0/curator-client-2.12.0.jar:/home/user/.m2/repository/org/apache/curator/curator-recipes/2.12.0/curator-recipes-2.12.0.jar:/home/user/.m2/repository/com/google/code/findbugs/jsr305/3.0.0/jsr305-3.0.0.jar:/home/user/.m2/repository/org/apache/htrace/htrace-core4/4.1.0-incubating/htrace-core4-4.1.0-incubating.jar:/home/user/.m2/repository/org/apache/zookeeper/zookeeper/3.4.13/zookeeper-3.4.13.jar:/home/user/.m2/repository/jline/jline/0.9.94/jline-0.9.94.jar:/home/user/.m2/repository/org/apache/yetus/audience-annotations/0.5.0/audience-annotations-0.5.0.jar:/home/user/.m2/repository/org/apache/commons/commons-compress/1.4.1/commons-compress-1.4.1.jar:/home/user/.m2/repository/org/tukaani/xz/1.0/xz-1.0.jar:/home/user/.m2/repository/org/apache/kerby/kerb-simplekdc/1.0.1/kerb-simplekdc-1.0.1.jar:/home/user/.m2/repository/org/apache/kerby/kerb-client/1.0.1/kerb-client-1.0.1.jar:/home/user/.m2/repository/org/apache/kerby/kerby-config/1.0.1/kerby-config-1.0.1.jar:/home/user/.m2/repository/org/apache/kerby/kerb-core/1.0.1/kerb-core-1.0.1.jar:/home/user/.m2/repository/org/apache/kerby/kerby-pkix/1.0.1/kerby-pkix-1.0.1.jar:/home/user/.m2/repository/org/apache/kerby/kerby-asn1/1.0.1/kerby-asn1-1.0.1.jar:/home/user/.m2/repository/org/apache/kerby/kerby-util/1.0.1/kerby-util-1.0.1.jar:/home/user/.m2/repository/org/apache/kerby/kerb-common/1.0.1/kerb-common-1.0.1.jar:/home/user/.m2/repository/org/apache/kerby/kerb-crypto/1.0.1/kerb-crypto-1.0.1.jar:/home/user/.m2/repository/org/apache/kerby/kerb-util/1.0.1/kerb-util-1.0.1.jar:/home/user/.m2/repository/org/apache/kerby/token-provider/1.0.1/token-provider-1.0.1.jar:/home/user/.m2/repository/org/apache/kerby/kerb-admin/1.0.1/kerb-admin-1.0.1.jar:/home/user/.m2/repository/org/apache/kerby/kerb-server/1.0.1/kerb-server-1.0.1.jar:/home/user/.m2/repository/org/apache/kerby/kerb-identity/1.0.1/kerb-identity-1.0.1.jar:/home/user/.m2/repository/org/apache/kerby/kerby-xdr/1.0.1/kerby-xdr-1.0.1.jar:/home/user/.m2/repository/com/fasterxml/jackson/core/jackson-databind/2.9.9/jackson-databind-2.9.9.jar:/home/user/.m2/repository/com/fasterxml/jackson/core/jackson-annotations/2.9.9/jackson-annotations-2.9.9.jar:/home/user/.m2/repository/com/fasterxml/jackson/core/jackson-core/2.9.9/jackson-core-2.9.9.jar:/home/user/.m2/repository/org/codehaus/woodstox/stax2-api/3.1.4/stax2-api-3.1.4.jar:/home/user/.m2/repository/com/fasterxml/woodstox/woodstox-core/5.0.3/woodstox-core-5.0.3.jar:/home/user/.m2/repository/dnsjava/dnsjava/2.1.7/dnsjava-2.1.7.jar:/home/user/.m2/repository/org/apache/hadoop/hadoop-hdfs/3.2.0/hadoop-hdfs-3.2.0.jar:/home/user/.m2/repository/org/eclipse/jetty/jetty-util-ajax/9.3.25.v20180904/jetty-util-ajax-9.3.25.v20180904.jar:/home/user/.m2/repository/commons-daemon/commons-daemon/1.0.13/commons-daemon-1.0.13.jar:/home/user/.m2/repository/io/netty/netty/3.10.5.Final/netty-3.10.5.Final.jar:/home/user/.m2/repository/io/netty/netty-all/4.0.52.Final/netty-all-4.0.52.Final.jar:/home/user/.m2/repository/org/fusesource/leveldbjni/leveldbjni-all/1.8/leveldbjni-all-1.8.jar:/home/user/.m2/repository/org/apache/hadoop/hadoop-hdds-common/0.5.0-SNAPSHOT/hadoop-hdds-common-0.5.0-SNAPSHOT.jar:/home/user/.m2/repository/org/apache/hadoop/hadoop-hdds-config/0.5.0-SNAPSHOT/hadoop-hdds-config-0.5.0-SNAPSHOT.jar:/home/user/.m2/repository/javax/annotation/javax.annotation-api/1.2/javax.annotation-api-1.2.jar:/home/user/.m2/repository/org/apache/ratis/ratis-server/0.5.0-3f446aa-SNAPSHOT/ratis-server-0.5.0-3f446aa-SNAPSHOT.jar:/home/user/.m2/repository/org/apache/ratis/ratis-thirdparty-misc/0.2.0/ratis-thirdparty-misc-0.2.0.jar:/home/user/.m2/repository/org/apache/ratis/ratis-proto/0.5.0-3f446aa-SNAPSHOT/ratis-proto-0.5.0-3f446aa-SNAPSHOT.jar:/home/user/.m2/repository/org/apache/ratis/ratis-common/0.5.0-3f446aa-SNAPSHOT/ratis-common-0.5.0-3f446aa-SNAPSHOT.jar:/home/user/.m2/repository/org/apache/ratis/ratis-client/0.5.0-3f446aa-SNAPSHOT/ratis-client-0.5.0-3f446aa-SNAPSHOT.jar:/home/user/.m2/repository/org/apache/ratis/ratis-metrics/0.5.0-3f446aa-SNAPSHOT/ratis-metrics-0.5.0-3f446aa-SNAPSHOT.jar:/home/user/.m2/repository/com/github/joshelser/dropwizard-metrics-hadoop-metrics2-reporter/0.1.2/dropwizard-metrics-hadoop-metrics2-reporter-0.1.2.jar:/home/user/.m2/repository/io/dropwizard/metrics/metrics-jvm/3.2.5/metrics-jvm-3.2.5.jar:/home/user/.m2/repository/io/dropwizard/metrics/metrics-ganglia/3.2.5/metrics-ganglia-3.2.5.jar:/home/user/.m2/repository/info/ganglia/gmetric4j/gmetric4j/1.0.7/gmetric4j-1.0.7.jar:/home/user/.m2/repository/org/apache/ratis/ratis-netty/0.5.0-3f446aa-SNAPSHOT/ratis-netty-0.5.0-3f446aa-SNAPSHOT.jar:/home/user/.m2/repository/org/apache/ratis/ratis-grpc/0.5.0-3f446aa-SNAPSHOT/ratis-grpc-0.5.0-3f446aa-SNAPSHOT.jar:/home/user/.m2/repository/org/rocksdb/rocksdbjni/6.0.1/rocksdbjni-6.0.1.jar:/home/user/.m2/repository/org/apache/logging/log4j/log4j-api/2.11.0/log4j-api-2.11.0.jar:/home/user/.m2/repository/org/apache/logging/log4j/log4j-core/2.11.0/log4j-core-2.11.0.jar:/home/user/.m2/repository/com/lmax/disruptor/3.4.2/disruptor-3.4.2.jar:/home/user/.m2/repository/org/apache/commons/commons-pool2/2.6.0/commons-pool2-2.6.0.jar:/home/user/.m2/repository/org/bouncycastle/bcpkix-jdk15on/1.60/bcpkix-jdk15on-1.60.jar:/home/user/.m2/repository/commons-validator/commons-validator/1.6/commons-validator-1.6.jar:/home/user/.m2/repository/commons-digester/commons-digester/1.8.1/commons-digester-1.8.1.jar:/home/user/.m2/repository/io/jaegertracing/jaeger-client/0.34.0/jaeger-client-0.34.0.jar:/home/user/.m2/repository/io/jaegertracing/jaeger-thrift/0.34.0/jaeger-thrift-0.34.0.jar:/home/user/.m2/repository/org/apache/thrift/libthrift/0.12.0/libthrift-0.12.0.jar:/home/user/.m2/repository/com/squareup/okhttp3/okhttp/3.9.0/okhttp-3.9.0.jar:/home/user/.m2/repository/com/squareup/okio/okio/1.13.0/okio-1.13.0.jar:/home/user/.m2/repository/io/jaegertracing/jaeger-core/0.34.0/jaeger-core-0.34.0.jar:/home/user/.m2/repository/io/jaegertracing/jaeger-tracerresolver/0.34.0/jaeger-tracerresolver-0.34.0.jar:/home/user/.m2/repository/io/opentracing/contrib/opentracing-tracerresolver/0.1.5/opentracing-tracerresolver-0.1.5.jar:/home/user/.m2/repository/io/opentracing/opentracing-util/0.31.0/opentracing-util-0.31.0.jar:/home/user/.m2/repository/io/opentracing/opentracing-api/0.31.0/opentracing-api-0.31.0.jar:/home/user/.m2/repository/io/opentracing/opentracing-noop/0.31.0/opentracing-noop-0.31.0.jar:/home/user/.m2/repository/org/yaml/snakeyaml/1.16/snakeyaml-1.16.jar:/home/user/.m2/repository/org/apache/hadoop/hadoop-hdfs-client/3.2.0/hadoop-hdfs-client-3.2.0.jar:/home/user/.m2/repository/info/picocli/picocli/3.9.6/picocli-3.9.6.jar:/home/user/.m2/repository/org/apache/hadoop/hadoop-hdds-server-scm/0.5.0-SNAPSHOT/hadoop-hdds-server-scm-0.5.0-SNAPSHOT.jar:/home/user/.m2/repository/org/apache/hadoop/hadoop-hdds-docs/0.5.0-SNAPSHOT/hadoop-hdds-docs-0.5.0-SNAPSHOT.jar:/home/user/.m2/repository/io/dropwizard/metrics/metrics-core/3.2.4/metrics-core-3.2.4.jar:/home/user/.m2/repository/org/hamcrest/hamcrest-all/1.3/hamcrest-all-1.3.jar:/home/user/.m2/repository/org/bouncycastle/bcprov-jdk15on/1.60/bcprov-jdk15on-1.60.jar:/home/user/.m2/repository/org/apache/hadoop/hadoop-hdds-server-framework/0.5.0-SNAPSHOT/hadoop-hdds-server-framework-0.5.0-SNAPSHOT.jar:/home/user/.m2/repository/org/apache/hadoop/hadoop-ozone-ozone-manager/0.5.0-SNAPSHOT/hadoop-ozone-ozone-manager-0.5.0-SNAPSHOT.jar:/home/user/.m2/repository/org/apache/hadoop/hadoop-hdds-container-service/0.5.0-SNAPSHOT/hadoop-hdds-container-service-0.5.0-SNAPSHOT.jar:/home/user/.m2/repository/org/apache/hadoop/hadoop-hdds-client/0.5.0-SNAPSHOT/hadoop-hdds-client-0.5.0-SNAPSHOT.jar:/home/user/.m2/repository/org/apache/hadoop/hadoop-ozone-common/0.5.0-SNAPSHOT/hadoop-ozone-common-0.5.0-SNAPSHOT.jar:/home/user/.m2/repository/org/apache/hadoop/hadoop-hdds-tools/0.5.0-SNAPSHOT/hadoop-hdds-tools-0.5.0-SNAPSHOT.jar:/home/user/.m2/repository/org/xerial/sqlite-jdbc/3.25.2/sqlite-jdbc-3.25.2.jar:/home/user/.m2/repository/org/apache/httpcomponents/httpclient/4.5.2/httpclient-4.5.2.jar:/home/user/.m2/repository/org/apache/httpcomponents/httpcore/4.4.4/httpcore-4.4.4.jar:/home/user/.m2/repository/com/github/spotbugs/spotbugs/3.1.12/spotbugs-3.1.12.jar:/home/user/.m2/repository/org/ow2/asm/asm/5.0.4/asm-5.0.4.jar:/home/user/.m2/repository/org/ow2/asm/asm-analysis/7.0/asm-analysis-7.0.jar:/home/user/.m2/repository/org/ow2/asm/asm-commons/7.0/asm-commons-7.0.jar:/home/user/.m2/repository/org/ow2/asm/asm-tree/7.0/asm-tree-7.0.jar:/home/user/.m2/repository/org/ow2/asm/asm-util/7.0/asm-util-7.0.jar:/home/user/.m2/repository/org/apache/bcel/bcel/6.3/bcel-6.3.jar:/home/user/.m2/repository/net/jcip/jcip-annotations/1.0/jcip-annotations-1.0.jar:/home/user/.m2/repository/org/dom4j/dom4j/2.1.1/dom4j-2.1.1.jar:/home/user/.m2/repository/jaxen/jaxen/1.1.6/jaxen-1.1.6.jar:/home/user/.m2/repository/commons-lang/commons-lang/2.6/commons-lang-2.6.jar:/home/user/.m2/repository/com/github/spotbugs/spotbugs-annotations/3.1.12/spotbugs-annotations-3.1.12.jar:/home/user/.m2/repository/org/apache/hadoop/hadoop-common/3.2.0/hadoop-common-3.2.0-tests.jar:/home/user/.m2/repository/org/apache/hadoop/hadoop-ozone-client/0.5.0-SNAPSHOT/hadoop-ozone-client-0.5.0-SNAPSHOT.jar:/home/user/.m2/repository/org/apache/hadoop/hadoop-hdfs/3.2.0/hadoop-hdfs-3.2.0-tests.jar:/workdir/hadoop-ozone/integration-test/target/test-classes:/home/user/.m2/repository/org/apache/hadoop/hadoop-ozone-s3gateway/0.5.0-SNAPSHOT/hadoop-ozone-s3gateway-0.5.0-SNAPSHOT.jar:/home/user/.m2/repository/org/jboss/weld/servlet/weld-servlet/2.4.7.Final/weld-servlet-2.4.7.Final.jar:/home/user/.m2/repository/org/glassfish/jersey/containers/jersey-container-servlet-core/2.27/jersey-container-servlet-core-2.27.jar:/home/user/.m2/repository/org/glassfish/hk2/external/javax.inject/2.5.0-b42/javax.inject-2.5.0-b42.jar:/home/user/.m2/repository/org/glassfish/jersey/core/jersey-common/2.27/jersey-common-2.27.jar:/home/user/.m2/repository/org/glassfish/hk2/osgi-resource-locator/1.0.1/osgi-resource-locator-1.0.1.jar:/home/user/.m2/repository/javax/ws/rs/javax.ws.rs-api/2.1/javax.ws.rs-api-2.1.jar:/home/user/.m2/repository/org/glassfish/jersey/ext/cdi/jersey-cdi1x/2.27/jersey-cdi1x-2.27.jar:/home/user/.m2/repository/org/glassfish/jersey/inject/jersey-hk2/2.27/jersey-hk2-2.27.jar:/home/user/.m2/repository/org/glassfish/hk2/hk2-locator/2.5.0-b42/hk2-locator-2.5.0-b42.jar:/home/user/.m2/repository/org/javassist/javassist/3.22.0-CR2/javassist-3.22.0-CR2.jar:/home/user/.m2/repository/org/glassfish/hk2/hk2-api/2.5.0/hk2-api-2.5.0.jar:/home/user/.m2/repository/org/glassfish/hk2/external/jakarta.inject/2.5.0/jakarta.inject-2.5.0.jar:/home/user/.m2/repository/org/glassfish/hk2/hk2-utils/2.5.0/hk2-utils-2.5.0.jar:/home/user/.m2/repository/jakarta/annotation/jakarta.annotation-api/1.3.4/jakarta.annotation-api-1.3.4.jar:/home/user/.m2/repository/org/glassfish/hk2/external/aopalliance-repackaged/2.5.0/aopalliance-repackaged-2.5.0.jar:/home/user/.m2/repository/com/fasterxml/jackson/dataformat/jackson-dataformat-xml/2.9.0/jackson-dataformat-xml-2.9.0.jar:/home/user/.m2/repository/com/fasterxml/jackson/module/jackson-module-jaxb-annotations/2.9.9/jackson-module-jaxb-annotations-2.9.9.jar:/home/user/.m2/repository/javax/enterprise/cdi-api/1.2/cdi-api-1.2.jar:/home/user/.m2/repository/javax/el/javax.el-api/3.0.0/javax.el-api-3.0.0.jar:/home/user/.m2/repository/javax/interceptor/javax.interceptor-api/1.2/javax.interceptor-api-1.2.jar:/home/user/.m2/repository/javax/inject/javax.inject/1/javax.inject-1.jar:/home/user/.m2/repository/com/sun/xml/bind/jaxb-core/2.3.0.1/jaxb-core-2.3.0.1.jar:/home/user/.m2/repository/javax/xml/bind/jaxb-api/2.3.0/jaxb-api-2.3.0.jar:/home/user/.m2/repository/javax/activation/activation/1.1.1/activation-1.1.1.jar:/home/user/.m2/repository/org/apache/hadoop/hadoop-ozone-csi/0.5.0-SNAPSHOT/hadoop-ozone-csi-0.5.0-SNAPSHOT.jar:/home/user/.m2/repository/com/google/protobuf/protobuf-java-util/3.5.1/protobuf-java-util-3.5.1.jar:/home/user/.m2/repository/io/grpc/grpc-netty/1.17.1/grpc-netty-1.17.1.jar:/home/user/.m2/repository/io/grpc/grpc-core/1.17.1/grpc-core-1.17.1.jar:/home/user/.m2/repository/io/grpc/grpc-context/1.17.1/grpc-context-1.17.1.jar:/home/user/.m2/repository/com/google/errorprone/error_prone_annotations/2.2.0/error_prone_annotations-2.2.0.jar:/home/user/.m2/repository/org/codehaus/mojo/animal-sniffer-annotations/1.17/animal-sniffer-annotations-1.17.jar:/home/user/.m2/repository/io/opencensus/opencensus-api/0.17.0/opencensus-api-0.17.0.jar:/home/user/.m2/repository/io/opencensus/opencensus-contrib-grpc-metrics/0.17.0/opencensus-contrib-grpc-metrics-0.17.0.jar:/home/user/.m2/repository/io/netty/netty-codec-http2/4.1.30.Final/netty-codec-http2-4.1.30.Final.jar:/home/user/.m2/repository/io/netty/netty-codec-http/4.1.30.Final/netty-codec-http-4.1.30.Final.jar:/home/user/.m2/repository/io/netty/netty-codec/4.1.30.Final/netty-codec-4.1.30.Final.jar:/home/user/.m2/repository/io/netty/netty-handler/4.1.30.Final/netty-handler-4.1.30.Final.jar:/home/user/.m2/repository/io/netty/netty-handler-proxy/4.1.30.Final/netty-handler-proxy-4.1.30.Final.jar:/home/user/.m2/repository/io/netty/netty-codec-socks/4.1.30.Final/netty-codec-socks-4.1.30.Final.jar:/home/user/.m2/repository/io/netty/netty-transport-native-epoll/4.1.30.Final/netty-transport-native-epoll-4.1.30.Final.jar:/home/user/.m2/repository/io/netty/netty-common/4.1.30.Final/netty-common-4.1.30.Final.jar:/home/user/.m2/repository/io/netty/netty-buffer/4.1.30.Final/netty-buffer-4.1.30.Final.jar:/home/user/.m2/repository/io/netty/netty-transport/4.1.30.Final/netty-transport-4.1.30.Final.jar:/home/user/.m2/repository/io/netty/netty-resolver/4.1.30.Final/netty-resolver-4.1.30.Final.jar:/home/user/.m2/repository/io/netty/netty-transport-native-unix-common/4.1.30.Final/netty-transport-native-unix-common-4.1.30.Final.jar:/home/user/.m2/repository/io/grpc/grpc-protobuf/1.17.1/grpc-protobuf-1.17.1.jar:/home/user/.m2/repository/com/google/api/grpc/proto-google-common-protos/1.0.0/proto-google-common-protos-1.0.0.jar:/home/user/.m2/repository/io/grpc/grpc-protobuf-lite/1.17.1/grpc-protobuf-lite-1.17.1.jar:/home/user/.m2/repository/io/grpc/grpc-stub/1.17.1/grpc-stub-1.17.1.jar:/home/user/.m2/repository/org/apache/hadoop/hadoop-ozone-recon/0.5.0-SNAPSHOT/hadoop-ozone-recon-0.5.0-SNAPSHOT.jar:/home/user/.m2/repository/org/apache/hadoop/hadoop-ozone-reconcodegen/0.5.0-SNAPSHOT/hadoop-ozone-reconcodegen-0.5.0-SNAPSHOT.jar:/home/user/.m2/repository/com/google/inject/extensions/guice-multibindings/4.0/guice-multibindings-4.0.jar:/home/user/.m2/repository/com/google/inject/guice/4.0/guice-4.0.jar:/home/user/.m2/repository/aopalliance/aopalliance/1.0/aopalliance-1.0.jar:/home/user/.m2/repository/org/glassfish/jersey/containers/jersey-container-servlet/2.27/jersey-container-servlet-2.27.jar:/home/user/.m2/repository/org/glassfish/hk2/guice-bridge/2.5.0/guice-bridge-2.5.0.jar:/home/user/.m2/repository/org/glassfish/jersey/core/jersey-server/2.27/jersey-server-2.27.jar:/home/user/.m2/repository/org/glassfish/jersey/core/jersey-client/2.27/jersey-client-2.27.jar:/home/user/.m2/repository/org/glassfish/jersey/media/jersey-media-jaxb/2.27/jersey-media-jaxb-2.27.jar:/home/user/.m2/repository/javax/validation/validation-api/1.1.0.Final/validation-api-1.1.0.Final.jar:/home/user/.m2/repository/org/glassfish/jersey/media/jersey-media-json-jackson/2.27/jersey-media-json-jackson-2.27.jar:/home/user/.m2/repository/org/glassfish/jersey/ext/jersey-entity-filtering/2.27/jersey-entity-filtering-2.27.jar:/home/user/.m2/repository/com/google/inject/extensions/guice-assistedinject/4.0/guice-assistedinject-4.0.jar:/home/user/.m2/repository/org/jooq/jooq/3.11.10/jooq-3.11.10.jar:/home/user/.m2/repository/org/jooq/jooq-meta/3.11.10/jooq-meta-3.11.10.jar:/home/user/.m2/repository/org/jooq/jooq-codegen/3.11.10/jooq-codegen-3.11.10.jar:/home/user/.m2/repository/com/jolbox/bonecp/0.8.0.RELEASE/bonecp-0.8.0.RELEASE.jar:/home/user/.m2/repository/org/springframework/spring-jdbc/5.1.3.RELEASE/spring-jdbc-5.1.3.RELEASE.jar:/home/user/.m2/repository/org/springframework/spring-beans/5.1.3.RELEASE/spring-beans-5.1.3.RELEASE.jar:/home/user/.m2/repository/org/springframework/spring-core/5.1.3.RELEASE/spring-core-5.1.3.RELEASE.jar:/home/user/.m2/repository/org/springframework/spring-jcl/5.1.3.RELEASE/spring-jcl-5.1.3.RELEASE.jar:/home/user/.m2/repository/org/springframework/spring-tx/5.1.3.RELEASE/spring-tx-5.1.3.RELEASE.jar:/home/user/.m2/repository/org/mockito/mockito-all/1.10.19/mockito-all-1.10.19.jar:/home/user/.m2/repository/junit/junit/4.11/junit-4.11.jar:/home/user/.m2/repository/org/hamcrest/hamcrest-core/1.3/hamcrest-core-1.3.jar:/home/user/.m2/repository/org/apache/hadoop/hadoop-distcp/3.2.0/hadoop-distcp-3.2.0.jar:/home/user/.m2/repository/org/apache/hadoop/hadoop-distcp/3.2.0/hadoop-distcp-3.2.0-tests.jar:/home/user/.m2/repository/org/apache/hadoop/hadoop-mapreduce-client-jobclient/3.2.0/hadoop-mapreduce-client-jobclient-3.2.0.jar:/home/user/.m2/repository/org/apache/hadoop/hadoop-mapreduce-client-common/3.2.0/hadoop-mapreduce-client-common-3.2.0.jar:/home/user/.m2/repository/org/apache/hadoop/hadoop-yarn-common/3.2.0/hadoop-yarn-common-3.2.0.jar:/home/user/.m2/repository/org/apache/hadoop/hadoop-yarn-api/3.2.0/hadoop-yarn-api-3.2.0.jar:/home/user/.m2/repository/com/sun/jersey/jersey-client/1.19/jersey-client-1.19.jar:/home/user/.m2/repository/com/sun/jersey/contribs/jersey-guice/1.19/jersey-guice-1.19.jar:/home/user/.m2/repository/com/fasterxml/jackson/jaxrs/jackson-jaxrs-json-provider/2.9.9/jackson-jaxrs-json-provider-2.9.9.jar:/home/user/.m2/repository/com/fasterxml/jackson/jaxrs/jackson-jaxrs-base/2.9.9/jackson-jaxrs-base-2.9.9.jar:/home/user/.m2/repository/org/apache/hadoop/hadoop-yarn-client/3.2.0/hadoop-yarn-client-3.2.0.jar:/home/user/.m2/repository/org/apache/hadoop/hadoop-mapreduce-client-core/3.2.0/hadoop-mapreduce-client-core-3.2.0.jar:/home/user/.m2/repository/com/google/inject/extensions/guice-servlet/4.0/guice-servlet-4.0.jar:/home/user/.m2/repository/org/powermock/powermock-module-junit4/1.6.5/powermock-module-junit4-1.6.5.jar:/home/user/.m2/repository/org/powermock/powermock-module-junit4-common/1.6.5/powermock-module-junit4-common-1.6.5.jar:/home/user/.m2/repository/org/powermock/powermock-core/1.6.5/powermock-core-1.6.5.jar:/home/user/.m2/repository/org/powermock/powermock-reflect/1.6.5/powermock-reflect-1.6.5.jar:/home/user/.m2/repository/org/powermock/powermock-api-mockito/1.6.5/powermock-api-mockito-1.6.5.jar:/home/user/.m2/repository/org/mockito/mockito-core/1.10.19/mockito-core-1.10.19.jar:/home/user/.m2/repository/org/objenesis/objenesis/1.0/objenesis-1.0.jar:/home/user/.m2/repository/org/powermock/powermock-api-mockito-common/1.6.5/powermock-api-mockito-common-1.6.5.jar:/home/user/.m2/repository/org/powermock/powermock-api-support/1.6.5/powermock-api-support-1.6.5.jar:"/>
    <property name="java.vm.vendor" value="Oracle Corporation"/>
    <property name="sun.arch.data.model" value="64"/>
    <property name="test.build.dir" value="/workdir/hadoop-ozone/ozonefs/target/test-dir"/>
    <property name="test.cache.data" value=""/>
    <property name="java.vendor.url" value="http://java.oracle.com/"/>
    <property name="user.timezone" value=""/>
    <property name="java.vm.specification.version" value="1.8"/>
    <property name="os.name" value="Linux"/>
    <property name="test.build.data" value="/workdir/hadoop-ozone/ozonefs/target/test-dir"/>
    <property name="user.country" value="US"/>
    <property name="sun.java.launcher" value="SUN_STANDARD"/>
    <property name="sun.boot.library.path" value="/usr/lib/jvm/java-1.8.0-openjdk-1.8.0.222.b10-1.el7_7.x86_64/jre/lib/amd64"/>
    <property name="sun.java.command" value="/workdir/hadoop-ozone/ozonefs/target/surefire/surefirebooter2697728930027307698.jar /workdir/hadoop-ozone/ozonefs/target/surefire 2019-10-16T06-58-22_039-jvmRun1 surefire5382192259089653684tmp surefire_883828712356151981113tmp"/>
    <property name="surefire.test.class.path" value="/workdir/hadoop-ozone/ozonefs/target/test-classes:/workdir/hadoop-ozone/ozonefs/target/classes:/home/user/.m2/repository/org/apache/hadoop/hadoop-common/3.2.0/hadoop-common-3.2.0.jar:/home/user/.m2/repository/org/apache/hadoop/hadoop-annotations/3.2.0/hadoop-annotations-3.2.0.jar:/usr/lib/jvm/java-1.8.0-openjdk-1.8.0.222.b10-1.el7_7.x86_64/jre/../lib/tools.jar:/home/user/.m2/repository/com/google/guava/guava/11.0.2/guava-11.0.2.jar:/home/user/.m2/repository/commons-cli/commons-cli/1.2/commons-cli-1.2.jar:/home/user/.m2/repository/org/apache/commons/commons-math3/3.1.1/commons-math3-3.1.1.jar:/home/user/.m2/repository/commons-codec/commons-codec/1.11/commons-codec-1.11.jar:/home/user/.m2/repository/commons-io/commons-io/2.5/commons-io-2.5.jar:/home/user/.m2/repository/commons-net/commons-net/3.6/commons-net-3.6.jar:/home/user/.m2/repository/commons-collections/commons-collections/3.2.2/commons-collections-3.2.2.jar:/home/user/.m2/repository/javax/servlet/javax.servlet-api/3.1.0/javax.servlet-api-3.1.0.jar:/home/user/.m2/repository/org/eclipse/jetty/jetty-server/9.3.25.v20180904/jetty-server-9.3.25.v20180904.jar:/home/user/.m2/repository/org/eclipse/jetty/jetty-http/9.3.25.v20180904/jetty-http-9.3.25.v20180904.jar:/home/user/.m2/repository/org/eclipse/jetty/jetty-io/9.3.25.v20180904/jetty-io-9.3.25.v20180904.jar:/home/user/.m2/repository/org/eclipse/jetty/jetty-util/9.3.25.v20180904/jetty-util-9.3.25.v20180904.jar:/home/user/.m2/repository/org/eclipse/jetty/jetty-servlet/9.3.25.v20180904/jetty-servlet-9.3.25.v20180904.jar:/home/user/.m2/repository/org/eclipse/jetty/jetty-security/9.3.25.v20180904/jetty-security-9.3.25.v20180904.jar:/home/user/.m2/repository/org/eclipse/jetty/jetty-webapp/9.3.25.v20180904/jetty-webapp-9.3.25.v20180904.jar:/home/user/.m2/repository/org/eclipse/jetty/jetty-xml/9.3.25.v20180904/jetty-xml-9.3.25.v20180904.jar:/home/user/.m2/repository/javax/servlet/jsp/jsp-api/2.1/jsp-api-2.1.jar:/home/user/.m2/repository/com/sun/jersey/jersey-core/1.19/jersey-core-1.19.jar:/home/user/.m2/repository/javax/ws/rs/jsr311-api/1.1.1/jsr311-api-1.1.1.jar:/home/user/.m2/repository/com/sun/jersey/jersey-servlet/1.19/jersey-servlet-1.19.jar:/home/user/.m2/repository/com/sun/jersey/jersey-json/1.19/jersey-json-1.19.jar:/home/user/.m2/repository/org/codehaus/jettison/jettison/1.1/jettison-1.1.jar:/home/user/.m2/repository/com/sun/xml/bind/jaxb-impl/2.3.0.1/jaxb-impl-2.3.0.1.jar:/home/user/.m2/repository/org/codehaus/jackson/jackson-core-asl/1.9.13/jackson-core-asl-1.9.13.jar:/home/user/.m2/repository/org/codehaus/jackson/jackson-mapper-asl/1.9.13/jackson-mapper-asl-1.9.13.jar:/home/user/.m2/repository/org/codehaus/jackson/jackson-jaxrs/1.9.13/jackson-jaxrs-1.9.13.jar:/home/user/.m2/repository/org/codehaus/jackson/jackson-xc/1.9.13/jackson-xc-1.9.13.jar:/home/user/.m2/repository/com/sun/jersey/jersey-server/1.19/jersey-server-1.19.jar:/home/user/.m2/repository/commons-logging/commons-logging/1.1.3/commons-logging-1.1.3.jar:/home/user/.m2/repository/log4j/log4j/1.2.17/log4j-1.2.17.jar:/home/user/.m2/repository/commons-beanutils/commons-beanutils/1.9.4/commons-beanutils-1.9.4.jar:/home/user/.m2/repository/org/apache/commons/commons-configuration2/2.1.1/commons-configuration2-2.1.1.jar:/home/user/.m2/repository/org/apache/commons/commons-lang3/3.7/commons-lang3-3.7.jar:/home/user/.m2/repository/org/apache/commons/commons-text/1.4/commons-text-1.4.jar:/home/user/.m2/repository/org/slf4j/slf4j-api/1.7.25/slf4j-api-1.7.25.jar:/home/user/.m2/repository/org/slf4j/slf4j-log4j12/1.7.25/slf4j-log4j12-1.7.25.jar:/home/user/.m2/repository/org/apache/avro/avro/1.7.7/avro-1.7.7.jar:/home/user/.m2/repository/com/thoughtworks/paranamer/paranamer/2.3/paranamer-2.3.jar:/home/user/.m2/repository/org/xerial/snappy/snappy-java/1.0.5/snappy-java-1.0.5.jar:/home/user/.m2/repository/com/google/re2j/re2j/1.1/re2j-1.1.jar:/home/user/.m2/repository/com/google/protobuf/protobuf-java/2.5.0/protobuf-java-2.5.0.jar:/home/user/.m2/repository/com/google/code/gson/gson/2.2.4/gson-2.2.4.jar:/home/user/.m2/repository/org/apache/hadoop/hadoop-auth/3.2.0/hadoop-auth-3.2.0.jar:/home/user/.m2/repository/com/nimbusds/nimbus-jose-jwt/4.41.1/nimbus-jose-jwt-4.41.1.jar:/home/user/.m2/repository/com/github/stephenc/jcip/jcip-annotations/1.0-1/jcip-annotations-1.0-1.jar:/home/user/.m2/repository/net/minidev/json-smart/2.3/json-smart-2.3.jar:/home/user/.m2/repository/net/minidev/accessors-smart/1.2/accessors-smart-1.2.jar:/home/user/.m2/repository/org/apache/curator/curator-framework/2.12.0/curator-framework-2.12.0.jar:/home/user/.m2/repository/com/jcraft/jsch/0.1.54/jsch-0.1.54.jar:/home/user/.m2/repository/org/apache/curator/curator-client/2.12.0/curator-client-2.12.0.jar:/home/user/.m2/repository/org/apache/curator/curator-recipes/2.12.0/curator-recipes-2.12.0.jar:/home/user/.m2/repository/com/google/code/findbugs/jsr305/3.0.0/jsr305-3.0.0.jar:/home/user/.m2/repository/org/apache/htrace/htrace-core4/4.1.0-incubating/htrace-core4-4.1.0-incubating.jar:/home/user/.m2/repository/org/apache/zookeeper/zookeeper/3.4.13/zookeeper-3.4.13.jar:/home/user/.m2/repository/jline/jline/0.9.94/jline-0.9.94.jar:/home/user/.m2/repository/org/apache/yetus/audience-annotations/0.5.0/audience-annotations-0.5.0.jar:/home/user/.m2/repository/org/apache/commons/commons-compress/1.4.1/commons-compress-1.4.1.jar:/home/user/.m2/repository/org/tukaani/xz/1.0/xz-1.0.jar:/home/user/.m2/repository/org/apache/kerby/kerb-simplekdc/1.0.1/kerb-simplekdc-1.0.1.jar:/home/user/.m2/repository/org/apache/kerby/kerb-client/1.0.1/kerb-client-1.0.1.jar:/home/user/.m2/repository/org/apache/kerby/kerby-config/1.0.1/kerby-config-1.0.1.jar:/home/user/.m2/repository/org/apache/kerby/kerb-core/1.0.1/kerb-core-1.0.1.jar:/home/user/.m2/repository/org/apache/kerby/kerby-pkix/1.0.1/kerby-pkix-1.0.1.jar:/home/user/.m2/repository/org/apache/kerby/kerby-asn1/1.0.1/kerby-asn1-1.0.1.jar:/home/user/.m2/repository/org/apache/kerby/kerby-util/1.0.1/kerby-util-1.0.1.jar:/home/user/.m2/repository/org/apache/kerby/kerb-common/1.0.1/kerb-common-1.0.1.jar:/home/user/.m2/repository/org/apache/kerby/kerb-crypto/1.0.1/kerb-crypto-1.0.1.jar:/home/user/.m2/repository/org/apache/kerby/kerb-util/1.0.1/kerb-util-1.0.1.jar:/home/user/.m2/repository/org/apache/kerby/token-provider/1.0.1/token-provider-1.0.1.jar:/home/user/.m2/repository/org/apache/kerby/kerb-admin/1.0.1/kerb-admin-1.0.1.jar:/home/user/.m2/repository/org/apache/kerby/kerb-server/1.0.1/kerb-server-1.0.1.jar:/home/user/.m2/repository/org/apache/kerby/kerb-identity/1.0.1/kerb-identity-1.0.1.jar:/home/user/.m2/repository/org/apache/kerby/kerby-xdr/1.0.1/kerby-xdr-1.0.1.jar:/home/user/.m2/repository/com/fasterxml/jackson/core/jackson-databind/2.9.9/jackson-databind-2.9.9.jar:/home/user/.m2/repository/com/fasterxml/jackson/core/jackson-annotations/2.9.9/jackson-annotations-2.9.9.jar:/home/user/.m2/repository/com/fasterxml/jackson/core/jackson-core/2.9.9/jackson-core-2.9.9.jar:/home/user/.m2/repository/org/codehaus/woodstox/stax2-api/3.1.4/stax2-api-3.1.4.jar:/home/user/.m2/repository/com/fasterxml/woodstox/woodstox-core/5.0.3/woodstox-core-5.0.3.jar:/home/user/.m2/repository/dnsjava/dnsjava/2.1.7/dnsjava-2.1.7.jar:/home/user/.m2/repository/org/apache/hadoop/hadoop-hdfs/3.2.0/hadoop-hdfs-3.2.0.jar:/home/user/.m2/repository/org/eclipse/jetty/jetty-util-ajax/9.3.25.v20180904/jetty-util-ajax-9.3.25.v20180904.jar:/home/user/.m2/repository/commons-daemon/commons-daemon/1.0.13/commons-daemon-1.0.13.jar:/home/user/.m2/repository/io/netty/netty/3.10.5.Final/netty-3.10.5.Final.jar:/home/user/.m2/repository/io/netty/netty-all/4.0.52.Final/netty-all-4.0.52.Final.jar:/home/user/.m2/repository/org/fusesource/leveldbjni/leveldbjni-all/1.8/leveldbjni-all-1.8.jar:/home/user/.m2/repository/org/apache/hadoop/hadoop-hdds-common/0.5.0-SNAPSHOT/hadoop-hdds-common-0.5.0-SNAPSHOT.jar:/home/user/.m2/repository/org/apache/hadoop/hadoop-hdds-config/0.5.0-SNAPSHOT/hadoop-hdds-config-0.5.0-SNAPSHOT.jar:/home/user/.m2/repository/javax/annotation/javax.annotation-api/1.2/javax.annotation-api-1.2.jar:/home/user/.m2/repository/org/apache/ratis/ratis-server/0.5.0-3f446aa-SNAPSHOT/ratis-server-0.5.0-3f446aa-SNAPSHOT.jar:/home/user/.m2/repository/org/apache/ratis/ratis-thirdparty-misc/0.2.0/ratis-thirdparty-misc-0.2.0.jar:/home/user/.m2/repository/org/apache/ratis/ratis-proto/0.5.0-3f446aa-SNAPSHOT/ratis-proto-0.5.0-3f446aa-SNAPSHOT.jar:/home/user/.m2/repository/org/apache/ratis/ratis-common/0.5.0-3f446aa-SNAPSHOT/ratis-common-0.5.0-3f446aa-SNAPSHOT.jar:/home/user/.m2/repository/org/apache/ratis/ratis-client/0.5.0-3f446aa-SNAPSHOT/ratis-client-0.5.0-3f446aa-SNAPSHOT.jar:/home/user/.m2/repository/org/apache/ratis/ratis-metrics/0.5.0-3f446aa-SNAPSHOT/ratis-metrics-0.5.0-3f446aa-SNAPSHOT.jar:/home/user/.m2/repository/com/github/joshelser/dropwizard-metrics-hadoop-metrics2-reporter/0.1.2/dropwizard-metrics-hadoop-metrics2-reporter-0.1.2.jar:/home/user/.m2/repository/io/dropwizard/metrics/metrics-jvm/3.2.5/metrics-jvm-3.2.5.jar:/home/user/.m2/repository/io/dropwizard/metrics/metrics-ganglia/3.2.5/metrics-ganglia-3.2.5.jar:/home/user/.m2/repository/info/ganglia/gmetric4j/gmetric4j/1.0.7/gmetric4j-1.0.7.jar:/home/user/.m2/repository/org/apache/ratis/ratis-netty/0.5.0-3f446aa-SNAPSHOT/ratis-netty-0.5.0-3f446aa-SNAPSHOT.jar:/home/user/.m2/repository/org/apache/ratis/ratis-grpc/0.5.0-3f446aa-SNAPSHOT/ratis-grpc-0.5.0-3f446aa-SNAPSHOT.jar:/home/user/.m2/repository/org/rocksdb/rocksdbjni/6.0.1/rocksdbjni-6.0.1.jar:/home/user/.m2/repository/org/apache/logging/log4j/log4j-api/2.11.0/log4j-api-2.11.0.jar:/home/user/.m2/repository/org/apache/logging/log4j/log4j-core/2.11.0/log4j-core-2.11.0.jar:/home/user/.m2/repository/com/lmax/disruptor/3.4.2/disruptor-3.4.2.jar:/home/user/.m2/repository/org/apache/commons/commons-pool2/2.6.0/commons-pool2-2.6.0.jar:/home/user/.m2/repository/org/bouncycastle/bcpkix-jdk15on/1.60/bcpkix-jdk15on-1.60.jar:/home/user/.m2/repository/commons-validator/commons-validator/1.6/commons-validator-1.6.jar:/home/user/.m2/repository/commons-digester/commons-digester/1.8.1/commons-digester-1.8.1.jar:/home/user/.m2/repository/io/jaegertracing/jaeger-client/0.34.0/jaeger-client-0.34.0.jar:/home/user/.m2/repository/io/jaegertracing/jaeger-thrift/0.34.0/jaeger-thrift-0.34.0.jar:/home/user/.m2/repository/org/apache/thrift/libthrift/0.12.0/libthrift-0.12.0.jar:/home/user/.m2/repository/com/squareup/okhttp3/okhttp/3.9.0/okhttp-3.9.0.jar:/home/user/.m2/repository/com/squareup/okio/okio/1.13.0/okio-1.13.0.jar:/home/user/.m2/repository/io/jaegertracing/jaeger-core/0.34.0/jaeger-core-0.34.0.jar:/home/user/.m2/repository/io/jaegertracing/jaeger-tracerresolver/0.34.0/jaeger-tracerresolver-0.34.0.jar:/home/user/.m2/repository/io/opentracing/contrib/opentracing-tracerresolver/0.1.5/opentracing-tracerresolver-0.1.5.jar:/home/user/.m2/repository/io/opentracing/opentracing-util/0.31.0/opentracing-util-0.31.0.jar:/home/user/.m2/repository/io/opentracing/opentracing-api/0.31.0/opentracing-api-0.31.0.jar:/home/user/.m2/repository/io/opentracing/opentracing-noop/0.31.0/opentracing-noop-0.31.0.jar:/home/user/.m2/repository/org/yaml/snakeyaml/1.16/snakeyaml-1.16.jar:/home/user/.m2/repository/org/apache/hadoop/hadoop-hdfs-client/3.2.0/hadoop-hdfs-client-3.2.0.jar:/home/user/.m2/repository/info/picocli/picocli/3.9.6/picocli-3.9.6.jar:/home/user/.m2/repository/org/apache/hadoop/hadoop-hdds-server-scm/0.5.0-SNAPSHOT/hadoop-hdds-server-scm-0.5.0-SNAPSHOT.jar:/home/user/.m2/repository/org/apache/hadoop/hadoop-hdds-docs/0.5.0-SNAPSHOT/hadoop-hdds-docs-0.5.0-SNAPSHOT.jar:/home/user/.m2/repository/io/dropwizard/metrics/metrics-core/3.2.4/metrics-core-3.2.4.jar:/home/user/.m2/repository/org/hamcrest/hamcrest-all/1.3/hamcrest-all-1.3.jar:/home/user/.m2/repository/org/bouncycastle/bcprov-jdk15on/1.60/bcprov-jdk15on-1.60.jar:/home/user/.m2/repository/org/apache/hadoop/hadoop-hdds-server-framework/0.5.0-SNAPSHOT/hadoop-hdds-server-framework-0.5.0-SNAPSHOT.jar:/home/user/.m2/repository/org/apache/hadoop/hadoop-ozone-ozone-manager/0.5.0-SNAPSHOT/hadoop-ozone-ozone-manager-0.5.0-SNAPSHOT.jar:/home/user/.m2/repository/org/apache/hadoop/hadoop-hdds-container-service/0.5.0-SNAPSHOT/hadoop-hdds-container-service-0.5.0-SNAPSHOT.jar:/home/user/.m2/repository/org/apache/hadoop/hadoop-hdds-client/0.5.0-SNAPSHOT/hadoop-hdds-client-0.5.0-SNAPSHOT.jar:/home/user/.m2/repository/org/apache/hadoop/hadoop-ozone-common/0.5.0-SNAPSHOT/hadoop-ozone-common-0.5.0-SNAPSHOT.jar:/home/user/.m2/repository/org/apache/hadoop/hadoop-hdds-tools/0.5.0-SNAPSHOT/hadoop-hdds-tools-0.5.0-SNAPSHOT.jar:/home/user/.m2/repository/org/xerial/sqlite-jdbc/3.25.2/sqlite-jdbc-3.25.2.jar:/home/user/.m2/repository/org/apache/httpcomponents/httpclient/4.5.2/httpclient-4.5.2.jar:/home/user/.m2/repository/org/apache/httpcomponents/httpcore/4.4.4/httpcore-4.4.4.jar:/home/user/.m2/repository/com/github/spotbugs/spotbugs/3.1.12/spotbugs-3.1.12.jar:/home/user/.m2/repository/org/ow2/asm/asm/5.0.4/asm-5.0.4.jar:/home/user/.m2/repository/org/ow2/asm/asm-analysis/7.0/asm-analysis-7.0.jar:/home/user/.m2/repository/org/ow2/asm/asm-commons/7.0/asm-commons-7.0.jar:/home/user/.m2/repository/org/ow2/asm/asm-tree/7.0/asm-tree-7.0.jar:/home/user/.m2/repository/org/ow2/asm/asm-util/7.0/asm-util-7.0.jar:/home/user/.m2/repository/org/apache/bcel/bcel/6.3/bcel-6.3.jar:/home/user/.m2/repository/net/jcip/jcip-annotations/1.0/jcip-annotations-1.0.jar:/home/user/.m2/repository/org/dom4j/dom4j/2.1.1/dom4j-2.1.1.jar:/home/user/.m2/repository/jaxen/jaxen/1.1.6/jaxen-1.1.6.jar:/home/user/.m2/repository/commons-lang/commons-lang/2.6/commons-lang-2.6.jar:/home/user/.m2/repository/com/github/spotbugs/spotbugs-annotations/3.1.12/spotbugs-annotations-3.1.12.jar:/home/user/.m2/repository/org/apache/hadoop/hadoop-common/3.2.0/hadoop-common-3.2.0-tests.jar:/home/user/.m2/repository/org/apache/hadoop/hadoop-ozone-client/0.5.0-SNAPSHOT/hadoop-ozone-client-0.5.0-SNAPSHOT.jar:/home/user/.m2/repository/org/apache/hadoop/hadoop-hdfs/3.2.0/hadoop-hdfs-3.2.0-tests.jar:/workdir/hadoop-ozone/integration-test/target/test-classes:/home/user/.m2/repository/org/apache/hadoop/hadoop-ozone-s3gateway/0.5.0-SNAPSHOT/hadoop-ozone-s3gateway-0.5.0-SNAPSHOT.jar:/home/user/.m2/repository/org/jboss/weld/servlet/weld-servlet/2.4.7.Final/weld-servlet-2.4.7.Final.jar:/home/user/.m2/repository/org/glassfish/jersey/containers/jersey-container-servlet-core/2.27/jersey-container-servlet-core-2.27.jar:/home/user/.m2/repository/org/glassfish/hk2/external/javax.inject/2.5.0-b42/javax.inject-2.5.0-b42.jar:/home/user/.m2/repository/org/glassfish/jersey/core/jersey-common/2.27/jersey-common-2.27.jar:/home/user/.m2/repository/org/glassfish/hk2/osgi-resource-locator/1.0.1/osgi-resource-locator-1.0.1.jar:/home/user/.m2/repository/javax/ws/rs/javax.ws.rs-api/2.1/javax.ws.rs-api-2.1.jar:/home/user/.m2/repository/org/glassfish/jersey/ext/cdi/jersey-cdi1x/2.27/jersey-cdi1x-2.27.jar:/home/user/.m2/repository/org/glassfish/jersey/inject/jersey-hk2/2.27/jersey-hk2-2.27.jar:/home/user/.m2/repository/org/glassfish/hk2/hk2-locator/2.5.0-b42/hk2-locator-2.5.0-b42.jar:/home/user/.m2/repository/org/javassist/javassist/3.22.0-CR2/javassist-3.22.0-CR2.jar:/home/user/.m2/repository/org/glassfish/hk2/hk2-api/2.5.0/hk2-api-2.5.0.jar:/home/user/.m2/repository/org/glassfish/hk2/external/jakarta.inject/2.5.0/jakarta.inject-2.5.0.jar:/home/user/.m2/repository/org/glassfish/hk2/hk2-utils/2.5.0/hk2-utils-2.5.0.jar:/home/user/.m2/repository/jakarta/annotation/jakarta.annotation-api/1.3.4/jakarta.annotation-api-1.3.4.jar:/home/user/.m2/repository/org/glassfish/hk2/external/aopalliance-repackaged/2.5.0/aopalliance-repackaged-2.5.0.jar:/home/user/.m2/repository/com/fasterxml/jackson/dataformat/jackson-dataformat-xml/2.9.0/jackson-dataformat-xml-2.9.0.jar:/home/user/.m2/repository/com/fasterxml/jackson/module/jackson-module-jaxb-annotations/2.9.9/jackson-module-jaxb-annotations-2.9.9.jar:/home/user/.m2/repository/javax/enterprise/cdi-api/1.2/cdi-api-1.2.jar:/home/user/.m2/repository/javax/el/javax.el-api/3.0.0/javax.el-api-3.0.0.jar:/home/user/.m2/repository/javax/interceptor/javax.interceptor-api/1.2/javax.interceptor-api-1.2.jar:/home/user/.m2/repository/javax/inject/javax.inject/1/javax.inject-1.jar:/home/user/.m2/repository/com/sun/xml/bind/jaxb-core/2.3.0.1/jaxb-core-2.3.0.1.jar:/home/user/.m2/repository/javax/xml/bind/jaxb-api/2.3.0/jaxb-api-2.3.0.jar:/home/user/.m2/repository/javax/activation/activation/1.1.1/activation-1.1.1.jar:/home/user/.m2/repository/org/apache/hadoop/hadoop-ozone-csi/0.5.0-SNAPSHOT/hadoop-ozone-csi-0.5.0-SNAPSHOT.jar:/home/user/.m2/repository/com/google/protobuf/protobuf-java-util/3.5.1/protobuf-java-util-3.5.1.jar:/home/user/.m2/repository/io/grpc/grpc-netty/1.17.1/grpc-netty-1.17.1.jar:/home/user/.m2/repository/io/grpc/grpc-core/1.17.1/grpc-core-1.17.1.jar:/home/user/.m2/repository/io/grpc/grpc-context/1.17.1/grpc-context-1.17.1.jar:/home/user/.m2/repository/com/google/errorprone/error_prone_annotations/2.2.0/error_prone_annotations-2.2.0.jar:/home/user/.m2/repository/org/codehaus/mojo/animal-sniffer-annotations/1.17/animal-sniffer-annotations-1.17.jar:/home/user/.m2/repository/io/opencensus/opencensus-api/0.17.0/opencensus-api-0.17.0.jar:/home/user/.m2/repository/io/opencensus/opencensus-contrib-grpc-metrics/0.17.0/opencensus-contrib-grpc-metrics-0.17.0.jar:/home/user/.m2/repository/io/netty/netty-codec-http2/4.1.30.Final/netty-codec-http2-4.1.30.Final.jar:/home/user/.m2/repository/io/netty/netty-codec-http/4.1.30.Final/netty-codec-http-4.1.30.Final.jar:/home/user/.m2/repository/io/netty/netty-codec/4.1.30.Final/netty-codec-4.1.30.Final.jar:/home/user/.m2/repository/io/netty/netty-handler/4.1.30.Final/netty-handler-4.1.30.Final.jar:/home/user/.m2/repository/io/netty/netty-handler-proxy/4.1.30.Final/netty-handler-proxy-4.1.30.Final.jar:/home/user/.m2/repository/io/netty/netty-codec-socks/4.1.30.Final/netty-codec-socks-4.1.30.Final.jar:/home/user/.m2/repository/io/netty/netty-transport-native-epoll/4.1.30.Final/netty-transport-native-epoll-4.1.30.Final.jar:/home/user/.m2/repository/io/netty/netty-common/4.1.30.Final/netty-common-4.1.30.Final.jar:/home/user/.m2/repository/io/netty/netty-buffer/4.1.30.Final/netty-buffer-4.1.30.Final.jar:/home/user/.m2/repository/io/netty/netty-transport/4.1.30.Final/netty-transport-4.1.30.Final.jar:/home/user/.m2/repository/io/netty/netty-resolver/4.1.30.Final/netty-resolver-4.1.30.Final.jar:/home/user/.m2/repository/io/netty/netty-transport-native-unix-common/4.1.30.Final/netty-transport-native-unix-common-4.1.30.Final.jar:/home/user/.m2/repository/io/grpc/grpc-protobuf/1.17.1/grpc-protobuf-1.17.1.jar:/home/user/.m2/repository/com/google/api/grpc/proto-google-common-protos/1.0.0/proto-google-common-protos-1.0.0.jar:/home/user/.m2/repository/io/grpc/grpc-protobuf-lite/1.17.1/grpc-protobuf-lite-1.17.1.jar:/home/user/.m2/repository/io/grpc/grpc-stub/1.17.1/grpc-stub-1.17.1.jar:/home/user/.m2/repository/org/apache/hadoop/hadoop-ozone-recon/0.5.0-SNAPSHOT/hadoop-ozone-recon-0.5.0-SNAPSHOT.jar:/home/user/.m2/repository/org/apache/hadoop/hadoop-ozone-reconcodegen/0.5.0-SNAPSHOT/hadoop-ozone-reconcodegen-0.5.0-SNAPSHOT.jar:/home/user/.m2/repository/com/google/inject/extensions/guice-multibindings/4.0/guice-multibindings-4.0.jar:/home/user/.m2/repository/com/google/inject/guice/4.0/guice-4.0.jar:/home/user/.m2/repository/aopalliance/aopalliance/1.0/aopalliance-1.0.jar:/home/user/.m2/repository/org/glassfish/jersey/containers/jersey-container-servlet/2.27/jersey-container-servlet-2.27.jar:/home/user/.m2/repository/org/glassfish/hk2/guice-bridge/2.5.0/guice-bridge-2.5.0.jar:/home/user/.m2/repository/org/glassfish/jersey/core/jersey-server/2.27/jersey-server-2.27.jar:/home/user/.m2/repository/org/glassfish/jersey/core/jersey-client/2.27/jersey-client-2.27.jar:/home/user/.m2/repository/org/glassfish/jersey/media/jersey-media-jaxb/2.27/jersey-media-jaxb-2.27.jar:/home/user/.m2/repository/javax/validation/validation-api/1.1.0.Final/validation-api-1.1.0.Final.jar:/home/user/.m2/repository/org/glassfish/jersey/media/jersey-media-json-jackson/2.27/jersey-media-json-jackson-2.27.jar:/home/user/.m2/repository/org/glassfish/jersey/ext/jersey-entity-filtering/2.27/jersey-entity-filtering-2.27.jar:/home/user/.m2/repository/com/google/inject/extensions/guice-assistedinject/4.0/guice-assistedinject-4.0.jar:/home/user/.m2/repository/org/jooq/jooq/3.11.10/jooq-3.11.10.jar:/home/user/.m2/repository/org/jooq/jooq-meta/3.11.10/jooq-meta-3.11.10.jar:/home/user/.m2/repository/org/jooq/jooq-codegen/3.11.10/jooq-codegen-3.11.10.jar:/home/user/.m2/repository/com/jolbox/bonecp/0.8.0.RELEASE/bonecp-0.8.0.RELEASE.jar:/home/user/.m2/repository/org/springframework/spring-jdbc/5.1.3.RELEASE/spring-jdbc-5.1.3.RELEASE.jar:/home/user/.m2/repository/org/springframework/spring-beans/5.1.3.RELEASE/spring-beans-5.1.3.RELEASE.jar:/home/user/.m2/repository/org/springframework/spring-core/5.1.3.RELEASE/spring-core-5.1.3.RELEASE.jar:/home/user/.m2/repository/org/springframework/spring-jcl/5.1.3.RELEASE/spring-jcl-5.1.3.RELEASE.jar:/home/user/.m2/repository/org/springframework/spring-tx/5.1.3.RELEASE/spring-tx-5.1.3.RELEASE.jar:/home/user/.m2/repository/org/mockito/mockito-all/1.10.19/mockito-all-1.10.19.jar:/home/user/.m2/repository/junit/junit/4.11/junit-4.11.jar:/home/user/.m2/repository/org/hamcrest/hamcrest-core/1.3/hamcrest-core-1.3.jar:/home/user/.m2/repository/org/apache/hadoop/hadoop-distcp/3.2.0/hadoop-distcp-3.2.0.jar:/home/user/.m2/repository/org/apache/hadoop/hadoop-distcp/3.2.0/hadoop-distcp-3.2.0-tests.jar:/home/user/.m2/repository/org/apache/hadoop/hadoop-mapreduce-client-jobclient/3.2.0/hadoop-mapreduce-client-jobclient-3.2.0.jar:/home/user/.m2/repository/org/apache/hadoop/hadoop-mapreduce-client-common/3.2.0/hadoop-mapreduce-client-common-3.2.0.jar:/home/user/.m2/repository/org/apache/hadoop/hadoop-yarn-common/3.2.0/hadoop-yarn-common-3.2.0.jar:/home/user/.m2/repository/org/apache/hadoop/hadoop-yarn-api/3.2.0/hadoop-yarn-api-3.2.0.jar:/home/user/.m2/repository/com/sun/jersey/jersey-client/1.19/jersey-client-1.19.jar:/home/user/.m2/repository/com/sun/jersey/contribs/jersey-guice/1.19/jersey-guice-1.19.jar:/home/user/.m2/repository/com/fasterxml/jackson/jaxrs/jackson-jaxrs-json-provider/2.9.9/jackson-jaxrs-json-provider-2.9.9.jar:/home/user/.m2/repository/com/fasterxml/jackson/jaxrs/jackson-jaxrs-base/2.9.9/jackson-jaxrs-base-2.9.9.jar:/home/user/.m2/repository/org/apache/hadoop/hadoop-yarn-client/3.2.0/hadoop-yarn-client-3.2.0.jar:/home/user/.m2/repository/org/apache/hadoop/hadoop-mapreduce-client-core/3.2.0/hadoop-mapreduce-client-core-3.2.0.jar:/home/user/.m2/repository/com/google/inject/extensions/guice-servlet/4.0/guice-servlet-4.0.jar:/home/user/.m2/repository/org/powermock/powermock-module-junit4/1.6.5/powermock-module-junit4-1.6.5.jar:/home/user/.m2/repository/org/powermock/powermock-module-junit4-common/1.6.5/powermock-module-junit4-common-1.6.5.jar:/home/user/.m2/repository/org/powermock/powermock-core/1.6.5/powermock-core-1.6.5.jar:/home/user/.m2/repository/org/powermock/powermock-reflect/1.6.5/powermock-reflect-1.6.5.jar:/home/user/.m2/repository/org/powermock/powermock-api-mockito/1.6.5/powermock-api-mockito-1.6.5.jar:/home/user/.m2/repository/org/mockito/mockito-core/1.10.19/mockito-core-1.10.19.jar:/home/user/.m2/repository/org/objenesis/objenesis/1.0/objenesis-1.0.jar:/home/user/.m2/repository/org/powermock/powermock-api-mockito-common/1.6.5/powermock-api-mockito-common-1.6.5.jar:/home/user/.m2/repository/org/powermock/powermock-api-support/1.6.5/powermock-api-support-1.6.5.jar:"/>
    <property name="sun.cpu.endian" value="little"/>
    <property name="user.home" value="/home/user"/>
    <property name="user.language" value="en"/>
    <property name="java.specification.vendor" value="Oracle Corporation"/>
    <property name="java.home" value="/usr/lib/jvm/java-1.8.0-openjdk-1.8.0.222.b10-1.el7_7.x86_64/jre"/>
    <property name="surefire.excludesFile" value="/tools/ozone-bad-unit-tests"/>
    <property name="java.security.krb5.conf" value="/workdir/hadoop-ozone/ozonefs/target/test-classes/krb5.conf"/>
    <property name="basedir" value="/workdir/hadoop-ozone/ozonefs"/>
    <property name="file.separator" value="/"/>
    <property name="line.separator" value="&#10;"/>
    <property name="java.vm.specification.vendor" value="Oracle Corporation"/>
    <property name="java.specification.name" value="Java Platform API Specification"/>
    <property name="java.awt.graphicsenv" value="sun.awt.X11GraphicsEnvironment"/>
    <property name="surefire.real.class.path" value="/workdir/hadoop-ozone/ozonefs/target/surefire/surefirebooter2697728930027307698.jar"/>
    <property name="hadoop.log.dir" value="/workdir/hadoop-ozone/ozonefs/target/log"/>
    <property name="sun.boot.class.path" value="/usr/lib/jvm/java-1.8.0-openjdk-1.8.0.222.b10-1.el7_7.x86_64/jre/lib/resources.jar:/usr/lib/jvm/java-1.8.0-openjdk-1.8.0.222.b10-1.el7_7.x86_64/jre/lib/rt.jar:/usr/lib/jvm/java-1.8.0-openjdk-1.8.0.222.b10-1.el7_7.x86_64/jre/lib/sunrsasign.jar:/usr/lib/jvm/java-1.8.0-openjdk-1.8.0.222.b10-1.el7_7.x86_64/jre/lib/jsse.jar:/usr/lib/jvm/java-1.8.0-openjdk-1.8.0.222.b10-1.el7_7.x86_64/jre/lib/jce.jar:/usr/lib/jvm/java-1.8.0-openjdk-1.8.0.222.b10-1.el7_7.x86_64/jre/lib/charsets.jar:/usr/lib/jvm/java-1.8.0-openjdk-1.8.0.222.b10-1.el7_7.x86_64/jre/lib/jfr.jar:/usr/lib/jvm/java-1.8.0-openjdk-1.8.0.222.b10-1.el7_7.x86_64/jre/classes"/>
    <property name="sun.management.compiler" value="HotSpot 64-Bit Tiered Compilers"/>
    <property name="java.runtime.version" value="1.8.0_222-b10"/>
    <property name="java.net.preferIPv4Stack" value="true"/>
    <property name="user.name" value="jenkins1000"/>
    <property name="path.separator" value=":"/>
    <property name="java.security.egd" value="file:///dev/urandom"/>
    <property name="os.version" value="3.10.0-957.12.2.el7.x86_64"/>
    <property name="java.endorsed.dirs" value="/usr/lib/jvm/java-1.8.0-openjdk-1.8.0.222.b10-1.el7_7.x86_64/jre/lib/endorsed"/>
    <property name="java.runtime.name" value="OpenJDK Runtime Environment"/>
    <property name="file.encoding" value="ANSI_X3.4-1968"/>
    <property name="java.vm.name" value="OpenJDK 64-Bit Server VM"/>
    <property name="test.build.webapps" value=""/>
    <property name="localRepository" value="/home/user/.m2/repository"/>
    <property name="java.vendor.url.bug" value="http://bugreport.sun.com/bugreport/"/>
    <property name="java.io.tmpdir" value="/tmp"/>
    <property name="require.test.libhadoop" value=""/>
    <property name="java.version" value="1.8.0_222"/>
    <property name="user.dir" value="/workdir/hadoop-ozone/ozonefs"/>
    <property name="os.arch" value="amd64"/>
    <property name="java.vm.specification.name" value="Java Virtual Machine Specification"/>
    <property name="test.build.classes" value="/workdir/hadoop-ozone/ozonefs/target/test-classes"/>
    <property name="java.awt.printerjob" value="sun.print.PSPrinterJob"/>
    <property name="sun.os.patch.level" value="unknown"/>
    <property name="hadoop.tmp.dir" value="/workdir/hadoop-ozone/ozonefs/target/tmp"/>
    <property name="java.library.path" value="/usr/lib:/workdir/hadoop-ozone/ozonefs/target/native/target/usr/local/lib:/workdir/hadoop-ozone/ozonefs/../../hadoop-common-project/hadoop-common/target/native/target/usr/local/lib:/usr/java/packages/lib/amd64:/usr/lib64:/lib64:/lib:/usr/lib"/>
    <property name="java.vm.info" value="mixed mode"/>
    <property name="java.vendor" value="Oracle Corporation"/>
    <property name="java.vm.version" value="25.222-b10"/>
    <property name="java.ext.dirs" value="/usr/lib/jvm/java-1.8.0-openjdk-1.8.0.222.b10-1.el7_7.x86_64/jre/lib/ext:/usr/java/packages/lib/ext"/>
    <property name="sun.io.unicode.encoding" value="UnicodeLittle"/>
    <property name="java.class.version" value="52.0"/>
  </properties>
  <testcase name="testOzoneManagerFileSystemInterface[0]" classname="org.apache.hadoop.fs.ozone.TestOzoneFileInterfaces" time="22.42"/>
  <testcase name="testListStatus[0]" classname="org.apache.hadoop.fs.ozone.TestOzoneFileInterfaces" time="17.33"/>
  <testcase name="testDirectory[0]" classname="org.apache.hadoop.fs.ozone.TestOzoneFileInterfaces" time="17.044"/>
  <testcase name="testPathToKey[0]" classname="org.apache.hadoop.fs.ozone.TestOzoneFileInterfaces" time="17.212"/>
  <testcase name="testFileSystemInit[0]" classname="org.apache.hadoop.fs.ozone.TestOzoneFileInterfaces" time="17.074"/>
  <testcase name="testOzFsReadWrite[0]" classname="org.apache.hadoop.fs.ozone.TestOzoneFileInterfaces" time="17.96">
    <error message="Releasing lock on resource /agnfsyoxcc/vvqkqhvaxd without acquiring lock&#10;	at org.apache.hadoop.ozone.lock.LockManager.getLockForReleasing(LockManager.java:220)&#10;	at org.apache.hadoop.ozone.lock.LockManager.release(LockManager.java:168)&#10;	at org.apache.hadoop.ozone.lock.LockManager.writeUnlock(LockManager.java:148)&#10;	at org.apache.hadoop.ozone.om.lock.OzoneManagerLock.unlock(OzoneManagerLock.java:364)&#10;	at org.apache.hadoop.ozone.om.lock.OzoneManagerLock.releaseWriteLock(OzoneManagerLock.java:329)&#10;	at org.apache.hadoop.ozone.om.request.key.OMKeyCommitRequest.validateAndUpdateCache(OMKeyCommitRequest.java:177)&#10;	at org.apache.hadoop.ozone.protocolPB.OzoneManagerProtocolServerSideTranslatorPB.submitRequestDirectlyToOM(OzoneManagerProtocolServerSideTranslatorPB.java:219)&#10;	at org.apache.hadoop.ozone.protocolPB.OzoneManagerProtocolServerSideTranslatorPB.processRequest(OzoneManagerProtocolServerSideTranslatorPB.java:134)&#10;	at org.apache.hadoop.hdds.server.OzoneProtocolMessageDispatcher.processRequest(OzoneProtocolMessageDispatcher.java:72)&#10;	at org.apache.hadoop.ozone.protocolPB.OzoneManagerProtocolServerSideTranslatorPB.submitRequest(OzoneManagerProtocolServerSideTranslatorPB.java:100)&#10;	at org.apache.hadoop.ozone.protocol.proto.OzoneManagerProtocolProtos$OzoneManagerService$2.callBlockingMethod(OzoneManagerProtocolProtos.java)&#10;	at org.apache.hadoop.ipc.ProtobufRpcEngine$Server$ProtoBufRpcInvoker.call(ProtobufRpcEngine.java:524)&#10;	at org.apache.hadoop.ipc.RPC$Server.call(RPC.java:1025)&#10;	at org.apache.hadoop.ipc.Server$RpcCall.run(Server.java:876)&#10;	at org.apache.hadoop.ipc.Server$RpcCall.run(Server.java:822)&#10;	at java.security.AccessController.doPrivileged(Native Method)&#10;	at javax.security.auth.Subject.doAs(Subject.java:422)&#10;	at org.apache.hadoop.security.UserGroupInformation.doAs(UserGroupInformation.java:1730)&#10;	at org.apache.hadoop.ipc.Server$Handler.run(Server.java:2682)&#10;" type="org.apache.hadoop.ipc.RemoteException(java.lang.IllegalMonitorStateException)">org.apache.hadoop.ipc.RemoteException(java.lang.IllegalMonitorStateException): Releasing lock on resource /agnfsyoxcc/vvqkqhvaxd without acquiring lock
	at org.apache.hadoop.ozone.lock.LockManager.getLockForReleasing(LockManager.java:220)
	at org.apache.hadoop.ozone.lock.LockManager.release(LockManager.java:168)
	at org.apache.hadoop.ozone.lock.LockManager.writeUnlock(LockManager.java:148)
	at org.apache.hadoop.ozone.om.lock.OzoneManagerLock.unlock(OzoneManagerLock.java:364)
	at org.apache.hadoop.ozone.om.lock.OzoneManagerLock.releaseWriteLock(OzoneManagerLock.java:329)
	at org.apache.hadoop.ozone.om.request.key.OMKeyCommitRequest.validateAndUpdateCache(OMKeyCommitRequest.java:177)
	at org.apache.hadoop.ozone.protocolPB.OzoneManagerProtocolServerSideTranslatorPB.submitRequestDirectlyToOM(OzoneManagerProtocolServerSideTranslatorPB.java:219)
	at org.apache.hadoop.ozone.protocolPB.OzoneManagerProtocolServerSideTranslatorPB.processRequest(OzoneManagerProtocolServerSideTranslatorPB.java:134)
	at org.apache.hadoop.hdds.server.OzoneProtocolMessageDispatcher.processRequest(OzoneProtocolMessageDispatcher.java:72)
	at org.apache.hadoop.ozone.protocolPB.OzoneManagerProtocolServerSideTranslatorPB.submitRequest(OzoneManagerProtocolServerSideTranslatorPB.java:100)
	at org.apache.hadoop.ozone.protocol.proto.OzoneManagerProtocolProtos$OzoneManagerService$2.callBlockingMethod(OzoneManagerProtocolProtos.java)
	at org.apache.hadoop.ipc.ProtobufRpcEngine$Server$ProtoBufRpcInvoker.call(ProtobufRpcEngine.java:524)
	at org.apache.hadoop.ipc.RPC$Server.call(RPC.java:1025)
	at org.apache.hadoop.ipc.Server$RpcCall.run(Server.java:876)
	at org.apache.hadoop.ipc.Server$RpcCall.run(Server.java:822)
	at java.security.AccessController.doPrivileged(Native Method)
	at javax.security.auth.Subject.doAs(Subject.java:422)
	at org.apache.hadoop.security.UserGroupInformation.doAs(UserGroupInformation.java:1730)
	at org.apache.hadoop.ipc.Server$Handler.run(Server.java:2682)

	at org.apache.hadoop.ipc.Client.getRpcResponse(Client.java:1511)
	at org.apache.hadoop.ipc.Client.call(Client.java:1457)
	at org.apache.hadoop.ipc.Client.call(Client.java:1367)
	at org.apache.hadoop.ipc.ProtobufRpcEngine$Invoker.invoke(ProtobufRpcEngine.java:228)
	at org.apache.hadoop.ipc.ProtobufRpcEngine$Invoker.invoke(ProtobufRpcEngine.java:116)
	at com.sun.proxy.$Proxy38.submitRequest(Unknown Source)
	at sun.reflect.GeneratedMethodAccessor20.invoke(Unknown Source)
	at sun.reflect.DelegatingMethodAccessorImpl.invoke(DelegatingMethodAccessorImpl.java:43)
	at java.lang.reflect.Method.invoke(Method.java:498)
	at org.apache.hadoop.io.retry.RetryInvocationHandler.invokeMethod(RetryInvocationHandler.java:422)
	at org.apache.hadoop.io.retry.RetryInvocationHandler$Call.invokeMethod(RetryInvocationHandler.java:165)
	at org.apache.hadoop.io.retry.RetryInvocationHandler$Call.invoke(RetryInvocationHandler.java:157)
	at org.apache.hadoop.io.retry.RetryInvocationHandler$Call.invokeOnce(RetryInvocationHandler.java:95)
	at org.apache.hadoop.io.retry.RetryInvocationHandler.invoke(RetryInvocationHandler.java:359)
	at com.sun.proxy.$Proxy38.submitRequest(Unknown Source)
	at org.apache.hadoop.ozone.om.protocolPB.OzoneManagerProtocolClientSideTranslatorPB.submitRequest(OzoneManagerProtocolClientSideTranslatorPB.java:338)
	at org.apache.hadoop.ozone.om.protocolPB.OzoneManagerProtocolClientSideTranslatorPB.commitKey(OzoneManagerProtocolClientSideTranslatorPB.java:789)
	at sun.reflect.NativeMethodAccessorImpl.invoke0(Native Method)
	at sun.reflect.NativeMethodAccessorImpl.invoke(NativeMethodAccessorImpl.java:62)
	at sun.reflect.DelegatingMethodAccessorImpl.invoke(DelegatingMethodAccessorImpl.java:43)
	at java.lang.reflect.Method.invoke(Method.java:498)
	at org.apache.hadoop.hdds.tracing.TraceAllMethod.invoke(TraceAllMethod.java:66)
	at com.sun.proxy.$Proxy39.commitKey(Unknown Source)
	at org.apache.hadoop.ozone.client.io.BlockOutputStreamEntryPool.commitKey(BlockOutputStreamEntryPool.java:277)
	at org.apache.hadoop.ozone.client.io.KeyOutputStream.close(KeyOutputStream.java:474)
	at org.apache.hadoop.fs.ozone.OzoneFSOutputStream.close(OzoneFSOutputStream.java:56)
	at org.apache.hadoop.fs.FSDataOutputStream$PositionCache.close(FSDataOutputStream.java:72)
	at org.apache.hadoop.fs.FSDataOutputStream.close(FSDataOutputStream.java:101)
	at org.apache.hadoop.fs.ozone.TestOzoneFileInterfaces.testOzFsReadWrite(TestOzoneFileInterfaces.java:171)
	at sun.reflect.NativeMethodAccessorImpl.invoke0(Native Method)
	at sun.reflect.NativeMethodAccessorImpl.invoke(NativeMethodAccessorImpl.java:62)
	at sun.reflect.DelegatingMethodAccessorImpl.invoke(DelegatingMethodAccessorImpl.java:43)
	at java.lang.reflect.Method.invoke(Method.java:498)
	at org.junit.runners.model.FrameworkMethod$1.runReflectiveCall(FrameworkMethod.java:47)
	at org.junit.internal.runners.model.ReflectiveCallable.run(ReflectiveCallable.java:12)
	at org.junit.runners.model.FrameworkMethod.invokeExplosively(FrameworkMethod.java:44)
	at org.junit.internal.runners.statements.InvokeMethod.evaluate(InvokeMethod.java:17)
	at org.junit.internal.runners.statements.RunBefores.evaluate(RunBefores.java:26)
	at org.junit.internal.runners.statements.RunAfters.evaluate(RunAfters.java:27)
	at org.junit.runners.ParentRunner.runLeaf(ParentRunner.java:271)
	at org.junit.runners.BlockJUnit4ClassRunner.runChild(BlockJUnit4ClassRunner.java:70)
	at org.junit.runners.BlockJUnit4ClassRunner.runChild(BlockJUnit4ClassRunner.java:50)
	at org.junit.runners.ParentRunner$3.run(ParentRunner.java:238)
	at org.junit.runners.ParentRunner$1.schedule(ParentRunner.java:63)
	at org.junit.runners.ParentRunner.runChildren(ParentRunner.java:236)
	at org.junit.runners.ParentRunner.access$000(ParentRunner.java:53)
	at org.junit.runners.ParentRunner$2.evaluate(ParentRunner.java:229)
	at org.junit.runners.ParentRunner.run(ParentRunner.java:309)
	at org.junit.runners.Suite.runChild(Suite.java:127)
	at org.junit.runners.Suite.runChild(Suite.java:26)
	at org.junit.runners.ParentRunner$3.run(ParentRunner.java:238)
	at org.junit.runners.ParentRunner$1.schedule(ParentRunner.java:63)
	at org.junit.runners.ParentRunner.runChildren(ParentRunner.java:236)
	at org.junit.runners.ParentRunner.access$000(ParentRunner.java:53)
	at org.junit.runners.ParentRunner$2.evaluate(ParentRunner.java:229)
	at org.junit.runners.ParentRunner.run(ParentRunner.java:309)
	at org.apache.maven.surefire.junit4.JUnit4Provider.execute(JUnit4Provider.java:365)
	at org.apache.maven.surefire.junit4.JUnit4Provider.executeWithRerun(JUnit4Provider.java:273)
	at org.apache.maven.surefire.junit4.JUnit4Provider.executeTestSet(JUnit4Provider.java:238)
	at org.apache.maven.surefire.junit4.JUnit4Provider.invoke(JUnit4Provider.java:159)
	at org.apache.maven.surefire.booter.ForkedBooter.invokeProviderInSameClassLoader(ForkedBooter.java:384)
	at org.apache.maven.surefire.booter.ForkedBooter.runSuitesInProcess(ForkedBooter.java:345)
	at org.apache.maven.surefire.booter.ForkedBooter.execute(ForkedBooter.java:126)
	at org.apache.maven.surefire.booter.ForkedBooter.main(ForkedBooter.java:418)
</error>
    <system-out><![CDATA[2019-10-16 08:23:16,763 [main] WARN  server.ServerUtils (ServerUtils.java:getScmDbDir(145)) - ozone.scm.db.dirs is not configured. We recommend adding this setting. Falling back to ozone.metadata.dirs instead.
2019-10-16 08:23:16,778 [main] WARN  server.ServerUtils (ServerUtils.java:getScmDbDir(145)) - ozone.scm.db.dirs is not configured. We recommend adding this setting. Falling back to ozone.metadata.dirs instead.
2019-10-16 08:23:16,778 [main] WARN  server.ServerUtils (ServerUtils.java:getScmDbDir(145)) - ozone.scm.db.dirs is not configured. We recommend adding this setting. Falling back to ozone.metadata.dirs instead.
2019-10-16 08:23:16,779 [main] INFO  db.DBStoreBuilder (DBStoreBuilder.java:addTable(117)) - using custom profile for table: deletedBlocks
2019-10-16 08:23:16,779 [main] INFO  db.DBStoreBuilder (DBStoreBuilder.java:processTables(168)) - Using default column profile:DBProfile.DISK for Table:deletedBlocks
2019-10-16 08:23:16,780 [main] INFO  db.DBStoreBuilder (DBStoreBuilder.java:addTable(117)) - using custom profile for table: validCerts
2019-10-16 08:23:16,780 [main] INFO  db.DBStoreBuilder (DBStoreBuilder.java:processTables(168)) - Using default column profile:DBProfile.DISK for Table:validCerts
2019-10-16 08:23:16,780 [main] INFO  db.DBStoreBuilder (DBStoreBuilder.java:addTable(117)) - using custom profile for table: revokedCerts
2019-10-16 08:23:16,780 [main] INFO  db.DBStoreBuilder (DBStoreBuilder.java:processTables(168)) - Using default column profile:DBProfile.DISK for Table:revokedCerts
2019-10-16 08:23:16,781 [main] INFO  db.DBStoreBuilder (DBStoreBuilder.java:addTable(117)) - using custom profile for table: default
2019-10-16 08:23:16,781 [main] INFO  db.DBStoreBuilder (DBStoreBuilder.java:processTables(174)) - Using default column profile:DBProfile.DISK for Table:default
2019-10-16 08:23:16,781 [main] INFO  db.DBStoreBuilder (DBStoreBuilder.java:getDbProfile(205)) - Using default options. DBProfile.DISK
2019-10-16 08:23:16,993 [main] INFO  net.NodeSchemaLoader (NodeSchemaLoader.java:loadSchemaFromFile(125)) - Loading file from sun.misc.CompoundEnumeration@4ed18798
2019-10-16 08:23:16,993 [main] INFO  net.NodeSchemaLoader (NodeSchemaLoader.java:loadSchema(171)) - Loading network topology layer schema file
2019-10-16 08:23:16,999 [main] WARN  server.ServerUtils (ServerUtils.java:sanitizeUserArgs(70)) - ozone.scm.stale.node.interval value = 300000 is larger than max = 100000 based on the key value of ozone.scm.heartbeat.thread.interval, reset to the max value 100000.
2019-10-16 08:23:16,999 [main] WARN  server.ServerUtils (ServerUtils.java:sanitizeUserArgs(70)) - ozone.scm.stale.node.interval value = 300000 is larger than max = 100000 based on the key value of ozone.scm.heartbeat.thread.interval, reset to the max value 100000.
2019-10-16 08:23:17,000 [main] INFO  node.SCMNodeManager (SCMNodeManager.java:<init>(116)) - Entering startup safe mode.
2019-10-16 08:23:17,001 [main] INFO  algorithms.ContainerPlacementPolicyFactory (ContainerPlacementPolicyFactory.java:getPolicy(57)) - Create container placement policy of type org.apache.hadoop.hdds.scm.container.placement.algorithms.SCMContainerPlacementRandom
2019-10-16 08:23:17,001 [main] WARN  server.ServerUtils (ServerUtils.java:getScmDbDir(145)) - ozone.scm.db.dirs is not configured. We recommend adding this setting. Falling back to ozone.metadata.dirs instead.
2019-10-16 08:23:17,084 [main] INFO  pipeline.SCMPipelineManager (SCMPipelineManager.java:initializePipelineState(132)) - No pipeline exists in current db
2019-10-16 08:23:17,084 [main] WARN  server.ServerUtils (ServerUtils.java:getScmDbDir(145)) - ozone.scm.db.dirs is not configured. We recommend adding this setting. Falling back to ozone.metadata.dirs instead.
2019-10-16 08:23:17,189 [main] WARN  events.EventQueue (EventQueue.java:fireEvent(183)) - No event handler registered for event TypedEvent{payloadType=SafeModeStatus, name='SafeModeStatus'}
2019-10-16 08:23:17,190 [main] INFO  ipc.CallQueueManager (CallQueueManager.java:<init>(84)) - Using callQueue: class java.util.concurrent.LinkedBlockingQueue, queueCapacity: 2000, scheduler: class org.apache.hadoop.ipc.DefaultRpcScheduler, ipcBackoff: false.
2019-10-16 08:23:17,192 [Socket Reader #1 for port 35207] INFO  ipc.Server (Server.java:run(1074)) - Starting Socket Reader #1 for port 35207
2019-10-16 08:23:17,194 [main] INFO  ipc.CallQueueManager (CallQueueManager.java:<init>(84)) - Using callQueue: class java.util.concurrent.LinkedBlockingQueue, queueCapacity: 2000, scheduler: class org.apache.hadoop.ipc.DefaultRpcScheduler, ipcBackoff: false.
2019-10-16 08:23:17,196 [Socket Reader #1 for port 42710] INFO  ipc.Server (Server.java:run(1074)) - Starting Socket Reader #1 for port 42710
2019-10-16 08:23:17,198 [main] INFO  ipc.CallQueueManager (CallQueueManager.java:<init>(84)) - Using callQueue: class java.util.concurrent.LinkedBlockingQueue, queueCapacity: 2000, scheduler: class org.apache.hadoop.ipc.DefaultRpcScheduler, ipcBackoff: false.
2019-10-16 08:23:17,199 [Socket Reader #1 for port 33525] INFO  ipc.Server (Server.java:run(1074)) - Starting Socket Reader #1 for port 33525
2019-10-16 08:23:17,204 [main] INFO  hdfs.DFSUtil (DFSUtil.java:httpServerTemplateForNNAndJN(1641)) - Starting Web-server for scm at: http://0.0.0.0:0
2019-10-16 08:23:17,208 [main] INFO  server.AuthenticationFilter (AuthenticationFilter.java:constructSecretProvider(240)) - Unable to initialize FileSignerSecretProvider, falling back to use random secrets.
2019-10-16 08:23:17,209 [main] WARN  http.HttpRequestLog (HttpRequestLog.java:getRequestLog(97)) - Jetty request log can only be enabled using Log4j
2019-10-16 08:23:17,213 [main] INFO  http.HttpServer2 (HttpServer2.java:addGlobalFilter(975)) - Added global filter 'safety' (class=org.apache.hadoop.http.HttpServer2$QuotingInputFilter)
2019-10-16 08:23:17,215 [main] INFO  http.HttpServer2 (HttpServer2.java:addFilter(948)) - Added filter static_user_filter (class=org.apache.hadoop.http.lib.StaticUserWebFilter$StaticUserFilter) to context scm
2019-10-16 08:23:17,215 [main] INFO  http.HttpServer2 (HttpServer2.java:addFilter(958)) - Added filter static_user_filter (class=org.apache.hadoop.http.lib.StaticUserWebFilter$StaticUserFilter) to context static
2019-10-16 08:23:17,215 [main] INFO  http.HttpServer2 (HttpServer2.java:addFilter(958)) - Added filter static_user_filter (class=org.apache.hadoop.http.lib.StaticUserWebFilter$StaticUserFilter) to context logs
2019-10-16 08:23:17,220 [main] INFO  server.StorageContainerManager (StorageContainerManager.java:start(772)) - StorageContainerLocationProtocol RPC server is listening at /0.0.0.0:33525
2019-10-16 08:23:17,224 [main] WARN  impl.MetricsConfig (MetricsConfig.java:loadFirst(134)) - Cannot locate configuration: tried hadoop-metrics2-storagecontainermanager.properties,hadoop-metrics2.properties
2019-10-16 08:23:17,225 [main] INFO  impl.MetricsSystemImpl (MetricsSystemImpl.java:startTimer(374)) - Scheduled Metric snapshot period at 10 second(s).
2019-10-16 08:23:17,226 [main] INFO  impl.MetricsSystemImpl (MetricsSystemImpl.java:start(191)) - StorageContainerManager metrics system started
2019-10-16 08:23:17,261 [main] WARN  impl.MetricsSystemImpl (MetricsSystemImpl.java:register(276)) - Sink prometheus already exists!
2019-10-16 08:23:17,322 [main] INFO  server.SCMClientProtocolServer (SCMClientProtocolServer.java:start(159)) - RPC server for Client  is listening at /0.0.0.0:33525
2019-10-16 08:23:17,323 [IPC Server Responder] INFO  ipc.Server (Server.java:run(1314)) - IPC Server Responder: starting
2019-10-16 08:23:17,323 [IPC Server listener on 33525] INFO  ipc.Server (Server.java:run(1153)) - IPC Server listener on 33525: starting
2019-10-16 08:23:17,327 [main] INFO  server.StorageContainerManager (StorageContainerManager.java:start(782)) - ScmBlockLocationProtocol RPC server is listening at /0.0.0.0:42710
2019-10-16 08:23:17,328 [main] INFO  server.SCMBlockProtocolServer (SCMBlockProtocolServer.java:start(146)) - RPC server for Block Protocol is listening at /0.0.0.0:42710
2019-10-16 08:23:17,328 [IPC Server Responder] INFO  ipc.Server (Server.java:run(1314)) - IPC Server Responder: starting
2019-10-16 08:23:17,328 [IPC Server listener on 42710] INFO  ipc.Server (Server.java:run(1153)) - IPC Server listener on 42710: starting
2019-10-16 08:23:17,332 [main] INFO  server.StorageContainerManager (StorageContainerManager.java:start(786)) - ScmDatanodeProtocl RPC server is listening at /0.0.0.0:35207
2019-10-16 08:23:17,332 [main] INFO  server.SCMDatanodeProtocolServer (SCMDatanodeProtocolServer.java:start(169)) - RPC server for DataNodes is listening at /0.0.0.0:35207
2019-10-16 08:23:17,333 [IPC Server Responder] INFO  ipc.Server (Server.java:run(1314)) - IPC Server Responder: starting
2019-10-16 08:23:17,333 [IPC Server listener on 35207] INFO  ipc.Server (Server.java:run(1153)) - IPC Server listener on 35207: starting
2019-10-16 08:23:17,341 [main] INFO  http.HttpServer2 (HttpServer2.java:bindListener(1191)) - Jetty bound to port 45381
2019-10-16 08:23:17,341 [main] INFO  server.Server (Server.java:doStart(351)) - jetty-9.3.25.v20180904, build timestamp: 2018-09-04T21:11:46Z, git hash: 3ce520221d0240229c862b122d2b06c12a625732
2019-10-16 08:23:17,344 [main] INFO  handler.ContextHandler (ContextHandler.java:doStart(781)) - Started o.e.j.s.ServletContextHandler@6c075e9d{/logs,file:///workdir/hadoop-ozone/ozonefs/target/log,AVAILABLE}
2019-10-16 08:23:17,344 [main] INFO  handler.ContextHandler (ContextHandler.java:doStart(781)) - Started o.e.j.s.ServletContextHandler@7b14c61{/static,jar:file:/home/user/.m2/repository/org/apache/hadoop/hadoop-hdds-server-scm/0.5.0-SNAPSHOT/hadoop-hdds-server-scm-0.5.0-SNAPSHOT.jar!/webapps/static,AVAILABLE}
2019-10-16 08:23:17,385 [main] INFO  handler.ContextHandler (ContextHandler.java:doStart(781)) - Started o.e.j.w.WebAppContext@6cc64028{/,file:///tmp/jetty-0.0.0.0-45381-scm-_-any-2068351920283561154.dir/webapp/,AVAILABLE}{/scm}
2019-10-16 08:23:17,385 [main] INFO  server.AbstractConnector (AbstractConnector.java:doStart(278)) - Started ServerConnector@291a4791{HTTP/1.1,[http/1.1]}{0.0.0.0:45381}
2019-10-16 08:23:17,386 [main] INFO  server.Server (Server.java:doStart(419)) - Started @92199ms
2019-10-16 08:23:17,387 [main] WARN  impl.MetricsSystemImpl (MetricsSystemImpl.java:register(276)) - Sink prometheus already exists!
2019-10-16 08:23:17,387 [main] INFO  server.BaseHttpServer (BaseHttpServer.java:updateConnectorAddress(215)) - HTTP server of SCM is listening at http://0.0.0.0:45381
2019-10-16 08:23:17,388 [main] WARN  server.ServerUtils (ServerUtils.java:getDBPath(222)) - ozone.om.db.dirs is not configured. We recommend adding this setting. Falling back to ozone.metadata.dirs instead.
2019-10-16 08:23:17,389 [org.apache.hadoop.util.JvmPauseMonitor$Monitor@340cb97f] INFO  util.JvmPauseMonitor (JvmPauseMonitor.java:run(188)) - Starting JVM pause monitor
2019-10-16 08:23:17,402 [main] INFO  ha.OMHANodeDetails (OMHANodeDetails.java:loadOMHAConfig(190)) - Configuration either no ozone.om.address set. Falling back to the default OM address /127.0.0.1:0
2019-10-16 08:23:17,403 [main] INFO  ha.OMHANodeDetails (OMHANodeDetails.java:getOMNodeDetails(220)) - OM Service ID is not set. Setting it to the default ID: omServiceIdDefault
2019-10-16 08:23:17,403 [main] WARN  server.ServerUtils (ServerUtils.java:getDBPath(222)) - ozone.om.db.dirs is not configured. We recommend adding this setting. Falling back to ozone.metadata.dirs instead.
2019-10-16 08:23:17,403 [main] WARN  server.ServerUtils (ServerUtils.java:getDBPath(222)) - ozone.om.db.dirs is not configured. We recommend adding this setting. Falling back to ozone.metadata.dirs instead.
2019-10-16 08:23:17,416 [main] WARN  server.ServerUtils (ServerUtils.java:getDBPath(222)) - ozone.om.db.dirs is not configured. We recommend adding this setting. Falling back to ozone.metadata.dirs instead.
2019-10-16 08:23:17,416 [main] INFO  db.DBStoreBuilder (DBStoreBuilder.java:addTable(117)) - using custom profile for table: userTable
2019-10-16 08:23:17,416 [main] INFO  db.DBStoreBuilder (DBStoreBuilder.java:processTables(168)) - Using default column profile:DBProfile.DISK for Table:userTable
2019-10-16 08:23:17,417 [main] INFO  db.DBStoreBuilder (DBStoreBuilder.java:addTable(117)) - using custom profile for table: volumeTable
2019-10-16 08:23:17,417 [main] INFO  db.DBStoreBuilder (DBStoreBuilder.java:processTables(168)) - Using default column profile:DBProfile.DISK for Table:volumeTable
2019-10-16 08:23:17,417 [main] INFO  db.DBStoreBuilder (DBStoreBuilder.java:addTable(117)) - using custom profile for table: bucketTable
2019-10-16 08:23:17,417 [main] INFO  db.DBStoreBuilder (DBStoreBuilder.java:processTables(168)) - Using default column profile:DBProfile.DISK for Table:bucketTable
2019-10-16 08:23:17,417 [main] INFO  db.DBStoreBuilder (DBStoreBuilder.java:addTable(117)) - using custom profile for table: keyTable
2019-10-16 08:23:17,417 [main] INFO  db.DBStoreBuilder (DBStoreBuilder.java:processTables(168)) - Using default column profile:DBProfile.DISK for Table:keyTable
2019-10-16 08:23:17,417 [main] INFO  db.DBStoreBuilder (DBStoreBuilder.java:addTable(117)) - using custom profile for table: deletedTable
2019-10-16 08:23:17,418 [main] INFO  db.DBStoreBuilder (DBStoreBuilder.java:processTables(168)) - Using default column profile:DBProfile.DISK for Table:deletedTable
2019-10-16 08:23:17,418 [main] INFO  db.DBStoreBuilder (DBStoreBuilder.java:addTable(117)) - using custom profile for table: openKeyTable
2019-10-16 08:23:17,418 [main] INFO  db.DBStoreBuilder (DBStoreBuilder.java:processTables(168)) - Using default column profile:DBProfile.DISK for Table:openKeyTable
2019-10-16 08:23:17,418 [main] INFO  db.DBStoreBuilder (DBStoreBuilder.java:addTable(117)) - using custom profile for table: s3Table
2019-10-16 08:23:17,418 [main] INFO  db.DBStoreBuilder (DBStoreBuilder.java:processTables(168)) - Using default column profile:DBProfile.DISK for Table:s3Table
2019-10-16 08:23:17,418 [main] INFO  db.DBStoreBuilder (DBStoreBuilder.java:addTable(117)) - using custom profile for table: multipartInfoTable
2019-10-16 08:23:17,418 [main] INFO  db.DBStoreBuilder (DBStoreBuilder.java:processTables(168)) - Using default column profile:DBProfile.DISK for Table:multipartInfoTable
2019-10-16 08:23:17,419 [main] INFO  db.DBStoreBuilder (DBStoreBuilder.java:addTable(117)) - using custom profile for table: dTokenTable
2019-10-16 08:23:17,419 [main] INFO  db.DBStoreBuilder (DBStoreBuilder.java:processTables(168)) - Using default column profile:DBProfile.DISK for Table:dTokenTable
2019-10-16 08:23:17,419 [main] INFO  db.DBStoreBuilder (DBStoreBuilder.java:addTable(117)) - using custom profile for table: s3SecretTable
2019-10-16 08:23:17,419 [main] INFO  db.DBStoreBuilder (DBStoreBuilder.java:processTables(168)) - Using default column profile:DBProfile.DISK for Table:s3SecretTable
2019-10-16 08:23:17,419 [main] INFO  db.DBStoreBuilder (DBStoreBuilder.java:addTable(117)) - using custom profile for table: prefixTable
2019-10-16 08:23:17,419 [main] INFO  db.DBStoreBuilder (DBStoreBuilder.java:processTables(168)) - Using default column profile:DBProfile.DISK for Table:prefixTable
2019-10-16 08:23:17,419 [main] INFO  db.DBStoreBuilder (DBStoreBuilder.java:addTable(117)) - using custom profile for table: default
2019-10-16 08:23:17,420 [main] INFO  db.DBStoreBuilder (DBStoreBuilder.java:processTables(174)) - Using default column profile:DBProfile.DISK for Table:default
2019-10-16 08:23:17,420 [main] INFO  db.DBStoreBuilder (DBStoreBuilder.java:getDbProfile(205)) - Using default options. DBProfile.DISK
2019-10-16 08:23:18,051 [main] INFO  ipc.CallQueueManager (CallQueueManager.java:<init>(84)) - Using callQueue: class java.util.concurrent.LinkedBlockingQueue, queueCapacity: 2000, scheduler: class org.apache.hadoop.ipc.DefaultRpcScheduler, ipcBackoff: false.
2019-10-16 08:23:18,052 [Socket Reader #1 for port 36014] INFO  ipc.Server (Server.java:run(1074)) - Starting Socket Reader #1 for port 36014
2019-10-16 08:23:18,080 [main] INFO  om.OzoneManager (OzoneManager.java:start(1074)) - OzoneManager RPC server is listening at localhost/127.0.0.1:36014
2019-10-16 08:23:18,081 [main] INFO  impl.MetricsSystemImpl (MetricsSystemImpl.java:init(158)) - OzoneManager metrics system started (again)
2019-10-16 08:23:18,082 [IPC Server listener on 36014] INFO  ipc.Server (Server.java:run(1153)) - IPC Server listener on 36014: starting
2019-10-16 08:23:18,082 [IPC Server Responder] INFO  ipc.Server (Server.java:run(1314)) - IPC Server Responder: starting
2019-10-16 08:23:18,088 [main] INFO  hdfs.DFSUtil (DFSUtil.java:httpServerTemplateForNNAndJN(1641)) - Starting Web-server for ozoneManager at: http://0.0.0.0:0
2019-10-16 08:23:18,090 [main] INFO  server.AuthenticationFilter (AuthenticationFilter.java:constructSecretProvider(240)) - Unable to initialize FileSignerSecretProvider, falling back to use random secrets.
2019-10-16 08:23:18,090 [main] WARN  http.HttpRequestLog (HttpRequestLog.java:getRequestLog(97)) - Jetty request log can only be enabled using Log4j
2019-10-16 08:23:18,092 [main] INFO  http.HttpServer2 (HttpServer2.java:addGlobalFilter(975)) - Added global filter 'safety' (class=org.apache.hadoop.http.HttpServer2$QuotingInputFilter)
2019-10-16 08:23:18,093 [main] INFO  http.HttpServer2 (HttpServer2.java:addFilter(948)) - Added filter static_user_filter (class=org.apache.hadoop.http.lib.StaticUserWebFilter$StaticUserFilter) to context ozoneManager
2019-10-16 08:23:18,093 [main] INFO  http.HttpServer2 (HttpServer2.java:addFilter(958)) - Added filter static_user_filter (class=org.apache.hadoop.http.lib.StaticUserWebFilter$StaticUserFilter) to context logs
2019-10-16 08:23:18,093 [main] INFO  http.HttpServer2 (HttpServer2.java:addFilter(958)) - Added filter static_user_filter (class=org.apache.hadoop.http.lib.StaticUserWebFilter$StaticUserFilter) to context static
2019-10-16 08:23:18,094 [main] INFO  http.HttpServer2 (HttpServer2.java:bindListener(1191)) - Jetty bound to port 44242
2019-10-16 08:23:18,094 [main] INFO  server.Server (Server.java:doStart(351)) - jetty-9.3.25.v20180904, build timestamp: 2018-09-04T21:11:46Z, git hash: 3ce520221d0240229c862b122d2b06c12a625732
2019-10-16 08:23:18,096 [main] INFO  handler.ContextHandler (ContextHandler.java:doStart(781)) - Started o.e.j.s.ServletContextHandler@4168f3d9{/logs,file:///workdir/hadoop-ozone/ozonefs/target/log,AVAILABLE}
2019-10-16 08:23:18,096 [main] INFO  handler.ContextHandler (ContextHandler.java:doStart(781)) - Started o.e.j.s.ServletContextHandler@15e8f9b2{/static,jar:file:/home/user/.m2/repository/org/apache/hadoop/hadoop-ozone-ozone-manager/0.5.0-SNAPSHOT/hadoop-ozone-ozone-manager-0.5.0-SNAPSHOT.jar!/webapps/static,AVAILABLE}
2019-10-16 08:23:18,143 [main] INFO  handler.ContextHandler (ContextHandler.java:doStart(781)) - Started o.e.j.w.WebAppContext@7d66e544{/,file:///tmp/jetty-0.0.0.0-44242-ozoneManager-_-any-8832935329252603761.dir/webapp/,AVAILABLE}{/ozoneManager}
2019-10-16 08:23:18,144 [main] INFO  server.AbstractConnector (AbstractConnector.java:doStart(278)) - Started ServerConnector@666618d6{HTTP/1.1,[http/1.1]}{0.0.0.0:44242}
2019-10-16 08:23:18,145 [main] INFO  server.Server (Server.java:doStart(419)) - Started @92957ms
2019-10-16 08:23:18,145 [main] WARN  impl.MetricsSystemImpl (MetricsSystemImpl.java:register(276)) - Sink prometheus already exists!
2019-10-16 08:23:18,146 [main] INFO  server.BaseHttpServer (BaseHttpServer.java:updateConnectorAddress(215)) - HTTP server of OZONEMANAGER is listening at http://0.0.0.0:44242
2019-10-16 08:23:18,154 [main] INFO  impl.MetricsSystemImpl (MetricsSystemImpl.java:init(158)) - HddsDatanode metrics system started (again)
2019-10-16 08:23:18,157 [main] INFO  ozone.HddsDatanodeService (HddsDatanodeService.java:start(184)) - HddsDatanodeService host:pr-hdds-1737-dstl4-2900247166 ip:192.168.34.43
2019-10-16 08:23:18,164 [main] INFO  volume.HddsVolume (HddsVolume.java:<init>(176)) - Creating Volume: /workdir/hadoop-ozone/ozonefs/target/test-dir/MiniOzoneClusterImpl-67ae9893-6bb6-4118-b4b3-8532bd0372c2/datanode-0/data/containers/hdds of  storage type : DISK and capacity : 1482555576320
2019-10-16 08:23:18,165 [main] INFO  volume.VolumeSet (VolumeSet.java:initializeVolumeSet(170)) - Added Volume : /workdir/hadoop-ozone/ozonefs/target/test-dir/MiniOzoneClusterImpl-67ae9893-6bb6-4118-b4b3-8532bd0372c2/datanode-0/data/containers/hdds to VolumeSet
2019-10-16 08:23:18,165 [main] INFO  volume.ThrottledAsyncChecker (ThrottledAsyncChecker.java:schedule(141)) - Scheduling a check for /workdir/hadoop-ozone/ozonefs/target/test-dir/MiniOzoneClusterImpl-67ae9893-6bb6-4118-b4b3-8532bd0372c2/datanode-0/data/containers/hdds
2019-10-16 08:23:18,165 [main] INFO  volume.HddsVolumeChecker (HddsVolumeChecker.java:checkAllVolumes(204)) - Scheduled health check for volume /workdir/hadoop-ozone/ozonefs/target/test-dir/MiniOzoneClusterImpl-67ae9893-6bb6-4118-b4b3-8532bd0372c2/datanode-0/data/containers/hdds
2019-10-16 08:23:18,185 [main] INFO  impl.RaftServerProxy (ConfUtils.java:logGet(43)) - raft.rpc.type = GRPC (default)
2019-10-16 08:23:18,185 [main] INFO  grpc.GrpcFactory (GrpcFactory.java:checkPooledByteBufAllocatorUseCacheForAllThreads(45)) - PERFORMANCE WARNING: useCacheForAllThreads is true that may cause Netty to create a lot garbage objects and, as a result, trigger GC.
	It is recommended to disable useCacheForAllThreads by setting -Dorg.apache.ratis.thirdparty.io.netty.allocator.useCacheForAllThreads=false in command line.
2019-10-16 08:23:18,186 [main] INFO  grpc.GrpcConfigKeys$Server (ConfUtils.java:logGet(43)) - raft.grpc.server.port = 0 (default)
2019-10-16 08:23:18,186 [main] INFO  server.GrpcService (ConfUtils.java:logGet(43)) - raft.grpc.message.size.max = 33570816 (custom)
2019-10-16 08:23:18,186 [main] INFO  server.RaftServerConfigKeys (ConfUtils.java:logGet(43)) - raft.server.log.appender.buffer.byte-limit = 33554432 (custom)
2019-10-16 08:23:18,186 [main] INFO  server.GrpcService (ConfUtils.java:logGet(43)) - raft.grpc.flow.control.window = 1MB (=1048576) (default)
2019-10-16 08:23:18,186 [main] INFO  server.RaftServerConfigKeys (ConfUtils.java:logGet(43)) - raft.server.rpc.request.timeout = 3000ms (default)
2019-10-16 08:23:18,187 [main] INFO  server.RaftServerConfigKeys (ConfUtils.java:logGet(43)) - raft.server.storage.dir = [/workdir/hadoop-ozone/ozonefs/target/test-dir/MiniOzoneClusterImpl-67ae9893-6bb6-4118-b4b3-8532bd0372c2/datanode-0/data/ratis] (custom)
2019-10-16 08:23:18,190 [main] INFO  hdfs.DFSUtil (DFSUtil.java:httpServerTemplateForNNAndJN(1641)) - Starting Web-server for hddsDatanode at: http://0.0.0.0:0
2019-10-16 08:23:18,191 [main] INFO  server.AuthenticationFilter (AuthenticationFilter.java:constructSecretProvider(240)) - Unable to initialize FileSignerSecretProvider, falling back to use random secrets.
2019-10-16 08:23:18,192 [main] WARN  http.HttpRequestLog (HttpRequestLog.java:getRequestLog(97)) - Jetty request log can only be enabled using Log4j
2019-10-16 08:23:18,193 [main] INFO  http.HttpServer2 (HttpServer2.java:addGlobalFilter(975)) - Added global filter 'safety' (class=org.apache.hadoop.http.HttpServer2$QuotingInputFilter)
2019-10-16 08:23:18,194 [main] INFO  http.HttpServer2 (HttpServer2.java:addFilter(948)) - Added filter static_user_filter (class=org.apache.hadoop.http.lib.StaticUserWebFilter$StaticUserFilter) to context hddsDatanode
2019-10-16 08:23:18,194 [main] INFO  http.HttpServer2 (HttpServer2.java:addFilter(958)) - Added filter static_user_filter (class=org.apache.hadoop.http.lib.StaticUserWebFilter$StaticUserFilter) to context logs
2019-10-16 08:23:18,194 [main] INFO  http.HttpServer2 (HttpServer2.java:addFilter(958)) - Added filter static_user_filter (class=org.apache.hadoop.http.lib.StaticUserWebFilter$StaticUserFilter) to context static
2019-10-16 08:23:18,195 [main] INFO  http.HttpServer2 (HttpServer2.java:bindListener(1191)) - Jetty bound to port 43035
2019-10-16 08:23:18,195 [main] INFO  server.Server (Server.java:doStart(351)) - jetty-9.3.25.v20180904, build timestamp: 2018-09-04T21:11:46Z, git hash: 3ce520221d0240229c862b122d2b06c12a625732
2019-10-16 08:23:18,197 [main] INFO  handler.ContextHandler (ContextHandler.java:doStart(781)) - Started o.e.j.s.ServletContextHandler@611d0763{/logs,file:///workdir/hadoop-ozone/ozonefs/target/log,AVAILABLE}
2019-10-16 08:23:18,198 [main] INFO  handler.ContextHandler (ContextHandler.java:doStart(781)) - Started o.e.j.s.ServletContextHandler@1e226bcd{/static,jar:file:/home/user/.m2/repository/org/apache/hadoop/hadoop-hdds-container-service/0.5.0-SNAPSHOT/hadoop-hdds-container-service-0.5.0-SNAPSHOT.jar!/webapps/static,AVAILABLE}
2019-10-16 08:23:18,226 [main] INFO  handler.ContextHandler (ContextHandler.java:doStart(781)) - Started o.e.j.w.WebAppContext@1bd8afc8{/,file:///tmp/jetty-0.0.0.0-43035-hddsDatanode-_-any-4871520252130884434.dir/webapp/,AVAILABLE}{/hddsDatanode}
2019-10-16 08:23:18,227 [main] INFO  server.AbstractConnector (AbstractConnector.java:doStart(278)) - Started ServerConnector@24134cbc{HTTP/1.1,[http/1.1]}{0.0.0.0:43035}
2019-10-16 08:23:18,228 [main] INFO  server.Server (Server.java:doStart(419)) - Started @93040ms
2019-10-16 08:23:18,228 [main] WARN  impl.MetricsSystemImpl (MetricsSystemImpl.java:register(276)) - Sink prometheus already exists!
2019-10-16 08:23:18,229 [main] INFO  server.BaseHttpServer (BaseHttpServer.java:updateConnectorAddress(215)) - HTTP server of HDDSDATANODE is listening at http://0.0.0.0:43035
2019-10-16 08:23:18,229 [main] INFO  impl.MetricsSystemImpl (MetricsSystemImpl.java:init(158)) - HddsDatanode metrics system started (again)
2019-10-16 08:23:18,233 [main] INFO  ozone.HddsDatanodeService (HddsDatanodeService.java:start(184)) - HddsDatanodeService host:pr-hdds-1737-dstl4-2900247166 ip:192.168.34.43
2019-10-16 08:23:18,233 [org.apache.hadoop.util.JvmPauseMonitor$Monitor@4143951d] INFO  util.JvmPauseMonitor (JvmPauseMonitor.java:run(188)) - Starting JVM pause monitor
2019-10-16 08:23:18,238 [Datanode State Machine Thread - 0] INFO  datanode.InitDatanodeState (InitDatanodeState.java:persistContainerDatanodeDetails(140)) - DatanodeDetails is persisted to /workdir/hadoop-ozone/ozonefs/target/test-dir/MiniOzoneClusterImpl-67ae9893-6bb6-4118-b4b3-8532bd0372c2/datanode-0/meta/datanode.id
2019-10-16 08:23:18,240 [main] INFO  volume.HddsVolume (HddsVolume.java:<init>(176)) - Creating Volume: /workdir/hadoop-ozone/ozonefs/target/test-dir/MiniOzoneClusterImpl-67ae9893-6bb6-4118-b4b3-8532bd0372c2/datanode-1/data/containers/hdds of  storage type : DISK and capacity : 1482555576320
2019-10-16 08:23:18,240 [main] INFO  volume.VolumeSet (VolumeSet.java:initializeVolumeSet(170)) - Added Volume : /workdir/hadoop-ozone/ozonefs/target/test-dir/MiniOzoneClusterImpl-67ae9893-6bb6-4118-b4b3-8532bd0372c2/datanode-1/data/containers/hdds to VolumeSet
2019-10-16 08:23:18,240 [main] INFO  volume.ThrottledAsyncChecker (ThrottledAsyncChecker.java:schedule(141)) - Scheduling a check for /workdir/hadoop-ozone/ozonefs/target/test-dir/MiniOzoneClusterImpl-67ae9893-6bb6-4118-b4b3-8532bd0372c2/datanode-1/data/containers/hdds
2019-10-16 08:23:18,241 [main] INFO  volume.HddsVolumeChecker (HddsVolumeChecker.java:checkAllVolumes(204)) - Scheduled health check for volume /workdir/hadoop-ozone/ozonefs/target/test-dir/MiniOzoneClusterImpl-67ae9893-6bb6-4118-b4b3-8532bd0372c2/datanode-1/data/containers/hdds
2019-10-16 08:23:18,262 [main] INFO  impl.RaftServerProxy (ConfUtils.java:logGet(43)) - raft.rpc.type = GRPC (default)
2019-10-16 08:23:18,262 [main] INFO  grpc.GrpcFactory (GrpcFactory.java:checkPooledByteBufAllocatorUseCacheForAllThreads(45)) - PERFORMANCE WARNING: useCacheForAllThreads is true that may cause Netty to create a lot garbage objects and, as a result, trigger GC.
	It is recommended to disable useCacheForAllThreads by setting -Dorg.apache.ratis.thirdparty.io.netty.allocator.useCacheForAllThreads=false in command line.
2019-10-16 08:23:18,262 [main] INFO  grpc.GrpcConfigKeys$Server (ConfUtils.java:logGet(43)) - raft.grpc.server.port = 0 (default)
2019-10-16 08:23:18,263 [main] INFO  server.GrpcService (ConfUtils.java:logGet(43)) - raft.grpc.message.size.max = 33570816 (custom)
2019-10-16 08:23:18,263 [main] INFO  server.RaftServerConfigKeys (ConfUtils.java:logGet(43)) - raft.server.log.appender.buffer.byte-limit = 33554432 (custom)
2019-10-16 08:23:18,263 [main] INFO  server.GrpcService (ConfUtils.java:logGet(43)) - raft.grpc.flow.control.window = 1MB (=1048576) (default)
2019-10-16 08:23:18,263 [main] INFO  server.RaftServerConfigKeys (ConfUtils.java:logGet(43)) - raft.server.rpc.request.timeout = 3000ms (default)
2019-10-16 08:23:18,264 [main] INFO  server.RaftServerConfigKeys (ConfUtils.java:logGet(43)) - raft.server.storage.dir = [/workdir/hadoop-ozone/ozonefs/target/test-dir/MiniOzoneClusterImpl-67ae9893-6bb6-4118-b4b3-8532bd0372c2/datanode-1/data/ratis] (custom)
2019-10-16 08:23:18,265 [main] INFO  hdfs.DFSUtil (DFSUtil.java:httpServerTemplateForNNAndJN(1641)) - Starting Web-server for hddsDatanode at: http://0.0.0.0:0
2019-10-16 08:23:18,267 [main] INFO  server.AuthenticationFilter (AuthenticationFilter.java:constructSecretProvider(240)) - Unable to initialize FileSignerSecretProvider, falling back to use random secrets.
2019-10-16 08:23:18,267 [main] WARN  http.HttpRequestLog (HttpRequestLog.java:getRequestLog(97)) - Jetty request log can only be enabled using Log4j
2019-10-16 08:23:18,269 [main] INFO  http.HttpServer2 (HttpServer2.java:addGlobalFilter(975)) - Added global filter 'safety' (class=org.apache.hadoop.http.HttpServer2$QuotingInputFilter)
2019-10-16 08:23:18,270 [main] INFO  http.HttpServer2 (HttpServer2.java:addFilter(948)) - Added filter static_user_filter (class=org.apache.hadoop.http.lib.StaticUserWebFilter$StaticUserFilter) to context hddsDatanode
2019-10-16 08:23:18,270 [main] INFO  http.HttpServer2 (HttpServer2.java:addFilter(958)) - Added filter static_user_filter (class=org.apache.hadoop.http.lib.StaticUserWebFilter$StaticUserFilter) to context logs
2019-10-16 08:23:18,270 [main] INFO  http.HttpServer2 (HttpServer2.java:addFilter(958)) - Added filter static_user_filter (class=org.apache.hadoop.http.lib.StaticUserWebFilter$StaticUserFilter) to context static
2019-10-16 08:23:18,271 [main] INFO  http.HttpServer2 (HttpServer2.java:bindListener(1191)) - Jetty bound to port 45534
2019-10-16 08:23:18,271 [main] INFO  server.Server (Server.java:doStart(351)) - jetty-9.3.25.v20180904, build timestamp: 2018-09-04T21:11:46Z, git hash: 3ce520221d0240229c862b122d2b06c12a625732
2019-10-16 08:23:18,273 [main] INFO  handler.ContextHandler (ContextHandler.java:doStart(781)) - Started o.e.j.s.ServletContextHandler@38ac8968{/logs,file:///workdir/hadoop-ozone/ozonefs/target/log,AVAILABLE}
2019-10-16 08:23:18,274 [main] INFO  handler.ContextHandler (ContextHandler.java:doStart(781)) - Started o.e.j.s.ServletContextHandler@6c951ada{/static,jar:file:/home/user/.m2/repository/org/apache/hadoop/hadoop-hdds-container-service/0.5.0-SNAPSHOT/hadoop-hdds-container-service-0.5.0-SNAPSHOT.jar!/webapps/static,AVAILABLE}
2019-10-16 08:23:18,304 [main] INFO  handler.ContextHandler (ContextHandler.java:doStart(781)) - Started o.e.j.w.WebAppContext@5657967b{/,file:///tmp/jetty-0.0.0.0-45534-hddsDatanode-_-any-6040417645460971093.dir/webapp/,AVAILABLE}{/hddsDatanode}
2019-10-16 08:23:18,304 [main] INFO  server.AbstractConnector (AbstractConnector.java:doStart(278)) - Started ServerConnector@61394494{HTTP/1.1,[http/1.1]}{0.0.0.0:45534}
2019-10-16 08:23:18,305 [main] INFO  server.Server (Server.java:doStart(419)) - Started @93118ms
2019-10-16 08:23:18,305 [main] WARN  impl.MetricsSystemImpl (MetricsSystemImpl.java:register(276)) - Sink prometheus already exists!
2019-10-16 08:23:18,306 [main] INFO  server.BaseHttpServer (BaseHttpServer.java:updateConnectorAddress(215)) - HTTP server of HDDSDATANODE is listening at http://0.0.0.0:45534
2019-10-16 08:23:18,307 [main] INFO  impl.MetricsSystemImpl (MetricsSystemImpl.java:init(158)) - HddsDatanode metrics system started (again)
2019-10-16 08:23:18,310 [org.apache.hadoop.util.JvmPauseMonitor$Monitor@58749ae9] INFO  util.JvmPauseMonitor (JvmPauseMonitor.java:run(188)) - Starting JVM pause monitor
2019-10-16 08:23:18,311 [main] INFO  ozone.HddsDatanodeService (HddsDatanodeService.java:start(184)) - HddsDatanodeService host:pr-hdds-1737-dstl4-2900247166 ip:192.168.34.43
2019-10-16 08:23:18,312 [Datanode State Machine Thread - 0] INFO  datanode.InitDatanodeState (InitDatanodeState.java:persistContainerDatanodeDetails(140)) - DatanodeDetails is persisted to /workdir/hadoop-ozone/ozonefs/target/test-dir/MiniOzoneClusterImpl-67ae9893-6bb6-4118-b4b3-8532bd0372c2/datanode-1/meta/datanode.id
2019-10-16 08:23:18,318 [main] INFO  volume.HddsVolume (HddsVolume.java:<init>(176)) - Creating Volume: /workdir/hadoop-ozone/ozonefs/target/test-dir/MiniOzoneClusterImpl-67ae9893-6bb6-4118-b4b3-8532bd0372c2/datanode-2/data/containers/hdds of  storage type : DISK and capacity : 1482555576320
2019-10-16 08:23:18,318 [main] INFO  volume.VolumeSet (VolumeSet.java:initializeVolumeSet(170)) - Added Volume : /workdir/hadoop-ozone/ozonefs/target/test-dir/MiniOzoneClusterImpl-67ae9893-6bb6-4118-b4b3-8532bd0372c2/datanode-2/data/containers/hdds to VolumeSet
2019-10-16 08:23:18,318 [main] INFO  volume.ThrottledAsyncChecker (ThrottledAsyncChecker.java:schedule(141)) - Scheduling a check for /workdir/hadoop-ozone/ozonefs/target/test-dir/MiniOzoneClusterImpl-67ae9893-6bb6-4118-b4b3-8532bd0372c2/datanode-2/data/containers/hdds
2019-10-16 08:23:18,319 [main] INFO  volume.HddsVolumeChecker (HddsVolumeChecker.java:checkAllVolumes(204)) - Scheduled health check for volume /workdir/hadoop-ozone/ozonefs/target/test-dir/MiniOzoneClusterImpl-67ae9893-6bb6-4118-b4b3-8532bd0372c2/datanode-2/data/containers/hdds
2019-10-16 08:23:18,338 [main] INFO  impl.RaftServerProxy (ConfUtils.java:logGet(43)) - raft.rpc.type = GRPC (default)
2019-10-16 08:23:18,339 [main] INFO  grpc.GrpcFactory (GrpcFactory.java:checkPooledByteBufAllocatorUseCacheForAllThreads(45)) - PERFORMANCE WARNING: useCacheForAllThreads is true that may cause Netty to create a lot garbage objects and, as a result, trigger GC.
	It is recommended to disable useCacheForAllThreads by setting -Dorg.apache.ratis.thirdparty.io.netty.allocator.useCacheForAllThreads=false in command line.
2019-10-16 08:23:18,339 [main] INFO  grpc.GrpcConfigKeys$Server (ConfUtils.java:logGet(43)) - raft.grpc.server.port = 0 (default)
2019-10-16 08:23:18,339 [main] INFO  server.GrpcService (ConfUtils.java:logGet(43)) - raft.grpc.message.size.max = 33570816 (custom)
2019-10-16 08:23:18,339 [main] INFO  server.RaftServerConfigKeys (ConfUtils.java:logGet(43)) - raft.server.log.appender.buffer.byte-limit = 33554432 (custom)
2019-10-16 08:23:18,339 [main] INFO  server.GrpcService (ConfUtils.java:logGet(43)) - raft.grpc.flow.control.window = 1MB (=1048576) (default)
2019-10-16 08:23:18,340 [main] INFO  server.RaftServerConfigKeys (ConfUtils.java:logGet(43)) - raft.server.rpc.request.timeout = 3000ms (default)
2019-10-16 08:23:18,340 [main] INFO  server.RaftServerConfigKeys (ConfUtils.java:logGet(43)) - raft.server.storage.dir = [/workdir/hadoop-ozone/ozonefs/target/test-dir/MiniOzoneClusterImpl-67ae9893-6bb6-4118-b4b3-8532bd0372c2/datanode-2/data/ratis] (custom)
2019-10-16 08:23:18,341 [main] INFO  hdfs.DFSUtil (DFSUtil.java:httpServerTemplateForNNAndJN(1641)) - Starting Web-server for hddsDatanode at: http://0.0.0.0:0
2019-10-16 08:23:18,343 [main] INFO  server.AuthenticationFilter (AuthenticationFilter.java:constructSecretProvider(240)) - Unable to initialize FileSignerSecretProvider, falling back to use random secrets.
2019-10-16 08:23:18,343 [main] WARN  http.HttpRequestLog (HttpRequestLog.java:getRequestLog(97)) - Jetty request log can only be enabled using Log4j
2019-10-16 08:23:18,345 [main] INFO  http.HttpServer2 (HttpServer2.java:addGlobalFilter(975)) - Added global filter 'safety' (class=org.apache.hadoop.http.HttpServer2$QuotingInputFilter)
2019-10-16 08:23:18,345 [main] INFO  http.HttpServer2 (HttpServer2.java:addFilter(948)) - Added filter static_user_filter (class=org.apache.hadoop.http.lib.StaticUserWebFilter$StaticUserFilter) to context hddsDatanode
2019-10-16 08:23:18,346 [main] INFO  http.HttpServer2 (HttpServer2.java:addFilter(958)) - Added filter static_user_filter (class=org.apache.hadoop.http.lib.StaticUserWebFilter$StaticUserFilter) to context logs
2019-10-16 08:23:18,346 [main] INFO  http.HttpServer2 (HttpServer2.java:addFilter(958)) - Added filter static_user_filter (class=org.apache.hadoop.http.lib.StaticUserWebFilter$StaticUserFilter) to context static
2019-10-16 08:23:18,346 [main] INFO  http.HttpServer2 (HttpServer2.java:bindListener(1191)) - Jetty bound to port 40029
2019-10-16 08:23:18,347 [main] INFO  server.Server (Server.java:doStart(351)) - jetty-9.3.25.v20180904, build timestamp: 2018-09-04T21:11:46Z, git hash: 3ce520221d0240229c862b122d2b06c12a625732
2019-10-16 08:23:18,348 [main] INFO  handler.ContextHandler (ContextHandler.java:doStart(781)) - Started o.e.j.s.ServletContextHandler@687389a6{/logs,file:///workdir/hadoop-ozone/ozonefs/target/log,AVAILABLE}
2019-10-16 08:23:18,348 [main] INFO  handler.ContextHandler (ContextHandler.java:doStart(781)) - Started o.e.j.s.ServletContextHandler@37c7766e{/static,jar:file:/home/user/.m2/repository/org/apache/hadoop/hadoop-hdds-container-service/0.5.0-SNAPSHOT/hadoop-hdds-container-service-0.5.0-SNAPSHOT.jar!/webapps/static,AVAILABLE}
2019-10-16 08:23:18,376 [main] INFO  handler.ContextHandler (ContextHandler.java:doStart(781)) - Started o.e.j.w.WebAppContext@10b8b900{/,file:///tmp/jetty-0.0.0.0-40029-hddsDatanode-_-any-4360643558593515732.dir/webapp/,AVAILABLE}{/hddsDatanode}
2019-10-16 08:23:18,377 [main] INFO  server.AbstractConnector (AbstractConnector.java:doStart(278)) - Started ServerConnector@6d294ddc{HTTP/1.1,[http/1.1]}{0.0.0.0:40029}
2019-10-16 08:23:18,378 [main] INFO  server.Server (Server.java:doStart(419)) - Started @93191ms
2019-10-16 08:23:18,378 [main] WARN  impl.MetricsSystemImpl (MetricsSystemImpl.java:register(276)) - Sink prometheus already exists!
2019-10-16 08:23:18,379 [main] INFO  server.BaseHttpServer (BaseHttpServer.java:updateConnectorAddress(215)) - HTTP server of HDDSDATANODE is listening at http://0.0.0.0:40029
2019-10-16 08:23:18,379 [main] INFO  ozone.MiniOzoneClusterImpl (MiniOzoneClusterImpl.java:lambda$waitForClusterToBeReady$0(147)) - Waiting for cluster to be ready. Got 0 of 3 DN Heartbeats.
2019-10-16 08:23:18,380 [org.apache.hadoop.util.JvmPauseMonitor$Monitor@619c028c] INFO  util.JvmPauseMonitor (JvmPauseMonitor.java:run(188)) - Starting JVM pause monitor
2019-10-16 08:23:18,383 [Datanode State Machine Thread - 0] INFO  datanode.InitDatanodeState (InitDatanodeState.java:persistContainerDatanodeDetails(140)) - DatanodeDetails is persisted to /workdir/hadoop-ozone/ozonefs/target/test-dir/MiniOzoneClusterImpl-67ae9893-6bb6-4118-b4b3-8532bd0372c2/datanode-2/meta/datanode.id
2019-10-16 08:23:18,969 [java.util.concurrent.ThreadPoolExecutor$Worker@32f53e74[State = -1, empty queue]] WARN  server.GrpcLogAppender (GrpcLogAppender.java:timeoutAppendRequest(209)) - f4cb552f-b122-48eb-812d-7f51c2905f5d@group-A9918786A55E->7e9cc5f9-2cea-428c-8955-f47c0e2357c4-GrpcLogAppender: appendEntries Timeout, request=f4cb552f-b122-48eb-812d-7f51c2905f5d->7e9cc5f9-2cea-428c-8955-f47c0e2357c4#4-t4, previous=(t:4, i:2), leaderCommit=2, initializing? false, entries: <empty>
2019-10-16 08:23:18,979 [java.util.concurrent.ThreadPoolExecutor$Worker@7c90b894[State = -1, empty queue]] WARN  server.GrpcLogAppender (GrpcLogAppender.java:timeoutAppendRequest(209)) - f4cb552f-b122-48eb-812d-7f51c2905f5d@group-A9918786A55E->ae1eecde-3b89-45fd-8b6f-66c760cbd090-GrpcLogAppender: appendEntries Timeout, request=f4cb552f-b122-48eb-812d-7f51c2905f5d->ae1eecde-3b89-45fd-8b6f-66c760cbd090#5-t4, previous=(t:4, i:2), leaderCommit=2, initializing? false, entries: <empty>
2019-10-16 08:23:19,379 [main] INFO  ozone.MiniOzoneClusterImpl (MiniOzoneClusterImpl.java:lambda$waitForClusterToBeReady$0(147)) - Waiting for cluster to be ready. Got 0 of 3 DN Heartbeats.
2019-10-16 08:23:20,254 [Datanode State Machine Thread - 0] INFO  ozoneimpl.OzoneContainer (OzoneContainer.java:start(213)) - Attempting to start container services.
2019-10-16 08:23:20,257 [Datanode State Machine Thread - 0] INFO  ozoneimpl.OzoneContainer (OzoneContainer.java:startContainerScrub(177)) - Background container scanner has been disabled.
2019-10-16 08:23:20,257 [Datanode State Machine Thread - 0] INFO  ratis.XceiverServerRatis (XceiverServerRatis.java:start(418)) - Starting XceiverServerRatis eda86e88-1ab6-4545-bd3b-ef4fe3798e6c at port 0
2019-10-16 08:23:20,266 [Datanode State Machine Thread - 0] INFO  impl.RaftServerProxy (RaftServerProxy.java:lambda$start$3(299)) - eda86e88-1ab6-4545-bd3b-ef4fe3798e6c: start RPC server
2019-10-16 08:23:20,269 [Datanode State Machine Thread - 0] INFO  server.GrpcService (GrpcService.java:startImpl(158)) - eda86e88-1ab6-4545-bd3b-ef4fe3798e6c: GrpcService started, listening on 0.0.0.0/0.0.0.0:34593
2019-10-16 08:23:20,269 [Datanode State Machine Thread - 0] INFO  ratis.XceiverServerRatis (XceiverServerRatis.java:start(428)) - XceiverServerRatis eda86e88-1ab6-4545-bd3b-ef4fe3798e6c is started using port 34593
2019-10-16 08:23:20,270 [Datanode State Machine Thread - 0] INFO  server.XceiverServerGrpc (XceiverServerGrpc.java:start(149)) - XceiverServerGrpc eda86e88-1ab6-4545-bd3b-ef4fe3798e6c is started using port 44672
2019-10-16 08:23:20,334 [Datanode State Machine Thread - 0] INFO  ozoneimpl.OzoneContainer (OzoneContainer.java:start(213)) - Attempting to start container services.
2019-10-16 08:23:20,335 [Datanode State Machine Thread - 0] INFO  ozoneimpl.OzoneContainer (OzoneContainer.java:startContainerScrub(177)) - Background container scanner has been disabled.
2019-10-16 08:23:20,335 [Datanode State Machine Thread - 0] INFO  ratis.XceiverServerRatis (XceiverServerRatis.java:start(418)) - Starting XceiverServerRatis 611f11a7-b9fe-4124-850b-c9a3f03686ca at port 0
2019-10-16 08:23:20,344 [Datanode State Machine Thread - 0] INFO  impl.RaftServerProxy (RaftServerProxy.java:lambda$start$3(299)) - 611f11a7-b9fe-4124-850b-c9a3f03686ca: start RPC server
2019-10-16 08:23:20,346 [Datanode State Machine Thread - 0] INFO  server.GrpcService (GrpcService.java:startImpl(158)) - 611f11a7-b9fe-4124-850b-c9a3f03686ca: GrpcService started, listening on 0.0.0.0/0.0.0.0:36223
2019-10-16 08:23:20,346 [Datanode State Machine Thread - 0] INFO  ratis.XceiverServerRatis (XceiverServerRatis.java:start(428)) - XceiverServerRatis 611f11a7-b9fe-4124-850b-c9a3f03686ca is started using port 36223
2019-10-16 08:23:20,347 [Datanode State Machine Thread - 0] INFO  server.XceiverServerGrpc (XceiverServerGrpc.java:start(149)) - XceiverServerGrpc 611f11a7-b9fe-4124-850b-c9a3f03686ca is started using port 46265
2019-10-16 08:23:20,380 [main] INFO  ozone.MiniOzoneClusterImpl (MiniOzoneClusterImpl.java:lambda$waitForClusterToBeReady$0(147)) - Waiting for cluster to be ready. Got 0 of 3 DN Heartbeats.
2019-10-16 08:23:20,394 [Datanode State Machine Thread - 0] INFO  ozoneimpl.OzoneContainer (OzoneContainer.java:start(213)) - Attempting to start container services.
2019-10-16 08:23:20,394 [Datanode State Machine Thread - 0] INFO  ozoneimpl.OzoneContainer (OzoneContainer.java:startContainerScrub(177)) - Background container scanner has been disabled.
2019-10-16 08:23:20,394 [Datanode State Machine Thread - 0] INFO  ratis.XceiverServerRatis (XceiverServerRatis.java:start(418)) - Starting XceiverServerRatis 40c716bc-1a29-46d5-b9af-b2faebaee060 at port 0
2019-10-16 08:23:20,404 [Datanode State Machine Thread - 0] INFO  impl.RaftServerProxy (RaftServerProxy.java:lambda$start$3(299)) - 40c716bc-1a29-46d5-b9af-b2faebaee060: start RPC server
2019-10-16 08:23:20,405 [Datanode State Machine Thread - 0] INFO  server.GrpcService (GrpcService.java:startImpl(158)) - 40c716bc-1a29-46d5-b9af-b2faebaee060: GrpcService started, listening on 0.0.0.0/0.0.0.0:40056
2019-10-16 08:23:20,405 [Datanode State Machine Thread - 0] INFO  ratis.XceiverServerRatis (XceiverServerRatis.java:start(428)) - XceiverServerRatis 40c716bc-1a29-46d5-b9af-b2faebaee060 is started using port 40056
2019-10-16 08:23:20,407 [Datanode State Machine Thread - 0] INFO  server.XceiverServerGrpc (XceiverServerGrpc.java:start(149)) - XceiverServerGrpc 40c716bc-1a29-46d5-b9af-b2faebaee060 is started using port 43404
2019-10-16 08:23:21,380 [main] INFO  ozone.MiniOzoneClusterImpl (MiniOzoneClusterImpl.java:lambda$waitForClusterToBeReady$0(147)) - Waiting for cluster to be ready. Got 0 of 3 DN Heartbeats.
2019-10-16 08:23:22,237 [IPC Server handler 2 on 35207] INFO  net.NetworkTopology (NetworkTopologyImpl.java:add(111)) - Added a new node: /default-rack/eda86e88-1ab6-4545-bd3b-ef4fe3798e6c
2019-10-16 08:23:22,239 [IPC Server handler 2 on 35207] INFO  node.SCMNodeManager (SCMNodeManager.java:register(268)) - Registered Data node : eda86e88-1ab6-4545-bd3b-ef4fe3798e6c{ip: 192.168.34.43, host: pr-hdds-1737-dstl4-2900247166, networkLocation: /default-rack, certSerialId: null}
2019-10-16 08:23:22,240 [EventQueue-NodeRegistrationContainerReportForDataNodeSafeModeRule] INFO  safemode.SCMSafeModeManager (DataNodeSafeModeRule.java:process(71)) - SCM in safe mode. 1 DataNodes registered, 1 required.
2019-10-16 08:23:22,242 [EventQueue-NodeRegistrationContainerReportForDataNodeSafeModeRule] INFO  safemode.SCMSafeModeManager (SCMSafeModeManager.java:validateSafeModeExitRules(177)) - ScmSafeModeManager, all rules are successfully validated
2019-10-16 08:23:22,242 [EventQueue-NodeRegistrationContainerReportForDataNodeSafeModeRule] INFO  safemode.SCMSafeModeManager (SCMSafeModeManager.java:exitSafeMode(193)) - SCM exiting safe mode.
2019-10-16 08:23:22,254 [grpc-default-executor-0] INFO  impl.RaftServerProxy (RaftServerProxy.java:addNew(89)) - eda86e88-1ab6-4545-bd3b-ef4fe3798e6c: addNew group-0A0AF71B9919:[eda86e88-1ab6-4545-bd3b-ef4fe3798e6c:192.168.34.43:34593] returns group-0A0AF71B9919:java.util.concurrent.CompletableFuture@4f7efe66[Not completed]
2019-10-16 08:23:22,256 [pool-277-thread-1] INFO  impl.RaftServerImpl (RaftServerImpl.java:<init>(104)) - eda86e88-1ab6-4545-bd3b-ef4fe3798e6c: new RaftServerImpl for group-0A0AF71B9919:[eda86e88-1ab6-4545-bd3b-ef4fe3798e6c:192.168.34.43:34593] with ContainerStateMachine:uninitialized
2019-10-16 08:23:22,256 [pool-277-thread-1] INFO  server.RaftServerConfigKeys (ConfUtils.java:logGet(43)) - raft.server.rpc.timeout.min = 5s (custom)
2019-10-16 08:23:22,256 [pool-277-thread-1] INFO  server.RaftServerConfigKeys (ConfUtils.java:logGet(43)) - raft.server.rpc.timeout.max = 5200ms (custom)
2019-10-16 08:23:22,256 [pool-277-thread-1] INFO  server.RaftServerConfigKeys (ConfUtils.java:logGet(43)) - raft.server.rpcslowness.timeout = 120s (custom)
2019-10-16 08:23:22,257 [pool-277-thread-1] INFO  server.RaftServerConfigKeys (ConfUtils.java:logGet(43)) - raft.server.sleep.deviation.threshold = 300 (default)
2019-10-16 08:23:22,257 [pool-277-thread-1] INFO  server.RaftServerConfigKeys (ConfUtils.java:logGet(43)) - raft.server.log.appender.install.snapshot.enabled = false (custom)
2019-10-16 08:23:22,257 [pool-277-thread-1] INFO  impl.RaftServerImpl (ServerState.java:<init>(103)) - eda86e88-1ab6-4545-bd3b-ef4fe3798e6c@group-0A0AF71B9919: ConfigurationManager, init=-1: [eda86e88-1ab6-4545-bd3b-ef4fe3798e6c:192.168.34.43:34593], old=null, confs=<EMPTY_MAP>
2019-10-16 08:23:22,257 [pool-277-thread-1] INFO  server.RaftServerConfigKeys (ConfUtils.java:logGet(43)) - raft.server.storage.dir = [/workdir/hadoop-ozone/ozonefs/target/test-dir/MiniOzoneClusterImpl-67ae9893-6bb6-4118-b4b3-8532bd0372c2/datanode-0/data/ratis] (custom)
2019-10-16 08:23:22,258 [pool-277-thread-1] INFO  server.RaftServerConfigKeys (ConfUtils.java:logGet(43)) - raft.server.log.corruption.policy = EXCEPTION (default)
2019-10-16 08:23:22,258 [pool-277-thread-1] INFO  storage.RaftStorageDirectory (RaftStorageDirectory.java:analyzeStorage(246)) - The storage directory /workdir/hadoop-ozone/ozonefs/target/test-dir/MiniOzoneClusterImpl-67ae9893-6bb6-4118-b4b3-8532bd0372c2/datanode-0/data/ratis/71c3d47e-d17d-4bea-aaf9-0a0af71b9919 does not exist. Creating ...
2019-10-16 08:23:22,270 [pool-277-thread-1] INFO  storage.RaftStorageDirectory (RaftStorageDirectory.java:tryLock(328)) - Lock on /workdir/hadoop-ozone/ozonefs/target/test-dir/MiniOzoneClusterImpl-67ae9893-6bb6-4118-b4b3-8532bd0372c2/datanode-0/data/ratis/71c3d47e-d17d-4bea-aaf9-0a0af71b9919/in_use.lock acquired by nodename 21295@pr-hdds-1737-dstl4-2900247166
2019-10-16 08:23:22,284 [pool-277-thread-1] INFO  storage.RaftStorage (RaftStorage.java:format(84)) - Storage directory /workdir/hadoop-ozone/ozonefs/target/test-dir/MiniOzoneClusterImpl-67ae9893-6bb6-4118-b4b3-8532bd0372c2/datanode-0/data/ratis/71c3d47e-d17d-4bea-aaf9-0a0af71b9919 has been successfully formatted.
2019-10-16 08:23:22,288 [pool-277-thread-1] INFO  ratis.ContainerStateMachine (ContainerStateMachine.java:loadSnapshot(231)) - group-0A0AF71B9919: The snapshot info is null. Setting the last applied indexto:(t:0, i:~)
2019-10-16 08:23:22,289 [pool-277-thread-1] INFO  server.RaftServerConfigKeys (ConfUtils.java:logGet(43)) - raft.server.notification.no-leader.timeout = 120s (custom)
2019-10-16 08:23:22,289 [pool-277-thread-1] INFO  server.RaftServerConfigKeys (ConfUtils.java:logGet(43)) - raft.server.log.use.memory = false (default)
2019-10-16 08:23:22,290 [pool-277-thread-1] INFO  server.RaftServerConfigKeys (ConfUtils.java:logGet(43)) - raft.server.log.purge.gap = 1000000 (custom)
2019-10-16 08:23:22,290 [pool-277-thread-1] INFO  server.RaftServerConfigKeys (ConfUtils.java:logGet(43)) - raft.server.log.appender.buffer.byte-limit = 33554432 (custom)
2019-10-16 08:23:22,290 [pool-277-thread-1] INFO  server.RaftServerConfigKeys (ConfUtils.java:logGet(43)) - raft.server.log.segment.size.max = 1048576 (custom)
2019-10-16 08:23:22,299 [pool-277-thread-1] INFO  server.RaftServerConfigKeys (ConfUtils.java:logGet(43)) - raft.server.log.segment.cache.num.max = 2 (custom)
2019-10-16 08:23:22,299 [pool-277-thread-1] INFO  segmented.SegmentedRaftLogWorker (SegmentedRaftLogWorker.java:<init>(173)) - new eda86e88-1ab6-4545-bd3b-ef4fe3798e6c@group-0A0AF71B9919-SegmentedRaftLogWorker for RaftStorage:Storage Directory /workdir/hadoop-ozone/ozonefs/target/test-dir/MiniOzoneClusterImpl-67ae9893-6bb6-4118-b4b3-8532bd0372c2/datanode-0/data/ratis/71c3d47e-d17d-4bea-aaf9-0a0af71b9919
2019-10-16 08:23:22,300 [pool-277-thread-1] INFO  server.RaftServerConfigKeys (ConfUtils.java:logGet(43)) - raft.server.log.queue.byte-limit = 2147483647 (custom)
2019-10-16 08:23:22,300 [pool-277-thread-1] INFO  server.RaftServerConfigKeys (ConfUtils.java:logGet(43)) - raft.server.log.queue.element-limit = 1024 (custom)
2019-10-16 08:23:22,300 [pool-277-thread-1] INFO  server.RaftServerConfigKeys (ConfUtils.java:logGet(43)) - raft.server.log.segment.size.max = 1048576 (custom)
2019-10-16 08:23:22,300 [pool-277-thread-1] INFO  server.RaftServerConfigKeys (ConfUtils.java:logGet(43)) - raft.server.log.preallocated.size = 16384 (custom)
2019-10-16 08:23:22,301 [pool-277-thread-1] INFO  server.RaftServerConfigKeys (ConfUtils.java:logGet(43)) - raft.server.log.write.buffer.size = 33554432 (custom)
2019-10-16 08:23:22,301 [pool-277-thread-1] INFO  server.RaftServerConfigKeys (ConfUtils.java:logGet(43)) - raft.server.log.force.sync.num = 128 (default)
2019-10-16 08:23:22,301 [pool-277-thread-1] INFO  server.RaftServerConfigKeys (ConfUtils.java:logGet(43)) - raft.server.log.statemachine.data.sync = true (default)
2019-10-16 08:23:22,301 [pool-277-thread-1] INFO  server.RaftServerConfigKeys (ConfUtils.java:logGet(43)) - raft.server.log.statemachine.data.sync.timeout = 10s (default)
2019-10-16 08:23:22,302 [pool-277-thread-1] INFO  server.RaftServerConfigKeys (ConfUtils.java:logGet(43)) - raft.server.log.statemachine.data.sync.timeout.retry = -1 (default)
2019-10-16 08:23:22,302 [pool-277-thread-1] INFO  server.RaftServerConfigKeys (ConfUtils.java:logGet(43)) - raft.server.log.statemachine.data.caching.enabled = true (custom)
2019-10-16 08:23:22,303 [pool-277-thread-1] INFO  segmented.SegmentedRaftLogWorker (SegmentedRaftLogWorker.java:lambda$new$0(128)) - eda86e88-1ab6-4545-bd3b-ef4fe3798e6c@group-0A0AF71B9919-SegmentedRaftLogWorker: flushIndex: setUnconditionally 0 -> -1
2019-10-16 08:23:22,304 [pool-277-thread-1] INFO  server.RaftServerConfigKeys (ConfUtils.java:logGet(43)) - raft.server.snapshot.auto.trigger.enabled = true (custom)
2019-10-16 08:23:22,304 [pool-277-thread-1] INFO  server.RaftServerConfigKeys (ConfUtils.java:logGet(43)) - raft.server.snapshot.auto.trigger.threshold = 10000 (custom)
2019-10-16 08:23:22,305 [pool-277-thread-1] INFO  server.RaftServerConfigKeys (ConfUtils.java:logGet(43)) - raft.server.snapshot.retention.file.num = 5 (custom)
2019-10-16 08:23:22,305 [pool-277-thread-1] INFO  server.RaftServerConfigKeys (ConfUtils.java:logGet(43)) - raft.server.retrycache.expirytime = 600000ms (custom)
2019-10-16 08:23:22,312 [pool-277-thread-1] INFO  impl.RaftServerImpl (RaftServerImpl.java:start(195)) - eda86e88-1ab6-4545-bd3b-ef4fe3798e6c@group-0A0AF71B9919: start as a follower, conf=-1: [eda86e88-1ab6-4545-bd3b-ef4fe3798e6c:192.168.34.43:34593], old=null
2019-10-16 08:23:22,312 [pool-277-thread-1] INFO  impl.RaftServerImpl (RaftServerImpl.java:setRole(184)) - eda86e88-1ab6-4545-bd3b-ef4fe3798e6c@group-0A0AF71B9919: changes role from      null to FOLLOWER at term 0 for startAsFollower
2019-10-16 08:23:22,312 [pool-277-thread-1] INFO  impl.RoleInfo (RoleInfo.java:updateAndGet(143)) - eda86e88-1ab6-4545-bd3b-ef4fe3798e6c: start FollowerState
2019-10-16 08:23:22,314 [pool-277-thread-1] INFO  util.JmxRegister (JmxRegister.java:tryRegister(44)) - Successfully registered JMX Bean with object name Ratis:service=RaftServer,group=group-0A0AF71B9919,id=eda86e88-1ab6-4545-bd3b-ef4fe3798e6c
2019-10-16 08:23:22,315 [IPC Server handler 3 on 35207] INFO  net.NetworkTopology (NetworkTopologyImpl.java:add(111)) - Added a new node: /default-rack/611f11a7-b9fe-4124-850b-c9a3f03686ca
2019-10-16 08:23:22,316 [IPC Server handler 3 on 35207] INFO  node.SCMNodeManager (SCMNodeManager.java:register(268)) - Registered Data node : 611f11a7-b9fe-4124-850b-c9a3f03686ca{ip: 192.168.34.43, host: pr-hdds-1737-dstl4-2900247166, networkLocation: /default-rack, certSerialId: null}
2019-10-16 08:23:22,328 [RatisPipelineUtilsThread] INFO  pipeline.PipelineStateManager (PipelineStateManager.java:addPipeline(56)) - Created pipeline Pipeline[ Id: 71c3d47e-d17d-4bea-aaf9-0a0af71b9919, Nodes: eda86e88-1ab6-4545-bd3b-ef4fe3798e6c{ip: 192.168.34.43, host: pr-hdds-1737-dstl4-2900247166, networkLocation: /default-rack, certSerialId: null}, Type:RATIS, Factor:ONE, State:OPEN]
2019-10-16 08:23:22,341 [grpc-default-executor-0] INFO  impl.RaftServerProxy (RaftServerProxy.java:addNew(89)) - 611f11a7-b9fe-4124-850b-c9a3f03686ca: addNew group-54B41CC1F832:[611f11a7-b9fe-4124-850b-c9a3f03686ca:192.168.34.43:36223] returns group-54B41CC1F832:java.util.concurrent.CompletableFuture@17e4407d[Not completed]
2019-10-16 08:23:22,343 [pool-287-thread-1] INFO  impl.RaftServerImpl (RaftServerImpl.java:<init>(104)) - 611f11a7-b9fe-4124-850b-c9a3f03686ca: new RaftServerImpl for group-54B41CC1F832:[611f11a7-b9fe-4124-850b-c9a3f03686ca:192.168.34.43:36223] with ContainerStateMachine:uninitialized
2019-10-16 08:23:22,343 [pool-287-thread-1] INFO  server.RaftServerConfigKeys (ConfUtils.java:logGet(43)) - raft.server.rpc.timeout.min = 5s (custom)
2019-10-16 08:23:22,344 [pool-287-thread-1] INFO  server.RaftServerConfigKeys (ConfUtils.java:logGet(43)) - raft.server.rpc.timeout.max = 5200ms (custom)
2019-10-16 08:23:22,344 [pool-287-thread-1] INFO  server.RaftServerConfigKeys (ConfUtils.java:logGet(43)) - raft.server.rpcslowness.timeout = 120s (custom)
2019-10-16 08:23:22,344 [pool-287-thread-1] INFO  server.RaftServerConfigKeys (ConfUtils.java:logGet(43)) - raft.server.sleep.deviation.threshold = 300 (default)
2019-10-16 08:23:22,344 [pool-287-thread-1] INFO  server.RaftServerConfigKeys (ConfUtils.java:logGet(43)) - raft.server.log.appender.install.snapshot.enabled = false (custom)
2019-10-16 08:23:22,344 [pool-287-thread-1] INFO  impl.RaftServerImpl (ServerState.java:<init>(103)) - 611f11a7-b9fe-4124-850b-c9a3f03686ca@group-54B41CC1F832: ConfigurationManager, init=-1: [611f11a7-b9fe-4124-850b-c9a3f03686ca:192.168.34.43:36223], old=null, confs=<EMPTY_MAP>
2019-10-16 08:23:22,344 [pool-287-thread-1] INFO  server.RaftServerConfigKeys (ConfUtils.java:logGet(43)) - raft.server.storage.dir = [/workdir/hadoop-ozone/ozonefs/target/test-dir/MiniOzoneClusterImpl-67ae9893-6bb6-4118-b4b3-8532bd0372c2/datanode-1/data/ratis] (custom)
2019-10-16 08:23:22,345 [pool-287-thread-1] INFO  server.RaftServerConfigKeys (ConfUtils.java:logGet(43)) - raft.server.log.corruption.policy = EXCEPTION (default)
2019-10-16 08:23:22,345 [pool-287-thread-1] INFO  storage.RaftStorageDirectory (RaftStorageDirectory.java:analyzeStorage(246)) - The storage directory /workdir/hadoop-ozone/ozonefs/target/test-dir/MiniOzoneClusterImpl-67ae9893-6bb6-4118-b4b3-8532bd0372c2/datanode-1/data/ratis/c6f0859b-35c7-4a1d-9ec6-54b41cc1f832 does not exist. Creating ...
2019-10-16 08:23:22,370 [pool-287-thread-1] INFO  storage.RaftStorageDirectory (RaftStorageDirectory.java:tryLock(328)) - Lock on /workdir/hadoop-ozone/ozonefs/target/test-dir/MiniOzoneClusterImpl-67ae9893-6bb6-4118-b4b3-8532bd0372c2/datanode-1/data/ratis/c6f0859b-35c7-4a1d-9ec6-54b41cc1f832/in_use.lock acquired by nodename 21295@pr-hdds-1737-dstl4-2900247166
2019-10-16 08:23:22,381 [main] INFO  ozone.MiniOzoneClusterImpl (MiniOzoneClusterImpl.java:lambda$waitForClusterToBeReady$0(147)) - Waiting for cluster to be ready. Got 2 of 3 DN Heartbeats.
2019-10-16 08:23:22,382 [IPC Server handler 0 on 35207] INFO  net.NetworkTopology (NetworkTopologyImpl.java:add(111)) - Added a new node: /default-rack/40c716bc-1a29-46d5-b9af-b2faebaee060
2019-10-16 08:23:22,382 [IPC Server handler 0 on 35207] INFO  node.SCMNodeManager (SCMNodeManager.java:register(268)) - Registered Data node : 40c716bc-1a29-46d5-b9af-b2faebaee060{ip: 192.168.34.43, host: pr-hdds-1737-dstl4-2900247166, networkLocation: /default-rack, certSerialId: null}
2019-10-16 08:23:22,383 [pool-287-thread-1] INFO  storage.RaftStorage (RaftStorage.java:format(84)) - Storage directory /workdir/hadoop-ozone/ozonefs/target/test-dir/MiniOzoneClusterImpl-67ae9893-6bb6-4118-b4b3-8532bd0372c2/datanode-1/data/ratis/c6f0859b-35c7-4a1d-9ec6-54b41cc1f832 has been successfully formatted.
2019-10-16 08:23:22,383 [pool-287-thread-1] INFO  ratis.ContainerStateMachine (ContainerStateMachine.java:loadSnapshot(231)) - group-54B41CC1F832: The snapshot info is null. Setting the last applied indexto:(t:0, i:~)
2019-10-16 08:23:22,383 [pool-287-thread-1] INFO  server.RaftServerConfigKeys (ConfUtils.java:logGet(43)) - raft.server.notification.no-leader.timeout = 120s (custom)
2019-10-16 08:23:22,383 [pool-287-thread-1] INFO  server.RaftServerConfigKeys (ConfUtils.java:logGet(43)) - raft.server.log.use.memory = false (default)
2019-10-16 08:23:22,383 [pool-287-thread-1] INFO  server.RaftServerConfigKeys (ConfUtils.java:logGet(43)) - raft.server.log.purge.gap = 1000000 (custom)
2019-10-16 08:23:22,384 [pool-287-thread-1] INFO  server.RaftServerConfigKeys (ConfUtils.java:logGet(43)) - raft.server.log.appender.buffer.byte-limit = 33554432 (custom)
2019-10-16 08:23:22,384 [pool-287-thread-1] INFO  server.RaftServerConfigKeys (ConfUtils.java:logGet(43)) - raft.server.log.segment.size.max = 1048576 (custom)
2019-10-16 08:23:22,385 [pool-287-thread-1] INFO  server.RaftServerConfigKeys (ConfUtils.java:logGet(43)) - raft.server.log.segment.cache.num.max = 2 (custom)
2019-10-16 08:23:22,385 [pool-287-thread-1] INFO  segmented.SegmentedRaftLogWorker (SegmentedRaftLogWorker.java:<init>(173)) - new 611f11a7-b9fe-4124-850b-c9a3f03686ca@group-54B41CC1F832-SegmentedRaftLogWorker for RaftStorage:Storage Directory /workdir/hadoop-ozone/ozonefs/target/test-dir/MiniOzoneClusterImpl-67ae9893-6bb6-4118-b4b3-8532bd0372c2/datanode-1/data/ratis/c6f0859b-35c7-4a1d-9ec6-54b41cc1f832
2019-10-16 08:23:22,386 [pool-287-thread-1] INFO  server.RaftServerConfigKeys (ConfUtils.java:logGet(43)) - raft.server.log.queue.byte-limit = 2147483647 (custom)
2019-10-16 08:23:22,386 [pool-287-thread-1] INFO  server.RaftServerConfigKeys (ConfUtils.java:logGet(43)) - raft.server.log.queue.element-limit = 1024 (custom)
2019-10-16 08:23:22,386 [pool-287-thread-1] INFO  server.RaftServerConfigKeys (ConfUtils.java:logGet(43)) - raft.server.log.segment.size.max = 1048576 (custom)
2019-10-16 08:23:22,386 [pool-287-thread-1] INFO  server.RaftServerConfigKeys (ConfUtils.java:logGet(43)) - raft.server.log.preallocated.size = 16384 (custom)
2019-10-16 08:23:22,386 [pool-287-thread-1] INFO  server.RaftServerConfigKeys (ConfUtils.java:logGet(43)) - raft.server.log.write.buffer.size = 33554432 (custom)
2019-10-16 08:23:22,386 [pool-287-thread-1] INFO  server.RaftServerConfigKeys (ConfUtils.java:logGet(43)) - raft.server.log.force.sync.num = 128 (default)
2019-10-16 08:23:22,386 [pool-287-thread-1] INFO  server.RaftServerConfigKeys (ConfUtils.java:logGet(43)) - raft.server.log.statemachine.data.sync = true (default)
2019-10-16 08:23:22,386 [pool-287-thread-1] INFO  server.RaftServerConfigKeys (ConfUtils.java:logGet(43)) - raft.server.log.statemachine.data.sync.timeout = 10s (default)
2019-10-16 08:23:22,387 [pool-287-thread-1] INFO  server.RaftServerConfigKeys (ConfUtils.java:logGet(43)) - raft.server.log.statemachine.data.sync.timeout.retry = -1 (default)
2019-10-16 08:23:22,387 [pool-287-thread-1] INFO  server.RaftServerConfigKeys (ConfUtils.java:logGet(43)) - raft.server.log.statemachine.data.caching.enabled = true (custom)
2019-10-16 08:23:22,387 [pool-287-thread-1] INFO  segmented.SegmentedRaftLogWorker (SegmentedRaftLogWorker.java:lambda$new$0(128)) - 611f11a7-b9fe-4124-850b-c9a3f03686ca@group-54B41CC1F832-SegmentedRaftLogWorker: flushIndex: setUnconditionally 0 -> -1
2019-10-16 08:23:22,387 [pool-287-thread-1] INFO  server.RaftServerConfigKeys (ConfUtils.java:logGet(43)) - raft.server.snapshot.auto.trigger.enabled = true (custom)
2019-10-16 08:23:22,388 [pool-287-thread-1] INFO  server.RaftServerConfigKeys (ConfUtils.java:logGet(43)) - raft.server.snapshot.auto.trigger.threshold = 10000 (custom)
2019-10-16 08:23:22,388 [pool-287-thread-1] INFO  server.RaftServerConfigKeys (ConfUtils.java:logGet(43)) - raft.server.snapshot.retention.file.num = 5 (custom)
2019-10-16 08:23:22,388 [pool-287-thread-1] INFO  server.RaftServerConfigKeys (ConfUtils.java:logGet(43)) - raft.server.retrycache.expirytime = 600000ms (custom)
2019-10-16 08:23:22,391 [pool-287-thread-1] INFO  impl.RaftServerImpl (RaftServerImpl.java:start(195)) - 611f11a7-b9fe-4124-850b-c9a3f03686ca@group-54B41CC1F832: start as a follower, conf=-1: [611f11a7-b9fe-4124-850b-c9a3f03686ca:192.168.34.43:36223], old=null
2019-10-16 08:23:22,391 [pool-287-thread-1] INFO  impl.RaftServerImpl (RaftServerImpl.java:setRole(184)) - 611f11a7-b9fe-4124-850b-c9a3f03686ca@group-54B41CC1F832: changes role from      null to FOLLOWER at term 0 for startAsFollower
2019-10-16 08:23:22,391 [pool-287-thread-1] INFO  impl.RoleInfo (RoleInfo.java:updateAndGet(143)) - 611f11a7-b9fe-4124-850b-c9a3f03686ca: start FollowerState
2019-10-16 08:23:22,391 [pool-287-thread-1] INFO  util.JmxRegister (JmxRegister.java:tryRegister(44)) - Successfully registered JMX Bean with object name Ratis:service=RaftServer,group=group-54B41CC1F832,id=611f11a7-b9fe-4124-850b-c9a3f03686ca
2019-10-16 08:23:22,399 [RatisPipelineUtilsThread] INFO  pipeline.PipelineStateManager (PipelineStateManager.java:addPipeline(56)) - Created pipeline Pipeline[ Id: c6f0859b-35c7-4a1d-9ec6-54b41cc1f832, Nodes: 611f11a7-b9fe-4124-850b-c9a3f03686ca{ip: 192.168.34.43, host: pr-hdds-1737-dstl4-2900247166, networkLocation: /default-rack, certSerialId: null}, Type:RATIS, Factor:ONE, State:OPEN]
2019-10-16 08:23:22,408 [grpc-default-executor-0] INFO  impl.RaftServerProxy (RaftServerProxy.java:addNew(89)) - 40c716bc-1a29-46d5-b9af-b2faebaee060: addNew group-A1F67634F1C5:[40c716bc-1a29-46d5-b9af-b2faebaee060:192.168.34.43:40056] returns group-A1F67634F1C5:java.util.concurrent.CompletableFuture@393202ce[Not completed]
2019-10-16 08:23:22,409 [pool-297-thread-1] INFO  impl.RaftServerImpl (RaftServerImpl.java:<init>(104)) - 40c716bc-1a29-46d5-b9af-b2faebaee060: new RaftServerImpl for group-A1F67634F1C5:[40c716bc-1a29-46d5-b9af-b2faebaee060:192.168.34.43:40056] with ContainerStateMachine:uninitialized
2019-10-16 08:23:22,410 [pool-297-thread-1] INFO  server.RaftServerConfigKeys (ConfUtils.java:logGet(43)) - raft.server.rpc.timeout.min = 5s (custom)
2019-10-16 08:23:22,410 [pool-297-thread-1] INFO  server.RaftServerConfigKeys (ConfUtils.java:logGet(43)) - raft.server.rpc.timeout.max = 5200ms (custom)
2019-10-16 08:23:22,410 [pool-297-thread-1] INFO  server.RaftServerConfigKeys (ConfUtils.java:logGet(43)) - raft.server.rpcslowness.timeout = 120s (custom)
2019-10-16 08:23:22,410 [pool-297-thread-1] INFO  server.RaftServerConfigKeys (ConfUtils.java:logGet(43)) - raft.server.sleep.deviation.threshold = 300 (default)
2019-10-16 08:23:22,410 [pool-297-thread-1] INFO  server.RaftServerConfigKeys (ConfUtils.java:logGet(43)) - raft.server.log.appender.install.snapshot.enabled = false (custom)
2019-10-16 08:23:22,410 [pool-297-thread-1] INFO  impl.RaftServerImpl (ServerState.java:<init>(103)) - 40c716bc-1a29-46d5-b9af-b2faebaee060@group-A1F67634F1C5: ConfigurationManager, init=-1: [40c716bc-1a29-46d5-b9af-b2faebaee060:192.168.34.43:40056], old=null, confs=<EMPTY_MAP>
2019-10-16 08:23:22,410 [pool-297-thread-1] INFO  server.RaftServerConfigKeys (ConfUtils.java:logGet(43)) - raft.server.storage.dir = [/workdir/hadoop-ozone/ozonefs/target/test-dir/MiniOzoneClusterImpl-67ae9893-6bb6-4118-b4b3-8532bd0372c2/datanode-2/data/ratis] (custom)
2019-10-16 08:23:22,410 [pool-297-thread-1] INFO  server.RaftServerConfigKeys (ConfUtils.java:logGet(43)) - raft.server.log.corruption.policy = EXCEPTION (default)
2019-10-16 08:23:22,411 [pool-297-thread-1] INFO  storage.RaftStorageDirectory (RaftStorageDirectory.java:analyzeStorage(246)) - The storage directory /workdir/hadoop-ozone/ozonefs/target/test-dir/MiniOzoneClusterImpl-67ae9893-6bb6-4118-b4b3-8532bd0372c2/datanode-2/data/ratis/5f3c7329-0df9-4307-bbf3-a1f67634f1c5 does not exist. Creating ...
2019-10-16 08:23:22,423 [pool-297-thread-1] INFO  storage.RaftStorageDirectory (RaftStorageDirectory.java:tryLock(328)) - Lock on /workdir/hadoop-ozone/ozonefs/target/test-dir/MiniOzoneClusterImpl-67ae9893-6bb6-4118-b4b3-8532bd0372c2/datanode-2/data/ratis/5f3c7329-0df9-4307-bbf3-a1f67634f1c5/in_use.lock acquired by nodename 21295@pr-hdds-1737-dstl4-2900247166
2019-10-16 08:23:22,436 [pool-297-thread-1] INFO  storage.RaftStorage (RaftStorage.java:format(84)) - Storage directory /workdir/hadoop-ozone/ozonefs/target/test-dir/MiniOzoneClusterImpl-67ae9893-6bb6-4118-b4b3-8532bd0372c2/datanode-2/data/ratis/5f3c7329-0df9-4307-bbf3-a1f67634f1c5 has been successfully formatted.
2019-10-16 08:23:22,436 [pool-297-thread-1] INFO  ratis.ContainerStateMachine (ContainerStateMachine.java:loadSnapshot(231)) - group-A1F67634F1C5: The snapshot info is null. Setting the last applied indexto:(t:0, i:~)
2019-10-16 08:23:22,436 [pool-297-thread-1] INFO  server.RaftServerConfigKeys (ConfUtils.java:logGet(43)) - raft.server.notification.no-leader.timeout = 120s (custom)
2019-10-16 08:23:22,436 [pool-297-thread-1] INFO  server.RaftServerConfigKeys (ConfUtils.java:logGet(43)) - raft.server.log.use.memory = false (default)
2019-10-16 08:23:22,436 [pool-297-thread-1] INFO  server.RaftServerConfigKeys (ConfUtils.java:logGet(43)) - raft.server.log.purge.gap = 1000000 (custom)
2019-10-16 08:23:22,436 [pool-297-thread-1] INFO  server.RaftServerConfigKeys (ConfUtils.java:logGet(43)) - raft.server.log.appender.buffer.byte-limit = 33554432 (custom)
2019-10-16 08:23:22,437 [pool-297-thread-1] INFO  server.RaftServerConfigKeys (ConfUtils.java:logGet(43)) - raft.server.log.segment.size.max = 1048576 (custom)
2019-10-16 08:23:22,438 [pool-297-thread-1] INFO  server.RaftServerConfigKeys (ConfUtils.java:logGet(43)) - raft.server.log.segment.cache.num.max = 2 (custom)
2019-10-16 08:23:22,438 [pool-297-thread-1] INFO  segmented.SegmentedRaftLogWorker (SegmentedRaftLogWorker.java:<init>(173)) - new 40c716bc-1a29-46d5-b9af-b2faebaee060@group-A1F67634F1C5-SegmentedRaftLogWorker for RaftStorage:Storage Directory /workdir/hadoop-ozone/ozonefs/target/test-dir/MiniOzoneClusterImpl-67ae9893-6bb6-4118-b4b3-8532bd0372c2/datanode-2/data/ratis/5f3c7329-0df9-4307-bbf3-a1f67634f1c5
2019-10-16 08:23:22,438 [pool-297-thread-1] INFO  server.RaftServerConfigKeys (ConfUtils.java:logGet(43)) - raft.server.log.queue.byte-limit = 2147483647 (custom)
2019-10-16 08:23:22,438 [pool-297-thread-1] INFO  server.RaftServerConfigKeys (ConfUtils.java:logGet(43)) - raft.server.log.queue.element-limit = 1024 (custom)
2019-10-16 08:23:22,438 [pool-297-thread-1] INFO  server.RaftServerConfigKeys (ConfUtils.java:logGet(43)) - raft.server.log.segment.size.max = 1048576 (custom)
2019-10-16 08:23:22,438 [pool-297-thread-1] INFO  server.RaftServerConfigKeys (ConfUtils.java:logGet(43)) - raft.server.log.preallocated.size = 16384 (custom)
2019-10-16 08:23:22,438 [pool-297-thread-1] INFO  server.RaftServerConfigKeys (ConfUtils.java:logGet(43)) - raft.server.log.write.buffer.size = 33554432 (custom)
2019-10-16 08:23:22,439 [pool-297-thread-1] INFO  server.RaftServerConfigKeys (ConfUtils.java:logGet(43)) - raft.server.log.force.sync.num = 128 (default)
2019-10-16 08:23:22,439 [pool-297-thread-1] INFO  server.RaftServerConfigKeys (ConfUtils.java:logGet(43)) - raft.server.log.statemachine.data.sync = true (default)
2019-10-16 08:23:22,439 [pool-297-thread-1] INFO  server.RaftServerConfigKeys (ConfUtils.java:logGet(43)) - raft.server.log.statemachine.data.sync.timeout = 10s (default)
2019-10-16 08:23:22,439 [pool-297-thread-1] INFO  server.RaftServerConfigKeys (ConfUtils.java:logGet(43)) - raft.server.log.statemachine.data.sync.timeout.retry = -1 (default)
2019-10-16 08:23:22,439 [pool-297-thread-1] INFO  server.RaftServerConfigKeys (ConfUtils.java:logGet(43)) - raft.server.log.statemachine.data.caching.enabled = true (custom)
2019-10-16 08:23:22,439 [pool-297-thread-1] INFO  segmented.SegmentedRaftLogWorker (SegmentedRaftLogWorker.java:lambda$new$0(128)) - 40c716bc-1a29-46d5-b9af-b2faebaee060@group-A1F67634F1C5-SegmentedRaftLogWorker: flushIndex: setUnconditionally 0 -> -1
2019-10-16 08:23:22,440 [pool-297-thread-1] INFO  server.RaftServerConfigKeys (ConfUtils.java:logGet(43)) - raft.server.snapshot.auto.trigger.enabled = true (custom)
2019-10-16 08:23:22,440 [pool-297-thread-1] INFO  server.RaftServerConfigKeys (ConfUtils.java:logGet(43)) - raft.server.snapshot.auto.trigger.threshold = 10000 (custom)
2019-10-16 08:23:22,440 [pool-297-thread-1] INFO  server.RaftServerConfigKeys (ConfUtils.java:logGet(43)) - raft.server.snapshot.retention.file.num = 5 (custom)
2019-10-16 08:23:22,440 [pool-297-thread-1] INFO  server.RaftServerConfigKeys (ConfUtils.java:logGet(43)) - raft.server.retrycache.expirytime = 600000ms (custom)
2019-10-16 08:23:22,442 [pool-297-thread-1] INFO  impl.RaftServerImpl (RaftServerImpl.java:start(195)) - 40c716bc-1a29-46d5-b9af-b2faebaee060@group-A1F67634F1C5: start as a follower, conf=-1: [40c716bc-1a29-46d5-b9af-b2faebaee060:192.168.34.43:40056], old=null
2019-10-16 08:23:22,442 [pool-297-thread-1] INFO  impl.RaftServerImpl (RaftServerImpl.java:setRole(184)) - 40c716bc-1a29-46d5-b9af-b2faebaee060@group-A1F67634F1C5: changes role from      null to FOLLOWER at term 0 for startAsFollower
2019-10-16 08:23:22,442 [pool-297-thread-1] INFO  impl.RoleInfo (RoleInfo.java:updateAndGet(143)) - 40c716bc-1a29-46d5-b9af-b2faebaee060: start FollowerState
2019-10-16 08:23:22,443 [pool-297-thread-1] INFO  util.JmxRegister (JmxRegister.java:tryRegister(44)) - Successfully registered JMX Bean with object name Ratis:service=RaftServer,group=group-A1F67634F1C5,id=40c716bc-1a29-46d5-b9af-b2faebaee060
2019-10-16 08:23:22,448 [RatisPipelineUtilsThread] INFO  pipeline.PipelineStateManager (PipelineStateManager.java:addPipeline(56)) - Created pipeline Pipeline[ Id: 5f3c7329-0df9-4307-bbf3-a1f67634f1c5, Nodes: 40c716bc-1a29-46d5-b9af-b2faebaee060{ip: 192.168.34.43, host: pr-hdds-1737-dstl4-2900247166, networkLocation: /default-rack, certSerialId: null}, Type:RATIS, Factor:ONE, State:OPEN]
2019-10-16 08:23:22,461 [grpc-default-executor-1] INFO  impl.RaftServerProxy (RaftServerProxy.java:addNew(89)) - 611f11a7-b9fe-4124-850b-c9a3f03686ca: addNew group-CBB3052ECE6D:[40c716bc-1a29-46d5-b9af-b2faebaee060:192.168.34.43:40056, eda86e88-1ab6-4545-bd3b-ef4fe3798e6c:192.168.34.43:34593, 611f11a7-b9fe-4124-850b-c9a3f03686ca:192.168.34.43:36223] returns group-CBB3052ECE6D:java.util.concurrent.CompletableFuture@6126e0ba[Not completed]
2019-10-16 08:23:22,461 [grpc-default-executor-2] INFO  impl.RaftServerProxy (RaftServerProxy.java:addNew(89)) - eda86e88-1ab6-4545-bd3b-ef4fe3798e6c: addNew group-CBB3052ECE6D:[40c716bc-1a29-46d5-b9af-b2faebaee060:192.168.34.43:40056, eda86e88-1ab6-4545-bd3b-ef4fe3798e6c:192.168.34.43:34593, 611f11a7-b9fe-4124-850b-c9a3f03686ca:192.168.34.43:36223] returns group-CBB3052ECE6D:java.util.concurrent.CompletableFuture@64eb0cf5[Not completed]
2019-10-16 08:23:22,461 [grpc-default-executor-0] INFO  impl.RaftServerProxy (RaftServerProxy.java:addNew(89)) - 40c716bc-1a29-46d5-b9af-b2faebaee060: addNew group-CBB3052ECE6D:[40c716bc-1a29-46d5-b9af-b2faebaee060:192.168.34.43:40056, eda86e88-1ab6-4545-bd3b-ef4fe3798e6c:192.168.34.43:34593, 611f11a7-b9fe-4124-850b-c9a3f03686ca:192.168.34.43:36223] returns group-CBB3052ECE6D:java.util.concurrent.CompletableFuture@2b1f5ac1[Not completed]
2019-10-16 08:23:22,462 [pool-287-thread-1] INFO  impl.RaftServerImpl (RaftServerImpl.java:<init>(104)) - 611f11a7-b9fe-4124-850b-c9a3f03686ca: new RaftServerImpl for group-CBB3052ECE6D:[40c716bc-1a29-46d5-b9af-b2faebaee060:192.168.34.43:40056, eda86e88-1ab6-4545-bd3b-ef4fe3798e6c:192.168.34.43:34593, 611f11a7-b9fe-4124-850b-c9a3f03686ca:192.168.34.43:36223] with ContainerStateMachine:uninitialized
2019-10-16 08:23:22,462 [pool-287-thread-1] INFO  server.RaftServerConfigKeys (ConfUtils.java:logGet(43)) - raft.server.rpc.timeout.min = 5s (custom)
2019-10-16 08:23:22,463 [pool-287-thread-1] INFO  server.RaftServerConfigKeys (ConfUtils.java:logGet(43)) - raft.server.rpc.timeout.max = 5200ms (custom)
2019-10-16 08:23:22,463 [pool-287-thread-1] INFO  server.RaftServerConfigKeys (ConfUtils.java:logGet(43)) - raft.server.rpcslowness.timeout = 120s (custom)
2019-10-16 08:23:22,463 [pool-287-thread-1] INFO  server.RaftServerConfigKeys (ConfUtils.java:logGet(43)) - raft.server.sleep.deviation.threshold = 300 (default)
2019-10-16 08:23:22,463 [pool-277-thread-1] INFO  impl.RaftServerImpl (RaftServerImpl.java:<init>(104)) - eda86e88-1ab6-4545-bd3b-ef4fe3798e6c: new RaftServerImpl for group-CBB3052ECE6D:[40c716bc-1a29-46d5-b9af-b2faebaee060:192.168.34.43:40056, eda86e88-1ab6-4545-bd3b-ef4fe3798e6c:192.168.34.43:34593, 611f11a7-b9fe-4124-850b-c9a3f03686ca:192.168.34.43:36223] with ContainerStateMachine:uninitialized
2019-10-16 08:23:22,463 [pool-287-thread-1] INFO  server.RaftServerConfigKeys (ConfUtils.java:logGet(43)) - raft.server.log.appender.install.snapshot.enabled = false (custom)
2019-10-16 08:23:22,463 [pool-277-thread-1] INFO  server.RaftServerConfigKeys (ConfUtils.java:logGet(43)) - raft.server.rpc.timeout.min = 5s (custom)
2019-10-16 08:23:22,463 [pool-297-thread-1] INFO  impl.RaftServerImpl (RaftServerImpl.java:<init>(104)) - 40c716bc-1a29-46d5-b9af-b2faebaee060: new RaftServerImpl for group-CBB3052ECE6D:[40c716bc-1a29-46d5-b9af-b2faebaee060:192.168.34.43:40056, eda86e88-1ab6-4545-bd3b-ef4fe3798e6c:192.168.34.43:34593, 611f11a7-b9fe-4124-850b-c9a3f03686ca:192.168.34.43:36223] with ContainerStateMachine:uninitialized
2019-10-16 08:23:22,463 [pool-287-thread-1] INFO  impl.RaftServerImpl (ServerState.java:<init>(103)) - 611f11a7-b9fe-4124-850b-c9a3f03686ca@group-CBB3052ECE6D: ConfigurationManager, init=-1: [40c716bc-1a29-46d5-b9af-b2faebaee060:192.168.34.43:40056, eda86e88-1ab6-4545-bd3b-ef4fe3798e6c:192.168.34.43:34593, 611f11a7-b9fe-4124-850b-c9a3f03686ca:192.168.34.43:36223], old=null, confs=<EMPTY_MAP>
2019-10-16 08:23:22,463 [pool-297-thread-1] INFO  server.RaftServerConfigKeys (ConfUtils.java:logGet(43)) - raft.server.rpc.timeout.min = 5s (custom)
2019-10-16 08:23:22,463 [pool-277-thread-1] INFO  server.RaftServerConfigKeys (ConfUtils.java:logGet(43)) - raft.server.rpc.timeout.max = 5200ms (custom)
2019-10-16 08:23:22,464 [pool-287-thread-1] INFO  server.RaftServerConfigKeys (ConfUtils.java:logGet(43)) - raft.server.storage.dir = [/workdir/hadoop-ozone/ozonefs/target/test-dir/MiniOzoneClusterImpl-67ae9893-6bb6-4118-b4b3-8532bd0372c2/datanode-1/data/ratis] (custom)
2019-10-16 08:23:22,464 [pool-297-thread-1] INFO  server.RaftServerConfigKeys (ConfUtils.java:logGet(43)) - raft.server.rpc.timeout.max = 5200ms (custom)
2019-10-16 08:23:22,464 [pool-277-thread-1] INFO  server.RaftServerConfigKeys (ConfUtils.java:logGet(43)) - raft.server.rpcslowness.timeout = 120s (custom)
2019-10-16 08:23:22,464 [pool-297-thread-1] INFO  server.RaftServerConfigKeys (ConfUtils.java:logGet(43)) - raft.server.rpcslowness.timeout = 120s (custom)
2019-10-16 08:23:22,464 [pool-277-thread-1] INFO  server.RaftServerConfigKeys (ConfUtils.java:logGet(43)) - raft.server.sleep.deviation.threshold = 300 (default)
2019-10-16 08:23:22,464 [pool-287-thread-1] INFO  server.RaftServerConfigKeys (ConfUtils.java:logGet(43)) - raft.server.log.corruption.policy = EXCEPTION (default)
2019-10-16 08:23:22,464 [pool-277-thread-1] INFO  server.RaftServerConfigKeys (ConfUtils.java:logGet(43)) - raft.server.log.appender.install.snapshot.enabled = false (custom)
2019-10-16 08:23:22,464 [pool-297-thread-1] INFO  server.RaftServerConfigKeys (ConfUtils.java:logGet(43)) - raft.server.sleep.deviation.threshold = 300 (default)
2019-10-16 08:23:22,464 [pool-277-thread-1] INFO  impl.RaftServerImpl (ServerState.java:<init>(103)) - eda86e88-1ab6-4545-bd3b-ef4fe3798e6c@group-CBB3052ECE6D: ConfigurationManager, init=-1: [40c716bc-1a29-46d5-b9af-b2faebaee060:192.168.34.43:40056, eda86e88-1ab6-4545-bd3b-ef4fe3798e6c:192.168.34.43:34593, 611f11a7-b9fe-4124-850b-c9a3f03686ca:192.168.34.43:36223], old=null, confs=<EMPTY_MAP>
2019-10-16 08:23:22,464 [pool-287-thread-1] INFO  storage.RaftStorageDirectory (RaftStorageDirectory.java:analyzeStorage(246)) - The storage directory /workdir/hadoop-ozone/ozonefs/target/test-dir/MiniOzoneClusterImpl-67ae9893-6bb6-4118-b4b3-8532bd0372c2/datanode-1/data/ratis/73429dec-c276-43bb-9f77-cbb3052ece6d does not exist. Creating ...
2019-10-16 08:23:22,465 [pool-277-thread-1] INFO  server.RaftServerConfigKeys (ConfUtils.java:logGet(43)) - raft.server.storage.dir = [/workdir/hadoop-ozone/ozonefs/target/test-dir/MiniOzoneClusterImpl-67ae9893-6bb6-4118-b4b3-8532bd0372c2/datanode-0/data/ratis] (custom)
2019-10-16 08:23:22,465 [pool-297-thread-1] INFO  server.RaftServerConfigKeys (ConfUtils.java:logGet(43)) - raft.server.log.appender.install.snapshot.enabled = false (custom)
2019-10-16 08:23:22,465 [pool-297-thread-1] INFO  impl.RaftServerImpl (ServerState.java:<init>(103)) - 40c716bc-1a29-46d5-b9af-b2faebaee060@group-CBB3052ECE6D: ConfigurationManager, init=-1: [40c716bc-1a29-46d5-b9af-b2faebaee060:192.168.34.43:40056, eda86e88-1ab6-4545-bd3b-ef4fe3798e6c:192.168.34.43:34593, 611f11a7-b9fe-4124-850b-c9a3f03686ca:192.168.34.43:36223], old=null, confs=<EMPTY_MAP>
2019-10-16 08:23:22,465 [pool-277-thread-1] INFO  server.RaftServerConfigKeys (ConfUtils.java:logGet(43)) - raft.server.log.corruption.policy = EXCEPTION (default)
2019-10-16 08:23:22,465 [pool-297-thread-1] INFO  server.RaftServerConfigKeys (ConfUtils.java:logGet(43)) - raft.server.storage.dir = [/workdir/hadoop-ozone/ozonefs/target/test-dir/MiniOzoneClusterImpl-67ae9893-6bb6-4118-b4b3-8532bd0372c2/datanode-2/data/ratis] (custom)
2019-10-16 08:23:22,465 [pool-277-thread-1] INFO  storage.RaftStorageDirectory (RaftStorageDirectory.java:analyzeStorage(246)) - The storage directory /workdir/hadoop-ozone/ozonefs/target/test-dir/MiniOzoneClusterImpl-67ae9893-6bb6-4118-b4b3-8532bd0372c2/datanode-0/data/ratis/73429dec-c276-43bb-9f77-cbb3052ece6d does not exist. Creating ...
2019-10-16 08:23:22,465 [pool-297-thread-1] INFO  server.RaftServerConfigKeys (ConfUtils.java:logGet(43)) - raft.server.log.corruption.policy = EXCEPTION (default)
2019-10-16 08:23:22,466 [pool-297-thread-1] INFO  storage.RaftStorageDirectory (RaftStorageDirectory.java:analyzeStorage(246)) - The storage directory /workdir/hadoop-ozone/ozonefs/target/test-dir/MiniOzoneClusterImpl-67ae9893-6bb6-4118-b4b3-8532bd0372c2/datanode-2/data/ratis/73429dec-c276-43bb-9f77-cbb3052ece6d does not exist. Creating ...
2019-10-16 08:23:22,484 [Thread-1658] INFO  impl.FollowerState (FollowerState.java:run(108)) - eda86e88-1ab6-4545-bd3b-ef4fe3798e6c@group-0A0AF71B9919-FollowerState: change to CANDIDATE, lastRpcTime:171ms, electionTimeout:171ms
2019-10-16 08:23:22,484 [Thread-1658] INFO  impl.RoleInfo (RoleInfo.java:shutdownFollowerState(121)) - eda86e88-1ab6-4545-bd3b-ef4fe3798e6c: shutdown FollowerState
2019-10-16 08:23:22,484 [Thread-1658] INFO  impl.RaftServerImpl (RaftServerImpl.java:setRole(184)) - eda86e88-1ab6-4545-bd3b-ef4fe3798e6c@group-0A0AF71B9919: changes role from  FOLLOWER to CANDIDATE at term 0 for changeToCandidate
2019-10-16 08:23:22,485 [Thread-1658] INFO  impl.RoleInfo (RoleInfo.java:updateAndGet(143)) - eda86e88-1ab6-4545-bd3b-ef4fe3798e6c: start LeaderElection
2019-10-16 08:23:22,490 [pool-277-thread-1] INFO  storage.RaftStorageDirectory (RaftStorageDirectory.java:tryLock(328)) - Lock on /workdir/hadoop-ozone/ozonefs/target/test-dir/MiniOzoneClusterImpl-67ae9893-6bb6-4118-b4b3-8532bd0372c2/datanode-0/data/ratis/73429dec-c276-43bb-9f77-cbb3052ece6d/in_use.lock acquired by nodename 21295@pr-hdds-1737-dstl4-2900247166
2019-10-16 08:23:22,490 [pool-297-thread-1] INFO  storage.RaftStorageDirectory (RaftStorageDirectory.java:tryLock(328)) - Lock on /workdir/hadoop-ozone/ozonefs/target/test-dir/MiniOzoneClusterImpl-67ae9893-6bb6-4118-b4b3-8532bd0372c2/datanode-2/data/ratis/73429dec-c276-43bb-9f77-cbb3052ece6d/in_use.lock acquired by nodename 21295@pr-hdds-1737-dstl4-2900247166
2019-10-16 08:23:22,490 [pool-287-thread-1] INFO  storage.RaftStorageDirectory (RaftStorageDirectory.java:tryLock(328)) - Lock on /workdir/hadoop-ozone/ozonefs/target/test-dir/MiniOzoneClusterImpl-67ae9893-6bb6-4118-b4b3-8532bd0372c2/datanode-1/data/ratis/73429dec-c276-43bb-9f77-cbb3052ece6d/in_use.lock acquired by nodename 21295@pr-hdds-1737-dstl4-2900247166
2019-10-16 08:23:22,492 [Thread-1664] INFO  impl.FollowerState (FollowerState.java:run(108)) - 40c716bc-1a29-46d5-b9af-b2faebaee060@group-A1F67634F1C5-FollowerState: change to CANDIDATE, lastRpcTime:49ms, electionTimeout:49ms
2019-10-16 08:23:22,492 [Thread-1664] INFO  impl.RoleInfo (RoleInfo.java:shutdownFollowerState(121)) - 40c716bc-1a29-46d5-b9af-b2faebaee060: shutdown FollowerState
2019-10-16 08:23:22,492 [Thread-1664] INFO  impl.RaftServerImpl (RaftServerImpl.java:setRole(184)) - 40c716bc-1a29-46d5-b9af-b2faebaee060@group-A1F67634F1C5: changes role from  FOLLOWER to CANDIDATE at term 0 for changeToCandidate
2019-10-16 08:23:22,492 [Thread-1664] INFO  impl.RoleInfo (RoleInfo.java:updateAndGet(143)) - 40c716bc-1a29-46d5-b9af-b2faebaee060: start LeaderElection
2019-10-16 08:23:22,495 [eda86e88-1ab6-4545-bd3b-ef4fe3798e6c@group-0A0AF71B9919-LeaderElection83] INFO  impl.LeaderElection (LeaderElection.java:askForVotes(178)) - eda86e88-1ab6-4545-bd3b-ef4fe3798e6c@group-0A0AF71B9919-LeaderElection83: begin an election at term 1 for -1: [eda86e88-1ab6-4545-bd3b-ef4fe3798e6c:192.168.34.43:34593], old=null
2019-10-16 08:23:22,495 [eda86e88-1ab6-4545-bd3b-ef4fe3798e6c@group-0A0AF71B9919-LeaderElection83] INFO  impl.RoleInfo (RoleInfo.java:shutdownLeaderElection(134)) - eda86e88-1ab6-4545-bd3b-ef4fe3798e6c: shutdown LeaderElection
2019-10-16 08:23:22,495 [eda86e88-1ab6-4545-bd3b-ef4fe3798e6c@group-0A0AF71B9919-LeaderElection83] INFO  impl.RaftServerImpl (RaftServerImpl.java:setRole(184)) - eda86e88-1ab6-4545-bd3b-ef4fe3798e6c@group-0A0AF71B9919: changes role from CANDIDATE to LEADER at term 1 for changeToLeader
2019-10-16 08:23:22,496 [eda86e88-1ab6-4545-bd3b-ef4fe3798e6c@group-0A0AF71B9919-LeaderElection83] INFO  impl.RaftServerImpl (ServerState.java:setLeader(256)) - eda86e88-1ab6-4545-bd3b-ef4fe3798e6c@group-0A0AF71B9919: change Leader from null to eda86e88-1ab6-4545-bd3b-ef4fe3798e6c at term 1 for becomeLeader, leader elected after 207ms
2019-10-16 08:23:22,496 [eda86e88-1ab6-4545-bd3b-ef4fe3798e6c@group-0A0AF71B9919-LeaderElection83] INFO  server.RaftServerConfigKeys (ConfUtils.java:logGet(43)) - raft.server.staging.catchup.gap = 1000 (default)
2019-10-16 08:23:22,496 [eda86e88-1ab6-4545-bd3b-ef4fe3798e6c@group-0A0AF71B9919-LeaderElection83] INFO  server.RaftServerConfigKeys (ConfUtils.java:logGet(43)) - raft.server.rpc.sleep.time = 25ms (default)
2019-10-16 08:23:22,496 [eda86e88-1ab6-4545-bd3b-ef4fe3798e6c@group-0A0AF71B9919-LeaderElection83] INFO  server.RaftServerConfigKeys (ConfUtils.java:logGet(43)) - raft.server.write.element-limit = 4096 (default)
2019-10-16 08:23:22,496 [eda86e88-1ab6-4545-bd3b-ef4fe3798e6c@group-0A0AF71B9919-LeaderElection83] INFO  server.RaftServerConfigKeys (ConfUtils.java:logGet(43)) - raft.server.watch.timeout = 10s (default)
2019-10-16 08:23:22,496 [eda86e88-1ab6-4545-bd3b-ef4fe3798e6c@group-0A0AF71B9919-LeaderElection83] INFO  server.RaftServerConfigKeys (ConfUtils.java:logGet(43)) - raft.server.watch.timeout.denomination = 1s (default)
2019-10-16 08:23:22,496 [eda86e88-1ab6-4545-bd3b-ef4fe3798e6c@group-0A0AF71B9919-LeaderElection83] INFO  server.RaftServerConfigKeys (ConfUtils.java:logGet(43)) - raft.server.watch.element-limit = 65536 (default)
2019-10-16 08:23:22,498 [eda86e88-1ab6-4545-bd3b-ef4fe3798e6c@group-0A0AF71B9919-LeaderElection83] INFO  impl.RoleInfo (RoleInfo.java:updateAndGet(143)) - eda86e88-1ab6-4545-bd3b-ef4fe3798e6c: start LeaderState
2019-10-16 08:23:22,498 [eda86e88-1ab6-4545-bd3b-ef4fe3798e6c@group-0A0AF71B9919-LeaderElection83] INFO  segmented.SegmentedRaftLogWorker (SegmentedRaftLogWorker.java:startLogSegment(385)) - eda86e88-1ab6-4545-bd3b-ef4fe3798e6c@group-0A0AF71B9919-SegmentedRaftLogWorker: Starting segment from index:0
2019-10-16 08:23:22,499 [eda86e88-1ab6-4545-bd3b-ef4fe3798e6c@group-0A0AF71B9919-LeaderElection83] INFO  impl.RaftServerImpl (ServerState.java:setRaftConf(357)) - eda86e88-1ab6-4545-bd3b-ef4fe3798e6c@group-0A0AF71B9919: set configuration 0: [eda86e88-1ab6-4545-bd3b-ef4fe3798e6c:192.168.34.43:34593], old=null at 0
2019-10-16 08:23:22,509 [pool-277-thread-1] INFO  storage.RaftStorage (RaftStorage.java:format(84)) - Storage directory /workdir/hadoop-ozone/ozonefs/target/test-dir/MiniOzoneClusterImpl-67ae9893-6bb6-4118-b4b3-8532bd0372c2/datanode-0/data/ratis/73429dec-c276-43bb-9f77-cbb3052ece6d has been successfully formatted.
2019-10-16 08:23:22,509 [pool-287-thread-1] INFO  storage.RaftStorage (RaftStorage.java:format(84)) - Storage directory /workdir/hadoop-ozone/ozonefs/target/test-dir/MiniOzoneClusterImpl-67ae9893-6bb6-4118-b4b3-8532bd0372c2/datanode-1/data/ratis/73429dec-c276-43bb-9f77-cbb3052ece6d has been successfully formatted.
2019-10-16 08:23:22,509 [pool-297-thread-1] INFO  storage.RaftStorage (RaftStorage.java:format(84)) - Storage directory /workdir/hadoop-ozone/ozonefs/target/test-dir/MiniOzoneClusterImpl-67ae9893-6bb6-4118-b4b3-8532bd0372c2/datanode-2/data/ratis/73429dec-c276-43bb-9f77-cbb3052ece6d has been successfully formatted.
2019-10-16 08:23:22,509 [pool-287-thread-1] INFO  ratis.ContainerStateMachine (ContainerStateMachine.java:loadSnapshot(231)) - group-CBB3052ECE6D: The snapshot info is null. Setting the last applied indexto:(t:0, i:~)
2019-10-16 08:23:22,509 [pool-297-thread-1] INFO  ratis.ContainerStateMachine (ContainerStateMachine.java:loadSnapshot(231)) - group-CBB3052ECE6D: The snapshot info is null. Setting the last applied indexto:(t:0, i:~)
2019-10-16 08:23:22,509 [40c716bc-1a29-46d5-b9af-b2faebaee060@group-A1F67634F1C5-LeaderElection84] INFO  impl.LeaderElection (LeaderElection.java:askForVotes(178)) - 40c716bc-1a29-46d5-b9af-b2faebaee060@group-A1F67634F1C5-LeaderElection84: begin an election at term 1 for -1: [40c716bc-1a29-46d5-b9af-b2faebaee060:192.168.34.43:40056], old=null
2019-10-16 08:23:22,509 [pool-297-thread-1] INFO  server.RaftServerConfigKeys (ConfUtils.java:logGet(43)) - raft.server.notification.no-leader.timeout = 120s (custom)
2019-10-16 08:23:22,509 [pool-287-thread-1] INFO  server.RaftServerConfigKeys (ConfUtils.java:logGet(43)) - raft.server.notification.no-leader.timeout = 120s (custom)
2019-10-16 08:23:22,509 [pool-277-thread-1] INFO  ratis.ContainerStateMachine (ContainerStateMachine.java:loadSnapshot(231)) - group-CBB3052ECE6D: The snapshot info is null. Setting the last applied indexto:(t:0, i:~)
2019-10-16 08:23:22,510 [pool-287-thread-1] INFO  server.RaftServerConfigKeys (ConfUtils.java:logGet(43)) - raft.server.log.use.memory = false (default)
2019-10-16 08:23:22,510 [pool-297-thread-1] INFO  server.RaftServerConfigKeys (ConfUtils.java:logGet(43)) - raft.server.log.use.memory = false (default)
2019-10-16 08:23:22,509 [40c716bc-1a29-46d5-b9af-b2faebaee060@group-A1F67634F1C5-LeaderElection84] INFO  impl.RoleInfo (RoleInfo.java:shutdownLeaderElection(134)) - 40c716bc-1a29-46d5-b9af-b2faebaee060: shutdown LeaderElection
2019-10-16 08:23:22,510 [pool-297-thread-1] INFO  server.RaftServerConfigKeys (ConfUtils.java:logGet(43)) - raft.server.log.purge.gap = 1000000 (custom)
2019-10-16 08:23:22,510 [pool-287-thread-1] INFO  server.RaftServerConfigKeys (ConfUtils.java:logGet(43)) - raft.server.log.purge.gap = 1000000 (custom)
2019-10-16 08:23:22,510 [pool-277-thread-1] INFO  server.RaftServerConfigKeys (ConfUtils.java:logGet(43)) - raft.server.notification.no-leader.timeout = 120s (custom)
2019-10-16 08:23:22,510 [pool-287-thread-1] INFO  server.RaftServerConfigKeys (ConfUtils.java:logGet(43)) - raft.server.log.appender.buffer.byte-limit = 33554432 (custom)
2019-10-16 08:23:22,510 [pool-297-thread-1] INFO  server.RaftServerConfigKeys (ConfUtils.java:logGet(43)) - raft.server.log.appender.buffer.byte-limit = 33554432 (custom)
2019-10-16 08:23:22,510 [40c716bc-1a29-46d5-b9af-b2faebaee060@group-A1F67634F1C5-LeaderElection84] INFO  impl.RaftServerImpl (RaftServerImpl.java:setRole(184)) - 40c716bc-1a29-46d5-b9af-b2faebaee060@group-A1F67634F1C5: changes role from CANDIDATE to LEADER at term 1 for changeToLeader
2019-10-16 08:23:22,511 [pool-297-thread-1] INFO  server.RaftServerConfigKeys (ConfUtils.java:logGet(43)) - raft.server.log.segment.size.max = 1048576 (custom)
2019-10-16 08:23:22,511 [pool-287-thread-1] INFO  server.RaftServerConfigKeys (ConfUtils.java:logGet(43)) - raft.server.log.segment.size.max = 1048576 (custom)
2019-10-16 08:23:22,511 [pool-277-thread-1] INFO  server.RaftServerConfigKeys (ConfUtils.java:logGet(43)) - raft.server.log.use.memory = false (default)
2019-10-16 08:23:22,511 [pool-287-thread-1] INFO  server.RaftServerConfigKeys (ConfUtils.java:logGet(43)) - raft.server.log.segment.cache.num.max = 2 (custom)
2019-10-16 08:23:22,511 [pool-297-thread-1] INFO  server.RaftServerConfigKeys (ConfUtils.java:logGet(43)) - raft.server.log.segment.cache.num.max = 2 (custom)
2019-10-16 08:23:22,512 [pool-297-thread-1] INFO  segmented.SegmentedRaftLogWorker (SegmentedRaftLogWorker.java:<init>(173)) - new 40c716bc-1a29-46d5-b9af-b2faebaee060@group-CBB3052ECE6D-SegmentedRaftLogWorker for RaftStorage:Storage Directory /workdir/hadoop-ozone/ozonefs/target/test-dir/MiniOzoneClusterImpl-67ae9893-6bb6-4118-b4b3-8532bd0372c2/datanode-2/data/ratis/73429dec-c276-43bb-9f77-cbb3052ece6d
2019-10-16 08:23:22,511 [40c716bc-1a29-46d5-b9af-b2faebaee060@group-A1F67634F1C5-LeaderElection84] INFO  impl.RaftServerImpl (ServerState.java:setLeader(256)) - 40c716bc-1a29-46d5-b9af-b2faebaee060@group-A1F67634F1C5: change Leader from null to 40c716bc-1a29-46d5-b9af-b2faebaee060 at term 1 for becomeLeader, leader elected after 74ms
2019-10-16 08:23:22,512 [pool-297-thread-1] INFO  server.RaftServerConfigKeys (ConfUtils.java:logGet(43)) - raft.server.log.queue.byte-limit = 2147483647 (custom)
2019-10-16 08:23:22,512 [pool-287-thread-1] INFO  segmented.SegmentedRaftLogWorker (SegmentedRaftLogWorker.java:<init>(173)) - new 611f11a7-b9fe-4124-850b-c9a3f03686ca@group-CBB3052ECE6D-SegmentedRaftLogWorker for RaftStorage:Storage Directory /workdir/hadoop-ozone/ozonefs/target/test-dir/MiniOzoneClusterImpl-67ae9893-6bb6-4118-b4b3-8532bd0372c2/datanode-1/data/ratis/73429dec-c276-43bb-9f77-cbb3052ece6d
2019-10-16 08:23:22,511 [pool-277-thread-1] INFO  server.RaftServerConfigKeys (ConfUtils.java:logGet(43)) - raft.server.log.purge.gap = 1000000 (custom)
2019-10-16 08:23:22,512 [pool-287-thread-1] INFO  server.RaftServerConfigKeys (ConfUtils.java:logGet(43)) - raft.server.log.queue.byte-limit = 2147483647 (custom)
2019-10-16 08:23:22,512 [pool-297-thread-1] INFO  server.RaftServerConfigKeys (ConfUtils.java:logGet(43)) - raft.server.log.queue.element-limit = 1024 (custom)
2019-10-16 08:23:22,512 [40c716bc-1a29-46d5-b9af-b2faebaee060@group-A1F67634F1C5-LeaderElection84] INFO  server.RaftServerConfigKeys (ConfUtils.java:logGet(43)) - raft.server.staging.catchup.gap = 1000 (default)
2019-10-16 08:23:22,513 [pool-297-thread-1] INFO  server.RaftServerConfigKeys (ConfUtils.java:logGet(43)) - raft.server.log.segment.size.max = 1048576 (custom)
2019-10-16 08:23:22,512 [pool-287-thread-1] INFO  server.RaftServerConfigKeys (ConfUtils.java:logGet(43)) - raft.server.log.queue.element-limit = 1024 (custom)
2019-10-16 08:23:22,512 [pool-277-thread-1] INFO  server.RaftServerConfigKeys (ConfUtils.java:logGet(43)) - raft.server.log.appender.buffer.byte-limit = 33554432 (custom)
2019-10-16 08:23:22,513 [pool-287-thread-1] INFO  server.RaftServerConfigKeys (ConfUtils.java:logGet(43)) - raft.server.log.segment.size.max = 1048576 (custom)
2019-10-16 08:23:22,513 [pool-297-thread-1] INFO  server.RaftServerConfigKeys (ConfUtils.java:logGet(43)) - raft.server.log.preallocated.size = 16384 (custom)
2019-10-16 08:23:22,513 [pool-297-thread-1] INFO  server.RaftServerConfigKeys (ConfUtils.java:logGet(43)) - raft.server.log.write.buffer.size = 33554432 (custom)
2019-10-16 08:23:22,513 [40c716bc-1a29-46d5-b9af-b2faebaee060@group-A1F67634F1C5-LeaderElection84] INFO  server.RaftServerConfigKeys (ConfUtils.java:logGet(43)) - raft.server.rpc.sleep.time = 25ms (default)
2019-10-16 08:23:22,514 [pool-297-thread-1] INFO  server.RaftServerConfigKeys (ConfUtils.java:logGet(43)) - raft.server.log.force.sync.num = 128 (default)
2019-10-16 08:23:22,513 [pool-287-thread-1] INFO  server.RaftServerConfigKeys (ConfUtils.java:logGet(43)) - raft.server.log.preallocated.size = 16384 (custom)
2019-10-16 08:23:22,513 [pool-277-thread-1] INFO  server.RaftServerConfigKeys (ConfUtils.java:logGet(43)) - raft.server.log.segment.size.max = 1048576 (custom)
2019-10-16 08:23:22,514 [pool-287-thread-1] INFO  server.RaftServerConfigKeys (ConfUtils.java:logGet(43)) - raft.server.log.write.buffer.size = 33554432 (custom)
2019-10-16 08:23:22,514 [pool-297-thread-1] INFO  server.RaftServerConfigKeys (ConfUtils.java:logGet(43)) - raft.server.log.statemachine.data.sync = true (default)
2019-10-16 08:23:22,514 [40c716bc-1a29-46d5-b9af-b2faebaee060@group-A1F67634F1C5-LeaderElection84] INFO  server.RaftServerConfigKeys (ConfUtils.java:logGet(43)) - raft.server.write.element-limit = 4096 (default)
2019-10-16 08:23:22,514 [pool-297-thread-1] INFO  server.RaftServerConfigKeys (ConfUtils.java:logGet(43)) - raft.server.log.statemachine.data.sync.timeout = 10s (default)
2019-10-16 08:23:22,514 [pool-287-thread-1] INFO  server.RaftServerConfigKeys (ConfUtils.java:logGet(43)) - raft.server.log.force.sync.num = 128 (default)
2019-10-16 08:23:22,514 [pool-277-thread-1] INFO  server.RaftServerConfigKeys (ConfUtils.java:logGet(43)) - raft.server.log.segment.cache.num.max = 2 (custom)
2019-10-16 08:23:22,515 [pool-287-thread-1] INFO  server.RaftServerConfigKeys (ConfUtils.java:logGet(43)) - raft.server.log.statemachine.data.sync = true (default)
2019-10-16 08:23:22,515 [pool-297-thread-1] INFO  server.RaftServerConfigKeys (ConfUtils.java:logGet(43)) - raft.server.log.statemachine.data.sync.timeout.retry = -1 (default)
2019-10-16 08:23:22,515 [40c716bc-1a29-46d5-b9af-b2faebaee060@group-A1F67634F1C5-LeaderElection84] INFO  server.RaftServerConfigKeys (ConfUtils.java:logGet(43)) - raft.server.watch.timeout = 10s (default)
2019-10-16 08:23:22,515 [pool-297-thread-1] INFO  server.RaftServerConfigKeys (ConfUtils.java:logGet(43)) - raft.server.log.statemachine.data.caching.enabled = true (custom)
2019-10-16 08:23:22,515 [pool-287-thread-1] INFO  server.RaftServerConfigKeys (ConfUtils.java:logGet(43)) - raft.server.log.statemachine.data.sync.timeout = 10s (default)
2019-10-16 08:23:22,515 [pool-277-thread-1] INFO  segmented.SegmentedRaftLogWorker (SegmentedRaftLogWorker.java:<init>(173)) - new eda86e88-1ab6-4545-bd3b-ef4fe3798e6c@group-CBB3052ECE6D-SegmentedRaftLogWorker for RaftStorage:Storage Directory /workdir/hadoop-ozone/ozonefs/target/test-dir/MiniOzoneClusterImpl-67ae9893-6bb6-4118-b4b3-8532bd0372c2/datanode-0/data/ratis/73429dec-c276-43bb-9f77-cbb3052ece6d
2019-10-16 08:23:22,516 [pool-297-thread-1] INFO  segmented.SegmentedRaftLogWorker (SegmentedRaftLogWorker.java:lambda$new$0(128)) - 40c716bc-1a29-46d5-b9af-b2faebaee060@group-CBB3052ECE6D-SegmentedRaftLogWorker: flushIndex: setUnconditionally 0 -> -1
2019-10-16 08:23:22,516 [pool-287-thread-1] INFO  server.RaftServerConfigKeys (ConfUtils.java:logGet(43)) - raft.server.log.statemachine.data.sync.timeout.retry = -1 (default)
2019-10-16 08:23:22,516 [pool-297-thread-1] INFO  server.RaftServerConfigKeys (ConfUtils.java:logGet(43)) - raft.server.snapshot.auto.trigger.enabled = true (custom)
2019-10-16 08:23:22,515 [40c716bc-1a29-46d5-b9af-b2faebaee060@group-A1F67634F1C5-LeaderElection84] INFO  server.RaftServerConfigKeys (ConfUtils.java:logGet(43)) - raft.server.watch.timeout.denomination = 1s (default)
2019-10-16 08:23:22,516 [pool-297-thread-1] INFO  server.RaftServerConfigKeys (ConfUtils.java:logGet(43)) - raft.server.snapshot.auto.trigger.threshold = 10000 (custom)
2019-10-16 08:23:22,516 [pool-287-thread-1] INFO  server.RaftServerConfigKeys (ConfUtils.java:logGet(43)) - raft.server.log.statemachine.data.caching.enabled = true (custom)
2019-10-16 08:23:22,516 [pool-277-thread-1] INFO  server.RaftServerConfigKeys (ConfUtils.java:logGet(43)) - raft.server.log.queue.byte-limit = 2147483647 (custom)
2019-10-16 08:23:22,516 [pool-297-thread-1] INFO  server.RaftServerConfigKeys (ConfUtils.java:logGet(43)) - raft.server.snapshot.retention.file.num = 5 (custom)
2019-10-16 08:23:22,516 [40c716bc-1a29-46d5-b9af-b2faebaee060@group-A1F67634F1C5-LeaderElection84] INFO  server.RaftServerConfigKeys (ConfUtils.java:logGet(43)) - raft.server.watch.element-limit = 65536 (default)
2019-10-16 08:23:22,517 [pool-297-thread-1] INFO  server.RaftServerConfigKeys (ConfUtils.java:logGet(43)) - raft.server.retrycache.expirytime = 600000ms (custom)
2019-10-16 08:23:22,517 [pool-287-thread-1] INFO  segmented.SegmentedRaftLogWorker (SegmentedRaftLogWorker.java:lambda$new$0(128)) - 611f11a7-b9fe-4124-850b-c9a3f03686ca@group-CBB3052ECE6D-SegmentedRaftLogWorker: flushIndex: setUnconditionally 0 -> -1
2019-10-16 08:23:22,517 [pool-277-thread-1] INFO  server.RaftServerConfigKeys (ConfUtils.java:logGet(43)) - raft.server.log.queue.element-limit = 1024 (custom)
2019-10-16 08:23:22,518 [pool-287-thread-1] INFO  server.RaftServerConfigKeys (ConfUtils.java:logGet(43)) - raft.server.snapshot.auto.trigger.enabled = true (custom)
2019-10-16 08:23:22,518 [pool-277-thread-1] INFO  server.RaftServerConfigKeys (ConfUtils.java:logGet(43)) - raft.server.log.segment.size.max = 1048576 (custom)
2019-10-16 08:23:22,518 [pool-287-thread-1] INFO  server.RaftServerConfigKeys (ConfUtils.java:logGet(43)) - raft.server.snapshot.auto.trigger.threshold = 10000 (custom)
2019-10-16 08:23:22,518 [pool-277-thread-1] INFO  server.RaftServerConfigKeys (ConfUtils.java:logGet(43)) - raft.server.log.preallocated.size = 16384 (custom)
2019-10-16 08:23:22,518 [pool-287-thread-1] INFO  server.RaftServerConfigKeys (ConfUtils.java:logGet(43)) - raft.server.snapshot.retention.file.num = 5 (custom)
2019-10-16 08:23:22,518 [pool-277-thread-1] INFO  server.RaftServerConfigKeys (ConfUtils.java:logGet(43)) - raft.server.log.write.buffer.size = 33554432 (custom)
2019-10-16 08:23:22,518 [pool-287-thread-1] INFO  server.RaftServerConfigKeys (ConfUtils.java:logGet(43)) - raft.server.retrycache.expirytime = 600000ms (custom)
2019-10-16 08:23:22,519 [pool-277-thread-1] INFO  server.RaftServerConfigKeys (ConfUtils.java:logGet(43)) - raft.server.log.force.sync.num = 128 (default)
2019-10-16 08:23:22,519 [pool-277-thread-1] INFO  server.RaftServerConfigKeys (ConfUtils.java:logGet(43)) - raft.server.log.statemachine.data.sync = true (default)
2019-10-16 08:23:22,519 [pool-277-thread-1] INFO  server.RaftServerConfigKeys (ConfUtils.java:logGet(43)) - raft.server.log.statemachine.data.sync.timeout = 10s (default)
2019-10-16 08:23:22,519 [pool-277-thread-1] INFO  server.RaftServerConfigKeys (ConfUtils.java:logGet(43)) - raft.server.log.statemachine.data.sync.timeout.retry = -1 (default)
2019-10-16 08:23:22,519 [pool-277-thread-1] INFO  server.RaftServerConfigKeys (ConfUtils.java:logGet(43)) - raft.server.log.statemachine.data.caching.enabled = true (custom)
2019-10-16 08:23:22,520 [pool-277-thread-1] INFO  segmented.SegmentedRaftLogWorker (SegmentedRaftLogWorker.java:lambda$new$0(128)) - eda86e88-1ab6-4545-bd3b-ef4fe3798e6c@group-CBB3052ECE6D-SegmentedRaftLogWorker: flushIndex: setUnconditionally 0 -> -1
2019-10-16 08:23:22,520 [pool-277-thread-1] INFO  server.RaftServerConfigKeys (ConfUtils.java:logGet(43)) - raft.server.snapshot.auto.trigger.enabled = true (custom)
2019-10-16 08:23:22,520 [pool-277-thread-1] INFO  server.RaftServerConfigKeys (ConfUtils.java:logGet(43)) - raft.server.snapshot.auto.trigger.threshold = 10000 (custom)
2019-10-16 08:23:22,520 [pool-277-thread-1] INFO  server.RaftServerConfigKeys (ConfUtils.java:logGet(43)) - raft.server.snapshot.retention.file.num = 5 (custom)
2019-10-16 08:23:22,520 [pool-277-thread-1] INFO  server.RaftServerConfigKeys (ConfUtils.java:logGet(43)) - raft.server.retrycache.expirytime = 600000ms (custom)
2019-10-16 08:23:22,521 [40c716bc-1a29-46d5-b9af-b2faebaee060@group-A1F67634F1C5-LeaderElection84] INFO  impl.RoleInfo (RoleInfo.java:updateAndGet(143)) - 40c716bc-1a29-46d5-b9af-b2faebaee060: start LeaderState
2019-10-16 08:23:22,521 [40c716bc-1a29-46d5-b9af-b2faebaee060@group-A1F67634F1C5-LeaderElection84] INFO  segmented.SegmentedRaftLogWorker (SegmentedRaftLogWorker.java:startLogSegment(385)) - 40c716bc-1a29-46d5-b9af-b2faebaee060@group-A1F67634F1C5-SegmentedRaftLogWorker: Starting segment from index:0
2019-10-16 08:23:22,522 [40c716bc-1a29-46d5-b9af-b2faebaee060@group-A1F67634F1C5-LeaderElection84] INFO  impl.RaftServerImpl (ServerState.java:setRaftConf(357)) - 40c716bc-1a29-46d5-b9af-b2faebaee060@group-A1F67634F1C5: set configuration 0: [40c716bc-1a29-46d5-b9af-b2faebaee060:192.168.34.43:40056], old=null at 0
2019-10-16 08:23:22,522 [pool-297-thread-1] INFO  impl.RaftServerImpl (RaftServerImpl.java:start(195)) - 40c716bc-1a29-46d5-b9af-b2faebaee060@group-CBB3052ECE6D: start as a follower, conf=-1: [40c716bc-1a29-46d5-b9af-b2faebaee060:192.168.34.43:40056, eda86e88-1ab6-4545-bd3b-ef4fe3798e6c:192.168.34.43:34593, 611f11a7-b9fe-4124-850b-c9a3f03686ca:192.168.34.43:36223], old=null
2019-10-16 08:23:22,522 [pool-297-thread-1] INFO  impl.RaftServerImpl (RaftServerImpl.java:setRole(184)) - 40c716bc-1a29-46d5-b9af-b2faebaee060@group-CBB3052ECE6D: changes role from      null to FOLLOWER at term 0 for startAsFollower
2019-10-16 08:23:22,523 [pool-297-thread-1] INFO  impl.RoleInfo (RoleInfo.java:updateAndGet(143)) - 40c716bc-1a29-46d5-b9af-b2faebaee060: start FollowerState
2019-10-16 08:23:22,523 [pool-297-thread-1] INFO  util.JmxRegister (JmxRegister.java:tryRegister(44)) - Successfully registered JMX Bean with object name Ratis:service=RaftServer,group=group-CBB3052ECE6D,id=40c716bc-1a29-46d5-b9af-b2faebaee060
2019-10-16 08:23:22,523 [pool-287-thread-1] INFO  impl.RaftServerImpl (RaftServerImpl.java:start(195)) - 611f11a7-b9fe-4124-850b-c9a3f03686ca@group-CBB3052ECE6D: start as a follower, conf=-1: [40c716bc-1a29-46d5-b9af-b2faebaee060:192.168.34.43:40056, eda86e88-1ab6-4545-bd3b-ef4fe3798e6c:192.168.34.43:34593, 611f11a7-b9fe-4124-850b-c9a3f03686ca:192.168.34.43:36223], old=null
2019-10-16 08:23:22,523 [pool-287-thread-1] INFO  impl.RaftServerImpl (RaftServerImpl.java:setRole(184)) - 611f11a7-b9fe-4124-850b-c9a3f03686ca@group-CBB3052ECE6D: changes role from      null to FOLLOWER at term 0 for startAsFollower
2019-10-16 08:23:22,524 [pool-287-thread-1] INFO  impl.RoleInfo (RoleInfo.java:updateAndGet(143)) - 611f11a7-b9fe-4124-850b-c9a3f03686ca: start FollowerState
2019-10-16 08:23:22,524 [pool-287-thread-1] INFO  util.JmxRegister (JmxRegister.java:tryRegister(44)) - Successfully registered JMX Bean with object name Ratis:service=RaftServer,group=group-CBB3052ECE6D,id=611f11a7-b9fe-4124-850b-c9a3f03686ca
2019-10-16 08:23:22,526 [pool-277-thread-1] INFO  impl.RaftServerImpl (RaftServerImpl.java:start(195)) - eda86e88-1ab6-4545-bd3b-ef4fe3798e6c@group-CBB3052ECE6D: start as a follower, conf=-1: [40c716bc-1a29-46d5-b9af-b2faebaee060:192.168.34.43:40056, eda86e88-1ab6-4545-bd3b-ef4fe3798e6c:192.168.34.43:34593, 611f11a7-b9fe-4124-850b-c9a3f03686ca:192.168.34.43:36223], old=null
2019-10-16 08:23:22,526 [pool-277-thread-1] INFO  impl.RaftServerImpl (RaftServerImpl.java:setRole(184)) - eda86e88-1ab6-4545-bd3b-ef4fe3798e6c@group-CBB3052ECE6D: changes role from      null to FOLLOWER at term 0 for startAsFollower
2019-10-16 08:23:22,526 [pool-277-thread-1] INFO  impl.RoleInfo (RoleInfo.java:updateAndGet(143)) - eda86e88-1ab6-4545-bd3b-ef4fe3798e6c: start FollowerState
2019-10-16 08:23:22,559 [Thread-1661] INFO  impl.FollowerState (FollowerState.java:run(108)) - 611f11a7-b9fe-4124-850b-c9a3f03686ca@group-54B41CC1F832-FollowerState: change to CANDIDATE, lastRpcTime:167ms, electionTimeout:137ms
2019-10-16 08:23:22,559 [pool-277-thread-1] INFO  util.JmxRegister (JmxRegister.java:tryRegister(44)) - Successfully registered JMX Bean with object name Ratis:service=RaftServer,group=group-CBB3052ECE6D,id=eda86e88-1ab6-4545-bd3b-ef4fe3798e6c
2019-10-16 08:23:22,559 [Thread-1661] INFO  impl.RoleInfo (RoleInfo.java:shutdownFollowerState(121)) - 611f11a7-b9fe-4124-850b-c9a3f03686ca: shutdown FollowerState
2019-10-16 08:23:22,559 [Thread-1661] INFO  impl.RaftServerImpl (RaftServerImpl.java:setRole(184)) - 611f11a7-b9fe-4124-850b-c9a3f03686ca@group-54B41CC1F832: changes role from  FOLLOWER to CANDIDATE at term 0 for changeToCandidate
2019-10-16 08:23:22,559 [Thread-1661] INFO  impl.RoleInfo (RoleInfo.java:updateAndGet(143)) - 611f11a7-b9fe-4124-850b-c9a3f03686ca: start LeaderElection
2019-10-16 08:23:22,569 [RatisPipelineUtilsThread] INFO  pipeline.PipelineStateManager (PipelineStateManager.java:addPipeline(56)) - Created pipeline Pipeline[ Id: 73429dec-c276-43bb-9f77-cbb3052ece6d, Nodes: eda86e88-1ab6-4545-bd3b-ef4fe3798e6c{ip: 192.168.34.43, host: pr-hdds-1737-dstl4-2900247166, networkLocation: /default-rack, certSerialId: null}611f11a7-b9fe-4124-850b-c9a3f03686ca{ip: 192.168.34.43, host: pr-hdds-1737-dstl4-2900247166, networkLocation: /default-rack, certSerialId: null}40c716bc-1a29-46d5-b9af-b2faebaee060{ip: 192.168.34.43, host: pr-hdds-1737-dstl4-2900247166, networkLocation: /default-rack, certSerialId: null}, Type:RATIS, Factor:THREE, State:OPEN]
2019-10-16 08:23:22,573 [eda86e88-1ab6-4545-bd3b-ef4fe3798e6c@group-0A0AF71B9919-SegmentedRaftLogWorker] INFO  segmented.SegmentedRaftLogWorker (SegmentedRaftLogWorker.java:execute(576)) - eda86e88-1ab6-4545-bd3b-ef4fe3798e6c@group-0A0AF71B9919-SegmentedRaftLogWorker: created new log segment /workdir/hadoop-ozone/ozonefs/target/test-dir/MiniOzoneClusterImpl-67ae9893-6bb6-4118-b4b3-8532bd0372c2/datanode-0/data/ratis/71c3d47e-d17d-4bea-aaf9-0a0af71b9919/current/log_inprogress_0
2019-10-16 08:23:22,573 [40c716bc-1a29-46d5-b9af-b2faebaee060@group-A1F67634F1C5-SegmentedRaftLogWorker] INFO  segmented.SegmentedRaftLogWorker (SegmentedRaftLogWorker.java:execute(576)) - 40c716bc-1a29-46d5-b9af-b2faebaee060@group-A1F67634F1C5-SegmentedRaftLogWorker: created new log segment /workdir/hadoop-ozone/ozonefs/target/test-dir/MiniOzoneClusterImpl-67ae9893-6bb6-4118-b4b3-8532bd0372c2/datanode-2/data/ratis/5f3c7329-0df9-4307-bbf3-a1f67634f1c5/current/log_inprogress_0
2019-10-16 08:23:22,573 [611f11a7-b9fe-4124-850b-c9a3f03686ca@group-54B41CC1F832-LeaderElection85] INFO  impl.LeaderElection (LeaderElection.java:askForVotes(178)) - 611f11a7-b9fe-4124-850b-c9a3f03686ca@group-54B41CC1F832-LeaderElection85: begin an election at term 1 for -1: [611f11a7-b9fe-4124-850b-c9a3f03686ca:192.168.34.43:36223], old=null
2019-10-16 08:23:22,573 [611f11a7-b9fe-4124-850b-c9a3f03686ca@group-54B41CC1F832-LeaderElection85] INFO  impl.RoleInfo (RoleInfo.java:shutdownLeaderElection(134)) - 611f11a7-b9fe-4124-850b-c9a3f03686ca: shutdown LeaderElection
2019-10-16 08:23:22,574 [611f11a7-b9fe-4124-850b-c9a3f03686ca@group-54B41CC1F832-LeaderElection85] INFO  impl.RaftServerImpl (RaftServerImpl.java:setRole(184)) - 611f11a7-b9fe-4124-850b-c9a3f03686ca@group-54B41CC1F832: changes role from CANDIDATE to LEADER at term 1 for changeToLeader
2019-10-16 08:23:22,574 [611f11a7-b9fe-4124-850b-c9a3f03686ca@group-54B41CC1F832-LeaderElection85] INFO  impl.RaftServerImpl (ServerState.java:setLeader(256)) - 611f11a7-b9fe-4124-850b-c9a3f03686ca@group-54B41CC1F832: change Leader from null to 611f11a7-b9fe-4124-850b-c9a3f03686ca at term 1 for becomeLeader, leader elected after 190ms
2019-10-16 08:23:22,574 [611f11a7-b9fe-4124-850b-c9a3f03686ca@group-54B41CC1F832-LeaderElection85] INFO  server.RaftServerConfigKeys (ConfUtils.java:logGet(43)) - raft.server.staging.catchup.gap = 1000 (default)
2019-10-16 08:23:22,574 [611f11a7-b9fe-4124-850b-c9a3f03686ca@group-54B41CC1F832-LeaderElection85] INFO  server.RaftServerConfigKeys (ConfUtils.java:logGet(43)) - raft.server.rpc.sleep.time = 25ms (default)
2019-10-16 08:23:22,574 [611f11a7-b9fe-4124-850b-c9a3f03686ca@group-54B41CC1F832-LeaderElection85] INFO  server.RaftServerConfigKeys (ConfUtils.java:logGet(43)) - raft.server.write.element-limit = 4096 (default)
2019-10-16 08:23:22,574 [611f11a7-b9fe-4124-850b-c9a3f03686ca@group-54B41CC1F832-LeaderElection85] INFO  server.RaftServerConfigKeys (ConfUtils.java:logGet(43)) - raft.server.watch.timeout = 10s (default)
2019-10-16 08:23:22,574 [611f11a7-b9fe-4124-850b-c9a3f03686ca@group-54B41CC1F832-LeaderElection85] INFO  server.RaftServerConfigKeys (ConfUtils.java:logGet(43)) - raft.server.watch.timeout.denomination = 1s (default)
2019-10-16 08:23:22,575 [611f11a7-b9fe-4124-850b-c9a3f03686ca@group-54B41CC1F832-LeaderElection85] INFO  server.RaftServerConfigKeys (ConfUtils.java:logGet(43)) - raft.server.watch.element-limit = 65536 (default)
2019-10-16 08:23:22,576 [611f11a7-b9fe-4124-850b-c9a3f03686ca@group-54B41CC1F832-LeaderElection85] INFO  impl.RoleInfo (RoleInfo.java:updateAndGet(143)) - 611f11a7-b9fe-4124-850b-c9a3f03686ca: start LeaderState
2019-10-16 08:23:22,576 [611f11a7-b9fe-4124-850b-c9a3f03686ca@group-54B41CC1F832-LeaderElection85] INFO  segmented.SegmentedRaftLogWorker (SegmentedRaftLogWorker.java:startLogSegment(385)) - 611f11a7-b9fe-4124-850b-c9a3f03686ca@group-54B41CC1F832-SegmentedRaftLogWorker: Starting segment from index:0
2019-10-16 08:23:22,577 [611f11a7-b9fe-4124-850b-c9a3f03686ca@group-54B41CC1F832-LeaderElection85] INFO  impl.RaftServerImpl (ServerState.java:setRaftConf(357)) - 611f11a7-b9fe-4124-850b-c9a3f03686ca@group-54B41CC1F832: set configuration 0: [611f11a7-b9fe-4124-850b-c9a3f03686ca:192.168.34.43:36223], old=null at 0
2019-10-16 08:23:22,588 [Thread-1676] INFO  impl.FollowerState (FollowerState.java:run(108)) - eda86e88-1ab6-4545-bd3b-ef4fe3798e6c@group-CBB3052ECE6D-FollowerState: change to CANDIDATE, lastRpcTime:61ms, electionTimeout:29ms
2019-10-16 08:23:22,588 [Thread-1676] INFO  impl.RoleInfo (RoleInfo.java:shutdownFollowerState(121)) - eda86e88-1ab6-4545-bd3b-ef4fe3798e6c: shutdown FollowerState
2019-10-16 08:23:22,588 [Thread-1676] INFO  impl.RaftServerImpl (RaftServerImpl.java:setRole(184)) - eda86e88-1ab6-4545-bd3b-ef4fe3798e6c@group-CBB3052ECE6D: changes role from  FOLLOWER to CANDIDATE at term 0 for changeToCandidate
2019-10-16 08:23:22,589 [Thread-1676] INFO  impl.RoleInfo (RoleInfo.java:updateAndGet(143)) - eda86e88-1ab6-4545-bd3b-ef4fe3798e6c: start LeaderElection
2019-10-16 08:23:22,608 [611f11a7-b9fe-4124-850b-c9a3f03686ca@group-54B41CC1F832-SegmentedRaftLogWorker] INFO  segmented.SegmentedRaftLogWorker (SegmentedRaftLogWorker.java:execute(576)) - 611f11a7-b9fe-4124-850b-c9a3f03686ca@group-54B41CC1F832-SegmentedRaftLogWorker: created new log segment /workdir/hadoop-ozone/ozonefs/target/test-dir/MiniOzoneClusterImpl-67ae9893-6bb6-4118-b4b3-8532bd0372c2/datanode-1/data/ratis/c6f0859b-35c7-4a1d-9ec6-54b41cc1f832/current/log_inprogress_0
2019-10-16 08:23:22,609 [eda86e88-1ab6-4545-bd3b-ef4fe3798e6c@group-CBB3052ECE6D-LeaderElection86] INFO  impl.LeaderElection (LeaderElection.java:askForVotes(178)) - eda86e88-1ab6-4545-bd3b-ef4fe3798e6c@group-CBB3052ECE6D-LeaderElection86: begin an election at term 1 for -1: [40c716bc-1a29-46d5-b9af-b2faebaee060:192.168.34.43:40056, eda86e88-1ab6-4545-bd3b-ef4fe3798e6c:192.168.34.43:34593, 611f11a7-b9fe-4124-850b-c9a3f03686ca:192.168.34.43:36223], old=null
2019-10-16 08:23:22,617 [grpc-default-executor-0] INFO  impl.RaftServerImpl (RaftServerImpl.java:setRole(184)) - 40c716bc-1a29-46d5-b9af-b2faebaee060@group-CBB3052ECE6D: changes role from  FOLLOWER to FOLLOWER at term 1 for recognizeCandidate:eda86e88-1ab6-4545-bd3b-ef4fe3798e6c
2019-10-16 08:23:22,617 [grpc-default-executor-2] INFO  impl.RaftServerImpl (RaftServerImpl.java:setRole(184)) - 611f11a7-b9fe-4124-850b-c9a3f03686ca@group-CBB3052ECE6D: changes role from  FOLLOWER to FOLLOWER at term 1 for recognizeCandidate:eda86e88-1ab6-4545-bd3b-ef4fe3798e6c
2019-10-16 08:23:22,617 [grpc-default-executor-0] INFO  impl.RoleInfo (RoleInfo.java:shutdownFollowerState(121)) - 40c716bc-1a29-46d5-b9af-b2faebaee060: shutdown FollowerState
2019-10-16 08:23:22,617 [grpc-default-executor-2] INFO  impl.RoleInfo (RoleInfo.java:shutdownFollowerState(121)) - 611f11a7-b9fe-4124-850b-c9a3f03686ca: shutdown FollowerState
2019-10-16 08:23:22,617 [Thread-1673] INFO  impl.FollowerState (FollowerState.java:run(117)) - 40c716bc-1a29-46d5-b9af-b2faebaee060@group-CBB3052ECE6D-FollowerState was interrupted: java.lang.InterruptedException: sleep interrupted
2019-10-16 08:23:22,618 [Thread-1674] INFO  impl.FollowerState (FollowerState.java:run(117)) - 611f11a7-b9fe-4124-850b-c9a3f03686ca@group-CBB3052ECE6D-FollowerState was interrupted: java.lang.InterruptedException: sleep interrupted
2019-10-16 08:23:22,617 [grpc-default-executor-0] INFO  impl.RoleInfo (RoleInfo.java:updateAndGet(143)) - 40c716bc-1a29-46d5-b9af-b2faebaee060: start FollowerState
2019-10-16 08:23:22,618 [grpc-default-executor-2] INFO  impl.RoleInfo (RoleInfo.java:updateAndGet(143)) - 611f11a7-b9fe-4124-850b-c9a3f03686ca: start FollowerState
2019-10-16 08:23:22,641 [eda86e88-1ab6-4545-bd3b-ef4fe3798e6c@group-CBB3052ECE6D-LeaderElection86] INFO  impl.LeaderElection (LeaderElection.java:logAndReturn(56)) - eda86e88-1ab6-4545-bd3b-ef4fe3798e6c@group-CBB3052ECE6D-LeaderElection86: Election TIMEOUT; received 0 response(s) [] and 0 exception(s); eda86e88-1ab6-4545-bd3b-ef4fe3798e6c@group-CBB3052ECE6D:t1, leader=null, voted=eda86e88-1ab6-4545-bd3b-ef4fe3798e6c, raftlog=eda86e88-1ab6-4545-bd3b-ef4fe3798e6c@group-CBB3052ECE6D-SegmentedRaftLog:OPENED:c-1,f-1,i0, conf=-1: [40c716bc-1a29-46d5-b9af-b2faebaee060:192.168.34.43:40056, eda86e88-1ab6-4545-bd3b-ef4fe3798e6c:192.168.34.43:34593, 611f11a7-b9fe-4124-850b-c9a3f03686ca:192.168.34.43:36223], old=null
2019-10-16 08:23:22,649 [Thread-1685] INFO  impl.FollowerState (FollowerState.java:run(108)) - 611f11a7-b9fe-4124-850b-c9a3f03686ca@group-CBB3052ECE6D-FollowerState: change to CANDIDATE, lastRpcTime:31ms, electionTimeout:19ms
2019-10-16 08:23:22,649 [Thread-1685] INFO  impl.RoleInfo (RoleInfo.java:shutdownFollowerState(121)) - 611f11a7-b9fe-4124-850b-c9a3f03686ca: shutdown FollowerState
2019-10-16 08:23:22,649 [Thread-1685] INFO  impl.RaftServerImpl (RaftServerImpl.java:setRole(184)) - 611f11a7-b9fe-4124-850b-c9a3f03686ca@group-CBB3052ECE6D: changes role from  FOLLOWER to CANDIDATE at term 1 for changeToCandidate
2019-10-16 08:23:22,649 [Thread-1685] INFO  impl.RoleInfo (RoleInfo.java:updateAndGet(143)) - 611f11a7-b9fe-4124-850b-c9a3f03686ca: start LeaderElection
2019-10-16 08:23:22,650 [eda86e88-1ab6-4545-bd3b-ef4fe3798e6c@group-CBB3052ECE6D-LeaderElection86] INFO  impl.LeaderElection (LeaderElection.java:askForVotes(178)) - eda86e88-1ab6-4545-bd3b-ef4fe3798e6c@group-CBB3052ECE6D-LeaderElection86: begin an election at term 2 for -1: [40c716bc-1a29-46d5-b9af-b2faebaee060:192.168.34.43:40056, eda86e88-1ab6-4545-bd3b-ef4fe3798e6c:192.168.34.43:34593, 611f11a7-b9fe-4124-850b-c9a3f03686ca:192.168.34.43:36223], old=null
2019-10-16 08:23:22,653 [grpc-default-executor-0] INFO  impl.RaftServerImpl (RaftServerImpl.java:setRole(184)) - 40c716bc-1a29-46d5-b9af-b2faebaee060@group-CBB3052ECE6D: changes role from  FOLLOWER to FOLLOWER at term 2 for recognizeCandidate:eda86e88-1ab6-4545-bd3b-ef4fe3798e6c
2019-10-16 08:23:22,654 [grpc-default-executor-0] INFO  impl.RoleInfo (RoleInfo.java:shutdownFollowerState(121)) - 40c716bc-1a29-46d5-b9af-b2faebaee060: shutdown FollowerState
2019-10-16 08:23:22,654 [grpc-default-executor-0] INFO  impl.RoleInfo (RoleInfo.java:updateAndGet(143)) - 40c716bc-1a29-46d5-b9af-b2faebaee060: start FollowerState
2019-10-16 08:23:22,654 [Thread-1684] INFO  impl.FollowerState (FollowerState.java:run(117)) - 40c716bc-1a29-46d5-b9af-b2faebaee060@group-CBB3052ECE6D-FollowerState was interrupted: java.lang.InterruptedException: sleep interrupted
2019-10-16 08:23:22,656 [eda86e88-1ab6-4545-bd3b-ef4fe3798e6c@group-CBB3052ECE6D-LeaderElection86] INFO  impl.LeaderElection (LeaderElection.java:logAndReturn(56)) - eda86e88-1ab6-4545-bd3b-ef4fe3798e6c@group-CBB3052ECE6D-LeaderElection86: Election TIMEOUT; received 0 response(s) [] and 0 exception(s); eda86e88-1ab6-4545-bd3b-ef4fe3798e6c@group-CBB3052ECE6D:t2, leader=null, voted=eda86e88-1ab6-4545-bd3b-ef4fe3798e6c, raftlog=eda86e88-1ab6-4545-bd3b-ef4fe3798e6c@group-CBB3052ECE6D-SegmentedRaftLog:OPENED:c-1,f-1,i0, conf=-1: [40c716bc-1a29-46d5-b9af-b2faebaee060:192.168.34.43:40056, eda86e88-1ab6-4545-bd3b-ef4fe3798e6c:192.168.34.43:34593, 611f11a7-b9fe-4124-850b-c9a3f03686ca:192.168.34.43:36223], old=null
2019-10-16 08:23:22,677 [eda86e88-1ab6-4545-bd3b-ef4fe3798e6c@group-CBB3052ECE6D-LeaderElection86] INFO  impl.LeaderElection (LeaderElection.java:askForVotes(178)) - eda86e88-1ab6-4545-bd3b-ef4fe3798e6c@group-CBB3052ECE6D-LeaderElection86: begin an election at term 3 for -1: [40c716bc-1a29-46d5-b9af-b2faebaee060:192.168.34.43:40056, eda86e88-1ab6-4545-bd3b-ef4fe3798e6c:192.168.34.43:34593, 611f11a7-b9fe-4124-850b-c9a3f03686ca:192.168.34.43:36223], old=null
2019-10-16 08:23:22,677 [611f11a7-b9fe-4124-850b-c9a3f03686ca@group-CBB3052ECE6D-LeaderElection87] INFO  impl.LeaderElection (LeaderElection.java:askForVotes(178)) - 611f11a7-b9fe-4124-850b-c9a3f03686ca@group-CBB3052ECE6D-LeaderElection87: begin an election at term 2 for -1: [40c716bc-1a29-46d5-b9af-b2faebaee060:192.168.34.43:40056, eda86e88-1ab6-4545-bd3b-ef4fe3798e6c:192.168.34.43:34593, 611f11a7-b9fe-4124-850b-c9a3f03686ca:192.168.34.43:36223], old=null
2019-10-16 08:23:22,683 [grpc-default-executor-1] INFO  impl.RaftServerImpl (RaftServerImpl.java:setRole(184)) - 611f11a7-b9fe-4124-850b-c9a3f03686ca@group-CBB3052ECE6D: changes role from CANDIDATE to FOLLOWER at term 3 for recognizeCandidate:eda86e88-1ab6-4545-bd3b-ef4fe3798e6c
2019-10-16 08:23:22,683 [grpc-default-executor-1] INFO  impl.RoleInfo (RoleInfo.java:shutdownLeaderElection(134)) - 611f11a7-b9fe-4124-850b-c9a3f03686ca: shutdown LeaderElection
2019-10-16 08:23:22,684 [grpc-default-executor-2] INFO  impl.RaftServerImpl (RaftServerImpl.java:setRole(184)) - 40c716bc-1a29-46d5-b9af-b2faebaee060@group-CBB3052ECE6D: changes role from  FOLLOWER to FOLLOWER at term 3 for recognizeCandidate:eda86e88-1ab6-4545-bd3b-ef4fe3798e6c
2019-10-16 08:23:22,685 [grpc-default-executor-1] INFO  impl.RoleInfo (RoleInfo.java:updateAndGet(143)) - 611f11a7-b9fe-4124-850b-c9a3f03686ca: start FollowerState
2019-10-16 08:23:22,685 [grpc-default-executor-2] INFO  impl.RoleInfo (RoleInfo.java:shutdownFollowerState(121)) - 40c716bc-1a29-46d5-b9af-b2faebaee060: shutdown FollowerState
2019-10-16 08:23:22,687 [Thread-1689] INFO  impl.FollowerState (FollowerState.java:run(117)) - 40c716bc-1a29-46d5-b9af-b2faebaee060@group-CBB3052ECE6D-FollowerState was interrupted: java.lang.InterruptedException: sleep interrupted
2019-10-16 08:23:22,687 [grpc-default-executor-2] INFO  impl.RoleInfo (RoleInfo.java:updateAndGet(143)) - 40c716bc-1a29-46d5-b9af-b2faebaee060: start FollowerState
2019-10-16 08:23:22,692 [611f11a7-b9fe-4124-850b-c9a3f03686ca@group-CBB3052ECE6D-LeaderElection87] INFO  impl.LeaderElection (LeaderElection.java:logAndReturn(56)) - 611f11a7-b9fe-4124-850b-c9a3f03686ca@group-CBB3052ECE6D-LeaderElection87: Election DISCOVERED_A_NEW_TERM; received 1 response(s) [611f11a7-b9fe-4124-850b-c9a3f03686ca<-eda86e88-1ab6-4545-bd3b-ef4fe3798e6c#0:FAIL-t3] and 0 exception(s); 611f11a7-b9fe-4124-850b-c9a3f03686ca@group-CBB3052ECE6D:t3, leader=null, voted=null, raftlog=611f11a7-b9fe-4124-850b-c9a3f03686ca@group-CBB3052ECE6D-SegmentedRaftLog:OPENED:c-1,f-1,i0, conf=-1: [40c716bc-1a29-46d5-b9af-b2faebaee060:192.168.34.43:40056, eda86e88-1ab6-4545-bd3b-ef4fe3798e6c:192.168.34.43:34593, 611f11a7-b9fe-4124-850b-c9a3f03686ca:192.168.34.43:36223], old=null
2019-10-16 08:23:22,695 [eda86e88-1ab6-4545-bd3b-ef4fe3798e6c@group-CBB3052ECE6D-LeaderElection86] INFO  impl.LeaderElection (LeaderElection.java:logAndReturn(56)) - eda86e88-1ab6-4545-bd3b-ef4fe3798e6c@group-CBB3052ECE6D-LeaderElection86: Election TIMEOUT; received 0 response(s) [] and 0 exception(s); eda86e88-1ab6-4545-bd3b-ef4fe3798e6c@group-CBB3052ECE6D:t3, leader=null, voted=eda86e88-1ab6-4545-bd3b-ef4fe3798e6c, raftlog=eda86e88-1ab6-4545-bd3b-ef4fe3798e6c@group-CBB3052ECE6D-SegmentedRaftLog:OPENED:c-1,f-1,i0, conf=-1: [40c716bc-1a29-46d5-b9af-b2faebaee060:192.168.34.43:40056, eda86e88-1ab6-4545-bd3b-ef4fe3798e6c:192.168.34.43:34593, 611f11a7-b9fe-4124-850b-c9a3f03686ca:192.168.34.43:36223], old=null
2019-10-16 08:23:22,713 [eda86e88-1ab6-4545-bd3b-ef4fe3798e6c@group-CBB3052ECE6D-LeaderElection86] INFO  impl.LeaderElection (LeaderElection.java:askForVotes(178)) - eda86e88-1ab6-4545-bd3b-ef4fe3798e6c@group-CBB3052ECE6D-LeaderElection86: begin an election at term 4 for -1: [40c716bc-1a29-46d5-b9af-b2faebaee060:192.168.34.43:40056, eda86e88-1ab6-4545-bd3b-ef4fe3798e6c:192.168.34.43:34593, 611f11a7-b9fe-4124-850b-c9a3f03686ca:192.168.34.43:36223], old=null
2019-10-16 08:23:22,718 [grpc-default-executor-1] INFO  impl.RaftServerImpl (RaftServerImpl.java:setRole(184)) - 40c716bc-1a29-46d5-b9af-b2faebaee060@group-CBB3052ECE6D: changes role from  FOLLOWER to FOLLOWER at term 4 for recognizeCandidate:eda86e88-1ab6-4545-bd3b-ef4fe3798e6c
2019-10-16 08:23:22,718 [grpc-default-executor-1] INFO  impl.RoleInfo (RoleInfo.java:shutdownFollowerState(121)) - 40c716bc-1a29-46d5-b9af-b2faebaee060: shutdown FollowerState
2019-10-16 08:23:22,719 [grpc-default-executor-1] INFO  impl.RoleInfo (RoleInfo.java:updateAndGet(143)) - 40c716bc-1a29-46d5-b9af-b2faebaee060: start FollowerState
2019-10-16 08:23:22,719 [Thread-1695] INFO  impl.FollowerState (FollowerState.java:run(117)) - 40c716bc-1a29-46d5-b9af-b2faebaee060@group-CBB3052ECE6D-FollowerState was interrupted: java.lang.InterruptedException: sleep interrupted
2019-10-16 08:23:22,719 [grpc-default-executor-0] INFO  impl.RaftServerImpl (RaftServerImpl.java:setRole(184)) - 611f11a7-b9fe-4124-850b-c9a3f03686ca@group-CBB3052ECE6D: changes role from  FOLLOWER to FOLLOWER at term 4 for recognizeCandidate:eda86e88-1ab6-4545-bd3b-ef4fe3798e6c
2019-10-16 08:23:22,719 [grpc-default-executor-0] INFO  impl.RoleInfo (RoleInfo.java:shutdownFollowerState(121)) - 611f11a7-b9fe-4124-850b-c9a3f03686ca: shutdown FollowerState
2019-10-16 08:23:22,720 [grpc-default-executor-0] INFO  impl.RoleInfo (RoleInfo.java:updateAndGet(143)) - 611f11a7-b9fe-4124-850b-c9a3f03686ca: start FollowerState
2019-10-16 08:23:22,720 [Thread-1694] INFO  impl.FollowerState (FollowerState.java:run(117)) - 611f11a7-b9fe-4124-850b-c9a3f03686ca@group-CBB3052ECE6D-FollowerState was interrupted: java.lang.InterruptedException: sleep interrupted
2019-10-16 08:23:22,745 [eda86e88-1ab6-4545-bd3b-ef4fe3798e6c@group-CBB3052ECE6D-LeaderElection86] INFO  impl.LeaderElection (LeaderElection.java:logAndReturn(56)) - eda86e88-1ab6-4545-bd3b-ef4fe3798e6c@group-CBB3052ECE6D-LeaderElection86: Election PASSED; received 1 response(s) [eda86e88-1ab6-4545-bd3b-ef4fe3798e6c<-611f11a7-b9fe-4124-850b-c9a3f03686ca#0:OK-t4] and 0 exception(s); eda86e88-1ab6-4545-bd3b-ef4fe3798e6c@group-CBB3052ECE6D:t4, leader=null, voted=eda86e88-1ab6-4545-bd3b-ef4fe3798e6c, raftlog=eda86e88-1ab6-4545-bd3b-ef4fe3798e6c@group-CBB3052ECE6D-SegmentedRaftLog:OPENED:c-1,f-1,i0, conf=-1: [40c716bc-1a29-46d5-b9af-b2faebaee060:192.168.34.43:40056, eda86e88-1ab6-4545-bd3b-ef4fe3798e6c:192.168.34.43:34593, 611f11a7-b9fe-4124-850b-c9a3f03686ca:192.168.34.43:36223], old=null
2019-10-16 08:23:22,746 [eda86e88-1ab6-4545-bd3b-ef4fe3798e6c@group-CBB3052ECE6D-LeaderElection86] INFO  impl.RoleInfo (RoleInfo.java:shutdownLeaderElection(134)) - eda86e88-1ab6-4545-bd3b-ef4fe3798e6c: shutdown LeaderElection
2019-10-16 08:23:22,746 [eda86e88-1ab6-4545-bd3b-ef4fe3798e6c@group-CBB3052ECE6D-LeaderElection86] INFO  impl.RaftServerImpl (RaftServerImpl.java:setRole(184)) - eda86e88-1ab6-4545-bd3b-ef4fe3798e6c@group-CBB3052ECE6D: changes role from CANDIDATE to LEADER at term 4 for changeToLeader
2019-10-16 08:23:22,746 [eda86e88-1ab6-4545-bd3b-ef4fe3798e6c@group-CBB3052ECE6D-LeaderElection86] INFO  impl.RaftServerImpl (ServerState.java:setLeader(256)) - eda86e88-1ab6-4545-bd3b-ef4fe3798e6c@group-CBB3052ECE6D: change Leader from null to eda86e88-1ab6-4545-bd3b-ef4fe3798e6c at term 4 for becomeLeader, leader elected after 236ms
2019-10-16 08:23:22,746 [eda86e88-1ab6-4545-bd3b-ef4fe3798e6c@group-CBB3052ECE6D-LeaderElection86] INFO  server.RaftServerConfigKeys (ConfUtils.java:logGet(43)) - raft.server.staging.catchup.gap = 1000 (default)
2019-10-16 08:23:22,746 [eda86e88-1ab6-4545-bd3b-ef4fe3798e6c@group-CBB3052ECE6D-LeaderElection86] INFO  server.RaftServerConfigKeys (ConfUtils.java:logGet(43)) - raft.server.rpc.sleep.time = 25ms (default)
2019-10-16 08:23:22,747 [eda86e88-1ab6-4545-bd3b-ef4fe3798e6c@group-CBB3052ECE6D-LeaderElection86] INFO  server.RaftServerConfigKeys (ConfUtils.java:logGet(43)) - raft.server.write.element-limit = 4096 (default)
2019-10-16 08:23:22,747 [eda86e88-1ab6-4545-bd3b-ef4fe3798e6c@group-CBB3052ECE6D-LeaderElection86] INFO  server.RaftServerConfigKeys (ConfUtils.java:logGet(43)) - raft.server.watch.timeout = 10s (default)
2019-10-16 08:23:22,747 [eda86e88-1ab6-4545-bd3b-ef4fe3798e6c@group-CBB3052ECE6D-LeaderElection86] INFO  server.RaftServerConfigKeys (ConfUtils.java:logGet(43)) - raft.server.watch.timeout.denomination = 1s (default)
2019-10-16 08:23:22,747 [eda86e88-1ab6-4545-bd3b-ef4fe3798e6c@group-CBB3052ECE6D-LeaderElection86] INFO  server.RaftServerConfigKeys (ConfUtils.java:logGet(43)) - raft.server.watch.element-limit = 65536 (default)
2019-10-16 08:23:22,749 [eda86e88-1ab6-4545-bd3b-ef4fe3798e6c@group-CBB3052ECE6D-LeaderElection86] INFO  server.RaftServerConfigKeys (ConfUtils.java:logGet(43)) - raft.server.log.appender.snapshot.chunk.size.max = 16MB (=16777216) (default)
2019-10-16 08:23:22,750 [eda86e88-1ab6-4545-bd3b-ef4fe3798e6c@group-CBB3052ECE6D-LeaderElection86] INFO  server.RaftServerConfigKeys (ConfUtils.java:logGet(43)) - raft.server.log.appender.buffer.byte-limit = 33554432 (custom)
2019-10-16 08:23:22,750 [eda86e88-1ab6-4545-bd3b-ef4fe3798e6c@group-CBB3052ECE6D-LeaderElection86] INFO  server.RaftServerConfigKeys (ConfUtils.java:logGet(43)) - raft.server.log.appender.buffer.element-limit = 1 (custom)
2019-10-16 08:23:22,750 [eda86e88-1ab6-4545-bd3b-ef4fe3798e6c@group-CBB3052ECE6D-LeaderElection86] INFO  grpc.GrpcConfigKeys$Server (ConfUtils.java:logGet(43)) - raft.grpc.server.leader.outstanding.appends.max = 128 (default)
2019-10-16 08:23:22,750 [eda86e88-1ab6-4545-bd3b-ef4fe3798e6c@group-CBB3052ECE6D-LeaderElection86] INFO  server.RaftServerConfigKeys (ConfUtils.java:logGet(43)) - raft.server.rpc.request.timeout = 3000ms (default)
2019-10-16 08:23:22,750 [eda86e88-1ab6-4545-bd3b-ef4fe3798e6c@group-CBB3052ECE6D-LeaderElection86] INFO  server.RaftServerConfigKeys (ConfUtils.java:logGet(43)) - raft.server.log.appender.install.snapshot.enabled = false (custom)
2019-10-16 08:23:22,752 [eda86e88-1ab6-4545-bd3b-ef4fe3798e6c@group-CBB3052ECE6D-LeaderElection86] INFO  server.RaftServerConfigKeys (ConfUtils.java:logGet(43)) - raft.server.log.appender.snapshot.chunk.size.max = 16MB (=16777216) (default)
2019-10-16 08:23:22,753 [eda86e88-1ab6-4545-bd3b-ef4fe3798e6c@group-CBB3052ECE6D-LeaderElection86] INFO  server.RaftServerConfigKeys (ConfUtils.java:logGet(43)) - raft.server.log.appender.buffer.byte-limit = 33554432 (custom)
2019-10-16 08:23:22,753 [eda86e88-1ab6-4545-bd3b-ef4fe3798e6c@group-CBB3052ECE6D-LeaderElection86] INFO  server.RaftServerConfigKeys (ConfUtils.java:logGet(43)) - raft.server.log.appender.buffer.element-limit = 1 (custom)
2019-10-16 08:23:22,753 [eda86e88-1ab6-4545-bd3b-ef4fe3798e6c@group-CBB3052ECE6D-LeaderElection86] INFO  grpc.GrpcConfigKeys$Server (ConfUtils.java:logGet(43)) - raft.grpc.server.leader.outstanding.appends.max = 128 (default)
2019-10-16 08:23:22,753 [eda86e88-1ab6-4545-bd3b-ef4fe3798e6c@group-CBB3052ECE6D-LeaderElection86] INFO  server.RaftServerConfigKeys (ConfUtils.java:logGet(43)) - raft.server.rpc.request.timeout = 3000ms (default)
2019-10-16 08:23:22,753 [eda86e88-1ab6-4545-bd3b-ef4fe3798e6c@group-CBB3052ECE6D-LeaderElection86] INFO  server.RaftServerConfigKeys (ConfUtils.java:logGet(43)) - raft.server.log.appender.install.snapshot.enabled = false (custom)
2019-10-16 08:23:22,755 [eda86e88-1ab6-4545-bd3b-ef4fe3798e6c@group-CBB3052ECE6D-LeaderElection86] INFO  impl.RoleInfo (RoleInfo.java:updateAndGet(143)) - eda86e88-1ab6-4545-bd3b-ef4fe3798e6c: start LeaderState
2019-10-16 08:23:22,756 [eda86e88-1ab6-4545-bd3b-ef4fe3798e6c@group-CBB3052ECE6D-LeaderElection86] INFO  segmented.SegmentedRaftLogWorker (SegmentedRaftLogWorker.java:startLogSegment(385)) - eda86e88-1ab6-4545-bd3b-ef4fe3798e6c@group-CBB3052ECE6D-SegmentedRaftLogWorker: Starting segment from index:0
2019-10-16 08:23:22,757 [eda86e88-1ab6-4545-bd3b-ef4fe3798e6c@group-CBB3052ECE6D-LeaderElection86] INFO  impl.RaftServerImpl (ServerState.java:setRaftConf(357)) - eda86e88-1ab6-4545-bd3b-ef4fe3798e6c@group-CBB3052ECE6D: set configuration 0: [40c716bc-1a29-46d5-b9af-b2faebaee060:192.168.34.43:40056, eda86e88-1ab6-4545-bd3b-ef4fe3798e6c:192.168.34.43:34593, 611f11a7-b9fe-4124-850b-c9a3f03686ca:192.168.34.43:36223], old=null at 0
2019-10-16 08:23:22,759 [grpc-default-executor-1] INFO  impl.RaftServerImpl (ServerState.java:setLeader(256)) - 611f11a7-b9fe-4124-850b-c9a3f03686ca@group-CBB3052ECE6D: change Leader from null to eda86e88-1ab6-4545-bd3b-ef4fe3798e6c at term 4 for appendEntries, leader elected after 249ms
2019-10-16 08:23:22,759 [grpc-default-executor-0] INFO  impl.RaftServerImpl (ServerState.java:setLeader(256)) - 40c716bc-1a29-46d5-b9af-b2faebaee060@group-CBB3052ECE6D: change Leader from null to eda86e88-1ab6-4545-bd3b-ef4fe3798e6c at term 4 for appendEntries, leader elected after 249ms
2019-10-16 08:23:22,791 [grpc-default-executor-1] INFO  impl.RaftServerImpl (ServerState.java:setRaftConf(357)) - 611f11a7-b9fe-4124-850b-c9a3f03686ca@group-CBB3052ECE6D: set configuration 0: [40c716bc-1a29-46d5-b9af-b2faebaee060:192.168.34.43:40056, eda86e88-1ab6-4545-bd3b-ef4fe3798e6c:192.168.34.43:34593, 611f11a7-b9fe-4124-850b-c9a3f03686ca:192.168.34.43:36223], old=null at 0
2019-10-16 08:23:22,792 [grpc-default-executor-1] INFO  segmented.SegmentedRaftLogWorker (SegmentedRaftLogWorker.java:startLogSegment(385)) - 611f11a7-b9fe-4124-850b-c9a3f03686ca@group-CBB3052ECE6D-SegmentedRaftLogWorker: Starting segment from index:0
2019-10-16 08:23:22,792 [grpc-default-executor-0] INFO  impl.RaftServerImpl (ServerState.java:setRaftConf(357)) - 40c716bc-1a29-46d5-b9af-b2faebaee060@group-CBB3052ECE6D: set configuration 0: [40c716bc-1a29-46d5-b9af-b2faebaee060:192.168.34.43:40056, eda86e88-1ab6-4545-bd3b-ef4fe3798e6c:192.168.34.43:34593, 611f11a7-b9fe-4124-850b-c9a3f03686ca:192.168.34.43:36223], old=null at 0
2019-10-16 08:23:22,792 [grpc-default-executor-0] INFO  segmented.SegmentedRaftLogWorker (SegmentedRaftLogWorker.java:startLogSegment(385)) - 40c716bc-1a29-46d5-b9af-b2faebaee060@group-CBB3052ECE6D-SegmentedRaftLogWorker: Starting segment from index:0
2019-10-16 08:23:22,804 [eda86e88-1ab6-4545-bd3b-ef4fe3798e6c@group-CBB3052ECE6D-SegmentedRaftLogWorker] INFO  segmented.SegmentedRaftLogWorker (SegmentedRaftLogWorker.java:execute(576)) - eda86e88-1ab6-4545-bd3b-ef4fe3798e6c@group-CBB3052ECE6D-SegmentedRaftLogWorker: created new log segment /workdir/hadoop-ozone/ozonefs/target/test-dir/MiniOzoneClusterImpl-67ae9893-6bb6-4118-b4b3-8532bd0372c2/datanode-0/data/ratis/73429dec-c276-43bb-9f77-cbb3052ece6d/current/log_inprogress_0
2019-10-16 08:23:22,824 [40c716bc-1a29-46d5-b9af-b2faebaee060@group-CBB3052ECE6D-SegmentedRaftLogWorker] INFO  segmented.SegmentedRaftLogWorker (SegmentedRaftLogWorker.java:execute(576)) - 40c716bc-1a29-46d5-b9af-b2faebaee060@group-CBB3052ECE6D-SegmentedRaftLogWorker: created new log segment /workdir/hadoop-ozone/ozonefs/target/test-dir/MiniOzoneClusterImpl-67ae9893-6bb6-4118-b4b3-8532bd0372c2/datanode-2/data/ratis/73429dec-c276-43bb-9f77-cbb3052ece6d/current/log_inprogress_0
2019-10-16 08:23:22,824 [611f11a7-b9fe-4124-850b-c9a3f03686ca@group-CBB3052ECE6D-SegmentedRaftLogWorker] INFO  segmented.SegmentedRaftLogWorker (SegmentedRaftLogWorker.java:execute(576)) - 611f11a7-b9fe-4124-850b-c9a3f03686ca@group-CBB3052ECE6D-SegmentedRaftLogWorker: created new log segment /workdir/hadoop-ozone/ozonefs/target/test-dir/MiniOzoneClusterImpl-67ae9893-6bb6-4118-b4b3-8532bd0372c2/datanode-1/data/ratis/73429dec-c276-43bb-9f77-cbb3052ece6d/current/log_inprogress_0
2019-10-16 08:23:23,382 [main] INFO  ozone.MiniOzoneClusterImpl (MiniOzoneClusterImpl.java:lambda$waitForClusterToBeReady$0(147)) - Cluster is ready. Got 3 of 3 DN Heartbeats.
2019-10-16 08:23:23,432 [main] INFO  rpc.RpcClient (RpcClient.java:createVolume(272)) - Creating Volume: agnfsyoxcc, with user95223 as owner.
2019-10-16 08:23:23,438 [IPC Server handler 3 on 36014] INFO  volume.OMVolumeCreateRequest (OMVolumeCreateRequest.java:validateAndUpdateCache(193)) - created volume:agnfsyoxcc for user:user95223
2019-10-16 08:23:23,449 [main] INFO  rpc.RpcClient (RpcClient.java:createBucket(411)) - Creating Bucket: agnfsyoxcc/vvqkqhvaxd, with Versioning false and Storage Type set to DISK and Encryption set to false 
2019-10-16 08:23:23,615 [main] INFO  impl.MetricsSystemImpl (MetricsSystemImpl.java:init(158)) - XceiverClientMetrics metrics system started (again)
2019-10-16 08:23:24,136 [IPC Server handler 1 on 36014] ERROR lock.LockManager (LockManager.java:getLockForReleasing(218)) - Trying to release the lock on /agnfsyoxcc/vvqkqhvaxd, which was never acquired.
2019-10-16 08:23:24,137 [IPC Server handler 1 on 36014] WARN  ipc.Server (Server.java:logException(2724)) - IPC Server handler 1 on 36014, call Call#161 Retry#0 org.apache.hadoop.ozone.om.protocol.OzoneManagerProtocol.submitRequest from 127.0.0.1:57220
java.lang.IllegalMonitorStateException: Releasing lock on resource /agnfsyoxcc/vvqkqhvaxd without acquiring lock
	at org.apache.hadoop.ozone.lock.LockManager.getLockForReleasing(LockManager.java:220)
	at org.apache.hadoop.ozone.lock.LockManager.release(LockManager.java:168)
	at org.apache.hadoop.ozone.lock.LockManager.writeUnlock(LockManager.java:148)
	at org.apache.hadoop.ozone.om.lock.OzoneManagerLock.unlock(OzoneManagerLock.java:364)
	at org.apache.hadoop.ozone.om.lock.OzoneManagerLock.releaseWriteLock(OzoneManagerLock.java:329)
	at org.apache.hadoop.ozone.om.request.key.OMKeyCommitRequest.validateAndUpdateCache(OMKeyCommitRequest.java:177)
	at org.apache.hadoop.ozone.protocolPB.OzoneManagerProtocolServerSideTranslatorPB.submitRequestDirectlyToOM(OzoneManagerProtocolServerSideTranslatorPB.java:219)
	at org.apache.hadoop.ozone.protocolPB.OzoneManagerProtocolServerSideTranslatorPB.processRequest(OzoneManagerProtocolServerSideTranslatorPB.java:134)
	at org.apache.hadoop.hdds.server.OzoneProtocolMessageDispatcher.processRequest(OzoneProtocolMessageDispatcher.java:72)
	at org.apache.hadoop.ozone.protocolPB.OzoneManagerProtocolServerSideTranslatorPB.submitRequest(OzoneManagerProtocolServerSideTranslatorPB.java:100)
	at org.apache.hadoop.ozone.protocol.proto.OzoneManagerProtocolProtos$OzoneManagerService$2.callBlockingMethod(OzoneManagerProtocolProtos.java)
	at org.apache.hadoop.ipc.ProtobufRpcEngine$Server$ProtoBufRpcInvoker.call(ProtobufRpcEngine.java:524)
	at org.apache.hadoop.ipc.RPC$Server.call(RPC.java:1025)
	at org.apache.hadoop.ipc.Server$RpcCall.run(Server.java:876)
	at org.apache.hadoop.ipc.Server$RpcCall.run(Server.java:822)
	at java.security.AccessController.doPrivileged(Native Method)
	at javax.security.auth.Subject.doAs(Subject.java:422)
	at org.apache.hadoop.security.UserGroupInformation.doAs(UserGroupInformation.java:1730)
	at org.apache.hadoop.ipc.Server$Handler.run(Server.java:2682)
2019-10-16 08:23:24,142 [main] INFO  retry.RetryInvocationHandler (RetryInvocationHandler.java:log(411)) - com.google.protobuf.ServiceException: org.apache.hadoop.ipc.RemoteException(java.lang.IllegalMonitorStateException): Releasing lock on resource /agnfsyoxcc/vvqkqhvaxd without acquiring lock
	at org.apache.hadoop.ozone.lock.LockManager.getLockForReleasing(LockManager.java:220)
	at org.apache.hadoop.ozone.lock.LockManager.release(LockManager.java:168)
	at org.apache.hadoop.ozone.lock.LockManager.writeUnlock(LockManager.java:148)
	at org.apache.hadoop.ozone.om.lock.OzoneManagerLock.unlock(OzoneManagerLock.java:364)
	at org.apache.hadoop.ozone.om.lock.OzoneManagerLock.releaseWriteLock(OzoneManagerLock.java:329)
	at org.apache.hadoop.ozone.om.request.key.OMKeyCommitRequest.validateAndUpdateCache(OMKeyCommitRequest.java:177)
	at org.apache.hadoop.ozone.protocolPB.OzoneManagerProtocolServerSideTranslatorPB.submitRequestDirectlyToOM(OzoneManagerProtocolServerSideTranslatorPB.java:219)
	at org.apache.hadoop.ozone.protocolPB.OzoneManagerProtocolServerSideTranslatorPB.processRequest(OzoneManagerProtocolServerSideTranslatorPB.java:134)
	at org.apache.hadoop.hdds.server.OzoneProtocolMessageDispatcher.processRequest(OzoneProtocolMessageDispatcher.java:72)
	at org.apache.hadoop.ozone.protocolPB.OzoneManagerProtocolServerSideTranslatorPB.submitRequest(OzoneManagerProtocolServerSideTranslatorPB.java:100)
	at org.apache.hadoop.ozone.protocol.proto.OzoneManagerProtocolProtos$OzoneManagerService$2.callBlockingMethod(OzoneManagerProtocolProtos.java)
	at org.apache.hadoop.ipc.ProtobufRpcEngine$Server$ProtoBufRpcInvoker.call(ProtobufRpcEngine.java:524)
	at org.apache.hadoop.ipc.RPC$Server.call(RPC.java:1025)
	at org.apache.hadoop.ipc.Server$RpcCall.run(Server.java:876)
	at org.apache.hadoop.ipc.Server$RpcCall.run(Server.java:822)
	at java.security.AccessController.doPrivileged(Native Method)
	at javax.security.auth.Subject.doAs(Subject.java:422)
	at org.apache.hadoop.security.UserGroupInformation.doAs(UserGroupInformation.java:1730)
	at org.apache.hadoop.ipc.Server$Handler.run(Server.java:2682)
, while invoking $Proxy38.submitRequest over nodeId=null,nodeAddress=localhost:36014. Trying to failover immediately.
2019-10-16 08:23:24,148 [IPC Server handler 3 on 36014] ERROR lock.LockManager (LockManager.java:getLockForReleasing(218)) - Trying to release the lock on /agnfsyoxcc/vvqkqhvaxd, which was never acquired.
2019-10-16 08:23:24,148 [IPC Server handler 3 on 36014] WARN  ipc.Server (Server.java:logException(2724)) - IPC Server handler 3 on 36014, call Call#161 Retry#1 org.apache.hadoop.ozone.om.protocol.OzoneManagerProtocol.submitRequest from 127.0.0.1:57220
java.lang.IllegalMonitorStateException: Releasing lock on resource /agnfsyoxcc/vvqkqhvaxd without acquiring lock
	at org.apache.hadoop.ozone.lock.LockManager.getLockForReleasing(LockManager.java:220)
	at org.apache.hadoop.ozone.lock.LockManager.release(LockManager.java:168)
	at org.apache.hadoop.ozone.lock.LockManager.writeUnlock(LockManager.java:148)
	at org.apache.hadoop.ozone.om.lock.OzoneManagerLock.unlock(OzoneManagerLock.java:364)
	at org.apache.hadoop.ozone.om.lock.OzoneManagerLock.releaseWriteLock(OzoneManagerLock.java:329)
	at org.apache.hadoop.ozone.om.request.key.OMKeyCommitRequest.validateAndUpdateCache(OMKeyCommitRequest.java:177)
	at org.apache.hadoop.ozone.protocolPB.OzoneManagerProtocolServerSideTranslatorPB.submitRequestDirectlyToOM(OzoneManagerProtocolServerSideTranslatorPB.java:219)
	at org.apache.hadoop.ozone.protocolPB.OzoneManagerProtocolServerSideTranslatorPB.processRequest(OzoneManagerProtocolServerSideTranslatorPB.java:134)
	at org.apache.hadoop.hdds.server.OzoneProtocolMessageDispatcher.processRequest(OzoneProtocolMessageDispatcher.java:72)
	at org.apache.hadoop.ozone.protocolPB.OzoneManagerProtocolServerSideTranslatorPB.submitRequest(OzoneManagerProtocolServerSideTranslatorPB.java:100)
	at org.apache.hadoop.ozone.protocol.proto.OzoneManagerProtocolProtos$OzoneManagerService$2.callBlockingMethod(OzoneManagerProtocolProtos.java)
	at org.apache.hadoop.ipc.ProtobufRpcEngine$Server$ProtoBufRpcInvoker.call(ProtobufRpcEngine.java:524)
	at org.apache.hadoop.ipc.RPC$Server.call(RPC.java:1025)
	at org.apache.hadoop.ipc.Server$RpcCall.run(Server.java:876)
	at org.apache.hadoop.ipc.Server$RpcCall.run(Server.java:822)
	at java.security.AccessController.doPrivileged(Native Method)
	at javax.security.auth.Subject.doAs(Subject.java:422)
	at org.apache.hadoop.security.UserGroupInformation.doAs(UserGroupInformation.java:1730)
	at org.apache.hadoop.ipc.Server$Handler.run(Server.java:2682)
2019-10-16 08:23:24,150 [main] INFO  retry.RetryInvocationHandler (RetryInvocationHandler.java:log(411)) - com.google.protobuf.ServiceException: org.apache.hadoop.ipc.RemoteException(java.lang.IllegalMonitorStateException): Releasing lock on resource /agnfsyoxcc/vvqkqhvaxd without acquiring lock
	at org.apache.hadoop.ozone.lock.LockManager.getLockForReleasing(LockManager.java:220)
	at org.apache.hadoop.ozone.lock.LockManager.release(LockManager.java:168)
	at org.apache.hadoop.ozone.lock.LockManager.writeUnlock(LockManager.java:148)
	at org.apache.hadoop.ozone.om.lock.OzoneManagerLock.unlock(OzoneManagerLock.java:364)
	at org.apache.hadoop.ozone.om.lock.OzoneManagerLock.releaseWriteLock(OzoneManagerLock.java:329)
	at org.apache.hadoop.ozone.om.request.key.OMKeyCommitRequest.validateAndUpdateCache(OMKeyCommitRequest.java:177)
	at org.apache.hadoop.ozone.protocolPB.OzoneManagerProtocolServerSideTranslatorPB.submitRequestDirectlyToOM(OzoneManagerProtocolServerSideTranslatorPB.java:219)
	at org.apache.hadoop.ozone.protocolPB.OzoneManagerProtocolServerSideTranslatorPB.processRequest(OzoneManagerProtocolServerSideTranslatorPB.java:134)
	at org.apache.hadoop.hdds.server.OzoneProtocolMessageDispatcher.processRequest(OzoneProtocolMessageDispatcher.java:72)
	at org.apache.hadoop.ozone.protocolPB.OzoneManagerProtocolServerSideTranslatorPB.submitRequest(OzoneManagerProtocolServerSideTranslatorPB.java:100)
	at org.apache.hadoop.ozone.protocol.proto.OzoneManagerProtocolProtos$OzoneManagerService$2.callBlockingMethod(OzoneManagerProtocolProtos.java)
	at org.apache.hadoop.ipc.ProtobufRpcEngine$Server$ProtoBufRpcInvoker.call(ProtobufRpcEngine.java:524)
	at org.apache.hadoop.ipc.RPC$Server.call(RPC.java:1025)
	at org.apache.hadoop.ipc.Server$RpcCall.run(Server.java:876)
	at org.apache.hadoop.ipc.Server$RpcCall.run(Server.java:822)
	at java.security.AccessController.doPrivileged(Native Method)
	at javax.security.auth.Subject.doAs(Subject.java:422)
	at org.apache.hadoop.security.UserGroupInformation.doAs(UserGroupInformation.java:1730)
	at org.apache.hadoop.ipc.Server$Handler.run(Server.java:2682)
, while invoking $Proxy38.submitRequest over nodeId=null,nodeAddress=localhost:36014 after 1 failover attempts. Trying to failover immediately.
2019-10-16 08:23:24,157 [IPC Server handler 0 on 36014] ERROR lock.LockManager (LockManager.java:getLockForReleasing(218)) - Trying to release the lock on /agnfsyoxcc/vvqkqhvaxd, which was never acquired.
2019-10-16 08:23:24,157 [IPC Server handler 0 on 36014] WARN  ipc.Server (Server.java:logException(2724)) - IPC Server handler 0 on 36014, call Call#161 Retry#2 org.apache.hadoop.ozone.om.protocol.OzoneManagerProtocol.submitRequest from 127.0.0.1:57220
java.lang.IllegalMonitorStateException: Releasing lock on resource /agnfsyoxcc/vvqkqhvaxd without acquiring lock
	at org.apache.hadoop.ozone.lock.LockManager.getLockForReleasing(LockManager.java:220)
	at org.apache.hadoop.ozone.lock.LockManager.release(LockManager.java:168)
	at org.apache.hadoop.ozone.lock.LockManager.writeUnlock(LockManager.java:148)
	at org.apache.hadoop.ozone.om.lock.OzoneManagerLock.unlock(OzoneManagerLock.java:364)
	at org.apache.hadoop.ozone.om.lock.OzoneManagerLock.releaseWriteLock(OzoneManagerLock.java:329)
	at org.apache.hadoop.ozone.om.request.key.OMKeyCommitRequest.validateAndUpdateCache(OMKeyCommitRequest.java:177)
	at org.apache.hadoop.ozone.protocolPB.OzoneManagerProtocolServerSideTranslatorPB.submitRequestDirectlyToOM(OzoneManagerProtocolServerSideTranslatorPB.java:219)
	at org.apache.hadoop.ozone.protocolPB.OzoneManagerProtocolServerSideTranslatorPB.processRequest(OzoneManagerProtocolServerSideTranslatorPB.java:134)
	at org.apache.hadoop.hdds.server.OzoneProtocolMessageDispatcher.processRequest(OzoneProtocolMessageDispatcher.java:72)
	at org.apache.hadoop.ozone.protocolPB.OzoneManagerProtocolServerSideTranslatorPB.submitRequest(OzoneManagerProtocolServerSideTranslatorPB.java:100)
	at org.apache.hadoop.ozone.protocol.proto.OzoneManagerProtocolProtos$OzoneManagerService$2.callBlockingMethod(OzoneManagerProtocolProtos.java)
	at org.apache.hadoop.ipc.ProtobufRpcEngine$Server$ProtoBufRpcInvoker.call(ProtobufRpcEngine.java:524)
	at org.apache.hadoop.ipc.RPC$Server.call(RPC.java:1025)
	at org.apache.hadoop.ipc.Server$RpcCall.run(Server.java:876)
	at org.apache.hadoop.ipc.Server$RpcCall.run(Server.java:822)
	at java.security.AccessController.doPrivileged(Native Method)
	at javax.security.auth.Subject.doAs(Subject.java:422)
	at org.apache.hadoop.security.UserGroupInformation.doAs(UserGroupInformation.java:1730)
	at org.apache.hadoop.ipc.Server$Handler.run(Server.java:2682)
2019-10-16 08:23:24,159 [main] INFO  retry.RetryInvocationHandler (RetryInvocationHandler.java:log(411)) - com.google.protobuf.ServiceException: org.apache.hadoop.ipc.RemoteException(java.lang.IllegalMonitorStateException): Releasing lock on resource /agnfsyoxcc/vvqkqhvaxd without acquiring lock
	at org.apache.hadoop.ozone.lock.LockManager.getLockForReleasing(LockManager.java:220)
	at org.apache.hadoop.ozone.lock.LockManager.release(LockManager.java:168)
	at org.apache.hadoop.ozone.lock.LockManager.writeUnlock(LockManager.java:148)
	at org.apache.hadoop.ozone.om.lock.OzoneManagerLock.unlock(OzoneManagerLock.java:364)
	at org.apache.hadoop.ozone.om.lock.OzoneManagerLock.releaseWriteLock(OzoneManagerLock.java:329)
	at org.apache.hadoop.ozone.om.request.key.OMKeyCommitRequest.validateAndUpdateCache(OMKeyCommitRequest.java:177)
	at org.apache.hadoop.ozone.protocolPB.OzoneManagerProtocolServerSideTranslatorPB.submitRequestDirectlyToOM(OzoneManagerProtocolServerSideTranslatorPB.java:219)
	at org.apache.hadoop.ozone.protocolPB.OzoneManagerProtocolServerSideTranslatorPB.processRequest(OzoneManagerProtocolServerSideTranslatorPB.java:134)
	at org.apache.hadoop.hdds.server.OzoneProtocolMessageDispatcher.processRequest(OzoneProtocolMessageDispatcher.java:72)
	at org.apache.hadoop.ozone.protocolPB.OzoneManagerProtocolServerSideTranslatorPB.submitRequest(OzoneManagerProtocolServerSideTranslatorPB.java:100)
	at org.apache.hadoop.ozone.protocol.proto.OzoneManagerProtocolProtos$OzoneManagerService$2.callBlockingMethod(OzoneManagerProtocolProtos.java)
	at org.apache.hadoop.ipc.ProtobufRpcEngine$Server$ProtoBufRpcInvoker.call(ProtobufRpcEngine.java:524)
	at org.apache.hadoop.ipc.RPC$Server.call(RPC.java:1025)
	at org.apache.hadoop.ipc.Server$RpcCall.run(Server.java:876)
	at org.apache.hadoop.ipc.Server$RpcCall.run(Server.java:822)
	at java.security.AccessController.doPrivileged(Native Method)
	at javax.security.auth.Subject.doAs(Subject.java:422)
	at org.apache.hadoop.security.UserGroupInformation.doAs(UserGroupInformation.java:1730)
	at org.apache.hadoop.ipc.Server$Handler.run(Server.java:2682)
, while invoking $Proxy38.submitRequest over nodeId=null,nodeAddress=localhost:36014 after 2 failover attempts. Trying to failover immediately.
2019-10-16 08:23:24,162 [IPC Server handler 2 on 36014] ERROR lock.LockManager (LockManager.java:getLockForReleasing(218)) - Trying to release the lock on /agnfsyoxcc/vvqkqhvaxd, which was never acquired.
2019-10-16 08:23:24,162 [IPC Server handler 2 on 36014] WARN  ipc.Server (Server.java:logException(2724)) - IPC Server handler 2 on 36014, call Call#161 Retry#3 org.apache.hadoop.ozone.om.protocol.OzoneManagerProtocol.submitRequest from 127.0.0.1:57220
java.lang.IllegalMonitorStateException: Releasing lock on resource /agnfsyoxcc/vvqkqhvaxd without acquiring lock
	at org.apache.hadoop.ozone.lock.LockManager.getLockForReleasing(LockManager.java:220)
	at org.apache.hadoop.ozone.lock.LockManager.release(LockManager.java:168)
	at org.apache.hadoop.ozone.lock.LockManager.writeUnlock(LockManager.java:148)
	at org.apache.hadoop.ozone.om.lock.OzoneManagerLock.unlock(OzoneManagerLock.java:364)
	at org.apache.hadoop.ozone.om.lock.OzoneManagerLock.releaseWriteLock(OzoneManagerLock.java:329)
	at org.apache.hadoop.ozone.om.request.key.OMKeyCommitRequest.validateAndUpdateCache(OMKeyCommitRequest.java:177)
	at org.apache.hadoop.ozone.protocolPB.OzoneManagerProtocolServerSideTranslatorPB.submitRequestDirectlyToOM(OzoneManagerProtocolServerSideTranslatorPB.java:219)
	at org.apache.hadoop.ozone.protocolPB.OzoneManagerProtocolServerSideTranslatorPB.processRequest(OzoneManagerProtocolServerSideTranslatorPB.java:134)
	at org.apache.hadoop.hdds.server.OzoneProtocolMessageDispatcher.processRequest(OzoneProtocolMessageDispatcher.java:72)
	at org.apache.hadoop.ozone.protocolPB.OzoneManagerProtocolServerSideTranslatorPB.submitRequest(OzoneManagerProtocolServerSideTranslatorPB.java:100)
	at org.apache.hadoop.ozone.protocol.proto.OzoneManagerProtocolProtos$OzoneManagerService$2.callBlockingMethod(OzoneManagerProtocolProtos.java)
	at org.apache.hadoop.ipc.ProtobufRpcEngine$Server$ProtoBufRpcInvoker.call(ProtobufRpcEngine.java:524)
	at org.apache.hadoop.ipc.RPC$Server.call(RPC.java:1025)
	at org.apache.hadoop.ipc.Server$RpcCall.run(Server.java:876)
	at org.apache.hadoop.ipc.Server$RpcCall.run(Server.java:822)
	at java.security.AccessController.doPrivileged(Native Method)
	at javax.security.auth.Subject.doAs(Subject.java:422)
	at org.apache.hadoop.security.UserGroupInformation.doAs(UserGroupInformation.java:1730)
	at org.apache.hadoop.ipc.Server$Handler.run(Server.java:2682)
2019-10-16 08:23:24,163 [main] INFO  retry.RetryInvocationHandler (RetryInvocationHandler.java:log(411)) - com.google.protobuf.ServiceException: org.apache.hadoop.ipc.RemoteException(java.lang.IllegalMonitorStateException): Releasing lock on resource /agnfsyoxcc/vvqkqhvaxd without acquiring lock
	at org.apache.hadoop.ozone.lock.LockManager.getLockForReleasing(LockManager.java:220)
	at org.apache.hadoop.ozone.lock.LockManager.release(LockManager.java:168)
	at org.apache.hadoop.ozone.lock.LockManager.writeUnlock(LockManager.java:148)
	at org.apache.hadoop.ozone.om.lock.OzoneManagerLock.unlock(OzoneManagerLock.java:364)
	at org.apache.hadoop.ozone.om.lock.OzoneManagerLock.releaseWriteLock(OzoneManagerLock.java:329)
	at org.apache.hadoop.ozone.om.request.key.OMKeyCommitRequest.validateAndUpdateCache(OMKeyCommitRequest.java:177)
	at org.apache.hadoop.ozone.protocolPB.OzoneManagerProtocolServerSideTranslatorPB.submitRequestDirectlyToOM(OzoneManagerProtocolServerSideTranslatorPB.java:219)
	at org.apache.hadoop.ozone.protocolPB.OzoneManagerProtocolServerSideTranslatorPB.processRequest(OzoneManagerProtocolServerSideTranslatorPB.java:134)
	at org.apache.hadoop.hdds.server.OzoneProtocolMessageDispatcher.processRequest(OzoneProtocolMessageDispatcher.java:72)
	at org.apache.hadoop.ozone.protocolPB.OzoneManagerProtocolServerSideTranslatorPB.submitRequest(OzoneManagerProtocolServerSideTranslatorPB.java:100)
	at org.apache.hadoop.ozone.protocol.proto.OzoneManagerProtocolProtos$OzoneManagerService$2.callBlockingMethod(OzoneManagerProtocolProtos.java)
	at org.apache.hadoop.ipc.ProtobufRpcEngine$Server$ProtoBufRpcInvoker.call(ProtobufRpcEngine.java:524)
	at org.apache.hadoop.ipc.RPC$Server.call(RPC.java:1025)
	at org.apache.hadoop.ipc.Server$RpcCall.run(Server.java:876)
	at org.apache.hadoop.ipc.Server$RpcCall.run(Server.java:822)
	at java.security.AccessController.doPrivileged(Native Method)
	at javax.security.auth.Subject.doAs(Subject.java:422)
	at org.apache.hadoop.security.UserGroupInformation.doAs(UserGroupInformation.java:1730)
	at org.apache.hadoop.ipc.Server$Handler.run(Server.java:2682)
, while invoking $Proxy38.submitRequest over nodeId=null,nodeAddress=localhost:36014 after 3 failover attempts. Trying to failover immediately.
2019-10-16 08:23:24,166 [IPC Server handler 4 on 36014] ERROR lock.LockManager (LockManager.java:getLockForReleasing(218)) - Trying to release the lock on /agnfsyoxcc/vvqkqhvaxd, which was never acquired.
2019-10-16 08:23:24,166 [IPC Server handler 4 on 36014] WARN  ipc.Server (Server.java:logException(2724)) - IPC Server handler 4 on 36014, call Call#161 Retry#4 org.apache.hadoop.ozone.om.protocol.OzoneManagerProtocol.submitRequest from 127.0.0.1:57220
java.lang.IllegalMonitorStateException: Releasing lock on resource /agnfsyoxcc/vvqkqhvaxd without acquiring lock
	at org.apache.hadoop.ozone.lock.LockManager.getLockForReleasing(LockManager.java:220)
	at org.apache.hadoop.ozone.lock.LockManager.release(LockManager.java:168)
	at org.apache.hadoop.ozone.lock.LockManager.writeUnlock(LockManager.java:148)
	at org.apache.hadoop.ozone.om.lock.OzoneManagerLock.unlock(OzoneManagerLock.java:364)
	at org.apache.hadoop.ozone.om.lock.OzoneManagerLock.releaseWriteLock(OzoneManagerLock.java:329)
	at org.apache.hadoop.ozone.om.request.key.OMKeyCommitRequest.validateAndUpdateCache(OMKeyCommitRequest.java:177)
	at org.apache.hadoop.ozone.protocolPB.OzoneManagerProtocolServerSideTranslatorPB.submitRequestDirectlyToOM(OzoneManagerProtocolServerSideTranslatorPB.java:219)
	at org.apache.hadoop.ozone.protocolPB.OzoneManagerProtocolServerSideTranslatorPB.processRequest(OzoneManagerProtocolServerSideTranslatorPB.java:134)
	at org.apache.hadoop.hdds.server.OzoneProtocolMessageDispatcher.processRequest(OzoneProtocolMessageDispatcher.java:72)
	at org.apache.hadoop.ozone.protocolPB.OzoneManagerProtocolServerSideTranslatorPB.submitRequest(OzoneManagerProtocolServerSideTranslatorPB.java:100)
	at org.apache.hadoop.ozone.protocol.proto.OzoneManagerProtocolProtos$OzoneManagerService$2.callBlockingMethod(OzoneManagerProtocolProtos.java)
	at org.apache.hadoop.ipc.ProtobufRpcEngine$Server$ProtoBufRpcInvoker.call(ProtobufRpcEngine.java:524)
	at org.apache.hadoop.ipc.RPC$Server.call(RPC.java:1025)
	at org.apache.hadoop.ipc.Server$RpcCall.run(Server.java:876)
	at org.apache.hadoop.ipc.Server$RpcCall.run(Server.java:822)
	at java.security.AccessController.doPrivileged(Native Method)
	at javax.security.auth.Subject.doAs(Subject.java:422)
	at org.apache.hadoop.security.UserGroupInformation.doAs(UserGroupInformation.java:1730)
	at org.apache.hadoop.ipc.Server$Handler.run(Server.java:2682)
2019-10-16 08:23:24,168 [main] INFO  retry.RetryInvocationHandler (RetryInvocationHandler.java:log(411)) - com.google.protobuf.ServiceException: org.apache.hadoop.ipc.RemoteException(java.lang.IllegalMonitorStateException): Releasing lock on resource /agnfsyoxcc/vvqkqhvaxd without acquiring lock
	at org.apache.hadoop.ozone.lock.LockManager.getLockForReleasing(LockManager.java:220)
	at org.apache.hadoop.ozone.lock.LockManager.release(LockManager.java:168)
	at org.apache.hadoop.ozone.lock.LockManager.writeUnlock(LockManager.java:148)
	at org.apache.hadoop.ozone.om.lock.OzoneManagerLock.unlock(OzoneManagerLock.java:364)
	at org.apache.hadoop.ozone.om.lock.OzoneManagerLock.releaseWriteLock(OzoneManagerLock.java:329)
	at org.apache.hadoop.ozone.om.request.key.OMKeyCommitRequest.validateAndUpdateCache(OMKeyCommitRequest.java:177)
	at org.apache.hadoop.ozone.protocolPB.OzoneManagerProtocolServerSideTranslatorPB.submitRequestDirectlyToOM(OzoneManagerProtocolServerSideTranslatorPB.java:219)
	at org.apache.hadoop.ozone.protocolPB.OzoneManagerProtocolServerSideTranslatorPB.processRequest(OzoneManagerProtocolServerSideTranslatorPB.java:134)
	at org.apache.hadoop.hdds.server.OzoneProtocolMessageDispatcher.processRequest(OzoneProtocolMessageDispatcher.java:72)
	at org.apache.hadoop.ozone.protocolPB.OzoneManagerProtocolServerSideTranslatorPB.submitRequest(OzoneManagerProtocolServerSideTranslatorPB.java:100)
	at org.apache.hadoop.ozone.protocol.proto.OzoneManagerProtocolProtos$OzoneManagerService$2.callBlockingMethod(OzoneManagerProtocolProtos.java)
	at org.apache.hadoop.ipc.ProtobufRpcEngine$Server$ProtoBufRpcInvoker.call(ProtobufRpcEngine.java:524)
	at org.apache.hadoop.ipc.RPC$Server.call(RPC.java:1025)
	at org.apache.hadoop.ipc.Server$RpcCall.run(Server.java:876)
	at org.apache.hadoop.ipc.Server$RpcCall.run(Server.java:822)
	at java.security.AccessController.doPrivileged(Native Method)
	at javax.security.auth.Subject.doAs(Subject.java:422)
	at org.apache.hadoop.security.UserGroupInformation.doAs(UserGroupInformation.java:1730)
	at org.apache.hadoop.ipc.Server$Handler.run(Server.java:2682)
, while invoking $Proxy38.submitRequest over nodeId=null,nodeAddress=localhost:36014 after 4 failover attempts. Trying to failover immediately.
2019-10-16 08:23:24,170 [IPC Server handler 5 on 36014] ERROR lock.LockManager (LockManager.java:getLockForReleasing(218)) - Trying to release the lock on /agnfsyoxcc/vvqkqhvaxd, which was never acquired.
2019-10-16 08:23:24,171 [IPC Server handler 5 on 36014] WARN  ipc.Server (Server.java:logException(2724)) - IPC Server handler 5 on 36014, call Call#161 Retry#5 org.apache.hadoop.ozone.om.protocol.OzoneManagerProtocol.submitRequest from 127.0.0.1:57220
java.lang.IllegalMonitorStateException: Releasing lock on resource /agnfsyoxcc/vvqkqhvaxd without acquiring lock
	at org.apache.hadoop.ozone.lock.LockManager.getLockForReleasing(LockManager.java:220)
	at org.apache.hadoop.ozone.lock.LockManager.release(LockManager.java:168)
	at org.apache.hadoop.ozone.lock.LockManager.writeUnlock(LockManager.java:148)
	at org.apache.hadoop.ozone.om.lock.OzoneManagerLock.unlock(OzoneManagerLock.java:364)
	at org.apache.hadoop.ozone.om.lock.OzoneManagerLock.releaseWriteLock(OzoneManagerLock.java:329)
	at org.apache.hadoop.ozone.om.request.key.OMKeyCommitRequest.validateAndUpdateCache(OMKeyCommitRequest.java:177)
	at org.apache.hadoop.ozone.protocolPB.OzoneManagerProtocolServerSideTranslatorPB.submitRequestDirectlyToOM(OzoneManagerProtocolServerSideTranslatorPB.java:219)
	at org.apache.hadoop.ozone.protocolPB.OzoneManagerProtocolServerSideTranslatorPB.processRequest(OzoneManagerProtocolServerSideTranslatorPB.java:134)
	at org.apache.hadoop.hdds.server.OzoneProtocolMessageDispatcher.processRequest(OzoneProtocolMessageDispatcher.java:72)
	at org.apache.hadoop.ozone.protocolPB.OzoneManagerProtocolServerSideTranslatorPB.submitRequest(OzoneManagerProtocolServerSideTranslatorPB.java:100)
	at org.apache.hadoop.ozone.protocol.proto.OzoneManagerProtocolProtos$OzoneManagerService$2.callBlockingMethod(OzoneManagerProtocolProtos.java)
	at org.apache.hadoop.ipc.ProtobufRpcEngine$Server$ProtoBufRpcInvoker.call(ProtobufRpcEngine.java:524)
	at org.apache.hadoop.ipc.RPC$Server.call(RPC.java:1025)
	at org.apache.hadoop.ipc.Server$RpcCall.run(Server.java:876)
	at org.apache.hadoop.ipc.Server$RpcCall.run(Server.java:822)
	at java.security.AccessController.doPrivileged(Native Method)
	at javax.security.auth.Subject.doAs(Subject.java:422)
	at org.apache.hadoop.security.UserGroupInformation.doAs(UserGroupInformation.java:1730)
	at org.apache.hadoop.ipc.Server$Handler.run(Server.java:2682)
2019-10-16 08:23:24,172 [main] INFO  retry.RetryInvocationHandler (RetryInvocationHandler.java:log(411)) - com.google.protobuf.ServiceException: org.apache.hadoop.ipc.RemoteException(java.lang.IllegalMonitorStateException): Releasing lock on resource /agnfsyoxcc/vvqkqhvaxd without acquiring lock
	at org.apache.hadoop.ozone.lock.LockManager.getLockForReleasing(LockManager.java:220)
	at org.apache.hadoop.ozone.lock.LockManager.release(LockManager.java:168)
	at org.apache.hadoop.ozone.lock.LockManager.writeUnlock(LockManager.java:148)
	at org.apache.hadoop.ozone.om.lock.OzoneManagerLock.unlock(OzoneManagerLock.java:364)
	at org.apache.hadoop.ozone.om.lock.OzoneManagerLock.releaseWriteLock(OzoneManagerLock.java:329)
	at org.apache.hadoop.ozone.om.request.key.OMKeyCommitRequest.validateAndUpdateCache(OMKeyCommitRequest.java:177)
	at org.apache.hadoop.ozone.protocolPB.OzoneManagerProtocolServerSideTranslatorPB.submitRequestDirectlyToOM(OzoneManagerProtocolServerSideTranslatorPB.java:219)
	at org.apache.hadoop.ozone.protocolPB.OzoneManagerProtocolServerSideTranslatorPB.processRequest(OzoneManagerProtocolServerSideTranslatorPB.java:134)
	at org.apache.hadoop.hdds.server.OzoneProtocolMessageDispatcher.processRequest(OzoneProtocolMessageDispatcher.java:72)
	at org.apache.hadoop.ozone.protocolPB.OzoneManagerProtocolServerSideTranslatorPB.submitRequest(OzoneManagerProtocolServerSideTranslatorPB.java:100)
	at org.apache.hadoop.ozone.protocol.proto.OzoneManagerProtocolProtos$OzoneManagerService$2.callBlockingMethod(OzoneManagerProtocolProtos.java)
	at org.apache.hadoop.ipc.ProtobufRpcEngine$Server$ProtoBufRpcInvoker.call(ProtobufRpcEngine.java:524)
	at org.apache.hadoop.ipc.RPC$Server.call(RPC.java:1025)
	at org.apache.hadoop.ipc.Server$RpcCall.run(Server.java:876)
	at org.apache.hadoop.ipc.Server$RpcCall.run(Server.java:822)
	at java.security.AccessController.doPrivileged(Native Method)
	at javax.security.auth.Subject.doAs(Subject.java:422)
	at org.apache.hadoop.security.UserGroupInformation.doAs(UserGroupInformation.java:1730)
	at org.apache.hadoop.ipc.Server$Handler.run(Server.java:2682)
, while invoking $Proxy38.submitRequest over nodeId=null,nodeAddress=localhost:36014 after 5 failover attempts. Trying to failover immediately.
2019-10-16 08:23:24,175 [IPC Server handler 8 on 36014] ERROR lock.LockManager (LockManager.java:getLockForReleasing(218)) - Trying to release the lock on /agnfsyoxcc/vvqkqhvaxd, which was never acquired.
2019-10-16 08:23:24,177 [IPC Server handler 8 on 36014] WARN  ipc.Server (Server.java:logException(2724)) - IPC Server handler 8 on 36014, call Call#161 Retry#6 org.apache.hadoop.ozone.om.protocol.OzoneManagerProtocol.submitRequest from 127.0.0.1:57220
java.lang.IllegalMonitorStateException: Releasing lock on resource /agnfsyoxcc/vvqkqhvaxd without acquiring lock
	at org.apache.hadoop.ozone.lock.LockManager.getLockForReleasing(LockManager.java:220)
	at org.apache.hadoop.ozone.lock.LockManager.release(LockManager.java:168)
	at org.apache.hadoop.ozone.lock.LockManager.writeUnlock(LockManager.java:148)
	at org.apache.hadoop.ozone.om.lock.OzoneManagerLock.unlock(OzoneManagerLock.java:364)
	at org.apache.hadoop.ozone.om.lock.OzoneManagerLock.releaseWriteLock(OzoneManagerLock.java:329)
	at org.apache.hadoop.ozone.om.request.key.OMKeyCommitRequest.validateAndUpdateCache(OMKeyCommitRequest.java:177)
	at org.apache.hadoop.ozone.protocolPB.OzoneManagerProtocolServerSideTranslatorPB.submitRequestDirectlyToOM(OzoneManagerProtocolServerSideTranslatorPB.java:219)
	at org.apache.hadoop.ozone.protocolPB.OzoneManagerProtocolServerSideTranslatorPB.processRequest(OzoneManagerProtocolServerSideTranslatorPB.java:134)
	at org.apache.hadoop.hdds.server.OzoneProtocolMessageDispatcher.processRequest(OzoneProtocolMessageDispatcher.java:72)
	at org.apache.hadoop.ozone.protocolPB.OzoneManagerProtocolServerSideTranslatorPB.submitRequest(OzoneManagerProtocolServerSideTranslatorPB.java:100)
	at org.apache.hadoop.ozone.protocol.proto.OzoneManagerProtocolProtos$OzoneManagerService$2.callBlockingMethod(OzoneManagerProtocolProtos.java)
	at org.apache.hadoop.ipc.ProtobufRpcEngine$Server$ProtoBufRpcInvoker.call(ProtobufRpcEngine.java:524)
	at org.apache.hadoop.ipc.RPC$Server.call(RPC.java:1025)
	at org.apache.hadoop.ipc.Server$RpcCall.run(Server.java:876)
	at org.apache.hadoop.ipc.Server$RpcCall.run(Server.java:822)
	at java.security.AccessController.doPrivileged(Native Method)
	at javax.security.auth.Subject.doAs(Subject.java:422)
	at org.apache.hadoop.security.UserGroupInformation.doAs(UserGroupInformation.java:1730)
	at org.apache.hadoop.ipc.Server$Handler.run(Server.java:2682)
2019-10-16 08:23:24,179 [main] INFO  retry.RetryInvocationHandler (RetryInvocationHandler.java:log(411)) - com.google.protobuf.ServiceException: org.apache.hadoop.ipc.RemoteException(java.lang.IllegalMonitorStateException): Releasing lock on resource /agnfsyoxcc/vvqkqhvaxd without acquiring lock
	at org.apache.hadoop.ozone.lock.LockManager.getLockForReleasing(LockManager.java:220)
	at org.apache.hadoop.ozone.lock.LockManager.release(LockManager.java:168)
	at org.apache.hadoop.ozone.lock.LockManager.writeUnlock(LockManager.java:148)
	at org.apache.hadoop.ozone.om.lock.OzoneManagerLock.unlock(OzoneManagerLock.java:364)
	at org.apache.hadoop.ozone.om.lock.OzoneManagerLock.releaseWriteLock(OzoneManagerLock.java:329)
	at org.apache.hadoop.ozone.om.request.key.OMKeyCommitRequest.validateAndUpdateCache(OMKeyCommitRequest.java:177)
	at org.apache.hadoop.ozone.protocolPB.OzoneManagerProtocolServerSideTranslatorPB.submitRequestDirectlyToOM(OzoneManagerProtocolServerSideTranslatorPB.java:219)
	at org.apache.hadoop.ozone.protocolPB.OzoneManagerProtocolServerSideTranslatorPB.processRequest(OzoneManagerProtocolServerSideTranslatorPB.java:134)
	at org.apache.hadoop.hdds.server.OzoneProtocolMessageDispatcher.processRequest(OzoneProtocolMessageDispatcher.java:72)
	at org.apache.hadoop.ozone.protocolPB.OzoneManagerProtocolServerSideTranslatorPB.submitRequest(OzoneManagerProtocolServerSideTranslatorPB.java:100)
	at org.apache.hadoop.ozone.protocol.proto.OzoneManagerProtocolProtos$OzoneManagerService$2.callBlockingMethod(OzoneManagerProtocolProtos.java)
	at org.apache.hadoop.ipc.ProtobufRpcEngine$Server$ProtoBufRpcInvoker.call(ProtobufRpcEngine.java:524)
	at org.apache.hadoop.ipc.RPC$Server.call(RPC.java:1025)
	at org.apache.hadoop.ipc.Server$RpcCall.run(Server.java:876)
	at org.apache.hadoop.ipc.Server$RpcCall.run(Server.java:822)
	at java.security.AccessController.doPrivileged(Native Method)
	at javax.security.auth.Subject.doAs(Subject.java:422)
	at org.apache.hadoop.security.UserGroupInformation.doAs(UserGroupInformation.java:1730)
	at org.apache.hadoop.ipc.Server$Handler.run(Server.java:2682)
, while invoking $Proxy38.submitRequest over nodeId=null,nodeAddress=localhost:36014 after 6 failover attempts. Trying to failover immediately.
2019-10-16 08:23:24,191 [IPC Server handler 7 on 36014] ERROR lock.LockManager (LockManager.java:getLockForReleasing(218)) - Trying to release the lock on /agnfsyoxcc/vvqkqhvaxd, which was never acquired.
2019-10-16 08:23:24,191 [IPC Server handler 7 on 36014] WARN  ipc.Server (Server.java:logException(2724)) - IPC Server handler 7 on 36014, call Call#161 Retry#7 org.apache.hadoop.ozone.om.protocol.OzoneManagerProtocol.submitRequest from 127.0.0.1:57220
java.lang.IllegalMonitorStateException: Releasing lock on resource /agnfsyoxcc/vvqkqhvaxd without acquiring lock
	at org.apache.hadoop.ozone.lock.LockManager.getLockForReleasing(LockManager.java:220)
	at org.apache.hadoop.ozone.lock.LockManager.release(LockManager.java:168)
	at org.apache.hadoop.ozone.lock.LockManager.writeUnlock(LockManager.java:148)
	at org.apache.hadoop.ozone.om.lock.OzoneManagerLock.unlock(OzoneManagerLock.java:364)
	at org.apache.hadoop.ozone.om.lock.OzoneManagerLock.releaseWriteLock(OzoneManagerLock.java:329)
	at org.apache.hadoop.ozone.om.request.key.OMKeyCommitRequest.validateAndUpdateCache(OMKeyCommitRequest.java:177)
	at org.apache.hadoop.ozone.protocolPB.OzoneManagerProtocolServerSideTranslatorPB.submitRequestDirectlyToOM(OzoneManagerProtocolServerSideTranslatorPB.java:219)
	at org.apache.hadoop.ozone.protocolPB.OzoneManagerProtocolServerSideTranslatorPB.processRequest(OzoneManagerProtocolServerSideTranslatorPB.java:134)
	at org.apache.hadoop.hdds.server.OzoneProtocolMessageDispatcher.processRequest(OzoneProtocolMessageDispatcher.java:72)
	at org.apache.hadoop.ozone.protocolPB.OzoneManagerProtocolServerSideTranslatorPB.submitRequest(OzoneManagerProtocolServerSideTranslatorPB.java:100)
	at org.apache.hadoop.ozone.protocol.proto.OzoneManagerProtocolProtos$OzoneManagerService$2.callBlockingMethod(OzoneManagerProtocolProtos.java)
	at org.apache.hadoop.ipc.ProtobufRpcEngine$Server$ProtoBufRpcInvoker.call(ProtobufRpcEngine.java:524)
	at org.apache.hadoop.ipc.RPC$Server.call(RPC.java:1025)
	at org.apache.hadoop.ipc.Server$RpcCall.run(Server.java:876)
	at org.apache.hadoop.ipc.Server$RpcCall.run(Server.java:822)
	at java.security.AccessController.doPrivileged(Native Method)
	at javax.security.auth.Subject.doAs(Subject.java:422)
	at org.apache.hadoop.security.UserGroupInformation.doAs(UserGroupInformation.java:1730)
	at org.apache.hadoop.ipc.Server$Handler.run(Server.java:2682)
2019-10-16 08:23:24,193 [main] INFO  retry.RetryInvocationHandler (RetryInvocationHandler.java:log(411)) - com.google.protobuf.ServiceException: org.apache.hadoop.ipc.RemoteException(java.lang.IllegalMonitorStateException): Releasing lock on resource /agnfsyoxcc/vvqkqhvaxd without acquiring lock
	at org.apache.hadoop.ozone.lock.LockManager.getLockForReleasing(LockManager.java:220)
	at org.apache.hadoop.ozone.lock.LockManager.release(LockManager.java:168)
	at org.apache.hadoop.ozone.lock.LockManager.writeUnlock(LockManager.java:148)
	at org.apache.hadoop.ozone.om.lock.OzoneManagerLock.unlock(OzoneManagerLock.java:364)
	at org.apache.hadoop.ozone.om.lock.OzoneManagerLock.releaseWriteLock(OzoneManagerLock.java:329)
	at org.apache.hadoop.ozone.om.request.key.OMKeyCommitRequest.validateAndUpdateCache(OMKeyCommitRequest.java:177)
	at org.apache.hadoop.ozone.protocolPB.OzoneManagerProtocolServerSideTranslatorPB.submitRequestDirectlyToOM(OzoneManagerProtocolServerSideTranslatorPB.java:219)
	at org.apache.hadoop.ozone.protocolPB.OzoneManagerProtocolServerSideTranslatorPB.processRequest(OzoneManagerProtocolServerSideTranslatorPB.java:134)
	at org.apache.hadoop.hdds.server.OzoneProtocolMessageDispatcher.processRequest(OzoneProtocolMessageDispatcher.java:72)
	at org.apache.hadoop.ozone.protocolPB.OzoneManagerProtocolServerSideTranslatorPB.submitRequest(OzoneManagerProtocolServerSideTranslatorPB.java:100)
	at org.apache.hadoop.ozone.protocol.proto.OzoneManagerProtocolProtos$OzoneManagerService$2.callBlockingMethod(OzoneManagerProtocolProtos.java)
	at org.apache.hadoop.ipc.ProtobufRpcEngine$Server$ProtoBufRpcInvoker.call(ProtobufRpcEngine.java:524)
	at org.apache.hadoop.ipc.RPC$Server.call(RPC.java:1025)
	at org.apache.hadoop.ipc.Server$RpcCall.run(Server.java:876)
	at org.apache.hadoop.ipc.Server$RpcCall.run(Server.java:822)
	at java.security.AccessController.doPrivileged(Native Method)
	at javax.security.auth.Subject.doAs(Subject.java:422)
	at org.apache.hadoop.security.UserGroupInformation.doAs(UserGroupInformation.java:1730)
	at org.apache.hadoop.ipc.Server$Handler.run(Server.java:2682)
, while invoking $Proxy38.submitRequest over nodeId=null,nodeAddress=localhost:36014 after 7 failover attempts. Trying to failover immediately.
2019-10-16 08:23:24,195 [IPC Server handler 9 on 36014] ERROR lock.LockManager (LockManager.java:getLockForReleasing(218)) - Trying to release the lock on /agnfsyoxcc/vvqkqhvaxd, which was never acquired.
2019-10-16 08:23:24,196 [IPC Server handler 9 on 36014] WARN  ipc.Server (Server.java:logException(2724)) - IPC Server handler 9 on 36014, call Call#161 Retry#8 org.apache.hadoop.ozone.om.protocol.OzoneManagerProtocol.submitRequest from 127.0.0.1:57220
java.lang.IllegalMonitorStateException: Releasing lock on resource /agnfsyoxcc/vvqkqhvaxd without acquiring lock
	at org.apache.hadoop.ozone.lock.LockManager.getLockForReleasing(LockManager.java:220)
	at org.apache.hadoop.ozone.lock.LockManager.release(LockManager.java:168)
	at org.apache.hadoop.ozone.lock.LockManager.writeUnlock(LockManager.java:148)
	at org.apache.hadoop.ozone.om.lock.OzoneManagerLock.unlock(OzoneManagerLock.java:364)
	at org.apache.hadoop.ozone.om.lock.OzoneManagerLock.releaseWriteLock(OzoneManagerLock.java:329)
	at org.apache.hadoop.ozone.om.request.key.OMKeyCommitRequest.validateAndUpdateCache(OMKeyCommitRequest.java:177)
	at org.apache.hadoop.ozone.protocolPB.OzoneManagerProtocolServerSideTranslatorPB.submitRequestDirectlyToOM(OzoneManagerProtocolServerSideTranslatorPB.java:219)
	at org.apache.hadoop.ozone.protocolPB.OzoneManagerProtocolServerSideTranslatorPB.processRequest(OzoneManagerProtocolServerSideTranslatorPB.java:134)
	at org.apache.hadoop.hdds.server.OzoneProtocolMessageDispatcher.processRequest(OzoneProtocolMessageDispatcher.java:72)
	at org.apache.hadoop.ozone.protocolPB.OzoneManagerProtocolServerSideTranslatorPB.submitRequest(OzoneManagerProtocolServerSideTranslatorPB.java:100)
	at org.apache.hadoop.ozone.protocol.proto.OzoneManagerProtocolProtos$OzoneManagerService$2.callBlockingMethod(OzoneManagerProtocolProtos.java)
	at org.apache.hadoop.ipc.ProtobufRpcEngine$Server$ProtoBufRpcInvoker.call(ProtobufRpcEngine.java:524)
	at org.apache.hadoop.ipc.RPC$Server.call(RPC.java:1025)
	at org.apache.hadoop.ipc.Server$RpcCall.run(Server.java:876)
	at org.apache.hadoop.ipc.Server$RpcCall.run(Server.java:822)
	at java.security.AccessController.doPrivileged(Native Method)
	at javax.security.auth.Subject.doAs(Subject.java:422)
	at org.apache.hadoop.security.UserGroupInformation.doAs(UserGroupInformation.java:1730)
	at org.apache.hadoop.ipc.Server$Handler.run(Server.java:2682)
2019-10-16 08:23:24,197 [main] INFO  retry.RetryInvocationHandler (RetryInvocationHandler.java:log(411)) - com.google.protobuf.ServiceException: org.apache.hadoop.ipc.RemoteException(java.lang.IllegalMonitorStateException): Releasing lock on resource /agnfsyoxcc/vvqkqhvaxd without acquiring lock
	at org.apache.hadoop.ozone.lock.LockManager.getLockForReleasing(LockManager.java:220)
	at org.apache.hadoop.ozone.lock.LockManager.release(LockManager.java:168)
	at org.apache.hadoop.ozone.lock.LockManager.writeUnlock(LockManager.java:148)
	at org.apache.hadoop.ozone.om.lock.OzoneManagerLock.unlock(OzoneManagerLock.java:364)
	at org.apache.hadoop.ozone.om.lock.OzoneManagerLock.releaseWriteLock(OzoneManagerLock.java:329)
	at org.apache.hadoop.ozone.om.request.key.OMKeyCommitRequest.validateAndUpdateCache(OMKeyCommitRequest.java:177)
	at org.apache.hadoop.ozone.protocolPB.OzoneManagerProtocolServerSideTranslatorPB.submitRequestDirectlyToOM(OzoneManagerProtocolServerSideTranslatorPB.java:219)
	at org.apache.hadoop.ozone.protocolPB.OzoneManagerProtocolServerSideTranslatorPB.processRequest(OzoneManagerProtocolServerSideTranslatorPB.java:134)
	at org.apache.hadoop.hdds.server.OzoneProtocolMessageDispatcher.processRequest(OzoneProtocolMessageDispatcher.java:72)
	at org.apache.hadoop.ozone.protocolPB.OzoneManagerProtocolServerSideTranslatorPB.submitRequest(OzoneManagerProtocolServerSideTranslatorPB.java:100)
	at org.apache.hadoop.ozone.protocol.proto.OzoneManagerProtocolProtos$OzoneManagerService$2.callBlockingMethod(OzoneManagerProtocolProtos.java)
	at org.apache.hadoop.ipc.ProtobufRpcEngine$Server$ProtoBufRpcInvoker.call(ProtobufRpcEngine.java:524)
	at org.apache.hadoop.ipc.RPC$Server.call(RPC.java:1025)
	at org.apache.hadoop.ipc.Server$RpcCall.run(Server.java:876)
	at org.apache.hadoop.ipc.Server$RpcCall.run(Server.java:822)
	at java.security.AccessController.doPrivileged(Native Method)
	at javax.security.auth.Subject.doAs(Subject.java:422)
	at org.apache.hadoop.security.UserGroupInformation.doAs(UserGroupInformation.java:1730)
	at org.apache.hadoop.ipc.Server$Handler.run(Server.java:2682)
, while invoking $Proxy38.submitRequest over nodeId=null,nodeAddress=localhost:36014 after 8 failover attempts. Trying to failover immediately.
2019-10-16 08:23:24,199 [IPC Server handler 11 on 36014] ERROR lock.LockManager (LockManager.java:getLockForReleasing(218)) - Trying to release the lock on /agnfsyoxcc/vvqkqhvaxd, which was never acquired.
2019-10-16 08:23:24,199 [IPC Server handler 11 on 36014] WARN  ipc.Server (Server.java:logException(2724)) - IPC Server handler 11 on 36014, call Call#161 Retry#9 org.apache.hadoop.ozone.om.protocol.OzoneManagerProtocol.submitRequest from 127.0.0.1:57220
java.lang.IllegalMonitorStateException: Releasing lock on resource /agnfsyoxcc/vvqkqhvaxd without acquiring lock
	at org.apache.hadoop.ozone.lock.LockManager.getLockForReleasing(LockManager.java:220)
	at org.apache.hadoop.ozone.lock.LockManager.release(LockManager.java:168)
	at org.apache.hadoop.ozone.lock.LockManager.writeUnlock(LockManager.java:148)
	at org.apache.hadoop.ozone.om.lock.OzoneManagerLock.unlock(OzoneManagerLock.java:364)
	at org.apache.hadoop.ozone.om.lock.OzoneManagerLock.releaseWriteLock(OzoneManagerLock.java:329)
	at org.apache.hadoop.ozone.om.request.key.OMKeyCommitRequest.validateAndUpdateCache(OMKeyCommitRequest.java:177)
	at org.apache.hadoop.ozone.protocolPB.OzoneManagerProtocolServerSideTranslatorPB.submitRequestDirectlyToOM(OzoneManagerProtocolServerSideTranslatorPB.java:219)
	at org.apache.hadoop.ozone.protocolPB.OzoneManagerProtocolServerSideTranslatorPB.processRequest(OzoneManagerProtocolServerSideTranslatorPB.java:134)
	at org.apache.hadoop.hdds.server.OzoneProtocolMessageDispatcher.processRequest(OzoneProtocolMessageDispatcher.java:72)
	at org.apache.hadoop.ozone.protocolPB.OzoneManagerProtocolServerSideTranslatorPB.submitRequest(OzoneManagerProtocolServerSideTranslatorPB.java:100)
	at org.apache.hadoop.ozone.protocol.proto.OzoneManagerProtocolProtos$OzoneManagerService$2.callBlockingMethod(OzoneManagerProtocolProtos.java)
	at org.apache.hadoop.ipc.ProtobufRpcEngine$Server$ProtoBufRpcInvoker.call(ProtobufRpcEngine.java:524)
	at org.apache.hadoop.ipc.RPC$Server.call(RPC.java:1025)
	at org.apache.hadoop.ipc.Server$RpcCall.run(Server.java:876)
	at org.apache.hadoop.ipc.Server$RpcCall.run(Server.java:822)
	at java.security.AccessController.doPrivileged(Native Method)
	at javax.security.auth.Subject.doAs(Subject.java:422)
	at org.apache.hadoop.security.UserGroupInformation.doAs(UserGroupInformation.java:1730)
	at org.apache.hadoop.ipc.Server$Handler.run(Server.java:2682)
2019-10-16 08:23:24,201 [main] INFO  retry.RetryInvocationHandler (RetryInvocationHandler.java:log(411)) - com.google.protobuf.ServiceException: org.apache.hadoop.ipc.RemoteException(java.lang.IllegalMonitorStateException): Releasing lock on resource /agnfsyoxcc/vvqkqhvaxd without acquiring lock
	at org.apache.hadoop.ozone.lock.LockManager.getLockForReleasing(LockManager.java:220)
	at org.apache.hadoop.ozone.lock.LockManager.release(LockManager.java:168)
	at org.apache.hadoop.ozone.lock.LockManager.writeUnlock(LockManager.java:148)
	at org.apache.hadoop.ozone.om.lock.OzoneManagerLock.unlock(OzoneManagerLock.java:364)
	at org.apache.hadoop.ozone.om.lock.OzoneManagerLock.releaseWriteLock(OzoneManagerLock.java:329)
	at org.apache.hadoop.ozone.om.request.key.OMKeyCommitRequest.validateAndUpdateCache(OMKeyCommitRequest.java:177)
	at org.apache.hadoop.ozone.protocolPB.OzoneManagerProtocolServerSideTranslatorPB.submitRequestDirectlyToOM(OzoneManagerProtocolServerSideTranslatorPB.java:219)
	at org.apache.hadoop.ozone.protocolPB.OzoneManagerProtocolServerSideTranslatorPB.processRequest(OzoneManagerProtocolServerSideTranslatorPB.java:134)
	at org.apache.hadoop.hdds.server.OzoneProtocolMessageDispatcher.processRequest(OzoneProtocolMessageDispatcher.java:72)
	at org.apache.hadoop.ozone.protocolPB.OzoneManagerProtocolServerSideTranslatorPB.submitRequest(OzoneManagerProtocolServerSideTranslatorPB.java:100)
	at org.apache.hadoop.ozone.protocol.proto.OzoneManagerProtocolProtos$OzoneManagerService$2.callBlockingMethod(OzoneManagerProtocolProtos.java)
	at org.apache.hadoop.ipc.ProtobufRpcEngine$Server$ProtoBufRpcInvoker.call(ProtobufRpcEngine.java:524)
	at org.apache.hadoop.ipc.RPC$Server.call(RPC.java:1025)
	at org.apache.hadoop.ipc.Server$RpcCall.run(Server.java:876)
	at org.apache.hadoop.ipc.Server$RpcCall.run(Server.java:822)
	at java.security.AccessController.doPrivileged(Native Method)
	at javax.security.auth.Subject.doAs(Subject.java:422)
	at org.apache.hadoop.security.UserGroupInformation.doAs(UserGroupInformation.java:1730)
	at org.apache.hadoop.ipc.Server$Handler.run(Server.java:2682)
, while invoking $Proxy38.submitRequest over nodeId=null,nodeAddress=localhost:36014 after 9 failover attempts. Trying to failover immediately.
2019-10-16 08:23:24,209 [IPC Server handler 10 on 36014] ERROR lock.LockManager (LockManager.java:getLockForReleasing(218)) - Trying to release the lock on /agnfsyoxcc/vvqkqhvaxd, which was never acquired.
2019-10-16 08:23:24,209 [IPC Server handler 10 on 36014] WARN  ipc.Server (Server.java:logException(2724)) - IPC Server handler 10 on 36014, call Call#161 Retry#10 org.apache.hadoop.ozone.om.protocol.OzoneManagerProtocol.submitRequest from 127.0.0.1:57220
java.lang.IllegalMonitorStateException: Releasing lock on resource /agnfsyoxcc/vvqkqhvaxd without acquiring lock
	at org.apache.hadoop.ozone.lock.LockManager.getLockForReleasing(LockManager.java:220)
	at org.apache.hadoop.ozone.lock.LockManager.release(LockManager.java:168)
	at org.apache.hadoop.ozone.lock.LockManager.writeUnlock(LockManager.java:148)
	at org.apache.hadoop.ozone.om.lock.OzoneManagerLock.unlock(OzoneManagerLock.java:364)
	at org.apache.hadoop.ozone.om.lock.OzoneManagerLock.releaseWriteLock(OzoneManagerLock.java:329)
	at org.apache.hadoop.ozone.om.request.key.OMKeyCommitRequest.validateAndUpdateCache(OMKeyCommitRequest.java:177)
	at org.apache.hadoop.ozone.protocolPB.OzoneManagerProtocolServerSideTranslatorPB.submitRequestDirectlyToOM(OzoneManagerProtocolServerSideTranslatorPB.java:219)
	at org.apache.hadoop.ozone.protocolPB.OzoneManagerProtocolServerSideTranslatorPB.processRequest(OzoneManagerProtocolServerSideTranslatorPB.java:134)
	at org.apache.hadoop.hdds.server.OzoneProtocolMessageDispatcher.processRequest(OzoneProtocolMessageDispatcher.java:72)
	at org.apache.hadoop.ozone.protocolPB.OzoneManagerProtocolServerSideTranslatorPB.submitRequest(OzoneManagerProtocolServerSideTranslatorPB.java:100)
	at org.apache.hadoop.ozone.protocol.proto.OzoneManagerProtocolProtos$OzoneManagerService$2.callBlockingMethod(OzoneManagerProtocolProtos.java)
	at org.apache.hadoop.ipc.ProtobufRpcEngine$Server$ProtoBufRpcInvoker.call(ProtobufRpcEngine.java:524)
	at org.apache.hadoop.ipc.RPC$Server.call(RPC.java:1025)
	at org.apache.hadoop.ipc.Server$RpcCall.run(Server.java:876)
	at org.apache.hadoop.ipc.Server$RpcCall.run(Server.java:822)
	at java.security.AccessController.doPrivileged(Native Method)
	at javax.security.auth.Subject.doAs(Subject.java:422)
	at org.apache.hadoop.security.UserGroupInformation.doAs(UserGroupInformation.java:1730)
	at org.apache.hadoop.ipc.Server$Handler.run(Server.java:2682)
2019-10-16 08:23:24,211 [main] ERROR ha.OMFailoverProxyProvider (OzoneManagerProtocolClientSideTranslatorPB.java:getRetryAction(268)) - Failed to connect to OM. Attempted 10 retries and 10 failovers
2019-10-16 08:23:24,212 [main] INFO  ozone.MiniOzoneClusterImpl (MiniOzoneClusterImpl.java:shutdown(314)) - Shutting down the Mini Ozone Cluster
2019-10-16 08:23:24,212 [main] INFO  ozone.MiniOzoneClusterImpl (MiniOzoneClusterImpl.java:stop(330)) - Stopping the Mini Ozone Cluster
2019-10-16 08:23:24,212 [main] INFO  ozone.MiniOzoneClusterImpl (MiniOzoneClusterImpl.java:stopOM(400)) - Stopping the OzoneManager
2019-10-16 08:23:24,212 [main] INFO  ipc.Server (Server.java:stop(3082)) - Stopping server on 36014
2019-10-16 08:23:24,215 [IPC Server listener on 36014] INFO  ipc.Server (Server.java:run(1185)) - Stopping IPC Server listener on 36014
2019-10-16 08:23:24,215 [IPC Server Responder] INFO  ipc.Server (Server.java:run(1319)) - Stopping IPC Server Responder
2019-10-16 08:23:24,215 [main] INFO  ratis.OzoneManagerDoubleBuffer (OzoneManagerDoubleBuffer.java:stop(250)) - Stopping OMDoubleBuffer flush thread
2019-10-16 08:23:24,216 [OMDoubleBufferFlushThread] INFO  ratis.OzoneManagerDoubleBuffer (OzoneManagerDoubleBuffer.java:flushTransactions(193)) - OMDoubleBuffer flush thread OMDoubleBufferFlushThread is interrupted and will exit. OMDoubleBufferFlushThread
2019-10-16 08:23:24,217 [main] INFO  utils.BackgroundService (BackgroundService.java:shutdown(151)) - Shutting down service KeyDeletingService
2019-10-16 08:23:24,218 [main] INFO  handler.ContextHandler (ContextHandler.java:doStop(910)) - Stopped o.e.j.w.WebAppContext@7d66e544{/,null,UNAVAILABLE}{/ozoneManager}
2019-10-16 08:23:24,219 [main] INFO  server.AbstractConnector (AbstractConnector.java:doStop(318)) - Stopped ServerConnector@666618d6{HTTP/1.1,[http/1.1]}{0.0.0.0:0}
2019-10-16 08:23:24,219 [main] INFO  handler.ContextHandler (ContextHandler.java:doStop(910)) - Stopped o.e.j.s.ServletContextHandler@15e8f9b2{/static,jar:file:/home/user/.m2/repository/org/apache/hadoop/hadoop-ozone-ozone-manager/0.5.0-SNAPSHOT/hadoop-ozone-ozone-manager-0.5.0-SNAPSHOT.jar!/webapps/static,UNAVAILABLE}
2019-10-16 08:23:24,220 [main] INFO  handler.ContextHandler (ContextHandler.java:doStop(910)) - Stopped o.e.j.s.ServletContextHandler@4168f3d9{/logs,file:///workdir/hadoop-ozone/ozonefs/target/log,UNAVAILABLE}
2019-10-16 08:23:24,222 [main] INFO  ozone.MiniOzoneClusterImpl (MiniOzoneClusterImpl.java:stopDatanodes(377)) - Stopping the HddsDatanodes
2019-10-16 08:23:24,935 [Datanode State Machine Thread - 0] INFO  statemachine.DatanodeStateMachine (DatanodeStateMachine.java:lambda$startDaemon$0(350)) - Ozone container server started.
2019-10-16 08:23:24,935 [Datanode State Machine Thread - 0] INFO  statemachine.DatanodeStateMachine (DatanodeStateMachine.java:lambda$startDaemon$0(350)) - Ozone container server started.
2019-10-16 08:23:25,243 [Thread-1656] INFO  container.ReplicationManager (ReplicationManager.java:start(162)) - Starting Replication Monitor Thread.
2019-10-16 08:23:25,247 [ReplicationMonitor] INFO  container.ReplicationManager (ReplicationManager.java:run(225)) - Replication Monitor Thread took 0 milliseconds for processing 1 containers.
2019-10-16 08:23:29,223 [ForkJoinPool.commonPool-worker-0] INFO  ozoneimpl.OzoneContainer (OzoneContainer.java:stop(227)) - Attempting to stop container services.
2019-10-16 08:23:29,223 [main] INFO  ozoneimpl.OzoneContainer (OzoneContainer.java:stop(227)) - Attempting to stop container services.
2019-10-16 08:23:29,223 [ForkJoinPool.commonPool-worker-0] INFO  impl.RaftServerProxy (RaftServerProxy.java:lambda$close$4(314)) - eda86e88-1ab6-4545-bd3b-ef4fe3798e6c: close
2019-10-16 08:23:29,224 [main] INFO  impl.RaftServerProxy (RaftServerProxy.java:lambda$close$4(314)) - 611f11a7-b9fe-4124-850b-c9a3f03686ca: close
2019-10-16 08:23:29,224 [ForkJoinPool.commonPool-worker-0] INFO  impl.RaftServerImpl (RaftServerImpl.java:lambda$shutdown$3(261)) - eda86e88-1ab6-4545-bd3b-ef4fe3798e6c@group-CBB3052ECE6D: shutdown
2019-10-16 08:23:29,224 [main] INFO  impl.RaftServerImpl (RaftServerImpl.java:lambda$shutdown$3(261)) - 611f11a7-b9fe-4124-850b-c9a3f03686ca@group-54B41CC1F832: shutdown
2019-10-16 08:23:29,224 [ForkJoinPool.commonPool-worker-0] INFO  util.JmxRegister (JmxRegister.java:unregister(73)) - Successfully un-registered JMX Bean with object name Ratis:service=RaftServer,group=group-CBB3052ECE6D,id=eda86e88-1ab6-4545-bd3b-ef4fe3798e6c
2019-10-16 08:23:29,225 [main] INFO  util.JmxRegister (JmxRegister.java:unregister(73)) - Successfully un-registered JMX Bean with object name Ratis:service=RaftServer,group=group-54B41CC1F832,id=611f11a7-b9fe-4124-850b-c9a3f03686ca
2019-10-16 08:23:29,225 [ForkJoinPool.commonPool-worker-0] INFO  impl.RoleInfo (RoleInfo.java:shutdownLeaderState(104)) - eda86e88-1ab6-4545-bd3b-ef4fe3798e6c: shutdown LeaderState
2019-10-16 08:23:29,225 [main] INFO  impl.RoleInfo (RoleInfo.java:shutdownLeaderState(104)) - 611f11a7-b9fe-4124-850b-c9a3f03686ca: shutdown LeaderState
2019-10-16 08:23:29,229 [org.apache.ratis.server.impl.LogAppender$AppenderDaemon$$Lambda$413/56903300@20167f35] WARN  server.GrpcLogAppender (GrpcLogAppender.java:mayWait(149)) - eda86e88-1ab6-4545-bd3b-ef4fe3798e6c@group-CBB3052ECE6D->40c716bc-1a29-46d5-b9af-b2faebaee060-GrpcLogAppender: Wait interrupted by java.lang.InterruptedException
2019-10-16 08:23:29,229 [ForkJoinPool.commonPool-worker-0] INFO  impl.PendingRequests (PendingRequests.java:sendNotLeaderResponses(202)) - eda86e88-1ab6-4545-bd3b-ef4fe3798e6c@group-CBB3052ECE6D-PendingRequests: sendNotLeaderResponses
2019-10-16 08:23:29,229 [org.apache.ratis.server.impl.LogAppender$AppenderDaemon$$Lambda$413/56903300@6e1339a4] WARN  server.GrpcLogAppender (GrpcLogAppender.java:mayWait(149)) - eda86e88-1ab6-4545-bd3b-ef4fe3798e6c@group-CBB3052ECE6D->611f11a7-b9fe-4124-850b-c9a3f03686ca-GrpcLogAppender: Wait interrupted by java.lang.InterruptedException
2019-10-16 08:23:29,229 [main] INFO  impl.PendingRequests (PendingRequests.java:sendNotLeaderResponses(202)) - 611f11a7-b9fe-4124-850b-c9a3f03686ca@group-54B41CC1F832-PendingRequests: sendNotLeaderResponses
2019-10-16 08:23:29,232 [grpc-default-executor-1] INFO  server.GrpcServerProtocolService (GrpcServerProtocolService.java:onCompleted(113)) - 40c716bc-1a29-46d5-b9af-b2faebaee060: Completed APPEND_ENTRIES, lastRequest: eda86e88-1ab6-4545-bd3b-ef4fe3798e6c->40c716bc-1a29-46d5-b9af-b2faebaee060#7-t4, previous=(t:4, i:4), leaderCommit=4, initializing? false, entries: <empty>
2019-10-16 08:23:29,234 [main] INFO  impl.StateMachineUpdater (StateMachineUpdater.java:stopAndJoin(136)) - 611f11a7-b9fe-4124-850b-c9a3f03686ca@group-54B41CC1F832-StateMachineUpdater: set stopIndex = 0
2019-10-16 08:23:29,236 [main] INFO  impl.RaftServerImpl (ServerState.java:close(388)) - 611f11a7-b9fe-4124-850b-c9a3f03686ca@group-54B41CC1F832: closes. applyIndex: 0
2019-10-16 08:23:29,234 [grpc-default-executor-0] INFO  server.GrpcServerProtocolService (GrpcServerProtocolService.java:onCompleted(113)) - 611f11a7-b9fe-4124-850b-c9a3f03686ca: Completed APPEND_ENTRIES, lastRequest: eda86e88-1ab6-4545-bd3b-ef4fe3798e6c->611f11a7-b9fe-4124-850b-c9a3f03686ca#7-t4, previous=(t:4, i:4), leaderCommit=4, initializing? false, entries: <empty>
2019-10-16 08:23:29,236 [611f11a7-b9fe-4124-850b-c9a3f03686ca@group-54B41CC1F832-SegmentedRaftLogWorker] INFO  segmented.SegmentedRaftLogWorker (SegmentedRaftLogWorker.java:run(316)) - 611f11a7-b9fe-4124-850b-c9a3f03686ca@group-54B41CC1F832-SegmentedRaftLogWorker was interrupted, exiting. There are 0 tasks remaining in the queue.
2019-10-16 08:23:29,236 [grpc-default-executor-2] INFO  server.GrpcLogAppender (GrpcLogAppender.java:onCompleted(308)) - eda86e88-1ab6-4545-bd3b-ef4fe3798e6c@group-CBB3052ECE6D->40c716bc-1a29-46d5-b9af-b2faebaee060-AppendLogResponseHandler: follower responses appendEntries COMPLETED
2019-10-16 08:23:29,238 [main] INFO  segmented.SegmentedRaftLogWorker (SegmentedRaftLogWorker.java:close(224)) - 611f11a7-b9fe-4124-850b-c9a3f03686ca@group-54B41CC1F832-SegmentedRaftLogWorker close()
2019-10-16 08:23:29,240 [ForkJoinPool.commonPool-worker-0] INFO  impl.StateMachineUpdater (StateMachineUpdater.java:stopAndJoin(136)) - eda86e88-1ab6-4545-bd3b-ef4fe3798e6c@group-CBB3052ECE6D-StateMachineUpdater: set stopIndex = 4
2019-10-16 08:23:29,243 [grpc-default-executor-0] INFO  server.GrpcLogAppender (GrpcLogAppender.java:onCompleted(308)) - eda86e88-1ab6-4545-bd3b-ef4fe3798e6c@group-CBB3052ECE6D->611f11a7-b9fe-4124-850b-c9a3f03686ca-AppendLogResponseHandler: follower responses appendEntries COMPLETED
2019-10-16 08:23:29,243 [main] INFO  impl.RaftServerImpl (RaftServerImpl.java:lambda$shutdown$3(261)) - 611f11a7-b9fe-4124-850b-c9a3f03686ca@group-CBB3052ECE6D: shutdown
2019-10-16 08:23:29,245 [main] INFO  util.JmxRegister (JmxRegister.java:unregister(73)) - Successfully un-registered JMX Bean with object name Ratis:service=RaftServer,group=group-CBB3052ECE6D,id=611f11a7-b9fe-4124-850b-c9a3f03686ca
2019-10-16 08:23:29,241 [eda86e88-1ab6-4545-bd3b-ef4fe3798e6c@group-CBB3052ECE6D-StateMachineUpdater] INFO  ratis.ContainerStateMachine (ContainerStateMachine.java:takeSnapshot(294)) - group-CBB3052ECE6D: Taking a snapshot at:(t:4, i:4) file /workdir/hadoop-ozone/ozonefs/target/test-dir/MiniOzoneClusterImpl-67ae9893-6bb6-4118-b4b3-8532bd0372c2/datanode-0/data/ratis/73429dec-c276-43bb-9f77-cbb3052ece6d/sm/snapshot.4_4
2019-10-16 08:23:29,245 [main] INFO  impl.RoleInfo (RoleInfo.java:shutdownFollowerState(121)) - 611f11a7-b9fe-4124-850b-c9a3f03686ca: shutdown FollowerState
2019-10-16 08:23:29,246 [main] INFO  impl.StateMachineUpdater (StateMachineUpdater.java:stopAndJoin(136)) - 611f11a7-b9fe-4124-850b-c9a3f03686ca@group-CBB3052ECE6D-StateMachineUpdater: set stopIndex = 4
2019-10-16 08:23:29,245 [grpc-default-executor-0] INFO  impl.FollowerInfo (FollowerInfo.java:lambda$new$0(51)) - eda86e88-1ab6-4545-bd3b-ef4fe3798e6c@group-CBB3052ECE6D->611f11a7-b9fe-4124-850b-c9a3f03686ca: nextIndex: updateUnconditionally 5 -> 4
2019-10-16 08:23:29,244 [grpc-default-executor-2] INFO  impl.FollowerInfo (FollowerInfo.java:lambda$new$0(51)) - eda86e88-1ab6-4545-bd3b-ef4fe3798e6c@group-CBB3052ECE6D->40c716bc-1a29-46d5-b9af-b2faebaee060: nextIndex: updateUnconditionally 5 -> 4
2019-10-16 08:23:29,246 [Thread-1699] INFO  impl.FollowerState (FollowerState.java:run(117)) - 611f11a7-b9fe-4124-850b-c9a3f03686ca@group-CBB3052ECE6D-FollowerState was interrupted: java.lang.InterruptedException: sleep interrupted
2019-10-16 08:23:29,246 [611f11a7-b9fe-4124-850b-c9a3f03686ca@group-CBB3052ECE6D-StateMachineUpdater] INFO  ratis.ContainerStateMachine (ContainerStateMachine.java:takeSnapshot(294)) - group-CBB3052ECE6D: Taking a snapshot at:(t:4, i:3) file /workdir/hadoop-ozone/ozonefs/target/test-dir/MiniOzoneClusterImpl-67ae9893-6bb6-4118-b4b3-8532bd0372c2/datanode-1/data/ratis/73429dec-c276-43bb-9f77-cbb3052ece6d/sm/snapshot.4_3
2019-10-16 08:23:29,373 [611f11a7-b9fe-4124-850b-c9a3f03686ca@group-CBB3052ECE6D-StateMachineUpdater] INFO  ratis.ContainerStateMachine (ContainerStateMachine.java:takeSnapshot(305)) - group-CBB3052ECE6D: Finished taking a snapshot at:(t:4, i:3) file:/workdir/hadoop-ozone/ozonefs/target/test-dir/MiniOzoneClusterImpl-67ae9893-6bb6-4118-b4b3-8532bd0372c2/datanode-1/data/ratis/73429dec-c276-43bb-9f77-cbb3052ece6d/sm/snapshot.4_3 time:128
2019-10-16 08:23:29,373 [eda86e88-1ab6-4545-bd3b-ef4fe3798e6c@group-CBB3052ECE6D-StateMachineUpdater] INFO  ratis.ContainerStateMachine (ContainerStateMachine.java:takeSnapshot(305)) - group-CBB3052ECE6D: Finished taking a snapshot at:(t:4, i:4) file:/workdir/hadoop-ozone/ozonefs/target/test-dir/MiniOzoneClusterImpl-67ae9893-6bb6-4118-b4b3-8532bd0372c2/datanode-0/data/ratis/73429dec-c276-43bb-9f77-cbb3052ece6d/sm/snapshot.4_4 time:133
2019-10-16 08:23:29,376 [eda86e88-1ab6-4545-bd3b-ef4fe3798e6c@group-CBB3052ECE6D-StateMachineUpdater] INFO  impl.StateMachineUpdater (StateMachineUpdater.java:takeSnapshot(269)) - eda86e88-1ab6-4545-bd3b-ef4fe3798e6c@group-CBB3052ECE6D-StateMachineUpdater: Took a snapshot at index 4
2019-10-16 08:23:29,376 [611f11a7-b9fe-4124-850b-c9a3f03686ca@group-CBB3052ECE6D-StateMachineUpdater] INFO  impl.StateMachineUpdater (StateMachineUpdater.java:takeSnapshot(269)) - 611f11a7-b9fe-4124-850b-c9a3f03686ca@group-CBB3052ECE6D-StateMachineUpdater: Took a snapshot at index 3
2019-10-16 08:23:29,376 [eda86e88-1ab6-4545-bd3b-ef4fe3798e6c@group-CBB3052ECE6D-StateMachineUpdater] INFO  impl.StateMachineUpdater (StateMachineUpdater.java:lambda$new$0(84)) - eda86e88-1ab6-4545-bd3b-ef4fe3798e6c@group-CBB3052ECE6D-StateMachineUpdater: snapshotIndex: updateIncreasingly -1 -> 4
2019-10-16 08:23:29,376 [611f11a7-b9fe-4124-850b-c9a3f03686ca@group-CBB3052ECE6D-StateMachineUpdater] INFO  impl.StateMachineUpdater (StateMachineUpdater.java:lambda$new$0(84)) - 611f11a7-b9fe-4124-850b-c9a3f03686ca@group-CBB3052ECE6D-StateMachineUpdater: snapshotIndex: updateIncreasingly -1 -> 3
2019-10-16 08:23:29,386 [611f11a7-b9fe-4124-850b-c9a3f03686ca@group-CBB3052ECE6D-StateMachineUpdater] INFO  ratis.ContainerStateMachine (ContainerStateMachine.java:takeSnapshot(294)) - group-CBB3052ECE6D: Taking a snapshot at:(t:4, i:3) file /workdir/hadoop-ozone/ozonefs/target/test-dir/MiniOzoneClusterImpl-67ae9893-6bb6-4118-b4b3-8532bd0372c2/datanode-1/data/ratis/73429dec-c276-43bb-9f77-cbb3052ece6d/sm/snapshot.4_3
2019-10-16 08:23:29,386 [ForkJoinPool.commonPool-worker-0] INFO  impl.RaftServerImpl (ServerState.java:close(388)) - eda86e88-1ab6-4545-bd3b-ef4fe3798e6c@group-CBB3052ECE6D: closes. applyIndex: 4
2019-10-16 08:23:29,387 [eda86e88-1ab6-4545-bd3b-ef4fe3798e6c@group-CBB3052ECE6D-SegmentedRaftLogWorker] INFO  segmented.SegmentedRaftLogWorker (SegmentedRaftLogWorker.java:run(316)) - eda86e88-1ab6-4545-bd3b-ef4fe3798e6c@group-CBB3052ECE6D-SegmentedRaftLogWorker was interrupted, exiting. There are 0 tasks remaining in the queue.
2019-10-16 08:23:29,388 [ForkJoinPool.commonPool-worker-0] INFO  segmented.SegmentedRaftLogWorker (SegmentedRaftLogWorker.java:close(224)) - eda86e88-1ab6-4545-bd3b-ef4fe3798e6c@group-CBB3052ECE6D-SegmentedRaftLogWorker close()
2019-10-16 08:23:29,391 [ForkJoinPool.commonPool-worker-0] INFO  impl.RaftServerImpl (RaftServerImpl.java:lambda$shutdown$3(261)) - eda86e88-1ab6-4545-bd3b-ef4fe3798e6c@group-0A0AF71B9919: shutdown
2019-10-16 08:23:29,392 [ForkJoinPool.commonPool-worker-0] INFO  util.JmxRegister (JmxRegister.java:unregister(73)) - Successfully un-registered JMX Bean with object name Ratis:service=RaftServer,group=group-0A0AF71B9919,id=eda86e88-1ab6-4545-bd3b-ef4fe3798e6c
2019-10-16 08:23:29,392 [ForkJoinPool.commonPool-worker-0] INFO  impl.RoleInfo (RoleInfo.java:shutdownLeaderState(104)) - eda86e88-1ab6-4545-bd3b-ef4fe3798e6c: shutdown LeaderState
2019-10-16 08:23:29,392 [ForkJoinPool.commonPool-worker-0] INFO  impl.PendingRequests (PendingRequests.java:sendNotLeaderResponses(202)) - eda86e88-1ab6-4545-bd3b-ef4fe3798e6c@group-0A0AF71B9919-PendingRequests: sendNotLeaderResponses
2019-10-16 08:23:29,392 [ForkJoinPool.commonPool-worker-0] INFO  impl.StateMachineUpdater (StateMachineUpdater.java:stopAndJoin(136)) - eda86e88-1ab6-4545-bd3b-ef4fe3798e6c@group-0A0AF71B9919-StateMachineUpdater: set stopIndex = 0
2019-10-16 08:23:29,392 [ForkJoinPool.commonPool-worker-0] INFO  impl.RaftServerImpl (ServerState.java:close(388)) - eda86e88-1ab6-4545-bd3b-ef4fe3798e6c@group-0A0AF71B9919: closes. applyIndex: 0
2019-10-16 08:23:29,393 [eda86e88-1ab6-4545-bd3b-ef4fe3798e6c@group-0A0AF71B9919-SegmentedRaftLogWorker] INFO  segmented.SegmentedRaftLogWorker (SegmentedRaftLogWorker.java:run(316)) - eda86e88-1ab6-4545-bd3b-ef4fe3798e6c@group-0A0AF71B9919-SegmentedRaftLogWorker was interrupted, exiting. There are 0 tasks remaining in the queue.
2019-10-16 08:23:29,394 [ForkJoinPool.commonPool-worker-0] INFO  segmented.SegmentedRaftLogWorker (SegmentedRaftLogWorker.java:close(224)) - eda86e88-1ab6-4545-bd3b-ef4fe3798e6c@group-0A0AF71B9919-SegmentedRaftLogWorker close()
2019-10-16 08:23:29,397 [ForkJoinPool.commonPool-worker-0] INFO  server.GrpcService (GrpcService.java:closeImpl(164)) - eda86e88-1ab6-4545-bd3b-ef4fe3798e6c: shutdown server with port 34593 now
2019-10-16 08:23:29,398 [ForkJoinPool.commonPool-worker-0] INFO  server.GrpcService (GrpcService.java:closeImpl(172)) - eda86e88-1ab6-4545-bd3b-ef4fe3798e6c: shutdown server with port 34593 successfully
2019-10-16 08:23:29,401 [refreshUsed-/workdir/hadoop-ozone/ozonefs/target/test-dir/MiniOzoneClusterImpl-67ae9893-6bb6-4118-b4b3-8532bd0372c2/datanode-0/data/containers] WARN  fs.CachingGetSpaceUsed (CachingGetSpaceUsed.java:run(183)) - Thread Interrupted waiting to refresh disk information: sleep interrupted
2019-10-16 08:23:29,411 [611f11a7-b9fe-4124-850b-c9a3f03686ca@group-CBB3052ECE6D-StateMachineUpdater] INFO  ratis.ContainerStateMachine (ContainerStateMachine.java:takeSnapshot(305)) - group-CBB3052ECE6D: Finished taking a snapshot at:(t:4, i:3) file:/workdir/hadoop-ozone/ozonefs/target/test-dir/MiniOzoneClusterImpl-67ae9893-6bb6-4118-b4b3-8532bd0372c2/datanode-1/data/ratis/73429dec-c276-43bb-9f77-cbb3052ece6d/sm/snapshot.4_3 time:24
2019-10-16 08:23:29,411 [611f11a7-b9fe-4124-850b-c9a3f03686ca@group-CBB3052ECE6D-StateMachineUpdater] INFO  impl.StateMachineUpdater (StateMachineUpdater.java:takeSnapshot(269)) - 611f11a7-b9fe-4124-850b-c9a3f03686ca@group-CBB3052ECE6D-StateMachineUpdater: Took a snapshot at index 3
2019-10-16 08:23:29,411 [611f11a7-b9fe-4124-850b-c9a3f03686ca@group-CBB3052ECE6D-StateMachineUpdater] INFO  impl.StateMachineUpdater (StateMachineUpdater.java:lambda$new$0(84)) - 611f11a7-b9fe-4124-850b-c9a3f03686ca@group-CBB3052ECE6D-StateMachineUpdater: snapshotIndex: updateIncreasingly 3 -> 3
2019-10-16 08:23:29,412 [main] INFO  impl.RaftServerImpl (ServerState.java:close(388)) - 611f11a7-b9fe-4124-850b-c9a3f03686ca@group-CBB3052ECE6D: closes. applyIndex: 4
2019-10-16 08:23:29,412 [611f11a7-b9fe-4124-850b-c9a3f03686ca@group-CBB3052ECE6D-SegmentedRaftLogWorker] INFO  segmented.SegmentedRaftLogWorker (SegmentedRaftLogWorker.java:run(316)) - 611f11a7-b9fe-4124-850b-c9a3f03686ca@group-CBB3052ECE6D-SegmentedRaftLogWorker was interrupted, exiting. There are 0 tasks remaining in the queue.
2019-10-16 08:23:29,414 [main] INFO  segmented.SegmentedRaftLogWorker (SegmentedRaftLogWorker.java:close(224)) - 611f11a7-b9fe-4124-850b-c9a3f03686ca@group-CBB3052ECE6D-SegmentedRaftLogWorker close()
2019-10-16 08:23:29,416 [main] INFO  server.GrpcService (GrpcService.java:closeImpl(164)) - 611f11a7-b9fe-4124-850b-c9a3f03686ca: shutdown server with port 36223 now
2019-10-16 08:23:29,419 [main] INFO  server.GrpcService (GrpcService.java:closeImpl(172)) - 611f11a7-b9fe-4124-850b-c9a3f03686ca: shutdown server with port 36223 successfully
2019-10-16 08:23:29,424 [refreshUsed-/workdir/hadoop-ozone/ozonefs/target/test-dir/MiniOzoneClusterImpl-67ae9893-6bb6-4118-b4b3-8532bd0372c2/datanode-1/data/containers] WARN  fs.CachingGetSpaceUsed (CachingGetSpaceUsed.java:run(183)) - Thread Interrupted waiting to refresh disk information: sleep interrupted
2019-10-16 08:23:29,441 [ForkJoinPool.commonPool-worker-0] INFO  utils.BackgroundService (BackgroundService.java:shutdown(151)) - Shutting down service BlockDeletingService
2019-10-16 08:23:29,451 [ForkJoinPool.commonPool-worker-0] INFO  statemachine.DatanodeStateMachine (DatanodeStateMachine.java:stopDaemon(395)) - Ozone container server stopped.
2019-10-16 08:23:29,456 [ForkJoinPool.commonPool-worker-0] INFO  handler.ContextHandler (ContextHandler.java:doStop(910)) - Stopped o.e.j.w.WebAppContext@1bd8afc8{/,null,UNAVAILABLE}{/hddsDatanode}
2019-10-16 08:23:29,456 [ForkJoinPool.commonPool-worker-0] INFO  server.AbstractConnector (AbstractConnector.java:doStop(318)) - Stopped ServerConnector@24134cbc{HTTP/1.1,[http/1.1]}{0.0.0.0:0}
2019-10-16 08:23:29,458 [ForkJoinPool.commonPool-worker-0] INFO  handler.ContextHandler (ContextHandler.java:doStop(910)) - Stopped o.e.j.s.ServletContextHandler@1e226bcd{/static,jar:file:/home/user/.m2/repository/org/apache/hadoop/hadoop-hdds-container-service/0.5.0-SNAPSHOT/hadoop-hdds-container-service-0.5.0-SNAPSHOT.jar!/webapps/static,UNAVAILABLE}
2019-10-16 08:23:29,460 [ForkJoinPool.commonPool-worker-0] INFO  handler.ContextHandler (ContextHandler.java:doStop(910)) - Stopped o.e.j.s.ServletContextHandler@611d0763{/logs,file:///workdir/hadoop-ozone/ozonefs/target/log,UNAVAILABLE}
2019-10-16 08:23:29,468 [main] INFO  utils.BackgroundService (BackgroundService.java:shutdown(151)) - Shutting down service BlockDeletingService
2019-10-16 08:23:29,472 [main] INFO  statemachine.DatanodeStateMachine (DatanodeStateMachine.java:stopDaemon(395)) - Ozone container server stopped.
2019-10-16 08:23:29,473 [main] INFO  handler.ContextHandler (ContextHandler.java:doStop(910)) - Stopped o.e.j.w.WebAppContext@5657967b{/,null,UNAVAILABLE}{/hddsDatanode}
2019-10-16 08:23:29,474 [main] INFO  server.AbstractConnector (AbstractConnector.java:doStop(318)) - Stopped ServerConnector@61394494{HTTP/1.1,[http/1.1]}{0.0.0.0:0}
2019-10-16 08:23:29,474 [main] INFO  handler.ContextHandler (ContextHandler.java:doStop(910)) - Stopped o.e.j.s.ServletContextHandler@6c951ada{/static,jar:file:/home/user/.m2/repository/org/apache/hadoop/hadoop-hdds-container-service/0.5.0-SNAPSHOT/hadoop-hdds-container-service-0.5.0-SNAPSHOT.jar!/webapps/static,UNAVAILABLE}
2019-10-16 08:23:29,475 [main] INFO  handler.ContextHandler (ContextHandler.java:doStop(910)) - Stopped o.e.j.s.ServletContextHandler@38ac8968{/logs,file:///workdir/hadoop-ozone/ozonefs/target/log,UNAVAILABLE}
2019-10-16 08:23:29,934 [Datanode State Machine Thread - 0] INFO  statemachine.DatanodeStateMachine (DatanodeStateMachine.java:lambda$startDaemon$0(350)) - Ozone container server started.
2019-10-16 08:23:34,462 [ForkJoinPool.commonPool-worker-0] INFO  ozoneimpl.OzoneContainer (OzoneContainer.java:stop(227)) - Attempting to stop container services.
2019-10-16 08:23:34,462 [ForkJoinPool.commonPool-worker-0] INFO  impl.RaftServerProxy (RaftServerProxy.java:lambda$close$4(314)) - 40c716bc-1a29-46d5-b9af-b2faebaee060: close
2019-10-16 08:23:34,462 [ForkJoinPool.commonPool-worker-0] INFO  impl.RaftServerImpl (RaftServerImpl.java:lambda$shutdown$3(261)) - 40c716bc-1a29-46d5-b9af-b2faebaee060@group-CBB3052ECE6D: shutdown
2019-10-16 08:23:34,463 [ForkJoinPool.commonPool-worker-0] INFO  util.JmxRegister (JmxRegister.java:unregister(73)) - Successfully un-registered JMX Bean with object name Ratis:service=RaftServer,group=group-CBB3052ECE6D,id=40c716bc-1a29-46d5-b9af-b2faebaee060
2019-10-16 08:23:34,463 [ForkJoinPool.commonPool-worker-0] INFO  impl.RoleInfo (RoleInfo.java:shutdownFollowerState(121)) - 40c716bc-1a29-46d5-b9af-b2faebaee060: shutdown FollowerState
2019-10-16 08:23:34,463 [ForkJoinPool.commonPool-worker-0] INFO  impl.StateMachineUpdater (StateMachineUpdater.java:stopAndJoin(136)) - 40c716bc-1a29-46d5-b9af-b2faebaee060@group-CBB3052ECE6D-StateMachineUpdater: set stopIndex = 4
2019-10-16 08:23:34,463 [40c716bc-1a29-46d5-b9af-b2faebaee060@group-CBB3052ECE6D-StateMachineUpdater] INFO  ratis.ContainerStateMachine (ContainerStateMachine.java:takeSnapshot(294)) - group-CBB3052ECE6D: Taking a snapshot at:(t:4, i:3) file /workdir/hadoop-ozone/ozonefs/target/test-dir/MiniOzoneClusterImpl-67ae9893-6bb6-4118-b4b3-8532bd0372c2/datanode-2/data/ratis/73429dec-c276-43bb-9f77-cbb3052ece6d/sm/snapshot.4_3
2019-10-16 08:23:34,463 [Thread-1698] INFO  impl.FollowerState (FollowerState.java:run(117)) - 40c716bc-1a29-46d5-b9af-b2faebaee060@group-CBB3052ECE6D-FollowerState was interrupted: java.lang.InterruptedException: sleep interrupted
2019-10-16 08:23:34,476 [40c716bc-1a29-46d5-b9af-b2faebaee060@group-CBB3052ECE6D-StateMachineUpdater] INFO  ratis.ContainerStateMachine (ContainerStateMachine.java:takeSnapshot(305)) - group-CBB3052ECE6D: Finished taking a snapshot at:(t:4, i:3) file:/workdir/hadoop-ozone/ozonefs/target/test-dir/MiniOzoneClusterImpl-67ae9893-6bb6-4118-b4b3-8532bd0372c2/datanode-2/data/ratis/73429dec-c276-43bb-9f77-cbb3052ece6d/sm/snapshot.4_3 time:13
2019-10-16 08:23:34,476 [40c716bc-1a29-46d5-b9af-b2faebaee060@group-CBB3052ECE6D-StateMachineUpdater] INFO  impl.StateMachineUpdater (StateMachineUpdater.java:takeSnapshot(269)) - 40c716bc-1a29-46d5-b9af-b2faebaee060@group-CBB3052ECE6D-StateMachineUpdater: Took a snapshot at index 3
2019-10-16 08:23:34,477 [40c716bc-1a29-46d5-b9af-b2faebaee060@group-CBB3052ECE6D-StateMachineUpdater] INFO  impl.StateMachineUpdater (StateMachineUpdater.java:lambda$new$0(84)) - 40c716bc-1a29-46d5-b9af-b2faebaee060@group-CBB3052ECE6D-StateMachineUpdater: snapshotIndex: updateIncreasingly -1 -> 3
2019-10-16 08:23:34,477 [40c716bc-1a29-46d5-b9af-b2faebaee060@group-CBB3052ECE6D-StateMachineUpdater] INFO  ratis.ContainerStateMachine (ContainerStateMachine.java:takeSnapshot(294)) - group-CBB3052ECE6D: Taking a snapshot at:(t:4, i:3) file /workdir/hadoop-ozone/ozonefs/target/test-dir/MiniOzoneClusterImpl-67ae9893-6bb6-4118-b4b3-8532bd0372c2/datanode-2/data/ratis/73429dec-c276-43bb-9f77-cbb3052ece6d/sm/snapshot.4_3
2019-10-16 08:23:34,489 [40c716bc-1a29-46d5-b9af-b2faebaee060@group-CBB3052ECE6D-StateMachineUpdater] INFO  ratis.ContainerStateMachine (ContainerStateMachine.java:takeSnapshot(305)) - group-CBB3052ECE6D: Finished taking a snapshot at:(t:4, i:3) file:/workdir/hadoop-ozone/ozonefs/target/test-dir/MiniOzoneClusterImpl-67ae9893-6bb6-4118-b4b3-8532bd0372c2/datanode-2/data/ratis/73429dec-c276-43bb-9f77-cbb3052ece6d/sm/snapshot.4_3 time:12
2019-10-16 08:23:34,489 [40c716bc-1a29-46d5-b9af-b2faebaee060@group-CBB3052ECE6D-StateMachineUpdater] INFO  impl.StateMachineUpdater (StateMachineUpdater.java:takeSnapshot(269)) - 40c716bc-1a29-46d5-b9af-b2faebaee060@group-CBB3052ECE6D-StateMachineUpdater: Took a snapshot at index 3
2019-10-16 08:23:34,489 [40c716bc-1a29-46d5-b9af-b2faebaee060@group-CBB3052ECE6D-StateMachineUpdater] INFO  impl.StateMachineUpdater (StateMachineUpdater.java:lambda$new$0(84)) - 40c716bc-1a29-46d5-b9af-b2faebaee060@group-CBB3052ECE6D-StateMachineUpdater: snapshotIndex: updateIncreasingly 3 -> 3
2019-10-16 08:23:34,490 [ForkJoinPool.commonPool-worker-0] INFO  impl.RaftServerImpl (ServerState.java:close(388)) - 40c716bc-1a29-46d5-b9af-b2faebaee060@group-CBB3052ECE6D: closes. applyIndex: 4
2019-10-16 08:23:34,490 [40c716bc-1a29-46d5-b9af-b2faebaee060@group-CBB3052ECE6D-SegmentedRaftLogWorker] INFO  segmented.SegmentedRaftLogWorker (SegmentedRaftLogWorker.java:run(316)) - 40c716bc-1a29-46d5-b9af-b2faebaee060@group-CBB3052ECE6D-SegmentedRaftLogWorker was interrupted, exiting. There are 0 tasks remaining in the queue.
2019-10-16 08:23:34,492 [ForkJoinPool.commonPool-worker-0] INFO  segmented.SegmentedRaftLogWorker (SegmentedRaftLogWorker.java:close(224)) - 40c716bc-1a29-46d5-b9af-b2faebaee060@group-CBB3052ECE6D-SegmentedRaftLogWorker close()
2019-10-16 08:23:34,494 [ForkJoinPool.commonPool-worker-0] INFO  impl.RaftServerImpl (RaftServerImpl.java:lambda$shutdown$3(261)) - 40c716bc-1a29-46d5-b9af-b2faebaee060@group-A1F67634F1C5: shutdown
2019-10-16 08:23:34,495 [ForkJoinPool.commonPool-worker-0] INFO  util.JmxRegister (JmxRegister.java:unregister(73)) - Successfully un-registered JMX Bean with object name Ratis:service=RaftServer,group=group-A1F67634F1C5,id=40c716bc-1a29-46d5-b9af-b2faebaee060
2019-10-16 08:23:34,495 [ForkJoinPool.commonPool-worker-0] INFO  impl.RoleInfo (RoleInfo.java:shutdownLeaderState(104)) - 40c716bc-1a29-46d5-b9af-b2faebaee060: shutdown LeaderState
2019-10-16 08:23:34,495 [ForkJoinPool.commonPool-worker-0] INFO  impl.PendingRequests (PendingRequests.java:sendNotLeaderResponses(202)) - 40c716bc-1a29-46d5-b9af-b2faebaee060@group-A1F67634F1C5-PendingRequests: sendNotLeaderResponses
2019-10-16 08:23:34,495 [ForkJoinPool.commonPool-worker-0] INFO  impl.StateMachineUpdater (StateMachineUpdater.java:stopAndJoin(136)) - 40c716bc-1a29-46d5-b9af-b2faebaee060@group-A1F67634F1C5-StateMachineUpdater: set stopIndex = 0
2019-10-16 08:23:34,496 [ForkJoinPool.commonPool-worker-0] INFO  impl.RaftServerImpl (ServerState.java:close(388)) - 40c716bc-1a29-46d5-b9af-b2faebaee060@group-A1F67634F1C5: closes. applyIndex: 0
2019-10-16 08:23:34,496 [40c716bc-1a29-46d5-b9af-b2faebaee060@group-A1F67634F1C5-SegmentedRaftLogWorker] INFO  segmented.SegmentedRaftLogWorker (SegmentedRaftLogWorker.java:run(316)) - 40c716bc-1a29-46d5-b9af-b2faebaee060@group-A1F67634F1C5-SegmentedRaftLogWorker was interrupted, exiting. There are 0 tasks remaining in the queue.
2019-10-16 08:23:34,497 [ForkJoinPool.commonPool-worker-0] INFO  segmented.SegmentedRaftLogWorker (SegmentedRaftLogWorker.java:close(224)) - 40c716bc-1a29-46d5-b9af-b2faebaee060@group-A1F67634F1C5-SegmentedRaftLogWorker close()
2019-10-16 08:23:34,500 [ForkJoinPool.commonPool-worker-0] INFO  server.GrpcService (GrpcService.java:closeImpl(164)) - 40c716bc-1a29-46d5-b9af-b2faebaee060: shutdown server with port 40056 now
2019-10-16 08:23:34,500 [ForkJoinPool.commonPool-worker-0] INFO  server.GrpcService (GrpcService.java:closeImpl(172)) - 40c716bc-1a29-46d5-b9af-b2faebaee060: shutdown server with port 40056 successfully
2019-10-16 08:23:34,501 [refreshUsed-/workdir/hadoop-ozone/ozonefs/target/test-dir/MiniOzoneClusterImpl-67ae9893-6bb6-4118-b4b3-8532bd0372c2/datanode-2/data/containers] WARN  fs.CachingGetSpaceUsed (CachingGetSpaceUsed.java:run(183)) - Thread Interrupted waiting to refresh disk information: sleep interrupted
2019-10-16 08:23:34,527 [ForkJoinPool.commonPool-worker-0] INFO  utils.BackgroundService (BackgroundService.java:shutdown(151)) - Shutting down service BlockDeletingService
2019-10-16 08:23:34,530 [ForkJoinPool.commonPool-worker-0] INFO  statemachine.DatanodeStateMachine (DatanodeStateMachine.java:stopDaemon(395)) - Ozone container server stopped.
2019-10-16 08:23:34,533 [ForkJoinPool.commonPool-worker-0] INFO  handler.ContextHandler (ContextHandler.java:doStop(910)) - Stopped o.e.j.w.WebAppContext@10b8b900{/,null,UNAVAILABLE}{/hddsDatanode}
2019-10-16 08:23:34,534 [ForkJoinPool.commonPool-worker-0] INFO  server.AbstractConnector (AbstractConnector.java:doStop(318)) - Stopped ServerConnector@6d294ddc{HTTP/1.1,[http/1.1]}{0.0.0.0:0}
2019-10-16 08:23:34,535 [ForkJoinPool.commonPool-worker-0] INFO  handler.ContextHandler (ContextHandler.java:doStop(910)) - Stopped o.e.j.s.ServletContextHandler@37c7766e{/static,jar:file:/home/user/.m2/repository/org/apache/hadoop/hadoop-hdds-container-service/0.5.0-SNAPSHOT/hadoop-hdds-container-service-0.5.0-SNAPSHOT.jar!/webapps/static,UNAVAILABLE}
2019-10-16 08:23:34,536 [ForkJoinPool.commonPool-worker-0] INFO  handler.ContextHandler (ContextHandler.java:doStop(910)) - Stopped o.e.j.s.ServletContextHandler@687389a6{/logs,file:///workdir/hadoop-ozone/ozonefs/target/log,UNAVAILABLE}
2019-10-16 08:23:34,537 [main] INFO  ozone.MiniOzoneClusterImpl (MiniOzoneClusterImpl.java:stopSCM(392)) - Stopping the StorageContainerManager
2019-10-16 08:23:34,538 [main] INFO  server.StorageContainerManager (StorageContainerManager.java:stop(810)) - Stopping Replication Manager Service.
2019-10-16 08:23:34,538 [main] INFO  container.ReplicationManager (ReplicationManager.java:stop(203)) - Stopping Replication Monitor Thread.
2019-10-16 08:23:34,538 [main] INFO  server.StorageContainerManager (StorageContainerManager.java:stop(817)) - Stopping Lease Manager of the command watchers
2019-10-16 08:23:34,538 [main] INFO  server.StorageContainerManager (StorageContainerManager.java:stop(824)) - Stopping datanode service RPC server
2019-10-16 08:23:34,538 [main] INFO  server.SCMDatanodeProtocolServer (SCMDatanodeProtocolServer.java:stop(346)) - Stopping the RPC server for DataNodes
2019-10-16 08:23:34,539 [main] INFO  ipc.Server (Server.java:stop(3082)) - Stopping server on 35207
2019-10-16 08:23:34,542 [IPC Server listener on 35207] INFO  ipc.Server (Server.java:run(1185)) - Stopping IPC Server listener on 35207
2019-10-16 08:23:34,542 [IPC Server Responder] INFO  ipc.Server (Server.java:run(1319)) - Stopping IPC Server Responder
2019-10-16 08:23:34,629 [SCM Heartbeat Processing Thread - 0] WARN  node.NodeStateManager (NodeStateManager.java:scheduleNextHealthCheck(646)) - Current Thread is interrupted, shutting down HB processing thread for Node Manager.
2019-10-16 08:23:34,629 [main] INFO  server.StorageContainerManager (StorageContainerManager.java:stop(832)) - Stopping block service RPC server
2019-10-16 08:23:34,630 [main] INFO  server.SCMBlockProtocolServer (SCMBlockProtocolServer.java:stop(155)) - Stopping the RPC server for Block Protocol
2019-10-16 08:23:34,630 [main] INFO  ipc.Server (Server.java:stop(3082)) - Stopping server on 42710
2019-10-16 08:23:34,632 [IPC Server listener on 42710] INFO  ipc.Server (Server.java:run(1185)) - Stopping IPC Server listener on 42710
2019-10-16 08:23:34,635 [main] INFO  server.StorageContainerManager (StorageContainerManager.java:stop(839)) - Stopping the StorageContainerLocationProtocol RPC server
2019-10-16 08:23:34,635 [IPC Server Responder] INFO  ipc.Server (Server.java:run(1319)) - Stopping IPC Server Responder
2019-10-16 08:23:34,637 [main] INFO  server.SCMClientProtocolServer (SCMClientProtocolServer.java:stop(168)) - Stopping the RPC server for Client Protocol
2019-10-16 08:23:34,637 [main] INFO  ipc.Server (Server.java:stop(3082)) - Stopping server on 33525
2019-10-16 08:23:34,640 [IPC Server listener on 33525] INFO  ipc.Server (Server.java:run(1185)) - Stopping IPC Server listener on 33525
2019-10-16 08:23:34,640 [main] INFO  server.StorageContainerManager (StorageContainerManager.java:stop(846)) - Stopping Storage Container Manager HTTP server.
2019-10-16 08:23:34,641 [IPC Server Responder] INFO  ipc.Server (Server.java:run(1319)) - Stopping IPC Server Responder
2019-10-16 08:23:34,643 [main] INFO  handler.ContextHandler (ContextHandler.java:doStop(910)) - Stopped o.e.j.w.WebAppContext@6cc64028{/,null,UNAVAILABLE}{/scm}
2019-10-16 08:23:34,644 [main] INFO  server.AbstractConnector (AbstractConnector.java:doStop(318)) - Stopped ServerConnector@291a4791{HTTP/1.1,[http/1.1]}{0.0.0.0:0}
2019-10-16 08:23:34,644 [main] INFO  handler.ContextHandler (ContextHandler.java:doStop(910)) - Stopped o.e.j.s.ServletContextHandler@7b14c61{/static,jar:file:/home/user/.m2/repository/org/apache/hadoop/hadoop-hdds-server-scm/0.5.0-SNAPSHOT/hadoop-hdds-server-scm-0.5.0-SNAPSHOT.jar!/webapps/static,UNAVAILABLE}
2019-10-16 08:23:34,645 [main] INFO  handler.ContextHandler (ContextHandler.java:doStop(910)) - Stopped o.e.j.s.ServletContextHandler@6c075e9d{/logs,file:///workdir/hadoop-ozone/ozonefs/target/log,UNAVAILABLE}
2019-10-16 08:23:34,646 [main] INFO  server.StorageContainerManager (StorageContainerManager.java:stop(857)) - Stopping Block Manager Service.
2019-10-16 08:23:34,647 [main] INFO  utils.BackgroundService (BackgroundService.java:shutdown(151)) - Shutting down service SCMBlockDeletingService
2019-10-16 08:23:34,647 [main] INFO  utils.BackgroundService (BackgroundService.java:shutdown(151)) - Shutting down service SCMBlockDeletingService
2019-10-16 08:23:34,647 [main] INFO  server.StorageContainerManager (StorageContainerManager.java:stop(879)) - Stopping SCM Event Queue.
2019-10-16 08:23:34,652 [main] INFO  impl.MetricsSystemImpl (MetricsSystemImpl.java:stop(210)) - Stopping XceiverClientMetrics metrics system...
2019-10-16 08:23:34,663 [main] INFO  impl.MetricsSystemImpl (MetricsSystemImpl.java:stop(216)) - XceiverClientMetrics metrics system stopped.
]]></system-out>
  </testcase>
  <testcase name="testOzoneManagerFileSystemInterface[1]" classname="org.apache.hadoop.fs.ozone.TestOzoneFileInterfaces" time="17.518"/>
  <testcase name="testListStatus[1]" classname="org.apache.hadoop.fs.ozone.TestOzoneFileInterfaces" time="17.054"/>
  <testcase name="testDirectory[1]" classname="org.apache.hadoop.fs.ozone.TestOzoneFileInterfaces" time="17.16"/>
  <testcase name="testPathToKey[1]" classname="org.apache.hadoop.fs.ozone.TestOzoneFileInterfaces" time="17.293"/>
  <testcase name="testFileSystemInit[1]" classname="org.apache.hadoop.fs.ozone.TestOzoneFileInterfaces" time="17.248"/>
  <testcase name="testOzFsReadWrite[1]" classname="org.apache.hadoop.fs.ozone.TestOzoneFileInterfaces" time="17.719">
    <error message="Releasing lock on resource /qjnhxrkkpv/sguhaovnef without acquiring lock&#10;	at org.apache.hadoop.ozone.lock.LockManager.getLockForReleasing(LockManager.java:220)&#10;	at org.apache.hadoop.ozone.lock.LockManager.release(LockManager.java:168)&#10;	at org.apache.hadoop.ozone.lock.LockManager.writeUnlock(LockManager.java:148)&#10;	at org.apache.hadoop.ozone.om.lock.OzoneManagerLock.unlock(OzoneManagerLock.java:364)&#10;	at org.apache.hadoop.ozone.om.lock.OzoneManagerLock.releaseWriteLock(OzoneManagerLock.java:329)&#10;	at org.apache.hadoop.ozone.om.request.key.OMKeyCommitRequest.validateAndUpdateCache(OMKeyCommitRequest.java:177)&#10;	at org.apache.hadoop.ozone.protocolPB.OzoneManagerProtocolServerSideTranslatorPB.submitRequestDirectlyToOM(OzoneManagerProtocolServerSideTranslatorPB.java:219)&#10;	at org.apache.hadoop.ozone.protocolPB.OzoneManagerProtocolServerSideTranslatorPB.processRequest(OzoneManagerProtocolServerSideTranslatorPB.java:134)&#10;	at org.apache.hadoop.hdds.server.OzoneProtocolMessageDispatcher.processRequest(OzoneProtocolMessageDispatcher.java:72)&#10;	at org.apache.hadoop.ozone.protocolPB.OzoneManagerProtocolServerSideTranslatorPB.submitRequest(OzoneManagerProtocolServerSideTranslatorPB.java:100)&#10;	at org.apache.hadoop.ozone.protocol.proto.OzoneManagerProtocolProtos$OzoneManagerService$2.callBlockingMethod(OzoneManagerProtocolProtos.java)&#10;	at org.apache.hadoop.ipc.ProtobufRpcEngine$Server$ProtoBufRpcInvoker.call(ProtobufRpcEngine.java:524)&#10;	at org.apache.hadoop.ipc.RPC$Server.call(RPC.java:1025)&#10;	at org.apache.hadoop.ipc.Server$RpcCall.run(Server.java:876)&#10;	at org.apache.hadoop.ipc.Server$RpcCall.run(Server.java:822)&#10;	at java.security.AccessController.doPrivileged(Native Method)&#10;	at javax.security.auth.Subject.doAs(Subject.java:422)&#10;	at org.apache.hadoop.security.UserGroupInformation.doAs(UserGroupInformation.java:1730)&#10;	at org.apache.hadoop.ipc.Server$Handler.run(Server.java:2682)&#10;" type="org.apache.hadoop.ipc.RemoteException(java.lang.IllegalMonitorStateException)">org.apache.hadoop.ipc.RemoteException(java.lang.IllegalMonitorStateException): Releasing lock on resource /qjnhxrkkpv/sguhaovnef without acquiring lock
	at org.apache.hadoop.ozone.lock.LockManager.getLockForReleasing(LockManager.java:220)
	at org.apache.hadoop.ozone.lock.LockManager.release(LockManager.java:168)
	at org.apache.hadoop.ozone.lock.LockManager.writeUnlock(LockManager.java:148)
	at org.apache.hadoop.ozone.om.lock.OzoneManagerLock.unlock(OzoneManagerLock.java:364)
	at org.apache.hadoop.ozone.om.lock.OzoneManagerLock.releaseWriteLock(OzoneManagerLock.java:329)
	at org.apache.hadoop.ozone.om.request.key.OMKeyCommitRequest.validateAndUpdateCache(OMKeyCommitRequest.java:177)
	at org.apache.hadoop.ozone.protocolPB.OzoneManagerProtocolServerSideTranslatorPB.submitRequestDirectlyToOM(OzoneManagerProtocolServerSideTranslatorPB.java:219)
	at org.apache.hadoop.ozone.protocolPB.OzoneManagerProtocolServerSideTranslatorPB.processRequest(OzoneManagerProtocolServerSideTranslatorPB.java:134)
	at org.apache.hadoop.hdds.server.OzoneProtocolMessageDispatcher.processRequest(OzoneProtocolMessageDispatcher.java:72)
	at org.apache.hadoop.ozone.protocolPB.OzoneManagerProtocolServerSideTranslatorPB.submitRequest(OzoneManagerProtocolServerSideTranslatorPB.java:100)
	at org.apache.hadoop.ozone.protocol.proto.OzoneManagerProtocolProtos$OzoneManagerService$2.callBlockingMethod(OzoneManagerProtocolProtos.java)
	at org.apache.hadoop.ipc.ProtobufRpcEngine$Server$ProtoBufRpcInvoker.call(ProtobufRpcEngine.java:524)
	at org.apache.hadoop.ipc.RPC$Server.call(RPC.java:1025)
	at org.apache.hadoop.ipc.Server$RpcCall.run(Server.java:876)
	at org.apache.hadoop.ipc.Server$RpcCall.run(Server.java:822)
	at java.security.AccessController.doPrivileged(Native Method)
	at javax.security.auth.Subject.doAs(Subject.java:422)
	at org.apache.hadoop.security.UserGroupInformation.doAs(UserGroupInformation.java:1730)
	at org.apache.hadoop.ipc.Server$Handler.run(Server.java:2682)

	at org.apache.hadoop.ipc.Client.getRpcResponse(Client.java:1511)
	at org.apache.hadoop.ipc.Client.call(Client.java:1457)
	at org.apache.hadoop.ipc.Client.call(Client.java:1367)
	at org.apache.hadoop.ipc.ProtobufRpcEngine$Invoker.invoke(ProtobufRpcEngine.java:228)
	at org.apache.hadoop.ipc.ProtobufRpcEngine$Invoker.invoke(ProtobufRpcEngine.java:116)
	at com.sun.proxy.$Proxy38.submitRequest(Unknown Source)
	at sun.reflect.GeneratedMethodAccessor20.invoke(Unknown Source)
	at sun.reflect.DelegatingMethodAccessorImpl.invoke(DelegatingMethodAccessorImpl.java:43)
	at java.lang.reflect.Method.invoke(Method.java:498)
	at org.apache.hadoop.io.retry.RetryInvocationHandler.invokeMethod(RetryInvocationHandler.java:422)
	at org.apache.hadoop.io.retry.RetryInvocationHandler$Call.invokeMethod(RetryInvocationHandler.java:165)
	at org.apache.hadoop.io.retry.RetryInvocationHandler$Call.invoke(RetryInvocationHandler.java:157)
	at org.apache.hadoop.io.retry.RetryInvocationHandler$Call.invokeOnce(RetryInvocationHandler.java:95)
	at org.apache.hadoop.io.retry.RetryInvocationHandler.invoke(RetryInvocationHandler.java:359)
	at com.sun.proxy.$Proxy38.submitRequest(Unknown Source)
	at org.apache.hadoop.ozone.om.protocolPB.OzoneManagerProtocolClientSideTranslatorPB.submitRequest(OzoneManagerProtocolClientSideTranslatorPB.java:338)
	at org.apache.hadoop.ozone.om.protocolPB.OzoneManagerProtocolClientSideTranslatorPB.commitKey(OzoneManagerProtocolClientSideTranslatorPB.java:789)
	at sun.reflect.NativeMethodAccessorImpl.invoke0(Native Method)
	at sun.reflect.NativeMethodAccessorImpl.invoke(NativeMethodAccessorImpl.java:62)
	at sun.reflect.DelegatingMethodAccessorImpl.invoke(DelegatingMethodAccessorImpl.java:43)
	at java.lang.reflect.Method.invoke(Method.java:498)
	at org.apache.hadoop.hdds.tracing.TraceAllMethod.invoke(TraceAllMethod.java:66)
	at com.sun.proxy.$Proxy39.commitKey(Unknown Source)
	at org.apache.hadoop.ozone.client.io.BlockOutputStreamEntryPool.commitKey(BlockOutputStreamEntryPool.java:277)
	at org.apache.hadoop.ozone.client.io.KeyOutputStream.close(KeyOutputStream.java:474)
	at org.apache.hadoop.fs.ozone.OzoneFSOutputStream.close(OzoneFSOutputStream.java:56)
	at org.apache.hadoop.fs.FSDataOutputStream$PositionCache.close(FSDataOutputStream.java:72)
	at org.apache.hadoop.fs.FSDataOutputStream.close(FSDataOutputStream.java:101)
	at org.apache.hadoop.fs.ozone.TestOzoneFileInterfaces.testOzFsReadWrite(TestOzoneFileInterfaces.java:171)
	at sun.reflect.NativeMethodAccessorImpl.invoke0(Native Method)
	at sun.reflect.NativeMethodAccessorImpl.invoke(NativeMethodAccessorImpl.java:62)
	at sun.reflect.DelegatingMethodAccessorImpl.invoke(DelegatingMethodAccessorImpl.java:43)
	at java.lang.reflect.Method.invoke(Method.java:498)
	at org.junit.runners.model.FrameworkMethod$1.runReflectiveCall(FrameworkMethod.java:47)
	at org.junit.internal.runners.model.ReflectiveCallable.run(ReflectiveCallable.java:12)
	at org.junit.runners.model.FrameworkMethod.invokeExplosively(FrameworkMethod.java:44)
	at org.junit.internal.runners.statements.InvokeMethod.evaluate(InvokeMethod.java:17)
	at org.junit.internal.runners.statements.RunBefores.evaluate(RunBefores.java:26)
	at org.junit.internal.runners.statements.RunAfters.evaluate(RunAfters.java:27)
	at org.junit.runners.ParentRunner.runLeaf(ParentRunner.java:271)
	at org.junit.runners.BlockJUnit4ClassRunner.runChild(BlockJUnit4ClassRunner.java:70)
	at org.junit.runners.BlockJUnit4ClassRunner.runChild(BlockJUnit4ClassRunner.java:50)
	at org.junit.runners.ParentRunner$3.run(ParentRunner.java:238)
	at org.junit.runners.ParentRunner$1.schedule(ParentRunner.java:63)
	at org.junit.runners.ParentRunner.runChildren(ParentRunner.java:236)
	at org.junit.runners.ParentRunner.access$000(ParentRunner.java:53)
	at org.junit.runners.ParentRunner$2.evaluate(ParentRunner.java:229)
	at org.junit.runners.ParentRunner.run(ParentRunner.java:309)
	at org.junit.runners.Suite.runChild(Suite.java:127)
	at org.junit.runners.Suite.runChild(Suite.java:26)
	at org.junit.runners.ParentRunner$3.run(ParentRunner.java:238)
	at org.junit.runners.ParentRunner$1.schedule(ParentRunner.java:63)
	at org.junit.runners.ParentRunner.runChildren(ParentRunner.java:236)
	at org.junit.runners.ParentRunner.access$000(ParentRunner.java:53)
	at org.junit.runners.ParentRunner$2.evaluate(ParentRunner.java:229)
	at org.junit.runners.ParentRunner.run(ParentRunner.java:309)
	at org.apache.maven.surefire.junit4.JUnit4Provider.execute(JUnit4Provider.java:365)
	at org.apache.maven.surefire.junit4.JUnit4Provider.executeWithRerun(JUnit4Provider.java:273)
	at org.apache.maven.surefire.junit4.JUnit4Provider.executeTestSet(JUnit4Provider.java:238)
	at org.apache.maven.surefire.junit4.JUnit4Provider.invoke(JUnit4Provider.java:159)
	at org.apache.maven.surefire.booter.ForkedBooter.invokeProviderInSameClassLoader(ForkedBooter.java:384)
	at org.apache.maven.surefire.booter.ForkedBooter.runSuitesInProcess(ForkedBooter.java:345)
	at org.apache.maven.surefire.booter.ForkedBooter.execute(ForkedBooter.java:126)
	at org.apache.maven.surefire.booter.ForkedBooter.main(ForkedBooter.java:418)
</error>
    <system-out><![CDATA[2019-10-16 08:25:00,993 [main] WARN  server.ServerUtils (ServerUtils.java:getScmDbDir(145)) - ozone.scm.db.dirs is not configured. We recommend adding this setting. Falling back to ozone.metadata.dirs instead.
2019-10-16 08:25:01,008 [main] WARN  server.ServerUtils (ServerUtils.java:getScmDbDir(145)) - ozone.scm.db.dirs is not configured. We recommend adding this setting. Falling back to ozone.metadata.dirs instead.
2019-10-16 08:25:01,008 [main] WARN  server.ServerUtils (ServerUtils.java:getScmDbDir(145)) - ozone.scm.db.dirs is not configured. We recommend adding this setting. Falling back to ozone.metadata.dirs instead.
2019-10-16 08:25:01,009 [main] INFO  db.DBStoreBuilder (DBStoreBuilder.java:addTable(117)) - using custom profile for table: deletedBlocks
2019-10-16 08:25:01,009 [main] INFO  db.DBStoreBuilder (DBStoreBuilder.java:processTables(168)) - Using default column profile:DBProfile.DISK for Table:deletedBlocks
2019-10-16 08:25:01,009 [main] INFO  db.DBStoreBuilder (DBStoreBuilder.java:addTable(117)) - using custom profile for table: validCerts
2019-10-16 08:25:01,009 [main] INFO  db.DBStoreBuilder (DBStoreBuilder.java:processTables(168)) - Using default column profile:DBProfile.DISK for Table:validCerts
2019-10-16 08:25:01,010 [main] INFO  db.DBStoreBuilder (DBStoreBuilder.java:addTable(117)) - using custom profile for table: revokedCerts
2019-10-16 08:25:01,010 [main] INFO  db.DBStoreBuilder (DBStoreBuilder.java:processTables(168)) - Using default column profile:DBProfile.DISK for Table:revokedCerts
2019-10-16 08:25:01,010 [main] INFO  db.DBStoreBuilder (DBStoreBuilder.java:addTable(117)) - using custom profile for table: default
2019-10-16 08:25:01,010 [main] INFO  db.DBStoreBuilder (DBStoreBuilder.java:processTables(174)) - Using default column profile:DBProfile.DISK for Table:default
2019-10-16 08:25:01,010 [main] INFO  db.DBStoreBuilder (DBStoreBuilder.java:getDbProfile(205)) - Using default options. DBProfile.DISK
2019-10-16 08:25:01,279 [main] INFO  net.NodeSchemaLoader (NodeSchemaLoader.java:loadSchemaFromFile(125)) - Loading file from sun.misc.CompoundEnumeration@430d3021
2019-10-16 08:25:01,280 [main] INFO  net.NodeSchemaLoader (NodeSchemaLoader.java:loadSchema(171)) - Loading network topology layer schema file
2019-10-16 08:25:01,284 [main] WARN  server.ServerUtils (ServerUtils.java:sanitizeUserArgs(70)) - ozone.scm.stale.node.interval value = 300000 is larger than max = 100000 based on the key value of ozone.scm.heartbeat.thread.interval, reset to the max value 100000.
2019-10-16 08:25:01,285 [main] WARN  server.ServerUtils (ServerUtils.java:sanitizeUserArgs(70)) - ozone.scm.stale.node.interval value = 300000 is larger than max = 100000 based on the key value of ozone.scm.heartbeat.thread.interval, reset to the max value 100000.
2019-10-16 08:25:01,285 [main] INFO  node.SCMNodeManager (SCMNodeManager.java:<init>(116)) - Entering startup safe mode.
2019-10-16 08:25:01,286 [main] INFO  algorithms.ContainerPlacementPolicyFactory (ContainerPlacementPolicyFactory.java:getPolicy(57)) - Create container placement policy of type org.apache.hadoop.hdds.scm.container.placement.algorithms.SCMContainerPlacementRandom
2019-10-16 08:25:01,286 [main] WARN  server.ServerUtils (ServerUtils.java:getScmDbDir(145)) - ozone.scm.db.dirs is not configured. We recommend adding this setting. Falling back to ozone.metadata.dirs instead.
2019-10-16 08:25:01,376 [main] INFO  pipeline.SCMPipelineManager (SCMPipelineManager.java:initializePipelineState(132)) - No pipeline exists in current db
2019-10-16 08:25:01,376 [main] WARN  server.ServerUtils (ServerUtils.java:getScmDbDir(145)) - ozone.scm.db.dirs is not configured. We recommend adding this setting. Falling back to ozone.metadata.dirs instead.
2019-10-16 08:25:01,471 [main] WARN  events.EventQueue (EventQueue.java:fireEvent(183)) - No event handler registered for event TypedEvent{payloadType=SafeModeStatus, name='SafeModeStatus'}
2019-10-16 08:25:01,472 [main] INFO  ipc.CallQueueManager (CallQueueManager.java:<init>(84)) - Using callQueue: class java.util.concurrent.LinkedBlockingQueue, queueCapacity: 2000, scheduler: class org.apache.hadoop.ipc.DefaultRpcScheduler, ipcBackoff: false.
2019-10-16 08:25:01,474 [Socket Reader #1 for port 33958] INFO  ipc.Server (Server.java:run(1074)) - Starting Socket Reader #1 for port 33958
2019-10-16 08:25:01,477 [main] INFO  ipc.CallQueueManager (CallQueueManager.java:<init>(84)) - Using callQueue: class java.util.concurrent.LinkedBlockingQueue, queueCapacity: 2000, scheduler: class org.apache.hadoop.ipc.DefaultRpcScheduler, ipcBackoff: false.
2019-10-16 08:25:01,478 [Socket Reader #1 for port 44583] INFO  ipc.Server (Server.java:run(1074)) - Starting Socket Reader #1 for port 44583
2019-10-16 08:25:01,480 [main] INFO  ipc.CallQueueManager (CallQueueManager.java:<init>(84)) - Using callQueue: class java.util.concurrent.LinkedBlockingQueue, queueCapacity: 2000, scheduler: class org.apache.hadoop.ipc.DefaultRpcScheduler, ipcBackoff: false.
2019-10-16 08:25:01,481 [Socket Reader #1 for port 37603] INFO  ipc.Server (Server.java:run(1074)) - Starting Socket Reader #1 for port 37603
2019-10-16 08:25:01,484 [main] INFO  hdfs.DFSUtil (DFSUtil.java:httpServerTemplateForNNAndJN(1641)) - Starting Web-server for scm at: http://0.0.0.0:0
2019-10-16 08:25:01,487 [main] INFO  server.AuthenticationFilter (AuthenticationFilter.java:constructSecretProvider(240)) - Unable to initialize FileSignerSecretProvider, falling back to use random secrets.
2019-10-16 08:25:01,488 [main] WARN  http.HttpRequestLog (HttpRequestLog.java:getRequestLog(97)) - Jetty request log can only be enabled using Log4j
2019-10-16 08:25:01,490 [main] INFO  http.HttpServer2 (HttpServer2.java:addGlobalFilter(975)) - Added global filter 'safety' (class=org.apache.hadoop.http.HttpServer2$QuotingInputFilter)
2019-10-16 08:25:01,491 [main] INFO  http.HttpServer2 (HttpServer2.java:addFilter(948)) - Added filter static_user_filter (class=org.apache.hadoop.http.lib.StaticUserWebFilter$StaticUserFilter) to context scm
2019-10-16 08:25:01,492 [main] INFO  http.HttpServer2 (HttpServer2.java:addFilter(958)) - Added filter static_user_filter (class=org.apache.hadoop.http.lib.StaticUserWebFilter$StaticUserFilter) to context static
2019-10-16 08:25:01,492 [main] INFO  http.HttpServer2 (HttpServer2.java:addFilter(958)) - Added filter static_user_filter (class=org.apache.hadoop.http.lib.StaticUserWebFilter$StaticUserFilter) to context logs
2019-10-16 08:25:01,494 [main] INFO  server.StorageContainerManager (StorageContainerManager.java:start(772)) - StorageContainerLocationProtocol RPC server is listening at /0.0.0.0:37603
2019-10-16 08:25:01,497 [main] WARN  impl.MetricsConfig (MetricsConfig.java:loadFirst(134)) - Cannot locate configuration: tried hadoop-metrics2-storagecontainermanager.properties,hadoop-metrics2.properties
2019-10-16 08:25:01,498 [main] INFO  impl.MetricsSystemImpl (MetricsSystemImpl.java:startTimer(374)) - Scheduled Metric snapshot period at 10 second(s).
2019-10-16 08:25:01,498 [main] INFO  impl.MetricsSystemImpl (MetricsSystemImpl.java:start(191)) - StorageContainerManager metrics system started
2019-10-16 08:25:01,676 [main] WARN  impl.MetricsSystemImpl (MetricsSystemImpl.java:register(276)) - Sink prometheus already exists!
2019-10-16 08:25:01,774 [main] INFO  server.SCMClientProtocolServer (SCMClientProtocolServer.java:start(159)) - RPC server for Client  is listening at /0.0.0.0:37603
2019-10-16 08:25:01,774 [IPC Server Responder] INFO  ipc.Server (Server.java:run(1314)) - IPC Server Responder: starting
2019-10-16 08:25:01,775 [IPC Server listener on 37603] INFO  ipc.Server (Server.java:run(1153)) - IPC Server listener on 37603: starting
2019-10-16 08:25:01,780 [main] INFO  server.StorageContainerManager (StorageContainerManager.java:start(782)) - ScmBlockLocationProtocol RPC server is listening at /0.0.0.0:44583
2019-10-16 08:25:01,780 [main] INFO  server.SCMBlockProtocolServer (SCMBlockProtocolServer.java:start(146)) - RPC server for Block Protocol is listening at /0.0.0.0:44583
2019-10-16 08:25:01,780 [IPC Server Responder] INFO  ipc.Server (Server.java:run(1314)) - IPC Server Responder: starting
2019-10-16 08:25:01,780 [IPC Server listener on 44583] INFO  ipc.Server (Server.java:run(1153)) - IPC Server listener on 44583: starting
2019-10-16 08:25:01,784 [main] INFO  server.StorageContainerManager (StorageContainerManager.java:start(786)) - ScmDatanodeProtocl RPC server is listening at /0.0.0.0:33958
2019-10-16 08:25:01,785 [main] INFO  server.SCMDatanodeProtocolServer (SCMDatanodeProtocolServer.java:start(169)) - RPC server for DataNodes is listening at /0.0.0.0:33958
2019-10-16 08:25:01,785 [IPC Server Responder] INFO  ipc.Server (Server.java:run(1314)) - IPC Server Responder: starting
2019-10-16 08:25:01,785 [IPC Server listener on 33958] INFO  ipc.Server (Server.java:run(1153)) - IPC Server listener on 33958: starting
2019-10-16 08:25:01,790 [main] INFO  http.HttpServer2 (HttpServer2.java:bindListener(1191)) - Jetty bound to port 40129
2019-10-16 08:25:01,790 [main] INFO  server.Server (Server.java:doStart(351)) - jetty-9.3.25.v20180904, build timestamp: 2018-09-04T21:11:46Z, git hash: 3ce520221d0240229c862b122d2b06c12a625732
2019-10-16 08:25:01,792 [main] INFO  handler.ContextHandler (ContextHandler.java:doStart(781)) - Started o.e.j.s.ServletContextHandler@10d905c1{/logs,file:///workdir/hadoop-ozone/ozonefs/target/log,AVAILABLE}
2019-10-16 08:25:01,792 [main] INFO  handler.ContextHandler (ContextHandler.java:doStart(781)) - Started o.e.j.s.ServletContextHandler@62883f8a{/static,jar:file:/home/user/.m2/repository/org/apache/hadoop/hadoop-hdds-server-scm/0.5.0-SNAPSHOT/hadoop-hdds-server-scm-0.5.0-SNAPSHOT.jar!/webapps/static,AVAILABLE}
2019-10-16 08:25:01,833 [main] INFO  handler.ContextHandler (ContextHandler.java:doStart(781)) - Started o.e.j.w.WebAppContext@1e258d3b{/,file:///tmp/jetty-0.0.0.0-40129-scm-_-any-5789968061748551062.dir/webapp/,AVAILABLE}{/scm}
2019-10-16 08:25:01,833 [main] INFO  server.AbstractConnector (AbstractConnector.java:doStart(278)) - Started ServerConnector@2b6fcca1{HTTP/1.1,[http/1.1]}{0.0.0.0:40129}
2019-10-16 08:25:01,834 [main] INFO  server.Server (Server.java:doStart(419)) - Started @196646ms
2019-10-16 08:25:01,835 [main] WARN  impl.MetricsSystemImpl (MetricsSystemImpl.java:register(276)) - Sink prometheus already exists!
2019-10-16 08:25:01,836 [main] INFO  server.BaseHttpServer (BaseHttpServer.java:updateConnectorAddress(215)) - HTTP server of SCM is listening at http://0.0.0.0:40129
2019-10-16 08:25:01,836 [main] WARN  server.ServerUtils (ServerUtils.java:getDBPath(222)) - ozone.om.db.dirs is not configured. We recommend adding this setting. Falling back to ozone.metadata.dirs instead.
2019-10-16 08:25:01,838 [org.apache.hadoop.util.JvmPauseMonitor$Monitor@24b3f778] INFO  util.JvmPauseMonitor (JvmPauseMonitor.java:run(188)) - Starting JVM pause monitor
2019-10-16 08:25:01,850 [main] INFO  ha.OMHANodeDetails (OMHANodeDetails.java:loadOMHAConfig(190)) - Configuration either no ozone.om.address set. Falling back to the default OM address /127.0.0.1:0
2019-10-16 08:25:01,852 [main] INFO  ha.OMHANodeDetails (OMHANodeDetails.java:getOMNodeDetails(220)) - OM Service ID is not set. Setting it to the default ID: omServiceIdDefault
2019-10-16 08:25:01,853 [main] WARN  server.ServerUtils (ServerUtils.java:getDBPath(222)) - ozone.om.db.dirs is not configured. We recommend adding this setting. Falling back to ozone.metadata.dirs instead.
2019-10-16 08:25:01,853 [main] WARN  server.ServerUtils (ServerUtils.java:getDBPath(222)) - ozone.om.db.dirs is not configured. We recommend adding this setting. Falling back to ozone.metadata.dirs instead.
2019-10-16 08:25:01,859 [main] WARN  server.ServerUtils (ServerUtils.java:getDBPath(222)) - ozone.om.db.dirs is not configured. We recommend adding this setting. Falling back to ozone.metadata.dirs instead.
2019-10-16 08:25:01,860 [main] INFO  db.DBStoreBuilder (DBStoreBuilder.java:addTable(117)) - using custom profile for table: userTable
2019-10-16 08:25:01,860 [main] INFO  db.DBStoreBuilder (DBStoreBuilder.java:processTables(168)) - Using default column profile:DBProfile.DISK for Table:userTable
2019-10-16 08:25:01,860 [main] INFO  db.DBStoreBuilder (DBStoreBuilder.java:addTable(117)) - using custom profile for table: volumeTable
2019-10-16 08:25:01,860 [main] INFO  db.DBStoreBuilder (DBStoreBuilder.java:processTables(168)) - Using default column profile:DBProfile.DISK for Table:volumeTable
2019-10-16 08:25:01,860 [main] INFO  db.DBStoreBuilder (DBStoreBuilder.java:addTable(117)) - using custom profile for table: bucketTable
2019-10-16 08:25:01,861 [main] INFO  db.DBStoreBuilder (DBStoreBuilder.java:processTables(168)) - Using default column profile:DBProfile.DISK for Table:bucketTable
2019-10-16 08:25:01,861 [main] INFO  db.DBStoreBuilder (DBStoreBuilder.java:addTable(117)) - using custom profile for table: keyTable
2019-10-16 08:25:01,861 [main] INFO  db.DBStoreBuilder (DBStoreBuilder.java:processTables(168)) - Using default column profile:DBProfile.DISK for Table:keyTable
2019-10-16 08:25:01,861 [main] INFO  db.DBStoreBuilder (DBStoreBuilder.java:addTable(117)) - using custom profile for table: deletedTable
2019-10-16 08:25:01,861 [main] INFO  db.DBStoreBuilder (DBStoreBuilder.java:processTables(168)) - Using default column profile:DBProfile.DISK for Table:deletedTable
2019-10-16 08:25:01,861 [main] INFO  db.DBStoreBuilder (DBStoreBuilder.java:addTable(117)) - using custom profile for table: openKeyTable
2019-10-16 08:25:01,861 [main] INFO  db.DBStoreBuilder (DBStoreBuilder.java:processTables(168)) - Using default column profile:DBProfile.DISK for Table:openKeyTable
2019-10-16 08:25:01,861 [main] INFO  db.DBStoreBuilder (DBStoreBuilder.java:addTable(117)) - using custom profile for table: s3Table
2019-10-16 08:25:01,862 [main] INFO  db.DBStoreBuilder (DBStoreBuilder.java:processTables(168)) - Using default column profile:DBProfile.DISK for Table:s3Table
2019-10-16 08:25:01,862 [main] INFO  db.DBStoreBuilder (DBStoreBuilder.java:addTable(117)) - using custom profile for table: multipartInfoTable
2019-10-16 08:25:01,862 [main] INFO  db.DBStoreBuilder (DBStoreBuilder.java:processTables(168)) - Using default column profile:DBProfile.DISK for Table:multipartInfoTable
2019-10-16 08:25:01,862 [main] INFO  db.DBStoreBuilder (DBStoreBuilder.java:addTable(117)) - using custom profile for table: dTokenTable
2019-10-16 08:25:01,862 [main] INFO  db.DBStoreBuilder (DBStoreBuilder.java:processTables(168)) - Using default column profile:DBProfile.DISK for Table:dTokenTable
2019-10-16 08:25:01,862 [main] INFO  db.DBStoreBuilder (DBStoreBuilder.java:addTable(117)) - using custom profile for table: s3SecretTable
2019-10-16 08:25:01,862 [main] INFO  db.DBStoreBuilder (DBStoreBuilder.java:processTables(168)) - Using default column profile:DBProfile.DISK for Table:s3SecretTable
2019-10-16 08:25:01,863 [main] INFO  db.DBStoreBuilder (DBStoreBuilder.java:addTable(117)) - using custom profile for table: prefixTable
2019-10-16 08:25:01,863 [main] INFO  db.DBStoreBuilder (DBStoreBuilder.java:processTables(168)) - Using default column profile:DBProfile.DISK for Table:prefixTable
2019-10-16 08:25:01,863 [main] INFO  db.DBStoreBuilder (DBStoreBuilder.java:addTable(117)) - using custom profile for table: default
2019-10-16 08:25:01,863 [main] INFO  db.DBStoreBuilder (DBStoreBuilder.java:processTables(174)) - Using default column profile:DBProfile.DISK for Table:default
2019-10-16 08:25:01,863 [main] INFO  db.DBStoreBuilder (DBStoreBuilder.java:getDbProfile(205)) - Using default options. DBProfile.DISK
2019-10-16 08:25:02,448 [main] INFO  ipc.CallQueueManager (CallQueueManager.java:<init>(84)) - Using callQueue: class java.util.concurrent.LinkedBlockingQueue, queueCapacity: 2000, scheduler: class org.apache.hadoop.ipc.DefaultRpcScheduler, ipcBackoff: false.
2019-10-16 08:25:02,450 [Socket Reader #1 for port 32793] INFO  ipc.Server (Server.java:run(1074)) - Starting Socket Reader #1 for port 32793
2019-10-16 08:25:02,488 [main] INFO  om.OzoneManager (OzoneManager.java:start(1074)) - OzoneManager RPC server is listening at localhost/127.0.0.1:32793
2019-10-16 08:25:02,488 [main] INFO  impl.MetricsSystemImpl (MetricsSystemImpl.java:init(158)) - OzoneManager metrics system started (again)
2019-10-16 08:25:02,490 [IPC Server Responder] INFO  ipc.Server (Server.java:run(1314)) - IPC Server Responder: starting
2019-10-16 08:25:02,493 [IPC Server listener on 32793] INFO  ipc.Server (Server.java:run(1153)) - IPC Server listener on 32793: starting
2019-10-16 08:25:02,508 [main] INFO  hdfs.DFSUtil (DFSUtil.java:httpServerTemplateForNNAndJN(1641)) - Starting Web-server for ozoneManager at: http://0.0.0.0:0
2019-10-16 08:25:02,511 [main] INFO  server.AuthenticationFilter (AuthenticationFilter.java:constructSecretProvider(240)) - Unable to initialize FileSignerSecretProvider, falling back to use random secrets.
2019-10-16 08:25:02,511 [main] WARN  http.HttpRequestLog (HttpRequestLog.java:getRequestLog(97)) - Jetty request log can only be enabled using Log4j
2019-10-16 08:25:02,514 [main] INFO  http.HttpServer2 (HttpServer2.java:addGlobalFilter(975)) - Added global filter 'safety' (class=org.apache.hadoop.http.HttpServer2$QuotingInputFilter)
2019-10-16 08:25:02,515 [main] INFO  http.HttpServer2 (HttpServer2.java:addFilter(948)) - Added filter static_user_filter (class=org.apache.hadoop.http.lib.StaticUserWebFilter$StaticUserFilter) to context ozoneManager
2019-10-16 08:25:02,515 [main] INFO  http.HttpServer2 (HttpServer2.java:addFilter(958)) - Added filter static_user_filter (class=org.apache.hadoop.http.lib.StaticUserWebFilter$StaticUserFilter) to context logs
2019-10-16 08:25:02,515 [main] INFO  http.HttpServer2 (HttpServer2.java:addFilter(958)) - Added filter static_user_filter (class=org.apache.hadoop.http.lib.StaticUserWebFilter$StaticUserFilter) to context static
2019-10-16 08:25:02,516 [main] INFO  http.HttpServer2 (HttpServer2.java:bindListener(1191)) - Jetty bound to port 43362
2019-10-16 08:25:02,516 [main] INFO  server.Server (Server.java:doStart(351)) - jetty-9.3.25.v20180904, build timestamp: 2018-09-04T21:11:46Z, git hash: 3ce520221d0240229c862b122d2b06c12a625732
2019-10-16 08:25:02,519 [main] INFO  handler.ContextHandler (ContextHandler.java:doStart(781)) - Started o.e.j.s.ServletContextHandler@73be4cdd{/logs,file:///workdir/hadoop-ozone/ozonefs/target/log,AVAILABLE}
2019-10-16 08:25:02,519 [main] INFO  handler.ContextHandler (ContextHandler.java:doStart(781)) - Started o.e.j.s.ServletContextHandler@638977e0{/static,jar:file:/home/user/.m2/repository/org/apache/hadoop/hadoop-ozone-ozone-manager/0.5.0-SNAPSHOT/hadoop-ozone-ozone-manager-0.5.0-SNAPSHOT.jar!/webapps/static,AVAILABLE}
2019-10-16 08:25:02,582 [main] INFO  handler.ContextHandler (ContextHandler.java:doStart(781)) - Started o.e.j.w.WebAppContext@7ee2423{/,file:///tmp/jetty-0.0.0.0-43362-ozoneManager-_-any-2972502411764447737.dir/webapp/,AVAILABLE}{/ozoneManager}
2019-10-16 08:25:02,582 [main] INFO  server.AbstractConnector (AbstractConnector.java:doStart(278)) - Started ServerConnector@343d1d25{HTTP/1.1,[http/1.1]}{0.0.0.0:43362}
2019-10-16 08:25:02,582 [main] INFO  server.Server (Server.java:doStart(419)) - Started @197395ms
2019-10-16 08:25:02,584 [main] WARN  impl.MetricsSystemImpl (MetricsSystemImpl.java:register(276)) - Sink prometheus already exists!
2019-10-16 08:25:02,585 [main] INFO  server.BaseHttpServer (BaseHttpServer.java:updateConnectorAddress(215)) - HTTP server of OZONEMANAGER is listening at http://0.0.0.0:43362
2019-10-16 08:25:02,595 [main] INFO  impl.MetricsSystemImpl (MetricsSystemImpl.java:init(158)) - HddsDatanode metrics system started (again)
2019-10-16 08:25:02,605 [main] INFO  ozone.HddsDatanodeService (HddsDatanodeService.java:start(184)) - HddsDatanodeService host:pr-hdds-1737-dstl4-2900247166 ip:192.168.34.43
2019-10-16 08:25:02,615 [main] INFO  volume.HddsVolume (HddsVolume.java:<init>(176)) - Creating Volume: /workdir/hadoop-ozone/ozonefs/target/test-dir/MiniOzoneClusterImpl-9e3982d0-79a0-40b9-93be-d86ee4913ee6/datanode-0/data/containers/hdds of  storage type : DISK and capacity : 1482555576320
2019-10-16 08:25:02,615 [main] INFO  volume.VolumeSet (VolumeSet.java:initializeVolumeSet(170)) - Added Volume : /workdir/hadoop-ozone/ozonefs/target/test-dir/MiniOzoneClusterImpl-9e3982d0-79a0-40b9-93be-d86ee4913ee6/datanode-0/data/containers/hdds to VolumeSet
2019-10-16 08:25:02,615 [main] INFO  volume.ThrottledAsyncChecker (ThrottledAsyncChecker.java:schedule(141)) - Scheduling a check for /workdir/hadoop-ozone/ozonefs/target/test-dir/MiniOzoneClusterImpl-9e3982d0-79a0-40b9-93be-d86ee4913ee6/datanode-0/data/containers/hdds
2019-10-16 08:25:02,616 [main] INFO  volume.HddsVolumeChecker (HddsVolumeChecker.java:checkAllVolumes(204)) - Scheduled health check for volume /workdir/hadoop-ozone/ozonefs/target/test-dir/MiniOzoneClusterImpl-9e3982d0-79a0-40b9-93be-d86ee4913ee6/datanode-0/data/containers/hdds
2019-10-16 08:25:02,642 [main] INFO  impl.RaftServerProxy (ConfUtils.java:logGet(43)) - raft.rpc.type = GRPC (default)
2019-10-16 08:25:02,642 [main] INFO  grpc.GrpcFactory (GrpcFactory.java:checkPooledByteBufAllocatorUseCacheForAllThreads(45)) - PERFORMANCE WARNING: useCacheForAllThreads is true that may cause Netty to create a lot garbage objects and, as a result, trigger GC.
	It is recommended to disable useCacheForAllThreads by setting -Dorg.apache.ratis.thirdparty.io.netty.allocator.useCacheForAllThreads=false in command line.
2019-10-16 08:25:02,643 [main] INFO  grpc.GrpcConfigKeys$Server (ConfUtils.java:logGet(43)) - raft.grpc.server.port = 0 (default)
2019-10-16 08:25:02,643 [main] INFO  server.GrpcService (ConfUtils.java:logGet(43)) - raft.grpc.message.size.max = 33570816 (custom)
2019-10-16 08:25:02,643 [main] INFO  server.RaftServerConfigKeys (ConfUtils.java:logGet(43)) - raft.server.log.appender.buffer.byte-limit = 33554432 (custom)
2019-10-16 08:25:02,643 [main] INFO  server.GrpcService (ConfUtils.java:logGet(43)) - raft.grpc.flow.control.window = 1MB (=1048576) (default)
2019-10-16 08:25:02,643 [main] INFO  server.RaftServerConfigKeys (ConfUtils.java:logGet(43)) - raft.server.rpc.request.timeout = 3000ms (default)
2019-10-16 08:25:02,644 [main] INFO  server.RaftServerConfigKeys (ConfUtils.java:logGet(43)) - raft.server.storage.dir = [/workdir/hadoop-ozone/ozonefs/target/test-dir/MiniOzoneClusterImpl-9e3982d0-79a0-40b9-93be-d86ee4913ee6/datanode-0/data/ratis] (custom)
2019-10-16 08:25:02,646 [main] INFO  hdfs.DFSUtil (DFSUtil.java:httpServerTemplateForNNAndJN(1641)) - Starting Web-server for hddsDatanode at: http://0.0.0.0:0
2019-10-16 08:25:02,648 [main] INFO  server.AuthenticationFilter (AuthenticationFilter.java:constructSecretProvider(240)) - Unable to initialize FileSignerSecretProvider, falling back to use random secrets.
2019-10-16 08:25:02,648 [main] WARN  http.HttpRequestLog (HttpRequestLog.java:getRequestLog(97)) - Jetty request log can only be enabled using Log4j
2019-10-16 08:25:02,650 [main] INFO  http.HttpServer2 (HttpServer2.java:addGlobalFilter(975)) - Added global filter 'safety' (class=org.apache.hadoop.http.HttpServer2$QuotingInputFilter)
2019-10-16 08:25:02,651 [main] INFO  http.HttpServer2 (HttpServer2.java:addFilter(948)) - Added filter static_user_filter (class=org.apache.hadoop.http.lib.StaticUserWebFilter$StaticUserFilter) to context hddsDatanode
2019-10-16 08:25:02,651 [main] INFO  http.HttpServer2 (HttpServer2.java:addFilter(958)) - Added filter static_user_filter (class=org.apache.hadoop.http.lib.StaticUserWebFilter$StaticUserFilter) to context logs
2019-10-16 08:25:02,651 [main] INFO  http.HttpServer2 (HttpServer2.java:addFilter(958)) - Added filter static_user_filter (class=org.apache.hadoop.http.lib.StaticUserWebFilter$StaticUserFilter) to context static
2019-10-16 08:25:02,652 [main] INFO  http.HttpServer2 (HttpServer2.java:bindListener(1191)) - Jetty bound to port 41918
2019-10-16 08:25:02,652 [main] INFO  server.Server (Server.java:doStart(351)) - jetty-9.3.25.v20180904, build timestamp: 2018-09-04T21:11:46Z, git hash: 3ce520221d0240229c862b122d2b06c12a625732
2019-10-16 08:25:02,654 [main] INFO  handler.ContextHandler (ContextHandler.java:doStart(781)) - Started o.e.j.s.ServletContextHandler@16f34376{/logs,file:///workdir/hadoop-ozone/ozonefs/target/log,AVAILABLE}
2019-10-16 08:25:02,654 [main] INFO  handler.ContextHandler (ContextHandler.java:doStart(781)) - Started o.e.j.s.ServletContextHandler@43756cb{/static,jar:file:/home/user/.m2/repository/org/apache/hadoop/hadoop-hdds-container-service/0.5.0-SNAPSHOT/hadoop-hdds-container-service-0.5.0-SNAPSHOT.jar!/webapps/static,AVAILABLE}
2019-10-16 08:25:02,689 [main] INFO  handler.ContextHandler (ContextHandler.java:doStart(781)) - Started o.e.j.w.WebAppContext@35fb3209{/,file:///tmp/jetty-0.0.0.0-41918-hddsDatanode-_-any-6316940908786892223.dir/webapp/,AVAILABLE}{/hddsDatanode}
2019-10-16 08:25:02,690 [main] INFO  server.AbstractConnector (AbstractConnector.java:doStart(278)) - Started ServerConnector@5855b0ed{HTTP/1.1,[http/1.1]}{0.0.0.0:41918}
2019-10-16 08:25:02,692 [main] INFO  server.Server (Server.java:doStart(419)) - Started @197503ms
2019-10-16 08:25:02,692 [main] WARN  impl.MetricsSystemImpl (MetricsSystemImpl.java:register(276)) - Sink prometheus already exists!
2019-10-16 08:25:02,693 [main] INFO  server.BaseHttpServer (BaseHttpServer.java:updateConnectorAddress(215)) - HTTP server of HDDSDATANODE is listening at http://0.0.0.0:41918
2019-10-16 08:25:02,693 [main] INFO  impl.MetricsSystemImpl (MetricsSystemImpl.java:init(158)) - HddsDatanode metrics system started (again)
2019-10-16 08:25:02,702 [org.apache.hadoop.util.JvmPauseMonitor$Monitor@550dd52] INFO  util.JvmPauseMonitor (JvmPauseMonitor.java:run(188)) - Starting JVM pause monitor
2019-10-16 08:25:02,703 [main] INFO  ozone.HddsDatanodeService (HddsDatanodeService.java:start(184)) - HddsDatanodeService host:pr-hdds-1737-dstl4-2900247166 ip:192.168.34.43
2019-10-16 08:25:02,704 [Datanode State Machine Thread - 0] INFO  datanode.InitDatanodeState (InitDatanodeState.java:persistContainerDatanodeDetails(140)) - DatanodeDetails is persisted to /workdir/hadoop-ozone/ozonefs/target/test-dir/MiniOzoneClusterImpl-9e3982d0-79a0-40b9-93be-d86ee4913ee6/datanode-0/meta/datanode.id
2019-10-16 08:25:02,712 [main] INFO  volume.HddsVolume (HddsVolume.java:<init>(176)) - Creating Volume: /workdir/hadoop-ozone/ozonefs/target/test-dir/MiniOzoneClusterImpl-9e3982d0-79a0-40b9-93be-d86ee4913ee6/datanode-1/data/containers/hdds of  storage type : DISK and capacity : 1482555576320
2019-10-16 08:25:02,713 [main] INFO  volume.VolumeSet (VolumeSet.java:initializeVolumeSet(170)) - Added Volume : /workdir/hadoop-ozone/ozonefs/target/test-dir/MiniOzoneClusterImpl-9e3982d0-79a0-40b9-93be-d86ee4913ee6/datanode-1/data/containers/hdds to VolumeSet
2019-10-16 08:25:02,713 [main] INFO  volume.ThrottledAsyncChecker (ThrottledAsyncChecker.java:schedule(141)) - Scheduling a check for /workdir/hadoop-ozone/ozonefs/target/test-dir/MiniOzoneClusterImpl-9e3982d0-79a0-40b9-93be-d86ee4913ee6/datanode-1/data/containers/hdds
2019-10-16 08:25:02,713 [main] INFO  volume.HddsVolumeChecker (HddsVolumeChecker.java:checkAllVolumes(204)) - Scheduled health check for volume /workdir/hadoop-ozone/ozonefs/target/test-dir/MiniOzoneClusterImpl-9e3982d0-79a0-40b9-93be-d86ee4913ee6/datanode-1/data/containers/hdds
2019-10-16 08:25:02,737 [main] INFO  impl.RaftServerProxy (ConfUtils.java:logGet(43)) - raft.rpc.type = GRPC (default)
2019-10-16 08:25:02,738 [main] INFO  grpc.GrpcFactory (GrpcFactory.java:checkPooledByteBufAllocatorUseCacheForAllThreads(45)) - PERFORMANCE WARNING: useCacheForAllThreads is true that may cause Netty to create a lot garbage objects and, as a result, trigger GC.
	It is recommended to disable useCacheForAllThreads by setting -Dorg.apache.ratis.thirdparty.io.netty.allocator.useCacheForAllThreads=false in command line.
2019-10-16 08:25:02,738 [main] INFO  grpc.GrpcConfigKeys$Server (ConfUtils.java:logGet(43)) - raft.grpc.server.port = 0 (default)
2019-10-16 08:25:02,738 [main] INFO  server.GrpcService (ConfUtils.java:logGet(43)) - raft.grpc.message.size.max = 33570816 (custom)
2019-10-16 08:25:02,738 [main] INFO  server.RaftServerConfigKeys (ConfUtils.java:logGet(43)) - raft.server.log.appender.buffer.byte-limit = 33554432 (custom)
2019-10-16 08:25:02,738 [main] INFO  server.GrpcService (ConfUtils.java:logGet(43)) - raft.grpc.flow.control.window = 1MB (=1048576) (default)
2019-10-16 08:25:02,739 [main] INFO  server.RaftServerConfigKeys (ConfUtils.java:logGet(43)) - raft.server.rpc.request.timeout = 3000ms (default)
2019-10-16 08:25:02,739 [main] INFO  server.RaftServerConfigKeys (ConfUtils.java:logGet(43)) - raft.server.storage.dir = [/workdir/hadoop-ozone/ozonefs/target/test-dir/MiniOzoneClusterImpl-9e3982d0-79a0-40b9-93be-d86ee4913ee6/datanode-1/data/ratis] (custom)
2019-10-16 08:25:02,741 [main] INFO  hdfs.DFSUtil (DFSUtil.java:httpServerTemplateForNNAndJN(1641)) - Starting Web-server for hddsDatanode at: http://0.0.0.0:0
2019-10-16 08:25:02,742 [main] INFO  server.AuthenticationFilter (AuthenticationFilter.java:constructSecretProvider(240)) - Unable to initialize FileSignerSecretProvider, falling back to use random secrets.
2019-10-16 08:25:02,743 [main] WARN  http.HttpRequestLog (HttpRequestLog.java:getRequestLog(97)) - Jetty request log can only be enabled using Log4j
2019-10-16 08:25:02,744 [main] INFO  http.HttpServer2 (HttpServer2.java:addGlobalFilter(975)) - Added global filter 'safety' (class=org.apache.hadoop.http.HttpServer2$QuotingInputFilter)
2019-10-16 08:25:02,745 [main] INFO  http.HttpServer2 (HttpServer2.java:addFilter(948)) - Added filter static_user_filter (class=org.apache.hadoop.http.lib.StaticUserWebFilter$StaticUserFilter) to context hddsDatanode
2019-10-16 08:25:02,745 [main] INFO  http.HttpServer2 (HttpServer2.java:addFilter(958)) - Added filter static_user_filter (class=org.apache.hadoop.http.lib.StaticUserWebFilter$StaticUserFilter) to context static
2019-10-16 08:25:02,745 [main] INFO  http.HttpServer2 (HttpServer2.java:addFilter(958)) - Added filter static_user_filter (class=org.apache.hadoop.http.lib.StaticUserWebFilter$StaticUserFilter) to context logs
2019-10-16 08:25:02,746 [main] INFO  http.HttpServer2 (HttpServer2.java:bindListener(1191)) - Jetty bound to port 39399
2019-10-16 08:25:02,746 [main] INFO  server.Server (Server.java:doStart(351)) - jetty-9.3.25.v20180904, build timestamp: 2018-09-04T21:11:46Z, git hash: 3ce520221d0240229c862b122d2b06c12a625732
2019-10-16 08:25:02,748 [main] INFO  handler.ContextHandler (ContextHandler.java:doStart(781)) - Started o.e.j.s.ServletContextHandler@5599dc60{/logs,file:///workdir/hadoop-ozone/ozonefs/target/log,AVAILABLE}
2019-10-16 08:25:02,748 [main] INFO  handler.ContextHandler (ContextHandler.java:doStart(781)) - Started o.e.j.s.ServletContextHandler@70f5f59d{/static,jar:file:/home/user/.m2/repository/org/apache/hadoop/hadoop-hdds-container-service/0.5.0-SNAPSHOT/hadoop-hdds-container-service-0.5.0-SNAPSHOT.jar!/webapps/static,AVAILABLE}
2019-10-16 08:25:02,781 [main] INFO  handler.ContextHandler (ContextHandler.java:doStart(781)) - Started o.e.j.w.WebAppContext@64ed18ec{/,file:///tmp/jetty-0.0.0.0-39399-hddsDatanode-_-any-1466034516937006541.dir/webapp/,AVAILABLE}{/hddsDatanode}
2019-10-16 08:25:02,781 [main] INFO  server.AbstractConnector (AbstractConnector.java:doStart(278)) - Started ServerConnector@1dfcf85a{HTTP/1.1,[http/1.1]}{0.0.0.0:39399}
2019-10-16 08:25:02,783 [main] INFO  server.Server (Server.java:doStart(419)) - Started @197596ms
2019-10-16 08:25:02,783 [main] WARN  impl.MetricsSystemImpl (MetricsSystemImpl.java:register(276)) - Sink prometheus already exists!
2019-10-16 08:25:02,784 [main] INFO  server.BaseHttpServer (BaseHttpServer.java:updateConnectorAddress(215)) - HTTP server of HDDSDATANODE is listening at http://0.0.0.0:39399
2019-10-16 08:25:02,784 [main] INFO  impl.MetricsSystemImpl (MetricsSystemImpl.java:init(158)) - HddsDatanode metrics system started (again)
2019-10-16 08:25:02,792 [org.apache.hadoop.util.JvmPauseMonitor$Monitor@5896b4d6] INFO  util.JvmPauseMonitor (JvmPauseMonitor.java:run(188)) - Starting JVM pause monitor
2019-10-16 08:25:02,792 [main] INFO  ozone.HddsDatanodeService (HddsDatanodeService.java:start(184)) - HddsDatanodeService host:pr-hdds-1737-dstl4-2900247166 ip:192.168.34.43
2019-10-16 08:25:02,794 [Datanode State Machine Thread - 0] INFO  datanode.InitDatanodeState (InitDatanodeState.java:persistContainerDatanodeDetails(140)) - DatanodeDetails is persisted to /workdir/hadoop-ozone/ozonefs/target/test-dir/MiniOzoneClusterImpl-9e3982d0-79a0-40b9-93be-d86ee4913ee6/datanode-1/meta/datanode.id
2019-10-16 08:25:02,800 [main] INFO  volume.HddsVolume (HddsVolume.java:<init>(176)) - Creating Volume: /workdir/hadoop-ozone/ozonefs/target/test-dir/MiniOzoneClusterImpl-9e3982d0-79a0-40b9-93be-d86ee4913ee6/datanode-2/data/containers/hdds of  storage type : DISK and capacity : 1482555576320
2019-10-16 08:25:02,801 [main] INFO  volume.VolumeSet (VolumeSet.java:initializeVolumeSet(170)) - Added Volume : /workdir/hadoop-ozone/ozonefs/target/test-dir/MiniOzoneClusterImpl-9e3982d0-79a0-40b9-93be-d86ee4913ee6/datanode-2/data/containers/hdds to VolumeSet
2019-10-16 08:25:02,801 [main] INFO  volume.ThrottledAsyncChecker (ThrottledAsyncChecker.java:schedule(141)) - Scheduling a check for /workdir/hadoop-ozone/ozonefs/target/test-dir/MiniOzoneClusterImpl-9e3982d0-79a0-40b9-93be-d86ee4913ee6/datanode-2/data/containers/hdds
2019-10-16 08:25:02,801 [main] INFO  volume.HddsVolumeChecker (HddsVolumeChecker.java:checkAllVolumes(204)) - Scheduled health check for volume /workdir/hadoop-ozone/ozonefs/target/test-dir/MiniOzoneClusterImpl-9e3982d0-79a0-40b9-93be-d86ee4913ee6/datanode-2/data/containers/hdds
2019-10-16 08:25:02,830 [main] INFO  impl.RaftServerProxy (ConfUtils.java:logGet(43)) - raft.rpc.type = GRPC (default)
2019-10-16 08:25:02,831 [main] INFO  grpc.GrpcFactory (GrpcFactory.java:checkPooledByteBufAllocatorUseCacheForAllThreads(45)) - PERFORMANCE WARNING: useCacheForAllThreads is true that may cause Netty to create a lot garbage objects and, as a result, trigger GC.
	It is recommended to disable useCacheForAllThreads by setting -Dorg.apache.ratis.thirdparty.io.netty.allocator.useCacheForAllThreads=false in command line.
2019-10-16 08:25:02,831 [main] INFO  grpc.GrpcConfigKeys$Server (ConfUtils.java:logGet(43)) - raft.grpc.server.port = 0 (default)
2019-10-16 08:25:02,831 [main] INFO  server.GrpcService (ConfUtils.java:logGet(43)) - raft.grpc.message.size.max = 33570816 (custom)
2019-10-16 08:25:02,831 [main] INFO  server.RaftServerConfigKeys (ConfUtils.java:logGet(43)) - raft.server.log.appender.buffer.byte-limit = 33554432 (custom)
2019-10-16 08:25:02,832 [main] INFO  server.GrpcService (ConfUtils.java:logGet(43)) - raft.grpc.flow.control.window = 1MB (=1048576) (default)
2019-10-16 08:25:02,832 [main] INFO  server.RaftServerConfigKeys (ConfUtils.java:logGet(43)) - raft.server.rpc.request.timeout = 3000ms (default)
2019-10-16 08:25:02,832 [main] INFO  server.RaftServerConfigKeys (ConfUtils.java:logGet(43)) - raft.server.storage.dir = [/workdir/hadoop-ozone/ozonefs/target/test-dir/MiniOzoneClusterImpl-9e3982d0-79a0-40b9-93be-d86ee4913ee6/datanode-2/data/ratis] (custom)
2019-10-16 08:25:02,834 [main] INFO  hdfs.DFSUtil (DFSUtil.java:httpServerTemplateForNNAndJN(1641)) - Starting Web-server for hddsDatanode at: http://0.0.0.0:0
2019-10-16 08:25:02,836 [main] INFO  server.AuthenticationFilter (AuthenticationFilter.java:constructSecretProvider(240)) - Unable to initialize FileSignerSecretProvider, falling back to use random secrets.
2019-10-16 08:25:02,836 [main] WARN  http.HttpRequestLog (HttpRequestLog.java:getRequestLog(97)) - Jetty request log can only be enabled using Log4j
2019-10-16 08:25:02,838 [main] INFO  http.HttpServer2 (HttpServer2.java:addGlobalFilter(975)) - Added global filter 'safety' (class=org.apache.hadoop.http.HttpServer2$QuotingInputFilter)
2019-10-16 08:25:02,838 [main] INFO  http.HttpServer2 (HttpServer2.java:addFilter(948)) - Added filter static_user_filter (class=org.apache.hadoop.http.lib.StaticUserWebFilter$StaticUserFilter) to context hddsDatanode
2019-10-16 08:25:02,838 [main] INFO  http.HttpServer2 (HttpServer2.java:addFilter(958)) - Added filter static_user_filter (class=org.apache.hadoop.http.lib.StaticUserWebFilter$StaticUserFilter) to context static
2019-10-16 08:25:02,838 [main] INFO  http.HttpServer2 (HttpServer2.java:addFilter(958)) - Added filter static_user_filter (class=org.apache.hadoop.http.lib.StaticUserWebFilter$StaticUserFilter) to context logs
2019-10-16 08:25:02,839 [main] INFO  http.HttpServer2 (HttpServer2.java:bindListener(1191)) - Jetty bound to port 44229
2019-10-16 08:25:02,839 [main] INFO  server.Server (Server.java:doStart(351)) - jetty-9.3.25.v20180904, build timestamp: 2018-09-04T21:11:46Z, git hash: 3ce520221d0240229c862b122d2b06c12a625732
2019-10-16 08:25:02,841 [main] INFO  handler.ContextHandler (ContextHandler.java:doStart(781)) - Started o.e.j.s.ServletContextHandler@2e4d4d22{/logs,file:///workdir/hadoop-ozone/ozonefs/target/log,AVAILABLE}
2019-10-16 08:25:02,842 [main] INFO  handler.ContextHandler (ContextHandler.java:doStart(781)) - Started o.e.j.s.ServletContextHandler@690ed13a{/static,jar:file:/home/user/.m2/repository/org/apache/hadoop/hadoop-hdds-container-service/0.5.0-SNAPSHOT/hadoop-hdds-container-service-0.5.0-SNAPSHOT.jar!/webapps/static,AVAILABLE}
2019-10-16 08:25:02,871 [main] INFO  handler.ContextHandler (ContextHandler.java:doStart(781)) - Started o.e.j.w.WebAppContext@4ed19b69{/,file:///tmp/jetty-0.0.0.0-44229-hddsDatanode-_-any-6286574431288222166.dir/webapp/,AVAILABLE}{/hddsDatanode}
2019-10-16 08:25:02,871 [main] INFO  server.AbstractConnector (AbstractConnector.java:doStart(278)) - Started ServerConnector@59a5bb61{HTTP/1.1,[http/1.1]}{0.0.0.0:44229}
2019-10-16 08:25:02,873 [main] INFO  server.Server (Server.java:doStart(419)) - Started @197685ms
2019-10-16 08:25:02,873 [main] WARN  impl.MetricsSystemImpl (MetricsSystemImpl.java:register(276)) - Sink prometheus already exists!
2019-10-16 08:25:02,874 [main] INFO  server.BaseHttpServer (BaseHttpServer.java:updateConnectorAddress(215)) - HTTP server of HDDSDATANODE is listening at http://0.0.0.0:44229
2019-10-16 08:25:02,875 [main] INFO  ozone.MiniOzoneClusterImpl (MiniOzoneClusterImpl.java:lambda$waitForClusterToBeReady$0(147)) - Waiting for cluster to be ready. Got 0 of 3 DN Heartbeats.
2019-10-16 08:25:02,876 [org.apache.hadoop.util.JvmPauseMonitor$Monitor@69e81b82] INFO  util.JvmPauseMonitor (JvmPauseMonitor.java:run(188)) - Starting JVM pause monitor
2019-10-16 08:25:02,877 [Datanode State Machine Thread - 0] INFO  datanode.InitDatanodeState (InitDatanodeState.java:persistContainerDatanodeDetails(140)) - DatanodeDetails is persisted to /workdir/hadoop-ozone/ozonefs/target/test-dir/MiniOzoneClusterImpl-9e3982d0-79a0-40b9-93be-d86ee4913ee6/datanode-2/meta/datanode.id
2019-10-16 08:25:02,945 [java.util.concurrent.ThreadPoolExecutor$Worker@4d73e279[State = -1, empty queue]] WARN  server.GrpcLogAppender (GrpcLogAppender.java:timeoutAppendRequest(209)) - d241c9e1-935c-49aa-9e95-ab7802e514d2@group-80EE07B81CDB->264aed0f-83f2-4963-bbe1-98eb5d19a433-GrpcLogAppender: appendEntries Timeout, request=d241c9e1-935c-49aa-9e95-ab7802e514d2->264aed0f-83f2-4963-bbe1-98eb5d19a433#5-t1, previous=(t:1, i:0), leaderCommit=0, initializing? false, entries: <empty>
2019-10-16 08:25:02,945 [java.util.concurrent.ThreadPoolExecutor$Worker@1d922d1b[State = -1, empty queue]] WARN  server.GrpcLogAppender (GrpcLogAppender.java:timeoutAppendRequest(209)) - d241c9e1-935c-49aa-9e95-ab7802e514d2@group-80EE07B81CDB->b318752f-84b4-404e-8ce7-adc68aefddcd-GrpcLogAppender: appendEntries Timeout, request=d241c9e1-935c-49aa-9e95-ab7802e514d2->b318752f-84b4-404e-8ce7-adc68aefddcd#5-t1, previous=(t:1, i:0), leaderCommit=0, initializing? false, entries: <empty>
2019-10-16 08:25:03,875 [main] INFO  ozone.MiniOzoneClusterImpl (MiniOzoneClusterImpl.java:lambda$waitForClusterToBeReady$0(147)) - Waiting for cluster to be ready. Got 0 of 3 DN Heartbeats.
2019-10-16 08:25:04,731 [Datanode State Machine Thread - 0] INFO  ozoneimpl.OzoneContainer (OzoneContainer.java:start(213)) - Attempting to start container services.
2019-10-16 08:25:04,732 [Datanode State Machine Thread - 0] INFO  ozoneimpl.OzoneContainer (OzoneContainer.java:startContainerScrub(177)) - Background container scanner has been disabled.
2019-10-16 08:25:04,732 [Datanode State Machine Thread - 0] INFO  ratis.XceiverServerRatis (XceiverServerRatis.java:start(418)) - Starting XceiverServerRatis 8c4d487c-e6f5-452c-b4b2-b96be2f99aed at port 0
2019-10-16 08:25:04,741 [Datanode State Machine Thread - 0] INFO  impl.RaftServerProxy (RaftServerProxy.java:lambda$start$3(299)) - 8c4d487c-e6f5-452c-b4b2-b96be2f99aed: start RPC server
2019-10-16 08:25:04,744 [Datanode State Machine Thread - 0] INFO  server.GrpcService (GrpcService.java:startImpl(158)) - 8c4d487c-e6f5-452c-b4b2-b96be2f99aed: GrpcService started, listening on 0.0.0.0/0.0.0.0:39249
2019-10-16 08:25:04,745 [Datanode State Machine Thread - 0] INFO  ratis.XceiverServerRatis (XceiverServerRatis.java:start(428)) - XceiverServerRatis 8c4d487c-e6f5-452c-b4b2-b96be2f99aed is started using port 39249
2019-10-16 08:25:04,745 [Datanode State Machine Thread - 0] INFO  server.XceiverServerGrpc (XceiverServerGrpc.java:start(149)) - XceiverServerGrpc 8c4d487c-e6f5-452c-b4b2-b96be2f99aed is started using port 33323
2019-10-16 08:25:04,805 [Datanode State Machine Thread - 0] INFO  ozoneimpl.OzoneContainer (OzoneContainer.java:start(213)) - Attempting to start container services.
2019-10-16 08:25:04,806 [Datanode State Machine Thread - 0] INFO  ozoneimpl.OzoneContainer (OzoneContainer.java:startContainerScrub(177)) - Background container scanner has been disabled.
2019-10-16 08:25:04,806 [Datanode State Machine Thread - 0] INFO  ratis.XceiverServerRatis (XceiverServerRatis.java:start(418)) - Starting XceiverServerRatis 262a5e43-a9eb-478a-bee2-934ebfcf7653 at port 0
2019-10-16 08:25:04,815 [Datanode State Machine Thread - 0] INFO  impl.RaftServerProxy (RaftServerProxy.java:lambda$start$3(299)) - 262a5e43-a9eb-478a-bee2-934ebfcf7653: start RPC server
2019-10-16 08:25:04,816 [Datanode State Machine Thread - 0] INFO  server.GrpcService (GrpcService.java:startImpl(158)) - 262a5e43-a9eb-478a-bee2-934ebfcf7653: GrpcService started, listening on 0.0.0.0/0.0.0.0:35333
2019-10-16 08:25:04,816 [Datanode State Machine Thread - 0] INFO  ratis.XceiverServerRatis (XceiverServerRatis.java:start(428)) - XceiverServerRatis 262a5e43-a9eb-478a-bee2-934ebfcf7653 is started using port 35333
2019-10-16 08:25:04,816 [Datanode State Machine Thread - 0] INFO  server.XceiverServerGrpc (XceiverServerGrpc.java:start(149)) - XceiverServerGrpc 262a5e43-a9eb-478a-bee2-934ebfcf7653 is started using port 33014
2019-10-16 08:25:04,875 [main] INFO  ozone.MiniOzoneClusterImpl (MiniOzoneClusterImpl.java:lambda$waitForClusterToBeReady$0(147)) - Waiting for cluster to be ready. Got 0 of 3 DN Heartbeats.
2019-10-16 08:25:04,883 [Datanode State Machine Thread - 0] INFO  ozoneimpl.OzoneContainer (OzoneContainer.java:start(213)) - Attempting to start container services.
2019-10-16 08:25:04,883 [Datanode State Machine Thread - 0] INFO  ozoneimpl.OzoneContainer (OzoneContainer.java:startContainerScrub(177)) - Background container scanner has been disabled.
2019-10-16 08:25:04,884 [Datanode State Machine Thread - 0] INFO  ratis.XceiverServerRatis (XceiverServerRatis.java:start(418)) - Starting XceiverServerRatis a30ad412-36c1-4f85-b105-78cea4061886 at port 0
2019-10-16 08:25:04,892 [Datanode State Machine Thread - 0] INFO  impl.RaftServerProxy (RaftServerProxy.java:lambda$start$3(299)) - a30ad412-36c1-4f85-b105-78cea4061886: start RPC server
2019-10-16 08:25:04,893 [Datanode State Machine Thread - 0] INFO  server.GrpcService (GrpcService.java:startImpl(158)) - a30ad412-36c1-4f85-b105-78cea4061886: GrpcService started, listening on 0.0.0.0/0.0.0.0:44567
2019-10-16 08:25:04,893 [Datanode State Machine Thread - 0] INFO  ratis.XceiverServerRatis (XceiverServerRatis.java:start(428)) - XceiverServerRatis a30ad412-36c1-4f85-b105-78cea4061886 is started using port 44567
2019-10-16 08:25:04,894 [Datanode State Machine Thread - 0] INFO  server.XceiverServerGrpc (XceiverServerGrpc.java:start(149)) - XceiverServerGrpc a30ad412-36c1-4f85-b105-78cea4061886 is started using port 35881
2019-10-16 08:25:05,876 [main] INFO  ozone.MiniOzoneClusterImpl (MiniOzoneClusterImpl.java:lambda$waitForClusterToBeReady$0(147)) - Waiting for cluster to be ready. Got 0 of 3 DN Heartbeats.
2019-10-16 08:25:06,708 [IPC Server handler 1 on 33958] INFO  net.NetworkTopology (NetworkTopologyImpl.java:add(111)) - Added a new node: /default-rack/8c4d487c-e6f5-452c-b4b2-b96be2f99aed
2019-10-16 08:25:06,710 [IPC Server handler 1 on 33958] INFO  node.SCMNodeManager (SCMNodeManager.java:register(268)) - Registered Data node : 8c4d487c-e6f5-452c-b4b2-b96be2f99aed{ip: 192.168.34.43, host: pr-hdds-1737-dstl4-2900247166, networkLocation: /default-rack, certSerialId: null}
2019-10-16 08:25:06,711 [EventQueue-NodeRegistrationContainerReportForDataNodeSafeModeRule] INFO  safemode.SCMSafeModeManager (DataNodeSafeModeRule.java:process(71)) - SCM in safe mode. 1 DataNodes registered, 1 required.
2019-10-16 08:25:06,713 [EventQueue-NodeRegistrationContainerReportForDataNodeSafeModeRule] INFO  safemode.SCMSafeModeManager (SCMSafeModeManager.java:validateSafeModeExitRules(177)) - ScmSafeModeManager, all rules are successfully validated
2019-10-16 08:25:06,713 [EventQueue-NodeRegistrationContainerReportForDataNodeSafeModeRule] INFO  safemode.SCMSafeModeManager (SCMSafeModeManager.java:exitSafeMode(193)) - SCM exiting safe mode.
2019-10-16 08:25:06,729 [grpc-default-executor-0] INFO  impl.RaftServerProxy (RaftServerProxy.java:addNew(89)) - 8c4d487c-e6f5-452c-b4b2-b96be2f99aed: addNew group-5FA460067C75:[8c4d487c-e6f5-452c-b4b2-b96be2f99aed:192.168.34.43:39249] returns group-5FA460067C75:java.util.concurrent.CompletableFuture@75027020[Not completed]
2019-10-16 08:25:06,731 [pool-578-thread-1] INFO  impl.RaftServerImpl (RaftServerImpl.java:<init>(104)) - 8c4d487c-e6f5-452c-b4b2-b96be2f99aed: new RaftServerImpl for group-5FA460067C75:[8c4d487c-e6f5-452c-b4b2-b96be2f99aed:192.168.34.43:39249] with ContainerStateMachine:uninitialized
2019-10-16 08:25:06,731 [pool-578-thread-1] INFO  server.RaftServerConfigKeys (ConfUtils.java:logGet(43)) - raft.server.rpc.timeout.min = 5s (custom)
2019-10-16 08:25:06,731 [pool-578-thread-1] INFO  server.RaftServerConfigKeys (ConfUtils.java:logGet(43)) - raft.server.rpc.timeout.max = 5200ms (custom)
2019-10-16 08:25:06,731 [pool-578-thread-1] INFO  server.RaftServerConfigKeys (ConfUtils.java:logGet(43)) - raft.server.rpcslowness.timeout = 120s (custom)
2019-10-16 08:25:06,731 [pool-578-thread-1] INFO  server.RaftServerConfigKeys (ConfUtils.java:logGet(43)) - raft.server.sleep.deviation.threshold = 300 (default)
2019-10-16 08:25:06,731 [pool-578-thread-1] INFO  server.RaftServerConfigKeys (ConfUtils.java:logGet(43)) - raft.server.log.appender.install.snapshot.enabled = false (custom)
2019-10-16 08:25:06,732 [pool-578-thread-1] INFO  impl.RaftServerImpl (ServerState.java:<init>(103)) - 8c4d487c-e6f5-452c-b4b2-b96be2f99aed@group-5FA460067C75: ConfigurationManager, init=-1: [8c4d487c-e6f5-452c-b4b2-b96be2f99aed:192.168.34.43:39249], old=null, confs=<EMPTY_MAP>
2019-10-16 08:25:06,732 [pool-578-thread-1] INFO  server.RaftServerConfigKeys (ConfUtils.java:logGet(43)) - raft.server.storage.dir = [/workdir/hadoop-ozone/ozonefs/target/test-dir/MiniOzoneClusterImpl-9e3982d0-79a0-40b9-93be-d86ee4913ee6/datanode-0/data/ratis] (custom)
2019-10-16 08:25:06,732 [pool-578-thread-1] INFO  server.RaftServerConfigKeys (ConfUtils.java:logGet(43)) - raft.server.log.corruption.policy = EXCEPTION (default)
2019-10-16 08:25:06,733 [pool-578-thread-1] INFO  storage.RaftStorageDirectory (RaftStorageDirectory.java:analyzeStorage(246)) - The storage directory /workdir/hadoop-ozone/ozonefs/target/test-dir/MiniOzoneClusterImpl-9e3982d0-79a0-40b9-93be-d86ee4913ee6/datanode-0/data/ratis/533dd641-aa93-4fdc-a076-5fa460067c75 does not exist. Creating ...
2019-10-16 08:25:06,746 [pool-578-thread-1] INFO  storage.RaftStorageDirectory (RaftStorageDirectory.java:tryLock(328)) - Lock on /workdir/hadoop-ozone/ozonefs/target/test-dir/MiniOzoneClusterImpl-9e3982d0-79a0-40b9-93be-d86ee4913ee6/datanode-0/data/ratis/533dd641-aa93-4fdc-a076-5fa460067c75/in_use.lock acquired by nodename 21295@pr-hdds-1737-dstl4-2900247166
2019-10-16 08:25:06,760 [pool-578-thread-1] INFO  storage.RaftStorage (RaftStorage.java:format(84)) - Storage directory /workdir/hadoop-ozone/ozonefs/target/test-dir/MiniOzoneClusterImpl-9e3982d0-79a0-40b9-93be-d86ee4913ee6/datanode-0/data/ratis/533dd641-aa93-4fdc-a076-5fa460067c75 has been successfully formatted.
2019-10-16 08:25:06,761 [pool-578-thread-1] INFO  ratis.ContainerStateMachine (ContainerStateMachine.java:loadSnapshot(231)) - group-5FA460067C75: The snapshot info is null. Setting the last applied indexto:(t:0, i:~)
2019-10-16 08:25:06,761 [pool-578-thread-1] INFO  server.RaftServerConfigKeys (ConfUtils.java:logGet(43)) - raft.server.notification.no-leader.timeout = 120s (custom)
2019-10-16 08:25:06,761 [pool-578-thread-1] INFO  server.RaftServerConfigKeys (ConfUtils.java:logGet(43)) - raft.server.log.use.memory = false (default)
2019-10-16 08:25:06,761 [pool-578-thread-1] INFO  server.RaftServerConfigKeys (ConfUtils.java:logGet(43)) - raft.server.log.purge.gap = 1000000 (custom)
2019-10-16 08:25:06,761 [pool-578-thread-1] INFO  server.RaftServerConfigKeys (ConfUtils.java:logGet(43)) - raft.server.log.appender.buffer.byte-limit = 33554432 (custom)
2019-10-16 08:25:06,762 [pool-578-thread-1] INFO  server.RaftServerConfigKeys (ConfUtils.java:logGet(43)) - raft.server.log.segment.size.max = 1048576 (custom)
2019-10-16 08:25:06,763 [pool-578-thread-1] INFO  server.RaftServerConfigKeys (ConfUtils.java:logGet(43)) - raft.server.log.segment.cache.num.max = 2 (custom)
2019-10-16 08:25:06,764 [pool-578-thread-1] INFO  segmented.SegmentedRaftLogWorker (SegmentedRaftLogWorker.java:<init>(173)) - new 8c4d487c-e6f5-452c-b4b2-b96be2f99aed@group-5FA460067C75-SegmentedRaftLogWorker for RaftStorage:Storage Directory /workdir/hadoop-ozone/ozonefs/target/test-dir/MiniOzoneClusterImpl-9e3982d0-79a0-40b9-93be-d86ee4913ee6/datanode-0/data/ratis/533dd641-aa93-4fdc-a076-5fa460067c75
2019-10-16 08:25:06,764 [pool-578-thread-1] INFO  server.RaftServerConfigKeys (ConfUtils.java:logGet(43)) - raft.server.log.queue.byte-limit = 2147483647 (custom)
2019-10-16 08:25:06,764 [pool-578-thread-1] INFO  server.RaftServerConfigKeys (ConfUtils.java:logGet(43)) - raft.server.log.queue.element-limit = 1024 (custom)
2019-10-16 08:25:06,764 [pool-578-thread-1] INFO  server.RaftServerConfigKeys (ConfUtils.java:logGet(43)) - raft.server.log.segment.size.max = 1048576 (custom)
2019-10-16 08:25:06,764 [pool-578-thread-1] INFO  server.RaftServerConfigKeys (ConfUtils.java:logGet(43)) - raft.server.log.preallocated.size = 16384 (custom)
2019-10-16 08:25:06,764 [pool-578-thread-1] INFO  server.RaftServerConfigKeys (ConfUtils.java:logGet(43)) - raft.server.log.write.buffer.size = 33554432 (custom)
2019-10-16 08:25:06,764 [pool-578-thread-1] INFO  server.RaftServerConfigKeys (ConfUtils.java:logGet(43)) - raft.server.log.force.sync.num = 128 (default)
2019-10-16 08:25:06,764 [pool-578-thread-1] INFO  server.RaftServerConfigKeys (ConfUtils.java:logGet(43)) - raft.server.log.statemachine.data.sync = true (default)
2019-10-16 08:25:06,765 [pool-578-thread-1] INFO  server.RaftServerConfigKeys (ConfUtils.java:logGet(43)) - raft.server.log.statemachine.data.sync.timeout = 10s (default)
2019-10-16 08:25:06,765 [pool-578-thread-1] INFO  server.RaftServerConfigKeys (ConfUtils.java:logGet(43)) - raft.server.log.statemachine.data.sync.timeout.retry = -1 (default)
2019-10-16 08:25:06,765 [pool-578-thread-1] INFO  server.RaftServerConfigKeys (ConfUtils.java:logGet(43)) - raft.server.log.statemachine.data.caching.enabled = true (custom)
2019-10-16 08:25:06,765 [pool-578-thread-1] INFO  segmented.SegmentedRaftLogWorker (SegmentedRaftLogWorker.java:lambda$new$0(128)) - 8c4d487c-e6f5-452c-b4b2-b96be2f99aed@group-5FA460067C75-SegmentedRaftLogWorker: flushIndex: setUnconditionally 0 -> -1
2019-10-16 08:25:06,766 [pool-578-thread-1] INFO  server.RaftServerConfigKeys (ConfUtils.java:logGet(43)) - raft.server.snapshot.auto.trigger.enabled = true (custom)
2019-10-16 08:25:06,766 [pool-578-thread-1] INFO  server.RaftServerConfigKeys (ConfUtils.java:logGet(43)) - raft.server.snapshot.auto.trigger.threshold = 10000 (custom)
2019-10-16 08:25:06,766 [pool-578-thread-1] INFO  server.RaftServerConfigKeys (ConfUtils.java:logGet(43)) - raft.server.snapshot.retention.file.num = 5 (custom)
2019-10-16 08:25:06,766 [pool-578-thread-1] INFO  server.RaftServerConfigKeys (ConfUtils.java:logGet(43)) - raft.server.retrycache.expirytime = 600000ms (custom)
2019-10-16 08:25:06,769 [pool-578-thread-1] INFO  impl.RaftServerImpl (RaftServerImpl.java:start(195)) - 8c4d487c-e6f5-452c-b4b2-b96be2f99aed@group-5FA460067C75: start as a follower, conf=-1: [8c4d487c-e6f5-452c-b4b2-b96be2f99aed:192.168.34.43:39249], old=null
2019-10-16 08:25:06,770 [pool-578-thread-1] INFO  impl.RaftServerImpl (RaftServerImpl.java:setRole(184)) - 8c4d487c-e6f5-452c-b4b2-b96be2f99aed@group-5FA460067C75: changes role from      null to FOLLOWER at term 0 for startAsFollower
2019-10-16 08:25:06,770 [pool-578-thread-1] INFO  impl.RoleInfo (RoleInfo.java:updateAndGet(143)) - 8c4d487c-e6f5-452c-b4b2-b96be2f99aed: start FollowerState
2019-10-16 08:25:06,770 [pool-578-thread-1] INFO  util.JmxRegister (JmxRegister.java:tryRegister(44)) - Successfully registered JMX Bean with object name Ratis:service=RaftServer,group=group-5FA460067C75,id=8c4d487c-e6f5-452c-b4b2-b96be2f99aed
2019-10-16 08:25:06,777 [RatisPipelineUtilsThread] INFO  pipeline.PipelineStateManager (PipelineStateManager.java:addPipeline(56)) - Created pipeline Pipeline[ Id: 533dd641-aa93-4fdc-a076-5fa460067c75, Nodes: 8c4d487c-e6f5-452c-b4b2-b96be2f99aed{ip: 192.168.34.43, host: pr-hdds-1737-dstl4-2900247166, networkLocation: /default-rack, certSerialId: null}, Type:RATIS, Factor:ONE, State:OPEN]
2019-10-16 08:25:06,794 [IPC Server handler 2 on 33958] INFO  net.NetworkTopology (NetworkTopologyImpl.java:add(111)) - Added a new node: /default-rack/262a5e43-a9eb-478a-bee2-934ebfcf7653
2019-10-16 08:25:06,795 [IPC Server handler 2 on 33958] INFO  node.SCMNodeManager (SCMNodeManager.java:register(268)) - Registered Data node : 262a5e43-a9eb-478a-bee2-934ebfcf7653{ip: 192.168.34.43, host: pr-hdds-1737-dstl4-2900247166, networkLocation: /default-rack, certSerialId: null}
2019-10-16 08:25:06,803 [grpc-default-executor-0] INFO  impl.RaftServerProxy (RaftServerProxy.java:addNew(89)) - 262a5e43-a9eb-478a-bee2-934ebfcf7653: addNew group-B24BBA48FCDF:[262a5e43-a9eb-478a-bee2-934ebfcf7653:192.168.34.43:35333] returns group-B24BBA48FCDF:java.util.concurrent.CompletableFuture@73c86246[Not completed]
2019-10-16 08:25:06,805 [pool-588-thread-1] INFO  impl.RaftServerImpl (RaftServerImpl.java:<init>(104)) - 262a5e43-a9eb-478a-bee2-934ebfcf7653: new RaftServerImpl for group-B24BBA48FCDF:[262a5e43-a9eb-478a-bee2-934ebfcf7653:192.168.34.43:35333] with ContainerStateMachine:uninitialized
2019-10-16 08:25:06,805 [pool-588-thread-1] INFO  server.RaftServerConfigKeys (ConfUtils.java:logGet(43)) - raft.server.rpc.timeout.min = 5s (custom)
2019-10-16 08:25:06,805 [pool-588-thread-1] INFO  server.RaftServerConfigKeys (ConfUtils.java:logGet(43)) - raft.server.rpc.timeout.max = 5200ms (custom)
2019-10-16 08:25:06,805 [pool-588-thread-1] INFO  server.RaftServerConfigKeys (ConfUtils.java:logGet(43)) - raft.server.rpcslowness.timeout = 120s (custom)
2019-10-16 08:25:06,805 [pool-588-thread-1] INFO  server.RaftServerConfigKeys (ConfUtils.java:logGet(43)) - raft.server.sleep.deviation.threshold = 300 (default)
2019-10-16 08:25:06,806 [pool-588-thread-1] INFO  server.RaftServerConfigKeys (ConfUtils.java:logGet(43)) - raft.server.log.appender.install.snapshot.enabled = false (custom)
2019-10-16 08:25:06,806 [pool-588-thread-1] INFO  impl.RaftServerImpl (ServerState.java:<init>(103)) - 262a5e43-a9eb-478a-bee2-934ebfcf7653@group-B24BBA48FCDF: ConfigurationManager, init=-1: [262a5e43-a9eb-478a-bee2-934ebfcf7653:192.168.34.43:35333], old=null, confs=<EMPTY_MAP>
2019-10-16 08:25:06,806 [pool-588-thread-1] INFO  server.RaftServerConfigKeys (ConfUtils.java:logGet(43)) - raft.server.storage.dir = [/workdir/hadoop-ozone/ozonefs/target/test-dir/MiniOzoneClusterImpl-9e3982d0-79a0-40b9-93be-d86ee4913ee6/datanode-1/data/ratis] (custom)
2019-10-16 08:25:06,806 [pool-588-thread-1] INFO  server.RaftServerConfigKeys (ConfUtils.java:logGet(43)) - raft.server.log.corruption.policy = EXCEPTION (default)
2019-10-16 08:25:06,806 [pool-588-thread-1] INFO  storage.RaftStorageDirectory (RaftStorageDirectory.java:analyzeStorage(246)) - The storage directory /workdir/hadoop-ozone/ozonefs/target/test-dir/MiniOzoneClusterImpl-9e3982d0-79a0-40b9-93be-d86ee4913ee6/datanode-1/data/ratis/7a39d5ac-421c-4a71-8bf9-b24bba48fcdf does not exist. Creating ...
2019-10-16 08:25:06,809 [pool-588-thread-1] INFO  storage.RaftStorageDirectory (RaftStorageDirectory.java:tryLock(328)) - Lock on /workdir/hadoop-ozone/ozonefs/target/test-dir/MiniOzoneClusterImpl-9e3982d0-79a0-40b9-93be-d86ee4913ee6/datanode-1/data/ratis/7a39d5ac-421c-4a71-8bf9-b24bba48fcdf/in_use.lock acquired by nodename 21295@pr-hdds-1737-dstl4-2900247166
2019-10-16 08:25:06,813 [pool-588-thread-1] INFO  storage.RaftStorage (RaftStorage.java:format(84)) - Storage directory /workdir/hadoop-ozone/ozonefs/target/test-dir/MiniOzoneClusterImpl-9e3982d0-79a0-40b9-93be-d86ee4913ee6/datanode-1/data/ratis/7a39d5ac-421c-4a71-8bf9-b24bba48fcdf has been successfully formatted.
2019-10-16 08:25:06,813 [pool-588-thread-1] INFO  ratis.ContainerStateMachine (ContainerStateMachine.java:loadSnapshot(231)) - group-B24BBA48FCDF: The snapshot info is null. Setting the last applied indexto:(t:0, i:~)
2019-10-16 08:25:06,813 [pool-588-thread-1] INFO  server.RaftServerConfigKeys (ConfUtils.java:logGet(43)) - raft.server.notification.no-leader.timeout = 120s (custom)
2019-10-16 08:25:06,814 [pool-588-thread-1] INFO  server.RaftServerConfigKeys (ConfUtils.java:logGet(43)) - raft.server.log.use.memory = false (default)
2019-10-16 08:25:06,814 [pool-588-thread-1] INFO  server.RaftServerConfigKeys (ConfUtils.java:logGet(43)) - raft.server.log.purge.gap = 1000000 (custom)
2019-10-16 08:25:06,814 [pool-588-thread-1] INFO  server.RaftServerConfigKeys (ConfUtils.java:logGet(43)) - raft.server.log.appender.buffer.byte-limit = 33554432 (custom)
2019-10-16 08:25:06,814 [pool-588-thread-1] INFO  server.RaftServerConfigKeys (ConfUtils.java:logGet(43)) - raft.server.log.segment.size.max = 1048576 (custom)
2019-10-16 08:25:06,816 [pool-588-thread-1] INFO  server.RaftServerConfigKeys (ConfUtils.java:logGet(43)) - raft.server.log.segment.cache.num.max = 2 (custom)
2019-10-16 08:25:06,816 [pool-588-thread-1] INFO  segmented.SegmentedRaftLogWorker (SegmentedRaftLogWorker.java:<init>(173)) - new 262a5e43-a9eb-478a-bee2-934ebfcf7653@group-B24BBA48FCDF-SegmentedRaftLogWorker for RaftStorage:Storage Directory /workdir/hadoop-ozone/ozonefs/target/test-dir/MiniOzoneClusterImpl-9e3982d0-79a0-40b9-93be-d86ee4913ee6/datanode-1/data/ratis/7a39d5ac-421c-4a71-8bf9-b24bba48fcdf
2019-10-16 08:25:06,816 [pool-588-thread-1] INFO  server.RaftServerConfigKeys (ConfUtils.java:logGet(43)) - raft.server.log.queue.byte-limit = 2147483647 (custom)
2019-10-16 08:25:06,816 [pool-588-thread-1] INFO  server.RaftServerConfigKeys (ConfUtils.java:logGet(43)) - raft.server.log.queue.element-limit = 1024 (custom)
2019-10-16 08:25:06,816 [pool-588-thread-1] INFO  server.RaftServerConfigKeys (ConfUtils.java:logGet(43)) - raft.server.log.segment.size.max = 1048576 (custom)
2019-10-16 08:25:06,816 [pool-588-thread-1] INFO  server.RaftServerConfigKeys (ConfUtils.java:logGet(43)) - raft.server.log.preallocated.size = 16384 (custom)
2019-10-16 08:25:06,816 [pool-588-thread-1] INFO  server.RaftServerConfigKeys (ConfUtils.java:logGet(43)) - raft.server.log.write.buffer.size = 33554432 (custom)
2019-10-16 08:25:06,817 [pool-588-thread-1] INFO  server.RaftServerConfigKeys (ConfUtils.java:logGet(43)) - raft.server.log.force.sync.num = 128 (default)
2019-10-16 08:25:06,817 [pool-588-thread-1] INFO  server.RaftServerConfigKeys (ConfUtils.java:logGet(43)) - raft.server.log.statemachine.data.sync = true (default)
2019-10-16 08:25:06,817 [pool-588-thread-1] INFO  server.RaftServerConfigKeys (ConfUtils.java:logGet(43)) - raft.server.log.statemachine.data.sync.timeout = 10s (default)
2019-10-16 08:25:06,817 [pool-588-thread-1] INFO  server.RaftServerConfigKeys (ConfUtils.java:logGet(43)) - raft.server.log.statemachine.data.sync.timeout.retry = -1 (default)
2019-10-16 08:25:06,817 [pool-588-thread-1] INFO  server.RaftServerConfigKeys (ConfUtils.java:logGet(43)) - raft.server.log.statemachine.data.caching.enabled = true (custom)
2019-10-16 08:25:06,818 [pool-588-thread-1] INFO  segmented.SegmentedRaftLogWorker (SegmentedRaftLogWorker.java:lambda$new$0(128)) - 262a5e43-a9eb-478a-bee2-934ebfcf7653@group-B24BBA48FCDF-SegmentedRaftLogWorker: flushIndex: setUnconditionally 0 -> -1
2019-10-16 08:25:06,818 [pool-588-thread-1] INFO  server.RaftServerConfigKeys (ConfUtils.java:logGet(43)) - raft.server.snapshot.auto.trigger.enabled = true (custom)
2019-10-16 08:25:06,818 [pool-588-thread-1] INFO  server.RaftServerConfigKeys (ConfUtils.java:logGet(43)) - raft.server.snapshot.auto.trigger.threshold = 10000 (custom)
2019-10-16 08:25:06,818 [pool-588-thread-1] INFO  server.RaftServerConfigKeys (ConfUtils.java:logGet(43)) - raft.server.snapshot.retention.file.num = 5 (custom)
2019-10-16 08:25:06,818 [pool-588-thread-1] INFO  server.RaftServerConfigKeys (ConfUtils.java:logGet(43)) - raft.server.retrycache.expirytime = 600000ms (custom)
2019-10-16 08:25:06,821 [pool-588-thread-1] INFO  impl.RaftServerImpl (RaftServerImpl.java:start(195)) - 262a5e43-a9eb-478a-bee2-934ebfcf7653@group-B24BBA48FCDF: start as a follower, conf=-1: [262a5e43-a9eb-478a-bee2-934ebfcf7653:192.168.34.43:35333], old=null
2019-10-16 08:25:06,821 [pool-588-thread-1] INFO  impl.RaftServerImpl (RaftServerImpl.java:setRole(184)) - 262a5e43-a9eb-478a-bee2-934ebfcf7653@group-B24BBA48FCDF: changes role from      null to FOLLOWER at term 0 for startAsFollower
2019-10-16 08:25:06,822 [pool-588-thread-1] INFO  impl.RoleInfo (RoleInfo.java:updateAndGet(143)) - 262a5e43-a9eb-478a-bee2-934ebfcf7653: start FollowerState
2019-10-16 08:25:06,822 [pool-588-thread-1] INFO  util.JmxRegister (JmxRegister.java:tryRegister(44)) - Successfully registered JMX Bean with object name Ratis:service=RaftServer,group=group-B24BBA48FCDF,id=262a5e43-a9eb-478a-bee2-934ebfcf7653
2019-10-16 08:25:06,834 [RatisPipelineUtilsThread] INFO  pipeline.PipelineStateManager (PipelineStateManager.java:addPipeline(56)) - Created pipeline Pipeline[ Id: 7a39d5ac-421c-4a71-8bf9-b24bba48fcdf, Nodes: 262a5e43-a9eb-478a-bee2-934ebfcf7653{ip: 192.168.34.43, host: pr-hdds-1737-dstl4-2900247166, networkLocation: /default-rack, certSerialId: null}, Type:RATIS, Factor:ONE, State:OPEN]
2019-10-16 08:25:06,876 [main] INFO  ozone.MiniOzoneClusterImpl (MiniOzoneClusterImpl.java:lambda$waitForClusterToBeReady$0(147)) - Waiting for cluster to be ready. Got 2 of 3 DN Heartbeats.
2019-10-16 08:25:06,879 [IPC Server handler 1 on 33958] INFO  net.NetworkTopology (NetworkTopologyImpl.java:add(111)) - Added a new node: /default-rack/a30ad412-36c1-4f85-b105-78cea4061886
2019-10-16 08:25:06,879 [IPC Server handler 1 on 33958] INFO  node.SCMNodeManager (SCMNodeManager.java:register(268)) - Registered Data node : a30ad412-36c1-4f85-b105-78cea4061886{ip: 192.168.34.43, host: pr-hdds-1737-dstl4-2900247166, networkLocation: /default-rack, certSerialId: null}
2019-10-16 08:25:06,890 [grpc-default-executor-0] INFO  impl.RaftServerProxy (RaftServerProxy.java:addNew(89)) - a30ad412-36c1-4f85-b105-78cea4061886: addNew group-BF4AE0439C06:[a30ad412-36c1-4f85-b105-78cea4061886:192.168.34.43:44567] returns group-BF4AE0439C06:java.util.concurrent.CompletableFuture@58a6497a[Not completed]
2019-10-16 08:25:06,892 [pool-598-thread-1] INFO  impl.RaftServerImpl (RaftServerImpl.java:<init>(104)) - a30ad412-36c1-4f85-b105-78cea4061886: new RaftServerImpl for group-BF4AE0439C06:[a30ad412-36c1-4f85-b105-78cea4061886:192.168.34.43:44567] with ContainerStateMachine:uninitialized
2019-10-16 08:25:06,892 [pool-598-thread-1] INFO  server.RaftServerConfigKeys (ConfUtils.java:logGet(43)) - raft.server.rpc.timeout.min = 5s (custom)
2019-10-16 08:25:06,892 [pool-598-thread-1] INFO  server.RaftServerConfigKeys (ConfUtils.java:logGet(43)) - raft.server.rpc.timeout.max = 5200ms (custom)
2019-10-16 08:25:06,892 [pool-598-thread-1] INFO  server.RaftServerConfigKeys (ConfUtils.java:logGet(43)) - raft.server.rpcslowness.timeout = 120s (custom)
2019-10-16 08:25:06,892 [pool-598-thread-1] INFO  server.RaftServerConfigKeys (ConfUtils.java:logGet(43)) - raft.server.sleep.deviation.threshold = 300 (default)
2019-10-16 08:25:06,892 [pool-598-thread-1] INFO  server.RaftServerConfigKeys (ConfUtils.java:logGet(43)) - raft.server.log.appender.install.snapshot.enabled = false (custom)
2019-10-16 08:25:06,893 [pool-598-thread-1] INFO  impl.RaftServerImpl (ServerState.java:<init>(103)) - a30ad412-36c1-4f85-b105-78cea4061886@group-BF4AE0439C06: ConfigurationManager, init=-1: [a30ad412-36c1-4f85-b105-78cea4061886:192.168.34.43:44567], old=null, confs=<EMPTY_MAP>
2019-10-16 08:25:06,893 [pool-598-thread-1] INFO  server.RaftServerConfigKeys (ConfUtils.java:logGet(43)) - raft.server.storage.dir = [/workdir/hadoop-ozone/ozonefs/target/test-dir/MiniOzoneClusterImpl-9e3982d0-79a0-40b9-93be-d86ee4913ee6/datanode-2/data/ratis] (custom)
2019-10-16 08:25:06,893 [pool-598-thread-1] INFO  server.RaftServerConfigKeys (ConfUtils.java:logGet(43)) - raft.server.log.corruption.policy = EXCEPTION (default)
2019-10-16 08:25:06,893 [pool-598-thread-1] INFO  storage.RaftStorageDirectory (RaftStorageDirectory.java:analyzeStorage(246)) - The storage directory /workdir/hadoop-ozone/ozonefs/target/test-dir/MiniOzoneClusterImpl-9e3982d0-79a0-40b9-93be-d86ee4913ee6/datanode-2/data/ratis/94120803-5042-4bd8-a1f0-bf4ae0439c06 does not exist. Creating ...
2019-10-16 08:25:06,905 [pool-598-thread-1] INFO  storage.RaftStorageDirectory (RaftStorageDirectory.java:tryLock(328)) - Lock on /workdir/hadoop-ozone/ozonefs/target/test-dir/MiniOzoneClusterImpl-9e3982d0-79a0-40b9-93be-d86ee4913ee6/datanode-2/data/ratis/94120803-5042-4bd8-a1f0-bf4ae0439c06/in_use.lock acquired by nodename 21295@pr-hdds-1737-dstl4-2900247166
2019-10-16 08:25:06,909 [pool-598-thread-1] INFO  storage.RaftStorage (RaftStorage.java:format(84)) - Storage directory /workdir/hadoop-ozone/ozonefs/target/test-dir/MiniOzoneClusterImpl-9e3982d0-79a0-40b9-93be-d86ee4913ee6/datanode-2/data/ratis/94120803-5042-4bd8-a1f0-bf4ae0439c06 has been successfully formatted.
2019-10-16 08:25:06,909 [pool-598-thread-1] INFO  ratis.ContainerStateMachine (ContainerStateMachine.java:loadSnapshot(231)) - group-BF4AE0439C06: The snapshot info is null. Setting the last applied indexto:(t:0, i:~)
2019-10-16 08:25:06,909 [pool-598-thread-1] INFO  server.RaftServerConfigKeys (ConfUtils.java:logGet(43)) - raft.server.notification.no-leader.timeout = 120s (custom)
2019-10-16 08:25:06,910 [pool-598-thread-1] INFO  server.RaftServerConfigKeys (ConfUtils.java:logGet(43)) - raft.server.log.use.memory = false (default)
2019-10-16 08:25:06,910 [pool-598-thread-1] INFO  server.RaftServerConfigKeys (ConfUtils.java:logGet(43)) - raft.server.log.purge.gap = 1000000 (custom)
2019-10-16 08:25:06,910 [pool-598-thread-1] INFO  server.RaftServerConfigKeys (ConfUtils.java:logGet(43)) - raft.server.log.appender.buffer.byte-limit = 33554432 (custom)
2019-10-16 08:25:06,910 [pool-598-thread-1] INFO  server.RaftServerConfigKeys (ConfUtils.java:logGet(43)) - raft.server.log.segment.size.max = 1048576 (custom)
2019-10-16 08:25:06,912 [pool-598-thread-1] INFO  server.RaftServerConfigKeys (ConfUtils.java:logGet(43)) - raft.server.log.segment.cache.num.max = 2 (custom)
2019-10-16 08:25:06,912 [pool-598-thread-1] INFO  segmented.SegmentedRaftLogWorker (SegmentedRaftLogWorker.java:<init>(173)) - new a30ad412-36c1-4f85-b105-78cea4061886@group-BF4AE0439C06-SegmentedRaftLogWorker for RaftStorage:Storage Directory /workdir/hadoop-ozone/ozonefs/target/test-dir/MiniOzoneClusterImpl-9e3982d0-79a0-40b9-93be-d86ee4913ee6/datanode-2/data/ratis/94120803-5042-4bd8-a1f0-bf4ae0439c06
2019-10-16 08:25:06,912 [pool-598-thread-1] INFO  server.RaftServerConfigKeys (ConfUtils.java:logGet(43)) - raft.server.log.queue.byte-limit = 2147483647 (custom)
2019-10-16 08:25:06,912 [pool-598-thread-1] INFO  server.RaftServerConfigKeys (ConfUtils.java:logGet(43)) - raft.server.log.queue.element-limit = 1024 (custom)
2019-10-16 08:25:06,913 [pool-598-thread-1] INFO  server.RaftServerConfigKeys (ConfUtils.java:logGet(43)) - raft.server.log.segment.size.max = 1048576 (custom)
2019-10-16 08:25:06,913 [pool-598-thread-1] INFO  server.RaftServerConfigKeys (ConfUtils.java:logGet(43)) - raft.server.log.preallocated.size = 16384 (custom)
2019-10-16 08:25:06,913 [pool-598-thread-1] INFO  server.RaftServerConfigKeys (ConfUtils.java:logGet(43)) - raft.server.log.write.buffer.size = 33554432 (custom)
2019-10-16 08:25:06,913 [pool-598-thread-1] INFO  server.RaftServerConfigKeys (ConfUtils.java:logGet(43)) - raft.server.log.force.sync.num = 128 (default)
2019-10-16 08:25:06,913 [pool-598-thread-1] INFO  server.RaftServerConfigKeys (ConfUtils.java:logGet(43)) - raft.server.log.statemachine.data.sync = true (default)
2019-10-16 08:25:06,913 [pool-598-thread-1] INFO  server.RaftServerConfigKeys (ConfUtils.java:logGet(43)) - raft.server.log.statemachine.data.sync.timeout = 10s (default)
2019-10-16 08:25:06,914 [pool-598-thread-1] INFO  server.RaftServerConfigKeys (ConfUtils.java:logGet(43)) - raft.server.log.statemachine.data.sync.timeout.retry = -1 (default)
2019-10-16 08:25:06,914 [pool-598-thread-1] INFO  server.RaftServerConfigKeys (ConfUtils.java:logGet(43)) - raft.server.log.statemachine.data.caching.enabled = true (custom)
2019-10-16 08:25:06,914 [pool-598-thread-1] INFO  segmented.SegmentedRaftLogWorker (SegmentedRaftLogWorker.java:lambda$new$0(128)) - a30ad412-36c1-4f85-b105-78cea4061886@group-BF4AE0439C06-SegmentedRaftLogWorker: flushIndex: setUnconditionally 0 -> -1
2019-10-16 08:25:06,915 [pool-598-thread-1] INFO  server.RaftServerConfigKeys (ConfUtils.java:logGet(43)) - raft.server.snapshot.auto.trigger.enabled = true (custom)
2019-10-16 08:25:06,915 [pool-598-thread-1] INFO  server.RaftServerConfigKeys (ConfUtils.java:logGet(43)) - raft.server.snapshot.auto.trigger.threshold = 10000 (custom)
2019-10-16 08:25:06,915 [pool-598-thread-1] INFO  server.RaftServerConfigKeys (ConfUtils.java:logGet(43)) - raft.server.snapshot.retention.file.num = 5 (custom)
2019-10-16 08:25:06,915 [pool-598-thread-1] INFO  server.RaftServerConfigKeys (ConfUtils.java:logGet(43)) - raft.server.retrycache.expirytime = 600000ms (custom)
2019-10-16 08:25:06,918 [pool-598-thread-1] INFO  impl.RaftServerImpl (RaftServerImpl.java:start(195)) - a30ad412-36c1-4f85-b105-78cea4061886@group-BF4AE0439C06: start as a follower, conf=-1: [a30ad412-36c1-4f85-b105-78cea4061886:192.168.34.43:44567], old=null
2019-10-16 08:25:06,919 [pool-598-thread-1] INFO  impl.RaftServerImpl (RaftServerImpl.java:setRole(184)) - a30ad412-36c1-4f85-b105-78cea4061886@group-BF4AE0439C06: changes role from      null to FOLLOWER at term 0 for startAsFollower
2019-10-16 08:25:06,919 [pool-598-thread-1] INFO  impl.RoleInfo (RoleInfo.java:updateAndGet(143)) - a30ad412-36c1-4f85-b105-78cea4061886: start FollowerState
2019-10-16 08:25:06,919 [pool-598-thread-1] INFO  util.JmxRegister (JmxRegister.java:tryRegister(44)) - Successfully registered JMX Bean with object name Ratis:service=RaftServer,group=group-BF4AE0439C06,id=a30ad412-36c1-4f85-b105-78cea4061886
2019-10-16 08:25:06,925 [RatisPipelineUtilsThread] INFO  pipeline.PipelineStateManager (PipelineStateManager.java:addPipeline(56)) - Created pipeline Pipeline[ Id: 94120803-5042-4bd8-a1f0-bf4ae0439c06, Nodes: a30ad412-36c1-4f85-b105-78cea4061886{ip: 192.168.34.43, host: pr-hdds-1737-dstl4-2900247166, networkLocation: /default-rack, certSerialId: null}, Type:RATIS, Factor:ONE, State:OPEN]
2019-10-16 08:25:06,941 [grpc-default-executor-2] INFO  impl.RaftServerProxy (RaftServerProxy.java:addNew(89)) - a30ad412-36c1-4f85-b105-78cea4061886: addNew group-5CE4E47FC8B7:[262a5e43-a9eb-478a-bee2-934ebfcf7653:192.168.34.43:35333, a30ad412-36c1-4f85-b105-78cea4061886:192.168.34.43:44567, 8c4d487c-e6f5-452c-b4b2-b96be2f99aed:192.168.34.43:39249] returns group-5CE4E47FC8B7:java.util.concurrent.CompletableFuture@646b0f98[Not completed]
2019-10-16 08:25:06,942 [grpc-default-executor-1] INFO  impl.RaftServerProxy (RaftServerProxy.java:addNew(89)) - 262a5e43-a9eb-478a-bee2-934ebfcf7653: addNew group-5CE4E47FC8B7:[262a5e43-a9eb-478a-bee2-934ebfcf7653:192.168.34.43:35333, a30ad412-36c1-4f85-b105-78cea4061886:192.168.34.43:44567, 8c4d487c-e6f5-452c-b4b2-b96be2f99aed:192.168.34.43:39249] returns group-5CE4E47FC8B7:java.util.concurrent.CompletableFuture@1f7b9e9c[Not completed]
2019-10-16 08:25:06,942 [Thread-3050] INFO  impl.FollowerState (FollowerState.java:run(108)) - 262a5e43-a9eb-478a-bee2-934ebfcf7653@group-B24BBA48FCDF-FollowerState: change to CANDIDATE, lastRpcTime:120ms, electionTimeout:120ms
2019-10-16 08:25:06,942 [grpc-default-executor-2] INFO  impl.RaftServerProxy (RaftServerProxy.java:addNew(89)) - 8c4d487c-e6f5-452c-b4b2-b96be2f99aed: addNew group-5CE4E47FC8B7:[262a5e43-a9eb-478a-bee2-934ebfcf7653:192.168.34.43:35333, a30ad412-36c1-4f85-b105-78cea4061886:192.168.34.43:44567, 8c4d487c-e6f5-452c-b4b2-b96be2f99aed:192.168.34.43:39249] returns group-5CE4E47FC8B7:java.util.concurrent.CompletableFuture@21699d71[Not completed]
2019-10-16 08:25:06,942 [Thread-3050] INFO  impl.RoleInfo (RoleInfo.java:shutdownFollowerState(121)) - 262a5e43-a9eb-478a-bee2-934ebfcf7653: shutdown FollowerState
2019-10-16 08:25:06,942 [Thread-3050] INFO  impl.RaftServerImpl (RaftServerImpl.java:setRole(184)) - 262a5e43-a9eb-478a-bee2-934ebfcf7653@group-B24BBA48FCDF: changes role from  FOLLOWER to CANDIDATE at term 0 for changeToCandidate
2019-10-16 08:25:06,943 [pool-598-thread-1] INFO  impl.RaftServerImpl (RaftServerImpl.java:<init>(104)) - a30ad412-36c1-4f85-b105-78cea4061886: new RaftServerImpl for group-5CE4E47FC8B7:[262a5e43-a9eb-478a-bee2-934ebfcf7653:192.168.34.43:35333, a30ad412-36c1-4f85-b105-78cea4061886:192.168.34.43:44567, 8c4d487c-e6f5-452c-b4b2-b96be2f99aed:192.168.34.43:39249] with ContainerStateMachine:uninitialized
2019-10-16 08:25:06,943 [Thread-3050] INFO  impl.RoleInfo (RoleInfo.java:updateAndGet(143)) - 262a5e43-a9eb-478a-bee2-934ebfcf7653: start LeaderElection
2019-10-16 08:25:06,943 [pool-598-thread-1] INFO  server.RaftServerConfigKeys (ConfUtils.java:logGet(43)) - raft.server.rpc.timeout.min = 5s (custom)
2019-10-16 08:25:06,943 [pool-598-thread-1] INFO  server.RaftServerConfigKeys (ConfUtils.java:logGet(43)) - raft.server.rpc.timeout.max = 5200ms (custom)
2019-10-16 08:25:06,943 [pool-598-thread-1] INFO  server.RaftServerConfigKeys (ConfUtils.java:logGet(43)) - raft.server.rpcslowness.timeout = 120s (custom)
2019-10-16 08:25:06,943 [pool-598-thread-1] INFO  server.RaftServerConfigKeys (ConfUtils.java:logGet(43)) - raft.server.sleep.deviation.threshold = 300 (default)
2019-10-16 08:25:06,946 [pool-588-thread-1] INFO  impl.RaftServerImpl (RaftServerImpl.java:<init>(104)) - 262a5e43-a9eb-478a-bee2-934ebfcf7653: new RaftServerImpl for group-5CE4E47FC8B7:[262a5e43-a9eb-478a-bee2-934ebfcf7653:192.168.34.43:35333, a30ad412-36c1-4f85-b105-78cea4061886:192.168.34.43:44567, 8c4d487c-e6f5-452c-b4b2-b96be2f99aed:192.168.34.43:39249] with ContainerStateMachine:uninitialized
2019-10-16 08:25:06,946 [pool-598-thread-1] INFO  server.RaftServerConfigKeys (ConfUtils.java:logGet(43)) - raft.server.log.appender.install.snapshot.enabled = false (custom)
2019-10-16 08:25:06,946 [pool-588-thread-1] INFO  server.RaftServerConfigKeys (ConfUtils.java:logGet(43)) - raft.server.rpc.timeout.min = 5s (custom)
2019-10-16 08:25:06,946 [pool-598-thread-1] INFO  impl.RaftServerImpl (ServerState.java:<init>(103)) - a30ad412-36c1-4f85-b105-78cea4061886@group-5CE4E47FC8B7: ConfigurationManager, init=-1: [262a5e43-a9eb-478a-bee2-934ebfcf7653:192.168.34.43:35333, a30ad412-36c1-4f85-b105-78cea4061886:192.168.34.43:44567, 8c4d487c-e6f5-452c-b4b2-b96be2f99aed:192.168.34.43:39249], old=null, confs=<EMPTY_MAP>
2019-10-16 08:25:06,946 [pool-588-thread-1] INFO  server.RaftServerConfigKeys (ConfUtils.java:logGet(43)) - raft.server.rpc.timeout.max = 5200ms (custom)
2019-10-16 08:25:06,946 [pool-598-thread-1] INFO  server.RaftServerConfigKeys (ConfUtils.java:logGet(43)) - raft.server.storage.dir = [/workdir/hadoop-ozone/ozonefs/target/test-dir/MiniOzoneClusterImpl-9e3982d0-79a0-40b9-93be-d86ee4913ee6/datanode-2/data/ratis] (custom)
2019-10-16 08:25:06,947 [pool-588-thread-1] INFO  server.RaftServerConfigKeys (ConfUtils.java:logGet(43)) - raft.server.rpcslowness.timeout = 120s (custom)
2019-10-16 08:25:06,947 [pool-578-thread-1] INFO  impl.RaftServerImpl (RaftServerImpl.java:<init>(104)) - 8c4d487c-e6f5-452c-b4b2-b96be2f99aed: new RaftServerImpl for group-5CE4E47FC8B7:[262a5e43-a9eb-478a-bee2-934ebfcf7653:192.168.34.43:35333, a30ad412-36c1-4f85-b105-78cea4061886:192.168.34.43:44567, 8c4d487c-e6f5-452c-b4b2-b96be2f99aed:192.168.34.43:39249] with ContainerStateMachine:uninitialized
2019-10-16 08:25:06,947 [pool-598-thread-1] INFO  server.RaftServerConfigKeys (ConfUtils.java:logGet(43)) - raft.server.log.corruption.policy = EXCEPTION (default)
2019-10-16 08:25:06,947 [pool-588-thread-1] INFO  server.RaftServerConfigKeys (ConfUtils.java:logGet(43)) - raft.server.sleep.deviation.threshold = 300 (default)
2019-10-16 08:25:06,947 [pool-578-thread-1] INFO  server.RaftServerConfigKeys (ConfUtils.java:logGet(43)) - raft.server.rpc.timeout.min = 5s (custom)
2019-10-16 08:25:06,947 [pool-588-thread-1] INFO  server.RaftServerConfigKeys (ConfUtils.java:logGet(43)) - raft.server.log.appender.install.snapshot.enabled = false (custom)
2019-10-16 08:25:06,947 [pool-598-thread-1] INFO  storage.RaftStorageDirectory (RaftStorageDirectory.java:analyzeStorage(246)) - The storage directory /workdir/hadoop-ozone/ozonefs/target/test-dir/MiniOzoneClusterImpl-9e3982d0-79a0-40b9-93be-d86ee4913ee6/datanode-2/data/ratis/e9d16af5-1f5b-4ee7-b244-5ce4e47fc8b7 does not exist. Creating ...
2019-10-16 08:25:06,948 [pool-588-thread-1] INFO  impl.RaftServerImpl (ServerState.java:<init>(103)) - 262a5e43-a9eb-478a-bee2-934ebfcf7653@group-5CE4E47FC8B7: ConfigurationManager, init=-1: [262a5e43-a9eb-478a-bee2-934ebfcf7653:192.168.34.43:35333, a30ad412-36c1-4f85-b105-78cea4061886:192.168.34.43:44567, 8c4d487c-e6f5-452c-b4b2-b96be2f99aed:192.168.34.43:39249], old=null, confs=<EMPTY_MAP>
2019-10-16 08:25:06,947 [pool-578-thread-1] INFO  server.RaftServerConfigKeys (ConfUtils.java:logGet(43)) - raft.server.rpc.timeout.max = 5200ms (custom)
2019-10-16 08:25:06,948 [pool-588-thread-1] INFO  server.RaftServerConfigKeys (ConfUtils.java:logGet(43)) - raft.server.storage.dir = [/workdir/hadoop-ozone/ozonefs/target/test-dir/MiniOzoneClusterImpl-9e3982d0-79a0-40b9-93be-d86ee4913ee6/datanode-1/data/ratis] (custom)
2019-10-16 08:25:06,948 [pool-578-thread-1] INFO  server.RaftServerConfigKeys (ConfUtils.java:logGet(43)) - raft.server.rpcslowness.timeout = 120s (custom)
2019-10-16 08:25:06,948 [pool-578-thread-1] INFO  server.RaftServerConfigKeys (ConfUtils.java:logGet(43)) - raft.server.sleep.deviation.threshold = 300 (default)
2019-10-16 08:25:06,948 [pool-588-thread-1] INFO  server.RaftServerConfigKeys (ConfUtils.java:logGet(43)) - raft.server.log.corruption.policy = EXCEPTION (default)
2019-10-16 08:25:06,948 [pool-578-thread-1] INFO  server.RaftServerConfigKeys (ConfUtils.java:logGet(43)) - raft.server.log.appender.install.snapshot.enabled = false (custom)
2019-10-16 08:25:06,949 [pool-588-thread-1] INFO  storage.RaftStorageDirectory (RaftStorageDirectory.java:analyzeStorage(246)) - The storage directory /workdir/hadoop-ozone/ozonefs/target/test-dir/MiniOzoneClusterImpl-9e3982d0-79a0-40b9-93be-d86ee4913ee6/datanode-1/data/ratis/e9d16af5-1f5b-4ee7-b244-5ce4e47fc8b7 does not exist. Creating ...
2019-10-16 08:25:06,949 [pool-578-thread-1] INFO  impl.RaftServerImpl (ServerState.java:<init>(103)) - 8c4d487c-e6f5-452c-b4b2-b96be2f99aed@group-5CE4E47FC8B7: ConfigurationManager, init=-1: [262a5e43-a9eb-478a-bee2-934ebfcf7653:192.168.34.43:35333, a30ad412-36c1-4f85-b105-78cea4061886:192.168.34.43:44567, 8c4d487c-e6f5-452c-b4b2-b96be2f99aed:192.168.34.43:39249], old=null, confs=<EMPTY_MAP>
2019-10-16 08:25:06,949 [pool-578-thread-1] INFO  server.RaftServerConfigKeys (ConfUtils.java:logGet(43)) - raft.server.storage.dir = [/workdir/hadoop-ozone/ozonefs/target/test-dir/MiniOzoneClusterImpl-9e3982d0-79a0-40b9-93be-d86ee4913ee6/datanode-0/data/ratis] (custom)
2019-10-16 08:25:06,949 [pool-578-thread-1] INFO  server.RaftServerConfigKeys (ConfUtils.java:logGet(43)) - raft.server.log.corruption.policy = EXCEPTION (default)
2019-10-16 08:25:06,949 [262a5e43-a9eb-478a-bee2-934ebfcf7653@group-B24BBA48FCDF-LeaderElection115] INFO  impl.LeaderElection (LeaderElection.java:askForVotes(178)) - 262a5e43-a9eb-478a-bee2-934ebfcf7653@group-B24BBA48FCDF-LeaderElection115: begin an election at term 1 for -1: [262a5e43-a9eb-478a-bee2-934ebfcf7653:192.168.34.43:35333], old=null
2019-10-16 08:25:06,949 [pool-578-thread-1] INFO  storage.RaftStorageDirectory (RaftStorageDirectory.java:analyzeStorage(246)) - The storage directory /workdir/hadoop-ozone/ozonefs/target/test-dir/MiniOzoneClusterImpl-9e3982d0-79a0-40b9-93be-d86ee4913ee6/datanode-0/data/ratis/e9d16af5-1f5b-4ee7-b244-5ce4e47fc8b7 does not exist. Creating ...
2019-10-16 08:25:06,949 [262a5e43-a9eb-478a-bee2-934ebfcf7653@group-B24BBA48FCDF-LeaderElection115] INFO  impl.RoleInfo (RoleInfo.java:shutdownLeaderElection(134)) - 262a5e43-a9eb-478a-bee2-934ebfcf7653: shutdown LeaderElection
2019-10-16 08:25:06,950 [262a5e43-a9eb-478a-bee2-934ebfcf7653@group-B24BBA48FCDF-LeaderElection115] INFO  impl.RaftServerImpl (RaftServerImpl.java:setRole(184)) - 262a5e43-a9eb-478a-bee2-934ebfcf7653@group-B24BBA48FCDF: changes role from CANDIDATE to LEADER at term 1 for changeToLeader
2019-10-16 08:25:06,950 [262a5e43-a9eb-478a-bee2-934ebfcf7653@group-B24BBA48FCDF-LeaderElection115] INFO  impl.RaftServerImpl (ServerState.java:setLeader(256)) - 262a5e43-a9eb-478a-bee2-934ebfcf7653@group-B24BBA48FCDF: change Leader from null to 262a5e43-a9eb-478a-bee2-934ebfcf7653 at term 1 for becomeLeader, leader elected after 136ms
2019-10-16 08:25:06,950 [262a5e43-a9eb-478a-bee2-934ebfcf7653@group-B24BBA48FCDF-LeaderElection115] INFO  server.RaftServerConfigKeys (ConfUtils.java:logGet(43)) - raft.server.staging.catchup.gap = 1000 (default)
2019-10-16 08:25:06,950 [262a5e43-a9eb-478a-bee2-934ebfcf7653@group-B24BBA48FCDF-LeaderElection115] INFO  server.RaftServerConfigKeys (ConfUtils.java:logGet(43)) - raft.server.rpc.sleep.time = 25ms (default)
2019-10-16 08:25:06,950 [262a5e43-a9eb-478a-bee2-934ebfcf7653@group-B24BBA48FCDF-LeaderElection115] INFO  server.RaftServerConfigKeys (ConfUtils.java:logGet(43)) - raft.server.write.element-limit = 4096 (default)
2019-10-16 08:25:06,950 [262a5e43-a9eb-478a-bee2-934ebfcf7653@group-B24BBA48FCDF-LeaderElection115] INFO  server.RaftServerConfigKeys (ConfUtils.java:logGet(43)) - raft.server.watch.timeout = 10s (default)
2019-10-16 08:25:06,951 [262a5e43-a9eb-478a-bee2-934ebfcf7653@group-B24BBA48FCDF-LeaderElection115] INFO  server.RaftServerConfigKeys (ConfUtils.java:logGet(43)) - raft.server.watch.timeout.denomination = 1s (default)
2019-10-16 08:25:06,951 [262a5e43-a9eb-478a-bee2-934ebfcf7653@group-B24BBA48FCDF-LeaderElection115] INFO  server.RaftServerConfigKeys (ConfUtils.java:logGet(43)) - raft.server.watch.element-limit = 65536 (default)
2019-10-16 08:25:06,952 [pool-598-thread-1] INFO  storage.RaftStorageDirectory (RaftStorageDirectory.java:tryLock(328)) - Lock on /workdir/hadoop-ozone/ozonefs/target/test-dir/MiniOzoneClusterImpl-9e3982d0-79a0-40b9-93be-d86ee4913ee6/datanode-2/data/ratis/e9d16af5-1f5b-4ee7-b244-5ce4e47fc8b7/in_use.lock acquired by nodename 21295@pr-hdds-1737-dstl4-2900247166
2019-10-16 08:25:06,952 [pool-588-thread-1] INFO  storage.RaftStorageDirectory (RaftStorageDirectory.java:tryLock(328)) - Lock on /workdir/hadoop-ozone/ozonefs/target/test-dir/MiniOzoneClusterImpl-9e3982d0-79a0-40b9-93be-d86ee4913ee6/datanode-1/data/ratis/e9d16af5-1f5b-4ee7-b244-5ce4e47fc8b7/in_use.lock acquired by nodename 21295@pr-hdds-1737-dstl4-2900247166
2019-10-16 08:25:06,953 [262a5e43-a9eb-478a-bee2-934ebfcf7653@group-B24BBA48FCDF-LeaderElection115] INFO  impl.RoleInfo (RoleInfo.java:updateAndGet(143)) - 262a5e43-a9eb-478a-bee2-934ebfcf7653: start LeaderState
2019-10-16 08:25:06,953 [262a5e43-a9eb-478a-bee2-934ebfcf7653@group-B24BBA48FCDF-LeaderElection115] INFO  segmented.SegmentedRaftLogWorker (SegmentedRaftLogWorker.java:startLogSegment(385)) - 262a5e43-a9eb-478a-bee2-934ebfcf7653@group-B24BBA48FCDF-SegmentedRaftLogWorker: Starting segment from index:0
2019-10-16 08:25:06,954 [262a5e43-a9eb-478a-bee2-934ebfcf7653@group-B24BBA48FCDF-LeaderElection115] INFO  impl.RaftServerImpl (ServerState.java:setRaftConf(357)) - 262a5e43-a9eb-478a-bee2-934ebfcf7653@group-B24BBA48FCDF: set configuration 0: [262a5e43-a9eb-478a-bee2-934ebfcf7653:192.168.34.43:35333], old=null at 0
2019-10-16 08:25:06,954 [pool-578-thread-1] INFO  storage.RaftStorageDirectory (RaftStorageDirectory.java:tryLock(328)) - Lock on /workdir/hadoop-ozone/ozonefs/target/test-dir/MiniOzoneClusterImpl-9e3982d0-79a0-40b9-93be-d86ee4913ee6/datanode-0/data/ratis/e9d16af5-1f5b-4ee7-b244-5ce4e47fc8b7/in_use.lock acquired by nodename 21295@pr-hdds-1737-dstl4-2900247166
2019-10-16 08:25:06,954 [Thread-3047] INFO  impl.FollowerState (FollowerState.java:run(108)) - 8c4d487c-e6f5-452c-b4b2-b96be2f99aed@group-5FA460067C75-FollowerState: change to CANDIDATE, lastRpcTime:184ms, electionTimeout:184ms
2019-10-16 08:25:06,954 [Thread-3047] INFO  impl.RoleInfo (RoleInfo.java:shutdownFollowerState(121)) - 8c4d487c-e6f5-452c-b4b2-b96be2f99aed: shutdown FollowerState
2019-10-16 08:25:06,954 [Thread-3047] INFO  impl.RaftServerImpl (RaftServerImpl.java:setRole(184)) - 8c4d487c-e6f5-452c-b4b2-b96be2f99aed@group-5FA460067C75: changes role from  FOLLOWER to CANDIDATE at term 0 for changeToCandidate
2019-10-16 08:25:06,955 [Thread-3047] INFO  impl.RoleInfo (RoleInfo.java:updateAndGet(143)) - 8c4d487c-e6f5-452c-b4b2-b96be2f99aed: start LeaderElection
2019-10-16 08:25:06,990 [pool-578-thread-1] INFO  storage.RaftStorage (RaftStorage.java:format(84)) - Storage directory /workdir/hadoop-ozone/ozonefs/target/test-dir/MiniOzoneClusterImpl-9e3982d0-79a0-40b9-93be-d86ee4913ee6/datanode-0/data/ratis/e9d16af5-1f5b-4ee7-b244-5ce4e47fc8b7 has been successfully formatted.
2019-10-16 08:25:06,990 [pool-588-thread-1] INFO  storage.RaftStorage (RaftStorage.java:format(84)) - Storage directory /workdir/hadoop-ozone/ozonefs/target/test-dir/MiniOzoneClusterImpl-9e3982d0-79a0-40b9-93be-d86ee4913ee6/datanode-1/data/ratis/e9d16af5-1f5b-4ee7-b244-5ce4e47fc8b7 has been successfully formatted.
2019-10-16 08:25:06,990 [pool-598-thread-1] INFO  storage.RaftStorage (RaftStorage.java:format(84)) - Storage directory /workdir/hadoop-ozone/ozonefs/target/test-dir/MiniOzoneClusterImpl-9e3982d0-79a0-40b9-93be-d86ee4913ee6/datanode-2/data/ratis/e9d16af5-1f5b-4ee7-b244-5ce4e47fc8b7 has been successfully formatted.
2019-10-16 08:25:06,990 [pool-578-thread-1] INFO  ratis.ContainerStateMachine (ContainerStateMachine.java:loadSnapshot(231)) - group-5CE4E47FC8B7: The snapshot info is null. Setting the last applied indexto:(t:0, i:~)
2019-10-16 08:25:06,990 [pool-598-thread-1] INFO  ratis.ContainerStateMachine (ContainerStateMachine.java:loadSnapshot(231)) - group-5CE4E47FC8B7: The snapshot info is null. Setting the last applied indexto:(t:0, i:~)
2019-10-16 08:25:06,990 [pool-588-thread-1] INFO  ratis.ContainerStateMachine (ContainerStateMachine.java:loadSnapshot(231)) - group-5CE4E47FC8B7: The snapshot info is null. Setting the last applied indexto:(t:0, i:~)
2019-10-16 08:25:06,991 [pool-598-thread-1] INFO  server.RaftServerConfigKeys (ConfUtils.java:logGet(43)) - raft.server.notification.no-leader.timeout = 120s (custom)
2019-10-16 08:25:06,990 [pool-578-thread-1] INFO  server.RaftServerConfigKeys (ConfUtils.java:logGet(43)) - raft.server.notification.no-leader.timeout = 120s (custom)
2019-10-16 08:25:06,991 [pool-598-thread-1] INFO  server.RaftServerConfigKeys (ConfUtils.java:logGet(43)) - raft.server.log.use.memory = false (default)
2019-10-16 08:25:06,991 [pool-588-thread-1] INFO  server.RaftServerConfigKeys (ConfUtils.java:logGet(43)) - raft.server.notification.no-leader.timeout = 120s (custom)
2019-10-16 08:25:06,991 [pool-598-thread-1] INFO  server.RaftServerConfigKeys (ConfUtils.java:logGet(43)) - raft.server.log.purge.gap = 1000000 (custom)
2019-10-16 08:25:06,991 [pool-578-thread-1] INFO  server.RaftServerConfigKeys (ConfUtils.java:logGet(43)) - raft.server.log.use.memory = false (default)
2019-10-16 08:25:06,991 [pool-598-thread-1] INFO  server.RaftServerConfigKeys (ConfUtils.java:logGet(43)) - raft.server.log.appender.buffer.byte-limit = 33554432 (custom)
2019-10-16 08:25:06,991 [pool-588-thread-1] INFO  server.RaftServerConfigKeys (ConfUtils.java:logGet(43)) - raft.server.log.use.memory = false (default)
2019-10-16 08:25:06,992 [pool-598-thread-1] INFO  server.RaftServerConfigKeys (ConfUtils.java:logGet(43)) - raft.server.log.segment.size.max = 1048576 (custom)
2019-10-16 08:25:06,992 [pool-578-thread-1] INFO  server.RaftServerConfigKeys (ConfUtils.java:logGet(43)) - raft.server.log.purge.gap = 1000000 (custom)
2019-10-16 08:25:06,992 [pool-598-thread-1] INFO  server.RaftServerConfigKeys (ConfUtils.java:logGet(43)) - raft.server.log.segment.cache.num.max = 2 (custom)
2019-10-16 08:25:06,992 [pool-588-thread-1] INFO  server.RaftServerConfigKeys (ConfUtils.java:logGet(43)) - raft.server.log.purge.gap = 1000000 (custom)
2019-10-16 08:25:06,992 [pool-598-thread-1] INFO  segmented.SegmentedRaftLogWorker (SegmentedRaftLogWorker.java:<init>(173)) - new a30ad412-36c1-4f85-b105-78cea4061886@group-5CE4E47FC8B7-SegmentedRaftLogWorker for RaftStorage:Storage Directory /workdir/hadoop-ozone/ozonefs/target/test-dir/MiniOzoneClusterImpl-9e3982d0-79a0-40b9-93be-d86ee4913ee6/datanode-2/data/ratis/e9d16af5-1f5b-4ee7-b244-5ce4e47fc8b7
2019-10-16 08:25:06,992 [pool-578-thread-1] INFO  server.RaftServerConfigKeys (ConfUtils.java:logGet(43)) - raft.server.log.appender.buffer.byte-limit = 33554432 (custom)
2019-10-16 08:25:06,992 [pool-598-thread-1] INFO  server.RaftServerConfigKeys (ConfUtils.java:logGet(43)) - raft.server.log.queue.byte-limit = 2147483647 (custom)
2019-10-16 08:25:06,993 [pool-598-thread-1] INFO  server.RaftServerConfigKeys (ConfUtils.java:logGet(43)) - raft.server.log.queue.element-limit = 1024 (custom)
2019-10-16 08:25:06,992 [pool-588-thread-1] INFO  server.RaftServerConfigKeys (ConfUtils.java:logGet(43)) - raft.server.log.appender.buffer.byte-limit = 33554432 (custom)
2019-10-16 08:25:06,993 [pool-598-thread-1] INFO  server.RaftServerConfigKeys (ConfUtils.java:logGet(43)) - raft.server.log.segment.size.max = 1048576 (custom)
2019-10-16 08:25:06,993 [pool-578-thread-1] INFO  server.RaftServerConfigKeys (ConfUtils.java:logGet(43)) - raft.server.log.segment.size.max = 1048576 (custom)
2019-10-16 08:25:06,993 [pool-598-thread-1] INFO  server.RaftServerConfigKeys (ConfUtils.java:logGet(43)) - raft.server.log.preallocated.size = 16384 (custom)
2019-10-16 08:25:06,993 [pool-598-thread-1] INFO  server.RaftServerConfigKeys (ConfUtils.java:logGet(43)) - raft.server.log.write.buffer.size = 33554432 (custom)
2019-10-16 08:25:06,993 [pool-588-thread-1] INFO  server.RaftServerConfigKeys (ConfUtils.java:logGet(43)) - raft.server.log.segment.size.max = 1048576 (custom)
2019-10-16 08:25:06,994 [pool-598-thread-1] INFO  server.RaftServerConfigKeys (ConfUtils.java:logGet(43)) - raft.server.log.force.sync.num = 128 (default)
2019-10-16 08:25:06,993 [pool-578-thread-1] INFO  server.RaftServerConfigKeys (ConfUtils.java:logGet(43)) - raft.server.log.segment.cache.num.max = 2 (custom)
2019-10-16 08:25:06,994 [pool-598-thread-1] INFO  server.RaftServerConfigKeys (ConfUtils.java:logGet(43)) - raft.server.log.statemachine.data.sync = true (default)
2019-10-16 08:25:06,994 [pool-588-thread-1] INFO  server.RaftServerConfigKeys (ConfUtils.java:logGet(43)) - raft.server.log.segment.cache.num.max = 2 (custom)
2019-10-16 08:25:06,994 [pool-598-thread-1] INFO  server.RaftServerConfigKeys (ConfUtils.java:logGet(43)) - raft.server.log.statemachine.data.sync.timeout = 10s (default)
2019-10-16 08:25:06,994 [pool-578-thread-1] INFO  segmented.SegmentedRaftLogWorker (SegmentedRaftLogWorker.java:<init>(173)) - new 8c4d487c-e6f5-452c-b4b2-b96be2f99aed@group-5CE4E47FC8B7-SegmentedRaftLogWorker for RaftStorage:Storage Directory /workdir/hadoop-ozone/ozonefs/target/test-dir/MiniOzoneClusterImpl-9e3982d0-79a0-40b9-93be-d86ee4913ee6/datanode-0/data/ratis/e9d16af5-1f5b-4ee7-b244-5ce4e47fc8b7
2019-10-16 08:25:06,994 [pool-598-thread-1] INFO  server.RaftServerConfigKeys (ConfUtils.java:logGet(43)) - raft.server.log.statemachine.data.sync.timeout.retry = -1 (default)
2019-10-16 08:25:06,994 [pool-588-thread-1] INFO  segmented.SegmentedRaftLogWorker (SegmentedRaftLogWorker.java:<init>(173)) - new 262a5e43-a9eb-478a-bee2-934ebfcf7653@group-5CE4E47FC8B7-SegmentedRaftLogWorker for RaftStorage:Storage Directory /workdir/hadoop-ozone/ozonefs/target/test-dir/MiniOzoneClusterImpl-9e3982d0-79a0-40b9-93be-d86ee4913ee6/datanode-1/data/ratis/e9d16af5-1f5b-4ee7-b244-5ce4e47fc8b7
2019-10-16 08:25:06,995 [pool-598-thread-1] INFO  server.RaftServerConfigKeys (ConfUtils.java:logGet(43)) - raft.server.log.statemachine.data.caching.enabled = true (custom)
2019-10-16 08:25:06,995 [pool-578-thread-1] INFO  server.RaftServerConfigKeys (ConfUtils.java:logGet(43)) - raft.server.log.queue.byte-limit = 2147483647 (custom)
2019-10-16 08:25:06,995 [pool-598-thread-1] INFO  segmented.SegmentedRaftLogWorker (SegmentedRaftLogWorker.java:lambda$new$0(128)) - a30ad412-36c1-4f85-b105-78cea4061886@group-5CE4E47FC8B7-SegmentedRaftLogWorker: flushIndex: setUnconditionally 0 -> -1
2019-10-16 08:25:06,995 [pool-588-thread-1] INFO  server.RaftServerConfigKeys (ConfUtils.java:logGet(43)) - raft.server.log.queue.byte-limit = 2147483647 (custom)
2019-10-16 08:25:06,995 [pool-578-thread-1] INFO  server.RaftServerConfigKeys (ConfUtils.java:logGet(43)) - raft.server.log.queue.element-limit = 1024 (custom)
2019-10-16 08:25:06,995 [pool-598-thread-1] INFO  server.RaftServerConfigKeys (ConfUtils.java:logGet(43)) - raft.server.snapshot.auto.trigger.enabled = true (custom)
2019-10-16 08:25:06,995 [pool-588-thread-1] INFO  server.RaftServerConfigKeys (ConfUtils.java:logGet(43)) - raft.server.log.queue.element-limit = 1024 (custom)
2019-10-16 08:25:06,996 [pool-598-thread-1] INFO  server.RaftServerConfigKeys (ConfUtils.java:logGet(43)) - raft.server.snapshot.auto.trigger.threshold = 10000 (custom)
2019-10-16 08:25:06,996 [pool-578-thread-1] INFO  server.RaftServerConfigKeys (ConfUtils.java:logGet(43)) - raft.server.log.segment.size.max = 1048576 (custom)
2019-10-16 08:25:06,996 [pool-598-thread-1] INFO  server.RaftServerConfigKeys (ConfUtils.java:logGet(43)) - raft.server.snapshot.retention.file.num = 5 (custom)
2019-10-16 08:25:06,996 [pool-588-thread-1] INFO  server.RaftServerConfigKeys (ConfUtils.java:logGet(43)) - raft.server.log.segment.size.max = 1048576 (custom)
2019-10-16 08:25:06,996 [pool-598-thread-1] INFO  server.RaftServerConfigKeys (ConfUtils.java:logGet(43)) - raft.server.retrycache.expirytime = 600000ms (custom)
2019-10-16 08:25:06,996 [pool-578-thread-1] INFO  server.RaftServerConfigKeys (ConfUtils.java:logGet(43)) - raft.server.log.preallocated.size = 16384 (custom)
2019-10-16 08:25:06,996 [pool-588-thread-1] INFO  server.RaftServerConfigKeys (ConfUtils.java:logGet(43)) - raft.server.log.preallocated.size = 16384 (custom)
2019-10-16 08:25:06,996 [pool-578-thread-1] INFO  server.RaftServerConfigKeys (ConfUtils.java:logGet(43)) - raft.server.log.write.buffer.size = 33554432 (custom)
2019-10-16 08:25:06,997 [pool-588-thread-1] INFO  server.RaftServerConfigKeys (ConfUtils.java:logGet(43)) - raft.server.log.write.buffer.size = 33554432 (custom)
2019-10-16 08:25:06,997 [pool-578-thread-1] INFO  server.RaftServerConfigKeys (ConfUtils.java:logGet(43)) - raft.server.log.force.sync.num = 128 (default)
2019-10-16 08:25:06,997 [pool-588-thread-1] INFO  server.RaftServerConfigKeys (ConfUtils.java:logGet(43)) - raft.server.log.force.sync.num = 128 (default)
2019-10-16 08:25:06,997 [pool-578-thread-1] INFO  server.RaftServerConfigKeys (ConfUtils.java:logGet(43)) - raft.server.log.statemachine.data.sync = true (default)
2019-10-16 08:25:06,997 [pool-588-thread-1] INFO  server.RaftServerConfigKeys (ConfUtils.java:logGet(43)) - raft.server.log.statemachine.data.sync = true (default)
2019-10-16 08:25:06,997 [pool-578-thread-1] INFO  server.RaftServerConfigKeys (ConfUtils.java:logGet(43)) - raft.server.log.statemachine.data.sync.timeout = 10s (default)
2019-10-16 08:25:06,998 [pool-588-thread-1] INFO  server.RaftServerConfigKeys (ConfUtils.java:logGet(43)) - raft.server.log.statemachine.data.sync.timeout = 10s (default)
2019-10-16 08:25:06,998 [pool-578-thread-1] INFO  server.RaftServerConfigKeys (ConfUtils.java:logGet(43)) - raft.server.log.statemachine.data.sync.timeout.retry = -1 (default)
2019-10-16 08:25:06,998 [pool-598-thread-1] INFO  impl.RaftServerImpl (RaftServerImpl.java:start(195)) - a30ad412-36c1-4f85-b105-78cea4061886@group-5CE4E47FC8B7: start as a follower, conf=-1: [262a5e43-a9eb-478a-bee2-934ebfcf7653:192.168.34.43:35333, a30ad412-36c1-4f85-b105-78cea4061886:192.168.34.43:44567, 8c4d487c-e6f5-452c-b4b2-b96be2f99aed:192.168.34.43:39249], old=null
2019-10-16 08:25:06,998 [pool-588-thread-1] INFO  server.RaftServerConfigKeys (ConfUtils.java:logGet(43)) - raft.server.log.statemachine.data.sync.timeout.retry = -1 (default)
2019-10-16 08:25:06,998 [pool-598-thread-1] INFO  impl.RaftServerImpl (RaftServerImpl.java:setRole(184)) - a30ad412-36c1-4f85-b105-78cea4061886@group-5CE4E47FC8B7: changes role from      null to FOLLOWER at term 0 for startAsFollower
2019-10-16 08:25:06,998 [pool-578-thread-1] INFO  server.RaftServerConfigKeys (ConfUtils.java:logGet(43)) - raft.server.log.statemachine.data.caching.enabled = true (custom)
2019-10-16 08:25:06,998 [pool-588-thread-1] INFO  server.RaftServerConfigKeys (ConfUtils.java:logGet(43)) - raft.server.log.statemachine.data.caching.enabled = true (custom)
2019-10-16 08:25:06,998 [pool-598-thread-1] INFO  impl.RoleInfo (RoleInfo.java:updateAndGet(143)) - a30ad412-36c1-4f85-b105-78cea4061886: start FollowerState
2019-10-16 08:25:06,999 [pool-578-thread-1] INFO  segmented.SegmentedRaftLogWorker (SegmentedRaftLogWorker.java:lambda$new$0(128)) - 8c4d487c-e6f5-452c-b4b2-b96be2f99aed@group-5CE4E47FC8B7-SegmentedRaftLogWorker: flushIndex: setUnconditionally 0 -> -1
2019-10-16 08:25:06,999 [pool-588-thread-1] INFO  segmented.SegmentedRaftLogWorker (SegmentedRaftLogWorker.java:lambda$new$0(128)) - 262a5e43-a9eb-478a-bee2-934ebfcf7653@group-5CE4E47FC8B7-SegmentedRaftLogWorker: flushIndex: setUnconditionally 0 -> -1
2019-10-16 08:25:06,999 [pool-598-thread-1] INFO  util.JmxRegister (JmxRegister.java:tryRegister(44)) - Successfully registered JMX Bean with object name Ratis:service=RaftServer,group=group-5CE4E47FC8B7,id=a30ad412-36c1-4f85-b105-78cea4061886
2019-10-16 08:25:06,999 [pool-578-thread-1] INFO  server.RaftServerConfigKeys (ConfUtils.java:logGet(43)) - raft.server.snapshot.auto.trigger.enabled = true (custom)
2019-10-16 08:25:06,999 [pool-578-thread-1] INFO  server.RaftServerConfigKeys (ConfUtils.java:logGet(43)) - raft.server.snapshot.auto.trigger.threshold = 10000 (custom)
2019-10-16 08:25:06,999 [pool-588-thread-1] INFO  server.RaftServerConfigKeys (ConfUtils.java:logGet(43)) - raft.server.snapshot.auto.trigger.enabled = true (custom)
2019-10-16 08:25:07,000 [pool-578-thread-1] INFO  server.RaftServerConfigKeys (ConfUtils.java:logGet(43)) - raft.server.snapshot.retention.file.num = 5 (custom)
2019-10-16 08:25:07,000 [pool-588-thread-1] INFO  server.RaftServerConfigKeys (ConfUtils.java:logGet(43)) - raft.server.snapshot.auto.trigger.threshold = 10000 (custom)
2019-10-16 08:25:07,000 [pool-578-thread-1] INFO  server.RaftServerConfigKeys (ConfUtils.java:logGet(43)) - raft.server.retrycache.expirytime = 600000ms (custom)
2019-10-16 08:25:07,000 [pool-588-thread-1] INFO  server.RaftServerConfigKeys (ConfUtils.java:logGet(43)) - raft.server.snapshot.retention.file.num = 5 (custom)
2019-10-16 08:25:07,000 [pool-588-thread-1] INFO  server.RaftServerConfigKeys (ConfUtils.java:logGet(43)) - raft.server.retrycache.expirytime = 600000ms (custom)
2019-10-16 08:25:07,002 [262a5e43-a9eb-478a-bee2-934ebfcf7653@group-B24BBA48FCDF-SegmentedRaftLogWorker] INFO  segmented.SegmentedRaftLogWorker (SegmentedRaftLogWorker.java:execute(576)) - 262a5e43-a9eb-478a-bee2-934ebfcf7653@group-B24BBA48FCDF-SegmentedRaftLogWorker: created new log segment /workdir/hadoop-ozone/ozonefs/target/test-dir/MiniOzoneClusterImpl-9e3982d0-79a0-40b9-93be-d86ee4913ee6/datanode-1/data/ratis/7a39d5ac-421c-4a71-8bf9-b24bba48fcdf/current/log_inprogress_0
2019-10-16 08:25:07,004 [8c4d487c-e6f5-452c-b4b2-b96be2f99aed@group-5FA460067C75-LeaderElection116] INFO  impl.LeaderElection (LeaderElection.java:askForVotes(178)) - 8c4d487c-e6f5-452c-b4b2-b96be2f99aed@group-5FA460067C75-LeaderElection116: begin an election at term 1 for -1: [8c4d487c-e6f5-452c-b4b2-b96be2f99aed:192.168.34.43:39249], old=null
2019-10-16 08:25:07,004 [8c4d487c-e6f5-452c-b4b2-b96be2f99aed@group-5FA460067C75-LeaderElection116] INFO  impl.RoleInfo (RoleInfo.java:shutdownLeaderElection(134)) - 8c4d487c-e6f5-452c-b4b2-b96be2f99aed: shutdown LeaderElection
2019-10-16 08:25:07,004 [8c4d487c-e6f5-452c-b4b2-b96be2f99aed@group-5FA460067C75-LeaderElection116] INFO  impl.RaftServerImpl (RaftServerImpl.java:setRole(184)) - 8c4d487c-e6f5-452c-b4b2-b96be2f99aed@group-5FA460067C75: changes role from CANDIDATE to LEADER at term 1 for changeToLeader
2019-10-16 08:25:07,004 [8c4d487c-e6f5-452c-b4b2-b96be2f99aed@group-5FA460067C75-LeaderElection116] INFO  impl.RaftServerImpl (ServerState.java:setLeader(256)) - 8c4d487c-e6f5-452c-b4b2-b96be2f99aed@group-5FA460067C75: change Leader from null to 8c4d487c-e6f5-452c-b4b2-b96be2f99aed at term 1 for becomeLeader, leader elected after 243ms
2019-10-16 08:25:07,004 [8c4d487c-e6f5-452c-b4b2-b96be2f99aed@group-5FA460067C75-LeaderElection116] INFO  server.RaftServerConfigKeys (ConfUtils.java:logGet(43)) - raft.server.staging.catchup.gap = 1000 (default)
2019-10-16 08:25:07,004 [8c4d487c-e6f5-452c-b4b2-b96be2f99aed@group-5FA460067C75-LeaderElection116] INFO  server.RaftServerConfigKeys (ConfUtils.java:logGet(43)) - raft.server.rpc.sleep.time = 25ms (default)
2019-10-16 08:25:07,005 [8c4d487c-e6f5-452c-b4b2-b96be2f99aed@group-5FA460067C75-LeaderElection116] INFO  server.RaftServerConfigKeys (ConfUtils.java:logGet(43)) - raft.server.write.element-limit = 4096 (default)
2019-10-16 08:25:07,005 [8c4d487c-e6f5-452c-b4b2-b96be2f99aed@group-5FA460067C75-LeaderElection116] INFO  server.RaftServerConfigKeys (ConfUtils.java:logGet(43)) - raft.server.watch.timeout = 10s (default)
2019-10-16 08:25:07,005 [pool-578-thread-1] INFO  impl.RaftServerImpl (RaftServerImpl.java:start(195)) - 8c4d487c-e6f5-452c-b4b2-b96be2f99aed@group-5CE4E47FC8B7: start as a follower, conf=-1: [262a5e43-a9eb-478a-bee2-934ebfcf7653:192.168.34.43:35333, a30ad412-36c1-4f85-b105-78cea4061886:192.168.34.43:44567, 8c4d487c-e6f5-452c-b4b2-b96be2f99aed:192.168.34.43:39249], old=null
2019-10-16 08:25:07,005 [8c4d487c-e6f5-452c-b4b2-b96be2f99aed@group-5FA460067C75-LeaderElection116] INFO  server.RaftServerConfigKeys (ConfUtils.java:logGet(43)) - raft.server.watch.timeout.denomination = 1s (default)
2019-10-16 08:25:07,005 [pool-578-thread-1] INFO  impl.RaftServerImpl (RaftServerImpl.java:setRole(184)) - 8c4d487c-e6f5-452c-b4b2-b96be2f99aed@group-5CE4E47FC8B7: changes role from      null to FOLLOWER at term 0 for startAsFollower
2019-10-16 08:25:07,005 [8c4d487c-e6f5-452c-b4b2-b96be2f99aed@group-5FA460067C75-LeaderElection116] INFO  server.RaftServerConfigKeys (ConfUtils.java:logGet(43)) - raft.server.watch.element-limit = 65536 (default)
2019-10-16 08:25:07,005 [pool-588-thread-1] INFO  impl.RaftServerImpl (RaftServerImpl.java:start(195)) - 262a5e43-a9eb-478a-bee2-934ebfcf7653@group-5CE4E47FC8B7: start as a follower, conf=-1: [262a5e43-a9eb-478a-bee2-934ebfcf7653:192.168.34.43:35333, a30ad412-36c1-4f85-b105-78cea4061886:192.168.34.43:44567, 8c4d487c-e6f5-452c-b4b2-b96be2f99aed:192.168.34.43:39249], old=null
2019-10-16 08:25:07,012 [pool-578-thread-1] INFO  impl.RoleInfo (RoleInfo.java:updateAndGet(143)) - 8c4d487c-e6f5-452c-b4b2-b96be2f99aed: start FollowerState
2019-10-16 08:25:07,012 [pool-588-thread-1] INFO  impl.RaftServerImpl (RaftServerImpl.java:setRole(184)) - 262a5e43-a9eb-478a-bee2-934ebfcf7653@group-5CE4E47FC8B7: changes role from      null to FOLLOWER at term 0 for startAsFollower
2019-10-16 08:25:07,013 [pool-588-thread-1] INFO  impl.RoleInfo (RoleInfo.java:updateAndGet(143)) - 262a5e43-a9eb-478a-bee2-934ebfcf7653: start FollowerState
2019-10-16 08:25:07,013 [pool-578-thread-1] INFO  util.JmxRegister (JmxRegister.java:tryRegister(44)) - Successfully registered JMX Bean with object name Ratis:service=RaftServer,group=group-5CE4E47FC8B7,id=8c4d487c-e6f5-452c-b4b2-b96be2f99aed
2019-10-16 08:25:07,013 [pool-588-thread-1] INFO  util.JmxRegister (JmxRegister.java:tryRegister(44)) - Successfully registered JMX Bean with object name Ratis:service=RaftServer,group=group-5CE4E47FC8B7,id=262a5e43-a9eb-478a-bee2-934ebfcf7653
2019-10-16 08:25:07,015 [8c4d487c-e6f5-452c-b4b2-b96be2f99aed@group-5FA460067C75-LeaderElection116] INFO  impl.RoleInfo (RoleInfo.java:updateAndGet(143)) - 8c4d487c-e6f5-452c-b4b2-b96be2f99aed: start LeaderState
2019-10-16 08:25:07,016 [8c4d487c-e6f5-452c-b4b2-b96be2f99aed@group-5FA460067C75-LeaderElection116] INFO  segmented.SegmentedRaftLogWorker (SegmentedRaftLogWorker.java:startLogSegment(385)) - 8c4d487c-e6f5-452c-b4b2-b96be2f99aed@group-5FA460067C75-SegmentedRaftLogWorker: Starting segment from index:0
2019-10-16 08:25:07,016 [8c4d487c-e6f5-452c-b4b2-b96be2f99aed@group-5FA460067C75-LeaderElection116] INFO  impl.RaftServerImpl (ServerState.java:setRaftConf(357)) - 8c4d487c-e6f5-452c-b4b2-b96be2f99aed@group-5FA460067C75: set configuration 0: [8c4d487c-e6f5-452c-b4b2-b96be2f99aed:192.168.34.43:39249], old=null at 0
2019-10-16 08:25:07,052 [RatisPipelineUtilsThread] INFO  pipeline.PipelineStateManager (PipelineStateManager.java:addPipeline(56)) - Created pipeline Pipeline[ Id: e9d16af5-1f5b-4ee7-b244-5ce4e47fc8b7, Nodes: 8c4d487c-e6f5-452c-b4b2-b96be2f99aed{ip: 192.168.34.43, host: pr-hdds-1737-dstl4-2900247166, networkLocation: /default-rack, certSerialId: null}a30ad412-36c1-4f85-b105-78cea4061886{ip: 192.168.34.43, host: pr-hdds-1737-dstl4-2900247166, networkLocation: /default-rack, certSerialId: null}262a5e43-a9eb-478a-bee2-934ebfcf7653{ip: 192.168.34.43, host: pr-hdds-1737-dstl4-2900247166, networkLocation: /default-rack, certSerialId: null}, Type:RATIS, Factor:THREE, State:OPEN]
2019-10-16 08:25:07,059 [Thread-3059] INFO  impl.FollowerState (FollowerState.java:run(108)) - a30ad412-36c1-4f85-b105-78cea4061886@group-5CE4E47FC8B7-FollowerState: change to CANDIDATE, lastRpcTime:60ms, electionTimeout:60ms
2019-10-16 08:25:07,059 [Thread-3059] INFO  impl.RoleInfo (RoleInfo.java:shutdownFollowerState(121)) - a30ad412-36c1-4f85-b105-78cea4061886: shutdown FollowerState
2019-10-16 08:25:07,059 [Thread-3059] INFO  impl.RaftServerImpl (RaftServerImpl.java:setRole(184)) - a30ad412-36c1-4f85-b105-78cea4061886@group-5CE4E47FC8B7: changes role from  FOLLOWER to CANDIDATE at term 0 for changeToCandidate
2019-10-16 08:25:07,060 [Thread-3059] INFO  impl.RoleInfo (RoleInfo.java:updateAndGet(143)) - a30ad412-36c1-4f85-b105-78cea4061886: start LeaderElection
2019-10-16 08:25:07,069 [8c4d487c-e6f5-452c-b4b2-b96be2f99aed@group-5FA460067C75-SegmentedRaftLogWorker] INFO  segmented.SegmentedRaftLogWorker (SegmentedRaftLogWorker.java:execute(576)) - 8c4d487c-e6f5-452c-b4b2-b96be2f99aed@group-5FA460067C75-SegmentedRaftLogWorker: created new log segment /workdir/hadoop-ozone/ozonefs/target/test-dir/MiniOzoneClusterImpl-9e3982d0-79a0-40b9-93be-d86ee4913ee6/datanode-0/data/ratis/533dd641-aa93-4fdc-a076-5fa460067c75/current/log_inprogress_0
2019-10-16 08:25:07,069 [a30ad412-36c1-4f85-b105-78cea4061886@group-5CE4E47FC8B7-LeaderElection117] INFO  impl.LeaderElection (LeaderElection.java:askForVotes(178)) - a30ad412-36c1-4f85-b105-78cea4061886@group-5CE4E47FC8B7-LeaderElection117: begin an election at term 1 for -1: [262a5e43-a9eb-478a-bee2-934ebfcf7653:192.168.34.43:35333, a30ad412-36c1-4f85-b105-78cea4061886:192.168.34.43:44567, 8c4d487c-e6f5-452c-b4b2-b96be2f99aed:192.168.34.43:39249], old=null
2019-10-16 08:25:07,079 [grpc-default-executor-2] INFO  impl.RaftServerImpl (RaftServerImpl.java:setRole(184)) - 262a5e43-a9eb-478a-bee2-934ebfcf7653@group-5CE4E47FC8B7: changes role from  FOLLOWER to FOLLOWER at term 1 for recognizeCandidate:a30ad412-36c1-4f85-b105-78cea4061886
2019-10-16 08:25:07,080 [grpc-default-executor-1] INFO  impl.RaftServerImpl (RaftServerImpl.java:setRole(184)) - 8c4d487c-e6f5-452c-b4b2-b96be2f99aed@group-5CE4E47FC8B7: changes role from  FOLLOWER to FOLLOWER at term 1 for recognizeCandidate:a30ad412-36c1-4f85-b105-78cea4061886
2019-10-16 08:25:07,081 [grpc-default-executor-2] INFO  impl.RoleInfo (RoleInfo.java:shutdownFollowerState(121)) - 262a5e43-a9eb-478a-bee2-934ebfcf7653: shutdown FollowerState
2019-10-16 08:25:07,081 [grpc-default-executor-1] INFO  impl.RoleInfo (RoleInfo.java:shutdownFollowerState(121)) - 8c4d487c-e6f5-452c-b4b2-b96be2f99aed: shutdown FollowerState
2019-10-16 08:25:07,081 [Thread-3065] INFO  impl.FollowerState (FollowerState.java:run(117)) - 262a5e43-a9eb-478a-bee2-934ebfcf7653@group-5CE4E47FC8B7-FollowerState was interrupted: java.lang.InterruptedException: sleep interrupted
2019-10-16 08:25:07,081 [grpc-default-executor-2] INFO  impl.RoleInfo (RoleInfo.java:updateAndGet(143)) - 262a5e43-a9eb-478a-bee2-934ebfcf7653: start FollowerState
2019-10-16 08:25:07,081 [Thread-3064] INFO  impl.FollowerState (FollowerState.java:run(117)) - 8c4d487c-e6f5-452c-b4b2-b96be2f99aed@group-5CE4E47FC8B7-FollowerState was interrupted: java.lang.InterruptedException: sleep interrupted
2019-10-16 08:25:07,081 [grpc-default-executor-1] INFO  impl.RoleInfo (RoleInfo.java:updateAndGet(143)) - 8c4d487c-e6f5-452c-b4b2-b96be2f99aed: start FollowerState
2019-10-16 08:25:07,097 [Thread-3053] INFO  impl.FollowerState (FollowerState.java:run(108)) - a30ad412-36c1-4f85-b105-78cea4061886@group-BF4AE0439C06-FollowerState: change to CANDIDATE, lastRpcTime:178ms, electionTimeout:178ms
2019-10-16 08:25:07,097 [Thread-3053] INFO  impl.RoleInfo (RoleInfo.java:shutdownFollowerState(121)) - a30ad412-36c1-4f85-b105-78cea4061886: shutdown FollowerState
2019-10-16 08:25:07,097 [Thread-3053] INFO  impl.RaftServerImpl (RaftServerImpl.java:setRole(184)) - a30ad412-36c1-4f85-b105-78cea4061886@group-BF4AE0439C06: changes role from  FOLLOWER to CANDIDATE at term 0 for changeToCandidate
2019-10-16 08:25:07,098 [Thread-3053] INFO  impl.RoleInfo (RoleInfo.java:updateAndGet(143)) - a30ad412-36c1-4f85-b105-78cea4061886: start LeaderElection
2019-10-16 08:25:07,101 [a30ad412-36c1-4f85-b105-78cea4061886@group-5CE4E47FC8B7-LeaderElection117] INFO  impl.LeaderElection (LeaderElection.java:logAndReturn(56)) - a30ad412-36c1-4f85-b105-78cea4061886@group-5CE4E47FC8B7-LeaderElection117: Election PASSED; received 1 response(s) [a30ad412-36c1-4f85-b105-78cea4061886<-8c4d487c-e6f5-452c-b4b2-b96be2f99aed#0:OK-t1] and 0 exception(s); a30ad412-36c1-4f85-b105-78cea4061886@group-5CE4E47FC8B7:t1, leader=null, voted=a30ad412-36c1-4f85-b105-78cea4061886, raftlog=a30ad412-36c1-4f85-b105-78cea4061886@group-5CE4E47FC8B7-SegmentedRaftLog:OPENED:c-1,f-1,i0, conf=-1: [262a5e43-a9eb-478a-bee2-934ebfcf7653:192.168.34.43:35333, a30ad412-36c1-4f85-b105-78cea4061886:192.168.34.43:44567, 8c4d487c-e6f5-452c-b4b2-b96be2f99aed:192.168.34.43:39249], old=null
2019-10-16 08:25:07,101 [a30ad412-36c1-4f85-b105-78cea4061886@group-5CE4E47FC8B7-LeaderElection117] INFO  impl.RoleInfo (RoleInfo.java:shutdownLeaderElection(134)) - a30ad412-36c1-4f85-b105-78cea4061886: shutdown LeaderElection
2019-10-16 08:25:07,101 [a30ad412-36c1-4f85-b105-78cea4061886@group-5CE4E47FC8B7-LeaderElection117] INFO  impl.RaftServerImpl (RaftServerImpl.java:setRole(184)) - a30ad412-36c1-4f85-b105-78cea4061886@group-5CE4E47FC8B7: changes role from CANDIDATE to LEADER at term 1 for changeToLeader
2019-10-16 08:25:07,102 [a30ad412-36c1-4f85-b105-78cea4061886@group-5CE4E47FC8B7-LeaderElection117] INFO  impl.RaftServerImpl (ServerState.java:setLeader(256)) - a30ad412-36c1-4f85-b105-78cea4061886@group-5CE4E47FC8B7: change Leader from null to a30ad412-36c1-4f85-b105-78cea4061886 at term 1 for becomeLeader, leader elected after 111ms
2019-10-16 08:25:07,102 [a30ad412-36c1-4f85-b105-78cea4061886@group-5CE4E47FC8B7-LeaderElection117] INFO  server.RaftServerConfigKeys (ConfUtils.java:logGet(43)) - raft.server.staging.catchup.gap = 1000 (default)
2019-10-16 08:25:07,102 [a30ad412-36c1-4f85-b105-78cea4061886@group-5CE4E47FC8B7-LeaderElection117] INFO  server.RaftServerConfigKeys (ConfUtils.java:logGet(43)) - raft.server.rpc.sleep.time = 25ms (default)
2019-10-16 08:25:07,102 [a30ad412-36c1-4f85-b105-78cea4061886@group-5CE4E47FC8B7-LeaderElection117] INFO  server.RaftServerConfigKeys (ConfUtils.java:logGet(43)) - raft.server.write.element-limit = 4096 (default)
2019-10-16 08:25:07,102 [a30ad412-36c1-4f85-b105-78cea4061886@group-5CE4E47FC8B7-LeaderElection117] INFO  server.RaftServerConfigKeys (ConfUtils.java:logGet(43)) - raft.server.watch.timeout = 10s (default)
2019-10-16 08:25:07,102 [a30ad412-36c1-4f85-b105-78cea4061886@group-5CE4E47FC8B7-LeaderElection117] INFO  server.RaftServerConfigKeys (ConfUtils.java:logGet(43)) - raft.server.watch.timeout.denomination = 1s (default)
2019-10-16 08:25:07,102 [a30ad412-36c1-4f85-b105-78cea4061886@group-5CE4E47FC8B7-LeaderElection117] INFO  server.RaftServerConfigKeys (ConfUtils.java:logGet(43)) - raft.server.watch.element-limit = 65536 (default)
2019-10-16 08:25:07,104 [a30ad412-36c1-4f85-b105-78cea4061886@group-5CE4E47FC8B7-LeaderElection117] INFO  server.RaftServerConfigKeys (ConfUtils.java:logGet(43)) - raft.server.log.appender.snapshot.chunk.size.max = 16MB (=16777216) (default)
2019-10-16 08:25:07,104 [a30ad412-36c1-4f85-b105-78cea4061886@group-5CE4E47FC8B7-LeaderElection117] INFO  server.RaftServerConfigKeys (ConfUtils.java:logGet(43)) - raft.server.log.appender.buffer.byte-limit = 33554432 (custom)
2019-10-16 08:25:07,105 [a30ad412-36c1-4f85-b105-78cea4061886@group-5CE4E47FC8B7-LeaderElection117] INFO  server.RaftServerConfigKeys (ConfUtils.java:logGet(43)) - raft.server.log.appender.buffer.element-limit = 1 (custom)
2019-10-16 08:25:07,105 [a30ad412-36c1-4f85-b105-78cea4061886@group-5CE4E47FC8B7-LeaderElection117] INFO  grpc.GrpcConfigKeys$Server (ConfUtils.java:logGet(43)) - raft.grpc.server.leader.outstanding.appends.max = 128 (default)
2019-10-16 08:25:07,105 [a30ad412-36c1-4f85-b105-78cea4061886@group-5CE4E47FC8B7-LeaderElection117] INFO  server.RaftServerConfigKeys (ConfUtils.java:logGet(43)) - raft.server.rpc.request.timeout = 3000ms (default)
2019-10-16 08:25:07,105 [a30ad412-36c1-4f85-b105-78cea4061886@group-5CE4E47FC8B7-LeaderElection117] INFO  server.RaftServerConfigKeys (ConfUtils.java:logGet(43)) - raft.server.log.appender.install.snapshot.enabled = false (custom)
2019-10-16 08:25:07,107 [a30ad412-36c1-4f85-b105-78cea4061886@group-5CE4E47FC8B7-LeaderElection117] INFO  server.RaftServerConfigKeys (ConfUtils.java:logGet(43)) - raft.server.log.appender.snapshot.chunk.size.max = 16MB (=16777216) (default)
2019-10-16 08:25:07,107 [a30ad412-36c1-4f85-b105-78cea4061886@group-5CE4E47FC8B7-LeaderElection117] INFO  server.RaftServerConfigKeys (ConfUtils.java:logGet(43)) - raft.server.log.appender.buffer.byte-limit = 33554432 (custom)
2019-10-16 08:25:07,107 [a30ad412-36c1-4f85-b105-78cea4061886@group-5CE4E47FC8B7-LeaderElection117] INFO  server.RaftServerConfigKeys (ConfUtils.java:logGet(43)) - raft.server.log.appender.buffer.element-limit = 1 (custom)
2019-10-16 08:25:07,107 [a30ad412-36c1-4f85-b105-78cea4061886@group-5CE4E47FC8B7-LeaderElection117] INFO  grpc.GrpcConfigKeys$Server (ConfUtils.java:logGet(43)) - raft.grpc.server.leader.outstanding.appends.max = 128 (default)
2019-10-16 08:25:07,107 [a30ad412-36c1-4f85-b105-78cea4061886@group-5CE4E47FC8B7-LeaderElection117] INFO  server.RaftServerConfigKeys (ConfUtils.java:logGet(43)) - raft.server.rpc.request.timeout = 3000ms (default)
2019-10-16 08:25:07,108 [a30ad412-36c1-4f85-b105-78cea4061886@group-5CE4E47FC8B7-LeaderElection117] INFO  server.RaftServerConfigKeys (ConfUtils.java:logGet(43)) - raft.server.log.appender.install.snapshot.enabled = false (custom)
2019-10-16 08:25:07,109 [a30ad412-36c1-4f85-b105-78cea4061886@group-5CE4E47FC8B7-LeaderElection117] INFO  impl.RoleInfo (RoleInfo.java:updateAndGet(143)) - a30ad412-36c1-4f85-b105-78cea4061886: start LeaderState
2019-10-16 08:25:07,109 [a30ad412-36c1-4f85-b105-78cea4061886@group-5CE4E47FC8B7-LeaderElection117] INFO  segmented.SegmentedRaftLogWorker (SegmentedRaftLogWorker.java:startLogSegment(385)) - a30ad412-36c1-4f85-b105-78cea4061886@group-5CE4E47FC8B7-SegmentedRaftLogWorker: Starting segment from index:0
2019-10-16 08:25:07,110 [a30ad412-36c1-4f85-b105-78cea4061886@group-5CE4E47FC8B7-LeaderElection117] INFO  impl.RaftServerImpl (ServerState.java:setRaftConf(357)) - a30ad412-36c1-4f85-b105-78cea4061886@group-5CE4E47FC8B7: set configuration 0: [262a5e43-a9eb-478a-bee2-934ebfcf7653:192.168.34.43:35333, a30ad412-36c1-4f85-b105-78cea4061886:192.168.34.43:44567, 8c4d487c-e6f5-452c-b4b2-b96be2f99aed:192.168.34.43:39249], old=null at 0
2019-10-16 08:25:07,112 [grpc-default-executor-2] INFO  impl.RaftServerImpl (ServerState.java:setLeader(256)) - 262a5e43-a9eb-478a-bee2-934ebfcf7653@group-5CE4E47FC8B7: change Leader from null to a30ad412-36c1-4f85-b105-78cea4061886 at term 1 for appendEntries, leader elected after 121ms
2019-10-16 08:25:07,112 [grpc-default-executor-1] INFO  impl.RaftServerImpl (ServerState.java:setLeader(256)) - 8c4d487c-e6f5-452c-b4b2-b96be2f99aed@group-5CE4E47FC8B7: change Leader from null to a30ad412-36c1-4f85-b105-78cea4061886 at term 1 for appendEntries, leader elected after 121ms
2019-10-16 08:25:07,148 [a30ad412-36c1-4f85-b105-78cea4061886@group-BF4AE0439C06-LeaderElection118] INFO  impl.LeaderElection (LeaderElection.java:askForVotes(178)) - a30ad412-36c1-4f85-b105-78cea4061886@group-BF4AE0439C06-LeaderElection118: begin an election at term 1 for -1: [a30ad412-36c1-4f85-b105-78cea4061886:192.168.34.43:44567], old=null
2019-10-16 08:25:07,150 [a30ad412-36c1-4f85-b105-78cea4061886@group-BF4AE0439C06-LeaderElection118] INFO  impl.RoleInfo (RoleInfo.java:shutdownLeaderElection(134)) - a30ad412-36c1-4f85-b105-78cea4061886: shutdown LeaderElection
2019-10-16 08:25:07,150 [a30ad412-36c1-4f85-b105-78cea4061886@group-BF4AE0439C06-LeaderElection118] INFO  impl.RaftServerImpl (RaftServerImpl.java:setRole(184)) - a30ad412-36c1-4f85-b105-78cea4061886@group-BF4AE0439C06: changes role from CANDIDATE to LEADER at term 1 for changeToLeader
2019-10-16 08:25:07,150 [a30ad412-36c1-4f85-b105-78cea4061886@group-BF4AE0439C06-LeaderElection118] INFO  impl.RaftServerImpl (ServerState.java:setLeader(256)) - a30ad412-36c1-4f85-b105-78cea4061886@group-BF4AE0439C06: change Leader from null to a30ad412-36c1-4f85-b105-78cea4061886 at term 1 for becomeLeader, leader elected after 240ms
2019-10-16 08:25:07,150 [a30ad412-36c1-4f85-b105-78cea4061886@group-BF4AE0439C06-LeaderElection118] INFO  server.RaftServerConfigKeys (ConfUtils.java:logGet(43)) - raft.server.staging.catchup.gap = 1000 (default)
2019-10-16 08:25:07,150 [a30ad412-36c1-4f85-b105-78cea4061886@group-BF4AE0439C06-LeaderElection118] INFO  server.RaftServerConfigKeys (ConfUtils.java:logGet(43)) - raft.server.rpc.sleep.time = 25ms (default)
2019-10-16 08:25:07,150 [a30ad412-36c1-4f85-b105-78cea4061886@group-BF4AE0439C06-LeaderElection118] INFO  server.RaftServerConfigKeys (ConfUtils.java:logGet(43)) - raft.server.write.element-limit = 4096 (default)
2019-10-16 08:25:07,150 [a30ad412-36c1-4f85-b105-78cea4061886@group-BF4AE0439C06-LeaderElection118] INFO  server.RaftServerConfigKeys (ConfUtils.java:logGet(43)) - raft.server.watch.timeout = 10s (default)
2019-10-16 08:25:07,151 [a30ad412-36c1-4f85-b105-78cea4061886@group-BF4AE0439C06-LeaderElection118] INFO  server.RaftServerConfigKeys (ConfUtils.java:logGet(43)) - raft.server.watch.timeout.denomination = 1s (default)
2019-10-16 08:25:07,151 [a30ad412-36c1-4f85-b105-78cea4061886@group-BF4AE0439C06-LeaderElection118] INFO  server.RaftServerConfigKeys (ConfUtils.java:logGet(43)) - raft.server.watch.element-limit = 65536 (default)
2019-10-16 08:25:07,152 [grpc-default-executor-2] INFO  impl.RaftServerImpl (ServerState.java:setRaftConf(357)) - 8c4d487c-e6f5-452c-b4b2-b96be2f99aed@group-5CE4E47FC8B7: set configuration 0: [262a5e43-a9eb-478a-bee2-934ebfcf7653:192.168.34.43:35333, a30ad412-36c1-4f85-b105-78cea4061886:192.168.34.43:44567, 8c4d487c-e6f5-452c-b4b2-b96be2f99aed:192.168.34.43:39249], old=null at 0
2019-10-16 08:25:07,152 [grpc-default-executor-1] INFO  impl.RaftServerImpl (ServerState.java:setRaftConf(357)) - 262a5e43-a9eb-478a-bee2-934ebfcf7653@group-5CE4E47FC8B7: set configuration 0: [262a5e43-a9eb-478a-bee2-934ebfcf7653:192.168.34.43:35333, a30ad412-36c1-4f85-b105-78cea4061886:192.168.34.43:44567, 8c4d487c-e6f5-452c-b4b2-b96be2f99aed:192.168.34.43:39249], old=null at 0
2019-10-16 08:25:07,152 [a30ad412-36c1-4f85-b105-78cea4061886@group-BF4AE0439C06-LeaderElection118] INFO  impl.RoleInfo (RoleInfo.java:updateAndGet(143)) - a30ad412-36c1-4f85-b105-78cea4061886: start LeaderState
2019-10-16 08:25:07,152 [grpc-default-executor-1] INFO  segmented.SegmentedRaftLogWorker (SegmentedRaftLogWorker.java:startLogSegment(385)) - 262a5e43-a9eb-478a-bee2-934ebfcf7653@group-5CE4E47FC8B7-SegmentedRaftLogWorker: Starting segment from index:0
2019-10-16 08:25:07,152 [grpc-default-executor-2] INFO  segmented.SegmentedRaftLogWorker (SegmentedRaftLogWorker.java:startLogSegment(385)) - 8c4d487c-e6f5-452c-b4b2-b96be2f99aed@group-5CE4E47FC8B7-SegmentedRaftLogWorker: Starting segment from index:0
2019-10-16 08:25:07,152 [a30ad412-36c1-4f85-b105-78cea4061886@group-BF4AE0439C06-LeaderElection118] INFO  segmented.SegmentedRaftLogWorker (SegmentedRaftLogWorker.java:startLogSegment(385)) - a30ad412-36c1-4f85-b105-78cea4061886@group-BF4AE0439C06-SegmentedRaftLogWorker: Starting segment from index:0
2019-10-16 08:25:07,153 [a30ad412-36c1-4f85-b105-78cea4061886@group-BF4AE0439C06-LeaderElection118] INFO  impl.RaftServerImpl (ServerState.java:setRaftConf(357)) - a30ad412-36c1-4f85-b105-78cea4061886@group-BF4AE0439C06: set configuration 0: [a30ad412-36c1-4f85-b105-78cea4061886:192.168.34.43:44567], old=null at 0
2019-10-16 08:25:07,160 [a30ad412-36c1-4f85-b105-78cea4061886@group-5CE4E47FC8B7-SegmentedRaftLogWorker] INFO  segmented.SegmentedRaftLogWorker (SegmentedRaftLogWorker.java:execute(576)) - a30ad412-36c1-4f85-b105-78cea4061886@group-5CE4E47FC8B7-SegmentedRaftLogWorker: created new log segment /workdir/hadoop-ozone/ozonefs/target/test-dir/MiniOzoneClusterImpl-9e3982d0-79a0-40b9-93be-d86ee4913ee6/datanode-2/data/ratis/e9d16af5-1f5b-4ee7-b244-5ce4e47fc8b7/current/log_inprogress_0
2019-10-16 08:25:07,201 [a30ad412-36c1-4f85-b105-78cea4061886@group-BF4AE0439C06-SegmentedRaftLogWorker] INFO  segmented.SegmentedRaftLogWorker (SegmentedRaftLogWorker.java:execute(576)) - a30ad412-36c1-4f85-b105-78cea4061886@group-BF4AE0439C06-SegmentedRaftLogWorker: created new log segment /workdir/hadoop-ozone/ozonefs/target/test-dir/MiniOzoneClusterImpl-9e3982d0-79a0-40b9-93be-d86ee4913ee6/datanode-2/data/ratis/94120803-5042-4bd8-a1f0-bf4ae0439c06/current/log_inprogress_0
2019-10-16 08:25:07,201 [262a5e43-a9eb-478a-bee2-934ebfcf7653@group-5CE4E47FC8B7-SegmentedRaftLogWorker] INFO  segmented.SegmentedRaftLogWorker (SegmentedRaftLogWorker.java:execute(576)) - 262a5e43-a9eb-478a-bee2-934ebfcf7653@group-5CE4E47FC8B7-SegmentedRaftLogWorker: created new log segment /workdir/hadoop-ozone/ozonefs/target/test-dir/MiniOzoneClusterImpl-9e3982d0-79a0-40b9-93be-d86ee4913ee6/datanode-1/data/ratis/e9d16af5-1f5b-4ee7-b244-5ce4e47fc8b7/current/log_inprogress_0
2019-10-16 08:25:07,201 [8c4d487c-e6f5-452c-b4b2-b96be2f99aed@group-5CE4E47FC8B7-SegmentedRaftLogWorker] INFO  segmented.SegmentedRaftLogWorker (SegmentedRaftLogWorker.java:execute(576)) - 8c4d487c-e6f5-452c-b4b2-b96be2f99aed@group-5CE4E47FC8B7-SegmentedRaftLogWorker: created new log segment /workdir/hadoop-ozone/ozonefs/target/test-dir/MiniOzoneClusterImpl-9e3982d0-79a0-40b9-93be-d86ee4913ee6/datanode-0/data/ratis/e9d16af5-1f5b-4ee7-b244-5ce4e47fc8b7/current/log_inprogress_0
2019-10-16 08:25:07,877 [main] INFO  ozone.MiniOzoneClusterImpl (MiniOzoneClusterImpl.java:lambda$waitForClusterToBeReady$0(147)) - Cluster is ready. Got 3 of 3 DN Heartbeats.
2019-10-16 08:25:07,950 [main] INFO  rpc.RpcClient (RpcClient.java:createVolume(272)) - Creating Volume: qjnhxrkkpv, with user68901 as owner.
2019-10-16 08:25:07,954 [IPC Server handler 1 on 32793] INFO  volume.OMVolumeCreateRequest (OMVolumeCreateRequest.java:validateAndUpdateCache(193)) - created volume:qjnhxrkkpv for user:user68901
2019-10-16 08:25:07,965 [main] INFO  rpc.RpcClient (RpcClient.java:createBucket(411)) - Creating Bucket: qjnhxrkkpv/sguhaovnef, with Versioning false and Storage Type set to DISK and Encryption set to false 
2019-10-16 08:25:08,280 [IPC Server handler 10 on 32793] ERROR lock.LockManager (LockManager.java:getLockForReleasing(218)) - Trying to release the lock on /qjnhxrkkpv/sguhaovnef, which was never acquired.
2019-10-16 08:25:08,280 [IPC Server handler 10 on 32793] WARN  ipc.Server (Server.java:logException(2724)) - IPC Server handler 10 on 32793, call Call#324 Retry#0 org.apache.hadoop.ozone.om.protocol.OzoneManagerProtocol.submitRequest from 127.0.0.1:46956
java.lang.IllegalMonitorStateException: Releasing lock on resource /qjnhxrkkpv/sguhaovnef without acquiring lock
	at org.apache.hadoop.ozone.lock.LockManager.getLockForReleasing(LockManager.java:220)
	at org.apache.hadoop.ozone.lock.LockManager.release(LockManager.java:168)
	at org.apache.hadoop.ozone.lock.LockManager.writeUnlock(LockManager.java:148)
	at org.apache.hadoop.ozone.om.lock.OzoneManagerLock.unlock(OzoneManagerLock.java:364)
	at org.apache.hadoop.ozone.om.lock.OzoneManagerLock.releaseWriteLock(OzoneManagerLock.java:329)
	at org.apache.hadoop.ozone.om.request.key.OMKeyCommitRequest.validateAndUpdateCache(OMKeyCommitRequest.java:177)
	at org.apache.hadoop.ozone.protocolPB.OzoneManagerProtocolServerSideTranslatorPB.submitRequestDirectlyToOM(OzoneManagerProtocolServerSideTranslatorPB.java:219)
	at org.apache.hadoop.ozone.protocolPB.OzoneManagerProtocolServerSideTranslatorPB.processRequest(OzoneManagerProtocolServerSideTranslatorPB.java:134)
	at org.apache.hadoop.hdds.server.OzoneProtocolMessageDispatcher.processRequest(OzoneProtocolMessageDispatcher.java:72)
	at org.apache.hadoop.ozone.protocolPB.OzoneManagerProtocolServerSideTranslatorPB.submitRequest(OzoneManagerProtocolServerSideTranslatorPB.java:100)
	at org.apache.hadoop.ozone.protocol.proto.OzoneManagerProtocolProtos$OzoneManagerService$2.callBlockingMethod(OzoneManagerProtocolProtos.java)
	at org.apache.hadoop.ipc.ProtobufRpcEngine$Server$ProtoBufRpcInvoker.call(ProtobufRpcEngine.java:524)
	at org.apache.hadoop.ipc.RPC$Server.call(RPC.java:1025)
	at org.apache.hadoop.ipc.Server$RpcCall.run(Server.java:876)
	at org.apache.hadoop.ipc.Server$RpcCall.run(Server.java:822)
	at java.security.AccessController.doPrivileged(Native Method)
	at javax.security.auth.Subject.doAs(Subject.java:422)
	at org.apache.hadoop.security.UserGroupInformation.doAs(UserGroupInformation.java:1730)
	at org.apache.hadoop.ipc.Server$Handler.run(Server.java:2682)
2019-10-16 08:25:08,283 [main] INFO  retry.RetryInvocationHandler (RetryInvocationHandler.java:log(411)) - com.google.protobuf.ServiceException: org.apache.hadoop.ipc.RemoteException(java.lang.IllegalMonitorStateException): Releasing lock on resource /qjnhxrkkpv/sguhaovnef without acquiring lock
	at org.apache.hadoop.ozone.lock.LockManager.getLockForReleasing(LockManager.java:220)
	at org.apache.hadoop.ozone.lock.LockManager.release(LockManager.java:168)
	at org.apache.hadoop.ozone.lock.LockManager.writeUnlock(LockManager.java:148)
	at org.apache.hadoop.ozone.om.lock.OzoneManagerLock.unlock(OzoneManagerLock.java:364)
	at org.apache.hadoop.ozone.om.lock.OzoneManagerLock.releaseWriteLock(OzoneManagerLock.java:329)
	at org.apache.hadoop.ozone.om.request.key.OMKeyCommitRequest.validateAndUpdateCache(OMKeyCommitRequest.java:177)
	at org.apache.hadoop.ozone.protocolPB.OzoneManagerProtocolServerSideTranslatorPB.submitRequestDirectlyToOM(OzoneManagerProtocolServerSideTranslatorPB.java:219)
	at org.apache.hadoop.ozone.protocolPB.OzoneManagerProtocolServerSideTranslatorPB.processRequest(OzoneManagerProtocolServerSideTranslatorPB.java:134)
	at org.apache.hadoop.hdds.server.OzoneProtocolMessageDispatcher.processRequest(OzoneProtocolMessageDispatcher.java:72)
	at org.apache.hadoop.ozone.protocolPB.OzoneManagerProtocolServerSideTranslatorPB.submitRequest(OzoneManagerProtocolServerSideTranslatorPB.java:100)
	at org.apache.hadoop.ozone.protocol.proto.OzoneManagerProtocolProtos$OzoneManagerService$2.callBlockingMethod(OzoneManagerProtocolProtos.java)
	at org.apache.hadoop.ipc.ProtobufRpcEngine$Server$ProtoBufRpcInvoker.call(ProtobufRpcEngine.java:524)
	at org.apache.hadoop.ipc.RPC$Server.call(RPC.java:1025)
	at org.apache.hadoop.ipc.Server$RpcCall.run(Server.java:876)
	at org.apache.hadoop.ipc.Server$RpcCall.run(Server.java:822)
	at java.security.AccessController.doPrivileged(Native Method)
	at javax.security.auth.Subject.doAs(Subject.java:422)
	at org.apache.hadoop.security.UserGroupInformation.doAs(UserGroupInformation.java:1730)
	at org.apache.hadoop.ipc.Server$Handler.run(Server.java:2682)
, while invoking $Proxy38.submitRequest over nodeId=null,nodeAddress=localhost:32793. Trying to failover immediately.
2019-10-16 08:25:08,285 [IPC Server handler 9 on 32793] ERROR lock.LockManager (LockManager.java:getLockForReleasing(218)) - Trying to release the lock on /qjnhxrkkpv/sguhaovnef, which was never acquired.
2019-10-16 08:25:08,285 [IPC Server handler 9 on 32793] WARN  ipc.Server (Server.java:logException(2724)) - IPC Server handler 9 on 32793, call Call#324 Retry#1 org.apache.hadoop.ozone.om.protocol.OzoneManagerProtocol.submitRequest from 127.0.0.1:46956
java.lang.IllegalMonitorStateException: Releasing lock on resource /qjnhxrkkpv/sguhaovnef without acquiring lock
	at org.apache.hadoop.ozone.lock.LockManager.getLockForReleasing(LockManager.java:220)
	at org.apache.hadoop.ozone.lock.LockManager.release(LockManager.java:168)
	at org.apache.hadoop.ozone.lock.LockManager.writeUnlock(LockManager.java:148)
	at org.apache.hadoop.ozone.om.lock.OzoneManagerLock.unlock(OzoneManagerLock.java:364)
	at org.apache.hadoop.ozone.om.lock.OzoneManagerLock.releaseWriteLock(OzoneManagerLock.java:329)
	at org.apache.hadoop.ozone.om.request.key.OMKeyCommitRequest.validateAndUpdateCache(OMKeyCommitRequest.java:177)
	at org.apache.hadoop.ozone.protocolPB.OzoneManagerProtocolServerSideTranslatorPB.submitRequestDirectlyToOM(OzoneManagerProtocolServerSideTranslatorPB.java:219)
	at org.apache.hadoop.ozone.protocolPB.OzoneManagerProtocolServerSideTranslatorPB.processRequest(OzoneManagerProtocolServerSideTranslatorPB.java:134)
	at org.apache.hadoop.hdds.server.OzoneProtocolMessageDispatcher.processRequest(OzoneProtocolMessageDispatcher.java:72)
	at org.apache.hadoop.ozone.protocolPB.OzoneManagerProtocolServerSideTranslatorPB.submitRequest(OzoneManagerProtocolServerSideTranslatorPB.java:100)
	at org.apache.hadoop.ozone.protocol.proto.OzoneManagerProtocolProtos$OzoneManagerService$2.callBlockingMethod(OzoneManagerProtocolProtos.java)
	at org.apache.hadoop.ipc.ProtobufRpcEngine$Server$ProtoBufRpcInvoker.call(ProtobufRpcEngine.java:524)
	at org.apache.hadoop.ipc.RPC$Server.call(RPC.java:1025)
	at org.apache.hadoop.ipc.Server$RpcCall.run(Server.java:876)
	at org.apache.hadoop.ipc.Server$RpcCall.run(Server.java:822)
	at java.security.AccessController.doPrivileged(Native Method)
	at javax.security.auth.Subject.doAs(Subject.java:422)
	at org.apache.hadoop.security.UserGroupInformation.doAs(UserGroupInformation.java:1730)
	at org.apache.hadoop.ipc.Server$Handler.run(Server.java:2682)
2019-10-16 08:25:08,288 [main] INFO  retry.RetryInvocationHandler (RetryInvocationHandler.java:log(411)) - com.google.protobuf.ServiceException: org.apache.hadoop.ipc.RemoteException(java.lang.IllegalMonitorStateException): Releasing lock on resource /qjnhxrkkpv/sguhaovnef without acquiring lock
	at org.apache.hadoop.ozone.lock.LockManager.getLockForReleasing(LockManager.java:220)
	at org.apache.hadoop.ozone.lock.LockManager.release(LockManager.java:168)
	at org.apache.hadoop.ozone.lock.LockManager.writeUnlock(LockManager.java:148)
	at org.apache.hadoop.ozone.om.lock.OzoneManagerLock.unlock(OzoneManagerLock.java:364)
	at org.apache.hadoop.ozone.om.lock.OzoneManagerLock.releaseWriteLock(OzoneManagerLock.java:329)
	at org.apache.hadoop.ozone.om.request.key.OMKeyCommitRequest.validateAndUpdateCache(OMKeyCommitRequest.java:177)
	at org.apache.hadoop.ozone.protocolPB.OzoneManagerProtocolServerSideTranslatorPB.submitRequestDirectlyToOM(OzoneManagerProtocolServerSideTranslatorPB.java:219)
	at org.apache.hadoop.ozone.protocolPB.OzoneManagerProtocolServerSideTranslatorPB.processRequest(OzoneManagerProtocolServerSideTranslatorPB.java:134)
	at org.apache.hadoop.hdds.server.OzoneProtocolMessageDispatcher.processRequest(OzoneProtocolMessageDispatcher.java:72)
	at org.apache.hadoop.ozone.protocolPB.OzoneManagerProtocolServerSideTranslatorPB.submitRequest(OzoneManagerProtocolServerSideTranslatorPB.java:100)
	at org.apache.hadoop.ozone.protocol.proto.OzoneManagerProtocolProtos$OzoneManagerService$2.callBlockingMethod(OzoneManagerProtocolProtos.java)
	at org.apache.hadoop.ipc.ProtobufRpcEngine$Server$ProtoBufRpcInvoker.call(ProtobufRpcEngine.java:524)
	at org.apache.hadoop.ipc.RPC$Server.call(RPC.java:1025)
	at org.apache.hadoop.ipc.Server$RpcCall.run(Server.java:876)
	at org.apache.hadoop.ipc.Server$RpcCall.run(Server.java:822)
	at java.security.AccessController.doPrivileged(Native Method)
	at javax.security.auth.Subject.doAs(Subject.java:422)
	at org.apache.hadoop.security.UserGroupInformation.doAs(UserGroupInformation.java:1730)
	at org.apache.hadoop.ipc.Server$Handler.run(Server.java:2682)
, while invoking $Proxy38.submitRequest over nodeId=null,nodeAddress=localhost:32793 after 1 failover attempts. Trying to failover immediately.
2019-10-16 08:25:08,291 [IPC Server handler 11 on 32793] ERROR lock.LockManager (LockManager.java:getLockForReleasing(218)) - Trying to release the lock on /qjnhxrkkpv/sguhaovnef, which was never acquired.
2019-10-16 08:25:08,291 [IPC Server handler 11 on 32793] WARN  ipc.Server (Server.java:logException(2724)) - IPC Server handler 11 on 32793, call Call#324 Retry#2 org.apache.hadoop.ozone.om.protocol.OzoneManagerProtocol.submitRequest from 127.0.0.1:46956
java.lang.IllegalMonitorStateException: Releasing lock on resource /qjnhxrkkpv/sguhaovnef without acquiring lock
	at org.apache.hadoop.ozone.lock.LockManager.getLockForReleasing(LockManager.java:220)
	at org.apache.hadoop.ozone.lock.LockManager.release(LockManager.java:168)
	at org.apache.hadoop.ozone.lock.LockManager.writeUnlock(LockManager.java:148)
	at org.apache.hadoop.ozone.om.lock.OzoneManagerLock.unlock(OzoneManagerLock.java:364)
	at org.apache.hadoop.ozone.om.lock.OzoneManagerLock.releaseWriteLock(OzoneManagerLock.java:329)
	at org.apache.hadoop.ozone.om.request.key.OMKeyCommitRequest.validateAndUpdateCache(OMKeyCommitRequest.java:177)
	at org.apache.hadoop.ozone.protocolPB.OzoneManagerProtocolServerSideTranslatorPB.submitRequestDirectlyToOM(OzoneManagerProtocolServerSideTranslatorPB.java:219)
	at org.apache.hadoop.ozone.protocolPB.OzoneManagerProtocolServerSideTranslatorPB.processRequest(OzoneManagerProtocolServerSideTranslatorPB.java:134)
	at org.apache.hadoop.hdds.server.OzoneProtocolMessageDispatcher.processRequest(OzoneProtocolMessageDispatcher.java:72)
	at org.apache.hadoop.ozone.protocolPB.OzoneManagerProtocolServerSideTranslatorPB.submitRequest(OzoneManagerProtocolServerSideTranslatorPB.java:100)
	at org.apache.hadoop.ozone.protocol.proto.OzoneManagerProtocolProtos$OzoneManagerService$2.callBlockingMethod(OzoneManagerProtocolProtos.java)
	at org.apache.hadoop.ipc.ProtobufRpcEngine$Server$ProtoBufRpcInvoker.call(ProtobufRpcEngine.java:524)
	at org.apache.hadoop.ipc.RPC$Server.call(RPC.java:1025)
	at org.apache.hadoop.ipc.Server$RpcCall.run(Server.java:876)
	at org.apache.hadoop.ipc.Server$RpcCall.run(Server.java:822)
	at java.security.AccessController.doPrivileged(Native Method)
	at javax.security.auth.Subject.doAs(Subject.java:422)
	at org.apache.hadoop.security.UserGroupInformation.doAs(UserGroupInformation.java:1730)
	at org.apache.hadoop.ipc.Server$Handler.run(Server.java:2682)
2019-10-16 08:25:08,293 [main] INFO  retry.RetryInvocationHandler (RetryInvocationHandler.java:log(411)) - com.google.protobuf.ServiceException: org.apache.hadoop.ipc.RemoteException(java.lang.IllegalMonitorStateException): Releasing lock on resource /qjnhxrkkpv/sguhaovnef without acquiring lock
	at org.apache.hadoop.ozone.lock.LockManager.getLockForReleasing(LockManager.java:220)
	at org.apache.hadoop.ozone.lock.LockManager.release(LockManager.java:168)
	at org.apache.hadoop.ozone.lock.LockManager.writeUnlock(LockManager.java:148)
	at org.apache.hadoop.ozone.om.lock.OzoneManagerLock.unlock(OzoneManagerLock.java:364)
	at org.apache.hadoop.ozone.om.lock.OzoneManagerLock.releaseWriteLock(OzoneManagerLock.java:329)
	at org.apache.hadoop.ozone.om.request.key.OMKeyCommitRequest.validateAndUpdateCache(OMKeyCommitRequest.java:177)
	at org.apache.hadoop.ozone.protocolPB.OzoneManagerProtocolServerSideTranslatorPB.submitRequestDirectlyToOM(OzoneManagerProtocolServerSideTranslatorPB.java:219)
	at org.apache.hadoop.ozone.protocolPB.OzoneManagerProtocolServerSideTranslatorPB.processRequest(OzoneManagerProtocolServerSideTranslatorPB.java:134)
	at org.apache.hadoop.hdds.server.OzoneProtocolMessageDispatcher.processRequest(OzoneProtocolMessageDispatcher.java:72)
	at org.apache.hadoop.ozone.protocolPB.OzoneManagerProtocolServerSideTranslatorPB.submitRequest(OzoneManagerProtocolServerSideTranslatorPB.java:100)
	at org.apache.hadoop.ozone.protocol.proto.OzoneManagerProtocolProtos$OzoneManagerService$2.callBlockingMethod(OzoneManagerProtocolProtos.java)
	at org.apache.hadoop.ipc.ProtobufRpcEngine$Server$ProtoBufRpcInvoker.call(ProtobufRpcEngine.java:524)
	at org.apache.hadoop.ipc.RPC$Server.call(RPC.java:1025)
	at org.apache.hadoop.ipc.Server$RpcCall.run(Server.java:876)
	at org.apache.hadoop.ipc.Server$RpcCall.run(Server.java:822)
	at java.security.AccessController.doPrivileged(Native Method)
	at javax.security.auth.Subject.doAs(Subject.java:422)
	at org.apache.hadoop.security.UserGroupInformation.doAs(UserGroupInformation.java:1730)
	at org.apache.hadoop.ipc.Server$Handler.run(Server.java:2682)
, while invoking $Proxy38.submitRequest over nodeId=null,nodeAddress=localhost:32793 after 2 failover attempts. Trying to failover immediately.
2019-10-16 08:25:08,295 [IPC Server handler 12 on 32793] ERROR lock.LockManager (LockManager.java:getLockForReleasing(218)) - Trying to release the lock on /qjnhxrkkpv/sguhaovnef, which was never acquired.
2019-10-16 08:25:08,296 [IPC Server handler 12 on 32793] WARN  ipc.Server (Server.java:logException(2724)) - IPC Server handler 12 on 32793, call Call#324 Retry#3 org.apache.hadoop.ozone.om.protocol.OzoneManagerProtocol.submitRequest from 127.0.0.1:46956
java.lang.IllegalMonitorStateException: Releasing lock on resource /qjnhxrkkpv/sguhaovnef without acquiring lock
	at org.apache.hadoop.ozone.lock.LockManager.getLockForReleasing(LockManager.java:220)
	at org.apache.hadoop.ozone.lock.LockManager.release(LockManager.java:168)
	at org.apache.hadoop.ozone.lock.LockManager.writeUnlock(LockManager.java:148)
	at org.apache.hadoop.ozone.om.lock.OzoneManagerLock.unlock(OzoneManagerLock.java:364)
	at org.apache.hadoop.ozone.om.lock.OzoneManagerLock.releaseWriteLock(OzoneManagerLock.java:329)
	at org.apache.hadoop.ozone.om.request.key.OMKeyCommitRequest.validateAndUpdateCache(OMKeyCommitRequest.java:177)
	at org.apache.hadoop.ozone.protocolPB.OzoneManagerProtocolServerSideTranslatorPB.submitRequestDirectlyToOM(OzoneManagerProtocolServerSideTranslatorPB.java:219)
	at org.apache.hadoop.ozone.protocolPB.OzoneManagerProtocolServerSideTranslatorPB.processRequest(OzoneManagerProtocolServerSideTranslatorPB.java:134)
	at org.apache.hadoop.hdds.server.OzoneProtocolMessageDispatcher.processRequest(OzoneProtocolMessageDispatcher.java:72)
	at org.apache.hadoop.ozone.protocolPB.OzoneManagerProtocolServerSideTranslatorPB.submitRequest(OzoneManagerProtocolServerSideTranslatorPB.java:100)
	at org.apache.hadoop.ozone.protocol.proto.OzoneManagerProtocolProtos$OzoneManagerService$2.callBlockingMethod(OzoneManagerProtocolProtos.java)
	at org.apache.hadoop.ipc.ProtobufRpcEngine$Server$ProtoBufRpcInvoker.call(ProtobufRpcEngine.java:524)
	at org.apache.hadoop.ipc.RPC$Server.call(RPC.java:1025)
	at org.apache.hadoop.ipc.Server$RpcCall.run(Server.java:876)
	at org.apache.hadoop.ipc.Server$RpcCall.run(Server.java:822)
	at java.security.AccessController.doPrivileged(Native Method)
	at javax.security.auth.Subject.doAs(Subject.java:422)
	at org.apache.hadoop.security.UserGroupInformation.doAs(UserGroupInformation.java:1730)
	at org.apache.hadoop.ipc.Server$Handler.run(Server.java:2682)
2019-10-16 08:25:08,298 [main] INFO  retry.RetryInvocationHandler (RetryInvocationHandler.java:log(411)) - com.google.protobuf.ServiceException: org.apache.hadoop.ipc.RemoteException(java.lang.IllegalMonitorStateException): Releasing lock on resource /qjnhxrkkpv/sguhaovnef without acquiring lock
	at org.apache.hadoop.ozone.lock.LockManager.getLockForReleasing(LockManager.java:220)
	at org.apache.hadoop.ozone.lock.LockManager.release(LockManager.java:168)
	at org.apache.hadoop.ozone.lock.LockManager.writeUnlock(LockManager.java:148)
	at org.apache.hadoop.ozone.om.lock.OzoneManagerLock.unlock(OzoneManagerLock.java:364)
	at org.apache.hadoop.ozone.om.lock.OzoneManagerLock.releaseWriteLock(OzoneManagerLock.java:329)
	at org.apache.hadoop.ozone.om.request.key.OMKeyCommitRequest.validateAndUpdateCache(OMKeyCommitRequest.java:177)
	at org.apache.hadoop.ozone.protocolPB.OzoneManagerProtocolServerSideTranslatorPB.submitRequestDirectlyToOM(OzoneManagerProtocolServerSideTranslatorPB.java:219)
	at org.apache.hadoop.ozone.protocolPB.OzoneManagerProtocolServerSideTranslatorPB.processRequest(OzoneManagerProtocolServerSideTranslatorPB.java:134)
	at org.apache.hadoop.hdds.server.OzoneProtocolMessageDispatcher.processRequest(OzoneProtocolMessageDispatcher.java:72)
	at org.apache.hadoop.ozone.protocolPB.OzoneManagerProtocolServerSideTranslatorPB.submitRequest(OzoneManagerProtocolServerSideTranslatorPB.java:100)
	at org.apache.hadoop.ozone.protocol.proto.OzoneManagerProtocolProtos$OzoneManagerService$2.callBlockingMethod(OzoneManagerProtocolProtos.java)
	at org.apache.hadoop.ipc.ProtobufRpcEngine$Server$ProtoBufRpcInvoker.call(ProtobufRpcEngine.java:524)
	at org.apache.hadoop.ipc.RPC$Server.call(RPC.java:1025)
	at org.apache.hadoop.ipc.Server$RpcCall.run(Server.java:876)
	at org.apache.hadoop.ipc.Server$RpcCall.run(Server.java:822)
	at java.security.AccessController.doPrivileged(Native Method)
	at javax.security.auth.Subject.doAs(Subject.java:422)
	at org.apache.hadoop.security.UserGroupInformation.doAs(UserGroupInformation.java:1730)
	at org.apache.hadoop.ipc.Server$Handler.run(Server.java:2682)
, while invoking $Proxy38.submitRequest over nodeId=null,nodeAddress=localhost:32793 after 3 failover attempts. Trying to failover immediately.
2019-10-16 08:25:08,301 [IPC Server handler 13 on 32793] ERROR lock.LockManager (LockManager.java:getLockForReleasing(218)) - Trying to release the lock on /qjnhxrkkpv/sguhaovnef, which was never acquired.
2019-10-16 08:25:08,302 [IPC Server handler 13 on 32793] WARN  ipc.Server (Server.java:logException(2724)) - IPC Server handler 13 on 32793, call Call#324 Retry#4 org.apache.hadoop.ozone.om.protocol.OzoneManagerProtocol.submitRequest from 127.0.0.1:46956
java.lang.IllegalMonitorStateException: Releasing lock on resource /qjnhxrkkpv/sguhaovnef without acquiring lock
	at org.apache.hadoop.ozone.lock.LockManager.getLockForReleasing(LockManager.java:220)
	at org.apache.hadoop.ozone.lock.LockManager.release(LockManager.java:168)
	at org.apache.hadoop.ozone.lock.LockManager.writeUnlock(LockManager.java:148)
	at org.apache.hadoop.ozone.om.lock.OzoneManagerLock.unlock(OzoneManagerLock.java:364)
	at org.apache.hadoop.ozone.om.lock.OzoneManagerLock.releaseWriteLock(OzoneManagerLock.java:329)
	at org.apache.hadoop.ozone.om.request.key.OMKeyCommitRequest.validateAndUpdateCache(OMKeyCommitRequest.java:177)
	at org.apache.hadoop.ozone.protocolPB.OzoneManagerProtocolServerSideTranslatorPB.submitRequestDirectlyToOM(OzoneManagerProtocolServerSideTranslatorPB.java:219)
	at org.apache.hadoop.ozone.protocolPB.OzoneManagerProtocolServerSideTranslatorPB.processRequest(OzoneManagerProtocolServerSideTranslatorPB.java:134)
	at org.apache.hadoop.hdds.server.OzoneProtocolMessageDispatcher.processRequest(OzoneProtocolMessageDispatcher.java:72)
	at org.apache.hadoop.ozone.protocolPB.OzoneManagerProtocolServerSideTranslatorPB.submitRequest(OzoneManagerProtocolServerSideTranslatorPB.java:100)
	at org.apache.hadoop.ozone.protocol.proto.OzoneManagerProtocolProtos$OzoneManagerService$2.callBlockingMethod(OzoneManagerProtocolProtos.java)
	at org.apache.hadoop.ipc.ProtobufRpcEngine$Server$ProtoBufRpcInvoker.call(ProtobufRpcEngine.java:524)
	at org.apache.hadoop.ipc.RPC$Server.call(RPC.java:1025)
	at org.apache.hadoop.ipc.Server$RpcCall.run(Server.java:876)
	at org.apache.hadoop.ipc.Server$RpcCall.run(Server.java:822)
	at java.security.AccessController.doPrivileged(Native Method)
	at javax.security.auth.Subject.doAs(Subject.java:422)
	at org.apache.hadoop.security.UserGroupInformation.doAs(UserGroupInformation.java:1730)
	at org.apache.hadoop.ipc.Server$Handler.run(Server.java:2682)
2019-10-16 08:25:08,306 [main] INFO  retry.RetryInvocationHandler (RetryInvocationHandler.java:log(411)) - com.google.protobuf.ServiceException: org.apache.hadoop.ipc.RemoteException(java.lang.IllegalMonitorStateException): Releasing lock on resource /qjnhxrkkpv/sguhaovnef without acquiring lock
	at org.apache.hadoop.ozone.lock.LockManager.getLockForReleasing(LockManager.java:220)
	at org.apache.hadoop.ozone.lock.LockManager.release(LockManager.java:168)
	at org.apache.hadoop.ozone.lock.LockManager.writeUnlock(LockManager.java:148)
	at org.apache.hadoop.ozone.om.lock.OzoneManagerLock.unlock(OzoneManagerLock.java:364)
	at org.apache.hadoop.ozone.om.lock.OzoneManagerLock.releaseWriteLock(OzoneManagerLock.java:329)
	at org.apache.hadoop.ozone.om.request.key.OMKeyCommitRequest.validateAndUpdateCache(OMKeyCommitRequest.java:177)
	at org.apache.hadoop.ozone.protocolPB.OzoneManagerProtocolServerSideTranslatorPB.submitRequestDirectlyToOM(OzoneManagerProtocolServerSideTranslatorPB.java:219)
	at org.apache.hadoop.ozone.protocolPB.OzoneManagerProtocolServerSideTranslatorPB.processRequest(OzoneManagerProtocolServerSideTranslatorPB.java:134)
	at org.apache.hadoop.hdds.server.OzoneProtocolMessageDispatcher.processRequest(OzoneProtocolMessageDispatcher.java:72)
	at org.apache.hadoop.ozone.protocolPB.OzoneManagerProtocolServerSideTranslatorPB.submitRequest(OzoneManagerProtocolServerSideTranslatorPB.java:100)
	at org.apache.hadoop.ozone.protocol.proto.OzoneManagerProtocolProtos$OzoneManagerService$2.callBlockingMethod(OzoneManagerProtocolProtos.java)
	at org.apache.hadoop.ipc.ProtobufRpcEngine$Server$ProtoBufRpcInvoker.call(ProtobufRpcEngine.java:524)
	at org.apache.hadoop.ipc.RPC$Server.call(RPC.java:1025)
	at org.apache.hadoop.ipc.Server$RpcCall.run(Server.java:876)
	at org.apache.hadoop.ipc.Server$RpcCall.run(Server.java:822)
	at java.security.AccessController.doPrivileged(Native Method)
	at javax.security.auth.Subject.doAs(Subject.java:422)
	at org.apache.hadoop.security.UserGroupInformation.doAs(UserGroupInformation.java:1730)
	at org.apache.hadoop.ipc.Server$Handler.run(Server.java:2682)
, while invoking $Proxy38.submitRequest over nodeId=null,nodeAddress=localhost:32793 after 4 failover attempts. Trying to failover immediately.
2019-10-16 08:25:08,308 [IPC Server handler 14 on 32793] ERROR lock.LockManager (LockManager.java:getLockForReleasing(218)) - Trying to release the lock on /qjnhxrkkpv/sguhaovnef, which was never acquired.
2019-10-16 08:25:08,308 [IPC Server handler 14 on 32793] WARN  ipc.Server (Server.java:logException(2724)) - IPC Server handler 14 on 32793, call Call#324 Retry#5 org.apache.hadoop.ozone.om.protocol.OzoneManagerProtocol.submitRequest from 127.0.0.1:46956
java.lang.IllegalMonitorStateException: Releasing lock on resource /qjnhxrkkpv/sguhaovnef without acquiring lock
	at org.apache.hadoop.ozone.lock.LockManager.getLockForReleasing(LockManager.java:220)
	at org.apache.hadoop.ozone.lock.LockManager.release(LockManager.java:168)
	at org.apache.hadoop.ozone.lock.LockManager.writeUnlock(LockManager.java:148)
	at org.apache.hadoop.ozone.om.lock.OzoneManagerLock.unlock(OzoneManagerLock.java:364)
	at org.apache.hadoop.ozone.om.lock.OzoneManagerLock.releaseWriteLock(OzoneManagerLock.java:329)
	at org.apache.hadoop.ozone.om.request.key.OMKeyCommitRequest.validateAndUpdateCache(OMKeyCommitRequest.java:177)
	at org.apache.hadoop.ozone.protocolPB.OzoneManagerProtocolServerSideTranslatorPB.submitRequestDirectlyToOM(OzoneManagerProtocolServerSideTranslatorPB.java:219)
	at org.apache.hadoop.ozone.protocolPB.OzoneManagerProtocolServerSideTranslatorPB.processRequest(OzoneManagerProtocolServerSideTranslatorPB.java:134)
	at org.apache.hadoop.hdds.server.OzoneProtocolMessageDispatcher.processRequest(OzoneProtocolMessageDispatcher.java:72)
	at org.apache.hadoop.ozone.protocolPB.OzoneManagerProtocolServerSideTranslatorPB.submitRequest(OzoneManagerProtocolServerSideTranslatorPB.java:100)
	at org.apache.hadoop.ozone.protocol.proto.OzoneManagerProtocolProtos$OzoneManagerService$2.callBlockingMethod(OzoneManagerProtocolProtos.java)
	at org.apache.hadoop.ipc.ProtobufRpcEngine$Server$ProtoBufRpcInvoker.call(ProtobufRpcEngine.java:524)
	at org.apache.hadoop.ipc.RPC$Server.call(RPC.java:1025)
	at org.apache.hadoop.ipc.Server$RpcCall.run(Server.java:876)
	at org.apache.hadoop.ipc.Server$RpcCall.run(Server.java:822)
	at java.security.AccessController.doPrivileged(Native Method)
	at javax.security.auth.Subject.doAs(Subject.java:422)
	at org.apache.hadoop.security.UserGroupInformation.doAs(UserGroupInformation.java:1730)
	at org.apache.hadoop.ipc.Server$Handler.run(Server.java:2682)
2019-10-16 08:25:08,310 [main] INFO  retry.RetryInvocationHandler (RetryInvocationHandler.java:log(411)) - com.google.protobuf.ServiceException: org.apache.hadoop.ipc.RemoteException(java.lang.IllegalMonitorStateException): Releasing lock on resource /qjnhxrkkpv/sguhaovnef without acquiring lock
	at org.apache.hadoop.ozone.lock.LockManager.getLockForReleasing(LockManager.java:220)
	at org.apache.hadoop.ozone.lock.LockManager.release(LockManager.java:168)
	at org.apache.hadoop.ozone.lock.LockManager.writeUnlock(LockManager.java:148)
	at org.apache.hadoop.ozone.om.lock.OzoneManagerLock.unlock(OzoneManagerLock.java:364)
	at org.apache.hadoop.ozone.om.lock.OzoneManagerLock.releaseWriteLock(OzoneManagerLock.java:329)
	at org.apache.hadoop.ozone.om.request.key.OMKeyCommitRequest.validateAndUpdateCache(OMKeyCommitRequest.java:177)
	at org.apache.hadoop.ozone.protocolPB.OzoneManagerProtocolServerSideTranslatorPB.submitRequestDirectlyToOM(OzoneManagerProtocolServerSideTranslatorPB.java:219)
	at org.apache.hadoop.ozone.protocolPB.OzoneManagerProtocolServerSideTranslatorPB.processRequest(OzoneManagerProtocolServerSideTranslatorPB.java:134)
	at org.apache.hadoop.hdds.server.OzoneProtocolMessageDispatcher.processRequest(OzoneProtocolMessageDispatcher.java:72)
	at org.apache.hadoop.ozone.protocolPB.OzoneManagerProtocolServerSideTranslatorPB.submitRequest(OzoneManagerProtocolServerSideTranslatorPB.java:100)
	at org.apache.hadoop.ozone.protocol.proto.OzoneManagerProtocolProtos$OzoneManagerService$2.callBlockingMethod(OzoneManagerProtocolProtos.java)
	at org.apache.hadoop.ipc.ProtobufRpcEngine$Server$ProtoBufRpcInvoker.call(ProtobufRpcEngine.java:524)
	at org.apache.hadoop.ipc.RPC$Server.call(RPC.java:1025)
	at org.apache.hadoop.ipc.Server$RpcCall.run(Server.java:876)
	at org.apache.hadoop.ipc.Server$RpcCall.run(Server.java:822)
	at java.security.AccessController.doPrivileged(Native Method)
	at javax.security.auth.Subject.doAs(Subject.java:422)
	at org.apache.hadoop.security.UserGroupInformation.doAs(UserGroupInformation.java:1730)
	at org.apache.hadoop.ipc.Server$Handler.run(Server.java:2682)
, while invoking $Proxy38.submitRequest over nodeId=null,nodeAddress=localhost:32793 after 5 failover attempts. Trying to failover immediately.
2019-10-16 08:25:08,312 [IPC Server handler 15 on 32793] ERROR lock.LockManager (LockManager.java:getLockForReleasing(218)) - Trying to release the lock on /qjnhxrkkpv/sguhaovnef, which was never acquired.
2019-10-16 08:25:08,312 [IPC Server handler 15 on 32793] WARN  ipc.Server (Server.java:logException(2724)) - IPC Server handler 15 on 32793, call Call#324 Retry#6 org.apache.hadoop.ozone.om.protocol.OzoneManagerProtocol.submitRequest from 127.0.0.1:46956
java.lang.IllegalMonitorStateException: Releasing lock on resource /qjnhxrkkpv/sguhaovnef without acquiring lock
	at org.apache.hadoop.ozone.lock.LockManager.getLockForReleasing(LockManager.java:220)
	at org.apache.hadoop.ozone.lock.LockManager.release(LockManager.java:168)
	at org.apache.hadoop.ozone.lock.LockManager.writeUnlock(LockManager.java:148)
	at org.apache.hadoop.ozone.om.lock.OzoneManagerLock.unlock(OzoneManagerLock.java:364)
	at org.apache.hadoop.ozone.om.lock.OzoneManagerLock.releaseWriteLock(OzoneManagerLock.java:329)
	at org.apache.hadoop.ozone.om.request.key.OMKeyCommitRequest.validateAndUpdateCache(OMKeyCommitRequest.java:177)
	at org.apache.hadoop.ozone.protocolPB.OzoneManagerProtocolServerSideTranslatorPB.submitRequestDirectlyToOM(OzoneManagerProtocolServerSideTranslatorPB.java:219)
	at org.apache.hadoop.ozone.protocolPB.OzoneManagerProtocolServerSideTranslatorPB.processRequest(OzoneManagerProtocolServerSideTranslatorPB.java:134)
	at org.apache.hadoop.hdds.server.OzoneProtocolMessageDispatcher.processRequest(OzoneProtocolMessageDispatcher.java:72)
	at org.apache.hadoop.ozone.protocolPB.OzoneManagerProtocolServerSideTranslatorPB.submitRequest(OzoneManagerProtocolServerSideTranslatorPB.java:100)
	at org.apache.hadoop.ozone.protocol.proto.OzoneManagerProtocolProtos$OzoneManagerService$2.callBlockingMethod(OzoneManagerProtocolProtos.java)
	at org.apache.hadoop.ipc.ProtobufRpcEngine$Server$ProtoBufRpcInvoker.call(ProtobufRpcEngine.java:524)
	at org.apache.hadoop.ipc.RPC$Server.call(RPC.java:1025)
	at org.apache.hadoop.ipc.Server$RpcCall.run(Server.java:876)
	at org.apache.hadoop.ipc.Server$RpcCall.run(Server.java:822)
	at java.security.AccessController.doPrivileged(Native Method)
	at javax.security.auth.Subject.doAs(Subject.java:422)
	at org.apache.hadoop.security.UserGroupInformation.doAs(UserGroupInformation.java:1730)
	at org.apache.hadoop.ipc.Server$Handler.run(Server.java:2682)
2019-10-16 08:25:08,314 [main] INFO  retry.RetryInvocationHandler (RetryInvocationHandler.java:log(411)) - com.google.protobuf.ServiceException: org.apache.hadoop.ipc.RemoteException(java.lang.IllegalMonitorStateException): Releasing lock on resource /qjnhxrkkpv/sguhaovnef without acquiring lock
	at org.apache.hadoop.ozone.lock.LockManager.getLockForReleasing(LockManager.java:220)
	at org.apache.hadoop.ozone.lock.LockManager.release(LockManager.java:168)
	at org.apache.hadoop.ozone.lock.LockManager.writeUnlock(LockManager.java:148)
	at org.apache.hadoop.ozone.om.lock.OzoneManagerLock.unlock(OzoneManagerLock.java:364)
	at org.apache.hadoop.ozone.om.lock.OzoneManagerLock.releaseWriteLock(OzoneManagerLock.java:329)
	at org.apache.hadoop.ozone.om.request.key.OMKeyCommitRequest.validateAndUpdateCache(OMKeyCommitRequest.java:177)
	at org.apache.hadoop.ozone.protocolPB.OzoneManagerProtocolServerSideTranslatorPB.submitRequestDirectlyToOM(OzoneManagerProtocolServerSideTranslatorPB.java:219)
	at org.apache.hadoop.ozone.protocolPB.OzoneManagerProtocolServerSideTranslatorPB.processRequest(OzoneManagerProtocolServerSideTranslatorPB.java:134)
	at org.apache.hadoop.hdds.server.OzoneProtocolMessageDispatcher.processRequest(OzoneProtocolMessageDispatcher.java:72)
	at org.apache.hadoop.ozone.protocolPB.OzoneManagerProtocolServerSideTranslatorPB.submitRequest(OzoneManagerProtocolServerSideTranslatorPB.java:100)
	at org.apache.hadoop.ozone.protocol.proto.OzoneManagerProtocolProtos$OzoneManagerService$2.callBlockingMethod(OzoneManagerProtocolProtos.java)
	at org.apache.hadoop.ipc.ProtobufRpcEngine$Server$ProtoBufRpcInvoker.call(ProtobufRpcEngine.java:524)
	at org.apache.hadoop.ipc.RPC$Server.call(RPC.java:1025)
	at org.apache.hadoop.ipc.Server$RpcCall.run(Server.java:876)
	at org.apache.hadoop.ipc.Server$RpcCall.run(Server.java:822)
	at java.security.AccessController.doPrivileged(Native Method)
	at javax.security.auth.Subject.doAs(Subject.java:422)
	at org.apache.hadoop.security.UserGroupInformation.doAs(UserGroupInformation.java:1730)
	at org.apache.hadoop.ipc.Server$Handler.run(Server.java:2682)
, while invoking $Proxy38.submitRequest over nodeId=null,nodeAddress=localhost:32793 after 6 failover attempts. Trying to failover immediately.
2019-10-16 08:25:08,316 [IPC Server handler 16 on 32793] ERROR lock.LockManager (LockManager.java:getLockForReleasing(218)) - Trying to release the lock on /qjnhxrkkpv/sguhaovnef, which was never acquired.
2019-10-16 08:25:08,316 [IPC Server handler 16 on 32793] WARN  ipc.Server (Server.java:logException(2724)) - IPC Server handler 16 on 32793, call Call#324 Retry#7 org.apache.hadoop.ozone.om.protocol.OzoneManagerProtocol.submitRequest from 127.0.0.1:46956
java.lang.IllegalMonitorStateException: Releasing lock on resource /qjnhxrkkpv/sguhaovnef without acquiring lock
	at org.apache.hadoop.ozone.lock.LockManager.getLockForReleasing(LockManager.java:220)
	at org.apache.hadoop.ozone.lock.LockManager.release(LockManager.java:168)
	at org.apache.hadoop.ozone.lock.LockManager.writeUnlock(LockManager.java:148)
	at org.apache.hadoop.ozone.om.lock.OzoneManagerLock.unlock(OzoneManagerLock.java:364)
	at org.apache.hadoop.ozone.om.lock.OzoneManagerLock.releaseWriteLock(OzoneManagerLock.java:329)
	at org.apache.hadoop.ozone.om.request.key.OMKeyCommitRequest.validateAndUpdateCache(OMKeyCommitRequest.java:177)
	at org.apache.hadoop.ozone.protocolPB.OzoneManagerProtocolServerSideTranslatorPB.submitRequestDirectlyToOM(OzoneManagerProtocolServerSideTranslatorPB.java:219)
	at org.apache.hadoop.ozone.protocolPB.OzoneManagerProtocolServerSideTranslatorPB.processRequest(OzoneManagerProtocolServerSideTranslatorPB.java:134)
	at org.apache.hadoop.hdds.server.OzoneProtocolMessageDispatcher.processRequest(OzoneProtocolMessageDispatcher.java:72)
	at org.apache.hadoop.ozone.protocolPB.OzoneManagerProtocolServerSideTranslatorPB.submitRequest(OzoneManagerProtocolServerSideTranslatorPB.java:100)
	at org.apache.hadoop.ozone.protocol.proto.OzoneManagerProtocolProtos$OzoneManagerService$2.callBlockingMethod(OzoneManagerProtocolProtos.java)
	at org.apache.hadoop.ipc.ProtobufRpcEngine$Server$ProtoBufRpcInvoker.call(ProtobufRpcEngine.java:524)
	at org.apache.hadoop.ipc.RPC$Server.call(RPC.java:1025)
	at org.apache.hadoop.ipc.Server$RpcCall.run(Server.java:876)
	at org.apache.hadoop.ipc.Server$RpcCall.run(Server.java:822)
	at java.security.AccessController.doPrivileged(Native Method)
	at javax.security.auth.Subject.doAs(Subject.java:422)
	at org.apache.hadoop.security.UserGroupInformation.doAs(UserGroupInformation.java:1730)
	at org.apache.hadoop.ipc.Server$Handler.run(Server.java:2682)
2019-10-16 08:25:08,318 [main] INFO  retry.RetryInvocationHandler (RetryInvocationHandler.java:log(411)) - com.google.protobuf.ServiceException: org.apache.hadoop.ipc.RemoteException(java.lang.IllegalMonitorStateException): Releasing lock on resource /qjnhxrkkpv/sguhaovnef without acquiring lock
	at org.apache.hadoop.ozone.lock.LockManager.getLockForReleasing(LockManager.java:220)
	at org.apache.hadoop.ozone.lock.LockManager.release(LockManager.java:168)
	at org.apache.hadoop.ozone.lock.LockManager.writeUnlock(LockManager.java:148)
	at org.apache.hadoop.ozone.om.lock.OzoneManagerLock.unlock(OzoneManagerLock.java:364)
	at org.apache.hadoop.ozone.om.lock.OzoneManagerLock.releaseWriteLock(OzoneManagerLock.java:329)
	at org.apache.hadoop.ozone.om.request.key.OMKeyCommitRequest.validateAndUpdateCache(OMKeyCommitRequest.java:177)
	at org.apache.hadoop.ozone.protocolPB.OzoneManagerProtocolServerSideTranslatorPB.submitRequestDirectlyToOM(OzoneManagerProtocolServerSideTranslatorPB.java:219)
	at org.apache.hadoop.ozone.protocolPB.OzoneManagerProtocolServerSideTranslatorPB.processRequest(OzoneManagerProtocolServerSideTranslatorPB.java:134)
	at org.apache.hadoop.hdds.server.OzoneProtocolMessageDispatcher.processRequest(OzoneProtocolMessageDispatcher.java:72)
	at org.apache.hadoop.ozone.protocolPB.OzoneManagerProtocolServerSideTranslatorPB.submitRequest(OzoneManagerProtocolServerSideTranslatorPB.java:100)
	at org.apache.hadoop.ozone.protocol.proto.OzoneManagerProtocolProtos$OzoneManagerService$2.callBlockingMethod(OzoneManagerProtocolProtos.java)
	at org.apache.hadoop.ipc.ProtobufRpcEngine$Server$ProtoBufRpcInvoker.call(ProtobufRpcEngine.java:524)
	at org.apache.hadoop.ipc.RPC$Server.call(RPC.java:1025)
	at org.apache.hadoop.ipc.Server$RpcCall.run(Server.java:876)
	at org.apache.hadoop.ipc.Server$RpcCall.run(Server.java:822)
	at java.security.AccessController.doPrivileged(Native Method)
	at javax.security.auth.Subject.doAs(Subject.java:422)
	at org.apache.hadoop.security.UserGroupInformation.doAs(UserGroupInformation.java:1730)
	at org.apache.hadoop.ipc.Server$Handler.run(Server.java:2682)
, while invoking $Proxy38.submitRequest over nodeId=null,nodeAddress=localhost:32793 after 7 failover attempts. Trying to failover immediately.
2019-10-16 08:25:08,320 [IPC Server handler 17 on 32793] ERROR lock.LockManager (LockManager.java:getLockForReleasing(218)) - Trying to release the lock on /qjnhxrkkpv/sguhaovnef, which was never acquired.
2019-10-16 08:25:08,320 [IPC Server handler 17 on 32793] WARN  ipc.Server (Server.java:logException(2724)) - IPC Server handler 17 on 32793, call Call#324 Retry#8 org.apache.hadoop.ozone.om.protocol.OzoneManagerProtocol.submitRequest from 127.0.0.1:46956
java.lang.IllegalMonitorStateException: Releasing lock on resource /qjnhxrkkpv/sguhaovnef without acquiring lock
	at org.apache.hadoop.ozone.lock.LockManager.getLockForReleasing(LockManager.java:220)
	at org.apache.hadoop.ozone.lock.LockManager.release(LockManager.java:168)
	at org.apache.hadoop.ozone.lock.LockManager.writeUnlock(LockManager.java:148)
	at org.apache.hadoop.ozone.om.lock.OzoneManagerLock.unlock(OzoneManagerLock.java:364)
	at org.apache.hadoop.ozone.om.lock.OzoneManagerLock.releaseWriteLock(OzoneManagerLock.java:329)
	at org.apache.hadoop.ozone.om.request.key.OMKeyCommitRequest.validateAndUpdateCache(OMKeyCommitRequest.java:177)
	at org.apache.hadoop.ozone.protocolPB.OzoneManagerProtocolServerSideTranslatorPB.submitRequestDirectlyToOM(OzoneManagerProtocolServerSideTranslatorPB.java:219)
	at org.apache.hadoop.ozone.protocolPB.OzoneManagerProtocolServerSideTranslatorPB.processRequest(OzoneManagerProtocolServerSideTranslatorPB.java:134)
	at org.apache.hadoop.hdds.server.OzoneProtocolMessageDispatcher.processRequest(OzoneProtocolMessageDispatcher.java:72)
	at org.apache.hadoop.ozone.protocolPB.OzoneManagerProtocolServerSideTranslatorPB.submitRequest(OzoneManagerProtocolServerSideTranslatorPB.java:100)
	at org.apache.hadoop.ozone.protocol.proto.OzoneManagerProtocolProtos$OzoneManagerService$2.callBlockingMethod(OzoneManagerProtocolProtos.java)
	at org.apache.hadoop.ipc.ProtobufRpcEngine$Server$ProtoBufRpcInvoker.call(ProtobufRpcEngine.java:524)
	at org.apache.hadoop.ipc.RPC$Server.call(RPC.java:1025)
	at org.apache.hadoop.ipc.Server$RpcCall.run(Server.java:876)
	at org.apache.hadoop.ipc.Server$RpcCall.run(Server.java:822)
	at java.security.AccessController.doPrivileged(Native Method)
	at javax.security.auth.Subject.doAs(Subject.java:422)
	at org.apache.hadoop.security.UserGroupInformation.doAs(UserGroupInformation.java:1730)
	at org.apache.hadoop.ipc.Server$Handler.run(Server.java:2682)
2019-10-16 08:25:08,334 [main] INFO  retry.RetryInvocationHandler (RetryInvocationHandler.java:log(411)) - com.google.protobuf.ServiceException: org.apache.hadoop.ipc.RemoteException(java.lang.IllegalMonitorStateException): Releasing lock on resource /qjnhxrkkpv/sguhaovnef without acquiring lock
	at org.apache.hadoop.ozone.lock.LockManager.getLockForReleasing(LockManager.java:220)
	at org.apache.hadoop.ozone.lock.LockManager.release(LockManager.java:168)
	at org.apache.hadoop.ozone.lock.LockManager.writeUnlock(LockManager.java:148)
	at org.apache.hadoop.ozone.om.lock.OzoneManagerLock.unlock(OzoneManagerLock.java:364)
	at org.apache.hadoop.ozone.om.lock.OzoneManagerLock.releaseWriteLock(OzoneManagerLock.java:329)
	at org.apache.hadoop.ozone.om.request.key.OMKeyCommitRequest.validateAndUpdateCache(OMKeyCommitRequest.java:177)
	at org.apache.hadoop.ozone.protocolPB.OzoneManagerProtocolServerSideTranslatorPB.submitRequestDirectlyToOM(OzoneManagerProtocolServerSideTranslatorPB.java:219)
	at org.apache.hadoop.ozone.protocolPB.OzoneManagerProtocolServerSideTranslatorPB.processRequest(OzoneManagerProtocolServerSideTranslatorPB.java:134)
	at org.apache.hadoop.hdds.server.OzoneProtocolMessageDispatcher.processRequest(OzoneProtocolMessageDispatcher.java:72)
	at org.apache.hadoop.ozone.protocolPB.OzoneManagerProtocolServerSideTranslatorPB.submitRequest(OzoneManagerProtocolServerSideTranslatorPB.java:100)
	at org.apache.hadoop.ozone.protocol.proto.OzoneManagerProtocolProtos$OzoneManagerService$2.callBlockingMethod(OzoneManagerProtocolProtos.java)
	at org.apache.hadoop.ipc.ProtobufRpcEngine$Server$ProtoBufRpcInvoker.call(ProtobufRpcEngine.java:524)
	at org.apache.hadoop.ipc.RPC$Server.call(RPC.java:1025)
	at org.apache.hadoop.ipc.Server$RpcCall.run(Server.java:876)
	at org.apache.hadoop.ipc.Server$RpcCall.run(Server.java:822)
	at java.security.AccessController.doPrivileged(Native Method)
	at javax.security.auth.Subject.doAs(Subject.java:422)
	at org.apache.hadoop.security.UserGroupInformation.doAs(UserGroupInformation.java:1730)
	at org.apache.hadoop.ipc.Server$Handler.run(Server.java:2682)
, while invoking $Proxy38.submitRequest over nodeId=null,nodeAddress=localhost:32793 after 8 failover attempts. Trying to failover immediately.
2019-10-16 08:25:08,336 [IPC Server handler 18 on 32793] ERROR lock.LockManager (LockManager.java:getLockForReleasing(218)) - Trying to release the lock on /qjnhxrkkpv/sguhaovnef, which was never acquired.
2019-10-16 08:25:08,337 [IPC Server handler 18 on 32793] WARN  ipc.Server (Server.java:logException(2724)) - IPC Server handler 18 on 32793, call Call#324 Retry#9 org.apache.hadoop.ozone.om.protocol.OzoneManagerProtocol.submitRequest from 127.0.0.1:46956
java.lang.IllegalMonitorStateException: Releasing lock on resource /qjnhxrkkpv/sguhaovnef without acquiring lock
	at org.apache.hadoop.ozone.lock.LockManager.getLockForReleasing(LockManager.java:220)
	at org.apache.hadoop.ozone.lock.LockManager.release(LockManager.java:168)
	at org.apache.hadoop.ozone.lock.LockManager.writeUnlock(LockManager.java:148)
	at org.apache.hadoop.ozone.om.lock.OzoneManagerLock.unlock(OzoneManagerLock.java:364)
	at org.apache.hadoop.ozone.om.lock.OzoneManagerLock.releaseWriteLock(OzoneManagerLock.java:329)
	at org.apache.hadoop.ozone.om.request.key.OMKeyCommitRequest.validateAndUpdateCache(OMKeyCommitRequest.java:177)
	at org.apache.hadoop.ozone.protocolPB.OzoneManagerProtocolServerSideTranslatorPB.submitRequestDirectlyToOM(OzoneManagerProtocolServerSideTranslatorPB.java:219)
	at org.apache.hadoop.ozone.protocolPB.OzoneManagerProtocolServerSideTranslatorPB.processRequest(OzoneManagerProtocolServerSideTranslatorPB.java:134)
	at org.apache.hadoop.hdds.server.OzoneProtocolMessageDispatcher.processRequest(OzoneProtocolMessageDispatcher.java:72)
	at org.apache.hadoop.ozone.protocolPB.OzoneManagerProtocolServerSideTranslatorPB.submitRequest(OzoneManagerProtocolServerSideTranslatorPB.java:100)
	at org.apache.hadoop.ozone.protocol.proto.OzoneManagerProtocolProtos$OzoneManagerService$2.callBlockingMethod(OzoneManagerProtocolProtos.java)
	at org.apache.hadoop.ipc.ProtobufRpcEngine$Server$ProtoBufRpcInvoker.call(ProtobufRpcEngine.java:524)
	at org.apache.hadoop.ipc.RPC$Server.call(RPC.java:1025)
	at org.apache.hadoop.ipc.Server$RpcCall.run(Server.java:876)
	at org.apache.hadoop.ipc.Server$RpcCall.run(Server.java:822)
	at java.security.AccessController.doPrivileged(Native Method)
	at javax.security.auth.Subject.doAs(Subject.java:422)
	at org.apache.hadoop.security.UserGroupInformation.doAs(UserGroupInformation.java:1730)
	at org.apache.hadoop.ipc.Server$Handler.run(Server.java:2682)
2019-10-16 08:25:08,339 [main] INFO  retry.RetryInvocationHandler (RetryInvocationHandler.java:log(411)) - com.google.protobuf.ServiceException: org.apache.hadoop.ipc.RemoteException(java.lang.IllegalMonitorStateException): Releasing lock on resource /qjnhxrkkpv/sguhaovnef without acquiring lock
	at org.apache.hadoop.ozone.lock.LockManager.getLockForReleasing(LockManager.java:220)
	at org.apache.hadoop.ozone.lock.LockManager.release(LockManager.java:168)
	at org.apache.hadoop.ozone.lock.LockManager.writeUnlock(LockManager.java:148)
	at org.apache.hadoop.ozone.om.lock.OzoneManagerLock.unlock(OzoneManagerLock.java:364)
	at org.apache.hadoop.ozone.om.lock.OzoneManagerLock.releaseWriteLock(OzoneManagerLock.java:329)
	at org.apache.hadoop.ozone.om.request.key.OMKeyCommitRequest.validateAndUpdateCache(OMKeyCommitRequest.java:177)
	at org.apache.hadoop.ozone.protocolPB.OzoneManagerProtocolServerSideTranslatorPB.submitRequestDirectlyToOM(OzoneManagerProtocolServerSideTranslatorPB.java:219)
	at org.apache.hadoop.ozone.protocolPB.OzoneManagerProtocolServerSideTranslatorPB.processRequest(OzoneManagerProtocolServerSideTranslatorPB.java:134)
	at org.apache.hadoop.hdds.server.OzoneProtocolMessageDispatcher.processRequest(OzoneProtocolMessageDispatcher.java:72)
	at org.apache.hadoop.ozone.protocolPB.OzoneManagerProtocolServerSideTranslatorPB.submitRequest(OzoneManagerProtocolServerSideTranslatorPB.java:100)
	at org.apache.hadoop.ozone.protocol.proto.OzoneManagerProtocolProtos$OzoneManagerService$2.callBlockingMethod(OzoneManagerProtocolProtos.java)
	at org.apache.hadoop.ipc.ProtobufRpcEngine$Server$ProtoBufRpcInvoker.call(ProtobufRpcEngine.java:524)
	at org.apache.hadoop.ipc.RPC$Server.call(RPC.java:1025)
	at org.apache.hadoop.ipc.Server$RpcCall.run(Server.java:876)
	at org.apache.hadoop.ipc.Server$RpcCall.run(Server.java:822)
	at java.security.AccessController.doPrivileged(Native Method)
	at javax.security.auth.Subject.doAs(Subject.java:422)
	at org.apache.hadoop.security.UserGroupInformation.doAs(UserGroupInformation.java:1730)
	at org.apache.hadoop.ipc.Server$Handler.run(Server.java:2682)
, while invoking $Proxy38.submitRequest over nodeId=null,nodeAddress=localhost:32793 after 9 failover attempts. Trying to failover immediately.
2019-10-16 08:25:08,341 [IPC Server handler 19 on 32793] ERROR lock.LockManager (LockManager.java:getLockForReleasing(218)) - Trying to release the lock on /qjnhxrkkpv/sguhaovnef, which was never acquired.
2019-10-16 08:25:08,341 [IPC Server handler 19 on 32793] WARN  ipc.Server (Server.java:logException(2724)) - IPC Server handler 19 on 32793, call Call#324 Retry#10 org.apache.hadoop.ozone.om.protocol.OzoneManagerProtocol.submitRequest from 127.0.0.1:46956
java.lang.IllegalMonitorStateException: Releasing lock on resource /qjnhxrkkpv/sguhaovnef without acquiring lock
	at org.apache.hadoop.ozone.lock.LockManager.getLockForReleasing(LockManager.java:220)
	at org.apache.hadoop.ozone.lock.LockManager.release(LockManager.java:168)
	at org.apache.hadoop.ozone.lock.LockManager.writeUnlock(LockManager.java:148)
	at org.apache.hadoop.ozone.om.lock.OzoneManagerLock.unlock(OzoneManagerLock.java:364)
	at org.apache.hadoop.ozone.om.lock.OzoneManagerLock.releaseWriteLock(OzoneManagerLock.java:329)
	at org.apache.hadoop.ozone.om.request.key.OMKeyCommitRequest.validateAndUpdateCache(OMKeyCommitRequest.java:177)
	at org.apache.hadoop.ozone.protocolPB.OzoneManagerProtocolServerSideTranslatorPB.submitRequestDirectlyToOM(OzoneManagerProtocolServerSideTranslatorPB.java:219)
	at org.apache.hadoop.ozone.protocolPB.OzoneManagerProtocolServerSideTranslatorPB.processRequest(OzoneManagerProtocolServerSideTranslatorPB.java:134)
	at org.apache.hadoop.hdds.server.OzoneProtocolMessageDispatcher.processRequest(OzoneProtocolMessageDispatcher.java:72)
	at org.apache.hadoop.ozone.protocolPB.OzoneManagerProtocolServerSideTranslatorPB.submitRequest(OzoneManagerProtocolServerSideTranslatorPB.java:100)
	at org.apache.hadoop.ozone.protocol.proto.OzoneManagerProtocolProtos$OzoneManagerService$2.callBlockingMethod(OzoneManagerProtocolProtos.java)
	at org.apache.hadoop.ipc.ProtobufRpcEngine$Server$ProtoBufRpcInvoker.call(ProtobufRpcEngine.java:524)
	at org.apache.hadoop.ipc.RPC$Server.call(RPC.java:1025)
	at org.apache.hadoop.ipc.Server$RpcCall.run(Server.java:876)
	at org.apache.hadoop.ipc.Server$RpcCall.run(Server.java:822)
	at java.security.AccessController.doPrivileged(Native Method)
	at javax.security.auth.Subject.doAs(Subject.java:422)
	at org.apache.hadoop.security.UserGroupInformation.doAs(UserGroupInformation.java:1730)
	at org.apache.hadoop.ipc.Server$Handler.run(Server.java:2682)
2019-10-16 08:25:08,343 [main] ERROR ha.OMFailoverProxyProvider (OzoneManagerProtocolClientSideTranslatorPB.java:getRetryAction(268)) - Failed to connect to OM. Attempted 10 retries and 10 failovers
2019-10-16 08:25:08,344 [main] INFO  ozone.MiniOzoneClusterImpl (MiniOzoneClusterImpl.java:shutdown(314)) - Shutting down the Mini Ozone Cluster
2019-10-16 08:25:08,344 [main] INFO  ozone.MiniOzoneClusterImpl (MiniOzoneClusterImpl.java:stop(330)) - Stopping the Mini Ozone Cluster
2019-10-16 08:25:08,344 [main] INFO  ozone.MiniOzoneClusterImpl (MiniOzoneClusterImpl.java:stopOM(400)) - Stopping the OzoneManager
2019-10-16 08:25:08,344 [main] INFO  ipc.Server (Server.java:stop(3082)) - Stopping server on 32793
2019-10-16 08:25:08,350 [main] INFO  ratis.OzoneManagerDoubleBuffer (OzoneManagerDoubleBuffer.java:stop(250)) - Stopping OMDoubleBuffer flush thread
2019-10-16 08:25:08,350 [IPC Server Responder] INFO  ipc.Server (Server.java:run(1319)) - Stopping IPC Server Responder
2019-10-16 08:25:08,350 [IPC Server listener on 32793] INFO  ipc.Server (Server.java:run(1185)) - Stopping IPC Server listener on 32793
2019-10-16 08:25:08,351 [main] INFO  utils.BackgroundService (BackgroundService.java:shutdown(151)) - Shutting down service KeyDeletingService
2019-10-16 08:25:08,354 [main] INFO  handler.ContextHandler (ContextHandler.java:doStop(910)) - Stopped o.e.j.w.WebAppContext@7ee2423{/,null,UNAVAILABLE}{/ozoneManager}
2019-10-16 08:25:08,354 [main] INFO  server.AbstractConnector (AbstractConnector.java:doStop(318)) - Stopped ServerConnector@343d1d25{HTTP/1.1,[http/1.1]}{0.0.0.0:0}
2019-10-16 08:25:08,355 [main] INFO  handler.ContextHandler (ContextHandler.java:doStop(910)) - Stopped o.e.j.s.ServletContextHandler@638977e0{/static,jar:file:/home/user/.m2/repository/org/apache/hadoop/hadoop-ozone-ozone-manager/0.5.0-SNAPSHOT/hadoop-ozone-ozone-manager-0.5.0-SNAPSHOT.jar!/webapps/static,UNAVAILABLE}
2019-10-16 08:25:08,355 [main] INFO  handler.ContextHandler (ContextHandler.java:doStop(910)) - Stopped o.e.j.s.ServletContextHandler@73be4cdd{/logs,file:///workdir/hadoop-ozone/ozonefs/target/log,UNAVAILABLE}
2019-10-16 08:25:08,364 [main] INFO  ozone.MiniOzoneClusterImpl (MiniOzoneClusterImpl.java:stopDatanodes(377)) - Stopping the HddsDatanodes
2019-10-16 08:25:09,199 [Datanode State Machine Thread - 0] INFO  statemachine.DatanodeStateMachine (DatanodeStateMachine.java:lambda$startDaemon$0(350)) - Ozone container server started.
2019-10-16 08:25:09,220 [Datanode State Machine Thread - 0] INFO  statemachine.DatanodeStateMachine (DatanodeStateMachine.java:lambda$startDaemon$0(350)) - Ozone container server started.
2019-10-16 08:25:09,715 [Thread-3045] INFO  container.ReplicationManager (ReplicationManager.java:start(162)) - Starting Replication Monitor Thread.
2019-10-16 08:25:09,718 [ReplicationMonitor] INFO  container.ReplicationManager (ReplicationManager.java:run(225)) - Replication Monitor Thread took 1 milliseconds for processing 1 containers.
2019-10-16 08:25:13,365 [main] INFO  ozoneimpl.OzoneContainer (OzoneContainer.java:stop(227)) - Attempting to stop container services.
2019-10-16 08:25:13,365 [ForkJoinPool.commonPool-worker-1] INFO  ozoneimpl.OzoneContainer (OzoneContainer.java:stop(227)) - Attempting to stop container services.
2019-10-16 08:25:13,366 [main] INFO  impl.RaftServerProxy (RaftServerProxy.java:lambda$close$4(314)) - 262a5e43-a9eb-478a-bee2-934ebfcf7653: close
2019-10-16 08:25:13,366 [ForkJoinPool.commonPool-worker-1] INFO  impl.RaftServerProxy (RaftServerProxy.java:lambda$close$4(314)) - 8c4d487c-e6f5-452c-b4b2-b96be2f99aed: close
2019-10-16 08:25:13,366 [main] INFO  impl.RaftServerImpl (RaftServerImpl.java:lambda$shutdown$3(261)) - 262a5e43-a9eb-478a-bee2-934ebfcf7653@group-5CE4E47FC8B7: shutdown
2019-10-16 08:25:13,366 [ForkJoinPool.commonPool-worker-1] INFO  impl.RaftServerImpl (RaftServerImpl.java:lambda$shutdown$3(261)) - 8c4d487c-e6f5-452c-b4b2-b96be2f99aed@group-5CE4E47FC8B7: shutdown
2019-10-16 08:25:13,367 [main] INFO  util.JmxRegister (JmxRegister.java:unregister(73)) - Successfully un-registered JMX Bean with object name Ratis:service=RaftServer,group=group-5CE4E47FC8B7,id=262a5e43-a9eb-478a-bee2-934ebfcf7653
2019-10-16 08:25:13,367 [ForkJoinPool.commonPool-worker-1] INFO  util.JmxRegister (JmxRegister.java:unregister(73)) - Successfully un-registered JMX Bean with object name Ratis:service=RaftServer,group=group-5CE4E47FC8B7,id=8c4d487c-e6f5-452c-b4b2-b96be2f99aed
2019-10-16 08:25:13,367 [main] INFO  impl.RoleInfo (RoleInfo.java:shutdownFollowerState(121)) - 262a5e43-a9eb-478a-bee2-934ebfcf7653: shutdown FollowerState
2019-10-16 08:25:13,367 [ForkJoinPool.commonPool-worker-1] INFO  impl.RoleInfo (RoleInfo.java:shutdownFollowerState(121)) - 8c4d487c-e6f5-452c-b4b2-b96be2f99aed: shutdown FollowerState
2019-10-16 08:25:13,368 [Thread-3071] INFO  impl.FollowerState (FollowerState.java:run(117)) - 262a5e43-a9eb-478a-bee2-934ebfcf7653@group-5CE4E47FC8B7-FollowerState was interrupted: java.lang.InterruptedException: sleep interrupted
2019-10-16 08:25:13,368 [262a5e43-a9eb-478a-bee2-934ebfcf7653@group-5CE4E47FC8B7-StateMachineUpdater] INFO  ratis.ContainerStateMachine (ContainerStateMachine.java:takeSnapshot(294)) - group-5CE4E47FC8B7: Taking a snapshot at:(t:1, i:3) file /workdir/hadoop-ozone/ozonefs/target/test-dir/MiniOzoneClusterImpl-9e3982d0-79a0-40b9-93be-d86ee4913ee6/datanode-1/data/ratis/e9d16af5-1f5b-4ee7-b244-5ce4e47fc8b7/sm/snapshot.1_3
2019-10-16 08:25:13,368 [main] INFO  impl.StateMachineUpdater (StateMachineUpdater.java:stopAndJoin(136)) - 262a5e43-a9eb-478a-bee2-934ebfcf7653@group-5CE4E47FC8B7-StateMachineUpdater: set stopIndex = 4
2019-10-16 08:25:13,368 [8c4d487c-e6f5-452c-b4b2-b96be2f99aed@group-5CE4E47FC8B7-StateMachineUpdater] INFO  ratis.ContainerStateMachine (ContainerStateMachine.java:takeSnapshot(294)) - group-5CE4E47FC8B7: Taking a snapshot at:(t:1, i:3) file /workdir/hadoop-ozone/ozonefs/target/test-dir/MiniOzoneClusterImpl-9e3982d0-79a0-40b9-93be-d86ee4913ee6/datanode-0/data/ratis/e9d16af5-1f5b-4ee7-b244-5ce4e47fc8b7/sm/snapshot.1_3
2019-10-16 08:25:13,368 [Thread-3072] INFO  impl.FollowerState (FollowerState.java:run(117)) - 8c4d487c-e6f5-452c-b4b2-b96be2f99aed@group-5CE4E47FC8B7-FollowerState was interrupted: java.lang.InterruptedException: sleep interrupted
2019-10-16 08:25:13,368 [ForkJoinPool.commonPool-worker-1] INFO  impl.StateMachineUpdater (StateMachineUpdater.java:stopAndJoin(136)) - 8c4d487c-e6f5-452c-b4b2-b96be2f99aed@group-5CE4E47FC8B7-StateMachineUpdater: set stopIndex = 4
2019-10-16 08:25:13,382 [8c4d487c-e6f5-452c-b4b2-b96be2f99aed@group-5CE4E47FC8B7-StateMachineUpdater] INFO  ratis.ContainerStateMachine (ContainerStateMachine.java:takeSnapshot(305)) - group-5CE4E47FC8B7: Finished taking a snapshot at:(t:1, i:3) file:/workdir/hadoop-ozone/ozonefs/target/test-dir/MiniOzoneClusterImpl-9e3982d0-79a0-40b9-93be-d86ee4913ee6/datanode-0/data/ratis/e9d16af5-1f5b-4ee7-b244-5ce4e47fc8b7/sm/snapshot.1_3 time:15
2019-10-16 08:25:13,382 [262a5e43-a9eb-478a-bee2-934ebfcf7653@group-5CE4E47FC8B7-StateMachineUpdater] INFO  ratis.ContainerStateMachine (ContainerStateMachine.java:takeSnapshot(305)) - group-5CE4E47FC8B7: Finished taking a snapshot at:(t:1, i:3) file:/workdir/hadoop-ozone/ozonefs/target/test-dir/MiniOzoneClusterImpl-9e3982d0-79a0-40b9-93be-d86ee4913ee6/datanode-1/data/ratis/e9d16af5-1f5b-4ee7-b244-5ce4e47fc8b7/sm/snapshot.1_3 time:15
2019-10-16 08:25:13,383 [8c4d487c-e6f5-452c-b4b2-b96be2f99aed@group-5CE4E47FC8B7-StateMachineUpdater] INFO  impl.StateMachineUpdater (StateMachineUpdater.java:takeSnapshot(269)) - 8c4d487c-e6f5-452c-b4b2-b96be2f99aed@group-5CE4E47FC8B7-StateMachineUpdater: Took a snapshot at index 3
2019-10-16 08:25:13,383 [262a5e43-a9eb-478a-bee2-934ebfcf7653@group-5CE4E47FC8B7-StateMachineUpdater] INFO  impl.StateMachineUpdater (StateMachineUpdater.java:takeSnapshot(269)) - 262a5e43-a9eb-478a-bee2-934ebfcf7653@group-5CE4E47FC8B7-StateMachineUpdater: Took a snapshot at index 3
2019-10-16 08:25:13,383 [8c4d487c-e6f5-452c-b4b2-b96be2f99aed@group-5CE4E47FC8B7-StateMachineUpdater] INFO  impl.StateMachineUpdater (StateMachineUpdater.java:lambda$new$0(84)) - 8c4d487c-e6f5-452c-b4b2-b96be2f99aed@group-5CE4E47FC8B7-StateMachineUpdater: snapshotIndex: updateIncreasingly -1 -> 3
2019-10-16 08:25:13,383 [262a5e43-a9eb-478a-bee2-934ebfcf7653@group-5CE4E47FC8B7-StateMachineUpdater] INFO  impl.StateMachineUpdater (StateMachineUpdater.java:lambda$new$0(84)) - 262a5e43-a9eb-478a-bee2-934ebfcf7653@group-5CE4E47FC8B7-StateMachineUpdater: snapshotIndex: updateIncreasingly -1 -> 3
2019-10-16 08:25:13,383 [8c4d487c-e6f5-452c-b4b2-b96be2f99aed@group-5CE4E47FC8B7-StateMachineUpdater] INFO  ratis.ContainerStateMachine (ContainerStateMachine.java:takeSnapshot(294)) - group-5CE4E47FC8B7: Taking a snapshot at:(t:1, i:3) file /workdir/hadoop-ozone/ozonefs/target/test-dir/MiniOzoneClusterImpl-9e3982d0-79a0-40b9-93be-d86ee4913ee6/datanode-0/data/ratis/e9d16af5-1f5b-4ee7-b244-5ce4e47fc8b7/sm/snapshot.1_3
2019-10-16 08:25:13,383 [262a5e43-a9eb-478a-bee2-934ebfcf7653@group-5CE4E47FC8B7-StateMachineUpdater] INFO  ratis.ContainerStateMachine (ContainerStateMachine.java:takeSnapshot(294)) - group-5CE4E47FC8B7: Taking a snapshot at:(t:1, i:3) file /workdir/hadoop-ozone/ozonefs/target/test-dir/MiniOzoneClusterImpl-9e3982d0-79a0-40b9-93be-d86ee4913ee6/datanode-1/data/ratis/e9d16af5-1f5b-4ee7-b244-5ce4e47fc8b7/sm/snapshot.1_3
2019-10-16 08:25:13,396 [8c4d487c-e6f5-452c-b4b2-b96be2f99aed@group-5CE4E47FC8B7-StateMachineUpdater] INFO  ratis.ContainerStateMachine (ContainerStateMachine.java:takeSnapshot(305)) - group-5CE4E47FC8B7: Finished taking a snapshot at:(t:1, i:3) file:/workdir/hadoop-ozone/ozonefs/target/test-dir/MiniOzoneClusterImpl-9e3982d0-79a0-40b9-93be-d86ee4913ee6/datanode-0/data/ratis/e9d16af5-1f5b-4ee7-b244-5ce4e47fc8b7/sm/snapshot.1_3 time:13
2019-10-16 08:25:13,396 [262a5e43-a9eb-478a-bee2-934ebfcf7653@group-5CE4E47FC8B7-StateMachineUpdater] INFO  ratis.ContainerStateMachine (ContainerStateMachine.java:takeSnapshot(305)) - group-5CE4E47FC8B7: Finished taking a snapshot at:(t:1, i:3) file:/workdir/hadoop-ozone/ozonefs/target/test-dir/MiniOzoneClusterImpl-9e3982d0-79a0-40b9-93be-d86ee4913ee6/datanode-1/data/ratis/e9d16af5-1f5b-4ee7-b244-5ce4e47fc8b7/sm/snapshot.1_3 time:13
2019-10-16 08:25:13,397 [8c4d487c-e6f5-452c-b4b2-b96be2f99aed@group-5CE4E47FC8B7-StateMachineUpdater] INFO  impl.StateMachineUpdater (StateMachineUpdater.java:takeSnapshot(269)) - 8c4d487c-e6f5-452c-b4b2-b96be2f99aed@group-5CE4E47FC8B7-StateMachineUpdater: Took a snapshot at index 3
2019-10-16 08:25:13,397 [8c4d487c-e6f5-452c-b4b2-b96be2f99aed@group-5CE4E47FC8B7-StateMachineUpdater] INFO  impl.StateMachineUpdater (StateMachineUpdater.java:lambda$new$0(84)) - 8c4d487c-e6f5-452c-b4b2-b96be2f99aed@group-5CE4E47FC8B7-StateMachineUpdater: snapshotIndex: updateIncreasingly 3 -> 3
2019-10-16 08:25:13,397 [262a5e43-a9eb-478a-bee2-934ebfcf7653@group-5CE4E47FC8B7-StateMachineUpdater] INFO  impl.StateMachineUpdater (StateMachineUpdater.java:takeSnapshot(269)) - 262a5e43-a9eb-478a-bee2-934ebfcf7653@group-5CE4E47FC8B7-StateMachineUpdater: Took a snapshot at index 3
2019-10-16 08:25:13,397 [262a5e43-a9eb-478a-bee2-934ebfcf7653@group-5CE4E47FC8B7-StateMachineUpdater] INFO  impl.StateMachineUpdater (StateMachineUpdater.java:lambda$new$0(84)) - 262a5e43-a9eb-478a-bee2-934ebfcf7653@group-5CE4E47FC8B7-StateMachineUpdater: snapshotIndex: updateIncreasingly 3 -> 3
2019-10-16 08:25:13,397 [ForkJoinPool.commonPool-worker-1] INFO  impl.RaftServerImpl (ServerState.java:close(388)) - 8c4d487c-e6f5-452c-b4b2-b96be2f99aed@group-5CE4E47FC8B7: closes. applyIndex: 4
2019-10-16 08:25:13,397 [main] INFO  impl.RaftServerImpl (ServerState.java:close(388)) - 262a5e43-a9eb-478a-bee2-934ebfcf7653@group-5CE4E47FC8B7: closes. applyIndex: 4
2019-10-16 08:25:13,398 [8c4d487c-e6f5-452c-b4b2-b96be2f99aed@group-5CE4E47FC8B7-SegmentedRaftLogWorker] INFO  segmented.SegmentedRaftLogWorker (SegmentedRaftLogWorker.java:run(316)) - 8c4d487c-e6f5-452c-b4b2-b96be2f99aed@group-5CE4E47FC8B7-SegmentedRaftLogWorker was interrupted, exiting. There are 0 tasks remaining in the queue.
2019-10-16 08:25:13,398 [262a5e43-a9eb-478a-bee2-934ebfcf7653@group-5CE4E47FC8B7-SegmentedRaftLogWorker] INFO  segmented.SegmentedRaftLogWorker (SegmentedRaftLogWorker.java:run(316)) - 262a5e43-a9eb-478a-bee2-934ebfcf7653@group-5CE4E47FC8B7-SegmentedRaftLogWorker was interrupted, exiting. There are 0 tasks remaining in the queue.
2019-10-16 08:25:13,401 [ForkJoinPool.commonPool-worker-1] INFO  segmented.SegmentedRaftLogWorker (SegmentedRaftLogWorker.java:close(224)) - 8c4d487c-e6f5-452c-b4b2-b96be2f99aed@group-5CE4E47FC8B7-SegmentedRaftLogWorker close()
2019-10-16 08:25:13,402 [main] INFO  segmented.SegmentedRaftLogWorker (SegmentedRaftLogWorker.java:close(224)) - 262a5e43-a9eb-478a-bee2-934ebfcf7653@group-5CE4E47FC8B7-SegmentedRaftLogWorker close()
2019-10-16 08:25:13,406 [ForkJoinPool.commonPool-worker-1] INFO  impl.RaftServerImpl (RaftServerImpl.java:lambda$shutdown$3(261)) - 8c4d487c-e6f5-452c-b4b2-b96be2f99aed@group-5FA460067C75: shutdown
2019-10-16 08:25:13,409 [main] INFO  impl.RaftServerImpl (RaftServerImpl.java:lambda$shutdown$3(261)) - 262a5e43-a9eb-478a-bee2-934ebfcf7653@group-B24BBA48FCDF: shutdown
2019-10-16 08:25:13,410 [ForkJoinPool.commonPool-worker-1] INFO  util.JmxRegister (JmxRegister.java:unregister(73)) - Successfully un-registered JMX Bean with object name Ratis:service=RaftServer,group=group-5FA460067C75,id=8c4d487c-e6f5-452c-b4b2-b96be2f99aed
2019-10-16 08:25:13,410 [main] INFO  util.JmxRegister (JmxRegister.java:unregister(73)) - Successfully un-registered JMX Bean with object name Ratis:service=RaftServer,group=group-B24BBA48FCDF,id=262a5e43-a9eb-478a-bee2-934ebfcf7653
2019-10-16 08:25:13,410 [ForkJoinPool.commonPool-worker-1] INFO  impl.RoleInfo (RoleInfo.java:shutdownLeaderState(104)) - 8c4d487c-e6f5-452c-b4b2-b96be2f99aed: shutdown LeaderState
2019-10-16 08:25:13,411 [main] INFO  impl.RoleInfo (RoleInfo.java:shutdownLeaderState(104)) - 262a5e43-a9eb-478a-bee2-934ebfcf7653: shutdown LeaderState
2019-10-16 08:25:13,411 [ForkJoinPool.commonPool-worker-1] INFO  impl.PendingRequests (PendingRequests.java:sendNotLeaderResponses(202)) - 8c4d487c-e6f5-452c-b4b2-b96be2f99aed@group-5FA460067C75-PendingRequests: sendNotLeaderResponses
2019-10-16 08:25:13,411 [main] INFO  impl.PendingRequests (PendingRequests.java:sendNotLeaderResponses(202)) - 262a5e43-a9eb-478a-bee2-934ebfcf7653@group-B24BBA48FCDF-PendingRequests: sendNotLeaderResponses
2019-10-16 08:25:13,412 [ForkJoinPool.commonPool-worker-1] INFO  impl.StateMachineUpdater (StateMachineUpdater.java:stopAndJoin(136)) - 8c4d487c-e6f5-452c-b4b2-b96be2f99aed@group-5FA460067C75-StateMachineUpdater: set stopIndex = 0
2019-10-16 08:25:13,412 [main] INFO  impl.StateMachineUpdater (StateMachineUpdater.java:stopAndJoin(136)) - 262a5e43-a9eb-478a-bee2-934ebfcf7653@group-B24BBA48FCDF-StateMachineUpdater: set stopIndex = 0
2019-10-16 08:25:13,412 [main] INFO  impl.RaftServerImpl (ServerState.java:close(388)) - 262a5e43-a9eb-478a-bee2-934ebfcf7653@group-B24BBA48FCDF: closes. applyIndex: 0
2019-10-16 08:25:13,412 [ForkJoinPool.commonPool-worker-1] INFO  impl.RaftServerImpl (ServerState.java:close(388)) - 8c4d487c-e6f5-452c-b4b2-b96be2f99aed@group-5FA460067C75: closes. applyIndex: 0
2019-10-16 08:25:13,413 [262a5e43-a9eb-478a-bee2-934ebfcf7653@group-B24BBA48FCDF-SegmentedRaftLogWorker] INFO  segmented.SegmentedRaftLogWorker (SegmentedRaftLogWorker.java:run(316)) - 262a5e43-a9eb-478a-bee2-934ebfcf7653@group-B24BBA48FCDF-SegmentedRaftLogWorker was interrupted, exiting. There are 0 tasks remaining in the queue.
2019-10-16 08:25:13,413 [8c4d487c-e6f5-452c-b4b2-b96be2f99aed@group-5FA460067C75-SegmentedRaftLogWorker] INFO  segmented.SegmentedRaftLogWorker (SegmentedRaftLogWorker.java:run(316)) - 8c4d487c-e6f5-452c-b4b2-b96be2f99aed@group-5FA460067C75-SegmentedRaftLogWorker was interrupted, exiting. There are 0 tasks remaining in the queue.
2019-10-16 08:25:13,415 [main] INFO  segmented.SegmentedRaftLogWorker (SegmentedRaftLogWorker.java:close(224)) - 262a5e43-a9eb-478a-bee2-934ebfcf7653@group-B24BBA48FCDF-SegmentedRaftLogWorker close()
2019-10-16 08:25:13,417 [ForkJoinPool.commonPool-worker-1] INFO  segmented.SegmentedRaftLogWorker (SegmentedRaftLogWorker.java:close(224)) - 8c4d487c-e6f5-452c-b4b2-b96be2f99aed@group-5FA460067C75-SegmentedRaftLogWorker close()
2019-10-16 08:25:13,420 [main] INFO  server.GrpcService (GrpcService.java:closeImpl(164)) - 262a5e43-a9eb-478a-bee2-934ebfcf7653: shutdown server with port 35333 now
2019-10-16 08:25:13,422 [ForkJoinPool.commonPool-worker-1] INFO  server.GrpcService (GrpcService.java:closeImpl(164)) - 8c4d487c-e6f5-452c-b4b2-b96be2f99aed: shutdown server with port 39249 now
2019-10-16 08:25:13,423 [grpc-default-executor-2] WARN  server.GrpcServerProtocolService (LogUtils.java:warn(134)) - 262a5e43-a9eb-478a-bee2-934ebfcf7653: installSnapshot onError, lastRequest: a30ad412-36c1-4f85-b105-78cea4061886->262a5e43-a9eb-478a-bee2-934ebfcf7653#7-t1, previous=(t:1, i:4), leaderCommit=4, initializing? false, entries: <empty>: org.apache.ratis.thirdparty.io.grpc.StatusRuntimeException: CANCELLED: cancelled before receiving half close
2019-10-16 08:25:13,424 [ForkJoinPool.commonPool-worker-1] INFO  server.GrpcService (GrpcService.java:closeImpl(172)) - 8c4d487c-e6f5-452c-b4b2-b96be2f99aed: shutdown server with port 39249 successfully
2019-10-16 08:25:13,424 [grpc-default-executor-0] WARN  server.GrpcServerProtocolService (LogUtils.java:warn(134)) - 8c4d487c-e6f5-452c-b4b2-b96be2f99aed: installSnapshot onError, lastRequest: a30ad412-36c1-4f85-b105-78cea4061886->8c4d487c-e6f5-452c-b4b2-b96be2f99aed#7-t1, previous=(t:1, i:4), leaderCommit=4, initializing? false, entries: <empty>: org.apache.ratis.thirdparty.io.grpc.StatusRuntimeException: CANCELLED: cancelled before receiving half close
2019-10-16 08:25:13,424 [main] INFO  server.GrpcService (GrpcService.java:closeImpl(172)) - 262a5e43-a9eb-478a-bee2-934ebfcf7653: shutdown server with port 35333 successfully
2019-10-16 08:25:13,426 [grpc-default-executor-4] WARN  server.GrpcLogAppender (LogUtils.java:warn(134)) - a30ad412-36c1-4f85-b105-78cea4061886@group-5CE4E47FC8B7->8c4d487c-e6f5-452c-b4b2-b96be2f99aed-AppendLogResponseHandler: Failed appendEntries: org.apache.ratis.thirdparty.io.grpc.StatusRuntimeException: CANCELLED: HTTP/2 error code: CANCEL
Received Rst Stream
2019-10-16 08:25:13,426 [grpc-default-executor-1] WARN  server.GrpcLogAppender (LogUtils.java:warn(134)) - a30ad412-36c1-4f85-b105-78cea4061886@group-5CE4E47FC8B7->262a5e43-a9eb-478a-bee2-934ebfcf7653-AppendLogResponseHandler: Failed appendEntries: org.apache.ratis.thirdparty.io.grpc.StatusRuntimeException: CANCELLED: HTTP/2 error code: CANCEL
Received Rst Stream
2019-10-16 08:25:13,429 [refreshUsed-/workdir/hadoop-ozone/ozonefs/target/test-dir/MiniOzoneClusterImpl-9e3982d0-79a0-40b9-93be-d86ee4913ee6/datanode-0/data/containers] WARN  fs.CachingGetSpaceUsed (CachingGetSpaceUsed.java:run(183)) - Thread Interrupted waiting to refresh disk information: sleep interrupted
2019-10-16 08:25:13,436 [refreshUsed-/workdir/hadoop-ozone/ozonefs/target/test-dir/MiniOzoneClusterImpl-9e3982d0-79a0-40b9-93be-d86ee4913ee6/datanode-1/data/containers] WARN  fs.CachingGetSpaceUsed (CachingGetSpaceUsed.java:run(183)) - Thread Interrupted waiting to refresh disk information: sleep interrupted
2019-10-16 08:25:13,463 [ForkJoinPool.commonPool-worker-1] INFO  utils.BackgroundService (BackgroundService.java:shutdown(151)) - Shutting down service BlockDeletingService
2019-10-16 08:25:13,466 [main] INFO  utils.BackgroundService (BackgroundService.java:shutdown(151)) - Shutting down service BlockDeletingService
2019-10-16 08:25:13,467 [ForkJoinPool.commonPool-worker-1] INFO  statemachine.DatanodeStateMachine (DatanodeStateMachine.java:stopDaemon(395)) - Ozone container server stopped.
2019-10-16 08:25:13,473 [main] INFO  statemachine.DatanodeStateMachine (DatanodeStateMachine.java:stopDaemon(395)) - Ozone container server stopped.
2019-10-16 08:25:13,475 [ForkJoinPool.commonPool-worker-1] INFO  handler.ContextHandler (ContextHandler.java:doStop(910)) - Stopped o.e.j.w.WebAppContext@35fb3209{/,null,UNAVAILABLE}{/hddsDatanode}
2019-10-16 08:25:13,476 [main] INFO  handler.ContextHandler (ContextHandler.java:doStop(910)) - Stopped o.e.j.w.WebAppContext@64ed18ec{/,null,UNAVAILABLE}{/hddsDatanode}
2019-10-16 08:25:13,476 [ForkJoinPool.commonPool-worker-1] INFO  server.AbstractConnector (AbstractConnector.java:doStop(318)) - Stopped ServerConnector@5855b0ed{HTTP/1.1,[http/1.1]}{0.0.0.0:0}
2019-10-16 08:25:13,477 [ForkJoinPool.commonPool-worker-1] INFO  handler.ContextHandler (ContextHandler.java:doStop(910)) - Stopped o.e.j.s.ServletContextHandler@43756cb{/static,jar:file:/home/user/.m2/repository/org/apache/hadoop/hadoop-hdds-container-service/0.5.0-SNAPSHOT/hadoop-hdds-container-service-0.5.0-SNAPSHOT.jar!/webapps/static,UNAVAILABLE}
2019-10-16 08:25:13,478 [main] INFO  server.AbstractConnector (AbstractConnector.java:doStop(318)) - Stopped ServerConnector@1dfcf85a{HTTP/1.1,[http/1.1]}{0.0.0.0:0}
2019-10-16 08:25:13,479 [ForkJoinPool.commonPool-worker-1] INFO  handler.ContextHandler (ContextHandler.java:doStop(910)) - Stopped o.e.j.s.ServletContextHandler@16f34376{/logs,file:///workdir/hadoop-ozone/ozonefs/target/log,UNAVAILABLE}
2019-10-16 08:25:13,479 [main] INFO  handler.ContextHandler (ContextHandler.java:doStop(910)) - Stopped o.e.j.s.ServletContextHandler@70f5f59d{/static,jar:file:/home/user/.m2/repository/org/apache/hadoop/hadoop-hdds-container-service/0.5.0-SNAPSHOT/hadoop-hdds-container-service-0.5.0-SNAPSHOT.jar!/webapps/static,UNAVAILABLE}
2019-10-16 08:25:13,480 [main] INFO  handler.ContextHandler (ContextHandler.java:doStop(910)) - Stopped o.e.j.s.ServletContextHandler@5599dc60{/logs,file:///workdir/hadoop-ozone/ozonefs/target/log,UNAVAILABLE}
2019-10-16 08:25:14,221 [Datanode State Machine Thread - 0] INFO  statemachine.DatanodeStateMachine (DatanodeStateMachine.java:lambda$startDaemon$0(350)) - Ozone container server started.
2019-10-16 08:25:18,481 [ForkJoinPool.commonPool-worker-1] INFO  ozoneimpl.OzoneContainer (OzoneContainer.java:stop(227)) - Attempting to stop container services.
2019-10-16 08:25:18,481 [ForkJoinPool.commonPool-worker-1] INFO  impl.RaftServerProxy (RaftServerProxy.java:lambda$close$4(314)) - a30ad412-36c1-4f85-b105-78cea4061886: close
2019-10-16 08:25:18,482 [ForkJoinPool.commonPool-worker-1] INFO  impl.RaftServerImpl (RaftServerImpl.java:lambda$shutdown$3(261)) - a30ad412-36c1-4f85-b105-78cea4061886@group-5CE4E47FC8B7: shutdown
2019-10-16 08:25:18,482 [ForkJoinPool.commonPool-worker-1] INFO  util.JmxRegister (JmxRegister.java:unregister(73)) - Successfully un-registered JMX Bean with object name Ratis:service=RaftServer,group=group-5CE4E47FC8B7,id=a30ad412-36c1-4f85-b105-78cea4061886
2019-10-16 08:25:18,482 [ForkJoinPool.commonPool-worker-1] INFO  impl.RoleInfo (RoleInfo.java:shutdownLeaderState(104)) - a30ad412-36c1-4f85-b105-78cea4061886: shutdown LeaderState
2019-10-16 08:25:18,486 [org.apache.ratis.server.impl.LogAppender$AppenderDaemon$$Lambda$413/56903300@30ac6efe] WARN  server.GrpcLogAppender (GrpcLogAppender.java:mayWait(149)) - a30ad412-36c1-4f85-b105-78cea4061886@group-5CE4E47FC8B7->262a5e43-a9eb-478a-bee2-934ebfcf7653-GrpcLogAppender: Wait interrupted by java.lang.InterruptedException
2019-10-16 08:25:18,486 [org.apache.ratis.server.impl.LogAppender$AppenderDaemon$$Lambda$413/56903300@1d69d33] WARN  server.GrpcLogAppender (GrpcLogAppender.java:mayWait(149)) - a30ad412-36c1-4f85-b105-78cea4061886@group-5CE4E47FC8B7->8c4d487c-e6f5-452c-b4b2-b96be2f99aed-GrpcLogAppender: Wait interrupted by java.lang.InterruptedException
2019-10-16 08:25:18,486 [ForkJoinPool.commonPool-worker-1] INFO  impl.PendingRequests (PendingRequests.java:sendNotLeaderResponses(202)) - a30ad412-36c1-4f85-b105-78cea4061886@group-5CE4E47FC8B7-PendingRequests: sendNotLeaderResponses
2019-10-16 08:25:18,489 [ForkJoinPool.commonPool-worker-1] INFO  impl.StateMachineUpdater (StateMachineUpdater.java:stopAndJoin(136)) - a30ad412-36c1-4f85-b105-78cea4061886@group-5CE4E47FC8B7-StateMachineUpdater: set stopIndex = 4
2019-10-16 08:25:18,489 [a30ad412-36c1-4f85-b105-78cea4061886@group-5CE4E47FC8B7-StateMachineUpdater] INFO  ratis.ContainerStateMachine (ContainerStateMachine.java:takeSnapshot(294)) - group-5CE4E47FC8B7: Taking a snapshot at:(t:1, i:4) file /workdir/hadoop-ozone/ozonefs/target/test-dir/MiniOzoneClusterImpl-9e3982d0-79a0-40b9-93be-d86ee4913ee6/datanode-2/data/ratis/e9d16af5-1f5b-4ee7-b244-5ce4e47fc8b7/sm/snapshot.1_4
2019-10-16 08:25:18,502 [a30ad412-36c1-4f85-b105-78cea4061886@group-5CE4E47FC8B7-StateMachineUpdater] INFO  ratis.ContainerStateMachine (ContainerStateMachine.java:takeSnapshot(305)) - group-5CE4E47FC8B7: Finished taking a snapshot at:(t:1, i:4) file:/workdir/hadoop-ozone/ozonefs/target/test-dir/MiniOzoneClusterImpl-9e3982d0-79a0-40b9-93be-d86ee4913ee6/datanode-2/data/ratis/e9d16af5-1f5b-4ee7-b244-5ce4e47fc8b7/sm/snapshot.1_4 time:13
2019-10-16 08:25:18,502 [a30ad412-36c1-4f85-b105-78cea4061886@group-5CE4E47FC8B7-StateMachineUpdater] INFO  impl.StateMachineUpdater (StateMachineUpdater.java:takeSnapshot(269)) - a30ad412-36c1-4f85-b105-78cea4061886@group-5CE4E47FC8B7-StateMachineUpdater: Took a snapshot at index 4
2019-10-16 08:25:18,502 [a30ad412-36c1-4f85-b105-78cea4061886@group-5CE4E47FC8B7-StateMachineUpdater] INFO  impl.StateMachineUpdater (StateMachineUpdater.java:lambda$new$0(84)) - a30ad412-36c1-4f85-b105-78cea4061886@group-5CE4E47FC8B7-StateMachineUpdater: snapshotIndex: updateIncreasingly -1 -> 4
2019-10-16 08:25:18,503 [ForkJoinPool.commonPool-worker-1] INFO  impl.RaftServerImpl (ServerState.java:close(388)) - a30ad412-36c1-4f85-b105-78cea4061886@group-5CE4E47FC8B7: closes. applyIndex: 4
2019-10-16 08:25:18,503 [a30ad412-36c1-4f85-b105-78cea4061886@group-5CE4E47FC8B7-SegmentedRaftLogWorker] INFO  segmented.SegmentedRaftLogWorker (SegmentedRaftLogWorker.java:run(316)) - a30ad412-36c1-4f85-b105-78cea4061886@group-5CE4E47FC8B7-SegmentedRaftLogWorker was interrupted, exiting. There are 0 tasks remaining in the queue.
2019-10-16 08:25:18,505 [ForkJoinPool.commonPool-worker-1] INFO  segmented.SegmentedRaftLogWorker (SegmentedRaftLogWorker.java:close(224)) - a30ad412-36c1-4f85-b105-78cea4061886@group-5CE4E47FC8B7-SegmentedRaftLogWorker close()
2019-10-16 08:25:18,507 [ForkJoinPool.commonPool-worker-1] INFO  impl.RaftServerImpl (RaftServerImpl.java:lambda$shutdown$3(261)) - a30ad412-36c1-4f85-b105-78cea4061886@group-BF4AE0439C06: shutdown
2019-10-16 08:25:18,507 [ForkJoinPool.commonPool-worker-1] INFO  util.JmxRegister (JmxRegister.java:unregister(73)) - Successfully un-registered JMX Bean with object name Ratis:service=RaftServer,group=group-BF4AE0439C06,id=a30ad412-36c1-4f85-b105-78cea4061886
2019-10-16 08:25:18,507 [ForkJoinPool.commonPool-worker-1] INFO  impl.RoleInfo (RoleInfo.java:shutdownLeaderState(104)) - a30ad412-36c1-4f85-b105-78cea4061886: shutdown LeaderState
2019-10-16 08:25:18,508 [ForkJoinPool.commonPool-worker-1] INFO  impl.PendingRequests (PendingRequests.java:sendNotLeaderResponses(202)) - a30ad412-36c1-4f85-b105-78cea4061886@group-BF4AE0439C06-PendingRequests: sendNotLeaderResponses
2019-10-16 08:25:18,508 [ForkJoinPool.commonPool-worker-1] INFO  impl.StateMachineUpdater (StateMachineUpdater.java:stopAndJoin(136)) - a30ad412-36c1-4f85-b105-78cea4061886@group-BF4AE0439C06-StateMachineUpdater: set stopIndex = 0
2019-10-16 08:25:18,508 [ForkJoinPool.commonPool-worker-1] INFO  impl.RaftServerImpl (ServerState.java:close(388)) - a30ad412-36c1-4f85-b105-78cea4061886@group-BF4AE0439C06: closes. applyIndex: 0
2019-10-16 08:25:18,509 [a30ad412-36c1-4f85-b105-78cea4061886@group-BF4AE0439C06-SegmentedRaftLogWorker] INFO  segmented.SegmentedRaftLogWorker (SegmentedRaftLogWorker.java:run(316)) - a30ad412-36c1-4f85-b105-78cea4061886@group-BF4AE0439C06-SegmentedRaftLogWorker was interrupted, exiting. There are 0 tasks remaining in the queue.
2019-10-16 08:25:18,510 [ForkJoinPool.commonPool-worker-1] INFO  segmented.SegmentedRaftLogWorker (SegmentedRaftLogWorker.java:close(224)) - a30ad412-36c1-4f85-b105-78cea4061886@group-BF4AE0439C06-SegmentedRaftLogWorker close()
2019-10-16 08:25:18,512 [ForkJoinPool.commonPool-worker-1] INFO  server.GrpcService (GrpcService.java:closeImpl(164)) - a30ad412-36c1-4f85-b105-78cea4061886: shutdown server with port 44567 now
2019-10-16 08:25:18,515 [ForkJoinPool.commonPool-worker-1] INFO  server.GrpcService (GrpcService.java:closeImpl(172)) - a30ad412-36c1-4f85-b105-78cea4061886: shutdown server with port 44567 successfully
2019-10-16 08:25:18,518 [refreshUsed-/workdir/hadoop-ozone/ozonefs/target/test-dir/MiniOzoneClusterImpl-9e3982d0-79a0-40b9-93be-d86ee4913ee6/datanode-2/data/containers] WARN  fs.CachingGetSpaceUsed (CachingGetSpaceUsed.java:run(183)) - Thread Interrupted waiting to refresh disk information: sleep interrupted
2019-10-16 08:25:18,543 [ForkJoinPool.commonPool-worker-1] INFO  utils.BackgroundService (BackgroundService.java:shutdown(151)) - Shutting down service BlockDeletingService
2019-10-16 08:25:18,547 [ForkJoinPool.commonPool-worker-1] INFO  statemachine.DatanodeStateMachine (DatanodeStateMachine.java:stopDaemon(395)) - Ozone container server stopped.
2019-10-16 08:25:18,551 [ForkJoinPool.commonPool-worker-1] INFO  handler.ContextHandler (ContextHandler.java:doStop(910)) - Stopped o.e.j.w.WebAppContext@4ed19b69{/,null,UNAVAILABLE}{/hddsDatanode}
2019-10-16 08:25:18,552 [ForkJoinPool.commonPool-worker-1] INFO  server.AbstractConnector (AbstractConnector.java:doStop(318)) - Stopped ServerConnector@59a5bb61{HTTP/1.1,[http/1.1]}{0.0.0.0:0}
2019-10-16 08:25:18,553 [ForkJoinPool.commonPool-worker-1] INFO  handler.ContextHandler (ContextHandler.java:doStop(910)) - Stopped o.e.j.s.ServletContextHandler@690ed13a{/static,jar:file:/home/user/.m2/repository/org/apache/hadoop/hadoop-hdds-container-service/0.5.0-SNAPSHOT/hadoop-hdds-container-service-0.5.0-SNAPSHOT.jar!/webapps/static,UNAVAILABLE}
2019-10-16 08:25:18,554 [ForkJoinPool.commonPool-worker-1] INFO  handler.ContextHandler (ContextHandler.java:doStop(910)) - Stopped o.e.j.s.ServletContextHandler@2e4d4d22{/logs,file:///workdir/hadoop-ozone/ozonefs/target/log,UNAVAILABLE}
2019-10-16 08:25:18,556 [main] INFO  ozone.MiniOzoneClusterImpl (MiniOzoneClusterImpl.java:stopSCM(392)) - Stopping the StorageContainerManager
2019-10-16 08:25:18,556 [main] INFO  server.StorageContainerManager (StorageContainerManager.java:stop(810)) - Stopping Replication Manager Service.
2019-10-16 08:25:18,556 [main] INFO  container.ReplicationManager (ReplicationManager.java:stop(203)) - Stopping Replication Monitor Thread.
2019-10-16 08:25:18,556 [main] INFO  server.StorageContainerManager (StorageContainerManager.java:stop(817)) - Stopping Lease Manager of the command watchers
2019-10-16 08:25:18,557 [main] INFO  server.StorageContainerManager (StorageContainerManager.java:stop(824)) - Stopping datanode service RPC server
2019-10-16 08:25:18,557 [main] INFO  server.SCMDatanodeProtocolServer (SCMDatanodeProtocolServer.java:stop(346)) - Stopping the RPC server for DataNodes
2019-10-16 08:25:18,557 [main] INFO  ipc.Server (Server.java:stop(3082)) - Stopping server on 33958
2019-10-16 08:25:18,559 [IPC Server listener on 33958] INFO  ipc.Server (Server.java:run(1185)) - Stopping IPC Server listener on 33958
2019-10-16 08:25:18,560 [IPC Server Responder] INFO  ipc.Server (Server.java:run(1319)) - Stopping IPC Server Responder
2019-10-16 08:25:18,620 [SCM Heartbeat Processing Thread - 0] WARN  node.NodeStateManager (NodeStateManager.java:scheduleNextHealthCheck(646)) - Current Thread is interrupted, shutting down HB processing thread for Node Manager.
2019-10-16 08:25:18,620 [main] INFO  server.StorageContainerManager (StorageContainerManager.java:stop(832)) - Stopping block service RPC server
2019-10-16 08:25:18,620 [main] INFO  server.SCMBlockProtocolServer (SCMBlockProtocolServer.java:stop(155)) - Stopping the RPC server for Block Protocol
2019-10-16 08:25:18,621 [main] INFO  ipc.Server (Server.java:stop(3082)) - Stopping server on 44583
2019-10-16 08:25:18,623 [main] INFO  server.StorageContainerManager (StorageContainerManager.java:stop(839)) - Stopping the StorageContainerLocationProtocol RPC server
2019-10-16 08:25:18,623 [IPC Server Responder] INFO  ipc.Server (Server.java:run(1319)) - Stopping IPC Server Responder
2019-10-16 08:25:18,623 [IPC Server listener on 44583] INFO  ipc.Server (Server.java:run(1185)) - Stopping IPC Server listener on 44583
2019-10-16 08:25:18,624 [main] INFO  server.SCMClientProtocolServer (SCMClientProtocolServer.java:stop(168)) - Stopping the RPC server for Client Protocol
2019-10-16 08:25:18,625 [main] INFO  ipc.Server (Server.java:stop(3082)) - Stopping server on 37603
2019-10-16 08:25:18,628 [main] INFO  server.StorageContainerManager (StorageContainerManager.java:stop(846)) - Stopping Storage Container Manager HTTP server.
2019-10-16 08:25:18,628 [IPC Server listener on 37603] INFO  ipc.Server (Server.java:run(1185)) - Stopping IPC Server listener on 37603
2019-10-16 08:25:18,628 [IPC Server Responder] INFO  ipc.Server (Server.java:run(1319)) - Stopping IPC Server Responder
2019-10-16 08:25:18,631 [main] INFO  handler.ContextHandler (ContextHandler.java:doStop(910)) - Stopped o.e.j.w.WebAppContext@1e258d3b{/,null,UNAVAILABLE}{/scm}
2019-10-16 08:25:18,632 [main] INFO  server.AbstractConnector (AbstractConnector.java:doStop(318)) - Stopped ServerConnector@2b6fcca1{HTTP/1.1,[http/1.1]}{0.0.0.0:0}
2019-10-16 08:25:18,632 [main] INFO  handler.ContextHandler (ContextHandler.java:doStop(910)) - Stopped o.e.j.s.ServletContextHandler@62883f8a{/static,jar:file:/home/user/.m2/repository/org/apache/hadoop/hadoop-hdds-server-scm/0.5.0-SNAPSHOT/hadoop-hdds-server-scm-0.5.0-SNAPSHOT.jar!/webapps/static,UNAVAILABLE}
2019-10-16 08:25:18,632 [main] INFO  handler.ContextHandler (ContextHandler.java:doStop(910)) - Stopped o.e.j.s.ServletContextHandler@10d905c1{/logs,file:///workdir/hadoop-ozone/ozonefs/target/log,UNAVAILABLE}
2019-10-16 08:25:18,633 [main] INFO  server.StorageContainerManager (StorageContainerManager.java:stop(857)) - Stopping Block Manager Service.
2019-10-16 08:25:18,633 [main] INFO  utils.BackgroundService (BackgroundService.java:shutdown(151)) - Shutting down service SCMBlockDeletingService
2019-10-16 08:25:18,634 [main] INFO  utils.BackgroundService (BackgroundService.java:shutdown(151)) - Shutting down service SCMBlockDeletingService
2019-10-16 08:25:18,634 [main] INFO  server.StorageContainerManager (StorageContainerManager.java:stop(879)) - Stopping SCM Event Queue.
2019-10-16 08:25:18,653 [main] INFO  impl.MetricsSystemImpl (MetricsSystemImpl.java:stop(210)) - Stopping HddsDatanode metrics system...
2019-10-16 08:25:18,667 [main] INFO  impl.MetricsSystemImpl (MetricsSystemImpl.java:stop(216)) - HddsDatanode metrics system stopped.
]]></system-out>
    <system-err><![CDATA[Oct 16, 2019 8:25:13 AM org.apache.ratis.thirdparty.io.grpc.internal.SerializingExecutor run
SEVERE: Exception while executing runnable org.apache.ratis.thirdparty.io.grpc.internal.ServerImpl$JumpToApplicationThreadServerStreamListener$1Closed@55b6171f
org.apache.ratis.thirdparty.io.grpc.StatusRuntimeException: CANCELLED: call already cancelled
	at org.apache.ratis.thirdparty.io.grpc.Status.asRuntimeException(Status.java:517)
	at org.apache.ratis.thirdparty.io.grpc.stub.ServerCalls$ServerCallStreamObserverImpl.onCompleted(ServerCalls.java:356)
	at org.apache.ratis.grpc.server.GrpcServerProtocolService$ServerRequestStreamObserver.onError(GrpcServerProtocolService.java:121)
	at org.apache.ratis.thirdparty.io.grpc.stub.ServerCalls$StreamingServerCallHandler$StreamingServerCallListener.onCancel(ServerCalls.java:269)
	at org.apache.ratis.thirdparty.io.grpc.internal.ServerCallImpl$ServerStreamListenerImpl.closed(ServerCallImpl.java:293)
	at org.apache.ratis.thirdparty.io.grpc.internal.ServerImpl$JumpToApplicationThreadServerStreamListener$1Closed.runInContext(ServerImpl.java:741)
	at org.apache.ratis.thirdparty.io.grpc.internal.ContextRunnable.run(ContextRunnable.java:37)
	at org.apache.ratis.thirdparty.io.grpc.internal.SerializingExecutor.run(SerializingExecutor.java:123)
	at java.util.concurrent.ThreadPoolExecutor.runWorker(ThreadPoolExecutor.java:1149)
	at java.util.concurrent.ThreadPoolExecutor$Worker.run(ThreadPoolExecutor.java:624)
	at java.lang.Thread.run(Thread.java:748)

Oct 16, 2019 8:25:13 AM org.apache.ratis.thirdparty.io.grpc.internal.SerializingExecutor run
SEVERE: Exception while executing runnable org.apache.ratis.thirdparty.io.grpc.internal.ServerImpl$JumpToApplicationThreadServerStreamListener$1Closed@116376fb
org.apache.ratis.thirdparty.io.grpc.StatusRuntimeException: CANCELLED: call already cancelled
	at org.apache.ratis.thirdparty.io.grpc.Status.asRuntimeException(Status.java:517)
	at org.apache.ratis.thirdparty.io.grpc.stub.ServerCalls$ServerCallStreamObserverImpl.onCompleted(ServerCalls.java:356)
	at org.apache.ratis.grpc.server.GrpcServerProtocolService$ServerRequestStreamObserver.onError(GrpcServerProtocolService.java:121)
	at org.apache.ratis.thirdparty.io.grpc.stub.ServerCalls$StreamingServerCallHandler$StreamingServerCallListener.onCancel(ServerCalls.java:269)
	at org.apache.ratis.thirdparty.io.grpc.internal.ServerCallImpl$ServerStreamListenerImpl.closed(ServerCallImpl.java:293)
	at org.apache.ratis.thirdparty.io.grpc.internal.ServerImpl$JumpToApplicationThreadServerStreamListener$1Closed.runInContext(ServerImpl.java:741)
	at org.apache.ratis.thirdparty.io.grpc.internal.ContextRunnable.run(ContextRunnable.java:37)
	at org.apache.ratis.thirdparty.io.grpc.internal.SerializingExecutor.run(SerializingExecutor.java:123)
	at java.util.concurrent.ThreadPoolExecutor.runWorker(ThreadPoolExecutor.java:1149)
	at java.util.concurrent.ThreadPoolExecutor$Worker.run(ThreadPoolExecutor.java:624)
	at java.lang.Thread.run(Thread.java:748)

Oct 16, 2019 8:25:13 AM org.apache.ratis.thirdparty.io.grpc.internal.SerializingExecutor run
SEVERE: Exception while executing runnable org.apache.ratis.thirdparty.io.grpc.internal.ClientCallImpl$ClientStreamListenerImpl$1StreamClosed@7384f83
java.lang.NullPointerException
	at org.apache.ratis.grpc.server.GrpcLogAppender$AppendLogResponseHandler.onError(GrpcLogAppender.java:303)
	at org.apache.ratis.thirdparty.io.grpc.stub.ClientCalls$StreamObserverToCallListenerAdapter.onClose(ClientCalls.java:434)
	at org.apache.ratis.thirdparty.io.grpc.PartialForwardingClientCallListener.onClose(PartialForwardingClientCallListener.java:39)
	at org.apache.ratis.thirdparty.io.grpc.ForwardingClientCallListener.onClose(ForwardingClientCallListener.java:23)
	at org.apache.ratis.thirdparty.io.grpc.ForwardingClientCallListener$SimpleForwardingClientCallListener.onClose(ForwardingClientCallListener.java:40)
	at org.apache.ratis.thirdparty.io.grpc.internal.CensusStatsModule$StatsClientInterceptor$1$1.onClose(CensusStatsModule.java:678)
	at org.apache.ratis.thirdparty.io.grpc.PartialForwardingClientCallListener.onClose(PartialForwardingClientCallListener.java:39)
	at org.apache.ratis.thirdparty.io.grpc.ForwardingClientCallListener.onClose(ForwardingClientCallListener.java:23)
	at org.apache.ratis.thirdparty.io.grpc.ForwardingClientCallListener$SimpleForwardingClientCallListener.onClose(ForwardingClientCallListener.java:40)
	at org.apache.ratis.thirdparty.io.grpc.internal.CensusTracingModule$TracingClientInterceptor$1$1.onClose(CensusTracingModule.java:397)
	at org.apache.ratis.thirdparty.io.grpc.internal.ClientCallImpl.closeObserver(ClientCallImpl.java:459)
	at org.apache.ratis.thirdparty.io.grpc.internal.ClientCallImpl.access$300(ClientCallImpl.java:63)
	at org.apache.ratis.thirdparty.io.grpc.internal.ClientCallImpl$ClientStreamListenerImpl.close(ClientCallImpl.java:546)
	at org.apache.ratis.thirdparty.io.grpc.internal.ClientCallImpl$ClientStreamListenerImpl.access$600(ClientCallImpl.java:467)
	at org.apache.ratis.thirdparty.io.grpc.internal.ClientCallImpl$ClientStreamListenerImpl$1StreamClosed.runInContext(ClientCallImpl.java:584)
	at org.apache.ratis.thirdparty.io.grpc.internal.ContextRunnable.run(ContextRunnable.java:37)
	at org.apache.ratis.thirdparty.io.grpc.internal.SerializingExecutor.run(SerializingExecutor.java:123)
	at java.util.concurrent.ThreadPoolExecutor.runWorker(ThreadPoolExecutor.java:1149)
	at java.util.concurrent.ThreadPoolExecutor$Worker.run(ThreadPoolExecutor.java:624)
	at java.lang.Thread.run(Thread.java:748)

Oct 16, 2019 8:25:13 AM org.apache.ratis.thirdparty.io.grpc.internal.SerializingExecutor run
SEVERE: Exception while executing runnable org.apache.ratis.thirdparty.io.grpc.internal.ClientCallImpl$ClientStreamListenerImpl$1StreamClosed@63c5dbcf
java.lang.NullPointerException
	at org.apache.ratis.grpc.server.GrpcLogAppender$AppendLogResponseHandler.onError(GrpcLogAppender.java:303)
	at org.apache.ratis.thirdparty.io.grpc.stub.ClientCalls$StreamObserverToCallListenerAdapter.onClose(ClientCalls.java:434)
	at org.apache.ratis.thirdparty.io.grpc.PartialForwardingClientCallListener.onClose(PartialForwardingClientCallListener.java:39)
	at org.apache.ratis.thirdparty.io.grpc.ForwardingClientCallListener.onClose(ForwardingClientCallListener.java:23)
	at org.apache.ratis.thirdparty.io.grpc.ForwardingClientCallListener$SimpleForwardingClientCallListener.onClose(ForwardingClientCallListener.java:40)
	at org.apache.ratis.thirdparty.io.grpc.internal.CensusStatsModule$StatsClientInterceptor$1$1.onClose(CensusStatsModule.java:678)
	at org.apache.ratis.thirdparty.io.grpc.PartialForwardingClientCallListener.onClose(PartialForwardingClientCallListener.java:39)
	at org.apache.ratis.thirdparty.io.grpc.ForwardingClientCallListener.onClose(ForwardingClientCallListener.java:23)
	at org.apache.ratis.thirdparty.io.grpc.ForwardingClientCallListener$SimpleForwardingClientCallListener.onClose(ForwardingClientCallListener.java:40)
	at org.apache.ratis.thirdparty.io.grpc.internal.CensusTracingModule$TracingClientInterceptor$1$1.onClose(CensusTracingModule.java:397)
	at org.apache.ratis.thirdparty.io.grpc.internal.ClientCallImpl.closeObserver(ClientCallImpl.java:459)
	at org.apache.ratis.thirdparty.io.grpc.internal.ClientCallImpl.access$300(ClientCallImpl.java:63)
	at org.apache.ratis.thirdparty.io.grpc.internal.ClientCallImpl$ClientStreamListenerImpl.close(ClientCallImpl.java:546)
	at org.apache.ratis.thirdparty.io.grpc.internal.ClientCallImpl$ClientStreamListenerImpl.access$600(ClientCallImpl.java:467)
	at org.apache.ratis.thirdparty.io.grpc.internal.ClientCallImpl$ClientStreamListenerImpl$1StreamClosed.runInContext(ClientCallImpl.java:584)
	at org.apache.ratis.thirdparty.io.grpc.internal.ContextRunnable.run(ContextRunnable.java:37)
	at org.apache.ratis.thirdparty.io.grpc.internal.SerializingExecutor.run(SerializingExecutor.java:123)
	at java.util.concurrent.ThreadPoolExecutor.runWorker(ThreadPoolExecutor.java:1149)
	at java.util.concurrent.ThreadPoolExecutor$Worker.run(ThreadPoolExecutor.java:624)
	at java.lang.Thread.run(Thread.java:748)

]]></system-err>
  </testcase>
</testsuite>