<?xml version="1.0" encoding="UTF-8"?>
<testsuite xmlns:xsi="http://www.w3.org/2001/XMLSchema-instance" xsi:noNamespaceSchemaLocation="https://maven.apache.org/surefire/maven-surefire-plugin/xsd/surefire-test-report.xsd" name="org.apache.hadoop.ozone.scm.pipeline.TestSCMPipelineMetrics" time="77.307" tests="3" errors="0" skipped="0" failures="1">
  <properties>
    <property name="awt.toolkit" value="sun.awt.X11.XToolkit"/>
    <property name="file.encoding.pkg" value="sun.io"/>
    <property name="java.specification.version" value="1.8"/>
    <property name="sun.cpu.isalist" value=""/>
    <property name="sun.jnu.encoding" value="ANSI_X3.4-1968"/>
    <property name="java.class.path" value="/workdir/hadoop-ozone/integration-test/target/test-classes:/workdir/hadoop-ozone/integration-test/target/classes:/home/user/.m2/repository/org/apache/hadoop/hadoop-ozone-common/0.5.0-SNAPSHOT/hadoop-ozone-common-0.5.0-SNAPSHOT.jar:/home/user/.m2/repository/org/apache/commons/commons-compress/1.4.1/commons-compress-1.4.1.jar:/home/user/.m2/repository/org/tukaani/xz/1.0/xz-1.0.jar:/home/user/.m2/repository/org/apache/hadoop/hadoop-common/3.2.0/hadoop-common-3.2.0.jar:/home/user/.m2/repository/org/apache/hadoop/hadoop-hdfs/3.2.0/hadoop-hdfs-3.2.0.jar:/home/user/.m2/repository/org/apache/hadoop/hadoop-hdfs-client/3.2.0/hadoop-hdfs-client-3.2.0.jar:/home/user/.m2/repository/com/fasterxml/jackson/core/jackson-annotations/2.9.9/jackson-annotations-2.9.9.jar:/home/user/.m2/repository/org/apache/hadoop/hadoop-hdds-common/0.5.0-SNAPSHOT/hadoop-hdds-common-0.5.0-SNAPSHOT.jar:/home/user/.m2/repository/javax/annotation/javax.annotation-api/1.2/javax.annotation-api-1.2.jar:/home/user/.m2/repository/org/apache/ratis/ratis-server/0.5.0-ced7dbf-SNAPSHOT/ratis-server-0.5.0-ced7dbf-SNAPSHOT.jar:/home/user/.m2/repository/org/apache/ratis/ratis-thirdparty-misc/0.2.0/ratis-thirdparty-misc-0.2.0.jar:/home/user/.m2/repository/org/apache/ratis/ratis-proto/0.5.0-ced7dbf-SNAPSHOT/ratis-proto-0.5.0-ced7dbf-SNAPSHOT.jar:/home/user/.m2/repository/org/apache/ratis/ratis-common/0.5.0-ced7dbf-SNAPSHOT/ratis-common-0.5.0-ced7dbf-SNAPSHOT.jar:/home/user/.m2/repository/org/apache/ratis/ratis-client/0.5.0-ced7dbf-SNAPSHOT/ratis-client-0.5.0-ced7dbf-SNAPSHOT.jar:/home/user/.m2/repository/org/apache/ratis/ratis-metrics/0.5.0-ced7dbf-SNAPSHOT/ratis-metrics-0.5.0-ced7dbf-SNAPSHOT.jar:/home/user/.m2/repository/org/apache/ratis/ratis-netty/0.5.0-ced7dbf-SNAPSHOT/ratis-netty-0.5.0-ced7dbf-SNAPSHOT.jar:/home/user/.m2/repository/org/apache/ratis/ratis-grpc/0.5.0-ced7dbf-SNAPSHOT/ratis-grpc-0.5.0-ced7dbf-SNAPSHOT.jar:/home/user/.m2/repository/org/rocksdb/rocksdbjni/6.0.1/rocksdbjni-6.0.1.jar:/home/user/.m2/repository/org/apache/logging/log4j/log4j-api/2.11.0/log4j-api-2.11.0.jar:/home/user/.m2/repository/org/apache/logging/log4j/log4j-core/2.11.0/log4j-core-2.11.0.jar:/home/user/.m2/repository/com/lmax/disruptor/3.4.2/disruptor-3.4.2.jar:/home/user/.m2/repository/org/apache/commons/commons-pool2/2.6.0/commons-pool2-2.6.0.jar:/home/user/.m2/repository/org/bouncycastle/bcpkix-jdk15on/1.60/bcpkix-jdk15on-1.60.jar:/home/user/.m2/repository/commons-validator/commons-validator/1.6/commons-validator-1.6.jar:/home/user/.m2/repository/commons-digester/commons-digester/1.8.1/commons-digester-1.8.1.jar:/home/user/.m2/repository/io/jaegertracing/jaeger-client/0.34.0/jaeger-client-0.34.0.jar:/home/user/.m2/repository/io/jaegertracing/jaeger-thrift/0.34.0/jaeger-thrift-0.34.0.jar:/home/user/.m2/repository/org/apache/thrift/libthrift/0.12.0/libthrift-0.12.0.jar:/home/user/.m2/repository/com/squareup/okhttp3/okhttp/3.9.0/okhttp-3.9.0.jar:/home/user/.m2/repository/com/squareup/okio/okio/1.13.0/okio-1.13.0.jar:/home/user/.m2/repository/io/jaegertracing/jaeger-core/0.34.0/jaeger-core-0.34.0.jar:/home/user/.m2/repository/io/jaegertracing/jaeger-tracerresolver/0.34.0/jaeger-tracerresolver-0.34.0.jar:/home/user/.m2/repository/io/opentracing/contrib/opentracing-tracerresolver/0.1.5/opentracing-tracerresolver-0.1.5.jar:/home/user/.m2/repository/io/opentracing/opentracing-util/0.31.0/opentracing-util-0.31.0.jar:/home/user/.m2/repository/io/opentracing/opentracing-api/0.31.0/opentracing-api-0.31.0.jar:/home/user/.m2/repository/io/opentracing/opentracing-noop/0.31.0/opentracing-noop-0.31.0.jar:/home/user/.m2/repository/org/apache/hadoop/hadoop-hdds-server-framework/0.5.0-SNAPSHOT/hadoop-hdds-server-framework-0.5.0-SNAPSHOT.jar:/home/user/.m2/repository/org/apache/hadoop/hadoop-hdds-container-service/0.5.0-SNAPSHOT/hadoop-hdds-container-service-0.5.0-SNAPSHOT.jar:/home/user/.m2/repository/org/apache/hadoop/hadoop-hdds-client/0.5.0-SNAPSHOT/hadoop-hdds-client-0.5.0-SNAPSHOT.jar:/home/user/.m2/repository/org/apache/hadoop/hadoop-hdds-tools/0.5.0-SNAPSHOT/hadoop-hdds-tools-0.5.0-SNAPSHOT.jar:/home/user/.m2/repository/org/apache/hadoop/hadoop-hdds-server-scm/0.5.0-SNAPSHOT/hadoop-hdds-server-scm-0.5.0-SNAPSHOT.jar:/home/user/.m2/repository/org/apache/hadoop/hadoop-hdds-docs/0.5.0-SNAPSHOT/hadoop-hdds-docs-0.5.0-SNAPSHOT.jar:/home/user/.m2/repository/io/dropwizard/metrics/metrics-core/3.2.4/metrics-core-3.2.4.jar:/home/user/.m2/repository/org/hamcrest/hamcrest-all/1.3/hamcrest-all-1.3.jar:/home/user/.m2/repository/org/bouncycastle/bcprov-jdk15on/1.60/bcprov-jdk15on-1.60.jar:/home/user/.m2/repository/info/picocli/picocli/3.9.6/picocli-3.9.6.jar:/home/user/.m2/repository/com/google/protobuf/protobuf-java/2.5.0/protobuf-java-2.5.0.jar:/home/user/.m2/repository/com/google/guava/guava/11.0.2/guava-11.0.2.jar:/home/user/.m2/repository/org/apache/hadoop/hadoop-ozone-ozone-manager/0.5.0-SNAPSHOT/hadoop-ozone-ozone-manager-0.5.0-SNAPSHOT.jar:/home/user/.m2/repository/org/apache/hadoop/hadoop-minikdc/3.2.0/hadoop-minikdc-3.2.0.jar:/home/user/.m2/repository/commons-io/commons-io/2.5/commons-io-2.5.jar:/home/user/.m2/repository/org/apache/kerby/kerb-simplekdc/1.0.1/kerb-simplekdc-1.0.1.jar:/home/user/.m2/repository/org/apache/kerby/kerb-client/1.0.1/kerb-client-1.0.1.jar:/home/user/.m2/repository/org/apache/kerby/kerby-config/1.0.1/kerby-config-1.0.1.jar:/home/user/.m2/repository/org/apache/kerby/kerb-core/1.0.1/kerb-core-1.0.1.jar:/home/user/.m2/repository/org/apache/kerby/kerby-pkix/1.0.1/kerby-pkix-1.0.1.jar:/home/user/.m2/repository/org/apache/kerby/kerby-asn1/1.0.1/kerby-asn1-1.0.1.jar:/home/user/.m2/repository/org/apache/kerby/kerby-util/1.0.1/kerby-util-1.0.1.jar:/home/user/.m2/repository/org/apache/kerby/kerb-common/1.0.1/kerb-common-1.0.1.jar:/home/user/.m2/repository/org/apache/kerby/kerb-crypto/1.0.1/kerb-crypto-1.0.1.jar:/home/user/.m2/repository/org/apache/kerby/kerb-util/1.0.1/kerb-util-1.0.1.jar:/home/user/.m2/repository/org/apache/kerby/token-provider/1.0.1/token-provider-1.0.1.jar:/home/user/.m2/repository/org/apache/kerby/kerb-admin/1.0.1/kerb-admin-1.0.1.jar:/home/user/.m2/repository/org/apache/kerby/kerb-server/1.0.1/kerb-server-1.0.1.jar:/home/user/.m2/repository/org/apache/kerby/kerb-identity/1.0.1/kerb-identity-1.0.1.jar:/home/user/.m2/repository/org/apache/kerby/kerby-xdr/1.0.1/kerby-xdr-1.0.1.jar:/home/user/.m2/repository/org/slf4j/slf4j-log4j12/1.7.25/slf4j-log4j12-1.7.25.jar:/home/user/.m2/repository/org/apache/hadoop/hadoop-ozone-s3gateway/0.5.0-SNAPSHOT/hadoop-ozone-s3gateway-0.5.0-SNAPSHOT.jar:/home/user/.m2/repository/org/jboss/weld/servlet/weld-servlet/2.4.7.Final/weld-servlet-2.4.7.Final.jar:/home/user/.m2/repository/org/glassfish/jersey/containers/jersey-container-servlet-core/2.27/jersey-container-servlet-core-2.27.jar:/home/user/.m2/repository/org/glassfish/hk2/external/javax.inject/2.5.0-b42/javax.inject-2.5.0-b42.jar:/home/user/.m2/repository/org/glassfish/jersey/core/jersey-common/2.27/jersey-common-2.27.jar:/home/user/.m2/repository/org/glassfish/hk2/osgi-resource-locator/1.0.1/osgi-resource-locator-1.0.1.jar:/home/user/.m2/repository/javax/ws/rs/javax.ws.rs-api/2.1/javax.ws.rs-api-2.1.jar:/home/user/.m2/repository/org/glassfish/jersey/ext/cdi/jersey-cdi1x/2.27/jersey-cdi1x-2.27.jar:/home/user/.m2/repository/org/glassfish/jersey/inject/jersey-hk2/2.27/jersey-hk2-2.27.jar:/home/user/.m2/repository/org/glassfish/hk2/hk2-locator/2.5.0-b42/hk2-locator-2.5.0-b42.jar:/home/user/.m2/repository/org/javassist/javassist/3.22.0-CR2/javassist-3.22.0-CR2.jar:/home/user/.m2/repository/org/glassfish/hk2/hk2-api/2.5.0/hk2-api-2.5.0.jar:/home/user/.m2/repository/org/glassfish/hk2/external/jakarta.inject/2.5.0/jakarta.inject-2.5.0.jar:/home/user/.m2/repository/org/glassfish/hk2/hk2-utils/2.5.0/hk2-utils-2.5.0.jar:/home/user/.m2/repository/jakarta/annotation/jakarta.annotation-api/1.3.4/jakarta.annotation-api-1.3.4.jar:/home/user/.m2/repository/org/glassfish/hk2/external/aopalliance-repackaged/2.5.0/aopalliance-repackaged-2.5.0.jar:/home/user/.m2/repository/com/fasterxml/jackson/dataformat/jackson-dataformat-xml/2.9.0/jackson-dataformat-xml-2.9.0.jar:/home/user/.m2/repository/com/fasterxml/jackson/core/jackson-core/2.9.9/jackson-core-2.9.9.jar:/home/user/.m2/repository/com/fasterxml/jackson/module/jackson-module-jaxb-annotations/2.9.9/jackson-module-jaxb-annotations-2.9.9.jar:/home/user/.m2/repository/javax/enterprise/cdi-api/1.2/cdi-api-1.2.jar:/home/user/.m2/repository/javax/el/javax.el-api/3.0.0/javax.el-api-3.0.0.jar:/home/user/.m2/repository/javax/interceptor/javax.interceptor-api/1.2/javax.interceptor-api-1.2.jar:/home/user/.m2/repository/javax/inject/javax.inject/1/javax.inject-1.jar:/home/user/.m2/repository/com/sun/xml/bind/jaxb-impl/2.3.0.1/jaxb-impl-2.3.0.1.jar:/home/user/.m2/repository/com/sun/xml/bind/jaxb-core/2.3.0.1/jaxb-core-2.3.0.1.jar:/home/user/.m2/repository/javax/xml/bind/jaxb-api/2.3.0/jaxb-api-2.3.0.jar:/home/user/.m2/repository/javax/activation/activation/1.1.1/activation-1.1.1.jar:/home/user/.m2/repository/org/apache/hadoop/hadoop-ozone-csi/0.5.0-SNAPSHOT/hadoop-ozone-csi-0.5.0-SNAPSHOT.jar:/home/user/.m2/repository/com/google/protobuf/protobuf-java-util/3.5.1/protobuf-java-util-3.5.1.jar:/home/user/.m2/repository/org/apache/hadoop/hadoop-hdds-config/0.5.0-SNAPSHOT/hadoop-hdds-config-0.5.0-SNAPSHOT.jar:/home/user/.m2/repository/io/grpc/grpc-netty/1.17.1/grpc-netty-1.17.1.jar:/home/user/.m2/repository/io/grpc/grpc-core/1.17.1/grpc-core-1.17.1.jar:/home/user/.m2/repository/io/grpc/grpc-context/1.17.1/grpc-context-1.17.1.jar:/home/user/.m2/repository/com/google/errorprone/error_prone_annotations/2.2.0/error_prone_annotations-2.2.0.jar:/home/user/.m2/repository/org/codehaus/mojo/animal-sniffer-annotations/1.17/animal-sniffer-annotations-1.17.jar:/home/user/.m2/repository/io/opencensus/opencensus-api/0.17.0/opencensus-api-0.17.0.jar:/home/user/.m2/repository/io/opencensus/opencensus-contrib-grpc-metrics/0.17.0/opencensus-contrib-grpc-metrics-0.17.0.jar:/home/user/.m2/repository/io/netty/netty-codec-http2/4.1.30.Final/netty-codec-http2-4.1.30.Final.jar:/home/user/.m2/repository/io/netty/netty-codec-http/4.1.30.Final/netty-codec-http-4.1.30.Final.jar:/home/user/.m2/repository/io/netty/netty-codec/4.1.30.Final/netty-codec-4.1.30.Final.jar:/home/user/.m2/repository/io/netty/netty-handler/4.1.30.Final/netty-handler-4.1.30.Final.jar:/home/user/.m2/repository/io/netty/netty-handler-proxy/4.1.30.Final/netty-handler-proxy-4.1.30.Final.jar:/home/user/.m2/repository/io/netty/netty-codec-socks/4.1.30.Final/netty-codec-socks-4.1.30.Final.jar:/home/user/.m2/repository/io/netty/netty-transport-native-epoll/4.1.30.Final/netty-transport-native-epoll-4.1.30.Final.jar:/home/user/.m2/repository/io/netty/netty-common/4.1.30.Final/netty-common-4.1.30.Final.jar:/home/user/.m2/repository/io/netty/netty-buffer/4.1.30.Final/netty-buffer-4.1.30.Final.jar:/home/user/.m2/repository/io/netty/netty-transport/4.1.30.Final/netty-transport-4.1.30.Final.jar:/home/user/.m2/repository/io/netty/netty-resolver/4.1.30.Final/netty-resolver-4.1.30.Final.jar:/home/user/.m2/repository/io/netty/netty-transport-native-unix-common/4.1.30.Final/netty-transport-native-unix-common-4.1.30.Final.jar:/home/user/.m2/repository/io/grpc/grpc-protobuf/1.17.1/grpc-protobuf-1.17.1.jar:/home/user/.m2/repository/com/google/api/grpc/proto-google-common-protos/1.0.0/proto-google-common-protos-1.0.0.jar:/home/user/.m2/repository/io/grpc/grpc-protobuf-lite/1.17.1/grpc-protobuf-lite-1.17.1.jar:/home/user/.m2/repository/io/grpc/grpc-stub/1.17.1/grpc-stub-1.17.1.jar:/home/user/.m2/repository/org/apache/hadoop/hadoop-ozone-recon/0.5.0-SNAPSHOT/hadoop-ozone-recon-0.5.0-SNAPSHOT.jar:/home/user/.m2/repository/org/apache/hadoop/hadoop-ozone-reconcodegen/0.5.0-SNAPSHOT/hadoop-ozone-reconcodegen-0.5.0-SNAPSHOT.jar:/home/user/.m2/repository/com/google/inject/extensions/guice-multibindings/4.0/guice-multibindings-4.0.jar:/home/user/.m2/repository/com/google/inject/guice/4.0/guice-4.0.jar:/home/user/.m2/repository/aopalliance/aopalliance/1.0/aopalliance-1.0.jar:/home/user/.m2/repository/com/google/inject/extensions/guice-servlet/4.0/guice-servlet-4.0.jar:/home/user/.m2/repository/org/glassfish/jersey/containers/jersey-container-servlet/2.27/jersey-container-servlet-2.27.jar:/home/user/.m2/repository/org/glassfish/hk2/guice-bridge/2.5.0/guice-bridge-2.5.0.jar:/home/user/.m2/repository/org/glassfish/jersey/core/jersey-server/2.27/jersey-server-2.27.jar:/home/user/.m2/repository/org/glassfish/jersey/core/jersey-client/2.27/jersey-client-2.27.jar:/home/user/.m2/repository/org/glassfish/jersey/media/jersey-media-jaxb/2.27/jersey-media-jaxb-2.27.jar:/home/user/.m2/repository/javax/validation/validation-api/1.1.0.Final/validation-api-1.1.0.Final.jar:/home/user/.m2/repository/org/glassfish/jersey/media/jersey-media-json-jackson/2.27/jersey-media-json-jackson-2.27.jar:/home/user/.m2/repository/org/glassfish/jersey/ext/jersey-entity-filtering/2.27/jersey-entity-filtering-2.27.jar:/home/user/.m2/repository/com/google/inject/extensions/guice-assistedinject/4.0/guice-assistedinject-4.0.jar:/home/user/.m2/repository/org/jooq/jooq/3.11.10/jooq-3.11.10.jar:/home/user/.m2/repository/org/jooq/jooq-meta/3.11.10/jooq-meta-3.11.10.jar:/home/user/.m2/repository/org/jooq/jooq-codegen/3.11.10/jooq-codegen-3.11.10.jar:/home/user/.m2/repository/com/jolbox/bonecp/0.8.0.RELEASE/bonecp-0.8.0.RELEASE.jar:/home/user/.m2/repository/org/xerial/sqlite-jdbc/3.25.2/sqlite-jdbc-3.25.2.jar:/home/user/.m2/repository/org/springframework/spring-jdbc/5.1.3.RELEASE/spring-jdbc-5.1.3.RELEASE.jar:/home/user/.m2/repository/org/springframework/spring-beans/5.1.3.RELEASE/spring-beans-5.1.3.RELEASE.jar:/home/user/.m2/repository/org/springframework/spring-core/5.1.3.RELEASE/spring-core-5.1.3.RELEASE.jar:/home/user/.m2/repository/org/springframework/spring-jcl/5.1.3.RELEASE/spring-jcl-5.1.3.RELEASE.jar:/home/user/.m2/repository/org/springframework/spring-tx/5.1.3.RELEASE/spring-tx-5.1.3.RELEASE.jar:/home/user/.m2/repository/org/apache/hadoop/hadoop-ozone-client/0.5.0-SNAPSHOT/hadoop-ozone-client-0.5.0-SNAPSHOT.jar:/home/user/.m2/repository/commons-lang/commons-lang/2.6/commons-lang-2.6.jar:/home/user/.m2/repository/org/apache/hadoop/hadoop-ozone-ozone-manager/0.5.0-SNAPSHOT/hadoop-ozone-ozone-manager-0.5.0-SNAPSHOT-tests.jar:/home/user/.m2/repository/junit/junit/4.11/junit-4.11.jar:/home/user/.m2/repository/org/hamcrest/hamcrest-core/1.3/hamcrest-core-1.3.jar:/home/user/.m2/repository/org/openjdk/jmh/jmh-core/1.19/jmh-core-1.19.jar:/home/user/.m2/repository/net/sf/jopt-simple/jopt-simple/4.6/jopt-simple-4.6.jar:/home/user/.m2/repository/org/apache/commons/commons-math3/3.1.1/commons-math3-3.1.1.jar:/home/user/.m2/repository/org/openjdk/jmh/jmh-generator-annprocess/1.19/jmh-generator-annprocess-1.19.jar:/home/user/.m2/repository/org/mockito/mockito-all/1.8.5/mockito-all-1.8.5.jar:/home/user/.m2/repository/org/apache/hadoop/hadoop-kms/3.2.0/hadoop-kms-3.2.0.jar:/home/user/.m2/repository/org/apache/hadoop/hadoop-auth/3.2.0/hadoop-auth-3.2.0.jar:/home/user/.m2/repository/com/nimbusds/nimbus-jose-jwt/4.41.1/nimbus-jose-jwt-4.41.1.jar:/home/user/.m2/repository/com/github/stephenc/jcip/jcip-annotations/1.0-1/jcip-annotations-1.0-1.jar:/home/user/.m2/repository/net/minidev/json-smart/2.3/json-smart-2.3.jar:/home/user/.m2/repository/net/minidev/accessors-smart/1.2/accessors-smart-1.2.jar:/home/user/.m2/repository/org/ow2/asm/asm/5.0.4/asm-5.0.4.jar:/home/user/.m2/repository/org/apache/curator/curator-framework/2.12.0/curator-framework-2.12.0.jar:/home/user/.m2/repository/com/sun/jersey/jersey-core/1.19/jersey-core-1.19.jar:/home/user/.m2/repository/javax/ws/rs/jsr311-api/1.1.1/jsr311-api-1.1.1.jar:/home/user/.m2/repository/com/sun/jersey/jersey-server/1.19/jersey-server-1.19.jar:/home/user/.m2/repository/javax/servlet/javax.servlet-api/3.1.0/javax.servlet-api-3.1.0.jar:/home/user/.m2/repository/org/eclipse/jetty/jetty-server/9.3.25.v20180904/jetty-server-9.3.25.v20180904.jar:/home/user/.m2/repository/org/eclipse/jetty/jetty-http/9.3.25.v20180904/jetty-http-9.3.25.v20180904.jar:/home/user/.m2/repository/org/eclipse/jetty/jetty-io/9.3.25.v20180904/jetty-io-9.3.25.v20180904.jar:/home/user/.m2/repository/org/eclipse/jetty/jetty-webapp/9.3.25.v20180904/jetty-webapp-9.3.25.v20180904.jar:/home/user/.m2/repository/org/eclipse/jetty/jetty-xml/9.3.25.v20180904/jetty-xml-9.3.25.v20180904.jar:/home/user/.m2/repository/log4j/log4j/1.2.17/log4j-1.2.17.jar:/home/user/.m2/repository/org/slf4j/slf4j-api/1.7.25/slf4j-api-1.7.25.jar:/home/user/.m2/repository/org/slf4j/jul-to-slf4j/1.7.25/jul-to-slf4j-1.7.25.jar:/home/user/.m2/repository/org/eclipse/jetty/jetty-util/9.3.25.v20180904/jetty-util-9.3.25.v20180904.jar:/home/user/.m2/repository/com/fasterxml/jackson/core/jackson-databind/2.9.9/jackson-databind-2.9.9.jar:/home/user/.m2/repository/org/apache/hadoop/hadoop-kms/3.2.0/hadoop-kms-3.2.0-tests.jar:/home/user/.m2/repository/org/apache/hadoop/hadoop-hdds-server-scm/0.5.0-SNAPSHOT/hadoop-hdds-server-scm-0.5.0-SNAPSHOT-tests.jar:/home/user/.m2/repository/org/apache/hadoop/hadoop-hdds-container-service/0.5.0-SNAPSHOT/hadoop-hdds-container-service-0.5.0-SNAPSHOT-tests.jar:/home/user/.m2/repository/org/yaml/snakeyaml/1.16/snakeyaml-1.16.jar:/home/user/.m2/repository/org/apache/hadoop/hadoop-common/3.2.0/hadoop-common-3.2.0-tests.jar:/home/user/.m2/repository/org/apache/hadoop/hadoop-annotations/3.2.0/hadoop-annotations-3.2.0.jar:/usr/lib/jvm/java-1.8.0-openjdk-1.8.0.222.b10-1.el7_7.x86_64/jre/../lib/tools.jar:/home/user/.m2/repository/commons-cli/commons-cli/1.2/commons-cli-1.2.jar:/home/user/.m2/repository/org/apache/httpcomponents/httpclient/4.5.2/httpclient-4.5.2.jar:/home/user/.m2/repository/org/apache/httpcomponents/httpcore/4.4.4/httpcore-4.4.4.jar:/home/user/.m2/repository/commons-codec/commons-codec/1.11/commons-codec-1.11.jar:/home/user/.m2/repository/commons-net/commons-net/3.6/commons-net-3.6.jar:/home/user/.m2/repository/commons-collections/commons-collections/3.2.2/commons-collections-3.2.2.jar:/home/user/.m2/repository/org/eclipse/jetty/jetty-servlet/9.3.25.v20180904/jetty-servlet-9.3.25.v20180904.jar:/home/user/.m2/repository/org/eclipse/jetty/jetty-security/9.3.25.v20180904/jetty-security-9.3.25.v20180904.jar:/home/user/.m2/repository/javax/servlet/jsp/jsp-api/2.1/jsp-api-2.1.jar:/home/user/.m2/repository/com/sun/jersey/jersey-servlet/1.19/jersey-servlet-1.19.jar:/home/user/.m2/repository/com/sun/jersey/jersey-json/1.19/jersey-json-1.19.jar:/home/user/.m2/repository/org/codehaus/jettison/jettison/1.1/jettison-1.1.jar:/home/user/.m2/repository/org/codehaus/jackson/jackson-core-asl/1.9.13/jackson-core-asl-1.9.13.jar:/home/user/.m2/repository/org/codehaus/jackson/jackson-mapper-asl/1.9.13/jackson-mapper-asl-1.9.13.jar:/home/user/.m2/repository/org/codehaus/jackson/jackson-jaxrs/1.9.13/jackson-jaxrs-1.9.13.jar:/home/user/.m2/repository/org/codehaus/jackson/jackson-xc/1.9.13/jackson-xc-1.9.13.jar:/home/user/.m2/repository/commons-logging/commons-logging/1.1.3/commons-logging-1.1.3.jar:/home/user/.m2/repository/commons-beanutils/commons-beanutils/1.9.4/commons-beanutils-1.9.4.jar:/home/user/.m2/repository/org/apache/commons/commons-configuration2/2.1.1/commons-configuration2-2.1.1.jar:/home/user/.m2/repository/org/apache/commons/commons-lang3/3.7/commons-lang3-3.7.jar:/home/user/.m2/repository/org/apache/commons/commons-text/1.4/commons-text-1.4.jar:/home/user/.m2/repository/org/apache/avro/avro/1.7.7/avro-1.7.7.jar:/home/user/.m2/repository/com/thoughtworks/paranamer/paranamer/2.3/paranamer-2.3.jar:/home/user/.m2/repository/org/xerial/snappy/snappy-java/1.0.5/snappy-java-1.0.5.jar:/home/user/.m2/repository/com/google/re2j/re2j/1.1/re2j-1.1.jar:/home/user/.m2/repository/com/google/code/gson/gson/2.2.4/gson-2.2.4.jar:/home/user/.m2/repository/com/jcraft/jsch/0.1.54/jsch-0.1.54.jar:/home/user/.m2/repository/org/apache/curator/curator-client/2.12.0/curator-client-2.12.0.jar:/home/user/.m2/repository/org/apache/curator/curator-recipes/2.12.0/curator-recipes-2.12.0.jar:/home/user/.m2/repository/com/google/code/findbugs/jsr305/3.0.0/jsr305-3.0.0.jar:/home/user/.m2/repository/org/apache/htrace/htrace-core4/4.1.0-incubating/htrace-core4-4.1.0-incubating.jar:/home/user/.m2/repository/org/apache/zookeeper/zookeeper/3.4.13/zookeeper-3.4.13.jar:/home/user/.m2/repository/jline/jline/0.9.94/jline-0.9.94.jar:/home/user/.m2/repository/org/apache/yetus/audience-annotations/0.5.0/audience-annotations-0.5.0.jar:/home/user/.m2/repository/org/codehaus/woodstox/stax2-api/3.1.4/stax2-api-3.1.4.jar:/home/user/.m2/repository/com/fasterxml/woodstox/woodstox-core/5.0.3/woodstox-core-5.0.3.jar:/home/user/.m2/repository/dnsjava/dnsjava/2.1.7/dnsjava-2.1.7.jar:/home/user/.m2/repository/org/apache/hadoop/hadoop-hdfs/3.2.0/hadoop-hdfs-3.2.0-tests.jar:/home/user/.m2/repository/org/eclipse/jetty/jetty-util-ajax/9.3.25.v20180904/jetty-util-ajax-9.3.25.v20180904.jar:/home/user/.m2/repository/commons-daemon/commons-daemon/1.0.13/commons-daemon-1.0.13.jar:/home/user/.m2/repository/io/netty/netty/3.10.5.Final/netty-3.10.5.Final.jar:/home/user/.m2/repository/io/netty/netty-all/4.0.52.Final/netty-all-4.0.52.Final.jar:/home/user/.m2/repository/org/fusesource/leveldbjni/leveldbjni-all/1.8/leveldbjni-all-1.8.jar:"/>
    <property name="java.vm.vendor" value="Oracle Corporation"/>
    <property name="sun.arch.data.model" value="64"/>
    <property name="test.build.dir" value="/workdir/hadoop-ozone/integration-test/target/test-dir"/>
    <property name="test.cache.data" value=""/>
    <property name="java.vendor.url" value="http://java.oracle.com/"/>
    <property name="user.timezone" value=""/>
    <property name="java.vm.specification.version" value="1.8"/>
    <property name="os.name" value="Linux"/>
    <property name="test.build.data" value="/workdir/hadoop-ozone/integration-test/target/test-dir"/>
    <property name="user.country" value="US"/>
    <property name="sun.java.launcher" value="SUN_STANDARD"/>
    <property name="sun.boot.library.path" value="/usr/lib/jvm/java-1.8.0-openjdk-1.8.0.222.b10-1.el7_7.x86_64/jre/lib/amd64"/>
    <property name="sun.java.command" value="/workdir/hadoop-ozone/integration-test/target/surefire/surefirebooter8474904609530319503.jar /workdir/hadoop-ozone/integration-test/target/surefire 2019-10-18T18-55-06_994-jvmRun1 surefire6686268111641261582tmp surefire_396925406097123718337tmp"/>
    <property name="surefire.test.class.path" value="/workdir/hadoop-ozone/integration-test/target/test-classes:/workdir/hadoop-ozone/integration-test/target/classes:/home/user/.m2/repository/org/apache/hadoop/hadoop-ozone-common/0.5.0-SNAPSHOT/hadoop-ozone-common-0.5.0-SNAPSHOT.jar:/home/user/.m2/repository/org/apache/commons/commons-compress/1.4.1/commons-compress-1.4.1.jar:/home/user/.m2/repository/org/tukaani/xz/1.0/xz-1.0.jar:/home/user/.m2/repository/org/apache/hadoop/hadoop-common/3.2.0/hadoop-common-3.2.0.jar:/home/user/.m2/repository/org/apache/hadoop/hadoop-hdfs/3.2.0/hadoop-hdfs-3.2.0.jar:/home/user/.m2/repository/org/apache/hadoop/hadoop-hdfs-client/3.2.0/hadoop-hdfs-client-3.2.0.jar:/home/user/.m2/repository/com/fasterxml/jackson/core/jackson-annotations/2.9.9/jackson-annotations-2.9.9.jar:/home/user/.m2/repository/org/apache/hadoop/hadoop-hdds-common/0.5.0-SNAPSHOT/hadoop-hdds-common-0.5.0-SNAPSHOT.jar:/home/user/.m2/repository/javax/annotation/javax.annotation-api/1.2/javax.annotation-api-1.2.jar:/home/user/.m2/repository/org/apache/ratis/ratis-server/0.5.0-ced7dbf-SNAPSHOT/ratis-server-0.5.0-ced7dbf-SNAPSHOT.jar:/home/user/.m2/repository/org/apache/ratis/ratis-thirdparty-misc/0.2.0/ratis-thirdparty-misc-0.2.0.jar:/home/user/.m2/repository/org/apache/ratis/ratis-proto/0.5.0-ced7dbf-SNAPSHOT/ratis-proto-0.5.0-ced7dbf-SNAPSHOT.jar:/home/user/.m2/repository/org/apache/ratis/ratis-common/0.5.0-ced7dbf-SNAPSHOT/ratis-common-0.5.0-ced7dbf-SNAPSHOT.jar:/home/user/.m2/repository/org/apache/ratis/ratis-client/0.5.0-ced7dbf-SNAPSHOT/ratis-client-0.5.0-ced7dbf-SNAPSHOT.jar:/home/user/.m2/repository/org/apache/ratis/ratis-metrics/0.5.0-ced7dbf-SNAPSHOT/ratis-metrics-0.5.0-ced7dbf-SNAPSHOT.jar:/home/user/.m2/repository/org/apache/ratis/ratis-netty/0.5.0-ced7dbf-SNAPSHOT/ratis-netty-0.5.0-ced7dbf-SNAPSHOT.jar:/home/user/.m2/repository/org/apache/ratis/ratis-grpc/0.5.0-ced7dbf-SNAPSHOT/ratis-grpc-0.5.0-ced7dbf-SNAPSHOT.jar:/home/user/.m2/repository/org/rocksdb/rocksdbjni/6.0.1/rocksdbjni-6.0.1.jar:/home/user/.m2/repository/org/apache/logging/log4j/log4j-api/2.11.0/log4j-api-2.11.0.jar:/home/user/.m2/repository/org/apache/logging/log4j/log4j-core/2.11.0/log4j-core-2.11.0.jar:/home/user/.m2/repository/com/lmax/disruptor/3.4.2/disruptor-3.4.2.jar:/home/user/.m2/repository/org/apache/commons/commons-pool2/2.6.0/commons-pool2-2.6.0.jar:/home/user/.m2/repository/org/bouncycastle/bcpkix-jdk15on/1.60/bcpkix-jdk15on-1.60.jar:/home/user/.m2/repository/commons-validator/commons-validator/1.6/commons-validator-1.6.jar:/home/user/.m2/repository/commons-digester/commons-digester/1.8.1/commons-digester-1.8.1.jar:/home/user/.m2/repository/io/jaegertracing/jaeger-client/0.34.0/jaeger-client-0.34.0.jar:/home/user/.m2/repository/io/jaegertracing/jaeger-thrift/0.34.0/jaeger-thrift-0.34.0.jar:/home/user/.m2/repository/org/apache/thrift/libthrift/0.12.0/libthrift-0.12.0.jar:/home/user/.m2/repository/com/squareup/okhttp3/okhttp/3.9.0/okhttp-3.9.0.jar:/home/user/.m2/repository/com/squareup/okio/okio/1.13.0/okio-1.13.0.jar:/home/user/.m2/repository/io/jaegertracing/jaeger-core/0.34.0/jaeger-core-0.34.0.jar:/home/user/.m2/repository/io/jaegertracing/jaeger-tracerresolver/0.34.0/jaeger-tracerresolver-0.34.0.jar:/home/user/.m2/repository/io/opentracing/contrib/opentracing-tracerresolver/0.1.5/opentracing-tracerresolver-0.1.5.jar:/home/user/.m2/repository/io/opentracing/opentracing-util/0.31.0/opentracing-util-0.31.0.jar:/home/user/.m2/repository/io/opentracing/opentracing-api/0.31.0/opentracing-api-0.31.0.jar:/home/user/.m2/repository/io/opentracing/opentracing-noop/0.31.0/opentracing-noop-0.31.0.jar:/home/user/.m2/repository/org/apache/hadoop/hadoop-hdds-server-framework/0.5.0-SNAPSHOT/hadoop-hdds-server-framework-0.5.0-SNAPSHOT.jar:/home/user/.m2/repository/org/apache/hadoop/hadoop-hdds-container-service/0.5.0-SNAPSHOT/hadoop-hdds-container-service-0.5.0-SNAPSHOT.jar:/home/user/.m2/repository/org/apache/hadoop/hadoop-hdds-client/0.5.0-SNAPSHOT/hadoop-hdds-client-0.5.0-SNAPSHOT.jar:/home/user/.m2/repository/org/apache/hadoop/hadoop-hdds-tools/0.5.0-SNAPSHOT/hadoop-hdds-tools-0.5.0-SNAPSHOT.jar:/home/user/.m2/repository/org/apache/hadoop/hadoop-hdds-server-scm/0.5.0-SNAPSHOT/hadoop-hdds-server-scm-0.5.0-SNAPSHOT.jar:/home/user/.m2/repository/org/apache/hadoop/hadoop-hdds-docs/0.5.0-SNAPSHOT/hadoop-hdds-docs-0.5.0-SNAPSHOT.jar:/home/user/.m2/repository/io/dropwizard/metrics/metrics-core/3.2.4/metrics-core-3.2.4.jar:/home/user/.m2/repository/org/hamcrest/hamcrest-all/1.3/hamcrest-all-1.3.jar:/home/user/.m2/repository/org/bouncycastle/bcprov-jdk15on/1.60/bcprov-jdk15on-1.60.jar:/home/user/.m2/repository/info/picocli/picocli/3.9.6/picocli-3.9.6.jar:/home/user/.m2/repository/com/google/protobuf/protobuf-java/2.5.0/protobuf-java-2.5.0.jar:/home/user/.m2/repository/com/google/guava/guava/11.0.2/guava-11.0.2.jar:/home/user/.m2/repository/org/apache/hadoop/hadoop-ozone-ozone-manager/0.5.0-SNAPSHOT/hadoop-ozone-ozone-manager-0.5.0-SNAPSHOT.jar:/home/user/.m2/repository/org/apache/hadoop/hadoop-minikdc/3.2.0/hadoop-minikdc-3.2.0.jar:/home/user/.m2/repository/commons-io/commons-io/2.5/commons-io-2.5.jar:/home/user/.m2/repository/org/apache/kerby/kerb-simplekdc/1.0.1/kerb-simplekdc-1.0.1.jar:/home/user/.m2/repository/org/apache/kerby/kerb-client/1.0.1/kerb-client-1.0.1.jar:/home/user/.m2/repository/org/apache/kerby/kerby-config/1.0.1/kerby-config-1.0.1.jar:/home/user/.m2/repository/org/apache/kerby/kerb-core/1.0.1/kerb-core-1.0.1.jar:/home/user/.m2/repository/org/apache/kerby/kerby-pkix/1.0.1/kerby-pkix-1.0.1.jar:/home/user/.m2/repository/org/apache/kerby/kerby-asn1/1.0.1/kerby-asn1-1.0.1.jar:/home/user/.m2/repository/org/apache/kerby/kerby-util/1.0.1/kerby-util-1.0.1.jar:/home/user/.m2/repository/org/apache/kerby/kerb-common/1.0.1/kerb-common-1.0.1.jar:/home/user/.m2/repository/org/apache/kerby/kerb-crypto/1.0.1/kerb-crypto-1.0.1.jar:/home/user/.m2/repository/org/apache/kerby/kerb-util/1.0.1/kerb-util-1.0.1.jar:/home/user/.m2/repository/org/apache/kerby/token-provider/1.0.1/token-provider-1.0.1.jar:/home/user/.m2/repository/org/apache/kerby/kerb-admin/1.0.1/kerb-admin-1.0.1.jar:/home/user/.m2/repository/org/apache/kerby/kerb-server/1.0.1/kerb-server-1.0.1.jar:/home/user/.m2/repository/org/apache/kerby/kerb-identity/1.0.1/kerb-identity-1.0.1.jar:/home/user/.m2/repository/org/apache/kerby/kerby-xdr/1.0.1/kerby-xdr-1.0.1.jar:/home/user/.m2/repository/org/slf4j/slf4j-log4j12/1.7.25/slf4j-log4j12-1.7.25.jar:/home/user/.m2/repository/org/apache/hadoop/hadoop-ozone-s3gateway/0.5.0-SNAPSHOT/hadoop-ozone-s3gateway-0.5.0-SNAPSHOT.jar:/home/user/.m2/repository/org/jboss/weld/servlet/weld-servlet/2.4.7.Final/weld-servlet-2.4.7.Final.jar:/home/user/.m2/repository/org/glassfish/jersey/containers/jersey-container-servlet-core/2.27/jersey-container-servlet-core-2.27.jar:/home/user/.m2/repository/org/glassfish/hk2/external/javax.inject/2.5.0-b42/javax.inject-2.5.0-b42.jar:/home/user/.m2/repository/org/glassfish/jersey/core/jersey-common/2.27/jersey-common-2.27.jar:/home/user/.m2/repository/org/glassfish/hk2/osgi-resource-locator/1.0.1/osgi-resource-locator-1.0.1.jar:/home/user/.m2/repository/javax/ws/rs/javax.ws.rs-api/2.1/javax.ws.rs-api-2.1.jar:/home/user/.m2/repository/org/glassfish/jersey/ext/cdi/jersey-cdi1x/2.27/jersey-cdi1x-2.27.jar:/home/user/.m2/repository/org/glassfish/jersey/inject/jersey-hk2/2.27/jersey-hk2-2.27.jar:/home/user/.m2/repository/org/glassfish/hk2/hk2-locator/2.5.0-b42/hk2-locator-2.5.0-b42.jar:/home/user/.m2/repository/org/javassist/javassist/3.22.0-CR2/javassist-3.22.0-CR2.jar:/home/user/.m2/repository/org/glassfish/hk2/hk2-api/2.5.0/hk2-api-2.5.0.jar:/home/user/.m2/repository/org/glassfish/hk2/external/jakarta.inject/2.5.0/jakarta.inject-2.5.0.jar:/home/user/.m2/repository/org/glassfish/hk2/hk2-utils/2.5.0/hk2-utils-2.5.0.jar:/home/user/.m2/repository/jakarta/annotation/jakarta.annotation-api/1.3.4/jakarta.annotation-api-1.3.4.jar:/home/user/.m2/repository/org/glassfish/hk2/external/aopalliance-repackaged/2.5.0/aopalliance-repackaged-2.5.0.jar:/home/user/.m2/repository/com/fasterxml/jackson/dataformat/jackson-dataformat-xml/2.9.0/jackson-dataformat-xml-2.9.0.jar:/home/user/.m2/repository/com/fasterxml/jackson/core/jackson-core/2.9.9/jackson-core-2.9.9.jar:/home/user/.m2/repository/com/fasterxml/jackson/module/jackson-module-jaxb-annotations/2.9.9/jackson-module-jaxb-annotations-2.9.9.jar:/home/user/.m2/repository/javax/enterprise/cdi-api/1.2/cdi-api-1.2.jar:/home/user/.m2/repository/javax/el/javax.el-api/3.0.0/javax.el-api-3.0.0.jar:/home/user/.m2/repository/javax/interceptor/javax.interceptor-api/1.2/javax.interceptor-api-1.2.jar:/home/user/.m2/repository/javax/inject/javax.inject/1/javax.inject-1.jar:/home/user/.m2/repository/com/sun/xml/bind/jaxb-impl/2.3.0.1/jaxb-impl-2.3.0.1.jar:/home/user/.m2/repository/com/sun/xml/bind/jaxb-core/2.3.0.1/jaxb-core-2.3.0.1.jar:/home/user/.m2/repository/javax/xml/bind/jaxb-api/2.3.0/jaxb-api-2.3.0.jar:/home/user/.m2/repository/javax/activation/activation/1.1.1/activation-1.1.1.jar:/home/user/.m2/repository/org/apache/hadoop/hadoop-ozone-csi/0.5.0-SNAPSHOT/hadoop-ozone-csi-0.5.0-SNAPSHOT.jar:/home/user/.m2/repository/com/google/protobuf/protobuf-java-util/3.5.1/protobuf-java-util-3.5.1.jar:/home/user/.m2/repository/org/apache/hadoop/hadoop-hdds-config/0.5.0-SNAPSHOT/hadoop-hdds-config-0.5.0-SNAPSHOT.jar:/home/user/.m2/repository/io/grpc/grpc-netty/1.17.1/grpc-netty-1.17.1.jar:/home/user/.m2/repository/io/grpc/grpc-core/1.17.1/grpc-core-1.17.1.jar:/home/user/.m2/repository/io/grpc/grpc-context/1.17.1/grpc-context-1.17.1.jar:/home/user/.m2/repository/com/google/errorprone/error_prone_annotations/2.2.0/error_prone_annotations-2.2.0.jar:/home/user/.m2/repository/org/codehaus/mojo/animal-sniffer-annotations/1.17/animal-sniffer-annotations-1.17.jar:/home/user/.m2/repository/io/opencensus/opencensus-api/0.17.0/opencensus-api-0.17.0.jar:/home/user/.m2/repository/io/opencensus/opencensus-contrib-grpc-metrics/0.17.0/opencensus-contrib-grpc-metrics-0.17.0.jar:/home/user/.m2/repository/io/netty/netty-codec-http2/4.1.30.Final/netty-codec-http2-4.1.30.Final.jar:/home/user/.m2/repository/io/netty/netty-codec-http/4.1.30.Final/netty-codec-http-4.1.30.Final.jar:/home/user/.m2/repository/io/netty/netty-codec/4.1.30.Final/netty-codec-4.1.30.Final.jar:/home/user/.m2/repository/io/netty/netty-handler/4.1.30.Final/netty-handler-4.1.30.Final.jar:/home/user/.m2/repository/io/netty/netty-handler-proxy/4.1.30.Final/netty-handler-proxy-4.1.30.Final.jar:/home/user/.m2/repository/io/netty/netty-codec-socks/4.1.30.Final/netty-codec-socks-4.1.30.Final.jar:/home/user/.m2/repository/io/netty/netty-transport-native-epoll/4.1.30.Final/netty-transport-native-epoll-4.1.30.Final.jar:/home/user/.m2/repository/io/netty/netty-common/4.1.30.Final/netty-common-4.1.30.Final.jar:/home/user/.m2/repository/io/netty/netty-buffer/4.1.30.Final/netty-buffer-4.1.30.Final.jar:/home/user/.m2/repository/io/netty/netty-transport/4.1.30.Final/netty-transport-4.1.30.Final.jar:/home/user/.m2/repository/io/netty/netty-resolver/4.1.30.Final/netty-resolver-4.1.30.Final.jar:/home/user/.m2/repository/io/netty/netty-transport-native-unix-common/4.1.30.Final/netty-transport-native-unix-common-4.1.30.Final.jar:/home/user/.m2/repository/io/grpc/grpc-protobuf/1.17.1/grpc-protobuf-1.17.1.jar:/home/user/.m2/repository/com/google/api/grpc/proto-google-common-protos/1.0.0/proto-google-common-protos-1.0.0.jar:/home/user/.m2/repository/io/grpc/grpc-protobuf-lite/1.17.1/grpc-protobuf-lite-1.17.1.jar:/home/user/.m2/repository/io/grpc/grpc-stub/1.17.1/grpc-stub-1.17.1.jar:/home/user/.m2/repository/org/apache/hadoop/hadoop-ozone-recon/0.5.0-SNAPSHOT/hadoop-ozone-recon-0.5.0-SNAPSHOT.jar:/home/user/.m2/repository/org/apache/hadoop/hadoop-ozone-reconcodegen/0.5.0-SNAPSHOT/hadoop-ozone-reconcodegen-0.5.0-SNAPSHOT.jar:/home/user/.m2/repository/com/google/inject/extensions/guice-multibindings/4.0/guice-multibindings-4.0.jar:/home/user/.m2/repository/com/google/inject/guice/4.0/guice-4.0.jar:/home/user/.m2/repository/aopalliance/aopalliance/1.0/aopalliance-1.0.jar:/home/user/.m2/repository/com/google/inject/extensions/guice-servlet/4.0/guice-servlet-4.0.jar:/home/user/.m2/repository/org/glassfish/jersey/containers/jersey-container-servlet/2.27/jersey-container-servlet-2.27.jar:/home/user/.m2/repository/org/glassfish/hk2/guice-bridge/2.5.0/guice-bridge-2.5.0.jar:/home/user/.m2/repository/org/glassfish/jersey/core/jersey-server/2.27/jersey-server-2.27.jar:/home/user/.m2/repository/org/glassfish/jersey/core/jersey-client/2.27/jersey-client-2.27.jar:/home/user/.m2/repository/org/glassfish/jersey/media/jersey-media-jaxb/2.27/jersey-media-jaxb-2.27.jar:/home/user/.m2/repository/javax/validation/validation-api/1.1.0.Final/validation-api-1.1.0.Final.jar:/home/user/.m2/repository/org/glassfish/jersey/media/jersey-media-json-jackson/2.27/jersey-media-json-jackson-2.27.jar:/home/user/.m2/repository/org/glassfish/jersey/ext/jersey-entity-filtering/2.27/jersey-entity-filtering-2.27.jar:/home/user/.m2/repository/com/google/inject/extensions/guice-assistedinject/4.0/guice-assistedinject-4.0.jar:/home/user/.m2/repository/org/jooq/jooq/3.11.10/jooq-3.11.10.jar:/home/user/.m2/repository/org/jooq/jooq-meta/3.11.10/jooq-meta-3.11.10.jar:/home/user/.m2/repository/org/jooq/jooq-codegen/3.11.10/jooq-codegen-3.11.10.jar:/home/user/.m2/repository/com/jolbox/bonecp/0.8.0.RELEASE/bonecp-0.8.0.RELEASE.jar:/home/user/.m2/repository/org/xerial/sqlite-jdbc/3.25.2/sqlite-jdbc-3.25.2.jar:/home/user/.m2/repository/org/springframework/spring-jdbc/5.1.3.RELEASE/spring-jdbc-5.1.3.RELEASE.jar:/home/user/.m2/repository/org/springframework/spring-beans/5.1.3.RELEASE/spring-beans-5.1.3.RELEASE.jar:/home/user/.m2/repository/org/springframework/spring-core/5.1.3.RELEASE/spring-core-5.1.3.RELEASE.jar:/home/user/.m2/repository/org/springframework/spring-jcl/5.1.3.RELEASE/spring-jcl-5.1.3.RELEASE.jar:/home/user/.m2/repository/org/springframework/spring-tx/5.1.3.RELEASE/spring-tx-5.1.3.RELEASE.jar:/home/user/.m2/repository/org/apache/hadoop/hadoop-ozone-client/0.5.0-SNAPSHOT/hadoop-ozone-client-0.5.0-SNAPSHOT.jar:/home/user/.m2/repository/commons-lang/commons-lang/2.6/commons-lang-2.6.jar:/home/user/.m2/repository/org/apache/hadoop/hadoop-ozone-ozone-manager/0.5.0-SNAPSHOT/hadoop-ozone-ozone-manager-0.5.0-SNAPSHOT-tests.jar:/home/user/.m2/repository/junit/junit/4.11/junit-4.11.jar:/home/user/.m2/repository/org/hamcrest/hamcrest-core/1.3/hamcrest-core-1.3.jar:/home/user/.m2/repository/org/openjdk/jmh/jmh-core/1.19/jmh-core-1.19.jar:/home/user/.m2/repository/net/sf/jopt-simple/jopt-simple/4.6/jopt-simple-4.6.jar:/home/user/.m2/repository/org/apache/commons/commons-math3/3.1.1/commons-math3-3.1.1.jar:/home/user/.m2/repository/org/openjdk/jmh/jmh-generator-annprocess/1.19/jmh-generator-annprocess-1.19.jar:/home/user/.m2/repository/org/mockito/mockito-all/1.8.5/mockito-all-1.8.5.jar:/home/user/.m2/repository/org/apache/hadoop/hadoop-kms/3.2.0/hadoop-kms-3.2.0.jar:/home/user/.m2/repository/org/apache/hadoop/hadoop-auth/3.2.0/hadoop-auth-3.2.0.jar:/home/user/.m2/repository/com/nimbusds/nimbus-jose-jwt/4.41.1/nimbus-jose-jwt-4.41.1.jar:/home/user/.m2/repository/com/github/stephenc/jcip/jcip-annotations/1.0-1/jcip-annotations-1.0-1.jar:/home/user/.m2/repository/net/minidev/json-smart/2.3/json-smart-2.3.jar:/home/user/.m2/repository/net/minidev/accessors-smart/1.2/accessors-smart-1.2.jar:/home/user/.m2/repository/org/ow2/asm/asm/5.0.4/asm-5.0.4.jar:/home/user/.m2/repository/org/apache/curator/curator-framework/2.12.0/curator-framework-2.12.0.jar:/home/user/.m2/repository/com/sun/jersey/jersey-core/1.19/jersey-core-1.19.jar:/home/user/.m2/repository/javax/ws/rs/jsr311-api/1.1.1/jsr311-api-1.1.1.jar:/home/user/.m2/repository/com/sun/jersey/jersey-server/1.19/jersey-server-1.19.jar:/home/user/.m2/repository/javax/servlet/javax.servlet-api/3.1.0/javax.servlet-api-3.1.0.jar:/home/user/.m2/repository/org/eclipse/jetty/jetty-server/9.3.25.v20180904/jetty-server-9.3.25.v20180904.jar:/home/user/.m2/repository/org/eclipse/jetty/jetty-http/9.3.25.v20180904/jetty-http-9.3.25.v20180904.jar:/home/user/.m2/repository/org/eclipse/jetty/jetty-io/9.3.25.v20180904/jetty-io-9.3.25.v20180904.jar:/home/user/.m2/repository/org/eclipse/jetty/jetty-webapp/9.3.25.v20180904/jetty-webapp-9.3.25.v20180904.jar:/home/user/.m2/repository/org/eclipse/jetty/jetty-xml/9.3.25.v20180904/jetty-xml-9.3.25.v20180904.jar:/home/user/.m2/repository/log4j/log4j/1.2.17/log4j-1.2.17.jar:/home/user/.m2/repository/org/slf4j/slf4j-api/1.7.25/slf4j-api-1.7.25.jar:/home/user/.m2/repository/org/slf4j/jul-to-slf4j/1.7.25/jul-to-slf4j-1.7.25.jar:/home/user/.m2/repository/org/eclipse/jetty/jetty-util/9.3.25.v20180904/jetty-util-9.3.25.v20180904.jar:/home/user/.m2/repository/com/fasterxml/jackson/core/jackson-databind/2.9.9/jackson-databind-2.9.9.jar:/home/user/.m2/repository/org/apache/hadoop/hadoop-kms/3.2.0/hadoop-kms-3.2.0-tests.jar:/home/user/.m2/repository/org/apache/hadoop/hadoop-hdds-server-scm/0.5.0-SNAPSHOT/hadoop-hdds-server-scm-0.5.0-SNAPSHOT-tests.jar:/home/user/.m2/repository/org/apache/hadoop/hadoop-hdds-container-service/0.5.0-SNAPSHOT/hadoop-hdds-container-service-0.5.0-SNAPSHOT-tests.jar:/home/user/.m2/repository/org/yaml/snakeyaml/1.16/snakeyaml-1.16.jar:/home/user/.m2/repository/org/apache/hadoop/hadoop-common/3.2.0/hadoop-common-3.2.0-tests.jar:/home/user/.m2/repository/org/apache/hadoop/hadoop-annotations/3.2.0/hadoop-annotations-3.2.0.jar:/usr/lib/jvm/java-1.8.0-openjdk-1.8.0.222.b10-1.el7_7.x86_64/jre/../lib/tools.jar:/home/user/.m2/repository/commons-cli/commons-cli/1.2/commons-cli-1.2.jar:/home/user/.m2/repository/org/apache/httpcomponents/httpclient/4.5.2/httpclient-4.5.2.jar:/home/user/.m2/repository/org/apache/httpcomponents/httpcore/4.4.4/httpcore-4.4.4.jar:/home/user/.m2/repository/commons-codec/commons-codec/1.11/commons-codec-1.11.jar:/home/user/.m2/repository/commons-net/commons-net/3.6/commons-net-3.6.jar:/home/user/.m2/repository/commons-collections/commons-collections/3.2.2/commons-collections-3.2.2.jar:/home/user/.m2/repository/org/eclipse/jetty/jetty-servlet/9.3.25.v20180904/jetty-servlet-9.3.25.v20180904.jar:/home/user/.m2/repository/org/eclipse/jetty/jetty-security/9.3.25.v20180904/jetty-security-9.3.25.v20180904.jar:/home/user/.m2/repository/javax/servlet/jsp/jsp-api/2.1/jsp-api-2.1.jar:/home/user/.m2/repository/com/sun/jersey/jersey-servlet/1.19/jersey-servlet-1.19.jar:/home/user/.m2/repository/com/sun/jersey/jersey-json/1.19/jersey-json-1.19.jar:/home/user/.m2/repository/org/codehaus/jettison/jettison/1.1/jettison-1.1.jar:/home/user/.m2/repository/org/codehaus/jackson/jackson-core-asl/1.9.13/jackson-core-asl-1.9.13.jar:/home/user/.m2/repository/org/codehaus/jackson/jackson-mapper-asl/1.9.13/jackson-mapper-asl-1.9.13.jar:/home/user/.m2/repository/org/codehaus/jackson/jackson-jaxrs/1.9.13/jackson-jaxrs-1.9.13.jar:/home/user/.m2/repository/org/codehaus/jackson/jackson-xc/1.9.13/jackson-xc-1.9.13.jar:/home/user/.m2/repository/commons-logging/commons-logging/1.1.3/commons-logging-1.1.3.jar:/home/user/.m2/repository/commons-beanutils/commons-beanutils/1.9.4/commons-beanutils-1.9.4.jar:/home/user/.m2/repository/org/apache/commons/commons-configuration2/2.1.1/commons-configuration2-2.1.1.jar:/home/user/.m2/repository/org/apache/commons/commons-lang3/3.7/commons-lang3-3.7.jar:/home/user/.m2/repository/org/apache/commons/commons-text/1.4/commons-text-1.4.jar:/home/user/.m2/repository/org/apache/avro/avro/1.7.7/avro-1.7.7.jar:/home/user/.m2/repository/com/thoughtworks/paranamer/paranamer/2.3/paranamer-2.3.jar:/home/user/.m2/repository/org/xerial/snappy/snappy-java/1.0.5/snappy-java-1.0.5.jar:/home/user/.m2/repository/com/google/re2j/re2j/1.1/re2j-1.1.jar:/home/user/.m2/repository/com/google/code/gson/gson/2.2.4/gson-2.2.4.jar:/home/user/.m2/repository/com/jcraft/jsch/0.1.54/jsch-0.1.54.jar:/home/user/.m2/repository/org/apache/curator/curator-client/2.12.0/curator-client-2.12.0.jar:/home/user/.m2/repository/org/apache/curator/curator-recipes/2.12.0/curator-recipes-2.12.0.jar:/home/user/.m2/repository/com/google/code/findbugs/jsr305/3.0.0/jsr305-3.0.0.jar:/home/user/.m2/repository/org/apache/htrace/htrace-core4/4.1.0-incubating/htrace-core4-4.1.0-incubating.jar:/home/user/.m2/repository/org/apache/zookeeper/zookeeper/3.4.13/zookeeper-3.4.13.jar:/home/user/.m2/repository/jline/jline/0.9.94/jline-0.9.94.jar:/home/user/.m2/repository/org/apache/yetus/audience-annotations/0.5.0/audience-annotations-0.5.0.jar:/home/user/.m2/repository/org/codehaus/woodstox/stax2-api/3.1.4/stax2-api-3.1.4.jar:/home/user/.m2/repository/com/fasterxml/woodstox/woodstox-core/5.0.3/woodstox-core-5.0.3.jar:/home/user/.m2/repository/dnsjava/dnsjava/2.1.7/dnsjava-2.1.7.jar:/home/user/.m2/repository/org/apache/hadoop/hadoop-hdfs/3.2.0/hadoop-hdfs-3.2.0-tests.jar:/home/user/.m2/repository/org/eclipse/jetty/jetty-util-ajax/9.3.25.v20180904/jetty-util-ajax-9.3.25.v20180904.jar:/home/user/.m2/repository/commons-daemon/commons-daemon/1.0.13/commons-daemon-1.0.13.jar:/home/user/.m2/repository/io/netty/netty/3.10.5.Final/netty-3.10.5.Final.jar:/home/user/.m2/repository/io/netty/netty-all/4.0.52.Final/netty-all-4.0.52.Final.jar:/home/user/.m2/repository/org/fusesource/leveldbjni/leveldbjni-all/1.8/leveldbjni-all-1.8.jar:"/>
    <property name="sun.cpu.endian" value="little"/>
    <property name="user.home" value="/home/user"/>
    <property name="user.language" value="en"/>
    <property name="java.specification.vendor" value="Oracle Corporation"/>
    <property name="java.home" value="/usr/lib/jvm/java-1.8.0-openjdk-1.8.0.222.b10-1.el7_7.x86_64/jre"/>
    <property name="surefire.excludesFile" value="/tools/ozone-bad-unit-tests"/>
    <property name="java.security.krb5.conf" value="/workdir/hadoop-ozone/integration-test/target/test-classes/krb5.conf"/>
    <property name="basedir" value="/workdir/hadoop-ozone/integration-test"/>
    <property name="file.separator" value="/"/>
    <property name="line.separator" value="&#10;"/>
    <property name="java.vm.specification.vendor" value="Oracle Corporation"/>
    <property name="java.specification.name" value="Java Platform API Specification"/>
    <property name="java.awt.graphicsenv" value="sun.awt.X11GraphicsEnvironment"/>
    <property name="surefire.real.class.path" value="/workdir/hadoop-ozone/integration-test/target/surefire/surefirebooter8474904609530319503.jar"/>
    <property name="hadoop.log.dir" value="/workdir/hadoop-ozone/integration-test/target/log"/>
    <property name="sun.boot.class.path" value="/usr/lib/jvm/java-1.8.0-openjdk-1.8.0.222.b10-1.el7_7.x86_64/jre/lib/resources.jar:/usr/lib/jvm/java-1.8.0-openjdk-1.8.0.222.b10-1.el7_7.x86_64/jre/lib/rt.jar:/usr/lib/jvm/java-1.8.0-openjdk-1.8.0.222.b10-1.el7_7.x86_64/jre/lib/sunrsasign.jar:/usr/lib/jvm/java-1.8.0-openjdk-1.8.0.222.b10-1.el7_7.x86_64/jre/lib/jsse.jar:/usr/lib/jvm/java-1.8.0-openjdk-1.8.0.222.b10-1.el7_7.x86_64/jre/lib/jce.jar:/usr/lib/jvm/java-1.8.0-openjdk-1.8.0.222.b10-1.el7_7.x86_64/jre/lib/charsets.jar:/usr/lib/jvm/java-1.8.0-openjdk-1.8.0.222.b10-1.el7_7.x86_64/jre/lib/jfr.jar:/usr/lib/jvm/java-1.8.0-openjdk-1.8.0.222.b10-1.el7_7.x86_64/jre/classes"/>
    <property name="sun.management.compiler" value="HotSpot 64-Bit Tiered Compilers"/>
    <property name="java.runtime.version" value="1.8.0_222-b10"/>
    <property name="java.net.preferIPv4Stack" value="true"/>
    <property name="user.name" value="jenkins1000"/>
    <property name="path.separator" value=":"/>
    <property name="java.security.egd" value="file:///dev/urandom"/>
    <property name="os.version" value="3.10.0-957.12.2.el7.x86_64"/>
    <property name="java.endorsed.dirs" value="/usr/lib/jvm/java-1.8.0-openjdk-1.8.0.222.b10-1.el7_7.x86_64/jre/lib/endorsed"/>
    <property name="java.runtime.name" value="OpenJDK Runtime Environment"/>
    <property name="file.encoding" value="ANSI_X3.4-1968"/>
    <property name="java.vm.name" value="OpenJDK 64-Bit Server VM"/>
    <property name="test.build.webapps" value=""/>
    <property name="localRepository" value="/home/user/.m2/repository"/>
    <property name="java.vendor.url.bug" value="http://bugreport.sun.com/bugreport/"/>
    <property name="java.io.tmpdir" value="/tmp"/>
    <property name="require.test.libhadoop" value=""/>
    <property name="java.version" value="1.8.0_222"/>
    <property name="user.dir" value="/workdir/hadoop-ozone/integration-test"/>
    <property name="os.arch" value="amd64"/>
    <property name="java.vm.specification.name" value="Java Virtual Machine Specification"/>
    <property name="test.build.classes" value="/workdir/hadoop-ozone/integration-test/target/test-classes"/>
    <property name="java.awt.printerjob" value="sun.print.PSPrinterJob"/>
    <property name="sun.os.patch.level" value="unknown"/>
    <property name="hadoop.tmp.dir" value="/workdir/hadoop-ozone/integration-test/target/tmp"/>
    <property name="java.library.path" value="/usr/lib:/workdir/hadoop-ozone/integration-test/target/native/target/usr/local/lib:/workdir/hadoop-ozone/integration-test/../../hadoop-common-project/hadoop-common/target/native/target/usr/local/lib:/usr/java/packages/lib/amd64:/usr/lib64:/lib64:/lib:/usr/lib"/>
    <property name="java.vm.info" value="mixed mode"/>
    <property name="java.vendor" value="Oracle Corporation"/>
    <property name="java.vm.version" value="25.222-b10"/>
    <property name="java.ext.dirs" value="/usr/lib/jvm/java-1.8.0-openjdk-1.8.0.222.b10-1.el7_7.x86_64/jre/lib/ext:/usr/java/packages/lib/ext"/>
    <property name="sun.io.unicode.encoding" value="UnicodeLittle"/>
    <property name="java.class.version" value="52.0"/>
  </properties>
  <testcase name="testPipelineDestroy" classname="org.apache.hadoop.ozone.scm.pipeline.TestSCMPipelineMetrics" time="28.198">
    <failure message="Bad value for metric NumPipelineDestroyed expected:&lt;1&gt; but was:&lt;5&gt;" type="java.lang.AssertionError"><![CDATA[java.lang.AssertionError: Bad value for metric NumPipelineDestroyed expected:<1> but was:<5>
	at org.junit.Assert.fail(Assert.java:88)
	at org.junit.Assert.failNotEquals(Assert.java:743)
	at org.junit.Assert.assertEquals(Assert.java:118)
	at org.junit.Assert.assertEquals(Assert.java:555)
	at org.apache.hadoop.test.MetricsAsserts.assertCounter(MetricsAsserts.java:227)
	at org.apache.hadoop.ozone.scm.pipeline.TestSCMPipelineMetrics.testPipelineDestroy(TestSCMPipelineMetrics.java:93)
	at sun.reflect.NativeMethodAccessorImpl.invoke0(Native Method)
	at sun.reflect.NativeMethodAccessorImpl.invoke(NativeMethodAccessorImpl.java:62)
	at sun.reflect.DelegatingMethodAccessorImpl.invoke(DelegatingMethodAccessorImpl.java:43)
	at java.lang.reflect.Method.invoke(Method.java:498)
	at org.junit.runners.model.FrameworkMethod$1.runReflectiveCall(FrameworkMethod.java:47)
	at org.junit.internal.runners.model.ReflectiveCallable.run(ReflectiveCallable.java:12)
	at org.junit.runners.model.FrameworkMethod.invokeExplosively(FrameworkMethod.java:44)
	at org.junit.internal.runners.statements.InvokeMethod.evaluate(InvokeMethod.java:17)
	at org.junit.internal.runners.statements.RunBefores.evaluate(RunBefores.java:26)
	at org.junit.internal.runners.statements.RunAfters.evaluate(RunAfters.java:27)
	at org.junit.runners.ParentRunner.runLeaf(ParentRunner.java:271)
	at org.junit.runners.BlockJUnit4ClassRunner.runChild(BlockJUnit4ClassRunner.java:70)
	at org.junit.runners.BlockJUnit4ClassRunner.runChild(BlockJUnit4ClassRunner.java:50)
	at org.junit.runners.ParentRunner$3.run(ParentRunner.java:238)
	at org.junit.runners.ParentRunner$1.schedule(ParentRunner.java:63)
	at org.junit.runners.ParentRunner.runChildren(ParentRunner.java:236)
	at org.junit.runners.ParentRunner.access$000(ParentRunner.java:53)
	at org.junit.runners.ParentRunner$2.evaluate(ParentRunner.java:229)
	at org.junit.runners.ParentRunner.run(ParentRunner.java:309)
	at org.apache.maven.surefire.junit4.JUnit4Provider.execute(JUnit4Provider.java:365)
	at org.apache.maven.surefire.junit4.JUnit4Provider.executeWithRerun(JUnit4Provider.java:273)
	at org.apache.maven.surefire.junit4.JUnit4Provider.executeTestSet(JUnit4Provider.java:238)
	at org.apache.maven.surefire.junit4.JUnit4Provider.invoke(JUnit4Provider.java:159)
	at org.apache.maven.surefire.booter.ForkedBooter.invokeProviderInSameClassLoader(ForkedBooter.java:384)
	at org.apache.maven.surefire.booter.ForkedBooter.runSuitesInProcess(ForkedBooter.java:345)
	at org.apache.maven.surefire.booter.ForkedBooter.execute(ForkedBooter.java:126)
	at org.apache.maven.surefire.booter.ForkedBooter.main(ForkedBooter.java:418)
]]></failure>
    <system-out><![CDATA[2019-10-18 19:47:03,054 [main] WARN  server.ServerUtils (ServerUtils.java:getScmDbDir(145)) - ozone.scm.db.dirs is not configured. We recommend adding this setting. Falling back to ozone.metadata.dirs instead.
2019-10-18 19:47:03,196 [main] WARN  server.ServerUtils (ServerUtils.java:getScmDbDir(145)) - ozone.scm.db.dirs is not configured. We recommend adding this setting. Falling back to ozone.metadata.dirs instead.
2019-10-18 19:47:03,200 [main] WARN  server.ServerUtils (ServerUtils.java:getScmDbDir(145)) - ozone.scm.db.dirs is not configured. We recommend adding this setting. Falling back to ozone.metadata.dirs instead.
2019-10-18 19:47:03,240 [main] INFO  util.log (Log.java:initialized(192)) - Logging initialized @999ms
2019-10-18 19:47:03,364 [main] INFO  db.DBStoreBuilder (DBStoreBuilder.java:addTable(117)) - using custom profile for table: deletedBlocks
2019-10-18 19:47:03,365 [main] INFO  db.DBStoreBuilder (DBStoreBuilder.java:processTables(168)) - Using default column profile:DBProfile.DISK for Table:deletedBlocks
2019-10-18 19:47:03,365 [main] INFO  db.DBStoreBuilder (DBStoreBuilder.java:addTable(117)) - using custom profile for table: validCerts
2019-10-18 19:47:03,366 [main] INFO  db.DBStoreBuilder (DBStoreBuilder.java:processTables(168)) - Using default column profile:DBProfile.DISK for Table:validCerts
2019-10-18 19:47:03,366 [main] INFO  db.DBStoreBuilder (DBStoreBuilder.java:addTable(117)) - using custom profile for table: revokedCerts
2019-10-18 19:47:03,366 [main] INFO  db.DBStoreBuilder (DBStoreBuilder.java:processTables(168)) - Using default column profile:DBProfile.DISK for Table:revokedCerts
2019-10-18 19:47:03,382 [main] INFO  db.DBStoreBuilder (DBStoreBuilder.java:addTable(117)) - using custom profile for table: default
2019-10-18 19:47:03,382 [main] INFO  db.DBStoreBuilder (DBStoreBuilder.java:processTables(174)) - Using default column profile:DBProfile.DISK for Table:default
2019-10-18 19:47:03,384 [main] INFO  db.DBStoreBuilder (DBStoreBuilder.java:getDbProfile(205)) - Using default options. DBProfile.DISK
2019-10-18 19:47:03,632 [main] INFO  net.NodeSchemaLoader (NodeSchemaLoader.java:loadSchemaFromFile(125)) - Loading file from sun.misc.CompoundEnumeration@1bb5a082
2019-10-18 19:47:03,634 [main] INFO  net.NodeSchemaLoader (NodeSchemaLoader.java:loadSchema(171)) - Loading network topology layer schema file
2019-10-18 19:47:03,694 [main] WARN  server.ServerUtils (ServerUtils.java:sanitizeUserArgs(70)) - ozone.scm.stale.node.interval value = 300000 is larger than max = 100000 based on the key value of ozone.scm.heartbeat.thread.interval, reset to the max value 100000.
2019-10-18 19:47:03,696 [main] WARN  server.ServerUtils (ServerUtils.java:sanitizeUserArgs(70)) - ozone.scm.stale.node.interval value = 300000 is larger than max = 100000 based on the key value of ozone.scm.heartbeat.thread.interval, reset to the max value 100000.
2019-10-18 19:47:03,698 [main] INFO  node.SCMNodeManager (SCMNodeManager.java:<init>(116)) - Entering startup safe mode.
2019-10-18 19:47:03,761 [main] INFO  algorithms.ContainerPlacementPolicyFactory (ContainerPlacementPolicyFactory.java:getPolicy(57)) - Create container placement policy of type org.apache.hadoop.hdds.scm.container.placement.algorithms.SCMContainerPlacementRandom
2019-10-18 19:47:03,775 [main] WARN  server.ServerUtils (ServerUtils.java:getScmDbDir(145)) - ozone.scm.db.dirs is not configured. We recommend adding this setting. Falling back to ozone.metadata.dirs instead.
2019-10-18 19:47:03,833 [main] INFO  pipeline.SCMPipelineManager (SCMPipelineManager.java:initializePipelineState(132)) - No pipeline exists in current db
2019-10-18 19:47:03,835 [main] WARN  server.ServerUtils (ServerUtils.java:getScmDbDir(145)) - ozone.scm.db.dirs is not configured. We recommend adding this setting. Falling back to ozone.metadata.dirs instead.
2019-10-18 19:47:03,942 [main] WARN  events.EventQueue (EventQueue.java:fireEvent(183)) - No event handler registered for event TypedEvent{payloadType=SafeModeStatus, name='SafeModeStatus'}
2019-10-18 19:47:04,300 [main] INFO  ipc.CallQueueManager (CallQueueManager.java:<init>(84)) - Using callQueue: class java.util.concurrent.LinkedBlockingQueue, queueCapacity: 2000, scheduler: class org.apache.hadoop.ipc.DefaultRpcScheduler, ipcBackoff: false.
2019-10-18 19:47:04,325 [Socket Reader #1 for port 35809] INFO  ipc.Server (Server.java:run(1074)) - Starting Socket Reader #1 for port 35809
2019-10-18 19:47:04,464 [main] INFO  ipc.CallQueueManager (CallQueueManager.java:<init>(84)) - Using callQueue: class java.util.concurrent.LinkedBlockingQueue, queueCapacity: 2000, scheduler: class org.apache.hadoop.ipc.DefaultRpcScheduler, ipcBackoff: false.
2019-10-18 19:47:04,465 [Socket Reader #1 for port 38289] INFO  ipc.Server (Server.java:run(1074)) - Starting Socket Reader #1 for port 38289
2019-10-18 19:47:04,476 [main] INFO  ipc.CallQueueManager (CallQueueManager.java:<init>(84)) - Using callQueue: class java.util.concurrent.LinkedBlockingQueue, queueCapacity: 2000, scheduler: class org.apache.hadoop.ipc.DefaultRpcScheduler, ipcBackoff: false.
2019-10-18 19:47:04,477 [Socket Reader #1 for port 35784] INFO  ipc.Server (Server.java:run(1074)) - Starting Socket Reader #1 for port 35784
2019-10-18 19:47:04,504 [main] INFO  hdfs.DFSUtil (DFSUtil.java:httpServerTemplateForNNAndJN(1641)) - Starting Web-server for scm at: http://0.0.0.0:0
2019-10-18 19:47:04,688 [main] INFO  server.AuthenticationFilter (AuthenticationFilter.java:constructSecretProvider(240)) - Unable to initialize FileSignerSecretProvider, falling back to use random secrets.
2019-10-18 19:47:04,697 [main] WARN  http.HttpRequestLog (HttpRequestLog.java:getRequestLog(97)) - Jetty request log can only be enabled using Log4j
2019-10-18 19:47:04,710 [main] INFO  http.HttpServer2 (HttpServer2.java:addGlobalFilter(975)) - Added global filter 'safety' (class=org.apache.hadoop.http.HttpServer2$QuotingInputFilter)
2019-10-18 19:47:04,714 [main] INFO  http.HttpServer2 (HttpServer2.java:addFilter(948)) - Added filter static_user_filter (class=org.apache.hadoop.http.lib.StaticUserWebFilter$StaticUserFilter) to context scm
2019-10-18 19:47:04,715 [main] INFO  http.HttpServer2 (HttpServer2.java:addFilter(958)) - Added filter static_user_filter (class=org.apache.hadoop.http.lib.StaticUserWebFilter$StaticUserFilter) to context static
2019-10-18 19:47:04,715 [main] INFO  http.HttpServer2 (HttpServer2.java:addFilter(958)) - Added filter static_user_filter (class=org.apache.hadoop.http.lib.StaticUserWebFilter$StaticUserFilter) to context logs
2019-10-18 19:47:04,756 [main] INFO  server.StorageContainerManager (StorageContainerManager.java:start(772)) - StorageContainerLocationProtocol RPC server is listening at /0.0.0.0:35784
2019-10-18 19:47:04,856 [main] WARN  impl.MetricsConfig (MetricsConfig.java:loadFirst(134)) - Cannot locate configuration: tried hadoop-metrics2-storagecontainermanager.properties,hadoop-metrics2.properties
2019-10-18 19:47:04,874 [main] INFO  impl.MetricsSystemImpl (MetricsSystemImpl.java:startTimer(374)) - Scheduled Metric snapshot period at 10 second(s).
2019-10-18 19:47:04,874 [main] INFO  impl.MetricsSystemImpl (MetricsSystemImpl.java:start(191)) - StorageContainerManager metrics system started
2019-10-18 19:47:05,130 [main] INFO  server.SCMClientProtocolServer (SCMClientProtocolServer.java:start(159)) - RPC server for Client  is listening at /0.0.0.0:35784
2019-10-18 19:47:05,131 [IPC Server Responder] INFO  ipc.Server (Server.java:run(1314)) - IPC Server Responder: starting
2019-10-18 19:47:05,131 [IPC Server listener on 35784] INFO  ipc.Server (Server.java:run(1153)) - IPC Server listener on 35784: starting
2019-10-18 19:47:05,134 [main] INFO  server.StorageContainerManager (StorageContainerManager.java:start(782)) - ScmBlockLocationProtocol RPC server is listening at /0.0.0.0:38289
2019-10-18 19:47:05,134 [main] INFO  server.SCMBlockProtocolServer (SCMBlockProtocolServer.java:start(146)) - RPC server for Block Protocol is listening at /0.0.0.0:38289
2019-10-18 19:47:05,135 [IPC Server Responder] INFO  ipc.Server (Server.java:run(1314)) - IPC Server Responder: starting
2019-10-18 19:47:05,135 [IPC Server listener on 38289] INFO  ipc.Server (Server.java:run(1153)) - IPC Server listener on 38289: starting
2019-10-18 19:47:05,137 [main] INFO  server.StorageContainerManager (StorageContainerManager.java:start(786)) - ScmDatanodeProtocl RPC server is listening at /0.0.0.0:35809
2019-10-18 19:47:05,137 [main] INFO  server.SCMDatanodeProtocolServer (SCMDatanodeProtocolServer.java:start(169)) - RPC server for DataNodes is listening at /0.0.0.0:35809
2019-10-18 19:47:05,138 [IPC Server Responder] INFO  ipc.Server (Server.java:run(1314)) - IPC Server Responder: starting
2019-10-18 19:47:05,138 [IPC Server listener on 35809] INFO  ipc.Server (Server.java:run(1153)) - IPC Server listener on 35809: starting
2019-10-18 19:47:05,142 [main] INFO  http.HttpServer2 (HttpServer2.java:bindListener(1191)) - Jetty bound to port 45603
2019-10-18 19:47:05,143 [main] INFO  server.Server (Server.java:doStart(351)) - jetty-9.3.25.v20180904, build timestamp: 2018-09-04T21:11:46Z, git hash: 3ce520221d0240229c862b122d2b06c12a625732
2019-10-18 19:47:05,179 [main] INFO  handler.ContextHandler (ContextHandler.java:doStart(781)) - Started o.e.j.s.ServletContextHandler@78f5c518{/logs,file:///workdir/hadoop-ozone/integration-test/target/log,AVAILABLE}
2019-10-18 19:47:05,180 [main] INFO  handler.ContextHandler (ContextHandler.java:doStart(781)) - Started o.e.j.s.ServletContextHandler@34f7234e{/static,file:///workdir/hadoop-ozone/integration-test/target/test-classes/webapps/static,AVAILABLE}
2019-10-18 19:47:05,223 [main] INFO  handler.ContextHandler (ContextHandler.java:doStart(781)) - Started o.e.j.w.WebAppContext@6bc248ed{/,file:///workdir/hadoop-ozone/integration-test/target/test-classes/webapps/scm/,AVAILABLE}{/scm}
2019-10-18 19:47:05,229 [main] INFO  server.AbstractConnector (AbstractConnector.java:doStart(278)) - Started ServerConnector@73511076{HTTP/1.1,[http/1.1]}{0.0.0.0:45603}
2019-10-18 19:47:05,229 [main] INFO  server.Server (Server.java:doStart(419)) - Started @2988ms
2019-10-18 19:47:05,231 [main] INFO  impl.MetricsSinkAdapter (MetricsSinkAdapter.java:start(204)) - Sink prometheus started
2019-10-18 19:47:05,231 [main] INFO  impl.MetricsSystemImpl (MetricsSystemImpl.java:registerSink(301)) - Registered sink prometheus
2019-10-18 19:47:05,233 [main] INFO  server.BaseHttpServer (BaseHttpServer.java:updateConnectorAddress(215)) - HTTP server of SCM is listening at http://0.0.0.0:45603
2019-10-18 19:47:05,241 [org.apache.hadoop.util.JvmPauseMonitor$Monitor@10b892d5] INFO  util.JvmPauseMonitor (JvmPauseMonitor.java:run(188)) - Starting JVM pause monitor
2019-10-18 19:47:05,245 [main] WARN  server.ServerUtils (ServerUtils.java:getDBPath(222)) - ozone.om.db.dirs is not configured. We recommend adding this setting. Falling back to ozone.metadata.dirs instead.
2019-10-18 19:47:05,359 [main] INFO  ha.OMHANodeDetails (OMHANodeDetails.java:loadOMHAConfig(190)) - Configuration either no ozone.om.address set. Falling back to the default OM address /127.0.0.1:0
2019-10-18 19:47:05,359 [main] INFO  ha.OMHANodeDetails (OMHANodeDetails.java:getOMNodeDetails(220)) - OM Service ID is not set. Setting it to the default ID: omServiceIdDefault
2019-10-18 19:47:05,361 [main] WARN  server.ServerUtils (ServerUtils.java:getDBPath(222)) - ozone.om.db.dirs is not configured. We recommend adding this setting. Falling back to ozone.metadata.dirs instead.
2019-10-18 19:47:05,362 [main] WARN  server.ServerUtils (ServerUtils.java:getDBPath(222)) - ozone.om.db.dirs is not configured. We recommend adding this setting. Falling back to ozone.metadata.dirs instead.
2019-10-18 19:47:05,994 [main] WARN  server.ServerUtils (ServerUtils.java:getDBPath(222)) - ozone.om.db.dirs is not configured. We recommend adding this setting. Falling back to ozone.metadata.dirs instead.
2019-10-18 19:47:06,002 [main] INFO  db.DBStoreBuilder (DBStoreBuilder.java:addTable(117)) - using custom profile for table: userTable
2019-10-18 19:47:06,002 [main] INFO  db.DBStoreBuilder (DBStoreBuilder.java:processTables(168)) - Using default column profile:DBProfile.DISK for Table:userTable
2019-10-18 19:47:06,003 [main] INFO  db.DBStoreBuilder (DBStoreBuilder.java:addTable(117)) - using custom profile for table: volumeTable
2019-10-18 19:47:06,003 [main] INFO  db.DBStoreBuilder (DBStoreBuilder.java:processTables(168)) - Using default column profile:DBProfile.DISK for Table:volumeTable
2019-10-18 19:47:06,004 [main] INFO  db.DBStoreBuilder (DBStoreBuilder.java:addTable(117)) - using custom profile for table: bucketTable
2019-10-18 19:47:06,004 [main] INFO  db.DBStoreBuilder (DBStoreBuilder.java:processTables(168)) - Using default column profile:DBProfile.DISK for Table:bucketTable
2019-10-18 19:47:06,005 [main] INFO  db.DBStoreBuilder (DBStoreBuilder.java:addTable(117)) - using custom profile for table: keyTable
2019-10-18 19:47:06,005 [main] INFO  db.DBStoreBuilder (DBStoreBuilder.java:processTables(168)) - Using default column profile:DBProfile.DISK for Table:keyTable
2019-10-18 19:47:06,005 [main] INFO  db.DBStoreBuilder (DBStoreBuilder.java:addTable(117)) - using custom profile for table: deletedTable
2019-10-18 19:47:06,006 [main] INFO  db.DBStoreBuilder (DBStoreBuilder.java:processTables(168)) - Using default column profile:DBProfile.DISK for Table:deletedTable
2019-10-18 19:47:06,006 [main] INFO  db.DBStoreBuilder (DBStoreBuilder.java:addTable(117)) - using custom profile for table: openKeyTable
2019-10-18 19:47:06,007 [main] INFO  db.DBStoreBuilder (DBStoreBuilder.java:processTables(168)) - Using default column profile:DBProfile.DISK for Table:openKeyTable
2019-10-18 19:47:06,007 [main] INFO  db.DBStoreBuilder (DBStoreBuilder.java:addTable(117)) - using custom profile for table: s3Table
2019-10-18 19:47:06,007 [main] INFO  db.DBStoreBuilder (DBStoreBuilder.java:processTables(168)) - Using default column profile:DBProfile.DISK for Table:s3Table
2019-10-18 19:47:06,008 [main] INFO  db.DBStoreBuilder (DBStoreBuilder.java:addTable(117)) - using custom profile for table: multipartInfoTable
2019-10-18 19:47:06,008 [main] INFO  db.DBStoreBuilder (DBStoreBuilder.java:processTables(168)) - Using default column profile:DBProfile.DISK for Table:multipartInfoTable
2019-10-18 19:47:06,009 [main] INFO  db.DBStoreBuilder (DBStoreBuilder.java:addTable(117)) - using custom profile for table: dTokenTable
2019-10-18 19:47:06,009 [main] INFO  db.DBStoreBuilder (DBStoreBuilder.java:processTables(168)) - Using default column profile:DBProfile.DISK for Table:dTokenTable
2019-10-18 19:47:06,009 [main] INFO  db.DBStoreBuilder (DBStoreBuilder.java:addTable(117)) - using custom profile for table: s3SecretTable
2019-10-18 19:47:06,010 [main] INFO  db.DBStoreBuilder (DBStoreBuilder.java:processTables(168)) - Using default column profile:DBProfile.DISK for Table:s3SecretTable
2019-10-18 19:47:06,010 [main] INFO  db.DBStoreBuilder (DBStoreBuilder.java:addTable(117)) - using custom profile for table: prefixTable
2019-10-18 19:47:06,010 [main] INFO  db.DBStoreBuilder (DBStoreBuilder.java:processTables(168)) - Using default column profile:DBProfile.DISK for Table:prefixTable
2019-10-18 19:47:06,011 [main] INFO  db.DBStoreBuilder (DBStoreBuilder.java:addTable(117)) - using custom profile for table: default
2019-10-18 19:47:06,011 [main] INFO  db.DBStoreBuilder (DBStoreBuilder.java:processTables(174)) - Using default column profile:DBProfile.DISK for Table:default
2019-10-18 19:47:06,012 [main] INFO  db.DBStoreBuilder (DBStoreBuilder.java:getDbProfile(205)) - Using default options. DBProfile.DISK
2019-10-18 19:47:06,434 [main] INFO  ipc.CallQueueManager (CallQueueManager.java:<init>(84)) - Using callQueue: class java.util.concurrent.LinkedBlockingQueue, queueCapacity: 2000, scheduler: class org.apache.hadoop.ipc.DefaultRpcScheduler, ipcBackoff: false.
2019-10-18 19:47:06,435 [Socket Reader #1 for port 37462] INFO  ipc.Server (Server.java:run(1074)) - Starting Socket Reader #1 for port 37462
2019-10-18 19:47:06,460 [main] INFO  om.OzoneManager (OzoneManager.java:start(1074)) - OzoneManager RPC server is listening at localhost/127.0.0.1:37462
2019-10-18 19:47:06,460 [main] INFO  impl.MetricsSystemImpl (MetricsSystemImpl.java:init(158)) - OzoneManager metrics system started (again)
2019-10-18 19:47:06,469 [IPC Server Responder] INFO  ipc.Server (Server.java:run(1314)) - IPC Server Responder: starting
2019-10-18 19:47:06,469 [IPC Server listener on 37462] INFO  ipc.Server (Server.java:run(1153)) - IPC Server listener on 37462: starting
2019-10-18 19:47:06,477 [main] INFO  hdfs.DFSUtil (DFSUtil.java:httpServerTemplateForNNAndJN(1641)) - Starting Web-server for ozoneManager at: http://0.0.0.0:0
2019-10-18 19:47:06,479 [main] INFO  server.AuthenticationFilter (AuthenticationFilter.java:constructSecretProvider(240)) - Unable to initialize FileSignerSecretProvider, falling back to use random secrets.
2019-10-18 19:47:06,480 [main] WARN  http.HttpRequestLog (HttpRequestLog.java:getRequestLog(97)) - Jetty request log can only be enabled using Log4j
2019-10-18 19:47:06,484 [main] INFO  http.HttpServer2 (HttpServer2.java:addGlobalFilter(975)) - Added global filter 'safety' (class=org.apache.hadoop.http.HttpServer2$QuotingInputFilter)
2019-10-18 19:47:06,485 [main] INFO  http.HttpServer2 (HttpServer2.java:addFilter(948)) - Added filter static_user_filter (class=org.apache.hadoop.http.lib.StaticUserWebFilter$StaticUserFilter) to context ozoneManager
2019-10-18 19:47:06,486 [main] INFO  http.HttpServer2 (HttpServer2.java:addFilter(958)) - Added filter static_user_filter (class=org.apache.hadoop.http.lib.StaticUserWebFilter$StaticUserFilter) to context logs
2019-10-18 19:47:06,486 [main] INFO  http.HttpServer2 (HttpServer2.java:addFilter(958)) - Added filter static_user_filter (class=org.apache.hadoop.http.lib.StaticUserWebFilter$StaticUserFilter) to context static
2019-10-18 19:47:06,489 [main] INFO  http.HttpServer2 (HttpServer2.java:bindListener(1191)) - Jetty bound to port 41040
2019-10-18 19:47:06,489 [main] INFO  server.Server (Server.java:doStart(351)) - jetty-9.3.25.v20180904, build timestamp: 2018-09-04T21:11:46Z, git hash: 3ce520221d0240229c862b122d2b06c12a625732
2019-10-18 19:47:06,493 [main] INFO  handler.ContextHandler (ContextHandler.java:doStart(781)) - Started o.e.j.s.ServletContextHandler@7a799159{/logs,file:///workdir/hadoop-ozone/integration-test/target/log,AVAILABLE}
2019-10-18 19:47:06,494 [main] INFO  handler.ContextHandler (ContextHandler.java:doStart(781)) - Started o.e.j.s.ServletContextHandler@6ff37443{/static,file:///workdir/hadoop-ozone/integration-test/target/test-classes/webapps/static,AVAILABLE}
2019-10-18 19:47:06,501 [main] INFO  handler.ContextHandler (ContextHandler.java:doStart(781)) - Started o.e.j.w.WebAppContext@783efb48{/,file:///workdir/hadoop-ozone/integration-test/target/test-classes/webapps/ozoneManager/,AVAILABLE}{/ozoneManager}
2019-10-18 19:47:06,502 [main] INFO  server.AbstractConnector (AbstractConnector.java:doStart(278)) - Started ServerConnector@5d235104{HTTP/1.1,[http/1.1]}{0.0.0.0:41040}
2019-10-18 19:47:06,502 [main] INFO  server.Server (Server.java:doStart(419)) - Started @4262ms
2019-10-18 19:47:06,503 [main] WARN  impl.MetricsSystemImpl (MetricsSystemImpl.java:register(276)) - Sink prometheus already exists!
2019-10-18 19:47:06,504 [main] INFO  server.BaseHttpServer (BaseHttpServer.java:updateConnectorAddress(215)) - HTTP server of OZONEMANAGER is listening at http://0.0.0.0:41040
2019-10-18 19:47:06,803 [main] INFO  impl.MetricsSystemImpl (MetricsSystemImpl.java:init(158)) - HddsDatanode metrics system started (again)
2019-10-18 19:47:06,853 [main] INFO  ozone.HddsDatanodeService (HddsDatanodeService.java:start(184)) - HddsDatanodeService host:pr-hdds-1868-rxw48-2170960119 ip:192.168.69.98
2019-10-18 19:47:06,890 [main] INFO  volume.HddsVolume (HddsVolume.java:<init>(176)) - Creating Volume: /workdir/hadoop-ozone/integration-test/target/test-dir/MiniOzoneClusterImpl-b2a1fe54-b4de-439d-8d2b-e5f043cc68c1/datanode-0/data/containers/hdds of  storage type : DISK and capacity : 1482555576320
2019-10-18 19:47:06,892 [main] INFO  volume.VolumeSet (VolumeSet.java:initializeVolumeSet(170)) - Added Volume : /workdir/hadoop-ozone/integration-test/target/test-dir/MiniOzoneClusterImpl-b2a1fe54-b4de-439d-8d2b-e5f043cc68c1/datanode-0/data/containers/hdds to VolumeSet
2019-10-18 19:47:06,895 [main] INFO  volume.ThrottledAsyncChecker (ThrottledAsyncChecker.java:schedule(141)) - Scheduling a check for /workdir/hadoop-ozone/integration-test/target/test-dir/MiniOzoneClusterImpl-b2a1fe54-b4de-439d-8d2b-e5f043cc68c1/datanode-0/data/containers/hdds
2019-10-18 19:47:06,914 [main] INFO  volume.HddsVolumeChecker (HddsVolumeChecker.java:checkAllVolumes(204)) - Scheduled health check for volume /workdir/hadoop-ozone/integration-test/target/test-dir/MiniOzoneClusterImpl-b2a1fe54-b4de-439d-8d2b-e5f043cc68c1/datanode-0/data/containers/hdds
2019-10-18 19:47:07,024 [main] INFO  impl.RaftServerProxy (ConfUtils.java:logGet(43)) - raft.rpc.type = GRPC (default)
2019-10-18 19:47:07,089 [main] INFO  grpc.GrpcFactory (GrpcFactory.java:checkPooledByteBufAllocatorUseCacheForAllThreads(45)) - PERFORMANCE WARNING: useCacheForAllThreads is true that may cause Netty to create a lot garbage objects and, as a result, trigger GC.
	It is recommended to disable useCacheForAllThreads by setting -Dorg.apache.ratis.thirdparty.io.netty.allocator.useCacheForAllThreads=false in command line.
2019-10-18 19:47:07,094 [main] INFO  grpc.GrpcConfigKeys$Server (ConfUtils.java:logGet(43)) - raft.grpc.server.port = 0 (default)
2019-10-18 19:47:07,095 [main] INFO  server.GrpcService (ConfUtils.java:logGet(43)) - raft.grpc.message.size.max = 33570816 (custom)
2019-10-18 19:47:07,096 [main] INFO  server.RaftServerConfigKeys (ConfUtils.java:logGet(43)) - raft.server.log.appender.buffer.byte-limit = 33554432 (custom)
2019-10-18 19:47:07,097 [main] INFO  server.GrpcService (ConfUtils.java:logGet(43)) - raft.grpc.flow.control.window = 1MB (=1048576) (default)
2019-10-18 19:47:07,098 [main] INFO  server.RaftServerConfigKeys (ConfUtils.java:logGet(43)) - raft.server.rpc.request.timeout = 3000ms (default)
2019-10-18 19:47:07,250 [main] INFO  server.RaftServerConfigKeys (ConfUtils.java:logGet(43)) - raft.server.storage.dir = [/workdir/hadoop-ozone/integration-test/target/test-dir/MiniOzoneClusterImpl-b2a1fe54-b4de-439d-8d2b-e5f043cc68c1/datanode-0/data/ratis] (custom)
2019-10-18 19:47:07,300 [main] INFO  hdfs.DFSUtil (DFSUtil.java:httpServerTemplateForNNAndJN(1641)) - Starting Web-server for hddsDatanode at: http://0.0.0.0:0
2019-10-18 19:47:07,302 [main] INFO  server.AuthenticationFilter (AuthenticationFilter.java:constructSecretProvider(240)) - Unable to initialize FileSignerSecretProvider, falling back to use random secrets.
2019-10-18 19:47:07,302 [main] WARN  http.HttpRequestLog (HttpRequestLog.java:getRequestLog(97)) - Jetty request log can only be enabled using Log4j
2019-10-18 19:47:07,304 [main] INFO  http.HttpServer2 (HttpServer2.java:addGlobalFilter(975)) - Added global filter 'safety' (class=org.apache.hadoop.http.HttpServer2$QuotingInputFilter)
2019-10-18 19:47:07,305 [main] INFO  http.HttpServer2 (HttpServer2.java:addFilter(948)) - Added filter static_user_filter (class=org.apache.hadoop.http.lib.StaticUserWebFilter$StaticUserFilter) to context hddsDatanode
2019-10-18 19:47:07,305 [main] INFO  http.HttpServer2 (HttpServer2.java:addFilter(958)) - Added filter static_user_filter (class=org.apache.hadoop.http.lib.StaticUserWebFilter$StaticUserFilter) to context logs
2019-10-18 19:47:07,305 [main] INFO  http.HttpServer2 (HttpServer2.java:addFilter(958)) - Added filter static_user_filter (class=org.apache.hadoop.http.lib.StaticUserWebFilter$StaticUserFilter) to context static
2019-10-18 19:47:07,306 [main] INFO  http.HttpServer2 (HttpServer2.java:bindListener(1191)) - Jetty bound to port 40098
2019-10-18 19:47:07,306 [main] INFO  server.Server (Server.java:doStart(351)) - jetty-9.3.25.v20180904, build timestamp: 2018-09-04T21:11:46Z, git hash: 3ce520221d0240229c862b122d2b06c12a625732
2019-10-18 19:47:07,309 [main] INFO  handler.ContextHandler (ContextHandler.java:doStart(781)) - Started o.e.j.s.ServletContextHandler@216e0771{/logs,file:///workdir/hadoop-ozone/integration-test/target/log,AVAILABLE}
2019-10-18 19:47:07,310 [main] INFO  handler.ContextHandler (ContextHandler.java:doStart(781)) - Started o.e.j.s.ServletContextHandler@fcc6023{/static,jar:file:/home/user/.m2/repository/org/apache/hadoop/hadoop-hdds-container-service/0.5.0-SNAPSHOT/hadoop-hdds-container-service-0.5.0-SNAPSHOT.jar!/webapps/static,AVAILABLE}
2019-10-18 19:47:07,348 [main] INFO  handler.ContextHandler (ContextHandler.java:doStart(781)) - Started o.e.j.w.WebAppContext@25d93198{/,file:///tmp/jetty-0.0.0.0-40098-hddsDatanode-_-any-1079946018727452270.dir/webapp/,AVAILABLE}{/hddsDatanode}
2019-10-18 19:47:07,349 [main] INFO  server.AbstractConnector (AbstractConnector.java:doStart(278)) - Started ServerConnector@2436ea2f{HTTP/1.1,[http/1.1]}{0.0.0.0:40098}
2019-10-18 19:47:07,349 [main] INFO  server.Server (Server.java:doStart(419)) - Started @5108ms
2019-10-18 19:47:07,350 [main] WARN  impl.MetricsSystemImpl (MetricsSystemImpl.java:register(276)) - Sink prometheus already exists!
2019-10-18 19:47:07,351 [main] INFO  server.BaseHttpServer (BaseHttpServer.java:updateConnectorAddress(215)) - HTTP server of HDDSDATANODE is listening at http://0.0.0.0:40098
2019-10-18 19:47:07,352 [main] INFO  impl.MetricsSystemImpl (MetricsSystemImpl.java:init(158)) - HddsDatanode metrics system started (again)
2019-10-18 19:47:07,355 [main] INFO  ozone.HddsDatanodeService (HddsDatanodeService.java:start(184)) - HddsDatanodeService host:pr-hdds-1868-rxw48-2170960119 ip:192.168.69.98
2019-10-18 19:47:07,359 [org.apache.hadoop.util.JvmPauseMonitor$Monitor@75f0443f] INFO  util.JvmPauseMonitor (JvmPauseMonitor.java:run(188)) - Starting JVM pause monitor
2019-10-18 19:47:07,367 [main] INFO  volume.HddsVolume (HddsVolume.java:<init>(176)) - Creating Volume: /workdir/hadoop-ozone/integration-test/target/test-dir/MiniOzoneClusterImpl-b2a1fe54-b4de-439d-8d2b-e5f043cc68c1/datanode-1/data/containers/hdds of  storage type : DISK and capacity : 1482555576320
2019-10-18 19:47:07,367 [main] INFO  volume.VolumeSet (VolumeSet.java:initializeVolumeSet(170)) - Added Volume : /workdir/hadoop-ozone/integration-test/target/test-dir/MiniOzoneClusterImpl-b2a1fe54-b4de-439d-8d2b-e5f043cc68c1/datanode-1/data/containers/hdds to VolumeSet
2019-10-18 19:47:07,368 [main] INFO  volume.ThrottledAsyncChecker (ThrottledAsyncChecker.java:schedule(141)) - Scheduling a check for /workdir/hadoop-ozone/integration-test/target/test-dir/MiniOzoneClusterImpl-b2a1fe54-b4de-439d-8d2b-e5f043cc68c1/datanode-1/data/containers/hdds
2019-10-18 19:47:07,369 [main] INFO  volume.HddsVolumeChecker (HddsVolumeChecker.java:checkAllVolumes(204)) - Scheduled health check for volume /workdir/hadoop-ozone/integration-test/target/test-dir/MiniOzoneClusterImpl-b2a1fe54-b4de-439d-8d2b-e5f043cc68c1/datanode-1/data/containers/hdds
2019-10-18 19:47:07,390 [main] INFO  impl.RaftServerProxy (ConfUtils.java:logGet(43)) - raft.rpc.type = GRPC (default)
2019-10-18 19:47:07,391 [main] INFO  grpc.GrpcFactory (GrpcFactory.java:checkPooledByteBufAllocatorUseCacheForAllThreads(45)) - PERFORMANCE WARNING: useCacheForAllThreads is true that may cause Netty to create a lot garbage objects and, as a result, trigger GC.
	It is recommended to disable useCacheForAllThreads by setting -Dorg.apache.ratis.thirdparty.io.netty.allocator.useCacheForAllThreads=false in command line.
2019-10-18 19:47:07,391 [main] INFO  grpc.GrpcConfigKeys$Server (ConfUtils.java:logGet(43)) - raft.grpc.server.port = 0 (default)
2019-10-18 19:47:07,391 [main] INFO  server.GrpcService (ConfUtils.java:logGet(43)) - raft.grpc.message.size.max = 33570816 (custom)
2019-10-18 19:47:07,392 [main] INFO  server.RaftServerConfigKeys (ConfUtils.java:logGet(43)) - raft.server.log.appender.buffer.byte-limit = 33554432 (custom)
2019-10-18 19:47:07,392 [main] INFO  server.GrpcService (ConfUtils.java:logGet(43)) - raft.grpc.flow.control.window = 1MB (=1048576) (default)
2019-10-18 19:47:07,392 [main] INFO  server.RaftServerConfigKeys (ConfUtils.java:logGet(43)) - raft.server.rpc.request.timeout = 3000ms (default)
2019-10-18 19:47:07,393 [main] INFO  server.RaftServerConfigKeys (ConfUtils.java:logGet(43)) - raft.server.storage.dir = [/workdir/hadoop-ozone/integration-test/target/test-dir/MiniOzoneClusterImpl-b2a1fe54-b4de-439d-8d2b-e5f043cc68c1/datanode-1/data/ratis] (custom)
2019-10-18 19:47:07,396 [main] INFO  hdfs.DFSUtil (DFSUtil.java:httpServerTemplateForNNAndJN(1641)) - Starting Web-server for hddsDatanode at: http://0.0.0.0:0
2019-10-18 19:47:07,398 [main] INFO  server.AuthenticationFilter (AuthenticationFilter.java:constructSecretProvider(240)) - Unable to initialize FileSignerSecretProvider, falling back to use random secrets.
2019-10-18 19:47:07,398 [main] WARN  http.HttpRequestLog (HttpRequestLog.java:getRequestLog(97)) - Jetty request log can only be enabled using Log4j
2019-10-18 19:47:07,400 [main] INFO  http.HttpServer2 (HttpServer2.java:addGlobalFilter(975)) - Added global filter 'safety' (class=org.apache.hadoop.http.HttpServer2$QuotingInputFilter)
2019-10-18 19:47:07,400 [main] INFO  http.HttpServer2 (HttpServer2.java:addFilter(948)) - Added filter static_user_filter (class=org.apache.hadoop.http.lib.StaticUserWebFilter$StaticUserFilter) to context hddsDatanode
2019-10-18 19:47:07,401 [main] INFO  http.HttpServer2 (HttpServer2.java:addFilter(958)) - Added filter static_user_filter (class=org.apache.hadoop.http.lib.StaticUserWebFilter$StaticUserFilter) to context logs
2019-10-18 19:47:07,401 [main] INFO  http.HttpServer2 (HttpServer2.java:addFilter(958)) - Added filter static_user_filter (class=org.apache.hadoop.http.lib.StaticUserWebFilter$StaticUserFilter) to context static
2019-10-18 19:47:07,402 [main] INFO  http.HttpServer2 (HttpServer2.java:bindListener(1191)) - Jetty bound to port 44292
2019-10-18 19:47:07,402 [main] INFO  server.Server (Server.java:doStart(351)) - jetty-9.3.25.v20180904, build timestamp: 2018-09-04T21:11:46Z, git hash: 3ce520221d0240229c862b122d2b06c12a625732
2019-10-18 19:47:07,405 [main] INFO  handler.ContextHandler (ContextHandler.java:doStart(781)) - Started o.e.j.s.ServletContextHandler@38bb9d7a{/logs,file:///workdir/hadoop-ozone/integration-test/target/log,AVAILABLE}
2019-10-18 19:47:07,406 [main] INFO  handler.ContextHandler (ContextHandler.java:doStart(781)) - Started o.e.j.s.ServletContextHandler@78d6447a{/static,jar:file:/home/user/.m2/repository/org/apache/hadoop/hadoop-hdds-container-service/0.5.0-SNAPSHOT/hadoop-hdds-container-service-0.5.0-SNAPSHOT.jar!/webapps/static,AVAILABLE}
2019-10-18 19:47:07,437 [main] INFO  handler.ContextHandler (ContextHandler.java:doStart(781)) - Started o.e.j.w.WebAppContext@2f37f1f9{/,file:///tmp/jetty-0.0.0.0-44292-hddsDatanode-_-any-3173089328845373079.dir/webapp/,AVAILABLE}{/hddsDatanode}
2019-10-18 19:47:07,437 [main] INFO  server.AbstractConnector (AbstractConnector.java:doStart(278)) - Started ServerConnector@3374b5bc{HTTP/1.1,[http/1.1]}{0.0.0.0:44292}
2019-10-18 19:47:07,439 [main] INFO  server.Server (Server.java:doStart(419)) - Started @5197ms
2019-10-18 19:47:07,439 [main] WARN  impl.MetricsSystemImpl (MetricsSystemImpl.java:register(276)) - Sink prometheus already exists!
2019-10-18 19:47:07,440 [main] INFO  server.BaseHttpServer (BaseHttpServer.java:updateConnectorAddress(215)) - HTTP server of HDDSDATANODE is listening at http://0.0.0.0:44292
2019-10-18 19:47:07,441 [main] INFO  impl.MetricsSystemImpl (MetricsSystemImpl.java:init(158)) - HddsDatanode metrics system started (again)
2019-10-18 19:47:07,444 [org.apache.hadoop.util.JvmPauseMonitor$Monitor@347bda8d] INFO  util.JvmPauseMonitor (JvmPauseMonitor.java:run(188)) - Starting JVM pause monitor
2019-10-18 19:47:07,444 [main] INFO  ozone.HddsDatanodeService (HddsDatanodeService.java:start(184)) - HddsDatanodeService host:pr-hdds-1868-rxw48-2170960119 ip:192.168.69.98
2019-10-18 19:47:07,453 [main] INFO  volume.HddsVolume (HddsVolume.java:<init>(176)) - Creating Volume: /workdir/hadoop-ozone/integration-test/target/test-dir/MiniOzoneClusterImpl-b2a1fe54-b4de-439d-8d2b-e5f043cc68c1/datanode-2/data/containers/hdds of  storage type : DISK and capacity : 1482555576320
2019-10-18 19:47:07,454 [main] INFO  volume.VolumeSet (VolumeSet.java:initializeVolumeSet(170)) - Added Volume : /workdir/hadoop-ozone/integration-test/target/test-dir/MiniOzoneClusterImpl-b2a1fe54-b4de-439d-8d2b-e5f043cc68c1/datanode-2/data/containers/hdds to VolumeSet
2019-10-18 19:47:07,454 [main] INFO  volume.ThrottledAsyncChecker (ThrottledAsyncChecker.java:schedule(141)) - Scheduling a check for /workdir/hadoop-ozone/integration-test/target/test-dir/MiniOzoneClusterImpl-b2a1fe54-b4de-439d-8d2b-e5f043cc68c1/datanode-2/data/containers/hdds
2019-10-18 19:47:07,455 [main] INFO  volume.HddsVolumeChecker (HddsVolumeChecker.java:checkAllVolumes(204)) - Scheduled health check for volume /workdir/hadoop-ozone/integration-test/target/test-dir/MiniOzoneClusterImpl-b2a1fe54-b4de-439d-8d2b-e5f043cc68c1/datanode-2/data/containers/hdds
2019-10-18 19:47:07,468 [main] INFO  impl.RaftServerProxy (ConfUtils.java:logGet(43)) - raft.rpc.type = GRPC (default)
2019-10-18 19:47:07,469 [main] INFO  grpc.GrpcFactory (GrpcFactory.java:checkPooledByteBufAllocatorUseCacheForAllThreads(45)) - PERFORMANCE WARNING: useCacheForAllThreads is true that may cause Netty to create a lot garbage objects and, as a result, trigger GC.
	It is recommended to disable useCacheForAllThreads by setting -Dorg.apache.ratis.thirdparty.io.netty.allocator.useCacheForAllThreads=false in command line.
2019-10-18 19:47:07,469 [main] INFO  grpc.GrpcConfigKeys$Server (ConfUtils.java:logGet(43)) - raft.grpc.server.port = 0 (default)
2019-10-18 19:47:07,469 [main] INFO  server.GrpcService (ConfUtils.java:logGet(43)) - raft.grpc.message.size.max = 33570816 (custom)
2019-10-18 19:47:07,469 [main] INFO  server.RaftServerConfigKeys (ConfUtils.java:logGet(43)) - raft.server.log.appender.buffer.byte-limit = 33554432 (custom)
2019-10-18 19:47:07,470 [main] INFO  server.GrpcService (ConfUtils.java:logGet(43)) - raft.grpc.flow.control.window = 1MB (=1048576) (default)
2019-10-18 19:47:07,470 [main] INFO  server.RaftServerConfigKeys (ConfUtils.java:logGet(43)) - raft.server.rpc.request.timeout = 3000ms (default)
2019-10-18 19:47:07,471 [main] INFO  server.RaftServerConfigKeys (ConfUtils.java:logGet(43)) - raft.server.storage.dir = [/workdir/hadoop-ozone/integration-test/target/test-dir/MiniOzoneClusterImpl-b2a1fe54-b4de-439d-8d2b-e5f043cc68c1/datanode-2/data/ratis] (custom)
2019-10-18 19:47:07,473 [main] INFO  hdfs.DFSUtil (DFSUtil.java:httpServerTemplateForNNAndJN(1641)) - Starting Web-server for hddsDatanode at: http://0.0.0.0:0
2019-10-18 19:47:07,475 [main] INFO  server.AuthenticationFilter (AuthenticationFilter.java:constructSecretProvider(240)) - Unable to initialize FileSignerSecretProvider, falling back to use random secrets.
2019-10-18 19:47:07,475 [main] WARN  http.HttpRequestLog (HttpRequestLog.java:getRequestLog(97)) - Jetty request log can only be enabled using Log4j
2019-10-18 19:47:07,477 [main] INFO  http.HttpServer2 (HttpServer2.java:addGlobalFilter(975)) - Added global filter 'safety' (class=org.apache.hadoop.http.HttpServer2$QuotingInputFilter)
2019-10-18 19:47:07,477 [main] INFO  http.HttpServer2 (HttpServer2.java:addFilter(948)) - Added filter static_user_filter (class=org.apache.hadoop.http.lib.StaticUserWebFilter$StaticUserFilter) to context hddsDatanode
2019-10-18 19:47:07,477 [main] INFO  http.HttpServer2 (HttpServer2.java:addFilter(958)) - Added filter static_user_filter (class=org.apache.hadoop.http.lib.StaticUserWebFilter$StaticUserFilter) to context static
2019-10-18 19:47:07,477 [main] INFO  http.HttpServer2 (HttpServer2.java:addFilter(958)) - Added filter static_user_filter (class=org.apache.hadoop.http.lib.StaticUserWebFilter$StaticUserFilter) to context logs
2019-10-18 19:47:07,478 [main] INFO  http.HttpServer2 (HttpServer2.java:bindListener(1191)) - Jetty bound to port 37431
2019-10-18 19:47:07,479 [main] INFO  server.Server (Server.java:doStart(351)) - jetty-9.3.25.v20180904, build timestamp: 2018-09-04T21:11:46Z, git hash: 3ce520221d0240229c862b122d2b06c12a625732
2019-10-18 19:47:07,481 [main] INFO  handler.ContextHandler (ContextHandler.java:doStart(781)) - Started o.e.j.s.ServletContextHandler@51c959a4{/logs,file:///workdir/hadoop-ozone/integration-test/target/log,AVAILABLE}
2019-10-18 19:47:07,482 [main] INFO  handler.ContextHandler (ContextHandler.java:doStart(781)) - Started o.e.j.s.ServletContextHandler@10a0fe30{/static,jar:file:/home/user/.m2/repository/org/apache/hadoop/hadoop-hdds-container-service/0.5.0-SNAPSHOT/hadoop-hdds-container-service-0.5.0-SNAPSHOT.jar!/webapps/static,AVAILABLE}
2019-10-18 19:47:07,488 [Datanode State Machine Thread - 0] INFO  datanode.InitDatanodeState (InitDatanodeState.java:persistContainerDatanodeDetails(140)) - DatanodeDetails is persisted to /workdir/hadoop-ozone/integration-test/target/test-dir/MiniOzoneClusterImpl-b2a1fe54-b4de-439d-8d2b-e5f043cc68c1/datanode-0/meta/datanode.id
2019-10-18 19:47:07,491 [Datanode State Machine Thread - 0] INFO  datanode.InitDatanodeState (InitDatanodeState.java:persistContainerDatanodeDetails(140)) - DatanodeDetails is persisted to /workdir/hadoop-ozone/integration-test/target/test-dir/MiniOzoneClusterImpl-b2a1fe54-b4de-439d-8d2b-e5f043cc68c1/datanode-1/meta/datanode.id
2019-10-18 19:47:07,511 [main] INFO  handler.ContextHandler (ContextHandler.java:doStart(781)) - Started o.e.j.w.WebAppContext@63c12e52{/,file:///tmp/jetty-0.0.0.0-37431-hddsDatanode-_-any-2781596474813126093.dir/webapp/,AVAILABLE}{/hddsDatanode}
2019-10-18 19:47:07,511 [main] INFO  server.AbstractConnector (AbstractConnector.java:doStart(278)) - Started ServerConnector@21bd20ee{HTTP/1.1,[http/1.1]}{0.0.0.0:37431}
2019-10-18 19:47:07,512 [main] INFO  server.Server (Server.java:doStart(419)) - Started @5271ms
2019-10-18 19:47:07,512 [main] WARN  impl.MetricsSystemImpl (MetricsSystemImpl.java:register(276)) - Sink prometheus already exists!
2019-10-18 19:47:07,513 [main] INFO  server.BaseHttpServer (BaseHttpServer.java:updateConnectorAddress(215)) - HTTP server of HDDSDATANODE is listening at http://0.0.0.0:37431
2019-10-18 19:47:07,515 [main] INFO  ozone.MiniOzoneClusterImpl (MiniOzoneClusterImpl.java:lambda$waitForClusterToBeReady$2(172)) - Waiting for cluster to be ready. Got 0 of 3 DN Heartbeats.
2019-10-18 19:47:07,516 [org.apache.hadoop.util.JvmPauseMonitor$Monitor@3a36b5b3] INFO  util.JvmPauseMonitor (JvmPauseMonitor.java:run(188)) - Starting JVM pause monitor
2019-10-18 19:47:07,518 [Datanode State Machine Thread - 0] INFO  datanode.InitDatanodeState (InitDatanodeState.java:persistContainerDatanodeDetails(140)) - DatanodeDetails is persisted to /workdir/hadoop-ozone/integration-test/target/test-dir/MiniOzoneClusterImpl-b2a1fe54-b4de-439d-8d2b-e5f043cc68c1/datanode-2/meta/datanode.id
2019-10-18 19:47:08,515 [main] INFO  ozone.MiniOzoneClusterImpl (MiniOzoneClusterImpl.java:lambda$waitForClusterToBeReady$2(172)) - Waiting for cluster to be ready. Got 0 of 3 DN Heartbeats.
2019-10-18 19:47:09,462 [Datanode State Machine Thread - 0] INFO  ozoneimpl.OzoneContainer (OzoneContainer.java:start(213)) - Attempting to start container services.
2019-10-18 19:47:09,462 [Datanode State Machine Thread - 0] INFO  ozoneimpl.OzoneContainer (OzoneContainer.java:start(213)) - Attempting to start container services.
2019-10-18 19:47:09,466 [Datanode State Machine Thread - 0] INFO  ozoneimpl.OzoneContainer (OzoneContainer.java:startContainerScrub(177)) - Background container scanner has been disabled.
2019-10-18 19:47:09,466 [Datanode State Machine Thread - 0] INFO  ozoneimpl.OzoneContainer (OzoneContainer.java:startContainerScrub(177)) - Background container scanner has been disabled.
2019-10-18 19:47:09,466 [Datanode State Machine Thread - 0] INFO  ratis.XceiverServerRatis (XceiverServerRatis.java:start(424)) - Starting XceiverServerRatis 61936858-0f54-447d-9a7d-47275f28d678 at port 0
2019-10-18 19:47:09,466 [Datanode State Machine Thread - 0] INFO  ratis.XceiverServerRatis (XceiverServerRatis.java:start(424)) - Starting XceiverServerRatis a4b86d4c-0ac9-410c-bcd3-f6b17fd2bc42 at port 0
2019-10-18 19:47:09,499 [Datanode State Machine Thread - 0] INFO  impl.RaftServerProxy (RaftServerProxy.java:lambda$start$3(299)) - a4b86d4c-0ac9-410c-bcd3-f6b17fd2bc42: start RPC server
2019-10-18 19:47:09,499 [Datanode State Machine Thread - 0] INFO  impl.RaftServerProxy (RaftServerProxy.java:lambda$start$3(299)) - 61936858-0f54-447d-9a7d-47275f28d678: start RPC server
2019-10-18 19:47:09,516 [main] INFO  ozone.MiniOzoneClusterImpl (MiniOzoneClusterImpl.java:lambda$waitForClusterToBeReady$2(172)) - Waiting for cluster to be ready. Got 0 of 3 DN Heartbeats.
2019-10-18 19:47:09,532 [Datanode State Machine Thread - 0] INFO  ozoneimpl.OzoneContainer (OzoneContainer.java:start(213)) - Attempting to start container services.
2019-10-18 19:47:09,537 [Datanode State Machine Thread - 0] INFO  ozoneimpl.OzoneContainer (OzoneContainer.java:startContainerScrub(177)) - Background container scanner has been disabled.
2019-10-18 19:47:09,537 [Datanode State Machine Thread - 0] INFO  ratis.XceiverServerRatis (XceiverServerRatis.java:start(424)) - Starting XceiverServerRatis 3775819d-3279-4043-97e0-399c180bd06e at port 0
2019-10-18 19:47:09,546 [Datanode State Machine Thread - 0] INFO  impl.RaftServerProxy (RaftServerProxy.java:lambda$start$3(299)) - 3775819d-3279-4043-97e0-399c180bd06e: start RPC server
2019-10-18 19:47:09,643 [Datanode State Machine Thread - 0] INFO  server.GrpcService (GrpcService.java:startImpl(158)) - 61936858-0f54-447d-9a7d-47275f28d678: GrpcService started, listening on 0.0.0.0/0.0.0.0:41217
2019-10-18 19:47:09,643 [Datanode State Machine Thread - 0] INFO  server.GrpcService (GrpcService.java:startImpl(158)) - a4b86d4c-0ac9-410c-bcd3-f6b17fd2bc42: GrpcService started, listening on 0.0.0.0/0.0.0.0:44551
2019-10-18 19:47:09,643 [Datanode State Machine Thread - 0] INFO  server.GrpcService (GrpcService.java:startImpl(158)) - 3775819d-3279-4043-97e0-399c180bd06e: GrpcService started, listening on 0.0.0.0/0.0.0.0:37356
2019-10-18 19:47:09,644 [Datanode State Machine Thread - 0] INFO  ratis.XceiverServerRatis (XceiverServerRatis.java:start(434)) - XceiverServerRatis a4b86d4c-0ac9-410c-bcd3-f6b17fd2bc42 is started using port 44551
2019-10-18 19:47:09,644 [Datanode State Machine Thread - 0] INFO  ratis.XceiverServerRatis (XceiverServerRatis.java:start(434)) - XceiverServerRatis 61936858-0f54-447d-9a7d-47275f28d678 is started using port 41217
2019-10-18 19:47:09,645 [Datanode State Machine Thread - 0] INFO  ratis.XceiverServerRatis (XceiverServerRatis.java:start(434)) - XceiverServerRatis 3775819d-3279-4043-97e0-399c180bd06e is started using port 37356
2019-10-18 19:47:09,649 [Datanode State Machine Thread - 0] INFO  server.XceiverServerGrpc (XceiverServerGrpc.java:start(149)) - XceiverServerGrpc a4b86d4c-0ac9-410c-bcd3-f6b17fd2bc42 is started using port 35635
2019-10-18 19:47:09,650 [Datanode State Machine Thread - 0] INFO  server.XceiverServerGrpc (XceiverServerGrpc.java:start(149)) - XceiverServerGrpc 3775819d-3279-4043-97e0-399c180bd06e is started using port 35134
2019-10-18 19:47:09,649 [Datanode State Machine Thread - 0] INFO  server.XceiverServerGrpc (XceiverServerGrpc.java:start(149)) - XceiverServerGrpc 61936858-0f54-447d-9a7d-47275f28d678 is started using port 40042
2019-10-18 19:47:10,517 [main] INFO  ozone.MiniOzoneClusterImpl (MiniOzoneClusterImpl.java:lambda$waitForClusterToBeReady$2(172)) - Waiting for cluster to be ready. Got 0 of 3 DN Heartbeats.
2019-10-18 19:47:11,419 [IPC Server handler 0 on 35809] INFO  net.NetworkTopology (NetworkTopologyImpl.java:add(111)) - Added a new node: /default-rack/61936858-0f54-447d-9a7d-47275f28d678
2019-10-18 19:47:11,420 [IPC Server handler 0 on 35809] INFO  node.SCMNodeManager (SCMNodeManager.java:register(268)) - Registered Data node : 61936858-0f54-447d-9a7d-47275f28d678{ip: 192.168.69.98, host: pr-hdds-1868-rxw48-2170960119, networkLocation: /default-rack, certSerialId: null}
2019-10-18 19:47:11,424 [EventQueue-NodeRegistrationContainerReportForDataNodeSafeModeRule] INFO  safemode.SCMSafeModeManager (DataNodeSafeModeRule.java:process(71)) - SCM in safe mode. 1 DataNodes registered, 1 required.
2019-10-18 19:47:11,424 [EventQueue-NodeRegistrationContainerReportForDataNodeSafeModeRule] INFO  safemode.SCMSafeModeManager (SCMSafeModeManager.java:validateSafeModeExitRules(177)) - ScmSafeModeManager, all rules are successfully validated
2019-10-18 19:47:11,424 [EventQueue-NodeRegistrationContainerReportForDataNodeSafeModeRule] INFO  safemode.SCMSafeModeManager (SCMSafeModeManager.java:exitSafeMode(193)) - SCM exiting safe mode.
2019-10-18 19:47:11,447 [IPC Server handler 2 on 35809] INFO  net.NetworkTopology (NetworkTopologyImpl.java:add(111)) - Added a new node: /default-rack/a4b86d4c-0ac9-410c-bcd3-f6b17fd2bc42
2019-10-18 19:47:11,448 [IPC Server handler 2 on 35809] INFO  node.SCMNodeManager (SCMNodeManager.java:register(268)) - Registered Data node : a4b86d4c-0ac9-410c-bcd3-f6b17fd2bc42{ip: 192.168.69.98, host: pr-hdds-1868-rxw48-2170960119, networkLocation: /default-rack, certSerialId: null}
2019-10-18 19:47:11,519 [IPC Server handler 1 on 35809] INFO  net.NetworkTopology (NetworkTopologyImpl.java:add(111)) - Added a new node: /default-rack/3775819d-3279-4043-97e0-399c180bd06e
2019-10-18 19:47:11,520 [IPC Server handler 1 on 35809] INFO  node.SCMNodeManager (SCMNodeManager.java:register(268)) - Registered Data node : 3775819d-3279-4043-97e0-399c180bd06e{ip: 192.168.69.98, host: pr-hdds-1868-rxw48-2170960119, networkLocation: /default-rack, certSerialId: null}
2019-10-18 19:47:11,854 [grpc-default-executor-0] INFO  impl.RaftServerProxy (RaftServerProxy.java:addNew(89)) - 61936858-0f54-447d-9a7d-47275f28d678: addNew group-9CEE4AFB37D8:[61936858-0f54-447d-9a7d-47275f28d678:192.168.69.98:41217] returns group-9CEE4AFB37D8:java.util.concurrent.CompletableFuture@14366c3b[Not completed]
2019-10-18 19:47:11,868 [pool-27-thread-1] INFO  impl.RaftServerImpl (RaftServerImpl.java:<init>(98)) - 61936858-0f54-447d-9a7d-47275f28d678: new RaftServerImpl for group-9CEE4AFB37D8:[61936858-0f54-447d-9a7d-47275f28d678:192.168.69.98:41217] with ContainerStateMachine:uninitialized
2019-10-18 19:47:11,871 [pool-27-thread-1] INFO  server.RaftServerConfigKeys (ConfUtils.java:logGet(43)) - raft.server.rpc.timeout.min = 5s (custom)
2019-10-18 19:47:11,872 [pool-27-thread-1] INFO  server.RaftServerConfigKeys (ConfUtils.java:logGet(43)) - raft.server.rpc.timeout.max = 5200ms (custom)
2019-10-18 19:47:11,872 [pool-27-thread-1] INFO  server.RaftServerConfigKeys (ConfUtils.java:logGet(43)) - raft.server.rpcslowness.timeout = 120s (custom)
2019-10-18 19:47:11,873 [pool-27-thread-1] INFO  server.RaftServerConfigKeys (ConfUtils.java:logGet(43)) - raft.server.sleep.deviation.threshold = 300 (default)
2019-10-18 19:47:11,874 [pool-27-thread-1] INFO  server.RaftServerConfigKeys (ConfUtils.java:logGet(43)) - raft.server.log.appender.install.snapshot.enabled = false (custom)
2019-10-18 19:47:11,883 [pool-27-thread-1] INFO  impl.RaftServerImpl (ServerState.java:<init>(103)) - 61936858-0f54-447d-9a7d-47275f28d678@group-9CEE4AFB37D8: ConfigurationManager, init=-1: [61936858-0f54-447d-9a7d-47275f28d678:192.168.69.98:41217], old=null, confs=<EMPTY_MAP>
2019-10-18 19:47:11,883 [pool-27-thread-1] INFO  server.RaftServerConfigKeys (ConfUtils.java:logGet(43)) - raft.server.storage.dir = [/workdir/hadoop-ozone/integration-test/target/test-dir/MiniOzoneClusterImpl-b2a1fe54-b4de-439d-8d2b-e5f043cc68c1/datanode-0/data/ratis] (custom)
2019-10-18 19:47:11,891 [pool-27-thread-1] INFO  server.RaftServerConfigKeys (ConfUtils.java:logGet(43)) - raft.server.log.corruption.policy = EXCEPTION (default)
2019-10-18 19:47:11,893 [pool-27-thread-1] INFO  storage.RaftStorageDirectory (RaftStorageDirectory.java:analyzeStorage(246)) - The storage directory /workdir/hadoop-ozone/integration-test/target/test-dir/MiniOzoneClusterImpl-b2a1fe54-b4de-439d-8d2b-e5f043cc68c1/datanode-0/data/ratis/d1271bb6-987f-436f-92a4-9cee4afb37d8 does not exist. Creating ...
2019-10-18 19:47:11,910 [pool-27-thread-1] INFO  storage.RaftStorageDirectory (RaftStorageDirectory.java:tryLock(328)) - Lock on /workdir/hadoop-ozone/integration-test/target/test-dir/MiniOzoneClusterImpl-b2a1fe54-b4de-439d-8d2b-e5f043cc68c1/datanode-0/data/ratis/d1271bb6-987f-436f-92a4-9cee4afb37d8/in_use.lock acquired by nodename 2310@pr-hdds-1868-rxw48-2170960119
2019-10-18 19:47:11,926 [pool-27-thread-1] INFO  storage.RaftStorage (RaftStorage.java:format(84)) - Storage directory /workdir/hadoop-ozone/integration-test/target/test-dir/MiniOzoneClusterImpl-b2a1fe54-b4de-439d-8d2b-e5f043cc68c1/datanode-0/data/ratis/d1271bb6-987f-436f-92a4-9cee4afb37d8 has been successfully formatted.
2019-10-18 19:47:11,929 [pool-27-thread-1] INFO  ratis.ContainerStateMachine (ContainerStateMachine.java:loadSnapshot(233)) - group-9CEE4AFB37D8: The snapshot info is null. Setting the last applied indexto:(t:0, i:~)
2019-10-18 19:47:11,929 [pool-27-thread-1] INFO  server.RaftServerConfigKeys (ConfUtils.java:logGet(43)) - raft.server.notification.no-leader.timeout = 120s (custom)
2019-10-18 19:47:11,932 [pool-27-thread-1] INFO  server.RaftServerConfigKeys (ConfUtils.java:logGet(43)) - raft.server.log.use.memory = false (default)
2019-10-18 19:47:11,937 [pool-27-thread-1] INFO  server.RaftServerConfigKeys (ConfUtils.java:logGet(43)) - raft.server.log.purge.gap = 1000000 (custom)
2019-10-18 19:47:11,937 [pool-27-thread-1] INFO  server.RaftServerConfigKeys (ConfUtils.java:logGet(43)) - raft.server.log.appender.buffer.byte-limit = 33554432 (custom)
2019-10-18 19:47:11,939 [pool-27-thread-1] INFO  server.RaftServerConfigKeys (ConfUtils.java:logGet(43)) - raft.server.log.segment.size.max = 1048576 (custom)
2019-10-18 19:47:11,944 [pool-27-thread-1] INFO  metrics.MetricRegistries (MetricRegistriesLoader.java:load(64)) - Loaded MetricRegistries class org.apache.ratis.metrics.impl.MetricRegistriesImpl
2019-10-18 19:47:11,948 [pool-27-thread-1] WARN  impl.MetricRegistriesImpl (MetricRegistriesImpl.java:lambda$create$1(61)) - First MetricRegistry has been created without registering reporters. You may need to call MetricRegistries.global().addReportRegistration(...) before.
2019-10-18 19:47:11,953 [pool-27-thread-1] INFO  server.RaftServerConfigKeys (ConfUtils.java:logGet(43)) - raft.server.log.segment.cache.num.max = 2 (custom)
2019-10-18 19:47:11,959 [pool-27-thread-1] INFO  segmented.SegmentedRaftLogWorker (SegmentedRaftLogWorker.java:<init>(173)) - new 61936858-0f54-447d-9a7d-47275f28d678@group-9CEE4AFB37D8-SegmentedRaftLogWorker for RaftStorage:Storage Directory /workdir/hadoop-ozone/integration-test/target/test-dir/MiniOzoneClusterImpl-b2a1fe54-b4de-439d-8d2b-e5f043cc68c1/datanode-0/data/ratis/d1271bb6-987f-436f-92a4-9cee4afb37d8
2019-10-18 19:47:11,959 [pool-27-thread-1] INFO  server.RaftServerConfigKeys (ConfUtils.java:logGet(43)) - raft.server.log.queue.byte-limit = 2147483647 (custom)
2019-10-18 19:47:11,960 [pool-27-thread-1] INFO  server.RaftServerConfigKeys (ConfUtils.java:logGet(43)) - raft.server.log.queue.element-limit = 1024 (custom)
2019-10-18 19:47:11,961 [pool-27-thread-1] INFO  server.RaftServerConfigKeys (ConfUtils.java:logGet(43)) - raft.server.log.segment.size.max = 1048576 (custom)
2019-10-18 19:47:11,961 [pool-27-thread-1] INFO  server.RaftServerConfigKeys (ConfUtils.java:logGet(43)) - raft.server.log.preallocated.size = 16384 (custom)
2019-10-18 19:47:11,962 [pool-27-thread-1] INFO  server.RaftServerConfigKeys (ConfUtils.java:logGet(43)) - raft.server.log.write.buffer.size = 33554432 (custom)
2019-10-18 19:47:11,962 [pool-27-thread-1] INFO  server.RaftServerConfigKeys (ConfUtils.java:logGet(43)) - raft.server.log.force.sync.num = 128 (default)
2019-10-18 19:47:11,963 [pool-27-thread-1] INFO  server.RaftServerConfigKeys (ConfUtils.java:logGet(43)) - raft.server.log.statemachine.data.sync = true (default)
2019-10-18 19:47:11,964 [pool-27-thread-1] INFO  server.RaftServerConfigKeys (ConfUtils.java:logGet(43)) - raft.server.log.statemachine.data.sync.timeout = 10s (default)
2019-10-18 19:47:11,964 [pool-27-thread-1] INFO  server.RaftServerConfigKeys (ConfUtils.java:logGet(43)) - raft.server.log.statemachine.data.sync.timeout.retry = -1 (default)
2019-10-18 19:47:11,973 [pool-27-thread-1] INFO  server.RaftServerConfigKeys (ConfUtils.java:logGet(43)) - raft.server.log.statemachine.data.caching.enabled = true (custom)
2019-10-18 19:47:11,978 [pool-27-thread-1] INFO  segmented.SegmentedRaftLogWorker (SegmentedRaftLogWorker.java:lambda$new$0(128)) - 61936858-0f54-447d-9a7d-47275f28d678@group-9CEE4AFB37D8-SegmentedRaftLogWorker: flushIndex: setUnconditionally 0 -> -1
2019-10-18 19:47:11,982 [pool-27-thread-1] INFO  server.RaftServerConfigKeys (ConfUtils.java:logGet(43)) - raft.server.snapshot.auto.trigger.enabled = true (custom)
2019-10-18 19:47:11,982 [pool-27-thread-1] INFO  server.RaftServerConfigKeys (ConfUtils.java:logGet(43)) - raft.server.snapshot.auto.trigger.threshold = 10000 (custom)
2019-10-18 19:47:11,983 [pool-27-thread-1] INFO  server.RaftServerConfigKeys (ConfUtils.java:logGet(43)) - raft.server.snapshot.retention.file.num = 5 (custom)
2019-10-18 19:47:11,983 [pool-27-thread-1] INFO  server.RaftServerConfigKeys (ConfUtils.java:logGet(43)) - raft.server.retrycache.expirytime = 600000ms (custom)
2019-10-18 19:47:12,002 [pool-27-thread-1] WARN  impl.MetricRegistriesImpl (MetricRegistriesImpl.java:lambda$create$1(61)) - First MetricRegistry has been created without registering reporters. You may need to call MetricRegistries.global().addReportRegistration(...) before.
2019-10-18 19:47:12,005 [pool-27-thread-1] WARN  impl.MetricRegistriesImpl (MetricRegistriesImpl.java:lambda$create$1(61)) - First MetricRegistry has been created without registering reporters. You may need to call MetricRegistries.global().addReportRegistration(...) before.
2019-10-18 19:47:12,008 [pool-27-thread-1] INFO  impl.RaftServerImpl (RaftServerImpl.java:start(184)) - 61936858-0f54-447d-9a7d-47275f28d678@group-9CEE4AFB37D8: start as a follower, conf=-1: [61936858-0f54-447d-9a7d-47275f28d678:192.168.69.98:41217], old=null
2019-10-18 19:47:12,009 [pool-27-thread-1] INFO  impl.RaftServerImpl (RaftServerImpl.java:setRole(173)) - 61936858-0f54-447d-9a7d-47275f28d678@group-9CEE4AFB37D8: changes role from      null to FOLLOWER at term 0 for startAsFollower
2019-10-18 19:47:12,010 [pool-27-thread-1] INFO  impl.RoleInfo (RoleInfo.java:updateAndGet(143)) - 61936858-0f54-447d-9a7d-47275f28d678: start FollowerState
2019-10-18 19:47:12,012 [pool-27-thread-1] INFO  util.JmxRegister (JmxRegister.java:tryRegister(44)) - Successfully registered JMX Bean with object name Ratis:service=RaftServer,group=group-9CEE4AFB37D8,id=61936858-0f54-447d-9a7d-47275f28d678
2019-10-18 19:47:12,014 [pool-27-thread-1] WARN  impl.MetricRegistriesImpl (MetricRegistriesImpl.java:lambda$create$1(61)) - First MetricRegistry has been created without registering reporters. You may need to call MetricRegistries.global().addReportRegistration(...) before.
2019-10-18 19:47:12,081 [RatisPipelineUtilsThread] INFO  pipeline.PipelineStateManager (PipelineStateManager.java:addPipeline(55)) - Created pipeline Pipeline[ Id: d1271bb6-987f-436f-92a4-9cee4afb37d8, Nodes: 61936858-0f54-447d-9a7d-47275f28d678{ip: 192.168.69.98, host: pr-hdds-1868-rxw48-2170960119, networkLocation: /default-rack, certSerialId: null}, Type:RATIS, Factor:ONE, State:ALLOCATED]
2019-10-18 19:47:12,098 [grpc-default-executor-0] INFO  impl.RaftServerProxy (RaftServerProxy.java:addNew(89)) - a4b86d4c-0ac9-410c-bcd3-f6b17fd2bc42: addNew group-97A855F247DC:[a4b86d4c-0ac9-410c-bcd3-f6b17fd2bc42:192.168.69.98:44551] returns group-97A855F247DC:java.util.concurrent.CompletableFuture@6994f469[Not completed]
2019-10-18 19:47:12,119 [pool-37-thread-1] INFO  impl.RaftServerImpl (RaftServerImpl.java:<init>(98)) - a4b86d4c-0ac9-410c-bcd3-f6b17fd2bc42: new RaftServerImpl for group-97A855F247DC:[a4b86d4c-0ac9-410c-bcd3-f6b17fd2bc42:192.168.69.98:44551] with ContainerStateMachine:uninitialized
2019-10-18 19:47:12,120 [pool-37-thread-1] INFO  server.RaftServerConfigKeys (ConfUtils.java:logGet(43)) - raft.server.rpc.timeout.min = 5s (custom)
2019-10-18 19:47:12,120 [pool-37-thread-1] INFO  server.RaftServerConfigKeys (ConfUtils.java:logGet(43)) - raft.server.rpc.timeout.max = 5200ms (custom)
2019-10-18 19:47:12,120 [pool-37-thread-1] INFO  server.RaftServerConfigKeys (ConfUtils.java:logGet(43)) - raft.server.rpcslowness.timeout = 120s (custom)
2019-10-18 19:47:12,121 [pool-37-thread-1] INFO  server.RaftServerConfigKeys (ConfUtils.java:logGet(43)) - raft.server.sleep.deviation.threshold = 300 (default)
2019-10-18 19:47:12,121 [pool-37-thread-1] INFO  server.RaftServerConfigKeys (ConfUtils.java:logGet(43)) - raft.server.log.appender.install.snapshot.enabled = false (custom)
2019-10-18 19:47:12,121 [pool-37-thread-1] INFO  impl.RaftServerImpl (ServerState.java:<init>(103)) - a4b86d4c-0ac9-410c-bcd3-f6b17fd2bc42@group-97A855F247DC: ConfigurationManager, init=-1: [a4b86d4c-0ac9-410c-bcd3-f6b17fd2bc42:192.168.69.98:44551], old=null, confs=<EMPTY_MAP>
2019-10-18 19:47:12,121 [pool-37-thread-1] INFO  server.RaftServerConfigKeys (ConfUtils.java:logGet(43)) - raft.server.storage.dir = [/workdir/hadoop-ozone/integration-test/target/test-dir/MiniOzoneClusterImpl-b2a1fe54-b4de-439d-8d2b-e5f043cc68c1/datanode-1/data/ratis] (custom)
2019-10-18 19:47:12,122 [pool-37-thread-1] INFO  server.RaftServerConfigKeys (ConfUtils.java:logGet(43)) - raft.server.log.corruption.policy = EXCEPTION (default)
2019-10-18 19:47:12,122 [pool-37-thread-1] INFO  storage.RaftStorageDirectory (RaftStorageDirectory.java:analyzeStorage(246)) - The storage directory /workdir/hadoop-ozone/integration-test/target/test-dir/MiniOzoneClusterImpl-b2a1fe54-b4de-439d-8d2b-e5f043cc68c1/datanode-1/data/ratis/5691d7b3-0777-4f63-a534-97a855f247dc does not exist. Creating ...
2019-10-18 19:47:12,136 [pool-37-thread-1] INFO  storage.RaftStorageDirectory (RaftStorageDirectory.java:tryLock(328)) - Lock on /workdir/hadoop-ozone/integration-test/target/test-dir/MiniOzoneClusterImpl-b2a1fe54-b4de-439d-8d2b-e5f043cc68c1/datanode-1/data/ratis/5691d7b3-0777-4f63-a534-97a855f247dc/in_use.lock acquired by nodename 2310@pr-hdds-1868-rxw48-2170960119
2019-10-18 19:47:12,150 [pool-37-thread-1] INFO  storage.RaftStorage (RaftStorage.java:format(84)) - Storage directory /workdir/hadoop-ozone/integration-test/target/test-dir/MiniOzoneClusterImpl-b2a1fe54-b4de-439d-8d2b-e5f043cc68c1/datanode-1/data/ratis/5691d7b3-0777-4f63-a534-97a855f247dc has been successfully formatted.
2019-10-18 19:47:12,151 [pool-37-thread-1] INFO  ratis.ContainerStateMachine (ContainerStateMachine.java:loadSnapshot(233)) - group-97A855F247DC: The snapshot info is null. Setting the last applied indexto:(t:0, i:~)
2019-10-18 19:47:12,152 [pool-37-thread-1] INFO  server.RaftServerConfigKeys (ConfUtils.java:logGet(43)) - raft.server.notification.no-leader.timeout = 120s (custom)
2019-10-18 19:47:12,152 [pool-37-thread-1] INFO  server.RaftServerConfigKeys (ConfUtils.java:logGet(43)) - raft.server.log.use.memory = false (default)
2019-10-18 19:47:12,152 [pool-37-thread-1] INFO  server.RaftServerConfigKeys (ConfUtils.java:logGet(43)) - raft.server.log.purge.gap = 1000000 (custom)
2019-10-18 19:47:12,153 [pool-37-thread-1] INFO  server.RaftServerConfigKeys (ConfUtils.java:logGet(43)) - raft.server.log.appender.buffer.byte-limit = 33554432 (custom)
2019-10-18 19:47:12,153 [pool-37-thread-1] INFO  server.RaftServerConfigKeys (ConfUtils.java:logGet(43)) - raft.server.log.segment.size.max = 1048576 (custom)
2019-10-18 19:47:12,153 [pool-37-thread-1] WARN  impl.MetricRegistriesImpl (MetricRegistriesImpl.java:lambda$create$1(61)) - First MetricRegistry has been created without registering reporters. You may need to call MetricRegistries.global().addReportRegistration(...) before.
2019-10-18 19:47:12,154 [pool-37-thread-1] INFO  server.RaftServerConfigKeys (ConfUtils.java:logGet(43)) - raft.server.log.segment.cache.num.max = 2 (custom)
2019-10-18 19:47:12,154 [pool-37-thread-1] INFO  segmented.SegmentedRaftLogWorker (SegmentedRaftLogWorker.java:<init>(173)) - new a4b86d4c-0ac9-410c-bcd3-f6b17fd2bc42@group-97A855F247DC-SegmentedRaftLogWorker for RaftStorage:Storage Directory /workdir/hadoop-ozone/integration-test/target/test-dir/MiniOzoneClusterImpl-b2a1fe54-b4de-439d-8d2b-e5f043cc68c1/datanode-1/data/ratis/5691d7b3-0777-4f63-a534-97a855f247dc
2019-10-18 19:47:12,155 [pool-37-thread-1] INFO  server.RaftServerConfigKeys (ConfUtils.java:logGet(43)) - raft.server.log.queue.byte-limit = 2147483647 (custom)
2019-10-18 19:47:12,155 [pool-37-thread-1] INFO  server.RaftServerConfigKeys (ConfUtils.java:logGet(43)) - raft.server.log.queue.element-limit = 1024 (custom)
2019-10-18 19:47:12,155 [pool-37-thread-1] INFO  server.RaftServerConfigKeys (ConfUtils.java:logGet(43)) - raft.server.log.segment.size.max = 1048576 (custom)
2019-10-18 19:47:12,155 [pool-37-thread-1] INFO  server.RaftServerConfigKeys (ConfUtils.java:logGet(43)) - raft.server.log.preallocated.size = 16384 (custom)
2019-10-18 19:47:12,155 [pool-37-thread-1] INFO  server.RaftServerConfigKeys (ConfUtils.java:logGet(43)) - raft.server.log.write.buffer.size = 33554432 (custom)
2019-10-18 19:47:12,156 [pool-37-thread-1] INFO  server.RaftServerConfigKeys (ConfUtils.java:logGet(43)) - raft.server.log.force.sync.num = 128 (default)
2019-10-18 19:47:12,156 [pool-37-thread-1] INFO  server.RaftServerConfigKeys (ConfUtils.java:logGet(43)) - raft.server.log.statemachine.data.sync = true (default)
2019-10-18 19:47:12,156 [pool-37-thread-1] INFO  server.RaftServerConfigKeys (ConfUtils.java:logGet(43)) - raft.server.log.statemachine.data.sync.timeout = 10s (default)
2019-10-18 19:47:12,156 [pool-37-thread-1] INFO  server.RaftServerConfigKeys (ConfUtils.java:logGet(43)) - raft.server.log.statemachine.data.sync.timeout.retry = -1 (default)
2019-10-18 19:47:12,157 [pool-37-thread-1] INFO  server.RaftServerConfigKeys (ConfUtils.java:logGet(43)) - raft.server.log.statemachine.data.caching.enabled = true (custom)
2019-10-18 19:47:12,157 [pool-37-thread-1] INFO  segmented.SegmentedRaftLogWorker (SegmentedRaftLogWorker.java:lambda$new$0(128)) - a4b86d4c-0ac9-410c-bcd3-f6b17fd2bc42@group-97A855F247DC-SegmentedRaftLogWorker: flushIndex: setUnconditionally 0 -> -1
2019-10-18 19:47:12,157 [pool-37-thread-1] INFO  server.RaftServerConfigKeys (ConfUtils.java:logGet(43)) - raft.server.snapshot.auto.trigger.enabled = true (custom)
2019-10-18 19:47:12,158 [pool-37-thread-1] INFO  server.RaftServerConfigKeys (ConfUtils.java:logGet(43)) - raft.server.snapshot.auto.trigger.threshold = 10000 (custom)
2019-10-18 19:47:12,158 [pool-37-thread-1] INFO  server.RaftServerConfigKeys (ConfUtils.java:logGet(43)) - raft.server.snapshot.retention.file.num = 5 (custom)
2019-10-18 19:47:12,158 [pool-37-thread-1] INFO  server.RaftServerConfigKeys (ConfUtils.java:logGet(43)) - raft.server.retrycache.expirytime = 600000ms (custom)
2019-10-18 19:47:12,158 [pool-37-thread-1] WARN  impl.MetricRegistriesImpl (MetricRegistriesImpl.java:lambda$create$1(61)) - First MetricRegistry has been created without registering reporters. You may need to call MetricRegistries.global().addReportRegistration(...) before.
2019-10-18 19:47:12,159 [pool-37-thread-1] WARN  impl.MetricRegistriesImpl (MetricRegistriesImpl.java:lambda$create$1(61)) - First MetricRegistry has been created without registering reporters. You may need to call MetricRegistries.global().addReportRegistration(...) before.
2019-10-18 19:47:12,159 [pool-37-thread-1] INFO  impl.RaftServerImpl (RaftServerImpl.java:start(184)) - a4b86d4c-0ac9-410c-bcd3-f6b17fd2bc42@group-97A855F247DC: start as a follower, conf=-1: [a4b86d4c-0ac9-410c-bcd3-f6b17fd2bc42:192.168.69.98:44551], old=null
2019-10-18 19:47:12,159 [pool-37-thread-1] INFO  impl.RaftServerImpl (RaftServerImpl.java:setRole(173)) - a4b86d4c-0ac9-410c-bcd3-f6b17fd2bc42@group-97A855F247DC: changes role from      null to FOLLOWER at term 0 for startAsFollower
2019-10-18 19:47:12,159 [pool-37-thread-1] INFO  impl.RoleInfo (RoleInfo.java:updateAndGet(143)) - a4b86d4c-0ac9-410c-bcd3-f6b17fd2bc42: start FollowerState
2019-10-18 19:47:12,161 [pool-37-thread-1] INFO  util.JmxRegister (JmxRegister.java:tryRegister(44)) - Successfully registered JMX Bean with object name Ratis:service=RaftServer,group=group-97A855F247DC,id=a4b86d4c-0ac9-410c-bcd3-f6b17fd2bc42
2019-10-18 19:47:12,161 [pool-37-thread-1] WARN  impl.MetricRegistriesImpl (MetricRegistriesImpl.java:lambda$create$1(61)) - First MetricRegistry has been created without registering reporters. You may need to call MetricRegistries.global().addReportRegistration(...) before.
2019-10-18 19:47:12,173 [RatisPipelineUtilsThread] INFO  pipeline.PipelineStateManager (PipelineStateManager.java:addPipeline(55)) - Created pipeline Pipeline[ Id: 5691d7b3-0777-4f63-a534-97a855f247dc, Nodes: a4b86d4c-0ac9-410c-bcd3-f6b17fd2bc42{ip: 192.168.69.98, host: pr-hdds-1868-rxw48-2170960119, networkLocation: /default-rack, certSerialId: null}, Type:RATIS, Factor:ONE, State:ALLOCATED]
2019-10-18 19:47:12,195 [grpc-default-executor-0] INFO  impl.RaftServerProxy (RaftServerProxy.java:addNew(89)) - 3775819d-3279-4043-97e0-399c180bd06e: addNew group-6260C6A7BB2F:[3775819d-3279-4043-97e0-399c180bd06e:192.168.69.98:37356] returns group-6260C6A7BB2F:java.util.concurrent.CompletableFuture@6fb1f508[Not completed]
2019-10-18 19:47:12,211 [pool-47-thread-1] INFO  impl.RaftServerImpl (RaftServerImpl.java:<init>(98)) - 3775819d-3279-4043-97e0-399c180bd06e: new RaftServerImpl for group-6260C6A7BB2F:[3775819d-3279-4043-97e0-399c180bd06e:192.168.69.98:37356] with ContainerStateMachine:uninitialized
2019-10-18 19:47:12,212 [pool-47-thread-1] INFO  server.RaftServerConfigKeys (ConfUtils.java:logGet(43)) - raft.server.rpc.timeout.min = 5s (custom)
2019-10-18 19:47:12,213 [pool-47-thread-1] INFO  server.RaftServerConfigKeys (ConfUtils.java:logGet(43)) - raft.server.rpc.timeout.max = 5200ms (custom)
2019-10-18 19:47:12,213 [pool-47-thread-1] INFO  server.RaftServerConfigKeys (ConfUtils.java:logGet(43)) - raft.server.rpcslowness.timeout = 120s (custom)
2019-10-18 19:47:12,213 [pool-47-thread-1] INFO  server.RaftServerConfigKeys (ConfUtils.java:logGet(43)) - raft.server.sleep.deviation.threshold = 300 (default)
2019-10-18 19:47:12,213 [pool-47-thread-1] INFO  server.RaftServerConfigKeys (ConfUtils.java:logGet(43)) - raft.server.log.appender.install.snapshot.enabled = false (custom)
2019-10-18 19:47:12,214 [pool-47-thread-1] INFO  impl.RaftServerImpl (ServerState.java:<init>(103)) - 3775819d-3279-4043-97e0-399c180bd06e@group-6260C6A7BB2F: ConfigurationManager, init=-1: [3775819d-3279-4043-97e0-399c180bd06e:192.168.69.98:37356], old=null, confs=<EMPTY_MAP>
2019-10-18 19:47:12,214 [pool-47-thread-1] INFO  server.RaftServerConfigKeys (ConfUtils.java:logGet(43)) - raft.server.storage.dir = [/workdir/hadoop-ozone/integration-test/target/test-dir/MiniOzoneClusterImpl-b2a1fe54-b4de-439d-8d2b-e5f043cc68c1/datanode-2/data/ratis] (custom)
2019-10-18 19:47:12,215 [pool-47-thread-1] INFO  server.RaftServerConfigKeys (ConfUtils.java:logGet(43)) - raft.server.log.corruption.policy = EXCEPTION (default)
2019-10-18 19:47:12,215 [pool-47-thread-1] INFO  storage.RaftStorageDirectory (RaftStorageDirectory.java:analyzeStorage(246)) - The storage directory /workdir/hadoop-ozone/integration-test/target/test-dir/MiniOzoneClusterImpl-b2a1fe54-b4de-439d-8d2b-e5f043cc68c1/datanode-2/data/ratis/7dcd03f5-cee6-4737-9936-6260c6a7bb2f does not exist. Creating ...
2019-10-18 19:47:12,222 [pool-47-thread-1] INFO  storage.RaftStorageDirectory (RaftStorageDirectory.java:tryLock(328)) - Lock on /workdir/hadoop-ozone/integration-test/target/test-dir/MiniOzoneClusterImpl-b2a1fe54-b4de-439d-8d2b-e5f043cc68c1/datanode-2/data/ratis/7dcd03f5-cee6-4737-9936-6260c6a7bb2f/in_use.lock acquired by nodename 2310@pr-hdds-1868-rxw48-2170960119
2019-10-18 19:47:12,235 [pool-47-thread-1] INFO  storage.RaftStorage (RaftStorage.java:format(84)) - Storage directory /workdir/hadoop-ozone/integration-test/target/test-dir/MiniOzoneClusterImpl-b2a1fe54-b4de-439d-8d2b-e5f043cc68c1/datanode-2/data/ratis/7dcd03f5-cee6-4737-9936-6260c6a7bb2f has been successfully formatted.
2019-10-18 19:47:12,236 [pool-47-thread-1] INFO  ratis.ContainerStateMachine (ContainerStateMachine.java:loadSnapshot(233)) - group-6260C6A7BB2F: The snapshot info is null. Setting the last applied indexto:(t:0, i:~)
2019-10-18 19:47:12,236 [pool-47-thread-1] INFO  server.RaftServerConfigKeys (ConfUtils.java:logGet(43)) - raft.server.notification.no-leader.timeout = 120s (custom)
2019-10-18 19:47:12,236 [pool-47-thread-1] INFO  server.RaftServerConfigKeys (ConfUtils.java:logGet(43)) - raft.server.log.use.memory = false (default)
2019-10-18 19:47:12,236 [pool-47-thread-1] INFO  server.RaftServerConfigKeys (ConfUtils.java:logGet(43)) - raft.server.log.purge.gap = 1000000 (custom)
2019-10-18 19:47:12,237 [pool-47-thread-1] INFO  server.RaftServerConfigKeys (ConfUtils.java:logGet(43)) - raft.server.log.appender.buffer.byte-limit = 33554432 (custom)
2019-10-18 19:47:12,237 [pool-47-thread-1] INFO  server.RaftServerConfigKeys (ConfUtils.java:logGet(43)) - raft.server.log.segment.size.max = 1048576 (custom)
2019-10-18 19:47:12,237 [pool-47-thread-1] WARN  impl.MetricRegistriesImpl (MetricRegistriesImpl.java:lambda$create$1(61)) - First MetricRegistry has been created without registering reporters. You may need to call MetricRegistries.global().addReportRegistration(...) before.
2019-10-18 19:47:12,237 [pool-47-thread-1] INFO  server.RaftServerConfigKeys (ConfUtils.java:logGet(43)) - raft.server.log.segment.cache.num.max = 2 (custom)
2019-10-18 19:47:12,238 [pool-47-thread-1] INFO  segmented.SegmentedRaftLogWorker (SegmentedRaftLogWorker.java:<init>(173)) - new 3775819d-3279-4043-97e0-399c180bd06e@group-6260C6A7BB2F-SegmentedRaftLogWorker for RaftStorage:Storage Directory /workdir/hadoop-ozone/integration-test/target/test-dir/MiniOzoneClusterImpl-b2a1fe54-b4de-439d-8d2b-e5f043cc68c1/datanode-2/data/ratis/7dcd03f5-cee6-4737-9936-6260c6a7bb2f
2019-10-18 19:47:12,238 [pool-47-thread-1] INFO  server.RaftServerConfigKeys (ConfUtils.java:logGet(43)) - raft.server.log.queue.byte-limit = 2147483647 (custom)
2019-10-18 19:47:12,238 [pool-47-thread-1] INFO  server.RaftServerConfigKeys (ConfUtils.java:logGet(43)) - raft.server.log.queue.element-limit = 1024 (custom)
2019-10-18 19:47:12,238 [pool-47-thread-1] INFO  server.RaftServerConfigKeys (ConfUtils.java:logGet(43)) - raft.server.log.segment.size.max = 1048576 (custom)
2019-10-18 19:47:12,238 [pool-47-thread-1] INFO  server.RaftServerConfigKeys (ConfUtils.java:logGet(43)) - raft.server.log.preallocated.size = 16384 (custom)
2019-10-18 19:47:12,239 [pool-47-thread-1] INFO  server.RaftServerConfigKeys (ConfUtils.java:logGet(43)) - raft.server.log.write.buffer.size = 33554432 (custom)
2019-10-18 19:47:12,239 [pool-47-thread-1] INFO  server.RaftServerConfigKeys (ConfUtils.java:logGet(43)) - raft.server.log.force.sync.num = 128 (default)
2019-10-18 19:47:12,239 [pool-47-thread-1] INFO  server.RaftServerConfigKeys (ConfUtils.java:logGet(43)) - raft.server.log.statemachine.data.sync = true (default)
2019-10-18 19:47:12,239 [pool-47-thread-1] INFO  server.RaftServerConfigKeys (ConfUtils.java:logGet(43)) - raft.server.log.statemachine.data.sync.timeout = 10s (default)
2019-10-18 19:47:12,240 [pool-47-thread-1] INFO  server.RaftServerConfigKeys (ConfUtils.java:logGet(43)) - raft.server.log.statemachine.data.sync.timeout.retry = -1 (default)
2019-10-18 19:47:12,240 [pool-47-thread-1] INFO  server.RaftServerConfigKeys (ConfUtils.java:logGet(43)) - raft.server.log.statemachine.data.caching.enabled = true (custom)
2019-10-18 19:47:12,241 [pool-47-thread-1] INFO  segmented.SegmentedRaftLogWorker (SegmentedRaftLogWorker.java:lambda$new$0(128)) - 3775819d-3279-4043-97e0-399c180bd06e@group-6260C6A7BB2F-SegmentedRaftLogWorker: flushIndex: setUnconditionally 0 -> -1
2019-10-18 19:47:12,241 [pool-47-thread-1] INFO  server.RaftServerConfigKeys (ConfUtils.java:logGet(43)) - raft.server.snapshot.auto.trigger.enabled = true (custom)
2019-10-18 19:47:12,241 [pool-47-thread-1] INFO  server.RaftServerConfigKeys (ConfUtils.java:logGet(43)) - raft.server.snapshot.auto.trigger.threshold = 10000 (custom)
2019-10-18 19:47:12,242 [pool-47-thread-1] INFO  server.RaftServerConfigKeys (ConfUtils.java:logGet(43)) - raft.server.snapshot.retention.file.num = 5 (custom)
2019-10-18 19:47:12,242 [pool-47-thread-1] INFO  server.RaftServerConfigKeys (ConfUtils.java:logGet(43)) - raft.server.retrycache.expirytime = 600000ms (custom)
2019-10-18 19:47:12,242 [pool-47-thread-1] WARN  impl.MetricRegistriesImpl (MetricRegistriesImpl.java:lambda$create$1(61)) - First MetricRegistry has been created without registering reporters. You may need to call MetricRegistries.global().addReportRegistration(...) before.
2019-10-18 19:47:12,242 [pool-47-thread-1] WARN  impl.MetricRegistriesImpl (MetricRegistriesImpl.java:lambda$create$1(61)) - First MetricRegistry has been created without registering reporters. You may need to call MetricRegistries.global().addReportRegistration(...) before.
2019-10-18 19:47:12,243 [pool-47-thread-1] INFO  impl.RaftServerImpl (RaftServerImpl.java:start(184)) - 3775819d-3279-4043-97e0-399c180bd06e@group-6260C6A7BB2F: start as a follower, conf=-1: [3775819d-3279-4043-97e0-399c180bd06e:192.168.69.98:37356], old=null
2019-10-18 19:47:12,243 [pool-47-thread-1] INFO  impl.RaftServerImpl (RaftServerImpl.java:setRole(173)) - 3775819d-3279-4043-97e0-399c180bd06e@group-6260C6A7BB2F: changes role from      null to FOLLOWER at term 0 for startAsFollower
2019-10-18 19:47:12,243 [pool-47-thread-1] INFO  impl.RoleInfo (RoleInfo.java:updateAndGet(143)) - 3775819d-3279-4043-97e0-399c180bd06e: start FollowerState
2019-10-18 19:47:12,244 [pool-47-thread-1] INFO  util.JmxRegister (JmxRegister.java:tryRegister(44)) - Successfully registered JMX Bean with object name Ratis:service=RaftServer,group=group-6260C6A7BB2F,id=3775819d-3279-4043-97e0-399c180bd06e
2019-10-18 19:47:12,244 [pool-47-thread-1] WARN  impl.MetricRegistriesImpl (MetricRegistriesImpl.java:lambda$create$1(61)) - First MetricRegistry has been created without registering reporters. You may need to call MetricRegistries.global().addReportRegistration(...) before.
2019-10-18 19:47:12,253 [RatisPipelineUtilsThread] INFO  pipeline.PipelineStateManager (PipelineStateManager.java:addPipeline(55)) - Created pipeline Pipeline[ Id: 7dcd03f5-cee6-4737-9936-6260c6a7bb2f, Nodes: 3775819d-3279-4043-97e0-399c180bd06e{ip: 192.168.69.98, host: pr-hdds-1868-rxw48-2170960119, networkLocation: /default-rack, certSerialId: null}, Type:RATIS, Factor:ONE, State:ALLOCATED]
2019-10-18 19:47:12,282 [grpc-default-executor-0] INFO  impl.RaftServerProxy (RaftServerProxy.java:addNew(89)) - a4b86d4c-0ac9-410c-bcd3-f6b17fd2bc42: addNew group-C08B21EAF98B:[3775819d-3279-4043-97e0-399c180bd06e:192.168.69.98:37356, a4b86d4c-0ac9-410c-bcd3-f6b17fd2bc42:192.168.69.98:44551, 61936858-0f54-447d-9a7d-47275f28d678:192.168.69.98:41217] returns group-C08B21EAF98B:java.util.concurrent.CompletableFuture@15cf1c86[Not completed]
2019-10-18 19:47:12,282 [grpc-default-executor-2] INFO  impl.RaftServerProxy (RaftServerProxy.java:addNew(89)) - 61936858-0f54-447d-9a7d-47275f28d678: addNew group-C08B21EAF98B:[3775819d-3279-4043-97e0-399c180bd06e:192.168.69.98:37356, a4b86d4c-0ac9-410c-bcd3-f6b17fd2bc42:192.168.69.98:44551, 61936858-0f54-447d-9a7d-47275f28d678:192.168.69.98:41217] returns group-C08B21EAF98B:java.util.concurrent.CompletableFuture@321f3ee0[Not completed]
2019-10-18 19:47:12,282 [grpc-default-executor-1] INFO  impl.RaftServerProxy (RaftServerProxy.java:addNew(89)) - 3775819d-3279-4043-97e0-399c180bd06e: addNew group-C08B21EAF98B:[3775819d-3279-4043-97e0-399c180bd06e:192.168.69.98:37356, a4b86d4c-0ac9-410c-bcd3-f6b17fd2bc42:192.168.69.98:44551, 61936858-0f54-447d-9a7d-47275f28d678:192.168.69.98:41217] returns group-C08B21EAF98B:java.util.concurrent.CompletableFuture@e2548c9[Not completed]
2019-10-18 19:47:12,284 [pool-37-thread-1] INFO  impl.RaftServerImpl (RaftServerImpl.java:<init>(98)) - a4b86d4c-0ac9-410c-bcd3-f6b17fd2bc42: new RaftServerImpl for group-C08B21EAF98B:[3775819d-3279-4043-97e0-399c180bd06e:192.168.69.98:37356, a4b86d4c-0ac9-410c-bcd3-f6b17fd2bc42:192.168.69.98:44551, 61936858-0f54-447d-9a7d-47275f28d678:192.168.69.98:41217] with ContainerStateMachine:uninitialized
2019-10-18 19:47:12,284 [pool-37-thread-1] INFO  server.RaftServerConfigKeys (ConfUtils.java:logGet(43)) - raft.server.rpc.timeout.min = 5s (custom)
2019-10-18 19:47:12,285 [pool-37-thread-1] INFO  server.RaftServerConfigKeys (ConfUtils.java:logGet(43)) - raft.server.rpc.timeout.max = 5200ms (custom)
2019-10-18 19:47:12,285 [pool-37-thread-1] INFO  server.RaftServerConfigKeys (ConfUtils.java:logGet(43)) - raft.server.rpcslowness.timeout = 120s (custom)
2019-10-18 19:47:12,285 [pool-37-thread-1] INFO  server.RaftServerConfigKeys (ConfUtils.java:logGet(43)) - raft.server.sleep.deviation.threshold = 300 (default)
2019-10-18 19:47:12,285 [pool-37-thread-1] INFO  server.RaftServerConfigKeys (ConfUtils.java:logGet(43)) - raft.server.log.appender.install.snapshot.enabled = false (custom)
2019-10-18 19:47:12,285 [pool-37-thread-1] INFO  impl.RaftServerImpl (ServerState.java:<init>(103)) - a4b86d4c-0ac9-410c-bcd3-f6b17fd2bc42@group-C08B21EAF98B: ConfigurationManager, init=-1: [3775819d-3279-4043-97e0-399c180bd06e:192.168.69.98:37356, a4b86d4c-0ac9-410c-bcd3-f6b17fd2bc42:192.168.69.98:44551, 61936858-0f54-447d-9a7d-47275f28d678:192.168.69.98:41217], old=null, confs=<EMPTY_MAP>
2019-10-18 19:47:12,285 [pool-37-thread-1] INFO  server.RaftServerConfigKeys (ConfUtils.java:logGet(43)) - raft.server.storage.dir = [/workdir/hadoop-ozone/integration-test/target/test-dir/MiniOzoneClusterImpl-b2a1fe54-b4de-439d-8d2b-e5f043cc68c1/datanode-1/data/ratis] (custom)
2019-10-18 19:47:12,285 [pool-47-thread-1] INFO  impl.RaftServerImpl (RaftServerImpl.java:<init>(98)) - 3775819d-3279-4043-97e0-399c180bd06e: new RaftServerImpl for group-C08B21EAF98B:[3775819d-3279-4043-97e0-399c180bd06e:192.168.69.98:37356, a4b86d4c-0ac9-410c-bcd3-f6b17fd2bc42:192.168.69.98:44551, 61936858-0f54-447d-9a7d-47275f28d678:192.168.69.98:41217] with ContainerStateMachine:uninitialized
2019-10-18 19:47:12,286 [pool-47-thread-1] INFO  server.RaftServerConfigKeys (ConfUtils.java:logGet(43)) - raft.server.rpc.timeout.min = 5s (custom)
2019-10-18 19:47:12,286 [pool-37-thread-1] INFO  server.RaftServerConfigKeys (ConfUtils.java:logGet(43)) - raft.server.log.corruption.policy = EXCEPTION (default)
2019-10-18 19:47:12,286 [pool-47-thread-1] INFO  server.RaftServerConfigKeys (ConfUtils.java:logGet(43)) - raft.server.rpc.timeout.max = 5200ms (custom)
2019-10-18 19:47:12,286 [pool-37-thread-1] INFO  storage.RaftStorageDirectory (RaftStorageDirectory.java:analyzeStorage(246)) - The storage directory /workdir/hadoop-ozone/integration-test/target/test-dir/MiniOzoneClusterImpl-b2a1fe54-b4de-439d-8d2b-e5f043cc68c1/datanode-1/data/ratis/82e81637-9acc-405a-9055-c08b21eaf98b does not exist. Creating ...
2019-10-18 19:47:12,286 [pool-47-thread-1] INFO  server.RaftServerConfigKeys (ConfUtils.java:logGet(43)) - raft.server.rpcslowness.timeout = 120s (custom)
2019-10-18 19:47:12,286 [pool-27-thread-1] INFO  impl.RaftServerImpl (RaftServerImpl.java:<init>(98)) - 61936858-0f54-447d-9a7d-47275f28d678: new RaftServerImpl for group-C08B21EAF98B:[3775819d-3279-4043-97e0-399c180bd06e:192.168.69.98:37356, a4b86d4c-0ac9-410c-bcd3-f6b17fd2bc42:192.168.69.98:44551, 61936858-0f54-447d-9a7d-47275f28d678:192.168.69.98:41217] with ContainerStateMachine:uninitialized
2019-10-18 19:47:12,286 [pool-47-thread-1] INFO  server.RaftServerConfigKeys (ConfUtils.java:logGet(43)) - raft.server.sleep.deviation.threshold = 300 (default)
2019-10-18 19:47:12,287 [pool-27-thread-1] INFO  server.RaftServerConfigKeys (ConfUtils.java:logGet(43)) - raft.server.rpc.timeout.min = 5s (custom)
2019-10-18 19:47:12,287 [pool-47-thread-1] INFO  server.RaftServerConfigKeys (ConfUtils.java:logGet(43)) - raft.server.log.appender.install.snapshot.enabled = false (custom)
2019-10-18 19:47:12,287 [pool-27-thread-1] INFO  server.RaftServerConfigKeys (ConfUtils.java:logGet(43)) - raft.server.rpc.timeout.max = 5200ms (custom)
2019-10-18 19:47:12,287 [pool-47-thread-1] INFO  impl.RaftServerImpl (ServerState.java:<init>(103)) - 3775819d-3279-4043-97e0-399c180bd06e@group-C08B21EAF98B: ConfigurationManager, init=-1: [3775819d-3279-4043-97e0-399c180bd06e:192.168.69.98:37356, a4b86d4c-0ac9-410c-bcd3-f6b17fd2bc42:192.168.69.98:44551, 61936858-0f54-447d-9a7d-47275f28d678:192.168.69.98:41217], old=null, confs=<EMPTY_MAP>
2019-10-18 19:47:12,287 [pool-27-thread-1] INFO  server.RaftServerConfigKeys (ConfUtils.java:logGet(43)) - raft.server.rpcslowness.timeout = 120s (custom)
2019-10-18 19:47:12,287 [pool-27-thread-1] INFO  server.RaftServerConfigKeys (ConfUtils.java:logGet(43)) - raft.server.sleep.deviation.threshold = 300 (default)
2019-10-18 19:47:12,287 [pool-47-thread-1] INFO  server.RaftServerConfigKeys (ConfUtils.java:logGet(43)) - raft.server.storage.dir = [/workdir/hadoop-ozone/integration-test/target/test-dir/MiniOzoneClusterImpl-b2a1fe54-b4de-439d-8d2b-e5f043cc68c1/datanode-2/data/ratis] (custom)
2019-10-18 19:47:12,287 [pool-27-thread-1] INFO  server.RaftServerConfigKeys (ConfUtils.java:logGet(43)) - raft.server.log.appender.install.snapshot.enabled = false (custom)
2019-10-18 19:47:12,288 [pool-27-thread-1] INFO  impl.RaftServerImpl (ServerState.java:<init>(103)) - 61936858-0f54-447d-9a7d-47275f28d678@group-C08B21EAF98B: ConfigurationManager, init=-1: [3775819d-3279-4043-97e0-399c180bd06e:192.168.69.98:37356, a4b86d4c-0ac9-410c-bcd3-f6b17fd2bc42:192.168.69.98:44551, 61936858-0f54-447d-9a7d-47275f28d678:192.168.69.98:41217], old=null, confs=<EMPTY_MAP>
2019-10-18 19:47:12,288 [pool-47-thread-1] INFO  server.RaftServerConfigKeys (ConfUtils.java:logGet(43)) - raft.server.log.corruption.policy = EXCEPTION (default)
2019-10-18 19:47:12,288 [pool-27-thread-1] INFO  server.RaftServerConfigKeys (ConfUtils.java:logGet(43)) - raft.server.storage.dir = [/workdir/hadoop-ozone/integration-test/target/test-dir/MiniOzoneClusterImpl-b2a1fe54-b4de-439d-8d2b-e5f043cc68c1/datanode-0/data/ratis] (custom)
2019-10-18 19:47:12,288 [pool-47-thread-1] INFO  storage.RaftStorageDirectory (RaftStorageDirectory.java:analyzeStorage(246)) - The storage directory /workdir/hadoop-ozone/integration-test/target/test-dir/MiniOzoneClusterImpl-b2a1fe54-b4de-439d-8d2b-e5f043cc68c1/datanode-2/data/ratis/82e81637-9acc-405a-9055-c08b21eaf98b does not exist. Creating ...
2019-10-18 19:47:12,288 [pool-27-thread-1] INFO  server.RaftServerConfigKeys (ConfUtils.java:logGet(43)) - raft.server.log.corruption.policy = EXCEPTION (default)
2019-10-18 19:47:12,288 [pool-27-thread-1] INFO  storage.RaftStorageDirectory (RaftStorageDirectory.java:analyzeStorage(246)) - The storage directory /workdir/hadoop-ozone/integration-test/target/test-dir/MiniOzoneClusterImpl-b2a1fe54-b4de-439d-8d2b-e5f043cc68c1/datanode-0/data/ratis/82e81637-9acc-405a-9055-c08b21eaf98b does not exist. Creating ...
2019-10-18 19:47:12,299 [pool-47-thread-1] INFO  storage.RaftStorageDirectory (RaftStorageDirectory.java:tryLock(328)) - Lock on /workdir/hadoop-ozone/integration-test/target/test-dir/MiniOzoneClusterImpl-b2a1fe54-b4de-439d-8d2b-e5f043cc68c1/datanode-2/data/ratis/82e81637-9acc-405a-9055-c08b21eaf98b/in_use.lock acquired by nodename 2310@pr-hdds-1868-rxw48-2170960119
2019-10-18 19:47:12,299 [pool-27-thread-1] INFO  storage.RaftStorageDirectory (RaftStorageDirectory.java:tryLock(328)) - Lock on /workdir/hadoop-ozone/integration-test/target/test-dir/MiniOzoneClusterImpl-b2a1fe54-b4de-439d-8d2b-e5f043cc68c1/datanode-0/data/ratis/82e81637-9acc-405a-9055-c08b21eaf98b/in_use.lock acquired by nodename 2310@pr-hdds-1868-rxw48-2170960119
2019-10-18 19:47:12,299 [pool-37-thread-1] INFO  storage.RaftStorageDirectory (RaftStorageDirectory.java:tryLock(328)) - Lock on /workdir/hadoop-ozone/integration-test/target/test-dir/MiniOzoneClusterImpl-b2a1fe54-b4de-439d-8d2b-e5f043cc68c1/datanode-1/data/ratis/82e81637-9acc-405a-9055-c08b21eaf98b/in_use.lock acquired by nodename 2310@pr-hdds-1868-rxw48-2170960119
2019-10-18 19:47:12,314 [pool-47-thread-1] INFO  storage.RaftStorage (RaftStorage.java:format(84)) - Storage directory /workdir/hadoop-ozone/integration-test/target/test-dir/MiniOzoneClusterImpl-b2a1fe54-b4de-439d-8d2b-e5f043cc68c1/datanode-2/data/ratis/82e81637-9acc-405a-9055-c08b21eaf98b has been successfully formatted.
2019-10-18 19:47:12,314 [pool-37-thread-1] INFO  storage.RaftStorage (RaftStorage.java:format(84)) - Storage directory /workdir/hadoop-ozone/integration-test/target/test-dir/MiniOzoneClusterImpl-b2a1fe54-b4de-439d-8d2b-e5f043cc68c1/datanode-1/data/ratis/82e81637-9acc-405a-9055-c08b21eaf98b has been successfully formatted.
2019-10-18 19:47:12,314 [pool-27-thread-1] INFO  storage.RaftStorage (RaftStorage.java:format(84)) - Storage directory /workdir/hadoop-ozone/integration-test/target/test-dir/MiniOzoneClusterImpl-b2a1fe54-b4de-439d-8d2b-e5f043cc68c1/datanode-0/data/ratis/82e81637-9acc-405a-9055-c08b21eaf98b has been successfully formatted.
2019-10-18 19:47:12,314 [pool-47-thread-1] INFO  ratis.ContainerStateMachine (ContainerStateMachine.java:loadSnapshot(233)) - group-C08B21EAF98B: The snapshot info is null. Setting the last applied indexto:(t:0, i:~)
2019-10-18 19:47:12,314 [pool-37-thread-1] INFO  ratis.ContainerStateMachine (ContainerStateMachine.java:loadSnapshot(233)) - group-C08B21EAF98B: The snapshot info is null. Setting the last applied indexto:(t:0, i:~)
2019-10-18 19:47:12,314 [pool-27-thread-1] INFO  ratis.ContainerStateMachine (ContainerStateMachine.java:loadSnapshot(233)) - group-C08B21EAF98B: The snapshot info is null. Setting the last applied indexto:(t:0, i:~)
2019-10-18 19:47:12,314 [pool-47-thread-1] INFO  server.RaftServerConfigKeys (ConfUtils.java:logGet(43)) - raft.server.notification.no-leader.timeout = 120s (custom)
2019-10-18 19:47:12,315 [pool-27-thread-1] INFO  server.RaftServerConfigKeys (ConfUtils.java:logGet(43)) - raft.server.notification.no-leader.timeout = 120s (custom)
2019-10-18 19:47:12,314 [pool-37-thread-1] INFO  server.RaftServerConfigKeys (ConfUtils.java:logGet(43)) - raft.server.notification.no-leader.timeout = 120s (custom)
2019-10-18 19:47:12,315 [pool-27-thread-1] INFO  server.RaftServerConfigKeys (ConfUtils.java:logGet(43)) - raft.server.log.use.memory = false (default)
2019-10-18 19:47:12,315 [pool-47-thread-1] INFO  server.RaftServerConfigKeys (ConfUtils.java:logGet(43)) - raft.server.log.use.memory = false (default)
2019-10-18 19:47:12,315 [pool-27-thread-1] INFO  server.RaftServerConfigKeys (ConfUtils.java:logGet(43)) - raft.server.log.purge.gap = 1000000 (custom)
2019-10-18 19:47:12,315 [pool-37-thread-1] INFO  server.RaftServerConfigKeys (ConfUtils.java:logGet(43)) - raft.server.log.use.memory = false (default)
2019-10-18 19:47:12,315 [pool-27-thread-1] INFO  server.RaftServerConfigKeys (ConfUtils.java:logGet(43)) - raft.server.log.appender.buffer.byte-limit = 33554432 (custom)
2019-10-18 19:47:12,315 [pool-47-thread-1] INFO  server.RaftServerConfigKeys (ConfUtils.java:logGet(43)) - raft.server.log.purge.gap = 1000000 (custom)
2019-10-18 19:47:12,316 [pool-27-thread-1] INFO  server.RaftServerConfigKeys (ConfUtils.java:logGet(43)) - raft.server.log.segment.size.max = 1048576 (custom)
2019-10-18 19:47:12,316 [pool-37-thread-1] INFO  server.RaftServerConfigKeys (ConfUtils.java:logGet(43)) - raft.server.log.purge.gap = 1000000 (custom)
2019-10-18 19:47:12,316 [pool-27-thread-1] INFO  server.RaftServerConfigKeys (ConfUtils.java:logGet(43)) - raft.server.log.segment.cache.num.max = 2 (custom)
2019-10-18 19:47:12,316 [pool-47-thread-1] INFO  server.RaftServerConfigKeys (ConfUtils.java:logGet(43)) - raft.server.log.appender.buffer.byte-limit = 33554432 (custom)
2019-10-18 19:47:12,316 [pool-27-thread-1] INFO  segmented.SegmentedRaftLogWorker (SegmentedRaftLogWorker.java:<init>(173)) - new 61936858-0f54-447d-9a7d-47275f28d678@group-C08B21EAF98B-SegmentedRaftLogWorker for RaftStorage:Storage Directory /workdir/hadoop-ozone/integration-test/target/test-dir/MiniOzoneClusterImpl-b2a1fe54-b4de-439d-8d2b-e5f043cc68c1/datanode-0/data/ratis/82e81637-9acc-405a-9055-c08b21eaf98b
2019-10-18 19:47:12,316 [pool-37-thread-1] INFO  server.RaftServerConfigKeys (ConfUtils.java:logGet(43)) - raft.server.log.appender.buffer.byte-limit = 33554432 (custom)
2019-10-18 19:47:12,316 [pool-27-thread-1] INFO  server.RaftServerConfigKeys (ConfUtils.java:logGet(43)) - raft.server.log.queue.byte-limit = 2147483647 (custom)
2019-10-18 19:47:12,316 [pool-47-thread-1] INFO  server.RaftServerConfigKeys (ConfUtils.java:logGet(43)) - raft.server.log.segment.size.max = 1048576 (custom)
2019-10-18 19:47:12,317 [pool-27-thread-1] INFO  server.RaftServerConfigKeys (ConfUtils.java:logGet(43)) - raft.server.log.queue.element-limit = 1024 (custom)
2019-10-18 19:47:12,317 [pool-37-thread-1] INFO  server.RaftServerConfigKeys (ConfUtils.java:logGet(43)) - raft.server.log.segment.size.max = 1048576 (custom)
2019-10-18 19:47:12,317 [pool-27-thread-1] INFO  server.RaftServerConfigKeys (ConfUtils.java:logGet(43)) - raft.server.log.segment.size.max = 1048576 (custom)
2019-10-18 19:47:12,317 [pool-47-thread-1] INFO  server.RaftServerConfigKeys (ConfUtils.java:logGet(43)) - raft.server.log.segment.cache.num.max = 2 (custom)
2019-10-18 19:47:12,317 [pool-27-thread-1] INFO  server.RaftServerConfigKeys (ConfUtils.java:logGet(43)) - raft.server.log.preallocated.size = 16384 (custom)
2019-10-18 19:47:12,317 [pool-37-thread-1] INFO  server.RaftServerConfigKeys (ConfUtils.java:logGet(43)) - raft.server.log.segment.cache.num.max = 2 (custom)
2019-10-18 19:47:12,318 [pool-27-thread-1] INFO  server.RaftServerConfigKeys (ConfUtils.java:logGet(43)) - raft.server.log.write.buffer.size = 33554432 (custom)
2019-10-18 19:47:12,318 [pool-47-thread-1] INFO  segmented.SegmentedRaftLogWorker (SegmentedRaftLogWorker.java:<init>(173)) - new 3775819d-3279-4043-97e0-399c180bd06e@group-C08B21EAF98B-SegmentedRaftLogWorker for RaftStorage:Storage Directory /workdir/hadoop-ozone/integration-test/target/test-dir/MiniOzoneClusterImpl-b2a1fe54-b4de-439d-8d2b-e5f043cc68c1/datanode-2/data/ratis/82e81637-9acc-405a-9055-c08b21eaf98b
2019-10-18 19:47:12,318 [pool-27-thread-1] INFO  server.RaftServerConfigKeys (ConfUtils.java:logGet(43)) - raft.server.log.force.sync.num = 128 (default)
2019-10-18 19:47:12,318 [pool-37-thread-1] INFO  segmented.SegmentedRaftLogWorker (SegmentedRaftLogWorker.java:<init>(173)) - new a4b86d4c-0ac9-410c-bcd3-f6b17fd2bc42@group-C08B21EAF98B-SegmentedRaftLogWorker for RaftStorage:Storage Directory /workdir/hadoop-ozone/integration-test/target/test-dir/MiniOzoneClusterImpl-b2a1fe54-b4de-439d-8d2b-e5f043cc68c1/datanode-1/data/ratis/82e81637-9acc-405a-9055-c08b21eaf98b
2019-10-18 19:47:12,318 [pool-27-thread-1] INFO  server.RaftServerConfigKeys (ConfUtils.java:logGet(43)) - raft.server.log.statemachine.data.sync = true (default)
2019-10-18 19:47:12,318 [pool-47-thread-1] INFO  server.RaftServerConfigKeys (ConfUtils.java:logGet(43)) - raft.server.log.queue.byte-limit = 2147483647 (custom)
2019-10-18 19:47:12,319 [pool-27-thread-1] INFO  server.RaftServerConfigKeys (ConfUtils.java:logGet(43)) - raft.server.log.statemachine.data.sync.timeout = 10s (default)
2019-10-18 19:47:12,318 [pool-37-thread-1] INFO  server.RaftServerConfigKeys (ConfUtils.java:logGet(43)) - raft.server.log.queue.byte-limit = 2147483647 (custom)
2019-10-18 19:47:12,319 [pool-27-thread-1] INFO  server.RaftServerConfigKeys (ConfUtils.java:logGet(43)) - raft.server.log.statemachine.data.sync.timeout.retry = -1 (default)
2019-10-18 19:47:12,319 [pool-47-thread-1] INFO  server.RaftServerConfigKeys (ConfUtils.java:logGet(43)) - raft.server.log.queue.element-limit = 1024 (custom)
2019-10-18 19:47:12,319 [pool-37-thread-1] INFO  server.RaftServerConfigKeys (ConfUtils.java:logGet(43)) - raft.server.log.queue.element-limit = 1024 (custom)
2019-10-18 19:47:12,319 [pool-27-thread-1] INFO  server.RaftServerConfigKeys (ConfUtils.java:logGet(43)) - raft.server.log.statemachine.data.caching.enabled = true (custom)
2019-10-18 19:47:12,319 [pool-47-thread-1] INFO  server.RaftServerConfigKeys (ConfUtils.java:logGet(43)) - raft.server.log.segment.size.max = 1048576 (custom)
2019-10-18 19:47:12,319 [pool-37-thread-1] INFO  server.RaftServerConfigKeys (ConfUtils.java:logGet(43)) - raft.server.log.segment.size.max = 1048576 (custom)
2019-10-18 19:47:12,320 [pool-47-thread-1] INFO  server.RaftServerConfigKeys (ConfUtils.java:logGet(43)) - raft.server.log.preallocated.size = 16384 (custom)
2019-10-18 19:47:12,320 [pool-37-thread-1] INFO  server.RaftServerConfigKeys (ConfUtils.java:logGet(43)) - raft.server.log.preallocated.size = 16384 (custom)
2019-10-18 19:47:12,320 [pool-27-thread-1] INFO  segmented.SegmentedRaftLogWorker (SegmentedRaftLogWorker.java:lambda$new$0(128)) - 61936858-0f54-447d-9a7d-47275f28d678@group-C08B21EAF98B-SegmentedRaftLogWorker: flushIndex: setUnconditionally 0 -> -1
2019-10-18 19:47:12,320 [pool-37-thread-1] INFO  server.RaftServerConfigKeys (ConfUtils.java:logGet(43)) - raft.server.log.write.buffer.size = 33554432 (custom)
2019-10-18 19:47:12,320 [pool-47-thread-1] INFO  server.RaftServerConfigKeys (ConfUtils.java:logGet(43)) - raft.server.log.write.buffer.size = 33554432 (custom)
2019-10-18 19:47:12,321 [pool-27-thread-1] INFO  server.RaftServerConfigKeys (ConfUtils.java:logGet(43)) - raft.server.snapshot.auto.trigger.enabled = true (custom)
2019-10-18 19:47:12,320 [pool-37-thread-1] INFO  server.RaftServerConfigKeys (ConfUtils.java:logGet(43)) - raft.server.log.force.sync.num = 128 (default)
2019-10-18 19:47:12,321 [pool-27-thread-1] INFO  server.RaftServerConfigKeys (ConfUtils.java:logGet(43)) - raft.server.snapshot.auto.trigger.threshold = 10000 (custom)
2019-10-18 19:47:12,321 [pool-47-thread-1] INFO  server.RaftServerConfigKeys (ConfUtils.java:logGet(43)) - raft.server.log.force.sync.num = 128 (default)
2019-10-18 19:47:12,321 [pool-27-thread-1] INFO  server.RaftServerConfigKeys (ConfUtils.java:logGet(43)) - raft.server.snapshot.retention.file.num = 5 (custom)
2019-10-18 19:47:12,321 [pool-37-thread-1] INFO  server.RaftServerConfigKeys (ConfUtils.java:logGet(43)) - raft.server.log.statemachine.data.sync = true (default)
2019-10-18 19:47:12,321 [pool-27-thread-1] INFO  server.RaftServerConfigKeys (ConfUtils.java:logGet(43)) - raft.server.retrycache.expirytime = 600000ms (custom)
2019-10-18 19:47:12,321 [pool-37-thread-1] INFO  server.RaftServerConfigKeys (ConfUtils.java:logGet(43)) - raft.server.log.statemachine.data.sync.timeout = 10s (default)
2019-10-18 19:47:12,321 [pool-47-thread-1] INFO  server.RaftServerConfigKeys (ConfUtils.java:logGet(43)) - raft.server.log.statemachine.data.sync = true (default)
2019-10-18 19:47:12,322 [pool-37-thread-1] INFO  server.RaftServerConfigKeys (ConfUtils.java:logGet(43)) - raft.server.log.statemachine.data.sync.timeout.retry = -1 (default)
2019-10-18 19:47:12,322 [pool-27-thread-1] WARN  impl.MetricRegistriesImpl (MetricRegistriesImpl.java:lambda$create$1(61)) - First MetricRegistry has been created without registering reporters. You may need to call MetricRegistries.global().addReportRegistration(...) before.
2019-10-18 19:47:12,322 [pool-47-thread-1] INFO  server.RaftServerConfigKeys (ConfUtils.java:logGet(43)) - raft.server.log.statemachine.data.sync.timeout = 10s (default)
2019-10-18 19:47:12,322 [pool-27-thread-1] WARN  impl.MetricRegistriesImpl (MetricRegistriesImpl.java:lambda$create$1(61)) - First MetricRegistry has been created without registering reporters. You may need to call MetricRegistries.global().addReportRegistration(...) before.
2019-10-18 19:47:12,322 [pool-37-thread-1] INFO  server.RaftServerConfigKeys (ConfUtils.java:logGet(43)) - raft.server.log.statemachine.data.caching.enabled = true (custom)
2019-10-18 19:47:12,322 [pool-47-thread-1] INFO  server.RaftServerConfigKeys (ConfUtils.java:logGet(43)) - raft.server.log.statemachine.data.sync.timeout.retry = -1 (default)
2019-10-18 19:47:12,322 [pool-27-thread-1] INFO  impl.RaftServerImpl (RaftServerImpl.java:start(184)) - 61936858-0f54-447d-9a7d-47275f28d678@group-C08B21EAF98B: start as a follower, conf=-1: [3775819d-3279-4043-97e0-399c180bd06e:192.168.69.98:37356, a4b86d4c-0ac9-410c-bcd3-f6b17fd2bc42:192.168.69.98:44551, 61936858-0f54-447d-9a7d-47275f28d678:192.168.69.98:41217], old=null
2019-10-18 19:47:12,323 [pool-37-thread-1] INFO  segmented.SegmentedRaftLogWorker (SegmentedRaftLogWorker.java:lambda$new$0(128)) - a4b86d4c-0ac9-410c-bcd3-f6b17fd2bc42@group-C08B21EAF98B-SegmentedRaftLogWorker: flushIndex: setUnconditionally 0 -> -1
2019-10-18 19:47:12,323 [pool-27-thread-1] INFO  impl.RaftServerImpl (RaftServerImpl.java:setRole(173)) - 61936858-0f54-447d-9a7d-47275f28d678@group-C08B21EAF98B: changes role from      null to FOLLOWER at term 0 for startAsFollower
2019-10-18 19:47:12,323 [pool-47-thread-1] INFO  server.RaftServerConfigKeys (ConfUtils.java:logGet(43)) - raft.server.log.statemachine.data.caching.enabled = true (custom)
2019-10-18 19:47:12,323 [pool-37-thread-1] INFO  server.RaftServerConfigKeys (ConfUtils.java:logGet(43)) - raft.server.snapshot.auto.trigger.enabled = true (custom)
2019-10-18 19:47:12,323 [pool-27-thread-1] INFO  impl.RoleInfo (RoleInfo.java:updateAndGet(143)) - 61936858-0f54-447d-9a7d-47275f28d678: start FollowerState
2019-10-18 19:47:12,323 [pool-47-thread-1] INFO  segmented.SegmentedRaftLogWorker (SegmentedRaftLogWorker.java:lambda$new$0(128)) - 3775819d-3279-4043-97e0-399c180bd06e@group-C08B21EAF98B-SegmentedRaftLogWorker: flushIndex: setUnconditionally 0 -> -1
2019-10-18 19:47:12,323 [pool-37-thread-1] INFO  server.RaftServerConfigKeys (ConfUtils.java:logGet(43)) - raft.server.snapshot.auto.trigger.threshold = 10000 (custom)
2019-10-18 19:47:12,324 [pool-37-thread-1] INFO  server.RaftServerConfigKeys (ConfUtils.java:logGet(43)) - raft.server.snapshot.retention.file.num = 5 (custom)
2019-10-18 19:47:12,324 [pool-47-thread-1] INFO  server.RaftServerConfigKeys (ConfUtils.java:logGet(43)) - raft.server.snapshot.auto.trigger.enabled = true (custom)
2019-10-18 19:47:12,324 [pool-37-thread-1] INFO  server.RaftServerConfigKeys (ConfUtils.java:logGet(43)) - raft.server.retrycache.expirytime = 600000ms (custom)
2019-10-18 19:47:12,324 [pool-27-thread-1] INFO  util.JmxRegister (JmxRegister.java:tryRegister(44)) - Successfully registered JMX Bean with object name Ratis:service=RaftServer,group=group-C08B21EAF98B,id=61936858-0f54-447d-9a7d-47275f28d678
2019-10-18 19:47:12,324 [pool-37-thread-1] WARN  impl.MetricRegistriesImpl (MetricRegistriesImpl.java:lambda$create$1(61)) - First MetricRegistry has been created without registering reporters. You may need to call MetricRegistries.global().addReportRegistration(...) before.
2019-10-18 19:47:12,324 [pool-47-thread-1] INFO  server.RaftServerConfigKeys (ConfUtils.java:logGet(43)) - raft.server.snapshot.auto.trigger.threshold = 10000 (custom)
2019-10-18 19:47:12,324 [pool-37-thread-1] WARN  impl.MetricRegistriesImpl (MetricRegistriesImpl.java:lambda$create$1(61)) - First MetricRegistry has been created without registering reporters. You may need to call MetricRegistries.global().addReportRegistration(...) before.
2019-10-18 19:47:12,324 [pool-27-thread-1] WARN  impl.MetricRegistriesImpl (MetricRegistriesImpl.java:lambda$create$1(61)) - First MetricRegistry has been created without registering reporters. You may need to call MetricRegistries.global().addReportRegistration(...) before.
2019-10-18 19:47:12,325 [pool-37-thread-1] INFO  impl.RaftServerImpl (RaftServerImpl.java:start(184)) - a4b86d4c-0ac9-410c-bcd3-f6b17fd2bc42@group-C08B21EAF98B: start as a follower, conf=-1: [3775819d-3279-4043-97e0-399c180bd06e:192.168.69.98:37356, a4b86d4c-0ac9-410c-bcd3-f6b17fd2bc42:192.168.69.98:44551, 61936858-0f54-447d-9a7d-47275f28d678:192.168.69.98:41217], old=null
2019-10-18 19:47:12,325 [pool-47-thread-1] INFO  server.RaftServerConfigKeys (ConfUtils.java:logGet(43)) - raft.server.snapshot.retention.file.num = 5 (custom)
2019-10-18 19:47:12,325 [pool-37-thread-1] INFO  impl.RaftServerImpl (RaftServerImpl.java:setRole(173)) - a4b86d4c-0ac9-410c-bcd3-f6b17fd2bc42@group-C08B21EAF98B: changes role from      null to FOLLOWER at term 0 for startAsFollower
2019-10-18 19:47:12,325 [pool-47-thread-1] INFO  server.RaftServerConfigKeys (ConfUtils.java:logGet(43)) - raft.server.retrycache.expirytime = 600000ms (custom)
2019-10-18 19:47:12,325 [pool-37-thread-1] INFO  impl.RoleInfo (RoleInfo.java:updateAndGet(143)) - a4b86d4c-0ac9-410c-bcd3-f6b17fd2bc42: start FollowerState
2019-10-18 19:47:12,325 [pool-47-thread-1] WARN  impl.MetricRegistriesImpl (MetricRegistriesImpl.java:lambda$create$1(61)) - First MetricRegistry has been created without registering reporters. You may need to call MetricRegistries.global().addReportRegistration(...) before.
2019-10-18 19:47:12,326 [pool-47-thread-1] WARN  impl.MetricRegistriesImpl (MetricRegistriesImpl.java:lambda$create$1(61)) - First MetricRegistry has been created without registering reporters. You may need to call MetricRegistries.global().addReportRegistration(...) before.
2019-10-18 19:47:12,326 [pool-37-thread-1] INFO  util.JmxRegister (JmxRegister.java:tryRegister(44)) - Successfully registered JMX Bean with object name Ratis:service=RaftServer,group=group-C08B21EAF98B,id=a4b86d4c-0ac9-410c-bcd3-f6b17fd2bc42
2019-10-18 19:47:12,327 [pool-47-thread-1] INFO  impl.RaftServerImpl (RaftServerImpl.java:start(184)) - 3775819d-3279-4043-97e0-399c180bd06e@group-C08B21EAF98B: start as a follower, conf=-1: [3775819d-3279-4043-97e0-399c180bd06e:192.168.69.98:37356, a4b86d4c-0ac9-410c-bcd3-f6b17fd2bc42:192.168.69.98:44551, 61936858-0f54-447d-9a7d-47275f28d678:192.168.69.98:41217], old=null
2019-10-18 19:47:12,327 [pool-37-thread-1] WARN  impl.MetricRegistriesImpl (MetricRegistriesImpl.java:lambda$create$1(61)) - First MetricRegistry has been created without registering reporters. You may need to call MetricRegistries.global().addReportRegistration(...) before.
2019-10-18 19:47:12,328 [pool-47-thread-1] INFO  impl.RaftServerImpl (RaftServerImpl.java:setRole(173)) - 3775819d-3279-4043-97e0-399c180bd06e@group-C08B21EAF98B: changes role from      null to FOLLOWER at term 0 for startAsFollower
2019-10-18 19:47:12,328 [pool-47-thread-1] INFO  impl.RoleInfo (RoleInfo.java:updateAndGet(143)) - 3775819d-3279-4043-97e0-399c180bd06e: start FollowerState
2019-10-18 19:47:12,329 [pool-47-thread-1] INFO  util.JmxRegister (JmxRegister.java:tryRegister(44)) - Successfully registered JMX Bean with object name Ratis:service=RaftServer,group=group-C08B21EAF98B,id=3775819d-3279-4043-97e0-399c180bd06e
2019-10-18 19:47:12,329 [pool-47-thread-1] WARN  impl.MetricRegistriesImpl (MetricRegistriesImpl.java:lambda$create$1(61)) - First MetricRegistry has been created without registering reporters. You may need to call MetricRegistries.global().addReportRegistration(...) before.
2019-10-18 19:47:12,342 [RatisPipelineUtilsThread] INFO  pipeline.PipelineStateManager (PipelineStateManager.java:addPipeline(55)) - Created pipeline Pipeline[ Id: 82e81637-9acc-405a-9055-c08b21eaf98b, Nodes: a4b86d4c-0ac9-410c-bcd3-f6b17fd2bc42{ip: 192.168.69.98, host: pr-hdds-1868-rxw48-2170960119, networkLocation: /default-rack, certSerialId: null}61936858-0f54-447d-9a7d-47275f28d678{ip: 192.168.69.98, host: pr-hdds-1868-rxw48-2170960119, networkLocation: /default-rack, certSerialId: null}3775819d-3279-4043-97e0-399c180bd06e{ip: 192.168.69.98, host: pr-hdds-1868-rxw48-2170960119, networkLocation: /default-rack, certSerialId: null}, Type:RATIS, Factor:THREE, State:ALLOCATED]
2019-10-18 19:47:12,344 [main] INFO  ozone.MiniOzoneClusterImpl (MiniOzoneClusterImpl.java:lambda$waitForClusterToBeReady$2(164)) - Waiting for 4 number of pipelines out of 4, to report a leader.
2019-10-18 19:47:13,344 [main] INFO  ozone.MiniOzoneClusterImpl (MiniOzoneClusterImpl.java:lambda$waitForClusterToBeReady$2(164)) - Waiting for 4 number of pipelines out of 4, to report a leader.
2019-10-18 19:47:14,346 [main] INFO  ozone.MiniOzoneClusterImpl (MiniOzoneClusterImpl.java:lambda$waitForClusterToBeReady$2(164)) - Waiting for 4 number of pipelines out of 4, to report a leader.
2019-10-18 19:47:14,432 [Thread-178] INFO  container.ReplicationManager (ReplicationManager.java:start(162)) - Starting Replication Monitor Thread.
2019-10-18 19:47:14,435 [Thread-178] INFO  pipeline.SCMPipelineManager (SCMPipelineManager.java:finalizeAndDestroyPipeline(315)) - destroying pipeline:Pipeline[ Id: 5691d7b3-0777-4f63-a534-97a855f247dc, Nodes: a4b86d4c-0ac9-410c-bcd3-f6b17fd2bc42{ip: 192.168.69.98, host: pr-hdds-1868-rxw48-2170960119, networkLocation: /default-rack, certSerialId: null}, Type:RATIS, Factor:ONE, State:ALLOCATED]
2019-10-18 19:47:14,435 [ReplicationMonitor] INFO  container.ReplicationManager (ReplicationManager.java:run(225)) - Replication Monitor Thread took 1 milliseconds for processing 0 containers.
2019-10-18 19:47:14,436 [Thread-178] INFO  pipeline.PipelineStateManager (PipelineStateManager.java:finalizePipeline(121)) - Pipeline Pipeline[ Id: 5691d7b3-0777-4f63-a534-97a855f247dc, Nodes: a4b86d4c-0ac9-410c-bcd3-f6b17fd2bc42{ip: 192.168.69.98, host: pr-hdds-1868-rxw48-2170960119, networkLocation: /default-rack, certSerialId: null}, Type:RATIS, Factor:ONE, State:CLOSED] moved to CLOSED state
2019-10-18 19:47:14,462 [grpc-default-executor-2] INFO  impl.RaftServerProxy (RaftServerProxy.java:remove(95)) - a4b86d4c-0ac9-410c-bcd3-f6b17fd2bc42: remove  FOLLOWER a4b86d4c-0ac9-410c-bcd3-f6b17fd2bc42@group-97A855F247DC:t0, leader=null, voted=null, raftlog=a4b86d4c-0ac9-410c-bcd3-f6b17fd2bc42@group-97A855F247DC-SegmentedRaftLog:OPENED:c-1,f-1,i0, conf=-1: [a4b86d4c-0ac9-410c-bcd3-f6b17fd2bc42:192.168.69.98:44551], old=null RUNNING
2019-10-18 19:47:14,464 [grpc-default-executor-2] INFO  impl.RaftServerImpl (RaftServerImpl.java:lambda$shutdown$3(250)) - a4b86d4c-0ac9-410c-bcd3-f6b17fd2bc42@group-97A855F247DC: shutdown
2019-10-18 19:47:14,465 [grpc-default-executor-2] INFO  util.JmxRegister (JmxRegister.java:unregister(73)) - Successfully un-registered JMX Bean with object name Ratis:service=RaftServer,group=group-97A855F247DC,id=a4b86d4c-0ac9-410c-bcd3-f6b17fd2bc42
2019-10-18 19:47:14,465 [grpc-default-executor-2] INFO  impl.RoleInfo (RoleInfo.java:shutdownFollowerState(121)) - a4b86d4c-0ac9-410c-bcd3-f6b17fd2bc42: shutdown FollowerState
2019-10-18 19:47:14,465 [grpc-default-executor-2] INFO  impl.StateMachineUpdater (StateMachineUpdater.java:stopAndJoin(136)) - a4b86d4c-0ac9-410c-bcd3-f6b17fd2bc42@group-97A855F247DC-StateMachineUpdater: set stopIndex = -1
2019-10-18 19:47:14,465 [Thread-183] INFO  impl.FollowerState (FollowerState.java:run(120)) - a4b86d4c-0ac9-410c-bcd3-f6b17fd2bc42@group-97A855F247DC-FollowerState was interrupted: java.lang.InterruptedException: sleep interrupted
2019-10-18 19:47:14,467 [grpc-default-executor-2] INFO  impl.RaftServerImpl (ServerState.java:close(387)) - a4b86d4c-0ac9-410c-bcd3-f6b17fd2bc42@group-97A855F247DC: closes. applyIndex: -1
2019-10-18 19:47:14,470 [a4b86d4c-0ac9-410c-bcd3-f6b17fd2bc42@group-97A855F247DC-SegmentedRaftLogWorker] INFO  segmented.SegmentedRaftLogWorker (SegmentedRaftLogWorker.java:run(316)) - a4b86d4c-0ac9-410c-bcd3-f6b17fd2bc42@group-97A855F247DC-SegmentedRaftLogWorker was interrupted, exiting. There are 0 tasks remaining in the queue.
2019-10-18 19:47:14,472 [grpc-default-executor-2] INFO  segmented.SegmentedRaftLogWorker (SegmentedRaftLogWorker.java:close(224)) - a4b86d4c-0ac9-410c-bcd3-f6b17fd2bc42@group-97A855F247DC-SegmentedRaftLogWorker close()
2019-10-18 19:47:14,486 [Thread-178] INFO  pipeline.PipelineStateManager (PipelineStateManager.java:removePipeline(106)) - Pipeline Pipeline[ Id: 5691d7b3-0777-4f63-a534-97a855f247dc, Nodes: a4b86d4c-0ac9-410c-bcd3-f6b17fd2bc42{ip: 192.168.69.98, host: pr-hdds-1868-rxw48-2170960119, networkLocation: /default-rack, certSerialId: null}, Type:RATIS, Factor:ONE, State:CLOSED] removed from db
2019-10-18 19:47:14,487 [Thread-178] INFO  pipeline.SCMPipelineManager (SCMPipelineManager.java:finalizeAndDestroyPipeline(315)) - destroying pipeline:Pipeline[ Id: 82e81637-9acc-405a-9055-c08b21eaf98b, Nodes: a4b86d4c-0ac9-410c-bcd3-f6b17fd2bc42{ip: 192.168.69.98, host: pr-hdds-1868-rxw48-2170960119, networkLocation: /default-rack, certSerialId: null}61936858-0f54-447d-9a7d-47275f28d678{ip: 192.168.69.98, host: pr-hdds-1868-rxw48-2170960119, networkLocation: /default-rack, certSerialId: null}3775819d-3279-4043-97e0-399c180bd06e{ip: 192.168.69.98, host: pr-hdds-1868-rxw48-2170960119, networkLocation: /default-rack, certSerialId: null}, Type:RATIS, Factor:THREE, State:ALLOCATED]
2019-10-18 19:47:14,496 [grpc-default-executor-2] INFO  impl.RaftServerProxy (RaftServerProxy.java:addNew(89)) - a4b86d4c-0ac9-410c-bcd3-f6b17fd2bc42: addNew group-E0381FCDD214:[a4b86d4c-0ac9-410c-bcd3-f6b17fd2bc42:192.168.69.98:44551] returns group-E0381FCDD214:java.util.concurrent.CompletableFuture@73ac0a8c[Not completed]
2019-10-18 19:47:14,498 [pool-37-thread-1] INFO  impl.RaftServerImpl (RaftServerImpl.java:<init>(98)) - a4b86d4c-0ac9-410c-bcd3-f6b17fd2bc42: new RaftServerImpl for group-E0381FCDD214:[a4b86d4c-0ac9-410c-bcd3-f6b17fd2bc42:192.168.69.98:44551] with ContainerStateMachine:uninitialized
2019-10-18 19:47:14,499 [pool-37-thread-1] INFO  server.RaftServerConfigKeys (ConfUtils.java:logGet(43)) - raft.server.rpc.timeout.min = 5s (custom)
2019-10-18 19:47:14,499 [pool-37-thread-1] INFO  server.RaftServerConfigKeys (ConfUtils.java:logGet(43)) - raft.server.rpc.timeout.max = 5200ms (custom)
2019-10-18 19:47:14,499 [pool-37-thread-1] INFO  server.RaftServerConfigKeys (ConfUtils.java:logGet(43)) - raft.server.rpcslowness.timeout = 120s (custom)
2019-10-18 19:47:14,499 [pool-37-thread-1] INFO  server.RaftServerConfigKeys (ConfUtils.java:logGet(43)) - raft.server.sleep.deviation.threshold = 300 (default)
2019-10-18 19:47:14,499 [pool-37-thread-1] INFO  server.RaftServerConfigKeys (ConfUtils.java:logGet(43)) - raft.server.log.appender.install.snapshot.enabled = false (custom)
2019-10-18 19:47:14,500 [pool-37-thread-1] INFO  impl.RaftServerImpl (ServerState.java:<init>(103)) - a4b86d4c-0ac9-410c-bcd3-f6b17fd2bc42@group-E0381FCDD214: ConfigurationManager, init=-1: [a4b86d4c-0ac9-410c-bcd3-f6b17fd2bc42:192.168.69.98:44551], old=null, confs=<EMPTY_MAP>
2019-10-18 19:47:14,500 [pool-37-thread-1] INFO  server.RaftServerConfigKeys (ConfUtils.java:logGet(43)) - raft.server.storage.dir = [/workdir/hadoop-ozone/integration-test/target/test-dir/MiniOzoneClusterImpl-b2a1fe54-b4de-439d-8d2b-e5f043cc68c1/datanode-1/data/ratis] (custom)
2019-10-18 19:47:14,500 [pool-37-thread-1] INFO  server.RaftServerConfigKeys (ConfUtils.java:logGet(43)) - raft.server.log.corruption.policy = EXCEPTION (default)
2019-10-18 19:47:14,500 [pool-37-thread-1] INFO  storage.RaftStorageDirectory (RaftStorageDirectory.java:analyzeStorage(246)) - The storage directory /workdir/hadoop-ozone/integration-test/target/test-dir/MiniOzoneClusterImpl-b2a1fe54-b4de-439d-8d2b-e5f043cc68c1/datanode-1/data/ratis/83ef9f0e-98a3-4b3f-b874-e0381fcdd214 does not exist. Creating ...
2019-10-18 19:47:14,514 [pool-37-thread-1] INFO  storage.RaftStorageDirectory (RaftStorageDirectory.java:tryLock(328)) - Lock on /workdir/hadoop-ozone/integration-test/target/test-dir/MiniOzoneClusterImpl-b2a1fe54-b4de-439d-8d2b-e5f043cc68c1/datanode-1/data/ratis/83ef9f0e-98a3-4b3f-b874-e0381fcdd214/in_use.lock acquired by nodename 2310@pr-hdds-1868-rxw48-2170960119
2019-10-18 19:47:14,527 [pool-37-thread-1] INFO  storage.RaftStorage (RaftStorage.java:format(84)) - Storage directory /workdir/hadoop-ozone/integration-test/target/test-dir/MiniOzoneClusterImpl-b2a1fe54-b4de-439d-8d2b-e5f043cc68c1/datanode-1/data/ratis/83ef9f0e-98a3-4b3f-b874-e0381fcdd214 has been successfully formatted.
2019-10-18 19:47:14,527 [pool-37-thread-1] INFO  ratis.ContainerStateMachine (ContainerStateMachine.java:loadSnapshot(233)) - group-E0381FCDD214: The snapshot info is null. Setting the last applied indexto:(t:0, i:~)
2019-10-18 19:47:14,528 [pool-37-thread-1] INFO  server.RaftServerConfigKeys (ConfUtils.java:logGet(43)) - raft.server.notification.no-leader.timeout = 120s (custom)
2019-10-18 19:47:14,528 [pool-37-thread-1] INFO  server.RaftServerConfigKeys (ConfUtils.java:logGet(43)) - raft.server.log.use.memory = false (default)
2019-10-18 19:47:14,528 [pool-37-thread-1] INFO  server.RaftServerConfigKeys (ConfUtils.java:logGet(43)) - raft.server.log.purge.gap = 1000000 (custom)
2019-10-18 19:47:14,528 [pool-37-thread-1] INFO  server.RaftServerConfigKeys (ConfUtils.java:logGet(43)) - raft.server.log.appender.buffer.byte-limit = 33554432 (custom)
2019-10-18 19:47:14,528 [pool-37-thread-1] INFO  server.RaftServerConfigKeys (ConfUtils.java:logGet(43)) - raft.server.log.segment.size.max = 1048576 (custom)
2019-10-18 19:47:14,528 [pool-37-thread-1] INFO  server.RaftServerConfigKeys (ConfUtils.java:logGet(43)) - raft.server.log.segment.cache.num.max = 2 (custom)
2019-10-18 19:47:14,529 [pool-37-thread-1] INFO  segmented.SegmentedRaftLogWorker (SegmentedRaftLogWorker.java:<init>(173)) - new a4b86d4c-0ac9-410c-bcd3-f6b17fd2bc42@group-E0381FCDD214-SegmentedRaftLogWorker for RaftStorage:Storage Directory /workdir/hadoop-ozone/integration-test/target/test-dir/MiniOzoneClusterImpl-b2a1fe54-b4de-439d-8d2b-e5f043cc68c1/datanode-1/data/ratis/83ef9f0e-98a3-4b3f-b874-e0381fcdd214
2019-10-18 19:47:14,529 [pool-37-thread-1] INFO  server.RaftServerConfigKeys (ConfUtils.java:logGet(43)) - raft.server.log.queue.byte-limit = 2147483647 (custom)
2019-10-18 19:47:14,529 [pool-37-thread-1] INFO  server.RaftServerConfigKeys (ConfUtils.java:logGet(43)) - raft.server.log.queue.element-limit = 1024 (custom)
2019-10-18 19:47:14,529 [pool-37-thread-1] INFO  server.RaftServerConfigKeys (ConfUtils.java:logGet(43)) - raft.server.log.segment.size.max = 1048576 (custom)
2019-10-18 19:47:14,529 [pool-37-thread-1] INFO  server.RaftServerConfigKeys (ConfUtils.java:logGet(43)) - raft.server.log.preallocated.size = 16384 (custom)
2019-10-18 19:47:14,529 [pool-37-thread-1] INFO  server.RaftServerConfigKeys (ConfUtils.java:logGet(43)) - raft.server.log.write.buffer.size = 33554432 (custom)
2019-10-18 19:47:14,529 [pool-37-thread-1] INFO  server.RaftServerConfigKeys (ConfUtils.java:logGet(43)) - raft.server.log.force.sync.num = 128 (default)
2019-10-18 19:47:14,530 [pool-37-thread-1] INFO  server.RaftServerConfigKeys (ConfUtils.java:logGet(43)) - raft.server.log.statemachine.data.sync = true (default)
2019-10-18 19:47:14,530 [pool-37-thread-1] INFO  server.RaftServerConfigKeys (ConfUtils.java:logGet(43)) - raft.server.log.statemachine.data.sync.timeout = 10s (default)
2019-10-18 19:47:14,530 [pool-37-thread-1] INFO  server.RaftServerConfigKeys (ConfUtils.java:logGet(43)) - raft.server.log.statemachine.data.sync.timeout.retry = -1 (default)
2019-10-18 19:47:14,530 [pool-37-thread-1] INFO  server.RaftServerConfigKeys (ConfUtils.java:logGet(43)) - raft.server.log.statemachine.data.caching.enabled = true (custom)
2019-10-18 19:47:14,530 [pool-37-thread-1] INFO  segmented.SegmentedRaftLogWorker (SegmentedRaftLogWorker.java:lambda$new$0(128)) - a4b86d4c-0ac9-410c-bcd3-f6b17fd2bc42@group-E0381FCDD214-SegmentedRaftLogWorker: flushIndex: setUnconditionally 0 -> -1
2019-10-18 19:47:14,531 [pool-37-thread-1] INFO  server.RaftServerConfigKeys (ConfUtils.java:logGet(43)) - raft.server.snapshot.auto.trigger.enabled = true (custom)
2019-10-18 19:47:14,531 [pool-37-thread-1] INFO  server.RaftServerConfigKeys (ConfUtils.java:logGet(43)) - raft.server.snapshot.auto.trigger.threshold = 10000 (custom)
2019-10-18 19:47:14,531 [pool-37-thread-1] INFO  server.RaftServerConfigKeys (ConfUtils.java:logGet(43)) - raft.server.snapshot.retention.file.num = 5 (custom)
2019-10-18 19:47:14,531 [pool-37-thread-1] INFO  server.RaftServerConfigKeys (ConfUtils.java:logGet(43)) - raft.server.retrycache.expirytime = 600000ms (custom)
2019-10-18 19:47:14,532 [pool-37-thread-1] WARN  impl.MetricRegistriesImpl (MetricRegistriesImpl.java:lambda$create$1(61)) - First MetricRegistry has been created without registering reporters. You may need to call MetricRegistries.global().addReportRegistration(...) before.
2019-10-18 19:47:14,532 [pool-37-thread-1] WARN  impl.MetricRegistriesImpl (MetricRegistriesImpl.java:lambda$create$1(61)) - First MetricRegistry has been created without registering reporters. You may need to call MetricRegistries.global().addReportRegistration(...) before.
2019-10-18 19:47:14,532 [pool-37-thread-1] INFO  impl.RaftServerImpl (RaftServerImpl.java:start(184)) - a4b86d4c-0ac9-410c-bcd3-f6b17fd2bc42@group-E0381FCDD214: start as a follower, conf=-1: [a4b86d4c-0ac9-410c-bcd3-f6b17fd2bc42:192.168.69.98:44551], old=null
2019-10-18 19:47:14,532 [pool-37-thread-1] INFO  impl.RaftServerImpl (RaftServerImpl.java:setRole(173)) - a4b86d4c-0ac9-410c-bcd3-f6b17fd2bc42@group-E0381FCDD214: changes role from      null to FOLLOWER at term 0 for startAsFollower
2019-10-18 19:47:14,533 [pool-37-thread-1] INFO  impl.RoleInfo (RoleInfo.java:updateAndGet(143)) - a4b86d4c-0ac9-410c-bcd3-f6b17fd2bc42: start FollowerState
2019-10-18 19:47:14,533 [pool-37-thread-1] INFO  util.JmxRegister (JmxRegister.java:tryRegister(44)) - Successfully registered JMX Bean with object name Ratis:service=RaftServer,group=group-E0381FCDD214,id=a4b86d4c-0ac9-410c-bcd3-f6b17fd2bc42
2019-10-18 19:47:14,533 [pool-37-thread-1] WARN  impl.MetricRegistriesImpl (MetricRegistriesImpl.java:lambda$create$1(61)) - First MetricRegistry has been created without registering reporters. You may need to call MetricRegistries.global().addReportRegistration(...) before.
2019-10-18 19:47:14,540 [RatisPipelineUtilsThread] INFO  pipeline.PipelineStateManager (PipelineStateManager.java:addPipeline(55)) - Created pipeline Pipeline[ Id: 83ef9f0e-98a3-4b3f-b874-e0381fcdd214, Nodes: a4b86d4c-0ac9-410c-bcd3-f6b17fd2bc42{ip: 192.168.69.98, host: pr-hdds-1868-rxw48-2170960119, networkLocation: /default-rack, certSerialId: null}, Type:RATIS, Factor:ONE, State:ALLOCATED]
2019-10-18 19:47:14,541 [Thread-178] INFO  pipeline.PipelineStateManager (PipelineStateManager.java:finalizePipeline(121)) - Pipeline Pipeline[ Id: 82e81637-9acc-405a-9055-c08b21eaf98b, Nodes: a4b86d4c-0ac9-410c-bcd3-f6b17fd2bc42{ip: 192.168.69.98, host: pr-hdds-1868-rxw48-2170960119, networkLocation: /default-rack, certSerialId: null}61936858-0f54-447d-9a7d-47275f28d678{ip: 192.168.69.98, host: pr-hdds-1868-rxw48-2170960119, networkLocation: /default-rack, certSerialId: null}3775819d-3279-4043-97e0-399c180bd06e{ip: 192.168.69.98, host: pr-hdds-1868-rxw48-2170960119, networkLocation: /default-rack, certSerialId: null}, Type:RATIS, Factor:THREE, State:CLOSED] moved to CLOSED state
2019-10-18 19:47:14,551 [grpc-default-executor-2] INFO  impl.RaftServerProxy (RaftServerProxy.java:remove(95)) - a4b86d4c-0ac9-410c-bcd3-f6b17fd2bc42: remove  FOLLOWER a4b86d4c-0ac9-410c-bcd3-f6b17fd2bc42@group-C08B21EAF98B:t0, leader=null, voted=null, raftlog=a4b86d4c-0ac9-410c-bcd3-f6b17fd2bc42@group-C08B21EAF98B-SegmentedRaftLog:OPENED:c-1,f-1,i0, conf=-1: [3775819d-3279-4043-97e0-399c180bd06e:192.168.69.98:37356, a4b86d4c-0ac9-410c-bcd3-f6b17fd2bc42:192.168.69.98:44551, 61936858-0f54-447d-9a7d-47275f28d678:192.168.69.98:41217], old=null RUNNING
2019-10-18 19:47:14,552 [grpc-default-executor-2] INFO  impl.RaftServerImpl (RaftServerImpl.java:lambda$shutdown$3(250)) - a4b86d4c-0ac9-410c-bcd3-f6b17fd2bc42@group-C08B21EAF98B: shutdown
2019-10-18 19:47:14,552 [grpc-default-executor-2] INFO  util.JmxRegister (JmxRegister.java:unregister(73)) - Successfully un-registered JMX Bean with object name Ratis:service=RaftServer,group=group-C08B21EAF98B,id=a4b86d4c-0ac9-410c-bcd3-f6b17fd2bc42
2019-10-18 19:47:14,552 [grpc-default-executor-2] INFO  impl.RoleInfo (RoleInfo.java:shutdownFollowerState(121)) - a4b86d4c-0ac9-410c-bcd3-f6b17fd2bc42: shutdown FollowerState
2019-10-18 19:47:14,552 [grpc-default-executor-2] INFO  impl.StateMachineUpdater (StateMachineUpdater.java:stopAndJoin(136)) - a4b86d4c-0ac9-410c-bcd3-f6b17fd2bc42@group-C08B21EAF98B-StateMachineUpdater: set stopIndex = -1
2019-10-18 19:47:14,552 [Thread-193] INFO  impl.FollowerState (FollowerState.java:run(120)) - a4b86d4c-0ac9-410c-bcd3-f6b17fd2bc42@group-C08B21EAF98B-FollowerState was interrupted: java.lang.InterruptedException: sleep interrupted
2019-10-18 19:47:14,553 [grpc-default-executor-2] INFO  impl.RaftServerImpl (ServerState.java:close(387)) - a4b86d4c-0ac9-410c-bcd3-f6b17fd2bc42@group-C08B21EAF98B: closes. applyIndex: -1
2019-10-18 19:47:14,554 [a4b86d4c-0ac9-410c-bcd3-f6b17fd2bc42@group-C08B21EAF98B-SegmentedRaftLogWorker] INFO  segmented.SegmentedRaftLogWorker (SegmentedRaftLogWorker.java:run(316)) - a4b86d4c-0ac9-410c-bcd3-f6b17fd2bc42@group-C08B21EAF98B-SegmentedRaftLogWorker was interrupted, exiting. There are 0 tasks remaining in the queue.
2019-10-18 19:47:14,554 [grpc-default-executor-2] INFO  segmented.SegmentedRaftLogWorker (SegmentedRaftLogWorker.java:close(224)) - a4b86d4c-0ac9-410c-bcd3-f6b17fd2bc42@group-C08B21EAF98B-SegmentedRaftLogWorker close()
2019-10-18 19:47:14,572 [grpc-default-executor-2] INFO  impl.RaftServerProxy (RaftServerProxy.java:remove(95)) - 61936858-0f54-447d-9a7d-47275f28d678: remove  FOLLOWER 61936858-0f54-447d-9a7d-47275f28d678@group-C08B21EAF98B:t0, leader=null, voted=null, raftlog=61936858-0f54-447d-9a7d-47275f28d678@group-C08B21EAF98B-SegmentedRaftLog:OPENED:c-1,f-1,i0, conf=-1: [3775819d-3279-4043-97e0-399c180bd06e:192.168.69.98:37356, a4b86d4c-0ac9-410c-bcd3-f6b17fd2bc42:192.168.69.98:44551, 61936858-0f54-447d-9a7d-47275f28d678:192.168.69.98:41217], old=null RUNNING
2019-10-18 19:47:14,573 [grpc-default-executor-2] INFO  impl.RaftServerImpl (RaftServerImpl.java:lambda$shutdown$3(250)) - 61936858-0f54-447d-9a7d-47275f28d678@group-C08B21EAF98B: shutdown
2019-10-18 19:47:14,573 [grpc-default-executor-2] INFO  util.JmxRegister (JmxRegister.java:unregister(73)) - Successfully un-registered JMX Bean with object name Ratis:service=RaftServer,group=group-C08B21EAF98B,id=61936858-0f54-447d-9a7d-47275f28d678
2019-10-18 19:47:14,573 [grpc-default-executor-2] INFO  impl.RoleInfo (RoleInfo.java:shutdownFollowerState(121)) - 61936858-0f54-447d-9a7d-47275f28d678: shutdown FollowerState
2019-10-18 19:47:14,573 [grpc-default-executor-2] INFO  impl.StateMachineUpdater (StateMachineUpdater.java:stopAndJoin(136)) - 61936858-0f54-447d-9a7d-47275f28d678@group-C08B21EAF98B-StateMachineUpdater: set stopIndex = -1
2019-10-18 19:47:14,573 [Thread-189] INFO  impl.FollowerState (FollowerState.java:run(120)) - 61936858-0f54-447d-9a7d-47275f28d678@group-C08B21EAF98B-FollowerState was interrupted: java.lang.InterruptedException: sleep interrupted
2019-10-18 19:47:14,574 [grpc-default-executor-2] INFO  impl.RaftServerImpl (ServerState.java:close(387)) - 61936858-0f54-447d-9a7d-47275f28d678@group-C08B21EAF98B: closes. applyIndex: -1
2019-10-18 19:47:14,576 [61936858-0f54-447d-9a7d-47275f28d678@group-C08B21EAF98B-SegmentedRaftLogWorker] INFO  segmented.SegmentedRaftLogWorker (SegmentedRaftLogWorker.java:run(316)) - 61936858-0f54-447d-9a7d-47275f28d678@group-C08B21EAF98B-SegmentedRaftLogWorker was interrupted, exiting. There are 0 tasks remaining in the queue.
2019-10-18 19:47:14,576 [grpc-default-executor-2] INFO  segmented.SegmentedRaftLogWorker (SegmentedRaftLogWorker.java:close(224)) - 61936858-0f54-447d-9a7d-47275f28d678@group-C08B21EAF98B-SegmentedRaftLogWorker close()
2019-10-18 19:47:14,593 [grpc-default-executor-2] INFO  impl.RaftServerProxy (RaftServerProxy.java:remove(95)) - 3775819d-3279-4043-97e0-399c180bd06e: remove  FOLLOWER 3775819d-3279-4043-97e0-399c180bd06e@group-C08B21EAF98B:t0, leader=null, voted=null, raftlog=3775819d-3279-4043-97e0-399c180bd06e@group-C08B21EAF98B-SegmentedRaftLog:OPENED:c-1,f-1,i0, conf=-1: [3775819d-3279-4043-97e0-399c180bd06e:192.168.69.98:37356, a4b86d4c-0ac9-410c-bcd3-f6b17fd2bc42:192.168.69.98:44551, 61936858-0f54-447d-9a7d-47275f28d678:192.168.69.98:41217], old=null RUNNING
2019-10-18 19:47:14,594 [grpc-default-executor-2] INFO  impl.RaftServerImpl (RaftServerImpl.java:lambda$shutdown$3(250)) - 3775819d-3279-4043-97e0-399c180bd06e@group-C08B21EAF98B: shutdown
2019-10-18 19:47:14,594 [grpc-default-executor-2] INFO  util.JmxRegister (JmxRegister.java:unregister(73)) - Successfully un-registered JMX Bean with object name Ratis:service=RaftServer,group=group-C08B21EAF98B,id=3775819d-3279-4043-97e0-399c180bd06e
2019-10-18 19:47:14,594 [grpc-default-executor-2] INFO  impl.RoleInfo (RoleInfo.java:shutdownFollowerState(121)) - 3775819d-3279-4043-97e0-399c180bd06e: shutdown FollowerState
2019-10-18 19:47:14,594 [grpc-default-executor-2] INFO  impl.StateMachineUpdater (StateMachineUpdater.java:stopAndJoin(136)) - 3775819d-3279-4043-97e0-399c180bd06e@group-C08B21EAF98B-StateMachineUpdater: set stopIndex = -1
2019-10-18 19:47:14,594 [Thread-194] INFO  impl.FollowerState (FollowerState.java:run(120)) - 3775819d-3279-4043-97e0-399c180bd06e@group-C08B21EAF98B-FollowerState was interrupted: java.lang.InterruptedException: sleep interrupted
2019-10-18 19:47:14,595 [grpc-default-executor-2] INFO  impl.RaftServerImpl (ServerState.java:close(387)) - 3775819d-3279-4043-97e0-399c180bd06e@group-C08B21EAF98B: closes. applyIndex: -1
2019-10-18 19:47:14,596 [3775819d-3279-4043-97e0-399c180bd06e@group-C08B21EAF98B-SegmentedRaftLogWorker] INFO  segmented.SegmentedRaftLogWorker (SegmentedRaftLogWorker.java:run(316)) - 3775819d-3279-4043-97e0-399c180bd06e@group-C08B21EAF98B-SegmentedRaftLogWorker was interrupted, exiting. There are 0 tasks remaining in the queue.
2019-10-18 19:47:14,596 [grpc-default-executor-2] INFO  segmented.SegmentedRaftLogWorker (SegmentedRaftLogWorker.java:close(224)) - 3775819d-3279-4043-97e0-399c180bd06e@group-C08B21EAF98B-SegmentedRaftLogWorker close()
2019-10-18 19:47:14,606 [Thread-178] INFO  pipeline.PipelineStateManager (PipelineStateManager.java:removePipeline(106)) - Pipeline Pipeline[ Id: 82e81637-9acc-405a-9055-c08b21eaf98b, Nodes: a4b86d4c-0ac9-410c-bcd3-f6b17fd2bc42{ip: 192.168.69.98, host: pr-hdds-1868-rxw48-2170960119, networkLocation: /default-rack, certSerialId: null}61936858-0f54-447d-9a7d-47275f28d678{ip: 192.168.69.98, host: pr-hdds-1868-rxw48-2170960119, networkLocation: /default-rack, certSerialId: null}3775819d-3279-4043-97e0-399c180bd06e{ip: 192.168.69.98, host: pr-hdds-1868-rxw48-2170960119, networkLocation: /default-rack, certSerialId: null}, Type:RATIS, Factor:THREE, State:CLOSED] removed from db
2019-10-18 19:47:14,606 [Thread-178] INFO  pipeline.SCMPipelineManager (SCMPipelineManager.java:finalizeAndDestroyPipeline(315)) - destroying pipeline:Pipeline[ Id: 7dcd03f5-cee6-4737-9936-6260c6a7bb2f, Nodes: 3775819d-3279-4043-97e0-399c180bd06e{ip: 192.168.69.98, host: pr-hdds-1868-rxw48-2170960119, networkLocation: /default-rack, certSerialId: null}, Type:RATIS, Factor:ONE, State:ALLOCATED]
2019-10-18 19:47:14,622 [grpc-default-executor-0] INFO  impl.RaftServerProxy (RaftServerProxy.java:addNew(89)) - 61936858-0f54-447d-9a7d-47275f28d678: addNew group-FDFBE344B073:[3775819d-3279-4043-97e0-399c180bd06e:192.168.69.98:37356, a4b86d4c-0ac9-410c-bcd3-f6b17fd2bc42:192.168.69.98:44551, 61936858-0f54-447d-9a7d-47275f28d678:192.168.69.98:41217] returns group-FDFBE344B073:java.util.concurrent.CompletableFuture@75b6a282[Not completed]
2019-10-18 19:47:14,623 [grpc-default-executor-2] INFO  impl.RaftServerProxy (RaftServerProxy.java:addNew(89)) - 3775819d-3279-4043-97e0-399c180bd06e: addNew group-FDFBE344B073:[3775819d-3279-4043-97e0-399c180bd06e:192.168.69.98:37356, a4b86d4c-0ac9-410c-bcd3-f6b17fd2bc42:192.168.69.98:44551, 61936858-0f54-447d-9a7d-47275f28d678:192.168.69.98:41217] returns group-FDFBE344B073:java.util.concurrent.CompletableFuture@56ef19c5[Not completed]
2019-10-18 19:47:14,623 [grpc-default-executor-1] INFO  impl.RaftServerProxy (RaftServerProxy.java:addNew(89)) - a4b86d4c-0ac9-410c-bcd3-f6b17fd2bc42: addNew group-FDFBE344B073:[3775819d-3279-4043-97e0-399c180bd06e:192.168.69.98:37356, a4b86d4c-0ac9-410c-bcd3-f6b17fd2bc42:192.168.69.98:44551, 61936858-0f54-447d-9a7d-47275f28d678:192.168.69.98:41217] returns group-FDFBE344B073:java.util.concurrent.CompletableFuture@4f1842f2[Not completed]
2019-10-18 19:47:14,625 [pool-27-thread-1] INFO  impl.RaftServerImpl (RaftServerImpl.java:<init>(98)) - 61936858-0f54-447d-9a7d-47275f28d678: new RaftServerImpl for group-FDFBE344B073:[3775819d-3279-4043-97e0-399c180bd06e:192.168.69.98:37356, a4b86d4c-0ac9-410c-bcd3-f6b17fd2bc42:192.168.69.98:44551, 61936858-0f54-447d-9a7d-47275f28d678:192.168.69.98:41217] with ContainerStateMachine:uninitialized
2019-10-18 19:47:14,625 [pool-27-thread-1] INFO  server.RaftServerConfigKeys (ConfUtils.java:logGet(43)) - raft.server.rpc.timeout.min = 5s (custom)
2019-10-18 19:47:14,625 [pool-27-thread-1] INFO  server.RaftServerConfigKeys (ConfUtils.java:logGet(43)) - raft.server.rpc.timeout.max = 5200ms (custom)
2019-10-18 19:47:14,625 [pool-27-thread-1] INFO  server.RaftServerConfigKeys (ConfUtils.java:logGet(43)) - raft.server.rpcslowness.timeout = 120s (custom)
2019-10-18 19:47:14,625 [pool-27-thread-1] INFO  server.RaftServerConfigKeys (ConfUtils.java:logGet(43)) - raft.server.sleep.deviation.threshold = 300 (default)
2019-10-18 19:47:14,625 [pool-27-thread-1] INFO  server.RaftServerConfigKeys (ConfUtils.java:logGet(43)) - raft.server.log.appender.install.snapshot.enabled = false (custom)
2019-10-18 19:47:14,625 [pool-27-thread-1] INFO  impl.RaftServerImpl (ServerState.java:<init>(103)) - 61936858-0f54-447d-9a7d-47275f28d678@group-FDFBE344B073: ConfigurationManager, init=-1: [3775819d-3279-4043-97e0-399c180bd06e:192.168.69.98:37356, a4b86d4c-0ac9-410c-bcd3-f6b17fd2bc42:192.168.69.98:44551, 61936858-0f54-447d-9a7d-47275f28d678:192.168.69.98:41217], old=null, confs=<EMPTY_MAP>
2019-10-18 19:47:14,626 [pool-27-thread-1] INFO  server.RaftServerConfigKeys (ConfUtils.java:logGet(43)) - raft.server.storage.dir = [/workdir/hadoop-ozone/integration-test/target/test-dir/MiniOzoneClusterImpl-b2a1fe54-b4de-439d-8d2b-e5f043cc68c1/datanode-0/data/ratis] (custom)
2019-10-18 19:47:14,626 [pool-37-thread-1] INFO  impl.RaftServerImpl (RaftServerImpl.java:<init>(98)) - a4b86d4c-0ac9-410c-bcd3-f6b17fd2bc42: new RaftServerImpl for group-FDFBE344B073:[3775819d-3279-4043-97e0-399c180bd06e:192.168.69.98:37356, a4b86d4c-0ac9-410c-bcd3-f6b17fd2bc42:192.168.69.98:44551, 61936858-0f54-447d-9a7d-47275f28d678:192.168.69.98:41217] with ContainerStateMachine:uninitialized
2019-10-18 19:47:14,626 [pool-27-thread-1] INFO  server.RaftServerConfigKeys (ConfUtils.java:logGet(43)) - raft.server.log.corruption.policy = EXCEPTION (default)
2019-10-18 19:47:14,626 [pool-37-thread-1] INFO  server.RaftServerConfigKeys (ConfUtils.java:logGet(43)) - raft.server.rpc.timeout.min = 5s (custom)
2019-10-18 19:47:14,626 [pool-27-thread-1] INFO  storage.RaftStorageDirectory (RaftStorageDirectory.java:analyzeStorage(246)) - The storage directory /workdir/hadoop-ozone/integration-test/target/test-dir/MiniOzoneClusterImpl-b2a1fe54-b4de-439d-8d2b-e5f043cc68c1/datanode-0/data/ratis/27309abc-54b5-478c-a907-fdfbe344b073 does not exist. Creating ...
2019-10-18 19:47:14,626 [pool-37-thread-1] INFO  server.RaftServerConfigKeys (ConfUtils.java:logGet(43)) - raft.server.rpc.timeout.max = 5200ms (custom)
2019-10-18 19:47:14,627 [pool-37-thread-1] INFO  server.RaftServerConfigKeys (ConfUtils.java:logGet(43)) - raft.server.rpcslowness.timeout = 120s (custom)
2019-10-18 19:47:14,627 [pool-37-thread-1] INFO  server.RaftServerConfigKeys (ConfUtils.java:logGet(43)) - raft.server.sleep.deviation.threshold = 300 (default)
2019-10-18 19:47:14,627 [pool-37-thread-1] INFO  server.RaftServerConfigKeys (ConfUtils.java:logGet(43)) - raft.server.log.appender.install.snapshot.enabled = false (custom)
2019-10-18 19:47:14,627 [pool-47-thread-1] INFO  impl.RaftServerImpl (RaftServerImpl.java:<init>(98)) - 3775819d-3279-4043-97e0-399c180bd06e: new RaftServerImpl for group-FDFBE344B073:[3775819d-3279-4043-97e0-399c180bd06e:192.168.69.98:37356, a4b86d4c-0ac9-410c-bcd3-f6b17fd2bc42:192.168.69.98:44551, 61936858-0f54-447d-9a7d-47275f28d678:192.168.69.98:41217] with ContainerStateMachine:uninitialized
2019-10-18 19:47:14,627 [pool-37-thread-1] INFO  impl.RaftServerImpl (ServerState.java:<init>(103)) - a4b86d4c-0ac9-410c-bcd3-f6b17fd2bc42@group-FDFBE344B073: ConfigurationManager, init=-1: [3775819d-3279-4043-97e0-399c180bd06e:192.168.69.98:37356, a4b86d4c-0ac9-410c-bcd3-f6b17fd2bc42:192.168.69.98:44551, 61936858-0f54-447d-9a7d-47275f28d678:192.168.69.98:41217], old=null, confs=<EMPTY_MAP>
2019-10-18 19:47:14,627 [pool-47-thread-1] INFO  server.RaftServerConfigKeys (ConfUtils.java:logGet(43)) - raft.server.rpc.timeout.min = 5s (custom)
2019-10-18 19:47:14,627 [pool-37-thread-1] INFO  server.RaftServerConfigKeys (ConfUtils.java:logGet(43)) - raft.server.storage.dir = [/workdir/hadoop-ozone/integration-test/target/test-dir/MiniOzoneClusterImpl-b2a1fe54-b4de-439d-8d2b-e5f043cc68c1/datanode-1/data/ratis] (custom)
2019-10-18 19:47:14,627 [pool-47-thread-1] INFO  server.RaftServerConfigKeys (ConfUtils.java:logGet(43)) - raft.server.rpc.timeout.max = 5200ms (custom)
2019-10-18 19:47:14,628 [pool-47-thread-1] INFO  server.RaftServerConfigKeys (ConfUtils.java:logGet(43)) - raft.server.rpcslowness.timeout = 120s (custom)
2019-10-18 19:47:14,628 [pool-37-thread-1] INFO  server.RaftServerConfigKeys (ConfUtils.java:logGet(43)) - raft.server.log.corruption.policy = EXCEPTION (default)
2019-10-18 19:47:14,628 [pool-47-thread-1] INFO  server.RaftServerConfigKeys (ConfUtils.java:logGet(43)) - raft.server.sleep.deviation.threshold = 300 (default)
2019-10-18 19:47:14,628 [pool-47-thread-1] INFO  server.RaftServerConfigKeys (ConfUtils.java:logGet(43)) - raft.server.log.appender.install.snapshot.enabled = false (custom)
2019-10-18 19:47:14,628 [pool-37-thread-1] INFO  storage.RaftStorageDirectory (RaftStorageDirectory.java:analyzeStorage(246)) - The storage directory /workdir/hadoop-ozone/integration-test/target/test-dir/MiniOzoneClusterImpl-b2a1fe54-b4de-439d-8d2b-e5f043cc68c1/datanode-1/data/ratis/27309abc-54b5-478c-a907-fdfbe344b073 does not exist. Creating ...
2019-10-18 19:47:14,628 [pool-47-thread-1] INFO  impl.RaftServerImpl (ServerState.java:<init>(103)) - 3775819d-3279-4043-97e0-399c180bd06e@group-FDFBE344B073: ConfigurationManager, init=-1: [3775819d-3279-4043-97e0-399c180bd06e:192.168.69.98:37356, a4b86d4c-0ac9-410c-bcd3-f6b17fd2bc42:192.168.69.98:44551, 61936858-0f54-447d-9a7d-47275f28d678:192.168.69.98:41217], old=null, confs=<EMPTY_MAP>
2019-10-18 19:47:14,628 [pool-47-thread-1] INFO  server.RaftServerConfigKeys (ConfUtils.java:logGet(43)) - raft.server.storage.dir = [/workdir/hadoop-ozone/integration-test/target/test-dir/MiniOzoneClusterImpl-b2a1fe54-b4de-439d-8d2b-e5f043cc68c1/datanode-2/data/ratis] (custom)
2019-10-18 19:47:14,629 [pool-47-thread-1] INFO  server.RaftServerConfigKeys (ConfUtils.java:logGet(43)) - raft.server.log.corruption.policy = EXCEPTION (default)
2019-10-18 19:47:14,629 [pool-47-thread-1] INFO  storage.RaftStorageDirectory (RaftStorageDirectory.java:analyzeStorage(246)) - The storage directory /workdir/hadoop-ozone/integration-test/target/test-dir/MiniOzoneClusterImpl-b2a1fe54-b4de-439d-8d2b-e5f043cc68c1/datanode-2/data/ratis/27309abc-54b5-478c-a907-fdfbe344b073 does not exist. Creating ...
2019-10-18 19:47:14,640 [pool-27-thread-1] INFO  storage.RaftStorageDirectory (RaftStorageDirectory.java:tryLock(328)) - Lock on /workdir/hadoop-ozone/integration-test/target/test-dir/MiniOzoneClusterImpl-b2a1fe54-b4de-439d-8d2b-e5f043cc68c1/datanode-0/data/ratis/27309abc-54b5-478c-a907-fdfbe344b073/in_use.lock acquired by nodename 2310@pr-hdds-1868-rxw48-2170960119
2019-10-18 19:47:14,640 [pool-47-thread-1] INFO  storage.RaftStorageDirectory (RaftStorageDirectory.java:tryLock(328)) - Lock on /workdir/hadoop-ozone/integration-test/target/test-dir/MiniOzoneClusterImpl-b2a1fe54-b4de-439d-8d2b-e5f043cc68c1/datanode-2/data/ratis/27309abc-54b5-478c-a907-fdfbe344b073/in_use.lock acquired by nodename 2310@pr-hdds-1868-rxw48-2170960119
2019-10-18 19:47:14,640 [pool-37-thread-1] INFO  storage.RaftStorageDirectory (RaftStorageDirectory.java:tryLock(328)) - Lock on /workdir/hadoop-ozone/integration-test/target/test-dir/MiniOzoneClusterImpl-b2a1fe54-b4de-439d-8d2b-e5f043cc68c1/datanode-1/data/ratis/27309abc-54b5-478c-a907-fdfbe344b073/in_use.lock acquired by nodename 2310@pr-hdds-1868-rxw48-2170960119
2019-10-18 19:47:14,654 [pool-27-thread-1] INFO  storage.RaftStorage (RaftStorage.java:format(84)) - Storage directory /workdir/hadoop-ozone/integration-test/target/test-dir/MiniOzoneClusterImpl-b2a1fe54-b4de-439d-8d2b-e5f043cc68c1/datanode-0/data/ratis/27309abc-54b5-478c-a907-fdfbe344b073 has been successfully formatted.
2019-10-18 19:47:14,654 [pool-47-thread-1] INFO  storage.RaftStorage (RaftStorage.java:format(84)) - Storage directory /workdir/hadoop-ozone/integration-test/target/test-dir/MiniOzoneClusterImpl-b2a1fe54-b4de-439d-8d2b-e5f043cc68c1/datanode-2/data/ratis/27309abc-54b5-478c-a907-fdfbe344b073 has been successfully formatted.
2019-10-18 19:47:14,654 [pool-27-thread-1] INFO  ratis.ContainerStateMachine (ContainerStateMachine.java:loadSnapshot(233)) - group-FDFBE344B073: The snapshot info is null. Setting the last applied indexto:(t:0, i:~)
2019-10-18 19:47:14,654 [pool-37-thread-1] INFO  storage.RaftStorage (RaftStorage.java:format(84)) - Storage directory /workdir/hadoop-ozone/integration-test/target/test-dir/MiniOzoneClusterImpl-b2a1fe54-b4de-439d-8d2b-e5f043cc68c1/datanode-1/data/ratis/27309abc-54b5-478c-a907-fdfbe344b073 has been successfully formatted.
2019-10-18 19:47:14,654 [pool-47-thread-1] INFO  ratis.ContainerStateMachine (ContainerStateMachine.java:loadSnapshot(233)) - group-FDFBE344B073: The snapshot info is null. Setting the last applied indexto:(t:0, i:~)
2019-10-18 19:47:14,654 [pool-27-thread-1] INFO  server.RaftServerConfigKeys (ConfUtils.java:logGet(43)) - raft.server.notification.no-leader.timeout = 120s (custom)
2019-10-18 19:47:14,655 [pool-47-thread-1] INFO  server.RaftServerConfigKeys (ConfUtils.java:logGet(43)) - raft.server.notification.no-leader.timeout = 120s (custom)
2019-10-18 19:47:14,655 [pool-37-thread-1] INFO  ratis.ContainerStateMachine (ContainerStateMachine.java:loadSnapshot(233)) - group-FDFBE344B073: The snapshot info is null. Setting the last applied indexto:(t:0, i:~)
2019-10-18 19:47:14,655 [pool-47-thread-1] INFO  server.RaftServerConfigKeys (ConfUtils.java:logGet(43)) - raft.server.log.use.memory = false (default)
2019-10-18 19:47:14,655 [pool-27-thread-1] INFO  server.RaftServerConfigKeys (ConfUtils.java:logGet(43)) - raft.server.log.use.memory = false (default)
2019-10-18 19:47:14,655 [pool-47-thread-1] INFO  server.RaftServerConfigKeys (ConfUtils.java:logGet(43)) - raft.server.log.purge.gap = 1000000 (custom)
2019-10-18 19:47:14,655 [pool-37-thread-1] INFO  server.RaftServerConfigKeys (ConfUtils.java:logGet(43)) - raft.server.notification.no-leader.timeout = 120s (custom)
2019-10-18 19:47:14,655 [pool-47-thread-1] INFO  server.RaftServerConfigKeys (ConfUtils.java:logGet(43)) - raft.server.log.appender.buffer.byte-limit = 33554432 (custom)
2019-10-18 19:47:14,655 [pool-27-thread-1] INFO  server.RaftServerConfigKeys (ConfUtils.java:logGet(43)) - raft.server.log.purge.gap = 1000000 (custom)
2019-10-18 19:47:14,656 [pool-47-thread-1] INFO  server.RaftServerConfigKeys (ConfUtils.java:logGet(43)) - raft.server.log.segment.size.max = 1048576 (custom)
2019-10-18 19:47:14,656 [pool-37-thread-1] INFO  server.RaftServerConfigKeys (ConfUtils.java:logGet(43)) - raft.server.log.use.memory = false (default)
2019-10-18 19:47:14,656 [pool-47-thread-1] INFO  server.RaftServerConfigKeys (ConfUtils.java:logGet(43)) - raft.server.log.segment.cache.num.max = 2 (custom)
2019-10-18 19:47:14,656 [pool-27-thread-1] INFO  server.RaftServerConfigKeys (ConfUtils.java:logGet(43)) - raft.server.log.appender.buffer.byte-limit = 33554432 (custom)
2019-10-18 19:47:14,656 [pool-47-thread-1] INFO  segmented.SegmentedRaftLogWorker (SegmentedRaftLogWorker.java:<init>(173)) - new 3775819d-3279-4043-97e0-399c180bd06e@group-FDFBE344B073-SegmentedRaftLogWorker for RaftStorage:Storage Directory /workdir/hadoop-ozone/integration-test/target/test-dir/MiniOzoneClusterImpl-b2a1fe54-b4de-439d-8d2b-e5f043cc68c1/datanode-2/data/ratis/27309abc-54b5-478c-a907-fdfbe344b073
2019-10-18 19:47:14,656 [pool-37-thread-1] INFO  server.RaftServerConfigKeys (ConfUtils.java:logGet(43)) - raft.server.log.purge.gap = 1000000 (custom)
2019-10-18 19:47:14,656 [pool-47-thread-1] INFO  server.RaftServerConfigKeys (ConfUtils.java:logGet(43)) - raft.server.log.queue.byte-limit = 2147483647 (custom)
2019-10-18 19:47:14,656 [pool-27-thread-1] INFO  server.RaftServerConfigKeys (ConfUtils.java:logGet(43)) - raft.server.log.segment.size.max = 1048576 (custom)
2019-10-18 19:47:14,657 [pool-47-thread-1] INFO  server.RaftServerConfigKeys (ConfUtils.java:logGet(43)) - raft.server.log.queue.element-limit = 1024 (custom)
2019-10-18 19:47:14,656 [pool-37-thread-1] INFO  server.RaftServerConfigKeys (ConfUtils.java:logGet(43)) - raft.server.log.appender.buffer.byte-limit = 33554432 (custom)
2019-10-18 19:47:14,657 [pool-47-thread-1] INFO  server.RaftServerConfigKeys (ConfUtils.java:logGet(43)) - raft.server.log.segment.size.max = 1048576 (custom)
2019-10-18 19:47:14,657 [pool-27-thread-1] INFO  server.RaftServerConfigKeys (ConfUtils.java:logGet(43)) - raft.server.log.segment.cache.num.max = 2 (custom)
2019-10-18 19:47:14,657 [pool-47-thread-1] INFO  server.RaftServerConfigKeys (ConfUtils.java:logGet(43)) - raft.server.log.preallocated.size = 16384 (custom)
2019-10-18 19:47:14,657 [pool-37-thread-1] INFO  server.RaftServerConfigKeys (ConfUtils.java:logGet(43)) - raft.server.log.segment.size.max = 1048576 (custom)
2019-10-18 19:47:14,657 [pool-47-thread-1] INFO  server.RaftServerConfigKeys (ConfUtils.java:logGet(43)) - raft.server.log.write.buffer.size = 33554432 (custom)
2019-10-18 19:47:14,657 [pool-27-thread-1] INFO  segmented.SegmentedRaftLogWorker (SegmentedRaftLogWorker.java:<init>(173)) - new 61936858-0f54-447d-9a7d-47275f28d678@group-FDFBE344B073-SegmentedRaftLogWorker for RaftStorage:Storage Directory /workdir/hadoop-ozone/integration-test/target/test-dir/MiniOzoneClusterImpl-b2a1fe54-b4de-439d-8d2b-e5f043cc68c1/datanode-0/data/ratis/27309abc-54b5-478c-a907-fdfbe344b073
2019-10-18 19:47:14,657 [pool-47-thread-1] INFO  server.RaftServerConfigKeys (ConfUtils.java:logGet(43)) - raft.server.log.force.sync.num = 128 (default)
2019-10-18 19:47:14,657 [pool-37-thread-1] INFO  server.RaftServerConfigKeys (ConfUtils.java:logGet(43)) - raft.server.log.segment.cache.num.max = 2 (custom)
2019-10-18 19:47:14,658 [pool-47-thread-1] INFO  server.RaftServerConfigKeys (ConfUtils.java:logGet(43)) - raft.server.log.statemachine.data.sync = true (default)
2019-10-18 19:47:14,658 [pool-27-thread-1] INFO  server.RaftServerConfigKeys (ConfUtils.java:logGet(43)) - raft.server.log.queue.byte-limit = 2147483647 (custom)
2019-10-18 19:47:14,658 [pool-47-thread-1] INFO  server.RaftServerConfigKeys (ConfUtils.java:logGet(43)) - raft.server.log.statemachine.data.sync.timeout = 10s (default)
2019-10-18 19:47:14,658 [pool-37-thread-1] INFO  segmented.SegmentedRaftLogWorker (SegmentedRaftLogWorker.java:<init>(173)) - new a4b86d4c-0ac9-410c-bcd3-f6b17fd2bc42@group-FDFBE344B073-SegmentedRaftLogWorker for RaftStorage:Storage Directory /workdir/hadoop-ozone/integration-test/target/test-dir/MiniOzoneClusterImpl-b2a1fe54-b4de-439d-8d2b-e5f043cc68c1/datanode-1/data/ratis/27309abc-54b5-478c-a907-fdfbe344b073
2019-10-18 19:47:14,658 [pool-47-thread-1] INFO  server.RaftServerConfigKeys (ConfUtils.java:logGet(43)) - raft.server.log.statemachine.data.sync.timeout.retry = -1 (default)
2019-10-18 19:47:14,658 [pool-27-thread-1] INFO  server.RaftServerConfigKeys (ConfUtils.java:logGet(43)) - raft.server.log.queue.element-limit = 1024 (custom)
2019-10-18 19:47:14,658 [pool-37-thread-1] INFO  server.RaftServerConfigKeys (ConfUtils.java:logGet(43)) - raft.server.log.queue.byte-limit = 2147483647 (custom)
2019-10-18 19:47:14,659 [pool-47-thread-1] INFO  server.RaftServerConfigKeys (ConfUtils.java:logGet(43)) - raft.server.log.statemachine.data.caching.enabled = true (custom)
2019-10-18 19:47:14,659 [pool-27-thread-1] INFO  server.RaftServerConfigKeys (ConfUtils.java:logGet(43)) - raft.server.log.segment.size.max = 1048576 (custom)
2019-10-18 19:47:14,659 [pool-37-thread-1] INFO  server.RaftServerConfigKeys (ConfUtils.java:logGet(43)) - raft.server.log.queue.element-limit = 1024 (custom)
2019-10-18 19:47:14,659 [pool-27-thread-1] INFO  server.RaftServerConfigKeys (ConfUtils.java:logGet(43)) - raft.server.log.preallocated.size = 16384 (custom)
2019-10-18 19:47:14,659 [pool-47-thread-1] INFO  segmented.SegmentedRaftLogWorker (SegmentedRaftLogWorker.java:lambda$new$0(128)) - 3775819d-3279-4043-97e0-399c180bd06e@group-FDFBE344B073-SegmentedRaftLogWorker: flushIndex: setUnconditionally 0 -> -1
2019-10-18 19:47:14,659 [pool-37-thread-1] INFO  server.RaftServerConfigKeys (ConfUtils.java:logGet(43)) - raft.server.log.segment.size.max = 1048576 (custom)
2019-10-18 19:47:14,659 [pool-27-thread-1] INFO  server.RaftServerConfigKeys (ConfUtils.java:logGet(43)) - raft.server.log.write.buffer.size = 33554432 (custom)
2019-10-18 19:47:14,660 [pool-37-thread-1] INFO  server.RaftServerConfigKeys (ConfUtils.java:logGet(43)) - raft.server.log.preallocated.size = 16384 (custom)
2019-10-18 19:47:14,660 [pool-47-thread-1] INFO  server.RaftServerConfigKeys (ConfUtils.java:logGet(43)) - raft.server.snapshot.auto.trigger.enabled = true (custom)
2019-10-18 19:47:14,660 [pool-37-thread-1] INFO  server.RaftServerConfigKeys (ConfUtils.java:logGet(43)) - raft.server.log.write.buffer.size = 33554432 (custom)
2019-10-18 19:47:14,660 [pool-27-thread-1] INFO  server.RaftServerConfigKeys (ConfUtils.java:logGet(43)) - raft.server.log.force.sync.num = 128 (default)
2019-10-18 19:47:14,660 [pool-37-thread-1] INFO  server.RaftServerConfigKeys (ConfUtils.java:logGet(43)) - raft.server.log.force.sync.num = 128 (default)
2019-10-18 19:47:14,660 [pool-47-thread-1] INFO  server.RaftServerConfigKeys (ConfUtils.java:logGet(43)) - raft.server.snapshot.auto.trigger.threshold = 10000 (custom)
2019-10-18 19:47:14,660 [pool-37-thread-1] INFO  server.RaftServerConfigKeys (ConfUtils.java:logGet(43)) - raft.server.log.statemachine.data.sync = true (default)
2019-10-18 19:47:14,660 [pool-27-thread-1] INFO  server.RaftServerConfigKeys (ConfUtils.java:logGet(43)) - raft.server.log.statemachine.data.sync = true (default)
2019-10-18 19:47:14,661 [pool-37-thread-1] INFO  server.RaftServerConfigKeys (ConfUtils.java:logGet(43)) - raft.server.log.statemachine.data.sync.timeout = 10s (default)
2019-10-18 19:47:14,661 [pool-47-thread-1] INFO  server.RaftServerConfigKeys (ConfUtils.java:logGet(43)) - raft.server.snapshot.retention.file.num = 5 (custom)
2019-10-18 19:47:14,661 [pool-37-thread-1] INFO  server.RaftServerConfigKeys (ConfUtils.java:logGet(43)) - raft.server.log.statemachine.data.sync.timeout.retry = -1 (default)
2019-10-18 19:47:14,661 [pool-47-thread-1] INFO  server.RaftServerConfigKeys (ConfUtils.java:logGet(43)) - raft.server.retrycache.expirytime = 600000ms (custom)
2019-10-18 19:47:14,661 [pool-27-thread-1] INFO  server.RaftServerConfigKeys (ConfUtils.java:logGet(43)) - raft.server.log.statemachine.data.sync.timeout = 10s (default)
2019-10-18 19:47:14,661 [pool-47-thread-1] WARN  impl.MetricRegistriesImpl (MetricRegistriesImpl.java:lambda$create$1(61)) - First MetricRegistry has been created without registering reporters. You may need to call MetricRegistries.global().addReportRegistration(...) before.
2019-10-18 19:47:14,661 [pool-37-thread-1] INFO  server.RaftServerConfigKeys (ConfUtils.java:logGet(43)) - raft.server.log.statemachine.data.caching.enabled = true (custom)
2019-10-18 19:47:14,662 [pool-47-thread-1] WARN  impl.MetricRegistriesImpl (MetricRegistriesImpl.java:lambda$create$1(61)) - First MetricRegistry has been created without registering reporters. You may need to call MetricRegistries.global().addReportRegistration(...) before.
2019-10-18 19:47:14,661 [pool-27-thread-1] INFO  server.RaftServerConfigKeys (ConfUtils.java:logGet(43)) - raft.server.log.statemachine.data.sync.timeout.retry = -1 (default)
2019-10-18 19:47:14,662 [pool-37-thread-1] INFO  segmented.SegmentedRaftLogWorker (SegmentedRaftLogWorker.java:lambda$new$0(128)) - a4b86d4c-0ac9-410c-bcd3-f6b17fd2bc42@group-FDFBE344B073-SegmentedRaftLogWorker: flushIndex: setUnconditionally 0 -> -1
2019-10-18 19:47:14,662 [pool-47-thread-1] INFO  impl.RaftServerImpl (RaftServerImpl.java:start(184)) - 3775819d-3279-4043-97e0-399c180bd06e@group-FDFBE344B073: start as a follower, conf=-1: [3775819d-3279-4043-97e0-399c180bd06e:192.168.69.98:37356, a4b86d4c-0ac9-410c-bcd3-f6b17fd2bc42:192.168.69.98:44551, 61936858-0f54-447d-9a7d-47275f28d678:192.168.69.98:41217], old=null
2019-10-18 19:47:14,662 [pool-27-thread-1] INFO  server.RaftServerConfigKeys (ConfUtils.java:logGet(43)) - raft.server.log.statemachine.data.caching.enabled = true (custom)
2019-10-18 19:47:14,662 [pool-37-thread-1] INFO  server.RaftServerConfigKeys (ConfUtils.java:logGet(43)) - raft.server.snapshot.auto.trigger.enabled = true (custom)
2019-10-18 19:47:14,662 [pool-47-thread-1] INFO  impl.RaftServerImpl (RaftServerImpl.java:setRole(173)) - 3775819d-3279-4043-97e0-399c180bd06e@group-FDFBE344B073: changes role from      null to FOLLOWER at term 0 for startAsFollower
2019-10-18 19:47:14,662 [pool-27-thread-1] INFO  segmented.SegmentedRaftLogWorker (SegmentedRaftLogWorker.java:lambda$new$0(128)) - 61936858-0f54-447d-9a7d-47275f28d678@group-FDFBE344B073-SegmentedRaftLogWorker: flushIndex: setUnconditionally 0 -> -1
2019-10-18 19:47:14,662 [pool-37-thread-1] INFO  server.RaftServerConfigKeys (ConfUtils.java:logGet(43)) - raft.server.snapshot.auto.trigger.threshold = 10000 (custom)
2019-10-18 19:47:14,663 [pool-47-thread-1] INFO  impl.RoleInfo (RoleInfo.java:updateAndGet(143)) - 3775819d-3279-4043-97e0-399c180bd06e: start FollowerState
2019-10-18 19:47:14,663 [pool-27-thread-1] INFO  server.RaftServerConfigKeys (ConfUtils.java:logGet(43)) - raft.server.snapshot.auto.trigger.enabled = true (custom)
2019-10-18 19:47:14,663 [pool-37-thread-1] INFO  server.RaftServerConfigKeys (ConfUtils.java:logGet(43)) - raft.server.snapshot.retention.file.num = 5 (custom)
2019-10-18 19:47:14,663 [pool-27-thread-1] INFO  server.RaftServerConfigKeys (ConfUtils.java:logGet(43)) - raft.server.snapshot.auto.trigger.threshold = 10000 (custom)
2019-10-18 19:47:14,663 [pool-37-thread-1] INFO  server.RaftServerConfigKeys (ConfUtils.java:logGet(43)) - raft.server.retrycache.expirytime = 600000ms (custom)
2019-10-18 19:47:14,663 [pool-27-thread-1] INFO  server.RaftServerConfigKeys (ConfUtils.java:logGet(43)) - raft.server.snapshot.retention.file.num = 5 (custom)
2019-10-18 19:47:14,663 [pool-37-thread-1] WARN  impl.MetricRegistriesImpl (MetricRegistriesImpl.java:lambda$create$1(61)) - First MetricRegistry has been created without registering reporters. You may need to call MetricRegistries.global().addReportRegistration(...) before.
2019-10-18 19:47:14,663 [pool-47-thread-1] INFO  util.JmxRegister (JmxRegister.java:tryRegister(44)) - Successfully registered JMX Bean with object name Ratis:service=RaftServer,group=group-FDFBE344B073,id=3775819d-3279-4043-97e0-399c180bd06e
2019-10-18 19:47:14,663 [pool-37-thread-1] WARN  impl.MetricRegistriesImpl (MetricRegistriesImpl.java:lambda$create$1(61)) - First MetricRegistry has been created without registering reporters. You may need to call MetricRegistries.global().addReportRegistration(...) before.
2019-10-18 19:47:14,663 [pool-27-thread-1] INFO  server.RaftServerConfigKeys (ConfUtils.java:logGet(43)) - raft.server.retrycache.expirytime = 600000ms (custom)
2019-10-18 19:47:14,663 [pool-47-thread-1] WARN  impl.MetricRegistriesImpl (MetricRegistriesImpl.java:lambda$create$1(61)) - First MetricRegistry has been created without registering reporters. You may need to call MetricRegistries.global().addReportRegistration(...) before.
2019-10-18 19:47:14,664 [pool-27-thread-1] WARN  impl.MetricRegistriesImpl (MetricRegistriesImpl.java:lambda$create$1(61)) - First MetricRegistry has been created without registering reporters. You may need to call MetricRegistries.global().addReportRegistration(...) before.
2019-10-18 19:47:14,664 [pool-37-thread-1] INFO  impl.RaftServerImpl (RaftServerImpl.java:start(184)) - a4b86d4c-0ac9-410c-bcd3-f6b17fd2bc42@group-FDFBE344B073: start as a follower, conf=-1: [3775819d-3279-4043-97e0-399c180bd06e:192.168.69.98:37356, a4b86d4c-0ac9-410c-bcd3-f6b17fd2bc42:192.168.69.98:44551, 61936858-0f54-447d-9a7d-47275f28d678:192.168.69.98:41217], old=null
2019-10-18 19:47:14,664 [pool-27-thread-1] WARN  impl.MetricRegistriesImpl (MetricRegistriesImpl.java:lambda$create$1(61)) - First MetricRegistry has been created without registering reporters. You may need to call MetricRegistries.global().addReportRegistration(...) before.
2019-10-18 19:47:14,664 [pool-37-thread-1] INFO  impl.RaftServerImpl (RaftServerImpl.java:setRole(173)) - a4b86d4c-0ac9-410c-bcd3-f6b17fd2bc42@group-FDFBE344B073: changes role from      null to FOLLOWER at term 0 for startAsFollower
2019-10-18 19:47:14,664 [pool-27-thread-1] INFO  impl.RaftServerImpl (RaftServerImpl.java:start(184)) - 61936858-0f54-447d-9a7d-47275f28d678@group-FDFBE344B073: start as a follower, conf=-1: [3775819d-3279-4043-97e0-399c180bd06e:192.168.69.98:37356, a4b86d4c-0ac9-410c-bcd3-f6b17fd2bc42:192.168.69.98:44551, 61936858-0f54-447d-9a7d-47275f28d678:192.168.69.98:41217], old=null
2019-10-18 19:47:14,664 [pool-37-thread-1] INFO  impl.RoleInfo (RoleInfo.java:updateAndGet(143)) - a4b86d4c-0ac9-410c-bcd3-f6b17fd2bc42: start FollowerState
2019-10-18 19:47:14,664 [pool-27-thread-1] INFO  impl.RaftServerImpl (RaftServerImpl.java:setRole(173)) - 61936858-0f54-447d-9a7d-47275f28d678@group-FDFBE344B073: changes role from      null to FOLLOWER at term 0 for startAsFollower
2019-10-18 19:47:14,664 [pool-27-thread-1] INFO  impl.RoleInfo (RoleInfo.java:updateAndGet(143)) - 61936858-0f54-447d-9a7d-47275f28d678: start FollowerState
2019-10-18 19:47:14,665 [pool-37-thread-1] INFO  util.JmxRegister (JmxRegister.java:tryRegister(44)) - Successfully registered JMX Bean with object name Ratis:service=RaftServer,group=group-FDFBE344B073,id=a4b86d4c-0ac9-410c-bcd3-f6b17fd2bc42
2019-10-18 19:47:14,665 [pool-37-thread-1] WARN  impl.MetricRegistriesImpl (MetricRegistriesImpl.java:lambda$create$1(61)) - First MetricRegistry has been created without registering reporters. You may need to call MetricRegistries.global().addReportRegistration(...) before.
2019-10-18 19:47:14,665 [pool-27-thread-1] INFO  util.JmxRegister (JmxRegister.java:tryRegister(44)) - Successfully registered JMX Bean with object name Ratis:service=RaftServer,group=group-FDFBE344B073,id=61936858-0f54-447d-9a7d-47275f28d678
2019-10-18 19:47:14,665 [pool-27-thread-1] WARN  impl.MetricRegistriesImpl (MetricRegistriesImpl.java:lambda$create$1(61)) - First MetricRegistry has been created without registering reporters. You may need to call MetricRegistries.global().addReportRegistration(...) before.
2019-10-18 19:47:14,678 [RatisPipelineUtilsThread] INFO  pipeline.PipelineStateManager (PipelineStateManager.java:addPipeline(55)) - Created pipeline Pipeline[ Id: 27309abc-54b5-478c-a907-fdfbe344b073, Nodes: a4b86d4c-0ac9-410c-bcd3-f6b17fd2bc42{ip: 192.168.69.98, host: pr-hdds-1868-rxw48-2170960119, networkLocation: /default-rack, certSerialId: null}61936858-0f54-447d-9a7d-47275f28d678{ip: 192.168.69.98, host: pr-hdds-1868-rxw48-2170960119, networkLocation: /default-rack, certSerialId: null}3775819d-3279-4043-97e0-399c180bd06e{ip: 192.168.69.98, host: pr-hdds-1868-rxw48-2170960119, networkLocation: /default-rack, certSerialId: null}, Type:RATIS, Factor:THREE, State:ALLOCATED]
2019-10-18 19:47:14,678 [Thread-178] INFO  pipeline.PipelineStateManager (PipelineStateManager.java:finalizePipeline(121)) - Pipeline Pipeline[ Id: 7dcd03f5-cee6-4737-9936-6260c6a7bb2f, Nodes: 3775819d-3279-4043-97e0-399c180bd06e{ip: 192.168.69.98, host: pr-hdds-1868-rxw48-2170960119, networkLocation: /default-rack, certSerialId: null}, Type:RATIS, Factor:ONE, State:CLOSED] moved to CLOSED state
2019-10-18 19:47:14,687 [grpc-default-executor-1] INFO  impl.RaftServerProxy (RaftServerProxy.java:remove(95)) - 3775819d-3279-4043-97e0-399c180bd06e: remove  FOLLOWER 3775819d-3279-4043-97e0-399c180bd06e@group-6260C6A7BB2F:t0, leader=null, voted=null, raftlog=3775819d-3279-4043-97e0-399c180bd06e@group-6260C6A7BB2F-SegmentedRaftLog:OPENED:c-1,f-1,i0, conf=-1: [3775819d-3279-4043-97e0-399c180bd06e:192.168.69.98:37356], old=null RUNNING
2019-10-18 19:47:14,688 [grpc-default-executor-1] INFO  impl.RaftServerImpl (RaftServerImpl.java:lambda$shutdown$3(250)) - 3775819d-3279-4043-97e0-399c180bd06e@group-6260C6A7BB2F: shutdown
2019-10-18 19:47:14,688 [grpc-default-executor-1] INFO  util.JmxRegister (JmxRegister.java:unregister(73)) - Successfully un-registered JMX Bean with object name Ratis:service=RaftServer,group=group-6260C6A7BB2F,id=3775819d-3279-4043-97e0-399c180bd06e
2019-10-18 19:47:14,688 [grpc-default-executor-1] INFO  impl.RoleInfo (RoleInfo.java:shutdownFollowerState(121)) - 3775819d-3279-4043-97e0-399c180bd06e: shutdown FollowerState
2019-10-18 19:47:14,688 [grpc-default-executor-1] INFO  impl.StateMachineUpdater (StateMachineUpdater.java:stopAndJoin(136)) - 3775819d-3279-4043-97e0-399c180bd06e@group-6260C6A7BB2F-StateMachineUpdater: set stopIndex = -1
2019-10-18 19:47:14,691 [Thread-186] INFO  impl.FollowerState (FollowerState.java:run(120)) - 3775819d-3279-4043-97e0-399c180bd06e@group-6260C6A7BB2F-FollowerState was interrupted: java.lang.InterruptedException: sleep interrupted
2019-10-18 19:47:14,691 [grpc-default-executor-1] INFO  impl.RaftServerImpl (ServerState.java:close(387)) - 3775819d-3279-4043-97e0-399c180bd06e@group-6260C6A7BB2F: closes. applyIndex: -1
2019-10-18 19:47:14,692 [3775819d-3279-4043-97e0-399c180bd06e@group-6260C6A7BB2F-SegmentedRaftLogWorker] INFO  segmented.SegmentedRaftLogWorker (SegmentedRaftLogWorker.java:run(316)) - 3775819d-3279-4043-97e0-399c180bd06e@group-6260C6A7BB2F-SegmentedRaftLogWorker was interrupted, exiting. There are 0 tasks remaining in the queue.
2019-10-18 19:47:14,692 [grpc-default-executor-1] INFO  segmented.SegmentedRaftLogWorker (SegmentedRaftLogWorker.java:close(224)) - 3775819d-3279-4043-97e0-399c180bd06e@group-6260C6A7BB2F-SegmentedRaftLogWorker close()
2019-10-18 19:47:14,697 [Thread-178] INFO  pipeline.PipelineStateManager (PipelineStateManager.java:removePipeline(106)) - Pipeline Pipeline[ Id: 7dcd03f5-cee6-4737-9936-6260c6a7bb2f, Nodes: 3775819d-3279-4043-97e0-399c180bd06e{ip: 192.168.69.98, host: pr-hdds-1868-rxw48-2170960119, networkLocation: /default-rack, certSerialId: null}, Type:RATIS, Factor:ONE, State:CLOSED] removed from db
2019-10-18 19:47:14,698 [Thread-178] INFO  pipeline.SCMPipelineManager (SCMPipelineManager.java:finalizeAndDestroyPipeline(315)) - destroying pipeline:Pipeline[ Id: d1271bb6-987f-436f-92a4-9cee4afb37d8, Nodes: 61936858-0f54-447d-9a7d-47275f28d678{ip: 192.168.69.98, host: pr-hdds-1868-rxw48-2170960119, networkLocation: /default-rack, certSerialId: null}, Type:RATIS, Factor:ONE, State:ALLOCATED]
2019-10-18 19:47:14,706 [grpc-default-executor-1] INFO  impl.RaftServerProxy (RaftServerProxy.java:addNew(89)) - 3775819d-3279-4043-97e0-399c180bd06e: addNew group-5D767D9D6470:[3775819d-3279-4043-97e0-399c180bd06e:192.168.69.98:37356] returns group-5D767D9D6470:java.util.concurrent.CompletableFuture@25f6a1a3[Not completed]
2019-10-18 19:47:14,707 [pool-47-thread-1] INFO  impl.RaftServerImpl (RaftServerImpl.java:<init>(98)) - 3775819d-3279-4043-97e0-399c180bd06e: new RaftServerImpl for group-5D767D9D6470:[3775819d-3279-4043-97e0-399c180bd06e:192.168.69.98:37356] with ContainerStateMachine:uninitialized
2019-10-18 19:47:14,707 [pool-47-thread-1] INFO  server.RaftServerConfigKeys (ConfUtils.java:logGet(43)) - raft.server.rpc.timeout.min = 5s (custom)
2019-10-18 19:47:14,708 [pool-47-thread-1] INFO  server.RaftServerConfigKeys (ConfUtils.java:logGet(43)) - raft.server.rpc.timeout.max = 5200ms (custom)
2019-10-18 19:47:14,708 [pool-47-thread-1] INFO  server.RaftServerConfigKeys (ConfUtils.java:logGet(43)) - raft.server.rpcslowness.timeout = 120s (custom)
2019-10-18 19:47:14,708 [pool-47-thread-1] INFO  server.RaftServerConfigKeys (ConfUtils.java:logGet(43)) - raft.server.sleep.deviation.threshold = 300 (default)
2019-10-18 19:47:14,708 [pool-47-thread-1] INFO  server.RaftServerConfigKeys (ConfUtils.java:logGet(43)) - raft.server.log.appender.install.snapshot.enabled = false (custom)
2019-10-18 19:47:14,708 [pool-47-thread-1] INFO  impl.RaftServerImpl (ServerState.java:<init>(103)) - 3775819d-3279-4043-97e0-399c180bd06e@group-5D767D9D6470: ConfigurationManager, init=-1: [3775819d-3279-4043-97e0-399c180bd06e:192.168.69.98:37356], old=null, confs=<EMPTY_MAP>
2019-10-18 19:47:14,708 [pool-47-thread-1] INFO  server.RaftServerConfigKeys (ConfUtils.java:logGet(43)) - raft.server.storage.dir = [/workdir/hadoop-ozone/integration-test/target/test-dir/MiniOzoneClusterImpl-b2a1fe54-b4de-439d-8d2b-e5f043cc68c1/datanode-2/data/ratis] (custom)
2019-10-18 19:47:14,708 [pool-47-thread-1] INFO  server.RaftServerConfigKeys (ConfUtils.java:logGet(43)) - raft.server.log.corruption.policy = EXCEPTION (default)
2019-10-18 19:47:14,709 [pool-47-thread-1] INFO  storage.RaftStorageDirectory (RaftStorageDirectory.java:analyzeStorage(246)) - The storage directory /workdir/hadoop-ozone/integration-test/target/test-dir/MiniOzoneClusterImpl-b2a1fe54-b4de-439d-8d2b-e5f043cc68c1/datanode-2/data/ratis/80edf7f1-0b9d-4fbb-a346-5d767d9d6470 does not exist. Creating ...
2019-10-18 19:47:14,721 [pool-47-thread-1] INFO  storage.RaftStorageDirectory (RaftStorageDirectory.java:tryLock(328)) - Lock on /workdir/hadoop-ozone/integration-test/target/test-dir/MiniOzoneClusterImpl-b2a1fe54-b4de-439d-8d2b-e5f043cc68c1/datanode-2/data/ratis/80edf7f1-0b9d-4fbb-a346-5d767d9d6470/in_use.lock acquired by nodename 2310@pr-hdds-1868-rxw48-2170960119
2019-10-18 19:47:14,734 [pool-47-thread-1] INFO  storage.RaftStorage (RaftStorage.java:format(84)) - Storage directory /workdir/hadoop-ozone/integration-test/target/test-dir/MiniOzoneClusterImpl-b2a1fe54-b4de-439d-8d2b-e5f043cc68c1/datanode-2/data/ratis/80edf7f1-0b9d-4fbb-a346-5d767d9d6470 has been successfully formatted.
2019-10-18 19:47:14,734 [pool-47-thread-1] INFO  ratis.ContainerStateMachine (ContainerStateMachine.java:loadSnapshot(233)) - group-5D767D9D6470: The snapshot info is null. Setting the last applied indexto:(t:0, i:~)
2019-10-18 19:47:14,734 [pool-47-thread-1] INFO  server.RaftServerConfigKeys (ConfUtils.java:logGet(43)) - raft.server.notification.no-leader.timeout = 120s (custom)
2019-10-18 19:47:14,734 [pool-47-thread-1] INFO  server.RaftServerConfigKeys (ConfUtils.java:logGet(43)) - raft.server.log.use.memory = false (default)
2019-10-18 19:47:14,734 [pool-47-thread-1] INFO  server.RaftServerConfigKeys (ConfUtils.java:logGet(43)) - raft.server.log.purge.gap = 1000000 (custom)
2019-10-18 19:47:14,735 [pool-47-thread-1] INFO  server.RaftServerConfigKeys (ConfUtils.java:logGet(43)) - raft.server.log.appender.buffer.byte-limit = 33554432 (custom)
2019-10-18 19:47:14,735 [pool-47-thread-1] INFO  server.RaftServerConfigKeys (ConfUtils.java:logGet(43)) - raft.server.log.segment.size.max = 1048576 (custom)
2019-10-18 19:47:14,735 [pool-47-thread-1] INFO  server.RaftServerConfigKeys (ConfUtils.java:logGet(43)) - raft.server.log.segment.cache.num.max = 2 (custom)
2019-10-18 19:47:14,735 [pool-47-thread-1] INFO  segmented.SegmentedRaftLogWorker (SegmentedRaftLogWorker.java:<init>(173)) - new 3775819d-3279-4043-97e0-399c180bd06e@group-5D767D9D6470-SegmentedRaftLogWorker for RaftStorage:Storage Directory /workdir/hadoop-ozone/integration-test/target/test-dir/MiniOzoneClusterImpl-b2a1fe54-b4de-439d-8d2b-e5f043cc68c1/datanode-2/data/ratis/80edf7f1-0b9d-4fbb-a346-5d767d9d6470
2019-10-18 19:47:14,735 [pool-47-thread-1] INFO  server.RaftServerConfigKeys (ConfUtils.java:logGet(43)) - raft.server.log.queue.byte-limit = 2147483647 (custom)
2019-10-18 19:47:14,735 [pool-47-thread-1] INFO  server.RaftServerConfigKeys (ConfUtils.java:logGet(43)) - raft.server.log.queue.element-limit = 1024 (custom)
2019-10-18 19:47:14,735 [pool-47-thread-1] INFO  server.RaftServerConfigKeys (ConfUtils.java:logGet(43)) - raft.server.log.segment.size.max = 1048576 (custom)
2019-10-18 19:47:14,735 [pool-47-thread-1] INFO  server.RaftServerConfigKeys (ConfUtils.java:logGet(43)) - raft.server.log.preallocated.size = 16384 (custom)
2019-10-18 19:47:14,735 [pool-47-thread-1] INFO  server.RaftServerConfigKeys (ConfUtils.java:logGet(43)) - raft.server.log.write.buffer.size = 33554432 (custom)
2019-10-18 19:47:14,735 [pool-47-thread-1] INFO  server.RaftServerConfigKeys (ConfUtils.java:logGet(43)) - raft.server.log.force.sync.num = 128 (default)
2019-10-18 19:47:14,736 [pool-47-thread-1] INFO  server.RaftServerConfigKeys (ConfUtils.java:logGet(43)) - raft.server.log.statemachine.data.sync = true (default)
2019-10-18 19:47:14,736 [pool-47-thread-1] INFO  server.RaftServerConfigKeys (ConfUtils.java:logGet(43)) - raft.server.log.statemachine.data.sync.timeout = 10s (default)
2019-10-18 19:47:14,736 [pool-47-thread-1] INFO  server.RaftServerConfigKeys (ConfUtils.java:logGet(43)) - raft.server.log.statemachine.data.sync.timeout.retry = -1 (default)
2019-10-18 19:47:14,736 [pool-47-thread-1] INFO  server.RaftServerConfigKeys (ConfUtils.java:logGet(43)) - raft.server.log.statemachine.data.caching.enabled = true (custom)
2019-10-18 19:47:14,736 [pool-47-thread-1] INFO  segmented.SegmentedRaftLogWorker (SegmentedRaftLogWorker.java:lambda$new$0(128)) - 3775819d-3279-4043-97e0-399c180bd06e@group-5D767D9D6470-SegmentedRaftLogWorker: flushIndex: setUnconditionally 0 -> -1
2019-10-18 19:47:14,736 [pool-47-thread-1] INFO  server.RaftServerConfigKeys (ConfUtils.java:logGet(43)) - raft.server.snapshot.auto.trigger.enabled = true (custom)
2019-10-18 19:47:14,737 [pool-47-thread-1] INFO  server.RaftServerConfigKeys (ConfUtils.java:logGet(43)) - raft.server.snapshot.auto.trigger.threshold = 10000 (custom)
2019-10-18 19:47:14,737 [pool-47-thread-1] INFO  server.RaftServerConfigKeys (ConfUtils.java:logGet(43)) - raft.server.snapshot.retention.file.num = 5 (custom)
2019-10-18 19:47:14,737 [pool-47-thread-1] INFO  server.RaftServerConfigKeys (ConfUtils.java:logGet(43)) - raft.server.retrycache.expirytime = 600000ms (custom)
2019-10-18 19:47:14,737 [pool-47-thread-1] WARN  impl.MetricRegistriesImpl (MetricRegistriesImpl.java:lambda$create$1(61)) - First MetricRegistry has been created without registering reporters. You may need to call MetricRegistries.global().addReportRegistration(...) before.
2019-10-18 19:47:14,737 [pool-47-thread-1] WARN  impl.MetricRegistriesImpl (MetricRegistriesImpl.java:lambda$create$1(61)) - First MetricRegistry has been created without registering reporters. You may need to call MetricRegistries.global().addReportRegistration(...) before.
2019-10-18 19:47:14,737 [pool-47-thread-1] INFO  impl.RaftServerImpl (RaftServerImpl.java:start(184)) - 3775819d-3279-4043-97e0-399c180bd06e@group-5D767D9D6470: start as a follower, conf=-1: [3775819d-3279-4043-97e0-399c180bd06e:192.168.69.98:37356], old=null
2019-10-18 19:47:14,737 [pool-47-thread-1] INFO  impl.RaftServerImpl (RaftServerImpl.java:setRole(173)) - 3775819d-3279-4043-97e0-399c180bd06e@group-5D767D9D6470: changes role from      null to FOLLOWER at term 0 for startAsFollower
2019-10-18 19:47:14,737 [pool-47-thread-1] INFO  impl.RoleInfo (RoleInfo.java:updateAndGet(143)) - 3775819d-3279-4043-97e0-399c180bd06e: start FollowerState
2019-10-18 19:47:14,738 [pool-47-thread-1] INFO  util.JmxRegister (JmxRegister.java:tryRegister(44)) - Successfully registered JMX Bean with object name Ratis:service=RaftServer,group=group-5D767D9D6470,id=3775819d-3279-4043-97e0-399c180bd06e
2019-10-18 19:47:14,738 [pool-47-thread-1] WARN  impl.MetricRegistriesImpl (MetricRegistriesImpl.java:lambda$create$1(61)) - First MetricRegistry has been created without registering reporters. You may need to call MetricRegistries.global().addReportRegistration(...) before.
2019-10-18 19:47:14,743 [RatisPipelineUtilsThread] INFO  pipeline.PipelineStateManager (PipelineStateManager.java:addPipeline(55)) - Created pipeline Pipeline[ Id: 80edf7f1-0b9d-4fbb-a346-5d767d9d6470, Nodes: 3775819d-3279-4043-97e0-399c180bd06e{ip: 192.168.69.98, host: pr-hdds-1868-rxw48-2170960119, networkLocation: /default-rack, certSerialId: null}, Type:RATIS, Factor:ONE, State:ALLOCATED]
2019-10-18 19:47:14,744 [Thread-178] INFO  pipeline.PipelineStateManager (PipelineStateManager.java:finalizePipeline(121)) - Pipeline Pipeline[ Id: d1271bb6-987f-436f-92a4-9cee4afb37d8, Nodes: 61936858-0f54-447d-9a7d-47275f28d678{ip: 192.168.69.98, host: pr-hdds-1868-rxw48-2170960119, networkLocation: /default-rack, certSerialId: null}, Type:RATIS, Factor:ONE, State:CLOSED] moved to CLOSED state
2019-10-18 19:47:14,754 [grpc-default-executor-1] INFO  impl.RaftServerProxy (RaftServerProxy.java:remove(95)) - 61936858-0f54-447d-9a7d-47275f28d678: remove  FOLLOWER 61936858-0f54-447d-9a7d-47275f28d678@group-9CEE4AFB37D8:t0, leader=null, voted=null, raftlog=61936858-0f54-447d-9a7d-47275f28d678@group-9CEE4AFB37D8-SegmentedRaftLog:OPENED:c-1,f-1,i0, conf=-1: [61936858-0f54-447d-9a7d-47275f28d678:192.168.69.98:41217], old=null RUNNING
2019-10-18 19:47:14,754 [grpc-default-executor-1] INFO  impl.RaftServerImpl (RaftServerImpl.java:lambda$shutdown$3(250)) - 61936858-0f54-447d-9a7d-47275f28d678@group-9CEE4AFB37D8: shutdown
2019-10-18 19:47:14,754 [grpc-default-executor-1] INFO  util.JmxRegister (JmxRegister.java:unregister(73)) - Successfully un-registered JMX Bean with object name Ratis:service=RaftServer,group=group-9CEE4AFB37D8,id=61936858-0f54-447d-9a7d-47275f28d678
2019-10-18 19:47:14,754 [grpc-default-executor-1] INFO  impl.RoleInfo (RoleInfo.java:shutdownFollowerState(121)) - 61936858-0f54-447d-9a7d-47275f28d678: shutdown FollowerState
2019-10-18 19:47:14,754 [grpc-default-executor-1] INFO  impl.StateMachineUpdater (StateMachineUpdater.java:stopAndJoin(136)) - 61936858-0f54-447d-9a7d-47275f28d678@group-9CEE4AFB37D8-StateMachineUpdater: set stopIndex = -1
2019-10-18 19:47:14,754 [Thread-180] INFO  impl.FollowerState (FollowerState.java:run(120)) - 61936858-0f54-447d-9a7d-47275f28d678@group-9CEE4AFB37D8-FollowerState was interrupted: java.lang.InterruptedException: sleep interrupted
2019-10-18 19:47:14,755 [grpc-default-executor-1] INFO  impl.RaftServerImpl (ServerState.java:close(387)) - 61936858-0f54-447d-9a7d-47275f28d678@group-9CEE4AFB37D8: closes. applyIndex: -1
2019-10-18 19:47:14,756 [61936858-0f54-447d-9a7d-47275f28d678@group-9CEE4AFB37D8-SegmentedRaftLogWorker] INFO  segmented.SegmentedRaftLogWorker (SegmentedRaftLogWorker.java:run(316)) - 61936858-0f54-447d-9a7d-47275f28d678@group-9CEE4AFB37D8-SegmentedRaftLogWorker was interrupted, exiting. There are 0 tasks remaining in the queue.
2019-10-18 19:47:14,756 [grpc-default-executor-1] INFO  segmented.SegmentedRaftLogWorker (SegmentedRaftLogWorker.java:close(224)) - 61936858-0f54-447d-9a7d-47275f28d678@group-9CEE4AFB37D8-SegmentedRaftLogWorker close()
2019-10-18 19:47:14,761 [Thread-178] INFO  pipeline.PipelineStateManager (PipelineStateManager.java:removePipeline(106)) - Pipeline Pipeline[ Id: d1271bb6-987f-436f-92a4-9cee4afb37d8, Nodes: 61936858-0f54-447d-9a7d-47275f28d678{ip: 192.168.69.98, host: pr-hdds-1868-rxw48-2170960119, networkLocation: /default-rack, certSerialId: null}, Type:RATIS, Factor:ONE, State:CLOSED] removed from db
2019-10-18 19:47:14,768 [grpc-default-executor-1] INFO  impl.RaftServerProxy (RaftServerProxy.java:addNew(89)) - 61936858-0f54-447d-9a7d-47275f28d678: addNew group-C4F5DFA0C6AB:[61936858-0f54-447d-9a7d-47275f28d678:192.168.69.98:41217] returns group-C4F5DFA0C6AB:java.util.concurrent.CompletableFuture@2b796633[Not completed]
2019-10-18 19:47:14,769 [pool-27-thread-1] INFO  impl.RaftServerImpl (RaftServerImpl.java:<init>(98)) - 61936858-0f54-447d-9a7d-47275f28d678: new RaftServerImpl for group-C4F5DFA0C6AB:[61936858-0f54-447d-9a7d-47275f28d678:192.168.69.98:41217] with ContainerStateMachine:uninitialized
2019-10-18 19:47:14,769 [pool-27-thread-1] INFO  server.RaftServerConfigKeys (ConfUtils.java:logGet(43)) - raft.server.rpc.timeout.min = 5s (custom)
2019-10-18 19:47:14,769 [pool-27-thread-1] INFO  server.RaftServerConfigKeys (ConfUtils.java:logGet(43)) - raft.server.rpc.timeout.max = 5200ms (custom)
2019-10-18 19:47:14,769 [pool-27-thread-1] INFO  server.RaftServerConfigKeys (ConfUtils.java:logGet(43)) - raft.server.rpcslowness.timeout = 120s (custom)
2019-10-18 19:47:14,769 [pool-27-thread-1] INFO  server.RaftServerConfigKeys (ConfUtils.java:logGet(43)) - raft.server.sleep.deviation.threshold = 300 (default)
2019-10-18 19:47:14,769 [pool-27-thread-1] INFO  server.RaftServerConfigKeys (ConfUtils.java:logGet(43)) - raft.server.log.appender.install.snapshot.enabled = false (custom)
2019-10-18 19:47:14,769 [pool-27-thread-1] INFO  impl.RaftServerImpl (ServerState.java:<init>(103)) - 61936858-0f54-447d-9a7d-47275f28d678@group-C4F5DFA0C6AB: ConfigurationManager, init=-1: [61936858-0f54-447d-9a7d-47275f28d678:192.168.69.98:41217], old=null, confs=<EMPTY_MAP>
2019-10-18 19:47:14,770 [pool-27-thread-1] INFO  server.RaftServerConfigKeys (ConfUtils.java:logGet(43)) - raft.server.storage.dir = [/workdir/hadoop-ozone/integration-test/target/test-dir/MiniOzoneClusterImpl-b2a1fe54-b4de-439d-8d2b-e5f043cc68c1/datanode-0/data/ratis] (custom)
2019-10-18 19:47:14,770 [pool-27-thread-1] INFO  server.RaftServerConfigKeys (ConfUtils.java:logGet(43)) - raft.server.log.corruption.policy = EXCEPTION (default)
2019-10-18 19:47:14,770 [pool-27-thread-1] INFO  storage.RaftStorageDirectory (RaftStorageDirectory.java:analyzeStorage(246)) - The storage directory /workdir/hadoop-ozone/integration-test/target/test-dir/MiniOzoneClusterImpl-b2a1fe54-b4de-439d-8d2b-e5f043cc68c1/datanode-0/data/ratis/a2a3199b-0d55-4160-b9fd-c4f5dfa0c6ab does not exist. Creating ...
2019-10-18 19:47:14,782 [pool-27-thread-1] INFO  storage.RaftStorageDirectory (RaftStorageDirectory.java:tryLock(328)) - Lock on /workdir/hadoop-ozone/integration-test/target/test-dir/MiniOzoneClusterImpl-b2a1fe54-b4de-439d-8d2b-e5f043cc68c1/datanode-0/data/ratis/a2a3199b-0d55-4160-b9fd-c4f5dfa0c6ab/in_use.lock acquired by nodename 2310@pr-hdds-1868-rxw48-2170960119
2019-10-18 19:47:14,795 [pool-27-thread-1] INFO  storage.RaftStorage (RaftStorage.java:format(84)) - Storage directory /workdir/hadoop-ozone/integration-test/target/test-dir/MiniOzoneClusterImpl-b2a1fe54-b4de-439d-8d2b-e5f043cc68c1/datanode-0/data/ratis/a2a3199b-0d55-4160-b9fd-c4f5dfa0c6ab has been successfully formatted.
2019-10-18 19:47:14,795 [pool-27-thread-1] INFO  ratis.ContainerStateMachine (ContainerStateMachine.java:loadSnapshot(233)) - group-C4F5DFA0C6AB: The snapshot info is null. Setting the last applied indexto:(t:0, i:~)
2019-10-18 19:47:14,795 [pool-27-thread-1] INFO  server.RaftServerConfigKeys (ConfUtils.java:logGet(43)) - raft.server.notification.no-leader.timeout = 120s (custom)
2019-10-18 19:47:14,795 [pool-27-thread-1] INFO  server.RaftServerConfigKeys (ConfUtils.java:logGet(43)) - raft.server.log.use.memory = false (default)
2019-10-18 19:47:14,795 [pool-27-thread-1] INFO  server.RaftServerConfigKeys (ConfUtils.java:logGet(43)) - raft.server.log.purge.gap = 1000000 (custom)
2019-10-18 19:47:14,795 [pool-27-thread-1] INFO  server.RaftServerConfigKeys (ConfUtils.java:logGet(43)) - raft.server.log.appender.buffer.byte-limit = 33554432 (custom)
2019-10-18 19:47:14,796 [pool-27-thread-1] INFO  server.RaftServerConfigKeys (ConfUtils.java:logGet(43)) - raft.server.log.segment.size.max = 1048576 (custom)
2019-10-18 19:47:14,796 [pool-27-thread-1] INFO  server.RaftServerConfigKeys (ConfUtils.java:logGet(43)) - raft.server.log.segment.cache.num.max = 2 (custom)
2019-10-18 19:47:14,796 [pool-27-thread-1] INFO  segmented.SegmentedRaftLogWorker (SegmentedRaftLogWorker.java:<init>(173)) - new 61936858-0f54-447d-9a7d-47275f28d678@group-C4F5DFA0C6AB-SegmentedRaftLogWorker for RaftStorage:Storage Directory /workdir/hadoop-ozone/integration-test/target/test-dir/MiniOzoneClusterImpl-b2a1fe54-b4de-439d-8d2b-e5f043cc68c1/datanode-0/data/ratis/a2a3199b-0d55-4160-b9fd-c4f5dfa0c6ab
2019-10-18 19:47:14,796 [pool-27-thread-1] INFO  server.RaftServerConfigKeys (ConfUtils.java:logGet(43)) - raft.server.log.queue.byte-limit = 2147483647 (custom)
2019-10-18 19:47:14,796 [pool-27-thread-1] INFO  server.RaftServerConfigKeys (ConfUtils.java:logGet(43)) - raft.server.log.queue.element-limit = 1024 (custom)
2019-10-18 19:47:14,796 [pool-27-thread-1] INFO  server.RaftServerConfigKeys (ConfUtils.java:logGet(43)) - raft.server.log.segment.size.max = 1048576 (custom)
2019-10-18 19:47:14,796 [pool-27-thread-1] INFO  server.RaftServerConfigKeys (ConfUtils.java:logGet(43)) - raft.server.log.preallocated.size = 16384 (custom)
2019-10-18 19:47:14,796 [pool-27-thread-1] INFO  server.RaftServerConfigKeys (ConfUtils.java:logGet(43)) - raft.server.log.write.buffer.size = 33554432 (custom)
2019-10-18 19:47:14,796 [pool-27-thread-1] INFO  server.RaftServerConfigKeys (ConfUtils.java:logGet(43)) - raft.server.log.force.sync.num = 128 (default)
2019-10-18 19:47:14,796 [pool-27-thread-1] INFO  server.RaftServerConfigKeys (ConfUtils.java:logGet(43)) - raft.server.log.statemachine.data.sync = true (default)
2019-10-18 19:47:14,796 [pool-27-thread-1] INFO  server.RaftServerConfigKeys (ConfUtils.java:logGet(43)) - raft.server.log.statemachine.data.sync.timeout = 10s (default)
2019-10-18 19:47:14,797 [pool-27-thread-1] INFO  server.RaftServerConfigKeys (ConfUtils.java:logGet(43)) - raft.server.log.statemachine.data.sync.timeout.retry = -1 (default)
2019-10-18 19:47:14,797 [pool-27-thread-1] INFO  server.RaftServerConfigKeys (ConfUtils.java:logGet(43)) - raft.server.log.statemachine.data.caching.enabled = true (custom)
2019-10-18 19:47:14,797 [pool-27-thread-1] INFO  segmented.SegmentedRaftLogWorker (SegmentedRaftLogWorker.java:lambda$new$0(128)) - 61936858-0f54-447d-9a7d-47275f28d678@group-C4F5DFA0C6AB-SegmentedRaftLogWorker: flushIndex: setUnconditionally 0 -> -1
2019-10-18 19:47:14,797 [pool-27-thread-1] INFO  server.RaftServerConfigKeys (ConfUtils.java:logGet(43)) - raft.server.snapshot.auto.trigger.enabled = true (custom)
2019-10-18 19:47:14,797 [pool-27-thread-1] INFO  server.RaftServerConfigKeys (ConfUtils.java:logGet(43)) - raft.server.snapshot.auto.trigger.threshold = 10000 (custom)
2019-10-18 19:47:14,797 [pool-27-thread-1] INFO  server.RaftServerConfigKeys (ConfUtils.java:logGet(43)) - raft.server.snapshot.retention.file.num = 5 (custom)
2019-10-18 19:47:14,798 [pool-27-thread-1] INFO  server.RaftServerConfigKeys (ConfUtils.java:logGet(43)) - raft.server.retrycache.expirytime = 600000ms (custom)
2019-10-18 19:47:14,798 [pool-27-thread-1] WARN  impl.MetricRegistriesImpl (MetricRegistriesImpl.java:lambda$create$1(61)) - First MetricRegistry has been created without registering reporters. You may need to call MetricRegistries.global().addReportRegistration(...) before.
2019-10-18 19:47:14,798 [pool-27-thread-1] WARN  impl.MetricRegistriesImpl (MetricRegistriesImpl.java:lambda$create$1(61)) - First MetricRegistry has been created without registering reporters. You may need to call MetricRegistries.global().addReportRegistration(...) before.
2019-10-18 19:47:14,798 [pool-27-thread-1] INFO  impl.RaftServerImpl (RaftServerImpl.java:start(184)) - 61936858-0f54-447d-9a7d-47275f28d678@group-C4F5DFA0C6AB: start as a follower, conf=-1: [61936858-0f54-447d-9a7d-47275f28d678:192.168.69.98:41217], old=null
2019-10-18 19:47:14,798 [pool-27-thread-1] INFO  impl.RaftServerImpl (RaftServerImpl.java:setRole(173)) - 61936858-0f54-447d-9a7d-47275f28d678@group-C4F5DFA0C6AB: changes role from      null to FOLLOWER at term 0 for startAsFollower
2019-10-18 19:47:14,798 [pool-27-thread-1] INFO  impl.RoleInfo (RoleInfo.java:updateAndGet(143)) - 61936858-0f54-447d-9a7d-47275f28d678: start FollowerState
2019-10-18 19:47:14,799 [pool-27-thread-1] INFO  util.JmxRegister (JmxRegister.java:tryRegister(44)) - Successfully registered JMX Bean with object name Ratis:service=RaftServer,group=group-C4F5DFA0C6AB,id=61936858-0f54-447d-9a7d-47275f28d678
2019-10-18 19:47:14,799 [pool-27-thread-1] WARN  impl.MetricRegistriesImpl (MetricRegistriesImpl.java:lambda$create$1(61)) - First MetricRegistry has been created without registering reporters. You may need to call MetricRegistries.global().addReportRegistration(...) before.
2019-10-18 19:47:14,803 [RatisPipelineUtilsThread] INFO  pipeline.PipelineStateManager (PipelineStateManager.java:addPipeline(55)) - Created pipeline Pipeline[ Id: a2a3199b-0d55-4160-b9fd-c4f5dfa0c6ab, Nodes: 61936858-0f54-447d-9a7d-47275f28d678{ip: 192.168.69.98, host: pr-hdds-1868-rxw48-2170960119, networkLocation: /default-rack, certSerialId: null}, Type:RATIS, Factor:ONE, State:ALLOCATED]
2019-10-18 19:47:15,348 [main] INFO  ozone.MiniOzoneClusterImpl (MiniOzoneClusterImpl.java:lambda$waitForClusterToBeReady$2(164)) - Waiting for 4 number of pipelines out of 4, to report a leader.
2019-10-18 19:47:16,349 [main] INFO  ozone.MiniOzoneClusterImpl (MiniOzoneClusterImpl.java:lambda$waitForClusterToBeReady$2(164)) - Waiting for 4 number of pipelines out of 4, to report a leader.
2019-10-18 19:47:17,350 [main] INFO  ozone.MiniOzoneClusterImpl (MiniOzoneClusterImpl.java:lambda$waitForClusterToBeReady$2(164)) - Waiting for 4 number of pipelines out of 4, to report a leader.
2019-10-18 19:47:18,351 [main] INFO  ozone.MiniOzoneClusterImpl (MiniOzoneClusterImpl.java:lambda$waitForClusterToBeReady$2(164)) - Waiting for 4 number of pipelines out of 4, to report a leader.
2019-10-18 19:47:19,352 [main] INFO  ozone.MiniOzoneClusterImpl (MiniOzoneClusterImpl.java:lambda$waitForClusterToBeReady$2(164)) - Waiting for 4 number of pipelines out of 4, to report a leader.
2019-10-18 19:47:19,556 [Thread-200] INFO  impl.FollowerState (FollowerState.java:run(111)) - a4b86d4c-0ac9-410c-bcd3-f6b17fd2bc42@group-E0381FCDD214-FollowerState: change to CANDIDATE, lastRpcTime:5023ms, electionTimeout:5023ms
2019-10-18 19:47:19,558 [Thread-200] INFO  impl.RoleInfo (RoleInfo.java:shutdownFollowerState(121)) - a4b86d4c-0ac9-410c-bcd3-f6b17fd2bc42: shutdown FollowerState
2019-10-18 19:47:19,558 [Thread-200] INFO  impl.RaftServerImpl (RaftServerImpl.java:setRole(173)) - a4b86d4c-0ac9-410c-bcd3-f6b17fd2bc42@group-E0381FCDD214: changes role from  FOLLOWER to CANDIDATE at term 0 for changeToCandidate
2019-10-18 19:47:19,563 [Thread-200] INFO  impl.RoleInfo (RoleInfo.java:updateAndGet(143)) - a4b86d4c-0ac9-410c-bcd3-f6b17fd2bc42: start LeaderElection
2019-10-18 19:47:19,588 [a4b86d4c-0ac9-410c-bcd3-f6b17fd2bc42@group-E0381FCDD214-LeaderElection1] INFO  impl.LeaderElection (LeaderElection.java:askForVotes(178)) - a4b86d4c-0ac9-410c-bcd3-f6b17fd2bc42@group-E0381FCDD214-LeaderElection1: begin an election at term 1 for -1: [a4b86d4c-0ac9-410c-bcd3-f6b17fd2bc42:192.168.69.98:44551], old=null
2019-10-18 19:47:19,589 [a4b86d4c-0ac9-410c-bcd3-f6b17fd2bc42@group-E0381FCDD214-LeaderElection1] INFO  impl.RoleInfo (RoleInfo.java:shutdownLeaderElection(134)) - a4b86d4c-0ac9-410c-bcd3-f6b17fd2bc42: shutdown LeaderElection
2019-10-18 19:47:19,590 [a4b86d4c-0ac9-410c-bcd3-f6b17fd2bc42@group-E0381FCDD214-LeaderElection1] INFO  impl.RaftServerImpl (RaftServerImpl.java:setRole(173)) - a4b86d4c-0ac9-410c-bcd3-f6b17fd2bc42@group-E0381FCDD214: changes role from CANDIDATE to LEADER at term 1 for changeToLeader
2019-10-18 19:47:19,590 [a4b86d4c-0ac9-410c-bcd3-f6b17fd2bc42@group-E0381FCDD214-LeaderElection1] INFO  ratis.XceiverServerRatis (XceiverServerRatis.java:handleLeaderChangedNotification(699)) - Leader change notification received for group: group-E0381FCDD214 with new leaderId: a4b86d4c-0ac9-410c-bcd3-f6b17fd2bc42
2019-10-18 19:47:19,594 [a4b86d4c-0ac9-410c-bcd3-f6b17fd2bc42@group-E0381FCDD214-LeaderElection1] INFO  impl.RaftServerImpl (ServerState.java:setLeader(255)) - a4b86d4c-0ac9-410c-bcd3-f6b17fd2bc42@group-E0381FCDD214: change Leader from null to a4b86d4c-0ac9-410c-bcd3-f6b17fd2bc42 at term 1 for becomeLeader, leader elected after 5062ms
2019-10-18 19:47:19,600 [a4b86d4c-0ac9-410c-bcd3-f6b17fd2bc42@group-E0381FCDD214-LeaderElection1] INFO  server.RaftServerConfigKeys (ConfUtils.java:logGet(43)) - raft.server.staging.catchup.gap = 1000 (default)
2019-10-18 19:47:19,601 [a4b86d4c-0ac9-410c-bcd3-f6b17fd2bc42@group-E0381FCDD214-LeaderElection1] INFO  server.RaftServerConfigKeys (ConfUtils.java:logGet(43)) - raft.server.rpc.sleep.time = 25ms (default)
2019-10-18 19:47:19,606 [a4b86d4c-0ac9-410c-bcd3-f6b17fd2bc42@group-E0381FCDD214-LeaderElection1] INFO  server.RaftServerConfigKeys (ConfUtils.java:logGet(43)) - raft.server.write.element-limit = 4096 (default)
2019-10-18 19:47:19,611 [EventQueue-PipelineReportForPipelineReportHandler] INFO  pipeline.PipelineReportHandler (PipelineReportHandler.java:processPipelineReport(119)) - Pipeline PipelineID=83ef9f0e-98a3-4b3f-b874-e0381fcdd214 reported by a4b86d4c-0ac9-410c-bcd3-f6b17fd2bc42{ip: 192.168.69.98, host: pr-hdds-1868-rxw48-2170960119, networkLocation: /default-rack, certSerialId: null} with leaderId a4b86d4c-0ac9-410c-bcd3-f6b17fd2bc42
2019-10-18 19:47:19,611 [a4b86d4c-0ac9-410c-bcd3-f6b17fd2bc42@group-E0381FCDD214-LeaderElection1] INFO  server.RaftServerConfigKeys (ConfUtils.java:logGet(43)) - raft.server.watch.timeout = 10s (default)
2019-10-18 19:47:19,611 [a4b86d4c-0ac9-410c-bcd3-f6b17fd2bc42@group-E0381FCDD214-LeaderElection1] INFO  server.RaftServerConfigKeys (ConfUtils.java:logGet(43)) - raft.server.watch.timeout.denomination = 1s (default)
2019-10-18 19:47:19,613 [a4b86d4c-0ac9-410c-bcd3-f6b17fd2bc42@group-E0381FCDD214-LeaderElection1] INFO  server.RaftServerConfigKeys (ConfUtils.java:logGet(43)) - raft.server.watch.element-limit = 65536 (default)
2019-10-18 19:47:19,615 [EventQueue-PipelineReportForPipelineReportHandler] INFO  pipeline.PipelineStateManager (PipelineStateManager.java:openPipeline(134)) - Pipeline Pipeline[ Id: 83ef9f0e-98a3-4b3f-b874-e0381fcdd214, Nodes: a4b86d4c-0ac9-410c-bcd3-f6b17fd2bc42{ip: 192.168.69.98, host: pr-hdds-1868-rxw48-2170960119, networkLocation: /default-rack, certSerialId: null}, Type:RATIS, Factor:ONE, State:OPEN] moved to OPEN state
2019-10-18 19:47:19,615 [EventQueue-PipelineReportForPipelineReportHandler] INFO  pipeline.PipelineReportHandler (PipelineReportHandler.java:processPipelineReport(119)) - Pipeline PipelineID=27309abc-54b5-478c-a907-fdfbe344b073 reported by a4b86d4c-0ac9-410c-bcd3-f6b17fd2bc42{ip: 192.168.69.98, host: pr-hdds-1868-rxw48-2170960119, networkLocation: /default-rack, certSerialId: null} with leaderId 
2019-10-18 19:47:19,623 [a4b86d4c-0ac9-410c-bcd3-f6b17fd2bc42@group-E0381FCDD214-LeaderElection1] INFO  impl.RoleInfo (RoleInfo.java:updateAndGet(143)) - a4b86d4c-0ac9-410c-bcd3-f6b17fd2bc42: start LeaderState
2019-10-18 19:47:19,643 [a4b86d4c-0ac9-410c-bcd3-f6b17fd2bc42@group-E0381FCDD214-LeaderElection1] INFO  segmented.SegmentedRaftLogWorker (SegmentedRaftLogWorker.java:startLogSegment(385)) - a4b86d4c-0ac9-410c-bcd3-f6b17fd2bc42@group-E0381FCDD214-SegmentedRaftLogWorker: Starting segment from index:0
2019-10-18 19:47:19,656 [a4b86d4c-0ac9-410c-bcd3-f6b17fd2bc42@group-E0381FCDD214-LeaderElection1] INFO  impl.RaftServerImpl (ServerState.java:setRaftConf(356)) - a4b86d4c-0ac9-410c-bcd3-f6b17fd2bc42@group-E0381FCDD214: set configuration 0: [a4b86d4c-0ac9-410c-bcd3-f6b17fd2bc42:192.168.69.98:44551], old=null at 0
2019-10-18 19:47:19,716 [Thread-209] INFO  impl.FollowerState (FollowerState.java:run(111)) - a4b86d4c-0ac9-410c-bcd3-f6b17fd2bc42@group-FDFBE344B073-FollowerState: change to CANDIDATE, lastRpcTime:5051ms, electionTimeout:5051ms
2019-10-18 19:47:19,716 [Thread-209] INFO  impl.RoleInfo (RoleInfo.java:shutdownFollowerState(121)) - a4b86d4c-0ac9-410c-bcd3-f6b17fd2bc42: shutdown FollowerState
2019-10-18 19:47:19,716 [Thread-209] INFO  impl.RaftServerImpl (RaftServerImpl.java:setRole(173)) - a4b86d4c-0ac9-410c-bcd3-f6b17fd2bc42@group-FDFBE344B073: changes role from  FOLLOWER to CANDIDATE at term 0 for changeToCandidate
2019-10-18 19:47:19,716 [Thread-209] INFO  impl.RoleInfo (RoleInfo.java:updateAndGet(143)) - a4b86d4c-0ac9-410c-bcd3-f6b17fd2bc42: start LeaderElection
2019-10-18 19:47:19,729 [Thread-211] INFO  impl.FollowerState (FollowerState.java:run(111)) - 61936858-0f54-447d-9a7d-47275f28d678@group-FDFBE344B073-FollowerState: change to CANDIDATE, lastRpcTime:5064ms, electionTimeout:5064ms
2019-10-18 19:47:19,729 [Thread-211] INFO  impl.RoleInfo (RoleInfo.java:shutdownFollowerState(121)) - 61936858-0f54-447d-9a7d-47275f28d678: shutdown FollowerState
2019-10-18 19:47:19,729 [Thread-211] INFO  impl.RaftServerImpl (RaftServerImpl.java:setRole(173)) - 61936858-0f54-447d-9a7d-47275f28d678@group-FDFBE344B073: changes role from  FOLLOWER to CANDIDATE at term 0 for changeToCandidate
2019-10-18 19:47:19,730 [Thread-211] INFO  impl.RoleInfo (RoleInfo.java:updateAndGet(143)) - 61936858-0f54-447d-9a7d-47275f28d678: start LeaderElection
2019-10-18 19:47:19,733 [a4b86d4c-0ac9-410c-bcd3-f6b17fd2bc42@group-FDFBE344B073-LeaderElection2] INFO  impl.LeaderElection (LeaderElection.java:askForVotes(178)) - a4b86d4c-0ac9-410c-bcd3-f6b17fd2bc42@group-FDFBE344B073-LeaderElection2: begin an election at term 1 for -1: [3775819d-3279-4043-97e0-399c180bd06e:192.168.69.98:37356, a4b86d4c-0ac9-410c-bcd3-f6b17fd2bc42:192.168.69.98:44551, 61936858-0f54-447d-9a7d-47275f28d678:192.168.69.98:41217], old=null
2019-10-18 19:47:19,735 [61936858-0f54-447d-9a7d-47275f28d678@group-FDFBE344B073-LeaderElection3] INFO  impl.LeaderElection (LeaderElection.java:askForVotes(178)) - 61936858-0f54-447d-9a7d-47275f28d678@group-FDFBE344B073-LeaderElection3: begin an election at term 1 for -1: [3775819d-3279-4043-97e0-399c180bd06e:192.168.69.98:37356, a4b86d4c-0ac9-410c-bcd3-f6b17fd2bc42:192.168.69.98:44551, 61936858-0f54-447d-9a7d-47275f28d678:192.168.69.98:41217], old=null
2019-10-18 19:47:19,760 [grpc-default-executor-3] INFO  impl.RaftServerImpl (RaftServerImpl.java:setRole(173)) - 3775819d-3279-4043-97e0-399c180bd06e@group-FDFBE344B073: changes role from  FOLLOWER to FOLLOWER at term 1 for recognizeCandidate:a4b86d4c-0ac9-410c-bcd3-f6b17fd2bc42
2019-10-18 19:47:19,761 [grpc-default-executor-3] INFO  impl.RoleInfo (RoleInfo.java:shutdownFollowerState(121)) - 3775819d-3279-4043-97e0-399c180bd06e: shutdown FollowerState
2019-10-18 19:47:19,761 [Thread-206] INFO  impl.FollowerState (FollowerState.java:run(120)) - 3775819d-3279-4043-97e0-399c180bd06e@group-FDFBE344B073-FollowerState was interrupted: java.lang.InterruptedException: sleep interrupted
2019-10-18 19:47:19,761 [grpc-default-executor-3] INFO  impl.RoleInfo (RoleInfo.java:updateAndGet(143)) - 3775819d-3279-4043-97e0-399c180bd06e: start FollowerState
2019-10-18 19:47:19,783 [a4b86d4c-0ac9-410c-bcd3-f6b17fd2bc42@group-FDFBE344B073-LeaderElection2] INFO  impl.LeaderElection (LeaderElection.java:logAndReturn(56)) - a4b86d4c-0ac9-410c-bcd3-f6b17fd2bc42@group-FDFBE344B073-LeaderElection2: Election PASSED; received 2 response(s) [a4b86d4c-0ac9-410c-bcd3-f6b17fd2bc42<-3775819d-3279-4043-97e0-399c180bd06e#0:OK-t1, a4b86d4c-0ac9-410c-bcd3-f6b17fd2bc42<-61936858-0f54-447d-9a7d-47275f28d678#0:FAIL-t1] and 0 exception(s); a4b86d4c-0ac9-410c-bcd3-f6b17fd2bc42@group-FDFBE344B073:t1, leader=null, voted=a4b86d4c-0ac9-410c-bcd3-f6b17fd2bc42, raftlog=a4b86d4c-0ac9-410c-bcd3-f6b17fd2bc42@group-FDFBE344B073-SegmentedRaftLog:OPENED:c-1,f-1,i0, conf=-1: [3775819d-3279-4043-97e0-399c180bd06e:192.168.69.98:37356, a4b86d4c-0ac9-410c-bcd3-f6b17fd2bc42:192.168.69.98:44551, 61936858-0f54-447d-9a7d-47275f28d678:192.168.69.98:41217], old=null
2019-10-18 19:47:19,783 [61936858-0f54-447d-9a7d-47275f28d678@group-FDFBE344B073-LeaderElection3] INFO  impl.LeaderElection (LeaderElection.java:logAndReturn(56)) - 61936858-0f54-447d-9a7d-47275f28d678@group-FDFBE344B073-LeaderElection3: Election REJECTED; received 2 response(s) [61936858-0f54-447d-9a7d-47275f28d678<-3775819d-3279-4043-97e0-399c180bd06e#0:FAIL-t1, 61936858-0f54-447d-9a7d-47275f28d678<-a4b86d4c-0ac9-410c-bcd3-f6b17fd2bc42#0:FAIL-t1] and 0 exception(s); 61936858-0f54-447d-9a7d-47275f28d678@group-FDFBE344B073:t1, leader=null, voted=61936858-0f54-447d-9a7d-47275f28d678, raftlog=61936858-0f54-447d-9a7d-47275f28d678@group-FDFBE344B073-SegmentedRaftLog:OPENED:c-1,f-1,i0, conf=-1: [3775819d-3279-4043-97e0-399c180bd06e:192.168.69.98:37356, a4b86d4c-0ac9-410c-bcd3-f6b17fd2bc42:192.168.69.98:44551, 61936858-0f54-447d-9a7d-47275f28d678:192.168.69.98:41217], old=null
2019-10-18 19:47:19,784 [a4b86d4c-0ac9-410c-bcd3-f6b17fd2bc42@group-FDFBE344B073-LeaderElection2] INFO  impl.RoleInfo (RoleInfo.java:shutdownLeaderElection(134)) - a4b86d4c-0ac9-410c-bcd3-f6b17fd2bc42: shutdown LeaderElection
2019-10-18 19:47:19,785 [61936858-0f54-447d-9a7d-47275f28d678@group-FDFBE344B073-LeaderElection3] INFO  impl.RaftServerImpl (RaftServerImpl.java:setRole(173)) - 61936858-0f54-447d-9a7d-47275f28d678@group-FDFBE344B073: changes role from CANDIDATE to FOLLOWER at term 1 for DISCOVERED_A_NEW_TERM
2019-10-18 19:47:19,785 [a4b86d4c-0ac9-410c-bcd3-f6b17fd2bc42@group-FDFBE344B073-LeaderElection2] INFO  impl.RaftServerImpl (RaftServerImpl.java:setRole(173)) - a4b86d4c-0ac9-410c-bcd3-f6b17fd2bc42@group-FDFBE344B073: changes role from CANDIDATE to LEADER at term 1 for changeToLeader
2019-10-18 19:47:19,785 [61936858-0f54-447d-9a7d-47275f28d678@group-FDFBE344B073-LeaderElection3] INFO  impl.RoleInfo (RoleInfo.java:shutdownLeaderElection(134)) - 61936858-0f54-447d-9a7d-47275f28d678: shutdown LeaderElection
2019-10-18 19:47:19,786 [Thread-216] INFO  impl.FollowerState (FollowerState.java:run(111)) - 3775819d-3279-4043-97e0-399c180bd06e@group-5D767D9D6470-FollowerState: change to CANDIDATE, lastRpcTime:5048ms, electionTimeout:5048ms
2019-10-18 19:47:19,786 [a4b86d4c-0ac9-410c-bcd3-f6b17fd2bc42@group-FDFBE344B073-LeaderElection2] INFO  ratis.XceiverServerRatis (XceiverServerRatis.java:handleLeaderChangedNotification(699)) - Leader change notification received for group: group-FDFBE344B073 with new leaderId: a4b86d4c-0ac9-410c-bcd3-f6b17fd2bc42
2019-10-18 19:47:19,787 [61936858-0f54-447d-9a7d-47275f28d678@group-FDFBE344B073-LeaderElection3] INFO  impl.RoleInfo (RoleInfo.java:updateAndGet(143)) - 61936858-0f54-447d-9a7d-47275f28d678: start FollowerState
2019-10-18 19:47:19,788 [a4b86d4c-0ac9-410c-bcd3-f6b17fd2bc42@group-FDFBE344B073-LeaderElection2] INFO  impl.RaftServerImpl (ServerState.java:setLeader(255)) - a4b86d4c-0ac9-410c-bcd3-f6b17fd2bc42@group-FDFBE344B073: change Leader from null to a4b86d4c-0ac9-410c-bcd3-f6b17fd2bc42 at term 1 for becomeLeader, leader elected after 5130ms
2019-10-18 19:47:19,787 [Thread-216] INFO  impl.RoleInfo (RoleInfo.java:shutdownFollowerState(121)) - 3775819d-3279-4043-97e0-399c180bd06e: shutdown FollowerState
2019-10-18 19:47:19,788 [a4b86d4c-0ac9-410c-bcd3-f6b17fd2bc42@group-FDFBE344B073-LeaderElection2] INFO  server.RaftServerConfigKeys (ConfUtils.java:logGet(43)) - raft.server.staging.catchup.gap = 1000 (default)
2019-10-18 19:47:19,789 [Thread-216] INFO  impl.RaftServerImpl (RaftServerImpl.java:setRole(173)) - 3775819d-3279-4043-97e0-399c180bd06e@group-5D767D9D6470: changes role from  FOLLOWER to CANDIDATE at term 0 for changeToCandidate
2019-10-18 19:47:19,789 [a4b86d4c-0ac9-410c-bcd3-f6b17fd2bc42@group-FDFBE344B073-LeaderElection2] INFO  server.RaftServerConfigKeys (ConfUtils.java:logGet(43)) - raft.server.rpc.sleep.time = 25ms (default)
2019-10-18 19:47:19,789 [Thread-216] INFO  impl.RoleInfo (RoleInfo.java:updateAndGet(143)) - 3775819d-3279-4043-97e0-399c180bd06e: start LeaderElection
2019-10-18 19:47:19,790 [a4b86d4c-0ac9-410c-bcd3-f6b17fd2bc42@group-FDFBE344B073-LeaderElection2] INFO  server.RaftServerConfigKeys (ConfUtils.java:logGet(43)) - raft.server.write.element-limit = 4096 (default)
2019-10-18 19:47:19,793 [a4b86d4c-0ac9-410c-bcd3-f6b17fd2bc42@group-FDFBE344B073-LeaderElection2] INFO  server.RaftServerConfigKeys (ConfUtils.java:logGet(43)) - raft.server.watch.timeout = 10s (default)
2019-10-18 19:47:19,793 [a4b86d4c-0ac9-410c-bcd3-f6b17fd2bc42@group-FDFBE344B073-LeaderElection2] INFO  server.RaftServerConfigKeys (ConfUtils.java:logGet(43)) - raft.server.watch.timeout.denomination = 1s (default)
2019-10-18 19:47:19,793 [a4b86d4c-0ac9-410c-bcd3-f6b17fd2bc42@group-FDFBE344B073-LeaderElection2] INFO  server.RaftServerConfigKeys (ConfUtils.java:logGet(43)) - raft.server.watch.element-limit = 65536 (default)
2019-10-18 19:47:19,794 [EventQueue-PipelineReportForPipelineReportHandler] INFO  pipeline.PipelineReportHandler (PipelineReportHandler.java:processPipelineReport(119)) - Pipeline PipelineID=27309abc-54b5-478c-a907-fdfbe344b073 reported by a4b86d4c-0ac9-410c-bcd3-f6b17fd2bc42{ip: 192.168.69.98, host: pr-hdds-1868-rxw48-2170960119, networkLocation: /default-rack, certSerialId: null} with leaderId a4b86d4c-0ac9-410c-bcd3-f6b17fd2bc42
2019-10-18 19:47:19,796 [a4b86d4c-0ac9-410c-bcd3-f6b17fd2bc42@group-FDFBE344B073-LeaderElection2] INFO  server.RaftServerConfigKeys (ConfUtils.java:logGet(43)) - raft.server.log.appender.snapshot.chunk.size.max = 16MB (=16777216) (default)
2019-10-18 19:47:19,796 [a4b86d4c-0ac9-410c-bcd3-f6b17fd2bc42@group-FDFBE344B073-LeaderElection2] INFO  server.RaftServerConfigKeys (ConfUtils.java:logGet(43)) - raft.server.log.appender.buffer.byte-limit = 33554432 (custom)
2019-10-18 19:47:19,797 [a4b86d4c-0ac9-410c-bcd3-f6b17fd2bc42@group-FDFBE344B073-LeaderElection2] INFO  server.RaftServerConfigKeys (ConfUtils.java:logGet(43)) - raft.server.log.appender.buffer.element-limit = 1 (custom)
2019-10-18 19:47:19,800 [a4b86d4c-0ac9-410c-bcd3-f6b17fd2bc42@group-FDFBE344B073-LeaderElection2] INFO  grpc.GrpcConfigKeys$Server (ConfUtils.java:logGet(43)) - raft.grpc.server.leader.outstanding.appends.max = 128 (default)
2019-10-18 19:47:19,801 [a4b86d4c-0ac9-410c-bcd3-f6b17fd2bc42@group-FDFBE344B073-LeaderElection2] INFO  server.RaftServerConfigKeys (ConfUtils.java:logGet(43)) - raft.server.rpc.request.timeout = 3000ms (default)
2019-10-18 19:47:19,801 [a4b86d4c-0ac9-410c-bcd3-f6b17fd2bc42@group-FDFBE344B073-LeaderElection2] INFO  server.RaftServerConfigKeys (ConfUtils.java:logGet(43)) - raft.server.log.appender.install.snapshot.enabled = false (custom)
2019-10-18 19:47:19,802 [a4b86d4c-0ac9-410c-bcd3-f6b17fd2bc42@group-FDFBE344B073-LeaderElection2] WARN  impl.MetricRegistriesImpl (MetricRegistriesImpl.java:lambda$create$1(61)) - First MetricRegistry has been created without registering reporters. You may need to call MetricRegistries.global().addReportRegistration(...) before.
2019-10-18 19:47:19,803 [a4b86d4c-0ac9-410c-bcd3-f6b17fd2bc42@group-FDFBE344B073-LeaderElection2] INFO  server.RaftServerConfigKeys (ConfUtils.java:logGet(43)) - raft.server.log.appender.snapshot.chunk.size.max = 16MB (=16777216) (default)
2019-10-18 19:47:19,803 [a4b86d4c-0ac9-410c-bcd3-f6b17fd2bc42@group-FDFBE344B073-LeaderElection2] INFO  server.RaftServerConfigKeys (ConfUtils.java:logGet(43)) - raft.server.log.appender.buffer.byte-limit = 33554432 (custom)
2019-10-18 19:47:19,804 [a4b86d4c-0ac9-410c-bcd3-f6b17fd2bc42@group-FDFBE344B073-LeaderElection2] INFO  server.RaftServerConfigKeys (ConfUtils.java:logGet(43)) - raft.server.log.appender.buffer.element-limit = 1 (custom)
2019-10-18 19:47:19,804 [a4b86d4c-0ac9-410c-bcd3-f6b17fd2bc42@group-FDFBE344B073-LeaderElection2] INFO  grpc.GrpcConfigKeys$Server (ConfUtils.java:logGet(43)) - raft.grpc.server.leader.outstanding.appends.max = 128 (default)
2019-10-18 19:47:19,804 [a4b86d4c-0ac9-410c-bcd3-f6b17fd2bc42@group-FDFBE344B073-LeaderElection2] INFO  server.RaftServerConfigKeys (ConfUtils.java:logGet(43)) - raft.server.rpc.request.timeout = 3000ms (default)
2019-10-18 19:47:19,804 [a4b86d4c-0ac9-410c-bcd3-f6b17fd2bc42@group-FDFBE344B073-LeaderElection2] INFO  server.RaftServerConfigKeys (ConfUtils.java:logGet(43)) - raft.server.log.appender.install.snapshot.enabled = false (custom)
2019-10-18 19:47:19,806 [3775819d-3279-4043-97e0-399c180bd06e@group-5D767D9D6470-LeaderElection4] INFO  impl.LeaderElection (LeaderElection.java:askForVotes(178)) - 3775819d-3279-4043-97e0-399c180bd06e@group-5D767D9D6470-LeaderElection4: begin an election at term 1 for -1: [3775819d-3279-4043-97e0-399c180bd06e:192.168.69.98:37356], old=null
2019-10-18 19:47:19,806 [3775819d-3279-4043-97e0-399c180bd06e@group-5D767D9D6470-LeaderElection4] INFO  impl.RoleInfo (RoleInfo.java:shutdownLeaderElection(134)) - 3775819d-3279-4043-97e0-399c180bd06e: shutdown LeaderElection
2019-10-18 19:47:19,806 [3775819d-3279-4043-97e0-399c180bd06e@group-5D767D9D6470-LeaderElection4] INFO  impl.RaftServerImpl (RaftServerImpl.java:setRole(173)) - 3775819d-3279-4043-97e0-399c180bd06e@group-5D767D9D6470: changes role from CANDIDATE to LEADER at term 1 for changeToLeader
2019-10-18 19:47:19,806 [3775819d-3279-4043-97e0-399c180bd06e@group-5D767D9D6470-LeaderElection4] INFO  ratis.XceiverServerRatis (XceiverServerRatis.java:handleLeaderChangedNotification(699)) - Leader change notification received for group: group-5D767D9D6470 with new leaderId: 3775819d-3279-4043-97e0-399c180bd06e
2019-10-18 19:47:19,822 [3775819d-3279-4043-97e0-399c180bd06e@group-5D767D9D6470-LeaderElection4] INFO  impl.RaftServerImpl (ServerState.java:setLeader(255)) - 3775819d-3279-4043-97e0-399c180bd06e@group-5D767D9D6470: change Leader from null to 3775819d-3279-4043-97e0-399c180bd06e at term 1 for becomeLeader, leader elected after 5072ms
2019-10-18 19:47:19,822 [3775819d-3279-4043-97e0-399c180bd06e@group-5D767D9D6470-LeaderElection4] INFO  server.RaftServerConfigKeys (ConfUtils.java:logGet(43)) - raft.server.staging.catchup.gap = 1000 (default)
2019-10-18 19:47:19,822 [3775819d-3279-4043-97e0-399c180bd06e@group-5D767D9D6470-LeaderElection4] INFO  server.RaftServerConfigKeys (ConfUtils.java:logGet(43)) - raft.server.rpc.sleep.time = 25ms (default)
2019-10-18 19:47:19,822 [3775819d-3279-4043-97e0-399c180bd06e@group-5D767D9D6470-LeaderElection4] INFO  server.RaftServerConfigKeys (ConfUtils.java:logGet(43)) - raft.server.write.element-limit = 4096 (default)
2019-10-18 19:47:19,823 [3775819d-3279-4043-97e0-399c180bd06e@group-5D767D9D6470-LeaderElection4] INFO  server.RaftServerConfigKeys (ConfUtils.java:logGet(43)) - raft.server.watch.timeout = 10s (default)
2019-10-18 19:47:19,823 [3775819d-3279-4043-97e0-399c180bd06e@group-5D767D9D6470-LeaderElection4] INFO  server.RaftServerConfigKeys (ConfUtils.java:logGet(43)) - raft.server.watch.timeout.denomination = 1s (default)
2019-10-18 19:47:19,823 [3775819d-3279-4043-97e0-399c180bd06e@group-5D767D9D6470-LeaderElection4] INFO  server.RaftServerConfigKeys (ConfUtils.java:logGet(43)) - raft.server.watch.element-limit = 65536 (default)
2019-10-18 19:47:19,823 [3775819d-3279-4043-97e0-399c180bd06e@group-5D767D9D6470-LeaderElection4] INFO  impl.RoleInfo (RoleInfo.java:updateAndGet(143)) - 3775819d-3279-4043-97e0-399c180bd06e: start LeaderState
2019-10-18 19:47:19,824 [a4b86d4c-0ac9-410c-bcd3-f6b17fd2bc42@group-FDFBE344B073-LeaderElection2] INFO  impl.RoleInfo (RoleInfo.java:updateAndGet(143)) - a4b86d4c-0ac9-410c-bcd3-f6b17fd2bc42: start LeaderState
2019-10-18 19:47:19,824 [3775819d-3279-4043-97e0-399c180bd06e@group-5D767D9D6470-LeaderElection4] INFO  segmented.SegmentedRaftLogWorker (SegmentedRaftLogWorker.java:startLogSegment(385)) - 3775819d-3279-4043-97e0-399c180bd06e@group-5D767D9D6470-SegmentedRaftLogWorker: Starting segment from index:0
2019-10-18 19:47:19,824 [EventQueue-PipelineReportForPipelineReportHandler] INFO  pipeline.PipelineReportHandler (PipelineReportHandler.java:processPipelineReport(119)) - Pipeline PipelineID=80edf7f1-0b9d-4fbb-a346-5d767d9d6470 reported by 3775819d-3279-4043-97e0-399c180bd06e{ip: 192.168.69.98, host: pr-hdds-1868-rxw48-2170960119, networkLocation: /default-rack, certSerialId: null} with leaderId 3775819d-3279-4043-97e0-399c180bd06e
2019-10-18 19:47:19,824 [a4b86d4c-0ac9-410c-bcd3-f6b17fd2bc42@group-FDFBE344B073-LeaderElection2] INFO  segmented.SegmentedRaftLogWorker (SegmentedRaftLogWorker.java:startLogSegment(385)) - a4b86d4c-0ac9-410c-bcd3-f6b17fd2bc42@group-FDFBE344B073-SegmentedRaftLogWorker: Starting segment from index:0
2019-10-18 19:47:19,824 [EventQueue-PipelineReportForPipelineReportHandler] INFO  pipeline.PipelineStateManager (PipelineStateManager.java:openPipeline(134)) - Pipeline Pipeline[ Id: 80edf7f1-0b9d-4fbb-a346-5d767d9d6470, Nodes: 3775819d-3279-4043-97e0-399c180bd06e{ip: 192.168.69.98, host: pr-hdds-1868-rxw48-2170960119, networkLocation: /default-rack, certSerialId: null}, Type:RATIS, Factor:ONE, State:OPEN] moved to OPEN state
2019-10-18 19:47:19,824 [EventQueue-PipelineReportForPipelineReportHandler] INFO  pipeline.PipelineReportHandler (PipelineReportHandler.java:processPipelineReport(119)) - Pipeline PipelineID=27309abc-54b5-478c-a907-fdfbe344b073 reported by 3775819d-3279-4043-97e0-399c180bd06e{ip: 192.168.69.98, host: pr-hdds-1868-rxw48-2170960119, networkLocation: /default-rack, certSerialId: null} with leaderId 
2019-10-18 19:47:19,825 [3775819d-3279-4043-97e0-399c180bd06e@group-5D767D9D6470-LeaderElection4] INFO  impl.RaftServerImpl (ServerState.java:setRaftConf(356)) - 3775819d-3279-4043-97e0-399c180bd06e@group-5D767D9D6470: set configuration 0: [3775819d-3279-4043-97e0-399c180bd06e:192.168.69.98:37356], old=null at 0
2019-10-18 19:47:19,856 [a4b86d4c-0ac9-410c-bcd3-f6b17fd2bc42@group-E0381FCDD214-SegmentedRaftLogWorker] INFO  segmented.SegmentedRaftLogWorker (SegmentedRaftLogWorker.java:execute(576)) - a4b86d4c-0ac9-410c-bcd3-f6b17fd2bc42@group-E0381FCDD214-SegmentedRaftLogWorker: created new log segment /workdir/hadoop-ozone/integration-test/target/test-dir/MiniOzoneClusterImpl-b2a1fe54-b4de-439d-8d2b-e5f043cc68c1/datanode-1/data/ratis/83ef9f0e-98a3-4b3f-b874-e0381fcdd214/current/log_inprogress_0
2019-10-18 19:47:19,857 [a4b86d4c-0ac9-410c-bcd3-f6b17fd2bc42@group-FDFBE344B073-LeaderElection2] INFO  impl.RaftServerImpl (ServerState.java:setRaftConf(356)) - a4b86d4c-0ac9-410c-bcd3-f6b17fd2bc42@group-FDFBE344B073: set configuration 0: [3775819d-3279-4043-97e0-399c180bd06e:192.168.69.98:37356, a4b86d4c-0ac9-410c-bcd3-f6b17fd2bc42:192.168.69.98:44551, 61936858-0f54-447d-9a7d-47275f28d678:192.168.69.98:41217], old=null at 0
2019-10-18 19:47:19,895 [3775819d-3279-4043-97e0-399c180bd06e@group-5D767D9D6470-SegmentedRaftLogWorker] INFO  segmented.SegmentedRaftLogWorker (SegmentedRaftLogWorker.java:execute(576)) - 3775819d-3279-4043-97e0-399c180bd06e@group-5D767D9D6470-SegmentedRaftLogWorker: created new log segment /workdir/hadoop-ozone/integration-test/target/test-dir/MiniOzoneClusterImpl-b2a1fe54-b4de-439d-8d2b-e5f043cc68c1/datanode-2/data/ratis/80edf7f1-0b9d-4fbb-a346-5d767d9d6470/current/log_inprogress_0
2019-10-18 19:47:19,908 [a4b86d4c-0ac9-410c-bcd3-f6b17fd2bc42@group-FDFBE344B073-SegmentedRaftLogWorker] INFO  segmented.SegmentedRaftLogWorker (SegmentedRaftLogWorker.java:execute(576)) - a4b86d4c-0ac9-410c-bcd3-f6b17fd2bc42@group-FDFBE344B073-SegmentedRaftLogWorker: created new log segment /workdir/hadoop-ozone/integration-test/target/test-dir/MiniOzoneClusterImpl-b2a1fe54-b4de-439d-8d2b-e5f043cc68c1/datanode-1/data/ratis/27309abc-54b5-478c-a907-fdfbe344b073/current/log_inprogress_0
2019-10-18 19:47:19,921 [grpc-default-executor-3] INFO  ratis.XceiverServerRatis (XceiverServerRatis.java:handleLeaderChangedNotification(699)) - Leader change notification received for group: group-FDFBE344B073 with new leaderId: a4b86d4c-0ac9-410c-bcd3-f6b17fd2bc42
2019-10-18 19:47:19,921 [grpc-default-executor-1] INFO  ratis.XceiverServerRatis (XceiverServerRatis.java:handleLeaderChangedNotification(699)) - Leader change notification received for group: group-FDFBE344B073 with new leaderId: a4b86d4c-0ac9-410c-bcd3-f6b17fd2bc42
2019-10-18 19:47:19,922 [grpc-default-executor-3] INFO  impl.RaftServerImpl (ServerState.java:setLeader(255)) - 61936858-0f54-447d-9a7d-47275f28d678@group-FDFBE344B073: change Leader from null to a4b86d4c-0ac9-410c-bcd3-f6b17fd2bc42 at term 1 for appendEntries, leader elected after 5266ms
2019-10-18 19:47:19,922 [grpc-default-executor-1] INFO  impl.RaftServerImpl (ServerState.java:setLeader(255)) - 3775819d-3279-4043-97e0-399c180bd06e@group-FDFBE344B073: change Leader from null to a4b86d4c-0ac9-410c-bcd3-f6b17fd2bc42 at term 1 for appendEntries, leader elected after 5266ms
2019-10-18 19:47:19,925 [EventQueue-PipelineReportForPipelineReportHandler] INFO  pipeline.PipelineReportHandler (PipelineReportHandler.java:processPipelineReport(119)) - Pipeline PipelineID=27309abc-54b5-478c-a907-fdfbe344b073 reported by 3775819d-3279-4043-97e0-399c180bd06e{ip: 192.168.69.98, host: pr-hdds-1868-rxw48-2170960119, networkLocation: /default-rack, certSerialId: null} with leaderId a4b86d4c-0ac9-410c-bcd3-f6b17fd2bc42
2019-10-18 19:47:19,925 [EventQueue-PipelineReportForPipelineReportHandler] INFO  pipeline.PipelineReportHandler (PipelineReportHandler.java:processPipelineReport(119)) - Pipeline PipelineID=27309abc-54b5-478c-a907-fdfbe344b073 reported by 61936858-0f54-447d-9a7d-47275f28d678{ip: 192.168.69.98, host: pr-hdds-1868-rxw48-2170960119, networkLocation: /default-rack, certSerialId: null} with leaderId a4b86d4c-0ac9-410c-bcd3-f6b17fd2bc42
2019-10-18 19:47:19,926 [EventQueue-PipelineReportForPipelineReportHandler] INFO  pipeline.PipelineStateManager (PipelineStateManager.java:openPipeline(134)) - Pipeline Pipeline[ Id: 27309abc-54b5-478c-a907-fdfbe344b073, Nodes: a4b86d4c-0ac9-410c-bcd3-f6b17fd2bc42{ip: 192.168.69.98, host: pr-hdds-1868-rxw48-2170960119, networkLocation: /default-rack, certSerialId: null}61936858-0f54-447d-9a7d-47275f28d678{ip: 192.168.69.98, host: pr-hdds-1868-rxw48-2170960119, networkLocation: /default-rack, certSerialId: null}3775819d-3279-4043-97e0-399c180bd06e{ip: 192.168.69.98, host: pr-hdds-1868-rxw48-2170960119, networkLocation: /default-rack, certSerialId: null}, Type:RATIS, Factor:THREE, State:OPEN] moved to OPEN state
2019-10-18 19:47:19,926 [EventQueue-PipelineReportForPipelineReportHandler] INFO  pipeline.PipelineReportHandler (PipelineReportHandler.java:processPipelineReport(119)) - Pipeline PipelineID=a2a3199b-0d55-4160-b9fd-c4f5dfa0c6ab reported by 61936858-0f54-447d-9a7d-47275f28d678{ip: 192.168.69.98, host: pr-hdds-1868-rxw48-2170960119, networkLocation: /default-rack, certSerialId: null} with leaderId 
2019-10-18 19:47:19,926 [EventQueue-PipelineReportForPipelineReportHandler] INFO  pipeline.PipelineStateManager (PipelineStateManager.java:openPipeline(134)) - Pipeline Pipeline[ Id: a2a3199b-0d55-4160-b9fd-c4f5dfa0c6ab, Nodes: 61936858-0f54-447d-9a7d-47275f28d678{ip: 192.168.69.98, host: pr-hdds-1868-rxw48-2170960119, networkLocation: /default-rack, certSerialId: null}, Type:RATIS, Factor:ONE, State:OPEN] moved to OPEN state
2019-10-18 19:47:19,957 [grpc-default-executor-1] INFO  impl.RaftServerImpl (ServerState.java:setRaftConf(356)) - 61936858-0f54-447d-9a7d-47275f28d678@group-FDFBE344B073: set configuration 0: [3775819d-3279-4043-97e0-399c180bd06e:192.168.69.98:37356, a4b86d4c-0ac9-410c-bcd3-f6b17fd2bc42:192.168.69.98:44551, 61936858-0f54-447d-9a7d-47275f28d678:192.168.69.98:41217], old=null at 0
2019-10-18 19:47:19,958 [Thread-220] INFO  impl.FollowerState (FollowerState.java:run(111)) - 61936858-0f54-447d-9a7d-47275f28d678@group-C4F5DFA0C6AB-FollowerState: change to CANDIDATE, lastRpcTime:5160ms, electionTimeout:5159ms
2019-10-18 19:47:19,958 [grpc-default-executor-3] INFO  impl.RaftServerImpl (ServerState.java:setRaftConf(356)) - 3775819d-3279-4043-97e0-399c180bd06e@group-FDFBE344B073: set configuration 0: [3775819d-3279-4043-97e0-399c180bd06e:192.168.69.98:37356, a4b86d4c-0ac9-410c-bcd3-f6b17fd2bc42:192.168.69.98:44551, 61936858-0f54-447d-9a7d-47275f28d678:192.168.69.98:41217], old=null at 0
2019-10-18 19:47:19,959 [Thread-220] INFO  impl.RoleInfo (RoleInfo.java:shutdownFollowerState(121)) - 61936858-0f54-447d-9a7d-47275f28d678: shutdown FollowerState
2019-10-18 19:47:19,959 [grpc-default-executor-3] INFO  segmented.SegmentedRaftLogWorker (SegmentedRaftLogWorker.java:startLogSegment(385)) - 3775819d-3279-4043-97e0-399c180bd06e@group-FDFBE344B073-SegmentedRaftLogWorker: Starting segment from index:0
2019-10-18 19:47:19,959 [grpc-default-executor-1] INFO  segmented.SegmentedRaftLogWorker (SegmentedRaftLogWorker.java:startLogSegment(385)) - 61936858-0f54-447d-9a7d-47275f28d678@group-FDFBE344B073-SegmentedRaftLogWorker: Starting segment from index:0
2019-10-18 19:47:19,959 [Thread-220] INFO  impl.RaftServerImpl (RaftServerImpl.java:setRole(173)) - 61936858-0f54-447d-9a7d-47275f28d678@group-C4F5DFA0C6AB: changes role from  FOLLOWER to CANDIDATE at term 0 for changeToCandidate
2019-10-18 19:47:19,959 [Thread-220] INFO  impl.RoleInfo (RoleInfo.java:updateAndGet(143)) - 61936858-0f54-447d-9a7d-47275f28d678: start LeaderElection
2019-10-18 19:47:20,006 [61936858-0f54-447d-9a7d-47275f28d678@group-FDFBE344B073-SegmentedRaftLogWorker] INFO  segmented.SegmentedRaftLogWorker (SegmentedRaftLogWorker.java:execute(576)) - 61936858-0f54-447d-9a7d-47275f28d678@group-FDFBE344B073-SegmentedRaftLogWorker: created new log segment /workdir/hadoop-ozone/integration-test/target/test-dir/MiniOzoneClusterImpl-b2a1fe54-b4de-439d-8d2b-e5f043cc68c1/datanode-0/data/ratis/27309abc-54b5-478c-a907-fdfbe344b073/current/log_inprogress_0
2019-10-18 19:47:20,006 [61936858-0f54-447d-9a7d-47275f28d678@group-C4F5DFA0C6AB-LeaderElection5] INFO  impl.LeaderElection (LeaderElection.java:askForVotes(178)) - 61936858-0f54-447d-9a7d-47275f28d678@group-C4F5DFA0C6AB-LeaderElection5: begin an election at term 1 for -1: [61936858-0f54-447d-9a7d-47275f28d678:192.168.69.98:41217], old=null
2019-10-18 19:47:20,006 [3775819d-3279-4043-97e0-399c180bd06e@group-FDFBE344B073-SegmentedRaftLogWorker] INFO  segmented.SegmentedRaftLogWorker (SegmentedRaftLogWorker.java:execute(576)) - 3775819d-3279-4043-97e0-399c180bd06e@group-FDFBE344B073-SegmentedRaftLogWorker: created new log segment /workdir/hadoop-ozone/integration-test/target/test-dir/MiniOzoneClusterImpl-b2a1fe54-b4de-439d-8d2b-e5f043cc68c1/datanode-2/data/ratis/27309abc-54b5-478c-a907-fdfbe344b073/current/log_inprogress_0
2019-10-18 19:47:20,007 [61936858-0f54-447d-9a7d-47275f28d678@group-C4F5DFA0C6AB-LeaderElection5] INFO  impl.RoleInfo (RoleInfo.java:shutdownLeaderElection(134)) - 61936858-0f54-447d-9a7d-47275f28d678: shutdown LeaderElection
2019-10-18 19:47:20,007 [61936858-0f54-447d-9a7d-47275f28d678@group-C4F5DFA0C6AB-LeaderElection5] INFO  impl.RaftServerImpl (RaftServerImpl.java:setRole(173)) - 61936858-0f54-447d-9a7d-47275f28d678@group-C4F5DFA0C6AB: changes role from CANDIDATE to LEADER at term 1 for changeToLeader
2019-10-18 19:47:20,007 [61936858-0f54-447d-9a7d-47275f28d678@group-C4F5DFA0C6AB-LeaderElection5] INFO  ratis.XceiverServerRatis (XceiverServerRatis.java:handleLeaderChangedNotification(699)) - Leader change notification received for group: group-C4F5DFA0C6AB with new leaderId: 61936858-0f54-447d-9a7d-47275f28d678
2019-10-18 19:47:20,007 [61936858-0f54-447d-9a7d-47275f28d678@group-C4F5DFA0C6AB-LeaderElection5] INFO  impl.RaftServerImpl (ServerState.java:setLeader(255)) - 61936858-0f54-447d-9a7d-47275f28d678@group-C4F5DFA0C6AB: change Leader from null to 61936858-0f54-447d-9a7d-47275f28d678 at term 1 for becomeLeader, leader elected after 5211ms
2019-10-18 19:47:20,008 [61936858-0f54-447d-9a7d-47275f28d678@group-C4F5DFA0C6AB-LeaderElection5] INFO  server.RaftServerConfigKeys (ConfUtils.java:logGet(43)) - raft.server.staging.catchup.gap = 1000 (default)
2019-10-18 19:47:20,008 [61936858-0f54-447d-9a7d-47275f28d678@group-C4F5DFA0C6AB-LeaderElection5] INFO  server.RaftServerConfigKeys (ConfUtils.java:logGet(43)) - raft.server.rpc.sleep.time = 25ms (default)
2019-10-18 19:47:20,008 [61936858-0f54-447d-9a7d-47275f28d678@group-C4F5DFA0C6AB-LeaderElection5] INFO  server.RaftServerConfigKeys (ConfUtils.java:logGet(43)) - raft.server.write.element-limit = 4096 (default)
2019-10-18 19:47:20,008 [61936858-0f54-447d-9a7d-47275f28d678@group-C4F5DFA0C6AB-LeaderElection5] INFO  server.RaftServerConfigKeys (ConfUtils.java:logGet(43)) - raft.server.watch.timeout = 10s (default)
2019-10-18 19:47:20,009 [61936858-0f54-447d-9a7d-47275f28d678@group-C4F5DFA0C6AB-LeaderElection5] INFO  server.RaftServerConfigKeys (ConfUtils.java:logGet(43)) - raft.server.watch.timeout.denomination = 1s (default)
2019-10-18 19:47:20,009 [61936858-0f54-447d-9a7d-47275f28d678@group-C4F5DFA0C6AB-LeaderElection5] INFO  server.RaftServerConfigKeys (ConfUtils.java:logGet(43)) - raft.server.watch.element-limit = 65536 (default)
2019-10-18 19:47:20,010 [61936858-0f54-447d-9a7d-47275f28d678@group-C4F5DFA0C6AB-LeaderElection5] INFO  impl.RoleInfo (RoleInfo.java:updateAndGet(143)) - 61936858-0f54-447d-9a7d-47275f28d678: start LeaderState
2019-10-18 19:47:20,010 [61936858-0f54-447d-9a7d-47275f28d678@group-C4F5DFA0C6AB-LeaderElection5] INFO  segmented.SegmentedRaftLogWorker (SegmentedRaftLogWorker.java:startLogSegment(385)) - 61936858-0f54-447d-9a7d-47275f28d678@group-C4F5DFA0C6AB-SegmentedRaftLogWorker: Starting segment from index:0
2019-10-18 19:47:20,011 [61936858-0f54-447d-9a7d-47275f28d678@group-C4F5DFA0C6AB-LeaderElection5] INFO  impl.RaftServerImpl (ServerState.java:setRaftConf(356)) - 61936858-0f54-447d-9a7d-47275f28d678@group-C4F5DFA0C6AB: set configuration 0: [61936858-0f54-447d-9a7d-47275f28d678:192.168.69.98:41217], old=null at 0
2019-10-18 19:47:20,050 [61936858-0f54-447d-9a7d-47275f28d678@group-C4F5DFA0C6AB-SegmentedRaftLogWorker] INFO  segmented.SegmentedRaftLogWorker (SegmentedRaftLogWorker.java:execute(576)) - 61936858-0f54-447d-9a7d-47275f28d678@group-C4F5DFA0C6AB-SegmentedRaftLogWorker: created new log segment /workdir/hadoop-ozone/integration-test/target/test-dir/MiniOzoneClusterImpl-b2a1fe54-b4de-439d-8d2b-e5f043cc68c1/datanode-0/data/ratis/a2a3199b-0d55-4160-b9fd-c4f5dfa0c6ab/current/log_inprogress_0
2019-10-18 19:47:20,353 [main] INFO  ozone.MiniOzoneClusterImpl (MiniOzoneClusterImpl.java:lambda$waitForClusterToBeReady$2(172)) - Cluster is ready. Got 3 of 3 DN Heartbeats.
2019-10-18 19:47:20,357 [main] INFO  pipeline.SCMPipelineManager (SCMPipelineManager.java:finalizeAndDestroyPipeline(315)) - destroying pipeline:Pipeline[ Id: 80edf7f1-0b9d-4fbb-a346-5d767d9d6470, Nodes: 3775819d-3279-4043-97e0-399c180bd06e{ip: 192.168.69.98, host: pr-hdds-1868-rxw48-2170960119, networkLocation: /default-rack, certSerialId: null}, Type:RATIS, Factor:ONE, State:OPEN]
2019-10-18 19:47:20,361 [main] INFO  pipeline.PipelineStateManager (PipelineStateManager.java:finalizePipeline(121)) - Pipeline Pipeline[ Id: 80edf7f1-0b9d-4fbb-a346-5d767d9d6470, Nodes: 3775819d-3279-4043-97e0-399c180bd06e{ip: 192.168.69.98, host: pr-hdds-1868-rxw48-2170960119, networkLocation: /default-rack, certSerialId: null}, Type:RATIS, Factor:ONE, State:CLOSED] moved to CLOSED state
2019-10-18 19:47:20,374 [grpc-default-executor-3] INFO  impl.RaftServerProxy (RaftServerProxy.java:remove(95)) - 3775819d-3279-4043-97e0-399c180bd06e: remove    LEADER 3775819d-3279-4043-97e0-399c180bd06e@group-5D767D9D6470:t1, leader=3775819d-3279-4043-97e0-399c180bd06e, voted=3775819d-3279-4043-97e0-399c180bd06e, raftlog=3775819d-3279-4043-97e0-399c180bd06e@group-5D767D9D6470-SegmentedRaftLog:OPENED:c0,f0,i0, conf=0: [3775819d-3279-4043-97e0-399c180bd06e:192.168.69.98:37356], old=null RUNNING
2019-10-18 19:47:20,374 [grpc-default-executor-3] INFO  impl.RaftServerImpl (RaftServerImpl.java:lambda$shutdown$3(250)) - 3775819d-3279-4043-97e0-399c180bd06e@group-5D767D9D6470: shutdown
2019-10-18 19:47:20,374 [grpc-default-executor-3] INFO  util.JmxRegister (JmxRegister.java:unregister(73)) - Successfully un-registered JMX Bean with object name Ratis:service=RaftServer,group=group-5D767D9D6470,id=3775819d-3279-4043-97e0-399c180bd06e
2019-10-18 19:47:20,375 [grpc-default-executor-3] INFO  impl.RoleInfo (RoleInfo.java:shutdownLeaderState(104)) - 3775819d-3279-4043-97e0-399c180bd06e: shutdown LeaderState
2019-10-18 19:47:20,375 [grpc-default-executor-3] INFO  impl.PendingRequests (PendingRequests.java:sendNotLeaderResponses(206)) - 3775819d-3279-4043-97e0-399c180bd06e@group-5D767D9D6470-PendingRequests: sendNotLeaderResponses
2019-10-18 19:47:20,377 [grpc-default-executor-3] INFO  impl.StateMachineUpdater (StateMachineUpdater.java:stopAndJoin(136)) - 3775819d-3279-4043-97e0-399c180bd06e@group-5D767D9D6470-StateMachineUpdater: set stopIndex = 0
2019-10-18 19:47:20,380 [grpc-default-executor-3] INFO  impl.RaftServerImpl (ServerState.java:close(387)) - 3775819d-3279-4043-97e0-399c180bd06e@group-5D767D9D6470: closes. applyIndex: 0
2019-10-18 19:47:20,380 [3775819d-3279-4043-97e0-399c180bd06e@group-5D767D9D6470-SegmentedRaftLogWorker] INFO  segmented.SegmentedRaftLogWorker (SegmentedRaftLogWorker.java:run(316)) - 3775819d-3279-4043-97e0-399c180bd06e@group-5D767D9D6470-SegmentedRaftLogWorker was interrupted, exiting. There are 0 tasks remaining in the queue.
2019-10-18 19:47:20,381 [grpc-default-executor-3] INFO  segmented.SegmentedRaftLogWorker (SegmentedRaftLogWorker.java:close(224)) - 3775819d-3279-4043-97e0-399c180bd06e@group-5D767D9D6470-SegmentedRaftLogWorker close()
2019-10-18 19:47:20,389 [main] INFO  pipeline.PipelineStateManager (PipelineStateManager.java:removePipeline(106)) - Pipeline Pipeline[ Id: 80edf7f1-0b9d-4fbb-a346-5d767d9d6470, Nodes: 3775819d-3279-4043-97e0-399c180bd06e{ip: 192.168.69.98, host: pr-hdds-1868-rxw48-2170960119, networkLocation: /default-rack, certSerialId: null}, Type:RATIS, Factor:ONE, State:CLOSED] removed from db
2019-10-18 19:47:20,403 [grpc-default-executor-3] INFO  impl.RaftServerProxy (RaftServerProxy.java:addNew(89)) - 3775819d-3279-4043-97e0-399c180bd06e: addNew group-F31A2D01546B:[3775819d-3279-4043-97e0-399c180bd06e:192.168.69.98:37356] returns group-F31A2D01546B:java.util.concurrent.CompletableFuture@2ba5c1aa[Not completed]
2019-10-18 19:47:20,405 [pool-47-thread-1] INFO  impl.RaftServerImpl (RaftServerImpl.java:<init>(98)) - 3775819d-3279-4043-97e0-399c180bd06e: new RaftServerImpl for group-F31A2D01546B:[3775819d-3279-4043-97e0-399c180bd06e:192.168.69.98:37356] with ContainerStateMachine:uninitialized
2019-10-18 19:47:20,405 [pool-47-thread-1] INFO  server.RaftServerConfigKeys (ConfUtils.java:logGet(43)) - raft.server.rpc.timeout.min = 5s (custom)
2019-10-18 19:47:20,405 [pool-47-thread-1] INFO  server.RaftServerConfigKeys (ConfUtils.java:logGet(43)) - raft.server.rpc.timeout.max = 5200ms (custom)
2019-10-18 19:47:20,406 [pool-47-thread-1] INFO  server.RaftServerConfigKeys (ConfUtils.java:logGet(43)) - raft.server.rpcslowness.timeout = 120s (custom)
2019-10-18 19:47:20,406 [pool-47-thread-1] INFO  server.RaftServerConfigKeys (ConfUtils.java:logGet(43)) - raft.server.sleep.deviation.threshold = 300 (default)
2019-10-18 19:47:20,406 [pool-47-thread-1] INFO  server.RaftServerConfigKeys (ConfUtils.java:logGet(43)) - raft.server.log.appender.install.snapshot.enabled = false (custom)
2019-10-18 19:47:20,406 [pool-47-thread-1] INFO  impl.RaftServerImpl (ServerState.java:<init>(103)) - 3775819d-3279-4043-97e0-399c180bd06e@group-F31A2D01546B: ConfigurationManager, init=-1: [3775819d-3279-4043-97e0-399c180bd06e:192.168.69.98:37356], old=null, confs=<EMPTY_MAP>
2019-10-18 19:47:20,406 [pool-47-thread-1] INFO  server.RaftServerConfigKeys (ConfUtils.java:logGet(43)) - raft.server.storage.dir = [/workdir/hadoop-ozone/integration-test/target/test-dir/MiniOzoneClusterImpl-b2a1fe54-b4de-439d-8d2b-e5f043cc68c1/datanode-2/data/ratis] (custom)
2019-10-18 19:47:20,407 [pool-47-thread-1] INFO  server.RaftServerConfigKeys (ConfUtils.java:logGet(43)) - raft.server.log.corruption.policy = EXCEPTION (default)
2019-10-18 19:47:20,407 [pool-47-thread-1] INFO  storage.RaftStorageDirectory (RaftStorageDirectory.java:analyzeStorage(246)) - The storage directory /workdir/hadoop-ozone/integration-test/target/test-dir/MiniOzoneClusterImpl-b2a1fe54-b4de-439d-8d2b-e5f043cc68c1/datanode-2/data/ratis/d4a04ea5-f82f-4974-ae2b-f31a2d01546b does not exist. Creating ...
2019-10-18 19:47:20,420 [pool-47-thread-1] INFO  storage.RaftStorageDirectory (RaftStorageDirectory.java:tryLock(328)) - Lock on /workdir/hadoop-ozone/integration-test/target/test-dir/MiniOzoneClusterImpl-b2a1fe54-b4de-439d-8d2b-e5f043cc68c1/datanode-2/data/ratis/d4a04ea5-f82f-4974-ae2b-f31a2d01546b/in_use.lock acquired by nodename 2310@pr-hdds-1868-rxw48-2170960119
2019-10-18 19:47:20,431 [pool-47-thread-1] INFO  storage.RaftStorage (RaftStorage.java:format(84)) - Storage directory /workdir/hadoop-ozone/integration-test/target/test-dir/MiniOzoneClusterImpl-b2a1fe54-b4de-439d-8d2b-e5f043cc68c1/datanode-2/data/ratis/d4a04ea5-f82f-4974-ae2b-f31a2d01546b has been successfully formatted.
2019-10-18 19:47:20,432 [pool-47-thread-1] INFO  ratis.ContainerStateMachine (ContainerStateMachine.java:loadSnapshot(233)) - group-F31A2D01546B: The snapshot info is null. Setting the last applied indexto:(t:0, i:~)
2019-10-18 19:47:20,432 [pool-47-thread-1] INFO  server.RaftServerConfigKeys (ConfUtils.java:logGet(43)) - raft.server.notification.no-leader.timeout = 120s (custom)
2019-10-18 19:47:20,432 [pool-47-thread-1] INFO  server.RaftServerConfigKeys (ConfUtils.java:logGet(43)) - raft.server.log.use.memory = false (default)
2019-10-18 19:47:20,432 [pool-47-thread-1] INFO  server.RaftServerConfigKeys (ConfUtils.java:logGet(43)) - raft.server.log.purge.gap = 1000000 (custom)
2019-10-18 19:47:20,433 [pool-47-thread-1] INFO  server.RaftServerConfigKeys (ConfUtils.java:logGet(43)) - raft.server.log.appender.buffer.byte-limit = 33554432 (custom)
2019-10-18 19:47:20,433 [pool-47-thread-1] INFO  server.RaftServerConfigKeys (ConfUtils.java:logGet(43)) - raft.server.log.segment.size.max = 1048576 (custom)
2019-10-18 19:47:20,433 [pool-47-thread-1] INFO  server.RaftServerConfigKeys (ConfUtils.java:logGet(43)) - raft.server.log.segment.cache.num.max = 2 (custom)
2019-10-18 19:47:20,433 [pool-47-thread-1] INFO  segmented.SegmentedRaftLogWorker (SegmentedRaftLogWorker.java:<init>(173)) - new 3775819d-3279-4043-97e0-399c180bd06e@group-F31A2D01546B-SegmentedRaftLogWorker for RaftStorage:Storage Directory /workdir/hadoop-ozone/integration-test/target/test-dir/MiniOzoneClusterImpl-b2a1fe54-b4de-439d-8d2b-e5f043cc68c1/datanode-2/data/ratis/d4a04ea5-f82f-4974-ae2b-f31a2d01546b
2019-10-18 19:47:20,433 [pool-47-thread-1] INFO  server.RaftServerConfigKeys (ConfUtils.java:logGet(43)) - raft.server.log.queue.byte-limit = 2147483647 (custom)
2019-10-18 19:47:20,433 [pool-47-thread-1] INFO  server.RaftServerConfigKeys (ConfUtils.java:logGet(43)) - raft.server.log.queue.element-limit = 1024 (custom)
2019-10-18 19:47:20,434 [pool-47-thread-1] INFO  server.RaftServerConfigKeys (ConfUtils.java:logGet(43)) - raft.server.log.segment.size.max = 1048576 (custom)
2019-10-18 19:47:20,434 [pool-47-thread-1] INFO  server.RaftServerConfigKeys (ConfUtils.java:logGet(43)) - raft.server.log.preallocated.size = 16384 (custom)
2019-10-18 19:47:20,434 [pool-47-thread-1] INFO  server.RaftServerConfigKeys (ConfUtils.java:logGet(43)) - raft.server.log.write.buffer.size = 33554432 (custom)
2019-10-18 19:47:20,434 [pool-47-thread-1] INFO  server.RaftServerConfigKeys (ConfUtils.java:logGet(43)) - raft.server.log.force.sync.num = 128 (default)
2019-10-18 19:47:20,434 [pool-47-thread-1] INFO  server.RaftServerConfigKeys (ConfUtils.java:logGet(43)) - raft.server.log.statemachine.data.sync = true (default)
2019-10-18 19:47:20,434 [pool-47-thread-1] INFO  server.RaftServerConfigKeys (ConfUtils.java:logGet(43)) - raft.server.log.statemachine.data.sync.timeout = 10s (default)
2019-10-18 19:47:20,434 [pool-47-thread-1] INFO  server.RaftServerConfigKeys (ConfUtils.java:logGet(43)) - raft.server.log.statemachine.data.sync.timeout.retry = -1 (default)
2019-10-18 19:47:20,435 [pool-47-thread-1] INFO  server.RaftServerConfigKeys (ConfUtils.java:logGet(43)) - raft.server.log.statemachine.data.caching.enabled = true (custom)
2019-10-18 19:47:20,435 [pool-47-thread-1] INFO  segmented.SegmentedRaftLogWorker (SegmentedRaftLogWorker.java:lambda$new$0(128)) - 3775819d-3279-4043-97e0-399c180bd06e@group-F31A2D01546B-SegmentedRaftLogWorker: flushIndex: setUnconditionally 0 -> -1
2019-10-18 19:47:20,436 [pool-47-thread-1] INFO  server.RaftServerConfigKeys (ConfUtils.java:logGet(43)) - raft.server.snapshot.auto.trigger.enabled = true (custom)
2019-10-18 19:47:20,436 [pool-47-thread-1] INFO  server.RaftServerConfigKeys (ConfUtils.java:logGet(43)) - raft.server.snapshot.auto.trigger.threshold = 10000 (custom)
2019-10-18 19:47:20,436 [pool-47-thread-1] INFO  server.RaftServerConfigKeys (ConfUtils.java:logGet(43)) - raft.server.snapshot.retention.file.num = 5 (custom)
2019-10-18 19:47:20,436 [pool-47-thread-1] INFO  server.RaftServerConfigKeys (ConfUtils.java:logGet(43)) - raft.server.retrycache.expirytime = 600000ms (custom)
2019-10-18 19:47:20,436 [pool-47-thread-1] WARN  impl.MetricRegistriesImpl (MetricRegistriesImpl.java:lambda$create$1(61)) - First MetricRegistry has been created without registering reporters. You may need to call MetricRegistries.global().addReportRegistration(...) before.
2019-10-18 19:47:20,437 [pool-47-thread-1] WARN  impl.MetricRegistriesImpl (MetricRegistriesImpl.java:lambda$create$1(61)) - First MetricRegistry has been created without registering reporters. You may need to call MetricRegistries.global().addReportRegistration(...) before.
2019-10-18 19:47:20,437 [pool-47-thread-1] INFO  impl.RaftServerImpl (RaftServerImpl.java:start(184)) - 3775819d-3279-4043-97e0-399c180bd06e@group-F31A2D01546B: start as a follower, conf=-1: [3775819d-3279-4043-97e0-399c180bd06e:192.168.69.98:37356], old=null
2019-10-18 19:47:20,437 [pool-47-thread-1] INFO  impl.RaftServerImpl (RaftServerImpl.java:setRole(173)) - 3775819d-3279-4043-97e0-399c180bd06e@group-F31A2D01546B: changes role from      null to FOLLOWER at term 0 for startAsFollower
2019-10-18 19:47:20,437 [pool-47-thread-1] INFO  impl.RoleInfo (RoleInfo.java:updateAndGet(143)) - 3775819d-3279-4043-97e0-399c180bd06e: start FollowerState
2019-10-18 19:47:20,438 [pool-47-thread-1] INFO  util.JmxRegister (JmxRegister.java:tryRegister(44)) - Successfully registered JMX Bean with object name Ratis:service=RaftServer,group=group-F31A2D01546B,id=3775819d-3279-4043-97e0-399c180bd06e
2019-10-18 19:47:20,438 [pool-47-thread-1] WARN  impl.MetricRegistriesImpl (MetricRegistriesImpl.java:lambda$create$1(61)) - First MetricRegistry has been created without registering reporters. You may need to call MetricRegistries.global().addReportRegistration(...) before.
2019-10-18 19:47:20,443 [RatisPipelineUtilsThread] INFO  pipeline.PipelineStateManager (PipelineStateManager.java:addPipeline(55)) - Created pipeline Pipeline[ Id: d4a04ea5-f82f-4974-ae2b-f31a2d01546b, Nodes: 3775819d-3279-4043-97e0-399c180bd06e{ip: 192.168.69.98, host: pr-hdds-1868-rxw48-2170960119, networkLocation: /default-rack, certSerialId: null}, Type:RATIS, Factor:ONE, State:ALLOCATED]
2019-10-18 19:47:20,564 [main] INFO  ozone.MiniOzoneClusterImpl (MiniOzoneClusterImpl.java:shutdown(352)) - Shutting down the Mini Ozone Cluster
2019-10-18 19:47:20,564 [main] INFO  ozone.MiniOzoneClusterImpl (MiniOzoneClusterImpl.java:stop(368)) - Stopping the Mini Ozone Cluster
2019-10-18 19:47:20,564 [main] INFO  ozone.MiniOzoneClusterImpl (MiniOzoneClusterImpl.java:stopOM(438)) - Stopping the OzoneManager
2019-10-18 19:47:20,564 [main] INFO  ipc.Server (Server.java:stop(3082)) - Stopping server on 37462
2019-10-18 19:47:20,574 [IPC Server listener on 37462] INFO  ipc.Server (Server.java:run(1185)) - Stopping IPC Server listener on 37462
2019-10-18 19:47:20,575 [main] INFO  ratis.OzoneManagerDoubleBuffer (OzoneManagerDoubleBuffer.java:stop(250)) - Stopping OMDoubleBuffer flush thread
2019-10-18 19:47:20,577 [IPC Server Responder] INFO  ipc.Server (Server.java:run(1319)) - Stopping IPC Server Responder
2019-10-18 19:47:20,582 [OMDoubleBufferFlushThread] INFO  ratis.OzoneManagerDoubleBuffer (OzoneManagerDoubleBuffer.java:flushTransactions(193)) - OMDoubleBuffer flush thread OMDoubleBufferFlushThread is interrupted and will exit. OMDoubleBufferFlushThread
2019-10-18 19:47:20,585 [main] INFO  utils.BackgroundService (BackgroundService.java:shutdown(151)) - Shutting down service KeyDeletingService
2019-10-18 19:47:20,591 [main] INFO  handler.ContextHandler (ContextHandler.java:doStop(910)) - Stopped o.e.j.w.WebAppContext@783efb48{/,null,UNAVAILABLE}{/ozoneManager}
2019-10-18 19:47:20,598 [main] INFO  server.AbstractConnector (AbstractConnector.java:doStop(318)) - Stopped ServerConnector@5d235104{HTTP/1.1,[http/1.1]}{0.0.0.0:0}
2019-10-18 19:47:20,598 [main] INFO  handler.ContextHandler (ContextHandler.java:doStop(910)) - Stopped o.e.j.s.ServletContextHandler@6ff37443{/static,file:///workdir/hadoop-ozone/integration-test/target/test-classes/webapps/static,UNAVAILABLE}
2019-10-18 19:47:20,599 [main] INFO  handler.ContextHandler (ContextHandler.java:doStop(910)) - Stopped o.e.j.s.ServletContextHandler@7a799159{/logs,file:///workdir/hadoop-ozone/integration-test/target/log,UNAVAILABLE}
2019-10-18 19:47:20,605 [main] INFO  ozone.MiniOzoneClusterImpl (MiniOzoneClusterImpl.java:stopDatanodes(415)) - Stopping the HddsDatanodes
2019-10-18 19:47:20,789 [Datanode State Machine Thread - 0] INFO  statemachine.DatanodeStateMachine (DatanodeStateMachine.java:lambda$startDaemon$0(350)) - Ozone container server started.
2019-10-18 19:47:21,008 [Datanode State Machine Thread - 0] INFO  statemachine.DatanodeStateMachine (DatanodeStateMachine.java:lambda$startDaemon$0(350)) - Ozone container server started.
2019-10-18 19:47:25,608 [ForkJoinPool.commonPool-worker-1] INFO  ozoneimpl.OzoneContainer (OzoneContainer.java:stop(227)) - Attempting to stop container services.
2019-10-18 19:47:25,608 [main] INFO  ozoneimpl.OzoneContainer (OzoneContainer.java:stop(227)) - Attempting to stop container services.
2019-10-18 19:47:25,609 [main] INFO  impl.RaftServerProxy (RaftServerProxy.java:lambda$close$4(314)) - a4b86d4c-0ac9-410c-bcd3-f6b17fd2bc42: close
2019-10-18 19:47:25,609 [ForkJoinPool.commonPool-worker-1] INFO  impl.RaftServerProxy (RaftServerProxy.java:lambda$close$4(314)) - 61936858-0f54-447d-9a7d-47275f28d678: close
2019-10-18 19:47:25,610 [main] INFO  impl.RaftServerImpl (RaftServerImpl.java:lambda$shutdown$3(250)) - a4b86d4c-0ac9-410c-bcd3-f6b17fd2bc42@group-E0381FCDD214: shutdown
2019-10-18 19:47:25,610 [ForkJoinPool.commonPool-worker-1] INFO  impl.RaftServerImpl (RaftServerImpl.java:lambda$shutdown$3(250)) - 61936858-0f54-447d-9a7d-47275f28d678@group-FDFBE344B073: shutdown
2019-10-18 19:47:25,611 [main] INFO  util.JmxRegister (JmxRegister.java:unregister(73)) - Successfully un-registered JMX Bean with object name Ratis:service=RaftServer,group=group-E0381FCDD214,id=a4b86d4c-0ac9-410c-bcd3-f6b17fd2bc42
2019-10-18 19:47:25,611 [ForkJoinPool.commonPool-worker-1] INFO  util.JmxRegister (JmxRegister.java:unregister(73)) - Successfully un-registered JMX Bean with object name Ratis:service=RaftServer,group=group-FDFBE344B073,id=61936858-0f54-447d-9a7d-47275f28d678
2019-10-18 19:47:25,611 [main] INFO  impl.RoleInfo (RoleInfo.java:shutdownLeaderState(104)) - a4b86d4c-0ac9-410c-bcd3-f6b17fd2bc42: shutdown LeaderState
2019-10-18 19:47:25,611 [ForkJoinPool.commonPool-worker-1] INFO  impl.RoleInfo (RoleInfo.java:shutdownFollowerState(121)) - 61936858-0f54-447d-9a7d-47275f28d678: shutdown FollowerState
2019-10-18 19:47:25,612 [main] INFO  impl.PendingRequests (PendingRequests.java:sendNotLeaderResponses(206)) - a4b86d4c-0ac9-410c-bcd3-f6b17fd2bc42@group-E0381FCDD214-PendingRequests: sendNotLeaderResponses
2019-10-18 19:47:25,613 [Thread-231] INFO  impl.FollowerState (FollowerState.java:run(120)) - 61936858-0f54-447d-9a7d-47275f28d678@group-FDFBE344B073-FollowerState was interrupted: java.lang.InterruptedException: sleep interrupted
2019-10-18 19:47:25,613 [ForkJoinPool.commonPool-worker-1] INFO  impl.StateMachineUpdater (StateMachineUpdater.java:stopAndJoin(136)) - 61936858-0f54-447d-9a7d-47275f28d678@group-FDFBE344B073-StateMachineUpdater: set stopIndex = 0
2019-10-18 19:47:25,614 [main] INFO  impl.StateMachineUpdater (StateMachineUpdater.java:stopAndJoin(136)) - a4b86d4c-0ac9-410c-bcd3-f6b17fd2bc42@group-E0381FCDD214-StateMachineUpdater: set stopIndex = 0
2019-10-18 19:47:25,614 [ForkJoinPool.commonPool-worker-1] INFO  impl.RaftServerImpl (ServerState.java:close(387)) - 61936858-0f54-447d-9a7d-47275f28d678@group-FDFBE344B073: closes. applyIndex: 0
2019-10-18 19:47:25,616 [main] INFO  impl.RaftServerImpl (ServerState.java:close(387)) - a4b86d4c-0ac9-410c-bcd3-f6b17fd2bc42@group-E0381FCDD214: closes. applyIndex: 0
2019-10-18 19:47:25,616 [61936858-0f54-447d-9a7d-47275f28d678@group-FDFBE344B073-SegmentedRaftLogWorker] INFO  segmented.SegmentedRaftLogWorker (SegmentedRaftLogWorker.java:run(316)) - 61936858-0f54-447d-9a7d-47275f28d678@group-FDFBE344B073-SegmentedRaftLogWorker was interrupted, exiting. There are 0 tasks remaining in the queue.
2019-10-18 19:47:25,616 [a4b86d4c-0ac9-410c-bcd3-f6b17fd2bc42@group-E0381FCDD214-SegmentedRaftLogWorker] INFO  segmented.SegmentedRaftLogWorker (SegmentedRaftLogWorker.java:run(316)) - a4b86d4c-0ac9-410c-bcd3-f6b17fd2bc42@group-E0381FCDD214-SegmentedRaftLogWorker was interrupted, exiting. There are 0 tasks remaining in the queue.
2019-10-18 19:47:25,618 [ForkJoinPool.commonPool-worker-1] INFO  segmented.SegmentedRaftLogWorker (SegmentedRaftLogWorker.java:close(224)) - 61936858-0f54-447d-9a7d-47275f28d678@group-FDFBE344B073-SegmentedRaftLogWorker close()
2019-10-18 19:47:25,618 [main] INFO  segmented.SegmentedRaftLogWorker (SegmentedRaftLogWorker.java:close(224)) - a4b86d4c-0ac9-410c-bcd3-f6b17fd2bc42@group-E0381FCDD214-SegmentedRaftLogWorker close()
2019-10-18 19:47:25,618 [Thread-247] INFO  impl.FollowerState (FollowerState.java:run(111)) - 3775819d-3279-4043-97e0-399c180bd06e@group-F31A2D01546B-FollowerState: change to CANDIDATE, lastRpcTime:5181ms, electionTimeout:5180ms
2019-10-18 19:47:25,620 [ForkJoinPool.commonPool-worker-1] INFO  impl.RaftServerImpl (RaftServerImpl.java:lambda$shutdown$3(250)) - 61936858-0f54-447d-9a7d-47275f28d678@group-C4F5DFA0C6AB: shutdown
2019-10-18 19:47:25,621 [main] INFO  impl.RaftServerImpl (RaftServerImpl.java:lambda$shutdown$3(250)) - a4b86d4c-0ac9-410c-bcd3-f6b17fd2bc42@group-FDFBE344B073: shutdown
2019-10-18 19:47:25,621 [Thread-247] INFO  impl.RoleInfo (RoleInfo.java:shutdownFollowerState(121)) - 3775819d-3279-4043-97e0-399c180bd06e: shutdown FollowerState
2019-10-18 19:47:25,621 [main] INFO  util.JmxRegister (JmxRegister.java:unregister(73)) - Successfully un-registered JMX Bean with object name Ratis:service=RaftServer,group=group-FDFBE344B073,id=a4b86d4c-0ac9-410c-bcd3-f6b17fd2bc42
2019-10-18 19:47:25,621 [ForkJoinPool.commonPool-worker-1] INFO  util.JmxRegister (JmxRegister.java:unregister(73)) - Successfully un-registered JMX Bean with object name Ratis:service=RaftServer,group=group-C4F5DFA0C6AB,id=61936858-0f54-447d-9a7d-47275f28d678
2019-10-18 19:47:25,622 [main] INFO  impl.RoleInfo (RoleInfo.java:shutdownLeaderState(104)) - a4b86d4c-0ac9-410c-bcd3-f6b17fd2bc42: shutdown LeaderState
2019-10-18 19:47:25,621 [Thread-247] INFO  impl.RaftServerImpl (RaftServerImpl.java:setRole(173)) - 3775819d-3279-4043-97e0-399c180bd06e@group-F31A2D01546B: changes role from  FOLLOWER to CANDIDATE at term 0 for changeToCandidate
2019-10-18 19:47:25,622 [ForkJoinPool.commonPool-worker-1] INFO  impl.RoleInfo (RoleInfo.java:shutdownLeaderState(104)) - 61936858-0f54-447d-9a7d-47275f28d678: shutdown LeaderState
2019-10-18 19:47:25,623 [org.apache.ratis.server.impl.LogAppender$AppenderDaemon$$Lambda$403/1998988400@7965e60] WARN  server.GrpcLogAppender (GrpcLogAppender.java:mayWait(149)) - a4b86d4c-0ac9-410c-bcd3-f6b17fd2bc42@group-FDFBE344B073->3775819d-3279-4043-97e0-399c180bd06e-GrpcLogAppender: Wait interrupted by java.lang.InterruptedException
2019-10-18 19:47:25,623 [main] INFO  impl.PendingRequests (PendingRequests.java:sendNotLeaderResponses(206)) - a4b86d4c-0ac9-410c-bcd3-f6b17fd2bc42@group-FDFBE344B073-PendingRequests: sendNotLeaderResponses
2019-10-18 19:47:25,624 [ForkJoinPool.commonPool-worker-1] INFO  impl.PendingRequests (PendingRequests.java:sendNotLeaderResponses(206)) - 61936858-0f54-447d-9a7d-47275f28d678@group-C4F5DFA0C6AB-PendingRequests: sendNotLeaderResponses
2019-10-18 19:47:25,625 [main] INFO  impl.StateMachineUpdater (StateMachineUpdater.java:stopAndJoin(136)) - a4b86d4c-0ac9-410c-bcd3-f6b17fd2bc42@group-FDFBE344B073-StateMachineUpdater: set stopIndex = 0
2019-10-18 19:47:25,623 [org.apache.ratis.server.impl.LogAppender$AppenderDaemon$$Lambda$403/1998988400@18ac90e6] WARN  server.GrpcLogAppender (GrpcLogAppender.java:mayWait(149)) - a4b86d4c-0ac9-410c-bcd3-f6b17fd2bc42@group-FDFBE344B073->61936858-0f54-447d-9a7d-47275f28d678-GrpcLogAppender: Wait interrupted by java.lang.InterruptedException
2019-10-18 19:47:25,623 [Thread-247] INFO  impl.RoleInfo (RoleInfo.java:updateAndGet(143)) - 3775819d-3279-4043-97e0-399c180bd06e: start LeaderElection
2019-10-18 19:47:25,628 [main] INFO  impl.RaftServerImpl (ServerState.java:close(387)) - a4b86d4c-0ac9-410c-bcd3-f6b17fd2bc42@group-FDFBE344B073: closes. applyIndex: 0
2019-10-18 19:47:25,625 [ForkJoinPool.commonPool-worker-1] INFO  impl.StateMachineUpdater (StateMachineUpdater.java:stopAndJoin(136)) - 61936858-0f54-447d-9a7d-47275f28d678@group-C4F5DFA0C6AB-StateMachineUpdater: set stopIndex = 0
2019-10-18 19:47:25,630 [a4b86d4c-0ac9-410c-bcd3-f6b17fd2bc42@group-FDFBE344B073-SegmentedRaftLogWorker] INFO  segmented.SegmentedRaftLogWorker (SegmentedRaftLogWorker.java:run(316)) - a4b86d4c-0ac9-410c-bcd3-f6b17fd2bc42@group-FDFBE344B073-SegmentedRaftLogWorker was interrupted, exiting. There are 0 tasks remaining in the queue.
2019-10-18 19:47:25,630 [ForkJoinPool.commonPool-worker-1] INFO  impl.RaftServerImpl (ServerState.java:close(387)) - 61936858-0f54-447d-9a7d-47275f28d678@group-C4F5DFA0C6AB: closes. applyIndex: 0
2019-10-18 19:47:25,631 [main] INFO  segmented.SegmentedRaftLogWorker (SegmentedRaftLogWorker.java:close(224)) - a4b86d4c-0ac9-410c-bcd3-f6b17fd2bc42@group-FDFBE344B073-SegmentedRaftLogWorker close()
2019-10-18 19:47:25,631 [grpc-default-executor-3] INFO  server.GrpcServerProtocolService (GrpcServerProtocolService.java:onCompleted(113)) - 3775819d-3279-4043-97e0-399c180bd06e: Completed APPEND_ENTRIES, lastRequest: a4b86d4c-0ac9-410c-bcd3-f6b17fd2bc42->3775819d-3279-4043-97e0-399c180bd06e#3-t1, previous=(t:1, i:0), leaderCommit=0, initializing? false, entries: <empty>
2019-10-18 19:47:25,631 [61936858-0f54-447d-9a7d-47275f28d678@group-C4F5DFA0C6AB-SegmentedRaftLogWorker] INFO  segmented.SegmentedRaftLogWorker (SegmentedRaftLogWorker.java:run(316)) - 61936858-0f54-447d-9a7d-47275f28d678@group-C4F5DFA0C6AB-SegmentedRaftLogWorker was interrupted, exiting. There are 0 tasks remaining in the queue.
2019-10-18 19:47:25,631 [grpc-default-executor-1] INFO  server.GrpcServerProtocolService (GrpcServerProtocolService.java:onCompleted(113)) - 61936858-0f54-447d-9a7d-47275f28d678: Completed APPEND_ENTRIES, lastRequest: a4b86d4c-0ac9-410c-bcd3-f6b17fd2bc42->61936858-0f54-447d-9a7d-47275f28d678#3-t1, previous=(t:1, i:0), leaderCommit=0, initializing? false, entries: <empty>
2019-10-18 19:47:25,633 [ForkJoinPool.commonPool-worker-1] INFO  segmented.SegmentedRaftLogWorker (SegmentedRaftLogWorker.java:close(224)) - 61936858-0f54-447d-9a7d-47275f28d678@group-C4F5DFA0C6AB-SegmentedRaftLogWorker close()
2019-10-18 19:47:25,635 [main] INFO  server.GrpcService (GrpcService.java:closeImpl(164)) - a4b86d4c-0ac9-410c-bcd3-f6b17fd2bc42: shutdown server with port 44551 now
2019-10-18 19:47:25,635 [grpc-default-executor-1] INFO  server.GrpcLogAppender (GrpcLogAppender.java:onCompleted(308)) - a4b86d4c-0ac9-410c-bcd3-f6b17fd2bc42@group-FDFBE344B073->3775819d-3279-4043-97e0-399c180bd06e-AppendLogResponseHandler: follower responses appendEntries COMPLETED
2019-10-18 19:47:25,635 [ForkJoinPool.commonPool-worker-1] INFO  server.GrpcService (GrpcService.java:closeImpl(164)) - 61936858-0f54-447d-9a7d-47275f28d678: shutdown server with port 41217 now
2019-10-18 19:47:25,636 [grpc-default-executor-3] INFO  server.GrpcLogAppender (GrpcLogAppender.java:onCompleted(308)) - a4b86d4c-0ac9-410c-bcd3-f6b17fd2bc42@group-FDFBE344B073->61936858-0f54-447d-9a7d-47275f28d678-AppendLogResponseHandler: follower responses appendEntries COMPLETED
2019-10-18 19:47:25,640 [grpc-default-executor-3] INFO  impl.FollowerInfo (FollowerInfo.java:lambda$new$0(51)) - a4b86d4c-0ac9-410c-bcd3-f6b17fd2bc42@group-FDFBE344B073->61936858-0f54-447d-9a7d-47275f28d678: nextIndex: updateUnconditionally 1 -> 0
2019-10-18 19:47:25,640 [grpc-default-executor-1] INFO  impl.FollowerInfo (FollowerInfo.java:lambda$new$0(51)) - a4b86d4c-0ac9-410c-bcd3-f6b17fd2bc42@group-FDFBE344B073->3775819d-3279-4043-97e0-399c180bd06e: nextIndex: updateUnconditionally 1 -> 0
2019-10-18 19:47:25,641 [main] INFO  server.GrpcService (GrpcService.java:closeImpl(172)) - a4b86d4c-0ac9-410c-bcd3-f6b17fd2bc42: shutdown server with port 44551 successfully
2019-10-18 19:47:25,643 [ForkJoinPool.commonPool-worker-1] INFO  server.GrpcService (GrpcService.java:closeImpl(172)) - 61936858-0f54-447d-9a7d-47275f28d678: shutdown server with port 41217 successfully
2019-10-18 19:47:25,644 [refreshUsed-/workdir/hadoop-ozone/integration-test/target/test-dir/MiniOzoneClusterImpl-b2a1fe54-b4de-439d-8d2b-e5f043cc68c1/datanode-1/data/containers] WARN  fs.CachingGetSpaceUsed (CachingGetSpaceUsed.java:run(183)) - Thread Interrupted waiting to refresh disk information: sleep interrupted
2019-10-18 19:47:25,644 [3775819d-3279-4043-97e0-399c180bd06e@group-F31A2D01546B-LeaderElection6] INFO  impl.LeaderElection (LeaderElection.java:askForVotes(178)) - 3775819d-3279-4043-97e0-399c180bd06e@group-F31A2D01546B-LeaderElection6: begin an election at term 1 for -1: [3775819d-3279-4043-97e0-399c180bd06e:192.168.69.98:37356], old=null
2019-10-18 19:47:25,644 [3775819d-3279-4043-97e0-399c180bd06e@group-F31A2D01546B-LeaderElection6] INFO  impl.RoleInfo (RoleInfo.java:shutdownLeaderElection(134)) - 3775819d-3279-4043-97e0-399c180bd06e: shutdown LeaderElection
2019-10-18 19:47:25,645 [3775819d-3279-4043-97e0-399c180bd06e@group-F31A2D01546B-LeaderElection6] INFO  impl.RaftServerImpl (RaftServerImpl.java:setRole(173)) - 3775819d-3279-4043-97e0-399c180bd06e@group-F31A2D01546B: changes role from CANDIDATE to LEADER at term 1 for changeToLeader
2019-10-18 19:47:25,645 [3775819d-3279-4043-97e0-399c180bd06e@group-F31A2D01546B-LeaderElection6] INFO  ratis.XceiverServerRatis (XceiverServerRatis.java:handleLeaderChangedNotification(699)) - Leader change notification received for group: group-F31A2D01546B with new leaderId: 3775819d-3279-4043-97e0-399c180bd06e
2019-10-18 19:47:25,646 [3775819d-3279-4043-97e0-399c180bd06e@group-F31A2D01546B-LeaderElection6] INFO  impl.RaftServerImpl (ServerState.java:setLeader(255)) - 3775819d-3279-4043-97e0-399c180bd06e@group-F31A2D01546B: change Leader from null to 3775819d-3279-4043-97e0-399c180bd06e at term 1 for becomeLeader, leader elected after 5212ms
2019-10-18 19:47:25,646 [3775819d-3279-4043-97e0-399c180bd06e@group-F31A2D01546B-LeaderElection6] INFO  server.RaftServerConfigKeys (ConfUtils.java:logGet(43)) - raft.server.staging.catchup.gap = 1000 (default)
2019-10-18 19:47:25,647 [3775819d-3279-4043-97e0-399c180bd06e@group-F31A2D01546B-LeaderElection6] INFO  server.RaftServerConfigKeys (ConfUtils.java:logGet(43)) - raft.server.rpc.sleep.time = 25ms (default)
2019-10-18 19:47:25,647 [3775819d-3279-4043-97e0-399c180bd06e@group-F31A2D01546B-LeaderElection6] INFO  server.RaftServerConfigKeys (ConfUtils.java:logGet(43)) - raft.server.write.element-limit = 4096 (default)
2019-10-18 19:47:25,647 [3775819d-3279-4043-97e0-399c180bd06e@group-F31A2D01546B-LeaderElection6] INFO  server.RaftServerConfigKeys (ConfUtils.java:logGet(43)) - raft.server.watch.timeout = 10s (default)
2019-10-18 19:47:25,648 [3775819d-3279-4043-97e0-399c180bd06e@group-F31A2D01546B-LeaderElection6] INFO  server.RaftServerConfigKeys (ConfUtils.java:logGet(43)) - raft.server.watch.timeout.denomination = 1s (default)
2019-10-18 19:47:25,648 [3775819d-3279-4043-97e0-399c180bd06e@group-F31A2D01546B-LeaderElection6] INFO  server.RaftServerConfigKeys (ConfUtils.java:logGet(43)) - raft.server.watch.element-limit = 65536 (default)
2019-10-18 19:47:25,648 [EventQueue-PipelineReportForPipelineReportHandler] INFO  pipeline.PipelineReportHandler (PipelineReportHandler.java:processPipelineReport(119)) - Pipeline PipelineID=d4a04ea5-f82f-4974-ae2b-f31a2d01546b reported by 3775819d-3279-4043-97e0-399c180bd06e{ip: 192.168.69.98, host: pr-hdds-1868-rxw48-2170960119, networkLocation: /default-rack, certSerialId: null} with leaderId 3775819d-3279-4043-97e0-399c180bd06e
2019-10-18 19:47:25,648 [3775819d-3279-4043-97e0-399c180bd06e@group-F31A2D01546B-LeaderElection6] INFO  impl.RoleInfo (RoleInfo.java:updateAndGet(143)) - 3775819d-3279-4043-97e0-399c180bd06e: start LeaderState
2019-10-18 19:47:25,648 [EventQueue-PipelineReportForPipelineReportHandler] INFO  pipeline.PipelineStateManager (PipelineStateManager.java:openPipeline(134)) - Pipeline Pipeline[ Id: d4a04ea5-f82f-4974-ae2b-f31a2d01546b, Nodes: 3775819d-3279-4043-97e0-399c180bd06e{ip: 192.168.69.98, host: pr-hdds-1868-rxw48-2170960119, networkLocation: /default-rack, certSerialId: null}, Type:RATIS, Factor:ONE, State:OPEN] moved to OPEN state
2019-10-18 19:47:25,648 [3775819d-3279-4043-97e0-399c180bd06e@group-F31A2D01546B-LeaderElection6] INFO  segmented.SegmentedRaftLogWorker (SegmentedRaftLogWorker.java:startLogSegment(385)) - 3775819d-3279-4043-97e0-399c180bd06e@group-F31A2D01546B-SegmentedRaftLogWorker: Starting segment from index:0
2019-10-18 19:47:25,649 [3775819d-3279-4043-97e0-399c180bd06e@group-F31A2D01546B-LeaderElection6] INFO  impl.RaftServerImpl (ServerState.java:setRaftConf(356)) - 3775819d-3279-4043-97e0-399c180bd06e@group-F31A2D01546B: set configuration 0: [3775819d-3279-4043-97e0-399c180bd06e:192.168.69.98:37356], old=null at 0
2019-10-18 19:47:25,678 [refreshUsed-/workdir/hadoop-ozone/integration-test/target/test-dir/MiniOzoneClusterImpl-b2a1fe54-b4de-439d-8d2b-e5f043cc68c1/datanode-0/data/containers] WARN  fs.CachingGetSpaceUsed (CachingGetSpaceUsed.java:run(183)) - Thread Interrupted waiting to refresh disk information: sleep interrupted
2019-10-18 19:47:25,688 [main] INFO  utils.BackgroundService (BackgroundService.java:shutdown(151)) - Shutting down service BlockDeletingService
2019-10-18 19:47:25,688 [3775819d-3279-4043-97e0-399c180bd06e@group-F31A2D01546B-SegmentedRaftLogWorker] INFO  segmented.SegmentedRaftLogWorker (SegmentedRaftLogWorker.java:execute(576)) - 3775819d-3279-4043-97e0-399c180bd06e@group-F31A2D01546B-SegmentedRaftLogWorker: created new log segment /workdir/hadoop-ozone/integration-test/target/test-dir/MiniOzoneClusterImpl-b2a1fe54-b4de-439d-8d2b-e5f043cc68c1/datanode-2/data/ratis/d4a04ea5-f82f-4974-ae2b-f31a2d01546b/current/log_inprogress_0
2019-10-18 19:47:25,690 [main] INFO  statemachine.DatanodeStateMachine (DatanodeStateMachine.java:stopDaemon(395)) - Ozone container server stopped.
2019-10-18 19:47:25,690 [ForkJoinPool.commonPool-worker-1] INFO  utils.BackgroundService (BackgroundService.java:shutdown(151)) - Shutting down service BlockDeletingService
2019-10-18 19:47:25,692 [ForkJoinPool.commonPool-worker-1] INFO  statemachine.DatanodeStateMachine (DatanodeStateMachine.java:stopDaemon(395)) - Ozone container server stopped.
2019-10-18 19:47:25,692 [main] INFO  handler.ContextHandler (ContextHandler.java:doStop(910)) - Stopped o.e.j.w.WebAppContext@2f37f1f9{/,null,UNAVAILABLE}{/hddsDatanode}
2019-10-18 19:47:25,693 [main] INFO  server.AbstractConnector (AbstractConnector.java:doStop(318)) - Stopped ServerConnector@3374b5bc{HTTP/1.1,[http/1.1]}{0.0.0.0:0}
2019-10-18 19:47:25,694 [ForkJoinPool.commonPool-worker-1] INFO  handler.ContextHandler (ContextHandler.java:doStop(910)) - Stopped o.e.j.w.WebAppContext@25d93198{/,null,UNAVAILABLE}{/hddsDatanode}
2019-10-18 19:47:25,694 [main] INFO  handler.ContextHandler (ContextHandler.java:doStop(910)) - Stopped o.e.j.s.ServletContextHandler@78d6447a{/static,jar:file:/home/user/.m2/repository/org/apache/hadoop/hadoop-hdds-container-service/0.5.0-SNAPSHOT/hadoop-hdds-container-service-0.5.0-SNAPSHOT.jar!/webapps/static,UNAVAILABLE}
2019-10-18 19:47:25,694 [main] INFO  handler.ContextHandler (ContextHandler.java:doStop(910)) - Stopped o.e.j.s.ServletContextHandler@38bb9d7a{/logs,file:///workdir/hadoop-ozone/integration-test/target/log,UNAVAILABLE}
2019-10-18 19:47:25,694 [ForkJoinPool.commonPool-worker-1] INFO  server.AbstractConnector (AbstractConnector.java:doStop(318)) - Stopped ServerConnector@2436ea2f{HTTP/1.1,[http/1.1]}{0.0.0.0:0}
2019-10-18 19:47:25,696 [ForkJoinPool.commonPool-worker-1] INFO  handler.ContextHandler (ContextHandler.java:doStop(910)) - Stopped o.e.j.s.ServletContextHandler@fcc6023{/static,jar:file:/home/user/.m2/repository/org/apache/hadoop/hadoop-hdds-container-service/0.5.0-SNAPSHOT/hadoop-hdds-container-service-0.5.0-SNAPSHOT.jar!/webapps/static,UNAVAILABLE}
2019-10-18 19:47:25,696 [ForkJoinPool.commonPool-worker-1] INFO  handler.ContextHandler (ContextHandler.java:doStop(910)) - Stopped o.e.j.s.ServletContextHandler@216e0771{/logs,file:///workdir/hadoop-ozone/integration-test/target/log,UNAVAILABLE}
2019-10-18 19:47:26,646 [Datanode State Machine Thread - 0] INFO  statemachine.DatanodeStateMachine (DatanodeStateMachine.java:lambda$startDaemon$0(350)) - Ozone container server started.
2019-10-18 19:47:30,696 [main] INFO  ozoneimpl.OzoneContainer (OzoneContainer.java:stop(227)) - Attempting to stop container services.
2019-10-18 19:47:30,697 [main] INFO  impl.RaftServerProxy (RaftServerProxy.java:lambda$close$4(314)) - 3775819d-3279-4043-97e0-399c180bd06e: close
2019-10-18 19:47:30,698 [main] INFO  impl.RaftServerImpl (RaftServerImpl.java:lambda$shutdown$3(250)) - 3775819d-3279-4043-97e0-399c180bd06e@group-F31A2D01546B: shutdown
2019-10-18 19:47:30,698 [ForkJoinPool.commonPool-worker-0] INFO  impl.RaftServerImpl (RaftServerImpl.java:lambda$shutdown$3(250)) - 3775819d-3279-4043-97e0-399c180bd06e@group-FDFBE344B073: shutdown
2019-10-18 19:47:30,698 [main] INFO  util.JmxRegister (JmxRegister.java:unregister(73)) - Successfully un-registered JMX Bean with object name Ratis:service=RaftServer,group=group-F31A2D01546B,id=3775819d-3279-4043-97e0-399c180bd06e
2019-10-18 19:47:30,698 [ForkJoinPool.commonPool-worker-0] INFO  util.JmxRegister (JmxRegister.java:unregister(73)) - Successfully un-registered JMX Bean with object name Ratis:service=RaftServer,group=group-FDFBE344B073,id=3775819d-3279-4043-97e0-399c180bd06e
2019-10-18 19:47:30,698 [main] INFO  impl.RoleInfo (RoleInfo.java:shutdownLeaderState(104)) - 3775819d-3279-4043-97e0-399c180bd06e: shutdown LeaderState
2019-10-18 19:47:30,699 [ForkJoinPool.commonPool-worker-0] INFO  impl.RoleInfo (RoleInfo.java:shutdownFollowerState(121)) - 3775819d-3279-4043-97e0-399c180bd06e: shutdown FollowerState
2019-10-18 19:47:30,699 [main] INFO  impl.PendingRequests (PendingRequests.java:sendNotLeaderResponses(206)) - 3775819d-3279-4043-97e0-399c180bd06e@group-F31A2D01546B-PendingRequests: sendNotLeaderResponses
2019-10-18 19:47:30,699 [Thread-230] INFO  impl.FollowerState (FollowerState.java:run(120)) - 3775819d-3279-4043-97e0-399c180bd06e@group-FDFBE344B073-FollowerState was interrupted: java.lang.InterruptedException: sleep interrupted
2019-10-18 19:47:30,700 [main] INFO  impl.StateMachineUpdater (StateMachineUpdater.java:stopAndJoin(136)) - 3775819d-3279-4043-97e0-399c180bd06e@group-F31A2D01546B-StateMachineUpdater: set stopIndex = 0
2019-10-18 19:47:30,699 [ForkJoinPool.commonPool-worker-0] INFO  impl.StateMachineUpdater (StateMachineUpdater.java:stopAndJoin(136)) - 3775819d-3279-4043-97e0-399c180bd06e@group-FDFBE344B073-StateMachineUpdater: set stopIndex = 0
2019-10-18 19:47:30,701 [main] INFO  impl.RaftServerImpl (ServerState.java:close(387)) - 3775819d-3279-4043-97e0-399c180bd06e@group-F31A2D01546B: closes. applyIndex: 0
2019-10-18 19:47:30,701 [ForkJoinPool.commonPool-worker-0] INFO  impl.RaftServerImpl (ServerState.java:close(387)) - 3775819d-3279-4043-97e0-399c180bd06e@group-FDFBE344B073: closes. applyIndex: 0
2019-10-18 19:47:30,701 [3775819d-3279-4043-97e0-399c180bd06e@group-F31A2D01546B-SegmentedRaftLogWorker] INFO  segmented.SegmentedRaftLogWorker (SegmentedRaftLogWorker.java:run(316)) - 3775819d-3279-4043-97e0-399c180bd06e@group-F31A2D01546B-SegmentedRaftLogWorker was interrupted, exiting. There are 0 tasks remaining in the queue.
2019-10-18 19:47:30,702 [3775819d-3279-4043-97e0-399c180bd06e@group-FDFBE344B073-SegmentedRaftLogWorker] INFO  segmented.SegmentedRaftLogWorker (SegmentedRaftLogWorker.java:run(316)) - 3775819d-3279-4043-97e0-399c180bd06e@group-FDFBE344B073-SegmentedRaftLogWorker was interrupted, exiting. There are 0 tasks remaining in the queue.
2019-10-18 19:47:30,703 [main] INFO  segmented.SegmentedRaftLogWorker (SegmentedRaftLogWorker.java:close(224)) - 3775819d-3279-4043-97e0-399c180bd06e@group-F31A2D01546B-SegmentedRaftLogWorker close()
2019-10-18 19:47:30,714 [ForkJoinPool.commonPool-worker-0] INFO  segmented.SegmentedRaftLogWorker (SegmentedRaftLogWorker.java:close(224)) - 3775819d-3279-4043-97e0-399c180bd06e@group-FDFBE344B073-SegmentedRaftLogWorker close()
2019-10-18 19:47:30,716 [main] INFO  server.GrpcService (GrpcService.java:closeImpl(164)) - 3775819d-3279-4043-97e0-399c180bd06e: shutdown server with port 37356 now
2019-10-18 19:47:30,717 [main] INFO  server.GrpcService (GrpcService.java:closeImpl(172)) - 3775819d-3279-4043-97e0-399c180bd06e: shutdown server with port 37356 successfully
2019-10-18 19:47:30,723 [refreshUsed-/workdir/hadoop-ozone/integration-test/target/test-dir/MiniOzoneClusterImpl-b2a1fe54-b4de-439d-8d2b-e5f043cc68c1/datanode-2/data/containers] WARN  fs.CachingGetSpaceUsed (CachingGetSpaceUsed.java:run(183)) - Thread Interrupted waiting to refresh disk information: sleep interrupted
2019-10-18 19:47:30,742 [main] INFO  utils.BackgroundService (BackgroundService.java:shutdown(151)) - Shutting down service BlockDeletingService
2019-10-18 19:47:30,743 [main] INFO  statemachine.DatanodeStateMachine (DatanodeStateMachine.java:stopDaemon(395)) - Ozone container server stopped.
2019-10-18 19:47:30,744 [main] INFO  handler.ContextHandler (ContextHandler.java:doStop(910)) - Stopped o.e.j.w.WebAppContext@63c12e52{/,null,UNAVAILABLE}{/hddsDatanode}
2019-10-18 19:47:30,745 [main] INFO  server.AbstractConnector (AbstractConnector.java:doStop(318)) - Stopped ServerConnector@21bd20ee{HTTP/1.1,[http/1.1]}{0.0.0.0:0}
2019-10-18 19:47:30,746 [main] INFO  handler.ContextHandler (ContextHandler.java:doStop(910)) - Stopped o.e.j.s.ServletContextHandler@10a0fe30{/static,jar:file:/home/user/.m2/repository/org/apache/hadoop/hadoop-hdds-container-service/0.5.0-SNAPSHOT/hadoop-hdds-container-service-0.5.0-SNAPSHOT.jar!/webapps/static,UNAVAILABLE}
2019-10-18 19:47:30,746 [main] INFO  handler.ContextHandler (ContextHandler.java:doStop(910)) - Stopped o.e.j.s.ServletContextHandler@51c959a4{/logs,file:///workdir/hadoop-ozone/integration-test/target/log,UNAVAILABLE}
2019-10-18 19:47:30,747 [main] INFO  ozone.MiniOzoneClusterImpl (MiniOzoneClusterImpl.java:stopSCM(430)) - Stopping the StorageContainerManager
2019-10-18 19:47:30,747 [main] INFO  server.StorageContainerManager (StorageContainerManager.java:stop(810)) - Stopping Replication Manager Service.
2019-10-18 19:47:30,747 [main] INFO  container.ReplicationManager (ReplicationManager.java:stop(203)) - Stopping Replication Monitor Thread.
2019-10-18 19:47:30,748 [main] INFO  server.StorageContainerManager (StorageContainerManager.java:stop(817)) - Stopping Lease Manager of the command watchers
2019-10-18 19:47:30,748 [main] INFO  server.StorageContainerManager (StorageContainerManager.java:stop(824)) - Stopping datanode service RPC server
2019-10-18 19:47:30,748 [main] INFO  server.SCMDatanodeProtocolServer (SCMDatanodeProtocolServer.java:stop(346)) - Stopping the RPC server for DataNodes
2019-10-18 19:47:30,748 [main] INFO  ipc.Server (Server.java:stop(3082)) - Stopping server on 35809
2019-10-18 19:47:30,749 [IPC Server listener on 35809] INFO  ipc.Server (Server.java:run(1185)) - Stopping IPC Server listener on 35809
2019-10-18 19:47:30,750 [IPC Server Responder] INFO  ipc.Server (Server.java:run(1319)) - Stopping IPC Server Responder
2019-10-18 19:47:30,785 [SCM Heartbeat Processing Thread - 0] WARN  node.NodeStateManager (NodeStateManager.java:scheduleNextHealthCheck(646)) - Current Thread is interrupted, shutting down HB processing thread for Node Manager.
2019-10-18 19:47:30,786 [main] INFO  server.StorageContainerManager (StorageContainerManager.java:stop(832)) - Stopping block service RPC server
2019-10-18 19:47:30,786 [main] INFO  server.SCMBlockProtocolServer (SCMBlockProtocolServer.java:stop(155)) - Stopping the RPC server for Block Protocol
2019-10-18 19:47:30,786 [main] INFO  ipc.Server (Server.java:stop(3082)) - Stopping server on 38289
2019-10-18 19:47:30,787 [IPC Server listener on 38289] INFO  ipc.Server (Server.java:run(1185)) - Stopping IPC Server listener on 38289
2019-10-18 19:47:30,787 [main] INFO  server.StorageContainerManager (StorageContainerManager.java:stop(839)) - Stopping the StorageContainerLocationProtocol RPC server
2019-10-18 19:47:30,788 [main] INFO  server.SCMClientProtocolServer (SCMClientProtocolServer.java:stop(168)) - Stopping the RPC server for Client Protocol
2019-10-18 19:47:30,789 [main] INFO  ipc.Server (Server.java:stop(3082)) - Stopping server on 35784
2019-10-18 19:47:30,788 [IPC Server Responder] INFO  ipc.Server (Server.java:run(1319)) - Stopping IPC Server Responder
2019-10-18 19:47:30,791 [IPC Server listener on 35784] INFO  ipc.Server (Server.java:run(1185)) - Stopping IPC Server listener on 35784
2019-10-18 19:47:30,791 [main] INFO  server.StorageContainerManager (StorageContainerManager.java:stop(846)) - Stopping Storage Container Manager HTTP server.
2019-10-18 19:47:30,791 [IPC Server Responder] INFO  ipc.Server (Server.java:run(1319)) - Stopping IPC Server Responder
2019-10-18 19:47:30,792 [main] INFO  handler.ContextHandler (ContextHandler.java:doStop(910)) - Stopped o.e.j.w.WebAppContext@6bc248ed{/,null,UNAVAILABLE}{/scm}
2019-10-18 19:47:30,793 [main] INFO  server.AbstractConnector (AbstractConnector.java:doStop(318)) - Stopped ServerConnector@73511076{HTTP/1.1,[http/1.1]}{0.0.0.0:0}
2019-10-18 19:47:30,794 [main] INFO  handler.ContextHandler (ContextHandler.java:doStop(910)) - Stopped o.e.j.s.ServletContextHandler@34f7234e{/static,file:///workdir/hadoop-ozone/integration-test/target/test-classes/webapps/static,UNAVAILABLE}
2019-10-18 19:47:30,795 [main] INFO  handler.ContextHandler (ContextHandler.java:doStop(910)) - Stopped o.e.j.s.ServletContextHandler@78f5c518{/logs,file:///workdir/hadoop-ozone/integration-test/target/log,UNAVAILABLE}
2019-10-18 19:47:30,796 [main] INFO  server.StorageContainerManager (StorageContainerManager.java:stop(857)) - Stopping Block Manager Service.
2019-10-18 19:47:30,796 [main] INFO  utils.BackgroundService (BackgroundService.java:shutdown(151)) - Shutting down service SCMBlockDeletingService
2019-10-18 19:47:30,797 [main] INFO  utils.BackgroundService (BackgroundService.java:shutdown(151)) - Shutting down service SCMBlockDeletingService
2019-10-18 19:47:30,798 [main] INFO  server.StorageContainerManager (StorageContainerManager.java:stop(879)) - Stopping SCM Event Queue.
2019-10-18 19:47:30,807 [main] INFO  impl.MetricsSystemImpl (MetricsSystemImpl.java:stop(210)) - Stopping HddsDatanode metrics system...
2019-10-18 19:47:30,812 [prometheus] INFO  impl.MetricsSinkAdapter (MetricsSinkAdapter.java:publishMetricsFromQueue(141)) - prometheus thread interrupted.
2019-10-18 19:47:30,812 [main] INFO  impl.MetricsSystemImpl (MetricsSystemImpl.java:stop(216)) - HddsDatanode metrics system stopped.
]]></system-out>
    <system-err><![CDATA[ERROR StatusLogger No Log4j 2 configuration file found. Using default configuration (logging only errors to the console), or user programmatically provided configurations. Set system property 'log4j2.debug' to show Log4j 2 internal initialization logging. See https://logging.apache.org/log4j/2.x/manual/configuration.html for instructions on how to configure Log4j 2
]]></system-err>
  </testcase>
  <testcase name="testNumBlocksAllocated" classname="org.apache.hadoop.ozone.scm.pipeline.TestSCMPipelineMetrics" time="24.481"/>
  <testcase name="testPipelineCreation" classname="org.apache.hadoop.ozone.scm.pipeline.TestSCMPipelineMetrics" time="24.57"/>
</testsuite>