<?xml version="1.0" encoding="UTF-8"?>
<testsuite xmlns:xsi="http://www.w3.org/2001/XMLSchema-instance" xsi:noNamespaceSchemaLocation="https://maven.apache.org/surefire/maven-surefire-plugin/xsd/surefire-test-report.xsd" name="org.apache.hadoop.ozone.client.rpc.TestWatchForCommit" time="256.513" tests="5" errors="1" skipped="0" failures="0">
  <properties>
    <property name="awt.toolkit" value="sun.awt.X11.XToolkit"/>
    <property name="file.encoding.pkg" value="sun.io"/>
    <property name="java.specification.version" value="1.8"/>
    <property name="sun.cpu.isalist" value=""/>
    <property name="sun.jnu.encoding" value="UTF-8"/>
    <property name="java.class.path" value="/workdir/hadoop-ozone/integration-test/target/test-classes:/workdir/hadoop-ozone/integration-test/target/classes:/home/user/.m2/repository/org/apache/hadoop/hadoop-ozone-common/0.5.0-SNAPSHOT/hadoop-ozone-common-0.5.0-SNAPSHOT.jar:/home/user/.m2/repository/org/apache/commons/commons-compress/1.4.1/commons-compress-1.4.1.jar:/home/user/.m2/repository/org/tukaani/xz/1.0/xz-1.0.jar:/home/user/.m2/repository/org/apache/hadoop/hadoop-common/3.2.0/hadoop-common-3.2.0.jar:/home/user/.m2/repository/org/apache/hadoop/hadoop-hdfs/3.2.0/hadoop-hdfs-3.2.0.jar:/home/user/.m2/repository/org/apache/hadoop/hadoop-hdfs-client/3.2.0/hadoop-hdfs-client-3.2.0.jar:/home/user/.m2/repository/com/fasterxml/jackson/core/jackson-annotations/2.9.9/jackson-annotations-2.9.9.jar:/home/user/.m2/repository/org/apache/hadoop/hadoop-hdds-common/0.5.0-SNAPSHOT/hadoop-hdds-common-0.5.0-SNAPSHOT.jar:/home/user/.m2/repository/javax/annotation/javax.annotation-api/1.2/javax.annotation-api-1.2.jar:/home/user/.m2/repository/org/apache/ratis/ratis-server/0.5.0-201fc85-SNAPSHOT/ratis-server-0.5.0-201fc85-SNAPSHOT.jar:/home/user/.m2/repository/org/apache/ratis/ratis-thirdparty-misc/0.2.0/ratis-thirdparty-misc-0.2.0.jar:/home/user/.m2/repository/org/apache/ratis/ratis-proto/0.5.0-201fc85-SNAPSHOT/ratis-proto-0.5.0-201fc85-SNAPSHOT.jar:/home/user/.m2/repository/org/apache/ratis/ratis-common/0.5.0-201fc85-SNAPSHOT/ratis-common-0.5.0-201fc85-SNAPSHOT.jar:/home/user/.m2/repository/org/apache/ratis/ratis-client/0.5.0-201fc85-SNAPSHOT/ratis-client-0.5.0-201fc85-SNAPSHOT.jar:/home/user/.m2/repository/org/apache/ratis/ratis-metrics/0.5.0-201fc85-SNAPSHOT/ratis-metrics-0.5.0-201fc85-SNAPSHOT.jar:/home/user/.m2/repository/com/github/joshelser/dropwizard-metrics-hadoop-metrics2-reporter/0.1.2/dropwizard-metrics-hadoop-metrics2-reporter-0.1.2.jar:/home/user/.m2/repository/io/dropwizard/metrics/metrics-jvm/3.2.5/metrics-jvm-3.2.5.jar:/home/user/.m2/repository/io/dropwizard/metrics/metrics-ganglia/3.2.5/metrics-ganglia-3.2.5.jar:/home/user/.m2/repository/info/ganglia/gmetric4j/gmetric4j/1.0.7/gmetric4j-1.0.7.jar:/home/user/.m2/repository/org/apache/ratis/ratis-netty/0.5.0-201fc85-SNAPSHOT/ratis-netty-0.5.0-201fc85-SNAPSHOT.jar:/home/user/.m2/repository/org/apache/ratis/ratis-grpc/0.5.0-201fc85-SNAPSHOT/ratis-grpc-0.5.0-201fc85-SNAPSHOT.jar:/home/user/.m2/repository/org/rocksdb/rocksdbjni/6.0.1/rocksdbjni-6.0.1.jar:/home/user/.m2/repository/org/apache/logging/log4j/log4j-api/2.11.0/log4j-api-2.11.0.jar:/home/user/.m2/repository/org/apache/logging/log4j/log4j-core/2.11.0/log4j-core-2.11.0.jar:/home/user/.m2/repository/com/lmax/disruptor/3.4.2/disruptor-3.4.2.jar:/home/user/.m2/repository/org/apache/commons/commons-pool2/2.6.0/commons-pool2-2.6.0.jar:/home/user/.m2/repository/org/bouncycastle/bcpkix-jdk15on/1.60/bcpkix-jdk15on-1.60.jar:/home/user/.m2/repository/commons-validator/commons-validator/1.6/commons-validator-1.6.jar:/home/user/.m2/repository/commons-digester/commons-digester/1.8.1/commons-digester-1.8.1.jar:/home/user/.m2/repository/io/jaegertracing/jaeger-client/0.34.0/jaeger-client-0.34.0.jar:/home/user/.m2/repository/io/jaegertracing/jaeger-thrift/0.34.0/jaeger-thrift-0.34.0.jar:/home/user/.m2/repository/org/apache/thrift/libthrift/0.12.0/libthrift-0.12.0.jar:/home/user/.m2/repository/com/squareup/okhttp3/okhttp/3.9.0/okhttp-3.9.0.jar:/home/user/.m2/repository/com/squareup/okio/okio/1.13.0/okio-1.13.0.jar:/home/user/.m2/repository/io/jaegertracing/jaeger-core/0.34.0/jaeger-core-0.34.0.jar:/home/user/.m2/repository/io/jaegertracing/jaeger-tracerresolver/0.34.0/jaeger-tracerresolver-0.34.0.jar:/home/user/.m2/repository/io/opentracing/contrib/opentracing-tracerresolver/0.1.5/opentracing-tracerresolver-0.1.5.jar:/home/user/.m2/repository/io/opentracing/opentracing-util/0.31.0/opentracing-util-0.31.0.jar:/home/user/.m2/repository/io/opentracing/opentracing-api/0.31.0/opentracing-api-0.31.0.jar:/home/user/.m2/repository/io/opentracing/opentracing-noop/0.31.0/opentracing-noop-0.31.0.jar:/home/user/.m2/repository/org/apache/hadoop/hadoop-hdds-server-framework/0.5.0-SNAPSHOT/hadoop-hdds-server-framework-0.5.0-SNAPSHOT.jar:/home/user/.m2/repository/org/apache/hadoop/hadoop-hdds-container-service/0.5.0-SNAPSHOT/hadoop-hdds-container-service-0.5.0-SNAPSHOT.jar:/home/user/.m2/repository/org/apache/hadoop/hadoop-hdds-client/0.5.0-SNAPSHOT/hadoop-hdds-client-0.5.0-SNAPSHOT.jar:/home/user/.m2/repository/org/apache/hadoop/hadoop-hdds-tools/0.5.0-SNAPSHOT/hadoop-hdds-tools-0.5.0-SNAPSHOT.jar:/home/user/.m2/repository/org/apache/hadoop/hadoop-hdds-server-scm/0.5.0-SNAPSHOT/hadoop-hdds-server-scm-0.5.0-SNAPSHOT.jar:/home/user/.m2/repository/org/apache/hadoop/hadoop-hdds-docs/0.5.0-SNAPSHOT/hadoop-hdds-docs-0.5.0-SNAPSHOT.jar:/home/user/.m2/repository/io/dropwizard/metrics/metrics-core/3.2.4/metrics-core-3.2.4.jar:/home/user/.m2/repository/org/hamcrest/hamcrest-all/1.3/hamcrest-all-1.3.jar:/home/user/.m2/repository/org/bouncycastle/bcprov-jdk15on/1.60/bcprov-jdk15on-1.60.jar:/home/user/.m2/repository/info/picocli/picocli/3.9.6/picocli-3.9.6.jar:/home/user/.m2/repository/com/google/protobuf/protobuf-java/2.5.0/protobuf-java-2.5.0.jar:/home/user/.m2/repository/com/google/guava/guava/11.0.2/guava-11.0.2.jar:/home/user/.m2/repository/org/apache/hadoop/hadoop-ozone-ozone-manager/0.5.0-SNAPSHOT/hadoop-ozone-ozone-manager-0.5.0-SNAPSHOT.jar:/home/user/.m2/repository/org/apache/hadoop/hadoop-minikdc/3.2.0/hadoop-minikdc-3.2.0.jar:/home/user/.m2/repository/commons-io/commons-io/2.5/commons-io-2.5.jar:/home/user/.m2/repository/org/apache/kerby/kerb-simplekdc/1.0.1/kerb-simplekdc-1.0.1.jar:/home/user/.m2/repository/org/apache/kerby/kerb-client/1.0.1/kerb-client-1.0.1.jar:/home/user/.m2/repository/org/apache/kerby/kerby-config/1.0.1/kerby-config-1.0.1.jar:/home/user/.m2/repository/org/apache/kerby/kerb-core/1.0.1/kerb-core-1.0.1.jar:/home/user/.m2/repository/org/apache/kerby/kerby-pkix/1.0.1/kerby-pkix-1.0.1.jar:/home/user/.m2/repository/org/apache/kerby/kerby-asn1/1.0.1/kerby-asn1-1.0.1.jar:/home/user/.m2/repository/org/apache/kerby/kerby-util/1.0.1/kerby-util-1.0.1.jar:/home/user/.m2/repository/org/apache/kerby/kerb-common/1.0.1/kerb-common-1.0.1.jar:/home/user/.m2/repository/org/apache/kerby/kerb-crypto/1.0.1/kerb-crypto-1.0.1.jar:/home/user/.m2/repository/org/apache/kerby/kerb-util/1.0.1/kerb-util-1.0.1.jar:/home/user/.m2/repository/org/apache/kerby/token-provider/1.0.1/token-provider-1.0.1.jar:/home/user/.m2/repository/org/apache/kerby/kerb-admin/1.0.1/kerb-admin-1.0.1.jar:/home/user/.m2/repository/org/apache/kerby/kerb-server/1.0.1/kerb-server-1.0.1.jar:/home/user/.m2/repository/org/apache/kerby/kerb-identity/1.0.1/kerb-identity-1.0.1.jar:/home/user/.m2/repository/org/apache/kerby/kerby-xdr/1.0.1/kerby-xdr-1.0.1.jar:/home/user/.m2/repository/org/slf4j/slf4j-log4j12/1.7.25/slf4j-log4j12-1.7.25.jar:/home/user/.m2/repository/org/apache/hadoop/hadoop-ozone-s3gateway/0.5.0-SNAPSHOT/hadoop-ozone-s3gateway-0.5.0-SNAPSHOT.jar:/home/user/.m2/repository/org/jboss/weld/servlet/weld-servlet/2.4.7.Final/weld-servlet-2.4.7.Final.jar:/home/user/.m2/repository/org/glassfish/jersey/containers/jersey-container-servlet-core/2.27/jersey-container-servlet-core-2.27.jar:/home/user/.m2/repository/org/glassfish/hk2/external/javax.inject/2.5.0-b42/javax.inject-2.5.0-b42.jar:/home/user/.m2/repository/org/glassfish/jersey/core/jersey-common/2.27/jersey-common-2.27.jar:/home/user/.m2/repository/org/glassfish/hk2/osgi-resource-locator/1.0.1/osgi-resource-locator-1.0.1.jar:/home/user/.m2/repository/javax/ws/rs/javax.ws.rs-api/2.1/javax.ws.rs-api-2.1.jar:/home/user/.m2/repository/org/glassfish/jersey/ext/cdi/jersey-cdi1x/2.27/jersey-cdi1x-2.27.jar:/home/user/.m2/repository/org/glassfish/jersey/inject/jersey-hk2/2.27/jersey-hk2-2.27.jar:/home/user/.m2/repository/org/glassfish/hk2/hk2-locator/2.5.0-b42/hk2-locator-2.5.0-b42.jar:/home/user/.m2/repository/org/javassist/javassist/3.22.0-CR2/javassist-3.22.0-CR2.jar:/home/user/.m2/repository/org/glassfish/hk2/hk2-api/2.5.0/hk2-api-2.5.0.jar:/home/user/.m2/repository/org/glassfish/hk2/external/jakarta.inject/2.5.0/jakarta.inject-2.5.0.jar:/home/user/.m2/repository/org/glassfish/hk2/hk2-utils/2.5.0/hk2-utils-2.5.0.jar:/home/user/.m2/repository/jakarta/annotation/jakarta.annotation-api/1.3.4/jakarta.annotation-api-1.3.4.jar:/home/user/.m2/repository/org/glassfish/hk2/external/aopalliance-repackaged/2.5.0/aopalliance-repackaged-2.5.0.jar:/home/user/.m2/repository/com/fasterxml/jackson/dataformat/jackson-dataformat-xml/2.9.0/jackson-dataformat-xml-2.9.0.jar:/home/user/.m2/repository/com/fasterxml/jackson/core/jackson-core/2.9.9/jackson-core-2.9.9.jar:/home/user/.m2/repository/com/fasterxml/jackson/module/jackson-module-jaxb-annotations/2.9.9/jackson-module-jaxb-annotations-2.9.9.jar:/home/user/.m2/repository/javax/enterprise/cdi-api/1.2/cdi-api-1.2.jar:/home/user/.m2/repository/javax/el/javax.el-api/3.0.0/javax.el-api-3.0.0.jar:/home/user/.m2/repository/javax/interceptor/javax.interceptor-api/1.2/javax.interceptor-api-1.2.jar:/home/user/.m2/repository/javax/inject/javax.inject/1/javax.inject-1.jar:/home/user/.m2/repository/com/sun/xml/bind/jaxb-impl/2.3.0.1/jaxb-impl-2.3.0.1.jar:/home/user/.m2/repository/com/sun/xml/bind/jaxb-core/2.3.0.1/jaxb-core-2.3.0.1.jar:/home/user/.m2/repository/javax/xml/bind/jaxb-api/2.3.0/jaxb-api-2.3.0.jar:/home/user/.m2/repository/javax/activation/activation/1.1.1/activation-1.1.1.jar:/home/user/.m2/repository/org/apache/hadoop/hadoop-ozone-csi/0.5.0-SNAPSHOT/hadoop-ozone-csi-0.5.0-SNAPSHOT.jar:/home/user/.m2/repository/com/google/protobuf/protobuf-java-util/3.5.1/protobuf-java-util-3.5.1.jar:/home/user/.m2/repository/org/apache/hadoop/hadoop-hdds-config/0.5.0-SNAPSHOT/hadoop-hdds-config-0.5.0-SNAPSHOT.jar:/home/user/.m2/repository/io/grpc/grpc-netty/1.17.1/grpc-netty-1.17.1.jar:/home/user/.m2/repository/io/grpc/grpc-core/1.17.1/grpc-core-1.17.1.jar:/home/user/.m2/repository/io/grpc/grpc-context/1.17.1/grpc-context-1.17.1.jar:/home/user/.m2/repository/com/google/errorprone/error_prone_annotations/2.2.0/error_prone_annotations-2.2.0.jar:/home/user/.m2/repository/org/codehaus/mojo/animal-sniffer-annotations/1.17/animal-sniffer-annotations-1.17.jar:/home/user/.m2/repository/io/opencensus/opencensus-api/0.17.0/opencensus-api-0.17.0.jar:/home/user/.m2/repository/io/opencensus/opencensus-contrib-grpc-metrics/0.17.0/opencensus-contrib-grpc-metrics-0.17.0.jar:/home/user/.m2/repository/io/netty/netty-codec-http2/4.1.30.Final/netty-codec-http2-4.1.30.Final.jar:/home/user/.m2/repository/io/netty/netty-codec-http/4.1.30.Final/netty-codec-http-4.1.30.Final.jar:/home/user/.m2/repository/io/netty/netty-codec/4.1.30.Final/netty-codec-4.1.30.Final.jar:/home/user/.m2/repository/io/netty/netty-handler/4.1.30.Final/netty-handler-4.1.30.Final.jar:/home/user/.m2/repository/io/netty/netty-handler-proxy/4.1.30.Final/netty-handler-proxy-4.1.30.Final.jar:/home/user/.m2/repository/io/netty/netty-codec-socks/4.1.30.Final/netty-codec-socks-4.1.30.Final.jar:/home/user/.m2/repository/io/netty/netty-transport-native-epoll/4.1.30.Final/netty-transport-native-epoll-4.1.30.Final.jar:/home/user/.m2/repository/io/netty/netty-common/4.1.30.Final/netty-common-4.1.30.Final.jar:/home/user/.m2/repository/io/netty/netty-buffer/4.1.30.Final/netty-buffer-4.1.30.Final.jar:/home/user/.m2/repository/io/netty/netty-transport/4.1.30.Final/netty-transport-4.1.30.Final.jar:/home/user/.m2/repository/io/netty/netty-resolver/4.1.30.Final/netty-resolver-4.1.30.Final.jar:/home/user/.m2/repository/io/netty/netty-transport-native-unix-common/4.1.30.Final/netty-transport-native-unix-common-4.1.30.Final.jar:/home/user/.m2/repository/io/grpc/grpc-protobuf/1.17.1/grpc-protobuf-1.17.1.jar:/home/user/.m2/repository/com/google/api/grpc/proto-google-common-protos/1.0.0/proto-google-common-protos-1.0.0.jar:/home/user/.m2/repository/io/grpc/grpc-protobuf-lite/1.17.1/grpc-protobuf-lite-1.17.1.jar:/home/user/.m2/repository/io/grpc/grpc-stub/1.17.1/grpc-stub-1.17.1.jar:/home/user/.m2/repository/org/apache/hadoop/hadoop-ozone-recon/0.5.0-SNAPSHOT/hadoop-ozone-recon-0.5.0-SNAPSHOT.jar:/home/user/.m2/repository/org/apache/hadoop/hadoop-ozone-reconcodegen/0.5.0-SNAPSHOT/hadoop-ozone-reconcodegen-0.5.0-SNAPSHOT.jar:/home/user/.m2/repository/com/google/inject/extensions/guice-multibindings/4.0/guice-multibindings-4.0.jar:/home/user/.m2/repository/com/google/inject/guice/4.0/guice-4.0.jar:/home/user/.m2/repository/aopalliance/aopalliance/1.0/aopalliance-1.0.jar:/home/user/.m2/repository/com/google/inject/extensions/guice-servlet/4.0/guice-servlet-4.0.jar:/home/user/.m2/repository/org/glassfish/jersey/containers/jersey-container-servlet/2.27/jersey-container-servlet-2.27.jar:/home/user/.m2/repository/org/glassfish/hk2/guice-bridge/2.5.0/guice-bridge-2.5.0.jar:/home/user/.m2/repository/org/glassfish/jersey/core/jersey-server/2.27/jersey-server-2.27.jar:/home/user/.m2/repository/org/glassfish/jersey/core/jersey-client/2.27/jersey-client-2.27.jar:/home/user/.m2/repository/org/glassfish/jersey/media/jersey-media-jaxb/2.27/jersey-media-jaxb-2.27.jar:/home/user/.m2/repository/javax/validation/validation-api/1.1.0.Final/validation-api-1.1.0.Final.jar:/home/user/.m2/repository/org/glassfish/jersey/media/jersey-media-json-jackson/2.27/jersey-media-json-jackson-2.27.jar:/home/user/.m2/repository/org/glassfish/jersey/ext/jersey-entity-filtering/2.27/jersey-entity-filtering-2.27.jar:/home/user/.m2/repository/com/google/inject/extensions/guice-assistedinject/4.0/guice-assistedinject-4.0.jar:/home/user/.m2/repository/org/jooq/jooq/3.11.10/jooq-3.11.10.jar:/home/user/.m2/repository/org/jooq/jooq-meta/3.11.10/jooq-meta-3.11.10.jar:/home/user/.m2/repository/org/jooq/jooq-codegen/3.11.10/jooq-codegen-3.11.10.jar:/home/user/.m2/repository/com/jolbox/bonecp/0.8.0.RELEASE/bonecp-0.8.0.RELEASE.jar:/home/user/.m2/repository/org/xerial/sqlite-jdbc/3.25.2/sqlite-jdbc-3.25.2.jar:/home/user/.m2/repository/org/springframework/spring-jdbc/5.1.3.RELEASE/spring-jdbc-5.1.3.RELEASE.jar:/home/user/.m2/repository/org/springframework/spring-beans/5.1.3.RELEASE/spring-beans-5.1.3.RELEASE.jar:/home/user/.m2/repository/org/springframework/spring-core/5.1.3.RELEASE/spring-core-5.1.3.RELEASE.jar:/home/user/.m2/repository/org/springframework/spring-jcl/5.1.3.RELEASE/spring-jcl-5.1.3.RELEASE.jar:/home/user/.m2/repository/org/springframework/spring-tx/5.1.3.RELEASE/spring-tx-5.1.3.RELEASE.jar:/home/user/.m2/repository/org/apache/hadoop/hadoop-ozone-client/0.5.0-SNAPSHOT/hadoop-ozone-client-0.5.0-SNAPSHOT.jar:/home/user/.m2/repository/commons-lang/commons-lang/2.6/commons-lang-2.6.jar:/home/user/.m2/repository/org/apache/hadoop/hadoop-ozone-ozone-manager/0.5.0-SNAPSHOT/hadoop-ozone-ozone-manager-0.5.0-SNAPSHOT-tests.jar:/home/user/.m2/repository/junit/junit/4.11/junit-4.11.jar:/home/user/.m2/repository/org/hamcrest/hamcrest-core/1.3/hamcrest-core-1.3.jar:/home/user/.m2/repository/org/openjdk/jmh/jmh-core/1.19/jmh-core-1.19.jar:/home/user/.m2/repository/net/sf/jopt-simple/jopt-simple/4.6/jopt-simple-4.6.jar:/home/user/.m2/repository/org/apache/commons/commons-math3/3.1.1/commons-math3-3.1.1.jar:/home/user/.m2/repository/org/openjdk/jmh/jmh-generator-annprocess/1.19/jmh-generator-annprocess-1.19.jar:/home/user/.m2/repository/org/mockito/mockito-all/1.8.5/mockito-all-1.8.5.jar:/home/user/.m2/repository/org/apache/hadoop/hadoop-kms/3.2.0/hadoop-kms-3.2.0.jar:/home/user/.m2/repository/org/apache/hadoop/hadoop-auth/3.2.0/hadoop-auth-3.2.0.jar:/home/user/.m2/repository/com/nimbusds/nimbus-jose-jwt/4.41.1/nimbus-jose-jwt-4.41.1.jar:/home/user/.m2/repository/com/github/stephenc/jcip/jcip-annotations/1.0-1/jcip-annotations-1.0-1.jar:/home/user/.m2/repository/net/minidev/json-smart/2.3/json-smart-2.3.jar:/home/user/.m2/repository/net/minidev/accessors-smart/1.2/accessors-smart-1.2.jar:/home/user/.m2/repository/org/ow2/asm/asm/5.0.4/asm-5.0.4.jar:/home/user/.m2/repository/org/apache/curator/curator-framework/2.12.0/curator-framework-2.12.0.jar:/home/user/.m2/repository/com/sun/jersey/jersey-core/1.19/jersey-core-1.19.jar:/home/user/.m2/repository/javax/ws/rs/jsr311-api/1.1.1/jsr311-api-1.1.1.jar:/home/user/.m2/repository/com/sun/jersey/jersey-server/1.19/jersey-server-1.19.jar:/home/user/.m2/repository/javax/servlet/javax.servlet-api/3.1.0/javax.servlet-api-3.1.0.jar:/home/user/.m2/repository/org/eclipse/jetty/jetty-server/9.3.25.v20180904/jetty-server-9.3.25.v20180904.jar:/home/user/.m2/repository/org/eclipse/jetty/jetty-http/9.3.25.v20180904/jetty-http-9.3.25.v20180904.jar:/home/user/.m2/repository/org/eclipse/jetty/jetty-io/9.3.25.v20180904/jetty-io-9.3.25.v20180904.jar:/home/user/.m2/repository/org/eclipse/jetty/jetty-webapp/9.3.25.v20180904/jetty-webapp-9.3.25.v20180904.jar:/home/user/.m2/repository/org/eclipse/jetty/jetty-xml/9.3.25.v20180904/jetty-xml-9.3.25.v20180904.jar:/home/user/.m2/repository/log4j/log4j/1.2.17/log4j-1.2.17.jar:/home/user/.m2/repository/org/slf4j/slf4j-api/1.7.25/slf4j-api-1.7.25.jar:/home/user/.m2/repository/org/slf4j/jul-to-slf4j/1.7.25/jul-to-slf4j-1.7.25.jar:/home/user/.m2/repository/org/eclipse/jetty/jetty-util/9.3.25.v20180904/jetty-util-9.3.25.v20180904.jar:/home/user/.m2/repository/com/fasterxml/jackson/core/jackson-databind/2.9.9/jackson-databind-2.9.9.jar:/home/user/.m2/repository/org/apache/hadoop/hadoop-kms/3.2.0/hadoop-kms-3.2.0-tests.jar:/home/user/.m2/repository/org/apache/hadoop/hadoop-hdds-server-scm/0.5.0-SNAPSHOT/hadoop-hdds-server-scm-0.5.0-SNAPSHOT-tests.jar:/home/user/.m2/repository/org/apache/hadoop/hadoop-hdds-container-service/0.5.0-SNAPSHOT/hadoop-hdds-container-service-0.5.0-SNAPSHOT-tests.jar:/home/user/.m2/repository/org/yaml/snakeyaml/1.16/snakeyaml-1.16.jar:/home/user/.m2/repository/org/apache/hadoop/hadoop-common/3.2.0/hadoop-common-3.2.0-tests.jar:/home/user/.m2/repository/org/apache/hadoop/hadoop-annotations/3.2.0/hadoop-annotations-3.2.0.jar:/usr/lib/jvm/java-1.8-openjdk/jre/../lib/tools.jar:/home/user/.m2/repository/commons-cli/commons-cli/1.2/commons-cli-1.2.jar:/home/user/.m2/repository/org/apache/httpcomponents/httpclient/4.5.2/httpclient-4.5.2.jar:/home/user/.m2/repository/org/apache/httpcomponents/httpcore/4.4.4/httpcore-4.4.4.jar:/home/user/.m2/repository/commons-codec/commons-codec/1.11/commons-codec-1.11.jar:/home/user/.m2/repository/commons-net/commons-net/3.6/commons-net-3.6.jar:/home/user/.m2/repository/commons-collections/commons-collections/3.2.2/commons-collections-3.2.2.jar:/home/user/.m2/repository/org/eclipse/jetty/jetty-servlet/9.3.25.v20180904/jetty-servlet-9.3.25.v20180904.jar:/home/user/.m2/repository/org/eclipse/jetty/jetty-security/9.3.25.v20180904/jetty-security-9.3.25.v20180904.jar:/home/user/.m2/repository/javax/servlet/jsp/jsp-api/2.1/jsp-api-2.1.jar:/home/user/.m2/repository/com/sun/jersey/jersey-servlet/1.19/jersey-servlet-1.19.jar:/home/user/.m2/repository/com/sun/jersey/jersey-json/1.19/jersey-json-1.19.jar:/home/user/.m2/repository/org/codehaus/jettison/jettison/1.1/jettison-1.1.jar:/home/user/.m2/repository/org/codehaus/jackson/jackson-core-asl/1.9.13/jackson-core-asl-1.9.13.jar:/home/user/.m2/repository/org/codehaus/jackson/jackson-mapper-asl/1.9.13/jackson-mapper-asl-1.9.13.jar:/home/user/.m2/repository/org/codehaus/jackson/jackson-jaxrs/1.9.13/jackson-jaxrs-1.9.13.jar:/home/user/.m2/repository/org/codehaus/jackson/jackson-xc/1.9.13/jackson-xc-1.9.13.jar:/home/user/.m2/repository/commons-logging/commons-logging/1.1.3/commons-logging-1.1.3.jar:/home/user/.m2/repository/commons-beanutils/commons-beanutils/1.9.4/commons-beanutils-1.9.4.jar:/home/user/.m2/repository/org/apache/commons/commons-configuration2/2.1.1/commons-configuration2-2.1.1.jar:/home/user/.m2/repository/org/apache/commons/commons-lang3/3.7/commons-lang3-3.7.jar:/home/user/.m2/repository/org/apache/commons/commons-text/1.4/commons-text-1.4.jar:/home/user/.m2/repository/org/apache/avro/avro/1.7.7/avro-1.7.7.jar:/home/user/.m2/repository/com/thoughtworks/paranamer/paranamer/2.3/paranamer-2.3.jar:/home/user/.m2/repository/org/xerial/snappy/snappy-java/1.0.5/snappy-java-1.0.5.jar:/home/user/.m2/repository/com/google/re2j/re2j/1.1/re2j-1.1.jar:/home/user/.m2/repository/com/google/code/gson/gson/2.2.4/gson-2.2.4.jar:/home/user/.m2/repository/com/jcraft/jsch/0.1.54/jsch-0.1.54.jar:/home/user/.m2/repository/org/apache/curator/curator-client/2.12.0/curator-client-2.12.0.jar:/home/user/.m2/repository/org/apache/curator/curator-recipes/2.12.0/curator-recipes-2.12.0.jar:/home/user/.m2/repository/com/google/code/findbugs/jsr305/3.0.0/jsr305-3.0.0.jar:/home/user/.m2/repository/org/apache/htrace/htrace-core4/4.1.0-incubating/htrace-core4-4.1.0-incubating.jar:/home/user/.m2/repository/org/apache/zookeeper/zookeeper/3.4.13/zookeeper-3.4.13.jar:/home/user/.m2/repository/jline/jline/0.9.94/jline-0.9.94.jar:/home/user/.m2/repository/org/apache/yetus/audience-annotations/0.5.0/audience-annotations-0.5.0.jar:/home/user/.m2/repository/org/codehaus/woodstox/stax2-api/3.1.4/stax2-api-3.1.4.jar:/home/user/.m2/repository/com/fasterxml/woodstox/woodstox-core/5.0.3/woodstox-core-5.0.3.jar:/home/user/.m2/repository/dnsjava/dnsjava/2.1.7/dnsjava-2.1.7.jar:/home/user/.m2/repository/org/apache/hadoop/hadoop-hdfs/3.2.0/hadoop-hdfs-3.2.0-tests.jar:/home/user/.m2/repository/org/eclipse/jetty/jetty-util-ajax/9.3.25.v20180904/jetty-util-ajax-9.3.25.v20180904.jar:/home/user/.m2/repository/commons-daemon/commons-daemon/1.0.13/commons-daemon-1.0.13.jar:/home/user/.m2/repository/io/netty/netty/3.10.5.Final/netty-3.10.5.Final.jar:/home/user/.m2/repository/io/netty/netty-all/4.0.52.Final/netty-all-4.0.52.Final.jar:/home/user/.m2/repository/org/fusesource/leveldbjni/leveldbjni-all/1.8/leveldbjni-all-1.8.jar:"/>
    <property name="java.vm.vendor" value="IcedTea"/>
    <property name="sun.arch.data.model" value="64"/>
    <property name="test.build.dir" value="/workdir/hadoop-ozone/integration-test/target/test-dir"/>
    <property name="test.cache.data" value=""/>
    <property name="java.vendor.url" value="https://icedtea.classpath.org"/>
    <property name="user.timezone" value=""/>
    <property name="java.vm.specification.version" value="1.8"/>
    <property name="os.name" value="Linux"/>
    <property name="test.build.data" value="/workdir/hadoop-ozone/integration-test/target/test-dir"/>
    <property name="user.country" value="US"/>
    <property name="sun.java.launcher" value="SUN_STANDARD"/>
    <property name="sun.boot.library.path" value="/usr/lib/jvm/java-1.8-openjdk/jre/lib/amd64"/>
    <property name="sun.java.command" value="/workdir/hadoop-ozone/integration-test/target/surefire/surefirebooter3697530326217034591.jar /workdir/hadoop-ozone/integration-test/target/surefire 2019-10-04T22-18-28_191-jvmRun1 surefire4777766014286380364tmp surefire_625016469167598592104tmp"/>
    <property name="test" value="!TestMiniChaosOzoneCluster"/>
    <property name="surefire.test.class.path" value="/workdir/hadoop-ozone/integration-test/target/test-classes:/workdir/hadoop-ozone/integration-test/target/classes:/home/user/.m2/repository/org/apache/hadoop/hadoop-ozone-common/0.5.0-SNAPSHOT/hadoop-ozone-common-0.5.0-SNAPSHOT.jar:/home/user/.m2/repository/org/apache/commons/commons-compress/1.4.1/commons-compress-1.4.1.jar:/home/user/.m2/repository/org/tukaani/xz/1.0/xz-1.0.jar:/home/user/.m2/repository/org/apache/hadoop/hadoop-common/3.2.0/hadoop-common-3.2.0.jar:/home/user/.m2/repository/org/apache/hadoop/hadoop-hdfs/3.2.0/hadoop-hdfs-3.2.0.jar:/home/user/.m2/repository/org/apache/hadoop/hadoop-hdfs-client/3.2.0/hadoop-hdfs-client-3.2.0.jar:/home/user/.m2/repository/com/fasterxml/jackson/core/jackson-annotations/2.9.9/jackson-annotations-2.9.9.jar:/home/user/.m2/repository/org/apache/hadoop/hadoop-hdds-common/0.5.0-SNAPSHOT/hadoop-hdds-common-0.5.0-SNAPSHOT.jar:/home/user/.m2/repository/javax/annotation/javax.annotation-api/1.2/javax.annotation-api-1.2.jar:/home/user/.m2/repository/org/apache/ratis/ratis-server/0.5.0-201fc85-SNAPSHOT/ratis-server-0.5.0-201fc85-SNAPSHOT.jar:/home/user/.m2/repository/org/apache/ratis/ratis-thirdparty-misc/0.2.0/ratis-thirdparty-misc-0.2.0.jar:/home/user/.m2/repository/org/apache/ratis/ratis-proto/0.5.0-201fc85-SNAPSHOT/ratis-proto-0.5.0-201fc85-SNAPSHOT.jar:/home/user/.m2/repository/org/apache/ratis/ratis-common/0.5.0-201fc85-SNAPSHOT/ratis-common-0.5.0-201fc85-SNAPSHOT.jar:/home/user/.m2/repository/org/apache/ratis/ratis-client/0.5.0-201fc85-SNAPSHOT/ratis-client-0.5.0-201fc85-SNAPSHOT.jar:/home/user/.m2/repository/org/apache/ratis/ratis-metrics/0.5.0-201fc85-SNAPSHOT/ratis-metrics-0.5.0-201fc85-SNAPSHOT.jar:/home/user/.m2/repository/com/github/joshelser/dropwizard-metrics-hadoop-metrics2-reporter/0.1.2/dropwizard-metrics-hadoop-metrics2-reporter-0.1.2.jar:/home/user/.m2/repository/io/dropwizard/metrics/metrics-jvm/3.2.5/metrics-jvm-3.2.5.jar:/home/user/.m2/repository/io/dropwizard/metrics/metrics-ganglia/3.2.5/metrics-ganglia-3.2.5.jar:/home/user/.m2/repository/info/ganglia/gmetric4j/gmetric4j/1.0.7/gmetric4j-1.0.7.jar:/home/user/.m2/repository/org/apache/ratis/ratis-netty/0.5.0-201fc85-SNAPSHOT/ratis-netty-0.5.0-201fc85-SNAPSHOT.jar:/home/user/.m2/repository/org/apache/ratis/ratis-grpc/0.5.0-201fc85-SNAPSHOT/ratis-grpc-0.5.0-201fc85-SNAPSHOT.jar:/home/user/.m2/repository/org/rocksdb/rocksdbjni/6.0.1/rocksdbjni-6.0.1.jar:/home/user/.m2/repository/org/apache/logging/log4j/log4j-api/2.11.0/log4j-api-2.11.0.jar:/home/user/.m2/repository/org/apache/logging/log4j/log4j-core/2.11.0/log4j-core-2.11.0.jar:/home/user/.m2/repository/com/lmax/disruptor/3.4.2/disruptor-3.4.2.jar:/home/user/.m2/repository/org/apache/commons/commons-pool2/2.6.0/commons-pool2-2.6.0.jar:/home/user/.m2/repository/org/bouncycastle/bcpkix-jdk15on/1.60/bcpkix-jdk15on-1.60.jar:/home/user/.m2/repository/commons-validator/commons-validator/1.6/commons-validator-1.6.jar:/home/user/.m2/repository/commons-digester/commons-digester/1.8.1/commons-digester-1.8.1.jar:/home/user/.m2/repository/io/jaegertracing/jaeger-client/0.34.0/jaeger-client-0.34.0.jar:/home/user/.m2/repository/io/jaegertracing/jaeger-thrift/0.34.0/jaeger-thrift-0.34.0.jar:/home/user/.m2/repository/org/apache/thrift/libthrift/0.12.0/libthrift-0.12.0.jar:/home/user/.m2/repository/com/squareup/okhttp3/okhttp/3.9.0/okhttp-3.9.0.jar:/home/user/.m2/repository/com/squareup/okio/okio/1.13.0/okio-1.13.0.jar:/home/user/.m2/repository/io/jaegertracing/jaeger-core/0.34.0/jaeger-core-0.34.0.jar:/home/user/.m2/repository/io/jaegertracing/jaeger-tracerresolver/0.34.0/jaeger-tracerresolver-0.34.0.jar:/home/user/.m2/repository/io/opentracing/contrib/opentracing-tracerresolver/0.1.5/opentracing-tracerresolver-0.1.5.jar:/home/user/.m2/repository/io/opentracing/opentracing-util/0.31.0/opentracing-util-0.31.0.jar:/home/user/.m2/repository/io/opentracing/opentracing-api/0.31.0/opentracing-api-0.31.0.jar:/home/user/.m2/repository/io/opentracing/opentracing-noop/0.31.0/opentracing-noop-0.31.0.jar:/home/user/.m2/repository/org/apache/hadoop/hadoop-hdds-server-framework/0.5.0-SNAPSHOT/hadoop-hdds-server-framework-0.5.0-SNAPSHOT.jar:/home/user/.m2/repository/org/apache/hadoop/hadoop-hdds-container-service/0.5.0-SNAPSHOT/hadoop-hdds-container-service-0.5.0-SNAPSHOT.jar:/home/user/.m2/repository/org/apache/hadoop/hadoop-hdds-client/0.5.0-SNAPSHOT/hadoop-hdds-client-0.5.0-SNAPSHOT.jar:/home/user/.m2/repository/org/apache/hadoop/hadoop-hdds-tools/0.5.0-SNAPSHOT/hadoop-hdds-tools-0.5.0-SNAPSHOT.jar:/home/user/.m2/repository/org/apache/hadoop/hadoop-hdds-server-scm/0.5.0-SNAPSHOT/hadoop-hdds-server-scm-0.5.0-SNAPSHOT.jar:/home/user/.m2/repository/org/apache/hadoop/hadoop-hdds-docs/0.5.0-SNAPSHOT/hadoop-hdds-docs-0.5.0-SNAPSHOT.jar:/home/user/.m2/repository/io/dropwizard/metrics/metrics-core/3.2.4/metrics-core-3.2.4.jar:/home/user/.m2/repository/org/hamcrest/hamcrest-all/1.3/hamcrest-all-1.3.jar:/home/user/.m2/repository/org/bouncycastle/bcprov-jdk15on/1.60/bcprov-jdk15on-1.60.jar:/home/user/.m2/repository/info/picocli/picocli/3.9.6/picocli-3.9.6.jar:/home/user/.m2/repository/com/google/protobuf/protobuf-java/2.5.0/protobuf-java-2.5.0.jar:/home/user/.m2/repository/com/google/guava/guava/11.0.2/guava-11.0.2.jar:/home/user/.m2/repository/org/apache/hadoop/hadoop-ozone-ozone-manager/0.5.0-SNAPSHOT/hadoop-ozone-ozone-manager-0.5.0-SNAPSHOT.jar:/home/user/.m2/repository/org/apache/hadoop/hadoop-minikdc/3.2.0/hadoop-minikdc-3.2.0.jar:/home/user/.m2/repository/commons-io/commons-io/2.5/commons-io-2.5.jar:/home/user/.m2/repository/org/apache/kerby/kerb-simplekdc/1.0.1/kerb-simplekdc-1.0.1.jar:/home/user/.m2/repository/org/apache/kerby/kerb-client/1.0.1/kerb-client-1.0.1.jar:/home/user/.m2/repository/org/apache/kerby/kerby-config/1.0.1/kerby-config-1.0.1.jar:/home/user/.m2/repository/org/apache/kerby/kerb-core/1.0.1/kerb-core-1.0.1.jar:/home/user/.m2/repository/org/apache/kerby/kerby-pkix/1.0.1/kerby-pkix-1.0.1.jar:/home/user/.m2/repository/org/apache/kerby/kerby-asn1/1.0.1/kerby-asn1-1.0.1.jar:/home/user/.m2/repository/org/apache/kerby/kerby-util/1.0.1/kerby-util-1.0.1.jar:/home/user/.m2/repository/org/apache/kerby/kerb-common/1.0.1/kerb-common-1.0.1.jar:/home/user/.m2/repository/org/apache/kerby/kerb-crypto/1.0.1/kerb-crypto-1.0.1.jar:/home/user/.m2/repository/org/apache/kerby/kerb-util/1.0.1/kerb-util-1.0.1.jar:/home/user/.m2/repository/org/apache/kerby/token-provider/1.0.1/token-provider-1.0.1.jar:/home/user/.m2/repository/org/apache/kerby/kerb-admin/1.0.1/kerb-admin-1.0.1.jar:/home/user/.m2/repository/org/apache/kerby/kerb-server/1.0.1/kerb-server-1.0.1.jar:/home/user/.m2/repository/org/apache/kerby/kerb-identity/1.0.1/kerb-identity-1.0.1.jar:/home/user/.m2/repository/org/apache/kerby/kerby-xdr/1.0.1/kerby-xdr-1.0.1.jar:/home/user/.m2/repository/org/slf4j/slf4j-log4j12/1.7.25/slf4j-log4j12-1.7.25.jar:/home/user/.m2/repository/org/apache/hadoop/hadoop-ozone-s3gateway/0.5.0-SNAPSHOT/hadoop-ozone-s3gateway-0.5.0-SNAPSHOT.jar:/home/user/.m2/repository/org/jboss/weld/servlet/weld-servlet/2.4.7.Final/weld-servlet-2.4.7.Final.jar:/home/user/.m2/repository/org/glassfish/jersey/containers/jersey-container-servlet-core/2.27/jersey-container-servlet-core-2.27.jar:/home/user/.m2/repository/org/glassfish/hk2/external/javax.inject/2.5.0-b42/javax.inject-2.5.0-b42.jar:/home/user/.m2/repository/org/glassfish/jersey/core/jersey-common/2.27/jersey-common-2.27.jar:/home/user/.m2/repository/org/glassfish/hk2/osgi-resource-locator/1.0.1/osgi-resource-locator-1.0.1.jar:/home/user/.m2/repository/javax/ws/rs/javax.ws.rs-api/2.1/javax.ws.rs-api-2.1.jar:/home/user/.m2/repository/org/glassfish/jersey/ext/cdi/jersey-cdi1x/2.27/jersey-cdi1x-2.27.jar:/home/user/.m2/repository/org/glassfish/jersey/inject/jersey-hk2/2.27/jersey-hk2-2.27.jar:/home/user/.m2/repository/org/glassfish/hk2/hk2-locator/2.5.0-b42/hk2-locator-2.5.0-b42.jar:/home/user/.m2/repository/org/javassist/javassist/3.22.0-CR2/javassist-3.22.0-CR2.jar:/home/user/.m2/repository/org/glassfish/hk2/hk2-api/2.5.0/hk2-api-2.5.0.jar:/home/user/.m2/repository/org/glassfish/hk2/external/jakarta.inject/2.5.0/jakarta.inject-2.5.0.jar:/home/user/.m2/repository/org/glassfish/hk2/hk2-utils/2.5.0/hk2-utils-2.5.0.jar:/home/user/.m2/repository/jakarta/annotation/jakarta.annotation-api/1.3.4/jakarta.annotation-api-1.3.4.jar:/home/user/.m2/repository/org/glassfish/hk2/external/aopalliance-repackaged/2.5.0/aopalliance-repackaged-2.5.0.jar:/home/user/.m2/repository/com/fasterxml/jackson/dataformat/jackson-dataformat-xml/2.9.0/jackson-dataformat-xml-2.9.0.jar:/home/user/.m2/repository/com/fasterxml/jackson/core/jackson-core/2.9.9/jackson-core-2.9.9.jar:/home/user/.m2/repository/com/fasterxml/jackson/module/jackson-module-jaxb-annotations/2.9.9/jackson-module-jaxb-annotations-2.9.9.jar:/home/user/.m2/repository/javax/enterprise/cdi-api/1.2/cdi-api-1.2.jar:/home/user/.m2/repository/javax/el/javax.el-api/3.0.0/javax.el-api-3.0.0.jar:/home/user/.m2/repository/javax/interceptor/javax.interceptor-api/1.2/javax.interceptor-api-1.2.jar:/home/user/.m2/repository/javax/inject/javax.inject/1/javax.inject-1.jar:/home/user/.m2/repository/com/sun/xml/bind/jaxb-impl/2.3.0.1/jaxb-impl-2.3.0.1.jar:/home/user/.m2/repository/com/sun/xml/bind/jaxb-core/2.3.0.1/jaxb-core-2.3.0.1.jar:/home/user/.m2/repository/javax/xml/bind/jaxb-api/2.3.0/jaxb-api-2.3.0.jar:/home/user/.m2/repository/javax/activation/activation/1.1.1/activation-1.1.1.jar:/home/user/.m2/repository/org/apache/hadoop/hadoop-ozone-csi/0.5.0-SNAPSHOT/hadoop-ozone-csi-0.5.0-SNAPSHOT.jar:/home/user/.m2/repository/com/google/protobuf/protobuf-java-util/3.5.1/protobuf-java-util-3.5.1.jar:/home/user/.m2/repository/org/apache/hadoop/hadoop-hdds-config/0.5.0-SNAPSHOT/hadoop-hdds-config-0.5.0-SNAPSHOT.jar:/home/user/.m2/repository/io/grpc/grpc-netty/1.17.1/grpc-netty-1.17.1.jar:/home/user/.m2/repository/io/grpc/grpc-core/1.17.1/grpc-core-1.17.1.jar:/home/user/.m2/repository/io/grpc/grpc-context/1.17.1/grpc-context-1.17.1.jar:/home/user/.m2/repository/com/google/errorprone/error_prone_annotations/2.2.0/error_prone_annotations-2.2.0.jar:/home/user/.m2/repository/org/codehaus/mojo/animal-sniffer-annotations/1.17/animal-sniffer-annotations-1.17.jar:/home/user/.m2/repository/io/opencensus/opencensus-api/0.17.0/opencensus-api-0.17.0.jar:/home/user/.m2/repository/io/opencensus/opencensus-contrib-grpc-metrics/0.17.0/opencensus-contrib-grpc-metrics-0.17.0.jar:/home/user/.m2/repository/io/netty/netty-codec-http2/4.1.30.Final/netty-codec-http2-4.1.30.Final.jar:/home/user/.m2/repository/io/netty/netty-codec-http/4.1.30.Final/netty-codec-http-4.1.30.Final.jar:/home/user/.m2/repository/io/netty/netty-codec/4.1.30.Final/netty-codec-4.1.30.Final.jar:/home/user/.m2/repository/io/netty/netty-handler/4.1.30.Final/netty-handler-4.1.30.Final.jar:/home/user/.m2/repository/io/netty/netty-handler-proxy/4.1.30.Final/netty-handler-proxy-4.1.30.Final.jar:/home/user/.m2/repository/io/netty/netty-codec-socks/4.1.30.Final/netty-codec-socks-4.1.30.Final.jar:/home/user/.m2/repository/io/netty/netty-transport-native-epoll/4.1.30.Final/netty-transport-native-epoll-4.1.30.Final.jar:/home/user/.m2/repository/io/netty/netty-common/4.1.30.Final/netty-common-4.1.30.Final.jar:/home/user/.m2/repository/io/netty/netty-buffer/4.1.30.Final/netty-buffer-4.1.30.Final.jar:/home/user/.m2/repository/io/netty/netty-transport/4.1.30.Final/netty-transport-4.1.30.Final.jar:/home/user/.m2/repository/io/netty/netty-resolver/4.1.30.Final/netty-resolver-4.1.30.Final.jar:/home/user/.m2/repository/io/netty/netty-transport-native-unix-common/4.1.30.Final/netty-transport-native-unix-common-4.1.30.Final.jar:/home/user/.m2/repository/io/grpc/grpc-protobuf/1.17.1/grpc-protobuf-1.17.1.jar:/home/user/.m2/repository/com/google/api/grpc/proto-google-common-protos/1.0.0/proto-google-common-protos-1.0.0.jar:/home/user/.m2/repository/io/grpc/grpc-protobuf-lite/1.17.1/grpc-protobuf-lite-1.17.1.jar:/home/user/.m2/repository/io/grpc/grpc-stub/1.17.1/grpc-stub-1.17.1.jar:/home/user/.m2/repository/org/apache/hadoop/hadoop-ozone-recon/0.5.0-SNAPSHOT/hadoop-ozone-recon-0.5.0-SNAPSHOT.jar:/home/user/.m2/repository/org/apache/hadoop/hadoop-ozone-reconcodegen/0.5.0-SNAPSHOT/hadoop-ozone-reconcodegen-0.5.0-SNAPSHOT.jar:/home/user/.m2/repository/com/google/inject/extensions/guice-multibindings/4.0/guice-multibindings-4.0.jar:/home/user/.m2/repository/com/google/inject/guice/4.0/guice-4.0.jar:/home/user/.m2/repository/aopalliance/aopalliance/1.0/aopalliance-1.0.jar:/home/user/.m2/repository/com/google/inject/extensions/guice-servlet/4.0/guice-servlet-4.0.jar:/home/user/.m2/repository/org/glassfish/jersey/containers/jersey-container-servlet/2.27/jersey-container-servlet-2.27.jar:/home/user/.m2/repository/org/glassfish/hk2/guice-bridge/2.5.0/guice-bridge-2.5.0.jar:/home/user/.m2/repository/org/glassfish/jersey/core/jersey-server/2.27/jersey-server-2.27.jar:/home/user/.m2/repository/org/glassfish/jersey/core/jersey-client/2.27/jersey-client-2.27.jar:/home/user/.m2/repository/org/glassfish/jersey/media/jersey-media-jaxb/2.27/jersey-media-jaxb-2.27.jar:/home/user/.m2/repository/javax/validation/validation-api/1.1.0.Final/validation-api-1.1.0.Final.jar:/home/user/.m2/repository/org/glassfish/jersey/media/jersey-media-json-jackson/2.27/jersey-media-json-jackson-2.27.jar:/home/user/.m2/repository/org/glassfish/jersey/ext/jersey-entity-filtering/2.27/jersey-entity-filtering-2.27.jar:/home/user/.m2/repository/com/google/inject/extensions/guice-assistedinject/4.0/guice-assistedinject-4.0.jar:/home/user/.m2/repository/org/jooq/jooq/3.11.10/jooq-3.11.10.jar:/home/user/.m2/repository/org/jooq/jooq-meta/3.11.10/jooq-meta-3.11.10.jar:/home/user/.m2/repository/org/jooq/jooq-codegen/3.11.10/jooq-codegen-3.11.10.jar:/home/user/.m2/repository/com/jolbox/bonecp/0.8.0.RELEASE/bonecp-0.8.0.RELEASE.jar:/home/user/.m2/repository/org/xerial/sqlite-jdbc/3.25.2/sqlite-jdbc-3.25.2.jar:/home/user/.m2/repository/org/springframework/spring-jdbc/5.1.3.RELEASE/spring-jdbc-5.1.3.RELEASE.jar:/home/user/.m2/repository/org/springframework/spring-beans/5.1.3.RELEASE/spring-beans-5.1.3.RELEASE.jar:/home/user/.m2/repository/org/springframework/spring-core/5.1.3.RELEASE/spring-core-5.1.3.RELEASE.jar:/home/user/.m2/repository/org/springframework/spring-jcl/5.1.3.RELEASE/spring-jcl-5.1.3.RELEASE.jar:/home/user/.m2/repository/org/springframework/spring-tx/5.1.3.RELEASE/spring-tx-5.1.3.RELEASE.jar:/home/user/.m2/repository/org/apache/hadoop/hadoop-ozone-client/0.5.0-SNAPSHOT/hadoop-ozone-client-0.5.0-SNAPSHOT.jar:/home/user/.m2/repository/commons-lang/commons-lang/2.6/commons-lang-2.6.jar:/home/user/.m2/repository/org/apache/hadoop/hadoop-ozone-ozone-manager/0.5.0-SNAPSHOT/hadoop-ozone-ozone-manager-0.5.0-SNAPSHOT-tests.jar:/home/user/.m2/repository/junit/junit/4.11/junit-4.11.jar:/home/user/.m2/repository/org/hamcrest/hamcrest-core/1.3/hamcrest-core-1.3.jar:/home/user/.m2/repository/org/openjdk/jmh/jmh-core/1.19/jmh-core-1.19.jar:/home/user/.m2/repository/net/sf/jopt-simple/jopt-simple/4.6/jopt-simple-4.6.jar:/home/user/.m2/repository/org/apache/commons/commons-math3/3.1.1/commons-math3-3.1.1.jar:/home/user/.m2/repository/org/openjdk/jmh/jmh-generator-annprocess/1.19/jmh-generator-annprocess-1.19.jar:/home/user/.m2/repository/org/mockito/mockito-all/1.8.5/mockito-all-1.8.5.jar:/home/user/.m2/repository/org/apache/hadoop/hadoop-kms/3.2.0/hadoop-kms-3.2.0.jar:/home/user/.m2/repository/org/apache/hadoop/hadoop-auth/3.2.0/hadoop-auth-3.2.0.jar:/home/user/.m2/repository/com/nimbusds/nimbus-jose-jwt/4.41.1/nimbus-jose-jwt-4.41.1.jar:/home/user/.m2/repository/com/github/stephenc/jcip/jcip-annotations/1.0-1/jcip-annotations-1.0-1.jar:/home/user/.m2/repository/net/minidev/json-smart/2.3/json-smart-2.3.jar:/home/user/.m2/repository/net/minidev/accessors-smart/1.2/accessors-smart-1.2.jar:/home/user/.m2/repository/org/ow2/asm/asm/5.0.4/asm-5.0.4.jar:/home/user/.m2/repository/org/apache/curator/curator-framework/2.12.0/curator-framework-2.12.0.jar:/home/user/.m2/repository/com/sun/jersey/jersey-core/1.19/jersey-core-1.19.jar:/home/user/.m2/repository/javax/ws/rs/jsr311-api/1.1.1/jsr311-api-1.1.1.jar:/home/user/.m2/repository/com/sun/jersey/jersey-server/1.19/jersey-server-1.19.jar:/home/user/.m2/repository/javax/servlet/javax.servlet-api/3.1.0/javax.servlet-api-3.1.0.jar:/home/user/.m2/repository/org/eclipse/jetty/jetty-server/9.3.25.v20180904/jetty-server-9.3.25.v20180904.jar:/home/user/.m2/repository/org/eclipse/jetty/jetty-http/9.3.25.v20180904/jetty-http-9.3.25.v20180904.jar:/home/user/.m2/repository/org/eclipse/jetty/jetty-io/9.3.25.v20180904/jetty-io-9.3.25.v20180904.jar:/home/user/.m2/repository/org/eclipse/jetty/jetty-webapp/9.3.25.v20180904/jetty-webapp-9.3.25.v20180904.jar:/home/user/.m2/repository/org/eclipse/jetty/jetty-xml/9.3.25.v20180904/jetty-xml-9.3.25.v20180904.jar:/home/user/.m2/repository/log4j/log4j/1.2.17/log4j-1.2.17.jar:/home/user/.m2/repository/org/slf4j/slf4j-api/1.7.25/slf4j-api-1.7.25.jar:/home/user/.m2/repository/org/slf4j/jul-to-slf4j/1.7.25/jul-to-slf4j-1.7.25.jar:/home/user/.m2/repository/org/eclipse/jetty/jetty-util/9.3.25.v20180904/jetty-util-9.3.25.v20180904.jar:/home/user/.m2/repository/com/fasterxml/jackson/core/jackson-databind/2.9.9/jackson-databind-2.9.9.jar:/home/user/.m2/repository/org/apache/hadoop/hadoop-kms/3.2.0/hadoop-kms-3.2.0-tests.jar:/home/user/.m2/repository/org/apache/hadoop/hadoop-hdds-server-scm/0.5.0-SNAPSHOT/hadoop-hdds-server-scm-0.5.0-SNAPSHOT-tests.jar:/home/user/.m2/repository/org/apache/hadoop/hadoop-hdds-container-service/0.5.0-SNAPSHOT/hadoop-hdds-container-service-0.5.0-SNAPSHOT-tests.jar:/home/user/.m2/repository/org/yaml/snakeyaml/1.16/snakeyaml-1.16.jar:/home/user/.m2/repository/org/apache/hadoop/hadoop-common/3.2.0/hadoop-common-3.2.0-tests.jar:/home/user/.m2/repository/org/apache/hadoop/hadoop-annotations/3.2.0/hadoop-annotations-3.2.0.jar:/usr/lib/jvm/java-1.8-openjdk/jre/../lib/tools.jar:/home/user/.m2/repository/commons-cli/commons-cli/1.2/commons-cli-1.2.jar:/home/user/.m2/repository/org/apache/httpcomponents/httpclient/4.5.2/httpclient-4.5.2.jar:/home/user/.m2/repository/org/apache/httpcomponents/httpcore/4.4.4/httpcore-4.4.4.jar:/home/user/.m2/repository/commons-codec/commons-codec/1.11/commons-codec-1.11.jar:/home/user/.m2/repository/commons-net/commons-net/3.6/commons-net-3.6.jar:/home/user/.m2/repository/commons-collections/commons-collections/3.2.2/commons-collections-3.2.2.jar:/home/user/.m2/repository/org/eclipse/jetty/jetty-servlet/9.3.25.v20180904/jetty-servlet-9.3.25.v20180904.jar:/home/user/.m2/repository/org/eclipse/jetty/jetty-security/9.3.25.v20180904/jetty-security-9.3.25.v20180904.jar:/home/user/.m2/repository/javax/servlet/jsp/jsp-api/2.1/jsp-api-2.1.jar:/home/user/.m2/repository/com/sun/jersey/jersey-servlet/1.19/jersey-servlet-1.19.jar:/home/user/.m2/repository/com/sun/jersey/jersey-json/1.19/jersey-json-1.19.jar:/home/user/.m2/repository/org/codehaus/jettison/jettison/1.1/jettison-1.1.jar:/home/user/.m2/repository/org/codehaus/jackson/jackson-core-asl/1.9.13/jackson-core-asl-1.9.13.jar:/home/user/.m2/repository/org/codehaus/jackson/jackson-mapper-asl/1.9.13/jackson-mapper-asl-1.9.13.jar:/home/user/.m2/repository/org/codehaus/jackson/jackson-jaxrs/1.9.13/jackson-jaxrs-1.9.13.jar:/home/user/.m2/repository/org/codehaus/jackson/jackson-xc/1.9.13/jackson-xc-1.9.13.jar:/home/user/.m2/repository/commons-logging/commons-logging/1.1.3/commons-logging-1.1.3.jar:/home/user/.m2/repository/commons-beanutils/commons-beanutils/1.9.4/commons-beanutils-1.9.4.jar:/home/user/.m2/repository/org/apache/commons/commons-configuration2/2.1.1/commons-configuration2-2.1.1.jar:/home/user/.m2/repository/org/apache/commons/commons-lang3/3.7/commons-lang3-3.7.jar:/home/user/.m2/repository/org/apache/commons/commons-text/1.4/commons-text-1.4.jar:/home/user/.m2/repository/org/apache/avro/avro/1.7.7/avro-1.7.7.jar:/home/user/.m2/repository/com/thoughtworks/paranamer/paranamer/2.3/paranamer-2.3.jar:/home/user/.m2/repository/org/xerial/snappy/snappy-java/1.0.5/snappy-java-1.0.5.jar:/home/user/.m2/repository/com/google/re2j/re2j/1.1/re2j-1.1.jar:/home/user/.m2/repository/com/google/code/gson/gson/2.2.4/gson-2.2.4.jar:/home/user/.m2/repository/com/jcraft/jsch/0.1.54/jsch-0.1.54.jar:/home/user/.m2/repository/org/apache/curator/curator-client/2.12.0/curator-client-2.12.0.jar:/home/user/.m2/repository/org/apache/curator/curator-recipes/2.12.0/curator-recipes-2.12.0.jar:/home/user/.m2/repository/com/google/code/findbugs/jsr305/3.0.0/jsr305-3.0.0.jar:/home/user/.m2/repository/org/apache/htrace/htrace-core4/4.1.0-incubating/htrace-core4-4.1.0-incubating.jar:/home/user/.m2/repository/org/apache/zookeeper/zookeeper/3.4.13/zookeeper-3.4.13.jar:/home/user/.m2/repository/jline/jline/0.9.94/jline-0.9.94.jar:/home/user/.m2/repository/org/apache/yetus/audience-annotations/0.5.0/audience-annotations-0.5.0.jar:/home/user/.m2/repository/org/codehaus/woodstox/stax2-api/3.1.4/stax2-api-3.1.4.jar:/home/user/.m2/repository/com/fasterxml/woodstox/woodstox-core/5.0.3/woodstox-core-5.0.3.jar:/home/user/.m2/repository/dnsjava/dnsjava/2.1.7/dnsjava-2.1.7.jar:/home/user/.m2/repository/org/apache/hadoop/hadoop-hdfs/3.2.0/hadoop-hdfs-3.2.0-tests.jar:/home/user/.m2/repository/org/eclipse/jetty/jetty-util-ajax/9.3.25.v20180904/jetty-util-ajax-9.3.25.v20180904.jar:/home/user/.m2/repository/commons-daemon/commons-daemon/1.0.13/commons-daemon-1.0.13.jar:/home/user/.m2/repository/io/netty/netty/3.10.5.Final/netty-3.10.5.Final.jar:/home/user/.m2/repository/io/netty/netty-all/4.0.52.Final/netty-all-4.0.52.Final.jar:/home/user/.m2/repository/org/fusesource/leveldbjni/leveldbjni-all/1.8/leveldbjni-all-1.8.jar:"/>
    <property name="sun.cpu.endian" value="little"/>
    <property name="user.home" value="/home/user"/>
    <property name="user.language" value="en"/>
    <property name="java.specification.vendor" value="Oracle Corporation"/>
    <property name="java.home" value="/usr/lib/jvm/java-1.8-openjdk/jre"/>
    <property name="java.security.krb5.conf" value="/workdir/hadoop-ozone/integration-test/target/test-classes/krb5.conf"/>
    <property name="basedir" value="/workdir/hadoop-ozone/integration-test"/>
    <property name="file.separator" value="/"/>
    <property name="line.separator" value="&#10;"/>
    <property name="java.vm.specification.vendor" value="Oracle Corporation"/>
    <property name="java.specification.name" value="Java Platform API Specification"/>
    <property name="java.awt.graphicsenv" value="sun.awt.X11GraphicsEnvironment"/>
    <property name="surefire.real.class.path" value="/workdir/hadoop-ozone/integration-test/target/surefire/surefirebooter3697530326217034591.jar"/>
    <property name="hadoop.log.dir" value="/workdir/hadoop-ozone/integration-test/target/log"/>
    <property name="sun.boot.class.path" value="/usr/lib/jvm/java-1.8-openjdk/jre/lib/resources.jar:/usr/lib/jvm/java-1.8-openjdk/jre/lib/rt.jar:/usr/lib/jvm/java-1.8-openjdk/jre/lib/sunrsasign.jar:/usr/lib/jvm/java-1.8-openjdk/jre/lib/jsse.jar:/usr/lib/jvm/java-1.8-openjdk/jre/lib/jce.jar:/usr/lib/jvm/java-1.8-openjdk/jre/lib/charsets.jar:/usr/lib/jvm/java-1.8-openjdk/jre/lib/jfr.jar:/usr/lib/jvm/java-1.8-openjdk/jre/classes"/>
    <property name="sun.management.compiler" value="HotSpot 64-Bit Tiered Compilers"/>
    <property name="java.runtime.version" value="1.8.0_212-b04"/>
    <property name="java.net.preferIPv4Stack" value="true"/>
    <property name="user.name" value="jenkins1000"/>
    <property name="path.separator" value=":"/>
    <property name="java.security.egd" value="file:///dev/urandom"/>
    <property name="os.version" value="3.10.0-957.12.2.el7.x86_64"/>
    <property name="java.endorsed.dirs" value="/usr/lib/jvm/java-1.8-openjdk/jre/lib/endorsed"/>
    <property name="java.runtime.name" value="OpenJDK Runtime Environment"/>
    <property name="file.encoding" value="UTF-8"/>
    <property name="java.vm.name" value="OpenJDK 64-Bit Server VM"/>
    <property name="test.build.webapps" value=""/>
    <property name="localRepository" value="/home/user/.m2/repository"/>
    <property name="java.vendor.url.bug" value="https://icedtea.classpath.org/bugzilla"/>
    <property name="java.io.tmpdir" value="/tmp"/>
    <property name="require.test.libhadoop" value=""/>
    <property name="java.version" value="1.8.0_212"/>
    <property name="user.dir" value="/workdir/hadoop-ozone/integration-test"/>
    <property name="os.arch" value="amd64"/>
    <property name="java.vm.specification.name" value="Java Virtual Machine Specification"/>
    <property name="test.build.classes" value="/workdir/hadoop-ozone/integration-test/target/test-classes"/>
    <property name="java.awt.printerjob" value="sun.print.PSPrinterJob"/>
    <property name="sun.os.patch.level" value="unknown"/>
    <property name="hadoop.tmp.dir" value="/workdir/hadoop-ozone/integration-test/target/tmp"/>
    <property name="java.library.path" value="/usr/lib/jvm/java-1.8-openjdk/jre/lib/amd64/server:/usr/lib/jvm/java-1.8-openjdk/jre/lib/amd64:/usr/lib/jvm/java-1.8-openjdk/jre/../lib/amd64:/workdir/hadoop-ozone/integration-test/target/native/target/usr/local/lib:/workdir/hadoop-ozone/integration-test/../../hadoop-common-project/hadoop-common/target/native/target/usr/local/lib:/usr/java/packages/lib/amd64:/usr/lib64:/lib64:/lib:/usr/lib"/>
    <property name="java.vm.info" value="mixed mode"/>
    <property name="java.vendor" value="IcedTea"/>
    <property name="java.vm.version" value="25.212-b04"/>
    <property name="java.ext.dirs" value="/usr/lib/jvm/java-1.8-openjdk/jre/lib/ext:/usr/java/packages/lib/ext"/>
    <property name="sun.io.unicode.encoding" value="UnicodeLittle"/>
    <property name="java.class.version" value="52.0"/>
  </properties>
  <testcase name="testWatchForCommitWithKeyWrite" classname="org.apache.hadoop.ozone.client.rpc.TestWatchForCommit" time="72.222"/>
  <testcase name="testWatchForCommitWithSmallerTimeoutValue" classname="org.apache.hadoop.ozone.client.rpc.TestWatchForCommit" time="44.95"/>
  <testcase name="testWatchForCommitForRetryfailure" classname="org.apache.hadoop.ozone.client.rpc.TestWatchForCommit" time="77.398"/>
  <testcase name="testWatchForCommitForGroupMismatchException" classname="org.apache.hadoop.ozone.client.rpc.TestWatchForCommit" time="33.429"/>
  <testcase name="test2WayCommitForTimeoutException" classname="org.apache.hadoop.ozone.client.rpc.TestWatchForCommit" time="28.451">
    <error type="java.util.concurrent.TimeoutException">java.util.concurrent.TimeoutException
	at java.util.concurrent.CompletableFuture.timedGet(CompletableFuture.java:1771)
	at java.util.concurrent.CompletableFuture.get(CompletableFuture.java:1915)
	at org.apache.hadoop.hdds.scm.XceiverClientRatis.watchForCommit(XceiverClientRatis.java:298)
	at org.apache.hadoop.ozone.client.rpc.TestWatchForCommit.test2WayCommitForTimeoutException(TestWatchForCommit.java:391)
	at sun.reflect.NativeMethodAccessorImpl.invoke0(Native Method)
	at sun.reflect.NativeMethodAccessorImpl.invoke(NativeMethodAccessorImpl.java:62)
	at sun.reflect.DelegatingMethodAccessorImpl.invoke(DelegatingMethodAccessorImpl.java:43)
	at java.lang.reflect.Method.invoke(Method.java:498)
	at org.junit.runners.model.FrameworkMethod$1.runReflectiveCall(FrameworkMethod.java:47)
	at org.junit.internal.runners.model.ReflectiveCallable.run(ReflectiveCallable.java:12)
	at org.junit.runners.model.FrameworkMethod.invokeExplosively(FrameworkMethod.java:44)
	at org.junit.internal.runners.statements.InvokeMethod.evaluate(InvokeMethod.java:17)
	at org.junit.runners.ParentRunner.runLeaf(ParentRunner.java:271)
	at org.junit.runners.BlockJUnit4ClassRunner.runChild(BlockJUnit4ClassRunner.java:70)
	at org.junit.runners.BlockJUnit4ClassRunner.runChild(BlockJUnit4ClassRunner.java:50)
	at org.junit.runners.ParentRunner$3.run(ParentRunner.java:238)
	at org.junit.runners.ParentRunner$1.schedule(ParentRunner.java:63)
	at org.junit.runners.ParentRunner.runChildren(ParentRunner.java:236)
	at org.junit.runners.ParentRunner.access$000(ParentRunner.java:53)
	at org.junit.runners.ParentRunner$2.evaluate(ParentRunner.java:229)
	at org.junit.runners.ParentRunner.run(ParentRunner.java:309)
	at org.apache.maven.surefire.junit4.JUnit4Provider.execute(JUnit4Provider.java:365)
	at org.apache.maven.surefire.junit4.JUnit4Provider.executeWithRerun(JUnit4Provider.java:273)
	at org.apache.maven.surefire.junit4.JUnit4Provider.executeTestSet(JUnit4Provider.java:238)
	at org.apache.maven.surefire.junit4.JUnit4Provider.invoke(JUnit4Provider.java:159)
	at org.apache.maven.surefire.booter.ForkedBooter.invokeProviderInSameClassLoader(ForkedBooter.java:384)
	at org.apache.maven.surefire.booter.ForkedBooter.runSuitesInProcess(ForkedBooter.java:345)
	at org.apache.maven.surefire.booter.ForkedBooter.execute(ForkedBooter.java:126)
	at org.apache.maven.surefire.booter.ForkedBooter.main(ForkedBooter.java:418)
</error>
    <system-out><![CDATA[2019-10-04 23:27:36,655 [main] WARN  server.ServerUtils (ServerUtils.java:getScmDbDir(145)) - ozone.scm.db.dirs is not configured. We recommend adding this setting. Falling back to ozone.metadata.dirs instead.
2019-10-04 23:27:36,680 [main] WARN  server.ServerUtils (ServerUtils.java:getScmDbDir(145)) - ozone.scm.db.dirs is not configured. We recommend adding this setting. Falling back to ozone.metadata.dirs instead.
2019-10-04 23:27:36,680 [main] WARN  server.ServerUtils (ServerUtils.java:getScmDbDir(145)) - ozone.scm.db.dirs is not configured. We recommend adding this setting. Falling back to ozone.metadata.dirs instead.
2019-10-04 23:27:36,681 [main] INFO  db.DBStoreBuilder (DBStoreBuilder.java:addTable(117)) - using custom profile for table: deletedBlocks
2019-10-04 23:27:36,681 [main] INFO  db.DBStoreBuilder (DBStoreBuilder.java:processTables(168)) - Using default column profile:DBProfile.DISK for Table:deletedBlocks
2019-10-04 23:27:36,681 [main] INFO  db.DBStoreBuilder (DBStoreBuilder.java:addTable(117)) - using custom profile for table: validCerts
2019-10-04 23:27:36,681 [main] INFO  db.DBStoreBuilder (DBStoreBuilder.java:processTables(168)) - Using default column profile:DBProfile.DISK for Table:validCerts
2019-10-04 23:27:36,681 [main] INFO  db.DBStoreBuilder (DBStoreBuilder.java:addTable(117)) - using custom profile for table: revokedCerts
2019-10-04 23:27:36,682 [main] INFO  db.DBStoreBuilder (DBStoreBuilder.java:processTables(168)) - Using default column profile:DBProfile.DISK for Table:revokedCerts
2019-10-04 23:27:36,682 [main] INFO  db.DBStoreBuilder (DBStoreBuilder.java:addTable(117)) - using custom profile for table: default
2019-10-04 23:27:36,682 [main] INFO  db.DBStoreBuilder (DBStoreBuilder.java:processTables(174)) - Using default column profile:DBProfile.DISK for Table:default
2019-10-04 23:27:36,682 [main] INFO  db.DBStoreBuilder (DBStoreBuilder.java:getDbProfile(205)) - Using default options. DBProfile.DISK
2019-10-04 23:27:36,836 [main] INFO  net.NodeSchemaLoader (NodeSchemaLoader.java:loadSchemaFromFile(125)) - Loading file from sun.misc.CompoundEnumeration@4ed18798
2019-10-04 23:27:36,836 [main] INFO  net.NodeSchemaLoader (NodeSchemaLoader.java:loadSchema(171)) - Loading network topology layer schema file
2019-10-04 23:27:36,840 [main] WARN  server.ServerUtils (ServerUtils.java:sanitizeUserArgs(70)) - ozone.scm.stale.node.interval value = 300000 is larger than max = 100000 based on the key value of ozone.scm.heartbeat.thread.interval, reset to the max value 100000.
2019-10-04 23:27:36,840 [main] WARN  server.ServerUtils (ServerUtils.java:sanitizeUserArgs(70)) - ozone.scm.stale.node.interval value = 300000 is larger than max = 100000 based on the key value of ozone.scm.heartbeat.thread.interval, reset to the max value 100000.
2019-10-04 23:27:36,840 [main] INFO  node.SCMNodeManager (SCMNodeManager.java:<init>(116)) - Entering startup safe mode.
2019-10-04 23:27:36,841 [main] INFO  algorithms.ContainerPlacementPolicyFactory (ContainerPlacementPolicyFactory.java:getPolicy(57)) - Create container placement policy of type org.apache.hadoop.hdds.scm.container.placement.algorithms.SCMContainerPlacementRandom
2019-10-04 23:27:36,841 [main] WARN  server.ServerUtils (ServerUtils.java:getScmDbDir(145)) - ozone.scm.db.dirs is not configured. We recommend adding this setting. Falling back to ozone.metadata.dirs instead.
2019-10-04 23:27:36,891 [main] INFO  pipeline.SCMPipelineManager (SCMPipelineManager.java:initializePipelineState(132)) - No pipeline exists in current db
2019-10-04 23:27:36,891 [main] WARN  server.ServerUtils (ServerUtils.java:getScmDbDir(145)) - ozone.scm.db.dirs is not configured. We recommend adding this setting. Falling back to ozone.metadata.dirs instead.
2019-10-04 23:27:36,940 [main] WARN  events.EventQueue (EventQueue.java:fireEvent(183)) - No event handler registered for event TypedEvent{payloadType=SafeModeStatus, name='SafeModeStatus'}
2019-10-04 23:27:36,942 [main] INFO  ipc.CallQueueManager (CallQueueManager.java:<init>(84)) - Using callQueue: class java.util.concurrent.LinkedBlockingQueue, queueCapacity: 2000, scheduler: class org.apache.hadoop.ipc.DefaultRpcScheduler, ipcBackoff: false.
2019-10-04 23:27:36,943 [Socket Reader #1 for port 32876] INFO  ipc.Server (Server.java:run(1074)) - Starting Socket Reader #1 for port 32876
2019-10-04 23:27:36,945 [main] INFO  ipc.CallQueueManager (CallQueueManager.java:<init>(84)) - Using callQueue: class java.util.concurrent.LinkedBlockingQueue, queueCapacity: 2000, scheduler: class org.apache.hadoop.ipc.DefaultRpcScheduler, ipcBackoff: false.
2019-10-04 23:27:36,946 [Socket Reader #1 for port 38735] INFO  ipc.Server (Server.java:run(1074)) - Starting Socket Reader #1 for port 38735
2019-10-04 23:27:36,947 [main] INFO  ipc.CallQueueManager (CallQueueManager.java:<init>(84)) - Using callQueue: class java.util.concurrent.LinkedBlockingQueue, queueCapacity: 2000, scheduler: class org.apache.hadoop.ipc.DefaultRpcScheduler, ipcBackoff: false.
2019-10-04 23:27:36,948 [Socket Reader #1 for port 35692] INFO  ipc.Server (Server.java:run(1074)) - Starting Socket Reader #1 for port 35692
2019-10-04 23:27:36,950 [main] INFO  hdfs.DFSUtil (DFSUtil.java:httpServerTemplateForNNAndJN(1641)) - Starting Web-server for scm at: http://0.0.0.0:0
2019-10-04 23:27:36,952 [main] INFO  server.AuthenticationFilter (AuthenticationFilter.java:constructSecretProvider(240)) - Unable to initialize FileSignerSecretProvider, falling back to use random secrets.
2019-10-04 23:27:36,953 [main] WARN  http.HttpRequestLog (HttpRequestLog.java:getRequestLog(97)) - Jetty request log can only be enabled using Log4j
2019-10-04 23:27:36,955 [main] INFO  http.HttpServer2 (HttpServer2.java:addGlobalFilter(975)) - Added global filter 'safety' (class=org.apache.hadoop.http.HttpServer2$QuotingInputFilter)
2019-10-04 23:27:36,955 [main] INFO  http.HttpServer2 (HttpServer2.java:addFilter(948)) - Added filter static_user_filter (class=org.apache.hadoop.http.lib.StaticUserWebFilter$StaticUserFilter) to context scm
2019-10-04 23:27:36,956 [main] INFO  http.HttpServer2 (HttpServer2.java:addFilter(958)) - Added filter static_user_filter (class=org.apache.hadoop.http.lib.StaticUserWebFilter$StaticUserFilter) to context static
2019-10-04 23:27:36,956 [main] INFO  http.HttpServer2 (HttpServer2.java:addFilter(958)) - Added filter static_user_filter (class=org.apache.hadoop.http.lib.StaticUserWebFilter$StaticUserFilter) to context logs
2019-10-04 23:27:36,958 [main] INFO  server.StorageContainerManager (StorageContainerManager.java:start(770)) - StorageContainerLocationProtocol RPC server is listening at /0.0.0.0:35692
2019-10-04 23:27:36,961 [main] WARN  impl.MetricsConfig (MetricsConfig.java:loadFirst(134)) - Cannot locate configuration: tried hadoop-metrics2-storagecontainermanager.properties,hadoop-metrics2.properties
2019-10-04 23:27:36,962 [main] INFO  impl.MetricsSystemImpl (MetricsSystemImpl.java:startTimer(374)) - Scheduled Metric snapshot period at 10 second(s).
2019-10-04 23:27:36,962 [main] INFO  impl.MetricsSystemImpl (MetricsSystemImpl.java:start(191)) - StorageContainerManager metrics system started
2019-10-04 23:27:37,017 [main] WARN  impl.MetricsSystemImpl (MetricsSystemImpl.java:register(276)) - Sink prometheus already exists!
2019-10-04 23:27:37,102 [main] INFO  server.SCMClientProtocolServer (SCMClientProtocolServer.java:start(159)) - RPC server for Client  is listening at /0.0.0.0:35692
2019-10-04 23:27:37,103 [IPC Server Responder] INFO  ipc.Server (Server.java:run(1314)) - IPC Server Responder: starting
2019-10-04 23:27:37,103 [IPC Server listener on 35692] INFO  ipc.Server (Server.java:run(1153)) - IPC Server listener on 35692: starting
2019-10-04 23:27:37,110 [main] INFO  server.StorageContainerManager (StorageContainerManager.java:start(780)) - ScmBlockLocationProtocol RPC server is listening at /0.0.0.0:38735
2019-10-04 23:27:37,110 [main] INFO  server.SCMBlockProtocolServer (SCMBlockProtocolServer.java:start(146)) - RPC server for Block Protocol is listening at /0.0.0.0:38735
2019-10-04 23:27:37,110 [IPC Server Responder] INFO  ipc.Server (Server.java:run(1314)) - IPC Server Responder: starting
2019-10-04 23:27:37,110 [IPC Server listener on 38735] INFO  ipc.Server (Server.java:run(1153)) - IPC Server listener on 38735: starting
2019-10-04 23:27:37,113 [main] INFO  server.StorageContainerManager (StorageContainerManager.java:start(784)) - ScmDatanodeProtocl RPC server is listening at /0.0.0.0:32876
2019-10-04 23:27:37,114 [main] INFO  server.SCMDatanodeProtocolServer (SCMDatanodeProtocolServer.java:start(169)) - RPC server for DataNodes is listening at /0.0.0.0:32876
2019-10-04 23:27:37,114 [IPC Server listener on 32876] INFO  ipc.Server (Server.java:run(1153)) - IPC Server listener on 32876: starting
2019-10-04 23:27:37,114 [IPC Server Responder] INFO  ipc.Server (Server.java:run(1314)) - IPC Server Responder: starting
2019-10-04 23:27:37,117 [main] INFO  http.HttpServer2 (HttpServer2.java:bindListener(1191)) - Jetty bound to port 38538
2019-10-04 23:27:37,117 [main] INFO  server.Server (Server.java:doStart(351)) - jetty-9.3.25.v20180904, build timestamp: 2018-09-04T21:11:46Z, git hash: 3ce520221d0240229c862b122d2b06c12a625732
2019-10-04 23:27:37,119 [main] INFO  handler.ContextHandler (ContextHandler.java:doStart(781)) - Started o.e.j.s.ServletContextHandler@6c075e9d{/logs,file:///workdir/hadoop-ozone/integration-test/target/log,AVAILABLE}
2019-10-04 23:27:37,119 [main] INFO  handler.ContextHandler (ContextHandler.java:doStart(781)) - Started o.e.j.s.ServletContextHandler@7b14c61{/static,file:///workdir/hadoop-ozone/integration-test/target/test-classes/webapps/static,AVAILABLE}
2019-10-04 23:27:37,123 [main] INFO  handler.ContextHandler (ContextHandler.java:doStart(781)) - Started o.e.j.w.WebAppContext@de579ff{/,file:///workdir/hadoop-ozone/integration-test/target/test-classes/webapps/scm/,AVAILABLE}{/scm}
2019-10-04 23:27:37,123 [main] INFO  server.AbstractConnector (AbstractConnector.java:doStart(278)) - Started ServerConnector@7971c2a9{HTTP/1.1,[http/1.1]}{0.0.0.0:38538}
2019-10-04 23:27:37,124 [main] INFO  server.Server (Server.java:doStart(419)) - Started @228883ms
2019-10-04 23:27:37,124 [main] WARN  impl.MetricsSystemImpl (MetricsSystemImpl.java:register(276)) - Sink prometheus already exists!
2019-10-04 23:27:37,125 [main] INFO  server.BaseHttpServer (BaseHttpServer.java:updateConnectorAddress(215)) - HTTP server of SCM is listening at http://0.0.0.0:38538
2019-10-04 23:27:37,126 [main] WARN  server.ServerUtils (ServerUtils.java:getDBPath(222)) - ozone.om.db.dirs is not configured. We recommend adding this setting. Falling back to ozone.metadata.dirs instead.
2019-10-04 23:27:37,126 [org.apache.hadoop.util.JvmPauseMonitor$Monitor@60b5e80d] INFO  util.JvmPauseMonitor (JvmPauseMonitor.java:run(188)) - Starting JVM pause monitor
2019-10-04 23:27:37,146 [main] INFO  ha.OMHANodeDetails (OMHANodeDetails.java:loadOMHAConfig(190)) - Configuration either no ozone.om.address set. Falling back to the default OM address /127.0.0.1:0
2019-10-04 23:27:37,147 [main] INFO  ha.OMHANodeDetails (OMHANodeDetails.java:getOMNodeDetails(220)) - OM Service ID is not set. Setting it to the default ID: omServiceIdDefault
2019-10-04 23:27:37,147 [main] WARN  server.ServerUtils (ServerUtils.java:getDBPath(222)) - ozone.om.db.dirs is not configured. We recommend adding this setting. Falling back to ozone.metadata.dirs instead.
2019-10-04 23:27:37,150 [main] WARN  server.ServerUtils (ServerUtils.java:getDBPath(222)) - ozone.om.db.dirs is not configured. We recommend adding this setting. Falling back to ozone.metadata.dirs instead.
2019-10-04 23:27:37,156 [main] WARN  server.ServerUtils (ServerUtils.java:getDBPath(222)) - ozone.om.db.dirs is not configured. We recommend adding this setting. Falling back to ozone.metadata.dirs instead.
2019-10-04 23:27:37,157 [main] INFO  db.DBStoreBuilder (DBStoreBuilder.java:addTable(117)) - using custom profile for table: userTable
2019-10-04 23:27:37,157 [main] INFO  db.DBStoreBuilder (DBStoreBuilder.java:processTables(168)) - Using default column profile:DBProfile.DISK for Table:userTable
2019-10-04 23:27:37,157 [main] INFO  db.DBStoreBuilder (DBStoreBuilder.java:addTable(117)) - using custom profile for table: volumeTable
2019-10-04 23:27:37,157 [main] INFO  db.DBStoreBuilder (DBStoreBuilder.java:processTables(168)) - Using default column profile:DBProfile.DISK for Table:volumeTable
2019-10-04 23:27:37,157 [main] INFO  db.DBStoreBuilder (DBStoreBuilder.java:addTable(117)) - using custom profile for table: bucketTable
2019-10-04 23:27:37,157 [main] INFO  db.DBStoreBuilder (DBStoreBuilder.java:processTables(168)) - Using default column profile:DBProfile.DISK for Table:bucketTable
2019-10-04 23:27:37,158 [main] INFO  db.DBStoreBuilder (DBStoreBuilder.java:addTable(117)) - using custom profile for table: keyTable
2019-10-04 23:27:37,158 [main] INFO  db.DBStoreBuilder (DBStoreBuilder.java:processTables(168)) - Using default column profile:DBProfile.DISK for Table:keyTable
2019-10-04 23:27:37,158 [main] INFO  db.DBStoreBuilder (DBStoreBuilder.java:addTable(117)) - using custom profile for table: deletedTable
2019-10-04 23:27:37,158 [main] INFO  db.DBStoreBuilder (DBStoreBuilder.java:processTables(168)) - Using default column profile:DBProfile.DISK for Table:deletedTable
2019-10-04 23:27:37,158 [main] INFO  db.DBStoreBuilder (DBStoreBuilder.java:addTable(117)) - using custom profile for table: openKeyTable
2019-10-04 23:27:37,158 [main] INFO  db.DBStoreBuilder (DBStoreBuilder.java:processTables(168)) - Using default column profile:DBProfile.DISK for Table:openKeyTable
2019-10-04 23:27:37,159 [main] INFO  db.DBStoreBuilder (DBStoreBuilder.java:addTable(117)) - using custom profile for table: s3Table
2019-10-04 23:27:37,159 [main] INFO  db.DBStoreBuilder (DBStoreBuilder.java:processTables(168)) - Using default column profile:DBProfile.DISK for Table:s3Table
2019-10-04 23:27:37,159 [main] INFO  db.DBStoreBuilder (DBStoreBuilder.java:addTable(117)) - using custom profile for table: multipartInfoTable
2019-10-04 23:27:37,159 [main] INFO  db.DBStoreBuilder (DBStoreBuilder.java:processTables(168)) - Using default column profile:DBProfile.DISK for Table:multipartInfoTable
2019-10-04 23:27:37,159 [main] INFO  db.DBStoreBuilder (DBStoreBuilder.java:addTable(117)) - using custom profile for table: dTokenTable
2019-10-04 23:27:37,159 [main] INFO  db.DBStoreBuilder (DBStoreBuilder.java:processTables(168)) - Using default column profile:DBProfile.DISK for Table:dTokenTable
2019-10-04 23:27:37,159 [main] INFO  db.DBStoreBuilder (DBStoreBuilder.java:addTable(117)) - using custom profile for table: s3SecretTable
2019-10-04 23:27:37,160 [main] INFO  db.DBStoreBuilder (DBStoreBuilder.java:processTables(168)) - Using default column profile:DBProfile.DISK for Table:s3SecretTable
2019-10-04 23:27:37,160 [main] INFO  db.DBStoreBuilder (DBStoreBuilder.java:addTable(117)) - using custom profile for table: prefixTable
2019-10-04 23:27:37,160 [main] INFO  db.DBStoreBuilder (DBStoreBuilder.java:processTables(168)) - Using default column profile:DBProfile.DISK for Table:prefixTable
2019-10-04 23:27:37,160 [main] INFO  db.DBStoreBuilder (DBStoreBuilder.java:addTable(117)) - using custom profile for table: default
2019-10-04 23:27:37,160 [main] INFO  db.DBStoreBuilder (DBStoreBuilder.java:processTables(174)) - Using default column profile:DBProfile.DISK for Table:default
2019-10-04 23:27:37,160 [main] INFO  db.DBStoreBuilder (DBStoreBuilder.java:getDbProfile(205)) - Using default options. DBProfile.DISK
2019-10-04 23:27:37,963 [main] INFO  ipc.CallQueueManager (CallQueueManager.java:<init>(84)) - Using callQueue: class java.util.concurrent.LinkedBlockingQueue, queueCapacity: 2000, scheduler: class org.apache.hadoop.ipc.DefaultRpcScheduler, ipcBackoff: false.
2019-10-04 23:27:37,964 [Socket Reader #1 for port 38762] INFO  ipc.Server (Server.java:run(1074)) - Starting Socket Reader #1 for port 38762
2019-10-04 23:27:37,977 [main] INFO  om.OzoneManager (OzoneManager.java:start(1069)) - OzoneManager RPC server is listening at localhost/127.0.0.1:38762
2019-10-04 23:27:37,977 [main] INFO  impl.MetricsSystemImpl (MetricsSystemImpl.java:init(158)) - OzoneManager metrics system started (again)
2019-10-04 23:27:37,978 [IPC Server Responder] INFO  ipc.Server (Server.java:run(1314)) - IPC Server Responder: starting
2019-10-04 23:27:37,978 [IPC Server listener on 38762] INFO  ipc.Server (Server.java:run(1153)) - IPC Server listener on 38762: starting
2019-10-04 23:27:37,983 [main] INFO  hdfs.DFSUtil (DFSUtil.java:httpServerTemplateForNNAndJN(1641)) - Starting Web-server for ozoneManager at: http://0.0.0.0:0
2019-10-04 23:27:37,984 [main] INFO  server.AuthenticationFilter (AuthenticationFilter.java:constructSecretProvider(240)) - Unable to initialize FileSignerSecretProvider, falling back to use random secrets.
2019-10-04 23:27:37,985 [main] WARN  http.HttpRequestLog (HttpRequestLog.java:getRequestLog(97)) - Jetty request log can only be enabled using Log4j
2019-10-04 23:27:37,986 [main] INFO  http.HttpServer2 (HttpServer2.java:addGlobalFilter(975)) - Added global filter 'safety' (class=org.apache.hadoop.http.HttpServer2$QuotingInputFilter)
2019-10-04 23:27:37,987 [main] INFO  http.HttpServer2 (HttpServer2.java:addFilter(948)) - Added filter static_user_filter (class=org.apache.hadoop.http.lib.StaticUserWebFilter$StaticUserFilter) to context ozoneManager
2019-10-04 23:27:37,987 [main] INFO  http.HttpServer2 (HttpServer2.java:addFilter(958)) - Added filter static_user_filter (class=org.apache.hadoop.http.lib.StaticUserWebFilter$StaticUserFilter) to context logs
2019-10-04 23:27:37,987 [main] INFO  http.HttpServer2 (HttpServer2.java:addFilter(958)) - Added filter static_user_filter (class=org.apache.hadoop.http.lib.StaticUserWebFilter$StaticUserFilter) to context static
2019-10-04 23:27:37,988 [main] INFO  http.HttpServer2 (HttpServer2.java:bindListener(1191)) - Jetty bound to port 43359
2019-10-04 23:27:37,988 [main] INFO  server.Server (Server.java:doStart(351)) - jetty-9.3.25.v20180904, build timestamp: 2018-09-04T21:11:46Z, git hash: 3ce520221d0240229c862b122d2b06c12a625732
2019-10-04 23:27:37,990 [main] INFO  handler.ContextHandler (ContextHandler.java:doStart(781)) - Started o.e.j.s.ServletContextHandler@8e99809{/logs,file:///workdir/hadoop-ozone/integration-test/target/log,AVAILABLE}
2019-10-04 23:27:37,990 [main] INFO  handler.ContextHandler (ContextHandler.java:doStart(781)) - Started o.e.j.s.ServletContextHandler@4d354a3e{/static,file:///workdir/hadoop-ozone/integration-test/target/test-classes/webapps/static,AVAILABLE}
2019-10-04 23:27:37,994 [main] INFO  handler.ContextHandler (ContextHandler.java:doStart(781)) - Started o.e.j.w.WebAppContext@67328bcb{/,file:///workdir/hadoop-ozone/integration-test/target/test-classes/webapps/ozoneManager/,AVAILABLE}{/ozoneManager}
2019-10-04 23:27:37,994 [main] INFO  server.AbstractConnector (AbstractConnector.java:doStart(278)) - Started ServerConnector@51ba952e{HTTP/1.1,[http/1.1]}{0.0.0.0:43359}
2019-10-04 23:27:37,996 [main] INFO  server.Server (Server.java:doStart(419)) - Started @229754ms
2019-10-04 23:27:37,996 [main] WARN  impl.MetricsSystemImpl (MetricsSystemImpl.java:register(276)) - Sink prometheus already exists!
2019-10-04 23:27:37,996 [main] INFO  server.BaseHttpServer (BaseHttpServer.java:updateConnectorAddress(215)) - HTTP server of OZONEMANAGER is listening at http://0.0.0.0:43359
2019-10-04 23:27:38,010 [main] INFO  impl.MetricsSystemImpl (MetricsSystemImpl.java:init(158)) - HddsDatanode metrics system started (again)
2019-10-04 23:27:38,013 [main] INFO  ozone.HddsDatanodeService (HddsDatanodeService.java:start(184)) - HddsDatanodeService host:pr-hdds-2181-4swdh-1415433563 ip:192.168.30.31
2019-10-04 23:27:38,018 [main] INFO  volume.HddsVolume (HddsVolume.java:<init>(176)) - Creating Volume: /workdir/hadoop-ozone/integration-test/target/test-dir/MiniOzoneClusterImpl-fe6c72de-2298-40be-9e1b-01151ba7612c/datanode-0/data/containers/hdds of  storage type : DISK and capacity : 1482555576320
2019-10-04 23:27:38,019 [main] INFO  volume.VolumeSet (VolumeSet.java:initializeVolumeSet(170)) - Added Volume : /workdir/hadoop-ozone/integration-test/target/test-dir/MiniOzoneClusterImpl-fe6c72de-2298-40be-9e1b-01151ba7612c/datanode-0/data/containers/hdds to VolumeSet
2019-10-04 23:27:38,019 [main] INFO  volume.ThrottledAsyncChecker (ThrottledAsyncChecker.java:schedule(139)) - Scheduling a check for org.apache.hadoop.ozone.container.common.volume.HddsVolume@601d6622
2019-10-04 23:27:38,020 [main] INFO  volume.HddsVolumeChecker (HddsVolumeChecker.java:checkAllVolumes(202)) - Scheduled health check for volume org.apache.hadoop.ozone.container.common.volume.HddsVolume@601d6622
2019-10-04 23:27:38,033 [main] INFO  impl.RaftServerProxy (ConfUtils.java:logGet(43)) - raft.rpc.type = GRPC (default)
2019-10-04 23:27:38,033 [main] INFO  grpc.GrpcFactory (GrpcFactory.java:checkPooledByteBufAllocatorUseCacheForAllThreads(45)) - PERFORMANCE WARNING: useCacheForAllThreads is true that may cause Netty to create a lot garbage objects and, as a result, trigger GC.
	It is recommended to disable useCacheForAllThreads by setting -Dorg.apache.ratis.thirdparty.io.netty.allocator.useCacheForAllThreads=false in command line.
2019-10-04 23:27:38,033 [main] INFO  grpc.GrpcConfigKeys$Server (ConfUtils.java:logGet(43)) - raft.grpc.server.port = 0 (default)
2019-10-04 23:27:38,034 [main] INFO  server.GrpcService (ConfUtils.java:logGet(43)) - raft.grpc.message.size.max = 33570816 (custom)
2019-10-04 23:27:38,034 [main] INFO  server.RaftServerConfigKeys (ConfUtils.java:logGet(43)) - raft.server.log.appender.buffer.byte-limit = 33554432 (custom)
2019-10-04 23:27:38,034 [main] INFO  server.GrpcService (ConfUtils.java:logGet(43)) - raft.grpc.flow.control.window = 1MB (=1048576) (default)
2019-10-04 23:27:38,034 [main] INFO  server.RaftServerConfigKeys (ConfUtils.java:logGet(43)) - raft.server.rpc.request.timeout = 3000ms (default)
2019-10-04 23:27:38,035 [main] INFO  server.RaftServerConfigKeys (ConfUtils.java:logGet(43)) - raft.server.storage.dir = [/workdir/hadoop-ozone/integration-test/target/test-dir/MiniOzoneClusterImpl-fe6c72de-2298-40be-9e1b-01151ba7612c/datanode-0/data/ratis] (custom)
2019-10-04 23:27:38,036 [main] INFO  hdfs.DFSUtil (DFSUtil.java:httpServerTemplateForNNAndJN(1641)) - Starting Web-server for hddsDatanode at: http://0.0.0.0:0
2019-10-04 23:27:38,037 [main] INFO  server.AuthenticationFilter (AuthenticationFilter.java:constructSecretProvider(240)) - Unable to initialize FileSignerSecretProvider, falling back to use random secrets.
2019-10-04 23:27:38,038 [main] WARN  http.HttpRequestLog (HttpRequestLog.java:getRequestLog(97)) - Jetty request log can only be enabled using Log4j
2019-10-04 23:27:38,039 [main] INFO  http.HttpServer2 (HttpServer2.java:addGlobalFilter(975)) - Added global filter 'safety' (class=org.apache.hadoop.http.HttpServer2$QuotingInputFilter)
2019-10-04 23:27:38,039 [main] INFO  http.HttpServer2 (HttpServer2.java:addFilter(948)) - Added filter static_user_filter (class=org.apache.hadoop.http.lib.StaticUserWebFilter$StaticUserFilter) to context hddsDatanode
2019-10-04 23:27:38,040 [main] INFO  http.HttpServer2 (HttpServer2.java:addFilter(958)) - Added filter static_user_filter (class=org.apache.hadoop.http.lib.StaticUserWebFilter$StaticUserFilter) to context logs
2019-10-04 23:27:38,040 [main] INFO  http.HttpServer2 (HttpServer2.java:addFilter(958)) - Added filter static_user_filter (class=org.apache.hadoop.http.lib.StaticUserWebFilter$StaticUserFilter) to context static
2019-10-04 23:27:38,040 [main] INFO  http.HttpServer2 (HttpServer2.java:bindListener(1191)) - Jetty bound to port 39779
2019-10-04 23:27:38,040 [main] INFO  server.Server (Server.java:doStart(351)) - jetty-9.3.25.v20180904, build timestamp: 2018-09-04T21:11:46Z, git hash: 3ce520221d0240229c862b122d2b06c12a625732
2019-10-04 23:27:38,042 [main] INFO  handler.ContextHandler (ContextHandler.java:doStart(781)) - Started o.e.j.s.ServletContextHandler@615efd1c{/logs,file:///workdir/hadoop-ozone/integration-test/target/log,AVAILABLE}
2019-10-04 23:27:38,042 [main] INFO  handler.ContextHandler (ContextHandler.java:doStart(781)) - Started o.e.j.s.ServletContextHandler@2a8dd942{/static,jar:file:/home/user/.m2/repository/org/apache/hadoop/hadoop-hdds-container-service/0.5.0-SNAPSHOT/hadoop-hdds-container-service-0.5.0-SNAPSHOT.jar!/webapps/static,AVAILABLE}
2019-10-04 23:27:38,070 [main] INFO  handler.ContextHandler (ContextHandler.java:doStart(781)) - Started o.e.j.w.WebAppContext@24134cbc{/,file:///tmp/jetty-0.0.0.0-39779-hddsDatanode-_-any-4675884309861530560.dir/webapp/,AVAILABLE}{/hddsDatanode}
2019-10-04 23:27:38,071 [main] INFO  server.AbstractConnector (AbstractConnector.java:doStart(278)) - Started ServerConnector@65da01f4{HTTP/1.1,[http/1.1]}{0.0.0.0:39779}
2019-10-04 23:27:38,072 [main] INFO  server.Server (Server.java:doStart(419)) - Started @229831ms
2019-10-04 23:27:38,072 [main] WARN  impl.MetricsSystemImpl (MetricsSystemImpl.java:register(276)) - Sink prometheus already exists!
2019-10-04 23:27:38,073 [main] INFO  server.BaseHttpServer (BaseHttpServer.java:updateConnectorAddress(215)) - HTTP server of HDDSDATANODE is listening at http://0.0.0.0:39779
2019-10-04 23:27:38,073 [main] INFO  impl.MetricsSystemImpl (MetricsSystemImpl.java:init(158)) - HddsDatanode metrics system started (again)
2019-10-04 23:27:38,077 [org.apache.hadoop.util.JvmPauseMonitor$Monitor@276981b9] INFO  util.JvmPauseMonitor (JvmPauseMonitor.java:run(188)) - Starting JVM pause monitor
2019-10-04 23:27:38,077 [main] INFO  ozone.HddsDatanodeService (HddsDatanodeService.java:start(184)) - HddsDatanodeService host:pr-hdds-2181-4swdh-1415433563 ip:192.168.30.31
2019-10-04 23:27:38,078 [Datanode State Machine Thread - 0] INFO  datanode.InitDatanodeState (InitDatanodeState.java:persistContainerDatanodeDetails(140)) - DatanodeDetails is persisted to /workdir/hadoop-ozone/integration-test/target/test-dir/MiniOzoneClusterImpl-fe6c72de-2298-40be-9e1b-01151ba7612c/datanode-0/meta/datanode.id
2019-10-04 23:27:38,082 [main] INFO  volume.HddsVolume (HddsVolume.java:<init>(176)) - Creating Volume: /workdir/hadoop-ozone/integration-test/target/test-dir/MiniOzoneClusterImpl-fe6c72de-2298-40be-9e1b-01151ba7612c/datanode-1/data/containers/hdds of  storage type : DISK and capacity : 1482555576320
2019-10-04 23:27:38,083 [main] INFO  volume.VolumeSet (VolumeSet.java:initializeVolumeSet(170)) - Added Volume : /workdir/hadoop-ozone/integration-test/target/test-dir/MiniOzoneClusterImpl-fe6c72de-2298-40be-9e1b-01151ba7612c/datanode-1/data/containers/hdds to VolumeSet
2019-10-04 23:27:38,083 [main] INFO  volume.ThrottledAsyncChecker (ThrottledAsyncChecker.java:schedule(139)) - Scheduling a check for org.apache.hadoop.ozone.container.common.volume.HddsVolume@4dc52559
2019-10-04 23:27:38,083 [main] INFO  volume.HddsVolumeChecker (HddsVolumeChecker.java:checkAllVolumes(202)) - Scheduled health check for volume org.apache.hadoop.ozone.container.common.volume.HddsVolume@4dc52559
2019-10-04 23:27:38,096 [main] INFO  impl.RaftServerProxy (ConfUtils.java:logGet(43)) - raft.rpc.type = GRPC (default)
2019-10-04 23:27:38,096 [main] INFO  grpc.GrpcFactory (GrpcFactory.java:checkPooledByteBufAllocatorUseCacheForAllThreads(45)) - PERFORMANCE WARNING: useCacheForAllThreads is true that may cause Netty to create a lot garbage objects and, as a result, trigger GC.
	It is recommended to disable useCacheForAllThreads by setting -Dorg.apache.ratis.thirdparty.io.netty.allocator.useCacheForAllThreads=false in command line.
2019-10-04 23:27:38,096 [main] INFO  grpc.GrpcConfigKeys$Server (ConfUtils.java:logGet(43)) - raft.grpc.server.port = 0 (default)
2019-10-04 23:27:38,097 [main] INFO  server.GrpcService (ConfUtils.java:logGet(43)) - raft.grpc.message.size.max = 33570816 (custom)
2019-10-04 23:27:38,097 [main] INFO  server.RaftServerConfigKeys (ConfUtils.java:logGet(43)) - raft.server.log.appender.buffer.byte-limit = 33554432 (custom)
2019-10-04 23:27:38,097 [main] INFO  server.GrpcService (ConfUtils.java:logGet(43)) - raft.grpc.flow.control.window = 1MB (=1048576) (default)
2019-10-04 23:27:38,097 [main] INFO  server.RaftServerConfigKeys (ConfUtils.java:logGet(43)) - raft.server.rpc.request.timeout = 3000ms (default)
2019-10-04 23:27:38,097 [main] INFO  server.RaftServerConfigKeys (ConfUtils.java:logGet(43)) - raft.server.storage.dir = [/workdir/hadoop-ozone/integration-test/target/test-dir/MiniOzoneClusterImpl-fe6c72de-2298-40be-9e1b-01151ba7612c/datanode-1/data/ratis] (custom)
2019-10-04 23:27:38,098 [main] INFO  hdfs.DFSUtil (DFSUtil.java:httpServerTemplateForNNAndJN(1641)) - Starting Web-server for hddsDatanode at: http://0.0.0.0:0
2019-10-04 23:27:38,099 [main] INFO  server.AuthenticationFilter (AuthenticationFilter.java:constructSecretProvider(240)) - Unable to initialize FileSignerSecretProvider, falling back to use random secrets.
2019-10-04 23:27:38,100 [main] WARN  http.HttpRequestLog (HttpRequestLog.java:getRequestLog(97)) - Jetty request log can only be enabled using Log4j
2019-10-04 23:27:38,101 [main] INFO  http.HttpServer2 (HttpServer2.java:addGlobalFilter(975)) - Added global filter 'safety' (class=org.apache.hadoop.http.HttpServer2$QuotingInputFilter)
2019-10-04 23:27:38,101 [main] INFO  http.HttpServer2 (HttpServer2.java:addFilter(948)) - Added filter static_user_filter (class=org.apache.hadoop.http.lib.StaticUserWebFilter$StaticUserFilter) to context hddsDatanode
2019-10-04 23:27:38,102 [main] INFO  http.HttpServer2 (HttpServer2.java:addFilter(958)) - Added filter static_user_filter (class=org.apache.hadoop.http.lib.StaticUserWebFilter$StaticUserFilter) to context static
2019-10-04 23:27:38,102 [main] INFO  http.HttpServer2 (HttpServer2.java:addFilter(958)) - Added filter static_user_filter (class=org.apache.hadoop.http.lib.StaticUserWebFilter$StaticUserFilter) to context logs
2019-10-04 23:27:38,102 [main] INFO  http.HttpServer2 (HttpServer2.java:bindListener(1191)) - Jetty bound to port 45008
2019-10-04 23:27:38,102 [main] INFO  server.Server (Server.java:doStart(351)) - jetty-9.3.25.v20180904, build timestamp: 2018-09-04T21:11:46Z, git hash: 3ce520221d0240229c862b122d2b06c12a625732
2019-10-04 23:27:38,104 [main] INFO  handler.ContextHandler (ContextHandler.java:doStart(781)) - Started o.e.j.s.ServletContextHandler@2ca54da9{/logs,file:///workdir/hadoop-ozone/integration-test/target/log,AVAILABLE}
2019-10-04 23:27:38,104 [main] INFO  handler.ContextHandler (ContextHandler.java:doStart(781)) - Started o.e.j.s.ServletContextHandler@496cc217{/static,jar:file:/home/user/.m2/repository/org/apache/hadoop/hadoop-hdds-container-service/0.5.0-SNAPSHOT/hadoop-hdds-container-service-0.5.0-SNAPSHOT.jar!/webapps/static,AVAILABLE}
2019-10-04 23:27:38,132 [main] INFO  handler.ContextHandler (ContextHandler.java:doStart(781)) - Started o.e.j.w.WebAppContext@2589d787{/,file:///tmp/jetty-0.0.0.0-45008-hddsDatanode-_-any-9001683109669744144.dir/webapp/,AVAILABLE}{/hddsDatanode}
2019-10-04 23:27:38,133 [main] INFO  server.AbstractConnector (AbstractConnector.java:doStart(278)) - Started ServerConnector@1788cb61{HTTP/1.1,[http/1.1]}{0.0.0.0:45008}
2019-10-04 23:27:38,134 [main] INFO  server.Server (Server.java:doStart(419)) - Started @229893ms
2019-10-04 23:27:38,134 [main] WARN  impl.MetricsSystemImpl (MetricsSystemImpl.java:register(276)) - Sink prometheus already exists!
2019-10-04 23:27:38,135 [main] INFO  server.BaseHttpServer (BaseHttpServer.java:updateConnectorAddress(215)) - HTTP server of HDDSDATANODE is listening at http://0.0.0.0:45008
2019-10-04 23:27:38,135 [main] INFO  impl.MetricsSystemImpl (MetricsSystemImpl.java:init(158)) - HddsDatanode metrics system started (again)
2019-10-04 23:27:38,138 [org.apache.hadoop.util.JvmPauseMonitor$Monitor@18d99837] INFO  util.JvmPauseMonitor (JvmPauseMonitor.java:run(188)) - Starting JVM pause monitor
2019-10-04 23:27:38,139 [main] INFO  ozone.HddsDatanodeService (HddsDatanodeService.java:start(184)) - HddsDatanodeService host:pr-hdds-2181-4swdh-1415433563 ip:192.168.30.31
2019-10-04 23:27:38,139 [Datanode State Machine Thread - 0] INFO  datanode.InitDatanodeState (InitDatanodeState.java:persistContainerDatanodeDetails(140)) - DatanodeDetails is persisted to /workdir/hadoop-ozone/integration-test/target/test-dir/MiniOzoneClusterImpl-fe6c72de-2298-40be-9e1b-01151ba7612c/datanode-1/meta/datanode.id
2019-10-04 23:27:38,144 [main] INFO  volume.HddsVolume (HddsVolume.java:<init>(176)) - Creating Volume: /workdir/hadoop-ozone/integration-test/target/test-dir/MiniOzoneClusterImpl-fe6c72de-2298-40be-9e1b-01151ba7612c/datanode-2/data/containers/hdds of  storage type : DISK and capacity : 1482555576320
2019-10-04 23:27:38,144 [main] INFO  volume.VolumeSet (VolumeSet.java:initializeVolumeSet(170)) - Added Volume : /workdir/hadoop-ozone/integration-test/target/test-dir/MiniOzoneClusterImpl-fe6c72de-2298-40be-9e1b-01151ba7612c/datanode-2/data/containers/hdds to VolumeSet
2019-10-04 23:27:38,144 [main] INFO  volume.ThrottledAsyncChecker (ThrottledAsyncChecker.java:schedule(139)) - Scheduling a check for org.apache.hadoop.ozone.container.common.volume.HddsVolume@45037e16
2019-10-04 23:27:38,145 [main] INFO  volume.HddsVolumeChecker (HddsVolumeChecker.java:checkAllVolumes(202)) - Scheduled health check for volume org.apache.hadoop.ozone.container.common.volume.HddsVolume@45037e16
2019-10-04 23:27:38,158 [main] INFO  impl.RaftServerProxy (ConfUtils.java:logGet(43)) - raft.rpc.type = GRPC (default)
2019-10-04 23:27:38,158 [main] INFO  grpc.GrpcFactory (GrpcFactory.java:checkPooledByteBufAllocatorUseCacheForAllThreads(45)) - PERFORMANCE WARNING: useCacheForAllThreads is true that may cause Netty to create a lot garbage objects and, as a result, trigger GC.
	It is recommended to disable useCacheForAllThreads by setting -Dorg.apache.ratis.thirdparty.io.netty.allocator.useCacheForAllThreads=false in command line.
2019-10-04 23:27:38,159 [main] INFO  grpc.GrpcConfigKeys$Server (ConfUtils.java:logGet(43)) - raft.grpc.server.port = 0 (default)
2019-10-04 23:27:38,159 [main] INFO  server.GrpcService (ConfUtils.java:logGet(43)) - raft.grpc.message.size.max = 33570816 (custom)
2019-10-04 23:27:38,159 [main] INFO  server.RaftServerConfigKeys (ConfUtils.java:logGet(43)) - raft.server.log.appender.buffer.byte-limit = 33554432 (custom)
2019-10-04 23:27:38,159 [main] INFO  server.GrpcService (ConfUtils.java:logGet(43)) - raft.grpc.flow.control.window = 1MB (=1048576) (default)
2019-10-04 23:27:38,159 [main] INFO  server.RaftServerConfigKeys (ConfUtils.java:logGet(43)) - raft.server.rpc.request.timeout = 3000ms (default)
2019-10-04 23:27:38,160 [main] INFO  server.RaftServerConfigKeys (ConfUtils.java:logGet(43)) - raft.server.storage.dir = [/workdir/hadoop-ozone/integration-test/target/test-dir/MiniOzoneClusterImpl-fe6c72de-2298-40be-9e1b-01151ba7612c/datanode-2/data/ratis] (custom)
2019-10-04 23:27:38,161 [main] INFO  hdfs.DFSUtil (DFSUtil.java:httpServerTemplateForNNAndJN(1641)) - Starting Web-server for hddsDatanode at: http://0.0.0.0:0
2019-10-04 23:27:38,162 [main] INFO  server.AuthenticationFilter (AuthenticationFilter.java:constructSecretProvider(240)) - Unable to initialize FileSignerSecretProvider, falling back to use random secrets.
2019-10-04 23:27:38,162 [main] WARN  http.HttpRequestLog (HttpRequestLog.java:getRequestLog(97)) - Jetty request log can only be enabled using Log4j
2019-10-04 23:27:38,164 [main] INFO  http.HttpServer2 (HttpServer2.java:addGlobalFilter(975)) - Added global filter 'safety' (class=org.apache.hadoop.http.HttpServer2$QuotingInputFilter)
2019-10-04 23:27:38,164 [main] INFO  http.HttpServer2 (HttpServer2.java:addFilter(948)) - Added filter static_user_filter (class=org.apache.hadoop.http.lib.StaticUserWebFilter$StaticUserFilter) to context hddsDatanode
2019-10-04 23:27:38,165 [main] INFO  http.HttpServer2 (HttpServer2.java:addFilter(958)) - Added filter static_user_filter (class=org.apache.hadoop.http.lib.StaticUserWebFilter$StaticUserFilter) to context static
2019-10-04 23:27:38,165 [main] INFO  http.HttpServer2 (HttpServer2.java:addFilter(958)) - Added filter static_user_filter (class=org.apache.hadoop.http.lib.StaticUserWebFilter$StaticUserFilter) to context logs
2019-10-04 23:27:38,165 [main] INFO  http.HttpServer2 (HttpServer2.java:bindListener(1191)) - Jetty bound to port 40136
2019-10-04 23:27:38,165 [main] INFO  server.Server (Server.java:doStart(351)) - jetty-9.3.25.v20180904, build timestamp: 2018-09-04T21:11:46Z, git hash: 3ce520221d0240229c862b122d2b06c12a625732
2019-10-04 23:27:38,167 [main] INFO  handler.ContextHandler (ContextHandler.java:doStart(781)) - Started o.e.j.s.ServletContextHandler@42c12b3e{/logs,file:///workdir/hadoop-ozone/integration-test/target/log,AVAILABLE}
2019-10-04 23:27:38,167 [main] INFO  handler.ContextHandler (ContextHandler.java:doStart(781)) - Started o.e.j.s.ServletContextHandler@46f73ffa{/static,jar:file:/home/user/.m2/repository/org/apache/hadoop/hadoop-hdds-container-service/0.5.0-SNAPSHOT/hadoop-hdds-container-service-0.5.0-SNAPSHOT.jar!/webapps/static,AVAILABLE}
2019-10-04 23:27:38,196 [main] INFO  handler.ContextHandler (ContextHandler.java:doStart(781)) - Started o.e.j.w.WebAppContext@6629643d{/,file:///tmp/jetty-0.0.0.0-40136-hddsDatanode-_-any-4119329920766726795.dir/webapp/,AVAILABLE}{/hddsDatanode}
2019-10-04 23:27:38,196 [main] INFO  server.AbstractConnector (AbstractConnector.java:doStart(278)) - Started ServerConnector@2dd178f3{HTTP/1.1,[http/1.1]}{0.0.0.0:40136}
2019-10-04 23:27:38,197 [main] INFO  server.Server (Server.java:doStart(419)) - Started @229956ms
2019-10-04 23:27:38,197 [main] WARN  impl.MetricsSystemImpl (MetricsSystemImpl.java:register(276)) - Sink prometheus already exists!
2019-10-04 23:27:38,198 [main] INFO  server.BaseHttpServer (BaseHttpServer.java:updateConnectorAddress(215)) - HTTP server of HDDSDATANODE is listening at http://0.0.0.0:40136
2019-10-04 23:27:38,198 [main] INFO  impl.MetricsSystemImpl (MetricsSystemImpl.java:init(158)) - HddsDatanode metrics system started (again)
2019-10-04 23:27:38,202 [org.apache.hadoop.util.JvmPauseMonitor$Monitor@780aad3e] INFO  util.JvmPauseMonitor (JvmPauseMonitor.java:run(188)) - Starting JVM pause monitor
2019-10-04 23:27:38,203 [Datanode State Machine Thread - 0] INFO  datanode.InitDatanodeState (InitDatanodeState.java:persistContainerDatanodeDetails(140)) - DatanodeDetails is persisted to /workdir/hadoop-ozone/integration-test/target/test-dir/MiniOzoneClusterImpl-fe6c72de-2298-40be-9e1b-01151ba7612c/datanode-2/meta/datanode.id
2019-10-04 23:27:38,204 [main] INFO  ozone.HddsDatanodeService (HddsDatanodeService.java:start(184)) - HddsDatanodeService host:pr-hdds-2181-4swdh-1415433563 ip:192.168.30.31
2019-10-04 23:27:38,208 [main] INFO  volume.HddsVolume (HddsVolume.java:<init>(176)) - Creating Volume: /workdir/hadoop-ozone/integration-test/target/test-dir/MiniOzoneClusterImpl-fe6c72de-2298-40be-9e1b-01151ba7612c/datanode-3/data/containers/hdds of  storage type : DISK and capacity : 1482555576320
2019-10-04 23:27:38,209 [main] INFO  volume.VolumeSet (VolumeSet.java:initializeVolumeSet(170)) - Added Volume : /workdir/hadoop-ozone/integration-test/target/test-dir/MiniOzoneClusterImpl-fe6c72de-2298-40be-9e1b-01151ba7612c/datanode-3/data/containers/hdds to VolumeSet
2019-10-04 23:27:38,209 [main] INFO  volume.ThrottledAsyncChecker (ThrottledAsyncChecker.java:schedule(139)) - Scheduling a check for org.apache.hadoop.ozone.container.common.volume.HddsVolume@64f4f12
2019-10-04 23:27:38,209 [main] INFO  volume.HddsVolumeChecker (HddsVolumeChecker.java:checkAllVolumes(202)) - Scheduled health check for volume org.apache.hadoop.ozone.container.common.volume.HddsVolume@64f4f12
2019-10-04 23:27:38,221 [main] INFO  impl.RaftServerProxy (ConfUtils.java:logGet(43)) - raft.rpc.type = GRPC (default)
2019-10-04 23:27:38,222 [main] INFO  grpc.GrpcFactory (GrpcFactory.java:checkPooledByteBufAllocatorUseCacheForAllThreads(45)) - PERFORMANCE WARNING: useCacheForAllThreads is true that may cause Netty to create a lot garbage objects and, as a result, trigger GC.
	It is recommended to disable useCacheForAllThreads by setting -Dorg.apache.ratis.thirdparty.io.netty.allocator.useCacheForAllThreads=false in command line.
2019-10-04 23:27:38,222 [main] INFO  grpc.GrpcConfigKeys$Server (ConfUtils.java:logGet(43)) - raft.grpc.server.port = 0 (default)
2019-10-04 23:27:38,222 [main] INFO  server.GrpcService (ConfUtils.java:logGet(43)) - raft.grpc.message.size.max = 33570816 (custom)
2019-10-04 23:27:38,222 [main] INFO  server.RaftServerConfigKeys (ConfUtils.java:logGet(43)) - raft.server.log.appender.buffer.byte-limit = 33554432 (custom)
2019-10-04 23:27:38,222 [main] INFO  server.GrpcService (ConfUtils.java:logGet(43)) - raft.grpc.flow.control.window = 1MB (=1048576) (default)
2019-10-04 23:27:38,223 [main] INFO  server.RaftServerConfigKeys (ConfUtils.java:logGet(43)) - raft.server.rpc.request.timeout = 3000ms (default)
2019-10-04 23:27:38,223 [main] INFO  server.RaftServerConfigKeys (ConfUtils.java:logGet(43)) - raft.server.storage.dir = [/workdir/hadoop-ozone/integration-test/target/test-dir/MiniOzoneClusterImpl-fe6c72de-2298-40be-9e1b-01151ba7612c/datanode-3/data/ratis] (custom)
2019-10-04 23:27:38,224 [main] INFO  hdfs.DFSUtil (DFSUtil.java:httpServerTemplateForNNAndJN(1641)) - Starting Web-server for hddsDatanode at: http://0.0.0.0:0
2019-10-04 23:27:38,225 [main] INFO  server.AuthenticationFilter (AuthenticationFilter.java:constructSecretProvider(240)) - Unable to initialize FileSignerSecretProvider, falling back to use random secrets.
2019-10-04 23:27:38,226 [main] WARN  http.HttpRequestLog (HttpRequestLog.java:getRequestLog(97)) - Jetty request log can only be enabled using Log4j
2019-10-04 23:27:38,227 [main] INFO  http.HttpServer2 (HttpServer2.java:addGlobalFilter(975)) - Added global filter 'safety' (class=org.apache.hadoop.http.HttpServer2$QuotingInputFilter)
2019-10-04 23:27:38,227 [main] INFO  http.HttpServer2 (HttpServer2.java:addFilter(948)) - Added filter static_user_filter (class=org.apache.hadoop.http.lib.StaticUserWebFilter$StaticUserFilter) to context hddsDatanode
2019-10-04 23:27:38,227 [main] INFO  http.HttpServer2 (HttpServer2.java:addFilter(958)) - Added filter static_user_filter (class=org.apache.hadoop.http.lib.StaticUserWebFilter$StaticUserFilter) to context static
2019-10-04 23:27:38,228 [main] INFO  http.HttpServer2 (HttpServer2.java:addFilter(958)) - Added filter static_user_filter (class=org.apache.hadoop.http.lib.StaticUserWebFilter$StaticUserFilter) to context logs
2019-10-04 23:27:38,228 [main] INFO  http.HttpServer2 (HttpServer2.java:bindListener(1191)) - Jetty bound to port 46600
2019-10-04 23:27:38,228 [main] INFO  server.Server (Server.java:doStart(351)) - jetty-9.3.25.v20180904, build timestamp: 2018-09-04T21:11:46Z, git hash: 3ce520221d0240229c862b122d2b06c12a625732
2019-10-04 23:27:38,230 [main] INFO  handler.ContextHandler (ContextHandler.java:doStart(781)) - Started o.e.j.s.ServletContextHandler@5d7dd549{/logs,file:///workdir/hadoop-ozone/integration-test/target/log,AVAILABLE}
2019-10-04 23:27:38,230 [main] INFO  handler.ContextHandler (ContextHandler.java:doStart(781)) - Started o.e.j.s.ServletContextHandler@6459f4ea{/static,jar:file:/home/user/.m2/repository/org/apache/hadoop/hadoop-hdds-container-service/0.5.0-SNAPSHOT/hadoop-hdds-container-service-0.5.0-SNAPSHOT.jar!/webapps/static,AVAILABLE}
2019-10-04 23:27:38,258 [main] INFO  handler.ContextHandler (ContextHandler.java:doStart(781)) - Started o.e.j.w.WebAppContext@581c9bb7{/,file:///tmp/jetty-0.0.0.0-46600-hddsDatanode-_-any-3003329714255436612.dir/webapp/,AVAILABLE}{/hddsDatanode}
2019-10-04 23:27:38,259 [main] INFO  server.AbstractConnector (AbstractConnector.java:doStart(278)) - Started ServerConnector@138f0661{HTTP/1.1,[http/1.1]}{0.0.0.0:46600}
2019-10-04 23:27:38,260 [main] INFO  server.Server (Server.java:doStart(419)) - Started @230019ms
2019-10-04 23:27:38,260 [main] WARN  impl.MetricsSystemImpl (MetricsSystemImpl.java:register(276)) - Sink prometheus already exists!
2019-10-04 23:27:38,261 [main] INFO  server.BaseHttpServer (BaseHttpServer.java:updateConnectorAddress(215)) - HTTP server of HDDSDATANODE is listening at http://0.0.0.0:46600
2019-10-04 23:27:38,261 [main] INFO  impl.MetricsSystemImpl (MetricsSystemImpl.java:init(158)) - HddsDatanode metrics system started (again)
2019-10-04 23:27:38,265 [org.apache.hadoop.util.JvmPauseMonitor$Monitor@3dac7a25] INFO  util.JvmPauseMonitor (JvmPauseMonitor.java:run(188)) - Starting JVM pause monitor
2019-10-04 23:27:38,266 [main] INFO  ozone.HddsDatanodeService (HddsDatanodeService.java:start(184)) - HddsDatanodeService host:pr-hdds-2181-4swdh-1415433563 ip:192.168.30.31
2019-10-04 23:27:38,266 [Datanode State Machine Thread - 0] INFO  datanode.InitDatanodeState (InitDatanodeState.java:persistContainerDatanodeDetails(140)) - DatanodeDetails is persisted to /workdir/hadoop-ozone/integration-test/target/test-dir/MiniOzoneClusterImpl-fe6c72de-2298-40be-9e1b-01151ba7612c/datanode-3/meta/datanode.id
2019-10-04 23:27:38,271 [main] INFO  volume.HddsVolume (HddsVolume.java:<init>(176)) - Creating Volume: /workdir/hadoop-ozone/integration-test/target/test-dir/MiniOzoneClusterImpl-fe6c72de-2298-40be-9e1b-01151ba7612c/datanode-4/data/containers/hdds of  storage type : DISK and capacity : 1482555576320
2019-10-04 23:27:38,272 [main] INFO  volume.VolumeSet (VolumeSet.java:initializeVolumeSet(170)) - Added Volume : /workdir/hadoop-ozone/integration-test/target/test-dir/MiniOzoneClusterImpl-fe6c72de-2298-40be-9e1b-01151ba7612c/datanode-4/data/containers/hdds to VolumeSet
2019-10-04 23:27:38,272 [main] INFO  volume.ThrottledAsyncChecker (ThrottledAsyncChecker.java:schedule(139)) - Scheduling a check for org.apache.hadoop.ozone.container.common.volume.HddsVolume@6f50d55c
2019-10-04 23:27:38,273 [main] INFO  volume.HddsVolumeChecker (HddsVolumeChecker.java:checkAllVolumes(202)) - Scheduled health check for volume org.apache.hadoop.ozone.container.common.volume.HddsVolume@6f50d55c
2019-10-04 23:27:38,285 [main] INFO  impl.RaftServerProxy (ConfUtils.java:logGet(43)) - raft.rpc.type = GRPC (default)
2019-10-04 23:27:38,286 [main] INFO  grpc.GrpcFactory (GrpcFactory.java:checkPooledByteBufAllocatorUseCacheForAllThreads(45)) - PERFORMANCE WARNING: useCacheForAllThreads is true that may cause Netty to create a lot garbage objects and, as a result, trigger GC.
	It is recommended to disable useCacheForAllThreads by setting -Dorg.apache.ratis.thirdparty.io.netty.allocator.useCacheForAllThreads=false in command line.
2019-10-04 23:27:38,286 [main] INFO  grpc.GrpcConfigKeys$Server (ConfUtils.java:logGet(43)) - raft.grpc.server.port = 0 (default)
2019-10-04 23:27:38,286 [main] INFO  server.GrpcService (ConfUtils.java:logGet(43)) - raft.grpc.message.size.max = 33570816 (custom)
2019-10-04 23:27:38,286 [main] INFO  server.RaftServerConfigKeys (ConfUtils.java:logGet(43)) - raft.server.log.appender.buffer.byte-limit = 33554432 (custom)
2019-10-04 23:27:38,286 [main] INFO  server.GrpcService (ConfUtils.java:logGet(43)) - raft.grpc.flow.control.window = 1MB (=1048576) (default)
2019-10-04 23:27:38,287 [main] INFO  server.RaftServerConfigKeys (ConfUtils.java:logGet(43)) - raft.server.rpc.request.timeout = 3000ms (default)
2019-10-04 23:27:38,287 [main] INFO  server.RaftServerConfigKeys (ConfUtils.java:logGet(43)) - raft.server.storage.dir = [/workdir/hadoop-ozone/integration-test/target/test-dir/MiniOzoneClusterImpl-fe6c72de-2298-40be-9e1b-01151ba7612c/datanode-4/data/ratis] (custom)
2019-10-04 23:27:38,288 [main] INFO  hdfs.DFSUtil (DFSUtil.java:httpServerTemplateForNNAndJN(1641)) - Starting Web-server for hddsDatanode at: http://0.0.0.0:0
2019-10-04 23:27:38,289 [main] INFO  server.AuthenticationFilter (AuthenticationFilter.java:constructSecretProvider(240)) - Unable to initialize FileSignerSecretProvider, falling back to use random secrets.
2019-10-04 23:27:38,290 [main] WARN  http.HttpRequestLog (HttpRequestLog.java:getRequestLog(97)) - Jetty request log can only be enabled using Log4j
2019-10-04 23:27:38,291 [main] INFO  http.HttpServer2 (HttpServer2.java:addGlobalFilter(975)) - Added global filter 'safety' (class=org.apache.hadoop.http.HttpServer2$QuotingInputFilter)
2019-10-04 23:27:38,291 [main] INFO  http.HttpServer2 (HttpServer2.java:addFilter(948)) - Added filter static_user_filter (class=org.apache.hadoop.http.lib.StaticUserWebFilter$StaticUserFilter) to context hddsDatanode
2019-10-04 23:27:38,291 [main] INFO  http.HttpServer2 (HttpServer2.java:addFilter(958)) - Added filter static_user_filter (class=org.apache.hadoop.http.lib.StaticUserWebFilter$StaticUserFilter) to context static
2019-10-04 23:27:38,292 [main] INFO  http.HttpServer2 (HttpServer2.java:addFilter(958)) - Added filter static_user_filter (class=org.apache.hadoop.http.lib.StaticUserWebFilter$StaticUserFilter) to context logs
2019-10-04 23:27:38,292 [main] INFO  http.HttpServer2 (HttpServer2.java:bindListener(1191)) - Jetty bound to port 44425
2019-10-04 23:27:38,292 [main] INFO  server.Server (Server.java:doStart(351)) - jetty-9.3.25.v20180904, build timestamp: 2018-09-04T21:11:46Z, git hash: 3ce520221d0240229c862b122d2b06c12a625732
2019-10-04 23:27:38,293 [main] INFO  handler.ContextHandler (ContextHandler.java:doStart(781)) - Started o.e.j.s.ServletContextHandler@7d37ee0c{/logs,file:///workdir/hadoop-ozone/integration-test/target/log,AVAILABLE}
2019-10-04 23:27:38,294 [main] INFO  handler.ContextHandler (ContextHandler.java:doStart(781)) - Started o.e.j.s.ServletContextHandler@4602f874{/static,jar:file:/home/user/.m2/repository/org/apache/hadoop/hadoop-hdds-container-service/0.5.0-SNAPSHOT/hadoop-hdds-container-service-0.5.0-SNAPSHOT.jar!/webapps/static,AVAILABLE}
2019-10-04 23:27:38,322 [main] INFO  handler.ContextHandler (ContextHandler.java:doStart(781)) - Started o.e.j.w.WebAppContext@5d1bdd4a{/,file:///tmp/jetty-0.0.0.0-44425-hddsDatanode-_-any-1807846826372893594.dir/webapp/,AVAILABLE}{/hddsDatanode}
2019-10-04 23:27:38,322 [main] INFO  server.AbstractConnector (AbstractConnector.java:doStart(278)) - Started ServerConnector@6812c8cc{HTTP/1.1,[http/1.1]}{0.0.0.0:44425}
2019-10-04 23:27:38,323 [main] INFO  server.Server (Server.java:doStart(419)) - Started @230082ms
2019-10-04 23:27:38,324 [main] WARN  impl.MetricsSystemImpl (MetricsSystemImpl.java:register(276)) - Sink prometheus already exists!
2019-10-04 23:27:38,324 [main] INFO  server.BaseHttpServer (BaseHttpServer.java:updateConnectorAddress(215)) - HTTP server of HDDSDATANODE is listening at http://0.0.0.0:44425
2019-10-04 23:27:38,325 [main] INFO  impl.MetricsSystemImpl (MetricsSystemImpl.java:init(158)) - HddsDatanode metrics system started (again)
2019-10-04 23:27:38,331 [org.apache.hadoop.util.JvmPauseMonitor$Monitor@7ac9227d] INFO  util.JvmPauseMonitor (JvmPauseMonitor.java:run(188)) - Starting JVM pause monitor
2019-10-04 23:27:38,332 [main] INFO  ozone.HddsDatanodeService (HddsDatanodeService.java:start(184)) - HddsDatanodeService host:pr-hdds-2181-4swdh-1415433563 ip:192.168.30.31
2019-10-04 23:27:38,332 [Datanode State Machine Thread - 0] INFO  datanode.InitDatanodeState (InitDatanodeState.java:persistContainerDatanodeDetails(140)) - DatanodeDetails is persisted to /workdir/hadoop-ozone/integration-test/target/test-dir/MiniOzoneClusterImpl-fe6c72de-2298-40be-9e1b-01151ba7612c/datanode-4/meta/datanode.id
2019-10-04 23:27:38,338 [main] INFO  volume.HddsVolume (HddsVolume.java:<init>(176)) - Creating Volume: /workdir/hadoop-ozone/integration-test/target/test-dir/MiniOzoneClusterImpl-fe6c72de-2298-40be-9e1b-01151ba7612c/datanode-5/data/containers/hdds of  storage type : DISK and capacity : 1482555576320
2019-10-04 23:27:38,339 [main] INFO  volume.VolumeSet (VolumeSet.java:initializeVolumeSet(170)) - Added Volume : /workdir/hadoop-ozone/integration-test/target/test-dir/MiniOzoneClusterImpl-fe6c72de-2298-40be-9e1b-01151ba7612c/datanode-5/data/containers/hdds to VolumeSet
2019-10-04 23:27:38,339 [main] INFO  volume.ThrottledAsyncChecker (ThrottledAsyncChecker.java:schedule(139)) - Scheduling a check for org.apache.hadoop.ozone.container.common.volume.HddsVolume@546ed2a0
2019-10-04 23:27:38,339 [main] INFO  volume.HddsVolumeChecker (HddsVolumeChecker.java:checkAllVolumes(202)) - Scheduled health check for volume org.apache.hadoop.ozone.container.common.volume.HddsVolume@546ed2a0
2019-10-04 23:27:38,357 [main] INFO  impl.RaftServerProxy (ConfUtils.java:logGet(43)) - raft.rpc.type = GRPC (default)
2019-10-04 23:27:38,357 [main] INFO  grpc.GrpcFactory (GrpcFactory.java:checkPooledByteBufAllocatorUseCacheForAllThreads(45)) - PERFORMANCE WARNING: useCacheForAllThreads is true that may cause Netty to create a lot garbage objects and, as a result, trigger GC.
	It is recommended to disable useCacheForAllThreads by setting -Dorg.apache.ratis.thirdparty.io.netty.allocator.useCacheForAllThreads=false in command line.
2019-10-04 23:27:38,357 [main] INFO  grpc.GrpcConfigKeys$Server (ConfUtils.java:logGet(43)) - raft.grpc.server.port = 0 (default)
2019-10-04 23:27:38,357 [main] INFO  server.GrpcService (ConfUtils.java:logGet(43)) - raft.grpc.message.size.max = 33570816 (custom)
2019-10-04 23:27:38,358 [main] INFO  server.RaftServerConfigKeys (ConfUtils.java:logGet(43)) - raft.server.log.appender.buffer.byte-limit = 33554432 (custom)
2019-10-04 23:27:38,358 [main] INFO  server.GrpcService (ConfUtils.java:logGet(43)) - raft.grpc.flow.control.window = 1MB (=1048576) (default)
2019-10-04 23:27:38,358 [main] INFO  server.RaftServerConfigKeys (ConfUtils.java:logGet(43)) - raft.server.rpc.request.timeout = 3000ms (default)
2019-10-04 23:27:38,359 [main] INFO  server.RaftServerConfigKeys (ConfUtils.java:logGet(43)) - raft.server.storage.dir = [/workdir/hadoop-ozone/integration-test/target/test-dir/MiniOzoneClusterImpl-fe6c72de-2298-40be-9e1b-01151ba7612c/datanode-5/data/ratis] (custom)
2019-10-04 23:27:38,360 [main] INFO  hdfs.DFSUtil (DFSUtil.java:httpServerTemplateForNNAndJN(1641)) - Starting Web-server for hddsDatanode at: http://0.0.0.0:0
2019-10-04 23:27:38,361 [main] INFO  server.AuthenticationFilter (AuthenticationFilter.java:constructSecretProvider(240)) - Unable to initialize FileSignerSecretProvider, falling back to use random secrets.
2019-10-04 23:27:38,362 [main] WARN  http.HttpRequestLog (HttpRequestLog.java:getRequestLog(97)) - Jetty request log can only be enabled using Log4j
2019-10-04 23:27:38,363 [main] INFO  http.HttpServer2 (HttpServer2.java:addGlobalFilter(975)) - Added global filter 'safety' (class=org.apache.hadoop.http.HttpServer2$QuotingInputFilter)
2019-10-04 23:27:38,364 [main] INFO  http.HttpServer2 (HttpServer2.java:addFilter(948)) - Added filter static_user_filter (class=org.apache.hadoop.http.lib.StaticUserWebFilter$StaticUserFilter) to context hddsDatanode
2019-10-04 23:27:38,364 [main] INFO  http.HttpServer2 (HttpServer2.java:addFilter(958)) - Added filter static_user_filter (class=org.apache.hadoop.http.lib.StaticUserWebFilter$StaticUserFilter) to context logs
2019-10-04 23:27:38,364 [main] INFO  http.HttpServer2 (HttpServer2.java:addFilter(958)) - Added filter static_user_filter (class=org.apache.hadoop.http.lib.StaticUserWebFilter$StaticUserFilter) to context static
2019-10-04 23:27:38,365 [main] INFO  http.HttpServer2 (HttpServer2.java:bindListener(1191)) - Jetty bound to port 37447
2019-10-04 23:27:38,365 [main] INFO  server.Server (Server.java:doStart(351)) - jetty-9.3.25.v20180904, build timestamp: 2018-09-04T21:11:46Z, git hash: 3ce520221d0240229c862b122d2b06c12a625732
2019-10-04 23:27:38,367 [main] INFO  handler.ContextHandler (ContextHandler.java:doStart(781)) - Started o.e.j.s.ServletContextHandler@143fefaf{/logs,file:///workdir/hadoop-ozone/integration-test/target/log,AVAILABLE}
2019-10-04 23:27:38,367 [main] INFO  handler.ContextHandler (ContextHandler.java:doStart(781)) - Started o.e.j.s.ServletContextHandler@46468f0{/static,jar:file:/home/user/.m2/repository/org/apache/hadoop/hadoop-hdds-container-service/0.5.0-SNAPSHOT/hadoop-hdds-container-service-0.5.0-SNAPSHOT.jar!/webapps/static,AVAILABLE}
2019-10-04 23:27:38,401 [main] INFO  handler.ContextHandler (ContextHandler.java:doStart(781)) - Started o.e.j.w.WebAppContext@75793f17{/,file:///tmp/jetty-0.0.0.0-37447-hddsDatanode-_-any-6339983409114283733.dir/webapp/,AVAILABLE}{/hddsDatanode}
2019-10-04 23:27:38,401 [main] INFO  server.AbstractConnector (AbstractConnector.java:doStart(278)) - Started ServerConnector@4652c74d{HTTP/1.1,[http/1.1]}{0.0.0.0:37447}
2019-10-04 23:27:38,402 [main] INFO  server.Server (Server.java:doStart(419)) - Started @230161ms
2019-10-04 23:27:38,402 [main] WARN  impl.MetricsSystemImpl (MetricsSystemImpl.java:register(276)) - Sink prometheus already exists!
2019-10-04 23:27:38,403 [main] INFO  server.BaseHttpServer (BaseHttpServer.java:updateConnectorAddress(215)) - HTTP server of HDDSDATANODE is listening at http://0.0.0.0:37447
2019-10-04 23:27:38,404 [main] INFO  impl.MetricsSystemImpl (MetricsSystemImpl.java:init(158)) - HddsDatanode metrics system started (again)
2019-10-04 23:27:38,409 [org.apache.hadoop.util.JvmPauseMonitor$Monitor@45278694] INFO  util.JvmPauseMonitor (JvmPauseMonitor.java:run(188)) - Starting JVM pause monitor
2019-10-04 23:27:38,410 [main] INFO  ozone.HddsDatanodeService (HddsDatanodeService.java:start(184)) - HddsDatanodeService host:pr-hdds-2181-4swdh-1415433563 ip:192.168.30.31
2019-10-04 23:27:38,410 [Datanode State Machine Thread - 0] INFO  datanode.InitDatanodeState (InitDatanodeState.java:persistContainerDatanodeDetails(140)) - DatanodeDetails is persisted to /workdir/hadoop-ozone/integration-test/target/test-dir/MiniOzoneClusterImpl-fe6c72de-2298-40be-9e1b-01151ba7612c/datanode-5/meta/datanode.id
2019-10-04 23:27:38,415 [main] INFO  volume.HddsVolume (HddsVolume.java:<init>(176)) - Creating Volume: /workdir/hadoop-ozone/integration-test/target/test-dir/MiniOzoneClusterImpl-fe6c72de-2298-40be-9e1b-01151ba7612c/datanode-6/data/containers/hdds of  storage type : DISK and capacity : 1482555576320
2019-10-04 23:27:38,415 [main] INFO  volume.VolumeSet (VolumeSet.java:initializeVolumeSet(170)) - Added Volume : /workdir/hadoop-ozone/integration-test/target/test-dir/MiniOzoneClusterImpl-fe6c72de-2298-40be-9e1b-01151ba7612c/datanode-6/data/containers/hdds to VolumeSet
2019-10-04 23:27:38,416 [main] INFO  volume.ThrottledAsyncChecker (ThrottledAsyncChecker.java:schedule(139)) - Scheduling a check for org.apache.hadoop.ozone.container.common.volume.HddsVolume@234cd86c
2019-10-04 23:27:38,416 [main] INFO  volume.HddsVolumeChecker (HddsVolumeChecker.java:checkAllVolumes(202)) - Scheduled health check for volume org.apache.hadoop.ozone.container.common.volume.HddsVolume@234cd86c
2019-10-04 23:27:38,429 [main] INFO  impl.RaftServerProxy (ConfUtils.java:logGet(43)) - raft.rpc.type = GRPC (default)
2019-10-04 23:27:38,430 [main] INFO  grpc.GrpcFactory (GrpcFactory.java:checkPooledByteBufAllocatorUseCacheForAllThreads(45)) - PERFORMANCE WARNING: useCacheForAllThreads is true that may cause Netty to create a lot garbage objects and, as a result, trigger GC.
	It is recommended to disable useCacheForAllThreads by setting -Dorg.apache.ratis.thirdparty.io.netty.allocator.useCacheForAllThreads=false in command line.
2019-10-04 23:27:38,430 [main] INFO  grpc.GrpcConfigKeys$Server (ConfUtils.java:logGet(43)) - raft.grpc.server.port = 0 (default)
2019-10-04 23:27:38,430 [main] INFO  server.GrpcService (ConfUtils.java:logGet(43)) - raft.grpc.message.size.max = 33570816 (custom)
2019-10-04 23:27:38,430 [main] INFO  server.RaftServerConfigKeys (ConfUtils.java:logGet(43)) - raft.server.log.appender.buffer.byte-limit = 33554432 (custom)
2019-10-04 23:27:38,430 [main] INFO  server.GrpcService (ConfUtils.java:logGet(43)) - raft.grpc.flow.control.window = 1MB (=1048576) (default)
2019-10-04 23:27:38,431 [main] INFO  server.RaftServerConfigKeys (ConfUtils.java:logGet(43)) - raft.server.rpc.request.timeout = 3000ms (default)
2019-10-04 23:27:38,431 [main] INFO  server.RaftServerConfigKeys (ConfUtils.java:logGet(43)) - raft.server.storage.dir = [/workdir/hadoop-ozone/integration-test/target/test-dir/MiniOzoneClusterImpl-fe6c72de-2298-40be-9e1b-01151ba7612c/datanode-6/data/ratis] (custom)
2019-10-04 23:27:38,432 [main] INFO  hdfs.DFSUtil (DFSUtil.java:httpServerTemplateForNNAndJN(1641)) - Starting Web-server for hddsDatanode at: http://0.0.0.0:0
2019-10-04 23:27:38,434 [main] INFO  server.AuthenticationFilter (AuthenticationFilter.java:constructSecretProvider(240)) - Unable to initialize FileSignerSecretProvider, falling back to use random secrets.
2019-10-04 23:27:38,434 [main] WARN  http.HttpRequestLog (HttpRequestLog.java:getRequestLog(97)) - Jetty request log can only be enabled using Log4j
2019-10-04 23:27:38,435 [main] INFO  http.HttpServer2 (HttpServer2.java:addGlobalFilter(975)) - Added global filter 'safety' (class=org.apache.hadoop.http.HttpServer2$QuotingInputFilter)
2019-10-04 23:27:38,436 [main] INFO  http.HttpServer2 (HttpServer2.java:addFilter(948)) - Added filter static_user_filter (class=org.apache.hadoop.http.lib.StaticUserWebFilter$StaticUserFilter) to context hddsDatanode
2019-10-04 23:27:38,436 [main] INFO  http.HttpServer2 (HttpServer2.java:addFilter(958)) - Added filter static_user_filter (class=org.apache.hadoop.http.lib.StaticUserWebFilter$StaticUserFilter) to context logs
2019-10-04 23:27:38,436 [main] INFO  http.HttpServer2 (HttpServer2.java:addFilter(958)) - Added filter static_user_filter (class=org.apache.hadoop.http.lib.StaticUserWebFilter$StaticUserFilter) to context static
2019-10-04 23:27:38,437 [main] INFO  http.HttpServer2 (HttpServer2.java:bindListener(1191)) - Jetty bound to port 42791
2019-10-04 23:27:38,437 [main] INFO  server.Server (Server.java:doStart(351)) - jetty-9.3.25.v20180904, build timestamp: 2018-09-04T21:11:46Z, git hash: 3ce520221d0240229c862b122d2b06c12a625732
2019-10-04 23:27:38,438 [main] INFO  handler.ContextHandler (ContextHandler.java:doStart(781)) - Started o.e.j.s.ServletContextHandler@7b6141f0{/logs,file:///workdir/hadoop-ozone/integration-test/target/log,AVAILABLE}
2019-10-04 23:27:38,439 [main] INFO  handler.ContextHandler (ContextHandler.java:doStart(781)) - Started o.e.j.s.ServletContextHandler@70b48eb3{/static,jar:file:/home/user/.m2/repository/org/apache/hadoop/hadoop-hdds-container-service/0.5.0-SNAPSHOT/hadoop-hdds-container-service-0.5.0-SNAPSHOT.jar!/webapps/static,AVAILABLE}
2019-10-04 23:27:38,468 [main] INFO  handler.ContextHandler (ContextHandler.java:doStart(781)) - Started o.e.j.w.WebAppContext@c568f91{/,file:///tmp/jetty-0.0.0.0-42791-hddsDatanode-_-any-5650248194594455850.dir/webapp/,AVAILABLE}{/hddsDatanode}
2019-10-04 23:27:38,468 [main] INFO  server.AbstractConnector (AbstractConnector.java:doStart(278)) - Started ServerConnector@5fd43e58{HTTP/1.1,[http/1.1]}{0.0.0.0:42791}
2019-10-04 23:27:38,470 [main] INFO  server.Server (Server.java:doStart(419)) - Started @230228ms
2019-10-04 23:27:38,470 [main] WARN  impl.MetricsSystemImpl (MetricsSystemImpl.java:register(276)) - Sink prometheus already exists!
2019-10-04 23:27:38,471 [main] INFO  server.BaseHttpServer (BaseHttpServer.java:updateConnectorAddress(215)) - HTTP server of HDDSDATANODE is listening at http://0.0.0.0:42791
2019-10-04 23:27:38,471 [main] INFO  ozone.MiniOzoneClusterImpl (MiniOzoneClusterImpl.java:lambda$waitForClusterToBeReady$0(147)) - Waiting for cluster to be ready. Got 0 of 7 DN Heartbeats.
2019-10-04 23:27:38,472 [org.apache.hadoop.util.JvmPauseMonitor$Monitor@6f612d19] INFO  util.JvmPauseMonitor (JvmPauseMonitor.java:run(188)) - Starting JVM pause monitor
2019-10-04 23:27:38,474 [Datanode State Machine Thread - 0] INFO  datanode.InitDatanodeState (InitDatanodeState.java:persistContainerDatanodeDetails(140)) - DatanodeDetails is persisted to /workdir/hadoop-ozone/integration-test/target/test-dir/MiniOzoneClusterImpl-fe6c72de-2298-40be-9e1b-01151ba7612c/datanode-6/meta/datanode.id
2019-10-04 23:27:39,471 [main] INFO  ozone.MiniOzoneClusterImpl (MiniOzoneClusterImpl.java:lambda$waitForClusterToBeReady$0(147)) - Waiting for cluster to be ready. Got 0 of 7 DN Heartbeats.
2019-10-04 23:27:40,131 [Datanode State Machine Thread - 0] INFO  ozoneimpl.OzoneContainer (OzoneContainer.java:start(217)) - Attempting to start container services.
2019-10-04 23:27:40,132 [Datanode State Machine Thread - 0] INFO  ozoneimpl.OzoneContainer (OzoneContainer.java:startContainerScrub(179)) - Background container scanner has been disabled.
2019-10-04 23:27:40,132 [Datanode State Machine Thread - 0] INFO  ratis.XceiverServerRatis (XceiverServerRatis.java:start(417)) - Starting XceiverServerRatis 12cce3f2-65ae-4bed-9886-4e11986c06a3 at port 0
2019-10-04 23:27:40,138 [Datanode State Machine Thread - 0] INFO  impl.RaftServerProxy (RaftServerProxy.java:lambda$start$3(299)) - 12cce3f2-65ae-4bed-9886-4e11986c06a3: start RPC server
2019-10-04 23:27:40,142 [Datanode State Machine Thread - 0] INFO  server.GrpcService (GrpcService.java:startImpl(158)) - 12cce3f2-65ae-4bed-9886-4e11986c06a3: GrpcService started, listening on 0.0.0.0/0.0.0.0:35704
2019-10-04 23:27:40,142 [Datanode State Machine Thread - 0] INFO  ratis.XceiverServerRatis (XceiverServerRatis.java:start(427)) - XceiverServerRatis 12cce3f2-65ae-4bed-9886-4e11986c06a3 is started using port 35704
2019-10-04 23:27:40,143 [Datanode State Machine Thread - 0] INFO  server.XceiverServerGrpc (XceiverServerGrpc.java:start(149)) - XceiverServerGrpc 12cce3f2-65ae-4bed-9886-4e11986c06a3 is started using port 44205
2019-10-04 23:27:40,161 [Datanode State Machine Thread - 0] INFO  ozoneimpl.OzoneContainer (OzoneContainer.java:start(217)) - Attempting to start container services.
2019-10-04 23:27:40,161 [Datanode State Machine Thread - 0] INFO  ozoneimpl.OzoneContainer (OzoneContainer.java:startContainerScrub(179)) - Background container scanner has been disabled.
2019-10-04 23:27:40,161 [Datanode State Machine Thread - 0] INFO  ratis.XceiverServerRatis (XceiverServerRatis.java:start(417)) - Starting XceiverServerRatis 439d019b-8ffc-486d-bcae-1928c8fd4871 at port 0
2019-10-04 23:27:40,168 [Datanode State Machine Thread - 0] INFO  impl.RaftServerProxy (RaftServerProxy.java:lambda$start$3(299)) - 439d019b-8ffc-486d-bcae-1928c8fd4871: start RPC server
2019-10-04 23:27:40,168 [Datanode State Machine Thread - 0] INFO  server.GrpcService (GrpcService.java:startImpl(158)) - 439d019b-8ffc-486d-bcae-1928c8fd4871: GrpcService started, listening on 0.0.0.0/0.0.0.0:34962
2019-10-04 23:27:40,169 [Datanode State Machine Thread - 0] INFO  ratis.XceiverServerRatis (XceiverServerRatis.java:start(427)) - XceiverServerRatis 439d019b-8ffc-486d-bcae-1928c8fd4871 is started using port 34962
2019-10-04 23:27:40,169 [Datanode State Machine Thread - 0] INFO  server.XceiverServerGrpc (XceiverServerGrpc.java:start(149)) - XceiverServerGrpc 439d019b-8ffc-486d-bcae-1928c8fd4871 is started using port 34036
2019-10-04 23:27:40,239 [Datanode State Machine Thread - 0] INFO  ozoneimpl.OzoneContainer (OzoneContainer.java:start(217)) - Attempting to start container services.
2019-10-04 23:27:40,239 [Datanode State Machine Thread - 0] INFO  ozoneimpl.OzoneContainer (OzoneContainer.java:startContainerScrub(179)) - Background container scanner has been disabled.
2019-10-04 23:27:40,239 [Datanode State Machine Thread - 0] INFO  ratis.XceiverServerRatis (XceiverServerRatis.java:start(417)) - Starting XceiverServerRatis be611e91-5c15-434b-beea-79ee2d552069 at port 0
2019-10-04 23:27:40,246 [Datanode State Machine Thread - 0] INFO  impl.RaftServerProxy (RaftServerProxy.java:lambda$start$3(299)) - be611e91-5c15-434b-beea-79ee2d552069: start RPC server
2019-10-04 23:27:40,247 [Datanode State Machine Thread - 0] INFO  server.GrpcService (GrpcService.java:startImpl(158)) - be611e91-5c15-434b-beea-79ee2d552069: GrpcService started, listening on 0.0.0.0/0.0.0.0:37649
2019-10-04 23:27:40,247 [Datanode State Machine Thread - 0] INFO  ratis.XceiverServerRatis (XceiverServerRatis.java:start(427)) - XceiverServerRatis be611e91-5c15-434b-beea-79ee2d552069 is started using port 37649
2019-10-04 23:27:40,255 [Datanode State Machine Thread - 0] INFO  server.XceiverServerGrpc (XceiverServerGrpc.java:start(149)) - XceiverServerGrpc be611e91-5c15-434b-beea-79ee2d552069 is started using port 34174
2019-10-04 23:27:40,289 [Datanode State Machine Thread - 0] INFO  ozoneimpl.OzoneContainer (OzoneContainer.java:start(217)) - Attempting to start container services.
2019-10-04 23:27:40,290 [Datanode State Machine Thread - 0] INFO  ozoneimpl.OzoneContainer (OzoneContainer.java:startContainerScrub(179)) - Background container scanner has been disabled.
2019-10-04 23:27:40,290 [Datanode State Machine Thread - 0] INFO  ratis.XceiverServerRatis (XceiverServerRatis.java:start(417)) - Starting XceiverServerRatis f2b38fa1-d1fa-46e1-a7c8-4a42d0fbcda8 at port 0
2019-10-04 23:27:40,296 [Datanode State Machine Thread - 0] INFO  impl.RaftServerProxy (RaftServerProxy.java:lambda$start$3(299)) - f2b38fa1-d1fa-46e1-a7c8-4a42d0fbcda8: start RPC server
2019-10-04 23:27:40,299 [Datanode State Machine Thread - 0] INFO  server.GrpcService (GrpcService.java:startImpl(158)) - f2b38fa1-d1fa-46e1-a7c8-4a42d0fbcda8: GrpcService started, listening on 0.0.0.0/0.0.0.0:42313
2019-10-04 23:27:40,299 [Datanode State Machine Thread - 0] INFO  ratis.XceiverServerRatis (XceiverServerRatis.java:start(427)) - XceiverServerRatis f2b38fa1-d1fa-46e1-a7c8-4a42d0fbcda8 is started using port 42313
2019-10-04 23:27:40,299 [Datanode State Machine Thread - 0] INFO  server.XceiverServerGrpc (XceiverServerGrpc.java:start(149)) - XceiverServerGrpc f2b38fa1-d1fa-46e1-a7c8-4a42d0fbcda8 is started using port 35744
2019-10-04 23:27:40,373 [Datanode State Machine Thread - 0] INFO  ozoneimpl.OzoneContainer (OzoneContainer.java:start(217)) - Attempting to start container services.
2019-10-04 23:27:40,373 [Datanode State Machine Thread - 0] INFO  ozoneimpl.OzoneContainer (OzoneContainer.java:startContainerScrub(179)) - Background container scanner has been disabled.
2019-10-04 23:27:40,374 [Datanode State Machine Thread - 0] INFO  ratis.XceiverServerRatis (XceiverServerRatis.java:start(417)) - Starting XceiverServerRatis afdc8bf5-29ed-479c-9dae-86f4f31fd2a5 at port 0
2019-10-04 23:27:40,381 [Datanode State Machine Thread - 0] INFO  impl.RaftServerProxy (RaftServerProxy.java:lambda$start$3(299)) - afdc8bf5-29ed-479c-9dae-86f4f31fd2a5: start RPC server
2019-10-04 23:27:40,385 [Datanode State Machine Thread - 0] INFO  server.GrpcService (GrpcService.java:startImpl(158)) - afdc8bf5-29ed-479c-9dae-86f4f31fd2a5: GrpcService started, listening on 0.0.0.0/0.0.0.0:40455
2019-10-04 23:27:40,385 [Datanode State Machine Thread - 0] INFO  ratis.XceiverServerRatis (XceiverServerRatis.java:start(427)) - XceiverServerRatis afdc8bf5-29ed-479c-9dae-86f4f31fd2a5 is started using port 40455
2019-10-04 23:27:40,387 [Datanode State Machine Thread - 0] INFO  server.XceiverServerGrpc (XceiverServerGrpc.java:start(149)) - XceiverServerGrpc afdc8bf5-29ed-479c-9dae-86f4f31fd2a5 is started using port 41977
2019-10-04 23:27:40,440 [Datanode State Machine Thread - 0] INFO  ozoneimpl.OzoneContainer (OzoneContainer.java:start(217)) - Attempting to start container services.
2019-10-04 23:27:40,440 [Datanode State Machine Thread - 0] INFO  ozoneimpl.OzoneContainer (OzoneContainer.java:startContainerScrub(179)) - Background container scanner has been disabled.
2019-10-04 23:27:40,440 [Datanode State Machine Thread - 0] INFO  ratis.XceiverServerRatis (XceiverServerRatis.java:start(417)) - Starting XceiverServerRatis 1347d7b0-4b22-4fb3-8741-949f401eb748 at port 0
2019-10-04 23:27:40,446 [Datanode State Machine Thread - 0] INFO  impl.RaftServerProxy (RaftServerProxy.java:lambda$start$3(299)) - 1347d7b0-4b22-4fb3-8741-949f401eb748: start RPC server
2019-10-04 23:27:40,446 [Datanode State Machine Thread - 0] INFO  server.GrpcService (GrpcService.java:startImpl(158)) - 1347d7b0-4b22-4fb3-8741-949f401eb748: GrpcService started, listening on 0.0.0.0/0.0.0.0:35663
2019-10-04 23:27:40,446 [Datanode State Machine Thread - 0] INFO  ratis.XceiverServerRatis (XceiverServerRatis.java:start(427)) - XceiverServerRatis 1347d7b0-4b22-4fb3-8741-949f401eb748 is started using port 35663
2019-10-04 23:27:40,447 [Datanode State Machine Thread - 0] INFO  server.XceiverServerGrpc (XceiverServerGrpc.java:start(149)) - XceiverServerGrpc 1347d7b0-4b22-4fb3-8741-949f401eb748 is started using port 44495
2019-10-04 23:27:40,472 [main] INFO  ozone.MiniOzoneClusterImpl (MiniOzoneClusterImpl.java:lambda$waitForClusterToBeReady$0(147)) - Waiting for cluster to be ready. Got 0 of 7 DN Heartbeats.
2019-10-04 23:27:40,499 [Datanode State Machine Thread - 0] INFO  ozoneimpl.OzoneContainer (OzoneContainer.java:start(217)) - Attempting to start container services.
2019-10-04 23:27:40,499 [Datanode State Machine Thread - 0] INFO  ozoneimpl.OzoneContainer (OzoneContainer.java:startContainerScrub(179)) - Background container scanner has been disabled.
2019-10-04 23:27:40,499 [Datanode State Machine Thread - 0] INFO  ratis.XceiverServerRatis (XceiverServerRatis.java:start(417)) - Starting XceiverServerRatis e9ea880f-5e40-42f2-8cb7-504496c4d4f2 at port 0
2019-10-04 23:27:40,505 [Datanode State Machine Thread - 0] INFO  impl.RaftServerProxy (RaftServerProxy.java:lambda$start$3(299)) - e9ea880f-5e40-42f2-8cb7-504496c4d4f2: start RPC server
2019-10-04 23:27:40,506 [Datanode State Machine Thread - 0] INFO  server.GrpcService (GrpcService.java:startImpl(158)) - e9ea880f-5e40-42f2-8cb7-504496c4d4f2: GrpcService started, listening on 0.0.0.0/0.0.0.0:34064
2019-10-04 23:27:40,506 [Datanode State Machine Thread - 0] INFO  ratis.XceiverServerRatis (XceiverServerRatis.java:start(427)) - XceiverServerRatis e9ea880f-5e40-42f2-8cb7-504496c4d4f2 is started using port 34064
2019-10-04 23:27:40,507 [Datanode State Machine Thread - 0] INFO  server.XceiverServerGrpc (XceiverServerGrpc.java:start(149)) - XceiverServerGrpc e9ea880f-5e40-42f2-8cb7-504496c4d4f2 is started using port 41414
2019-10-04 23:27:41,472 [main] INFO  ozone.MiniOzoneClusterImpl (MiniOzoneClusterImpl.java:lambda$waitForClusterToBeReady$0(147)) - Waiting for cluster to be ready. Got 0 of 7 DN Heartbeats.
2019-10-04 23:27:42,087 [IPC Server handler 5 on 32876] INFO  net.NetworkTopology (NetworkTopologyImpl.java:add(111)) - Added a new node: /default-rack/12cce3f2-65ae-4bed-9886-4e11986c06a3
2019-10-04 23:27:42,091 [IPC Server handler 5 on 32876] INFO  node.SCMNodeManager (SCMNodeManager.java:register(268)) - Registered Data node : 12cce3f2-65ae-4bed-9886-4e11986c06a3{ip: 192.168.30.31, host: pr-hdds-2181-4swdh-1415433563, networkLocation: /default-rack, certSerialId: null}
2019-10-04 23:27:42,092 [EventQueue-NodeRegistrationContainerReportForDataNodeSafeModeRule] INFO  safemode.SCMSafeModeManager (DataNodeSafeModeRule.java:process(71)) - SCM in safe mode. 1 DataNodes registered, 1 required.
2019-10-04 23:27:42,095 [EventQueue-NodeRegistrationContainerReportForDataNodeSafeModeRule] INFO  safemode.SCMSafeModeManager (SCMSafeModeManager.java:validateSafeModeExitRules(177)) - ScmSafeModeManager, all rules are successfully validated
2019-10-04 23:27:42,095 [EventQueue-NodeRegistrationContainerReportForDataNodeSafeModeRule] INFO  safemode.SCMSafeModeManager (SCMSafeModeManager.java:exitSafeMode(193)) - SCM exiting safe mode.
2019-10-04 23:27:42,110 [grpc-default-executor-1] INFO  impl.RaftServerProxy (RaftServerProxy.java:addNew(89)) - 12cce3f2-65ae-4bed-9886-4e11986c06a3: addNew group-2A0DC9F98687:[12cce3f2-65ae-4bed-9886-4e11986c06a3:192.168.30.31:35704] returns group-2A0DC9F98687:java.util.concurrent.CompletableFuture@2c9fe522[Not completed]
2019-10-04 23:27:42,114 [pool-383-thread-1] INFO  impl.RaftServerImpl (RaftServerImpl.java:<init>(95)) - 12cce3f2-65ae-4bed-9886-4e11986c06a3: new RaftServerImpl for group-2A0DC9F98687:[12cce3f2-65ae-4bed-9886-4e11986c06a3:192.168.30.31:35704] with ContainerStateMachine:uninitialized
2019-10-04 23:27:42,114 [pool-383-thread-1] INFO  server.RaftServerConfigKeys (ConfUtils.java:logGet(43)) - raft.server.rpc.timeout.min = 5s (custom)
2019-10-04 23:27:42,114 [pool-383-thread-1] INFO  server.RaftServerConfigKeys (ConfUtils.java:logGet(43)) - raft.server.rpc.timeout.max = 5200ms (custom)
2019-10-04 23:27:42,114 [pool-383-thread-1] INFO  server.RaftServerConfigKeys (ConfUtils.java:logGet(43)) - raft.server.rpcslowness.timeout = 120s (custom)
2019-10-04 23:27:42,114 [pool-383-thread-1] INFO  server.RaftServerConfigKeys (ConfUtils.java:logGet(43)) - raft.server.sleep.deviation.threshold = 300 (default)
2019-10-04 23:27:42,115 [pool-383-thread-1] INFO  server.RaftServerConfigKeys (ConfUtils.java:logGet(43)) - raft.server.log.appender.install.snapshot.enabled = false (custom)
2019-10-04 23:27:42,115 [pool-383-thread-1] INFO  impl.RaftServerImpl (ServerState.java:<init>(103)) - 12cce3f2-65ae-4bed-9886-4e11986c06a3@group-2A0DC9F98687: ConfigurationManager, init=-1: [12cce3f2-65ae-4bed-9886-4e11986c06a3:192.168.30.31:35704], old=null, confs=<EMPTY_MAP>
2019-10-04 23:27:42,115 [pool-383-thread-1] INFO  server.RaftServerConfigKeys (ConfUtils.java:logGet(43)) - raft.server.storage.dir = [/workdir/hadoop-ozone/integration-test/target/test-dir/MiniOzoneClusterImpl-fe6c72de-2298-40be-9e1b-01151ba7612c/datanode-0/data/ratis] (custom)
2019-10-04 23:27:42,116 [pool-383-thread-1] INFO  server.RaftServerConfigKeys (ConfUtils.java:logGet(43)) - raft.server.log.corruption.policy = EXCEPTION (default)
2019-10-04 23:27:42,116 [pool-383-thread-1] INFO  storage.RaftStorageDirectory (RaftStorageDirectory.java:analyzeStorage(246)) - The storage directory /workdir/hadoop-ozone/integration-test/target/test-dir/MiniOzoneClusterImpl-fe6c72de-2298-40be-9e1b-01151ba7612c/datanode-0/data/ratis/344cf916-7e93-4020-8348-2a0dc9f98687 does not exist. Creating ...
2019-10-04 23:27:42,140 [IPC Server handler 0 on 32876] INFO  net.NetworkTopology (NetworkTopologyImpl.java:add(111)) - Added a new node: /default-rack/439d019b-8ffc-486d-bcae-1928c8fd4871
2019-10-04 23:27:42,141 [IPC Server handler 0 on 32876] INFO  node.SCMNodeManager (SCMNodeManager.java:register(268)) - Registered Data node : 439d019b-8ffc-486d-bcae-1928c8fd4871{ip: 192.168.30.31, host: pr-hdds-2181-4swdh-1415433563, networkLocation: /default-rack, certSerialId: null}
2019-10-04 23:27:42,149 [pool-383-thread-1] INFO  storage.RaftStorageDirectory (RaftStorageDirectory.java:tryLock(328)) - Lock on /workdir/hadoop-ozone/integration-test/target/test-dir/MiniOzoneClusterImpl-fe6c72de-2298-40be-9e1b-01151ba7612c/datanode-0/data/ratis/344cf916-7e93-4020-8348-2a0dc9f98687/in_use.lock acquired by nodename 9691@pr-hdds-2181-4swdh-1415433563
2019-10-04 23:27:42,174 [pool-383-thread-1] INFO  storage.RaftStorage (RaftStorage.java:format(84)) - Storage directory /workdir/hadoop-ozone/integration-test/target/test-dir/MiniOzoneClusterImpl-fe6c72de-2298-40be-9e1b-01151ba7612c/datanode-0/data/ratis/344cf916-7e93-4020-8348-2a0dc9f98687 has been successfully formatted.
2019-10-04 23:27:42,175 [pool-383-thread-1] INFO  ratis.ContainerStateMachine (ContainerStateMachine.java:loadSnapshot(230)) - group-2A0DC9F98687: The snapshot info is null. Setting the last applied indexto:(t:0, i:~)
2019-10-04 23:27:42,175 [pool-383-thread-1] INFO  server.RaftServerConfigKeys (ConfUtils.java:logGet(43)) - raft.server.notification.no-leader.timeout = 120s (custom)
2019-10-04 23:27:42,175 [pool-383-thread-1] INFO  server.RaftServerConfigKeys (ConfUtils.java:logGet(43)) - raft.server.log.use.memory = false (default)
2019-10-04 23:27:42,175 [pool-383-thread-1] INFO  server.RaftServerConfigKeys (ConfUtils.java:logGet(43)) - raft.server.log.purge.gap = 1000000 (custom)
2019-10-04 23:27:42,176 [pool-383-thread-1] INFO  server.RaftServerConfigKeys (ConfUtils.java:logGet(43)) - raft.server.log.appender.buffer.byte-limit = 33554432 (custom)
2019-10-04 23:27:42,176 [pool-383-thread-1] INFO  server.RaftServerConfigKeys (ConfUtils.java:logGet(43)) - raft.server.log.segment.size.max = 1048576 (custom)
2019-10-04 23:27:42,179 [pool-383-thread-1] INFO  server.RaftServerConfigKeys (ConfUtils.java:logGet(43)) - raft.server.log.segment.cache.num.max = 2 (custom)
2019-10-04 23:27:42,179 [pool-383-thread-1] INFO  segmented.SegmentedRaftLogWorker (SegmentedRaftLogWorker.java:<init>(173)) - new 12cce3f2-65ae-4bed-9886-4e11986c06a3@group-2A0DC9F98687-SegmentedRaftLogWorker for RaftStorage:Storage Directory /workdir/hadoop-ozone/integration-test/target/test-dir/MiniOzoneClusterImpl-fe6c72de-2298-40be-9e1b-01151ba7612c/datanode-0/data/ratis/344cf916-7e93-4020-8348-2a0dc9f98687
2019-10-04 23:27:42,179 [pool-383-thread-1] INFO  server.RaftServerConfigKeys (ConfUtils.java:logGet(43)) - raft.server.log.queue.byte-limit = 2147483647 (custom)
2019-10-04 23:27:42,179 [pool-383-thread-1] INFO  server.RaftServerConfigKeys (ConfUtils.java:logGet(43)) - raft.server.log.queue.element-limit = 1024 (custom)
2019-10-04 23:27:42,179 [pool-383-thread-1] INFO  server.RaftServerConfigKeys (ConfUtils.java:logGet(43)) - raft.server.log.segment.size.max = 1048576 (custom)
2019-10-04 23:27:42,179 [pool-383-thread-1] INFO  server.RaftServerConfigKeys (ConfUtils.java:logGet(43)) - raft.server.log.preallocated.size = 16384 (custom)
2019-10-04 23:27:42,180 [pool-383-thread-1] INFO  server.RaftServerConfigKeys (ConfUtils.java:logGet(43)) - raft.server.log.write.buffer.size = 33554432 (custom)
2019-10-04 23:27:42,180 [pool-383-thread-1] INFO  server.RaftServerConfigKeys (ConfUtils.java:logGet(43)) - raft.server.log.force.sync.num = 128 (default)
2019-10-04 23:27:42,180 [pool-383-thread-1] INFO  server.RaftServerConfigKeys (ConfUtils.java:logGet(43)) - raft.server.log.statemachine.data.sync = true (default)
2019-10-04 23:27:42,180 [pool-383-thread-1] INFO  server.RaftServerConfigKeys (ConfUtils.java:logGet(43)) - raft.server.log.statemachine.data.sync.timeout = 10s (default)
2019-10-04 23:27:42,180 [pool-383-thread-1] INFO  server.RaftServerConfigKeys (ConfUtils.java:logGet(43)) - raft.server.log.statemachine.data.sync.timeout.retry = -1 (default)
2019-10-04 23:27:42,181 [pool-383-thread-1] INFO  server.RaftServerConfigKeys (ConfUtils.java:logGet(43)) - raft.server.log.statemachine.data.caching.enabled = true (custom)
2019-10-04 23:27:42,181 [pool-383-thread-1] INFO  segmented.SegmentedRaftLogWorker (SegmentedRaftLogWorker.java:lambda$new$0(128)) - 12cce3f2-65ae-4bed-9886-4e11986c06a3@group-2A0DC9F98687-SegmentedRaftLogWorker: flushIndex: setUnconditionally 0 -> -1
2019-10-04 23:27:42,182 [pool-383-thread-1] INFO  server.RaftServerConfigKeys (ConfUtils.java:logGet(43)) - raft.server.snapshot.auto.trigger.enabled = true (custom)
2019-10-04 23:27:42,182 [pool-383-thread-1] INFO  server.RaftServerConfigKeys (ConfUtils.java:logGet(43)) - raft.server.snapshot.auto.trigger.threshold = 10000 (custom)
2019-10-04 23:27:42,182 [pool-383-thread-1] INFO  server.RaftServerConfigKeys (ConfUtils.java:logGet(43)) - raft.server.snapshot.retention.file.num = 5 (custom)
2019-10-04 23:27:42,182 [pool-383-thread-1] INFO  server.RaftServerConfigKeys (ConfUtils.java:logGet(43)) - raft.server.retrycache.expirytime = 600000ms (custom)
2019-10-04 23:27:42,185 [pool-383-thread-1] INFO  impl.RaftServerImpl (RaftServerImpl.java:start(181)) - 12cce3f2-65ae-4bed-9886-4e11986c06a3@group-2A0DC9F98687: start as a follower, conf=-1: [12cce3f2-65ae-4bed-9886-4e11986c06a3:192.168.30.31:35704], old=null
2019-10-04 23:27:42,185 [pool-383-thread-1] INFO  impl.RaftServerImpl (RaftServerImpl.java:setRole(170)) - 12cce3f2-65ae-4bed-9886-4e11986c06a3@group-2A0DC9F98687: changes role from      null to FOLLOWER at term 0 for startAsFollower
2019-10-04 23:27:42,185 [pool-383-thread-1] INFO  impl.RoleInfo (RoleInfo.java:updateAndGet(143)) - 12cce3f2-65ae-4bed-9886-4e11986c06a3: start FollowerState
2019-10-04 23:27:42,186 [pool-383-thread-1] INFO  util.JmxRegister (JmxRegister.java:tryRegister(44)) - Successfully registered JMX Bean with object name Ratis:service=RaftServer,group=group-2A0DC9F98687,id=12cce3f2-65ae-4bed-9886-4e11986c06a3
2019-10-04 23:27:42,191 [RatisPipelineUtilsThread] INFO  pipeline.PipelineStateManager (PipelineStateManager.java:addPipeline(56)) - Created pipeline Pipeline[ Id: 344cf916-7e93-4020-8348-2a0dc9f98687, Nodes: 12cce3f2-65ae-4bed-9886-4e11986c06a3{ip: 192.168.30.31, host: pr-hdds-2181-4swdh-1415433563, networkLocation: /default-rack, certSerialId: null}, Type:RATIS, Factor:ONE, State:OPEN]
2019-10-04 23:27:42,199 [grpc-default-executor-1] INFO  impl.RaftServerProxy (RaftServerProxy.java:addNew(89)) - 439d019b-8ffc-486d-bcae-1928c8fd4871: addNew group-BEC4EEE8D268:[439d019b-8ffc-486d-bcae-1928c8fd4871:192.168.30.31:34962] returns group-BEC4EEE8D268:java.util.concurrent.CompletableFuture@54d45e73[Not completed]
2019-10-04 23:27:42,200 [pool-393-thread-1] INFO  impl.RaftServerImpl (RaftServerImpl.java:<init>(95)) - 439d019b-8ffc-486d-bcae-1928c8fd4871: new RaftServerImpl for group-BEC4EEE8D268:[439d019b-8ffc-486d-bcae-1928c8fd4871:192.168.30.31:34962] with ContainerStateMachine:uninitialized
2019-10-04 23:27:42,200 [pool-393-thread-1] INFO  server.RaftServerConfigKeys (ConfUtils.java:logGet(43)) - raft.server.rpc.timeout.min = 5s (custom)
2019-10-04 23:27:42,200 [pool-393-thread-1] INFO  server.RaftServerConfigKeys (ConfUtils.java:logGet(43)) - raft.server.rpc.timeout.max = 5200ms (custom)
2019-10-04 23:27:42,200 [pool-393-thread-1] INFO  server.RaftServerConfigKeys (ConfUtils.java:logGet(43)) - raft.server.rpcslowness.timeout = 120s (custom)
2019-10-04 23:27:42,200 [pool-393-thread-1] INFO  server.RaftServerConfigKeys (ConfUtils.java:logGet(43)) - raft.server.sleep.deviation.threshold = 300 (default)
2019-10-04 23:27:42,200 [pool-393-thread-1] INFO  server.RaftServerConfigKeys (ConfUtils.java:logGet(43)) - raft.server.log.appender.install.snapshot.enabled = false (custom)
2019-10-04 23:27:42,201 [pool-393-thread-1] INFO  impl.RaftServerImpl (ServerState.java:<init>(103)) - 439d019b-8ffc-486d-bcae-1928c8fd4871@group-BEC4EEE8D268: ConfigurationManager, init=-1: [439d019b-8ffc-486d-bcae-1928c8fd4871:192.168.30.31:34962], old=null, confs=<EMPTY_MAP>
2019-10-04 23:27:42,201 [pool-393-thread-1] INFO  server.RaftServerConfigKeys (ConfUtils.java:logGet(43)) - raft.server.storage.dir = [/workdir/hadoop-ozone/integration-test/target/test-dir/MiniOzoneClusterImpl-fe6c72de-2298-40be-9e1b-01151ba7612c/datanode-1/data/ratis] (custom)
2019-10-04 23:27:42,201 [pool-393-thread-1] INFO  server.RaftServerConfigKeys (ConfUtils.java:logGet(43)) - raft.server.log.corruption.policy = EXCEPTION (default)
2019-10-04 23:27:42,201 [pool-393-thread-1] INFO  storage.RaftStorageDirectory (RaftStorageDirectory.java:analyzeStorage(246)) - The storage directory /workdir/hadoop-ozone/integration-test/target/test-dir/MiniOzoneClusterImpl-fe6c72de-2298-40be-9e1b-01151ba7612c/datanode-1/data/ratis/574eed45-f107-4558-bc6d-bec4eee8d268 does not exist. Creating ...
2019-10-04 23:27:42,203 [IPC Server handler 1 on 32876] INFO  net.NetworkTopology (NetworkTopologyImpl.java:add(111)) - Added a new node: /default-rack/be611e91-5c15-434b-beea-79ee2d552069
2019-10-04 23:27:42,203 [IPC Server handler 1 on 32876] INFO  node.SCMNodeManager (SCMNodeManager.java:register(268)) - Registered Data node : be611e91-5c15-434b-beea-79ee2d552069{ip: 192.168.30.31, host: pr-hdds-2181-4swdh-1415433563, networkLocation: /default-rack, certSerialId: null}
2019-10-04 23:27:42,225 [pool-393-thread-1] INFO  storage.RaftStorageDirectory (RaftStorageDirectory.java:tryLock(328)) - Lock on /workdir/hadoop-ozone/integration-test/target/test-dir/MiniOzoneClusterImpl-fe6c72de-2298-40be-9e1b-01151ba7612c/datanode-1/data/ratis/574eed45-f107-4558-bc6d-bec4eee8d268/in_use.lock acquired by nodename 9691@pr-hdds-2181-4swdh-1415433563
2019-10-04 23:27:42,250 [pool-393-thread-1] INFO  storage.RaftStorage (RaftStorage.java:format(84)) - Storage directory /workdir/hadoop-ozone/integration-test/target/test-dir/MiniOzoneClusterImpl-fe6c72de-2298-40be-9e1b-01151ba7612c/datanode-1/data/ratis/574eed45-f107-4558-bc6d-bec4eee8d268 has been successfully formatted.
2019-10-04 23:27:42,250 [pool-393-thread-1] INFO  ratis.ContainerStateMachine (ContainerStateMachine.java:loadSnapshot(230)) - group-BEC4EEE8D268: The snapshot info is null. Setting the last applied indexto:(t:0, i:~)
2019-10-04 23:27:42,251 [pool-393-thread-1] INFO  server.RaftServerConfigKeys (ConfUtils.java:logGet(43)) - raft.server.notification.no-leader.timeout = 120s (custom)
2019-10-04 23:27:42,251 [pool-393-thread-1] INFO  server.RaftServerConfigKeys (ConfUtils.java:logGet(43)) - raft.server.log.use.memory = false (default)
2019-10-04 23:27:42,251 [pool-393-thread-1] INFO  server.RaftServerConfigKeys (ConfUtils.java:logGet(43)) - raft.server.log.purge.gap = 1000000 (custom)
2019-10-04 23:27:42,251 [pool-393-thread-1] INFO  server.RaftServerConfigKeys (ConfUtils.java:logGet(43)) - raft.server.log.appender.buffer.byte-limit = 33554432 (custom)
2019-10-04 23:27:42,251 [pool-393-thread-1] INFO  server.RaftServerConfigKeys (ConfUtils.java:logGet(43)) - raft.server.log.segment.size.max = 1048576 (custom)
2019-10-04 23:27:42,252 [pool-393-thread-1] INFO  server.RaftServerConfigKeys (ConfUtils.java:logGet(43)) - raft.server.log.segment.cache.num.max = 2 (custom)
2019-10-04 23:27:42,252 [pool-393-thread-1] INFO  segmented.SegmentedRaftLogWorker (SegmentedRaftLogWorker.java:<init>(173)) - new 439d019b-8ffc-486d-bcae-1928c8fd4871@group-BEC4EEE8D268-SegmentedRaftLogWorker for RaftStorage:Storage Directory /workdir/hadoop-ozone/integration-test/target/test-dir/MiniOzoneClusterImpl-fe6c72de-2298-40be-9e1b-01151ba7612c/datanode-1/data/ratis/574eed45-f107-4558-bc6d-bec4eee8d268
2019-10-04 23:27:42,252 [pool-393-thread-1] INFO  server.RaftServerConfigKeys (ConfUtils.java:logGet(43)) - raft.server.log.queue.byte-limit = 2147483647 (custom)
2019-10-04 23:27:42,252 [pool-393-thread-1] INFO  server.RaftServerConfigKeys (ConfUtils.java:logGet(43)) - raft.server.log.queue.element-limit = 1024 (custom)
2019-10-04 23:27:42,253 [pool-393-thread-1] INFO  server.RaftServerConfigKeys (ConfUtils.java:logGet(43)) - raft.server.log.segment.size.max = 1048576 (custom)
2019-10-04 23:27:42,253 [pool-393-thread-1] INFO  server.RaftServerConfigKeys (ConfUtils.java:logGet(43)) - raft.server.log.preallocated.size = 16384 (custom)
2019-10-04 23:27:42,253 [pool-393-thread-1] INFO  server.RaftServerConfigKeys (ConfUtils.java:logGet(43)) - raft.server.log.write.buffer.size = 33554432 (custom)
2019-10-04 23:27:42,253 [pool-393-thread-1] INFO  server.RaftServerConfigKeys (ConfUtils.java:logGet(43)) - raft.server.log.force.sync.num = 128 (default)
2019-10-04 23:27:42,253 [pool-393-thread-1] INFO  server.RaftServerConfigKeys (ConfUtils.java:logGet(43)) - raft.server.log.statemachine.data.sync = true (default)
2019-10-04 23:27:42,253 [pool-393-thread-1] INFO  server.RaftServerConfigKeys (ConfUtils.java:logGet(43)) - raft.server.log.statemachine.data.sync.timeout = 10s (default)
2019-10-04 23:27:42,253 [pool-393-thread-1] INFO  server.RaftServerConfigKeys (ConfUtils.java:logGet(43)) - raft.server.log.statemachine.data.sync.timeout.retry = -1 (default)
2019-10-04 23:27:42,253 [pool-393-thread-1] INFO  server.RaftServerConfigKeys (ConfUtils.java:logGet(43)) - raft.server.log.statemachine.data.caching.enabled = true (custom)
2019-10-04 23:27:42,254 [pool-393-thread-1] INFO  segmented.SegmentedRaftLogWorker (SegmentedRaftLogWorker.java:lambda$new$0(128)) - 439d019b-8ffc-486d-bcae-1928c8fd4871@group-BEC4EEE8D268-SegmentedRaftLogWorker: flushIndex: setUnconditionally 0 -> -1
2019-10-04 23:27:42,254 [pool-393-thread-1] INFO  server.RaftServerConfigKeys (ConfUtils.java:logGet(43)) - raft.server.snapshot.auto.trigger.enabled = true (custom)
2019-10-04 23:27:42,254 [pool-393-thread-1] INFO  server.RaftServerConfigKeys (ConfUtils.java:logGet(43)) - raft.server.snapshot.auto.trigger.threshold = 10000 (custom)
2019-10-04 23:27:42,254 [pool-393-thread-1] INFO  server.RaftServerConfigKeys (ConfUtils.java:logGet(43)) - raft.server.snapshot.retention.file.num = 5 (custom)
2019-10-04 23:27:42,254 [pool-393-thread-1] INFO  server.RaftServerConfigKeys (ConfUtils.java:logGet(43)) - raft.server.retrycache.expirytime = 600000ms (custom)
2019-10-04 23:27:42,256 [pool-393-thread-1] INFO  impl.RaftServerImpl (RaftServerImpl.java:start(181)) - 439d019b-8ffc-486d-bcae-1928c8fd4871@group-BEC4EEE8D268: start as a follower, conf=-1: [439d019b-8ffc-486d-bcae-1928c8fd4871:192.168.30.31:34962], old=null
2019-10-04 23:27:42,256 [pool-393-thread-1] INFO  impl.RaftServerImpl (RaftServerImpl.java:setRole(170)) - 439d019b-8ffc-486d-bcae-1928c8fd4871@group-BEC4EEE8D268: changes role from      null to FOLLOWER at term 0 for startAsFollower
2019-10-04 23:27:42,256 [pool-393-thread-1] INFO  impl.RoleInfo (RoleInfo.java:updateAndGet(143)) - 439d019b-8ffc-486d-bcae-1928c8fd4871: start FollowerState
2019-10-04 23:27:42,256 [pool-393-thread-1] INFO  util.JmxRegister (JmxRegister.java:tryRegister(44)) - Successfully registered JMX Bean with object name Ratis:service=RaftServer,group=group-BEC4EEE8D268,id=439d019b-8ffc-486d-bcae-1928c8fd4871
2019-10-04 23:27:42,260 [RatisPipelineUtilsThread] INFO  pipeline.PipelineStateManager (PipelineStateManager.java:addPipeline(56)) - Created pipeline Pipeline[ Id: 574eed45-f107-4558-bc6d-bec4eee8d268, Nodes: 439d019b-8ffc-486d-bcae-1928c8fd4871{ip: 192.168.30.31, host: pr-hdds-2181-4swdh-1415433563, networkLocation: /default-rack, certSerialId: null}, Type:RATIS, Factor:ONE, State:OPEN]
2019-10-04 23:27:42,271 [IPC Server handler 4 on 32876] INFO  net.NetworkTopology (NetworkTopologyImpl.java:add(111)) - Added a new node: /default-rack/f2b38fa1-d1fa-46e1-a7c8-4a42d0fbcda8
2019-10-04 23:27:42,271 [IPC Server handler 4 on 32876] INFO  node.SCMNodeManager (SCMNodeManager.java:register(268)) - Registered Data node : f2b38fa1-d1fa-46e1-a7c8-4a42d0fbcda8{ip: 192.168.30.31, host: pr-hdds-2181-4swdh-1415433563, networkLocation: /default-rack, certSerialId: null}
2019-10-04 23:27:42,276 [grpc-default-executor-1] INFO  impl.RaftServerProxy (RaftServerProxy.java:addNew(89)) - be611e91-5c15-434b-beea-79ee2d552069: addNew group-7514919FB053:[be611e91-5c15-434b-beea-79ee2d552069:192.168.30.31:37649] returns group-7514919FB053:java.util.concurrent.CompletableFuture@7d537092[Not completed]
2019-10-04 23:27:42,277 [pool-403-thread-1] INFO  impl.RaftServerImpl (RaftServerImpl.java:<init>(95)) - be611e91-5c15-434b-beea-79ee2d552069: new RaftServerImpl for group-7514919FB053:[be611e91-5c15-434b-beea-79ee2d552069:192.168.30.31:37649] with ContainerStateMachine:uninitialized
2019-10-04 23:27:42,277 [pool-403-thread-1] INFO  server.RaftServerConfigKeys (ConfUtils.java:logGet(43)) - raft.server.rpc.timeout.min = 5s (custom)
2019-10-04 23:27:42,277 [pool-403-thread-1] INFO  server.RaftServerConfigKeys (ConfUtils.java:logGet(43)) - raft.server.rpc.timeout.max = 5200ms (custom)
2019-10-04 23:27:42,277 [pool-403-thread-1] INFO  server.RaftServerConfigKeys (ConfUtils.java:logGet(43)) - raft.server.rpcslowness.timeout = 120s (custom)
2019-10-04 23:27:42,277 [pool-403-thread-1] INFO  server.RaftServerConfigKeys (ConfUtils.java:logGet(43)) - raft.server.sleep.deviation.threshold = 300 (default)
2019-10-04 23:27:42,278 [pool-403-thread-1] INFO  server.RaftServerConfigKeys (ConfUtils.java:logGet(43)) - raft.server.log.appender.install.snapshot.enabled = false (custom)
2019-10-04 23:27:42,278 [pool-403-thread-1] INFO  impl.RaftServerImpl (ServerState.java:<init>(103)) - be611e91-5c15-434b-beea-79ee2d552069@group-7514919FB053: ConfigurationManager, init=-1: [be611e91-5c15-434b-beea-79ee2d552069:192.168.30.31:37649], old=null, confs=<EMPTY_MAP>
2019-10-04 23:27:42,278 [pool-403-thread-1] INFO  server.RaftServerConfigKeys (ConfUtils.java:logGet(43)) - raft.server.storage.dir = [/workdir/hadoop-ozone/integration-test/target/test-dir/MiniOzoneClusterImpl-fe6c72de-2298-40be-9e1b-01151ba7612c/datanode-2/data/ratis] (custom)
2019-10-04 23:27:42,278 [pool-403-thread-1] INFO  server.RaftServerConfigKeys (ConfUtils.java:logGet(43)) - raft.server.log.corruption.policy = EXCEPTION (default)
2019-10-04 23:27:42,278 [pool-403-thread-1] INFO  storage.RaftStorageDirectory (RaftStorageDirectory.java:analyzeStorage(246)) - The storage directory /workdir/hadoop-ozone/integration-test/target/test-dir/MiniOzoneClusterImpl-fe6c72de-2298-40be-9e1b-01151ba7612c/datanode-2/data/ratis/cc97c2f5-8f10-4f8f-8272-7514919fb053 does not exist. Creating ...
2019-10-04 23:27:42,301 [pool-403-thread-1] INFO  storage.RaftStorageDirectory (RaftStorageDirectory.java:tryLock(328)) - Lock on /workdir/hadoop-ozone/integration-test/target/test-dir/MiniOzoneClusterImpl-fe6c72de-2298-40be-9e1b-01151ba7612c/datanode-2/data/ratis/cc97c2f5-8f10-4f8f-8272-7514919fb053/in_use.lock acquired by nodename 9691@pr-hdds-2181-4swdh-1415433563
2019-10-04 23:27:42,326 [pool-403-thread-1] INFO  storage.RaftStorage (RaftStorage.java:format(84)) - Storage directory /workdir/hadoop-ozone/integration-test/target/test-dir/MiniOzoneClusterImpl-fe6c72de-2298-40be-9e1b-01151ba7612c/datanode-2/data/ratis/cc97c2f5-8f10-4f8f-8272-7514919fb053 has been successfully formatted.
2019-10-04 23:27:42,326 [pool-403-thread-1] INFO  ratis.ContainerStateMachine (ContainerStateMachine.java:loadSnapshot(230)) - group-7514919FB053: The snapshot info is null. Setting the last applied indexto:(t:0, i:~)
2019-10-04 23:27:42,326 [pool-403-thread-1] INFO  server.RaftServerConfigKeys (ConfUtils.java:logGet(43)) - raft.server.notification.no-leader.timeout = 120s (custom)
2019-10-04 23:27:42,326 [pool-403-thread-1] INFO  server.RaftServerConfigKeys (ConfUtils.java:logGet(43)) - raft.server.log.use.memory = false (default)
2019-10-04 23:27:42,327 [pool-403-thread-1] INFO  server.RaftServerConfigKeys (ConfUtils.java:logGet(43)) - raft.server.log.purge.gap = 1000000 (custom)
2019-10-04 23:27:42,327 [pool-403-thread-1] INFO  server.RaftServerConfigKeys (ConfUtils.java:logGet(43)) - raft.server.log.appender.buffer.byte-limit = 33554432 (custom)
2019-10-04 23:27:42,327 [pool-403-thread-1] INFO  server.RaftServerConfigKeys (ConfUtils.java:logGet(43)) - raft.server.log.segment.size.max = 1048576 (custom)
2019-10-04 23:27:42,329 [pool-403-thread-1] INFO  server.RaftServerConfigKeys (ConfUtils.java:logGet(43)) - raft.server.log.segment.cache.num.max = 2 (custom)
2019-10-04 23:27:42,329 [pool-403-thread-1] INFO  segmented.SegmentedRaftLogWorker (SegmentedRaftLogWorker.java:<init>(173)) - new be611e91-5c15-434b-beea-79ee2d552069@group-7514919FB053-SegmentedRaftLogWorker for RaftStorage:Storage Directory /workdir/hadoop-ozone/integration-test/target/test-dir/MiniOzoneClusterImpl-fe6c72de-2298-40be-9e1b-01151ba7612c/datanode-2/data/ratis/cc97c2f5-8f10-4f8f-8272-7514919fb053
2019-10-04 23:27:42,329 [pool-403-thread-1] INFO  server.RaftServerConfigKeys (ConfUtils.java:logGet(43)) - raft.server.log.queue.byte-limit = 2147483647 (custom)
2019-10-04 23:27:42,329 [pool-403-thread-1] INFO  server.RaftServerConfigKeys (ConfUtils.java:logGet(43)) - raft.server.log.queue.element-limit = 1024 (custom)
2019-10-04 23:27:42,329 [pool-403-thread-1] INFO  server.RaftServerConfigKeys (ConfUtils.java:logGet(43)) - raft.server.log.segment.size.max = 1048576 (custom)
2019-10-04 23:27:42,329 [pool-403-thread-1] INFO  server.RaftServerConfigKeys (ConfUtils.java:logGet(43)) - raft.server.log.preallocated.size = 16384 (custom)
2019-10-04 23:27:42,329 [pool-403-thread-1] INFO  server.RaftServerConfigKeys (ConfUtils.java:logGet(43)) - raft.server.log.write.buffer.size = 33554432 (custom)
2019-10-04 23:27:42,330 [pool-403-thread-1] INFO  server.RaftServerConfigKeys (ConfUtils.java:logGet(43)) - raft.server.log.force.sync.num = 128 (default)
2019-10-04 23:27:42,330 [pool-403-thread-1] INFO  server.RaftServerConfigKeys (ConfUtils.java:logGet(43)) - raft.server.log.statemachine.data.sync = true (default)
2019-10-04 23:27:42,330 [pool-403-thread-1] INFO  server.RaftServerConfigKeys (ConfUtils.java:logGet(43)) - raft.server.log.statemachine.data.sync.timeout = 10s (default)
2019-10-04 23:27:42,330 [pool-403-thread-1] INFO  server.RaftServerConfigKeys (ConfUtils.java:logGet(43)) - raft.server.log.statemachine.data.sync.timeout.retry = -1 (default)
2019-10-04 23:27:42,330 [pool-403-thread-1] INFO  server.RaftServerConfigKeys (ConfUtils.java:logGet(43)) - raft.server.log.statemachine.data.caching.enabled = true (custom)
2019-10-04 23:27:42,331 [pool-403-thread-1] INFO  segmented.SegmentedRaftLogWorker (SegmentedRaftLogWorker.java:lambda$new$0(128)) - be611e91-5c15-434b-beea-79ee2d552069@group-7514919FB053-SegmentedRaftLogWorker: flushIndex: setUnconditionally 0 -> -1
2019-10-04 23:27:42,331 [pool-403-thread-1] INFO  server.RaftServerConfigKeys (ConfUtils.java:logGet(43)) - raft.server.snapshot.auto.trigger.enabled = true (custom)
2019-10-04 23:27:42,331 [pool-403-thread-1] INFO  server.RaftServerConfigKeys (ConfUtils.java:logGet(43)) - raft.server.snapshot.auto.trigger.threshold = 10000 (custom)
2019-10-04 23:27:42,331 [pool-403-thread-1] INFO  server.RaftServerConfigKeys (ConfUtils.java:logGet(43)) - raft.server.snapshot.retention.file.num = 5 (custom)
2019-10-04 23:27:42,331 [pool-403-thread-1] INFO  server.RaftServerConfigKeys (ConfUtils.java:logGet(43)) - raft.server.retrycache.expirytime = 600000ms (custom)
2019-10-04 23:27:42,333 [IPC Server handler 2 on 32876] INFO  net.NetworkTopology (NetworkTopologyImpl.java:add(111)) - Added a new node: /default-rack/afdc8bf5-29ed-479c-9dae-86f4f31fd2a5
2019-10-04 23:27:42,333 [pool-403-thread-1] INFO  impl.RaftServerImpl (RaftServerImpl.java:start(181)) - be611e91-5c15-434b-beea-79ee2d552069@group-7514919FB053: start as a follower, conf=-1: [be611e91-5c15-434b-beea-79ee2d552069:192.168.30.31:37649], old=null
2019-10-04 23:27:42,333 [IPC Server handler 2 on 32876] INFO  node.SCMNodeManager (SCMNodeManager.java:register(268)) - Registered Data node : afdc8bf5-29ed-479c-9dae-86f4f31fd2a5{ip: 192.168.30.31, host: pr-hdds-2181-4swdh-1415433563, networkLocation: /default-rack, certSerialId: null}
2019-10-04 23:27:42,334 [pool-403-thread-1] INFO  impl.RaftServerImpl (RaftServerImpl.java:setRole(170)) - be611e91-5c15-434b-beea-79ee2d552069@group-7514919FB053: changes role from      null to FOLLOWER at term 0 for startAsFollower
2019-10-04 23:27:42,334 [pool-403-thread-1] INFO  impl.RoleInfo (RoleInfo.java:updateAndGet(143)) - be611e91-5c15-434b-beea-79ee2d552069: start FollowerState
2019-10-04 23:27:42,334 [pool-403-thread-1] INFO  util.JmxRegister (JmxRegister.java:tryRegister(44)) - Successfully registered JMX Bean with object name Ratis:service=RaftServer,group=group-7514919FB053,id=be611e91-5c15-434b-beea-79ee2d552069
2019-10-04 23:27:42,338 [RatisPipelineUtilsThread] INFO  pipeline.PipelineStateManager (PipelineStateManager.java:addPipeline(56)) - Created pipeline Pipeline[ Id: cc97c2f5-8f10-4f8f-8272-7514919fb053, Nodes: be611e91-5c15-434b-beea-79ee2d552069{ip: 192.168.30.31, host: pr-hdds-2181-4swdh-1415433563, networkLocation: /default-rack, certSerialId: null}, Type:RATIS, Factor:ONE, State:OPEN]
2019-10-04 23:27:42,345 [grpc-default-executor-6] INFO  impl.RaftServerProxy (RaftServerProxy.java:addNew(89)) - f2b38fa1-d1fa-46e1-a7c8-4a42d0fbcda8: addNew group-D93114CE9EF2:[f2b38fa1-d1fa-46e1-a7c8-4a42d0fbcda8:192.168.30.31:42313] returns group-D93114CE9EF2:java.util.concurrent.CompletableFuture@7860d323[Not completed]
2019-10-04 23:27:42,346 [pool-413-thread-1] INFO  impl.RaftServerImpl (RaftServerImpl.java:<init>(95)) - f2b38fa1-d1fa-46e1-a7c8-4a42d0fbcda8: new RaftServerImpl for group-D93114CE9EF2:[f2b38fa1-d1fa-46e1-a7c8-4a42d0fbcda8:192.168.30.31:42313] with ContainerStateMachine:uninitialized
2019-10-04 23:27:42,346 [pool-413-thread-1] INFO  server.RaftServerConfigKeys (ConfUtils.java:logGet(43)) - raft.server.rpc.timeout.min = 5s (custom)
2019-10-04 23:27:42,346 [pool-413-thread-1] INFO  server.RaftServerConfigKeys (ConfUtils.java:logGet(43)) - raft.server.rpc.timeout.max = 5200ms (custom)
2019-10-04 23:27:42,346 [pool-413-thread-1] INFO  server.RaftServerConfigKeys (ConfUtils.java:logGet(43)) - raft.server.rpcslowness.timeout = 120s (custom)
2019-10-04 23:27:42,346 [pool-413-thread-1] INFO  server.RaftServerConfigKeys (ConfUtils.java:logGet(43)) - raft.server.sleep.deviation.threshold = 300 (default)
2019-10-04 23:27:42,347 [pool-413-thread-1] INFO  server.RaftServerConfigKeys (ConfUtils.java:logGet(43)) - raft.server.log.appender.install.snapshot.enabled = false (custom)
2019-10-04 23:27:42,347 [pool-413-thread-1] INFO  impl.RaftServerImpl (ServerState.java:<init>(103)) - f2b38fa1-d1fa-46e1-a7c8-4a42d0fbcda8@group-D93114CE9EF2: ConfigurationManager, init=-1: [f2b38fa1-d1fa-46e1-a7c8-4a42d0fbcda8:192.168.30.31:42313], old=null, confs=<EMPTY_MAP>
2019-10-04 23:27:42,347 [pool-413-thread-1] INFO  server.RaftServerConfigKeys (ConfUtils.java:logGet(43)) - raft.server.storage.dir = [/workdir/hadoop-ozone/integration-test/target/test-dir/MiniOzoneClusterImpl-fe6c72de-2298-40be-9e1b-01151ba7612c/datanode-3/data/ratis] (custom)
2019-10-04 23:27:42,347 [pool-413-thread-1] INFO  server.RaftServerConfigKeys (ConfUtils.java:logGet(43)) - raft.server.log.corruption.policy = EXCEPTION (default)
2019-10-04 23:27:42,347 [pool-413-thread-1] INFO  storage.RaftStorageDirectory (RaftStorageDirectory.java:analyzeStorage(246)) - The storage directory /workdir/hadoop-ozone/integration-test/target/test-dir/MiniOzoneClusterImpl-fe6c72de-2298-40be-9e1b-01151ba7612c/datanode-3/data/ratis/39ae0a5a-7713-4530-82d3-d93114ce9ef2 does not exist. Creating ...
2019-10-04 23:27:42,376 [pool-413-thread-1] INFO  storage.RaftStorageDirectory (RaftStorageDirectory.java:tryLock(328)) - Lock on /workdir/hadoop-ozone/integration-test/target/test-dir/MiniOzoneClusterImpl-fe6c72de-2298-40be-9e1b-01151ba7612c/datanode-3/data/ratis/39ae0a5a-7713-4530-82d3-d93114ce9ef2/in_use.lock acquired by nodename 9691@pr-hdds-2181-4swdh-1415433563
2019-10-04 23:27:42,402 [pool-413-thread-1] INFO  storage.RaftStorage (RaftStorage.java:format(84)) - Storage directory /workdir/hadoop-ozone/integration-test/target/test-dir/MiniOzoneClusterImpl-fe6c72de-2298-40be-9e1b-01151ba7612c/datanode-3/data/ratis/39ae0a5a-7713-4530-82d3-d93114ce9ef2 has been successfully formatted.
2019-10-04 23:27:42,402 [pool-413-thread-1] INFO  ratis.ContainerStateMachine (ContainerStateMachine.java:loadSnapshot(230)) - group-D93114CE9EF2: The snapshot info is null. Setting the last applied indexto:(t:0, i:~)
2019-10-04 23:27:42,402 [pool-413-thread-1] INFO  server.RaftServerConfigKeys (ConfUtils.java:logGet(43)) - raft.server.notification.no-leader.timeout = 120s (custom)
2019-10-04 23:27:42,402 [pool-413-thread-1] INFO  server.RaftServerConfigKeys (ConfUtils.java:logGet(43)) - raft.server.log.use.memory = false (default)
2019-10-04 23:27:42,402 [pool-413-thread-1] INFO  server.RaftServerConfigKeys (ConfUtils.java:logGet(43)) - raft.server.log.purge.gap = 1000000 (custom)
2019-10-04 23:27:42,402 [pool-413-thread-1] INFO  server.RaftServerConfigKeys (ConfUtils.java:logGet(43)) - raft.server.log.appender.buffer.byte-limit = 33554432 (custom)
2019-10-04 23:27:42,403 [pool-413-thread-1] INFO  server.RaftServerConfigKeys (ConfUtils.java:logGet(43)) - raft.server.log.segment.size.max = 1048576 (custom)
2019-10-04 23:27:42,404 [pool-413-thread-1] INFO  server.RaftServerConfigKeys (ConfUtils.java:logGet(43)) - raft.server.log.segment.cache.num.max = 2 (custom)
2019-10-04 23:27:42,404 [pool-413-thread-1] INFO  segmented.SegmentedRaftLogWorker (SegmentedRaftLogWorker.java:<init>(173)) - new f2b38fa1-d1fa-46e1-a7c8-4a42d0fbcda8@group-D93114CE9EF2-SegmentedRaftLogWorker for RaftStorage:Storage Directory /workdir/hadoop-ozone/integration-test/target/test-dir/MiniOzoneClusterImpl-fe6c72de-2298-40be-9e1b-01151ba7612c/datanode-3/data/ratis/39ae0a5a-7713-4530-82d3-d93114ce9ef2
2019-10-04 23:27:42,404 [pool-413-thread-1] INFO  server.RaftServerConfigKeys (ConfUtils.java:logGet(43)) - raft.server.log.queue.byte-limit = 2147483647 (custom)
2019-10-04 23:27:42,404 [pool-413-thread-1] INFO  server.RaftServerConfigKeys (ConfUtils.java:logGet(43)) - raft.server.log.queue.element-limit = 1024 (custom)
2019-10-04 23:27:42,405 [pool-413-thread-1] INFO  server.RaftServerConfigKeys (ConfUtils.java:logGet(43)) - raft.server.log.segment.size.max = 1048576 (custom)
2019-10-04 23:27:42,405 [pool-413-thread-1] INFO  server.RaftServerConfigKeys (ConfUtils.java:logGet(43)) - raft.server.log.preallocated.size = 16384 (custom)
2019-10-04 23:27:42,405 [pool-413-thread-1] INFO  server.RaftServerConfigKeys (ConfUtils.java:logGet(43)) - raft.server.log.write.buffer.size = 33554432 (custom)
2019-10-04 23:27:42,405 [pool-413-thread-1] INFO  server.RaftServerConfigKeys (ConfUtils.java:logGet(43)) - raft.server.log.force.sync.num = 128 (default)
2019-10-04 23:27:42,405 [pool-413-thread-1] INFO  server.RaftServerConfigKeys (ConfUtils.java:logGet(43)) - raft.server.log.statemachine.data.sync = true (default)
2019-10-04 23:27:42,405 [pool-413-thread-1] INFO  server.RaftServerConfigKeys (ConfUtils.java:logGet(43)) - raft.server.log.statemachine.data.sync.timeout = 10s (default)
2019-10-04 23:27:42,405 [pool-413-thread-1] INFO  server.RaftServerConfigKeys (ConfUtils.java:logGet(43)) - raft.server.log.statemachine.data.sync.timeout.retry = -1 (default)
2019-10-04 23:27:42,406 [pool-413-thread-1] INFO  server.RaftServerConfigKeys (ConfUtils.java:logGet(43)) - raft.server.log.statemachine.data.caching.enabled = true (custom)
2019-10-04 23:27:42,406 [pool-413-thread-1] INFO  segmented.SegmentedRaftLogWorker (SegmentedRaftLogWorker.java:lambda$new$0(128)) - f2b38fa1-d1fa-46e1-a7c8-4a42d0fbcda8@group-D93114CE9EF2-SegmentedRaftLogWorker: flushIndex: setUnconditionally 0 -> -1
2019-10-04 23:27:42,406 [pool-413-thread-1] INFO  server.RaftServerConfigKeys (ConfUtils.java:logGet(43)) - raft.server.snapshot.auto.trigger.enabled = true (custom)
2019-10-04 23:27:42,406 [pool-413-thread-1] INFO  server.RaftServerConfigKeys (ConfUtils.java:logGet(43)) - raft.server.snapshot.auto.trigger.threshold = 10000 (custom)
2019-10-04 23:27:42,406 [pool-413-thread-1] INFO  server.RaftServerConfigKeys (ConfUtils.java:logGet(43)) - raft.server.snapshot.retention.file.num = 5 (custom)
2019-10-04 23:27:42,406 [pool-413-thread-1] INFO  server.RaftServerConfigKeys (ConfUtils.java:logGet(43)) - raft.server.retrycache.expirytime = 600000ms (custom)
2019-10-04 23:27:42,408 [pool-413-thread-1] INFO  impl.RaftServerImpl (RaftServerImpl.java:start(181)) - f2b38fa1-d1fa-46e1-a7c8-4a42d0fbcda8@group-D93114CE9EF2: start as a follower, conf=-1: [f2b38fa1-d1fa-46e1-a7c8-4a42d0fbcda8:192.168.30.31:42313], old=null
2019-10-04 23:27:42,408 [pool-413-thread-1] INFO  impl.RaftServerImpl (RaftServerImpl.java:setRole(170)) - f2b38fa1-d1fa-46e1-a7c8-4a42d0fbcda8@group-D93114CE9EF2: changes role from      null to FOLLOWER at term 0 for startAsFollower
2019-10-04 23:27:42,408 [pool-413-thread-1] INFO  impl.RoleInfo (RoleInfo.java:updateAndGet(143)) - f2b38fa1-d1fa-46e1-a7c8-4a42d0fbcda8: start FollowerState
2019-10-04 23:27:42,408 [pool-413-thread-1] INFO  util.JmxRegister (JmxRegister.java:tryRegister(44)) - Successfully registered JMX Bean with object name Ratis:service=RaftServer,group=group-D93114CE9EF2,id=f2b38fa1-d1fa-46e1-a7c8-4a42d0fbcda8
2019-10-04 23:27:42,410 [IPC Server handler 6 on 32876] INFO  net.NetworkTopology (NetworkTopologyImpl.java:add(111)) - Added a new node: /default-rack/1347d7b0-4b22-4fb3-8741-949f401eb748
2019-10-04 23:27:42,410 [IPC Server handler 6 on 32876] INFO  node.SCMNodeManager (SCMNodeManager.java:register(268)) - Registered Data node : 1347d7b0-4b22-4fb3-8741-949f401eb748{ip: 192.168.30.31, host: pr-hdds-2181-4swdh-1415433563, networkLocation: /default-rack, certSerialId: null}
2019-10-04 23:27:42,412 [RatisPipelineUtilsThread] INFO  pipeline.PipelineStateManager (PipelineStateManager.java:addPipeline(56)) - Created pipeline Pipeline[ Id: 39ae0a5a-7713-4530-82d3-d93114ce9ef2, Nodes: f2b38fa1-d1fa-46e1-a7c8-4a42d0fbcda8{ip: 192.168.30.31, host: pr-hdds-2181-4swdh-1415433563, networkLocation: /default-rack, certSerialId: null}, Type:RATIS, Factor:ONE, State:OPEN]
2019-10-04 23:27:42,422 [grpc-default-executor-6] INFO  impl.RaftServerProxy (RaftServerProxy.java:addNew(89)) - afdc8bf5-29ed-479c-9dae-86f4f31fd2a5: addNew group-09669865F884:[afdc8bf5-29ed-479c-9dae-86f4f31fd2a5:192.168.30.31:40455] returns group-09669865F884:java.util.concurrent.CompletableFuture@2296d57[Not completed]
2019-10-04 23:27:42,423 [pool-423-thread-1] INFO  impl.RaftServerImpl (RaftServerImpl.java:<init>(95)) - afdc8bf5-29ed-479c-9dae-86f4f31fd2a5: new RaftServerImpl for group-09669865F884:[afdc8bf5-29ed-479c-9dae-86f4f31fd2a5:192.168.30.31:40455] with ContainerStateMachine:uninitialized
2019-10-04 23:27:42,423 [pool-423-thread-1] INFO  server.RaftServerConfigKeys (ConfUtils.java:logGet(43)) - raft.server.rpc.timeout.min = 5s (custom)
2019-10-04 23:27:42,424 [pool-423-thread-1] INFO  server.RaftServerConfigKeys (ConfUtils.java:logGet(43)) - raft.server.rpc.timeout.max = 5200ms (custom)
2019-10-04 23:27:42,424 [pool-423-thread-1] INFO  server.RaftServerConfigKeys (ConfUtils.java:logGet(43)) - raft.server.rpcslowness.timeout = 120s (custom)
2019-10-04 23:27:42,424 [pool-423-thread-1] INFO  server.RaftServerConfigKeys (ConfUtils.java:logGet(43)) - raft.server.sleep.deviation.threshold = 300 (default)
2019-10-04 23:27:42,424 [pool-423-thread-1] INFO  server.RaftServerConfigKeys (ConfUtils.java:logGet(43)) - raft.server.log.appender.install.snapshot.enabled = false (custom)
2019-10-04 23:27:42,424 [pool-423-thread-1] INFO  impl.RaftServerImpl (ServerState.java:<init>(103)) - afdc8bf5-29ed-479c-9dae-86f4f31fd2a5@group-09669865F884: ConfigurationManager, init=-1: [afdc8bf5-29ed-479c-9dae-86f4f31fd2a5:192.168.30.31:40455], old=null, confs=<EMPTY_MAP>
2019-10-04 23:27:42,424 [pool-423-thread-1] INFO  server.RaftServerConfigKeys (ConfUtils.java:logGet(43)) - raft.server.storage.dir = [/workdir/hadoop-ozone/integration-test/target/test-dir/MiniOzoneClusterImpl-fe6c72de-2298-40be-9e1b-01151ba7612c/datanode-4/data/ratis] (custom)
2019-10-04 23:27:42,425 [pool-423-thread-1] INFO  server.RaftServerConfigKeys (ConfUtils.java:logGet(43)) - raft.server.log.corruption.policy = EXCEPTION (default)
2019-10-04 23:27:42,425 [pool-423-thread-1] INFO  storage.RaftStorageDirectory (RaftStorageDirectory.java:analyzeStorage(246)) - The storage directory /workdir/hadoop-ozone/integration-test/target/test-dir/MiniOzoneClusterImpl-fe6c72de-2298-40be-9e1b-01151ba7612c/datanode-4/data/ratis/d40542bd-1878-413b-82a5-09669865f884 does not exist. Creating ...
2019-10-04 23:27:42,460 [pool-423-thread-1] INFO  storage.RaftStorageDirectory (RaftStorageDirectory.java:tryLock(328)) - Lock on /workdir/hadoop-ozone/integration-test/target/test-dir/MiniOzoneClusterImpl-fe6c72de-2298-40be-9e1b-01151ba7612c/datanode-4/data/ratis/d40542bd-1878-413b-82a5-09669865f884/in_use.lock acquired by nodename 9691@pr-hdds-2181-4swdh-1415433563
2019-10-04 23:27:42,473 [main] INFO  ozone.MiniOzoneClusterImpl (MiniOzoneClusterImpl.java:lambda$waitForClusterToBeReady$0(147)) - Waiting for cluster to be ready. Got 6 of 7 DN Heartbeats.
2019-10-04 23:27:42,473 [IPC Server handler 5 on 32876] INFO  net.NetworkTopology (NetworkTopologyImpl.java:add(111)) - Added a new node: /default-rack/e9ea880f-5e40-42f2-8cb7-504496c4d4f2
2019-10-04 23:27:42,473 [IPC Server handler 5 on 32876] INFO  node.SCMNodeManager (SCMNodeManager.java:register(268)) - Registered Data node : e9ea880f-5e40-42f2-8cb7-504496c4d4f2{ip: 192.168.30.31, host: pr-hdds-2181-4swdh-1415433563, networkLocation: /default-rack, certSerialId: null}
2019-10-04 23:27:42,486 [pool-423-thread-1] INFO  storage.RaftStorage (RaftStorage.java:format(84)) - Storage directory /workdir/hadoop-ozone/integration-test/target/test-dir/MiniOzoneClusterImpl-fe6c72de-2298-40be-9e1b-01151ba7612c/datanode-4/data/ratis/d40542bd-1878-413b-82a5-09669865f884 has been successfully formatted.
2019-10-04 23:27:42,486 [pool-423-thread-1] INFO  ratis.ContainerStateMachine (ContainerStateMachine.java:loadSnapshot(230)) - group-09669865F884: The snapshot info is null. Setting the last applied indexto:(t:0, i:~)
2019-10-04 23:27:42,486 [pool-423-thread-1] INFO  server.RaftServerConfigKeys (ConfUtils.java:logGet(43)) - raft.server.notification.no-leader.timeout = 120s (custom)
2019-10-04 23:27:42,486 [pool-423-thread-1] INFO  server.RaftServerConfigKeys (ConfUtils.java:logGet(43)) - raft.server.log.use.memory = false (default)
2019-10-04 23:27:42,486 [pool-423-thread-1] INFO  server.RaftServerConfigKeys (ConfUtils.java:logGet(43)) - raft.server.log.purge.gap = 1000000 (custom)
2019-10-04 23:27:42,486 [pool-423-thread-1] INFO  server.RaftServerConfigKeys (ConfUtils.java:logGet(43)) - raft.server.log.appender.buffer.byte-limit = 33554432 (custom)
2019-10-04 23:27:42,487 [pool-423-thread-1] INFO  server.RaftServerConfigKeys (ConfUtils.java:logGet(43)) - raft.server.log.segment.size.max = 1048576 (custom)
2019-10-04 23:27:42,488 [pool-423-thread-1] INFO  server.RaftServerConfigKeys (ConfUtils.java:logGet(43)) - raft.server.log.segment.cache.num.max = 2 (custom)
2019-10-04 23:27:42,488 [pool-423-thread-1] INFO  segmented.SegmentedRaftLogWorker (SegmentedRaftLogWorker.java:<init>(173)) - new afdc8bf5-29ed-479c-9dae-86f4f31fd2a5@group-09669865F884-SegmentedRaftLogWorker for RaftStorage:Storage Directory /workdir/hadoop-ozone/integration-test/target/test-dir/MiniOzoneClusterImpl-fe6c72de-2298-40be-9e1b-01151ba7612c/datanode-4/data/ratis/d40542bd-1878-413b-82a5-09669865f884
2019-10-04 23:27:42,488 [pool-423-thread-1] INFO  server.RaftServerConfigKeys (ConfUtils.java:logGet(43)) - raft.server.log.queue.byte-limit = 2147483647 (custom)
2019-10-04 23:27:42,488 [pool-423-thread-1] INFO  server.RaftServerConfigKeys (ConfUtils.java:logGet(43)) - raft.server.log.queue.element-limit = 1024 (custom)
2019-10-04 23:27:42,488 [pool-423-thread-1] INFO  server.RaftServerConfigKeys (ConfUtils.java:logGet(43)) - raft.server.log.segment.size.max = 1048576 (custom)
2019-10-04 23:27:42,489 [pool-423-thread-1] INFO  server.RaftServerConfigKeys (ConfUtils.java:logGet(43)) - raft.server.log.preallocated.size = 16384 (custom)
2019-10-04 23:27:42,489 [pool-423-thread-1] INFO  server.RaftServerConfigKeys (ConfUtils.java:logGet(43)) - raft.server.log.write.buffer.size = 33554432 (custom)
2019-10-04 23:27:42,489 [pool-423-thread-1] INFO  server.RaftServerConfigKeys (ConfUtils.java:logGet(43)) - raft.server.log.force.sync.num = 128 (default)
2019-10-04 23:27:42,489 [pool-423-thread-1] INFO  server.RaftServerConfigKeys (ConfUtils.java:logGet(43)) - raft.server.log.statemachine.data.sync = true (default)
2019-10-04 23:27:42,489 [pool-423-thread-1] INFO  server.RaftServerConfigKeys (ConfUtils.java:logGet(43)) - raft.server.log.statemachine.data.sync.timeout = 10s (default)
2019-10-04 23:27:42,489 [pool-423-thread-1] INFO  server.RaftServerConfigKeys (ConfUtils.java:logGet(43)) - raft.server.log.statemachine.data.sync.timeout.retry = -1 (default)
2019-10-04 23:27:42,489 [pool-423-thread-1] INFO  server.RaftServerConfigKeys (ConfUtils.java:logGet(43)) - raft.server.log.statemachine.data.caching.enabled = true (custom)
2019-10-04 23:27:42,490 [pool-423-thread-1] INFO  segmented.SegmentedRaftLogWorker (SegmentedRaftLogWorker.java:lambda$new$0(128)) - afdc8bf5-29ed-479c-9dae-86f4f31fd2a5@group-09669865F884-SegmentedRaftLogWorker: flushIndex: setUnconditionally 0 -> -1
2019-10-04 23:27:42,490 [pool-423-thread-1] INFO  server.RaftServerConfigKeys (ConfUtils.java:logGet(43)) - raft.server.snapshot.auto.trigger.enabled = true (custom)
2019-10-04 23:27:42,490 [pool-423-thread-1] INFO  server.RaftServerConfigKeys (ConfUtils.java:logGet(43)) - raft.server.snapshot.auto.trigger.threshold = 10000 (custom)
2019-10-04 23:27:42,490 [pool-423-thread-1] INFO  server.RaftServerConfigKeys (ConfUtils.java:logGet(43)) - raft.server.snapshot.retention.file.num = 5 (custom)
2019-10-04 23:27:42,490 [pool-423-thread-1] INFO  server.RaftServerConfigKeys (ConfUtils.java:logGet(43)) - raft.server.retrycache.expirytime = 600000ms (custom)
2019-10-04 23:27:42,491 [pool-423-thread-1] INFO  impl.RaftServerImpl (RaftServerImpl.java:start(181)) - afdc8bf5-29ed-479c-9dae-86f4f31fd2a5@group-09669865F884: start as a follower, conf=-1: [afdc8bf5-29ed-479c-9dae-86f4f31fd2a5:192.168.30.31:40455], old=null
2019-10-04 23:27:42,492 [pool-423-thread-1] INFO  impl.RaftServerImpl (RaftServerImpl.java:setRole(170)) - afdc8bf5-29ed-479c-9dae-86f4f31fd2a5@group-09669865F884: changes role from      null to FOLLOWER at term 0 for startAsFollower
2019-10-04 23:27:42,492 [pool-423-thread-1] INFO  impl.RoleInfo (RoleInfo.java:updateAndGet(143)) - afdc8bf5-29ed-479c-9dae-86f4f31fd2a5: start FollowerState
2019-10-04 23:27:42,492 [pool-423-thread-1] INFO  util.JmxRegister (JmxRegister.java:tryRegister(44)) - Successfully registered JMX Bean with object name Ratis:service=RaftServer,group=group-09669865F884,id=afdc8bf5-29ed-479c-9dae-86f4f31fd2a5
2019-10-04 23:27:42,495 [RatisPipelineUtilsThread] INFO  pipeline.PipelineStateManager (PipelineStateManager.java:addPipeline(56)) - Created pipeline Pipeline[ Id: d40542bd-1878-413b-82a5-09669865f884, Nodes: afdc8bf5-29ed-479c-9dae-86f4f31fd2a5{ip: 192.168.30.31, host: pr-hdds-2181-4swdh-1415433563, networkLocation: /default-rack, certSerialId: null}, Type:RATIS, Factor:ONE, State:OPEN]
2019-10-04 23:27:42,505 [grpc-default-executor-6] INFO  impl.RaftServerProxy (RaftServerProxy.java:addNew(89)) - e9ea880f-5e40-42f2-8cb7-504496c4d4f2: addNew group-C2EC70D9450B:[e9ea880f-5e40-42f2-8cb7-504496c4d4f2:192.168.30.31:34064] returns group-C2EC70D9450B:java.util.concurrent.CompletableFuture@5949c1d7[Not completed]
2019-10-04 23:27:42,506 [pool-443-thread-1] INFO  impl.RaftServerImpl (RaftServerImpl.java:<init>(95)) - e9ea880f-5e40-42f2-8cb7-504496c4d4f2: new RaftServerImpl for group-C2EC70D9450B:[e9ea880f-5e40-42f2-8cb7-504496c4d4f2:192.168.30.31:34064] with ContainerStateMachine:uninitialized
2019-10-04 23:27:42,506 [pool-443-thread-1] INFO  server.RaftServerConfigKeys (ConfUtils.java:logGet(43)) - raft.server.rpc.timeout.min = 5s (custom)
2019-10-04 23:27:42,506 [pool-443-thread-1] INFO  server.RaftServerConfigKeys (ConfUtils.java:logGet(43)) - raft.server.rpc.timeout.max = 5200ms (custom)
2019-10-04 23:27:42,506 [pool-443-thread-1] INFO  server.RaftServerConfigKeys (ConfUtils.java:logGet(43)) - raft.server.rpcslowness.timeout = 120s (custom)
2019-10-04 23:27:42,506 [pool-443-thread-1] INFO  server.RaftServerConfigKeys (ConfUtils.java:logGet(43)) - raft.server.sleep.deviation.threshold = 300 (default)
2019-10-04 23:27:42,506 [pool-443-thread-1] INFO  server.RaftServerConfigKeys (ConfUtils.java:logGet(43)) - raft.server.log.appender.install.snapshot.enabled = false (custom)
2019-10-04 23:27:42,506 [pool-443-thread-1] INFO  impl.RaftServerImpl (ServerState.java:<init>(103)) - e9ea880f-5e40-42f2-8cb7-504496c4d4f2@group-C2EC70D9450B: ConfigurationManager, init=-1: [e9ea880f-5e40-42f2-8cb7-504496c4d4f2:192.168.30.31:34064], old=null, confs=<EMPTY_MAP>
2019-10-04 23:27:42,506 [pool-443-thread-1] INFO  server.RaftServerConfigKeys (ConfUtils.java:logGet(43)) - raft.server.storage.dir = [/workdir/hadoop-ozone/integration-test/target/test-dir/MiniOzoneClusterImpl-fe6c72de-2298-40be-9e1b-01151ba7612c/datanode-6/data/ratis] (custom)
2019-10-04 23:27:42,507 [pool-443-thread-1] INFO  server.RaftServerConfigKeys (ConfUtils.java:logGet(43)) - raft.server.log.corruption.policy = EXCEPTION (default)
2019-10-04 23:27:42,507 [pool-443-thread-1] INFO  storage.RaftStorageDirectory (RaftStorageDirectory.java:analyzeStorage(246)) - The storage directory /workdir/hadoop-ozone/integration-test/target/test-dir/MiniOzoneClusterImpl-fe6c72de-2298-40be-9e1b-01151ba7612c/datanode-6/data/ratis/b1aa39cc-7408-422a-a806-c2ec70d9450b does not exist. Creating ...
2019-10-04 23:27:42,536 [pool-443-thread-1] INFO  storage.RaftStorageDirectory (RaftStorageDirectory.java:tryLock(328)) - Lock on /workdir/hadoop-ozone/integration-test/target/test-dir/MiniOzoneClusterImpl-fe6c72de-2298-40be-9e1b-01151ba7612c/datanode-6/data/ratis/b1aa39cc-7408-422a-a806-c2ec70d9450b/in_use.lock acquired by nodename 9691@pr-hdds-2181-4swdh-1415433563
2019-10-04 23:27:42,562 [pool-443-thread-1] INFO  storage.RaftStorage (RaftStorage.java:format(84)) - Storage directory /workdir/hadoop-ozone/integration-test/target/test-dir/MiniOzoneClusterImpl-fe6c72de-2298-40be-9e1b-01151ba7612c/datanode-6/data/ratis/b1aa39cc-7408-422a-a806-c2ec70d9450b has been successfully formatted.
2019-10-04 23:27:42,562 [pool-443-thread-1] INFO  ratis.ContainerStateMachine (ContainerStateMachine.java:loadSnapshot(230)) - group-C2EC70D9450B: The snapshot info is null. Setting the last applied indexto:(t:0, i:~)
2019-10-04 23:27:42,562 [pool-443-thread-1] INFO  server.RaftServerConfigKeys (ConfUtils.java:logGet(43)) - raft.server.notification.no-leader.timeout = 120s (custom)
2019-10-04 23:27:42,562 [pool-443-thread-1] INFO  server.RaftServerConfigKeys (ConfUtils.java:logGet(43)) - raft.server.log.use.memory = false (default)
2019-10-04 23:27:42,562 [pool-443-thread-1] INFO  server.RaftServerConfigKeys (ConfUtils.java:logGet(43)) - raft.server.log.purge.gap = 1000000 (custom)
2019-10-04 23:27:42,562 [pool-443-thread-1] INFO  server.RaftServerConfigKeys (ConfUtils.java:logGet(43)) - raft.server.log.appender.buffer.byte-limit = 33554432 (custom)
2019-10-04 23:27:42,562 [pool-443-thread-1] INFO  server.RaftServerConfigKeys (ConfUtils.java:logGet(43)) - raft.server.log.segment.size.max = 1048576 (custom)
2019-10-04 23:27:42,563 [pool-443-thread-1] INFO  server.RaftServerConfigKeys (ConfUtils.java:logGet(43)) - raft.server.log.segment.cache.num.max = 2 (custom)
2019-10-04 23:27:42,564 [pool-443-thread-1] INFO  segmented.SegmentedRaftLogWorker (SegmentedRaftLogWorker.java:<init>(173)) - new e9ea880f-5e40-42f2-8cb7-504496c4d4f2@group-C2EC70D9450B-SegmentedRaftLogWorker for RaftStorage:Storage Directory /workdir/hadoop-ozone/integration-test/target/test-dir/MiniOzoneClusterImpl-fe6c72de-2298-40be-9e1b-01151ba7612c/datanode-6/data/ratis/b1aa39cc-7408-422a-a806-c2ec70d9450b
2019-10-04 23:27:42,564 [pool-443-thread-1] INFO  server.RaftServerConfigKeys (ConfUtils.java:logGet(43)) - raft.server.log.queue.byte-limit = 2147483647 (custom)
2019-10-04 23:27:42,564 [pool-443-thread-1] INFO  server.RaftServerConfigKeys (ConfUtils.java:logGet(43)) - raft.server.log.queue.element-limit = 1024 (custom)
2019-10-04 23:27:42,564 [pool-443-thread-1] INFO  server.RaftServerConfigKeys (ConfUtils.java:logGet(43)) - raft.server.log.segment.size.max = 1048576 (custom)
2019-10-04 23:27:42,564 [pool-443-thread-1] INFO  server.RaftServerConfigKeys (ConfUtils.java:logGet(43)) - raft.server.log.preallocated.size = 16384 (custom)
2019-10-04 23:27:42,564 [pool-443-thread-1] INFO  server.RaftServerConfigKeys (ConfUtils.java:logGet(43)) - raft.server.log.write.buffer.size = 33554432 (custom)
2019-10-04 23:27:42,564 [pool-443-thread-1] INFO  server.RaftServerConfigKeys (ConfUtils.java:logGet(43)) - raft.server.log.force.sync.num = 128 (default)
2019-10-04 23:27:42,564 [pool-443-thread-1] INFO  server.RaftServerConfigKeys (ConfUtils.java:logGet(43)) - raft.server.log.statemachine.data.sync = true (default)
2019-10-04 23:27:42,564 [pool-443-thread-1] INFO  server.RaftServerConfigKeys (ConfUtils.java:logGet(43)) - raft.server.log.statemachine.data.sync.timeout = 10s (default)
2019-10-04 23:27:42,564 [pool-443-thread-1] INFO  server.RaftServerConfigKeys (ConfUtils.java:logGet(43)) - raft.server.log.statemachine.data.sync.timeout.retry = -1 (default)
2019-10-04 23:27:42,565 [pool-443-thread-1] INFO  server.RaftServerConfigKeys (ConfUtils.java:logGet(43)) - raft.server.log.statemachine.data.caching.enabled = true (custom)
2019-10-04 23:27:42,565 [pool-443-thread-1] INFO  segmented.SegmentedRaftLogWorker (SegmentedRaftLogWorker.java:lambda$new$0(128)) - e9ea880f-5e40-42f2-8cb7-504496c4d4f2@group-C2EC70D9450B-SegmentedRaftLogWorker: flushIndex: setUnconditionally 0 -> -1
2019-10-04 23:27:42,565 [pool-443-thread-1] INFO  server.RaftServerConfigKeys (ConfUtils.java:logGet(43)) - raft.server.snapshot.auto.trigger.enabled = true (custom)
2019-10-04 23:27:42,565 [pool-443-thread-1] INFO  server.RaftServerConfigKeys (ConfUtils.java:logGet(43)) - raft.server.snapshot.auto.trigger.threshold = 10000 (custom)
2019-10-04 23:27:42,565 [pool-443-thread-1] INFO  server.RaftServerConfigKeys (ConfUtils.java:logGet(43)) - raft.server.snapshot.retention.file.num = 5 (custom)
2019-10-04 23:27:42,565 [pool-443-thread-1] INFO  server.RaftServerConfigKeys (ConfUtils.java:logGet(43)) - raft.server.retrycache.expirytime = 600000ms (custom)
2019-10-04 23:27:42,566 [pool-443-thread-1] INFO  impl.RaftServerImpl (RaftServerImpl.java:start(181)) - e9ea880f-5e40-42f2-8cb7-504496c4d4f2@group-C2EC70D9450B: start as a follower, conf=-1: [e9ea880f-5e40-42f2-8cb7-504496c4d4f2:192.168.30.31:34064], old=null
2019-10-04 23:27:42,566 [pool-443-thread-1] INFO  impl.RaftServerImpl (RaftServerImpl.java:setRole(170)) - e9ea880f-5e40-42f2-8cb7-504496c4d4f2@group-C2EC70D9450B: changes role from      null to FOLLOWER at term 0 for startAsFollower
2019-10-04 23:27:42,566 [pool-443-thread-1] INFO  impl.RoleInfo (RoleInfo.java:updateAndGet(143)) - e9ea880f-5e40-42f2-8cb7-504496c4d4f2: start FollowerState
2019-10-04 23:27:42,567 [pool-443-thread-1] INFO  util.JmxRegister (JmxRegister.java:tryRegister(44)) - Successfully registered JMX Bean with object name Ratis:service=RaftServer,group=group-C2EC70D9450B,id=e9ea880f-5e40-42f2-8cb7-504496c4d4f2
2019-10-04 23:27:42,570 [RatisPipelineUtilsThread] INFO  pipeline.PipelineStateManager (PipelineStateManager.java:addPipeline(56)) - Created pipeline Pipeline[ Id: b1aa39cc-7408-422a-a806-c2ec70d9450b, Nodes: e9ea880f-5e40-42f2-8cb7-504496c4d4f2{ip: 192.168.30.31, host: pr-hdds-2181-4swdh-1415433563, networkLocation: /default-rack, certSerialId: null}, Type:RATIS, Factor:ONE, State:OPEN]
2019-10-04 23:27:42,579 [grpc-default-executor-6] INFO  impl.RaftServerProxy (RaftServerProxy.java:addNew(89)) - 1347d7b0-4b22-4fb3-8741-949f401eb748: addNew group-C1FFCE999133:[1347d7b0-4b22-4fb3-8741-949f401eb748:192.168.30.31:35663] returns group-C1FFCE999133:java.util.concurrent.CompletableFuture@709c4700[Not completed]
2019-10-04 23:27:42,581 [pool-433-thread-1] INFO  impl.RaftServerImpl (RaftServerImpl.java:<init>(95)) - 1347d7b0-4b22-4fb3-8741-949f401eb748: new RaftServerImpl for group-C1FFCE999133:[1347d7b0-4b22-4fb3-8741-949f401eb748:192.168.30.31:35663] with ContainerStateMachine:uninitialized
2019-10-04 23:27:42,581 [pool-433-thread-1] INFO  server.RaftServerConfigKeys (ConfUtils.java:logGet(43)) - raft.server.rpc.timeout.min = 5s (custom)
2019-10-04 23:27:42,581 [pool-433-thread-1] INFO  server.RaftServerConfigKeys (ConfUtils.java:logGet(43)) - raft.server.rpc.timeout.max = 5200ms (custom)
2019-10-04 23:27:42,581 [pool-433-thread-1] INFO  server.RaftServerConfigKeys (ConfUtils.java:logGet(43)) - raft.server.rpcslowness.timeout = 120s (custom)
2019-10-04 23:27:42,581 [pool-433-thread-1] INFO  server.RaftServerConfigKeys (ConfUtils.java:logGet(43)) - raft.server.sleep.deviation.threshold = 300 (default)
2019-10-04 23:27:42,581 [pool-433-thread-1] INFO  server.RaftServerConfigKeys (ConfUtils.java:logGet(43)) - raft.server.log.appender.install.snapshot.enabled = false (custom)
2019-10-04 23:27:42,582 [pool-433-thread-1] INFO  impl.RaftServerImpl (ServerState.java:<init>(103)) - 1347d7b0-4b22-4fb3-8741-949f401eb748@group-C1FFCE999133: ConfigurationManager, init=-1: [1347d7b0-4b22-4fb3-8741-949f401eb748:192.168.30.31:35663], old=null, confs=<EMPTY_MAP>
2019-10-04 23:27:42,582 [pool-433-thread-1] INFO  server.RaftServerConfigKeys (ConfUtils.java:logGet(43)) - raft.server.storage.dir = [/workdir/hadoop-ozone/integration-test/target/test-dir/MiniOzoneClusterImpl-fe6c72de-2298-40be-9e1b-01151ba7612c/datanode-5/data/ratis] (custom)
2019-10-04 23:27:42,582 [pool-433-thread-1] INFO  server.RaftServerConfigKeys (ConfUtils.java:logGet(43)) - raft.server.log.corruption.policy = EXCEPTION (default)
2019-10-04 23:27:42,582 [pool-433-thread-1] INFO  storage.RaftStorageDirectory (RaftStorageDirectory.java:analyzeStorage(246)) - The storage directory /workdir/hadoop-ozone/integration-test/target/test-dir/MiniOzoneClusterImpl-fe6c72de-2298-40be-9e1b-01151ba7612c/datanode-5/data/ratis/1ed57467-ea24-4671-bc9c-c1ffce999133 does not exist. Creating ...
2019-10-04 23:27:42,612 [pool-433-thread-1] INFO  storage.RaftStorageDirectory (RaftStorageDirectory.java:tryLock(328)) - Lock on /workdir/hadoop-ozone/integration-test/target/test-dir/MiniOzoneClusterImpl-fe6c72de-2298-40be-9e1b-01151ba7612c/datanode-5/data/ratis/1ed57467-ea24-4671-bc9c-c1ffce999133/in_use.lock acquired by nodename 9691@pr-hdds-2181-4swdh-1415433563
2019-10-04 23:27:42,637 [pool-433-thread-1] INFO  storage.RaftStorage (RaftStorage.java:format(84)) - Storage directory /workdir/hadoop-ozone/integration-test/target/test-dir/MiniOzoneClusterImpl-fe6c72de-2298-40be-9e1b-01151ba7612c/datanode-5/data/ratis/1ed57467-ea24-4671-bc9c-c1ffce999133 has been successfully formatted.
2019-10-04 23:27:42,638 [pool-433-thread-1] INFO  ratis.ContainerStateMachine (ContainerStateMachine.java:loadSnapshot(230)) - group-C1FFCE999133: The snapshot info is null. Setting the last applied indexto:(t:0, i:~)
2019-10-04 23:27:42,638 [pool-433-thread-1] INFO  server.RaftServerConfigKeys (ConfUtils.java:logGet(43)) - raft.server.notification.no-leader.timeout = 120s (custom)
2019-10-04 23:27:42,638 [pool-433-thread-1] INFO  server.RaftServerConfigKeys (ConfUtils.java:logGet(43)) - raft.server.log.use.memory = false (default)
2019-10-04 23:27:42,638 [pool-433-thread-1] INFO  server.RaftServerConfigKeys (ConfUtils.java:logGet(43)) - raft.server.log.purge.gap = 1000000 (custom)
2019-10-04 23:27:42,638 [pool-433-thread-1] INFO  server.RaftServerConfigKeys (ConfUtils.java:logGet(43)) - raft.server.log.appender.buffer.byte-limit = 33554432 (custom)
2019-10-04 23:27:42,638 [pool-433-thread-1] INFO  server.RaftServerConfigKeys (ConfUtils.java:logGet(43)) - raft.server.log.segment.size.max = 1048576 (custom)
2019-10-04 23:27:42,640 [pool-433-thread-1] INFO  server.RaftServerConfigKeys (ConfUtils.java:logGet(43)) - raft.server.log.segment.cache.num.max = 2 (custom)
2019-10-04 23:27:42,640 [pool-433-thread-1] INFO  segmented.SegmentedRaftLogWorker (SegmentedRaftLogWorker.java:<init>(173)) - new 1347d7b0-4b22-4fb3-8741-949f401eb748@group-C1FFCE999133-SegmentedRaftLogWorker for RaftStorage:Storage Directory /workdir/hadoop-ozone/integration-test/target/test-dir/MiniOzoneClusterImpl-fe6c72de-2298-40be-9e1b-01151ba7612c/datanode-5/data/ratis/1ed57467-ea24-4671-bc9c-c1ffce999133
2019-10-04 23:27:42,640 [pool-433-thread-1] INFO  server.RaftServerConfigKeys (ConfUtils.java:logGet(43)) - raft.server.log.queue.byte-limit = 2147483647 (custom)
2019-10-04 23:27:42,640 [pool-433-thread-1] INFO  server.RaftServerConfigKeys (ConfUtils.java:logGet(43)) - raft.server.log.queue.element-limit = 1024 (custom)
2019-10-04 23:27:42,640 [pool-433-thread-1] INFO  server.RaftServerConfigKeys (ConfUtils.java:logGet(43)) - raft.server.log.segment.size.max = 1048576 (custom)
2019-10-04 23:27:42,640 [pool-433-thread-1] INFO  server.RaftServerConfigKeys (ConfUtils.java:logGet(43)) - raft.server.log.preallocated.size = 16384 (custom)
2019-10-04 23:27:42,641 [pool-433-thread-1] INFO  server.RaftServerConfigKeys (ConfUtils.java:logGet(43)) - raft.server.log.write.buffer.size = 33554432 (custom)
2019-10-04 23:27:42,641 [pool-433-thread-1] INFO  server.RaftServerConfigKeys (ConfUtils.java:logGet(43)) - raft.server.log.force.sync.num = 128 (default)
2019-10-04 23:27:42,641 [pool-433-thread-1] INFO  server.RaftServerConfigKeys (ConfUtils.java:logGet(43)) - raft.server.log.statemachine.data.sync = true (default)
2019-10-04 23:27:42,641 [pool-433-thread-1] INFO  server.RaftServerConfigKeys (ConfUtils.java:logGet(43)) - raft.server.log.statemachine.data.sync.timeout = 10s (default)
2019-10-04 23:27:42,641 [pool-433-thread-1] INFO  server.RaftServerConfigKeys (ConfUtils.java:logGet(43)) - raft.server.log.statemachine.data.sync.timeout.retry = -1 (default)
2019-10-04 23:27:42,641 [pool-433-thread-1] INFO  server.RaftServerConfigKeys (ConfUtils.java:logGet(43)) - raft.server.log.statemachine.data.caching.enabled = true (custom)
2019-10-04 23:27:42,642 [pool-433-thread-1] INFO  segmented.SegmentedRaftLogWorker (SegmentedRaftLogWorker.java:lambda$new$0(128)) - 1347d7b0-4b22-4fb3-8741-949f401eb748@group-C1FFCE999133-SegmentedRaftLogWorker: flushIndex: setUnconditionally 0 -> -1
2019-10-04 23:27:42,642 [pool-433-thread-1] INFO  server.RaftServerConfigKeys (ConfUtils.java:logGet(43)) - raft.server.snapshot.auto.trigger.enabled = true (custom)
2019-10-04 23:27:42,642 [pool-433-thread-1] INFO  server.RaftServerConfigKeys (ConfUtils.java:logGet(43)) - raft.server.snapshot.auto.trigger.threshold = 10000 (custom)
2019-10-04 23:27:42,642 [pool-433-thread-1] INFO  server.RaftServerConfigKeys (ConfUtils.java:logGet(43)) - raft.server.snapshot.retention.file.num = 5 (custom)
2019-10-04 23:27:42,642 [pool-433-thread-1] INFO  server.RaftServerConfigKeys (ConfUtils.java:logGet(43)) - raft.server.retrycache.expirytime = 600000ms (custom)
2019-10-04 23:27:42,644 [pool-433-thread-1] INFO  impl.RaftServerImpl (RaftServerImpl.java:start(181)) - 1347d7b0-4b22-4fb3-8741-949f401eb748@group-C1FFCE999133: start as a follower, conf=-1: [1347d7b0-4b22-4fb3-8741-949f401eb748:192.168.30.31:35663], old=null
2019-10-04 23:27:42,644 [pool-433-thread-1] INFO  impl.RaftServerImpl (RaftServerImpl.java:setRole(170)) - 1347d7b0-4b22-4fb3-8741-949f401eb748@group-C1FFCE999133: changes role from      null to FOLLOWER at term 0 for startAsFollower
2019-10-04 23:27:42,644 [pool-433-thread-1] INFO  impl.RoleInfo (RoleInfo.java:updateAndGet(143)) - 1347d7b0-4b22-4fb3-8741-949f401eb748: start FollowerState
2019-10-04 23:27:42,645 [pool-433-thread-1] INFO  util.JmxRegister (JmxRegister.java:tryRegister(44)) - Successfully registered JMX Bean with object name Ratis:service=RaftServer,group=group-C1FFCE999133,id=1347d7b0-4b22-4fb3-8741-949f401eb748
2019-10-04 23:27:42,648 [RatisPipelineUtilsThread] INFO  pipeline.PipelineStateManager (PipelineStateManager.java:addPipeline(56)) - Created pipeline Pipeline[ Id: 1ed57467-ea24-4671-bc9c-c1ffce999133, Nodes: 1347d7b0-4b22-4fb3-8741-949f401eb748{ip: 192.168.30.31, host: pr-hdds-2181-4swdh-1415433563, networkLocation: /default-rack, certSerialId: null}, Type:RATIS, Factor:ONE, State:OPEN]
2019-10-04 23:27:42,664 [grpc-default-executor-1] INFO  impl.RaftServerProxy (RaftServerProxy.java:addNew(89)) - e9ea880f-5e40-42f2-8cb7-504496c4d4f2: addNew group-B7B418724292:[e9ea880f-5e40-42f2-8cb7-504496c4d4f2:192.168.30.31:34064, f2b38fa1-d1fa-46e1-a7c8-4a42d0fbcda8:192.168.30.31:42313, 12cce3f2-65ae-4bed-9886-4e11986c06a3:192.168.30.31:35704] returns group-B7B418724292:java.util.concurrent.CompletableFuture@5c1606a7[Not completed]
2019-10-04 23:27:42,665 [grpc-default-executor-6] INFO  impl.RaftServerProxy (RaftServerProxy.java:addNew(89)) - f2b38fa1-d1fa-46e1-a7c8-4a42d0fbcda8: addNew group-B7B418724292:[e9ea880f-5e40-42f2-8cb7-504496c4d4f2:192.168.30.31:34064, f2b38fa1-d1fa-46e1-a7c8-4a42d0fbcda8:192.168.30.31:42313, 12cce3f2-65ae-4bed-9886-4e11986c06a3:192.168.30.31:35704] returns group-B7B418724292:java.util.concurrent.CompletableFuture@6de66784[Not completed]
2019-10-04 23:27:42,665 [grpc-default-executor-5] INFO  impl.RaftServerProxy (RaftServerProxy.java:addNew(89)) - 12cce3f2-65ae-4bed-9886-4e11986c06a3: addNew group-B7B418724292:[e9ea880f-5e40-42f2-8cb7-504496c4d4f2:192.168.30.31:34064, f2b38fa1-d1fa-46e1-a7c8-4a42d0fbcda8:192.168.30.31:42313, 12cce3f2-65ae-4bed-9886-4e11986c06a3:192.168.30.31:35704] returns group-B7B418724292:java.util.concurrent.CompletableFuture@18538d8a[Not completed]
2019-10-04 23:27:42,665 [pool-443-thread-1] INFO  impl.RaftServerImpl (RaftServerImpl.java:<init>(95)) - e9ea880f-5e40-42f2-8cb7-504496c4d4f2: new RaftServerImpl for group-B7B418724292:[e9ea880f-5e40-42f2-8cb7-504496c4d4f2:192.168.30.31:34064, f2b38fa1-d1fa-46e1-a7c8-4a42d0fbcda8:192.168.30.31:42313, 12cce3f2-65ae-4bed-9886-4e11986c06a3:192.168.30.31:35704] with ContainerStateMachine:uninitialized
2019-10-04 23:27:42,666 [pool-443-thread-1] INFO  server.RaftServerConfigKeys (ConfUtils.java:logGet(43)) - raft.server.rpc.timeout.min = 5s (custom)
2019-10-04 23:27:42,666 [pool-443-thread-1] INFO  server.RaftServerConfigKeys (ConfUtils.java:logGet(43)) - raft.server.rpc.timeout.max = 5200ms (custom)
2019-10-04 23:27:42,666 [pool-443-thread-1] INFO  server.RaftServerConfigKeys (ConfUtils.java:logGet(43)) - raft.server.rpcslowness.timeout = 120s (custom)
2019-10-04 23:27:42,666 [pool-443-thread-1] INFO  server.RaftServerConfigKeys (ConfUtils.java:logGet(43)) - raft.server.sleep.deviation.threshold = 300 (default)
2019-10-04 23:27:42,666 [pool-443-thread-1] INFO  server.RaftServerConfigKeys (ConfUtils.java:logGet(43)) - raft.server.log.appender.install.snapshot.enabled = false (custom)
2019-10-04 23:27:42,666 [pool-383-thread-1] INFO  impl.RaftServerImpl (RaftServerImpl.java:<init>(95)) - 12cce3f2-65ae-4bed-9886-4e11986c06a3: new RaftServerImpl for group-B7B418724292:[e9ea880f-5e40-42f2-8cb7-504496c4d4f2:192.168.30.31:34064, f2b38fa1-d1fa-46e1-a7c8-4a42d0fbcda8:192.168.30.31:42313, 12cce3f2-65ae-4bed-9886-4e11986c06a3:192.168.30.31:35704] with ContainerStateMachine:uninitialized
2019-10-04 23:27:42,666 [pool-443-thread-1] INFO  impl.RaftServerImpl (ServerState.java:<init>(103)) - e9ea880f-5e40-42f2-8cb7-504496c4d4f2@group-B7B418724292: ConfigurationManager, init=-1: [e9ea880f-5e40-42f2-8cb7-504496c4d4f2:192.168.30.31:34064, f2b38fa1-d1fa-46e1-a7c8-4a42d0fbcda8:192.168.30.31:42313, 12cce3f2-65ae-4bed-9886-4e11986c06a3:192.168.30.31:35704], old=null, confs=<EMPTY_MAP>
2019-10-04 23:27:42,666 [pool-383-thread-1] INFO  server.RaftServerConfigKeys (ConfUtils.java:logGet(43)) - raft.server.rpc.timeout.min = 5s (custom)
2019-10-04 23:27:42,666 [pool-443-thread-1] INFO  server.RaftServerConfigKeys (ConfUtils.java:logGet(43)) - raft.server.storage.dir = [/workdir/hadoop-ozone/integration-test/target/test-dir/MiniOzoneClusterImpl-fe6c72de-2298-40be-9e1b-01151ba7612c/datanode-6/data/ratis] (custom)
2019-10-04 23:27:42,667 [pool-413-thread-1] INFO  impl.RaftServerImpl (RaftServerImpl.java:<init>(95)) - f2b38fa1-d1fa-46e1-a7c8-4a42d0fbcda8: new RaftServerImpl for group-B7B418724292:[e9ea880f-5e40-42f2-8cb7-504496c4d4f2:192.168.30.31:34064, f2b38fa1-d1fa-46e1-a7c8-4a42d0fbcda8:192.168.30.31:42313, 12cce3f2-65ae-4bed-9886-4e11986c06a3:192.168.30.31:35704] with ContainerStateMachine:uninitialized
2019-10-04 23:27:42,667 [pool-383-thread-1] INFO  server.RaftServerConfigKeys (ConfUtils.java:logGet(43)) - raft.server.rpc.timeout.max = 5200ms (custom)
2019-10-04 23:27:42,667 [pool-443-thread-1] INFO  server.RaftServerConfigKeys (ConfUtils.java:logGet(43)) - raft.server.log.corruption.policy = EXCEPTION (default)
2019-10-04 23:27:42,667 [pool-413-thread-1] INFO  server.RaftServerConfigKeys (ConfUtils.java:logGet(43)) - raft.server.rpc.timeout.min = 5s (custom)
2019-10-04 23:27:42,667 [pool-443-thread-1] INFO  storage.RaftStorageDirectory (RaftStorageDirectory.java:analyzeStorage(246)) - The storage directory /workdir/hadoop-ozone/integration-test/target/test-dir/MiniOzoneClusterImpl-fe6c72de-2298-40be-9e1b-01151ba7612c/datanode-6/data/ratis/6c459cb7-bb9f-4a08-817f-b7b418724292 does not exist. Creating ...
2019-10-04 23:27:42,667 [pool-383-thread-1] INFO  server.RaftServerConfigKeys (ConfUtils.java:logGet(43)) - raft.server.rpcslowness.timeout = 120s (custom)
2019-10-04 23:27:42,667 [pool-413-thread-1] INFO  server.RaftServerConfigKeys (ConfUtils.java:logGet(43)) - raft.server.rpc.timeout.max = 5200ms (custom)
2019-10-04 23:27:42,667 [pool-383-thread-1] INFO  server.RaftServerConfigKeys (ConfUtils.java:logGet(43)) - raft.server.sleep.deviation.threshold = 300 (default)
2019-10-04 23:27:42,667 [pool-413-thread-1] INFO  server.RaftServerConfigKeys (ConfUtils.java:logGet(43)) - raft.server.rpcslowness.timeout = 120s (custom)
2019-10-04 23:27:42,668 [pool-383-thread-1] INFO  server.RaftServerConfigKeys (ConfUtils.java:logGet(43)) - raft.server.log.appender.install.snapshot.enabled = false (custom)
2019-10-04 23:27:42,668 [pool-413-thread-1] INFO  server.RaftServerConfigKeys (ConfUtils.java:logGet(43)) - raft.server.sleep.deviation.threshold = 300 (default)
2019-10-04 23:27:42,668 [pool-383-thread-1] INFO  impl.RaftServerImpl (ServerState.java:<init>(103)) - 12cce3f2-65ae-4bed-9886-4e11986c06a3@group-B7B418724292: ConfigurationManager, init=-1: [e9ea880f-5e40-42f2-8cb7-504496c4d4f2:192.168.30.31:34064, f2b38fa1-d1fa-46e1-a7c8-4a42d0fbcda8:192.168.30.31:42313, 12cce3f2-65ae-4bed-9886-4e11986c06a3:192.168.30.31:35704], old=null, confs=<EMPTY_MAP>
2019-10-04 23:27:42,668 [pool-413-thread-1] INFO  server.RaftServerConfigKeys (ConfUtils.java:logGet(43)) - raft.server.log.appender.install.snapshot.enabled = false (custom)
2019-10-04 23:27:42,668 [pool-383-thread-1] INFO  server.RaftServerConfigKeys (ConfUtils.java:logGet(43)) - raft.server.storage.dir = [/workdir/hadoop-ozone/integration-test/target/test-dir/MiniOzoneClusterImpl-fe6c72de-2298-40be-9e1b-01151ba7612c/datanode-0/data/ratis] (custom)
2019-10-04 23:27:42,668 [pool-413-thread-1] INFO  impl.RaftServerImpl (ServerState.java:<init>(103)) - f2b38fa1-d1fa-46e1-a7c8-4a42d0fbcda8@group-B7B418724292: ConfigurationManager, init=-1: [e9ea880f-5e40-42f2-8cb7-504496c4d4f2:192.168.30.31:34064, f2b38fa1-d1fa-46e1-a7c8-4a42d0fbcda8:192.168.30.31:42313, 12cce3f2-65ae-4bed-9886-4e11986c06a3:192.168.30.31:35704], old=null, confs=<EMPTY_MAP>
2019-10-04 23:27:42,668 [pool-413-thread-1] INFO  server.RaftServerConfigKeys (ConfUtils.java:logGet(43)) - raft.server.storage.dir = [/workdir/hadoop-ozone/integration-test/target/test-dir/MiniOzoneClusterImpl-fe6c72de-2298-40be-9e1b-01151ba7612c/datanode-3/data/ratis] (custom)
2019-10-04 23:27:42,668 [pool-383-thread-1] INFO  server.RaftServerConfigKeys (ConfUtils.java:logGet(43)) - raft.server.log.corruption.policy = EXCEPTION (default)
2019-10-04 23:27:42,669 [pool-413-thread-1] INFO  server.RaftServerConfigKeys (ConfUtils.java:logGet(43)) - raft.server.log.corruption.policy = EXCEPTION (default)
2019-10-04 23:27:42,669 [pool-383-thread-1] INFO  storage.RaftStorageDirectory (RaftStorageDirectory.java:analyzeStorage(246)) - The storage directory /workdir/hadoop-ozone/integration-test/target/test-dir/MiniOzoneClusterImpl-fe6c72de-2298-40be-9e1b-01151ba7612c/datanode-0/data/ratis/6c459cb7-bb9f-4a08-817f-b7b418724292 does not exist. Creating ...
2019-10-04 23:27:42,669 [pool-413-thread-1] INFO  storage.RaftStorageDirectory (RaftStorageDirectory.java:analyzeStorage(246)) - The storage directory /workdir/hadoop-ozone/integration-test/target/test-dir/MiniOzoneClusterImpl-fe6c72de-2298-40be-9e1b-01151ba7612c/datanode-3/data/ratis/6c459cb7-bb9f-4a08-817f-b7b418724292 does not exist. Creating ...
2019-10-04 23:27:42,697 [pool-383-thread-1] INFO  storage.RaftStorageDirectory (RaftStorageDirectory.java:tryLock(328)) - Lock on /workdir/hadoop-ozone/integration-test/target/test-dir/MiniOzoneClusterImpl-fe6c72de-2298-40be-9e1b-01151ba7612c/datanode-0/data/ratis/6c459cb7-bb9f-4a08-817f-b7b418724292/in_use.lock acquired by nodename 9691@pr-hdds-2181-4swdh-1415433563
2019-10-04 23:27:42,697 [pool-413-thread-1] INFO  storage.RaftStorageDirectory (RaftStorageDirectory.java:tryLock(328)) - Lock on /workdir/hadoop-ozone/integration-test/target/test-dir/MiniOzoneClusterImpl-fe6c72de-2298-40be-9e1b-01151ba7612c/datanode-3/data/ratis/6c459cb7-bb9f-4a08-817f-b7b418724292/in_use.lock acquired by nodename 9691@pr-hdds-2181-4swdh-1415433563
2019-10-04 23:27:42,697 [pool-443-thread-1] INFO  storage.RaftStorageDirectory (RaftStorageDirectory.java:tryLock(328)) - Lock on /workdir/hadoop-ozone/integration-test/target/test-dir/MiniOzoneClusterImpl-fe6c72de-2298-40be-9e1b-01151ba7612c/datanode-6/data/ratis/6c459cb7-bb9f-4a08-817f-b7b418724292/in_use.lock acquired by nodename 9691@pr-hdds-2181-4swdh-1415433563
2019-10-04 23:27:42,714 [pool-383-thread-1] INFO  storage.RaftStorage (RaftStorage.java:format(84)) - Storage directory /workdir/hadoop-ozone/integration-test/target/test-dir/MiniOzoneClusterImpl-fe6c72de-2298-40be-9e1b-01151ba7612c/datanode-0/data/ratis/6c459cb7-bb9f-4a08-817f-b7b418724292 has been successfully formatted.
2019-10-04 23:27:42,714 [pool-413-thread-1] INFO  storage.RaftStorage (RaftStorage.java:format(84)) - Storage directory /workdir/hadoop-ozone/integration-test/target/test-dir/MiniOzoneClusterImpl-fe6c72de-2298-40be-9e1b-01151ba7612c/datanode-3/data/ratis/6c459cb7-bb9f-4a08-817f-b7b418724292 has been successfully formatted.
2019-10-04 23:27:42,714 [pool-443-thread-1] INFO  storage.RaftStorage (RaftStorage.java:format(84)) - Storage directory /workdir/hadoop-ozone/integration-test/target/test-dir/MiniOzoneClusterImpl-fe6c72de-2298-40be-9e1b-01151ba7612c/datanode-6/data/ratis/6c459cb7-bb9f-4a08-817f-b7b418724292 has been successfully formatted.
2019-10-04 23:27:42,714 [pool-413-thread-1] INFO  ratis.ContainerStateMachine (ContainerStateMachine.java:loadSnapshot(230)) - group-B7B418724292: The snapshot info is null. Setting the last applied indexto:(t:0, i:~)
2019-10-04 23:27:42,714 [pool-383-thread-1] INFO  ratis.ContainerStateMachine (ContainerStateMachine.java:loadSnapshot(230)) - group-B7B418724292: The snapshot info is null. Setting the last applied indexto:(t:0, i:~)
2019-10-04 23:27:42,715 [pool-413-thread-1] INFO  server.RaftServerConfigKeys (ConfUtils.java:logGet(43)) - raft.server.notification.no-leader.timeout = 120s (custom)
2019-10-04 23:27:42,715 [pool-443-thread-1] INFO  ratis.ContainerStateMachine (ContainerStateMachine.java:loadSnapshot(230)) - group-B7B418724292: The snapshot info is null. Setting the last applied indexto:(t:0, i:~)
2019-10-04 23:27:42,715 [pool-413-thread-1] INFO  server.RaftServerConfigKeys (ConfUtils.java:logGet(43)) - raft.server.log.use.memory = false (default)
2019-10-04 23:27:42,715 [pool-383-thread-1] INFO  server.RaftServerConfigKeys (ConfUtils.java:logGet(43)) - raft.server.notification.no-leader.timeout = 120s (custom)
2019-10-04 23:27:42,715 [pool-413-thread-1] INFO  server.RaftServerConfigKeys (ConfUtils.java:logGet(43)) - raft.server.log.purge.gap = 1000000 (custom)
2019-10-04 23:27:42,715 [pool-443-thread-1] INFO  server.RaftServerConfigKeys (ConfUtils.java:logGet(43)) - raft.server.notification.no-leader.timeout = 120s (custom)
2019-10-04 23:27:42,715 [pool-413-thread-1] INFO  server.RaftServerConfigKeys (ConfUtils.java:logGet(43)) - raft.server.log.appender.buffer.byte-limit = 33554432 (custom)
2019-10-04 23:27:42,715 [pool-383-thread-1] INFO  server.RaftServerConfigKeys (ConfUtils.java:logGet(43)) - raft.server.log.use.memory = false (default)
2019-10-04 23:27:42,715 [pool-413-thread-1] INFO  server.RaftServerConfigKeys (ConfUtils.java:logGet(43)) - raft.server.log.segment.size.max = 1048576 (custom)
2019-10-04 23:27:42,715 [pool-443-thread-1] INFO  server.RaftServerConfigKeys (ConfUtils.java:logGet(43)) - raft.server.log.use.memory = false (default)
2019-10-04 23:27:42,716 [pool-413-thread-1] INFO  server.RaftServerConfigKeys (ConfUtils.java:logGet(43)) - raft.server.log.segment.cache.num.max = 2 (custom)
2019-10-04 23:27:42,715 [pool-383-thread-1] INFO  server.RaftServerConfigKeys (ConfUtils.java:logGet(43)) - raft.server.log.purge.gap = 1000000 (custom)
2019-10-04 23:27:42,716 [pool-413-thread-1] INFO  segmented.SegmentedRaftLogWorker (SegmentedRaftLogWorker.java:<init>(173)) - new f2b38fa1-d1fa-46e1-a7c8-4a42d0fbcda8@group-B7B418724292-SegmentedRaftLogWorker for RaftStorage:Storage Directory /workdir/hadoop-ozone/integration-test/target/test-dir/MiniOzoneClusterImpl-fe6c72de-2298-40be-9e1b-01151ba7612c/datanode-3/data/ratis/6c459cb7-bb9f-4a08-817f-b7b418724292
2019-10-04 23:27:42,716 [pool-443-thread-1] INFO  server.RaftServerConfigKeys (ConfUtils.java:logGet(43)) - raft.server.log.purge.gap = 1000000 (custom)
2019-10-04 23:27:42,716 [pool-413-thread-1] INFO  server.RaftServerConfigKeys (ConfUtils.java:logGet(43)) - raft.server.log.queue.byte-limit = 2147483647 (custom)
2019-10-04 23:27:42,716 [pool-413-thread-1] INFO  server.RaftServerConfigKeys (ConfUtils.java:logGet(43)) - raft.server.log.queue.element-limit = 1024 (custom)
2019-10-04 23:27:42,716 [pool-383-thread-1] INFO  server.RaftServerConfigKeys (ConfUtils.java:logGet(43)) - raft.server.log.appender.buffer.byte-limit = 33554432 (custom)
2019-10-04 23:27:42,716 [pool-413-thread-1] INFO  server.RaftServerConfigKeys (ConfUtils.java:logGet(43)) - raft.server.log.segment.size.max = 1048576 (custom)
2019-10-04 23:27:42,716 [pool-443-thread-1] INFO  server.RaftServerConfigKeys (ConfUtils.java:logGet(43)) - raft.server.log.appender.buffer.byte-limit = 33554432 (custom)
2019-10-04 23:27:42,716 [pool-413-thread-1] INFO  server.RaftServerConfigKeys (ConfUtils.java:logGet(43)) - raft.server.log.preallocated.size = 16384 (custom)
2019-10-04 23:27:42,716 [pool-383-thread-1] INFO  server.RaftServerConfigKeys (ConfUtils.java:logGet(43)) - raft.server.log.segment.size.max = 1048576 (custom)
2019-10-04 23:27:42,717 [pool-413-thread-1] INFO  server.RaftServerConfigKeys (ConfUtils.java:logGet(43)) - raft.server.log.write.buffer.size = 33554432 (custom)
2019-10-04 23:27:42,716 [pool-443-thread-1] INFO  server.RaftServerConfigKeys (ConfUtils.java:logGet(43)) - raft.server.log.segment.size.max = 1048576 (custom)
2019-10-04 23:27:42,717 [pool-413-thread-1] INFO  server.RaftServerConfigKeys (ConfUtils.java:logGet(43)) - raft.server.log.force.sync.num = 128 (default)
2019-10-04 23:27:42,717 [pool-383-thread-1] INFO  server.RaftServerConfigKeys (ConfUtils.java:logGet(43)) - raft.server.log.segment.cache.num.max = 2 (custom)
2019-10-04 23:27:42,717 [pool-413-thread-1] INFO  server.RaftServerConfigKeys (ConfUtils.java:logGet(43)) - raft.server.log.statemachine.data.sync = true (default)
2019-10-04 23:27:42,717 [pool-443-thread-1] INFO  server.RaftServerConfigKeys (ConfUtils.java:logGet(43)) - raft.server.log.segment.cache.num.max = 2 (custom)
2019-10-04 23:27:42,717 [pool-413-thread-1] INFO  server.RaftServerConfigKeys (ConfUtils.java:logGet(43)) - raft.server.log.statemachine.data.sync.timeout = 10s (default)
2019-10-04 23:27:42,717 [pool-383-thread-1] INFO  segmented.SegmentedRaftLogWorker (SegmentedRaftLogWorker.java:<init>(173)) - new 12cce3f2-65ae-4bed-9886-4e11986c06a3@group-B7B418724292-SegmentedRaftLogWorker for RaftStorage:Storage Directory /workdir/hadoop-ozone/integration-test/target/test-dir/MiniOzoneClusterImpl-fe6c72de-2298-40be-9e1b-01151ba7612c/datanode-0/data/ratis/6c459cb7-bb9f-4a08-817f-b7b418724292
2019-10-04 23:27:42,717 [pool-413-thread-1] INFO  server.RaftServerConfigKeys (ConfUtils.java:logGet(43)) - raft.server.log.statemachine.data.sync.timeout.retry = -1 (default)
2019-10-04 23:27:42,717 [pool-443-thread-1] INFO  segmented.SegmentedRaftLogWorker (SegmentedRaftLogWorker.java:<init>(173)) - new e9ea880f-5e40-42f2-8cb7-504496c4d4f2@group-B7B418724292-SegmentedRaftLogWorker for RaftStorage:Storage Directory /workdir/hadoop-ozone/integration-test/target/test-dir/MiniOzoneClusterImpl-fe6c72de-2298-40be-9e1b-01151ba7612c/datanode-6/data/ratis/6c459cb7-bb9f-4a08-817f-b7b418724292
2019-10-04 23:27:42,718 [pool-413-thread-1] INFO  server.RaftServerConfigKeys (ConfUtils.java:logGet(43)) - raft.server.log.statemachine.data.caching.enabled = true (custom)
2019-10-04 23:27:42,717 [pool-383-thread-1] INFO  server.RaftServerConfigKeys (ConfUtils.java:logGet(43)) - raft.server.log.queue.byte-limit = 2147483647 (custom)
2019-10-04 23:27:42,718 [pool-443-thread-1] INFO  server.RaftServerConfigKeys (ConfUtils.java:logGet(43)) - raft.server.log.queue.byte-limit = 2147483647 (custom)
2019-10-04 23:27:42,718 [pool-413-thread-1] INFO  segmented.SegmentedRaftLogWorker (SegmentedRaftLogWorker.java:lambda$new$0(128)) - f2b38fa1-d1fa-46e1-a7c8-4a42d0fbcda8@group-B7B418724292-SegmentedRaftLogWorker: flushIndex: setUnconditionally 0 -> -1
2019-10-04 23:27:42,718 [pool-383-thread-1] INFO  server.RaftServerConfigKeys (ConfUtils.java:logGet(43)) - raft.server.log.queue.element-limit = 1024 (custom)
2019-10-04 23:27:42,718 [pool-443-thread-1] INFO  server.RaftServerConfigKeys (ConfUtils.java:logGet(43)) - raft.server.log.queue.element-limit = 1024 (custom)
2019-10-04 23:27:42,718 [pool-413-thread-1] INFO  server.RaftServerConfigKeys (ConfUtils.java:logGet(43)) - raft.server.snapshot.auto.trigger.enabled = true (custom)
2019-10-04 23:27:42,718 [pool-383-thread-1] INFO  server.RaftServerConfigKeys (ConfUtils.java:logGet(43)) - raft.server.log.segment.size.max = 1048576 (custom)
2019-10-04 23:27:42,718 [pool-413-thread-1] INFO  server.RaftServerConfigKeys (ConfUtils.java:logGet(43)) - raft.server.snapshot.auto.trigger.threshold = 10000 (custom)
2019-10-04 23:27:42,718 [pool-443-thread-1] INFO  server.RaftServerConfigKeys (ConfUtils.java:logGet(43)) - raft.server.log.segment.size.max = 1048576 (custom)
2019-10-04 23:27:42,718 [pool-413-thread-1] INFO  server.RaftServerConfigKeys (ConfUtils.java:logGet(43)) - raft.server.snapshot.retention.file.num = 5 (custom)
2019-10-04 23:27:42,718 [pool-383-thread-1] INFO  server.RaftServerConfigKeys (ConfUtils.java:logGet(43)) - raft.server.log.preallocated.size = 16384 (custom)
2019-10-04 23:27:42,719 [pool-413-thread-1] INFO  server.RaftServerConfigKeys (ConfUtils.java:logGet(43)) - raft.server.retrycache.expirytime = 600000ms (custom)
2019-10-04 23:27:42,718 [pool-443-thread-1] INFO  server.RaftServerConfigKeys (ConfUtils.java:logGet(43)) - raft.server.log.preallocated.size = 16384 (custom)
2019-10-04 23:27:42,719 [pool-383-thread-1] INFO  server.RaftServerConfigKeys (ConfUtils.java:logGet(43)) - raft.server.log.write.buffer.size = 33554432 (custom)
2019-10-04 23:27:42,719 [pool-443-thread-1] INFO  server.RaftServerConfigKeys (ConfUtils.java:logGet(43)) - raft.server.log.write.buffer.size = 33554432 (custom)
2019-10-04 23:27:42,719 [pool-383-thread-1] INFO  server.RaftServerConfigKeys (ConfUtils.java:logGet(43)) - raft.server.log.force.sync.num = 128 (default)
2019-10-04 23:27:42,719 [pool-443-thread-1] INFO  server.RaftServerConfigKeys (ConfUtils.java:logGet(43)) - raft.server.log.force.sync.num = 128 (default)
2019-10-04 23:27:42,719 [pool-383-thread-1] INFO  server.RaftServerConfigKeys (ConfUtils.java:logGet(43)) - raft.server.log.statemachine.data.sync = true (default)
2019-10-04 23:27:42,719 [pool-443-thread-1] INFO  server.RaftServerConfigKeys (ConfUtils.java:logGet(43)) - raft.server.log.statemachine.data.sync = true (default)
2019-10-04 23:27:42,719 [pool-383-thread-1] INFO  server.RaftServerConfigKeys (ConfUtils.java:logGet(43)) - raft.server.log.statemachine.data.sync.timeout = 10s (default)
2019-10-04 23:27:42,719 [pool-443-thread-1] INFO  server.RaftServerConfigKeys (ConfUtils.java:logGet(43)) - raft.server.log.statemachine.data.sync.timeout = 10s (default)
2019-10-04 23:27:42,720 [pool-383-thread-1] INFO  server.RaftServerConfigKeys (ConfUtils.java:logGet(43)) - raft.server.log.statemachine.data.sync.timeout.retry = -1 (default)
2019-10-04 23:27:42,720 [pool-443-thread-1] INFO  server.RaftServerConfigKeys (ConfUtils.java:logGet(43)) - raft.server.log.statemachine.data.sync.timeout.retry = -1 (default)
2019-10-04 23:27:42,720 [pool-383-thread-1] INFO  server.RaftServerConfigKeys (ConfUtils.java:logGet(43)) - raft.server.log.statemachine.data.caching.enabled = true (custom)
2019-10-04 23:27:42,720 [pool-443-thread-1] INFO  server.RaftServerConfigKeys (ConfUtils.java:logGet(43)) - raft.server.log.statemachine.data.caching.enabled = true (custom)
2019-10-04 23:27:42,720 [pool-383-thread-1] INFO  segmented.SegmentedRaftLogWorker (SegmentedRaftLogWorker.java:lambda$new$0(128)) - 12cce3f2-65ae-4bed-9886-4e11986c06a3@group-B7B418724292-SegmentedRaftLogWorker: flushIndex: setUnconditionally 0 -> -1
2019-10-04 23:27:42,720 [pool-443-thread-1] INFO  segmented.SegmentedRaftLogWorker (SegmentedRaftLogWorker.java:lambda$new$0(128)) - e9ea880f-5e40-42f2-8cb7-504496c4d4f2@group-B7B418724292-SegmentedRaftLogWorker: flushIndex: setUnconditionally 0 -> -1
2019-10-04 23:27:42,720 [pool-383-thread-1] INFO  server.RaftServerConfigKeys (ConfUtils.java:logGet(43)) - raft.server.snapshot.auto.trigger.enabled = true (custom)
2019-10-04 23:27:42,720 [pool-443-thread-1] INFO  server.RaftServerConfigKeys (ConfUtils.java:logGet(43)) - raft.server.snapshot.auto.trigger.enabled = true (custom)
2019-10-04 23:27:42,720 [pool-413-thread-1] INFO  impl.RaftServerImpl (RaftServerImpl.java:start(181)) - f2b38fa1-d1fa-46e1-a7c8-4a42d0fbcda8@group-B7B418724292: start as a follower, conf=-1: [e9ea880f-5e40-42f2-8cb7-504496c4d4f2:192.168.30.31:34064, f2b38fa1-d1fa-46e1-a7c8-4a42d0fbcda8:192.168.30.31:42313, 12cce3f2-65ae-4bed-9886-4e11986c06a3:192.168.30.31:35704], old=null
2019-10-04 23:27:42,721 [pool-443-thread-1] INFO  server.RaftServerConfigKeys (ConfUtils.java:logGet(43)) - raft.server.snapshot.auto.trigger.threshold = 10000 (custom)
2019-10-04 23:27:42,720 [pool-383-thread-1] INFO  server.RaftServerConfigKeys (ConfUtils.java:logGet(43)) - raft.server.snapshot.auto.trigger.threshold = 10000 (custom)
2019-10-04 23:27:42,721 [pool-443-thread-1] INFO  server.RaftServerConfigKeys (ConfUtils.java:logGet(43)) - raft.server.snapshot.retention.file.num = 5 (custom)
2019-10-04 23:27:42,721 [pool-413-thread-1] INFO  impl.RaftServerImpl (RaftServerImpl.java:setRole(170)) - f2b38fa1-d1fa-46e1-a7c8-4a42d0fbcda8@group-B7B418724292: changes role from      null to FOLLOWER at term 0 for startAsFollower
2019-10-04 23:27:42,721 [pool-443-thread-1] INFO  server.RaftServerConfigKeys (ConfUtils.java:logGet(43)) - raft.server.retrycache.expirytime = 600000ms (custom)
2019-10-04 23:27:42,721 [pool-383-thread-1] INFO  server.RaftServerConfigKeys (ConfUtils.java:logGet(43)) - raft.server.snapshot.retention.file.num = 5 (custom)
2019-10-04 23:27:42,721 [pool-413-thread-1] INFO  impl.RoleInfo (RoleInfo.java:updateAndGet(143)) - f2b38fa1-d1fa-46e1-a7c8-4a42d0fbcda8: start FollowerState
2019-10-04 23:27:42,721 [pool-383-thread-1] INFO  server.RaftServerConfigKeys (ConfUtils.java:logGet(43)) - raft.server.retrycache.expirytime = 600000ms (custom)
2019-10-04 23:27:42,721 [pool-413-thread-1] INFO  util.JmxRegister (JmxRegister.java:tryRegister(44)) - Successfully registered JMX Bean with object name Ratis:service=RaftServer,group=group-B7B418724292,id=f2b38fa1-d1fa-46e1-a7c8-4a42d0fbcda8
2019-10-04 23:27:42,723 [pool-443-thread-1] INFO  impl.RaftServerImpl (RaftServerImpl.java:start(181)) - e9ea880f-5e40-42f2-8cb7-504496c4d4f2@group-B7B418724292: start as a follower, conf=-1: [e9ea880f-5e40-42f2-8cb7-504496c4d4f2:192.168.30.31:34064, f2b38fa1-d1fa-46e1-a7c8-4a42d0fbcda8:192.168.30.31:42313, 12cce3f2-65ae-4bed-9886-4e11986c06a3:192.168.30.31:35704], old=null
2019-10-04 23:27:42,724 [pool-443-thread-1] INFO  impl.RaftServerImpl (RaftServerImpl.java:setRole(170)) - e9ea880f-5e40-42f2-8cb7-504496c4d4f2@group-B7B418724292: changes role from      null to FOLLOWER at term 0 for startAsFollower
2019-10-04 23:27:42,724 [pool-443-thread-1] INFO  impl.RoleInfo (RoleInfo.java:updateAndGet(143)) - e9ea880f-5e40-42f2-8cb7-504496c4d4f2: start FollowerState
2019-10-04 23:27:42,724 [pool-443-thread-1] INFO  util.JmxRegister (JmxRegister.java:tryRegister(44)) - Successfully registered JMX Bean with object name Ratis:service=RaftServer,group=group-B7B418724292,id=e9ea880f-5e40-42f2-8cb7-504496c4d4f2
2019-10-04 23:27:42,724 [pool-383-thread-1] INFO  impl.RaftServerImpl (RaftServerImpl.java:start(181)) - 12cce3f2-65ae-4bed-9886-4e11986c06a3@group-B7B418724292: start as a follower, conf=-1: [e9ea880f-5e40-42f2-8cb7-504496c4d4f2:192.168.30.31:34064, f2b38fa1-d1fa-46e1-a7c8-4a42d0fbcda8:192.168.30.31:42313, 12cce3f2-65ae-4bed-9886-4e11986c06a3:192.168.30.31:35704], old=null
2019-10-04 23:27:42,724 [pool-383-thread-1] INFO  impl.RaftServerImpl (RaftServerImpl.java:setRole(170)) - 12cce3f2-65ae-4bed-9886-4e11986c06a3@group-B7B418724292: changes role from      null to FOLLOWER at term 0 for startAsFollower
2019-10-04 23:27:42,725 [pool-383-thread-1] INFO  impl.RoleInfo (RoleInfo.java:updateAndGet(143)) - 12cce3f2-65ae-4bed-9886-4e11986c06a3: start FollowerState
2019-10-04 23:27:42,725 [pool-383-thread-1] INFO  util.JmxRegister (JmxRegister.java:tryRegister(44)) - Successfully registered JMX Bean with object name Ratis:service=RaftServer,group=group-B7B418724292,id=12cce3f2-65ae-4bed-9886-4e11986c06a3
2019-10-04 23:27:42,729 [RatisPipelineUtilsThread] INFO  pipeline.PipelineStateManager (PipelineStateManager.java:addPipeline(56)) - Created pipeline Pipeline[ Id: 6c459cb7-bb9f-4a08-817f-b7b418724292, Nodes: f2b38fa1-d1fa-46e1-a7c8-4a42d0fbcda8{ip: 192.168.30.31, host: pr-hdds-2181-4swdh-1415433563, networkLocation: /default-rack, certSerialId: null}e9ea880f-5e40-42f2-8cb7-504496c4d4f2{ip: 192.168.30.31, host: pr-hdds-2181-4swdh-1415433563, networkLocation: /default-rack, certSerialId: null}12cce3f2-65ae-4bed-9886-4e11986c06a3{ip: 192.168.30.31, host: pr-hdds-2181-4swdh-1415433563, networkLocation: /default-rack, certSerialId: null}, Type:RATIS, Factor:THREE, State:OPEN]
2019-10-04 23:27:42,737 [grpc-default-executor-1] INFO  impl.RaftServerProxy (RaftServerProxy.java:addNew(89)) - 439d019b-8ffc-486d-bcae-1928c8fd4871: addNew group-CD6A605B2EB9:[afdc8bf5-29ed-479c-9dae-86f4f31fd2a5:192.168.30.31:40455, 439d019b-8ffc-486d-bcae-1928c8fd4871:192.168.30.31:34962, be611e91-5c15-434b-beea-79ee2d552069:192.168.30.31:37649] returns group-CD6A605B2EB9:java.util.concurrent.CompletableFuture@25ce2d68[Not completed]
2019-10-04 23:27:42,737 [grpc-default-executor-6] INFO  impl.RaftServerProxy (RaftServerProxy.java:addNew(89)) - afdc8bf5-29ed-479c-9dae-86f4f31fd2a5: addNew group-CD6A605B2EB9:[afdc8bf5-29ed-479c-9dae-86f4f31fd2a5:192.168.30.31:40455, 439d019b-8ffc-486d-bcae-1928c8fd4871:192.168.30.31:34962, be611e91-5c15-434b-beea-79ee2d552069:192.168.30.31:37649] returns group-CD6A605B2EB9:java.util.concurrent.CompletableFuture@5368f06[Not completed]
2019-10-04 23:27:42,737 [grpc-default-executor-5] INFO  impl.RaftServerProxy (RaftServerProxy.java:addNew(89)) - be611e91-5c15-434b-beea-79ee2d552069: addNew group-CD6A605B2EB9:[afdc8bf5-29ed-479c-9dae-86f4f31fd2a5:192.168.30.31:40455, 439d019b-8ffc-486d-bcae-1928c8fd4871:192.168.30.31:34962, be611e91-5c15-434b-beea-79ee2d552069:192.168.30.31:37649] returns group-CD6A605B2EB9:java.util.concurrent.CompletableFuture@6cb1960b[Not completed]
2019-10-04 23:27:42,739 [pool-423-thread-1] INFO  impl.RaftServerImpl (RaftServerImpl.java:<init>(95)) - afdc8bf5-29ed-479c-9dae-86f4f31fd2a5: new RaftServerImpl for group-CD6A605B2EB9:[afdc8bf5-29ed-479c-9dae-86f4f31fd2a5:192.168.30.31:40455, 439d019b-8ffc-486d-bcae-1928c8fd4871:192.168.30.31:34962, be611e91-5c15-434b-beea-79ee2d552069:192.168.30.31:37649] with ContainerStateMachine:uninitialized
2019-10-04 23:27:42,739 [pool-423-thread-1] INFO  server.RaftServerConfigKeys (ConfUtils.java:logGet(43)) - raft.server.rpc.timeout.min = 5s (custom)
2019-10-04 23:27:42,739 [pool-423-thread-1] INFO  server.RaftServerConfigKeys (ConfUtils.java:logGet(43)) - raft.server.rpc.timeout.max = 5200ms (custom)
2019-10-04 23:27:42,740 [pool-423-thread-1] INFO  server.RaftServerConfigKeys (ConfUtils.java:logGet(43)) - raft.server.rpcslowness.timeout = 120s (custom)
2019-10-04 23:27:42,740 [pool-423-thread-1] INFO  server.RaftServerConfigKeys (ConfUtils.java:logGet(43)) - raft.server.sleep.deviation.threshold = 300 (default)
2019-10-04 23:27:42,740 [pool-423-thread-1] INFO  server.RaftServerConfigKeys (ConfUtils.java:logGet(43)) - raft.server.log.appender.install.snapshot.enabled = false (custom)
2019-10-04 23:27:42,740 [pool-423-thread-1] INFO  impl.RaftServerImpl (ServerState.java:<init>(103)) - afdc8bf5-29ed-479c-9dae-86f4f31fd2a5@group-CD6A605B2EB9: ConfigurationManager, init=-1: [afdc8bf5-29ed-479c-9dae-86f4f31fd2a5:192.168.30.31:40455, 439d019b-8ffc-486d-bcae-1928c8fd4871:192.168.30.31:34962, be611e91-5c15-434b-beea-79ee2d552069:192.168.30.31:37649], old=null, confs=<EMPTY_MAP>
2019-10-04 23:27:42,740 [pool-393-thread-1] INFO  impl.RaftServerImpl (RaftServerImpl.java:<init>(95)) - 439d019b-8ffc-486d-bcae-1928c8fd4871: new RaftServerImpl for group-CD6A605B2EB9:[afdc8bf5-29ed-479c-9dae-86f4f31fd2a5:192.168.30.31:40455, 439d019b-8ffc-486d-bcae-1928c8fd4871:192.168.30.31:34962, be611e91-5c15-434b-beea-79ee2d552069:192.168.30.31:37649] with ContainerStateMachine:uninitialized
2019-10-04 23:27:42,740 [pool-423-thread-1] INFO  server.RaftServerConfigKeys (ConfUtils.java:logGet(43)) - raft.server.storage.dir = [/workdir/hadoop-ozone/integration-test/target/test-dir/MiniOzoneClusterImpl-fe6c72de-2298-40be-9e1b-01151ba7612c/datanode-4/data/ratis] (custom)
2019-10-04 23:27:42,740 [pool-393-thread-1] INFO  server.RaftServerConfigKeys (ConfUtils.java:logGet(43)) - raft.server.rpc.timeout.min = 5s (custom)
2019-10-04 23:27:42,740 [pool-403-thread-1] INFO  impl.RaftServerImpl (RaftServerImpl.java:<init>(95)) - be611e91-5c15-434b-beea-79ee2d552069: new RaftServerImpl for group-CD6A605B2EB9:[afdc8bf5-29ed-479c-9dae-86f4f31fd2a5:192.168.30.31:40455, 439d019b-8ffc-486d-bcae-1928c8fd4871:192.168.30.31:34962, be611e91-5c15-434b-beea-79ee2d552069:192.168.30.31:37649] with ContainerStateMachine:uninitialized
2019-10-04 23:27:42,741 [pool-423-thread-1] INFO  server.RaftServerConfigKeys (ConfUtils.java:logGet(43)) - raft.server.log.corruption.policy = EXCEPTION (default)
2019-10-04 23:27:42,741 [pool-393-thread-1] INFO  server.RaftServerConfigKeys (ConfUtils.java:logGet(43)) - raft.server.rpc.timeout.max = 5200ms (custom)
2019-10-04 23:27:42,741 [pool-423-thread-1] INFO  storage.RaftStorageDirectory (RaftStorageDirectory.java:analyzeStorage(246)) - The storage directory /workdir/hadoop-ozone/integration-test/target/test-dir/MiniOzoneClusterImpl-fe6c72de-2298-40be-9e1b-01151ba7612c/datanode-4/data/ratis/da55debb-aaff-41c7-bc96-cd6a605b2eb9 does not exist. Creating ...
2019-10-04 23:27:42,741 [pool-403-thread-1] INFO  server.RaftServerConfigKeys (ConfUtils.java:logGet(43)) - raft.server.rpc.timeout.min = 5s (custom)
2019-10-04 23:27:42,741 [pool-393-thread-1] INFO  server.RaftServerConfigKeys (ConfUtils.java:logGet(43)) - raft.server.rpcslowness.timeout = 120s (custom)
2019-10-04 23:27:42,741 [pool-403-thread-1] INFO  server.RaftServerConfigKeys (ConfUtils.java:logGet(43)) - raft.server.rpc.timeout.max = 5200ms (custom)
2019-10-04 23:27:42,741 [pool-393-thread-1] INFO  server.RaftServerConfigKeys (ConfUtils.java:logGet(43)) - raft.server.sleep.deviation.threshold = 300 (default)
2019-10-04 23:27:42,741 [pool-403-thread-1] INFO  server.RaftServerConfigKeys (ConfUtils.java:logGet(43)) - raft.server.rpcslowness.timeout = 120s (custom)
2019-10-04 23:27:42,741 [pool-393-thread-1] INFO  server.RaftServerConfigKeys (ConfUtils.java:logGet(43)) - raft.server.log.appender.install.snapshot.enabled = false (custom)
2019-10-04 23:27:42,741 [pool-403-thread-1] INFO  server.RaftServerConfigKeys (ConfUtils.java:logGet(43)) - raft.server.sleep.deviation.threshold = 300 (default)
2019-10-04 23:27:42,742 [pool-393-thread-1] INFO  impl.RaftServerImpl (ServerState.java:<init>(103)) - 439d019b-8ffc-486d-bcae-1928c8fd4871@group-CD6A605B2EB9: ConfigurationManager, init=-1: [afdc8bf5-29ed-479c-9dae-86f4f31fd2a5:192.168.30.31:40455, 439d019b-8ffc-486d-bcae-1928c8fd4871:192.168.30.31:34962, be611e91-5c15-434b-beea-79ee2d552069:192.168.30.31:37649], old=null, confs=<EMPTY_MAP>
2019-10-04 23:27:42,742 [pool-403-thread-1] INFO  server.RaftServerConfigKeys (ConfUtils.java:logGet(43)) - raft.server.log.appender.install.snapshot.enabled = false (custom)
2019-10-04 23:27:42,742 [pool-393-thread-1] INFO  server.RaftServerConfigKeys (ConfUtils.java:logGet(43)) - raft.server.storage.dir = [/workdir/hadoop-ozone/integration-test/target/test-dir/MiniOzoneClusterImpl-fe6c72de-2298-40be-9e1b-01151ba7612c/datanode-1/data/ratis] (custom)
2019-10-04 23:27:42,742 [pool-403-thread-1] INFO  impl.RaftServerImpl (ServerState.java:<init>(103)) - be611e91-5c15-434b-beea-79ee2d552069@group-CD6A605B2EB9: ConfigurationManager, init=-1: [afdc8bf5-29ed-479c-9dae-86f4f31fd2a5:192.168.30.31:40455, 439d019b-8ffc-486d-bcae-1928c8fd4871:192.168.30.31:34962, be611e91-5c15-434b-beea-79ee2d552069:192.168.30.31:37649], old=null, confs=<EMPTY_MAP>
2019-10-04 23:27:42,742 [pool-403-thread-1] INFO  server.RaftServerConfigKeys (ConfUtils.java:logGet(43)) - raft.server.storage.dir = [/workdir/hadoop-ozone/integration-test/target/test-dir/MiniOzoneClusterImpl-fe6c72de-2298-40be-9e1b-01151ba7612c/datanode-2/data/ratis] (custom)
2019-10-04 23:27:42,742 [pool-393-thread-1] INFO  server.RaftServerConfigKeys (ConfUtils.java:logGet(43)) - raft.server.log.corruption.policy = EXCEPTION (default)
2019-10-04 23:27:42,742 [pool-403-thread-1] INFO  server.RaftServerConfigKeys (ConfUtils.java:logGet(43)) - raft.server.log.corruption.policy = EXCEPTION (default)
2019-10-04 23:27:42,742 [pool-393-thread-1] INFO  storage.RaftStorageDirectory (RaftStorageDirectory.java:analyzeStorage(246)) - The storage directory /workdir/hadoop-ozone/integration-test/target/test-dir/MiniOzoneClusterImpl-fe6c72de-2298-40be-9e1b-01151ba7612c/datanode-1/data/ratis/da55debb-aaff-41c7-bc96-cd6a605b2eb9 does not exist. Creating ...
2019-10-04 23:27:42,742 [pool-403-thread-1] INFO  storage.RaftStorageDirectory (RaftStorageDirectory.java:analyzeStorage(246)) - The storage directory /workdir/hadoop-ozone/integration-test/target/test-dir/MiniOzoneClusterImpl-fe6c72de-2298-40be-9e1b-01151ba7612c/datanode-2/data/ratis/da55debb-aaff-41c7-bc96-cd6a605b2eb9 does not exist. Creating ...
2019-10-04 23:27:42,773 [pool-423-thread-1] INFO  storage.RaftStorageDirectory (RaftStorageDirectory.java:tryLock(328)) - Lock on /workdir/hadoop-ozone/integration-test/target/test-dir/MiniOzoneClusterImpl-fe6c72de-2298-40be-9e1b-01151ba7612c/datanode-4/data/ratis/da55debb-aaff-41c7-bc96-cd6a605b2eb9/in_use.lock acquired by nodename 9691@pr-hdds-2181-4swdh-1415433563
2019-10-04 23:27:42,773 [pool-393-thread-1] INFO  storage.RaftStorageDirectory (RaftStorageDirectory.java:tryLock(328)) - Lock on /workdir/hadoop-ozone/integration-test/target/test-dir/MiniOzoneClusterImpl-fe6c72de-2298-40be-9e1b-01151ba7612c/datanode-1/data/ratis/da55debb-aaff-41c7-bc96-cd6a605b2eb9/in_use.lock acquired by nodename 9691@pr-hdds-2181-4swdh-1415433563
2019-10-04 23:27:42,773 [pool-403-thread-1] INFO  storage.RaftStorageDirectory (RaftStorageDirectory.java:tryLock(328)) - Lock on /workdir/hadoop-ozone/integration-test/target/test-dir/MiniOzoneClusterImpl-fe6c72de-2298-40be-9e1b-01151ba7612c/datanode-2/data/ratis/da55debb-aaff-41c7-bc96-cd6a605b2eb9/in_use.lock acquired by nodename 9691@pr-hdds-2181-4swdh-1415433563
2019-10-04 23:27:42,807 [pool-423-thread-1] INFO  storage.RaftStorage (RaftStorage.java:format(84)) - Storage directory /workdir/hadoop-ozone/integration-test/target/test-dir/MiniOzoneClusterImpl-fe6c72de-2298-40be-9e1b-01151ba7612c/datanode-4/data/ratis/da55debb-aaff-41c7-bc96-cd6a605b2eb9 has been successfully formatted.
2019-10-04 23:27:42,807 [pool-393-thread-1] INFO  storage.RaftStorage (RaftStorage.java:format(84)) - Storage directory /workdir/hadoop-ozone/integration-test/target/test-dir/MiniOzoneClusterImpl-fe6c72de-2298-40be-9e1b-01151ba7612c/datanode-1/data/ratis/da55debb-aaff-41c7-bc96-cd6a605b2eb9 has been successfully formatted.
2019-10-04 23:27:42,807 [pool-403-thread-1] INFO  storage.RaftStorage (RaftStorage.java:format(84)) - Storage directory /workdir/hadoop-ozone/integration-test/target/test-dir/MiniOzoneClusterImpl-fe6c72de-2298-40be-9e1b-01151ba7612c/datanode-2/data/ratis/da55debb-aaff-41c7-bc96-cd6a605b2eb9 has been successfully formatted.
2019-10-04 23:27:42,808 [pool-423-thread-1] INFO  ratis.ContainerStateMachine (ContainerStateMachine.java:loadSnapshot(230)) - group-CD6A605B2EB9: The snapshot info is null. Setting the last applied indexto:(t:0, i:~)
2019-10-04 23:27:42,808 [pool-403-thread-1] INFO  ratis.ContainerStateMachine (ContainerStateMachine.java:loadSnapshot(230)) - group-CD6A605B2EB9: The snapshot info is null. Setting the last applied indexto:(t:0, i:~)
2019-10-04 23:27:42,808 [pool-393-thread-1] INFO  ratis.ContainerStateMachine (ContainerStateMachine.java:loadSnapshot(230)) - group-CD6A605B2EB9: The snapshot info is null. Setting the last applied indexto:(t:0, i:~)
2019-10-04 23:27:42,808 [pool-403-thread-1] INFO  server.RaftServerConfigKeys (ConfUtils.java:logGet(43)) - raft.server.notification.no-leader.timeout = 120s (custom)
2019-10-04 23:27:42,808 [pool-423-thread-1] INFO  server.RaftServerConfigKeys (ConfUtils.java:logGet(43)) - raft.server.notification.no-leader.timeout = 120s (custom)
2019-10-04 23:27:42,808 [pool-403-thread-1] INFO  server.RaftServerConfigKeys (ConfUtils.java:logGet(43)) - raft.server.log.use.memory = false (default)
2019-10-04 23:27:42,808 [pool-393-thread-1] INFO  server.RaftServerConfigKeys (ConfUtils.java:logGet(43)) - raft.server.notification.no-leader.timeout = 120s (custom)
2019-10-04 23:27:42,808 [pool-403-thread-1] INFO  server.RaftServerConfigKeys (ConfUtils.java:logGet(43)) - raft.server.log.purge.gap = 1000000 (custom)
2019-10-04 23:27:42,808 [pool-423-thread-1] INFO  server.RaftServerConfigKeys (ConfUtils.java:logGet(43)) - raft.server.log.use.memory = false (default)
2019-10-04 23:27:42,809 [pool-403-thread-1] INFO  server.RaftServerConfigKeys (ConfUtils.java:logGet(43)) - raft.server.log.appender.buffer.byte-limit = 33554432 (custom)
2019-10-04 23:27:42,809 [pool-393-thread-1] INFO  server.RaftServerConfigKeys (ConfUtils.java:logGet(43)) - raft.server.log.use.memory = false (default)
2019-10-04 23:27:42,809 [pool-403-thread-1] INFO  server.RaftServerConfigKeys (ConfUtils.java:logGet(43)) - raft.server.log.segment.size.max = 1048576 (custom)
2019-10-04 23:27:42,809 [pool-423-thread-1] INFO  server.RaftServerConfigKeys (ConfUtils.java:logGet(43)) - raft.server.log.purge.gap = 1000000 (custom)
2019-10-04 23:27:42,809 [pool-423-thread-1] INFO  server.RaftServerConfigKeys (ConfUtils.java:logGet(43)) - raft.server.log.appender.buffer.byte-limit = 33554432 (custom)
2019-10-04 23:27:42,809 [pool-403-thread-1] INFO  server.RaftServerConfigKeys (ConfUtils.java:logGet(43)) - raft.server.log.segment.cache.num.max = 2 (custom)
2019-10-04 23:27:42,809 [pool-393-thread-1] INFO  server.RaftServerConfigKeys (ConfUtils.java:logGet(43)) - raft.server.log.purge.gap = 1000000 (custom)
2019-10-04 23:27:42,810 [pool-403-thread-1] INFO  segmented.SegmentedRaftLogWorker (SegmentedRaftLogWorker.java:<init>(173)) - new be611e91-5c15-434b-beea-79ee2d552069@group-CD6A605B2EB9-SegmentedRaftLogWorker for RaftStorage:Storage Directory /workdir/hadoop-ozone/integration-test/target/test-dir/MiniOzoneClusterImpl-fe6c72de-2298-40be-9e1b-01151ba7612c/datanode-2/data/ratis/da55debb-aaff-41c7-bc96-cd6a605b2eb9
2019-10-04 23:27:42,809 [pool-423-thread-1] INFO  server.RaftServerConfigKeys (ConfUtils.java:logGet(43)) - raft.server.log.segment.size.max = 1048576 (custom)
2019-10-04 23:27:42,810 [pool-403-thread-1] INFO  server.RaftServerConfigKeys (ConfUtils.java:logGet(43)) - raft.server.log.queue.byte-limit = 2147483647 (custom)
2019-10-04 23:27:42,810 [pool-393-thread-1] INFO  server.RaftServerConfigKeys (ConfUtils.java:logGet(43)) - raft.server.log.appender.buffer.byte-limit = 33554432 (custom)
2019-10-04 23:27:42,810 [pool-403-thread-1] INFO  server.RaftServerConfigKeys (ConfUtils.java:logGet(43)) - raft.server.log.queue.element-limit = 1024 (custom)
2019-10-04 23:27:42,810 [pool-423-thread-1] INFO  server.RaftServerConfigKeys (ConfUtils.java:logGet(43)) - raft.server.log.segment.cache.num.max = 2 (custom)
2019-10-04 23:27:42,810 [pool-403-thread-1] INFO  server.RaftServerConfigKeys (ConfUtils.java:logGet(43)) - raft.server.log.segment.size.max = 1048576 (custom)
2019-10-04 23:27:42,810 [pool-393-thread-1] INFO  server.RaftServerConfigKeys (ConfUtils.java:logGet(43)) - raft.server.log.segment.size.max = 1048576 (custom)
2019-10-04 23:27:42,810 [pool-403-thread-1] INFO  server.RaftServerConfigKeys (ConfUtils.java:logGet(43)) - raft.server.log.preallocated.size = 16384 (custom)
2019-10-04 23:27:42,810 [pool-423-thread-1] INFO  segmented.SegmentedRaftLogWorker (SegmentedRaftLogWorker.java:<init>(173)) - new afdc8bf5-29ed-479c-9dae-86f4f31fd2a5@group-CD6A605B2EB9-SegmentedRaftLogWorker for RaftStorage:Storage Directory /workdir/hadoop-ozone/integration-test/target/test-dir/MiniOzoneClusterImpl-fe6c72de-2298-40be-9e1b-01151ba7612c/datanode-4/data/ratis/da55debb-aaff-41c7-bc96-cd6a605b2eb9
2019-10-04 23:27:42,810 [pool-403-thread-1] INFO  server.RaftServerConfigKeys (ConfUtils.java:logGet(43)) - raft.server.log.write.buffer.size = 33554432 (custom)
2019-10-04 23:27:42,810 [pool-393-thread-1] INFO  server.RaftServerConfigKeys (ConfUtils.java:logGet(43)) - raft.server.log.segment.cache.num.max = 2 (custom)
2019-10-04 23:27:42,811 [pool-403-thread-1] INFO  server.RaftServerConfigKeys (ConfUtils.java:logGet(43)) - raft.server.log.force.sync.num = 128 (default)
2019-10-04 23:27:42,811 [pool-423-thread-1] INFO  server.RaftServerConfigKeys (ConfUtils.java:logGet(43)) - raft.server.log.queue.byte-limit = 2147483647 (custom)
2019-10-04 23:27:42,811 [pool-403-thread-1] INFO  server.RaftServerConfigKeys (ConfUtils.java:logGet(43)) - raft.server.log.statemachine.data.sync = true (default)
2019-10-04 23:27:42,811 [pool-393-thread-1] INFO  segmented.SegmentedRaftLogWorker (SegmentedRaftLogWorker.java:<init>(173)) - new 439d019b-8ffc-486d-bcae-1928c8fd4871@group-CD6A605B2EB9-SegmentedRaftLogWorker for RaftStorage:Storage Directory /workdir/hadoop-ozone/integration-test/target/test-dir/MiniOzoneClusterImpl-fe6c72de-2298-40be-9e1b-01151ba7612c/datanode-1/data/ratis/da55debb-aaff-41c7-bc96-cd6a605b2eb9
2019-10-04 23:27:42,811 [pool-403-thread-1] INFO  server.RaftServerConfigKeys (ConfUtils.java:logGet(43)) - raft.server.log.statemachine.data.sync.timeout = 10s (default)
2019-10-04 23:27:42,811 [pool-423-thread-1] INFO  server.RaftServerConfigKeys (ConfUtils.java:logGet(43)) - raft.server.log.queue.element-limit = 1024 (custom)
2019-10-04 23:27:42,811 [pool-403-thread-1] INFO  server.RaftServerConfigKeys (ConfUtils.java:logGet(43)) - raft.server.log.statemachine.data.sync.timeout.retry = -1 (default)
2019-10-04 23:27:42,811 [pool-393-thread-1] INFO  server.RaftServerConfigKeys (ConfUtils.java:logGet(43)) - raft.server.log.queue.byte-limit = 2147483647 (custom)
2019-10-04 23:27:42,811 [pool-403-thread-1] INFO  server.RaftServerConfigKeys (ConfUtils.java:logGet(43)) - raft.server.log.statemachine.data.caching.enabled = true (custom)
2019-10-04 23:27:42,811 [pool-423-thread-1] INFO  server.RaftServerConfigKeys (ConfUtils.java:logGet(43)) - raft.server.log.segment.size.max = 1048576 (custom)
2019-10-04 23:27:42,811 [pool-393-thread-1] INFO  server.RaftServerConfigKeys (ConfUtils.java:logGet(43)) - raft.server.log.queue.element-limit = 1024 (custom)
2019-10-04 23:27:42,812 [pool-403-thread-1] INFO  segmented.SegmentedRaftLogWorker (SegmentedRaftLogWorker.java:lambda$new$0(128)) - be611e91-5c15-434b-beea-79ee2d552069@group-CD6A605B2EB9-SegmentedRaftLogWorker: flushIndex: setUnconditionally 0 -> -1
2019-10-04 23:27:42,812 [pool-423-thread-1] INFO  server.RaftServerConfigKeys (ConfUtils.java:logGet(43)) - raft.server.log.preallocated.size = 16384 (custom)
2019-10-04 23:27:42,812 [pool-393-thread-1] INFO  server.RaftServerConfigKeys (ConfUtils.java:logGet(43)) - raft.server.log.segment.size.max = 1048576 (custom)
2019-10-04 23:27:42,812 [pool-403-thread-1] INFO  server.RaftServerConfigKeys (ConfUtils.java:logGet(43)) - raft.server.snapshot.auto.trigger.enabled = true (custom)
2019-10-04 23:27:42,812 [pool-423-thread-1] INFO  server.RaftServerConfigKeys (ConfUtils.java:logGet(43)) - raft.server.log.write.buffer.size = 33554432 (custom)
2019-10-04 23:27:42,812 [pool-403-thread-1] INFO  server.RaftServerConfigKeys (ConfUtils.java:logGet(43)) - raft.server.snapshot.auto.trigger.threshold = 10000 (custom)
2019-10-04 23:27:42,812 [pool-393-thread-1] INFO  server.RaftServerConfigKeys (ConfUtils.java:logGet(43)) - raft.server.log.preallocated.size = 16384 (custom)
2019-10-04 23:27:42,812 [pool-403-thread-1] INFO  server.RaftServerConfigKeys (ConfUtils.java:logGet(43)) - raft.server.snapshot.retention.file.num = 5 (custom)
2019-10-04 23:27:42,812 [pool-423-thread-1] INFO  server.RaftServerConfigKeys (ConfUtils.java:logGet(43)) - raft.server.log.force.sync.num = 128 (default)
2019-10-04 23:27:42,812 [pool-403-thread-1] INFO  server.RaftServerConfigKeys (ConfUtils.java:logGet(43)) - raft.server.retrycache.expirytime = 600000ms (custom)
2019-10-04 23:27:42,812 [pool-393-thread-1] INFO  server.RaftServerConfigKeys (ConfUtils.java:logGet(43)) - raft.server.log.write.buffer.size = 33554432 (custom)
2019-10-04 23:27:42,812 [pool-423-thread-1] INFO  server.RaftServerConfigKeys (ConfUtils.java:logGet(43)) - raft.server.log.statemachine.data.sync = true (default)
2019-10-04 23:27:42,813 [pool-393-thread-1] INFO  server.RaftServerConfigKeys (ConfUtils.java:logGet(43)) - raft.server.log.force.sync.num = 128 (default)
2019-10-04 23:27:42,813 [pool-423-thread-1] INFO  server.RaftServerConfigKeys (ConfUtils.java:logGet(43)) - raft.server.log.statemachine.data.sync.timeout = 10s (default)
2019-10-04 23:27:42,813 [pool-393-thread-1] INFO  server.RaftServerConfigKeys (ConfUtils.java:logGet(43)) - raft.server.log.statemachine.data.sync = true (default)
2019-10-04 23:27:42,813 [pool-423-thread-1] INFO  server.RaftServerConfigKeys (ConfUtils.java:logGet(43)) - raft.server.log.statemachine.data.sync.timeout.retry = -1 (default)
2019-10-04 23:27:42,813 [pool-393-thread-1] INFO  server.RaftServerConfigKeys (ConfUtils.java:logGet(43)) - raft.server.log.statemachine.data.sync.timeout = 10s (default)
2019-10-04 23:27:42,813 [pool-423-thread-1] INFO  server.RaftServerConfigKeys (ConfUtils.java:logGet(43)) - raft.server.log.statemachine.data.caching.enabled = true (custom)
2019-10-04 23:27:42,813 [pool-393-thread-1] INFO  server.RaftServerConfigKeys (ConfUtils.java:logGet(43)) - raft.server.log.statemachine.data.sync.timeout.retry = -1 (default)
2019-10-04 23:27:42,813 [pool-423-thread-1] INFO  segmented.SegmentedRaftLogWorker (SegmentedRaftLogWorker.java:lambda$new$0(128)) - afdc8bf5-29ed-479c-9dae-86f4f31fd2a5@group-CD6A605B2EB9-SegmentedRaftLogWorker: flushIndex: setUnconditionally 0 -> -1
2019-10-04 23:27:42,814 [pool-393-thread-1] INFO  server.RaftServerConfigKeys (ConfUtils.java:logGet(43)) - raft.server.log.statemachine.data.caching.enabled = true (custom)
2019-10-04 23:27:42,814 [pool-403-thread-1] INFO  impl.RaftServerImpl (RaftServerImpl.java:start(181)) - be611e91-5c15-434b-beea-79ee2d552069@group-CD6A605B2EB9: start as a follower, conf=-1: [afdc8bf5-29ed-479c-9dae-86f4f31fd2a5:192.168.30.31:40455, 439d019b-8ffc-486d-bcae-1928c8fd4871:192.168.30.31:34962, be611e91-5c15-434b-beea-79ee2d552069:192.168.30.31:37649], old=null
2019-10-04 23:27:42,814 [pool-423-thread-1] INFO  server.RaftServerConfigKeys (ConfUtils.java:logGet(43)) - raft.server.snapshot.auto.trigger.enabled = true (custom)
2019-10-04 23:27:42,814 [pool-393-thread-1] INFO  segmented.SegmentedRaftLogWorker (SegmentedRaftLogWorker.java:lambda$new$0(128)) - 439d019b-8ffc-486d-bcae-1928c8fd4871@group-CD6A605B2EB9-SegmentedRaftLogWorker: flushIndex: setUnconditionally 0 -> -1
2019-10-04 23:27:42,814 [pool-403-thread-1] INFO  impl.RaftServerImpl (RaftServerImpl.java:setRole(170)) - be611e91-5c15-434b-beea-79ee2d552069@group-CD6A605B2EB9: changes role from      null to FOLLOWER at term 0 for startAsFollower
2019-10-04 23:27:42,814 [pool-423-thread-1] INFO  server.RaftServerConfigKeys (ConfUtils.java:logGet(43)) - raft.server.snapshot.auto.trigger.threshold = 10000 (custom)
2019-10-04 23:27:42,814 [pool-393-thread-1] INFO  server.RaftServerConfigKeys (ConfUtils.java:logGet(43)) - raft.server.snapshot.auto.trigger.enabled = true (custom)
2019-10-04 23:27:42,814 [pool-403-thread-1] INFO  impl.RoleInfo (RoleInfo.java:updateAndGet(143)) - be611e91-5c15-434b-beea-79ee2d552069: start FollowerState
2019-10-04 23:27:42,814 [pool-393-thread-1] INFO  server.RaftServerConfigKeys (ConfUtils.java:logGet(43)) - raft.server.snapshot.auto.trigger.threshold = 10000 (custom)
2019-10-04 23:27:42,814 [pool-423-thread-1] INFO  server.RaftServerConfigKeys (ConfUtils.java:logGet(43)) - raft.server.snapshot.retention.file.num = 5 (custom)
2019-10-04 23:27:42,814 [pool-393-thread-1] INFO  server.RaftServerConfigKeys (ConfUtils.java:logGet(43)) - raft.server.snapshot.retention.file.num = 5 (custom)
2019-10-04 23:27:42,815 [pool-423-thread-1] INFO  server.RaftServerConfigKeys (ConfUtils.java:logGet(43)) - raft.server.retrycache.expirytime = 600000ms (custom)
2019-10-04 23:27:42,815 [pool-403-thread-1] INFO  util.JmxRegister (JmxRegister.java:tryRegister(44)) - Successfully registered JMX Bean with object name Ratis:service=RaftServer,group=group-CD6A605B2EB9,id=be611e91-5c15-434b-beea-79ee2d552069
2019-10-04 23:27:42,815 [pool-393-thread-1] INFO  server.RaftServerConfigKeys (ConfUtils.java:logGet(43)) - raft.server.retrycache.expirytime = 600000ms (custom)
2019-10-04 23:27:42,817 [pool-423-thread-1] INFO  impl.RaftServerImpl (RaftServerImpl.java:start(181)) - afdc8bf5-29ed-479c-9dae-86f4f31fd2a5@group-CD6A605B2EB9: start as a follower, conf=-1: [afdc8bf5-29ed-479c-9dae-86f4f31fd2a5:192.168.30.31:40455, 439d019b-8ffc-486d-bcae-1928c8fd4871:192.168.30.31:34962, be611e91-5c15-434b-beea-79ee2d552069:192.168.30.31:37649], old=null
2019-10-04 23:27:42,818 [pool-423-thread-1] INFO  impl.RaftServerImpl (RaftServerImpl.java:setRole(170)) - afdc8bf5-29ed-479c-9dae-86f4f31fd2a5@group-CD6A605B2EB9: changes role from      null to FOLLOWER at term 0 for startAsFollower
2019-10-04 23:27:42,818 [pool-423-thread-1] INFO  impl.RoleInfo (RoleInfo.java:updateAndGet(143)) - afdc8bf5-29ed-479c-9dae-86f4f31fd2a5: start FollowerState
2019-10-04 23:27:42,818 [pool-393-thread-1] INFO  impl.RaftServerImpl (RaftServerImpl.java:start(181)) - 439d019b-8ffc-486d-bcae-1928c8fd4871@group-CD6A605B2EB9: start as a follower, conf=-1: [afdc8bf5-29ed-479c-9dae-86f4f31fd2a5:192.168.30.31:40455, 439d019b-8ffc-486d-bcae-1928c8fd4871:192.168.30.31:34962, be611e91-5c15-434b-beea-79ee2d552069:192.168.30.31:37649], old=null
2019-10-04 23:27:42,818 [pool-393-thread-1] INFO  impl.RaftServerImpl (RaftServerImpl.java:setRole(170)) - 439d019b-8ffc-486d-bcae-1928c8fd4871@group-CD6A605B2EB9: changes role from      null to FOLLOWER at term 0 for startAsFollower
2019-10-04 23:27:42,818 [pool-423-thread-1] INFO  util.JmxRegister (JmxRegister.java:tryRegister(44)) - Successfully registered JMX Bean with object name Ratis:service=RaftServer,group=group-CD6A605B2EB9,id=afdc8bf5-29ed-479c-9dae-86f4f31fd2a5
2019-10-04 23:27:42,818 [pool-393-thread-1] INFO  impl.RoleInfo (RoleInfo.java:updateAndGet(143)) - 439d019b-8ffc-486d-bcae-1928c8fd4871: start FollowerState
2019-10-04 23:27:42,818 [pool-393-thread-1] INFO  util.JmxRegister (JmxRegister.java:tryRegister(44)) - Successfully registered JMX Bean with object name Ratis:service=RaftServer,group=group-CD6A605B2EB9,id=439d019b-8ffc-486d-bcae-1928c8fd4871
2019-10-04 23:27:42,823 [RatisPipelineUtilsThread] INFO  pipeline.PipelineStateManager (PipelineStateManager.java:addPipeline(56)) - Created pipeline Pipeline[ Id: da55debb-aaff-41c7-bc96-cd6a605b2eb9, Nodes: be611e91-5c15-434b-beea-79ee2d552069{ip: 192.168.30.31, host: pr-hdds-2181-4swdh-1415433563, networkLocation: /default-rack, certSerialId: null}afdc8bf5-29ed-479c-9dae-86f4f31fd2a5{ip: 192.168.30.31, host: pr-hdds-2181-4swdh-1415433563, networkLocation: /default-rack, certSerialId: null}439d019b-8ffc-486d-bcae-1928c8fd4871{ip: 192.168.30.31, host: pr-hdds-2181-4swdh-1415433563, networkLocation: /default-rack, certSerialId: null}, Type:RATIS, Factor:THREE, State:OPEN]
2019-10-04 23:27:43,473 [main] INFO  ozone.MiniOzoneClusterImpl (MiniOzoneClusterImpl.java:lambda$waitForClusterToBeReady$0(147)) - Cluster is ready. Got 7 of 7 DN Heartbeats.
2019-10-04 23:27:43,499 [main] INFO  rpc.RpcClient (RpcClient.java:createVolume(277)) - Creating Volume: watchforcommithandlingtest, with jenkins1000 as owner.
2019-10-04 23:27:43,502 [IPC Server handler 1 on 38762] INFO  volume.OMVolumeCreateRequest (OMVolumeCreateRequest.java:validateAndUpdateCache(193)) - created volume:watchforcommithandlingtest for user:jenkins1000
2019-10-04 23:27:43,512 [main] INFO  rpc.RpcClient (RpcClient.java:createBucket(416)) - Creating Bucket: watchforcommithandlingtest/watchforcommithandlingtest, with Versioning false and Storage Type set to DISK and Encryption set to false 
2019-10-04 23:27:43,516 [main] INFO  ozone.MiniOzoneClusterImpl (MiniOzoneClusterImpl.java:getStorageContainerLocationClient(234)) - Creating StorageContainerLocationProtocol RPC client with address /0.0.0.0:35692
2019-10-04 23:27:45,096 [Thread-2308] INFO  container.ReplicationManager (ReplicationManager.java:start(162)) - Starting Replication Monitor Thread.
2019-10-04 23:27:45,101 [ReplicationMonitor] INFO  container.ReplicationManager (ReplicationManager.java:run(225)) - Replication Monitor Thread took 1 milliseconds for processing 1 containers.
2019-10-04 23:27:47,366 [Thread-2316] INFO  impl.FollowerState (FollowerState.java:run(108)) - be611e91-5c15-434b-beea-79ee2d552069@group-7514919FB053-FollowerState: change to CANDIDATE, lastRpcTime:5031ms, electionTimeout:5031ms
2019-10-04 23:27:47,367 [Thread-2316] INFO  impl.RoleInfo (RoleInfo.java:shutdownFollowerState(121)) - be611e91-5c15-434b-beea-79ee2d552069: shutdown FollowerState
2019-10-04 23:27:47,367 [Thread-2316] INFO  impl.RaftServerImpl (RaftServerImpl.java:setRole(170)) - be611e91-5c15-434b-beea-79ee2d552069@group-7514919FB053: changes role from  FOLLOWER to CANDIDATE at term 0 for changeToCandidate
2019-10-04 23:27:47,367 [Thread-2316] INFO  impl.RoleInfo (RoleInfo.java:updateAndGet(143)) - be611e91-5c15-434b-beea-79ee2d552069: start LeaderElection
2019-10-04 23:27:47,378 [Thread-2310] INFO  impl.FollowerState (FollowerState.java:run(108)) - 12cce3f2-65ae-4bed-9886-4e11986c06a3@group-2A0DC9F98687-FollowerState: change to CANDIDATE, lastRpcTime:5192ms, electionTimeout:5192ms
2019-10-04 23:27:47,378 [Thread-2310] INFO  impl.RoleInfo (RoleInfo.java:shutdownFollowerState(121)) - 12cce3f2-65ae-4bed-9886-4e11986c06a3: shutdown FollowerState
2019-10-04 23:27:47,378 [Thread-2310] INFO  impl.RaftServerImpl (RaftServerImpl.java:setRole(170)) - 12cce3f2-65ae-4bed-9886-4e11986c06a3@group-2A0DC9F98687: changes role from  FOLLOWER to CANDIDATE at term 0 for changeToCandidate
2019-10-04 23:27:47,379 [Thread-2310] INFO  impl.RoleInfo (RoleInfo.java:updateAndGet(143)) - 12cce3f2-65ae-4bed-9886-4e11986c06a3: start LeaderElection
2019-10-04 23:27:47,381 [Thread-2313] INFO  impl.FollowerState (FollowerState.java:run(108)) - 439d019b-8ffc-486d-bcae-1928c8fd4871@group-BEC4EEE8D268-FollowerState: change to CANDIDATE, lastRpcTime:5125ms, electionTimeout:5124ms
2019-10-04 23:27:47,385 [Thread-2313] INFO  impl.RoleInfo (RoleInfo.java:shutdownFollowerState(121)) - 439d019b-8ffc-486d-bcae-1928c8fd4871: shutdown FollowerState
2019-10-04 23:27:47,386 [Thread-2313] INFO  impl.RaftServerImpl (RaftServerImpl.java:setRole(170)) - 439d019b-8ffc-486d-bcae-1928c8fd4871@group-BEC4EEE8D268: changes role from  FOLLOWER to CANDIDATE at term 0 for changeToCandidate
2019-10-04 23:27:47,386 [Thread-2313] INFO  impl.RoleInfo (RoleInfo.java:updateAndGet(143)) - 439d019b-8ffc-486d-bcae-1928c8fd4871: start LeaderElection
2019-10-04 23:27:47,401 [12cce3f2-65ae-4bed-9886-4e11986c06a3@group-2A0DC9F98687-LeaderElection70] INFO  impl.LeaderElection (LeaderElection.java:askForVotes(178)) - 12cce3f2-65ae-4bed-9886-4e11986c06a3@group-2A0DC9F98687-LeaderElection70: begin an election at term 1 for -1: [12cce3f2-65ae-4bed-9886-4e11986c06a3:192.168.30.31:35704], old=null
2019-10-04 23:27:47,401 [be611e91-5c15-434b-beea-79ee2d552069@group-7514919FB053-LeaderElection69] INFO  impl.LeaderElection (LeaderElection.java:askForVotes(178)) - be611e91-5c15-434b-beea-79ee2d552069@group-7514919FB053-LeaderElection69: begin an election at term 1 for -1: [be611e91-5c15-434b-beea-79ee2d552069:192.168.30.31:37649], old=null
2019-10-04 23:27:47,401 [12cce3f2-65ae-4bed-9886-4e11986c06a3@group-2A0DC9F98687-LeaderElection70] INFO  impl.RoleInfo (RoleInfo.java:shutdownLeaderElection(134)) - 12cce3f2-65ae-4bed-9886-4e11986c06a3: shutdown LeaderElection
2019-10-04 23:27:47,401 [be611e91-5c15-434b-beea-79ee2d552069@group-7514919FB053-LeaderElection69] INFO  impl.RoleInfo (RoleInfo.java:shutdownLeaderElection(134)) - be611e91-5c15-434b-beea-79ee2d552069: shutdown LeaderElection
2019-10-04 23:27:47,401 [12cce3f2-65ae-4bed-9886-4e11986c06a3@group-2A0DC9F98687-LeaderElection70] INFO  impl.RaftServerImpl (RaftServerImpl.java:setRole(170)) - 12cce3f2-65ae-4bed-9886-4e11986c06a3@group-2A0DC9F98687: changes role from CANDIDATE to LEADER at term 1 for changeToLeader
2019-10-04 23:27:47,401 [be611e91-5c15-434b-beea-79ee2d552069@group-7514919FB053-LeaderElection69] INFO  impl.RaftServerImpl (RaftServerImpl.java:setRole(170)) - be611e91-5c15-434b-beea-79ee2d552069@group-7514919FB053: changes role from CANDIDATE to LEADER at term 1 for changeToLeader
2019-10-04 23:27:47,401 [12cce3f2-65ae-4bed-9886-4e11986c06a3@group-2A0DC9F98687-LeaderElection70] INFO  impl.RaftServerImpl (ServerState.java:setLeader(255)) - 12cce3f2-65ae-4bed-9886-4e11986c06a3@group-2A0DC9F98687: change Leader from null to 12cce3f2-65ae-4bed-9886-4e11986c06a3 at term 1 for becomeLeader, leader elected after 5226ms
2019-10-04 23:27:47,401 [be611e91-5c15-434b-beea-79ee2d552069@group-7514919FB053-LeaderElection69] INFO  impl.RaftServerImpl (ServerState.java:setLeader(255)) - be611e91-5c15-434b-beea-79ee2d552069@group-7514919FB053: change Leader from null to be611e91-5c15-434b-beea-79ee2d552069 at term 1 for becomeLeader, leader elected after 5075ms
2019-10-04 23:27:47,401 [12cce3f2-65ae-4bed-9886-4e11986c06a3@group-2A0DC9F98687-LeaderElection70] INFO  server.RaftServerConfigKeys (ConfUtils.java:logGet(43)) - raft.server.staging.catchup.gap = 1000 (default)
2019-10-04 23:27:47,401 [be611e91-5c15-434b-beea-79ee2d552069@group-7514919FB053-LeaderElection69] INFO  server.RaftServerConfigKeys (ConfUtils.java:logGet(43)) - raft.server.staging.catchup.gap = 1000 (default)
2019-10-04 23:27:47,402 [12cce3f2-65ae-4bed-9886-4e11986c06a3@group-2A0DC9F98687-LeaderElection70] INFO  server.RaftServerConfigKeys (ConfUtils.java:logGet(43)) - raft.server.rpc.sleep.time = 25ms (default)
2019-10-04 23:27:47,402 [be611e91-5c15-434b-beea-79ee2d552069@group-7514919FB053-LeaderElection69] INFO  server.RaftServerConfigKeys (ConfUtils.java:logGet(43)) - raft.server.rpc.sleep.time = 25ms (default)
2019-10-04 23:27:47,402 [12cce3f2-65ae-4bed-9886-4e11986c06a3@group-2A0DC9F98687-LeaderElection70] INFO  server.RaftServerConfigKeys (ConfUtils.java:logGet(43)) - raft.server.write.element-limit = 4096 (default)
2019-10-04 23:27:47,402 [be611e91-5c15-434b-beea-79ee2d552069@group-7514919FB053-LeaderElection69] INFO  server.RaftServerConfigKeys (ConfUtils.java:logGet(43)) - raft.server.write.element-limit = 4096 (default)
2019-10-04 23:27:47,402 [12cce3f2-65ae-4bed-9886-4e11986c06a3@group-2A0DC9F98687-LeaderElection70] INFO  server.RaftServerConfigKeys (ConfUtils.java:logGet(43)) - raft.server.watch.timeout = 10s (default)
2019-10-04 23:27:47,402 [be611e91-5c15-434b-beea-79ee2d552069@group-7514919FB053-LeaderElection69] INFO  server.RaftServerConfigKeys (ConfUtils.java:logGet(43)) - raft.server.watch.timeout = 10s (default)
2019-10-04 23:27:47,402 [12cce3f2-65ae-4bed-9886-4e11986c06a3@group-2A0DC9F98687-LeaderElection70] INFO  server.RaftServerConfigKeys (ConfUtils.java:logGet(43)) - raft.server.watch.timeout.denomination = 1s (default)
2019-10-04 23:27:47,402 [be611e91-5c15-434b-beea-79ee2d552069@group-7514919FB053-LeaderElection69] INFO  server.RaftServerConfigKeys (ConfUtils.java:logGet(43)) - raft.server.watch.timeout.denomination = 1s (default)
2019-10-04 23:27:47,402 [12cce3f2-65ae-4bed-9886-4e11986c06a3@group-2A0DC9F98687-LeaderElection70] INFO  server.RaftServerConfigKeys (ConfUtils.java:logGet(43)) - raft.server.watch.element-limit = 65536 (default)
2019-10-04 23:27:47,402 [be611e91-5c15-434b-beea-79ee2d552069@group-7514919FB053-LeaderElection69] INFO  server.RaftServerConfigKeys (ConfUtils.java:logGet(43)) - raft.server.watch.element-limit = 65536 (default)
2019-10-04 23:27:47,404 [12cce3f2-65ae-4bed-9886-4e11986c06a3@group-2A0DC9F98687-LeaderElection70] INFO  impl.RoleInfo (RoleInfo.java:updateAndGet(143)) - 12cce3f2-65ae-4bed-9886-4e11986c06a3: start LeaderState
2019-10-04 23:27:47,405 [be611e91-5c15-434b-beea-79ee2d552069@group-7514919FB053-LeaderElection69] INFO  impl.RoleInfo (RoleInfo.java:updateAndGet(143)) - be611e91-5c15-434b-beea-79ee2d552069: start LeaderState
2019-10-04 23:27:47,405 [be611e91-5c15-434b-beea-79ee2d552069@group-7514919FB053-LeaderElection69] INFO  segmented.SegmentedRaftLogWorker (SegmentedRaftLogWorker.java:startLogSegment(385)) - be611e91-5c15-434b-beea-79ee2d552069@group-7514919FB053-SegmentedRaftLogWorker: Starting segment from index:0
2019-10-04 23:27:47,405 [12cce3f2-65ae-4bed-9886-4e11986c06a3@group-2A0DC9F98687-LeaderElection70] INFO  segmented.SegmentedRaftLogWorker (SegmentedRaftLogWorker.java:startLogSegment(385)) - 12cce3f2-65ae-4bed-9886-4e11986c06a3@group-2A0DC9F98687-SegmentedRaftLogWorker: Starting segment from index:0
2019-10-04 23:27:47,406 [be611e91-5c15-434b-beea-79ee2d552069@group-7514919FB053-LeaderElection69] INFO  impl.RaftServerImpl (ServerState.java:setRaftConf(356)) - be611e91-5c15-434b-beea-79ee2d552069@group-7514919FB053: set configuration 0: [be611e91-5c15-434b-beea-79ee2d552069:192.168.30.31:37649], old=null at 0
2019-10-04 23:27:47,406 [12cce3f2-65ae-4bed-9886-4e11986c06a3@group-2A0DC9F98687-LeaderElection70] INFO  impl.RaftServerImpl (ServerState.java:setRaftConf(356)) - 12cce3f2-65ae-4bed-9886-4e11986c06a3@group-2A0DC9F98687: set configuration 0: [12cce3f2-65ae-4bed-9886-4e11986c06a3:192.168.30.31:35704], old=null at 0
2019-10-04 23:27:47,423 [439d019b-8ffc-486d-bcae-1928c8fd4871@group-BEC4EEE8D268-LeaderElection71] INFO  impl.LeaderElection (LeaderElection.java:askForVotes(178)) - 439d019b-8ffc-486d-bcae-1928c8fd4871@group-BEC4EEE8D268-LeaderElection71: begin an election at term 1 for -1: [439d019b-8ffc-486d-bcae-1928c8fd4871:192.168.30.31:34962], old=null
2019-10-04 23:27:47,423 [439d019b-8ffc-486d-bcae-1928c8fd4871@group-BEC4EEE8D268-LeaderElection71] INFO  impl.RoleInfo (RoleInfo.java:shutdownLeaderElection(134)) - 439d019b-8ffc-486d-bcae-1928c8fd4871: shutdown LeaderElection
2019-10-04 23:27:47,423 [439d019b-8ffc-486d-bcae-1928c8fd4871@group-BEC4EEE8D268-LeaderElection71] INFO  impl.RaftServerImpl (RaftServerImpl.java:setRole(170)) - 439d019b-8ffc-486d-bcae-1928c8fd4871@group-BEC4EEE8D268: changes role from CANDIDATE to LEADER at term 1 for changeToLeader
2019-10-04 23:27:47,423 [439d019b-8ffc-486d-bcae-1928c8fd4871@group-BEC4EEE8D268-LeaderElection71] INFO  impl.RaftServerImpl (ServerState.java:setLeader(255)) - 439d019b-8ffc-486d-bcae-1928c8fd4871@group-BEC4EEE8D268: change Leader from null to 439d019b-8ffc-486d-bcae-1928c8fd4871 at term 1 for becomeLeader, leader elected after 5172ms
2019-10-04 23:27:47,424 [439d019b-8ffc-486d-bcae-1928c8fd4871@group-BEC4EEE8D268-LeaderElection71] INFO  server.RaftServerConfigKeys (ConfUtils.java:logGet(43)) - raft.server.staging.catchup.gap = 1000 (default)
2019-10-04 23:27:47,424 [439d019b-8ffc-486d-bcae-1928c8fd4871@group-BEC4EEE8D268-LeaderElection71] INFO  server.RaftServerConfigKeys (ConfUtils.java:logGet(43)) - raft.server.rpc.sleep.time = 25ms (default)
2019-10-04 23:27:47,424 [439d019b-8ffc-486d-bcae-1928c8fd4871@group-BEC4EEE8D268-LeaderElection71] INFO  server.RaftServerConfigKeys (ConfUtils.java:logGet(43)) - raft.server.write.element-limit = 4096 (default)
2019-10-04 23:27:47,424 [439d019b-8ffc-486d-bcae-1928c8fd4871@group-BEC4EEE8D268-LeaderElection71] INFO  server.RaftServerConfigKeys (ConfUtils.java:logGet(43)) - raft.server.watch.timeout = 10s (default)
2019-10-04 23:27:47,424 [439d019b-8ffc-486d-bcae-1928c8fd4871@group-BEC4EEE8D268-LeaderElection71] INFO  server.RaftServerConfigKeys (ConfUtils.java:logGet(43)) - raft.server.watch.timeout.denomination = 1s (default)
2019-10-04 23:27:47,424 [439d019b-8ffc-486d-bcae-1928c8fd4871@group-BEC4EEE8D268-LeaderElection71] INFO  server.RaftServerConfigKeys (ConfUtils.java:logGet(43)) - raft.server.watch.element-limit = 65536 (default)
2019-10-04 23:27:47,427 [439d019b-8ffc-486d-bcae-1928c8fd4871@group-BEC4EEE8D268-LeaderElection71] INFO  impl.RoleInfo (RoleInfo.java:updateAndGet(143)) - 439d019b-8ffc-486d-bcae-1928c8fd4871: start LeaderState
2019-10-04 23:27:47,427 [439d019b-8ffc-486d-bcae-1928c8fd4871@group-BEC4EEE8D268-LeaderElection71] INFO  segmented.SegmentedRaftLogWorker (SegmentedRaftLogWorker.java:startLogSegment(385)) - 439d019b-8ffc-486d-bcae-1928c8fd4871@group-BEC4EEE8D268-SegmentedRaftLogWorker: Starting segment from index:0
2019-10-04 23:27:47,427 [439d019b-8ffc-486d-bcae-1928c8fd4871@group-BEC4EEE8D268-LeaderElection71] INFO  impl.RaftServerImpl (ServerState.java:setRaftConf(356)) - 439d019b-8ffc-486d-bcae-1928c8fd4871@group-BEC4EEE8D268: set configuration 0: [439d019b-8ffc-486d-bcae-1928c8fd4871:192.168.30.31:34962], old=null at 0
2019-10-04 23:27:47,452 [be611e91-5c15-434b-beea-79ee2d552069@group-7514919FB053-SegmentedRaftLogWorker] INFO  segmented.SegmentedRaftLogWorker (SegmentedRaftLogWorker.java:execute(574)) - be611e91-5c15-434b-beea-79ee2d552069@group-7514919FB053-SegmentedRaftLogWorker: created new log segment /workdir/hadoop-ozone/integration-test/target/test-dir/MiniOzoneClusterImpl-fe6c72de-2298-40be-9e1b-01151ba7612c/datanode-2/data/ratis/cc97c2f5-8f10-4f8f-8272-7514919fb053/current/log_inprogress_0
2019-10-04 23:27:47,452 [12cce3f2-65ae-4bed-9886-4e11986c06a3@group-2A0DC9F98687-SegmentedRaftLogWorker] INFO  segmented.SegmentedRaftLogWorker (SegmentedRaftLogWorker.java:execute(574)) - 12cce3f2-65ae-4bed-9886-4e11986c06a3@group-2A0DC9F98687-SegmentedRaftLogWorker: created new log segment /workdir/hadoop-ozone/integration-test/target/test-dir/MiniOzoneClusterImpl-fe6c72de-2298-40be-9e1b-01151ba7612c/datanode-0/data/ratis/344cf916-7e93-4020-8348-2a0dc9f98687/current/log_inprogress_0
2019-10-04 23:27:47,476 [439d019b-8ffc-486d-bcae-1928c8fd4871@group-BEC4EEE8D268-SegmentedRaftLogWorker] INFO  segmented.SegmentedRaftLogWorker (SegmentedRaftLogWorker.java:execute(574)) - 439d019b-8ffc-486d-bcae-1928c8fd4871@group-BEC4EEE8D268-SegmentedRaftLogWorker: created new log segment /workdir/hadoop-ozone/integration-test/target/test-dir/MiniOzoneClusterImpl-fe6c72de-2298-40be-9e1b-01151ba7612c/datanode-1/data/ratis/574eed45-f107-4558-bc6d-bec4eee8d268/current/log_inprogress_0
2019-10-04 23:27:47,558 [Thread-2319] INFO  impl.FollowerState (FollowerState.java:run(108)) - f2b38fa1-d1fa-46e1-a7c8-4a42d0fbcda8@group-D93114CE9EF2-FollowerState: change to CANDIDATE, lastRpcTime:5150ms, electionTimeout:5150ms
2019-10-04 23:27:47,559 [Thread-2319] INFO  impl.RoleInfo (RoleInfo.java:shutdownFollowerState(121)) - f2b38fa1-d1fa-46e1-a7c8-4a42d0fbcda8: shutdown FollowerState
2019-10-04 23:27:47,559 [Thread-2319] INFO  impl.RaftServerImpl (RaftServerImpl.java:setRole(170)) - f2b38fa1-d1fa-46e1-a7c8-4a42d0fbcda8@group-D93114CE9EF2: changes role from  FOLLOWER to CANDIDATE at term 0 for changeToCandidate
2019-10-04 23:27:47,559 [Thread-2319] INFO  impl.RoleInfo (RoleInfo.java:updateAndGet(143)) - f2b38fa1-d1fa-46e1-a7c8-4a42d0fbcda8: start LeaderElection
2019-10-04 23:27:47,577 [f2b38fa1-d1fa-46e1-a7c8-4a42d0fbcda8@group-D93114CE9EF2-LeaderElection72] INFO  impl.LeaderElection (LeaderElection.java:askForVotes(178)) - f2b38fa1-d1fa-46e1-a7c8-4a42d0fbcda8@group-D93114CE9EF2-LeaderElection72: begin an election at term 1 for -1: [f2b38fa1-d1fa-46e1-a7c8-4a42d0fbcda8:192.168.30.31:42313], old=null
2019-10-04 23:27:47,577 [f2b38fa1-d1fa-46e1-a7c8-4a42d0fbcda8@group-D93114CE9EF2-LeaderElection72] INFO  impl.RoleInfo (RoleInfo.java:shutdownLeaderElection(134)) - f2b38fa1-d1fa-46e1-a7c8-4a42d0fbcda8: shutdown LeaderElection
2019-10-04 23:27:47,577 [f2b38fa1-d1fa-46e1-a7c8-4a42d0fbcda8@group-D93114CE9EF2-LeaderElection72] INFO  impl.RaftServerImpl (RaftServerImpl.java:setRole(170)) - f2b38fa1-d1fa-46e1-a7c8-4a42d0fbcda8@group-D93114CE9EF2: changes role from CANDIDATE to LEADER at term 1 for changeToLeader
2019-10-04 23:27:47,577 [f2b38fa1-d1fa-46e1-a7c8-4a42d0fbcda8@group-D93114CE9EF2-LeaderElection72] INFO  impl.RaftServerImpl (ServerState.java:setLeader(255)) - f2b38fa1-d1fa-46e1-a7c8-4a42d0fbcda8@group-D93114CE9EF2: change Leader from null to f2b38fa1-d1fa-46e1-a7c8-4a42d0fbcda8 at term 1 for becomeLeader, leader elected after 5175ms
2019-10-04 23:27:47,578 [f2b38fa1-d1fa-46e1-a7c8-4a42d0fbcda8@group-D93114CE9EF2-LeaderElection72] INFO  server.RaftServerConfigKeys (ConfUtils.java:logGet(43)) - raft.server.staging.catchup.gap = 1000 (default)
2019-10-04 23:27:47,578 [f2b38fa1-d1fa-46e1-a7c8-4a42d0fbcda8@group-D93114CE9EF2-LeaderElection72] INFO  server.RaftServerConfigKeys (ConfUtils.java:logGet(43)) - raft.server.rpc.sleep.time = 25ms (default)
2019-10-04 23:27:47,578 [f2b38fa1-d1fa-46e1-a7c8-4a42d0fbcda8@group-D93114CE9EF2-LeaderElection72] INFO  server.RaftServerConfigKeys (ConfUtils.java:logGet(43)) - raft.server.write.element-limit = 4096 (default)
2019-10-04 23:27:47,578 [f2b38fa1-d1fa-46e1-a7c8-4a42d0fbcda8@group-D93114CE9EF2-LeaderElection72] INFO  server.RaftServerConfigKeys (ConfUtils.java:logGet(43)) - raft.server.watch.timeout = 10s (default)
2019-10-04 23:27:47,578 [f2b38fa1-d1fa-46e1-a7c8-4a42d0fbcda8@group-D93114CE9EF2-LeaderElection72] INFO  server.RaftServerConfigKeys (ConfUtils.java:logGet(43)) - raft.server.watch.timeout.denomination = 1s (default)
2019-10-04 23:27:47,578 [f2b38fa1-d1fa-46e1-a7c8-4a42d0fbcda8@group-D93114CE9EF2-LeaderElection72] INFO  server.RaftServerConfigKeys (ConfUtils.java:logGet(43)) - raft.server.watch.element-limit = 65536 (default)
2019-10-04 23:27:47,580 [f2b38fa1-d1fa-46e1-a7c8-4a42d0fbcda8@group-D93114CE9EF2-LeaderElection72] INFO  impl.RoleInfo (RoleInfo.java:updateAndGet(143)) - f2b38fa1-d1fa-46e1-a7c8-4a42d0fbcda8: start LeaderState
2019-10-04 23:27:47,580 [f2b38fa1-d1fa-46e1-a7c8-4a42d0fbcda8@group-D93114CE9EF2-LeaderElection72] INFO  segmented.SegmentedRaftLogWorker (SegmentedRaftLogWorker.java:startLogSegment(385)) - f2b38fa1-d1fa-46e1-a7c8-4a42d0fbcda8@group-D93114CE9EF2-SegmentedRaftLogWorker: Starting segment from index:0
2019-10-04 23:27:47,580 [f2b38fa1-d1fa-46e1-a7c8-4a42d0fbcda8@group-D93114CE9EF2-LeaderElection72] INFO  impl.RaftServerImpl (ServerState.java:setRaftConf(356)) - f2b38fa1-d1fa-46e1-a7c8-4a42d0fbcda8@group-D93114CE9EF2: set configuration 0: [f2b38fa1-d1fa-46e1-a7c8-4a42d0fbcda8:192.168.30.31:42313], old=null at 0
2019-10-04 23:27:47,605 [Thread-2325] INFO  impl.FollowerState (FollowerState.java:run(108)) - e9ea880f-5e40-42f2-8cb7-504496c4d4f2@group-C2EC70D9450B-FollowerState: change to CANDIDATE, lastRpcTime:5038ms, electionTimeout:5030ms
2019-10-04 23:27:47,605 [Thread-2325] INFO  impl.RoleInfo (RoleInfo.java:shutdownFollowerState(121)) - e9ea880f-5e40-42f2-8cb7-504496c4d4f2: shutdown FollowerState
2019-10-04 23:27:47,605 [Thread-2325] INFO  impl.RaftServerImpl (RaftServerImpl.java:setRole(170)) - e9ea880f-5e40-42f2-8cb7-504496c4d4f2@group-C2EC70D9450B: changes role from  FOLLOWER to CANDIDATE at term 0 for changeToCandidate
2019-10-04 23:27:47,607 [Thread-2325] INFO  impl.RoleInfo (RoleInfo.java:updateAndGet(143)) - e9ea880f-5e40-42f2-8cb7-504496c4d4f2: start LeaderElection
2019-10-04 23:27:47,626 [f2b38fa1-d1fa-46e1-a7c8-4a42d0fbcda8@group-D93114CE9EF2-SegmentedRaftLogWorker] INFO  segmented.SegmentedRaftLogWorker (SegmentedRaftLogWorker.java:execute(574)) - f2b38fa1-d1fa-46e1-a7c8-4a42d0fbcda8@group-D93114CE9EF2-SegmentedRaftLogWorker: created new log segment /workdir/hadoop-ozone/integration-test/target/test-dir/MiniOzoneClusterImpl-fe6c72de-2298-40be-9e1b-01151ba7612c/datanode-3/data/ratis/39ae0a5a-7713-4530-82d3-d93114ce9ef2/current/log_inprogress_0
2019-10-04 23:27:47,628 [e9ea880f-5e40-42f2-8cb7-504496c4d4f2@group-C2EC70D9450B-LeaderElection73] INFO  impl.LeaderElection (LeaderElection.java:askForVotes(178)) - e9ea880f-5e40-42f2-8cb7-504496c4d4f2@group-C2EC70D9450B-LeaderElection73: begin an election at term 1 for -1: [e9ea880f-5e40-42f2-8cb7-504496c4d4f2:192.168.30.31:34064], old=null
2019-10-04 23:27:47,628 [e9ea880f-5e40-42f2-8cb7-504496c4d4f2@group-C2EC70D9450B-LeaderElection73] INFO  impl.RoleInfo (RoleInfo.java:shutdownLeaderElection(134)) - e9ea880f-5e40-42f2-8cb7-504496c4d4f2: shutdown LeaderElection
2019-10-04 23:27:47,628 [e9ea880f-5e40-42f2-8cb7-504496c4d4f2@group-C2EC70D9450B-LeaderElection73] INFO  impl.RaftServerImpl (RaftServerImpl.java:setRole(170)) - e9ea880f-5e40-42f2-8cb7-504496c4d4f2@group-C2EC70D9450B: changes role from CANDIDATE to LEADER at term 1 for changeToLeader
2019-10-04 23:27:47,628 [e9ea880f-5e40-42f2-8cb7-504496c4d4f2@group-C2EC70D9450B-LeaderElection73] INFO  impl.RaftServerImpl (ServerState.java:setLeader(255)) - e9ea880f-5e40-42f2-8cb7-504496c4d4f2@group-C2EC70D9450B: change Leader from null to e9ea880f-5e40-42f2-8cb7-504496c4d4f2 at term 1 for becomeLeader, leader elected after 5066ms
2019-10-04 23:27:47,628 [e9ea880f-5e40-42f2-8cb7-504496c4d4f2@group-C2EC70D9450B-LeaderElection73] INFO  server.RaftServerConfigKeys (ConfUtils.java:logGet(43)) - raft.server.staging.catchup.gap = 1000 (default)
2019-10-04 23:27:47,628 [e9ea880f-5e40-42f2-8cb7-504496c4d4f2@group-C2EC70D9450B-LeaderElection73] INFO  server.RaftServerConfigKeys (ConfUtils.java:logGet(43)) - raft.server.rpc.sleep.time = 25ms (default)
2019-10-04 23:27:47,628 [e9ea880f-5e40-42f2-8cb7-504496c4d4f2@group-C2EC70D9450B-LeaderElection73] INFO  server.RaftServerConfigKeys (ConfUtils.java:logGet(43)) - raft.server.write.element-limit = 4096 (default)
2019-10-04 23:27:47,628 [e9ea880f-5e40-42f2-8cb7-504496c4d4f2@group-C2EC70D9450B-LeaderElection73] INFO  server.RaftServerConfigKeys (ConfUtils.java:logGet(43)) - raft.server.watch.timeout = 10s (default)
2019-10-04 23:27:47,628 [e9ea880f-5e40-42f2-8cb7-504496c4d4f2@group-C2EC70D9450B-LeaderElection73] INFO  server.RaftServerConfigKeys (ConfUtils.java:logGet(43)) - raft.server.watch.timeout.denomination = 1s (default)
2019-10-04 23:27:47,628 [e9ea880f-5e40-42f2-8cb7-504496c4d4f2@group-C2EC70D9450B-LeaderElection73] INFO  server.RaftServerConfigKeys (ConfUtils.java:logGet(43)) - raft.server.watch.element-limit = 65536 (default)
2019-10-04 23:27:47,630 [e9ea880f-5e40-42f2-8cb7-504496c4d4f2@group-C2EC70D9450B-LeaderElection73] INFO  impl.RoleInfo (RoleInfo.java:updateAndGet(143)) - e9ea880f-5e40-42f2-8cb7-504496c4d4f2: start LeaderState
2019-10-04 23:27:47,630 [e9ea880f-5e40-42f2-8cb7-504496c4d4f2@group-C2EC70D9450B-LeaderElection73] INFO  segmented.SegmentedRaftLogWorker (SegmentedRaftLogWorker.java:startLogSegment(385)) - e9ea880f-5e40-42f2-8cb7-504496c4d4f2@group-C2EC70D9450B-SegmentedRaftLogWorker: Starting segment from index:0
2019-10-04 23:27:47,630 [e9ea880f-5e40-42f2-8cb7-504496c4d4f2@group-C2EC70D9450B-LeaderElection73] INFO  impl.RaftServerImpl (ServerState.java:setRaftConf(356)) - e9ea880f-5e40-42f2-8cb7-504496c4d4f2@group-C2EC70D9450B: set configuration 0: [e9ea880f-5e40-42f2-8cb7-504496c4d4f2:192.168.30.31:34064], old=null at 0
2019-10-04 23:27:47,672 [e9ea880f-5e40-42f2-8cb7-504496c4d4f2@group-C2EC70D9450B-SegmentedRaftLogWorker] INFO  segmented.SegmentedRaftLogWorker (SegmentedRaftLogWorker.java:execute(574)) - e9ea880f-5e40-42f2-8cb7-504496c4d4f2@group-C2EC70D9450B-SegmentedRaftLogWorker: created new log segment /workdir/hadoop-ozone/integration-test/target/test-dir/MiniOzoneClusterImpl-fe6c72de-2298-40be-9e1b-01151ba7612c/datanode-6/data/ratis/b1aa39cc-7408-422a-a806-c2ec70d9450b/current/log_inprogress_0
2019-10-04 23:27:47,676 [Thread-2322] INFO  impl.FollowerState (FollowerState.java:run(108)) - afdc8bf5-29ed-479c-9dae-86f4f31fd2a5@group-09669865F884-FollowerState: change to CANDIDATE, lastRpcTime:5184ms, electionTimeout:5184ms
2019-10-04 23:27:47,676 [Thread-2322] INFO  impl.RoleInfo (RoleInfo.java:shutdownFollowerState(121)) - afdc8bf5-29ed-479c-9dae-86f4f31fd2a5: shutdown FollowerState
2019-10-04 23:27:47,676 [Thread-2322] INFO  impl.RaftServerImpl (RaftServerImpl.java:setRole(170)) - afdc8bf5-29ed-479c-9dae-86f4f31fd2a5@group-09669865F884: changes role from  FOLLOWER to CANDIDATE at term 0 for changeToCandidate
2019-10-04 23:27:47,676 [Thread-2322] INFO  impl.RoleInfo (RoleInfo.java:updateAndGet(143)) - afdc8bf5-29ed-479c-9dae-86f4f31fd2a5: start LeaderElection
2019-10-04 23:27:47,696 [afdc8bf5-29ed-479c-9dae-86f4f31fd2a5@group-09669865F884-LeaderElection74] INFO  impl.LeaderElection (LeaderElection.java:askForVotes(178)) - afdc8bf5-29ed-479c-9dae-86f4f31fd2a5@group-09669865F884-LeaderElection74: begin an election at term 1 for -1: [afdc8bf5-29ed-479c-9dae-86f4f31fd2a5:192.168.30.31:40455], old=null
2019-10-04 23:27:47,696 [afdc8bf5-29ed-479c-9dae-86f4f31fd2a5@group-09669865F884-LeaderElection74] INFO  impl.RoleInfo (RoleInfo.java:shutdownLeaderElection(134)) - afdc8bf5-29ed-479c-9dae-86f4f31fd2a5: shutdown LeaderElection
2019-10-04 23:27:47,696 [afdc8bf5-29ed-479c-9dae-86f4f31fd2a5@group-09669865F884-LeaderElection74] INFO  impl.RaftServerImpl (RaftServerImpl.java:setRole(170)) - afdc8bf5-29ed-479c-9dae-86f4f31fd2a5@group-09669865F884: changes role from CANDIDATE to LEADER at term 1 for changeToLeader
2019-10-04 23:27:47,696 [afdc8bf5-29ed-479c-9dae-86f4f31fd2a5@group-09669865F884-LeaderElection74] INFO  impl.RaftServerImpl (ServerState.java:setLeader(255)) - afdc8bf5-29ed-479c-9dae-86f4f31fd2a5@group-09669865F884: change Leader from null to afdc8bf5-29ed-479c-9dae-86f4f31fd2a5 at term 1 for becomeLeader, leader elected after 5209ms
2019-10-04 23:27:47,696 [afdc8bf5-29ed-479c-9dae-86f4f31fd2a5@group-09669865F884-LeaderElection74] INFO  server.RaftServerConfigKeys (ConfUtils.java:logGet(43)) - raft.server.staging.catchup.gap = 1000 (default)
2019-10-04 23:27:47,696 [afdc8bf5-29ed-479c-9dae-86f4f31fd2a5@group-09669865F884-LeaderElection74] INFO  server.RaftServerConfigKeys (ConfUtils.java:logGet(43)) - raft.server.rpc.sleep.time = 25ms (default)
2019-10-04 23:27:47,696 [afdc8bf5-29ed-479c-9dae-86f4f31fd2a5@group-09669865F884-LeaderElection74] INFO  server.RaftServerConfigKeys (ConfUtils.java:logGet(43)) - raft.server.write.element-limit = 4096 (default)
2019-10-04 23:27:47,696 [afdc8bf5-29ed-479c-9dae-86f4f31fd2a5@group-09669865F884-LeaderElection74] INFO  server.RaftServerConfigKeys (ConfUtils.java:logGet(43)) - raft.server.watch.timeout = 10s (default)
2019-10-04 23:27:47,696 [afdc8bf5-29ed-479c-9dae-86f4f31fd2a5@group-09669865F884-LeaderElection74] INFO  server.RaftServerConfigKeys (ConfUtils.java:logGet(43)) - raft.server.watch.timeout.denomination = 1s (default)
2019-10-04 23:27:47,697 [afdc8bf5-29ed-479c-9dae-86f4f31fd2a5@group-09669865F884-LeaderElection74] INFO  server.RaftServerConfigKeys (ConfUtils.java:logGet(43)) - raft.server.watch.element-limit = 65536 (default)
2019-10-04 23:27:47,698 [afdc8bf5-29ed-479c-9dae-86f4f31fd2a5@group-09669865F884-LeaderElection74] INFO  impl.RoleInfo (RoleInfo.java:updateAndGet(143)) - afdc8bf5-29ed-479c-9dae-86f4f31fd2a5: start LeaderState
2019-10-04 23:27:47,698 [afdc8bf5-29ed-479c-9dae-86f4f31fd2a5@group-09669865F884-LeaderElection74] INFO  segmented.SegmentedRaftLogWorker (SegmentedRaftLogWorker.java:startLogSegment(385)) - afdc8bf5-29ed-479c-9dae-86f4f31fd2a5@group-09669865F884-SegmentedRaftLogWorker: Starting segment from index:0
2019-10-04 23:27:47,698 [afdc8bf5-29ed-479c-9dae-86f4f31fd2a5@group-09669865F884-LeaderElection74] INFO  impl.RaftServerImpl (ServerState.java:setRaftConf(356)) - afdc8bf5-29ed-479c-9dae-86f4f31fd2a5@group-09669865F884: set configuration 0: [afdc8bf5-29ed-479c-9dae-86f4f31fd2a5:192.168.30.31:40455], old=null at 0
2019-10-04 23:27:47,741 [afdc8bf5-29ed-479c-9dae-86f4f31fd2a5@group-09669865F884-SegmentedRaftLogWorker] INFO  segmented.SegmentedRaftLogWorker (SegmentedRaftLogWorker.java:execute(574)) - afdc8bf5-29ed-479c-9dae-86f4f31fd2a5@group-09669865F884-SegmentedRaftLogWorker: created new log segment /workdir/hadoop-ozone/integration-test/target/test-dir/MiniOzoneClusterImpl-fe6c72de-2298-40be-9e1b-01151ba7612c/datanode-4/data/ratis/d40542bd-1878-413b-82a5-09669865f884/current/log_inprogress_0
2019-10-04 23:27:47,773 [Thread-2332] INFO  impl.FollowerState (FollowerState.java:run(108)) - f2b38fa1-d1fa-46e1-a7c8-4a42d0fbcda8@group-B7B418724292-FollowerState: change to CANDIDATE, lastRpcTime:5051ms, electionTimeout:5051ms
2019-10-04 23:27:47,773 [Thread-2332] INFO  impl.RoleInfo (RoleInfo.java:shutdownFollowerState(121)) - f2b38fa1-d1fa-46e1-a7c8-4a42d0fbcda8: shutdown FollowerState
2019-10-04 23:27:47,773 [Thread-2332] INFO  impl.RaftServerImpl (RaftServerImpl.java:setRole(170)) - f2b38fa1-d1fa-46e1-a7c8-4a42d0fbcda8@group-B7B418724292: changes role from  FOLLOWER to CANDIDATE at term 0 for changeToCandidate
2019-10-04 23:27:47,773 [Thread-2332] INFO  impl.RoleInfo (RoleInfo.java:updateAndGet(143)) - f2b38fa1-d1fa-46e1-a7c8-4a42d0fbcda8: start LeaderElection
2019-10-04 23:27:47,778 [Thread-2334] INFO  impl.FollowerState (FollowerState.java:run(108)) - e9ea880f-5e40-42f2-8cb7-504496c4d4f2@group-B7B418724292-FollowerState: change to CANDIDATE, lastRpcTime:5053ms, electionTimeout:5051ms
2019-10-04 23:27:47,778 [Thread-2334] INFO  impl.RoleInfo (RoleInfo.java:shutdownFollowerState(121)) - e9ea880f-5e40-42f2-8cb7-504496c4d4f2: shutdown FollowerState
2019-10-04 23:27:47,778 [Thread-2334] INFO  impl.RaftServerImpl (RaftServerImpl.java:setRole(170)) - e9ea880f-5e40-42f2-8cb7-504496c4d4f2@group-B7B418724292: changes role from  FOLLOWER to CANDIDATE at term 0 for changeToCandidate
2019-10-04 23:27:47,778 [Thread-2334] INFO  impl.RoleInfo (RoleInfo.java:updateAndGet(143)) - e9ea880f-5e40-42f2-8cb7-504496c4d4f2: start LeaderElection
2019-10-04 23:27:47,830 [Thread-2328] INFO  impl.FollowerState (FollowerState.java:run(108)) - 1347d7b0-4b22-4fb3-8741-949f401eb748@group-C1FFCE999133-FollowerState: change to CANDIDATE, lastRpcTime:5185ms, electionTimeout:5185ms
2019-10-04 23:27:47,830 [Thread-2328] INFO  impl.RoleInfo (RoleInfo.java:shutdownFollowerState(121)) - 1347d7b0-4b22-4fb3-8741-949f401eb748: shutdown FollowerState
2019-10-04 23:27:47,830 [Thread-2328] INFO  impl.RaftServerImpl (RaftServerImpl.java:setRole(170)) - 1347d7b0-4b22-4fb3-8741-949f401eb748@group-C1FFCE999133: changes role from  FOLLOWER to CANDIDATE at term 0 for changeToCandidate
2019-10-04 23:27:47,830 [Thread-2328] INFO  impl.RoleInfo (RoleInfo.java:updateAndGet(143)) - 1347d7b0-4b22-4fb3-8741-949f401eb748: start LeaderElection
2019-10-04 23:27:47,862 [Thread-2335] INFO  impl.FollowerState (FollowerState.java:run(108)) - 12cce3f2-65ae-4bed-9886-4e11986c06a3@group-B7B418724292-FollowerState: change to CANDIDATE, lastRpcTime:5137ms, electionTimeout:5137ms
2019-10-04 23:27:47,862 [Thread-2335] INFO  impl.RoleInfo (RoleInfo.java:shutdownFollowerState(121)) - 12cce3f2-65ae-4bed-9886-4e11986c06a3: shutdown FollowerState
2019-10-04 23:27:47,862 [Thread-2335] INFO  impl.RaftServerImpl (RaftServerImpl.java:setRole(170)) - 12cce3f2-65ae-4bed-9886-4e11986c06a3@group-B7B418724292: changes role from  FOLLOWER to CANDIDATE at term 0 for changeToCandidate
2019-10-04 23:27:47,862 [Thread-2335] INFO  impl.RoleInfo (RoleInfo.java:updateAndGet(143)) - 12cce3f2-65ae-4bed-9886-4e11986c06a3: start LeaderElection
2019-10-04 23:27:47,918 [Thread-2340] INFO  impl.FollowerState (FollowerState.java:run(108)) - be611e91-5c15-434b-beea-79ee2d552069@group-CD6A605B2EB9-FollowerState: change to CANDIDATE, lastRpcTime:5103ms, electionTimeout:5103ms
2019-10-04 23:27:47,918 [Thread-2340] INFO  impl.RoleInfo (RoleInfo.java:shutdownFollowerState(121)) - be611e91-5c15-434b-beea-79ee2d552069: shutdown FollowerState
2019-10-04 23:27:47,918 [Thread-2340] INFO  impl.RaftServerImpl (RaftServerImpl.java:setRole(170)) - be611e91-5c15-434b-beea-79ee2d552069@group-CD6A605B2EB9: changes role from  FOLLOWER to CANDIDATE at term 0 for changeToCandidate
2019-10-04 23:27:47,918 [Thread-2340] INFO  impl.RoleInfo (RoleInfo.java:updateAndGet(143)) - be611e91-5c15-434b-beea-79ee2d552069: start LeaderElection
2019-10-04 23:27:47,928 [1347d7b0-4b22-4fb3-8741-949f401eb748@group-C1FFCE999133-LeaderElection77] INFO  impl.LeaderElection (LeaderElection.java:askForVotes(178)) - 1347d7b0-4b22-4fb3-8741-949f401eb748@group-C1FFCE999133-LeaderElection77: begin an election at term 1 for -1: [1347d7b0-4b22-4fb3-8741-949f401eb748:192.168.30.31:35663], old=null
2019-10-04 23:27:47,928 [e9ea880f-5e40-42f2-8cb7-504496c4d4f2@group-B7B418724292-LeaderElection76] INFO  impl.LeaderElection (LeaderElection.java:askForVotes(178)) - e9ea880f-5e40-42f2-8cb7-504496c4d4f2@group-B7B418724292-LeaderElection76: begin an election at term 1 for -1: [e9ea880f-5e40-42f2-8cb7-504496c4d4f2:192.168.30.31:34064, f2b38fa1-d1fa-46e1-a7c8-4a42d0fbcda8:192.168.30.31:42313, 12cce3f2-65ae-4bed-9886-4e11986c06a3:192.168.30.31:35704], old=null
2019-10-04 23:27:47,928 [1347d7b0-4b22-4fb3-8741-949f401eb748@group-C1FFCE999133-LeaderElection77] INFO  impl.RoleInfo (RoleInfo.java:shutdownLeaderElection(134)) - 1347d7b0-4b22-4fb3-8741-949f401eb748: shutdown LeaderElection
2019-10-04 23:27:47,928 [f2b38fa1-d1fa-46e1-a7c8-4a42d0fbcda8@group-B7B418724292-LeaderElection75] INFO  impl.LeaderElection (LeaderElection.java:askForVotes(178)) - f2b38fa1-d1fa-46e1-a7c8-4a42d0fbcda8@group-B7B418724292-LeaderElection75: begin an election at term 1 for -1: [e9ea880f-5e40-42f2-8cb7-504496c4d4f2:192.168.30.31:34064, f2b38fa1-d1fa-46e1-a7c8-4a42d0fbcda8:192.168.30.31:42313, 12cce3f2-65ae-4bed-9886-4e11986c06a3:192.168.30.31:35704], old=null
2019-10-04 23:27:47,928 [12cce3f2-65ae-4bed-9886-4e11986c06a3@group-B7B418724292-LeaderElection78] INFO  impl.LeaderElection (LeaderElection.java:askForVotes(178)) - 12cce3f2-65ae-4bed-9886-4e11986c06a3@group-B7B418724292-LeaderElection78: begin an election at term 1 for -1: [e9ea880f-5e40-42f2-8cb7-504496c4d4f2:192.168.30.31:34064, f2b38fa1-d1fa-46e1-a7c8-4a42d0fbcda8:192.168.30.31:42313, 12cce3f2-65ae-4bed-9886-4e11986c06a3:192.168.30.31:35704], old=null
2019-10-04 23:27:47,928 [1347d7b0-4b22-4fb3-8741-949f401eb748@group-C1FFCE999133-LeaderElection77] INFO  impl.RaftServerImpl (RaftServerImpl.java:setRole(170)) - 1347d7b0-4b22-4fb3-8741-949f401eb748@group-C1FFCE999133: changes role from CANDIDATE to LEADER at term 1 for changeToLeader
2019-10-04 23:27:47,929 [1347d7b0-4b22-4fb3-8741-949f401eb748@group-C1FFCE999133-LeaderElection77] INFO  impl.RaftServerImpl (ServerState.java:setLeader(255)) - 1347d7b0-4b22-4fb3-8741-949f401eb748@group-C1FFCE999133: change Leader from null to 1347d7b0-4b22-4fb3-8741-949f401eb748 at term 1 for becomeLeader, leader elected after 5290ms
2019-10-04 23:27:47,929 [1347d7b0-4b22-4fb3-8741-949f401eb748@group-C1FFCE999133-LeaderElection77] INFO  server.RaftServerConfigKeys (ConfUtils.java:logGet(43)) - raft.server.staging.catchup.gap = 1000 (default)
2019-10-04 23:27:47,929 [1347d7b0-4b22-4fb3-8741-949f401eb748@group-C1FFCE999133-LeaderElection77] INFO  server.RaftServerConfigKeys (ConfUtils.java:logGet(43)) - raft.server.rpc.sleep.time = 25ms (default)
2019-10-04 23:27:47,929 [1347d7b0-4b22-4fb3-8741-949f401eb748@group-C1FFCE999133-LeaderElection77] INFO  server.RaftServerConfigKeys (ConfUtils.java:logGet(43)) - raft.server.write.element-limit = 4096 (default)
2019-10-04 23:27:47,929 [1347d7b0-4b22-4fb3-8741-949f401eb748@group-C1FFCE999133-LeaderElection77] INFO  server.RaftServerConfigKeys (ConfUtils.java:logGet(43)) - raft.server.watch.timeout = 10s (default)
2019-10-04 23:27:47,929 [1347d7b0-4b22-4fb3-8741-949f401eb748@group-C1FFCE999133-LeaderElection77] INFO  server.RaftServerConfigKeys (ConfUtils.java:logGet(43)) - raft.server.watch.timeout.denomination = 1s (default)
2019-10-04 23:27:47,930 [1347d7b0-4b22-4fb3-8741-949f401eb748@group-C1FFCE999133-LeaderElection77] INFO  server.RaftServerConfigKeys (ConfUtils.java:logGet(43)) - raft.server.watch.element-limit = 65536 (default)
2019-10-04 23:27:47,932 [1347d7b0-4b22-4fb3-8741-949f401eb748@group-C1FFCE999133-LeaderElection77] INFO  impl.RoleInfo (RoleInfo.java:updateAndGet(143)) - 1347d7b0-4b22-4fb3-8741-949f401eb748: start LeaderState
2019-10-04 23:27:47,932 [1347d7b0-4b22-4fb3-8741-949f401eb748@group-C1FFCE999133-LeaderElection77] INFO  segmented.SegmentedRaftLogWorker (SegmentedRaftLogWorker.java:startLogSegment(385)) - 1347d7b0-4b22-4fb3-8741-949f401eb748@group-C1FFCE999133-SegmentedRaftLogWorker: Starting segment from index:0
2019-10-04 23:27:47,933 [1347d7b0-4b22-4fb3-8741-949f401eb748@group-C1FFCE999133-LeaderElection77] INFO  impl.RaftServerImpl (ServerState.java:setRaftConf(356)) - 1347d7b0-4b22-4fb3-8741-949f401eb748@group-C1FFCE999133: set configuration 0: [1347d7b0-4b22-4fb3-8741-949f401eb748:192.168.30.31:35663], old=null at 0
2019-10-04 23:27:47,934 [f2b38fa1-d1fa-46e1-a7c8-4a42d0fbcda8@group-B7B418724292-LeaderElection75] INFO  impl.LeaderElection (LeaderElection.java:logAndReturn(56)) - f2b38fa1-d1fa-46e1-a7c8-4a42d0fbcda8@group-B7B418724292-LeaderElection75: Election REJECTED; received 2 response(s) [f2b38fa1-d1fa-46e1-a7c8-4a42d0fbcda8<-e9ea880f-5e40-42f2-8cb7-504496c4d4f2#0:FAIL-t1, f2b38fa1-d1fa-46e1-a7c8-4a42d0fbcda8<-12cce3f2-65ae-4bed-9886-4e11986c06a3#0:FAIL-t1] and 0 exception(s); f2b38fa1-d1fa-46e1-a7c8-4a42d0fbcda8@group-B7B418724292:t1, leader=null, voted=f2b38fa1-d1fa-46e1-a7c8-4a42d0fbcda8, raftlog=f2b38fa1-d1fa-46e1-a7c8-4a42d0fbcda8@group-B7B418724292-SegmentedRaftLog:OPENED:c-1,f-1,i0, conf=-1: [e9ea880f-5e40-42f2-8cb7-504496c4d4f2:192.168.30.31:34064, f2b38fa1-d1fa-46e1-a7c8-4a42d0fbcda8:192.168.30.31:42313, 12cce3f2-65ae-4bed-9886-4e11986c06a3:192.168.30.31:35704], old=null
2019-10-04 23:27:47,934 [12cce3f2-65ae-4bed-9886-4e11986c06a3@group-B7B418724292-LeaderElection78] INFO  impl.LeaderElection (LeaderElection.java:logAndReturn(56)) - 12cce3f2-65ae-4bed-9886-4e11986c06a3@group-B7B418724292-LeaderElection78: Election REJECTED; received 2 response(s) [12cce3f2-65ae-4bed-9886-4e11986c06a3<-e9ea880f-5e40-42f2-8cb7-504496c4d4f2#0:FAIL-t1, 12cce3f2-65ae-4bed-9886-4e11986c06a3<-f2b38fa1-d1fa-46e1-a7c8-4a42d0fbcda8#0:FAIL-t1] and 0 exception(s); 12cce3f2-65ae-4bed-9886-4e11986c06a3@group-B7B418724292:t1, leader=null, voted=12cce3f2-65ae-4bed-9886-4e11986c06a3, raftlog=12cce3f2-65ae-4bed-9886-4e11986c06a3@group-B7B418724292-SegmentedRaftLog:OPENED:c-1,f-1,i0, conf=-1: [e9ea880f-5e40-42f2-8cb7-504496c4d4f2:192.168.30.31:34064, f2b38fa1-d1fa-46e1-a7c8-4a42d0fbcda8:192.168.30.31:42313, 12cce3f2-65ae-4bed-9886-4e11986c06a3:192.168.30.31:35704], old=null
2019-10-04 23:27:47,934 [f2b38fa1-d1fa-46e1-a7c8-4a42d0fbcda8@group-B7B418724292-LeaderElection75] INFO  impl.RaftServerImpl (RaftServerImpl.java:setRole(170)) - f2b38fa1-d1fa-46e1-a7c8-4a42d0fbcda8@group-B7B418724292: changes role from CANDIDATE to FOLLOWER at term 1 for DISCOVERED_A_NEW_TERM
2019-10-04 23:27:47,938 [12cce3f2-65ae-4bed-9886-4e11986c06a3@group-B7B418724292-LeaderElection78] INFO  impl.RaftServerImpl (RaftServerImpl.java:setRole(170)) - 12cce3f2-65ae-4bed-9886-4e11986c06a3@group-B7B418724292: changes role from CANDIDATE to FOLLOWER at term 1 for DISCOVERED_A_NEW_TERM
2019-10-04 23:27:47,940 [12cce3f2-65ae-4bed-9886-4e11986c06a3@group-B7B418724292-LeaderElection78] INFO  impl.RoleInfo (RoleInfo.java:shutdownLeaderElection(134)) - 12cce3f2-65ae-4bed-9886-4e11986c06a3: shutdown LeaderElection
2019-10-04 23:27:47,938 [f2b38fa1-d1fa-46e1-a7c8-4a42d0fbcda8@group-B7B418724292-LeaderElection75] INFO  impl.RoleInfo (RoleInfo.java:shutdownLeaderElection(134)) - f2b38fa1-d1fa-46e1-a7c8-4a42d0fbcda8: shutdown LeaderElection
2019-10-04 23:27:47,940 [12cce3f2-65ae-4bed-9886-4e11986c06a3@group-B7B418724292-LeaderElection78] INFO  impl.RoleInfo (RoleInfo.java:updateAndGet(143)) - 12cce3f2-65ae-4bed-9886-4e11986c06a3: start FollowerState
2019-10-04 23:27:47,940 [e9ea880f-5e40-42f2-8cb7-504496c4d4f2@group-B7B418724292-LeaderElection76] INFO  impl.LeaderElection (LeaderElection.java:logAndReturn(56)) - e9ea880f-5e40-42f2-8cb7-504496c4d4f2@group-B7B418724292-LeaderElection76: Election REJECTED; received 2 response(s) [e9ea880f-5e40-42f2-8cb7-504496c4d4f2<-f2b38fa1-d1fa-46e1-a7c8-4a42d0fbcda8#0:FAIL-t1, e9ea880f-5e40-42f2-8cb7-504496c4d4f2<-12cce3f2-65ae-4bed-9886-4e11986c06a3#0:FAIL-t1] and 0 exception(s); e9ea880f-5e40-42f2-8cb7-504496c4d4f2@group-B7B418724292:t1, leader=null, voted=e9ea880f-5e40-42f2-8cb7-504496c4d4f2, raftlog=e9ea880f-5e40-42f2-8cb7-504496c4d4f2@group-B7B418724292-SegmentedRaftLog:OPENED:c-1,f-1,i0, conf=-1: [e9ea880f-5e40-42f2-8cb7-504496c4d4f2:192.168.30.31:34064, f2b38fa1-d1fa-46e1-a7c8-4a42d0fbcda8:192.168.30.31:42313, 12cce3f2-65ae-4bed-9886-4e11986c06a3:192.168.30.31:35704], old=null
2019-10-04 23:27:47,940 [f2b38fa1-d1fa-46e1-a7c8-4a42d0fbcda8@group-B7B418724292-LeaderElection75] INFO  impl.RoleInfo (RoleInfo.java:updateAndGet(143)) - f2b38fa1-d1fa-46e1-a7c8-4a42d0fbcda8: start FollowerState
2019-10-04 23:27:47,941 [e9ea880f-5e40-42f2-8cb7-504496c4d4f2@group-B7B418724292-LeaderElection76] INFO  impl.RaftServerImpl (RaftServerImpl.java:setRole(170)) - e9ea880f-5e40-42f2-8cb7-504496c4d4f2@group-B7B418724292: changes role from CANDIDATE to FOLLOWER at term 1 for DISCOVERED_A_NEW_TERM
2019-10-04 23:27:47,943 [e9ea880f-5e40-42f2-8cb7-504496c4d4f2@group-B7B418724292-LeaderElection76] INFO  impl.RoleInfo (RoleInfo.java:shutdownLeaderElection(134)) - e9ea880f-5e40-42f2-8cb7-504496c4d4f2: shutdown LeaderElection
2019-10-04 23:27:47,943 [e9ea880f-5e40-42f2-8cb7-504496c4d4f2@group-B7B418724292-LeaderElection76] INFO  impl.RoleInfo (RoleInfo.java:updateAndGet(143)) - e9ea880f-5e40-42f2-8cb7-504496c4d4f2: start FollowerState
2019-10-04 23:27:47,963 [be611e91-5c15-434b-beea-79ee2d552069@group-CD6A605B2EB9-LeaderElection79] INFO  impl.LeaderElection (LeaderElection.java:askForVotes(178)) - be611e91-5c15-434b-beea-79ee2d552069@group-CD6A605B2EB9-LeaderElection79: begin an election at term 1 for -1: [afdc8bf5-29ed-479c-9dae-86f4f31fd2a5:192.168.30.31:40455, 439d019b-8ffc-486d-bcae-1928c8fd4871:192.168.30.31:34962, be611e91-5c15-434b-beea-79ee2d552069:192.168.30.31:37649], old=null
2019-10-04 23:27:47,973 [grpc-default-executor-1] INFO  impl.RaftServerImpl (RaftServerImpl.java:setRole(170)) - afdc8bf5-29ed-479c-9dae-86f4f31fd2a5@group-CD6A605B2EB9: changes role from  FOLLOWER to FOLLOWER at term 1 for recognizeCandidate:be611e91-5c15-434b-beea-79ee2d552069
2019-10-04 23:27:47,973 [grpc-default-executor-7] INFO  impl.RaftServerImpl (RaftServerImpl.java:setRole(170)) - 439d019b-8ffc-486d-bcae-1928c8fd4871@group-CD6A605B2EB9: changes role from  FOLLOWER to FOLLOWER at term 1 for recognizeCandidate:be611e91-5c15-434b-beea-79ee2d552069
2019-10-04 23:27:47,973 [grpc-default-executor-1] INFO  impl.RoleInfo (RoleInfo.java:shutdownFollowerState(121)) - afdc8bf5-29ed-479c-9dae-86f4f31fd2a5: shutdown FollowerState
2019-10-04 23:27:47,974 [grpc-default-executor-7] INFO  impl.RoleInfo (RoleInfo.java:shutdownFollowerState(121)) - 439d019b-8ffc-486d-bcae-1928c8fd4871: shutdown FollowerState
2019-10-04 23:27:47,974 [grpc-default-executor-1] INFO  impl.RoleInfo (RoleInfo.java:updateAndGet(143)) - afdc8bf5-29ed-479c-9dae-86f4f31fd2a5: start FollowerState
2019-10-04 23:27:47,974 [grpc-default-executor-7] INFO  impl.RoleInfo (RoleInfo.java:updateAndGet(143)) - 439d019b-8ffc-486d-bcae-1928c8fd4871: start FollowerState
2019-10-04 23:27:47,974 [Thread-2345] INFO  impl.FollowerState (FollowerState.java:run(117)) - 439d019b-8ffc-486d-bcae-1928c8fd4871@group-CD6A605B2EB9-FollowerState was interrupted: java.lang.InterruptedException: sleep interrupted
2019-10-04 23:27:47,988 [1347d7b0-4b22-4fb3-8741-949f401eb748@group-C1FFCE999133-SegmentedRaftLogWorker] INFO  segmented.SegmentedRaftLogWorker (SegmentedRaftLogWorker.java:execute(574)) - 1347d7b0-4b22-4fb3-8741-949f401eb748@group-C1FFCE999133-SegmentedRaftLogWorker: created new log segment /workdir/hadoop-ozone/integration-test/target/test-dir/MiniOzoneClusterImpl-fe6c72de-2298-40be-9e1b-01151ba7612c/datanode-5/data/ratis/1ed57467-ea24-4671-bc9c-c1ffce999133/current/log_inprogress_0
2019-10-04 23:27:48,010 [be611e91-5c15-434b-beea-79ee2d552069@group-CD6A605B2EB9-LeaderElection79] INFO  impl.LeaderElection (LeaderElection.java:logAndReturn(56)) - be611e91-5c15-434b-beea-79ee2d552069@group-CD6A605B2EB9-LeaderElection79: Election PASSED; received 1 response(s) [be611e91-5c15-434b-beea-79ee2d552069<-afdc8bf5-29ed-479c-9dae-86f4f31fd2a5#0:OK-t1] and 0 exception(s); be611e91-5c15-434b-beea-79ee2d552069@group-CD6A605B2EB9:t1, leader=null, voted=be611e91-5c15-434b-beea-79ee2d552069, raftlog=be611e91-5c15-434b-beea-79ee2d552069@group-CD6A605B2EB9-SegmentedRaftLog:OPENED:c-1,f-1,i0, conf=-1: [afdc8bf5-29ed-479c-9dae-86f4f31fd2a5:192.168.30.31:40455, 439d019b-8ffc-486d-bcae-1928c8fd4871:192.168.30.31:34962, be611e91-5c15-434b-beea-79ee2d552069:192.168.30.31:37649], old=null
2019-10-04 23:27:48,010 [be611e91-5c15-434b-beea-79ee2d552069@group-CD6A605B2EB9-LeaderElection79] INFO  impl.RoleInfo (RoleInfo.java:shutdownLeaderElection(134)) - be611e91-5c15-434b-beea-79ee2d552069: shutdown LeaderElection
2019-10-04 23:27:48,011 [be611e91-5c15-434b-beea-79ee2d552069@group-CD6A605B2EB9-LeaderElection79] INFO  impl.RaftServerImpl (RaftServerImpl.java:setRole(170)) - be611e91-5c15-434b-beea-79ee2d552069@group-CD6A605B2EB9: changes role from CANDIDATE to LEADER at term 1 for changeToLeader
2019-10-04 23:27:48,011 [be611e91-5c15-434b-beea-79ee2d552069@group-CD6A605B2EB9-LeaderElection79] INFO  impl.RaftServerImpl (ServerState.java:setLeader(255)) - be611e91-5c15-434b-beea-79ee2d552069@group-CD6A605B2EB9: change Leader from null to be611e91-5c15-434b-beea-79ee2d552069 at term 1 for becomeLeader, leader elected after 5202ms
2019-10-04 23:27:48,011 [be611e91-5c15-434b-beea-79ee2d552069@group-CD6A605B2EB9-LeaderElection79] INFO  server.RaftServerConfigKeys (ConfUtils.java:logGet(43)) - raft.server.staging.catchup.gap = 1000 (default)
2019-10-04 23:27:48,011 [be611e91-5c15-434b-beea-79ee2d552069@group-CD6A605B2EB9-LeaderElection79] INFO  server.RaftServerConfigKeys (ConfUtils.java:logGet(43)) - raft.server.rpc.sleep.time = 25ms (default)
2019-10-04 23:27:48,011 [be611e91-5c15-434b-beea-79ee2d552069@group-CD6A605B2EB9-LeaderElection79] INFO  server.RaftServerConfigKeys (ConfUtils.java:logGet(43)) - raft.server.write.element-limit = 4096 (default)
2019-10-04 23:27:48,011 [be611e91-5c15-434b-beea-79ee2d552069@group-CD6A605B2EB9-LeaderElection79] INFO  server.RaftServerConfigKeys (ConfUtils.java:logGet(43)) - raft.server.watch.timeout = 10s (default)
2019-10-04 23:27:48,011 [be611e91-5c15-434b-beea-79ee2d552069@group-CD6A605B2EB9-LeaderElection79] INFO  server.RaftServerConfigKeys (ConfUtils.java:logGet(43)) - raft.server.watch.timeout.denomination = 1s (default)
2019-10-04 23:27:48,011 [be611e91-5c15-434b-beea-79ee2d552069@group-CD6A605B2EB9-LeaderElection79] INFO  server.RaftServerConfigKeys (ConfUtils.java:logGet(43)) - raft.server.watch.element-limit = 65536 (default)
2019-10-04 23:27:48,013 [be611e91-5c15-434b-beea-79ee2d552069@group-CD6A605B2EB9-LeaderElection79] INFO  server.RaftServerConfigKeys (ConfUtils.java:logGet(43)) - raft.server.log.appender.snapshot.chunk.size.max = 16MB (=16777216) (default)
2019-10-04 23:27:48,013 [be611e91-5c15-434b-beea-79ee2d552069@group-CD6A605B2EB9-LeaderElection79] INFO  server.RaftServerConfigKeys (ConfUtils.java:logGet(43)) - raft.server.log.appender.buffer.byte-limit = 33554432 (custom)
2019-10-04 23:27:48,013 [be611e91-5c15-434b-beea-79ee2d552069@group-CD6A605B2EB9-LeaderElection79] INFO  server.RaftServerConfigKeys (ConfUtils.java:logGet(43)) - raft.server.log.appender.buffer.element-limit = 1 (custom)
2019-10-04 23:27:48,013 [be611e91-5c15-434b-beea-79ee2d552069@group-CD6A605B2EB9-LeaderElection79] INFO  grpc.GrpcConfigKeys$Server (ConfUtils.java:logGet(43)) - raft.grpc.server.leader.outstanding.appends.max = 128 (default)
2019-10-04 23:27:48,013 [be611e91-5c15-434b-beea-79ee2d552069@group-CD6A605B2EB9-LeaderElection79] INFO  server.RaftServerConfigKeys (ConfUtils.java:logGet(43)) - raft.server.rpc.request.timeout = 3000ms (default)
2019-10-04 23:27:48,013 [be611e91-5c15-434b-beea-79ee2d552069@group-CD6A605B2EB9-LeaderElection79] INFO  server.RaftServerConfigKeys (ConfUtils.java:logGet(43)) - raft.server.log.appender.install.snapshot.enabled = false (custom)
2019-10-04 23:27:48,013 [be611e91-5c15-434b-beea-79ee2d552069@group-CD6A605B2EB9-LeaderElection79] INFO  server.RaftServerConfigKeys (ConfUtils.java:logGet(43)) - raft.server.log.appender.snapshot.chunk.size.max = 16MB (=16777216) (default)
2019-10-04 23:27:48,014 [be611e91-5c15-434b-beea-79ee2d552069@group-CD6A605B2EB9-LeaderElection79] INFO  server.RaftServerConfigKeys (ConfUtils.java:logGet(43)) - raft.server.log.appender.buffer.byte-limit = 33554432 (custom)
2019-10-04 23:27:48,014 [be611e91-5c15-434b-beea-79ee2d552069@group-CD6A605B2EB9-LeaderElection79] INFO  server.RaftServerConfigKeys (ConfUtils.java:logGet(43)) - raft.server.log.appender.buffer.element-limit = 1 (custom)
2019-10-04 23:27:48,014 [be611e91-5c15-434b-beea-79ee2d552069@group-CD6A605B2EB9-LeaderElection79] INFO  grpc.GrpcConfigKeys$Server (ConfUtils.java:logGet(43)) - raft.grpc.server.leader.outstanding.appends.max = 128 (default)
2019-10-04 23:27:48,014 [be611e91-5c15-434b-beea-79ee2d552069@group-CD6A605B2EB9-LeaderElection79] INFO  server.RaftServerConfigKeys (ConfUtils.java:logGet(43)) - raft.server.rpc.request.timeout = 3000ms (default)
2019-10-04 23:27:48,014 [be611e91-5c15-434b-beea-79ee2d552069@group-CD6A605B2EB9-LeaderElection79] INFO  server.RaftServerConfigKeys (ConfUtils.java:logGet(43)) - raft.server.log.appender.install.snapshot.enabled = false (custom)
2019-10-04 23:27:48,014 [be611e91-5c15-434b-beea-79ee2d552069@group-CD6A605B2EB9-LeaderElection79] INFO  impl.RoleInfo (RoleInfo.java:updateAndGet(143)) - be611e91-5c15-434b-beea-79ee2d552069: start LeaderState
2019-10-04 23:27:48,014 [be611e91-5c15-434b-beea-79ee2d552069@group-CD6A605B2EB9-LeaderElection79] INFO  segmented.SegmentedRaftLogWorker (SegmentedRaftLogWorker.java:startLogSegment(385)) - be611e91-5c15-434b-beea-79ee2d552069@group-CD6A605B2EB9-SegmentedRaftLogWorker: Starting segment from index:0
2019-10-04 23:27:48,015 [be611e91-5c15-434b-beea-79ee2d552069@group-CD6A605B2EB9-LeaderElection79] INFO  impl.RaftServerImpl (ServerState.java:setRaftConf(356)) - be611e91-5c15-434b-beea-79ee2d552069@group-CD6A605B2EB9: set configuration 0: [afdc8bf5-29ed-479c-9dae-86f4f31fd2a5:192.168.30.31:40455, 439d019b-8ffc-486d-bcae-1928c8fd4871:192.168.30.31:34962, be611e91-5c15-434b-beea-79ee2d552069:192.168.30.31:37649], old=null at 0
2019-10-04 23:27:48,045 [grpc-default-executor-1] INFO  impl.RaftServerImpl (ServerState.java:setLeader(255)) - 439d019b-8ffc-486d-bcae-1928c8fd4871@group-CD6A605B2EB9: change Leader from null to be611e91-5c15-434b-beea-79ee2d552069 at term 1 for appendEntries, leader elected after 5236ms
2019-10-04 23:27:48,060 [grpc-default-executor-7] INFO  impl.RaftServerImpl (ServerState.java:setLeader(255)) - afdc8bf5-29ed-479c-9dae-86f4f31fd2a5@group-CD6A605B2EB9: change Leader from null to be611e91-5c15-434b-beea-79ee2d552069 at term 1 for appendEntries, leader elected after 5252ms
2019-10-04 23:27:48,063 [grpc-default-executor-1] INFO  impl.RaftServerImpl (ServerState.java:setRaftConf(356)) - afdc8bf5-29ed-479c-9dae-86f4f31fd2a5@group-CD6A605B2EB9: set configuration 0: [afdc8bf5-29ed-479c-9dae-86f4f31fd2a5:192.168.30.31:40455, 439d019b-8ffc-486d-bcae-1928c8fd4871:192.168.30.31:34962, be611e91-5c15-434b-beea-79ee2d552069:192.168.30.31:37649], old=null at 0
2019-10-04 23:27:48,063 [grpc-default-executor-7] INFO  impl.RaftServerImpl (ServerState.java:setRaftConf(356)) - 439d019b-8ffc-486d-bcae-1928c8fd4871@group-CD6A605B2EB9: set configuration 0: [afdc8bf5-29ed-479c-9dae-86f4f31fd2a5:192.168.30.31:40455, 439d019b-8ffc-486d-bcae-1928c8fd4871:192.168.30.31:34962, be611e91-5c15-434b-beea-79ee2d552069:192.168.30.31:37649], old=null at 0
2019-10-04 23:27:48,064 [grpc-default-executor-1] INFO  segmented.SegmentedRaftLogWorker (SegmentedRaftLogWorker.java:startLogSegment(385)) - afdc8bf5-29ed-479c-9dae-86f4f31fd2a5@group-CD6A605B2EB9-SegmentedRaftLogWorker: Starting segment from index:0
2019-10-04 23:27:48,064 [grpc-default-executor-7] INFO  segmented.SegmentedRaftLogWorker (SegmentedRaftLogWorker.java:startLogSegment(385)) - 439d019b-8ffc-486d-bcae-1928c8fd4871@group-CD6A605B2EB9-SegmentedRaftLogWorker: Starting segment from index:0
2019-10-04 23:27:48,064 [be611e91-5c15-434b-beea-79ee2d552069@group-CD6A605B2EB9-SegmentedRaftLogWorker] INFO  segmented.SegmentedRaftLogWorker (SegmentedRaftLogWorker.java:execute(574)) - be611e91-5c15-434b-beea-79ee2d552069@group-CD6A605B2EB9-SegmentedRaftLogWorker: created new log segment /workdir/hadoop-ozone/integration-test/target/test-dir/MiniOzoneClusterImpl-fe6c72de-2298-40be-9e1b-01151ba7612c/datanode-2/data/ratis/da55debb-aaff-41c7-bc96-cd6a605b2eb9/current/log_inprogress_0
2019-10-04 23:27:48,106 [afdc8bf5-29ed-479c-9dae-86f4f31fd2a5@group-CD6A605B2EB9-SegmentedRaftLogWorker] INFO  segmented.SegmentedRaftLogWorker (SegmentedRaftLogWorker.java:execute(574)) - afdc8bf5-29ed-479c-9dae-86f4f31fd2a5@group-CD6A605B2EB9-SegmentedRaftLogWorker: created new log segment /workdir/hadoop-ozone/integration-test/target/test-dir/MiniOzoneClusterImpl-fe6c72de-2298-40be-9e1b-01151ba7612c/datanode-4/data/ratis/da55debb-aaff-41c7-bc96-cd6a605b2eb9/current/log_inprogress_0
2019-10-04 23:27:48,106 [439d019b-8ffc-486d-bcae-1928c8fd4871@group-CD6A605B2EB9-SegmentedRaftLogWorker] INFO  segmented.SegmentedRaftLogWorker (SegmentedRaftLogWorker.java:execute(574)) - 439d019b-8ffc-486d-bcae-1928c8fd4871@group-CD6A605B2EB9-SegmentedRaftLogWorker: created new log segment /workdir/hadoop-ozone/integration-test/target/test-dir/MiniOzoneClusterImpl-fe6c72de-2298-40be-9e1b-01151ba7612c/datanode-1/data/ratis/da55debb-aaff-41c7-bc96-cd6a605b2eb9/current/log_inprogress_0
2019-10-04 23:27:52,943 [Thread-2386] INFO  impl.FollowerState (FollowerState.java:run(108)) - 12cce3f2-65ae-4bed-9886-4e11986c06a3@group-B7B418724292-FollowerState: change to CANDIDATE, lastRpcTime:5002ms, electionTimeout:5002ms
2019-10-04 23:27:52,944 [Thread-2386] INFO  impl.RoleInfo (RoleInfo.java:shutdownFollowerState(121)) - 12cce3f2-65ae-4bed-9886-4e11986c06a3: shutdown FollowerState
2019-10-04 23:27:52,944 [Thread-2386] INFO  impl.RaftServerImpl (RaftServerImpl.java:setRole(170)) - 12cce3f2-65ae-4bed-9886-4e11986c06a3@group-B7B418724292: changes role from  FOLLOWER to CANDIDATE at term 1 for changeToCandidate
2019-10-04 23:27:52,944 [Thread-2386] INFO  impl.RoleInfo (RoleInfo.java:updateAndGet(143)) - 12cce3f2-65ae-4bed-9886-4e11986c06a3: start LeaderElection
2019-10-04 23:27:52,961 [12cce3f2-65ae-4bed-9886-4e11986c06a3@group-B7B418724292-LeaderElection80] INFO  impl.LeaderElection (LeaderElection.java:askForVotes(178)) - 12cce3f2-65ae-4bed-9886-4e11986c06a3@group-B7B418724292-LeaderElection80: begin an election at term 2 for -1: [e9ea880f-5e40-42f2-8cb7-504496c4d4f2:192.168.30.31:34064, f2b38fa1-d1fa-46e1-a7c8-4a42d0fbcda8:192.168.30.31:42313, 12cce3f2-65ae-4bed-9886-4e11986c06a3:192.168.30.31:35704], old=null
2019-10-04 23:27:52,963 [grpc-default-executor-1] INFO  impl.RaftServerImpl (RaftServerImpl.java:setRole(170)) - f2b38fa1-d1fa-46e1-a7c8-4a42d0fbcda8@group-B7B418724292: changes role from  FOLLOWER to FOLLOWER at term 2 for recognizeCandidate:12cce3f2-65ae-4bed-9886-4e11986c06a3
2019-10-04 23:27:52,963 [grpc-default-executor-7] INFO  impl.RaftServerImpl (RaftServerImpl.java:setRole(170)) - e9ea880f-5e40-42f2-8cb7-504496c4d4f2@group-B7B418724292: changes role from  FOLLOWER to FOLLOWER at term 2 for recognizeCandidate:12cce3f2-65ae-4bed-9886-4e11986c06a3
2019-10-04 23:27:52,964 [grpc-default-executor-1] INFO  impl.RoleInfo (RoleInfo.java:shutdownFollowerState(121)) - f2b38fa1-d1fa-46e1-a7c8-4a42d0fbcda8: shutdown FollowerState
2019-10-04 23:27:52,964 [grpc-default-executor-7] INFO  impl.RoleInfo (RoleInfo.java:shutdownFollowerState(121)) - e9ea880f-5e40-42f2-8cb7-504496c4d4f2: shutdown FollowerState
2019-10-04 23:27:52,964 [Thread-2387] INFO  impl.FollowerState (FollowerState.java:run(117)) - f2b38fa1-d1fa-46e1-a7c8-4a42d0fbcda8@group-B7B418724292-FollowerState was interrupted: java.lang.InterruptedException: sleep interrupted
2019-10-04 23:27:52,964 [grpc-default-executor-1] INFO  impl.RoleInfo (RoleInfo.java:updateAndGet(143)) - f2b38fa1-d1fa-46e1-a7c8-4a42d0fbcda8: start FollowerState
2019-10-04 23:27:52,966 [Thread-2388] INFO  impl.FollowerState (FollowerState.java:run(117)) - e9ea880f-5e40-42f2-8cb7-504496c4d4f2@group-B7B418724292-FollowerState was interrupted: java.lang.InterruptedException: sleep interrupted
2019-10-04 23:27:52,964 [grpc-default-executor-7] INFO  impl.RoleInfo (RoleInfo.java:updateAndGet(143)) - e9ea880f-5e40-42f2-8cb7-504496c4d4f2: start FollowerState
2019-10-04 23:27:52,982 [12cce3f2-65ae-4bed-9886-4e11986c06a3@group-B7B418724292-LeaderElection80] INFO  impl.LeaderElection (LeaderElection.java:logAndReturn(56)) - 12cce3f2-65ae-4bed-9886-4e11986c06a3@group-B7B418724292-LeaderElection80: Election PASSED; received 1 response(s) [12cce3f2-65ae-4bed-9886-4e11986c06a3<-f2b38fa1-d1fa-46e1-a7c8-4a42d0fbcda8#0:OK-t2] and 0 exception(s); 12cce3f2-65ae-4bed-9886-4e11986c06a3@group-B7B418724292:t2, leader=null, voted=12cce3f2-65ae-4bed-9886-4e11986c06a3, raftlog=12cce3f2-65ae-4bed-9886-4e11986c06a3@group-B7B418724292-SegmentedRaftLog:OPENED:c-1,f-1,i0, conf=-1: [e9ea880f-5e40-42f2-8cb7-504496c4d4f2:192.168.30.31:34064, f2b38fa1-d1fa-46e1-a7c8-4a42d0fbcda8:192.168.30.31:42313, 12cce3f2-65ae-4bed-9886-4e11986c06a3:192.168.30.31:35704], old=null
2019-10-04 23:27:52,982 [12cce3f2-65ae-4bed-9886-4e11986c06a3@group-B7B418724292-LeaderElection80] INFO  impl.RoleInfo (RoleInfo.java:shutdownLeaderElection(134)) - 12cce3f2-65ae-4bed-9886-4e11986c06a3: shutdown LeaderElection
2019-10-04 23:27:52,983 [12cce3f2-65ae-4bed-9886-4e11986c06a3@group-B7B418724292-LeaderElection80] INFO  impl.RaftServerImpl (RaftServerImpl.java:setRole(170)) - 12cce3f2-65ae-4bed-9886-4e11986c06a3@group-B7B418724292: changes role from CANDIDATE to LEADER at term 2 for changeToLeader
2019-10-04 23:27:52,983 [12cce3f2-65ae-4bed-9886-4e11986c06a3@group-B7B418724292-LeaderElection80] INFO  impl.RaftServerImpl (ServerState.java:setLeader(255)) - 12cce3f2-65ae-4bed-9886-4e11986c06a3@group-B7B418724292: change Leader from null to 12cce3f2-65ae-4bed-9886-4e11986c06a3 at term 2 for becomeLeader, leader elected after 10267ms
2019-10-04 23:27:52,983 [12cce3f2-65ae-4bed-9886-4e11986c06a3@group-B7B418724292-LeaderElection80] INFO  server.RaftServerConfigKeys (ConfUtils.java:logGet(43)) - raft.server.staging.catchup.gap = 1000 (default)
2019-10-04 23:27:52,983 [12cce3f2-65ae-4bed-9886-4e11986c06a3@group-B7B418724292-LeaderElection80] INFO  server.RaftServerConfigKeys (ConfUtils.java:logGet(43)) - raft.server.rpc.sleep.time = 25ms (default)
2019-10-04 23:27:52,983 [12cce3f2-65ae-4bed-9886-4e11986c06a3@group-B7B418724292-LeaderElection80] INFO  server.RaftServerConfigKeys (ConfUtils.java:logGet(43)) - raft.server.write.element-limit = 4096 (default)
2019-10-04 23:27:52,983 [12cce3f2-65ae-4bed-9886-4e11986c06a3@group-B7B418724292-LeaderElection80] INFO  server.RaftServerConfigKeys (ConfUtils.java:logGet(43)) - raft.server.watch.timeout = 10s (default)
2019-10-04 23:27:52,984 [12cce3f2-65ae-4bed-9886-4e11986c06a3@group-B7B418724292-LeaderElection80] INFO  server.RaftServerConfigKeys (ConfUtils.java:logGet(43)) - raft.server.watch.timeout.denomination = 1s (default)
2019-10-04 23:27:52,984 [12cce3f2-65ae-4bed-9886-4e11986c06a3@group-B7B418724292-LeaderElection80] INFO  server.RaftServerConfigKeys (ConfUtils.java:logGet(43)) - raft.server.watch.element-limit = 65536 (default)
2019-10-04 23:27:52,987 [12cce3f2-65ae-4bed-9886-4e11986c06a3@group-B7B418724292-LeaderElection80] INFO  server.RaftServerConfigKeys (ConfUtils.java:logGet(43)) - raft.server.log.appender.snapshot.chunk.size.max = 16MB (=16777216) (default)
2019-10-04 23:27:52,987 [12cce3f2-65ae-4bed-9886-4e11986c06a3@group-B7B418724292-LeaderElection80] INFO  server.RaftServerConfigKeys (ConfUtils.java:logGet(43)) - raft.server.log.appender.buffer.byte-limit = 33554432 (custom)
2019-10-04 23:27:52,987 [12cce3f2-65ae-4bed-9886-4e11986c06a3@group-B7B418724292-LeaderElection80] INFO  server.RaftServerConfigKeys (ConfUtils.java:logGet(43)) - raft.server.log.appender.buffer.element-limit = 1 (custom)
2019-10-04 23:27:52,987 [12cce3f2-65ae-4bed-9886-4e11986c06a3@group-B7B418724292-LeaderElection80] INFO  grpc.GrpcConfigKeys$Server (ConfUtils.java:logGet(43)) - raft.grpc.server.leader.outstanding.appends.max = 128 (default)
2019-10-04 23:27:52,987 [12cce3f2-65ae-4bed-9886-4e11986c06a3@group-B7B418724292-LeaderElection80] INFO  server.RaftServerConfigKeys (ConfUtils.java:logGet(43)) - raft.server.rpc.request.timeout = 3000ms (default)
2019-10-04 23:27:52,988 [12cce3f2-65ae-4bed-9886-4e11986c06a3@group-B7B418724292-LeaderElection80] INFO  server.RaftServerConfigKeys (ConfUtils.java:logGet(43)) - raft.server.log.appender.install.snapshot.enabled = false (custom)
2019-10-04 23:27:52,988 [12cce3f2-65ae-4bed-9886-4e11986c06a3@group-B7B418724292-LeaderElection80] INFO  server.RaftServerConfigKeys (ConfUtils.java:logGet(43)) - raft.server.log.appender.snapshot.chunk.size.max = 16MB (=16777216) (default)
2019-10-04 23:27:52,988 [12cce3f2-65ae-4bed-9886-4e11986c06a3@group-B7B418724292-LeaderElection80] INFO  server.RaftServerConfigKeys (ConfUtils.java:logGet(43)) - raft.server.log.appender.buffer.byte-limit = 33554432 (custom)
2019-10-04 23:27:52,988 [12cce3f2-65ae-4bed-9886-4e11986c06a3@group-B7B418724292-LeaderElection80] INFO  server.RaftServerConfigKeys (ConfUtils.java:logGet(43)) - raft.server.log.appender.buffer.element-limit = 1 (custom)
2019-10-04 23:27:52,988 [12cce3f2-65ae-4bed-9886-4e11986c06a3@group-B7B418724292-LeaderElection80] INFO  grpc.GrpcConfigKeys$Server (ConfUtils.java:logGet(43)) - raft.grpc.server.leader.outstanding.appends.max = 128 (default)
2019-10-04 23:27:52,988 [12cce3f2-65ae-4bed-9886-4e11986c06a3@group-B7B418724292-LeaderElection80] INFO  server.RaftServerConfigKeys (ConfUtils.java:logGet(43)) - raft.server.rpc.request.timeout = 3000ms (default)
2019-10-04 23:27:52,988 [12cce3f2-65ae-4bed-9886-4e11986c06a3@group-B7B418724292-LeaderElection80] INFO  server.RaftServerConfigKeys (ConfUtils.java:logGet(43)) - raft.server.log.appender.install.snapshot.enabled = false (custom)
2019-10-04 23:27:52,988 [12cce3f2-65ae-4bed-9886-4e11986c06a3@group-B7B418724292-LeaderElection80] INFO  impl.RoleInfo (RoleInfo.java:updateAndGet(143)) - 12cce3f2-65ae-4bed-9886-4e11986c06a3: start LeaderState
2019-10-04 23:27:52,989 [12cce3f2-65ae-4bed-9886-4e11986c06a3@group-B7B418724292-LeaderElection80] INFO  segmented.SegmentedRaftLogWorker (SegmentedRaftLogWorker.java:startLogSegment(385)) - 12cce3f2-65ae-4bed-9886-4e11986c06a3@group-B7B418724292-SegmentedRaftLogWorker: Starting segment from index:0
2019-10-04 23:27:52,989 [12cce3f2-65ae-4bed-9886-4e11986c06a3@group-B7B418724292-LeaderElection80] INFO  impl.RaftServerImpl (ServerState.java:setRaftConf(356)) - 12cce3f2-65ae-4bed-9886-4e11986c06a3@group-B7B418724292: set configuration 0: [e9ea880f-5e40-42f2-8cb7-504496c4d4f2:192.168.30.31:34064, f2b38fa1-d1fa-46e1-a7c8-4a42d0fbcda8:192.168.30.31:42313, 12cce3f2-65ae-4bed-9886-4e11986c06a3:192.168.30.31:35704], old=null at 0
2019-10-04 23:27:52,990 [grpc-default-executor-1] INFO  impl.RaftServerImpl (ServerState.java:setLeader(255)) - e9ea880f-5e40-42f2-8cb7-504496c4d4f2@group-B7B418724292: change Leader from null to 12cce3f2-65ae-4bed-9886-4e11986c06a3 at term 2 for appendEntries, leader elected after 10275ms
2019-10-04 23:27:53,016 [grpc-default-executor-7] INFO  impl.RaftServerImpl (ServerState.java:setLeader(255)) - f2b38fa1-d1fa-46e1-a7c8-4a42d0fbcda8@group-B7B418724292: change Leader from null to 12cce3f2-65ae-4bed-9886-4e11986c06a3 at term 2 for appendEntries, leader elected after 10301ms
2019-10-04 23:27:53,018 [grpc-default-executor-1] INFO  impl.RaftServerImpl (ServerState.java:setRaftConf(356)) - f2b38fa1-d1fa-46e1-a7c8-4a42d0fbcda8@group-B7B418724292: set configuration 0: [e9ea880f-5e40-42f2-8cb7-504496c4d4f2:192.168.30.31:34064, f2b38fa1-d1fa-46e1-a7c8-4a42d0fbcda8:192.168.30.31:42313, 12cce3f2-65ae-4bed-9886-4e11986c06a3:192.168.30.31:35704], old=null at 0
2019-10-04 23:27:53,018 [grpc-default-executor-7] INFO  impl.RaftServerImpl (ServerState.java:setRaftConf(356)) - e9ea880f-5e40-42f2-8cb7-504496c4d4f2@group-B7B418724292: set configuration 0: [e9ea880f-5e40-42f2-8cb7-504496c4d4f2:192.168.30.31:34064, f2b38fa1-d1fa-46e1-a7c8-4a42d0fbcda8:192.168.30.31:42313, 12cce3f2-65ae-4bed-9886-4e11986c06a3:192.168.30.31:35704], old=null at 0
2019-10-04 23:27:53,018 [grpc-default-executor-1] INFO  segmented.SegmentedRaftLogWorker (SegmentedRaftLogWorker.java:startLogSegment(385)) - f2b38fa1-d1fa-46e1-a7c8-4a42d0fbcda8@group-B7B418724292-SegmentedRaftLogWorker: Starting segment from index:0
2019-10-04 23:27:53,018 [grpc-default-executor-7] INFO  segmented.SegmentedRaftLogWorker (SegmentedRaftLogWorker.java:startLogSegment(385)) - e9ea880f-5e40-42f2-8cb7-504496c4d4f2@group-B7B418724292-SegmentedRaftLogWorker: Starting segment from index:0
2019-10-04 23:27:53,028 [12cce3f2-65ae-4bed-9886-4e11986c06a3@group-B7B418724292-SegmentedRaftLogWorker] INFO  segmented.SegmentedRaftLogWorker (SegmentedRaftLogWorker.java:execute(574)) - 12cce3f2-65ae-4bed-9886-4e11986c06a3@group-B7B418724292-SegmentedRaftLogWorker: created new log segment /workdir/hadoop-ozone/integration-test/target/test-dir/MiniOzoneClusterImpl-fe6c72de-2298-40be-9e1b-01151ba7612c/datanode-0/data/ratis/6c459cb7-bb9f-4a08-817f-b7b418724292/current/log_inprogress_0
2019-10-04 23:27:53,055 [e9ea880f-5e40-42f2-8cb7-504496c4d4f2@group-B7B418724292-SegmentedRaftLogWorker] INFO  segmented.SegmentedRaftLogWorker (SegmentedRaftLogWorker.java:execute(574)) - e9ea880f-5e40-42f2-8cb7-504496c4d4f2@group-B7B418724292-SegmentedRaftLogWorker: created new log segment /workdir/hadoop-ozone/integration-test/target/test-dir/MiniOzoneClusterImpl-fe6c72de-2298-40be-9e1b-01151ba7612c/datanode-6/data/ratis/6c459cb7-bb9f-4a08-817f-b7b418724292/current/log_inprogress_0
2019-10-04 23:27:53,057 [f2b38fa1-d1fa-46e1-a7c8-4a42d0fbcda8@group-B7B418724292-SegmentedRaftLogWorker] INFO  segmented.SegmentedRaftLogWorker (SegmentedRaftLogWorker.java:execute(574)) - f2b38fa1-d1fa-46e1-a7c8-4a42d0fbcda8@group-B7B418724292-SegmentedRaftLogWorker: created new log segment /workdir/hadoop-ozone/integration-test/target/test-dir/MiniOzoneClusterImpl-fe6c72de-2298-40be-9e1b-01151ba7612c/datanode-3/data/ratis/6c459cb7-bb9f-4a08-817f-b7b418724292/current/log_inprogress_0
2019-10-04 23:27:53,874 [Datanode State Machine Thread - 0] INFO  statemachine.DatanodeStateMachine (DatanodeStateMachine.java:lambda$startDaemon$0(350)) - Ozone container server started.
2019-10-04 23:27:58,838 [main] INFO  ozoneimpl.OzoneContainer (OzoneContainer.java:stop(231)) - Attempting to stop container services.
2019-10-04 23:27:58,840 [main] INFO  impl.RaftServerProxy (RaftServerProxy.java:lambda$close$4(314)) - f2b38fa1-d1fa-46e1-a7c8-4a42d0fbcda8: close
2019-10-04 23:27:58,840 [main] INFO  impl.RaftServerImpl (RaftServerImpl.java:lambda$shutdown$3(247)) - f2b38fa1-d1fa-46e1-a7c8-4a42d0fbcda8@group-D93114CE9EF2: shutdown
2019-10-04 23:27:58,841 [main] INFO  util.JmxRegister (JmxRegister.java:unregister(73)) - Successfully un-registered JMX Bean with object name Ratis:service=RaftServer,group=group-D93114CE9EF2,id=f2b38fa1-d1fa-46e1-a7c8-4a42d0fbcda8
2019-10-04 23:27:58,841 [main] INFO  impl.RoleInfo (RoleInfo.java:shutdownLeaderState(104)) - f2b38fa1-d1fa-46e1-a7c8-4a42d0fbcda8: shutdown LeaderState
2019-10-04 23:27:58,841 [main] INFO  impl.PendingRequests (PendingRequests.java:sendNotLeaderResponses(202)) - f2b38fa1-d1fa-46e1-a7c8-4a42d0fbcda8@group-D93114CE9EF2-PendingRequests: sendNotLeaderResponses
2019-10-04 23:27:58,842 [main] INFO  impl.StateMachineUpdater (StateMachineUpdater.java:stopAndJoin(136)) - f2b38fa1-d1fa-46e1-a7c8-4a42d0fbcda8@group-D93114CE9EF2-StateMachineUpdater: set stopIndex = 0
2019-10-04 23:27:58,842 [main] INFO  impl.RaftServerImpl (ServerState.java:close(387)) - f2b38fa1-d1fa-46e1-a7c8-4a42d0fbcda8@group-D93114CE9EF2: closes. applyIndex: 0
2019-10-04 23:27:58,843 [f2b38fa1-d1fa-46e1-a7c8-4a42d0fbcda8@group-D93114CE9EF2-SegmentedRaftLogWorker] INFO  segmented.SegmentedRaftLogWorker (SegmentedRaftLogWorker.java:run(316)) - f2b38fa1-d1fa-46e1-a7c8-4a42d0fbcda8@group-D93114CE9EF2-SegmentedRaftLogWorker was interrupted, exiting. There are 0 tasks remaining in the queue.
2019-10-04 23:27:58,848 [main] INFO  segmented.SegmentedRaftLogWorker (SegmentedRaftLogWorker.java:close(224)) - f2b38fa1-d1fa-46e1-a7c8-4a42d0fbcda8@group-D93114CE9EF2-SegmentedRaftLogWorker close()
2019-10-04 23:27:58,851 [main] INFO  impl.RaftServerImpl (RaftServerImpl.java:lambda$shutdown$3(247)) - f2b38fa1-d1fa-46e1-a7c8-4a42d0fbcda8@group-B7B418724292: shutdown
2019-10-04 23:27:58,851 [main] INFO  util.JmxRegister (JmxRegister.java:unregister(73)) - Successfully un-registered JMX Bean with object name Ratis:service=RaftServer,group=group-B7B418724292,id=f2b38fa1-d1fa-46e1-a7c8-4a42d0fbcda8
2019-10-04 23:27:58,851 [main] INFO  impl.RoleInfo (RoleInfo.java:shutdownFollowerState(121)) - f2b38fa1-d1fa-46e1-a7c8-4a42d0fbcda8: shutdown FollowerState
2019-10-04 23:27:58,851 [main] INFO  impl.StateMachineUpdater (StateMachineUpdater.java:stopAndJoin(136)) - f2b38fa1-d1fa-46e1-a7c8-4a42d0fbcda8@group-B7B418724292-StateMachineUpdater: set stopIndex = 2
2019-10-04 23:27:58,852 [f2b38fa1-d1fa-46e1-a7c8-4a42d0fbcda8@group-B7B418724292-StateMachineUpdater] INFO  ratis.ContainerStateMachine (ContainerStateMachine.java:takeSnapshot(293)) - group-B7B418724292: Taking a snapshot at:(t:2, i:1) file /workdir/hadoop-ozone/integration-test/target/test-dir/MiniOzoneClusterImpl-fe6c72de-2298-40be-9e1b-01151ba7612c/datanode-3/data/ratis/6c459cb7-bb9f-4a08-817f-b7b418724292/sm/snapshot.2_1
2019-10-04 23:27:58,852 [Thread-2417] INFO  impl.FollowerState (FollowerState.java:run(117)) - f2b38fa1-d1fa-46e1-a7c8-4a42d0fbcda8@group-B7B418724292-FollowerState was interrupted: java.lang.InterruptedException: sleep interrupted
2019-10-04 23:27:58,876 [f2b38fa1-d1fa-46e1-a7c8-4a42d0fbcda8@group-B7B418724292-StateMachineUpdater] INFO  ratis.ContainerStateMachine (ContainerStateMachine.java:takeSnapshot(304)) - group-B7B418724292: Finished taking a snapshot at:(t:2, i:1) file:/workdir/hadoop-ozone/integration-test/target/test-dir/MiniOzoneClusterImpl-fe6c72de-2298-40be-9e1b-01151ba7612c/datanode-3/data/ratis/6c459cb7-bb9f-4a08-817f-b7b418724292/sm/snapshot.2_1 time:24
2019-10-04 23:27:58,877 [f2b38fa1-d1fa-46e1-a7c8-4a42d0fbcda8@group-B7B418724292-StateMachineUpdater] INFO  impl.StateMachineUpdater (StateMachineUpdater.java:takeSnapshot(269)) - f2b38fa1-d1fa-46e1-a7c8-4a42d0fbcda8@group-B7B418724292-StateMachineUpdater: Took a snapshot at index 1
2019-10-04 23:27:58,877 [f2b38fa1-d1fa-46e1-a7c8-4a42d0fbcda8@group-B7B418724292-StateMachineUpdater] INFO  impl.StateMachineUpdater (StateMachineUpdater.java:lambda$new$0(84)) - f2b38fa1-d1fa-46e1-a7c8-4a42d0fbcda8@group-B7B418724292-StateMachineUpdater: snapshotIndex: updateIncreasingly -1 -> 1
2019-10-04 23:27:58,877 [f2b38fa1-d1fa-46e1-a7c8-4a42d0fbcda8@group-B7B418724292-StateMachineUpdater] INFO  ratis.ContainerStateMachine (ContainerStateMachine.java:takeSnapshot(293)) - group-B7B418724292: Taking a snapshot at:(t:2, i:1) file /workdir/hadoop-ozone/integration-test/target/test-dir/MiniOzoneClusterImpl-fe6c72de-2298-40be-9e1b-01151ba7612c/datanode-3/data/ratis/6c459cb7-bb9f-4a08-817f-b7b418724292/sm/snapshot.2_1
2019-10-04 23:27:58,891 [f2b38fa1-d1fa-46e1-a7c8-4a42d0fbcda8@group-B7B418724292-StateMachineUpdater] INFO  ratis.ContainerStateMachine (ContainerStateMachine.java:takeSnapshot(304)) - group-B7B418724292: Finished taking a snapshot at:(t:2, i:1) file:/workdir/hadoop-ozone/integration-test/target/test-dir/MiniOzoneClusterImpl-fe6c72de-2298-40be-9e1b-01151ba7612c/datanode-3/data/ratis/6c459cb7-bb9f-4a08-817f-b7b418724292/sm/snapshot.2_1 time:14
2019-10-04 23:27:58,892 [f2b38fa1-d1fa-46e1-a7c8-4a42d0fbcda8@group-B7B418724292-StateMachineUpdater] INFO  impl.StateMachineUpdater (StateMachineUpdater.java:takeSnapshot(269)) - f2b38fa1-d1fa-46e1-a7c8-4a42d0fbcda8@group-B7B418724292-StateMachineUpdater: Took a snapshot at index 1
2019-10-04 23:27:58,892 [f2b38fa1-d1fa-46e1-a7c8-4a42d0fbcda8@group-B7B418724292-StateMachineUpdater] INFO  impl.StateMachineUpdater (StateMachineUpdater.java:lambda$new$0(84)) - f2b38fa1-d1fa-46e1-a7c8-4a42d0fbcda8@group-B7B418724292-StateMachineUpdater: snapshotIndex: updateIncreasingly 1 -> 1
2019-10-04 23:27:58,892 [main] INFO  impl.RaftServerImpl (ServerState.java:close(387)) - f2b38fa1-d1fa-46e1-a7c8-4a42d0fbcda8@group-B7B418724292: closes. applyIndex: 2
2019-10-04 23:27:58,893 [f2b38fa1-d1fa-46e1-a7c8-4a42d0fbcda8@group-B7B418724292-SegmentedRaftLogWorker] INFO  segmented.SegmentedRaftLogWorker (SegmentedRaftLogWorker.java:run(316)) - f2b38fa1-d1fa-46e1-a7c8-4a42d0fbcda8@group-B7B418724292-SegmentedRaftLogWorker was interrupted, exiting. There are 0 tasks remaining in the queue.
2019-10-04 23:27:58,895 [main] INFO  segmented.SegmentedRaftLogWorker (SegmentedRaftLogWorker.java:close(224)) - f2b38fa1-d1fa-46e1-a7c8-4a42d0fbcda8@group-B7B418724292-SegmentedRaftLogWorker close()
2019-10-04 23:27:58,899 [main] INFO  server.GrpcService (GrpcService.java:closeImpl(164)) - f2b38fa1-d1fa-46e1-a7c8-4a42d0fbcda8: shutdown server with port 42313 now
2019-10-04 23:27:58,900 [grpc-default-executor-7] WARN  server.GrpcServerProtocolService (LogUtils.java:warn(134)) - f2b38fa1-d1fa-46e1-a7c8-4a42d0fbcda8: installSnapshot onError, lastRequest: 12cce3f2-65ae-4bed-9886-4e11986c06a3->f2b38fa1-d1fa-46e1-a7c8-4a42d0fbcda8#5-t2, previous=(t:2, i:2), leaderCommit=2, initializing? false, entries: <empty>: org.apache.ratis.thirdparty.io.grpc.StatusRuntimeException: CANCELLED: cancelled before receiving half close
2019-10-04 23:27:58,900 [main] INFO  server.GrpcService (GrpcService.java:closeImpl(172)) - f2b38fa1-d1fa-46e1-a7c8-4a42d0fbcda8: shutdown server with port 42313 successfully
2019-10-04 23:27:58,901 [grpc-default-executor-1] WARN  server.GrpcLogAppender (LogUtils.java:warn(134)) - 12cce3f2-65ae-4bed-9886-4e11986c06a3@group-B7B418724292->f2b38fa1-d1fa-46e1-a7c8-4a42d0fbcda8-AppendLogResponseHandler: Failed appendEntries: org.apache.ratis.thirdparty.io.grpc.StatusRuntimeException: CANCELLED: HTTP/2 error code: CANCEL
Received Rst Stream
2019-10-04 23:27:58,901 [grpc-default-executor-1] INFO  impl.FollowerInfo (FollowerInfo.java:lambda$new$0(51)) - 12cce3f2-65ae-4bed-9886-4e11986c06a3@group-B7B418724292->f2b38fa1-d1fa-46e1-a7c8-4a42d0fbcda8: nextIndex: updateUnconditionally 3 -> 2
2019-10-04 23:27:58,907 [refreshUsed-/workdir/hadoop-ozone/integration-test/target/test-dir/MiniOzoneClusterImpl-fe6c72de-2298-40be-9e1b-01151ba7612c/datanode-3/data/containers] WARN  fs.CachingGetSpaceUsed (CachingGetSpaceUsed.java:run(183)) - Thread Interrupted waiting to refresh disk information: sleep interrupted
2019-10-04 23:27:58,925 [main] INFO  utils.BackgroundService (BackgroundService.java:shutdown(148)) - Shutting down service BlockDeletingService
2019-10-04 23:27:58,931 [main] INFO  statemachine.DatanodeStateMachine (DatanodeStateMachine.java:stopDaemon(395)) - Ozone container server stopped.
2019-10-04 23:27:58,933 [main] INFO  handler.ContextHandler (ContextHandler.java:doStop(910)) - Stopped o.e.j.w.WebAppContext@581c9bb7{/,null,UNAVAILABLE}{/hddsDatanode}
2019-10-04 23:27:58,934 [main] INFO  server.AbstractConnector (AbstractConnector.java:doStop(318)) - Stopped ServerConnector@138f0661{HTTP/1.1,[http/1.1]}{0.0.0.0:0}
2019-10-04 23:27:58,934 [main] INFO  handler.ContextHandler (ContextHandler.java:doStop(910)) - Stopped o.e.j.s.ServletContextHandler@6459f4ea{/static,jar:file:/home/user/.m2/repository/org/apache/hadoop/hadoop-hdds-container-service/0.5.0-SNAPSHOT/hadoop-hdds-container-service-0.5.0-SNAPSHOT.jar!/webapps/static,UNAVAILABLE}
2019-10-04 23:27:58,934 [main] INFO  handler.ContextHandler (ContextHandler.java:doStop(910)) - Stopped o.e.j.s.ServletContextHandler@5d7dd549{/logs,file:///workdir/hadoop-ozone/integration-test/target/log,UNAVAILABLE}
2019-10-04 23:27:58,947 [grpc-default-executor-7] WARN  server.GrpcLogAppender (LogUtils.java:warn(134)) - 12cce3f2-65ae-4bed-9886-4e11986c06a3@group-B7B418724292->f2b38fa1-d1fa-46e1-a7c8-4a42d0fbcda8-AppendLogResponseHandler: Failed appendEntries: org.apache.ratis.thirdparty.io.grpc.StatusRuntimeException: UNAVAILABLE: io exception
2019-10-04 23:27:58,948 [grpc-default-executor-7] INFO  impl.FollowerInfo (FollowerInfo.java:lambda$new$0(51)) - 12cce3f2-65ae-4bed-9886-4e11986c06a3@group-B7B418724292->f2b38fa1-d1fa-46e1-a7c8-4a42d0fbcda8: nextIndex: updateUnconditionally 3 -> 2
2019-10-04 23:27:58,958 [grpc-default-executor-8] WARN  server.GrpcLogAppender (LogUtils.java:warn(134)) - 12cce3f2-65ae-4bed-9886-4e11986c06a3@group-B7B418724292->f2b38fa1-d1fa-46e1-a7c8-4a42d0fbcda8-AppendLogResponseHandler: Failed appendEntries: org.apache.ratis.thirdparty.io.grpc.StatusRuntimeException: UNAVAILABLE: io exception
2019-10-04 23:27:58,958 [grpc-default-executor-8] INFO  impl.FollowerInfo (FollowerInfo.java:lambda$new$0(51)) - 12cce3f2-65ae-4bed-9886-4e11986c06a3@group-B7B418724292->f2b38fa1-d1fa-46e1-a7c8-4a42d0fbcda8: nextIndex: updateUnconditionally 3 -> 2
2019-10-04 23:27:58,969 [grpc-default-executor-8] WARN  server.GrpcLogAppender (LogUtils.java:warn(134)) - 12cce3f2-65ae-4bed-9886-4e11986c06a3@group-B7B418724292->f2b38fa1-d1fa-46e1-a7c8-4a42d0fbcda8-AppendLogResponseHandler: Failed appendEntries: org.apache.ratis.thirdparty.io.grpc.StatusRuntimeException: UNAVAILABLE: io exception
2019-10-04 23:27:58,969 [grpc-default-executor-8] INFO  impl.FollowerInfo (FollowerInfo.java:lambda$new$0(51)) - 12cce3f2-65ae-4bed-9886-4e11986c06a3@group-B7B418724292->f2b38fa1-d1fa-46e1-a7c8-4a42d0fbcda8: nextIndex: updateUnconditionally 3 -> 2
2019-10-04 23:27:58,973 [EventQueue-IncrementalContainerReportForIncrementalContainerReportHandler] WARN  container.IncrementalContainerReportHandler (AbstractContainerReportHandler.java:updateContainerState(143)) - Container #1 is in OPEN state, but the datanode 12cce3f2-65ae-4bed-9886-4e11986c06a3{ip: 192.168.30.31, host: pr-hdds-2181-4swdh-1415433563, networkLocation: /default-rack, certSerialId: null} reports an CLOSING replica.
2019-10-04 23:27:58,984 [EventQueue-IncrementalContainerReportForIncrementalContainerReportHandler] WARN  container.IncrementalContainerReportHandler (AbstractContainerReportHandler.java:updateContainerState(143)) - Container #1 is in OPEN state, but the datanode e9ea880f-5e40-42f2-8cb7-504496c4d4f2{ip: 192.168.30.31, host: pr-hdds-2181-4swdh-1415433563, networkLocation: /default-rack, certSerialId: null} reports an CLOSING replica.
2019-10-04 23:27:59,038 [RatisApplyTransactionExecutor 1] INFO  interfaces.Container (KeyValueContainer.java:flushAndSyncDB(386)) - Container 1 is synced with bcsId 0.
2019-10-04 23:27:59,055 [RatisApplyTransactionExecutor 1] INFO  interfaces.Container (KeyValueContainer.java:flushAndSyncDB(386)) - Container 1 is synced with bcsId 0.
2019-10-04 23:27:59,057 [RatisApplyTransactionExecutor 1] INFO  interfaces.Container (KeyValueContainer.java:flushAndSyncDB(386)) - Container 1 is synced with bcsId 0.
2019-10-04 23:27:59,057 [RatisApplyTransactionExecutor 1] INFO  interfaces.Container (KeyValueContainer.java:flushAndSyncDB(386)) - Container 1 is synced with bcsId 0.
2019-10-04 23:27:59,061 [RatisApplyTransactionExecutor 1] INFO  interfaces.Container (KeyValueContainer.java:close(335)) - Container 1 is closed with bcsId 0.
2019-10-04 23:27:59,061 [RatisApplyTransactionExecutor 1] INFO  interfaces.Container (KeyValueContainer.java:close(335)) - Container 1 is closed with bcsId 0.
2019-10-04 23:27:59,074 [EventQueue-IncrementalContainerReportForIncrementalContainerReportHandler] WARN  container.IncrementalContainerReportHandler (AbstractContainerReportHandler.java:updateContainerState(143)) - Container #1 is in OPEN state, but the datanode 12cce3f2-65ae-4bed-9886-4e11986c06a3{ip: 192.168.30.31, host: pr-hdds-2181-4swdh-1415433563, networkLocation: /default-rack, certSerialId: null} reports an CLOSED replica.
2019-10-04 23:27:59,074 [EventQueue-IncrementalContainerReportForIncrementalContainerReportHandler] WARN  container.IncrementalContainerReportHandler (AbstractContainerReportHandler.java:updateContainerState(143)) - Container #1 is in OPEN state, but the datanode e9ea880f-5e40-42f2-8cb7-504496c4d4f2{ip: 192.168.30.31, host: pr-hdds-2181-4swdh-1415433563, networkLocation: /default-rack, certSerialId: null} reports an CLOSED replica.
2019-10-04 23:28:01,470 [grpc-default-executor-8] WARN  server.GrpcLogAppender (LogUtils.java:warn(134)) - 12cce3f2-65ae-4bed-9886-4e11986c06a3@group-B7B418724292->f2b38fa1-d1fa-46e1-a7c8-4a42d0fbcda8-AppendLogResponseHandler: Failed appendEntries: org.apache.ratis.thirdparty.io.grpc.StatusRuntimeException: UNAVAILABLE: io exception
2019-10-04 23:28:01,471 [grpc-default-executor-8] INFO  impl.FollowerInfo (FollowerInfo.java:lambda$new$0(51)) - 12cce3f2-65ae-4bed-9886-4e11986c06a3@group-B7B418724292->f2b38fa1-d1fa-46e1-a7c8-4a42d0fbcda8: nextIndex: updateUnconditionally 2 -> 1
2019-10-04 23:28:02,076 [main] WARN  scm.XceiverClientRatis (XceiverClientRatis.java:watchForCommit(292)) - 3 way commit failed on pipeline Pipeline[ Id: 6c459cb7-bb9f-4a08-817f-b7b418724292, Nodes: f2b38fa1-d1fa-46e1-a7c8-4a42d0fbcda8{ip: 192.168.30.31, host: pr-hdds-2181-4swdh-1415433563, networkLocation: /default-rack, certSerialId: null}e9ea880f-5e40-42f2-8cb7-504496c4d4f2{ip: 192.168.30.31, host: pr-hdds-2181-4swdh-1415433563, networkLocation: /default-rack, certSerialId: null}12cce3f2-65ae-4bed-9886-4e11986c06a3{ip: 192.168.30.31, host: pr-hdds-2181-4swdh-1415433563, networkLocation: /default-rack, certSerialId: null}, Type:RATIS, Factor:THREE, State:OPEN]
java.util.concurrent.TimeoutException
	at java.util.concurrent.CompletableFuture.timedGet(CompletableFuture.java:1771)
	at java.util.concurrent.CompletableFuture.get(CompletableFuture.java:1915)
	at org.apache.hadoop.hdds.scm.XceiverClientRatis.watchForCommit(XceiverClientRatis.java:289)
	at org.apache.hadoop.ozone.client.rpc.TestWatchForCommit.test2WayCommitForTimeoutException(TestWatchForCommit.java:391)
	at sun.reflect.NativeMethodAccessorImpl.invoke0(Native Method)
	at sun.reflect.NativeMethodAccessorImpl.invoke(NativeMethodAccessorImpl.java:62)
	at sun.reflect.DelegatingMethodAccessorImpl.invoke(DelegatingMethodAccessorImpl.java:43)
	at java.lang.reflect.Method.invoke(Method.java:498)
	at org.junit.runners.model.FrameworkMethod$1.runReflectiveCall(FrameworkMethod.java:47)
	at org.junit.internal.runners.model.ReflectiveCallable.run(ReflectiveCallable.java:12)
	at org.junit.runners.model.FrameworkMethod.invokeExplosively(FrameworkMethod.java:44)
	at org.junit.internal.runners.statements.InvokeMethod.evaluate(InvokeMethod.java:17)
	at org.junit.runners.ParentRunner.runLeaf(ParentRunner.java:271)
	at org.junit.runners.BlockJUnit4ClassRunner.runChild(BlockJUnit4ClassRunner.java:70)
	at org.junit.runners.BlockJUnit4ClassRunner.runChild(BlockJUnit4ClassRunner.java:50)
	at org.junit.runners.ParentRunner$3.run(ParentRunner.java:238)
	at org.junit.runners.ParentRunner$1.schedule(ParentRunner.java:63)
	at org.junit.runners.ParentRunner.runChildren(ParentRunner.java:236)
	at org.junit.runners.ParentRunner.access$000(ParentRunner.java:53)
	at org.junit.runners.ParentRunner$2.evaluate(ParentRunner.java:229)
	at org.junit.runners.ParentRunner.run(ParentRunner.java:309)
	at org.apache.maven.surefire.junit4.JUnit4Provider.execute(JUnit4Provider.java:365)
	at org.apache.maven.surefire.junit4.JUnit4Provider.executeWithRerun(JUnit4Provider.java:273)
	at org.apache.maven.surefire.junit4.JUnit4Provider.executeTestSet(JUnit4Provider.java:238)
	at org.apache.maven.surefire.junit4.JUnit4Provider.invoke(JUnit4Provider.java:159)
	at org.apache.maven.surefire.booter.ForkedBooter.invokeProviderInSameClassLoader(ForkedBooter.java:384)
	at org.apache.maven.surefire.booter.ForkedBooter.runSuitesInProcess(ForkedBooter.java:345)
	at org.apache.maven.surefire.booter.ForkedBooter.execute(ForkedBooter.java:126)
	at org.apache.maven.surefire.booter.ForkedBooter.main(ForkedBooter.java:418)
2019-10-04 23:28:02,082 [Thread-2459] INFO  client.GrpcClientProtocolService (GrpcClientProtocolService.java:lambda$processClientRequest$0(278)) - Failed RaftClientRequest:client-9A4EA67DBD6D->e9ea880f-5e40-42f2-8cb7-504496c4d4f2@group-B7B418724292, cid=106, seq=0, Watch-MAJORITY_COMMITTED(3), Message:<EMPTY>, reply=RaftClientReply:client-9A4EA67DBD6D->e9ea880f-5e40-42f2-8cb7-504496c4d4f2@group-B7B418724292, cid=106, FAILED org.apache.ratis.protocol.NotLeaderException: Server e9ea880f-5e40-42f2-8cb7-504496c4d4f2@group-B7B418724292 is not the leader 12cce3f2-65ae-4bed-9886-4e11986c06a3:192.168.30.31:35704, logIndex=0, commits[e9ea880f-5e40-42f2-8cb7-504496c4d4f2:c4, f2b38fa1-d1fa-46e1-a7c8-4a42d0fbcda8:c2, 12cce3f2-65ae-4bed-9886-4e11986c06a3:c4]
2019-10-04 23:28:03,971 [grpc-default-executor-7] WARN  server.GrpcLogAppender (LogUtils.java:warn(134)) - 12cce3f2-65ae-4bed-9886-4e11986c06a3@group-B7B418724292->f2b38fa1-d1fa-46e1-a7c8-4a42d0fbcda8-AppendLogResponseHandler: Failed appendEntries: org.apache.ratis.thirdparty.io.grpc.StatusRuntimeException: UNAVAILABLE: io exception
2019-10-04 23:28:03,974 [grpc-default-executor-7] INFO  impl.FollowerInfo (FollowerInfo.java:lambda$new$0(51)) - 12cce3f2-65ae-4bed-9886-4e11986c06a3@group-B7B418724292->f2b38fa1-d1fa-46e1-a7c8-4a42d0fbcda8: nextIndex: updateUnconditionally 1 -> 0
]]></system-out>
    <system-err><![CDATA[Oct 04, 2019 11:27:58 PM org.apache.ratis.thirdparty.io.grpc.internal.SerializingExecutor run
SEVERE: Exception while executing runnable org.apache.ratis.thirdparty.io.grpc.internal.ServerImpl$JumpToApplicationThreadServerStreamListener$1Closed@393b933e
org.apache.ratis.thirdparty.io.grpc.StatusRuntimeException: CANCELLED: call already cancelled
	at org.apache.ratis.thirdparty.io.grpc.Status.asRuntimeException(Status.java:517)
	at org.apache.ratis.thirdparty.io.grpc.stub.ServerCalls$ServerCallStreamObserverImpl.onCompleted(ServerCalls.java:356)
	at org.apache.ratis.grpc.server.GrpcServerProtocolService$ServerRequestStreamObserver.onError(GrpcServerProtocolService.java:121)
	at org.apache.ratis.thirdparty.io.grpc.stub.ServerCalls$StreamingServerCallHandler$StreamingServerCallListener.onCancel(ServerCalls.java:269)
	at org.apache.ratis.thirdparty.io.grpc.internal.ServerCallImpl$ServerStreamListenerImpl.closed(ServerCallImpl.java:293)
	at org.apache.ratis.thirdparty.io.grpc.internal.ServerImpl$JumpToApplicationThreadServerStreamListener$1Closed.runInContext(ServerImpl.java:741)
	at org.apache.ratis.thirdparty.io.grpc.internal.ContextRunnable.run(ContextRunnable.java:37)
	at org.apache.ratis.thirdparty.io.grpc.internal.SerializingExecutor.run(SerializingExecutor.java:123)
	at java.util.concurrent.ThreadPoolExecutor.runWorker(ThreadPoolExecutor.java:1149)
	at java.util.concurrent.ThreadPoolExecutor$Worker.run(ThreadPoolExecutor.java:624)
	at java.lang.Thread.run(Thread.java:748)

]]></system-err>
  </testcase>
</testsuite>