<?xml version="1.0" encoding="UTF-8"?>
<testsuite xmlns:xsi="http://www.w3.org/2001/XMLSchema-instance" xsi:noNamespaceSchemaLocation="https://maven.apache.org/surefire/maven-surefire-plugin/xsd/surefire-test-report.xsd" name="org.apache.hadoop.ozone.client.rpc.TestWatchForCommit" time="245.397" tests="5" errors="1" skipped="0" failures="1">
  <properties>
    <property name="awt.toolkit" value="sun.awt.X11.XToolkit"/>
    <property name="file.encoding.pkg" value="sun.io"/>
    <property name="java.specification.version" value="1.8"/>
    <property name="sun.cpu.isalist" value=""/>
    <property name="sun.jnu.encoding" value="UTF-8"/>
    <property name="java.class.path" value="/workdir/hadoop-ozone/integration-test/target/test-classes:/workdir/hadoop-ozone/integration-test/target/classes:/home/user/.m2/repository/org/apache/hadoop/hadoop-ozone-common/0.5.0-SNAPSHOT/hadoop-ozone-common-0.5.0-SNAPSHOT.jar:/home/user/.m2/repository/org/apache/commons/commons-compress/1.4.1/commons-compress-1.4.1.jar:/home/user/.m2/repository/org/tukaani/xz/1.0/xz-1.0.jar:/home/user/.m2/repository/org/apache/hadoop/hadoop-common/3.2.0/hadoop-common-3.2.0.jar:/home/user/.m2/repository/org/apache/hadoop/hadoop-hdfs/3.2.0/hadoop-hdfs-3.2.0.jar:/home/user/.m2/repository/org/apache/hadoop/hadoop-hdfs-client/3.2.0/hadoop-hdfs-client-3.2.0.jar:/home/user/.m2/repository/com/fasterxml/jackson/core/jackson-annotations/2.9.9/jackson-annotations-2.9.9.jar:/home/user/.m2/repository/org/apache/hadoop/hadoop-hdds-common/0.5.0-SNAPSHOT/hadoop-hdds-common-0.5.0-SNAPSHOT.jar:/home/user/.m2/repository/javax/annotation/javax.annotation-api/1.2/javax.annotation-api-1.2.jar:/home/user/.m2/repository/org/apache/ratis/ratis-server/0.5.0-201fc85-SNAPSHOT/ratis-server-0.5.0-201fc85-SNAPSHOT.jar:/home/user/.m2/repository/org/apache/ratis/ratis-thirdparty-misc/0.2.0/ratis-thirdparty-misc-0.2.0.jar:/home/user/.m2/repository/org/apache/ratis/ratis-proto/0.5.0-201fc85-SNAPSHOT/ratis-proto-0.5.0-201fc85-SNAPSHOT.jar:/home/user/.m2/repository/org/apache/ratis/ratis-common/0.5.0-201fc85-SNAPSHOT/ratis-common-0.5.0-201fc85-SNAPSHOT.jar:/home/user/.m2/repository/org/apache/ratis/ratis-client/0.5.0-201fc85-SNAPSHOT/ratis-client-0.5.0-201fc85-SNAPSHOT.jar:/home/user/.m2/repository/org/apache/ratis/ratis-metrics/0.5.0-201fc85-SNAPSHOT/ratis-metrics-0.5.0-201fc85-SNAPSHOT.jar:/home/user/.m2/repository/com/github/joshelser/dropwizard-metrics-hadoop-metrics2-reporter/0.1.2/dropwizard-metrics-hadoop-metrics2-reporter-0.1.2.jar:/home/user/.m2/repository/io/dropwizard/metrics/metrics-jvm/3.2.5/metrics-jvm-3.2.5.jar:/home/user/.m2/repository/io/dropwizard/metrics/metrics-ganglia/3.2.5/metrics-ganglia-3.2.5.jar:/home/user/.m2/repository/info/ganglia/gmetric4j/gmetric4j/1.0.7/gmetric4j-1.0.7.jar:/home/user/.m2/repository/org/apache/ratis/ratis-netty/0.5.0-201fc85-SNAPSHOT/ratis-netty-0.5.0-201fc85-SNAPSHOT.jar:/home/user/.m2/repository/org/apache/ratis/ratis-grpc/0.5.0-201fc85-SNAPSHOT/ratis-grpc-0.5.0-201fc85-SNAPSHOT.jar:/home/user/.m2/repository/org/rocksdb/rocksdbjni/6.0.1/rocksdbjni-6.0.1.jar:/home/user/.m2/repository/org/apache/logging/log4j/log4j-api/2.11.0/log4j-api-2.11.0.jar:/home/user/.m2/repository/org/apache/logging/log4j/log4j-core/2.11.0/log4j-core-2.11.0.jar:/home/user/.m2/repository/com/lmax/disruptor/3.4.2/disruptor-3.4.2.jar:/home/user/.m2/repository/org/apache/commons/commons-pool2/2.6.0/commons-pool2-2.6.0.jar:/home/user/.m2/repository/org/bouncycastle/bcpkix-jdk15on/1.60/bcpkix-jdk15on-1.60.jar:/home/user/.m2/repository/commons-validator/commons-validator/1.6/commons-validator-1.6.jar:/home/user/.m2/repository/commons-digester/commons-digester/1.8.1/commons-digester-1.8.1.jar:/home/user/.m2/repository/io/jaegertracing/jaeger-client/0.34.0/jaeger-client-0.34.0.jar:/home/user/.m2/repository/io/jaegertracing/jaeger-thrift/0.34.0/jaeger-thrift-0.34.0.jar:/home/user/.m2/repository/org/apache/thrift/libthrift/0.12.0/libthrift-0.12.0.jar:/home/user/.m2/repository/com/squareup/okhttp3/okhttp/3.9.0/okhttp-3.9.0.jar:/home/user/.m2/repository/com/squareup/okio/okio/1.13.0/okio-1.13.0.jar:/home/user/.m2/repository/io/jaegertracing/jaeger-core/0.34.0/jaeger-core-0.34.0.jar:/home/user/.m2/repository/io/jaegertracing/jaeger-tracerresolver/0.34.0/jaeger-tracerresolver-0.34.0.jar:/home/user/.m2/repository/io/opentracing/contrib/opentracing-tracerresolver/0.1.5/opentracing-tracerresolver-0.1.5.jar:/home/user/.m2/repository/io/opentracing/opentracing-util/0.31.0/opentracing-util-0.31.0.jar:/home/user/.m2/repository/io/opentracing/opentracing-api/0.31.0/opentracing-api-0.31.0.jar:/home/user/.m2/repository/io/opentracing/opentracing-noop/0.31.0/opentracing-noop-0.31.0.jar:/home/user/.m2/repository/org/apache/hadoop/hadoop-hdds-server-framework/0.5.0-SNAPSHOT/hadoop-hdds-server-framework-0.5.0-SNAPSHOT.jar:/home/user/.m2/repository/org/apache/hadoop/hadoop-hdds-container-service/0.5.0-SNAPSHOT/hadoop-hdds-container-service-0.5.0-SNAPSHOT.jar:/home/user/.m2/repository/org/apache/hadoop/hadoop-hdds-client/0.5.0-SNAPSHOT/hadoop-hdds-client-0.5.0-SNAPSHOT.jar:/home/user/.m2/repository/org/apache/hadoop/hadoop-hdds-tools/0.5.0-SNAPSHOT/hadoop-hdds-tools-0.5.0-SNAPSHOT.jar:/home/user/.m2/repository/org/apache/hadoop/hadoop-hdds-server-scm/0.5.0-SNAPSHOT/hadoop-hdds-server-scm-0.5.0-SNAPSHOT.jar:/home/user/.m2/repository/org/apache/hadoop/hadoop-hdds-docs/0.5.0-SNAPSHOT/hadoop-hdds-docs-0.5.0-SNAPSHOT.jar:/home/user/.m2/repository/io/dropwizard/metrics/metrics-core/3.2.4/metrics-core-3.2.4.jar:/home/user/.m2/repository/org/hamcrest/hamcrest-all/1.3/hamcrest-all-1.3.jar:/home/user/.m2/repository/org/bouncycastle/bcprov-jdk15on/1.60/bcprov-jdk15on-1.60.jar:/home/user/.m2/repository/info/picocli/picocli/3.9.6/picocli-3.9.6.jar:/home/user/.m2/repository/com/google/protobuf/protobuf-java/2.5.0/protobuf-java-2.5.0.jar:/home/user/.m2/repository/com/google/guava/guava/11.0.2/guava-11.0.2.jar:/home/user/.m2/repository/org/apache/hadoop/hadoop-ozone-ozone-manager/0.5.0-SNAPSHOT/hadoop-ozone-ozone-manager-0.5.0-SNAPSHOT.jar:/home/user/.m2/repository/org/apache/hadoop/hadoop-minikdc/3.2.0/hadoop-minikdc-3.2.0.jar:/home/user/.m2/repository/commons-io/commons-io/2.5/commons-io-2.5.jar:/home/user/.m2/repository/org/apache/kerby/kerb-simplekdc/1.0.1/kerb-simplekdc-1.0.1.jar:/home/user/.m2/repository/org/apache/kerby/kerb-client/1.0.1/kerb-client-1.0.1.jar:/home/user/.m2/repository/org/apache/kerby/kerby-config/1.0.1/kerby-config-1.0.1.jar:/home/user/.m2/repository/org/apache/kerby/kerb-core/1.0.1/kerb-core-1.0.1.jar:/home/user/.m2/repository/org/apache/kerby/kerby-pkix/1.0.1/kerby-pkix-1.0.1.jar:/home/user/.m2/repository/org/apache/kerby/kerby-asn1/1.0.1/kerby-asn1-1.0.1.jar:/home/user/.m2/repository/org/apache/kerby/kerby-util/1.0.1/kerby-util-1.0.1.jar:/home/user/.m2/repository/org/apache/kerby/kerb-common/1.0.1/kerb-common-1.0.1.jar:/home/user/.m2/repository/org/apache/kerby/kerb-crypto/1.0.1/kerb-crypto-1.0.1.jar:/home/user/.m2/repository/org/apache/kerby/kerb-util/1.0.1/kerb-util-1.0.1.jar:/home/user/.m2/repository/org/apache/kerby/token-provider/1.0.1/token-provider-1.0.1.jar:/home/user/.m2/repository/org/apache/kerby/kerb-admin/1.0.1/kerb-admin-1.0.1.jar:/home/user/.m2/repository/org/apache/kerby/kerb-server/1.0.1/kerb-server-1.0.1.jar:/home/user/.m2/repository/org/apache/kerby/kerb-identity/1.0.1/kerb-identity-1.0.1.jar:/home/user/.m2/repository/org/apache/kerby/kerby-xdr/1.0.1/kerby-xdr-1.0.1.jar:/home/user/.m2/repository/org/slf4j/slf4j-log4j12/1.7.25/slf4j-log4j12-1.7.25.jar:/home/user/.m2/repository/org/apache/hadoop/hadoop-ozone-s3gateway/0.5.0-SNAPSHOT/hadoop-ozone-s3gateway-0.5.0-SNAPSHOT.jar:/home/user/.m2/repository/org/jboss/weld/servlet/weld-servlet/2.4.7.Final/weld-servlet-2.4.7.Final.jar:/home/user/.m2/repository/org/glassfish/jersey/containers/jersey-container-servlet-core/2.27/jersey-container-servlet-core-2.27.jar:/home/user/.m2/repository/org/glassfish/hk2/external/javax.inject/2.5.0-b42/javax.inject-2.5.0-b42.jar:/home/user/.m2/repository/org/glassfish/jersey/core/jersey-common/2.27/jersey-common-2.27.jar:/home/user/.m2/repository/org/glassfish/hk2/osgi-resource-locator/1.0.1/osgi-resource-locator-1.0.1.jar:/home/user/.m2/repository/javax/ws/rs/javax.ws.rs-api/2.1/javax.ws.rs-api-2.1.jar:/home/user/.m2/repository/org/glassfish/jersey/ext/cdi/jersey-cdi1x/2.27/jersey-cdi1x-2.27.jar:/home/user/.m2/repository/org/glassfish/jersey/inject/jersey-hk2/2.27/jersey-hk2-2.27.jar:/home/user/.m2/repository/org/glassfish/hk2/hk2-locator/2.5.0-b42/hk2-locator-2.5.0-b42.jar:/home/user/.m2/repository/org/javassist/javassist/3.22.0-CR2/javassist-3.22.0-CR2.jar:/home/user/.m2/repository/org/glassfish/hk2/hk2-api/2.5.0/hk2-api-2.5.0.jar:/home/user/.m2/repository/org/glassfish/hk2/external/jakarta.inject/2.5.0/jakarta.inject-2.5.0.jar:/home/user/.m2/repository/org/glassfish/hk2/hk2-utils/2.5.0/hk2-utils-2.5.0.jar:/home/user/.m2/repository/jakarta/annotation/jakarta.annotation-api/1.3.4/jakarta.annotation-api-1.3.4.jar:/home/user/.m2/repository/org/glassfish/hk2/external/aopalliance-repackaged/2.5.0/aopalliance-repackaged-2.5.0.jar:/home/user/.m2/repository/com/fasterxml/jackson/dataformat/jackson-dataformat-xml/2.9.0/jackson-dataformat-xml-2.9.0.jar:/home/user/.m2/repository/com/fasterxml/jackson/core/jackson-core/2.9.9/jackson-core-2.9.9.jar:/home/user/.m2/repository/com/fasterxml/jackson/module/jackson-module-jaxb-annotations/2.9.9/jackson-module-jaxb-annotations-2.9.9.jar:/home/user/.m2/repository/javax/enterprise/cdi-api/1.2/cdi-api-1.2.jar:/home/user/.m2/repository/javax/el/javax.el-api/3.0.0/javax.el-api-3.0.0.jar:/home/user/.m2/repository/javax/interceptor/javax.interceptor-api/1.2/javax.interceptor-api-1.2.jar:/home/user/.m2/repository/javax/inject/javax.inject/1/javax.inject-1.jar:/home/user/.m2/repository/com/sun/xml/bind/jaxb-impl/2.3.0.1/jaxb-impl-2.3.0.1.jar:/home/user/.m2/repository/com/sun/xml/bind/jaxb-core/2.3.0.1/jaxb-core-2.3.0.1.jar:/home/user/.m2/repository/javax/xml/bind/jaxb-api/2.3.0/jaxb-api-2.3.0.jar:/home/user/.m2/repository/javax/activation/activation/1.1.1/activation-1.1.1.jar:/home/user/.m2/repository/org/apache/hadoop/hadoop-ozone-csi/0.5.0-SNAPSHOT/hadoop-ozone-csi-0.5.0-SNAPSHOT.jar:/home/user/.m2/repository/com/google/protobuf/protobuf-java-util/3.5.1/protobuf-java-util-3.5.1.jar:/home/user/.m2/repository/org/apache/hadoop/hadoop-hdds-config/0.5.0-SNAPSHOT/hadoop-hdds-config-0.5.0-SNAPSHOT.jar:/home/user/.m2/repository/io/grpc/grpc-netty/1.17.1/grpc-netty-1.17.1.jar:/home/user/.m2/repository/io/grpc/grpc-core/1.17.1/grpc-core-1.17.1.jar:/home/user/.m2/repository/io/grpc/grpc-context/1.17.1/grpc-context-1.17.1.jar:/home/user/.m2/repository/com/google/errorprone/error_prone_annotations/2.2.0/error_prone_annotations-2.2.0.jar:/home/user/.m2/repository/org/codehaus/mojo/animal-sniffer-annotations/1.17/animal-sniffer-annotations-1.17.jar:/home/user/.m2/repository/io/opencensus/opencensus-api/0.17.0/opencensus-api-0.17.0.jar:/home/user/.m2/repository/io/opencensus/opencensus-contrib-grpc-metrics/0.17.0/opencensus-contrib-grpc-metrics-0.17.0.jar:/home/user/.m2/repository/io/netty/netty-codec-http2/4.1.30.Final/netty-codec-http2-4.1.30.Final.jar:/home/user/.m2/repository/io/netty/netty-codec-http/4.1.30.Final/netty-codec-http-4.1.30.Final.jar:/home/user/.m2/repository/io/netty/netty-codec/4.1.30.Final/netty-codec-4.1.30.Final.jar:/home/user/.m2/repository/io/netty/netty-handler/4.1.30.Final/netty-handler-4.1.30.Final.jar:/home/user/.m2/repository/io/netty/netty-handler-proxy/4.1.30.Final/netty-handler-proxy-4.1.30.Final.jar:/home/user/.m2/repository/io/netty/netty-codec-socks/4.1.30.Final/netty-codec-socks-4.1.30.Final.jar:/home/user/.m2/repository/io/netty/netty-transport-native-epoll/4.1.30.Final/netty-transport-native-epoll-4.1.30.Final.jar:/home/user/.m2/repository/io/netty/netty-common/4.1.30.Final/netty-common-4.1.30.Final.jar:/home/user/.m2/repository/io/netty/netty-buffer/4.1.30.Final/netty-buffer-4.1.30.Final.jar:/home/user/.m2/repository/io/netty/netty-transport/4.1.30.Final/netty-transport-4.1.30.Final.jar:/home/user/.m2/repository/io/netty/netty-resolver/4.1.30.Final/netty-resolver-4.1.30.Final.jar:/home/user/.m2/repository/io/netty/netty-transport-native-unix-common/4.1.30.Final/netty-transport-native-unix-common-4.1.30.Final.jar:/home/user/.m2/repository/io/grpc/grpc-protobuf/1.17.1/grpc-protobuf-1.17.1.jar:/home/user/.m2/repository/com/google/api/grpc/proto-google-common-protos/1.0.0/proto-google-common-protos-1.0.0.jar:/home/user/.m2/repository/io/grpc/grpc-protobuf-lite/1.17.1/grpc-protobuf-lite-1.17.1.jar:/home/user/.m2/repository/io/grpc/grpc-stub/1.17.1/grpc-stub-1.17.1.jar:/home/user/.m2/repository/org/apache/hadoop/hadoop-ozone-recon/0.5.0-SNAPSHOT/hadoop-ozone-recon-0.5.0-SNAPSHOT.jar:/home/user/.m2/repository/org/apache/hadoop/hadoop-ozone-reconcodegen/0.5.0-SNAPSHOT/hadoop-ozone-reconcodegen-0.5.0-SNAPSHOT.jar:/home/user/.m2/repository/com/google/inject/extensions/guice-multibindings/4.0/guice-multibindings-4.0.jar:/home/user/.m2/repository/com/google/inject/guice/4.0/guice-4.0.jar:/home/user/.m2/repository/aopalliance/aopalliance/1.0/aopalliance-1.0.jar:/home/user/.m2/repository/com/google/inject/extensions/guice-servlet/4.0/guice-servlet-4.0.jar:/home/user/.m2/repository/org/glassfish/jersey/containers/jersey-container-servlet/2.27/jersey-container-servlet-2.27.jar:/home/user/.m2/repository/org/glassfish/hk2/guice-bridge/2.5.0/guice-bridge-2.5.0.jar:/home/user/.m2/repository/org/glassfish/jersey/core/jersey-server/2.27/jersey-server-2.27.jar:/home/user/.m2/repository/org/glassfish/jersey/core/jersey-client/2.27/jersey-client-2.27.jar:/home/user/.m2/repository/org/glassfish/jersey/media/jersey-media-jaxb/2.27/jersey-media-jaxb-2.27.jar:/home/user/.m2/repository/javax/validation/validation-api/1.1.0.Final/validation-api-1.1.0.Final.jar:/home/user/.m2/repository/org/glassfish/jersey/media/jersey-media-json-jackson/2.27/jersey-media-json-jackson-2.27.jar:/home/user/.m2/repository/org/glassfish/jersey/ext/jersey-entity-filtering/2.27/jersey-entity-filtering-2.27.jar:/home/user/.m2/repository/com/google/inject/extensions/guice-assistedinject/4.0/guice-assistedinject-4.0.jar:/home/user/.m2/repository/org/jooq/jooq/3.11.10/jooq-3.11.10.jar:/home/user/.m2/repository/org/jooq/jooq-meta/3.11.10/jooq-meta-3.11.10.jar:/home/user/.m2/repository/org/jooq/jooq-codegen/3.11.10/jooq-codegen-3.11.10.jar:/home/user/.m2/repository/com/jolbox/bonecp/0.8.0.RELEASE/bonecp-0.8.0.RELEASE.jar:/home/user/.m2/repository/org/xerial/sqlite-jdbc/3.25.2/sqlite-jdbc-3.25.2.jar:/home/user/.m2/repository/org/springframework/spring-jdbc/5.1.3.RELEASE/spring-jdbc-5.1.3.RELEASE.jar:/home/user/.m2/repository/org/springframework/spring-beans/5.1.3.RELEASE/spring-beans-5.1.3.RELEASE.jar:/home/user/.m2/repository/org/springframework/spring-core/5.1.3.RELEASE/spring-core-5.1.3.RELEASE.jar:/home/user/.m2/repository/org/springframework/spring-jcl/5.1.3.RELEASE/spring-jcl-5.1.3.RELEASE.jar:/home/user/.m2/repository/org/springframework/spring-tx/5.1.3.RELEASE/spring-tx-5.1.3.RELEASE.jar:/home/user/.m2/repository/org/apache/hadoop/hadoop-ozone-client/0.5.0-SNAPSHOT/hadoop-ozone-client-0.5.0-SNAPSHOT.jar:/home/user/.m2/repository/commons-lang/commons-lang/2.6/commons-lang-2.6.jar:/home/user/.m2/repository/org/apache/hadoop/hadoop-ozone-ozone-manager/0.5.0-SNAPSHOT/hadoop-ozone-ozone-manager-0.5.0-SNAPSHOT-tests.jar:/home/user/.m2/repository/junit/junit/4.11/junit-4.11.jar:/home/user/.m2/repository/org/hamcrest/hamcrest-core/1.3/hamcrest-core-1.3.jar:/home/user/.m2/repository/org/openjdk/jmh/jmh-core/1.19/jmh-core-1.19.jar:/home/user/.m2/repository/net/sf/jopt-simple/jopt-simple/4.6/jopt-simple-4.6.jar:/home/user/.m2/repository/org/apache/commons/commons-math3/3.1.1/commons-math3-3.1.1.jar:/home/user/.m2/repository/org/openjdk/jmh/jmh-generator-annprocess/1.19/jmh-generator-annprocess-1.19.jar:/home/user/.m2/repository/org/mockito/mockito-all/1.8.5/mockito-all-1.8.5.jar:/home/user/.m2/repository/org/apache/hadoop/hadoop-kms/3.2.0/hadoop-kms-3.2.0.jar:/home/user/.m2/repository/org/apache/hadoop/hadoop-auth/3.2.0/hadoop-auth-3.2.0.jar:/home/user/.m2/repository/com/nimbusds/nimbus-jose-jwt/4.41.1/nimbus-jose-jwt-4.41.1.jar:/home/user/.m2/repository/com/github/stephenc/jcip/jcip-annotations/1.0-1/jcip-annotations-1.0-1.jar:/home/user/.m2/repository/net/minidev/json-smart/2.3/json-smart-2.3.jar:/home/user/.m2/repository/net/minidev/accessors-smart/1.2/accessors-smart-1.2.jar:/home/user/.m2/repository/org/ow2/asm/asm/5.0.4/asm-5.0.4.jar:/home/user/.m2/repository/org/apache/curator/curator-framework/2.12.0/curator-framework-2.12.0.jar:/home/user/.m2/repository/com/sun/jersey/jersey-core/1.19/jersey-core-1.19.jar:/home/user/.m2/repository/javax/ws/rs/jsr311-api/1.1.1/jsr311-api-1.1.1.jar:/home/user/.m2/repository/com/sun/jersey/jersey-server/1.19/jersey-server-1.19.jar:/home/user/.m2/repository/javax/servlet/javax.servlet-api/3.1.0/javax.servlet-api-3.1.0.jar:/home/user/.m2/repository/org/eclipse/jetty/jetty-server/9.3.25.v20180904/jetty-server-9.3.25.v20180904.jar:/home/user/.m2/repository/org/eclipse/jetty/jetty-http/9.3.25.v20180904/jetty-http-9.3.25.v20180904.jar:/home/user/.m2/repository/org/eclipse/jetty/jetty-io/9.3.25.v20180904/jetty-io-9.3.25.v20180904.jar:/home/user/.m2/repository/org/eclipse/jetty/jetty-webapp/9.3.25.v20180904/jetty-webapp-9.3.25.v20180904.jar:/home/user/.m2/repository/org/eclipse/jetty/jetty-xml/9.3.25.v20180904/jetty-xml-9.3.25.v20180904.jar:/home/user/.m2/repository/log4j/log4j/1.2.17/log4j-1.2.17.jar:/home/user/.m2/repository/org/slf4j/slf4j-api/1.7.25/slf4j-api-1.7.25.jar:/home/user/.m2/repository/org/slf4j/jul-to-slf4j/1.7.25/jul-to-slf4j-1.7.25.jar:/home/user/.m2/repository/org/eclipse/jetty/jetty-util/9.3.25.v20180904/jetty-util-9.3.25.v20180904.jar:/home/user/.m2/repository/com/fasterxml/jackson/core/jackson-databind/2.9.9/jackson-databind-2.9.9.jar:/home/user/.m2/repository/org/apache/hadoop/hadoop-kms/3.2.0/hadoop-kms-3.2.0-tests.jar:/home/user/.m2/repository/org/apache/hadoop/hadoop-hdds-server-scm/0.5.0-SNAPSHOT/hadoop-hdds-server-scm-0.5.0-SNAPSHOT-tests.jar:/home/user/.m2/repository/org/apache/hadoop/hadoop-hdds-container-service/0.5.0-SNAPSHOT/hadoop-hdds-container-service-0.5.0-SNAPSHOT-tests.jar:/home/user/.m2/repository/org/yaml/snakeyaml/1.16/snakeyaml-1.16.jar:/home/user/.m2/repository/org/apache/hadoop/hadoop-common/3.2.0/hadoop-common-3.2.0-tests.jar:/home/user/.m2/repository/org/apache/hadoop/hadoop-annotations/3.2.0/hadoop-annotations-3.2.0.jar:/usr/lib/jvm/java-1.8-openjdk/jre/../lib/tools.jar:/home/user/.m2/repository/commons-cli/commons-cli/1.2/commons-cli-1.2.jar:/home/user/.m2/repository/org/apache/httpcomponents/httpclient/4.5.2/httpclient-4.5.2.jar:/home/user/.m2/repository/org/apache/httpcomponents/httpcore/4.4.4/httpcore-4.4.4.jar:/home/user/.m2/repository/commons-codec/commons-codec/1.11/commons-codec-1.11.jar:/home/user/.m2/repository/commons-net/commons-net/3.6/commons-net-3.6.jar:/home/user/.m2/repository/commons-collections/commons-collections/3.2.2/commons-collections-3.2.2.jar:/home/user/.m2/repository/org/eclipse/jetty/jetty-servlet/9.3.25.v20180904/jetty-servlet-9.3.25.v20180904.jar:/home/user/.m2/repository/org/eclipse/jetty/jetty-security/9.3.25.v20180904/jetty-security-9.3.25.v20180904.jar:/home/user/.m2/repository/javax/servlet/jsp/jsp-api/2.1/jsp-api-2.1.jar:/home/user/.m2/repository/com/sun/jersey/jersey-servlet/1.19/jersey-servlet-1.19.jar:/home/user/.m2/repository/com/sun/jersey/jersey-json/1.19/jersey-json-1.19.jar:/home/user/.m2/repository/org/codehaus/jettison/jettison/1.1/jettison-1.1.jar:/home/user/.m2/repository/org/codehaus/jackson/jackson-core-asl/1.9.13/jackson-core-asl-1.9.13.jar:/home/user/.m2/repository/org/codehaus/jackson/jackson-mapper-asl/1.9.13/jackson-mapper-asl-1.9.13.jar:/home/user/.m2/repository/org/codehaus/jackson/jackson-jaxrs/1.9.13/jackson-jaxrs-1.9.13.jar:/home/user/.m2/repository/org/codehaus/jackson/jackson-xc/1.9.13/jackson-xc-1.9.13.jar:/home/user/.m2/repository/commons-logging/commons-logging/1.1.3/commons-logging-1.1.3.jar:/home/user/.m2/repository/commons-beanutils/commons-beanutils/1.9.4/commons-beanutils-1.9.4.jar:/home/user/.m2/repository/org/apache/commons/commons-configuration2/2.1.1/commons-configuration2-2.1.1.jar:/home/user/.m2/repository/org/apache/commons/commons-lang3/3.7/commons-lang3-3.7.jar:/home/user/.m2/repository/org/apache/commons/commons-text/1.4/commons-text-1.4.jar:/home/user/.m2/repository/org/apache/avro/avro/1.7.7/avro-1.7.7.jar:/home/user/.m2/repository/com/thoughtworks/paranamer/paranamer/2.3/paranamer-2.3.jar:/home/user/.m2/repository/org/xerial/snappy/snappy-java/1.0.5/snappy-java-1.0.5.jar:/home/user/.m2/repository/com/google/re2j/re2j/1.1/re2j-1.1.jar:/home/user/.m2/repository/com/google/code/gson/gson/2.2.4/gson-2.2.4.jar:/home/user/.m2/repository/com/jcraft/jsch/0.1.54/jsch-0.1.54.jar:/home/user/.m2/repository/org/apache/curator/curator-client/2.12.0/curator-client-2.12.0.jar:/home/user/.m2/repository/org/apache/curator/curator-recipes/2.12.0/curator-recipes-2.12.0.jar:/home/user/.m2/repository/com/google/code/findbugs/jsr305/3.0.0/jsr305-3.0.0.jar:/home/user/.m2/repository/org/apache/htrace/htrace-core4/4.1.0-incubating/htrace-core4-4.1.0-incubating.jar:/home/user/.m2/repository/org/apache/zookeeper/zookeeper/3.4.13/zookeeper-3.4.13.jar:/home/user/.m2/repository/jline/jline/0.9.94/jline-0.9.94.jar:/home/user/.m2/repository/org/apache/yetus/audience-annotations/0.5.0/audience-annotations-0.5.0.jar:/home/user/.m2/repository/org/codehaus/woodstox/stax2-api/3.1.4/stax2-api-3.1.4.jar:/home/user/.m2/repository/com/fasterxml/woodstox/woodstox-core/5.0.3/woodstox-core-5.0.3.jar:/home/user/.m2/repository/dnsjava/dnsjava/2.1.7/dnsjava-2.1.7.jar:/home/user/.m2/repository/org/apache/hadoop/hadoop-hdfs/3.2.0/hadoop-hdfs-3.2.0-tests.jar:/home/user/.m2/repository/org/eclipse/jetty/jetty-util-ajax/9.3.25.v20180904/jetty-util-ajax-9.3.25.v20180904.jar:/home/user/.m2/repository/commons-daemon/commons-daemon/1.0.13/commons-daemon-1.0.13.jar:/home/user/.m2/repository/io/netty/netty/3.10.5.Final/netty-3.10.5.Final.jar:/home/user/.m2/repository/io/netty/netty-all/4.0.52.Final/netty-all-4.0.52.Final.jar:/home/user/.m2/repository/org/fusesource/leveldbjni/leveldbjni-all/1.8/leveldbjni-all-1.8.jar:"/>
    <property name="java.vm.vendor" value="IcedTea"/>
    <property name="sun.arch.data.model" value="64"/>
    <property name="test.build.dir" value="/workdir/hadoop-ozone/integration-test/target/test-dir"/>
    <property name="test.cache.data" value=""/>
    <property name="java.vendor.url" value="https://icedtea.classpath.org"/>
    <property name="user.timezone" value=""/>
    <property name="java.vm.specification.version" value="1.8"/>
    <property name="os.name" value="Linux"/>
    <property name="test.build.data" value="/workdir/hadoop-ozone/integration-test/target/test-dir"/>
    <property name="user.country" value="US"/>
    <property name="sun.java.launcher" value="SUN_STANDARD"/>
    <property name="sun.boot.library.path" value="/usr/lib/jvm/java-1.8-openjdk/jre/lib/amd64"/>
    <property name="sun.java.command" value="/workdir/hadoop-ozone/integration-test/target/surefire/surefirebooter3987512940194225327.jar /workdir/hadoop-ozone/integration-test/target/surefire 2019-10-09T05-33-29_793-jvmRun1 surefire1051841884940927419tmp surefire_556469446691269980200tmp"/>
    <property name="test" value="!TestMiniChaosOzoneCluster"/>
    <property name="surefire.test.class.path" value="/workdir/hadoop-ozone/integration-test/target/test-classes:/workdir/hadoop-ozone/integration-test/target/classes:/home/user/.m2/repository/org/apache/hadoop/hadoop-ozone-common/0.5.0-SNAPSHOT/hadoop-ozone-common-0.5.0-SNAPSHOT.jar:/home/user/.m2/repository/org/apache/commons/commons-compress/1.4.1/commons-compress-1.4.1.jar:/home/user/.m2/repository/org/tukaani/xz/1.0/xz-1.0.jar:/home/user/.m2/repository/org/apache/hadoop/hadoop-common/3.2.0/hadoop-common-3.2.0.jar:/home/user/.m2/repository/org/apache/hadoop/hadoop-hdfs/3.2.0/hadoop-hdfs-3.2.0.jar:/home/user/.m2/repository/org/apache/hadoop/hadoop-hdfs-client/3.2.0/hadoop-hdfs-client-3.2.0.jar:/home/user/.m2/repository/com/fasterxml/jackson/core/jackson-annotations/2.9.9/jackson-annotations-2.9.9.jar:/home/user/.m2/repository/org/apache/hadoop/hadoop-hdds-common/0.5.0-SNAPSHOT/hadoop-hdds-common-0.5.0-SNAPSHOT.jar:/home/user/.m2/repository/javax/annotation/javax.annotation-api/1.2/javax.annotation-api-1.2.jar:/home/user/.m2/repository/org/apache/ratis/ratis-server/0.5.0-201fc85-SNAPSHOT/ratis-server-0.5.0-201fc85-SNAPSHOT.jar:/home/user/.m2/repository/org/apache/ratis/ratis-thirdparty-misc/0.2.0/ratis-thirdparty-misc-0.2.0.jar:/home/user/.m2/repository/org/apache/ratis/ratis-proto/0.5.0-201fc85-SNAPSHOT/ratis-proto-0.5.0-201fc85-SNAPSHOT.jar:/home/user/.m2/repository/org/apache/ratis/ratis-common/0.5.0-201fc85-SNAPSHOT/ratis-common-0.5.0-201fc85-SNAPSHOT.jar:/home/user/.m2/repository/org/apache/ratis/ratis-client/0.5.0-201fc85-SNAPSHOT/ratis-client-0.5.0-201fc85-SNAPSHOT.jar:/home/user/.m2/repository/org/apache/ratis/ratis-metrics/0.5.0-201fc85-SNAPSHOT/ratis-metrics-0.5.0-201fc85-SNAPSHOT.jar:/home/user/.m2/repository/com/github/joshelser/dropwizard-metrics-hadoop-metrics2-reporter/0.1.2/dropwizard-metrics-hadoop-metrics2-reporter-0.1.2.jar:/home/user/.m2/repository/io/dropwizard/metrics/metrics-jvm/3.2.5/metrics-jvm-3.2.5.jar:/home/user/.m2/repository/io/dropwizard/metrics/metrics-ganglia/3.2.5/metrics-ganglia-3.2.5.jar:/home/user/.m2/repository/info/ganglia/gmetric4j/gmetric4j/1.0.7/gmetric4j-1.0.7.jar:/home/user/.m2/repository/org/apache/ratis/ratis-netty/0.5.0-201fc85-SNAPSHOT/ratis-netty-0.5.0-201fc85-SNAPSHOT.jar:/home/user/.m2/repository/org/apache/ratis/ratis-grpc/0.5.0-201fc85-SNAPSHOT/ratis-grpc-0.5.0-201fc85-SNAPSHOT.jar:/home/user/.m2/repository/org/rocksdb/rocksdbjni/6.0.1/rocksdbjni-6.0.1.jar:/home/user/.m2/repository/org/apache/logging/log4j/log4j-api/2.11.0/log4j-api-2.11.0.jar:/home/user/.m2/repository/org/apache/logging/log4j/log4j-core/2.11.0/log4j-core-2.11.0.jar:/home/user/.m2/repository/com/lmax/disruptor/3.4.2/disruptor-3.4.2.jar:/home/user/.m2/repository/org/apache/commons/commons-pool2/2.6.0/commons-pool2-2.6.0.jar:/home/user/.m2/repository/org/bouncycastle/bcpkix-jdk15on/1.60/bcpkix-jdk15on-1.60.jar:/home/user/.m2/repository/commons-validator/commons-validator/1.6/commons-validator-1.6.jar:/home/user/.m2/repository/commons-digester/commons-digester/1.8.1/commons-digester-1.8.1.jar:/home/user/.m2/repository/io/jaegertracing/jaeger-client/0.34.0/jaeger-client-0.34.0.jar:/home/user/.m2/repository/io/jaegertracing/jaeger-thrift/0.34.0/jaeger-thrift-0.34.0.jar:/home/user/.m2/repository/org/apache/thrift/libthrift/0.12.0/libthrift-0.12.0.jar:/home/user/.m2/repository/com/squareup/okhttp3/okhttp/3.9.0/okhttp-3.9.0.jar:/home/user/.m2/repository/com/squareup/okio/okio/1.13.0/okio-1.13.0.jar:/home/user/.m2/repository/io/jaegertracing/jaeger-core/0.34.0/jaeger-core-0.34.0.jar:/home/user/.m2/repository/io/jaegertracing/jaeger-tracerresolver/0.34.0/jaeger-tracerresolver-0.34.0.jar:/home/user/.m2/repository/io/opentracing/contrib/opentracing-tracerresolver/0.1.5/opentracing-tracerresolver-0.1.5.jar:/home/user/.m2/repository/io/opentracing/opentracing-util/0.31.0/opentracing-util-0.31.0.jar:/home/user/.m2/repository/io/opentracing/opentracing-api/0.31.0/opentracing-api-0.31.0.jar:/home/user/.m2/repository/io/opentracing/opentracing-noop/0.31.0/opentracing-noop-0.31.0.jar:/home/user/.m2/repository/org/apache/hadoop/hadoop-hdds-server-framework/0.5.0-SNAPSHOT/hadoop-hdds-server-framework-0.5.0-SNAPSHOT.jar:/home/user/.m2/repository/org/apache/hadoop/hadoop-hdds-container-service/0.5.0-SNAPSHOT/hadoop-hdds-container-service-0.5.0-SNAPSHOT.jar:/home/user/.m2/repository/org/apache/hadoop/hadoop-hdds-client/0.5.0-SNAPSHOT/hadoop-hdds-client-0.5.0-SNAPSHOT.jar:/home/user/.m2/repository/org/apache/hadoop/hadoop-hdds-tools/0.5.0-SNAPSHOT/hadoop-hdds-tools-0.5.0-SNAPSHOT.jar:/home/user/.m2/repository/org/apache/hadoop/hadoop-hdds-server-scm/0.5.0-SNAPSHOT/hadoop-hdds-server-scm-0.5.0-SNAPSHOT.jar:/home/user/.m2/repository/org/apache/hadoop/hadoop-hdds-docs/0.5.0-SNAPSHOT/hadoop-hdds-docs-0.5.0-SNAPSHOT.jar:/home/user/.m2/repository/io/dropwizard/metrics/metrics-core/3.2.4/metrics-core-3.2.4.jar:/home/user/.m2/repository/org/hamcrest/hamcrest-all/1.3/hamcrest-all-1.3.jar:/home/user/.m2/repository/org/bouncycastle/bcprov-jdk15on/1.60/bcprov-jdk15on-1.60.jar:/home/user/.m2/repository/info/picocli/picocli/3.9.6/picocli-3.9.6.jar:/home/user/.m2/repository/com/google/protobuf/protobuf-java/2.5.0/protobuf-java-2.5.0.jar:/home/user/.m2/repository/com/google/guava/guava/11.0.2/guava-11.0.2.jar:/home/user/.m2/repository/org/apache/hadoop/hadoop-ozone-ozone-manager/0.5.0-SNAPSHOT/hadoop-ozone-ozone-manager-0.5.0-SNAPSHOT.jar:/home/user/.m2/repository/org/apache/hadoop/hadoop-minikdc/3.2.0/hadoop-minikdc-3.2.0.jar:/home/user/.m2/repository/commons-io/commons-io/2.5/commons-io-2.5.jar:/home/user/.m2/repository/org/apache/kerby/kerb-simplekdc/1.0.1/kerb-simplekdc-1.0.1.jar:/home/user/.m2/repository/org/apache/kerby/kerb-client/1.0.1/kerb-client-1.0.1.jar:/home/user/.m2/repository/org/apache/kerby/kerby-config/1.0.1/kerby-config-1.0.1.jar:/home/user/.m2/repository/org/apache/kerby/kerb-core/1.0.1/kerb-core-1.0.1.jar:/home/user/.m2/repository/org/apache/kerby/kerby-pkix/1.0.1/kerby-pkix-1.0.1.jar:/home/user/.m2/repository/org/apache/kerby/kerby-asn1/1.0.1/kerby-asn1-1.0.1.jar:/home/user/.m2/repository/org/apache/kerby/kerby-util/1.0.1/kerby-util-1.0.1.jar:/home/user/.m2/repository/org/apache/kerby/kerb-common/1.0.1/kerb-common-1.0.1.jar:/home/user/.m2/repository/org/apache/kerby/kerb-crypto/1.0.1/kerb-crypto-1.0.1.jar:/home/user/.m2/repository/org/apache/kerby/kerb-util/1.0.1/kerb-util-1.0.1.jar:/home/user/.m2/repository/org/apache/kerby/token-provider/1.0.1/token-provider-1.0.1.jar:/home/user/.m2/repository/org/apache/kerby/kerb-admin/1.0.1/kerb-admin-1.0.1.jar:/home/user/.m2/repository/org/apache/kerby/kerb-server/1.0.1/kerb-server-1.0.1.jar:/home/user/.m2/repository/org/apache/kerby/kerb-identity/1.0.1/kerb-identity-1.0.1.jar:/home/user/.m2/repository/org/apache/kerby/kerby-xdr/1.0.1/kerby-xdr-1.0.1.jar:/home/user/.m2/repository/org/slf4j/slf4j-log4j12/1.7.25/slf4j-log4j12-1.7.25.jar:/home/user/.m2/repository/org/apache/hadoop/hadoop-ozone-s3gateway/0.5.0-SNAPSHOT/hadoop-ozone-s3gateway-0.5.0-SNAPSHOT.jar:/home/user/.m2/repository/org/jboss/weld/servlet/weld-servlet/2.4.7.Final/weld-servlet-2.4.7.Final.jar:/home/user/.m2/repository/org/glassfish/jersey/containers/jersey-container-servlet-core/2.27/jersey-container-servlet-core-2.27.jar:/home/user/.m2/repository/org/glassfish/hk2/external/javax.inject/2.5.0-b42/javax.inject-2.5.0-b42.jar:/home/user/.m2/repository/org/glassfish/jersey/core/jersey-common/2.27/jersey-common-2.27.jar:/home/user/.m2/repository/org/glassfish/hk2/osgi-resource-locator/1.0.1/osgi-resource-locator-1.0.1.jar:/home/user/.m2/repository/javax/ws/rs/javax.ws.rs-api/2.1/javax.ws.rs-api-2.1.jar:/home/user/.m2/repository/org/glassfish/jersey/ext/cdi/jersey-cdi1x/2.27/jersey-cdi1x-2.27.jar:/home/user/.m2/repository/org/glassfish/jersey/inject/jersey-hk2/2.27/jersey-hk2-2.27.jar:/home/user/.m2/repository/org/glassfish/hk2/hk2-locator/2.5.0-b42/hk2-locator-2.5.0-b42.jar:/home/user/.m2/repository/org/javassist/javassist/3.22.0-CR2/javassist-3.22.0-CR2.jar:/home/user/.m2/repository/org/glassfish/hk2/hk2-api/2.5.0/hk2-api-2.5.0.jar:/home/user/.m2/repository/org/glassfish/hk2/external/jakarta.inject/2.5.0/jakarta.inject-2.5.0.jar:/home/user/.m2/repository/org/glassfish/hk2/hk2-utils/2.5.0/hk2-utils-2.5.0.jar:/home/user/.m2/repository/jakarta/annotation/jakarta.annotation-api/1.3.4/jakarta.annotation-api-1.3.4.jar:/home/user/.m2/repository/org/glassfish/hk2/external/aopalliance-repackaged/2.5.0/aopalliance-repackaged-2.5.0.jar:/home/user/.m2/repository/com/fasterxml/jackson/dataformat/jackson-dataformat-xml/2.9.0/jackson-dataformat-xml-2.9.0.jar:/home/user/.m2/repository/com/fasterxml/jackson/core/jackson-core/2.9.9/jackson-core-2.9.9.jar:/home/user/.m2/repository/com/fasterxml/jackson/module/jackson-module-jaxb-annotations/2.9.9/jackson-module-jaxb-annotations-2.9.9.jar:/home/user/.m2/repository/javax/enterprise/cdi-api/1.2/cdi-api-1.2.jar:/home/user/.m2/repository/javax/el/javax.el-api/3.0.0/javax.el-api-3.0.0.jar:/home/user/.m2/repository/javax/interceptor/javax.interceptor-api/1.2/javax.interceptor-api-1.2.jar:/home/user/.m2/repository/javax/inject/javax.inject/1/javax.inject-1.jar:/home/user/.m2/repository/com/sun/xml/bind/jaxb-impl/2.3.0.1/jaxb-impl-2.3.0.1.jar:/home/user/.m2/repository/com/sun/xml/bind/jaxb-core/2.3.0.1/jaxb-core-2.3.0.1.jar:/home/user/.m2/repository/javax/xml/bind/jaxb-api/2.3.0/jaxb-api-2.3.0.jar:/home/user/.m2/repository/javax/activation/activation/1.1.1/activation-1.1.1.jar:/home/user/.m2/repository/org/apache/hadoop/hadoop-ozone-csi/0.5.0-SNAPSHOT/hadoop-ozone-csi-0.5.0-SNAPSHOT.jar:/home/user/.m2/repository/com/google/protobuf/protobuf-java-util/3.5.1/protobuf-java-util-3.5.1.jar:/home/user/.m2/repository/org/apache/hadoop/hadoop-hdds-config/0.5.0-SNAPSHOT/hadoop-hdds-config-0.5.0-SNAPSHOT.jar:/home/user/.m2/repository/io/grpc/grpc-netty/1.17.1/grpc-netty-1.17.1.jar:/home/user/.m2/repository/io/grpc/grpc-core/1.17.1/grpc-core-1.17.1.jar:/home/user/.m2/repository/io/grpc/grpc-context/1.17.1/grpc-context-1.17.1.jar:/home/user/.m2/repository/com/google/errorprone/error_prone_annotations/2.2.0/error_prone_annotations-2.2.0.jar:/home/user/.m2/repository/org/codehaus/mojo/animal-sniffer-annotations/1.17/animal-sniffer-annotations-1.17.jar:/home/user/.m2/repository/io/opencensus/opencensus-api/0.17.0/opencensus-api-0.17.0.jar:/home/user/.m2/repository/io/opencensus/opencensus-contrib-grpc-metrics/0.17.0/opencensus-contrib-grpc-metrics-0.17.0.jar:/home/user/.m2/repository/io/netty/netty-codec-http2/4.1.30.Final/netty-codec-http2-4.1.30.Final.jar:/home/user/.m2/repository/io/netty/netty-codec-http/4.1.30.Final/netty-codec-http-4.1.30.Final.jar:/home/user/.m2/repository/io/netty/netty-codec/4.1.30.Final/netty-codec-4.1.30.Final.jar:/home/user/.m2/repository/io/netty/netty-handler/4.1.30.Final/netty-handler-4.1.30.Final.jar:/home/user/.m2/repository/io/netty/netty-handler-proxy/4.1.30.Final/netty-handler-proxy-4.1.30.Final.jar:/home/user/.m2/repository/io/netty/netty-codec-socks/4.1.30.Final/netty-codec-socks-4.1.30.Final.jar:/home/user/.m2/repository/io/netty/netty-transport-native-epoll/4.1.30.Final/netty-transport-native-epoll-4.1.30.Final.jar:/home/user/.m2/repository/io/netty/netty-common/4.1.30.Final/netty-common-4.1.30.Final.jar:/home/user/.m2/repository/io/netty/netty-buffer/4.1.30.Final/netty-buffer-4.1.30.Final.jar:/home/user/.m2/repository/io/netty/netty-transport/4.1.30.Final/netty-transport-4.1.30.Final.jar:/home/user/.m2/repository/io/netty/netty-resolver/4.1.30.Final/netty-resolver-4.1.30.Final.jar:/home/user/.m2/repository/io/netty/netty-transport-native-unix-common/4.1.30.Final/netty-transport-native-unix-common-4.1.30.Final.jar:/home/user/.m2/repository/io/grpc/grpc-protobuf/1.17.1/grpc-protobuf-1.17.1.jar:/home/user/.m2/repository/com/google/api/grpc/proto-google-common-protos/1.0.0/proto-google-common-protos-1.0.0.jar:/home/user/.m2/repository/io/grpc/grpc-protobuf-lite/1.17.1/grpc-protobuf-lite-1.17.1.jar:/home/user/.m2/repository/io/grpc/grpc-stub/1.17.1/grpc-stub-1.17.1.jar:/home/user/.m2/repository/org/apache/hadoop/hadoop-ozone-recon/0.5.0-SNAPSHOT/hadoop-ozone-recon-0.5.0-SNAPSHOT.jar:/home/user/.m2/repository/org/apache/hadoop/hadoop-ozone-reconcodegen/0.5.0-SNAPSHOT/hadoop-ozone-reconcodegen-0.5.0-SNAPSHOT.jar:/home/user/.m2/repository/com/google/inject/extensions/guice-multibindings/4.0/guice-multibindings-4.0.jar:/home/user/.m2/repository/com/google/inject/guice/4.0/guice-4.0.jar:/home/user/.m2/repository/aopalliance/aopalliance/1.0/aopalliance-1.0.jar:/home/user/.m2/repository/com/google/inject/extensions/guice-servlet/4.0/guice-servlet-4.0.jar:/home/user/.m2/repository/org/glassfish/jersey/containers/jersey-container-servlet/2.27/jersey-container-servlet-2.27.jar:/home/user/.m2/repository/org/glassfish/hk2/guice-bridge/2.5.0/guice-bridge-2.5.0.jar:/home/user/.m2/repository/org/glassfish/jersey/core/jersey-server/2.27/jersey-server-2.27.jar:/home/user/.m2/repository/org/glassfish/jersey/core/jersey-client/2.27/jersey-client-2.27.jar:/home/user/.m2/repository/org/glassfish/jersey/media/jersey-media-jaxb/2.27/jersey-media-jaxb-2.27.jar:/home/user/.m2/repository/javax/validation/validation-api/1.1.0.Final/validation-api-1.1.0.Final.jar:/home/user/.m2/repository/org/glassfish/jersey/media/jersey-media-json-jackson/2.27/jersey-media-json-jackson-2.27.jar:/home/user/.m2/repository/org/glassfish/jersey/ext/jersey-entity-filtering/2.27/jersey-entity-filtering-2.27.jar:/home/user/.m2/repository/com/google/inject/extensions/guice-assistedinject/4.0/guice-assistedinject-4.0.jar:/home/user/.m2/repository/org/jooq/jooq/3.11.10/jooq-3.11.10.jar:/home/user/.m2/repository/org/jooq/jooq-meta/3.11.10/jooq-meta-3.11.10.jar:/home/user/.m2/repository/org/jooq/jooq-codegen/3.11.10/jooq-codegen-3.11.10.jar:/home/user/.m2/repository/com/jolbox/bonecp/0.8.0.RELEASE/bonecp-0.8.0.RELEASE.jar:/home/user/.m2/repository/org/xerial/sqlite-jdbc/3.25.2/sqlite-jdbc-3.25.2.jar:/home/user/.m2/repository/org/springframework/spring-jdbc/5.1.3.RELEASE/spring-jdbc-5.1.3.RELEASE.jar:/home/user/.m2/repository/org/springframework/spring-beans/5.1.3.RELEASE/spring-beans-5.1.3.RELEASE.jar:/home/user/.m2/repository/org/springframework/spring-core/5.1.3.RELEASE/spring-core-5.1.3.RELEASE.jar:/home/user/.m2/repository/org/springframework/spring-jcl/5.1.3.RELEASE/spring-jcl-5.1.3.RELEASE.jar:/home/user/.m2/repository/org/springframework/spring-tx/5.1.3.RELEASE/spring-tx-5.1.3.RELEASE.jar:/home/user/.m2/repository/org/apache/hadoop/hadoop-ozone-client/0.5.0-SNAPSHOT/hadoop-ozone-client-0.5.0-SNAPSHOT.jar:/home/user/.m2/repository/commons-lang/commons-lang/2.6/commons-lang-2.6.jar:/home/user/.m2/repository/org/apache/hadoop/hadoop-ozone-ozone-manager/0.5.0-SNAPSHOT/hadoop-ozone-ozone-manager-0.5.0-SNAPSHOT-tests.jar:/home/user/.m2/repository/junit/junit/4.11/junit-4.11.jar:/home/user/.m2/repository/org/hamcrest/hamcrest-core/1.3/hamcrest-core-1.3.jar:/home/user/.m2/repository/org/openjdk/jmh/jmh-core/1.19/jmh-core-1.19.jar:/home/user/.m2/repository/net/sf/jopt-simple/jopt-simple/4.6/jopt-simple-4.6.jar:/home/user/.m2/repository/org/apache/commons/commons-math3/3.1.1/commons-math3-3.1.1.jar:/home/user/.m2/repository/org/openjdk/jmh/jmh-generator-annprocess/1.19/jmh-generator-annprocess-1.19.jar:/home/user/.m2/repository/org/mockito/mockito-all/1.8.5/mockito-all-1.8.5.jar:/home/user/.m2/repository/org/apache/hadoop/hadoop-kms/3.2.0/hadoop-kms-3.2.0.jar:/home/user/.m2/repository/org/apache/hadoop/hadoop-auth/3.2.0/hadoop-auth-3.2.0.jar:/home/user/.m2/repository/com/nimbusds/nimbus-jose-jwt/4.41.1/nimbus-jose-jwt-4.41.1.jar:/home/user/.m2/repository/com/github/stephenc/jcip/jcip-annotations/1.0-1/jcip-annotations-1.0-1.jar:/home/user/.m2/repository/net/minidev/json-smart/2.3/json-smart-2.3.jar:/home/user/.m2/repository/net/minidev/accessors-smart/1.2/accessors-smart-1.2.jar:/home/user/.m2/repository/org/ow2/asm/asm/5.0.4/asm-5.0.4.jar:/home/user/.m2/repository/org/apache/curator/curator-framework/2.12.0/curator-framework-2.12.0.jar:/home/user/.m2/repository/com/sun/jersey/jersey-core/1.19/jersey-core-1.19.jar:/home/user/.m2/repository/javax/ws/rs/jsr311-api/1.1.1/jsr311-api-1.1.1.jar:/home/user/.m2/repository/com/sun/jersey/jersey-server/1.19/jersey-server-1.19.jar:/home/user/.m2/repository/javax/servlet/javax.servlet-api/3.1.0/javax.servlet-api-3.1.0.jar:/home/user/.m2/repository/org/eclipse/jetty/jetty-server/9.3.25.v20180904/jetty-server-9.3.25.v20180904.jar:/home/user/.m2/repository/org/eclipse/jetty/jetty-http/9.3.25.v20180904/jetty-http-9.3.25.v20180904.jar:/home/user/.m2/repository/org/eclipse/jetty/jetty-io/9.3.25.v20180904/jetty-io-9.3.25.v20180904.jar:/home/user/.m2/repository/org/eclipse/jetty/jetty-webapp/9.3.25.v20180904/jetty-webapp-9.3.25.v20180904.jar:/home/user/.m2/repository/org/eclipse/jetty/jetty-xml/9.3.25.v20180904/jetty-xml-9.3.25.v20180904.jar:/home/user/.m2/repository/log4j/log4j/1.2.17/log4j-1.2.17.jar:/home/user/.m2/repository/org/slf4j/slf4j-api/1.7.25/slf4j-api-1.7.25.jar:/home/user/.m2/repository/org/slf4j/jul-to-slf4j/1.7.25/jul-to-slf4j-1.7.25.jar:/home/user/.m2/repository/org/eclipse/jetty/jetty-util/9.3.25.v20180904/jetty-util-9.3.25.v20180904.jar:/home/user/.m2/repository/com/fasterxml/jackson/core/jackson-databind/2.9.9/jackson-databind-2.9.9.jar:/home/user/.m2/repository/org/apache/hadoop/hadoop-kms/3.2.0/hadoop-kms-3.2.0-tests.jar:/home/user/.m2/repository/org/apache/hadoop/hadoop-hdds-server-scm/0.5.0-SNAPSHOT/hadoop-hdds-server-scm-0.5.0-SNAPSHOT-tests.jar:/home/user/.m2/repository/org/apache/hadoop/hadoop-hdds-container-service/0.5.0-SNAPSHOT/hadoop-hdds-container-service-0.5.0-SNAPSHOT-tests.jar:/home/user/.m2/repository/org/yaml/snakeyaml/1.16/snakeyaml-1.16.jar:/home/user/.m2/repository/org/apache/hadoop/hadoop-common/3.2.0/hadoop-common-3.2.0-tests.jar:/home/user/.m2/repository/org/apache/hadoop/hadoop-annotations/3.2.0/hadoop-annotations-3.2.0.jar:/usr/lib/jvm/java-1.8-openjdk/jre/../lib/tools.jar:/home/user/.m2/repository/commons-cli/commons-cli/1.2/commons-cli-1.2.jar:/home/user/.m2/repository/org/apache/httpcomponents/httpclient/4.5.2/httpclient-4.5.2.jar:/home/user/.m2/repository/org/apache/httpcomponents/httpcore/4.4.4/httpcore-4.4.4.jar:/home/user/.m2/repository/commons-codec/commons-codec/1.11/commons-codec-1.11.jar:/home/user/.m2/repository/commons-net/commons-net/3.6/commons-net-3.6.jar:/home/user/.m2/repository/commons-collections/commons-collections/3.2.2/commons-collections-3.2.2.jar:/home/user/.m2/repository/org/eclipse/jetty/jetty-servlet/9.3.25.v20180904/jetty-servlet-9.3.25.v20180904.jar:/home/user/.m2/repository/org/eclipse/jetty/jetty-security/9.3.25.v20180904/jetty-security-9.3.25.v20180904.jar:/home/user/.m2/repository/javax/servlet/jsp/jsp-api/2.1/jsp-api-2.1.jar:/home/user/.m2/repository/com/sun/jersey/jersey-servlet/1.19/jersey-servlet-1.19.jar:/home/user/.m2/repository/com/sun/jersey/jersey-json/1.19/jersey-json-1.19.jar:/home/user/.m2/repository/org/codehaus/jettison/jettison/1.1/jettison-1.1.jar:/home/user/.m2/repository/org/codehaus/jackson/jackson-core-asl/1.9.13/jackson-core-asl-1.9.13.jar:/home/user/.m2/repository/org/codehaus/jackson/jackson-mapper-asl/1.9.13/jackson-mapper-asl-1.9.13.jar:/home/user/.m2/repository/org/codehaus/jackson/jackson-jaxrs/1.9.13/jackson-jaxrs-1.9.13.jar:/home/user/.m2/repository/org/codehaus/jackson/jackson-xc/1.9.13/jackson-xc-1.9.13.jar:/home/user/.m2/repository/commons-logging/commons-logging/1.1.3/commons-logging-1.1.3.jar:/home/user/.m2/repository/commons-beanutils/commons-beanutils/1.9.4/commons-beanutils-1.9.4.jar:/home/user/.m2/repository/org/apache/commons/commons-configuration2/2.1.1/commons-configuration2-2.1.1.jar:/home/user/.m2/repository/org/apache/commons/commons-lang3/3.7/commons-lang3-3.7.jar:/home/user/.m2/repository/org/apache/commons/commons-text/1.4/commons-text-1.4.jar:/home/user/.m2/repository/org/apache/avro/avro/1.7.7/avro-1.7.7.jar:/home/user/.m2/repository/com/thoughtworks/paranamer/paranamer/2.3/paranamer-2.3.jar:/home/user/.m2/repository/org/xerial/snappy/snappy-java/1.0.5/snappy-java-1.0.5.jar:/home/user/.m2/repository/com/google/re2j/re2j/1.1/re2j-1.1.jar:/home/user/.m2/repository/com/google/code/gson/gson/2.2.4/gson-2.2.4.jar:/home/user/.m2/repository/com/jcraft/jsch/0.1.54/jsch-0.1.54.jar:/home/user/.m2/repository/org/apache/curator/curator-client/2.12.0/curator-client-2.12.0.jar:/home/user/.m2/repository/org/apache/curator/curator-recipes/2.12.0/curator-recipes-2.12.0.jar:/home/user/.m2/repository/com/google/code/findbugs/jsr305/3.0.0/jsr305-3.0.0.jar:/home/user/.m2/repository/org/apache/htrace/htrace-core4/4.1.0-incubating/htrace-core4-4.1.0-incubating.jar:/home/user/.m2/repository/org/apache/zookeeper/zookeeper/3.4.13/zookeeper-3.4.13.jar:/home/user/.m2/repository/jline/jline/0.9.94/jline-0.9.94.jar:/home/user/.m2/repository/org/apache/yetus/audience-annotations/0.5.0/audience-annotations-0.5.0.jar:/home/user/.m2/repository/org/codehaus/woodstox/stax2-api/3.1.4/stax2-api-3.1.4.jar:/home/user/.m2/repository/com/fasterxml/woodstox/woodstox-core/5.0.3/woodstox-core-5.0.3.jar:/home/user/.m2/repository/dnsjava/dnsjava/2.1.7/dnsjava-2.1.7.jar:/home/user/.m2/repository/org/apache/hadoop/hadoop-hdfs/3.2.0/hadoop-hdfs-3.2.0-tests.jar:/home/user/.m2/repository/org/eclipse/jetty/jetty-util-ajax/9.3.25.v20180904/jetty-util-ajax-9.3.25.v20180904.jar:/home/user/.m2/repository/commons-daemon/commons-daemon/1.0.13/commons-daemon-1.0.13.jar:/home/user/.m2/repository/io/netty/netty/3.10.5.Final/netty-3.10.5.Final.jar:/home/user/.m2/repository/io/netty/netty-all/4.0.52.Final/netty-all-4.0.52.Final.jar:/home/user/.m2/repository/org/fusesource/leveldbjni/leveldbjni-all/1.8/leveldbjni-all-1.8.jar:"/>
    <property name="sun.cpu.endian" value="little"/>
    <property name="user.home" value="/home/user"/>
    <property name="user.language" value="en"/>
    <property name="java.specification.vendor" value="Oracle Corporation"/>
    <property name="java.home" value="/usr/lib/jvm/java-1.8-openjdk/jre"/>
    <property name="java.security.krb5.conf" value="/workdir/hadoop-ozone/integration-test/target/test-classes/krb5.conf"/>
    <property name="basedir" value="/workdir/hadoop-ozone/integration-test"/>
    <property name="file.separator" value="/"/>
    <property name="line.separator" value="&#10;"/>
    <property name="java.vm.specification.vendor" value="Oracle Corporation"/>
    <property name="java.specification.name" value="Java Platform API Specification"/>
    <property name="java.awt.graphicsenv" value="sun.awt.X11GraphicsEnvironment"/>
    <property name="surefire.real.class.path" value="/workdir/hadoop-ozone/integration-test/target/surefire/surefirebooter3987512940194225327.jar"/>
    <property name="hadoop.log.dir" value="/workdir/hadoop-ozone/integration-test/target/log"/>
    <property name="sun.boot.class.path" value="/usr/lib/jvm/java-1.8-openjdk/jre/lib/resources.jar:/usr/lib/jvm/java-1.8-openjdk/jre/lib/rt.jar:/usr/lib/jvm/java-1.8-openjdk/jre/lib/sunrsasign.jar:/usr/lib/jvm/java-1.8-openjdk/jre/lib/jsse.jar:/usr/lib/jvm/java-1.8-openjdk/jre/lib/jce.jar:/usr/lib/jvm/java-1.8-openjdk/jre/lib/charsets.jar:/usr/lib/jvm/java-1.8-openjdk/jre/lib/jfr.jar:/usr/lib/jvm/java-1.8-openjdk/jre/classes"/>
    <property name="sun.management.compiler" value="HotSpot 64-Bit Tiered Compilers"/>
    <property name="java.runtime.version" value="1.8.0_212-b04"/>
    <property name="java.net.preferIPv4Stack" value="true"/>
    <property name="user.name" value="jenkins1000"/>
    <property name="path.separator" value=":"/>
    <property name="java.security.egd" value="file:///dev/urandom"/>
    <property name="os.version" value="3.10.0-957.12.2.el7.x86_64"/>
    <property name="java.endorsed.dirs" value="/usr/lib/jvm/java-1.8-openjdk/jre/lib/endorsed"/>
    <property name="java.runtime.name" value="OpenJDK Runtime Environment"/>
    <property name="file.encoding" value="UTF-8"/>
    <property name="java.vm.name" value="OpenJDK 64-Bit Server VM"/>
    <property name="test.build.webapps" value=""/>
    <property name="localRepository" value="/home/user/.m2/repository"/>
    <property name="java.vendor.url.bug" value="https://icedtea.classpath.org/bugzilla"/>
    <property name="java.io.tmpdir" value="/tmp"/>
    <property name="require.test.libhadoop" value=""/>
    <property name="java.version" value="1.8.0_212"/>
    <property name="user.dir" value="/workdir/hadoop-ozone/integration-test"/>
    <property name="os.arch" value="amd64"/>
    <property name="java.vm.specification.name" value="Java Virtual Machine Specification"/>
    <property name="test.build.classes" value="/workdir/hadoop-ozone/integration-test/target/test-classes"/>
    <property name="java.awt.printerjob" value="sun.print.PSPrinterJob"/>
    <property name="sun.os.patch.level" value="unknown"/>
    <property name="hadoop.tmp.dir" value="/workdir/hadoop-ozone/integration-test/target/tmp"/>
    <property name="java.library.path" value="/usr/lib/jvm/java-1.8-openjdk/jre/lib/amd64/server:/usr/lib/jvm/java-1.8-openjdk/jre/lib/amd64:/usr/lib/jvm/java-1.8-openjdk/jre/../lib/amd64:/workdir/hadoop-ozone/integration-test/target/native/target/usr/local/lib:/workdir/hadoop-ozone/integration-test/../../hadoop-common-project/hadoop-common/target/native/target/usr/local/lib:/usr/java/packages/lib/amd64:/usr/lib64:/lib64:/lib:/usr/lib"/>
    <property name="java.vm.info" value="mixed mode"/>
    <property name="java.vendor" value="IcedTea"/>
    <property name="java.vm.version" value="25.212-b04"/>
    <property name="java.ext.dirs" value="/usr/lib/jvm/java-1.8-openjdk/jre/lib/ext:/usr/java/packages/lib/ext"/>
    <property name="sun.io.unicode.encoding" value="UnicodeLittle"/>
    <property name="java.class.version" value="52.0"/>
  </properties>
  <testcase name="testWatchForCommitWithKeyWrite" classname="org.apache.hadoop.ozone.client.rpc.TestWatchForCommit" time="84.948"/>
  <testcase name="testWatchForCommitWithSmallerTimeoutValue" classname="org.apache.hadoop.ozone.client.rpc.TestWatchForCommit" time="42.773"/>
  <testcase name="testWatchForCommitForRetryfailure" classname="org.apache.hadoop.ozone.client.rpc.TestWatchForCommit" time="61.972">
    <failure type="java.lang.AssertionError">java.lang.AssertionError
	at org.junit.Assert.fail(Assert.java:86)
	at org.junit.Assert.assertTrue(Assert.java:41)
	at org.junit.Assert.assertTrue(Assert.java:52)
	at org.apache.hadoop.ozone.client.rpc.TestWatchForCommit.testWatchForCommitForRetryfailure(TestWatchForCommit.java:348)
	at sun.reflect.NativeMethodAccessorImpl.invoke0(Native Method)
	at sun.reflect.NativeMethodAccessorImpl.invoke(NativeMethodAccessorImpl.java:62)
	at sun.reflect.DelegatingMethodAccessorImpl.invoke(DelegatingMethodAccessorImpl.java:43)
	at java.lang.reflect.Method.invoke(Method.java:498)
	at org.junit.runners.model.FrameworkMethod$1.runReflectiveCall(FrameworkMethod.java:47)
	at org.junit.internal.runners.model.ReflectiveCallable.run(ReflectiveCallable.java:12)
	at org.junit.runners.model.FrameworkMethod.invokeExplosively(FrameworkMethod.java:44)
	at org.junit.internal.runners.statements.InvokeMethod.evaluate(InvokeMethod.java:17)
	at org.junit.runners.ParentRunner.runLeaf(ParentRunner.java:271)
	at org.junit.runners.BlockJUnit4ClassRunner.runChild(BlockJUnit4ClassRunner.java:70)
	at org.junit.runners.BlockJUnit4ClassRunner.runChild(BlockJUnit4ClassRunner.java:50)
	at org.junit.runners.ParentRunner$3.run(ParentRunner.java:238)
	at org.junit.runners.ParentRunner$1.schedule(ParentRunner.java:63)
	at org.junit.runners.ParentRunner.runChildren(ParentRunner.java:236)
	at org.junit.runners.ParentRunner.access$000(ParentRunner.java:53)
	at org.junit.runners.ParentRunner$2.evaluate(ParentRunner.java:229)
	at org.junit.runners.ParentRunner.run(ParentRunner.java:309)
	at org.apache.maven.surefire.junit4.JUnit4Provider.execute(JUnit4Provider.java:365)
	at org.apache.maven.surefire.junit4.JUnit4Provider.executeWithRerun(JUnit4Provider.java:273)
	at org.apache.maven.surefire.junit4.JUnit4Provider.executeTestSet(JUnit4Provider.java:238)
	at org.apache.maven.surefire.junit4.JUnit4Provider.invoke(JUnit4Provider.java:159)
	at org.apache.maven.surefire.booter.ForkedBooter.invokeProviderInSameClassLoader(ForkedBooter.java:384)
	at org.apache.maven.surefire.booter.ForkedBooter.runSuitesInProcess(ForkedBooter.java:345)
	at org.apache.maven.surefire.booter.ForkedBooter.execute(ForkedBooter.java:126)
	at org.apache.maven.surefire.booter.ForkedBooter.main(ForkedBooter.java:418)
</failure>
    <system-out><![CDATA[2019-10-09 06:21:30,951 [main] WARN  server.ServerUtils (ServerUtils.java:getScmDbDir(145)) - ozone.scm.db.dirs is not configured. We recommend adding this setting. Falling back to ozone.metadata.dirs instead.
2019-10-09 06:21:30,967 [main] WARN  server.ServerUtils (ServerUtils.java:getScmDbDir(145)) - ozone.scm.db.dirs is not configured. We recommend adding this setting. Falling back to ozone.metadata.dirs instead.
2019-10-09 06:21:30,968 [main] WARN  server.ServerUtils (ServerUtils.java:getScmDbDir(145)) - ozone.scm.db.dirs is not configured. We recommend adding this setting. Falling back to ozone.metadata.dirs instead.
2019-10-09 06:21:30,969 [main] INFO  db.DBStoreBuilder (DBStoreBuilder.java:addTable(117)) - using custom profile for table: deletedBlocks
2019-10-09 06:21:30,969 [main] INFO  db.DBStoreBuilder (DBStoreBuilder.java:processTables(168)) - Using default column profile:DBProfile.DISK for Table:deletedBlocks
2019-10-09 06:21:30,969 [main] INFO  db.DBStoreBuilder (DBStoreBuilder.java:addTable(117)) - using custom profile for table: validCerts
2019-10-09 06:21:30,969 [main] INFO  db.DBStoreBuilder (DBStoreBuilder.java:processTables(168)) - Using default column profile:DBProfile.DISK for Table:validCerts
2019-10-09 06:21:30,970 [main] INFO  db.DBStoreBuilder (DBStoreBuilder.java:addTable(117)) - using custom profile for table: revokedCerts
2019-10-09 06:21:30,970 [main] INFO  db.DBStoreBuilder (DBStoreBuilder.java:processTables(168)) - Using default column profile:DBProfile.DISK for Table:revokedCerts
2019-10-09 06:21:30,970 [main] INFO  db.DBStoreBuilder (DBStoreBuilder.java:addTable(117)) - using custom profile for table: default
2019-10-09 06:21:30,970 [main] INFO  db.DBStoreBuilder (DBStoreBuilder.java:processTables(174)) - Using default column profile:DBProfile.DISK for Table:default
2019-10-09 06:21:30,971 [main] INFO  db.DBStoreBuilder (DBStoreBuilder.java:getDbProfile(205)) - Using default options. DBProfile.DISK
2019-10-09 06:21:31,128 [main] INFO  net.NodeSchemaLoader (NodeSchemaLoader.java:loadSchemaFromFile(125)) - Loading file from sun.misc.CompoundEnumeration@61ae0d43
2019-10-09 06:21:31,128 [main] INFO  net.NodeSchemaLoader (NodeSchemaLoader.java:loadSchema(171)) - Loading network topology layer schema file
2019-10-09 06:21:31,134 [main] WARN  server.ServerUtils (ServerUtils.java:sanitizeUserArgs(70)) - ozone.scm.stale.node.interval value = 300000 is larger than max = 100000 based on the key value of ozone.scm.heartbeat.thread.interval, reset to the max value 100000.
2019-10-09 06:21:31,134 [main] WARN  server.ServerUtils (ServerUtils.java:sanitizeUserArgs(70)) - ozone.scm.stale.node.interval value = 300000 is larger than max = 100000 based on the key value of ozone.scm.heartbeat.thread.interval, reset to the max value 100000.
2019-10-09 06:21:31,134 [main] INFO  node.SCMNodeManager (SCMNodeManager.java:<init>(116)) - Entering startup safe mode.
2019-10-09 06:21:31,135 [main] INFO  algorithms.ContainerPlacementPolicyFactory (ContainerPlacementPolicyFactory.java:getPolicy(57)) - Create container placement policy of type org.apache.hadoop.hdds.scm.container.placement.algorithms.SCMContainerPlacementRandom
2019-10-09 06:21:31,135 [main] WARN  server.ServerUtils (ServerUtils.java:getScmDbDir(145)) - ozone.scm.db.dirs is not configured. We recommend adding this setting. Falling back to ozone.metadata.dirs instead.
2019-10-09 06:21:31,219 [main] INFO  pipeline.SCMPipelineManager (SCMPipelineManager.java:initializePipelineState(132)) - No pipeline exists in current db
2019-10-09 06:21:31,220 [main] WARN  server.ServerUtils (ServerUtils.java:getScmDbDir(145)) - ozone.scm.db.dirs is not configured. We recommend adding this setting. Falling back to ozone.metadata.dirs instead.
2019-10-09 06:21:31,312 [main] WARN  events.EventQueue (EventQueue.java:fireEvent(183)) - No event handler registered for event TypedEvent{payloadType=SafeModeStatus, name='SafeModeStatus'}
2019-10-09 06:21:31,314 [main] INFO  ipc.CallQueueManager (CallQueueManager.java:<init>(84)) - Using callQueue: class java.util.concurrent.LinkedBlockingQueue, queueCapacity: 2000, scheduler: class org.apache.hadoop.ipc.DefaultRpcScheduler, ipcBackoff: false.
2019-10-09 06:21:31,315 [Socket Reader #1 for port 33101] INFO  ipc.Server (Server.java:run(1074)) - Starting Socket Reader #1 for port 33101
2019-10-09 06:21:31,317 [main] INFO  ipc.CallQueueManager (CallQueueManager.java:<init>(84)) - Using callQueue: class java.util.concurrent.LinkedBlockingQueue, queueCapacity: 2000, scheduler: class org.apache.hadoop.ipc.DefaultRpcScheduler, ipcBackoff: false.
2019-10-09 06:21:31,318 [Socket Reader #1 for port 45916] INFO  ipc.Server (Server.java:run(1074)) - Starting Socket Reader #1 for port 45916
2019-10-09 06:21:31,320 [main] INFO  ipc.CallQueueManager (CallQueueManager.java:<init>(84)) - Using callQueue: class java.util.concurrent.LinkedBlockingQueue, queueCapacity: 2000, scheduler: class org.apache.hadoop.ipc.DefaultRpcScheduler, ipcBackoff: false.
2019-10-09 06:21:31,320 [Socket Reader #1 for port 42569] INFO  ipc.Server (Server.java:run(1074)) - Starting Socket Reader #1 for port 42569
2019-10-09 06:21:31,323 [main] INFO  hdfs.DFSUtil (DFSUtil.java:httpServerTemplateForNNAndJN(1641)) - Starting Web-server for scm at: http://0.0.0.0:0
2019-10-09 06:21:31,325 [main] INFO  server.AuthenticationFilter (AuthenticationFilter.java:constructSecretProvider(240)) - Unable to initialize FileSignerSecretProvider, falling back to use random secrets.
2019-10-09 06:21:31,326 [main] WARN  http.HttpRequestLog (HttpRequestLog.java:getRequestLog(97)) - Jetty request log can only be enabled using Log4j
2019-10-09 06:21:31,328 [main] INFO  http.HttpServer2 (HttpServer2.java:addGlobalFilter(975)) - Added global filter 'safety' (class=org.apache.hadoop.http.HttpServer2$QuotingInputFilter)
2019-10-09 06:21:31,329 [main] INFO  http.HttpServer2 (HttpServer2.java:addFilter(948)) - Added filter static_user_filter (class=org.apache.hadoop.http.lib.StaticUserWebFilter$StaticUserFilter) to context scm
2019-10-09 06:21:31,329 [main] INFO  http.HttpServer2 (HttpServer2.java:addFilter(958)) - Added filter static_user_filter (class=org.apache.hadoop.http.lib.StaticUserWebFilter$StaticUserFilter) to context static
2019-10-09 06:21:31,329 [main] INFO  http.HttpServer2 (HttpServer2.java:addFilter(958)) - Added filter static_user_filter (class=org.apache.hadoop.http.lib.StaticUserWebFilter$StaticUserFilter) to context logs
2019-10-09 06:21:31,331 [main] INFO  server.StorageContainerManager (StorageContainerManager.java:start(772)) - StorageContainerLocationProtocol RPC server is listening at /0.0.0.0:42569
2019-10-09 06:21:31,334 [main] WARN  impl.MetricsConfig (MetricsConfig.java:loadFirst(134)) - Cannot locate configuration: tried hadoop-metrics2-storagecontainermanager.properties,hadoop-metrics2.properties
2019-10-09 06:21:31,335 [main] INFO  impl.MetricsSystemImpl (MetricsSystemImpl.java:startTimer(374)) - Scheduled Metric snapshot period at 10 second(s).
2019-10-09 06:21:31,335 [main] INFO  impl.MetricsSystemImpl (MetricsSystemImpl.java:start(191)) - StorageContainerManager metrics system started
2019-10-09 06:21:31,342 [main] INFO  lib.Interns (Interns.java:removeEldestEntry(50)) - Metrics intern cache overflow at 2011 for MetricsSystem={MetricsSystem=MetricsInfoImpl{name=MetricsSystem, description=MetricsSystem}, MetricsSystem record=MetricsInfoImpl{name=MetricsSystem, description=MetricsSystem record}}
2019-10-09 06:21:31,375 [main] WARN  impl.MetricsSystemImpl (MetricsSystemImpl.java:register(276)) - Sink prometheus already exists!
2019-10-09 06:21:31,411 [main] INFO  server.SCMClientProtocolServer (SCMClientProtocolServer.java:start(159)) - RPC server for Client  is listening at /0.0.0.0:42569
2019-10-09 06:21:31,412 [IPC Server Responder] INFO  ipc.Server (Server.java:run(1314)) - IPC Server Responder: starting
2019-10-09 06:21:31,412 [IPC Server listener on 42569] INFO  ipc.Server (Server.java:run(1153)) - IPC Server listener on 42569: starting
2019-10-09 06:21:31,415 [main] INFO  server.StorageContainerManager (StorageContainerManager.java:start(782)) - ScmBlockLocationProtocol RPC server is listening at /0.0.0.0:45916
2019-10-09 06:21:31,416 [main] INFO  server.SCMBlockProtocolServer (SCMBlockProtocolServer.java:start(146)) - RPC server for Block Protocol is listening at /0.0.0.0:45916
2019-10-09 06:21:31,416 [IPC Server listener on 45916] INFO  ipc.Server (Server.java:run(1153)) - IPC Server listener on 45916: starting
2019-10-09 06:21:31,416 [IPC Server Responder] INFO  ipc.Server (Server.java:run(1314)) - IPC Server Responder: starting
2019-10-09 06:21:31,420 [main] INFO  server.StorageContainerManager (StorageContainerManager.java:start(786)) - ScmDatanodeProtocl RPC server is listening at /0.0.0.0:33101
2019-10-09 06:21:31,420 [main] INFO  server.SCMDatanodeProtocolServer (SCMDatanodeProtocolServer.java:start(169)) - RPC server for DataNodes is listening at /0.0.0.0:33101
2019-10-09 06:21:31,420 [IPC Server Responder] INFO  ipc.Server (Server.java:run(1314)) - IPC Server Responder: starting
2019-10-09 06:21:31,420 [IPC Server listener on 33101] INFO  ipc.Server (Server.java:run(1153)) - IPC Server listener on 33101: starting
2019-10-09 06:21:31,425 [main] INFO  http.HttpServer2 (HttpServer2.java:bindListener(1191)) - Jetty bound to port 45618
2019-10-09 06:21:31,425 [main] INFO  server.Server (Server.java:doStart(351)) - jetty-9.3.25.v20180904, build timestamp: 2018-09-04T21:11:46Z, git hash: 3ce520221d0240229c862b122d2b06c12a625732
2019-10-09 06:21:31,428 [main] INFO  handler.ContextHandler (ContextHandler.java:doStart(781)) - Started o.e.j.s.ServletContextHandler@161dd92a{/logs,file:///workdir/hadoop-ozone/integration-test/target/log,AVAILABLE}
2019-10-09 06:21:31,428 [main] INFO  handler.ContextHandler (ContextHandler.java:doStart(781)) - Started o.e.j.s.ServletContextHandler@252744a1{/static,file:///workdir/hadoop-ozone/integration-test/target/test-classes/webapps/static,AVAILABLE}
2019-10-09 06:21:31,434 [main] INFO  handler.ContextHandler (ContextHandler.java:doStart(781)) - Started o.e.j.w.WebAppContext@66fb45e5{/,file:///workdir/hadoop-ozone/integration-test/target/test-classes/webapps/scm/,AVAILABLE}{/scm}
2019-10-09 06:21:31,435 [main] INFO  server.AbstractConnector (AbstractConnector.java:doStart(278)) - Started ServerConnector@6cbe68e9{HTTP/1.1,[http/1.1]}{0.0.0.0:45618}
2019-10-09 06:21:31,436 [main] INFO  server.Server (Server.java:doStart(419)) - Started @128690ms
2019-10-09 06:21:31,436 [main] WARN  impl.MetricsSystemImpl (MetricsSystemImpl.java:register(276)) - Sink prometheus already exists!
2019-10-09 06:21:31,437 [main] INFO  server.BaseHttpServer (BaseHttpServer.java:updateConnectorAddress(215)) - HTTP server of SCM is listening at http://0.0.0.0:45618
2019-10-09 06:21:31,438 [main] WARN  server.ServerUtils (ServerUtils.java:getDBPath(222)) - ozone.om.db.dirs is not configured. We recommend adding this setting. Falling back to ozone.metadata.dirs instead.
2019-10-09 06:21:31,439 [org.apache.hadoop.util.JvmPauseMonitor$Monitor@750a04ec] INFO  util.JvmPauseMonitor (JvmPauseMonitor.java:run(188)) - Starting JVM pause monitor
2019-10-09 06:21:31,452 [main] INFO  ha.OMHANodeDetails (OMHANodeDetails.java:loadOMHAConfig(190)) - Configuration either no ozone.om.address set. Falling back to the default OM address /127.0.0.1:0
2019-10-09 06:21:31,452 [main] INFO  ha.OMHANodeDetails (OMHANodeDetails.java:getOMNodeDetails(220)) - OM Service ID is not set. Setting it to the default ID: omServiceIdDefault
2019-10-09 06:21:31,453 [main] WARN  server.ServerUtils (ServerUtils.java:getDBPath(222)) - ozone.om.db.dirs is not configured. We recommend adding this setting. Falling back to ozone.metadata.dirs instead.
2019-10-09 06:21:31,453 [main] WARN  server.ServerUtils (ServerUtils.java:getDBPath(222)) - ozone.om.db.dirs is not configured. We recommend adding this setting. Falling back to ozone.metadata.dirs instead.
2019-10-09 06:21:31,462 [main] WARN  server.ServerUtils (ServerUtils.java:getDBPath(222)) - ozone.om.db.dirs is not configured. We recommend adding this setting. Falling back to ozone.metadata.dirs instead.
2019-10-09 06:21:31,463 [main] INFO  db.DBStoreBuilder (DBStoreBuilder.java:addTable(117)) - using custom profile for table: userTable
2019-10-09 06:21:31,463 [main] INFO  db.DBStoreBuilder (DBStoreBuilder.java:processTables(168)) - Using default column profile:DBProfile.DISK for Table:userTable
2019-10-09 06:21:31,463 [main] INFO  db.DBStoreBuilder (DBStoreBuilder.java:addTable(117)) - using custom profile for table: volumeTable
2019-10-09 06:21:31,463 [main] INFO  db.DBStoreBuilder (DBStoreBuilder.java:processTables(168)) - Using default column profile:DBProfile.DISK for Table:volumeTable
2019-10-09 06:21:31,464 [main] INFO  db.DBStoreBuilder (DBStoreBuilder.java:addTable(117)) - using custom profile for table: bucketTable
2019-10-09 06:21:31,464 [main] INFO  db.DBStoreBuilder (DBStoreBuilder.java:processTables(168)) - Using default column profile:DBProfile.DISK for Table:bucketTable
2019-10-09 06:21:31,464 [main] INFO  db.DBStoreBuilder (DBStoreBuilder.java:addTable(117)) - using custom profile for table: keyTable
2019-10-09 06:21:31,464 [main] INFO  db.DBStoreBuilder (DBStoreBuilder.java:processTables(168)) - Using default column profile:DBProfile.DISK for Table:keyTable
2019-10-09 06:21:31,465 [main] INFO  db.DBStoreBuilder (DBStoreBuilder.java:addTable(117)) - using custom profile for table: deletedTable
2019-10-09 06:21:31,465 [main] INFO  db.DBStoreBuilder (DBStoreBuilder.java:processTables(168)) - Using default column profile:DBProfile.DISK for Table:deletedTable
2019-10-09 06:21:31,465 [main] INFO  db.DBStoreBuilder (DBStoreBuilder.java:addTable(117)) - using custom profile for table: openKeyTable
2019-10-09 06:21:31,465 [main] INFO  db.DBStoreBuilder (DBStoreBuilder.java:processTables(168)) - Using default column profile:DBProfile.DISK for Table:openKeyTable
2019-10-09 06:21:31,465 [main] INFO  db.DBStoreBuilder (DBStoreBuilder.java:addTable(117)) - using custom profile for table: s3Table
2019-10-09 06:21:31,466 [main] INFO  db.DBStoreBuilder (DBStoreBuilder.java:processTables(168)) - Using default column profile:DBProfile.DISK for Table:s3Table
2019-10-09 06:21:31,466 [main] INFO  db.DBStoreBuilder (DBStoreBuilder.java:addTable(117)) - using custom profile for table: multipartInfoTable
2019-10-09 06:21:31,466 [main] INFO  db.DBStoreBuilder (DBStoreBuilder.java:processTables(168)) - Using default column profile:DBProfile.DISK for Table:multipartInfoTable
2019-10-09 06:21:31,466 [main] INFO  db.DBStoreBuilder (DBStoreBuilder.java:addTable(117)) - using custom profile for table: dTokenTable
2019-10-09 06:21:31,466 [main] INFO  db.DBStoreBuilder (DBStoreBuilder.java:processTables(168)) - Using default column profile:DBProfile.DISK for Table:dTokenTable
2019-10-09 06:21:31,467 [main] INFO  db.DBStoreBuilder (DBStoreBuilder.java:addTable(117)) - using custom profile for table: s3SecretTable
2019-10-09 06:21:31,467 [main] INFO  db.DBStoreBuilder (DBStoreBuilder.java:processTables(168)) - Using default column profile:DBProfile.DISK for Table:s3SecretTable
2019-10-09 06:21:31,467 [main] INFO  db.DBStoreBuilder (DBStoreBuilder.java:addTable(117)) - using custom profile for table: prefixTable
2019-10-09 06:21:31,467 [main] INFO  db.DBStoreBuilder (DBStoreBuilder.java:processTables(168)) - Using default column profile:DBProfile.DISK for Table:prefixTable
2019-10-09 06:21:31,468 [main] INFO  db.DBStoreBuilder (DBStoreBuilder.java:addTable(117)) - using custom profile for table: default
2019-10-09 06:21:31,468 [main] INFO  db.DBStoreBuilder (DBStoreBuilder.java:processTables(174)) - Using default column profile:DBProfile.DISK for Table:default
2019-10-09 06:21:31,468 [main] INFO  db.DBStoreBuilder (DBStoreBuilder.java:getDbProfile(205)) - Using default options. DBProfile.DISK
2019-10-09 06:21:32,130 [main] INFO  ipc.CallQueueManager (CallQueueManager.java:<init>(84)) - Using callQueue: class java.util.concurrent.LinkedBlockingQueue, queueCapacity: 2000, scheduler: class org.apache.hadoop.ipc.DefaultRpcScheduler, ipcBackoff: false.
2019-10-09 06:21:32,131 [Socket Reader #1 for port 38475] INFO  ipc.Server (Server.java:run(1074)) - Starting Socket Reader #1 for port 38475
2019-10-09 06:21:32,148 [main] INFO  om.OzoneManager (OzoneManager.java:start(1069)) - OzoneManager RPC server is listening at localhost/127.0.0.1:38475
2019-10-09 06:21:32,148 [main] INFO  impl.MetricsSystemImpl (MetricsSystemImpl.java:init(158)) - OzoneManager metrics system started (again)
2019-10-09 06:21:32,149 [IPC Server Responder] INFO  ipc.Server (Server.java:run(1314)) - IPC Server Responder: starting
2019-10-09 06:21:32,150 [IPC Server listener on 38475] INFO  ipc.Server (Server.java:run(1153)) - IPC Server listener on 38475: starting
2019-10-09 06:21:32,156 [main] INFO  hdfs.DFSUtil (DFSUtil.java:httpServerTemplateForNNAndJN(1641)) - Starting Web-server for ozoneManager at: http://0.0.0.0:0
2019-10-09 06:21:32,158 [main] INFO  server.AuthenticationFilter (AuthenticationFilter.java:constructSecretProvider(240)) - Unable to initialize FileSignerSecretProvider, falling back to use random secrets.
2019-10-09 06:21:32,158 [main] WARN  http.HttpRequestLog (HttpRequestLog.java:getRequestLog(97)) - Jetty request log can only be enabled using Log4j
2019-10-09 06:21:32,160 [main] INFO  http.HttpServer2 (HttpServer2.java:addGlobalFilter(975)) - Added global filter 'safety' (class=org.apache.hadoop.http.HttpServer2$QuotingInputFilter)
2019-10-09 06:21:32,161 [main] INFO  http.HttpServer2 (HttpServer2.java:addFilter(948)) - Added filter static_user_filter (class=org.apache.hadoop.http.lib.StaticUserWebFilter$StaticUserFilter) to context ozoneManager
2019-10-09 06:21:32,161 [main] INFO  http.HttpServer2 (HttpServer2.java:addFilter(958)) - Added filter static_user_filter (class=org.apache.hadoop.http.lib.StaticUserWebFilter$StaticUserFilter) to context static
2019-10-09 06:21:32,161 [main] INFO  http.HttpServer2 (HttpServer2.java:addFilter(958)) - Added filter static_user_filter (class=org.apache.hadoop.http.lib.StaticUserWebFilter$StaticUserFilter) to context logs
2019-10-09 06:21:32,162 [main] INFO  http.HttpServer2 (HttpServer2.java:bindListener(1191)) - Jetty bound to port 44815
2019-10-09 06:21:32,162 [main] INFO  server.Server (Server.java:doStart(351)) - jetty-9.3.25.v20180904, build timestamp: 2018-09-04T21:11:46Z, git hash: 3ce520221d0240229c862b122d2b06c12a625732
2019-10-09 06:21:32,164 [main] INFO  handler.ContextHandler (ContextHandler.java:doStart(781)) - Started o.e.j.s.ServletContextHandler@546394ed{/logs,file:///workdir/hadoop-ozone/integration-test/target/log,AVAILABLE}
2019-10-09 06:21:32,165 [main] INFO  handler.ContextHandler (ContextHandler.java:doStart(781)) - Started o.e.j.s.ServletContextHandler@2693c618{/static,file:///workdir/hadoop-ozone/integration-test/target/test-classes/webapps/static,AVAILABLE}
2019-10-09 06:21:32,170 [main] INFO  handler.ContextHandler (ContextHandler.java:doStart(781)) - Started o.e.j.w.WebAppContext@2349f14d{/,file:///workdir/hadoop-ozone/integration-test/target/test-classes/webapps/ozoneManager/,AVAILABLE}{/ozoneManager}
2019-10-09 06:21:32,170 [main] INFO  server.AbstractConnector (AbstractConnector.java:doStart(278)) - Started ServerConnector@17e0933c{HTTP/1.1,[http/1.1]}{0.0.0.0:44815}
2019-10-09 06:21:32,171 [main] INFO  server.Server (Server.java:doStart(419)) - Started @129425ms
2019-10-09 06:21:32,171 [main] WARN  impl.MetricsSystemImpl (MetricsSystemImpl.java:register(276)) - Sink prometheus already exists!
2019-10-09 06:21:32,172 [main] INFO  server.BaseHttpServer (BaseHttpServer.java:updateConnectorAddress(215)) - HTTP server of OZONEMANAGER is listening at http://0.0.0.0:44815
2019-10-09 06:21:32,191 [main] INFO  impl.MetricsSystemImpl (MetricsSystemImpl.java:init(158)) - HddsDatanode metrics system started (again)
2019-10-09 06:21:32,194 [main] INFO  ozone.HddsDatanodeService (HddsDatanodeService.java:start(184)) - HddsDatanodeService host:pr-hdds-2269-kpn6k-1406547098 ip:192.168.164.215
2019-10-09 06:21:32,201 [main] INFO  volume.HddsVolume (HddsVolume.java:<init>(176)) - Creating Volume: /workdir/hadoop-ozone/integration-test/target/test-dir/MiniOzoneClusterImpl-5f8fa623-64cf-4f4e-8311-fe7397263f1f/datanode-0/data/containers/hdds of  storage type : DISK and capacity : 1482555576320
2019-10-09 06:21:32,201 [main] INFO  volume.VolumeSet (VolumeSet.java:initializeVolumeSet(170)) - Added Volume : /workdir/hadoop-ozone/integration-test/target/test-dir/MiniOzoneClusterImpl-5f8fa623-64cf-4f4e-8311-fe7397263f1f/datanode-0/data/containers/hdds to VolumeSet
2019-10-09 06:21:32,201 [main] INFO  volume.ThrottledAsyncChecker (ThrottledAsyncChecker.java:schedule(141)) - Scheduling a check for org.apache.hadoop.ozone.container.common.volume.HddsVolume@43cb5f38
2019-10-09 06:21:32,202 [main] INFO  volume.HddsVolumeChecker (HddsVolumeChecker.java:checkAllVolumes(204)) - Scheduled health check for volume org.apache.hadoop.ozone.container.common.volume.HddsVolume@43cb5f38
2019-10-09 06:21:32,219 [main] INFO  impl.RaftServerProxy (ConfUtils.java:logGet(43)) - raft.rpc.type = GRPC (default)
2019-10-09 06:21:32,219 [main] INFO  grpc.GrpcFactory (GrpcFactory.java:checkPooledByteBufAllocatorUseCacheForAllThreads(45)) - PERFORMANCE WARNING: useCacheForAllThreads is true that may cause Netty to create a lot garbage objects and, as a result, trigger GC.
	It is recommended to disable useCacheForAllThreads by setting -Dorg.apache.ratis.thirdparty.io.netty.allocator.useCacheForAllThreads=false in command line.
2019-10-09 06:21:32,219 [main] INFO  grpc.GrpcConfigKeys$Server (ConfUtils.java:logGet(43)) - raft.grpc.server.port = 0 (default)
2019-10-09 06:21:32,220 [main] INFO  server.GrpcService (ConfUtils.java:logGet(43)) - raft.grpc.message.size.max = 33570816 (custom)
2019-10-09 06:21:32,220 [main] INFO  server.RaftServerConfigKeys (ConfUtils.java:logGet(43)) - raft.server.log.appender.buffer.byte-limit = 33554432 (custom)
2019-10-09 06:21:32,220 [main] INFO  server.GrpcService (ConfUtils.java:logGet(43)) - raft.grpc.flow.control.window = 1MB (=1048576) (default)
2019-10-09 06:21:32,220 [main] INFO  server.RaftServerConfigKeys (ConfUtils.java:logGet(43)) - raft.server.rpc.request.timeout = 3000ms (default)
2019-10-09 06:21:32,221 [main] INFO  server.RaftServerConfigKeys (ConfUtils.java:logGet(43)) - raft.server.storage.dir = [/workdir/hadoop-ozone/integration-test/target/test-dir/MiniOzoneClusterImpl-5f8fa623-64cf-4f4e-8311-fe7397263f1f/datanode-0/data/ratis] (custom)
2019-10-09 06:21:32,223 [main] INFO  hdfs.DFSUtil (DFSUtil.java:httpServerTemplateForNNAndJN(1641)) - Starting Web-server for hddsDatanode at: http://0.0.0.0:0
2019-10-09 06:21:32,226 [main] INFO  server.AuthenticationFilter (AuthenticationFilter.java:constructSecretProvider(240)) - Unable to initialize FileSignerSecretProvider, falling back to use random secrets.
2019-10-09 06:21:32,227 [main] WARN  http.HttpRequestLog (HttpRequestLog.java:getRequestLog(97)) - Jetty request log can only be enabled using Log4j
2019-10-09 06:21:32,229 [main] INFO  http.HttpServer2 (HttpServer2.java:addGlobalFilter(975)) - Added global filter 'safety' (class=org.apache.hadoop.http.HttpServer2$QuotingInputFilter)
2019-10-09 06:21:32,230 [main] INFO  http.HttpServer2 (HttpServer2.java:addFilter(948)) - Added filter static_user_filter (class=org.apache.hadoop.http.lib.StaticUserWebFilter$StaticUserFilter) to context hddsDatanode
2019-10-09 06:21:32,230 [main] INFO  http.HttpServer2 (HttpServer2.java:addFilter(958)) - Added filter static_user_filter (class=org.apache.hadoop.http.lib.StaticUserWebFilter$StaticUserFilter) to context logs
2019-10-09 06:21:32,230 [main] INFO  http.HttpServer2 (HttpServer2.java:addFilter(958)) - Added filter static_user_filter (class=org.apache.hadoop.http.lib.StaticUserWebFilter$StaticUserFilter) to context static
2019-10-09 06:21:32,231 [main] INFO  http.HttpServer2 (HttpServer2.java:bindListener(1191)) - Jetty bound to port 46875
2019-10-09 06:21:32,231 [main] INFO  server.Server (Server.java:doStart(351)) - jetty-9.3.25.v20180904, build timestamp: 2018-09-04T21:11:46Z, git hash: 3ce520221d0240229c862b122d2b06c12a625732
2019-10-09 06:21:32,233 [main] INFO  handler.ContextHandler (ContextHandler.java:doStart(781)) - Started o.e.j.s.ServletContextHandler@707ca986{/logs,file:///workdir/hadoop-ozone/integration-test/target/log,AVAILABLE}
2019-10-09 06:21:32,234 [main] INFO  handler.ContextHandler (ContextHandler.java:doStart(781)) - Started o.e.j.s.ServletContextHandler@183ade54{/static,jar:file:/home/user/.m2/repository/org/apache/hadoop/hadoop-hdds-container-service/0.5.0-SNAPSHOT/hadoop-hdds-container-service-0.5.0-SNAPSHOT.jar!/webapps/static,AVAILABLE}
2019-10-09 06:21:32,272 [main] INFO  handler.ContextHandler (ContextHandler.java:doStart(781)) - Started o.e.j.w.WebAppContext@746c411c{/,file:///tmp/jetty-0.0.0.0-46875-hddsDatanode-_-any-6521544864399818950.dir/webapp/,AVAILABLE}{/hddsDatanode}
2019-10-09 06:21:32,272 [main] INFO  server.AbstractConnector (AbstractConnector.java:doStart(278)) - Started ServerConnector@43ecfeb5{HTTP/1.1,[http/1.1]}{0.0.0.0:46875}
2019-10-09 06:21:32,275 [main] INFO  server.Server (Server.java:doStart(419)) - Started @129529ms
2019-10-09 06:21:32,275 [main] WARN  impl.MetricsSystemImpl (MetricsSystemImpl.java:register(276)) - Sink prometheus already exists!
2019-10-09 06:21:32,276 [main] INFO  server.BaseHttpServer (BaseHttpServer.java:updateConnectorAddress(215)) - HTTP server of HDDSDATANODE is listening at http://0.0.0.0:46875
2019-10-09 06:21:32,276 [main] INFO  impl.MetricsSystemImpl (MetricsSystemImpl.java:init(158)) - HddsDatanode metrics system started (again)
2019-10-09 06:21:32,277 [org.apache.hadoop.util.JvmPauseMonitor$Monitor@21c07f05] INFO  util.JvmPauseMonitor (JvmPauseMonitor.java:run(188)) - Starting JVM pause monitor
2019-10-09 06:21:32,280 [main] INFO  ozone.HddsDatanodeService (HddsDatanodeService.java:start(184)) - HddsDatanodeService host:pr-hdds-2269-kpn6k-1406547098 ip:192.168.164.215
2019-10-09 06:21:32,282 [Datanode State Machine Thread - 0] INFO  datanode.InitDatanodeState (InitDatanodeState.java:persistContainerDatanodeDetails(140)) - DatanodeDetails is persisted to /workdir/hadoop-ozone/integration-test/target/test-dir/MiniOzoneClusterImpl-5f8fa623-64cf-4f4e-8311-fe7397263f1f/datanode-0/meta/datanode.id
2019-10-09 06:21:32,287 [main] INFO  volume.HddsVolume (HddsVolume.java:<init>(176)) - Creating Volume: /workdir/hadoop-ozone/integration-test/target/test-dir/MiniOzoneClusterImpl-5f8fa623-64cf-4f4e-8311-fe7397263f1f/datanode-1/data/containers/hdds of  storage type : DISK and capacity : 1482555576320
2019-10-09 06:21:32,288 [main] INFO  volume.VolumeSet (VolumeSet.java:initializeVolumeSet(170)) - Added Volume : /workdir/hadoop-ozone/integration-test/target/test-dir/MiniOzoneClusterImpl-5f8fa623-64cf-4f4e-8311-fe7397263f1f/datanode-1/data/containers/hdds to VolumeSet
2019-10-09 06:21:32,288 [main] INFO  volume.ThrottledAsyncChecker (ThrottledAsyncChecker.java:schedule(141)) - Scheduling a check for org.apache.hadoop.ozone.container.common.volume.HddsVolume@4751e8b9
2019-10-09 06:21:32,288 [main] INFO  volume.HddsVolumeChecker (HddsVolumeChecker.java:checkAllVolumes(204)) - Scheduled health check for volume org.apache.hadoop.ozone.container.common.volume.HddsVolume@4751e8b9
2019-10-09 06:21:32,308 [main] INFO  impl.RaftServerProxy (ConfUtils.java:logGet(43)) - raft.rpc.type = GRPC (default)
2019-10-09 06:21:32,308 [main] INFO  grpc.GrpcFactory (GrpcFactory.java:checkPooledByteBufAllocatorUseCacheForAllThreads(45)) - PERFORMANCE WARNING: useCacheForAllThreads is true that may cause Netty to create a lot garbage objects and, as a result, trigger GC.
	It is recommended to disable useCacheForAllThreads by setting -Dorg.apache.ratis.thirdparty.io.netty.allocator.useCacheForAllThreads=false in command line.
2019-10-09 06:21:32,308 [main] INFO  grpc.GrpcConfigKeys$Server (ConfUtils.java:logGet(43)) - raft.grpc.server.port = 0 (default)
2019-10-09 06:21:32,309 [main] INFO  server.GrpcService (ConfUtils.java:logGet(43)) - raft.grpc.message.size.max = 33570816 (custom)
2019-10-09 06:21:32,309 [main] INFO  server.RaftServerConfigKeys (ConfUtils.java:logGet(43)) - raft.server.log.appender.buffer.byte-limit = 33554432 (custom)
2019-10-09 06:21:32,309 [main] INFO  server.GrpcService (ConfUtils.java:logGet(43)) - raft.grpc.flow.control.window = 1MB (=1048576) (default)
2019-10-09 06:21:32,309 [main] INFO  server.RaftServerConfigKeys (ConfUtils.java:logGet(43)) - raft.server.rpc.request.timeout = 3000ms (default)
2019-10-09 06:21:32,310 [main] INFO  server.RaftServerConfigKeys (ConfUtils.java:logGet(43)) - raft.server.storage.dir = [/workdir/hadoop-ozone/integration-test/target/test-dir/MiniOzoneClusterImpl-5f8fa623-64cf-4f4e-8311-fe7397263f1f/datanode-1/data/ratis] (custom)
2019-10-09 06:21:32,313 [main] INFO  hdfs.DFSUtil (DFSUtil.java:httpServerTemplateForNNAndJN(1641)) - Starting Web-server for hddsDatanode at: http://0.0.0.0:0
2019-10-09 06:21:32,314 [main] INFO  server.AuthenticationFilter (AuthenticationFilter.java:constructSecretProvider(240)) - Unable to initialize FileSignerSecretProvider, falling back to use random secrets.
2019-10-09 06:21:32,315 [main] WARN  http.HttpRequestLog (HttpRequestLog.java:getRequestLog(97)) - Jetty request log can only be enabled using Log4j
2019-10-09 06:21:32,316 [main] INFO  http.HttpServer2 (HttpServer2.java:addGlobalFilter(975)) - Added global filter 'safety' (class=org.apache.hadoop.http.HttpServer2$QuotingInputFilter)
2019-10-09 06:21:32,317 [main] INFO  http.HttpServer2 (HttpServer2.java:addFilter(948)) - Added filter static_user_filter (class=org.apache.hadoop.http.lib.StaticUserWebFilter$StaticUserFilter) to context hddsDatanode
2019-10-09 06:21:32,317 [main] INFO  http.HttpServer2 (HttpServer2.java:addFilter(958)) - Added filter static_user_filter (class=org.apache.hadoop.http.lib.StaticUserWebFilter$StaticUserFilter) to context static
2019-10-09 06:21:32,317 [main] INFO  http.HttpServer2 (HttpServer2.java:addFilter(958)) - Added filter static_user_filter (class=org.apache.hadoop.http.lib.StaticUserWebFilter$StaticUserFilter) to context logs
2019-10-09 06:21:32,318 [main] INFO  http.HttpServer2 (HttpServer2.java:bindListener(1191)) - Jetty bound to port 43554
2019-10-09 06:21:32,319 [main] INFO  server.Server (Server.java:doStart(351)) - jetty-9.3.25.v20180904, build timestamp: 2018-09-04T21:11:46Z, git hash: 3ce520221d0240229c862b122d2b06c12a625732
2019-10-09 06:21:32,321 [main] INFO  handler.ContextHandler (ContextHandler.java:doStart(781)) - Started o.e.j.s.ServletContextHandler@4a50d04a{/logs,file:///workdir/hadoop-ozone/integration-test/target/log,AVAILABLE}
2019-10-09 06:21:32,321 [main] INFO  handler.ContextHandler (ContextHandler.java:doStart(781)) - Started o.e.j.s.ServletContextHandler@73c31181{/static,jar:file:/home/user/.m2/repository/org/apache/hadoop/hadoop-hdds-container-service/0.5.0-SNAPSHOT/hadoop-hdds-container-service-0.5.0-SNAPSHOT.jar!/webapps/static,AVAILABLE}
2019-10-09 06:21:32,361 [main] INFO  handler.ContextHandler (ContextHandler.java:doStart(781)) - Started o.e.j.w.WebAppContext@4b862408{/,file:///tmp/jetty-0.0.0.0-43554-hddsDatanode-_-any-5182925786510824926.dir/webapp/,AVAILABLE}{/hddsDatanode}
2019-10-09 06:21:32,361 [main] INFO  server.AbstractConnector (AbstractConnector.java:doStart(278)) - Started ServerConnector@6ddee60f{HTTP/1.1,[http/1.1]}{0.0.0.0:43554}
2019-10-09 06:21:32,363 [main] INFO  server.Server (Server.java:doStart(419)) - Started @129617ms
2019-10-09 06:21:32,363 [main] WARN  impl.MetricsSystemImpl (MetricsSystemImpl.java:register(276)) - Sink prometheus already exists!
2019-10-09 06:21:32,364 [main] INFO  server.BaseHttpServer (BaseHttpServer.java:updateConnectorAddress(215)) - HTTP server of HDDSDATANODE is listening at http://0.0.0.0:43554
2019-10-09 06:21:32,364 [main] INFO  impl.MetricsSystemImpl (MetricsSystemImpl.java:init(158)) - HddsDatanode metrics system started (again)
2019-10-09 06:21:32,367 [org.apache.hadoop.util.JvmPauseMonitor$Monitor@2a40de7f] INFO  util.JvmPauseMonitor (JvmPauseMonitor.java:run(188)) - Starting JVM pause monitor
2019-10-09 06:21:32,367 [main] INFO  ozone.HddsDatanodeService (HddsDatanodeService.java:start(184)) - HddsDatanodeService host:pr-hdds-2269-kpn6k-1406547098 ip:192.168.164.215
2019-10-09 06:21:32,369 [Datanode State Machine Thread - 0] INFO  datanode.InitDatanodeState (InitDatanodeState.java:persistContainerDatanodeDetails(140)) - DatanodeDetails is persisted to /workdir/hadoop-ozone/integration-test/target/test-dir/MiniOzoneClusterImpl-5f8fa623-64cf-4f4e-8311-fe7397263f1f/datanode-1/meta/datanode.id
2019-10-09 06:21:32,372 [main] INFO  volume.HddsVolume (HddsVolume.java:<init>(176)) - Creating Volume: /workdir/hadoop-ozone/integration-test/target/test-dir/MiniOzoneClusterImpl-5f8fa623-64cf-4f4e-8311-fe7397263f1f/datanode-2/data/containers/hdds of  storage type : DISK and capacity : 1482555576320
2019-10-09 06:21:32,373 [main] INFO  volume.VolumeSet (VolumeSet.java:initializeVolumeSet(170)) - Added Volume : /workdir/hadoop-ozone/integration-test/target/test-dir/MiniOzoneClusterImpl-5f8fa623-64cf-4f4e-8311-fe7397263f1f/datanode-2/data/containers/hdds to VolumeSet
2019-10-09 06:21:32,373 [main] INFO  volume.ThrottledAsyncChecker (ThrottledAsyncChecker.java:schedule(141)) - Scheduling a check for org.apache.hadoop.ozone.container.common.volume.HddsVolume@1946384
2019-10-09 06:21:32,374 [main] INFO  volume.HddsVolumeChecker (HddsVolumeChecker.java:checkAllVolumes(204)) - Scheduled health check for volume org.apache.hadoop.ozone.container.common.volume.HddsVolume@1946384
2019-10-09 06:21:32,393 [main] INFO  impl.RaftServerProxy (ConfUtils.java:logGet(43)) - raft.rpc.type = GRPC (default)
2019-10-09 06:21:32,393 [main] INFO  grpc.GrpcFactory (GrpcFactory.java:checkPooledByteBufAllocatorUseCacheForAllThreads(45)) - PERFORMANCE WARNING: useCacheForAllThreads is true that may cause Netty to create a lot garbage objects and, as a result, trigger GC.
	It is recommended to disable useCacheForAllThreads by setting -Dorg.apache.ratis.thirdparty.io.netty.allocator.useCacheForAllThreads=false in command line.
2019-10-09 06:21:32,394 [main] INFO  grpc.GrpcConfigKeys$Server (ConfUtils.java:logGet(43)) - raft.grpc.server.port = 0 (default)
2019-10-09 06:21:32,394 [main] INFO  server.GrpcService (ConfUtils.java:logGet(43)) - raft.grpc.message.size.max = 33570816 (custom)
2019-10-09 06:21:32,394 [main] INFO  server.RaftServerConfigKeys (ConfUtils.java:logGet(43)) - raft.server.log.appender.buffer.byte-limit = 33554432 (custom)
2019-10-09 06:21:32,394 [main] INFO  server.GrpcService (ConfUtils.java:logGet(43)) - raft.grpc.flow.control.window = 1MB (=1048576) (default)
2019-10-09 06:21:32,395 [main] INFO  server.RaftServerConfigKeys (ConfUtils.java:logGet(43)) - raft.server.rpc.request.timeout = 3000ms (default)
2019-10-09 06:21:32,395 [main] INFO  server.RaftServerConfigKeys (ConfUtils.java:logGet(43)) - raft.server.storage.dir = [/workdir/hadoop-ozone/integration-test/target/test-dir/MiniOzoneClusterImpl-5f8fa623-64cf-4f4e-8311-fe7397263f1f/datanode-2/data/ratis] (custom)
2019-10-09 06:21:32,397 [main] INFO  hdfs.DFSUtil (DFSUtil.java:httpServerTemplateForNNAndJN(1641)) - Starting Web-server for hddsDatanode at: http://0.0.0.0:0
2019-10-09 06:21:32,398 [main] INFO  server.AuthenticationFilter (AuthenticationFilter.java:constructSecretProvider(240)) - Unable to initialize FileSignerSecretProvider, falling back to use random secrets.
2019-10-09 06:21:32,399 [main] WARN  http.HttpRequestLog (HttpRequestLog.java:getRequestLog(97)) - Jetty request log can only be enabled using Log4j
2019-10-09 06:21:32,401 [main] INFO  http.HttpServer2 (HttpServer2.java:addGlobalFilter(975)) - Added global filter 'safety' (class=org.apache.hadoop.http.HttpServer2$QuotingInputFilter)
2019-10-09 06:21:32,401 [main] INFO  http.HttpServer2 (HttpServer2.java:addFilter(948)) - Added filter static_user_filter (class=org.apache.hadoop.http.lib.StaticUserWebFilter$StaticUserFilter) to context hddsDatanode
2019-10-09 06:21:32,402 [main] INFO  http.HttpServer2 (HttpServer2.java:addFilter(958)) - Added filter static_user_filter (class=org.apache.hadoop.http.lib.StaticUserWebFilter$StaticUserFilter) to context static
2019-10-09 06:21:32,402 [main] INFO  http.HttpServer2 (HttpServer2.java:addFilter(958)) - Added filter static_user_filter (class=org.apache.hadoop.http.lib.StaticUserWebFilter$StaticUserFilter) to context logs
2019-10-09 06:21:32,403 [main] INFO  http.HttpServer2 (HttpServer2.java:bindListener(1191)) - Jetty bound to port 33559
2019-10-09 06:21:32,403 [main] INFO  server.Server (Server.java:doStart(351)) - jetty-9.3.25.v20180904, build timestamp: 2018-09-04T21:11:46Z, git hash: 3ce520221d0240229c862b122d2b06c12a625732
2019-10-09 06:21:32,405 [main] INFO  handler.ContextHandler (ContextHandler.java:doStart(781)) - Started o.e.j.s.ServletContextHandler@60743cdb{/logs,file:///workdir/hadoop-ozone/integration-test/target/log,AVAILABLE}
2019-10-09 06:21:32,406 [main] INFO  handler.ContextHandler (ContextHandler.java:doStart(781)) - Started o.e.j.s.ServletContextHandler@71179b6f{/static,jar:file:/home/user/.m2/repository/org/apache/hadoop/hadoop-hdds-container-service/0.5.0-SNAPSHOT/hadoop-hdds-container-service-0.5.0-SNAPSHOT.jar!/webapps/static,AVAILABLE}
2019-10-09 06:21:32,443 [main] INFO  handler.ContextHandler (ContextHandler.java:doStart(781)) - Started o.e.j.w.WebAppContext@58a84a12{/,file:///tmp/jetty-0.0.0.0-33559-hddsDatanode-_-any-2853553874445618302.dir/webapp/,AVAILABLE}{/hddsDatanode}
2019-10-09 06:21:32,444 [main] INFO  server.AbstractConnector (AbstractConnector.java:doStart(278)) - Started ServerConnector@e700eba{HTTP/1.1,[http/1.1]}{0.0.0.0:33559}
2019-10-09 06:21:32,445 [main] INFO  server.Server (Server.java:doStart(419)) - Started @129699ms
2019-10-09 06:21:32,445 [main] WARN  impl.MetricsSystemImpl (MetricsSystemImpl.java:register(276)) - Sink prometheus already exists!
2019-10-09 06:21:32,446 [main] INFO  server.BaseHttpServer (BaseHttpServer.java:updateConnectorAddress(215)) - HTTP server of HDDSDATANODE is listening at http://0.0.0.0:33559
2019-10-09 06:21:32,447 [main] INFO  impl.MetricsSystemImpl (MetricsSystemImpl.java:init(158)) - HddsDatanode metrics system started (again)
2019-10-09 06:21:32,450 [org.apache.hadoop.util.JvmPauseMonitor$Monitor@26f7a82a] INFO  util.JvmPauseMonitor (JvmPauseMonitor.java:run(188)) - Starting JVM pause monitor
2019-10-09 06:21:32,451 [main] INFO  ozone.HddsDatanodeService (HddsDatanodeService.java:start(184)) - HddsDatanodeService host:pr-hdds-2269-kpn6k-1406547098 ip:192.168.164.215
2019-10-09 06:21:32,453 [Datanode State Machine Thread - 0] INFO  datanode.InitDatanodeState (InitDatanodeState.java:persistContainerDatanodeDetails(140)) - DatanodeDetails is persisted to /workdir/hadoop-ozone/integration-test/target/test-dir/MiniOzoneClusterImpl-5f8fa623-64cf-4f4e-8311-fe7397263f1f/datanode-2/meta/datanode.id
2019-10-09 06:21:32,459 [main] INFO  volume.HddsVolume (HddsVolume.java:<init>(176)) - Creating Volume: /workdir/hadoop-ozone/integration-test/target/test-dir/MiniOzoneClusterImpl-5f8fa623-64cf-4f4e-8311-fe7397263f1f/datanode-3/data/containers/hdds of  storage type : DISK and capacity : 1482555576320
2019-10-09 06:21:32,459 [main] INFO  volume.VolumeSet (VolumeSet.java:initializeVolumeSet(170)) - Added Volume : /workdir/hadoop-ozone/integration-test/target/test-dir/MiniOzoneClusterImpl-5f8fa623-64cf-4f4e-8311-fe7397263f1f/datanode-3/data/containers/hdds to VolumeSet
2019-10-09 06:21:32,459 [main] INFO  volume.ThrottledAsyncChecker (ThrottledAsyncChecker.java:schedule(141)) - Scheduling a check for org.apache.hadoop.ozone.container.common.volume.HddsVolume@706ceca6
2019-10-09 06:21:32,461 [main] INFO  volume.HddsVolumeChecker (HddsVolumeChecker.java:checkAllVolumes(204)) - Scheduled health check for volume org.apache.hadoop.ozone.container.common.volume.HddsVolume@706ceca6
2019-10-09 06:21:32,479 [main] INFO  impl.RaftServerProxy (ConfUtils.java:logGet(43)) - raft.rpc.type = GRPC (default)
2019-10-09 06:21:32,479 [main] INFO  grpc.GrpcFactory (GrpcFactory.java:checkPooledByteBufAllocatorUseCacheForAllThreads(45)) - PERFORMANCE WARNING: useCacheForAllThreads is true that may cause Netty to create a lot garbage objects and, as a result, trigger GC.
	It is recommended to disable useCacheForAllThreads by setting -Dorg.apache.ratis.thirdparty.io.netty.allocator.useCacheForAllThreads=false in command line.
2019-10-09 06:21:32,479 [main] INFO  grpc.GrpcConfigKeys$Server (ConfUtils.java:logGet(43)) - raft.grpc.server.port = 0 (default)
2019-10-09 06:21:32,480 [main] INFO  server.GrpcService (ConfUtils.java:logGet(43)) - raft.grpc.message.size.max = 33570816 (custom)
2019-10-09 06:21:32,480 [main] INFO  server.RaftServerConfigKeys (ConfUtils.java:logGet(43)) - raft.server.log.appender.buffer.byte-limit = 33554432 (custom)
2019-10-09 06:21:32,480 [main] INFO  server.GrpcService (ConfUtils.java:logGet(43)) - raft.grpc.flow.control.window = 1MB (=1048576) (default)
2019-10-09 06:21:32,480 [main] INFO  server.RaftServerConfigKeys (ConfUtils.java:logGet(43)) - raft.server.rpc.request.timeout = 3000ms (default)
2019-10-09 06:21:32,481 [main] INFO  server.RaftServerConfigKeys (ConfUtils.java:logGet(43)) - raft.server.storage.dir = [/workdir/hadoop-ozone/integration-test/target/test-dir/MiniOzoneClusterImpl-5f8fa623-64cf-4f4e-8311-fe7397263f1f/datanode-3/data/ratis] (custom)
2019-10-09 06:21:32,482 [main] INFO  hdfs.DFSUtil (DFSUtil.java:httpServerTemplateForNNAndJN(1641)) - Starting Web-server for hddsDatanode at: http://0.0.0.0:0
2019-10-09 06:21:32,484 [main] INFO  server.AuthenticationFilter (AuthenticationFilter.java:constructSecretProvider(240)) - Unable to initialize FileSignerSecretProvider, falling back to use random secrets.
2019-10-09 06:21:32,484 [main] WARN  http.HttpRequestLog (HttpRequestLog.java:getRequestLog(97)) - Jetty request log can only be enabled using Log4j
2019-10-09 06:21:32,486 [main] INFO  http.HttpServer2 (HttpServer2.java:addGlobalFilter(975)) - Added global filter 'safety' (class=org.apache.hadoop.http.HttpServer2$QuotingInputFilter)
2019-10-09 06:21:32,486 [main] INFO  http.HttpServer2 (HttpServer2.java:addFilter(948)) - Added filter static_user_filter (class=org.apache.hadoop.http.lib.StaticUserWebFilter$StaticUserFilter) to context hddsDatanode
2019-10-09 06:21:32,486 [main] INFO  http.HttpServer2 (HttpServer2.java:addFilter(958)) - Added filter static_user_filter (class=org.apache.hadoop.http.lib.StaticUserWebFilter$StaticUserFilter) to context logs
2019-10-09 06:21:32,487 [main] INFO  http.HttpServer2 (HttpServer2.java:addFilter(958)) - Added filter static_user_filter (class=org.apache.hadoop.http.lib.StaticUserWebFilter$StaticUserFilter) to context static
2019-10-09 06:21:32,487 [main] INFO  http.HttpServer2 (HttpServer2.java:bindListener(1191)) - Jetty bound to port 36727
2019-10-09 06:21:32,487 [main] INFO  server.Server (Server.java:doStart(351)) - jetty-9.3.25.v20180904, build timestamp: 2018-09-04T21:11:46Z, git hash: 3ce520221d0240229c862b122d2b06c12a625732
2019-10-09 06:21:32,489 [main] INFO  handler.ContextHandler (ContextHandler.java:doStart(781)) - Started o.e.j.s.ServletContextHandler@6ecc02bb{/logs,file:///workdir/hadoop-ozone/integration-test/target/log,AVAILABLE}
2019-10-09 06:21:32,490 [main] INFO  handler.ContextHandler (ContextHandler.java:doStart(781)) - Started o.e.j.s.ServletContextHandler@65514add{/static,jar:file:/home/user/.m2/repository/org/apache/hadoop/hadoop-hdds-container-service/0.5.0-SNAPSHOT/hadoop-hdds-container-service-0.5.0-SNAPSHOT.jar!/webapps/static,AVAILABLE}
2019-10-09 06:21:32,524 [main] INFO  handler.ContextHandler (ContextHandler.java:doStart(781)) - Started o.e.j.w.WebAppContext@667dcaad{/,file:///tmp/jetty-0.0.0.0-36727-hddsDatanode-_-any-2485292179791556830.dir/webapp/,AVAILABLE}{/hddsDatanode}
2019-10-09 06:21:32,524 [main] INFO  server.AbstractConnector (AbstractConnector.java:doStart(278)) - Started ServerConnector@22d7fd41{HTTP/1.1,[http/1.1]}{0.0.0.0:36727}
2019-10-09 06:21:32,526 [main] INFO  server.Server (Server.java:doStart(419)) - Started @129780ms
2019-10-09 06:21:32,526 [main] WARN  impl.MetricsSystemImpl (MetricsSystemImpl.java:register(276)) - Sink prometheus already exists!
2019-10-09 06:21:32,526 [main] INFO  server.BaseHttpServer (BaseHttpServer.java:updateConnectorAddress(215)) - HTTP server of HDDSDATANODE is listening at http://0.0.0.0:36727
2019-10-09 06:21:32,527 [main] INFO  impl.MetricsSystemImpl (MetricsSystemImpl.java:init(158)) - HddsDatanode metrics system started (again)
2019-10-09 06:21:32,530 [org.apache.hadoop.util.JvmPauseMonitor$Monitor@214c9800] INFO  util.JvmPauseMonitor (JvmPauseMonitor.java:run(188)) - Starting JVM pause monitor
2019-10-09 06:21:32,530 [main] INFO  ozone.HddsDatanodeService (HddsDatanodeService.java:start(184)) - HddsDatanodeService host:pr-hdds-2269-kpn6k-1406547098 ip:192.168.164.215
2019-10-09 06:21:32,532 [Datanode State Machine Thread - 0] INFO  datanode.InitDatanodeState (InitDatanodeState.java:persistContainerDatanodeDetails(140)) - DatanodeDetails is persisted to /workdir/hadoop-ozone/integration-test/target/test-dir/MiniOzoneClusterImpl-5f8fa623-64cf-4f4e-8311-fe7397263f1f/datanode-3/meta/datanode.id
2019-10-09 06:21:32,545 [main] INFO  volume.HddsVolume (HddsVolume.java:<init>(176)) - Creating Volume: /workdir/hadoop-ozone/integration-test/target/test-dir/MiniOzoneClusterImpl-5f8fa623-64cf-4f4e-8311-fe7397263f1f/datanode-4/data/containers/hdds of  storage type : DISK and capacity : 1482555576320
2019-10-09 06:21:32,546 [main] INFO  volume.VolumeSet (VolumeSet.java:initializeVolumeSet(170)) - Added Volume : /workdir/hadoop-ozone/integration-test/target/test-dir/MiniOzoneClusterImpl-5f8fa623-64cf-4f4e-8311-fe7397263f1f/datanode-4/data/containers/hdds to VolumeSet
2019-10-09 06:21:32,546 [main] INFO  volume.ThrottledAsyncChecker (ThrottledAsyncChecker.java:schedule(141)) - Scheduling a check for org.apache.hadoop.ozone.container.common.volume.HddsVolume@68ab6ab0
2019-10-09 06:21:32,547 [main] INFO  volume.HddsVolumeChecker (HddsVolumeChecker.java:checkAllVolumes(204)) - Scheduled health check for volume org.apache.hadoop.ozone.container.common.volume.HddsVolume@68ab6ab0
2019-10-09 06:21:32,567 [main] INFO  impl.RaftServerProxy (ConfUtils.java:logGet(43)) - raft.rpc.type = GRPC (default)
2019-10-09 06:21:32,567 [main] INFO  grpc.GrpcFactory (GrpcFactory.java:checkPooledByteBufAllocatorUseCacheForAllThreads(45)) - PERFORMANCE WARNING: useCacheForAllThreads is true that may cause Netty to create a lot garbage objects and, as a result, trigger GC.
	It is recommended to disable useCacheForAllThreads by setting -Dorg.apache.ratis.thirdparty.io.netty.allocator.useCacheForAllThreads=false in command line.
2019-10-09 06:21:32,567 [main] INFO  grpc.GrpcConfigKeys$Server (ConfUtils.java:logGet(43)) - raft.grpc.server.port = 0 (default)
2019-10-09 06:21:32,568 [main] INFO  server.GrpcService (ConfUtils.java:logGet(43)) - raft.grpc.message.size.max = 33570816 (custom)
2019-10-09 06:21:32,568 [main] INFO  server.RaftServerConfigKeys (ConfUtils.java:logGet(43)) - raft.server.log.appender.buffer.byte-limit = 33554432 (custom)
2019-10-09 06:21:32,568 [main] INFO  server.GrpcService (ConfUtils.java:logGet(43)) - raft.grpc.flow.control.window = 1MB (=1048576) (default)
2019-10-09 06:21:32,568 [main] INFO  server.RaftServerConfigKeys (ConfUtils.java:logGet(43)) - raft.server.rpc.request.timeout = 3000ms (default)
2019-10-09 06:21:32,569 [main] INFO  server.RaftServerConfigKeys (ConfUtils.java:logGet(43)) - raft.server.storage.dir = [/workdir/hadoop-ozone/integration-test/target/test-dir/MiniOzoneClusterImpl-5f8fa623-64cf-4f4e-8311-fe7397263f1f/datanode-4/data/ratis] (custom)
2019-10-09 06:21:32,570 [main] INFO  hdfs.DFSUtil (DFSUtil.java:httpServerTemplateForNNAndJN(1641)) - Starting Web-server for hddsDatanode at: http://0.0.0.0:0
2019-10-09 06:21:32,572 [main] INFO  server.AuthenticationFilter (AuthenticationFilter.java:constructSecretProvider(240)) - Unable to initialize FileSignerSecretProvider, falling back to use random secrets.
2019-10-09 06:21:32,573 [main] WARN  http.HttpRequestLog (HttpRequestLog.java:getRequestLog(97)) - Jetty request log can only be enabled using Log4j
2019-10-09 06:21:32,574 [main] INFO  http.HttpServer2 (HttpServer2.java:addGlobalFilter(975)) - Added global filter 'safety' (class=org.apache.hadoop.http.HttpServer2$QuotingInputFilter)
2019-10-09 06:21:32,575 [main] INFO  http.HttpServer2 (HttpServer2.java:addFilter(948)) - Added filter static_user_filter (class=org.apache.hadoop.http.lib.StaticUserWebFilter$StaticUserFilter) to context hddsDatanode
2019-10-09 06:21:32,575 [main] INFO  http.HttpServer2 (HttpServer2.java:addFilter(958)) - Added filter static_user_filter (class=org.apache.hadoop.http.lib.StaticUserWebFilter$StaticUserFilter) to context static
2019-10-09 06:21:32,575 [main] INFO  http.HttpServer2 (HttpServer2.java:addFilter(958)) - Added filter static_user_filter (class=org.apache.hadoop.http.lib.StaticUserWebFilter$StaticUserFilter) to context logs
2019-10-09 06:21:32,576 [main] INFO  http.HttpServer2 (HttpServer2.java:bindListener(1191)) - Jetty bound to port 33905
2019-10-09 06:21:32,577 [main] INFO  server.Server (Server.java:doStart(351)) - jetty-9.3.25.v20180904, build timestamp: 2018-09-04T21:11:46Z, git hash: 3ce520221d0240229c862b122d2b06c12a625732
2019-10-09 06:21:32,579 [main] INFO  handler.ContextHandler (ContextHandler.java:doStart(781)) - Started o.e.j.s.ServletContextHandler@7fda2001{/logs,file:///workdir/hadoop-ozone/integration-test/target/log,AVAILABLE}
2019-10-09 06:21:32,579 [main] INFO  handler.ContextHandler (ContextHandler.java:doStart(781)) - Started o.e.j.s.ServletContextHandler@21ae657b{/static,jar:file:/home/user/.m2/repository/org/apache/hadoop/hadoop-hdds-container-service/0.5.0-SNAPSHOT/hadoop-hdds-container-service-0.5.0-SNAPSHOT.jar!/webapps/static,AVAILABLE}
2019-10-09 06:21:32,617 [main] INFO  handler.ContextHandler (ContextHandler.java:doStart(781)) - Started o.e.j.w.WebAppContext@7bbfc5ff{/,file:///tmp/jetty-0.0.0.0-33905-hddsDatanode-_-any-7576834558834803159.dir/webapp/,AVAILABLE}{/hddsDatanode}
2019-10-09 06:21:32,617 [main] INFO  server.AbstractConnector (AbstractConnector.java:doStart(278)) - Started ServerConnector@7a682d35{HTTP/1.1,[http/1.1]}{0.0.0.0:33905}
2019-10-09 06:21:32,619 [main] INFO  server.Server (Server.java:doStart(419)) - Started @129873ms
2019-10-09 06:21:32,619 [main] WARN  impl.MetricsSystemImpl (MetricsSystemImpl.java:register(276)) - Sink prometheus already exists!
2019-10-09 06:21:32,620 [main] INFO  server.BaseHttpServer (BaseHttpServer.java:updateConnectorAddress(215)) - HTTP server of HDDSDATANODE is listening at http://0.0.0.0:33905
2019-10-09 06:21:32,620 [main] INFO  impl.MetricsSystemImpl (MetricsSystemImpl.java:init(158)) - HddsDatanode metrics system started (again)
2019-10-09 06:21:32,624 [org.apache.hadoop.util.JvmPauseMonitor$Monitor@6613ed3] INFO  util.JvmPauseMonitor (JvmPauseMonitor.java:run(188)) - Starting JVM pause monitor
2019-10-09 06:21:32,624 [main] INFO  ozone.HddsDatanodeService (HddsDatanodeService.java:start(184)) - HddsDatanodeService host:pr-hdds-2269-kpn6k-1406547098 ip:192.168.164.215
2019-10-09 06:21:32,626 [Datanode State Machine Thread - 0] INFO  datanode.InitDatanodeState (InitDatanodeState.java:persistContainerDatanodeDetails(140)) - DatanodeDetails is persisted to /workdir/hadoop-ozone/integration-test/target/test-dir/MiniOzoneClusterImpl-5f8fa623-64cf-4f4e-8311-fe7397263f1f/datanode-4/meta/datanode.id
2019-10-09 06:21:32,631 [main] INFO  volume.HddsVolume (HddsVolume.java:<init>(176)) - Creating Volume: /workdir/hadoop-ozone/integration-test/target/test-dir/MiniOzoneClusterImpl-5f8fa623-64cf-4f4e-8311-fe7397263f1f/datanode-5/data/containers/hdds of  storage type : DISK and capacity : 1482555576320
2019-10-09 06:21:32,631 [main] INFO  volume.VolumeSet (VolumeSet.java:initializeVolumeSet(170)) - Added Volume : /workdir/hadoop-ozone/integration-test/target/test-dir/MiniOzoneClusterImpl-5f8fa623-64cf-4f4e-8311-fe7397263f1f/datanode-5/data/containers/hdds to VolumeSet
2019-10-09 06:21:32,632 [main] INFO  volume.ThrottledAsyncChecker (ThrottledAsyncChecker.java:schedule(141)) - Scheduling a check for org.apache.hadoop.ozone.container.common.volume.HddsVolume@7e34b127
2019-10-09 06:21:32,632 [main] INFO  volume.HddsVolumeChecker (HddsVolumeChecker.java:checkAllVolumes(204)) - Scheduled health check for volume org.apache.hadoop.ozone.container.common.volume.HddsVolume@7e34b127
2019-10-09 06:21:32,647 [main] INFO  impl.RaftServerProxy (ConfUtils.java:logGet(43)) - raft.rpc.type = GRPC (default)
2019-10-09 06:21:32,647 [main] INFO  grpc.GrpcFactory (GrpcFactory.java:checkPooledByteBufAllocatorUseCacheForAllThreads(45)) - PERFORMANCE WARNING: useCacheForAllThreads is true that may cause Netty to create a lot garbage objects and, as a result, trigger GC.
	It is recommended to disable useCacheForAllThreads by setting -Dorg.apache.ratis.thirdparty.io.netty.allocator.useCacheForAllThreads=false in command line.
2019-10-09 06:21:32,648 [main] INFO  grpc.GrpcConfigKeys$Server (ConfUtils.java:logGet(43)) - raft.grpc.server.port = 0 (default)
2019-10-09 06:21:32,648 [main] INFO  server.GrpcService (ConfUtils.java:logGet(43)) - raft.grpc.message.size.max = 33570816 (custom)
2019-10-09 06:21:32,648 [main] INFO  server.RaftServerConfigKeys (ConfUtils.java:logGet(43)) - raft.server.log.appender.buffer.byte-limit = 33554432 (custom)
2019-10-09 06:21:32,648 [main] INFO  server.GrpcService (ConfUtils.java:logGet(43)) - raft.grpc.flow.control.window = 1MB (=1048576) (default)
2019-10-09 06:21:32,649 [main] INFO  server.RaftServerConfigKeys (ConfUtils.java:logGet(43)) - raft.server.rpc.request.timeout = 3000ms (default)
2019-10-09 06:21:32,649 [main] INFO  server.RaftServerConfigKeys (ConfUtils.java:logGet(43)) - raft.server.storage.dir = [/workdir/hadoop-ozone/integration-test/target/test-dir/MiniOzoneClusterImpl-5f8fa623-64cf-4f4e-8311-fe7397263f1f/datanode-5/data/ratis] (custom)
2019-10-09 06:21:32,650 [main] INFO  hdfs.DFSUtil (DFSUtil.java:httpServerTemplateForNNAndJN(1641)) - Starting Web-server for hddsDatanode at: http://0.0.0.0:0
2019-10-09 06:21:32,652 [main] INFO  server.AuthenticationFilter (AuthenticationFilter.java:constructSecretProvider(240)) - Unable to initialize FileSignerSecretProvider, falling back to use random secrets.
2019-10-09 06:21:32,652 [main] WARN  http.HttpRequestLog (HttpRequestLog.java:getRequestLog(97)) - Jetty request log can only be enabled using Log4j
2019-10-09 06:21:32,654 [main] INFO  http.HttpServer2 (HttpServer2.java:addGlobalFilter(975)) - Added global filter 'safety' (class=org.apache.hadoop.http.HttpServer2$QuotingInputFilter)
2019-10-09 06:21:32,654 [main] INFO  http.HttpServer2 (HttpServer2.java:addFilter(948)) - Added filter static_user_filter (class=org.apache.hadoop.http.lib.StaticUserWebFilter$StaticUserFilter) to context hddsDatanode
2019-10-09 06:21:32,654 [main] INFO  http.HttpServer2 (HttpServer2.java:addFilter(958)) - Added filter static_user_filter (class=org.apache.hadoop.http.lib.StaticUserWebFilter$StaticUserFilter) to context static
2019-10-09 06:21:32,655 [main] INFO  http.HttpServer2 (HttpServer2.java:addFilter(958)) - Added filter static_user_filter (class=org.apache.hadoop.http.lib.StaticUserWebFilter$StaticUserFilter) to context logs
2019-10-09 06:21:32,655 [main] INFO  http.HttpServer2 (HttpServer2.java:bindListener(1191)) - Jetty bound to port 35709
2019-10-09 06:21:32,655 [main] INFO  server.Server (Server.java:doStart(351)) - jetty-9.3.25.v20180904, build timestamp: 2018-09-04T21:11:46Z, git hash: 3ce520221d0240229c862b122d2b06c12a625732
2019-10-09 06:21:32,657 [main] INFO  handler.ContextHandler (ContextHandler.java:doStart(781)) - Started o.e.j.s.ServletContextHandler@7a1b8a46{/logs,file:///workdir/hadoop-ozone/integration-test/target/log,AVAILABLE}
2019-10-09 06:21:32,658 [main] INFO  handler.ContextHandler (ContextHandler.java:doStart(781)) - Started o.e.j.s.ServletContextHandler@3d40a3b4{/static,jar:file:/home/user/.m2/repository/org/apache/hadoop/hadoop-hdds-container-service/0.5.0-SNAPSHOT/hadoop-hdds-container-service-0.5.0-SNAPSHOT.jar!/webapps/static,AVAILABLE}
2019-10-09 06:21:32,696 [main] INFO  handler.ContextHandler (ContextHandler.java:doStart(781)) - Started o.e.j.w.WebAppContext@e3b0369{/,file:///tmp/jetty-0.0.0.0-35709-hddsDatanode-_-any-467442614351185731.dir/webapp/,AVAILABLE}{/hddsDatanode}
2019-10-09 06:21:32,696 [main] INFO  server.AbstractConnector (AbstractConnector.java:doStart(278)) - Started ServerConnector@45843650{HTTP/1.1,[http/1.1]}{0.0.0.0:35709}
2019-10-09 06:21:32,698 [main] INFO  server.Server (Server.java:doStart(419)) - Started @129952ms
2019-10-09 06:21:32,698 [main] WARN  impl.MetricsSystemImpl (MetricsSystemImpl.java:register(276)) - Sink prometheus already exists!
2019-10-09 06:21:32,699 [main] INFO  server.BaseHttpServer (BaseHttpServer.java:updateConnectorAddress(215)) - HTTP server of HDDSDATANODE is listening at http://0.0.0.0:35709
2019-10-09 06:21:32,699 [main] INFO  impl.MetricsSystemImpl (MetricsSystemImpl.java:init(158)) - HddsDatanode metrics system started (again)
2019-10-09 06:21:32,704 [org.apache.hadoop.util.JvmPauseMonitor$Monitor@1edd96f6] INFO  util.JvmPauseMonitor (JvmPauseMonitor.java:run(188)) - Starting JVM pause monitor
2019-10-09 06:21:32,704 [main] INFO  ozone.HddsDatanodeService (HddsDatanodeService.java:start(184)) - HddsDatanodeService host:pr-hdds-2269-kpn6k-1406547098 ip:192.168.164.215
2019-10-09 06:21:32,705 [Datanode State Machine Thread - 0] INFO  datanode.InitDatanodeState (InitDatanodeState.java:persistContainerDatanodeDetails(140)) - DatanodeDetails is persisted to /workdir/hadoop-ozone/integration-test/target/test-dir/MiniOzoneClusterImpl-5f8fa623-64cf-4f4e-8311-fe7397263f1f/datanode-5/meta/datanode.id
2019-10-09 06:21:32,711 [main] INFO  volume.HddsVolume (HddsVolume.java:<init>(176)) - Creating Volume: /workdir/hadoop-ozone/integration-test/target/test-dir/MiniOzoneClusterImpl-5f8fa623-64cf-4f4e-8311-fe7397263f1f/datanode-6/data/containers/hdds of  storage type : DISK and capacity : 1482555576320
2019-10-09 06:21:32,711 [main] INFO  volume.VolumeSet (VolumeSet.java:initializeVolumeSet(170)) - Added Volume : /workdir/hadoop-ozone/integration-test/target/test-dir/MiniOzoneClusterImpl-5f8fa623-64cf-4f4e-8311-fe7397263f1f/datanode-6/data/containers/hdds to VolumeSet
2019-10-09 06:21:32,711 [main] INFO  volume.ThrottledAsyncChecker (ThrottledAsyncChecker.java:schedule(141)) - Scheduling a check for org.apache.hadoop.ozone.container.common.volume.HddsVolume@740b6628
2019-10-09 06:21:32,712 [main] INFO  volume.HddsVolumeChecker (HddsVolumeChecker.java:checkAllVolumes(204)) - Scheduled health check for volume org.apache.hadoop.ozone.container.common.volume.HddsVolume@740b6628
2019-10-09 06:21:32,727 [main] INFO  impl.RaftServerProxy (ConfUtils.java:logGet(43)) - raft.rpc.type = GRPC (default)
2019-10-09 06:21:32,728 [main] INFO  grpc.GrpcFactory (GrpcFactory.java:checkPooledByteBufAllocatorUseCacheForAllThreads(45)) - PERFORMANCE WARNING: useCacheForAllThreads is true that may cause Netty to create a lot garbage objects and, as a result, trigger GC.
	It is recommended to disable useCacheForAllThreads by setting -Dorg.apache.ratis.thirdparty.io.netty.allocator.useCacheForAllThreads=false in command line.
2019-10-09 06:21:32,728 [main] INFO  grpc.GrpcConfigKeys$Server (ConfUtils.java:logGet(43)) - raft.grpc.server.port = 0 (default)
2019-10-09 06:21:32,728 [main] INFO  server.GrpcService (ConfUtils.java:logGet(43)) - raft.grpc.message.size.max = 33570816 (custom)
2019-10-09 06:21:32,728 [main] INFO  server.RaftServerConfigKeys (ConfUtils.java:logGet(43)) - raft.server.log.appender.buffer.byte-limit = 33554432 (custom)
2019-10-09 06:21:32,728 [main] INFO  server.GrpcService (ConfUtils.java:logGet(43)) - raft.grpc.flow.control.window = 1MB (=1048576) (default)
2019-10-09 06:21:32,729 [main] INFO  server.RaftServerConfigKeys (ConfUtils.java:logGet(43)) - raft.server.rpc.request.timeout = 3000ms (default)
2019-10-09 06:21:32,729 [main] INFO  server.RaftServerConfigKeys (ConfUtils.java:logGet(43)) - raft.server.storage.dir = [/workdir/hadoop-ozone/integration-test/target/test-dir/MiniOzoneClusterImpl-5f8fa623-64cf-4f4e-8311-fe7397263f1f/datanode-6/data/ratis] (custom)
2019-10-09 06:21:32,730 [main] INFO  hdfs.DFSUtil (DFSUtil.java:httpServerTemplateForNNAndJN(1641)) - Starting Web-server for hddsDatanode at: http://0.0.0.0:0
2019-10-09 06:21:32,732 [main] INFO  server.AuthenticationFilter (AuthenticationFilter.java:constructSecretProvider(240)) - Unable to initialize FileSignerSecretProvider, falling back to use random secrets.
2019-10-09 06:21:32,732 [main] WARN  http.HttpRequestLog (HttpRequestLog.java:getRequestLog(97)) - Jetty request log can only be enabled using Log4j
2019-10-09 06:21:32,734 [main] INFO  http.HttpServer2 (HttpServer2.java:addGlobalFilter(975)) - Added global filter 'safety' (class=org.apache.hadoop.http.HttpServer2$QuotingInputFilter)
2019-10-09 06:21:32,734 [main] INFO  http.HttpServer2 (HttpServer2.java:addFilter(948)) - Added filter static_user_filter (class=org.apache.hadoop.http.lib.StaticUserWebFilter$StaticUserFilter) to context hddsDatanode
2019-10-09 06:21:32,735 [main] INFO  http.HttpServer2 (HttpServer2.java:addFilter(958)) - Added filter static_user_filter (class=org.apache.hadoop.http.lib.StaticUserWebFilter$StaticUserFilter) to context logs
2019-10-09 06:21:32,735 [main] INFO  http.HttpServer2 (HttpServer2.java:addFilter(958)) - Added filter static_user_filter (class=org.apache.hadoop.http.lib.StaticUserWebFilter$StaticUserFilter) to context static
2019-10-09 06:21:32,735 [main] INFO  http.HttpServer2 (HttpServer2.java:bindListener(1191)) - Jetty bound to port 46465
2019-10-09 06:21:32,736 [main] INFO  server.Server (Server.java:doStart(351)) - jetty-9.3.25.v20180904, build timestamp: 2018-09-04T21:11:46Z, git hash: 3ce520221d0240229c862b122d2b06c12a625732
2019-10-09 06:21:32,737 [main] INFO  handler.ContextHandler (ContextHandler.java:doStart(781)) - Started o.e.j.s.ServletContextHandler@5d878b25{/logs,file:///workdir/hadoop-ozone/integration-test/target/log,AVAILABLE}
2019-10-09 06:21:32,738 [main] INFO  handler.ContextHandler (ContextHandler.java:doStart(781)) - Started o.e.j.s.ServletContextHandler@384fda47{/static,jar:file:/home/user/.m2/repository/org/apache/hadoop/hadoop-hdds-container-service/0.5.0-SNAPSHOT/hadoop-hdds-container-service-0.5.0-SNAPSHOT.jar!/webapps/static,AVAILABLE}
2019-10-09 06:21:32,771 [main] INFO  handler.ContextHandler (ContextHandler.java:doStart(781)) - Started o.e.j.w.WebAppContext@45e617c4{/,file:///tmp/jetty-0.0.0.0-46465-hddsDatanode-_-any-8865564058865955414.dir/webapp/,AVAILABLE}{/hddsDatanode}
2019-10-09 06:21:32,772 [main] INFO  server.AbstractConnector (AbstractConnector.java:doStart(278)) - Started ServerConnector@5042e3d0{HTTP/1.1,[http/1.1]}{0.0.0.0:46465}
2019-10-09 06:21:32,774 [main] INFO  server.Server (Server.java:doStart(419)) - Started @130028ms
2019-10-09 06:21:32,774 [main] WARN  impl.MetricsSystemImpl (MetricsSystemImpl.java:register(276)) - Sink prometheus already exists!
2019-10-09 06:21:32,774 [main] INFO  server.BaseHttpServer (BaseHttpServer.java:updateConnectorAddress(215)) - HTTP server of HDDSDATANODE is listening at http://0.0.0.0:46465
2019-10-09 06:21:32,775 [main] INFO  ozone.MiniOzoneClusterImpl (MiniOzoneClusterImpl.java:lambda$waitForClusterToBeReady$0(147)) - Waiting for cluster to be ready. Got 0 of 7 DN Heartbeats.
2019-10-09 06:21:32,776 [org.apache.hadoop.util.JvmPauseMonitor$Monitor@411ddd38] INFO  util.JvmPauseMonitor (JvmPauseMonitor.java:run(188)) - Starting JVM pause monitor
2019-10-09 06:21:32,777 [Datanode State Machine Thread - 0] INFO  datanode.InitDatanodeState (InitDatanodeState.java:persistContainerDatanodeDetails(140)) - DatanodeDetails is persisted to /workdir/hadoop-ozone/integration-test/target/test-dir/MiniOzoneClusterImpl-5f8fa623-64cf-4f4e-8311-fe7397263f1f/datanode-6/meta/datanode.id
2019-10-09 06:21:33,775 [main] INFO  ozone.MiniOzoneClusterImpl (MiniOzoneClusterImpl.java:lambda$waitForClusterToBeReady$0(147)) - Waiting for cluster to be ready. Got 0 of 7 DN Heartbeats.
2019-10-09 06:21:34,302 [Datanode State Machine Thread - 0] INFO  ozoneimpl.OzoneContainer (OzoneContainer.java:start(213)) - Attempting to start container services.
2019-10-09 06:21:34,302 [Datanode State Machine Thread - 0] INFO  ozoneimpl.OzoneContainer (OzoneContainer.java:startContainerScrub(177)) - Background container scanner has been disabled.
2019-10-09 06:21:34,303 [Datanode State Machine Thread - 0] INFO  ratis.XceiverServerRatis (XceiverServerRatis.java:start(418)) - Starting XceiverServerRatis 4328684e-b37e-4e01-8f53-68accb045f0f at port 0
2019-10-09 06:21:34,308 [Datanode State Machine Thread - 0] INFO  impl.RaftServerProxy (RaftServerProxy.java:lambda$start$3(299)) - 4328684e-b37e-4e01-8f53-68accb045f0f: start RPC server
2019-10-09 06:21:34,310 [Datanode State Machine Thread - 0] INFO  server.GrpcService (GrpcService.java:startImpl(158)) - 4328684e-b37e-4e01-8f53-68accb045f0f: GrpcService started, listening on 0.0.0.0/0.0.0.0:34122
2019-10-09 06:21:34,310 [Datanode State Machine Thread - 0] INFO  ratis.XceiverServerRatis (XceiverServerRatis.java:start(428)) - XceiverServerRatis 4328684e-b37e-4e01-8f53-68accb045f0f is started using port 34122
2019-10-09 06:21:34,311 [Datanode State Machine Thread - 0] INFO  server.XceiverServerGrpc (XceiverServerGrpc.java:start(149)) - XceiverServerGrpc 4328684e-b37e-4e01-8f53-68accb045f0f is started using port 36770
2019-10-09 06:21:34,384 [Datanode State Machine Thread - 0] INFO  ozoneimpl.OzoneContainer (OzoneContainer.java:start(213)) - Attempting to start container services.
2019-10-09 06:21:34,386 [Datanode State Machine Thread - 0] INFO  ozoneimpl.OzoneContainer (OzoneContainer.java:startContainerScrub(177)) - Background container scanner has been disabled.
2019-10-09 06:21:34,386 [Datanode State Machine Thread - 0] INFO  ratis.XceiverServerRatis (XceiverServerRatis.java:start(418)) - Starting XceiverServerRatis ed6f6a70-b6f8-4961-980c-85ada14e1a17 at port 0
2019-10-09 06:21:34,392 [Datanode State Machine Thread - 0] INFO  impl.RaftServerProxy (RaftServerProxy.java:lambda$start$3(299)) - ed6f6a70-b6f8-4961-980c-85ada14e1a17: start RPC server
2019-10-09 06:21:34,393 [Datanode State Machine Thread - 0] INFO  server.GrpcService (GrpcService.java:startImpl(158)) - ed6f6a70-b6f8-4961-980c-85ada14e1a17: GrpcService started, listening on 0.0.0.0/0.0.0.0:36605
2019-10-09 06:21:34,393 [Datanode State Machine Thread - 0] INFO  ratis.XceiverServerRatis (XceiverServerRatis.java:start(428)) - XceiverServerRatis ed6f6a70-b6f8-4961-980c-85ada14e1a17 is started using port 36605
2019-10-09 06:21:34,395 [Datanode State Machine Thread - 0] INFO  server.XceiverServerGrpc (XceiverServerGrpc.java:start(149)) - XceiverServerGrpc ed6f6a70-b6f8-4961-980c-85ada14e1a17 is started using port 40997
2019-10-09 06:21:34,464 [Datanode State Machine Thread - 0] INFO  ozoneimpl.OzoneContainer (OzoneContainer.java:start(213)) - Attempting to start container services.
2019-10-09 06:21:34,464 [Datanode State Machine Thread - 0] INFO  ozoneimpl.OzoneContainer (OzoneContainer.java:startContainerScrub(177)) - Background container scanner has been disabled.
2019-10-09 06:21:34,464 [Datanode State Machine Thread - 0] INFO  ratis.XceiverServerRatis (XceiverServerRatis.java:start(418)) - Starting XceiverServerRatis 6856b686-1c7c-4dc9-8a2c-12464df5d3b9 at port 0
2019-10-09 06:21:34,469 [Datanode State Machine Thread - 0] INFO  impl.RaftServerProxy (RaftServerProxy.java:lambda$start$3(299)) - 6856b686-1c7c-4dc9-8a2c-12464df5d3b9: start RPC server
2019-10-09 06:21:34,469 [Datanode State Machine Thread - 0] INFO  server.GrpcService (GrpcService.java:startImpl(158)) - 6856b686-1c7c-4dc9-8a2c-12464df5d3b9: GrpcService started, listening on 0.0.0.0/0.0.0.0:35991
2019-10-09 06:21:34,469 [Datanode State Machine Thread - 0] INFO  ratis.XceiverServerRatis (XceiverServerRatis.java:start(428)) - XceiverServerRatis 6856b686-1c7c-4dc9-8a2c-12464df5d3b9 is started using port 35991
2019-10-09 06:21:34,471 [Datanode State Machine Thread - 0] INFO  server.XceiverServerGrpc (XceiverServerGrpc.java:start(149)) - XceiverServerGrpc 6856b686-1c7c-4dc9-8a2c-12464df5d3b9 is started using port 42632
2019-10-09 06:21:34,544 [Datanode State Machine Thread - 0] INFO  ozoneimpl.OzoneContainer (OzoneContainer.java:start(213)) - Attempting to start container services.
2019-10-09 06:21:34,544 [Datanode State Machine Thread - 0] INFO  ozoneimpl.OzoneContainer (OzoneContainer.java:startContainerScrub(177)) - Background container scanner has been disabled.
2019-10-09 06:21:34,545 [Datanode State Machine Thread - 0] INFO  ratis.XceiverServerRatis (XceiverServerRatis.java:start(418)) - Starting XceiverServerRatis 1937c83e-d38b-440a-99dc-211415d42bb1 at port 0
2019-10-09 06:21:34,552 [Datanode State Machine Thread - 0] INFO  impl.RaftServerProxy (RaftServerProxy.java:lambda$start$3(299)) - 1937c83e-d38b-440a-99dc-211415d42bb1: start RPC server
2019-10-09 06:21:34,555 [Datanode State Machine Thread - 0] INFO  server.GrpcService (GrpcService.java:startImpl(158)) - 1937c83e-d38b-440a-99dc-211415d42bb1: GrpcService started, listening on 0.0.0.0/0.0.0.0:35726
2019-10-09 06:21:34,555 [Datanode State Machine Thread - 0] INFO  ratis.XceiverServerRatis (XceiverServerRatis.java:start(428)) - XceiverServerRatis 1937c83e-d38b-440a-99dc-211415d42bb1 is started using port 35726
2019-10-09 06:21:34,555 [Datanode State Machine Thread - 0] INFO  server.XceiverServerGrpc (XceiverServerGrpc.java:start(149)) - XceiverServerGrpc 1937c83e-d38b-440a-99dc-211415d42bb1 is started using port 41508
2019-10-09 06:21:34,638 [Datanode State Machine Thread - 0] INFO  ozoneimpl.OzoneContainer (OzoneContainer.java:start(213)) - Attempting to start container services.
2019-10-09 06:21:34,639 [Datanode State Machine Thread - 0] INFO  ozoneimpl.OzoneContainer (OzoneContainer.java:startContainerScrub(177)) - Background container scanner has been disabled.
2019-10-09 06:21:34,639 [Datanode State Machine Thread - 0] INFO  ratis.XceiverServerRatis (XceiverServerRatis.java:start(418)) - Starting XceiverServerRatis c8cbd11e-358a-478c-a7f6-06f31c24dd93 at port 0
2019-10-09 06:21:34,645 [Datanode State Machine Thread - 0] INFO  impl.RaftServerProxy (RaftServerProxy.java:lambda$start$3(299)) - c8cbd11e-358a-478c-a7f6-06f31c24dd93: start RPC server
2019-10-09 06:21:34,646 [Datanode State Machine Thread - 0] INFO  server.GrpcService (GrpcService.java:startImpl(158)) - c8cbd11e-358a-478c-a7f6-06f31c24dd93: GrpcService started, listening on 0.0.0.0/0.0.0.0:33187
2019-10-09 06:21:34,646 [Datanode State Machine Thread - 0] INFO  ratis.XceiverServerRatis (XceiverServerRatis.java:start(428)) - XceiverServerRatis c8cbd11e-358a-478c-a7f6-06f31c24dd93 is started using port 33187
2019-10-09 06:21:34,647 [Datanode State Machine Thread - 0] INFO  server.XceiverServerGrpc (XceiverServerGrpc.java:start(149)) - XceiverServerGrpc c8cbd11e-358a-478c-a7f6-06f31c24dd93 is started using port 45310
2019-10-09 06:21:34,719 [Datanode State Machine Thread - 0] INFO  ozoneimpl.OzoneContainer (OzoneContainer.java:start(213)) - Attempting to start container services.
2019-10-09 06:21:34,719 [Datanode State Machine Thread - 0] INFO  ozoneimpl.OzoneContainer (OzoneContainer.java:startContainerScrub(177)) - Background container scanner has been disabled.
2019-10-09 06:21:34,719 [Datanode State Machine Thread - 0] INFO  ratis.XceiverServerRatis (XceiverServerRatis.java:start(418)) - Starting XceiverServerRatis ce754dbe-f5c1-4869-b54a-74019f2e2dbf at port 0
2019-10-09 06:21:34,726 [Datanode State Machine Thread - 0] INFO  impl.RaftServerProxy (RaftServerProxy.java:lambda$start$3(299)) - ce754dbe-f5c1-4869-b54a-74019f2e2dbf: start RPC server
2019-10-09 06:21:34,727 [Datanode State Machine Thread - 0] INFO  server.GrpcService (GrpcService.java:startImpl(158)) - ce754dbe-f5c1-4869-b54a-74019f2e2dbf: GrpcService started, listening on 0.0.0.0/0.0.0.0:46823
2019-10-09 06:21:34,727 [Datanode State Machine Thread - 0] INFO  ratis.XceiverServerRatis (XceiverServerRatis.java:start(428)) - XceiverServerRatis ce754dbe-f5c1-4869-b54a-74019f2e2dbf is started using port 46823
2019-10-09 06:21:34,727 [Datanode State Machine Thread - 0] INFO  server.XceiverServerGrpc (XceiverServerGrpc.java:start(149)) - XceiverServerGrpc ce754dbe-f5c1-4869-b54a-74019f2e2dbf is started using port 38101
2019-10-09 06:21:34,777 [main] INFO  ozone.MiniOzoneClusterImpl (MiniOzoneClusterImpl.java:lambda$waitForClusterToBeReady$0(147)) - Waiting for cluster to be ready. Got 0 of 7 DN Heartbeats.
2019-10-09 06:21:34,789 [Datanode State Machine Thread - 0] INFO  ozoneimpl.OzoneContainer (OzoneContainer.java:start(213)) - Attempting to start container services.
2019-10-09 06:21:34,789 [Datanode State Machine Thread - 0] INFO  ozoneimpl.OzoneContainer (OzoneContainer.java:startContainerScrub(177)) - Background container scanner has been disabled.
2019-10-09 06:21:34,789 [Datanode State Machine Thread - 0] INFO  ratis.XceiverServerRatis (XceiverServerRatis.java:start(418)) - Starting XceiverServerRatis 60355321-e59b-48f0-99fa-a0c35b92e34d at port 0
2019-10-09 06:21:34,796 [Datanode State Machine Thread - 0] INFO  impl.RaftServerProxy (RaftServerProxy.java:lambda$start$3(299)) - 60355321-e59b-48f0-99fa-a0c35b92e34d: start RPC server
2019-10-09 06:21:34,797 [Datanode State Machine Thread - 0] INFO  server.GrpcService (GrpcService.java:startImpl(158)) - 60355321-e59b-48f0-99fa-a0c35b92e34d: GrpcService started, listening on 0.0.0.0/0.0.0.0:37443
2019-10-09 06:21:34,797 [Datanode State Machine Thread - 0] INFO  ratis.XceiverServerRatis (XceiverServerRatis.java:start(428)) - XceiverServerRatis 60355321-e59b-48f0-99fa-a0c35b92e34d is started using port 37443
2019-10-09 06:21:34,797 [Datanode State Machine Thread - 0] INFO  server.XceiverServerGrpc (XceiverServerGrpc.java:start(149)) - XceiverServerGrpc 60355321-e59b-48f0-99fa-a0c35b92e34d is started using port 42042
2019-10-09 06:21:35,777 [main] INFO  ozone.MiniOzoneClusterImpl (MiniOzoneClusterImpl.java:lambda$waitForClusterToBeReady$0(147)) - Waiting for cluster to be ready. Got 0 of 7 DN Heartbeats.
2019-10-09 06:21:36,283 [IPC Server handler 6 on 33101] INFO  net.NetworkTopology (NetworkTopologyImpl.java:add(111)) - Added a new node: /default-rack/4328684e-b37e-4e01-8f53-68accb045f0f
2019-10-09 06:21:36,287 [IPC Server handler 6 on 33101] INFO  node.SCMNodeManager (SCMNodeManager.java:register(268)) - Registered Data node : 4328684e-b37e-4e01-8f53-68accb045f0f{ip: 192.168.164.215, host: pr-hdds-2269-kpn6k-1406547098, networkLocation: /default-rack, certSerialId: null}
2019-10-09 06:21:36,288 [EventQueue-NodeRegistrationContainerReportForDataNodeSafeModeRule] INFO  safemode.SCMSafeModeManager (DataNodeSafeModeRule.java:process(71)) - SCM in safe mode. 1 DataNodes registered, 1 required.
2019-10-09 06:21:36,290 [EventQueue-NodeRegistrationContainerReportForDataNodeSafeModeRule] INFO  safemode.SCMSafeModeManager (SCMSafeModeManager.java:validateSafeModeExitRules(177)) - ScmSafeModeManager, all rules are successfully validated
2019-10-09 06:21:36,290 [EventQueue-NodeRegistrationContainerReportForDataNodeSafeModeRule] INFO  safemode.SCMSafeModeManager (SCMSafeModeManager.java:exitSafeMode(193)) - SCM exiting safe mode.
2019-10-09 06:21:36,302 [grpc-default-executor-0] INFO  impl.RaftServerProxy (RaftServerProxy.java:addNew(89)) - 4328684e-b37e-4e01-8f53-68accb045f0f: addNew group-A25D36E38DF6:[4328684e-b37e-4e01-8f53-68accb045f0f:192.168.164.215:34122] returns group-A25D36E38DF6:java.util.concurrent.CompletableFuture@1cfb51dd[Not completed]
2019-10-09 06:21:36,305 [pool-207-thread-1] INFO  impl.RaftServerImpl (RaftServerImpl.java:<init>(95)) - 4328684e-b37e-4e01-8f53-68accb045f0f: new RaftServerImpl for group-A25D36E38DF6:[4328684e-b37e-4e01-8f53-68accb045f0f:192.168.164.215:34122] with ContainerStateMachine:uninitialized
2019-10-09 06:21:36,305 [pool-207-thread-1] INFO  server.RaftServerConfigKeys (ConfUtils.java:logGet(43)) - raft.server.rpc.timeout.min = 5s (custom)
2019-10-09 06:21:36,305 [pool-207-thread-1] INFO  server.RaftServerConfigKeys (ConfUtils.java:logGet(43)) - raft.server.rpc.timeout.max = 5200ms (custom)
2019-10-09 06:21:36,306 [pool-207-thread-1] INFO  server.RaftServerConfigKeys (ConfUtils.java:logGet(43)) - raft.server.rpcslowness.timeout = 120s (custom)
2019-10-09 06:21:36,306 [pool-207-thread-1] INFO  server.RaftServerConfigKeys (ConfUtils.java:logGet(43)) - raft.server.sleep.deviation.threshold = 300 (default)
2019-10-09 06:21:36,306 [pool-207-thread-1] INFO  server.RaftServerConfigKeys (ConfUtils.java:logGet(43)) - raft.server.log.appender.install.snapshot.enabled = false (custom)
2019-10-09 06:21:36,306 [pool-207-thread-1] INFO  impl.RaftServerImpl (ServerState.java:<init>(103)) - 4328684e-b37e-4e01-8f53-68accb045f0f@group-A25D36E38DF6: ConfigurationManager, init=-1: [4328684e-b37e-4e01-8f53-68accb045f0f:192.168.164.215:34122], old=null, confs=<EMPTY_MAP>
2019-10-09 06:21:36,306 [pool-207-thread-1] INFO  server.RaftServerConfigKeys (ConfUtils.java:logGet(43)) - raft.server.storage.dir = [/workdir/hadoop-ozone/integration-test/target/test-dir/MiniOzoneClusterImpl-5f8fa623-64cf-4f4e-8311-fe7397263f1f/datanode-0/data/ratis] (custom)
2019-10-09 06:21:36,307 [pool-207-thread-1] INFO  server.RaftServerConfigKeys (ConfUtils.java:logGet(43)) - raft.server.log.corruption.policy = EXCEPTION (default)
2019-10-09 06:21:36,307 [pool-207-thread-1] INFO  storage.RaftStorageDirectory (RaftStorageDirectory.java:analyzeStorage(246)) - The storage directory /workdir/hadoop-ozone/integration-test/target/test-dir/MiniOzoneClusterImpl-5f8fa623-64cf-4f4e-8311-fe7397263f1f/datanode-0/data/ratis/d83139cc-8aed-456e-9246-a25d36e38df6 does not exist. Creating ...
2019-10-09 06:21:36,321 [pool-207-thread-1] INFO  storage.RaftStorageDirectory (RaftStorageDirectory.java:tryLock(328)) - Lock on /workdir/hadoop-ozone/integration-test/target/test-dir/MiniOzoneClusterImpl-5f8fa623-64cf-4f4e-8311-fe7397263f1f/datanode-0/data/ratis/d83139cc-8aed-456e-9246-a25d36e38df6/in_use.lock acquired by nodename 17003@pr-hdds-2269-kpn6k-1406547098
2019-10-09 06:21:36,333 [pool-207-thread-1] INFO  storage.RaftStorage (RaftStorage.java:format(84)) - Storage directory /workdir/hadoop-ozone/integration-test/target/test-dir/MiniOzoneClusterImpl-5f8fa623-64cf-4f4e-8311-fe7397263f1f/datanode-0/data/ratis/d83139cc-8aed-456e-9246-a25d36e38df6 has been successfully formatted.
2019-10-09 06:21:36,334 [pool-207-thread-1] INFO  ratis.ContainerStateMachine (ContainerStateMachine.java:loadSnapshot(231)) - group-A25D36E38DF6: The snapshot info is null. Setting the last applied indexto:(t:0, i:~)
2019-10-09 06:21:36,334 [pool-207-thread-1] INFO  server.RaftServerConfigKeys (ConfUtils.java:logGet(43)) - raft.server.notification.no-leader.timeout = 120s (custom)
2019-10-09 06:21:36,334 [pool-207-thread-1] INFO  server.RaftServerConfigKeys (ConfUtils.java:logGet(43)) - raft.server.log.use.memory = false (default)
2019-10-09 06:21:36,334 [pool-207-thread-1] INFO  server.RaftServerConfigKeys (ConfUtils.java:logGet(43)) - raft.server.log.purge.gap = 1000000 (custom)
2019-10-09 06:21:36,334 [pool-207-thread-1] INFO  server.RaftServerConfigKeys (ConfUtils.java:logGet(43)) - raft.server.log.appender.buffer.byte-limit = 33554432 (custom)
2019-10-09 06:21:36,335 [pool-207-thread-1] INFO  server.RaftServerConfigKeys (ConfUtils.java:logGet(43)) - raft.server.log.segment.size.max = 1048576 (custom)
2019-10-09 06:21:36,337 [pool-207-thread-1] INFO  server.RaftServerConfigKeys (ConfUtils.java:logGet(43)) - raft.server.log.segment.cache.num.max = 2 (custom)
2019-10-09 06:21:36,337 [pool-207-thread-1] INFO  segmented.SegmentedRaftLogWorker (SegmentedRaftLogWorker.java:<init>(173)) - new 4328684e-b37e-4e01-8f53-68accb045f0f@group-A25D36E38DF6-SegmentedRaftLogWorker for RaftStorage:Storage Directory /workdir/hadoop-ozone/integration-test/target/test-dir/MiniOzoneClusterImpl-5f8fa623-64cf-4f4e-8311-fe7397263f1f/datanode-0/data/ratis/d83139cc-8aed-456e-9246-a25d36e38df6
2019-10-09 06:21:36,337 [pool-207-thread-1] INFO  server.RaftServerConfigKeys (ConfUtils.java:logGet(43)) - raft.server.log.queue.byte-limit = 2147483647 (custom)
2019-10-09 06:21:36,338 [pool-207-thread-1] INFO  server.RaftServerConfigKeys (ConfUtils.java:logGet(43)) - raft.server.log.queue.element-limit = 1024 (custom)
2019-10-09 06:21:36,338 [pool-207-thread-1] INFO  server.RaftServerConfigKeys (ConfUtils.java:logGet(43)) - raft.server.log.segment.size.max = 1048576 (custom)
2019-10-09 06:21:36,338 [pool-207-thread-1] INFO  server.RaftServerConfigKeys (ConfUtils.java:logGet(43)) - raft.server.log.preallocated.size = 16384 (custom)
2019-10-09 06:21:36,338 [pool-207-thread-1] INFO  server.RaftServerConfigKeys (ConfUtils.java:logGet(43)) - raft.server.log.write.buffer.size = 33554432 (custom)
2019-10-09 06:21:36,338 [pool-207-thread-1] INFO  server.RaftServerConfigKeys (ConfUtils.java:logGet(43)) - raft.server.log.force.sync.num = 128 (default)
2019-10-09 06:21:36,338 [pool-207-thread-1] INFO  server.RaftServerConfigKeys (ConfUtils.java:logGet(43)) - raft.server.log.statemachine.data.sync = true (default)
2019-10-09 06:21:36,339 [pool-207-thread-1] INFO  server.RaftServerConfigKeys (ConfUtils.java:logGet(43)) - raft.server.log.statemachine.data.sync.timeout = 10s (default)
2019-10-09 06:21:36,339 [pool-207-thread-1] INFO  server.RaftServerConfigKeys (ConfUtils.java:logGet(43)) - raft.server.log.statemachine.data.sync.timeout.retry = -1 (default)
2019-10-09 06:21:36,340 [pool-207-thread-1] INFO  server.RaftServerConfigKeys (ConfUtils.java:logGet(43)) - raft.server.log.statemachine.data.caching.enabled = true (custom)
2019-10-09 06:21:36,340 [pool-207-thread-1] INFO  segmented.SegmentedRaftLogWorker (SegmentedRaftLogWorker.java:lambda$new$0(128)) - 4328684e-b37e-4e01-8f53-68accb045f0f@group-A25D36E38DF6-SegmentedRaftLogWorker: flushIndex: setUnconditionally 0 -> -1
2019-10-09 06:21:36,341 [pool-207-thread-1] INFO  server.RaftServerConfigKeys (ConfUtils.java:logGet(43)) - raft.server.snapshot.auto.trigger.enabled = true (custom)
2019-10-09 06:21:36,341 [pool-207-thread-1] INFO  server.RaftServerConfigKeys (ConfUtils.java:logGet(43)) - raft.server.snapshot.auto.trigger.threshold = 10000 (custom)
2019-10-09 06:21:36,341 [pool-207-thread-1] INFO  server.RaftServerConfigKeys (ConfUtils.java:logGet(43)) - raft.server.snapshot.retention.file.num = 5 (custom)
2019-10-09 06:21:36,341 [pool-207-thread-1] INFO  server.RaftServerConfigKeys (ConfUtils.java:logGet(43)) - raft.server.retrycache.expirytime = 600000ms (custom)
2019-10-09 06:21:36,344 [pool-207-thread-1] INFO  impl.RaftServerImpl (RaftServerImpl.java:start(181)) - 4328684e-b37e-4e01-8f53-68accb045f0f@group-A25D36E38DF6: start as a follower, conf=-1: [4328684e-b37e-4e01-8f53-68accb045f0f:192.168.164.215:34122], old=null
2019-10-09 06:21:36,344 [pool-207-thread-1] INFO  impl.RaftServerImpl (RaftServerImpl.java:setRole(170)) - 4328684e-b37e-4e01-8f53-68accb045f0f@group-A25D36E38DF6: changes role from      null to FOLLOWER at term 0 for startAsFollower
2019-10-09 06:21:36,344 [pool-207-thread-1] INFO  impl.RoleInfo (RoleInfo.java:updateAndGet(143)) - 4328684e-b37e-4e01-8f53-68accb045f0f: start FollowerState
2019-10-09 06:21:36,345 [pool-207-thread-1] INFO  util.JmxRegister (JmxRegister.java:tryRegister(44)) - Successfully registered JMX Bean with object name Ratis:service=RaftServer,group=group-A25D36E38DF6,id=4328684e-b37e-4e01-8f53-68accb045f0f
2019-10-09 06:21:36,353 [RatisPipelineUtilsThread] INFO  pipeline.PipelineStateManager (PipelineStateManager.java:addPipeline(56)) - Created pipeline Pipeline[ Id: d83139cc-8aed-456e-9246-a25d36e38df6, Nodes: 4328684e-b37e-4e01-8f53-68accb045f0f{ip: 192.168.164.215, host: pr-hdds-2269-kpn6k-1406547098, networkLocation: /default-rack, certSerialId: null}, Type:RATIS, Factor:ONE, State:OPEN]
2019-10-09 06:21:36,368 [IPC Server handler 11 on 33101] INFO  net.NetworkTopology (NetworkTopologyImpl.java:add(111)) - Added a new node: /default-rack/ed6f6a70-b6f8-4961-980c-85ada14e1a17
2019-10-09 06:21:36,368 [IPC Server handler 11 on 33101] INFO  node.SCMNodeManager (SCMNodeManager.java:register(268)) - Registered Data node : ed6f6a70-b6f8-4961-980c-85ada14e1a17{ip: 192.168.164.215, host: pr-hdds-2269-kpn6k-1406547098, networkLocation: /default-rack, certSerialId: null}
2019-10-09 06:21:36,389 [grpc-default-executor-0] INFO  impl.RaftServerProxy (RaftServerProxy.java:addNew(89)) - ed6f6a70-b6f8-4961-980c-85ada14e1a17: addNew group-87BD5E836870:[ed6f6a70-b6f8-4961-980c-85ada14e1a17:192.168.164.215:36605] returns group-87BD5E836870:java.util.concurrent.CompletableFuture@2f8ef2cc[Not completed]
2019-10-09 06:21:36,392 [pool-217-thread-1] INFO  impl.RaftServerImpl (RaftServerImpl.java:<init>(95)) - ed6f6a70-b6f8-4961-980c-85ada14e1a17: new RaftServerImpl for group-87BD5E836870:[ed6f6a70-b6f8-4961-980c-85ada14e1a17:192.168.164.215:36605] with ContainerStateMachine:uninitialized
2019-10-09 06:21:36,392 [pool-217-thread-1] INFO  server.RaftServerConfigKeys (ConfUtils.java:logGet(43)) - raft.server.rpc.timeout.min = 5s (custom)
2019-10-09 06:21:36,392 [pool-217-thread-1] INFO  server.RaftServerConfigKeys (ConfUtils.java:logGet(43)) - raft.server.rpc.timeout.max = 5200ms (custom)
2019-10-09 06:21:36,392 [pool-217-thread-1] INFO  server.RaftServerConfigKeys (ConfUtils.java:logGet(43)) - raft.server.rpcslowness.timeout = 120s (custom)
2019-10-09 06:21:36,393 [pool-217-thread-1] INFO  server.RaftServerConfigKeys (ConfUtils.java:logGet(43)) - raft.server.sleep.deviation.threshold = 300 (default)
2019-10-09 06:21:36,393 [pool-217-thread-1] INFO  server.RaftServerConfigKeys (ConfUtils.java:logGet(43)) - raft.server.log.appender.install.snapshot.enabled = false (custom)
2019-10-09 06:21:36,393 [pool-217-thread-1] INFO  impl.RaftServerImpl (ServerState.java:<init>(103)) - ed6f6a70-b6f8-4961-980c-85ada14e1a17@group-87BD5E836870: ConfigurationManager, init=-1: [ed6f6a70-b6f8-4961-980c-85ada14e1a17:192.168.164.215:36605], old=null, confs=<EMPTY_MAP>
2019-10-09 06:21:36,393 [pool-217-thread-1] INFO  server.RaftServerConfigKeys (ConfUtils.java:logGet(43)) - raft.server.storage.dir = [/workdir/hadoop-ozone/integration-test/target/test-dir/MiniOzoneClusterImpl-5f8fa623-64cf-4f4e-8311-fe7397263f1f/datanode-1/data/ratis] (custom)
2019-10-09 06:21:36,394 [pool-217-thread-1] INFO  server.RaftServerConfigKeys (ConfUtils.java:logGet(43)) - raft.server.log.corruption.policy = EXCEPTION (default)
2019-10-09 06:21:36,394 [pool-217-thread-1] INFO  storage.RaftStorageDirectory (RaftStorageDirectory.java:analyzeStorage(246)) - The storage directory /workdir/hadoop-ozone/integration-test/target/test-dir/MiniOzoneClusterImpl-5f8fa623-64cf-4f4e-8311-fe7397263f1f/datanode-1/data/ratis/30240e6b-9ce0-4da6-9310-87bd5e836870 does not exist. Creating ...
2019-10-09 06:21:36,407 [pool-217-thread-1] INFO  storage.RaftStorageDirectory (RaftStorageDirectory.java:tryLock(328)) - Lock on /workdir/hadoop-ozone/integration-test/target/test-dir/MiniOzoneClusterImpl-5f8fa623-64cf-4f4e-8311-fe7397263f1f/datanode-1/data/ratis/30240e6b-9ce0-4da6-9310-87bd5e836870/in_use.lock acquired by nodename 17003@pr-hdds-2269-kpn6k-1406547098
2019-10-09 06:21:36,420 [pool-217-thread-1] INFO  storage.RaftStorage (RaftStorage.java:format(84)) - Storage directory /workdir/hadoop-ozone/integration-test/target/test-dir/MiniOzoneClusterImpl-5f8fa623-64cf-4f4e-8311-fe7397263f1f/datanode-1/data/ratis/30240e6b-9ce0-4da6-9310-87bd5e836870 has been successfully formatted.
2019-10-09 06:21:36,421 [pool-217-thread-1] INFO  ratis.ContainerStateMachine (ContainerStateMachine.java:loadSnapshot(231)) - group-87BD5E836870: The snapshot info is null. Setting the last applied indexto:(t:0, i:~)
2019-10-09 06:21:36,421 [pool-217-thread-1] INFO  server.RaftServerConfigKeys (ConfUtils.java:logGet(43)) - raft.server.notification.no-leader.timeout = 120s (custom)
2019-10-09 06:21:36,421 [pool-217-thread-1] INFO  server.RaftServerConfigKeys (ConfUtils.java:logGet(43)) - raft.server.log.use.memory = false (default)
2019-10-09 06:21:36,421 [pool-217-thread-1] INFO  server.RaftServerConfigKeys (ConfUtils.java:logGet(43)) - raft.server.log.purge.gap = 1000000 (custom)
2019-10-09 06:21:36,422 [pool-217-thread-1] INFO  server.RaftServerConfigKeys (ConfUtils.java:logGet(43)) - raft.server.log.appender.buffer.byte-limit = 33554432 (custom)
2019-10-09 06:21:36,422 [pool-217-thread-1] INFO  server.RaftServerConfigKeys (ConfUtils.java:logGet(43)) - raft.server.log.segment.size.max = 1048576 (custom)
2019-10-09 06:21:36,424 [pool-217-thread-1] INFO  server.RaftServerConfigKeys (ConfUtils.java:logGet(43)) - raft.server.log.segment.cache.num.max = 2 (custom)
2019-10-09 06:21:36,425 [pool-217-thread-1] INFO  segmented.SegmentedRaftLogWorker (SegmentedRaftLogWorker.java:<init>(173)) - new ed6f6a70-b6f8-4961-980c-85ada14e1a17@group-87BD5E836870-SegmentedRaftLogWorker for RaftStorage:Storage Directory /workdir/hadoop-ozone/integration-test/target/test-dir/MiniOzoneClusterImpl-5f8fa623-64cf-4f4e-8311-fe7397263f1f/datanode-1/data/ratis/30240e6b-9ce0-4da6-9310-87bd5e836870
2019-10-09 06:21:36,425 [pool-217-thread-1] INFO  server.RaftServerConfigKeys (ConfUtils.java:logGet(43)) - raft.server.log.queue.byte-limit = 2147483647 (custom)
2019-10-09 06:21:36,425 [pool-217-thread-1] INFO  server.RaftServerConfigKeys (ConfUtils.java:logGet(43)) - raft.server.log.queue.element-limit = 1024 (custom)
2019-10-09 06:21:36,425 [pool-217-thread-1] INFO  server.RaftServerConfigKeys (ConfUtils.java:logGet(43)) - raft.server.log.segment.size.max = 1048576 (custom)
2019-10-09 06:21:36,425 [pool-217-thread-1] INFO  server.RaftServerConfigKeys (ConfUtils.java:logGet(43)) - raft.server.log.preallocated.size = 16384 (custom)
2019-10-09 06:21:36,426 [pool-217-thread-1] INFO  server.RaftServerConfigKeys (ConfUtils.java:logGet(43)) - raft.server.log.write.buffer.size = 33554432 (custom)
2019-10-09 06:21:36,426 [pool-217-thread-1] INFO  server.RaftServerConfigKeys (ConfUtils.java:logGet(43)) - raft.server.log.force.sync.num = 128 (default)
2019-10-09 06:21:36,426 [pool-217-thread-1] INFO  server.RaftServerConfigKeys (ConfUtils.java:logGet(43)) - raft.server.log.statemachine.data.sync = true (default)
2019-10-09 06:21:36,426 [pool-217-thread-1] INFO  server.RaftServerConfigKeys (ConfUtils.java:logGet(43)) - raft.server.log.statemachine.data.sync.timeout = 10s (default)
2019-10-09 06:21:36,426 [pool-217-thread-1] INFO  server.RaftServerConfigKeys (ConfUtils.java:logGet(43)) - raft.server.log.statemachine.data.sync.timeout.retry = -1 (default)
2019-10-09 06:21:36,427 [pool-217-thread-1] INFO  server.RaftServerConfigKeys (ConfUtils.java:logGet(43)) - raft.server.log.statemachine.data.caching.enabled = true (custom)
2019-10-09 06:21:36,427 [pool-217-thread-1] INFO  segmented.SegmentedRaftLogWorker (SegmentedRaftLogWorker.java:lambda$new$0(128)) - ed6f6a70-b6f8-4961-980c-85ada14e1a17@group-87BD5E836870-SegmentedRaftLogWorker: flushIndex: setUnconditionally 0 -> -1
2019-10-09 06:21:36,428 [pool-217-thread-1] INFO  server.RaftServerConfigKeys (ConfUtils.java:logGet(43)) - raft.server.snapshot.auto.trigger.enabled = true (custom)
2019-10-09 06:21:36,428 [pool-217-thread-1] INFO  server.RaftServerConfigKeys (ConfUtils.java:logGet(43)) - raft.server.snapshot.auto.trigger.threshold = 10000 (custom)
2019-10-09 06:21:36,428 [pool-217-thread-1] INFO  server.RaftServerConfigKeys (ConfUtils.java:logGet(43)) - raft.server.snapshot.retention.file.num = 5 (custom)
2019-10-09 06:21:36,428 [pool-217-thread-1] INFO  server.RaftServerConfigKeys (ConfUtils.java:logGet(43)) - raft.server.retrycache.expirytime = 600000ms (custom)
2019-10-09 06:21:36,430 [pool-217-thread-1] INFO  impl.RaftServerImpl (RaftServerImpl.java:start(181)) - ed6f6a70-b6f8-4961-980c-85ada14e1a17@group-87BD5E836870: start as a follower, conf=-1: [ed6f6a70-b6f8-4961-980c-85ada14e1a17:192.168.164.215:36605], old=null
2019-10-09 06:21:36,430 [pool-217-thread-1] INFO  impl.RaftServerImpl (RaftServerImpl.java:setRole(170)) - ed6f6a70-b6f8-4961-980c-85ada14e1a17@group-87BD5E836870: changes role from      null to FOLLOWER at term 0 for startAsFollower
2019-10-09 06:21:36,430 [pool-217-thread-1] INFO  impl.RoleInfo (RoleInfo.java:updateAndGet(143)) - ed6f6a70-b6f8-4961-980c-85ada14e1a17: start FollowerState
2019-10-09 06:21:36,431 [pool-217-thread-1] INFO  util.JmxRegister (JmxRegister.java:tryRegister(44)) - Successfully registered JMX Bean with object name Ratis:service=RaftServer,group=group-87BD5E836870,id=ed6f6a70-b6f8-4961-980c-85ada14e1a17
2019-10-09 06:21:36,438 [RatisPipelineUtilsThread] INFO  pipeline.PipelineStateManager (PipelineStateManager.java:addPipeline(56)) - Created pipeline Pipeline[ Id: 30240e6b-9ce0-4da6-9310-87bd5e836870, Nodes: ed6f6a70-b6f8-4961-980c-85ada14e1a17{ip: 192.168.164.215, host: pr-hdds-2269-kpn6k-1406547098, networkLocation: /default-rack, certSerialId: null}, Type:RATIS, Factor:ONE, State:OPEN]
2019-10-09 06:21:36,451 [IPC Server handler 0 on 33101] INFO  net.NetworkTopology (NetworkTopologyImpl.java:add(111)) - Added a new node: /default-rack/6856b686-1c7c-4dc9-8a2c-12464df5d3b9
2019-10-09 06:21:36,451 [IPC Server handler 0 on 33101] INFO  node.SCMNodeManager (SCMNodeManager.java:register(268)) - Registered Data node : 6856b686-1c7c-4dc9-8a2c-12464df5d3b9{ip: 192.168.164.215, host: pr-hdds-2269-kpn6k-1406547098, networkLocation: /default-rack, certSerialId: null}
2019-10-09 06:21:36,471 [grpc-default-executor-0] INFO  impl.RaftServerProxy (RaftServerProxy.java:addNew(89)) - 6856b686-1c7c-4dc9-8a2c-12464df5d3b9: addNew group-B4BEA818E96F:[6856b686-1c7c-4dc9-8a2c-12464df5d3b9:192.168.164.215:35991] returns group-B4BEA818E96F:java.util.concurrent.CompletableFuture@558f78e9[Not completed]
2019-10-09 06:21:36,473 [pool-227-thread-1] INFO  impl.RaftServerImpl (RaftServerImpl.java:<init>(95)) - 6856b686-1c7c-4dc9-8a2c-12464df5d3b9: new RaftServerImpl for group-B4BEA818E96F:[6856b686-1c7c-4dc9-8a2c-12464df5d3b9:192.168.164.215:35991] with ContainerStateMachine:uninitialized
2019-10-09 06:21:36,473 [pool-227-thread-1] INFO  server.RaftServerConfigKeys (ConfUtils.java:logGet(43)) - raft.server.rpc.timeout.min = 5s (custom)
2019-10-09 06:21:36,473 [pool-227-thread-1] INFO  server.RaftServerConfigKeys (ConfUtils.java:logGet(43)) - raft.server.rpc.timeout.max = 5200ms (custom)
2019-10-09 06:21:36,473 [pool-227-thread-1] INFO  server.RaftServerConfigKeys (ConfUtils.java:logGet(43)) - raft.server.rpcslowness.timeout = 120s (custom)
2019-10-09 06:21:36,474 [pool-227-thread-1] INFO  server.RaftServerConfigKeys (ConfUtils.java:logGet(43)) - raft.server.sleep.deviation.threshold = 300 (default)
2019-10-09 06:21:36,474 [pool-227-thread-1] INFO  server.RaftServerConfigKeys (ConfUtils.java:logGet(43)) - raft.server.log.appender.install.snapshot.enabled = false (custom)
2019-10-09 06:21:36,474 [pool-227-thread-1] INFO  impl.RaftServerImpl (ServerState.java:<init>(103)) - 6856b686-1c7c-4dc9-8a2c-12464df5d3b9@group-B4BEA818E96F: ConfigurationManager, init=-1: [6856b686-1c7c-4dc9-8a2c-12464df5d3b9:192.168.164.215:35991], old=null, confs=<EMPTY_MAP>
2019-10-09 06:21:36,474 [pool-227-thread-1] INFO  server.RaftServerConfigKeys (ConfUtils.java:logGet(43)) - raft.server.storage.dir = [/workdir/hadoop-ozone/integration-test/target/test-dir/MiniOzoneClusterImpl-5f8fa623-64cf-4f4e-8311-fe7397263f1f/datanode-2/data/ratis] (custom)
2019-10-09 06:21:36,475 [pool-227-thread-1] INFO  server.RaftServerConfigKeys (ConfUtils.java:logGet(43)) - raft.server.log.corruption.policy = EXCEPTION (default)
2019-10-09 06:21:36,475 [pool-227-thread-1] INFO  storage.RaftStorageDirectory (RaftStorageDirectory.java:analyzeStorage(246)) - The storage directory /workdir/hadoop-ozone/integration-test/target/test-dir/MiniOzoneClusterImpl-5f8fa623-64cf-4f4e-8311-fe7397263f1f/datanode-2/data/ratis/20b2099d-55bb-4af6-934c-b4bea818e96f does not exist. Creating ...
2019-10-09 06:21:36,487 [pool-227-thread-1] INFO  storage.RaftStorageDirectory (RaftStorageDirectory.java:tryLock(328)) - Lock on /workdir/hadoop-ozone/integration-test/target/test-dir/MiniOzoneClusterImpl-5f8fa623-64cf-4f4e-8311-fe7397263f1f/datanode-2/data/ratis/20b2099d-55bb-4af6-934c-b4bea818e96f/in_use.lock acquired by nodename 17003@pr-hdds-2269-kpn6k-1406547098
2019-10-09 06:21:36,501 [pool-227-thread-1] INFO  storage.RaftStorage (RaftStorage.java:format(84)) - Storage directory /workdir/hadoop-ozone/integration-test/target/test-dir/MiniOzoneClusterImpl-5f8fa623-64cf-4f4e-8311-fe7397263f1f/datanode-2/data/ratis/20b2099d-55bb-4af6-934c-b4bea818e96f has been successfully formatted.
2019-10-09 06:21:36,501 [pool-227-thread-1] INFO  ratis.ContainerStateMachine (ContainerStateMachine.java:loadSnapshot(231)) - group-B4BEA818E96F: The snapshot info is null. Setting the last applied indexto:(t:0, i:~)
2019-10-09 06:21:36,501 [pool-227-thread-1] INFO  server.RaftServerConfigKeys (ConfUtils.java:logGet(43)) - raft.server.notification.no-leader.timeout = 120s (custom)
2019-10-09 06:21:36,501 [pool-227-thread-1] INFO  server.RaftServerConfigKeys (ConfUtils.java:logGet(43)) - raft.server.log.use.memory = false (default)
2019-10-09 06:21:36,502 [pool-227-thread-1] INFO  server.RaftServerConfigKeys (ConfUtils.java:logGet(43)) - raft.server.log.purge.gap = 1000000 (custom)
2019-10-09 06:21:36,502 [pool-227-thread-1] INFO  server.RaftServerConfigKeys (ConfUtils.java:logGet(43)) - raft.server.log.appender.buffer.byte-limit = 33554432 (custom)
2019-10-09 06:21:36,502 [pool-227-thread-1] INFO  server.RaftServerConfigKeys (ConfUtils.java:logGet(43)) - raft.server.log.segment.size.max = 1048576 (custom)
2019-10-09 06:21:36,504 [pool-227-thread-1] INFO  server.RaftServerConfigKeys (ConfUtils.java:logGet(43)) - raft.server.log.segment.cache.num.max = 2 (custom)
2019-10-09 06:21:36,504 [pool-227-thread-1] INFO  segmented.SegmentedRaftLogWorker (SegmentedRaftLogWorker.java:<init>(173)) - new 6856b686-1c7c-4dc9-8a2c-12464df5d3b9@group-B4BEA818E96F-SegmentedRaftLogWorker for RaftStorage:Storage Directory /workdir/hadoop-ozone/integration-test/target/test-dir/MiniOzoneClusterImpl-5f8fa623-64cf-4f4e-8311-fe7397263f1f/datanode-2/data/ratis/20b2099d-55bb-4af6-934c-b4bea818e96f
2019-10-09 06:21:36,504 [pool-227-thread-1] INFO  server.RaftServerConfigKeys (ConfUtils.java:logGet(43)) - raft.server.log.queue.byte-limit = 2147483647 (custom)
2019-10-09 06:21:36,505 [pool-227-thread-1] INFO  server.RaftServerConfigKeys (ConfUtils.java:logGet(43)) - raft.server.log.queue.element-limit = 1024 (custom)
2019-10-09 06:21:36,505 [pool-227-thread-1] INFO  server.RaftServerConfigKeys (ConfUtils.java:logGet(43)) - raft.server.log.segment.size.max = 1048576 (custom)
2019-10-09 06:21:36,505 [pool-227-thread-1] INFO  server.RaftServerConfigKeys (ConfUtils.java:logGet(43)) - raft.server.log.preallocated.size = 16384 (custom)
2019-10-09 06:21:36,505 [pool-227-thread-1] INFO  server.RaftServerConfigKeys (ConfUtils.java:logGet(43)) - raft.server.log.write.buffer.size = 33554432 (custom)
2019-10-09 06:21:36,505 [pool-227-thread-1] INFO  server.RaftServerConfigKeys (ConfUtils.java:logGet(43)) - raft.server.log.force.sync.num = 128 (default)
2019-10-09 06:21:36,505 [pool-227-thread-1] INFO  server.RaftServerConfigKeys (ConfUtils.java:logGet(43)) - raft.server.log.statemachine.data.sync = true (default)
2019-10-09 06:21:36,506 [pool-227-thread-1] INFO  server.RaftServerConfigKeys (ConfUtils.java:logGet(43)) - raft.server.log.statemachine.data.sync.timeout = 10s (default)
2019-10-09 06:21:36,506 [pool-227-thread-1] INFO  server.RaftServerConfigKeys (ConfUtils.java:logGet(43)) - raft.server.log.statemachine.data.sync.timeout.retry = -1 (default)
2019-10-09 06:21:36,506 [pool-227-thread-1] INFO  server.RaftServerConfigKeys (ConfUtils.java:logGet(43)) - raft.server.log.statemachine.data.caching.enabled = true (custom)
2019-10-09 06:21:36,507 [pool-227-thread-1] INFO  segmented.SegmentedRaftLogWorker (SegmentedRaftLogWorker.java:lambda$new$0(128)) - 6856b686-1c7c-4dc9-8a2c-12464df5d3b9@group-B4BEA818E96F-SegmentedRaftLogWorker: flushIndex: setUnconditionally 0 -> -1
2019-10-09 06:21:36,507 [pool-227-thread-1] INFO  server.RaftServerConfigKeys (ConfUtils.java:logGet(43)) - raft.server.snapshot.auto.trigger.enabled = true (custom)
2019-10-09 06:21:36,507 [pool-227-thread-1] INFO  server.RaftServerConfigKeys (ConfUtils.java:logGet(43)) - raft.server.snapshot.auto.trigger.threshold = 10000 (custom)
2019-10-09 06:21:36,507 [pool-227-thread-1] INFO  server.RaftServerConfigKeys (ConfUtils.java:logGet(43)) - raft.server.snapshot.retention.file.num = 5 (custom)
2019-10-09 06:21:36,507 [pool-227-thread-1] INFO  server.RaftServerConfigKeys (ConfUtils.java:logGet(43)) - raft.server.retrycache.expirytime = 600000ms (custom)
2019-10-09 06:21:36,510 [pool-227-thread-1] INFO  impl.RaftServerImpl (RaftServerImpl.java:start(181)) - 6856b686-1c7c-4dc9-8a2c-12464df5d3b9@group-B4BEA818E96F: start as a follower, conf=-1: [6856b686-1c7c-4dc9-8a2c-12464df5d3b9:192.168.164.215:35991], old=null
2019-10-09 06:21:36,510 [pool-227-thread-1] INFO  impl.RaftServerImpl (RaftServerImpl.java:setRole(170)) - 6856b686-1c7c-4dc9-8a2c-12464df5d3b9@group-B4BEA818E96F: changes role from      null to FOLLOWER at term 0 for startAsFollower
2019-10-09 06:21:36,510 [pool-227-thread-1] INFO  impl.RoleInfo (RoleInfo.java:updateAndGet(143)) - 6856b686-1c7c-4dc9-8a2c-12464df5d3b9: start FollowerState
2019-10-09 06:21:36,510 [pool-227-thread-1] INFO  util.JmxRegister (JmxRegister.java:tryRegister(44)) - Successfully registered JMX Bean with object name Ratis:service=RaftServer,group=group-B4BEA818E96F,id=6856b686-1c7c-4dc9-8a2c-12464df5d3b9
2019-10-09 06:21:36,518 [RatisPipelineUtilsThread] INFO  pipeline.PipelineStateManager (PipelineStateManager.java:addPipeline(56)) - Created pipeline Pipeline[ Id: 20b2099d-55bb-4af6-934c-b4bea818e96f, Nodes: 6856b686-1c7c-4dc9-8a2c-12464df5d3b9{ip: 192.168.164.215, host: pr-hdds-2269-kpn6k-1406547098, networkLocation: /default-rack, certSerialId: null}, Type:RATIS, Factor:ONE, State:OPEN]
2019-10-09 06:21:36,530 [grpc-default-executor-4] INFO  impl.RaftServerProxy (RaftServerProxy.java:addNew(89)) - 4328684e-b37e-4e01-8f53-68accb045f0f: addNew group-8111FD1E9AB5:[6856b686-1c7c-4dc9-8a2c-12464df5d3b9:192.168.164.215:35991, 4328684e-b37e-4e01-8f53-68accb045f0f:192.168.164.215:34122, ed6f6a70-b6f8-4961-980c-85ada14e1a17:192.168.164.215:36605] returns group-8111FD1E9AB5:java.util.concurrent.CompletableFuture@454770[Not completed]
2019-10-09 06:21:36,533 [grpc-default-executor-1] INFO  impl.RaftServerProxy (RaftServerProxy.java:addNew(89)) - ed6f6a70-b6f8-4961-980c-85ada14e1a17: addNew group-8111FD1E9AB5:[6856b686-1c7c-4dc9-8a2c-12464df5d3b9:192.168.164.215:35991, 4328684e-b37e-4e01-8f53-68accb045f0f:192.168.164.215:34122, ed6f6a70-b6f8-4961-980c-85ada14e1a17:192.168.164.215:36605] returns group-8111FD1E9AB5:java.util.concurrent.CompletableFuture@e992e8a[Not completed]
2019-10-09 06:21:36,536 [IPC Server handler 5 on 33101] INFO  net.NetworkTopology (NetworkTopologyImpl.java:add(111)) - Added a new node: /default-rack/1937c83e-d38b-440a-99dc-211415d42bb1
2019-10-09 06:21:36,536 [grpc-default-executor-1] INFO  impl.RaftServerProxy (RaftServerProxy.java:addNew(89)) - 6856b686-1c7c-4dc9-8a2c-12464df5d3b9: addNew group-8111FD1E9AB5:[6856b686-1c7c-4dc9-8a2c-12464df5d3b9:192.168.164.215:35991, 4328684e-b37e-4e01-8f53-68accb045f0f:192.168.164.215:34122, ed6f6a70-b6f8-4961-980c-85ada14e1a17:192.168.164.215:36605] returns group-8111FD1E9AB5:java.util.concurrent.CompletableFuture@4daa9678[Not completed]
2019-10-09 06:21:36,536 [IPC Server handler 5 on 33101] INFO  node.SCMNodeManager (SCMNodeManager.java:register(268)) - Registered Data node : 1937c83e-d38b-440a-99dc-211415d42bb1{ip: 192.168.164.215, host: pr-hdds-2269-kpn6k-1406547098, networkLocation: /default-rack, certSerialId: null}
2019-10-09 06:21:36,537 [pool-207-thread-1] INFO  impl.RaftServerImpl (RaftServerImpl.java:<init>(95)) - 4328684e-b37e-4e01-8f53-68accb045f0f: new RaftServerImpl for group-8111FD1E9AB5:[6856b686-1c7c-4dc9-8a2c-12464df5d3b9:192.168.164.215:35991, 4328684e-b37e-4e01-8f53-68accb045f0f:192.168.164.215:34122, ed6f6a70-b6f8-4961-980c-85ada14e1a17:192.168.164.215:36605] with ContainerStateMachine:uninitialized
2019-10-09 06:21:36,537 [pool-207-thread-1] INFO  server.RaftServerConfigKeys (ConfUtils.java:logGet(43)) - raft.server.rpc.timeout.min = 5s (custom)
2019-10-09 06:21:36,537 [pool-207-thread-1] INFO  server.RaftServerConfigKeys (ConfUtils.java:logGet(43)) - raft.server.rpc.timeout.max = 5200ms (custom)
2019-10-09 06:21:36,537 [pool-207-thread-1] INFO  server.RaftServerConfigKeys (ConfUtils.java:logGet(43)) - raft.server.rpcslowness.timeout = 120s (custom)
2019-10-09 06:21:36,537 [pool-217-thread-1] INFO  impl.RaftServerImpl (RaftServerImpl.java:<init>(95)) - ed6f6a70-b6f8-4961-980c-85ada14e1a17: new RaftServerImpl for group-8111FD1E9AB5:[6856b686-1c7c-4dc9-8a2c-12464df5d3b9:192.168.164.215:35991, 4328684e-b37e-4e01-8f53-68accb045f0f:192.168.164.215:34122, ed6f6a70-b6f8-4961-980c-85ada14e1a17:192.168.164.215:36605] with ContainerStateMachine:uninitialized
2019-10-09 06:21:36,537 [pool-207-thread-1] INFO  server.RaftServerConfigKeys (ConfUtils.java:logGet(43)) - raft.server.sleep.deviation.threshold = 300 (default)
2019-10-09 06:21:36,538 [pool-217-thread-1] INFO  server.RaftServerConfigKeys (ConfUtils.java:logGet(43)) - raft.server.rpc.timeout.min = 5s (custom)
2019-10-09 06:21:36,538 [pool-207-thread-1] INFO  server.RaftServerConfigKeys (ConfUtils.java:logGet(43)) - raft.server.log.appender.install.snapshot.enabled = false (custom)
2019-10-09 06:21:36,538 [pool-227-thread-1] INFO  impl.RaftServerImpl (RaftServerImpl.java:<init>(95)) - 6856b686-1c7c-4dc9-8a2c-12464df5d3b9: new RaftServerImpl for group-8111FD1E9AB5:[6856b686-1c7c-4dc9-8a2c-12464df5d3b9:192.168.164.215:35991, 4328684e-b37e-4e01-8f53-68accb045f0f:192.168.164.215:34122, ed6f6a70-b6f8-4961-980c-85ada14e1a17:192.168.164.215:36605] with ContainerStateMachine:uninitialized
2019-10-09 06:21:36,538 [pool-217-thread-1] INFO  server.RaftServerConfigKeys (ConfUtils.java:logGet(43)) - raft.server.rpc.timeout.max = 5200ms (custom)
2019-10-09 06:21:36,538 [pool-227-thread-1] INFO  server.RaftServerConfigKeys (ConfUtils.java:logGet(43)) - raft.server.rpc.timeout.min = 5s (custom)
2019-10-09 06:21:36,538 [pool-227-thread-1] INFO  server.RaftServerConfigKeys (ConfUtils.java:logGet(43)) - raft.server.rpc.timeout.max = 5200ms (custom)
2019-10-09 06:21:36,538 [pool-207-thread-1] INFO  impl.RaftServerImpl (ServerState.java:<init>(103)) - 4328684e-b37e-4e01-8f53-68accb045f0f@group-8111FD1E9AB5: ConfigurationManager, init=-1: [6856b686-1c7c-4dc9-8a2c-12464df5d3b9:192.168.164.215:35991, 4328684e-b37e-4e01-8f53-68accb045f0f:192.168.164.215:34122, ed6f6a70-b6f8-4961-980c-85ada14e1a17:192.168.164.215:36605], old=null, confs=<EMPTY_MAP>
2019-10-09 06:21:36,538 [pool-227-thread-1] INFO  server.RaftServerConfigKeys (ConfUtils.java:logGet(43)) - raft.server.rpcslowness.timeout = 120s (custom)
2019-10-09 06:21:36,538 [pool-217-thread-1] INFO  server.RaftServerConfigKeys (ConfUtils.java:logGet(43)) - raft.server.rpcslowness.timeout = 120s (custom)
2019-10-09 06:21:36,539 [pool-227-thread-1] INFO  server.RaftServerConfigKeys (ConfUtils.java:logGet(43)) - raft.server.sleep.deviation.threshold = 300 (default)
2019-10-09 06:21:36,539 [pool-227-thread-1] INFO  server.RaftServerConfigKeys (ConfUtils.java:logGet(43)) - raft.server.log.appender.install.snapshot.enabled = false (custom)
2019-10-09 06:21:36,539 [pool-207-thread-1] INFO  server.RaftServerConfigKeys (ConfUtils.java:logGet(43)) - raft.server.storage.dir = [/workdir/hadoop-ozone/integration-test/target/test-dir/MiniOzoneClusterImpl-5f8fa623-64cf-4f4e-8311-fe7397263f1f/datanode-0/data/ratis] (custom)
2019-10-09 06:21:36,539 [pool-227-thread-1] INFO  impl.RaftServerImpl (ServerState.java:<init>(103)) - 6856b686-1c7c-4dc9-8a2c-12464df5d3b9@group-8111FD1E9AB5: ConfigurationManager, init=-1: [6856b686-1c7c-4dc9-8a2c-12464df5d3b9:192.168.164.215:35991, 4328684e-b37e-4e01-8f53-68accb045f0f:192.168.164.215:34122, ed6f6a70-b6f8-4961-980c-85ada14e1a17:192.168.164.215:36605], old=null, confs=<EMPTY_MAP>
2019-10-09 06:21:36,539 [pool-217-thread-1] INFO  server.RaftServerConfigKeys (ConfUtils.java:logGet(43)) - raft.server.sleep.deviation.threshold = 300 (default)
2019-10-09 06:21:36,540 [pool-207-thread-1] INFO  server.RaftServerConfigKeys (ConfUtils.java:logGet(43)) - raft.server.log.corruption.policy = EXCEPTION (default)
2019-10-09 06:21:36,539 [pool-227-thread-1] INFO  server.RaftServerConfigKeys (ConfUtils.java:logGet(43)) - raft.server.storage.dir = [/workdir/hadoop-ozone/integration-test/target/test-dir/MiniOzoneClusterImpl-5f8fa623-64cf-4f4e-8311-fe7397263f1f/datanode-2/data/ratis] (custom)
2019-10-09 06:21:36,540 [pool-207-thread-1] INFO  storage.RaftStorageDirectory (RaftStorageDirectory.java:analyzeStorage(246)) - The storage directory /workdir/hadoop-ozone/integration-test/target/test-dir/MiniOzoneClusterImpl-5f8fa623-64cf-4f4e-8311-fe7397263f1f/datanode-0/data/ratis/256c3b59-8864-40b7-8cea-8111fd1e9ab5 does not exist. Creating ...
2019-10-09 06:21:36,540 [pool-217-thread-1] INFO  server.RaftServerConfigKeys (ConfUtils.java:logGet(43)) - raft.server.log.appender.install.snapshot.enabled = false (custom)
2019-10-09 06:21:36,540 [pool-227-thread-1] INFO  server.RaftServerConfigKeys (ConfUtils.java:logGet(43)) - raft.server.log.corruption.policy = EXCEPTION (default)
2019-10-09 06:21:36,540 [pool-217-thread-1] INFO  impl.RaftServerImpl (ServerState.java:<init>(103)) - ed6f6a70-b6f8-4961-980c-85ada14e1a17@group-8111FD1E9AB5: ConfigurationManager, init=-1: [6856b686-1c7c-4dc9-8a2c-12464df5d3b9:192.168.164.215:35991, 4328684e-b37e-4e01-8f53-68accb045f0f:192.168.164.215:34122, ed6f6a70-b6f8-4961-980c-85ada14e1a17:192.168.164.215:36605], old=null, confs=<EMPTY_MAP>
2019-10-09 06:21:36,540 [pool-227-thread-1] INFO  storage.RaftStorageDirectory (RaftStorageDirectory.java:analyzeStorage(246)) - The storage directory /workdir/hadoop-ozone/integration-test/target/test-dir/MiniOzoneClusterImpl-5f8fa623-64cf-4f4e-8311-fe7397263f1f/datanode-2/data/ratis/256c3b59-8864-40b7-8cea-8111fd1e9ab5 does not exist. Creating ...
2019-10-09 06:21:36,540 [pool-217-thread-1] INFO  server.RaftServerConfigKeys (ConfUtils.java:logGet(43)) - raft.server.storage.dir = [/workdir/hadoop-ozone/integration-test/target/test-dir/MiniOzoneClusterImpl-5f8fa623-64cf-4f4e-8311-fe7397263f1f/datanode-1/data/ratis] (custom)
2019-10-09 06:21:36,541 [pool-217-thread-1] INFO  server.RaftServerConfigKeys (ConfUtils.java:logGet(43)) - raft.server.log.corruption.policy = EXCEPTION (default)
2019-10-09 06:21:36,541 [pool-217-thread-1] INFO  storage.RaftStorageDirectory (RaftStorageDirectory.java:analyzeStorage(246)) - The storage directory /workdir/hadoop-ozone/integration-test/target/test-dir/MiniOzoneClusterImpl-5f8fa623-64cf-4f4e-8311-fe7397263f1f/datanode-1/data/ratis/256c3b59-8864-40b7-8cea-8111fd1e9ab5 does not exist. Creating ...
2019-10-09 06:21:36,553 [pool-217-thread-1] INFO  storage.RaftStorageDirectory (RaftStorageDirectory.java:tryLock(328)) - Lock on /workdir/hadoop-ozone/integration-test/target/test-dir/MiniOzoneClusterImpl-5f8fa623-64cf-4f4e-8311-fe7397263f1f/datanode-1/data/ratis/256c3b59-8864-40b7-8cea-8111fd1e9ab5/in_use.lock acquired by nodename 17003@pr-hdds-2269-kpn6k-1406547098
2019-10-09 06:21:36,553 [pool-207-thread-1] INFO  storage.RaftStorageDirectory (RaftStorageDirectory.java:tryLock(328)) - Lock on /workdir/hadoop-ozone/integration-test/target/test-dir/MiniOzoneClusterImpl-5f8fa623-64cf-4f4e-8311-fe7397263f1f/datanode-0/data/ratis/256c3b59-8864-40b7-8cea-8111fd1e9ab5/in_use.lock acquired by nodename 17003@pr-hdds-2269-kpn6k-1406547098
2019-10-09 06:21:36,553 [pool-227-thread-1] INFO  storage.RaftStorageDirectory (RaftStorageDirectory.java:tryLock(328)) - Lock on /workdir/hadoop-ozone/integration-test/target/test-dir/MiniOzoneClusterImpl-5f8fa623-64cf-4f4e-8311-fe7397263f1f/datanode-2/data/ratis/256c3b59-8864-40b7-8cea-8111fd1e9ab5/in_use.lock acquired by nodename 17003@pr-hdds-2269-kpn6k-1406547098
2019-10-09 06:21:36,567 [pool-217-thread-1] INFO  storage.RaftStorage (RaftStorage.java:format(84)) - Storage directory /workdir/hadoop-ozone/integration-test/target/test-dir/MiniOzoneClusterImpl-5f8fa623-64cf-4f4e-8311-fe7397263f1f/datanode-1/data/ratis/256c3b59-8864-40b7-8cea-8111fd1e9ab5 has been successfully formatted.
2019-10-09 06:21:36,567 [pool-207-thread-1] INFO  storage.RaftStorage (RaftStorage.java:format(84)) - Storage directory /workdir/hadoop-ozone/integration-test/target/test-dir/MiniOzoneClusterImpl-5f8fa623-64cf-4f4e-8311-fe7397263f1f/datanode-0/data/ratis/256c3b59-8864-40b7-8cea-8111fd1e9ab5 has been successfully formatted.
2019-10-09 06:21:36,567 [pool-227-thread-1] INFO  storage.RaftStorage (RaftStorage.java:format(84)) - Storage directory /workdir/hadoop-ozone/integration-test/target/test-dir/MiniOzoneClusterImpl-5f8fa623-64cf-4f4e-8311-fe7397263f1f/datanode-2/data/ratis/256c3b59-8864-40b7-8cea-8111fd1e9ab5 has been successfully formatted.
2019-10-09 06:21:36,568 [pool-207-thread-1] INFO  ratis.ContainerStateMachine (ContainerStateMachine.java:loadSnapshot(231)) - group-8111FD1E9AB5: The snapshot info is null. Setting the last applied indexto:(t:0, i:~)
2019-10-09 06:21:36,567 [pool-217-thread-1] INFO  ratis.ContainerStateMachine (ContainerStateMachine.java:loadSnapshot(231)) - group-8111FD1E9AB5: The snapshot info is null. Setting the last applied indexto:(t:0, i:~)
2019-10-09 06:21:36,568 [pool-207-thread-1] INFO  server.RaftServerConfigKeys (ConfUtils.java:logGet(43)) - raft.server.notification.no-leader.timeout = 120s (custom)
2019-10-09 06:21:36,568 [pool-227-thread-1] INFO  ratis.ContainerStateMachine (ContainerStateMachine.java:loadSnapshot(231)) - group-8111FD1E9AB5: The snapshot info is null. Setting the last applied indexto:(t:0, i:~)
2019-10-09 06:21:36,568 [pool-207-thread-1] INFO  server.RaftServerConfigKeys (ConfUtils.java:logGet(43)) - raft.server.log.use.memory = false (default)
2019-10-09 06:21:36,568 [pool-217-thread-1] INFO  server.RaftServerConfigKeys (ConfUtils.java:logGet(43)) - raft.server.notification.no-leader.timeout = 120s (custom)
2019-10-09 06:21:36,569 [pool-207-thread-1] INFO  server.RaftServerConfigKeys (ConfUtils.java:logGet(43)) - raft.server.log.purge.gap = 1000000 (custom)
2019-10-09 06:21:36,568 [pool-227-thread-1] INFO  server.RaftServerConfigKeys (ConfUtils.java:logGet(43)) - raft.server.notification.no-leader.timeout = 120s (custom)
2019-10-09 06:21:36,569 [pool-207-thread-1] INFO  server.RaftServerConfigKeys (ConfUtils.java:logGet(43)) - raft.server.log.appender.buffer.byte-limit = 33554432 (custom)
2019-10-09 06:21:36,569 [pool-217-thread-1] INFO  server.RaftServerConfigKeys (ConfUtils.java:logGet(43)) - raft.server.log.use.memory = false (default)
2019-10-09 06:21:36,569 [pool-207-thread-1] INFO  server.RaftServerConfigKeys (ConfUtils.java:logGet(43)) - raft.server.log.segment.size.max = 1048576 (custom)
2019-10-09 06:21:36,569 [pool-227-thread-1] INFO  server.RaftServerConfigKeys (ConfUtils.java:logGet(43)) - raft.server.log.use.memory = false (default)
2019-10-09 06:21:36,570 [pool-207-thread-1] INFO  server.RaftServerConfigKeys (ConfUtils.java:logGet(43)) - raft.server.log.segment.cache.num.max = 2 (custom)
2019-10-09 06:21:36,569 [pool-217-thread-1] INFO  server.RaftServerConfigKeys (ConfUtils.java:logGet(43)) - raft.server.log.purge.gap = 1000000 (custom)
2019-10-09 06:21:36,570 [pool-207-thread-1] INFO  segmented.SegmentedRaftLogWorker (SegmentedRaftLogWorker.java:<init>(173)) - new 4328684e-b37e-4e01-8f53-68accb045f0f@group-8111FD1E9AB5-SegmentedRaftLogWorker for RaftStorage:Storage Directory /workdir/hadoop-ozone/integration-test/target/test-dir/MiniOzoneClusterImpl-5f8fa623-64cf-4f4e-8311-fe7397263f1f/datanode-0/data/ratis/256c3b59-8864-40b7-8cea-8111fd1e9ab5
2019-10-09 06:21:36,570 [pool-227-thread-1] INFO  server.RaftServerConfigKeys (ConfUtils.java:logGet(43)) - raft.server.log.purge.gap = 1000000 (custom)
2019-10-09 06:21:36,570 [pool-207-thread-1] INFO  server.RaftServerConfigKeys (ConfUtils.java:logGet(43)) - raft.server.log.queue.byte-limit = 2147483647 (custom)
2019-10-09 06:21:36,570 [pool-217-thread-1] INFO  server.RaftServerConfigKeys (ConfUtils.java:logGet(43)) - raft.server.log.appender.buffer.byte-limit = 33554432 (custom)
2019-10-09 06:21:36,570 [pool-207-thread-1] INFO  server.RaftServerConfigKeys (ConfUtils.java:logGet(43)) - raft.server.log.queue.element-limit = 1024 (custom)
2019-10-09 06:21:36,571 [pool-207-thread-1] INFO  server.RaftServerConfigKeys (ConfUtils.java:logGet(43)) - raft.server.log.segment.size.max = 1048576 (custom)
2019-10-09 06:21:36,570 [pool-227-thread-1] INFO  server.RaftServerConfigKeys (ConfUtils.java:logGet(43)) - raft.server.log.appender.buffer.byte-limit = 33554432 (custom)
2019-10-09 06:21:36,571 [pool-207-thread-1] INFO  server.RaftServerConfigKeys (ConfUtils.java:logGet(43)) - raft.server.log.preallocated.size = 16384 (custom)
2019-10-09 06:21:36,570 [pool-217-thread-1] INFO  server.RaftServerConfigKeys (ConfUtils.java:logGet(43)) - raft.server.log.segment.size.max = 1048576 (custom)
2019-10-09 06:21:36,571 [pool-207-thread-1] INFO  server.RaftServerConfigKeys (ConfUtils.java:logGet(43)) - raft.server.log.write.buffer.size = 33554432 (custom)
2019-10-09 06:21:36,571 [pool-227-thread-1] INFO  server.RaftServerConfigKeys (ConfUtils.java:logGet(43)) - raft.server.log.segment.size.max = 1048576 (custom)
2019-10-09 06:21:36,571 [pool-207-thread-1] INFO  server.RaftServerConfigKeys (ConfUtils.java:logGet(43)) - raft.server.log.force.sync.num = 128 (default)
2019-10-09 06:21:36,571 [pool-217-thread-1] INFO  server.RaftServerConfigKeys (ConfUtils.java:logGet(43)) - raft.server.log.segment.cache.num.max = 2 (custom)
2019-10-09 06:21:36,572 [pool-207-thread-1] INFO  server.RaftServerConfigKeys (ConfUtils.java:logGet(43)) - raft.server.log.statemachine.data.sync = true (default)
2019-10-09 06:21:36,572 [pool-227-thread-1] INFO  server.RaftServerConfigKeys (ConfUtils.java:logGet(43)) - raft.server.log.segment.cache.num.max = 2 (custom)
2019-10-09 06:21:36,572 [pool-207-thread-1] INFO  server.RaftServerConfigKeys (ConfUtils.java:logGet(43)) - raft.server.log.statemachine.data.sync.timeout = 10s (default)
2019-10-09 06:21:36,572 [pool-217-thread-1] INFO  segmented.SegmentedRaftLogWorker (SegmentedRaftLogWorker.java:<init>(173)) - new ed6f6a70-b6f8-4961-980c-85ada14e1a17@group-8111FD1E9AB5-SegmentedRaftLogWorker for RaftStorage:Storage Directory /workdir/hadoop-ozone/integration-test/target/test-dir/MiniOzoneClusterImpl-5f8fa623-64cf-4f4e-8311-fe7397263f1f/datanode-1/data/ratis/256c3b59-8864-40b7-8cea-8111fd1e9ab5
2019-10-09 06:21:36,572 [pool-207-thread-1] INFO  server.RaftServerConfigKeys (ConfUtils.java:logGet(43)) - raft.server.log.statemachine.data.sync.timeout.retry = -1 (default)
2019-10-09 06:21:36,572 [pool-227-thread-1] INFO  segmented.SegmentedRaftLogWorker (SegmentedRaftLogWorker.java:<init>(173)) - new 6856b686-1c7c-4dc9-8a2c-12464df5d3b9@group-8111FD1E9AB5-SegmentedRaftLogWorker for RaftStorage:Storage Directory /workdir/hadoop-ozone/integration-test/target/test-dir/MiniOzoneClusterImpl-5f8fa623-64cf-4f4e-8311-fe7397263f1f/datanode-2/data/ratis/256c3b59-8864-40b7-8cea-8111fd1e9ab5
2019-10-09 06:21:36,573 [pool-207-thread-1] INFO  server.RaftServerConfigKeys (ConfUtils.java:logGet(43)) - raft.server.log.statemachine.data.caching.enabled = true (custom)
2019-10-09 06:21:36,573 [pool-217-thread-1] INFO  server.RaftServerConfigKeys (ConfUtils.java:logGet(43)) - raft.server.log.queue.byte-limit = 2147483647 (custom)
2019-10-09 06:21:36,573 [pool-227-thread-1] INFO  server.RaftServerConfigKeys (ConfUtils.java:logGet(43)) - raft.server.log.queue.byte-limit = 2147483647 (custom)
2019-10-09 06:21:36,573 [pool-217-thread-1] INFO  server.RaftServerConfigKeys (ConfUtils.java:logGet(43)) - raft.server.log.queue.element-limit = 1024 (custom)
2019-10-09 06:21:36,573 [pool-207-thread-1] INFO  segmented.SegmentedRaftLogWorker (SegmentedRaftLogWorker.java:lambda$new$0(128)) - 4328684e-b37e-4e01-8f53-68accb045f0f@group-8111FD1E9AB5-SegmentedRaftLogWorker: flushIndex: setUnconditionally 0 -> -1
2019-10-09 06:21:36,573 [pool-217-thread-1] INFO  server.RaftServerConfigKeys (ConfUtils.java:logGet(43)) - raft.server.log.segment.size.max = 1048576 (custom)
2019-10-09 06:21:36,573 [pool-227-thread-1] INFO  server.RaftServerConfigKeys (ConfUtils.java:logGet(43)) - raft.server.log.queue.element-limit = 1024 (custom)
2019-10-09 06:21:36,574 [pool-217-thread-1] INFO  server.RaftServerConfigKeys (ConfUtils.java:logGet(43)) - raft.server.log.preallocated.size = 16384 (custom)
2019-10-09 06:21:36,574 [pool-207-thread-1] INFO  server.RaftServerConfigKeys (ConfUtils.java:logGet(43)) - raft.server.snapshot.auto.trigger.enabled = true (custom)
2019-10-09 06:21:36,574 [pool-217-thread-1] INFO  server.RaftServerConfigKeys (ConfUtils.java:logGet(43)) - raft.server.log.write.buffer.size = 33554432 (custom)
2019-10-09 06:21:36,574 [pool-227-thread-1] INFO  server.RaftServerConfigKeys (ConfUtils.java:logGet(43)) - raft.server.log.segment.size.max = 1048576 (custom)
2019-10-09 06:21:36,574 [pool-217-thread-1] INFO  server.RaftServerConfigKeys (ConfUtils.java:logGet(43)) - raft.server.log.force.sync.num = 128 (default)
2019-10-09 06:21:36,574 [pool-207-thread-1] INFO  server.RaftServerConfigKeys (ConfUtils.java:logGet(43)) - raft.server.snapshot.auto.trigger.threshold = 10000 (custom)
2019-10-09 06:21:36,575 [pool-217-thread-1] INFO  server.RaftServerConfigKeys (ConfUtils.java:logGet(43)) - raft.server.log.statemachine.data.sync = true (default)
2019-10-09 06:21:36,575 [pool-227-thread-1] INFO  server.RaftServerConfigKeys (ConfUtils.java:logGet(43)) - raft.server.log.preallocated.size = 16384 (custom)
2019-10-09 06:21:36,575 [pool-217-thread-1] INFO  server.RaftServerConfigKeys (ConfUtils.java:logGet(43)) - raft.server.log.statemachine.data.sync.timeout = 10s (default)
2019-10-09 06:21:36,575 [pool-207-thread-1] INFO  server.RaftServerConfigKeys (ConfUtils.java:logGet(43)) - raft.server.snapshot.retention.file.num = 5 (custom)
2019-10-09 06:21:36,575 [pool-217-thread-1] INFO  server.RaftServerConfigKeys (ConfUtils.java:logGet(43)) - raft.server.log.statemachine.data.sync.timeout.retry = -1 (default)
2019-10-09 06:21:36,575 [pool-227-thread-1] INFO  server.RaftServerConfigKeys (ConfUtils.java:logGet(43)) - raft.server.log.write.buffer.size = 33554432 (custom)
2019-10-09 06:21:36,576 [pool-217-thread-1] INFO  server.RaftServerConfigKeys (ConfUtils.java:logGet(43)) - raft.server.log.statemachine.data.caching.enabled = true (custom)
2019-10-09 06:21:36,575 [pool-207-thread-1] INFO  server.RaftServerConfigKeys (ConfUtils.java:logGet(43)) - raft.server.retrycache.expirytime = 600000ms (custom)
2019-10-09 06:21:36,576 [pool-217-thread-1] INFO  segmented.SegmentedRaftLogWorker (SegmentedRaftLogWorker.java:lambda$new$0(128)) - ed6f6a70-b6f8-4961-980c-85ada14e1a17@group-8111FD1E9AB5-SegmentedRaftLogWorker: flushIndex: setUnconditionally 0 -> -1
2019-10-09 06:21:36,576 [pool-227-thread-1] INFO  server.RaftServerConfigKeys (ConfUtils.java:logGet(43)) - raft.server.log.force.sync.num = 128 (default)
2019-10-09 06:21:36,576 [pool-227-thread-1] INFO  server.RaftServerConfigKeys (ConfUtils.java:logGet(43)) - raft.server.log.statemachine.data.sync = true (default)
2019-10-09 06:21:36,576 [pool-217-thread-1] INFO  server.RaftServerConfigKeys (ConfUtils.java:logGet(43)) - raft.server.snapshot.auto.trigger.enabled = true (custom)
2019-10-09 06:21:36,577 [pool-227-thread-1] INFO  server.RaftServerConfigKeys (ConfUtils.java:logGet(43)) - raft.server.log.statemachine.data.sync.timeout = 10s (default)
2019-10-09 06:21:36,577 [pool-217-thread-1] INFO  server.RaftServerConfigKeys (ConfUtils.java:logGet(43)) - raft.server.snapshot.auto.trigger.threshold = 10000 (custom)
2019-10-09 06:21:36,577 [pool-227-thread-1] INFO  server.RaftServerConfigKeys (ConfUtils.java:logGet(43)) - raft.server.log.statemachine.data.sync.timeout.retry = -1 (default)
2019-10-09 06:21:36,577 [pool-217-thread-1] INFO  server.RaftServerConfigKeys (ConfUtils.java:logGet(43)) - raft.server.snapshot.retention.file.num = 5 (custom)
2019-10-09 06:21:36,577 [pool-227-thread-1] INFO  server.RaftServerConfigKeys (ConfUtils.java:logGet(43)) - raft.server.log.statemachine.data.caching.enabled = true (custom)
2019-10-09 06:21:36,577 [pool-217-thread-1] INFO  server.RaftServerConfigKeys (ConfUtils.java:logGet(43)) - raft.server.retrycache.expirytime = 600000ms (custom)
2019-10-09 06:21:36,578 [pool-227-thread-1] INFO  segmented.SegmentedRaftLogWorker (SegmentedRaftLogWorker.java:lambda$new$0(128)) - 6856b686-1c7c-4dc9-8a2c-12464df5d3b9@group-8111FD1E9AB5-SegmentedRaftLogWorker: flushIndex: setUnconditionally 0 -> -1
2019-10-09 06:21:36,578 [pool-227-thread-1] INFO  server.RaftServerConfigKeys (ConfUtils.java:logGet(43)) - raft.server.snapshot.auto.trigger.enabled = true (custom)
2019-10-09 06:21:36,578 [pool-227-thread-1] INFO  server.RaftServerConfigKeys (ConfUtils.java:logGet(43)) - raft.server.snapshot.auto.trigger.threshold = 10000 (custom)
2019-10-09 06:21:36,578 [pool-227-thread-1] INFO  server.RaftServerConfigKeys (ConfUtils.java:logGet(43)) - raft.server.snapshot.retention.file.num = 5 (custom)
2019-10-09 06:21:36,578 [pool-207-thread-1] INFO  impl.RaftServerImpl (RaftServerImpl.java:start(181)) - 4328684e-b37e-4e01-8f53-68accb045f0f@group-8111FD1E9AB5: start as a follower, conf=-1: [6856b686-1c7c-4dc9-8a2c-12464df5d3b9:192.168.164.215:35991, 4328684e-b37e-4e01-8f53-68accb045f0f:192.168.164.215:34122, ed6f6a70-b6f8-4961-980c-85ada14e1a17:192.168.164.215:36605], old=null
2019-10-09 06:21:36,579 [pool-227-thread-1] INFO  server.RaftServerConfigKeys (ConfUtils.java:logGet(43)) - raft.server.retrycache.expirytime = 600000ms (custom)
2019-10-09 06:21:36,579 [pool-207-thread-1] INFO  impl.RaftServerImpl (RaftServerImpl.java:setRole(170)) - 4328684e-b37e-4e01-8f53-68accb045f0f@group-8111FD1E9AB5: changes role from      null to FOLLOWER at term 0 for startAsFollower
2019-10-09 06:21:36,579 [pool-207-thread-1] INFO  impl.RoleInfo (RoleInfo.java:updateAndGet(143)) - 4328684e-b37e-4e01-8f53-68accb045f0f: start FollowerState
2019-10-09 06:21:36,579 [pool-207-thread-1] INFO  util.JmxRegister (JmxRegister.java:tryRegister(44)) - Successfully registered JMX Bean with object name Ratis:service=RaftServer,group=group-8111FD1E9AB5,id=4328684e-b37e-4e01-8f53-68accb045f0f
2019-10-09 06:21:36,580 [pool-217-thread-1] INFO  impl.RaftServerImpl (RaftServerImpl.java:start(181)) - ed6f6a70-b6f8-4961-980c-85ada14e1a17@group-8111FD1E9AB5: start as a follower, conf=-1: [6856b686-1c7c-4dc9-8a2c-12464df5d3b9:192.168.164.215:35991, 4328684e-b37e-4e01-8f53-68accb045f0f:192.168.164.215:34122, ed6f6a70-b6f8-4961-980c-85ada14e1a17:192.168.164.215:36605], old=null
2019-10-09 06:21:36,580 [pool-217-thread-1] INFO  impl.RaftServerImpl (RaftServerImpl.java:setRole(170)) - ed6f6a70-b6f8-4961-980c-85ada14e1a17@group-8111FD1E9AB5: changes role from      null to FOLLOWER at term 0 for startAsFollower
2019-10-09 06:21:36,580 [pool-217-thread-1] INFO  impl.RoleInfo (RoleInfo.java:updateAndGet(143)) - ed6f6a70-b6f8-4961-980c-85ada14e1a17: start FollowerState
2019-10-09 06:21:36,581 [pool-217-thread-1] INFO  util.JmxRegister (JmxRegister.java:tryRegister(44)) - Successfully registered JMX Bean with object name Ratis:service=RaftServer,group=group-8111FD1E9AB5,id=ed6f6a70-b6f8-4961-980c-85ada14e1a17
2019-10-09 06:21:36,583 [pool-227-thread-1] INFO  impl.RaftServerImpl (RaftServerImpl.java:start(181)) - 6856b686-1c7c-4dc9-8a2c-12464df5d3b9@group-8111FD1E9AB5: start as a follower, conf=-1: [6856b686-1c7c-4dc9-8a2c-12464df5d3b9:192.168.164.215:35991, 4328684e-b37e-4e01-8f53-68accb045f0f:192.168.164.215:34122, ed6f6a70-b6f8-4961-980c-85ada14e1a17:192.168.164.215:36605], old=null
2019-10-09 06:21:36,583 [pool-227-thread-1] INFO  impl.RaftServerImpl (RaftServerImpl.java:setRole(170)) - 6856b686-1c7c-4dc9-8a2c-12464df5d3b9@group-8111FD1E9AB5: changes role from      null to FOLLOWER at term 0 for startAsFollower
2019-10-09 06:21:36,583 [pool-227-thread-1] INFO  impl.RoleInfo (RoleInfo.java:updateAndGet(143)) - 6856b686-1c7c-4dc9-8a2c-12464df5d3b9: start FollowerState
2019-10-09 06:21:36,584 [pool-227-thread-1] INFO  util.JmxRegister (JmxRegister.java:tryRegister(44)) - Successfully registered JMX Bean with object name Ratis:service=RaftServer,group=group-8111FD1E9AB5,id=6856b686-1c7c-4dc9-8a2c-12464df5d3b9
2019-10-09 06:21:36,596 [RatisPipelineUtilsThread] INFO  pipeline.PipelineStateManager (PipelineStateManager.java:addPipeline(56)) - Created pipeline Pipeline[ Id: 256c3b59-8864-40b7-8cea-8111fd1e9ab5, Nodes: 6856b686-1c7c-4dc9-8a2c-12464df5d3b9{ip: 192.168.164.215, host: pr-hdds-2269-kpn6k-1406547098, networkLocation: /default-rack, certSerialId: null}4328684e-b37e-4e01-8f53-68accb045f0f{ip: 192.168.164.215, host: pr-hdds-2269-kpn6k-1406547098, networkLocation: /default-rack, certSerialId: null}ed6f6a70-b6f8-4961-980c-85ada14e1a17{ip: 192.168.164.215, host: pr-hdds-2269-kpn6k-1406547098, networkLocation: /default-rack, certSerialId: null}, Type:RATIS, Factor:THREE, State:OPEN]
2019-10-09 06:21:36,625 [IPC Server handler 4 on 33101] INFO  net.NetworkTopology (NetworkTopologyImpl.java:add(111)) - Added a new node: /default-rack/c8cbd11e-358a-478c-a7f6-06f31c24dd93
2019-10-09 06:21:36,626 [IPC Server handler 4 on 33101] INFO  node.SCMNodeManager (SCMNodeManager.java:register(268)) - Registered Data node : c8cbd11e-358a-478c-a7f6-06f31c24dd93{ip: 192.168.164.215, host: pr-hdds-2269-kpn6k-1406547098, networkLocation: /default-rack, certSerialId: null}
2019-10-09 06:21:36,636 [grpc-default-executor-1] INFO  impl.RaftServerProxy (RaftServerProxy.java:addNew(89)) - c8cbd11e-358a-478c-a7f6-06f31c24dd93: addNew group-5C2A97E75E03:[c8cbd11e-358a-478c-a7f6-06f31c24dd93:192.168.164.215:33187] returns group-5C2A97E75E03:java.util.concurrent.CompletableFuture@b12250[Not completed]
2019-10-09 06:21:36,640 [pool-247-thread-1] INFO  impl.RaftServerImpl (RaftServerImpl.java:<init>(95)) - c8cbd11e-358a-478c-a7f6-06f31c24dd93: new RaftServerImpl for group-5C2A97E75E03:[c8cbd11e-358a-478c-a7f6-06f31c24dd93:192.168.164.215:33187] with ContainerStateMachine:uninitialized
2019-10-09 06:21:36,640 [pool-247-thread-1] INFO  server.RaftServerConfigKeys (ConfUtils.java:logGet(43)) - raft.server.rpc.timeout.min = 5s (custom)
2019-10-09 06:21:36,641 [pool-247-thread-1] INFO  server.RaftServerConfigKeys (ConfUtils.java:logGet(43)) - raft.server.rpc.timeout.max = 5200ms (custom)
2019-10-09 06:21:36,641 [pool-247-thread-1] INFO  server.RaftServerConfigKeys (ConfUtils.java:logGet(43)) - raft.server.rpcslowness.timeout = 120s (custom)
2019-10-09 06:21:36,641 [pool-247-thread-1] INFO  server.RaftServerConfigKeys (ConfUtils.java:logGet(43)) - raft.server.sleep.deviation.threshold = 300 (default)
2019-10-09 06:21:36,641 [pool-247-thread-1] INFO  server.RaftServerConfigKeys (ConfUtils.java:logGet(43)) - raft.server.log.appender.install.snapshot.enabled = false (custom)
2019-10-09 06:21:36,641 [pool-247-thread-1] INFO  impl.RaftServerImpl (ServerState.java:<init>(103)) - c8cbd11e-358a-478c-a7f6-06f31c24dd93@group-5C2A97E75E03: ConfigurationManager, init=-1: [c8cbd11e-358a-478c-a7f6-06f31c24dd93:192.168.164.215:33187], old=null, confs=<EMPTY_MAP>
2019-10-09 06:21:36,642 [pool-247-thread-1] INFO  server.RaftServerConfigKeys (ConfUtils.java:logGet(43)) - raft.server.storage.dir = [/workdir/hadoop-ozone/integration-test/target/test-dir/MiniOzoneClusterImpl-5f8fa623-64cf-4f4e-8311-fe7397263f1f/datanode-4/data/ratis] (custom)
2019-10-09 06:21:36,642 [pool-247-thread-1] INFO  server.RaftServerConfigKeys (ConfUtils.java:logGet(43)) - raft.server.log.corruption.policy = EXCEPTION (default)
2019-10-09 06:21:36,642 [pool-247-thread-1] INFO  storage.RaftStorageDirectory (RaftStorageDirectory.java:analyzeStorage(246)) - The storage directory /workdir/hadoop-ozone/integration-test/target/test-dir/MiniOzoneClusterImpl-5f8fa623-64cf-4f4e-8311-fe7397263f1f/datanode-4/data/ratis/336c7965-6391-47fe-9e23-5c2a97e75e03 does not exist. Creating ...
2019-10-09 06:21:36,656 [pool-247-thread-1] INFO  storage.RaftStorageDirectory (RaftStorageDirectory.java:tryLock(328)) - Lock on /workdir/hadoop-ozone/integration-test/target/test-dir/MiniOzoneClusterImpl-5f8fa623-64cf-4f4e-8311-fe7397263f1f/datanode-4/data/ratis/336c7965-6391-47fe-9e23-5c2a97e75e03/in_use.lock acquired by nodename 17003@pr-hdds-2269-kpn6k-1406547098
2019-10-09 06:21:36,669 [pool-247-thread-1] INFO  storage.RaftStorage (RaftStorage.java:format(84)) - Storage directory /workdir/hadoop-ozone/integration-test/target/test-dir/MiniOzoneClusterImpl-5f8fa623-64cf-4f4e-8311-fe7397263f1f/datanode-4/data/ratis/336c7965-6391-47fe-9e23-5c2a97e75e03 has been successfully formatted.
2019-10-09 06:21:36,669 [pool-247-thread-1] INFO  ratis.ContainerStateMachine (ContainerStateMachine.java:loadSnapshot(231)) - group-5C2A97E75E03: The snapshot info is null. Setting the last applied indexto:(t:0, i:~)
2019-10-09 06:21:36,669 [pool-247-thread-1] INFO  server.RaftServerConfigKeys (ConfUtils.java:logGet(43)) - raft.server.notification.no-leader.timeout = 120s (custom)
2019-10-09 06:21:36,669 [pool-247-thread-1] INFO  server.RaftServerConfigKeys (ConfUtils.java:logGet(43)) - raft.server.log.use.memory = false (default)
2019-10-09 06:21:36,669 [pool-247-thread-1] INFO  server.RaftServerConfigKeys (ConfUtils.java:logGet(43)) - raft.server.log.purge.gap = 1000000 (custom)
2019-10-09 06:21:36,670 [pool-247-thread-1] INFO  server.RaftServerConfigKeys (ConfUtils.java:logGet(43)) - raft.server.log.appender.buffer.byte-limit = 33554432 (custom)
2019-10-09 06:21:36,670 [pool-247-thread-1] INFO  server.RaftServerConfigKeys (ConfUtils.java:logGet(43)) - raft.server.log.segment.size.max = 1048576 (custom)
2019-10-09 06:21:36,672 [pool-247-thread-1] INFO  server.RaftServerConfigKeys (ConfUtils.java:logGet(43)) - raft.server.log.segment.cache.num.max = 2 (custom)
2019-10-09 06:21:36,672 [pool-247-thread-1] INFO  segmented.SegmentedRaftLogWorker (SegmentedRaftLogWorker.java:<init>(173)) - new c8cbd11e-358a-478c-a7f6-06f31c24dd93@group-5C2A97E75E03-SegmentedRaftLogWorker for RaftStorage:Storage Directory /workdir/hadoop-ozone/integration-test/target/test-dir/MiniOzoneClusterImpl-5f8fa623-64cf-4f4e-8311-fe7397263f1f/datanode-4/data/ratis/336c7965-6391-47fe-9e23-5c2a97e75e03
2019-10-09 06:21:36,672 [pool-247-thread-1] INFO  server.RaftServerConfigKeys (ConfUtils.java:logGet(43)) - raft.server.log.queue.byte-limit = 2147483647 (custom)
2019-10-09 06:21:36,672 [pool-247-thread-1] INFO  server.RaftServerConfigKeys (ConfUtils.java:logGet(43)) - raft.server.log.queue.element-limit = 1024 (custom)
2019-10-09 06:21:36,673 [pool-247-thread-1] INFO  server.RaftServerConfigKeys (ConfUtils.java:logGet(43)) - raft.server.log.segment.size.max = 1048576 (custom)
2019-10-09 06:21:36,673 [pool-247-thread-1] INFO  server.RaftServerConfigKeys (ConfUtils.java:logGet(43)) - raft.server.log.preallocated.size = 16384 (custom)
2019-10-09 06:21:36,673 [pool-247-thread-1] INFO  server.RaftServerConfigKeys (ConfUtils.java:logGet(43)) - raft.server.log.write.buffer.size = 33554432 (custom)
2019-10-09 06:21:36,673 [pool-247-thread-1] INFO  server.RaftServerConfigKeys (ConfUtils.java:logGet(43)) - raft.server.log.force.sync.num = 128 (default)
2019-10-09 06:21:36,673 [pool-247-thread-1] INFO  server.RaftServerConfigKeys (ConfUtils.java:logGet(43)) - raft.server.log.statemachine.data.sync = true (default)
2019-10-09 06:21:36,673 [pool-247-thread-1] INFO  server.RaftServerConfigKeys (ConfUtils.java:logGet(43)) - raft.server.log.statemachine.data.sync.timeout = 10s (default)
2019-10-09 06:21:36,673 [pool-247-thread-1] INFO  server.RaftServerConfigKeys (ConfUtils.java:logGet(43)) - raft.server.log.statemachine.data.sync.timeout.retry = -1 (default)
2019-10-09 06:21:36,674 [pool-247-thread-1] INFO  server.RaftServerConfigKeys (ConfUtils.java:logGet(43)) - raft.server.log.statemachine.data.caching.enabled = true (custom)
2019-10-09 06:21:36,674 [pool-247-thread-1] INFO  segmented.SegmentedRaftLogWorker (SegmentedRaftLogWorker.java:lambda$new$0(128)) - c8cbd11e-358a-478c-a7f6-06f31c24dd93@group-5C2A97E75E03-SegmentedRaftLogWorker: flushIndex: setUnconditionally 0 -> -1
2019-10-09 06:21:36,675 [pool-247-thread-1] INFO  server.RaftServerConfigKeys (ConfUtils.java:logGet(43)) - raft.server.snapshot.auto.trigger.enabled = true (custom)
2019-10-09 06:21:36,675 [pool-247-thread-1] INFO  server.RaftServerConfigKeys (ConfUtils.java:logGet(43)) - raft.server.snapshot.auto.trigger.threshold = 10000 (custom)
2019-10-09 06:21:36,675 [pool-247-thread-1] INFO  server.RaftServerConfigKeys (ConfUtils.java:logGet(43)) - raft.server.snapshot.retention.file.num = 5 (custom)
2019-10-09 06:21:36,675 [pool-247-thread-1] INFO  server.RaftServerConfigKeys (ConfUtils.java:logGet(43)) - raft.server.retrycache.expirytime = 600000ms (custom)
2019-10-09 06:21:36,677 [pool-247-thread-1] INFO  impl.RaftServerImpl (RaftServerImpl.java:start(181)) - c8cbd11e-358a-478c-a7f6-06f31c24dd93@group-5C2A97E75E03: start as a follower, conf=-1: [c8cbd11e-358a-478c-a7f6-06f31c24dd93:192.168.164.215:33187], old=null
2019-10-09 06:21:36,677 [pool-247-thread-1] INFO  impl.RaftServerImpl (RaftServerImpl.java:setRole(170)) - c8cbd11e-358a-478c-a7f6-06f31c24dd93@group-5C2A97E75E03: changes role from      null to FOLLOWER at term 0 for startAsFollower
2019-10-09 06:21:36,677 [pool-247-thread-1] INFO  impl.RoleInfo (RoleInfo.java:updateAndGet(143)) - c8cbd11e-358a-478c-a7f6-06f31c24dd93: start FollowerState
2019-10-09 06:21:36,678 [pool-247-thread-1] INFO  util.JmxRegister (JmxRegister.java:tryRegister(44)) - Successfully registered JMX Bean with object name Ratis:service=RaftServer,group=group-5C2A97E75E03,id=c8cbd11e-358a-478c-a7f6-06f31c24dd93
2019-10-09 06:21:36,686 [RatisPipelineUtilsThread] INFO  pipeline.PipelineStateManager (PipelineStateManager.java:addPipeline(56)) - Created pipeline Pipeline[ Id: 336c7965-6391-47fe-9e23-5c2a97e75e03, Nodes: c8cbd11e-358a-478c-a7f6-06f31c24dd93{ip: 192.168.164.215, host: pr-hdds-2269-kpn6k-1406547098, networkLocation: /default-rack, certSerialId: null}, Type:RATIS, Factor:ONE, State:OPEN]
2019-10-09 06:21:36,698 [grpc-default-executor-1] INFO  impl.RaftServerProxy (RaftServerProxy.java:addNew(89)) - 1937c83e-d38b-440a-99dc-211415d42bb1: addNew group-9B3C1CE36A74:[1937c83e-d38b-440a-99dc-211415d42bb1:192.168.164.215:35726] returns group-9B3C1CE36A74:java.util.concurrent.CompletableFuture@b400fe5[Not completed]
2019-10-09 06:21:36,699 [pool-237-thread-1] INFO  impl.RaftServerImpl (RaftServerImpl.java:<init>(95)) - 1937c83e-d38b-440a-99dc-211415d42bb1: new RaftServerImpl for group-9B3C1CE36A74:[1937c83e-d38b-440a-99dc-211415d42bb1:192.168.164.215:35726] with ContainerStateMachine:uninitialized
2019-10-09 06:21:36,699 [pool-237-thread-1] INFO  server.RaftServerConfigKeys (ConfUtils.java:logGet(43)) - raft.server.rpc.timeout.min = 5s (custom)
2019-10-09 06:21:36,700 [pool-237-thread-1] INFO  server.RaftServerConfigKeys (ConfUtils.java:logGet(43)) - raft.server.rpc.timeout.max = 5200ms (custom)
2019-10-09 06:21:36,700 [pool-237-thread-1] INFO  server.RaftServerConfigKeys (ConfUtils.java:logGet(43)) - raft.server.rpcslowness.timeout = 120s (custom)
2019-10-09 06:21:36,700 [pool-237-thread-1] INFO  server.RaftServerConfigKeys (ConfUtils.java:logGet(43)) - raft.server.sleep.deviation.threshold = 300 (default)
2019-10-09 06:21:36,700 [pool-237-thread-1] INFO  server.RaftServerConfigKeys (ConfUtils.java:logGet(43)) - raft.server.log.appender.install.snapshot.enabled = false (custom)
2019-10-09 06:21:36,700 [pool-237-thread-1] INFO  impl.RaftServerImpl (ServerState.java:<init>(103)) - 1937c83e-d38b-440a-99dc-211415d42bb1@group-9B3C1CE36A74: ConfigurationManager, init=-1: [1937c83e-d38b-440a-99dc-211415d42bb1:192.168.164.215:35726], old=null, confs=<EMPTY_MAP>
2019-10-09 06:21:36,701 [pool-237-thread-1] INFO  server.RaftServerConfigKeys (ConfUtils.java:logGet(43)) - raft.server.storage.dir = [/workdir/hadoop-ozone/integration-test/target/test-dir/MiniOzoneClusterImpl-5f8fa623-64cf-4f4e-8311-fe7397263f1f/datanode-3/data/ratis] (custom)
2019-10-09 06:21:36,701 [pool-237-thread-1] INFO  server.RaftServerConfigKeys (ConfUtils.java:logGet(43)) - raft.server.log.corruption.policy = EXCEPTION (default)
2019-10-09 06:21:36,701 [pool-237-thread-1] INFO  storage.RaftStorageDirectory (RaftStorageDirectory.java:analyzeStorage(246)) - The storage directory /workdir/hadoop-ozone/integration-test/target/test-dir/MiniOzoneClusterImpl-5f8fa623-64cf-4f4e-8311-fe7397263f1f/datanode-3/data/ratis/e1a23500-780a-47df-921d-9b3c1ce36a74 does not exist. Creating ...
2019-10-09 06:21:36,705 [IPC Server handler 1 on 33101] INFO  net.NetworkTopology (NetworkTopologyImpl.java:add(111)) - Added a new node: /default-rack/ce754dbe-f5c1-4869-b54a-74019f2e2dbf
2019-10-09 06:21:36,705 [IPC Server handler 1 on 33101] INFO  node.SCMNodeManager (SCMNodeManager.java:register(268)) - Registered Data node : ce754dbe-f5c1-4869-b54a-74019f2e2dbf{ip: 192.168.164.215, host: pr-hdds-2269-kpn6k-1406547098, networkLocation: /default-rack, certSerialId: null}
2019-10-09 06:21:36,714 [pool-237-thread-1] INFO  storage.RaftStorageDirectory (RaftStorageDirectory.java:tryLock(328)) - Lock on /workdir/hadoop-ozone/integration-test/target/test-dir/MiniOzoneClusterImpl-5f8fa623-64cf-4f4e-8311-fe7397263f1f/datanode-3/data/ratis/e1a23500-780a-47df-921d-9b3c1ce36a74/in_use.lock acquired by nodename 17003@pr-hdds-2269-kpn6k-1406547098
2019-10-09 06:21:36,727 [pool-237-thread-1] INFO  storage.RaftStorage (RaftStorage.java:format(84)) - Storage directory /workdir/hadoop-ozone/integration-test/target/test-dir/MiniOzoneClusterImpl-5f8fa623-64cf-4f4e-8311-fe7397263f1f/datanode-3/data/ratis/e1a23500-780a-47df-921d-9b3c1ce36a74 has been successfully formatted.
2019-10-09 06:21:36,728 [pool-237-thread-1] INFO  ratis.ContainerStateMachine (ContainerStateMachine.java:loadSnapshot(231)) - group-9B3C1CE36A74: The snapshot info is null. Setting the last applied indexto:(t:0, i:~)
2019-10-09 06:21:36,728 [pool-237-thread-1] INFO  server.RaftServerConfigKeys (ConfUtils.java:logGet(43)) - raft.server.notification.no-leader.timeout = 120s (custom)
2019-10-09 06:21:36,728 [pool-237-thread-1] INFO  server.RaftServerConfigKeys (ConfUtils.java:logGet(43)) - raft.server.log.use.memory = false (default)
2019-10-09 06:21:36,728 [pool-237-thread-1] INFO  server.RaftServerConfigKeys (ConfUtils.java:logGet(43)) - raft.server.log.purge.gap = 1000000 (custom)
2019-10-09 06:21:36,728 [pool-237-thread-1] INFO  server.RaftServerConfigKeys (ConfUtils.java:logGet(43)) - raft.server.log.appender.buffer.byte-limit = 33554432 (custom)
2019-10-09 06:21:36,729 [pool-237-thread-1] INFO  server.RaftServerConfigKeys (ConfUtils.java:logGet(43)) - raft.server.log.segment.size.max = 1048576 (custom)
2019-10-09 06:21:36,731 [pool-237-thread-1] INFO  server.RaftServerConfigKeys (ConfUtils.java:logGet(43)) - raft.server.log.segment.cache.num.max = 2 (custom)
2019-10-09 06:21:36,731 [pool-237-thread-1] INFO  segmented.SegmentedRaftLogWorker (SegmentedRaftLogWorker.java:<init>(173)) - new 1937c83e-d38b-440a-99dc-211415d42bb1@group-9B3C1CE36A74-SegmentedRaftLogWorker for RaftStorage:Storage Directory /workdir/hadoop-ozone/integration-test/target/test-dir/MiniOzoneClusterImpl-5f8fa623-64cf-4f4e-8311-fe7397263f1f/datanode-3/data/ratis/e1a23500-780a-47df-921d-9b3c1ce36a74
2019-10-09 06:21:36,731 [pool-237-thread-1] INFO  server.RaftServerConfigKeys (ConfUtils.java:logGet(43)) - raft.server.log.queue.byte-limit = 2147483647 (custom)
2019-10-09 06:21:36,731 [pool-237-thread-1] INFO  server.RaftServerConfigKeys (ConfUtils.java:logGet(43)) - raft.server.log.queue.element-limit = 1024 (custom)
2019-10-09 06:21:36,731 [pool-237-thread-1] INFO  server.RaftServerConfigKeys (ConfUtils.java:logGet(43)) - raft.server.log.segment.size.max = 1048576 (custom)
2019-10-09 06:21:36,731 [pool-237-thread-1] INFO  server.RaftServerConfigKeys (ConfUtils.java:logGet(43)) - raft.server.log.preallocated.size = 16384 (custom)
2019-10-09 06:21:36,732 [pool-237-thread-1] INFO  server.RaftServerConfigKeys (ConfUtils.java:logGet(43)) - raft.server.log.write.buffer.size = 33554432 (custom)
2019-10-09 06:21:36,732 [pool-237-thread-1] INFO  server.RaftServerConfigKeys (ConfUtils.java:logGet(43)) - raft.server.log.force.sync.num = 128 (default)
2019-10-09 06:21:36,732 [pool-237-thread-1] INFO  server.RaftServerConfigKeys (ConfUtils.java:logGet(43)) - raft.server.log.statemachine.data.sync = true (default)
2019-10-09 06:21:36,732 [pool-237-thread-1] INFO  server.RaftServerConfigKeys (ConfUtils.java:logGet(43)) - raft.server.log.statemachine.data.sync.timeout = 10s (default)
2019-10-09 06:21:36,732 [pool-237-thread-1] INFO  server.RaftServerConfigKeys (ConfUtils.java:logGet(43)) - raft.server.log.statemachine.data.sync.timeout.retry = -1 (default)
2019-10-09 06:21:36,733 [pool-237-thread-1] INFO  server.RaftServerConfigKeys (ConfUtils.java:logGet(43)) - raft.server.log.statemachine.data.caching.enabled = true (custom)
2019-10-09 06:21:36,733 [pool-237-thread-1] INFO  segmented.SegmentedRaftLogWorker (SegmentedRaftLogWorker.java:lambda$new$0(128)) - 1937c83e-d38b-440a-99dc-211415d42bb1@group-9B3C1CE36A74-SegmentedRaftLogWorker: flushIndex: setUnconditionally 0 -> -1
2019-10-09 06:21:36,734 [pool-237-thread-1] INFO  server.RaftServerConfigKeys (ConfUtils.java:logGet(43)) - raft.server.snapshot.auto.trigger.enabled = true (custom)
2019-10-09 06:21:36,734 [pool-237-thread-1] INFO  server.RaftServerConfigKeys (ConfUtils.java:logGet(43)) - raft.server.snapshot.auto.trigger.threshold = 10000 (custom)
2019-10-09 06:21:36,734 [pool-237-thread-1] INFO  server.RaftServerConfigKeys (ConfUtils.java:logGet(43)) - raft.server.snapshot.retention.file.num = 5 (custom)
2019-10-09 06:21:36,734 [pool-237-thread-1] INFO  server.RaftServerConfigKeys (ConfUtils.java:logGet(43)) - raft.server.retrycache.expirytime = 600000ms (custom)
2019-10-09 06:21:36,736 [pool-237-thread-1] INFO  impl.RaftServerImpl (RaftServerImpl.java:start(181)) - 1937c83e-d38b-440a-99dc-211415d42bb1@group-9B3C1CE36A74: start as a follower, conf=-1: [1937c83e-d38b-440a-99dc-211415d42bb1:192.168.164.215:35726], old=null
2019-10-09 06:21:36,737 [pool-237-thread-1] INFO  impl.RaftServerImpl (RaftServerImpl.java:setRole(170)) - 1937c83e-d38b-440a-99dc-211415d42bb1@group-9B3C1CE36A74: changes role from      null to FOLLOWER at term 0 for startAsFollower
2019-10-09 06:21:36,737 [pool-237-thread-1] INFO  impl.RoleInfo (RoleInfo.java:updateAndGet(143)) - 1937c83e-d38b-440a-99dc-211415d42bb1: start FollowerState
2019-10-09 06:21:36,737 [pool-237-thread-1] INFO  util.JmxRegister (JmxRegister.java:tryRegister(44)) - Successfully registered JMX Bean with object name Ratis:service=RaftServer,group=group-9B3C1CE36A74,id=1937c83e-d38b-440a-99dc-211415d42bb1
2019-10-09 06:21:36,745 [RatisPipelineUtilsThread] INFO  pipeline.PipelineStateManager (PipelineStateManager.java:addPipeline(56)) - Created pipeline Pipeline[ Id: e1a23500-780a-47df-921d-9b3c1ce36a74, Nodes: 1937c83e-d38b-440a-99dc-211415d42bb1{ip: 192.168.164.215, host: pr-hdds-2269-kpn6k-1406547098, networkLocation: /default-rack, certSerialId: null}, Type:RATIS, Factor:ONE, State:OPEN]
2019-10-09 06:21:36,770 [grpc-default-executor-1] INFO  impl.RaftServerProxy (RaftServerProxy.java:addNew(89)) - ce754dbe-f5c1-4869-b54a-74019f2e2dbf: addNew group-C7C488818A43:[ce754dbe-f5c1-4869-b54a-74019f2e2dbf:192.168.164.215:46823] returns group-C7C488818A43:java.util.concurrent.CompletableFuture@5b8ed0bc[Not completed]
2019-10-09 06:21:36,772 [pool-257-thread-1] INFO  impl.RaftServerImpl (RaftServerImpl.java:<init>(95)) - ce754dbe-f5c1-4869-b54a-74019f2e2dbf: new RaftServerImpl for group-C7C488818A43:[ce754dbe-f5c1-4869-b54a-74019f2e2dbf:192.168.164.215:46823] with ContainerStateMachine:uninitialized
2019-10-09 06:21:36,772 [pool-257-thread-1] INFO  server.RaftServerConfigKeys (ConfUtils.java:logGet(43)) - raft.server.rpc.timeout.min = 5s (custom)
2019-10-09 06:21:36,773 [pool-257-thread-1] INFO  server.RaftServerConfigKeys (ConfUtils.java:logGet(43)) - raft.server.rpc.timeout.max = 5200ms (custom)
2019-10-09 06:21:36,773 [pool-257-thread-1] INFO  server.RaftServerConfigKeys (ConfUtils.java:logGet(43)) - raft.server.rpcslowness.timeout = 120s (custom)
2019-10-09 06:21:36,773 [pool-257-thread-1] INFO  server.RaftServerConfigKeys (ConfUtils.java:logGet(43)) - raft.server.sleep.deviation.threshold = 300 (default)
2019-10-09 06:21:36,773 [pool-257-thread-1] INFO  server.RaftServerConfigKeys (ConfUtils.java:logGet(43)) - raft.server.log.appender.install.snapshot.enabled = false (custom)
2019-10-09 06:21:36,773 [pool-257-thread-1] INFO  impl.RaftServerImpl (ServerState.java:<init>(103)) - ce754dbe-f5c1-4869-b54a-74019f2e2dbf@group-C7C488818A43: ConfigurationManager, init=-1: [ce754dbe-f5c1-4869-b54a-74019f2e2dbf:192.168.164.215:46823], old=null, confs=<EMPTY_MAP>
2019-10-09 06:21:36,774 [pool-257-thread-1] INFO  server.RaftServerConfigKeys (ConfUtils.java:logGet(43)) - raft.server.storage.dir = [/workdir/hadoop-ozone/integration-test/target/test-dir/MiniOzoneClusterImpl-5f8fa623-64cf-4f4e-8311-fe7397263f1f/datanode-5/data/ratis] (custom)
2019-10-09 06:21:36,774 [pool-257-thread-1] INFO  server.RaftServerConfigKeys (ConfUtils.java:logGet(43)) - raft.server.log.corruption.policy = EXCEPTION (default)
2019-10-09 06:21:36,774 [pool-257-thread-1] INFO  storage.RaftStorageDirectory (RaftStorageDirectory.java:analyzeStorage(246)) - The storage directory /workdir/hadoop-ozone/integration-test/target/test-dir/MiniOzoneClusterImpl-5f8fa623-64cf-4f4e-8311-fe7397263f1f/datanode-5/data/ratis/4800f1cc-168e-4b73-a299-c7c488818a43 does not exist. Creating ...
2019-10-09 06:21:36,777 [IPC Server handler 6 on 33101] INFO  net.NetworkTopology (NetworkTopologyImpl.java:add(111)) - Added a new node: /default-rack/60355321-e59b-48f0-99fa-a0c35b92e34d
2019-10-09 06:21:36,777 [IPC Server handler 6 on 33101] INFO  node.SCMNodeManager (SCMNodeManager.java:register(268)) - Registered Data node : 60355321-e59b-48f0-99fa-a0c35b92e34d{ip: 192.168.164.215, host: pr-hdds-2269-kpn6k-1406547098, networkLocation: /default-rack, certSerialId: null}
2019-10-09 06:21:36,778 [main] INFO  ozone.MiniOzoneClusterImpl (MiniOzoneClusterImpl.java:lambda$waitForClusterToBeReady$0(147)) - Cluster is ready. Got 7 of 7 DN Heartbeats.
2019-10-09 06:21:36,787 [pool-257-thread-1] INFO  storage.RaftStorageDirectory (RaftStorageDirectory.java:tryLock(328)) - Lock on /workdir/hadoop-ozone/integration-test/target/test-dir/MiniOzoneClusterImpl-5f8fa623-64cf-4f4e-8311-fe7397263f1f/datanode-5/data/ratis/4800f1cc-168e-4b73-a299-c7c488818a43/in_use.lock acquired by nodename 17003@pr-hdds-2269-kpn6k-1406547098
2019-10-09 06:21:36,803 [pool-257-thread-1] INFO  storage.RaftStorage (RaftStorage.java:format(84)) - Storage directory /workdir/hadoop-ozone/integration-test/target/test-dir/MiniOzoneClusterImpl-5f8fa623-64cf-4f4e-8311-fe7397263f1f/datanode-5/data/ratis/4800f1cc-168e-4b73-a299-c7c488818a43 has been successfully formatted.
2019-10-09 06:21:36,803 [pool-257-thread-1] INFO  ratis.ContainerStateMachine (ContainerStateMachine.java:loadSnapshot(231)) - group-C7C488818A43: The snapshot info is null. Setting the last applied indexto:(t:0, i:~)
2019-10-09 06:21:36,803 [pool-257-thread-1] INFO  server.RaftServerConfigKeys (ConfUtils.java:logGet(43)) - raft.server.notification.no-leader.timeout = 120s (custom)
2019-10-09 06:21:36,804 [pool-257-thread-1] INFO  server.RaftServerConfigKeys (ConfUtils.java:logGet(43)) - raft.server.log.use.memory = false (default)
2019-10-09 06:21:36,804 [pool-257-thread-1] INFO  server.RaftServerConfigKeys (ConfUtils.java:logGet(43)) - raft.server.log.purge.gap = 1000000 (custom)
2019-10-09 06:21:36,804 [pool-257-thread-1] INFO  server.RaftServerConfigKeys (ConfUtils.java:logGet(43)) - raft.server.log.appender.buffer.byte-limit = 33554432 (custom)
2019-10-09 06:21:36,804 [pool-257-thread-1] INFO  server.RaftServerConfigKeys (ConfUtils.java:logGet(43)) - raft.server.log.segment.size.max = 1048576 (custom)
2019-10-09 06:21:36,810 [pool-257-thread-1] INFO  server.RaftServerConfigKeys (ConfUtils.java:logGet(43)) - raft.server.log.segment.cache.num.max = 2 (custom)
2019-10-09 06:21:36,810 [pool-257-thread-1] INFO  segmented.SegmentedRaftLogWorker (SegmentedRaftLogWorker.java:<init>(173)) - new ce754dbe-f5c1-4869-b54a-74019f2e2dbf@group-C7C488818A43-SegmentedRaftLogWorker for RaftStorage:Storage Directory /workdir/hadoop-ozone/integration-test/target/test-dir/MiniOzoneClusterImpl-5f8fa623-64cf-4f4e-8311-fe7397263f1f/datanode-5/data/ratis/4800f1cc-168e-4b73-a299-c7c488818a43
2019-10-09 06:21:36,811 [pool-257-thread-1] INFO  server.RaftServerConfigKeys (ConfUtils.java:logGet(43)) - raft.server.log.queue.byte-limit = 2147483647 (custom)
2019-10-09 06:21:36,811 [pool-257-thread-1] INFO  server.RaftServerConfigKeys (ConfUtils.java:logGet(43)) - raft.server.log.queue.element-limit = 1024 (custom)
2019-10-09 06:21:36,811 [pool-257-thread-1] INFO  server.RaftServerConfigKeys (ConfUtils.java:logGet(43)) - raft.server.log.segment.size.max = 1048576 (custom)
2019-10-09 06:21:36,811 [pool-257-thread-1] INFO  server.RaftServerConfigKeys (ConfUtils.java:logGet(43)) - raft.server.log.preallocated.size = 16384 (custom)
2019-10-09 06:21:36,811 [pool-257-thread-1] INFO  server.RaftServerConfigKeys (ConfUtils.java:logGet(43)) - raft.server.log.write.buffer.size = 33554432 (custom)
2019-10-09 06:21:36,811 [pool-257-thread-1] INFO  server.RaftServerConfigKeys (ConfUtils.java:logGet(43)) - raft.server.log.force.sync.num = 128 (default)
2019-10-09 06:21:36,813 [pool-257-thread-1] INFO  server.RaftServerConfigKeys (ConfUtils.java:logGet(43)) - raft.server.log.statemachine.data.sync = true (default)
2019-10-09 06:21:36,814 [pool-257-thread-1] INFO  server.RaftServerConfigKeys (ConfUtils.java:logGet(43)) - raft.server.log.statemachine.data.sync.timeout = 10s (default)
2019-10-09 06:21:36,817 [pool-257-thread-1] INFO  server.RaftServerConfigKeys (ConfUtils.java:logGet(43)) - raft.server.log.statemachine.data.sync.timeout.retry = -1 (default)
2019-10-09 06:21:36,818 [pool-257-thread-1] INFO  server.RaftServerConfigKeys (ConfUtils.java:logGet(43)) - raft.server.log.statemachine.data.caching.enabled = true (custom)
2019-10-09 06:21:36,819 [pool-257-thread-1] INFO  segmented.SegmentedRaftLogWorker (SegmentedRaftLogWorker.java:lambda$new$0(128)) - ce754dbe-f5c1-4869-b54a-74019f2e2dbf@group-C7C488818A43-SegmentedRaftLogWorker: flushIndex: setUnconditionally 0 -> -1
2019-10-09 06:21:36,819 [pool-257-thread-1] INFO  server.RaftServerConfigKeys (ConfUtils.java:logGet(43)) - raft.server.snapshot.auto.trigger.enabled = true (custom)
2019-10-09 06:21:36,819 [pool-257-thread-1] INFO  server.RaftServerConfigKeys (ConfUtils.java:logGet(43)) - raft.server.snapshot.auto.trigger.threshold = 10000 (custom)
2019-10-09 06:21:36,819 [pool-257-thread-1] INFO  server.RaftServerConfigKeys (ConfUtils.java:logGet(43)) - raft.server.snapshot.retention.file.num = 5 (custom)
2019-10-09 06:21:36,820 [pool-257-thread-1] INFO  server.RaftServerConfigKeys (ConfUtils.java:logGet(43)) - raft.server.retrycache.expirytime = 600000ms (custom)
2019-10-09 06:21:36,820 [main] INFO  rpc.RpcClient (RpcClient.java:createVolume(277)) - Creating Volume: watchforcommithandlingtest, with jenkins1000 as owner.
2019-10-09 06:21:36,822 [pool-257-thread-1] INFO  impl.RaftServerImpl (RaftServerImpl.java:start(181)) - ce754dbe-f5c1-4869-b54a-74019f2e2dbf@group-C7C488818A43: start as a follower, conf=-1: [ce754dbe-f5c1-4869-b54a-74019f2e2dbf:192.168.164.215:46823], old=null
2019-10-09 06:21:36,822 [pool-257-thread-1] INFO  impl.RaftServerImpl (RaftServerImpl.java:setRole(170)) - ce754dbe-f5c1-4869-b54a-74019f2e2dbf@group-C7C488818A43: changes role from      null to FOLLOWER at term 0 for startAsFollower
2019-10-09 06:21:36,822 [pool-257-thread-1] INFO  impl.RoleInfo (RoleInfo.java:updateAndGet(143)) - ce754dbe-f5c1-4869-b54a-74019f2e2dbf: start FollowerState
2019-10-09 06:21:36,823 [pool-257-thread-1] INFO  util.JmxRegister (JmxRegister.java:tryRegister(44)) - Successfully registered JMX Bean with object name Ratis:service=RaftServer,group=group-C7C488818A43,id=ce754dbe-f5c1-4869-b54a-74019f2e2dbf
2019-10-09 06:21:36,823 [IPC Server handler 1 on 38475] INFO  volume.OMVolumeCreateRequest (OMVolumeCreateRequest.java:validateAndUpdateCache(193)) - created volume:watchforcommithandlingtest for user:jenkins1000
2019-10-09 06:21:36,838 [RatisPipelineUtilsThread] INFO  pipeline.PipelineStateManager (PipelineStateManager.java:addPipeline(56)) - Created pipeline Pipeline[ Id: 4800f1cc-168e-4b73-a299-c7c488818a43, Nodes: ce754dbe-f5c1-4869-b54a-74019f2e2dbf{ip: 192.168.164.215, host: pr-hdds-2269-kpn6k-1406547098, networkLocation: /default-rack, certSerialId: null}, Type:RATIS, Factor:ONE, State:OPEN]
2019-10-09 06:21:36,838 [main] INFO  rpc.RpcClient (RpcClient.java:createBucket(416)) - Creating Bucket: watchforcommithandlingtest/watchforcommithandlingtest, with Versioning false and Storage Type set to DISK and Encryption set to false 
2019-10-09 06:21:36,844 [main] INFO  ozone.MiniOzoneClusterImpl (MiniOzoneClusterImpl.java:getStorageContainerLocationClient(234)) - Creating StorageContainerLocationProtocol RPC client with address /0.0.0.0:42569
2019-10-09 06:21:36,849 [grpc-default-executor-1] INFO  impl.RaftServerProxy (RaftServerProxy.java:addNew(89)) - 60355321-e59b-48f0-99fa-a0c35b92e34d: addNew group-473CA870136B:[60355321-e59b-48f0-99fa-a0c35b92e34d:192.168.164.215:37443] returns group-473CA870136B:java.util.concurrent.CompletableFuture@19b8e78[Not completed]
2019-10-09 06:21:36,851 [pool-267-thread-1] INFO  impl.RaftServerImpl (RaftServerImpl.java:<init>(95)) - 60355321-e59b-48f0-99fa-a0c35b92e34d: new RaftServerImpl for group-473CA870136B:[60355321-e59b-48f0-99fa-a0c35b92e34d:192.168.164.215:37443] with ContainerStateMachine:uninitialized
2019-10-09 06:21:36,851 [pool-267-thread-1] INFO  server.RaftServerConfigKeys (ConfUtils.java:logGet(43)) - raft.server.rpc.timeout.min = 5s (custom)
2019-10-09 06:21:36,851 [pool-267-thread-1] INFO  server.RaftServerConfigKeys (ConfUtils.java:logGet(43)) - raft.server.rpc.timeout.max = 5200ms (custom)
2019-10-09 06:21:36,851 [pool-267-thread-1] INFO  server.RaftServerConfigKeys (ConfUtils.java:logGet(43)) - raft.server.rpcslowness.timeout = 120s (custom)
2019-10-09 06:21:36,852 [pool-267-thread-1] INFO  server.RaftServerConfigKeys (ConfUtils.java:logGet(43)) - raft.server.sleep.deviation.threshold = 300 (default)
2019-10-09 06:21:36,852 [pool-267-thread-1] INFO  server.RaftServerConfigKeys (ConfUtils.java:logGet(43)) - raft.server.log.appender.install.snapshot.enabled = false (custom)
2019-10-09 06:21:36,852 [pool-267-thread-1] INFO  impl.RaftServerImpl (ServerState.java:<init>(103)) - 60355321-e59b-48f0-99fa-a0c35b92e34d@group-473CA870136B: ConfigurationManager, init=-1: [60355321-e59b-48f0-99fa-a0c35b92e34d:192.168.164.215:37443], old=null, confs=<EMPTY_MAP>
2019-10-09 06:21:36,852 [pool-267-thread-1] INFO  server.RaftServerConfigKeys (ConfUtils.java:logGet(43)) - raft.server.storage.dir = [/workdir/hadoop-ozone/integration-test/target/test-dir/MiniOzoneClusterImpl-5f8fa623-64cf-4f4e-8311-fe7397263f1f/datanode-6/data/ratis] (custom)
2019-10-09 06:21:36,852 [pool-267-thread-1] INFO  server.RaftServerConfigKeys (ConfUtils.java:logGet(43)) - raft.server.log.corruption.policy = EXCEPTION (default)
2019-10-09 06:21:36,853 [pool-267-thread-1] INFO  storage.RaftStorageDirectory (RaftStorageDirectory.java:analyzeStorage(246)) - The storage directory /workdir/hadoop-ozone/integration-test/target/test-dir/MiniOzoneClusterImpl-5f8fa623-64cf-4f4e-8311-fe7397263f1f/datanode-6/data/ratis/b46cd9bc-e970-4884-835f-473ca870136b does not exist. Creating ...
2019-10-09 06:21:36,865 [pool-267-thread-1] INFO  storage.RaftStorageDirectory (RaftStorageDirectory.java:tryLock(328)) - Lock on /workdir/hadoop-ozone/integration-test/target/test-dir/MiniOzoneClusterImpl-5f8fa623-64cf-4f4e-8311-fe7397263f1f/datanode-6/data/ratis/b46cd9bc-e970-4884-835f-473ca870136b/in_use.lock acquired by nodename 17003@pr-hdds-2269-kpn6k-1406547098
2019-10-09 06:21:36,888 [pool-267-thread-1] INFO  storage.RaftStorage (RaftStorage.java:format(84)) - Storage directory /workdir/hadoop-ozone/integration-test/target/test-dir/MiniOzoneClusterImpl-5f8fa623-64cf-4f4e-8311-fe7397263f1f/datanode-6/data/ratis/b46cd9bc-e970-4884-835f-473ca870136b has been successfully formatted.
2019-10-09 06:21:36,888 [pool-267-thread-1] INFO  ratis.ContainerStateMachine (ContainerStateMachine.java:loadSnapshot(231)) - group-473CA870136B: The snapshot info is null. Setting the last applied indexto:(t:0, i:~)
2019-10-09 06:21:36,888 [pool-267-thread-1] INFO  server.RaftServerConfigKeys (ConfUtils.java:logGet(43)) - raft.server.notification.no-leader.timeout = 120s (custom)
2019-10-09 06:21:36,888 [pool-267-thread-1] INFO  server.RaftServerConfigKeys (ConfUtils.java:logGet(43)) - raft.server.log.use.memory = false (default)
2019-10-09 06:21:36,888 [pool-267-thread-1] INFO  server.RaftServerConfigKeys (ConfUtils.java:logGet(43)) - raft.server.log.purge.gap = 1000000 (custom)
2019-10-09 06:21:36,889 [pool-267-thread-1] INFO  server.RaftServerConfigKeys (ConfUtils.java:logGet(43)) - raft.server.log.appender.buffer.byte-limit = 33554432 (custom)
2019-10-09 06:21:36,889 [pool-267-thread-1] INFO  server.RaftServerConfigKeys (ConfUtils.java:logGet(43)) - raft.server.log.segment.size.max = 1048576 (custom)
2019-10-09 06:21:36,891 [pool-267-thread-1] INFO  server.RaftServerConfigKeys (ConfUtils.java:logGet(43)) - raft.server.log.segment.cache.num.max = 2 (custom)
2019-10-09 06:21:36,891 [pool-267-thread-1] INFO  segmented.SegmentedRaftLogWorker (SegmentedRaftLogWorker.java:<init>(173)) - new 60355321-e59b-48f0-99fa-a0c35b92e34d@group-473CA870136B-SegmentedRaftLogWorker for RaftStorage:Storage Directory /workdir/hadoop-ozone/integration-test/target/test-dir/MiniOzoneClusterImpl-5f8fa623-64cf-4f4e-8311-fe7397263f1f/datanode-6/data/ratis/b46cd9bc-e970-4884-835f-473ca870136b
2019-10-09 06:21:36,892 [pool-267-thread-1] INFO  server.RaftServerConfigKeys (ConfUtils.java:logGet(43)) - raft.server.log.queue.byte-limit = 2147483647 (custom)
2019-10-09 06:21:36,892 [pool-267-thread-1] INFO  server.RaftServerConfigKeys (ConfUtils.java:logGet(43)) - raft.server.log.queue.element-limit = 1024 (custom)
2019-10-09 06:21:36,892 [pool-267-thread-1] INFO  server.RaftServerConfigKeys (ConfUtils.java:logGet(43)) - raft.server.log.segment.size.max = 1048576 (custom)
2019-10-09 06:21:36,892 [pool-267-thread-1] INFO  server.RaftServerConfigKeys (ConfUtils.java:logGet(43)) - raft.server.log.preallocated.size = 16384 (custom)
2019-10-09 06:21:36,892 [pool-267-thread-1] INFO  server.RaftServerConfigKeys (ConfUtils.java:logGet(43)) - raft.server.log.write.buffer.size = 33554432 (custom)
2019-10-09 06:21:36,892 [pool-267-thread-1] INFO  server.RaftServerConfigKeys (ConfUtils.java:logGet(43)) - raft.server.log.force.sync.num = 128 (default)
2019-10-09 06:21:36,893 [pool-267-thread-1] INFO  server.RaftServerConfigKeys (ConfUtils.java:logGet(43)) - raft.server.log.statemachine.data.sync = true (default)
2019-10-09 06:21:36,893 [pool-267-thread-1] INFO  server.RaftServerConfigKeys (ConfUtils.java:logGet(43)) - raft.server.log.statemachine.data.sync.timeout = 10s (default)
2019-10-09 06:21:36,893 [pool-267-thread-1] INFO  server.RaftServerConfigKeys (ConfUtils.java:logGet(43)) - raft.server.log.statemachine.data.sync.timeout.retry = -1 (default)
2019-10-09 06:21:36,893 [pool-267-thread-1] INFO  server.RaftServerConfigKeys (ConfUtils.java:logGet(43)) - raft.server.log.statemachine.data.caching.enabled = true (custom)
2019-10-09 06:21:36,894 [pool-267-thread-1] INFO  segmented.SegmentedRaftLogWorker (SegmentedRaftLogWorker.java:lambda$new$0(128)) - 60355321-e59b-48f0-99fa-a0c35b92e34d@group-473CA870136B-SegmentedRaftLogWorker: flushIndex: setUnconditionally 0 -> -1
2019-10-09 06:21:36,894 [pool-267-thread-1] INFO  server.RaftServerConfigKeys (ConfUtils.java:logGet(43)) - raft.server.snapshot.auto.trigger.enabled = true (custom)
2019-10-09 06:21:36,894 [pool-267-thread-1] INFO  server.RaftServerConfigKeys (ConfUtils.java:logGet(43)) - raft.server.snapshot.auto.trigger.threshold = 10000 (custom)
2019-10-09 06:21:36,895 [pool-267-thread-1] INFO  server.RaftServerConfigKeys (ConfUtils.java:logGet(43)) - raft.server.snapshot.retention.file.num = 5 (custom)
2019-10-09 06:21:36,895 [pool-267-thread-1] INFO  server.RaftServerConfigKeys (ConfUtils.java:logGet(43)) - raft.server.retrycache.expirytime = 600000ms (custom)
2019-10-09 06:21:36,897 [pool-267-thread-1] INFO  impl.RaftServerImpl (RaftServerImpl.java:start(181)) - 60355321-e59b-48f0-99fa-a0c35b92e34d@group-473CA870136B: start as a follower, conf=-1: [60355321-e59b-48f0-99fa-a0c35b92e34d:192.168.164.215:37443], old=null
2019-10-09 06:21:36,898 [pool-267-thread-1] INFO  impl.RaftServerImpl (RaftServerImpl.java:setRole(170)) - 60355321-e59b-48f0-99fa-a0c35b92e34d@group-473CA870136B: changes role from      null to FOLLOWER at term 0 for startAsFollower
2019-10-09 06:21:36,898 [pool-267-thread-1] INFO  impl.RoleInfo (RoleInfo.java:updateAndGet(143)) - 60355321-e59b-48f0-99fa-a0c35b92e34d: start FollowerState
2019-10-09 06:21:36,898 [pool-267-thread-1] INFO  util.JmxRegister (JmxRegister.java:tryRegister(44)) - Successfully registered JMX Bean with object name Ratis:service=RaftServer,group=group-473CA870136B,id=60355321-e59b-48f0-99fa-a0c35b92e34d
2019-10-09 06:21:36,907 [RatisPipelineUtilsThread] INFO  pipeline.PipelineStateManager (PipelineStateManager.java:addPipeline(56)) - Created pipeline Pipeline[ Id: b46cd9bc-e970-4884-835f-473ca870136b, Nodes: 60355321-e59b-48f0-99fa-a0c35b92e34d{ip: 192.168.164.215, host: pr-hdds-2269-kpn6k-1406547098, networkLocation: /default-rack, certSerialId: null}, Type:RATIS, Factor:ONE, State:OPEN]
2019-10-09 06:21:36,927 [grpc-default-executor-1] INFO  impl.RaftServerProxy (RaftServerProxy.java:addNew(89)) - c8cbd11e-358a-478c-a7f6-06f31c24dd93: addNew group-A263735689D7:[c8cbd11e-358a-478c-a7f6-06f31c24dd93:192.168.164.215:33187, 1937c83e-d38b-440a-99dc-211415d42bb1:192.168.164.215:35726, ce754dbe-f5c1-4869-b54a-74019f2e2dbf:192.168.164.215:46823] returns group-A263735689D7:java.util.concurrent.CompletableFuture@2a1929e4[Not completed]
2019-10-09 06:21:36,930 [grpc-default-executor-4] INFO  impl.RaftServerProxy (RaftServerProxy.java:addNew(89)) - 1937c83e-d38b-440a-99dc-211415d42bb1: addNew group-A263735689D7:[c8cbd11e-358a-478c-a7f6-06f31c24dd93:192.168.164.215:33187, 1937c83e-d38b-440a-99dc-211415d42bb1:192.168.164.215:35726, ce754dbe-f5c1-4869-b54a-74019f2e2dbf:192.168.164.215:46823] returns group-A263735689D7:java.util.concurrent.CompletableFuture@7f01e3df[Not completed]
2019-10-09 06:21:36,927 [grpc-default-executor-0] INFO  impl.RaftServerProxy (RaftServerProxy.java:addNew(89)) - ce754dbe-f5c1-4869-b54a-74019f2e2dbf: addNew group-A263735689D7:[c8cbd11e-358a-478c-a7f6-06f31c24dd93:192.168.164.215:33187, 1937c83e-d38b-440a-99dc-211415d42bb1:192.168.164.215:35726, ce754dbe-f5c1-4869-b54a-74019f2e2dbf:192.168.164.215:46823] returns group-A263735689D7:java.util.concurrent.CompletableFuture@443b5530[Not completed]
2019-10-09 06:21:36,931 [pool-247-thread-1] INFO  impl.RaftServerImpl (RaftServerImpl.java:<init>(95)) - c8cbd11e-358a-478c-a7f6-06f31c24dd93: new RaftServerImpl for group-A263735689D7:[c8cbd11e-358a-478c-a7f6-06f31c24dd93:192.168.164.215:33187, 1937c83e-d38b-440a-99dc-211415d42bb1:192.168.164.215:35726, ce754dbe-f5c1-4869-b54a-74019f2e2dbf:192.168.164.215:46823] with ContainerStateMachine:uninitialized
2019-10-09 06:21:36,931 [pool-247-thread-1] INFO  server.RaftServerConfigKeys (ConfUtils.java:logGet(43)) - raft.server.rpc.timeout.min = 5s (custom)
2019-10-09 06:21:36,932 [pool-247-thread-1] INFO  server.RaftServerConfigKeys (ConfUtils.java:logGet(43)) - raft.server.rpc.timeout.max = 5200ms (custom)
2019-10-09 06:21:36,932 [pool-247-thread-1] INFO  server.RaftServerConfigKeys (ConfUtils.java:logGet(43)) - raft.server.rpcslowness.timeout = 120s (custom)
2019-10-09 06:21:36,932 [pool-247-thread-1] INFO  server.RaftServerConfigKeys (ConfUtils.java:logGet(43)) - raft.server.sleep.deviation.threshold = 300 (default)
2019-10-09 06:21:36,932 [pool-247-thread-1] INFO  server.RaftServerConfigKeys (ConfUtils.java:logGet(43)) - raft.server.log.appender.install.snapshot.enabled = false (custom)
2019-10-09 06:21:36,932 [pool-237-thread-1] INFO  impl.RaftServerImpl (RaftServerImpl.java:<init>(95)) - 1937c83e-d38b-440a-99dc-211415d42bb1: new RaftServerImpl for group-A263735689D7:[c8cbd11e-358a-478c-a7f6-06f31c24dd93:192.168.164.215:33187, 1937c83e-d38b-440a-99dc-211415d42bb1:192.168.164.215:35726, ce754dbe-f5c1-4869-b54a-74019f2e2dbf:192.168.164.215:46823] with ContainerStateMachine:uninitialized
2019-10-09 06:21:36,932 [pool-247-thread-1] INFO  impl.RaftServerImpl (ServerState.java:<init>(103)) - c8cbd11e-358a-478c-a7f6-06f31c24dd93@group-A263735689D7: ConfigurationManager, init=-1: [c8cbd11e-358a-478c-a7f6-06f31c24dd93:192.168.164.215:33187, 1937c83e-d38b-440a-99dc-211415d42bb1:192.168.164.215:35726, ce754dbe-f5c1-4869-b54a-74019f2e2dbf:192.168.164.215:46823], old=null, confs=<EMPTY_MAP>
2019-10-09 06:21:36,932 [pool-237-thread-1] INFO  server.RaftServerConfigKeys (ConfUtils.java:logGet(43)) - raft.server.rpc.timeout.min = 5s (custom)
2019-10-09 06:21:36,932 [pool-247-thread-1] INFO  server.RaftServerConfigKeys (ConfUtils.java:logGet(43)) - raft.server.storage.dir = [/workdir/hadoop-ozone/integration-test/target/test-dir/MiniOzoneClusterImpl-5f8fa623-64cf-4f4e-8311-fe7397263f1f/datanode-4/data/ratis] (custom)
2019-10-09 06:21:36,932 [pool-237-thread-1] INFO  server.RaftServerConfigKeys (ConfUtils.java:logGet(43)) - raft.server.rpc.timeout.max = 5200ms (custom)
2019-10-09 06:21:36,932 [pool-237-thread-1] INFO  server.RaftServerConfigKeys (ConfUtils.java:logGet(43)) - raft.server.rpcslowness.timeout = 120s (custom)
2019-10-09 06:21:36,933 [pool-247-thread-1] INFO  server.RaftServerConfigKeys (ConfUtils.java:logGet(43)) - raft.server.log.corruption.policy = EXCEPTION (default)
2019-10-09 06:21:36,932 [pool-257-thread-1] INFO  impl.RaftServerImpl (RaftServerImpl.java:<init>(95)) - ce754dbe-f5c1-4869-b54a-74019f2e2dbf: new RaftServerImpl for group-A263735689D7:[c8cbd11e-358a-478c-a7f6-06f31c24dd93:192.168.164.215:33187, 1937c83e-d38b-440a-99dc-211415d42bb1:192.168.164.215:35726, ce754dbe-f5c1-4869-b54a-74019f2e2dbf:192.168.164.215:46823] with ContainerStateMachine:uninitialized
2019-10-09 06:21:36,933 [pool-247-thread-1] INFO  storage.RaftStorageDirectory (RaftStorageDirectory.java:analyzeStorage(246)) - The storage directory /workdir/hadoop-ozone/integration-test/target/test-dir/MiniOzoneClusterImpl-5f8fa623-64cf-4f4e-8311-fe7397263f1f/datanode-4/data/ratis/d8cd060c-7e79-4c5b-88d7-a263735689d7 does not exist. Creating ...
2019-10-09 06:21:36,933 [pool-237-thread-1] INFO  server.RaftServerConfigKeys (ConfUtils.java:logGet(43)) - raft.server.sleep.deviation.threshold = 300 (default)
2019-10-09 06:21:36,933 [pool-257-thread-1] INFO  server.RaftServerConfigKeys (ConfUtils.java:logGet(43)) - raft.server.rpc.timeout.min = 5s (custom)
2019-10-09 06:21:36,933 [pool-237-thread-1] INFO  server.RaftServerConfigKeys (ConfUtils.java:logGet(43)) - raft.server.log.appender.install.snapshot.enabled = false (custom)
2019-10-09 06:21:36,933 [pool-257-thread-1] INFO  server.RaftServerConfigKeys (ConfUtils.java:logGet(43)) - raft.server.rpc.timeout.max = 5200ms (custom)
2019-10-09 06:21:36,933 [pool-237-thread-1] INFO  impl.RaftServerImpl (ServerState.java:<init>(103)) - 1937c83e-d38b-440a-99dc-211415d42bb1@group-A263735689D7: ConfigurationManager, init=-1: [c8cbd11e-358a-478c-a7f6-06f31c24dd93:192.168.164.215:33187, 1937c83e-d38b-440a-99dc-211415d42bb1:192.168.164.215:35726, ce754dbe-f5c1-4869-b54a-74019f2e2dbf:192.168.164.215:46823], old=null, confs=<EMPTY_MAP>
2019-10-09 06:21:36,933 [pool-257-thread-1] INFO  server.RaftServerConfigKeys (ConfUtils.java:logGet(43)) - raft.server.rpcslowness.timeout = 120s (custom)
2019-10-09 06:21:36,934 [pool-237-thread-1] INFO  server.RaftServerConfigKeys (ConfUtils.java:logGet(43)) - raft.server.storage.dir = [/workdir/hadoop-ozone/integration-test/target/test-dir/MiniOzoneClusterImpl-5f8fa623-64cf-4f4e-8311-fe7397263f1f/datanode-3/data/ratis] (custom)
2019-10-09 06:21:36,934 [pool-257-thread-1] INFO  server.RaftServerConfigKeys (ConfUtils.java:logGet(43)) - raft.server.sleep.deviation.threshold = 300 (default)
2019-10-09 06:21:36,934 [pool-257-thread-1] INFO  server.RaftServerConfigKeys (ConfUtils.java:logGet(43)) - raft.server.log.appender.install.snapshot.enabled = false (custom)
2019-10-09 06:21:36,934 [pool-237-thread-1] INFO  server.RaftServerConfigKeys (ConfUtils.java:logGet(43)) - raft.server.log.corruption.policy = EXCEPTION (default)
2019-10-09 06:21:36,934 [pool-257-thread-1] INFO  impl.RaftServerImpl (ServerState.java:<init>(103)) - ce754dbe-f5c1-4869-b54a-74019f2e2dbf@group-A263735689D7: ConfigurationManager, init=-1: [c8cbd11e-358a-478c-a7f6-06f31c24dd93:192.168.164.215:33187, 1937c83e-d38b-440a-99dc-211415d42bb1:192.168.164.215:35726, ce754dbe-f5c1-4869-b54a-74019f2e2dbf:192.168.164.215:46823], old=null, confs=<EMPTY_MAP>
2019-10-09 06:21:36,934 [pool-237-thread-1] INFO  storage.RaftStorageDirectory (RaftStorageDirectory.java:analyzeStorage(246)) - The storage directory /workdir/hadoop-ozone/integration-test/target/test-dir/MiniOzoneClusterImpl-5f8fa623-64cf-4f4e-8311-fe7397263f1f/datanode-3/data/ratis/d8cd060c-7e79-4c5b-88d7-a263735689d7 does not exist. Creating ...
2019-10-09 06:21:36,934 [pool-257-thread-1] INFO  server.RaftServerConfigKeys (ConfUtils.java:logGet(43)) - raft.server.storage.dir = [/workdir/hadoop-ozone/integration-test/target/test-dir/MiniOzoneClusterImpl-5f8fa623-64cf-4f4e-8311-fe7397263f1f/datanode-5/data/ratis] (custom)
2019-10-09 06:21:36,934 [pool-257-thread-1] INFO  server.RaftServerConfigKeys (ConfUtils.java:logGet(43)) - raft.server.log.corruption.policy = EXCEPTION (default)
2019-10-09 06:21:36,935 [pool-257-thread-1] INFO  storage.RaftStorageDirectory (RaftStorageDirectory.java:analyzeStorage(246)) - The storage directory /workdir/hadoop-ozone/integration-test/target/test-dir/MiniOzoneClusterImpl-5f8fa623-64cf-4f4e-8311-fe7397263f1f/datanode-5/data/ratis/d8cd060c-7e79-4c5b-88d7-a263735689d7 does not exist. Creating ...
2019-10-09 06:21:36,947 [pool-237-thread-1] INFO  storage.RaftStorageDirectory (RaftStorageDirectory.java:tryLock(328)) - Lock on /workdir/hadoop-ozone/integration-test/target/test-dir/MiniOzoneClusterImpl-5f8fa623-64cf-4f4e-8311-fe7397263f1f/datanode-3/data/ratis/d8cd060c-7e79-4c5b-88d7-a263735689d7/in_use.lock acquired by nodename 17003@pr-hdds-2269-kpn6k-1406547098
2019-10-09 06:21:36,947 [pool-247-thread-1] INFO  storage.RaftStorageDirectory (RaftStorageDirectory.java:tryLock(328)) - Lock on /workdir/hadoop-ozone/integration-test/target/test-dir/MiniOzoneClusterImpl-5f8fa623-64cf-4f4e-8311-fe7397263f1f/datanode-4/data/ratis/d8cd060c-7e79-4c5b-88d7-a263735689d7/in_use.lock acquired by nodename 17003@pr-hdds-2269-kpn6k-1406547098
2019-10-09 06:21:36,947 [pool-257-thread-1] INFO  storage.RaftStorageDirectory (RaftStorageDirectory.java:tryLock(328)) - Lock on /workdir/hadoop-ozone/integration-test/target/test-dir/MiniOzoneClusterImpl-5f8fa623-64cf-4f4e-8311-fe7397263f1f/datanode-5/data/ratis/d8cd060c-7e79-4c5b-88d7-a263735689d7/in_use.lock acquired by nodename 17003@pr-hdds-2269-kpn6k-1406547098
2019-10-09 06:21:36,961 [pool-237-thread-1] INFO  storage.RaftStorage (RaftStorage.java:format(84)) - Storage directory /workdir/hadoop-ozone/integration-test/target/test-dir/MiniOzoneClusterImpl-5f8fa623-64cf-4f4e-8311-fe7397263f1f/datanode-3/data/ratis/d8cd060c-7e79-4c5b-88d7-a263735689d7 has been successfully formatted.
2019-10-09 06:21:36,961 [pool-247-thread-1] INFO  storage.RaftStorage (RaftStorage.java:format(84)) - Storage directory /workdir/hadoop-ozone/integration-test/target/test-dir/MiniOzoneClusterImpl-5f8fa623-64cf-4f4e-8311-fe7397263f1f/datanode-4/data/ratis/d8cd060c-7e79-4c5b-88d7-a263735689d7 has been successfully formatted.
2019-10-09 06:21:36,961 [pool-257-thread-1] INFO  storage.RaftStorage (RaftStorage.java:format(84)) - Storage directory /workdir/hadoop-ozone/integration-test/target/test-dir/MiniOzoneClusterImpl-5f8fa623-64cf-4f4e-8311-fe7397263f1f/datanode-5/data/ratis/d8cd060c-7e79-4c5b-88d7-a263735689d7 has been successfully formatted.
2019-10-09 06:21:36,961 [pool-237-thread-1] INFO  ratis.ContainerStateMachine (ContainerStateMachine.java:loadSnapshot(231)) - group-A263735689D7: The snapshot info is null. Setting the last applied indexto:(t:0, i:~)
2019-10-09 06:21:36,961 [pool-247-thread-1] INFO  ratis.ContainerStateMachine (ContainerStateMachine.java:loadSnapshot(231)) - group-A263735689D7: The snapshot info is null. Setting the last applied indexto:(t:0, i:~)
2019-10-09 06:21:36,961 [pool-237-thread-1] INFO  server.RaftServerConfigKeys (ConfUtils.java:logGet(43)) - raft.server.notification.no-leader.timeout = 120s (custom)
2019-10-09 06:21:36,961 [pool-257-thread-1] INFO  ratis.ContainerStateMachine (ContainerStateMachine.java:loadSnapshot(231)) - group-A263735689D7: The snapshot info is null. Setting the last applied indexto:(t:0, i:~)
2019-10-09 06:21:36,962 [pool-237-thread-1] INFO  server.RaftServerConfigKeys (ConfUtils.java:logGet(43)) - raft.server.log.use.memory = false (default)
2019-10-09 06:21:36,961 [pool-247-thread-1] INFO  server.RaftServerConfigKeys (ConfUtils.java:logGet(43)) - raft.server.notification.no-leader.timeout = 120s (custom)
2019-10-09 06:21:36,962 [pool-237-thread-1] INFO  server.RaftServerConfigKeys (ConfUtils.java:logGet(43)) - raft.server.log.purge.gap = 1000000 (custom)
2019-10-09 06:21:36,962 [pool-257-thread-1] INFO  server.RaftServerConfigKeys (ConfUtils.java:logGet(43)) - raft.server.notification.no-leader.timeout = 120s (custom)
2019-10-09 06:21:36,962 [pool-237-thread-1] INFO  server.RaftServerConfigKeys (ConfUtils.java:logGet(43)) - raft.server.log.appender.buffer.byte-limit = 33554432 (custom)
2019-10-09 06:21:36,962 [pool-247-thread-1] INFO  server.RaftServerConfigKeys (ConfUtils.java:logGet(43)) - raft.server.log.use.memory = false (default)
2019-10-09 06:21:36,962 [pool-237-thread-1] INFO  server.RaftServerConfigKeys (ConfUtils.java:logGet(43)) - raft.server.log.segment.size.max = 1048576 (custom)
2019-10-09 06:21:36,962 [pool-257-thread-1] INFO  server.RaftServerConfigKeys (ConfUtils.java:logGet(43)) - raft.server.log.use.memory = false (default)
2019-10-09 06:21:36,963 [pool-237-thread-1] INFO  server.RaftServerConfigKeys (ConfUtils.java:logGet(43)) - raft.server.log.segment.cache.num.max = 2 (custom)
2019-10-09 06:21:36,963 [pool-247-thread-1] INFO  server.RaftServerConfigKeys (ConfUtils.java:logGet(43)) - raft.server.log.purge.gap = 1000000 (custom)
2019-10-09 06:21:36,963 [pool-237-thread-1] INFO  segmented.SegmentedRaftLogWorker (SegmentedRaftLogWorker.java:<init>(173)) - new 1937c83e-d38b-440a-99dc-211415d42bb1@group-A263735689D7-SegmentedRaftLogWorker for RaftStorage:Storage Directory /workdir/hadoop-ozone/integration-test/target/test-dir/MiniOzoneClusterImpl-5f8fa623-64cf-4f4e-8311-fe7397263f1f/datanode-3/data/ratis/d8cd060c-7e79-4c5b-88d7-a263735689d7
2019-10-09 06:21:36,963 [pool-257-thread-1] INFO  server.RaftServerConfigKeys (ConfUtils.java:logGet(43)) - raft.server.log.purge.gap = 1000000 (custom)
2019-10-09 06:21:36,963 [pool-237-thread-1] INFO  server.RaftServerConfigKeys (ConfUtils.java:logGet(43)) - raft.server.log.queue.byte-limit = 2147483647 (custom)
2019-10-09 06:21:36,963 [pool-247-thread-1] INFO  server.RaftServerConfigKeys (ConfUtils.java:logGet(43)) - raft.server.log.appender.buffer.byte-limit = 33554432 (custom)
2019-10-09 06:21:36,963 [pool-237-thread-1] INFO  server.RaftServerConfigKeys (ConfUtils.java:logGet(43)) - raft.server.log.queue.element-limit = 1024 (custom)
2019-10-09 06:21:36,963 [pool-257-thread-1] INFO  server.RaftServerConfigKeys (ConfUtils.java:logGet(43)) - raft.server.log.appender.buffer.byte-limit = 33554432 (custom)
2019-10-09 06:21:36,964 [pool-237-thread-1] INFO  server.RaftServerConfigKeys (ConfUtils.java:logGet(43)) - raft.server.log.segment.size.max = 1048576 (custom)
2019-10-09 06:21:36,964 [pool-247-thread-1] INFO  server.RaftServerConfigKeys (ConfUtils.java:logGet(43)) - raft.server.log.segment.size.max = 1048576 (custom)
2019-10-09 06:21:36,964 [pool-237-thread-1] INFO  server.RaftServerConfigKeys (ConfUtils.java:logGet(43)) - raft.server.log.preallocated.size = 16384 (custom)
2019-10-09 06:21:36,964 [pool-257-thread-1] INFO  server.RaftServerConfigKeys (ConfUtils.java:logGet(43)) - raft.server.log.segment.size.max = 1048576 (custom)
2019-10-09 06:21:36,964 [pool-237-thread-1] INFO  server.RaftServerConfigKeys (ConfUtils.java:logGet(43)) - raft.server.log.write.buffer.size = 33554432 (custom)
2019-10-09 06:21:36,964 [pool-247-thread-1] INFO  server.RaftServerConfigKeys (ConfUtils.java:logGet(43)) - raft.server.log.segment.cache.num.max = 2 (custom)
2019-10-09 06:21:36,964 [pool-237-thread-1] INFO  server.RaftServerConfigKeys (ConfUtils.java:logGet(43)) - raft.server.log.force.sync.num = 128 (default)
2019-10-09 06:21:36,964 [pool-257-thread-1] INFO  server.RaftServerConfigKeys (ConfUtils.java:logGet(43)) - raft.server.log.segment.cache.num.max = 2 (custom)
2019-10-09 06:21:36,965 [pool-237-thread-1] INFO  server.RaftServerConfigKeys (ConfUtils.java:logGet(43)) - raft.server.log.statemachine.data.sync = true (default)
2019-10-09 06:21:36,965 [pool-247-thread-1] INFO  segmented.SegmentedRaftLogWorker (SegmentedRaftLogWorker.java:<init>(173)) - new c8cbd11e-358a-478c-a7f6-06f31c24dd93@group-A263735689D7-SegmentedRaftLogWorker for RaftStorage:Storage Directory /workdir/hadoop-ozone/integration-test/target/test-dir/MiniOzoneClusterImpl-5f8fa623-64cf-4f4e-8311-fe7397263f1f/datanode-4/data/ratis/d8cd060c-7e79-4c5b-88d7-a263735689d7
2019-10-09 06:21:36,965 [pool-237-thread-1] INFO  server.RaftServerConfigKeys (ConfUtils.java:logGet(43)) - raft.server.log.statemachine.data.sync.timeout = 10s (default)
2019-10-09 06:21:36,965 [pool-257-thread-1] INFO  segmented.SegmentedRaftLogWorker (SegmentedRaftLogWorker.java:<init>(173)) - new ce754dbe-f5c1-4869-b54a-74019f2e2dbf@group-A263735689D7-SegmentedRaftLogWorker for RaftStorage:Storage Directory /workdir/hadoop-ozone/integration-test/target/test-dir/MiniOzoneClusterImpl-5f8fa623-64cf-4f4e-8311-fe7397263f1f/datanode-5/data/ratis/d8cd060c-7e79-4c5b-88d7-a263735689d7
2019-10-09 06:21:36,965 [pool-237-thread-1] INFO  server.RaftServerConfigKeys (ConfUtils.java:logGet(43)) - raft.server.log.statemachine.data.sync.timeout.retry = -1 (default)
2019-10-09 06:21:36,965 [pool-247-thread-1] INFO  server.RaftServerConfigKeys (ConfUtils.java:logGet(43)) - raft.server.log.queue.byte-limit = 2147483647 (custom)
2019-10-09 06:21:36,966 [pool-237-thread-1] INFO  server.RaftServerConfigKeys (ConfUtils.java:logGet(43)) - raft.server.log.statemachine.data.caching.enabled = true (custom)
2019-10-09 06:21:36,965 [pool-257-thread-1] INFO  server.RaftServerConfigKeys (ConfUtils.java:logGet(43)) - raft.server.log.queue.byte-limit = 2147483647 (custom)
2019-10-09 06:21:36,966 [pool-257-thread-1] INFO  server.RaftServerConfigKeys (ConfUtils.java:logGet(43)) - raft.server.log.queue.element-limit = 1024 (custom)
2019-10-09 06:21:36,966 [pool-247-thread-1] INFO  server.RaftServerConfigKeys (ConfUtils.java:logGet(43)) - raft.server.log.queue.element-limit = 1024 (custom)
2019-10-09 06:21:36,966 [pool-257-thread-1] INFO  server.RaftServerConfigKeys (ConfUtils.java:logGet(43)) - raft.server.log.segment.size.max = 1048576 (custom)
2019-10-09 06:21:36,966 [pool-237-thread-1] INFO  segmented.SegmentedRaftLogWorker (SegmentedRaftLogWorker.java:lambda$new$0(128)) - 1937c83e-d38b-440a-99dc-211415d42bb1@group-A263735689D7-SegmentedRaftLogWorker: flushIndex: setUnconditionally 0 -> -1
2019-10-09 06:21:36,967 [pool-257-thread-1] INFO  server.RaftServerConfigKeys (ConfUtils.java:logGet(43)) - raft.server.log.preallocated.size = 16384 (custom)
2019-10-09 06:21:36,967 [pool-237-thread-1] INFO  server.RaftServerConfigKeys (ConfUtils.java:logGet(43)) - raft.server.snapshot.auto.trigger.enabled = true (custom)
2019-10-09 06:21:36,966 [pool-247-thread-1] INFO  server.RaftServerConfigKeys (ConfUtils.java:logGet(43)) - raft.server.log.segment.size.max = 1048576 (custom)
2019-10-09 06:21:36,967 [pool-237-thread-1] INFO  server.RaftServerConfigKeys (ConfUtils.java:logGet(43)) - raft.server.snapshot.auto.trigger.threshold = 10000 (custom)
2019-10-09 06:21:36,967 [pool-257-thread-1] INFO  server.RaftServerConfigKeys (ConfUtils.java:logGet(43)) - raft.server.log.write.buffer.size = 33554432 (custom)
2019-10-09 06:21:36,968 [pool-237-thread-1] INFO  server.RaftServerConfigKeys (ConfUtils.java:logGet(43)) - raft.server.snapshot.retention.file.num = 5 (custom)
2019-10-09 06:21:36,968 [pool-247-thread-1] INFO  server.RaftServerConfigKeys (ConfUtils.java:logGet(43)) - raft.server.log.preallocated.size = 16384 (custom)
2019-10-09 06:21:36,968 [pool-237-thread-1] INFO  server.RaftServerConfigKeys (ConfUtils.java:logGet(43)) - raft.server.retrycache.expirytime = 600000ms (custom)
2019-10-09 06:21:36,968 [pool-257-thread-1] INFO  server.RaftServerConfigKeys (ConfUtils.java:logGet(43)) - raft.server.log.force.sync.num = 128 (default)
2019-10-09 06:21:36,968 [pool-247-thread-1] INFO  server.RaftServerConfigKeys (ConfUtils.java:logGet(43)) - raft.server.log.write.buffer.size = 33554432 (custom)
2019-10-09 06:21:36,969 [pool-257-thread-1] INFO  server.RaftServerConfigKeys (ConfUtils.java:logGet(43)) - raft.server.log.statemachine.data.sync = true (default)
2019-10-09 06:21:36,969 [pool-247-thread-1] INFO  server.RaftServerConfigKeys (ConfUtils.java:logGet(43)) - raft.server.log.force.sync.num = 128 (default)
2019-10-09 06:21:36,969 [pool-257-thread-1] INFO  server.RaftServerConfigKeys (ConfUtils.java:logGet(43)) - raft.server.log.statemachine.data.sync.timeout = 10s (default)
2019-10-09 06:21:36,969 [pool-247-thread-1] INFO  server.RaftServerConfigKeys (ConfUtils.java:logGet(43)) - raft.server.log.statemachine.data.sync = true (default)
2019-10-09 06:21:36,969 [pool-257-thread-1] INFO  server.RaftServerConfigKeys (ConfUtils.java:logGet(43)) - raft.server.log.statemachine.data.sync.timeout.retry = -1 (default)
2019-10-09 06:21:36,969 [pool-247-thread-1] INFO  server.RaftServerConfigKeys (ConfUtils.java:logGet(43)) - raft.server.log.statemachine.data.sync.timeout = 10s (default)
2019-10-09 06:21:36,970 [pool-257-thread-1] INFO  server.RaftServerConfigKeys (ConfUtils.java:logGet(43)) - raft.server.log.statemachine.data.caching.enabled = true (custom)
2019-10-09 06:21:36,970 [pool-247-thread-1] INFO  server.RaftServerConfigKeys (ConfUtils.java:logGet(43)) - raft.server.log.statemachine.data.sync.timeout.retry = -1 (default)
2019-10-09 06:21:36,970 [pool-237-thread-1] INFO  impl.RaftServerImpl (RaftServerImpl.java:start(181)) - 1937c83e-d38b-440a-99dc-211415d42bb1@group-A263735689D7: start as a follower, conf=-1: [c8cbd11e-358a-478c-a7f6-06f31c24dd93:192.168.164.215:33187, 1937c83e-d38b-440a-99dc-211415d42bb1:192.168.164.215:35726, ce754dbe-f5c1-4869-b54a-74019f2e2dbf:192.168.164.215:46823], old=null
2019-10-09 06:21:36,970 [pool-247-thread-1] INFO  server.RaftServerConfigKeys (ConfUtils.java:logGet(43)) - raft.server.log.statemachine.data.caching.enabled = true (custom)
2019-10-09 06:21:36,970 [pool-237-thread-1] INFO  impl.RaftServerImpl (RaftServerImpl.java:setRole(170)) - 1937c83e-d38b-440a-99dc-211415d42bb1@group-A263735689D7: changes role from      null to FOLLOWER at term 0 for startAsFollower
2019-10-09 06:21:36,970 [pool-257-thread-1] INFO  segmented.SegmentedRaftLogWorker (SegmentedRaftLogWorker.java:lambda$new$0(128)) - ce754dbe-f5c1-4869-b54a-74019f2e2dbf@group-A263735689D7-SegmentedRaftLogWorker: flushIndex: setUnconditionally 0 -> -1
2019-10-09 06:21:36,970 [pool-237-thread-1] INFO  impl.RoleInfo (RoleInfo.java:updateAndGet(143)) - 1937c83e-d38b-440a-99dc-211415d42bb1: start FollowerState
2019-10-09 06:21:36,970 [pool-247-thread-1] INFO  segmented.SegmentedRaftLogWorker (SegmentedRaftLogWorker.java:lambda$new$0(128)) - c8cbd11e-358a-478c-a7f6-06f31c24dd93@group-A263735689D7-SegmentedRaftLogWorker: flushIndex: setUnconditionally 0 -> -1
2019-10-09 06:21:36,971 [pool-257-thread-1] INFO  server.RaftServerConfigKeys (ConfUtils.java:logGet(43)) - raft.server.snapshot.auto.trigger.enabled = true (custom)
2019-10-09 06:21:36,971 [pool-257-thread-1] INFO  server.RaftServerConfigKeys (ConfUtils.java:logGet(43)) - raft.server.snapshot.auto.trigger.threshold = 10000 (custom)
2019-10-09 06:21:36,971 [pool-237-thread-1] INFO  util.JmxRegister (JmxRegister.java:tryRegister(44)) - Successfully registered JMX Bean with object name Ratis:service=RaftServer,group=group-A263735689D7,id=1937c83e-d38b-440a-99dc-211415d42bb1
2019-10-09 06:21:36,971 [pool-247-thread-1] INFO  server.RaftServerConfigKeys (ConfUtils.java:logGet(43)) - raft.server.snapshot.auto.trigger.enabled = true (custom)
2019-10-09 06:21:36,971 [pool-257-thread-1] INFO  server.RaftServerConfigKeys (ConfUtils.java:logGet(43)) - raft.server.snapshot.retention.file.num = 5 (custom)
2019-10-09 06:21:36,971 [pool-247-thread-1] INFO  server.RaftServerConfigKeys (ConfUtils.java:logGet(43)) - raft.server.snapshot.auto.trigger.threshold = 10000 (custom)
2019-10-09 06:21:36,972 [pool-257-thread-1] INFO  server.RaftServerConfigKeys (ConfUtils.java:logGet(43)) - raft.server.retrycache.expirytime = 600000ms (custom)
2019-10-09 06:21:36,972 [pool-247-thread-1] INFO  server.RaftServerConfigKeys (ConfUtils.java:logGet(43)) - raft.server.snapshot.retention.file.num = 5 (custom)
2019-10-09 06:21:36,972 [pool-247-thread-1] INFO  server.RaftServerConfigKeys (ConfUtils.java:logGet(43)) - raft.server.retrycache.expirytime = 600000ms (custom)
2019-10-09 06:21:36,976 [pool-257-thread-1] INFO  impl.RaftServerImpl (RaftServerImpl.java:start(181)) - ce754dbe-f5c1-4869-b54a-74019f2e2dbf@group-A263735689D7: start as a follower, conf=-1: [c8cbd11e-358a-478c-a7f6-06f31c24dd93:192.168.164.215:33187, 1937c83e-d38b-440a-99dc-211415d42bb1:192.168.164.215:35726, ce754dbe-f5c1-4869-b54a-74019f2e2dbf:192.168.164.215:46823], old=null
2019-10-09 06:21:36,977 [pool-247-thread-1] INFO  impl.RaftServerImpl (RaftServerImpl.java:start(181)) - c8cbd11e-358a-478c-a7f6-06f31c24dd93@group-A263735689D7: start as a follower, conf=-1: [c8cbd11e-358a-478c-a7f6-06f31c24dd93:192.168.164.215:33187, 1937c83e-d38b-440a-99dc-211415d42bb1:192.168.164.215:35726, ce754dbe-f5c1-4869-b54a-74019f2e2dbf:192.168.164.215:46823], old=null
2019-10-09 06:21:36,980 [pool-247-thread-1] INFO  impl.RaftServerImpl (RaftServerImpl.java:setRole(170)) - c8cbd11e-358a-478c-a7f6-06f31c24dd93@group-A263735689D7: changes role from      null to FOLLOWER at term 0 for startAsFollower
2019-10-09 06:21:36,977 [pool-257-thread-1] INFO  impl.RaftServerImpl (RaftServerImpl.java:setRole(170)) - ce754dbe-f5c1-4869-b54a-74019f2e2dbf@group-A263735689D7: changes role from      null to FOLLOWER at term 0 for startAsFollower
2019-10-09 06:21:36,980 [pool-247-thread-1] INFO  impl.RoleInfo (RoleInfo.java:updateAndGet(143)) - c8cbd11e-358a-478c-a7f6-06f31c24dd93: start FollowerState
2019-10-09 06:21:36,980 [pool-257-thread-1] INFO  impl.RoleInfo (RoleInfo.java:updateAndGet(143)) - ce754dbe-f5c1-4869-b54a-74019f2e2dbf: start FollowerState
2019-10-09 06:21:36,980 [pool-247-thread-1] INFO  util.JmxRegister (JmxRegister.java:tryRegister(44)) - Successfully registered JMX Bean with object name Ratis:service=RaftServer,group=group-A263735689D7,id=c8cbd11e-358a-478c-a7f6-06f31c24dd93
2019-10-09 06:21:36,981 [pool-257-thread-1] INFO  util.JmxRegister (JmxRegister.java:tryRegister(44)) - Successfully registered JMX Bean with object name Ratis:service=RaftServer,group=group-A263735689D7,id=ce754dbe-f5c1-4869-b54a-74019f2e2dbf
2019-10-09 06:21:36,991 [RatisPipelineUtilsThread] INFO  pipeline.PipelineStateManager (PipelineStateManager.java:addPipeline(56)) - Created pipeline Pipeline[ Id: d8cd060c-7e79-4c5b-88d7-a263735689d7, Nodes: c8cbd11e-358a-478c-a7f6-06f31c24dd93{ip: 192.168.164.215, host: pr-hdds-2269-kpn6k-1406547098, networkLocation: /default-rack, certSerialId: null}1937c83e-d38b-440a-99dc-211415d42bb1{ip: 192.168.164.215, host: pr-hdds-2269-kpn6k-1406547098, networkLocation: /default-rack, certSerialId: null}ce754dbe-f5c1-4869-b54a-74019f2e2dbf{ip: 192.168.164.215, host: pr-hdds-2269-kpn6k-1406547098, networkLocation: /default-rack, certSerialId: null}, Type:RATIS, Factor:THREE, State:OPEN]
2019-10-09 06:21:39,292 [Thread-1415] INFO  container.ReplicationManager (ReplicationManager.java:start(162)) - Starting Replication Monitor Thread.
2019-10-09 06:21:39,296 [ReplicationMonitor] INFO  container.ReplicationManager (ReplicationManager.java:run(225)) - Replication Monitor Thread took 0 milliseconds for processing 1 containers.
2019-10-09 06:21:41,416 [Thread-1417] INFO  impl.FollowerState (FollowerState.java:run(108)) - 4328684e-b37e-4e01-8f53-68accb045f0f@group-A25D36E38DF6-FollowerState: change to CANDIDATE, lastRpcTime:5071ms, electionTimeout:5071ms
2019-10-09 06:21:41,418 [Thread-1417] INFO  impl.RoleInfo (RoleInfo.java:shutdownFollowerState(121)) - 4328684e-b37e-4e01-8f53-68accb045f0f: shutdown FollowerState
2019-10-09 06:21:41,419 [Thread-1417] INFO  impl.RaftServerImpl (RaftServerImpl.java:setRole(170)) - 4328684e-b37e-4e01-8f53-68accb045f0f@group-A25D36E38DF6: changes role from  FOLLOWER to CANDIDATE at term 0 for changeToCandidate
2019-10-09 06:21:41,419 [Thread-1417] INFO  impl.RoleInfo (RoleInfo.java:updateAndGet(143)) - 4328684e-b37e-4e01-8f53-68accb045f0f: start LeaderElection
2019-10-09 06:21:41,442 [4328684e-b37e-4e01-8f53-68accb045f0f@group-A25D36E38DF6-LeaderElection26] INFO  impl.LeaderElection (LeaderElection.java:askForVotes(178)) - 4328684e-b37e-4e01-8f53-68accb045f0f@group-A25D36E38DF6-LeaderElection26: begin an election at term 1 for -1: [4328684e-b37e-4e01-8f53-68accb045f0f:192.168.164.215:34122], old=null
2019-10-09 06:21:41,443 [4328684e-b37e-4e01-8f53-68accb045f0f@group-A25D36E38DF6-LeaderElection26] INFO  impl.RoleInfo (RoleInfo.java:shutdownLeaderElection(134)) - 4328684e-b37e-4e01-8f53-68accb045f0f: shutdown LeaderElection
2019-10-09 06:21:41,443 [4328684e-b37e-4e01-8f53-68accb045f0f@group-A25D36E38DF6-LeaderElection26] INFO  impl.RaftServerImpl (RaftServerImpl.java:setRole(170)) - 4328684e-b37e-4e01-8f53-68accb045f0f@group-A25D36E38DF6: changes role from CANDIDATE to LEADER at term 1 for changeToLeader
2019-10-09 06:21:41,443 [4328684e-b37e-4e01-8f53-68accb045f0f@group-A25D36E38DF6-LeaderElection26] INFO  impl.RaftServerImpl (ServerState.java:setLeader(255)) - 4328684e-b37e-4e01-8f53-68accb045f0f@group-A25D36E38DF6: change Leader from null to 4328684e-b37e-4e01-8f53-68accb045f0f at term 1 for becomeLeader, leader elected after 5109ms
2019-10-09 06:21:41,443 [4328684e-b37e-4e01-8f53-68accb045f0f@group-A25D36E38DF6-LeaderElection26] INFO  server.RaftServerConfigKeys (ConfUtils.java:logGet(43)) - raft.server.staging.catchup.gap = 1000 (default)
2019-10-09 06:21:41,444 [4328684e-b37e-4e01-8f53-68accb045f0f@group-A25D36E38DF6-LeaderElection26] INFO  server.RaftServerConfigKeys (ConfUtils.java:logGet(43)) - raft.server.rpc.sleep.time = 25ms (default)
2019-10-09 06:21:41,444 [4328684e-b37e-4e01-8f53-68accb045f0f@group-A25D36E38DF6-LeaderElection26] INFO  server.RaftServerConfigKeys (ConfUtils.java:logGet(43)) - raft.server.write.element-limit = 4096 (default)
2019-10-09 06:21:41,444 [4328684e-b37e-4e01-8f53-68accb045f0f@group-A25D36E38DF6-LeaderElection26] INFO  server.RaftServerConfigKeys (ConfUtils.java:logGet(43)) - raft.server.watch.timeout = 10s (default)
2019-10-09 06:21:41,444 [4328684e-b37e-4e01-8f53-68accb045f0f@group-A25D36E38DF6-LeaderElection26] INFO  server.RaftServerConfigKeys (ConfUtils.java:logGet(43)) - raft.server.watch.timeout.denomination = 1s (default)
2019-10-09 06:21:41,444 [4328684e-b37e-4e01-8f53-68accb045f0f@group-A25D36E38DF6-LeaderElection26] INFO  server.RaftServerConfigKeys (ConfUtils.java:logGet(43)) - raft.server.watch.element-limit = 65536 (default)
2019-10-09 06:21:41,450 [4328684e-b37e-4e01-8f53-68accb045f0f@group-A25D36E38DF6-LeaderElection26] INFO  impl.RoleInfo (RoleInfo.java:updateAndGet(143)) - 4328684e-b37e-4e01-8f53-68accb045f0f: start LeaderState
2019-10-09 06:21:41,451 [4328684e-b37e-4e01-8f53-68accb045f0f@group-A25D36E38DF6-LeaderElection26] INFO  segmented.SegmentedRaftLogWorker (SegmentedRaftLogWorker.java:startLogSegment(385)) - 4328684e-b37e-4e01-8f53-68accb045f0f@group-A25D36E38DF6-SegmentedRaftLogWorker: Starting segment from index:0
2019-10-09 06:21:41,451 [4328684e-b37e-4e01-8f53-68accb045f0f@group-A25D36E38DF6-LeaderElection26] INFO  impl.RaftServerImpl (ServerState.java:setRaftConf(356)) - 4328684e-b37e-4e01-8f53-68accb045f0f@group-A25D36E38DF6: set configuration 0: [4328684e-b37e-4e01-8f53-68accb045f0f:192.168.164.215:34122], old=null at 0
2019-10-09 06:21:41,493 [4328684e-b37e-4e01-8f53-68accb045f0f@group-A25D36E38DF6-SegmentedRaftLogWorker] INFO  segmented.SegmentedRaftLogWorker (SegmentedRaftLogWorker.java:execute(574)) - 4328684e-b37e-4e01-8f53-68accb045f0f@group-A25D36E38DF6-SegmentedRaftLogWorker: created new log segment /workdir/hadoop-ozone/integration-test/target/test-dir/MiniOzoneClusterImpl-5f8fa623-64cf-4f4e-8311-fe7397263f1f/datanode-0/data/ratis/d83139cc-8aed-456e-9246-a25d36e38df6/current/log_inprogress_0
2019-10-09 06:21:41,527 [Thread-1423] INFO  impl.FollowerState (FollowerState.java:run(108)) - 6856b686-1c7c-4dc9-8a2c-12464df5d3b9@group-B4BEA818E96F-FollowerState: change to CANDIDATE, lastRpcTime:5016ms, electionTimeout:5016ms
2019-10-09 06:21:41,527 [Thread-1423] INFO  impl.RoleInfo (RoleInfo.java:shutdownFollowerState(121)) - 6856b686-1c7c-4dc9-8a2c-12464df5d3b9: shutdown FollowerState
2019-10-09 06:21:41,527 [Thread-1423] INFO  impl.RaftServerImpl (RaftServerImpl.java:setRole(170)) - 6856b686-1c7c-4dc9-8a2c-12464df5d3b9@group-B4BEA818E96F: changes role from  FOLLOWER to CANDIDATE at term 0 for changeToCandidate
2019-10-09 06:21:41,527 [Thread-1423] INFO  impl.RoleInfo (RoleInfo.java:updateAndGet(143)) - 6856b686-1c7c-4dc9-8a2c-12464df5d3b9: start LeaderElection
2019-10-09 06:21:41,546 [6856b686-1c7c-4dc9-8a2c-12464df5d3b9@group-B4BEA818E96F-LeaderElection27] INFO  impl.LeaderElection (LeaderElection.java:askForVotes(178)) - 6856b686-1c7c-4dc9-8a2c-12464df5d3b9@group-B4BEA818E96F-LeaderElection27: begin an election at term 1 for -1: [6856b686-1c7c-4dc9-8a2c-12464df5d3b9:192.168.164.215:35991], old=null
2019-10-09 06:21:41,546 [6856b686-1c7c-4dc9-8a2c-12464df5d3b9@group-B4BEA818E96F-LeaderElection27] INFO  impl.RoleInfo (RoleInfo.java:shutdownLeaderElection(134)) - 6856b686-1c7c-4dc9-8a2c-12464df5d3b9: shutdown LeaderElection
2019-10-09 06:21:41,546 [6856b686-1c7c-4dc9-8a2c-12464df5d3b9@group-B4BEA818E96F-LeaderElection27] INFO  impl.RaftServerImpl (RaftServerImpl.java:setRole(170)) - 6856b686-1c7c-4dc9-8a2c-12464df5d3b9@group-B4BEA818E96F: changes role from CANDIDATE to LEADER at term 1 for changeToLeader
2019-10-09 06:21:41,547 [6856b686-1c7c-4dc9-8a2c-12464df5d3b9@group-B4BEA818E96F-LeaderElection27] INFO  impl.RaftServerImpl (ServerState.java:setLeader(255)) - 6856b686-1c7c-4dc9-8a2c-12464df5d3b9@group-B4BEA818E96F: change Leader from null to 6856b686-1c7c-4dc9-8a2c-12464df5d3b9 at term 1 for becomeLeader, leader elected after 5045ms
2019-10-09 06:21:41,547 [6856b686-1c7c-4dc9-8a2c-12464df5d3b9@group-B4BEA818E96F-LeaderElection27] INFO  server.RaftServerConfigKeys (ConfUtils.java:logGet(43)) - raft.server.staging.catchup.gap = 1000 (default)
2019-10-09 06:21:41,547 [6856b686-1c7c-4dc9-8a2c-12464df5d3b9@group-B4BEA818E96F-LeaderElection27] INFO  server.RaftServerConfigKeys (ConfUtils.java:logGet(43)) - raft.server.rpc.sleep.time = 25ms (default)
2019-10-09 06:21:41,547 [6856b686-1c7c-4dc9-8a2c-12464df5d3b9@group-B4BEA818E96F-LeaderElection27] INFO  server.RaftServerConfigKeys (ConfUtils.java:logGet(43)) - raft.server.write.element-limit = 4096 (default)
2019-10-09 06:21:41,547 [6856b686-1c7c-4dc9-8a2c-12464df5d3b9@group-B4BEA818E96F-LeaderElection27] INFO  server.RaftServerConfigKeys (ConfUtils.java:logGet(43)) - raft.server.watch.timeout = 10s (default)
2019-10-09 06:21:41,548 [6856b686-1c7c-4dc9-8a2c-12464df5d3b9@group-B4BEA818E96F-LeaderElection27] INFO  server.RaftServerConfigKeys (ConfUtils.java:logGet(43)) - raft.server.watch.timeout.denomination = 1s (default)
2019-10-09 06:21:41,548 [6856b686-1c7c-4dc9-8a2c-12464df5d3b9@group-B4BEA818E96F-LeaderElection27] INFO  server.RaftServerConfigKeys (ConfUtils.java:logGet(43)) - raft.server.watch.element-limit = 65536 (default)
2019-10-09 06:21:41,550 [6856b686-1c7c-4dc9-8a2c-12464df5d3b9@group-B4BEA818E96F-LeaderElection27] INFO  impl.RoleInfo (RoleInfo.java:updateAndGet(143)) - 6856b686-1c7c-4dc9-8a2c-12464df5d3b9: start LeaderState
2019-10-09 06:21:41,551 [6856b686-1c7c-4dc9-8a2c-12464df5d3b9@group-B4BEA818E96F-LeaderElection27] INFO  segmented.SegmentedRaftLogWorker (SegmentedRaftLogWorker.java:startLogSegment(385)) - 6856b686-1c7c-4dc9-8a2c-12464df5d3b9@group-B4BEA818E96F-SegmentedRaftLogWorker: Starting segment from index:0
2019-10-09 06:21:41,551 [Thread-1420] INFO  impl.FollowerState (FollowerState.java:run(108)) - ed6f6a70-b6f8-4961-980c-85ada14e1a17@group-87BD5E836870-FollowerState: change to CANDIDATE, lastRpcTime:5120ms, electionTimeout:5120ms
2019-10-09 06:21:41,551 [Thread-1420] INFO  impl.RoleInfo (RoleInfo.java:shutdownFollowerState(121)) - ed6f6a70-b6f8-4961-980c-85ada14e1a17: shutdown FollowerState
2019-10-09 06:21:41,551 [6856b686-1c7c-4dc9-8a2c-12464df5d3b9@group-B4BEA818E96F-LeaderElection27] INFO  impl.RaftServerImpl (ServerState.java:setRaftConf(356)) - 6856b686-1c7c-4dc9-8a2c-12464df5d3b9@group-B4BEA818E96F: set configuration 0: [6856b686-1c7c-4dc9-8a2c-12464df5d3b9:192.168.164.215:35991], old=null at 0
2019-10-09 06:21:41,551 [Thread-1420] INFO  impl.RaftServerImpl (RaftServerImpl.java:setRole(170)) - ed6f6a70-b6f8-4961-980c-85ada14e1a17@group-87BD5E836870: changes role from  FOLLOWER to CANDIDATE at term 0 for changeToCandidate
2019-10-09 06:21:41,552 [Thread-1420] INFO  impl.RoleInfo (RoleInfo.java:updateAndGet(143)) - ed6f6a70-b6f8-4961-980c-85ada14e1a17: start LeaderElection
2019-10-09 06:21:41,595 [Thread-1429] INFO  impl.FollowerState (FollowerState.java:run(108)) - ed6f6a70-b6f8-4961-980c-85ada14e1a17@group-8111FD1E9AB5-FollowerState: change to CANDIDATE, lastRpcTime:5014ms, electionTimeout:5014ms
2019-10-09 06:21:41,595 [Thread-1429] INFO  impl.RoleInfo (RoleInfo.java:shutdownFollowerState(121)) - ed6f6a70-b6f8-4961-980c-85ada14e1a17: shutdown FollowerState
2019-10-09 06:21:41,595 [Thread-1429] INFO  impl.RaftServerImpl (RaftServerImpl.java:setRole(170)) - ed6f6a70-b6f8-4961-980c-85ada14e1a17@group-8111FD1E9AB5: changes role from  FOLLOWER to CANDIDATE at term 0 for changeToCandidate
2019-10-09 06:21:41,596 [Thread-1429] INFO  impl.RoleInfo (RoleInfo.java:updateAndGet(143)) - ed6f6a70-b6f8-4961-980c-85ada14e1a17: start LeaderElection
2019-10-09 06:21:41,603 [6856b686-1c7c-4dc9-8a2c-12464df5d3b9@group-B4BEA818E96F-SegmentedRaftLogWorker] INFO  segmented.SegmentedRaftLogWorker (SegmentedRaftLogWorker.java:execute(574)) - 6856b686-1c7c-4dc9-8a2c-12464df5d3b9@group-B4BEA818E96F-SegmentedRaftLogWorker: created new log segment /workdir/hadoop-ozone/integration-test/target/test-dir/MiniOzoneClusterImpl-5f8fa623-64cf-4f4e-8311-fe7397263f1f/datanode-2/data/ratis/20b2099d-55bb-4af6-934c-b4bea818e96f/current/log_inprogress_0
2019-10-09 06:21:41,603 [ed6f6a70-b6f8-4961-980c-85ada14e1a17@group-87BD5E836870-LeaderElection28] INFO  impl.LeaderElection (LeaderElection.java:askForVotes(178)) - ed6f6a70-b6f8-4961-980c-85ada14e1a17@group-87BD5E836870-LeaderElection28: begin an election at term 1 for -1: [ed6f6a70-b6f8-4961-980c-85ada14e1a17:192.168.164.215:36605], old=null
2019-10-09 06:21:41,603 [ed6f6a70-b6f8-4961-980c-85ada14e1a17@group-87BD5E836870-LeaderElection28] INFO  impl.RoleInfo (RoleInfo.java:shutdownLeaderElection(134)) - ed6f6a70-b6f8-4961-980c-85ada14e1a17: shutdown LeaderElection
2019-10-09 06:21:41,603 [ed6f6a70-b6f8-4961-980c-85ada14e1a17@group-87BD5E836870-LeaderElection28] INFO  impl.RaftServerImpl (RaftServerImpl.java:setRole(170)) - ed6f6a70-b6f8-4961-980c-85ada14e1a17@group-87BD5E836870: changes role from CANDIDATE to LEADER at term 1 for changeToLeader
2019-10-09 06:21:41,603 [ed6f6a70-b6f8-4961-980c-85ada14e1a17@group-87BD5E836870-LeaderElection28] INFO  impl.RaftServerImpl (ServerState.java:setLeader(255)) - ed6f6a70-b6f8-4961-980c-85ada14e1a17@group-87BD5E836870: change Leader from null to ed6f6a70-b6f8-4961-980c-85ada14e1a17 at term 1 for becomeLeader, leader elected after 5182ms
2019-10-09 06:21:41,604 [ed6f6a70-b6f8-4961-980c-85ada14e1a17@group-87BD5E836870-LeaderElection28] INFO  server.RaftServerConfigKeys (ConfUtils.java:logGet(43)) - raft.server.staging.catchup.gap = 1000 (default)
2019-10-09 06:21:41,604 [ed6f6a70-b6f8-4961-980c-85ada14e1a17@group-87BD5E836870-LeaderElection28] INFO  server.RaftServerConfigKeys (ConfUtils.java:logGet(43)) - raft.server.rpc.sleep.time = 25ms (default)
2019-10-09 06:21:41,604 [ed6f6a70-b6f8-4961-980c-85ada14e1a17@group-87BD5E836870-LeaderElection28] INFO  server.RaftServerConfigKeys (ConfUtils.java:logGet(43)) - raft.server.write.element-limit = 4096 (default)
2019-10-09 06:21:41,604 [ed6f6a70-b6f8-4961-980c-85ada14e1a17@group-87BD5E836870-LeaderElection28] INFO  server.RaftServerConfigKeys (ConfUtils.java:logGet(43)) - raft.server.watch.timeout = 10s (default)
2019-10-09 06:21:41,604 [ed6f6a70-b6f8-4961-980c-85ada14e1a17@group-87BD5E836870-LeaderElection28] INFO  server.RaftServerConfigKeys (ConfUtils.java:logGet(43)) - raft.server.watch.timeout.denomination = 1s (default)
2019-10-09 06:21:41,604 [ed6f6a70-b6f8-4961-980c-85ada14e1a17@group-87BD5E836870-LeaderElection28] INFO  server.RaftServerConfigKeys (ConfUtils.java:logGet(43)) - raft.server.watch.element-limit = 65536 (default)
2019-10-09 06:21:41,606 [ed6f6a70-b6f8-4961-980c-85ada14e1a17@group-8111FD1E9AB5-LeaderElection29] INFO  impl.LeaderElection (LeaderElection.java:askForVotes(178)) - ed6f6a70-b6f8-4961-980c-85ada14e1a17@group-8111FD1E9AB5-LeaderElection29: begin an election at term 1 for -1: [6856b686-1c7c-4dc9-8a2c-12464df5d3b9:192.168.164.215:35991, 4328684e-b37e-4e01-8f53-68accb045f0f:192.168.164.215:34122, ed6f6a70-b6f8-4961-980c-85ada14e1a17:192.168.164.215:36605], old=null
2019-10-09 06:21:41,607 [ed6f6a70-b6f8-4961-980c-85ada14e1a17@group-87BD5E836870-LeaderElection28] INFO  impl.RoleInfo (RoleInfo.java:updateAndGet(143)) - ed6f6a70-b6f8-4961-980c-85ada14e1a17: start LeaderState
2019-10-09 06:21:41,607 [ed6f6a70-b6f8-4961-980c-85ada14e1a17@group-87BD5E836870-LeaderElection28] INFO  segmented.SegmentedRaftLogWorker (SegmentedRaftLogWorker.java:startLogSegment(385)) - ed6f6a70-b6f8-4961-980c-85ada14e1a17@group-87BD5E836870-SegmentedRaftLogWorker: Starting segment from index:0
2019-10-09 06:21:41,607 [ed6f6a70-b6f8-4961-980c-85ada14e1a17@group-87BD5E836870-LeaderElection28] INFO  impl.RaftServerImpl (ServerState.java:setRaftConf(356)) - ed6f6a70-b6f8-4961-980c-85ada14e1a17@group-87BD5E836870: set configuration 0: [ed6f6a70-b6f8-4961-980c-85ada14e1a17:192.168.164.215:36605], old=null at 0
2019-10-09 06:21:41,647 [grpc-default-executor-0] INFO  impl.RaftServerImpl (RaftServerImpl.java:setRole(170)) - 4328684e-b37e-4e01-8f53-68accb045f0f@group-8111FD1E9AB5: changes role from  FOLLOWER to FOLLOWER at term 1 for recognizeCandidate:ed6f6a70-b6f8-4961-980c-85ada14e1a17
2019-10-09 06:21:41,647 [Thread-1430] INFO  impl.FollowerState (FollowerState.java:run(108)) - 6856b686-1c7c-4dc9-8a2c-12464df5d3b9@group-8111FD1E9AB5-FollowerState: change to CANDIDATE, lastRpcTime:5063ms, electionTimeout:5028ms
2019-10-09 06:21:41,647 [grpc-default-executor-0] INFO  impl.RoleInfo (RoleInfo.java:shutdownFollowerState(121)) - 4328684e-b37e-4e01-8f53-68accb045f0f: shutdown FollowerState
2019-10-09 06:21:41,653 [Thread-1430] INFO  impl.RoleInfo (RoleInfo.java:shutdownFollowerState(121)) - 6856b686-1c7c-4dc9-8a2c-12464df5d3b9: shutdown FollowerState
2019-10-09 06:21:41,653 [Thread-1428] INFO  impl.FollowerState (FollowerState.java:run(117)) - 4328684e-b37e-4e01-8f53-68accb045f0f@group-8111FD1E9AB5-FollowerState was interrupted: java.lang.InterruptedException: sleep interrupted
2019-10-09 06:21:41,653 [grpc-default-executor-0] INFO  impl.RoleInfo (RoleInfo.java:updateAndGet(143)) - 4328684e-b37e-4e01-8f53-68accb045f0f: start FollowerState
2019-10-09 06:21:41,653 [Thread-1430] INFO  impl.RaftServerImpl (RaftServerImpl.java:setRole(170)) - 6856b686-1c7c-4dc9-8a2c-12464df5d3b9@group-8111FD1E9AB5: changes role from  FOLLOWER to CANDIDATE at term 0 for changeToCandidate
2019-10-09 06:21:41,657 [Thread-1430] INFO  impl.RoleInfo (RoleInfo.java:updateAndGet(143)) - 6856b686-1c7c-4dc9-8a2c-12464df5d3b9: start LeaderElection
2019-10-09 06:21:41,660 [ed6f6a70-b6f8-4961-980c-85ada14e1a17@group-87BD5E836870-SegmentedRaftLogWorker] INFO  segmented.SegmentedRaftLogWorker (SegmentedRaftLogWorker.java:execute(574)) - ed6f6a70-b6f8-4961-980c-85ada14e1a17@group-87BD5E836870-SegmentedRaftLogWorker: created new log segment /workdir/hadoop-ozone/integration-test/target/test-dir/MiniOzoneClusterImpl-5f8fa623-64cf-4f4e-8311-fe7397263f1f/datanode-1/data/ratis/30240e6b-9ce0-4da6-9310-87bd5e836870/current/log_inprogress_0
2019-10-09 06:21:41,673 [6856b686-1c7c-4dc9-8a2c-12464df5d3b9@group-8111FD1E9AB5-LeaderElection30] INFO  impl.LeaderElection (LeaderElection.java:askForVotes(178)) - 6856b686-1c7c-4dc9-8a2c-12464df5d3b9@group-8111FD1E9AB5-LeaderElection30: begin an election at term 1 for -1: [6856b686-1c7c-4dc9-8a2c-12464df5d3b9:192.168.164.215:35991, 4328684e-b37e-4e01-8f53-68accb045f0f:192.168.164.215:34122, ed6f6a70-b6f8-4961-980c-85ada14e1a17:192.168.164.215:36605], old=null
2019-10-09 06:21:41,677 [ed6f6a70-b6f8-4961-980c-85ada14e1a17@group-8111FD1E9AB5-LeaderElection29] INFO  impl.LeaderElection (LeaderElection.java:logAndReturn(56)) - ed6f6a70-b6f8-4961-980c-85ada14e1a17@group-8111FD1E9AB5-LeaderElection29: Election PASSED; received 1 response(s) [ed6f6a70-b6f8-4961-980c-85ada14e1a17<-4328684e-b37e-4e01-8f53-68accb045f0f#0:OK-t1] and 0 exception(s); ed6f6a70-b6f8-4961-980c-85ada14e1a17@group-8111FD1E9AB5:t1, leader=null, voted=ed6f6a70-b6f8-4961-980c-85ada14e1a17, raftlog=ed6f6a70-b6f8-4961-980c-85ada14e1a17@group-8111FD1E9AB5-SegmentedRaftLog:OPENED:c-1,f-1,i0, conf=-1: [6856b686-1c7c-4dc9-8a2c-12464df5d3b9:192.168.164.215:35991, 4328684e-b37e-4e01-8f53-68accb045f0f:192.168.164.215:34122, ed6f6a70-b6f8-4961-980c-85ada14e1a17:192.168.164.215:36605], old=null
2019-10-09 06:21:41,677 [ed6f6a70-b6f8-4961-980c-85ada14e1a17@group-8111FD1E9AB5-LeaderElection29] INFO  impl.RoleInfo (RoleInfo.java:shutdownLeaderElection(134)) - ed6f6a70-b6f8-4961-980c-85ada14e1a17: shutdown LeaderElection
2019-10-09 06:21:41,677 [ed6f6a70-b6f8-4961-980c-85ada14e1a17@group-8111FD1E9AB5-LeaderElection29] INFO  impl.RaftServerImpl (RaftServerImpl.java:setRole(170)) - ed6f6a70-b6f8-4961-980c-85ada14e1a17@group-8111FD1E9AB5: changes role from CANDIDATE to LEADER at term 1 for changeToLeader
2019-10-09 06:21:41,677 [ed6f6a70-b6f8-4961-980c-85ada14e1a17@group-8111FD1E9AB5-LeaderElection29] INFO  impl.RaftServerImpl (ServerState.java:setLeader(255)) - ed6f6a70-b6f8-4961-980c-85ada14e1a17@group-8111FD1E9AB5: change Leader from null to ed6f6a70-b6f8-4961-980c-85ada14e1a17 at term 1 for becomeLeader, leader elected after 5109ms
2019-10-09 06:21:41,678 [ed6f6a70-b6f8-4961-980c-85ada14e1a17@group-8111FD1E9AB5-LeaderElection29] INFO  server.RaftServerConfigKeys (ConfUtils.java:logGet(43)) - raft.server.staging.catchup.gap = 1000 (default)
2019-10-09 06:21:41,678 [ed6f6a70-b6f8-4961-980c-85ada14e1a17@group-8111FD1E9AB5-LeaderElection29] INFO  server.RaftServerConfigKeys (ConfUtils.java:logGet(43)) - raft.server.rpc.sleep.time = 25ms (default)
2019-10-09 06:21:41,678 [ed6f6a70-b6f8-4961-980c-85ada14e1a17@group-8111FD1E9AB5-LeaderElection29] INFO  server.RaftServerConfigKeys (ConfUtils.java:logGet(43)) - raft.server.write.element-limit = 4096 (default)
2019-10-09 06:21:41,678 [ed6f6a70-b6f8-4961-980c-85ada14e1a17@group-8111FD1E9AB5-LeaderElection29] INFO  server.RaftServerConfigKeys (ConfUtils.java:logGet(43)) - raft.server.watch.timeout = 10s (default)
2019-10-09 06:21:41,678 [ed6f6a70-b6f8-4961-980c-85ada14e1a17@group-8111FD1E9AB5-LeaderElection29] INFO  server.RaftServerConfigKeys (ConfUtils.java:logGet(43)) - raft.server.watch.timeout.denomination = 1s (default)
2019-10-09 06:21:41,678 [ed6f6a70-b6f8-4961-980c-85ada14e1a17@group-8111FD1E9AB5-LeaderElection29] INFO  server.RaftServerConfigKeys (ConfUtils.java:logGet(43)) - raft.server.watch.element-limit = 65536 (default)
2019-10-09 06:21:41,688 [ed6f6a70-b6f8-4961-980c-85ada14e1a17@group-8111FD1E9AB5-LeaderElection29] INFO  server.RaftServerConfigKeys (ConfUtils.java:logGet(43)) - raft.server.log.appender.snapshot.chunk.size.max = 16MB (=16777216) (default)
2019-10-09 06:21:41,691 [ed6f6a70-b6f8-4961-980c-85ada14e1a17@group-8111FD1E9AB5-LeaderElection29] INFO  server.RaftServerConfigKeys (ConfUtils.java:logGet(43)) - raft.server.log.appender.buffer.byte-limit = 33554432 (custom)
2019-10-09 06:21:41,692 [ed6f6a70-b6f8-4961-980c-85ada14e1a17@group-8111FD1E9AB5-LeaderElection29] INFO  server.RaftServerConfigKeys (ConfUtils.java:logGet(43)) - raft.server.log.appender.buffer.element-limit = 1 (custom)
2019-10-09 06:21:41,692 [ed6f6a70-b6f8-4961-980c-85ada14e1a17@group-8111FD1E9AB5-LeaderElection29] INFO  grpc.GrpcConfigKeys$Server (ConfUtils.java:logGet(43)) - raft.grpc.server.leader.outstanding.appends.max = 128 (default)
2019-10-09 06:21:41,692 [ed6f6a70-b6f8-4961-980c-85ada14e1a17@group-8111FD1E9AB5-LeaderElection29] INFO  server.RaftServerConfigKeys (ConfUtils.java:logGet(43)) - raft.server.rpc.request.timeout = 3000ms (default)
2019-10-09 06:21:41,692 [ed6f6a70-b6f8-4961-980c-85ada14e1a17@group-8111FD1E9AB5-LeaderElection29] INFO  server.RaftServerConfigKeys (ConfUtils.java:logGet(43)) - raft.server.log.appender.install.snapshot.enabled = false (custom)
2019-10-09 06:21:41,693 [ed6f6a70-b6f8-4961-980c-85ada14e1a17@group-8111FD1E9AB5-LeaderElection29] INFO  server.RaftServerConfigKeys (ConfUtils.java:logGet(43)) - raft.server.log.appender.snapshot.chunk.size.max = 16MB (=16777216) (default)
2019-10-09 06:21:41,693 [ed6f6a70-b6f8-4961-980c-85ada14e1a17@group-8111FD1E9AB5-LeaderElection29] INFO  server.RaftServerConfigKeys (ConfUtils.java:logGet(43)) - raft.server.log.appender.buffer.byte-limit = 33554432 (custom)
2019-10-09 06:21:41,693 [ed6f6a70-b6f8-4961-980c-85ada14e1a17@group-8111FD1E9AB5-LeaderElection29] INFO  server.RaftServerConfigKeys (ConfUtils.java:logGet(43)) - raft.server.log.appender.buffer.element-limit = 1 (custom)
2019-10-09 06:21:41,693 [ed6f6a70-b6f8-4961-980c-85ada14e1a17@group-8111FD1E9AB5-LeaderElection29] INFO  grpc.GrpcConfigKeys$Server (ConfUtils.java:logGet(43)) - raft.grpc.server.leader.outstanding.appends.max = 128 (default)
2019-10-09 06:21:41,693 [ed6f6a70-b6f8-4961-980c-85ada14e1a17@group-8111FD1E9AB5-LeaderElection29] INFO  server.RaftServerConfigKeys (ConfUtils.java:logGet(43)) - raft.server.rpc.request.timeout = 3000ms (default)
2019-10-09 06:21:41,694 [ed6f6a70-b6f8-4961-980c-85ada14e1a17@group-8111FD1E9AB5-LeaderElection29] INFO  server.RaftServerConfigKeys (ConfUtils.java:logGet(43)) - raft.server.log.appender.install.snapshot.enabled = false (custom)
2019-10-09 06:21:41,694 [ed6f6a70-b6f8-4961-980c-85ada14e1a17@group-8111FD1E9AB5-LeaderElection29] INFO  impl.RoleInfo (RoleInfo.java:updateAndGet(143)) - ed6f6a70-b6f8-4961-980c-85ada14e1a17: start LeaderState
2019-10-09 06:21:41,694 [ed6f6a70-b6f8-4961-980c-85ada14e1a17@group-8111FD1E9AB5-LeaderElection29] INFO  segmented.SegmentedRaftLogWorker (SegmentedRaftLogWorker.java:startLogSegment(385)) - ed6f6a70-b6f8-4961-980c-85ada14e1a17@group-8111FD1E9AB5-SegmentedRaftLogWorker: Starting segment from index:0
2019-10-09 06:21:41,695 [ed6f6a70-b6f8-4961-980c-85ada14e1a17@group-8111FD1E9AB5-LeaderElection29] INFO  impl.RaftServerImpl (ServerState.java:setRaftConf(356)) - ed6f6a70-b6f8-4961-980c-85ada14e1a17@group-8111FD1E9AB5: set configuration 0: [6856b686-1c7c-4dc9-8a2c-12464df5d3b9:192.168.164.215:35991, 4328684e-b37e-4e01-8f53-68accb045f0f:192.168.164.215:34122, ed6f6a70-b6f8-4961-980c-85ada14e1a17:192.168.164.215:36605], old=null at 0
2019-10-09 06:21:41,735 [grpc-default-executor-1] INFO  impl.RaftServerImpl (RaftServerImpl.java:requestVote(754)) - ed6f6a70-b6f8-4961-980c-85ada14e1a17@group-8111FD1E9AB5-   LEADER: Withhold vote from candidate 6856b686-1c7c-4dc9-8a2c-12464df5d3b9 with term 1. State: leader=ed6f6a70-b6f8-4961-980c-85ada14e1a17, term=1, lastRpcElapsed=null
2019-10-09 06:21:41,739 [grpc-default-executor-5] INFO  impl.RaftServerImpl (RaftServerImpl.java:setRole(170)) - 6856b686-1c7c-4dc9-8a2c-12464df5d3b9@group-8111FD1E9AB5: changes role from CANDIDATE to FOLLOWER at term 1 for appendEntries
2019-10-09 06:21:41,742 [grpc-default-executor-5] INFO  impl.RoleInfo (RoleInfo.java:shutdownLeaderElection(134)) - 6856b686-1c7c-4dc9-8a2c-12464df5d3b9: shutdown LeaderElection
2019-10-09 06:21:41,742 [grpc-default-executor-1] INFO  impl.RaftServerImpl (ServerState.java:setLeader(255)) - 4328684e-b37e-4e01-8f53-68accb045f0f@group-8111FD1E9AB5: change Leader from null to ed6f6a70-b6f8-4961-980c-85ada14e1a17 at term 1 for appendEntries, leader elected after 5173ms
2019-10-09 06:21:41,742 [grpc-default-executor-5] INFO  impl.RoleInfo (RoleInfo.java:updateAndGet(143)) - 6856b686-1c7c-4dc9-8a2c-12464df5d3b9: start FollowerState
2019-10-09 06:21:41,742 [6856b686-1c7c-4dc9-8a2c-12464df5d3b9@group-8111FD1E9AB5-LeaderElection30] INFO  impl.LeaderElection (LeaderElection.java:logAndReturn(56)) - 6856b686-1c7c-4dc9-8a2c-12464df5d3b9@group-8111FD1E9AB5-LeaderElection30: Election REJECTED; received 2 response(s) [6856b686-1c7c-4dc9-8a2c-12464df5d3b9<-4328684e-b37e-4e01-8f53-68accb045f0f#0:FAIL-t1, 6856b686-1c7c-4dc9-8a2c-12464df5d3b9<-ed6f6a70-b6f8-4961-980c-85ada14e1a17#0:FAIL-t1] and 0 exception(s); 6856b686-1c7c-4dc9-8a2c-12464df5d3b9@group-8111FD1E9AB5:t1, leader=null, voted=6856b686-1c7c-4dc9-8a2c-12464df5d3b9, raftlog=6856b686-1c7c-4dc9-8a2c-12464df5d3b9@group-8111FD1E9AB5-SegmentedRaftLog:OPENED:c-1,f-1,i0, conf=-1: [6856b686-1c7c-4dc9-8a2c-12464df5d3b9:192.168.164.215:35991, 4328684e-b37e-4e01-8f53-68accb045f0f:192.168.164.215:34122, ed6f6a70-b6f8-4961-980c-85ada14e1a17:192.168.164.215:36605], old=null
2019-10-09 06:21:41,743 [grpc-default-executor-5] INFO  impl.RaftServerImpl (ServerState.java:setLeader(255)) - 6856b686-1c7c-4dc9-8a2c-12464df5d3b9@group-8111FD1E9AB5: change Leader from null to ed6f6a70-b6f8-4961-980c-85ada14e1a17 at term 1 for appendEntries, leader elected after 5174ms
2019-10-09 06:21:41,745 [grpc-default-executor-5] INFO  impl.RaftServerImpl (ServerState.java:setRaftConf(356)) - 6856b686-1c7c-4dc9-8a2c-12464df5d3b9@group-8111FD1E9AB5: set configuration 0: [6856b686-1c7c-4dc9-8a2c-12464df5d3b9:192.168.164.215:35991, 4328684e-b37e-4e01-8f53-68accb045f0f:192.168.164.215:34122, ed6f6a70-b6f8-4961-980c-85ada14e1a17:192.168.164.215:36605], old=null at 0
2019-10-09 06:21:41,745 [grpc-default-executor-1] INFO  impl.RaftServerImpl (ServerState.java:setRaftConf(356)) - 4328684e-b37e-4e01-8f53-68accb045f0f@group-8111FD1E9AB5: set configuration 0: [6856b686-1c7c-4dc9-8a2c-12464df5d3b9:192.168.164.215:35991, 4328684e-b37e-4e01-8f53-68accb045f0f:192.168.164.215:34122, ed6f6a70-b6f8-4961-980c-85ada14e1a17:192.168.164.215:36605], old=null at 0
2019-10-09 06:21:41,747 [grpc-default-executor-5] INFO  segmented.SegmentedRaftLogWorker (SegmentedRaftLogWorker.java:startLogSegment(385)) - 6856b686-1c7c-4dc9-8a2c-12464df5d3b9@group-8111FD1E9AB5-SegmentedRaftLogWorker: Starting segment from index:0
2019-10-09 06:21:41,748 [grpc-default-executor-1] INFO  segmented.SegmentedRaftLogWorker (SegmentedRaftLogWorker.java:startLogSegment(385)) - 4328684e-b37e-4e01-8f53-68accb045f0f@group-8111FD1E9AB5-SegmentedRaftLogWorker: Starting segment from index:0
2019-10-09 06:21:41,760 [ed6f6a70-b6f8-4961-980c-85ada14e1a17@group-8111FD1E9AB5-SegmentedRaftLogWorker] INFO  segmented.SegmentedRaftLogWorker (SegmentedRaftLogWorker.java:execute(574)) - ed6f6a70-b6f8-4961-980c-85ada14e1a17@group-8111FD1E9AB5-SegmentedRaftLogWorker: created new log segment /workdir/hadoop-ozone/integration-test/target/test-dir/MiniOzoneClusterImpl-5f8fa623-64cf-4f4e-8311-fe7397263f1f/datanode-1/data/ratis/256c3b59-8864-40b7-8cea-8111fd1e9ab5/current/log_inprogress_0
2019-10-09 06:21:41,778 [Thread-1435] INFO  impl.FollowerState (FollowerState.java:run(108)) - c8cbd11e-358a-478c-a7f6-06f31c24dd93@group-5C2A97E75E03-FollowerState: change to CANDIDATE, lastRpcTime:5100ms, electionTimeout:5100ms
2019-10-09 06:21:41,778 [Thread-1435] INFO  impl.RoleInfo (RoleInfo.java:shutdownFollowerState(121)) - c8cbd11e-358a-478c-a7f6-06f31c24dd93: shutdown FollowerState
2019-10-09 06:21:41,779 [Thread-1435] INFO  impl.RaftServerImpl (RaftServerImpl.java:setRole(170)) - c8cbd11e-358a-478c-a7f6-06f31c24dd93@group-5C2A97E75E03: changes role from  FOLLOWER to CANDIDATE at term 0 for changeToCandidate
2019-10-09 06:21:41,779 [Thread-1435] INFO  impl.RoleInfo (RoleInfo.java:updateAndGet(143)) - c8cbd11e-358a-478c-a7f6-06f31c24dd93: start LeaderElection
2019-10-09 06:21:41,789 [6856b686-1c7c-4dc9-8a2c-12464df5d3b9@group-8111FD1E9AB5-SegmentedRaftLogWorker] INFO  segmented.SegmentedRaftLogWorker (SegmentedRaftLogWorker.java:execute(574)) - 6856b686-1c7c-4dc9-8a2c-12464df5d3b9@group-8111FD1E9AB5-SegmentedRaftLogWorker: created new log segment /workdir/hadoop-ozone/integration-test/target/test-dir/MiniOzoneClusterImpl-5f8fa623-64cf-4f4e-8311-fe7397263f1f/datanode-2/data/ratis/256c3b59-8864-40b7-8cea-8111fd1e9ab5/current/log_inprogress_0
2019-10-09 06:21:41,789 [4328684e-b37e-4e01-8f53-68accb045f0f@group-8111FD1E9AB5-SegmentedRaftLogWorker] INFO  segmented.SegmentedRaftLogWorker (SegmentedRaftLogWorker.java:execute(574)) - 4328684e-b37e-4e01-8f53-68accb045f0f@group-8111FD1E9AB5-SegmentedRaftLogWorker: created new log segment /workdir/hadoop-ozone/integration-test/target/test-dir/MiniOzoneClusterImpl-5f8fa623-64cf-4f4e-8311-fe7397263f1f/datanode-0/data/ratis/256c3b59-8864-40b7-8cea-8111fd1e9ab5/current/log_inprogress_0
2019-10-09 06:21:41,803 [c8cbd11e-358a-478c-a7f6-06f31c24dd93@group-5C2A97E75E03-LeaderElection31] INFO  impl.LeaderElection (LeaderElection.java:askForVotes(178)) - c8cbd11e-358a-478c-a7f6-06f31c24dd93@group-5C2A97E75E03-LeaderElection31: begin an election at term 1 for -1: [c8cbd11e-358a-478c-a7f6-06f31c24dd93:192.168.164.215:33187], old=null
2019-10-09 06:21:41,803 [c8cbd11e-358a-478c-a7f6-06f31c24dd93@group-5C2A97E75E03-LeaderElection31] INFO  impl.RoleInfo (RoleInfo.java:shutdownLeaderElection(134)) - c8cbd11e-358a-478c-a7f6-06f31c24dd93: shutdown LeaderElection
2019-10-09 06:21:41,803 [c8cbd11e-358a-478c-a7f6-06f31c24dd93@group-5C2A97E75E03-LeaderElection31] INFO  impl.RaftServerImpl (RaftServerImpl.java:setRole(170)) - c8cbd11e-358a-478c-a7f6-06f31c24dd93@group-5C2A97E75E03: changes role from CANDIDATE to LEADER at term 1 for changeToLeader
2019-10-09 06:21:41,803 [c8cbd11e-358a-478c-a7f6-06f31c24dd93@group-5C2A97E75E03-LeaderElection31] INFO  impl.RaftServerImpl (ServerState.java:setLeader(255)) - c8cbd11e-358a-478c-a7f6-06f31c24dd93@group-5C2A97E75E03: change Leader from null to c8cbd11e-358a-478c-a7f6-06f31c24dd93 at term 1 for becomeLeader, leader elected after 5134ms
2019-10-09 06:21:41,803 [c8cbd11e-358a-478c-a7f6-06f31c24dd93@group-5C2A97E75E03-LeaderElection31] INFO  server.RaftServerConfigKeys (ConfUtils.java:logGet(43)) - raft.server.staging.catchup.gap = 1000 (default)
2019-10-09 06:21:41,803 [c8cbd11e-358a-478c-a7f6-06f31c24dd93@group-5C2A97E75E03-LeaderElection31] INFO  server.RaftServerConfigKeys (ConfUtils.java:logGet(43)) - raft.server.rpc.sleep.time = 25ms (default)
2019-10-09 06:21:41,804 [c8cbd11e-358a-478c-a7f6-06f31c24dd93@group-5C2A97E75E03-LeaderElection31] INFO  server.RaftServerConfigKeys (ConfUtils.java:logGet(43)) - raft.server.write.element-limit = 4096 (default)
2019-10-09 06:21:41,804 [c8cbd11e-358a-478c-a7f6-06f31c24dd93@group-5C2A97E75E03-LeaderElection31] INFO  server.RaftServerConfigKeys (ConfUtils.java:logGet(43)) - raft.server.watch.timeout = 10s (default)
2019-10-09 06:21:41,804 [c8cbd11e-358a-478c-a7f6-06f31c24dd93@group-5C2A97E75E03-LeaderElection31] INFO  server.RaftServerConfigKeys (ConfUtils.java:logGet(43)) - raft.server.watch.timeout.denomination = 1s (default)
2019-10-09 06:21:41,804 [c8cbd11e-358a-478c-a7f6-06f31c24dd93@group-5C2A97E75E03-LeaderElection31] INFO  server.RaftServerConfigKeys (ConfUtils.java:logGet(43)) - raft.server.watch.element-limit = 65536 (default)
2019-10-09 06:21:41,806 [c8cbd11e-358a-478c-a7f6-06f31c24dd93@group-5C2A97E75E03-LeaderElection31] INFO  impl.RoleInfo (RoleInfo.java:updateAndGet(143)) - c8cbd11e-358a-478c-a7f6-06f31c24dd93: start LeaderState
2019-10-09 06:21:41,806 [c8cbd11e-358a-478c-a7f6-06f31c24dd93@group-5C2A97E75E03-LeaderElection31] INFO  segmented.SegmentedRaftLogWorker (SegmentedRaftLogWorker.java:startLogSegment(385)) - c8cbd11e-358a-478c-a7f6-06f31c24dd93@group-5C2A97E75E03-SegmentedRaftLogWorker: Starting segment from index:0
2019-10-09 06:21:41,806 [c8cbd11e-358a-478c-a7f6-06f31c24dd93@group-5C2A97E75E03-LeaderElection31] INFO  impl.RaftServerImpl (ServerState.java:setRaftConf(356)) - c8cbd11e-358a-478c-a7f6-06f31c24dd93@group-5C2A97E75E03: set configuration 0: [c8cbd11e-358a-478c-a7f6-06f31c24dd93:192.168.164.215:33187], old=null at 0
2019-10-09 06:21:41,854 [c8cbd11e-358a-478c-a7f6-06f31c24dd93@group-5C2A97E75E03-SegmentedRaftLogWorker] INFO  segmented.SegmentedRaftLogWorker (SegmentedRaftLogWorker.java:execute(574)) - c8cbd11e-358a-478c-a7f6-06f31c24dd93@group-5C2A97E75E03-SegmentedRaftLogWorker: created new log segment /workdir/hadoop-ozone/integration-test/target/test-dir/MiniOzoneClusterImpl-5f8fa623-64cf-4f4e-8311-fe7397263f1f/datanode-4/data/ratis/336c7965-6391-47fe-9e23-5c2a97e75e03/current/log_inprogress_0
2019-10-09 06:21:41,899 [Thread-1438] INFO  impl.FollowerState (FollowerState.java:run(108)) - 1937c83e-d38b-440a-99dc-211415d42bb1@group-9B3C1CE36A74-FollowerState: change to CANDIDATE, lastRpcTime:5162ms, electionTimeout:5162ms
2019-10-09 06:21:41,900 [Thread-1438] INFO  impl.RoleInfo (RoleInfo.java:shutdownFollowerState(121)) - 1937c83e-d38b-440a-99dc-211415d42bb1: shutdown FollowerState
2019-10-09 06:21:41,900 [Thread-1438] INFO  impl.RaftServerImpl (RaftServerImpl.java:setRole(170)) - 1937c83e-d38b-440a-99dc-211415d42bb1@group-9B3C1CE36A74: changes role from  FOLLOWER to CANDIDATE at term 0 for changeToCandidate
2019-10-09 06:21:41,900 [Thread-1438] INFO  impl.RoleInfo (RoleInfo.java:updateAndGet(143)) - 1937c83e-d38b-440a-99dc-211415d42bb1: start LeaderElection
2019-10-09 06:21:41,921 [1937c83e-d38b-440a-99dc-211415d42bb1@group-9B3C1CE36A74-LeaderElection32] INFO  impl.LeaderElection (LeaderElection.java:askForVotes(178)) - 1937c83e-d38b-440a-99dc-211415d42bb1@group-9B3C1CE36A74-LeaderElection32: begin an election at term 1 for -1: [1937c83e-d38b-440a-99dc-211415d42bb1:192.168.164.215:35726], old=null
2019-10-09 06:21:41,921 [1937c83e-d38b-440a-99dc-211415d42bb1@group-9B3C1CE36A74-LeaderElection32] INFO  impl.RoleInfo (RoleInfo.java:shutdownLeaderElection(134)) - 1937c83e-d38b-440a-99dc-211415d42bb1: shutdown LeaderElection
2019-10-09 06:21:41,922 [1937c83e-d38b-440a-99dc-211415d42bb1@group-9B3C1CE36A74-LeaderElection32] INFO  impl.RaftServerImpl (RaftServerImpl.java:setRole(170)) - 1937c83e-d38b-440a-99dc-211415d42bb1@group-9B3C1CE36A74: changes role from CANDIDATE to LEADER at term 1 for changeToLeader
2019-10-09 06:21:41,922 [1937c83e-d38b-440a-99dc-211415d42bb1@group-9B3C1CE36A74-LeaderElection32] INFO  impl.RaftServerImpl (ServerState.java:setLeader(255)) - 1937c83e-d38b-440a-99dc-211415d42bb1@group-9B3C1CE36A74: change Leader from null to 1937c83e-d38b-440a-99dc-211415d42bb1 at term 1 for becomeLeader, leader elected after 5193ms
2019-10-09 06:21:41,922 [1937c83e-d38b-440a-99dc-211415d42bb1@group-9B3C1CE36A74-LeaderElection32] INFO  server.RaftServerConfigKeys (ConfUtils.java:logGet(43)) - raft.server.staging.catchup.gap = 1000 (default)
2019-10-09 06:21:41,922 [1937c83e-d38b-440a-99dc-211415d42bb1@group-9B3C1CE36A74-LeaderElection32] INFO  server.RaftServerConfigKeys (ConfUtils.java:logGet(43)) - raft.server.rpc.sleep.time = 25ms (default)
2019-10-09 06:21:41,922 [1937c83e-d38b-440a-99dc-211415d42bb1@group-9B3C1CE36A74-LeaderElection32] INFO  server.RaftServerConfigKeys (ConfUtils.java:logGet(43)) - raft.server.write.element-limit = 4096 (default)
2019-10-09 06:21:41,922 [1937c83e-d38b-440a-99dc-211415d42bb1@group-9B3C1CE36A74-LeaderElection32] INFO  server.RaftServerConfigKeys (ConfUtils.java:logGet(43)) - raft.server.watch.timeout = 10s (default)
2019-10-09 06:21:41,922 [1937c83e-d38b-440a-99dc-211415d42bb1@group-9B3C1CE36A74-LeaderElection32] INFO  server.RaftServerConfigKeys (ConfUtils.java:logGet(43)) - raft.server.watch.timeout.denomination = 1s (default)
2019-10-09 06:21:41,922 [1937c83e-d38b-440a-99dc-211415d42bb1@group-9B3C1CE36A74-LeaderElection32] INFO  server.RaftServerConfigKeys (ConfUtils.java:logGet(43)) - raft.server.watch.element-limit = 65536 (default)
2019-10-09 06:21:41,924 [1937c83e-d38b-440a-99dc-211415d42bb1@group-9B3C1CE36A74-LeaderElection32] INFO  impl.RoleInfo (RoleInfo.java:updateAndGet(143)) - 1937c83e-d38b-440a-99dc-211415d42bb1: start LeaderState
2019-10-09 06:21:41,924 [1937c83e-d38b-440a-99dc-211415d42bb1@group-9B3C1CE36A74-LeaderElection32] INFO  segmented.SegmentedRaftLogWorker (SegmentedRaftLogWorker.java:startLogSegment(385)) - 1937c83e-d38b-440a-99dc-211415d42bb1@group-9B3C1CE36A74-SegmentedRaftLogWorker: Starting segment from index:0
2019-10-09 06:21:41,925 [1937c83e-d38b-440a-99dc-211415d42bb1@group-9B3C1CE36A74-LeaderElection32] INFO  impl.RaftServerImpl (ServerState.java:setRaftConf(356)) - 1937c83e-d38b-440a-99dc-211415d42bb1@group-9B3C1CE36A74: set configuration 0: [1937c83e-d38b-440a-99dc-211415d42bb1:192.168.164.215:35726], old=null at 0
2019-10-09 06:21:41,929 [Thread-1446] INFO  impl.FollowerState (FollowerState.java:run(108)) - 60355321-e59b-48f0-99fa-a0c35b92e34d@group-473CA870136B-FollowerState: change to CANDIDATE, lastRpcTime:5031ms, electionTimeout:5031ms
2019-10-09 06:21:41,929 [Thread-1446] INFO  impl.RoleInfo (RoleInfo.java:shutdownFollowerState(121)) - 60355321-e59b-48f0-99fa-a0c35b92e34d: shutdown FollowerState
2019-10-09 06:21:41,930 [Thread-1446] INFO  impl.RaftServerImpl (RaftServerImpl.java:setRole(170)) - 60355321-e59b-48f0-99fa-a0c35b92e34d@group-473CA870136B: changes role from  FOLLOWER to CANDIDATE at term 0 for changeToCandidate
2019-10-09 06:21:41,930 [Thread-1446] INFO  impl.RoleInfo (RoleInfo.java:updateAndGet(143)) - 60355321-e59b-48f0-99fa-a0c35b92e34d: start LeaderElection
2019-10-09 06:21:41,965 [Thread-1443] INFO  impl.FollowerState (FollowerState.java:run(108)) - ce754dbe-f5c1-4869-b54a-74019f2e2dbf@group-C7C488818A43-FollowerState: change to CANDIDATE, lastRpcTime:5141ms, electionTimeout:5118ms
2019-10-09 06:21:41,967 [Thread-1443] INFO  impl.RoleInfo (RoleInfo.java:shutdownFollowerState(121)) - ce754dbe-f5c1-4869-b54a-74019f2e2dbf: shutdown FollowerState
2019-10-09 06:21:41,967 [Thread-1443] INFO  impl.RaftServerImpl (RaftServerImpl.java:setRole(170)) - ce754dbe-f5c1-4869-b54a-74019f2e2dbf@group-C7C488818A43: changes role from  FOLLOWER to CANDIDATE at term 0 for changeToCandidate
2019-10-09 06:21:41,967 [Thread-1443] INFO  impl.RoleInfo (RoleInfo.java:updateAndGet(143)) - ce754dbe-f5c1-4869-b54a-74019f2e2dbf: start LeaderElection
2019-10-09 06:21:41,976 [1937c83e-d38b-440a-99dc-211415d42bb1@group-9B3C1CE36A74-SegmentedRaftLogWorker] INFO  segmented.SegmentedRaftLogWorker (SegmentedRaftLogWorker.java:execute(574)) - 1937c83e-d38b-440a-99dc-211415d42bb1@group-9B3C1CE36A74-SegmentedRaftLogWorker: created new log segment /workdir/hadoop-ozone/integration-test/target/test-dir/MiniOzoneClusterImpl-5f8fa623-64cf-4f4e-8311-fe7397263f1f/datanode-3/data/ratis/e1a23500-780a-47df-921d-9b3c1ce36a74/current/log_inprogress_0
2019-10-09 06:21:41,976 [60355321-e59b-48f0-99fa-a0c35b92e34d@group-473CA870136B-LeaderElection33] INFO  impl.LeaderElection (LeaderElection.java:askForVotes(178)) - 60355321-e59b-48f0-99fa-a0c35b92e34d@group-473CA870136B-LeaderElection33: begin an election at term 1 for -1: [60355321-e59b-48f0-99fa-a0c35b92e34d:192.168.164.215:37443], old=null
2019-10-09 06:21:41,976 [ce754dbe-f5c1-4869-b54a-74019f2e2dbf@group-C7C488818A43-LeaderElection34] INFO  impl.LeaderElection (LeaderElection.java:askForVotes(178)) - ce754dbe-f5c1-4869-b54a-74019f2e2dbf@group-C7C488818A43-LeaderElection34: begin an election at term 1 for -1: [ce754dbe-f5c1-4869-b54a-74019f2e2dbf:192.168.164.215:46823], old=null
2019-10-09 06:21:41,976 [60355321-e59b-48f0-99fa-a0c35b92e34d@group-473CA870136B-LeaderElection33] INFO  impl.RoleInfo (RoleInfo.java:shutdownLeaderElection(134)) - 60355321-e59b-48f0-99fa-a0c35b92e34d: shutdown LeaderElection
2019-10-09 06:21:41,976 [ce754dbe-f5c1-4869-b54a-74019f2e2dbf@group-C7C488818A43-LeaderElection34] INFO  impl.RoleInfo (RoleInfo.java:shutdownLeaderElection(134)) - ce754dbe-f5c1-4869-b54a-74019f2e2dbf: shutdown LeaderElection
2019-10-09 06:21:41,977 [60355321-e59b-48f0-99fa-a0c35b92e34d@group-473CA870136B-LeaderElection33] INFO  impl.RaftServerImpl (RaftServerImpl.java:setRole(170)) - 60355321-e59b-48f0-99fa-a0c35b92e34d@group-473CA870136B: changes role from CANDIDATE to LEADER at term 1 for changeToLeader
2019-10-09 06:21:41,977 [ce754dbe-f5c1-4869-b54a-74019f2e2dbf@group-C7C488818A43-LeaderElection34] INFO  impl.RaftServerImpl (RaftServerImpl.java:setRole(170)) - ce754dbe-f5c1-4869-b54a-74019f2e2dbf@group-C7C488818A43: changes role from CANDIDATE to LEADER at term 1 for changeToLeader
2019-10-09 06:21:41,977 [60355321-e59b-48f0-99fa-a0c35b92e34d@group-473CA870136B-LeaderElection33] INFO  impl.RaftServerImpl (ServerState.java:setLeader(255)) - 60355321-e59b-48f0-99fa-a0c35b92e34d@group-473CA870136B: change Leader from null to 60355321-e59b-48f0-99fa-a0c35b92e34d at term 1 for becomeLeader, leader elected after 5088ms
2019-10-09 06:21:41,977 [ce754dbe-f5c1-4869-b54a-74019f2e2dbf@group-C7C488818A43-LeaderElection34] INFO  impl.RaftServerImpl (ServerState.java:setLeader(255)) - ce754dbe-f5c1-4869-b54a-74019f2e2dbf@group-C7C488818A43: change Leader from null to ce754dbe-f5c1-4869-b54a-74019f2e2dbf at term 1 for becomeLeader, leader elected after 5173ms
2019-10-09 06:21:41,977 [60355321-e59b-48f0-99fa-a0c35b92e34d@group-473CA870136B-LeaderElection33] INFO  server.RaftServerConfigKeys (ConfUtils.java:logGet(43)) - raft.server.staging.catchup.gap = 1000 (default)
2019-10-09 06:21:41,977 [ce754dbe-f5c1-4869-b54a-74019f2e2dbf@group-C7C488818A43-LeaderElection34] INFO  server.RaftServerConfigKeys (ConfUtils.java:logGet(43)) - raft.server.staging.catchup.gap = 1000 (default)
2019-10-09 06:21:41,977 [60355321-e59b-48f0-99fa-a0c35b92e34d@group-473CA870136B-LeaderElection33] INFO  server.RaftServerConfigKeys (ConfUtils.java:logGet(43)) - raft.server.rpc.sleep.time = 25ms (default)
2019-10-09 06:21:41,977 [ce754dbe-f5c1-4869-b54a-74019f2e2dbf@group-C7C488818A43-LeaderElection34] INFO  server.RaftServerConfigKeys (ConfUtils.java:logGet(43)) - raft.server.rpc.sleep.time = 25ms (default)
2019-10-09 06:21:41,977 [60355321-e59b-48f0-99fa-a0c35b92e34d@group-473CA870136B-LeaderElection33] INFO  server.RaftServerConfigKeys (ConfUtils.java:logGet(43)) - raft.server.write.element-limit = 4096 (default)
2019-10-09 06:21:41,977 [ce754dbe-f5c1-4869-b54a-74019f2e2dbf@group-C7C488818A43-LeaderElection34] INFO  server.RaftServerConfigKeys (ConfUtils.java:logGet(43)) - raft.server.write.element-limit = 4096 (default)
2019-10-09 06:21:41,977 [60355321-e59b-48f0-99fa-a0c35b92e34d@group-473CA870136B-LeaderElection33] INFO  server.RaftServerConfigKeys (ConfUtils.java:logGet(43)) - raft.server.watch.timeout = 10s (default)
2019-10-09 06:21:41,977 [ce754dbe-f5c1-4869-b54a-74019f2e2dbf@group-C7C488818A43-LeaderElection34] INFO  server.RaftServerConfigKeys (ConfUtils.java:logGet(43)) - raft.server.watch.timeout = 10s (default)
2019-10-09 06:21:41,978 [60355321-e59b-48f0-99fa-a0c35b92e34d@group-473CA870136B-LeaderElection33] INFO  server.RaftServerConfigKeys (ConfUtils.java:logGet(43)) - raft.server.watch.timeout.denomination = 1s (default)
2019-10-09 06:21:41,978 [ce754dbe-f5c1-4869-b54a-74019f2e2dbf@group-C7C488818A43-LeaderElection34] INFO  server.RaftServerConfigKeys (ConfUtils.java:logGet(43)) - raft.server.watch.timeout.denomination = 1s (default)
2019-10-09 06:21:41,978 [60355321-e59b-48f0-99fa-a0c35b92e34d@group-473CA870136B-LeaderElection33] INFO  server.RaftServerConfigKeys (ConfUtils.java:logGet(43)) - raft.server.watch.element-limit = 65536 (default)
2019-10-09 06:21:41,978 [ce754dbe-f5c1-4869-b54a-74019f2e2dbf@group-C7C488818A43-LeaderElection34] INFO  server.RaftServerConfigKeys (ConfUtils.java:logGet(43)) - raft.server.watch.element-limit = 65536 (default)
2019-10-09 06:21:41,981 [60355321-e59b-48f0-99fa-a0c35b92e34d@group-473CA870136B-LeaderElection33] INFO  impl.RoleInfo (RoleInfo.java:updateAndGet(143)) - 60355321-e59b-48f0-99fa-a0c35b92e34d: start LeaderState
2019-10-09 06:21:41,981 [ce754dbe-f5c1-4869-b54a-74019f2e2dbf@group-C7C488818A43-LeaderElection34] INFO  impl.RoleInfo (RoleInfo.java:updateAndGet(143)) - ce754dbe-f5c1-4869-b54a-74019f2e2dbf: start LeaderState
2019-10-09 06:21:41,981 [60355321-e59b-48f0-99fa-a0c35b92e34d@group-473CA870136B-LeaderElection33] INFO  segmented.SegmentedRaftLogWorker (SegmentedRaftLogWorker.java:startLogSegment(385)) - 60355321-e59b-48f0-99fa-a0c35b92e34d@group-473CA870136B-SegmentedRaftLogWorker: Starting segment from index:0
2019-10-09 06:21:41,981 [ce754dbe-f5c1-4869-b54a-74019f2e2dbf@group-C7C488818A43-LeaderElection34] INFO  segmented.SegmentedRaftLogWorker (SegmentedRaftLogWorker.java:startLogSegment(385)) - ce754dbe-f5c1-4869-b54a-74019f2e2dbf@group-C7C488818A43-SegmentedRaftLogWorker: Starting segment from index:0
2019-10-09 06:21:41,982 [60355321-e59b-48f0-99fa-a0c35b92e34d@group-473CA870136B-LeaderElection33] INFO  impl.RaftServerImpl (ServerState.java:setRaftConf(356)) - 60355321-e59b-48f0-99fa-a0c35b92e34d@group-473CA870136B: set configuration 0: [60355321-e59b-48f0-99fa-a0c35b92e34d:192.168.164.215:37443], old=null at 0
2019-10-09 06:21:41,982 [ce754dbe-f5c1-4869-b54a-74019f2e2dbf@group-C7C488818A43-LeaderElection34] INFO  impl.RaftServerImpl (ServerState.java:setRaftConf(356)) - ce754dbe-f5c1-4869-b54a-74019f2e2dbf@group-C7C488818A43: set configuration 0: [ce754dbe-f5c1-4869-b54a-74019f2e2dbf:192.168.164.215:46823], old=null at 0
2019-10-09 06:21:42,014 [60355321-e59b-48f0-99fa-a0c35b92e34d@group-473CA870136B-SegmentedRaftLogWorker] INFO  segmented.SegmentedRaftLogWorker (SegmentedRaftLogWorker.java:execute(574)) - 60355321-e59b-48f0-99fa-a0c35b92e34d@group-473CA870136B-SegmentedRaftLogWorker: created new log segment /workdir/hadoop-ozone/integration-test/target/test-dir/MiniOzoneClusterImpl-5f8fa623-64cf-4f4e-8311-fe7397263f1f/datanode-6/data/ratis/b46cd9bc-e970-4884-835f-473ca870136b/current/log_inprogress_0
2019-10-09 06:21:42,014 [ce754dbe-f5c1-4869-b54a-74019f2e2dbf@group-C7C488818A43-SegmentedRaftLogWorker] INFO  segmented.SegmentedRaftLogWorker (SegmentedRaftLogWorker.java:execute(574)) - ce754dbe-f5c1-4869-b54a-74019f2e2dbf@group-C7C488818A43-SegmentedRaftLogWorker: created new log segment /workdir/hadoop-ozone/integration-test/target/test-dir/MiniOzoneClusterImpl-5f8fa623-64cf-4f4e-8311-fe7397263f1f/datanode-5/data/ratis/4800f1cc-168e-4b73-a299-c7c488818a43/current/log_inprogress_0
2019-10-09 06:21:42,081 [Thread-1454] INFO  impl.FollowerState (FollowerState.java:run(108)) - ce754dbe-f5c1-4869-b54a-74019f2e2dbf@group-A263735689D7-FollowerState: change to CANDIDATE, lastRpcTime:5100ms, electionTimeout:5100ms
2019-10-09 06:21:42,081 [Thread-1454] INFO  impl.RoleInfo (RoleInfo.java:shutdownFollowerState(121)) - ce754dbe-f5c1-4869-b54a-74019f2e2dbf: shutdown FollowerState
2019-10-09 06:21:42,081 [Thread-1454] INFO  impl.RaftServerImpl (RaftServerImpl.java:setRole(170)) - ce754dbe-f5c1-4869-b54a-74019f2e2dbf@group-A263735689D7: changes role from  FOLLOWER to CANDIDATE at term 0 for changeToCandidate
2019-10-09 06:21:42,081 [Thread-1454] INFO  impl.RoleInfo (RoleInfo.java:updateAndGet(143)) - ce754dbe-f5c1-4869-b54a-74019f2e2dbf: start LeaderElection
2019-10-09 06:21:42,102 [ce754dbe-f5c1-4869-b54a-74019f2e2dbf@group-A263735689D7-LeaderElection35] INFO  impl.LeaderElection (LeaderElection.java:askForVotes(178)) - ce754dbe-f5c1-4869-b54a-74019f2e2dbf@group-A263735689D7-LeaderElection35: begin an election at term 1 for -1: [c8cbd11e-358a-478c-a7f6-06f31c24dd93:192.168.164.215:33187, 1937c83e-d38b-440a-99dc-211415d42bb1:192.168.164.215:35726, ce754dbe-f5c1-4869-b54a-74019f2e2dbf:192.168.164.215:46823], old=null
2019-10-09 06:21:42,118 [grpc-default-executor-1] INFO  impl.RaftServerImpl (RaftServerImpl.java:setRole(170)) - 1937c83e-d38b-440a-99dc-211415d42bb1@group-A263735689D7: changes role from  FOLLOWER to FOLLOWER at term 1 for recognizeCandidate:ce754dbe-f5c1-4869-b54a-74019f2e2dbf
2019-10-09 06:21:42,118 [grpc-default-executor-1] INFO  impl.RoleInfo (RoleInfo.java:shutdownFollowerState(121)) - 1937c83e-d38b-440a-99dc-211415d42bb1: shutdown FollowerState
2019-10-09 06:21:42,119 [grpc-default-executor-1] INFO  impl.RoleInfo (RoleInfo.java:updateAndGet(143)) - 1937c83e-d38b-440a-99dc-211415d42bb1: start FollowerState
2019-10-09 06:21:42,119 [Thread-1449] INFO  impl.FollowerState (FollowerState.java:run(117)) - 1937c83e-d38b-440a-99dc-211415d42bb1@group-A263735689D7-FollowerState was interrupted: java.lang.InterruptedException: sleep interrupted
2019-10-09 06:21:42,121 [grpc-default-executor-5] INFO  impl.RaftServerImpl (RaftServerImpl.java:setRole(170)) - c8cbd11e-358a-478c-a7f6-06f31c24dd93@group-A263735689D7: changes role from  FOLLOWER to FOLLOWER at term 1 for recognizeCandidate:ce754dbe-f5c1-4869-b54a-74019f2e2dbf
2019-10-09 06:21:42,121 [grpc-default-executor-5] INFO  impl.RoleInfo (RoleInfo.java:shutdownFollowerState(121)) - c8cbd11e-358a-478c-a7f6-06f31c24dd93: shutdown FollowerState
2019-10-09 06:21:42,121 [grpc-default-executor-5] INFO  impl.RoleInfo (RoleInfo.java:updateAndGet(143)) - c8cbd11e-358a-478c-a7f6-06f31c24dd93: start FollowerState
2019-10-09 06:21:42,122 [Thread-1453] INFO  impl.FollowerState (FollowerState.java:run(117)) - c8cbd11e-358a-478c-a7f6-06f31c24dd93@group-A263735689D7-FollowerState was interrupted: java.lang.InterruptedException: sleep interrupted
2019-10-09 06:21:42,139 [ce754dbe-f5c1-4869-b54a-74019f2e2dbf@group-A263735689D7-LeaderElection35] INFO  impl.LeaderElection (LeaderElection.java:logAndReturn(56)) - ce754dbe-f5c1-4869-b54a-74019f2e2dbf@group-A263735689D7-LeaderElection35: Election PASSED; received 1 response(s) [ce754dbe-f5c1-4869-b54a-74019f2e2dbf<-1937c83e-d38b-440a-99dc-211415d42bb1#0:OK-t1] and 0 exception(s); ce754dbe-f5c1-4869-b54a-74019f2e2dbf@group-A263735689D7:t1, leader=null, voted=ce754dbe-f5c1-4869-b54a-74019f2e2dbf, raftlog=ce754dbe-f5c1-4869-b54a-74019f2e2dbf@group-A263735689D7-SegmentedRaftLog:OPENED:c-1,f-1,i0, conf=-1: [c8cbd11e-358a-478c-a7f6-06f31c24dd93:192.168.164.215:33187, 1937c83e-d38b-440a-99dc-211415d42bb1:192.168.164.215:35726, ce754dbe-f5c1-4869-b54a-74019f2e2dbf:192.168.164.215:46823], old=null
2019-10-09 06:21:42,139 [ce754dbe-f5c1-4869-b54a-74019f2e2dbf@group-A263735689D7-LeaderElection35] INFO  impl.RoleInfo (RoleInfo.java:shutdownLeaderElection(134)) - ce754dbe-f5c1-4869-b54a-74019f2e2dbf: shutdown LeaderElection
2019-10-09 06:21:42,140 [ce754dbe-f5c1-4869-b54a-74019f2e2dbf@group-A263735689D7-LeaderElection35] INFO  impl.RaftServerImpl (RaftServerImpl.java:setRole(170)) - ce754dbe-f5c1-4869-b54a-74019f2e2dbf@group-A263735689D7: changes role from CANDIDATE to LEADER at term 1 for changeToLeader
2019-10-09 06:21:42,140 [ce754dbe-f5c1-4869-b54a-74019f2e2dbf@group-A263735689D7-LeaderElection35] INFO  impl.RaftServerImpl (ServerState.java:setLeader(255)) - ce754dbe-f5c1-4869-b54a-74019f2e2dbf@group-A263735689D7: change Leader from null to ce754dbe-f5c1-4869-b54a-74019f2e2dbf at term 1 for becomeLeader, leader elected after 5178ms
2019-10-09 06:21:42,140 [ce754dbe-f5c1-4869-b54a-74019f2e2dbf@group-A263735689D7-LeaderElection35] INFO  server.RaftServerConfigKeys (ConfUtils.java:logGet(43)) - raft.server.staging.catchup.gap = 1000 (default)
2019-10-09 06:21:42,140 [ce754dbe-f5c1-4869-b54a-74019f2e2dbf@group-A263735689D7-LeaderElection35] INFO  server.RaftServerConfigKeys (ConfUtils.java:logGet(43)) - raft.server.rpc.sleep.time = 25ms (default)
2019-10-09 06:21:42,140 [ce754dbe-f5c1-4869-b54a-74019f2e2dbf@group-A263735689D7-LeaderElection35] INFO  server.RaftServerConfigKeys (ConfUtils.java:logGet(43)) - raft.server.write.element-limit = 4096 (default)
2019-10-09 06:21:42,140 [ce754dbe-f5c1-4869-b54a-74019f2e2dbf@group-A263735689D7-LeaderElection35] INFO  server.RaftServerConfigKeys (ConfUtils.java:logGet(43)) - raft.server.watch.timeout = 10s (default)
2019-10-09 06:21:42,140 [ce754dbe-f5c1-4869-b54a-74019f2e2dbf@group-A263735689D7-LeaderElection35] INFO  server.RaftServerConfigKeys (ConfUtils.java:logGet(43)) - raft.server.watch.timeout.denomination = 1s (default)
2019-10-09 06:21:42,141 [ce754dbe-f5c1-4869-b54a-74019f2e2dbf@group-A263735689D7-LeaderElection35] INFO  server.RaftServerConfigKeys (ConfUtils.java:logGet(43)) - raft.server.watch.element-limit = 65536 (default)
2019-10-09 06:21:42,142 [ce754dbe-f5c1-4869-b54a-74019f2e2dbf@group-A263735689D7-LeaderElection35] INFO  server.RaftServerConfigKeys (ConfUtils.java:logGet(43)) - raft.server.log.appender.snapshot.chunk.size.max = 16MB (=16777216) (default)
2019-10-09 06:21:42,143 [ce754dbe-f5c1-4869-b54a-74019f2e2dbf@group-A263735689D7-LeaderElection35] INFO  server.RaftServerConfigKeys (ConfUtils.java:logGet(43)) - raft.server.log.appender.buffer.byte-limit = 33554432 (custom)
2019-10-09 06:21:42,143 [ce754dbe-f5c1-4869-b54a-74019f2e2dbf@group-A263735689D7-LeaderElection35] INFO  server.RaftServerConfigKeys (ConfUtils.java:logGet(43)) - raft.server.log.appender.buffer.element-limit = 1 (custom)
2019-10-09 06:21:42,143 [ce754dbe-f5c1-4869-b54a-74019f2e2dbf@group-A263735689D7-LeaderElection35] INFO  grpc.GrpcConfigKeys$Server (ConfUtils.java:logGet(43)) - raft.grpc.server.leader.outstanding.appends.max = 128 (default)
2019-10-09 06:21:42,143 [ce754dbe-f5c1-4869-b54a-74019f2e2dbf@group-A263735689D7-LeaderElection35] INFO  server.RaftServerConfigKeys (ConfUtils.java:logGet(43)) - raft.server.rpc.request.timeout = 3000ms (default)
2019-10-09 06:21:42,143 [ce754dbe-f5c1-4869-b54a-74019f2e2dbf@group-A263735689D7-LeaderElection35] INFO  server.RaftServerConfigKeys (ConfUtils.java:logGet(43)) - raft.server.log.appender.install.snapshot.enabled = false (custom)
2019-10-09 06:21:42,144 [ce754dbe-f5c1-4869-b54a-74019f2e2dbf@group-A263735689D7-LeaderElection35] INFO  server.RaftServerConfigKeys (ConfUtils.java:logGet(43)) - raft.server.log.appender.snapshot.chunk.size.max = 16MB (=16777216) (default)
2019-10-09 06:21:42,144 [ce754dbe-f5c1-4869-b54a-74019f2e2dbf@group-A263735689D7-LeaderElection35] INFO  server.RaftServerConfigKeys (ConfUtils.java:logGet(43)) - raft.server.log.appender.buffer.byte-limit = 33554432 (custom)
2019-10-09 06:21:42,144 [ce754dbe-f5c1-4869-b54a-74019f2e2dbf@group-A263735689D7-LeaderElection35] INFO  server.RaftServerConfigKeys (ConfUtils.java:logGet(43)) - raft.server.log.appender.buffer.element-limit = 1 (custom)
2019-10-09 06:21:42,144 [ce754dbe-f5c1-4869-b54a-74019f2e2dbf@group-A263735689D7-LeaderElection35] INFO  grpc.GrpcConfigKeys$Server (ConfUtils.java:logGet(43)) - raft.grpc.server.leader.outstanding.appends.max = 128 (default)
2019-10-09 06:21:42,144 [ce754dbe-f5c1-4869-b54a-74019f2e2dbf@group-A263735689D7-LeaderElection35] INFO  server.RaftServerConfigKeys (ConfUtils.java:logGet(43)) - raft.server.rpc.request.timeout = 3000ms (default)
2019-10-09 06:21:42,145 [ce754dbe-f5c1-4869-b54a-74019f2e2dbf@group-A263735689D7-LeaderElection35] INFO  server.RaftServerConfigKeys (ConfUtils.java:logGet(43)) - raft.server.log.appender.install.snapshot.enabled = false (custom)
2019-10-09 06:21:42,145 [ce754dbe-f5c1-4869-b54a-74019f2e2dbf@group-A263735689D7-LeaderElection35] INFO  impl.RoleInfo (RoleInfo.java:updateAndGet(143)) - ce754dbe-f5c1-4869-b54a-74019f2e2dbf: start LeaderState
2019-10-09 06:21:42,145 [ce754dbe-f5c1-4869-b54a-74019f2e2dbf@group-A263735689D7-LeaderElection35] INFO  segmented.SegmentedRaftLogWorker (SegmentedRaftLogWorker.java:startLogSegment(385)) - ce754dbe-f5c1-4869-b54a-74019f2e2dbf@group-A263735689D7-SegmentedRaftLogWorker: Starting segment from index:0
2019-10-09 06:21:42,146 [ce754dbe-f5c1-4869-b54a-74019f2e2dbf@group-A263735689D7-LeaderElection35] INFO  impl.RaftServerImpl (ServerState.java:setRaftConf(356)) - ce754dbe-f5c1-4869-b54a-74019f2e2dbf@group-A263735689D7: set configuration 0: [c8cbd11e-358a-478c-a7f6-06f31c24dd93:192.168.164.215:33187, 1937c83e-d38b-440a-99dc-211415d42bb1:192.168.164.215:35726, ce754dbe-f5c1-4869-b54a-74019f2e2dbf:192.168.164.215:46823], old=null at 0
2019-10-09 06:21:42,170 [grpc-default-executor-1] INFO  impl.RaftServerImpl (ServerState.java:setLeader(255)) - c8cbd11e-358a-478c-a7f6-06f31c24dd93@group-A263735689D7: change Leader from null to ce754dbe-f5c1-4869-b54a-74019f2e2dbf at term 1 for appendEntries, leader elected after 5208ms
2019-10-09 06:21:42,174 [grpc-default-executor-5] INFO  impl.RaftServerImpl (ServerState.java:setLeader(255)) - 1937c83e-d38b-440a-99dc-211415d42bb1@group-A263735689D7: change Leader from null to ce754dbe-f5c1-4869-b54a-74019f2e2dbf at term 1 for appendEntries, leader elected after 5212ms
2019-10-09 06:21:42,175 [grpc-default-executor-1] INFO  impl.RaftServerImpl (ServerState.java:setRaftConf(356)) - c8cbd11e-358a-478c-a7f6-06f31c24dd93@group-A263735689D7: set configuration 0: [c8cbd11e-358a-478c-a7f6-06f31c24dd93:192.168.164.215:33187, 1937c83e-d38b-440a-99dc-211415d42bb1:192.168.164.215:35726, ce754dbe-f5c1-4869-b54a-74019f2e2dbf:192.168.164.215:46823], old=null at 0
2019-10-09 06:21:42,176 [grpc-default-executor-5] INFO  impl.RaftServerImpl (ServerState.java:setRaftConf(356)) - 1937c83e-d38b-440a-99dc-211415d42bb1@group-A263735689D7: set configuration 0: [c8cbd11e-358a-478c-a7f6-06f31c24dd93:192.168.164.215:33187, 1937c83e-d38b-440a-99dc-211415d42bb1:192.168.164.215:35726, ce754dbe-f5c1-4869-b54a-74019f2e2dbf:192.168.164.215:46823], old=null at 0
2019-10-09 06:21:42,176 [grpc-default-executor-1] INFO  segmented.SegmentedRaftLogWorker (SegmentedRaftLogWorker.java:startLogSegment(385)) - c8cbd11e-358a-478c-a7f6-06f31c24dd93@group-A263735689D7-SegmentedRaftLogWorker: Starting segment from index:0
2019-10-09 06:21:42,176 [grpc-default-executor-5] INFO  segmented.SegmentedRaftLogWorker (SegmentedRaftLogWorker.java:startLogSegment(385)) - 1937c83e-d38b-440a-99dc-211415d42bb1@group-A263735689D7-SegmentedRaftLogWorker: Starting segment from index:0
2019-10-09 06:21:42,186 [ce754dbe-f5c1-4869-b54a-74019f2e2dbf@group-A263735689D7-SegmentedRaftLogWorker] INFO  segmented.SegmentedRaftLogWorker (SegmentedRaftLogWorker.java:execute(574)) - ce754dbe-f5c1-4869-b54a-74019f2e2dbf@group-A263735689D7-SegmentedRaftLogWorker: created new log segment /workdir/hadoop-ozone/integration-test/target/test-dir/MiniOzoneClusterImpl-5f8fa623-64cf-4f4e-8311-fe7397263f1f/datanode-5/data/ratis/d8cd060c-7e79-4c5b-88d7-a263735689d7/current/log_inprogress_0
2019-10-09 06:21:42,207 [c8cbd11e-358a-478c-a7f6-06f31c24dd93@group-A263735689D7-SegmentedRaftLogWorker] INFO  segmented.SegmentedRaftLogWorker (SegmentedRaftLogWorker.java:execute(574)) - c8cbd11e-358a-478c-a7f6-06f31c24dd93@group-A263735689D7-SegmentedRaftLogWorker: created new log segment /workdir/hadoop-ozone/integration-test/target/test-dir/MiniOzoneClusterImpl-5f8fa623-64cf-4f4e-8311-fe7397263f1f/datanode-4/data/ratis/d8cd060c-7e79-4c5b-88d7-a263735689d7/current/log_inprogress_0
2019-10-09 06:21:42,208 [1937c83e-d38b-440a-99dc-211415d42bb1@group-A263735689D7-SegmentedRaftLogWorker] INFO  segmented.SegmentedRaftLogWorker (SegmentedRaftLogWorker.java:execute(574)) - 1937c83e-d38b-440a-99dc-211415d42bb1@group-A263735689D7-SegmentedRaftLogWorker: created new log segment /workdir/hadoop-ozone/integration-test/target/test-dir/MiniOzoneClusterImpl-5f8fa623-64cf-4f4e-8311-fe7397263f1f/datanode-3/data/ratis/d8cd060c-7e79-4c5b-88d7-a263735689d7/current/log_inprogress_0
2019-10-09 06:21:43,687 [Datanode State Machine Thread - 0] INFO  statemachine.DatanodeStateMachine (DatanodeStateMachine.java:lambda$startDaemon$0(350)) - Ozone container server started.
2019-10-09 06:21:47,702 [main] INFO  ozoneimpl.OzoneContainer (OzoneContainer.java:stop(227)) - Attempting to stop container services.
2019-10-09 06:21:47,704 [main] INFO  impl.RaftServerProxy (RaftServerProxy.java:lambda$close$4(314)) - 6856b686-1c7c-4dc9-8a2c-12464df5d3b9: close
2019-10-09 06:21:47,705 [main] INFO  impl.RaftServerImpl (RaftServerImpl.java:lambda$shutdown$3(247)) - 6856b686-1c7c-4dc9-8a2c-12464df5d3b9@group-8111FD1E9AB5: shutdown
2019-10-09 06:21:47,705 [main] INFO  util.JmxRegister (JmxRegister.java:unregister(73)) - Successfully un-registered JMX Bean with object name Ratis:service=RaftServer,group=group-8111FD1E9AB5,id=6856b686-1c7c-4dc9-8a2c-12464df5d3b9
2019-10-09 06:21:47,706 [main] INFO  impl.RoleInfo (RoleInfo.java:shutdownFollowerState(121)) - 6856b686-1c7c-4dc9-8a2c-12464df5d3b9: shutdown FollowerState
2019-10-09 06:21:47,706 [main] INFO  impl.StateMachineUpdater (StateMachineUpdater.java:stopAndJoin(136)) - 6856b686-1c7c-4dc9-8a2c-12464df5d3b9@group-8111FD1E9AB5-StateMachineUpdater: set stopIndex = 2
2019-10-09 06:21:47,706 [6856b686-1c7c-4dc9-8a2c-12464df5d3b9@group-8111FD1E9AB5-StateMachineUpdater] INFO  ratis.ContainerStateMachine (ContainerStateMachine.java:takeSnapshot(294)) - group-8111FD1E9AB5: Taking a snapshot at:(t:1, i:1) file /workdir/hadoop-ozone/integration-test/target/test-dir/MiniOzoneClusterImpl-5f8fa623-64cf-4f4e-8311-fe7397263f1f/datanode-2/data/ratis/256c3b59-8864-40b7-8cea-8111fd1e9ab5/sm/snapshot.1_1
2019-10-09 06:21:47,706 [Thread-1487] INFO  impl.FollowerState (FollowerState.java:run(117)) - 6856b686-1c7c-4dc9-8a2c-12464df5d3b9@group-8111FD1E9AB5-FollowerState was interrupted: java.lang.InterruptedException: sleep interrupted
2019-10-09 06:21:47,721 [6856b686-1c7c-4dc9-8a2c-12464df5d3b9@group-8111FD1E9AB5-StateMachineUpdater] INFO  ratis.ContainerStateMachine (ContainerStateMachine.java:takeSnapshot(305)) - group-8111FD1E9AB5: Finished taking a snapshot at:(t:1, i:1) file:/workdir/hadoop-ozone/integration-test/target/test-dir/MiniOzoneClusterImpl-5f8fa623-64cf-4f4e-8311-fe7397263f1f/datanode-2/data/ratis/256c3b59-8864-40b7-8cea-8111fd1e9ab5/sm/snapshot.1_1 time:15
2019-10-09 06:21:47,722 [6856b686-1c7c-4dc9-8a2c-12464df5d3b9@group-8111FD1E9AB5-StateMachineUpdater] INFO  impl.StateMachineUpdater (StateMachineUpdater.java:takeSnapshot(269)) - 6856b686-1c7c-4dc9-8a2c-12464df5d3b9@group-8111FD1E9AB5-StateMachineUpdater: Took a snapshot at index 1
2019-10-09 06:21:47,722 [6856b686-1c7c-4dc9-8a2c-12464df5d3b9@group-8111FD1E9AB5-StateMachineUpdater] INFO  impl.StateMachineUpdater (StateMachineUpdater.java:lambda$new$0(84)) - 6856b686-1c7c-4dc9-8a2c-12464df5d3b9@group-8111FD1E9AB5-StateMachineUpdater: snapshotIndex: updateIncreasingly -1 -> 1
2019-10-09 06:21:47,723 [6856b686-1c7c-4dc9-8a2c-12464df5d3b9@group-8111FD1E9AB5-StateMachineUpdater] INFO  ratis.ContainerStateMachine (ContainerStateMachine.java:takeSnapshot(294)) - group-8111FD1E9AB5: Taking a snapshot at:(t:1, i:1) file /workdir/hadoop-ozone/integration-test/target/test-dir/MiniOzoneClusterImpl-5f8fa623-64cf-4f4e-8311-fe7397263f1f/datanode-2/data/ratis/256c3b59-8864-40b7-8cea-8111fd1e9ab5/sm/snapshot.1_1
2019-10-09 06:21:47,735 [6856b686-1c7c-4dc9-8a2c-12464df5d3b9@group-8111FD1E9AB5-StateMachineUpdater] INFO  ratis.ContainerStateMachine (ContainerStateMachine.java:takeSnapshot(305)) - group-8111FD1E9AB5: Finished taking a snapshot at:(t:1, i:1) file:/workdir/hadoop-ozone/integration-test/target/test-dir/MiniOzoneClusterImpl-5f8fa623-64cf-4f4e-8311-fe7397263f1f/datanode-2/data/ratis/256c3b59-8864-40b7-8cea-8111fd1e9ab5/sm/snapshot.1_1 time:12
2019-10-09 06:21:47,735 [6856b686-1c7c-4dc9-8a2c-12464df5d3b9@group-8111FD1E9AB5-StateMachineUpdater] INFO  impl.StateMachineUpdater (StateMachineUpdater.java:takeSnapshot(269)) - 6856b686-1c7c-4dc9-8a2c-12464df5d3b9@group-8111FD1E9AB5-StateMachineUpdater: Took a snapshot at index 1
2019-10-09 06:21:47,735 [6856b686-1c7c-4dc9-8a2c-12464df5d3b9@group-8111FD1E9AB5-StateMachineUpdater] INFO  impl.StateMachineUpdater (StateMachineUpdater.java:lambda$new$0(84)) - 6856b686-1c7c-4dc9-8a2c-12464df5d3b9@group-8111FD1E9AB5-StateMachineUpdater: snapshotIndex: updateIncreasingly 1 -> 1
2019-10-09 06:21:47,736 [main] INFO  impl.RaftServerImpl (ServerState.java:close(387)) - 6856b686-1c7c-4dc9-8a2c-12464df5d3b9@group-8111FD1E9AB5: closes. applyIndex: 2
2019-10-09 06:21:47,736 [6856b686-1c7c-4dc9-8a2c-12464df5d3b9@group-8111FD1E9AB5-SegmentedRaftLogWorker] INFO  segmented.SegmentedRaftLogWorker (SegmentedRaftLogWorker.java:run(316)) - 6856b686-1c7c-4dc9-8a2c-12464df5d3b9@group-8111FD1E9AB5-SegmentedRaftLogWorker was interrupted, exiting. There are 0 tasks remaining in the queue.
2019-10-09 06:21:47,742 [main] INFO  segmented.SegmentedRaftLogWorker (SegmentedRaftLogWorker.java:close(224)) - 6856b686-1c7c-4dc9-8a2c-12464df5d3b9@group-8111FD1E9AB5-SegmentedRaftLogWorker close()
2019-10-09 06:21:47,745 [main] INFO  impl.RaftServerImpl (RaftServerImpl.java:lambda$shutdown$3(247)) - 6856b686-1c7c-4dc9-8a2c-12464df5d3b9@group-B4BEA818E96F: shutdown
2019-10-09 06:21:47,746 [main] INFO  util.JmxRegister (JmxRegister.java:unregister(73)) - Successfully un-registered JMX Bean with object name Ratis:service=RaftServer,group=group-B4BEA818E96F,id=6856b686-1c7c-4dc9-8a2c-12464df5d3b9
2019-10-09 06:21:47,746 [main] INFO  impl.RoleInfo (RoleInfo.java:shutdownLeaderState(104)) - 6856b686-1c7c-4dc9-8a2c-12464df5d3b9: shutdown LeaderState
2019-10-09 06:21:47,746 [main] INFO  impl.PendingRequests (PendingRequests.java:sendNotLeaderResponses(202)) - 6856b686-1c7c-4dc9-8a2c-12464df5d3b9@group-B4BEA818E96F-PendingRequests: sendNotLeaderResponses
2019-10-09 06:21:47,747 [main] INFO  impl.StateMachineUpdater (StateMachineUpdater.java:stopAndJoin(136)) - 6856b686-1c7c-4dc9-8a2c-12464df5d3b9@group-B4BEA818E96F-StateMachineUpdater: set stopIndex = 0
2019-10-09 06:21:47,747 [main] INFO  impl.RaftServerImpl (ServerState.java:close(387)) - 6856b686-1c7c-4dc9-8a2c-12464df5d3b9@group-B4BEA818E96F: closes. applyIndex: 0
2019-10-09 06:21:47,747 [6856b686-1c7c-4dc9-8a2c-12464df5d3b9@group-B4BEA818E96F-SegmentedRaftLogWorker] INFO  segmented.SegmentedRaftLogWorker (SegmentedRaftLogWorker.java:run(316)) - 6856b686-1c7c-4dc9-8a2c-12464df5d3b9@group-B4BEA818E96F-SegmentedRaftLogWorker was interrupted, exiting. There are 0 tasks remaining in the queue.
2019-10-09 06:21:47,749 [main] INFO  segmented.SegmentedRaftLogWorker (SegmentedRaftLogWorker.java:close(224)) - 6856b686-1c7c-4dc9-8a2c-12464df5d3b9@group-B4BEA818E96F-SegmentedRaftLogWorker close()
2019-10-09 06:21:47,752 [main] INFO  server.GrpcService (GrpcService.java:closeImpl(164)) - 6856b686-1c7c-4dc9-8a2c-12464df5d3b9: shutdown server with port 35991 now
2019-10-09 06:21:47,754 [grpc-default-executor-5] WARN  server.GrpcServerProtocolService (LogUtils.java:warn(134)) - 6856b686-1c7c-4dc9-8a2c-12464df5d3b9: installSnapshot onError, lastRequest: ed6f6a70-b6f8-4961-980c-85ada14e1a17->6856b686-1c7c-4dc9-8a2c-12464df5d3b9#5-t1, previous=(t:1, i:2), leaderCommit=2, initializing? false, entries: <empty>: org.apache.ratis.thirdparty.io.grpc.StatusRuntimeException: CANCELLED: cancelled before receiving half close
2019-10-09 06:21:47,754 [main] INFO  server.GrpcService (GrpcService.java:closeImpl(172)) - 6856b686-1c7c-4dc9-8a2c-12464df5d3b9: shutdown server with port 35991 successfully
2019-10-09 06:21:47,755 [grpc-default-executor-0] WARN  server.GrpcLogAppender (LogUtils.java:warn(134)) - ed6f6a70-b6f8-4961-980c-85ada14e1a17@group-8111FD1E9AB5->6856b686-1c7c-4dc9-8a2c-12464df5d3b9-AppendLogResponseHandler: Failed appendEntries: org.apache.ratis.thirdparty.io.grpc.StatusRuntimeException: CANCELLED: HTTP/2 error code: CANCEL
Received Rst Stream
2019-10-09 06:21:47,755 [grpc-default-executor-0] INFO  impl.FollowerInfo (FollowerInfo.java:lambda$new$0(51)) - ed6f6a70-b6f8-4961-980c-85ada14e1a17@group-8111FD1E9AB5->6856b686-1c7c-4dc9-8a2c-12464df5d3b9: nextIndex: updateUnconditionally 3 -> 2
2019-10-09 06:21:47,757 [refreshUsed-/workdir/hadoop-ozone/integration-test/target/test-dir/MiniOzoneClusterImpl-5f8fa623-64cf-4f4e-8311-fe7397263f1f/datanode-2/data/containers] WARN  fs.CachingGetSpaceUsed (CachingGetSpaceUsed.java:run(183)) - Thread Interrupted waiting to refresh disk information: sleep interrupted
2019-10-09 06:21:47,780 [main] INFO  utils.BackgroundService (BackgroundService.java:shutdown(151)) - Shutting down service BlockDeletingService
2019-10-09 06:21:47,785 [main] INFO  statemachine.DatanodeStateMachine (DatanodeStateMachine.java:stopDaemon(395)) - Ozone container server stopped.
2019-10-09 06:21:47,787 [main] INFO  handler.ContextHandler (ContextHandler.java:doStop(910)) - Stopped o.e.j.w.WebAppContext@58a84a12{/,null,UNAVAILABLE}{/hddsDatanode}
2019-10-09 06:21:47,789 [main] INFO  server.AbstractConnector (AbstractConnector.java:doStop(318)) - Stopped ServerConnector@e700eba{HTTP/1.1,[http/1.1]}{0.0.0.0:0}
2019-10-09 06:21:47,789 [main] INFO  handler.ContextHandler (ContextHandler.java:doStop(910)) - Stopped o.e.j.s.ServletContextHandler@71179b6f{/static,jar:file:/home/user/.m2/repository/org/apache/hadoop/hadoop-hdds-container-service/0.5.0-SNAPSHOT/hadoop-hdds-container-service-0.5.0-SNAPSHOT.jar!/webapps/static,UNAVAILABLE}
2019-10-09 06:21:47,790 [main] INFO  handler.ContextHandler (ContextHandler.java:doStop(910)) - Stopped o.e.j.s.ServletContextHandler@60743cdb{/logs,file:///workdir/hadoop-ozone/integration-test/target/log,UNAVAILABLE}
2019-10-09 06:21:48,689 [Datanode State Machine Thread - 0] INFO  statemachine.DatanodeStateMachine (DatanodeStateMachine.java:lambda$startDaemon$0(350)) - Ozone container server started.
2019-10-09 06:21:50,072 [grpc-default-executor-5] WARN  server.GrpcLogAppender (LogUtils.java:warn(134)) - ed6f6a70-b6f8-4961-980c-85ada14e1a17@group-8111FD1E9AB5->6856b686-1c7c-4dc9-8a2c-12464df5d3b9-AppendLogResponseHandler: Failed appendEntries: org.apache.ratis.thirdparty.io.grpc.StatusRuntimeException: UNAVAILABLE: io exception
2019-10-09 06:21:50,073 [grpc-default-executor-5] INFO  impl.FollowerInfo (FollowerInfo.java:lambda$new$0(51)) - ed6f6a70-b6f8-4961-980c-85ada14e1a17@group-8111FD1E9AB5->6856b686-1c7c-4dc9-8a2c-12464df5d3b9: nextIndex: updateUnconditionally 2 -> 1
2019-10-09 06:21:52,580 [grpc-default-executor-5] WARN  server.GrpcLogAppender (LogUtils.java:warn(134)) - ed6f6a70-b6f8-4961-980c-85ada14e1a17@group-8111FD1E9AB5->6856b686-1c7c-4dc9-8a2c-12464df5d3b9-AppendLogResponseHandler: Failed appendEntries: org.apache.ratis.thirdparty.io.grpc.StatusRuntimeException: UNAVAILABLE: io exception
2019-10-09 06:21:52,581 [grpc-default-executor-5] INFO  impl.FollowerInfo (FollowerInfo.java:lambda$new$0(51)) - ed6f6a70-b6f8-4961-980c-85ada14e1a17@group-8111FD1E9AB5->6856b686-1c7c-4dc9-8a2c-12464df5d3b9: nextIndex: updateUnconditionally 1 -> 0
2019-10-09 06:21:52,793 [main] INFO  ozoneimpl.OzoneContainer (OzoneContainer.java:stop(227)) - Attempting to stop container services.
2019-10-09 06:21:52,794 [main] INFO  impl.RaftServerProxy (RaftServerProxy.java:lambda$close$4(314)) - 4328684e-b37e-4e01-8f53-68accb045f0f: close
2019-10-09 06:21:52,795 [main] INFO  impl.RaftServerImpl (RaftServerImpl.java:lambda$shutdown$3(247)) - 4328684e-b37e-4e01-8f53-68accb045f0f@group-A25D36E38DF6: shutdown
2019-10-09 06:21:52,795 [main] INFO  util.JmxRegister (JmxRegister.java:unregister(73)) - Successfully un-registered JMX Bean with object name Ratis:service=RaftServer,group=group-A25D36E38DF6,id=4328684e-b37e-4e01-8f53-68accb045f0f
2019-10-09 06:21:52,796 [main] INFO  impl.RoleInfo (RoleInfo.java:shutdownLeaderState(104)) - 4328684e-b37e-4e01-8f53-68accb045f0f: shutdown LeaderState
2019-10-09 06:21:52,796 [main] INFO  impl.PendingRequests (PendingRequests.java:sendNotLeaderResponses(202)) - 4328684e-b37e-4e01-8f53-68accb045f0f@group-A25D36E38DF6-PendingRequests: sendNotLeaderResponses
2019-10-09 06:21:52,797 [main] INFO  impl.StateMachineUpdater (StateMachineUpdater.java:stopAndJoin(136)) - 4328684e-b37e-4e01-8f53-68accb045f0f@group-A25D36E38DF6-StateMachineUpdater: set stopIndex = 0
2019-10-09 06:21:52,798 [main] INFO  impl.RaftServerImpl (ServerState.java:close(387)) - 4328684e-b37e-4e01-8f53-68accb045f0f@group-A25D36E38DF6: closes. applyIndex: 0
2019-10-09 06:21:52,798 [4328684e-b37e-4e01-8f53-68accb045f0f@group-A25D36E38DF6-SegmentedRaftLogWorker] INFO  segmented.SegmentedRaftLogWorker (SegmentedRaftLogWorker.java:run(316)) - 4328684e-b37e-4e01-8f53-68accb045f0f@group-A25D36E38DF6-SegmentedRaftLogWorker was interrupted, exiting. There are 0 tasks remaining in the queue.
2019-10-09 06:21:52,803 [main] INFO  segmented.SegmentedRaftLogWorker (SegmentedRaftLogWorker.java:close(224)) - 4328684e-b37e-4e01-8f53-68accb045f0f@group-A25D36E38DF6-SegmentedRaftLogWorker close()
2019-10-09 06:21:52,808 [main] INFO  impl.RaftServerImpl (RaftServerImpl.java:lambda$shutdown$3(247)) - 4328684e-b37e-4e01-8f53-68accb045f0f@group-8111FD1E9AB5: shutdown
2019-10-09 06:21:52,808 [main] INFO  util.JmxRegister (JmxRegister.java:unregister(73)) - Successfully un-registered JMX Bean with object name Ratis:service=RaftServer,group=group-8111FD1E9AB5,id=4328684e-b37e-4e01-8f53-68accb045f0f
2019-10-09 06:21:52,808 [main] INFO  impl.RoleInfo (RoleInfo.java:shutdownFollowerState(121)) - 4328684e-b37e-4e01-8f53-68accb045f0f: shutdown FollowerState
2019-10-09 06:21:52,808 [main] INFO  impl.StateMachineUpdater (StateMachineUpdater.java:stopAndJoin(136)) - 4328684e-b37e-4e01-8f53-68accb045f0f@group-8111FD1E9AB5-StateMachineUpdater: set stopIndex = 2
2019-10-09 06:21:52,809 [4328684e-b37e-4e01-8f53-68accb045f0f@group-8111FD1E9AB5-StateMachineUpdater] INFO  ratis.ContainerStateMachine (ContainerStateMachine.java:takeSnapshot(294)) - group-8111FD1E9AB5: Taking a snapshot at:(t:1, i:1) file /workdir/hadoop-ozone/integration-test/target/test-dir/MiniOzoneClusterImpl-5f8fa623-64cf-4f4e-8311-fe7397263f1f/datanode-0/data/ratis/256c3b59-8864-40b7-8cea-8111fd1e9ab5/sm/snapshot.1_1
2019-10-09 06:21:52,809 [Thread-1478] INFO  impl.FollowerState (FollowerState.java:run(117)) - 4328684e-b37e-4e01-8f53-68accb045f0f@group-8111FD1E9AB5-FollowerState was interrupted: java.lang.InterruptedException: sleep interrupted
2019-10-09 06:21:52,818 [4328684e-b37e-4e01-8f53-68accb045f0f@group-8111FD1E9AB5-StateMachineUpdater] INFO  ratis.ContainerStateMachine (ContainerStateMachine.java:takeSnapshot(305)) - group-8111FD1E9AB5: Finished taking a snapshot at:(t:1, i:1) file:/workdir/hadoop-ozone/integration-test/target/test-dir/MiniOzoneClusterImpl-5f8fa623-64cf-4f4e-8311-fe7397263f1f/datanode-0/data/ratis/256c3b59-8864-40b7-8cea-8111fd1e9ab5/sm/snapshot.1_1 time:9
2019-10-09 06:21:52,818 [4328684e-b37e-4e01-8f53-68accb045f0f@group-8111FD1E9AB5-StateMachineUpdater] INFO  impl.StateMachineUpdater (StateMachineUpdater.java:takeSnapshot(269)) - 4328684e-b37e-4e01-8f53-68accb045f0f@group-8111FD1E9AB5-StateMachineUpdater: Took a snapshot at index 1
2019-10-09 06:21:52,818 [4328684e-b37e-4e01-8f53-68accb045f0f@group-8111FD1E9AB5-StateMachineUpdater] INFO  impl.StateMachineUpdater (StateMachineUpdater.java:lambda$new$0(84)) - 4328684e-b37e-4e01-8f53-68accb045f0f@group-8111FD1E9AB5-StateMachineUpdater: snapshotIndex: updateIncreasingly -1 -> 1
2019-10-09 06:21:52,819 [4328684e-b37e-4e01-8f53-68accb045f0f@group-8111FD1E9AB5-StateMachineUpdater] INFO  ratis.ContainerStateMachine (ContainerStateMachine.java:takeSnapshot(294)) - group-8111FD1E9AB5: Taking a snapshot at:(t:1, i:1) file /workdir/hadoop-ozone/integration-test/target/test-dir/MiniOzoneClusterImpl-5f8fa623-64cf-4f4e-8311-fe7397263f1f/datanode-0/data/ratis/256c3b59-8864-40b7-8cea-8111fd1e9ab5/sm/snapshot.1_1
2019-10-09 06:21:52,831 [4328684e-b37e-4e01-8f53-68accb045f0f@group-8111FD1E9AB5-StateMachineUpdater] INFO  ratis.ContainerStateMachine (ContainerStateMachine.java:takeSnapshot(305)) - group-8111FD1E9AB5: Finished taking a snapshot at:(t:1, i:1) file:/workdir/hadoop-ozone/integration-test/target/test-dir/MiniOzoneClusterImpl-5f8fa623-64cf-4f4e-8311-fe7397263f1f/datanode-0/data/ratis/256c3b59-8864-40b7-8cea-8111fd1e9ab5/sm/snapshot.1_1 time:12
2019-10-09 06:21:52,831 [4328684e-b37e-4e01-8f53-68accb045f0f@group-8111FD1E9AB5-StateMachineUpdater] INFO  impl.StateMachineUpdater (StateMachineUpdater.java:takeSnapshot(269)) - 4328684e-b37e-4e01-8f53-68accb045f0f@group-8111FD1E9AB5-StateMachineUpdater: Took a snapshot at index 1
2019-10-09 06:21:52,831 [4328684e-b37e-4e01-8f53-68accb045f0f@group-8111FD1E9AB5-StateMachineUpdater] INFO  impl.StateMachineUpdater (StateMachineUpdater.java:lambda$new$0(84)) - 4328684e-b37e-4e01-8f53-68accb045f0f@group-8111FD1E9AB5-StateMachineUpdater: snapshotIndex: updateIncreasingly 1 -> 1
2019-10-09 06:21:52,832 [main] INFO  impl.RaftServerImpl (ServerState.java:close(387)) - 4328684e-b37e-4e01-8f53-68accb045f0f@group-8111FD1E9AB5: closes. applyIndex: 2
2019-10-09 06:21:52,832 [4328684e-b37e-4e01-8f53-68accb045f0f@group-8111FD1E9AB5-SegmentedRaftLogWorker] INFO  segmented.SegmentedRaftLogWorker (SegmentedRaftLogWorker.java:run(316)) - 4328684e-b37e-4e01-8f53-68accb045f0f@group-8111FD1E9AB5-SegmentedRaftLogWorker was interrupted, exiting. There are 0 tasks remaining in the queue.
2019-10-09 06:21:52,835 [main] INFO  segmented.SegmentedRaftLogWorker (SegmentedRaftLogWorker.java:close(224)) - 4328684e-b37e-4e01-8f53-68accb045f0f@group-8111FD1E9AB5-SegmentedRaftLogWorker close()
2019-10-09 06:21:52,840 [main] INFO  server.GrpcService (GrpcService.java:closeImpl(164)) - 4328684e-b37e-4e01-8f53-68accb045f0f: shutdown server with port 34122 now
2019-10-09 06:21:52,841 [grpc-default-executor-0] WARN  server.GrpcServerProtocolService (LogUtils.java:warn(134)) - 4328684e-b37e-4e01-8f53-68accb045f0f: installSnapshot onError, lastRequest: ed6f6a70-b6f8-4961-980c-85ada14e1a17->4328684e-b37e-4e01-8f53-68accb045f0f#7-t1, previous=(t:1, i:2), leaderCommit=2, initializing? false, entries: <empty>: org.apache.ratis.thirdparty.io.grpc.StatusRuntimeException: CANCELLED: cancelled before receiving half close
2019-10-09 06:21:52,841 [grpc-default-executor-5] WARN  server.GrpcLogAppender (LogUtils.java:warn(134)) - ed6f6a70-b6f8-4961-980c-85ada14e1a17@group-8111FD1E9AB5->4328684e-b37e-4e01-8f53-68accb045f0f-AppendLogResponseHandler: Failed appendEntries: org.apache.ratis.thirdparty.io.grpc.StatusRuntimeException: CANCELLED: HTTP/2 error code: CANCEL
Received Rst Stream
2019-10-09 06:21:52,841 [main] INFO  server.GrpcService (GrpcService.java:closeImpl(172)) - 4328684e-b37e-4e01-8f53-68accb045f0f: shutdown server with port 34122 successfully
2019-10-09 06:21:52,841 [grpc-default-executor-5] INFO  impl.FollowerInfo (FollowerInfo.java:lambda$new$0(51)) - ed6f6a70-b6f8-4961-980c-85ada14e1a17@group-8111FD1E9AB5->4328684e-b37e-4e01-8f53-68accb045f0f: nextIndex: updateUnconditionally 3 -> 2
2019-10-09 06:21:52,843 [refreshUsed-/workdir/hadoop-ozone/integration-test/target/test-dir/MiniOzoneClusterImpl-5f8fa623-64cf-4f4e-8311-fe7397263f1f/datanode-0/data/containers] WARN  fs.CachingGetSpaceUsed (CachingGetSpaceUsed.java:run(183)) - Thread Interrupted waiting to refresh disk information: sleep interrupted
2019-10-09 06:21:52,857 [main] INFO  utils.BackgroundService (BackgroundService.java:shutdown(151)) - Shutting down service BlockDeletingService
2019-10-09 06:21:52,867 [main] INFO  statemachine.DatanodeStateMachine (DatanodeStateMachine.java:stopDaemon(395)) - Ozone container server stopped.
2019-10-09 06:21:52,869 [main] INFO  handler.ContextHandler (ContextHandler.java:doStop(910)) - Stopped o.e.j.w.WebAppContext@746c411c{/,null,UNAVAILABLE}{/hddsDatanode}
2019-10-09 06:21:52,872 [main] INFO  server.AbstractConnector (AbstractConnector.java:doStop(318)) - Stopped ServerConnector@43ecfeb5{HTTP/1.1,[http/1.1]}{0.0.0.0:0}
2019-10-09 06:21:52,873 [main] INFO  handler.ContextHandler (ContextHandler.java:doStop(910)) - Stopped o.e.j.s.ServletContextHandler@183ade54{/static,jar:file:/home/user/.m2/repository/org/apache/hadoop/hadoop-hdds-container-service/0.5.0-SNAPSHOT/hadoop-hdds-container-service-0.5.0-SNAPSHOT.jar!/webapps/static,UNAVAILABLE}
2019-10-09 06:21:52,874 [main] INFO  handler.ContextHandler (ContextHandler.java:doStop(910)) - Stopped o.e.j.s.ServletContextHandler@707ca986{/logs,file:///workdir/hadoop-ozone/integration-test/target/log,UNAVAILABLE}
2019-10-09 06:21:55,079 [grpc-default-executor-0] WARN  server.GrpcLogAppender (LogUtils.java:warn(134)) - ed6f6a70-b6f8-4961-980c-85ada14e1a17@group-8111FD1E9AB5->6856b686-1c7c-4dc9-8a2c-12464df5d3b9-AppendLogResponseHandler: Failed appendEntries: org.apache.ratis.thirdparty.io.grpc.StatusRuntimeException: UNAVAILABLE: io exception
2019-10-09 06:21:55,079 [grpc-default-executor-5] WARN  server.GrpcLogAppender (LogUtils.java:warn(134)) - ed6f6a70-b6f8-4961-980c-85ada14e1a17@group-8111FD1E9AB5->4328684e-b37e-4e01-8f53-68accb045f0f-AppendLogResponseHandler: Failed appendEntries: org.apache.ratis.thirdparty.io.grpc.StatusRuntimeException: UNAVAILABLE: io exception
2019-10-09 06:21:55,080 [grpc-default-executor-0] INFO  impl.FollowerInfo (FollowerInfo.java:lambda$new$0(51)) - ed6f6a70-b6f8-4961-980c-85ada14e1a17@group-8111FD1E9AB5->6856b686-1c7c-4dc9-8a2c-12464df5d3b9: nextIndex: updateUnconditionally 0 -> 0
2019-10-09 06:21:55,080 [grpc-default-executor-5] INFO  impl.FollowerInfo (FollowerInfo.java:lambda$new$0(51)) - ed6f6a70-b6f8-4961-980c-85ada14e1a17@group-8111FD1E9AB5->4328684e-b37e-4e01-8f53-68accb045f0f: nextIndex: updateUnconditionally 2 -> 1
2019-10-09 06:21:57,584 [grpc-default-executor-2] WARN  server.GrpcLogAppender (LogUtils.java:warn(134)) - ed6f6a70-b6f8-4961-980c-85ada14e1a17@group-8111FD1E9AB5->4328684e-b37e-4e01-8f53-68accb045f0f-AppendLogResponseHandler: Failed appendEntries: org.apache.ratis.thirdparty.io.grpc.StatusRuntimeException: UNAVAILABLE: io exception
2019-10-09 06:21:57,585 [grpc-default-executor-6] WARN  server.GrpcLogAppender (LogUtils.java:warn(134)) - ed6f6a70-b6f8-4961-980c-85ada14e1a17@group-8111FD1E9AB5->6856b686-1c7c-4dc9-8a2c-12464df5d3b9-AppendLogResponseHandler: Failed appendEntries: org.apache.ratis.thirdparty.io.grpc.StatusRuntimeException: UNAVAILABLE: io exception
2019-10-09 06:21:57,586 [grpc-default-executor-2] INFO  impl.FollowerInfo (FollowerInfo.java:lambda$new$0(51)) - ed6f6a70-b6f8-4961-980c-85ada14e1a17@group-8111FD1E9AB5->4328684e-b37e-4e01-8f53-68accb045f0f: nextIndex: updateUnconditionally 1 -> 0
2019-10-09 06:21:57,586 [grpc-default-executor-6] INFO  impl.FollowerInfo (FollowerInfo.java:lambda$new$0(51)) - ed6f6a70-b6f8-4961-980c-85ada14e1a17@group-8111FD1E9AB5->6856b686-1c7c-4dc9-8a2c-12464df5d3b9: nextIndex: updateUnconditionally 0 -> 0
2019-10-09 06:22:00,085 [grpc-default-executor-6] WARN  server.GrpcLogAppender (LogUtils.java:warn(134)) - ed6f6a70-b6f8-4961-980c-85ada14e1a17@group-8111FD1E9AB5->6856b686-1c7c-4dc9-8a2c-12464df5d3b9-AppendLogResponseHandler: Failed appendEntries: org.apache.ratis.thirdparty.io.grpc.StatusRuntimeException: UNAVAILABLE: io exception
2019-10-09 06:22:00,085 [grpc-default-executor-2] WARN  server.GrpcLogAppender (LogUtils.java:warn(134)) - ed6f6a70-b6f8-4961-980c-85ada14e1a17@group-8111FD1E9AB5->4328684e-b37e-4e01-8f53-68accb045f0f-AppendLogResponseHandler: Failed appendEntries: org.apache.ratis.thirdparty.io.grpc.StatusRuntimeException: UNAVAILABLE: io exception
2019-10-09 06:22:00,086 [grpc-default-executor-2] INFO  impl.FollowerInfo (FollowerInfo.java:lambda$new$0(51)) - ed6f6a70-b6f8-4961-980c-85ada14e1a17@group-8111FD1E9AB5->4328684e-b37e-4e01-8f53-68accb045f0f: nextIndex: updateUnconditionally 0 -> 0
2019-10-09 06:22:00,086 [grpc-default-executor-6] INFO  impl.FollowerInfo (FollowerInfo.java:lambda$new$0(51)) - ed6f6a70-b6f8-4961-980c-85ada14e1a17@group-8111FD1E9AB5->6856b686-1c7c-4dc9-8a2c-12464df5d3b9: nextIndex: updateUnconditionally 0 -> 0
2019-10-09 06:22:02,586 [grpc-default-executor-2] WARN  server.GrpcLogAppender (LogUtils.java:warn(134)) - ed6f6a70-b6f8-4961-980c-85ada14e1a17@group-8111FD1E9AB5->4328684e-b37e-4e01-8f53-68accb045f0f-AppendLogResponseHandler: Failed appendEntries: org.apache.ratis.thirdparty.io.grpc.StatusRuntimeException: UNAVAILABLE: io exception
2019-10-09 06:22:02,586 [grpc-default-executor-0] WARN  server.GrpcLogAppender (LogUtils.java:warn(134)) - ed6f6a70-b6f8-4961-980c-85ada14e1a17@group-8111FD1E9AB5->6856b686-1c7c-4dc9-8a2c-12464df5d3b9-AppendLogResponseHandler: Failed appendEntries: org.apache.ratis.thirdparty.io.grpc.StatusRuntimeException: UNAVAILABLE: io exception
2019-10-09 06:22:02,586 [grpc-default-executor-2] INFO  impl.FollowerInfo (FollowerInfo.java:lambda$new$0(51)) - ed6f6a70-b6f8-4961-980c-85ada14e1a17@group-8111FD1E9AB5->4328684e-b37e-4e01-8f53-68accb045f0f: nextIndex: updateUnconditionally 0 -> 0
2019-10-09 06:22:02,586 [grpc-default-executor-0] INFO  impl.FollowerInfo (FollowerInfo.java:lambda$new$0(51)) - ed6f6a70-b6f8-4961-980c-85ada14e1a17@group-8111FD1E9AB5->6856b686-1c7c-4dc9-8a2c-12464df5d3b9: nextIndex: updateUnconditionally 0 -> 0
2019-10-09 06:22:03,683 [Thread-1554] INFO  client.GrpcClientProtocolService (GrpcClientProtocolService.java:lambda$processClientRequest$0(278)) - Failed RaftClientRequest:client-73D7DD0DDDF0->ed6f6a70-b6f8-4961-980c-85ada14e1a17@group-8111FD1E9AB5, cid=67, seq=0, Watch-ALL_COMMITTED(46), Message:<EMPTY>, reply=RaftClientReply:client-73D7DD0DDDF0->ed6f6a70-b6f8-4961-980c-85ada14e1a17@group-8111FD1E9AB5, cid=67, FAILED org.apache.ratis.protocol.NotReplicatedException: Request with call Id 67 and log index 46 is not yet replicated to ALL_COMMITTED, logIndex=46, commits[ed6f6a70-b6f8-4961-980c-85ada14e1a17:c2, 6856b686-1c7c-4dc9-8a2c-12464df5d3b9:c2, 4328684e-b37e-4e01-8f53-68accb045f0f:c2]
2019-10-09 06:22:05,091 [grpc-default-executor-0] WARN  server.GrpcLogAppender (LogUtils.java:warn(134)) - ed6f6a70-b6f8-4961-980c-85ada14e1a17@group-8111FD1E9AB5->4328684e-b37e-4e01-8f53-68accb045f0f-AppendLogResponseHandler: Failed appendEntries: org.apache.ratis.thirdparty.io.grpc.StatusRuntimeException: UNAVAILABLE: io exception
2019-10-09 06:22:05,091 [grpc-default-executor-1] WARN  server.GrpcLogAppender (LogUtils.java:warn(134)) - ed6f6a70-b6f8-4961-980c-85ada14e1a17@group-8111FD1E9AB5->6856b686-1c7c-4dc9-8a2c-12464df5d3b9-AppendLogResponseHandler: Failed appendEntries: org.apache.ratis.thirdparty.io.grpc.StatusRuntimeException: UNAVAILABLE: io exception
2019-10-09 06:22:05,096 [grpc-default-executor-0] INFO  impl.FollowerInfo (FollowerInfo.java:lambda$new$0(51)) - ed6f6a70-b6f8-4961-980c-85ada14e1a17@group-8111FD1E9AB5->4328684e-b37e-4e01-8f53-68accb045f0f: nextIndex: updateUnconditionally 0 -> 0
2019-10-09 06:22:05,096 [grpc-default-executor-1] INFO  impl.FollowerInfo (FollowerInfo.java:lambda$new$0(51)) - ed6f6a70-b6f8-4961-980c-85ada14e1a17@group-8111FD1E9AB5->6856b686-1c7c-4dc9-8a2c-12464df5d3b9: nextIndex: updateUnconditionally 0 -> 0
2019-10-09 06:22:07,594 [grpc-default-executor-0] WARN  server.GrpcLogAppender (LogUtils.java:warn(134)) - ed6f6a70-b6f8-4961-980c-85ada14e1a17@group-8111FD1E9AB5->4328684e-b37e-4e01-8f53-68accb045f0f-AppendLogResponseHandler: Failed appendEntries: org.apache.ratis.thirdparty.io.grpc.StatusRuntimeException: UNAVAILABLE: io exception
2019-10-09 06:22:07,594 [grpc-default-executor-1] WARN  server.GrpcLogAppender (LogUtils.java:warn(134)) - ed6f6a70-b6f8-4961-980c-85ada14e1a17@group-8111FD1E9AB5->6856b686-1c7c-4dc9-8a2c-12464df5d3b9-AppendLogResponseHandler: Failed appendEntries: org.apache.ratis.thirdparty.io.grpc.StatusRuntimeException: UNAVAILABLE: io exception
2019-10-09 06:22:07,596 [grpc-default-executor-1] INFO  impl.FollowerInfo (FollowerInfo.java:lambda$new$0(51)) - ed6f6a70-b6f8-4961-980c-85ada14e1a17@group-8111FD1E9AB5->6856b686-1c7c-4dc9-8a2c-12464df5d3b9: nextIndex: updateUnconditionally 0 -> 0
2019-10-09 06:22:07,596 [grpc-default-executor-0] INFO  impl.FollowerInfo (FollowerInfo.java:lambda$new$0(51)) - ed6f6a70-b6f8-4961-980c-85ada14e1a17@group-8111FD1E9AB5->4328684e-b37e-4e01-8f53-68accb045f0f: nextIndex: updateUnconditionally 0 -> 0
2019-10-09 06:22:10,095 [grpc-default-executor-0] WARN  server.GrpcLogAppender (LogUtils.java:warn(134)) - ed6f6a70-b6f8-4961-980c-85ada14e1a17@group-8111FD1E9AB5->6856b686-1c7c-4dc9-8a2c-12464df5d3b9-AppendLogResponseHandler: Failed appendEntries: org.apache.ratis.thirdparty.io.grpc.StatusRuntimeException: UNAVAILABLE: io exception
2019-10-09 06:22:10,095 [grpc-default-executor-1] WARN  server.GrpcLogAppender (LogUtils.java:warn(134)) - ed6f6a70-b6f8-4961-980c-85ada14e1a17@group-8111FD1E9AB5->4328684e-b37e-4e01-8f53-68accb045f0f-AppendLogResponseHandler: Failed appendEntries: org.apache.ratis.thirdparty.io.grpc.StatusRuntimeException: UNAVAILABLE: io exception
2019-10-09 06:22:10,097 [grpc-default-executor-0] INFO  impl.FollowerInfo (FollowerInfo.java:lambda$new$0(51)) - ed6f6a70-b6f8-4961-980c-85ada14e1a17@group-8111FD1E9AB5->6856b686-1c7c-4dc9-8a2c-12464df5d3b9: nextIndex: updateUnconditionally 0 -> 0
2019-10-09 06:22:10,097 [grpc-default-executor-1] INFO  impl.FollowerInfo (FollowerInfo.java:lambda$new$0(51)) - ed6f6a70-b6f8-4961-980c-85ada14e1a17@group-8111FD1E9AB5->4328684e-b37e-4e01-8f53-68accb045f0f: nextIndex: updateUnconditionally 0 -> 0
2019-10-09 06:22:12,599 [grpc-default-executor-0] WARN  server.GrpcLogAppender (LogUtils.java:warn(134)) - ed6f6a70-b6f8-4961-980c-85ada14e1a17@group-8111FD1E9AB5->4328684e-b37e-4e01-8f53-68accb045f0f-AppendLogResponseHandler: Failed appendEntries: org.apache.ratis.thirdparty.io.grpc.StatusRuntimeException: UNAVAILABLE: io exception
2019-10-09 06:22:12,599 [grpc-default-executor-2] WARN  server.GrpcLogAppender (LogUtils.java:warn(134)) - ed6f6a70-b6f8-4961-980c-85ada14e1a17@group-8111FD1E9AB5->6856b686-1c7c-4dc9-8a2c-12464df5d3b9-AppendLogResponseHandler: Failed appendEntries: org.apache.ratis.thirdparty.io.grpc.StatusRuntimeException: UNAVAILABLE: io exception
2019-10-09 06:22:12,601 [grpc-default-executor-2] INFO  impl.FollowerInfo (FollowerInfo.java:lambda$new$0(51)) - ed6f6a70-b6f8-4961-980c-85ada14e1a17@group-8111FD1E9AB5->6856b686-1c7c-4dc9-8a2c-12464df5d3b9: nextIndex: updateUnconditionally 0 -> 0
2019-10-09 06:22:12,601 [grpc-default-executor-0] INFO  impl.FollowerInfo (FollowerInfo.java:lambda$new$0(51)) - ed6f6a70-b6f8-4961-980c-85ada14e1a17@group-8111FD1E9AB5->4328684e-b37e-4e01-8f53-68accb045f0f: nextIndex: updateUnconditionally 0 -> 0
2019-10-09 06:22:12,876 [main] WARN  scm.XceiverClientRatis (XceiverClientRatis.java:watchForCommit(277)) - 3 way commit failed on pipeline Pipeline[ Id: 256c3b59-8864-40b7-8cea-8111fd1e9ab5, Nodes: 6856b686-1c7c-4dc9-8a2c-12464df5d3b9{ip: 192.168.164.215, host: pr-hdds-2269-kpn6k-1406547098, networkLocation: /default-rack, certSerialId: null}4328684e-b37e-4e01-8f53-68accb045f0f{ip: 192.168.164.215, host: pr-hdds-2269-kpn6k-1406547098, networkLocation: /default-rack, certSerialId: null}ed6f6a70-b6f8-4961-980c-85ada14e1a17{ip: 192.168.164.215, host: pr-hdds-2269-kpn6k-1406547098, networkLocation: /default-rack, certSerialId: null}, Type:RATIS, Factor:THREE, State:OPEN]
java.util.concurrent.TimeoutException
	at java.util.concurrent.CompletableFuture.timedGet(CompletableFuture.java:1771)
	at java.util.concurrent.CompletableFuture.get(CompletableFuture.java:1915)
	at org.apache.hadoop.hdds.scm.XceiverClientRatis.watchForCommit(XceiverClientRatis.java:274)
	at org.apache.hadoop.ozone.client.rpc.TestWatchForCommit.testWatchForCommitForRetryfailure(TestWatchForCommit.java:345)
	at sun.reflect.NativeMethodAccessorImpl.invoke0(Native Method)
	at sun.reflect.NativeMethodAccessorImpl.invoke(NativeMethodAccessorImpl.java:62)
	at sun.reflect.DelegatingMethodAccessorImpl.invoke(DelegatingMethodAccessorImpl.java:43)
	at java.lang.reflect.Method.invoke(Method.java:498)
	at org.junit.runners.model.FrameworkMethod$1.runReflectiveCall(FrameworkMethod.java:47)
	at org.junit.internal.runners.model.ReflectiveCallable.run(ReflectiveCallable.java:12)
	at org.junit.runners.model.FrameworkMethod.invokeExplosively(FrameworkMethod.java:44)
	at org.junit.internal.runners.statements.InvokeMethod.evaluate(InvokeMethod.java:17)
	at org.junit.runners.ParentRunner.runLeaf(ParentRunner.java:271)
	at org.junit.runners.BlockJUnit4ClassRunner.runChild(BlockJUnit4ClassRunner.java:70)
	at org.junit.runners.BlockJUnit4ClassRunner.runChild(BlockJUnit4ClassRunner.java:50)
	at org.junit.runners.ParentRunner$3.run(ParentRunner.java:238)
	at org.junit.runners.ParentRunner$1.schedule(ParentRunner.java:63)
	at org.junit.runners.ParentRunner.runChildren(ParentRunner.java:236)
	at org.junit.runners.ParentRunner.access$000(ParentRunner.java:53)
	at org.junit.runners.ParentRunner$2.evaluate(ParentRunner.java:229)
	at org.junit.runners.ParentRunner.run(ParentRunner.java:309)
	at org.apache.maven.surefire.junit4.JUnit4Provider.execute(JUnit4Provider.java:365)
	at org.apache.maven.surefire.junit4.JUnit4Provider.executeWithRerun(JUnit4Provider.java:273)
	at org.apache.maven.surefire.junit4.JUnit4Provider.executeTestSet(JUnit4Provider.java:238)
	at org.apache.maven.surefire.junit4.JUnit4Provider.invoke(JUnit4Provider.java:159)
	at org.apache.maven.surefire.booter.ForkedBooter.invokeProviderInSameClassLoader(ForkedBooter.java:384)
	at org.apache.maven.surefire.booter.ForkedBooter.runSuitesInProcess(ForkedBooter.java:345)
	at org.apache.maven.surefire.booter.ForkedBooter.execute(ForkedBooter.java:126)
	at org.apache.maven.surefire.booter.ForkedBooter.main(ForkedBooter.java:418)
2019-10-09 06:22:14,683 [Thread-1573] INFO  client.GrpcClientProtocolService (GrpcClientProtocolService.java:lambda$processClientRequest$0(278)) - Failed RaftClientRequest:client-73D7DD0DDDF0->ed6f6a70-b6f8-4961-980c-85ada14e1a17@group-8111FD1E9AB5, cid=67, seq=0, Watch-ALL_COMMITTED(46), Message:<EMPTY>, reply=RaftClientReply:client-73D7DD0DDDF0->ed6f6a70-b6f8-4961-980c-85ada14e1a17@group-8111FD1E9AB5, cid=67, FAILED org.apache.ratis.protocol.NotReplicatedException: Request with call Id 67 and log index 46 is not yet replicated to ALL_COMMITTED, logIndex=46, commits[ed6f6a70-b6f8-4961-980c-85ada14e1a17:c2, 6856b686-1c7c-4dc9-8a2c-12464df5d3b9:c2, 4328684e-b37e-4e01-8f53-68accb045f0f:c2]
2019-10-09 06:22:15,097 [grpc-default-executor-0] WARN  server.GrpcLogAppender (LogUtils.java:warn(134)) - ed6f6a70-b6f8-4961-980c-85ada14e1a17@group-8111FD1E9AB5->4328684e-b37e-4e01-8f53-68accb045f0f-AppendLogResponseHandler: Failed appendEntries: org.apache.ratis.thirdparty.io.grpc.StatusRuntimeException: UNAVAILABLE: io exception
2019-10-09 06:22:15,099 [grpc-default-executor-1] WARN  server.GrpcLogAppender (LogUtils.java:warn(134)) - ed6f6a70-b6f8-4961-980c-85ada14e1a17@group-8111FD1E9AB5->6856b686-1c7c-4dc9-8a2c-12464df5d3b9-AppendLogResponseHandler: Failed appendEntries: org.apache.ratis.thirdparty.io.grpc.StatusRuntimeException: UNAVAILABLE: io exception
2019-10-09 06:22:15,101 [grpc-default-executor-0] INFO  impl.FollowerInfo (FollowerInfo.java:lambda$new$0(51)) - ed6f6a70-b6f8-4961-980c-85ada14e1a17@group-8111FD1E9AB5->4328684e-b37e-4e01-8f53-68accb045f0f: nextIndex: updateUnconditionally 0 -> 0
2019-10-09 06:22:15,101 [grpc-default-executor-1] INFO  impl.FollowerInfo (FollowerInfo.java:lambda$new$0(51)) - ed6f6a70-b6f8-4961-980c-85ada14e1a17@group-8111FD1E9AB5->6856b686-1c7c-4dc9-8a2c-12464df5d3b9: nextIndex: updateUnconditionally 0 -> 0
2019-10-09 06:22:17,598 [grpc-default-executor-0] WARN  server.GrpcLogAppender (LogUtils.java:warn(134)) - ed6f6a70-b6f8-4961-980c-85ada14e1a17@group-8111FD1E9AB5->4328684e-b37e-4e01-8f53-68accb045f0f-AppendLogResponseHandler: Failed appendEntries: org.apache.ratis.thirdparty.io.grpc.StatusRuntimeException: UNAVAILABLE: io exception
2019-10-09 06:22:17,598 [grpc-default-executor-1] WARN  server.GrpcLogAppender (LogUtils.java:warn(134)) - ed6f6a70-b6f8-4961-980c-85ada14e1a17@group-8111FD1E9AB5->6856b686-1c7c-4dc9-8a2c-12464df5d3b9-AppendLogResponseHandler: Failed appendEntries: org.apache.ratis.thirdparty.io.grpc.StatusRuntimeException: UNAVAILABLE: io exception
2019-10-09 06:22:17,598 [grpc-default-executor-0] INFO  impl.FollowerInfo (FollowerInfo.java:lambda$new$0(51)) - ed6f6a70-b6f8-4961-980c-85ada14e1a17@group-8111FD1E9AB5->4328684e-b37e-4e01-8f53-68accb045f0f: nextIndex: updateUnconditionally 0 -> 0
2019-10-09 06:22:17,598 [grpc-default-executor-1] INFO  impl.FollowerInfo (FollowerInfo.java:lambda$new$0(51)) - ed6f6a70-b6f8-4961-980c-85ada14e1a17@group-8111FD1E9AB5->6856b686-1c7c-4dc9-8a2c-12464df5d3b9: nextIndex: updateUnconditionally 0 -> 0
2019-10-09 06:22:20,098 [grpc-default-executor-1] WARN  server.GrpcLogAppender (LogUtils.java:warn(134)) - ed6f6a70-b6f8-4961-980c-85ada14e1a17@group-8111FD1E9AB5->6856b686-1c7c-4dc9-8a2c-12464df5d3b9-AppendLogResponseHandler: Failed appendEntries: org.apache.ratis.thirdparty.io.grpc.StatusRuntimeException: UNAVAILABLE: io exception
2019-10-09 06:22:20,098 [grpc-default-executor-5] WARN  server.GrpcLogAppender (LogUtils.java:warn(134)) - ed6f6a70-b6f8-4961-980c-85ada14e1a17@group-8111FD1E9AB5->4328684e-b37e-4e01-8f53-68accb045f0f-AppendLogResponseHandler: Failed appendEntries: org.apache.ratis.thirdparty.io.grpc.StatusRuntimeException: UNAVAILABLE: io exception
2019-10-09 06:22:20,098 [grpc-default-executor-1] INFO  impl.FollowerInfo (FollowerInfo.java:lambda$new$0(51)) - ed6f6a70-b6f8-4961-980c-85ada14e1a17@group-8111FD1E9AB5->6856b686-1c7c-4dc9-8a2c-12464df5d3b9: nextIndex: updateUnconditionally 0 -> 0
2019-10-09 06:22:20,098 [grpc-default-executor-5] INFO  impl.FollowerInfo (FollowerInfo.java:lambda$new$0(51)) - ed6f6a70-b6f8-4961-980c-85ada14e1a17@group-8111FD1E9AB5->4328684e-b37e-4e01-8f53-68accb045f0f: nextIndex: updateUnconditionally 0 -> 0
2019-10-09 06:22:22,598 [grpc-default-executor-6] WARN  server.GrpcLogAppender (LogUtils.java:warn(134)) - ed6f6a70-b6f8-4961-980c-85ada14e1a17@group-8111FD1E9AB5->4328684e-b37e-4e01-8f53-68accb045f0f-AppendLogResponseHandler: Failed appendEntries: org.apache.ratis.thirdparty.io.grpc.StatusRuntimeException: UNAVAILABLE: io exception
2019-10-09 06:22:22,598 [grpc-default-executor-5] WARN  server.GrpcLogAppender (LogUtils.java:warn(134)) - ed6f6a70-b6f8-4961-980c-85ada14e1a17@group-8111FD1E9AB5->6856b686-1c7c-4dc9-8a2c-12464df5d3b9-AppendLogResponseHandler: Failed appendEntries: org.apache.ratis.thirdparty.io.grpc.StatusRuntimeException: UNAVAILABLE: io exception
2019-10-09 06:22:22,599 [grpc-default-executor-6] INFO  impl.FollowerInfo (FollowerInfo.java:lambda$new$0(51)) - ed6f6a70-b6f8-4961-980c-85ada14e1a17@group-8111FD1E9AB5->4328684e-b37e-4e01-8f53-68accb045f0f: nextIndex: updateUnconditionally 0 -> 0
2019-10-09 06:22:22,599 [grpc-default-executor-5] INFO  impl.FollowerInfo (FollowerInfo.java:lambda$new$0(51)) - ed6f6a70-b6f8-4961-980c-85ada14e1a17@group-8111FD1E9AB5->6856b686-1c7c-4dc9-8a2c-12464df5d3b9: nextIndex: updateUnconditionally 0 -> 0
2019-10-09 06:22:25,104 [grpc-default-executor-6] WARN  server.GrpcLogAppender (LogUtils.java:warn(134)) - ed6f6a70-b6f8-4961-980c-85ada14e1a17@group-8111FD1E9AB5->4328684e-b37e-4e01-8f53-68accb045f0f-AppendLogResponseHandler: Failed appendEntries: org.apache.ratis.thirdparty.io.grpc.StatusRuntimeException: UNAVAILABLE: io exception
2019-10-09 06:22:25,104 [grpc-default-executor-1] WARN  server.GrpcLogAppender (LogUtils.java:warn(134)) - ed6f6a70-b6f8-4961-980c-85ada14e1a17@group-8111FD1E9AB5->6856b686-1c7c-4dc9-8a2c-12464df5d3b9-AppendLogResponseHandler: Failed appendEntries: org.apache.ratis.thirdparty.io.grpc.StatusRuntimeException: UNAVAILABLE: io exception
2019-10-09 06:22:25,105 [grpc-default-executor-1] INFO  impl.FollowerInfo (FollowerInfo.java:lambda$new$0(51)) - ed6f6a70-b6f8-4961-980c-85ada14e1a17@group-8111FD1E9AB5->6856b686-1c7c-4dc9-8a2c-12464df5d3b9: nextIndex: updateUnconditionally 0 -> 0
2019-10-09 06:22:25,105 [grpc-default-executor-6] INFO  impl.FollowerInfo (FollowerInfo.java:lambda$new$0(51)) - ed6f6a70-b6f8-4961-980c-85ada14e1a17@group-8111FD1E9AB5->4328684e-b37e-4e01-8f53-68accb045f0f: nextIndex: updateUnconditionally 0 -> 0
2019-10-09 06:22:27,604 [grpc-default-executor-0] WARN  server.GrpcLogAppender (LogUtils.java:warn(134)) - ed6f6a70-b6f8-4961-980c-85ada14e1a17@group-8111FD1E9AB5->4328684e-b37e-4e01-8f53-68accb045f0f-AppendLogResponseHandler: Failed appendEntries: org.apache.ratis.thirdparty.io.grpc.StatusRuntimeException: UNAVAILABLE: io exception
2019-10-09 06:22:27,604 [grpc-default-executor-1] WARN  server.GrpcLogAppender (LogUtils.java:warn(134)) - ed6f6a70-b6f8-4961-980c-85ada14e1a17@group-8111FD1E9AB5->6856b686-1c7c-4dc9-8a2c-12464df5d3b9-AppendLogResponseHandler: Failed appendEntries: org.apache.ratis.thirdparty.io.grpc.StatusRuntimeException: UNAVAILABLE: io exception
2019-10-09 06:22:27,605 [grpc-default-executor-0] INFO  impl.FollowerInfo (FollowerInfo.java:lambda$new$0(51)) - ed6f6a70-b6f8-4961-980c-85ada14e1a17@group-8111FD1E9AB5->4328684e-b37e-4e01-8f53-68accb045f0f: nextIndex: updateUnconditionally 0 -> 0
2019-10-09 06:22:27,605 [grpc-default-executor-1] INFO  impl.FollowerInfo (FollowerInfo.java:lambda$new$0(51)) - ed6f6a70-b6f8-4961-980c-85ada14e1a17@group-8111FD1E9AB5->6856b686-1c7c-4dc9-8a2c-12464df5d3b9: nextIndex: updateUnconditionally 0 -> 0
2019-10-09 06:22:27,683 [Thread-1601] INFO  client.GrpcClientProtocolService (GrpcClientProtocolService.java:lambda$processClientRequest$0(278)) - Failed RaftClientRequest:client-73D7DD0DDDF0->ed6f6a70-b6f8-4961-980c-85ada14e1a17@group-8111FD1E9AB5, cid=67, seq=0, Watch-ALL_COMMITTED(46), Message:<EMPTY>, reply=RaftClientReply:client-73D7DD0DDDF0->ed6f6a70-b6f8-4961-980c-85ada14e1a17@group-8111FD1E9AB5, cid=67, FAILED org.apache.ratis.protocol.NotReplicatedException: Request with call Id 67 and log index 46 is not yet replicated to ALL_COMMITTED, logIndex=46, commits[ed6f6a70-b6f8-4961-980c-85ada14e1a17:c2, 6856b686-1c7c-4dc9-8a2c-12464df5d3b9:c2, 4328684e-b37e-4e01-8f53-68accb045f0f:c2]
2019-10-09 06:22:27,690 [Thread-1602] INFO  client.GrpcClientProtocolService (GrpcClientProtocolService.java:lambda$processClientRequest$0(278)) - Failed RaftClientRequest:client-73D7DD0DDDF0->ed6f6a70-b6f8-4961-980c-85ada14e1a17@group-8111FD1E9AB5, cid=68, seq=0, Watch-MAJORITY_COMMITTED(46), Message:<EMPTY>, reply=RaftClientReply:client-73D7DD0DDDF0->ed6f6a70-b6f8-4961-980c-85ada14e1a17@group-8111FD1E9AB5, cid=68, FAILED org.apache.ratis.protocol.NotReplicatedException: Request with call Id 68 and log index 46 is not yet replicated to MAJORITY_COMMITTED, logIndex=46, commits[ed6f6a70-b6f8-4961-980c-85ada14e1a17:c2, 6856b686-1c7c-4dc9-8a2c-12464df5d3b9:c2, 4328684e-b37e-4e01-8f53-68accb045f0f:c2]
2019-10-09 06:22:30,105 [grpc-default-executor-1] WARN  server.GrpcLogAppender (LogUtils.java:warn(134)) - ed6f6a70-b6f8-4961-980c-85ada14e1a17@group-8111FD1E9AB5->4328684e-b37e-4e01-8f53-68accb045f0f-AppendLogResponseHandler: Failed appendEntries: org.apache.ratis.thirdparty.io.grpc.StatusRuntimeException: UNAVAILABLE: io exception
2019-10-09 06:22:30,105 [grpc-default-executor-6] WARN  server.GrpcLogAppender (LogUtils.java:warn(134)) - ed6f6a70-b6f8-4961-980c-85ada14e1a17@group-8111FD1E9AB5->6856b686-1c7c-4dc9-8a2c-12464df5d3b9-AppendLogResponseHandler: Failed appendEntries: org.apache.ratis.thirdparty.io.grpc.StatusRuntimeException: UNAVAILABLE: io exception
2019-10-09 06:22:30,111 [grpc-default-executor-6] INFO  impl.FollowerInfo (FollowerInfo.java:lambda$new$0(51)) - ed6f6a70-b6f8-4961-980c-85ada14e1a17@group-8111FD1E9AB5->6856b686-1c7c-4dc9-8a2c-12464df5d3b9: nextIndex: updateUnconditionally 0 -> 0
2019-10-09 06:22:30,111 [grpc-default-executor-1] INFO  impl.FollowerInfo (FollowerInfo.java:lambda$new$0(51)) - ed6f6a70-b6f8-4961-980c-85ada14e1a17@group-8111FD1E9AB5->4328684e-b37e-4e01-8f53-68accb045f0f: nextIndex: updateUnconditionally 0 -> 0
2019-10-09 06:22:32,608 [grpc-default-executor-5] WARN  server.GrpcLogAppender (LogUtils.java:warn(134)) - ed6f6a70-b6f8-4961-980c-85ada14e1a17@group-8111FD1E9AB5->6856b686-1c7c-4dc9-8a2c-12464df5d3b9-AppendLogResponseHandler: Failed appendEntries: org.apache.ratis.thirdparty.io.grpc.StatusRuntimeException: UNAVAILABLE: io exception
2019-10-09 06:22:32,608 [grpc-default-executor-6] WARN  server.GrpcLogAppender (LogUtils.java:warn(134)) - ed6f6a70-b6f8-4961-980c-85ada14e1a17@group-8111FD1E9AB5->4328684e-b37e-4e01-8f53-68accb045f0f-AppendLogResponseHandler: Failed appendEntries: org.apache.ratis.thirdparty.io.grpc.StatusRuntimeException: UNAVAILABLE: io exception
2019-10-09 06:22:32,609 [grpc-default-executor-5] INFO  impl.FollowerInfo (FollowerInfo.java:lambda$new$0(51)) - ed6f6a70-b6f8-4961-980c-85ada14e1a17@group-8111FD1E9AB5->6856b686-1c7c-4dc9-8a2c-12464df5d3b9: nextIndex: updateUnconditionally 0 -> 0
2019-10-09 06:22:32,609 [grpc-default-executor-6] INFO  impl.FollowerInfo (FollowerInfo.java:lambda$new$0(51)) - ed6f6a70-b6f8-4961-980c-85ada14e1a17@group-8111FD1E9AB5->4328684e-b37e-4e01-8f53-68accb045f0f: nextIndex: updateUnconditionally 0 -> 0
]]></system-out>
    <system-err><![CDATA[Oct 09, 2019 6:21:37 AM org.apache.ratis.thirdparty.io.grpc.internal.ManagedChannelOrphanWrapper$ManagedChannelReference cleanQueue
SEVERE: *~*~*~ Channel ManagedChannelImpl{logId=1589, target=192.168.164.215:44054} was not shutdown properly!!! ~*~*~*
    Make sure to call shutdown()/shutdownNow() and wait until awaitTermination() returns true.
java.lang.RuntimeException: ManagedChannel allocation site
	at org.apache.ratis.thirdparty.io.grpc.internal.ManagedChannelOrphanWrapper$ManagedChannelReference.<init>(ManagedChannelOrphanWrapper.java:103)
	at org.apache.ratis.thirdparty.io.grpc.internal.ManagedChannelOrphanWrapper.<init>(ManagedChannelOrphanWrapper.java:53)
	at org.apache.ratis.thirdparty.io.grpc.internal.ManagedChannelOrphanWrapper.<init>(ManagedChannelOrphanWrapper.java:44)
	at org.apache.ratis.thirdparty.io.grpc.internal.AbstractManagedChannelImplBuilder.build(AbstractManagedChannelImplBuilder.java:411)
	at org.apache.ratis.grpc.client.GrpcClientProtocolClient.<init>(GrpcClientProtocolClient.java:128)
	at org.apache.ratis.grpc.client.GrpcClientRpc.lambda$new$0(GrpcClientRpc.java:55)
	at org.apache.ratis.util.PeerProxyMap$PeerAndProxy.lambda$getProxy$0(PeerProxyMap.java:61)
	at org.apache.ratis.util.LifeCycle.startAndTransition(LifeCycle.java:202)
	at org.apache.ratis.util.PeerProxyMap$PeerAndProxy.getProxy(PeerProxyMap.java:60)
	at org.apache.ratis.util.PeerProxyMap.getProxy(PeerProxyMap.java:108)
	at org.apache.ratis.grpc.client.GrpcClientRpc.sendRequestAsyncUnordered(GrpcClientRpc.java:78)
	at org.apache.ratis.client.impl.UnorderedAsync.sendRequestWithRetry(UnorderedAsync.java:75)
	at org.apache.ratis.client.impl.UnorderedAsync.lambda$null$2(UnorderedAsync.java:120)
	at org.apache.ratis.util.TimeoutScheduler.lambda$onTimeout$0(TimeoutScheduler.java:113)
	at org.apache.ratis.util.TimeoutScheduler.lambda$onTimeout$1(TimeoutScheduler.java:133)
	at org.apache.ratis.util.LogUtils.runAndLog(LogUtils.java:50)
	at org.apache.ratis.util.LogUtils$1.run(LogUtils.java:91)
	at java.util.concurrent.Executors$RunnableAdapter.call(Executors.java:511)
	at java.util.concurrent.FutureTask.run(FutureTask.java:266)
	at java.util.concurrent.ScheduledThreadPoolExecutor$ScheduledFutureTask.access$201(ScheduledThreadPoolExecutor.java:180)
	at java.util.concurrent.ScheduledThreadPoolExecutor$ScheduledFutureTask.run(ScheduledThreadPoolExecutor.java:293)
	at java.util.concurrent.ThreadPoolExecutor.runWorker(ThreadPoolExecutor.java:1149)
	at java.util.concurrent.ThreadPoolExecutor$Worker.run(ThreadPoolExecutor.java:624)
	at java.lang.Thread.run(Thread.java:748)

Oct 09, 2019 6:21:47 AM org.apache.ratis.thirdparty.io.grpc.internal.SerializingExecutor run
SEVERE: Exception while executing runnable org.apache.ratis.thirdparty.io.grpc.internal.ServerImpl$JumpToApplicationThreadServerStreamListener$1Closed@596c4589
org.apache.ratis.thirdparty.io.grpc.StatusRuntimeException: CANCELLED: call already cancelled
	at org.apache.ratis.thirdparty.io.grpc.Status.asRuntimeException(Status.java:517)
	at org.apache.ratis.thirdparty.io.grpc.stub.ServerCalls$ServerCallStreamObserverImpl.onCompleted(ServerCalls.java:356)
	at org.apache.ratis.grpc.server.GrpcServerProtocolService$ServerRequestStreamObserver.onError(GrpcServerProtocolService.java:121)
	at org.apache.ratis.thirdparty.io.grpc.stub.ServerCalls$StreamingServerCallHandler$StreamingServerCallListener.onCancel(ServerCalls.java:269)
	at org.apache.ratis.thirdparty.io.grpc.internal.ServerCallImpl$ServerStreamListenerImpl.closed(ServerCallImpl.java:293)
	at org.apache.ratis.thirdparty.io.grpc.internal.ServerImpl$JumpToApplicationThreadServerStreamListener$1Closed.runInContext(ServerImpl.java:741)
	at org.apache.ratis.thirdparty.io.grpc.internal.ContextRunnable.run(ContextRunnable.java:37)
	at org.apache.ratis.thirdparty.io.grpc.internal.SerializingExecutor.run(SerializingExecutor.java:123)
	at java.util.concurrent.ThreadPoolExecutor.runWorker(ThreadPoolExecutor.java:1149)
	at java.util.concurrent.ThreadPoolExecutor$Worker.run(ThreadPoolExecutor.java:624)
	at java.lang.Thread.run(Thread.java:748)

Oct 09, 2019 6:21:52 AM org.apache.ratis.thirdparty.io.grpc.internal.SerializingExecutor run
SEVERE: Exception while executing runnable org.apache.ratis.thirdparty.io.grpc.internal.ServerImpl$JumpToApplicationThreadServerStreamListener$1Closed@107f45ce
org.apache.ratis.thirdparty.io.grpc.StatusRuntimeException: CANCELLED: call already cancelled
	at org.apache.ratis.thirdparty.io.grpc.Status.asRuntimeException(Status.java:517)
	at org.apache.ratis.thirdparty.io.grpc.stub.ServerCalls$ServerCallStreamObserverImpl.onCompleted(ServerCalls.java:356)
	at org.apache.ratis.grpc.server.GrpcServerProtocolService$ServerRequestStreamObserver.onError(GrpcServerProtocolService.java:121)
	at org.apache.ratis.thirdparty.io.grpc.stub.ServerCalls$StreamingServerCallHandler$StreamingServerCallListener.onCancel(ServerCalls.java:269)
	at org.apache.ratis.thirdparty.io.grpc.internal.ServerCallImpl$ServerStreamListenerImpl.closed(ServerCallImpl.java:293)
	at org.apache.ratis.thirdparty.io.grpc.internal.ServerImpl$JumpToApplicationThreadServerStreamListener$1Closed.runInContext(ServerImpl.java:741)
	at org.apache.ratis.thirdparty.io.grpc.internal.ContextRunnable.run(ContextRunnable.java:37)
	at org.apache.ratis.thirdparty.io.grpc.internal.SerializingExecutor.run(SerializingExecutor.java:123)
	at java.util.concurrent.ThreadPoolExecutor.runWorker(ThreadPoolExecutor.java:1149)
	at java.util.concurrent.ThreadPoolExecutor$Worker.run(ThreadPoolExecutor.java:624)
	at java.lang.Thread.run(Thread.java:748)

]]></system-err>
  </testcase>
  <testcase name="testWatchForCommitForGroupMismatchException" classname="org.apache.hadoop.ozone.client.rpc.TestWatchForCommit" time="32.365"/>
  <testcase name="test2WayCommitForTimeoutException" classname="org.apache.hadoop.ozone.client.rpc.TestWatchForCommit" time="23.273">
    <error type="java.util.concurrent.TimeoutException">java.util.concurrent.TimeoutException
	at java.util.concurrent.CompletableFuture.timedGet(CompletableFuture.java:1771)
	at java.util.concurrent.CompletableFuture.get(CompletableFuture.java:1915)
	at org.apache.hadoop.hdds.scm.XceiverClientRatis.watchForCommit(XceiverClientRatis.java:283)
	at org.apache.hadoop.ozone.client.rpc.TestWatchForCommit.test2WayCommitForTimeoutException(TestWatchForCommit.java:391)
	at sun.reflect.NativeMethodAccessorImpl.invoke0(Native Method)
	at sun.reflect.NativeMethodAccessorImpl.invoke(NativeMethodAccessorImpl.java:62)
	at sun.reflect.DelegatingMethodAccessorImpl.invoke(DelegatingMethodAccessorImpl.java:43)
	at java.lang.reflect.Method.invoke(Method.java:498)
	at org.junit.runners.model.FrameworkMethod$1.runReflectiveCall(FrameworkMethod.java:47)
	at org.junit.internal.runners.model.ReflectiveCallable.run(ReflectiveCallable.java:12)
	at org.junit.runners.model.FrameworkMethod.invokeExplosively(FrameworkMethod.java:44)
	at org.junit.internal.runners.statements.InvokeMethod.evaluate(InvokeMethod.java:17)
	at org.junit.runners.ParentRunner.runLeaf(ParentRunner.java:271)
	at org.junit.runners.BlockJUnit4ClassRunner.runChild(BlockJUnit4ClassRunner.java:70)
	at org.junit.runners.BlockJUnit4ClassRunner.runChild(BlockJUnit4ClassRunner.java:50)
	at org.junit.runners.ParentRunner$3.run(ParentRunner.java:238)
	at org.junit.runners.ParentRunner$1.schedule(ParentRunner.java:63)
	at org.junit.runners.ParentRunner.runChildren(ParentRunner.java:236)
	at org.junit.runners.ParentRunner.access$000(ParentRunner.java:53)
	at org.junit.runners.ParentRunner$2.evaluate(ParentRunner.java:229)
	at org.junit.runners.ParentRunner.run(ParentRunner.java:309)
	at org.apache.maven.surefire.junit4.JUnit4Provider.execute(JUnit4Provider.java:365)
	at org.apache.maven.surefire.junit4.JUnit4Provider.executeWithRerun(JUnit4Provider.java:273)
	at org.apache.maven.surefire.junit4.JUnit4Provider.executeTestSet(JUnit4Provider.java:238)
	at org.apache.maven.surefire.junit4.JUnit4Provider.invoke(JUnit4Provider.java:159)
	at org.apache.maven.surefire.booter.ForkedBooter.invokeProviderInSameClassLoader(ForkedBooter.java:384)
	at org.apache.maven.surefire.booter.ForkedBooter.runSuitesInProcess(ForkedBooter.java:345)
	at org.apache.maven.surefire.booter.ForkedBooter.execute(ForkedBooter.java:126)
	at org.apache.maven.surefire.booter.ForkedBooter.main(ForkedBooter.java:418)
</error>
    <system-out><![CDATA[2019-10-09 06:23:05,288 [main] WARN  server.ServerUtils (ServerUtils.java:getScmDbDir(145)) - ozone.scm.db.dirs is not configured. We recommend adding this setting. Falling back to ozone.metadata.dirs instead.
2019-10-09 06:23:05,303 [main] WARN  server.ServerUtils (ServerUtils.java:getScmDbDir(145)) - ozone.scm.db.dirs is not configured. We recommend adding this setting. Falling back to ozone.metadata.dirs instead.
2019-10-09 06:23:05,303 [main] WARN  server.ServerUtils (ServerUtils.java:getScmDbDir(145)) - ozone.scm.db.dirs is not configured. We recommend adding this setting. Falling back to ozone.metadata.dirs instead.
2019-10-09 06:23:05,304 [main] INFO  db.DBStoreBuilder (DBStoreBuilder.java:addTable(117)) - using custom profile for table: deletedBlocks
2019-10-09 06:23:05,304 [main] INFO  db.DBStoreBuilder (DBStoreBuilder.java:processTables(168)) - Using default column profile:DBProfile.DISK for Table:deletedBlocks
2019-10-09 06:23:05,304 [main] INFO  db.DBStoreBuilder (DBStoreBuilder.java:addTable(117)) - using custom profile for table: validCerts
2019-10-09 06:23:05,304 [main] INFO  db.DBStoreBuilder (DBStoreBuilder.java:processTables(168)) - Using default column profile:DBProfile.DISK for Table:validCerts
2019-10-09 06:23:05,305 [main] INFO  db.DBStoreBuilder (DBStoreBuilder.java:addTable(117)) - using custom profile for table: revokedCerts
2019-10-09 06:23:05,305 [main] INFO  db.DBStoreBuilder (DBStoreBuilder.java:processTables(168)) - Using default column profile:DBProfile.DISK for Table:revokedCerts
2019-10-09 06:23:05,305 [main] INFO  db.DBStoreBuilder (DBStoreBuilder.java:addTable(117)) - using custom profile for table: default
2019-10-09 06:23:05,305 [main] INFO  db.DBStoreBuilder (DBStoreBuilder.java:processTables(174)) - Using default column profile:DBProfile.DISK for Table:default
2019-10-09 06:23:05,306 [main] INFO  db.DBStoreBuilder (DBStoreBuilder.java:getDbProfile(205)) - Using default options. DBProfile.DISK
2019-10-09 06:23:05,502 [main] INFO  net.NodeSchemaLoader (NodeSchemaLoader.java:loadSchemaFromFile(125)) - Loading file from sun.misc.CompoundEnumeration@764fffa0
2019-10-09 06:23:05,502 [main] INFO  net.NodeSchemaLoader (NodeSchemaLoader.java:loadSchema(171)) - Loading network topology layer schema file
2019-10-09 06:23:05,506 [main] WARN  server.ServerUtils (ServerUtils.java:sanitizeUserArgs(70)) - ozone.scm.stale.node.interval value = 300000 is larger than max = 100000 based on the key value of ozone.scm.heartbeat.thread.interval, reset to the max value 100000.
2019-10-09 06:23:05,506 [main] WARN  server.ServerUtils (ServerUtils.java:sanitizeUserArgs(70)) - ozone.scm.stale.node.interval value = 300000 is larger than max = 100000 based on the key value of ozone.scm.heartbeat.thread.interval, reset to the max value 100000.
2019-10-09 06:23:05,506 [main] INFO  node.SCMNodeManager (SCMNodeManager.java:<init>(116)) - Entering startup safe mode.
2019-10-09 06:23:05,507 [main] INFO  algorithms.ContainerPlacementPolicyFactory (ContainerPlacementPolicyFactory.java:getPolicy(57)) - Create container placement policy of type org.apache.hadoop.hdds.scm.container.placement.algorithms.SCMContainerPlacementRandom
2019-10-09 06:23:05,507 [main] WARN  server.ServerUtils (ServerUtils.java:getScmDbDir(145)) - ozone.scm.db.dirs is not configured. We recommend adding this setting. Falling back to ozone.metadata.dirs instead.
2019-10-09 06:23:05,538 [main] INFO  pipeline.SCMPipelineManager (SCMPipelineManager.java:initializePipelineState(132)) - No pipeline exists in current db
2019-10-09 06:23:05,538 [main] WARN  server.ServerUtils (ServerUtils.java:getScmDbDir(145)) - ozone.scm.db.dirs is not configured. We recommend adding this setting. Falling back to ozone.metadata.dirs instead.
2019-10-09 06:23:05,560 [main] WARN  events.EventQueue (EventQueue.java:fireEvent(183)) - No event handler registered for event TypedEvent{payloadType=SafeModeStatus, name='SafeModeStatus'}
2019-10-09 06:23:05,561 [main] INFO  ipc.CallQueueManager (CallQueueManager.java:<init>(84)) - Using callQueue: class java.util.concurrent.LinkedBlockingQueue, queueCapacity: 2000, scheduler: class org.apache.hadoop.ipc.DefaultRpcScheduler, ipcBackoff: false.
2019-10-09 06:23:05,562 [Socket Reader #1 for port 41419] INFO  ipc.Server (Server.java:run(1074)) - Starting Socket Reader #1 for port 41419
2019-10-09 06:23:05,565 [main] INFO  ipc.CallQueueManager (CallQueueManager.java:<init>(84)) - Using callQueue: class java.util.concurrent.LinkedBlockingQueue, queueCapacity: 2000, scheduler: class org.apache.hadoop.ipc.DefaultRpcScheduler, ipcBackoff: false.
2019-10-09 06:23:05,566 [Socket Reader #1 for port 43131] INFO  ipc.Server (Server.java:run(1074)) - Starting Socket Reader #1 for port 43131
2019-10-09 06:23:05,570 [main] INFO  ipc.CallQueueManager (CallQueueManager.java:<init>(84)) - Using callQueue: class java.util.concurrent.LinkedBlockingQueue, queueCapacity: 2000, scheduler: class org.apache.hadoop.ipc.DefaultRpcScheduler, ipcBackoff: false.
2019-10-09 06:23:05,570 [Socket Reader #1 for port 37748] INFO  ipc.Server (Server.java:run(1074)) - Starting Socket Reader #1 for port 37748
2019-10-09 06:23:05,574 [main] INFO  hdfs.DFSUtil (DFSUtil.java:httpServerTemplateForNNAndJN(1641)) - Starting Web-server for scm at: http://0.0.0.0:0
2019-10-09 06:23:05,576 [main] INFO  server.AuthenticationFilter (AuthenticationFilter.java:constructSecretProvider(240)) - Unable to initialize FileSignerSecretProvider, falling back to use random secrets.
2019-10-09 06:23:05,577 [main] WARN  http.HttpRequestLog (HttpRequestLog.java:getRequestLog(97)) - Jetty request log can only be enabled using Log4j
2019-10-09 06:23:05,579 [main] INFO  http.HttpServer2 (HttpServer2.java:addGlobalFilter(975)) - Added global filter 'safety' (class=org.apache.hadoop.http.HttpServer2$QuotingInputFilter)
2019-10-09 06:23:05,580 [main] INFO  http.HttpServer2 (HttpServer2.java:addFilter(948)) - Added filter static_user_filter (class=org.apache.hadoop.http.lib.StaticUserWebFilter$StaticUserFilter) to context scm
2019-10-09 06:23:05,580 [main] INFO  http.HttpServer2 (HttpServer2.java:addFilter(958)) - Added filter static_user_filter (class=org.apache.hadoop.http.lib.StaticUserWebFilter$StaticUserFilter) to context static
2019-10-09 06:23:05,581 [main] INFO  http.HttpServer2 (HttpServer2.java:addFilter(958)) - Added filter static_user_filter (class=org.apache.hadoop.http.lib.StaticUserWebFilter$StaticUserFilter) to context logs
2019-10-09 06:23:05,583 [main] INFO  server.StorageContainerManager (StorageContainerManager.java:start(772)) - StorageContainerLocationProtocol RPC server is listening at /0.0.0.0:37748
2019-10-09 06:23:05,586 [main] WARN  impl.MetricsConfig (MetricsConfig.java:loadFirst(134)) - Cannot locate configuration: tried hadoop-metrics2-storagecontainermanager.properties,hadoop-metrics2.properties
2019-10-09 06:23:05,587 [main] INFO  impl.MetricsSystemImpl (MetricsSystemImpl.java:startTimer(374)) - Scheduled Metric snapshot period at 10 second(s).
2019-10-09 06:23:05,587 [main] INFO  impl.MetricsSystemImpl (MetricsSystemImpl.java:start(191)) - StorageContainerManager metrics system started
2019-10-09 06:23:05,967 [main] WARN  impl.MetricsSystemImpl (MetricsSystemImpl.java:register(276)) - Sink prometheus already exists!
2019-10-09 06:23:06,249 [main] INFO  server.SCMClientProtocolServer (SCMClientProtocolServer.java:start(159)) - RPC server for Client  is listening at /0.0.0.0:37748
2019-10-09 06:23:06,250 [IPC Server Responder] INFO  ipc.Server (Server.java:run(1314)) - IPC Server Responder: starting
2019-10-09 06:23:06,250 [IPC Server listener on 37748] INFO  ipc.Server (Server.java:run(1153)) - IPC Server listener on 37748: starting
2019-10-09 06:23:06,256 [main] INFO  server.StorageContainerManager (StorageContainerManager.java:start(782)) - ScmBlockLocationProtocol RPC server is listening at /0.0.0.0:43131
2019-10-09 06:23:06,257 [main] INFO  server.SCMBlockProtocolServer (SCMBlockProtocolServer.java:start(146)) - RPC server for Block Protocol is listening at /0.0.0.0:43131
2019-10-09 06:23:06,257 [IPC Server Responder] INFO  ipc.Server (Server.java:run(1314)) - IPC Server Responder: starting
2019-10-09 06:23:06,257 [IPC Server listener on 43131] INFO  ipc.Server (Server.java:run(1153)) - IPC Server listener on 43131: starting
2019-10-09 06:23:06,268 [main] INFO  server.StorageContainerManager (StorageContainerManager.java:start(786)) - ScmDatanodeProtocl RPC server is listening at /0.0.0.0:41419
2019-10-09 06:23:06,268 [main] INFO  server.SCMDatanodeProtocolServer (SCMDatanodeProtocolServer.java:start(169)) - RPC server for DataNodes is listening at /0.0.0.0:41419
2019-10-09 06:23:06,268 [IPC Server Responder] INFO  ipc.Server (Server.java:run(1314)) - IPC Server Responder: starting
2019-10-09 06:23:06,269 [IPC Server listener on 41419] INFO  ipc.Server (Server.java:run(1153)) - IPC Server listener on 41419: starting
2019-10-09 06:23:06,273 [main] INFO  http.HttpServer2 (HttpServer2.java:bindListener(1191)) - Jetty bound to port 39979
2019-10-09 06:23:06,274 [main] INFO  server.Server (Server.java:doStart(351)) - jetty-9.3.25.v20180904, build timestamp: 2018-09-04T21:11:46Z, git hash: 3ce520221d0240229c862b122d2b06c12a625732
2019-10-09 06:23:06,276 [main] INFO  handler.ContextHandler (ContextHandler.java:doStart(781)) - Started o.e.j.s.ServletContextHandler@527a8665{/logs,file:///workdir/hadoop-ozone/integration-test/target/log,AVAILABLE}
2019-10-09 06:23:06,276 [main] INFO  handler.ContextHandler (ContextHandler.java:doStart(781)) - Started o.e.j.s.ServletContextHandler@437c4b25{/static,file:///workdir/hadoop-ozone/integration-test/target/test-classes/webapps/static,AVAILABLE}
2019-10-09 06:23:06,280 [main] INFO  handler.ContextHandler (ContextHandler.java:doStart(781)) - Started o.e.j.w.WebAppContext@2fd1ad8a{/,file:///workdir/hadoop-ozone/integration-test/target/test-classes/webapps/scm/,AVAILABLE}{/scm}
2019-10-09 06:23:06,281 [main] INFO  server.AbstractConnector (AbstractConnector.java:doStart(278)) - Started ServerConnector@357f6391{HTTP/1.1,[http/1.1]}{0.0.0.0:39979}
2019-10-09 06:23:06,284 [main] INFO  server.Server (Server.java:doStart(419)) - Started @223538ms
2019-10-09 06:23:06,284 [main] WARN  impl.MetricsSystemImpl (MetricsSystemImpl.java:register(276)) - Sink prometheus already exists!
2019-10-09 06:23:06,285 [main] INFO  server.BaseHttpServer (BaseHttpServer.java:updateConnectorAddress(215)) - HTTP server of SCM is listening at http://0.0.0.0:39979
2019-10-09 06:23:06,286 [main] WARN  server.ServerUtils (ServerUtils.java:getDBPath(222)) - ozone.om.db.dirs is not configured. We recommend adding this setting. Falling back to ozone.metadata.dirs instead.
2019-10-09 06:23:06,286 [org.apache.hadoop.util.JvmPauseMonitor$Monitor@582e9152] INFO  util.JvmPauseMonitor (JvmPauseMonitor.java:run(188)) - Starting JVM pause monitor
2019-10-09 06:23:06,303 [main] INFO  ha.OMHANodeDetails (OMHANodeDetails.java:loadOMHAConfig(190)) - Configuration either no ozone.om.address set. Falling back to the default OM address /127.0.0.1:0
2019-10-09 06:23:06,304 [main] INFO  ha.OMHANodeDetails (OMHANodeDetails.java:getOMNodeDetails(220)) - OM Service ID is not set. Setting it to the default ID: omServiceIdDefault
2019-10-09 06:23:06,304 [main] WARN  server.ServerUtils (ServerUtils.java:getDBPath(222)) - ozone.om.db.dirs is not configured. We recommend adding this setting. Falling back to ozone.metadata.dirs instead.
2019-10-09 06:23:06,304 [main] WARN  server.ServerUtils (ServerUtils.java:getDBPath(222)) - ozone.om.db.dirs is not configured. We recommend adding this setting. Falling back to ozone.metadata.dirs instead.
2019-10-09 06:23:06,322 [main] WARN  server.ServerUtils (ServerUtils.java:getDBPath(222)) - ozone.om.db.dirs is not configured. We recommend adding this setting. Falling back to ozone.metadata.dirs instead.
2019-10-09 06:23:06,323 [main] INFO  db.DBStoreBuilder (DBStoreBuilder.java:addTable(117)) - using custom profile for table: userTable
2019-10-09 06:23:06,323 [main] INFO  db.DBStoreBuilder (DBStoreBuilder.java:processTables(168)) - Using default column profile:DBProfile.DISK for Table:userTable
2019-10-09 06:23:06,323 [main] INFO  db.DBStoreBuilder (DBStoreBuilder.java:addTable(117)) - using custom profile for table: volumeTable
2019-10-09 06:23:06,323 [main] INFO  db.DBStoreBuilder (DBStoreBuilder.java:processTables(168)) - Using default column profile:DBProfile.DISK for Table:volumeTable
2019-10-09 06:23:06,324 [main] INFO  db.DBStoreBuilder (DBStoreBuilder.java:addTable(117)) - using custom profile for table: bucketTable
2019-10-09 06:23:06,324 [main] INFO  db.DBStoreBuilder (DBStoreBuilder.java:processTables(168)) - Using default column profile:DBProfile.DISK for Table:bucketTable
2019-10-09 06:23:06,324 [main] INFO  db.DBStoreBuilder (DBStoreBuilder.java:addTable(117)) - using custom profile for table: keyTable
2019-10-09 06:23:06,324 [main] INFO  db.DBStoreBuilder (DBStoreBuilder.java:processTables(168)) - Using default column profile:DBProfile.DISK for Table:keyTable
2019-10-09 06:23:06,325 [main] INFO  db.DBStoreBuilder (DBStoreBuilder.java:addTable(117)) - using custom profile for table: deletedTable
2019-10-09 06:23:06,325 [main] INFO  db.DBStoreBuilder (DBStoreBuilder.java:processTables(168)) - Using default column profile:DBProfile.DISK for Table:deletedTable
2019-10-09 06:23:06,325 [main] INFO  db.DBStoreBuilder (DBStoreBuilder.java:addTable(117)) - using custom profile for table: openKeyTable
2019-10-09 06:23:06,325 [main] INFO  db.DBStoreBuilder (DBStoreBuilder.java:processTables(168)) - Using default column profile:DBProfile.DISK for Table:openKeyTable
2019-10-09 06:23:06,326 [main] INFO  db.DBStoreBuilder (DBStoreBuilder.java:addTable(117)) - using custom profile for table: s3Table
2019-10-09 06:23:06,326 [main] INFO  db.DBStoreBuilder (DBStoreBuilder.java:processTables(168)) - Using default column profile:DBProfile.DISK for Table:s3Table
2019-10-09 06:23:06,326 [main] INFO  db.DBStoreBuilder (DBStoreBuilder.java:addTable(117)) - using custom profile for table: multipartInfoTable
2019-10-09 06:23:06,326 [main] INFO  db.DBStoreBuilder (DBStoreBuilder.java:processTables(168)) - Using default column profile:DBProfile.DISK for Table:multipartInfoTable
2019-10-09 06:23:06,327 [main] INFO  db.DBStoreBuilder (DBStoreBuilder.java:addTable(117)) - using custom profile for table: dTokenTable
2019-10-09 06:23:06,327 [main] INFO  db.DBStoreBuilder (DBStoreBuilder.java:processTables(168)) - Using default column profile:DBProfile.DISK for Table:dTokenTable
2019-10-09 06:23:06,327 [main] INFO  db.DBStoreBuilder (DBStoreBuilder.java:addTable(117)) - using custom profile for table: s3SecretTable
2019-10-09 06:23:06,327 [main] INFO  db.DBStoreBuilder (DBStoreBuilder.java:processTables(168)) - Using default column profile:DBProfile.DISK for Table:s3SecretTable
2019-10-09 06:23:06,328 [main] INFO  db.DBStoreBuilder (DBStoreBuilder.java:addTable(117)) - using custom profile for table: prefixTable
2019-10-09 06:23:06,328 [main] INFO  db.DBStoreBuilder (DBStoreBuilder.java:processTables(168)) - Using default column profile:DBProfile.DISK for Table:prefixTable
2019-10-09 06:23:06,328 [main] INFO  db.DBStoreBuilder (DBStoreBuilder.java:addTable(117)) - using custom profile for table: default
2019-10-09 06:23:06,328 [main] INFO  db.DBStoreBuilder (DBStoreBuilder.java:processTables(174)) - Using default column profile:DBProfile.DISK for Table:default
2019-10-09 06:23:06,328 [main] INFO  db.DBStoreBuilder (DBStoreBuilder.java:getDbProfile(205)) - Using default options. DBProfile.DISK
2019-10-09 06:23:06,960 [main] INFO  ipc.CallQueueManager (CallQueueManager.java:<init>(84)) - Using callQueue: class java.util.concurrent.LinkedBlockingQueue, queueCapacity: 2000, scheduler: class org.apache.hadoop.ipc.DefaultRpcScheduler, ipcBackoff: false.
2019-10-09 06:23:06,961 [Socket Reader #1 for port 44199] INFO  ipc.Server (Server.java:run(1074)) - Starting Socket Reader #1 for port 44199
2019-10-09 06:23:06,977 [main] INFO  om.OzoneManager (OzoneManager.java:start(1069)) - OzoneManager RPC server is listening at localhost/127.0.0.1:44199
2019-10-09 06:23:06,977 [main] INFO  impl.MetricsSystemImpl (MetricsSystemImpl.java:init(158)) - OzoneManager metrics system started (again)
2019-10-09 06:23:06,978 [IPC Server Responder] INFO  ipc.Server (Server.java:run(1314)) - IPC Server Responder: starting
2019-10-09 06:23:06,981 [IPC Server listener on 44199] INFO  ipc.Server (Server.java:run(1153)) - IPC Server listener on 44199: starting
2019-10-09 06:23:06,988 [main] INFO  hdfs.DFSUtil (DFSUtil.java:httpServerTemplateForNNAndJN(1641)) - Starting Web-server for ozoneManager at: http://0.0.0.0:0
2019-10-09 06:23:06,989 [main] INFO  server.AuthenticationFilter (AuthenticationFilter.java:constructSecretProvider(240)) - Unable to initialize FileSignerSecretProvider, falling back to use random secrets.
2019-10-09 06:23:06,990 [main] WARN  http.HttpRequestLog (HttpRequestLog.java:getRequestLog(97)) - Jetty request log can only be enabled using Log4j
2019-10-09 06:23:06,992 [main] INFO  http.HttpServer2 (HttpServer2.java:addGlobalFilter(975)) - Added global filter 'safety' (class=org.apache.hadoop.http.HttpServer2$QuotingInputFilter)
2019-10-09 06:23:06,992 [main] INFO  http.HttpServer2 (HttpServer2.java:addFilter(948)) - Added filter static_user_filter (class=org.apache.hadoop.http.lib.StaticUserWebFilter$StaticUserFilter) to context ozoneManager
2019-10-09 06:23:06,993 [main] INFO  http.HttpServer2 (HttpServer2.java:addFilter(958)) - Added filter static_user_filter (class=org.apache.hadoop.http.lib.StaticUserWebFilter$StaticUserFilter) to context logs
2019-10-09 06:23:06,993 [main] INFO  http.HttpServer2 (HttpServer2.java:addFilter(958)) - Added filter static_user_filter (class=org.apache.hadoop.http.lib.StaticUserWebFilter$StaticUserFilter) to context static
2019-10-09 06:23:06,994 [main] INFO  http.HttpServer2 (HttpServer2.java:bindListener(1191)) - Jetty bound to port 45483
2019-10-09 06:23:06,994 [main] INFO  server.Server (Server.java:doStart(351)) - jetty-9.3.25.v20180904, build timestamp: 2018-09-04T21:11:46Z, git hash: 3ce520221d0240229c862b122d2b06c12a625732
2019-10-09 06:23:06,996 [main] INFO  handler.ContextHandler (ContextHandler.java:doStart(781)) - Started o.e.j.s.ServletContextHandler@6806468e{/logs,file:///workdir/hadoop-ozone/integration-test/target/log,AVAILABLE}
2019-10-09 06:23:06,996 [main] INFO  handler.ContextHandler (ContextHandler.java:doStart(781)) - Started o.e.j.s.ServletContextHandler@68631b1d{/static,file:///workdir/hadoop-ozone/integration-test/target/test-classes/webapps/static,AVAILABLE}
2019-10-09 06:23:07,000 [main] INFO  handler.ContextHandler (ContextHandler.java:doStart(781)) - Started o.e.j.w.WebAppContext@24fba488{/,file:///workdir/hadoop-ozone/integration-test/target/test-classes/webapps/ozoneManager/,AVAILABLE}{/ozoneManager}
2019-10-09 06:23:07,001 [main] INFO  server.AbstractConnector (AbstractConnector.java:doStart(278)) - Started ServerConnector@73a6cc79{HTTP/1.1,[http/1.1]}{0.0.0.0:45483}
2019-10-09 06:23:07,003 [main] INFO  server.Server (Server.java:doStart(419)) - Started @224257ms
2019-10-09 06:23:07,003 [main] WARN  impl.MetricsSystemImpl (MetricsSystemImpl.java:register(276)) - Sink prometheus already exists!
2019-10-09 06:23:07,004 [main] INFO  server.BaseHttpServer (BaseHttpServer.java:updateConnectorAddress(215)) - HTTP server of OZONEMANAGER is listening at http://0.0.0.0:45483
2019-10-09 06:23:07,021 [main] INFO  impl.MetricsSystemImpl (MetricsSystemImpl.java:init(158)) - HddsDatanode metrics system started (again)
2019-10-09 06:23:07,041 [main] INFO  ozone.HddsDatanodeService (HddsDatanodeService.java:start(184)) - HddsDatanodeService host:pr-hdds-2269-kpn6k-1406547098 ip:192.168.164.215
2019-10-09 06:23:07,050 [main] INFO  volume.HddsVolume (HddsVolume.java:<init>(176)) - Creating Volume: /workdir/hadoop-ozone/integration-test/target/test-dir/MiniOzoneClusterImpl-8c69ce3e-b1cc-48be-a05c-d4de48fc12a3/datanode-0/data/containers/hdds of  storage type : DISK and capacity : 1482555576320
2019-10-09 06:23:07,050 [main] INFO  volume.VolumeSet (VolumeSet.java:initializeVolumeSet(170)) - Added Volume : /workdir/hadoop-ozone/integration-test/target/test-dir/MiniOzoneClusterImpl-8c69ce3e-b1cc-48be-a05c-d4de48fc12a3/datanode-0/data/containers/hdds to VolumeSet
2019-10-09 06:23:07,050 [main] INFO  volume.ThrottledAsyncChecker (ThrottledAsyncChecker.java:schedule(141)) - Scheduling a check for org.apache.hadoop.ozone.container.common.volume.HddsVolume@1a1f79ce
2019-10-09 06:23:07,051 [main] INFO  volume.HddsVolumeChecker (HddsVolumeChecker.java:checkAllVolumes(204)) - Scheduled health check for volume org.apache.hadoop.ozone.container.common.volume.HddsVolume@1a1f79ce
2019-10-09 06:23:07,065 [main] INFO  impl.RaftServerProxy (ConfUtils.java:logGet(43)) - raft.rpc.type = GRPC (default)
2019-10-09 06:23:07,065 [main] INFO  grpc.GrpcFactory (GrpcFactory.java:checkPooledByteBufAllocatorUseCacheForAllThreads(45)) - PERFORMANCE WARNING: useCacheForAllThreads is true that may cause Netty to create a lot garbage objects and, as a result, trigger GC.
	It is recommended to disable useCacheForAllThreads by setting -Dorg.apache.ratis.thirdparty.io.netty.allocator.useCacheForAllThreads=false in command line.
2019-10-09 06:23:07,065 [main] INFO  grpc.GrpcConfigKeys$Server (ConfUtils.java:logGet(43)) - raft.grpc.server.port = 0 (default)
2019-10-09 06:23:07,066 [main] INFO  server.GrpcService (ConfUtils.java:logGet(43)) - raft.grpc.message.size.max = 33570816 (custom)
2019-10-09 06:23:07,066 [main] INFO  server.RaftServerConfigKeys (ConfUtils.java:logGet(43)) - raft.server.log.appender.buffer.byte-limit = 33554432 (custom)
2019-10-09 06:23:07,066 [main] INFO  server.GrpcService (ConfUtils.java:logGet(43)) - raft.grpc.flow.control.window = 1MB (=1048576) (default)
2019-10-09 06:23:07,066 [main] INFO  server.RaftServerConfigKeys (ConfUtils.java:logGet(43)) - raft.server.rpc.request.timeout = 3000ms (default)
2019-10-09 06:23:07,067 [main] INFO  server.RaftServerConfigKeys (ConfUtils.java:logGet(43)) - raft.server.storage.dir = [/workdir/hadoop-ozone/integration-test/target/test-dir/MiniOzoneClusterImpl-8c69ce3e-b1cc-48be-a05c-d4de48fc12a3/datanode-0/data/ratis] (custom)
2019-10-09 06:23:07,068 [main] INFO  hdfs.DFSUtil (DFSUtil.java:httpServerTemplateForNNAndJN(1641)) - Starting Web-server for hddsDatanode at: http://0.0.0.0:0
2019-10-09 06:23:07,070 [main] INFO  server.AuthenticationFilter (AuthenticationFilter.java:constructSecretProvider(240)) - Unable to initialize FileSignerSecretProvider, falling back to use random secrets.
2019-10-09 06:23:07,070 [main] WARN  http.HttpRequestLog (HttpRequestLog.java:getRequestLog(97)) - Jetty request log can only be enabled using Log4j
2019-10-09 06:23:07,072 [main] INFO  http.HttpServer2 (HttpServer2.java:addGlobalFilter(975)) - Added global filter 'safety' (class=org.apache.hadoop.http.HttpServer2$QuotingInputFilter)
2019-10-09 06:23:07,072 [main] INFO  http.HttpServer2 (HttpServer2.java:addFilter(948)) - Added filter static_user_filter (class=org.apache.hadoop.http.lib.StaticUserWebFilter$StaticUserFilter) to context hddsDatanode
2019-10-09 06:23:07,073 [main] INFO  http.HttpServer2 (HttpServer2.java:addFilter(958)) - Added filter static_user_filter (class=org.apache.hadoop.http.lib.StaticUserWebFilter$StaticUserFilter) to context logs
2019-10-09 06:23:07,073 [main] INFO  http.HttpServer2 (HttpServer2.java:addFilter(958)) - Added filter static_user_filter (class=org.apache.hadoop.http.lib.StaticUserWebFilter$StaticUserFilter) to context static
2019-10-09 06:23:07,074 [main] INFO  http.HttpServer2 (HttpServer2.java:bindListener(1191)) - Jetty bound to port 36734
2019-10-09 06:23:07,074 [main] INFO  server.Server (Server.java:doStart(351)) - jetty-9.3.25.v20180904, build timestamp: 2018-09-04T21:11:46Z, git hash: 3ce520221d0240229c862b122d2b06c12a625732
2019-10-09 06:23:07,076 [main] INFO  handler.ContextHandler (ContextHandler.java:doStart(781)) - Started o.e.j.s.ServletContextHandler@257f30f7{/logs,file:///workdir/hadoop-ozone/integration-test/target/log,AVAILABLE}
2019-10-09 06:23:07,076 [main] INFO  handler.ContextHandler (ContextHandler.java:doStart(781)) - Started o.e.j.s.ServletContextHandler@1f916219{/static,jar:file:/home/user/.m2/repository/org/apache/hadoop/hadoop-hdds-container-service/0.5.0-SNAPSHOT/hadoop-hdds-container-service-0.5.0-SNAPSHOT.jar!/webapps/static,AVAILABLE}
2019-10-09 06:23:07,114 [main] INFO  handler.ContextHandler (ContextHandler.java:doStart(781)) - Started o.e.j.w.WebAppContext@1fb2eec{/,file:///tmp/jetty-0.0.0.0-36734-hddsDatanode-_-any-3232215839149706209.dir/webapp/,AVAILABLE}{/hddsDatanode}
2019-10-09 06:23:07,115 [main] INFO  server.AbstractConnector (AbstractConnector.java:doStart(278)) - Started ServerConnector@4c18516{HTTP/1.1,[http/1.1]}{0.0.0.0:36734}
2019-10-09 06:23:07,117 [main] INFO  server.Server (Server.java:doStart(419)) - Started @224371ms
2019-10-09 06:23:07,117 [main] WARN  impl.MetricsSystemImpl (MetricsSystemImpl.java:register(276)) - Sink prometheus already exists!
2019-10-09 06:23:07,118 [main] INFO  server.BaseHttpServer (BaseHttpServer.java:updateConnectorAddress(215)) - HTTP server of HDDSDATANODE is listening at http://0.0.0.0:36734
2019-10-09 06:23:07,118 [main] INFO  impl.MetricsSystemImpl (MetricsSystemImpl.java:init(158)) - HddsDatanode metrics system started (again)
2019-10-09 06:23:07,134 [org.apache.hadoop.util.JvmPauseMonitor$Monitor@1c0ac669] INFO  util.JvmPauseMonitor (JvmPauseMonitor.java:run(188)) - Starting JVM pause monitor
2019-10-09 06:23:07,136 [main] INFO  ozone.HddsDatanodeService (HddsDatanodeService.java:start(184)) - HddsDatanodeService host:pr-hdds-2269-kpn6k-1406547098 ip:192.168.164.215
2019-10-09 06:23:07,136 [Datanode State Machine Thread - 0] INFO  datanode.InitDatanodeState (InitDatanodeState.java:persistContainerDatanodeDetails(140)) - DatanodeDetails is persisted to /workdir/hadoop-ozone/integration-test/target/test-dir/MiniOzoneClusterImpl-8c69ce3e-b1cc-48be-a05c-d4de48fc12a3/datanode-0/meta/datanode.id
2019-10-09 06:23:07,145 [main] INFO  volume.HddsVolume (HddsVolume.java:<init>(176)) - Creating Volume: /workdir/hadoop-ozone/integration-test/target/test-dir/MiniOzoneClusterImpl-8c69ce3e-b1cc-48be-a05c-d4de48fc12a3/datanode-1/data/containers/hdds of  storage type : DISK and capacity : 1482555576320
2019-10-09 06:23:07,146 [main] INFO  volume.VolumeSet (VolumeSet.java:initializeVolumeSet(170)) - Added Volume : /workdir/hadoop-ozone/integration-test/target/test-dir/MiniOzoneClusterImpl-8c69ce3e-b1cc-48be-a05c-d4de48fc12a3/datanode-1/data/containers/hdds to VolumeSet
2019-10-09 06:23:07,146 [main] INFO  volume.ThrottledAsyncChecker (ThrottledAsyncChecker.java:schedule(141)) - Scheduling a check for org.apache.hadoop.ozone.container.common.volume.HddsVolume@5d194314
2019-10-09 06:23:07,146 [main] INFO  volume.HddsVolumeChecker (HddsVolumeChecker.java:checkAllVolumes(204)) - Scheduled health check for volume org.apache.hadoop.ozone.container.common.volume.HddsVolume@5d194314
2019-10-09 06:23:07,162 [main] INFO  impl.RaftServerProxy (ConfUtils.java:logGet(43)) - raft.rpc.type = GRPC (default)
2019-10-09 06:23:07,163 [main] INFO  grpc.GrpcFactory (GrpcFactory.java:checkPooledByteBufAllocatorUseCacheForAllThreads(45)) - PERFORMANCE WARNING: useCacheForAllThreads is true that may cause Netty to create a lot garbage objects and, as a result, trigger GC.
	It is recommended to disable useCacheForAllThreads by setting -Dorg.apache.ratis.thirdparty.io.netty.allocator.useCacheForAllThreads=false in command line.
2019-10-09 06:23:07,163 [main] INFO  grpc.GrpcConfigKeys$Server (ConfUtils.java:logGet(43)) - raft.grpc.server.port = 0 (default)
2019-10-09 06:23:07,163 [main] INFO  server.GrpcService (ConfUtils.java:logGet(43)) - raft.grpc.message.size.max = 33570816 (custom)
2019-10-09 06:23:07,163 [main] INFO  server.RaftServerConfigKeys (ConfUtils.java:logGet(43)) - raft.server.log.appender.buffer.byte-limit = 33554432 (custom)
2019-10-09 06:23:07,164 [main] INFO  server.GrpcService (ConfUtils.java:logGet(43)) - raft.grpc.flow.control.window = 1MB (=1048576) (default)
2019-10-09 06:23:07,164 [main] INFO  server.RaftServerConfigKeys (ConfUtils.java:logGet(43)) - raft.server.rpc.request.timeout = 3000ms (default)
2019-10-09 06:23:07,164 [main] INFO  server.RaftServerConfigKeys (ConfUtils.java:logGet(43)) - raft.server.storage.dir = [/workdir/hadoop-ozone/integration-test/target/test-dir/MiniOzoneClusterImpl-8c69ce3e-b1cc-48be-a05c-d4de48fc12a3/datanode-1/data/ratis] (custom)
2019-10-09 06:23:07,166 [main] INFO  hdfs.DFSUtil (DFSUtil.java:httpServerTemplateForNNAndJN(1641)) - Starting Web-server for hddsDatanode at: http://0.0.0.0:0
2019-10-09 06:23:07,167 [main] INFO  server.AuthenticationFilter (AuthenticationFilter.java:constructSecretProvider(240)) - Unable to initialize FileSignerSecretProvider, falling back to use random secrets.
2019-10-09 06:23:07,167 [main] WARN  http.HttpRequestLog (HttpRequestLog.java:getRequestLog(97)) - Jetty request log can only be enabled using Log4j
2019-10-09 06:23:07,169 [main] INFO  http.HttpServer2 (HttpServer2.java:addGlobalFilter(975)) - Added global filter 'safety' (class=org.apache.hadoop.http.HttpServer2$QuotingInputFilter)
2019-10-09 06:23:07,169 [main] INFO  http.HttpServer2 (HttpServer2.java:addFilter(948)) - Added filter static_user_filter (class=org.apache.hadoop.http.lib.StaticUserWebFilter$StaticUserFilter) to context hddsDatanode
2019-10-09 06:23:07,169 [main] INFO  http.HttpServer2 (HttpServer2.java:addFilter(958)) - Added filter static_user_filter (class=org.apache.hadoop.http.lib.StaticUserWebFilter$StaticUserFilter) to context logs
2019-10-09 06:23:07,170 [main] INFO  http.HttpServer2 (HttpServer2.java:addFilter(958)) - Added filter static_user_filter (class=org.apache.hadoop.http.lib.StaticUserWebFilter$StaticUserFilter) to context static
2019-10-09 06:23:07,170 [main] INFO  http.HttpServer2 (HttpServer2.java:bindListener(1191)) - Jetty bound to port 34621
2019-10-09 06:23:07,171 [main] INFO  server.Server (Server.java:doStart(351)) - jetty-9.3.25.v20180904, build timestamp: 2018-09-04T21:11:46Z, git hash: 3ce520221d0240229c862b122d2b06c12a625732
2019-10-09 06:23:07,172 [main] INFO  handler.ContextHandler (ContextHandler.java:doStart(781)) - Started o.e.j.s.ServletContextHandler@256bb5be{/logs,file:///workdir/hadoop-ozone/integration-test/target/log,AVAILABLE}
2019-10-09 06:23:07,173 [main] INFO  handler.ContextHandler (ContextHandler.java:doStart(781)) - Started o.e.j.s.ServletContextHandler@2e6d76ba{/static,jar:file:/home/user/.m2/repository/org/apache/hadoop/hadoop-hdds-container-service/0.5.0-SNAPSHOT/hadoop-hdds-container-service-0.5.0-SNAPSHOT.jar!/webapps/static,AVAILABLE}
2019-10-09 06:23:07,208 [main] INFO  handler.ContextHandler (ContextHandler.java:doStart(781)) - Started o.e.j.w.WebAppContext@6380e9e9{/,file:///tmp/jetty-0.0.0.0-34621-hddsDatanode-_-any-4095580214712078503.dir/webapp/,AVAILABLE}{/hddsDatanode}
2019-10-09 06:23:07,208 [main] INFO  server.AbstractConnector (AbstractConnector.java:doStart(278)) - Started ServerConnector@350da119{HTTP/1.1,[http/1.1]}{0.0.0.0:34621}
2019-10-09 06:23:07,212 [main] INFO  server.Server (Server.java:doStart(419)) - Started @224466ms
2019-10-09 06:23:07,212 [main] WARN  impl.MetricsSystemImpl (MetricsSystemImpl.java:register(276)) - Sink prometheus already exists!
2019-10-09 06:23:07,212 [main] INFO  server.BaseHttpServer (BaseHttpServer.java:updateConnectorAddress(215)) - HTTP server of HDDSDATANODE is listening at http://0.0.0.0:34621
2019-10-09 06:23:07,213 [main] INFO  impl.MetricsSystemImpl (MetricsSystemImpl.java:init(158)) - HddsDatanode metrics system started (again)
2019-10-09 06:23:07,238 [org.apache.hadoop.util.JvmPauseMonitor$Monitor@7dcc4f95] INFO  util.JvmPauseMonitor (JvmPauseMonitor.java:run(188)) - Starting JVM pause monitor
2019-10-09 06:23:07,239 [Datanode State Machine Thread - 0] INFO  datanode.InitDatanodeState (InitDatanodeState.java:persistContainerDatanodeDetails(140)) - DatanodeDetails is persisted to /workdir/hadoop-ozone/integration-test/target/test-dir/MiniOzoneClusterImpl-8c69ce3e-b1cc-48be-a05c-d4de48fc12a3/datanode-1/meta/datanode.id
2019-10-09 06:23:07,240 [main] INFO  ozone.HddsDatanodeService (HddsDatanodeService.java:start(184)) - HddsDatanodeService host:pr-hdds-2269-kpn6k-1406547098 ip:192.168.164.215
2019-10-09 06:23:07,250 [main] INFO  volume.HddsVolume (HddsVolume.java:<init>(176)) - Creating Volume: /workdir/hadoop-ozone/integration-test/target/test-dir/MiniOzoneClusterImpl-8c69ce3e-b1cc-48be-a05c-d4de48fc12a3/datanode-2/data/containers/hdds of  storage type : DISK and capacity : 1482555576320
2019-10-09 06:23:07,251 [main] INFO  volume.VolumeSet (VolumeSet.java:initializeVolumeSet(170)) - Added Volume : /workdir/hadoop-ozone/integration-test/target/test-dir/MiniOzoneClusterImpl-8c69ce3e-b1cc-48be-a05c-d4de48fc12a3/datanode-2/data/containers/hdds to VolumeSet
2019-10-09 06:23:07,251 [main] INFO  volume.ThrottledAsyncChecker (ThrottledAsyncChecker.java:schedule(141)) - Scheduling a check for org.apache.hadoop.ozone.container.common.volume.HddsVolume@3dfd6220
2019-10-09 06:23:07,251 [main] INFO  volume.HddsVolumeChecker (HddsVolumeChecker.java:checkAllVolumes(204)) - Scheduled health check for volume org.apache.hadoop.ozone.container.common.volume.HddsVolume@3dfd6220
2019-10-09 06:23:07,268 [main] INFO  impl.RaftServerProxy (ConfUtils.java:logGet(43)) - raft.rpc.type = GRPC (default)
2019-10-09 06:23:07,269 [main] INFO  grpc.GrpcFactory (GrpcFactory.java:checkPooledByteBufAllocatorUseCacheForAllThreads(45)) - PERFORMANCE WARNING: useCacheForAllThreads is true that may cause Netty to create a lot garbage objects and, as a result, trigger GC.
	It is recommended to disable useCacheForAllThreads by setting -Dorg.apache.ratis.thirdparty.io.netty.allocator.useCacheForAllThreads=false in command line.
2019-10-09 06:23:07,269 [main] INFO  grpc.GrpcConfigKeys$Server (ConfUtils.java:logGet(43)) - raft.grpc.server.port = 0 (default)
2019-10-09 06:23:07,269 [main] INFO  server.GrpcService (ConfUtils.java:logGet(43)) - raft.grpc.message.size.max = 33570816 (custom)
2019-10-09 06:23:07,269 [main] INFO  server.RaftServerConfigKeys (ConfUtils.java:logGet(43)) - raft.server.log.appender.buffer.byte-limit = 33554432 (custom)
2019-10-09 06:23:07,269 [main] INFO  server.GrpcService (ConfUtils.java:logGet(43)) - raft.grpc.flow.control.window = 1MB (=1048576) (default)
2019-10-09 06:23:07,270 [main] INFO  server.RaftServerConfigKeys (ConfUtils.java:logGet(43)) - raft.server.rpc.request.timeout = 3000ms (default)
2019-10-09 06:23:07,270 [main] INFO  server.RaftServerConfigKeys (ConfUtils.java:logGet(43)) - raft.server.storage.dir = [/workdir/hadoop-ozone/integration-test/target/test-dir/MiniOzoneClusterImpl-8c69ce3e-b1cc-48be-a05c-d4de48fc12a3/datanode-2/data/ratis] (custom)
2019-10-09 06:23:07,271 [main] INFO  hdfs.DFSUtil (DFSUtil.java:httpServerTemplateForNNAndJN(1641)) - Starting Web-server for hddsDatanode at: http://0.0.0.0:0
2019-10-09 06:23:07,273 [main] INFO  server.AuthenticationFilter (AuthenticationFilter.java:constructSecretProvider(240)) - Unable to initialize FileSignerSecretProvider, falling back to use random secrets.
2019-10-09 06:23:07,273 [main] WARN  http.HttpRequestLog (HttpRequestLog.java:getRequestLog(97)) - Jetty request log can only be enabled using Log4j
2019-10-09 06:23:07,275 [main] INFO  http.HttpServer2 (HttpServer2.java:addGlobalFilter(975)) - Added global filter 'safety' (class=org.apache.hadoop.http.HttpServer2$QuotingInputFilter)
2019-10-09 06:23:07,276 [main] INFO  http.HttpServer2 (HttpServer2.java:addFilter(948)) - Added filter static_user_filter (class=org.apache.hadoop.http.lib.StaticUserWebFilter$StaticUserFilter) to context hddsDatanode
2019-10-09 06:23:07,276 [main] INFO  http.HttpServer2 (HttpServer2.java:addFilter(958)) - Added filter static_user_filter (class=org.apache.hadoop.http.lib.StaticUserWebFilter$StaticUserFilter) to context logs
2019-10-09 06:23:07,276 [main] INFO  http.HttpServer2 (HttpServer2.java:addFilter(958)) - Added filter static_user_filter (class=org.apache.hadoop.http.lib.StaticUserWebFilter$StaticUserFilter) to context static
2019-10-09 06:23:07,277 [main] INFO  http.HttpServer2 (HttpServer2.java:bindListener(1191)) - Jetty bound to port 46714
2019-10-09 06:23:07,277 [main] INFO  server.Server (Server.java:doStart(351)) - jetty-9.3.25.v20180904, build timestamp: 2018-09-04T21:11:46Z, git hash: 3ce520221d0240229c862b122d2b06c12a625732
2019-10-09 06:23:07,280 [main] INFO  handler.ContextHandler (ContextHandler.java:doStart(781)) - Started o.e.j.s.ServletContextHandler@6cbb7a7d{/logs,file:///workdir/hadoop-ozone/integration-test/target/log,AVAILABLE}
2019-10-09 06:23:07,280 [main] INFO  handler.ContextHandler (ContextHandler.java:doStart(781)) - Started o.e.j.s.ServletContextHandler@37606fee{/static,jar:file:/home/user/.m2/repository/org/apache/hadoop/hadoop-hdds-container-service/0.5.0-SNAPSHOT/hadoop-hdds-container-service-0.5.0-SNAPSHOT.jar!/webapps/static,AVAILABLE}
2019-10-09 06:23:07,321 [main] INFO  handler.ContextHandler (ContextHandler.java:doStart(781)) - Started o.e.j.w.WebAppContext@30abf79c{/,file:///tmp/jetty-0.0.0.0-46714-hddsDatanode-_-any-7770150088912342242.dir/webapp/,AVAILABLE}{/hddsDatanode}
2019-10-09 06:23:07,322 [main] INFO  server.AbstractConnector (AbstractConnector.java:doStart(278)) - Started ServerConnector@49a38b1{HTTP/1.1,[http/1.1]}{0.0.0.0:46714}
2019-10-09 06:23:07,325 [main] INFO  server.Server (Server.java:doStart(419)) - Started @224579ms
2019-10-09 06:23:07,325 [main] WARN  impl.MetricsSystemImpl (MetricsSystemImpl.java:register(276)) - Sink prometheus already exists!
2019-10-09 06:23:07,326 [main] INFO  server.BaseHttpServer (BaseHttpServer.java:updateConnectorAddress(215)) - HTTP server of HDDSDATANODE is listening at http://0.0.0.0:46714
2019-10-09 06:23:07,326 [main] INFO  impl.MetricsSystemImpl (MetricsSystemImpl.java:init(158)) - HddsDatanode metrics system started (again)
2019-10-09 06:23:07,343 [org.apache.hadoop.util.JvmPauseMonitor$Monitor@1cf7e51a] INFO  util.JvmPauseMonitor (JvmPauseMonitor.java:run(188)) - Starting JVM pause monitor
2019-10-09 06:23:07,345 [Datanode State Machine Thread - 0] INFO  datanode.InitDatanodeState (InitDatanodeState.java:persistContainerDatanodeDetails(140)) - DatanodeDetails is persisted to /workdir/hadoop-ozone/integration-test/target/test-dir/MiniOzoneClusterImpl-8c69ce3e-b1cc-48be-a05c-d4de48fc12a3/datanode-2/meta/datanode.id
2019-10-09 06:23:07,345 [main] INFO  ozone.HddsDatanodeService (HddsDatanodeService.java:start(184)) - HddsDatanodeService host:pr-hdds-2269-kpn6k-1406547098 ip:192.168.164.215
2019-10-09 06:23:07,354 [main] INFO  volume.HddsVolume (HddsVolume.java:<init>(176)) - Creating Volume: /workdir/hadoop-ozone/integration-test/target/test-dir/MiniOzoneClusterImpl-8c69ce3e-b1cc-48be-a05c-d4de48fc12a3/datanode-3/data/containers/hdds of  storage type : DISK and capacity : 1482555576320
2019-10-09 06:23:07,354 [main] INFO  volume.VolumeSet (VolumeSet.java:initializeVolumeSet(170)) - Added Volume : /workdir/hadoop-ozone/integration-test/target/test-dir/MiniOzoneClusterImpl-8c69ce3e-b1cc-48be-a05c-d4de48fc12a3/datanode-3/data/containers/hdds to VolumeSet
2019-10-09 06:23:07,354 [main] INFO  volume.ThrottledAsyncChecker (ThrottledAsyncChecker.java:schedule(141)) - Scheduling a check for org.apache.hadoop.ozone.container.common.volume.HddsVolume@5785e813
2019-10-09 06:23:07,354 [main] INFO  volume.HddsVolumeChecker (HddsVolumeChecker.java:checkAllVolumes(204)) - Scheduled health check for volume org.apache.hadoop.ozone.container.common.volume.HddsVolume@5785e813
2019-10-09 06:23:07,370 [main] INFO  impl.RaftServerProxy (ConfUtils.java:logGet(43)) - raft.rpc.type = GRPC (default)
2019-10-09 06:23:07,371 [main] INFO  grpc.GrpcFactory (GrpcFactory.java:checkPooledByteBufAllocatorUseCacheForAllThreads(45)) - PERFORMANCE WARNING: useCacheForAllThreads is true that may cause Netty to create a lot garbage objects and, as a result, trigger GC.
	It is recommended to disable useCacheForAllThreads by setting -Dorg.apache.ratis.thirdparty.io.netty.allocator.useCacheForAllThreads=false in command line.
2019-10-09 06:23:07,371 [main] INFO  grpc.GrpcConfigKeys$Server (ConfUtils.java:logGet(43)) - raft.grpc.server.port = 0 (default)
2019-10-09 06:23:07,371 [main] INFO  server.GrpcService (ConfUtils.java:logGet(43)) - raft.grpc.message.size.max = 33570816 (custom)
2019-10-09 06:23:07,371 [main] INFO  server.RaftServerConfigKeys (ConfUtils.java:logGet(43)) - raft.server.log.appender.buffer.byte-limit = 33554432 (custom)
2019-10-09 06:23:07,371 [main] INFO  server.GrpcService (ConfUtils.java:logGet(43)) - raft.grpc.flow.control.window = 1MB (=1048576) (default)
2019-10-09 06:23:07,372 [main] INFO  server.RaftServerConfigKeys (ConfUtils.java:logGet(43)) - raft.server.rpc.request.timeout = 3000ms (default)
2019-10-09 06:23:07,372 [main] INFO  server.RaftServerConfigKeys (ConfUtils.java:logGet(43)) - raft.server.storage.dir = [/workdir/hadoop-ozone/integration-test/target/test-dir/MiniOzoneClusterImpl-8c69ce3e-b1cc-48be-a05c-d4de48fc12a3/datanode-3/data/ratis] (custom)
2019-10-09 06:23:07,373 [main] INFO  hdfs.DFSUtil (DFSUtil.java:httpServerTemplateForNNAndJN(1641)) - Starting Web-server for hddsDatanode at: http://0.0.0.0:0
2019-10-09 06:23:07,375 [main] INFO  server.AuthenticationFilter (AuthenticationFilter.java:constructSecretProvider(240)) - Unable to initialize FileSignerSecretProvider, falling back to use random secrets.
2019-10-09 06:23:07,375 [main] WARN  http.HttpRequestLog (HttpRequestLog.java:getRequestLog(97)) - Jetty request log can only be enabled using Log4j
2019-10-09 06:23:07,377 [main] INFO  http.HttpServer2 (HttpServer2.java:addGlobalFilter(975)) - Added global filter 'safety' (class=org.apache.hadoop.http.HttpServer2$QuotingInputFilter)
2019-10-09 06:23:07,377 [main] INFO  http.HttpServer2 (HttpServer2.java:addFilter(948)) - Added filter static_user_filter (class=org.apache.hadoop.http.lib.StaticUserWebFilter$StaticUserFilter) to context hddsDatanode
2019-10-09 06:23:07,377 [main] INFO  http.HttpServer2 (HttpServer2.java:addFilter(958)) - Added filter static_user_filter (class=org.apache.hadoop.http.lib.StaticUserWebFilter$StaticUserFilter) to context logs
2019-10-09 06:23:07,378 [main] INFO  http.HttpServer2 (HttpServer2.java:addFilter(958)) - Added filter static_user_filter (class=org.apache.hadoop.http.lib.StaticUserWebFilter$StaticUserFilter) to context static
2019-10-09 06:23:07,378 [main] INFO  http.HttpServer2 (HttpServer2.java:bindListener(1191)) - Jetty bound to port 46421
2019-10-09 06:23:07,379 [main] INFO  server.Server (Server.java:doStart(351)) - jetty-9.3.25.v20180904, build timestamp: 2018-09-04T21:11:46Z, git hash: 3ce520221d0240229c862b122d2b06c12a625732
2019-10-09 06:23:07,380 [main] INFO  handler.ContextHandler (ContextHandler.java:doStart(781)) - Started o.e.j.s.ServletContextHandler@2725ca05{/logs,file:///workdir/hadoop-ozone/integration-test/target/log,AVAILABLE}
2019-10-09 06:23:07,381 [main] INFO  handler.ContextHandler (ContextHandler.java:doStart(781)) - Started o.e.j.s.ServletContextHandler@1a914089{/static,jar:file:/home/user/.m2/repository/org/apache/hadoop/hadoop-hdds-container-service/0.5.0-SNAPSHOT/hadoop-hdds-container-service-0.5.0-SNAPSHOT.jar!/webapps/static,AVAILABLE}
2019-10-09 06:23:07,420 [main] INFO  handler.ContextHandler (ContextHandler.java:doStart(781)) - Started o.e.j.w.WebAppContext@4eeab3e{/,file:///tmp/jetty-0.0.0.0-46421-hddsDatanode-_-any-2216202396432219143.dir/webapp/,AVAILABLE}{/hddsDatanode}
2019-10-09 06:23:07,420 [main] INFO  server.AbstractConnector (AbstractConnector.java:doStart(278)) - Started ServerConnector@2b6fb197{HTTP/1.1,[http/1.1]}{0.0.0.0:46421}
2019-10-09 06:23:07,424 [main] INFO  server.Server (Server.java:doStart(419)) - Started @224678ms
2019-10-09 06:23:07,425 [main] WARN  impl.MetricsSystemImpl (MetricsSystemImpl.java:register(276)) - Sink prometheus already exists!
2019-10-09 06:23:07,425 [main] INFO  server.BaseHttpServer (BaseHttpServer.java:updateConnectorAddress(215)) - HTTP server of HDDSDATANODE is listening at http://0.0.0.0:46421
2019-10-09 06:23:07,426 [main] INFO  impl.MetricsSystemImpl (MetricsSystemImpl.java:init(158)) - HddsDatanode metrics system started (again)
2019-10-09 06:23:07,452 [org.apache.hadoop.util.JvmPauseMonitor$Monitor@32de2e] INFO  util.JvmPauseMonitor (JvmPauseMonitor.java:run(188)) - Starting JVM pause monitor
2019-10-09 06:23:07,453 [Datanode State Machine Thread - 0] INFO  datanode.InitDatanodeState (InitDatanodeState.java:persistContainerDatanodeDetails(140)) - DatanodeDetails is persisted to /workdir/hadoop-ozone/integration-test/target/test-dir/MiniOzoneClusterImpl-8c69ce3e-b1cc-48be-a05c-d4de48fc12a3/datanode-3/meta/datanode.id
2019-10-09 06:23:07,454 [main] INFO  ozone.HddsDatanodeService (HddsDatanodeService.java:start(184)) - HddsDatanodeService host:pr-hdds-2269-kpn6k-1406547098 ip:192.168.164.215
2019-10-09 06:23:07,465 [main] INFO  volume.HddsVolume (HddsVolume.java:<init>(176)) - Creating Volume: /workdir/hadoop-ozone/integration-test/target/test-dir/MiniOzoneClusterImpl-8c69ce3e-b1cc-48be-a05c-d4de48fc12a3/datanode-4/data/containers/hdds of  storage type : DISK and capacity : 1482555576320
2019-10-09 06:23:07,466 [main] INFO  volume.VolumeSet (VolumeSet.java:initializeVolumeSet(170)) - Added Volume : /workdir/hadoop-ozone/integration-test/target/test-dir/MiniOzoneClusterImpl-8c69ce3e-b1cc-48be-a05c-d4de48fc12a3/datanode-4/data/containers/hdds to VolumeSet
2019-10-09 06:23:07,466 [main] INFO  volume.ThrottledAsyncChecker (ThrottledAsyncChecker.java:schedule(141)) - Scheduling a check for org.apache.hadoop.ozone.container.common.volume.HddsVolume@2b43f314
2019-10-09 06:23:07,466 [main] INFO  volume.HddsVolumeChecker (HddsVolumeChecker.java:checkAllVolumes(204)) - Scheduled health check for volume org.apache.hadoop.ozone.container.common.volume.HddsVolume@2b43f314
2019-10-09 06:23:07,484 [main] INFO  impl.RaftServerProxy (ConfUtils.java:logGet(43)) - raft.rpc.type = GRPC (default)
2019-10-09 06:23:07,485 [main] INFO  grpc.GrpcFactory (GrpcFactory.java:checkPooledByteBufAllocatorUseCacheForAllThreads(45)) - PERFORMANCE WARNING: useCacheForAllThreads is true that may cause Netty to create a lot garbage objects and, as a result, trigger GC.
	It is recommended to disable useCacheForAllThreads by setting -Dorg.apache.ratis.thirdparty.io.netty.allocator.useCacheForAllThreads=false in command line.
2019-10-09 06:23:07,485 [main] INFO  grpc.GrpcConfigKeys$Server (ConfUtils.java:logGet(43)) - raft.grpc.server.port = 0 (default)
2019-10-09 06:23:07,485 [main] INFO  server.GrpcService (ConfUtils.java:logGet(43)) - raft.grpc.message.size.max = 33570816 (custom)
2019-10-09 06:23:07,485 [main] INFO  server.RaftServerConfigKeys (ConfUtils.java:logGet(43)) - raft.server.log.appender.buffer.byte-limit = 33554432 (custom)
2019-10-09 06:23:07,486 [main] INFO  server.GrpcService (ConfUtils.java:logGet(43)) - raft.grpc.flow.control.window = 1MB (=1048576) (default)
2019-10-09 06:23:07,486 [main] INFO  server.RaftServerConfigKeys (ConfUtils.java:logGet(43)) - raft.server.rpc.request.timeout = 3000ms (default)
2019-10-09 06:23:07,486 [main] INFO  server.RaftServerConfigKeys (ConfUtils.java:logGet(43)) - raft.server.storage.dir = [/workdir/hadoop-ozone/integration-test/target/test-dir/MiniOzoneClusterImpl-8c69ce3e-b1cc-48be-a05c-d4de48fc12a3/datanode-4/data/ratis] (custom)
2019-10-09 06:23:07,487 [main] INFO  hdfs.DFSUtil (DFSUtil.java:httpServerTemplateForNNAndJN(1641)) - Starting Web-server for hddsDatanode at: http://0.0.0.0:0
2019-10-09 06:23:07,489 [main] INFO  server.AuthenticationFilter (AuthenticationFilter.java:constructSecretProvider(240)) - Unable to initialize FileSignerSecretProvider, falling back to use random secrets.
2019-10-09 06:23:07,489 [main] WARN  http.HttpRequestLog (HttpRequestLog.java:getRequestLog(97)) - Jetty request log can only be enabled using Log4j
2019-10-09 06:23:07,491 [main] INFO  http.HttpServer2 (HttpServer2.java:addGlobalFilter(975)) - Added global filter 'safety' (class=org.apache.hadoop.http.HttpServer2$QuotingInputFilter)
2019-10-09 06:23:07,491 [main] INFO  http.HttpServer2 (HttpServer2.java:addFilter(948)) - Added filter static_user_filter (class=org.apache.hadoop.http.lib.StaticUserWebFilter$StaticUserFilter) to context hddsDatanode
2019-10-09 06:23:07,491 [main] INFO  http.HttpServer2 (HttpServer2.java:addFilter(958)) - Added filter static_user_filter (class=org.apache.hadoop.http.lib.StaticUserWebFilter$StaticUserFilter) to context logs
2019-10-09 06:23:07,492 [main] INFO  http.HttpServer2 (HttpServer2.java:addFilter(958)) - Added filter static_user_filter (class=org.apache.hadoop.http.lib.StaticUserWebFilter$StaticUserFilter) to context static
2019-10-09 06:23:07,492 [main] INFO  http.HttpServer2 (HttpServer2.java:bindListener(1191)) - Jetty bound to port 42445
2019-10-09 06:23:07,493 [main] INFO  server.Server (Server.java:doStart(351)) - jetty-9.3.25.v20180904, build timestamp: 2018-09-04T21:11:46Z, git hash: 3ce520221d0240229c862b122d2b06c12a625732
2019-10-09 06:23:07,494 [main] INFO  handler.ContextHandler (ContextHandler.java:doStart(781)) - Started o.e.j.s.ServletContextHandler@28b8f98a{/logs,file:///workdir/hadoop-ozone/integration-test/target/log,AVAILABLE}
2019-10-09 06:23:07,495 [main] INFO  handler.ContextHandler (ContextHandler.java:doStart(781)) - Started o.e.j.s.ServletContextHandler@22cb3d59{/static,jar:file:/home/user/.m2/repository/org/apache/hadoop/hadoop-hdds-container-service/0.5.0-SNAPSHOT/hadoop-hdds-container-service-0.5.0-SNAPSHOT.jar!/webapps/static,AVAILABLE}
2019-10-09 06:23:07,527 [main] INFO  handler.ContextHandler (ContextHandler.java:doStart(781)) - Started o.e.j.w.WebAppContext@76563ae7{/,file:///tmp/jetty-0.0.0.0-42445-hddsDatanode-_-any-3535065255647708871.dir/webapp/,AVAILABLE}{/hddsDatanode}
2019-10-09 06:23:07,528 [main] INFO  server.AbstractConnector (AbstractConnector.java:doStart(278)) - Started ServerConnector@4fd74223{HTTP/1.1,[http/1.1]}{0.0.0.0:42445}
2019-10-09 06:23:07,531 [main] INFO  server.Server (Server.java:doStart(419)) - Started @224785ms
2019-10-09 06:23:07,532 [main] WARN  impl.MetricsSystemImpl (MetricsSystemImpl.java:register(276)) - Sink prometheus already exists!
2019-10-09 06:23:07,532 [main] INFO  server.BaseHttpServer (BaseHttpServer.java:updateConnectorAddress(215)) - HTTP server of HDDSDATANODE is listening at http://0.0.0.0:42445
2019-10-09 06:23:07,532 [main] INFO  impl.MetricsSystemImpl (MetricsSystemImpl.java:init(158)) - HddsDatanode metrics system started (again)
2019-10-09 06:23:07,553 [org.apache.hadoop.util.JvmPauseMonitor$Monitor@1b83ba0b] INFO  util.JvmPauseMonitor (JvmPauseMonitor.java:run(188)) - Starting JVM pause monitor
2019-10-09 06:23:07,555 [Datanode State Machine Thread - 0] INFO  datanode.InitDatanodeState (InitDatanodeState.java:persistContainerDatanodeDetails(140)) - DatanodeDetails is persisted to /workdir/hadoop-ozone/integration-test/target/test-dir/MiniOzoneClusterImpl-8c69ce3e-b1cc-48be-a05c-d4de48fc12a3/datanode-4/meta/datanode.id
2019-10-09 06:23:07,555 [main] INFO  ozone.HddsDatanodeService (HddsDatanodeService.java:start(184)) - HddsDatanodeService host:pr-hdds-2269-kpn6k-1406547098 ip:192.168.164.215
2019-10-09 06:23:07,568 [main] INFO  volume.HddsVolume (HddsVolume.java:<init>(176)) - Creating Volume: /workdir/hadoop-ozone/integration-test/target/test-dir/MiniOzoneClusterImpl-8c69ce3e-b1cc-48be-a05c-d4de48fc12a3/datanode-5/data/containers/hdds of  storage type : DISK and capacity : 1482555576320
2019-10-09 06:23:07,568 [main] INFO  volume.VolumeSet (VolumeSet.java:initializeVolumeSet(170)) - Added Volume : /workdir/hadoop-ozone/integration-test/target/test-dir/MiniOzoneClusterImpl-8c69ce3e-b1cc-48be-a05c-d4de48fc12a3/datanode-5/data/containers/hdds to VolumeSet
2019-10-09 06:23:07,568 [main] INFO  volume.ThrottledAsyncChecker (ThrottledAsyncChecker.java:schedule(141)) - Scheduling a check for org.apache.hadoop.ozone.container.common.volume.HddsVolume@5bb8e6fc
2019-10-09 06:23:07,569 [main] INFO  volume.HddsVolumeChecker (HddsVolumeChecker.java:checkAllVolumes(204)) - Scheduled health check for volume org.apache.hadoop.ozone.container.common.volume.HddsVolume@5bb8e6fc
2019-10-09 06:23:07,584 [main] INFO  impl.RaftServerProxy (ConfUtils.java:logGet(43)) - raft.rpc.type = GRPC (default)
2019-10-09 06:23:07,585 [main] INFO  grpc.GrpcFactory (GrpcFactory.java:checkPooledByteBufAllocatorUseCacheForAllThreads(45)) - PERFORMANCE WARNING: useCacheForAllThreads is true that may cause Netty to create a lot garbage objects and, as a result, trigger GC.
	It is recommended to disable useCacheForAllThreads by setting -Dorg.apache.ratis.thirdparty.io.netty.allocator.useCacheForAllThreads=false in command line.
2019-10-09 06:23:07,585 [main] INFO  grpc.GrpcConfigKeys$Server (ConfUtils.java:logGet(43)) - raft.grpc.server.port = 0 (default)
2019-10-09 06:23:07,585 [main] INFO  server.GrpcService (ConfUtils.java:logGet(43)) - raft.grpc.message.size.max = 33570816 (custom)
2019-10-09 06:23:07,585 [main] INFO  server.RaftServerConfigKeys (ConfUtils.java:logGet(43)) - raft.server.log.appender.buffer.byte-limit = 33554432 (custom)
2019-10-09 06:23:07,585 [main] INFO  server.GrpcService (ConfUtils.java:logGet(43)) - raft.grpc.flow.control.window = 1MB (=1048576) (default)
2019-10-09 06:23:07,585 [main] INFO  server.RaftServerConfigKeys (ConfUtils.java:logGet(43)) - raft.server.rpc.request.timeout = 3000ms (default)
2019-10-09 06:23:07,586 [main] INFO  server.RaftServerConfigKeys (ConfUtils.java:logGet(43)) - raft.server.storage.dir = [/workdir/hadoop-ozone/integration-test/target/test-dir/MiniOzoneClusterImpl-8c69ce3e-b1cc-48be-a05c-d4de48fc12a3/datanode-5/data/ratis] (custom)
2019-10-09 06:23:07,587 [main] INFO  hdfs.DFSUtil (DFSUtil.java:httpServerTemplateForNNAndJN(1641)) - Starting Web-server for hddsDatanode at: http://0.0.0.0:0
2019-10-09 06:23:07,588 [main] INFO  server.AuthenticationFilter (AuthenticationFilter.java:constructSecretProvider(240)) - Unable to initialize FileSignerSecretProvider, falling back to use random secrets.
2019-10-09 06:23:07,588 [main] WARN  http.HttpRequestLog (HttpRequestLog.java:getRequestLog(97)) - Jetty request log can only be enabled using Log4j
2019-10-09 06:23:07,589 [main] INFO  http.HttpServer2 (HttpServer2.java:addGlobalFilter(975)) - Added global filter 'safety' (class=org.apache.hadoop.http.HttpServer2$QuotingInputFilter)
2019-10-09 06:23:07,589 [main] INFO  http.HttpServer2 (HttpServer2.java:addFilter(948)) - Added filter static_user_filter (class=org.apache.hadoop.http.lib.StaticUserWebFilter$StaticUserFilter) to context hddsDatanode
2019-10-09 06:23:07,589 [main] INFO  http.HttpServer2 (HttpServer2.java:addFilter(958)) - Added filter static_user_filter (class=org.apache.hadoop.http.lib.StaticUserWebFilter$StaticUserFilter) to context logs
2019-10-09 06:23:07,589 [main] INFO  http.HttpServer2 (HttpServer2.java:addFilter(958)) - Added filter static_user_filter (class=org.apache.hadoop.http.lib.StaticUserWebFilter$StaticUserFilter) to context static
2019-10-09 06:23:07,590 [main] INFO  http.HttpServer2 (HttpServer2.java:bindListener(1191)) - Jetty bound to port 43300
2019-10-09 06:23:07,590 [main] INFO  server.Server (Server.java:doStart(351)) - jetty-9.3.25.v20180904, build timestamp: 2018-09-04T21:11:46Z, git hash: 3ce520221d0240229c862b122d2b06c12a625732
2019-10-09 06:23:07,596 [main] INFO  handler.ContextHandler (ContextHandler.java:doStart(781)) - Started o.e.j.s.ServletContextHandler@7a606260{/logs,file:///workdir/hadoop-ozone/integration-test/target/log,AVAILABLE}
2019-10-09 06:23:07,597 [main] INFO  handler.ContextHandler (ContextHandler.java:doStart(781)) - Started o.e.j.s.ServletContextHandler@5939e24{/static,jar:file:/home/user/.m2/repository/org/apache/hadoop/hadoop-hdds-container-service/0.5.0-SNAPSHOT/hadoop-hdds-container-service-0.5.0-SNAPSHOT.jar!/webapps/static,AVAILABLE}
2019-10-09 06:23:07,616 [grpc-default-executor-0] WARN  server.GrpcLogAppender (LogUtils.java:warn(134)) - ed6f6a70-b6f8-4961-980c-85ada14e1a17@group-8111FD1E9AB5->6856b686-1c7c-4dc9-8a2c-12464df5d3b9-AppendLogResponseHandler: Failed appendEntries: org.apache.ratis.thirdparty.io.grpc.StatusRuntimeException: UNAVAILABLE: io exception
2019-10-09 06:23:07,616 [grpc-default-executor-6] WARN  server.GrpcLogAppender (LogUtils.java:warn(134)) - ed6f6a70-b6f8-4961-980c-85ada14e1a17@group-8111FD1E9AB5->4328684e-b37e-4e01-8f53-68accb045f0f-AppendLogResponseHandler: Failed appendEntries: org.apache.ratis.thirdparty.io.grpc.StatusRuntimeException: UNAVAILABLE: io exception
2019-10-09 06:23:07,617 [grpc-default-executor-0] INFO  impl.FollowerInfo (FollowerInfo.java:lambda$new$0(51)) - ed6f6a70-b6f8-4961-980c-85ada14e1a17@group-8111FD1E9AB5->6856b686-1c7c-4dc9-8a2c-12464df5d3b9: nextIndex: updateUnconditionally 0 -> 0
2019-10-09 06:23:07,617 [grpc-default-executor-6] INFO  impl.FollowerInfo (FollowerInfo.java:lambda$new$0(51)) - ed6f6a70-b6f8-4961-980c-85ada14e1a17@group-8111FD1E9AB5->4328684e-b37e-4e01-8f53-68accb045f0f: nextIndex: updateUnconditionally 0 -> 0
2019-10-09 06:23:07,621 [main] INFO  handler.ContextHandler (ContextHandler.java:doStart(781)) - Started o.e.j.w.WebAppContext@29d070c7{/,file:///tmp/jetty-0.0.0.0-43300-hddsDatanode-_-any-4314775455803788380.dir/webapp/,AVAILABLE}{/hddsDatanode}
2019-10-09 06:23:07,622 [main] INFO  server.AbstractConnector (AbstractConnector.java:doStart(278)) - Started ServerConnector@1eeb5818{HTTP/1.1,[http/1.1]}{0.0.0.0:43300}
2019-10-09 06:23:07,626 [main] INFO  server.Server (Server.java:doStart(419)) - Started @224880ms
2019-10-09 06:23:07,626 [main] WARN  impl.MetricsSystemImpl (MetricsSystemImpl.java:register(276)) - Sink prometheus already exists!
2019-10-09 06:23:07,627 [main] INFO  server.BaseHttpServer (BaseHttpServer.java:updateConnectorAddress(215)) - HTTP server of HDDSDATANODE is listening at http://0.0.0.0:43300
2019-10-09 06:23:07,627 [main] INFO  impl.MetricsSystemImpl (MetricsSystemImpl.java:init(158)) - HddsDatanode metrics system started (again)
2019-10-09 06:23:07,646 [org.apache.hadoop.util.JvmPauseMonitor$Monitor@b14e82f] INFO  util.JvmPauseMonitor (JvmPauseMonitor.java:run(188)) - Starting JVM pause monitor
2019-10-09 06:23:07,648 [main] INFO  ozone.HddsDatanodeService (HddsDatanodeService.java:start(184)) - HddsDatanodeService host:pr-hdds-2269-kpn6k-1406547098 ip:192.168.164.215
2019-10-09 06:23:07,648 [Datanode State Machine Thread - 0] INFO  datanode.InitDatanodeState (InitDatanodeState.java:persistContainerDatanodeDetails(140)) - DatanodeDetails is persisted to /workdir/hadoop-ozone/integration-test/target/test-dir/MiniOzoneClusterImpl-8c69ce3e-b1cc-48be-a05c-d4de48fc12a3/datanode-5/meta/datanode.id
2019-10-09 06:23:07,658 [main] INFO  volume.HddsVolume (HddsVolume.java:<init>(176)) - Creating Volume: /workdir/hadoop-ozone/integration-test/target/test-dir/MiniOzoneClusterImpl-8c69ce3e-b1cc-48be-a05c-d4de48fc12a3/datanode-6/data/containers/hdds of  storage type : DISK and capacity : 1482555576320
2019-10-09 06:23:07,658 [main] INFO  volume.VolumeSet (VolumeSet.java:initializeVolumeSet(170)) - Added Volume : /workdir/hadoop-ozone/integration-test/target/test-dir/MiniOzoneClusterImpl-8c69ce3e-b1cc-48be-a05c-d4de48fc12a3/datanode-6/data/containers/hdds to VolumeSet
2019-10-09 06:23:07,658 [main] INFO  volume.ThrottledAsyncChecker (ThrottledAsyncChecker.java:schedule(141)) - Scheduling a check for org.apache.hadoop.ozone.container.common.volume.HddsVolume@755b5f30
2019-10-09 06:23:07,658 [main] INFO  volume.HddsVolumeChecker (HddsVolumeChecker.java:checkAllVolumes(204)) - Scheduled health check for volume org.apache.hadoop.ozone.container.common.volume.HddsVolume@755b5f30
2019-10-09 06:23:07,675 [main] INFO  impl.RaftServerProxy (ConfUtils.java:logGet(43)) - raft.rpc.type = GRPC (default)
2019-10-09 06:23:07,675 [main] INFO  grpc.GrpcFactory (GrpcFactory.java:checkPooledByteBufAllocatorUseCacheForAllThreads(45)) - PERFORMANCE WARNING: useCacheForAllThreads is true that may cause Netty to create a lot garbage objects and, as a result, trigger GC.
	It is recommended to disable useCacheForAllThreads by setting -Dorg.apache.ratis.thirdparty.io.netty.allocator.useCacheForAllThreads=false in command line.
2019-10-09 06:23:07,675 [main] INFO  grpc.GrpcConfigKeys$Server (ConfUtils.java:logGet(43)) - raft.grpc.server.port = 0 (default)
2019-10-09 06:23:07,675 [main] INFO  server.GrpcService (ConfUtils.java:logGet(43)) - raft.grpc.message.size.max = 33570816 (custom)
2019-10-09 06:23:07,676 [main] INFO  server.RaftServerConfigKeys (ConfUtils.java:logGet(43)) - raft.server.log.appender.buffer.byte-limit = 33554432 (custom)
2019-10-09 06:23:07,676 [main] INFO  server.GrpcService (ConfUtils.java:logGet(43)) - raft.grpc.flow.control.window = 1MB (=1048576) (default)
2019-10-09 06:23:07,676 [main] INFO  server.RaftServerConfigKeys (ConfUtils.java:logGet(43)) - raft.server.rpc.request.timeout = 3000ms (default)
2019-10-09 06:23:07,676 [main] INFO  server.RaftServerConfigKeys (ConfUtils.java:logGet(43)) - raft.server.storage.dir = [/workdir/hadoop-ozone/integration-test/target/test-dir/MiniOzoneClusterImpl-8c69ce3e-b1cc-48be-a05c-d4de48fc12a3/datanode-6/data/ratis] (custom)
2019-10-09 06:23:07,677 [main] INFO  hdfs.DFSUtil (DFSUtil.java:httpServerTemplateForNNAndJN(1641)) - Starting Web-server for hddsDatanode at: http://0.0.0.0:0
2019-10-09 06:23:07,678 [main] INFO  server.AuthenticationFilter (AuthenticationFilter.java:constructSecretProvider(240)) - Unable to initialize FileSignerSecretProvider, falling back to use random secrets.
2019-10-09 06:23:07,678 [main] WARN  http.HttpRequestLog (HttpRequestLog.java:getRequestLog(97)) - Jetty request log can only be enabled using Log4j
2019-10-09 06:23:07,679 [main] INFO  http.HttpServer2 (HttpServer2.java:addGlobalFilter(975)) - Added global filter 'safety' (class=org.apache.hadoop.http.HttpServer2$QuotingInputFilter)
2019-10-09 06:23:07,680 [main] INFO  http.HttpServer2 (HttpServer2.java:addFilter(948)) - Added filter static_user_filter (class=org.apache.hadoop.http.lib.StaticUserWebFilter$StaticUserFilter) to context hddsDatanode
2019-10-09 06:23:07,680 [main] INFO  http.HttpServer2 (HttpServer2.java:addFilter(958)) - Added filter static_user_filter (class=org.apache.hadoop.http.lib.StaticUserWebFilter$StaticUserFilter) to context static
2019-10-09 06:23:07,680 [main] INFO  http.HttpServer2 (HttpServer2.java:addFilter(958)) - Added filter static_user_filter (class=org.apache.hadoop.http.lib.StaticUserWebFilter$StaticUserFilter) to context logs
2019-10-09 06:23:07,680 [main] INFO  http.HttpServer2 (HttpServer2.java:bindListener(1191)) - Jetty bound to port 33531
2019-10-09 06:23:07,680 [main] INFO  server.Server (Server.java:doStart(351)) - jetty-9.3.25.v20180904, build timestamp: 2018-09-04T21:11:46Z, git hash: 3ce520221d0240229c862b122d2b06c12a625732
2019-10-09 06:23:07,682 [main] INFO  handler.ContextHandler (ContextHandler.java:doStart(781)) - Started o.e.j.s.ServletContextHandler@430df350{/logs,file:///workdir/hadoop-ozone/integration-test/target/log,AVAILABLE}
2019-10-09 06:23:07,682 [Thread-2260] INFO  client.GrpcClientProtocolService (GrpcClientProtocolService.java:lambda$processClientRequest$0(278)) - Failed RaftClientRequest:client-73D7DD0DDDF0->ed6f6a70-b6f8-4961-980c-85ada14e1a17@group-8111FD1E9AB5, cid=67, seq=0, Watch-ALL_COMMITTED(46), Message:<EMPTY>, reply=RaftClientReply:client-73D7DD0DDDF0->ed6f6a70-b6f8-4961-980c-85ada14e1a17@group-8111FD1E9AB5, cid=67, FAILED org.apache.ratis.protocol.NotReplicatedException: Request with call Id 67 and log index 46 is not yet replicated to ALL_COMMITTED, logIndex=46, commits[ed6f6a70-b6f8-4961-980c-85ada14e1a17:c2, 6856b686-1c7c-4dc9-8a2c-12464df5d3b9:c2, 4328684e-b37e-4e01-8f53-68accb045f0f:c2]
2019-10-09 06:23:07,682 [main] INFO  handler.ContextHandler (ContextHandler.java:doStart(781)) - Started o.e.j.s.ServletContextHandler@175c5c3a{/static,jar:file:/home/user/.m2/repository/org/apache/hadoop/hadoop-hdds-container-service/0.5.0-SNAPSHOT/hadoop-hdds-container-service-0.5.0-SNAPSHOT.jar!/webapps/static,AVAILABLE}
2019-10-09 06:23:07,683 [Thread-2261] INFO  client.GrpcClientProtocolService (GrpcClientProtocolService.java:lambda$processClientRequest$0(278)) - Failed RaftClientRequest:client-73D7DD0DDDF0->ed6f6a70-b6f8-4961-980c-85ada14e1a17@group-8111FD1E9AB5, cid=68, seq=0, Watch-MAJORITY_COMMITTED(46), Message:<EMPTY>, reply=RaftClientReply:client-73D7DD0DDDF0->ed6f6a70-b6f8-4961-980c-85ada14e1a17@group-8111FD1E9AB5, cid=68, FAILED org.apache.ratis.protocol.NotReplicatedException: Request with call Id 68 and log index 46 is not yet replicated to MAJORITY_COMMITTED, logIndex=46, commits[ed6f6a70-b6f8-4961-980c-85ada14e1a17:c2, 6856b686-1c7c-4dc9-8a2c-12464df5d3b9:c2, 4328684e-b37e-4e01-8f53-68accb045f0f:c2]
2019-10-09 06:23:07,713 [main] INFO  handler.ContextHandler (ContextHandler.java:doStart(781)) - Started o.e.j.w.WebAppContext@5333f08f{/,file:///tmp/jetty-0.0.0.0-33531-hddsDatanode-_-any-8602642271968138665.dir/webapp/,AVAILABLE}{/hddsDatanode}
2019-10-09 06:23:07,713 [main] INFO  server.AbstractConnector (AbstractConnector.java:doStart(278)) - Started ServerConnector@27898e13{HTTP/1.1,[http/1.1]}{0.0.0.0:33531}
2019-10-09 06:23:07,716 [main] INFO  server.Server (Server.java:doStart(419)) - Started @224970ms
2019-10-09 06:23:07,716 [main] WARN  impl.MetricsSystemImpl (MetricsSystemImpl.java:register(276)) - Sink prometheus already exists!
2019-10-09 06:23:07,717 [main] INFO  server.BaseHttpServer (BaseHttpServer.java:updateConnectorAddress(215)) - HTTP server of HDDSDATANODE is listening at http://0.0.0.0:33531
2019-10-09 06:23:07,717 [main] INFO  ozone.MiniOzoneClusterImpl (MiniOzoneClusterImpl.java:lambda$waitForClusterToBeReady$0(147)) - Waiting for cluster to be ready. Got 0 of 7 DN Heartbeats.
2019-10-09 06:23:07,719 [org.apache.hadoop.util.JvmPauseMonitor$Monitor@7fec4f7d] INFO  util.JvmPauseMonitor (JvmPauseMonitor.java:run(188)) - Starting JVM pause monitor
2019-10-09 06:23:07,722 [Datanode State Machine Thread - 0] INFO  datanode.InitDatanodeState (InitDatanodeState.java:persistContainerDatanodeDetails(140)) - DatanodeDetails is persisted to /workdir/hadoop-ozone/integration-test/target/test-dir/MiniOzoneClusterImpl-8c69ce3e-b1cc-48be-a05c-d4de48fc12a3/datanode-6/meta/datanode.id
2019-10-09 06:23:08,718 [main] INFO  ozone.MiniOzoneClusterImpl (MiniOzoneClusterImpl.java:lambda$waitForClusterToBeReady$0(147)) - Waiting for cluster to be ready. Got 0 of 7 DN Heartbeats.
2019-10-09 06:23:09,208 [Datanode State Machine Thread - 0] INFO  ozoneimpl.OzoneContainer (OzoneContainer.java:start(213)) - Attempting to start container services.
2019-10-09 06:23:09,208 [Datanode State Machine Thread - 0] INFO  ozoneimpl.OzoneContainer (OzoneContainer.java:startContainerScrub(177)) - Background container scanner has been disabled.
2019-10-09 06:23:09,209 [Datanode State Machine Thread - 0] INFO  ratis.XceiverServerRatis (XceiverServerRatis.java:start(418)) - Starting XceiverServerRatis dd432914-2a38-441d-a246-854f4e4ff8bf at port 0
2019-10-09 06:23:09,214 [Datanode State Machine Thread - 0] INFO  impl.RaftServerProxy (RaftServerProxy.java:lambda$start$3(299)) - dd432914-2a38-441d-a246-854f4e4ff8bf: start RPC server
2019-10-09 06:23:09,216 [Datanode State Machine Thread - 0] INFO  server.GrpcService (GrpcService.java:startImpl(158)) - dd432914-2a38-441d-a246-854f4e4ff8bf: GrpcService started, listening on 0.0.0.0/0.0.0.0:45662
2019-10-09 06:23:09,216 [Datanode State Machine Thread - 0] INFO  ratis.XceiverServerRatis (XceiverServerRatis.java:start(428)) - XceiverServerRatis dd432914-2a38-441d-a246-854f4e4ff8bf is started using port 45662
2019-10-09 06:23:09,230 [Datanode State Machine Thread - 0] INFO  server.XceiverServerGrpc (XceiverServerGrpc.java:start(149)) - XceiverServerGrpc dd432914-2a38-441d-a246-854f4e4ff8bf is started using port 32976
2019-10-09 06:23:09,257 [Datanode State Machine Thread - 0] INFO  ozoneimpl.OzoneContainer (OzoneContainer.java:start(213)) - Attempting to start container services.
2019-10-09 06:23:09,257 [Datanode State Machine Thread - 0] INFO  ozoneimpl.OzoneContainer (OzoneContainer.java:startContainerScrub(177)) - Background container scanner has been disabled.
2019-10-09 06:23:09,257 [Datanode State Machine Thread - 0] INFO  ratis.XceiverServerRatis (XceiverServerRatis.java:start(418)) - Starting XceiverServerRatis 973792f1-12ee-47e0-9473-a8308b74e3f4 at port 0
2019-10-09 06:23:09,262 [Datanode State Machine Thread - 0] INFO  impl.RaftServerProxy (RaftServerProxy.java:lambda$start$3(299)) - 973792f1-12ee-47e0-9473-a8308b74e3f4: start RPC server
2019-10-09 06:23:09,263 [Datanode State Machine Thread - 0] INFO  server.GrpcService (GrpcService.java:startImpl(158)) - 973792f1-12ee-47e0-9473-a8308b74e3f4: GrpcService started, listening on 0.0.0.0/0.0.0.0:38158
2019-10-09 06:23:09,263 [Datanode State Machine Thread - 0] INFO  ratis.XceiverServerRatis (XceiverServerRatis.java:start(428)) - XceiverServerRatis 973792f1-12ee-47e0-9473-a8308b74e3f4 is started using port 38158
2019-10-09 06:23:09,263 [Datanode State Machine Thread - 0] INFO  server.XceiverServerGrpc (XceiverServerGrpc.java:start(149)) - XceiverServerGrpc 973792f1-12ee-47e0-9473-a8308b74e3f4 is started using port 43980
2019-10-09 06:23:09,357 [Datanode State Machine Thread - 0] INFO  ozoneimpl.OzoneContainer (OzoneContainer.java:start(213)) - Attempting to start container services.
2019-10-09 06:23:09,357 [Datanode State Machine Thread - 0] INFO  ozoneimpl.OzoneContainer (OzoneContainer.java:startContainerScrub(177)) - Background container scanner has been disabled.
2019-10-09 06:23:09,357 [Datanode State Machine Thread - 0] INFO  ratis.XceiverServerRatis (XceiverServerRatis.java:start(418)) - Starting XceiverServerRatis e283cf37-ec36-45f7-8c35-0275e987ea96 at port 0
2019-10-09 06:23:09,363 [Datanode State Machine Thread - 0] INFO  impl.RaftServerProxy (RaftServerProxy.java:lambda$start$3(299)) - e283cf37-ec36-45f7-8c35-0275e987ea96: start RPC server
2019-10-09 06:23:09,367 [Datanode State Machine Thread - 0] INFO  server.GrpcService (GrpcService.java:startImpl(158)) - e283cf37-ec36-45f7-8c35-0275e987ea96: GrpcService started, listening on 0.0.0.0/0.0.0.0:44715
2019-10-09 06:23:09,367 [Datanode State Machine Thread - 0] INFO  ratis.XceiverServerRatis (XceiverServerRatis.java:start(428)) - XceiverServerRatis e283cf37-ec36-45f7-8c35-0275e987ea96 is started using port 44715
2019-10-09 06:23:09,368 [Datanode State Machine Thread - 0] INFO  server.XceiverServerGrpc (XceiverServerGrpc.java:start(149)) - XceiverServerGrpc e283cf37-ec36-45f7-8c35-0275e987ea96 is started using port 38276
2019-10-09 06:23:09,466 [Datanode State Machine Thread - 0] INFO  ozoneimpl.OzoneContainer (OzoneContainer.java:start(213)) - Attempting to start container services.
2019-10-09 06:23:09,466 [Datanode State Machine Thread - 0] INFO  ozoneimpl.OzoneContainer (OzoneContainer.java:startContainerScrub(177)) - Background container scanner has been disabled.
2019-10-09 06:23:09,466 [Datanode State Machine Thread - 0] INFO  ratis.XceiverServerRatis (XceiverServerRatis.java:start(418)) - Starting XceiverServerRatis 8e2eea38-291e-46d5-8bf2-5a0081e459bb at port 0
2019-10-09 06:23:09,474 [Datanode State Machine Thread - 0] INFO  impl.RaftServerProxy (RaftServerProxy.java:lambda$start$3(299)) - 8e2eea38-291e-46d5-8bf2-5a0081e459bb: start RPC server
2019-10-09 06:23:09,479 [Datanode State Machine Thread - 0] INFO  server.GrpcService (GrpcService.java:startImpl(158)) - 8e2eea38-291e-46d5-8bf2-5a0081e459bb: GrpcService started, listening on 0.0.0.0/0.0.0.0:43392
2019-10-09 06:23:09,479 [Datanode State Machine Thread - 0] INFO  ratis.XceiverServerRatis (XceiverServerRatis.java:start(428)) - XceiverServerRatis 8e2eea38-291e-46d5-8bf2-5a0081e459bb is started using port 43392
2019-10-09 06:23:09,483 [Datanode State Machine Thread - 0] INFO  server.XceiverServerGrpc (XceiverServerGrpc.java:start(149)) - XceiverServerGrpc 8e2eea38-291e-46d5-8bf2-5a0081e459bb is started using port 42687
2019-10-09 06:23:09,566 [Datanode State Machine Thread - 0] INFO  ozoneimpl.OzoneContainer (OzoneContainer.java:start(213)) - Attempting to start container services.
2019-10-09 06:23:09,566 [Datanode State Machine Thread - 0] INFO  ozoneimpl.OzoneContainer (OzoneContainer.java:startContainerScrub(177)) - Background container scanner has been disabled.
2019-10-09 06:23:09,567 [Datanode State Machine Thread - 0] INFO  ratis.XceiverServerRatis (XceiverServerRatis.java:start(418)) - Starting XceiverServerRatis 0d8000ce-a3d6-4a1b-8ad9-6ddb0f1332ff at port 0
2019-10-09 06:23:09,573 [Datanode State Machine Thread - 0] INFO  impl.RaftServerProxy (RaftServerProxy.java:lambda$start$3(299)) - 0d8000ce-a3d6-4a1b-8ad9-6ddb0f1332ff: start RPC server
2019-10-09 06:23:09,574 [Datanode State Machine Thread - 0] INFO  server.GrpcService (GrpcService.java:startImpl(158)) - 0d8000ce-a3d6-4a1b-8ad9-6ddb0f1332ff: GrpcService started, listening on 0.0.0.0/0.0.0.0:41201
2019-10-09 06:23:09,574 [Datanode State Machine Thread - 0] INFO  ratis.XceiverServerRatis (XceiverServerRatis.java:start(428)) - XceiverServerRatis 0d8000ce-a3d6-4a1b-8ad9-6ddb0f1332ff is started using port 41201
2019-10-09 06:23:09,574 [Datanode State Machine Thread - 0] INFO  server.XceiverServerGrpc (XceiverServerGrpc.java:start(149)) - XceiverServerGrpc 0d8000ce-a3d6-4a1b-8ad9-6ddb0f1332ff is started using port 35831
2019-10-09 06:23:09,659 [Datanode State Machine Thread - 0] INFO  ozoneimpl.OzoneContainer (OzoneContainer.java:start(213)) - Attempting to start container services.
2019-10-09 06:23:09,660 [Datanode State Machine Thread - 0] INFO  ozoneimpl.OzoneContainer (OzoneContainer.java:startContainerScrub(177)) - Background container scanner has been disabled.
2019-10-09 06:23:09,660 [Datanode State Machine Thread - 0] INFO  ratis.XceiverServerRatis (XceiverServerRatis.java:start(418)) - Starting XceiverServerRatis a89cb1fa-651c-448c-a189-c0c91a4d6de6 at port 0
2019-10-09 06:23:09,670 [Datanode State Machine Thread - 0] INFO  impl.RaftServerProxy (RaftServerProxy.java:lambda$start$3(299)) - a89cb1fa-651c-448c-a189-c0c91a4d6de6: start RPC server
2019-10-09 06:23:09,671 [Datanode State Machine Thread - 0] INFO  server.GrpcService (GrpcService.java:startImpl(158)) - a89cb1fa-651c-448c-a189-c0c91a4d6de6: GrpcService started, listening on 0.0.0.0/0.0.0.0:33320
2019-10-09 06:23:09,671 [Datanode State Machine Thread - 0] INFO  ratis.XceiverServerRatis (XceiverServerRatis.java:start(428)) - XceiverServerRatis a89cb1fa-651c-448c-a189-c0c91a4d6de6 is started using port 33320
2019-10-09 06:23:09,671 [Datanode State Machine Thread - 0] INFO  server.XceiverServerGrpc (XceiverServerGrpc.java:start(149)) - XceiverServerGrpc a89cb1fa-651c-448c-a189-c0c91a4d6de6 is started using port 39624
2019-10-09 06:23:09,719 [main] INFO  ozone.MiniOzoneClusterImpl (MiniOzoneClusterImpl.java:lambda$waitForClusterToBeReady$0(147)) - Waiting for cluster to be ready. Got 0 of 7 DN Heartbeats.
2019-10-09 06:23:09,733 [Datanode State Machine Thread - 0] INFO  ozoneimpl.OzoneContainer (OzoneContainer.java:start(213)) - Attempting to start container services.
2019-10-09 06:23:09,733 [Datanode State Machine Thread - 0] INFO  ozoneimpl.OzoneContainer (OzoneContainer.java:startContainerScrub(177)) - Background container scanner has been disabled.
2019-10-09 06:23:09,733 [Datanode State Machine Thread - 0] INFO  ratis.XceiverServerRatis (XceiverServerRatis.java:start(418)) - Starting XceiverServerRatis 31a8e2f6-cff5-4c7d-b535-c7a03b3108da at port 0
2019-10-09 06:23:09,741 [Datanode State Machine Thread - 0] INFO  impl.RaftServerProxy (RaftServerProxy.java:lambda$start$3(299)) - 31a8e2f6-cff5-4c7d-b535-c7a03b3108da: start RPC server
2019-10-09 06:23:09,745 [Datanode State Machine Thread - 0] INFO  server.GrpcService (GrpcService.java:startImpl(158)) - 31a8e2f6-cff5-4c7d-b535-c7a03b3108da: GrpcService started, listening on 0.0.0.0/0.0.0.0:42040
2019-10-09 06:23:09,745 [Datanode State Machine Thread - 0] INFO  ratis.XceiverServerRatis (XceiverServerRatis.java:start(428)) - XceiverServerRatis 31a8e2f6-cff5-4c7d-b535-c7a03b3108da is started using port 42040
2019-10-09 06:23:09,746 [Datanode State Machine Thread - 0] INFO  server.XceiverServerGrpc (XceiverServerGrpc.java:start(149)) - XceiverServerGrpc 31a8e2f6-cff5-4c7d-b535-c7a03b3108da is started using port 36894
2019-10-09 06:23:10,118 [grpc-default-executor-6] WARN  server.GrpcLogAppender (LogUtils.java:warn(134)) - ed6f6a70-b6f8-4961-980c-85ada14e1a17@group-8111FD1E9AB5->6856b686-1c7c-4dc9-8a2c-12464df5d3b9-AppendLogResponseHandler: Failed appendEntries: org.apache.ratis.thirdparty.io.grpc.StatusRuntimeException: UNAVAILABLE: io exception
2019-10-09 06:23:10,118 [grpc-default-executor-0] WARN  server.GrpcLogAppender (LogUtils.java:warn(134)) - ed6f6a70-b6f8-4961-980c-85ada14e1a17@group-8111FD1E9AB5->4328684e-b37e-4e01-8f53-68accb045f0f-AppendLogResponseHandler: Failed appendEntries: org.apache.ratis.thirdparty.io.grpc.StatusRuntimeException: UNAVAILABLE: io exception
2019-10-09 06:23:10,119 [grpc-default-executor-6] INFO  impl.FollowerInfo (FollowerInfo.java:lambda$new$0(51)) - ed6f6a70-b6f8-4961-980c-85ada14e1a17@group-8111FD1E9AB5->6856b686-1c7c-4dc9-8a2c-12464df5d3b9: nextIndex: updateUnconditionally 0 -> 0
2019-10-09 06:23:10,119 [grpc-default-executor-0] INFO  impl.FollowerInfo (FollowerInfo.java:lambda$new$0(51)) - ed6f6a70-b6f8-4961-980c-85ada14e1a17@group-8111FD1E9AB5->4328684e-b37e-4e01-8f53-68accb045f0f: nextIndex: updateUnconditionally 0 -> 0
2019-10-09 06:23:10,722 [main] INFO  ozone.MiniOzoneClusterImpl (MiniOzoneClusterImpl.java:lambda$waitForClusterToBeReady$0(147)) - Waiting for cluster to be ready. Got 0 of 7 DN Heartbeats.
2019-10-09 06:23:11,142 [IPC Server handler 5 on 41419] INFO  net.NetworkTopology (NetworkTopologyImpl.java:add(111)) - Added a new node: /default-rack/dd432914-2a38-441d-a246-854f4e4ff8bf
2019-10-09 06:23:11,147 [IPC Server handler 5 on 41419] INFO  node.SCMNodeManager (SCMNodeManager.java:register(268)) - Registered Data node : dd432914-2a38-441d-a246-854f4e4ff8bf{ip: 192.168.164.215, host: pr-hdds-2269-kpn6k-1406547098, networkLocation: /default-rack, certSerialId: null}
2019-10-09 06:23:11,148 [EventQueue-NodeRegistrationContainerReportForDataNodeSafeModeRule] INFO  safemode.SCMSafeModeManager (DataNodeSafeModeRule.java:process(71)) - SCM in safe mode. 1 DataNodes registered, 1 required.
2019-10-09 06:23:11,152 [EventQueue-NodeRegistrationContainerReportForDataNodeSafeModeRule] INFO  safemode.SCMSafeModeManager (SCMSafeModeManager.java:validateSafeModeExitRules(177)) - ScmSafeModeManager, all rules are successfully validated
2019-10-09 06:23:11,152 [EventQueue-NodeRegistrationContainerReportForDataNodeSafeModeRule] INFO  safemode.SCMSafeModeManager (SCMSafeModeManager.java:exitSafeMode(193)) - SCM exiting safe mode.
2019-10-09 06:23:11,163 [grpc-default-executor-0] INFO  impl.RaftServerProxy (RaftServerProxy.java:addNew(89)) - dd432914-2a38-441d-a246-854f4e4ff8bf: addNew group-CCC01F52288A:[dd432914-2a38-441d-a246-854f4e4ff8bf:192.168.164.215:45662] returns group-CCC01F52288A:java.util.concurrent.CompletableFuture@24bf98dd[Not completed]
2019-10-09 06:23:11,166 [pool-383-thread-1] INFO  impl.RaftServerImpl (RaftServerImpl.java:<init>(95)) - dd432914-2a38-441d-a246-854f4e4ff8bf: new RaftServerImpl for group-CCC01F52288A:[dd432914-2a38-441d-a246-854f4e4ff8bf:192.168.164.215:45662] with ContainerStateMachine:uninitialized
2019-10-09 06:23:11,166 [pool-383-thread-1] INFO  server.RaftServerConfigKeys (ConfUtils.java:logGet(43)) - raft.server.rpc.timeout.min = 5s (custom)
2019-10-09 06:23:11,166 [pool-383-thread-1] INFO  server.RaftServerConfigKeys (ConfUtils.java:logGet(43)) - raft.server.rpc.timeout.max = 5200ms (custom)
2019-10-09 06:23:11,167 [pool-383-thread-1] INFO  server.RaftServerConfigKeys (ConfUtils.java:logGet(43)) - raft.server.rpcslowness.timeout = 120s (custom)
2019-10-09 06:23:11,167 [pool-383-thread-1] INFO  server.RaftServerConfigKeys (ConfUtils.java:logGet(43)) - raft.server.sleep.deviation.threshold = 300 (default)
2019-10-09 06:23:11,167 [pool-383-thread-1] INFO  server.RaftServerConfigKeys (ConfUtils.java:logGet(43)) - raft.server.log.appender.install.snapshot.enabled = false (custom)
2019-10-09 06:23:11,167 [pool-383-thread-1] INFO  impl.RaftServerImpl (ServerState.java:<init>(103)) - dd432914-2a38-441d-a246-854f4e4ff8bf@group-CCC01F52288A: ConfigurationManager, init=-1: [dd432914-2a38-441d-a246-854f4e4ff8bf:192.168.164.215:45662], old=null, confs=<EMPTY_MAP>
2019-10-09 06:23:11,167 [pool-383-thread-1] INFO  server.RaftServerConfigKeys (ConfUtils.java:logGet(43)) - raft.server.storage.dir = [/workdir/hadoop-ozone/integration-test/target/test-dir/MiniOzoneClusterImpl-8c69ce3e-b1cc-48be-a05c-d4de48fc12a3/datanode-0/data/ratis] (custom)
2019-10-09 06:23:11,168 [pool-383-thread-1] INFO  server.RaftServerConfigKeys (ConfUtils.java:logGet(43)) - raft.server.log.corruption.policy = EXCEPTION (default)
2019-10-09 06:23:11,168 [pool-383-thread-1] INFO  storage.RaftStorageDirectory (RaftStorageDirectory.java:analyzeStorage(246)) - The storage directory /workdir/hadoop-ozone/integration-test/target/test-dir/MiniOzoneClusterImpl-8c69ce3e-b1cc-48be-a05c-d4de48fc12a3/datanode-0/data/ratis/7633fca6-f98d-4b7c-be26-ccc01f52288a does not exist. Creating ...
2019-10-09 06:23:11,182 [pool-383-thread-1] INFO  storage.RaftStorageDirectory (RaftStorageDirectory.java:tryLock(328)) - Lock on /workdir/hadoop-ozone/integration-test/target/test-dir/MiniOzoneClusterImpl-8c69ce3e-b1cc-48be-a05c-d4de48fc12a3/datanode-0/data/ratis/7633fca6-f98d-4b7c-be26-ccc01f52288a/in_use.lock acquired by nodename 17003@pr-hdds-2269-kpn6k-1406547098
2019-10-09 06:23:11,194 [pool-383-thread-1] INFO  storage.RaftStorage (RaftStorage.java:format(84)) - Storage directory /workdir/hadoop-ozone/integration-test/target/test-dir/MiniOzoneClusterImpl-8c69ce3e-b1cc-48be-a05c-d4de48fc12a3/datanode-0/data/ratis/7633fca6-f98d-4b7c-be26-ccc01f52288a has been successfully formatted.
2019-10-09 06:23:11,194 [pool-383-thread-1] INFO  ratis.ContainerStateMachine (ContainerStateMachine.java:loadSnapshot(231)) - group-CCC01F52288A: The snapshot info is null. Setting the last applied indexto:(t:0, i:~)
2019-10-09 06:23:11,194 [pool-383-thread-1] INFO  server.RaftServerConfigKeys (ConfUtils.java:logGet(43)) - raft.server.notification.no-leader.timeout = 120s (custom)
2019-10-09 06:23:11,195 [pool-383-thread-1] INFO  server.RaftServerConfigKeys (ConfUtils.java:logGet(43)) - raft.server.log.use.memory = false (default)
2019-10-09 06:23:11,195 [pool-383-thread-1] INFO  server.RaftServerConfigKeys (ConfUtils.java:logGet(43)) - raft.server.log.purge.gap = 1000000 (custom)
2019-10-09 06:23:11,195 [pool-383-thread-1] INFO  server.RaftServerConfigKeys (ConfUtils.java:logGet(43)) - raft.server.log.appender.buffer.byte-limit = 33554432 (custom)
2019-10-09 06:23:11,195 [pool-383-thread-1] INFO  server.RaftServerConfigKeys (ConfUtils.java:logGet(43)) - raft.server.log.segment.size.max = 1048576 (custom)
2019-10-09 06:23:11,198 [pool-383-thread-1] INFO  server.RaftServerConfigKeys (ConfUtils.java:logGet(43)) - raft.server.log.segment.cache.num.max = 2 (custom)
2019-10-09 06:23:11,198 [pool-383-thread-1] INFO  segmented.SegmentedRaftLogWorker (SegmentedRaftLogWorker.java:<init>(173)) - new dd432914-2a38-441d-a246-854f4e4ff8bf@group-CCC01F52288A-SegmentedRaftLogWorker for RaftStorage:Storage Directory /workdir/hadoop-ozone/integration-test/target/test-dir/MiniOzoneClusterImpl-8c69ce3e-b1cc-48be-a05c-d4de48fc12a3/datanode-0/data/ratis/7633fca6-f98d-4b7c-be26-ccc01f52288a
2019-10-09 06:23:11,198 [pool-383-thread-1] INFO  server.RaftServerConfigKeys (ConfUtils.java:logGet(43)) - raft.server.log.queue.byte-limit = 2147483647 (custom)
2019-10-09 06:23:11,198 [pool-383-thread-1] INFO  server.RaftServerConfigKeys (ConfUtils.java:logGet(43)) - raft.server.log.queue.element-limit = 1024 (custom)
2019-10-09 06:23:11,198 [pool-383-thread-1] INFO  server.RaftServerConfigKeys (ConfUtils.java:logGet(43)) - raft.server.log.segment.size.max = 1048576 (custom)
2019-10-09 06:23:11,199 [pool-383-thread-1] INFO  server.RaftServerConfigKeys (ConfUtils.java:logGet(43)) - raft.server.log.preallocated.size = 16384 (custom)
2019-10-09 06:23:11,199 [pool-383-thread-1] INFO  server.RaftServerConfigKeys (ConfUtils.java:logGet(43)) - raft.server.log.write.buffer.size = 33554432 (custom)
2019-10-09 06:23:11,199 [pool-383-thread-1] INFO  server.RaftServerConfigKeys (ConfUtils.java:logGet(43)) - raft.server.log.force.sync.num = 128 (default)
2019-10-09 06:23:11,199 [pool-383-thread-1] INFO  server.RaftServerConfigKeys (ConfUtils.java:logGet(43)) - raft.server.log.statemachine.data.sync = true (default)
2019-10-09 06:23:11,199 [pool-383-thread-1] INFO  server.RaftServerConfigKeys (ConfUtils.java:logGet(43)) - raft.server.log.statemachine.data.sync.timeout = 10s (default)
2019-10-09 06:23:11,199 [pool-383-thread-1] INFO  server.RaftServerConfigKeys (ConfUtils.java:logGet(43)) - raft.server.log.statemachine.data.sync.timeout.retry = -1 (default)
2019-10-09 06:23:11,200 [pool-383-thread-1] INFO  server.RaftServerConfigKeys (ConfUtils.java:logGet(43)) - raft.server.log.statemachine.data.caching.enabled = true (custom)
2019-10-09 06:23:11,200 [pool-383-thread-1] INFO  segmented.SegmentedRaftLogWorker (SegmentedRaftLogWorker.java:lambda$new$0(128)) - dd432914-2a38-441d-a246-854f4e4ff8bf@group-CCC01F52288A-SegmentedRaftLogWorker: flushIndex: setUnconditionally 0 -> -1
2019-10-09 06:23:11,201 [pool-383-thread-1] INFO  server.RaftServerConfigKeys (ConfUtils.java:logGet(43)) - raft.server.snapshot.auto.trigger.enabled = true (custom)
2019-10-09 06:23:11,201 [pool-383-thread-1] INFO  server.RaftServerConfigKeys (ConfUtils.java:logGet(43)) - raft.server.snapshot.auto.trigger.threshold = 10000 (custom)
2019-10-09 06:23:11,201 [pool-383-thread-1] INFO  server.RaftServerConfigKeys (ConfUtils.java:logGet(43)) - raft.server.snapshot.retention.file.num = 5 (custom)
2019-10-09 06:23:11,201 [pool-383-thread-1] INFO  server.RaftServerConfigKeys (ConfUtils.java:logGet(43)) - raft.server.retrycache.expirytime = 600000ms (custom)
2019-10-09 06:23:11,203 [pool-383-thread-1] INFO  impl.RaftServerImpl (RaftServerImpl.java:start(181)) - dd432914-2a38-441d-a246-854f4e4ff8bf@group-CCC01F52288A: start as a follower, conf=-1: [dd432914-2a38-441d-a246-854f4e4ff8bf:192.168.164.215:45662], old=null
2019-10-09 06:23:11,203 [pool-383-thread-1] INFO  impl.RaftServerImpl (RaftServerImpl.java:setRole(170)) - dd432914-2a38-441d-a246-854f4e4ff8bf@group-CCC01F52288A: changes role from      null to FOLLOWER at term 0 for startAsFollower
2019-10-09 06:23:11,203 [pool-383-thread-1] INFO  impl.RoleInfo (RoleInfo.java:updateAndGet(143)) - dd432914-2a38-441d-a246-854f4e4ff8bf: start FollowerState
2019-10-09 06:23:11,204 [pool-383-thread-1] INFO  util.JmxRegister (JmxRegister.java:tryRegister(44)) - Successfully registered JMX Bean with object name Ratis:service=RaftServer,group=group-CCC01F52288A,id=dd432914-2a38-441d-a246-854f4e4ff8bf
2019-10-09 06:23:11,226 [RatisPipelineUtilsThread] INFO  pipeline.PipelineStateManager (PipelineStateManager.java:addPipeline(56)) - Created pipeline Pipeline[ Id: 7633fca6-f98d-4b7c-be26-ccc01f52288a, Nodes: dd432914-2a38-441d-a246-854f4e4ff8bf{ip: 192.168.164.215, host: pr-hdds-2269-kpn6k-1406547098, networkLocation: /default-rack, certSerialId: null}, Type:RATIS, Factor:ONE, State:OPEN]
2019-10-09 06:23:11,239 [IPC Server handler 6 on 41419] INFO  net.NetworkTopology (NetworkTopologyImpl.java:add(111)) - Added a new node: /default-rack/973792f1-12ee-47e0-9473-a8308b74e3f4
2019-10-09 06:23:11,239 [IPC Server handler 6 on 41419] INFO  node.SCMNodeManager (SCMNodeManager.java:register(268)) - Registered Data node : 973792f1-12ee-47e0-9473-a8308b74e3f4{ip: 192.168.164.215, host: pr-hdds-2269-kpn6k-1406547098, networkLocation: /default-rack, certSerialId: null}
2019-10-09 06:23:11,245 [grpc-default-executor-0] INFO  impl.RaftServerProxy (RaftServerProxy.java:addNew(89)) - 973792f1-12ee-47e0-9473-a8308b74e3f4: addNew group-E09CF9B3F075:[973792f1-12ee-47e0-9473-a8308b74e3f4:192.168.164.215:38158] returns group-E09CF9B3F075:java.util.concurrent.CompletableFuture@55b64cc9[Not completed]
2019-10-09 06:23:11,247 [pool-393-thread-1] INFO  impl.RaftServerImpl (RaftServerImpl.java:<init>(95)) - 973792f1-12ee-47e0-9473-a8308b74e3f4: new RaftServerImpl for group-E09CF9B3F075:[973792f1-12ee-47e0-9473-a8308b74e3f4:192.168.164.215:38158] with ContainerStateMachine:uninitialized
2019-10-09 06:23:11,247 [pool-393-thread-1] INFO  server.RaftServerConfigKeys (ConfUtils.java:logGet(43)) - raft.server.rpc.timeout.min = 5s (custom)
2019-10-09 06:23:11,247 [pool-393-thread-1] INFO  server.RaftServerConfigKeys (ConfUtils.java:logGet(43)) - raft.server.rpc.timeout.max = 5200ms (custom)
2019-10-09 06:23:11,247 [pool-393-thread-1] INFO  server.RaftServerConfigKeys (ConfUtils.java:logGet(43)) - raft.server.rpcslowness.timeout = 120s (custom)
2019-10-09 06:23:11,247 [pool-393-thread-1] INFO  server.RaftServerConfigKeys (ConfUtils.java:logGet(43)) - raft.server.sleep.deviation.threshold = 300 (default)
2019-10-09 06:23:11,247 [pool-393-thread-1] INFO  server.RaftServerConfigKeys (ConfUtils.java:logGet(43)) - raft.server.log.appender.install.snapshot.enabled = false (custom)
2019-10-09 06:23:11,247 [pool-393-thread-1] INFO  impl.RaftServerImpl (ServerState.java:<init>(103)) - 973792f1-12ee-47e0-9473-a8308b74e3f4@group-E09CF9B3F075: ConfigurationManager, init=-1: [973792f1-12ee-47e0-9473-a8308b74e3f4:192.168.164.215:38158], old=null, confs=<EMPTY_MAP>
2019-10-09 06:23:11,247 [pool-393-thread-1] INFO  server.RaftServerConfigKeys (ConfUtils.java:logGet(43)) - raft.server.storage.dir = [/workdir/hadoop-ozone/integration-test/target/test-dir/MiniOzoneClusterImpl-8c69ce3e-b1cc-48be-a05c-d4de48fc12a3/datanode-1/data/ratis] (custom)
2019-10-09 06:23:11,248 [pool-393-thread-1] INFO  server.RaftServerConfigKeys (ConfUtils.java:logGet(43)) - raft.server.log.corruption.policy = EXCEPTION (default)
2019-10-09 06:23:11,248 [pool-393-thread-1] INFO  storage.RaftStorageDirectory (RaftStorageDirectory.java:analyzeStorage(246)) - The storage directory /workdir/hadoop-ozone/integration-test/target/test-dir/MiniOzoneClusterImpl-8c69ce3e-b1cc-48be-a05c-d4de48fc12a3/datanode-1/data/ratis/e1dd1382-e54e-4cde-adae-e09cf9b3f075 does not exist. Creating ...
2019-10-09 06:23:11,261 [pool-393-thread-1] INFO  storage.RaftStorageDirectory (RaftStorageDirectory.java:tryLock(328)) - Lock on /workdir/hadoop-ozone/integration-test/target/test-dir/MiniOzoneClusterImpl-8c69ce3e-b1cc-48be-a05c-d4de48fc12a3/datanode-1/data/ratis/e1dd1382-e54e-4cde-adae-e09cf9b3f075/in_use.lock acquired by nodename 17003@pr-hdds-2269-kpn6k-1406547098
2019-10-09 06:23:11,274 [pool-393-thread-1] INFO  storage.RaftStorage (RaftStorage.java:format(84)) - Storage directory /workdir/hadoop-ozone/integration-test/target/test-dir/MiniOzoneClusterImpl-8c69ce3e-b1cc-48be-a05c-d4de48fc12a3/datanode-1/data/ratis/e1dd1382-e54e-4cde-adae-e09cf9b3f075 has been successfully formatted.
2019-10-09 06:23:11,274 [pool-393-thread-1] INFO  ratis.ContainerStateMachine (ContainerStateMachine.java:loadSnapshot(231)) - group-E09CF9B3F075: The snapshot info is null. Setting the last applied indexto:(t:0, i:~)
2019-10-09 06:23:11,274 [pool-393-thread-1] INFO  server.RaftServerConfigKeys (ConfUtils.java:logGet(43)) - raft.server.notification.no-leader.timeout = 120s (custom)
2019-10-09 06:23:11,274 [pool-393-thread-1] INFO  server.RaftServerConfigKeys (ConfUtils.java:logGet(43)) - raft.server.log.use.memory = false (default)
2019-10-09 06:23:11,274 [pool-393-thread-1] INFO  server.RaftServerConfigKeys (ConfUtils.java:logGet(43)) - raft.server.log.purge.gap = 1000000 (custom)
2019-10-09 06:23:11,274 [pool-393-thread-1] INFO  server.RaftServerConfigKeys (ConfUtils.java:logGet(43)) - raft.server.log.appender.buffer.byte-limit = 33554432 (custom)
2019-10-09 06:23:11,274 [pool-393-thread-1] INFO  server.RaftServerConfigKeys (ConfUtils.java:logGet(43)) - raft.server.log.segment.size.max = 1048576 (custom)
2019-10-09 06:23:11,276 [pool-393-thread-1] INFO  server.RaftServerConfigKeys (ConfUtils.java:logGet(43)) - raft.server.log.segment.cache.num.max = 2 (custom)
2019-10-09 06:23:11,276 [pool-393-thread-1] INFO  segmented.SegmentedRaftLogWorker (SegmentedRaftLogWorker.java:<init>(173)) - new 973792f1-12ee-47e0-9473-a8308b74e3f4@group-E09CF9B3F075-SegmentedRaftLogWorker for RaftStorage:Storage Directory /workdir/hadoop-ozone/integration-test/target/test-dir/MiniOzoneClusterImpl-8c69ce3e-b1cc-48be-a05c-d4de48fc12a3/datanode-1/data/ratis/e1dd1382-e54e-4cde-adae-e09cf9b3f075
2019-10-09 06:23:11,276 [pool-393-thread-1] INFO  server.RaftServerConfigKeys (ConfUtils.java:logGet(43)) - raft.server.log.queue.byte-limit = 2147483647 (custom)
2019-10-09 06:23:11,276 [pool-393-thread-1] INFO  server.RaftServerConfigKeys (ConfUtils.java:logGet(43)) - raft.server.log.queue.element-limit = 1024 (custom)
2019-10-09 06:23:11,277 [pool-393-thread-1] INFO  server.RaftServerConfigKeys (ConfUtils.java:logGet(43)) - raft.server.log.segment.size.max = 1048576 (custom)
2019-10-09 06:23:11,277 [pool-393-thread-1] INFO  server.RaftServerConfigKeys (ConfUtils.java:logGet(43)) - raft.server.log.preallocated.size = 16384 (custom)
2019-10-09 06:23:11,277 [pool-393-thread-1] INFO  server.RaftServerConfigKeys (ConfUtils.java:logGet(43)) - raft.server.log.write.buffer.size = 33554432 (custom)
2019-10-09 06:23:11,277 [pool-393-thread-1] INFO  server.RaftServerConfigKeys (ConfUtils.java:logGet(43)) - raft.server.log.force.sync.num = 128 (default)
2019-10-09 06:23:11,277 [pool-393-thread-1] INFO  server.RaftServerConfigKeys (ConfUtils.java:logGet(43)) - raft.server.log.statemachine.data.sync = true (default)
2019-10-09 06:23:11,277 [pool-393-thread-1] INFO  server.RaftServerConfigKeys (ConfUtils.java:logGet(43)) - raft.server.log.statemachine.data.sync.timeout = 10s (default)
2019-10-09 06:23:11,277 [pool-393-thread-1] INFO  server.RaftServerConfigKeys (ConfUtils.java:logGet(43)) - raft.server.log.statemachine.data.sync.timeout.retry = -1 (default)
2019-10-09 06:23:11,278 [pool-393-thread-1] INFO  server.RaftServerConfigKeys (ConfUtils.java:logGet(43)) - raft.server.log.statemachine.data.caching.enabled = true (custom)
2019-10-09 06:23:11,278 [pool-393-thread-1] INFO  segmented.SegmentedRaftLogWorker (SegmentedRaftLogWorker.java:lambda$new$0(128)) - 973792f1-12ee-47e0-9473-a8308b74e3f4@group-E09CF9B3F075-SegmentedRaftLogWorker: flushIndex: setUnconditionally 0 -> -1
2019-10-09 06:23:11,278 [pool-393-thread-1] INFO  server.RaftServerConfigKeys (ConfUtils.java:logGet(43)) - raft.server.snapshot.auto.trigger.enabled = true (custom)
2019-10-09 06:23:11,278 [pool-393-thread-1] INFO  server.RaftServerConfigKeys (ConfUtils.java:logGet(43)) - raft.server.snapshot.auto.trigger.threshold = 10000 (custom)
2019-10-09 06:23:11,278 [pool-393-thread-1] INFO  server.RaftServerConfigKeys (ConfUtils.java:logGet(43)) - raft.server.snapshot.retention.file.num = 5 (custom)
2019-10-09 06:23:11,279 [pool-393-thread-1] INFO  server.RaftServerConfigKeys (ConfUtils.java:logGet(43)) - raft.server.retrycache.expirytime = 600000ms (custom)
2019-10-09 06:23:11,280 [pool-393-thread-1] INFO  impl.RaftServerImpl (RaftServerImpl.java:start(181)) - 973792f1-12ee-47e0-9473-a8308b74e3f4@group-E09CF9B3F075: start as a follower, conf=-1: [973792f1-12ee-47e0-9473-a8308b74e3f4:192.168.164.215:38158], old=null
2019-10-09 06:23:11,280 [pool-393-thread-1] INFO  impl.RaftServerImpl (RaftServerImpl.java:setRole(170)) - 973792f1-12ee-47e0-9473-a8308b74e3f4@group-E09CF9B3F075: changes role from      null to FOLLOWER at term 0 for startAsFollower
2019-10-09 06:23:11,281 [pool-393-thread-1] INFO  impl.RoleInfo (RoleInfo.java:updateAndGet(143)) - 973792f1-12ee-47e0-9473-a8308b74e3f4: start FollowerState
2019-10-09 06:23:11,281 [pool-393-thread-1] INFO  util.JmxRegister (JmxRegister.java:tryRegister(44)) - Successfully registered JMX Bean with object name Ratis:service=RaftServer,group=group-E09CF9B3F075,id=973792f1-12ee-47e0-9473-a8308b74e3f4
2019-10-09 06:23:11,290 [RatisPipelineUtilsThread] INFO  pipeline.PipelineStateManager (PipelineStateManager.java:addPipeline(56)) - Created pipeline Pipeline[ Id: e1dd1382-e54e-4cde-adae-e09cf9b3f075, Nodes: 973792f1-12ee-47e0-9473-a8308b74e3f4{ip: 192.168.164.215, host: pr-hdds-2269-kpn6k-1406547098, networkLocation: /default-rack, certSerialId: null}, Type:RATIS, Factor:ONE, State:OPEN]
2019-10-09 06:23:11,344 [IPC Server handler 0 on 41419] INFO  net.NetworkTopology (NetworkTopologyImpl.java:add(111)) - Added a new node: /default-rack/e283cf37-ec36-45f7-8c35-0275e987ea96
2019-10-09 06:23:11,344 [IPC Server handler 0 on 41419] INFO  node.SCMNodeManager (SCMNodeManager.java:register(268)) - Registered Data node : e283cf37-ec36-45f7-8c35-0275e987ea96{ip: 192.168.164.215, host: pr-hdds-2269-kpn6k-1406547098, networkLocation: /default-rack, certSerialId: null}
2019-10-09 06:23:11,351 [grpc-default-executor-0] INFO  impl.RaftServerProxy (RaftServerProxy.java:addNew(89)) - e283cf37-ec36-45f7-8c35-0275e987ea96: addNew group-1B2AF970D2B0:[e283cf37-ec36-45f7-8c35-0275e987ea96:192.168.164.215:44715] returns group-1B2AF970D2B0:java.util.concurrent.CompletableFuture@4dc8eead[Not completed]
2019-10-09 06:23:11,354 [pool-403-thread-1] INFO  impl.RaftServerImpl (RaftServerImpl.java:<init>(95)) - e283cf37-ec36-45f7-8c35-0275e987ea96: new RaftServerImpl for group-1B2AF970D2B0:[e283cf37-ec36-45f7-8c35-0275e987ea96:192.168.164.215:44715] with ContainerStateMachine:uninitialized
2019-10-09 06:23:11,354 [pool-403-thread-1] INFO  server.RaftServerConfigKeys (ConfUtils.java:logGet(43)) - raft.server.rpc.timeout.min = 5s (custom)
2019-10-09 06:23:11,354 [pool-403-thread-1] INFO  server.RaftServerConfigKeys (ConfUtils.java:logGet(43)) - raft.server.rpc.timeout.max = 5200ms (custom)
2019-10-09 06:23:11,354 [pool-403-thread-1] INFO  server.RaftServerConfigKeys (ConfUtils.java:logGet(43)) - raft.server.rpcslowness.timeout = 120s (custom)
2019-10-09 06:23:11,355 [pool-403-thread-1] INFO  server.RaftServerConfigKeys (ConfUtils.java:logGet(43)) - raft.server.sleep.deviation.threshold = 300 (default)
2019-10-09 06:23:11,355 [pool-403-thread-1] INFO  server.RaftServerConfigKeys (ConfUtils.java:logGet(43)) - raft.server.log.appender.install.snapshot.enabled = false (custom)
2019-10-09 06:23:11,355 [pool-403-thread-1] INFO  impl.RaftServerImpl (ServerState.java:<init>(103)) - e283cf37-ec36-45f7-8c35-0275e987ea96@group-1B2AF970D2B0: ConfigurationManager, init=-1: [e283cf37-ec36-45f7-8c35-0275e987ea96:192.168.164.215:44715], old=null, confs=<EMPTY_MAP>
2019-10-09 06:23:11,355 [pool-403-thread-1] INFO  server.RaftServerConfigKeys (ConfUtils.java:logGet(43)) - raft.server.storage.dir = [/workdir/hadoop-ozone/integration-test/target/test-dir/MiniOzoneClusterImpl-8c69ce3e-b1cc-48be-a05c-d4de48fc12a3/datanode-2/data/ratis] (custom)
2019-10-09 06:23:11,355 [pool-403-thread-1] INFO  server.RaftServerConfigKeys (ConfUtils.java:logGet(43)) - raft.server.log.corruption.policy = EXCEPTION (default)
2019-10-09 06:23:11,356 [pool-403-thread-1] INFO  storage.RaftStorageDirectory (RaftStorageDirectory.java:analyzeStorage(246)) - The storage directory /workdir/hadoop-ozone/integration-test/target/test-dir/MiniOzoneClusterImpl-8c69ce3e-b1cc-48be-a05c-d4de48fc12a3/datanode-2/data/ratis/de5a8815-8d28-4e20-a2ee-1b2af970d2b0 does not exist. Creating ...
2019-10-09 06:23:11,369 [pool-403-thread-1] INFO  storage.RaftStorageDirectory (RaftStorageDirectory.java:tryLock(328)) - Lock on /workdir/hadoop-ozone/integration-test/target/test-dir/MiniOzoneClusterImpl-8c69ce3e-b1cc-48be-a05c-d4de48fc12a3/datanode-2/data/ratis/de5a8815-8d28-4e20-a2ee-1b2af970d2b0/in_use.lock acquired by nodename 17003@pr-hdds-2269-kpn6k-1406547098
2019-10-09 06:23:11,382 [pool-403-thread-1] INFO  storage.RaftStorage (RaftStorage.java:format(84)) - Storage directory /workdir/hadoop-ozone/integration-test/target/test-dir/MiniOzoneClusterImpl-8c69ce3e-b1cc-48be-a05c-d4de48fc12a3/datanode-2/data/ratis/de5a8815-8d28-4e20-a2ee-1b2af970d2b0 has been successfully formatted.
2019-10-09 06:23:11,382 [pool-403-thread-1] INFO  ratis.ContainerStateMachine (ContainerStateMachine.java:loadSnapshot(231)) - group-1B2AF970D2B0: The snapshot info is null. Setting the last applied indexto:(t:0, i:~)
2019-10-09 06:23:11,382 [pool-403-thread-1] INFO  server.RaftServerConfigKeys (ConfUtils.java:logGet(43)) - raft.server.notification.no-leader.timeout = 120s (custom)
2019-10-09 06:23:11,382 [pool-403-thread-1] INFO  server.RaftServerConfigKeys (ConfUtils.java:logGet(43)) - raft.server.log.use.memory = false (default)
2019-10-09 06:23:11,382 [pool-403-thread-1] INFO  server.RaftServerConfigKeys (ConfUtils.java:logGet(43)) - raft.server.log.purge.gap = 1000000 (custom)
2019-10-09 06:23:11,383 [pool-403-thread-1] INFO  server.RaftServerConfigKeys (ConfUtils.java:logGet(43)) - raft.server.log.appender.buffer.byte-limit = 33554432 (custom)
2019-10-09 06:23:11,383 [pool-403-thread-1] INFO  server.RaftServerConfigKeys (ConfUtils.java:logGet(43)) - raft.server.log.segment.size.max = 1048576 (custom)
2019-10-09 06:23:11,385 [pool-403-thread-1] INFO  server.RaftServerConfigKeys (ConfUtils.java:logGet(43)) - raft.server.log.segment.cache.num.max = 2 (custom)
2019-10-09 06:23:11,385 [pool-403-thread-1] INFO  segmented.SegmentedRaftLogWorker (SegmentedRaftLogWorker.java:<init>(173)) - new e283cf37-ec36-45f7-8c35-0275e987ea96@group-1B2AF970D2B0-SegmentedRaftLogWorker for RaftStorage:Storage Directory /workdir/hadoop-ozone/integration-test/target/test-dir/MiniOzoneClusterImpl-8c69ce3e-b1cc-48be-a05c-d4de48fc12a3/datanode-2/data/ratis/de5a8815-8d28-4e20-a2ee-1b2af970d2b0
2019-10-09 06:23:11,385 [pool-403-thread-1] INFO  server.RaftServerConfigKeys (ConfUtils.java:logGet(43)) - raft.server.log.queue.byte-limit = 2147483647 (custom)
2019-10-09 06:23:11,386 [pool-403-thread-1] INFO  server.RaftServerConfigKeys (ConfUtils.java:logGet(43)) - raft.server.log.queue.element-limit = 1024 (custom)
2019-10-09 06:23:11,386 [pool-403-thread-1] INFO  server.RaftServerConfigKeys (ConfUtils.java:logGet(43)) - raft.server.log.segment.size.max = 1048576 (custom)
2019-10-09 06:23:11,386 [pool-403-thread-1] INFO  server.RaftServerConfigKeys (ConfUtils.java:logGet(43)) - raft.server.log.preallocated.size = 16384 (custom)
2019-10-09 06:23:11,386 [pool-403-thread-1] INFO  server.RaftServerConfigKeys (ConfUtils.java:logGet(43)) - raft.server.log.write.buffer.size = 33554432 (custom)
2019-10-09 06:23:11,386 [pool-403-thread-1] INFO  server.RaftServerConfigKeys (ConfUtils.java:logGet(43)) - raft.server.log.force.sync.num = 128 (default)
2019-10-09 06:23:11,387 [pool-403-thread-1] INFO  server.RaftServerConfigKeys (ConfUtils.java:logGet(43)) - raft.server.log.statemachine.data.sync = true (default)
2019-10-09 06:23:11,387 [pool-403-thread-1] INFO  server.RaftServerConfigKeys (ConfUtils.java:logGet(43)) - raft.server.log.statemachine.data.sync.timeout = 10s (default)
2019-10-09 06:23:11,387 [pool-403-thread-1] INFO  server.RaftServerConfigKeys (ConfUtils.java:logGet(43)) - raft.server.log.statemachine.data.sync.timeout.retry = -1 (default)
2019-10-09 06:23:11,388 [pool-403-thread-1] INFO  server.RaftServerConfigKeys (ConfUtils.java:logGet(43)) - raft.server.log.statemachine.data.caching.enabled = true (custom)
2019-10-09 06:23:11,388 [pool-403-thread-1] INFO  segmented.SegmentedRaftLogWorker (SegmentedRaftLogWorker.java:lambda$new$0(128)) - e283cf37-ec36-45f7-8c35-0275e987ea96@group-1B2AF970D2B0-SegmentedRaftLogWorker: flushIndex: setUnconditionally 0 -> -1
2019-10-09 06:23:11,388 [pool-403-thread-1] INFO  server.RaftServerConfigKeys (ConfUtils.java:logGet(43)) - raft.server.snapshot.auto.trigger.enabled = true (custom)
2019-10-09 06:23:11,388 [pool-403-thread-1] INFO  server.RaftServerConfigKeys (ConfUtils.java:logGet(43)) - raft.server.snapshot.auto.trigger.threshold = 10000 (custom)
2019-10-09 06:23:11,388 [pool-403-thread-1] INFO  server.RaftServerConfigKeys (ConfUtils.java:logGet(43)) - raft.server.snapshot.retention.file.num = 5 (custom)
2019-10-09 06:23:11,389 [pool-403-thread-1] INFO  server.RaftServerConfigKeys (ConfUtils.java:logGet(43)) - raft.server.retrycache.expirytime = 600000ms (custom)
2019-10-09 06:23:11,390 [pool-403-thread-1] INFO  impl.RaftServerImpl (RaftServerImpl.java:start(181)) - e283cf37-ec36-45f7-8c35-0275e987ea96@group-1B2AF970D2B0: start as a follower, conf=-1: [e283cf37-ec36-45f7-8c35-0275e987ea96:192.168.164.215:44715], old=null
2019-10-09 06:23:11,390 [pool-403-thread-1] INFO  impl.RaftServerImpl (RaftServerImpl.java:setRole(170)) - e283cf37-ec36-45f7-8c35-0275e987ea96@group-1B2AF970D2B0: changes role from      null to FOLLOWER at term 0 for startAsFollower
2019-10-09 06:23:11,390 [pool-403-thread-1] INFO  impl.RoleInfo (RoleInfo.java:updateAndGet(143)) - e283cf37-ec36-45f7-8c35-0275e987ea96: start FollowerState
2019-10-09 06:23:11,391 [pool-403-thread-1] INFO  util.JmxRegister (JmxRegister.java:tryRegister(44)) - Successfully registered JMX Bean with object name Ratis:service=RaftServer,group=group-1B2AF970D2B0,id=e283cf37-ec36-45f7-8c35-0275e987ea96
2019-10-09 06:23:11,398 [RatisPipelineUtilsThread] INFO  pipeline.PipelineStateManager (PipelineStateManager.java:addPipeline(56)) - Created pipeline Pipeline[ Id: de5a8815-8d28-4e20-a2ee-1b2af970d2b0, Nodes: e283cf37-ec36-45f7-8c35-0275e987ea96{ip: 192.168.164.215, host: pr-hdds-2269-kpn6k-1406547098, networkLocation: /default-rack, certSerialId: null}, Type:RATIS, Factor:ONE, State:OPEN]
2019-10-09 06:23:11,405 [grpc-default-executor-1] INFO  impl.RaftServerProxy (RaftServerProxy.java:addNew(89)) - dd432914-2a38-441d-a246-854f4e4ff8bf: addNew group-CC1025C9555D:[973792f1-12ee-47e0-9473-a8308b74e3f4:192.168.164.215:38158, e283cf37-ec36-45f7-8c35-0275e987ea96:192.168.164.215:44715, dd432914-2a38-441d-a246-854f4e4ff8bf:192.168.164.215:45662] returns group-CC1025C9555D:java.util.concurrent.CompletableFuture@3e7c2290[Not completed]
2019-10-09 06:23:11,405 [grpc-default-executor-6] INFO  impl.RaftServerProxy (RaftServerProxy.java:addNew(89)) - 973792f1-12ee-47e0-9473-a8308b74e3f4: addNew group-CC1025C9555D:[973792f1-12ee-47e0-9473-a8308b74e3f4:192.168.164.215:38158, e283cf37-ec36-45f7-8c35-0275e987ea96:192.168.164.215:44715, dd432914-2a38-441d-a246-854f4e4ff8bf:192.168.164.215:45662] returns group-CC1025C9555D:java.util.concurrent.CompletableFuture@b743155[Not completed]
2019-10-09 06:23:11,405 [grpc-default-executor-1] INFO  impl.RaftServerProxy (RaftServerProxy.java:addNew(89)) - e283cf37-ec36-45f7-8c35-0275e987ea96: addNew group-CC1025C9555D:[973792f1-12ee-47e0-9473-a8308b74e3f4:192.168.164.215:38158, e283cf37-ec36-45f7-8c35-0275e987ea96:192.168.164.215:44715, dd432914-2a38-441d-a246-854f4e4ff8bf:192.168.164.215:45662] returns group-CC1025C9555D:java.util.concurrent.CompletableFuture@36af9331[Not completed]
2019-10-09 06:23:11,406 [pool-383-thread-1] INFO  impl.RaftServerImpl (RaftServerImpl.java:<init>(95)) - dd432914-2a38-441d-a246-854f4e4ff8bf: new RaftServerImpl for group-CC1025C9555D:[973792f1-12ee-47e0-9473-a8308b74e3f4:192.168.164.215:38158, e283cf37-ec36-45f7-8c35-0275e987ea96:192.168.164.215:44715, dd432914-2a38-441d-a246-854f4e4ff8bf:192.168.164.215:45662] with ContainerStateMachine:uninitialized
2019-10-09 06:23:11,406 [pool-383-thread-1] INFO  server.RaftServerConfigKeys (ConfUtils.java:logGet(43)) - raft.server.rpc.timeout.min = 5s (custom)
2019-10-09 06:23:11,407 [pool-383-thread-1] INFO  server.RaftServerConfigKeys (ConfUtils.java:logGet(43)) - raft.server.rpc.timeout.max = 5200ms (custom)
2019-10-09 06:23:11,407 [pool-383-thread-1] INFO  server.RaftServerConfigKeys (ConfUtils.java:logGet(43)) - raft.server.rpcslowness.timeout = 120s (custom)
2019-10-09 06:23:11,407 [pool-383-thread-1] INFO  server.RaftServerConfigKeys (ConfUtils.java:logGet(43)) - raft.server.sleep.deviation.threshold = 300 (default)
2019-10-09 06:23:11,407 [pool-403-thread-1] INFO  impl.RaftServerImpl (RaftServerImpl.java:<init>(95)) - e283cf37-ec36-45f7-8c35-0275e987ea96: new RaftServerImpl for group-CC1025C9555D:[973792f1-12ee-47e0-9473-a8308b74e3f4:192.168.164.215:38158, e283cf37-ec36-45f7-8c35-0275e987ea96:192.168.164.215:44715, dd432914-2a38-441d-a246-854f4e4ff8bf:192.168.164.215:45662] with ContainerStateMachine:uninitialized
2019-10-09 06:23:11,407 [pool-383-thread-1] INFO  server.RaftServerConfigKeys (ConfUtils.java:logGet(43)) - raft.server.log.appender.install.snapshot.enabled = false (custom)
2019-10-09 06:23:11,407 [pool-403-thread-1] INFO  server.RaftServerConfigKeys (ConfUtils.java:logGet(43)) - raft.server.rpc.timeout.min = 5s (custom)
2019-10-09 06:23:11,407 [pool-383-thread-1] INFO  impl.RaftServerImpl (ServerState.java:<init>(103)) - dd432914-2a38-441d-a246-854f4e4ff8bf@group-CC1025C9555D: ConfigurationManager, init=-1: [973792f1-12ee-47e0-9473-a8308b74e3f4:192.168.164.215:38158, e283cf37-ec36-45f7-8c35-0275e987ea96:192.168.164.215:44715, dd432914-2a38-441d-a246-854f4e4ff8bf:192.168.164.215:45662], old=null, confs=<EMPTY_MAP>
2019-10-09 06:23:11,408 [pool-403-thread-1] INFO  server.RaftServerConfigKeys (ConfUtils.java:logGet(43)) - raft.server.rpc.timeout.max = 5200ms (custom)
2019-10-09 06:23:11,408 [pool-383-thread-1] INFO  server.RaftServerConfigKeys (ConfUtils.java:logGet(43)) - raft.server.storage.dir = [/workdir/hadoop-ozone/integration-test/target/test-dir/MiniOzoneClusterImpl-8c69ce3e-b1cc-48be-a05c-d4de48fc12a3/datanode-0/data/ratis] (custom)
2019-10-09 06:23:11,408 [pool-403-thread-1] INFO  server.RaftServerConfigKeys (ConfUtils.java:logGet(43)) - raft.server.rpcslowness.timeout = 120s (custom)
2019-10-09 06:23:11,408 [pool-403-thread-1] INFO  server.RaftServerConfigKeys (ConfUtils.java:logGet(43)) - raft.server.sleep.deviation.threshold = 300 (default)
2019-10-09 06:23:11,408 [pool-383-thread-1] INFO  server.RaftServerConfigKeys (ConfUtils.java:logGet(43)) - raft.server.log.corruption.policy = EXCEPTION (default)
2019-10-09 06:23:11,408 [pool-393-thread-1] INFO  impl.RaftServerImpl (RaftServerImpl.java:<init>(95)) - 973792f1-12ee-47e0-9473-a8308b74e3f4: new RaftServerImpl for group-CC1025C9555D:[973792f1-12ee-47e0-9473-a8308b74e3f4:192.168.164.215:38158, e283cf37-ec36-45f7-8c35-0275e987ea96:192.168.164.215:44715, dd432914-2a38-441d-a246-854f4e4ff8bf:192.168.164.215:45662] with ContainerStateMachine:uninitialized
2019-10-09 06:23:11,409 [pool-383-thread-1] INFO  storage.RaftStorageDirectory (RaftStorageDirectory.java:analyzeStorage(246)) - The storage directory /workdir/hadoop-ozone/integration-test/target/test-dir/MiniOzoneClusterImpl-8c69ce3e-b1cc-48be-a05c-d4de48fc12a3/datanode-0/data/ratis/2969b3b7-e7e9-4264-acee-cc1025c9555d does not exist. Creating ...
2019-10-09 06:23:11,408 [pool-403-thread-1] INFO  server.RaftServerConfigKeys (ConfUtils.java:logGet(43)) - raft.server.log.appender.install.snapshot.enabled = false (custom)
2019-10-09 06:23:11,409 [pool-393-thread-1] INFO  server.RaftServerConfigKeys (ConfUtils.java:logGet(43)) - raft.server.rpc.timeout.min = 5s (custom)
2019-10-09 06:23:11,409 [pool-403-thread-1] INFO  impl.RaftServerImpl (ServerState.java:<init>(103)) - e283cf37-ec36-45f7-8c35-0275e987ea96@group-CC1025C9555D: ConfigurationManager, init=-1: [973792f1-12ee-47e0-9473-a8308b74e3f4:192.168.164.215:38158, e283cf37-ec36-45f7-8c35-0275e987ea96:192.168.164.215:44715, dd432914-2a38-441d-a246-854f4e4ff8bf:192.168.164.215:45662], old=null, confs=<EMPTY_MAP>
2019-10-09 06:23:11,409 [pool-393-thread-1] INFO  server.RaftServerConfigKeys (ConfUtils.java:logGet(43)) - raft.server.rpc.timeout.max = 5200ms (custom)
2019-10-09 06:23:11,409 [pool-403-thread-1] INFO  server.RaftServerConfigKeys (ConfUtils.java:logGet(43)) - raft.server.storage.dir = [/workdir/hadoop-ozone/integration-test/target/test-dir/MiniOzoneClusterImpl-8c69ce3e-b1cc-48be-a05c-d4de48fc12a3/datanode-2/data/ratis] (custom)
2019-10-09 06:23:11,409 [pool-393-thread-1] INFO  server.RaftServerConfigKeys (ConfUtils.java:logGet(43)) - raft.server.rpcslowness.timeout = 120s (custom)
2019-10-09 06:23:11,410 [pool-403-thread-1] INFO  server.RaftServerConfigKeys (ConfUtils.java:logGet(43)) - raft.server.log.corruption.policy = EXCEPTION (default)
2019-10-09 06:23:11,410 [pool-393-thread-1] INFO  server.RaftServerConfigKeys (ConfUtils.java:logGet(43)) - raft.server.sleep.deviation.threshold = 300 (default)
2019-10-09 06:23:11,410 [pool-403-thread-1] INFO  storage.RaftStorageDirectory (RaftStorageDirectory.java:analyzeStorage(246)) - The storage directory /workdir/hadoop-ozone/integration-test/target/test-dir/MiniOzoneClusterImpl-8c69ce3e-b1cc-48be-a05c-d4de48fc12a3/datanode-2/data/ratis/2969b3b7-e7e9-4264-acee-cc1025c9555d does not exist. Creating ...
2019-10-09 06:23:11,410 [pool-393-thread-1] INFO  server.RaftServerConfigKeys (ConfUtils.java:logGet(43)) - raft.server.log.appender.install.snapshot.enabled = false (custom)
2019-10-09 06:23:11,410 [pool-393-thread-1] INFO  impl.RaftServerImpl (ServerState.java:<init>(103)) - 973792f1-12ee-47e0-9473-a8308b74e3f4@group-CC1025C9555D: ConfigurationManager, init=-1: [973792f1-12ee-47e0-9473-a8308b74e3f4:192.168.164.215:38158, e283cf37-ec36-45f7-8c35-0275e987ea96:192.168.164.215:44715, dd432914-2a38-441d-a246-854f4e4ff8bf:192.168.164.215:45662], old=null, confs=<EMPTY_MAP>
2019-10-09 06:23:11,411 [pool-393-thread-1] INFO  server.RaftServerConfigKeys (ConfUtils.java:logGet(43)) - raft.server.storage.dir = [/workdir/hadoop-ozone/integration-test/target/test-dir/MiniOzoneClusterImpl-8c69ce3e-b1cc-48be-a05c-d4de48fc12a3/datanode-1/data/ratis] (custom)
2019-10-09 06:23:11,411 [pool-393-thread-1] INFO  server.RaftServerConfigKeys (ConfUtils.java:logGet(43)) - raft.server.log.corruption.policy = EXCEPTION (default)
2019-10-09 06:23:11,411 [pool-393-thread-1] INFO  storage.RaftStorageDirectory (RaftStorageDirectory.java:analyzeStorage(246)) - The storage directory /workdir/hadoop-ozone/integration-test/target/test-dir/MiniOzoneClusterImpl-8c69ce3e-b1cc-48be-a05c-d4de48fc12a3/datanode-1/data/ratis/2969b3b7-e7e9-4264-acee-cc1025c9555d does not exist. Creating ...
2019-10-09 06:23:11,422 [pool-403-thread-1] INFO  storage.RaftStorageDirectory (RaftStorageDirectory.java:tryLock(328)) - Lock on /workdir/hadoop-ozone/integration-test/target/test-dir/MiniOzoneClusterImpl-8c69ce3e-b1cc-48be-a05c-d4de48fc12a3/datanode-2/data/ratis/2969b3b7-e7e9-4264-acee-cc1025c9555d/in_use.lock acquired by nodename 17003@pr-hdds-2269-kpn6k-1406547098
2019-10-09 06:23:11,422 [pool-383-thread-1] INFO  storage.RaftStorageDirectory (RaftStorageDirectory.java:tryLock(328)) - Lock on /workdir/hadoop-ozone/integration-test/target/test-dir/MiniOzoneClusterImpl-8c69ce3e-b1cc-48be-a05c-d4de48fc12a3/datanode-0/data/ratis/2969b3b7-e7e9-4264-acee-cc1025c9555d/in_use.lock acquired by nodename 17003@pr-hdds-2269-kpn6k-1406547098
2019-10-09 06:23:11,422 [pool-393-thread-1] INFO  storage.RaftStorageDirectory (RaftStorageDirectory.java:tryLock(328)) - Lock on /workdir/hadoop-ozone/integration-test/target/test-dir/MiniOzoneClusterImpl-8c69ce3e-b1cc-48be-a05c-d4de48fc12a3/datanode-1/data/ratis/2969b3b7-e7e9-4264-acee-cc1025c9555d/in_use.lock acquired by nodename 17003@pr-hdds-2269-kpn6k-1406547098
2019-10-09 06:23:11,436 [pool-403-thread-1] INFO  storage.RaftStorage (RaftStorage.java:format(84)) - Storage directory /workdir/hadoop-ozone/integration-test/target/test-dir/MiniOzoneClusterImpl-8c69ce3e-b1cc-48be-a05c-d4de48fc12a3/datanode-2/data/ratis/2969b3b7-e7e9-4264-acee-cc1025c9555d has been successfully formatted.
2019-10-09 06:23:11,436 [pool-383-thread-1] INFO  storage.RaftStorage (RaftStorage.java:format(84)) - Storage directory /workdir/hadoop-ozone/integration-test/target/test-dir/MiniOzoneClusterImpl-8c69ce3e-b1cc-48be-a05c-d4de48fc12a3/datanode-0/data/ratis/2969b3b7-e7e9-4264-acee-cc1025c9555d has been successfully formatted.
2019-10-09 06:23:11,436 [pool-393-thread-1] INFO  storage.RaftStorage (RaftStorage.java:format(84)) - Storage directory /workdir/hadoop-ozone/integration-test/target/test-dir/MiniOzoneClusterImpl-8c69ce3e-b1cc-48be-a05c-d4de48fc12a3/datanode-1/data/ratis/2969b3b7-e7e9-4264-acee-cc1025c9555d has been successfully formatted.
2019-10-09 06:23:11,436 [pool-383-thread-1] INFO  ratis.ContainerStateMachine (ContainerStateMachine.java:loadSnapshot(231)) - group-CC1025C9555D: The snapshot info is null. Setting the last applied indexto:(t:0, i:~)
2019-10-09 06:23:11,436 [pool-403-thread-1] INFO  ratis.ContainerStateMachine (ContainerStateMachine.java:loadSnapshot(231)) - group-CC1025C9555D: The snapshot info is null. Setting the last applied indexto:(t:0, i:~)
2019-10-09 06:23:11,437 [pool-383-thread-1] INFO  server.RaftServerConfigKeys (ConfUtils.java:logGet(43)) - raft.server.notification.no-leader.timeout = 120s (custom)
2019-10-09 06:23:11,437 [pool-403-thread-1] INFO  server.RaftServerConfigKeys (ConfUtils.java:logGet(43)) - raft.server.notification.no-leader.timeout = 120s (custom)
2019-10-09 06:23:11,437 [pool-383-thread-1] INFO  server.RaftServerConfigKeys (ConfUtils.java:logGet(43)) - raft.server.log.use.memory = false (default)
2019-10-09 06:23:11,437 [pool-403-thread-1] INFO  server.RaftServerConfigKeys (ConfUtils.java:logGet(43)) - raft.server.log.use.memory = false (default)
2019-10-09 06:23:11,437 [pool-393-thread-1] INFO  ratis.ContainerStateMachine (ContainerStateMachine.java:loadSnapshot(231)) - group-CC1025C9555D: The snapshot info is null. Setting the last applied indexto:(t:0, i:~)
2019-10-09 06:23:11,437 [pool-383-thread-1] INFO  server.RaftServerConfigKeys (ConfUtils.java:logGet(43)) - raft.server.log.purge.gap = 1000000 (custom)
2019-10-09 06:23:11,437 [pool-393-thread-1] INFO  server.RaftServerConfigKeys (ConfUtils.java:logGet(43)) - raft.server.notification.no-leader.timeout = 120s (custom)
2019-10-09 06:23:11,437 [pool-403-thread-1] INFO  server.RaftServerConfigKeys (ConfUtils.java:logGet(43)) - raft.server.log.purge.gap = 1000000 (custom)
2019-10-09 06:23:11,438 [pool-393-thread-1] INFO  server.RaftServerConfigKeys (ConfUtils.java:logGet(43)) - raft.server.log.use.memory = false (default)
2019-10-09 06:23:11,438 [pool-383-thread-1] INFO  server.RaftServerConfigKeys (ConfUtils.java:logGet(43)) - raft.server.log.appender.buffer.byte-limit = 33554432 (custom)
2019-10-09 06:23:11,438 [pool-393-thread-1] INFO  server.RaftServerConfigKeys (ConfUtils.java:logGet(43)) - raft.server.log.purge.gap = 1000000 (custom)
2019-10-09 06:23:11,438 [pool-403-thread-1] INFO  server.RaftServerConfigKeys (ConfUtils.java:logGet(43)) - raft.server.log.appender.buffer.byte-limit = 33554432 (custom)
2019-10-09 06:23:11,438 [pool-393-thread-1] INFO  server.RaftServerConfigKeys (ConfUtils.java:logGet(43)) - raft.server.log.appender.buffer.byte-limit = 33554432 (custom)
2019-10-09 06:23:11,438 [pool-383-thread-1] INFO  server.RaftServerConfigKeys (ConfUtils.java:logGet(43)) - raft.server.log.segment.size.max = 1048576 (custom)
2019-10-09 06:23:11,439 [pool-393-thread-1] INFO  server.RaftServerConfigKeys (ConfUtils.java:logGet(43)) - raft.server.log.segment.size.max = 1048576 (custom)
2019-10-09 06:23:11,438 [pool-403-thread-1] INFO  server.RaftServerConfigKeys (ConfUtils.java:logGet(43)) - raft.server.log.segment.size.max = 1048576 (custom)
2019-10-09 06:23:11,439 [pool-393-thread-1] INFO  server.RaftServerConfigKeys (ConfUtils.java:logGet(43)) - raft.server.log.segment.cache.num.max = 2 (custom)
2019-10-09 06:23:11,439 [pool-383-thread-1] INFO  server.RaftServerConfigKeys (ConfUtils.java:logGet(43)) - raft.server.log.segment.cache.num.max = 2 (custom)
2019-10-09 06:23:11,439 [pool-393-thread-1] INFO  segmented.SegmentedRaftLogWorker (SegmentedRaftLogWorker.java:<init>(173)) - new 973792f1-12ee-47e0-9473-a8308b74e3f4@group-CC1025C9555D-SegmentedRaftLogWorker for RaftStorage:Storage Directory /workdir/hadoop-ozone/integration-test/target/test-dir/MiniOzoneClusterImpl-8c69ce3e-b1cc-48be-a05c-d4de48fc12a3/datanode-1/data/ratis/2969b3b7-e7e9-4264-acee-cc1025c9555d
2019-10-09 06:23:11,439 [pool-403-thread-1] INFO  server.RaftServerConfigKeys (ConfUtils.java:logGet(43)) - raft.server.log.segment.cache.num.max = 2 (custom)
2019-10-09 06:23:11,440 [pool-393-thread-1] INFO  server.RaftServerConfigKeys (ConfUtils.java:logGet(43)) - raft.server.log.queue.byte-limit = 2147483647 (custom)
2019-10-09 06:23:11,439 [pool-383-thread-1] INFO  segmented.SegmentedRaftLogWorker (SegmentedRaftLogWorker.java:<init>(173)) - new dd432914-2a38-441d-a246-854f4e4ff8bf@group-CC1025C9555D-SegmentedRaftLogWorker for RaftStorage:Storage Directory /workdir/hadoop-ozone/integration-test/target/test-dir/MiniOzoneClusterImpl-8c69ce3e-b1cc-48be-a05c-d4de48fc12a3/datanode-0/data/ratis/2969b3b7-e7e9-4264-acee-cc1025c9555d
2019-10-09 06:23:11,440 [pool-393-thread-1] INFO  server.RaftServerConfigKeys (ConfUtils.java:logGet(43)) - raft.server.log.queue.element-limit = 1024 (custom)
2019-10-09 06:23:11,440 [pool-403-thread-1] INFO  segmented.SegmentedRaftLogWorker (SegmentedRaftLogWorker.java:<init>(173)) - new e283cf37-ec36-45f7-8c35-0275e987ea96@group-CC1025C9555D-SegmentedRaftLogWorker for RaftStorage:Storage Directory /workdir/hadoop-ozone/integration-test/target/test-dir/MiniOzoneClusterImpl-8c69ce3e-b1cc-48be-a05c-d4de48fc12a3/datanode-2/data/ratis/2969b3b7-e7e9-4264-acee-cc1025c9555d
2019-10-09 06:23:11,440 [pool-393-thread-1] INFO  server.RaftServerConfigKeys (ConfUtils.java:logGet(43)) - raft.server.log.segment.size.max = 1048576 (custom)
2019-10-09 06:23:11,440 [pool-383-thread-1] INFO  server.RaftServerConfigKeys (ConfUtils.java:logGet(43)) - raft.server.log.queue.byte-limit = 2147483647 (custom)
2019-10-09 06:23:11,441 [pool-393-thread-1] INFO  server.RaftServerConfigKeys (ConfUtils.java:logGet(43)) - raft.server.log.preallocated.size = 16384 (custom)
2019-10-09 06:23:11,440 [pool-403-thread-1] INFO  server.RaftServerConfigKeys (ConfUtils.java:logGet(43)) - raft.server.log.queue.byte-limit = 2147483647 (custom)
2019-10-09 06:23:11,441 [pool-393-thread-1] INFO  server.RaftServerConfigKeys (ConfUtils.java:logGet(43)) - raft.server.log.write.buffer.size = 33554432 (custom)
2019-10-09 06:23:11,441 [pool-383-thread-1] INFO  server.RaftServerConfigKeys (ConfUtils.java:logGet(43)) - raft.server.log.queue.element-limit = 1024 (custom)
2019-10-09 06:23:11,441 [pool-393-thread-1] INFO  server.RaftServerConfigKeys (ConfUtils.java:logGet(43)) - raft.server.log.force.sync.num = 128 (default)
2019-10-09 06:23:11,442 [pool-393-thread-1] INFO  server.RaftServerConfigKeys (ConfUtils.java:logGet(43)) - raft.server.log.statemachine.data.sync = true (default)
2019-10-09 06:23:11,441 [pool-403-thread-1] INFO  server.RaftServerConfigKeys (ConfUtils.java:logGet(43)) - raft.server.log.queue.element-limit = 1024 (custom)
2019-10-09 06:23:11,442 [pool-393-thread-1] INFO  server.RaftServerConfigKeys (ConfUtils.java:logGet(43)) - raft.server.log.statemachine.data.sync.timeout = 10s (default)
2019-10-09 06:23:11,441 [pool-383-thread-1] INFO  server.RaftServerConfigKeys (ConfUtils.java:logGet(43)) - raft.server.log.segment.size.max = 1048576 (custom)
2019-10-09 06:23:11,442 [pool-393-thread-1] INFO  server.RaftServerConfigKeys (ConfUtils.java:logGet(43)) - raft.server.log.statemachine.data.sync.timeout.retry = -1 (default)
2019-10-09 06:23:11,442 [pool-403-thread-1] INFO  server.RaftServerConfigKeys (ConfUtils.java:logGet(43)) - raft.server.log.segment.size.max = 1048576 (custom)
2019-10-09 06:23:11,442 [pool-393-thread-1] INFO  server.RaftServerConfigKeys (ConfUtils.java:logGet(43)) - raft.server.log.statemachine.data.caching.enabled = true (custom)
2019-10-09 06:23:11,442 [pool-383-thread-1] INFO  server.RaftServerConfigKeys (ConfUtils.java:logGet(43)) - raft.server.log.preallocated.size = 16384 (custom)
2019-10-09 06:23:11,443 [pool-403-thread-1] INFO  server.RaftServerConfigKeys (ConfUtils.java:logGet(43)) - raft.server.log.preallocated.size = 16384 (custom)
2019-10-09 06:23:11,443 [pool-393-thread-1] INFO  segmented.SegmentedRaftLogWorker (SegmentedRaftLogWorker.java:lambda$new$0(128)) - 973792f1-12ee-47e0-9473-a8308b74e3f4@group-CC1025C9555D-SegmentedRaftLogWorker: flushIndex: setUnconditionally 0 -> -1
2019-10-09 06:23:11,443 [pool-383-thread-1] INFO  server.RaftServerConfigKeys (ConfUtils.java:logGet(43)) - raft.server.log.write.buffer.size = 33554432 (custom)
2019-10-09 06:23:11,443 [pool-383-thread-1] INFO  server.RaftServerConfigKeys (ConfUtils.java:logGet(43)) - raft.server.log.force.sync.num = 128 (default)
2019-10-09 06:23:11,443 [pool-403-thread-1] INFO  server.RaftServerConfigKeys (ConfUtils.java:logGet(43)) - raft.server.log.write.buffer.size = 33554432 (custom)
2019-10-09 06:23:11,444 [pool-383-thread-1] INFO  server.RaftServerConfigKeys (ConfUtils.java:logGet(43)) - raft.server.log.statemachine.data.sync = true (default)
2019-10-09 06:23:11,443 [pool-393-thread-1] INFO  server.RaftServerConfigKeys (ConfUtils.java:logGet(43)) - raft.server.snapshot.auto.trigger.enabled = true (custom)
2019-10-09 06:23:11,444 [pool-383-thread-1] INFO  server.RaftServerConfigKeys (ConfUtils.java:logGet(43)) - raft.server.log.statemachine.data.sync.timeout = 10s (default)
2019-10-09 06:23:11,444 [pool-403-thread-1] INFO  server.RaftServerConfigKeys (ConfUtils.java:logGet(43)) - raft.server.log.force.sync.num = 128 (default)
2019-10-09 06:23:11,444 [pool-383-thread-1] INFO  server.RaftServerConfigKeys (ConfUtils.java:logGet(43)) - raft.server.log.statemachine.data.sync.timeout.retry = -1 (default)
2019-10-09 06:23:11,444 [pool-393-thread-1] INFO  server.RaftServerConfigKeys (ConfUtils.java:logGet(43)) - raft.server.snapshot.auto.trigger.threshold = 10000 (custom)
2019-10-09 06:23:11,445 [pool-383-thread-1] INFO  server.RaftServerConfigKeys (ConfUtils.java:logGet(43)) - raft.server.log.statemachine.data.caching.enabled = true (custom)
2019-10-09 06:23:11,444 [pool-403-thread-1] INFO  server.RaftServerConfigKeys (ConfUtils.java:logGet(43)) - raft.server.log.statemachine.data.sync = true (default)
2019-10-09 06:23:11,445 [pool-383-thread-1] INFO  segmented.SegmentedRaftLogWorker (SegmentedRaftLogWorker.java:lambda$new$0(128)) - dd432914-2a38-441d-a246-854f4e4ff8bf@group-CC1025C9555D-SegmentedRaftLogWorker: flushIndex: setUnconditionally 0 -> -1
2019-10-09 06:23:11,445 [pool-393-thread-1] INFO  server.RaftServerConfigKeys (ConfUtils.java:logGet(43)) - raft.server.snapshot.retention.file.num = 5 (custom)
2019-10-09 06:23:11,445 [pool-403-thread-1] INFO  server.RaftServerConfigKeys (ConfUtils.java:logGet(43)) - raft.server.log.statemachine.data.sync.timeout = 10s (default)
2019-10-09 06:23:11,445 [pool-393-thread-1] INFO  server.RaftServerConfigKeys (ConfUtils.java:logGet(43)) - raft.server.retrycache.expirytime = 600000ms (custom)
2019-10-09 06:23:11,445 [pool-383-thread-1] INFO  server.RaftServerConfigKeys (ConfUtils.java:logGet(43)) - raft.server.snapshot.auto.trigger.enabled = true (custom)
2019-10-09 06:23:11,445 [pool-403-thread-1] INFO  server.RaftServerConfigKeys (ConfUtils.java:logGet(43)) - raft.server.log.statemachine.data.sync.timeout.retry = -1 (default)
2019-10-09 06:23:11,446 [pool-383-thread-1] INFO  server.RaftServerConfigKeys (ConfUtils.java:logGet(43)) - raft.server.snapshot.auto.trigger.threshold = 10000 (custom)
2019-10-09 06:23:11,446 [pool-403-thread-1] INFO  server.RaftServerConfigKeys (ConfUtils.java:logGet(43)) - raft.server.log.statemachine.data.caching.enabled = true (custom)
2019-10-09 06:23:11,446 [pool-383-thread-1] INFO  server.RaftServerConfigKeys (ConfUtils.java:logGet(43)) - raft.server.snapshot.retention.file.num = 5 (custom)
2019-10-09 06:23:11,446 [pool-383-thread-1] INFO  server.RaftServerConfigKeys (ConfUtils.java:logGet(43)) - raft.server.retrycache.expirytime = 600000ms (custom)
2019-10-09 06:23:11,446 [pool-403-thread-1] INFO  segmented.SegmentedRaftLogWorker (SegmentedRaftLogWorker.java:lambda$new$0(128)) - e283cf37-ec36-45f7-8c35-0275e987ea96@group-CC1025C9555D-SegmentedRaftLogWorker: flushIndex: setUnconditionally 0 -> -1
2019-10-09 06:23:11,447 [pool-403-thread-1] INFO  server.RaftServerConfigKeys (ConfUtils.java:logGet(43)) - raft.server.snapshot.auto.trigger.enabled = true (custom)
2019-10-09 06:23:11,447 [pool-403-thread-1] INFO  server.RaftServerConfigKeys (ConfUtils.java:logGet(43)) - raft.server.snapshot.auto.trigger.threshold = 10000 (custom)
2019-10-09 06:23:11,447 [pool-403-thread-1] INFO  server.RaftServerConfigKeys (ConfUtils.java:logGet(43)) - raft.server.snapshot.retention.file.num = 5 (custom)
2019-10-09 06:23:11,447 [pool-403-thread-1] INFO  server.RaftServerConfigKeys (ConfUtils.java:logGet(43)) - raft.server.retrycache.expirytime = 600000ms (custom)
2019-10-09 06:23:11,449 [pool-393-thread-1] INFO  impl.RaftServerImpl (RaftServerImpl.java:start(181)) - 973792f1-12ee-47e0-9473-a8308b74e3f4@group-CC1025C9555D: start as a follower, conf=-1: [973792f1-12ee-47e0-9473-a8308b74e3f4:192.168.164.215:38158, e283cf37-ec36-45f7-8c35-0275e987ea96:192.168.164.215:44715, dd432914-2a38-441d-a246-854f4e4ff8bf:192.168.164.215:45662], old=null
2019-10-09 06:23:11,449 [pool-393-thread-1] INFO  impl.RaftServerImpl (RaftServerImpl.java:setRole(170)) - 973792f1-12ee-47e0-9473-a8308b74e3f4@group-CC1025C9555D: changes role from      null to FOLLOWER at term 0 for startAsFollower
2019-10-09 06:23:11,449 [pool-393-thread-1] INFO  impl.RoleInfo (RoleInfo.java:updateAndGet(143)) - 973792f1-12ee-47e0-9473-a8308b74e3f4: start FollowerState
2019-10-09 06:23:11,449 [pool-393-thread-1] INFO  util.JmxRegister (JmxRegister.java:tryRegister(44)) - Successfully registered JMX Bean with object name Ratis:service=RaftServer,group=group-CC1025C9555D,id=973792f1-12ee-47e0-9473-a8308b74e3f4
2019-10-09 06:23:11,449 [pool-383-thread-1] INFO  impl.RaftServerImpl (RaftServerImpl.java:start(181)) - dd432914-2a38-441d-a246-854f4e4ff8bf@group-CC1025C9555D: start as a follower, conf=-1: [973792f1-12ee-47e0-9473-a8308b74e3f4:192.168.164.215:38158, e283cf37-ec36-45f7-8c35-0275e987ea96:192.168.164.215:44715, dd432914-2a38-441d-a246-854f4e4ff8bf:192.168.164.215:45662], old=null
2019-10-09 06:23:11,450 [pool-383-thread-1] INFO  impl.RaftServerImpl (RaftServerImpl.java:setRole(170)) - dd432914-2a38-441d-a246-854f4e4ff8bf@group-CC1025C9555D: changes role from      null to FOLLOWER at term 0 for startAsFollower
2019-10-09 06:23:11,450 [pool-403-thread-1] INFO  impl.RaftServerImpl (RaftServerImpl.java:start(181)) - e283cf37-ec36-45f7-8c35-0275e987ea96@group-CC1025C9555D: start as a follower, conf=-1: [973792f1-12ee-47e0-9473-a8308b74e3f4:192.168.164.215:38158, e283cf37-ec36-45f7-8c35-0275e987ea96:192.168.164.215:44715, dd432914-2a38-441d-a246-854f4e4ff8bf:192.168.164.215:45662], old=null
2019-10-09 06:23:11,450 [pool-383-thread-1] INFO  impl.RoleInfo (RoleInfo.java:updateAndGet(143)) - dd432914-2a38-441d-a246-854f4e4ff8bf: start FollowerState
2019-10-09 06:23:11,450 [pool-403-thread-1] INFO  impl.RaftServerImpl (RaftServerImpl.java:setRole(170)) - e283cf37-ec36-45f7-8c35-0275e987ea96@group-CC1025C9555D: changes role from      null to FOLLOWER at term 0 for startAsFollower
2019-10-09 06:23:11,450 [pool-403-thread-1] INFO  impl.RoleInfo (RoleInfo.java:updateAndGet(143)) - e283cf37-ec36-45f7-8c35-0275e987ea96: start FollowerState
2019-10-09 06:23:11,450 [pool-383-thread-1] INFO  util.JmxRegister (JmxRegister.java:tryRegister(44)) - Successfully registered JMX Bean with object name Ratis:service=RaftServer,group=group-CC1025C9555D,id=dd432914-2a38-441d-a246-854f4e4ff8bf
2019-10-09 06:23:11,451 [pool-403-thread-1] INFO  util.JmxRegister (JmxRegister.java:tryRegister(44)) - Successfully registered JMX Bean with object name Ratis:service=RaftServer,group=group-CC1025C9555D,id=e283cf37-ec36-45f7-8c35-0275e987ea96
2019-10-09 06:23:11,452 [IPC Server handler 1 on 41419] INFO  net.NetworkTopology (NetworkTopologyImpl.java:add(111)) - Added a new node: /default-rack/8e2eea38-291e-46d5-8bf2-5a0081e459bb
2019-10-09 06:23:11,453 [IPC Server handler 1 on 41419] INFO  node.SCMNodeManager (SCMNodeManager.java:register(268)) - Registered Data node : 8e2eea38-291e-46d5-8bf2-5a0081e459bb{ip: 192.168.164.215, host: pr-hdds-2269-kpn6k-1406547098, networkLocation: /default-rack, certSerialId: null}
2019-10-09 06:23:11,461 [RatisPipelineUtilsThread] INFO  pipeline.PipelineStateManager (PipelineStateManager.java:addPipeline(56)) - Created pipeline Pipeline[ Id: 2969b3b7-e7e9-4264-acee-cc1025c9555d, Nodes: e283cf37-ec36-45f7-8c35-0275e987ea96{ip: 192.168.164.215, host: pr-hdds-2269-kpn6k-1406547098, networkLocation: /default-rack, certSerialId: null}dd432914-2a38-441d-a246-854f4e4ff8bf{ip: 192.168.164.215, host: pr-hdds-2269-kpn6k-1406547098, networkLocation: /default-rack, certSerialId: null}973792f1-12ee-47e0-9473-a8308b74e3f4{ip: 192.168.164.215, host: pr-hdds-2269-kpn6k-1406547098, networkLocation: /default-rack, certSerialId: null}, Type:RATIS, Factor:THREE, State:OPEN]
2019-10-09 06:23:11,553 [IPC Server handler 3 on 41419] INFO  net.NetworkTopology (NetworkTopologyImpl.java:add(111)) - Added a new node: /default-rack/0d8000ce-a3d6-4a1b-8ad9-6ddb0f1332ff
2019-10-09 06:23:11,554 [IPC Server handler 3 on 41419] INFO  node.SCMNodeManager (SCMNodeManager.java:register(268)) - Registered Data node : 0d8000ce-a3d6-4a1b-8ad9-6ddb0f1332ff{ip: 192.168.164.215, host: pr-hdds-2269-kpn6k-1406547098, networkLocation: /default-rack, certSerialId: null}
2019-10-09 06:23:11,562 [grpc-default-executor-1] INFO  impl.RaftServerProxy (RaftServerProxy.java:addNew(89)) - 8e2eea38-291e-46d5-8bf2-5a0081e459bb: addNew group-8E9F0E2A8272:[8e2eea38-291e-46d5-8bf2-5a0081e459bb:192.168.164.215:43392] returns group-8E9F0E2A8272:java.util.concurrent.CompletableFuture@64bd7025[Not completed]
2019-10-09 06:23:11,567 [pool-413-thread-1] INFO  impl.RaftServerImpl (RaftServerImpl.java:<init>(95)) - 8e2eea38-291e-46d5-8bf2-5a0081e459bb: new RaftServerImpl for group-8E9F0E2A8272:[8e2eea38-291e-46d5-8bf2-5a0081e459bb:192.168.164.215:43392] with ContainerStateMachine:uninitialized
2019-10-09 06:23:11,567 [pool-413-thread-1] INFO  server.RaftServerConfigKeys (ConfUtils.java:logGet(43)) - raft.server.rpc.timeout.min = 5s (custom)
2019-10-09 06:23:11,567 [pool-413-thread-1] INFO  server.RaftServerConfigKeys (ConfUtils.java:logGet(43)) - raft.server.rpc.timeout.max = 5200ms (custom)
2019-10-09 06:23:11,567 [pool-413-thread-1] INFO  server.RaftServerConfigKeys (ConfUtils.java:logGet(43)) - raft.server.rpcslowness.timeout = 120s (custom)
2019-10-09 06:23:11,568 [pool-413-thread-1] INFO  server.RaftServerConfigKeys (ConfUtils.java:logGet(43)) - raft.server.sleep.deviation.threshold = 300 (default)
2019-10-09 06:23:11,568 [pool-413-thread-1] INFO  server.RaftServerConfigKeys (ConfUtils.java:logGet(43)) - raft.server.log.appender.install.snapshot.enabled = false (custom)
2019-10-09 06:23:11,568 [pool-413-thread-1] INFO  impl.RaftServerImpl (ServerState.java:<init>(103)) - 8e2eea38-291e-46d5-8bf2-5a0081e459bb@group-8E9F0E2A8272: ConfigurationManager, init=-1: [8e2eea38-291e-46d5-8bf2-5a0081e459bb:192.168.164.215:43392], old=null, confs=<EMPTY_MAP>
2019-10-09 06:23:11,568 [pool-413-thread-1] INFO  server.RaftServerConfigKeys (ConfUtils.java:logGet(43)) - raft.server.storage.dir = [/workdir/hadoop-ozone/integration-test/target/test-dir/MiniOzoneClusterImpl-8c69ce3e-b1cc-48be-a05c-d4de48fc12a3/datanode-3/data/ratis] (custom)
2019-10-09 06:23:11,568 [pool-413-thread-1] INFO  server.RaftServerConfigKeys (ConfUtils.java:logGet(43)) - raft.server.log.corruption.policy = EXCEPTION (default)
2019-10-09 06:23:11,568 [pool-413-thread-1] INFO  storage.RaftStorageDirectory (RaftStorageDirectory.java:analyzeStorage(246)) - The storage directory /workdir/hadoop-ozone/integration-test/target/test-dir/MiniOzoneClusterImpl-8c69ce3e-b1cc-48be-a05c-d4de48fc12a3/datanode-3/data/ratis/95e4f72a-ea8b-4bee-8097-8e9f0e2a8272 does not exist. Creating ...
2019-10-09 06:23:11,582 [pool-413-thread-1] INFO  storage.RaftStorageDirectory (RaftStorageDirectory.java:tryLock(328)) - Lock on /workdir/hadoop-ozone/integration-test/target/test-dir/MiniOzoneClusterImpl-8c69ce3e-b1cc-48be-a05c-d4de48fc12a3/datanode-3/data/ratis/95e4f72a-ea8b-4bee-8097-8e9f0e2a8272/in_use.lock acquired by nodename 17003@pr-hdds-2269-kpn6k-1406547098
2019-10-09 06:23:11,594 [pool-413-thread-1] INFO  storage.RaftStorage (RaftStorage.java:format(84)) - Storage directory /workdir/hadoop-ozone/integration-test/target/test-dir/MiniOzoneClusterImpl-8c69ce3e-b1cc-48be-a05c-d4de48fc12a3/datanode-3/data/ratis/95e4f72a-ea8b-4bee-8097-8e9f0e2a8272 has been successfully formatted.
2019-10-09 06:23:11,594 [pool-413-thread-1] INFO  ratis.ContainerStateMachine (ContainerStateMachine.java:loadSnapshot(231)) - group-8E9F0E2A8272: The snapshot info is null. Setting the last applied indexto:(t:0, i:~)
2019-10-09 06:23:11,594 [pool-413-thread-1] INFO  server.RaftServerConfigKeys (ConfUtils.java:logGet(43)) - raft.server.notification.no-leader.timeout = 120s (custom)
2019-10-09 06:23:11,594 [pool-413-thread-1] INFO  server.RaftServerConfigKeys (ConfUtils.java:logGet(43)) - raft.server.log.use.memory = false (default)
2019-10-09 06:23:11,594 [pool-413-thread-1] INFO  server.RaftServerConfigKeys (ConfUtils.java:logGet(43)) - raft.server.log.purge.gap = 1000000 (custom)
2019-10-09 06:23:11,595 [pool-413-thread-1] INFO  server.RaftServerConfigKeys (ConfUtils.java:logGet(43)) - raft.server.log.appender.buffer.byte-limit = 33554432 (custom)
2019-10-09 06:23:11,595 [pool-413-thread-1] INFO  server.RaftServerConfigKeys (ConfUtils.java:logGet(43)) - raft.server.log.segment.size.max = 1048576 (custom)
2019-10-09 06:23:11,596 [pool-413-thread-1] INFO  server.RaftServerConfigKeys (ConfUtils.java:logGet(43)) - raft.server.log.segment.cache.num.max = 2 (custom)
2019-10-09 06:23:11,596 [pool-413-thread-1] INFO  segmented.SegmentedRaftLogWorker (SegmentedRaftLogWorker.java:<init>(173)) - new 8e2eea38-291e-46d5-8bf2-5a0081e459bb@group-8E9F0E2A8272-SegmentedRaftLogWorker for RaftStorage:Storage Directory /workdir/hadoop-ozone/integration-test/target/test-dir/MiniOzoneClusterImpl-8c69ce3e-b1cc-48be-a05c-d4de48fc12a3/datanode-3/data/ratis/95e4f72a-ea8b-4bee-8097-8e9f0e2a8272
2019-10-09 06:23:11,597 [pool-413-thread-1] INFO  server.RaftServerConfigKeys (ConfUtils.java:logGet(43)) - raft.server.log.queue.byte-limit = 2147483647 (custom)
2019-10-09 06:23:11,597 [pool-413-thread-1] INFO  server.RaftServerConfigKeys (ConfUtils.java:logGet(43)) - raft.server.log.queue.element-limit = 1024 (custom)
2019-10-09 06:23:11,597 [pool-413-thread-1] INFO  server.RaftServerConfigKeys (ConfUtils.java:logGet(43)) - raft.server.log.segment.size.max = 1048576 (custom)
2019-10-09 06:23:11,597 [pool-413-thread-1] INFO  server.RaftServerConfigKeys (ConfUtils.java:logGet(43)) - raft.server.log.preallocated.size = 16384 (custom)
2019-10-09 06:23:11,597 [pool-413-thread-1] INFO  server.RaftServerConfigKeys (ConfUtils.java:logGet(43)) - raft.server.log.write.buffer.size = 33554432 (custom)
2019-10-09 06:23:11,597 [pool-413-thread-1] INFO  server.RaftServerConfigKeys (ConfUtils.java:logGet(43)) - raft.server.log.force.sync.num = 128 (default)
2019-10-09 06:23:11,597 [pool-413-thread-1] INFO  server.RaftServerConfigKeys (ConfUtils.java:logGet(43)) - raft.server.log.statemachine.data.sync = true (default)
2019-10-09 06:23:11,597 [pool-413-thread-1] INFO  server.RaftServerConfigKeys (ConfUtils.java:logGet(43)) - raft.server.log.statemachine.data.sync.timeout = 10s (default)
2019-10-09 06:23:11,598 [pool-413-thread-1] INFO  server.RaftServerConfigKeys (ConfUtils.java:logGet(43)) - raft.server.log.statemachine.data.sync.timeout.retry = -1 (default)
2019-10-09 06:23:11,598 [pool-413-thread-1] INFO  server.RaftServerConfigKeys (ConfUtils.java:logGet(43)) - raft.server.log.statemachine.data.caching.enabled = true (custom)
2019-10-09 06:23:11,598 [pool-413-thread-1] INFO  segmented.SegmentedRaftLogWorker (SegmentedRaftLogWorker.java:lambda$new$0(128)) - 8e2eea38-291e-46d5-8bf2-5a0081e459bb@group-8E9F0E2A8272-SegmentedRaftLogWorker: flushIndex: setUnconditionally 0 -> -1
2019-10-09 06:23:11,598 [pool-413-thread-1] INFO  server.RaftServerConfigKeys (ConfUtils.java:logGet(43)) - raft.server.snapshot.auto.trigger.enabled = true (custom)
2019-10-09 06:23:11,599 [pool-413-thread-1] INFO  server.RaftServerConfigKeys (ConfUtils.java:logGet(43)) - raft.server.snapshot.auto.trigger.threshold = 10000 (custom)
2019-10-09 06:23:11,599 [pool-413-thread-1] INFO  server.RaftServerConfigKeys (ConfUtils.java:logGet(43)) - raft.server.snapshot.retention.file.num = 5 (custom)
2019-10-09 06:23:11,599 [pool-413-thread-1] INFO  server.RaftServerConfigKeys (ConfUtils.java:logGet(43)) - raft.server.retrycache.expirytime = 600000ms (custom)
2019-10-09 06:23:11,600 [pool-413-thread-1] INFO  impl.RaftServerImpl (RaftServerImpl.java:start(181)) - 8e2eea38-291e-46d5-8bf2-5a0081e459bb@group-8E9F0E2A8272: start as a follower, conf=-1: [8e2eea38-291e-46d5-8bf2-5a0081e459bb:192.168.164.215:43392], old=null
2019-10-09 06:23:11,601 [pool-413-thread-1] INFO  impl.RaftServerImpl (RaftServerImpl.java:setRole(170)) - 8e2eea38-291e-46d5-8bf2-5a0081e459bb@group-8E9F0E2A8272: changes role from      null to FOLLOWER at term 0 for startAsFollower
2019-10-09 06:23:11,601 [pool-413-thread-1] INFO  impl.RoleInfo (RoleInfo.java:updateAndGet(143)) - 8e2eea38-291e-46d5-8bf2-5a0081e459bb: start FollowerState
2019-10-09 06:23:11,601 [pool-413-thread-1] INFO  util.JmxRegister (JmxRegister.java:tryRegister(44)) - Successfully registered JMX Bean with object name Ratis:service=RaftServer,group=group-8E9F0E2A8272,id=8e2eea38-291e-46d5-8bf2-5a0081e459bb
2019-10-09 06:23:11,610 [RatisPipelineUtilsThread] INFO  pipeline.PipelineStateManager (PipelineStateManager.java:addPipeline(56)) - Created pipeline Pipeline[ Id: 95e4f72a-ea8b-4bee-8097-8e9f0e2a8272, Nodes: 8e2eea38-291e-46d5-8bf2-5a0081e459bb{ip: 192.168.164.215, host: pr-hdds-2269-kpn6k-1406547098, networkLocation: /default-rack, certSerialId: null}, Type:RATIS, Factor:ONE, State:OPEN]
2019-10-09 06:23:11,618 [grpc-default-executor-1] INFO  impl.RaftServerProxy (RaftServerProxy.java:addNew(89)) - 0d8000ce-a3d6-4a1b-8ad9-6ddb0f1332ff: addNew group-0F99FE0101FB:[0d8000ce-a3d6-4a1b-8ad9-6ddb0f1332ff:192.168.164.215:41201] returns group-0F99FE0101FB:java.util.concurrent.CompletableFuture@7f1adf05[Not completed]
2019-10-09 06:23:11,620 [pool-423-thread-1] INFO  impl.RaftServerImpl (RaftServerImpl.java:<init>(95)) - 0d8000ce-a3d6-4a1b-8ad9-6ddb0f1332ff: new RaftServerImpl for group-0F99FE0101FB:[0d8000ce-a3d6-4a1b-8ad9-6ddb0f1332ff:192.168.164.215:41201] with ContainerStateMachine:uninitialized
2019-10-09 06:23:11,620 [pool-423-thread-1] INFO  server.RaftServerConfigKeys (ConfUtils.java:logGet(43)) - raft.server.rpc.timeout.min = 5s (custom)
2019-10-09 06:23:11,620 [pool-423-thread-1] INFO  server.RaftServerConfigKeys (ConfUtils.java:logGet(43)) - raft.server.rpc.timeout.max = 5200ms (custom)
2019-10-09 06:23:11,620 [pool-423-thread-1] INFO  server.RaftServerConfigKeys (ConfUtils.java:logGet(43)) - raft.server.rpcslowness.timeout = 120s (custom)
2019-10-09 06:23:11,620 [pool-423-thread-1] INFO  server.RaftServerConfigKeys (ConfUtils.java:logGet(43)) - raft.server.sleep.deviation.threshold = 300 (default)
2019-10-09 06:23:11,621 [pool-423-thread-1] INFO  server.RaftServerConfigKeys (ConfUtils.java:logGet(43)) - raft.server.log.appender.install.snapshot.enabled = false (custom)
2019-10-09 06:23:11,621 [pool-423-thread-1] INFO  impl.RaftServerImpl (ServerState.java:<init>(103)) - 0d8000ce-a3d6-4a1b-8ad9-6ddb0f1332ff@group-0F99FE0101FB: ConfigurationManager, init=-1: [0d8000ce-a3d6-4a1b-8ad9-6ddb0f1332ff:192.168.164.215:41201], old=null, confs=<EMPTY_MAP>
2019-10-09 06:23:11,621 [pool-423-thread-1] INFO  server.RaftServerConfigKeys (ConfUtils.java:logGet(43)) - raft.server.storage.dir = [/workdir/hadoop-ozone/integration-test/target/test-dir/MiniOzoneClusterImpl-8c69ce3e-b1cc-48be-a05c-d4de48fc12a3/datanode-4/data/ratis] (custom)
2019-10-09 06:23:11,621 [pool-423-thread-1] INFO  server.RaftServerConfigKeys (ConfUtils.java:logGet(43)) - raft.server.log.corruption.policy = EXCEPTION (default)
2019-10-09 06:23:11,621 [pool-423-thread-1] INFO  storage.RaftStorageDirectory (RaftStorageDirectory.java:analyzeStorage(246)) - The storage directory /workdir/hadoop-ozone/integration-test/target/test-dir/MiniOzoneClusterImpl-8c69ce3e-b1cc-48be-a05c-d4de48fc12a3/datanode-4/data/ratis/1cb88c83-ff51-41a4-ab07-0f99fe0101fb does not exist. Creating ...
2019-10-09 06:23:11,635 [pool-423-thread-1] INFO  storage.RaftStorageDirectory (RaftStorageDirectory.java:tryLock(328)) - Lock on /workdir/hadoop-ozone/integration-test/target/test-dir/MiniOzoneClusterImpl-8c69ce3e-b1cc-48be-a05c-d4de48fc12a3/datanode-4/data/ratis/1cb88c83-ff51-41a4-ab07-0f99fe0101fb/in_use.lock acquired by nodename 17003@pr-hdds-2269-kpn6k-1406547098
2019-10-09 06:23:11,647 [IPC Server handler 2 on 41419] INFO  net.NetworkTopology (NetworkTopologyImpl.java:add(111)) - Added a new node: /default-rack/a89cb1fa-651c-448c-a189-c0c91a4d6de6
2019-10-09 06:23:11,647 [IPC Server handler 2 on 41419] INFO  node.SCMNodeManager (SCMNodeManager.java:register(268)) - Registered Data node : a89cb1fa-651c-448c-a189-c0c91a4d6de6{ip: 192.168.164.215, host: pr-hdds-2269-kpn6k-1406547098, networkLocation: /default-rack, certSerialId: null}
2019-10-09 06:23:11,648 [pool-423-thread-1] INFO  storage.RaftStorage (RaftStorage.java:format(84)) - Storage directory /workdir/hadoop-ozone/integration-test/target/test-dir/MiniOzoneClusterImpl-8c69ce3e-b1cc-48be-a05c-d4de48fc12a3/datanode-4/data/ratis/1cb88c83-ff51-41a4-ab07-0f99fe0101fb has been successfully formatted.
2019-10-09 06:23:11,648 [pool-423-thread-1] INFO  ratis.ContainerStateMachine (ContainerStateMachine.java:loadSnapshot(231)) - group-0F99FE0101FB: The snapshot info is null. Setting the last applied indexto:(t:0, i:~)
2019-10-09 06:23:11,648 [pool-423-thread-1] INFO  server.RaftServerConfigKeys (ConfUtils.java:logGet(43)) - raft.server.notification.no-leader.timeout = 120s (custom)
2019-10-09 06:23:11,648 [pool-423-thread-1] INFO  server.RaftServerConfigKeys (ConfUtils.java:logGet(43)) - raft.server.log.use.memory = false (default)
2019-10-09 06:23:11,648 [pool-423-thread-1] INFO  server.RaftServerConfigKeys (ConfUtils.java:logGet(43)) - raft.server.log.purge.gap = 1000000 (custom)
2019-10-09 06:23:11,649 [pool-423-thread-1] INFO  server.RaftServerConfigKeys (ConfUtils.java:logGet(43)) - raft.server.log.appender.buffer.byte-limit = 33554432 (custom)
2019-10-09 06:23:11,649 [pool-423-thread-1] INFO  server.RaftServerConfigKeys (ConfUtils.java:logGet(43)) - raft.server.log.segment.size.max = 1048576 (custom)
2019-10-09 06:23:11,650 [pool-423-thread-1] INFO  server.RaftServerConfigKeys (ConfUtils.java:logGet(43)) - raft.server.log.segment.cache.num.max = 2 (custom)
2019-10-09 06:23:11,651 [pool-423-thread-1] INFO  segmented.SegmentedRaftLogWorker (SegmentedRaftLogWorker.java:<init>(173)) - new 0d8000ce-a3d6-4a1b-8ad9-6ddb0f1332ff@group-0F99FE0101FB-SegmentedRaftLogWorker for RaftStorage:Storage Directory /workdir/hadoop-ozone/integration-test/target/test-dir/MiniOzoneClusterImpl-8c69ce3e-b1cc-48be-a05c-d4de48fc12a3/datanode-4/data/ratis/1cb88c83-ff51-41a4-ab07-0f99fe0101fb
2019-10-09 06:23:11,651 [pool-423-thread-1] INFO  server.RaftServerConfigKeys (ConfUtils.java:logGet(43)) - raft.server.log.queue.byte-limit = 2147483647 (custom)
2019-10-09 06:23:11,651 [pool-423-thread-1] INFO  server.RaftServerConfigKeys (ConfUtils.java:logGet(43)) - raft.server.log.queue.element-limit = 1024 (custom)
2019-10-09 06:23:11,651 [pool-423-thread-1] INFO  server.RaftServerConfigKeys (ConfUtils.java:logGet(43)) - raft.server.log.segment.size.max = 1048576 (custom)
2019-10-09 06:23:11,651 [pool-423-thread-1] INFO  server.RaftServerConfigKeys (ConfUtils.java:logGet(43)) - raft.server.log.preallocated.size = 16384 (custom)
2019-10-09 06:23:11,651 [pool-423-thread-1] INFO  server.RaftServerConfigKeys (ConfUtils.java:logGet(43)) - raft.server.log.write.buffer.size = 33554432 (custom)
2019-10-09 06:23:11,651 [pool-423-thread-1] INFO  server.RaftServerConfigKeys (ConfUtils.java:logGet(43)) - raft.server.log.force.sync.num = 128 (default)
2019-10-09 06:23:11,652 [pool-423-thread-1] INFO  server.RaftServerConfigKeys (ConfUtils.java:logGet(43)) - raft.server.log.statemachine.data.sync = true (default)
2019-10-09 06:23:11,652 [pool-423-thread-1] INFO  server.RaftServerConfigKeys (ConfUtils.java:logGet(43)) - raft.server.log.statemachine.data.sync.timeout = 10s (default)
2019-10-09 06:23:11,652 [pool-423-thread-1] INFO  server.RaftServerConfigKeys (ConfUtils.java:logGet(43)) - raft.server.log.statemachine.data.sync.timeout.retry = -1 (default)
2019-10-09 06:23:11,652 [pool-423-thread-1] INFO  server.RaftServerConfigKeys (ConfUtils.java:logGet(43)) - raft.server.log.statemachine.data.caching.enabled = true (custom)
2019-10-09 06:23:11,653 [pool-423-thread-1] INFO  segmented.SegmentedRaftLogWorker (SegmentedRaftLogWorker.java:lambda$new$0(128)) - 0d8000ce-a3d6-4a1b-8ad9-6ddb0f1332ff@group-0F99FE0101FB-SegmentedRaftLogWorker: flushIndex: setUnconditionally 0 -> -1
2019-10-09 06:23:11,653 [pool-423-thread-1] INFO  server.RaftServerConfigKeys (ConfUtils.java:logGet(43)) - raft.server.snapshot.auto.trigger.enabled = true (custom)
2019-10-09 06:23:11,653 [pool-423-thread-1] INFO  server.RaftServerConfigKeys (ConfUtils.java:logGet(43)) - raft.server.snapshot.auto.trigger.threshold = 10000 (custom)
2019-10-09 06:23:11,653 [pool-423-thread-1] INFO  server.RaftServerConfigKeys (ConfUtils.java:logGet(43)) - raft.server.snapshot.retention.file.num = 5 (custom)
2019-10-09 06:23:11,653 [pool-423-thread-1] INFO  server.RaftServerConfigKeys (ConfUtils.java:logGet(43)) - raft.server.retrycache.expirytime = 600000ms (custom)
2019-10-09 06:23:11,655 [pool-423-thread-1] INFO  impl.RaftServerImpl (RaftServerImpl.java:start(181)) - 0d8000ce-a3d6-4a1b-8ad9-6ddb0f1332ff@group-0F99FE0101FB: start as a follower, conf=-1: [0d8000ce-a3d6-4a1b-8ad9-6ddb0f1332ff:192.168.164.215:41201], old=null
2019-10-09 06:23:11,655 [pool-423-thread-1] INFO  impl.RaftServerImpl (RaftServerImpl.java:setRole(170)) - 0d8000ce-a3d6-4a1b-8ad9-6ddb0f1332ff@group-0F99FE0101FB: changes role from      null to FOLLOWER at term 0 for startAsFollower
2019-10-09 06:23:11,655 [pool-423-thread-1] INFO  impl.RoleInfo (RoleInfo.java:updateAndGet(143)) - 0d8000ce-a3d6-4a1b-8ad9-6ddb0f1332ff: start FollowerState
2019-10-09 06:23:11,656 [pool-423-thread-1] INFO  util.JmxRegister (JmxRegister.java:tryRegister(44)) - Successfully registered JMX Bean with object name Ratis:service=RaftServer,group=group-0F99FE0101FB,id=0d8000ce-a3d6-4a1b-8ad9-6ddb0f1332ff
2019-10-09 06:23:11,665 [RatisPipelineUtilsThread] INFO  pipeline.PipelineStateManager (PipelineStateManager.java:addPipeline(56)) - Created pipeline Pipeline[ Id: 1cb88c83-ff51-41a4-ab07-0f99fe0101fb, Nodes: 0d8000ce-a3d6-4a1b-8ad9-6ddb0f1332ff{ip: 192.168.164.215, host: pr-hdds-2269-kpn6k-1406547098, networkLocation: /default-rack, certSerialId: null}, Type:RATIS, Factor:ONE, State:OPEN]
2019-10-09 06:23:11,673 [grpc-default-executor-1] INFO  impl.RaftServerProxy (RaftServerProxy.java:addNew(89)) - a89cb1fa-651c-448c-a189-c0c91a4d6de6: addNew group-917DF7BE3FE4:[a89cb1fa-651c-448c-a189-c0c91a4d6de6:192.168.164.215:33320] returns group-917DF7BE3FE4:java.util.concurrent.CompletableFuture@68e7b682[Not completed]
2019-10-09 06:23:11,674 [pool-433-thread-1] INFO  impl.RaftServerImpl (RaftServerImpl.java:<init>(95)) - a89cb1fa-651c-448c-a189-c0c91a4d6de6: new RaftServerImpl for group-917DF7BE3FE4:[a89cb1fa-651c-448c-a189-c0c91a4d6de6:192.168.164.215:33320] with ContainerStateMachine:uninitialized
2019-10-09 06:23:11,674 [pool-433-thread-1] INFO  server.RaftServerConfigKeys (ConfUtils.java:logGet(43)) - raft.server.rpc.timeout.min = 5s (custom)
2019-10-09 06:23:11,674 [pool-433-thread-1] INFO  server.RaftServerConfigKeys (ConfUtils.java:logGet(43)) - raft.server.rpc.timeout.max = 5200ms (custom)
2019-10-09 06:23:11,674 [pool-433-thread-1] INFO  server.RaftServerConfigKeys (ConfUtils.java:logGet(43)) - raft.server.rpcslowness.timeout = 120s (custom)
2019-10-09 06:23:11,674 [pool-433-thread-1] INFO  server.RaftServerConfigKeys (ConfUtils.java:logGet(43)) - raft.server.sleep.deviation.threshold = 300 (default)
2019-10-09 06:23:11,675 [pool-433-thread-1] INFO  server.RaftServerConfigKeys (ConfUtils.java:logGet(43)) - raft.server.log.appender.install.snapshot.enabled = false (custom)
2019-10-09 06:23:11,675 [pool-433-thread-1] INFO  impl.RaftServerImpl (ServerState.java:<init>(103)) - a89cb1fa-651c-448c-a189-c0c91a4d6de6@group-917DF7BE3FE4: ConfigurationManager, init=-1: [a89cb1fa-651c-448c-a189-c0c91a4d6de6:192.168.164.215:33320], old=null, confs=<EMPTY_MAP>
2019-10-09 06:23:11,675 [pool-433-thread-1] INFO  server.RaftServerConfigKeys (ConfUtils.java:logGet(43)) - raft.server.storage.dir = [/workdir/hadoop-ozone/integration-test/target/test-dir/MiniOzoneClusterImpl-8c69ce3e-b1cc-48be-a05c-d4de48fc12a3/datanode-5/data/ratis] (custom)
2019-10-09 06:23:11,675 [pool-433-thread-1] INFO  server.RaftServerConfigKeys (ConfUtils.java:logGet(43)) - raft.server.log.corruption.policy = EXCEPTION (default)
2019-10-09 06:23:11,675 [pool-433-thread-1] INFO  storage.RaftStorageDirectory (RaftStorageDirectory.java:analyzeStorage(246)) - The storage directory /workdir/hadoop-ozone/integration-test/target/test-dir/MiniOzoneClusterImpl-8c69ce3e-b1cc-48be-a05c-d4de48fc12a3/datanode-5/data/ratis/3497bbcb-391a-4e8d-91dc-917df7be3fe4 does not exist. Creating ...
2019-10-09 06:23:11,688 [pool-433-thread-1] INFO  storage.RaftStorageDirectory (RaftStorageDirectory.java:tryLock(328)) - Lock on /workdir/hadoop-ozone/integration-test/target/test-dir/MiniOzoneClusterImpl-8c69ce3e-b1cc-48be-a05c-d4de48fc12a3/datanode-5/data/ratis/3497bbcb-391a-4e8d-91dc-917df7be3fe4/in_use.lock acquired by nodename 17003@pr-hdds-2269-kpn6k-1406547098
2019-10-09 06:23:11,709 [pool-433-thread-1] INFO  storage.RaftStorage (RaftStorage.java:format(84)) - Storage directory /workdir/hadoop-ozone/integration-test/target/test-dir/MiniOzoneClusterImpl-8c69ce3e-b1cc-48be-a05c-d4de48fc12a3/datanode-5/data/ratis/3497bbcb-391a-4e8d-91dc-917df7be3fe4 has been successfully formatted.
2019-10-09 06:23:11,710 [pool-433-thread-1] INFO  ratis.ContainerStateMachine (ContainerStateMachine.java:loadSnapshot(231)) - group-917DF7BE3FE4: The snapshot info is null. Setting the last applied indexto:(t:0, i:~)
2019-10-09 06:23:11,710 [pool-433-thread-1] INFO  server.RaftServerConfigKeys (ConfUtils.java:logGet(43)) - raft.server.notification.no-leader.timeout = 120s (custom)
2019-10-09 06:23:11,710 [pool-433-thread-1] INFO  server.RaftServerConfigKeys (ConfUtils.java:logGet(43)) - raft.server.log.use.memory = false (default)
2019-10-09 06:23:11,710 [pool-433-thread-1] INFO  server.RaftServerConfigKeys (ConfUtils.java:logGet(43)) - raft.server.log.purge.gap = 1000000 (custom)
2019-10-09 06:23:11,710 [pool-433-thread-1] INFO  server.RaftServerConfigKeys (ConfUtils.java:logGet(43)) - raft.server.log.appender.buffer.byte-limit = 33554432 (custom)
2019-10-09 06:23:11,710 [pool-433-thread-1] INFO  server.RaftServerConfigKeys (ConfUtils.java:logGet(43)) - raft.server.log.segment.size.max = 1048576 (custom)
2019-10-09 06:23:11,712 [pool-433-thread-1] INFO  server.RaftServerConfigKeys (ConfUtils.java:logGet(43)) - raft.server.log.segment.cache.num.max = 2 (custom)
2019-10-09 06:23:11,712 [pool-433-thread-1] INFO  segmented.SegmentedRaftLogWorker (SegmentedRaftLogWorker.java:<init>(173)) - new a89cb1fa-651c-448c-a189-c0c91a4d6de6@group-917DF7BE3FE4-SegmentedRaftLogWorker for RaftStorage:Storage Directory /workdir/hadoop-ozone/integration-test/target/test-dir/MiniOzoneClusterImpl-8c69ce3e-b1cc-48be-a05c-d4de48fc12a3/datanode-5/data/ratis/3497bbcb-391a-4e8d-91dc-917df7be3fe4
2019-10-09 06:23:11,712 [pool-433-thread-1] INFO  server.RaftServerConfigKeys (ConfUtils.java:logGet(43)) - raft.server.log.queue.byte-limit = 2147483647 (custom)
2019-10-09 06:23:11,712 [pool-433-thread-1] INFO  server.RaftServerConfigKeys (ConfUtils.java:logGet(43)) - raft.server.log.queue.element-limit = 1024 (custom)
2019-10-09 06:23:11,712 [pool-433-thread-1] INFO  server.RaftServerConfigKeys (ConfUtils.java:logGet(43)) - raft.server.log.segment.size.max = 1048576 (custom)
2019-10-09 06:23:11,712 [pool-433-thread-1] INFO  server.RaftServerConfigKeys (ConfUtils.java:logGet(43)) - raft.server.log.preallocated.size = 16384 (custom)
2019-10-09 06:23:11,713 [pool-433-thread-1] INFO  server.RaftServerConfigKeys (ConfUtils.java:logGet(43)) - raft.server.log.write.buffer.size = 33554432 (custom)
2019-10-09 06:23:11,713 [pool-433-thread-1] INFO  server.RaftServerConfigKeys (ConfUtils.java:logGet(43)) - raft.server.log.force.sync.num = 128 (default)
2019-10-09 06:23:11,713 [pool-433-thread-1] INFO  server.RaftServerConfigKeys (ConfUtils.java:logGet(43)) - raft.server.log.statemachine.data.sync = true (default)
2019-10-09 06:23:11,713 [pool-433-thread-1] INFO  server.RaftServerConfigKeys (ConfUtils.java:logGet(43)) - raft.server.log.statemachine.data.sync.timeout = 10s (default)
2019-10-09 06:23:11,713 [pool-433-thread-1] INFO  server.RaftServerConfigKeys (ConfUtils.java:logGet(43)) - raft.server.log.statemachine.data.sync.timeout.retry = -1 (default)
2019-10-09 06:23:11,713 [pool-433-thread-1] INFO  server.RaftServerConfigKeys (ConfUtils.java:logGet(43)) - raft.server.log.statemachine.data.caching.enabled = true (custom)
2019-10-09 06:23:11,714 [pool-433-thread-1] INFO  segmented.SegmentedRaftLogWorker (SegmentedRaftLogWorker.java:lambda$new$0(128)) - a89cb1fa-651c-448c-a189-c0c91a4d6de6@group-917DF7BE3FE4-SegmentedRaftLogWorker: flushIndex: setUnconditionally 0 -> -1
2019-10-09 06:23:11,714 [pool-433-thread-1] INFO  server.RaftServerConfigKeys (ConfUtils.java:logGet(43)) - raft.server.snapshot.auto.trigger.enabled = true (custom)
2019-10-09 06:23:11,714 [pool-433-thread-1] INFO  server.RaftServerConfigKeys (ConfUtils.java:logGet(43)) - raft.server.snapshot.auto.trigger.threshold = 10000 (custom)
2019-10-09 06:23:11,714 [pool-433-thread-1] INFO  server.RaftServerConfigKeys (ConfUtils.java:logGet(43)) - raft.server.snapshot.retention.file.num = 5 (custom)
2019-10-09 06:23:11,714 [pool-433-thread-1] INFO  server.RaftServerConfigKeys (ConfUtils.java:logGet(43)) - raft.server.retrycache.expirytime = 600000ms (custom)
2019-10-09 06:23:11,716 [pool-433-thread-1] INFO  impl.RaftServerImpl (RaftServerImpl.java:start(181)) - a89cb1fa-651c-448c-a189-c0c91a4d6de6@group-917DF7BE3FE4: start as a follower, conf=-1: [a89cb1fa-651c-448c-a189-c0c91a4d6de6:192.168.164.215:33320], old=null
2019-10-09 06:23:11,716 [pool-433-thread-1] INFO  impl.RaftServerImpl (RaftServerImpl.java:setRole(170)) - a89cb1fa-651c-448c-a189-c0c91a4d6de6@group-917DF7BE3FE4: changes role from      null to FOLLOWER at term 0 for startAsFollower
2019-10-09 06:23:11,716 [pool-433-thread-1] INFO  impl.RoleInfo (RoleInfo.java:updateAndGet(143)) - a89cb1fa-651c-448c-a189-c0c91a4d6de6: start FollowerState
2019-10-09 06:23:11,716 [pool-433-thread-1] INFO  util.JmxRegister (JmxRegister.java:tryRegister(44)) - Successfully registered JMX Bean with object name Ratis:service=RaftServer,group=group-917DF7BE3FE4,id=a89cb1fa-651c-448c-a189-c0c91a4d6de6
2019-10-09 06:23:11,722 [IPC Server handler 4 on 41419] INFO  net.NetworkTopology (NetworkTopologyImpl.java:add(111)) - Added a new node: /default-rack/31a8e2f6-cff5-4c7d-b535-c7a03b3108da
2019-10-09 06:23:11,722 [IPC Server handler 4 on 41419] INFO  node.SCMNodeManager (SCMNodeManager.java:register(268)) - Registered Data node : 31a8e2f6-cff5-4c7d-b535-c7a03b3108da{ip: 192.168.164.215, host: pr-hdds-2269-kpn6k-1406547098, networkLocation: /default-rack, certSerialId: null}
2019-10-09 06:23:11,722 [main] INFO  ozone.MiniOzoneClusterImpl (MiniOzoneClusterImpl.java:lambda$waitForClusterToBeReady$0(147)) - Cluster is ready. Got 7 of 7 DN Heartbeats.
2019-10-09 06:23:11,729 [RatisPipelineUtilsThread] INFO  pipeline.PipelineStateManager (PipelineStateManager.java:addPipeline(56)) - Created pipeline Pipeline[ Id: 3497bbcb-391a-4e8d-91dc-917df7be3fe4, Nodes: a89cb1fa-651c-448c-a189-c0c91a4d6de6{ip: 192.168.164.215, host: pr-hdds-2269-kpn6k-1406547098, networkLocation: /default-rack, certSerialId: null}, Type:RATIS, Factor:ONE, State:OPEN]
2019-10-09 06:23:11,778 [grpc-default-executor-1] INFO  impl.RaftServerProxy (RaftServerProxy.java:addNew(89)) - 31a8e2f6-cff5-4c7d-b535-c7a03b3108da: addNew group-D9B11A54B13F:[31a8e2f6-cff5-4c7d-b535-c7a03b3108da:192.168.164.215:42040] returns group-D9B11A54B13F:java.util.concurrent.CompletableFuture@2bbff2e4[Not completed]
2019-10-09 06:23:11,786 [pool-443-thread-1] INFO  impl.RaftServerImpl (RaftServerImpl.java:<init>(95)) - 31a8e2f6-cff5-4c7d-b535-c7a03b3108da: new RaftServerImpl for group-D9B11A54B13F:[31a8e2f6-cff5-4c7d-b535-c7a03b3108da:192.168.164.215:42040] with ContainerStateMachine:uninitialized
2019-10-09 06:23:11,787 [pool-443-thread-1] INFO  server.RaftServerConfigKeys (ConfUtils.java:logGet(43)) - raft.server.rpc.timeout.min = 5s (custom)
2019-10-09 06:23:11,787 [pool-443-thread-1] INFO  server.RaftServerConfigKeys (ConfUtils.java:logGet(43)) - raft.server.rpc.timeout.max = 5200ms (custom)
2019-10-09 06:23:11,787 [pool-443-thread-1] INFO  server.RaftServerConfigKeys (ConfUtils.java:logGet(43)) - raft.server.rpcslowness.timeout = 120s (custom)
2019-10-09 06:23:11,787 [pool-443-thread-1] INFO  server.RaftServerConfigKeys (ConfUtils.java:logGet(43)) - raft.server.sleep.deviation.threshold = 300 (default)
2019-10-09 06:23:11,787 [pool-443-thread-1] INFO  server.RaftServerConfigKeys (ConfUtils.java:logGet(43)) - raft.server.log.appender.install.snapshot.enabled = false (custom)
2019-10-09 06:23:11,788 [pool-443-thread-1] INFO  impl.RaftServerImpl (ServerState.java:<init>(103)) - 31a8e2f6-cff5-4c7d-b535-c7a03b3108da@group-D9B11A54B13F: ConfigurationManager, init=-1: [31a8e2f6-cff5-4c7d-b535-c7a03b3108da:192.168.164.215:42040], old=null, confs=<EMPTY_MAP>
2019-10-09 06:23:11,788 [pool-443-thread-1] INFO  server.RaftServerConfigKeys (ConfUtils.java:logGet(43)) - raft.server.storage.dir = [/workdir/hadoop-ozone/integration-test/target/test-dir/MiniOzoneClusterImpl-8c69ce3e-b1cc-48be-a05c-d4de48fc12a3/datanode-6/data/ratis] (custom)
2019-10-09 06:23:11,791 [pool-443-thread-1] INFO  server.RaftServerConfigKeys (ConfUtils.java:logGet(43)) - raft.server.log.corruption.policy = EXCEPTION (default)
2019-10-09 06:23:11,791 [pool-443-thread-1] INFO  storage.RaftStorageDirectory (RaftStorageDirectory.java:analyzeStorage(246)) - The storage directory /workdir/hadoop-ozone/integration-test/target/test-dir/MiniOzoneClusterImpl-8c69ce3e-b1cc-48be-a05c-d4de48fc12a3/datanode-6/data/ratis/599fc7b3-7cd6-4138-9983-d9b11a54b13f does not exist. Creating ...
2019-10-09 06:23:11,799 [main] INFO  rpc.RpcClient (RpcClient.java:createVolume(277)) - Creating Volume: watchforcommithandlingtest, with jenkins1000 as owner.
2019-10-09 06:23:11,804 [IPC Server handler 2 on 44199] INFO  volume.OMVolumeCreateRequest (OMVolumeCreateRequest.java:validateAndUpdateCache(193)) - created volume:watchforcommithandlingtest for user:jenkins1000
2019-10-09 06:23:11,811 [pool-443-thread-1] INFO  storage.RaftStorageDirectory (RaftStorageDirectory.java:tryLock(328)) - Lock on /workdir/hadoop-ozone/integration-test/target/test-dir/MiniOzoneClusterImpl-8c69ce3e-b1cc-48be-a05c-d4de48fc12a3/datanode-6/data/ratis/599fc7b3-7cd6-4138-9983-d9b11a54b13f/in_use.lock acquired by nodename 17003@pr-hdds-2269-kpn6k-1406547098
2019-10-09 06:23:11,826 [main] INFO  rpc.RpcClient (RpcClient.java:createBucket(416)) - Creating Bucket: watchforcommithandlingtest/watchforcommithandlingtest, with Versioning false and Storage Type set to DISK and Encryption set to false 
2019-10-09 06:23:11,833 [main] INFO  ozone.MiniOzoneClusterImpl (MiniOzoneClusterImpl.java:getStorageContainerLocationClient(234)) - Creating StorageContainerLocationProtocol RPC client with address /0.0.0.0:37748
2019-10-09 06:23:11,838 [pool-443-thread-1] INFO  storage.RaftStorage (RaftStorage.java:format(84)) - Storage directory /workdir/hadoop-ozone/integration-test/target/test-dir/MiniOzoneClusterImpl-8c69ce3e-b1cc-48be-a05c-d4de48fc12a3/datanode-6/data/ratis/599fc7b3-7cd6-4138-9983-d9b11a54b13f has been successfully formatted.
2019-10-09 06:23:11,839 [pool-443-thread-1] INFO  ratis.ContainerStateMachine (ContainerStateMachine.java:loadSnapshot(231)) - group-D9B11A54B13F: The snapshot info is null. Setting the last applied indexto:(t:0, i:~)
2019-10-09 06:23:11,839 [pool-443-thread-1] INFO  server.RaftServerConfigKeys (ConfUtils.java:logGet(43)) - raft.server.notification.no-leader.timeout = 120s (custom)
2019-10-09 06:23:11,839 [pool-443-thread-1] INFO  server.RaftServerConfigKeys (ConfUtils.java:logGet(43)) - raft.server.log.use.memory = false (default)
2019-10-09 06:23:11,839 [pool-443-thread-1] INFO  server.RaftServerConfigKeys (ConfUtils.java:logGet(43)) - raft.server.log.purge.gap = 1000000 (custom)
2019-10-09 06:23:11,839 [pool-443-thread-1] INFO  server.RaftServerConfigKeys (ConfUtils.java:logGet(43)) - raft.server.log.appender.buffer.byte-limit = 33554432 (custom)
2019-10-09 06:23:11,839 [pool-443-thread-1] INFO  server.RaftServerConfigKeys (ConfUtils.java:logGet(43)) - raft.server.log.segment.size.max = 1048576 (custom)
2019-10-09 06:23:11,841 [pool-443-thread-1] INFO  server.RaftServerConfigKeys (ConfUtils.java:logGet(43)) - raft.server.log.segment.cache.num.max = 2 (custom)
2019-10-09 06:23:11,841 [pool-443-thread-1] INFO  segmented.SegmentedRaftLogWorker (SegmentedRaftLogWorker.java:<init>(173)) - new 31a8e2f6-cff5-4c7d-b535-c7a03b3108da@group-D9B11A54B13F-SegmentedRaftLogWorker for RaftStorage:Storage Directory /workdir/hadoop-ozone/integration-test/target/test-dir/MiniOzoneClusterImpl-8c69ce3e-b1cc-48be-a05c-d4de48fc12a3/datanode-6/data/ratis/599fc7b3-7cd6-4138-9983-d9b11a54b13f
2019-10-09 06:23:11,841 [pool-443-thread-1] INFO  server.RaftServerConfigKeys (ConfUtils.java:logGet(43)) - raft.server.log.queue.byte-limit = 2147483647 (custom)
2019-10-09 06:23:11,842 [pool-443-thread-1] INFO  server.RaftServerConfigKeys (ConfUtils.java:logGet(43)) - raft.server.log.queue.element-limit = 1024 (custom)
2019-10-09 06:23:11,842 [pool-443-thread-1] INFO  server.RaftServerConfigKeys (ConfUtils.java:logGet(43)) - raft.server.log.segment.size.max = 1048576 (custom)
2019-10-09 06:23:11,842 [pool-443-thread-1] INFO  server.RaftServerConfigKeys (ConfUtils.java:logGet(43)) - raft.server.log.preallocated.size = 16384 (custom)
2019-10-09 06:23:11,842 [pool-443-thread-1] INFO  server.RaftServerConfigKeys (ConfUtils.java:logGet(43)) - raft.server.log.write.buffer.size = 33554432 (custom)
2019-10-09 06:23:11,842 [pool-443-thread-1] INFO  server.RaftServerConfigKeys (ConfUtils.java:logGet(43)) - raft.server.log.force.sync.num = 128 (default)
2019-10-09 06:23:11,842 [pool-443-thread-1] INFO  server.RaftServerConfigKeys (ConfUtils.java:logGet(43)) - raft.server.log.statemachine.data.sync = true (default)
2019-10-09 06:23:11,842 [pool-443-thread-1] INFO  server.RaftServerConfigKeys (ConfUtils.java:logGet(43)) - raft.server.log.statemachine.data.sync.timeout = 10s (default)
2019-10-09 06:23:11,843 [pool-443-thread-1] INFO  server.RaftServerConfigKeys (ConfUtils.java:logGet(43)) - raft.server.log.statemachine.data.sync.timeout.retry = -1 (default)
2019-10-09 06:23:11,843 [pool-443-thread-1] INFO  server.RaftServerConfigKeys (ConfUtils.java:logGet(43)) - raft.server.log.statemachine.data.caching.enabled = true (custom)
2019-10-09 06:23:11,843 [pool-443-thread-1] INFO  segmented.SegmentedRaftLogWorker (SegmentedRaftLogWorker.java:lambda$new$0(128)) - 31a8e2f6-cff5-4c7d-b535-c7a03b3108da@group-D9B11A54B13F-SegmentedRaftLogWorker: flushIndex: setUnconditionally 0 -> -1
2019-10-09 06:23:11,844 [pool-443-thread-1] INFO  server.RaftServerConfigKeys (ConfUtils.java:logGet(43)) - raft.server.snapshot.auto.trigger.enabled = true (custom)
2019-10-09 06:23:11,844 [pool-443-thread-1] INFO  server.RaftServerConfigKeys (ConfUtils.java:logGet(43)) - raft.server.snapshot.auto.trigger.threshold = 10000 (custom)
2019-10-09 06:23:11,844 [pool-443-thread-1] INFO  server.RaftServerConfigKeys (ConfUtils.java:logGet(43)) - raft.server.snapshot.retention.file.num = 5 (custom)
2019-10-09 06:23:11,844 [pool-443-thread-1] INFO  server.RaftServerConfigKeys (ConfUtils.java:logGet(43)) - raft.server.retrycache.expirytime = 600000ms (custom)
2019-10-09 06:23:11,846 [pool-443-thread-1] INFO  impl.RaftServerImpl (RaftServerImpl.java:start(181)) - 31a8e2f6-cff5-4c7d-b535-c7a03b3108da@group-D9B11A54B13F: start as a follower, conf=-1: [31a8e2f6-cff5-4c7d-b535-c7a03b3108da:192.168.164.215:42040], old=null
2019-10-09 06:23:11,846 [pool-443-thread-1] INFO  impl.RaftServerImpl (RaftServerImpl.java:setRole(170)) - 31a8e2f6-cff5-4c7d-b535-c7a03b3108da@group-D9B11A54B13F: changes role from      null to FOLLOWER at term 0 for startAsFollower
2019-10-09 06:23:11,846 [pool-443-thread-1] INFO  impl.RoleInfo (RoleInfo.java:updateAndGet(143)) - 31a8e2f6-cff5-4c7d-b535-c7a03b3108da: start FollowerState
2019-10-09 06:23:11,846 [pool-443-thread-1] INFO  util.JmxRegister (JmxRegister.java:tryRegister(44)) - Successfully registered JMX Bean with object name Ratis:service=RaftServer,group=group-D9B11A54B13F,id=31a8e2f6-cff5-4c7d-b535-c7a03b3108da
2019-10-09 06:23:11,856 [RatisPipelineUtilsThread] INFO  pipeline.PipelineStateManager (PipelineStateManager.java:addPipeline(56)) - Created pipeline Pipeline[ Id: 599fc7b3-7cd6-4138-9983-d9b11a54b13f, Nodes: 31a8e2f6-cff5-4c7d-b535-c7a03b3108da{ip: 192.168.164.215, host: pr-hdds-2269-kpn6k-1406547098, networkLocation: /default-rack, certSerialId: null}, Type:RATIS, Factor:ONE, State:OPEN]
2019-10-09 06:23:11,884 [grpc-default-executor-1] INFO  impl.RaftServerProxy (RaftServerProxy.java:addNew(89)) - 0d8000ce-a3d6-4a1b-8ad9-6ddb0f1332ff: addNew group-84E49902A81A:[8e2eea38-291e-46d5-8bf2-5a0081e459bb:192.168.164.215:43392, 31a8e2f6-cff5-4c7d-b535-c7a03b3108da:192.168.164.215:42040, 0d8000ce-a3d6-4a1b-8ad9-6ddb0f1332ff:192.168.164.215:41201] returns group-84E49902A81A:java.util.concurrent.CompletableFuture@5ac21cc2[Not completed]
2019-10-09 06:23:11,884 [grpc-default-executor-6] INFO  impl.RaftServerProxy (RaftServerProxy.java:addNew(89)) - 31a8e2f6-cff5-4c7d-b535-c7a03b3108da: addNew group-84E49902A81A:[8e2eea38-291e-46d5-8bf2-5a0081e459bb:192.168.164.215:43392, 31a8e2f6-cff5-4c7d-b535-c7a03b3108da:192.168.164.215:42040, 0d8000ce-a3d6-4a1b-8ad9-6ddb0f1332ff:192.168.164.215:41201] returns group-84E49902A81A:java.util.concurrent.CompletableFuture@59a130bb[Not completed]
2019-10-09 06:23:11,884 [grpc-default-executor-0] INFO  impl.RaftServerProxy (RaftServerProxy.java:addNew(89)) - 8e2eea38-291e-46d5-8bf2-5a0081e459bb: addNew group-84E49902A81A:[8e2eea38-291e-46d5-8bf2-5a0081e459bb:192.168.164.215:43392, 31a8e2f6-cff5-4c7d-b535-c7a03b3108da:192.168.164.215:42040, 0d8000ce-a3d6-4a1b-8ad9-6ddb0f1332ff:192.168.164.215:41201] returns group-84E49902A81A:java.util.concurrent.CompletableFuture@55ab2246[Not completed]
2019-10-09 06:23:11,886 [pool-423-thread-1] INFO  impl.RaftServerImpl (RaftServerImpl.java:<init>(95)) - 0d8000ce-a3d6-4a1b-8ad9-6ddb0f1332ff: new RaftServerImpl for group-84E49902A81A:[8e2eea38-291e-46d5-8bf2-5a0081e459bb:192.168.164.215:43392, 31a8e2f6-cff5-4c7d-b535-c7a03b3108da:192.168.164.215:42040, 0d8000ce-a3d6-4a1b-8ad9-6ddb0f1332ff:192.168.164.215:41201] with ContainerStateMachine:uninitialized
2019-10-09 06:23:11,886 [pool-423-thread-1] INFO  server.RaftServerConfigKeys (ConfUtils.java:logGet(43)) - raft.server.rpc.timeout.min = 5s (custom)
2019-10-09 06:23:11,886 [pool-423-thread-1] INFO  server.RaftServerConfigKeys (ConfUtils.java:logGet(43)) - raft.server.rpc.timeout.max = 5200ms (custom)
2019-10-09 06:23:11,887 [pool-423-thread-1] INFO  server.RaftServerConfigKeys (ConfUtils.java:logGet(43)) - raft.server.rpcslowness.timeout = 120s (custom)
2019-10-09 06:23:11,887 [pool-423-thread-1] INFO  server.RaftServerConfigKeys (ConfUtils.java:logGet(43)) - raft.server.sleep.deviation.threshold = 300 (default)
2019-10-09 06:23:11,887 [pool-423-thread-1] INFO  server.RaftServerConfigKeys (ConfUtils.java:logGet(43)) - raft.server.log.appender.install.snapshot.enabled = false (custom)
2019-10-09 06:23:11,887 [pool-423-thread-1] INFO  impl.RaftServerImpl (ServerState.java:<init>(103)) - 0d8000ce-a3d6-4a1b-8ad9-6ddb0f1332ff@group-84E49902A81A: ConfigurationManager, init=-1: [8e2eea38-291e-46d5-8bf2-5a0081e459bb:192.168.164.215:43392, 31a8e2f6-cff5-4c7d-b535-c7a03b3108da:192.168.164.215:42040, 0d8000ce-a3d6-4a1b-8ad9-6ddb0f1332ff:192.168.164.215:41201], old=null, confs=<EMPTY_MAP>
2019-10-09 06:23:11,887 [pool-413-thread-1] INFO  impl.RaftServerImpl (RaftServerImpl.java:<init>(95)) - 8e2eea38-291e-46d5-8bf2-5a0081e459bb: new RaftServerImpl for group-84E49902A81A:[8e2eea38-291e-46d5-8bf2-5a0081e459bb:192.168.164.215:43392, 31a8e2f6-cff5-4c7d-b535-c7a03b3108da:192.168.164.215:42040, 0d8000ce-a3d6-4a1b-8ad9-6ddb0f1332ff:192.168.164.215:41201] with ContainerStateMachine:uninitialized
2019-10-09 06:23:11,887 [pool-423-thread-1] INFO  server.RaftServerConfigKeys (ConfUtils.java:logGet(43)) - raft.server.storage.dir = [/workdir/hadoop-ozone/integration-test/target/test-dir/MiniOzoneClusterImpl-8c69ce3e-b1cc-48be-a05c-d4de48fc12a3/datanode-4/data/ratis] (custom)
2019-10-09 06:23:11,888 [pool-443-thread-1] INFO  impl.RaftServerImpl (RaftServerImpl.java:<init>(95)) - 31a8e2f6-cff5-4c7d-b535-c7a03b3108da: new RaftServerImpl for group-84E49902A81A:[8e2eea38-291e-46d5-8bf2-5a0081e459bb:192.168.164.215:43392, 31a8e2f6-cff5-4c7d-b535-c7a03b3108da:192.168.164.215:42040, 0d8000ce-a3d6-4a1b-8ad9-6ddb0f1332ff:192.168.164.215:41201] with ContainerStateMachine:uninitialized
2019-10-09 06:23:11,888 [pool-413-thread-1] INFO  server.RaftServerConfigKeys (ConfUtils.java:logGet(43)) - raft.server.rpc.timeout.min = 5s (custom)
2019-10-09 06:23:11,888 [pool-423-thread-1] INFO  server.RaftServerConfigKeys (ConfUtils.java:logGet(43)) - raft.server.log.corruption.policy = EXCEPTION (default)
2019-10-09 06:23:11,888 [pool-443-thread-1] INFO  server.RaftServerConfigKeys (ConfUtils.java:logGet(43)) - raft.server.rpc.timeout.min = 5s (custom)
2019-10-09 06:23:11,888 [pool-423-thread-1] INFO  storage.RaftStorageDirectory (RaftStorageDirectory.java:analyzeStorage(246)) - The storage directory /workdir/hadoop-ozone/integration-test/target/test-dir/MiniOzoneClusterImpl-8c69ce3e-b1cc-48be-a05c-d4de48fc12a3/datanode-4/data/ratis/7b131b48-3e88-4ae8-9a49-84e49902a81a does not exist. Creating ...
2019-10-09 06:23:11,888 [pool-413-thread-1] INFO  server.RaftServerConfigKeys (ConfUtils.java:logGet(43)) - raft.server.rpc.timeout.max = 5200ms (custom)
2019-10-09 06:23:11,888 [pool-443-thread-1] INFO  server.RaftServerConfigKeys (ConfUtils.java:logGet(43)) - raft.server.rpc.timeout.max = 5200ms (custom)
2019-10-09 06:23:11,889 [pool-413-thread-1] INFO  server.RaftServerConfigKeys (ConfUtils.java:logGet(43)) - raft.server.rpcslowness.timeout = 120s (custom)
2019-10-09 06:23:11,889 [pool-443-thread-1] INFO  server.RaftServerConfigKeys (ConfUtils.java:logGet(43)) - raft.server.rpcslowness.timeout = 120s (custom)
2019-10-09 06:23:11,889 [pool-413-thread-1] INFO  server.RaftServerConfigKeys (ConfUtils.java:logGet(43)) - raft.server.sleep.deviation.threshold = 300 (default)
2019-10-09 06:23:11,889 [pool-443-thread-1] INFO  server.RaftServerConfigKeys (ConfUtils.java:logGet(43)) - raft.server.sleep.deviation.threshold = 300 (default)
2019-10-09 06:23:11,889 [pool-413-thread-1] INFO  server.RaftServerConfigKeys (ConfUtils.java:logGet(43)) - raft.server.log.appender.install.snapshot.enabled = false (custom)
2019-10-09 06:23:11,889 [pool-443-thread-1] INFO  server.RaftServerConfigKeys (ConfUtils.java:logGet(43)) - raft.server.log.appender.install.snapshot.enabled = false (custom)
2019-10-09 06:23:11,889 [pool-413-thread-1] INFO  impl.RaftServerImpl (ServerState.java:<init>(103)) - 8e2eea38-291e-46d5-8bf2-5a0081e459bb@group-84E49902A81A: ConfigurationManager, init=-1: [8e2eea38-291e-46d5-8bf2-5a0081e459bb:192.168.164.215:43392, 31a8e2f6-cff5-4c7d-b535-c7a03b3108da:192.168.164.215:42040, 0d8000ce-a3d6-4a1b-8ad9-6ddb0f1332ff:192.168.164.215:41201], old=null, confs=<EMPTY_MAP>
2019-10-09 06:23:11,890 [pool-443-thread-1] INFO  impl.RaftServerImpl (ServerState.java:<init>(103)) - 31a8e2f6-cff5-4c7d-b535-c7a03b3108da@group-84E49902A81A: ConfigurationManager, init=-1: [8e2eea38-291e-46d5-8bf2-5a0081e459bb:192.168.164.215:43392, 31a8e2f6-cff5-4c7d-b535-c7a03b3108da:192.168.164.215:42040, 0d8000ce-a3d6-4a1b-8ad9-6ddb0f1332ff:192.168.164.215:41201], old=null, confs=<EMPTY_MAP>
2019-10-09 06:23:11,890 [pool-413-thread-1] INFO  server.RaftServerConfigKeys (ConfUtils.java:logGet(43)) - raft.server.storage.dir = [/workdir/hadoop-ozone/integration-test/target/test-dir/MiniOzoneClusterImpl-8c69ce3e-b1cc-48be-a05c-d4de48fc12a3/datanode-3/data/ratis] (custom)
2019-10-09 06:23:11,890 [pool-443-thread-1] INFO  server.RaftServerConfigKeys (ConfUtils.java:logGet(43)) - raft.server.storage.dir = [/workdir/hadoop-ozone/integration-test/target/test-dir/MiniOzoneClusterImpl-8c69ce3e-b1cc-48be-a05c-d4de48fc12a3/datanode-6/data/ratis] (custom)
2019-10-09 06:23:11,890 [pool-413-thread-1] INFO  server.RaftServerConfigKeys (ConfUtils.java:logGet(43)) - raft.server.log.corruption.policy = EXCEPTION (default)
2019-10-09 06:23:11,890 [pool-413-thread-1] INFO  storage.RaftStorageDirectory (RaftStorageDirectory.java:analyzeStorage(246)) - The storage directory /workdir/hadoop-ozone/integration-test/target/test-dir/MiniOzoneClusterImpl-8c69ce3e-b1cc-48be-a05c-d4de48fc12a3/datanode-3/data/ratis/7b131b48-3e88-4ae8-9a49-84e49902a81a does not exist. Creating ...
2019-10-09 06:23:11,890 [pool-443-thread-1] INFO  server.RaftServerConfigKeys (ConfUtils.java:logGet(43)) - raft.server.log.corruption.policy = EXCEPTION (default)
2019-10-09 06:23:11,891 [pool-443-thread-1] INFO  storage.RaftStorageDirectory (RaftStorageDirectory.java:analyzeStorage(246)) - The storage directory /workdir/hadoop-ozone/integration-test/target/test-dir/MiniOzoneClusterImpl-8c69ce3e-b1cc-48be-a05c-d4de48fc12a3/datanode-6/data/ratis/7b131b48-3e88-4ae8-9a49-84e49902a81a does not exist. Creating ...
2019-10-09 06:23:11,902 [pool-413-thread-1] INFO  storage.RaftStorageDirectory (RaftStorageDirectory.java:tryLock(328)) - Lock on /workdir/hadoop-ozone/integration-test/target/test-dir/MiniOzoneClusterImpl-8c69ce3e-b1cc-48be-a05c-d4de48fc12a3/datanode-3/data/ratis/7b131b48-3e88-4ae8-9a49-84e49902a81a/in_use.lock acquired by nodename 17003@pr-hdds-2269-kpn6k-1406547098
2019-10-09 06:23:11,902 [pool-443-thread-1] INFO  storage.RaftStorageDirectory (RaftStorageDirectory.java:tryLock(328)) - Lock on /workdir/hadoop-ozone/integration-test/target/test-dir/MiniOzoneClusterImpl-8c69ce3e-b1cc-48be-a05c-d4de48fc12a3/datanode-6/data/ratis/7b131b48-3e88-4ae8-9a49-84e49902a81a/in_use.lock acquired by nodename 17003@pr-hdds-2269-kpn6k-1406547098
2019-10-09 06:23:11,902 [pool-423-thread-1] INFO  storage.RaftStorageDirectory (RaftStorageDirectory.java:tryLock(328)) - Lock on /workdir/hadoop-ozone/integration-test/target/test-dir/MiniOzoneClusterImpl-8c69ce3e-b1cc-48be-a05c-d4de48fc12a3/datanode-4/data/ratis/7b131b48-3e88-4ae8-9a49-84e49902a81a/in_use.lock acquired by nodename 17003@pr-hdds-2269-kpn6k-1406547098
2019-10-09 06:23:11,915 [pool-423-thread-1] INFO  storage.RaftStorage (RaftStorage.java:format(84)) - Storage directory /workdir/hadoop-ozone/integration-test/target/test-dir/MiniOzoneClusterImpl-8c69ce3e-b1cc-48be-a05c-d4de48fc12a3/datanode-4/data/ratis/7b131b48-3e88-4ae8-9a49-84e49902a81a has been successfully formatted.
2019-10-09 06:23:11,915 [pool-443-thread-1] INFO  storage.RaftStorage (RaftStorage.java:format(84)) - Storage directory /workdir/hadoop-ozone/integration-test/target/test-dir/MiniOzoneClusterImpl-8c69ce3e-b1cc-48be-a05c-d4de48fc12a3/datanode-6/data/ratis/7b131b48-3e88-4ae8-9a49-84e49902a81a has been successfully formatted.
2019-10-09 06:23:11,916 [pool-423-thread-1] INFO  ratis.ContainerStateMachine (ContainerStateMachine.java:loadSnapshot(231)) - group-84E49902A81A: The snapshot info is null. Setting the last applied indexto:(t:0, i:~)
2019-10-09 06:23:11,915 [pool-413-thread-1] INFO  storage.RaftStorage (RaftStorage.java:format(84)) - Storage directory /workdir/hadoop-ozone/integration-test/target/test-dir/MiniOzoneClusterImpl-8c69ce3e-b1cc-48be-a05c-d4de48fc12a3/datanode-3/data/ratis/7b131b48-3e88-4ae8-9a49-84e49902a81a has been successfully formatted.
2019-10-09 06:23:11,916 [pool-423-thread-1] INFO  server.RaftServerConfigKeys (ConfUtils.java:logGet(43)) - raft.server.notification.no-leader.timeout = 120s (custom)
2019-10-09 06:23:11,916 [pool-443-thread-1] INFO  ratis.ContainerStateMachine (ContainerStateMachine.java:loadSnapshot(231)) - group-84E49902A81A: The snapshot info is null. Setting the last applied indexto:(t:0, i:~)
2019-10-09 06:23:11,916 [pool-413-thread-1] INFO  ratis.ContainerStateMachine (ContainerStateMachine.java:loadSnapshot(231)) - group-84E49902A81A: The snapshot info is null. Setting the last applied indexto:(t:0, i:~)
2019-10-09 06:23:11,916 [pool-423-thread-1] INFO  server.RaftServerConfigKeys (ConfUtils.java:logGet(43)) - raft.server.log.use.memory = false (default)
2019-10-09 06:23:11,916 [pool-413-thread-1] INFO  server.RaftServerConfigKeys (ConfUtils.java:logGet(43)) - raft.server.notification.no-leader.timeout = 120s (custom)
2019-10-09 06:23:11,916 [pool-413-thread-1] INFO  server.RaftServerConfigKeys (ConfUtils.java:logGet(43)) - raft.server.log.use.memory = false (default)
2019-10-09 06:23:11,916 [pool-443-thread-1] INFO  server.RaftServerConfigKeys (ConfUtils.java:logGet(43)) - raft.server.notification.no-leader.timeout = 120s (custom)
2019-10-09 06:23:11,917 [pool-413-thread-1] INFO  server.RaftServerConfigKeys (ConfUtils.java:logGet(43)) - raft.server.log.purge.gap = 1000000 (custom)
2019-10-09 06:23:11,917 [pool-413-thread-1] INFO  server.RaftServerConfigKeys (ConfUtils.java:logGet(43)) - raft.server.log.appender.buffer.byte-limit = 33554432 (custom)
2019-10-09 06:23:11,916 [pool-423-thread-1] INFO  server.RaftServerConfigKeys (ConfUtils.java:logGet(43)) - raft.server.log.purge.gap = 1000000 (custom)
2019-10-09 06:23:11,917 [pool-413-thread-1] INFO  server.RaftServerConfigKeys (ConfUtils.java:logGet(43)) - raft.server.log.segment.size.max = 1048576 (custom)
2019-10-09 06:23:11,917 [pool-443-thread-1] INFO  server.RaftServerConfigKeys (ConfUtils.java:logGet(43)) - raft.server.log.use.memory = false (default)
2019-10-09 06:23:11,917 [pool-413-thread-1] INFO  server.RaftServerConfigKeys (ConfUtils.java:logGet(43)) - raft.server.log.segment.cache.num.max = 2 (custom)
2019-10-09 06:23:11,917 [pool-423-thread-1] INFO  server.RaftServerConfigKeys (ConfUtils.java:logGet(43)) - raft.server.log.appender.buffer.byte-limit = 33554432 (custom)
2019-10-09 06:23:11,917 [pool-413-thread-1] INFO  segmented.SegmentedRaftLogWorker (SegmentedRaftLogWorker.java:<init>(173)) - new 8e2eea38-291e-46d5-8bf2-5a0081e459bb@group-84E49902A81A-SegmentedRaftLogWorker for RaftStorage:Storage Directory /workdir/hadoop-ozone/integration-test/target/test-dir/MiniOzoneClusterImpl-8c69ce3e-b1cc-48be-a05c-d4de48fc12a3/datanode-3/data/ratis/7b131b48-3e88-4ae8-9a49-84e49902a81a
2019-10-09 06:23:11,917 [pool-443-thread-1] INFO  server.RaftServerConfigKeys (ConfUtils.java:logGet(43)) - raft.server.log.purge.gap = 1000000 (custom)
2019-10-09 06:23:11,918 [pool-413-thread-1] INFO  server.RaftServerConfigKeys (ConfUtils.java:logGet(43)) - raft.server.log.queue.byte-limit = 2147483647 (custom)
2019-10-09 06:23:11,918 [pool-413-thread-1] INFO  server.RaftServerConfigKeys (ConfUtils.java:logGet(43)) - raft.server.log.queue.element-limit = 1024 (custom)
2019-10-09 06:23:11,918 [pool-423-thread-1] INFO  server.RaftServerConfigKeys (ConfUtils.java:logGet(43)) - raft.server.log.segment.size.max = 1048576 (custom)
2019-10-09 06:23:11,918 [pool-413-thread-1] INFO  server.RaftServerConfigKeys (ConfUtils.java:logGet(43)) - raft.server.log.segment.size.max = 1048576 (custom)
2019-10-09 06:23:11,918 [pool-443-thread-1] INFO  server.RaftServerConfigKeys (ConfUtils.java:logGet(43)) - raft.server.log.appender.buffer.byte-limit = 33554432 (custom)
2019-10-09 06:23:11,918 [pool-413-thread-1] INFO  server.RaftServerConfigKeys (ConfUtils.java:logGet(43)) - raft.server.log.preallocated.size = 16384 (custom)
2019-10-09 06:23:11,918 [pool-413-thread-1] INFO  server.RaftServerConfigKeys (ConfUtils.java:logGet(43)) - raft.server.log.write.buffer.size = 33554432 (custom)
2019-10-09 06:23:11,918 [pool-423-thread-1] INFO  server.RaftServerConfigKeys (ConfUtils.java:logGet(43)) - raft.server.log.segment.cache.num.max = 2 (custom)
2019-10-09 06:23:11,919 [pool-413-thread-1] INFO  server.RaftServerConfigKeys (ConfUtils.java:logGet(43)) - raft.server.log.force.sync.num = 128 (default)
2019-10-09 06:23:11,919 [pool-413-thread-1] INFO  server.RaftServerConfigKeys (ConfUtils.java:logGet(43)) - raft.server.log.statemachine.data.sync = true (default)
2019-10-09 06:23:11,918 [pool-443-thread-1] INFO  server.RaftServerConfigKeys (ConfUtils.java:logGet(43)) - raft.server.log.segment.size.max = 1048576 (custom)
2019-10-09 06:23:11,919 [pool-413-thread-1] INFO  server.RaftServerConfigKeys (ConfUtils.java:logGet(43)) - raft.server.log.statemachine.data.sync.timeout = 10s (default)
2019-10-09 06:23:11,919 [pool-413-thread-1] INFO  server.RaftServerConfigKeys (ConfUtils.java:logGet(43)) - raft.server.log.statemachine.data.sync.timeout.retry = -1 (default)
2019-10-09 06:23:11,919 [pool-423-thread-1] INFO  segmented.SegmentedRaftLogWorker (SegmentedRaftLogWorker.java:<init>(173)) - new 0d8000ce-a3d6-4a1b-8ad9-6ddb0f1332ff@group-84E49902A81A-SegmentedRaftLogWorker for RaftStorage:Storage Directory /workdir/hadoop-ozone/integration-test/target/test-dir/MiniOzoneClusterImpl-8c69ce3e-b1cc-48be-a05c-d4de48fc12a3/datanode-4/data/ratis/7b131b48-3e88-4ae8-9a49-84e49902a81a
2019-10-09 06:23:11,919 [pool-413-thread-1] INFO  server.RaftServerConfigKeys (ConfUtils.java:logGet(43)) - raft.server.log.statemachine.data.caching.enabled = true (custom)
2019-10-09 06:23:11,919 [pool-443-thread-1] INFO  server.RaftServerConfigKeys (ConfUtils.java:logGet(43)) - raft.server.log.segment.cache.num.max = 2 (custom)
2019-10-09 06:23:11,919 [pool-423-thread-1] INFO  server.RaftServerConfigKeys (ConfUtils.java:logGet(43)) - raft.server.log.queue.byte-limit = 2147483647 (custom)
2019-10-09 06:23:11,920 [pool-413-thread-1] INFO  segmented.SegmentedRaftLogWorker (SegmentedRaftLogWorker.java:lambda$new$0(128)) - 8e2eea38-291e-46d5-8bf2-5a0081e459bb@group-84E49902A81A-SegmentedRaftLogWorker: flushIndex: setUnconditionally 0 -> -1
2019-10-09 06:23:11,920 [pool-443-thread-1] INFO  segmented.SegmentedRaftLogWorker (SegmentedRaftLogWorker.java:<init>(173)) - new 31a8e2f6-cff5-4c7d-b535-c7a03b3108da@group-84E49902A81A-SegmentedRaftLogWorker for RaftStorage:Storage Directory /workdir/hadoop-ozone/integration-test/target/test-dir/MiniOzoneClusterImpl-8c69ce3e-b1cc-48be-a05c-d4de48fc12a3/datanode-6/data/ratis/7b131b48-3e88-4ae8-9a49-84e49902a81a
2019-10-09 06:23:11,920 [pool-423-thread-1] INFO  server.RaftServerConfigKeys (ConfUtils.java:logGet(43)) - raft.server.log.queue.element-limit = 1024 (custom)
2019-10-09 06:23:11,920 [pool-413-thread-1] INFO  server.RaftServerConfigKeys (ConfUtils.java:logGet(43)) - raft.server.snapshot.auto.trigger.enabled = true (custom)
2019-10-09 06:23:11,920 [pool-443-thread-1] INFO  server.RaftServerConfigKeys (ConfUtils.java:logGet(43)) - raft.server.log.queue.byte-limit = 2147483647 (custom)
2019-10-09 06:23:11,920 [pool-413-thread-1] INFO  server.RaftServerConfigKeys (ConfUtils.java:logGet(43)) - raft.server.snapshot.auto.trigger.threshold = 10000 (custom)
2019-10-09 06:23:11,920 [pool-423-thread-1] INFO  server.RaftServerConfigKeys (ConfUtils.java:logGet(43)) - raft.server.log.segment.size.max = 1048576 (custom)
2019-10-09 06:23:11,920 [pool-413-thread-1] INFO  server.RaftServerConfigKeys (ConfUtils.java:logGet(43)) - raft.server.snapshot.retention.file.num = 5 (custom)
2019-10-09 06:23:11,920 [pool-443-thread-1] INFO  server.RaftServerConfigKeys (ConfUtils.java:logGet(43)) - raft.server.log.queue.element-limit = 1024 (custom)
2019-10-09 06:23:11,921 [pool-413-thread-1] INFO  server.RaftServerConfigKeys (ConfUtils.java:logGet(43)) - raft.server.retrycache.expirytime = 600000ms (custom)
2019-10-09 06:23:11,921 [pool-423-thread-1] INFO  server.RaftServerConfigKeys (ConfUtils.java:logGet(43)) - raft.server.log.preallocated.size = 16384 (custom)
2019-10-09 06:23:11,921 [pool-443-thread-1] INFO  server.RaftServerConfigKeys (ConfUtils.java:logGet(43)) - raft.server.log.segment.size.max = 1048576 (custom)
2019-10-09 06:23:11,921 [pool-423-thread-1] INFO  server.RaftServerConfigKeys (ConfUtils.java:logGet(43)) - raft.server.log.write.buffer.size = 33554432 (custom)
2019-10-09 06:23:11,921 [pool-443-thread-1] INFO  server.RaftServerConfigKeys (ConfUtils.java:logGet(43)) - raft.server.log.preallocated.size = 16384 (custom)
2019-10-09 06:23:11,921 [pool-423-thread-1] INFO  server.RaftServerConfigKeys (ConfUtils.java:logGet(43)) - raft.server.log.force.sync.num = 128 (default)
2019-10-09 06:23:11,922 [pool-423-thread-1] INFO  server.RaftServerConfigKeys (ConfUtils.java:logGet(43)) - raft.server.log.statemachine.data.sync = true (default)
2019-10-09 06:23:11,921 [pool-443-thread-1] INFO  server.RaftServerConfigKeys (ConfUtils.java:logGet(43)) - raft.server.log.write.buffer.size = 33554432 (custom)
2019-10-09 06:23:11,922 [pool-423-thread-1] INFO  server.RaftServerConfigKeys (ConfUtils.java:logGet(43)) - raft.server.log.statemachine.data.sync.timeout = 10s (default)
2019-10-09 06:23:11,922 [pool-443-thread-1] INFO  server.RaftServerConfigKeys (ConfUtils.java:logGet(43)) - raft.server.log.force.sync.num = 128 (default)
2019-10-09 06:23:11,922 [pool-423-thread-1] INFO  server.RaftServerConfigKeys (ConfUtils.java:logGet(43)) - raft.server.log.statemachine.data.sync.timeout.retry = -1 (default)
2019-10-09 06:23:11,922 [pool-443-thread-1] INFO  server.RaftServerConfigKeys (ConfUtils.java:logGet(43)) - raft.server.log.statemachine.data.sync = true (default)
2019-10-09 06:23:11,922 [pool-423-thread-1] INFO  server.RaftServerConfigKeys (ConfUtils.java:logGet(43)) - raft.server.log.statemachine.data.caching.enabled = true (custom)
2019-10-09 06:23:11,922 [pool-443-thread-1] INFO  server.RaftServerConfigKeys (ConfUtils.java:logGet(43)) - raft.server.log.statemachine.data.sync.timeout = 10s (default)
2019-10-09 06:23:11,922 [pool-443-thread-1] INFO  server.RaftServerConfigKeys (ConfUtils.java:logGet(43)) - raft.server.log.statemachine.data.sync.timeout.retry = -1 (default)
2019-10-09 06:23:11,923 [pool-413-thread-1] INFO  impl.RaftServerImpl (RaftServerImpl.java:start(181)) - 8e2eea38-291e-46d5-8bf2-5a0081e459bb@group-84E49902A81A: start as a follower, conf=-1: [8e2eea38-291e-46d5-8bf2-5a0081e459bb:192.168.164.215:43392, 31a8e2f6-cff5-4c7d-b535-c7a03b3108da:192.168.164.215:42040, 0d8000ce-a3d6-4a1b-8ad9-6ddb0f1332ff:192.168.164.215:41201], old=null
2019-10-09 06:23:11,922 [pool-423-thread-1] INFO  segmented.SegmentedRaftLogWorker (SegmentedRaftLogWorker.java:lambda$new$0(128)) - 0d8000ce-a3d6-4a1b-8ad9-6ddb0f1332ff@group-84E49902A81A-SegmentedRaftLogWorker: flushIndex: setUnconditionally 0 -> -1
2019-10-09 06:23:11,923 [pool-413-thread-1] INFO  impl.RaftServerImpl (RaftServerImpl.java:setRole(170)) - 8e2eea38-291e-46d5-8bf2-5a0081e459bb@group-84E49902A81A: changes role from      null to FOLLOWER at term 0 for startAsFollower
2019-10-09 06:23:11,923 [pool-443-thread-1] INFO  server.RaftServerConfigKeys (ConfUtils.java:logGet(43)) - raft.server.log.statemachine.data.caching.enabled = true (custom)
2019-10-09 06:23:11,923 [pool-413-thread-1] INFO  impl.RoleInfo (RoleInfo.java:updateAndGet(143)) - 8e2eea38-291e-46d5-8bf2-5a0081e459bb: start FollowerState
2019-10-09 06:23:11,923 [pool-423-thread-1] INFO  server.RaftServerConfigKeys (ConfUtils.java:logGet(43)) - raft.server.snapshot.auto.trigger.enabled = true (custom)
2019-10-09 06:23:11,923 [pool-443-thread-1] INFO  segmented.SegmentedRaftLogWorker (SegmentedRaftLogWorker.java:lambda$new$0(128)) - 31a8e2f6-cff5-4c7d-b535-c7a03b3108da@group-84E49902A81A-SegmentedRaftLogWorker: flushIndex: setUnconditionally 0 -> -1
2019-10-09 06:23:11,923 [pool-413-thread-1] INFO  util.JmxRegister (JmxRegister.java:tryRegister(44)) - Successfully registered JMX Bean with object name Ratis:service=RaftServer,group=group-84E49902A81A,id=8e2eea38-291e-46d5-8bf2-5a0081e459bb
2019-10-09 06:23:11,923 [pool-423-thread-1] INFO  server.RaftServerConfigKeys (ConfUtils.java:logGet(43)) - raft.server.snapshot.auto.trigger.threshold = 10000 (custom)
2019-10-09 06:23:11,924 [pool-443-thread-1] INFO  server.RaftServerConfigKeys (ConfUtils.java:logGet(43)) - raft.server.snapshot.auto.trigger.enabled = true (custom)
2019-10-09 06:23:11,924 [pool-423-thread-1] INFO  server.RaftServerConfigKeys (ConfUtils.java:logGet(43)) - raft.server.snapshot.retention.file.num = 5 (custom)
2019-10-09 06:23:11,924 [pool-443-thread-1] INFO  server.RaftServerConfigKeys (ConfUtils.java:logGet(43)) - raft.server.snapshot.auto.trigger.threshold = 10000 (custom)
2019-10-09 06:23:11,924 [pool-443-thread-1] INFO  server.RaftServerConfigKeys (ConfUtils.java:logGet(43)) - raft.server.snapshot.retention.file.num = 5 (custom)
2019-10-09 06:23:11,924 [pool-423-thread-1] INFO  server.RaftServerConfigKeys (ConfUtils.java:logGet(43)) - raft.server.retrycache.expirytime = 600000ms (custom)
2019-10-09 06:23:11,924 [pool-443-thread-1] INFO  server.RaftServerConfigKeys (ConfUtils.java:logGet(43)) - raft.server.retrycache.expirytime = 600000ms (custom)
2019-10-09 06:23:11,926 [pool-423-thread-1] INFO  impl.RaftServerImpl (RaftServerImpl.java:start(181)) - 0d8000ce-a3d6-4a1b-8ad9-6ddb0f1332ff@group-84E49902A81A: start as a follower, conf=-1: [8e2eea38-291e-46d5-8bf2-5a0081e459bb:192.168.164.215:43392, 31a8e2f6-cff5-4c7d-b535-c7a03b3108da:192.168.164.215:42040, 0d8000ce-a3d6-4a1b-8ad9-6ddb0f1332ff:192.168.164.215:41201], old=null
2019-10-09 06:23:11,926 [pool-443-thread-1] INFO  impl.RaftServerImpl (RaftServerImpl.java:start(181)) - 31a8e2f6-cff5-4c7d-b535-c7a03b3108da@group-84E49902A81A: start as a follower, conf=-1: [8e2eea38-291e-46d5-8bf2-5a0081e459bb:192.168.164.215:43392, 31a8e2f6-cff5-4c7d-b535-c7a03b3108da:192.168.164.215:42040, 0d8000ce-a3d6-4a1b-8ad9-6ddb0f1332ff:192.168.164.215:41201], old=null
2019-10-09 06:23:11,926 [pool-423-thread-1] INFO  impl.RaftServerImpl (RaftServerImpl.java:setRole(170)) - 0d8000ce-a3d6-4a1b-8ad9-6ddb0f1332ff@group-84E49902A81A: changes role from      null to FOLLOWER at term 0 for startAsFollower
2019-10-09 06:23:11,926 [pool-443-thread-1] INFO  impl.RaftServerImpl (RaftServerImpl.java:setRole(170)) - 31a8e2f6-cff5-4c7d-b535-c7a03b3108da@group-84E49902A81A: changes role from      null to FOLLOWER at term 0 for startAsFollower
2019-10-09 06:23:11,926 [pool-423-thread-1] INFO  impl.RoleInfo (RoleInfo.java:updateAndGet(143)) - 0d8000ce-a3d6-4a1b-8ad9-6ddb0f1332ff: start FollowerState
2019-10-09 06:23:11,932 [pool-443-thread-1] INFO  impl.RoleInfo (RoleInfo.java:updateAndGet(143)) - 31a8e2f6-cff5-4c7d-b535-c7a03b3108da: start FollowerState
2019-10-09 06:23:11,932 [pool-423-thread-1] INFO  util.JmxRegister (JmxRegister.java:tryRegister(44)) - Successfully registered JMX Bean with object name Ratis:service=RaftServer,group=group-84E49902A81A,id=0d8000ce-a3d6-4a1b-8ad9-6ddb0f1332ff
2019-10-09 06:23:11,932 [pool-443-thread-1] INFO  util.JmxRegister (JmxRegister.java:tryRegister(44)) - Successfully registered JMX Bean with object name Ratis:service=RaftServer,group=group-84E49902A81A,id=31a8e2f6-cff5-4c7d-b535-c7a03b3108da
2019-10-09 06:23:11,944 [RatisPipelineUtilsThread] INFO  pipeline.PipelineStateManager (PipelineStateManager.java:addPipeline(56)) - Created pipeline Pipeline[ Id: 7b131b48-3e88-4ae8-9a49-84e49902a81a, Nodes: 8e2eea38-291e-46d5-8bf2-5a0081e459bb{ip: 192.168.164.215, host: pr-hdds-2269-kpn6k-1406547098, networkLocation: /default-rack, certSerialId: null}31a8e2f6-cff5-4c7d-b535-c7a03b3108da{ip: 192.168.164.215, host: pr-hdds-2269-kpn6k-1406547098, networkLocation: /default-rack, certSerialId: null}0d8000ce-a3d6-4a1b-8ad9-6ddb0f1332ff{ip: 192.168.164.215, host: pr-hdds-2269-kpn6k-1406547098, networkLocation: /default-rack, certSerialId: null}, Type:RATIS, Factor:THREE, State:OPEN]
2019-10-09 06:23:12,619 [grpc-default-executor-0] WARN  server.GrpcLogAppender (LogUtils.java:warn(134)) - ed6f6a70-b6f8-4961-980c-85ada14e1a17@group-8111FD1E9AB5->6856b686-1c7c-4dc9-8a2c-12464df5d3b9-AppendLogResponseHandler: Failed appendEntries: org.apache.ratis.thirdparty.io.grpc.StatusRuntimeException: UNAVAILABLE: io exception
2019-10-09 06:23:12,619 [grpc-default-executor-2] WARN  server.GrpcLogAppender (LogUtils.java:warn(134)) - ed6f6a70-b6f8-4961-980c-85ada14e1a17@group-8111FD1E9AB5->4328684e-b37e-4e01-8f53-68accb045f0f-AppendLogResponseHandler: Failed appendEntries: org.apache.ratis.thirdparty.io.grpc.StatusRuntimeException: UNAVAILABLE: io exception
2019-10-09 06:23:12,626 [grpc-default-executor-0] INFO  impl.FollowerInfo (FollowerInfo.java:lambda$new$0(51)) - ed6f6a70-b6f8-4961-980c-85ada14e1a17@group-8111FD1E9AB5->6856b686-1c7c-4dc9-8a2c-12464df5d3b9: nextIndex: updateUnconditionally 0 -> 0
2019-10-09 06:23:12,626 [grpc-default-executor-2] INFO  impl.FollowerInfo (FollowerInfo.java:lambda$new$0(51)) - ed6f6a70-b6f8-4961-980c-85ada14e1a17@group-8111FD1E9AB5->4328684e-b37e-4e01-8f53-68accb045f0f: nextIndex: updateUnconditionally 0 -> 0
2019-10-09 06:23:14,154 [Thread-2289] INFO  container.ReplicationManager (ReplicationManager.java:start(162)) - Starting Replication Monitor Thread.
2019-10-09 06:23:14,159 [ReplicationMonitor] INFO  container.ReplicationManager (ReplicationManager.java:run(225)) - Replication Monitor Thread took 0 milliseconds for processing 1 containers.
2019-10-09 06:23:15,119 [grpc-default-executor-5] WARN  server.GrpcLogAppender (LogUtils.java:warn(134)) - ed6f6a70-b6f8-4961-980c-85ada14e1a17@group-8111FD1E9AB5->4328684e-b37e-4e01-8f53-68accb045f0f-AppendLogResponseHandler: Failed appendEntries: org.apache.ratis.thirdparty.io.grpc.StatusRuntimeException: UNAVAILABLE: io exception
2019-10-09 06:23:15,119 [grpc-default-executor-6] WARN  server.GrpcLogAppender (LogUtils.java:warn(134)) - ed6f6a70-b6f8-4961-980c-85ada14e1a17@group-8111FD1E9AB5->6856b686-1c7c-4dc9-8a2c-12464df5d3b9-AppendLogResponseHandler: Failed appendEntries: org.apache.ratis.thirdparty.io.grpc.StatusRuntimeException: UNAVAILABLE: io exception
2019-10-09 06:23:15,120 [grpc-default-executor-5] INFO  impl.FollowerInfo (FollowerInfo.java:lambda$new$0(51)) - ed6f6a70-b6f8-4961-980c-85ada14e1a17@group-8111FD1E9AB5->4328684e-b37e-4e01-8f53-68accb045f0f: nextIndex: updateUnconditionally 0 -> 0
2019-10-09 06:23:15,120 [grpc-default-executor-6] INFO  impl.FollowerInfo (FollowerInfo.java:lambda$new$0(51)) - ed6f6a70-b6f8-4961-980c-85ada14e1a17@group-8111FD1E9AB5->6856b686-1c7c-4dc9-8a2c-12464df5d3b9: nextIndex: updateUnconditionally 0 -> 0
2019-10-09 06:23:16,303 [Thread-2291] INFO  impl.FollowerState (FollowerState.java:run(108)) - dd432914-2a38-441d-a246-854f4e4ff8bf@group-CCC01F52288A-FollowerState: change to CANDIDATE, lastRpcTime:5099ms, electionTimeout:5099ms
2019-10-09 06:23:16,303 [Thread-2291] INFO  impl.RoleInfo (RoleInfo.java:shutdownFollowerState(121)) - dd432914-2a38-441d-a246-854f4e4ff8bf: shutdown FollowerState
2019-10-09 06:23:16,303 [Thread-2291] INFO  impl.RaftServerImpl (RaftServerImpl.java:setRole(170)) - dd432914-2a38-441d-a246-854f4e4ff8bf@group-CCC01F52288A: changes role from  FOLLOWER to CANDIDATE at term 0 for changeToCandidate
2019-10-09 06:23:16,304 [Thread-2291] INFO  impl.RoleInfo (RoleInfo.java:updateAndGet(143)) - dd432914-2a38-441d-a246-854f4e4ff8bf: start LeaderElection
2019-10-09 06:23:16,328 [dd432914-2a38-441d-a246-854f4e4ff8bf@group-CCC01F52288A-LeaderElection47] INFO  impl.LeaderElection (LeaderElection.java:askForVotes(178)) - dd432914-2a38-441d-a246-854f4e4ff8bf@group-CCC01F52288A-LeaderElection47: begin an election at term 1 for -1: [dd432914-2a38-441d-a246-854f4e4ff8bf:192.168.164.215:45662], old=null
2019-10-09 06:23:16,329 [dd432914-2a38-441d-a246-854f4e4ff8bf@group-CCC01F52288A-LeaderElection47] INFO  impl.RoleInfo (RoleInfo.java:shutdownLeaderElection(134)) - dd432914-2a38-441d-a246-854f4e4ff8bf: shutdown LeaderElection
2019-10-09 06:23:16,329 [dd432914-2a38-441d-a246-854f4e4ff8bf@group-CCC01F52288A-LeaderElection47] INFO  impl.RaftServerImpl (RaftServerImpl.java:setRole(170)) - dd432914-2a38-441d-a246-854f4e4ff8bf@group-CCC01F52288A: changes role from CANDIDATE to LEADER at term 1 for changeToLeader
2019-10-09 06:23:16,329 [dd432914-2a38-441d-a246-854f4e4ff8bf@group-CCC01F52288A-LeaderElection47] INFO  impl.RaftServerImpl (ServerState.java:setLeader(255)) - dd432914-2a38-441d-a246-854f4e4ff8bf@group-CCC01F52288A: change Leader from null to dd432914-2a38-441d-a246-854f4e4ff8bf at term 1 for becomeLeader, leader elected after 5134ms
2019-10-09 06:23:16,329 [dd432914-2a38-441d-a246-854f4e4ff8bf@group-CCC01F52288A-LeaderElection47] INFO  server.RaftServerConfigKeys (ConfUtils.java:logGet(43)) - raft.server.staging.catchup.gap = 1000 (default)
2019-10-09 06:23:16,329 [dd432914-2a38-441d-a246-854f4e4ff8bf@group-CCC01F52288A-LeaderElection47] INFO  server.RaftServerConfigKeys (ConfUtils.java:logGet(43)) - raft.server.rpc.sleep.time = 25ms (default)
2019-10-09 06:23:16,330 [dd432914-2a38-441d-a246-854f4e4ff8bf@group-CCC01F52288A-LeaderElection47] INFO  server.RaftServerConfigKeys (ConfUtils.java:logGet(43)) - raft.server.write.element-limit = 4096 (default)
2019-10-09 06:23:16,330 [dd432914-2a38-441d-a246-854f4e4ff8bf@group-CCC01F52288A-LeaderElection47] INFO  server.RaftServerConfigKeys (ConfUtils.java:logGet(43)) - raft.server.watch.timeout = 10s (default)
2019-10-09 06:23:16,330 [dd432914-2a38-441d-a246-854f4e4ff8bf@group-CCC01F52288A-LeaderElection47] INFO  server.RaftServerConfigKeys (ConfUtils.java:logGet(43)) - raft.server.watch.timeout.denomination = 1s (default)
2019-10-09 06:23:16,331 [dd432914-2a38-441d-a246-854f4e4ff8bf@group-CCC01F52288A-LeaderElection47] INFO  server.RaftServerConfigKeys (ConfUtils.java:logGet(43)) - raft.server.watch.element-limit = 65536 (default)
2019-10-09 06:23:16,333 [dd432914-2a38-441d-a246-854f4e4ff8bf@group-CCC01F52288A-LeaderElection47] INFO  impl.RoleInfo (RoleInfo.java:updateAndGet(143)) - dd432914-2a38-441d-a246-854f4e4ff8bf: start LeaderState
2019-10-09 06:23:16,334 [dd432914-2a38-441d-a246-854f4e4ff8bf@group-CCC01F52288A-LeaderElection47] INFO  segmented.SegmentedRaftLogWorker (SegmentedRaftLogWorker.java:startLogSegment(385)) - dd432914-2a38-441d-a246-854f4e4ff8bf@group-CCC01F52288A-SegmentedRaftLogWorker: Starting segment from index:0
2019-10-09 06:23:16,334 [dd432914-2a38-441d-a246-854f4e4ff8bf@group-CCC01F52288A-LeaderElection47] INFO  impl.RaftServerImpl (ServerState.java:setRaftConf(356)) - dd432914-2a38-441d-a246-854f4e4ff8bf@group-CCC01F52288A: set configuration 0: [dd432914-2a38-441d-a246-854f4e4ff8bf:192.168.164.215:45662], old=null at 0
2019-10-09 06:23:16,377 [dd432914-2a38-441d-a246-854f4e4ff8bf@group-CCC01F52288A-SegmentedRaftLogWorker] INFO  segmented.SegmentedRaftLogWorker (SegmentedRaftLogWorker.java:execute(574)) - dd432914-2a38-441d-a246-854f4e4ff8bf@group-CCC01F52288A-SegmentedRaftLogWorker: created new log segment /workdir/hadoop-ozone/integration-test/target/test-dir/MiniOzoneClusterImpl-8c69ce3e-b1cc-48be-a05c-d4de48fc12a3/datanode-0/data/ratis/7633fca6-f98d-4b7c-be26-ccc01f52288a/current/log_inprogress_0
2019-10-09 06:23:16,395 [Thread-2294] INFO  impl.FollowerState (FollowerState.java:run(108)) - 973792f1-12ee-47e0-9473-a8308b74e3f4@group-E09CF9B3F075-FollowerState: change to CANDIDATE, lastRpcTime:5114ms, electionTimeout:5114ms
2019-10-09 06:23:16,395 [Thread-2294] INFO  impl.RoleInfo (RoleInfo.java:shutdownFollowerState(121)) - 973792f1-12ee-47e0-9473-a8308b74e3f4: shutdown FollowerState
2019-10-09 06:23:16,396 [Thread-2294] INFO  impl.RaftServerImpl (RaftServerImpl.java:setRole(170)) - 973792f1-12ee-47e0-9473-a8308b74e3f4@group-E09CF9B3F075: changes role from  FOLLOWER to CANDIDATE at term 0 for changeToCandidate
2019-10-09 06:23:16,396 [Thread-2294] INFO  impl.RoleInfo (RoleInfo.java:updateAndGet(143)) - 973792f1-12ee-47e0-9473-a8308b74e3f4: start LeaderElection
2019-10-09 06:23:16,418 [973792f1-12ee-47e0-9473-a8308b74e3f4@group-E09CF9B3F075-LeaderElection48] INFO  impl.LeaderElection (LeaderElection.java:askForVotes(178)) - 973792f1-12ee-47e0-9473-a8308b74e3f4@group-E09CF9B3F075-LeaderElection48: begin an election at term 1 for -1: [973792f1-12ee-47e0-9473-a8308b74e3f4:192.168.164.215:38158], old=null
2019-10-09 06:23:16,418 [973792f1-12ee-47e0-9473-a8308b74e3f4@group-E09CF9B3F075-LeaderElection48] INFO  impl.RoleInfo (RoleInfo.java:shutdownLeaderElection(134)) - 973792f1-12ee-47e0-9473-a8308b74e3f4: shutdown LeaderElection
2019-10-09 06:23:16,418 [973792f1-12ee-47e0-9473-a8308b74e3f4@group-E09CF9B3F075-LeaderElection48] INFO  impl.RaftServerImpl (RaftServerImpl.java:setRole(170)) - 973792f1-12ee-47e0-9473-a8308b74e3f4@group-E09CF9B3F075: changes role from CANDIDATE to LEADER at term 1 for changeToLeader
2019-10-09 06:23:16,418 [973792f1-12ee-47e0-9473-a8308b74e3f4@group-E09CF9B3F075-LeaderElection48] INFO  impl.RaftServerImpl (ServerState.java:setLeader(255)) - 973792f1-12ee-47e0-9473-a8308b74e3f4@group-E09CF9B3F075: change Leader from null to 973792f1-12ee-47e0-9473-a8308b74e3f4 at term 1 for becomeLeader, leader elected after 5144ms
2019-10-09 06:23:16,418 [973792f1-12ee-47e0-9473-a8308b74e3f4@group-E09CF9B3F075-LeaderElection48] INFO  server.RaftServerConfigKeys (ConfUtils.java:logGet(43)) - raft.server.staging.catchup.gap = 1000 (default)
2019-10-09 06:23:16,418 [973792f1-12ee-47e0-9473-a8308b74e3f4@group-E09CF9B3F075-LeaderElection48] INFO  server.RaftServerConfigKeys (ConfUtils.java:logGet(43)) - raft.server.rpc.sleep.time = 25ms (default)
2019-10-09 06:23:16,419 [973792f1-12ee-47e0-9473-a8308b74e3f4@group-E09CF9B3F075-LeaderElection48] INFO  server.RaftServerConfigKeys (ConfUtils.java:logGet(43)) - raft.server.write.element-limit = 4096 (default)
2019-10-09 06:23:16,419 [973792f1-12ee-47e0-9473-a8308b74e3f4@group-E09CF9B3F075-LeaderElection48] INFO  server.RaftServerConfigKeys (ConfUtils.java:logGet(43)) - raft.server.watch.timeout = 10s (default)
2019-10-09 06:23:16,419 [973792f1-12ee-47e0-9473-a8308b74e3f4@group-E09CF9B3F075-LeaderElection48] INFO  server.RaftServerConfigKeys (ConfUtils.java:logGet(43)) - raft.server.watch.timeout.denomination = 1s (default)
2019-10-09 06:23:16,419 [973792f1-12ee-47e0-9473-a8308b74e3f4@group-E09CF9B3F075-LeaderElection48] INFO  server.RaftServerConfigKeys (ConfUtils.java:logGet(43)) - raft.server.watch.element-limit = 65536 (default)
2019-10-09 06:23:16,421 [973792f1-12ee-47e0-9473-a8308b74e3f4@group-E09CF9B3F075-LeaderElection48] INFO  impl.RoleInfo (RoleInfo.java:updateAndGet(143)) - 973792f1-12ee-47e0-9473-a8308b74e3f4: start LeaderState
2019-10-09 06:23:16,422 [973792f1-12ee-47e0-9473-a8308b74e3f4@group-E09CF9B3F075-LeaderElection48] INFO  segmented.SegmentedRaftLogWorker (SegmentedRaftLogWorker.java:startLogSegment(385)) - 973792f1-12ee-47e0-9473-a8308b74e3f4@group-E09CF9B3F075-SegmentedRaftLogWorker: Starting segment from index:0
2019-10-09 06:23:16,422 [973792f1-12ee-47e0-9473-a8308b74e3f4@group-E09CF9B3F075-LeaderElection48] INFO  impl.RaftServerImpl (ServerState.java:setRaftConf(356)) - 973792f1-12ee-47e0-9473-a8308b74e3f4@group-E09CF9B3F075: set configuration 0: [973792f1-12ee-47e0-9473-a8308b74e3f4:192.168.164.215:38158], old=null at 0
2019-10-09 06:23:16,455 [Thread-2302] INFO  impl.FollowerState (FollowerState.java:run(108)) - 973792f1-12ee-47e0-9473-a8308b74e3f4@group-CC1025C9555D-FollowerState: change to CANDIDATE, lastRpcTime:5005ms, electionTimeout:5005ms
2019-10-09 06:23:16,455 [Thread-2302] INFO  impl.RoleInfo (RoleInfo.java:shutdownFollowerState(121)) - 973792f1-12ee-47e0-9473-a8308b74e3f4: shutdown FollowerState
2019-10-09 06:23:16,455 [Thread-2302] INFO  impl.RaftServerImpl (RaftServerImpl.java:setRole(170)) - 973792f1-12ee-47e0-9473-a8308b74e3f4@group-CC1025C9555D: changes role from  FOLLOWER to CANDIDATE at term 0 for changeToCandidate
2019-10-09 06:23:16,455 [Thread-2302] INFO  impl.RoleInfo (RoleInfo.java:updateAndGet(143)) - 973792f1-12ee-47e0-9473-a8308b74e3f4: start LeaderElection
2019-10-09 06:23:16,475 [973792f1-12ee-47e0-9473-a8308b74e3f4@group-E09CF9B3F075-SegmentedRaftLogWorker] INFO  segmented.SegmentedRaftLogWorker (SegmentedRaftLogWorker.java:execute(574)) - 973792f1-12ee-47e0-9473-a8308b74e3f4@group-E09CF9B3F075-SegmentedRaftLogWorker: created new log segment /workdir/hadoop-ozone/integration-test/target/test-dir/MiniOzoneClusterImpl-8c69ce3e-b1cc-48be-a05c-d4de48fc12a3/datanode-1/data/ratis/e1dd1382-e54e-4cde-adae-e09cf9b3f075/current/log_inprogress_0
2019-10-09 06:23:16,475 [973792f1-12ee-47e0-9473-a8308b74e3f4@group-CC1025C9555D-LeaderElection49] INFO  impl.LeaderElection (LeaderElection.java:askForVotes(178)) - 973792f1-12ee-47e0-9473-a8308b74e3f4@group-CC1025C9555D-LeaderElection49: begin an election at term 1 for -1: [973792f1-12ee-47e0-9473-a8308b74e3f4:192.168.164.215:38158, e283cf37-ec36-45f7-8c35-0275e987ea96:192.168.164.215:44715, dd432914-2a38-441d-a246-854f4e4ff8bf:192.168.164.215:45662], old=null
2019-10-09 06:23:16,479 [grpc-default-executor-5] INFO  impl.RaftServerImpl (RaftServerImpl.java:setRole(170)) - dd432914-2a38-441d-a246-854f4e4ff8bf@group-CC1025C9555D: changes role from  FOLLOWER to FOLLOWER at term 1 for recognizeCandidate:973792f1-12ee-47e0-9473-a8308b74e3f4
2019-10-09 06:23:16,479 [grpc-default-executor-5] INFO  impl.RoleInfo (RoleInfo.java:shutdownFollowerState(121)) - dd432914-2a38-441d-a246-854f4e4ff8bf: shutdown FollowerState
2019-10-09 06:23:16,479 [grpc-default-executor-6] INFO  impl.RaftServerImpl (RaftServerImpl.java:setRole(170)) - e283cf37-ec36-45f7-8c35-0275e987ea96@group-CC1025C9555D: changes role from  FOLLOWER to FOLLOWER at term 1 for recognizeCandidate:973792f1-12ee-47e0-9473-a8308b74e3f4
2019-10-09 06:23:16,480 [Thread-2303] INFO  impl.FollowerState (FollowerState.java:run(117)) - dd432914-2a38-441d-a246-854f4e4ff8bf@group-CC1025C9555D-FollowerState was interrupted: java.lang.InterruptedException: sleep interrupted
2019-10-09 06:23:16,479 [grpc-default-executor-5] INFO  impl.RoleInfo (RoleInfo.java:updateAndGet(143)) - dd432914-2a38-441d-a246-854f4e4ff8bf: start FollowerState
2019-10-09 06:23:16,480 [grpc-default-executor-6] INFO  impl.RoleInfo (RoleInfo.java:shutdownFollowerState(121)) - e283cf37-ec36-45f7-8c35-0275e987ea96: shutdown FollowerState
2019-10-09 06:23:16,485 [grpc-default-executor-6] INFO  impl.RoleInfo (RoleInfo.java:updateAndGet(143)) - e283cf37-ec36-45f7-8c35-0275e987ea96: start FollowerState
2019-10-09 06:23:16,485 [Thread-2304] INFO  impl.FollowerState (FollowerState.java:run(117)) - e283cf37-ec36-45f7-8c35-0275e987ea96@group-CC1025C9555D-FollowerState was interrupted: java.lang.InterruptedException: sleep interrupted
2019-10-09 06:23:16,529 [Thread-2297] INFO  impl.FollowerState (FollowerState.java:run(108)) - e283cf37-ec36-45f7-8c35-0275e987ea96@group-1B2AF970D2B0-FollowerState: change to CANDIDATE, lastRpcTime:5138ms, electionTimeout:5134ms
2019-10-09 06:23:16,529 [Thread-2297] INFO  impl.RoleInfo (RoleInfo.java:shutdownFollowerState(121)) - e283cf37-ec36-45f7-8c35-0275e987ea96: shutdown FollowerState
2019-10-09 06:23:16,529 [973792f1-12ee-47e0-9473-a8308b74e3f4@group-CC1025C9555D-LeaderElection49] INFO  impl.LeaderElection (LeaderElection.java:logAndReturn(56)) - 973792f1-12ee-47e0-9473-a8308b74e3f4@group-CC1025C9555D-LeaderElection49: Election PASSED; received 1 response(s) [973792f1-12ee-47e0-9473-a8308b74e3f4<-dd432914-2a38-441d-a246-854f4e4ff8bf#0:OK-t1] and 0 exception(s); 973792f1-12ee-47e0-9473-a8308b74e3f4@group-CC1025C9555D:t1, leader=null, voted=973792f1-12ee-47e0-9473-a8308b74e3f4, raftlog=973792f1-12ee-47e0-9473-a8308b74e3f4@group-CC1025C9555D-SegmentedRaftLog:OPENED:c-1,f-1,i0, conf=-1: [973792f1-12ee-47e0-9473-a8308b74e3f4:192.168.164.215:38158, e283cf37-ec36-45f7-8c35-0275e987ea96:192.168.164.215:44715, dd432914-2a38-441d-a246-854f4e4ff8bf:192.168.164.215:45662], old=null
2019-10-09 06:23:16,529 [Thread-2297] INFO  impl.RaftServerImpl (RaftServerImpl.java:setRole(170)) - e283cf37-ec36-45f7-8c35-0275e987ea96@group-1B2AF970D2B0: changes role from  FOLLOWER to CANDIDATE at term 0 for changeToCandidate
2019-10-09 06:23:16,530 [973792f1-12ee-47e0-9473-a8308b74e3f4@group-CC1025C9555D-LeaderElection49] INFO  impl.RoleInfo (RoleInfo.java:shutdownLeaderElection(134)) - 973792f1-12ee-47e0-9473-a8308b74e3f4: shutdown LeaderElection
2019-10-09 06:23:16,534 [Thread-2297] INFO  impl.RoleInfo (RoleInfo.java:updateAndGet(143)) - e283cf37-ec36-45f7-8c35-0275e987ea96: start LeaderElection
2019-10-09 06:23:16,534 [973792f1-12ee-47e0-9473-a8308b74e3f4@group-CC1025C9555D-LeaderElection49] INFO  impl.RaftServerImpl (RaftServerImpl.java:setRole(170)) - 973792f1-12ee-47e0-9473-a8308b74e3f4@group-CC1025C9555D: changes role from CANDIDATE to LEADER at term 1 for changeToLeader
2019-10-09 06:23:16,534 [973792f1-12ee-47e0-9473-a8308b74e3f4@group-CC1025C9555D-LeaderElection49] INFO  impl.RaftServerImpl (ServerState.java:setLeader(255)) - 973792f1-12ee-47e0-9473-a8308b74e3f4@group-CC1025C9555D: change Leader from null to 973792f1-12ee-47e0-9473-a8308b74e3f4 at term 1 for becomeLeader, leader elected after 5096ms
2019-10-09 06:23:16,537 [973792f1-12ee-47e0-9473-a8308b74e3f4@group-CC1025C9555D-LeaderElection49] INFO  server.RaftServerConfigKeys (ConfUtils.java:logGet(43)) - raft.server.staging.catchup.gap = 1000 (default)
2019-10-09 06:23:16,542 [973792f1-12ee-47e0-9473-a8308b74e3f4@group-CC1025C9555D-LeaderElection49] INFO  server.RaftServerConfigKeys (ConfUtils.java:logGet(43)) - raft.server.rpc.sleep.time = 25ms (default)
2019-10-09 06:23:16,542 [973792f1-12ee-47e0-9473-a8308b74e3f4@group-CC1025C9555D-LeaderElection49] INFO  server.RaftServerConfigKeys (ConfUtils.java:logGet(43)) - raft.server.write.element-limit = 4096 (default)
2019-10-09 06:23:16,543 [973792f1-12ee-47e0-9473-a8308b74e3f4@group-CC1025C9555D-LeaderElection49] INFO  server.RaftServerConfigKeys (ConfUtils.java:logGet(43)) - raft.server.watch.timeout = 10s (default)
2019-10-09 06:23:16,543 [973792f1-12ee-47e0-9473-a8308b74e3f4@group-CC1025C9555D-LeaderElection49] INFO  server.RaftServerConfigKeys (ConfUtils.java:logGet(43)) - raft.server.watch.timeout.denomination = 1s (default)
2019-10-09 06:23:16,543 [973792f1-12ee-47e0-9473-a8308b74e3f4@group-CC1025C9555D-LeaderElection49] INFO  server.RaftServerConfigKeys (ConfUtils.java:logGet(43)) - raft.server.watch.element-limit = 65536 (default)
2019-10-09 06:23:16,545 [973792f1-12ee-47e0-9473-a8308b74e3f4@group-CC1025C9555D-LeaderElection49] INFO  server.RaftServerConfigKeys (ConfUtils.java:logGet(43)) - raft.server.log.appender.snapshot.chunk.size.max = 16MB (=16777216) (default)
2019-10-09 06:23:16,545 [973792f1-12ee-47e0-9473-a8308b74e3f4@group-CC1025C9555D-LeaderElection49] INFO  server.RaftServerConfigKeys (ConfUtils.java:logGet(43)) - raft.server.log.appender.buffer.byte-limit = 33554432 (custom)
2019-10-09 06:23:16,545 [973792f1-12ee-47e0-9473-a8308b74e3f4@group-CC1025C9555D-LeaderElection49] INFO  server.RaftServerConfigKeys (ConfUtils.java:logGet(43)) - raft.server.log.appender.buffer.element-limit = 1 (custom)
2019-10-09 06:23:16,546 [973792f1-12ee-47e0-9473-a8308b74e3f4@group-CC1025C9555D-LeaderElection49] INFO  grpc.GrpcConfigKeys$Server (ConfUtils.java:logGet(43)) - raft.grpc.server.leader.outstanding.appends.max = 128 (default)
2019-10-09 06:23:16,546 [973792f1-12ee-47e0-9473-a8308b74e3f4@group-CC1025C9555D-LeaderElection49] INFO  server.RaftServerConfigKeys (ConfUtils.java:logGet(43)) - raft.server.rpc.request.timeout = 3000ms (default)
2019-10-09 06:23:16,546 [973792f1-12ee-47e0-9473-a8308b74e3f4@group-CC1025C9555D-LeaderElection49] INFO  server.RaftServerConfigKeys (ConfUtils.java:logGet(43)) - raft.server.log.appender.install.snapshot.enabled = false (custom)
2019-10-09 06:23:16,546 [973792f1-12ee-47e0-9473-a8308b74e3f4@group-CC1025C9555D-LeaderElection49] INFO  server.RaftServerConfigKeys (ConfUtils.java:logGet(43)) - raft.server.log.appender.snapshot.chunk.size.max = 16MB (=16777216) (default)
2019-10-09 06:23:16,547 [973792f1-12ee-47e0-9473-a8308b74e3f4@group-CC1025C9555D-LeaderElection49] INFO  server.RaftServerConfigKeys (ConfUtils.java:logGet(43)) - raft.server.log.appender.buffer.byte-limit = 33554432 (custom)
2019-10-09 06:23:16,547 [973792f1-12ee-47e0-9473-a8308b74e3f4@group-CC1025C9555D-LeaderElection49] INFO  server.RaftServerConfigKeys (ConfUtils.java:logGet(43)) - raft.server.log.appender.buffer.element-limit = 1 (custom)
2019-10-09 06:23:16,547 [973792f1-12ee-47e0-9473-a8308b74e3f4@group-CC1025C9555D-LeaderElection49] INFO  grpc.GrpcConfigKeys$Server (ConfUtils.java:logGet(43)) - raft.grpc.server.leader.outstanding.appends.max = 128 (default)
2019-10-09 06:23:16,547 [973792f1-12ee-47e0-9473-a8308b74e3f4@group-CC1025C9555D-LeaderElection49] INFO  server.RaftServerConfigKeys (ConfUtils.java:logGet(43)) - raft.server.rpc.request.timeout = 3000ms (default)
2019-10-09 06:23:16,547 [973792f1-12ee-47e0-9473-a8308b74e3f4@group-CC1025C9555D-LeaderElection49] INFO  server.RaftServerConfigKeys (ConfUtils.java:logGet(43)) - raft.server.log.appender.install.snapshot.enabled = false (custom)
2019-10-09 06:23:16,548 [973792f1-12ee-47e0-9473-a8308b74e3f4@group-CC1025C9555D-LeaderElection49] INFO  impl.RoleInfo (RoleInfo.java:updateAndGet(143)) - 973792f1-12ee-47e0-9473-a8308b74e3f4: start LeaderState
2019-10-09 06:23:16,548 [973792f1-12ee-47e0-9473-a8308b74e3f4@group-CC1025C9555D-LeaderElection49] INFO  segmented.SegmentedRaftLogWorker (SegmentedRaftLogWorker.java:startLogSegment(385)) - 973792f1-12ee-47e0-9473-a8308b74e3f4@group-CC1025C9555D-SegmentedRaftLogWorker: Starting segment from index:0
2019-10-09 06:23:16,549 [973792f1-12ee-47e0-9473-a8308b74e3f4@group-CC1025C9555D-LeaderElection49] INFO  impl.RaftServerImpl (ServerState.java:setRaftConf(356)) - 973792f1-12ee-47e0-9473-a8308b74e3f4@group-CC1025C9555D: set configuration 0: [973792f1-12ee-47e0-9473-a8308b74e3f4:192.168.164.215:38158, e283cf37-ec36-45f7-8c35-0275e987ea96:192.168.164.215:44715, dd432914-2a38-441d-a246-854f4e4ff8bf:192.168.164.215:45662], old=null at 0
2019-10-09 06:23:16,550 [grpc-default-executor-5] INFO  impl.RaftServerImpl (ServerState.java:setLeader(255)) - dd432914-2a38-441d-a246-854f4e4ff8bf@group-CC1025C9555D: change Leader from null to 973792f1-12ee-47e0-9473-a8308b74e3f4 at term 1 for appendEntries, leader elected after 5113ms
2019-10-09 06:23:16,550 [grpc-default-executor-6] INFO  impl.RaftServerImpl (ServerState.java:setLeader(255)) - e283cf37-ec36-45f7-8c35-0275e987ea96@group-CC1025C9555D: change Leader from null to 973792f1-12ee-47e0-9473-a8308b74e3f4 at term 1 for appendEntries, leader elected after 5113ms
2019-10-09 06:23:16,588 [e283cf37-ec36-45f7-8c35-0275e987ea96@group-1B2AF970D2B0-LeaderElection50] INFO  impl.LeaderElection (LeaderElection.java:askForVotes(178)) - e283cf37-ec36-45f7-8c35-0275e987ea96@group-1B2AF970D2B0-LeaderElection50: begin an election at term 1 for -1: [e283cf37-ec36-45f7-8c35-0275e987ea96:192.168.164.215:44715], old=null
2019-10-09 06:23:16,589 [e283cf37-ec36-45f7-8c35-0275e987ea96@group-1B2AF970D2B0-LeaderElection50] INFO  impl.RoleInfo (RoleInfo.java:shutdownLeaderElection(134)) - e283cf37-ec36-45f7-8c35-0275e987ea96: shutdown LeaderElection
2019-10-09 06:23:16,594 [e283cf37-ec36-45f7-8c35-0275e987ea96@group-1B2AF970D2B0-LeaderElection50] INFO  impl.RaftServerImpl (RaftServerImpl.java:setRole(170)) - e283cf37-ec36-45f7-8c35-0275e987ea96@group-1B2AF970D2B0: changes role from CANDIDATE to LEADER at term 1 for changeToLeader
2019-10-09 06:23:16,594 [e283cf37-ec36-45f7-8c35-0275e987ea96@group-1B2AF970D2B0-LeaderElection50] INFO  impl.RaftServerImpl (ServerState.java:setLeader(255)) - e283cf37-ec36-45f7-8c35-0275e987ea96@group-1B2AF970D2B0: change Leader from null to e283cf37-ec36-45f7-8c35-0275e987ea96 at term 1 for becomeLeader, leader elected after 5212ms
2019-10-09 06:23:16,594 [e283cf37-ec36-45f7-8c35-0275e987ea96@group-1B2AF970D2B0-LeaderElection50] INFO  server.RaftServerConfigKeys (ConfUtils.java:logGet(43)) - raft.server.staging.catchup.gap = 1000 (default)
2019-10-09 06:23:16,595 [e283cf37-ec36-45f7-8c35-0275e987ea96@group-1B2AF970D2B0-LeaderElection50] INFO  server.RaftServerConfigKeys (ConfUtils.java:logGet(43)) - raft.server.rpc.sleep.time = 25ms (default)
2019-10-09 06:23:16,595 [e283cf37-ec36-45f7-8c35-0275e987ea96@group-1B2AF970D2B0-LeaderElection50] INFO  server.RaftServerConfigKeys (ConfUtils.java:logGet(43)) - raft.server.write.element-limit = 4096 (default)
2019-10-09 06:23:16,595 [grpc-default-executor-5] INFO  impl.RaftServerImpl (ServerState.java:setRaftConf(356)) - dd432914-2a38-441d-a246-854f4e4ff8bf@group-CC1025C9555D: set configuration 0: [973792f1-12ee-47e0-9473-a8308b74e3f4:192.168.164.215:38158, e283cf37-ec36-45f7-8c35-0275e987ea96:192.168.164.215:44715, dd432914-2a38-441d-a246-854f4e4ff8bf:192.168.164.215:45662], old=null at 0
2019-10-09 06:23:16,595 [e283cf37-ec36-45f7-8c35-0275e987ea96@group-1B2AF970D2B0-LeaderElection50] INFO  server.RaftServerConfigKeys (ConfUtils.java:logGet(43)) - raft.server.watch.timeout = 10s (default)
2019-10-09 06:23:16,595 [grpc-default-executor-5] INFO  segmented.SegmentedRaftLogWorker (SegmentedRaftLogWorker.java:startLogSegment(385)) - dd432914-2a38-441d-a246-854f4e4ff8bf@group-CC1025C9555D-SegmentedRaftLogWorker: Starting segment from index:0
2019-10-09 06:23:16,595 [grpc-default-executor-6] INFO  impl.RaftServerImpl (ServerState.java:setRaftConf(356)) - e283cf37-ec36-45f7-8c35-0275e987ea96@group-CC1025C9555D: set configuration 0: [973792f1-12ee-47e0-9473-a8308b74e3f4:192.168.164.215:38158, e283cf37-ec36-45f7-8c35-0275e987ea96:192.168.164.215:44715, dd432914-2a38-441d-a246-854f4e4ff8bf:192.168.164.215:45662], old=null at 0
2019-10-09 06:23:16,595 [e283cf37-ec36-45f7-8c35-0275e987ea96@group-1B2AF970D2B0-LeaderElection50] INFO  server.RaftServerConfigKeys (ConfUtils.java:logGet(43)) - raft.server.watch.timeout.denomination = 1s (default)
2019-10-09 06:23:16,596 [e283cf37-ec36-45f7-8c35-0275e987ea96@group-1B2AF970D2B0-LeaderElection50] INFO  server.RaftServerConfigKeys (ConfUtils.java:logGet(43)) - raft.server.watch.element-limit = 65536 (default)
2019-10-09 06:23:16,596 [grpc-default-executor-6] INFO  segmented.SegmentedRaftLogWorker (SegmentedRaftLogWorker.java:startLogSegment(385)) - e283cf37-ec36-45f7-8c35-0275e987ea96@group-CC1025C9555D-SegmentedRaftLogWorker: Starting segment from index:0
2019-10-09 06:23:16,598 [e283cf37-ec36-45f7-8c35-0275e987ea96@group-1B2AF970D2B0-LeaderElection50] INFO  impl.RoleInfo (RoleInfo.java:updateAndGet(143)) - e283cf37-ec36-45f7-8c35-0275e987ea96: start LeaderState
2019-10-09 06:23:16,598 [e283cf37-ec36-45f7-8c35-0275e987ea96@group-1B2AF970D2B0-LeaderElection50] INFO  segmented.SegmentedRaftLogWorker (SegmentedRaftLogWorker.java:startLogSegment(385)) - e283cf37-ec36-45f7-8c35-0275e987ea96@group-1B2AF970D2B0-SegmentedRaftLogWorker: Starting segment from index:0
2019-10-09 06:23:16,598 [e283cf37-ec36-45f7-8c35-0275e987ea96@group-1B2AF970D2B0-LeaderElection50] INFO  impl.RaftServerImpl (ServerState.java:setRaftConf(356)) - e283cf37-ec36-45f7-8c35-0275e987ea96@group-1B2AF970D2B0: set configuration 0: [e283cf37-ec36-45f7-8c35-0275e987ea96:192.168.164.215:44715], old=null at 0
2019-10-09 06:23:16,608 [973792f1-12ee-47e0-9473-a8308b74e3f4@group-CC1025C9555D-SegmentedRaftLogWorker] INFO  segmented.SegmentedRaftLogWorker (SegmentedRaftLogWorker.java:execute(574)) - 973792f1-12ee-47e0-9473-a8308b74e3f4@group-CC1025C9555D-SegmentedRaftLogWorker: created new log segment /workdir/hadoop-ozone/integration-test/target/test-dir/MiniOzoneClusterImpl-8c69ce3e-b1cc-48be-a05c-d4de48fc12a3/datanode-1/data/ratis/2969b3b7-e7e9-4264-acee-cc1025c9555d/current/log_inprogress_0
2019-10-09 06:23:16,642 [dd432914-2a38-441d-a246-854f4e4ff8bf@group-CC1025C9555D-SegmentedRaftLogWorker] INFO  segmented.SegmentedRaftLogWorker (SegmentedRaftLogWorker.java:execute(574)) - dd432914-2a38-441d-a246-854f4e4ff8bf@group-CC1025C9555D-SegmentedRaftLogWorker: created new log segment /workdir/hadoop-ozone/integration-test/target/test-dir/MiniOzoneClusterImpl-8c69ce3e-b1cc-48be-a05c-d4de48fc12a3/datanode-0/data/ratis/2969b3b7-e7e9-4264-acee-cc1025c9555d/current/log_inprogress_0
2019-10-09 06:23:16,642 [e283cf37-ec36-45f7-8c35-0275e987ea96@group-CC1025C9555D-SegmentedRaftLogWorker] INFO  segmented.SegmentedRaftLogWorker (SegmentedRaftLogWorker.java:execute(574)) - e283cf37-ec36-45f7-8c35-0275e987ea96@group-CC1025C9555D-SegmentedRaftLogWorker: created new log segment /workdir/hadoop-ozone/integration-test/target/test-dir/MiniOzoneClusterImpl-8c69ce3e-b1cc-48be-a05c-d4de48fc12a3/datanode-2/data/ratis/2969b3b7-e7e9-4264-acee-cc1025c9555d/current/log_inprogress_0
2019-10-09 06:23:16,642 [e283cf37-ec36-45f7-8c35-0275e987ea96@group-1B2AF970D2B0-SegmentedRaftLogWorker] INFO  segmented.SegmentedRaftLogWorker (SegmentedRaftLogWorker.java:execute(574)) - e283cf37-ec36-45f7-8c35-0275e987ea96@group-1B2AF970D2B0-SegmentedRaftLogWorker: created new log segment /workdir/hadoop-ozone/integration-test/target/test-dir/MiniOzoneClusterImpl-8c69ce3e-b1cc-48be-a05c-d4de48fc12a3/datanode-2/data/ratis/de5a8815-8d28-4e20-a2ee-1b2af970d2b0/current/log_inprogress_0
2019-10-09 06:23:16,743 [Thread-2312] INFO  impl.FollowerState (FollowerState.java:run(108)) - 0d8000ce-a3d6-4a1b-8ad9-6ddb0f1332ff@group-0F99FE0101FB-FollowerState: change to CANDIDATE, lastRpcTime:5087ms, electionTimeout:5087ms
2019-10-09 06:23:16,743 [Thread-2312] INFO  impl.RoleInfo (RoleInfo.java:shutdownFollowerState(121)) - 0d8000ce-a3d6-4a1b-8ad9-6ddb0f1332ff: shutdown FollowerState
2019-10-09 06:23:16,743 [Thread-2312] INFO  impl.RaftServerImpl (RaftServerImpl.java:setRole(170)) - 0d8000ce-a3d6-4a1b-8ad9-6ddb0f1332ff@group-0F99FE0101FB: changes role from  FOLLOWER to CANDIDATE at term 0 for changeToCandidate
2019-10-09 06:23:16,743 [Thread-2312] INFO  impl.RoleInfo (RoleInfo.java:updateAndGet(143)) - 0d8000ce-a3d6-4a1b-8ad9-6ddb0f1332ff: start LeaderElection
2019-10-09 06:23:16,753 [Thread-2309] INFO  impl.FollowerState (FollowerState.java:run(108)) - 8e2eea38-291e-46d5-8bf2-5a0081e459bb@group-8E9F0E2A8272-FollowerState: change to CANDIDATE, lastRpcTime:5152ms, electionTimeout:5152ms
2019-10-09 06:23:16,753 [Thread-2309] INFO  impl.RoleInfo (RoleInfo.java:shutdownFollowerState(121)) - 8e2eea38-291e-46d5-8bf2-5a0081e459bb: shutdown FollowerState
2019-10-09 06:23:16,754 [Thread-2309] INFO  impl.RaftServerImpl (RaftServerImpl.java:setRole(170)) - 8e2eea38-291e-46d5-8bf2-5a0081e459bb@group-8E9F0E2A8272: changes role from  FOLLOWER to CANDIDATE at term 0 for changeToCandidate
2019-10-09 06:23:16,754 [Thread-2309] INFO  impl.RoleInfo (RoleInfo.java:updateAndGet(143)) - 8e2eea38-291e-46d5-8bf2-5a0081e459bb: start LeaderElection
2019-10-09 06:23:16,767 [8e2eea38-291e-46d5-8bf2-5a0081e459bb@group-8E9F0E2A8272-LeaderElection52] INFO  impl.LeaderElection (LeaderElection.java:askForVotes(178)) - 8e2eea38-291e-46d5-8bf2-5a0081e459bb@group-8E9F0E2A8272-LeaderElection52: begin an election at term 1 for -1: [8e2eea38-291e-46d5-8bf2-5a0081e459bb:192.168.164.215:43392], old=null
2019-10-09 06:23:16,767 [0d8000ce-a3d6-4a1b-8ad9-6ddb0f1332ff@group-0F99FE0101FB-LeaderElection51] INFO  impl.LeaderElection (LeaderElection.java:askForVotes(178)) - 0d8000ce-a3d6-4a1b-8ad9-6ddb0f1332ff@group-0F99FE0101FB-LeaderElection51: begin an election at term 1 for -1: [0d8000ce-a3d6-4a1b-8ad9-6ddb0f1332ff:192.168.164.215:41201], old=null
2019-10-09 06:23:16,768 [8e2eea38-291e-46d5-8bf2-5a0081e459bb@group-8E9F0E2A8272-LeaderElection52] INFO  impl.RoleInfo (RoleInfo.java:shutdownLeaderElection(134)) - 8e2eea38-291e-46d5-8bf2-5a0081e459bb: shutdown LeaderElection
2019-10-09 06:23:16,768 [0d8000ce-a3d6-4a1b-8ad9-6ddb0f1332ff@group-0F99FE0101FB-LeaderElection51] INFO  impl.RoleInfo (RoleInfo.java:shutdownLeaderElection(134)) - 0d8000ce-a3d6-4a1b-8ad9-6ddb0f1332ff: shutdown LeaderElection
2019-10-09 06:23:16,768 [8e2eea38-291e-46d5-8bf2-5a0081e459bb@group-8E9F0E2A8272-LeaderElection52] INFO  impl.RaftServerImpl (RaftServerImpl.java:setRole(170)) - 8e2eea38-291e-46d5-8bf2-5a0081e459bb@group-8E9F0E2A8272: changes role from CANDIDATE to LEADER at term 1 for changeToLeader
2019-10-09 06:23:16,768 [0d8000ce-a3d6-4a1b-8ad9-6ddb0f1332ff@group-0F99FE0101FB-LeaderElection51] INFO  impl.RaftServerImpl (RaftServerImpl.java:setRole(170)) - 0d8000ce-a3d6-4a1b-8ad9-6ddb0f1332ff@group-0F99FE0101FB: changes role from CANDIDATE to LEADER at term 1 for changeToLeader
2019-10-09 06:23:16,768 [8e2eea38-291e-46d5-8bf2-5a0081e459bb@group-8E9F0E2A8272-LeaderElection52] INFO  impl.RaftServerImpl (ServerState.java:setLeader(255)) - 8e2eea38-291e-46d5-8bf2-5a0081e459bb@group-8E9F0E2A8272: change Leader from null to 8e2eea38-291e-46d5-8bf2-5a0081e459bb at term 1 for becomeLeader, leader elected after 5173ms
2019-10-09 06:23:16,768 [0d8000ce-a3d6-4a1b-8ad9-6ddb0f1332ff@group-0F99FE0101FB-LeaderElection51] INFO  impl.RaftServerImpl (ServerState.java:setLeader(255)) - 0d8000ce-a3d6-4a1b-8ad9-6ddb0f1332ff@group-0F99FE0101FB: change Leader from null to 0d8000ce-a3d6-4a1b-8ad9-6ddb0f1332ff at term 1 for becomeLeader, leader elected after 5120ms
2019-10-09 06:23:16,768 [8e2eea38-291e-46d5-8bf2-5a0081e459bb@group-8E9F0E2A8272-LeaderElection52] INFO  server.RaftServerConfigKeys (ConfUtils.java:logGet(43)) - raft.server.staging.catchup.gap = 1000 (default)
2019-10-09 06:23:16,768 [0d8000ce-a3d6-4a1b-8ad9-6ddb0f1332ff@group-0F99FE0101FB-LeaderElection51] INFO  server.RaftServerConfigKeys (ConfUtils.java:logGet(43)) - raft.server.staging.catchup.gap = 1000 (default)
2019-10-09 06:23:16,769 [8e2eea38-291e-46d5-8bf2-5a0081e459bb@group-8E9F0E2A8272-LeaderElection52] INFO  server.RaftServerConfigKeys (ConfUtils.java:logGet(43)) - raft.server.rpc.sleep.time = 25ms (default)
2019-10-09 06:23:16,769 [0d8000ce-a3d6-4a1b-8ad9-6ddb0f1332ff@group-0F99FE0101FB-LeaderElection51] INFO  server.RaftServerConfigKeys (ConfUtils.java:logGet(43)) - raft.server.rpc.sleep.time = 25ms (default)
2019-10-09 06:23:16,769 [8e2eea38-291e-46d5-8bf2-5a0081e459bb@group-8E9F0E2A8272-LeaderElection52] INFO  server.RaftServerConfigKeys (ConfUtils.java:logGet(43)) - raft.server.write.element-limit = 4096 (default)
2019-10-09 06:23:16,769 [0d8000ce-a3d6-4a1b-8ad9-6ddb0f1332ff@group-0F99FE0101FB-LeaderElection51] INFO  server.RaftServerConfigKeys (ConfUtils.java:logGet(43)) - raft.server.write.element-limit = 4096 (default)
2019-10-09 06:23:16,769 [8e2eea38-291e-46d5-8bf2-5a0081e459bb@group-8E9F0E2A8272-LeaderElection52] INFO  server.RaftServerConfigKeys (ConfUtils.java:logGet(43)) - raft.server.watch.timeout = 10s (default)
2019-10-09 06:23:16,769 [0d8000ce-a3d6-4a1b-8ad9-6ddb0f1332ff@group-0F99FE0101FB-LeaderElection51] INFO  server.RaftServerConfigKeys (ConfUtils.java:logGet(43)) - raft.server.watch.timeout = 10s (default)
2019-10-09 06:23:16,769 [8e2eea38-291e-46d5-8bf2-5a0081e459bb@group-8E9F0E2A8272-LeaderElection52] INFO  server.RaftServerConfigKeys (ConfUtils.java:logGet(43)) - raft.server.watch.timeout.denomination = 1s (default)
2019-10-09 06:23:16,770 [0d8000ce-a3d6-4a1b-8ad9-6ddb0f1332ff@group-0F99FE0101FB-LeaderElection51] INFO  server.RaftServerConfigKeys (ConfUtils.java:logGet(43)) - raft.server.watch.timeout.denomination = 1s (default)
2019-10-09 06:23:16,770 [8e2eea38-291e-46d5-8bf2-5a0081e459bb@group-8E9F0E2A8272-LeaderElection52] INFO  server.RaftServerConfigKeys (ConfUtils.java:logGet(43)) - raft.server.watch.element-limit = 65536 (default)
2019-10-09 06:23:16,770 [0d8000ce-a3d6-4a1b-8ad9-6ddb0f1332ff@group-0F99FE0101FB-LeaderElection51] INFO  server.RaftServerConfigKeys (ConfUtils.java:logGet(43)) - raft.server.watch.element-limit = 65536 (default)
2019-10-09 06:23:16,773 [8e2eea38-291e-46d5-8bf2-5a0081e459bb@group-8E9F0E2A8272-LeaderElection52] INFO  impl.RoleInfo (RoleInfo.java:updateAndGet(143)) - 8e2eea38-291e-46d5-8bf2-5a0081e459bb: start LeaderState
2019-10-09 06:23:16,773 [0d8000ce-a3d6-4a1b-8ad9-6ddb0f1332ff@group-0F99FE0101FB-LeaderElection51] INFO  impl.RoleInfo (RoleInfo.java:updateAndGet(143)) - 0d8000ce-a3d6-4a1b-8ad9-6ddb0f1332ff: start LeaderState
2019-10-09 06:23:16,773 [8e2eea38-291e-46d5-8bf2-5a0081e459bb@group-8E9F0E2A8272-LeaderElection52] INFO  segmented.SegmentedRaftLogWorker (SegmentedRaftLogWorker.java:startLogSegment(385)) - 8e2eea38-291e-46d5-8bf2-5a0081e459bb@group-8E9F0E2A8272-SegmentedRaftLogWorker: Starting segment from index:0
2019-10-09 06:23:16,773 [0d8000ce-a3d6-4a1b-8ad9-6ddb0f1332ff@group-0F99FE0101FB-LeaderElection51] INFO  segmented.SegmentedRaftLogWorker (SegmentedRaftLogWorker.java:startLogSegment(385)) - 0d8000ce-a3d6-4a1b-8ad9-6ddb0f1332ff@group-0F99FE0101FB-SegmentedRaftLogWorker: Starting segment from index:0
2019-10-09 06:23:16,774 [8e2eea38-291e-46d5-8bf2-5a0081e459bb@group-8E9F0E2A8272-LeaderElection52] INFO  impl.RaftServerImpl (ServerState.java:setRaftConf(356)) - 8e2eea38-291e-46d5-8bf2-5a0081e459bb@group-8E9F0E2A8272: set configuration 0: [8e2eea38-291e-46d5-8bf2-5a0081e459bb:192.168.164.215:43392], old=null at 0
2019-10-09 06:23:16,774 [0d8000ce-a3d6-4a1b-8ad9-6ddb0f1332ff@group-0F99FE0101FB-LeaderElection51] INFO  impl.RaftServerImpl (ServerState.java:setRaftConf(356)) - 0d8000ce-a3d6-4a1b-8ad9-6ddb0f1332ff@group-0F99FE0101FB: set configuration 0: [0d8000ce-a3d6-4a1b-8ad9-6ddb0f1332ff:192.168.164.215:41201], old=null at 0
2019-10-09 06:23:16,815 [0d8000ce-a3d6-4a1b-8ad9-6ddb0f1332ff@group-0F99FE0101FB-SegmentedRaftLogWorker] INFO  segmented.SegmentedRaftLogWorker (SegmentedRaftLogWorker.java:execute(574)) - 0d8000ce-a3d6-4a1b-8ad9-6ddb0f1332ff@group-0F99FE0101FB-SegmentedRaftLogWorker: created new log segment /workdir/hadoop-ozone/integration-test/target/test-dir/MiniOzoneClusterImpl-8c69ce3e-b1cc-48be-a05c-d4de48fc12a3/datanode-4/data/ratis/1cb88c83-ff51-41a4-ab07-0f99fe0101fb/current/log_inprogress_0
2019-10-09 06:23:16,815 [8e2eea38-291e-46d5-8bf2-5a0081e459bb@group-8E9F0E2A8272-SegmentedRaftLogWorker] INFO  segmented.SegmentedRaftLogWorker (SegmentedRaftLogWorker.java:execute(574)) - 8e2eea38-291e-46d5-8bf2-5a0081e459bb@group-8E9F0E2A8272-SegmentedRaftLogWorker: created new log segment /workdir/hadoop-ozone/integration-test/target/test-dir/MiniOzoneClusterImpl-8c69ce3e-b1cc-48be-a05c-d4de48fc12a3/datanode-3/data/ratis/95e4f72a-ea8b-4bee-8097-8e9f0e2a8272/current/log_inprogress_0
2019-10-09 06:23:16,900 [Thread-2315] INFO  impl.FollowerState (FollowerState.java:run(108)) - a89cb1fa-651c-448c-a189-c0c91a4d6de6@group-917DF7BE3FE4-FollowerState: change to CANDIDATE, lastRpcTime:5183ms, electionTimeout:5183ms
2019-10-09 06:23:16,900 [Thread-2315] INFO  impl.RoleInfo (RoleInfo.java:shutdownFollowerState(121)) - a89cb1fa-651c-448c-a189-c0c91a4d6de6: shutdown FollowerState
2019-10-09 06:23:16,900 [Thread-2315] INFO  impl.RaftServerImpl (RaftServerImpl.java:setRole(170)) - a89cb1fa-651c-448c-a189-c0c91a4d6de6@group-917DF7BE3FE4: changes role from  FOLLOWER to CANDIDATE at term 0 for changeToCandidate
2019-10-09 06:23:16,900 [Thread-2315] INFO  impl.RoleInfo (RoleInfo.java:updateAndGet(143)) - a89cb1fa-651c-448c-a189-c0c91a4d6de6: start LeaderElection
2019-10-09 06:23:16,927 [a89cb1fa-651c-448c-a189-c0c91a4d6de6@group-917DF7BE3FE4-LeaderElection53] INFO  impl.LeaderElection (LeaderElection.java:askForVotes(178)) - a89cb1fa-651c-448c-a189-c0c91a4d6de6@group-917DF7BE3FE4-LeaderElection53: begin an election at term 1 for -1: [a89cb1fa-651c-448c-a189-c0c91a4d6de6:192.168.164.215:33320], old=null
2019-10-09 06:23:16,927 [a89cb1fa-651c-448c-a189-c0c91a4d6de6@group-917DF7BE3FE4-LeaderElection53] INFO  impl.RoleInfo (RoleInfo.java:shutdownLeaderElection(134)) - a89cb1fa-651c-448c-a189-c0c91a4d6de6: shutdown LeaderElection
2019-10-09 06:23:16,927 [a89cb1fa-651c-448c-a189-c0c91a4d6de6@group-917DF7BE3FE4-LeaderElection53] INFO  impl.RaftServerImpl (RaftServerImpl.java:setRole(170)) - a89cb1fa-651c-448c-a189-c0c91a4d6de6@group-917DF7BE3FE4: changes role from CANDIDATE to LEADER at term 1 for changeToLeader
2019-10-09 06:23:16,927 [a89cb1fa-651c-448c-a189-c0c91a4d6de6@group-917DF7BE3FE4-LeaderElection53] INFO  impl.RaftServerImpl (ServerState.java:setLeader(255)) - a89cb1fa-651c-448c-a189-c0c91a4d6de6@group-917DF7BE3FE4: change Leader from null to a89cb1fa-651c-448c-a189-c0c91a4d6de6 at term 1 for becomeLeader, leader elected after 5217ms
2019-10-09 06:23:16,927 [a89cb1fa-651c-448c-a189-c0c91a4d6de6@group-917DF7BE3FE4-LeaderElection53] INFO  server.RaftServerConfigKeys (ConfUtils.java:logGet(43)) - raft.server.staging.catchup.gap = 1000 (default)
2019-10-09 06:23:16,928 [a89cb1fa-651c-448c-a189-c0c91a4d6de6@group-917DF7BE3FE4-LeaderElection53] INFO  server.RaftServerConfigKeys (ConfUtils.java:logGet(43)) - raft.server.rpc.sleep.time = 25ms (default)
2019-10-09 06:23:16,928 [a89cb1fa-651c-448c-a189-c0c91a4d6de6@group-917DF7BE3FE4-LeaderElection53] INFO  server.RaftServerConfigKeys (ConfUtils.java:logGet(43)) - raft.server.write.element-limit = 4096 (default)
2019-10-09 06:23:16,928 [a89cb1fa-651c-448c-a189-c0c91a4d6de6@group-917DF7BE3FE4-LeaderElection53] INFO  server.RaftServerConfigKeys (ConfUtils.java:logGet(43)) - raft.server.watch.timeout = 10s (default)
2019-10-09 06:23:16,928 [a89cb1fa-651c-448c-a189-c0c91a4d6de6@group-917DF7BE3FE4-LeaderElection53] INFO  server.RaftServerConfigKeys (ConfUtils.java:logGet(43)) - raft.server.watch.timeout.denomination = 1s (default)
2019-10-09 06:23:16,928 [a89cb1fa-651c-448c-a189-c0c91a4d6de6@group-917DF7BE3FE4-LeaderElection53] INFO  server.RaftServerConfigKeys (ConfUtils.java:logGet(43)) - raft.server.watch.element-limit = 65536 (default)
2019-10-09 06:23:16,930 [a89cb1fa-651c-448c-a189-c0c91a4d6de6@group-917DF7BE3FE4-LeaderElection53] INFO  impl.RoleInfo (RoleInfo.java:updateAndGet(143)) - a89cb1fa-651c-448c-a189-c0c91a4d6de6: start LeaderState
2019-10-09 06:23:16,931 [a89cb1fa-651c-448c-a189-c0c91a4d6de6@group-917DF7BE3FE4-LeaderElection53] INFO  segmented.SegmentedRaftLogWorker (SegmentedRaftLogWorker.java:startLogSegment(385)) - a89cb1fa-651c-448c-a189-c0c91a4d6de6@group-917DF7BE3FE4-SegmentedRaftLogWorker: Starting segment from index:0
2019-10-09 06:23:16,931 [a89cb1fa-651c-448c-a189-c0c91a4d6de6@group-917DF7BE3FE4-LeaderElection53] INFO  impl.RaftServerImpl (ServerState.java:setRaftConf(356)) - a89cb1fa-651c-448c-a189-c0c91a4d6de6@group-917DF7BE3FE4: set configuration 0: [a89cb1fa-651c-448c-a189-c0c91a4d6de6:192.168.164.215:33320], old=null at 0
2019-10-09 06:23:16,940 [Thread-2323] INFO  impl.FollowerState (FollowerState.java:run(108)) - 8e2eea38-291e-46d5-8bf2-5a0081e459bb@group-84E49902A81A-FollowerState: change to CANDIDATE, lastRpcTime:5016ms, electionTimeout:5016ms
2019-10-09 06:23:16,940 [Thread-2323] INFO  impl.RoleInfo (RoleInfo.java:shutdownFollowerState(121)) - 8e2eea38-291e-46d5-8bf2-5a0081e459bb: shutdown FollowerState
2019-10-09 06:23:16,940 [Thread-2323] INFO  impl.RaftServerImpl (RaftServerImpl.java:setRole(170)) - 8e2eea38-291e-46d5-8bf2-5a0081e459bb@group-84E49902A81A: changes role from  FOLLOWER to CANDIDATE at term 0 for changeToCandidate
2019-10-09 06:23:16,940 [Thread-2323] INFO  impl.RoleInfo (RoleInfo.java:updateAndGet(143)) - 8e2eea38-291e-46d5-8bf2-5a0081e459bb: start LeaderElection
2019-10-09 06:23:16,979 [a89cb1fa-651c-448c-a189-c0c91a4d6de6@group-917DF7BE3FE4-SegmentedRaftLogWorker] INFO  segmented.SegmentedRaftLogWorker (SegmentedRaftLogWorker.java:execute(574)) - a89cb1fa-651c-448c-a189-c0c91a4d6de6@group-917DF7BE3FE4-SegmentedRaftLogWorker: created new log segment /workdir/hadoop-ozone/integration-test/target/test-dir/MiniOzoneClusterImpl-8c69ce3e-b1cc-48be-a05c-d4de48fc12a3/datanode-5/data/ratis/3497bbcb-391a-4e8d-91dc-917df7be3fe4/current/log_inprogress_0
2019-10-09 06:23:16,979 [8e2eea38-291e-46d5-8bf2-5a0081e459bb@group-84E49902A81A-LeaderElection54] INFO  impl.LeaderElection (LeaderElection.java:askForVotes(178)) - 8e2eea38-291e-46d5-8bf2-5a0081e459bb@group-84E49902A81A-LeaderElection54: begin an election at term 1 for -1: [8e2eea38-291e-46d5-8bf2-5a0081e459bb:192.168.164.215:43392, 31a8e2f6-cff5-4c7d-b535-c7a03b3108da:192.168.164.215:42040, 0d8000ce-a3d6-4a1b-8ad9-6ddb0f1332ff:192.168.164.215:41201], old=null
2019-10-09 06:23:16,986 [grpc-default-executor-5] INFO  impl.RaftServerImpl (RaftServerImpl.java:setRole(170)) - 0d8000ce-a3d6-4a1b-8ad9-6ddb0f1332ff@group-84E49902A81A: changes role from  FOLLOWER to FOLLOWER at term 1 for recognizeCandidate:8e2eea38-291e-46d5-8bf2-5a0081e459bb
2019-10-09 06:23:16,986 [grpc-default-executor-5] INFO  impl.RoleInfo (RoleInfo.java:shutdownFollowerState(121)) - 0d8000ce-a3d6-4a1b-8ad9-6ddb0f1332ff: shutdown FollowerState
2019-10-09 06:23:16,986 [grpc-default-executor-5] INFO  impl.RoleInfo (RoleInfo.java:updateAndGet(143)) - 0d8000ce-a3d6-4a1b-8ad9-6ddb0f1332ff: start FollowerState
2019-10-09 06:23:16,986 [Thread-2327] INFO  impl.FollowerState (FollowerState.java:run(117)) - 0d8000ce-a3d6-4a1b-8ad9-6ddb0f1332ff@group-84E49902A81A-FollowerState was interrupted: java.lang.InterruptedException: sleep interrupted
2019-10-09 06:23:16,989 [grpc-default-executor-6] INFO  impl.RaftServerImpl (RaftServerImpl.java:setRole(170)) - 31a8e2f6-cff5-4c7d-b535-c7a03b3108da@group-84E49902A81A: changes role from  FOLLOWER to FOLLOWER at term 1 for recognizeCandidate:8e2eea38-291e-46d5-8bf2-5a0081e459bb
2019-10-09 06:23:16,989 [grpc-default-executor-6] INFO  impl.RoleInfo (RoleInfo.java:shutdownFollowerState(121)) - 31a8e2f6-cff5-4c7d-b535-c7a03b3108da: shutdown FollowerState
2019-10-09 06:23:16,989 [grpc-default-executor-6] INFO  impl.RoleInfo (RoleInfo.java:updateAndGet(143)) - 31a8e2f6-cff5-4c7d-b535-c7a03b3108da: start FollowerState
2019-10-09 06:23:16,989 [Thread-2328] INFO  impl.FollowerState (FollowerState.java:run(117)) - 31a8e2f6-cff5-4c7d-b535-c7a03b3108da@group-84E49902A81A-FollowerState was interrupted: java.lang.InterruptedException: sleep interrupted
2019-10-09 06:23:16,997 [Thread-2320] INFO  impl.FollowerState (FollowerState.java:run(108)) - 31a8e2f6-cff5-4c7d-b535-c7a03b3108da@group-D9B11A54B13F-FollowerState: change to CANDIDATE, lastRpcTime:5150ms, electionTimeout:5149ms
2019-10-09 06:23:16,997 [Thread-2320] INFO  impl.RoleInfo (RoleInfo.java:shutdownFollowerState(121)) - 31a8e2f6-cff5-4c7d-b535-c7a03b3108da: shutdown FollowerState
2019-10-09 06:23:16,997 [Thread-2320] INFO  impl.RaftServerImpl (RaftServerImpl.java:setRole(170)) - 31a8e2f6-cff5-4c7d-b535-c7a03b3108da@group-D9B11A54B13F: changes role from  FOLLOWER to CANDIDATE at term 0 for changeToCandidate
2019-10-09 06:23:16,997 [8e2eea38-291e-46d5-8bf2-5a0081e459bb@group-84E49902A81A-LeaderElection54] INFO  impl.LeaderElection (LeaderElection.java:logAndReturn(56)) - 8e2eea38-291e-46d5-8bf2-5a0081e459bb@group-84E49902A81A-LeaderElection54: Election PASSED; received 1 response(s) [8e2eea38-291e-46d5-8bf2-5a0081e459bb<-0d8000ce-a3d6-4a1b-8ad9-6ddb0f1332ff#0:OK-t1] and 0 exception(s); 8e2eea38-291e-46d5-8bf2-5a0081e459bb@group-84E49902A81A:t1, leader=null, voted=8e2eea38-291e-46d5-8bf2-5a0081e459bb, raftlog=8e2eea38-291e-46d5-8bf2-5a0081e459bb@group-84E49902A81A-SegmentedRaftLog:OPENED:c-1,f-1,i0, conf=-1: [8e2eea38-291e-46d5-8bf2-5a0081e459bb:192.168.164.215:43392, 31a8e2f6-cff5-4c7d-b535-c7a03b3108da:192.168.164.215:42040, 0d8000ce-a3d6-4a1b-8ad9-6ddb0f1332ff:192.168.164.215:41201], old=null
2019-10-09 06:23:16,997 [Thread-2320] INFO  impl.RoleInfo (RoleInfo.java:updateAndGet(143)) - 31a8e2f6-cff5-4c7d-b535-c7a03b3108da: start LeaderElection
2019-10-09 06:23:16,997 [8e2eea38-291e-46d5-8bf2-5a0081e459bb@group-84E49902A81A-LeaderElection54] INFO  impl.RoleInfo (RoleInfo.java:shutdownLeaderElection(134)) - 8e2eea38-291e-46d5-8bf2-5a0081e459bb: shutdown LeaderElection
2019-10-09 06:23:17,005 [8e2eea38-291e-46d5-8bf2-5a0081e459bb@group-84E49902A81A-LeaderElection54] INFO  impl.RaftServerImpl (RaftServerImpl.java:setRole(170)) - 8e2eea38-291e-46d5-8bf2-5a0081e459bb@group-84E49902A81A: changes role from CANDIDATE to LEADER at term 1 for changeToLeader
2019-10-09 06:23:17,008 [8e2eea38-291e-46d5-8bf2-5a0081e459bb@group-84E49902A81A-LeaderElection54] INFO  impl.RaftServerImpl (ServerState.java:setLeader(255)) - 8e2eea38-291e-46d5-8bf2-5a0081e459bb@group-84E49902A81A: change Leader from null to 8e2eea38-291e-46d5-8bf2-5a0081e459bb at term 1 for becomeLeader, leader elected after 5091ms
2019-10-09 06:23:17,008 [8e2eea38-291e-46d5-8bf2-5a0081e459bb@group-84E49902A81A-LeaderElection54] INFO  server.RaftServerConfigKeys (ConfUtils.java:logGet(43)) - raft.server.staging.catchup.gap = 1000 (default)
2019-10-09 06:23:17,008 [8e2eea38-291e-46d5-8bf2-5a0081e459bb@group-84E49902A81A-LeaderElection54] INFO  server.RaftServerConfigKeys (ConfUtils.java:logGet(43)) - raft.server.rpc.sleep.time = 25ms (default)
2019-10-09 06:23:17,011 [8e2eea38-291e-46d5-8bf2-5a0081e459bb@group-84E49902A81A-LeaderElection54] INFO  server.RaftServerConfigKeys (ConfUtils.java:logGet(43)) - raft.server.write.element-limit = 4096 (default)
2019-10-09 06:23:17,011 [8e2eea38-291e-46d5-8bf2-5a0081e459bb@group-84E49902A81A-LeaderElection54] INFO  server.RaftServerConfigKeys (ConfUtils.java:logGet(43)) - raft.server.watch.timeout = 10s (default)
2019-10-09 06:23:17,011 [8e2eea38-291e-46d5-8bf2-5a0081e459bb@group-84E49902A81A-LeaderElection54] INFO  server.RaftServerConfigKeys (ConfUtils.java:logGet(43)) - raft.server.watch.timeout.denomination = 1s (default)
2019-10-09 06:23:17,011 [8e2eea38-291e-46d5-8bf2-5a0081e459bb@group-84E49902A81A-LeaderElection54] INFO  server.RaftServerConfigKeys (ConfUtils.java:logGet(43)) - raft.server.watch.element-limit = 65536 (default)
2019-10-09 06:23:17,013 [8e2eea38-291e-46d5-8bf2-5a0081e459bb@group-84E49902A81A-LeaderElection54] INFO  server.RaftServerConfigKeys (ConfUtils.java:logGet(43)) - raft.server.log.appender.snapshot.chunk.size.max = 16MB (=16777216) (default)
2019-10-09 06:23:17,014 [8e2eea38-291e-46d5-8bf2-5a0081e459bb@group-84E49902A81A-LeaderElection54] INFO  server.RaftServerConfigKeys (ConfUtils.java:logGet(43)) - raft.server.log.appender.buffer.byte-limit = 33554432 (custom)
2019-10-09 06:23:17,014 [8e2eea38-291e-46d5-8bf2-5a0081e459bb@group-84E49902A81A-LeaderElection54] INFO  server.RaftServerConfigKeys (ConfUtils.java:logGet(43)) - raft.server.log.appender.buffer.element-limit = 1 (custom)
2019-10-09 06:23:17,014 [8e2eea38-291e-46d5-8bf2-5a0081e459bb@group-84E49902A81A-LeaderElection54] INFO  grpc.GrpcConfigKeys$Server (ConfUtils.java:logGet(43)) - raft.grpc.server.leader.outstanding.appends.max = 128 (default)
2019-10-09 06:23:17,014 [8e2eea38-291e-46d5-8bf2-5a0081e459bb@group-84E49902A81A-LeaderElection54] INFO  server.RaftServerConfigKeys (ConfUtils.java:logGet(43)) - raft.server.rpc.request.timeout = 3000ms (default)
2019-10-09 06:23:17,014 [8e2eea38-291e-46d5-8bf2-5a0081e459bb@group-84E49902A81A-LeaderElection54] INFO  server.RaftServerConfigKeys (ConfUtils.java:logGet(43)) - raft.server.log.appender.install.snapshot.enabled = false (custom)
2019-10-09 06:23:17,015 [8e2eea38-291e-46d5-8bf2-5a0081e459bb@group-84E49902A81A-LeaderElection54] INFO  server.RaftServerConfigKeys (ConfUtils.java:logGet(43)) - raft.server.log.appender.snapshot.chunk.size.max = 16MB (=16777216) (default)
2019-10-09 06:23:17,015 [8e2eea38-291e-46d5-8bf2-5a0081e459bb@group-84E49902A81A-LeaderElection54] INFO  server.RaftServerConfigKeys (ConfUtils.java:logGet(43)) - raft.server.log.appender.buffer.byte-limit = 33554432 (custom)
2019-10-09 06:23:17,015 [8e2eea38-291e-46d5-8bf2-5a0081e459bb@group-84E49902A81A-LeaderElection54] INFO  server.RaftServerConfigKeys (ConfUtils.java:logGet(43)) - raft.server.log.appender.buffer.element-limit = 1 (custom)
2019-10-09 06:23:17,015 [8e2eea38-291e-46d5-8bf2-5a0081e459bb@group-84E49902A81A-LeaderElection54] INFO  grpc.GrpcConfigKeys$Server (ConfUtils.java:logGet(43)) - raft.grpc.server.leader.outstanding.appends.max = 128 (default)
2019-10-09 06:23:17,015 [8e2eea38-291e-46d5-8bf2-5a0081e459bb@group-84E49902A81A-LeaderElection54] INFO  server.RaftServerConfigKeys (ConfUtils.java:logGet(43)) - raft.server.rpc.request.timeout = 3000ms (default)
2019-10-09 06:23:17,015 [8e2eea38-291e-46d5-8bf2-5a0081e459bb@group-84E49902A81A-LeaderElection54] INFO  server.RaftServerConfigKeys (ConfUtils.java:logGet(43)) - raft.server.log.appender.install.snapshot.enabled = false (custom)
2019-10-09 06:23:17,016 [8e2eea38-291e-46d5-8bf2-5a0081e459bb@group-84E49902A81A-LeaderElection54] INFO  impl.RoleInfo (RoleInfo.java:updateAndGet(143)) - 8e2eea38-291e-46d5-8bf2-5a0081e459bb: start LeaderState
2019-10-09 06:23:17,016 [8e2eea38-291e-46d5-8bf2-5a0081e459bb@group-84E49902A81A-LeaderElection54] INFO  segmented.SegmentedRaftLogWorker (SegmentedRaftLogWorker.java:startLogSegment(385)) - 8e2eea38-291e-46d5-8bf2-5a0081e459bb@group-84E49902A81A-SegmentedRaftLogWorker: Starting segment from index:0
2019-10-09 06:23:17,017 [8e2eea38-291e-46d5-8bf2-5a0081e459bb@group-84E49902A81A-LeaderElection54] INFO  impl.RaftServerImpl (ServerState.java:setRaftConf(356)) - 8e2eea38-291e-46d5-8bf2-5a0081e459bb@group-84E49902A81A: set configuration 0: [8e2eea38-291e-46d5-8bf2-5a0081e459bb:192.168.164.215:43392, 31a8e2f6-cff5-4c7d-b535-c7a03b3108da:192.168.164.215:42040, 0d8000ce-a3d6-4a1b-8ad9-6ddb0f1332ff:192.168.164.215:41201], old=null at 0
2019-10-09 06:23:17,051 [grpc-default-executor-5] INFO  impl.RaftServerImpl (ServerState.java:setLeader(255)) - 31a8e2f6-cff5-4c7d-b535-c7a03b3108da@group-84E49902A81A: change Leader from null to 8e2eea38-291e-46d5-8bf2-5a0081e459bb at term 1 for appendEntries, leader elected after 5135ms
2019-10-09 06:23:17,052 [31a8e2f6-cff5-4c7d-b535-c7a03b3108da@group-D9B11A54B13F-LeaderElection55] INFO  impl.LeaderElection (LeaderElection.java:askForVotes(178)) - 31a8e2f6-cff5-4c7d-b535-c7a03b3108da@group-D9B11A54B13F-LeaderElection55: begin an election at term 1 for -1: [31a8e2f6-cff5-4c7d-b535-c7a03b3108da:192.168.164.215:42040], old=null
2019-10-09 06:23:17,053 [31a8e2f6-cff5-4c7d-b535-c7a03b3108da@group-D9B11A54B13F-LeaderElection55] INFO  impl.RoleInfo (RoleInfo.java:shutdownLeaderElection(134)) - 31a8e2f6-cff5-4c7d-b535-c7a03b3108da: shutdown LeaderElection
2019-10-09 06:23:17,053 [31a8e2f6-cff5-4c7d-b535-c7a03b3108da@group-D9B11A54B13F-LeaderElection55] INFO  impl.RaftServerImpl (RaftServerImpl.java:setRole(170)) - 31a8e2f6-cff5-4c7d-b535-c7a03b3108da@group-D9B11A54B13F: changes role from CANDIDATE to LEADER at term 1 for changeToLeader
2019-10-09 06:23:17,053 [31a8e2f6-cff5-4c7d-b535-c7a03b3108da@group-D9B11A54B13F-LeaderElection55] INFO  impl.RaftServerImpl (ServerState.java:setLeader(255)) - 31a8e2f6-cff5-4c7d-b535-c7a03b3108da@group-D9B11A54B13F: change Leader from null to 31a8e2f6-cff5-4c7d-b535-c7a03b3108da at term 1 for becomeLeader, leader elected after 5214ms
2019-10-09 06:23:17,058 [grpc-default-executor-6] INFO  impl.RaftServerImpl (ServerState.java:setLeader(255)) - 0d8000ce-a3d6-4a1b-8ad9-6ddb0f1332ff@group-84E49902A81A: change Leader from null to 8e2eea38-291e-46d5-8bf2-5a0081e459bb at term 1 for appendEntries, leader elected after 5141ms
2019-10-09 06:23:17,058 [31a8e2f6-cff5-4c7d-b535-c7a03b3108da@group-D9B11A54B13F-LeaderElection55] INFO  server.RaftServerConfigKeys (ConfUtils.java:logGet(43)) - raft.server.staging.catchup.gap = 1000 (default)
2019-10-09 06:23:17,063 [31a8e2f6-cff5-4c7d-b535-c7a03b3108da@group-D9B11A54B13F-LeaderElection55] INFO  server.RaftServerConfigKeys (ConfUtils.java:logGet(43)) - raft.server.rpc.sleep.time = 25ms (default)
2019-10-09 06:23:17,068 [grpc-default-executor-6] INFO  impl.RaftServerImpl (ServerState.java:setRaftConf(356)) - 31a8e2f6-cff5-4c7d-b535-c7a03b3108da@group-84E49902A81A: set configuration 0: [8e2eea38-291e-46d5-8bf2-5a0081e459bb:192.168.164.215:43392, 31a8e2f6-cff5-4c7d-b535-c7a03b3108da:192.168.164.215:42040, 0d8000ce-a3d6-4a1b-8ad9-6ddb0f1332ff:192.168.164.215:41201], old=null at 0
2019-10-09 06:23:17,067 [8e2eea38-291e-46d5-8bf2-5a0081e459bb@group-84E49902A81A-SegmentedRaftLogWorker] INFO  segmented.SegmentedRaftLogWorker (SegmentedRaftLogWorker.java:execute(574)) - 8e2eea38-291e-46d5-8bf2-5a0081e459bb@group-84E49902A81A-SegmentedRaftLogWorker: created new log segment /workdir/hadoop-ozone/integration-test/target/test-dir/MiniOzoneClusterImpl-8c69ce3e-b1cc-48be-a05c-d4de48fc12a3/datanode-3/data/ratis/7b131b48-3e88-4ae8-9a49-84e49902a81a/current/log_inprogress_0
2019-10-09 06:23:17,068 [grpc-default-executor-6] INFO  segmented.SegmentedRaftLogWorker (SegmentedRaftLogWorker.java:startLogSegment(385)) - 31a8e2f6-cff5-4c7d-b535-c7a03b3108da@group-84E49902A81A-SegmentedRaftLogWorker: Starting segment from index:0
2019-10-09 06:23:17,068 [31a8e2f6-cff5-4c7d-b535-c7a03b3108da@group-D9B11A54B13F-LeaderElection55] INFO  server.RaftServerConfigKeys (ConfUtils.java:logGet(43)) - raft.server.write.element-limit = 4096 (default)
2019-10-09 06:23:17,068 [31a8e2f6-cff5-4c7d-b535-c7a03b3108da@group-D9B11A54B13F-LeaderElection55] INFO  server.RaftServerConfigKeys (ConfUtils.java:logGet(43)) - raft.server.watch.timeout = 10s (default)
2019-10-09 06:23:17,069 [31a8e2f6-cff5-4c7d-b535-c7a03b3108da@group-D9B11A54B13F-LeaderElection55] INFO  server.RaftServerConfigKeys (ConfUtils.java:logGet(43)) - raft.server.watch.timeout.denomination = 1s (default)
2019-10-09 06:23:17,069 [31a8e2f6-cff5-4c7d-b535-c7a03b3108da@group-D9B11A54B13F-LeaderElection55] INFO  server.RaftServerConfigKeys (ConfUtils.java:logGet(43)) - raft.server.watch.element-limit = 65536 (default)
2019-10-09 06:23:17,069 [grpc-default-executor-6] INFO  impl.RaftServerImpl (ServerState.java:setRaftConf(356)) - 0d8000ce-a3d6-4a1b-8ad9-6ddb0f1332ff@group-84E49902A81A: set configuration 0: [8e2eea38-291e-46d5-8bf2-5a0081e459bb:192.168.164.215:43392, 31a8e2f6-cff5-4c7d-b535-c7a03b3108da:192.168.164.215:42040, 0d8000ce-a3d6-4a1b-8ad9-6ddb0f1332ff:192.168.164.215:41201], old=null at 0
2019-10-09 06:23:17,069 [grpc-default-executor-6] INFO  segmented.SegmentedRaftLogWorker (SegmentedRaftLogWorker.java:startLogSegment(385)) - 0d8000ce-a3d6-4a1b-8ad9-6ddb0f1332ff@group-84E49902A81A-SegmentedRaftLogWorker: Starting segment from index:0
2019-10-09 06:23:17,071 [31a8e2f6-cff5-4c7d-b535-c7a03b3108da@group-D9B11A54B13F-LeaderElection55] INFO  impl.RoleInfo (RoleInfo.java:updateAndGet(143)) - 31a8e2f6-cff5-4c7d-b535-c7a03b3108da: start LeaderState
2019-10-09 06:23:17,071 [31a8e2f6-cff5-4c7d-b535-c7a03b3108da@group-D9B11A54B13F-LeaderElection55] INFO  segmented.SegmentedRaftLogWorker (SegmentedRaftLogWorker.java:startLogSegment(385)) - 31a8e2f6-cff5-4c7d-b535-c7a03b3108da@group-D9B11A54B13F-SegmentedRaftLogWorker: Starting segment from index:0
2019-10-09 06:23:17,071 [31a8e2f6-cff5-4c7d-b535-c7a03b3108da@group-D9B11A54B13F-LeaderElection55] INFO  impl.RaftServerImpl (ServerState.java:setRaftConf(356)) - 31a8e2f6-cff5-4c7d-b535-c7a03b3108da@group-D9B11A54B13F: set configuration 0: [31a8e2f6-cff5-4c7d-b535-c7a03b3108da:192.168.164.215:42040], old=null at 0
2019-10-09 06:23:17,125 [31a8e2f6-cff5-4c7d-b535-c7a03b3108da@group-84E49902A81A-SegmentedRaftLogWorker] INFO  segmented.SegmentedRaftLogWorker (SegmentedRaftLogWorker.java:execute(574)) - 31a8e2f6-cff5-4c7d-b535-c7a03b3108da@group-84E49902A81A-SegmentedRaftLogWorker: created new log segment /workdir/hadoop-ozone/integration-test/target/test-dir/MiniOzoneClusterImpl-8c69ce3e-b1cc-48be-a05c-d4de48fc12a3/datanode-6/data/ratis/7b131b48-3e88-4ae8-9a49-84e49902a81a/current/log_inprogress_0
2019-10-09 06:23:17,125 [31a8e2f6-cff5-4c7d-b535-c7a03b3108da@group-D9B11A54B13F-SegmentedRaftLogWorker] INFO  segmented.SegmentedRaftLogWorker (SegmentedRaftLogWorker.java:execute(574)) - 31a8e2f6-cff5-4c7d-b535-c7a03b3108da@group-D9B11A54B13F-SegmentedRaftLogWorker: created new log segment /workdir/hadoop-ozone/integration-test/target/test-dir/MiniOzoneClusterImpl-8c69ce3e-b1cc-48be-a05c-d4de48fc12a3/datanode-6/data/ratis/599fc7b3-7cd6-4138-9983-d9b11a54b13f/current/log_inprogress_0
2019-10-09 06:23:17,125 [0d8000ce-a3d6-4a1b-8ad9-6ddb0f1332ff@group-84E49902A81A-SegmentedRaftLogWorker] INFO  segmented.SegmentedRaftLogWorker (SegmentedRaftLogWorker.java:execute(574)) - 0d8000ce-a3d6-4a1b-8ad9-6ddb0f1332ff@group-84E49902A81A-SegmentedRaftLogWorker: created new log segment /workdir/hadoop-ozone/integration-test/target/test-dir/MiniOzoneClusterImpl-8c69ce3e-b1cc-48be-a05c-d4de48fc12a3/datanode-4/data/ratis/7b131b48-3e88-4ae8-9a49-84e49902a81a/current/log_inprogress_0
2019-10-09 06:23:17,288 [Datanode State Machine Thread - 0] INFO  statemachine.DatanodeStateMachine (DatanodeStateMachine.java:lambda$startDaemon$0(350)) - Ozone container server started.
2019-10-09 06:23:17,620 [grpc-default-executor-0] WARN  server.GrpcLogAppender (LogUtils.java:warn(134)) - ed6f6a70-b6f8-4961-980c-85ada14e1a17@group-8111FD1E9AB5->6856b686-1c7c-4dc9-8a2c-12464df5d3b9-AppendLogResponseHandler: Failed appendEntries: org.apache.ratis.thirdparty.io.grpc.StatusRuntimeException: UNAVAILABLE: io exception
2019-10-09 06:23:17,620 [grpc-default-executor-4] WARN  server.GrpcLogAppender (LogUtils.java:warn(134)) - ed6f6a70-b6f8-4961-980c-85ada14e1a17@group-8111FD1E9AB5->4328684e-b37e-4e01-8f53-68accb045f0f-AppendLogResponseHandler: Failed appendEntries: org.apache.ratis.thirdparty.io.grpc.StatusRuntimeException: UNAVAILABLE: io exception
2019-10-09 06:23:17,620 [grpc-default-executor-0] INFO  impl.FollowerInfo (FollowerInfo.java:lambda$new$0(51)) - ed6f6a70-b6f8-4961-980c-85ada14e1a17@group-8111FD1E9AB5->6856b686-1c7c-4dc9-8a2c-12464df5d3b9: nextIndex: updateUnconditionally 0 -> 0
2019-10-09 06:23:17,620 [grpc-default-executor-4] INFO  impl.FollowerInfo (FollowerInfo.java:lambda$new$0(51)) - ed6f6a70-b6f8-4961-980c-85ada14e1a17@group-8111FD1E9AB5->4328684e-b37e-4e01-8f53-68accb045f0f: nextIndex: updateUnconditionally 0 -> 0
2019-10-09 06:23:17,682 [Thread-2407] INFO  client.GrpcClientProtocolService (GrpcClientProtocolService.java:lambda$processClientRequest$0(278)) - Failed RaftClientRequest:client-73D7DD0DDDF0->ed6f6a70-b6f8-4961-980c-85ada14e1a17@group-8111FD1E9AB5, cid=68, seq=0, Watch-MAJORITY_COMMITTED(46), Message:<EMPTY>, reply=RaftClientReply:client-73D7DD0DDDF0->ed6f6a70-b6f8-4961-980c-85ada14e1a17@group-8111FD1E9AB5, cid=68, FAILED org.apache.ratis.protocol.NotReplicatedException: Request with call Id 68 and log index 46 is not yet replicated to MAJORITY_COMMITTED, logIndex=46, commits[ed6f6a70-b6f8-4961-980c-85ada14e1a17:c2, 6856b686-1c7c-4dc9-8a2c-12464df5d3b9:c2, 4328684e-b37e-4e01-8f53-68accb045f0f:c2]
2019-10-09 06:23:20,122 [grpc-default-executor-0] WARN  server.GrpcLogAppender (LogUtils.java:warn(134)) - ed6f6a70-b6f8-4961-980c-85ada14e1a17@group-8111FD1E9AB5->6856b686-1c7c-4dc9-8a2c-12464df5d3b9-AppendLogResponseHandler: Failed appendEntries: org.apache.ratis.thirdparty.io.grpc.StatusRuntimeException: UNAVAILABLE: io exception
2019-10-09 06:23:20,122 [grpc-default-executor-4] WARN  server.GrpcLogAppender (LogUtils.java:warn(134)) - ed6f6a70-b6f8-4961-980c-85ada14e1a17@group-8111FD1E9AB5->4328684e-b37e-4e01-8f53-68accb045f0f-AppendLogResponseHandler: Failed appendEntries: org.apache.ratis.thirdparty.io.grpc.StatusRuntimeException: UNAVAILABLE: io exception
2019-10-09 06:23:20,127 [grpc-default-executor-4] INFO  impl.FollowerInfo (FollowerInfo.java:lambda$new$0(51)) - ed6f6a70-b6f8-4961-980c-85ada14e1a17@group-8111FD1E9AB5->4328684e-b37e-4e01-8f53-68accb045f0f: nextIndex: updateUnconditionally 0 -> 0
2019-10-09 06:23:20,127 [grpc-default-executor-0] INFO  impl.FollowerInfo (FollowerInfo.java:lambda$new$0(51)) - ed6f6a70-b6f8-4961-980c-85ada14e1a17@group-8111FD1E9AB5->6856b686-1c7c-4dc9-8a2c-12464df5d3b9: nextIndex: updateUnconditionally 0 -> 0
2019-10-09 06:23:22,281 [main] INFO  ozoneimpl.OzoneContainer (OzoneContainer.java:stop(227)) - Attempting to stop container services.
2019-10-09 06:23:22,281 [main] INFO  impl.RaftServerProxy (RaftServerProxy.java:lambda$close$4(314)) - e283cf37-ec36-45f7-8c35-0275e987ea96: close
2019-10-09 06:23:22,282 [main] INFO  impl.RaftServerImpl (RaftServerImpl.java:lambda$shutdown$3(247)) - e283cf37-ec36-45f7-8c35-0275e987ea96@group-1B2AF970D2B0: shutdown
2019-10-09 06:23:22,282 [ForkJoinPool.commonPool-worker-0] INFO  impl.RaftServerImpl (RaftServerImpl.java:lambda$shutdown$3(247)) - e283cf37-ec36-45f7-8c35-0275e987ea96@group-CC1025C9555D: shutdown
2019-10-09 06:23:22,282 [main] INFO  util.JmxRegister (JmxRegister.java:unregister(73)) - Successfully un-registered JMX Bean with object name Ratis:service=RaftServer,group=group-1B2AF970D2B0,id=e283cf37-ec36-45f7-8c35-0275e987ea96
2019-10-09 06:23:22,282 [ForkJoinPool.commonPool-worker-0] INFO  util.JmxRegister (JmxRegister.java:unregister(73)) - Successfully un-registered JMX Bean with object name Ratis:service=RaftServer,group=group-CC1025C9555D,id=e283cf37-ec36-45f7-8c35-0275e987ea96
2019-10-09 06:23:22,283 [main] INFO  impl.RoleInfo (RoleInfo.java:shutdownLeaderState(104)) - e283cf37-ec36-45f7-8c35-0275e987ea96: shutdown LeaderState
2019-10-09 06:23:22,283 [ForkJoinPool.commonPool-worker-0] INFO  impl.RoleInfo (RoleInfo.java:shutdownFollowerState(121)) - e283cf37-ec36-45f7-8c35-0275e987ea96: shutdown FollowerState
2019-10-09 06:23:22,283 [main] INFO  impl.PendingRequests (PendingRequests.java:sendNotLeaderResponses(202)) - e283cf37-ec36-45f7-8c35-0275e987ea96@group-1B2AF970D2B0-PendingRequests: sendNotLeaderResponses
2019-10-09 06:23:22,283 [Thread-2357] INFO  impl.FollowerState (FollowerState.java:run(117)) - e283cf37-ec36-45f7-8c35-0275e987ea96@group-CC1025C9555D-FollowerState was interrupted: java.lang.InterruptedException: sleep interrupted
2019-10-09 06:23:22,283 [ForkJoinPool.commonPool-worker-0] INFO  impl.StateMachineUpdater (StateMachineUpdater.java:stopAndJoin(136)) - e283cf37-ec36-45f7-8c35-0275e987ea96@group-CC1025C9555D-StateMachineUpdater: set stopIndex = 2
2019-10-09 06:23:22,289 [main] INFO  impl.StateMachineUpdater (StateMachineUpdater.java:stopAndJoin(136)) - e283cf37-ec36-45f7-8c35-0275e987ea96@group-1B2AF970D2B0-StateMachineUpdater: set stopIndex = 0
2019-10-09 06:23:22,284 [e283cf37-ec36-45f7-8c35-0275e987ea96@group-CC1025C9555D-StateMachineUpdater] INFO  ratis.ContainerStateMachine (ContainerStateMachine.java:takeSnapshot(294)) - group-CC1025C9555D: Taking a snapshot at:(t:1, i:1) file /workdir/hadoop-ozone/integration-test/target/test-dir/MiniOzoneClusterImpl-8c69ce3e-b1cc-48be-a05c-d4de48fc12a3/datanode-2/data/ratis/2969b3b7-e7e9-4264-acee-cc1025c9555d/sm/snapshot.1_1
2019-10-09 06:23:22,290 [main] INFO  impl.RaftServerImpl (ServerState.java:close(387)) - e283cf37-ec36-45f7-8c35-0275e987ea96@group-1B2AF970D2B0: closes. applyIndex: 0
2019-10-09 06:23:22,290 [e283cf37-ec36-45f7-8c35-0275e987ea96@group-1B2AF970D2B0-SegmentedRaftLogWorker] INFO  segmented.SegmentedRaftLogWorker (SegmentedRaftLogWorker.java:run(316)) - e283cf37-ec36-45f7-8c35-0275e987ea96@group-1B2AF970D2B0-SegmentedRaftLogWorker was interrupted, exiting. There are 0 tasks remaining in the queue.
2019-10-09 06:23:22,295 [main] INFO  segmented.SegmentedRaftLogWorker (SegmentedRaftLogWorker.java:close(224)) - e283cf37-ec36-45f7-8c35-0275e987ea96@group-1B2AF970D2B0-SegmentedRaftLogWorker close()
2019-10-09 06:23:22,305 [e283cf37-ec36-45f7-8c35-0275e987ea96@group-CC1025C9555D-StateMachineUpdater] INFO  ratis.ContainerStateMachine (ContainerStateMachine.java:takeSnapshot(305)) - group-CC1025C9555D: Finished taking a snapshot at:(t:1, i:1) file:/workdir/hadoop-ozone/integration-test/target/test-dir/MiniOzoneClusterImpl-8c69ce3e-b1cc-48be-a05c-d4de48fc12a3/datanode-2/data/ratis/2969b3b7-e7e9-4264-acee-cc1025c9555d/sm/snapshot.1_1 time:21
2019-10-09 06:23:22,305 [e283cf37-ec36-45f7-8c35-0275e987ea96@group-CC1025C9555D-StateMachineUpdater] INFO  impl.StateMachineUpdater (StateMachineUpdater.java:takeSnapshot(269)) - e283cf37-ec36-45f7-8c35-0275e987ea96@group-CC1025C9555D-StateMachineUpdater: Took a snapshot at index 1
2019-10-09 06:23:22,305 [e283cf37-ec36-45f7-8c35-0275e987ea96@group-CC1025C9555D-StateMachineUpdater] INFO  impl.StateMachineUpdater (StateMachineUpdater.java:lambda$new$0(84)) - e283cf37-ec36-45f7-8c35-0275e987ea96@group-CC1025C9555D-StateMachineUpdater: snapshotIndex: updateIncreasingly -1 -> 1
2019-10-09 06:23:22,306 [e283cf37-ec36-45f7-8c35-0275e987ea96@group-CC1025C9555D-StateMachineUpdater] INFO  ratis.ContainerStateMachine (ContainerStateMachine.java:takeSnapshot(294)) - group-CC1025C9555D: Taking a snapshot at:(t:1, i:1) file /workdir/hadoop-ozone/integration-test/target/test-dir/MiniOzoneClusterImpl-8c69ce3e-b1cc-48be-a05c-d4de48fc12a3/datanode-2/data/ratis/2969b3b7-e7e9-4264-acee-cc1025c9555d/sm/snapshot.1_1
2019-10-09 06:23:22,317 [e283cf37-ec36-45f7-8c35-0275e987ea96@group-CC1025C9555D-StateMachineUpdater] INFO  ratis.ContainerStateMachine (ContainerStateMachine.java:takeSnapshot(305)) - group-CC1025C9555D: Finished taking a snapshot at:(t:1, i:1) file:/workdir/hadoop-ozone/integration-test/target/test-dir/MiniOzoneClusterImpl-8c69ce3e-b1cc-48be-a05c-d4de48fc12a3/datanode-2/data/ratis/2969b3b7-e7e9-4264-acee-cc1025c9555d/sm/snapshot.1_1 time:12
2019-10-09 06:23:22,318 [e283cf37-ec36-45f7-8c35-0275e987ea96@group-CC1025C9555D-StateMachineUpdater] INFO  impl.StateMachineUpdater (StateMachineUpdater.java:takeSnapshot(269)) - e283cf37-ec36-45f7-8c35-0275e987ea96@group-CC1025C9555D-StateMachineUpdater: Took a snapshot at index 1
2019-10-09 06:23:22,318 [e283cf37-ec36-45f7-8c35-0275e987ea96@group-CC1025C9555D-StateMachineUpdater] INFO  impl.StateMachineUpdater (StateMachineUpdater.java:lambda$new$0(84)) - e283cf37-ec36-45f7-8c35-0275e987ea96@group-CC1025C9555D-StateMachineUpdater: snapshotIndex: updateIncreasingly 1 -> 1
2019-10-09 06:23:22,318 [ForkJoinPool.commonPool-worker-0] INFO  impl.RaftServerImpl (ServerState.java:close(387)) - e283cf37-ec36-45f7-8c35-0275e987ea96@group-CC1025C9555D: closes. applyIndex: 2
2019-10-09 06:23:22,318 [e283cf37-ec36-45f7-8c35-0275e987ea96@group-CC1025C9555D-SegmentedRaftLogWorker] INFO  segmented.SegmentedRaftLogWorker (SegmentedRaftLogWorker.java:run(316)) - e283cf37-ec36-45f7-8c35-0275e987ea96@group-CC1025C9555D-SegmentedRaftLogWorker was interrupted, exiting. There are 0 tasks remaining in the queue.
2019-10-09 06:23:22,322 [ForkJoinPool.commonPool-worker-0] INFO  segmented.SegmentedRaftLogWorker (SegmentedRaftLogWorker.java:close(224)) - e283cf37-ec36-45f7-8c35-0275e987ea96@group-CC1025C9555D-SegmentedRaftLogWorker close()
2019-10-09 06:23:22,330 [main] INFO  server.GrpcService (GrpcService.java:closeImpl(164)) - e283cf37-ec36-45f7-8c35-0275e987ea96: shutdown server with port 44715 now
2019-10-09 06:23:22,332 [grpc-default-executor-4] WARN  server.GrpcServerProtocolService (LogUtils.java:warn(134)) - e283cf37-ec36-45f7-8c35-0275e987ea96: installSnapshot onError, lastRequest: 973792f1-12ee-47e0-9473-a8308b74e3f4->e283cf37-ec36-45f7-8c35-0275e987ea96#5-t1, previous=(t:1, i:2), leaderCommit=2, initializing? false, entries: <empty>: org.apache.ratis.thirdparty.io.grpc.StatusRuntimeException: CANCELLED: cancelled before receiving half close
2019-10-09 06:23:22,332 [grpc-default-executor-2] WARN  server.GrpcLogAppender (LogUtils.java:warn(134)) - 973792f1-12ee-47e0-9473-a8308b74e3f4@group-CC1025C9555D->e283cf37-ec36-45f7-8c35-0275e987ea96-AppendLogResponseHandler: Failed appendEntries: org.apache.ratis.thirdparty.io.grpc.StatusRuntimeException: CANCELLED: HTTP/2 error code: CANCEL
Received Rst Stream
2019-10-09 06:23:22,332 [main] INFO  server.GrpcService (GrpcService.java:closeImpl(172)) - e283cf37-ec36-45f7-8c35-0275e987ea96: shutdown server with port 44715 successfully
2019-10-09 06:23:22,332 [grpc-default-executor-2] INFO  impl.FollowerInfo (FollowerInfo.java:lambda$new$0(51)) - 973792f1-12ee-47e0-9473-a8308b74e3f4@group-CC1025C9555D->e283cf37-ec36-45f7-8c35-0275e987ea96: nextIndex: updateUnconditionally 3 -> 2
2019-10-09 06:23:22,337 [refreshUsed-/workdir/hadoop-ozone/integration-test/target/test-dir/MiniOzoneClusterImpl-8c69ce3e-b1cc-48be-a05c-d4de48fc12a3/datanode-2/data/containers] WARN  fs.CachingGetSpaceUsed (CachingGetSpaceUsed.java:run(183)) - Thread Interrupted waiting to refresh disk information: sleep interrupted
2019-10-09 06:23:22,351 [main] INFO  utils.BackgroundService (BackgroundService.java:shutdown(151)) - Shutting down service BlockDeletingService
2019-10-09 06:23:22,362 [main] INFO  statemachine.DatanodeStateMachine (DatanodeStateMachine.java:stopDaemon(395)) - Ozone container server stopped.
2019-10-09 06:23:22,363 [main] INFO  handler.ContextHandler (ContextHandler.java:doStop(910)) - Stopped o.e.j.w.WebAppContext@30abf79c{/,null,UNAVAILABLE}{/hddsDatanode}
2019-10-09 06:23:22,364 [main] INFO  server.AbstractConnector (AbstractConnector.java:doStop(318)) - Stopped ServerConnector@49a38b1{HTTP/1.1,[http/1.1]}{0.0.0.0:0}
2019-10-09 06:23:22,364 [main] INFO  handler.ContextHandler (ContextHandler.java:doStop(910)) - Stopped o.e.j.s.ServletContextHandler@37606fee{/static,jar:file:/home/user/.m2/repository/org/apache/hadoop/hadoop-hdds-container-service/0.5.0-SNAPSHOT/hadoop-hdds-container-service-0.5.0-SNAPSHOT.jar!/webapps/static,UNAVAILABLE}
2019-10-09 06:23:22,365 [main] INFO  handler.ContextHandler (ContextHandler.java:doStop(910)) - Stopped o.e.j.s.ServletContextHandler@6cbb7a7d{/logs,file:///workdir/hadoop-ozone/integration-test/target/log,UNAVAILABLE}
2019-10-09 06:23:22,380 [grpc-default-executor-4] WARN  server.GrpcLogAppender (LogUtils.java:warn(134)) - 973792f1-12ee-47e0-9473-a8308b74e3f4@group-CC1025C9555D->e283cf37-ec36-45f7-8c35-0275e987ea96-AppendLogResponseHandler: Failed appendEntries: org.apache.ratis.thirdparty.io.grpc.StatusRuntimeException: UNAVAILABLE: io exception
2019-10-09 06:23:22,381 [grpc-default-executor-4] INFO  impl.FollowerInfo (FollowerInfo.java:lambda$new$0(51)) - 973792f1-12ee-47e0-9473-a8308b74e3f4@group-CC1025C9555D->e283cf37-ec36-45f7-8c35-0275e987ea96: nextIndex: updateUnconditionally 3 -> 2
2019-10-09 06:23:22,393 [grpc-default-executor-2] WARN  server.GrpcLogAppender (LogUtils.java:warn(134)) - 973792f1-12ee-47e0-9473-a8308b74e3f4@group-CC1025C9555D->e283cf37-ec36-45f7-8c35-0275e987ea96-AppendLogResponseHandler: Failed appendEntries: org.apache.ratis.thirdparty.io.grpc.StatusRuntimeException: UNAVAILABLE: io exception
2019-10-09 06:23:22,393 [grpc-default-executor-2] INFO  impl.FollowerInfo (FollowerInfo.java:lambda$new$0(51)) - 973792f1-12ee-47e0-9473-a8308b74e3f4@group-CC1025C9555D->e283cf37-ec36-45f7-8c35-0275e987ea96: nextIndex: updateUnconditionally 3 -> 2
2019-10-09 06:23:22,405 [grpc-default-executor-4] WARN  server.GrpcLogAppender (LogUtils.java:warn(134)) - 973792f1-12ee-47e0-9473-a8308b74e3f4@group-CC1025C9555D->e283cf37-ec36-45f7-8c35-0275e987ea96-AppendLogResponseHandler: Failed appendEntries: org.apache.ratis.thirdparty.io.grpc.StatusRuntimeException: UNAVAILABLE: io exception
2019-10-09 06:23:22,405 [grpc-default-executor-4] INFO  impl.FollowerInfo (FollowerInfo.java:lambda$new$0(51)) - 973792f1-12ee-47e0-9473-a8308b74e3f4@group-CC1025C9555D->e283cf37-ec36-45f7-8c35-0275e987ea96: nextIndex: updateUnconditionally 3 -> 2
2019-10-09 06:23:22,407 [EventQueue-IncrementalContainerReportForIncrementalContainerReportHandler] WARN  container.IncrementalContainerReportHandler (AbstractContainerReportHandler.java:updateContainerState(145)) - Container #1 is in OPEN state, but the datanode 973792f1-12ee-47e0-9473-a8308b74e3f4{ip: 192.168.164.215, host: pr-hdds-2269-kpn6k-1406547098, networkLocation: /default-rack, certSerialId: null} reports an CLOSING replica.
2019-10-09 06:23:22,408 [EventQueue-IncrementalContainerReportForIncrementalContainerReportHandler] WARN  container.IncrementalContainerReportHandler (AbstractContainerReportHandler.java:updateContainerState(145)) - Container #1 is in OPEN state, but the datanode dd432914-2a38-441d-a246-854f4e4ff8bf{ip: 192.168.164.215, host: pr-hdds-2269-kpn6k-1406547098, networkLocation: /default-rack, certSerialId: null} reports an CLOSING replica.
2019-10-09 06:23:22,453 [RatisApplyTransactionExecutor 1] INFO  interfaces.Container (KeyValueContainer.java:flushAndSyncDB(386)) - Container 1 is synced with bcsId 0.
2019-10-09 06:23:22,477 [RatisApplyTransactionExecutor 1] INFO  interfaces.Container (KeyValueContainer.java:flushAndSyncDB(386)) - Container 1 is synced with bcsId 0.
2019-10-09 06:23:22,479 [RatisApplyTransactionExecutor 1] INFO  interfaces.Container (KeyValueContainer.java:flushAndSyncDB(386)) - Container 1 is synced with bcsId 0.
2019-10-09 06:23:22,479 [RatisApplyTransactionExecutor 1] INFO  interfaces.Container (KeyValueContainer.java:flushAndSyncDB(386)) - Container 1 is synced with bcsId 0.
2019-10-09 06:23:22,486 [RatisApplyTransactionExecutor 1] INFO  interfaces.Container (KeyValueContainer.java:close(335)) - Container 1 is closed with bcsId 0.
2019-10-09 06:23:22,486 [RatisApplyTransactionExecutor 1] INFO  interfaces.Container (KeyValueContainer.java:close(335)) - Container 1 is closed with bcsId 0.
2019-10-09 06:23:22,495 [EventQueue-IncrementalContainerReportForIncrementalContainerReportHandler] WARN  container.IncrementalContainerReportHandler (AbstractContainerReportHandler.java:updateContainerState(145)) - Container #1 is in OPEN state, but the datanode 973792f1-12ee-47e0-9473-a8308b74e3f4{ip: 192.168.164.215, host: pr-hdds-2269-kpn6k-1406547098, networkLocation: /default-rack, certSerialId: null} reports an CLOSED replica.
2019-10-09 06:23:22,495 [EventQueue-IncrementalContainerReportForIncrementalContainerReportHandler] WARN  container.IncrementalContainerReportHandler (AbstractContainerReportHandler.java:updateContainerState(145)) - Container #1 is in OPEN state, but the datanode dd432914-2a38-441d-a246-854f4e4ff8bf{ip: 192.168.164.215, host: pr-hdds-2269-kpn6k-1406547098, networkLocation: /default-rack, certSerialId: null} reports an CLOSED replica.
2019-10-09 06:23:22,622 [grpc-default-executor-1] WARN  server.GrpcLogAppender (LogUtils.java:warn(134)) - ed6f6a70-b6f8-4961-980c-85ada14e1a17@group-8111FD1E9AB5->6856b686-1c7c-4dc9-8a2c-12464df5d3b9-AppendLogResponseHandler: Failed appendEntries: org.apache.ratis.thirdparty.io.grpc.StatusRuntimeException: UNAVAILABLE: io exception
2019-10-09 06:23:22,622 [grpc-default-executor-5] WARN  server.GrpcLogAppender (LogUtils.java:warn(134)) - ed6f6a70-b6f8-4961-980c-85ada14e1a17@group-8111FD1E9AB5->4328684e-b37e-4e01-8f53-68accb045f0f-AppendLogResponseHandler: Failed appendEntries: org.apache.ratis.thirdparty.io.grpc.StatusRuntimeException: UNAVAILABLE: io exception
2019-10-09 06:23:22,622 [grpc-default-executor-1] INFO  impl.FollowerInfo (FollowerInfo.java:lambda$new$0(51)) - ed6f6a70-b6f8-4961-980c-85ada14e1a17@group-8111FD1E9AB5->6856b686-1c7c-4dc9-8a2c-12464df5d3b9: nextIndex: updateUnconditionally 0 -> 0
2019-10-09 06:23:22,622 [grpc-default-executor-5] INFO  impl.FollowerInfo (FollowerInfo.java:lambda$new$0(51)) - ed6f6a70-b6f8-4961-980c-85ada14e1a17@group-8111FD1E9AB5->4328684e-b37e-4e01-8f53-68accb045f0f: nextIndex: updateUnconditionally 0 -> 0
2019-10-09 06:23:22,729 [EventQueue-StaleNodeForStaleNodeHandler] INFO  node.StaleNodeHandler (StaleNodeHandler.java:onMessage(58)) - Datanode 6856b686-1c7c-4dc9-8a2c-12464df5d3b9{ip: 192.168.164.215, host: pr-hdds-2269-kpn6k-1406547098, networkLocation: /default-rack, certSerialId: null} moved to stale state. Finalizing its pipelines [PipelineID=256c3b59-8864-40b7-8cea-8111fd1e9ab5, PipelineID=20b2099d-55bb-4af6-934c-b4bea818e96f]
2019-10-09 06:23:22,729 [EventQueue-StaleNodeForStaleNodeHandler] INFO  pipeline.SCMPipelineManager (SCMPipelineManager.java:finalizeAndDestroyPipeline(315)) - destroying pipeline:Pipeline[ Id: 256c3b59-8864-40b7-8cea-8111fd1e9ab5, Nodes: 6856b686-1c7c-4dc9-8a2c-12464df5d3b9{ip: 192.168.164.215, host: pr-hdds-2269-kpn6k-1406547098, networkLocation: /default-rack, certSerialId: null}4328684e-b37e-4e01-8f53-68accb045f0f{ip: 192.168.164.215, host: pr-hdds-2269-kpn6k-1406547098, networkLocation: /default-rack, certSerialId: null}ed6f6a70-b6f8-4961-980c-85ada14e1a17{ip: 192.168.164.215, host: pr-hdds-2269-kpn6k-1406547098, networkLocation: /default-rack, certSerialId: null}, Type:RATIS, Factor:THREE, State:OPEN]
2019-10-09 06:23:22,729 [EventQueue-StaleNodeForStaleNodeHandler] INFO  pipeline.PipelineStateManager (PipelineStateManager.java:finalizePipeline(123)) - Pipeline Pipeline[ Id: 256c3b59-8864-40b7-8cea-8111fd1e9ab5, Nodes: 6856b686-1c7c-4dc9-8a2c-12464df5d3b9{ip: 192.168.164.215, host: pr-hdds-2269-kpn6k-1406547098, networkLocation: /default-rack, certSerialId: null}4328684e-b37e-4e01-8f53-68accb045f0f{ip: 192.168.164.215, host: pr-hdds-2269-kpn6k-1406547098, networkLocation: /default-rack, certSerialId: null}ed6f6a70-b6f8-4961-980c-85ada14e1a17{ip: 192.168.164.215, host: pr-hdds-2269-kpn6k-1406547098, networkLocation: /default-rack, certSerialId: null}, Type:RATIS, Factor:THREE, State:CLOSED] moved to CLOSED state
2019-10-09 06:23:22,730 [EventQueue-CloseContainerForCloseContainerEventHandler] INFO  container.CloseContainerEventHandler (CloseContainerEventHandler.java:onMessage(61)) - Close container Event triggered for container : #1
2019-10-09 06:23:22,730 [EventQueue-StaleNodeForStaleNodeHandler] INFO  pipeline.SCMPipelineManager (SCMPipelineManager.java:finalizeAndDestroyPipeline(315)) - destroying pipeline:Pipeline[ Id: 20b2099d-55bb-4af6-934c-b4bea818e96f, Nodes: 6856b686-1c7c-4dc9-8a2c-12464df5d3b9{ip: 192.168.164.215, host: pr-hdds-2269-kpn6k-1406547098, networkLocation: /default-rack, certSerialId: null}, Type:RATIS, Factor:ONE, State:OPEN]
2019-10-09 06:23:22,740 [EventQueue-StaleNodeForStaleNodeHandler] INFO  pipeline.PipelineStateManager (PipelineStateManager.java:finalizePipeline(123)) - Pipeline Pipeline[ Id: 20b2099d-55bb-4af6-934c-b4bea818e96f, Nodes: 6856b686-1c7c-4dc9-8a2c-12464df5d3b9{ip: 192.168.164.215, host: pr-hdds-2269-kpn6k-1406547098, networkLocation: /default-rack, certSerialId: null}, Type:RATIS, Factor:ONE, State:CLOSED] moved to CLOSED state
2019-10-09 06:23:24,741 [grpc-default-executor-4] WARN  server.GrpcLogAppender (LogUtils.java:warn(134)) - ed6f6a70-b6f8-4961-980c-85ada14e1a17@group-8111FD1E9AB5->6856b686-1c7c-4dc9-8a2c-12464df5d3b9-AppendLogResponseHandler: Failed appendEntries: org.apache.ratis.thirdparty.io.grpc.StatusRuntimeException: UNAVAILABLE: io exception
2019-10-09 06:23:24,741 [grpc-default-executor-5] WARN  server.GrpcLogAppender (LogUtils.java:warn(134)) - ed6f6a70-b6f8-4961-980c-85ada14e1a17@group-8111FD1E9AB5->4328684e-b37e-4e01-8f53-68accb045f0f-AppendLogResponseHandler: Failed appendEntries: org.apache.ratis.thirdparty.io.grpc.StatusRuntimeException: UNAVAILABLE: io exception
2019-10-09 06:23:24,741 [grpc-default-executor-4] INFO  impl.FollowerInfo (FollowerInfo.java:lambda$new$0(51)) - ed6f6a70-b6f8-4961-980c-85ada14e1a17@group-8111FD1E9AB5->6856b686-1c7c-4dc9-8a2c-12464df5d3b9: nextIndex: updateUnconditionally 1 -> 0
2019-10-09 06:23:24,742 [grpc-default-executor-5] INFO  impl.FollowerInfo (FollowerInfo.java:lambda$new$0(51)) - ed6f6a70-b6f8-4961-980c-85ada14e1a17@group-8111FD1E9AB5->4328684e-b37e-4e01-8f53-68accb045f0f: nextIndex: updateUnconditionally 1 -> 0
2019-10-09 06:23:24,910 [grpc-default-executor-5] WARN  server.GrpcLogAppender (LogUtils.java:warn(134)) - 973792f1-12ee-47e0-9473-a8308b74e3f4@group-CC1025C9555D->e283cf37-ec36-45f7-8c35-0275e987ea96-AppendLogResponseHandler: Failed appendEntries: org.apache.ratis.thirdparty.io.grpc.StatusRuntimeException: UNAVAILABLE: io exception
2019-10-09 06:23:24,910 [grpc-default-executor-5] INFO  impl.FollowerInfo (FollowerInfo.java:lambda$new$0(51)) - 973792f1-12ee-47e0-9473-a8308b74e3f4@group-CC1025C9555D->e283cf37-ec36-45f7-8c35-0275e987ea96: nextIndex: updateUnconditionally 2 -> 1
2019-10-09 06:23:25,530 [main] WARN  scm.XceiverClientRatis (XceiverClientRatis.java:watchForCommit(277)) - 3 way commit failed on pipeline Pipeline[ Id: 2969b3b7-e7e9-4264-acee-cc1025c9555d, Nodes: e283cf37-ec36-45f7-8c35-0275e987ea96{ip: 192.168.164.215, host: pr-hdds-2269-kpn6k-1406547098, networkLocation: /default-rack, certSerialId: null}dd432914-2a38-441d-a246-854f4e4ff8bf{ip: 192.168.164.215, host: pr-hdds-2269-kpn6k-1406547098, networkLocation: /default-rack, certSerialId: null}973792f1-12ee-47e0-9473-a8308b74e3f4{ip: 192.168.164.215, host: pr-hdds-2269-kpn6k-1406547098, networkLocation: /default-rack, certSerialId: null}, Type:RATIS, Factor:THREE, State:OPEN]
java.util.concurrent.TimeoutException
	at java.util.concurrent.CompletableFuture.timedGet(CompletableFuture.java:1771)
	at java.util.concurrent.CompletableFuture.get(CompletableFuture.java:1915)
	at org.apache.hadoop.hdds.scm.XceiverClientRatis.watchForCommit(XceiverClientRatis.java:274)
	at org.apache.hadoop.ozone.client.rpc.TestWatchForCommit.test2WayCommitForTimeoutException(TestWatchForCommit.java:391)
	at sun.reflect.NativeMethodAccessorImpl.invoke0(Native Method)
	at sun.reflect.NativeMethodAccessorImpl.invoke(NativeMethodAccessorImpl.java:62)
	at sun.reflect.DelegatingMethodAccessorImpl.invoke(DelegatingMethodAccessorImpl.java:43)
	at java.lang.reflect.Method.invoke(Method.java:498)
	at org.junit.runners.model.FrameworkMethod$1.runReflectiveCall(FrameworkMethod.java:47)
	at org.junit.internal.runners.model.ReflectiveCallable.run(ReflectiveCallable.java:12)
	at org.junit.runners.model.FrameworkMethod.invokeExplosively(FrameworkMethod.java:44)
	at org.junit.internal.runners.statements.InvokeMethod.evaluate(InvokeMethod.java:17)
	at org.junit.runners.ParentRunner.runLeaf(ParentRunner.java:271)
	at org.junit.runners.BlockJUnit4ClassRunner.runChild(BlockJUnit4ClassRunner.java:70)
	at org.junit.runners.BlockJUnit4ClassRunner.runChild(BlockJUnit4ClassRunner.java:50)
	at org.junit.runners.ParentRunner$3.run(ParentRunner.java:238)
	at org.junit.runners.ParentRunner$1.schedule(ParentRunner.java:63)
	at org.junit.runners.ParentRunner.runChildren(ParentRunner.java:236)
	at org.junit.runners.ParentRunner.access$000(ParentRunner.java:53)
	at org.junit.runners.ParentRunner$2.evaluate(ParentRunner.java:229)
	at org.junit.runners.ParentRunner.run(ParentRunner.java:309)
	at org.apache.maven.surefire.junit4.JUnit4Provider.execute(JUnit4Provider.java:365)
	at org.apache.maven.surefire.junit4.JUnit4Provider.executeWithRerun(JUnit4Provider.java:273)
	at org.apache.maven.surefire.junit4.JUnit4Provider.executeTestSet(JUnit4Provider.java:238)
	at org.apache.maven.surefire.junit4.JUnit4Provider.invoke(JUnit4Provider.java:159)
	at org.apache.maven.surefire.booter.ForkedBooter.invokeProviderInSameClassLoader(ForkedBooter.java:384)
	at org.apache.maven.surefire.booter.ForkedBooter.runSuitesInProcess(ForkedBooter.java:345)
	at org.apache.maven.surefire.booter.ForkedBooter.execute(ForkedBooter.java:126)
	at org.apache.maven.surefire.booter.ForkedBooter.main(ForkedBooter.java:418)
2019-10-09 06:23:25,547 [Thread-2436] INFO  client.GrpcClientProtocolService (GrpcClientProtocolService.java:lambda$processClientRequest$0(278)) - Failed RaftClientRequest:client-6CFF9477F1AD->dd432914-2a38-441d-a246-854f4e4ff8bf@group-CC1025C9555D, cid=106, seq=0, Watch-MAJORITY_COMMITTED(3), Message:<EMPTY>, reply=RaftClientReply:client-6CFF9477F1AD->dd432914-2a38-441d-a246-854f4e4ff8bf@group-CC1025C9555D, cid=106, FAILED org.apache.ratis.protocol.NotLeaderException: Server dd432914-2a38-441d-a246-854f4e4ff8bf@group-CC1025C9555D is not the leader 973792f1-12ee-47e0-9473-a8308b74e3f4:192.168.164.215:38158, logIndex=0, commits[dd432914-2a38-441d-a246-854f4e4ff8bf:c4, 973792f1-12ee-47e0-9473-a8308b74e3f4:c4, e283cf37-ec36-45f7-8c35-0275e987ea96:c2]
2019-10-09 06:23:27,242 [grpc-default-executor-6] WARN  server.GrpcLogAppender (LogUtils.java:warn(134)) - ed6f6a70-b6f8-4961-980c-85ada14e1a17@group-8111FD1E9AB5->6856b686-1c7c-4dc9-8a2c-12464df5d3b9-AppendLogResponseHandler: Failed appendEntries: org.apache.ratis.thirdparty.io.grpc.StatusRuntimeException: UNAVAILABLE: io exception
2019-10-09 06:23:27,242 [grpc-default-executor-2] WARN  server.GrpcLogAppender (LogUtils.java:warn(134)) - ed6f6a70-b6f8-4961-980c-85ada14e1a17@group-8111FD1E9AB5->4328684e-b37e-4e01-8f53-68accb045f0f-AppendLogResponseHandler: Failed appendEntries: org.apache.ratis.thirdparty.io.grpc.StatusRuntimeException: UNAVAILABLE: io exception
2019-10-09 06:23:27,254 [grpc-default-executor-6] INFO  impl.FollowerInfo (FollowerInfo.java:lambda$new$0(51)) - ed6f6a70-b6f8-4961-980c-85ada14e1a17@group-8111FD1E9AB5->6856b686-1c7c-4dc9-8a2c-12464df5d3b9: nextIndex: updateUnconditionally 0 -> 0
2019-10-09 06:23:27,254 [grpc-default-executor-2] INFO  impl.FollowerInfo (FollowerInfo.java:lambda$new$0(51)) - ed6f6a70-b6f8-4961-980c-85ada14e1a17@group-8111FD1E9AB5->4328684e-b37e-4e01-8f53-68accb045f0f: nextIndex: updateUnconditionally 0 -> 0
2019-10-09 06:23:27,410 [grpc-default-executor-4] WARN  server.GrpcLogAppender (LogUtils.java:warn(134)) - 973792f1-12ee-47e0-9473-a8308b74e3f4@group-CC1025C9555D->e283cf37-ec36-45f7-8c35-0275e987ea96-AppendLogResponseHandler: Failed appendEntries: org.apache.ratis.thirdparty.io.grpc.StatusRuntimeException: UNAVAILABLE: io exception
2019-10-09 06:23:27,410 [grpc-default-executor-4] INFO  impl.FollowerInfo (FollowerInfo.java:lambda$new$0(51)) - 973792f1-12ee-47e0-9473-a8308b74e3f4@group-CC1025C9555D->e283cf37-ec36-45f7-8c35-0275e987ea96: nextIndex: updateUnconditionally 1 -> 0
2019-10-09 06:23:27,751 [EventQueue-StaleNodeForStaleNodeHandler] INFO  node.StaleNodeHandler (StaleNodeHandler.java:onMessage(58)) - Datanode 4328684e-b37e-4e01-8f53-68accb045f0f{ip: 192.168.164.215, host: pr-hdds-2269-kpn6k-1406547098, networkLocation: /default-rack, certSerialId: null} moved to stale state. Finalizing its pipelines [PipelineID=d83139cc-8aed-456e-9246-a25d36e38df6, PipelineID=256c3b59-8864-40b7-8cea-8111fd1e9ab5]
2019-10-09 06:23:27,752 [EventQueue-StaleNodeForStaleNodeHandler] INFO  pipeline.SCMPipelineManager (SCMPipelineManager.java:finalizeAndDestroyPipeline(315)) - destroying pipeline:Pipeline[ Id: d83139cc-8aed-456e-9246-a25d36e38df6, Nodes: 4328684e-b37e-4e01-8f53-68accb045f0f{ip: 192.168.164.215, host: pr-hdds-2269-kpn6k-1406547098, networkLocation: /default-rack, certSerialId: null}, Type:RATIS, Factor:ONE, State:OPEN]
2019-10-09 06:23:27,752 [EventQueue-StaleNodeForStaleNodeHandler] INFO  pipeline.PipelineStateManager (PipelineStateManager.java:finalizePipeline(123)) - Pipeline Pipeline[ Id: d83139cc-8aed-456e-9246-a25d36e38df6, Nodes: 4328684e-b37e-4e01-8f53-68accb045f0f{ip: 192.168.164.215, host: pr-hdds-2269-kpn6k-1406547098, networkLocation: /default-rack, certSerialId: null}, Type:RATIS, Factor:ONE, State:CLOSED] moved to CLOSED state
2019-10-09 06:23:27,753 [EventQueue-StaleNodeForStaleNodeHandler] INFO  pipeline.SCMPipelineManager (SCMPipelineManager.java:finalizeAndDestroyPipeline(315)) - destroying pipeline:Pipeline[ Id: 256c3b59-8864-40b7-8cea-8111fd1e9ab5, Nodes: 6856b686-1c7c-4dc9-8a2c-12464df5d3b9{ip: 192.168.164.215, host: pr-hdds-2269-kpn6k-1406547098, networkLocation: /default-rack, certSerialId: null}4328684e-b37e-4e01-8f53-68accb045f0f{ip: 192.168.164.215, host: pr-hdds-2269-kpn6k-1406547098, networkLocation: /default-rack, certSerialId: null}ed6f6a70-b6f8-4961-980c-85ada14e1a17{ip: 192.168.164.215, host: pr-hdds-2269-kpn6k-1406547098, networkLocation: /default-rack, certSerialId: null}, Type:RATIS, Factor:THREE, State:CLOSED]
]]></system-out>
    <system-err><![CDATA[Oct 09, 2019 6:23:22 AM org.apache.ratis.thirdparty.io.grpc.internal.SerializingExecutor run
SEVERE: Exception while executing runnable org.apache.ratis.thirdparty.io.grpc.internal.ServerImpl$JumpToApplicationThreadServerStreamListener$1Closed@32ef064e
org.apache.ratis.thirdparty.io.grpc.StatusRuntimeException: CANCELLED: call already cancelled
	at org.apache.ratis.thirdparty.io.grpc.Status.asRuntimeException(Status.java:517)
	at org.apache.ratis.thirdparty.io.grpc.stub.ServerCalls$ServerCallStreamObserverImpl.onCompleted(ServerCalls.java:356)
	at org.apache.ratis.grpc.server.GrpcServerProtocolService$ServerRequestStreamObserver.onError(GrpcServerProtocolService.java:121)
	at org.apache.ratis.thirdparty.io.grpc.stub.ServerCalls$StreamingServerCallHandler$StreamingServerCallListener.onCancel(ServerCalls.java:269)
	at org.apache.ratis.thirdparty.io.grpc.internal.ServerCallImpl$ServerStreamListenerImpl.closed(ServerCallImpl.java:293)
	at org.apache.ratis.thirdparty.io.grpc.internal.ServerImpl$JumpToApplicationThreadServerStreamListener$1Closed.runInContext(ServerImpl.java:741)
	at org.apache.ratis.thirdparty.io.grpc.internal.ContextRunnable.run(ContextRunnable.java:37)
	at org.apache.ratis.thirdparty.io.grpc.internal.SerializingExecutor.run(SerializingExecutor.java:123)
	at java.util.concurrent.ThreadPoolExecutor.runWorker(ThreadPoolExecutor.java:1149)
	at java.util.concurrent.ThreadPoolExecutor$Worker.run(ThreadPoolExecutor.java:624)
	at java.lang.Thread.run(Thread.java:748)

]]></system-err>
  </testcase>
</testsuite>