<?xml version="1.0" encoding="UTF-8"?>
<testsuite xmlns:xsi="http://www.w3.org/2001/XMLSchema-instance" xsi:noNamespaceSchemaLocation="https://maven.apache.org/surefire/maven-surefire-plugin/xsd/surefire-test-report.xsd" name="org.apache.hadoop.ozone.client.rpc.TestWatchForCommit" time="270.813" tests="5" errors="1" skipped="0" failures="0">
  <properties>
    <property name="awt.toolkit" value="sun.awt.X11.XToolkit"/>
    <property name="file.encoding.pkg" value="sun.io"/>
    <property name="java.specification.version" value="1.8"/>
    <property name="sun.cpu.isalist" value=""/>
    <property name="sun.jnu.encoding" value="UTF-8"/>
    <property name="java.class.path" value="/workdir/hadoop-ozone/integration-test/target/test-classes:/workdir/hadoop-ozone/integration-test/target/classes:/home/user/.m2/repository/org/apache/hadoop/hadoop-ozone-common/0.5.0-SNAPSHOT/hadoop-ozone-common-0.5.0-SNAPSHOT.jar:/home/user/.m2/repository/org/apache/commons/commons-compress/1.4.1/commons-compress-1.4.1.jar:/home/user/.m2/repository/org/tukaani/xz/1.0/xz-1.0.jar:/home/user/.m2/repository/org/apache/hadoop/hadoop-common/3.2.0/hadoop-common-3.2.0.jar:/home/user/.m2/repository/org/apache/hadoop/hadoop-hdfs/3.2.0/hadoop-hdfs-3.2.0.jar:/home/user/.m2/repository/org/apache/hadoop/hadoop-hdfs-client/3.2.0/hadoop-hdfs-client-3.2.0.jar:/home/user/.m2/repository/com/fasterxml/jackson/core/jackson-annotations/2.9.9/jackson-annotations-2.9.9.jar:/home/user/.m2/repository/org/apache/hadoop/hadoop-hdds-common/0.5.0-SNAPSHOT/hadoop-hdds-common-0.5.0-SNAPSHOT.jar:/home/user/.m2/repository/javax/annotation/javax.annotation-api/1.2/javax.annotation-api-1.2.jar:/home/user/.m2/repository/org/apache/ratis/ratis-server/0.5.0-201fc85-SNAPSHOT/ratis-server-0.5.0-201fc85-SNAPSHOT.jar:/home/user/.m2/repository/org/apache/ratis/ratis-thirdparty-misc/0.2.0/ratis-thirdparty-misc-0.2.0.jar:/home/user/.m2/repository/org/apache/ratis/ratis-proto/0.5.0-201fc85-SNAPSHOT/ratis-proto-0.5.0-201fc85-SNAPSHOT.jar:/home/user/.m2/repository/org/apache/ratis/ratis-common/0.5.0-201fc85-SNAPSHOT/ratis-common-0.5.0-201fc85-SNAPSHOT.jar:/home/user/.m2/repository/org/apache/ratis/ratis-client/0.5.0-201fc85-SNAPSHOT/ratis-client-0.5.0-201fc85-SNAPSHOT.jar:/home/user/.m2/repository/org/apache/ratis/ratis-metrics/0.5.0-201fc85-SNAPSHOT/ratis-metrics-0.5.0-201fc85-SNAPSHOT.jar:/home/user/.m2/repository/com/github/joshelser/dropwizard-metrics-hadoop-metrics2-reporter/0.1.2/dropwizard-metrics-hadoop-metrics2-reporter-0.1.2.jar:/home/user/.m2/repository/io/dropwizard/metrics/metrics-jvm/3.2.5/metrics-jvm-3.2.5.jar:/home/user/.m2/repository/io/dropwizard/metrics/metrics-ganglia/3.2.5/metrics-ganglia-3.2.5.jar:/home/user/.m2/repository/info/ganglia/gmetric4j/gmetric4j/1.0.7/gmetric4j-1.0.7.jar:/home/user/.m2/repository/org/apache/ratis/ratis-netty/0.5.0-201fc85-SNAPSHOT/ratis-netty-0.5.0-201fc85-SNAPSHOT.jar:/home/user/.m2/repository/org/apache/ratis/ratis-grpc/0.5.0-201fc85-SNAPSHOT/ratis-grpc-0.5.0-201fc85-SNAPSHOT.jar:/home/user/.m2/repository/org/rocksdb/rocksdbjni/6.0.1/rocksdbjni-6.0.1.jar:/home/user/.m2/repository/org/apache/logging/log4j/log4j-api/2.11.0/log4j-api-2.11.0.jar:/home/user/.m2/repository/org/apache/logging/log4j/log4j-core/2.11.0/log4j-core-2.11.0.jar:/home/user/.m2/repository/com/lmax/disruptor/3.4.2/disruptor-3.4.2.jar:/home/user/.m2/repository/org/apache/commons/commons-pool2/2.6.0/commons-pool2-2.6.0.jar:/home/user/.m2/repository/org/bouncycastle/bcpkix-jdk15on/1.60/bcpkix-jdk15on-1.60.jar:/home/user/.m2/repository/commons-validator/commons-validator/1.6/commons-validator-1.6.jar:/home/user/.m2/repository/commons-digester/commons-digester/1.8.1/commons-digester-1.8.1.jar:/home/user/.m2/repository/io/jaegertracing/jaeger-client/0.34.0/jaeger-client-0.34.0.jar:/home/user/.m2/repository/io/jaegertracing/jaeger-thrift/0.34.0/jaeger-thrift-0.34.0.jar:/home/user/.m2/repository/org/apache/thrift/libthrift/0.12.0/libthrift-0.12.0.jar:/home/user/.m2/repository/com/squareup/okhttp3/okhttp/3.9.0/okhttp-3.9.0.jar:/home/user/.m2/repository/com/squareup/okio/okio/1.13.0/okio-1.13.0.jar:/home/user/.m2/repository/io/jaegertracing/jaeger-core/0.34.0/jaeger-core-0.34.0.jar:/home/user/.m2/repository/io/jaegertracing/jaeger-tracerresolver/0.34.0/jaeger-tracerresolver-0.34.0.jar:/home/user/.m2/repository/io/opentracing/contrib/opentracing-tracerresolver/0.1.5/opentracing-tracerresolver-0.1.5.jar:/home/user/.m2/repository/io/opentracing/opentracing-util/0.31.0/opentracing-util-0.31.0.jar:/home/user/.m2/repository/io/opentracing/opentracing-api/0.31.0/opentracing-api-0.31.0.jar:/home/user/.m2/repository/io/opentracing/opentracing-noop/0.31.0/opentracing-noop-0.31.0.jar:/home/user/.m2/repository/org/apache/hadoop/hadoop-hdds-server-framework/0.5.0-SNAPSHOT/hadoop-hdds-server-framework-0.5.0-SNAPSHOT.jar:/home/user/.m2/repository/org/apache/hadoop/hadoop-hdds-container-service/0.5.0-SNAPSHOT/hadoop-hdds-container-service-0.5.0-SNAPSHOT.jar:/home/user/.m2/repository/org/apache/hadoop/hadoop-hdds-client/0.5.0-SNAPSHOT/hadoop-hdds-client-0.5.0-SNAPSHOT.jar:/home/user/.m2/repository/org/apache/hadoop/hadoop-hdds-tools/0.5.0-SNAPSHOT/hadoop-hdds-tools-0.5.0-SNAPSHOT.jar:/home/user/.m2/repository/org/apache/hadoop/hadoop-hdds-server-scm/0.5.0-SNAPSHOT/hadoop-hdds-server-scm-0.5.0-SNAPSHOT.jar:/home/user/.m2/repository/org/apache/hadoop/hadoop-hdds-docs/0.5.0-SNAPSHOT/hadoop-hdds-docs-0.5.0-SNAPSHOT.jar:/home/user/.m2/repository/io/dropwizard/metrics/metrics-core/3.2.4/metrics-core-3.2.4.jar:/home/user/.m2/repository/org/hamcrest/hamcrest-all/1.3/hamcrest-all-1.3.jar:/home/user/.m2/repository/org/bouncycastle/bcprov-jdk15on/1.60/bcprov-jdk15on-1.60.jar:/home/user/.m2/repository/info/picocli/picocli/3.9.6/picocli-3.9.6.jar:/home/user/.m2/repository/com/google/protobuf/protobuf-java/2.5.0/protobuf-java-2.5.0.jar:/home/user/.m2/repository/com/google/guava/guava/11.0.2/guava-11.0.2.jar:/home/user/.m2/repository/org/apache/hadoop/hadoop-ozone-ozone-manager/0.5.0-SNAPSHOT/hadoop-ozone-ozone-manager-0.5.0-SNAPSHOT.jar:/home/user/.m2/repository/org/apache/hadoop/hadoop-minikdc/3.2.0/hadoop-minikdc-3.2.0.jar:/home/user/.m2/repository/commons-io/commons-io/2.5/commons-io-2.5.jar:/home/user/.m2/repository/org/apache/kerby/kerb-simplekdc/1.0.1/kerb-simplekdc-1.0.1.jar:/home/user/.m2/repository/org/apache/kerby/kerb-client/1.0.1/kerb-client-1.0.1.jar:/home/user/.m2/repository/org/apache/kerby/kerby-config/1.0.1/kerby-config-1.0.1.jar:/home/user/.m2/repository/org/apache/kerby/kerb-core/1.0.1/kerb-core-1.0.1.jar:/home/user/.m2/repository/org/apache/kerby/kerby-pkix/1.0.1/kerby-pkix-1.0.1.jar:/home/user/.m2/repository/org/apache/kerby/kerby-asn1/1.0.1/kerby-asn1-1.0.1.jar:/home/user/.m2/repository/org/apache/kerby/kerby-util/1.0.1/kerby-util-1.0.1.jar:/home/user/.m2/repository/org/apache/kerby/kerb-common/1.0.1/kerb-common-1.0.1.jar:/home/user/.m2/repository/org/apache/kerby/kerb-crypto/1.0.1/kerb-crypto-1.0.1.jar:/home/user/.m2/repository/org/apache/kerby/kerb-util/1.0.1/kerb-util-1.0.1.jar:/home/user/.m2/repository/org/apache/kerby/token-provider/1.0.1/token-provider-1.0.1.jar:/home/user/.m2/repository/org/apache/kerby/kerb-admin/1.0.1/kerb-admin-1.0.1.jar:/home/user/.m2/repository/org/apache/kerby/kerb-server/1.0.1/kerb-server-1.0.1.jar:/home/user/.m2/repository/org/apache/kerby/kerb-identity/1.0.1/kerb-identity-1.0.1.jar:/home/user/.m2/repository/org/apache/kerby/kerby-xdr/1.0.1/kerby-xdr-1.0.1.jar:/home/user/.m2/repository/org/slf4j/slf4j-log4j12/1.7.25/slf4j-log4j12-1.7.25.jar:/home/user/.m2/repository/org/apache/hadoop/hadoop-ozone-s3gateway/0.5.0-SNAPSHOT/hadoop-ozone-s3gateway-0.5.0-SNAPSHOT.jar:/home/user/.m2/repository/org/jboss/weld/servlet/weld-servlet/2.4.7.Final/weld-servlet-2.4.7.Final.jar:/home/user/.m2/repository/org/glassfish/jersey/containers/jersey-container-servlet-core/2.27/jersey-container-servlet-core-2.27.jar:/home/user/.m2/repository/org/glassfish/hk2/external/javax.inject/2.5.0-b42/javax.inject-2.5.0-b42.jar:/home/user/.m2/repository/org/glassfish/jersey/core/jersey-common/2.27/jersey-common-2.27.jar:/home/user/.m2/repository/org/glassfish/hk2/osgi-resource-locator/1.0.1/osgi-resource-locator-1.0.1.jar:/home/user/.m2/repository/javax/ws/rs/javax.ws.rs-api/2.1/javax.ws.rs-api-2.1.jar:/home/user/.m2/repository/org/glassfish/jersey/ext/cdi/jersey-cdi1x/2.27/jersey-cdi1x-2.27.jar:/home/user/.m2/repository/org/glassfish/jersey/inject/jersey-hk2/2.27/jersey-hk2-2.27.jar:/home/user/.m2/repository/org/glassfish/hk2/hk2-locator/2.5.0-b42/hk2-locator-2.5.0-b42.jar:/home/user/.m2/repository/org/javassist/javassist/3.22.0-CR2/javassist-3.22.0-CR2.jar:/home/user/.m2/repository/org/glassfish/hk2/hk2-api/2.5.0/hk2-api-2.5.0.jar:/home/user/.m2/repository/org/glassfish/hk2/external/jakarta.inject/2.5.0/jakarta.inject-2.5.0.jar:/home/user/.m2/repository/org/glassfish/hk2/hk2-utils/2.5.0/hk2-utils-2.5.0.jar:/home/user/.m2/repository/jakarta/annotation/jakarta.annotation-api/1.3.4/jakarta.annotation-api-1.3.4.jar:/home/user/.m2/repository/org/glassfish/hk2/external/aopalliance-repackaged/2.5.0/aopalliance-repackaged-2.5.0.jar:/home/user/.m2/repository/com/fasterxml/jackson/dataformat/jackson-dataformat-xml/2.9.0/jackson-dataformat-xml-2.9.0.jar:/home/user/.m2/repository/com/fasterxml/jackson/core/jackson-core/2.9.9/jackson-core-2.9.9.jar:/home/user/.m2/repository/com/fasterxml/jackson/module/jackson-module-jaxb-annotations/2.9.9/jackson-module-jaxb-annotations-2.9.9.jar:/home/user/.m2/repository/javax/enterprise/cdi-api/1.2/cdi-api-1.2.jar:/home/user/.m2/repository/javax/el/javax.el-api/3.0.0/javax.el-api-3.0.0.jar:/home/user/.m2/repository/javax/interceptor/javax.interceptor-api/1.2/javax.interceptor-api-1.2.jar:/home/user/.m2/repository/javax/inject/javax.inject/1/javax.inject-1.jar:/home/user/.m2/repository/com/sun/xml/bind/jaxb-impl/2.3.0.1/jaxb-impl-2.3.0.1.jar:/home/user/.m2/repository/com/sun/xml/bind/jaxb-core/2.3.0.1/jaxb-core-2.3.0.1.jar:/home/user/.m2/repository/javax/xml/bind/jaxb-api/2.3.0/jaxb-api-2.3.0.jar:/home/user/.m2/repository/javax/activation/activation/1.1.1/activation-1.1.1.jar:/home/user/.m2/repository/org/apache/hadoop/hadoop-ozone-csi/0.5.0-SNAPSHOT/hadoop-ozone-csi-0.5.0-SNAPSHOT.jar:/home/user/.m2/repository/com/google/protobuf/protobuf-java-util/3.5.1/protobuf-java-util-3.5.1.jar:/home/user/.m2/repository/org/apache/hadoop/hadoop-hdds-config/0.5.0-SNAPSHOT/hadoop-hdds-config-0.5.0-SNAPSHOT.jar:/home/user/.m2/repository/io/grpc/grpc-netty/1.17.1/grpc-netty-1.17.1.jar:/home/user/.m2/repository/io/grpc/grpc-core/1.17.1/grpc-core-1.17.1.jar:/home/user/.m2/repository/io/grpc/grpc-context/1.17.1/grpc-context-1.17.1.jar:/home/user/.m2/repository/com/google/errorprone/error_prone_annotations/2.2.0/error_prone_annotations-2.2.0.jar:/home/user/.m2/repository/org/codehaus/mojo/animal-sniffer-annotations/1.17/animal-sniffer-annotations-1.17.jar:/home/user/.m2/repository/io/opencensus/opencensus-api/0.17.0/opencensus-api-0.17.0.jar:/home/user/.m2/repository/io/opencensus/opencensus-contrib-grpc-metrics/0.17.0/opencensus-contrib-grpc-metrics-0.17.0.jar:/home/user/.m2/repository/io/netty/netty-codec-http2/4.1.30.Final/netty-codec-http2-4.1.30.Final.jar:/home/user/.m2/repository/io/netty/netty-codec-http/4.1.30.Final/netty-codec-http-4.1.30.Final.jar:/home/user/.m2/repository/io/netty/netty-codec/4.1.30.Final/netty-codec-4.1.30.Final.jar:/home/user/.m2/repository/io/netty/netty-handler/4.1.30.Final/netty-handler-4.1.30.Final.jar:/home/user/.m2/repository/io/netty/netty-handler-proxy/4.1.30.Final/netty-handler-proxy-4.1.30.Final.jar:/home/user/.m2/repository/io/netty/netty-codec-socks/4.1.30.Final/netty-codec-socks-4.1.30.Final.jar:/home/user/.m2/repository/io/netty/netty-transport-native-epoll/4.1.30.Final/netty-transport-native-epoll-4.1.30.Final.jar:/home/user/.m2/repository/io/netty/netty-common/4.1.30.Final/netty-common-4.1.30.Final.jar:/home/user/.m2/repository/io/netty/netty-buffer/4.1.30.Final/netty-buffer-4.1.30.Final.jar:/home/user/.m2/repository/io/netty/netty-transport/4.1.30.Final/netty-transport-4.1.30.Final.jar:/home/user/.m2/repository/io/netty/netty-resolver/4.1.30.Final/netty-resolver-4.1.30.Final.jar:/home/user/.m2/repository/io/netty/netty-transport-native-unix-common/4.1.30.Final/netty-transport-native-unix-common-4.1.30.Final.jar:/home/user/.m2/repository/io/grpc/grpc-protobuf/1.17.1/grpc-protobuf-1.17.1.jar:/home/user/.m2/repository/com/google/api/grpc/proto-google-common-protos/1.0.0/proto-google-common-protos-1.0.0.jar:/home/user/.m2/repository/io/grpc/grpc-protobuf-lite/1.17.1/grpc-protobuf-lite-1.17.1.jar:/home/user/.m2/repository/io/grpc/grpc-stub/1.17.1/grpc-stub-1.17.1.jar:/home/user/.m2/repository/org/apache/hadoop/hadoop-ozone-recon/0.5.0-SNAPSHOT/hadoop-ozone-recon-0.5.0-SNAPSHOT.jar:/home/user/.m2/repository/org/apache/hadoop/hadoop-ozone-reconcodegen/0.5.0-SNAPSHOT/hadoop-ozone-reconcodegen-0.5.0-SNAPSHOT.jar:/home/user/.m2/repository/com/google/inject/extensions/guice-multibindings/4.0/guice-multibindings-4.0.jar:/home/user/.m2/repository/com/google/inject/guice/4.0/guice-4.0.jar:/home/user/.m2/repository/aopalliance/aopalliance/1.0/aopalliance-1.0.jar:/home/user/.m2/repository/com/google/inject/extensions/guice-servlet/4.0/guice-servlet-4.0.jar:/home/user/.m2/repository/org/glassfish/jersey/containers/jersey-container-servlet/2.27/jersey-container-servlet-2.27.jar:/home/user/.m2/repository/org/glassfish/hk2/guice-bridge/2.5.0/guice-bridge-2.5.0.jar:/home/user/.m2/repository/org/glassfish/jersey/core/jersey-server/2.27/jersey-server-2.27.jar:/home/user/.m2/repository/org/glassfish/jersey/core/jersey-client/2.27/jersey-client-2.27.jar:/home/user/.m2/repository/org/glassfish/jersey/media/jersey-media-jaxb/2.27/jersey-media-jaxb-2.27.jar:/home/user/.m2/repository/javax/validation/validation-api/1.1.0.Final/validation-api-1.1.0.Final.jar:/home/user/.m2/repository/org/glassfish/jersey/media/jersey-media-json-jackson/2.27/jersey-media-json-jackson-2.27.jar:/home/user/.m2/repository/org/glassfish/jersey/ext/jersey-entity-filtering/2.27/jersey-entity-filtering-2.27.jar:/home/user/.m2/repository/com/google/inject/extensions/guice-assistedinject/4.0/guice-assistedinject-4.0.jar:/home/user/.m2/repository/org/jooq/jooq/3.11.10/jooq-3.11.10.jar:/home/user/.m2/repository/org/jooq/jooq-meta/3.11.10/jooq-meta-3.11.10.jar:/home/user/.m2/repository/org/jooq/jooq-codegen/3.11.10/jooq-codegen-3.11.10.jar:/home/user/.m2/repository/com/jolbox/bonecp/0.8.0.RELEASE/bonecp-0.8.0.RELEASE.jar:/home/user/.m2/repository/org/xerial/sqlite-jdbc/3.25.2/sqlite-jdbc-3.25.2.jar:/home/user/.m2/repository/org/springframework/spring-jdbc/5.1.3.RELEASE/spring-jdbc-5.1.3.RELEASE.jar:/home/user/.m2/repository/org/springframework/spring-beans/5.1.3.RELEASE/spring-beans-5.1.3.RELEASE.jar:/home/user/.m2/repository/org/springframework/spring-core/5.1.3.RELEASE/spring-core-5.1.3.RELEASE.jar:/home/user/.m2/repository/org/springframework/spring-jcl/5.1.3.RELEASE/spring-jcl-5.1.3.RELEASE.jar:/home/user/.m2/repository/org/springframework/spring-tx/5.1.3.RELEASE/spring-tx-5.1.3.RELEASE.jar:/home/user/.m2/repository/org/apache/hadoop/hadoop-ozone-client/0.5.0-SNAPSHOT/hadoop-ozone-client-0.5.0-SNAPSHOT.jar:/home/user/.m2/repository/commons-lang/commons-lang/2.6/commons-lang-2.6.jar:/home/user/.m2/repository/org/apache/hadoop/hadoop-ozone-ozone-manager/0.5.0-SNAPSHOT/hadoop-ozone-ozone-manager-0.5.0-SNAPSHOT-tests.jar:/home/user/.m2/repository/junit/junit/4.11/junit-4.11.jar:/home/user/.m2/repository/org/hamcrest/hamcrest-core/1.3/hamcrest-core-1.3.jar:/home/user/.m2/repository/org/openjdk/jmh/jmh-core/1.19/jmh-core-1.19.jar:/home/user/.m2/repository/net/sf/jopt-simple/jopt-simple/4.6/jopt-simple-4.6.jar:/home/user/.m2/repository/org/apache/commons/commons-math3/3.1.1/commons-math3-3.1.1.jar:/home/user/.m2/repository/org/openjdk/jmh/jmh-generator-annprocess/1.19/jmh-generator-annprocess-1.19.jar:/home/user/.m2/repository/org/mockito/mockito-all/1.8.5/mockito-all-1.8.5.jar:/home/user/.m2/repository/org/apache/hadoop/hadoop-kms/3.2.0/hadoop-kms-3.2.0.jar:/home/user/.m2/repository/org/apache/hadoop/hadoop-auth/3.2.0/hadoop-auth-3.2.0.jar:/home/user/.m2/repository/com/nimbusds/nimbus-jose-jwt/4.41.1/nimbus-jose-jwt-4.41.1.jar:/home/user/.m2/repository/com/github/stephenc/jcip/jcip-annotations/1.0-1/jcip-annotations-1.0-1.jar:/home/user/.m2/repository/net/minidev/json-smart/2.3/json-smart-2.3.jar:/home/user/.m2/repository/net/minidev/accessors-smart/1.2/accessors-smart-1.2.jar:/home/user/.m2/repository/org/ow2/asm/asm/5.0.4/asm-5.0.4.jar:/home/user/.m2/repository/org/apache/curator/curator-framework/2.12.0/curator-framework-2.12.0.jar:/home/user/.m2/repository/com/sun/jersey/jersey-core/1.19/jersey-core-1.19.jar:/home/user/.m2/repository/javax/ws/rs/jsr311-api/1.1.1/jsr311-api-1.1.1.jar:/home/user/.m2/repository/com/sun/jersey/jersey-server/1.19/jersey-server-1.19.jar:/home/user/.m2/repository/javax/servlet/javax.servlet-api/3.1.0/javax.servlet-api-3.1.0.jar:/home/user/.m2/repository/org/eclipse/jetty/jetty-server/9.3.25.v20180904/jetty-server-9.3.25.v20180904.jar:/home/user/.m2/repository/org/eclipse/jetty/jetty-http/9.3.25.v20180904/jetty-http-9.3.25.v20180904.jar:/home/user/.m2/repository/org/eclipse/jetty/jetty-io/9.3.25.v20180904/jetty-io-9.3.25.v20180904.jar:/home/user/.m2/repository/org/eclipse/jetty/jetty-webapp/9.3.25.v20180904/jetty-webapp-9.3.25.v20180904.jar:/home/user/.m2/repository/org/eclipse/jetty/jetty-xml/9.3.25.v20180904/jetty-xml-9.3.25.v20180904.jar:/home/user/.m2/repository/log4j/log4j/1.2.17/log4j-1.2.17.jar:/home/user/.m2/repository/org/slf4j/slf4j-api/1.7.25/slf4j-api-1.7.25.jar:/home/user/.m2/repository/org/slf4j/jul-to-slf4j/1.7.25/jul-to-slf4j-1.7.25.jar:/home/user/.m2/repository/org/eclipse/jetty/jetty-util/9.3.25.v20180904/jetty-util-9.3.25.v20180904.jar:/home/user/.m2/repository/com/fasterxml/jackson/core/jackson-databind/2.9.9/jackson-databind-2.9.9.jar:/home/user/.m2/repository/org/apache/hadoop/hadoop-kms/3.2.0/hadoop-kms-3.2.0-tests.jar:/home/user/.m2/repository/org/apache/hadoop/hadoop-hdds-server-scm/0.5.0-SNAPSHOT/hadoop-hdds-server-scm-0.5.0-SNAPSHOT-tests.jar:/home/user/.m2/repository/org/apache/hadoop/hadoop-hdds-container-service/0.5.0-SNAPSHOT/hadoop-hdds-container-service-0.5.0-SNAPSHOT-tests.jar:/home/user/.m2/repository/org/yaml/snakeyaml/1.16/snakeyaml-1.16.jar:/home/user/.m2/repository/org/apache/hadoop/hadoop-common/3.2.0/hadoop-common-3.2.0-tests.jar:/home/user/.m2/repository/org/apache/hadoop/hadoop-annotations/3.2.0/hadoop-annotations-3.2.0.jar:/usr/lib/jvm/java-1.8-openjdk/jre/../lib/tools.jar:/home/user/.m2/repository/commons-cli/commons-cli/1.2/commons-cli-1.2.jar:/home/user/.m2/repository/org/apache/httpcomponents/httpclient/4.5.2/httpclient-4.5.2.jar:/home/user/.m2/repository/org/apache/httpcomponents/httpcore/4.4.4/httpcore-4.4.4.jar:/home/user/.m2/repository/commons-codec/commons-codec/1.11/commons-codec-1.11.jar:/home/user/.m2/repository/commons-net/commons-net/3.6/commons-net-3.6.jar:/home/user/.m2/repository/commons-collections/commons-collections/3.2.2/commons-collections-3.2.2.jar:/home/user/.m2/repository/org/eclipse/jetty/jetty-servlet/9.3.25.v20180904/jetty-servlet-9.3.25.v20180904.jar:/home/user/.m2/repository/org/eclipse/jetty/jetty-security/9.3.25.v20180904/jetty-security-9.3.25.v20180904.jar:/home/user/.m2/repository/javax/servlet/jsp/jsp-api/2.1/jsp-api-2.1.jar:/home/user/.m2/repository/com/sun/jersey/jersey-servlet/1.19/jersey-servlet-1.19.jar:/home/user/.m2/repository/com/sun/jersey/jersey-json/1.19/jersey-json-1.19.jar:/home/user/.m2/repository/org/codehaus/jettison/jettison/1.1/jettison-1.1.jar:/home/user/.m2/repository/org/codehaus/jackson/jackson-core-asl/1.9.13/jackson-core-asl-1.9.13.jar:/home/user/.m2/repository/org/codehaus/jackson/jackson-mapper-asl/1.9.13/jackson-mapper-asl-1.9.13.jar:/home/user/.m2/repository/org/codehaus/jackson/jackson-jaxrs/1.9.13/jackson-jaxrs-1.9.13.jar:/home/user/.m2/repository/org/codehaus/jackson/jackson-xc/1.9.13/jackson-xc-1.9.13.jar:/home/user/.m2/repository/commons-logging/commons-logging/1.1.3/commons-logging-1.1.3.jar:/home/user/.m2/repository/commons-beanutils/commons-beanutils/1.9.4/commons-beanutils-1.9.4.jar:/home/user/.m2/repository/org/apache/commons/commons-configuration2/2.1.1/commons-configuration2-2.1.1.jar:/home/user/.m2/repository/org/apache/commons/commons-lang3/3.7/commons-lang3-3.7.jar:/home/user/.m2/repository/org/apache/commons/commons-text/1.4/commons-text-1.4.jar:/home/user/.m2/repository/org/apache/avro/avro/1.7.7/avro-1.7.7.jar:/home/user/.m2/repository/com/thoughtworks/paranamer/paranamer/2.3/paranamer-2.3.jar:/home/user/.m2/repository/org/xerial/snappy/snappy-java/1.0.5/snappy-java-1.0.5.jar:/home/user/.m2/repository/com/google/re2j/re2j/1.1/re2j-1.1.jar:/home/user/.m2/repository/com/google/code/gson/gson/2.2.4/gson-2.2.4.jar:/home/user/.m2/repository/com/jcraft/jsch/0.1.54/jsch-0.1.54.jar:/home/user/.m2/repository/org/apache/curator/curator-client/2.12.0/curator-client-2.12.0.jar:/home/user/.m2/repository/org/apache/curator/curator-recipes/2.12.0/curator-recipes-2.12.0.jar:/home/user/.m2/repository/com/google/code/findbugs/jsr305/3.0.0/jsr305-3.0.0.jar:/home/user/.m2/repository/org/apache/htrace/htrace-core4/4.1.0-incubating/htrace-core4-4.1.0-incubating.jar:/home/user/.m2/repository/org/apache/zookeeper/zookeeper/3.4.13/zookeeper-3.4.13.jar:/home/user/.m2/repository/jline/jline/0.9.94/jline-0.9.94.jar:/home/user/.m2/repository/org/apache/yetus/audience-annotations/0.5.0/audience-annotations-0.5.0.jar:/home/user/.m2/repository/org/codehaus/woodstox/stax2-api/3.1.4/stax2-api-3.1.4.jar:/home/user/.m2/repository/com/fasterxml/woodstox/woodstox-core/5.0.3/woodstox-core-5.0.3.jar:/home/user/.m2/repository/dnsjava/dnsjava/2.1.7/dnsjava-2.1.7.jar:/home/user/.m2/repository/org/apache/hadoop/hadoop-hdfs/3.2.0/hadoop-hdfs-3.2.0-tests.jar:/home/user/.m2/repository/org/eclipse/jetty/jetty-util-ajax/9.3.25.v20180904/jetty-util-ajax-9.3.25.v20180904.jar:/home/user/.m2/repository/commons-daemon/commons-daemon/1.0.13/commons-daemon-1.0.13.jar:/home/user/.m2/repository/io/netty/netty/3.10.5.Final/netty-3.10.5.Final.jar:/home/user/.m2/repository/io/netty/netty-all/4.0.52.Final/netty-all-4.0.52.Final.jar:/home/user/.m2/repository/org/fusesource/leveldbjni/leveldbjni-all/1.8/leveldbjni-all-1.8.jar:"/>
    <property name="java.vm.vendor" value="IcedTea"/>
    <property name="sun.arch.data.model" value="64"/>
    <property name="test.build.dir" value="/workdir/hadoop-ozone/integration-test/target/test-dir"/>
    <property name="test.cache.data" value=""/>
    <property name="java.vendor.url" value="https://icedtea.classpath.org"/>
    <property name="user.timezone" value=""/>
    <property name="java.vm.specification.version" value="1.8"/>
    <property name="os.name" value="Linux"/>
    <property name="test.build.data" value="/workdir/hadoop-ozone/integration-test/target/test-dir"/>
    <property name="user.country" value="US"/>
    <property name="sun.java.launcher" value="SUN_STANDARD"/>
    <property name="sun.boot.library.path" value="/usr/lib/jvm/java-1.8-openjdk/jre/lib/amd64"/>
    <property name="sun.java.command" value="/workdir/hadoop-ozone/integration-test/target/surefire/surefirebooter8559076517060911565.jar /workdir/hadoop-ozone/integration-test/target/surefire 2019-10-03T23-02-17_801-jvmRun1 surefire3127599870084496221tmp surefire_752134936718450007395tmp"/>
    <property name="test" value="!TestMiniChaosOzoneCluster"/>
    <property name="surefire.test.class.path" value="/workdir/hadoop-ozone/integration-test/target/test-classes:/workdir/hadoop-ozone/integration-test/target/classes:/home/user/.m2/repository/org/apache/hadoop/hadoop-ozone-common/0.5.0-SNAPSHOT/hadoop-ozone-common-0.5.0-SNAPSHOT.jar:/home/user/.m2/repository/org/apache/commons/commons-compress/1.4.1/commons-compress-1.4.1.jar:/home/user/.m2/repository/org/tukaani/xz/1.0/xz-1.0.jar:/home/user/.m2/repository/org/apache/hadoop/hadoop-common/3.2.0/hadoop-common-3.2.0.jar:/home/user/.m2/repository/org/apache/hadoop/hadoop-hdfs/3.2.0/hadoop-hdfs-3.2.0.jar:/home/user/.m2/repository/org/apache/hadoop/hadoop-hdfs-client/3.2.0/hadoop-hdfs-client-3.2.0.jar:/home/user/.m2/repository/com/fasterxml/jackson/core/jackson-annotations/2.9.9/jackson-annotations-2.9.9.jar:/home/user/.m2/repository/org/apache/hadoop/hadoop-hdds-common/0.5.0-SNAPSHOT/hadoop-hdds-common-0.5.0-SNAPSHOT.jar:/home/user/.m2/repository/javax/annotation/javax.annotation-api/1.2/javax.annotation-api-1.2.jar:/home/user/.m2/repository/org/apache/ratis/ratis-server/0.5.0-201fc85-SNAPSHOT/ratis-server-0.5.0-201fc85-SNAPSHOT.jar:/home/user/.m2/repository/org/apache/ratis/ratis-thirdparty-misc/0.2.0/ratis-thirdparty-misc-0.2.0.jar:/home/user/.m2/repository/org/apache/ratis/ratis-proto/0.5.0-201fc85-SNAPSHOT/ratis-proto-0.5.0-201fc85-SNAPSHOT.jar:/home/user/.m2/repository/org/apache/ratis/ratis-common/0.5.0-201fc85-SNAPSHOT/ratis-common-0.5.0-201fc85-SNAPSHOT.jar:/home/user/.m2/repository/org/apache/ratis/ratis-client/0.5.0-201fc85-SNAPSHOT/ratis-client-0.5.0-201fc85-SNAPSHOT.jar:/home/user/.m2/repository/org/apache/ratis/ratis-metrics/0.5.0-201fc85-SNAPSHOT/ratis-metrics-0.5.0-201fc85-SNAPSHOT.jar:/home/user/.m2/repository/com/github/joshelser/dropwizard-metrics-hadoop-metrics2-reporter/0.1.2/dropwizard-metrics-hadoop-metrics2-reporter-0.1.2.jar:/home/user/.m2/repository/io/dropwizard/metrics/metrics-jvm/3.2.5/metrics-jvm-3.2.5.jar:/home/user/.m2/repository/io/dropwizard/metrics/metrics-ganglia/3.2.5/metrics-ganglia-3.2.5.jar:/home/user/.m2/repository/info/ganglia/gmetric4j/gmetric4j/1.0.7/gmetric4j-1.0.7.jar:/home/user/.m2/repository/org/apache/ratis/ratis-netty/0.5.0-201fc85-SNAPSHOT/ratis-netty-0.5.0-201fc85-SNAPSHOT.jar:/home/user/.m2/repository/org/apache/ratis/ratis-grpc/0.5.0-201fc85-SNAPSHOT/ratis-grpc-0.5.0-201fc85-SNAPSHOT.jar:/home/user/.m2/repository/org/rocksdb/rocksdbjni/6.0.1/rocksdbjni-6.0.1.jar:/home/user/.m2/repository/org/apache/logging/log4j/log4j-api/2.11.0/log4j-api-2.11.0.jar:/home/user/.m2/repository/org/apache/logging/log4j/log4j-core/2.11.0/log4j-core-2.11.0.jar:/home/user/.m2/repository/com/lmax/disruptor/3.4.2/disruptor-3.4.2.jar:/home/user/.m2/repository/org/apache/commons/commons-pool2/2.6.0/commons-pool2-2.6.0.jar:/home/user/.m2/repository/org/bouncycastle/bcpkix-jdk15on/1.60/bcpkix-jdk15on-1.60.jar:/home/user/.m2/repository/commons-validator/commons-validator/1.6/commons-validator-1.6.jar:/home/user/.m2/repository/commons-digester/commons-digester/1.8.1/commons-digester-1.8.1.jar:/home/user/.m2/repository/io/jaegertracing/jaeger-client/0.34.0/jaeger-client-0.34.0.jar:/home/user/.m2/repository/io/jaegertracing/jaeger-thrift/0.34.0/jaeger-thrift-0.34.0.jar:/home/user/.m2/repository/org/apache/thrift/libthrift/0.12.0/libthrift-0.12.0.jar:/home/user/.m2/repository/com/squareup/okhttp3/okhttp/3.9.0/okhttp-3.9.0.jar:/home/user/.m2/repository/com/squareup/okio/okio/1.13.0/okio-1.13.0.jar:/home/user/.m2/repository/io/jaegertracing/jaeger-core/0.34.0/jaeger-core-0.34.0.jar:/home/user/.m2/repository/io/jaegertracing/jaeger-tracerresolver/0.34.0/jaeger-tracerresolver-0.34.0.jar:/home/user/.m2/repository/io/opentracing/contrib/opentracing-tracerresolver/0.1.5/opentracing-tracerresolver-0.1.5.jar:/home/user/.m2/repository/io/opentracing/opentracing-util/0.31.0/opentracing-util-0.31.0.jar:/home/user/.m2/repository/io/opentracing/opentracing-api/0.31.0/opentracing-api-0.31.0.jar:/home/user/.m2/repository/io/opentracing/opentracing-noop/0.31.0/opentracing-noop-0.31.0.jar:/home/user/.m2/repository/org/apache/hadoop/hadoop-hdds-server-framework/0.5.0-SNAPSHOT/hadoop-hdds-server-framework-0.5.0-SNAPSHOT.jar:/home/user/.m2/repository/org/apache/hadoop/hadoop-hdds-container-service/0.5.0-SNAPSHOT/hadoop-hdds-container-service-0.5.0-SNAPSHOT.jar:/home/user/.m2/repository/org/apache/hadoop/hadoop-hdds-client/0.5.0-SNAPSHOT/hadoop-hdds-client-0.5.0-SNAPSHOT.jar:/home/user/.m2/repository/org/apache/hadoop/hadoop-hdds-tools/0.5.0-SNAPSHOT/hadoop-hdds-tools-0.5.0-SNAPSHOT.jar:/home/user/.m2/repository/org/apache/hadoop/hadoop-hdds-server-scm/0.5.0-SNAPSHOT/hadoop-hdds-server-scm-0.5.0-SNAPSHOT.jar:/home/user/.m2/repository/org/apache/hadoop/hadoop-hdds-docs/0.5.0-SNAPSHOT/hadoop-hdds-docs-0.5.0-SNAPSHOT.jar:/home/user/.m2/repository/io/dropwizard/metrics/metrics-core/3.2.4/metrics-core-3.2.4.jar:/home/user/.m2/repository/org/hamcrest/hamcrest-all/1.3/hamcrest-all-1.3.jar:/home/user/.m2/repository/org/bouncycastle/bcprov-jdk15on/1.60/bcprov-jdk15on-1.60.jar:/home/user/.m2/repository/info/picocli/picocli/3.9.6/picocli-3.9.6.jar:/home/user/.m2/repository/com/google/protobuf/protobuf-java/2.5.0/protobuf-java-2.5.0.jar:/home/user/.m2/repository/com/google/guava/guava/11.0.2/guava-11.0.2.jar:/home/user/.m2/repository/org/apache/hadoop/hadoop-ozone-ozone-manager/0.5.0-SNAPSHOT/hadoop-ozone-ozone-manager-0.5.0-SNAPSHOT.jar:/home/user/.m2/repository/org/apache/hadoop/hadoop-minikdc/3.2.0/hadoop-minikdc-3.2.0.jar:/home/user/.m2/repository/commons-io/commons-io/2.5/commons-io-2.5.jar:/home/user/.m2/repository/org/apache/kerby/kerb-simplekdc/1.0.1/kerb-simplekdc-1.0.1.jar:/home/user/.m2/repository/org/apache/kerby/kerb-client/1.0.1/kerb-client-1.0.1.jar:/home/user/.m2/repository/org/apache/kerby/kerby-config/1.0.1/kerby-config-1.0.1.jar:/home/user/.m2/repository/org/apache/kerby/kerb-core/1.0.1/kerb-core-1.0.1.jar:/home/user/.m2/repository/org/apache/kerby/kerby-pkix/1.0.1/kerby-pkix-1.0.1.jar:/home/user/.m2/repository/org/apache/kerby/kerby-asn1/1.0.1/kerby-asn1-1.0.1.jar:/home/user/.m2/repository/org/apache/kerby/kerby-util/1.0.1/kerby-util-1.0.1.jar:/home/user/.m2/repository/org/apache/kerby/kerb-common/1.0.1/kerb-common-1.0.1.jar:/home/user/.m2/repository/org/apache/kerby/kerb-crypto/1.0.1/kerb-crypto-1.0.1.jar:/home/user/.m2/repository/org/apache/kerby/kerb-util/1.0.1/kerb-util-1.0.1.jar:/home/user/.m2/repository/org/apache/kerby/token-provider/1.0.1/token-provider-1.0.1.jar:/home/user/.m2/repository/org/apache/kerby/kerb-admin/1.0.1/kerb-admin-1.0.1.jar:/home/user/.m2/repository/org/apache/kerby/kerb-server/1.0.1/kerb-server-1.0.1.jar:/home/user/.m2/repository/org/apache/kerby/kerb-identity/1.0.1/kerb-identity-1.0.1.jar:/home/user/.m2/repository/org/apache/kerby/kerby-xdr/1.0.1/kerby-xdr-1.0.1.jar:/home/user/.m2/repository/org/slf4j/slf4j-log4j12/1.7.25/slf4j-log4j12-1.7.25.jar:/home/user/.m2/repository/org/apache/hadoop/hadoop-ozone-s3gateway/0.5.0-SNAPSHOT/hadoop-ozone-s3gateway-0.5.0-SNAPSHOT.jar:/home/user/.m2/repository/org/jboss/weld/servlet/weld-servlet/2.4.7.Final/weld-servlet-2.4.7.Final.jar:/home/user/.m2/repository/org/glassfish/jersey/containers/jersey-container-servlet-core/2.27/jersey-container-servlet-core-2.27.jar:/home/user/.m2/repository/org/glassfish/hk2/external/javax.inject/2.5.0-b42/javax.inject-2.5.0-b42.jar:/home/user/.m2/repository/org/glassfish/jersey/core/jersey-common/2.27/jersey-common-2.27.jar:/home/user/.m2/repository/org/glassfish/hk2/osgi-resource-locator/1.0.1/osgi-resource-locator-1.0.1.jar:/home/user/.m2/repository/javax/ws/rs/javax.ws.rs-api/2.1/javax.ws.rs-api-2.1.jar:/home/user/.m2/repository/org/glassfish/jersey/ext/cdi/jersey-cdi1x/2.27/jersey-cdi1x-2.27.jar:/home/user/.m2/repository/org/glassfish/jersey/inject/jersey-hk2/2.27/jersey-hk2-2.27.jar:/home/user/.m2/repository/org/glassfish/hk2/hk2-locator/2.5.0-b42/hk2-locator-2.5.0-b42.jar:/home/user/.m2/repository/org/javassist/javassist/3.22.0-CR2/javassist-3.22.0-CR2.jar:/home/user/.m2/repository/org/glassfish/hk2/hk2-api/2.5.0/hk2-api-2.5.0.jar:/home/user/.m2/repository/org/glassfish/hk2/external/jakarta.inject/2.5.0/jakarta.inject-2.5.0.jar:/home/user/.m2/repository/org/glassfish/hk2/hk2-utils/2.5.0/hk2-utils-2.5.0.jar:/home/user/.m2/repository/jakarta/annotation/jakarta.annotation-api/1.3.4/jakarta.annotation-api-1.3.4.jar:/home/user/.m2/repository/org/glassfish/hk2/external/aopalliance-repackaged/2.5.0/aopalliance-repackaged-2.5.0.jar:/home/user/.m2/repository/com/fasterxml/jackson/dataformat/jackson-dataformat-xml/2.9.0/jackson-dataformat-xml-2.9.0.jar:/home/user/.m2/repository/com/fasterxml/jackson/core/jackson-core/2.9.9/jackson-core-2.9.9.jar:/home/user/.m2/repository/com/fasterxml/jackson/module/jackson-module-jaxb-annotations/2.9.9/jackson-module-jaxb-annotations-2.9.9.jar:/home/user/.m2/repository/javax/enterprise/cdi-api/1.2/cdi-api-1.2.jar:/home/user/.m2/repository/javax/el/javax.el-api/3.0.0/javax.el-api-3.0.0.jar:/home/user/.m2/repository/javax/interceptor/javax.interceptor-api/1.2/javax.interceptor-api-1.2.jar:/home/user/.m2/repository/javax/inject/javax.inject/1/javax.inject-1.jar:/home/user/.m2/repository/com/sun/xml/bind/jaxb-impl/2.3.0.1/jaxb-impl-2.3.0.1.jar:/home/user/.m2/repository/com/sun/xml/bind/jaxb-core/2.3.0.1/jaxb-core-2.3.0.1.jar:/home/user/.m2/repository/javax/xml/bind/jaxb-api/2.3.0/jaxb-api-2.3.0.jar:/home/user/.m2/repository/javax/activation/activation/1.1.1/activation-1.1.1.jar:/home/user/.m2/repository/org/apache/hadoop/hadoop-ozone-csi/0.5.0-SNAPSHOT/hadoop-ozone-csi-0.5.0-SNAPSHOT.jar:/home/user/.m2/repository/com/google/protobuf/protobuf-java-util/3.5.1/protobuf-java-util-3.5.1.jar:/home/user/.m2/repository/org/apache/hadoop/hadoop-hdds-config/0.5.0-SNAPSHOT/hadoop-hdds-config-0.5.0-SNAPSHOT.jar:/home/user/.m2/repository/io/grpc/grpc-netty/1.17.1/grpc-netty-1.17.1.jar:/home/user/.m2/repository/io/grpc/grpc-core/1.17.1/grpc-core-1.17.1.jar:/home/user/.m2/repository/io/grpc/grpc-context/1.17.1/grpc-context-1.17.1.jar:/home/user/.m2/repository/com/google/errorprone/error_prone_annotations/2.2.0/error_prone_annotations-2.2.0.jar:/home/user/.m2/repository/org/codehaus/mojo/animal-sniffer-annotations/1.17/animal-sniffer-annotations-1.17.jar:/home/user/.m2/repository/io/opencensus/opencensus-api/0.17.0/opencensus-api-0.17.0.jar:/home/user/.m2/repository/io/opencensus/opencensus-contrib-grpc-metrics/0.17.0/opencensus-contrib-grpc-metrics-0.17.0.jar:/home/user/.m2/repository/io/netty/netty-codec-http2/4.1.30.Final/netty-codec-http2-4.1.30.Final.jar:/home/user/.m2/repository/io/netty/netty-codec-http/4.1.30.Final/netty-codec-http-4.1.30.Final.jar:/home/user/.m2/repository/io/netty/netty-codec/4.1.30.Final/netty-codec-4.1.30.Final.jar:/home/user/.m2/repository/io/netty/netty-handler/4.1.30.Final/netty-handler-4.1.30.Final.jar:/home/user/.m2/repository/io/netty/netty-handler-proxy/4.1.30.Final/netty-handler-proxy-4.1.30.Final.jar:/home/user/.m2/repository/io/netty/netty-codec-socks/4.1.30.Final/netty-codec-socks-4.1.30.Final.jar:/home/user/.m2/repository/io/netty/netty-transport-native-epoll/4.1.30.Final/netty-transport-native-epoll-4.1.30.Final.jar:/home/user/.m2/repository/io/netty/netty-common/4.1.30.Final/netty-common-4.1.30.Final.jar:/home/user/.m2/repository/io/netty/netty-buffer/4.1.30.Final/netty-buffer-4.1.30.Final.jar:/home/user/.m2/repository/io/netty/netty-transport/4.1.30.Final/netty-transport-4.1.30.Final.jar:/home/user/.m2/repository/io/netty/netty-resolver/4.1.30.Final/netty-resolver-4.1.30.Final.jar:/home/user/.m2/repository/io/netty/netty-transport-native-unix-common/4.1.30.Final/netty-transport-native-unix-common-4.1.30.Final.jar:/home/user/.m2/repository/io/grpc/grpc-protobuf/1.17.1/grpc-protobuf-1.17.1.jar:/home/user/.m2/repository/com/google/api/grpc/proto-google-common-protos/1.0.0/proto-google-common-protos-1.0.0.jar:/home/user/.m2/repository/io/grpc/grpc-protobuf-lite/1.17.1/grpc-protobuf-lite-1.17.1.jar:/home/user/.m2/repository/io/grpc/grpc-stub/1.17.1/grpc-stub-1.17.1.jar:/home/user/.m2/repository/org/apache/hadoop/hadoop-ozone-recon/0.5.0-SNAPSHOT/hadoop-ozone-recon-0.5.0-SNAPSHOT.jar:/home/user/.m2/repository/org/apache/hadoop/hadoop-ozone-reconcodegen/0.5.0-SNAPSHOT/hadoop-ozone-reconcodegen-0.5.0-SNAPSHOT.jar:/home/user/.m2/repository/com/google/inject/extensions/guice-multibindings/4.0/guice-multibindings-4.0.jar:/home/user/.m2/repository/com/google/inject/guice/4.0/guice-4.0.jar:/home/user/.m2/repository/aopalliance/aopalliance/1.0/aopalliance-1.0.jar:/home/user/.m2/repository/com/google/inject/extensions/guice-servlet/4.0/guice-servlet-4.0.jar:/home/user/.m2/repository/org/glassfish/jersey/containers/jersey-container-servlet/2.27/jersey-container-servlet-2.27.jar:/home/user/.m2/repository/org/glassfish/hk2/guice-bridge/2.5.0/guice-bridge-2.5.0.jar:/home/user/.m2/repository/org/glassfish/jersey/core/jersey-server/2.27/jersey-server-2.27.jar:/home/user/.m2/repository/org/glassfish/jersey/core/jersey-client/2.27/jersey-client-2.27.jar:/home/user/.m2/repository/org/glassfish/jersey/media/jersey-media-jaxb/2.27/jersey-media-jaxb-2.27.jar:/home/user/.m2/repository/javax/validation/validation-api/1.1.0.Final/validation-api-1.1.0.Final.jar:/home/user/.m2/repository/org/glassfish/jersey/media/jersey-media-json-jackson/2.27/jersey-media-json-jackson-2.27.jar:/home/user/.m2/repository/org/glassfish/jersey/ext/jersey-entity-filtering/2.27/jersey-entity-filtering-2.27.jar:/home/user/.m2/repository/com/google/inject/extensions/guice-assistedinject/4.0/guice-assistedinject-4.0.jar:/home/user/.m2/repository/org/jooq/jooq/3.11.10/jooq-3.11.10.jar:/home/user/.m2/repository/org/jooq/jooq-meta/3.11.10/jooq-meta-3.11.10.jar:/home/user/.m2/repository/org/jooq/jooq-codegen/3.11.10/jooq-codegen-3.11.10.jar:/home/user/.m2/repository/com/jolbox/bonecp/0.8.0.RELEASE/bonecp-0.8.0.RELEASE.jar:/home/user/.m2/repository/org/xerial/sqlite-jdbc/3.25.2/sqlite-jdbc-3.25.2.jar:/home/user/.m2/repository/org/springframework/spring-jdbc/5.1.3.RELEASE/spring-jdbc-5.1.3.RELEASE.jar:/home/user/.m2/repository/org/springframework/spring-beans/5.1.3.RELEASE/spring-beans-5.1.3.RELEASE.jar:/home/user/.m2/repository/org/springframework/spring-core/5.1.3.RELEASE/spring-core-5.1.3.RELEASE.jar:/home/user/.m2/repository/org/springframework/spring-jcl/5.1.3.RELEASE/spring-jcl-5.1.3.RELEASE.jar:/home/user/.m2/repository/org/springframework/spring-tx/5.1.3.RELEASE/spring-tx-5.1.3.RELEASE.jar:/home/user/.m2/repository/org/apache/hadoop/hadoop-ozone-client/0.5.0-SNAPSHOT/hadoop-ozone-client-0.5.0-SNAPSHOT.jar:/home/user/.m2/repository/commons-lang/commons-lang/2.6/commons-lang-2.6.jar:/home/user/.m2/repository/org/apache/hadoop/hadoop-ozone-ozone-manager/0.5.0-SNAPSHOT/hadoop-ozone-ozone-manager-0.5.0-SNAPSHOT-tests.jar:/home/user/.m2/repository/junit/junit/4.11/junit-4.11.jar:/home/user/.m2/repository/org/hamcrest/hamcrest-core/1.3/hamcrest-core-1.3.jar:/home/user/.m2/repository/org/openjdk/jmh/jmh-core/1.19/jmh-core-1.19.jar:/home/user/.m2/repository/net/sf/jopt-simple/jopt-simple/4.6/jopt-simple-4.6.jar:/home/user/.m2/repository/org/apache/commons/commons-math3/3.1.1/commons-math3-3.1.1.jar:/home/user/.m2/repository/org/openjdk/jmh/jmh-generator-annprocess/1.19/jmh-generator-annprocess-1.19.jar:/home/user/.m2/repository/org/mockito/mockito-all/1.8.5/mockito-all-1.8.5.jar:/home/user/.m2/repository/org/apache/hadoop/hadoop-kms/3.2.0/hadoop-kms-3.2.0.jar:/home/user/.m2/repository/org/apache/hadoop/hadoop-auth/3.2.0/hadoop-auth-3.2.0.jar:/home/user/.m2/repository/com/nimbusds/nimbus-jose-jwt/4.41.1/nimbus-jose-jwt-4.41.1.jar:/home/user/.m2/repository/com/github/stephenc/jcip/jcip-annotations/1.0-1/jcip-annotations-1.0-1.jar:/home/user/.m2/repository/net/minidev/json-smart/2.3/json-smart-2.3.jar:/home/user/.m2/repository/net/minidev/accessors-smart/1.2/accessors-smart-1.2.jar:/home/user/.m2/repository/org/ow2/asm/asm/5.0.4/asm-5.0.4.jar:/home/user/.m2/repository/org/apache/curator/curator-framework/2.12.0/curator-framework-2.12.0.jar:/home/user/.m2/repository/com/sun/jersey/jersey-core/1.19/jersey-core-1.19.jar:/home/user/.m2/repository/javax/ws/rs/jsr311-api/1.1.1/jsr311-api-1.1.1.jar:/home/user/.m2/repository/com/sun/jersey/jersey-server/1.19/jersey-server-1.19.jar:/home/user/.m2/repository/javax/servlet/javax.servlet-api/3.1.0/javax.servlet-api-3.1.0.jar:/home/user/.m2/repository/org/eclipse/jetty/jetty-server/9.3.25.v20180904/jetty-server-9.3.25.v20180904.jar:/home/user/.m2/repository/org/eclipse/jetty/jetty-http/9.3.25.v20180904/jetty-http-9.3.25.v20180904.jar:/home/user/.m2/repository/org/eclipse/jetty/jetty-io/9.3.25.v20180904/jetty-io-9.3.25.v20180904.jar:/home/user/.m2/repository/org/eclipse/jetty/jetty-webapp/9.3.25.v20180904/jetty-webapp-9.3.25.v20180904.jar:/home/user/.m2/repository/org/eclipse/jetty/jetty-xml/9.3.25.v20180904/jetty-xml-9.3.25.v20180904.jar:/home/user/.m2/repository/log4j/log4j/1.2.17/log4j-1.2.17.jar:/home/user/.m2/repository/org/slf4j/slf4j-api/1.7.25/slf4j-api-1.7.25.jar:/home/user/.m2/repository/org/slf4j/jul-to-slf4j/1.7.25/jul-to-slf4j-1.7.25.jar:/home/user/.m2/repository/org/eclipse/jetty/jetty-util/9.3.25.v20180904/jetty-util-9.3.25.v20180904.jar:/home/user/.m2/repository/com/fasterxml/jackson/core/jackson-databind/2.9.9/jackson-databind-2.9.9.jar:/home/user/.m2/repository/org/apache/hadoop/hadoop-kms/3.2.0/hadoop-kms-3.2.0-tests.jar:/home/user/.m2/repository/org/apache/hadoop/hadoop-hdds-server-scm/0.5.0-SNAPSHOT/hadoop-hdds-server-scm-0.5.0-SNAPSHOT-tests.jar:/home/user/.m2/repository/org/apache/hadoop/hadoop-hdds-container-service/0.5.0-SNAPSHOT/hadoop-hdds-container-service-0.5.0-SNAPSHOT-tests.jar:/home/user/.m2/repository/org/yaml/snakeyaml/1.16/snakeyaml-1.16.jar:/home/user/.m2/repository/org/apache/hadoop/hadoop-common/3.2.0/hadoop-common-3.2.0-tests.jar:/home/user/.m2/repository/org/apache/hadoop/hadoop-annotations/3.2.0/hadoop-annotations-3.2.0.jar:/usr/lib/jvm/java-1.8-openjdk/jre/../lib/tools.jar:/home/user/.m2/repository/commons-cli/commons-cli/1.2/commons-cli-1.2.jar:/home/user/.m2/repository/org/apache/httpcomponents/httpclient/4.5.2/httpclient-4.5.2.jar:/home/user/.m2/repository/org/apache/httpcomponents/httpcore/4.4.4/httpcore-4.4.4.jar:/home/user/.m2/repository/commons-codec/commons-codec/1.11/commons-codec-1.11.jar:/home/user/.m2/repository/commons-net/commons-net/3.6/commons-net-3.6.jar:/home/user/.m2/repository/commons-collections/commons-collections/3.2.2/commons-collections-3.2.2.jar:/home/user/.m2/repository/org/eclipse/jetty/jetty-servlet/9.3.25.v20180904/jetty-servlet-9.3.25.v20180904.jar:/home/user/.m2/repository/org/eclipse/jetty/jetty-security/9.3.25.v20180904/jetty-security-9.3.25.v20180904.jar:/home/user/.m2/repository/javax/servlet/jsp/jsp-api/2.1/jsp-api-2.1.jar:/home/user/.m2/repository/com/sun/jersey/jersey-servlet/1.19/jersey-servlet-1.19.jar:/home/user/.m2/repository/com/sun/jersey/jersey-json/1.19/jersey-json-1.19.jar:/home/user/.m2/repository/org/codehaus/jettison/jettison/1.1/jettison-1.1.jar:/home/user/.m2/repository/org/codehaus/jackson/jackson-core-asl/1.9.13/jackson-core-asl-1.9.13.jar:/home/user/.m2/repository/org/codehaus/jackson/jackson-mapper-asl/1.9.13/jackson-mapper-asl-1.9.13.jar:/home/user/.m2/repository/org/codehaus/jackson/jackson-jaxrs/1.9.13/jackson-jaxrs-1.9.13.jar:/home/user/.m2/repository/org/codehaus/jackson/jackson-xc/1.9.13/jackson-xc-1.9.13.jar:/home/user/.m2/repository/commons-logging/commons-logging/1.1.3/commons-logging-1.1.3.jar:/home/user/.m2/repository/commons-beanutils/commons-beanutils/1.9.4/commons-beanutils-1.9.4.jar:/home/user/.m2/repository/org/apache/commons/commons-configuration2/2.1.1/commons-configuration2-2.1.1.jar:/home/user/.m2/repository/org/apache/commons/commons-lang3/3.7/commons-lang3-3.7.jar:/home/user/.m2/repository/org/apache/commons/commons-text/1.4/commons-text-1.4.jar:/home/user/.m2/repository/org/apache/avro/avro/1.7.7/avro-1.7.7.jar:/home/user/.m2/repository/com/thoughtworks/paranamer/paranamer/2.3/paranamer-2.3.jar:/home/user/.m2/repository/org/xerial/snappy/snappy-java/1.0.5/snappy-java-1.0.5.jar:/home/user/.m2/repository/com/google/re2j/re2j/1.1/re2j-1.1.jar:/home/user/.m2/repository/com/google/code/gson/gson/2.2.4/gson-2.2.4.jar:/home/user/.m2/repository/com/jcraft/jsch/0.1.54/jsch-0.1.54.jar:/home/user/.m2/repository/org/apache/curator/curator-client/2.12.0/curator-client-2.12.0.jar:/home/user/.m2/repository/org/apache/curator/curator-recipes/2.12.0/curator-recipes-2.12.0.jar:/home/user/.m2/repository/com/google/code/findbugs/jsr305/3.0.0/jsr305-3.0.0.jar:/home/user/.m2/repository/org/apache/htrace/htrace-core4/4.1.0-incubating/htrace-core4-4.1.0-incubating.jar:/home/user/.m2/repository/org/apache/zookeeper/zookeeper/3.4.13/zookeeper-3.4.13.jar:/home/user/.m2/repository/jline/jline/0.9.94/jline-0.9.94.jar:/home/user/.m2/repository/org/apache/yetus/audience-annotations/0.5.0/audience-annotations-0.5.0.jar:/home/user/.m2/repository/org/codehaus/woodstox/stax2-api/3.1.4/stax2-api-3.1.4.jar:/home/user/.m2/repository/com/fasterxml/woodstox/woodstox-core/5.0.3/woodstox-core-5.0.3.jar:/home/user/.m2/repository/dnsjava/dnsjava/2.1.7/dnsjava-2.1.7.jar:/home/user/.m2/repository/org/apache/hadoop/hadoop-hdfs/3.2.0/hadoop-hdfs-3.2.0-tests.jar:/home/user/.m2/repository/org/eclipse/jetty/jetty-util-ajax/9.3.25.v20180904/jetty-util-ajax-9.3.25.v20180904.jar:/home/user/.m2/repository/commons-daemon/commons-daemon/1.0.13/commons-daemon-1.0.13.jar:/home/user/.m2/repository/io/netty/netty/3.10.5.Final/netty-3.10.5.Final.jar:/home/user/.m2/repository/io/netty/netty-all/4.0.52.Final/netty-all-4.0.52.Final.jar:/home/user/.m2/repository/org/fusesource/leveldbjni/leveldbjni-all/1.8/leveldbjni-all-1.8.jar:"/>
    <property name="sun.cpu.endian" value="little"/>
    <property name="user.home" value="/home/user"/>
    <property name="user.language" value="en"/>
    <property name="java.specification.vendor" value="Oracle Corporation"/>
    <property name="java.home" value="/usr/lib/jvm/java-1.8-openjdk/jre"/>
    <property name="java.security.krb5.conf" value="/workdir/hadoop-ozone/integration-test/target/test-classes/krb5.conf"/>
    <property name="basedir" value="/workdir/hadoop-ozone/integration-test"/>
    <property name="file.separator" value="/"/>
    <property name="line.separator" value="&#10;"/>
    <property name="java.vm.specification.vendor" value="Oracle Corporation"/>
    <property name="java.specification.name" value="Java Platform API Specification"/>
    <property name="java.awt.graphicsenv" value="sun.awt.X11GraphicsEnvironment"/>
    <property name="surefire.real.class.path" value="/workdir/hadoop-ozone/integration-test/target/surefire/surefirebooter8559076517060911565.jar"/>
    <property name="hadoop.log.dir" value="/workdir/hadoop-ozone/integration-test/target/log"/>
    <property name="sun.boot.class.path" value="/usr/lib/jvm/java-1.8-openjdk/jre/lib/resources.jar:/usr/lib/jvm/java-1.8-openjdk/jre/lib/rt.jar:/usr/lib/jvm/java-1.8-openjdk/jre/lib/sunrsasign.jar:/usr/lib/jvm/java-1.8-openjdk/jre/lib/jsse.jar:/usr/lib/jvm/java-1.8-openjdk/jre/lib/jce.jar:/usr/lib/jvm/java-1.8-openjdk/jre/lib/charsets.jar:/usr/lib/jvm/java-1.8-openjdk/jre/lib/jfr.jar:/usr/lib/jvm/java-1.8-openjdk/jre/classes"/>
    <property name="sun.management.compiler" value="HotSpot 64-Bit Tiered Compilers"/>
    <property name="java.runtime.version" value="1.8.0_212-b04"/>
    <property name="java.net.preferIPv4Stack" value="true"/>
    <property name="user.name" value="jenkins1000"/>
    <property name="path.separator" value=":"/>
    <property name="java.security.egd" value="file:///dev/urandom"/>
    <property name="os.version" value="3.10.0-957.12.2.el7.x86_64"/>
    <property name="java.endorsed.dirs" value="/usr/lib/jvm/java-1.8-openjdk/jre/lib/endorsed"/>
    <property name="java.runtime.name" value="OpenJDK Runtime Environment"/>
    <property name="file.encoding" value="UTF-8"/>
    <property name="java.vm.name" value="OpenJDK 64-Bit Server VM"/>
    <property name="test.build.webapps" value=""/>
    <property name="localRepository" value="/home/user/.m2/repository"/>
    <property name="java.vendor.url.bug" value="https://icedtea.classpath.org/bugzilla"/>
    <property name="java.io.tmpdir" value="/tmp"/>
    <property name="require.test.libhadoop" value=""/>
    <property name="java.version" value="1.8.0_212"/>
    <property name="user.dir" value="/workdir/hadoop-ozone/integration-test"/>
    <property name="os.arch" value="amd64"/>
    <property name="java.vm.specification.name" value="Java Virtual Machine Specification"/>
    <property name="test.build.classes" value="/workdir/hadoop-ozone/integration-test/target/test-classes"/>
    <property name="java.awt.printerjob" value="sun.print.PSPrinterJob"/>
    <property name="sun.os.patch.level" value="unknown"/>
    <property name="hadoop.tmp.dir" value="/workdir/hadoop-ozone/integration-test/target/tmp"/>
    <property name="java.library.path" value="/usr/lib/jvm/java-1.8-openjdk/jre/lib/amd64/server:/usr/lib/jvm/java-1.8-openjdk/jre/lib/amd64:/usr/lib/jvm/java-1.8-openjdk/jre/../lib/amd64:/workdir/hadoop-ozone/integration-test/target/native/target/usr/local/lib:/workdir/hadoop-ozone/integration-test/../../hadoop-common-project/hadoop-common/target/native/target/usr/local/lib:/usr/java/packages/lib/amd64:/usr/lib64:/lib64:/lib:/usr/lib"/>
    <property name="java.vm.info" value="mixed mode"/>
    <property name="java.vendor" value="IcedTea"/>
    <property name="java.vm.version" value="25.212-b04"/>
    <property name="java.ext.dirs" value="/usr/lib/jvm/java-1.8-openjdk/jre/lib/ext:/usr/java/packages/lib/ext"/>
    <property name="sun.io.unicode.encoding" value="UnicodeLittle"/>
    <property name="java.class.version" value="52.0"/>
  </properties>
  <testcase name="testWatchForCommitWithKeyWrite" classname="org.apache.hadoop.ozone.client.rpc.TestWatchForCommit" time="79.915"/>
  <testcase name="testWatchForCommitWithSmallerTimeoutValue" classname="org.apache.hadoop.ozone.client.rpc.TestWatchForCommit" time="43.203"/>
  <testcase name="testWatchForCommitForRetryfailure" classname="org.apache.hadoop.ozone.client.rpc.TestWatchForCommit" time="83.627"/>
  <testcase name="testWatchForCommitForGroupMismatchException" classname="org.apache.hadoop.ozone.client.rpc.TestWatchForCommit" time="36.921"/>
  <testcase name="test2WayCommitForTimeoutException" classname="org.apache.hadoop.ozone.client.rpc.TestWatchForCommit" time="27.079">
    <error type="java.util.concurrent.TimeoutException">java.util.concurrent.TimeoutException
	at java.util.concurrent.CompletableFuture.timedGet(CompletableFuture.java:1771)
	at java.util.concurrent.CompletableFuture.get(CompletableFuture.java:1915)
	at org.apache.hadoop.hdds.scm.XceiverClientRatis.watchForCommit(XceiverClientRatis.java:298)
	at org.apache.hadoop.ozone.client.rpc.TestWatchForCommit.test2WayCommitForTimeoutException(TestWatchForCommit.java:391)
	at sun.reflect.NativeMethodAccessorImpl.invoke0(Native Method)
	at sun.reflect.NativeMethodAccessorImpl.invoke(NativeMethodAccessorImpl.java:62)
	at sun.reflect.DelegatingMethodAccessorImpl.invoke(DelegatingMethodAccessorImpl.java:43)
	at java.lang.reflect.Method.invoke(Method.java:498)
	at org.junit.runners.model.FrameworkMethod$1.runReflectiveCall(FrameworkMethod.java:47)
	at org.junit.internal.runners.model.ReflectiveCallable.run(ReflectiveCallable.java:12)
	at org.junit.runners.model.FrameworkMethod.invokeExplosively(FrameworkMethod.java:44)
	at org.junit.internal.runners.statements.InvokeMethod.evaluate(InvokeMethod.java:17)
	at org.junit.runners.ParentRunner.runLeaf(ParentRunner.java:271)
	at org.junit.runners.BlockJUnit4ClassRunner.runChild(BlockJUnit4ClassRunner.java:70)
	at org.junit.runners.BlockJUnit4ClassRunner.runChild(BlockJUnit4ClassRunner.java:50)
	at org.junit.runners.ParentRunner$3.run(ParentRunner.java:238)
	at org.junit.runners.ParentRunner$1.schedule(ParentRunner.java:63)
	at org.junit.runners.ParentRunner.runChildren(ParentRunner.java:236)
	at org.junit.runners.ParentRunner.access$000(ParentRunner.java:53)
	at org.junit.runners.ParentRunner$2.evaluate(ParentRunner.java:229)
	at org.junit.runners.ParentRunner.run(ParentRunner.java:309)
	at org.apache.maven.surefire.junit4.JUnit4Provider.execute(JUnit4Provider.java:365)
	at org.apache.maven.surefire.junit4.JUnit4Provider.executeWithRerun(JUnit4Provider.java:273)
	at org.apache.maven.surefire.junit4.JUnit4Provider.executeTestSet(JUnit4Provider.java:238)
	at org.apache.maven.surefire.junit4.JUnit4Provider.invoke(JUnit4Provider.java:159)
	at org.apache.maven.surefire.booter.ForkedBooter.invokeProviderInSameClassLoader(ForkedBooter.java:384)
	at org.apache.maven.surefire.booter.ForkedBooter.runSuitesInProcess(ForkedBooter.java:345)
	at org.apache.maven.surefire.booter.ForkedBooter.execute(ForkedBooter.java:126)
	at org.apache.maven.surefire.booter.ForkedBooter.main(ForkedBooter.java:418)
</error>
    <system-out><![CDATA[2019-10-04 00:18:22,961 [main] WARN  server.ServerUtils (ServerUtils.java:getScmDbDir(145)) - ozone.scm.db.dirs is not configured. We recommend adding this setting. Falling back to ozone.metadata.dirs instead.
2019-10-04 00:18:22,977 [main] WARN  server.ServerUtils (ServerUtils.java:getScmDbDir(145)) - ozone.scm.db.dirs is not configured. We recommend adding this setting. Falling back to ozone.metadata.dirs instead.
2019-10-04 00:18:22,977 [main] WARN  server.ServerUtils (ServerUtils.java:getScmDbDir(145)) - ozone.scm.db.dirs is not configured. We recommend adding this setting. Falling back to ozone.metadata.dirs instead.
2019-10-04 00:18:22,978 [main] INFO  db.DBStoreBuilder (DBStoreBuilder.java:addTable(110)) - using custom profile for table: deletedBlocks
2019-10-04 00:18:22,978 [main] INFO  db.DBStoreBuilder (DBStoreBuilder.java:processTables(161)) - Using default column profile:DBProfile.DISK for Table:deletedBlocks
2019-10-04 00:18:22,979 [main] INFO  db.DBStoreBuilder (DBStoreBuilder.java:addTable(110)) - using custom profile for table: validCerts
2019-10-04 00:18:22,979 [main] INFO  db.DBStoreBuilder (DBStoreBuilder.java:processTables(161)) - Using default column profile:DBProfile.DISK for Table:validCerts
2019-10-04 00:18:22,979 [main] INFO  db.DBStoreBuilder (DBStoreBuilder.java:addTable(110)) - using custom profile for table: revokedCerts
2019-10-04 00:18:22,979 [main] INFO  db.DBStoreBuilder (DBStoreBuilder.java:processTables(161)) - Using default column profile:DBProfile.DISK for Table:revokedCerts
2019-10-04 00:18:22,979 [main] INFO  db.DBStoreBuilder (DBStoreBuilder.java:addTable(110)) - using custom profile for table: default
2019-10-04 00:18:22,979 [main] INFO  db.DBStoreBuilder (DBStoreBuilder.java:processTables(167)) - Using default column profile:DBProfile.DISK for Table:default
2019-10-04 00:18:22,980 [main] INFO  db.DBStoreBuilder (DBStoreBuilder.java:getDbProfile(198)) - Using default options. DBProfile.DISK
2019-10-04 00:18:23,133 [main] INFO  net.NodeSchemaLoader (NodeSchemaLoader.java:loadSchemaFromFile(125)) - Loading file from sun.misc.CompoundEnumeration@13cc0b90
2019-10-04 00:18:23,133 [main] INFO  net.NodeSchemaLoader (NodeSchemaLoader.java:loadSchema(171)) - Loading network topology layer schema file
2019-10-04 00:18:23,141 [main] WARN  server.ServerUtils (ServerUtils.java:sanitizeUserArgs(70)) - ozone.scm.stale.node.interval value = 300000 is larger than max = 100000 based on the key value of ozone.scm.heartbeat.thread.interval, reset to the max value 100000.
2019-10-04 00:18:23,141 [main] WARN  server.ServerUtils (ServerUtils.java:sanitizeUserArgs(70)) - ozone.scm.stale.node.interval value = 300000 is larger than max = 100000 based on the key value of ozone.scm.heartbeat.thread.interval, reset to the max value 100000.
2019-10-04 00:18:23,141 [main] INFO  node.SCMNodeManager (SCMNodeManager.java:<init>(114)) - Entering startup safe mode.
2019-10-04 00:18:23,142 [main] INFO  algorithms.ContainerPlacementPolicyFactory (ContainerPlacementPolicyFactory.java:getPolicy(57)) - Create container placement policy of type org.apache.hadoop.hdds.scm.container.placement.algorithms.SCMContainerPlacementRandom
2019-10-04 00:18:23,143 [main] WARN  server.ServerUtils (ServerUtils.java:getScmDbDir(145)) - ozone.scm.db.dirs is not configured. We recommend adding this setting. Falling back to ozone.metadata.dirs instead.
2019-10-04 00:18:23,174 [main] INFO  pipeline.SCMPipelineManager (SCMPipelineManager.java:initializePipelineState(132)) - No pipeline exists in current db
2019-10-04 00:18:23,174 [main] WARN  server.ServerUtils (ServerUtils.java:getScmDbDir(145)) - ozone.scm.db.dirs is not configured. We recommend adding this setting. Falling back to ozone.metadata.dirs instead.
2019-10-04 00:18:23,200 [main] WARN  events.EventQueue (EventQueue.java:fireEvent(183)) - No event handler registered for event TypedEvent{payloadType=SafeModeStatus, name='SafeModeStatus'}
2019-10-04 00:18:23,202 [main] INFO  ipc.CallQueueManager (CallQueueManager.java:<init>(84)) - Using callQueue: class java.util.concurrent.LinkedBlockingQueue, queueCapacity: 2000, scheduler: class org.apache.hadoop.ipc.DefaultRpcScheduler, ipcBackoff: false.
2019-10-04 00:18:23,203 [Socket Reader #1 for port 45541] INFO  ipc.Server (Server.java:run(1074)) - Starting Socket Reader #1 for port 45541
2019-10-04 00:18:23,206 [main] INFO  ipc.CallQueueManager (CallQueueManager.java:<init>(84)) - Using callQueue: class java.util.concurrent.LinkedBlockingQueue, queueCapacity: 2000, scheduler: class org.apache.hadoop.ipc.DefaultRpcScheduler, ipcBackoff: false.
2019-10-04 00:18:23,206 [Socket Reader #1 for port 45802] INFO  ipc.Server (Server.java:run(1074)) - Starting Socket Reader #1 for port 45802
2019-10-04 00:18:23,208 [main] INFO  ipc.CallQueueManager (CallQueueManager.java:<init>(84)) - Using callQueue: class java.util.concurrent.LinkedBlockingQueue, queueCapacity: 2000, scheduler: class org.apache.hadoop.ipc.DefaultRpcScheduler, ipcBackoff: false.
2019-10-04 00:18:23,209 [Socket Reader #1 for port 37623] INFO  ipc.Server (Server.java:run(1074)) - Starting Socket Reader #1 for port 37623
2019-10-04 00:18:23,212 [main] INFO  hdfs.DFSUtil (DFSUtil.java:httpServerTemplateForNNAndJN(1641)) - Starting Web-server for scm at: http://0.0.0.0:0
2019-10-04 00:18:23,214 [main] INFO  server.AuthenticationFilter (AuthenticationFilter.java:constructSecretProvider(240)) - Unable to initialize FileSignerSecretProvider, falling back to use random secrets.
2019-10-04 00:18:23,215 [main] WARN  http.HttpRequestLog (HttpRequestLog.java:getRequestLog(97)) - Jetty request log can only be enabled using Log4j
2019-10-04 00:18:23,217 [main] INFO  http.HttpServer2 (HttpServer2.java:addGlobalFilter(975)) - Added global filter 'safety' (class=org.apache.hadoop.http.HttpServer2$QuotingInputFilter)
2019-10-04 00:18:23,217 [main] INFO  http.HttpServer2 (HttpServer2.java:addFilter(948)) - Added filter static_user_filter (class=org.apache.hadoop.http.lib.StaticUserWebFilter$StaticUserFilter) to context scm
2019-10-04 00:18:23,217 [main] INFO  http.HttpServer2 (HttpServer2.java:addFilter(958)) - Added filter static_user_filter (class=org.apache.hadoop.http.lib.StaticUserWebFilter$StaticUserFilter) to context logs
2019-10-04 00:18:23,218 [main] INFO  http.HttpServer2 (HttpServer2.java:addFilter(958)) - Added filter static_user_filter (class=org.apache.hadoop.http.lib.StaticUserWebFilter$StaticUserFilter) to context static
2019-10-04 00:18:23,220 [main] INFO  server.StorageContainerManager (StorageContainerManager.java:start(770)) - StorageContainerLocationProtocol RPC server is listening at /0.0.0.0:37623
2019-10-04 00:18:23,222 [main] WARN  impl.MetricsConfig (MetricsConfig.java:loadFirst(134)) - Cannot locate configuration: tried hadoop-metrics2-storagecontainermanager.properties,hadoop-metrics2.properties
2019-10-04 00:18:23,223 [main] INFO  impl.MetricsSystemImpl (MetricsSystemImpl.java:startTimer(374)) - Scheduled Metric snapshot period at 10 second(s).
2019-10-04 00:18:23,223 [main] INFO  impl.MetricsSystemImpl (MetricsSystemImpl.java:start(191)) - StorageContainerManager metrics system started
2019-10-04 00:18:23,324 [main] WARN  impl.MetricsSystemImpl (MetricsSystemImpl.java:register(276)) - Sink prometheus already exists!
2019-10-04 00:18:23,425 [main] INFO  server.SCMClientProtocolServer (SCMClientProtocolServer.java:start(159)) - RPC server for Client  is listening at /0.0.0.0:37623
2019-10-04 00:18:23,426 [IPC Server listener on 37623] INFO  ipc.Server (Server.java:run(1153)) - IPC Server listener on 37623: starting
2019-10-04 00:18:23,426 [IPC Server Responder] INFO  ipc.Server (Server.java:run(1314)) - IPC Server Responder: starting
2019-10-04 00:18:23,429 [main] INFO  server.StorageContainerManager (StorageContainerManager.java:start(780)) - ScmBlockLocationProtocol RPC server is listening at /0.0.0.0:45802
2019-10-04 00:18:23,429 [main] INFO  server.SCMBlockProtocolServer (SCMBlockProtocolServer.java:start(146)) - RPC server for Block Protocol is listening at /0.0.0.0:45802
2019-10-04 00:18:23,430 [IPC Server Responder] INFO  ipc.Server (Server.java:run(1314)) - IPC Server Responder: starting
2019-10-04 00:18:23,430 [IPC Server listener on 45802] INFO  ipc.Server (Server.java:run(1153)) - IPC Server listener on 45802: starting
2019-10-04 00:18:23,434 [main] INFO  server.StorageContainerManager (StorageContainerManager.java:start(784)) - ScmDatanodeProtocl RPC server is listening at /0.0.0.0:45541
2019-10-04 00:18:23,434 [main] INFO  server.SCMDatanodeProtocolServer (SCMDatanodeProtocolServer.java:start(169)) - RPC server for DataNodes is listening at /0.0.0.0:45541
2019-10-04 00:18:23,434 [IPC Server Responder] INFO  ipc.Server (Server.java:run(1314)) - IPC Server Responder: starting
2019-10-04 00:18:23,435 [IPC Server listener on 45541] INFO  ipc.Server (Server.java:run(1153)) - IPC Server listener on 45541: starting
2019-10-04 00:18:23,440 [main] INFO  http.HttpServer2 (HttpServer2.java:bindListener(1191)) - Jetty bound to port 46524
2019-10-04 00:18:23,440 [main] INFO  server.Server (Server.java:doStart(351)) - jetty-9.3.25.v20180904, build timestamp: 2018-09-04T21:11:46Z, git hash: 3ce520221d0240229c862b122d2b06c12a625732
2019-10-04 00:18:23,442 [main] INFO  handler.ContextHandler (ContextHandler.java:doStart(781)) - Started o.e.j.s.ServletContextHandler@280fafd{/logs,file:///workdir/hadoop-ozone/integration-test/target/log,AVAILABLE}
2019-10-04 00:18:23,442 [main] INFO  handler.ContextHandler (ContextHandler.java:doStart(781)) - Started o.e.j.s.ServletContextHandler@14b275bd{/static,file:///workdir/hadoop-ozone/integration-test/target/test-classes/webapps/static,AVAILABLE}
2019-10-04 00:18:23,446 [main] INFO  handler.ContextHandler (ContextHandler.java:doStart(781)) - Started o.e.j.w.WebAppContext@756b2d90{/,file:///workdir/hadoop-ozone/integration-test/target/test-classes/webapps/scm/,AVAILABLE}{/scm}
2019-10-04 00:18:23,446 [main] INFO  server.AbstractConnector (AbstractConnector.java:doStart(278)) - Started ServerConnector@3520958b{HTTP/1.1,[http/1.1]}{0.0.0.0:46524}
2019-10-04 00:18:23,447 [main] INFO  server.Server (Server.java:doStart(419)) - Started @244600ms
2019-10-04 00:18:23,447 [main] WARN  impl.MetricsSystemImpl (MetricsSystemImpl.java:register(276)) - Sink prometheus already exists!
2019-10-04 00:18:23,448 [main] INFO  server.BaseHttpServer (BaseHttpServer.java:updateConnectorAddress(215)) - HTTP server of SCM is listening at http://0.0.0.0:46524
2019-10-04 00:18:23,450 [main] WARN  server.ServerUtils (ServerUtils.java:getDBPath(222)) - ozone.om.db.dirs is not configured. We recommend adding this setting. Falling back to ozone.metadata.dirs instead.
2019-10-04 00:18:23,450 [org.apache.hadoop.util.JvmPauseMonitor$Monitor@291a4791] INFO  util.JvmPauseMonitor (JvmPauseMonitor.java:run(188)) - Starting JVM pause monitor
2019-10-04 00:18:23,464 [main] INFO  ha.OMHANodeDetails (OMHANodeDetails.java:loadOMHAConfig(190)) - Configuration either no ozone.om.address set. Falling back to the default OM address /127.0.0.1:0
2019-10-04 00:18:23,464 [main] INFO  ha.OMHANodeDetails (OMHANodeDetails.java:getOMNodeDetails(220)) - OM Service ID is not set. Setting it to the default ID: omServiceIdDefault
2019-10-04 00:18:23,465 [main] WARN  server.ServerUtils (ServerUtils.java:getDBPath(222)) - ozone.om.db.dirs is not configured. We recommend adding this setting. Falling back to ozone.metadata.dirs instead.
2019-10-04 00:18:23,465 [main] WARN  server.ServerUtils (ServerUtils.java:getDBPath(222)) - ozone.om.db.dirs is not configured. We recommend adding this setting. Falling back to ozone.metadata.dirs instead.
2019-10-04 00:18:23,475 [main] WARN  server.ServerUtils (ServerUtils.java:getDBPath(222)) - ozone.om.db.dirs is not configured. We recommend adding this setting. Falling back to ozone.metadata.dirs instead.
2019-10-04 00:18:23,476 [main] INFO  db.DBStoreBuilder (DBStoreBuilder.java:addTable(110)) - using custom profile for table: userTable
2019-10-04 00:18:23,476 [main] INFO  db.DBStoreBuilder (DBStoreBuilder.java:processTables(161)) - Using default column profile:DBProfile.DISK for Table:userTable
2019-10-04 00:18:23,476 [main] INFO  db.DBStoreBuilder (DBStoreBuilder.java:addTable(110)) - using custom profile for table: volumeTable
2019-10-04 00:18:23,476 [main] INFO  db.DBStoreBuilder (DBStoreBuilder.java:processTables(161)) - Using default column profile:DBProfile.DISK for Table:volumeTable
2019-10-04 00:18:23,477 [main] INFO  db.DBStoreBuilder (DBStoreBuilder.java:addTable(110)) - using custom profile for table: bucketTable
2019-10-04 00:18:23,477 [main] INFO  db.DBStoreBuilder (DBStoreBuilder.java:processTables(161)) - Using default column profile:DBProfile.DISK for Table:bucketTable
2019-10-04 00:18:23,477 [main] INFO  db.DBStoreBuilder (DBStoreBuilder.java:addTable(110)) - using custom profile for table: keyTable
2019-10-04 00:18:23,478 [main] INFO  db.DBStoreBuilder (DBStoreBuilder.java:processTables(161)) - Using default column profile:DBProfile.DISK for Table:keyTable
2019-10-04 00:18:23,478 [main] INFO  db.DBStoreBuilder (DBStoreBuilder.java:addTable(110)) - using custom profile for table: deletedTable
2019-10-04 00:18:23,478 [main] INFO  db.DBStoreBuilder (DBStoreBuilder.java:processTables(161)) - Using default column profile:DBProfile.DISK for Table:deletedTable
2019-10-04 00:18:23,478 [main] INFO  db.DBStoreBuilder (DBStoreBuilder.java:addTable(110)) - using custom profile for table: openKeyTable
2019-10-04 00:18:23,479 [main] INFO  db.DBStoreBuilder (DBStoreBuilder.java:processTables(161)) - Using default column profile:DBProfile.DISK for Table:openKeyTable
2019-10-04 00:18:23,479 [main] INFO  db.DBStoreBuilder (DBStoreBuilder.java:addTable(110)) - using custom profile for table: s3Table
2019-10-04 00:18:23,479 [main] INFO  db.DBStoreBuilder (DBStoreBuilder.java:processTables(161)) - Using default column profile:DBProfile.DISK for Table:s3Table
2019-10-04 00:18:23,480 [main] INFO  db.DBStoreBuilder (DBStoreBuilder.java:addTable(110)) - using custom profile for table: multipartInfoTable
2019-10-04 00:18:23,480 [main] INFO  db.DBStoreBuilder (DBStoreBuilder.java:processTables(161)) - Using default column profile:DBProfile.DISK for Table:multipartInfoTable
2019-10-04 00:18:23,480 [main] INFO  db.DBStoreBuilder (DBStoreBuilder.java:addTable(110)) - using custom profile for table: dTokenTable
2019-10-04 00:18:23,480 [main] INFO  db.DBStoreBuilder (DBStoreBuilder.java:processTables(161)) - Using default column profile:DBProfile.DISK for Table:dTokenTable
2019-10-04 00:18:23,481 [main] INFO  db.DBStoreBuilder (DBStoreBuilder.java:addTable(110)) - using custom profile for table: s3SecretTable
2019-10-04 00:18:23,481 [main] INFO  db.DBStoreBuilder (DBStoreBuilder.java:processTables(161)) - Using default column profile:DBProfile.DISK for Table:s3SecretTable
2019-10-04 00:18:23,481 [main] INFO  db.DBStoreBuilder (DBStoreBuilder.java:addTable(110)) - using custom profile for table: prefixTable
2019-10-04 00:18:23,481 [main] INFO  db.DBStoreBuilder (DBStoreBuilder.java:processTables(161)) - Using default column profile:DBProfile.DISK for Table:prefixTable
2019-10-04 00:18:23,482 [main] INFO  db.DBStoreBuilder (DBStoreBuilder.java:addTable(110)) - using custom profile for table: default
2019-10-04 00:18:23,482 [main] INFO  db.DBStoreBuilder (DBStoreBuilder.java:processTables(167)) - Using default column profile:DBProfile.DISK for Table:default
2019-10-04 00:18:23,482 [main] INFO  db.DBStoreBuilder (DBStoreBuilder.java:getDbProfile(198)) - Using default options. DBProfile.DISK
2019-10-04 00:18:23,906 [main] INFO  ipc.CallQueueManager (CallQueueManager.java:<init>(84)) - Using callQueue: class java.util.concurrent.LinkedBlockingQueue, queueCapacity: 2000, scheduler: class org.apache.hadoop.ipc.DefaultRpcScheduler, ipcBackoff: false.
2019-10-04 00:18:23,906 [Socket Reader #1 for port 34375] INFO  ipc.Server (Server.java:run(1074)) - Starting Socket Reader #1 for port 34375
2019-10-04 00:18:23,922 [main] INFO  om.OzoneManager (OzoneManager.java:start(1069)) - OzoneManager RPC server is listening at localhost/127.0.0.1:34375
2019-10-04 00:18:23,922 [main] INFO  impl.MetricsSystemImpl (MetricsSystemImpl.java:init(158)) - OzoneManager metrics system started (again)
2019-10-04 00:18:23,922 [IPC Server Responder] INFO  ipc.Server (Server.java:run(1314)) - IPC Server Responder: starting
2019-10-04 00:18:23,923 [IPC Server listener on 34375] INFO  ipc.Server (Server.java:run(1153)) - IPC Server listener on 34375: starting
2019-10-04 00:18:23,929 [main] INFO  hdfs.DFSUtil (DFSUtil.java:httpServerTemplateForNNAndJN(1641)) - Starting Web-server for ozoneManager at: http://0.0.0.0:0
2019-10-04 00:18:23,930 [main] INFO  server.AuthenticationFilter (AuthenticationFilter.java:constructSecretProvider(240)) - Unable to initialize FileSignerSecretProvider, falling back to use random secrets.
2019-10-04 00:18:23,931 [main] WARN  http.HttpRequestLog (HttpRequestLog.java:getRequestLog(97)) - Jetty request log can only be enabled using Log4j
2019-10-04 00:18:23,932 [main] INFO  http.HttpServer2 (HttpServer2.java:addGlobalFilter(975)) - Added global filter 'safety' (class=org.apache.hadoop.http.HttpServer2$QuotingInputFilter)
2019-10-04 00:18:23,933 [main] INFO  http.HttpServer2 (HttpServer2.java:addFilter(948)) - Added filter static_user_filter (class=org.apache.hadoop.http.lib.StaticUserWebFilter$StaticUserFilter) to context ozoneManager
2019-10-04 00:18:23,933 [main] INFO  http.HttpServer2 (HttpServer2.java:addFilter(958)) - Added filter static_user_filter (class=org.apache.hadoop.http.lib.StaticUserWebFilter$StaticUserFilter) to context logs
2019-10-04 00:18:23,933 [main] INFO  http.HttpServer2 (HttpServer2.java:addFilter(958)) - Added filter static_user_filter (class=org.apache.hadoop.http.lib.StaticUserWebFilter$StaticUserFilter) to context static
2019-10-04 00:18:23,934 [main] INFO  http.HttpServer2 (HttpServer2.java:bindListener(1191)) - Jetty bound to port 42729
2019-10-04 00:18:23,934 [main] INFO  server.Server (Server.java:doStart(351)) - jetty-9.3.25.v20180904, build timestamp: 2018-09-04T21:11:46Z, git hash: 3ce520221d0240229c862b122d2b06c12a625732
2019-10-04 00:18:23,936 [main] INFO  handler.ContextHandler (ContextHandler.java:doStart(781)) - Started o.e.j.s.ServletContextHandler@b768a65{/logs,file:///workdir/hadoop-ozone/integration-test/target/log,AVAILABLE}
2019-10-04 00:18:23,936 [main] INFO  handler.ContextHandler (ContextHandler.java:doStart(781)) - Started o.e.j.s.ServletContextHandler@6986f93e{/static,file:///workdir/hadoop-ozone/integration-test/target/test-classes/webapps/static,AVAILABLE}
2019-10-04 00:18:23,940 [main] INFO  handler.ContextHandler (ContextHandler.java:doStart(781)) - Started o.e.j.w.WebAppContext@1e76afeb{/,file:///workdir/hadoop-ozone/integration-test/target/test-classes/webapps/ozoneManager/,AVAILABLE}{/ozoneManager}
2019-10-04 00:18:23,940 [main] INFO  server.AbstractConnector (AbstractConnector.java:doStart(278)) - Started ServerConnector@447fa959{HTTP/1.1,[http/1.1]}{0.0.0.0:42729}
2019-10-04 00:18:23,942 [main] INFO  server.Server (Server.java:doStart(419)) - Started @245094ms
2019-10-04 00:18:23,942 [main] WARN  impl.MetricsSystemImpl (MetricsSystemImpl.java:register(276)) - Sink prometheus already exists!
2019-10-04 00:18:23,943 [main] INFO  server.BaseHttpServer (BaseHttpServer.java:updateConnectorAddress(215)) - HTTP server of OZONEMANAGER is listening at http://0.0.0.0:42729
2019-10-04 00:18:23,957 [main] INFO  impl.MetricsSystemImpl (MetricsSystemImpl.java:init(158)) - HddsDatanode metrics system started (again)
2019-10-04 00:18:23,961 [main] INFO  ozone.HddsDatanodeService (HddsDatanodeService.java:start(184)) - HddsDatanodeService host:pr-hdds-2181-qkjh9-3495688764 ip:192.168.151.66
2019-10-04 00:18:23,967 [main] INFO  volume.HddsVolume (HddsVolume.java:<init>(176)) - Creating Volume: /workdir/hadoop-ozone/integration-test/target/test-dir/MiniOzoneClusterImpl-7e584a5f-24ad-4948-84f4-5bd4158e5d25/datanode-0/data/containers/hdds of  storage type : DISK and capacity : 1482555576320
2019-10-04 00:18:23,967 [main] INFO  volume.VolumeSet (VolumeSet.java:initializeVolumeSet(170)) - Added Volume : /workdir/hadoop-ozone/integration-test/target/test-dir/MiniOzoneClusterImpl-7e584a5f-24ad-4948-84f4-5bd4158e5d25/datanode-0/data/containers/hdds to VolumeSet
2019-10-04 00:18:23,967 [main] INFO  volume.ThrottledAsyncChecker (ThrottledAsyncChecker.java:schedule(139)) - Scheduling a check for org.apache.hadoop.ozone.container.common.volume.HddsVolume@570a62a5
2019-10-04 00:18:23,968 [main] INFO  volume.HddsVolumeChecker (HddsVolumeChecker.java:checkAllVolumes(202)) - Scheduled health check for volume org.apache.hadoop.ozone.container.common.volume.HddsVolume@570a62a5
2019-10-04 00:18:23,991 [main] INFO  impl.RaftServerProxy (ConfUtils.java:logGet(43)) - raft.rpc.type = GRPC (default)
2019-10-04 00:18:23,991 [main] INFO  grpc.GrpcFactory (GrpcFactory.java:checkPooledByteBufAllocatorUseCacheForAllThreads(45)) - PERFORMANCE WARNING: useCacheForAllThreads is true that may cause Netty to create a lot garbage objects and, as a result, trigger GC.
	It is recommended to disable useCacheForAllThreads by setting -Dorg.apache.ratis.thirdparty.io.netty.allocator.useCacheForAllThreads=false in command line.
2019-10-04 00:18:23,992 [main] INFO  grpc.GrpcConfigKeys$Server (ConfUtils.java:logGet(43)) - raft.grpc.server.port = 0 (default)
2019-10-04 00:18:23,992 [main] INFO  server.GrpcService (ConfUtils.java:logGet(43)) - raft.grpc.message.size.max = 33570816 (custom)
2019-10-04 00:18:23,992 [main] INFO  server.RaftServerConfigKeys (ConfUtils.java:logGet(43)) - raft.server.log.appender.buffer.byte-limit = 33554432 (custom)
2019-10-04 00:18:23,993 [main] INFO  server.GrpcService (ConfUtils.java:logGet(43)) - raft.grpc.flow.control.window = 1MB (=1048576) (default)
2019-10-04 00:18:23,993 [main] INFO  server.RaftServerConfigKeys (ConfUtils.java:logGet(43)) - raft.server.rpc.request.timeout = 3000ms (default)
2019-10-04 00:18:23,994 [main] INFO  server.RaftServerConfigKeys (ConfUtils.java:logGet(43)) - raft.server.storage.dir = [/workdir/hadoop-ozone/integration-test/target/test-dir/MiniOzoneClusterImpl-7e584a5f-24ad-4948-84f4-5bd4158e5d25/datanode-0/data/ratis] (custom)
2019-10-04 00:18:23,995 [main] INFO  hdfs.DFSUtil (DFSUtil.java:httpServerTemplateForNNAndJN(1641)) - Starting Web-server for hddsDatanode at: http://0.0.0.0:0
2019-10-04 00:18:23,997 [main] INFO  server.AuthenticationFilter (AuthenticationFilter.java:constructSecretProvider(240)) - Unable to initialize FileSignerSecretProvider, falling back to use random secrets.
2019-10-04 00:18:23,997 [main] WARN  http.HttpRequestLog (HttpRequestLog.java:getRequestLog(97)) - Jetty request log can only be enabled using Log4j
2019-10-04 00:18:23,998 [main] INFO  http.HttpServer2 (HttpServer2.java:addGlobalFilter(975)) - Added global filter 'safety' (class=org.apache.hadoop.http.HttpServer2$QuotingInputFilter)
2019-10-04 00:18:23,999 [main] INFO  http.HttpServer2 (HttpServer2.java:addFilter(948)) - Added filter static_user_filter (class=org.apache.hadoop.http.lib.StaticUserWebFilter$StaticUserFilter) to context hddsDatanode
2019-10-04 00:18:23,999 [main] INFO  http.HttpServer2 (HttpServer2.java:addFilter(958)) - Added filter static_user_filter (class=org.apache.hadoop.http.lib.StaticUserWebFilter$StaticUserFilter) to context logs
2019-10-04 00:18:23,999 [main] INFO  http.HttpServer2 (HttpServer2.java:addFilter(958)) - Added filter static_user_filter (class=org.apache.hadoop.http.lib.StaticUserWebFilter$StaticUserFilter) to context static
2019-10-04 00:18:24,000 [main] INFO  http.HttpServer2 (HttpServer2.java:bindListener(1191)) - Jetty bound to port 40632
2019-10-04 00:18:24,000 [main] INFO  server.Server (Server.java:doStart(351)) - jetty-9.3.25.v20180904, build timestamp: 2018-09-04T21:11:46Z, git hash: 3ce520221d0240229c862b122d2b06c12a625732
2019-10-04 00:18:24,001 [main] INFO  handler.ContextHandler (ContextHandler.java:doStart(781)) - Started o.e.j.s.ServletContextHandler@1118d539{/logs,file:///workdir/hadoop-ozone/integration-test/target/log,AVAILABLE}
2019-10-04 00:18:24,002 [main] INFO  handler.ContextHandler (ContextHandler.java:doStart(781)) - Started o.e.j.s.ServletContextHandler@76216830{/static,jar:file:/home/user/.m2/repository/org/apache/hadoop/hadoop-hdds-container-service/0.5.0-SNAPSHOT/hadoop-hdds-container-service-0.5.0-SNAPSHOT.jar!/webapps/static,AVAILABLE}
2019-10-04 00:18:24,030 [main] INFO  handler.ContextHandler (ContextHandler.java:doStart(781)) - Started o.e.j.w.WebAppContext@16cf8438{/,file:///tmp/jetty-0.0.0.0-40632-hddsDatanode-_-any-4787811819203525391.dir/webapp/,AVAILABLE}{/hddsDatanode}
2019-10-04 00:18:24,030 [main] INFO  server.AbstractConnector (AbstractConnector.java:doStart(278)) - Started ServerConnector@3e5beab5{HTTP/1.1,[http/1.1]}{0.0.0.0:40632}
2019-10-04 00:18:24,032 [main] INFO  server.Server (Server.java:doStart(419)) - Started @245184ms
2019-10-04 00:18:24,032 [main] WARN  impl.MetricsSystemImpl (MetricsSystemImpl.java:register(276)) - Sink prometheus already exists!
2019-10-04 00:18:24,033 [main] INFO  server.BaseHttpServer (BaseHttpServer.java:updateConnectorAddress(215)) - HTTP server of HDDSDATANODE is listening at http://0.0.0.0:40632
2019-10-04 00:18:24,033 [main] INFO  impl.MetricsSystemImpl (MetricsSystemImpl.java:init(158)) - HddsDatanode metrics system started (again)
2019-10-04 00:18:24,036 [org.apache.hadoop.util.JvmPauseMonitor$Monitor@a307884] INFO  util.JvmPauseMonitor (JvmPauseMonitor.java:run(188)) - Starting JVM pause monitor
2019-10-04 00:18:24,037 [main] INFO  ozone.HddsDatanodeService (HddsDatanodeService.java:start(184)) - HddsDatanodeService host:pr-hdds-2181-qkjh9-3495688764 ip:192.168.151.66
2019-10-04 00:18:24,038 [Datanode State Machine Thread - 0] INFO  datanode.InitDatanodeState (InitDatanodeState.java:persistContainerDatanodeDetails(140)) - DatanodeDetails is persisted to /workdir/hadoop-ozone/integration-test/target/test-dir/MiniOzoneClusterImpl-7e584a5f-24ad-4948-84f4-5bd4158e5d25/datanode-0/meta/datanode.id
2019-10-04 00:18:24,043 [main] INFO  volume.HddsVolume (HddsVolume.java:<init>(176)) - Creating Volume: /workdir/hadoop-ozone/integration-test/target/test-dir/MiniOzoneClusterImpl-7e584a5f-24ad-4948-84f4-5bd4158e5d25/datanode-1/data/containers/hdds of  storage type : DISK and capacity : 1482555576320
2019-10-04 00:18:24,043 [main] INFO  volume.VolumeSet (VolumeSet.java:initializeVolumeSet(170)) - Added Volume : /workdir/hadoop-ozone/integration-test/target/test-dir/MiniOzoneClusterImpl-7e584a5f-24ad-4948-84f4-5bd4158e5d25/datanode-1/data/containers/hdds to VolumeSet
2019-10-04 00:18:24,043 [main] INFO  volume.ThrottledAsyncChecker (ThrottledAsyncChecker.java:schedule(139)) - Scheduling a check for org.apache.hadoop.ozone.container.common.volume.HddsVolume@2a0b901c
2019-10-04 00:18:24,044 [main] INFO  volume.HddsVolumeChecker (HddsVolumeChecker.java:checkAllVolumes(202)) - Scheduled health check for volume org.apache.hadoop.ozone.container.common.volume.HddsVolume@2a0b901c
2019-10-04 00:18:24,057 [main] INFO  impl.RaftServerProxy (ConfUtils.java:logGet(43)) - raft.rpc.type = GRPC (default)
2019-10-04 00:18:24,058 [main] INFO  grpc.GrpcFactory (GrpcFactory.java:checkPooledByteBufAllocatorUseCacheForAllThreads(45)) - PERFORMANCE WARNING: useCacheForAllThreads is true that may cause Netty to create a lot garbage objects and, as a result, trigger GC.
	It is recommended to disable useCacheForAllThreads by setting -Dorg.apache.ratis.thirdparty.io.netty.allocator.useCacheForAllThreads=false in command line.
2019-10-04 00:18:24,058 [main] INFO  grpc.GrpcConfigKeys$Server (ConfUtils.java:logGet(43)) - raft.grpc.server.port = 0 (default)
2019-10-04 00:18:24,058 [main] INFO  server.GrpcService (ConfUtils.java:logGet(43)) - raft.grpc.message.size.max = 33570816 (custom)
2019-10-04 00:18:24,058 [main] INFO  server.RaftServerConfigKeys (ConfUtils.java:logGet(43)) - raft.server.log.appender.buffer.byte-limit = 33554432 (custom)
2019-10-04 00:18:24,058 [main] INFO  server.GrpcService (ConfUtils.java:logGet(43)) - raft.grpc.flow.control.window = 1MB (=1048576) (default)
2019-10-04 00:18:24,059 [main] INFO  server.RaftServerConfigKeys (ConfUtils.java:logGet(43)) - raft.server.rpc.request.timeout = 3000ms (default)
2019-10-04 00:18:24,059 [main] INFO  server.RaftServerConfigKeys (ConfUtils.java:logGet(43)) - raft.server.storage.dir = [/workdir/hadoop-ozone/integration-test/target/test-dir/MiniOzoneClusterImpl-7e584a5f-24ad-4948-84f4-5bd4158e5d25/datanode-1/data/ratis] (custom)
2019-10-04 00:18:24,060 [main] INFO  hdfs.DFSUtil (DFSUtil.java:httpServerTemplateForNNAndJN(1641)) - Starting Web-server for hddsDatanode at: http://0.0.0.0:0
2019-10-04 00:18:24,061 [main] INFO  server.AuthenticationFilter (AuthenticationFilter.java:constructSecretProvider(240)) - Unable to initialize FileSignerSecretProvider, falling back to use random secrets.
2019-10-04 00:18:24,062 [main] WARN  http.HttpRequestLog (HttpRequestLog.java:getRequestLog(97)) - Jetty request log can only be enabled using Log4j
2019-10-04 00:18:24,063 [main] INFO  http.HttpServer2 (HttpServer2.java:addGlobalFilter(975)) - Added global filter 'safety' (class=org.apache.hadoop.http.HttpServer2$QuotingInputFilter)
2019-10-04 00:18:24,064 [main] INFO  http.HttpServer2 (HttpServer2.java:addFilter(948)) - Added filter static_user_filter (class=org.apache.hadoop.http.lib.StaticUserWebFilter$StaticUserFilter) to context hddsDatanode
2019-10-04 00:18:24,064 [main] INFO  http.HttpServer2 (HttpServer2.java:addFilter(958)) - Added filter static_user_filter (class=org.apache.hadoop.http.lib.StaticUserWebFilter$StaticUserFilter) to context logs
2019-10-04 00:18:24,064 [main] INFO  http.HttpServer2 (HttpServer2.java:addFilter(958)) - Added filter static_user_filter (class=org.apache.hadoop.http.lib.StaticUserWebFilter$StaticUserFilter) to context static
2019-10-04 00:18:24,065 [main] INFO  http.HttpServer2 (HttpServer2.java:bindListener(1191)) - Jetty bound to port 43090
2019-10-04 00:18:24,065 [main] INFO  server.Server (Server.java:doStart(351)) - jetty-9.3.25.v20180904, build timestamp: 2018-09-04T21:11:46Z, git hash: 3ce520221d0240229c862b122d2b06c12a625732
2019-10-04 00:18:24,066 [main] INFO  handler.ContextHandler (ContextHandler.java:doStart(781)) - Started o.e.j.s.ServletContextHandler@7ccd611e{/logs,file:///workdir/hadoop-ozone/integration-test/target/log,AVAILABLE}
2019-10-04 00:18:24,067 [main] INFO  handler.ContextHandler (ContextHandler.java:doStart(781)) - Started o.e.j.s.ServletContextHandler@5c3d4f05{/static,jar:file:/home/user/.m2/repository/org/apache/hadoop/hadoop-hdds-container-service/0.5.0-SNAPSHOT/hadoop-hdds-container-service-0.5.0-SNAPSHOT.jar!/webapps/static,AVAILABLE}
2019-10-04 00:18:24,100 [main] INFO  handler.ContextHandler (ContextHandler.java:doStart(781)) - Started o.e.j.w.WebAppContext@14de1901{/,file:///tmp/jetty-0.0.0.0-43090-hddsDatanode-_-any-2635568285563100507.dir/webapp/,AVAILABLE}{/hddsDatanode}
2019-10-04 00:18:24,101 [main] INFO  server.AbstractConnector (AbstractConnector.java:doStart(278)) - Started ServerConnector@437ed416{HTTP/1.1,[http/1.1]}{0.0.0.0:43090}
2019-10-04 00:18:24,102 [main] INFO  server.Server (Server.java:doStart(419)) - Started @245255ms
2019-10-04 00:18:24,102 [main] WARN  impl.MetricsSystemImpl (MetricsSystemImpl.java:register(276)) - Sink prometheus already exists!
2019-10-04 00:18:24,103 [main] INFO  server.BaseHttpServer (BaseHttpServer.java:updateConnectorAddress(215)) - HTTP server of HDDSDATANODE is listening at http://0.0.0.0:43090
2019-10-04 00:18:24,103 [main] INFO  impl.MetricsSystemImpl (MetricsSystemImpl.java:init(158)) - HddsDatanode metrics system started (again)
2019-10-04 00:18:24,107 [org.apache.hadoop.util.JvmPauseMonitor$Monitor@1feafe96] INFO  util.JvmPauseMonitor (JvmPauseMonitor.java:run(188)) - Starting JVM pause monitor
2019-10-04 00:18:24,108 [main] INFO  ozone.HddsDatanodeService (HddsDatanodeService.java:start(184)) - HddsDatanodeService host:pr-hdds-2181-qkjh9-3495688764 ip:192.168.151.66
2019-10-04 00:18:24,108 [Datanode State Machine Thread - 0] INFO  datanode.InitDatanodeState (InitDatanodeState.java:persistContainerDatanodeDetails(140)) - DatanodeDetails is persisted to /workdir/hadoop-ozone/integration-test/target/test-dir/MiniOzoneClusterImpl-7e584a5f-24ad-4948-84f4-5bd4158e5d25/datanode-1/meta/datanode.id
2019-10-04 00:18:24,113 [main] INFO  volume.HddsVolume (HddsVolume.java:<init>(176)) - Creating Volume: /workdir/hadoop-ozone/integration-test/target/test-dir/MiniOzoneClusterImpl-7e584a5f-24ad-4948-84f4-5bd4158e5d25/datanode-2/data/containers/hdds of  storage type : DISK and capacity : 1482555576320
2019-10-04 00:18:24,113 [main] INFO  volume.VolumeSet (VolumeSet.java:initializeVolumeSet(170)) - Added Volume : /workdir/hadoop-ozone/integration-test/target/test-dir/MiniOzoneClusterImpl-7e584a5f-24ad-4948-84f4-5bd4158e5d25/datanode-2/data/containers/hdds to VolumeSet
2019-10-04 00:18:24,114 [main] INFO  volume.ThrottledAsyncChecker (ThrottledAsyncChecker.java:schedule(139)) - Scheduling a check for org.apache.hadoop.ozone.container.common.volume.HddsVolume@34c7232c
2019-10-04 00:18:24,114 [main] INFO  volume.HddsVolumeChecker (HddsVolumeChecker.java:checkAllVolumes(202)) - Scheduled health check for volume org.apache.hadoop.ozone.container.common.volume.HddsVolume@34c7232c
2019-10-04 00:18:24,127 [main] INFO  impl.RaftServerProxy (ConfUtils.java:logGet(43)) - raft.rpc.type = GRPC (default)
2019-10-04 00:18:24,128 [main] INFO  grpc.GrpcFactory (GrpcFactory.java:checkPooledByteBufAllocatorUseCacheForAllThreads(45)) - PERFORMANCE WARNING: useCacheForAllThreads is true that may cause Netty to create a lot garbage objects and, as a result, trigger GC.
	It is recommended to disable useCacheForAllThreads by setting -Dorg.apache.ratis.thirdparty.io.netty.allocator.useCacheForAllThreads=false in command line.
2019-10-04 00:18:24,128 [main] INFO  grpc.GrpcConfigKeys$Server (ConfUtils.java:logGet(43)) - raft.grpc.server.port = 0 (default)
2019-10-04 00:18:24,128 [main] INFO  server.GrpcService (ConfUtils.java:logGet(43)) - raft.grpc.message.size.max = 33570816 (custom)
2019-10-04 00:18:24,128 [main] INFO  server.RaftServerConfigKeys (ConfUtils.java:logGet(43)) - raft.server.log.appender.buffer.byte-limit = 33554432 (custom)
2019-10-04 00:18:24,128 [main] INFO  server.GrpcService (ConfUtils.java:logGet(43)) - raft.grpc.flow.control.window = 1MB (=1048576) (default)
2019-10-04 00:18:24,129 [main] INFO  server.RaftServerConfigKeys (ConfUtils.java:logGet(43)) - raft.server.rpc.request.timeout = 3000ms (default)
2019-10-04 00:18:24,129 [main] INFO  server.RaftServerConfigKeys (ConfUtils.java:logGet(43)) - raft.server.storage.dir = [/workdir/hadoop-ozone/integration-test/target/test-dir/MiniOzoneClusterImpl-7e584a5f-24ad-4948-84f4-5bd4158e5d25/datanode-2/data/ratis] (custom)
2019-10-04 00:18:24,130 [main] INFO  hdfs.DFSUtil (DFSUtil.java:httpServerTemplateForNNAndJN(1641)) - Starting Web-server for hddsDatanode at: http://0.0.0.0:0
2019-10-04 00:18:24,131 [main] INFO  server.AuthenticationFilter (AuthenticationFilter.java:constructSecretProvider(240)) - Unable to initialize FileSignerSecretProvider, falling back to use random secrets.
2019-10-04 00:18:24,132 [main] WARN  http.HttpRequestLog (HttpRequestLog.java:getRequestLog(97)) - Jetty request log can only be enabled using Log4j
2019-10-04 00:18:24,133 [main] INFO  http.HttpServer2 (HttpServer2.java:addGlobalFilter(975)) - Added global filter 'safety' (class=org.apache.hadoop.http.HttpServer2$QuotingInputFilter)
2019-10-04 00:18:24,134 [main] INFO  http.HttpServer2 (HttpServer2.java:addFilter(948)) - Added filter static_user_filter (class=org.apache.hadoop.http.lib.StaticUserWebFilter$StaticUserFilter) to context hddsDatanode
2019-10-04 00:18:24,134 [main] INFO  http.HttpServer2 (HttpServer2.java:addFilter(958)) - Added filter static_user_filter (class=org.apache.hadoop.http.lib.StaticUserWebFilter$StaticUserFilter) to context logs
2019-10-04 00:18:24,134 [main] INFO  http.HttpServer2 (HttpServer2.java:addFilter(958)) - Added filter static_user_filter (class=org.apache.hadoop.http.lib.StaticUserWebFilter$StaticUserFilter) to context static
2019-10-04 00:18:24,135 [main] INFO  http.HttpServer2 (HttpServer2.java:bindListener(1191)) - Jetty bound to port 42619
2019-10-04 00:18:24,135 [main] INFO  server.Server (Server.java:doStart(351)) - jetty-9.3.25.v20180904, build timestamp: 2018-09-04T21:11:46Z, git hash: 3ce520221d0240229c862b122d2b06c12a625732
2019-10-04 00:18:24,136 [main] INFO  handler.ContextHandler (ContextHandler.java:doStart(781)) - Started o.e.j.s.ServletContextHandler@2dc39b53{/logs,file:///workdir/hadoop-ozone/integration-test/target/log,AVAILABLE}
2019-10-04 00:18:24,137 [main] INFO  handler.ContextHandler (ContextHandler.java:doStart(781)) - Started o.e.j.s.ServletContextHandler@2f2e4bde{/static,jar:file:/home/user/.m2/repository/org/apache/hadoop/hadoop-hdds-container-service/0.5.0-SNAPSHOT/hadoop-hdds-container-service-0.5.0-SNAPSHOT.jar!/webapps/static,AVAILABLE}
2019-10-04 00:18:24,165 [main] INFO  handler.ContextHandler (ContextHandler.java:doStart(781)) - Started o.e.j.w.WebAppContext@687389a6{/,file:///tmp/jetty-0.0.0.0-42619-hddsDatanode-_-any-478295137860910080.dir/webapp/,AVAILABLE}{/hddsDatanode}
2019-10-04 00:18:24,165 [main] INFO  server.AbstractConnector (AbstractConnector.java:doStart(278)) - Started ServerConnector@8641b7d{HTTP/1.1,[http/1.1]}{0.0.0.0:42619}
2019-10-04 00:18:24,166 [main] INFO  server.Server (Server.java:doStart(419)) - Started @245319ms
2019-10-04 00:18:24,166 [main] WARN  impl.MetricsSystemImpl (MetricsSystemImpl.java:register(276)) - Sink prometheus already exists!
2019-10-04 00:18:24,167 [main] INFO  server.BaseHttpServer (BaseHttpServer.java:updateConnectorAddress(215)) - HTTP server of HDDSDATANODE is listening at http://0.0.0.0:42619
2019-10-04 00:18:24,168 [main] INFO  impl.MetricsSystemImpl (MetricsSystemImpl.java:init(158)) - HddsDatanode metrics system started (again)
2019-10-04 00:18:24,171 [org.apache.hadoop.util.JvmPauseMonitor$Monitor@2825cf0e] INFO  util.JvmPauseMonitor (JvmPauseMonitor.java:run(188)) - Starting JVM pause monitor
2019-10-04 00:18:24,172 [main] INFO  ozone.HddsDatanodeService (HddsDatanodeService.java:start(184)) - HddsDatanodeService host:pr-hdds-2181-qkjh9-3495688764 ip:192.168.151.66
2019-10-04 00:18:24,173 [Datanode State Machine Thread - 0] INFO  datanode.InitDatanodeState (InitDatanodeState.java:persistContainerDatanodeDetails(140)) - DatanodeDetails is persisted to /workdir/hadoop-ozone/integration-test/target/test-dir/MiniOzoneClusterImpl-7e584a5f-24ad-4948-84f4-5bd4158e5d25/datanode-2/meta/datanode.id
2019-10-04 00:18:24,178 [main] INFO  volume.HddsVolume (HddsVolume.java:<init>(176)) - Creating Volume: /workdir/hadoop-ozone/integration-test/target/test-dir/MiniOzoneClusterImpl-7e584a5f-24ad-4948-84f4-5bd4158e5d25/datanode-3/data/containers/hdds of  storage type : DISK and capacity : 1482555576320
2019-10-04 00:18:24,178 [main] INFO  volume.VolumeSet (VolumeSet.java:initializeVolumeSet(170)) - Added Volume : /workdir/hadoop-ozone/integration-test/target/test-dir/MiniOzoneClusterImpl-7e584a5f-24ad-4948-84f4-5bd4158e5d25/datanode-3/data/containers/hdds to VolumeSet
2019-10-04 00:18:24,178 [main] INFO  volume.ThrottledAsyncChecker (ThrottledAsyncChecker.java:schedule(139)) - Scheduling a check for org.apache.hadoop.ozone.container.common.volume.HddsVolume@53d6e959
2019-10-04 00:18:24,179 [main] INFO  volume.HddsVolumeChecker (HddsVolumeChecker.java:checkAllVolumes(202)) - Scheduled health check for volume org.apache.hadoop.ozone.container.common.volume.HddsVolume@53d6e959
2019-10-04 00:18:24,191 [main] INFO  impl.RaftServerProxy (ConfUtils.java:logGet(43)) - raft.rpc.type = GRPC (default)
2019-10-04 00:18:24,192 [main] INFO  grpc.GrpcFactory (GrpcFactory.java:checkPooledByteBufAllocatorUseCacheForAllThreads(45)) - PERFORMANCE WARNING: useCacheForAllThreads is true that may cause Netty to create a lot garbage objects and, as a result, trigger GC.
	It is recommended to disable useCacheForAllThreads by setting -Dorg.apache.ratis.thirdparty.io.netty.allocator.useCacheForAllThreads=false in command line.
2019-10-04 00:18:24,192 [main] INFO  grpc.GrpcConfigKeys$Server (ConfUtils.java:logGet(43)) - raft.grpc.server.port = 0 (default)
2019-10-04 00:18:24,192 [main] INFO  server.GrpcService (ConfUtils.java:logGet(43)) - raft.grpc.message.size.max = 33570816 (custom)
2019-10-04 00:18:24,192 [main] INFO  server.RaftServerConfigKeys (ConfUtils.java:logGet(43)) - raft.server.log.appender.buffer.byte-limit = 33554432 (custom)
2019-10-04 00:18:24,192 [main] INFO  server.GrpcService (ConfUtils.java:logGet(43)) - raft.grpc.flow.control.window = 1MB (=1048576) (default)
2019-10-04 00:18:24,193 [main] INFO  server.RaftServerConfigKeys (ConfUtils.java:logGet(43)) - raft.server.rpc.request.timeout = 3000ms (default)
2019-10-04 00:18:24,193 [main] INFO  server.RaftServerConfigKeys (ConfUtils.java:logGet(43)) - raft.server.storage.dir = [/workdir/hadoop-ozone/integration-test/target/test-dir/MiniOzoneClusterImpl-7e584a5f-24ad-4948-84f4-5bd4158e5d25/datanode-3/data/ratis] (custom)
2019-10-04 00:18:24,194 [main] INFO  hdfs.DFSUtil (DFSUtil.java:httpServerTemplateForNNAndJN(1641)) - Starting Web-server for hddsDatanode at: http://0.0.0.0:0
2019-10-04 00:18:24,195 [main] INFO  server.AuthenticationFilter (AuthenticationFilter.java:constructSecretProvider(240)) - Unable to initialize FileSignerSecretProvider, falling back to use random secrets.
2019-10-04 00:18:24,196 [main] WARN  http.HttpRequestLog (HttpRequestLog.java:getRequestLog(97)) - Jetty request log can only be enabled using Log4j
2019-10-04 00:18:24,197 [main] INFO  http.HttpServer2 (HttpServer2.java:addGlobalFilter(975)) - Added global filter 'safety' (class=org.apache.hadoop.http.HttpServer2$QuotingInputFilter)
2019-10-04 00:18:24,197 [main] INFO  http.HttpServer2 (HttpServer2.java:addFilter(948)) - Added filter static_user_filter (class=org.apache.hadoop.http.lib.StaticUserWebFilter$StaticUserFilter) to context hddsDatanode
2019-10-04 00:18:24,197 [main] INFO  http.HttpServer2 (HttpServer2.java:addFilter(958)) - Added filter static_user_filter (class=org.apache.hadoop.http.lib.StaticUserWebFilter$StaticUserFilter) to context static
2019-10-04 00:18:24,197 [main] INFO  http.HttpServer2 (HttpServer2.java:addFilter(958)) - Added filter static_user_filter (class=org.apache.hadoop.http.lib.StaticUserWebFilter$StaticUserFilter) to context logs
2019-10-04 00:18:24,198 [main] INFO  http.HttpServer2 (HttpServer2.java:bindListener(1191)) - Jetty bound to port 42825
2019-10-04 00:18:24,198 [main] INFO  server.Server (Server.java:doStart(351)) - jetty-9.3.25.v20180904, build timestamp: 2018-09-04T21:11:46Z, git hash: 3ce520221d0240229c862b122d2b06c12a625732
2019-10-04 00:18:24,200 [main] INFO  handler.ContextHandler (ContextHandler.java:doStart(781)) - Started o.e.j.s.ServletContextHandler@22791b75{/logs,file:///workdir/hadoop-ozone/integration-test/target/log,AVAILABLE}
2019-10-04 00:18:24,200 [main] INFO  handler.ContextHandler (ContextHandler.java:doStart(781)) - Started o.e.j.s.ServletContextHandler@37d28938{/static,jar:file:/home/user/.m2/repository/org/apache/hadoop/hadoop-hdds-container-service/0.5.0-SNAPSHOT/hadoop-hdds-container-service-0.5.0-SNAPSHOT.jar!/webapps/static,AVAILABLE}
2019-10-04 00:18:24,228 [main] INFO  handler.ContextHandler (ContextHandler.java:doStart(781)) - Started o.e.j.w.WebAppContext@12192604{/,file:///tmp/jetty-0.0.0.0-42825-hddsDatanode-_-any-8322011175648061843.dir/webapp/,AVAILABLE}{/hddsDatanode}
2019-10-04 00:18:24,228 [main] INFO  server.AbstractConnector (AbstractConnector.java:doStart(278)) - Started ServerConnector@6075b369{HTTP/1.1,[http/1.1]}{0.0.0.0:42825}
2019-10-04 00:18:24,229 [main] INFO  server.Server (Server.java:doStart(419)) - Started @245382ms
2019-10-04 00:18:24,229 [main] WARN  impl.MetricsSystemImpl (MetricsSystemImpl.java:register(276)) - Sink prometheus already exists!
2019-10-04 00:18:24,230 [main] INFO  server.BaseHttpServer (BaseHttpServer.java:updateConnectorAddress(215)) - HTTP server of HDDSDATANODE is listening at http://0.0.0.0:42825
2019-10-04 00:18:24,230 [main] INFO  impl.MetricsSystemImpl (MetricsSystemImpl.java:init(158)) - HddsDatanode metrics system started (again)
2019-10-04 00:18:24,234 [org.apache.hadoop.util.JvmPauseMonitor$Monitor@7e0a88df] INFO  util.JvmPauseMonitor (JvmPauseMonitor.java:run(188)) - Starting JVM pause monitor
2019-10-04 00:18:24,235 [main] INFO  ozone.HddsDatanodeService (HddsDatanodeService.java:start(184)) - HddsDatanodeService host:pr-hdds-2181-qkjh9-3495688764 ip:192.168.151.66
2019-10-04 00:18:24,235 [Datanode State Machine Thread - 0] INFO  datanode.InitDatanodeState (InitDatanodeState.java:persistContainerDatanodeDetails(140)) - DatanodeDetails is persisted to /workdir/hadoop-ozone/integration-test/target/test-dir/MiniOzoneClusterImpl-7e584a5f-24ad-4948-84f4-5bd4158e5d25/datanode-3/meta/datanode.id
2019-10-04 00:18:24,240 [main] INFO  volume.HddsVolume (HddsVolume.java:<init>(176)) - Creating Volume: /workdir/hadoop-ozone/integration-test/target/test-dir/MiniOzoneClusterImpl-7e584a5f-24ad-4948-84f4-5bd4158e5d25/datanode-4/data/containers/hdds of  storage type : DISK and capacity : 1482555576320
2019-10-04 00:18:24,240 [main] INFO  volume.VolumeSet (VolumeSet.java:initializeVolumeSet(170)) - Added Volume : /workdir/hadoop-ozone/integration-test/target/test-dir/MiniOzoneClusterImpl-7e584a5f-24ad-4948-84f4-5bd4158e5d25/datanode-4/data/containers/hdds to VolumeSet
2019-10-04 00:18:24,241 [main] INFO  volume.ThrottledAsyncChecker (ThrottledAsyncChecker.java:schedule(139)) - Scheduling a check for org.apache.hadoop.ozone.container.common.volume.HddsVolume@5a2ae1ab
2019-10-04 00:18:24,241 [main] INFO  volume.HddsVolumeChecker (HddsVolumeChecker.java:checkAllVolumes(202)) - Scheduled health check for volume org.apache.hadoop.ozone.container.common.volume.HddsVolume@5a2ae1ab
2019-10-04 00:18:24,253 [main] INFO  impl.RaftServerProxy (ConfUtils.java:logGet(43)) - raft.rpc.type = GRPC (default)
2019-10-04 00:18:24,253 [main] INFO  grpc.GrpcFactory (GrpcFactory.java:checkPooledByteBufAllocatorUseCacheForAllThreads(45)) - PERFORMANCE WARNING: useCacheForAllThreads is true that may cause Netty to create a lot garbage objects and, as a result, trigger GC.
	It is recommended to disable useCacheForAllThreads by setting -Dorg.apache.ratis.thirdparty.io.netty.allocator.useCacheForAllThreads=false in command line.
2019-10-04 00:18:24,253 [main] INFO  grpc.GrpcConfigKeys$Server (ConfUtils.java:logGet(43)) - raft.grpc.server.port = 0 (default)
2019-10-04 00:18:24,254 [main] INFO  server.GrpcService (ConfUtils.java:logGet(43)) - raft.grpc.message.size.max = 33570816 (custom)
2019-10-04 00:18:24,254 [main] INFO  server.RaftServerConfigKeys (ConfUtils.java:logGet(43)) - raft.server.log.appender.buffer.byte-limit = 33554432 (custom)
2019-10-04 00:18:24,254 [main] INFO  server.GrpcService (ConfUtils.java:logGet(43)) - raft.grpc.flow.control.window = 1MB (=1048576) (default)
2019-10-04 00:18:24,254 [main] INFO  server.RaftServerConfigKeys (ConfUtils.java:logGet(43)) - raft.server.rpc.request.timeout = 3000ms (default)
2019-10-04 00:18:24,255 [main] INFO  server.RaftServerConfigKeys (ConfUtils.java:logGet(43)) - raft.server.storage.dir = [/workdir/hadoop-ozone/integration-test/target/test-dir/MiniOzoneClusterImpl-7e584a5f-24ad-4948-84f4-5bd4158e5d25/datanode-4/data/ratis] (custom)
2019-10-04 00:18:24,256 [main] INFO  hdfs.DFSUtil (DFSUtil.java:httpServerTemplateForNNAndJN(1641)) - Starting Web-server for hddsDatanode at: http://0.0.0.0:0
2019-10-04 00:18:24,257 [main] INFO  server.AuthenticationFilter (AuthenticationFilter.java:constructSecretProvider(240)) - Unable to initialize FileSignerSecretProvider, falling back to use random secrets.
2019-10-04 00:18:24,257 [main] WARN  http.HttpRequestLog (HttpRequestLog.java:getRequestLog(97)) - Jetty request log can only be enabled using Log4j
2019-10-04 00:18:24,258 [main] INFO  http.HttpServer2 (HttpServer2.java:addGlobalFilter(975)) - Added global filter 'safety' (class=org.apache.hadoop.http.HttpServer2$QuotingInputFilter)
2019-10-04 00:18:24,259 [main] INFO  http.HttpServer2 (HttpServer2.java:addFilter(948)) - Added filter static_user_filter (class=org.apache.hadoop.http.lib.StaticUserWebFilter$StaticUserFilter) to context hddsDatanode
2019-10-04 00:18:24,259 [main] INFO  http.HttpServer2 (HttpServer2.java:addFilter(958)) - Added filter static_user_filter (class=org.apache.hadoop.http.lib.StaticUserWebFilter$StaticUserFilter) to context logs
2019-10-04 00:18:24,259 [main] INFO  http.HttpServer2 (HttpServer2.java:addFilter(958)) - Added filter static_user_filter (class=org.apache.hadoop.http.lib.StaticUserWebFilter$StaticUserFilter) to context static
2019-10-04 00:18:24,260 [main] INFO  http.HttpServer2 (HttpServer2.java:bindListener(1191)) - Jetty bound to port 41045
2019-10-04 00:18:24,260 [main] INFO  server.Server (Server.java:doStart(351)) - jetty-9.3.25.v20180904, build timestamp: 2018-09-04T21:11:46Z, git hash: 3ce520221d0240229c862b122d2b06c12a625732
2019-10-04 00:18:24,261 [main] INFO  handler.ContextHandler (ContextHandler.java:doStart(781)) - Started o.e.j.s.ServletContextHandler@51888019{/logs,file:///workdir/hadoop-ozone/integration-test/target/log,AVAILABLE}
2019-10-04 00:18:24,262 [main] INFO  handler.ContextHandler (ContextHandler.java:doStart(781)) - Started o.e.j.s.ServletContextHandler@19b5214b{/static,jar:file:/home/user/.m2/repository/org/apache/hadoop/hadoop-hdds-container-service/0.5.0-SNAPSHOT/hadoop-hdds-container-service-0.5.0-SNAPSHOT.jar!/webapps/static,AVAILABLE}
2019-10-04 00:18:24,289 [main] INFO  handler.ContextHandler (ContextHandler.java:doStart(781)) - Started o.e.j.w.WebAppContext@2b999ee8{/,file:///tmp/jetty-0.0.0.0-41045-hddsDatanode-_-any-2077832339097888934.dir/webapp/,AVAILABLE}{/hddsDatanode}
2019-10-04 00:18:24,290 [main] INFO  server.AbstractConnector (AbstractConnector.java:doStart(278)) - Started ServerConnector@31ab1e67{HTTP/1.1,[http/1.1]}{0.0.0.0:41045}
2019-10-04 00:18:24,291 [main] INFO  server.Server (Server.java:doStart(419)) - Started @245444ms
2019-10-04 00:18:24,292 [main] WARN  impl.MetricsSystemImpl (MetricsSystemImpl.java:register(276)) - Sink prometheus already exists!
2019-10-04 00:18:24,292 [main] INFO  server.BaseHttpServer (BaseHttpServer.java:updateConnectorAddress(215)) - HTTP server of HDDSDATANODE is listening at http://0.0.0.0:41045
2019-10-04 00:18:24,293 [main] INFO  impl.MetricsSystemImpl (MetricsSystemImpl.java:init(158)) - HddsDatanode metrics system started (again)
2019-10-04 00:18:24,297 [org.apache.hadoop.util.JvmPauseMonitor$Monitor@314a12f2] INFO  util.JvmPauseMonitor (JvmPauseMonitor.java:run(188)) - Starting JVM pause monitor
2019-10-04 00:18:24,297 [main] INFO  ozone.HddsDatanodeService (HddsDatanodeService.java:start(184)) - HddsDatanodeService host:pr-hdds-2181-qkjh9-3495688764 ip:192.168.151.66
2019-10-04 00:18:24,298 [Datanode State Machine Thread - 0] INFO  datanode.InitDatanodeState (InitDatanodeState.java:persistContainerDatanodeDetails(140)) - DatanodeDetails is persisted to /workdir/hadoop-ozone/integration-test/target/test-dir/MiniOzoneClusterImpl-7e584a5f-24ad-4948-84f4-5bd4158e5d25/datanode-4/meta/datanode.id
2019-10-04 00:18:24,302 [main] INFO  volume.HddsVolume (HddsVolume.java:<init>(176)) - Creating Volume: /workdir/hadoop-ozone/integration-test/target/test-dir/MiniOzoneClusterImpl-7e584a5f-24ad-4948-84f4-5bd4158e5d25/datanode-5/data/containers/hdds of  storage type : DISK and capacity : 1482555576320
2019-10-04 00:18:24,303 [main] INFO  volume.VolumeSet (VolumeSet.java:initializeVolumeSet(170)) - Added Volume : /workdir/hadoop-ozone/integration-test/target/test-dir/MiniOzoneClusterImpl-7e584a5f-24ad-4948-84f4-5bd4158e5d25/datanode-5/data/containers/hdds to VolumeSet
2019-10-04 00:18:24,303 [main] INFO  volume.ThrottledAsyncChecker (ThrottledAsyncChecker.java:schedule(139)) - Scheduling a check for org.apache.hadoop.ozone.container.common.volume.HddsVolume@32ae8f27
2019-10-04 00:18:24,303 [main] INFO  volume.HddsVolumeChecker (HddsVolumeChecker.java:checkAllVolumes(202)) - Scheduled health check for volume org.apache.hadoop.ozone.container.common.volume.HddsVolume@32ae8f27
2019-10-04 00:18:24,316 [main] INFO  impl.RaftServerProxy (ConfUtils.java:logGet(43)) - raft.rpc.type = GRPC (default)
2019-10-04 00:18:24,316 [main] INFO  grpc.GrpcFactory (GrpcFactory.java:checkPooledByteBufAllocatorUseCacheForAllThreads(45)) - PERFORMANCE WARNING: useCacheForAllThreads is true that may cause Netty to create a lot garbage objects and, as a result, trigger GC.
	It is recommended to disable useCacheForAllThreads by setting -Dorg.apache.ratis.thirdparty.io.netty.allocator.useCacheForAllThreads=false in command line.
2019-10-04 00:18:24,316 [main] INFO  grpc.GrpcConfigKeys$Server (ConfUtils.java:logGet(43)) - raft.grpc.server.port = 0 (default)
2019-10-04 00:18:24,316 [main] INFO  server.GrpcService (ConfUtils.java:logGet(43)) - raft.grpc.message.size.max = 33570816 (custom)
2019-10-04 00:18:24,316 [main] INFO  server.RaftServerConfigKeys (ConfUtils.java:logGet(43)) - raft.server.log.appender.buffer.byte-limit = 33554432 (custom)
2019-10-04 00:18:24,317 [main] INFO  server.GrpcService (ConfUtils.java:logGet(43)) - raft.grpc.flow.control.window = 1MB (=1048576) (default)
2019-10-04 00:18:24,317 [main] INFO  server.RaftServerConfigKeys (ConfUtils.java:logGet(43)) - raft.server.rpc.request.timeout = 3000ms (default)
2019-10-04 00:18:24,317 [main] INFO  server.RaftServerConfigKeys (ConfUtils.java:logGet(43)) - raft.server.storage.dir = [/workdir/hadoop-ozone/integration-test/target/test-dir/MiniOzoneClusterImpl-7e584a5f-24ad-4948-84f4-5bd4158e5d25/datanode-5/data/ratis] (custom)
2019-10-04 00:18:24,318 [main] INFO  hdfs.DFSUtil (DFSUtil.java:httpServerTemplateForNNAndJN(1641)) - Starting Web-server for hddsDatanode at: http://0.0.0.0:0
2019-10-04 00:18:24,320 [main] INFO  server.AuthenticationFilter (AuthenticationFilter.java:constructSecretProvider(240)) - Unable to initialize FileSignerSecretProvider, falling back to use random secrets.
2019-10-04 00:18:24,320 [main] WARN  http.HttpRequestLog (HttpRequestLog.java:getRequestLog(97)) - Jetty request log can only be enabled using Log4j
2019-10-04 00:18:24,321 [main] INFO  http.HttpServer2 (HttpServer2.java:addGlobalFilter(975)) - Added global filter 'safety' (class=org.apache.hadoop.http.HttpServer2$QuotingInputFilter)
2019-10-04 00:18:24,321 [main] INFO  http.HttpServer2 (HttpServer2.java:addFilter(948)) - Added filter static_user_filter (class=org.apache.hadoop.http.lib.StaticUserWebFilter$StaticUserFilter) to context hddsDatanode
2019-10-04 00:18:24,322 [main] INFO  http.HttpServer2 (HttpServer2.java:addFilter(958)) - Added filter static_user_filter (class=org.apache.hadoop.http.lib.StaticUserWebFilter$StaticUserFilter) to context static
2019-10-04 00:18:24,322 [main] INFO  http.HttpServer2 (HttpServer2.java:addFilter(958)) - Added filter static_user_filter (class=org.apache.hadoop.http.lib.StaticUserWebFilter$StaticUserFilter) to context logs
2019-10-04 00:18:24,322 [main] INFO  http.HttpServer2 (HttpServer2.java:bindListener(1191)) - Jetty bound to port 42833
2019-10-04 00:18:24,322 [main] INFO  server.Server (Server.java:doStart(351)) - jetty-9.3.25.v20180904, build timestamp: 2018-09-04T21:11:46Z, git hash: 3ce520221d0240229c862b122d2b06c12a625732
2019-10-04 00:18:24,324 [main] INFO  handler.ContextHandler (ContextHandler.java:doStart(781)) - Started o.e.j.s.ServletContextHandler@5b48f0f4{/logs,file:///workdir/hadoop-ozone/integration-test/target/log,AVAILABLE}
2019-10-04 00:18:24,324 [main] INFO  handler.ContextHandler (ContextHandler.java:doStart(781)) - Started o.e.j.s.ServletContextHandler@5bfc79cb{/static,jar:file:/home/user/.m2/repository/org/apache/hadoop/hadoop-hdds-container-service/0.5.0-SNAPSHOT/hadoop-hdds-container-service-0.5.0-SNAPSHOT.jar!/webapps/static,AVAILABLE}
2019-10-04 00:18:24,353 [main] INFO  handler.ContextHandler (ContextHandler.java:doStart(781)) - Started o.e.j.w.WebAppContext@4645679e{/,file:///tmp/jetty-0.0.0.0-42833-hddsDatanode-_-any-6497150117663745635.dir/webapp/,AVAILABLE}{/hddsDatanode}
2019-10-04 00:18:24,353 [main] INFO  server.AbstractConnector (AbstractConnector.java:doStart(278)) - Started ServerConnector@3a0b6a{HTTP/1.1,[http/1.1]}{0.0.0.0:42833}
2019-10-04 00:18:24,354 [main] INFO  server.Server (Server.java:doStart(419)) - Started @245507ms
2019-10-04 00:18:24,355 [main] WARN  impl.MetricsSystemImpl (MetricsSystemImpl.java:register(276)) - Sink prometheus already exists!
2019-10-04 00:18:24,355 [main] INFO  server.BaseHttpServer (BaseHttpServer.java:updateConnectorAddress(215)) - HTTP server of HDDSDATANODE is listening at http://0.0.0.0:42833
2019-10-04 00:18:24,355 [main] INFO  impl.MetricsSystemImpl (MetricsSystemImpl.java:init(158)) - HddsDatanode metrics system started (again)
2019-10-04 00:18:24,360 [org.apache.hadoop.util.JvmPauseMonitor$Monitor@f5c8c3e] INFO  util.JvmPauseMonitor (JvmPauseMonitor.java:run(188)) - Starting JVM pause monitor
2019-10-04 00:18:24,361 [main] INFO  ozone.HddsDatanodeService (HddsDatanodeService.java:start(184)) - HddsDatanodeService host:pr-hdds-2181-qkjh9-3495688764 ip:192.168.151.66
2019-10-04 00:18:24,361 [Datanode State Machine Thread - 0] INFO  datanode.InitDatanodeState (InitDatanodeState.java:persistContainerDatanodeDetails(140)) - DatanodeDetails is persisted to /workdir/hadoop-ozone/integration-test/target/test-dir/MiniOzoneClusterImpl-7e584a5f-24ad-4948-84f4-5bd4158e5d25/datanode-5/meta/datanode.id
2019-10-04 00:18:24,366 [main] INFO  volume.HddsVolume (HddsVolume.java:<init>(176)) - Creating Volume: /workdir/hadoop-ozone/integration-test/target/test-dir/MiniOzoneClusterImpl-7e584a5f-24ad-4948-84f4-5bd4158e5d25/datanode-6/data/containers/hdds of  storage type : DISK and capacity : 1482555576320
2019-10-04 00:18:24,366 [main] INFO  volume.VolumeSet (VolumeSet.java:initializeVolumeSet(170)) - Added Volume : /workdir/hadoop-ozone/integration-test/target/test-dir/MiniOzoneClusterImpl-7e584a5f-24ad-4948-84f4-5bd4158e5d25/datanode-6/data/containers/hdds to VolumeSet
2019-10-04 00:18:24,366 [main] INFO  volume.ThrottledAsyncChecker (ThrottledAsyncChecker.java:schedule(139)) - Scheduling a check for org.apache.hadoop.ozone.container.common.volume.HddsVolume@58d4238e
2019-10-04 00:18:24,367 [main] INFO  volume.HddsVolumeChecker (HddsVolumeChecker.java:checkAllVolumes(202)) - Scheduled health check for volume org.apache.hadoop.ozone.container.common.volume.HddsVolume@58d4238e
2019-10-04 00:18:24,379 [main] INFO  impl.RaftServerProxy (ConfUtils.java:logGet(43)) - raft.rpc.type = GRPC (default)
2019-10-04 00:18:24,379 [main] INFO  grpc.GrpcFactory (GrpcFactory.java:checkPooledByteBufAllocatorUseCacheForAllThreads(45)) - PERFORMANCE WARNING: useCacheForAllThreads is true that may cause Netty to create a lot garbage objects and, as a result, trigger GC.
	It is recommended to disable useCacheForAllThreads by setting -Dorg.apache.ratis.thirdparty.io.netty.allocator.useCacheForAllThreads=false in command line.
2019-10-04 00:18:24,379 [main] INFO  grpc.GrpcConfigKeys$Server (ConfUtils.java:logGet(43)) - raft.grpc.server.port = 0 (default)
2019-10-04 00:18:24,379 [main] INFO  server.GrpcService (ConfUtils.java:logGet(43)) - raft.grpc.message.size.max = 33570816 (custom)
2019-10-04 00:18:24,379 [main] INFO  server.RaftServerConfigKeys (ConfUtils.java:logGet(43)) - raft.server.log.appender.buffer.byte-limit = 33554432 (custom)
2019-10-04 00:18:24,379 [main] INFO  server.GrpcService (ConfUtils.java:logGet(43)) - raft.grpc.flow.control.window = 1MB (=1048576) (default)
2019-10-04 00:18:24,380 [main] INFO  server.RaftServerConfigKeys (ConfUtils.java:logGet(43)) - raft.server.rpc.request.timeout = 3000ms (default)
2019-10-04 00:18:24,380 [main] INFO  server.RaftServerConfigKeys (ConfUtils.java:logGet(43)) - raft.server.storage.dir = [/workdir/hadoop-ozone/integration-test/target/test-dir/MiniOzoneClusterImpl-7e584a5f-24ad-4948-84f4-5bd4158e5d25/datanode-6/data/ratis] (custom)
2019-10-04 00:18:24,381 [main] INFO  hdfs.DFSUtil (DFSUtil.java:httpServerTemplateForNNAndJN(1641)) - Starting Web-server for hddsDatanode at: http://0.0.0.0:0
2019-10-04 00:18:24,382 [main] INFO  server.AuthenticationFilter (AuthenticationFilter.java:constructSecretProvider(240)) - Unable to initialize FileSignerSecretProvider, falling back to use random secrets.
2019-10-04 00:18:24,382 [main] WARN  http.HttpRequestLog (HttpRequestLog.java:getRequestLog(97)) - Jetty request log can only be enabled using Log4j
2019-10-04 00:18:24,383 [main] INFO  http.HttpServer2 (HttpServer2.java:addGlobalFilter(975)) - Added global filter 'safety' (class=org.apache.hadoop.http.HttpServer2$QuotingInputFilter)
2019-10-04 00:18:24,384 [main] INFO  http.HttpServer2 (HttpServer2.java:addFilter(948)) - Added filter static_user_filter (class=org.apache.hadoop.http.lib.StaticUserWebFilter$StaticUserFilter) to context hddsDatanode
2019-10-04 00:18:24,384 [main] INFO  http.HttpServer2 (HttpServer2.java:addFilter(958)) - Added filter static_user_filter (class=org.apache.hadoop.http.lib.StaticUserWebFilter$StaticUserFilter) to context logs
2019-10-04 00:18:24,384 [main] INFO  http.HttpServer2 (HttpServer2.java:addFilter(958)) - Added filter static_user_filter (class=org.apache.hadoop.http.lib.StaticUserWebFilter$StaticUserFilter) to context static
2019-10-04 00:18:24,385 [main] INFO  http.HttpServer2 (HttpServer2.java:bindListener(1191)) - Jetty bound to port 40719
2019-10-04 00:18:24,385 [main] INFO  server.Server (Server.java:doStart(351)) - jetty-9.3.25.v20180904, build timestamp: 2018-09-04T21:11:46Z, git hash: 3ce520221d0240229c862b122d2b06c12a625732
2019-10-04 00:18:24,386 [main] INFO  handler.ContextHandler (ContextHandler.java:doStart(781)) - Started o.e.j.s.ServletContextHandler@6842c101{/logs,file:///workdir/hadoop-ozone/integration-test/target/log,AVAILABLE}
2019-10-04 00:18:24,387 [main] INFO  handler.ContextHandler (ContextHandler.java:doStart(781)) - Started o.e.j.s.ServletContextHandler@2c48cede{/static,jar:file:/home/user/.m2/repository/org/apache/hadoop/hadoop-hdds-container-service/0.5.0-SNAPSHOT/hadoop-hdds-container-service-0.5.0-SNAPSHOT.jar!/webapps/static,AVAILABLE}
2019-10-04 00:18:24,414 [main] INFO  handler.ContextHandler (ContextHandler.java:doStart(781)) - Started o.e.j.w.WebAppContext@60591e1b{/,file:///tmp/jetty-0.0.0.0-40719-hddsDatanode-_-any-8297225588196552169.dir/webapp/,AVAILABLE}{/hddsDatanode}
2019-10-04 00:18:24,415 [main] INFO  server.AbstractConnector (AbstractConnector.java:doStart(278)) - Started ServerConnector@29c53c4f{HTTP/1.1,[http/1.1]}{0.0.0.0:40719}
2019-10-04 00:18:24,416 [main] INFO  server.Server (Server.java:doStart(419)) - Started @245569ms
2019-10-04 00:18:24,416 [main] WARN  impl.MetricsSystemImpl (MetricsSystemImpl.java:register(276)) - Sink prometheus already exists!
2019-10-04 00:18:24,417 [main] INFO  server.BaseHttpServer (BaseHttpServer.java:updateConnectorAddress(215)) - HTTP server of HDDSDATANODE is listening at http://0.0.0.0:40719
2019-10-04 00:18:24,417 [main] INFO  ozone.MiniOzoneClusterImpl (MiniOzoneClusterImpl.java:lambda$waitForClusterToBeReady$0(147)) - Waiting for cluster to be ready. Got 0 of 7 DN Heartbeats.
2019-10-04 00:18:24,418 [org.apache.hadoop.util.JvmPauseMonitor$Monitor@1332b997] INFO  util.JvmPauseMonitor (JvmPauseMonitor.java:run(188)) - Starting JVM pause monitor
2019-10-04 00:18:24,419 [Datanode State Machine Thread - 0] INFO  datanode.InitDatanodeState (InitDatanodeState.java:persistContainerDatanodeDetails(140)) - DatanodeDetails is persisted to /workdir/hadoop-ozone/integration-test/target/test-dir/MiniOzoneClusterImpl-7e584a5f-24ad-4948-84f4-5bd4158e5d25/datanode-6/meta/datanode.id
2019-10-04 00:18:25,417 [main] INFO  ozone.MiniOzoneClusterImpl (MiniOzoneClusterImpl.java:lambda$waitForClusterToBeReady$0(147)) - Waiting for cluster to be ready. Got 0 of 7 DN Heartbeats.
2019-10-04 00:18:26,078 [Datanode State Machine Thread - 0] INFO  ozoneimpl.OzoneContainer (OzoneContainer.java:start(217)) - Attempting to start container services.
2019-10-04 00:18:26,078 [Datanode State Machine Thread - 0] INFO  ozoneimpl.OzoneContainer (OzoneContainer.java:startContainerScrub(179)) - Background container scanner has been disabled.
2019-10-04 00:18:26,078 [Datanode State Machine Thread - 0] INFO  ratis.XceiverServerRatis (XceiverServerRatis.java:start(417)) - Starting XceiverServerRatis 69b2e503-b7a0-43ec-84b8-d72fa60ad202 at port 0
2019-10-04 00:18:26,083 [Datanode State Machine Thread - 0] INFO  impl.RaftServerProxy (RaftServerProxy.java:lambda$start$3(299)) - 69b2e503-b7a0-43ec-84b8-d72fa60ad202: start RPC server
2019-10-04 00:18:26,085 [Datanode State Machine Thread - 0] INFO  server.GrpcService (GrpcService.java:startImpl(158)) - 69b2e503-b7a0-43ec-84b8-d72fa60ad202: GrpcService started, listening on 0.0.0.0/0.0.0.0:43523
2019-10-04 00:18:26,085 [Datanode State Machine Thread - 0] INFO  ratis.XceiverServerRatis (XceiverServerRatis.java:start(427)) - XceiverServerRatis 69b2e503-b7a0-43ec-84b8-d72fa60ad202 is started using port 43523
2019-10-04 00:18:26,085 [Datanode State Machine Thread - 0] INFO  server.XceiverServerGrpc (XceiverServerGrpc.java:start(149)) - XceiverServerGrpc 69b2e503-b7a0-43ec-84b8-d72fa60ad202 is started using port 44159
2019-10-04 00:18:26,122 [Datanode State Machine Thread - 0] INFO  ozoneimpl.OzoneContainer (OzoneContainer.java:start(217)) - Attempting to start container services.
2019-10-04 00:18:26,122 [Datanode State Machine Thread - 0] INFO  ozoneimpl.OzoneContainer (OzoneContainer.java:startContainerScrub(179)) - Background container scanner has been disabled.
2019-10-04 00:18:26,123 [Datanode State Machine Thread - 0] INFO  ratis.XceiverServerRatis (XceiverServerRatis.java:start(417)) - Starting XceiverServerRatis 4bacd16f-645d-4afa-84f4-46d8ff377874 at port 0
2019-10-04 00:18:26,127 [Datanode State Machine Thread - 0] INFO  impl.RaftServerProxy (RaftServerProxy.java:lambda$start$3(299)) - 4bacd16f-645d-4afa-84f4-46d8ff377874: start RPC server
2019-10-04 00:18:26,128 [Datanode State Machine Thread - 0] INFO  server.GrpcService (GrpcService.java:startImpl(158)) - 4bacd16f-645d-4afa-84f4-46d8ff377874: GrpcService started, listening on 0.0.0.0/0.0.0.0:43297
2019-10-04 00:18:26,128 [Datanode State Machine Thread - 0] INFO  ratis.XceiverServerRatis (XceiverServerRatis.java:start(427)) - XceiverServerRatis 4bacd16f-645d-4afa-84f4-46d8ff377874 is started using port 43297
2019-10-04 00:18:26,133 [Datanode State Machine Thread - 0] INFO  server.XceiverServerGrpc (XceiverServerGrpc.java:start(149)) - XceiverServerGrpc 4bacd16f-645d-4afa-84f4-46d8ff377874 is started using port 36924
2019-10-04 00:18:26,186 [Datanode State Machine Thread - 0] INFO  ozoneimpl.OzoneContainer (OzoneContainer.java:start(217)) - Attempting to start container services.
2019-10-04 00:18:26,186 [Datanode State Machine Thread - 0] INFO  ozoneimpl.OzoneContainer (OzoneContainer.java:startContainerScrub(179)) - Background container scanner has been disabled.
2019-10-04 00:18:26,186 [Datanode State Machine Thread - 0] INFO  ratis.XceiverServerRatis (XceiverServerRatis.java:start(417)) - Starting XceiverServerRatis f97f34f7-5daf-4cc8-a9bd-ec57e9b54e23 at port 0
2019-10-04 00:18:26,193 [Datanode State Machine Thread - 0] INFO  impl.RaftServerProxy (RaftServerProxy.java:lambda$start$3(299)) - f97f34f7-5daf-4cc8-a9bd-ec57e9b54e23: start RPC server
2019-10-04 00:18:26,194 [Datanode State Machine Thread - 0] INFO  server.GrpcService (GrpcService.java:startImpl(158)) - f97f34f7-5daf-4cc8-a9bd-ec57e9b54e23: GrpcService started, listening on 0.0.0.0/0.0.0.0:44709
2019-10-04 00:18:26,195 [Datanode State Machine Thread - 0] INFO  ratis.XceiverServerRatis (XceiverServerRatis.java:start(427)) - XceiverServerRatis f97f34f7-5daf-4cc8-a9bd-ec57e9b54e23 is started using port 44709
2019-10-04 00:18:26,195 [Datanode State Machine Thread - 0] INFO  server.XceiverServerGrpc (XceiverServerGrpc.java:start(149)) - XceiverServerGrpc f97f34f7-5daf-4cc8-a9bd-ec57e9b54e23 is started using port 36607
2019-10-04 00:18:26,249 [Datanode State Machine Thread - 0] INFO  ozoneimpl.OzoneContainer (OzoneContainer.java:start(217)) - Attempting to start container services.
2019-10-04 00:18:26,249 [Datanode State Machine Thread - 0] INFO  ozoneimpl.OzoneContainer (OzoneContainer.java:startContainerScrub(179)) - Background container scanner has been disabled.
2019-10-04 00:18:26,249 [Datanode State Machine Thread - 0] INFO  ratis.XceiverServerRatis (XceiverServerRatis.java:start(417)) - Starting XceiverServerRatis c960eb40-745b-4ab5-a386-2e2ad39ed98c at port 0
2019-10-04 00:18:26,256 [Datanode State Machine Thread - 0] INFO  impl.RaftServerProxy (RaftServerProxy.java:lambda$start$3(299)) - c960eb40-745b-4ab5-a386-2e2ad39ed98c: start RPC server
2019-10-04 00:18:26,257 [Datanode State Machine Thread - 0] INFO  server.GrpcService (GrpcService.java:startImpl(158)) - c960eb40-745b-4ab5-a386-2e2ad39ed98c: GrpcService started, listening on 0.0.0.0/0.0.0.0:34966
2019-10-04 00:18:26,257 [Datanode State Machine Thread - 0] INFO  ratis.XceiverServerRatis (XceiverServerRatis.java:start(427)) - XceiverServerRatis c960eb40-745b-4ab5-a386-2e2ad39ed98c is started using port 34966
2019-10-04 00:18:26,259 [Datanode State Machine Thread - 0] INFO  server.XceiverServerGrpc (XceiverServerGrpc.java:start(149)) - XceiverServerGrpc c960eb40-745b-4ab5-a386-2e2ad39ed98c is started using port 40648
2019-10-04 00:18:26,310 [Datanode State Machine Thread - 0] INFO  ozoneimpl.OzoneContainer (OzoneContainer.java:start(217)) - Attempting to start container services.
2019-10-04 00:18:26,311 [Datanode State Machine Thread - 0] INFO  ozoneimpl.OzoneContainer (OzoneContainer.java:startContainerScrub(179)) - Background container scanner has been disabled.
2019-10-04 00:18:26,311 [Datanode State Machine Thread - 0] INFO  ratis.XceiverServerRatis (XceiverServerRatis.java:start(417)) - Starting XceiverServerRatis 422e72e4-3675-4936-b0f8-18a5b8ef65de at port 0
2019-10-04 00:18:26,316 [Datanode State Machine Thread - 0] INFO  impl.RaftServerProxy (RaftServerProxy.java:lambda$start$3(299)) - 422e72e4-3675-4936-b0f8-18a5b8ef65de: start RPC server
2019-10-04 00:18:26,316 [Datanode State Machine Thread - 0] INFO  server.GrpcService (GrpcService.java:startImpl(158)) - 422e72e4-3675-4936-b0f8-18a5b8ef65de: GrpcService started, listening on 0.0.0.0/0.0.0.0:39019
2019-10-04 00:18:26,317 [Datanode State Machine Thread - 0] INFO  ratis.XceiverServerRatis (XceiverServerRatis.java:start(427)) - XceiverServerRatis 422e72e4-3675-4936-b0f8-18a5b8ef65de is started using port 39019
2019-10-04 00:18:26,317 [Datanode State Machine Thread - 0] INFO  server.XceiverServerGrpc (XceiverServerGrpc.java:start(149)) - XceiverServerGrpc 422e72e4-3675-4936-b0f8-18a5b8ef65de is started using port 42399
2019-10-04 00:18:26,368 [Datanode State Machine Thread - 0] INFO  ozoneimpl.OzoneContainer (OzoneContainer.java:start(217)) - Attempting to start container services.
2019-10-04 00:18:26,369 [Datanode State Machine Thread - 0] INFO  ozoneimpl.OzoneContainer (OzoneContainer.java:startContainerScrub(179)) - Background container scanner has been disabled.
2019-10-04 00:18:26,369 [Datanode State Machine Thread - 0] INFO  ratis.XceiverServerRatis (XceiverServerRatis.java:start(417)) - Starting XceiverServerRatis f38a0b7c-59b6-419c-be01-3d00b5e4d222 at port 0
2019-10-04 00:18:26,374 [Datanode State Machine Thread - 0] INFO  impl.RaftServerProxy (RaftServerProxy.java:lambda$start$3(299)) - f38a0b7c-59b6-419c-be01-3d00b5e4d222: start RPC server
2019-10-04 00:18:26,374 [Datanode State Machine Thread - 0] INFO  server.GrpcService (GrpcService.java:startImpl(158)) - f38a0b7c-59b6-419c-be01-3d00b5e4d222: GrpcService started, listening on 0.0.0.0/0.0.0.0:42674
2019-10-04 00:18:26,374 [Datanode State Machine Thread - 0] INFO  ratis.XceiverServerRatis (XceiverServerRatis.java:start(427)) - XceiverServerRatis f38a0b7c-59b6-419c-be01-3d00b5e4d222 is started using port 42674
2019-10-04 00:18:26,375 [Datanode State Machine Thread - 0] INFO  server.XceiverServerGrpc (XceiverServerGrpc.java:start(149)) - XceiverServerGrpc f38a0b7c-59b6-419c-be01-3d00b5e4d222 is started using port 37337
2019-10-04 00:18:26,418 [main] INFO  ozone.MiniOzoneClusterImpl (MiniOzoneClusterImpl.java:lambda$waitForClusterToBeReady$0(147)) - Waiting for cluster to be ready. Got 0 of 7 DN Heartbeats.
2019-10-04 00:18:26,431 [Datanode State Machine Thread - 0] INFO  ozoneimpl.OzoneContainer (OzoneContainer.java:start(217)) - Attempting to start container services.
2019-10-04 00:18:26,432 [Datanode State Machine Thread - 0] INFO  ozoneimpl.OzoneContainer (OzoneContainer.java:startContainerScrub(179)) - Background container scanner has been disabled.
2019-10-04 00:18:26,432 [Datanode State Machine Thread - 0] INFO  ratis.XceiverServerRatis (XceiverServerRatis.java:start(417)) - Starting XceiverServerRatis b41bfd3a-039d-4642-bfdf-39ff1f969529 at port 0
2019-10-04 00:18:26,438 [Datanode State Machine Thread - 0] INFO  impl.RaftServerProxy (RaftServerProxy.java:lambda$start$3(299)) - b41bfd3a-039d-4642-bfdf-39ff1f969529: start RPC server
2019-10-04 00:18:26,438 [Datanode State Machine Thread - 0] INFO  server.GrpcService (GrpcService.java:startImpl(158)) - b41bfd3a-039d-4642-bfdf-39ff1f969529: GrpcService started, listening on 0.0.0.0/0.0.0.0:42207
2019-10-04 00:18:26,438 [Datanode State Machine Thread - 0] INFO  ratis.XceiverServerRatis (XceiverServerRatis.java:start(427)) - XceiverServerRatis b41bfd3a-039d-4642-bfdf-39ff1f969529 is started using port 42207
2019-10-04 00:18:26,439 [Datanode State Machine Thread - 0] INFO  server.XceiverServerGrpc (XceiverServerGrpc.java:start(149)) - XceiverServerGrpc b41bfd3a-039d-4642-bfdf-39ff1f969529 is started using port 34288
2019-10-04 00:18:27,418 [main] INFO  ozone.MiniOzoneClusterImpl (MiniOzoneClusterImpl.java:lambda$waitForClusterToBeReady$0(147)) - Waiting for cluster to be ready. Got 0 of 7 DN Heartbeats.
2019-10-04 00:18:28,043 [IPC Server handler 0 on 45541] INFO  net.NetworkTopology (NetworkTopologyImpl.java:add(111)) - Added a new node: /default-rack/69b2e503-b7a0-43ec-84b8-d72fa60ad202
2019-10-04 00:18:28,045 [IPC Server handler 0 on 45541] INFO  node.SCMNodeManager (SCMNodeManager.java:register(266)) - Registered Data node : 69b2e503-b7a0-43ec-84b8-d72fa60ad202{ip: 192.168.151.66, host: pr-hdds-2181-qkjh9-3495688764, networkLocation: /default-rack, certSerialId: null}
2019-10-04 00:18:28,046 [EventQueue-NodeRegistrationContainerReportForDataNodeSafeModeRule] INFO  safemode.SCMSafeModeManager (DataNodeSafeModeRule.java:process(71)) - SCM in safe mode. 1 DataNodes registered, 1 required.
2019-10-04 00:18:28,048 [EventQueue-NodeRegistrationContainerReportForDataNodeSafeModeRule] INFO  safemode.SCMSafeModeManager (SCMSafeModeManager.java:validateSafeModeExitRules(177)) - ScmSafeModeManager, all rules are successfully validated
2019-10-04 00:18:28,049 [EventQueue-NodeRegistrationContainerReportForDataNodeSafeModeRule] INFO  safemode.SCMSafeModeManager (SCMSafeModeManager.java:exitSafeMode(193)) - SCM exiting safe mode.
2019-10-04 00:18:28,059 [grpc-default-executor-2] INFO  impl.RaftServerProxy (RaftServerProxy.java:addNew(89)) - 69b2e503-b7a0-43ec-84b8-d72fa60ad202: addNew group-F7C4761CF33E:[69b2e503-b7a0-43ec-84b8-d72fa60ad202:192.168.151.66:43523] returns group-F7C4761CF33E:java.util.concurrent.CompletableFuture@39bc982a[Not completed]
2019-10-04 00:18:28,061 [pool-383-thread-1] INFO  impl.RaftServerImpl (RaftServerImpl.java:<init>(95)) - 69b2e503-b7a0-43ec-84b8-d72fa60ad202: new RaftServerImpl for group-F7C4761CF33E:[69b2e503-b7a0-43ec-84b8-d72fa60ad202:192.168.151.66:43523] with ContainerStateMachine:uninitialized
2019-10-04 00:18:28,061 [pool-383-thread-1] INFO  server.RaftServerConfigKeys (ConfUtils.java:logGet(43)) - raft.server.rpc.timeout.min = 5s (custom)
2019-10-04 00:18:28,061 [pool-383-thread-1] INFO  server.RaftServerConfigKeys (ConfUtils.java:logGet(43)) - raft.server.rpc.timeout.max = 5200ms (custom)
2019-10-04 00:18:28,061 [pool-383-thread-1] INFO  server.RaftServerConfigKeys (ConfUtils.java:logGet(43)) - raft.server.rpcslowness.timeout = 120s (custom)
2019-10-04 00:18:28,061 [pool-383-thread-1] INFO  server.RaftServerConfigKeys (ConfUtils.java:logGet(43)) - raft.server.sleep.deviation.threshold = 300 (default)
2019-10-04 00:18:28,061 [pool-383-thread-1] INFO  server.RaftServerConfigKeys (ConfUtils.java:logGet(43)) - raft.server.log.appender.install.snapshot.enabled = false (custom)
2019-10-04 00:18:28,061 [pool-383-thread-1] INFO  impl.RaftServerImpl (ServerState.java:<init>(103)) - 69b2e503-b7a0-43ec-84b8-d72fa60ad202@group-F7C4761CF33E: ConfigurationManager, init=-1: [69b2e503-b7a0-43ec-84b8-d72fa60ad202:192.168.151.66:43523], old=null, confs=<EMPTY_MAP>
2019-10-04 00:18:28,061 [pool-383-thread-1] INFO  server.RaftServerConfigKeys (ConfUtils.java:logGet(43)) - raft.server.storage.dir = [/workdir/hadoop-ozone/integration-test/target/test-dir/MiniOzoneClusterImpl-7e584a5f-24ad-4948-84f4-5bd4158e5d25/datanode-0/data/ratis] (custom)
2019-10-04 00:18:28,062 [pool-383-thread-1] INFO  server.RaftServerConfigKeys (ConfUtils.java:logGet(43)) - raft.server.log.corruption.policy = EXCEPTION (default)
2019-10-04 00:18:28,062 [pool-383-thread-1] INFO  storage.RaftStorageDirectory (RaftStorageDirectory.java:analyzeStorage(246)) - The storage directory /workdir/hadoop-ozone/integration-test/target/test-dir/MiniOzoneClusterImpl-7e584a5f-24ad-4948-84f4-5bd4158e5d25/datanode-0/data/ratis/8176230f-208b-440c-9ec5-f7c4761cf33e does not exist. Creating ...
2019-10-04 00:18:28,077 [pool-383-thread-1] INFO  storage.RaftStorageDirectory (RaftStorageDirectory.java:tryLock(328)) - Lock on /workdir/hadoop-ozone/integration-test/target/test-dir/MiniOzoneClusterImpl-7e584a5f-24ad-4948-84f4-5bd4158e5d25/datanode-0/data/ratis/8176230f-208b-440c-9ec5-f7c4761cf33e/in_use.lock acquired by nodename 23484@pr-hdds-2181-qkjh9-3495688764
2019-10-04 00:18:28,090 [pool-383-thread-1] INFO  storage.RaftStorage (RaftStorage.java:format(84)) - Storage directory /workdir/hadoop-ozone/integration-test/target/test-dir/MiniOzoneClusterImpl-7e584a5f-24ad-4948-84f4-5bd4158e5d25/datanode-0/data/ratis/8176230f-208b-440c-9ec5-f7c4761cf33e has been successfully formatted.
2019-10-04 00:18:28,090 [pool-383-thread-1] INFO  ratis.ContainerStateMachine (ContainerStateMachine.java:loadSnapshot(230)) - group-F7C4761CF33E: The snapshot info is null. Setting the last applied indexto:(t:0, i:~)
2019-10-04 00:18:28,090 [pool-383-thread-1] INFO  server.RaftServerConfigKeys (ConfUtils.java:logGet(43)) - raft.server.notification.no-leader.timeout = 120s (custom)
2019-10-04 00:18:28,090 [pool-383-thread-1] INFO  server.RaftServerConfigKeys (ConfUtils.java:logGet(43)) - raft.server.log.use.memory = false (default)
2019-10-04 00:18:28,090 [pool-383-thread-1] INFO  server.RaftServerConfigKeys (ConfUtils.java:logGet(43)) - raft.server.log.purge.gap = 1000000 (custom)
2019-10-04 00:18:28,090 [pool-383-thread-1] INFO  server.RaftServerConfigKeys (ConfUtils.java:logGet(43)) - raft.server.log.appender.buffer.byte-limit = 33554432 (custom)
2019-10-04 00:18:28,090 [pool-383-thread-1] INFO  server.RaftServerConfigKeys (ConfUtils.java:logGet(43)) - raft.server.log.segment.size.max = 1048576 (custom)
2019-10-04 00:18:28,091 [pool-383-thread-1] INFO  server.RaftServerConfigKeys (ConfUtils.java:logGet(43)) - raft.server.log.segment.cache.num.max = 2 (custom)
2019-10-04 00:18:28,092 [pool-383-thread-1] INFO  segmented.SegmentedRaftLogWorker (SegmentedRaftLogWorker.java:<init>(173)) - new 69b2e503-b7a0-43ec-84b8-d72fa60ad202@group-F7C4761CF33E-SegmentedRaftLogWorker for RaftStorage:Storage Directory /workdir/hadoop-ozone/integration-test/target/test-dir/MiniOzoneClusterImpl-7e584a5f-24ad-4948-84f4-5bd4158e5d25/datanode-0/data/ratis/8176230f-208b-440c-9ec5-f7c4761cf33e
2019-10-04 00:18:28,092 [pool-383-thread-1] INFO  server.RaftServerConfigKeys (ConfUtils.java:logGet(43)) - raft.server.log.queue.byte-limit = 2147483647 (custom)
2019-10-04 00:18:28,092 [pool-383-thread-1] INFO  server.RaftServerConfigKeys (ConfUtils.java:logGet(43)) - raft.server.log.queue.element-limit = 1024 (custom)
2019-10-04 00:18:28,092 [pool-383-thread-1] INFO  server.RaftServerConfigKeys (ConfUtils.java:logGet(43)) - raft.server.log.segment.size.max = 1048576 (custom)
2019-10-04 00:18:28,092 [pool-383-thread-1] INFO  server.RaftServerConfigKeys (ConfUtils.java:logGet(43)) - raft.server.log.preallocated.size = 16384 (custom)
2019-10-04 00:18:28,092 [pool-383-thread-1] INFO  server.RaftServerConfigKeys (ConfUtils.java:logGet(43)) - raft.server.log.write.buffer.size = 33554432 (custom)
2019-10-04 00:18:28,092 [pool-383-thread-1] INFO  server.RaftServerConfigKeys (ConfUtils.java:logGet(43)) - raft.server.log.force.sync.num = 128 (default)
2019-10-04 00:18:28,092 [pool-383-thread-1] INFO  server.RaftServerConfigKeys (ConfUtils.java:logGet(43)) - raft.server.log.statemachine.data.sync = true (default)
2019-10-04 00:18:28,092 [pool-383-thread-1] INFO  server.RaftServerConfigKeys (ConfUtils.java:logGet(43)) - raft.server.log.statemachine.data.sync.timeout = 10s (default)
2019-10-04 00:18:28,092 [pool-383-thread-1] INFO  server.RaftServerConfigKeys (ConfUtils.java:logGet(43)) - raft.server.log.statemachine.data.sync.timeout.retry = -1 (default)
2019-10-04 00:18:28,093 [pool-383-thread-1] INFO  server.RaftServerConfigKeys (ConfUtils.java:logGet(43)) - raft.server.log.statemachine.data.caching.enabled = true (custom)
2019-10-04 00:18:28,093 [pool-383-thread-1] INFO  segmented.SegmentedRaftLogWorker (SegmentedRaftLogWorker.java:lambda$new$0(128)) - 69b2e503-b7a0-43ec-84b8-d72fa60ad202@group-F7C4761CF33E-SegmentedRaftLogWorker: flushIndex: setUnconditionally 0 -> -1
2019-10-04 00:18:28,093 [pool-383-thread-1] INFO  server.RaftServerConfigKeys (ConfUtils.java:logGet(43)) - raft.server.snapshot.auto.trigger.enabled = true (custom)
2019-10-04 00:18:28,093 [pool-383-thread-1] INFO  server.RaftServerConfigKeys (ConfUtils.java:logGet(43)) - raft.server.snapshot.auto.trigger.threshold = 10000 (custom)
2019-10-04 00:18:28,093 [pool-383-thread-1] INFO  server.RaftServerConfigKeys (ConfUtils.java:logGet(43)) - raft.server.snapshot.retention.file.num = 5 (custom)
2019-10-04 00:18:28,093 [pool-383-thread-1] INFO  server.RaftServerConfigKeys (ConfUtils.java:logGet(43)) - raft.server.retrycache.expirytime = 600000ms (custom)
2019-10-04 00:18:28,094 [pool-383-thread-1] INFO  impl.RaftServerImpl (RaftServerImpl.java:start(181)) - 69b2e503-b7a0-43ec-84b8-d72fa60ad202@group-F7C4761CF33E: start as a follower, conf=-1: [69b2e503-b7a0-43ec-84b8-d72fa60ad202:192.168.151.66:43523], old=null
2019-10-04 00:18:28,094 [pool-383-thread-1] INFO  impl.RaftServerImpl (RaftServerImpl.java:setRole(170)) - 69b2e503-b7a0-43ec-84b8-d72fa60ad202@group-F7C4761CF33E: changes role from      null to FOLLOWER at term 0 for startAsFollower
2019-10-04 00:18:28,094 [pool-383-thread-1] INFO  impl.RoleInfo (RoleInfo.java:updateAndGet(143)) - 69b2e503-b7a0-43ec-84b8-d72fa60ad202: start FollowerState
2019-10-04 00:18:28,095 [pool-383-thread-1] INFO  util.JmxRegister (JmxRegister.java:tryRegister(44)) - Successfully registered JMX Bean with object name Ratis:service=RaftServer,group=group-F7C4761CF33E,id=69b2e503-b7a0-43ec-84b8-d72fa60ad202
2019-10-04 00:18:28,099 [RatisPipelineUtilsThread] INFO  pipeline.PipelineStateManager (PipelineStateManager.java:addPipeline(56)) - Created pipeline Pipeline[ Id: 8176230f-208b-440c-9ec5-f7c4761cf33e, Nodes: 69b2e503-b7a0-43ec-84b8-d72fa60ad202{ip: 192.168.151.66, host: pr-hdds-2181-qkjh9-3495688764, networkLocation: /default-rack, certSerialId: null}, Type:RATIS, Factor:ONE, State:OPEN]
2019-10-04 00:18:28,107 [IPC Server handler 2 on 45541] INFO  net.NetworkTopology (NetworkTopologyImpl.java:add(111)) - Added a new node: /default-rack/4bacd16f-645d-4afa-84f4-46d8ff377874
2019-10-04 00:18:28,107 [IPC Server handler 2 on 45541] INFO  node.SCMNodeManager (SCMNodeManager.java:register(266)) - Registered Data node : 4bacd16f-645d-4afa-84f4-46d8ff377874{ip: 192.168.151.66, host: pr-hdds-2181-qkjh9-3495688764, networkLocation: /default-rack, certSerialId: null}
2019-10-04 00:18:28,114 [grpc-default-executor-2] INFO  impl.RaftServerProxy (RaftServerProxy.java:addNew(89)) - 4bacd16f-645d-4afa-84f4-46d8ff377874: addNew group-9A26C730C827:[4bacd16f-645d-4afa-84f4-46d8ff377874:192.168.151.66:43297] returns group-9A26C730C827:java.util.concurrent.CompletableFuture@46be1c09[Not completed]
2019-10-04 00:18:28,115 [pool-393-thread-1] INFO  impl.RaftServerImpl (RaftServerImpl.java:<init>(95)) - 4bacd16f-645d-4afa-84f4-46d8ff377874: new RaftServerImpl for group-9A26C730C827:[4bacd16f-645d-4afa-84f4-46d8ff377874:192.168.151.66:43297] with ContainerStateMachine:uninitialized
2019-10-04 00:18:28,115 [pool-393-thread-1] INFO  server.RaftServerConfigKeys (ConfUtils.java:logGet(43)) - raft.server.rpc.timeout.min = 5s (custom)
2019-10-04 00:18:28,115 [pool-393-thread-1] INFO  server.RaftServerConfigKeys (ConfUtils.java:logGet(43)) - raft.server.rpc.timeout.max = 5200ms (custom)
2019-10-04 00:18:28,115 [pool-393-thread-1] INFO  server.RaftServerConfigKeys (ConfUtils.java:logGet(43)) - raft.server.rpcslowness.timeout = 120s (custom)
2019-10-04 00:18:28,115 [pool-393-thread-1] INFO  server.RaftServerConfigKeys (ConfUtils.java:logGet(43)) - raft.server.sleep.deviation.threshold = 300 (default)
2019-10-04 00:18:28,115 [pool-393-thread-1] INFO  server.RaftServerConfigKeys (ConfUtils.java:logGet(43)) - raft.server.log.appender.install.snapshot.enabled = false (custom)
2019-10-04 00:18:28,116 [pool-393-thread-1] INFO  impl.RaftServerImpl (ServerState.java:<init>(103)) - 4bacd16f-645d-4afa-84f4-46d8ff377874@group-9A26C730C827: ConfigurationManager, init=-1: [4bacd16f-645d-4afa-84f4-46d8ff377874:192.168.151.66:43297], old=null, confs=<EMPTY_MAP>
2019-10-04 00:18:28,116 [pool-393-thread-1] INFO  server.RaftServerConfigKeys (ConfUtils.java:logGet(43)) - raft.server.storage.dir = [/workdir/hadoop-ozone/integration-test/target/test-dir/MiniOzoneClusterImpl-7e584a5f-24ad-4948-84f4-5bd4158e5d25/datanode-1/data/ratis] (custom)
2019-10-04 00:18:28,116 [pool-393-thread-1] INFO  server.RaftServerConfigKeys (ConfUtils.java:logGet(43)) - raft.server.log.corruption.policy = EXCEPTION (default)
2019-10-04 00:18:28,116 [pool-393-thread-1] INFO  storage.RaftStorageDirectory (RaftStorageDirectory.java:analyzeStorage(246)) - The storage directory /workdir/hadoop-ozone/integration-test/target/test-dir/MiniOzoneClusterImpl-7e584a5f-24ad-4948-84f4-5bd4158e5d25/datanode-1/data/ratis/43e8250c-c029-40f6-a575-9a26c730c827 does not exist. Creating ...
2019-10-04 00:18:28,129 [pool-393-thread-1] INFO  storage.RaftStorageDirectory (RaftStorageDirectory.java:tryLock(328)) - Lock on /workdir/hadoop-ozone/integration-test/target/test-dir/MiniOzoneClusterImpl-7e584a5f-24ad-4948-84f4-5bd4158e5d25/datanode-1/data/ratis/43e8250c-c029-40f6-a575-9a26c730c827/in_use.lock acquired by nodename 23484@pr-hdds-2181-qkjh9-3495688764
2019-10-04 00:18:28,142 [pool-393-thread-1] INFO  storage.RaftStorage (RaftStorage.java:format(84)) - Storage directory /workdir/hadoop-ozone/integration-test/target/test-dir/MiniOzoneClusterImpl-7e584a5f-24ad-4948-84f4-5bd4158e5d25/datanode-1/data/ratis/43e8250c-c029-40f6-a575-9a26c730c827 has been successfully formatted.
2019-10-04 00:18:28,142 [pool-393-thread-1] INFO  ratis.ContainerStateMachine (ContainerStateMachine.java:loadSnapshot(230)) - group-9A26C730C827: The snapshot info is null. Setting the last applied indexto:(t:0, i:~)
2019-10-04 00:18:28,143 [pool-393-thread-1] INFO  server.RaftServerConfigKeys (ConfUtils.java:logGet(43)) - raft.server.notification.no-leader.timeout = 120s (custom)
2019-10-04 00:18:28,143 [pool-393-thread-1] INFO  server.RaftServerConfigKeys (ConfUtils.java:logGet(43)) - raft.server.log.use.memory = false (default)
2019-10-04 00:18:28,143 [pool-393-thread-1] INFO  server.RaftServerConfigKeys (ConfUtils.java:logGet(43)) - raft.server.log.purge.gap = 1000000 (custom)
2019-10-04 00:18:28,143 [pool-393-thread-1] INFO  server.RaftServerConfigKeys (ConfUtils.java:logGet(43)) - raft.server.log.appender.buffer.byte-limit = 33554432 (custom)
2019-10-04 00:18:28,143 [pool-393-thread-1] INFO  server.RaftServerConfigKeys (ConfUtils.java:logGet(43)) - raft.server.log.segment.size.max = 1048576 (custom)
2019-10-04 00:18:28,144 [pool-393-thread-1] INFO  server.RaftServerConfigKeys (ConfUtils.java:logGet(43)) - raft.server.log.segment.cache.num.max = 2 (custom)
2019-10-04 00:18:28,145 [pool-393-thread-1] INFO  segmented.SegmentedRaftLogWorker (SegmentedRaftLogWorker.java:<init>(173)) - new 4bacd16f-645d-4afa-84f4-46d8ff377874@group-9A26C730C827-SegmentedRaftLogWorker for RaftStorage:Storage Directory /workdir/hadoop-ozone/integration-test/target/test-dir/MiniOzoneClusterImpl-7e584a5f-24ad-4948-84f4-5bd4158e5d25/datanode-1/data/ratis/43e8250c-c029-40f6-a575-9a26c730c827
2019-10-04 00:18:28,145 [pool-393-thread-1] INFO  server.RaftServerConfigKeys (ConfUtils.java:logGet(43)) - raft.server.log.queue.byte-limit = 2147483647 (custom)
2019-10-04 00:18:28,145 [pool-393-thread-1] INFO  server.RaftServerConfigKeys (ConfUtils.java:logGet(43)) - raft.server.log.queue.element-limit = 1024 (custom)
2019-10-04 00:18:28,145 [pool-393-thread-1] INFO  server.RaftServerConfigKeys (ConfUtils.java:logGet(43)) - raft.server.log.segment.size.max = 1048576 (custom)
2019-10-04 00:18:28,145 [pool-393-thread-1] INFO  server.RaftServerConfigKeys (ConfUtils.java:logGet(43)) - raft.server.log.preallocated.size = 16384 (custom)
2019-10-04 00:18:28,145 [pool-393-thread-1] INFO  server.RaftServerConfigKeys (ConfUtils.java:logGet(43)) - raft.server.log.write.buffer.size = 33554432 (custom)
2019-10-04 00:18:28,145 [pool-393-thread-1] INFO  server.RaftServerConfigKeys (ConfUtils.java:logGet(43)) - raft.server.log.force.sync.num = 128 (default)
2019-10-04 00:18:28,145 [pool-393-thread-1] INFO  server.RaftServerConfigKeys (ConfUtils.java:logGet(43)) - raft.server.log.statemachine.data.sync = true (default)
2019-10-04 00:18:28,146 [pool-393-thread-1] INFO  server.RaftServerConfigKeys (ConfUtils.java:logGet(43)) - raft.server.log.statemachine.data.sync.timeout = 10s (default)
2019-10-04 00:18:28,146 [pool-393-thread-1] INFO  server.RaftServerConfigKeys (ConfUtils.java:logGet(43)) - raft.server.log.statemachine.data.sync.timeout.retry = -1 (default)
2019-10-04 00:18:28,146 [pool-393-thread-1] INFO  server.RaftServerConfigKeys (ConfUtils.java:logGet(43)) - raft.server.log.statemachine.data.caching.enabled = true (custom)
2019-10-04 00:18:28,146 [pool-393-thread-1] INFO  segmented.SegmentedRaftLogWorker (SegmentedRaftLogWorker.java:lambda$new$0(128)) - 4bacd16f-645d-4afa-84f4-46d8ff377874@group-9A26C730C827-SegmentedRaftLogWorker: flushIndex: setUnconditionally 0 -> -1
2019-10-04 00:18:28,146 [pool-393-thread-1] INFO  server.RaftServerConfigKeys (ConfUtils.java:logGet(43)) - raft.server.snapshot.auto.trigger.enabled = true (custom)
2019-10-04 00:18:28,147 [pool-393-thread-1] INFO  server.RaftServerConfigKeys (ConfUtils.java:logGet(43)) - raft.server.snapshot.auto.trigger.threshold = 10000 (custom)
2019-10-04 00:18:28,147 [pool-393-thread-1] INFO  server.RaftServerConfigKeys (ConfUtils.java:logGet(43)) - raft.server.snapshot.retention.file.num = 5 (custom)
2019-10-04 00:18:28,147 [pool-393-thread-1] INFO  server.RaftServerConfigKeys (ConfUtils.java:logGet(43)) - raft.server.retrycache.expirytime = 600000ms (custom)
2019-10-04 00:18:28,148 [pool-393-thread-1] INFO  impl.RaftServerImpl (RaftServerImpl.java:start(181)) - 4bacd16f-645d-4afa-84f4-46d8ff377874@group-9A26C730C827: start as a follower, conf=-1: [4bacd16f-645d-4afa-84f4-46d8ff377874:192.168.151.66:43297], old=null
2019-10-04 00:18:28,148 [pool-393-thread-1] INFO  impl.RaftServerImpl (RaftServerImpl.java:setRole(170)) - 4bacd16f-645d-4afa-84f4-46d8ff377874@group-9A26C730C827: changes role from      null to FOLLOWER at term 0 for startAsFollower
2019-10-04 00:18:28,149 [pool-393-thread-1] INFO  impl.RoleInfo (RoleInfo.java:updateAndGet(143)) - 4bacd16f-645d-4afa-84f4-46d8ff377874: start FollowerState
2019-10-04 00:18:28,149 [pool-393-thread-1] INFO  util.JmxRegister (JmxRegister.java:tryRegister(44)) - Successfully registered JMX Bean with object name Ratis:service=RaftServer,group=group-9A26C730C827,id=4bacd16f-645d-4afa-84f4-46d8ff377874
2019-10-04 00:18:28,152 [RatisPipelineUtilsThread] INFO  pipeline.PipelineStateManager (PipelineStateManager.java:addPipeline(56)) - Created pipeline Pipeline[ Id: 43e8250c-c029-40f6-a575-9a26c730c827, Nodes: 4bacd16f-645d-4afa-84f4-46d8ff377874{ip: 192.168.151.66, host: pr-hdds-2181-qkjh9-3495688764, networkLocation: /default-rack, certSerialId: null}, Type:RATIS, Factor:ONE, State:OPEN]
2019-10-04 00:18:28,173 [IPC Server handler 4 on 45541] INFO  net.NetworkTopology (NetworkTopologyImpl.java:add(111)) - Added a new node: /default-rack/f97f34f7-5daf-4cc8-a9bd-ec57e9b54e23
2019-10-04 00:18:28,173 [IPC Server handler 4 on 45541] INFO  node.SCMNodeManager (SCMNodeManager.java:register(266)) - Registered Data node : f97f34f7-5daf-4cc8-a9bd-ec57e9b54e23{ip: 192.168.151.66, host: pr-hdds-2181-qkjh9-3495688764, networkLocation: /default-rack, certSerialId: null}
2019-10-04 00:18:28,180 [grpc-default-executor-2] INFO  impl.RaftServerProxy (RaftServerProxy.java:addNew(89)) - f97f34f7-5daf-4cc8-a9bd-ec57e9b54e23: addNew group-1C42BFF7F72C:[f97f34f7-5daf-4cc8-a9bd-ec57e9b54e23:192.168.151.66:44709] returns group-1C42BFF7F72C:java.util.concurrent.CompletableFuture@2401f222[Not completed]
2019-10-04 00:18:28,181 [pool-403-thread-1] INFO  impl.RaftServerImpl (RaftServerImpl.java:<init>(95)) - f97f34f7-5daf-4cc8-a9bd-ec57e9b54e23: new RaftServerImpl for group-1C42BFF7F72C:[f97f34f7-5daf-4cc8-a9bd-ec57e9b54e23:192.168.151.66:44709] with ContainerStateMachine:uninitialized
2019-10-04 00:18:28,181 [pool-403-thread-1] INFO  server.RaftServerConfigKeys (ConfUtils.java:logGet(43)) - raft.server.rpc.timeout.min = 5s (custom)
2019-10-04 00:18:28,181 [pool-403-thread-1] INFO  server.RaftServerConfigKeys (ConfUtils.java:logGet(43)) - raft.server.rpc.timeout.max = 5200ms (custom)
2019-10-04 00:18:28,181 [pool-403-thread-1] INFO  server.RaftServerConfigKeys (ConfUtils.java:logGet(43)) - raft.server.rpcslowness.timeout = 120s (custom)
2019-10-04 00:18:28,181 [pool-403-thread-1] INFO  server.RaftServerConfigKeys (ConfUtils.java:logGet(43)) - raft.server.sleep.deviation.threshold = 300 (default)
2019-10-04 00:18:28,181 [pool-403-thread-1] INFO  server.RaftServerConfigKeys (ConfUtils.java:logGet(43)) - raft.server.log.appender.install.snapshot.enabled = false (custom)
2019-10-04 00:18:28,182 [pool-403-thread-1] INFO  impl.RaftServerImpl (ServerState.java:<init>(103)) - f97f34f7-5daf-4cc8-a9bd-ec57e9b54e23@group-1C42BFF7F72C: ConfigurationManager, init=-1: [f97f34f7-5daf-4cc8-a9bd-ec57e9b54e23:192.168.151.66:44709], old=null, confs=<EMPTY_MAP>
2019-10-04 00:18:28,182 [pool-403-thread-1] INFO  server.RaftServerConfigKeys (ConfUtils.java:logGet(43)) - raft.server.storage.dir = [/workdir/hadoop-ozone/integration-test/target/test-dir/MiniOzoneClusterImpl-7e584a5f-24ad-4948-84f4-5bd4158e5d25/datanode-2/data/ratis] (custom)
2019-10-04 00:18:28,182 [pool-403-thread-1] INFO  server.RaftServerConfigKeys (ConfUtils.java:logGet(43)) - raft.server.log.corruption.policy = EXCEPTION (default)
2019-10-04 00:18:28,182 [pool-403-thread-1] INFO  storage.RaftStorageDirectory (RaftStorageDirectory.java:analyzeStorage(246)) - The storage directory /workdir/hadoop-ozone/integration-test/target/test-dir/MiniOzoneClusterImpl-7e584a5f-24ad-4948-84f4-5bd4158e5d25/datanode-2/data/ratis/deb7066a-961b-4b7f-8bed-1c42bff7f72c does not exist. Creating ...
2019-10-04 00:18:28,195 [pool-403-thread-1] INFO  storage.RaftStorageDirectory (RaftStorageDirectory.java:tryLock(328)) - Lock on /workdir/hadoop-ozone/integration-test/target/test-dir/MiniOzoneClusterImpl-7e584a5f-24ad-4948-84f4-5bd4158e5d25/datanode-2/data/ratis/deb7066a-961b-4b7f-8bed-1c42bff7f72c/in_use.lock acquired by nodename 23484@pr-hdds-2181-qkjh9-3495688764
2019-10-04 00:18:28,207 [pool-403-thread-1] INFO  storage.RaftStorage (RaftStorage.java:format(84)) - Storage directory /workdir/hadoop-ozone/integration-test/target/test-dir/MiniOzoneClusterImpl-7e584a5f-24ad-4948-84f4-5bd4158e5d25/datanode-2/data/ratis/deb7066a-961b-4b7f-8bed-1c42bff7f72c has been successfully formatted.
2019-10-04 00:18:28,208 [pool-403-thread-1] INFO  ratis.ContainerStateMachine (ContainerStateMachine.java:loadSnapshot(230)) - group-1C42BFF7F72C: The snapshot info is null. Setting the last applied indexto:(t:0, i:~)
2019-10-04 00:18:28,208 [pool-403-thread-1] INFO  server.RaftServerConfigKeys (ConfUtils.java:logGet(43)) - raft.server.notification.no-leader.timeout = 120s (custom)
2019-10-04 00:18:28,208 [pool-403-thread-1] INFO  server.RaftServerConfigKeys (ConfUtils.java:logGet(43)) - raft.server.log.use.memory = false (default)
2019-10-04 00:18:28,208 [pool-403-thread-1] INFO  server.RaftServerConfigKeys (ConfUtils.java:logGet(43)) - raft.server.log.purge.gap = 1000000 (custom)
2019-10-04 00:18:28,208 [pool-403-thread-1] INFO  server.RaftServerConfigKeys (ConfUtils.java:logGet(43)) - raft.server.log.appender.buffer.byte-limit = 33554432 (custom)
2019-10-04 00:18:28,208 [pool-403-thread-1] INFO  server.RaftServerConfigKeys (ConfUtils.java:logGet(43)) - raft.server.log.segment.size.max = 1048576 (custom)
2019-10-04 00:18:28,209 [pool-403-thread-1] INFO  server.RaftServerConfigKeys (ConfUtils.java:logGet(43)) - raft.server.log.segment.cache.num.max = 2 (custom)
2019-10-04 00:18:28,209 [pool-403-thread-1] INFO  segmented.SegmentedRaftLogWorker (SegmentedRaftLogWorker.java:<init>(173)) - new f97f34f7-5daf-4cc8-a9bd-ec57e9b54e23@group-1C42BFF7F72C-SegmentedRaftLogWorker for RaftStorage:Storage Directory /workdir/hadoop-ozone/integration-test/target/test-dir/MiniOzoneClusterImpl-7e584a5f-24ad-4948-84f4-5bd4158e5d25/datanode-2/data/ratis/deb7066a-961b-4b7f-8bed-1c42bff7f72c
2019-10-04 00:18:28,209 [pool-403-thread-1] INFO  server.RaftServerConfigKeys (ConfUtils.java:logGet(43)) - raft.server.log.queue.byte-limit = 2147483647 (custom)
2019-10-04 00:18:28,209 [pool-403-thread-1] INFO  server.RaftServerConfigKeys (ConfUtils.java:logGet(43)) - raft.server.log.queue.element-limit = 1024 (custom)
2019-10-04 00:18:28,209 [pool-403-thread-1] INFO  server.RaftServerConfigKeys (ConfUtils.java:logGet(43)) - raft.server.log.segment.size.max = 1048576 (custom)
2019-10-04 00:18:28,209 [pool-403-thread-1] INFO  server.RaftServerConfigKeys (ConfUtils.java:logGet(43)) - raft.server.log.preallocated.size = 16384 (custom)
2019-10-04 00:18:28,209 [pool-403-thread-1] INFO  server.RaftServerConfigKeys (ConfUtils.java:logGet(43)) - raft.server.log.write.buffer.size = 33554432 (custom)
2019-10-04 00:18:28,210 [pool-403-thread-1] INFO  server.RaftServerConfigKeys (ConfUtils.java:logGet(43)) - raft.server.log.force.sync.num = 128 (default)
2019-10-04 00:18:28,210 [pool-403-thread-1] INFO  server.RaftServerConfigKeys (ConfUtils.java:logGet(43)) - raft.server.log.statemachine.data.sync = true (default)
2019-10-04 00:18:28,210 [pool-403-thread-1] INFO  server.RaftServerConfigKeys (ConfUtils.java:logGet(43)) - raft.server.log.statemachine.data.sync.timeout = 10s (default)
2019-10-04 00:18:28,210 [pool-403-thread-1] INFO  server.RaftServerConfigKeys (ConfUtils.java:logGet(43)) - raft.server.log.statemachine.data.sync.timeout.retry = -1 (default)
2019-10-04 00:18:28,210 [pool-403-thread-1] INFO  server.RaftServerConfigKeys (ConfUtils.java:logGet(43)) - raft.server.log.statemachine.data.caching.enabled = true (custom)
2019-10-04 00:18:28,210 [pool-403-thread-1] INFO  segmented.SegmentedRaftLogWorker (SegmentedRaftLogWorker.java:lambda$new$0(128)) - f97f34f7-5daf-4cc8-a9bd-ec57e9b54e23@group-1C42BFF7F72C-SegmentedRaftLogWorker: flushIndex: setUnconditionally 0 -> -1
2019-10-04 00:18:28,210 [pool-403-thread-1] INFO  server.RaftServerConfigKeys (ConfUtils.java:logGet(43)) - raft.server.snapshot.auto.trigger.enabled = true (custom)
2019-10-04 00:18:28,210 [pool-403-thread-1] INFO  server.RaftServerConfigKeys (ConfUtils.java:logGet(43)) - raft.server.snapshot.auto.trigger.threshold = 10000 (custom)
2019-10-04 00:18:28,210 [pool-403-thread-1] INFO  server.RaftServerConfigKeys (ConfUtils.java:logGet(43)) - raft.server.snapshot.retention.file.num = 5 (custom)
2019-10-04 00:18:28,210 [pool-403-thread-1] INFO  server.RaftServerConfigKeys (ConfUtils.java:logGet(43)) - raft.server.retrycache.expirytime = 600000ms (custom)
2019-10-04 00:18:28,211 [pool-403-thread-1] INFO  impl.RaftServerImpl (RaftServerImpl.java:start(181)) - f97f34f7-5daf-4cc8-a9bd-ec57e9b54e23@group-1C42BFF7F72C: start as a follower, conf=-1: [f97f34f7-5daf-4cc8-a9bd-ec57e9b54e23:192.168.151.66:44709], old=null
2019-10-04 00:18:28,211 [pool-403-thread-1] INFO  impl.RaftServerImpl (RaftServerImpl.java:setRole(170)) - f97f34f7-5daf-4cc8-a9bd-ec57e9b54e23@group-1C42BFF7F72C: changes role from      null to FOLLOWER at term 0 for startAsFollower
2019-10-04 00:18:28,212 [pool-403-thread-1] INFO  impl.RoleInfo (RoleInfo.java:updateAndGet(143)) - f97f34f7-5daf-4cc8-a9bd-ec57e9b54e23: start FollowerState
2019-10-04 00:18:28,212 [pool-403-thread-1] INFO  util.JmxRegister (JmxRegister.java:tryRegister(44)) - Successfully registered JMX Bean with object name Ratis:service=RaftServer,group=group-1C42BFF7F72C,id=f97f34f7-5daf-4cc8-a9bd-ec57e9b54e23
2019-10-04 00:18:28,214 [RatisPipelineUtilsThread] INFO  pipeline.PipelineStateManager (PipelineStateManager.java:addPipeline(56)) - Created pipeline Pipeline[ Id: deb7066a-961b-4b7f-8bed-1c42bff7f72c, Nodes: f97f34f7-5daf-4cc8-a9bd-ec57e9b54e23{ip: 192.168.151.66, host: pr-hdds-2181-qkjh9-3495688764, networkLocation: /default-rack, certSerialId: null}, Type:RATIS, Factor:ONE, State:OPEN]
2019-10-04 00:18:28,228 [grpc-default-executor-7] INFO  impl.RaftServerProxy (RaftServerProxy.java:addNew(89)) - f97f34f7-5daf-4cc8-a9bd-ec57e9b54e23: addNew group-9F04C3005D67:[f97f34f7-5daf-4cc8-a9bd-ec57e9b54e23:192.168.151.66:44709, 69b2e503-b7a0-43ec-84b8-d72fa60ad202:192.168.151.66:43523, 4bacd16f-645d-4afa-84f4-46d8ff377874:192.168.151.66:43297] returns group-9F04C3005D67:java.util.concurrent.CompletableFuture@22c7ea5c[Not completed]
2019-10-04 00:18:28,228 [grpc-default-executor-4] INFO  impl.RaftServerProxy (RaftServerProxy.java:addNew(89)) - 69b2e503-b7a0-43ec-84b8-d72fa60ad202: addNew group-9F04C3005D67:[f97f34f7-5daf-4cc8-a9bd-ec57e9b54e23:192.168.151.66:44709, 69b2e503-b7a0-43ec-84b8-d72fa60ad202:192.168.151.66:43523, 4bacd16f-645d-4afa-84f4-46d8ff377874:192.168.151.66:43297] returns group-9F04C3005D67:java.util.concurrent.CompletableFuture@72e038f5[Not completed]
2019-10-04 00:18:28,228 [grpc-default-executor-7] INFO  impl.RaftServerProxy (RaftServerProxy.java:addNew(89)) - 4bacd16f-645d-4afa-84f4-46d8ff377874: addNew group-9F04C3005D67:[f97f34f7-5daf-4cc8-a9bd-ec57e9b54e23:192.168.151.66:44709, 69b2e503-b7a0-43ec-84b8-d72fa60ad202:192.168.151.66:43523, 4bacd16f-645d-4afa-84f4-46d8ff377874:192.168.151.66:43297] returns group-9F04C3005D67:java.util.concurrent.CompletableFuture@100aad5e[Not completed]
2019-10-04 00:18:28,229 [pool-403-thread-1] INFO  impl.RaftServerImpl (RaftServerImpl.java:<init>(95)) - f97f34f7-5daf-4cc8-a9bd-ec57e9b54e23: new RaftServerImpl for group-9F04C3005D67:[f97f34f7-5daf-4cc8-a9bd-ec57e9b54e23:192.168.151.66:44709, 69b2e503-b7a0-43ec-84b8-d72fa60ad202:192.168.151.66:43523, 4bacd16f-645d-4afa-84f4-46d8ff377874:192.168.151.66:43297] with ContainerStateMachine:uninitialized
2019-10-04 00:18:28,229 [pool-403-thread-1] INFO  server.RaftServerConfigKeys (ConfUtils.java:logGet(43)) - raft.server.rpc.timeout.min = 5s (custom)
2019-10-04 00:18:28,229 [pool-403-thread-1] INFO  server.RaftServerConfigKeys (ConfUtils.java:logGet(43)) - raft.server.rpc.timeout.max = 5200ms (custom)
2019-10-04 00:18:28,229 [pool-403-thread-1] INFO  server.RaftServerConfigKeys (ConfUtils.java:logGet(43)) - raft.server.rpcslowness.timeout = 120s (custom)
2019-10-04 00:18:28,229 [pool-403-thread-1] INFO  server.RaftServerConfigKeys (ConfUtils.java:logGet(43)) - raft.server.sleep.deviation.threshold = 300 (default)
2019-10-04 00:18:28,229 [pool-393-thread-1] INFO  impl.RaftServerImpl (RaftServerImpl.java:<init>(95)) - 4bacd16f-645d-4afa-84f4-46d8ff377874: new RaftServerImpl for group-9F04C3005D67:[f97f34f7-5daf-4cc8-a9bd-ec57e9b54e23:192.168.151.66:44709, 69b2e503-b7a0-43ec-84b8-d72fa60ad202:192.168.151.66:43523, 4bacd16f-645d-4afa-84f4-46d8ff377874:192.168.151.66:43297] with ContainerStateMachine:uninitialized
2019-10-04 00:18:28,229 [pool-403-thread-1] INFO  server.RaftServerConfigKeys (ConfUtils.java:logGet(43)) - raft.server.log.appender.install.snapshot.enabled = false (custom)
2019-10-04 00:18:28,229 [pool-393-thread-1] INFO  server.RaftServerConfigKeys (ConfUtils.java:logGet(43)) - raft.server.rpc.timeout.min = 5s (custom)
2019-10-04 00:18:28,229 [pool-383-thread-1] INFO  impl.RaftServerImpl (RaftServerImpl.java:<init>(95)) - 69b2e503-b7a0-43ec-84b8-d72fa60ad202: new RaftServerImpl for group-9F04C3005D67:[f97f34f7-5daf-4cc8-a9bd-ec57e9b54e23:192.168.151.66:44709, 69b2e503-b7a0-43ec-84b8-d72fa60ad202:192.168.151.66:43523, 4bacd16f-645d-4afa-84f4-46d8ff377874:192.168.151.66:43297] with ContainerStateMachine:uninitialized
2019-10-04 00:18:28,229 [pool-403-thread-1] INFO  impl.RaftServerImpl (ServerState.java:<init>(103)) - f97f34f7-5daf-4cc8-a9bd-ec57e9b54e23@group-9F04C3005D67: ConfigurationManager, init=-1: [f97f34f7-5daf-4cc8-a9bd-ec57e9b54e23:192.168.151.66:44709, 69b2e503-b7a0-43ec-84b8-d72fa60ad202:192.168.151.66:43523, 4bacd16f-645d-4afa-84f4-46d8ff377874:192.168.151.66:43297], old=null, confs=<EMPTY_MAP>
2019-10-04 00:18:28,229 [pool-383-thread-1] INFO  server.RaftServerConfigKeys (ConfUtils.java:logGet(43)) - raft.server.rpc.timeout.min = 5s (custom)
2019-10-04 00:18:28,229 [pool-393-thread-1] INFO  server.RaftServerConfigKeys (ConfUtils.java:logGet(43)) - raft.server.rpc.timeout.max = 5200ms (custom)
2019-10-04 00:18:28,230 [pool-383-thread-1] INFO  server.RaftServerConfigKeys (ConfUtils.java:logGet(43)) - raft.server.rpc.timeout.max = 5200ms (custom)
2019-10-04 00:18:28,230 [pool-403-thread-1] INFO  server.RaftServerConfigKeys (ConfUtils.java:logGet(43)) - raft.server.storage.dir = [/workdir/hadoop-ozone/integration-test/target/test-dir/MiniOzoneClusterImpl-7e584a5f-24ad-4948-84f4-5bd4158e5d25/datanode-2/data/ratis] (custom)
2019-10-04 00:18:28,230 [pool-383-thread-1] INFO  server.RaftServerConfigKeys (ConfUtils.java:logGet(43)) - raft.server.rpcslowness.timeout = 120s (custom)
2019-10-04 00:18:28,230 [pool-393-thread-1] INFO  server.RaftServerConfigKeys (ConfUtils.java:logGet(43)) - raft.server.rpcslowness.timeout = 120s (custom)
2019-10-04 00:18:28,230 [pool-403-thread-1] INFO  server.RaftServerConfigKeys (ConfUtils.java:logGet(43)) - raft.server.log.corruption.policy = EXCEPTION (default)
2019-10-04 00:18:28,230 [pool-383-thread-1] INFO  server.RaftServerConfigKeys (ConfUtils.java:logGet(43)) - raft.server.sleep.deviation.threshold = 300 (default)
2019-10-04 00:18:28,230 [pool-403-thread-1] INFO  storage.RaftStorageDirectory (RaftStorageDirectory.java:analyzeStorage(246)) - The storage directory /workdir/hadoop-ozone/integration-test/target/test-dir/MiniOzoneClusterImpl-7e584a5f-24ad-4948-84f4-5bd4158e5d25/datanode-2/data/ratis/880cace4-fd91-46e0-bf08-9f04c3005d67 does not exist. Creating ...
2019-10-04 00:18:28,230 [pool-393-thread-1] INFO  server.RaftServerConfigKeys (ConfUtils.java:logGet(43)) - raft.server.sleep.deviation.threshold = 300 (default)
2019-10-04 00:18:28,230 [pool-383-thread-1] INFO  server.RaftServerConfigKeys (ConfUtils.java:logGet(43)) - raft.server.log.appender.install.snapshot.enabled = false (custom)
2019-10-04 00:18:28,230 [pool-393-thread-1] INFO  server.RaftServerConfigKeys (ConfUtils.java:logGet(43)) - raft.server.log.appender.install.snapshot.enabled = false (custom)
2019-10-04 00:18:28,230 [pool-383-thread-1] INFO  impl.RaftServerImpl (ServerState.java:<init>(103)) - 69b2e503-b7a0-43ec-84b8-d72fa60ad202@group-9F04C3005D67: ConfigurationManager, init=-1: [f97f34f7-5daf-4cc8-a9bd-ec57e9b54e23:192.168.151.66:44709, 69b2e503-b7a0-43ec-84b8-d72fa60ad202:192.168.151.66:43523, 4bacd16f-645d-4afa-84f4-46d8ff377874:192.168.151.66:43297], old=null, confs=<EMPTY_MAP>
2019-10-04 00:18:28,230 [pool-393-thread-1] INFO  impl.RaftServerImpl (ServerState.java:<init>(103)) - 4bacd16f-645d-4afa-84f4-46d8ff377874@group-9F04C3005D67: ConfigurationManager, init=-1: [f97f34f7-5daf-4cc8-a9bd-ec57e9b54e23:192.168.151.66:44709, 69b2e503-b7a0-43ec-84b8-d72fa60ad202:192.168.151.66:43523, 4bacd16f-645d-4afa-84f4-46d8ff377874:192.168.151.66:43297], old=null, confs=<EMPTY_MAP>
2019-10-04 00:18:28,231 [pool-383-thread-1] INFO  server.RaftServerConfigKeys (ConfUtils.java:logGet(43)) - raft.server.storage.dir = [/workdir/hadoop-ozone/integration-test/target/test-dir/MiniOzoneClusterImpl-7e584a5f-24ad-4948-84f4-5bd4158e5d25/datanode-0/data/ratis] (custom)
2019-10-04 00:18:28,231 [pool-393-thread-1] INFO  server.RaftServerConfigKeys (ConfUtils.java:logGet(43)) - raft.server.storage.dir = [/workdir/hadoop-ozone/integration-test/target/test-dir/MiniOzoneClusterImpl-7e584a5f-24ad-4948-84f4-5bd4158e5d25/datanode-1/data/ratis] (custom)
2019-10-04 00:18:28,231 [pool-383-thread-1] INFO  server.RaftServerConfigKeys (ConfUtils.java:logGet(43)) - raft.server.log.corruption.policy = EXCEPTION (default)
2019-10-04 00:18:28,231 [pool-393-thread-1] INFO  server.RaftServerConfigKeys (ConfUtils.java:logGet(43)) - raft.server.log.corruption.policy = EXCEPTION (default)
2019-10-04 00:18:28,231 [pool-383-thread-1] INFO  storage.RaftStorageDirectory (RaftStorageDirectory.java:analyzeStorage(246)) - The storage directory /workdir/hadoop-ozone/integration-test/target/test-dir/MiniOzoneClusterImpl-7e584a5f-24ad-4948-84f4-5bd4158e5d25/datanode-0/data/ratis/880cace4-fd91-46e0-bf08-9f04c3005d67 does not exist. Creating ...
2019-10-04 00:18:28,231 [pool-393-thread-1] INFO  storage.RaftStorageDirectory (RaftStorageDirectory.java:analyzeStorage(246)) - The storage directory /workdir/hadoop-ozone/integration-test/target/test-dir/MiniOzoneClusterImpl-7e584a5f-24ad-4948-84f4-5bd4158e5d25/datanode-1/data/ratis/880cace4-fd91-46e0-bf08-9f04c3005d67 does not exist. Creating ...
2019-10-04 00:18:28,235 [IPC Server handler 3 on 45541] INFO  net.NetworkTopology (NetworkTopologyImpl.java:add(111)) - Added a new node: /default-rack/c960eb40-745b-4ab5-a386-2e2ad39ed98c
2019-10-04 00:18:28,235 [IPC Server handler 3 on 45541] INFO  node.SCMNodeManager (SCMNodeManager.java:register(266)) - Registered Data node : c960eb40-745b-4ab5-a386-2e2ad39ed98c{ip: 192.168.151.66, host: pr-hdds-2181-qkjh9-3495688764, networkLocation: /default-rack, certSerialId: null}
2019-10-04 00:18:28,244 [pool-393-thread-1] INFO  storage.RaftStorageDirectory (RaftStorageDirectory.java:tryLock(328)) - Lock on /workdir/hadoop-ozone/integration-test/target/test-dir/MiniOzoneClusterImpl-7e584a5f-24ad-4948-84f4-5bd4158e5d25/datanode-1/data/ratis/880cace4-fd91-46e0-bf08-9f04c3005d67/in_use.lock acquired by nodename 23484@pr-hdds-2181-qkjh9-3495688764
2019-10-04 00:18:28,244 [pool-403-thread-1] INFO  storage.RaftStorageDirectory (RaftStorageDirectory.java:tryLock(328)) - Lock on /workdir/hadoop-ozone/integration-test/target/test-dir/MiniOzoneClusterImpl-7e584a5f-24ad-4948-84f4-5bd4158e5d25/datanode-2/data/ratis/880cace4-fd91-46e0-bf08-9f04c3005d67/in_use.lock acquired by nodename 23484@pr-hdds-2181-qkjh9-3495688764
2019-10-04 00:18:28,244 [pool-383-thread-1] INFO  storage.RaftStorageDirectory (RaftStorageDirectory.java:tryLock(328)) - Lock on /workdir/hadoop-ozone/integration-test/target/test-dir/MiniOzoneClusterImpl-7e584a5f-24ad-4948-84f4-5bd4158e5d25/datanode-0/data/ratis/880cace4-fd91-46e0-bf08-9f04c3005d67/in_use.lock acquired by nodename 23484@pr-hdds-2181-qkjh9-3495688764
2019-10-04 00:18:28,257 [pool-403-thread-1] INFO  storage.RaftStorage (RaftStorage.java:format(84)) - Storage directory /workdir/hadoop-ozone/integration-test/target/test-dir/MiniOzoneClusterImpl-7e584a5f-24ad-4948-84f4-5bd4158e5d25/datanode-2/data/ratis/880cace4-fd91-46e0-bf08-9f04c3005d67 has been successfully formatted.
2019-10-04 00:18:28,257 [pool-393-thread-1] INFO  storage.RaftStorage (RaftStorage.java:format(84)) - Storage directory /workdir/hadoop-ozone/integration-test/target/test-dir/MiniOzoneClusterImpl-7e584a5f-24ad-4948-84f4-5bd4158e5d25/datanode-1/data/ratis/880cace4-fd91-46e0-bf08-9f04c3005d67 has been successfully formatted.
2019-10-04 00:18:28,257 [pool-383-thread-1] INFO  storage.RaftStorage (RaftStorage.java:format(84)) - Storage directory /workdir/hadoop-ozone/integration-test/target/test-dir/MiniOzoneClusterImpl-7e584a5f-24ad-4948-84f4-5bd4158e5d25/datanode-0/data/ratis/880cace4-fd91-46e0-bf08-9f04c3005d67 has been successfully formatted.
2019-10-04 00:18:28,257 [pool-403-thread-1] INFO  ratis.ContainerStateMachine (ContainerStateMachine.java:loadSnapshot(230)) - group-9F04C3005D67: The snapshot info is null. Setting the last applied indexto:(t:0, i:~)
2019-10-04 00:18:28,257 [pool-383-thread-1] INFO  ratis.ContainerStateMachine (ContainerStateMachine.java:loadSnapshot(230)) - group-9F04C3005D67: The snapshot info is null. Setting the last applied indexto:(t:0, i:~)
2019-10-04 00:18:28,257 [pool-393-thread-1] INFO  ratis.ContainerStateMachine (ContainerStateMachine.java:loadSnapshot(230)) - group-9F04C3005D67: The snapshot info is null. Setting the last applied indexto:(t:0, i:~)
2019-10-04 00:18:28,258 [pool-383-thread-1] INFO  server.RaftServerConfigKeys (ConfUtils.java:logGet(43)) - raft.server.notification.no-leader.timeout = 120s (custom)
2019-10-04 00:18:28,258 [pool-403-thread-1] INFO  server.RaftServerConfigKeys (ConfUtils.java:logGet(43)) - raft.server.notification.no-leader.timeout = 120s (custom)
2019-10-04 00:18:28,258 [pool-383-thread-1] INFO  server.RaftServerConfigKeys (ConfUtils.java:logGet(43)) - raft.server.log.use.memory = false (default)
2019-10-04 00:18:28,258 [pool-393-thread-1] INFO  server.RaftServerConfigKeys (ConfUtils.java:logGet(43)) - raft.server.notification.no-leader.timeout = 120s (custom)
2019-10-04 00:18:28,258 [pool-383-thread-1] INFO  server.RaftServerConfigKeys (ConfUtils.java:logGet(43)) - raft.server.log.purge.gap = 1000000 (custom)
2019-10-04 00:18:28,258 [pool-403-thread-1] INFO  server.RaftServerConfigKeys (ConfUtils.java:logGet(43)) - raft.server.log.use.memory = false (default)
2019-10-04 00:18:28,258 [pool-383-thread-1] INFO  server.RaftServerConfigKeys (ConfUtils.java:logGet(43)) - raft.server.log.appender.buffer.byte-limit = 33554432 (custom)
2019-10-04 00:18:28,258 [pool-393-thread-1] INFO  server.RaftServerConfigKeys (ConfUtils.java:logGet(43)) - raft.server.log.use.memory = false (default)
2019-10-04 00:18:28,258 [pool-383-thread-1] INFO  server.RaftServerConfigKeys (ConfUtils.java:logGet(43)) - raft.server.log.segment.size.max = 1048576 (custom)
2019-10-04 00:18:28,258 [pool-403-thread-1] INFO  server.RaftServerConfigKeys (ConfUtils.java:logGet(43)) - raft.server.log.purge.gap = 1000000 (custom)
2019-10-04 00:18:28,258 [pool-383-thread-1] INFO  server.RaftServerConfigKeys (ConfUtils.java:logGet(43)) - raft.server.log.segment.cache.num.max = 2 (custom)
2019-10-04 00:18:28,258 [pool-393-thread-1] INFO  server.RaftServerConfigKeys (ConfUtils.java:logGet(43)) - raft.server.log.purge.gap = 1000000 (custom)
2019-10-04 00:18:28,259 [pool-383-thread-1] INFO  segmented.SegmentedRaftLogWorker (SegmentedRaftLogWorker.java:<init>(173)) - new 69b2e503-b7a0-43ec-84b8-d72fa60ad202@group-9F04C3005D67-SegmentedRaftLogWorker for RaftStorage:Storage Directory /workdir/hadoop-ozone/integration-test/target/test-dir/MiniOzoneClusterImpl-7e584a5f-24ad-4948-84f4-5bd4158e5d25/datanode-0/data/ratis/880cace4-fd91-46e0-bf08-9f04c3005d67
2019-10-04 00:18:28,259 [pool-403-thread-1] INFO  server.RaftServerConfigKeys (ConfUtils.java:logGet(43)) - raft.server.log.appender.buffer.byte-limit = 33554432 (custom)
2019-10-04 00:18:28,259 [pool-383-thread-1] INFO  server.RaftServerConfigKeys (ConfUtils.java:logGet(43)) - raft.server.log.queue.byte-limit = 2147483647 (custom)
2019-10-04 00:18:28,259 [pool-393-thread-1] INFO  server.RaftServerConfigKeys (ConfUtils.java:logGet(43)) - raft.server.log.appender.buffer.byte-limit = 33554432 (custom)
2019-10-04 00:18:28,259 [pool-383-thread-1] INFO  server.RaftServerConfigKeys (ConfUtils.java:logGet(43)) - raft.server.log.queue.element-limit = 1024 (custom)
2019-10-04 00:18:28,259 [pool-403-thread-1] INFO  server.RaftServerConfigKeys (ConfUtils.java:logGet(43)) - raft.server.log.segment.size.max = 1048576 (custom)
2019-10-04 00:18:28,259 [pool-383-thread-1] INFO  server.RaftServerConfigKeys (ConfUtils.java:logGet(43)) - raft.server.log.segment.size.max = 1048576 (custom)
2019-10-04 00:18:28,259 [pool-393-thread-1] INFO  server.RaftServerConfigKeys (ConfUtils.java:logGet(43)) - raft.server.log.segment.size.max = 1048576 (custom)
2019-10-04 00:18:28,259 [pool-383-thread-1] INFO  server.RaftServerConfigKeys (ConfUtils.java:logGet(43)) - raft.server.log.preallocated.size = 16384 (custom)
2019-10-04 00:18:28,259 [pool-403-thread-1] INFO  server.RaftServerConfigKeys (ConfUtils.java:logGet(43)) - raft.server.log.segment.cache.num.max = 2 (custom)
2019-10-04 00:18:28,260 [pool-383-thread-1] INFO  server.RaftServerConfigKeys (ConfUtils.java:logGet(43)) - raft.server.log.write.buffer.size = 33554432 (custom)
2019-10-04 00:18:28,259 [pool-393-thread-1] INFO  server.RaftServerConfigKeys (ConfUtils.java:logGet(43)) - raft.server.log.segment.cache.num.max = 2 (custom)
2019-10-04 00:18:28,260 [pool-383-thread-1] INFO  server.RaftServerConfigKeys (ConfUtils.java:logGet(43)) - raft.server.log.force.sync.num = 128 (default)
2019-10-04 00:18:28,260 [pool-403-thread-1] INFO  segmented.SegmentedRaftLogWorker (SegmentedRaftLogWorker.java:<init>(173)) - new f97f34f7-5daf-4cc8-a9bd-ec57e9b54e23@group-9F04C3005D67-SegmentedRaftLogWorker for RaftStorage:Storage Directory /workdir/hadoop-ozone/integration-test/target/test-dir/MiniOzoneClusterImpl-7e584a5f-24ad-4948-84f4-5bd4158e5d25/datanode-2/data/ratis/880cace4-fd91-46e0-bf08-9f04c3005d67
2019-10-04 00:18:28,260 [pool-383-thread-1] INFO  server.RaftServerConfigKeys (ConfUtils.java:logGet(43)) - raft.server.log.statemachine.data.sync = true (default)
2019-10-04 00:18:28,260 [pool-393-thread-1] INFO  segmented.SegmentedRaftLogWorker (SegmentedRaftLogWorker.java:<init>(173)) - new 4bacd16f-645d-4afa-84f4-46d8ff377874@group-9F04C3005D67-SegmentedRaftLogWorker for RaftStorage:Storage Directory /workdir/hadoop-ozone/integration-test/target/test-dir/MiniOzoneClusterImpl-7e584a5f-24ad-4948-84f4-5bd4158e5d25/datanode-1/data/ratis/880cace4-fd91-46e0-bf08-9f04c3005d67
2019-10-04 00:18:28,260 [pool-383-thread-1] INFO  server.RaftServerConfigKeys (ConfUtils.java:logGet(43)) - raft.server.log.statemachine.data.sync.timeout = 10s (default)
2019-10-04 00:18:28,260 [pool-403-thread-1] INFO  server.RaftServerConfigKeys (ConfUtils.java:logGet(43)) - raft.server.log.queue.byte-limit = 2147483647 (custom)
2019-10-04 00:18:28,260 [pool-383-thread-1] INFO  server.RaftServerConfigKeys (ConfUtils.java:logGet(43)) - raft.server.log.statemachine.data.sync.timeout.retry = -1 (default)
2019-10-04 00:18:28,260 [pool-393-thread-1] INFO  server.RaftServerConfigKeys (ConfUtils.java:logGet(43)) - raft.server.log.queue.byte-limit = 2147483647 (custom)
2019-10-04 00:18:28,260 [pool-383-thread-1] INFO  server.RaftServerConfigKeys (ConfUtils.java:logGet(43)) - raft.server.log.statemachine.data.caching.enabled = true (custom)
2019-10-04 00:18:28,260 [pool-403-thread-1] INFO  server.RaftServerConfigKeys (ConfUtils.java:logGet(43)) - raft.server.log.queue.element-limit = 1024 (custom)
2019-10-04 00:18:28,261 [pool-393-thread-1] INFO  server.RaftServerConfigKeys (ConfUtils.java:logGet(43)) - raft.server.log.queue.element-limit = 1024 (custom)
2019-10-04 00:18:28,261 [pool-383-thread-1] INFO  segmented.SegmentedRaftLogWorker (SegmentedRaftLogWorker.java:lambda$new$0(128)) - 69b2e503-b7a0-43ec-84b8-d72fa60ad202@group-9F04C3005D67-SegmentedRaftLogWorker: flushIndex: setUnconditionally 0 -> -1
2019-10-04 00:18:28,261 [pool-403-thread-1] INFO  server.RaftServerConfigKeys (ConfUtils.java:logGet(43)) - raft.server.log.segment.size.max = 1048576 (custom)
2019-10-04 00:18:28,261 [pool-393-thread-1] INFO  server.RaftServerConfigKeys (ConfUtils.java:logGet(43)) - raft.server.log.segment.size.max = 1048576 (custom)
2019-10-04 00:18:28,261 [pool-383-thread-1] INFO  server.RaftServerConfigKeys (ConfUtils.java:logGet(43)) - raft.server.snapshot.auto.trigger.enabled = true (custom)
2019-10-04 00:18:28,261 [pool-403-thread-1] INFO  server.RaftServerConfigKeys (ConfUtils.java:logGet(43)) - raft.server.log.preallocated.size = 16384 (custom)
2019-10-04 00:18:28,261 [pool-383-thread-1] INFO  server.RaftServerConfigKeys (ConfUtils.java:logGet(43)) - raft.server.snapshot.auto.trigger.threshold = 10000 (custom)
2019-10-04 00:18:28,261 [pool-393-thread-1] INFO  server.RaftServerConfigKeys (ConfUtils.java:logGet(43)) - raft.server.log.preallocated.size = 16384 (custom)
2019-10-04 00:18:28,261 [pool-383-thread-1] INFO  server.RaftServerConfigKeys (ConfUtils.java:logGet(43)) - raft.server.snapshot.retention.file.num = 5 (custom)
2019-10-04 00:18:28,261 [pool-403-thread-1] INFO  server.RaftServerConfigKeys (ConfUtils.java:logGet(43)) - raft.server.log.write.buffer.size = 33554432 (custom)
2019-10-04 00:18:28,262 [pool-383-thread-1] INFO  server.RaftServerConfigKeys (ConfUtils.java:logGet(43)) - raft.server.retrycache.expirytime = 600000ms (custom)
2019-10-04 00:18:28,262 [pool-393-thread-1] INFO  server.RaftServerConfigKeys (ConfUtils.java:logGet(43)) - raft.server.log.write.buffer.size = 33554432 (custom)
2019-10-04 00:18:28,262 [pool-403-thread-1] INFO  server.RaftServerConfigKeys (ConfUtils.java:logGet(43)) - raft.server.log.force.sync.num = 128 (default)
2019-10-04 00:18:28,262 [pool-393-thread-1] INFO  server.RaftServerConfigKeys (ConfUtils.java:logGet(43)) - raft.server.log.force.sync.num = 128 (default)
2019-10-04 00:18:28,262 [pool-403-thread-1] INFO  server.RaftServerConfigKeys (ConfUtils.java:logGet(43)) - raft.server.log.statemachine.data.sync = true (default)
2019-10-04 00:18:28,262 [pool-393-thread-1] INFO  server.RaftServerConfigKeys (ConfUtils.java:logGet(43)) - raft.server.log.statemachine.data.sync = true (default)
2019-10-04 00:18:28,262 [pool-403-thread-1] INFO  server.RaftServerConfigKeys (ConfUtils.java:logGet(43)) - raft.server.log.statemachine.data.sync.timeout = 10s (default)
2019-10-04 00:18:28,262 [pool-393-thread-1] INFO  server.RaftServerConfigKeys (ConfUtils.java:logGet(43)) - raft.server.log.statemachine.data.sync.timeout = 10s (default)
2019-10-04 00:18:28,262 [pool-403-thread-1] INFO  server.RaftServerConfigKeys (ConfUtils.java:logGet(43)) - raft.server.log.statemachine.data.sync.timeout.retry = -1 (default)
2019-10-04 00:18:28,262 [pool-393-thread-1] INFO  server.RaftServerConfigKeys (ConfUtils.java:logGet(43)) - raft.server.log.statemachine.data.sync.timeout.retry = -1 (default)
2019-10-04 00:18:28,263 [pool-403-thread-1] INFO  server.RaftServerConfigKeys (ConfUtils.java:logGet(43)) - raft.server.log.statemachine.data.caching.enabled = true (custom)
2019-10-04 00:18:28,263 [pool-393-thread-1] INFO  server.RaftServerConfigKeys (ConfUtils.java:logGet(43)) - raft.server.log.statemachine.data.caching.enabled = true (custom)
2019-10-04 00:18:28,263 [pool-403-thread-1] INFO  segmented.SegmentedRaftLogWorker (SegmentedRaftLogWorker.java:lambda$new$0(128)) - f97f34f7-5daf-4cc8-a9bd-ec57e9b54e23@group-9F04C3005D67-SegmentedRaftLogWorker: flushIndex: setUnconditionally 0 -> -1
2019-10-04 00:18:28,263 [pool-383-thread-1] INFO  impl.RaftServerImpl (RaftServerImpl.java:start(181)) - 69b2e503-b7a0-43ec-84b8-d72fa60ad202@group-9F04C3005D67: start as a follower, conf=-1: [f97f34f7-5daf-4cc8-a9bd-ec57e9b54e23:192.168.151.66:44709, 69b2e503-b7a0-43ec-84b8-d72fa60ad202:192.168.151.66:43523, 4bacd16f-645d-4afa-84f4-46d8ff377874:192.168.151.66:43297], old=null
2019-10-04 00:18:28,263 [pool-393-thread-1] INFO  segmented.SegmentedRaftLogWorker (SegmentedRaftLogWorker.java:lambda$new$0(128)) - 4bacd16f-645d-4afa-84f4-46d8ff377874@group-9F04C3005D67-SegmentedRaftLogWorker: flushIndex: setUnconditionally 0 -> -1
2019-10-04 00:18:28,263 [pool-403-thread-1] INFO  server.RaftServerConfigKeys (ConfUtils.java:logGet(43)) - raft.server.snapshot.auto.trigger.enabled = true (custom)
2019-10-04 00:18:28,263 [pool-383-thread-1] INFO  impl.RaftServerImpl (RaftServerImpl.java:setRole(170)) - 69b2e503-b7a0-43ec-84b8-d72fa60ad202@group-9F04C3005D67: changes role from      null to FOLLOWER at term 0 for startAsFollower
2019-10-04 00:18:28,263 [pool-393-thread-1] INFO  server.RaftServerConfigKeys (ConfUtils.java:logGet(43)) - raft.server.snapshot.auto.trigger.enabled = true (custom)
2019-10-04 00:18:28,263 [pool-403-thread-1] INFO  server.RaftServerConfigKeys (ConfUtils.java:logGet(43)) - raft.server.snapshot.auto.trigger.threshold = 10000 (custom)
2019-10-04 00:18:28,263 [pool-393-thread-1] INFO  server.RaftServerConfigKeys (ConfUtils.java:logGet(43)) - raft.server.snapshot.auto.trigger.threshold = 10000 (custom)
2019-10-04 00:18:28,263 [pool-383-thread-1] INFO  impl.RoleInfo (RoleInfo.java:updateAndGet(143)) - 69b2e503-b7a0-43ec-84b8-d72fa60ad202: start FollowerState
2019-10-04 00:18:28,263 [pool-393-thread-1] INFO  server.RaftServerConfigKeys (ConfUtils.java:logGet(43)) - raft.server.snapshot.retention.file.num = 5 (custom)
2019-10-04 00:18:28,263 [pool-403-thread-1] INFO  server.RaftServerConfigKeys (ConfUtils.java:logGet(43)) - raft.server.snapshot.retention.file.num = 5 (custom)
2019-10-04 00:18:28,264 [pool-393-thread-1] INFO  server.RaftServerConfigKeys (ConfUtils.java:logGet(43)) - raft.server.retrycache.expirytime = 600000ms (custom)
2019-10-04 00:18:28,264 [pool-403-thread-1] INFO  server.RaftServerConfigKeys (ConfUtils.java:logGet(43)) - raft.server.retrycache.expirytime = 600000ms (custom)
2019-10-04 00:18:28,264 [pool-383-thread-1] INFO  util.JmxRegister (JmxRegister.java:tryRegister(44)) - Successfully registered JMX Bean with object name Ratis:service=RaftServer,group=group-9F04C3005D67,id=69b2e503-b7a0-43ec-84b8-d72fa60ad202
2019-10-04 00:18:28,266 [pool-393-thread-1] INFO  impl.RaftServerImpl (RaftServerImpl.java:start(181)) - 4bacd16f-645d-4afa-84f4-46d8ff377874@group-9F04C3005D67: start as a follower, conf=-1: [f97f34f7-5daf-4cc8-a9bd-ec57e9b54e23:192.168.151.66:44709, 69b2e503-b7a0-43ec-84b8-d72fa60ad202:192.168.151.66:43523, 4bacd16f-645d-4afa-84f4-46d8ff377874:192.168.151.66:43297], old=null
2019-10-04 00:18:28,266 [pool-393-thread-1] INFO  impl.RaftServerImpl (RaftServerImpl.java:setRole(170)) - 4bacd16f-645d-4afa-84f4-46d8ff377874@group-9F04C3005D67: changes role from      null to FOLLOWER at term 0 for startAsFollower
2019-10-04 00:18:28,266 [pool-403-thread-1] INFO  impl.RaftServerImpl (RaftServerImpl.java:start(181)) - f97f34f7-5daf-4cc8-a9bd-ec57e9b54e23@group-9F04C3005D67: start as a follower, conf=-1: [f97f34f7-5daf-4cc8-a9bd-ec57e9b54e23:192.168.151.66:44709, 69b2e503-b7a0-43ec-84b8-d72fa60ad202:192.168.151.66:43523, 4bacd16f-645d-4afa-84f4-46d8ff377874:192.168.151.66:43297], old=null
2019-10-04 00:18:28,266 [pool-393-thread-1] INFO  impl.RoleInfo (RoleInfo.java:updateAndGet(143)) - 4bacd16f-645d-4afa-84f4-46d8ff377874: start FollowerState
2019-10-04 00:18:28,266 [pool-403-thread-1] INFO  impl.RaftServerImpl (RaftServerImpl.java:setRole(170)) - f97f34f7-5daf-4cc8-a9bd-ec57e9b54e23@group-9F04C3005D67: changes role from      null to FOLLOWER at term 0 for startAsFollower
2019-10-04 00:18:28,267 [pool-403-thread-1] INFO  impl.RoleInfo (RoleInfo.java:updateAndGet(143)) - f97f34f7-5daf-4cc8-a9bd-ec57e9b54e23: start FollowerState
2019-10-04 00:18:28,267 [pool-393-thread-1] INFO  util.JmxRegister (JmxRegister.java:tryRegister(44)) - Successfully registered JMX Bean with object name Ratis:service=RaftServer,group=group-9F04C3005D67,id=4bacd16f-645d-4afa-84f4-46d8ff377874
2019-10-04 00:18:28,267 [pool-403-thread-1] INFO  util.JmxRegister (JmxRegister.java:tryRegister(44)) - Successfully registered JMX Bean with object name Ratis:service=RaftServer,group=group-9F04C3005D67,id=f97f34f7-5daf-4cc8-a9bd-ec57e9b54e23
2019-10-04 00:18:28,270 [RatisPipelineUtilsThread] INFO  pipeline.PipelineStateManager (PipelineStateManager.java:addPipeline(56)) - Created pipeline Pipeline[ Id: 880cace4-fd91-46e0-bf08-9f04c3005d67, Nodes: 69b2e503-b7a0-43ec-84b8-d72fa60ad202{ip: 192.168.151.66, host: pr-hdds-2181-qkjh9-3495688764, networkLocation: /default-rack, certSerialId: null}f97f34f7-5daf-4cc8-a9bd-ec57e9b54e23{ip: 192.168.151.66, host: pr-hdds-2181-qkjh9-3495688764, networkLocation: /default-rack, certSerialId: null}4bacd16f-645d-4afa-84f4-46d8ff377874{ip: 192.168.151.66, host: pr-hdds-2181-qkjh9-3495688764, networkLocation: /default-rack, certSerialId: null}, Type:RATIS, Factor:THREE, State:OPEN]
2019-10-04 00:18:28,297 [IPC Server handler 5 on 45541] INFO  net.NetworkTopology (NetworkTopologyImpl.java:add(111)) - Added a new node: /default-rack/422e72e4-3675-4936-b0f8-18a5b8ef65de
2019-10-04 00:18:28,297 [IPC Server handler 5 on 45541] INFO  node.SCMNodeManager (SCMNodeManager.java:register(266)) - Registered Data node : 422e72e4-3675-4936-b0f8-18a5b8ef65de{ip: 192.168.151.66, host: pr-hdds-2181-qkjh9-3495688764, networkLocation: /default-rack, certSerialId: null}
2019-10-04 00:18:28,303 [grpc-default-executor-7] INFO  impl.RaftServerProxy (RaftServerProxy.java:addNew(89)) - c960eb40-745b-4ab5-a386-2e2ad39ed98c: addNew group-06F248878775:[c960eb40-745b-4ab5-a386-2e2ad39ed98c:192.168.151.66:34966] returns group-06F248878775:java.util.concurrent.CompletableFuture@4e2b5720[Not completed]
2019-10-04 00:18:28,307 [pool-413-thread-1] INFO  impl.RaftServerImpl (RaftServerImpl.java:<init>(95)) - c960eb40-745b-4ab5-a386-2e2ad39ed98c: new RaftServerImpl for group-06F248878775:[c960eb40-745b-4ab5-a386-2e2ad39ed98c:192.168.151.66:34966] with ContainerStateMachine:uninitialized
2019-10-04 00:18:28,307 [pool-413-thread-1] INFO  server.RaftServerConfigKeys (ConfUtils.java:logGet(43)) - raft.server.rpc.timeout.min = 5s (custom)
2019-10-04 00:18:28,307 [pool-413-thread-1] INFO  server.RaftServerConfigKeys (ConfUtils.java:logGet(43)) - raft.server.rpc.timeout.max = 5200ms (custom)
2019-10-04 00:18:28,308 [pool-413-thread-1] INFO  server.RaftServerConfigKeys (ConfUtils.java:logGet(43)) - raft.server.rpcslowness.timeout = 120s (custom)
2019-10-04 00:18:28,308 [pool-413-thread-1] INFO  server.RaftServerConfigKeys (ConfUtils.java:logGet(43)) - raft.server.sleep.deviation.threshold = 300 (default)
2019-10-04 00:18:28,308 [pool-413-thread-1] INFO  server.RaftServerConfigKeys (ConfUtils.java:logGet(43)) - raft.server.log.appender.install.snapshot.enabled = false (custom)
2019-10-04 00:18:28,308 [pool-413-thread-1] INFO  impl.RaftServerImpl (ServerState.java:<init>(103)) - c960eb40-745b-4ab5-a386-2e2ad39ed98c@group-06F248878775: ConfigurationManager, init=-1: [c960eb40-745b-4ab5-a386-2e2ad39ed98c:192.168.151.66:34966], old=null, confs=<EMPTY_MAP>
2019-10-04 00:18:28,308 [pool-413-thread-1] INFO  server.RaftServerConfigKeys (ConfUtils.java:logGet(43)) - raft.server.storage.dir = [/workdir/hadoop-ozone/integration-test/target/test-dir/MiniOzoneClusterImpl-7e584a5f-24ad-4948-84f4-5bd4158e5d25/datanode-3/data/ratis] (custom)
2019-10-04 00:18:28,308 [pool-413-thread-1] INFO  server.RaftServerConfigKeys (ConfUtils.java:logGet(43)) - raft.server.log.corruption.policy = EXCEPTION (default)
2019-10-04 00:18:28,308 [pool-413-thread-1] INFO  storage.RaftStorageDirectory (RaftStorageDirectory.java:analyzeStorage(246)) - The storage directory /workdir/hadoop-ozone/integration-test/target/test-dir/MiniOzoneClusterImpl-7e584a5f-24ad-4948-84f4-5bd4158e5d25/datanode-3/data/ratis/e0a08549-ec98-41ff-90c8-06f248878775 does not exist. Creating ...
2019-10-04 00:18:28,321 [pool-413-thread-1] INFO  storage.RaftStorageDirectory (RaftStorageDirectory.java:tryLock(328)) - Lock on /workdir/hadoop-ozone/integration-test/target/test-dir/MiniOzoneClusterImpl-7e584a5f-24ad-4948-84f4-5bd4158e5d25/datanode-3/data/ratis/e0a08549-ec98-41ff-90c8-06f248878775/in_use.lock acquired by nodename 23484@pr-hdds-2181-qkjh9-3495688764
2019-10-04 00:18:28,334 [pool-413-thread-1] INFO  storage.RaftStorage (RaftStorage.java:format(84)) - Storage directory /workdir/hadoop-ozone/integration-test/target/test-dir/MiniOzoneClusterImpl-7e584a5f-24ad-4948-84f4-5bd4158e5d25/datanode-3/data/ratis/e0a08549-ec98-41ff-90c8-06f248878775 has been successfully formatted.
2019-10-04 00:18:28,334 [pool-413-thread-1] INFO  ratis.ContainerStateMachine (ContainerStateMachine.java:loadSnapshot(230)) - group-06F248878775: The snapshot info is null. Setting the last applied indexto:(t:0, i:~)
2019-10-04 00:18:28,335 [pool-413-thread-1] INFO  server.RaftServerConfigKeys (ConfUtils.java:logGet(43)) - raft.server.notification.no-leader.timeout = 120s (custom)
2019-10-04 00:18:28,335 [pool-413-thread-1] INFO  server.RaftServerConfigKeys (ConfUtils.java:logGet(43)) - raft.server.log.use.memory = false (default)
2019-10-04 00:18:28,335 [pool-413-thread-1] INFO  server.RaftServerConfigKeys (ConfUtils.java:logGet(43)) - raft.server.log.purge.gap = 1000000 (custom)
2019-10-04 00:18:28,335 [pool-413-thread-1] INFO  server.RaftServerConfigKeys (ConfUtils.java:logGet(43)) - raft.server.log.appender.buffer.byte-limit = 33554432 (custom)
2019-10-04 00:18:28,335 [pool-413-thread-1] INFO  server.RaftServerConfigKeys (ConfUtils.java:logGet(43)) - raft.server.log.segment.size.max = 1048576 (custom)
2019-10-04 00:18:28,336 [pool-413-thread-1] INFO  server.RaftServerConfigKeys (ConfUtils.java:logGet(43)) - raft.server.log.segment.cache.num.max = 2 (custom)
2019-10-04 00:18:28,336 [pool-413-thread-1] INFO  segmented.SegmentedRaftLogWorker (SegmentedRaftLogWorker.java:<init>(173)) - new c960eb40-745b-4ab5-a386-2e2ad39ed98c@group-06F248878775-SegmentedRaftLogWorker for RaftStorage:Storage Directory /workdir/hadoop-ozone/integration-test/target/test-dir/MiniOzoneClusterImpl-7e584a5f-24ad-4948-84f4-5bd4158e5d25/datanode-3/data/ratis/e0a08549-ec98-41ff-90c8-06f248878775
2019-10-04 00:18:28,336 [pool-413-thread-1] INFO  server.RaftServerConfigKeys (ConfUtils.java:logGet(43)) - raft.server.log.queue.byte-limit = 2147483647 (custom)
2019-10-04 00:18:28,336 [pool-413-thread-1] INFO  server.RaftServerConfigKeys (ConfUtils.java:logGet(43)) - raft.server.log.queue.element-limit = 1024 (custom)
2019-10-04 00:18:28,336 [pool-413-thread-1] INFO  server.RaftServerConfigKeys (ConfUtils.java:logGet(43)) - raft.server.log.segment.size.max = 1048576 (custom)
2019-10-04 00:18:28,336 [pool-413-thread-1] INFO  server.RaftServerConfigKeys (ConfUtils.java:logGet(43)) - raft.server.log.preallocated.size = 16384 (custom)
2019-10-04 00:18:28,337 [pool-413-thread-1] INFO  server.RaftServerConfigKeys (ConfUtils.java:logGet(43)) - raft.server.log.write.buffer.size = 33554432 (custom)
2019-10-04 00:18:28,337 [pool-413-thread-1] INFO  server.RaftServerConfigKeys (ConfUtils.java:logGet(43)) - raft.server.log.force.sync.num = 128 (default)
2019-10-04 00:18:28,337 [pool-413-thread-1] INFO  server.RaftServerConfigKeys (ConfUtils.java:logGet(43)) - raft.server.log.statemachine.data.sync = true (default)
2019-10-04 00:18:28,337 [pool-413-thread-1] INFO  server.RaftServerConfigKeys (ConfUtils.java:logGet(43)) - raft.server.log.statemachine.data.sync.timeout = 10s (default)
2019-10-04 00:18:28,337 [pool-413-thread-1] INFO  server.RaftServerConfigKeys (ConfUtils.java:logGet(43)) - raft.server.log.statemachine.data.sync.timeout.retry = -1 (default)
2019-10-04 00:18:28,337 [pool-413-thread-1] INFO  server.RaftServerConfigKeys (ConfUtils.java:logGet(43)) - raft.server.log.statemachine.data.caching.enabled = true (custom)
2019-10-04 00:18:28,337 [pool-413-thread-1] INFO  segmented.SegmentedRaftLogWorker (SegmentedRaftLogWorker.java:lambda$new$0(128)) - c960eb40-745b-4ab5-a386-2e2ad39ed98c@group-06F248878775-SegmentedRaftLogWorker: flushIndex: setUnconditionally 0 -> -1
2019-10-04 00:18:28,338 [pool-413-thread-1] INFO  server.RaftServerConfigKeys (ConfUtils.java:logGet(43)) - raft.server.snapshot.auto.trigger.enabled = true (custom)
2019-10-04 00:18:28,338 [pool-413-thread-1] INFO  server.RaftServerConfigKeys (ConfUtils.java:logGet(43)) - raft.server.snapshot.auto.trigger.threshold = 10000 (custom)
2019-10-04 00:18:28,338 [pool-413-thread-1] INFO  server.RaftServerConfigKeys (ConfUtils.java:logGet(43)) - raft.server.snapshot.retention.file.num = 5 (custom)
2019-10-04 00:18:28,338 [pool-413-thread-1] INFO  server.RaftServerConfigKeys (ConfUtils.java:logGet(43)) - raft.server.retrycache.expirytime = 600000ms (custom)
2019-10-04 00:18:28,339 [pool-413-thread-1] INFO  impl.RaftServerImpl (RaftServerImpl.java:start(181)) - c960eb40-745b-4ab5-a386-2e2ad39ed98c@group-06F248878775: start as a follower, conf=-1: [c960eb40-745b-4ab5-a386-2e2ad39ed98c:192.168.151.66:34966], old=null
2019-10-04 00:18:28,339 [pool-413-thread-1] INFO  impl.RaftServerImpl (RaftServerImpl.java:setRole(170)) - c960eb40-745b-4ab5-a386-2e2ad39ed98c@group-06F248878775: changes role from      null to FOLLOWER at term 0 for startAsFollower
2019-10-04 00:18:28,339 [pool-413-thread-1] INFO  impl.RoleInfo (RoleInfo.java:updateAndGet(143)) - c960eb40-745b-4ab5-a386-2e2ad39ed98c: start FollowerState
2019-10-04 00:18:28,339 [pool-413-thread-1] INFO  util.JmxRegister (JmxRegister.java:tryRegister(44)) - Successfully registered JMX Bean with object name Ratis:service=RaftServer,group=group-06F248878775,id=c960eb40-745b-4ab5-a386-2e2ad39ed98c
2019-10-04 00:18:28,342 [RatisPipelineUtilsThread] INFO  pipeline.PipelineStateManager (PipelineStateManager.java:addPipeline(56)) - Created pipeline Pipeline[ Id: e0a08549-ec98-41ff-90c8-06f248878775, Nodes: c960eb40-745b-4ab5-a386-2e2ad39ed98c{ip: 192.168.151.66, host: pr-hdds-2181-qkjh9-3495688764, networkLocation: /default-rack, certSerialId: null}, Type:RATIS, Factor:ONE, State:OPEN]
2019-10-04 00:18:28,349 [grpc-default-executor-7] INFO  impl.RaftServerProxy (RaftServerProxy.java:addNew(89)) - 422e72e4-3675-4936-b0f8-18a5b8ef65de: addNew group-A92B7D865EE8:[422e72e4-3675-4936-b0f8-18a5b8ef65de:192.168.151.66:39019] returns group-A92B7D865EE8:java.util.concurrent.CompletableFuture@3a818731[Not completed]
2019-10-04 00:18:28,349 [pool-423-thread-1] INFO  impl.RaftServerImpl (RaftServerImpl.java:<init>(95)) - 422e72e4-3675-4936-b0f8-18a5b8ef65de: new RaftServerImpl for group-A92B7D865EE8:[422e72e4-3675-4936-b0f8-18a5b8ef65de:192.168.151.66:39019] with ContainerStateMachine:uninitialized
2019-10-04 00:18:28,350 [pool-423-thread-1] INFO  server.RaftServerConfigKeys (ConfUtils.java:logGet(43)) - raft.server.rpc.timeout.min = 5s (custom)
2019-10-04 00:18:28,350 [pool-423-thread-1] INFO  server.RaftServerConfigKeys (ConfUtils.java:logGet(43)) - raft.server.rpc.timeout.max = 5200ms (custom)
2019-10-04 00:18:28,350 [pool-423-thread-1] INFO  server.RaftServerConfigKeys (ConfUtils.java:logGet(43)) - raft.server.rpcslowness.timeout = 120s (custom)
2019-10-04 00:18:28,350 [pool-423-thread-1] INFO  server.RaftServerConfigKeys (ConfUtils.java:logGet(43)) - raft.server.sleep.deviation.threshold = 300 (default)
2019-10-04 00:18:28,350 [pool-423-thread-1] INFO  server.RaftServerConfigKeys (ConfUtils.java:logGet(43)) - raft.server.log.appender.install.snapshot.enabled = false (custom)
2019-10-04 00:18:28,350 [pool-423-thread-1] INFO  impl.RaftServerImpl (ServerState.java:<init>(103)) - 422e72e4-3675-4936-b0f8-18a5b8ef65de@group-A92B7D865EE8: ConfigurationManager, init=-1: [422e72e4-3675-4936-b0f8-18a5b8ef65de:192.168.151.66:39019], old=null, confs=<EMPTY_MAP>
2019-10-04 00:18:28,350 [pool-423-thread-1] INFO  server.RaftServerConfigKeys (ConfUtils.java:logGet(43)) - raft.server.storage.dir = [/workdir/hadoop-ozone/integration-test/target/test-dir/MiniOzoneClusterImpl-7e584a5f-24ad-4948-84f4-5bd4158e5d25/datanode-4/data/ratis] (custom)
2019-10-04 00:18:28,350 [pool-423-thread-1] INFO  server.RaftServerConfigKeys (ConfUtils.java:logGet(43)) - raft.server.log.corruption.policy = EXCEPTION (default)
2019-10-04 00:18:28,350 [pool-423-thread-1] INFO  storage.RaftStorageDirectory (RaftStorageDirectory.java:analyzeStorage(246)) - The storage directory /workdir/hadoop-ozone/integration-test/target/test-dir/MiniOzoneClusterImpl-7e584a5f-24ad-4948-84f4-5bd4158e5d25/datanode-4/data/ratis/3d1f75ec-b50f-46b3-8376-a92b7d865ee8 does not exist. Creating ...
2019-10-04 00:18:28,360 [pool-423-thread-1] INFO  storage.RaftStorageDirectory (RaftStorageDirectory.java:tryLock(328)) - Lock on /workdir/hadoop-ozone/integration-test/target/test-dir/MiniOzoneClusterImpl-7e584a5f-24ad-4948-84f4-5bd4158e5d25/datanode-4/data/ratis/3d1f75ec-b50f-46b3-8376-a92b7d865ee8/in_use.lock acquired by nodename 23484@pr-hdds-2181-qkjh9-3495688764
2019-10-04 00:18:28,361 [IPC Server handler 6 on 45541] INFO  net.NetworkTopology (NetworkTopologyImpl.java:add(111)) - Added a new node: /default-rack/f38a0b7c-59b6-419c-be01-3d00b5e4d222
2019-10-04 00:18:28,361 [IPC Server handler 6 on 45541] INFO  node.SCMNodeManager (SCMNodeManager.java:register(266)) - Registered Data node : f38a0b7c-59b6-419c-be01-3d00b5e4d222{ip: 192.168.151.66, host: pr-hdds-2181-qkjh9-3495688764, networkLocation: /default-rack, certSerialId: null}
2019-10-04 00:18:28,373 [pool-423-thread-1] INFO  storage.RaftStorage (RaftStorage.java:format(84)) - Storage directory /workdir/hadoop-ozone/integration-test/target/test-dir/MiniOzoneClusterImpl-7e584a5f-24ad-4948-84f4-5bd4158e5d25/datanode-4/data/ratis/3d1f75ec-b50f-46b3-8376-a92b7d865ee8 has been successfully formatted.
2019-10-04 00:18:28,373 [pool-423-thread-1] INFO  ratis.ContainerStateMachine (ContainerStateMachine.java:loadSnapshot(230)) - group-A92B7D865EE8: The snapshot info is null. Setting the last applied indexto:(t:0, i:~)
2019-10-04 00:18:28,373 [pool-423-thread-1] INFO  server.RaftServerConfigKeys (ConfUtils.java:logGet(43)) - raft.server.notification.no-leader.timeout = 120s (custom)
2019-10-04 00:18:28,373 [pool-423-thread-1] INFO  server.RaftServerConfigKeys (ConfUtils.java:logGet(43)) - raft.server.log.use.memory = false (default)
2019-10-04 00:18:28,373 [pool-423-thread-1] INFO  server.RaftServerConfigKeys (ConfUtils.java:logGet(43)) - raft.server.log.purge.gap = 1000000 (custom)
2019-10-04 00:18:28,374 [pool-423-thread-1] INFO  server.RaftServerConfigKeys (ConfUtils.java:logGet(43)) - raft.server.log.appender.buffer.byte-limit = 33554432 (custom)
2019-10-04 00:18:28,374 [pool-423-thread-1] INFO  server.RaftServerConfigKeys (ConfUtils.java:logGet(43)) - raft.server.log.segment.size.max = 1048576 (custom)
2019-10-04 00:18:28,375 [pool-423-thread-1] INFO  server.RaftServerConfigKeys (ConfUtils.java:logGet(43)) - raft.server.log.segment.cache.num.max = 2 (custom)
2019-10-04 00:18:28,375 [pool-423-thread-1] INFO  segmented.SegmentedRaftLogWorker (SegmentedRaftLogWorker.java:<init>(173)) - new 422e72e4-3675-4936-b0f8-18a5b8ef65de@group-A92B7D865EE8-SegmentedRaftLogWorker for RaftStorage:Storage Directory /workdir/hadoop-ozone/integration-test/target/test-dir/MiniOzoneClusterImpl-7e584a5f-24ad-4948-84f4-5bd4158e5d25/datanode-4/data/ratis/3d1f75ec-b50f-46b3-8376-a92b7d865ee8
2019-10-04 00:18:28,375 [pool-423-thread-1] INFO  server.RaftServerConfigKeys (ConfUtils.java:logGet(43)) - raft.server.log.queue.byte-limit = 2147483647 (custom)
2019-10-04 00:18:28,375 [pool-423-thread-1] INFO  server.RaftServerConfigKeys (ConfUtils.java:logGet(43)) - raft.server.log.queue.element-limit = 1024 (custom)
2019-10-04 00:18:28,375 [pool-423-thread-1] INFO  server.RaftServerConfigKeys (ConfUtils.java:logGet(43)) - raft.server.log.segment.size.max = 1048576 (custom)
2019-10-04 00:18:28,375 [pool-423-thread-1] INFO  server.RaftServerConfigKeys (ConfUtils.java:logGet(43)) - raft.server.log.preallocated.size = 16384 (custom)
2019-10-04 00:18:28,375 [pool-423-thread-1] INFO  server.RaftServerConfigKeys (ConfUtils.java:logGet(43)) - raft.server.log.write.buffer.size = 33554432 (custom)
2019-10-04 00:18:28,375 [pool-423-thread-1] INFO  server.RaftServerConfigKeys (ConfUtils.java:logGet(43)) - raft.server.log.force.sync.num = 128 (default)
2019-10-04 00:18:28,375 [pool-423-thread-1] INFO  server.RaftServerConfigKeys (ConfUtils.java:logGet(43)) - raft.server.log.statemachine.data.sync = true (default)
2019-10-04 00:18:28,376 [pool-423-thread-1] INFO  server.RaftServerConfigKeys (ConfUtils.java:logGet(43)) - raft.server.log.statemachine.data.sync.timeout = 10s (default)
2019-10-04 00:18:28,376 [pool-423-thread-1] INFO  server.RaftServerConfigKeys (ConfUtils.java:logGet(43)) - raft.server.log.statemachine.data.sync.timeout.retry = -1 (default)
2019-10-04 00:18:28,376 [pool-423-thread-1] INFO  server.RaftServerConfigKeys (ConfUtils.java:logGet(43)) - raft.server.log.statemachine.data.caching.enabled = true (custom)
2019-10-04 00:18:28,376 [pool-423-thread-1] INFO  segmented.SegmentedRaftLogWorker (SegmentedRaftLogWorker.java:lambda$new$0(128)) - 422e72e4-3675-4936-b0f8-18a5b8ef65de@group-A92B7D865EE8-SegmentedRaftLogWorker: flushIndex: setUnconditionally 0 -> -1
2019-10-04 00:18:28,376 [pool-423-thread-1] INFO  server.RaftServerConfigKeys (ConfUtils.java:logGet(43)) - raft.server.snapshot.auto.trigger.enabled = true (custom)
2019-10-04 00:18:28,376 [pool-423-thread-1] INFO  server.RaftServerConfigKeys (ConfUtils.java:logGet(43)) - raft.server.snapshot.auto.trigger.threshold = 10000 (custom)
2019-10-04 00:18:28,376 [pool-423-thread-1] INFO  server.RaftServerConfigKeys (ConfUtils.java:logGet(43)) - raft.server.snapshot.retention.file.num = 5 (custom)
2019-10-04 00:18:28,377 [pool-423-thread-1] INFO  server.RaftServerConfigKeys (ConfUtils.java:logGet(43)) - raft.server.retrycache.expirytime = 600000ms (custom)
2019-10-04 00:18:28,378 [pool-423-thread-1] INFO  impl.RaftServerImpl (RaftServerImpl.java:start(181)) - 422e72e4-3675-4936-b0f8-18a5b8ef65de@group-A92B7D865EE8: start as a follower, conf=-1: [422e72e4-3675-4936-b0f8-18a5b8ef65de:192.168.151.66:39019], old=null
2019-10-04 00:18:28,378 [pool-423-thread-1] INFO  impl.RaftServerImpl (RaftServerImpl.java:setRole(170)) - 422e72e4-3675-4936-b0f8-18a5b8ef65de@group-A92B7D865EE8: changes role from      null to FOLLOWER at term 0 for startAsFollower
2019-10-04 00:18:28,378 [pool-423-thread-1] INFO  impl.RoleInfo (RoleInfo.java:updateAndGet(143)) - 422e72e4-3675-4936-b0f8-18a5b8ef65de: start FollowerState
2019-10-04 00:18:28,378 [pool-423-thread-1] INFO  util.JmxRegister (JmxRegister.java:tryRegister(44)) - Successfully registered JMX Bean with object name Ratis:service=RaftServer,group=group-A92B7D865EE8,id=422e72e4-3675-4936-b0f8-18a5b8ef65de
2019-10-04 00:18:28,381 [RatisPipelineUtilsThread] INFO  pipeline.PipelineStateManager (PipelineStateManager.java:addPipeline(56)) - Created pipeline Pipeline[ Id: 3d1f75ec-b50f-46b3-8376-a92b7d865ee8, Nodes: 422e72e4-3675-4936-b0f8-18a5b8ef65de{ip: 192.168.151.66, host: pr-hdds-2181-qkjh9-3495688764, networkLocation: /default-rack, certSerialId: null}, Type:RATIS, Factor:ONE, State:OPEN]
2019-10-04 00:18:28,390 [grpc-default-executor-7] INFO  impl.RaftServerProxy (RaftServerProxy.java:addNew(89)) - f38a0b7c-59b6-419c-be01-3d00b5e4d222: addNew group-19B45E0019D0:[f38a0b7c-59b6-419c-be01-3d00b5e4d222:192.168.151.66:42674] returns group-19B45E0019D0:java.util.concurrent.CompletableFuture@5ad9abb8[Not completed]
2019-10-04 00:18:28,391 [pool-433-thread-1] INFO  impl.RaftServerImpl (RaftServerImpl.java:<init>(95)) - f38a0b7c-59b6-419c-be01-3d00b5e4d222: new RaftServerImpl for group-19B45E0019D0:[f38a0b7c-59b6-419c-be01-3d00b5e4d222:192.168.151.66:42674] with ContainerStateMachine:uninitialized
2019-10-04 00:18:28,391 [pool-433-thread-1] INFO  server.RaftServerConfigKeys (ConfUtils.java:logGet(43)) - raft.server.rpc.timeout.min = 5s (custom)
2019-10-04 00:18:28,391 [pool-433-thread-1] INFO  server.RaftServerConfigKeys (ConfUtils.java:logGet(43)) - raft.server.rpc.timeout.max = 5200ms (custom)
2019-10-04 00:18:28,391 [pool-433-thread-1] INFO  server.RaftServerConfigKeys (ConfUtils.java:logGet(43)) - raft.server.rpcslowness.timeout = 120s (custom)
2019-10-04 00:18:28,391 [pool-433-thread-1] INFO  server.RaftServerConfigKeys (ConfUtils.java:logGet(43)) - raft.server.sleep.deviation.threshold = 300 (default)
2019-10-04 00:18:28,392 [pool-433-thread-1] INFO  server.RaftServerConfigKeys (ConfUtils.java:logGet(43)) - raft.server.log.appender.install.snapshot.enabled = false (custom)
2019-10-04 00:18:28,392 [pool-433-thread-1] INFO  impl.RaftServerImpl (ServerState.java:<init>(103)) - f38a0b7c-59b6-419c-be01-3d00b5e4d222@group-19B45E0019D0: ConfigurationManager, init=-1: [f38a0b7c-59b6-419c-be01-3d00b5e4d222:192.168.151.66:42674], old=null, confs=<EMPTY_MAP>
2019-10-04 00:18:28,392 [pool-433-thread-1] INFO  server.RaftServerConfigKeys (ConfUtils.java:logGet(43)) - raft.server.storage.dir = [/workdir/hadoop-ozone/integration-test/target/test-dir/MiniOzoneClusterImpl-7e584a5f-24ad-4948-84f4-5bd4158e5d25/datanode-5/data/ratis] (custom)
2019-10-04 00:18:28,392 [pool-433-thread-1] INFO  server.RaftServerConfigKeys (ConfUtils.java:logGet(43)) - raft.server.log.corruption.policy = EXCEPTION (default)
2019-10-04 00:18:28,392 [pool-433-thread-1] INFO  storage.RaftStorageDirectory (RaftStorageDirectory.java:analyzeStorage(246)) - The storage directory /workdir/hadoop-ozone/integration-test/target/test-dir/MiniOzoneClusterImpl-7e584a5f-24ad-4948-84f4-5bd4158e5d25/datanode-5/data/ratis/53ee0a90-84fc-487f-bbe3-19b45e0019d0 does not exist. Creating ...
2019-10-04 00:18:28,405 [pool-433-thread-1] INFO  storage.RaftStorageDirectory (RaftStorageDirectory.java:tryLock(328)) - Lock on /workdir/hadoop-ozone/integration-test/target/test-dir/MiniOzoneClusterImpl-7e584a5f-24ad-4948-84f4-5bd4158e5d25/datanode-5/data/ratis/53ee0a90-84fc-487f-bbe3-19b45e0019d0/in_use.lock acquired by nodename 23484@pr-hdds-2181-qkjh9-3495688764
2019-10-04 00:18:28,418 [pool-433-thread-1] INFO  storage.RaftStorage (RaftStorage.java:format(84)) - Storage directory /workdir/hadoop-ozone/integration-test/target/test-dir/MiniOzoneClusterImpl-7e584a5f-24ad-4948-84f4-5bd4158e5d25/datanode-5/data/ratis/53ee0a90-84fc-487f-bbe3-19b45e0019d0 has been successfully formatted.
2019-10-04 00:18:28,419 [main] INFO  ozone.MiniOzoneClusterImpl (MiniOzoneClusterImpl.java:lambda$waitForClusterToBeReady$0(147)) - Waiting for cluster to be ready. Got 6 of 7 DN Heartbeats.
2019-10-04 00:18:28,419 [pool-433-thread-1] INFO  ratis.ContainerStateMachine (ContainerStateMachine.java:loadSnapshot(230)) - group-19B45E0019D0: The snapshot info is null. Setting the last applied indexto:(t:0, i:~)
2019-10-04 00:18:28,419 [pool-433-thread-1] INFO  server.RaftServerConfigKeys (ConfUtils.java:logGet(43)) - raft.server.notification.no-leader.timeout = 120s (custom)
2019-10-04 00:18:28,419 [pool-433-thread-1] INFO  server.RaftServerConfigKeys (ConfUtils.java:logGet(43)) - raft.server.log.use.memory = false (default)
2019-10-04 00:18:28,419 [IPC Server handler 19 on 45541] INFO  net.NetworkTopology (NetworkTopologyImpl.java:add(111)) - Added a new node: /default-rack/b41bfd3a-039d-4642-bfdf-39ff1f969529
2019-10-04 00:18:28,419 [pool-433-thread-1] INFO  server.RaftServerConfigKeys (ConfUtils.java:logGet(43)) - raft.server.log.purge.gap = 1000000 (custom)
2019-10-04 00:18:28,420 [IPC Server handler 19 on 45541] INFO  node.SCMNodeManager (SCMNodeManager.java:register(266)) - Registered Data node : b41bfd3a-039d-4642-bfdf-39ff1f969529{ip: 192.168.151.66, host: pr-hdds-2181-qkjh9-3495688764, networkLocation: /default-rack, certSerialId: null}
2019-10-04 00:18:28,420 [pool-433-thread-1] INFO  server.RaftServerConfigKeys (ConfUtils.java:logGet(43)) - raft.server.log.appender.buffer.byte-limit = 33554432 (custom)
2019-10-04 00:18:28,420 [pool-433-thread-1] INFO  server.RaftServerConfigKeys (ConfUtils.java:logGet(43)) - raft.server.log.segment.size.max = 1048576 (custom)
2019-10-04 00:18:28,422 [pool-433-thread-1] INFO  server.RaftServerConfigKeys (ConfUtils.java:logGet(43)) - raft.server.log.segment.cache.num.max = 2 (custom)
2019-10-04 00:18:28,422 [pool-433-thread-1] INFO  segmented.SegmentedRaftLogWorker (SegmentedRaftLogWorker.java:<init>(173)) - new f38a0b7c-59b6-419c-be01-3d00b5e4d222@group-19B45E0019D0-SegmentedRaftLogWorker for RaftStorage:Storage Directory /workdir/hadoop-ozone/integration-test/target/test-dir/MiniOzoneClusterImpl-7e584a5f-24ad-4948-84f4-5bd4158e5d25/datanode-5/data/ratis/53ee0a90-84fc-487f-bbe3-19b45e0019d0
2019-10-04 00:18:28,423 [pool-433-thread-1] INFO  server.RaftServerConfigKeys (ConfUtils.java:logGet(43)) - raft.server.log.queue.byte-limit = 2147483647 (custom)
2019-10-04 00:18:28,423 [pool-433-thread-1] INFO  server.RaftServerConfigKeys (ConfUtils.java:logGet(43)) - raft.server.log.queue.element-limit = 1024 (custom)
2019-10-04 00:18:28,423 [pool-433-thread-1] INFO  server.RaftServerConfigKeys (ConfUtils.java:logGet(43)) - raft.server.log.segment.size.max = 1048576 (custom)
2019-10-04 00:18:28,423 [pool-433-thread-1] INFO  server.RaftServerConfigKeys (ConfUtils.java:logGet(43)) - raft.server.log.preallocated.size = 16384 (custom)
2019-10-04 00:18:28,423 [pool-433-thread-1] INFO  server.RaftServerConfigKeys (ConfUtils.java:logGet(43)) - raft.server.log.write.buffer.size = 33554432 (custom)
2019-10-04 00:18:28,423 [pool-433-thread-1] INFO  server.RaftServerConfigKeys (ConfUtils.java:logGet(43)) - raft.server.log.force.sync.num = 128 (default)
2019-10-04 00:18:28,423 [pool-433-thread-1] INFO  server.RaftServerConfigKeys (ConfUtils.java:logGet(43)) - raft.server.log.statemachine.data.sync = true (default)
2019-10-04 00:18:28,424 [pool-433-thread-1] INFO  server.RaftServerConfigKeys (ConfUtils.java:logGet(43)) - raft.server.log.statemachine.data.sync.timeout = 10s (default)
2019-10-04 00:18:28,424 [pool-433-thread-1] INFO  server.RaftServerConfigKeys (ConfUtils.java:logGet(43)) - raft.server.log.statemachine.data.sync.timeout.retry = -1 (default)
2019-10-04 00:18:28,424 [pool-433-thread-1] INFO  server.RaftServerConfigKeys (ConfUtils.java:logGet(43)) - raft.server.log.statemachine.data.caching.enabled = true (custom)
2019-10-04 00:18:28,425 [pool-433-thread-1] INFO  segmented.SegmentedRaftLogWorker (SegmentedRaftLogWorker.java:lambda$new$0(128)) - f38a0b7c-59b6-419c-be01-3d00b5e4d222@group-19B45E0019D0-SegmentedRaftLogWorker: flushIndex: setUnconditionally 0 -> -1
2019-10-04 00:18:28,425 [pool-433-thread-1] INFO  server.RaftServerConfigKeys (ConfUtils.java:logGet(43)) - raft.server.snapshot.auto.trigger.enabled = true (custom)
2019-10-04 00:18:28,425 [pool-433-thread-1] INFO  server.RaftServerConfigKeys (ConfUtils.java:logGet(43)) - raft.server.snapshot.auto.trigger.threshold = 10000 (custom)
2019-10-04 00:18:28,425 [pool-433-thread-1] INFO  server.RaftServerConfigKeys (ConfUtils.java:logGet(43)) - raft.server.snapshot.retention.file.num = 5 (custom)
2019-10-04 00:18:28,425 [pool-433-thread-1] INFO  server.RaftServerConfigKeys (ConfUtils.java:logGet(43)) - raft.server.retrycache.expirytime = 600000ms (custom)
2019-10-04 00:18:28,427 [pool-433-thread-1] INFO  impl.RaftServerImpl (RaftServerImpl.java:start(181)) - f38a0b7c-59b6-419c-be01-3d00b5e4d222@group-19B45E0019D0: start as a follower, conf=-1: [f38a0b7c-59b6-419c-be01-3d00b5e4d222:192.168.151.66:42674], old=null
2019-10-04 00:18:28,427 [pool-433-thread-1] INFO  impl.RaftServerImpl (RaftServerImpl.java:setRole(170)) - f38a0b7c-59b6-419c-be01-3d00b5e4d222@group-19B45E0019D0: changes role from      null to FOLLOWER at term 0 for startAsFollower
2019-10-04 00:18:28,428 [pool-433-thread-1] INFO  impl.RoleInfo (RoleInfo.java:updateAndGet(143)) - f38a0b7c-59b6-419c-be01-3d00b5e4d222: start FollowerState
2019-10-04 00:18:28,428 [pool-433-thread-1] INFO  util.JmxRegister (JmxRegister.java:tryRegister(44)) - Successfully registered JMX Bean with object name Ratis:service=RaftServer,group=group-19B45E0019D0,id=f38a0b7c-59b6-419c-be01-3d00b5e4d222
2019-10-04 00:18:28,432 [RatisPipelineUtilsThread] INFO  pipeline.PipelineStateManager (PipelineStateManager.java:addPipeline(56)) - Created pipeline Pipeline[ Id: 53ee0a90-84fc-487f-bbe3-19b45e0019d0, Nodes: f38a0b7c-59b6-419c-be01-3d00b5e4d222{ip: 192.168.151.66, host: pr-hdds-2181-qkjh9-3495688764, networkLocation: /default-rack, certSerialId: null}, Type:RATIS, Factor:ONE, State:OPEN]
2019-10-04 00:18:28,440 [grpc-default-executor-7] INFO  impl.RaftServerProxy (RaftServerProxy.java:addNew(89)) - b41bfd3a-039d-4642-bfdf-39ff1f969529: addNew group-F8E954CD8DCE:[b41bfd3a-039d-4642-bfdf-39ff1f969529:192.168.151.66:42207] returns group-F8E954CD8DCE:java.util.concurrent.CompletableFuture@5e3728d0[Not completed]
2019-10-04 00:18:28,441 [pool-443-thread-1] INFO  impl.RaftServerImpl (RaftServerImpl.java:<init>(95)) - b41bfd3a-039d-4642-bfdf-39ff1f969529: new RaftServerImpl for group-F8E954CD8DCE:[b41bfd3a-039d-4642-bfdf-39ff1f969529:192.168.151.66:42207] with ContainerStateMachine:uninitialized
2019-10-04 00:18:28,441 [pool-443-thread-1] INFO  server.RaftServerConfigKeys (ConfUtils.java:logGet(43)) - raft.server.rpc.timeout.min = 5s (custom)
2019-10-04 00:18:28,441 [pool-443-thread-1] INFO  server.RaftServerConfigKeys (ConfUtils.java:logGet(43)) - raft.server.rpc.timeout.max = 5200ms (custom)
2019-10-04 00:18:28,441 [pool-443-thread-1] INFO  server.RaftServerConfigKeys (ConfUtils.java:logGet(43)) - raft.server.rpcslowness.timeout = 120s (custom)
2019-10-04 00:18:28,441 [pool-443-thread-1] INFO  server.RaftServerConfigKeys (ConfUtils.java:logGet(43)) - raft.server.sleep.deviation.threshold = 300 (default)
2019-10-04 00:18:28,441 [pool-443-thread-1] INFO  server.RaftServerConfigKeys (ConfUtils.java:logGet(43)) - raft.server.log.appender.install.snapshot.enabled = false (custom)
2019-10-04 00:18:28,441 [pool-443-thread-1] INFO  impl.RaftServerImpl (ServerState.java:<init>(103)) - b41bfd3a-039d-4642-bfdf-39ff1f969529@group-F8E954CD8DCE: ConfigurationManager, init=-1: [b41bfd3a-039d-4642-bfdf-39ff1f969529:192.168.151.66:42207], old=null, confs=<EMPTY_MAP>
2019-10-04 00:18:28,442 [pool-443-thread-1] INFO  server.RaftServerConfigKeys (ConfUtils.java:logGet(43)) - raft.server.storage.dir = [/workdir/hadoop-ozone/integration-test/target/test-dir/MiniOzoneClusterImpl-7e584a5f-24ad-4948-84f4-5bd4158e5d25/datanode-6/data/ratis] (custom)
2019-10-04 00:18:28,442 [pool-443-thread-1] INFO  server.RaftServerConfigKeys (ConfUtils.java:logGet(43)) - raft.server.log.corruption.policy = EXCEPTION (default)
2019-10-04 00:18:28,442 [pool-443-thread-1] INFO  storage.RaftStorageDirectory (RaftStorageDirectory.java:analyzeStorage(246)) - The storage directory /workdir/hadoop-ozone/integration-test/target/test-dir/MiniOzoneClusterImpl-7e584a5f-24ad-4948-84f4-5bd4158e5d25/datanode-6/data/ratis/5710490c-021f-4682-b614-f8e954cd8dce does not exist. Creating ...
2019-10-04 00:18:28,455 [pool-443-thread-1] INFO  storage.RaftStorageDirectory (RaftStorageDirectory.java:tryLock(328)) - Lock on /workdir/hadoop-ozone/integration-test/target/test-dir/MiniOzoneClusterImpl-7e584a5f-24ad-4948-84f4-5bd4158e5d25/datanode-6/data/ratis/5710490c-021f-4682-b614-f8e954cd8dce/in_use.lock acquired by nodename 23484@pr-hdds-2181-qkjh9-3495688764
2019-10-04 00:18:28,467 [pool-443-thread-1] INFO  storage.RaftStorage (RaftStorage.java:format(84)) - Storage directory /workdir/hadoop-ozone/integration-test/target/test-dir/MiniOzoneClusterImpl-7e584a5f-24ad-4948-84f4-5bd4158e5d25/datanode-6/data/ratis/5710490c-021f-4682-b614-f8e954cd8dce has been successfully formatted.
2019-10-04 00:18:28,468 [pool-443-thread-1] INFO  ratis.ContainerStateMachine (ContainerStateMachine.java:loadSnapshot(230)) - group-F8E954CD8DCE: The snapshot info is null. Setting the last applied indexto:(t:0, i:~)
2019-10-04 00:18:28,468 [pool-443-thread-1] INFO  server.RaftServerConfigKeys (ConfUtils.java:logGet(43)) - raft.server.notification.no-leader.timeout = 120s (custom)
2019-10-04 00:18:28,468 [pool-443-thread-1] INFO  server.RaftServerConfigKeys (ConfUtils.java:logGet(43)) - raft.server.log.use.memory = false (default)
2019-10-04 00:18:28,468 [pool-443-thread-1] INFO  server.RaftServerConfigKeys (ConfUtils.java:logGet(43)) - raft.server.log.purge.gap = 1000000 (custom)
2019-10-04 00:18:28,468 [pool-443-thread-1] INFO  server.RaftServerConfigKeys (ConfUtils.java:logGet(43)) - raft.server.log.appender.buffer.byte-limit = 33554432 (custom)
2019-10-04 00:18:28,468 [pool-443-thread-1] INFO  server.RaftServerConfigKeys (ConfUtils.java:logGet(43)) - raft.server.log.segment.size.max = 1048576 (custom)
2019-10-04 00:18:28,469 [pool-443-thread-1] INFO  server.RaftServerConfigKeys (ConfUtils.java:logGet(43)) - raft.server.log.segment.cache.num.max = 2 (custom)
2019-10-04 00:18:28,469 [pool-443-thread-1] INFO  segmented.SegmentedRaftLogWorker (SegmentedRaftLogWorker.java:<init>(173)) - new b41bfd3a-039d-4642-bfdf-39ff1f969529@group-F8E954CD8DCE-SegmentedRaftLogWorker for RaftStorage:Storage Directory /workdir/hadoop-ozone/integration-test/target/test-dir/MiniOzoneClusterImpl-7e584a5f-24ad-4948-84f4-5bd4158e5d25/datanode-6/data/ratis/5710490c-021f-4682-b614-f8e954cd8dce
2019-10-04 00:18:28,469 [pool-443-thread-1] INFO  server.RaftServerConfigKeys (ConfUtils.java:logGet(43)) - raft.server.log.queue.byte-limit = 2147483647 (custom)
2019-10-04 00:18:28,469 [pool-443-thread-1] INFO  server.RaftServerConfigKeys (ConfUtils.java:logGet(43)) - raft.server.log.queue.element-limit = 1024 (custom)
2019-10-04 00:18:28,470 [pool-443-thread-1] INFO  server.RaftServerConfigKeys (ConfUtils.java:logGet(43)) - raft.server.log.segment.size.max = 1048576 (custom)
2019-10-04 00:18:28,470 [pool-443-thread-1] INFO  server.RaftServerConfigKeys (ConfUtils.java:logGet(43)) - raft.server.log.preallocated.size = 16384 (custom)
2019-10-04 00:18:28,470 [pool-443-thread-1] INFO  server.RaftServerConfigKeys (ConfUtils.java:logGet(43)) - raft.server.log.write.buffer.size = 33554432 (custom)
2019-10-04 00:18:28,470 [pool-443-thread-1] INFO  server.RaftServerConfigKeys (ConfUtils.java:logGet(43)) - raft.server.log.force.sync.num = 128 (default)
2019-10-04 00:18:28,470 [pool-443-thread-1] INFO  server.RaftServerConfigKeys (ConfUtils.java:logGet(43)) - raft.server.log.statemachine.data.sync = true (default)
2019-10-04 00:18:28,470 [pool-443-thread-1] INFO  server.RaftServerConfigKeys (ConfUtils.java:logGet(43)) - raft.server.log.statemachine.data.sync.timeout = 10s (default)
2019-10-04 00:18:28,470 [pool-443-thread-1] INFO  server.RaftServerConfigKeys (ConfUtils.java:logGet(43)) - raft.server.log.statemachine.data.sync.timeout.retry = -1 (default)
2019-10-04 00:18:28,470 [pool-443-thread-1] INFO  server.RaftServerConfigKeys (ConfUtils.java:logGet(43)) - raft.server.log.statemachine.data.caching.enabled = true (custom)
2019-10-04 00:18:28,471 [pool-443-thread-1] INFO  segmented.SegmentedRaftLogWorker (SegmentedRaftLogWorker.java:lambda$new$0(128)) - b41bfd3a-039d-4642-bfdf-39ff1f969529@group-F8E954CD8DCE-SegmentedRaftLogWorker: flushIndex: setUnconditionally 0 -> -1
2019-10-04 00:18:28,471 [pool-443-thread-1] INFO  server.RaftServerConfigKeys (ConfUtils.java:logGet(43)) - raft.server.snapshot.auto.trigger.enabled = true (custom)
2019-10-04 00:18:28,471 [pool-443-thread-1] INFO  server.RaftServerConfigKeys (ConfUtils.java:logGet(43)) - raft.server.snapshot.auto.trigger.threshold = 10000 (custom)
2019-10-04 00:18:28,471 [pool-443-thread-1] INFO  server.RaftServerConfigKeys (ConfUtils.java:logGet(43)) - raft.server.snapshot.retention.file.num = 5 (custom)
2019-10-04 00:18:28,471 [pool-443-thread-1] INFO  server.RaftServerConfigKeys (ConfUtils.java:logGet(43)) - raft.server.retrycache.expirytime = 600000ms (custom)
2019-10-04 00:18:28,472 [pool-443-thread-1] INFO  impl.RaftServerImpl (RaftServerImpl.java:start(181)) - b41bfd3a-039d-4642-bfdf-39ff1f969529@group-F8E954CD8DCE: start as a follower, conf=-1: [b41bfd3a-039d-4642-bfdf-39ff1f969529:192.168.151.66:42207], old=null
2019-10-04 00:18:28,472 [pool-443-thread-1] INFO  impl.RaftServerImpl (RaftServerImpl.java:setRole(170)) - b41bfd3a-039d-4642-bfdf-39ff1f969529@group-F8E954CD8DCE: changes role from      null to FOLLOWER at term 0 for startAsFollower
2019-10-04 00:18:28,473 [pool-443-thread-1] INFO  impl.RoleInfo (RoleInfo.java:updateAndGet(143)) - b41bfd3a-039d-4642-bfdf-39ff1f969529: start FollowerState
2019-10-04 00:18:28,473 [pool-443-thread-1] INFO  util.JmxRegister (JmxRegister.java:tryRegister(44)) - Successfully registered JMX Bean with object name Ratis:service=RaftServer,group=group-F8E954CD8DCE,id=b41bfd3a-039d-4642-bfdf-39ff1f969529
2019-10-04 00:18:28,476 [RatisPipelineUtilsThread] INFO  pipeline.PipelineStateManager (PipelineStateManager.java:addPipeline(56)) - Created pipeline Pipeline[ Id: 5710490c-021f-4682-b614-f8e954cd8dce, Nodes: b41bfd3a-039d-4642-bfdf-39ff1f969529{ip: 192.168.151.66, host: pr-hdds-2181-qkjh9-3495688764, networkLocation: /default-rack, certSerialId: null}, Type:RATIS, Factor:ONE, State:OPEN]
2019-10-04 00:18:28,494 [grpc-default-executor-7] INFO  impl.RaftServerProxy (RaftServerProxy.java:addNew(89)) - c960eb40-745b-4ab5-a386-2e2ad39ed98c: addNew group-91C0545B2289:[422e72e4-3675-4936-b0f8-18a5b8ef65de:192.168.151.66:39019, c960eb40-745b-4ab5-a386-2e2ad39ed98c:192.168.151.66:34966, b41bfd3a-039d-4642-bfdf-39ff1f969529:192.168.151.66:42207] returns group-91C0545B2289:java.util.concurrent.CompletableFuture@1d1943c3[Not completed]
2019-10-04 00:18:28,494 [grpc-default-executor-2] INFO  impl.RaftServerProxy (RaftServerProxy.java:addNew(89)) - 422e72e4-3675-4936-b0f8-18a5b8ef65de: addNew group-91C0545B2289:[422e72e4-3675-4936-b0f8-18a5b8ef65de:192.168.151.66:39019, c960eb40-745b-4ab5-a386-2e2ad39ed98c:192.168.151.66:34966, b41bfd3a-039d-4642-bfdf-39ff1f969529:192.168.151.66:42207] returns group-91C0545B2289:java.util.concurrent.CompletableFuture@5cbdd6c1[Not completed]
2019-10-04 00:18:28,494 [grpc-default-executor-7] INFO  impl.RaftServerProxy (RaftServerProxy.java:addNew(89)) - b41bfd3a-039d-4642-bfdf-39ff1f969529: addNew group-91C0545B2289:[422e72e4-3675-4936-b0f8-18a5b8ef65de:192.168.151.66:39019, c960eb40-745b-4ab5-a386-2e2ad39ed98c:192.168.151.66:34966, b41bfd3a-039d-4642-bfdf-39ff1f969529:192.168.151.66:42207] returns group-91C0545B2289:java.util.concurrent.CompletableFuture@7ea4934[Not completed]
2019-10-04 00:18:28,495 [pool-423-thread-1] INFO  impl.RaftServerImpl (RaftServerImpl.java:<init>(95)) - 422e72e4-3675-4936-b0f8-18a5b8ef65de: new RaftServerImpl for group-91C0545B2289:[422e72e4-3675-4936-b0f8-18a5b8ef65de:192.168.151.66:39019, c960eb40-745b-4ab5-a386-2e2ad39ed98c:192.168.151.66:34966, b41bfd3a-039d-4642-bfdf-39ff1f969529:192.168.151.66:42207] with ContainerStateMachine:uninitialized
2019-10-04 00:18:28,495 [pool-423-thread-1] INFO  server.RaftServerConfigKeys (ConfUtils.java:logGet(43)) - raft.server.rpc.timeout.min = 5s (custom)
2019-10-04 00:18:28,495 [pool-423-thread-1] INFO  server.RaftServerConfigKeys (ConfUtils.java:logGet(43)) - raft.server.rpc.timeout.max = 5200ms (custom)
2019-10-04 00:18:28,495 [pool-443-thread-1] INFO  impl.RaftServerImpl (RaftServerImpl.java:<init>(95)) - b41bfd3a-039d-4642-bfdf-39ff1f969529: new RaftServerImpl for group-91C0545B2289:[422e72e4-3675-4936-b0f8-18a5b8ef65de:192.168.151.66:39019, c960eb40-745b-4ab5-a386-2e2ad39ed98c:192.168.151.66:34966, b41bfd3a-039d-4642-bfdf-39ff1f969529:192.168.151.66:42207] with ContainerStateMachine:uninitialized
2019-10-04 00:18:28,495 [pool-423-thread-1] INFO  server.RaftServerConfigKeys (ConfUtils.java:logGet(43)) - raft.server.rpcslowness.timeout = 120s (custom)
2019-10-04 00:18:28,495 [pool-443-thread-1] INFO  server.RaftServerConfigKeys (ConfUtils.java:logGet(43)) - raft.server.rpc.timeout.min = 5s (custom)
2019-10-04 00:18:28,495 [pool-423-thread-1] INFO  server.RaftServerConfigKeys (ConfUtils.java:logGet(43)) - raft.server.sleep.deviation.threshold = 300 (default)
2019-10-04 00:18:28,495 [pool-443-thread-1] INFO  server.RaftServerConfigKeys (ConfUtils.java:logGet(43)) - raft.server.rpc.timeout.max = 5200ms (custom)
2019-10-04 00:18:28,496 [pool-413-thread-1] INFO  impl.RaftServerImpl (RaftServerImpl.java:<init>(95)) - c960eb40-745b-4ab5-a386-2e2ad39ed98c: new RaftServerImpl for group-91C0545B2289:[422e72e4-3675-4936-b0f8-18a5b8ef65de:192.168.151.66:39019, c960eb40-745b-4ab5-a386-2e2ad39ed98c:192.168.151.66:34966, b41bfd3a-039d-4642-bfdf-39ff1f969529:192.168.151.66:42207] with ContainerStateMachine:uninitialized
2019-10-04 00:18:28,495 [pool-423-thread-1] INFO  server.RaftServerConfigKeys (ConfUtils.java:logGet(43)) - raft.server.log.appender.install.snapshot.enabled = false (custom)
2019-10-04 00:18:28,496 [pool-413-thread-1] INFO  server.RaftServerConfigKeys (ConfUtils.java:logGet(43)) - raft.server.rpc.timeout.min = 5s (custom)
2019-10-04 00:18:28,496 [pool-443-thread-1] INFO  server.RaftServerConfigKeys (ConfUtils.java:logGet(43)) - raft.server.rpcslowness.timeout = 120s (custom)
2019-10-04 00:18:28,496 [pool-413-thread-1] INFO  server.RaftServerConfigKeys (ConfUtils.java:logGet(43)) - raft.server.rpc.timeout.max = 5200ms (custom)
2019-10-04 00:18:28,496 [pool-423-thread-1] INFO  impl.RaftServerImpl (ServerState.java:<init>(103)) - 422e72e4-3675-4936-b0f8-18a5b8ef65de@group-91C0545B2289: ConfigurationManager, init=-1: [422e72e4-3675-4936-b0f8-18a5b8ef65de:192.168.151.66:39019, c960eb40-745b-4ab5-a386-2e2ad39ed98c:192.168.151.66:34966, b41bfd3a-039d-4642-bfdf-39ff1f969529:192.168.151.66:42207], old=null, confs=<EMPTY_MAP>
2019-10-04 00:18:28,496 [pool-413-thread-1] INFO  server.RaftServerConfigKeys (ConfUtils.java:logGet(43)) - raft.server.rpcslowness.timeout = 120s (custom)
2019-10-04 00:18:28,496 [pool-443-thread-1] INFO  server.RaftServerConfigKeys (ConfUtils.java:logGet(43)) - raft.server.sleep.deviation.threshold = 300 (default)
2019-10-04 00:18:28,496 [pool-413-thread-1] INFO  server.RaftServerConfigKeys (ConfUtils.java:logGet(43)) - raft.server.sleep.deviation.threshold = 300 (default)
2019-10-04 00:18:28,496 [pool-423-thread-1] INFO  server.RaftServerConfigKeys (ConfUtils.java:logGet(43)) - raft.server.storage.dir = [/workdir/hadoop-ozone/integration-test/target/test-dir/MiniOzoneClusterImpl-7e584a5f-24ad-4948-84f4-5bd4158e5d25/datanode-4/data/ratis] (custom)
2019-10-04 00:18:28,496 [pool-413-thread-1] INFO  server.RaftServerConfigKeys (ConfUtils.java:logGet(43)) - raft.server.log.appender.install.snapshot.enabled = false (custom)
2019-10-04 00:18:28,496 [pool-443-thread-1] INFO  server.RaftServerConfigKeys (ConfUtils.java:logGet(43)) - raft.server.log.appender.install.snapshot.enabled = false (custom)
2019-10-04 00:18:28,497 [pool-413-thread-1] INFO  impl.RaftServerImpl (ServerState.java:<init>(103)) - c960eb40-745b-4ab5-a386-2e2ad39ed98c@group-91C0545B2289: ConfigurationManager, init=-1: [422e72e4-3675-4936-b0f8-18a5b8ef65de:192.168.151.66:39019, c960eb40-745b-4ab5-a386-2e2ad39ed98c:192.168.151.66:34966, b41bfd3a-039d-4642-bfdf-39ff1f969529:192.168.151.66:42207], old=null, confs=<EMPTY_MAP>
2019-10-04 00:18:28,497 [pool-443-thread-1] INFO  impl.RaftServerImpl (ServerState.java:<init>(103)) - b41bfd3a-039d-4642-bfdf-39ff1f969529@group-91C0545B2289: ConfigurationManager, init=-1: [422e72e4-3675-4936-b0f8-18a5b8ef65de:192.168.151.66:39019, c960eb40-745b-4ab5-a386-2e2ad39ed98c:192.168.151.66:34966, b41bfd3a-039d-4642-bfdf-39ff1f969529:192.168.151.66:42207], old=null, confs=<EMPTY_MAP>
2019-10-04 00:18:28,497 [pool-423-thread-1] INFO  server.RaftServerConfigKeys (ConfUtils.java:logGet(43)) - raft.server.log.corruption.policy = EXCEPTION (default)
2019-10-04 00:18:28,497 [pool-443-thread-1] INFO  server.RaftServerConfigKeys (ConfUtils.java:logGet(43)) - raft.server.storage.dir = [/workdir/hadoop-ozone/integration-test/target/test-dir/MiniOzoneClusterImpl-7e584a5f-24ad-4948-84f4-5bd4158e5d25/datanode-6/data/ratis] (custom)
2019-10-04 00:18:28,497 [pool-413-thread-1] INFO  server.RaftServerConfigKeys (ConfUtils.java:logGet(43)) - raft.server.storage.dir = [/workdir/hadoop-ozone/integration-test/target/test-dir/MiniOzoneClusterImpl-7e584a5f-24ad-4948-84f4-5bd4158e5d25/datanode-3/data/ratis] (custom)
2019-10-04 00:18:28,497 [pool-443-thread-1] INFO  server.RaftServerConfigKeys (ConfUtils.java:logGet(43)) - raft.server.log.corruption.policy = EXCEPTION (default)
2019-10-04 00:18:28,497 [pool-423-thread-1] INFO  storage.RaftStorageDirectory (RaftStorageDirectory.java:analyzeStorage(246)) - The storage directory /workdir/hadoop-ozone/integration-test/target/test-dir/MiniOzoneClusterImpl-7e584a5f-24ad-4948-84f4-5bd4158e5d25/datanode-4/data/ratis/c5bb04b4-2caa-4ba8-bd2d-91c0545b2289 does not exist. Creating ...
2019-10-04 00:18:28,497 [pool-413-thread-1] INFO  server.RaftServerConfigKeys (ConfUtils.java:logGet(43)) - raft.server.log.corruption.policy = EXCEPTION (default)
2019-10-04 00:18:28,497 [pool-443-thread-1] INFO  storage.RaftStorageDirectory (RaftStorageDirectory.java:analyzeStorage(246)) - The storage directory /workdir/hadoop-ozone/integration-test/target/test-dir/MiniOzoneClusterImpl-7e584a5f-24ad-4948-84f4-5bd4158e5d25/datanode-6/data/ratis/c5bb04b4-2caa-4ba8-bd2d-91c0545b2289 does not exist. Creating ...
2019-10-04 00:18:28,498 [pool-413-thread-1] INFO  storage.RaftStorageDirectory (RaftStorageDirectory.java:analyzeStorage(246)) - The storage directory /workdir/hadoop-ozone/integration-test/target/test-dir/MiniOzoneClusterImpl-7e584a5f-24ad-4948-84f4-5bd4158e5d25/datanode-3/data/ratis/c5bb04b4-2caa-4ba8-bd2d-91c0545b2289 does not exist. Creating ...
2019-10-04 00:18:28,511 [pool-443-thread-1] INFO  storage.RaftStorageDirectory (RaftStorageDirectory.java:tryLock(328)) - Lock on /workdir/hadoop-ozone/integration-test/target/test-dir/MiniOzoneClusterImpl-7e584a5f-24ad-4948-84f4-5bd4158e5d25/datanode-6/data/ratis/c5bb04b4-2caa-4ba8-bd2d-91c0545b2289/in_use.lock acquired by nodename 23484@pr-hdds-2181-qkjh9-3495688764
2019-10-04 00:18:28,511 [pool-423-thread-1] INFO  storage.RaftStorageDirectory (RaftStorageDirectory.java:tryLock(328)) - Lock on /workdir/hadoop-ozone/integration-test/target/test-dir/MiniOzoneClusterImpl-7e584a5f-24ad-4948-84f4-5bd4158e5d25/datanode-4/data/ratis/c5bb04b4-2caa-4ba8-bd2d-91c0545b2289/in_use.lock acquired by nodename 23484@pr-hdds-2181-qkjh9-3495688764
2019-10-04 00:18:28,511 [pool-413-thread-1] INFO  storage.RaftStorageDirectory (RaftStorageDirectory.java:tryLock(328)) - Lock on /workdir/hadoop-ozone/integration-test/target/test-dir/MiniOzoneClusterImpl-7e584a5f-24ad-4948-84f4-5bd4158e5d25/datanode-3/data/ratis/c5bb04b4-2caa-4ba8-bd2d-91c0545b2289/in_use.lock acquired by nodename 23484@pr-hdds-2181-qkjh9-3495688764
2019-10-04 00:18:28,525 [pool-443-thread-1] INFO  storage.RaftStorage (RaftStorage.java:format(84)) - Storage directory /workdir/hadoop-ozone/integration-test/target/test-dir/MiniOzoneClusterImpl-7e584a5f-24ad-4948-84f4-5bd4158e5d25/datanode-6/data/ratis/c5bb04b4-2caa-4ba8-bd2d-91c0545b2289 has been successfully formatted.
2019-10-04 00:18:28,525 [pool-413-thread-1] INFO  storage.RaftStorage (RaftStorage.java:format(84)) - Storage directory /workdir/hadoop-ozone/integration-test/target/test-dir/MiniOzoneClusterImpl-7e584a5f-24ad-4948-84f4-5bd4158e5d25/datanode-3/data/ratis/c5bb04b4-2caa-4ba8-bd2d-91c0545b2289 has been successfully formatted.
2019-10-04 00:18:28,525 [pool-423-thread-1] INFO  storage.RaftStorage (RaftStorage.java:format(84)) - Storage directory /workdir/hadoop-ozone/integration-test/target/test-dir/MiniOzoneClusterImpl-7e584a5f-24ad-4948-84f4-5bd4158e5d25/datanode-4/data/ratis/c5bb04b4-2caa-4ba8-bd2d-91c0545b2289 has been successfully formatted.
2019-10-04 00:18:28,525 [pool-413-thread-1] INFO  ratis.ContainerStateMachine (ContainerStateMachine.java:loadSnapshot(230)) - group-91C0545B2289: The snapshot info is null. Setting the last applied indexto:(t:0, i:~)
2019-10-04 00:18:28,525 [pool-443-thread-1] INFO  ratis.ContainerStateMachine (ContainerStateMachine.java:loadSnapshot(230)) - group-91C0545B2289: The snapshot info is null. Setting the last applied indexto:(t:0, i:~)
2019-10-04 00:18:28,526 [pool-413-thread-1] INFO  server.RaftServerConfigKeys (ConfUtils.java:logGet(43)) - raft.server.notification.no-leader.timeout = 120s (custom)
2019-10-04 00:18:28,526 [pool-423-thread-1] INFO  ratis.ContainerStateMachine (ContainerStateMachine.java:loadSnapshot(230)) - group-91C0545B2289: The snapshot info is null. Setting the last applied indexto:(t:0, i:~)
2019-10-04 00:18:28,526 [pool-413-thread-1] INFO  server.RaftServerConfigKeys (ConfUtils.java:logGet(43)) - raft.server.log.use.memory = false (default)
2019-10-04 00:18:28,526 [pool-443-thread-1] INFO  server.RaftServerConfigKeys (ConfUtils.java:logGet(43)) - raft.server.notification.no-leader.timeout = 120s (custom)
2019-10-04 00:18:28,526 [pool-413-thread-1] INFO  server.RaftServerConfigKeys (ConfUtils.java:logGet(43)) - raft.server.log.purge.gap = 1000000 (custom)
2019-10-04 00:18:28,526 [pool-423-thread-1] INFO  server.RaftServerConfigKeys (ConfUtils.java:logGet(43)) - raft.server.notification.no-leader.timeout = 120s (custom)
2019-10-04 00:18:28,526 [pool-413-thread-1] INFO  server.RaftServerConfigKeys (ConfUtils.java:logGet(43)) - raft.server.log.appender.buffer.byte-limit = 33554432 (custom)
2019-10-04 00:18:28,526 [pool-443-thread-1] INFO  server.RaftServerConfigKeys (ConfUtils.java:logGet(43)) - raft.server.log.use.memory = false (default)
2019-10-04 00:18:28,527 [pool-413-thread-1] INFO  server.RaftServerConfigKeys (ConfUtils.java:logGet(43)) - raft.server.log.segment.size.max = 1048576 (custom)
2019-10-04 00:18:28,527 [pool-423-thread-1] INFO  server.RaftServerConfigKeys (ConfUtils.java:logGet(43)) - raft.server.log.use.memory = false (default)
2019-10-04 00:18:28,527 [pool-413-thread-1] INFO  server.RaftServerConfigKeys (ConfUtils.java:logGet(43)) - raft.server.log.segment.cache.num.max = 2 (custom)
2019-10-04 00:18:28,527 [pool-443-thread-1] INFO  server.RaftServerConfigKeys (ConfUtils.java:logGet(43)) - raft.server.log.purge.gap = 1000000 (custom)
2019-10-04 00:18:28,527 [pool-413-thread-1] INFO  segmented.SegmentedRaftLogWorker (SegmentedRaftLogWorker.java:<init>(173)) - new c960eb40-745b-4ab5-a386-2e2ad39ed98c@group-91C0545B2289-SegmentedRaftLogWorker for RaftStorage:Storage Directory /workdir/hadoop-ozone/integration-test/target/test-dir/MiniOzoneClusterImpl-7e584a5f-24ad-4948-84f4-5bd4158e5d25/datanode-3/data/ratis/c5bb04b4-2caa-4ba8-bd2d-91c0545b2289
2019-10-04 00:18:28,527 [pool-423-thread-1] INFO  server.RaftServerConfigKeys (ConfUtils.java:logGet(43)) - raft.server.log.purge.gap = 1000000 (custom)
2019-10-04 00:18:28,528 [pool-413-thread-1] INFO  server.RaftServerConfigKeys (ConfUtils.java:logGet(43)) - raft.server.log.queue.byte-limit = 2147483647 (custom)
2019-10-04 00:18:28,527 [pool-443-thread-1] INFO  server.RaftServerConfigKeys (ConfUtils.java:logGet(43)) - raft.server.log.appender.buffer.byte-limit = 33554432 (custom)
2019-10-04 00:18:28,528 [pool-413-thread-1] INFO  server.RaftServerConfigKeys (ConfUtils.java:logGet(43)) - raft.server.log.queue.element-limit = 1024 (custom)
2019-10-04 00:18:28,528 [pool-423-thread-1] INFO  server.RaftServerConfigKeys (ConfUtils.java:logGet(43)) - raft.server.log.appender.buffer.byte-limit = 33554432 (custom)
2019-10-04 00:18:28,528 [pool-413-thread-1] INFO  server.RaftServerConfigKeys (ConfUtils.java:logGet(43)) - raft.server.log.segment.size.max = 1048576 (custom)
2019-10-04 00:18:28,528 [pool-443-thread-1] INFO  server.RaftServerConfigKeys (ConfUtils.java:logGet(43)) - raft.server.log.segment.size.max = 1048576 (custom)
2019-10-04 00:18:28,528 [pool-413-thread-1] INFO  server.RaftServerConfigKeys (ConfUtils.java:logGet(43)) - raft.server.log.preallocated.size = 16384 (custom)
2019-10-04 00:18:28,528 [pool-423-thread-1] INFO  server.RaftServerConfigKeys (ConfUtils.java:logGet(43)) - raft.server.log.segment.size.max = 1048576 (custom)
2019-10-04 00:18:28,529 [pool-413-thread-1] INFO  server.RaftServerConfigKeys (ConfUtils.java:logGet(43)) - raft.server.log.write.buffer.size = 33554432 (custom)
2019-10-04 00:18:28,529 [pool-443-thread-1] INFO  server.RaftServerConfigKeys (ConfUtils.java:logGet(43)) - raft.server.log.segment.cache.num.max = 2 (custom)
2019-10-04 00:18:28,529 [pool-413-thread-1] INFO  server.RaftServerConfigKeys (ConfUtils.java:logGet(43)) - raft.server.log.force.sync.num = 128 (default)
2019-10-04 00:18:28,529 [pool-413-thread-1] INFO  server.RaftServerConfigKeys (ConfUtils.java:logGet(43)) - raft.server.log.statemachine.data.sync = true (default)
2019-10-04 00:18:28,529 [pool-423-thread-1] INFO  server.RaftServerConfigKeys (ConfUtils.java:logGet(43)) - raft.server.log.segment.cache.num.max = 2 (custom)
2019-10-04 00:18:28,530 [pool-413-thread-1] INFO  server.RaftServerConfigKeys (ConfUtils.java:logGet(43)) - raft.server.log.statemachine.data.sync.timeout = 10s (default)
2019-10-04 00:18:28,529 [pool-443-thread-1] INFO  segmented.SegmentedRaftLogWorker (SegmentedRaftLogWorker.java:<init>(173)) - new b41bfd3a-039d-4642-bfdf-39ff1f969529@group-91C0545B2289-SegmentedRaftLogWorker for RaftStorage:Storage Directory /workdir/hadoop-ozone/integration-test/target/test-dir/MiniOzoneClusterImpl-7e584a5f-24ad-4948-84f4-5bd4158e5d25/datanode-6/data/ratis/c5bb04b4-2caa-4ba8-bd2d-91c0545b2289
2019-10-04 00:18:28,530 [pool-413-thread-1] INFO  server.RaftServerConfigKeys (ConfUtils.java:logGet(43)) - raft.server.log.statemachine.data.sync.timeout.retry = -1 (default)
2019-10-04 00:18:28,530 [pool-423-thread-1] INFO  segmented.SegmentedRaftLogWorker (SegmentedRaftLogWorker.java:<init>(173)) - new 422e72e4-3675-4936-b0f8-18a5b8ef65de@group-91C0545B2289-SegmentedRaftLogWorker for RaftStorage:Storage Directory /workdir/hadoop-ozone/integration-test/target/test-dir/MiniOzoneClusterImpl-7e584a5f-24ad-4948-84f4-5bd4158e5d25/datanode-4/data/ratis/c5bb04b4-2caa-4ba8-bd2d-91c0545b2289
2019-10-04 00:18:28,530 [pool-413-thread-1] INFO  server.RaftServerConfigKeys (ConfUtils.java:logGet(43)) - raft.server.log.statemachine.data.caching.enabled = true (custom)
2019-10-04 00:18:28,530 [pool-443-thread-1] INFO  server.RaftServerConfigKeys (ConfUtils.java:logGet(43)) - raft.server.log.queue.byte-limit = 2147483647 (custom)
2019-10-04 00:18:28,530 [pool-423-thread-1] INFO  server.RaftServerConfigKeys (ConfUtils.java:logGet(43)) - raft.server.log.queue.byte-limit = 2147483647 (custom)
2019-10-04 00:18:28,531 [pool-413-thread-1] INFO  segmented.SegmentedRaftLogWorker (SegmentedRaftLogWorker.java:lambda$new$0(128)) - c960eb40-745b-4ab5-a386-2e2ad39ed98c@group-91C0545B2289-SegmentedRaftLogWorker: flushIndex: setUnconditionally 0 -> -1
2019-10-04 00:18:28,531 [pool-443-thread-1] INFO  server.RaftServerConfigKeys (ConfUtils.java:logGet(43)) - raft.server.log.queue.element-limit = 1024 (custom)
2019-10-04 00:18:28,531 [pool-423-thread-1] INFO  server.RaftServerConfigKeys (ConfUtils.java:logGet(43)) - raft.server.log.queue.element-limit = 1024 (custom)
2019-10-04 00:18:28,531 [pool-413-thread-1] INFO  server.RaftServerConfigKeys (ConfUtils.java:logGet(43)) - raft.server.snapshot.auto.trigger.enabled = true (custom)
2019-10-04 00:18:28,531 [pool-443-thread-1] INFO  server.RaftServerConfigKeys (ConfUtils.java:logGet(43)) - raft.server.log.segment.size.max = 1048576 (custom)
2019-10-04 00:18:28,531 [pool-413-thread-1] INFO  server.RaftServerConfigKeys (ConfUtils.java:logGet(43)) - raft.server.snapshot.auto.trigger.threshold = 10000 (custom)
2019-10-04 00:18:28,531 [pool-413-thread-1] INFO  server.RaftServerConfigKeys (ConfUtils.java:logGet(43)) - raft.server.snapshot.retention.file.num = 5 (custom)
2019-10-04 00:18:28,531 [pool-423-thread-1] INFO  server.RaftServerConfigKeys (ConfUtils.java:logGet(43)) - raft.server.log.segment.size.max = 1048576 (custom)
2019-10-04 00:18:28,532 [pool-413-thread-1] INFO  server.RaftServerConfigKeys (ConfUtils.java:logGet(43)) - raft.server.retrycache.expirytime = 600000ms (custom)
2019-10-04 00:18:28,531 [pool-443-thread-1] INFO  server.RaftServerConfigKeys (ConfUtils.java:logGet(43)) - raft.server.log.preallocated.size = 16384 (custom)
2019-10-04 00:18:28,532 [pool-423-thread-1] INFO  server.RaftServerConfigKeys (ConfUtils.java:logGet(43)) - raft.server.log.preallocated.size = 16384 (custom)
2019-10-04 00:18:28,532 [pool-443-thread-1] INFO  server.RaftServerConfigKeys (ConfUtils.java:logGet(43)) - raft.server.log.write.buffer.size = 33554432 (custom)
2019-10-04 00:18:28,532 [pool-423-thread-1] INFO  server.RaftServerConfigKeys (ConfUtils.java:logGet(43)) - raft.server.log.write.buffer.size = 33554432 (custom)
2019-10-04 00:18:28,532 [pool-443-thread-1] INFO  server.RaftServerConfigKeys (ConfUtils.java:logGet(43)) - raft.server.log.force.sync.num = 128 (default)
2019-10-04 00:18:28,532 [pool-423-thread-1] INFO  server.RaftServerConfigKeys (ConfUtils.java:logGet(43)) - raft.server.log.force.sync.num = 128 (default)
2019-10-04 00:18:28,532 [pool-443-thread-1] INFO  server.RaftServerConfigKeys (ConfUtils.java:logGet(43)) - raft.server.log.statemachine.data.sync = true (default)
2019-10-04 00:18:28,533 [pool-423-thread-1] INFO  server.RaftServerConfigKeys (ConfUtils.java:logGet(43)) - raft.server.log.statemachine.data.sync = true (default)
2019-10-04 00:18:28,533 [pool-443-thread-1] INFO  server.RaftServerConfigKeys (ConfUtils.java:logGet(43)) - raft.server.log.statemachine.data.sync.timeout = 10s (default)
2019-10-04 00:18:28,533 [pool-423-thread-1] INFO  server.RaftServerConfigKeys (ConfUtils.java:logGet(43)) - raft.server.log.statemachine.data.sync.timeout = 10s (default)
2019-10-04 00:18:28,533 [pool-443-thread-1] INFO  server.RaftServerConfigKeys (ConfUtils.java:logGet(43)) - raft.server.log.statemachine.data.sync.timeout.retry = -1 (default)
2019-10-04 00:18:28,533 [pool-423-thread-1] INFO  server.RaftServerConfigKeys (ConfUtils.java:logGet(43)) - raft.server.log.statemachine.data.sync.timeout.retry = -1 (default)
2019-10-04 00:18:28,533 [pool-443-thread-1] INFO  server.RaftServerConfigKeys (ConfUtils.java:logGet(43)) - raft.server.log.statemachine.data.caching.enabled = true (custom)
2019-10-04 00:18:28,533 [pool-413-thread-1] INFO  impl.RaftServerImpl (RaftServerImpl.java:start(181)) - c960eb40-745b-4ab5-a386-2e2ad39ed98c@group-91C0545B2289: start as a follower, conf=-1: [422e72e4-3675-4936-b0f8-18a5b8ef65de:192.168.151.66:39019, c960eb40-745b-4ab5-a386-2e2ad39ed98c:192.168.151.66:34966, b41bfd3a-039d-4642-bfdf-39ff1f969529:192.168.151.66:42207], old=null
2019-10-04 00:18:28,534 [pool-443-thread-1] INFO  segmented.SegmentedRaftLogWorker (SegmentedRaftLogWorker.java:lambda$new$0(128)) - b41bfd3a-039d-4642-bfdf-39ff1f969529@group-91C0545B2289-SegmentedRaftLogWorker: flushIndex: setUnconditionally 0 -> -1
2019-10-04 00:18:28,533 [pool-423-thread-1] INFO  server.RaftServerConfigKeys (ConfUtils.java:logGet(43)) - raft.server.log.statemachine.data.caching.enabled = true (custom)
2019-10-04 00:18:28,534 [pool-443-thread-1] INFO  server.RaftServerConfigKeys (ConfUtils.java:logGet(43)) - raft.server.snapshot.auto.trigger.enabled = true (custom)
2019-10-04 00:18:28,534 [pool-413-thread-1] INFO  impl.RaftServerImpl (RaftServerImpl.java:setRole(170)) - c960eb40-745b-4ab5-a386-2e2ad39ed98c@group-91C0545B2289: changes role from      null to FOLLOWER at term 0 for startAsFollower
2019-10-04 00:18:28,534 [pool-423-thread-1] INFO  segmented.SegmentedRaftLogWorker (SegmentedRaftLogWorker.java:lambda$new$0(128)) - 422e72e4-3675-4936-b0f8-18a5b8ef65de@group-91C0545B2289-SegmentedRaftLogWorker: flushIndex: setUnconditionally 0 -> -1
2019-10-04 00:18:28,534 [pool-443-thread-1] INFO  server.RaftServerConfigKeys (ConfUtils.java:logGet(43)) - raft.server.snapshot.auto.trigger.threshold = 10000 (custom)
2019-10-04 00:18:28,534 [pool-413-thread-1] INFO  impl.RoleInfo (RoleInfo.java:updateAndGet(143)) - c960eb40-745b-4ab5-a386-2e2ad39ed98c: start FollowerState
2019-10-04 00:18:28,534 [pool-423-thread-1] INFO  server.RaftServerConfigKeys (ConfUtils.java:logGet(43)) - raft.server.snapshot.auto.trigger.enabled = true (custom)
2019-10-04 00:18:28,534 [pool-443-thread-1] INFO  server.RaftServerConfigKeys (ConfUtils.java:logGet(43)) - raft.server.snapshot.retention.file.num = 5 (custom)
2019-10-04 00:18:28,535 [pool-413-thread-1] INFO  util.JmxRegister (JmxRegister.java:tryRegister(44)) - Successfully registered JMX Bean with object name Ratis:service=RaftServer,group=group-91C0545B2289,id=c960eb40-745b-4ab5-a386-2e2ad39ed98c
2019-10-04 00:18:28,535 [pool-423-thread-1] INFO  server.RaftServerConfigKeys (ConfUtils.java:logGet(43)) - raft.server.snapshot.auto.trigger.threshold = 10000 (custom)
2019-10-04 00:18:28,535 [pool-443-thread-1] INFO  server.RaftServerConfigKeys (ConfUtils.java:logGet(43)) - raft.server.retrycache.expirytime = 600000ms (custom)
2019-10-04 00:18:28,535 [pool-423-thread-1] INFO  server.RaftServerConfigKeys (ConfUtils.java:logGet(43)) - raft.server.snapshot.retention.file.num = 5 (custom)
2019-10-04 00:18:28,535 [pool-423-thread-1] INFO  server.RaftServerConfigKeys (ConfUtils.java:logGet(43)) - raft.server.retrycache.expirytime = 600000ms (custom)
2019-10-04 00:18:28,538 [pool-443-thread-1] INFO  impl.RaftServerImpl (RaftServerImpl.java:start(181)) - b41bfd3a-039d-4642-bfdf-39ff1f969529@group-91C0545B2289: start as a follower, conf=-1: [422e72e4-3675-4936-b0f8-18a5b8ef65de:192.168.151.66:39019, c960eb40-745b-4ab5-a386-2e2ad39ed98c:192.168.151.66:34966, b41bfd3a-039d-4642-bfdf-39ff1f969529:192.168.151.66:42207], old=null
2019-10-04 00:18:28,538 [pool-443-thread-1] INFO  impl.RaftServerImpl (RaftServerImpl.java:setRole(170)) - b41bfd3a-039d-4642-bfdf-39ff1f969529@group-91C0545B2289: changes role from      null to FOLLOWER at term 0 for startAsFollower
2019-10-04 00:18:28,538 [pool-423-thread-1] INFO  impl.RaftServerImpl (RaftServerImpl.java:start(181)) - 422e72e4-3675-4936-b0f8-18a5b8ef65de@group-91C0545B2289: start as a follower, conf=-1: [422e72e4-3675-4936-b0f8-18a5b8ef65de:192.168.151.66:39019, c960eb40-745b-4ab5-a386-2e2ad39ed98c:192.168.151.66:34966, b41bfd3a-039d-4642-bfdf-39ff1f969529:192.168.151.66:42207], old=null
2019-10-04 00:18:28,538 [pool-443-thread-1] INFO  impl.RoleInfo (RoleInfo.java:updateAndGet(143)) - b41bfd3a-039d-4642-bfdf-39ff1f969529: start FollowerState
2019-10-04 00:18:28,538 [pool-423-thread-1] INFO  impl.RaftServerImpl (RaftServerImpl.java:setRole(170)) - 422e72e4-3675-4936-b0f8-18a5b8ef65de@group-91C0545B2289: changes role from      null to FOLLOWER at term 0 for startAsFollower
2019-10-04 00:18:28,539 [pool-423-thread-1] INFO  impl.RoleInfo (RoleInfo.java:updateAndGet(143)) - 422e72e4-3675-4936-b0f8-18a5b8ef65de: start FollowerState
2019-10-04 00:18:28,539 [pool-443-thread-1] INFO  util.JmxRegister (JmxRegister.java:tryRegister(44)) - Successfully registered JMX Bean with object name Ratis:service=RaftServer,group=group-91C0545B2289,id=b41bfd3a-039d-4642-bfdf-39ff1f969529
2019-10-04 00:18:28,539 [pool-423-thread-1] INFO  util.JmxRegister (JmxRegister.java:tryRegister(44)) - Successfully registered JMX Bean with object name Ratis:service=RaftServer,group=group-91C0545B2289,id=422e72e4-3675-4936-b0f8-18a5b8ef65de
2019-10-04 00:18:28,544 [RatisPipelineUtilsThread] INFO  pipeline.PipelineStateManager (PipelineStateManager.java:addPipeline(56)) - Created pipeline Pipeline[ Id: c5bb04b4-2caa-4ba8-bd2d-91c0545b2289, Nodes: c960eb40-745b-4ab5-a386-2e2ad39ed98c{ip: 192.168.151.66, host: pr-hdds-2181-qkjh9-3495688764, networkLocation: /default-rack, certSerialId: null}b41bfd3a-039d-4642-bfdf-39ff1f969529{ip: 192.168.151.66, host: pr-hdds-2181-qkjh9-3495688764, networkLocation: /default-rack, certSerialId: null}422e72e4-3675-4936-b0f8-18a5b8ef65de{ip: 192.168.151.66, host: pr-hdds-2181-qkjh9-3495688764, networkLocation: /default-rack, certSerialId: null}, Type:RATIS, Factor:THREE, State:OPEN]
2019-10-04 00:18:29,419 [main] INFO  ozone.MiniOzoneClusterImpl (MiniOzoneClusterImpl.java:lambda$waitForClusterToBeReady$0(147)) - Cluster is ready. Got 7 of 7 DN Heartbeats.
2019-10-04 00:18:29,463 [main] INFO  rpc.RpcClient (RpcClient.java:createVolume(277)) - Creating Volume: watchforcommithandlingtest, with jenkins1000 as owner.
2019-10-04 00:18:29,465 [IPC Server handler 2 on 34375] INFO  volume.OMVolumeCreateRequest (OMVolumeCreateRequest.java:validateAndUpdateCache(193)) - created volume:watchforcommithandlingtest for user:jenkins1000
2019-10-04 00:18:29,482 [main] INFO  rpc.RpcClient (RpcClient.java:createBucket(416)) - Creating Bucket: watchforcommithandlingtest/watchforcommithandlingtest, with Versioning false and Storage Type set to DISK and Encryption set to false 
2019-10-04 00:18:29,485 [main] INFO  ozone.MiniOzoneClusterImpl (MiniOzoneClusterImpl.java:getStorageContainerLocationClient(234)) - Creating StorageContainerLocationProtocol RPC client with address /0.0.0.0:37623
2019-10-04 00:18:31,050 [Thread-2382] INFO  container.ReplicationManager (ReplicationManager.java:start(162)) - Starting Replication Monitor Thread.
2019-10-04 00:18:31,054 [ReplicationMonitor] INFO  container.ReplicationManager (ReplicationManager.java:run(225)) - Replication Monitor Thread took 0 milliseconds for processing 1 containers.
2019-10-04 00:18:33,221 [Thread-2384] INFO  impl.FollowerState (FollowerState.java:run(108)) - 69b2e503-b7a0-43ec-84b8-d72fa60ad202@group-F7C4761CF33E-FollowerState: change to CANDIDATE, lastRpcTime:5126ms, electionTimeout:5126ms
2019-10-04 00:18:33,221 [Thread-2384] INFO  impl.RoleInfo (RoleInfo.java:shutdownFollowerState(121)) - 69b2e503-b7a0-43ec-84b8-d72fa60ad202: shutdown FollowerState
2019-10-04 00:18:33,221 [Thread-2384] INFO  impl.RaftServerImpl (RaftServerImpl.java:setRole(170)) - 69b2e503-b7a0-43ec-84b8-d72fa60ad202@group-F7C4761CF33E: changes role from  FOLLOWER to CANDIDATE at term 0 for changeToCandidate
2019-10-04 00:18:33,222 [Thread-2384] INFO  impl.RoleInfo (RoleInfo.java:updateAndGet(143)) - 69b2e503-b7a0-43ec-84b8-d72fa60ad202: start LeaderElection
2019-10-04 00:18:33,250 [Thread-2390] INFO  impl.FollowerState (FollowerState.java:run(108)) - f97f34f7-5daf-4cc8-a9bd-ec57e9b54e23@group-1C42BFF7F72C-FollowerState: change to CANDIDATE, lastRpcTime:5038ms, electionTimeout:5038ms
2019-10-04 00:18:33,250 [Thread-2390] INFO  impl.RoleInfo (RoleInfo.java:shutdownFollowerState(121)) - f97f34f7-5daf-4cc8-a9bd-ec57e9b54e23: shutdown FollowerState
2019-10-04 00:18:33,250 [Thread-2390] INFO  impl.RaftServerImpl (RaftServerImpl.java:setRole(170)) - f97f34f7-5daf-4cc8-a9bd-ec57e9b54e23@group-1C42BFF7F72C: changes role from  FOLLOWER to CANDIDATE at term 0 for changeToCandidate
2019-10-04 00:18:33,250 [Thread-2390] INFO  impl.RoleInfo (RoleInfo.java:updateAndGet(143)) - f97f34f7-5daf-4cc8-a9bd-ec57e9b54e23: start LeaderElection
2019-10-04 00:18:33,271 [Thread-2398] INFO  impl.FollowerState (FollowerState.java:run(108)) - f97f34f7-5daf-4cc8-a9bd-ec57e9b54e23@group-9F04C3005D67-FollowerState: change to CANDIDATE, lastRpcTime:5004ms, electionTimeout:5004ms
2019-10-04 00:18:33,271 [Thread-2398] INFO  impl.RoleInfo (RoleInfo.java:shutdownFollowerState(121)) - f97f34f7-5daf-4cc8-a9bd-ec57e9b54e23: shutdown FollowerState
2019-10-04 00:18:33,271 [Thread-2398] INFO  impl.RaftServerImpl (RaftServerImpl.java:setRole(170)) - f97f34f7-5daf-4cc8-a9bd-ec57e9b54e23@group-9F04C3005D67: changes role from  FOLLOWER to CANDIDATE at term 0 for changeToCandidate
2019-10-04 00:18:33,271 [Thread-2398] INFO  impl.RoleInfo (RoleInfo.java:updateAndGet(143)) - f97f34f7-5daf-4cc8-a9bd-ec57e9b54e23: start LeaderElection
2019-10-04 00:18:33,332 [Thread-2387] INFO  impl.FollowerState (FollowerState.java:run(108)) - 4bacd16f-645d-4afa-84f4-46d8ff377874@group-9A26C730C827-FollowerState: change to CANDIDATE, lastRpcTime:5183ms, electionTimeout:5183ms
2019-10-04 00:18:33,332 [Thread-2387] INFO  impl.RoleInfo (RoleInfo.java:shutdownFollowerState(121)) - 4bacd16f-645d-4afa-84f4-46d8ff377874: shutdown FollowerState
2019-10-04 00:18:33,332 [Thread-2387] INFO  impl.RaftServerImpl (RaftServerImpl.java:setRole(170)) - 4bacd16f-645d-4afa-84f4-46d8ff377874@group-9A26C730C827: changes role from  FOLLOWER to CANDIDATE at term 0 for changeToCandidate
2019-10-04 00:18:33,333 [Thread-2387] INFO  impl.RoleInfo (RoleInfo.java:updateAndGet(143)) - 4bacd16f-645d-4afa-84f4-46d8ff377874: start LeaderElection
2019-10-04 00:18:33,377 [Thread-2393] INFO  impl.FollowerState (FollowerState.java:run(108)) - 69b2e503-b7a0-43ec-84b8-d72fa60ad202@group-9F04C3005D67-FollowerState: change to CANDIDATE, lastRpcTime:5113ms, electionTimeout:5113ms
2019-10-04 00:18:33,377 [Thread-2393] INFO  impl.RoleInfo (RoleInfo.java:shutdownFollowerState(121)) - 69b2e503-b7a0-43ec-84b8-d72fa60ad202: shutdown FollowerState
2019-10-04 00:18:33,377 [Thread-2393] INFO  impl.RaftServerImpl (RaftServerImpl.java:setRole(170)) - 69b2e503-b7a0-43ec-84b8-d72fa60ad202@group-9F04C3005D67: changes role from  FOLLOWER to CANDIDATE at term 0 for changeToCandidate
2019-10-04 00:18:33,377 [Thread-2393] INFO  impl.RoleInfo (RoleInfo.java:updateAndGet(143)) - 69b2e503-b7a0-43ec-84b8-d72fa60ad202: start LeaderElection
2019-10-04 00:18:33,422 [Thread-2396] INFO  impl.FollowerState (FollowerState.java:run(108)) - 4bacd16f-645d-4afa-84f4-46d8ff377874@group-9F04C3005D67-FollowerState: change to CANDIDATE, lastRpcTime:5155ms, electionTimeout:5155ms
2019-10-04 00:18:33,422 [Thread-2396] INFO  impl.RoleInfo (RoleInfo.java:shutdownFollowerState(121)) - 4bacd16f-645d-4afa-84f4-46d8ff377874: shutdown FollowerState
2019-10-04 00:18:33,422 [Thread-2396] INFO  impl.RaftServerImpl (RaftServerImpl.java:setRole(170)) - 4bacd16f-645d-4afa-84f4-46d8ff377874@group-9F04C3005D67: changes role from  FOLLOWER to CANDIDATE at term 0 for changeToCandidate
2019-10-04 00:18:33,422 [Thread-2396] INFO  impl.RoleInfo (RoleInfo.java:updateAndGet(143)) - 4bacd16f-645d-4afa-84f4-46d8ff377874: start LeaderElection
2019-10-04 00:18:33,444 [69b2e503-b7a0-43ec-84b8-d72fa60ad202@group-F7C4761CF33E-LeaderElection66] INFO  impl.LeaderElection (LeaderElection.java:askForVotes(178)) - 69b2e503-b7a0-43ec-84b8-d72fa60ad202@group-F7C4761CF33E-LeaderElection66: begin an election at term 1 for -1: [69b2e503-b7a0-43ec-84b8-d72fa60ad202:192.168.151.66:43523], old=null
2019-10-04 00:18:33,444 [f97f34f7-5daf-4cc8-a9bd-ec57e9b54e23@group-9F04C3005D67-LeaderElection68] INFO  impl.LeaderElection (LeaderElection.java:askForVotes(178)) - f97f34f7-5daf-4cc8-a9bd-ec57e9b54e23@group-9F04C3005D67-LeaderElection68: begin an election at term 1 for -1: [f97f34f7-5daf-4cc8-a9bd-ec57e9b54e23:192.168.151.66:44709, 69b2e503-b7a0-43ec-84b8-d72fa60ad202:192.168.151.66:43523, 4bacd16f-645d-4afa-84f4-46d8ff377874:192.168.151.66:43297], old=null
2019-10-04 00:18:33,444 [69b2e503-b7a0-43ec-84b8-d72fa60ad202@group-F7C4761CF33E-LeaderElection66] INFO  impl.RoleInfo (RoleInfo.java:shutdownLeaderElection(134)) - 69b2e503-b7a0-43ec-84b8-d72fa60ad202: shutdown LeaderElection
2019-10-04 00:18:33,444 [4bacd16f-645d-4afa-84f4-46d8ff377874@group-9F04C3005D67-LeaderElection71] INFO  impl.LeaderElection (LeaderElection.java:askForVotes(178)) - 4bacd16f-645d-4afa-84f4-46d8ff377874@group-9F04C3005D67-LeaderElection71: begin an election at term 1 for -1: [f97f34f7-5daf-4cc8-a9bd-ec57e9b54e23:192.168.151.66:44709, 69b2e503-b7a0-43ec-84b8-d72fa60ad202:192.168.151.66:43523, 4bacd16f-645d-4afa-84f4-46d8ff377874:192.168.151.66:43297], old=null
2019-10-04 00:18:33,444 [f97f34f7-5daf-4cc8-a9bd-ec57e9b54e23@group-1C42BFF7F72C-LeaderElection67] INFO  impl.LeaderElection (LeaderElection.java:askForVotes(178)) - f97f34f7-5daf-4cc8-a9bd-ec57e9b54e23@group-1C42BFF7F72C-LeaderElection67: begin an election at term 1 for -1: [f97f34f7-5daf-4cc8-a9bd-ec57e9b54e23:192.168.151.66:44709], old=null
2019-10-04 00:18:33,444 [69b2e503-b7a0-43ec-84b8-d72fa60ad202@group-9F04C3005D67-LeaderElection70] INFO  impl.LeaderElection (LeaderElection.java:askForVotes(178)) - 69b2e503-b7a0-43ec-84b8-d72fa60ad202@group-9F04C3005D67-LeaderElection70: begin an election at term 1 for -1: [f97f34f7-5daf-4cc8-a9bd-ec57e9b54e23:192.168.151.66:44709, 69b2e503-b7a0-43ec-84b8-d72fa60ad202:192.168.151.66:43523, 4bacd16f-645d-4afa-84f4-46d8ff377874:192.168.151.66:43297], old=null
2019-10-04 00:18:33,444 [4bacd16f-645d-4afa-84f4-46d8ff377874@group-9A26C730C827-LeaderElection69] INFO  impl.LeaderElection (LeaderElection.java:askForVotes(178)) - 4bacd16f-645d-4afa-84f4-46d8ff377874@group-9A26C730C827-LeaderElection69: begin an election at term 1 for -1: [4bacd16f-645d-4afa-84f4-46d8ff377874:192.168.151.66:43297], old=null
2019-10-04 00:18:33,445 [f97f34f7-5daf-4cc8-a9bd-ec57e9b54e23@group-1C42BFF7F72C-LeaderElection67] INFO  impl.RoleInfo (RoleInfo.java:shutdownLeaderElection(134)) - f97f34f7-5daf-4cc8-a9bd-ec57e9b54e23: shutdown LeaderElection
2019-10-04 00:18:33,445 [69b2e503-b7a0-43ec-84b8-d72fa60ad202@group-F7C4761CF33E-LeaderElection66] INFO  impl.RaftServerImpl (RaftServerImpl.java:setRole(170)) - 69b2e503-b7a0-43ec-84b8-d72fa60ad202@group-F7C4761CF33E: changes role from CANDIDATE to LEADER at term 1 for changeToLeader
2019-10-04 00:18:33,445 [f97f34f7-5daf-4cc8-a9bd-ec57e9b54e23@group-1C42BFF7F72C-LeaderElection67] INFO  impl.RaftServerImpl (RaftServerImpl.java:setRole(170)) - f97f34f7-5daf-4cc8-a9bd-ec57e9b54e23@group-1C42BFF7F72C: changes role from CANDIDATE to LEADER at term 1 for changeToLeader
2019-10-04 00:18:33,445 [4bacd16f-645d-4afa-84f4-46d8ff377874@group-9A26C730C827-LeaderElection69] INFO  impl.RoleInfo (RoleInfo.java:shutdownLeaderElection(134)) - 4bacd16f-645d-4afa-84f4-46d8ff377874: shutdown LeaderElection
2019-10-04 00:18:33,445 [f97f34f7-5daf-4cc8-a9bd-ec57e9b54e23@group-1C42BFF7F72C-LeaderElection67] INFO  impl.RaftServerImpl (ServerState.java:setLeader(255)) - f97f34f7-5daf-4cc8-a9bd-ec57e9b54e23@group-1C42BFF7F72C: change Leader from null to f97f34f7-5daf-4cc8-a9bd-ec57e9b54e23 at term 1 for becomeLeader, leader elected after 5237ms
2019-10-04 00:18:33,445 [69b2e503-b7a0-43ec-84b8-d72fa60ad202@group-F7C4761CF33E-LeaderElection66] INFO  impl.RaftServerImpl (ServerState.java:setLeader(255)) - 69b2e503-b7a0-43ec-84b8-d72fa60ad202@group-F7C4761CF33E: change Leader from null to 69b2e503-b7a0-43ec-84b8-d72fa60ad202 at term 1 for becomeLeader, leader elected after 5355ms
2019-10-04 00:18:33,446 [f97f34f7-5daf-4cc8-a9bd-ec57e9b54e23@group-1C42BFF7F72C-LeaderElection67] INFO  server.RaftServerConfigKeys (ConfUtils.java:logGet(43)) - raft.server.staging.catchup.gap = 1000 (default)
2019-10-04 00:18:33,446 [4bacd16f-645d-4afa-84f4-46d8ff377874@group-9A26C730C827-LeaderElection69] INFO  impl.RaftServerImpl (RaftServerImpl.java:setRole(170)) - 4bacd16f-645d-4afa-84f4-46d8ff377874@group-9A26C730C827: changes role from CANDIDATE to LEADER at term 1 for changeToLeader
2019-10-04 00:18:33,446 [f97f34f7-5daf-4cc8-a9bd-ec57e9b54e23@group-1C42BFF7F72C-LeaderElection67] INFO  server.RaftServerConfigKeys (ConfUtils.java:logGet(43)) - raft.server.rpc.sleep.time = 25ms (default)
2019-10-04 00:18:33,446 [69b2e503-b7a0-43ec-84b8-d72fa60ad202@group-F7C4761CF33E-LeaderElection66] INFO  server.RaftServerConfigKeys (ConfUtils.java:logGet(43)) - raft.server.staging.catchup.gap = 1000 (default)
2019-10-04 00:18:33,446 [69b2e503-b7a0-43ec-84b8-d72fa60ad202@group-F7C4761CF33E-LeaderElection66] INFO  server.RaftServerConfigKeys (ConfUtils.java:logGet(43)) - raft.server.rpc.sleep.time = 25ms (default)
2019-10-04 00:18:33,446 [4bacd16f-645d-4afa-84f4-46d8ff377874@group-9A26C730C827-LeaderElection69] INFO  impl.RaftServerImpl (ServerState.java:setLeader(255)) - 4bacd16f-645d-4afa-84f4-46d8ff377874@group-9A26C730C827: change Leader from null to 4bacd16f-645d-4afa-84f4-46d8ff377874 at term 1 for becomeLeader, leader elected after 5303ms
2019-10-04 00:18:33,446 [69b2e503-b7a0-43ec-84b8-d72fa60ad202@group-F7C4761CF33E-LeaderElection66] INFO  server.RaftServerConfigKeys (ConfUtils.java:logGet(43)) - raft.server.write.element-limit = 4096 (default)
2019-10-04 00:18:33,447 [69b2e503-b7a0-43ec-84b8-d72fa60ad202@group-F7C4761CF33E-LeaderElection66] INFO  server.RaftServerConfigKeys (ConfUtils.java:logGet(43)) - raft.server.watch.timeout = 10s (default)
2019-10-04 00:18:33,447 [69b2e503-b7a0-43ec-84b8-d72fa60ad202@group-F7C4761CF33E-LeaderElection66] INFO  server.RaftServerConfigKeys (ConfUtils.java:logGet(43)) - raft.server.watch.timeout.denomination = 1s (default)
2019-10-04 00:18:33,446 [f97f34f7-5daf-4cc8-a9bd-ec57e9b54e23@group-1C42BFF7F72C-LeaderElection67] INFO  server.RaftServerConfigKeys (ConfUtils.java:logGet(43)) - raft.server.write.element-limit = 4096 (default)
2019-10-04 00:18:33,447 [69b2e503-b7a0-43ec-84b8-d72fa60ad202@group-F7C4761CF33E-LeaderElection66] INFO  server.RaftServerConfigKeys (ConfUtils.java:logGet(43)) - raft.server.watch.element-limit = 65536 (default)
2019-10-04 00:18:33,447 [4bacd16f-645d-4afa-84f4-46d8ff377874@group-9A26C730C827-LeaderElection69] INFO  server.RaftServerConfigKeys (ConfUtils.java:logGet(43)) - raft.server.staging.catchup.gap = 1000 (default)
2019-10-04 00:18:33,447 [f97f34f7-5daf-4cc8-a9bd-ec57e9b54e23@group-1C42BFF7F72C-LeaderElection67] INFO  server.RaftServerConfigKeys (ConfUtils.java:logGet(43)) - raft.server.watch.timeout = 10s (default)
2019-10-04 00:18:33,447 [4bacd16f-645d-4afa-84f4-46d8ff377874@group-9A26C730C827-LeaderElection69] INFO  server.RaftServerConfigKeys (ConfUtils.java:logGet(43)) - raft.server.rpc.sleep.time = 25ms (default)
2019-10-04 00:18:33,447 [f97f34f7-5daf-4cc8-a9bd-ec57e9b54e23@group-1C42BFF7F72C-LeaderElection67] INFO  server.RaftServerConfigKeys (ConfUtils.java:logGet(43)) - raft.server.watch.timeout.denomination = 1s (default)
2019-10-04 00:18:33,447 [4bacd16f-645d-4afa-84f4-46d8ff377874@group-9A26C730C827-LeaderElection69] INFO  server.RaftServerConfigKeys (ConfUtils.java:logGet(43)) - raft.server.write.element-limit = 4096 (default)
2019-10-04 00:18:33,447 [f97f34f7-5daf-4cc8-a9bd-ec57e9b54e23@group-1C42BFF7F72C-LeaderElection67] INFO  server.RaftServerConfigKeys (ConfUtils.java:logGet(43)) - raft.server.watch.element-limit = 65536 (default)
2019-10-04 00:18:33,448 [4bacd16f-645d-4afa-84f4-46d8ff377874@group-9A26C730C827-LeaderElection69] INFO  server.RaftServerConfigKeys (ConfUtils.java:logGet(43)) - raft.server.watch.timeout = 10s (default)
2019-10-04 00:18:33,448 [4bacd16f-645d-4afa-84f4-46d8ff377874@group-9A26C730C827-LeaderElection69] INFO  server.RaftServerConfigKeys (ConfUtils.java:logGet(43)) - raft.server.watch.timeout.denomination = 1s (default)
2019-10-04 00:18:33,448 [4bacd16f-645d-4afa-84f4-46d8ff377874@group-9A26C730C827-LeaderElection69] INFO  server.RaftServerConfigKeys (ConfUtils.java:logGet(43)) - raft.server.watch.element-limit = 65536 (default)
2019-10-04 00:18:33,451 [69b2e503-b7a0-43ec-84b8-d72fa60ad202@group-F7C4761CF33E-LeaderElection66] INFO  impl.RoleInfo (RoleInfo.java:updateAndGet(143)) - 69b2e503-b7a0-43ec-84b8-d72fa60ad202: start LeaderState
2019-10-04 00:18:33,451 [f97f34f7-5daf-4cc8-a9bd-ec57e9b54e23@group-9F04C3005D67-LeaderElection68] INFO  impl.LeaderElection (LeaderElection.java:logAndReturn(56)) - f97f34f7-5daf-4cc8-a9bd-ec57e9b54e23@group-9F04C3005D67-LeaderElection68: Election REJECTED; received 2 response(s) [f97f34f7-5daf-4cc8-a9bd-ec57e9b54e23<-69b2e503-b7a0-43ec-84b8-d72fa60ad202#0:FAIL-t1, f97f34f7-5daf-4cc8-a9bd-ec57e9b54e23<-4bacd16f-645d-4afa-84f4-46d8ff377874#0:FAIL-t1] and 0 exception(s); f97f34f7-5daf-4cc8-a9bd-ec57e9b54e23@group-9F04C3005D67:t1, leader=null, voted=f97f34f7-5daf-4cc8-a9bd-ec57e9b54e23, raftlog=f97f34f7-5daf-4cc8-a9bd-ec57e9b54e23@group-9F04C3005D67-SegmentedRaftLog:OPENED:c-1,f-1,i0, conf=-1: [f97f34f7-5daf-4cc8-a9bd-ec57e9b54e23:192.168.151.66:44709, 69b2e503-b7a0-43ec-84b8-d72fa60ad202:192.168.151.66:43523, 4bacd16f-645d-4afa-84f4-46d8ff377874:192.168.151.66:43297], old=null
2019-10-04 00:18:33,451 [69b2e503-b7a0-43ec-84b8-d72fa60ad202@group-F7C4761CF33E-LeaderElection66] INFO  segmented.SegmentedRaftLogWorker (SegmentedRaftLogWorker.java:startLogSegment(385)) - 69b2e503-b7a0-43ec-84b8-d72fa60ad202@group-F7C4761CF33E-SegmentedRaftLogWorker: Starting segment from index:0
2019-10-04 00:18:33,452 [f97f34f7-5daf-4cc8-a9bd-ec57e9b54e23@group-1C42BFF7F72C-LeaderElection67] INFO  impl.RoleInfo (RoleInfo.java:updateAndGet(143)) - f97f34f7-5daf-4cc8-a9bd-ec57e9b54e23: start LeaderState
2019-10-04 00:18:33,452 [4bacd16f-645d-4afa-84f4-46d8ff377874@group-9F04C3005D67-LeaderElection71] INFO  impl.LeaderElection (LeaderElection.java:logAndReturn(56)) - 4bacd16f-645d-4afa-84f4-46d8ff377874@group-9F04C3005D67-LeaderElection71: Election REJECTED; received 2 response(s) [4bacd16f-645d-4afa-84f4-46d8ff377874<-f97f34f7-5daf-4cc8-a9bd-ec57e9b54e23#0:FAIL-t1, 4bacd16f-645d-4afa-84f4-46d8ff377874<-69b2e503-b7a0-43ec-84b8-d72fa60ad202#0:FAIL-t1] and 0 exception(s); 4bacd16f-645d-4afa-84f4-46d8ff377874@group-9F04C3005D67:t1, leader=null, voted=4bacd16f-645d-4afa-84f4-46d8ff377874, raftlog=4bacd16f-645d-4afa-84f4-46d8ff377874@group-9F04C3005D67-SegmentedRaftLog:OPENED:c-1,f-1,i0, conf=-1: [f97f34f7-5daf-4cc8-a9bd-ec57e9b54e23:192.168.151.66:44709, 69b2e503-b7a0-43ec-84b8-d72fa60ad202:192.168.151.66:43523, 4bacd16f-645d-4afa-84f4-46d8ff377874:192.168.151.66:43297], old=null
2019-10-04 00:18:33,451 [f97f34f7-5daf-4cc8-a9bd-ec57e9b54e23@group-9F04C3005D67-LeaderElection68] INFO  impl.RaftServerImpl (RaftServerImpl.java:setRole(170)) - f97f34f7-5daf-4cc8-a9bd-ec57e9b54e23@group-9F04C3005D67: changes role from CANDIDATE to FOLLOWER at term 1 for DISCOVERED_A_NEW_TERM
2019-10-04 00:18:33,455 [4bacd16f-645d-4afa-84f4-46d8ff377874@group-9F04C3005D67-LeaderElection71] INFO  impl.RaftServerImpl (RaftServerImpl.java:setRole(170)) - 4bacd16f-645d-4afa-84f4-46d8ff377874@group-9F04C3005D67: changes role from CANDIDATE to FOLLOWER at term 1 for DISCOVERED_A_NEW_TERM
2019-10-04 00:18:33,455 [f97f34f7-5daf-4cc8-a9bd-ec57e9b54e23@group-1C42BFF7F72C-LeaderElection67] INFO  segmented.SegmentedRaftLogWorker (SegmentedRaftLogWorker.java:startLogSegment(385)) - f97f34f7-5daf-4cc8-a9bd-ec57e9b54e23@group-1C42BFF7F72C-SegmentedRaftLogWorker: Starting segment from index:0
2019-10-04 00:18:33,455 [69b2e503-b7a0-43ec-84b8-d72fa60ad202@group-F7C4761CF33E-LeaderElection66] INFO  impl.RaftServerImpl (ServerState.java:setRaftConf(356)) - 69b2e503-b7a0-43ec-84b8-d72fa60ad202@group-F7C4761CF33E: set configuration 0: [69b2e503-b7a0-43ec-84b8-d72fa60ad202:192.168.151.66:43523], old=null at 0
2019-10-04 00:18:33,452 [4bacd16f-645d-4afa-84f4-46d8ff377874@group-9A26C730C827-LeaderElection69] INFO  impl.RoleInfo (RoleInfo.java:updateAndGet(143)) - 4bacd16f-645d-4afa-84f4-46d8ff377874: start LeaderState
2019-10-04 00:18:33,482 [4bacd16f-645d-4afa-84f4-46d8ff377874@group-9F04C3005D67-LeaderElection71] INFO  impl.RoleInfo (RoleInfo.java:shutdownLeaderElection(134)) - 4bacd16f-645d-4afa-84f4-46d8ff377874: shutdown LeaderElection
2019-10-04 00:18:33,455 [f97f34f7-5daf-4cc8-a9bd-ec57e9b54e23@group-9F04C3005D67-LeaderElection68] INFO  impl.RoleInfo (RoleInfo.java:shutdownLeaderElection(134)) - f97f34f7-5daf-4cc8-a9bd-ec57e9b54e23: shutdown LeaderElection
2019-10-04 00:18:33,483 [4bacd16f-645d-4afa-84f4-46d8ff377874@group-9F04C3005D67-LeaderElection71] INFO  impl.RoleInfo (RoleInfo.java:updateAndGet(143)) - 4bacd16f-645d-4afa-84f4-46d8ff377874: start FollowerState
2019-10-04 00:18:33,483 [f97f34f7-5daf-4cc8-a9bd-ec57e9b54e23@group-1C42BFF7F72C-LeaderElection67] INFO  impl.RaftServerImpl (ServerState.java:setRaftConf(356)) - f97f34f7-5daf-4cc8-a9bd-ec57e9b54e23@group-1C42BFF7F72C: set configuration 0: [f97f34f7-5daf-4cc8-a9bd-ec57e9b54e23:192.168.151.66:44709], old=null at 0
2019-10-04 00:18:33,483 [4bacd16f-645d-4afa-84f4-46d8ff377874@group-9A26C730C827-LeaderElection69] INFO  segmented.SegmentedRaftLogWorker (SegmentedRaftLogWorker.java:startLogSegment(385)) - 4bacd16f-645d-4afa-84f4-46d8ff377874@group-9A26C730C827-SegmentedRaftLogWorker: Starting segment from index:0
2019-10-04 00:18:33,483 [f97f34f7-5daf-4cc8-a9bd-ec57e9b54e23@group-9F04C3005D67-LeaderElection68] INFO  impl.RoleInfo (RoleInfo.java:updateAndGet(143)) - f97f34f7-5daf-4cc8-a9bd-ec57e9b54e23: start FollowerState
2019-10-04 00:18:33,484 [4bacd16f-645d-4afa-84f4-46d8ff377874@group-9A26C730C827-LeaderElection69] INFO  impl.RaftServerImpl (ServerState.java:setRaftConf(356)) - 4bacd16f-645d-4afa-84f4-46d8ff377874@group-9A26C730C827: set configuration 0: [4bacd16f-645d-4afa-84f4-46d8ff377874:192.168.151.66:43297], old=null at 0
2019-10-04 00:18:33,484 [69b2e503-b7a0-43ec-84b8-d72fa60ad202@group-9F04C3005D67-LeaderElection70] INFO  impl.LeaderElection (LeaderElection.java:logAndReturn(56)) - 69b2e503-b7a0-43ec-84b8-d72fa60ad202@group-9F04C3005D67-LeaderElection70: Election REJECTED; received 2 response(s) [69b2e503-b7a0-43ec-84b8-d72fa60ad202<-f97f34f7-5daf-4cc8-a9bd-ec57e9b54e23#0:FAIL-t1, 69b2e503-b7a0-43ec-84b8-d72fa60ad202<-4bacd16f-645d-4afa-84f4-46d8ff377874#0:FAIL-t1] and 0 exception(s); 69b2e503-b7a0-43ec-84b8-d72fa60ad202@group-9F04C3005D67:t1, leader=null, voted=69b2e503-b7a0-43ec-84b8-d72fa60ad202, raftlog=69b2e503-b7a0-43ec-84b8-d72fa60ad202@group-9F04C3005D67-SegmentedRaftLog:OPENED:c-1,f-1,i0, conf=-1: [f97f34f7-5daf-4cc8-a9bd-ec57e9b54e23:192.168.151.66:44709, 69b2e503-b7a0-43ec-84b8-d72fa60ad202:192.168.151.66:43523, 4bacd16f-645d-4afa-84f4-46d8ff377874:192.168.151.66:43297], old=null
2019-10-04 00:18:33,484 [69b2e503-b7a0-43ec-84b8-d72fa60ad202@group-9F04C3005D67-LeaderElection70] INFO  impl.RaftServerImpl (RaftServerImpl.java:setRole(170)) - 69b2e503-b7a0-43ec-84b8-d72fa60ad202@group-9F04C3005D67: changes role from CANDIDATE to FOLLOWER at term 1 for DISCOVERED_A_NEW_TERM
2019-10-04 00:18:33,485 [69b2e503-b7a0-43ec-84b8-d72fa60ad202@group-9F04C3005D67-LeaderElection70] INFO  impl.RoleInfo (RoleInfo.java:shutdownLeaderElection(134)) - 69b2e503-b7a0-43ec-84b8-d72fa60ad202: shutdown LeaderElection
2019-10-04 00:18:33,485 [69b2e503-b7a0-43ec-84b8-d72fa60ad202@group-9F04C3005D67-LeaderElection70] INFO  impl.RoleInfo (RoleInfo.java:updateAndGet(143)) - 69b2e503-b7a0-43ec-84b8-d72fa60ad202: start FollowerState
2019-10-04 00:18:33,491 [69b2e503-b7a0-43ec-84b8-d72fa60ad202@group-F7C4761CF33E-SegmentedRaftLogWorker] INFO  segmented.SegmentedRaftLogWorker (SegmentedRaftLogWorker.java:execute(574)) - 69b2e503-b7a0-43ec-84b8-d72fa60ad202@group-F7C4761CF33E-SegmentedRaftLogWorker: created new log segment /workdir/hadoop-ozone/integration-test/target/test-dir/MiniOzoneClusterImpl-7e584a5f-24ad-4948-84f4-5bd4158e5d25/datanode-0/data/ratis/8176230f-208b-440c-9ec5-f7c4761cf33e/current/log_inprogress_0
2019-10-04 00:18:33,524 [Thread-2402] INFO  impl.FollowerState (FollowerState.java:run(108)) - c960eb40-745b-4ab5-a386-2e2ad39ed98c@group-06F248878775-FollowerState: change to CANDIDATE, lastRpcTime:5185ms, electionTimeout:5152ms
2019-10-04 00:18:33,525 [Thread-2402] INFO  impl.RoleInfo (RoleInfo.java:shutdownFollowerState(121)) - c960eb40-745b-4ab5-a386-2e2ad39ed98c: shutdown FollowerState
2019-10-04 00:18:33,525 [Thread-2402] INFO  impl.RaftServerImpl (RaftServerImpl.java:setRole(170)) - c960eb40-745b-4ab5-a386-2e2ad39ed98c@group-06F248878775: changes role from  FOLLOWER to CANDIDATE at term 0 for changeToCandidate
2019-10-04 00:18:33,525 [Thread-2402] INFO  impl.RoleInfo (RoleInfo.java:updateAndGet(143)) - c960eb40-745b-4ab5-a386-2e2ad39ed98c: start LeaderElection
2019-10-04 00:18:33,532 [f97f34f7-5daf-4cc8-a9bd-ec57e9b54e23@group-1C42BFF7F72C-SegmentedRaftLogWorker] INFO  segmented.SegmentedRaftLogWorker (SegmentedRaftLogWorker.java:execute(574)) - f97f34f7-5daf-4cc8-a9bd-ec57e9b54e23@group-1C42BFF7F72C-SegmentedRaftLogWorker: created new log segment /workdir/hadoop-ozone/integration-test/target/test-dir/MiniOzoneClusterImpl-7e584a5f-24ad-4948-84f4-5bd4158e5d25/datanode-2/data/ratis/deb7066a-961b-4b7f-8bed-1c42bff7f72c/current/log_inprogress_0
2019-10-04 00:18:33,532 [4bacd16f-645d-4afa-84f4-46d8ff377874@group-9A26C730C827-SegmentedRaftLogWorker] INFO  segmented.SegmentedRaftLogWorker (SegmentedRaftLogWorker.java:execute(574)) - 4bacd16f-645d-4afa-84f4-46d8ff377874@group-9A26C730C827-SegmentedRaftLogWorker: created new log segment /workdir/hadoop-ozone/integration-test/target/test-dir/MiniOzoneClusterImpl-7e584a5f-24ad-4948-84f4-5bd4158e5d25/datanode-1/data/ratis/43e8250c-c029-40f6-a575-9a26c730c827/current/log_inprogress_0
2019-10-04 00:18:33,535 [c960eb40-745b-4ab5-a386-2e2ad39ed98c@group-06F248878775-LeaderElection72] INFO  impl.LeaderElection (LeaderElection.java:askForVotes(178)) - c960eb40-745b-4ab5-a386-2e2ad39ed98c@group-06F248878775-LeaderElection72: begin an election at term 1 for -1: [c960eb40-745b-4ab5-a386-2e2ad39ed98c:192.168.151.66:34966], old=null
2019-10-04 00:18:33,535 [c960eb40-745b-4ab5-a386-2e2ad39ed98c@group-06F248878775-LeaderElection72] INFO  impl.RoleInfo (RoleInfo.java:shutdownLeaderElection(134)) - c960eb40-745b-4ab5-a386-2e2ad39ed98c: shutdown LeaderElection
2019-10-04 00:18:33,535 [c960eb40-745b-4ab5-a386-2e2ad39ed98c@group-06F248878775-LeaderElection72] INFO  impl.RaftServerImpl (RaftServerImpl.java:setRole(170)) - c960eb40-745b-4ab5-a386-2e2ad39ed98c@group-06F248878775: changes role from CANDIDATE to LEADER at term 1 for changeToLeader
2019-10-04 00:18:33,535 [c960eb40-745b-4ab5-a386-2e2ad39ed98c@group-06F248878775-LeaderElection72] INFO  impl.RaftServerImpl (ServerState.java:setLeader(255)) - c960eb40-745b-4ab5-a386-2e2ad39ed98c@group-06F248878775: change Leader from null to c960eb40-745b-4ab5-a386-2e2ad39ed98c at term 1 for becomeLeader, leader elected after 5200ms
2019-10-04 00:18:33,535 [c960eb40-745b-4ab5-a386-2e2ad39ed98c@group-06F248878775-LeaderElection72] INFO  server.RaftServerConfigKeys (ConfUtils.java:logGet(43)) - raft.server.staging.catchup.gap = 1000 (default)
2019-10-04 00:18:33,536 [c960eb40-745b-4ab5-a386-2e2ad39ed98c@group-06F248878775-LeaderElection72] INFO  server.RaftServerConfigKeys (ConfUtils.java:logGet(43)) - raft.server.rpc.sleep.time = 25ms (default)
2019-10-04 00:18:33,536 [c960eb40-745b-4ab5-a386-2e2ad39ed98c@group-06F248878775-LeaderElection72] INFO  server.RaftServerConfigKeys (ConfUtils.java:logGet(43)) - raft.server.write.element-limit = 4096 (default)
2019-10-04 00:18:33,536 [c960eb40-745b-4ab5-a386-2e2ad39ed98c@group-06F248878775-LeaderElection72] INFO  server.RaftServerConfigKeys (ConfUtils.java:logGet(43)) - raft.server.watch.timeout = 10s (default)
2019-10-04 00:18:33,536 [c960eb40-745b-4ab5-a386-2e2ad39ed98c@group-06F248878775-LeaderElection72] INFO  server.RaftServerConfigKeys (ConfUtils.java:logGet(43)) - raft.server.watch.timeout.denomination = 1s (default)
2019-10-04 00:18:33,536 [c960eb40-745b-4ab5-a386-2e2ad39ed98c@group-06F248878775-LeaderElection72] INFO  server.RaftServerConfigKeys (ConfUtils.java:logGet(43)) - raft.server.watch.element-limit = 65536 (default)
2019-10-04 00:18:33,538 [c960eb40-745b-4ab5-a386-2e2ad39ed98c@group-06F248878775-LeaderElection72] INFO  impl.RoleInfo (RoleInfo.java:updateAndGet(143)) - c960eb40-745b-4ab5-a386-2e2ad39ed98c: start LeaderState
2019-10-04 00:18:33,538 [c960eb40-745b-4ab5-a386-2e2ad39ed98c@group-06F248878775-LeaderElection72] INFO  segmented.SegmentedRaftLogWorker (SegmentedRaftLogWorker.java:startLogSegment(385)) - c960eb40-745b-4ab5-a386-2e2ad39ed98c@group-06F248878775-SegmentedRaftLogWorker: Starting segment from index:0
2019-10-04 00:18:33,538 [c960eb40-745b-4ab5-a386-2e2ad39ed98c@group-06F248878775-LeaderElection72] INFO  impl.RaftServerImpl (ServerState.java:setRaftConf(356)) - c960eb40-745b-4ab5-a386-2e2ad39ed98c@group-06F248878775: set configuration 0: [c960eb40-745b-4ab5-a386-2e2ad39ed98c:192.168.151.66:34966], old=null at 0
2019-10-04 00:18:33,548 [Thread-2419] INFO  impl.FollowerState (FollowerState.java:run(108)) - 422e72e4-3675-4936-b0f8-18a5b8ef65de@group-91C0545B2289-FollowerState: change to CANDIDATE, lastRpcTime:5009ms, electionTimeout:5009ms
2019-10-04 00:18:33,549 [Thread-2419] INFO  impl.RoleInfo (RoleInfo.java:shutdownFollowerState(121)) - 422e72e4-3675-4936-b0f8-18a5b8ef65de: shutdown FollowerState
2019-10-04 00:18:33,549 [Thread-2419] INFO  impl.RaftServerImpl (RaftServerImpl.java:setRole(170)) - 422e72e4-3675-4936-b0f8-18a5b8ef65de@group-91C0545B2289: changes role from  FOLLOWER to CANDIDATE at term 0 for changeToCandidate
2019-10-04 00:18:33,549 [Thread-2419] INFO  impl.RoleInfo (RoleInfo.java:updateAndGet(143)) - 422e72e4-3675-4936-b0f8-18a5b8ef65de: start LeaderElection
2019-10-04 00:18:33,571 [Thread-2414] INFO  impl.FollowerState (FollowerState.java:run(108)) - c960eb40-745b-4ab5-a386-2e2ad39ed98c@group-91C0545B2289-FollowerState: change to CANDIDATE, lastRpcTime:5037ms, electionTimeout:5018ms
2019-10-04 00:18:33,572 [Thread-2414] INFO  impl.RoleInfo (RoleInfo.java:shutdownFollowerState(121)) - c960eb40-745b-4ab5-a386-2e2ad39ed98c: shutdown FollowerState
2019-10-04 00:18:33,575 [Thread-2405] INFO  impl.FollowerState (FollowerState.java:run(108)) - 422e72e4-3675-4936-b0f8-18a5b8ef65de@group-A92B7D865EE8-FollowerState: change to CANDIDATE, lastRpcTime:5197ms, electionTimeout:5196ms
2019-10-04 00:18:33,575 [Thread-2414] INFO  impl.RaftServerImpl (RaftServerImpl.java:setRole(170)) - c960eb40-745b-4ab5-a386-2e2ad39ed98c@group-91C0545B2289: changes role from  FOLLOWER to CANDIDATE at term 0 for changeToCandidate
2019-10-04 00:18:33,576 [Thread-2405] INFO  impl.RoleInfo (RoleInfo.java:shutdownFollowerState(121)) - 422e72e4-3675-4936-b0f8-18a5b8ef65de: shutdown FollowerState
2019-10-04 00:18:33,576 [Thread-2405] INFO  impl.RaftServerImpl (RaftServerImpl.java:setRole(170)) - 422e72e4-3675-4936-b0f8-18a5b8ef65de@group-A92B7D865EE8: changes role from  FOLLOWER to CANDIDATE at term 0 for changeToCandidate
2019-10-04 00:18:33,576 [Thread-2414] INFO  impl.RoleInfo (RoleInfo.java:updateAndGet(143)) - c960eb40-745b-4ab5-a386-2e2ad39ed98c: start LeaderElection
2019-10-04 00:18:33,576 [Thread-2405] INFO  impl.RoleInfo (RoleInfo.java:updateAndGet(143)) - 422e72e4-3675-4936-b0f8-18a5b8ef65de: start LeaderElection
2019-10-04 00:18:33,587 [c960eb40-745b-4ab5-a386-2e2ad39ed98c@group-06F248878775-SegmentedRaftLogWorker] INFO  segmented.SegmentedRaftLogWorker (SegmentedRaftLogWorker.java:execute(574)) - c960eb40-745b-4ab5-a386-2e2ad39ed98c@group-06F248878775-SegmentedRaftLogWorker: created new log segment /workdir/hadoop-ozone/integration-test/target/test-dir/MiniOzoneClusterImpl-7e584a5f-24ad-4948-84f4-5bd4158e5d25/datanode-3/data/ratis/e0a08549-ec98-41ff-90c8-06f248878775/current/log_inprogress_0
2019-10-04 00:18:33,589 [422e72e4-3675-4936-b0f8-18a5b8ef65de@group-91C0545B2289-LeaderElection73] INFO  impl.LeaderElection (LeaderElection.java:askForVotes(178)) - 422e72e4-3675-4936-b0f8-18a5b8ef65de@group-91C0545B2289-LeaderElection73: begin an election at term 1 for -1: [422e72e4-3675-4936-b0f8-18a5b8ef65de:192.168.151.66:39019, c960eb40-745b-4ab5-a386-2e2ad39ed98c:192.168.151.66:34966, b41bfd3a-039d-4642-bfdf-39ff1f969529:192.168.151.66:42207], old=null
2019-10-04 00:18:33,589 [Thread-2408] INFO  impl.FollowerState (FollowerState.java:run(108)) - f38a0b7c-59b6-419c-be01-3d00b5e4d222@group-19B45E0019D0-FollowerState: change to CANDIDATE, lastRpcTime:5161ms, electionTimeout:5158ms
2019-10-04 00:18:33,589 [Thread-2408] INFO  impl.RoleInfo (RoleInfo.java:shutdownFollowerState(121)) - f38a0b7c-59b6-419c-be01-3d00b5e4d222: shutdown FollowerState
2019-10-04 00:18:33,589 [Thread-2408] INFO  impl.RaftServerImpl (RaftServerImpl.java:setRole(170)) - f38a0b7c-59b6-419c-be01-3d00b5e4d222@group-19B45E0019D0: changes role from  FOLLOWER to CANDIDATE at term 0 for changeToCandidate
2019-10-04 00:18:33,589 [Thread-2408] INFO  impl.RoleInfo (RoleInfo.java:updateAndGet(143)) - f38a0b7c-59b6-419c-be01-3d00b5e4d222: start LeaderElection
2019-10-04 00:18:33,596 [422e72e4-3675-4936-b0f8-18a5b8ef65de@group-A92B7D865EE8-LeaderElection75] INFO  impl.LeaderElection (LeaderElection.java:askForVotes(178)) - 422e72e4-3675-4936-b0f8-18a5b8ef65de@group-A92B7D865EE8-LeaderElection75: begin an election at term 1 for -1: [422e72e4-3675-4936-b0f8-18a5b8ef65de:192.168.151.66:39019], old=null
2019-10-04 00:18:33,596 [c960eb40-745b-4ab5-a386-2e2ad39ed98c@group-91C0545B2289-LeaderElection74] INFO  impl.LeaderElection (LeaderElection.java:askForVotes(178)) - c960eb40-745b-4ab5-a386-2e2ad39ed98c@group-91C0545B2289-LeaderElection74: begin an election at term 1 for -1: [422e72e4-3675-4936-b0f8-18a5b8ef65de:192.168.151.66:39019, c960eb40-745b-4ab5-a386-2e2ad39ed98c:192.168.151.66:34966, b41bfd3a-039d-4642-bfdf-39ff1f969529:192.168.151.66:42207], old=null
2019-10-04 00:18:33,596 [422e72e4-3675-4936-b0f8-18a5b8ef65de@group-A92B7D865EE8-LeaderElection75] INFO  impl.RoleInfo (RoleInfo.java:shutdownLeaderElection(134)) - 422e72e4-3675-4936-b0f8-18a5b8ef65de: shutdown LeaderElection
2019-10-04 00:18:33,596 [422e72e4-3675-4936-b0f8-18a5b8ef65de@group-A92B7D865EE8-LeaderElection75] INFO  impl.RaftServerImpl (RaftServerImpl.java:setRole(170)) - 422e72e4-3675-4936-b0f8-18a5b8ef65de@group-A92B7D865EE8: changes role from CANDIDATE to LEADER at term 1 for changeToLeader
2019-10-04 00:18:33,596 [422e72e4-3675-4936-b0f8-18a5b8ef65de@group-A92B7D865EE8-LeaderElection75] INFO  impl.RaftServerImpl (ServerState.java:setLeader(255)) - 422e72e4-3675-4936-b0f8-18a5b8ef65de@group-A92B7D865EE8: change Leader from null to 422e72e4-3675-4936-b0f8-18a5b8ef65de at term 1 for becomeLeader, leader elected after 5223ms
2019-10-04 00:18:33,596 [422e72e4-3675-4936-b0f8-18a5b8ef65de@group-A92B7D865EE8-LeaderElection75] INFO  server.RaftServerConfigKeys (ConfUtils.java:logGet(43)) - raft.server.staging.catchup.gap = 1000 (default)
2019-10-04 00:18:33,596 [422e72e4-3675-4936-b0f8-18a5b8ef65de@group-A92B7D865EE8-LeaderElection75] INFO  server.RaftServerConfigKeys (ConfUtils.java:logGet(43)) - raft.server.rpc.sleep.time = 25ms (default)
2019-10-04 00:18:33,597 [422e72e4-3675-4936-b0f8-18a5b8ef65de@group-A92B7D865EE8-LeaderElection75] INFO  server.RaftServerConfigKeys (ConfUtils.java:logGet(43)) - raft.server.write.element-limit = 4096 (default)
2019-10-04 00:18:33,597 [422e72e4-3675-4936-b0f8-18a5b8ef65de@group-A92B7D865EE8-LeaderElection75] INFO  server.RaftServerConfigKeys (ConfUtils.java:logGet(43)) - raft.server.watch.timeout = 10s (default)
2019-10-04 00:18:33,597 [422e72e4-3675-4936-b0f8-18a5b8ef65de@group-A92B7D865EE8-LeaderElection75] INFO  server.RaftServerConfigKeys (ConfUtils.java:logGet(43)) - raft.server.watch.timeout.denomination = 1s (default)
2019-10-04 00:18:33,597 [422e72e4-3675-4936-b0f8-18a5b8ef65de@group-A92B7D865EE8-LeaderElection75] INFO  server.RaftServerConfigKeys (ConfUtils.java:logGet(43)) - raft.server.watch.element-limit = 65536 (default)
2019-10-04 00:18:33,600 [f38a0b7c-59b6-419c-be01-3d00b5e4d222@group-19B45E0019D0-LeaderElection76] INFO  impl.LeaderElection (LeaderElection.java:askForVotes(178)) - f38a0b7c-59b6-419c-be01-3d00b5e4d222@group-19B45E0019D0-LeaderElection76: begin an election at term 1 for -1: [f38a0b7c-59b6-419c-be01-3d00b5e4d222:192.168.151.66:42674], old=null
2019-10-04 00:18:33,600 [f38a0b7c-59b6-419c-be01-3d00b5e4d222@group-19B45E0019D0-LeaderElection76] INFO  impl.RoleInfo (RoleInfo.java:shutdownLeaderElection(134)) - f38a0b7c-59b6-419c-be01-3d00b5e4d222: shutdown LeaderElection
2019-10-04 00:18:33,600 [422e72e4-3675-4936-b0f8-18a5b8ef65de@group-A92B7D865EE8-LeaderElection75] INFO  impl.RoleInfo (RoleInfo.java:updateAndGet(143)) - 422e72e4-3675-4936-b0f8-18a5b8ef65de: start LeaderState
2019-10-04 00:18:33,600 [f38a0b7c-59b6-419c-be01-3d00b5e4d222@group-19B45E0019D0-LeaderElection76] INFO  impl.RaftServerImpl (RaftServerImpl.java:setRole(170)) - f38a0b7c-59b6-419c-be01-3d00b5e4d222@group-19B45E0019D0: changes role from CANDIDATE to LEADER at term 1 for changeToLeader
2019-10-04 00:18:33,600 [422e72e4-3675-4936-b0f8-18a5b8ef65de@group-A92B7D865EE8-LeaderElection75] INFO  segmented.SegmentedRaftLogWorker (SegmentedRaftLogWorker.java:startLogSegment(385)) - 422e72e4-3675-4936-b0f8-18a5b8ef65de@group-A92B7D865EE8-SegmentedRaftLogWorker: Starting segment from index:0
2019-10-04 00:18:33,602 [grpc-default-executor-6] INFO  impl.RaftServerImpl (RaftServerImpl.java:setRole(170)) - b41bfd3a-039d-4642-bfdf-39ff1f969529@group-91C0545B2289: changes role from  FOLLOWER to FOLLOWER at term 1 for recognizeCandidate:422e72e4-3675-4936-b0f8-18a5b8ef65de
2019-10-04 00:18:33,603 [f38a0b7c-59b6-419c-be01-3d00b5e4d222@group-19B45E0019D0-LeaderElection76] INFO  impl.RaftServerImpl (ServerState.java:setLeader(255)) - f38a0b7c-59b6-419c-be01-3d00b5e4d222@group-19B45E0019D0: change Leader from null to f38a0b7c-59b6-419c-be01-3d00b5e4d222 at term 1 for becomeLeader, leader elected after 5183ms
2019-10-04 00:18:33,603 [422e72e4-3675-4936-b0f8-18a5b8ef65de@group-A92B7D865EE8-LeaderElection75] INFO  impl.RaftServerImpl (ServerState.java:setRaftConf(356)) - 422e72e4-3675-4936-b0f8-18a5b8ef65de@group-A92B7D865EE8: set configuration 0: [422e72e4-3675-4936-b0f8-18a5b8ef65de:192.168.151.66:39019], old=null at 0
2019-10-04 00:18:33,603 [grpc-default-executor-6] INFO  impl.RoleInfo (RoleInfo.java:shutdownFollowerState(121)) - b41bfd3a-039d-4642-bfdf-39ff1f969529: shutdown FollowerState
2019-10-04 00:18:33,603 [f38a0b7c-59b6-419c-be01-3d00b5e4d222@group-19B45E0019D0-LeaderElection76] INFO  server.RaftServerConfigKeys (ConfUtils.java:logGet(43)) - raft.server.staging.catchup.gap = 1000 (default)
2019-10-04 00:18:33,603 [grpc-default-executor-6] INFO  impl.RoleInfo (RoleInfo.java:updateAndGet(143)) - b41bfd3a-039d-4642-bfdf-39ff1f969529: start FollowerState
2019-10-04 00:18:33,604 [Thread-2418] INFO  impl.FollowerState (FollowerState.java:run(117)) - b41bfd3a-039d-4642-bfdf-39ff1f969529@group-91C0545B2289-FollowerState was interrupted: java.lang.InterruptedException: sleep interrupted
2019-10-04 00:18:33,604 [f38a0b7c-59b6-419c-be01-3d00b5e4d222@group-19B45E0019D0-LeaderElection76] INFO  server.RaftServerConfigKeys (ConfUtils.java:logGet(43)) - raft.server.rpc.sleep.time = 25ms (default)
2019-10-04 00:18:33,630 [Thread-2411] INFO  impl.FollowerState (FollowerState.java:run(108)) - b41bfd3a-039d-4642-bfdf-39ff1f969529@group-F8E954CD8DCE-FollowerState: change to CANDIDATE, lastRpcTime:5157ms, electionTimeout:5153ms
2019-10-04 00:18:33,633 [f38a0b7c-59b6-419c-be01-3d00b5e4d222@group-19B45E0019D0-LeaderElection76] INFO  server.RaftServerConfigKeys (ConfUtils.java:logGet(43)) - raft.server.write.element-limit = 4096 (default)
2019-10-04 00:18:33,633 [Thread-2411] INFO  impl.RoleInfo (RoleInfo.java:shutdownFollowerState(121)) - b41bfd3a-039d-4642-bfdf-39ff1f969529: shutdown FollowerState
2019-10-04 00:18:33,633 [f38a0b7c-59b6-419c-be01-3d00b5e4d222@group-19B45E0019D0-LeaderElection76] INFO  server.RaftServerConfigKeys (ConfUtils.java:logGet(43)) - raft.server.watch.timeout = 10s (default)
2019-10-04 00:18:33,633 [Thread-2411] INFO  impl.RaftServerImpl (RaftServerImpl.java:setRole(170)) - b41bfd3a-039d-4642-bfdf-39ff1f969529@group-F8E954CD8DCE: changes role from  FOLLOWER to CANDIDATE at term 0 for changeToCandidate
2019-10-04 00:18:33,633 [f38a0b7c-59b6-419c-be01-3d00b5e4d222@group-19B45E0019D0-LeaderElection76] INFO  server.RaftServerConfigKeys (ConfUtils.java:logGet(43)) - raft.server.watch.timeout.denomination = 1s (default)
2019-10-04 00:18:33,633 [Thread-2411] INFO  impl.RoleInfo (RoleInfo.java:updateAndGet(143)) - b41bfd3a-039d-4642-bfdf-39ff1f969529: start LeaderElection
2019-10-04 00:18:33,633 [f38a0b7c-59b6-419c-be01-3d00b5e4d222@group-19B45E0019D0-LeaderElection76] INFO  server.RaftServerConfigKeys (ConfUtils.java:logGet(43)) - raft.server.watch.element-limit = 65536 (default)
2019-10-04 00:18:33,637 [422e72e4-3675-4936-b0f8-18a5b8ef65de@group-A92B7D865EE8-SegmentedRaftLogWorker] INFO  segmented.SegmentedRaftLogWorker (SegmentedRaftLogWorker.java:execute(574)) - 422e72e4-3675-4936-b0f8-18a5b8ef65de@group-A92B7D865EE8-SegmentedRaftLogWorker: created new log segment /workdir/hadoop-ozone/integration-test/target/test-dir/MiniOzoneClusterImpl-7e584a5f-24ad-4948-84f4-5bd4158e5d25/datanode-4/data/ratis/3d1f75ec-b50f-46b3-8376-a92b7d865ee8/current/log_inprogress_0
2019-10-04 00:18:33,640 [c960eb40-745b-4ab5-a386-2e2ad39ed98c@group-91C0545B2289-LeaderElection74] INFO  impl.LeaderElection (LeaderElection.java:logAndReturn(56)) - c960eb40-745b-4ab5-a386-2e2ad39ed98c@group-91C0545B2289-LeaderElection74: Election REJECTED; received 2 response(s) [c960eb40-745b-4ab5-a386-2e2ad39ed98c<-422e72e4-3675-4936-b0f8-18a5b8ef65de#0:FAIL-t1, c960eb40-745b-4ab5-a386-2e2ad39ed98c<-b41bfd3a-039d-4642-bfdf-39ff1f969529#0:FAIL-t1] and 0 exception(s); c960eb40-745b-4ab5-a386-2e2ad39ed98c@group-91C0545B2289:t1, leader=null, voted=c960eb40-745b-4ab5-a386-2e2ad39ed98c, raftlog=c960eb40-745b-4ab5-a386-2e2ad39ed98c@group-91C0545B2289-SegmentedRaftLog:OPENED:c-1,f-1,i0, conf=-1: [422e72e4-3675-4936-b0f8-18a5b8ef65de:192.168.151.66:39019, c960eb40-745b-4ab5-a386-2e2ad39ed98c:192.168.151.66:34966, b41bfd3a-039d-4642-bfdf-39ff1f969529:192.168.151.66:42207], old=null
2019-10-04 00:18:33,640 [c960eb40-745b-4ab5-a386-2e2ad39ed98c@group-91C0545B2289-LeaderElection74] INFO  impl.RaftServerImpl (RaftServerImpl.java:setRole(170)) - c960eb40-745b-4ab5-a386-2e2ad39ed98c@group-91C0545B2289: changes role from CANDIDATE to FOLLOWER at term 1 for DISCOVERED_A_NEW_TERM
2019-10-04 00:18:33,640 [422e72e4-3675-4936-b0f8-18a5b8ef65de@group-91C0545B2289-LeaderElection73] INFO  impl.LeaderElection (LeaderElection.java:logAndReturn(56)) - 422e72e4-3675-4936-b0f8-18a5b8ef65de@group-91C0545B2289-LeaderElection73: Election PASSED; received 2 response(s) [422e72e4-3675-4936-b0f8-18a5b8ef65de<-c960eb40-745b-4ab5-a386-2e2ad39ed98c#0:FAIL-t1, 422e72e4-3675-4936-b0f8-18a5b8ef65de<-b41bfd3a-039d-4642-bfdf-39ff1f969529#0:OK-t1] and 0 exception(s); 422e72e4-3675-4936-b0f8-18a5b8ef65de@group-91C0545B2289:t1, leader=null, voted=422e72e4-3675-4936-b0f8-18a5b8ef65de, raftlog=422e72e4-3675-4936-b0f8-18a5b8ef65de@group-91C0545B2289-SegmentedRaftLog:OPENED:c-1,f-1,i0, conf=-1: [422e72e4-3675-4936-b0f8-18a5b8ef65de:192.168.151.66:39019, c960eb40-745b-4ab5-a386-2e2ad39ed98c:192.168.151.66:34966, b41bfd3a-039d-4642-bfdf-39ff1f969529:192.168.151.66:42207], old=null
2019-10-04 00:18:33,641 [c960eb40-745b-4ab5-a386-2e2ad39ed98c@group-91C0545B2289-LeaderElection74] INFO  impl.RoleInfo (RoleInfo.java:shutdownLeaderElection(134)) - c960eb40-745b-4ab5-a386-2e2ad39ed98c: shutdown LeaderElection
2019-10-04 00:18:33,643 [f38a0b7c-59b6-419c-be01-3d00b5e4d222@group-19B45E0019D0-LeaderElection76] INFO  impl.RoleInfo (RoleInfo.java:updateAndGet(143)) - f38a0b7c-59b6-419c-be01-3d00b5e4d222: start LeaderState
2019-10-04 00:18:33,643 [422e72e4-3675-4936-b0f8-18a5b8ef65de@group-91C0545B2289-LeaderElection73] INFO  impl.RoleInfo (RoleInfo.java:shutdownLeaderElection(134)) - 422e72e4-3675-4936-b0f8-18a5b8ef65de: shutdown LeaderElection
2019-10-04 00:18:33,645 [c960eb40-745b-4ab5-a386-2e2ad39ed98c@group-91C0545B2289-LeaderElection74] INFO  impl.RoleInfo (RoleInfo.java:updateAndGet(143)) - c960eb40-745b-4ab5-a386-2e2ad39ed98c: start FollowerState
2019-10-04 00:18:33,645 [f38a0b7c-59b6-419c-be01-3d00b5e4d222@group-19B45E0019D0-LeaderElection76] INFO  segmented.SegmentedRaftLogWorker (SegmentedRaftLogWorker.java:startLogSegment(385)) - f38a0b7c-59b6-419c-be01-3d00b5e4d222@group-19B45E0019D0-SegmentedRaftLogWorker: Starting segment from index:0
2019-10-04 00:18:33,645 [422e72e4-3675-4936-b0f8-18a5b8ef65de@group-91C0545B2289-LeaderElection73] INFO  impl.RaftServerImpl (RaftServerImpl.java:setRole(170)) - 422e72e4-3675-4936-b0f8-18a5b8ef65de@group-91C0545B2289: changes role from CANDIDATE to LEADER at term 1 for changeToLeader
2019-10-04 00:18:33,645 [422e72e4-3675-4936-b0f8-18a5b8ef65de@group-91C0545B2289-LeaderElection73] INFO  impl.RaftServerImpl (ServerState.java:setLeader(255)) - 422e72e4-3675-4936-b0f8-18a5b8ef65de@group-91C0545B2289: change Leader from null to 422e72e4-3675-4936-b0f8-18a5b8ef65de at term 1 for becomeLeader, leader elected after 5119ms
2019-10-04 00:18:33,646 [f38a0b7c-59b6-419c-be01-3d00b5e4d222@group-19B45E0019D0-LeaderElection76] INFO  impl.RaftServerImpl (ServerState.java:setRaftConf(356)) - f38a0b7c-59b6-419c-be01-3d00b5e4d222@group-19B45E0019D0: set configuration 0: [f38a0b7c-59b6-419c-be01-3d00b5e4d222:192.168.151.66:42674], old=null at 0
2019-10-04 00:18:33,646 [422e72e4-3675-4936-b0f8-18a5b8ef65de@group-91C0545B2289-LeaderElection73] INFO  server.RaftServerConfigKeys (ConfUtils.java:logGet(43)) - raft.server.staging.catchup.gap = 1000 (default)
2019-10-04 00:18:33,646 [422e72e4-3675-4936-b0f8-18a5b8ef65de@group-91C0545B2289-LeaderElection73] INFO  server.RaftServerConfigKeys (ConfUtils.java:logGet(43)) - raft.server.rpc.sleep.time = 25ms (default)
2019-10-04 00:18:33,646 [422e72e4-3675-4936-b0f8-18a5b8ef65de@group-91C0545B2289-LeaderElection73] INFO  server.RaftServerConfigKeys (ConfUtils.java:logGet(43)) - raft.server.write.element-limit = 4096 (default)
2019-10-04 00:18:33,646 [422e72e4-3675-4936-b0f8-18a5b8ef65de@group-91C0545B2289-LeaderElection73] INFO  server.RaftServerConfigKeys (ConfUtils.java:logGet(43)) - raft.server.watch.timeout = 10s (default)
2019-10-04 00:18:33,646 [422e72e4-3675-4936-b0f8-18a5b8ef65de@group-91C0545B2289-LeaderElection73] INFO  server.RaftServerConfigKeys (ConfUtils.java:logGet(43)) - raft.server.watch.timeout.denomination = 1s (default)
2019-10-04 00:18:33,647 [422e72e4-3675-4936-b0f8-18a5b8ef65de@group-91C0545B2289-LeaderElection73] INFO  server.RaftServerConfigKeys (ConfUtils.java:logGet(43)) - raft.server.watch.element-limit = 65536 (default)
2019-10-04 00:18:33,648 [422e72e4-3675-4936-b0f8-18a5b8ef65de@group-91C0545B2289-LeaderElection73] INFO  server.RaftServerConfigKeys (ConfUtils.java:logGet(43)) - raft.server.log.appender.snapshot.chunk.size.max = 16MB (=16777216) (default)
2019-10-04 00:18:33,649 [422e72e4-3675-4936-b0f8-18a5b8ef65de@group-91C0545B2289-LeaderElection73] INFO  server.RaftServerConfigKeys (ConfUtils.java:logGet(43)) - raft.server.log.appender.buffer.byte-limit = 33554432 (custom)
2019-10-04 00:18:33,649 [422e72e4-3675-4936-b0f8-18a5b8ef65de@group-91C0545B2289-LeaderElection73] INFO  server.RaftServerConfigKeys (ConfUtils.java:logGet(43)) - raft.server.log.appender.buffer.element-limit = 1 (custom)
2019-10-04 00:18:33,649 [422e72e4-3675-4936-b0f8-18a5b8ef65de@group-91C0545B2289-LeaderElection73] INFO  grpc.GrpcConfigKeys$Server (ConfUtils.java:logGet(43)) - raft.grpc.server.leader.outstanding.appends.max = 128 (default)
2019-10-04 00:18:33,649 [422e72e4-3675-4936-b0f8-18a5b8ef65de@group-91C0545B2289-LeaderElection73] INFO  server.RaftServerConfigKeys (ConfUtils.java:logGet(43)) - raft.server.rpc.request.timeout = 3000ms (default)
2019-10-04 00:18:33,649 [422e72e4-3675-4936-b0f8-18a5b8ef65de@group-91C0545B2289-LeaderElection73] INFO  server.RaftServerConfigKeys (ConfUtils.java:logGet(43)) - raft.server.log.appender.install.snapshot.enabled = false (custom)
2019-10-04 00:18:33,649 [422e72e4-3675-4936-b0f8-18a5b8ef65de@group-91C0545B2289-LeaderElection73] INFO  server.RaftServerConfigKeys (ConfUtils.java:logGet(43)) - raft.server.log.appender.snapshot.chunk.size.max = 16MB (=16777216) (default)
2019-10-04 00:18:33,650 [422e72e4-3675-4936-b0f8-18a5b8ef65de@group-91C0545B2289-LeaderElection73] INFO  server.RaftServerConfigKeys (ConfUtils.java:logGet(43)) - raft.server.log.appender.buffer.byte-limit = 33554432 (custom)
2019-10-04 00:18:33,650 [422e72e4-3675-4936-b0f8-18a5b8ef65de@group-91C0545B2289-LeaderElection73] INFO  server.RaftServerConfigKeys (ConfUtils.java:logGet(43)) - raft.server.log.appender.buffer.element-limit = 1 (custom)
2019-10-04 00:18:33,650 [422e72e4-3675-4936-b0f8-18a5b8ef65de@group-91C0545B2289-LeaderElection73] INFO  grpc.GrpcConfigKeys$Server (ConfUtils.java:logGet(43)) - raft.grpc.server.leader.outstanding.appends.max = 128 (default)
2019-10-04 00:18:33,650 [422e72e4-3675-4936-b0f8-18a5b8ef65de@group-91C0545B2289-LeaderElection73] INFO  server.RaftServerConfigKeys (ConfUtils.java:logGet(43)) - raft.server.rpc.request.timeout = 3000ms (default)
2019-10-04 00:18:33,650 [422e72e4-3675-4936-b0f8-18a5b8ef65de@group-91C0545B2289-LeaderElection73] INFO  server.RaftServerConfigKeys (ConfUtils.java:logGet(43)) - raft.server.log.appender.install.snapshot.enabled = false (custom)
2019-10-04 00:18:33,650 [422e72e4-3675-4936-b0f8-18a5b8ef65de@group-91C0545B2289-LeaderElection73] INFO  impl.RoleInfo (RoleInfo.java:updateAndGet(143)) - 422e72e4-3675-4936-b0f8-18a5b8ef65de: start LeaderState
2019-10-04 00:18:33,651 [422e72e4-3675-4936-b0f8-18a5b8ef65de@group-91C0545B2289-LeaderElection73] INFO  segmented.SegmentedRaftLogWorker (SegmentedRaftLogWorker.java:startLogSegment(385)) - 422e72e4-3675-4936-b0f8-18a5b8ef65de@group-91C0545B2289-SegmentedRaftLogWorker: Starting segment from index:0
2019-10-04 00:18:33,651 [422e72e4-3675-4936-b0f8-18a5b8ef65de@group-91C0545B2289-LeaderElection73] INFO  impl.RaftServerImpl (ServerState.java:setRaftConf(356)) - 422e72e4-3675-4936-b0f8-18a5b8ef65de@group-91C0545B2289: set configuration 0: [422e72e4-3675-4936-b0f8-18a5b8ef65de:192.168.151.66:39019, c960eb40-745b-4ab5-a386-2e2ad39ed98c:192.168.151.66:34966, b41bfd3a-039d-4642-bfdf-39ff1f969529:192.168.151.66:42207], old=null at 0
2019-10-04 00:18:33,653 [grpc-default-executor-4] INFO  impl.RaftServerImpl (ServerState.java:setLeader(255)) - c960eb40-745b-4ab5-a386-2e2ad39ed98c@group-91C0545B2289: change Leader from null to 422e72e4-3675-4936-b0f8-18a5b8ef65de at term 1 for appendEntries, leader elected after 5127ms
2019-10-04 00:18:33,653 [grpc-default-executor-6] INFO  impl.RaftServerImpl (ServerState.java:setLeader(255)) - b41bfd3a-039d-4642-bfdf-39ff1f969529@group-91C0545B2289: change Leader from null to 422e72e4-3675-4936-b0f8-18a5b8ef65de at term 1 for appendEntries, leader elected after 5127ms
2019-10-04 00:18:33,655 [grpc-default-executor-4] INFO  impl.RaftServerImpl (ServerState.java:setRaftConf(356)) - c960eb40-745b-4ab5-a386-2e2ad39ed98c@group-91C0545B2289: set configuration 0: [422e72e4-3675-4936-b0f8-18a5b8ef65de:192.168.151.66:39019, c960eb40-745b-4ab5-a386-2e2ad39ed98c:192.168.151.66:34966, b41bfd3a-039d-4642-bfdf-39ff1f969529:192.168.151.66:42207], old=null at 0
2019-10-04 00:18:33,655 [grpc-default-executor-6] INFO  impl.RaftServerImpl (ServerState.java:setRaftConf(356)) - b41bfd3a-039d-4642-bfdf-39ff1f969529@group-91C0545B2289: set configuration 0: [422e72e4-3675-4936-b0f8-18a5b8ef65de:192.168.151.66:39019, c960eb40-745b-4ab5-a386-2e2ad39ed98c:192.168.151.66:34966, b41bfd3a-039d-4642-bfdf-39ff1f969529:192.168.151.66:42207], old=null at 0
2019-10-04 00:18:33,655 [grpc-default-executor-4] INFO  segmented.SegmentedRaftLogWorker (SegmentedRaftLogWorker.java:startLogSegment(385)) - c960eb40-745b-4ab5-a386-2e2ad39ed98c@group-91C0545B2289-SegmentedRaftLogWorker: Starting segment from index:0
2019-10-04 00:18:33,655 [grpc-default-executor-6] INFO  segmented.SegmentedRaftLogWorker (SegmentedRaftLogWorker.java:startLogSegment(385)) - b41bfd3a-039d-4642-bfdf-39ff1f969529@group-91C0545B2289-SegmentedRaftLogWorker: Starting segment from index:0
2019-10-04 00:18:33,657 [b41bfd3a-039d-4642-bfdf-39ff1f969529@group-F8E954CD8DCE-LeaderElection77] INFO  impl.LeaderElection (LeaderElection.java:askForVotes(178)) - b41bfd3a-039d-4642-bfdf-39ff1f969529@group-F8E954CD8DCE-LeaderElection77: begin an election at term 1 for -1: [b41bfd3a-039d-4642-bfdf-39ff1f969529:192.168.151.66:42207], old=null
2019-10-04 00:18:33,657 [b41bfd3a-039d-4642-bfdf-39ff1f969529@group-F8E954CD8DCE-LeaderElection77] INFO  impl.RoleInfo (RoleInfo.java:shutdownLeaderElection(134)) - b41bfd3a-039d-4642-bfdf-39ff1f969529: shutdown LeaderElection
2019-10-04 00:18:33,657 [b41bfd3a-039d-4642-bfdf-39ff1f969529@group-F8E954CD8DCE-LeaderElection77] INFO  impl.RaftServerImpl (RaftServerImpl.java:setRole(170)) - b41bfd3a-039d-4642-bfdf-39ff1f969529@group-F8E954CD8DCE: changes role from CANDIDATE to LEADER at term 1 for changeToLeader
2019-10-04 00:18:33,657 [b41bfd3a-039d-4642-bfdf-39ff1f969529@group-F8E954CD8DCE-LeaderElection77] INFO  impl.RaftServerImpl (ServerState.java:setLeader(255)) - b41bfd3a-039d-4642-bfdf-39ff1f969529@group-F8E954CD8DCE: change Leader from null to b41bfd3a-039d-4642-bfdf-39ff1f969529 at term 1 for becomeLeader, leader elected after 5189ms
2019-10-04 00:18:33,657 [b41bfd3a-039d-4642-bfdf-39ff1f969529@group-F8E954CD8DCE-LeaderElection77] INFO  server.RaftServerConfigKeys (ConfUtils.java:logGet(43)) - raft.server.staging.catchup.gap = 1000 (default)
2019-10-04 00:18:33,657 [b41bfd3a-039d-4642-bfdf-39ff1f969529@group-F8E954CD8DCE-LeaderElection77] INFO  server.RaftServerConfigKeys (ConfUtils.java:logGet(43)) - raft.server.rpc.sleep.time = 25ms (default)
2019-10-04 00:18:33,657 [b41bfd3a-039d-4642-bfdf-39ff1f969529@group-F8E954CD8DCE-LeaderElection77] INFO  server.RaftServerConfigKeys (ConfUtils.java:logGet(43)) - raft.server.write.element-limit = 4096 (default)
2019-10-04 00:18:33,658 [b41bfd3a-039d-4642-bfdf-39ff1f969529@group-F8E954CD8DCE-LeaderElection77] INFO  server.RaftServerConfigKeys (ConfUtils.java:logGet(43)) - raft.server.watch.timeout = 10s (default)
2019-10-04 00:18:33,658 [b41bfd3a-039d-4642-bfdf-39ff1f969529@group-F8E954CD8DCE-LeaderElection77] INFO  server.RaftServerConfigKeys (ConfUtils.java:logGet(43)) - raft.server.watch.timeout.denomination = 1s (default)
2019-10-04 00:18:33,658 [b41bfd3a-039d-4642-bfdf-39ff1f969529@group-F8E954CD8DCE-LeaderElection77] INFO  server.RaftServerConfigKeys (ConfUtils.java:logGet(43)) - raft.server.watch.element-limit = 65536 (default)
2019-10-04 00:18:33,659 [b41bfd3a-039d-4642-bfdf-39ff1f969529@group-F8E954CD8DCE-LeaderElection77] INFO  impl.RoleInfo (RoleInfo.java:updateAndGet(143)) - b41bfd3a-039d-4642-bfdf-39ff1f969529: start LeaderState
2019-10-04 00:18:33,659 [b41bfd3a-039d-4642-bfdf-39ff1f969529@group-F8E954CD8DCE-LeaderElection77] INFO  segmented.SegmentedRaftLogWorker (SegmentedRaftLogWorker.java:startLogSegment(385)) - b41bfd3a-039d-4642-bfdf-39ff1f969529@group-F8E954CD8DCE-SegmentedRaftLogWorker: Starting segment from index:0
2019-10-04 00:18:33,660 [b41bfd3a-039d-4642-bfdf-39ff1f969529@group-F8E954CD8DCE-LeaderElection77] INFO  impl.RaftServerImpl (ServerState.java:setRaftConf(356)) - b41bfd3a-039d-4642-bfdf-39ff1f969529@group-F8E954CD8DCE: set configuration 0: [b41bfd3a-039d-4642-bfdf-39ff1f969529:192.168.151.66:42207], old=null at 0
2019-10-04 00:18:33,686 [c960eb40-745b-4ab5-a386-2e2ad39ed98c@group-91C0545B2289-SegmentedRaftLogWorker] INFO  segmented.SegmentedRaftLogWorker (SegmentedRaftLogWorker.java:execute(574)) - c960eb40-745b-4ab5-a386-2e2ad39ed98c@group-91C0545B2289-SegmentedRaftLogWorker: created new log segment /workdir/hadoop-ozone/integration-test/target/test-dir/MiniOzoneClusterImpl-7e584a5f-24ad-4948-84f4-5bd4158e5d25/datanode-3/data/ratis/c5bb04b4-2caa-4ba8-bd2d-91c0545b2289/current/log_inprogress_0
2019-10-04 00:18:33,686 [f38a0b7c-59b6-419c-be01-3d00b5e4d222@group-19B45E0019D0-SegmentedRaftLogWorker] INFO  segmented.SegmentedRaftLogWorker (SegmentedRaftLogWorker.java:execute(574)) - f38a0b7c-59b6-419c-be01-3d00b5e4d222@group-19B45E0019D0-SegmentedRaftLogWorker: created new log segment /workdir/hadoop-ozone/integration-test/target/test-dir/MiniOzoneClusterImpl-7e584a5f-24ad-4948-84f4-5bd4158e5d25/datanode-5/data/ratis/53ee0a90-84fc-487f-bbe3-19b45e0019d0/current/log_inprogress_0
2019-10-04 00:18:33,686 [422e72e4-3675-4936-b0f8-18a5b8ef65de@group-91C0545B2289-SegmentedRaftLogWorker] INFO  segmented.SegmentedRaftLogWorker (SegmentedRaftLogWorker.java:execute(574)) - 422e72e4-3675-4936-b0f8-18a5b8ef65de@group-91C0545B2289-SegmentedRaftLogWorker: created new log segment /workdir/hadoop-ozone/integration-test/target/test-dir/MiniOzoneClusterImpl-7e584a5f-24ad-4948-84f4-5bd4158e5d25/datanode-4/data/ratis/c5bb04b4-2caa-4ba8-bd2d-91c0545b2289/current/log_inprogress_0
2019-10-04 00:18:33,688 [b41bfd3a-039d-4642-bfdf-39ff1f969529@group-F8E954CD8DCE-SegmentedRaftLogWorker] INFO  segmented.SegmentedRaftLogWorker (SegmentedRaftLogWorker.java:execute(574)) - b41bfd3a-039d-4642-bfdf-39ff1f969529@group-F8E954CD8DCE-SegmentedRaftLogWorker: created new log segment /workdir/hadoop-ozone/integration-test/target/test-dir/MiniOzoneClusterImpl-7e584a5f-24ad-4948-84f4-5bd4158e5d25/datanode-6/data/ratis/5710490c-021f-4682-b614-f8e954cd8dce/current/log_inprogress_0
2019-10-04 00:18:33,691 [b41bfd3a-039d-4642-bfdf-39ff1f969529@group-91C0545B2289-SegmentedRaftLogWorker] INFO  segmented.SegmentedRaftLogWorker (SegmentedRaftLogWorker.java:execute(574)) - b41bfd3a-039d-4642-bfdf-39ff1f969529@group-91C0545B2289-SegmentedRaftLogWorker: created new log segment /workdir/hadoop-ozone/integration-test/target/test-dir/MiniOzoneClusterImpl-7e584a5f-24ad-4948-84f4-5bd4158e5d25/datanode-6/data/ratis/c5bb04b4-2caa-4ba8-bd2d-91c0545b2289/current/log_inprogress_0
2019-10-04 00:18:38,511 [Thread-2450] INFO  impl.FollowerState (FollowerState.java:run(108)) - f97f34f7-5daf-4cc8-a9bd-ec57e9b54e23@group-9F04C3005D67-FollowerState: change to CANDIDATE, lastRpcTime:5028ms, electionTimeout:5027ms
2019-10-04 00:18:38,512 [Thread-2450] INFO  impl.RoleInfo (RoleInfo.java:shutdownFollowerState(121)) - f97f34f7-5daf-4cc8-a9bd-ec57e9b54e23: shutdown FollowerState
2019-10-04 00:18:38,512 [Thread-2450] INFO  impl.RaftServerImpl (RaftServerImpl.java:setRole(170)) - f97f34f7-5daf-4cc8-a9bd-ec57e9b54e23@group-9F04C3005D67: changes role from  FOLLOWER to CANDIDATE at term 1 for changeToCandidate
2019-10-04 00:18:38,512 [Thread-2450] INFO  impl.RoleInfo (RoleInfo.java:updateAndGet(143)) - f97f34f7-5daf-4cc8-a9bd-ec57e9b54e23: start LeaderElection
2019-10-04 00:18:38,519 [f97f34f7-5daf-4cc8-a9bd-ec57e9b54e23@group-9F04C3005D67-LeaderElection78] INFO  impl.LeaderElection (LeaderElection.java:askForVotes(178)) - f97f34f7-5daf-4cc8-a9bd-ec57e9b54e23@group-9F04C3005D67-LeaderElection78: begin an election at term 2 for -1: [f97f34f7-5daf-4cc8-a9bd-ec57e9b54e23:192.168.151.66:44709, 69b2e503-b7a0-43ec-84b8-d72fa60ad202:192.168.151.66:43523, 4bacd16f-645d-4afa-84f4-46d8ff377874:192.168.151.66:43297], old=null
2019-10-04 00:18:38,524 [grpc-default-executor-6] INFO  impl.RaftServerImpl (RaftServerImpl.java:setRole(170)) - 69b2e503-b7a0-43ec-84b8-d72fa60ad202@group-9F04C3005D67: changes role from  FOLLOWER to FOLLOWER at term 2 for recognizeCandidate:f97f34f7-5daf-4cc8-a9bd-ec57e9b54e23
2019-10-04 00:18:38,524 [grpc-default-executor-4] INFO  impl.RaftServerImpl (RaftServerImpl.java:setRole(170)) - 4bacd16f-645d-4afa-84f4-46d8ff377874@group-9F04C3005D67: changes role from  FOLLOWER to FOLLOWER at term 2 for recognizeCandidate:f97f34f7-5daf-4cc8-a9bd-ec57e9b54e23
2019-10-04 00:18:38,524 [grpc-default-executor-6] INFO  impl.RoleInfo (RoleInfo.java:shutdownFollowerState(121)) - 69b2e503-b7a0-43ec-84b8-d72fa60ad202: shutdown FollowerState
2019-10-04 00:18:38,524 [grpc-default-executor-4] INFO  impl.RoleInfo (RoleInfo.java:shutdownFollowerState(121)) - 4bacd16f-645d-4afa-84f4-46d8ff377874: shutdown FollowerState
2019-10-04 00:18:38,524 [grpc-default-executor-6] INFO  impl.RoleInfo (RoleInfo.java:updateAndGet(143)) - 69b2e503-b7a0-43ec-84b8-d72fa60ad202: start FollowerState
2019-10-04 00:18:38,524 [Thread-2451] INFO  impl.FollowerState (FollowerState.java:run(117)) - 69b2e503-b7a0-43ec-84b8-d72fa60ad202@group-9F04C3005D67-FollowerState was interrupted: java.lang.InterruptedException: sleep interrupted
2019-10-04 00:18:38,524 [grpc-default-executor-4] INFO  impl.RoleInfo (RoleInfo.java:updateAndGet(143)) - 4bacd16f-645d-4afa-84f4-46d8ff377874: start FollowerState
2019-10-04 00:18:38,525 [Thread-2449] INFO  impl.FollowerState (FollowerState.java:run(117)) - 4bacd16f-645d-4afa-84f4-46d8ff377874@group-9F04C3005D67-FollowerState was interrupted: java.lang.InterruptedException: sleep interrupted
2019-10-04 00:18:38,537 [f97f34f7-5daf-4cc8-a9bd-ec57e9b54e23@group-9F04C3005D67-LeaderElection78] INFO  impl.LeaderElection (LeaderElection.java:logAndReturn(56)) - f97f34f7-5daf-4cc8-a9bd-ec57e9b54e23@group-9F04C3005D67-LeaderElection78: Election PASSED; received 1 response(s) [f97f34f7-5daf-4cc8-a9bd-ec57e9b54e23<-69b2e503-b7a0-43ec-84b8-d72fa60ad202#0:OK-t2] and 0 exception(s); f97f34f7-5daf-4cc8-a9bd-ec57e9b54e23@group-9F04C3005D67:t2, leader=null, voted=f97f34f7-5daf-4cc8-a9bd-ec57e9b54e23, raftlog=f97f34f7-5daf-4cc8-a9bd-ec57e9b54e23@group-9F04C3005D67-SegmentedRaftLog:OPENED:c-1,f-1,i0, conf=-1: [f97f34f7-5daf-4cc8-a9bd-ec57e9b54e23:192.168.151.66:44709, 69b2e503-b7a0-43ec-84b8-d72fa60ad202:192.168.151.66:43523, 4bacd16f-645d-4afa-84f4-46d8ff377874:192.168.151.66:43297], old=null
2019-10-04 00:18:38,537 [f97f34f7-5daf-4cc8-a9bd-ec57e9b54e23@group-9F04C3005D67-LeaderElection78] INFO  impl.RoleInfo (RoleInfo.java:shutdownLeaderElection(134)) - f97f34f7-5daf-4cc8-a9bd-ec57e9b54e23: shutdown LeaderElection
2019-10-04 00:18:38,537 [f97f34f7-5daf-4cc8-a9bd-ec57e9b54e23@group-9F04C3005D67-LeaderElection78] INFO  impl.RaftServerImpl (RaftServerImpl.java:setRole(170)) - f97f34f7-5daf-4cc8-a9bd-ec57e9b54e23@group-9F04C3005D67: changes role from CANDIDATE to LEADER at term 2 for changeToLeader
2019-10-04 00:18:38,538 [f97f34f7-5daf-4cc8-a9bd-ec57e9b54e23@group-9F04C3005D67-LeaderElection78] INFO  impl.RaftServerImpl (ServerState.java:setLeader(255)) - f97f34f7-5daf-4cc8-a9bd-ec57e9b54e23@group-9F04C3005D67: change Leader from null to f97f34f7-5daf-4cc8-a9bd-ec57e9b54e23 at term 2 for becomeLeader, leader elected after 10279ms
2019-10-04 00:18:38,538 [f97f34f7-5daf-4cc8-a9bd-ec57e9b54e23@group-9F04C3005D67-LeaderElection78] INFO  server.RaftServerConfigKeys (ConfUtils.java:logGet(43)) - raft.server.staging.catchup.gap = 1000 (default)
2019-10-04 00:18:38,538 [f97f34f7-5daf-4cc8-a9bd-ec57e9b54e23@group-9F04C3005D67-LeaderElection78] INFO  server.RaftServerConfigKeys (ConfUtils.java:logGet(43)) - raft.server.rpc.sleep.time = 25ms (default)
2019-10-04 00:18:38,538 [f97f34f7-5daf-4cc8-a9bd-ec57e9b54e23@group-9F04C3005D67-LeaderElection78] INFO  server.RaftServerConfigKeys (ConfUtils.java:logGet(43)) - raft.server.write.element-limit = 4096 (default)
2019-10-04 00:18:38,538 [f97f34f7-5daf-4cc8-a9bd-ec57e9b54e23@group-9F04C3005D67-LeaderElection78] INFO  server.RaftServerConfigKeys (ConfUtils.java:logGet(43)) - raft.server.watch.timeout = 10s (default)
2019-10-04 00:18:38,538 [f97f34f7-5daf-4cc8-a9bd-ec57e9b54e23@group-9F04C3005D67-LeaderElection78] INFO  server.RaftServerConfigKeys (ConfUtils.java:logGet(43)) - raft.server.watch.timeout.denomination = 1s (default)
2019-10-04 00:18:38,538 [f97f34f7-5daf-4cc8-a9bd-ec57e9b54e23@group-9F04C3005D67-LeaderElection78] INFO  server.RaftServerConfigKeys (ConfUtils.java:logGet(43)) - raft.server.watch.element-limit = 65536 (default)
2019-10-04 00:18:38,541 [f97f34f7-5daf-4cc8-a9bd-ec57e9b54e23@group-9F04C3005D67-LeaderElection78] INFO  server.RaftServerConfigKeys (ConfUtils.java:logGet(43)) - raft.server.log.appender.snapshot.chunk.size.max = 16MB (=16777216) (default)
2019-10-04 00:18:38,541 [f97f34f7-5daf-4cc8-a9bd-ec57e9b54e23@group-9F04C3005D67-LeaderElection78] INFO  server.RaftServerConfigKeys (ConfUtils.java:logGet(43)) - raft.server.log.appender.buffer.byte-limit = 33554432 (custom)
2019-10-04 00:18:38,541 [f97f34f7-5daf-4cc8-a9bd-ec57e9b54e23@group-9F04C3005D67-LeaderElection78] INFO  server.RaftServerConfigKeys (ConfUtils.java:logGet(43)) - raft.server.log.appender.buffer.element-limit = 1 (custom)
2019-10-04 00:18:38,542 [f97f34f7-5daf-4cc8-a9bd-ec57e9b54e23@group-9F04C3005D67-LeaderElection78] INFO  grpc.GrpcConfigKeys$Server (ConfUtils.java:logGet(43)) - raft.grpc.server.leader.outstanding.appends.max = 128 (default)
2019-10-04 00:18:38,542 [f97f34f7-5daf-4cc8-a9bd-ec57e9b54e23@group-9F04C3005D67-LeaderElection78] INFO  server.RaftServerConfigKeys (ConfUtils.java:logGet(43)) - raft.server.rpc.request.timeout = 3000ms (default)
2019-10-04 00:18:38,542 [f97f34f7-5daf-4cc8-a9bd-ec57e9b54e23@group-9F04C3005D67-LeaderElection78] INFO  server.RaftServerConfigKeys (ConfUtils.java:logGet(43)) - raft.server.log.appender.install.snapshot.enabled = false (custom)
2019-10-04 00:18:38,542 [f97f34f7-5daf-4cc8-a9bd-ec57e9b54e23@group-9F04C3005D67-LeaderElection78] INFO  server.RaftServerConfigKeys (ConfUtils.java:logGet(43)) - raft.server.log.appender.snapshot.chunk.size.max = 16MB (=16777216) (default)
2019-10-04 00:18:38,542 [f97f34f7-5daf-4cc8-a9bd-ec57e9b54e23@group-9F04C3005D67-LeaderElection78] INFO  server.RaftServerConfigKeys (ConfUtils.java:logGet(43)) - raft.server.log.appender.buffer.byte-limit = 33554432 (custom)
2019-10-04 00:18:38,542 [f97f34f7-5daf-4cc8-a9bd-ec57e9b54e23@group-9F04C3005D67-LeaderElection78] INFO  server.RaftServerConfigKeys (ConfUtils.java:logGet(43)) - raft.server.log.appender.buffer.element-limit = 1 (custom)
2019-10-04 00:18:38,543 [f97f34f7-5daf-4cc8-a9bd-ec57e9b54e23@group-9F04C3005D67-LeaderElection78] INFO  grpc.GrpcConfigKeys$Server (ConfUtils.java:logGet(43)) - raft.grpc.server.leader.outstanding.appends.max = 128 (default)
2019-10-04 00:18:38,543 [f97f34f7-5daf-4cc8-a9bd-ec57e9b54e23@group-9F04C3005D67-LeaderElection78] INFO  server.RaftServerConfigKeys (ConfUtils.java:logGet(43)) - raft.server.rpc.request.timeout = 3000ms (default)
2019-10-04 00:18:38,543 [f97f34f7-5daf-4cc8-a9bd-ec57e9b54e23@group-9F04C3005D67-LeaderElection78] INFO  server.RaftServerConfigKeys (ConfUtils.java:logGet(43)) - raft.server.log.appender.install.snapshot.enabled = false (custom)
2019-10-04 00:18:38,543 [f97f34f7-5daf-4cc8-a9bd-ec57e9b54e23@group-9F04C3005D67-LeaderElection78] INFO  impl.RoleInfo (RoleInfo.java:updateAndGet(143)) - f97f34f7-5daf-4cc8-a9bd-ec57e9b54e23: start LeaderState
2019-10-04 00:18:38,543 [f97f34f7-5daf-4cc8-a9bd-ec57e9b54e23@group-9F04C3005D67-LeaderElection78] INFO  segmented.SegmentedRaftLogWorker (SegmentedRaftLogWorker.java:startLogSegment(385)) - f97f34f7-5daf-4cc8-a9bd-ec57e9b54e23@group-9F04C3005D67-SegmentedRaftLogWorker: Starting segment from index:0
2019-10-04 00:18:38,544 [f97f34f7-5daf-4cc8-a9bd-ec57e9b54e23@group-9F04C3005D67-LeaderElection78] INFO  impl.RaftServerImpl (ServerState.java:setRaftConf(356)) - f97f34f7-5daf-4cc8-a9bd-ec57e9b54e23@group-9F04C3005D67: set configuration 0: [f97f34f7-5daf-4cc8-a9bd-ec57e9b54e23:192.168.151.66:44709, 69b2e503-b7a0-43ec-84b8-d72fa60ad202:192.168.151.66:43523, 4bacd16f-645d-4afa-84f4-46d8ff377874:192.168.151.66:43297], old=null at 0
2019-10-04 00:18:38,584 [grpc-default-executor-4] INFO  impl.RaftServerImpl (ServerState.java:setLeader(255)) - 69b2e503-b7a0-43ec-84b8-d72fa60ad202@group-9F04C3005D67: change Leader from null to f97f34f7-5daf-4cc8-a9bd-ec57e9b54e23 at term 2 for appendEntries, leader elected after 10326ms
2019-10-04 00:18:38,587 [f97f34f7-5daf-4cc8-a9bd-ec57e9b54e23@group-9F04C3005D67-SegmentedRaftLogWorker] INFO  segmented.SegmentedRaftLogWorker (SegmentedRaftLogWorker.java:execute(574)) - f97f34f7-5daf-4cc8-a9bd-ec57e9b54e23@group-9F04C3005D67-SegmentedRaftLogWorker: created new log segment /workdir/hadoop-ozone/integration-test/target/test-dir/MiniOzoneClusterImpl-7e584a5f-24ad-4948-84f4-5bd4158e5d25/datanode-2/data/ratis/880cace4-fd91-46e0-bf08-9f04c3005d67/current/log_inprogress_0
2019-10-04 00:18:38,584 [grpc-default-executor-6] INFO  impl.RaftServerImpl (ServerState.java:setLeader(255)) - 4bacd16f-645d-4afa-84f4-46d8ff377874@group-9F04C3005D67: change Leader from null to f97f34f7-5daf-4cc8-a9bd-ec57e9b54e23 at term 2 for appendEntries, leader elected after 10325ms
2019-10-04 00:18:38,590 [grpc-default-executor-6] INFO  impl.RaftServerImpl (ServerState.java:setRaftConf(356)) - 69b2e503-b7a0-43ec-84b8-d72fa60ad202@group-9F04C3005D67: set configuration 0: [f97f34f7-5daf-4cc8-a9bd-ec57e9b54e23:192.168.151.66:44709, 69b2e503-b7a0-43ec-84b8-d72fa60ad202:192.168.151.66:43523, 4bacd16f-645d-4afa-84f4-46d8ff377874:192.168.151.66:43297], old=null at 0
2019-10-04 00:18:38,590 [grpc-default-executor-4] INFO  impl.RaftServerImpl (ServerState.java:setRaftConf(356)) - 4bacd16f-645d-4afa-84f4-46d8ff377874@group-9F04C3005D67: set configuration 0: [f97f34f7-5daf-4cc8-a9bd-ec57e9b54e23:192.168.151.66:44709, 69b2e503-b7a0-43ec-84b8-d72fa60ad202:192.168.151.66:43523, 4bacd16f-645d-4afa-84f4-46d8ff377874:192.168.151.66:43297], old=null at 0
2019-10-04 00:18:38,590 [grpc-default-executor-6] INFO  segmented.SegmentedRaftLogWorker (SegmentedRaftLogWorker.java:startLogSegment(385)) - 69b2e503-b7a0-43ec-84b8-d72fa60ad202@group-9F04C3005D67-SegmentedRaftLogWorker: Starting segment from index:0
2019-10-04 00:18:38,590 [grpc-default-executor-4] INFO  segmented.SegmentedRaftLogWorker (SegmentedRaftLogWorker.java:startLogSegment(385)) - 4bacd16f-645d-4afa-84f4-46d8ff377874@group-9F04C3005D67-SegmentedRaftLogWorker: Starting segment from index:0
2019-10-04 00:18:38,626 [69b2e503-b7a0-43ec-84b8-d72fa60ad202@group-9F04C3005D67-SegmentedRaftLogWorker] INFO  segmented.SegmentedRaftLogWorker (SegmentedRaftLogWorker.java:execute(574)) - 69b2e503-b7a0-43ec-84b8-d72fa60ad202@group-9F04C3005D67-SegmentedRaftLogWorker: created new log segment /workdir/hadoop-ozone/integration-test/target/test-dir/MiniOzoneClusterImpl-7e584a5f-24ad-4948-84f4-5bd4158e5d25/datanode-0/data/ratis/880cace4-fd91-46e0-bf08-9f04c3005d67/current/log_inprogress_0
2019-10-04 00:18:38,629 [4bacd16f-645d-4afa-84f4-46d8ff377874@group-9F04C3005D67-SegmentedRaftLogWorker] INFO  segmented.SegmentedRaftLogWorker (SegmentedRaftLogWorker.java:execute(574)) - 4bacd16f-645d-4afa-84f4-46d8ff377874@group-9F04C3005D67-SegmentedRaftLogWorker: created new log segment /workdir/hadoop-ozone/integration-test/target/test-dir/MiniOzoneClusterImpl-7e584a5f-24ad-4948-84f4-5bd4158e5d25/datanode-1/data/ratis/880cace4-fd91-46e0-bf08-9f04c3005d67/current/log_inprogress_0
2019-10-04 00:18:38,785 [Datanode State Machine Thread - 0] INFO  statemachine.DatanodeStateMachine (DatanodeStateMachine.java:lambda$startDaemon$0(350)) - Ozone container server started.
2019-10-04 00:18:43,770 [main] INFO  ozoneimpl.OzoneContainer (OzoneContainer.java:stop(231)) - Attempting to stop container services.
2019-10-04 00:18:43,771 [main] INFO  impl.RaftServerProxy (RaftServerProxy.java:lambda$close$4(314)) - 69b2e503-b7a0-43ec-84b8-d72fa60ad202: close
2019-10-04 00:18:43,771 [main] INFO  impl.RaftServerImpl (RaftServerImpl.java:lambda$shutdown$3(247)) - 69b2e503-b7a0-43ec-84b8-d72fa60ad202@group-9F04C3005D67: shutdown
2019-10-04 00:18:43,772 [ForkJoinPool.commonPool-worker-1] INFO  impl.RaftServerImpl (RaftServerImpl.java:lambda$shutdown$3(247)) - 69b2e503-b7a0-43ec-84b8-d72fa60ad202@group-F7C4761CF33E: shutdown
2019-10-04 00:18:43,772 [main] INFO  util.JmxRegister (JmxRegister.java:unregister(73)) - Successfully un-registered JMX Bean with object name Ratis:service=RaftServer,group=group-9F04C3005D67,id=69b2e503-b7a0-43ec-84b8-d72fa60ad202
2019-10-04 00:18:43,772 [ForkJoinPool.commonPool-worker-1] INFO  util.JmxRegister (JmxRegister.java:unregister(73)) - Successfully un-registered JMX Bean with object name Ratis:service=RaftServer,group=group-F7C4761CF33E,id=69b2e503-b7a0-43ec-84b8-d72fa60ad202
2019-10-04 00:18:43,772 [main] INFO  impl.RoleInfo (RoleInfo.java:shutdownFollowerState(121)) - 69b2e503-b7a0-43ec-84b8-d72fa60ad202: shutdown FollowerState
2019-10-04 00:18:43,772 [ForkJoinPool.commonPool-worker-1] INFO  impl.RoleInfo (RoleInfo.java:shutdownLeaderState(104)) - 69b2e503-b7a0-43ec-84b8-d72fa60ad202: shutdown LeaderState
2019-10-04 00:18:43,773 [Thread-2492] INFO  impl.FollowerState (FollowerState.java:run(117)) - 69b2e503-b7a0-43ec-84b8-d72fa60ad202@group-9F04C3005D67-FollowerState was interrupted: java.lang.InterruptedException: sleep interrupted
2019-10-04 00:18:43,773 [69b2e503-b7a0-43ec-84b8-d72fa60ad202@group-9F04C3005D67-StateMachineUpdater] INFO  ratis.ContainerStateMachine (ContainerStateMachine.java:takeSnapshot(293)) - group-9F04C3005D67: Taking a snapshot at:(t:2, i:1) file /workdir/hadoop-ozone/integration-test/target/test-dir/MiniOzoneClusterImpl-7e584a5f-24ad-4948-84f4-5bd4158e5d25/datanode-0/data/ratis/880cace4-fd91-46e0-bf08-9f04c3005d67/sm/snapshot.2_1
2019-10-04 00:18:43,773 [main] INFO  impl.StateMachineUpdater (StateMachineUpdater.java:stopAndJoin(136)) - 69b2e503-b7a0-43ec-84b8-d72fa60ad202@group-9F04C3005D67-StateMachineUpdater: set stopIndex = 2
2019-10-04 00:18:43,773 [ForkJoinPool.commonPool-worker-1] INFO  impl.PendingRequests (PendingRequests.java:sendNotLeaderResponses(202)) - 69b2e503-b7a0-43ec-84b8-d72fa60ad202@group-F7C4761CF33E-PendingRequests: sendNotLeaderResponses
2019-10-04 00:18:43,778 [ForkJoinPool.commonPool-worker-1] INFO  impl.StateMachineUpdater (StateMachineUpdater.java:stopAndJoin(136)) - 69b2e503-b7a0-43ec-84b8-d72fa60ad202@group-F7C4761CF33E-StateMachineUpdater: set stopIndex = 0
2019-10-04 00:18:43,778 [ForkJoinPool.commonPool-worker-1] INFO  impl.RaftServerImpl (ServerState.java:close(387)) - 69b2e503-b7a0-43ec-84b8-d72fa60ad202@group-F7C4761CF33E: closes. applyIndex: 0
2019-10-04 00:18:43,778 [69b2e503-b7a0-43ec-84b8-d72fa60ad202@group-F7C4761CF33E-SegmentedRaftLogWorker] INFO  segmented.SegmentedRaftLogWorker (SegmentedRaftLogWorker.java:run(316)) - 69b2e503-b7a0-43ec-84b8-d72fa60ad202@group-F7C4761CF33E-SegmentedRaftLogWorker was interrupted, exiting. There are 0 tasks remaining in the queue.
2019-10-04 00:18:43,781 [ForkJoinPool.commonPool-worker-1] INFO  segmented.SegmentedRaftLogWorker (SegmentedRaftLogWorker.java:close(224)) - 69b2e503-b7a0-43ec-84b8-d72fa60ad202@group-F7C4761CF33E-SegmentedRaftLogWorker close()
2019-10-04 00:18:43,791 [69b2e503-b7a0-43ec-84b8-d72fa60ad202@group-9F04C3005D67-StateMachineUpdater] INFO  ratis.ContainerStateMachine (ContainerStateMachine.java:takeSnapshot(304)) - group-9F04C3005D67: Finished taking a snapshot at:(t:2, i:1) file:/workdir/hadoop-ozone/integration-test/target/test-dir/MiniOzoneClusterImpl-7e584a5f-24ad-4948-84f4-5bd4158e5d25/datanode-0/data/ratis/880cace4-fd91-46e0-bf08-9f04c3005d67/sm/snapshot.2_1 time:19
2019-10-04 00:18:43,791 [69b2e503-b7a0-43ec-84b8-d72fa60ad202@group-9F04C3005D67-StateMachineUpdater] INFO  impl.StateMachineUpdater (StateMachineUpdater.java:takeSnapshot(269)) - 69b2e503-b7a0-43ec-84b8-d72fa60ad202@group-9F04C3005D67-StateMachineUpdater: Took a snapshot at index 1
2019-10-04 00:18:43,791 [69b2e503-b7a0-43ec-84b8-d72fa60ad202@group-9F04C3005D67-StateMachineUpdater] INFO  impl.StateMachineUpdater (StateMachineUpdater.java:lambda$new$0(84)) - 69b2e503-b7a0-43ec-84b8-d72fa60ad202@group-9F04C3005D67-StateMachineUpdater: snapshotIndex: updateIncreasingly -1 -> 1
2019-10-04 00:18:43,792 [69b2e503-b7a0-43ec-84b8-d72fa60ad202@group-9F04C3005D67-StateMachineUpdater] INFO  ratis.ContainerStateMachine (ContainerStateMachine.java:takeSnapshot(293)) - group-9F04C3005D67: Taking a snapshot at:(t:2, i:1) file /workdir/hadoop-ozone/integration-test/target/test-dir/MiniOzoneClusterImpl-7e584a5f-24ad-4948-84f4-5bd4158e5d25/datanode-0/data/ratis/880cace4-fd91-46e0-bf08-9f04c3005d67/sm/snapshot.2_1
2019-10-04 00:18:43,804 [69b2e503-b7a0-43ec-84b8-d72fa60ad202@group-9F04C3005D67-StateMachineUpdater] INFO  ratis.ContainerStateMachine (ContainerStateMachine.java:takeSnapshot(304)) - group-9F04C3005D67: Finished taking a snapshot at:(t:2, i:1) file:/workdir/hadoop-ozone/integration-test/target/test-dir/MiniOzoneClusterImpl-7e584a5f-24ad-4948-84f4-5bd4158e5d25/datanode-0/data/ratis/880cace4-fd91-46e0-bf08-9f04c3005d67/sm/snapshot.2_1 time:13
2019-10-04 00:18:43,804 [69b2e503-b7a0-43ec-84b8-d72fa60ad202@group-9F04C3005D67-StateMachineUpdater] INFO  impl.StateMachineUpdater (StateMachineUpdater.java:takeSnapshot(269)) - 69b2e503-b7a0-43ec-84b8-d72fa60ad202@group-9F04C3005D67-StateMachineUpdater: Took a snapshot at index 1
2019-10-04 00:18:43,804 [69b2e503-b7a0-43ec-84b8-d72fa60ad202@group-9F04C3005D67-StateMachineUpdater] INFO  impl.StateMachineUpdater (StateMachineUpdater.java:lambda$new$0(84)) - 69b2e503-b7a0-43ec-84b8-d72fa60ad202@group-9F04C3005D67-StateMachineUpdater: snapshotIndex: updateIncreasingly 1 -> 1
2019-10-04 00:18:43,804 [main] INFO  impl.RaftServerImpl (ServerState.java:close(387)) - 69b2e503-b7a0-43ec-84b8-d72fa60ad202@group-9F04C3005D67: closes. applyIndex: 2
2019-10-04 00:18:43,805 [69b2e503-b7a0-43ec-84b8-d72fa60ad202@group-9F04C3005D67-SegmentedRaftLogWorker] INFO  segmented.SegmentedRaftLogWorker (SegmentedRaftLogWorker.java:run(316)) - 69b2e503-b7a0-43ec-84b8-d72fa60ad202@group-9F04C3005D67-SegmentedRaftLogWorker was interrupted, exiting. There are 0 tasks remaining in the queue.
2019-10-04 00:18:43,808 [main] INFO  segmented.SegmentedRaftLogWorker (SegmentedRaftLogWorker.java:close(224)) - 69b2e503-b7a0-43ec-84b8-d72fa60ad202@group-9F04C3005D67-SegmentedRaftLogWorker close()
2019-10-04 00:18:43,813 [main] INFO  server.GrpcService (GrpcService.java:closeImpl(164)) - 69b2e503-b7a0-43ec-84b8-d72fa60ad202: shutdown server with port 43523 now
2019-10-04 00:18:43,814 [grpc-default-executor-4] WARN  server.GrpcServerProtocolService (LogUtils.java:warn(134)) - 69b2e503-b7a0-43ec-84b8-d72fa60ad202: installSnapshot onError, lastRequest: f97f34f7-5daf-4cc8-a9bd-ec57e9b54e23->69b2e503-b7a0-43ec-84b8-d72fa60ad202#5-t2, previous=(t:2, i:2), leaderCommit=2, initializing? false, entries: <empty>: org.apache.ratis.thirdparty.io.grpc.StatusRuntimeException: CANCELLED: cancelled before receiving half close
2019-10-04 00:18:43,814 [main] INFO  server.GrpcService (GrpcService.java:closeImpl(172)) - 69b2e503-b7a0-43ec-84b8-d72fa60ad202: shutdown server with port 43523 successfully
2019-10-04 00:18:43,814 [grpc-default-executor-6] WARN  server.GrpcLogAppender (LogUtils.java:warn(134)) - f97f34f7-5daf-4cc8-a9bd-ec57e9b54e23@group-9F04C3005D67->69b2e503-b7a0-43ec-84b8-d72fa60ad202-AppendLogResponseHandler: Failed appendEntries: org.apache.ratis.thirdparty.io.grpc.StatusRuntimeException: CANCELLED: HTTP/2 error code: CANCEL
Received Rst Stream
2019-10-04 00:18:43,815 [grpc-default-executor-6] INFO  impl.FollowerInfo (FollowerInfo.java:lambda$new$0(51)) - f97f34f7-5daf-4cc8-a9bd-ec57e9b54e23@group-9F04C3005D67->69b2e503-b7a0-43ec-84b8-d72fa60ad202: nextIndex: updateUnconditionally 3 -> 2
2019-10-04 00:18:43,816 [refreshUsed-/workdir/hadoop-ozone/integration-test/target/test-dir/MiniOzoneClusterImpl-7e584a5f-24ad-4948-84f4-5bd4158e5d25/datanode-0/data/containers] WARN  fs.CachingGetSpaceUsed (CachingGetSpaceUsed.java:run(183)) - Thread Interrupted waiting to refresh disk information: sleep interrupted
2019-10-04 00:18:43,832 [main] INFO  utils.BackgroundService (BackgroundService.java:shutdown(148)) - Shutting down service BlockDeletingService
2019-10-04 00:18:43,840 [main] INFO  statemachine.DatanodeStateMachine (DatanodeStateMachine.java:stopDaemon(395)) - Ozone container server stopped.
2019-10-04 00:18:43,842 [main] INFO  handler.ContextHandler (ContextHandler.java:doStop(910)) - Stopped o.e.j.w.WebAppContext@16cf8438{/,null,UNAVAILABLE}{/hddsDatanode}
2019-10-04 00:18:43,842 [main] INFO  server.AbstractConnector (AbstractConnector.java:doStop(318)) - Stopped ServerConnector@3e5beab5{HTTP/1.1,[http/1.1]}{0.0.0.0:0}
2019-10-04 00:18:43,843 [main] INFO  handler.ContextHandler (ContextHandler.java:doStop(910)) - Stopped o.e.j.s.ServletContextHandler@76216830{/static,jar:file:/home/user/.m2/repository/org/apache/hadoop/hadoop-hdds-container-service/0.5.0-SNAPSHOT/hadoop-hdds-container-service-0.5.0-SNAPSHOT.jar!/webapps/static,UNAVAILABLE}
2019-10-04 00:18:43,843 [main] INFO  handler.ContextHandler (ContextHandler.java:doStop(910)) - Stopped o.e.j.s.ServletContextHandler@1118d539{/logs,file:///workdir/hadoop-ozone/integration-test/target/log,UNAVAILABLE}
2019-10-04 00:18:43,852 [grpc-default-executor-6] WARN  server.GrpcLogAppender (LogUtils.java:warn(134)) - f97f34f7-5daf-4cc8-a9bd-ec57e9b54e23@group-9F04C3005D67->69b2e503-b7a0-43ec-84b8-d72fa60ad202-AppendLogResponseHandler: Failed appendEntries: org.apache.ratis.thirdparty.io.grpc.StatusRuntimeException: UNAVAILABLE: io exception
2019-10-04 00:18:43,853 [grpc-default-executor-6] INFO  impl.FollowerInfo (FollowerInfo.java:lambda$new$0(51)) - f97f34f7-5daf-4cc8-a9bd-ec57e9b54e23@group-9F04C3005D67->69b2e503-b7a0-43ec-84b8-d72fa60ad202: nextIndex: updateUnconditionally 3 -> 2
2019-10-04 00:18:43,867 [grpc-default-executor-2] WARN  server.GrpcLogAppender (LogUtils.java:warn(134)) - f97f34f7-5daf-4cc8-a9bd-ec57e9b54e23@group-9F04C3005D67->69b2e503-b7a0-43ec-84b8-d72fa60ad202-AppendLogResponseHandler: Failed appendEntries: org.apache.ratis.thirdparty.io.grpc.StatusRuntimeException: UNAVAILABLE: io exception
2019-10-04 00:18:43,867 [grpc-default-executor-2] INFO  impl.FollowerInfo (FollowerInfo.java:lambda$new$0(51)) - f97f34f7-5daf-4cc8-a9bd-ec57e9b54e23@group-9F04C3005D67->69b2e503-b7a0-43ec-84b8-d72fa60ad202: nextIndex: updateUnconditionally 3 -> 2
2019-10-04 00:18:43,880 [grpc-default-executor-2] WARN  server.GrpcLogAppender (LogUtils.java:warn(134)) - f97f34f7-5daf-4cc8-a9bd-ec57e9b54e23@group-9F04C3005D67->69b2e503-b7a0-43ec-84b8-d72fa60ad202-AppendLogResponseHandler: Failed appendEntries: org.apache.ratis.thirdparty.io.grpc.StatusRuntimeException: UNAVAILABLE: io exception
2019-10-04 00:18:43,880 [EventQueue-IncrementalContainerReportForIncrementalContainerReportHandler] WARN  container.IncrementalContainerReportHandler (AbstractContainerReportHandler.java:updateContainerState(143)) - Container #1 is in OPEN state, but the datanode f97f34f7-5daf-4cc8-a9bd-ec57e9b54e23{ip: 192.168.151.66, host: pr-hdds-2181-qkjh9-3495688764, networkLocation: /default-rack, certSerialId: null} reports an CLOSING replica.
2019-10-04 00:18:43,880 [grpc-default-executor-2] INFO  impl.FollowerInfo (FollowerInfo.java:lambda$new$0(51)) - f97f34f7-5daf-4cc8-a9bd-ec57e9b54e23@group-9F04C3005D67->69b2e503-b7a0-43ec-84b8-d72fa60ad202: nextIndex: updateUnconditionally 3 -> 2
2019-10-04 00:18:43,892 [EventQueue-IncrementalContainerReportForIncrementalContainerReportHandler] WARN  container.IncrementalContainerReportHandler (AbstractContainerReportHandler.java:updateContainerState(143)) - Container #1 is in OPEN state, but the datanode 4bacd16f-645d-4afa-84f4-46d8ff377874{ip: 192.168.151.66, host: pr-hdds-2181-qkjh9-3495688764, networkLocation: /default-rack, certSerialId: null} reports an CLOSING replica.
2019-10-04 00:18:43,922 [RatisApplyTransactionExecutor 1] INFO  interfaces.Container (KeyValueContainer.java:flushAndSyncDB(386)) - Container 1 is synced with bcsId 0.
2019-10-04 00:18:43,966 [RatisApplyTransactionExecutor 1] INFO  interfaces.Container (KeyValueContainer.java:flushAndSyncDB(386)) - Container 1 is synced with bcsId 0.
2019-10-04 00:18:43,968 [RatisApplyTransactionExecutor 1] INFO  interfaces.Container (KeyValueContainer.java:flushAndSyncDB(386)) - Container 1 is synced with bcsId 0.
2019-10-04 00:18:43,968 [RatisApplyTransactionExecutor 1] INFO  interfaces.Container (KeyValueContainer.java:flushAndSyncDB(386)) - Container 1 is synced with bcsId 0.
2019-10-04 00:18:43,972 [RatisApplyTransactionExecutor 1] INFO  interfaces.Container (KeyValueContainer.java:close(335)) - Container 1 is closed with bcsId 0.
2019-10-04 00:18:43,978 [RatisApplyTransactionExecutor 1] INFO  interfaces.Container (KeyValueContainer.java:close(335)) - Container 1 is closed with bcsId 0.
2019-10-04 00:18:43,988 [EventQueue-IncrementalContainerReportForIncrementalContainerReportHandler] WARN  container.IncrementalContainerReportHandler (AbstractContainerReportHandler.java:updateContainerState(143)) - Container #1 is in OPEN state, but the datanode f97f34f7-5daf-4cc8-a9bd-ec57e9b54e23{ip: 192.168.151.66, host: pr-hdds-2181-qkjh9-3495688764, networkLocation: /default-rack, certSerialId: null} reports an CLOSED replica.
2019-10-04 00:18:43,994 [EventQueue-IncrementalContainerReportForIncrementalContainerReportHandler] WARN  container.IncrementalContainerReportHandler (AbstractContainerReportHandler.java:updateContainerState(143)) - Container #1 is in OPEN state, but the datanode 4bacd16f-645d-4afa-84f4-46d8ff377874{ip: 192.168.151.66, host: pr-hdds-2181-qkjh9-3495688764, networkLocation: /default-rack, certSerialId: null} reports an CLOSED replica.
2019-10-04 00:18:46,381 [grpc-default-executor-6] WARN  server.GrpcLogAppender (LogUtils.java:warn(134)) - f97f34f7-5daf-4cc8-a9bd-ec57e9b54e23@group-9F04C3005D67->69b2e503-b7a0-43ec-84b8-d72fa60ad202-AppendLogResponseHandler: Failed appendEntries: org.apache.ratis.thirdparty.io.grpc.StatusRuntimeException: UNAVAILABLE: io exception
2019-10-04 00:18:46,382 [grpc-default-executor-6] INFO  impl.FollowerInfo (FollowerInfo.java:lambda$new$0(51)) - f97f34f7-5daf-4cc8-a9bd-ec57e9b54e23@group-9F04C3005D67->69b2e503-b7a0-43ec-84b8-d72fa60ad202: nextIndex: updateUnconditionally 2 -> 1
2019-10-04 00:18:46,995 [main] WARN  scm.XceiverClientRatis (XceiverClientRatis.java:watchForCommit(292)) - 3 way commit failed on pipeline Pipeline[ Id: 880cace4-fd91-46e0-bf08-9f04c3005d67, Nodes: 69b2e503-b7a0-43ec-84b8-d72fa60ad202{ip: 192.168.151.66, host: pr-hdds-2181-qkjh9-3495688764, networkLocation: /default-rack, certSerialId: null}f97f34f7-5daf-4cc8-a9bd-ec57e9b54e23{ip: 192.168.151.66, host: pr-hdds-2181-qkjh9-3495688764, networkLocation: /default-rack, certSerialId: null}4bacd16f-645d-4afa-84f4-46d8ff377874{ip: 192.168.151.66, host: pr-hdds-2181-qkjh9-3495688764, networkLocation: /default-rack, certSerialId: null}, Type:RATIS, Factor:THREE, State:OPEN]
java.util.concurrent.TimeoutException
	at java.util.concurrent.CompletableFuture.timedGet(CompletableFuture.java:1771)
	at java.util.concurrent.CompletableFuture.get(CompletableFuture.java:1915)
	at org.apache.hadoop.hdds.scm.XceiverClientRatis.watchForCommit(XceiverClientRatis.java:289)
	at org.apache.hadoop.ozone.client.rpc.TestWatchForCommit.test2WayCommitForTimeoutException(TestWatchForCommit.java:391)
	at sun.reflect.NativeMethodAccessorImpl.invoke0(Native Method)
	at sun.reflect.NativeMethodAccessorImpl.invoke(NativeMethodAccessorImpl.java:62)
	at sun.reflect.DelegatingMethodAccessorImpl.invoke(DelegatingMethodAccessorImpl.java:43)
	at java.lang.reflect.Method.invoke(Method.java:498)
	at org.junit.runners.model.FrameworkMethod$1.runReflectiveCall(FrameworkMethod.java:47)
	at org.junit.internal.runners.model.ReflectiveCallable.run(ReflectiveCallable.java:12)
	at org.junit.runners.model.FrameworkMethod.invokeExplosively(FrameworkMethod.java:44)
	at org.junit.internal.runners.statements.InvokeMethod.evaluate(InvokeMethod.java:17)
	at org.junit.runners.ParentRunner.runLeaf(ParentRunner.java:271)
	at org.junit.runners.BlockJUnit4ClassRunner.runChild(BlockJUnit4ClassRunner.java:70)
	at org.junit.runners.BlockJUnit4ClassRunner.runChild(BlockJUnit4ClassRunner.java:50)
	at org.junit.runners.ParentRunner$3.run(ParentRunner.java:238)
	at org.junit.runners.ParentRunner$1.schedule(ParentRunner.java:63)
	at org.junit.runners.ParentRunner.runChildren(ParentRunner.java:236)
	at org.junit.runners.ParentRunner.access$000(ParentRunner.java:53)
	at org.junit.runners.ParentRunner$2.evaluate(ParentRunner.java:229)
	at org.junit.runners.ParentRunner.run(ParentRunner.java:309)
	at org.apache.maven.surefire.junit4.JUnit4Provider.execute(JUnit4Provider.java:365)
	at org.apache.maven.surefire.junit4.JUnit4Provider.executeWithRerun(JUnit4Provider.java:273)
	at org.apache.maven.surefire.junit4.JUnit4Provider.executeTestSet(JUnit4Provider.java:238)
	at org.apache.maven.surefire.junit4.JUnit4Provider.invoke(JUnit4Provider.java:159)
	at org.apache.maven.surefire.booter.ForkedBooter.invokeProviderInSameClassLoader(ForkedBooter.java:384)
	at org.apache.maven.surefire.booter.ForkedBooter.runSuitesInProcess(ForkedBooter.java:345)
	at org.apache.maven.surefire.booter.ForkedBooter.execute(ForkedBooter.java:126)
	at org.apache.maven.surefire.booter.ForkedBooter.main(ForkedBooter.java:418)
2019-10-04 00:18:48,882 [grpc-default-executor-2] WARN  server.GrpcLogAppender (LogUtils.java:warn(134)) - f97f34f7-5daf-4cc8-a9bd-ec57e9b54e23@group-9F04C3005D67->69b2e503-b7a0-43ec-84b8-d72fa60ad202-AppendLogResponseHandler: Failed appendEntries: org.apache.ratis.thirdparty.io.grpc.StatusRuntimeException: UNAVAILABLE: io exception
2019-10-04 00:18:48,886 [grpc-default-executor-2] INFO  impl.FollowerInfo (FollowerInfo.java:lambda$new$0(51)) - f97f34f7-5daf-4cc8-a9bd-ec57e9b54e23@group-9F04C3005D67->69b2e503-b7a0-43ec-84b8-d72fa60ad202: nextIndex: updateUnconditionally 1 -> 0
]]></system-out>
    <system-err><![CDATA[Oct 04, 2019 12:18:43 AM org.apache.ratis.thirdparty.io.grpc.internal.SerializingExecutor run
SEVERE: Exception while executing runnable org.apache.ratis.thirdparty.io.grpc.internal.ServerImpl$JumpToApplicationThreadServerStreamListener$1Closed@28d23d08
org.apache.ratis.thirdparty.io.grpc.StatusRuntimeException: CANCELLED: call already cancelled
	at org.apache.ratis.thirdparty.io.grpc.Status.asRuntimeException(Status.java:517)
	at org.apache.ratis.thirdparty.io.grpc.stub.ServerCalls$ServerCallStreamObserverImpl.onCompleted(ServerCalls.java:356)
	at org.apache.ratis.grpc.server.GrpcServerProtocolService$ServerRequestStreamObserver.onError(GrpcServerProtocolService.java:121)
	at org.apache.ratis.thirdparty.io.grpc.stub.ServerCalls$StreamingServerCallHandler$StreamingServerCallListener.onCancel(ServerCalls.java:269)
	at org.apache.ratis.thirdparty.io.grpc.internal.ServerCallImpl$ServerStreamListenerImpl.closed(ServerCallImpl.java:293)
	at org.apache.ratis.thirdparty.io.grpc.internal.ServerImpl$JumpToApplicationThreadServerStreamListener$1Closed.runInContext(ServerImpl.java:741)
	at org.apache.ratis.thirdparty.io.grpc.internal.ContextRunnable.run(ContextRunnable.java:37)
	at org.apache.ratis.thirdparty.io.grpc.internal.SerializingExecutor.run(SerializingExecutor.java:123)
	at java.util.concurrent.ThreadPoolExecutor.runWorker(ThreadPoolExecutor.java:1149)
	at java.util.concurrent.ThreadPoolExecutor$Worker.run(ThreadPoolExecutor.java:624)
	at java.lang.Thread.run(Thread.java:748)

]]></system-err>
  </testcase>
</testsuite>