<?xml version="1.0" encoding="UTF-8"?>
<testsuite xmlns:xsi="http://www.w3.org/2001/XMLSchema-instance" xsi:noNamespaceSchemaLocation="https://maven.apache.org/surefire/maven-surefire-plugin/xsd/surefire-test-report.xsd" name="org.apache.hadoop.ozone.client.rpc.TestBlockOutputStreamWithFailures" time="763.129" tests="8" errors="1" skipped="0" failures="0">
  <properties>
    <property name="awt.toolkit" value="sun.awt.X11.XToolkit"/>
    <property name="file.encoding.pkg" value="sun.io"/>
    <property name="java.specification.version" value="1.8"/>
    <property name="sun.cpu.isalist" value=""/>
    <property name="sun.jnu.encoding" value="UTF-8"/>
    <property name="java.class.path" value="/workdir/hadoop-ozone/integration-test/target/test-classes:/workdir/hadoop-ozone/integration-test/target/classes:/home/user/.m2/repository/org/apache/hadoop/hadoop-ozone-common/0.5.0-SNAPSHOT/hadoop-ozone-common-0.5.0-SNAPSHOT.jar:/home/user/.m2/repository/org/apache/commons/commons-compress/1.4.1/commons-compress-1.4.1.jar:/home/user/.m2/repository/org/tukaani/xz/1.0/xz-1.0.jar:/home/user/.m2/repository/org/apache/hadoop/hadoop-common/3.2.0/hadoop-common-3.2.0.jar:/home/user/.m2/repository/org/apache/hadoop/hadoop-hdfs/3.2.0/hadoop-hdfs-3.2.0.jar:/home/user/.m2/repository/org/apache/hadoop/hadoop-hdfs-client/3.2.0/hadoop-hdfs-client-3.2.0.jar:/home/user/.m2/repository/com/fasterxml/jackson/core/jackson-annotations/2.9.9/jackson-annotations-2.9.9.jar:/home/user/.m2/repository/org/apache/hadoop/hadoop-hdds-common/0.5.0-SNAPSHOT/hadoop-hdds-common-0.5.0-SNAPSHOT.jar:/home/user/.m2/repository/javax/annotation/javax.annotation-api/1.2/javax.annotation-api-1.2.jar:/home/user/.m2/repository/org/apache/ratis/ratis-server/0.5.0-63cd2fb-SNAPSHOT/ratis-server-0.5.0-63cd2fb-SNAPSHOT.jar:/home/user/.m2/repository/org/apache/ratis/ratis-thirdparty-misc/0.2.0/ratis-thirdparty-misc-0.2.0.jar:/home/user/.m2/repository/org/apache/ratis/ratis-proto/0.5.0-63cd2fb-SNAPSHOT/ratis-proto-0.5.0-63cd2fb-SNAPSHOT.jar:/home/user/.m2/repository/org/apache/ratis/ratis-common/0.5.0-63cd2fb-SNAPSHOT/ratis-common-0.5.0-63cd2fb-SNAPSHOT.jar:/home/user/.m2/repository/org/apache/ratis/ratis-client/0.5.0-63cd2fb-SNAPSHOT/ratis-client-0.5.0-63cd2fb-SNAPSHOT.jar:/home/user/.m2/repository/org/apache/ratis/ratis-metrics/0.5.0-63cd2fb-SNAPSHOT/ratis-metrics-0.5.0-63cd2fb-SNAPSHOT.jar:/home/user/.m2/repository/com/github/joshelser/dropwizard-metrics-hadoop-metrics2-reporter/0.1.2/dropwizard-metrics-hadoop-metrics2-reporter-0.1.2.jar:/home/user/.m2/repository/io/dropwizard/metrics/metrics-jvm/3.2.5/metrics-jvm-3.2.5.jar:/home/user/.m2/repository/io/dropwizard/metrics/metrics-ganglia/3.2.5/metrics-ganglia-3.2.5.jar:/home/user/.m2/repository/info/ganglia/gmetric4j/gmetric4j/1.0.7/gmetric4j-1.0.7.jar:/home/user/.m2/repository/org/apache/ratis/ratis-netty/0.5.0-63cd2fb-SNAPSHOT/ratis-netty-0.5.0-63cd2fb-SNAPSHOT.jar:/home/user/.m2/repository/org/apache/ratis/ratis-grpc/0.5.0-63cd2fb-SNAPSHOT/ratis-grpc-0.5.0-63cd2fb-SNAPSHOT.jar:/home/user/.m2/repository/org/rocksdb/rocksdbjni/6.0.1/rocksdbjni-6.0.1.jar:/home/user/.m2/repository/org/apache/logging/log4j/log4j-api/2.11.0/log4j-api-2.11.0.jar:/home/user/.m2/repository/org/apache/logging/log4j/log4j-core/2.11.0/log4j-core-2.11.0.jar:/home/user/.m2/repository/com/lmax/disruptor/3.4.2/disruptor-3.4.2.jar:/home/user/.m2/repository/org/apache/commons/commons-pool2/2.6.0/commons-pool2-2.6.0.jar:/home/user/.m2/repository/org/bouncycastle/bcpkix-jdk15on/1.60/bcpkix-jdk15on-1.60.jar:/home/user/.m2/repository/commons-validator/commons-validator/1.6/commons-validator-1.6.jar:/home/user/.m2/repository/commons-digester/commons-digester/1.8.1/commons-digester-1.8.1.jar:/home/user/.m2/repository/io/jaegertracing/jaeger-client/0.34.0/jaeger-client-0.34.0.jar:/home/user/.m2/repository/io/jaegertracing/jaeger-thrift/0.34.0/jaeger-thrift-0.34.0.jar:/home/user/.m2/repository/org/apache/thrift/libthrift/0.12.0/libthrift-0.12.0.jar:/home/user/.m2/repository/com/squareup/okhttp3/okhttp/3.9.0/okhttp-3.9.0.jar:/home/user/.m2/repository/com/squareup/okio/okio/1.13.0/okio-1.13.0.jar:/home/user/.m2/repository/io/jaegertracing/jaeger-core/0.34.0/jaeger-core-0.34.0.jar:/home/user/.m2/repository/io/jaegertracing/jaeger-tracerresolver/0.34.0/jaeger-tracerresolver-0.34.0.jar:/home/user/.m2/repository/io/opentracing/contrib/opentracing-tracerresolver/0.1.5/opentracing-tracerresolver-0.1.5.jar:/home/user/.m2/repository/io/opentracing/opentracing-util/0.31.0/opentracing-util-0.31.0.jar:/home/user/.m2/repository/io/opentracing/opentracing-api/0.31.0/opentracing-api-0.31.0.jar:/home/user/.m2/repository/io/opentracing/opentracing-noop/0.31.0/opentracing-noop-0.31.0.jar:/home/user/.m2/repository/org/apache/hadoop/hadoop-hdds-server-framework/0.5.0-SNAPSHOT/hadoop-hdds-server-framework-0.5.0-SNAPSHOT.jar:/home/user/.m2/repository/org/apache/hadoop/hadoop-hdds-container-service/0.5.0-SNAPSHOT/hadoop-hdds-container-service-0.5.0-SNAPSHOT.jar:/home/user/.m2/repository/org/apache/hadoop/hadoop-hdds-client/0.5.0-SNAPSHOT/hadoop-hdds-client-0.5.0-SNAPSHOT.jar:/home/user/.m2/repository/org/apache/hadoop/hadoop-hdds-tools/0.5.0-SNAPSHOT/hadoop-hdds-tools-0.5.0-SNAPSHOT.jar:/home/user/.m2/repository/org/apache/hadoop/hadoop-hdds-server-scm/0.5.0-SNAPSHOT/hadoop-hdds-server-scm-0.5.0-SNAPSHOT.jar:/home/user/.m2/repository/org/apache/hadoop/hadoop-hdds-docs/0.5.0-SNAPSHOT/hadoop-hdds-docs-0.5.0-SNAPSHOT.jar:/home/user/.m2/repository/io/dropwizard/metrics/metrics-core/3.2.4/metrics-core-3.2.4.jar:/home/user/.m2/repository/org/hamcrest/hamcrest-all/1.3/hamcrest-all-1.3.jar:/home/user/.m2/repository/org/bouncycastle/bcprov-jdk15on/1.60/bcprov-jdk15on-1.60.jar:/home/user/.m2/repository/info/picocli/picocli/3.9.6/picocli-3.9.6.jar:/home/user/.m2/repository/com/google/protobuf/protobuf-java/2.5.0/protobuf-java-2.5.0.jar:/home/user/.m2/repository/com/google/guava/guava/11.0.2/guava-11.0.2.jar:/home/user/.m2/repository/org/apache/hadoop/hadoop-ozone-ozone-manager/0.5.0-SNAPSHOT/hadoop-ozone-ozone-manager-0.5.0-SNAPSHOT.jar:/home/user/.m2/repository/org/apache/hadoop/hadoop-minikdc/3.2.0/hadoop-minikdc-3.2.0.jar:/home/user/.m2/repository/commons-io/commons-io/2.5/commons-io-2.5.jar:/home/user/.m2/repository/org/apache/kerby/kerb-simplekdc/1.0.1/kerb-simplekdc-1.0.1.jar:/home/user/.m2/repository/org/apache/kerby/kerb-client/1.0.1/kerb-client-1.0.1.jar:/home/user/.m2/repository/org/apache/kerby/kerby-config/1.0.1/kerby-config-1.0.1.jar:/home/user/.m2/repository/org/apache/kerby/kerb-core/1.0.1/kerb-core-1.0.1.jar:/home/user/.m2/repository/org/apache/kerby/kerby-pkix/1.0.1/kerby-pkix-1.0.1.jar:/home/user/.m2/repository/org/apache/kerby/kerby-asn1/1.0.1/kerby-asn1-1.0.1.jar:/home/user/.m2/repository/org/apache/kerby/kerby-util/1.0.1/kerby-util-1.0.1.jar:/home/user/.m2/repository/org/apache/kerby/kerb-common/1.0.1/kerb-common-1.0.1.jar:/home/user/.m2/repository/org/apache/kerby/kerb-crypto/1.0.1/kerb-crypto-1.0.1.jar:/home/user/.m2/repository/org/apache/kerby/kerb-util/1.0.1/kerb-util-1.0.1.jar:/home/user/.m2/repository/org/apache/kerby/token-provider/1.0.1/token-provider-1.0.1.jar:/home/user/.m2/repository/org/apache/kerby/kerb-admin/1.0.1/kerb-admin-1.0.1.jar:/home/user/.m2/repository/org/apache/kerby/kerb-server/1.0.1/kerb-server-1.0.1.jar:/home/user/.m2/repository/org/apache/kerby/kerb-identity/1.0.1/kerb-identity-1.0.1.jar:/home/user/.m2/repository/org/apache/kerby/kerby-xdr/1.0.1/kerby-xdr-1.0.1.jar:/home/user/.m2/repository/org/slf4j/slf4j-log4j12/1.7.25/slf4j-log4j12-1.7.25.jar:/home/user/.m2/repository/org/apache/hadoop/hadoop-ozone-s3gateway/0.5.0-SNAPSHOT/hadoop-ozone-s3gateway-0.5.0-SNAPSHOT.jar:/home/user/.m2/repository/org/jboss/weld/servlet/weld-servlet/2.4.7.Final/weld-servlet-2.4.7.Final.jar:/home/user/.m2/repository/org/glassfish/jersey/containers/jersey-container-servlet-core/2.27/jersey-container-servlet-core-2.27.jar:/home/user/.m2/repository/org/glassfish/hk2/external/javax.inject/2.5.0-b42/javax.inject-2.5.0-b42.jar:/home/user/.m2/repository/org/glassfish/jersey/core/jersey-common/2.27/jersey-common-2.27.jar:/home/user/.m2/repository/org/glassfish/hk2/osgi-resource-locator/1.0.1/osgi-resource-locator-1.0.1.jar:/home/user/.m2/repository/javax/ws/rs/javax.ws.rs-api/2.1/javax.ws.rs-api-2.1.jar:/home/user/.m2/repository/org/glassfish/jersey/ext/cdi/jersey-cdi1x/2.27/jersey-cdi1x-2.27.jar:/home/user/.m2/repository/org/glassfish/jersey/inject/jersey-hk2/2.27/jersey-hk2-2.27.jar:/home/user/.m2/repository/org/glassfish/hk2/hk2-locator/2.5.0-b42/hk2-locator-2.5.0-b42.jar:/home/user/.m2/repository/org/javassist/javassist/3.22.0-CR2/javassist-3.22.0-CR2.jar:/home/user/.m2/repository/org/glassfish/hk2/hk2-api/2.5.0/hk2-api-2.5.0.jar:/home/user/.m2/repository/org/glassfish/hk2/external/jakarta.inject/2.5.0/jakarta.inject-2.5.0.jar:/home/user/.m2/repository/org/glassfish/hk2/hk2-utils/2.5.0/hk2-utils-2.5.0.jar:/home/user/.m2/repository/jakarta/annotation/jakarta.annotation-api/1.3.4/jakarta.annotation-api-1.3.4.jar:/home/user/.m2/repository/org/glassfish/hk2/external/aopalliance-repackaged/2.5.0/aopalliance-repackaged-2.5.0.jar:/home/user/.m2/repository/com/fasterxml/jackson/dataformat/jackson-dataformat-xml/2.9.0/jackson-dataformat-xml-2.9.0.jar:/home/user/.m2/repository/com/fasterxml/jackson/core/jackson-core/2.9.9/jackson-core-2.9.9.jar:/home/user/.m2/repository/com/fasterxml/jackson/module/jackson-module-jaxb-annotations/2.9.9/jackson-module-jaxb-annotations-2.9.9.jar:/home/user/.m2/repository/javax/enterprise/cdi-api/1.2/cdi-api-1.2.jar:/home/user/.m2/repository/javax/el/javax.el-api/3.0.0/javax.el-api-3.0.0.jar:/home/user/.m2/repository/javax/interceptor/javax.interceptor-api/1.2/javax.interceptor-api-1.2.jar:/home/user/.m2/repository/javax/inject/javax.inject/1/javax.inject-1.jar:/home/user/.m2/repository/com/sun/xml/bind/jaxb-impl/2.3.0.1/jaxb-impl-2.3.0.1.jar:/home/user/.m2/repository/com/sun/xml/bind/jaxb-core/2.3.0.1/jaxb-core-2.3.0.1.jar:/home/user/.m2/repository/javax/xml/bind/jaxb-api/2.3.0/jaxb-api-2.3.0.jar:/home/user/.m2/repository/javax/activation/activation/1.1.1/activation-1.1.1.jar:/home/user/.m2/repository/org/apache/hadoop/hadoop-ozone-csi/0.5.0-SNAPSHOT/hadoop-ozone-csi-0.5.0-SNAPSHOT.jar:/home/user/.m2/repository/com/google/protobuf/protobuf-java-util/3.5.1/protobuf-java-util-3.5.1.jar:/home/user/.m2/repository/org/apache/hadoop/hadoop-hdds-config/0.5.0-SNAPSHOT/hadoop-hdds-config-0.5.0-SNAPSHOT.jar:/home/user/.m2/repository/io/grpc/grpc-netty/1.17.1/grpc-netty-1.17.1.jar:/home/user/.m2/repository/io/grpc/grpc-core/1.17.1/grpc-core-1.17.1.jar:/home/user/.m2/repository/io/grpc/grpc-context/1.17.1/grpc-context-1.17.1.jar:/home/user/.m2/repository/com/google/errorprone/error_prone_annotations/2.2.0/error_prone_annotations-2.2.0.jar:/home/user/.m2/repository/org/codehaus/mojo/animal-sniffer-annotations/1.17/animal-sniffer-annotations-1.17.jar:/home/user/.m2/repository/io/opencensus/opencensus-api/0.17.0/opencensus-api-0.17.0.jar:/home/user/.m2/repository/io/opencensus/opencensus-contrib-grpc-metrics/0.17.0/opencensus-contrib-grpc-metrics-0.17.0.jar:/home/user/.m2/repository/io/netty/netty-codec-http2/4.1.30.Final/netty-codec-http2-4.1.30.Final.jar:/home/user/.m2/repository/io/netty/netty-codec-http/4.1.30.Final/netty-codec-http-4.1.30.Final.jar:/home/user/.m2/repository/io/netty/netty-codec/4.1.30.Final/netty-codec-4.1.30.Final.jar:/home/user/.m2/repository/io/netty/netty-handler/4.1.30.Final/netty-handler-4.1.30.Final.jar:/home/user/.m2/repository/io/netty/netty-handler-proxy/4.1.30.Final/netty-handler-proxy-4.1.30.Final.jar:/home/user/.m2/repository/io/netty/netty-codec-socks/4.1.30.Final/netty-codec-socks-4.1.30.Final.jar:/home/user/.m2/repository/io/netty/netty-transport-native-epoll/4.1.30.Final/netty-transport-native-epoll-4.1.30.Final.jar:/home/user/.m2/repository/io/netty/netty-common/4.1.30.Final/netty-common-4.1.30.Final.jar:/home/user/.m2/repository/io/netty/netty-buffer/4.1.30.Final/netty-buffer-4.1.30.Final.jar:/home/user/.m2/repository/io/netty/netty-transport/4.1.30.Final/netty-transport-4.1.30.Final.jar:/home/user/.m2/repository/io/netty/netty-resolver/4.1.30.Final/netty-resolver-4.1.30.Final.jar:/home/user/.m2/repository/io/netty/netty-transport-native-unix-common/4.1.30.Final/netty-transport-native-unix-common-4.1.30.Final.jar:/home/user/.m2/repository/io/grpc/grpc-protobuf/1.17.1/grpc-protobuf-1.17.1.jar:/home/user/.m2/repository/com/google/api/grpc/proto-google-common-protos/1.0.0/proto-google-common-protos-1.0.0.jar:/home/user/.m2/repository/io/grpc/grpc-protobuf-lite/1.17.1/grpc-protobuf-lite-1.17.1.jar:/home/user/.m2/repository/io/grpc/grpc-stub/1.17.1/grpc-stub-1.17.1.jar:/home/user/.m2/repository/org/apache/hadoop/hadoop-ozone-recon/0.5.0-SNAPSHOT/hadoop-ozone-recon-0.5.0-SNAPSHOT.jar:/home/user/.m2/repository/org/apache/hadoop/hadoop-ozone-reconcodegen/0.5.0-SNAPSHOT/hadoop-ozone-reconcodegen-0.5.0-SNAPSHOT.jar:/home/user/.m2/repository/com/google/inject/extensions/guice-multibindings/4.0/guice-multibindings-4.0.jar:/home/user/.m2/repository/com/google/inject/guice/4.0/guice-4.0.jar:/home/user/.m2/repository/aopalliance/aopalliance/1.0/aopalliance-1.0.jar:/home/user/.m2/repository/com/google/inject/extensions/guice-servlet/4.0/guice-servlet-4.0.jar:/home/user/.m2/repository/org/glassfish/jersey/containers/jersey-container-servlet/2.27/jersey-container-servlet-2.27.jar:/home/user/.m2/repository/org/glassfish/hk2/guice-bridge/2.5.0/guice-bridge-2.5.0.jar:/home/user/.m2/repository/org/glassfish/jersey/core/jersey-server/2.27/jersey-server-2.27.jar:/home/user/.m2/repository/org/glassfish/jersey/core/jersey-client/2.27/jersey-client-2.27.jar:/home/user/.m2/repository/org/glassfish/jersey/media/jersey-media-jaxb/2.27/jersey-media-jaxb-2.27.jar:/home/user/.m2/repository/javax/validation/validation-api/1.1.0.Final/validation-api-1.1.0.Final.jar:/home/user/.m2/repository/org/glassfish/jersey/media/jersey-media-json-jackson/2.27/jersey-media-json-jackson-2.27.jar:/home/user/.m2/repository/org/glassfish/jersey/ext/jersey-entity-filtering/2.27/jersey-entity-filtering-2.27.jar:/home/user/.m2/repository/com/google/inject/extensions/guice-assistedinject/4.0/guice-assistedinject-4.0.jar:/home/user/.m2/repository/org/jooq/jooq/3.11.10/jooq-3.11.10.jar:/home/user/.m2/repository/org/jooq/jooq-meta/3.11.10/jooq-meta-3.11.10.jar:/home/user/.m2/repository/org/jooq/jooq-codegen/3.11.10/jooq-codegen-3.11.10.jar:/home/user/.m2/repository/com/jolbox/bonecp/0.8.0.RELEASE/bonecp-0.8.0.RELEASE.jar:/home/user/.m2/repository/org/xerial/sqlite-jdbc/3.25.2/sqlite-jdbc-3.25.2.jar:/home/user/.m2/repository/org/springframework/spring-jdbc/5.1.3.RELEASE/spring-jdbc-5.1.3.RELEASE.jar:/home/user/.m2/repository/org/springframework/spring-beans/5.1.3.RELEASE/spring-beans-5.1.3.RELEASE.jar:/home/user/.m2/repository/org/springframework/spring-core/5.1.3.RELEASE/spring-core-5.1.3.RELEASE.jar:/home/user/.m2/repository/org/springframework/spring-jcl/5.1.3.RELEASE/spring-jcl-5.1.3.RELEASE.jar:/home/user/.m2/repository/org/springframework/spring-tx/5.1.3.RELEASE/spring-tx-5.1.3.RELEASE.jar:/home/user/.m2/repository/org/apache/hadoop/hadoop-ozone-client/0.5.0-SNAPSHOT/hadoop-ozone-client-0.5.0-SNAPSHOT.jar:/home/user/.m2/repository/commons-lang/commons-lang/2.6/commons-lang-2.6.jar:/home/user/.m2/repository/org/apache/hadoop/hadoop-ozone-ozone-manager/0.5.0-SNAPSHOT/hadoop-ozone-ozone-manager-0.5.0-SNAPSHOT-tests.jar:/home/user/.m2/repository/junit/junit/4.11/junit-4.11.jar:/home/user/.m2/repository/org/hamcrest/hamcrest-core/1.3/hamcrest-core-1.3.jar:/home/user/.m2/repository/org/openjdk/jmh/jmh-core/1.19/jmh-core-1.19.jar:/home/user/.m2/repository/net/sf/jopt-simple/jopt-simple/4.6/jopt-simple-4.6.jar:/home/user/.m2/repository/org/apache/commons/commons-math3/3.1.1/commons-math3-3.1.1.jar:/home/user/.m2/repository/org/openjdk/jmh/jmh-generator-annprocess/1.19/jmh-generator-annprocess-1.19.jar:/home/user/.m2/repository/org/mockito/mockito-all/1.8.5/mockito-all-1.8.5.jar:/home/user/.m2/repository/org/apache/hadoop/hadoop-kms/3.2.0/hadoop-kms-3.2.0.jar:/home/user/.m2/repository/org/apache/hadoop/hadoop-auth/3.2.0/hadoop-auth-3.2.0.jar:/home/user/.m2/repository/com/nimbusds/nimbus-jose-jwt/4.41.1/nimbus-jose-jwt-4.41.1.jar:/home/user/.m2/repository/com/github/stephenc/jcip/jcip-annotations/1.0-1/jcip-annotations-1.0-1.jar:/home/user/.m2/repository/net/minidev/json-smart/2.3/json-smart-2.3.jar:/home/user/.m2/repository/net/minidev/accessors-smart/1.2/accessors-smart-1.2.jar:/home/user/.m2/repository/org/ow2/asm/asm/5.0.4/asm-5.0.4.jar:/home/user/.m2/repository/org/apache/curator/curator-framework/2.12.0/curator-framework-2.12.0.jar:/home/user/.m2/repository/com/sun/jersey/jersey-core/1.19/jersey-core-1.19.jar:/home/user/.m2/repository/javax/ws/rs/jsr311-api/1.1.1/jsr311-api-1.1.1.jar:/home/user/.m2/repository/com/sun/jersey/jersey-server/1.19/jersey-server-1.19.jar:/home/user/.m2/repository/javax/servlet/javax.servlet-api/3.1.0/javax.servlet-api-3.1.0.jar:/home/user/.m2/repository/org/eclipse/jetty/jetty-server/9.3.25.v20180904/jetty-server-9.3.25.v20180904.jar:/home/user/.m2/repository/org/eclipse/jetty/jetty-http/9.3.25.v20180904/jetty-http-9.3.25.v20180904.jar:/home/user/.m2/repository/org/eclipse/jetty/jetty-io/9.3.25.v20180904/jetty-io-9.3.25.v20180904.jar:/home/user/.m2/repository/org/eclipse/jetty/jetty-webapp/9.3.25.v20180904/jetty-webapp-9.3.25.v20180904.jar:/home/user/.m2/repository/org/eclipse/jetty/jetty-xml/9.3.25.v20180904/jetty-xml-9.3.25.v20180904.jar:/home/user/.m2/repository/log4j/log4j/1.2.17/log4j-1.2.17.jar:/home/user/.m2/repository/org/slf4j/slf4j-api/1.7.25/slf4j-api-1.7.25.jar:/home/user/.m2/repository/org/slf4j/jul-to-slf4j/1.7.25/jul-to-slf4j-1.7.25.jar:/home/user/.m2/repository/org/eclipse/jetty/jetty-util/9.3.25.v20180904/jetty-util-9.3.25.v20180904.jar:/home/user/.m2/repository/com/fasterxml/jackson/core/jackson-databind/2.9.9/jackson-databind-2.9.9.jar:/home/user/.m2/repository/org/apache/hadoop/hadoop-kms/3.2.0/hadoop-kms-3.2.0-tests.jar:/home/user/.m2/repository/org/apache/hadoop/hadoop-hdds-server-scm/0.5.0-SNAPSHOT/hadoop-hdds-server-scm-0.5.0-SNAPSHOT-tests.jar:/home/user/.m2/repository/org/apache/hadoop/hadoop-hdds-container-service/0.5.0-SNAPSHOT/hadoop-hdds-container-service-0.5.0-SNAPSHOT-tests.jar:/home/user/.m2/repository/org/yaml/snakeyaml/1.16/snakeyaml-1.16.jar:/home/user/.m2/repository/org/apache/hadoop/hadoop-common/3.2.0/hadoop-common-3.2.0-tests.jar:/home/user/.m2/repository/org/apache/hadoop/hadoop-annotations/3.2.0/hadoop-annotations-3.2.0.jar:/usr/lib/jvm/java-1.8-openjdk/jre/../lib/tools.jar:/home/user/.m2/repository/commons-cli/commons-cli/1.2/commons-cli-1.2.jar:/home/user/.m2/repository/org/apache/httpcomponents/httpclient/4.5.2/httpclient-4.5.2.jar:/home/user/.m2/repository/org/apache/httpcomponents/httpcore/4.4.4/httpcore-4.4.4.jar:/home/user/.m2/repository/commons-codec/commons-codec/1.11/commons-codec-1.11.jar:/home/user/.m2/repository/commons-net/commons-net/3.6/commons-net-3.6.jar:/home/user/.m2/repository/commons-collections/commons-collections/3.2.2/commons-collections-3.2.2.jar:/home/user/.m2/repository/org/eclipse/jetty/jetty-servlet/9.3.25.v20180904/jetty-servlet-9.3.25.v20180904.jar:/home/user/.m2/repository/org/eclipse/jetty/jetty-security/9.3.25.v20180904/jetty-security-9.3.25.v20180904.jar:/home/user/.m2/repository/javax/servlet/jsp/jsp-api/2.1/jsp-api-2.1.jar:/home/user/.m2/repository/com/sun/jersey/jersey-servlet/1.19/jersey-servlet-1.19.jar:/home/user/.m2/repository/com/sun/jersey/jersey-json/1.19/jersey-json-1.19.jar:/home/user/.m2/repository/org/codehaus/jettison/jettison/1.1/jettison-1.1.jar:/home/user/.m2/repository/org/codehaus/jackson/jackson-core-asl/1.9.13/jackson-core-asl-1.9.13.jar:/home/user/.m2/repository/org/codehaus/jackson/jackson-mapper-asl/1.9.13/jackson-mapper-asl-1.9.13.jar:/home/user/.m2/repository/org/codehaus/jackson/jackson-jaxrs/1.9.13/jackson-jaxrs-1.9.13.jar:/home/user/.m2/repository/org/codehaus/jackson/jackson-xc/1.9.13/jackson-xc-1.9.13.jar:/home/user/.m2/repository/commons-logging/commons-logging/1.1.3/commons-logging-1.1.3.jar:/home/user/.m2/repository/commons-beanutils/commons-beanutils/1.9.4/commons-beanutils-1.9.4.jar:/home/user/.m2/repository/org/apache/commons/commons-configuration2/2.1.1/commons-configuration2-2.1.1.jar:/home/user/.m2/repository/org/apache/commons/commons-lang3/3.7/commons-lang3-3.7.jar:/home/user/.m2/repository/org/apache/commons/commons-text/1.4/commons-text-1.4.jar:/home/user/.m2/repository/org/apache/avro/avro/1.7.7/avro-1.7.7.jar:/home/user/.m2/repository/com/thoughtworks/paranamer/paranamer/2.3/paranamer-2.3.jar:/home/user/.m2/repository/org/xerial/snappy/snappy-java/1.0.5/snappy-java-1.0.5.jar:/home/user/.m2/repository/com/google/re2j/re2j/1.1/re2j-1.1.jar:/home/user/.m2/repository/com/google/code/gson/gson/2.2.4/gson-2.2.4.jar:/home/user/.m2/repository/com/jcraft/jsch/0.1.54/jsch-0.1.54.jar:/home/user/.m2/repository/org/apache/curator/curator-client/2.12.0/curator-client-2.12.0.jar:/home/user/.m2/repository/org/apache/curator/curator-recipes/2.12.0/curator-recipes-2.12.0.jar:/home/user/.m2/repository/com/google/code/findbugs/jsr305/3.0.0/jsr305-3.0.0.jar:/home/user/.m2/repository/org/apache/htrace/htrace-core4/4.1.0-incubating/htrace-core4-4.1.0-incubating.jar:/home/user/.m2/repository/org/apache/zookeeper/zookeeper/3.4.13/zookeeper-3.4.13.jar:/home/user/.m2/repository/jline/jline/0.9.94/jline-0.9.94.jar:/home/user/.m2/repository/org/apache/yetus/audience-annotations/0.5.0/audience-annotations-0.5.0.jar:/home/user/.m2/repository/org/codehaus/woodstox/stax2-api/3.1.4/stax2-api-3.1.4.jar:/home/user/.m2/repository/com/fasterxml/woodstox/woodstox-core/5.0.3/woodstox-core-5.0.3.jar:/home/user/.m2/repository/dnsjava/dnsjava/2.1.7/dnsjava-2.1.7.jar:/home/user/.m2/repository/org/apache/hadoop/hadoop-hdfs/3.2.0/hadoop-hdfs-3.2.0-tests.jar:/home/user/.m2/repository/org/eclipse/jetty/jetty-util-ajax/9.3.25.v20180904/jetty-util-ajax-9.3.25.v20180904.jar:/home/user/.m2/repository/commons-daemon/commons-daemon/1.0.13/commons-daemon-1.0.13.jar:/home/user/.m2/repository/io/netty/netty/3.10.5.Final/netty-3.10.5.Final.jar:/home/user/.m2/repository/io/netty/netty-all/4.0.52.Final/netty-all-4.0.52.Final.jar:/home/user/.m2/repository/org/fusesource/leveldbjni/leveldbjni-all/1.8/leveldbjni-all-1.8.jar:"/>
    <property name="java.vm.vendor" value="IcedTea"/>
    <property name="sun.arch.data.model" value="64"/>
    <property name="test.build.dir" value="/workdir/hadoop-ozone/integration-test/target/test-dir"/>
    <property name="test.cache.data" value=""/>
    <property name="java.vendor.url" value="https://icedtea.classpath.org"/>
    <property name="user.timezone" value=""/>
    <property name="java.vm.specification.version" value="1.8"/>
    <property name="os.name" value="Linux"/>
    <property name="test.build.data" value="/workdir/hadoop-ozone/integration-test/target/test-dir"/>
    <property name="user.country" value="US"/>
    <property name="sun.java.launcher" value="SUN_STANDARD"/>
    <property name="sun.boot.library.path" value="/usr/lib/jvm/java-1.8-openjdk/jre/lib/amd64"/>
    <property name="sun.java.command" value="/workdir/hadoop-ozone/integration-test/target/surefire/surefirebooter934394935964357064.jar /workdir/hadoop-ozone/integration-test/target/surefire 2019-10-09T23-34-31_863-jvmRun1 surefire3050869777833368526tmp surefire_221437148797441337967tmp"/>
    <property name="test" value="!TestMiniChaosOzoneCluster"/>
    <property name="surefire.test.class.path" value="/workdir/hadoop-ozone/integration-test/target/test-classes:/workdir/hadoop-ozone/integration-test/target/classes:/home/user/.m2/repository/org/apache/hadoop/hadoop-ozone-common/0.5.0-SNAPSHOT/hadoop-ozone-common-0.5.0-SNAPSHOT.jar:/home/user/.m2/repository/org/apache/commons/commons-compress/1.4.1/commons-compress-1.4.1.jar:/home/user/.m2/repository/org/tukaani/xz/1.0/xz-1.0.jar:/home/user/.m2/repository/org/apache/hadoop/hadoop-common/3.2.0/hadoop-common-3.2.0.jar:/home/user/.m2/repository/org/apache/hadoop/hadoop-hdfs/3.2.0/hadoop-hdfs-3.2.0.jar:/home/user/.m2/repository/org/apache/hadoop/hadoop-hdfs-client/3.2.0/hadoop-hdfs-client-3.2.0.jar:/home/user/.m2/repository/com/fasterxml/jackson/core/jackson-annotations/2.9.9/jackson-annotations-2.9.9.jar:/home/user/.m2/repository/org/apache/hadoop/hadoop-hdds-common/0.5.0-SNAPSHOT/hadoop-hdds-common-0.5.0-SNAPSHOT.jar:/home/user/.m2/repository/javax/annotation/javax.annotation-api/1.2/javax.annotation-api-1.2.jar:/home/user/.m2/repository/org/apache/ratis/ratis-server/0.5.0-63cd2fb-SNAPSHOT/ratis-server-0.5.0-63cd2fb-SNAPSHOT.jar:/home/user/.m2/repository/org/apache/ratis/ratis-thirdparty-misc/0.2.0/ratis-thirdparty-misc-0.2.0.jar:/home/user/.m2/repository/org/apache/ratis/ratis-proto/0.5.0-63cd2fb-SNAPSHOT/ratis-proto-0.5.0-63cd2fb-SNAPSHOT.jar:/home/user/.m2/repository/org/apache/ratis/ratis-common/0.5.0-63cd2fb-SNAPSHOT/ratis-common-0.5.0-63cd2fb-SNAPSHOT.jar:/home/user/.m2/repository/org/apache/ratis/ratis-client/0.5.0-63cd2fb-SNAPSHOT/ratis-client-0.5.0-63cd2fb-SNAPSHOT.jar:/home/user/.m2/repository/org/apache/ratis/ratis-metrics/0.5.0-63cd2fb-SNAPSHOT/ratis-metrics-0.5.0-63cd2fb-SNAPSHOT.jar:/home/user/.m2/repository/com/github/joshelser/dropwizard-metrics-hadoop-metrics2-reporter/0.1.2/dropwizard-metrics-hadoop-metrics2-reporter-0.1.2.jar:/home/user/.m2/repository/io/dropwizard/metrics/metrics-jvm/3.2.5/metrics-jvm-3.2.5.jar:/home/user/.m2/repository/io/dropwizard/metrics/metrics-ganglia/3.2.5/metrics-ganglia-3.2.5.jar:/home/user/.m2/repository/info/ganglia/gmetric4j/gmetric4j/1.0.7/gmetric4j-1.0.7.jar:/home/user/.m2/repository/org/apache/ratis/ratis-netty/0.5.0-63cd2fb-SNAPSHOT/ratis-netty-0.5.0-63cd2fb-SNAPSHOT.jar:/home/user/.m2/repository/org/apache/ratis/ratis-grpc/0.5.0-63cd2fb-SNAPSHOT/ratis-grpc-0.5.0-63cd2fb-SNAPSHOT.jar:/home/user/.m2/repository/org/rocksdb/rocksdbjni/6.0.1/rocksdbjni-6.0.1.jar:/home/user/.m2/repository/org/apache/logging/log4j/log4j-api/2.11.0/log4j-api-2.11.0.jar:/home/user/.m2/repository/org/apache/logging/log4j/log4j-core/2.11.0/log4j-core-2.11.0.jar:/home/user/.m2/repository/com/lmax/disruptor/3.4.2/disruptor-3.4.2.jar:/home/user/.m2/repository/org/apache/commons/commons-pool2/2.6.0/commons-pool2-2.6.0.jar:/home/user/.m2/repository/org/bouncycastle/bcpkix-jdk15on/1.60/bcpkix-jdk15on-1.60.jar:/home/user/.m2/repository/commons-validator/commons-validator/1.6/commons-validator-1.6.jar:/home/user/.m2/repository/commons-digester/commons-digester/1.8.1/commons-digester-1.8.1.jar:/home/user/.m2/repository/io/jaegertracing/jaeger-client/0.34.0/jaeger-client-0.34.0.jar:/home/user/.m2/repository/io/jaegertracing/jaeger-thrift/0.34.0/jaeger-thrift-0.34.0.jar:/home/user/.m2/repository/org/apache/thrift/libthrift/0.12.0/libthrift-0.12.0.jar:/home/user/.m2/repository/com/squareup/okhttp3/okhttp/3.9.0/okhttp-3.9.0.jar:/home/user/.m2/repository/com/squareup/okio/okio/1.13.0/okio-1.13.0.jar:/home/user/.m2/repository/io/jaegertracing/jaeger-core/0.34.0/jaeger-core-0.34.0.jar:/home/user/.m2/repository/io/jaegertracing/jaeger-tracerresolver/0.34.0/jaeger-tracerresolver-0.34.0.jar:/home/user/.m2/repository/io/opentracing/contrib/opentracing-tracerresolver/0.1.5/opentracing-tracerresolver-0.1.5.jar:/home/user/.m2/repository/io/opentracing/opentracing-util/0.31.0/opentracing-util-0.31.0.jar:/home/user/.m2/repository/io/opentracing/opentracing-api/0.31.0/opentracing-api-0.31.0.jar:/home/user/.m2/repository/io/opentracing/opentracing-noop/0.31.0/opentracing-noop-0.31.0.jar:/home/user/.m2/repository/org/apache/hadoop/hadoop-hdds-server-framework/0.5.0-SNAPSHOT/hadoop-hdds-server-framework-0.5.0-SNAPSHOT.jar:/home/user/.m2/repository/org/apache/hadoop/hadoop-hdds-container-service/0.5.0-SNAPSHOT/hadoop-hdds-container-service-0.5.0-SNAPSHOT.jar:/home/user/.m2/repository/org/apache/hadoop/hadoop-hdds-client/0.5.0-SNAPSHOT/hadoop-hdds-client-0.5.0-SNAPSHOT.jar:/home/user/.m2/repository/org/apache/hadoop/hadoop-hdds-tools/0.5.0-SNAPSHOT/hadoop-hdds-tools-0.5.0-SNAPSHOT.jar:/home/user/.m2/repository/org/apache/hadoop/hadoop-hdds-server-scm/0.5.0-SNAPSHOT/hadoop-hdds-server-scm-0.5.0-SNAPSHOT.jar:/home/user/.m2/repository/org/apache/hadoop/hadoop-hdds-docs/0.5.0-SNAPSHOT/hadoop-hdds-docs-0.5.0-SNAPSHOT.jar:/home/user/.m2/repository/io/dropwizard/metrics/metrics-core/3.2.4/metrics-core-3.2.4.jar:/home/user/.m2/repository/org/hamcrest/hamcrest-all/1.3/hamcrest-all-1.3.jar:/home/user/.m2/repository/org/bouncycastle/bcprov-jdk15on/1.60/bcprov-jdk15on-1.60.jar:/home/user/.m2/repository/info/picocli/picocli/3.9.6/picocli-3.9.6.jar:/home/user/.m2/repository/com/google/protobuf/protobuf-java/2.5.0/protobuf-java-2.5.0.jar:/home/user/.m2/repository/com/google/guava/guava/11.0.2/guava-11.0.2.jar:/home/user/.m2/repository/org/apache/hadoop/hadoop-ozone-ozone-manager/0.5.0-SNAPSHOT/hadoop-ozone-ozone-manager-0.5.0-SNAPSHOT.jar:/home/user/.m2/repository/org/apache/hadoop/hadoop-minikdc/3.2.0/hadoop-minikdc-3.2.0.jar:/home/user/.m2/repository/commons-io/commons-io/2.5/commons-io-2.5.jar:/home/user/.m2/repository/org/apache/kerby/kerb-simplekdc/1.0.1/kerb-simplekdc-1.0.1.jar:/home/user/.m2/repository/org/apache/kerby/kerb-client/1.0.1/kerb-client-1.0.1.jar:/home/user/.m2/repository/org/apache/kerby/kerby-config/1.0.1/kerby-config-1.0.1.jar:/home/user/.m2/repository/org/apache/kerby/kerb-core/1.0.1/kerb-core-1.0.1.jar:/home/user/.m2/repository/org/apache/kerby/kerby-pkix/1.0.1/kerby-pkix-1.0.1.jar:/home/user/.m2/repository/org/apache/kerby/kerby-asn1/1.0.1/kerby-asn1-1.0.1.jar:/home/user/.m2/repository/org/apache/kerby/kerby-util/1.0.1/kerby-util-1.0.1.jar:/home/user/.m2/repository/org/apache/kerby/kerb-common/1.0.1/kerb-common-1.0.1.jar:/home/user/.m2/repository/org/apache/kerby/kerb-crypto/1.0.1/kerb-crypto-1.0.1.jar:/home/user/.m2/repository/org/apache/kerby/kerb-util/1.0.1/kerb-util-1.0.1.jar:/home/user/.m2/repository/org/apache/kerby/token-provider/1.0.1/token-provider-1.0.1.jar:/home/user/.m2/repository/org/apache/kerby/kerb-admin/1.0.1/kerb-admin-1.0.1.jar:/home/user/.m2/repository/org/apache/kerby/kerb-server/1.0.1/kerb-server-1.0.1.jar:/home/user/.m2/repository/org/apache/kerby/kerb-identity/1.0.1/kerb-identity-1.0.1.jar:/home/user/.m2/repository/org/apache/kerby/kerby-xdr/1.0.1/kerby-xdr-1.0.1.jar:/home/user/.m2/repository/org/slf4j/slf4j-log4j12/1.7.25/slf4j-log4j12-1.7.25.jar:/home/user/.m2/repository/org/apache/hadoop/hadoop-ozone-s3gateway/0.5.0-SNAPSHOT/hadoop-ozone-s3gateway-0.5.0-SNAPSHOT.jar:/home/user/.m2/repository/org/jboss/weld/servlet/weld-servlet/2.4.7.Final/weld-servlet-2.4.7.Final.jar:/home/user/.m2/repository/org/glassfish/jersey/containers/jersey-container-servlet-core/2.27/jersey-container-servlet-core-2.27.jar:/home/user/.m2/repository/org/glassfish/hk2/external/javax.inject/2.5.0-b42/javax.inject-2.5.0-b42.jar:/home/user/.m2/repository/org/glassfish/jersey/core/jersey-common/2.27/jersey-common-2.27.jar:/home/user/.m2/repository/org/glassfish/hk2/osgi-resource-locator/1.0.1/osgi-resource-locator-1.0.1.jar:/home/user/.m2/repository/javax/ws/rs/javax.ws.rs-api/2.1/javax.ws.rs-api-2.1.jar:/home/user/.m2/repository/org/glassfish/jersey/ext/cdi/jersey-cdi1x/2.27/jersey-cdi1x-2.27.jar:/home/user/.m2/repository/org/glassfish/jersey/inject/jersey-hk2/2.27/jersey-hk2-2.27.jar:/home/user/.m2/repository/org/glassfish/hk2/hk2-locator/2.5.0-b42/hk2-locator-2.5.0-b42.jar:/home/user/.m2/repository/org/javassist/javassist/3.22.0-CR2/javassist-3.22.0-CR2.jar:/home/user/.m2/repository/org/glassfish/hk2/hk2-api/2.5.0/hk2-api-2.5.0.jar:/home/user/.m2/repository/org/glassfish/hk2/external/jakarta.inject/2.5.0/jakarta.inject-2.5.0.jar:/home/user/.m2/repository/org/glassfish/hk2/hk2-utils/2.5.0/hk2-utils-2.5.0.jar:/home/user/.m2/repository/jakarta/annotation/jakarta.annotation-api/1.3.4/jakarta.annotation-api-1.3.4.jar:/home/user/.m2/repository/org/glassfish/hk2/external/aopalliance-repackaged/2.5.0/aopalliance-repackaged-2.5.0.jar:/home/user/.m2/repository/com/fasterxml/jackson/dataformat/jackson-dataformat-xml/2.9.0/jackson-dataformat-xml-2.9.0.jar:/home/user/.m2/repository/com/fasterxml/jackson/core/jackson-core/2.9.9/jackson-core-2.9.9.jar:/home/user/.m2/repository/com/fasterxml/jackson/module/jackson-module-jaxb-annotations/2.9.9/jackson-module-jaxb-annotations-2.9.9.jar:/home/user/.m2/repository/javax/enterprise/cdi-api/1.2/cdi-api-1.2.jar:/home/user/.m2/repository/javax/el/javax.el-api/3.0.0/javax.el-api-3.0.0.jar:/home/user/.m2/repository/javax/interceptor/javax.interceptor-api/1.2/javax.interceptor-api-1.2.jar:/home/user/.m2/repository/javax/inject/javax.inject/1/javax.inject-1.jar:/home/user/.m2/repository/com/sun/xml/bind/jaxb-impl/2.3.0.1/jaxb-impl-2.3.0.1.jar:/home/user/.m2/repository/com/sun/xml/bind/jaxb-core/2.3.0.1/jaxb-core-2.3.0.1.jar:/home/user/.m2/repository/javax/xml/bind/jaxb-api/2.3.0/jaxb-api-2.3.0.jar:/home/user/.m2/repository/javax/activation/activation/1.1.1/activation-1.1.1.jar:/home/user/.m2/repository/org/apache/hadoop/hadoop-ozone-csi/0.5.0-SNAPSHOT/hadoop-ozone-csi-0.5.0-SNAPSHOT.jar:/home/user/.m2/repository/com/google/protobuf/protobuf-java-util/3.5.1/protobuf-java-util-3.5.1.jar:/home/user/.m2/repository/org/apache/hadoop/hadoop-hdds-config/0.5.0-SNAPSHOT/hadoop-hdds-config-0.5.0-SNAPSHOT.jar:/home/user/.m2/repository/io/grpc/grpc-netty/1.17.1/grpc-netty-1.17.1.jar:/home/user/.m2/repository/io/grpc/grpc-core/1.17.1/grpc-core-1.17.1.jar:/home/user/.m2/repository/io/grpc/grpc-context/1.17.1/grpc-context-1.17.1.jar:/home/user/.m2/repository/com/google/errorprone/error_prone_annotations/2.2.0/error_prone_annotations-2.2.0.jar:/home/user/.m2/repository/org/codehaus/mojo/animal-sniffer-annotations/1.17/animal-sniffer-annotations-1.17.jar:/home/user/.m2/repository/io/opencensus/opencensus-api/0.17.0/opencensus-api-0.17.0.jar:/home/user/.m2/repository/io/opencensus/opencensus-contrib-grpc-metrics/0.17.0/opencensus-contrib-grpc-metrics-0.17.0.jar:/home/user/.m2/repository/io/netty/netty-codec-http2/4.1.30.Final/netty-codec-http2-4.1.30.Final.jar:/home/user/.m2/repository/io/netty/netty-codec-http/4.1.30.Final/netty-codec-http-4.1.30.Final.jar:/home/user/.m2/repository/io/netty/netty-codec/4.1.30.Final/netty-codec-4.1.30.Final.jar:/home/user/.m2/repository/io/netty/netty-handler/4.1.30.Final/netty-handler-4.1.30.Final.jar:/home/user/.m2/repository/io/netty/netty-handler-proxy/4.1.30.Final/netty-handler-proxy-4.1.30.Final.jar:/home/user/.m2/repository/io/netty/netty-codec-socks/4.1.30.Final/netty-codec-socks-4.1.30.Final.jar:/home/user/.m2/repository/io/netty/netty-transport-native-epoll/4.1.30.Final/netty-transport-native-epoll-4.1.30.Final.jar:/home/user/.m2/repository/io/netty/netty-common/4.1.30.Final/netty-common-4.1.30.Final.jar:/home/user/.m2/repository/io/netty/netty-buffer/4.1.30.Final/netty-buffer-4.1.30.Final.jar:/home/user/.m2/repository/io/netty/netty-transport/4.1.30.Final/netty-transport-4.1.30.Final.jar:/home/user/.m2/repository/io/netty/netty-resolver/4.1.30.Final/netty-resolver-4.1.30.Final.jar:/home/user/.m2/repository/io/netty/netty-transport-native-unix-common/4.1.30.Final/netty-transport-native-unix-common-4.1.30.Final.jar:/home/user/.m2/repository/io/grpc/grpc-protobuf/1.17.1/grpc-protobuf-1.17.1.jar:/home/user/.m2/repository/com/google/api/grpc/proto-google-common-protos/1.0.0/proto-google-common-protos-1.0.0.jar:/home/user/.m2/repository/io/grpc/grpc-protobuf-lite/1.17.1/grpc-protobuf-lite-1.17.1.jar:/home/user/.m2/repository/io/grpc/grpc-stub/1.17.1/grpc-stub-1.17.1.jar:/home/user/.m2/repository/org/apache/hadoop/hadoop-ozone-recon/0.5.0-SNAPSHOT/hadoop-ozone-recon-0.5.0-SNAPSHOT.jar:/home/user/.m2/repository/org/apache/hadoop/hadoop-ozone-reconcodegen/0.5.0-SNAPSHOT/hadoop-ozone-reconcodegen-0.5.0-SNAPSHOT.jar:/home/user/.m2/repository/com/google/inject/extensions/guice-multibindings/4.0/guice-multibindings-4.0.jar:/home/user/.m2/repository/com/google/inject/guice/4.0/guice-4.0.jar:/home/user/.m2/repository/aopalliance/aopalliance/1.0/aopalliance-1.0.jar:/home/user/.m2/repository/com/google/inject/extensions/guice-servlet/4.0/guice-servlet-4.0.jar:/home/user/.m2/repository/org/glassfish/jersey/containers/jersey-container-servlet/2.27/jersey-container-servlet-2.27.jar:/home/user/.m2/repository/org/glassfish/hk2/guice-bridge/2.5.0/guice-bridge-2.5.0.jar:/home/user/.m2/repository/org/glassfish/jersey/core/jersey-server/2.27/jersey-server-2.27.jar:/home/user/.m2/repository/org/glassfish/jersey/core/jersey-client/2.27/jersey-client-2.27.jar:/home/user/.m2/repository/org/glassfish/jersey/media/jersey-media-jaxb/2.27/jersey-media-jaxb-2.27.jar:/home/user/.m2/repository/javax/validation/validation-api/1.1.0.Final/validation-api-1.1.0.Final.jar:/home/user/.m2/repository/org/glassfish/jersey/media/jersey-media-json-jackson/2.27/jersey-media-json-jackson-2.27.jar:/home/user/.m2/repository/org/glassfish/jersey/ext/jersey-entity-filtering/2.27/jersey-entity-filtering-2.27.jar:/home/user/.m2/repository/com/google/inject/extensions/guice-assistedinject/4.0/guice-assistedinject-4.0.jar:/home/user/.m2/repository/org/jooq/jooq/3.11.10/jooq-3.11.10.jar:/home/user/.m2/repository/org/jooq/jooq-meta/3.11.10/jooq-meta-3.11.10.jar:/home/user/.m2/repository/org/jooq/jooq-codegen/3.11.10/jooq-codegen-3.11.10.jar:/home/user/.m2/repository/com/jolbox/bonecp/0.8.0.RELEASE/bonecp-0.8.0.RELEASE.jar:/home/user/.m2/repository/org/xerial/sqlite-jdbc/3.25.2/sqlite-jdbc-3.25.2.jar:/home/user/.m2/repository/org/springframework/spring-jdbc/5.1.3.RELEASE/spring-jdbc-5.1.3.RELEASE.jar:/home/user/.m2/repository/org/springframework/spring-beans/5.1.3.RELEASE/spring-beans-5.1.3.RELEASE.jar:/home/user/.m2/repository/org/springframework/spring-core/5.1.3.RELEASE/spring-core-5.1.3.RELEASE.jar:/home/user/.m2/repository/org/springframework/spring-jcl/5.1.3.RELEASE/spring-jcl-5.1.3.RELEASE.jar:/home/user/.m2/repository/org/springframework/spring-tx/5.1.3.RELEASE/spring-tx-5.1.3.RELEASE.jar:/home/user/.m2/repository/org/apache/hadoop/hadoop-ozone-client/0.5.0-SNAPSHOT/hadoop-ozone-client-0.5.0-SNAPSHOT.jar:/home/user/.m2/repository/commons-lang/commons-lang/2.6/commons-lang-2.6.jar:/home/user/.m2/repository/org/apache/hadoop/hadoop-ozone-ozone-manager/0.5.0-SNAPSHOT/hadoop-ozone-ozone-manager-0.5.0-SNAPSHOT-tests.jar:/home/user/.m2/repository/junit/junit/4.11/junit-4.11.jar:/home/user/.m2/repository/org/hamcrest/hamcrest-core/1.3/hamcrest-core-1.3.jar:/home/user/.m2/repository/org/openjdk/jmh/jmh-core/1.19/jmh-core-1.19.jar:/home/user/.m2/repository/net/sf/jopt-simple/jopt-simple/4.6/jopt-simple-4.6.jar:/home/user/.m2/repository/org/apache/commons/commons-math3/3.1.1/commons-math3-3.1.1.jar:/home/user/.m2/repository/org/openjdk/jmh/jmh-generator-annprocess/1.19/jmh-generator-annprocess-1.19.jar:/home/user/.m2/repository/org/mockito/mockito-all/1.8.5/mockito-all-1.8.5.jar:/home/user/.m2/repository/org/apache/hadoop/hadoop-kms/3.2.0/hadoop-kms-3.2.0.jar:/home/user/.m2/repository/org/apache/hadoop/hadoop-auth/3.2.0/hadoop-auth-3.2.0.jar:/home/user/.m2/repository/com/nimbusds/nimbus-jose-jwt/4.41.1/nimbus-jose-jwt-4.41.1.jar:/home/user/.m2/repository/com/github/stephenc/jcip/jcip-annotations/1.0-1/jcip-annotations-1.0-1.jar:/home/user/.m2/repository/net/minidev/json-smart/2.3/json-smart-2.3.jar:/home/user/.m2/repository/net/minidev/accessors-smart/1.2/accessors-smart-1.2.jar:/home/user/.m2/repository/org/ow2/asm/asm/5.0.4/asm-5.0.4.jar:/home/user/.m2/repository/org/apache/curator/curator-framework/2.12.0/curator-framework-2.12.0.jar:/home/user/.m2/repository/com/sun/jersey/jersey-core/1.19/jersey-core-1.19.jar:/home/user/.m2/repository/javax/ws/rs/jsr311-api/1.1.1/jsr311-api-1.1.1.jar:/home/user/.m2/repository/com/sun/jersey/jersey-server/1.19/jersey-server-1.19.jar:/home/user/.m2/repository/javax/servlet/javax.servlet-api/3.1.0/javax.servlet-api-3.1.0.jar:/home/user/.m2/repository/org/eclipse/jetty/jetty-server/9.3.25.v20180904/jetty-server-9.3.25.v20180904.jar:/home/user/.m2/repository/org/eclipse/jetty/jetty-http/9.3.25.v20180904/jetty-http-9.3.25.v20180904.jar:/home/user/.m2/repository/org/eclipse/jetty/jetty-io/9.3.25.v20180904/jetty-io-9.3.25.v20180904.jar:/home/user/.m2/repository/org/eclipse/jetty/jetty-webapp/9.3.25.v20180904/jetty-webapp-9.3.25.v20180904.jar:/home/user/.m2/repository/org/eclipse/jetty/jetty-xml/9.3.25.v20180904/jetty-xml-9.3.25.v20180904.jar:/home/user/.m2/repository/log4j/log4j/1.2.17/log4j-1.2.17.jar:/home/user/.m2/repository/org/slf4j/slf4j-api/1.7.25/slf4j-api-1.7.25.jar:/home/user/.m2/repository/org/slf4j/jul-to-slf4j/1.7.25/jul-to-slf4j-1.7.25.jar:/home/user/.m2/repository/org/eclipse/jetty/jetty-util/9.3.25.v20180904/jetty-util-9.3.25.v20180904.jar:/home/user/.m2/repository/com/fasterxml/jackson/core/jackson-databind/2.9.9/jackson-databind-2.9.9.jar:/home/user/.m2/repository/org/apache/hadoop/hadoop-kms/3.2.0/hadoop-kms-3.2.0-tests.jar:/home/user/.m2/repository/org/apache/hadoop/hadoop-hdds-server-scm/0.5.0-SNAPSHOT/hadoop-hdds-server-scm-0.5.0-SNAPSHOT-tests.jar:/home/user/.m2/repository/org/apache/hadoop/hadoop-hdds-container-service/0.5.0-SNAPSHOT/hadoop-hdds-container-service-0.5.0-SNAPSHOT-tests.jar:/home/user/.m2/repository/org/yaml/snakeyaml/1.16/snakeyaml-1.16.jar:/home/user/.m2/repository/org/apache/hadoop/hadoop-common/3.2.0/hadoop-common-3.2.0-tests.jar:/home/user/.m2/repository/org/apache/hadoop/hadoop-annotations/3.2.0/hadoop-annotations-3.2.0.jar:/usr/lib/jvm/java-1.8-openjdk/jre/../lib/tools.jar:/home/user/.m2/repository/commons-cli/commons-cli/1.2/commons-cli-1.2.jar:/home/user/.m2/repository/org/apache/httpcomponents/httpclient/4.5.2/httpclient-4.5.2.jar:/home/user/.m2/repository/org/apache/httpcomponents/httpcore/4.4.4/httpcore-4.4.4.jar:/home/user/.m2/repository/commons-codec/commons-codec/1.11/commons-codec-1.11.jar:/home/user/.m2/repository/commons-net/commons-net/3.6/commons-net-3.6.jar:/home/user/.m2/repository/commons-collections/commons-collections/3.2.2/commons-collections-3.2.2.jar:/home/user/.m2/repository/org/eclipse/jetty/jetty-servlet/9.3.25.v20180904/jetty-servlet-9.3.25.v20180904.jar:/home/user/.m2/repository/org/eclipse/jetty/jetty-security/9.3.25.v20180904/jetty-security-9.3.25.v20180904.jar:/home/user/.m2/repository/javax/servlet/jsp/jsp-api/2.1/jsp-api-2.1.jar:/home/user/.m2/repository/com/sun/jersey/jersey-servlet/1.19/jersey-servlet-1.19.jar:/home/user/.m2/repository/com/sun/jersey/jersey-json/1.19/jersey-json-1.19.jar:/home/user/.m2/repository/org/codehaus/jettison/jettison/1.1/jettison-1.1.jar:/home/user/.m2/repository/org/codehaus/jackson/jackson-core-asl/1.9.13/jackson-core-asl-1.9.13.jar:/home/user/.m2/repository/org/codehaus/jackson/jackson-mapper-asl/1.9.13/jackson-mapper-asl-1.9.13.jar:/home/user/.m2/repository/org/codehaus/jackson/jackson-jaxrs/1.9.13/jackson-jaxrs-1.9.13.jar:/home/user/.m2/repository/org/codehaus/jackson/jackson-xc/1.9.13/jackson-xc-1.9.13.jar:/home/user/.m2/repository/commons-logging/commons-logging/1.1.3/commons-logging-1.1.3.jar:/home/user/.m2/repository/commons-beanutils/commons-beanutils/1.9.4/commons-beanutils-1.9.4.jar:/home/user/.m2/repository/org/apache/commons/commons-configuration2/2.1.1/commons-configuration2-2.1.1.jar:/home/user/.m2/repository/org/apache/commons/commons-lang3/3.7/commons-lang3-3.7.jar:/home/user/.m2/repository/org/apache/commons/commons-text/1.4/commons-text-1.4.jar:/home/user/.m2/repository/org/apache/avro/avro/1.7.7/avro-1.7.7.jar:/home/user/.m2/repository/com/thoughtworks/paranamer/paranamer/2.3/paranamer-2.3.jar:/home/user/.m2/repository/org/xerial/snappy/snappy-java/1.0.5/snappy-java-1.0.5.jar:/home/user/.m2/repository/com/google/re2j/re2j/1.1/re2j-1.1.jar:/home/user/.m2/repository/com/google/code/gson/gson/2.2.4/gson-2.2.4.jar:/home/user/.m2/repository/com/jcraft/jsch/0.1.54/jsch-0.1.54.jar:/home/user/.m2/repository/org/apache/curator/curator-client/2.12.0/curator-client-2.12.0.jar:/home/user/.m2/repository/org/apache/curator/curator-recipes/2.12.0/curator-recipes-2.12.0.jar:/home/user/.m2/repository/com/google/code/findbugs/jsr305/3.0.0/jsr305-3.0.0.jar:/home/user/.m2/repository/org/apache/htrace/htrace-core4/4.1.0-incubating/htrace-core4-4.1.0-incubating.jar:/home/user/.m2/repository/org/apache/zookeeper/zookeeper/3.4.13/zookeeper-3.4.13.jar:/home/user/.m2/repository/jline/jline/0.9.94/jline-0.9.94.jar:/home/user/.m2/repository/org/apache/yetus/audience-annotations/0.5.0/audience-annotations-0.5.0.jar:/home/user/.m2/repository/org/codehaus/woodstox/stax2-api/3.1.4/stax2-api-3.1.4.jar:/home/user/.m2/repository/com/fasterxml/woodstox/woodstox-core/5.0.3/woodstox-core-5.0.3.jar:/home/user/.m2/repository/dnsjava/dnsjava/2.1.7/dnsjava-2.1.7.jar:/home/user/.m2/repository/org/apache/hadoop/hadoop-hdfs/3.2.0/hadoop-hdfs-3.2.0-tests.jar:/home/user/.m2/repository/org/eclipse/jetty/jetty-util-ajax/9.3.25.v20180904/jetty-util-ajax-9.3.25.v20180904.jar:/home/user/.m2/repository/commons-daemon/commons-daemon/1.0.13/commons-daemon-1.0.13.jar:/home/user/.m2/repository/io/netty/netty/3.10.5.Final/netty-3.10.5.Final.jar:/home/user/.m2/repository/io/netty/netty-all/4.0.52.Final/netty-all-4.0.52.Final.jar:/home/user/.m2/repository/org/fusesource/leveldbjni/leveldbjni-all/1.8/leveldbjni-all-1.8.jar:"/>
    <property name="sun.cpu.endian" value="little"/>
    <property name="user.home" value="/home/user"/>
    <property name="user.language" value="en"/>
    <property name="java.specification.vendor" value="Oracle Corporation"/>
    <property name="java.home" value="/usr/lib/jvm/java-1.8-openjdk/jre"/>
    <property name="java.security.krb5.conf" value="/workdir/hadoop-ozone/integration-test/target/test-classes/krb5.conf"/>
    <property name="basedir" value="/workdir/hadoop-ozone/integration-test"/>
    <property name="file.separator" value="/"/>
    <property name="line.separator" value="&#10;"/>
    <property name="java.vm.specification.vendor" value="Oracle Corporation"/>
    <property name="java.specification.name" value="Java Platform API Specification"/>
    <property name="java.awt.graphicsenv" value="sun.awt.X11GraphicsEnvironment"/>
    <property name="surefire.real.class.path" value="/workdir/hadoop-ozone/integration-test/target/surefire/surefirebooter934394935964357064.jar"/>
    <property name="hadoop.log.dir" value="/workdir/hadoop-ozone/integration-test/target/log"/>
    <property name="sun.boot.class.path" value="/usr/lib/jvm/java-1.8-openjdk/jre/lib/resources.jar:/usr/lib/jvm/java-1.8-openjdk/jre/lib/rt.jar:/usr/lib/jvm/java-1.8-openjdk/jre/lib/sunrsasign.jar:/usr/lib/jvm/java-1.8-openjdk/jre/lib/jsse.jar:/usr/lib/jvm/java-1.8-openjdk/jre/lib/jce.jar:/usr/lib/jvm/java-1.8-openjdk/jre/lib/charsets.jar:/usr/lib/jvm/java-1.8-openjdk/jre/lib/jfr.jar:/usr/lib/jvm/java-1.8-openjdk/jre/classes"/>
    <property name="sun.management.compiler" value="HotSpot 64-Bit Tiered Compilers"/>
    <property name="java.runtime.version" value="1.8.0_212-b04"/>
    <property name="java.net.preferIPv4Stack" value="true"/>
    <property name="user.name" value="jenkins1000"/>
    <property name="path.separator" value=":"/>
    <property name="java.security.egd" value="file:///dev/urandom"/>
    <property name="os.version" value="3.10.0-957.12.2.el7.x86_64"/>
    <property name="java.endorsed.dirs" value="/usr/lib/jvm/java-1.8-openjdk/jre/lib/endorsed"/>
    <property name="java.runtime.name" value="OpenJDK Runtime Environment"/>
    <property name="file.encoding" value="UTF-8"/>
    <property name="java.vm.name" value="OpenJDK 64-Bit Server VM"/>
    <property name="test.build.webapps" value=""/>
    <property name="localRepository" value="/home/user/.m2/repository"/>
    <property name="java.vendor.url.bug" value="https://icedtea.classpath.org/bugzilla"/>
    <property name="java.io.tmpdir" value="/tmp"/>
    <property name="require.test.libhadoop" value=""/>
    <property name="java.version" value="1.8.0_212"/>
    <property name="user.dir" value="/workdir/hadoop-ozone/integration-test"/>
    <property name="os.arch" value="amd64"/>
    <property name="java.vm.specification.name" value="Java Virtual Machine Specification"/>
    <property name="test.build.classes" value="/workdir/hadoop-ozone/integration-test/target/test-classes"/>
    <property name="java.awt.printerjob" value="sun.print.PSPrinterJob"/>
    <property name="sun.os.patch.level" value="unknown"/>
    <property name="hadoop.tmp.dir" value="/workdir/hadoop-ozone/integration-test/target/tmp"/>
    <property name="java.library.path" value="/usr/lib/jvm/java-1.8-openjdk/jre/lib/amd64/server:/usr/lib/jvm/java-1.8-openjdk/jre/lib/amd64:/usr/lib/jvm/java-1.8-openjdk/jre/../lib/amd64:/workdir/hadoop-ozone/integration-test/target/native/target/usr/local/lib:/workdir/hadoop-ozone/integration-test/../../hadoop-common-project/hadoop-common/target/native/target/usr/local/lib:/usr/java/packages/lib/amd64:/usr/lib64:/lib64:/lib:/usr/lib"/>
    <property name="java.vm.info" value="mixed mode"/>
    <property name="java.vendor" value="IcedTea"/>
    <property name="java.vm.version" value="25.212-b04"/>
    <property name="java.ext.dirs" value="/usr/lib/jvm/java-1.8-openjdk/jre/lib/ext:/usr/java/packages/lib/ext"/>
    <property name="sun.io.unicode.encoding" value="UnicodeLittle"/>
    <property name="java.class.version" value="52.0"/>
  </properties>
  <testcase name="test2DatanodesFailure" classname="org.apache.hadoop.ozone.client.rpc.TestBlockOutputStreamWithFailures" time="112.96">
    <error message="Allocated 0 blocks. Requested 1 blocks" type="INTERNAL_ERROR org.apache.hadoop.ozone.om.exceptions.OMException">INTERNAL_ERROR org.apache.hadoop.ozone.om.exceptions.OMException: Allocated 0 blocks. Requested 1 blocks
	at org.apache.hadoop.ozone.om.protocolPB.OzoneManagerProtocolClientSideTranslatorPB.handleError(OzoneManagerProtocolClientSideTranslatorPB.java:732)
	at org.apache.hadoop.ozone.om.protocolPB.OzoneManagerProtocolClientSideTranslatorPB.allocateBlock(OzoneManagerProtocolClientSideTranslatorPB.java:764)
	at sun.reflect.NativeMethodAccessorImpl.invoke0(Native Method)
	at sun.reflect.NativeMethodAccessorImpl.invoke(NativeMethodAccessorImpl.java:62)
	at sun.reflect.DelegatingMethodAccessorImpl.invoke(DelegatingMethodAccessorImpl.java:43)
	at java.lang.reflect.Method.invoke(Method.java:498)
	at org.apache.hadoop.hdds.tracing.TraceAllMethod.invoke(TraceAllMethod.java:66)
	at com.sun.proxy.$Proxy37.allocateBlock(Unknown Source)
	at org.apache.hadoop.ozone.client.io.BlockOutputStreamEntryPool.allocateNewBlock(BlockOutputStreamEntryPool.java:256)
	at org.apache.hadoop.ozone.client.io.BlockOutputStreamEntryPool.allocateBlockIfNeeded(BlockOutputStreamEntryPool.java:304)
	at org.apache.hadoop.ozone.client.io.KeyOutputStream.handleWrite(KeyOutputStream.java:198)
	at org.apache.hadoop.ozone.client.io.KeyOutputStream.handleRetry(KeyOutputStream.java:375)
	at org.apache.hadoop.ozone.client.io.KeyOutputStream.handleException(KeyOutputStream.java:324)
	at org.apache.hadoop.ozone.client.io.KeyOutputStream.handleFlushOrClose(KeyOutputStream.java:449)
	at org.apache.hadoop.ozone.client.io.KeyOutputStream.flush(KeyOutputStream.java:397)
	at org.apache.hadoop.ozone.client.io.OzoneOutputStream.flush(OzoneOutputStream.java:54)
	at org.apache.hadoop.ozone.client.rpc.TestBlockOutputStreamWithFailures.test2DatanodesFailure(TestBlockOutputStreamWithFailures.java:502)
	at sun.reflect.NativeMethodAccessorImpl.invoke0(Native Method)
	at sun.reflect.NativeMethodAccessorImpl.invoke(NativeMethodAccessorImpl.java:62)
	at sun.reflect.DelegatingMethodAccessorImpl.invoke(DelegatingMethodAccessorImpl.java:43)
	at java.lang.reflect.Method.invoke(Method.java:498)
	at org.junit.runners.model.FrameworkMethod$1.runReflectiveCall(FrameworkMethod.java:47)
	at org.junit.internal.runners.model.ReflectiveCallable.run(ReflectiveCallable.java:12)
	at org.junit.runners.model.FrameworkMethod.invokeExplosively(FrameworkMethod.java:44)
	at org.junit.internal.runners.statements.InvokeMethod.evaluate(InvokeMethod.java:17)
	at org.junit.internal.runners.statements.RunBefores.evaluate(RunBefores.java:26)
	at org.junit.internal.runners.statements.RunAfters.evaluate(RunAfters.java:27)
	at org.junit.runners.ParentRunner.runLeaf(ParentRunner.java:271)
	at org.junit.runners.BlockJUnit4ClassRunner.runChild(BlockJUnit4ClassRunner.java:70)
	at org.junit.runners.BlockJUnit4ClassRunner.runChild(BlockJUnit4ClassRunner.java:50)
	at org.junit.runners.ParentRunner$3.run(ParentRunner.java:238)
	at org.junit.runners.ParentRunner$1.schedule(ParentRunner.java:63)
	at org.junit.runners.ParentRunner.runChildren(ParentRunner.java:236)
	at org.junit.runners.ParentRunner.access$000(ParentRunner.java:53)
	at org.junit.runners.ParentRunner$2.evaluate(ParentRunner.java:229)
	at org.junit.runners.ParentRunner.run(ParentRunner.java:309)
	at org.apache.maven.surefire.junit4.JUnit4Provider.execute(JUnit4Provider.java:365)
	at org.apache.maven.surefire.junit4.JUnit4Provider.executeWithRerun(JUnit4Provider.java:273)
	at org.apache.maven.surefire.junit4.JUnit4Provider.executeTestSet(JUnit4Provider.java:238)
	at org.apache.maven.surefire.junit4.JUnit4Provider.invoke(JUnit4Provider.java:159)
	at org.apache.maven.surefire.booter.ForkedBooter.invokeProviderInSameClassLoader(ForkedBooter.java:384)
	at org.apache.maven.surefire.booter.ForkedBooter.runSuitesInProcess(ForkedBooter.java:345)
	at org.apache.maven.surefire.booter.ForkedBooter.execute(ForkedBooter.java:126)
	at org.apache.maven.surefire.booter.ForkedBooter.main(ForkedBooter.java:418)
</error>
    <system-out><![CDATA[2019-10-10 00:00:26,065 [main] WARN  server.ServerUtils (ServerUtils.java:getScmDbDir(145)) - ozone.scm.db.dirs is not configured. We recommend adding this setting. Falling back to ozone.metadata.dirs instead.
2019-10-10 00:00:26,192 [main] WARN  server.ServerUtils (ServerUtils.java:getScmDbDir(145)) - ozone.scm.db.dirs is not configured. We recommend adding this setting. Falling back to ozone.metadata.dirs instead.
2019-10-10 00:00:26,195 [main] WARN  server.ServerUtils (ServerUtils.java:getScmDbDir(145)) - ozone.scm.db.dirs is not configured. We recommend adding this setting. Falling back to ozone.metadata.dirs instead.
2019-10-10 00:00:26,221 [main] INFO  util.log (Log.java:initialized(192)) - Logging initialized @931ms
2019-10-10 00:00:26,315 [main] INFO  db.DBStoreBuilder (DBStoreBuilder.java:addTable(117)) - using custom profile for table: deletedBlocks
2019-10-10 00:00:26,315 [main] INFO  db.DBStoreBuilder (DBStoreBuilder.java:processTables(168)) - Using default column profile:DBProfile.DISK for Table:deletedBlocks
2019-10-10 00:00:26,315 [main] INFO  db.DBStoreBuilder (DBStoreBuilder.java:addTable(117)) - using custom profile for table: validCerts
2019-10-10 00:00:26,316 [main] INFO  db.DBStoreBuilder (DBStoreBuilder.java:processTables(168)) - Using default column profile:DBProfile.DISK for Table:validCerts
2019-10-10 00:00:26,316 [main] INFO  db.DBStoreBuilder (DBStoreBuilder.java:addTable(117)) - using custom profile for table: revokedCerts
2019-10-10 00:00:26,316 [main] INFO  db.DBStoreBuilder (DBStoreBuilder.java:processTables(168)) - Using default column profile:DBProfile.DISK for Table:revokedCerts
2019-10-10 00:00:26,330 [main] INFO  db.DBStoreBuilder (DBStoreBuilder.java:addTable(117)) - using custom profile for table: default
2019-10-10 00:00:26,330 [main] INFO  db.DBStoreBuilder (DBStoreBuilder.java:processTables(174)) - Using default column profile:DBProfile.DISK for Table:default
2019-10-10 00:00:26,332 [main] INFO  db.DBStoreBuilder (DBStoreBuilder.java:getDbProfile(205)) - Using default options. DBProfile.DISK
2019-10-10 00:00:26,575 [main] INFO  net.NodeSchemaLoader (NodeSchemaLoader.java:loadSchemaFromFile(125)) - Loading file from sun.misc.CompoundEnumeration@28701274
2019-10-10 00:00:26,577 [main] INFO  net.NodeSchemaLoader (NodeSchemaLoader.java:loadSchema(171)) - Loading network topology layer schema file
2019-10-10 00:00:26,641 [main] INFO  node.SCMNodeManager (SCMNodeManager.java:<init>(116)) - Entering startup safe mode.
2019-10-10 00:00:26,707 [main] INFO  algorithms.ContainerPlacementPolicyFactory (ContainerPlacementPolicyFactory.java:getPolicy(57)) - Create container placement policy of type org.apache.hadoop.hdds.scm.container.placement.algorithms.SCMContainerPlacementRandom
2019-10-10 00:00:26,721 [main] WARN  server.ServerUtils (ServerUtils.java:getScmDbDir(145)) - ozone.scm.db.dirs is not configured. We recommend adding this setting. Falling back to ozone.metadata.dirs instead.
2019-10-10 00:00:26,805 [main] INFO  pipeline.SCMPipelineManager (SCMPipelineManager.java:initializePipelineState(132)) - No pipeline exists in current db
2019-10-10 00:00:26,808 [main] WARN  server.ServerUtils (ServerUtils.java:getScmDbDir(145)) - ozone.scm.db.dirs is not configured. We recommend adding this setting. Falling back to ozone.metadata.dirs instead.
2019-10-10 00:00:26,905 [main] WARN  events.EventQueue (EventQueue.java:fireEvent(183)) - No event handler registered for event TypedEvent{payloadType=SafeModeStatus, name='SafeModeStatus'}
2019-10-10 00:00:27,240 [main] INFO  ipc.CallQueueManager (CallQueueManager.java:<init>(84)) - Using callQueue: class java.util.concurrent.LinkedBlockingQueue, queueCapacity: 2000, scheduler: class org.apache.hadoop.ipc.DefaultRpcScheduler, ipcBackoff: false.
2019-10-10 00:00:27,267 [Socket Reader #1 for port 39974] INFO  ipc.Server (Server.java:run(1074)) - Starting Socket Reader #1 for port 39974
2019-10-10 00:00:27,407 [main] INFO  ipc.CallQueueManager (CallQueueManager.java:<init>(84)) - Using callQueue: class java.util.concurrent.LinkedBlockingQueue, queueCapacity: 2000, scheduler: class org.apache.hadoop.ipc.DefaultRpcScheduler, ipcBackoff: false.
2019-10-10 00:00:27,409 [Socket Reader #1 for port 34211] INFO  ipc.Server (Server.java:run(1074)) - Starting Socket Reader #1 for port 34211
2019-10-10 00:00:27,422 [main] INFO  ipc.CallQueueManager (CallQueueManager.java:<init>(84)) - Using callQueue: class java.util.concurrent.LinkedBlockingQueue, queueCapacity: 2000, scheduler: class org.apache.hadoop.ipc.DefaultRpcScheduler, ipcBackoff: false.
2019-10-10 00:00:27,423 [Socket Reader #1 for port 37141] INFO  ipc.Server (Server.java:run(1074)) - Starting Socket Reader #1 for port 37141
2019-10-10 00:00:27,451 [main] INFO  hdfs.DFSUtil (DFSUtil.java:httpServerTemplateForNNAndJN(1641)) - Starting Web-server for scm at: http://0.0.0.0:0
2019-10-10 00:00:27,583 [main] INFO  server.AuthenticationFilter (AuthenticationFilter.java:constructSecretProvider(240)) - Unable to initialize FileSignerSecretProvider, falling back to use random secrets.
2019-10-10 00:00:27,592 [main] WARN  http.HttpRequestLog (HttpRequestLog.java:getRequestLog(97)) - Jetty request log can only be enabled using Log4j
2019-10-10 00:00:27,601 [main] INFO  http.HttpServer2 (HttpServer2.java:addGlobalFilter(975)) - Added global filter 'safety' (class=org.apache.hadoop.http.HttpServer2$QuotingInputFilter)
2019-10-10 00:00:27,603 [main] INFO  http.HttpServer2 (HttpServer2.java:addFilter(948)) - Added filter static_user_filter (class=org.apache.hadoop.http.lib.StaticUserWebFilter$StaticUserFilter) to context scm
2019-10-10 00:00:27,604 [main] INFO  http.HttpServer2 (HttpServer2.java:addFilter(958)) - Added filter static_user_filter (class=org.apache.hadoop.http.lib.StaticUserWebFilter$StaticUserFilter) to context logs
2019-10-10 00:00:27,604 [main] INFO  http.HttpServer2 (HttpServer2.java:addFilter(958)) - Added filter static_user_filter (class=org.apache.hadoop.http.lib.StaticUserWebFilter$StaticUserFilter) to context static
2019-10-10 00:00:27,636 [main] INFO  server.StorageContainerManager (StorageContainerManager.java:start(772)) - StorageContainerLocationProtocol RPC server is listening at /0.0.0.0:37141
2019-10-10 00:00:27,702 [main] WARN  impl.MetricsConfig (MetricsConfig.java:loadFirst(134)) - Cannot locate configuration: tried hadoop-metrics2-storagecontainermanager.properties,hadoop-metrics2.properties
2019-10-10 00:00:27,715 [main] INFO  impl.MetricsSystemImpl (MetricsSystemImpl.java:startTimer(374)) - Scheduled Metric snapshot period at 10 second(s).
2019-10-10 00:00:27,715 [main] INFO  impl.MetricsSystemImpl (MetricsSystemImpl.java:start(191)) - StorageContainerManager metrics system started
2019-10-10 00:00:27,945 [main] INFO  server.SCMClientProtocolServer (SCMClientProtocolServer.java:start(159)) - RPC server for Client  is listening at /0.0.0.0:37141
2019-10-10 00:00:27,946 [IPC Server Responder] INFO  ipc.Server (Server.java:run(1314)) - IPC Server Responder: starting
2019-10-10 00:00:27,946 [IPC Server listener on 37141] INFO  ipc.Server (Server.java:run(1153)) - IPC Server listener on 37141: starting
2019-10-10 00:00:27,950 [main] INFO  server.StorageContainerManager (StorageContainerManager.java:start(782)) - ScmBlockLocationProtocol RPC server is listening at /0.0.0.0:34211
2019-10-10 00:00:27,951 [main] INFO  server.SCMBlockProtocolServer (SCMBlockProtocolServer.java:start(146)) - RPC server for Block Protocol is listening at /0.0.0.0:34211
2019-10-10 00:00:27,951 [IPC Server Responder] INFO  ipc.Server (Server.java:run(1314)) - IPC Server Responder: starting
2019-10-10 00:00:27,952 [IPC Server listener on 34211] INFO  ipc.Server (Server.java:run(1153)) - IPC Server listener on 34211: starting
2019-10-10 00:00:27,954 [main] INFO  server.StorageContainerManager (StorageContainerManager.java:start(786)) - ScmDatanodeProtocl RPC server is listening at /0.0.0.0:39974
2019-10-10 00:00:27,955 [main] INFO  server.SCMDatanodeProtocolServer (SCMDatanodeProtocolServer.java:start(169)) - RPC server for DataNodes is listening at /0.0.0.0:39974
2019-10-10 00:00:27,956 [IPC Server Responder] INFO  ipc.Server (Server.java:run(1314)) - IPC Server Responder: starting
2019-10-10 00:00:27,956 [IPC Server listener on 39974] INFO  ipc.Server (Server.java:run(1153)) - IPC Server listener on 39974: starting
2019-10-10 00:00:27,960 [main] INFO  http.HttpServer2 (HttpServer2.java:bindListener(1191)) - Jetty bound to port 45340
2019-10-10 00:00:27,963 [main] INFO  server.Server (Server.java:doStart(351)) - jetty-9.3.25.v20180904, build timestamp: 2018-09-04T21:11:46Z, git hash: 3ce520221d0240229c862b122d2b06c12a625732
2019-10-10 00:00:28,015 [main] INFO  handler.ContextHandler (ContextHandler.java:doStart(781)) - Started o.e.j.s.ServletContextHandler@7a560583{/logs,file:///workdir/hadoop-ozone/integration-test/target/log,AVAILABLE}
2019-10-10 00:00:28,016 [main] INFO  handler.ContextHandler (ContextHandler.java:doStart(781)) - Started o.e.j.s.ServletContextHandler@53f0a4cb{/static,file:///workdir/hadoop-ozone/integration-test/target/test-classes/webapps/static,AVAILABLE}
2019-10-10 00:00:28,054 [main] INFO  handler.ContextHandler (ContextHandler.java:doStart(781)) - Started o.e.j.w.WebAppContext@6970140a{/,file:///workdir/hadoop-ozone/integration-test/target/test-classes/webapps/scm/,AVAILABLE}{/scm}
2019-10-10 00:00:28,060 [main] INFO  server.AbstractConnector (AbstractConnector.java:doStart(278)) - Started ServerConnector@1c32886a{HTTP/1.1,[http/1.1]}{0.0.0.0:45340}
2019-10-10 00:00:28,060 [main] INFO  server.Server (Server.java:doStart(419)) - Started @2771ms
2019-10-10 00:00:28,062 [main] INFO  impl.MetricsSinkAdapter (MetricsSinkAdapter.java:start(204)) - Sink prometheus started
2019-10-10 00:00:28,063 [main] INFO  impl.MetricsSystemImpl (MetricsSystemImpl.java:registerSink(301)) - Registered sink prometheus
2019-10-10 00:00:28,064 [main] INFO  server.BaseHttpServer (BaseHttpServer.java:updateConnectorAddress(215)) - HTTP server of SCM is listening at http://0.0.0.0:45340
2019-10-10 00:00:28,070 [org.apache.hadoop.util.JvmPauseMonitor$Monitor@62d363ab] INFO  util.JvmPauseMonitor (JvmPauseMonitor.java:run(188)) - Starting JVM pause monitor
2019-10-10 00:00:28,075 [main] WARN  server.ServerUtils (ServerUtils.java:getDBPath(222)) - ozone.om.db.dirs is not configured. We recommend adding this setting. Falling back to ozone.metadata.dirs instead.
2019-10-10 00:00:28,181 [main] INFO  ha.OMHANodeDetails (OMHANodeDetails.java:loadOMHAConfig(190)) - Configuration either no ozone.om.address set. Falling back to the default OM address /127.0.0.1:0
2019-10-10 00:00:28,181 [main] INFO  ha.OMHANodeDetails (OMHANodeDetails.java:getOMNodeDetails(220)) - OM Service ID is not set. Setting it to the default ID: omServiceIdDefault
2019-10-10 00:00:28,183 [main] WARN  server.ServerUtils (ServerUtils.java:getDBPath(222)) - ozone.om.db.dirs is not configured. We recommend adding this setting. Falling back to ozone.metadata.dirs instead.
2019-10-10 00:00:28,183 [main] WARN  server.ServerUtils (ServerUtils.java:getDBPath(222)) - ozone.om.db.dirs is not configured. We recommend adding this setting. Falling back to ozone.metadata.dirs instead.
2019-10-10 00:00:28,922 [main] WARN  server.ServerUtils (ServerUtils.java:getDBPath(222)) - ozone.om.db.dirs is not configured. We recommend adding this setting. Falling back to ozone.metadata.dirs instead.
2019-10-10 00:00:28,930 [main] INFO  db.DBStoreBuilder (DBStoreBuilder.java:addTable(117)) - using custom profile for table: userTable
2019-10-10 00:00:28,930 [main] INFO  db.DBStoreBuilder (DBStoreBuilder.java:processTables(168)) - Using default column profile:DBProfile.DISK for Table:userTable
2019-10-10 00:00:28,930 [main] INFO  db.DBStoreBuilder (DBStoreBuilder.java:addTable(117)) - using custom profile for table: volumeTable
2019-10-10 00:00:28,931 [main] INFO  db.DBStoreBuilder (DBStoreBuilder.java:processTables(168)) - Using default column profile:DBProfile.DISK for Table:volumeTable
2019-10-10 00:00:28,931 [main] INFO  db.DBStoreBuilder (DBStoreBuilder.java:addTable(117)) - using custom profile for table: bucketTable
2019-10-10 00:00:28,931 [main] INFO  db.DBStoreBuilder (DBStoreBuilder.java:processTables(168)) - Using default column profile:DBProfile.DISK for Table:bucketTable
2019-10-10 00:00:28,931 [main] INFO  db.DBStoreBuilder (DBStoreBuilder.java:addTable(117)) - using custom profile for table: keyTable
2019-10-10 00:00:28,932 [main] INFO  db.DBStoreBuilder (DBStoreBuilder.java:processTables(168)) - Using default column profile:DBProfile.DISK for Table:keyTable
2019-10-10 00:00:28,932 [main] INFO  db.DBStoreBuilder (DBStoreBuilder.java:addTable(117)) - using custom profile for table: deletedTable
2019-10-10 00:00:28,932 [main] INFO  db.DBStoreBuilder (DBStoreBuilder.java:processTables(168)) - Using default column profile:DBProfile.DISK for Table:deletedTable
2019-10-10 00:00:28,932 [main] INFO  db.DBStoreBuilder (DBStoreBuilder.java:addTable(117)) - using custom profile for table: openKeyTable
2019-10-10 00:00:28,933 [main] INFO  db.DBStoreBuilder (DBStoreBuilder.java:processTables(168)) - Using default column profile:DBProfile.DISK for Table:openKeyTable
2019-10-10 00:00:28,933 [main] INFO  db.DBStoreBuilder (DBStoreBuilder.java:addTable(117)) - using custom profile for table: s3Table
2019-10-10 00:00:28,933 [main] INFO  db.DBStoreBuilder (DBStoreBuilder.java:processTables(168)) - Using default column profile:DBProfile.DISK for Table:s3Table
2019-10-10 00:00:28,933 [main] INFO  db.DBStoreBuilder (DBStoreBuilder.java:addTable(117)) - using custom profile for table: multipartInfoTable
2019-10-10 00:00:28,934 [main] INFO  db.DBStoreBuilder (DBStoreBuilder.java:processTables(168)) - Using default column profile:DBProfile.DISK for Table:multipartInfoTable
2019-10-10 00:00:28,934 [main] INFO  db.DBStoreBuilder (DBStoreBuilder.java:addTable(117)) - using custom profile for table: dTokenTable
2019-10-10 00:00:28,934 [main] INFO  db.DBStoreBuilder (DBStoreBuilder.java:processTables(168)) - Using default column profile:DBProfile.DISK for Table:dTokenTable
2019-10-10 00:00:28,934 [main] INFO  db.DBStoreBuilder (DBStoreBuilder.java:addTable(117)) - using custom profile for table: s3SecretTable
2019-10-10 00:00:28,935 [main] INFO  db.DBStoreBuilder (DBStoreBuilder.java:processTables(168)) - Using default column profile:DBProfile.DISK for Table:s3SecretTable
2019-10-10 00:00:28,935 [main] INFO  db.DBStoreBuilder (DBStoreBuilder.java:addTable(117)) - using custom profile for table: prefixTable
2019-10-10 00:00:28,935 [main] INFO  db.DBStoreBuilder (DBStoreBuilder.java:processTables(168)) - Using default column profile:DBProfile.DISK for Table:prefixTable
2019-10-10 00:00:28,935 [main] INFO  db.DBStoreBuilder (DBStoreBuilder.java:addTable(117)) - using custom profile for table: default
2019-10-10 00:00:28,936 [main] INFO  db.DBStoreBuilder (DBStoreBuilder.java:processTables(174)) - Using default column profile:DBProfile.DISK for Table:default
2019-10-10 00:00:28,936 [main] INFO  db.DBStoreBuilder (DBStoreBuilder.java:getDbProfile(205)) - Using default options. DBProfile.DISK
2019-10-10 00:00:29,364 [main] INFO  ipc.CallQueueManager (CallQueueManager.java:<init>(84)) - Using callQueue: class java.util.concurrent.LinkedBlockingQueue, queueCapacity: 2000, scheduler: class org.apache.hadoop.ipc.DefaultRpcScheduler, ipcBackoff: false.
2019-10-10 00:00:29,365 [Socket Reader #1 for port 40281] INFO  ipc.Server (Server.java:run(1074)) - Starting Socket Reader #1 for port 40281
2019-10-10 00:00:29,392 [main] INFO  om.OzoneManager (OzoneManager.java:start(1069)) - OzoneManager RPC server is listening at localhost/127.0.0.1:40281
2019-10-10 00:00:29,392 [main] INFO  impl.MetricsSystemImpl (MetricsSystemImpl.java:init(158)) - OzoneManager metrics system started (again)
2019-10-10 00:00:29,401 [IPC Server Responder] INFO  ipc.Server (Server.java:run(1314)) - IPC Server Responder: starting
2019-10-10 00:00:29,402 [IPC Server listener on 40281] INFO  ipc.Server (Server.java:run(1153)) - IPC Server listener on 40281: starting
2019-10-10 00:00:29,408 [main] INFO  hdfs.DFSUtil (DFSUtil.java:httpServerTemplateForNNAndJN(1641)) - Starting Web-server for ozoneManager at: http://0.0.0.0:0
2019-10-10 00:00:29,410 [main] INFO  server.AuthenticationFilter (AuthenticationFilter.java:constructSecretProvider(240)) - Unable to initialize FileSignerSecretProvider, falling back to use random secrets.
2019-10-10 00:00:29,411 [main] WARN  http.HttpRequestLog (HttpRequestLog.java:getRequestLog(97)) - Jetty request log can only be enabled using Log4j
2019-10-10 00:00:29,413 [main] INFO  http.HttpServer2 (HttpServer2.java:addGlobalFilter(975)) - Added global filter 'safety' (class=org.apache.hadoop.http.HttpServer2$QuotingInputFilter)
2019-10-10 00:00:29,415 [main] INFO  http.HttpServer2 (HttpServer2.java:addFilter(948)) - Added filter static_user_filter (class=org.apache.hadoop.http.lib.StaticUserWebFilter$StaticUserFilter) to context ozoneManager
2019-10-10 00:00:29,415 [main] INFO  http.HttpServer2 (HttpServer2.java:addFilter(958)) - Added filter static_user_filter (class=org.apache.hadoop.http.lib.StaticUserWebFilter$StaticUserFilter) to context static
2019-10-10 00:00:29,415 [main] INFO  http.HttpServer2 (HttpServer2.java:addFilter(958)) - Added filter static_user_filter (class=org.apache.hadoop.http.lib.StaticUserWebFilter$StaticUserFilter) to context logs
2019-10-10 00:00:29,418 [main] INFO  http.HttpServer2 (HttpServer2.java:bindListener(1191)) - Jetty bound to port 38392
2019-10-10 00:00:29,418 [main] INFO  server.Server (Server.java:doStart(351)) - jetty-9.3.25.v20180904, build timestamp: 2018-09-04T21:11:46Z, git hash: 3ce520221d0240229c862b122d2b06c12a625732
2019-10-10 00:00:29,420 [main] INFO  handler.ContextHandler (ContextHandler.java:doStart(781)) - Started o.e.j.s.ServletContextHandler@3eed0f5{/logs,file:///workdir/hadoop-ozone/integration-test/target/log,AVAILABLE}
2019-10-10 00:00:29,421 [main] INFO  handler.ContextHandler (ContextHandler.java:doStart(781)) - Started o.e.j.s.ServletContextHandler@2032e725{/static,file:///workdir/hadoop-ozone/integration-test/target/test-classes/webapps/static,AVAILABLE}
2019-10-10 00:00:29,427 [main] INFO  handler.ContextHandler (ContextHandler.java:doStart(781)) - Started o.e.j.w.WebAppContext@660591fb{/,file:///workdir/hadoop-ozone/integration-test/target/test-classes/webapps/ozoneManager/,AVAILABLE}{/ozoneManager}
2019-10-10 00:00:29,429 [main] INFO  server.AbstractConnector (AbstractConnector.java:doStart(278)) - Started ServerConnector@4a55a6e8{HTTP/1.1,[http/1.1]}{0.0.0.0:38392}
2019-10-10 00:00:29,429 [main] INFO  server.Server (Server.java:doStart(419)) - Started @4140ms
2019-10-10 00:00:29,430 [main] WARN  impl.MetricsSystemImpl (MetricsSystemImpl.java:register(276)) - Sink prometheus already exists!
2019-10-10 00:00:29,431 [main] INFO  server.BaseHttpServer (BaseHttpServer.java:updateConnectorAddress(215)) - HTTP server of OZONEMANAGER is listening at http://0.0.0.0:38392
2019-10-10 00:00:29,699 [main] INFO  impl.MetricsSystemImpl (MetricsSystemImpl.java:init(158)) - HddsDatanode metrics system started (again)
2019-10-10 00:00:29,757 [main] INFO  ozone.HddsDatanodeService (HddsDatanodeService.java:start(184)) - HddsDatanodeService host:pr-hdds-1868-fg6nx-4263576025 ip:192.168.5.166
2019-10-10 00:00:29,797 [main] INFO  volume.HddsVolume (HddsVolume.java:<init>(176)) - Creating Volume: /workdir/hadoop-ozone/integration-test/target/test-dir/MiniOzoneClusterImpl-8984d707-b3d2-42d5-a334-f25a69bbeeeb/datanode-0/data/containers/hdds of  storage type : DISK and capacity : 1482555576320
2019-10-10 00:00:29,799 [main] INFO  volume.VolumeSet (VolumeSet.java:initializeVolumeSet(170)) - Added Volume : /workdir/hadoop-ozone/integration-test/target/test-dir/MiniOzoneClusterImpl-8984d707-b3d2-42d5-a334-f25a69bbeeeb/datanode-0/data/containers/hdds to VolumeSet
2019-10-10 00:00:29,803 [main] INFO  volume.ThrottledAsyncChecker (ThrottledAsyncChecker.java:schedule(141)) - Scheduling a check for org.apache.hadoop.ozone.container.common.volume.HddsVolume@1f6d27cc
2019-10-10 00:00:29,829 [main] INFO  volume.HddsVolumeChecker (HddsVolumeChecker.java:checkAllVolumes(204)) - Scheduled health check for volume org.apache.hadoop.ozone.container.common.volume.HddsVolume@1f6d27cc
2019-10-10 00:00:29,955 [main] INFO  impl.RaftServerProxy (ConfUtils.java:logGet(43)) - raft.rpc.type = GRPC (default)
2019-10-10 00:00:30,026 [main] INFO  grpc.GrpcFactory (GrpcFactory.java:checkPooledByteBufAllocatorUseCacheForAllThreads(45)) - PERFORMANCE WARNING: useCacheForAllThreads is true that may cause Netty to create a lot garbage objects and, as a result, trigger GC.
	It is recommended to disable useCacheForAllThreads by setting -Dorg.apache.ratis.thirdparty.io.netty.allocator.useCacheForAllThreads=false in command line.
2019-10-10 00:00:30,032 [main] INFO  grpc.GrpcConfigKeys$Server (ConfUtils.java:logGet(43)) - raft.grpc.server.port = 0 (default)
2019-10-10 00:00:30,034 [main] INFO  server.GrpcService (ConfUtils.java:logGet(43)) - raft.grpc.message.size.max = 33570816 (custom)
2019-10-10 00:00:30,036 [main] INFO  server.RaftServerConfigKeys (ConfUtils.java:logGet(43)) - raft.server.log.appender.buffer.byte-limit = 33554432 (custom)
2019-10-10 00:00:30,037 [main] INFO  server.GrpcService (ConfUtils.java:logGet(43)) - raft.grpc.flow.control.window = 1MB (=1048576) (default)
2019-10-10 00:00:30,038 [main] INFO  server.RaftServerConfigKeys (ConfUtils.java:logGet(43)) - raft.server.rpc.request.timeout = 3000ms (default)
2019-10-10 00:00:30,213 [main] INFO  server.RaftServerConfigKeys (ConfUtils.java:logGet(43)) - raft.server.storage.dir = [/workdir/hadoop-ozone/integration-test/target/test-dir/MiniOzoneClusterImpl-8984d707-b3d2-42d5-a334-f25a69bbeeeb/datanode-0/data/ratis] (custom)
2019-10-10 00:00:30,269 [main] INFO  hdfs.DFSUtil (DFSUtil.java:httpServerTemplateForNNAndJN(1641)) - Starting Web-server for hddsDatanode at: http://0.0.0.0:0
2019-10-10 00:00:30,271 [main] INFO  server.AuthenticationFilter (AuthenticationFilter.java:constructSecretProvider(240)) - Unable to initialize FileSignerSecretProvider, falling back to use random secrets.
2019-10-10 00:00:30,271 [main] WARN  http.HttpRequestLog (HttpRequestLog.java:getRequestLog(97)) - Jetty request log can only be enabled using Log4j
2019-10-10 00:00:30,273 [main] INFO  http.HttpServer2 (HttpServer2.java:addGlobalFilter(975)) - Added global filter 'safety' (class=org.apache.hadoop.http.HttpServer2$QuotingInputFilter)
2019-10-10 00:00:30,274 [main] INFO  http.HttpServer2 (HttpServer2.java:addFilter(948)) - Added filter static_user_filter (class=org.apache.hadoop.http.lib.StaticUserWebFilter$StaticUserFilter) to context hddsDatanode
2019-10-10 00:00:30,274 [main] INFO  http.HttpServer2 (HttpServer2.java:addFilter(958)) - Added filter static_user_filter (class=org.apache.hadoop.http.lib.StaticUserWebFilter$StaticUserFilter) to context logs
2019-10-10 00:00:30,274 [main] INFO  http.HttpServer2 (HttpServer2.java:addFilter(958)) - Added filter static_user_filter (class=org.apache.hadoop.http.lib.StaticUserWebFilter$StaticUserFilter) to context static
2019-10-10 00:00:30,275 [main] INFO  http.HttpServer2 (HttpServer2.java:bindListener(1191)) - Jetty bound to port 36750
2019-10-10 00:00:30,275 [main] INFO  server.Server (Server.java:doStart(351)) - jetty-9.3.25.v20180904, build timestamp: 2018-09-04T21:11:46Z, git hash: 3ce520221d0240229c862b122d2b06c12a625732
2019-10-10 00:00:30,277 [main] INFO  handler.ContextHandler (ContextHandler.java:doStart(781)) - Started o.e.j.s.ServletContextHandler@65b97f47{/logs,file:///workdir/hadoop-ozone/integration-test/target/log,AVAILABLE}
2019-10-10 00:00:30,278 [main] INFO  handler.ContextHandler (ContextHandler.java:doStart(781)) - Started o.e.j.s.ServletContextHandler@476fe690{/static,jar:file:/home/user/.m2/repository/org/apache/hadoop/hadoop-hdds-container-service/0.5.0-SNAPSHOT/hadoop-hdds-container-service-0.5.0-SNAPSHOT.jar!/webapps/static,AVAILABLE}
2019-10-10 00:00:30,310 [main] INFO  handler.ContextHandler (ContextHandler.java:doStart(781)) - Started o.e.j.w.WebAppContext@22a6e998{/,file:///tmp/jetty-0.0.0.0-36750-hddsDatanode-_-any-7179661146511860526.dir/webapp/,AVAILABLE}{/hddsDatanode}
2019-10-10 00:00:30,310 [main] INFO  server.AbstractConnector (AbstractConnector.java:doStart(278)) - Started ServerConnector@55e42449{HTTP/1.1,[http/1.1]}{0.0.0.0:36750}
2019-10-10 00:00:30,311 [main] INFO  server.Server (Server.java:doStart(419)) - Started @5022ms
2019-10-10 00:00:30,312 [main] WARN  impl.MetricsSystemImpl (MetricsSystemImpl.java:register(276)) - Sink prometheus already exists!
2019-10-10 00:00:30,313 [main] INFO  server.BaseHttpServer (BaseHttpServer.java:updateConnectorAddress(215)) - HTTP server of HDDSDATANODE is listening at http://0.0.0.0:36750
2019-10-10 00:00:30,314 [main] INFO  impl.MetricsSystemImpl (MetricsSystemImpl.java:init(158)) - HddsDatanode metrics system started (again)
2019-10-10 00:00:30,317 [main] INFO  ozone.HddsDatanodeService (HddsDatanodeService.java:start(184)) - HddsDatanodeService host:pr-hdds-1868-fg6nx-4263576025 ip:192.168.5.166
2019-10-10 00:00:30,318 [org.apache.hadoop.util.JvmPauseMonitor$Monitor@195a8b1] INFO  util.JvmPauseMonitor (JvmPauseMonitor.java:run(188)) - Starting JVM pause monitor
2019-10-10 00:00:30,325 [main] INFO  volume.HddsVolume (HddsVolume.java:<init>(176)) - Creating Volume: /workdir/hadoop-ozone/integration-test/target/test-dir/MiniOzoneClusterImpl-8984d707-b3d2-42d5-a334-f25a69bbeeeb/datanode-1/data/containers/hdds of  storage type : DISK and capacity : 1482555576320
2019-10-10 00:00:30,326 [main] INFO  volume.VolumeSet (VolumeSet.java:initializeVolumeSet(170)) - Added Volume : /workdir/hadoop-ozone/integration-test/target/test-dir/MiniOzoneClusterImpl-8984d707-b3d2-42d5-a334-f25a69bbeeeb/datanode-1/data/containers/hdds to VolumeSet
2019-10-10 00:00:30,326 [main] INFO  volume.ThrottledAsyncChecker (ThrottledAsyncChecker.java:schedule(141)) - Scheduling a check for org.apache.hadoop.ozone.container.common.volume.HddsVolume@5460b754
2019-10-10 00:00:30,328 [main] INFO  volume.HddsVolumeChecker (HddsVolumeChecker.java:checkAllVolumes(204)) - Scheduled health check for volume org.apache.hadoop.ozone.container.common.volume.HddsVolume@5460b754
2019-10-10 00:00:30,350 [main] INFO  impl.RaftServerProxy (ConfUtils.java:logGet(43)) - raft.rpc.type = GRPC (default)
2019-10-10 00:00:30,351 [main] INFO  grpc.GrpcFactory (GrpcFactory.java:checkPooledByteBufAllocatorUseCacheForAllThreads(45)) - PERFORMANCE WARNING: useCacheForAllThreads is true that may cause Netty to create a lot garbage objects and, as a result, trigger GC.
	It is recommended to disable useCacheForAllThreads by setting -Dorg.apache.ratis.thirdparty.io.netty.allocator.useCacheForAllThreads=false in command line.
2019-10-10 00:00:30,351 [main] INFO  grpc.GrpcConfigKeys$Server (ConfUtils.java:logGet(43)) - raft.grpc.server.port = 0 (default)
2019-10-10 00:00:30,351 [main] INFO  server.GrpcService (ConfUtils.java:logGet(43)) - raft.grpc.message.size.max = 33570816 (custom)
2019-10-10 00:00:30,352 [main] INFO  server.RaftServerConfigKeys (ConfUtils.java:logGet(43)) - raft.server.log.appender.buffer.byte-limit = 33554432 (custom)
2019-10-10 00:00:30,352 [main] INFO  server.GrpcService (ConfUtils.java:logGet(43)) - raft.grpc.flow.control.window = 1MB (=1048576) (default)
2019-10-10 00:00:30,352 [main] INFO  server.RaftServerConfigKeys (ConfUtils.java:logGet(43)) - raft.server.rpc.request.timeout = 3000ms (default)
2019-10-10 00:00:30,353 [main] INFO  server.RaftServerConfigKeys (ConfUtils.java:logGet(43)) - raft.server.storage.dir = [/workdir/hadoop-ozone/integration-test/target/test-dir/MiniOzoneClusterImpl-8984d707-b3d2-42d5-a334-f25a69bbeeeb/datanode-1/data/ratis] (custom)
2019-10-10 00:00:30,355 [main] INFO  hdfs.DFSUtil (DFSUtil.java:httpServerTemplateForNNAndJN(1641)) - Starting Web-server for hddsDatanode at: http://0.0.0.0:0
2019-10-10 00:00:30,357 [main] INFO  server.AuthenticationFilter (AuthenticationFilter.java:constructSecretProvider(240)) - Unable to initialize FileSignerSecretProvider, falling back to use random secrets.
2019-10-10 00:00:30,358 [main] WARN  http.HttpRequestLog (HttpRequestLog.java:getRequestLog(97)) - Jetty request log can only be enabled using Log4j
2019-10-10 00:00:30,360 [main] INFO  http.HttpServer2 (HttpServer2.java:addGlobalFilter(975)) - Added global filter 'safety' (class=org.apache.hadoop.http.HttpServer2$QuotingInputFilter)
2019-10-10 00:00:30,361 [main] INFO  http.HttpServer2 (HttpServer2.java:addFilter(948)) - Added filter static_user_filter (class=org.apache.hadoop.http.lib.StaticUserWebFilter$StaticUserFilter) to context hddsDatanode
2019-10-10 00:00:30,361 [main] INFO  http.HttpServer2 (HttpServer2.java:addFilter(958)) - Added filter static_user_filter (class=org.apache.hadoop.http.lib.StaticUserWebFilter$StaticUserFilter) to context logs
2019-10-10 00:00:30,362 [main] INFO  http.HttpServer2 (HttpServer2.java:addFilter(958)) - Added filter static_user_filter (class=org.apache.hadoop.http.lib.StaticUserWebFilter$StaticUserFilter) to context static
2019-10-10 00:00:30,363 [main] INFO  http.HttpServer2 (HttpServer2.java:bindListener(1191)) - Jetty bound to port 33021
2019-10-10 00:00:30,363 [main] INFO  server.Server (Server.java:doStart(351)) - jetty-9.3.25.v20180904, build timestamp: 2018-09-04T21:11:46Z, git hash: 3ce520221d0240229c862b122d2b06c12a625732
2019-10-10 00:00:30,368 [main] INFO  handler.ContextHandler (ContextHandler.java:doStart(781)) - Started o.e.j.s.ServletContextHandler@7fdab70c{/logs,file:///workdir/hadoop-ozone/integration-test/target/log,AVAILABLE}
2019-10-10 00:00:30,369 [main] INFO  handler.ContextHandler (ContextHandler.java:doStart(781)) - Started o.e.j.s.ServletContextHandler@49faf066{/static,jar:file:/home/user/.m2/repository/org/apache/hadoop/hadoop-hdds-container-service/0.5.0-SNAPSHOT/hadoop-hdds-container-service-0.5.0-SNAPSHOT.jar!/webapps/static,AVAILABLE}
2019-10-10 00:00:30,407 [main] INFO  handler.ContextHandler (ContextHandler.java:doStart(781)) - Started o.e.j.w.WebAppContext@6c3659be{/,file:///tmp/jetty-0.0.0.0-33021-hddsDatanode-_-any-3791469353072892344.dir/webapp/,AVAILABLE}{/hddsDatanode}
2019-10-10 00:00:30,409 [main] INFO  server.AbstractConnector (AbstractConnector.java:doStart(278)) - Started ServerConnector@522bf64e{HTTP/1.1,[http/1.1]}{0.0.0.0:33021}
2019-10-10 00:00:30,410 [main] INFO  server.Server (Server.java:doStart(419)) - Started @5121ms
2019-10-10 00:00:30,411 [main] WARN  impl.MetricsSystemImpl (MetricsSystemImpl.java:register(276)) - Sink prometheus already exists!
2019-10-10 00:00:30,412 [main] INFO  server.BaseHttpServer (BaseHttpServer.java:updateConnectorAddress(215)) - HTTP server of HDDSDATANODE is listening at http://0.0.0.0:33021
2019-10-10 00:00:30,412 [main] INFO  impl.MetricsSystemImpl (MetricsSystemImpl.java:init(158)) - HddsDatanode metrics system started (again)
2019-10-10 00:00:30,414 [org.apache.hadoop.util.JvmPauseMonitor$Monitor@4b3f6eb5] INFO  util.JvmPauseMonitor (JvmPauseMonitor.java:run(188)) - Starting JVM pause monitor
2019-10-10 00:00:30,416 [main] INFO  ozone.HddsDatanodeService (HddsDatanodeService.java:start(184)) - HddsDatanodeService host:pr-hdds-1868-fg6nx-4263576025 ip:192.168.5.166
2019-10-10 00:00:30,424 [main] INFO  volume.HddsVolume (HddsVolume.java:<init>(176)) - Creating Volume: /workdir/hadoop-ozone/integration-test/target/test-dir/MiniOzoneClusterImpl-8984d707-b3d2-42d5-a334-f25a69bbeeeb/datanode-2/data/containers/hdds of  storage type : DISK and capacity : 1482555576320
2019-10-10 00:00:30,425 [main] INFO  volume.VolumeSet (VolumeSet.java:initializeVolumeSet(170)) - Added Volume : /workdir/hadoop-ozone/integration-test/target/test-dir/MiniOzoneClusterImpl-8984d707-b3d2-42d5-a334-f25a69bbeeeb/datanode-2/data/containers/hdds to VolumeSet
2019-10-10 00:00:30,425 [main] INFO  volume.ThrottledAsyncChecker (ThrottledAsyncChecker.java:schedule(141)) - Scheduling a check for org.apache.hadoop.ozone.container.common.volume.HddsVolume@4d21c56e
2019-10-10 00:00:30,425 [main] INFO  volume.HddsVolumeChecker (HddsVolumeChecker.java:checkAllVolumes(204)) - Scheduled health check for volume org.apache.hadoop.ozone.container.common.volume.HddsVolume@4d21c56e
2019-10-10 00:00:30,438 [Datanode State Machine Thread - 0] INFO  datanode.InitDatanodeState (InitDatanodeState.java:persistContainerDatanodeDetails(140)) - DatanodeDetails is persisted to /workdir/hadoop-ozone/integration-test/target/test-dir/MiniOzoneClusterImpl-8984d707-b3d2-42d5-a334-f25a69bbeeeb/datanode-0/meta/datanode.id
2019-10-10 00:00:30,442 [Datanode State Machine Thread - 0] INFO  datanode.InitDatanodeState (InitDatanodeState.java:persistContainerDatanodeDetails(140)) - DatanodeDetails is persisted to /workdir/hadoop-ozone/integration-test/target/test-dir/MiniOzoneClusterImpl-8984d707-b3d2-42d5-a334-f25a69bbeeeb/datanode-1/meta/datanode.id
2019-10-10 00:00:30,452 [main] INFO  impl.RaftServerProxy (ConfUtils.java:logGet(43)) - raft.rpc.type = GRPC (default)
2019-10-10 00:00:30,453 [main] INFO  grpc.GrpcFactory (GrpcFactory.java:checkPooledByteBufAllocatorUseCacheForAllThreads(45)) - PERFORMANCE WARNING: useCacheForAllThreads is true that may cause Netty to create a lot garbage objects and, as a result, trigger GC.
	It is recommended to disable useCacheForAllThreads by setting -Dorg.apache.ratis.thirdparty.io.netty.allocator.useCacheForAllThreads=false in command line.
2019-10-10 00:00:30,453 [main] INFO  grpc.GrpcConfigKeys$Server (ConfUtils.java:logGet(43)) - raft.grpc.server.port = 0 (default)
2019-10-10 00:00:30,453 [main] INFO  server.GrpcService (ConfUtils.java:logGet(43)) - raft.grpc.message.size.max = 33570816 (custom)
2019-10-10 00:00:30,453 [main] INFO  server.RaftServerConfigKeys (ConfUtils.java:logGet(43)) - raft.server.log.appender.buffer.byte-limit = 33554432 (custom)
2019-10-10 00:00:30,454 [main] INFO  server.GrpcService (ConfUtils.java:logGet(43)) - raft.grpc.flow.control.window = 1MB (=1048576) (default)
2019-10-10 00:00:30,454 [main] INFO  server.RaftServerConfigKeys (ConfUtils.java:logGet(43)) - raft.server.rpc.request.timeout = 3000ms (default)
2019-10-10 00:00:30,455 [main] INFO  server.RaftServerConfigKeys (ConfUtils.java:logGet(43)) - raft.server.storage.dir = [/workdir/hadoop-ozone/integration-test/target/test-dir/MiniOzoneClusterImpl-8984d707-b3d2-42d5-a334-f25a69bbeeeb/datanode-2/data/ratis] (custom)
2019-10-10 00:00:30,457 [main] INFO  hdfs.DFSUtil (DFSUtil.java:httpServerTemplateForNNAndJN(1641)) - Starting Web-server for hddsDatanode at: http://0.0.0.0:0
2019-10-10 00:00:30,459 [main] INFO  server.AuthenticationFilter (AuthenticationFilter.java:constructSecretProvider(240)) - Unable to initialize FileSignerSecretProvider, falling back to use random secrets.
2019-10-10 00:00:30,460 [main] WARN  http.HttpRequestLog (HttpRequestLog.java:getRequestLog(97)) - Jetty request log can only be enabled using Log4j
2019-10-10 00:00:30,463 [main] INFO  http.HttpServer2 (HttpServer2.java:addGlobalFilter(975)) - Added global filter 'safety' (class=org.apache.hadoop.http.HttpServer2$QuotingInputFilter)
2019-10-10 00:00:30,464 [main] INFO  http.HttpServer2 (HttpServer2.java:addFilter(948)) - Added filter static_user_filter (class=org.apache.hadoop.http.lib.StaticUserWebFilter$StaticUserFilter) to context hddsDatanode
2019-10-10 00:00:30,465 [main] INFO  http.HttpServer2 (HttpServer2.java:addFilter(958)) - Added filter static_user_filter (class=org.apache.hadoop.http.lib.StaticUserWebFilter$StaticUserFilter) to context logs
2019-10-10 00:00:30,465 [main] INFO  http.HttpServer2 (HttpServer2.java:addFilter(958)) - Added filter static_user_filter (class=org.apache.hadoop.http.lib.StaticUserWebFilter$StaticUserFilter) to context static
2019-10-10 00:00:30,466 [main] INFO  http.HttpServer2 (HttpServer2.java:bindListener(1191)) - Jetty bound to port 45278
2019-10-10 00:00:30,467 [main] INFO  server.Server (Server.java:doStart(351)) - jetty-9.3.25.v20180904, build timestamp: 2018-09-04T21:11:46Z, git hash: 3ce520221d0240229c862b122d2b06c12a625732
2019-10-10 00:00:30,470 [main] INFO  handler.ContextHandler (ContextHandler.java:doStart(781)) - Started o.e.j.s.ServletContextHandler@10f7c76{/logs,file:///workdir/hadoop-ozone/integration-test/target/log,AVAILABLE}
2019-10-10 00:00:30,471 [main] INFO  handler.ContextHandler (ContextHandler.java:doStart(781)) - Started o.e.j.s.ServletContextHandler@2f2bff16{/static,jar:file:/home/user/.m2/repository/org/apache/hadoop/hadoop-hdds-container-service/0.5.0-SNAPSHOT/hadoop-hdds-container-service-0.5.0-SNAPSHOT.jar!/webapps/static,AVAILABLE}
2019-10-10 00:00:30,516 [main] INFO  handler.ContextHandler (ContextHandler.java:doStart(781)) - Started o.e.j.w.WebAppContext@7724704f{/,file:///tmp/jetty-0.0.0.0-45278-hddsDatanode-_-any-3575089108569129283.dir/webapp/,AVAILABLE}{/hddsDatanode}
2019-10-10 00:00:30,517 [main] INFO  server.AbstractConnector (AbstractConnector.java:doStart(278)) - Started ServerConnector@3dfa819{HTTP/1.1,[http/1.1]}{0.0.0.0:45278}
2019-10-10 00:00:30,519 [main] INFO  server.Server (Server.java:doStart(419)) - Started @5229ms
2019-10-10 00:00:30,519 [main] WARN  impl.MetricsSystemImpl (MetricsSystemImpl.java:register(276)) - Sink prometheus already exists!
2019-10-10 00:00:30,520 [main] INFO  server.BaseHttpServer (BaseHttpServer.java:updateConnectorAddress(215)) - HTTP server of HDDSDATANODE is listening at http://0.0.0.0:45278
2019-10-10 00:00:30,520 [main] INFO  impl.MetricsSystemImpl (MetricsSystemImpl.java:init(158)) - HddsDatanode metrics system started (again)
2019-10-10 00:00:30,528 [org.apache.hadoop.util.JvmPauseMonitor$Monitor@37332dca] INFO  util.JvmPauseMonitor (JvmPauseMonitor.java:run(188)) - Starting JVM pause monitor
2019-10-10 00:00:30,531 [main] INFO  ozone.HddsDatanodeService (HddsDatanodeService.java:start(184)) - HddsDatanodeService host:pr-hdds-1868-fg6nx-4263576025 ip:192.168.5.166
2019-10-10 00:00:30,533 [Datanode State Machine Thread - 0] INFO  datanode.InitDatanodeState (InitDatanodeState.java:persistContainerDatanodeDetails(140)) - DatanodeDetails is persisted to /workdir/hadoop-ozone/integration-test/target/test-dir/MiniOzoneClusterImpl-8984d707-b3d2-42d5-a334-f25a69bbeeeb/datanode-2/meta/datanode.id
2019-10-10 00:00:30,539 [main] INFO  volume.HddsVolume (HddsVolume.java:<init>(176)) - Creating Volume: /workdir/hadoop-ozone/integration-test/target/test-dir/MiniOzoneClusterImpl-8984d707-b3d2-42d5-a334-f25a69bbeeeb/datanode-3/data/containers/hdds of  storage type : DISK and capacity : 1482555576320
2019-10-10 00:00:30,540 [main] INFO  volume.VolumeSet (VolumeSet.java:initializeVolumeSet(170)) - Added Volume : /workdir/hadoop-ozone/integration-test/target/test-dir/MiniOzoneClusterImpl-8984d707-b3d2-42d5-a334-f25a69bbeeeb/datanode-3/data/containers/hdds to VolumeSet
2019-10-10 00:00:30,540 [main] INFO  volume.ThrottledAsyncChecker (ThrottledAsyncChecker.java:schedule(141)) - Scheduling a check for org.apache.hadoop.ozone.container.common.volume.HddsVolume@1305c126
2019-10-10 00:00:30,541 [main] INFO  volume.HddsVolumeChecker (HddsVolumeChecker.java:checkAllVolumes(204)) - Scheduled health check for volume org.apache.hadoop.ozone.container.common.volume.HddsVolume@1305c126
2019-10-10 00:00:30,557 [main] INFO  impl.RaftServerProxy (ConfUtils.java:logGet(43)) - raft.rpc.type = GRPC (default)
2019-10-10 00:00:30,558 [main] INFO  grpc.GrpcFactory (GrpcFactory.java:checkPooledByteBufAllocatorUseCacheForAllThreads(45)) - PERFORMANCE WARNING: useCacheForAllThreads is true that may cause Netty to create a lot garbage objects and, as a result, trigger GC.
	It is recommended to disable useCacheForAllThreads by setting -Dorg.apache.ratis.thirdparty.io.netty.allocator.useCacheForAllThreads=false in command line.
2019-10-10 00:00:30,558 [main] INFO  grpc.GrpcConfigKeys$Server (ConfUtils.java:logGet(43)) - raft.grpc.server.port = 0 (default)
2019-10-10 00:00:30,558 [main] INFO  server.GrpcService (ConfUtils.java:logGet(43)) - raft.grpc.message.size.max = 33570816 (custom)
2019-10-10 00:00:30,559 [main] INFO  server.RaftServerConfigKeys (ConfUtils.java:logGet(43)) - raft.server.log.appender.buffer.byte-limit = 33554432 (custom)
2019-10-10 00:00:30,559 [main] INFO  server.GrpcService (ConfUtils.java:logGet(43)) - raft.grpc.flow.control.window = 1MB (=1048576) (default)
2019-10-10 00:00:30,559 [main] INFO  server.RaftServerConfigKeys (ConfUtils.java:logGet(43)) - raft.server.rpc.request.timeout = 3000ms (default)
2019-10-10 00:00:30,560 [main] INFO  server.RaftServerConfigKeys (ConfUtils.java:logGet(43)) - raft.server.storage.dir = [/workdir/hadoop-ozone/integration-test/target/test-dir/MiniOzoneClusterImpl-8984d707-b3d2-42d5-a334-f25a69bbeeeb/datanode-3/data/ratis] (custom)
2019-10-10 00:00:30,562 [main] INFO  hdfs.DFSUtil (DFSUtil.java:httpServerTemplateForNNAndJN(1641)) - Starting Web-server for hddsDatanode at: http://0.0.0.0:0
2019-10-10 00:00:30,564 [main] INFO  server.AuthenticationFilter (AuthenticationFilter.java:constructSecretProvider(240)) - Unable to initialize FileSignerSecretProvider, falling back to use random secrets.
2019-10-10 00:00:30,565 [main] WARN  http.HttpRequestLog (HttpRequestLog.java:getRequestLog(97)) - Jetty request log can only be enabled using Log4j
2019-10-10 00:00:30,566 [main] INFO  http.HttpServer2 (HttpServer2.java:addGlobalFilter(975)) - Added global filter 'safety' (class=org.apache.hadoop.http.HttpServer2$QuotingInputFilter)
2019-10-10 00:00:30,567 [main] INFO  http.HttpServer2 (HttpServer2.java:addFilter(948)) - Added filter static_user_filter (class=org.apache.hadoop.http.lib.StaticUserWebFilter$StaticUserFilter) to context hddsDatanode
2019-10-10 00:00:30,567 [main] INFO  http.HttpServer2 (HttpServer2.java:addFilter(958)) - Added filter static_user_filter (class=org.apache.hadoop.http.lib.StaticUserWebFilter$StaticUserFilter) to context logs
2019-10-10 00:00:30,567 [main] INFO  http.HttpServer2 (HttpServer2.java:addFilter(958)) - Added filter static_user_filter (class=org.apache.hadoop.http.lib.StaticUserWebFilter$StaticUserFilter) to context static
2019-10-10 00:00:30,568 [main] INFO  http.HttpServer2 (HttpServer2.java:bindListener(1191)) - Jetty bound to port 35849
2019-10-10 00:00:30,568 [main] INFO  server.Server (Server.java:doStart(351)) - jetty-9.3.25.v20180904, build timestamp: 2018-09-04T21:11:46Z, git hash: 3ce520221d0240229c862b122d2b06c12a625732
2019-10-10 00:00:30,572 [main] INFO  handler.ContextHandler (ContextHandler.java:doStart(781)) - Started o.e.j.s.ServletContextHandler@102c577f{/logs,file:///workdir/hadoop-ozone/integration-test/target/log,AVAILABLE}
2019-10-10 00:00:30,573 [main] INFO  handler.ContextHandler (ContextHandler.java:doStart(781)) - Started o.e.j.s.ServletContextHandler@1fb2d5e{/static,jar:file:/home/user/.m2/repository/org/apache/hadoop/hadoop-hdds-container-service/0.5.0-SNAPSHOT/hadoop-hdds-container-service-0.5.0-SNAPSHOT.jar!/webapps/static,AVAILABLE}
2019-10-10 00:00:30,601 [main] INFO  handler.ContextHandler (ContextHandler.java:doStart(781)) - Started o.e.j.w.WebAppContext@45acdd11{/,file:///tmp/jetty-0.0.0.0-35849-hddsDatanode-_-any-8806001860268406609.dir/webapp/,AVAILABLE}{/hddsDatanode}
2019-10-10 00:00:30,602 [main] INFO  server.AbstractConnector (AbstractConnector.java:doStart(278)) - Started ServerConnector@3f0d6038{HTTP/1.1,[http/1.1]}{0.0.0.0:35849}
2019-10-10 00:00:30,603 [main] INFO  server.Server (Server.java:doStart(419)) - Started @5313ms
2019-10-10 00:00:30,603 [main] WARN  impl.MetricsSystemImpl (MetricsSystemImpl.java:register(276)) - Sink prometheus already exists!
2019-10-10 00:00:30,604 [main] INFO  server.BaseHttpServer (BaseHttpServer.java:updateConnectorAddress(215)) - HTTP server of HDDSDATANODE is listening at http://0.0.0.0:35849
2019-10-10 00:00:30,604 [main] INFO  impl.MetricsSystemImpl (MetricsSystemImpl.java:init(158)) - HddsDatanode metrics system started (again)
2019-10-10 00:00:30,607 [main] INFO  ozone.HddsDatanodeService (HddsDatanodeService.java:start(184)) - HddsDatanodeService host:pr-hdds-1868-fg6nx-4263576025 ip:192.168.5.166
2019-10-10 00:00:30,607 [org.apache.hadoop.util.JvmPauseMonitor$Monitor@17b60e42] INFO  util.JvmPauseMonitor (JvmPauseMonitor.java:run(188)) - Starting JVM pause monitor
2019-10-10 00:00:30,609 [Datanode State Machine Thread - 0] INFO  datanode.InitDatanodeState (InitDatanodeState.java:persistContainerDatanodeDetails(140)) - DatanodeDetails is persisted to /workdir/hadoop-ozone/integration-test/target/test-dir/MiniOzoneClusterImpl-8984d707-b3d2-42d5-a334-f25a69bbeeeb/datanode-3/meta/datanode.id
2019-10-10 00:00:30,613 [main] INFO  volume.HddsVolume (HddsVolume.java:<init>(176)) - Creating Volume: /workdir/hadoop-ozone/integration-test/target/test-dir/MiniOzoneClusterImpl-8984d707-b3d2-42d5-a334-f25a69bbeeeb/datanode-4/data/containers/hdds of  storage type : DISK and capacity : 1482555576320
2019-10-10 00:00:30,614 [main] INFO  volume.VolumeSet (VolumeSet.java:initializeVolumeSet(170)) - Added Volume : /workdir/hadoop-ozone/integration-test/target/test-dir/MiniOzoneClusterImpl-8984d707-b3d2-42d5-a334-f25a69bbeeeb/datanode-4/data/containers/hdds to VolumeSet
2019-10-10 00:00:30,614 [main] INFO  volume.ThrottledAsyncChecker (ThrottledAsyncChecker.java:schedule(141)) - Scheduling a check for org.apache.hadoop.ozone.container.common.volume.HddsVolume@1457fde
2019-10-10 00:00:30,615 [main] INFO  volume.HddsVolumeChecker (HddsVolumeChecker.java:checkAllVolumes(204)) - Scheduled health check for volume org.apache.hadoop.ozone.container.common.volume.HddsVolume@1457fde
2019-10-10 00:00:30,627 [main] INFO  impl.RaftServerProxy (ConfUtils.java:logGet(43)) - raft.rpc.type = GRPC (default)
2019-10-10 00:00:30,627 [main] INFO  grpc.GrpcFactory (GrpcFactory.java:checkPooledByteBufAllocatorUseCacheForAllThreads(45)) - PERFORMANCE WARNING: useCacheForAllThreads is true that may cause Netty to create a lot garbage objects and, as a result, trigger GC.
	It is recommended to disable useCacheForAllThreads by setting -Dorg.apache.ratis.thirdparty.io.netty.allocator.useCacheForAllThreads=false in command line.
2019-10-10 00:00:30,627 [main] INFO  grpc.GrpcConfigKeys$Server (ConfUtils.java:logGet(43)) - raft.grpc.server.port = 0 (default)
2019-10-10 00:00:30,627 [main] INFO  server.GrpcService (ConfUtils.java:logGet(43)) - raft.grpc.message.size.max = 33570816 (custom)
2019-10-10 00:00:30,628 [main] INFO  server.RaftServerConfigKeys (ConfUtils.java:logGet(43)) - raft.server.log.appender.buffer.byte-limit = 33554432 (custom)
2019-10-10 00:00:30,628 [main] INFO  server.GrpcService (ConfUtils.java:logGet(43)) - raft.grpc.flow.control.window = 1MB (=1048576) (default)
2019-10-10 00:00:30,628 [main] INFO  server.RaftServerConfigKeys (ConfUtils.java:logGet(43)) - raft.server.rpc.request.timeout = 3000ms (default)
2019-10-10 00:00:30,629 [main] INFO  server.RaftServerConfigKeys (ConfUtils.java:logGet(43)) - raft.server.storage.dir = [/workdir/hadoop-ozone/integration-test/target/test-dir/MiniOzoneClusterImpl-8984d707-b3d2-42d5-a334-f25a69bbeeeb/datanode-4/data/ratis] (custom)
2019-10-10 00:00:30,630 [main] INFO  hdfs.DFSUtil (DFSUtil.java:httpServerTemplateForNNAndJN(1641)) - Starting Web-server for hddsDatanode at: http://0.0.0.0:0
2019-10-10 00:00:30,631 [main] INFO  server.AuthenticationFilter (AuthenticationFilter.java:constructSecretProvider(240)) - Unable to initialize FileSignerSecretProvider, falling back to use random secrets.
2019-10-10 00:00:30,632 [main] WARN  http.HttpRequestLog (HttpRequestLog.java:getRequestLog(97)) - Jetty request log can only be enabled using Log4j
2019-10-10 00:00:30,634 [main] INFO  http.HttpServer2 (HttpServer2.java:addGlobalFilter(975)) - Added global filter 'safety' (class=org.apache.hadoop.http.HttpServer2$QuotingInputFilter)
2019-10-10 00:00:30,634 [main] INFO  http.HttpServer2 (HttpServer2.java:addFilter(948)) - Added filter static_user_filter (class=org.apache.hadoop.http.lib.StaticUserWebFilter$StaticUserFilter) to context hddsDatanode
2019-10-10 00:00:30,634 [main] INFO  http.HttpServer2 (HttpServer2.java:addFilter(958)) - Added filter static_user_filter (class=org.apache.hadoop.http.lib.StaticUserWebFilter$StaticUserFilter) to context logs
2019-10-10 00:00:30,635 [main] INFO  http.HttpServer2 (HttpServer2.java:addFilter(958)) - Added filter static_user_filter (class=org.apache.hadoop.http.lib.StaticUserWebFilter$StaticUserFilter) to context static
2019-10-10 00:00:30,635 [main] INFO  http.HttpServer2 (HttpServer2.java:bindListener(1191)) - Jetty bound to port 35370
2019-10-10 00:00:30,635 [main] INFO  server.Server (Server.java:doStart(351)) - jetty-9.3.25.v20180904, build timestamp: 2018-09-04T21:11:46Z, git hash: 3ce520221d0240229c862b122d2b06c12a625732
2019-10-10 00:00:30,637 [main] INFO  handler.ContextHandler (ContextHandler.java:doStart(781)) - Started o.e.j.s.ServletContextHandler@3204e238{/logs,file:///workdir/hadoop-ozone/integration-test/target/log,AVAILABLE}
2019-10-10 00:00:30,637 [main] INFO  handler.ContextHandler (ContextHandler.java:doStart(781)) - Started o.e.j.s.ServletContextHandler@a5272be{/static,jar:file:/home/user/.m2/repository/org/apache/hadoop/hadoop-hdds-container-service/0.5.0-SNAPSHOT/hadoop-hdds-container-service-0.5.0-SNAPSHOT.jar!/webapps/static,AVAILABLE}
2019-10-10 00:00:30,665 [main] INFO  handler.ContextHandler (ContextHandler.java:doStart(781)) - Started o.e.j.w.WebAppContext@32130e61{/,file:///tmp/jetty-0.0.0.0-35370-hddsDatanode-_-any-4140906342105411083.dir/webapp/,AVAILABLE}{/hddsDatanode}
2019-10-10 00:00:30,667 [main] INFO  server.AbstractConnector (AbstractConnector.java:doStart(278)) - Started ServerConnector@41294371{HTTP/1.1,[http/1.1]}{0.0.0.0:35370}
2019-10-10 00:00:30,668 [main] INFO  server.Server (Server.java:doStart(419)) - Started @5378ms
2019-10-10 00:00:30,668 [main] WARN  impl.MetricsSystemImpl (MetricsSystemImpl.java:register(276)) - Sink prometheus already exists!
2019-10-10 00:00:30,669 [main] INFO  server.BaseHttpServer (BaseHttpServer.java:updateConnectorAddress(215)) - HTTP server of HDDSDATANODE is listening at http://0.0.0.0:35370
2019-10-10 00:00:30,669 [main] INFO  impl.MetricsSystemImpl (MetricsSystemImpl.java:init(158)) - HddsDatanode metrics system started (again)
2019-10-10 00:00:30,672 [org.apache.hadoop.util.JvmPauseMonitor$Monitor@17be794f] INFO  util.JvmPauseMonitor (JvmPauseMonitor.java:run(188)) - Starting JVM pause monitor
2019-10-10 00:00:30,672 [main] INFO  ozone.HddsDatanodeService (HddsDatanodeService.java:start(184)) - HddsDatanodeService host:pr-hdds-1868-fg6nx-4263576025 ip:192.168.5.166
2019-10-10 00:00:30,675 [Datanode State Machine Thread - 0] INFO  datanode.InitDatanodeState (InitDatanodeState.java:persistContainerDatanodeDetails(140)) - DatanodeDetails is persisted to /workdir/hadoop-ozone/integration-test/target/test-dir/MiniOzoneClusterImpl-8984d707-b3d2-42d5-a334-f25a69bbeeeb/datanode-4/meta/datanode.id
2019-10-10 00:00:30,681 [main] INFO  volume.HddsVolume (HddsVolume.java:<init>(176)) - Creating Volume: /workdir/hadoop-ozone/integration-test/target/test-dir/MiniOzoneClusterImpl-8984d707-b3d2-42d5-a334-f25a69bbeeeb/datanode-5/data/containers/hdds of  storage type : DISK and capacity : 1482555576320
2019-10-10 00:00:30,681 [main] INFO  volume.VolumeSet (VolumeSet.java:initializeVolumeSet(170)) - Added Volume : /workdir/hadoop-ozone/integration-test/target/test-dir/MiniOzoneClusterImpl-8984d707-b3d2-42d5-a334-f25a69bbeeeb/datanode-5/data/containers/hdds to VolumeSet
2019-10-10 00:00:30,681 [main] INFO  volume.ThrottledAsyncChecker (ThrottledAsyncChecker.java:schedule(141)) - Scheduling a check for org.apache.hadoop.ozone.container.common.volume.HddsVolume@31ddb930
2019-10-10 00:00:30,682 [main] INFO  volume.HddsVolumeChecker (HddsVolumeChecker.java:checkAllVolumes(204)) - Scheduled health check for volume org.apache.hadoop.ozone.container.common.volume.HddsVolume@31ddb930
2019-10-10 00:00:30,694 [main] INFO  impl.RaftServerProxy (ConfUtils.java:logGet(43)) - raft.rpc.type = GRPC (default)
2019-10-10 00:00:30,695 [main] INFO  grpc.GrpcFactory (GrpcFactory.java:checkPooledByteBufAllocatorUseCacheForAllThreads(45)) - PERFORMANCE WARNING: useCacheForAllThreads is true that may cause Netty to create a lot garbage objects and, as a result, trigger GC.
	It is recommended to disable useCacheForAllThreads by setting -Dorg.apache.ratis.thirdparty.io.netty.allocator.useCacheForAllThreads=false in command line.
2019-10-10 00:00:30,695 [main] INFO  grpc.GrpcConfigKeys$Server (ConfUtils.java:logGet(43)) - raft.grpc.server.port = 0 (default)
2019-10-10 00:00:30,695 [main] INFO  server.GrpcService (ConfUtils.java:logGet(43)) - raft.grpc.message.size.max = 33570816 (custom)
2019-10-10 00:00:30,695 [main] INFO  server.RaftServerConfigKeys (ConfUtils.java:logGet(43)) - raft.server.log.appender.buffer.byte-limit = 33554432 (custom)
2019-10-10 00:00:30,695 [main] INFO  server.GrpcService (ConfUtils.java:logGet(43)) - raft.grpc.flow.control.window = 1MB (=1048576) (default)
2019-10-10 00:00:30,696 [main] INFO  server.RaftServerConfigKeys (ConfUtils.java:logGet(43)) - raft.server.rpc.request.timeout = 3000ms (default)
2019-10-10 00:00:30,696 [main] INFO  server.RaftServerConfigKeys (ConfUtils.java:logGet(43)) - raft.server.storage.dir = [/workdir/hadoop-ozone/integration-test/target/test-dir/MiniOzoneClusterImpl-8984d707-b3d2-42d5-a334-f25a69bbeeeb/datanode-5/data/ratis] (custom)
2019-10-10 00:00:30,698 [main] INFO  hdfs.DFSUtil (DFSUtil.java:httpServerTemplateForNNAndJN(1641)) - Starting Web-server for hddsDatanode at: http://0.0.0.0:0
2019-10-10 00:00:30,699 [main] INFO  server.AuthenticationFilter (AuthenticationFilter.java:constructSecretProvider(240)) - Unable to initialize FileSignerSecretProvider, falling back to use random secrets.
2019-10-10 00:00:30,699 [main] WARN  http.HttpRequestLog (HttpRequestLog.java:getRequestLog(97)) - Jetty request log can only be enabled using Log4j
2019-10-10 00:00:30,701 [main] INFO  http.HttpServer2 (HttpServer2.java:addGlobalFilter(975)) - Added global filter 'safety' (class=org.apache.hadoop.http.HttpServer2$QuotingInputFilter)
2019-10-10 00:00:30,701 [main] INFO  http.HttpServer2 (HttpServer2.java:addFilter(948)) - Added filter static_user_filter (class=org.apache.hadoop.http.lib.StaticUserWebFilter$StaticUserFilter) to context hddsDatanode
2019-10-10 00:00:30,701 [main] INFO  http.HttpServer2 (HttpServer2.java:addFilter(958)) - Added filter static_user_filter (class=org.apache.hadoop.http.lib.StaticUserWebFilter$StaticUserFilter) to context logs
2019-10-10 00:00:30,701 [main] INFO  http.HttpServer2 (HttpServer2.java:addFilter(958)) - Added filter static_user_filter (class=org.apache.hadoop.http.lib.StaticUserWebFilter$StaticUserFilter) to context static
2019-10-10 00:00:30,702 [main] INFO  http.HttpServer2 (HttpServer2.java:bindListener(1191)) - Jetty bound to port 46838
2019-10-10 00:00:30,702 [main] INFO  server.Server (Server.java:doStart(351)) - jetty-9.3.25.v20180904, build timestamp: 2018-09-04T21:11:46Z, git hash: 3ce520221d0240229c862b122d2b06c12a625732
2019-10-10 00:00:30,704 [main] INFO  handler.ContextHandler (ContextHandler.java:doStart(781)) - Started o.e.j.s.ServletContextHandler@3aa41da1{/logs,file:///workdir/hadoop-ozone/integration-test/target/log,AVAILABLE}
2019-10-10 00:00:30,704 [main] INFO  handler.ContextHandler (ContextHandler.java:doStart(781)) - Started o.e.j.s.ServletContextHandler@3c83468e{/static,jar:file:/home/user/.m2/repository/org/apache/hadoop/hadoop-hdds-container-service/0.5.0-SNAPSHOT/hadoop-hdds-container-service-0.5.0-SNAPSHOT.jar!/webapps/static,AVAILABLE}
2019-10-10 00:00:30,757 [main] INFO  handler.ContextHandler (ContextHandler.java:doStart(781)) - Started o.e.j.w.WebAppContext@2a4f5433{/,file:///tmp/jetty-0.0.0.0-46838-hddsDatanode-_-any-5213276239180748026.dir/webapp/,AVAILABLE}{/hddsDatanode}
2019-10-10 00:00:30,758 [main] INFO  server.AbstractConnector (AbstractConnector.java:doStart(278)) - Started ServerConnector@6812fa3a{HTTP/1.1,[http/1.1]}{0.0.0.0:46838}
2019-10-10 00:00:30,759 [main] INFO  server.Server (Server.java:doStart(419)) - Started @5469ms
2019-10-10 00:00:30,759 [main] WARN  impl.MetricsSystemImpl (MetricsSystemImpl.java:register(276)) - Sink prometheus already exists!
2019-10-10 00:00:30,760 [main] INFO  server.BaseHttpServer (BaseHttpServer.java:updateConnectorAddress(215)) - HTTP server of HDDSDATANODE is listening at http://0.0.0.0:46838
2019-10-10 00:00:30,760 [main] INFO  impl.MetricsSystemImpl (MetricsSystemImpl.java:init(158)) - HddsDatanode metrics system started (again)
2019-10-10 00:00:30,764 [org.apache.hadoop.util.JvmPauseMonitor$Monitor@38d48ba0] INFO  util.JvmPauseMonitor (JvmPauseMonitor.java:run(188)) - Starting JVM pause monitor
2019-10-10 00:00:30,765 [main] INFO  ozone.HddsDatanodeService (HddsDatanodeService.java:start(184)) - HddsDatanodeService host:pr-hdds-1868-fg6nx-4263576025 ip:192.168.5.166
2019-10-10 00:00:30,766 [Datanode State Machine Thread - 0] INFO  datanode.InitDatanodeState (InitDatanodeState.java:persistContainerDatanodeDetails(140)) - DatanodeDetails is persisted to /workdir/hadoop-ozone/integration-test/target/test-dir/MiniOzoneClusterImpl-8984d707-b3d2-42d5-a334-f25a69bbeeeb/datanode-5/meta/datanode.id
2019-10-10 00:00:30,772 [main] INFO  volume.HddsVolume (HddsVolume.java:<init>(176)) - Creating Volume: /workdir/hadoop-ozone/integration-test/target/test-dir/MiniOzoneClusterImpl-8984d707-b3d2-42d5-a334-f25a69bbeeeb/datanode-6/data/containers/hdds of  storage type : DISK and capacity : 1482555576320
2019-10-10 00:00:30,773 [main] INFO  volume.VolumeSet (VolumeSet.java:initializeVolumeSet(170)) - Added Volume : /workdir/hadoop-ozone/integration-test/target/test-dir/MiniOzoneClusterImpl-8984d707-b3d2-42d5-a334-f25a69bbeeeb/datanode-6/data/containers/hdds to VolumeSet
2019-10-10 00:00:30,773 [main] INFO  volume.ThrottledAsyncChecker (ThrottledAsyncChecker.java:schedule(141)) - Scheduling a check for org.apache.hadoop.ozone.container.common.volume.HddsVolume@79a04e5f
2019-10-10 00:00:30,774 [main] INFO  volume.HddsVolumeChecker (HddsVolumeChecker.java:checkAllVolumes(204)) - Scheduled health check for volume org.apache.hadoop.ozone.container.common.volume.HddsVolume@79a04e5f
2019-10-10 00:00:30,793 [main] INFO  impl.RaftServerProxy (ConfUtils.java:logGet(43)) - raft.rpc.type = GRPC (default)
2019-10-10 00:00:30,793 [main] INFO  grpc.GrpcFactory (GrpcFactory.java:checkPooledByteBufAllocatorUseCacheForAllThreads(45)) - PERFORMANCE WARNING: useCacheForAllThreads is true that may cause Netty to create a lot garbage objects and, as a result, trigger GC.
	It is recommended to disable useCacheForAllThreads by setting -Dorg.apache.ratis.thirdparty.io.netty.allocator.useCacheForAllThreads=false in command line.
2019-10-10 00:00:30,794 [main] INFO  grpc.GrpcConfigKeys$Server (ConfUtils.java:logGet(43)) - raft.grpc.server.port = 0 (default)
2019-10-10 00:00:30,794 [main] INFO  server.GrpcService (ConfUtils.java:logGet(43)) - raft.grpc.message.size.max = 33570816 (custom)
2019-10-10 00:00:30,794 [main] INFO  server.RaftServerConfigKeys (ConfUtils.java:logGet(43)) - raft.server.log.appender.buffer.byte-limit = 33554432 (custom)
2019-10-10 00:00:30,794 [main] INFO  server.GrpcService (ConfUtils.java:logGet(43)) - raft.grpc.flow.control.window = 1MB (=1048576) (default)
2019-10-10 00:00:30,795 [main] INFO  server.RaftServerConfigKeys (ConfUtils.java:logGet(43)) - raft.server.rpc.request.timeout = 3000ms (default)
2019-10-10 00:00:30,795 [main] INFO  server.RaftServerConfigKeys (ConfUtils.java:logGet(43)) - raft.server.storage.dir = [/workdir/hadoop-ozone/integration-test/target/test-dir/MiniOzoneClusterImpl-8984d707-b3d2-42d5-a334-f25a69bbeeeb/datanode-6/data/ratis] (custom)
2019-10-10 00:00:30,797 [main] INFO  hdfs.DFSUtil (DFSUtil.java:httpServerTemplateForNNAndJN(1641)) - Starting Web-server for hddsDatanode at: http://0.0.0.0:0
2019-10-10 00:00:30,798 [main] INFO  server.AuthenticationFilter (AuthenticationFilter.java:constructSecretProvider(240)) - Unable to initialize FileSignerSecretProvider, falling back to use random secrets.
2019-10-10 00:00:30,799 [main] WARN  http.HttpRequestLog (HttpRequestLog.java:getRequestLog(97)) - Jetty request log can only be enabled using Log4j
2019-10-10 00:00:30,801 [main] INFO  http.HttpServer2 (HttpServer2.java:addGlobalFilter(975)) - Added global filter 'safety' (class=org.apache.hadoop.http.HttpServer2$QuotingInputFilter)
2019-10-10 00:00:30,802 [main] INFO  http.HttpServer2 (HttpServer2.java:addFilter(948)) - Added filter static_user_filter (class=org.apache.hadoop.http.lib.StaticUserWebFilter$StaticUserFilter) to context hddsDatanode
2019-10-10 00:00:30,802 [main] INFO  http.HttpServer2 (HttpServer2.java:addFilter(958)) - Added filter static_user_filter (class=org.apache.hadoop.http.lib.StaticUserWebFilter$StaticUserFilter) to context logs
2019-10-10 00:00:30,802 [main] INFO  http.HttpServer2 (HttpServer2.java:addFilter(958)) - Added filter static_user_filter (class=org.apache.hadoop.http.lib.StaticUserWebFilter$StaticUserFilter) to context static
2019-10-10 00:00:30,803 [main] INFO  http.HttpServer2 (HttpServer2.java:bindListener(1191)) - Jetty bound to port 37666
2019-10-10 00:00:30,803 [main] INFO  server.Server (Server.java:doStart(351)) - jetty-9.3.25.v20180904, build timestamp: 2018-09-04T21:11:46Z, git hash: 3ce520221d0240229c862b122d2b06c12a625732
2019-10-10 00:00:30,805 [main] INFO  handler.ContextHandler (ContextHandler.java:doStart(781)) - Started o.e.j.s.ServletContextHandler@a2341c6{/logs,file:///workdir/hadoop-ozone/integration-test/target/log,AVAILABLE}
2019-10-10 00:00:30,806 [main] INFO  handler.ContextHandler (ContextHandler.java:doStart(781)) - Started o.e.j.s.ServletContextHandler@3e3315d9{/static,jar:file:/home/user/.m2/repository/org/apache/hadoop/hadoop-hdds-container-service/0.5.0-SNAPSHOT/hadoop-hdds-container-service-0.5.0-SNAPSHOT.jar!/webapps/static,AVAILABLE}
2019-10-10 00:00:30,841 [main] INFO  handler.ContextHandler (ContextHandler.java:doStart(781)) - Started o.e.j.w.WebAppContext@d277579{/,file:///tmp/jetty-0.0.0.0-37666-hddsDatanode-_-any-3140113140627221470.dir/webapp/,AVAILABLE}{/hddsDatanode}
2019-10-10 00:00:30,842 [main] INFO  server.AbstractConnector (AbstractConnector.java:doStart(278)) - Started ServerConnector@5db6b845{HTTP/1.1,[http/1.1]}{0.0.0.0:37666}
2019-10-10 00:00:30,842 [main] INFO  server.Server (Server.java:doStart(419)) - Started @5553ms
2019-10-10 00:00:30,843 [main] WARN  impl.MetricsSystemImpl (MetricsSystemImpl.java:register(276)) - Sink prometheus already exists!
2019-10-10 00:00:30,843 [main] INFO  server.BaseHttpServer (BaseHttpServer.java:updateConnectorAddress(215)) - HTTP server of HDDSDATANODE is listening at http://0.0.0.0:37666
2019-10-10 00:00:30,846 [main] INFO  ozone.MiniOzoneClusterImpl (MiniOzoneClusterImpl.java:lambda$waitForClusterToBeReady$2(172)) - Waiting for cluster to be ready. Got 0 of 7 DN Heartbeats.
2019-10-10 00:00:30,846 [org.apache.hadoop.util.JvmPauseMonitor$Monitor@22ca576] INFO  util.JvmPauseMonitor (JvmPauseMonitor.java:run(188)) - Starting JVM pause monitor
2019-10-10 00:00:30,848 [Datanode State Machine Thread - 0] INFO  datanode.InitDatanodeState (InitDatanodeState.java:persistContainerDatanodeDetails(140)) - DatanodeDetails is persisted to /workdir/hadoop-ozone/integration-test/target/test-dir/MiniOzoneClusterImpl-8984d707-b3d2-42d5-a334-f25a69bbeeeb/datanode-6/meta/datanode.id
2019-10-10 00:00:31,846 [main] INFO  ozone.MiniOzoneClusterImpl (MiniOzoneClusterImpl.java:lambda$waitForClusterToBeReady$2(172)) - Waiting for cluster to be ready. Got 0 of 7 DN Heartbeats.
2019-10-10 00:00:32,395 [Datanode State Machine Thread - 0] INFO  ozoneimpl.OzoneContainer (OzoneContainer.java:start(213)) - Attempting to start container services.
2019-10-10 00:00:32,398 [Datanode State Machine Thread - 0] INFO  ozoneimpl.OzoneContainer (OzoneContainer.java:startContainerScrub(177)) - Background container scanner has been disabled.
2019-10-10 00:00:32,399 [Datanode State Machine Thread - 0] INFO  ratis.XceiverServerRatis (XceiverServerRatis.java:start(425)) - Starting XceiverServerRatis 0679a6ad-56a1-41b2-83e1-15692bb468db at port 0
2019-10-10 00:00:32,427 [Datanode State Machine Thread - 0] INFO  impl.RaftServerProxy (RaftServerProxy.java:lambda$start$3(299)) - 0679a6ad-56a1-41b2-83e1-15692bb468db: start RPC server
2019-10-10 00:00:32,434 [Datanode State Machine Thread - 0] INFO  ozoneimpl.OzoneContainer (OzoneContainer.java:start(213)) - Attempting to start container services.
2019-10-10 00:00:32,443 [Datanode State Machine Thread - 0] INFO  ozoneimpl.OzoneContainer (OzoneContainer.java:startContainerScrub(177)) - Background container scanner has been disabled.
2019-10-10 00:00:32,443 [Datanode State Machine Thread - 0] INFO  ratis.XceiverServerRatis (XceiverServerRatis.java:start(425)) - Starting XceiverServerRatis 46504f71-6b77-44e9-a2e5-588075dae190 at port 0
2019-10-10 00:00:32,451 [Datanode State Machine Thread - 0] INFO  impl.RaftServerProxy (RaftServerProxy.java:lambda$start$3(299)) - 46504f71-6b77-44e9-a2e5-588075dae190: start RPC server
2019-10-10 00:00:32,543 [Datanode State Machine Thread - 0] INFO  ozoneimpl.OzoneContainer (OzoneContainer.java:start(213)) - Attempting to start container services.
2019-10-10 00:00:32,548 [Datanode State Machine Thread - 0] INFO  ozoneimpl.OzoneContainer (OzoneContainer.java:startContainerScrub(177)) - Background container scanner has been disabled.
2019-10-10 00:00:32,548 [Datanode State Machine Thread - 0] INFO  ratis.XceiverServerRatis (XceiverServerRatis.java:start(425)) - Starting XceiverServerRatis 741d15da-6e3d-4013-9010-457716b563b4 at port 0
2019-10-10 00:00:32,558 [Datanode State Machine Thread - 0] INFO  impl.RaftServerProxy (RaftServerProxy.java:lambda$start$3(299)) - 741d15da-6e3d-4013-9010-457716b563b4: start RPC server
2019-10-10 00:00:32,593 [Datanode State Machine Thread - 0] INFO  server.GrpcService (GrpcService.java:startImpl(158)) - 46504f71-6b77-44e9-a2e5-588075dae190: GrpcService started, listening on 0.0.0.0/0.0.0.0:44353
2019-10-10 00:00:32,593 [Datanode State Machine Thread - 0] INFO  server.GrpcService (GrpcService.java:startImpl(158)) - 741d15da-6e3d-4013-9010-457716b563b4: GrpcService started, listening on 0.0.0.0/0.0.0.0:35142
2019-10-10 00:00:32,593 [Datanode State Machine Thread - 0] INFO  server.GrpcService (GrpcService.java:startImpl(158)) - 0679a6ad-56a1-41b2-83e1-15692bb468db: GrpcService started, listening on 0.0.0.0/0.0.0.0:38134
2019-10-10 00:00:32,595 [Datanode State Machine Thread - 0] INFO  ratis.XceiverServerRatis (XceiverServerRatis.java:start(435)) - XceiverServerRatis 741d15da-6e3d-4013-9010-457716b563b4 is started using port 35142
2019-10-10 00:00:32,595 [Datanode State Machine Thread - 0] INFO  ratis.XceiverServerRatis (XceiverServerRatis.java:start(435)) - XceiverServerRatis 46504f71-6b77-44e9-a2e5-588075dae190 is started using port 44353
2019-10-10 00:00:32,595 [Datanode State Machine Thread - 0] INFO  ratis.XceiverServerRatis (XceiverServerRatis.java:start(435)) - XceiverServerRatis 0679a6ad-56a1-41b2-83e1-15692bb468db is started using port 38134
2019-10-10 00:00:32,602 [Datanode State Machine Thread - 0] INFO  server.XceiverServerGrpc (XceiverServerGrpc.java:start(149)) - XceiverServerGrpc 0679a6ad-56a1-41b2-83e1-15692bb468db is started using port 33192
2019-10-10 00:00:32,602 [Datanode State Machine Thread - 0] INFO  server.XceiverServerGrpc (XceiverServerGrpc.java:start(149)) - XceiverServerGrpc 741d15da-6e3d-4013-9010-457716b563b4 is started using port 44194
2019-10-10 00:00:32,602 [Datanode State Machine Thread - 0] INFO  server.XceiverServerGrpc (XceiverServerGrpc.java:start(149)) - XceiverServerGrpc 46504f71-6b77-44e9-a2e5-588075dae190 is started using port 38928
2019-10-10 00:00:32,624 [Datanode State Machine Thread - 0] INFO  ozoneimpl.OzoneContainer (OzoneContainer.java:start(213)) - Attempting to start container services.
2019-10-10 00:00:32,624 [Datanode State Machine Thread - 0] INFO  ozoneimpl.OzoneContainer (OzoneContainer.java:startContainerScrub(177)) - Background container scanner has been disabled.
2019-10-10 00:00:32,625 [Datanode State Machine Thread - 0] INFO  ratis.XceiverServerRatis (XceiverServerRatis.java:start(425)) - Starting XceiverServerRatis 912b0bdb-3095-44f3-93c0-19702928d0ba at port 0
2019-10-10 00:00:32,631 [Datanode State Machine Thread - 0] INFO  impl.RaftServerProxy (RaftServerProxy.java:lambda$start$3(299)) - 912b0bdb-3095-44f3-93c0-19702928d0ba: start RPC server
2019-10-10 00:00:32,634 [Datanode State Machine Thread - 0] INFO  server.GrpcService (GrpcService.java:startImpl(158)) - 912b0bdb-3095-44f3-93c0-19702928d0ba: GrpcService started, listening on 0.0.0.0/0.0.0.0:42393
2019-10-10 00:00:32,634 [Datanode State Machine Thread - 0] INFO  ratis.XceiverServerRatis (XceiverServerRatis.java:start(435)) - XceiverServerRatis 912b0bdb-3095-44f3-93c0-19702928d0ba is started using port 42393
2019-10-10 00:00:32,637 [Datanode State Machine Thread - 0] INFO  server.XceiverServerGrpc (XceiverServerGrpc.java:start(149)) - XceiverServerGrpc 912b0bdb-3095-44f3-93c0-19702928d0ba is started using port 37425
2019-10-10 00:00:32,689 [Datanode State Machine Thread - 0] INFO  ozoneimpl.OzoneContainer (OzoneContainer.java:start(213)) - Attempting to start container services.
2019-10-10 00:00:32,689 [Datanode State Machine Thread - 0] INFO  ozoneimpl.OzoneContainer (OzoneContainer.java:startContainerScrub(177)) - Background container scanner has been disabled.
2019-10-10 00:00:32,690 [Datanode State Machine Thread - 0] INFO  ratis.XceiverServerRatis (XceiverServerRatis.java:start(425)) - Starting XceiverServerRatis fc8096d7-9d86-4d26-87c6-cf6d344fbedb at port 0
2019-10-10 00:00:32,695 [Datanode State Machine Thread - 0] INFO  impl.RaftServerProxy (RaftServerProxy.java:lambda$start$3(299)) - fc8096d7-9d86-4d26-87c6-cf6d344fbedb: start RPC server
2019-10-10 00:00:32,698 [Datanode State Machine Thread - 0] INFO  server.GrpcService (GrpcService.java:startImpl(158)) - fc8096d7-9d86-4d26-87c6-cf6d344fbedb: GrpcService started, listening on 0.0.0.0/0.0.0.0:33290
2019-10-10 00:00:32,698 [Datanode State Machine Thread - 0] INFO  ratis.XceiverServerRatis (XceiverServerRatis.java:start(435)) - XceiverServerRatis fc8096d7-9d86-4d26-87c6-cf6d344fbedb is started using port 33290
2019-10-10 00:00:32,700 [Datanode State Machine Thread - 0] INFO  server.XceiverServerGrpc (XceiverServerGrpc.java:start(149)) - XceiverServerGrpc fc8096d7-9d86-4d26-87c6-cf6d344fbedb is started using port 37694
2019-10-10 00:00:32,780 [Datanode State Machine Thread - 0] INFO  ozoneimpl.OzoneContainer (OzoneContainer.java:start(213)) - Attempting to start container services.
2019-10-10 00:00:32,781 [Datanode State Machine Thread - 0] INFO  ozoneimpl.OzoneContainer (OzoneContainer.java:startContainerScrub(177)) - Background container scanner has been disabled.
2019-10-10 00:00:32,781 [Datanode State Machine Thread - 0] INFO  ratis.XceiverServerRatis (XceiverServerRatis.java:start(425)) - Starting XceiverServerRatis 76f4bde4-dad5-4a03-9d33-b63c46310e66 at port 0
2019-10-10 00:00:32,787 [Datanode State Machine Thread - 0] INFO  impl.RaftServerProxy (RaftServerProxy.java:lambda$start$3(299)) - 76f4bde4-dad5-4a03-9d33-b63c46310e66: start RPC server
2019-10-10 00:00:32,791 [Datanode State Machine Thread - 0] INFO  server.GrpcService (GrpcService.java:startImpl(158)) - 76f4bde4-dad5-4a03-9d33-b63c46310e66: GrpcService started, listening on 0.0.0.0/0.0.0.0:35485
2019-10-10 00:00:32,791 [Datanode State Machine Thread - 0] INFO  ratis.XceiverServerRatis (XceiverServerRatis.java:start(435)) - XceiverServerRatis 76f4bde4-dad5-4a03-9d33-b63c46310e66 is started using port 35485
2019-10-10 00:00:32,794 [Datanode State Machine Thread - 0] INFO  server.XceiverServerGrpc (XceiverServerGrpc.java:start(149)) - XceiverServerGrpc 76f4bde4-dad5-4a03-9d33-b63c46310e66 is started using port 42884
2019-10-10 00:00:32,849 [main] INFO  ozone.MiniOzoneClusterImpl (MiniOzoneClusterImpl.java:lambda$waitForClusterToBeReady$2(172)) - Waiting for cluster to be ready. Got 0 of 7 DN Heartbeats.
2019-10-10 00:00:32,863 [Datanode State Machine Thread - 0] INFO  ozoneimpl.OzoneContainer (OzoneContainer.java:start(213)) - Attempting to start container services.
2019-10-10 00:00:32,864 [Datanode State Machine Thread - 0] INFO  ozoneimpl.OzoneContainer (OzoneContainer.java:startContainerScrub(177)) - Background container scanner has been disabled.
2019-10-10 00:00:32,864 [Datanode State Machine Thread - 0] INFO  ratis.XceiverServerRatis (XceiverServerRatis.java:start(425)) - Starting XceiverServerRatis 4808dac8-c899-40b2-85de-0feef9b59caa at port 0
2019-10-10 00:00:32,869 [Datanode State Machine Thread - 0] INFO  impl.RaftServerProxy (RaftServerProxy.java:lambda$start$3(299)) - 4808dac8-c899-40b2-85de-0feef9b59caa: start RPC server
2019-10-10 00:00:32,873 [Datanode State Machine Thread - 0] INFO  server.GrpcService (GrpcService.java:startImpl(158)) - 4808dac8-c899-40b2-85de-0feef9b59caa: GrpcService started, listening on 0.0.0.0/0.0.0.0:41801
2019-10-10 00:00:32,874 [Datanode State Machine Thread - 0] INFO  ratis.XceiverServerRatis (XceiverServerRatis.java:start(435)) - XceiverServerRatis 4808dac8-c899-40b2-85de-0feef9b59caa is started using port 41801
2019-10-10 00:00:32,876 [Datanode State Machine Thread - 0] INFO  server.XceiverServerGrpc (XceiverServerGrpc.java:start(149)) - XceiverServerGrpc 4808dac8-c899-40b2-85de-0feef9b59caa is started using port 35303
2019-10-10 00:00:33,850 [main] INFO  ozone.MiniOzoneClusterImpl (MiniOzoneClusterImpl.java:lambda$waitForClusterToBeReady$2(172)) - Waiting for cluster to be ready. Got 0 of 7 DN Heartbeats.
2019-10-10 00:00:34,354 [IPC Server handler 0 on 39974] INFO  net.NetworkTopology (NetworkTopologyImpl.java:add(111)) - Added a new node: /default-rack/0679a6ad-56a1-41b2-83e1-15692bb468db
2019-10-10 00:00:34,356 [IPC Server handler 0 on 39974] INFO  node.SCMNodeManager (SCMNodeManager.java:register(268)) - Registered Data node : 0679a6ad-56a1-41b2-83e1-15692bb468db{ip: 192.168.5.166, host: pr-hdds-1868-fg6nx-4263576025, networkLocation: /default-rack, certSerialId: null}
2019-10-10 00:00:34,359 [EventQueue-NodeRegistrationContainerReportForDataNodeSafeModeRule] INFO  safemode.SCMSafeModeManager (DataNodeSafeModeRule.java:process(71)) - SCM in safe mode. 1 DataNodes registered, 1 required.
2019-10-10 00:00:34,359 [EventQueue-NodeRegistrationContainerReportForDataNodeSafeModeRule] INFO  safemode.SCMSafeModeManager (SCMSafeModeManager.java:validateSafeModeExitRules(177)) - ScmSafeModeManager, all rules are successfully validated
2019-10-10 00:00:34,359 [EventQueue-NodeRegistrationContainerReportForDataNodeSafeModeRule] INFO  safemode.SCMSafeModeManager (SCMSafeModeManager.java:exitSafeMode(193)) - SCM exiting safe mode.
2019-10-10 00:00:34,417 [IPC Server handler 1 on 39974] INFO  net.NetworkTopology (NetworkTopologyImpl.java:add(111)) - Added a new node: /default-rack/46504f71-6b77-44e9-a2e5-588075dae190
2019-10-10 00:00:34,417 [IPC Server handler 1 on 39974] INFO  node.SCMNodeManager (SCMNodeManager.java:register(268)) - Registered Data node : 46504f71-6b77-44e9-a2e5-588075dae190{ip: 192.168.5.166, host: pr-hdds-1868-fg6nx-4263576025, networkLocation: /default-rack, certSerialId: null}
2019-10-10 00:00:34,534 [IPC Server handler 4 on 39974] INFO  net.NetworkTopology (NetworkTopologyImpl.java:add(111)) - Added a new node: /default-rack/741d15da-6e3d-4013-9010-457716b563b4
2019-10-10 00:00:34,534 [IPC Server handler 4 on 39974] INFO  node.SCMNodeManager (SCMNodeManager.java:register(268)) - Registered Data node : 741d15da-6e3d-4013-9010-457716b563b4{ip: 192.168.5.166, host: pr-hdds-1868-fg6nx-4263576025, networkLocation: /default-rack, certSerialId: null}
2019-10-10 00:00:34,611 [IPC Server handler 5 on 39974] INFO  net.NetworkTopology (NetworkTopologyImpl.java:add(111)) - Added a new node: /default-rack/912b0bdb-3095-44f3-93c0-19702928d0ba
2019-10-10 00:00:34,611 [IPC Server handler 5 on 39974] INFO  node.SCMNodeManager (SCMNodeManager.java:register(268)) - Registered Data node : 912b0bdb-3095-44f3-93c0-19702928d0ba{ip: 192.168.5.166, host: pr-hdds-1868-fg6nx-4263576025, networkLocation: /default-rack, certSerialId: null}
2019-10-10 00:00:34,677 [IPC Server handler 3 on 39974] INFO  net.NetworkTopology (NetworkTopologyImpl.java:add(111)) - Added a new node: /default-rack/fc8096d7-9d86-4d26-87c6-cf6d344fbedb
2019-10-10 00:00:34,678 [IPC Server handler 3 on 39974] INFO  node.SCMNodeManager (SCMNodeManager.java:register(268)) - Registered Data node : fc8096d7-9d86-4d26-87c6-cf6d344fbedb{ip: 192.168.5.166, host: pr-hdds-1868-fg6nx-4263576025, networkLocation: /default-rack, certSerialId: null}
2019-10-10 00:00:34,768 [IPC Server handler 6 on 39974] INFO  net.NetworkTopology (NetworkTopologyImpl.java:add(111)) - Added a new node: /default-rack/76f4bde4-dad5-4a03-9d33-b63c46310e66
2019-10-10 00:00:34,769 [IPC Server handler 6 on 39974] INFO  node.SCMNodeManager (SCMNodeManager.java:register(268)) - Registered Data node : 76f4bde4-dad5-4a03-9d33-b63c46310e66{ip: 192.168.5.166, host: pr-hdds-1868-fg6nx-4263576025, networkLocation: /default-rack, certSerialId: null}
2019-10-10 00:00:34,850 [IPC Server handler 7 on 39974] INFO  net.NetworkTopology (NetworkTopologyImpl.java:add(111)) - Added a new node: /default-rack/4808dac8-c899-40b2-85de-0feef9b59caa
2019-10-10 00:00:34,850 [IPC Server handler 7 on 39974] INFO  node.SCMNodeManager (SCMNodeManager.java:register(268)) - Registered Data node : 4808dac8-c899-40b2-85de-0feef9b59caa{ip: 192.168.5.166, host: pr-hdds-1868-fg6nx-4263576025, networkLocation: /default-rack, certSerialId: null}
2019-10-10 00:00:34,894 [grpc-default-executor-0] INFO  impl.RaftServerProxy (RaftServerProxy.java:addNew(89)) - 0679a6ad-56a1-41b2-83e1-15692bb468db: addNew group-908D88E7E0F6:[0679a6ad-56a1-41b2-83e1-15692bb468db:192.168.5.166:38134] returns group-908D88E7E0F6:java.util.concurrent.CompletableFuture@41ba8315[Not completed]
2019-10-10 00:00:34,908 [pool-27-thread-1] INFO  impl.RaftServerImpl (RaftServerImpl.java:<init>(95)) - 0679a6ad-56a1-41b2-83e1-15692bb468db: new RaftServerImpl for group-908D88E7E0F6:[0679a6ad-56a1-41b2-83e1-15692bb468db:192.168.5.166:38134] with ContainerStateMachine:uninitialized
2019-10-10 00:00:34,909 [pool-27-thread-1] INFO  server.RaftServerConfigKeys (ConfUtils.java:logGet(43)) - raft.server.rpc.timeout.min = 5s (custom)
2019-10-10 00:00:34,911 [pool-27-thread-1] INFO  server.RaftServerConfigKeys (ConfUtils.java:logGet(43)) - raft.server.rpc.timeout.max = 5200ms (custom)
2019-10-10 00:00:34,911 [pool-27-thread-1] INFO  server.RaftServerConfigKeys (ConfUtils.java:logGet(43)) - raft.server.rpcslowness.timeout = 120s (custom)
2019-10-10 00:00:34,912 [pool-27-thread-1] INFO  server.RaftServerConfigKeys (ConfUtils.java:logGet(43)) - raft.server.sleep.deviation.threshold = 300 (default)
2019-10-10 00:00:34,913 [pool-27-thread-1] INFO  server.RaftServerConfigKeys (ConfUtils.java:logGet(43)) - raft.server.log.appender.install.snapshot.enabled = false (custom)
2019-10-10 00:00:34,921 [pool-27-thread-1] INFO  impl.RaftServerImpl (ServerState.java:<init>(103)) - 0679a6ad-56a1-41b2-83e1-15692bb468db@group-908D88E7E0F6: ConfigurationManager, init=-1: [0679a6ad-56a1-41b2-83e1-15692bb468db:192.168.5.166:38134], old=null, confs=<EMPTY_MAP>
2019-10-10 00:00:34,921 [pool-27-thread-1] INFO  server.RaftServerConfigKeys (ConfUtils.java:logGet(43)) - raft.server.storage.dir = [/workdir/hadoop-ozone/integration-test/target/test-dir/MiniOzoneClusterImpl-8984d707-b3d2-42d5-a334-f25a69bbeeeb/datanode-0/data/ratis] (custom)
2019-10-10 00:00:34,928 [pool-27-thread-1] INFO  server.RaftServerConfigKeys (ConfUtils.java:logGet(43)) - raft.server.log.corruption.policy = EXCEPTION (default)
2019-10-10 00:00:34,930 [pool-27-thread-1] INFO  storage.RaftStorageDirectory (RaftStorageDirectory.java:analyzeStorage(246)) - The storage directory /workdir/hadoop-ozone/integration-test/target/test-dir/MiniOzoneClusterImpl-8984d707-b3d2-42d5-a334-f25a69bbeeeb/datanode-0/data/ratis/8dad9404-160a-41cf-98ee-908d88e7e0f6 does not exist. Creating ...
2019-10-10 00:00:34,949 [pool-27-thread-1] INFO  storage.RaftStorageDirectory (RaftStorageDirectory.java:tryLock(328)) - Lock on /workdir/hadoop-ozone/integration-test/target/test-dir/MiniOzoneClusterImpl-8984d707-b3d2-42d5-a334-f25a69bbeeeb/datanode-0/data/ratis/8dad9404-160a-41cf-98ee-908d88e7e0f6/in_use.lock acquired by nodename 904@pr-hdds-1868-fg6nx-4263576025
2019-10-10 00:00:34,964 [pool-27-thread-1] INFO  storage.RaftStorage (RaftStorage.java:format(84)) - Storage directory /workdir/hadoop-ozone/integration-test/target/test-dir/MiniOzoneClusterImpl-8984d707-b3d2-42d5-a334-f25a69bbeeeb/datanode-0/data/ratis/8dad9404-160a-41cf-98ee-908d88e7e0f6 has been successfully formatted.
2019-10-10 00:00:34,967 [pool-27-thread-1] INFO  ratis.ContainerStateMachine (ContainerStateMachine.java:loadSnapshot(233)) - group-908D88E7E0F6: The snapshot info is null. Setting the last applied indexto:(t:0, i:~)
2019-10-10 00:00:34,967 [pool-27-thread-1] INFO  server.RaftServerConfigKeys (ConfUtils.java:logGet(43)) - raft.server.notification.no-leader.timeout = 120s (custom)
2019-10-10 00:00:34,970 [pool-27-thread-1] INFO  server.RaftServerConfigKeys (ConfUtils.java:logGet(43)) - raft.server.log.use.memory = false (default)
2019-10-10 00:00:34,978 [pool-27-thread-1] INFO  server.RaftServerConfigKeys (ConfUtils.java:logGet(43)) - raft.server.log.purge.gap = 1000000 (custom)
2019-10-10 00:00:34,978 [pool-27-thread-1] INFO  server.RaftServerConfigKeys (ConfUtils.java:logGet(43)) - raft.server.log.appender.buffer.byte-limit = 33554432 (custom)
2019-10-10 00:00:34,981 [pool-27-thread-1] INFO  server.RaftServerConfigKeys (ConfUtils.java:logGet(43)) - raft.server.log.segment.size.max = 1048576 (custom)
2019-10-10 00:00:34,983 [pool-27-thread-1] INFO  impl.MetricsSystemImpl (MetricsSystemImpl.java:init(158)) - ratis metrics system started (again)
2019-10-10 00:00:34,988 [pool-27-thread-1] INFO  metrics.MetricRegistries (MetricRegistriesLoader.java:load(64)) - Loaded MetricRegistries class org.apache.ratis.metrics.impl.MetricRegistriesImpl
2019-10-10 00:00:35,030 [pool-27-thread-1] INFO  server.RaftServerConfigKeys (ConfUtils.java:logGet(43)) - raft.server.log.segment.cache.num.max = 2 (custom)
2019-10-10 00:00:35,036 [pool-27-thread-1] INFO  segmented.SegmentedRaftLogWorker (SegmentedRaftLogWorker.java:<init>(173)) - new 0679a6ad-56a1-41b2-83e1-15692bb468db@group-908D88E7E0F6-SegmentedRaftLogWorker for RaftStorage:Storage Directory /workdir/hadoop-ozone/integration-test/target/test-dir/MiniOzoneClusterImpl-8984d707-b3d2-42d5-a334-f25a69bbeeeb/datanode-0/data/ratis/8dad9404-160a-41cf-98ee-908d88e7e0f6
2019-10-10 00:00:35,036 [pool-27-thread-1] INFO  server.RaftServerConfigKeys (ConfUtils.java:logGet(43)) - raft.server.log.queue.byte-limit = 2147483647 (custom)
2019-10-10 00:00:35,037 [pool-27-thread-1] INFO  server.RaftServerConfigKeys (ConfUtils.java:logGet(43)) - raft.server.log.queue.element-limit = 1024 (custom)
2019-10-10 00:00:35,038 [pool-27-thread-1] INFO  server.RaftServerConfigKeys (ConfUtils.java:logGet(43)) - raft.server.log.segment.size.max = 1048576 (custom)
2019-10-10 00:00:35,039 [pool-27-thread-1] INFO  server.RaftServerConfigKeys (ConfUtils.java:logGet(43)) - raft.server.log.preallocated.size = 16384 (custom)
2019-10-10 00:00:35,039 [pool-27-thread-1] INFO  server.RaftServerConfigKeys (ConfUtils.java:logGet(43)) - raft.server.log.write.buffer.size = 33554432 (custom)
2019-10-10 00:00:35,040 [pool-27-thread-1] INFO  server.RaftServerConfigKeys (ConfUtils.java:logGet(43)) - raft.server.log.force.sync.num = 128 (default)
2019-10-10 00:00:35,041 [pool-27-thread-1] INFO  server.RaftServerConfigKeys (ConfUtils.java:logGet(43)) - raft.server.log.statemachine.data.sync = true (default)
2019-10-10 00:00:35,041 [pool-27-thread-1] INFO  server.RaftServerConfigKeys (ConfUtils.java:logGet(43)) - raft.server.log.statemachine.data.sync.timeout = 10s (default)
2019-10-10 00:00:35,042 [pool-27-thread-1] INFO  server.RaftServerConfigKeys (ConfUtils.java:logGet(43)) - raft.server.log.statemachine.data.sync.timeout.retry = -1 (default)
2019-10-10 00:00:35,056 [pool-27-thread-1] INFO  server.RaftServerConfigKeys (ConfUtils.java:logGet(43)) - raft.server.log.statemachine.data.caching.enabled = true (custom)
2019-10-10 00:00:35,061 [pool-27-thread-1] INFO  segmented.SegmentedRaftLogWorker (SegmentedRaftLogWorker.java:lambda$new$0(128)) - 0679a6ad-56a1-41b2-83e1-15692bb468db@group-908D88E7E0F6-SegmentedRaftLogWorker: flushIndex: setUnconditionally 0 -> -1
2019-10-10 00:00:35,068 [pool-27-thread-1] INFO  server.RaftServerConfigKeys (ConfUtils.java:logGet(43)) - raft.server.snapshot.auto.trigger.enabled = true (custom)
2019-10-10 00:00:35,069 [pool-27-thread-1] INFO  server.RaftServerConfigKeys (ConfUtils.java:logGet(43)) - raft.server.snapshot.auto.trigger.threshold = 10000 (custom)
2019-10-10 00:00:35,070 [pool-27-thread-1] INFO  server.RaftServerConfigKeys (ConfUtils.java:logGet(43)) - raft.server.snapshot.retention.file.num = 5 (custom)
2019-10-10 00:00:35,071 [pool-27-thread-1] INFO  server.RaftServerConfigKeys (ConfUtils.java:logGet(43)) - raft.server.retrycache.expirytime = 600000ms (custom)
2019-10-10 00:00:35,107 [pool-27-thread-1] INFO  impl.RaftServerImpl (RaftServerImpl.java:start(181)) - 0679a6ad-56a1-41b2-83e1-15692bb468db@group-908D88E7E0F6: start as a follower, conf=-1: [0679a6ad-56a1-41b2-83e1-15692bb468db:192.168.5.166:38134], old=null
2019-10-10 00:00:35,108 [pool-27-thread-1] INFO  impl.RaftServerImpl (RaftServerImpl.java:setRole(170)) - 0679a6ad-56a1-41b2-83e1-15692bb468db@group-908D88E7E0F6: changes role from      null to FOLLOWER at term 0 for startAsFollower
2019-10-10 00:00:35,109 [pool-27-thread-1] INFO  impl.RoleInfo (RoleInfo.java:updateAndGet(143)) - 0679a6ad-56a1-41b2-83e1-15692bb468db: start FollowerState
2019-10-10 00:00:35,112 [pool-27-thread-1] INFO  util.JmxRegister (JmxRegister.java:tryRegister(44)) - Successfully registered JMX Bean with object name Ratis:service=RaftServer,group=group-908D88E7E0F6,id=0679a6ad-56a1-41b2-83e1-15692bb468db
2019-10-10 00:00:35,192 [RatisPipelineUtilsThread] INFO  pipeline.PipelineStateManager (PipelineStateManager.java:addPipeline(57)) - Created pipeline Pipeline[ Id: 8dad9404-160a-41cf-98ee-908d88e7e0f6, Nodes: 0679a6ad-56a1-41b2-83e1-15692bb468db{ip: 192.168.5.166, host: pr-hdds-1868-fg6nx-4263576025, networkLocation: /default-rack, certSerialId: null}, Type:RATIS, Factor:ONE, State:ALLOCATED]
2019-10-10 00:00:35,221 [grpc-default-executor-0] INFO  impl.RaftServerProxy (RaftServerProxy.java:addNew(89)) - 46504f71-6b77-44e9-a2e5-588075dae190: addNew group-E30BFC21E68C:[46504f71-6b77-44e9-a2e5-588075dae190:192.168.5.166:44353] returns group-E30BFC21E68C:java.util.concurrent.CompletableFuture@7f4e69c3[Not completed]
2019-10-10 00:00:35,262 [pool-37-thread-1] INFO  impl.RaftServerImpl (RaftServerImpl.java:<init>(95)) - 46504f71-6b77-44e9-a2e5-588075dae190: new RaftServerImpl for group-E30BFC21E68C:[46504f71-6b77-44e9-a2e5-588075dae190:192.168.5.166:44353] with ContainerStateMachine:uninitialized
2019-10-10 00:00:35,264 [pool-37-thread-1] INFO  server.RaftServerConfigKeys (ConfUtils.java:logGet(43)) - raft.server.rpc.timeout.min = 5s (custom)
2019-10-10 00:00:35,265 [pool-37-thread-1] INFO  server.RaftServerConfigKeys (ConfUtils.java:logGet(43)) - raft.server.rpc.timeout.max = 5200ms (custom)
2019-10-10 00:00:35,265 [pool-37-thread-1] INFO  server.RaftServerConfigKeys (ConfUtils.java:logGet(43)) - raft.server.rpcslowness.timeout = 120s (custom)
2019-10-10 00:00:35,265 [pool-37-thread-1] INFO  server.RaftServerConfigKeys (ConfUtils.java:logGet(43)) - raft.server.sleep.deviation.threshold = 300 (default)
2019-10-10 00:00:35,265 [pool-37-thread-1] INFO  server.RaftServerConfigKeys (ConfUtils.java:logGet(43)) - raft.server.log.appender.install.snapshot.enabled = false (custom)
2019-10-10 00:00:35,266 [pool-37-thread-1] INFO  impl.RaftServerImpl (ServerState.java:<init>(103)) - 46504f71-6b77-44e9-a2e5-588075dae190@group-E30BFC21E68C: ConfigurationManager, init=-1: [46504f71-6b77-44e9-a2e5-588075dae190:192.168.5.166:44353], old=null, confs=<EMPTY_MAP>
2019-10-10 00:00:35,266 [pool-37-thread-1] INFO  server.RaftServerConfigKeys (ConfUtils.java:logGet(43)) - raft.server.storage.dir = [/workdir/hadoop-ozone/integration-test/target/test-dir/MiniOzoneClusterImpl-8984d707-b3d2-42d5-a334-f25a69bbeeeb/datanode-1/data/ratis] (custom)
2019-10-10 00:00:35,267 [pool-37-thread-1] INFO  server.RaftServerConfigKeys (ConfUtils.java:logGet(43)) - raft.server.log.corruption.policy = EXCEPTION (default)
2019-10-10 00:00:35,267 [pool-37-thread-1] INFO  storage.RaftStorageDirectory (RaftStorageDirectory.java:analyzeStorage(246)) - The storage directory /workdir/hadoop-ozone/integration-test/target/test-dir/MiniOzoneClusterImpl-8984d707-b3d2-42d5-a334-f25a69bbeeeb/datanode-1/data/ratis/b35556da-0cc9-44e8-908b-e30bfc21e68c does not exist. Creating ...
2019-10-10 00:00:35,290 [pool-37-thread-1] INFO  storage.RaftStorageDirectory (RaftStorageDirectory.java:tryLock(328)) - Lock on /workdir/hadoop-ozone/integration-test/target/test-dir/MiniOzoneClusterImpl-8984d707-b3d2-42d5-a334-f25a69bbeeeb/datanode-1/data/ratis/b35556da-0cc9-44e8-908b-e30bfc21e68c/in_use.lock acquired by nodename 904@pr-hdds-1868-fg6nx-4263576025
2019-10-10 00:00:35,302 [pool-37-thread-1] INFO  storage.RaftStorage (RaftStorage.java:format(84)) - Storage directory /workdir/hadoop-ozone/integration-test/target/test-dir/MiniOzoneClusterImpl-8984d707-b3d2-42d5-a334-f25a69bbeeeb/datanode-1/data/ratis/b35556da-0cc9-44e8-908b-e30bfc21e68c has been successfully formatted.
2019-10-10 00:00:35,305 [pool-37-thread-1] INFO  ratis.ContainerStateMachine (ContainerStateMachine.java:loadSnapshot(233)) - group-E30BFC21E68C: The snapshot info is null. Setting the last applied indexto:(t:0, i:~)
2019-10-10 00:00:35,307 [pool-37-thread-1] INFO  server.RaftServerConfigKeys (ConfUtils.java:logGet(43)) - raft.server.notification.no-leader.timeout = 120s (custom)
2019-10-10 00:00:35,307 [pool-37-thread-1] INFO  server.RaftServerConfigKeys (ConfUtils.java:logGet(43)) - raft.server.log.use.memory = false (default)
2019-10-10 00:00:35,307 [pool-37-thread-1] INFO  server.RaftServerConfigKeys (ConfUtils.java:logGet(43)) - raft.server.log.purge.gap = 1000000 (custom)
2019-10-10 00:00:35,307 [pool-37-thread-1] INFO  server.RaftServerConfigKeys (ConfUtils.java:logGet(43)) - raft.server.log.appender.buffer.byte-limit = 33554432 (custom)
2019-10-10 00:00:35,308 [pool-37-thread-1] INFO  server.RaftServerConfigKeys (ConfUtils.java:logGet(43)) - raft.server.log.segment.size.max = 1048576 (custom)
2019-10-10 00:00:35,313 [pool-37-thread-1] INFO  server.RaftServerConfigKeys (ConfUtils.java:logGet(43)) - raft.server.log.segment.cache.num.max = 2 (custom)
2019-10-10 00:00:35,314 [pool-37-thread-1] INFO  segmented.SegmentedRaftLogWorker (SegmentedRaftLogWorker.java:<init>(173)) - new 46504f71-6b77-44e9-a2e5-588075dae190@group-E30BFC21E68C-SegmentedRaftLogWorker for RaftStorage:Storage Directory /workdir/hadoop-ozone/integration-test/target/test-dir/MiniOzoneClusterImpl-8984d707-b3d2-42d5-a334-f25a69bbeeeb/datanode-1/data/ratis/b35556da-0cc9-44e8-908b-e30bfc21e68c
2019-10-10 00:00:35,315 [pool-37-thread-1] INFO  server.RaftServerConfigKeys (ConfUtils.java:logGet(43)) - raft.server.log.queue.byte-limit = 2147483647 (custom)
2019-10-10 00:00:35,315 [pool-37-thread-1] INFO  server.RaftServerConfigKeys (ConfUtils.java:logGet(43)) - raft.server.log.queue.element-limit = 1024 (custom)
2019-10-10 00:00:35,315 [pool-37-thread-1] INFO  server.RaftServerConfigKeys (ConfUtils.java:logGet(43)) - raft.server.log.segment.size.max = 1048576 (custom)
2019-10-10 00:00:35,315 [pool-37-thread-1] INFO  server.RaftServerConfigKeys (ConfUtils.java:logGet(43)) - raft.server.log.preallocated.size = 16384 (custom)
2019-10-10 00:00:35,316 [pool-37-thread-1] INFO  server.RaftServerConfigKeys (ConfUtils.java:logGet(43)) - raft.server.log.write.buffer.size = 33554432 (custom)
2019-10-10 00:00:35,316 [pool-37-thread-1] INFO  server.RaftServerConfigKeys (ConfUtils.java:logGet(43)) - raft.server.log.force.sync.num = 128 (default)
2019-10-10 00:00:35,316 [pool-37-thread-1] INFO  server.RaftServerConfigKeys (ConfUtils.java:logGet(43)) - raft.server.log.statemachine.data.sync = true (default)
2019-10-10 00:00:35,316 [pool-37-thread-1] INFO  server.RaftServerConfigKeys (ConfUtils.java:logGet(43)) - raft.server.log.statemachine.data.sync.timeout = 10s (default)
2019-10-10 00:00:35,316 [pool-37-thread-1] INFO  server.RaftServerConfigKeys (ConfUtils.java:logGet(43)) - raft.server.log.statemachine.data.sync.timeout.retry = -1 (default)
2019-10-10 00:00:35,317 [pool-37-thread-1] INFO  server.RaftServerConfigKeys (ConfUtils.java:logGet(43)) - raft.server.log.statemachine.data.caching.enabled = true (custom)
2019-10-10 00:00:35,318 [pool-37-thread-1] INFO  segmented.SegmentedRaftLogWorker (SegmentedRaftLogWorker.java:lambda$new$0(128)) - 46504f71-6b77-44e9-a2e5-588075dae190@group-E30BFC21E68C-SegmentedRaftLogWorker: flushIndex: setUnconditionally 0 -> -1
2019-10-10 00:00:35,318 [pool-37-thread-1] INFO  server.RaftServerConfigKeys (ConfUtils.java:logGet(43)) - raft.server.snapshot.auto.trigger.enabled = true (custom)
2019-10-10 00:00:35,318 [pool-37-thread-1] INFO  server.RaftServerConfigKeys (ConfUtils.java:logGet(43)) - raft.server.snapshot.auto.trigger.threshold = 10000 (custom)
2019-10-10 00:00:35,318 [pool-37-thread-1] INFO  server.RaftServerConfigKeys (ConfUtils.java:logGet(43)) - raft.server.snapshot.retention.file.num = 5 (custom)
2019-10-10 00:00:35,319 [pool-37-thread-1] INFO  server.RaftServerConfigKeys (ConfUtils.java:logGet(43)) - raft.server.retrycache.expirytime = 600000ms (custom)
2019-10-10 00:00:35,324 [pool-37-thread-1] INFO  impl.RaftServerImpl (RaftServerImpl.java:start(181)) - 46504f71-6b77-44e9-a2e5-588075dae190@group-E30BFC21E68C: start as a follower, conf=-1: [46504f71-6b77-44e9-a2e5-588075dae190:192.168.5.166:44353], old=null
2019-10-10 00:00:35,324 [pool-37-thread-1] INFO  impl.RaftServerImpl (RaftServerImpl.java:setRole(170)) - 46504f71-6b77-44e9-a2e5-588075dae190@group-E30BFC21E68C: changes role from      null to FOLLOWER at term 0 for startAsFollower
2019-10-10 00:00:35,324 [pool-37-thread-1] INFO  impl.RoleInfo (RoleInfo.java:updateAndGet(143)) - 46504f71-6b77-44e9-a2e5-588075dae190: start FollowerState
2019-10-10 00:00:35,326 [pool-37-thread-1] INFO  util.JmxRegister (JmxRegister.java:tryRegister(44)) - Successfully registered JMX Bean with object name Ratis:service=RaftServer,group=group-E30BFC21E68C,id=46504f71-6b77-44e9-a2e5-588075dae190
2019-10-10 00:00:35,344 [RatisPipelineUtilsThread] INFO  pipeline.PipelineStateManager (PipelineStateManager.java:addPipeline(57)) - Created pipeline Pipeline[ Id: b35556da-0cc9-44e8-908b-e30bfc21e68c, Nodes: 46504f71-6b77-44e9-a2e5-588075dae190{ip: 192.168.5.166, host: pr-hdds-1868-fg6nx-4263576025, networkLocation: /default-rack, certSerialId: null}, Type:RATIS, Factor:ONE, State:ALLOCATED]
2019-10-10 00:00:35,367 [grpc-default-executor-0] INFO  impl.RaftServerProxy (RaftServerProxy.java:addNew(89)) - 912b0bdb-3095-44f3-93c0-19702928d0ba: addNew group-139EF7E3D7E4:[912b0bdb-3095-44f3-93c0-19702928d0ba:192.168.5.166:42393] returns group-139EF7E3D7E4:java.util.concurrent.CompletableFuture@42bda810[Not completed]
2019-10-10 00:00:35,396 [pool-57-thread-1] INFO  impl.RaftServerImpl (RaftServerImpl.java:<init>(95)) - 912b0bdb-3095-44f3-93c0-19702928d0ba: new RaftServerImpl for group-139EF7E3D7E4:[912b0bdb-3095-44f3-93c0-19702928d0ba:192.168.5.166:42393] with ContainerStateMachine:uninitialized
2019-10-10 00:00:35,396 [pool-57-thread-1] INFO  server.RaftServerConfigKeys (ConfUtils.java:logGet(43)) - raft.server.rpc.timeout.min = 5s (custom)
2019-10-10 00:00:35,396 [pool-57-thread-1] INFO  server.RaftServerConfigKeys (ConfUtils.java:logGet(43)) - raft.server.rpc.timeout.max = 5200ms (custom)
2019-10-10 00:00:35,396 [pool-57-thread-1] INFO  server.RaftServerConfigKeys (ConfUtils.java:logGet(43)) - raft.server.rpcslowness.timeout = 120s (custom)
2019-10-10 00:00:35,397 [pool-57-thread-1] INFO  server.RaftServerConfigKeys (ConfUtils.java:logGet(43)) - raft.server.sleep.deviation.threshold = 300 (default)
2019-10-10 00:00:35,397 [pool-57-thread-1] INFO  server.RaftServerConfigKeys (ConfUtils.java:logGet(43)) - raft.server.log.appender.install.snapshot.enabled = false (custom)
2019-10-10 00:00:35,397 [pool-57-thread-1] INFO  impl.RaftServerImpl (ServerState.java:<init>(103)) - 912b0bdb-3095-44f3-93c0-19702928d0ba@group-139EF7E3D7E4: ConfigurationManager, init=-1: [912b0bdb-3095-44f3-93c0-19702928d0ba:192.168.5.166:42393], old=null, confs=<EMPTY_MAP>
2019-10-10 00:00:35,397 [pool-57-thread-1] INFO  server.RaftServerConfigKeys (ConfUtils.java:logGet(43)) - raft.server.storage.dir = [/workdir/hadoop-ozone/integration-test/target/test-dir/MiniOzoneClusterImpl-8984d707-b3d2-42d5-a334-f25a69bbeeeb/datanode-3/data/ratis] (custom)
2019-10-10 00:00:35,397 [pool-57-thread-1] INFO  server.RaftServerConfigKeys (ConfUtils.java:logGet(43)) - raft.server.log.corruption.policy = EXCEPTION (default)
2019-10-10 00:00:35,398 [pool-57-thread-1] INFO  storage.RaftStorageDirectory (RaftStorageDirectory.java:analyzeStorage(246)) - The storage directory /workdir/hadoop-ozone/integration-test/target/test-dir/MiniOzoneClusterImpl-8984d707-b3d2-42d5-a334-f25a69bbeeeb/datanode-3/data/ratis/b8ece3d1-bf6b-492e-8d0a-139ef7e3d7e4 does not exist. Creating ...
2019-10-10 00:00:35,410 [pool-57-thread-1] INFO  storage.RaftStorageDirectory (RaftStorageDirectory.java:tryLock(328)) - Lock on /workdir/hadoop-ozone/integration-test/target/test-dir/MiniOzoneClusterImpl-8984d707-b3d2-42d5-a334-f25a69bbeeeb/datanode-3/data/ratis/b8ece3d1-bf6b-492e-8d0a-139ef7e3d7e4/in_use.lock acquired by nodename 904@pr-hdds-1868-fg6nx-4263576025
2019-10-10 00:00:35,423 [pool-57-thread-1] INFO  storage.RaftStorage (RaftStorage.java:format(84)) - Storage directory /workdir/hadoop-ozone/integration-test/target/test-dir/MiniOzoneClusterImpl-8984d707-b3d2-42d5-a334-f25a69bbeeeb/datanode-3/data/ratis/b8ece3d1-bf6b-492e-8d0a-139ef7e3d7e4 has been successfully formatted.
2019-10-10 00:00:35,423 [pool-57-thread-1] INFO  ratis.ContainerStateMachine (ContainerStateMachine.java:loadSnapshot(233)) - group-139EF7E3D7E4: The snapshot info is null. Setting the last applied indexto:(t:0, i:~)
2019-10-10 00:00:35,423 [pool-57-thread-1] INFO  server.RaftServerConfigKeys (ConfUtils.java:logGet(43)) - raft.server.notification.no-leader.timeout = 120s (custom)
2019-10-10 00:00:35,423 [pool-57-thread-1] INFO  server.RaftServerConfigKeys (ConfUtils.java:logGet(43)) - raft.server.log.use.memory = false (default)
2019-10-10 00:00:35,423 [pool-57-thread-1] INFO  server.RaftServerConfigKeys (ConfUtils.java:logGet(43)) - raft.server.log.purge.gap = 1000000 (custom)
2019-10-10 00:00:35,424 [pool-57-thread-1] INFO  server.RaftServerConfigKeys (ConfUtils.java:logGet(43)) - raft.server.log.appender.buffer.byte-limit = 33554432 (custom)
2019-10-10 00:00:35,424 [pool-57-thread-1] INFO  server.RaftServerConfigKeys (ConfUtils.java:logGet(43)) - raft.server.log.segment.size.max = 1048576 (custom)
2019-10-10 00:00:35,452 [pool-57-thread-1] INFO  server.RaftServerConfigKeys (ConfUtils.java:logGet(43)) - raft.server.log.segment.cache.num.max = 2 (custom)
2019-10-10 00:00:35,453 [pool-57-thread-1] INFO  segmented.SegmentedRaftLogWorker (SegmentedRaftLogWorker.java:<init>(173)) - new 912b0bdb-3095-44f3-93c0-19702928d0ba@group-139EF7E3D7E4-SegmentedRaftLogWorker for RaftStorage:Storage Directory /workdir/hadoop-ozone/integration-test/target/test-dir/MiniOzoneClusterImpl-8984d707-b3d2-42d5-a334-f25a69bbeeeb/datanode-3/data/ratis/b8ece3d1-bf6b-492e-8d0a-139ef7e3d7e4
2019-10-10 00:00:35,453 [pool-57-thread-1] INFO  server.RaftServerConfigKeys (ConfUtils.java:logGet(43)) - raft.server.log.queue.byte-limit = 2147483647 (custom)
2019-10-10 00:00:35,453 [pool-57-thread-1] INFO  server.RaftServerConfigKeys (ConfUtils.java:logGet(43)) - raft.server.log.queue.element-limit = 1024 (custom)
2019-10-10 00:00:35,453 [pool-57-thread-1] INFO  server.RaftServerConfigKeys (ConfUtils.java:logGet(43)) - raft.server.log.segment.size.max = 1048576 (custom)
2019-10-10 00:00:35,453 [pool-57-thread-1] INFO  server.RaftServerConfigKeys (ConfUtils.java:logGet(43)) - raft.server.log.preallocated.size = 16384 (custom)
2019-10-10 00:00:35,454 [pool-57-thread-1] INFO  server.RaftServerConfigKeys (ConfUtils.java:logGet(43)) - raft.server.log.write.buffer.size = 33554432 (custom)
2019-10-10 00:00:35,454 [pool-57-thread-1] INFO  server.RaftServerConfigKeys (ConfUtils.java:logGet(43)) - raft.server.log.force.sync.num = 128 (default)
2019-10-10 00:00:35,454 [pool-57-thread-1] INFO  server.RaftServerConfigKeys (ConfUtils.java:logGet(43)) - raft.server.log.statemachine.data.sync = true (default)
2019-10-10 00:00:35,455 [pool-57-thread-1] INFO  server.RaftServerConfigKeys (ConfUtils.java:logGet(43)) - raft.server.log.statemachine.data.sync.timeout = 10s (default)
2019-10-10 00:00:35,455 [pool-57-thread-1] INFO  server.RaftServerConfigKeys (ConfUtils.java:logGet(43)) - raft.server.log.statemachine.data.sync.timeout.retry = -1 (default)
2019-10-10 00:00:35,456 [pool-57-thread-1] INFO  server.RaftServerConfigKeys (ConfUtils.java:logGet(43)) - raft.server.log.statemachine.data.caching.enabled = true (custom)
2019-10-10 00:00:35,456 [pool-57-thread-1] INFO  segmented.SegmentedRaftLogWorker (SegmentedRaftLogWorker.java:lambda$new$0(128)) - 912b0bdb-3095-44f3-93c0-19702928d0ba@group-139EF7E3D7E4-SegmentedRaftLogWorker: flushIndex: setUnconditionally 0 -> -1
2019-10-10 00:00:35,457 [pool-57-thread-1] INFO  server.RaftServerConfigKeys (ConfUtils.java:logGet(43)) - raft.server.snapshot.auto.trigger.enabled = true (custom)
2019-10-10 00:00:35,457 [pool-57-thread-1] INFO  server.RaftServerConfigKeys (ConfUtils.java:logGet(43)) - raft.server.snapshot.auto.trigger.threshold = 10000 (custom)
2019-10-10 00:00:35,457 [pool-57-thread-1] INFO  server.RaftServerConfigKeys (ConfUtils.java:logGet(43)) - raft.server.snapshot.retention.file.num = 5 (custom)
2019-10-10 00:00:35,457 [pool-57-thread-1] INFO  server.RaftServerConfigKeys (ConfUtils.java:logGet(43)) - raft.server.retrycache.expirytime = 600000ms (custom)
2019-10-10 00:00:35,463 [pool-57-thread-1] INFO  impl.RaftServerImpl (RaftServerImpl.java:start(181)) - 912b0bdb-3095-44f3-93c0-19702928d0ba@group-139EF7E3D7E4: start as a follower, conf=-1: [912b0bdb-3095-44f3-93c0-19702928d0ba:192.168.5.166:42393], old=null
2019-10-10 00:00:35,463 [pool-57-thread-1] INFO  impl.RaftServerImpl (RaftServerImpl.java:setRole(170)) - 912b0bdb-3095-44f3-93c0-19702928d0ba@group-139EF7E3D7E4: changes role from      null to FOLLOWER at term 0 for startAsFollower
2019-10-10 00:00:35,464 [pool-57-thread-1] INFO  impl.RoleInfo (RoleInfo.java:updateAndGet(143)) - 912b0bdb-3095-44f3-93c0-19702928d0ba: start FollowerState
2019-10-10 00:00:35,464 [pool-57-thread-1] INFO  util.JmxRegister (JmxRegister.java:tryRegister(44)) - Successfully registered JMX Bean with object name Ratis:service=RaftServer,group=group-139EF7E3D7E4,id=912b0bdb-3095-44f3-93c0-19702928d0ba
2019-10-10 00:00:35,481 [RatisPipelineUtilsThread] INFO  pipeline.PipelineStateManager (PipelineStateManager.java:addPipeline(57)) - Created pipeline Pipeline[ Id: b8ece3d1-bf6b-492e-8d0a-139ef7e3d7e4, Nodes: 912b0bdb-3095-44f3-93c0-19702928d0ba{ip: 192.168.5.166, host: pr-hdds-1868-fg6nx-4263576025, networkLocation: /default-rack, certSerialId: null}, Type:RATIS, Factor:ONE, State:ALLOCATED]
2019-10-10 00:00:35,499 [grpc-default-executor-0] INFO  impl.RaftServerProxy (RaftServerProxy.java:addNew(89)) - 4808dac8-c899-40b2-85de-0feef9b59caa: addNew group-3A63BD2B5D43:[4808dac8-c899-40b2-85de-0feef9b59caa:192.168.5.166:41801] returns group-3A63BD2B5D43:java.util.concurrent.CompletableFuture@22137991[Not completed]
2019-10-10 00:00:35,504 [pool-87-thread-1] INFO  impl.RaftServerImpl (RaftServerImpl.java:<init>(95)) - 4808dac8-c899-40b2-85de-0feef9b59caa: new RaftServerImpl for group-3A63BD2B5D43:[4808dac8-c899-40b2-85de-0feef9b59caa:192.168.5.166:41801] with ContainerStateMachine:uninitialized
2019-10-10 00:00:35,505 [pool-87-thread-1] INFO  server.RaftServerConfigKeys (ConfUtils.java:logGet(43)) - raft.server.rpc.timeout.min = 5s (custom)
2019-10-10 00:00:35,505 [pool-87-thread-1] INFO  server.RaftServerConfigKeys (ConfUtils.java:logGet(43)) - raft.server.rpc.timeout.max = 5200ms (custom)
2019-10-10 00:00:35,505 [pool-87-thread-1] INFO  server.RaftServerConfigKeys (ConfUtils.java:logGet(43)) - raft.server.rpcslowness.timeout = 120s (custom)
2019-10-10 00:00:35,505 [pool-87-thread-1] INFO  server.RaftServerConfigKeys (ConfUtils.java:logGet(43)) - raft.server.sleep.deviation.threshold = 300 (default)
2019-10-10 00:00:35,506 [pool-87-thread-1] INFO  server.RaftServerConfigKeys (ConfUtils.java:logGet(43)) - raft.server.log.appender.install.snapshot.enabled = false (custom)
2019-10-10 00:00:35,506 [pool-87-thread-1] INFO  impl.RaftServerImpl (ServerState.java:<init>(103)) - 4808dac8-c899-40b2-85de-0feef9b59caa@group-3A63BD2B5D43: ConfigurationManager, init=-1: [4808dac8-c899-40b2-85de-0feef9b59caa:192.168.5.166:41801], old=null, confs=<EMPTY_MAP>
2019-10-10 00:00:35,506 [pool-87-thread-1] INFO  server.RaftServerConfigKeys (ConfUtils.java:logGet(43)) - raft.server.storage.dir = [/workdir/hadoop-ozone/integration-test/target/test-dir/MiniOzoneClusterImpl-8984d707-b3d2-42d5-a334-f25a69bbeeeb/datanode-6/data/ratis] (custom)
2019-10-10 00:00:35,506 [pool-87-thread-1] INFO  server.RaftServerConfigKeys (ConfUtils.java:logGet(43)) - raft.server.log.corruption.policy = EXCEPTION (default)
2019-10-10 00:00:35,508 [pool-87-thread-1] INFO  storage.RaftStorageDirectory (RaftStorageDirectory.java:analyzeStorage(246)) - The storage directory /workdir/hadoop-ozone/integration-test/target/test-dir/MiniOzoneClusterImpl-8984d707-b3d2-42d5-a334-f25a69bbeeeb/datanode-6/data/ratis/a3dcb6fb-75d9-4b03-bfe0-3a63bd2b5d43 does not exist. Creating ...
2019-10-10 00:00:35,521 [pool-87-thread-1] INFO  storage.RaftStorageDirectory (RaftStorageDirectory.java:tryLock(328)) - Lock on /workdir/hadoop-ozone/integration-test/target/test-dir/MiniOzoneClusterImpl-8984d707-b3d2-42d5-a334-f25a69bbeeeb/datanode-6/data/ratis/a3dcb6fb-75d9-4b03-bfe0-3a63bd2b5d43/in_use.lock acquired by nodename 904@pr-hdds-1868-fg6nx-4263576025
2019-10-10 00:00:35,534 [pool-87-thread-1] INFO  storage.RaftStorage (RaftStorage.java:format(84)) - Storage directory /workdir/hadoop-ozone/integration-test/target/test-dir/MiniOzoneClusterImpl-8984d707-b3d2-42d5-a334-f25a69bbeeeb/datanode-6/data/ratis/a3dcb6fb-75d9-4b03-bfe0-3a63bd2b5d43 has been successfully formatted.
2019-10-10 00:00:35,535 [pool-87-thread-1] INFO  ratis.ContainerStateMachine (ContainerStateMachine.java:loadSnapshot(233)) - group-3A63BD2B5D43: The snapshot info is null. Setting the last applied indexto:(t:0, i:~)
2019-10-10 00:00:35,535 [pool-87-thread-1] INFO  server.RaftServerConfigKeys (ConfUtils.java:logGet(43)) - raft.server.notification.no-leader.timeout = 120s (custom)
2019-10-10 00:00:35,535 [pool-87-thread-1] INFO  server.RaftServerConfigKeys (ConfUtils.java:logGet(43)) - raft.server.log.use.memory = false (default)
2019-10-10 00:00:35,535 [pool-87-thread-1] INFO  server.RaftServerConfigKeys (ConfUtils.java:logGet(43)) - raft.server.log.purge.gap = 1000000 (custom)
2019-10-10 00:00:35,535 [pool-87-thread-1] INFO  server.RaftServerConfigKeys (ConfUtils.java:logGet(43)) - raft.server.log.appender.buffer.byte-limit = 33554432 (custom)
2019-10-10 00:00:35,535 [pool-87-thread-1] INFO  server.RaftServerConfigKeys (ConfUtils.java:logGet(43)) - raft.server.log.segment.size.max = 1048576 (custom)
2019-10-10 00:00:35,539 [pool-87-thread-1] INFO  server.RaftServerConfigKeys (ConfUtils.java:logGet(43)) - raft.server.log.segment.cache.num.max = 2 (custom)
2019-10-10 00:00:35,539 [pool-87-thread-1] INFO  segmented.SegmentedRaftLogWorker (SegmentedRaftLogWorker.java:<init>(173)) - new 4808dac8-c899-40b2-85de-0feef9b59caa@group-3A63BD2B5D43-SegmentedRaftLogWorker for RaftStorage:Storage Directory /workdir/hadoop-ozone/integration-test/target/test-dir/MiniOzoneClusterImpl-8984d707-b3d2-42d5-a334-f25a69bbeeeb/datanode-6/data/ratis/a3dcb6fb-75d9-4b03-bfe0-3a63bd2b5d43
2019-10-10 00:00:35,539 [pool-87-thread-1] INFO  server.RaftServerConfigKeys (ConfUtils.java:logGet(43)) - raft.server.log.queue.byte-limit = 2147483647 (custom)
2019-10-10 00:00:35,539 [pool-87-thread-1] INFO  server.RaftServerConfigKeys (ConfUtils.java:logGet(43)) - raft.server.log.queue.element-limit = 1024 (custom)
2019-10-10 00:00:35,539 [pool-87-thread-1] INFO  server.RaftServerConfigKeys (ConfUtils.java:logGet(43)) - raft.server.log.segment.size.max = 1048576 (custom)
2019-10-10 00:00:35,540 [pool-87-thread-1] INFO  server.RaftServerConfigKeys (ConfUtils.java:logGet(43)) - raft.server.log.preallocated.size = 16384 (custom)
2019-10-10 00:00:35,540 [pool-87-thread-1] INFO  server.RaftServerConfigKeys (ConfUtils.java:logGet(43)) - raft.server.log.write.buffer.size = 33554432 (custom)
2019-10-10 00:00:35,540 [pool-87-thread-1] INFO  server.RaftServerConfigKeys (ConfUtils.java:logGet(43)) - raft.server.log.force.sync.num = 128 (default)
2019-10-10 00:00:35,540 [pool-87-thread-1] INFO  server.RaftServerConfigKeys (ConfUtils.java:logGet(43)) - raft.server.log.statemachine.data.sync = true (default)
2019-10-10 00:00:35,540 [pool-87-thread-1] INFO  server.RaftServerConfigKeys (ConfUtils.java:logGet(43)) - raft.server.log.statemachine.data.sync.timeout = 10s (default)
2019-10-10 00:00:35,540 [pool-87-thread-1] INFO  server.RaftServerConfigKeys (ConfUtils.java:logGet(43)) - raft.server.log.statemachine.data.sync.timeout.retry = -1 (default)
2019-10-10 00:00:35,541 [pool-87-thread-1] INFO  server.RaftServerConfigKeys (ConfUtils.java:logGet(43)) - raft.server.log.statemachine.data.caching.enabled = true (custom)
2019-10-10 00:00:35,541 [pool-87-thread-1] INFO  segmented.SegmentedRaftLogWorker (SegmentedRaftLogWorker.java:lambda$new$0(128)) - 4808dac8-c899-40b2-85de-0feef9b59caa@group-3A63BD2B5D43-SegmentedRaftLogWorker: flushIndex: setUnconditionally 0 -> -1
2019-10-10 00:00:35,541 [pool-87-thread-1] INFO  server.RaftServerConfigKeys (ConfUtils.java:logGet(43)) - raft.server.snapshot.auto.trigger.enabled = true (custom)
2019-10-10 00:00:35,541 [pool-87-thread-1] INFO  server.RaftServerConfigKeys (ConfUtils.java:logGet(43)) - raft.server.snapshot.auto.trigger.threshold = 10000 (custom)
2019-10-10 00:00:35,542 [pool-87-thread-1] INFO  server.RaftServerConfigKeys (ConfUtils.java:logGet(43)) - raft.server.snapshot.retention.file.num = 5 (custom)
2019-10-10 00:00:35,542 [pool-87-thread-1] INFO  server.RaftServerConfigKeys (ConfUtils.java:logGet(43)) - raft.server.retrycache.expirytime = 600000ms (custom)
2019-10-10 00:00:35,545 [pool-87-thread-1] INFO  impl.RaftServerImpl (RaftServerImpl.java:start(181)) - 4808dac8-c899-40b2-85de-0feef9b59caa@group-3A63BD2B5D43: start as a follower, conf=-1: [4808dac8-c899-40b2-85de-0feef9b59caa:192.168.5.166:41801], old=null
2019-10-10 00:00:35,545 [pool-87-thread-1] INFO  impl.RaftServerImpl (RaftServerImpl.java:setRole(170)) - 4808dac8-c899-40b2-85de-0feef9b59caa@group-3A63BD2B5D43: changes role from      null to FOLLOWER at term 0 for startAsFollower
2019-10-10 00:00:35,545 [pool-87-thread-1] INFO  impl.RoleInfo (RoleInfo.java:updateAndGet(143)) - 4808dac8-c899-40b2-85de-0feef9b59caa: start FollowerState
2019-10-10 00:00:35,545 [pool-87-thread-1] INFO  util.JmxRegister (JmxRegister.java:tryRegister(44)) - Successfully registered JMX Bean with object name Ratis:service=RaftServer,group=group-3A63BD2B5D43,id=4808dac8-c899-40b2-85de-0feef9b59caa
2019-10-10 00:00:35,567 [RatisPipelineUtilsThread] INFO  pipeline.PipelineStateManager (PipelineStateManager.java:addPipeline(57)) - Created pipeline Pipeline[ Id: a3dcb6fb-75d9-4b03-bfe0-3a63bd2b5d43, Nodes: 4808dac8-c899-40b2-85de-0feef9b59caa{ip: 192.168.5.166, host: pr-hdds-1868-fg6nx-4263576025, networkLocation: /default-rack, certSerialId: null}, Type:RATIS, Factor:ONE, State:ALLOCATED]
2019-10-10 00:00:35,592 [grpc-default-executor-0] INFO  impl.RaftServerProxy (RaftServerProxy.java:addNew(89)) - fc8096d7-9d86-4d26-87c6-cf6d344fbedb: addNew group-0DF8CC96BB05:[fc8096d7-9d86-4d26-87c6-cf6d344fbedb:192.168.5.166:33290] returns group-0DF8CC96BB05:java.util.concurrent.CompletableFuture@66ede819[Not completed]
2019-10-10 00:00:35,597 [pool-67-thread-1] INFO  impl.RaftServerImpl (RaftServerImpl.java:<init>(95)) - fc8096d7-9d86-4d26-87c6-cf6d344fbedb: new RaftServerImpl for group-0DF8CC96BB05:[fc8096d7-9d86-4d26-87c6-cf6d344fbedb:192.168.5.166:33290] with ContainerStateMachine:uninitialized
2019-10-10 00:00:35,597 [pool-67-thread-1] INFO  server.RaftServerConfigKeys (ConfUtils.java:logGet(43)) - raft.server.rpc.timeout.min = 5s (custom)
2019-10-10 00:00:35,597 [pool-67-thread-1] INFO  server.RaftServerConfigKeys (ConfUtils.java:logGet(43)) - raft.server.rpc.timeout.max = 5200ms (custom)
2019-10-10 00:00:35,597 [pool-67-thread-1] INFO  server.RaftServerConfigKeys (ConfUtils.java:logGet(43)) - raft.server.rpcslowness.timeout = 120s (custom)
2019-10-10 00:00:35,597 [pool-67-thread-1] INFO  server.RaftServerConfigKeys (ConfUtils.java:logGet(43)) - raft.server.sleep.deviation.threshold = 300 (default)
2019-10-10 00:00:35,597 [pool-67-thread-1] INFO  server.RaftServerConfigKeys (ConfUtils.java:logGet(43)) - raft.server.log.appender.install.snapshot.enabled = false (custom)
2019-10-10 00:00:35,597 [pool-67-thread-1] INFO  impl.RaftServerImpl (ServerState.java:<init>(103)) - fc8096d7-9d86-4d26-87c6-cf6d344fbedb@group-0DF8CC96BB05: ConfigurationManager, init=-1: [fc8096d7-9d86-4d26-87c6-cf6d344fbedb:192.168.5.166:33290], old=null, confs=<EMPTY_MAP>
2019-10-10 00:00:35,598 [pool-67-thread-1] INFO  server.RaftServerConfigKeys (ConfUtils.java:logGet(43)) - raft.server.storage.dir = [/workdir/hadoop-ozone/integration-test/target/test-dir/MiniOzoneClusterImpl-8984d707-b3d2-42d5-a334-f25a69bbeeeb/datanode-4/data/ratis] (custom)
2019-10-10 00:00:35,598 [pool-67-thread-1] INFO  server.RaftServerConfigKeys (ConfUtils.java:logGet(43)) - raft.server.log.corruption.policy = EXCEPTION (default)
2019-10-10 00:00:35,598 [pool-67-thread-1] INFO  storage.RaftStorageDirectory (RaftStorageDirectory.java:analyzeStorage(246)) - The storage directory /workdir/hadoop-ozone/integration-test/target/test-dir/MiniOzoneClusterImpl-8984d707-b3d2-42d5-a334-f25a69bbeeeb/datanode-4/data/ratis/c99dfc61-7576-4fdc-8c31-0df8cc96bb05 does not exist. Creating ...
2019-10-10 00:00:35,611 [pool-67-thread-1] INFO  storage.RaftStorageDirectory (RaftStorageDirectory.java:tryLock(328)) - Lock on /workdir/hadoop-ozone/integration-test/target/test-dir/MiniOzoneClusterImpl-8984d707-b3d2-42d5-a334-f25a69bbeeeb/datanode-4/data/ratis/c99dfc61-7576-4fdc-8c31-0df8cc96bb05/in_use.lock acquired by nodename 904@pr-hdds-1868-fg6nx-4263576025
2019-10-10 00:00:35,625 [pool-67-thread-1] INFO  storage.RaftStorage (RaftStorage.java:format(84)) - Storage directory /workdir/hadoop-ozone/integration-test/target/test-dir/MiniOzoneClusterImpl-8984d707-b3d2-42d5-a334-f25a69bbeeeb/datanode-4/data/ratis/c99dfc61-7576-4fdc-8c31-0df8cc96bb05 has been successfully formatted.
2019-10-10 00:00:35,626 [pool-67-thread-1] INFO  ratis.ContainerStateMachine (ContainerStateMachine.java:loadSnapshot(233)) - group-0DF8CC96BB05: The snapshot info is null. Setting the last applied indexto:(t:0, i:~)
2019-10-10 00:00:35,626 [pool-67-thread-1] INFO  server.RaftServerConfigKeys (ConfUtils.java:logGet(43)) - raft.server.notification.no-leader.timeout = 120s (custom)
2019-10-10 00:00:35,626 [pool-67-thread-1] INFO  server.RaftServerConfigKeys (ConfUtils.java:logGet(43)) - raft.server.log.use.memory = false (default)
2019-10-10 00:00:35,626 [pool-67-thread-1] INFO  server.RaftServerConfigKeys (ConfUtils.java:logGet(43)) - raft.server.log.purge.gap = 1000000 (custom)
2019-10-10 00:00:35,626 [pool-67-thread-1] INFO  server.RaftServerConfigKeys (ConfUtils.java:logGet(43)) - raft.server.log.appender.buffer.byte-limit = 33554432 (custom)
2019-10-10 00:00:35,626 [pool-67-thread-1] INFO  server.RaftServerConfigKeys (ConfUtils.java:logGet(43)) - raft.server.log.segment.size.max = 1048576 (custom)
2019-10-10 00:00:35,629 [pool-67-thread-1] INFO  server.RaftServerConfigKeys (ConfUtils.java:logGet(43)) - raft.server.log.segment.cache.num.max = 2 (custom)
2019-10-10 00:00:35,630 [pool-67-thread-1] INFO  segmented.SegmentedRaftLogWorker (SegmentedRaftLogWorker.java:<init>(173)) - new fc8096d7-9d86-4d26-87c6-cf6d344fbedb@group-0DF8CC96BB05-SegmentedRaftLogWorker for RaftStorage:Storage Directory /workdir/hadoop-ozone/integration-test/target/test-dir/MiniOzoneClusterImpl-8984d707-b3d2-42d5-a334-f25a69bbeeeb/datanode-4/data/ratis/c99dfc61-7576-4fdc-8c31-0df8cc96bb05
2019-10-10 00:00:35,630 [pool-67-thread-1] INFO  server.RaftServerConfigKeys (ConfUtils.java:logGet(43)) - raft.server.log.queue.byte-limit = 2147483647 (custom)
2019-10-10 00:00:35,630 [pool-67-thread-1] INFO  server.RaftServerConfigKeys (ConfUtils.java:logGet(43)) - raft.server.log.queue.element-limit = 1024 (custom)
2019-10-10 00:00:35,630 [pool-67-thread-1] INFO  server.RaftServerConfigKeys (ConfUtils.java:logGet(43)) - raft.server.log.segment.size.max = 1048576 (custom)
2019-10-10 00:00:35,630 [pool-67-thread-1] INFO  server.RaftServerConfigKeys (ConfUtils.java:logGet(43)) - raft.server.log.preallocated.size = 16384 (custom)
2019-10-10 00:00:35,630 [pool-67-thread-1] INFO  server.RaftServerConfigKeys (ConfUtils.java:logGet(43)) - raft.server.log.write.buffer.size = 33554432 (custom)
2019-10-10 00:00:35,630 [pool-67-thread-1] INFO  server.RaftServerConfigKeys (ConfUtils.java:logGet(43)) - raft.server.log.force.sync.num = 128 (default)
2019-10-10 00:00:35,630 [pool-67-thread-1] INFO  server.RaftServerConfigKeys (ConfUtils.java:logGet(43)) - raft.server.log.statemachine.data.sync = true (default)
2019-10-10 00:00:35,631 [pool-67-thread-1] INFO  server.RaftServerConfigKeys (ConfUtils.java:logGet(43)) - raft.server.log.statemachine.data.sync.timeout = 10s (default)
2019-10-10 00:00:35,631 [pool-67-thread-1] INFO  server.RaftServerConfigKeys (ConfUtils.java:logGet(43)) - raft.server.log.statemachine.data.sync.timeout.retry = -1 (default)
2019-10-10 00:00:35,631 [pool-67-thread-1] INFO  server.RaftServerConfigKeys (ConfUtils.java:logGet(43)) - raft.server.log.statemachine.data.caching.enabled = true (custom)
2019-10-10 00:00:35,631 [pool-67-thread-1] INFO  segmented.SegmentedRaftLogWorker (SegmentedRaftLogWorker.java:lambda$new$0(128)) - fc8096d7-9d86-4d26-87c6-cf6d344fbedb@group-0DF8CC96BB05-SegmentedRaftLogWorker: flushIndex: setUnconditionally 0 -> -1
2019-10-10 00:00:35,632 [pool-67-thread-1] INFO  server.RaftServerConfigKeys (ConfUtils.java:logGet(43)) - raft.server.snapshot.auto.trigger.enabled = true (custom)
2019-10-10 00:00:35,632 [pool-67-thread-1] INFO  server.RaftServerConfigKeys (ConfUtils.java:logGet(43)) - raft.server.snapshot.auto.trigger.threshold = 10000 (custom)
2019-10-10 00:00:35,632 [pool-67-thread-1] INFO  server.RaftServerConfigKeys (ConfUtils.java:logGet(43)) - raft.server.snapshot.retention.file.num = 5 (custom)
2019-10-10 00:00:35,632 [pool-67-thread-1] INFO  server.RaftServerConfigKeys (ConfUtils.java:logGet(43)) - raft.server.retrycache.expirytime = 600000ms (custom)
2019-10-10 00:00:35,635 [pool-67-thread-1] INFO  impl.RaftServerImpl (RaftServerImpl.java:start(181)) - fc8096d7-9d86-4d26-87c6-cf6d344fbedb@group-0DF8CC96BB05: start as a follower, conf=-1: [fc8096d7-9d86-4d26-87c6-cf6d344fbedb:192.168.5.166:33290], old=null
2019-10-10 00:00:35,635 [pool-67-thread-1] INFO  impl.RaftServerImpl (RaftServerImpl.java:setRole(170)) - fc8096d7-9d86-4d26-87c6-cf6d344fbedb@group-0DF8CC96BB05: changes role from      null to FOLLOWER at term 0 for startAsFollower
2019-10-10 00:00:35,635 [pool-67-thread-1] INFO  impl.RoleInfo (RoleInfo.java:updateAndGet(143)) - fc8096d7-9d86-4d26-87c6-cf6d344fbedb: start FollowerState
2019-10-10 00:00:35,635 [pool-67-thread-1] INFO  util.JmxRegister (JmxRegister.java:tryRegister(44)) - Successfully registered JMX Bean with object name Ratis:service=RaftServer,group=group-0DF8CC96BB05,id=fc8096d7-9d86-4d26-87c6-cf6d344fbedb
2019-10-10 00:00:35,649 [RatisPipelineUtilsThread] INFO  pipeline.PipelineStateManager (PipelineStateManager.java:addPipeline(57)) - Created pipeline Pipeline[ Id: c99dfc61-7576-4fdc-8c31-0df8cc96bb05, Nodes: fc8096d7-9d86-4d26-87c6-cf6d344fbedb{ip: 192.168.5.166, host: pr-hdds-1868-fg6nx-4263576025, networkLocation: /default-rack, certSerialId: null}, Type:RATIS, Factor:ONE, State:ALLOCATED]
2019-10-10 00:00:35,671 [grpc-default-executor-0] INFO  impl.RaftServerProxy (RaftServerProxy.java:addNew(89)) - 76f4bde4-dad5-4a03-9d33-b63c46310e66: addNew group-2A938D94325D:[76f4bde4-dad5-4a03-9d33-b63c46310e66:192.168.5.166:35485] returns group-2A938D94325D:java.util.concurrent.CompletableFuture@6972f376[Not completed]
2019-10-10 00:00:35,676 [pool-77-thread-1] INFO  impl.RaftServerImpl (RaftServerImpl.java:<init>(95)) - 76f4bde4-dad5-4a03-9d33-b63c46310e66: new RaftServerImpl for group-2A938D94325D:[76f4bde4-dad5-4a03-9d33-b63c46310e66:192.168.5.166:35485] with ContainerStateMachine:uninitialized
2019-10-10 00:00:35,676 [pool-77-thread-1] INFO  server.RaftServerConfigKeys (ConfUtils.java:logGet(43)) - raft.server.rpc.timeout.min = 5s (custom)
2019-10-10 00:00:35,676 [pool-77-thread-1] INFO  server.RaftServerConfigKeys (ConfUtils.java:logGet(43)) - raft.server.rpc.timeout.max = 5200ms (custom)
2019-10-10 00:00:35,676 [pool-77-thread-1] INFO  server.RaftServerConfigKeys (ConfUtils.java:logGet(43)) - raft.server.rpcslowness.timeout = 120s (custom)
2019-10-10 00:00:35,677 [pool-77-thread-1] INFO  server.RaftServerConfigKeys (ConfUtils.java:logGet(43)) - raft.server.sleep.deviation.threshold = 300 (default)
2019-10-10 00:00:35,677 [pool-77-thread-1] INFO  server.RaftServerConfigKeys (ConfUtils.java:logGet(43)) - raft.server.log.appender.install.snapshot.enabled = false (custom)
2019-10-10 00:00:35,677 [pool-77-thread-1] INFO  impl.RaftServerImpl (ServerState.java:<init>(103)) - 76f4bde4-dad5-4a03-9d33-b63c46310e66@group-2A938D94325D: ConfigurationManager, init=-1: [76f4bde4-dad5-4a03-9d33-b63c46310e66:192.168.5.166:35485], old=null, confs=<EMPTY_MAP>
2019-10-10 00:00:35,677 [pool-77-thread-1] INFO  server.RaftServerConfigKeys (ConfUtils.java:logGet(43)) - raft.server.storage.dir = [/workdir/hadoop-ozone/integration-test/target/test-dir/MiniOzoneClusterImpl-8984d707-b3d2-42d5-a334-f25a69bbeeeb/datanode-5/data/ratis] (custom)
2019-10-10 00:00:35,678 [pool-77-thread-1] INFO  server.RaftServerConfigKeys (ConfUtils.java:logGet(43)) - raft.server.log.corruption.policy = EXCEPTION (default)
2019-10-10 00:00:35,678 [pool-77-thread-1] INFO  storage.RaftStorageDirectory (RaftStorageDirectory.java:analyzeStorage(246)) - The storage directory /workdir/hadoop-ozone/integration-test/target/test-dir/MiniOzoneClusterImpl-8984d707-b3d2-42d5-a334-f25a69bbeeeb/datanode-5/data/ratis/c76c4266-9c81-4d06-bf21-2a938d94325d does not exist. Creating ...
2019-10-10 00:00:35,691 [pool-77-thread-1] INFO  storage.RaftStorageDirectory (RaftStorageDirectory.java:tryLock(328)) - Lock on /workdir/hadoop-ozone/integration-test/target/test-dir/MiniOzoneClusterImpl-8984d707-b3d2-42d5-a334-f25a69bbeeeb/datanode-5/data/ratis/c76c4266-9c81-4d06-bf21-2a938d94325d/in_use.lock acquired by nodename 904@pr-hdds-1868-fg6nx-4263576025
2019-10-10 00:00:35,705 [pool-77-thread-1] INFO  storage.RaftStorage (RaftStorage.java:format(84)) - Storage directory /workdir/hadoop-ozone/integration-test/target/test-dir/MiniOzoneClusterImpl-8984d707-b3d2-42d5-a334-f25a69bbeeeb/datanode-5/data/ratis/c76c4266-9c81-4d06-bf21-2a938d94325d has been successfully formatted.
2019-10-10 00:00:35,705 [pool-77-thread-1] INFO  ratis.ContainerStateMachine (ContainerStateMachine.java:loadSnapshot(233)) - group-2A938D94325D: The snapshot info is null. Setting the last applied indexto:(t:0, i:~)
2019-10-10 00:00:35,705 [pool-77-thread-1] INFO  server.RaftServerConfigKeys (ConfUtils.java:logGet(43)) - raft.server.notification.no-leader.timeout = 120s (custom)
2019-10-10 00:00:35,706 [pool-77-thread-1] INFO  server.RaftServerConfigKeys (ConfUtils.java:logGet(43)) - raft.server.log.use.memory = false (default)
2019-10-10 00:00:35,706 [pool-77-thread-1] INFO  server.RaftServerConfigKeys (ConfUtils.java:logGet(43)) - raft.server.log.purge.gap = 1000000 (custom)
2019-10-10 00:00:35,706 [pool-77-thread-1] INFO  server.RaftServerConfigKeys (ConfUtils.java:logGet(43)) - raft.server.log.appender.buffer.byte-limit = 33554432 (custom)
2019-10-10 00:00:35,706 [pool-77-thread-1] INFO  server.RaftServerConfigKeys (ConfUtils.java:logGet(43)) - raft.server.log.segment.size.max = 1048576 (custom)
2019-10-10 00:00:35,711 [pool-77-thread-1] INFO  server.RaftServerConfigKeys (ConfUtils.java:logGet(43)) - raft.server.log.segment.cache.num.max = 2 (custom)
2019-10-10 00:00:35,711 [pool-77-thread-1] INFO  segmented.SegmentedRaftLogWorker (SegmentedRaftLogWorker.java:<init>(173)) - new 76f4bde4-dad5-4a03-9d33-b63c46310e66@group-2A938D94325D-SegmentedRaftLogWorker for RaftStorage:Storage Directory /workdir/hadoop-ozone/integration-test/target/test-dir/MiniOzoneClusterImpl-8984d707-b3d2-42d5-a334-f25a69bbeeeb/datanode-5/data/ratis/c76c4266-9c81-4d06-bf21-2a938d94325d
2019-10-10 00:00:35,711 [pool-77-thread-1] INFO  server.RaftServerConfigKeys (ConfUtils.java:logGet(43)) - raft.server.log.queue.byte-limit = 2147483647 (custom)
2019-10-10 00:00:35,712 [pool-77-thread-1] INFO  server.RaftServerConfigKeys (ConfUtils.java:logGet(43)) - raft.server.log.queue.element-limit = 1024 (custom)
2019-10-10 00:00:35,712 [pool-77-thread-1] INFO  server.RaftServerConfigKeys (ConfUtils.java:logGet(43)) - raft.server.log.segment.size.max = 1048576 (custom)
2019-10-10 00:00:35,712 [pool-77-thread-1] INFO  server.RaftServerConfigKeys (ConfUtils.java:logGet(43)) - raft.server.log.preallocated.size = 16384 (custom)
2019-10-10 00:00:35,712 [pool-77-thread-1] INFO  server.RaftServerConfigKeys (ConfUtils.java:logGet(43)) - raft.server.log.write.buffer.size = 33554432 (custom)
2019-10-10 00:00:35,712 [pool-77-thread-1] INFO  server.RaftServerConfigKeys (ConfUtils.java:logGet(43)) - raft.server.log.force.sync.num = 128 (default)
2019-10-10 00:00:35,713 [pool-77-thread-1] INFO  server.RaftServerConfigKeys (ConfUtils.java:logGet(43)) - raft.server.log.statemachine.data.sync = true (default)
2019-10-10 00:00:35,713 [pool-77-thread-1] INFO  server.RaftServerConfigKeys (ConfUtils.java:logGet(43)) - raft.server.log.statemachine.data.sync.timeout = 10s (default)
2019-10-10 00:00:35,713 [pool-77-thread-1] INFO  server.RaftServerConfigKeys (ConfUtils.java:logGet(43)) - raft.server.log.statemachine.data.sync.timeout.retry = -1 (default)
2019-10-10 00:00:35,714 [pool-77-thread-1] INFO  server.RaftServerConfigKeys (ConfUtils.java:logGet(43)) - raft.server.log.statemachine.data.caching.enabled = true (custom)
2019-10-10 00:00:35,715 [pool-77-thread-1] INFO  segmented.SegmentedRaftLogWorker (SegmentedRaftLogWorker.java:lambda$new$0(128)) - 76f4bde4-dad5-4a03-9d33-b63c46310e66@group-2A938D94325D-SegmentedRaftLogWorker: flushIndex: setUnconditionally 0 -> -1
2019-10-10 00:00:35,715 [pool-77-thread-1] INFO  server.RaftServerConfigKeys (ConfUtils.java:logGet(43)) - raft.server.snapshot.auto.trigger.enabled = true (custom)
2019-10-10 00:00:35,716 [pool-77-thread-1] INFO  server.RaftServerConfigKeys (ConfUtils.java:logGet(43)) - raft.server.snapshot.auto.trigger.threshold = 10000 (custom)
2019-10-10 00:00:35,716 [pool-77-thread-1] INFO  server.RaftServerConfigKeys (ConfUtils.java:logGet(43)) - raft.server.snapshot.retention.file.num = 5 (custom)
2019-10-10 00:00:35,716 [pool-77-thread-1] INFO  server.RaftServerConfigKeys (ConfUtils.java:logGet(43)) - raft.server.retrycache.expirytime = 600000ms (custom)
2019-10-10 00:00:35,720 [pool-77-thread-1] INFO  impl.RaftServerImpl (RaftServerImpl.java:start(181)) - 76f4bde4-dad5-4a03-9d33-b63c46310e66@group-2A938D94325D: start as a follower, conf=-1: [76f4bde4-dad5-4a03-9d33-b63c46310e66:192.168.5.166:35485], old=null
2019-10-10 00:00:35,720 [pool-77-thread-1] INFO  impl.RaftServerImpl (RaftServerImpl.java:setRole(170)) - 76f4bde4-dad5-4a03-9d33-b63c46310e66@group-2A938D94325D: changes role from      null to FOLLOWER at term 0 for startAsFollower
2019-10-10 00:00:35,720 [pool-77-thread-1] INFO  impl.RoleInfo (RoleInfo.java:updateAndGet(143)) - 76f4bde4-dad5-4a03-9d33-b63c46310e66: start FollowerState
2019-10-10 00:00:35,721 [pool-77-thread-1] INFO  util.JmxRegister (JmxRegister.java:tryRegister(44)) - Successfully registered JMX Bean with object name Ratis:service=RaftServer,group=group-2A938D94325D,id=76f4bde4-dad5-4a03-9d33-b63c46310e66
2019-10-10 00:00:35,734 [RatisPipelineUtilsThread] INFO  pipeline.PipelineStateManager (PipelineStateManager.java:addPipeline(57)) - Created pipeline Pipeline[ Id: c76c4266-9c81-4d06-bf21-2a938d94325d, Nodes: 76f4bde4-dad5-4a03-9d33-b63c46310e66{ip: 192.168.5.166, host: pr-hdds-1868-fg6nx-4263576025, networkLocation: /default-rack, certSerialId: null}, Type:RATIS, Factor:ONE, State:ALLOCATED]
2019-10-10 00:00:35,753 [grpc-default-executor-0] INFO  impl.RaftServerProxy (RaftServerProxy.java:addNew(89)) - 741d15da-6e3d-4013-9010-457716b563b4: addNew group-0B1BC72C0AB6:[741d15da-6e3d-4013-9010-457716b563b4:192.168.5.166:35142] returns group-0B1BC72C0AB6:java.util.concurrent.CompletableFuture@530c278d[Not completed]
2019-10-10 00:00:35,759 [pool-47-thread-1] INFO  impl.RaftServerImpl (RaftServerImpl.java:<init>(95)) - 741d15da-6e3d-4013-9010-457716b563b4: new RaftServerImpl for group-0B1BC72C0AB6:[741d15da-6e3d-4013-9010-457716b563b4:192.168.5.166:35142] with ContainerStateMachine:uninitialized
2019-10-10 00:00:35,759 [pool-47-thread-1] INFO  server.RaftServerConfigKeys (ConfUtils.java:logGet(43)) - raft.server.rpc.timeout.min = 5s (custom)
2019-10-10 00:00:35,759 [pool-47-thread-1] INFO  server.RaftServerConfigKeys (ConfUtils.java:logGet(43)) - raft.server.rpc.timeout.max = 5200ms (custom)
2019-10-10 00:00:35,759 [pool-47-thread-1] INFO  server.RaftServerConfigKeys (ConfUtils.java:logGet(43)) - raft.server.rpcslowness.timeout = 120s (custom)
2019-10-10 00:00:35,759 [pool-47-thread-1] INFO  server.RaftServerConfigKeys (ConfUtils.java:logGet(43)) - raft.server.sleep.deviation.threshold = 300 (default)
2019-10-10 00:00:35,759 [pool-47-thread-1] INFO  server.RaftServerConfigKeys (ConfUtils.java:logGet(43)) - raft.server.log.appender.install.snapshot.enabled = false (custom)
2019-10-10 00:00:35,760 [pool-47-thread-1] INFO  impl.RaftServerImpl (ServerState.java:<init>(103)) - 741d15da-6e3d-4013-9010-457716b563b4@group-0B1BC72C0AB6: ConfigurationManager, init=-1: [741d15da-6e3d-4013-9010-457716b563b4:192.168.5.166:35142], old=null, confs=<EMPTY_MAP>
2019-10-10 00:00:35,760 [pool-47-thread-1] INFO  server.RaftServerConfigKeys (ConfUtils.java:logGet(43)) - raft.server.storage.dir = [/workdir/hadoop-ozone/integration-test/target/test-dir/MiniOzoneClusterImpl-8984d707-b3d2-42d5-a334-f25a69bbeeeb/datanode-2/data/ratis] (custom)
2019-10-10 00:00:35,760 [pool-47-thread-1] INFO  server.RaftServerConfigKeys (ConfUtils.java:logGet(43)) - raft.server.log.corruption.policy = EXCEPTION (default)
2019-10-10 00:00:35,761 [pool-47-thread-1] INFO  storage.RaftStorageDirectory (RaftStorageDirectory.java:analyzeStorage(246)) - The storage directory /workdir/hadoop-ozone/integration-test/target/test-dir/MiniOzoneClusterImpl-8984d707-b3d2-42d5-a334-f25a69bbeeeb/datanode-2/data/ratis/2509bc2a-fcbf-4613-b2c5-0b1bc72c0ab6 does not exist. Creating ...
2019-10-10 00:00:35,773 [pool-47-thread-1] INFO  storage.RaftStorageDirectory (RaftStorageDirectory.java:tryLock(328)) - Lock on /workdir/hadoop-ozone/integration-test/target/test-dir/MiniOzoneClusterImpl-8984d707-b3d2-42d5-a334-f25a69bbeeeb/datanode-2/data/ratis/2509bc2a-fcbf-4613-b2c5-0b1bc72c0ab6/in_use.lock acquired by nodename 904@pr-hdds-1868-fg6nx-4263576025
2019-10-10 00:00:35,786 [pool-47-thread-1] INFO  storage.RaftStorage (RaftStorage.java:format(84)) - Storage directory /workdir/hadoop-ozone/integration-test/target/test-dir/MiniOzoneClusterImpl-8984d707-b3d2-42d5-a334-f25a69bbeeeb/datanode-2/data/ratis/2509bc2a-fcbf-4613-b2c5-0b1bc72c0ab6 has been successfully formatted.
2019-10-10 00:00:35,786 [pool-47-thread-1] INFO  ratis.ContainerStateMachine (ContainerStateMachine.java:loadSnapshot(233)) - group-0B1BC72C0AB6: The snapshot info is null. Setting the last applied indexto:(t:0, i:~)
2019-10-10 00:00:35,786 [pool-47-thread-1] INFO  server.RaftServerConfigKeys (ConfUtils.java:logGet(43)) - raft.server.notification.no-leader.timeout = 120s (custom)
2019-10-10 00:00:35,787 [pool-47-thread-1] INFO  server.RaftServerConfigKeys (ConfUtils.java:logGet(43)) - raft.server.log.use.memory = false (default)
2019-10-10 00:00:35,787 [pool-47-thread-1] INFO  server.RaftServerConfigKeys (ConfUtils.java:logGet(43)) - raft.server.log.purge.gap = 1000000 (custom)
2019-10-10 00:00:35,787 [pool-47-thread-1] INFO  server.RaftServerConfigKeys (ConfUtils.java:logGet(43)) - raft.server.log.appender.buffer.byte-limit = 33554432 (custom)
2019-10-10 00:00:35,787 [pool-47-thread-1] INFO  server.RaftServerConfigKeys (ConfUtils.java:logGet(43)) - raft.server.log.segment.size.max = 1048576 (custom)
2019-10-10 00:00:35,790 [pool-47-thread-1] INFO  server.RaftServerConfigKeys (ConfUtils.java:logGet(43)) - raft.server.log.segment.cache.num.max = 2 (custom)
2019-10-10 00:00:35,790 [pool-47-thread-1] INFO  segmented.SegmentedRaftLogWorker (SegmentedRaftLogWorker.java:<init>(173)) - new 741d15da-6e3d-4013-9010-457716b563b4@group-0B1BC72C0AB6-SegmentedRaftLogWorker for RaftStorage:Storage Directory /workdir/hadoop-ozone/integration-test/target/test-dir/MiniOzoneClusterImpl-8984d707-b3d2-42d5-a334-f25a69bbeeeb/datanode-2/data/ratis/2509bc2a-fcbf-4613-b2c5-0b1bc72c0ab6
2019-10-10 00:00:35,790 [pool-47-thread-1] INFO  server.RaftServerConfigKeys (ConfUtils.java:logGet(43)) - raft.server.log.queue.byte-limit = 2147483647 (custom)
2019-10-10 00:00:35,790 [pool-47-thread-1] INFO  server.RaftServerConfigKeys (ConfUtils.java:logGet(43)) - raft.server.log.queue.element-limit = 1024 (custom)
2019-10-10 00:00:35,790 [pool-47-thread-1] INFO  server.RaftServerConfigKeys (ConfUtils.java:logGet(43)) - raft.server.log.segment.size.max = 1048576 (custom)
2019-10-10 00:00:35,790 [pool-47-thread-1] INFO  server.RaftServerConfigKeys (ConfUtils.java:logGet(43)) - raft.server.log.preallocated.size = 16384 (custom)
2019-10-10 00:00:35,791 [pool-47-thread-1] INFO  server.RaftServerConfigKeys (ConfUtils.java:logGet(43)) - raft.server.log.write.buffer.size = 33554432 (custom)
2019-10-10 00:00:35,791 [pool-47-thread-1] INFO  server.RaftServerConfigKeys (ConfUtils.java:logGet(43)) - raft.server.log.force.sync.num = 128 (default)
2019-10-10 00:00:35,791 [pool-47-thread-1] INFO  server.RaftServerConfigKeys (ConfUtils.java:logGet(43)) - raft.server.log.statemachine.data.sync = true (default)
2019-10-10 00:00:35,791 [pool-47-thread-1] INFO  server.RaftServerConfigKeys (ConfUtils.java:logGet(43)) - raft.server.log.statemachine.data.sync.timeout = 10s (default)
2019-10-10 00:00:35,791 [pool-47-thread-1] INFO  server.RaftServerConfigKeys (ConfUtils.java:logGet(43)) - raft.server.log.statemachine.data.sync.timeout.retry = -1 (default)
2019-10-10 00:00:35,792 [pool-47-thread-1] INFO  server.RaftServerConfigKeys (ConfUtils.java:logGet(43)) - raft.server.log.statemachine.data.caching.enabled = true (custom)
2019-10-10 00:00:35,792 [pool-47-thread-1] INFO  segmented.SegmentedRaftLogWorker (SegmentedRaftLogWorker.java:lambda$new$0(128)) - 741d15da-6e3d-4013-9010-457716b563b4@group-0B1BC72C0AB6-SegmentedRaftLogWorker: flushIndex: setUnconditionally 0 -> -1
2019-10-10 00:00:35,792 [pool-47-thread-1] INFO  server.RaftServerConfigKeys (ConfUtils.java:logGet(43)) - raft.server.snapshot.auto.trigger.enabled = true (custom)
2019-10-10 00:00:35,792 [pool-47-thread-1] INFO  server.RaftServerConfigKeys (ConfUtils.java:logGet(43)) - raft.server.snapshot.auto.trigger.threshold = 10000 (custom)
2019-10-10 00:00:35,793 [pool-47-thread-1] INFO  server.RaftServerConfigKeys (ConfUtils.java:logGet(43)) - raft.server.snapshot.retention.file.num = 5 (custom)
2019-10-10 00:00:35,793 [pool-47-thread-1] INFO  server.RaftServerConfigKeys (ConfUtils.java:logGet(43)) - raft.server.retrycache.expirytime = 600000ms (custom)
2019-10-10 00:00:35,795 [pool-47-thread-1] INFO  impl.RaftServerImpl (RaftServerImpl.java:start(181)) - 741d15da-6e3d-4013-9010-457716b563b4@group-0B1BC72C0AB6: start as a follower, conf=-1: [741d15da-6e3d-4013-9010-457716b563b4:192.168.5.166:35142], old=null
2019-10-10 00:00:35,795 [pool-47-thread-1] INFO  impl.RaftServerImpl (RaftServerImpl.java:setRole(170)) - 741d15da-6e3d-4013-9010-457716b563b4@group-0B1BC72C0AB6: changes role from      null to FOLLOWER at term 0 for startAsFollower
2019-10-10 00:00:35,795 [pool-47-thread-1] INFO  impl.RoleInfo (RoleInfo.java:updateAndGet(143)) - 741d15da-6e3d-4013-9010-457716b563b4: start FollowerState
2019-10-10 00:00:35,796 [pool-47-thread-1] INFO  util.JmxRegister (JmxRegister.java:tryRegister(44)) - Successfully registered JMX Bean with object name Ratis:service=RaftServer,group=group-0B1BC72C0AB6,id=741d15da-6e3d-4013-9010-457716b563b4
2019-10-10 00:00:35,816 [RatisPipelineUtilsThread] INFO  pipeline.PipelineStateManager (PipelineStateManager.java:addPipeline(57)) - Created pipeline Pipeline[ Id: 2509bc2a-fcbf-4613-b2c5-0b1bc72c0ab6, Nodes: 741d15da-6e3d-4013-9010-457716b563b4{ip: 192.168.5.166, host: pr-hdds-1868-fg6nx-4263576025, networkLocation: /default-rack, certSerialId: null}, Type:RATIS, Factor:ONE, State:ALLOCATED]
2019-10-10 00:00:35,852 [grpc-default-executor-2] INFO  impl.RaftServerProxy (RaftServerProxy.java:addNew(89)) - 912b0bdb-3095-44f3-93c0-19702928d0ba: addNew group-2D3354F0DE7F:[912b0bdb-3095-44f3-93c0-19702928d0ba:192.168.5.166:42393, 0679a6ad-56a1-41b2-83e1-15692bb468db:192.168.5.166:38134, 46504f71-6b77-44e9-a2e5-588075dae190:192.168.5.166:44353] returns group-2D3354F0DE7F:java.util.concurrent.CompletableFuture@529e0852[Not completed]
2019-10-10 00:00:35,852 [grpc-default-executor-1] INFO  impl.RaftServerProxy (RaftServerProxy.java:addNew(89)) - 46504f71-6b77-44e9-a2e5-588075dae190: addNew group-2D3354F0DE7F:[912b0bdb-3095-44f3-93c0-19702928d0ba:192.168.5.166:42393, 0679a6ad-56a1-41b2-83e1-15692bb468db:192.168.5.166:38134, 46504f71-6b77-44e9-a2e5-588075dae190:192.168.5.166:44353] returns group-2D3354F0DE7F:java.util.concurrent.CompletableFuture@5779f8e4[Not completed]
2019-10-10 00:00:35,855 [grpc-default-executor-1] INFO  impl.RaftServerProxy (RaftServerProxy.java:addNew(89)) - 0679a6ad-56a1-41b2-83e1-15692bb468db: addNew group-2D3354F0DE7F:[912b0bdb-3095-44f3-93c0-19702928d0ba:192.168.5.166:42393, 0679a6ad-56a1-41b2-83e1-15692bb468db:192.168.5.166:38134, 46504f71-6b77-44e9-a2e5-588075dae190:192.168.5.166:44353] returns group-2D3354F0DE7F:java.util.concurrent.CompletableFuture@127b7c6f[Not completed]
2019-10-10 00:00:35,856 [pool-37-thread-1] INFO  impl.RaftServerImpl (RaftServerImpl.java:<init>(95)) - 46504f71-6b77-44e9-a2e5-588075dae190: new RaftServerImpl for group-2D3354F0DE7F:[912b0bdb-3095-44f3-93c0-19702928d0ba:192.168.5.166:42393, 0679a6ad-56a1-41b2-83e1-15692bb468db:192.168.5.166:38134, 46504f71-6b77-44e9-a2e5-588075dae190:192.168.5.166:44353] with ContainerStateMachine:uninitialized
2019-10-10 00:00:35,856 [pool-37-thread-1] INFO  server.RaftServerConfigKeys (ConfUtils.java:logGet(43)) - raft.server.rpc.timeout.min = 5s (custom)
2019-10-10 00:00:35,856 [pool-37-thread-1] INFO  server.RaftServerConfigKeys (ConfUtils.java:logGet(43)) - raft.server.rpc.timeout.max = 5200ms (custom)
2019-10-10 00:00:35,856 [pool-37-thread-1] INFO  server.RaftServerConfigKeys (ConfUtils.java:logGet(43)) - raft.server.rpcslowness.timeout = 120s (custom)
2019-10-10 00:00:35,857 [pool-37-thread-1] INFO  server.RaftServerConfigKeys (ConfUtils.java:logGet(43)) - raft.server.sleep.deviation.threshold = 300 (default)
2019-10-10 00:00:35,857 [pool-37-thread-1] INFO  server.RaftServerConfigKeys (ConfUtils.java:logGet(43)) - raft.server.log.appender.install.snapshot.enabled = false (custom)
2019-10-10 00:00:35,857 [pool-37-thread-1] INFO  impl.RaftServerImpl (ServerState.java:<init>(103)) - 46504f71-6b77-44e9-a2e5-588075dae190@group-2D3354F0DE7F: ConfigurationManager, init=-1: [912b0bdb-3095-44f3-93c0-19702928d0ba:192.168.5.166:42393, 0679a6ad-56a1-41b2-83e1-15692bb468db:192.168.5.166:38134, 46504f71-6b77-44e9-a2e5-588075dae190:192.168.5.166:44353], old=null, confs=<EMPTY_MAP>
2019-10-10 00:00:35,857 [pool-37-thread-1] INFO  server.RaftServerConfigKeys (ConfUtils.java:logGet(43)) - raft.server.storage.dir = [/workdir/hadoop-ozone/integration-test/target/test-dir/MiniOzoneClusterImpl-8984d707-b3d2-42d5-a334-f25a69bbeeeb/datanode-1/data/ratis] (custom)
2019-10-10 00:00:35,857 [pool-37-thread-1] INFO  server.RaftServerConfigKeys (ConfUtils.java:logGet(43)) - raft.server.log.corruption.policy = EXCEPTION (default)
2019-10-10 00:00:35,857 [pool-37-thread-1] INFO  storage.RaftStorageDirectory (RaftStorageDirectory.java:analyzeStorage(246)) - The storage directory /workdir/hadoop-ozone/integration-test/target/test-dir/MiniOzoneClusterImpl-8984d707-b3d2-42d5-a334-f25a69bbeeeb/datanode-1/data/ratis/63a08f0e-9d7d-4a5c-a9a1-2d3354f0de7f does not exist. Creating ...
2019-10-10 00:00:35,858 [pool-57-thread-1] INFO  impl.RaftServerImpl (RaftServerImpl.java:<init>(95)) - 912b0bdb-3095-44f3-93c0-19702928d0ba: new RaftServerImpl for group-2D3354F0DE7F:[912b0bdb-3095-44f3-93c0-19702928d0ba:192.168.5.166:42393, 0679a6ad-56a1-41b2-83e1-15692bb468db:192.168.5.166:38134, 46504f71-6b77-44e9-a2e5-588075dae190:192.168.5.166:44353] with ContainerStateMachine:uninitialized
2019-10-10 00:00:35,858 [pool-57-thread-1] INFO  server.RaftServerConfigKeys (ConfUtils.java:logGet(43)) - raft.server.rpc.timeout.min = 5s (custom)
2019-10-10 00:00:35,858 [pool-57-thread-1] INFO  server.RaftServerConfigKeys (ConfUtils.java:logGet(43)) - raft.server.rpc.timeout.max = 5200ms (custom)
2019-10-10 00:00:35,858 [pool-57-thread-1] INFO  server.RaftServerConfigKeys (ConfUtils.java:logGet(43)) - raft.server.rpcslowness.timeout = 120s (custom)
2019-10-10 00:00:35,858 [pool-57-thread-1] INFO  server.RaftServerConfigKeys (ConfUtils.java:logGet(43)) - raft.server.sleep.deviation.threshold = 300 (default)
2019-10-10 00:00:35,858 [pool-27-thread-1] INFO  impl.RaftServerImpl (RaftServerImpl.java:<init>(95)) - 0679a6ad-56a1-41b2-83e1-15692bb468db: new RaftServerImpl for group-2D3354F0DE7F:[912b0bdb-3095-44f3-93c0-19702928d0ba:192.168.5.166:42393, 0679a6ad-56a1-41b2-83e1-15692bb468db:192.168.5.166:38134, 46504f71-6b77-44e9-a2e5-588075dae190:192.168.5.166:44353] with ContainerStateMachine:uninitialized
2019-10-10 00:00:35,858 [pool-57-thread-1] INFO  server.RaftServerConfigKeys (ConfUtils.java:logGet(43)) - raft.server.log.appender.install.snapshot.enabled = false (custom)
2019-10-10 00:00:35,859 [pool-27-thread-1] INFO  server.RaftServerConfigKeys (ConfUtils.java:logGet(43)) - raft.server.rpc.timeout.min = 5s (custom)
2019-10-10 00:00:35,859 [pool-57-thread-1] INFO  impl.RaftServerImpl (ServerState.java:<init>(103)) - 912b0bdb-3095-44f3-93c0-19702928d0ba@group-2D3354F0DE7F: ConfigurationManager, init=-1: [912b0bdb-3095-44f3-93c0-19702928d0ba:192.168.5.166:42393, 0679a6ad-56a1-41b2-83e1-15692bb468db:192.168.5.166:38134, 46504f71-6b77-44e9-a2e5-588075dae190:192.168.5.166:44353], old=null, confs=<EMPTY_MAP>
2019-10-10 00:00:35,859 [pool-27-thread-1] INFO  server.RaftServerConfigKeys (ConfUtils.java:logGet(43)) - raft.server.rpc.timeout.max = 5200ms (custom)
2019-10-10 00:00:35,859 [pool-27-thread-1] INFO  server.RaftServerConfigKeys (ConfUtils.java:logGet(43)) - raft.server.rpcslowness.timeout = 120s (custom)
2019-10-10 00:00:35,859 [pool-57-thread-1] INFO  server.RaftServerConfigKeys (ConfUtils.java:logGet(43)) - raft.server.storage.dir = [/workdir/hadoop-ozone/integration-test/target/test-dir/MiniOzoneClusterImpl-8984d707-b3d2-42d5-a334-f25a69bbeeeb/datanode-3/data/ratis] (custom)
2019-10-10 00:00:35,859 [pool-27-thread-1] INFO  server.RaftServerConfigKeys (ConfUtils.java:logGet(43)) - raft.server.sleep.deviation.threshold = 300 (default)
2019-10-10 00:00:35,859 [pool-27-thread-1] INFO  server.RaftServerConfigKeys (ConfUtils.java:logGet(43)) - raft.server.log.appender.install.snapshot.enabled = false (custom)
2019-10-10 00:00:35,859 [pool-57-thread-1] INFO  server.RaftServerConfigKeys (ConfUtils.java:logGet(43)) - raft.server.log.corruption.policy = EXCEPTION (default)
2019-10-10 00:00:35,860 [pool-27-thread-1] INFO  impl.RaftServerImpl (ServerState.java:<init>(103)) - 0679a6ad-56a1-41b2-83e1-15692bb468db@group-2D3354F0DE7F: ConfigurationManager, init=-1: [912b0bdb-3095-44f3-93c0-19702928d0ba:192.168.5.166:42393, 0679a6ad-56a1-41b2-83e1-15692bb468db:192.168.5.166:38134, 46504f71-6b77-44e9-a2e5-588075dae190:192.168.5.166:44353], old=null, confs=<EMPTY_MAP>
2019-10-10 00:00:35,860 [pool-57-thread-1] INFO  storage.RaftStorageDirectory (RaftStorageDirectory.java:analyzeStorage(246)) - The storage directory /workdir/hadoop-ozone/integration-test/target/test-dir/MiniOzoneClusterImpl-8984d707-b3d2-42d5-a334-f25a69bbeeeb/datanode-3/data/ratis/63a08f0e-9d7d-4a5c-a9a1-2d3354f0de7f does not exist. Creating ...
2019-10-10 00:00:35,860 [pool-27-thread-1] INFO  server.RaftServerConfigKeys (ConfUtils.java:logGet(43)) - raft.server.storage.dir = [/workdir/hadoop-ozone/integration-test/target/test-dir/MiniOzoneClusterImpl-8984d707-b3d2-42d5-a334-f25a69bbeeeb/datanode-0/data/ratis] (custom)
2019-10-10 00:00:35,860 [pool-27-thread-1] INFO  server.RaftServerConfigKeys (ConfUtils.java:logGet(43)) - raft.server.log.corruption.policy = EXCEPTION (default)
2019-10-10 00:00:35,860 [pool-27-thread-1] INFO  storage.RaftStorageDirectory (RaftStorageDirectory.java:analyzeStorage(246)) - The storage directory /workdir/hadoop-ozone/integration-test/target/test-dir/MiniOzoneClusterImpl-8984d707-b3d2-42d5-a334-f25a69bbeeeb/datanode-0/data/ratis/63a08f0e-9d7d-4a5c-a9a1-2d3354f0de7f does not exist. Creating ...
2019-10-10 00:00:35,883 [pool-37-thread-1] INFO  storage.RaftStorageDirectory (RaftStorageDirectory.java:tryLock(328)) - Lock on /workdir/hadoop-ozone/integration-test/target/test-dir/MiniOzoneClusterImpl-8984d707-b3d2-42d5-a334-f25a69bbeeeb/datanode-1/data/ratis/63a08f0e-9d7d-4a5c-a9a1-2d3354f0de7f/in_use.lock acquired by nodename 904@pr-hdds-1868-fg6nx-4263576025
2019-10-10 00:00:35,883 [pool-27-thread-1] INFO  storage.RaftStorageDirectory (RaftStorageDirectory.java:tryLock(328)) - Lock on /workdir/hadoop-ozone/integration-test/target/test-dir/MiniOzoneClusterImpl-8984d707-b3d2-42d5-a334-f25a69bbeeeb/datanode-0/data/ratis/63a08f0e-9d7d-4a5c-a9a1-2d3354f0de7f/in_use.lock acquired by nodename 904@pr-hdds-1868-fg6nx-4263576025
2019-10-10 00:00:35,883 [pool-57-thread-1] INFO  storage.RaftStorageDirectory (RaftStorageDirectory.java:tryLock(328)) - Lock on /workdir/hadoop-ozone/integration-test/target/test-dir/MiniOzoneClusterImpl-8984d707-b3d2-42d5-a334-f25a69bbeeeb/datanode-3/data/ratis/63a08f0e-9d7d-4a5c-a9a1-2d3354f0de7f/in_use.lock acquired by nodename 904@pr-hdds-1868-fg6nx-4263576025
2019-10-10 00:00:35,910 [pool-27-thread-1] INFO  storage.RaftStorage (RaftStorage.java:format(84)) - Storage directory /workdir/hadoop-ozone/integration-test/target/test-dir/MiniOzoneClusterImpl-8984d707-b3d2-42d5-a334-f25a69bbeeeb/datanode-0/data/ratis/63a08f0e-9d7d-4a5c-a9a1-2d3354f0de7f has been successfully formatted.
2019-10-10 00:00:35,910 [pool-37-thread-1] INFO  storage.RaftStorage (RaftStorage.java:format(84)) - Storage directory /workdir/hadoop-ozone/integration-test/target/test-dir/MiniOzoneClusterImpl-8984d707-b3d2-42d5-a334-f25a69bbeeeb/datanode-1/data/ratis/63a08f0e-9d7d-4a5c-a9a1-2d3354f0de7f has been successfully formatted.
2019-10-10 00:00:35,910 [pool-57-thread-1] INFO  storage.RaftStorage (RaftStorage.java:format(84)) - Storage directory /workdir/hadoop-ozone/integration-test/target/test-dir/MiniOzoneClusterImpl-8984d707-b3d2-42d5-a334-f25a69bbeeeb/datanode-3/data/ratis/63a08f0e-9d7d-4a5c-a9a1-2d3354f0de7f has been successfully formatted.
2019-10-10 00:00:35,910 [pool-27-thread-1] INFO  ratis.ContainerStateMachine (ContainerStateMachine.java:loadSnapshot(233)) - group-2D3354F0DE7F: The snapshot info is null. Setting the last applied indexto:(t:0, i:~)
2019-10-10 00:00:35,910 [pool-37-thread-1] INFO  ratis.ContainerStateMachine (ContainerStateMachine.java:loadSnapshot(233)) - group-2D3354F0DE7F: The snapshot info is null. Setting the last applied indexto:(t:0, i:~)
2019-10-10 00:00:35,910 [pool-57-thread-1] INFO  ratis.ContainerStateMachine (ContainerStateMachine.java:loadSnapshot(233)) - group-2D3354F0DE7F: The snapshot info is null. Setting the last applied indexto:(t:0, i:~)
2019-10-10 00:00:35,910 [pool-37-thread-1] INFO  server.RaftServerConfigKeys (ConfUtils.java:logGet(43)) - raft.server.notification.no-leader.timeout = 120s (custom)
2019-10-10 00:00:35,910 [pool-27-thread-1] INFO  server.RaftServerConfigKeys (ConfUtils.java:logGet(43)) - raft.server.notification.no-leader.timeout = 120s (custom)
2019-10-10 00:00:35,911 [pool-37-thread-1] INFO  server.RaftServerConfigKeys (ConfUtils.java:logGet(43)) - raft.server.log.use.memory = false (default)
2019-10-10 00:00:35,910 [pool-57-thread-1] INFO  server.RaftServerConfigKeys (ConfUtils.java:logGet(43)) - raft.server.notification.no-leader.timeout = 120s (custom)
2019-10-10 00:00:35,911 [pool-37-thread-1] INFO  server.RaftServerConfigKeys (ConfUtils.java:logGet(43)) - raft.server.log.purge.gap = 1000000 (custom)
2019-10-10 00:00:35,911 [pool-27-thread-1] INFO  server.RaftServerConfigKeys (ConfUtils.java:logGet(43)) - raft.server.log.use.memory = false (default)
2019-10-10 00:00:35,911 [pool-37-thread-1] INFO  server.RaftServerConfigKeys (ConfUtils.java:logGet(43)) - raft.server.log.appender.buffer.byte-limit = 33554432 (custom)
2019-10-10 00:00:35,911 [pool-57-thread-1] INFO  server.RaftServerConfigKeys (ConfUtils.java:logGet(43)) - raft.server.log.use.memory = false (default)
2019-10-10 00:00:35,911 [pool-37-thread-1] INFO  server.RaftServerConfigKeys (ConfUtils.java:logGet(43)) - raft.server.log.segment.size.max = 1048576 (custom)
2019-10-10 00:00:35,911 [pool-27-thread-1] INFO  server.RaftServerConfigKeys (ConfUtils.java:logGet(43)) - raft.server.log.purge.gap = 1000000 (custom)
2019-10-10 00:00:35,911 [pool-37-thread-1] INFO  server.RaftServerConfigKeys (ConfUtils.java:logGet(43)) - raft.server.log.segment.cache.num.max = 2 (custom)
2019-10-10 00:00:35,911 [pool-57-thread-1] INFO  server.RaftServerConfigKeys (ConfUtils.java:logGet(43)) - raft.server.log.purge.gap = 1000000 (custom)
2019-10-10 00:00:35,912 [pool-37-thread-1] INFO  segmented.SegmentedRaftLogWorker (SegmentedRaftLogWorker.java:<init>(173)) - new 46504f71-6b77-44e9-a2e5-588075dae190@group-2D3354F0DE7F-SegmentedRaftLogWorker for RaftStorage:Storage Directory /workdir/hadoop-ozone/integration-test/target/test-dir/MiniOzoneClusterImpl-8984d707-b3d2-42d5-a334-f25a69bbeeeb/datanode-1/data/ratis/63a08f0e-9d7d-4a5c-a9a1-2d3354f0de7f
2019-10-10 00:00:35,912 [pool-27-thread-1] INFO  server.RaftServerConfigKeys (ConfUtils.java:logGet(43)) - raft.server.log.appender.buffer.byte-limit = 33554432 (custom)
2019-10-10 00:00:35,912 [pool-37-thread-1] INFO  server.RaftServerConfigKeys (ConfUtils.java:logGet(43)) - raft.server.log.queue.byte-limit = 2147483647 (custom)
2019-10-10 00:00:35,912 [pool-57-thread-1] INFO  server.RaftServerConfigKeys (ConfUtils.java:logGet(43)) - raft.server.log.appender.buffer.byte-limit = 33554432 (custom)
2019-10-10 00:00:35,912 [pool-37-thread-1] INFO  server.RaftServerConfigKeys (ConfUtils.java:logGet(43)) - raft.server.log.queue.element-limit = 1024 (custom)
2019-10-10 00:00:35,912 [pool-27-thread-1] INFO  server.RaftServerConfigKeys (ConfUtils.java:logGet(43)) - raft.server.log.segment.size.max = 1048576 (custom)
2019-10-10 00:00:35,912 [pool-37-thread-1] INFO  server.RaftServerConfigKeys (ConfUtils.java:logGet(43)) - raft.server.log.segment.size.max = 1048576 (custom)
2019-10-10 00:00:35,912 [pool-57-thread-1] INFO  server.RaftServerConfigKeys (ConfUtils.java:logGet(43)) - raft.server.log.segment.size.max = 1048576 (custom)
2019-10-10 00:00:35,912 [pool-37-thread-1] INFO  server.RaftServerConfigKeys (ConfUtils.java:logGet(43)) - raft.server.log.preallocated.size = 16384 (custom)
2019-10-10 00:00:35,912 [pool-27-thread-1] INFO  server.RaftServerConfigKeys (ConfUtils.java:logGet(43)) - raft.server.log.segment.cache.num.max = 2 (custom)
2019-10-10 00:00:35,913 [pool-37-thread-1] INFO  server.RaftServerConfigKeys (ConfUtils.java:logGet(43)) - raft.server.log.write.buffer.size = 33554432 (custom)
2019-10-10 00:00:35,913 [pool-57-thread-1] INFO  server.RaftServerConfigKeys (ConfUtils.java:logGet(43)) - raft.server.log.segment.cache.num.max = 2 (custom)
2019-10-10 00:00:35,913 [pool-37-thread-1] INFO  server.RaftServerConfigKeys (ConfUtils.java:logGet(43)) - raft.server.log.force.sync.num = 128 (default)
2019-10-10 00:00:35,913 [pool-27-thread-1] INFO  segmented.SegmentedRaftLogWorker (SegmentedRaftLogWorker.java:<init>(173)) - new 0679a6ad-56a1-41b2-83e1-15692bb468db@group-2D3354F0DE7F-SegmentedRaftLogWorker for RaftStorage:Storage Directory /workdir/hadoop-ozone/integration-test/target/test-dir/MiniOzoneClusterImpl-8984d707-b3d2-42d5-a334-f25a69bbeeeb/datanode-0/data/ratis/63a08f0e-9d7d-4a5c-a9a1-2d3354f0de7f
2019-10-10 00:00:35,913 [pool-37-thread-1] INFO  server.RaftServerConfigKeys (ConfUtils.java:logGet(43)) - raft.server.log.statemachine.data.sync = true (default)
2019-10-10 00:00:35,913 [pool-57-thread-1] INFO  segmented.SegmentedRaftLogWorker (SegmentedRaftLogWorker.java:<init>(173)) - new 912b0bdb-3095-44f3-93c0-19702928d0ba@group-2D3354F0DE7F-SegmentedRaftLogWorker for RaftStorage:Storage Directory /workdir/hadoop-ozone/integration-test/target/test-dir/MiniOzoneClusterImpl-8984d707-b3d2-42d5-a334-f25a69bbeeeb/datanode-3/data/ratis/63a08f0e-9d7d-4a5c-a9a1-2d3354f0de7f
2019-10-10 00:00:35,913 [pool-37-thread-1] INFO  server.RaftServerConfigKeys (ConfUtils.java:logGet(43)) - raft.server.log.statemachine.data.sync.timeout = 10s (default)
2019-10-10 00:00:35,913 [pool-27-thread-1] INFO  server.RaftServerConfigKeys (ConfUtils.java:logGet(43)) - raft.server.log.queue.byte-limit = 2147483647 (custom)
2019-10-10 00:00:35,914 [pool-37-thread-1] INFO  server.RaftServerConfigKeys (ConfUtils.java:logGet(43)) - raft.server.log.statemachine.data.sync.timeout.retry = -1 (default)
2019-10-10 00:00:35,913 [pool-57-thread-1] INFO  server.RaftServerConfigKeys (ConfUtils.java:logGet(43)) - raft.server.log.queue.byte-limit = 2147483647 (custom)
2019-10-10 00:00:35,914 [pool-27-thread-1] INFO  server.RaftServerConfigKeys (ConfUtils.java:logGet(43)) - raft.server.log.queue.element-limit = 1024 (custom)
2019-10-10 00:00:35,914 [pool-37-thread-1] INFO  server.RaftServerConfigKeys (ConfUtils.java:logGet(43)) - raft.server.log.statemachine.data.caching.enabled = true (custom)
2019-10-10 00:00:35,914 [pool-57-thread-1] INFO  server.RaftServerConfigKeys (ConfUtils.java:logGet(43)) - raft.server.log.queue.element-limit = 1024 (custom)
2019-10-10 00:00:35,914 [pool-27-thread-1] INFO  server.RaftServerConfigKeys (ConfUtils.java:logGet(43)) - raft.server.log.segment.size.max = 1048576 (custom)
2019-10-10 00:00:35,914 [pool-37-thread-1] INFO  segmented.SegmentedRaftLogWorker (SegmentedRaftLogWorker.java:lambda$new$0(128)) - 46504f71-6b77-44e9-a2e5-588075dae190@group-2D3354F0DE7F-SegmentedRaftLogWorker: flushIndex: setUnconditionally 0 -> -1
2019-10-10 00:00:35,914 [pool-27-thread-1] INFO  server.RaftServerConfigKeys (ConfUtils.java:logGet(43)) - raft.server.log.preallocated.size = 16384 (custom)
2019-10-10 00:00:35,914 [pool-57-thread-1] INFO  server.RaftServerConfigKeys (ConfUtils.java:logGet(43)) - raft.server.log.segment.size.max = 1048576 (custom)
2019-10-10 00:00:35,915 [pool-37-thread-1] INFO  server.RaftServerConfigKeys (ConfUtils.java:logGet(43)) - raft.server.snapshot.auto.trigger.enabled = true (custom)
2019-10-10 00:00:35,915 [pool-27-thread-1] INFO  server.RaftServerConfigKeys (ConfUtils.java:logGet(43)) - raft.server.log.write.buffer.size = 33554432 (custom)
2019-10-10 00:00:35,915 [pool-37-thread-1] INFO  server.RaftServerConfigKeys (ConfUtils.java:logGet(43)) - raft.server.snapshot.auto.trigger.threshold = 10000 (custom)
2019-10-10 00:00:35,915 [pool-57-thread-1] INFO  server.RaftServerConfigKeys (ConfUtils.java:logGet(43)) - raft.server.log.preallocated.size = 16384 (custom)
2019-10-10 00:00:35,915 [pool-37-thread-1] INFO  server.RaftServerConfigKeys (ConfUtils.java:logGet(43)) - raft.server.snapshot.retention.file.num = 5 (custom)
2019-10-10 00:00:35,915 [pool-27-thread-1] INFO  server.RaftServerConfigKeys (ConfUtils.java:logGet(43)) - raft.server.log.force.sync.num = 128 (default)
2019-10-10 00:00:35,915 [pool-37-thread-1] INFO  server.RaftServerConfigKeys (ConfUtils.java:logGet(43)) - raft.server.retrycache.expirytime = 600000ms (custom)
2019-10-10 00:00:35,915 [pool-57-thread-1] INFO  server.RaftServerConfigKeys (ConfUtils.java:logGet(43)) - raft.server.log.write.buffer.size = 33554432 (custom)
2019-10-10 00:00:35,915 [pool-27-thread-1] INFO  server.RaftServerConfigKeys (ConfUtils.java:logGet(43)) - raft.server.log.statemachine.data.sync = true (default)
2019-10-10 00:00:35,916 [pool-57-thread-1] INFO  server.RaftServerConfigKeys (ConfUtils.java:logGet(43)) - raft.server.log.force.sync.num = 128 (default)
2019-10-10 00:00:35,916 [pool-27-thread-1] INFO  server.RaftServerConfigKeys (ConfUtils.java:logGet(43)) - raft.server.log.statemachine.data.sync.timeout = 10s (default)
2019-10-10 00:00:35,916 [pool-57-thread-1] INFO  server.RaftServerConfigKeys (ConfUtils.java:logGet(43)) - raft.server.log.statemachine.data.sync = true (default)
2019-10-10 00:00:35,916 [pool-27-thread-1] INFO  server.RaftServerConfigKeys (ConfUtils.java:logGet(43)) - raft.server.log.statemachine.data.sync.timeout.retry = -1 (default)
2019-10-10 00:00:35,916 [pool-57-thread-1] INFO  server.RaftServerConfigKeys (ConfUtils.java:logGet(43)) - raft.server.log.statemachine.data.sync.timeout = 10s (default)
2019-10-10 00:00:35,916 [pool-27-thread-1] INFO  server.RaftServerConfigKeys (ConfUtils.java:logGet(43)) - raft.server.log.statemachine.data.caching.enabled = true (custom)
2019-10-10 00:00:35,917 [pool-57-thread-1] INFO  server.RaftServerConfigKeys (ConfUtils.java:logGet(43)) - raft.server.log.statemachine.data.sync.timeout.retry = -1 (default)
2019-10-10 00:00:35,917 [pool-27-thread-1] INFO  segmented.SegmentedRaftLogWorker (SegmentedRaftLogWorker.java:lambda$new$0(128)) - 0679a6ad-56a1-41b2-83e1-15692bb468db@group-2D3354F0DE7F-SegmentedRaftLogWorker: flushIndex: setUnconditionally 0 -> -1
2019-10-10 00:00:35,917 [pool-57-thread-1] INFO  server.RaftServerConfigKeys (ConfUtils.java:logGet(43)) - raft.server.log.statemachine.data.caching.enabled = true (custom)
2019-10-10 00:00:35,917 [pool-27-thread-1] INFO  server.RaftServerConfigKeys (ConfUtils.java:logGet(43)) - raft.server.snapshot.auto.trigger.enabled = true (custom)
2019-10-10 00:00:35,917 [pool-57-thread-1] INFO  segmented.SegmentedRaftLogWorker (SegmentedRaftLogWorker.java:lambda$new$0(128)) - 912b0bdb-3095-44f3-93c0-19702928d0ba@group-2D3354F0DE7F-SegmentedRaftLogWorker: flushIndex: setUnconditionally 0 -> -1
2019-10-10 00:00:35,917 [pool-27-thread-1] INFO  server.RaftServerConfigKeys (ConfUtils.java:logGet(43)) - raft.server.snapshot.auto.trigger.threshold = 10000 (custom)
2019-10-10 00:00:35,918 [pool-57-thread-1] INFO  server.RaftServerConfigKeys (ConfUtils.java:logGet(43)) - raft.server.snapshot.auto.trigger.enabled = true (custom)
2019-10-10 00:00:35,918 [pool-27-thread-1] INFO  server.RaftServerConfigKeys (ConfUtils.java:logGet(43)) - raft.server.snapshot.retention.file.num = 5 (custom)
2019-10-10 00:00:35,918 [pool-57-thread-1] INFO  server.RaftServerConfigKeys (ConfUtils.java:logGet(43)) - raft.server.snapshot.auto.trigger.threshold = 10000 (custom)
2019-10-10 00:00:35,918 [pool-57-thread-1] INFO  server.RaftServerConfigKeys (ConfUtils.java:logGet(43)) - raft.server.snapshot.retention.file.num = 5 (custom)
2019-10-10 00:00:35,918 [pool-27-thread-1] INFO  server.RaftServerConfigKeys (ConfUtils.java:logGet(43)) - raft.server.retrycache.expirytime = 600000ms (custom)
2019-10-10 00:00:35,918 [pool-57-thread-1] INFO  server.RaftServerConfigKeys (ConfUtils.java:logGet(43)) - raft.server.retrycache.expirytime = 600000ms (custom)
2019-10-10 00:00:35,919 [pool-37-thread-1] INFO  impl.RaftServerImpl (RaftServerImpl.java:start(181)) - 46504f71-6b77-44e9-a2e5-588075dae190@group-2D3354F0DE7F: start as a follower, conf=-1: [912b0bdb-3095-44f3-93c0-19702928d0ba:192.168.5.166:42393, 0679a6ad-56a1-41b2-83e1-15692bb468db:192.168.5.166:38134, 46504f71-6b77-44e9-a2e5-588075dae190:192.168.5.166:44353], old=null
2019-10-10 00:00:35,919 [pool-37-thread-1] INFO  impl.RaftServerImpl (RaftServerImpl.java:setRole(170)) - 46504f71-6b77-44e9-a2e5-588075dae190@group-2D3354F0DE7F: changes role from      null to FOLLOWER at term 0 for startAsFollower
2019-10-10 00:00:35,920 [pool-37-thread-1] INFO  impl.RoleInfo (RoleInfo.java:updateAndGet(143)) - 46504f71-6b77-44e9-a2e5-588075dae190: start FollowerState
2019-10-10 00:00:35,920 [pool-37-thread-1] INFO  util.JmxRegister (JmxRegister.java:tryRegister(44)) - Successfully registered JMX Bean with object name Ratis:service=RaftServer,group=group-2D3354F0DE7F,id=46504f71-6b77-44e9-a2e5-588075dae190
2019-10-10 00:00:35,923 [pool-57-thread-1] INFO  impl.RaftServerImpl (RaftServerImpl.java:start(181)) - 912b0bdb-3095-44f3-93c0-19702928d0ba@group-2D3354F0DE7F: start as a follower, conf=-1: [912b0bdb-3095-44f3-93c0-19702928d0ba:192.168.5.166:42393, 0679a6ad-56a1-41b2-83e1-15692bb468db:192.168.5.166:38134, 46504f71-6b77-44e9-a2e5-588075dae190:192.168.5.166:44353], old=null
2019-10-10 00:00:35,923 [pool-27-thread-1] INFO  impl.RaftServerImpl (RaftServerImpl.java:start(181)) - 0679a6ad-56a1-41b2-83e1-15692bb468db@group-2D3354F0DE7F: start as a follower, conf=-1: [912b0bdb-3095-44f3-93c0-19702928d0ba:192.168.5.166:42393, 0679a6ad-56a1-41b2-83e1-15692bb468db:192.168.5.166:38134, 46504f71-6b77-44e9-a2e5-588075dae190:192.168.5.166:44353], old=null
2019-10-10 00:00:35,923 [pool-57-thread-1] INFO  impl.RaftServerImpl (RaftServerImpl.java:setRole(170)) - 912b0bdb-3095-44f3-93c0-19702928d0ba@group-2D3354F0DE7F: changes role from      null to FOLLOWER at term 0 for startAsFollower
2019-10-10 00:00:35,923 [pool-27-thread-1] INFO  impl.RaftServerImpl (RaftServerImpl.java:setRole(170)) - 0679a6ad-56a1-41b2-83e1-15692bb468db@group-2D3354F0DE7F: changes role from      null to FOLLOWER at term 0 for startAsFollower
2019-10-10 00:00:35,923 [pool-57-thread-1] INFO  impl.RoleInfo (RoleInfo.java:updateAndGet(143)) - 912b0bdb-3095-44f3-93c0-19702928d0ba: start FollowerState
2019-10-10 00:00:35,923 [pool-27-thread-1] INFO  impl.RoleInfo (RoleInfo.java:updateAndGet(143)) - 0679a6ad-56a1-41b2-83e1-15692bb468db: start FollowerState
2019-10-10 00:00:35,924 [pool-57-thread-1] INFO  util.JmxRegister (JmxRegister.java:tryRegister(44)) - Successfully registered JMX Bean with object name Ratis:service=RaftServer,group=group-2D3354F0DE7F,id=912b0bdb-3095-44f3-93c0-19702928d0ba
2019-10-10 00:00:35,924 [pool-27-thread-1] INFO  util.JmxRegister (JmxRegister.java:tryRegister(44)) - Successfully registered JMX Bean with object name Ratis:service=RaftServer,group=group-2D3354F0DE7F,id=0679a6ad-56a1-41b2-83e1-15692bb468db
2019-10-10 00:00:35,952 [RatisPipelineUtilsThread] INFO  pipeline.PipelineStateManager (PipelineStateManager.java:addPipeline(57)) - Created pipeline Pipeline[ Id: 63a08f0e-9d7d-4a5c-a9a1-2d3354f0de7f, Nodes: 0679a6ad-56a1-41b2-83e1-15692bb468db{ip: 192.168.5.166, host: pr-hdds-1868-fg6nx-4263576025, networkLocation: /default-rack, certSerialId: null}46504f71-6b77-44e9-a2e5-588075dae190{ip: 192.168.5.166, host: pr-hdds-1868-fg6nx-4263576025, networkLocation: /default-rack, certSerialId: null}912b0bdb-3095-44f3-93c0-19702928d0ba{ip: 192.168.5.166, host: pr-hdds-1868-fg6nx-4263576025, networkLocation: /default-rack, certSerialId: null}, Type:RATIS, Factor:THREE, State:ALLOCATED]
2019-10-10 00:00:35,983 [grpc-default-executor-2] INFO  impl.RaftServerProxy (RaftServerProxy.java:addNew(89)) - 4808dac8-c899-40b2-85de-0feef9b59caa: addNew group-5034D27AD05B:[4808dac8-c899-40b2-85de-0feef9b59caa:192.168.5.166:41801, fc8096d7-9d86-4d26-87c6-cf6d344fbedb:192.168.5.166:33290, 76f4bde4-dad5-4a03-9d33-b63c46310e66:192.168.5.166:35485] returns group-5034D27AD05B:java.util.concurrent.CompletableFuture@2641e86e[Not completed]
2019-10-10 00:00:35,984 [grpc-default-executor-1] INFO  impl.RaftServerProxy (RaftServerProxy.java:addNew(89)) - 76f4bde4-dad5-4a03-9d33-b63c46310e66: addNew group-5034D27AD05B:[4808dac8-c899-40b2-85de-0feef9b59caa:192.168.5.166:41801, fc8096d7-9d86-4d26-87c6-cf6d344fbedb:192.168.5.166:33290, 76f4bde4-dad5-4a03-9d33-b63c46310e66:192.168.5.166:35485] returns group-5034D27AD05B:java.util.concurrent.CompletableFuture@23236a73[Not completed]
2019-10-10 00:00:35,986 [grpc-default-executor-2] INFO  impl.RaftServerProxy (RaftServerProxy.java:addNew(89)) - fc8096d7-9d86-4d26-87c6-cf6d344fbedb: addNew group-5034D27AD05B:[4808dac8-c899-40b2-85de-0feef9b59caa:192.168.5.166:41801, fc8096d7-9d86-4d26-87c6-cf6d344fbedb:192.168.5.166:33290, 76f4bde4-dad5-4a03-9d33-b63c46310e66:192.168.5.166:35485] returns group-5034D27AD05B:java.util.concurrent.CompletableFuture@4bfa86c[Not completed]
2019-10-10 00:00:35,987 [pool-87-thread-1] INFO  impl.RaftServerImpl (RaftServerImpl.java:<init>(95)) - 4808dac8-c899-40b2-85de-0feef9b59caa: new RaftServerImpl for group-5034D27AD05B:[4808dac8-c899-40b2-85de-0feef9b59caa:192.168.5.166:41801, fc8096d7-9d86-4d26-87c6-cf6d344fbedb:192.168.5.166:33290, 76f4bde4-dad5-4a03-9d33-b63c46310e66:192.168.5.166:35485] with ContainerStateMachine:uninitialized
2019-10-10 00:00:35,987 [pool-87-thread-1] INFO  server.RaftServerConfigKeys (ConfUtils.java:logGet(43)) - raft.server.rpc.timeout.min = 5s (custom)
2019-10-10 00:00:35,987 [pool-87-thread-1] INFO  server.RaftServerConfigKeys (ConfUtils.java:logGet(43)) - raft.server.rpc.timeout.max = 5200ms (custom)
2019-10-10 00:00:35,987 [pool-87-thread-1] INFO  server.RaftServerConfigKeys (ConfUtils.java:logGet(43)) - raft.server.rpcslowness.timeout = 120s (custom)
2019-10-10 00:00:35,987 [pool-87-thread-1] INFO  server.RaftServerConfigKeys (ConfUtils.java:logGet(43)) - raft.server.sleep.deviation.threshold = 300 (default)
2019-10-10 00:00:35,987 [pool-87-thread-1] INFO  server.RaftServerConfigKeys (ConfUtils.java:logGet(43)) - raft.server.log.appender.install.snapshot.enabled = false (custom)
2019-10-10 00:00:35,988 [pool-67-thread-1] INFO  impl.RaftServerImpl (RaftServerImpl.java:<init>(95)) - fc8096d7-9d86-4d26-87c6-cf6d344fbedb: new RaftServerImpl for group-5034D27AD05B:[4808dac8-c899-40b2-85de-0feef9b59caa:192.168.5.166:41801, fc8096d7-9d86-4d26-87c6-cf6d344fbedb:192.168.5.166:33290, 76f4bde4-dad5-4a03-9d33-b63c46310e66:192.168.5.166:35485] with ContainerStateMachine:uninitialized
2019-10-10 00:00:35,988 [pool-87-thread-1] INFO  impl.RaftServerImpl (ServerState.java:<init>(103)) - 4808dac8-c899-40b2-85de-0feef9b59caa@group-5034D27AD05B: ConfigurationManager, init=-1: [4808dac8-c899-40b2-85de-0feef9b59caa:192.168.5.166:41801, fc8096d7-9d86-4d26-87c6-cf6d344fbedb:192.168.5.166:33290, 76f4bde4-dad5-4a03-9d33-b63c46310e66:192.168.5.166:35485], old=null, confs=<EMPTY_MAP>
2019-10-10 00:00:35,988 [pool-67-thread-1] INFO  server.RaftServerConfigKeys (ConfUtils.java:logGet(43)) - raft.server.rpc.timeout.min = 5s (custom)
2019-10-10 00:00:35,988 [pool-67-thread-1] INFO  server.RaftServerConfigKeys (ConfUtils.java:logGet(43)) - raft.server.rpc.timeout.max = 5200ms (custom)
2019-10-10 00:00:35,988 [pool-87-thread-1] INFO  server.RaftServerConfigKeys (ConfUtils.java:logGet(43)) - raft.server.storage.dir = [/workdir/hadoop-ozone/integration-test/target/test-dir/MiniOzoneClusterImpl-8984d707-b3d2-42d5-a334-f25a69bbeeeb/datanode-6/data/ratis] (custom)
2019-10-10 00:00:35,988 [pool-67-thread-1] INFO  server.RaftServerConfigKeys (ConfUtils.java:logGet(43)) - raft.server.rpcslowness.timeout = 120s (custom)
2019-10-10 00:00:35,988 [pool-67-thread-1] INFO  server.RaftServerConfigKeys (ConfUtils.java:logGet(43)) - raft.server.sleep.deviation.threshold = 300 (default)
2019-10-10 00:00:35,988 [pool-87-thread-1] INFO  server.RaftServerConfigKeys (ConfUtils.java:logGet(43)) - raft.server.log.corruption.policy = EXCEPTION (default)
2019-10-10 00:00:35,988 [pool-67-thread-1] INFO  server.RaftServerConfigKeys (ConfUtils.java:logGet(43)) - raft.server.log.appender.install.snapshot.enabled = false (custom)
2019-10-10 00:00:35,988 [pool-87-thread-1] INFO  storage.RaftStorageDirectory (RaftStorageDirectory.java:analyzeStorage(246)) - The storage directory /workdir/hadoop-ozone/integration-test/target/test-dir/MiniOzoneClusterImpl-8984d707-b3d2-42d5-a334-f25a69bbeeeb/datanode-6/data/ratis/6838a963-f758-495e-bea8-5034d27ad05b does not exist. Creating ...
2019-10-10 00:00:35,988 [pool-67-thread-1] INFO  impl.RaftServerImpl (ServerState.java:<init>(103)) - fc8096d7-9d86-4d26-87c6-cf6d344fbedb@group-5034D27AD05B: ConfigurationManager, init=-1: [4808dac8-c899-40b2-85de-0feef9b59caa:192.168.5.166:41801, fc8096d7-9d86-4d26-87c6-cf6d344fbedb:192.168.5.166:33290, 76f4bde4-dad5-4a03-9d33-b63c46310e66:192.168.5.166:35485], old=null, confs=<EMPTY_MAP>
2019-10-10 00:00:35,989 [pool-77-thread-1] INFO  impl.RaftServerImpl (RaftServerImpl.java:<init>(95)) - 76f4bde4-dad5-4a03-9d33-b63c46310e66: new RaftServerImpl for group-5034D27AD05B:[4808dac8-c899-40b2-85de-0feef9b59caa:192.168.5.166:41801, fc8096d7-9d86-4d26-87c6-cf6d344fbedb:192.168.5.166:33290, 76f4bde4-dad5-4a03-9d33-b63c46310e66:192.168.5.166:35485] with ContainerStateMachine:uninitialized
2019-10-10 00:00:35,989 [pool-67-thread-1] INFO  server.RaftServerConfigKeys (ConfUtils.java:logGet(43)) - raft.server.storage.dir = [/workdir/hadoop-ozone/integration-test/target/test-dir/MiniOzoneClusterImpl-8984d707-b3d2-42d5-a334-f25a69bbeeeb/datanode-4/data/ratis] (custom)
2019-10-10 00:00:35,989 [pool-77-thread-1] INFO  server.RaftServerConfigKeys (ConfUtils.java:logGet(43)) - raft.server.rpc.timeout.min = 5s (custom)
2019-10-10 00:00:35,989 [pool-67-thread-1] INFO  server.RaftServerConfigKeys (ConfUtils.java:logGet(43)) - raft.server.log.corruption.policy = EXCEPTION (default)
2019-10-10 00:00:35,989 [pool-77-thread-1] INFO  server.RaftServerConfigKeys (ConfUtils.java:logGet(43)) - raft.server.rpc.timeout.max = 5200ms (custom)
2019-10-10 00:00:35,989 [pool-67-thread-1] INFO  storage.RaftStorageDirectory (RaftStorageDirectory.java:analyzeStorage(246)) - The storage directory /workdir/hadoop-ozone/integration-test/target/test-dir/MiniOzoneClusterImpl-8984d707-b3d2-42d5-a334-f25a69bbeeeb/datanode-4/data/ratis/6838a963-f758-495e-bea8-5034d27ad05b does not exist. Creating ...
2019-10-10 00:00:35,989 [pool-77-thread-1] INFO  server.RaftServerConfigKeys (ConfUtils.java:logGet(43)) - raft.server.rpcslowness.timeout = 120s (custom)
2019-10-10 00:00:35,989 [pool-77-thread-1] INFO  server.RaftServerConfigKeys (ConfUtils.java:logGet(43)) - raft.server.sleep.deviation.threshold = 300 (default)
2019-10-10 00:00:35,989 [pool-77-thread-1] INFO  server.RaftServerConfigKeys (ConfUtils.java:logGet(43)) - raft.server.log.appender.install.snapshot.enabled = false (custom)
2019-10-10 00:00:35,989 [pool-77-thread-1] INFO  impl.RaftServerImpl (ServerState.java:<init>(103)) - 76f4bde4-dad5-4a03-9d33-b63c46310e66@group-5034D27AD05B: ConfigurationManager, init=-1: [4808dac8-c899-40b2-85de-0feef9b59caa:192.168.5.166:41801, fc8096d7-9d86-4d26-87c6-cf6d344fbedb:192.168.5.166:33290, 76f4bde4-dad5-4a03-9d33-b63c46310e66:192.168.5.166:35485], old=null, confs=<EMPTY_MAP>
2019-10-10 00:00:35,990 [pool-77-thread-1] INFO  server.RaftServerConfigKeys (ConfUtils.java:logGet(43)) - raft.server.storage.dir = [/workdir/hadoop-ozone/integration-test/target/test-dir/MiniOzoneClusterImpl-8984d707-b3d2-42d5-a334-f25a69bbeeeb/datanode-5/data/ratis] (custom)
2019-10-10 00:00:35,990 [pool-77-thread-1] INFO  server.RaftServerConfigKeys (ConfUtils.java:logGet(43)) - raft.server.log.corruption.policy = EXCEPTION (default)
2019-10-10 00:00:35,990 [pool-77-thread-1] INFO  storage.RaftStorageDirectory (RaftStorageDirectory.java:analyzeStorage(246)) - The storage directory /workdir/hadoop-ozone/integration-test/target/test-dir/MiniOzoneClusterImpl-8984d707-b3d2-42d5-a334-f25a69bbeeeb/datanode-5/data/ratis/6838a963-f758-495e-bea8-5034d27ad05b does not exist. Creating ...
2019-10-10 00:00:36,013 [pool-67-thread-1] INFO  storage.RaftStorageDirectory (RaftStorageDirectory.java:tryLock(328)) - Lock on /workdir/hadoop-ozone/integration-test/target/test-dir/MiniOzoneClusterImpl-8984d707-b3d2-42d5-a334-f25a69bbeeeb/datanode-4/data/ratis/6838a963-f758-495e-bea8-5034d27ad05b/in_use.lock acquired by nodename 904@pr-hdds-1868-fg6nx-4263576025
2019-10-10 00:00:36,014 [pool-87-thread-1] INFO  storage.RaftStorageDirectory (RaftStorageDirectory.java:tryLock(328)) - Lock on /workdir/hadoop-ozone/integration-test/target/test-dir/MiniOzoneClusterImpl-8984d707-b3d2-42d5-a334-f25a69bbeeeb/datanode-6/data/ratis/6838a963-f758-495e-bea8-5034d27ad05b/in_use.lock acquired by nodename 904@pr-hdds-1868-fg6nx-4263576025
2019-10-10 00:00:36,013 [pool-77-thread-1] INFO  storage.RaftStorageDirectory (RaftStorageDirectory.java:tryLock(328)) - Lock on /workdir/hadoop-ozone/integration-test/target/test-dir/MiniOzoneClusterImpl-8984d707-b3d2-42d5-a334-f25a69bbeeeb/datanode-5/data/ratis/6838a963-f758-495e-bea8-5034d27ad05b/in_use.lock acquired by nodename 904@pr-hdds-1868-fg6nx-4263576025
2019-10-10 00:00:36,027 [pool-77-thread-1] INFO  storage.RaftStorage (RaftStorage.java:format(84)) - Storage directory /workdir/hadoop-ozone/integration-test/target/test-dir/MiniOzoneClusterImpl-8984d707-b3d2-42d5-a334-f25a69bbeeeb/datanode-5/data/ratis/6838a963-f758-495e-bea8-5034d27ad05b has been successfully formatted.
2019-10-10 00:00:36,027 [pool-67-thread-1] INFO  storage.RaftStorage (RaftStorage.java:format(84)) - Storage directory /workdir/hadoop-ozone/integration-test/target/test-dir/MiniOzoneClusterImpl-8984d707-b3d2-42d5-a334-f25a69bbeeeb/datanode-4/data/ratis/6838a963-f758-495e-bea8-5034d27ad05b has been successfully formatted.
2019-10-10 00:00:36,027 [pool-87-thread-1] INFO  storage.RaftStorage (RaftStorage.java:format(84)) - Storage directory /workdir/hadoop-ozone/integration-test/target/test-dir/MiniOzoneClusterImpl-8984d707-b3d2-42d5-a334-f25a69bbeeeb/datanode-6/data/ratis/6838a963-f758-495e-bea8-5034d27ad05b has been successfully formatted.
2019-10-10 00:00:36,028 [pool-67-thread-1] INFO  ratis.ContainerStateMachine (ContainerStateMachine.java:loadSnapshot(233)) - group-5034D27AD05B: The snapshot info is null. Setting the last applied indexto:(t:0, i:~)
2019-10-10 00:00:36,027 [pool-77-thread-1] INFO  ratis.ContainerStateMachine (ContainerStateMachine.java:loadSnapshot(233)) - group-5034D27AD05B: The snapshot info is null. Setting the last applied indexto:(t:0, i:~)
2019-10-10 00:00:36,028 [pool-67-thread-1] INFO  server.RaftServerConfigKeys (ConfUtils.java:logGet(43)) - raft.server.notification.no-leader.timeout = 120s (custom)
2019-10-10 00:00:36,028 [pool-77-thread-1] INFO  server.RaftServerConfigKeys (ConfUtils.java:logGet(43)) - raft.server.notification.no-leader.timeout = 120s (custom)
2019-10-10 00:00:36,028 [pool-87-thread-1] INFO  ratis.ContainerStateMachine (ContainerStateMachine.java:loadSnapshot(233)) - group-5034D27AD05B: The snapshot info is null. Setting the last applied indexto:(t:0, i:~)
2019-10-10 00:00:36,028 [pool-77-thread-1] INFO  server.RaftServerConfigKeys (ConfUtils.java:logGet(43)) - raft.server.log.use.memory = false (default)
2019-10-10 00:00:36,028 [pool-67-thread-1] INFO  server.RaftServerConfigKeys (ConfUtils.java:logGet(43)) - raft.server.log.use.memory = false (default)
2019-10-10 00:00:36,028 [pool-77-thread-1] INFO  server.RaftServerConfigKeys (ConfUtils.java:logGet(43)) - raft.server.log.purge.gap = 1000000 (custom)
2019-10-10 00:00:36,028 [pool-87-thread-1] INFO  server.RaftServerConfigKeys (ConfUtils.java:logGet(43)) - raft.server.notification.no-leader.timeout = 120s (custom)
2019-10-10 00:00:36,028 [pool-77-thread-1] INFO  server.RaftServerConfigKeys (ConfUtils.java:logGet(43)) - raft.server.log.appender.buffer.byte-limit = 33554432 (custom)
2019-10-10 00:00:36,028 [pool-67-thread-1] INFO  server.RaftServerConfigKeys (ConfUtils.java:logGet(43)) - raft.server.log.purge.gap = 1000000 (custom)
2019-10-10 00:00:36,028 [pool-77-thread-1] INFO  server.RaftServerConfigKeys (ConfUtils.java:logGet(43)) - raft.server.log.segment.size.max = 1048576 (custom)
2019-10-10 00:00:36,028 [pool-87-thread-1] INFO  server.RaftServerConfigKeys (ConfUtils.java:logGet(43)) - raft.server.log.use.memory = false (default)
2019-10-10 00:00:36,029 [pool-77-thread-1] INFO  server.RaftServerConfigKeys (ConfUtils.java:logGet(43)) - raft.server.log.segment.cache.num.max = 2 (custom)
2019-10-10 00:00:36,029 [pool-67-thread-1] INFO  server.RaftServerConfigKeys (ConfUtils.java:logGet(43)) - raft.server.log.appender.buffer.byte-limit = 33554432 (custom)
2019-10-10 00:00:36,029 [pool-77-thread-1] INFO  segmented.SegmentedRaftLogWorker (SegmentedRaftLogWorker.java:<init>(173)) - new 76f4bde4-dad5-4a03-9d33-b63c46310e66@group-5034D27AD05B-SegmentedRaftLogWorker for RaftStorage:Storage Directory /workdir/hadoop-ozone/integration-test/target/test-dir/MiniOzoneClusterImpl-8984d707-b3d2-42d5-a334-f25a69bbeeeb/datanode-5/data/ratis/6838a963-f758-495e-bea8-5034d27ad05b
2019-10-10 00:00:36,029 [pool-87-thread-1] INFO  server.RaftServerConfigKeys (ConfUtils.java:logGet(43)) - raft.server.log.purge.gap = 1000000 (custom)
2019-10-10 00:00:36,029 [pool-77-thread-1] INFO  server.RaftServerConfigKeys (ConfUtils.java:logGet(43)) - raft.server.log.queue.byte-limit = 2147483647 (custom)
2019-10-10 00:00:36,029 [pool-67-thread-1] INFO  server.RaftServerConfigKeys (ConfUtils.java:logGet(43)) - raft.server.log.segment.size.max = 1048576 (custom)
2019-10-10 00:00:36,029 [pool-77-thread-1] INFO  server.RaftServerConfigKeys (ConfUtils.java:logGet(43)) - raft.server.log.queue.element-limit = 1024 (custom)
2019-10-10 00:00:36,029 [pool-87-thread-1] INFO  server.RaftServerConfigKeys (ConfUtils.java:logGet(43)) - raft.server.log.appender.buffer.byte-limit = 33554432 (custom)
2019-10-10 00:00:36,029 [pool-77-thread-1] INFO  server.RaftServerConfigKeys (ConfUtils.java:logGet(43)) - raft.server.log.segment.size.max = 1048576 (custom)
2019-10-10 00:00:36,029 [pool-67-thread-1] INFO  server.RaftServerConfigKeys (ConfUtils.java:logGet(43)) - raft.server.log.segment.cache.num.max = 2 (custom)
2019-10-10 00:00:36,030 [pool-77-thread-1] INFO  server.RaftServerConfigKeys (ConfUtils.java:logGet(43)) - raft.server.log.preallocated.size = 16384 (custom)
2019-10-10 00:00:36,029 [pool-87-thread-1] INFO  server.RaftServerConfigKeys (ConfUtils.java:logGet(43)) - raft.server.log.segment.size.max = 1048576 (custom)
2019-10-10 00:00:36,030 [pool-77-thread-1] INFO  server.RaftServerConfigKeys (ConfUtils.java:logGet(43)) - raft.server.log.write.buffer.size = 33554432 (custom)
2019-10-10 00:00:36,030 [pool-67-thread-1] INFO  segmented.SegmentedRaftLogWorker (SegmentedRaftLogWorker.java:<init>(173)) - new fc8096d7-9d86-4d26-87c6-cf6d344fbedb@group-5034D27AD05B-SegmentedRaftLogWorker for RaftStorage:Storage Directory /workdir/hadoop-ozone/integration-test/target/test-dir/MiniOzoneClusterImpl-8984d707-b3d2-42d5-a334-f25a69bbeeeb/datanode-4/data/ratis/6838a963-f758-495e-bea8-5034d27ad05b
2019-10-10 00:00:36,030 [pool-77-thread-1] INFO  server.RaftServerConfigKeys (ConfUtils.java:logGet(43)) - raft.server.log.force.sync.num = 128 (default)
2019-10-10 00:00:36,030 [pool-87-thread-1] INFO  server.RaftServerConfigKeys (ConfUtils.java:logGet(43)) - raft.server.log.segment.cache.num.max = 2 (custom)
2019-10-10 00:00:36,030 [pool-77-thread-1] INFO  server.RaftServerConfigKeys (ConfUtils.java:logGet(43)) - raft.server.log.statemachine.data.sync = true (default)
2019-10-10 00:00:36,030 [pool-67-thread-1] INFO  server.RaftServerConfigKeys (ConfUtils.java:logGet(43)) - raft.server.log.queue.byte-limit = 2147483647 (custom)
2019-10-10 00:00:36,030 [pool-77-thread-1] INFO  server.RaftServerConfigKeys (ConfUtils.java:logGet(43)) - raft.server.log.statemachine.data.sync.timeout = 10s (default)
2019-10-10 00:00:36,030 [pool-87-thread-1] INFO  segmented.SegmentedRaftLogWorker (SegmentedRaftLogWorker.java:<init>(173)) - new 4808dac8-c899-40b2-85de-0feef9b59caa@group-5034D27AD05B-SegmentedRaftLogWorker for RaftStorage:Storage Directory /workdir/hadoop-ozone/integration-test/target/test-dir/MiniOzoneClusterImpl-8984d707-b3d2-42d5-a334-f25a69bbeeeb/datanode-6/data/ratis/6838a963-f758-495e-bea8-5034d27ad05b
2019-10-10 00:00:36,031 [pool-77-thread-1] INFO  server.RaftServerConfigKeys (ConfUtils.java:logGet(43)) - raft.server.log.statemachine.data.sync.timeout.retry = -1 (default)
2019-10-10 00:00:36,030 [pool-67-thread-1] INFO  server.RaftServerConfigKeys (ConfUtils.java:logGet(43)) - raft.server.log.queue.element-limit = 1024 (custom)
2019-10-10 00:00:36,031 [pool-87-thread-1] INFO  server.RaftServerConfigKeys (ConfUtils.java:logGet(43)) - raft.server.log.queue.byte-limit = 2147483647 (custom)
2019-10-10 00:00:36,031 [pool-67-thread-1] INFO  server.RaftServerConfigKeys (ConfUtils.java:logGet(43)) - raft.server.log.segment.size.max = 1048576 (custom)
2019-10-10 00:00:36,031 [pool-77-thread-1] INFO  server.RaftServerConfigKeys (ConfUtils.java:logGet(43)) - raft.server.log.statemachine.data.caching.enabled = true (custom)
2019-10-10 00:00:36,031 [pool-67-thread-1] INFO  server.RaftServerConfigKeys (ConfUtils.java:logGet(43)) - raft.server.log.preallocated.size = 16384 (custom)
2019-10-10 00:00:36,031 [pool-87-thread-1] INFO  server.RaftServerConfigKeys (ConfUtils.java:logGet(43)) - raft.server.log.queue.element-limit = 1024 (custom)
2019-10-10 00:00:36,031 [pool-77-thread-1] INFO  segmented.SegmentedRaftLogWorker (SegmentedRaftLogWorker.java:lambda$new$0(128)) - 76f4bde4-dad5-4a03-9d33-b63c46310e66@group-5034D27AD05B-SegmentedRaftLogWorker: flushIndex: setUnconditionally 0 -> -1
2019-10-10 00:00:36,031 [pool-67-thread-1] INFO  server.RaftServerConfigKeys (ConfUtils.java:logGet(43)) - raft.server.log.write.buffer.size = 33554432 (custom)
2019-10-10 00:00:36,031 [pool-87-thread-1] INFO  server.RaftServerConfigKeys (ConfUtils.java:logGet(43)) - raft.server.log.segment.size.max = 1048576 (custom)
2019-10-10 00:00:36,032 [pool-77-thread-1] INFO  server.RaftServerConfigKeys (ConfUtils.java:logGet(43)) - raft.server.snapshot.auto.trigger.enabled = true (custom)
2019-10-10 00:00:36,032 [pool-67-thread-1] INFO  server.RaftServerConfigKeys (ConfUtils.java:logGet(43)) - raft.server.log.force.sync.num = 128 (default)
2019-10-10 00:00:36,032 [pool-77-thread-1] INFO  server.RaftServerConfigKeys (ConfUtils.java:logGet(43)) - raft.server.snapshot.auto.trigger.threshold = 10000 (custom)
2019-10-10 00:00:36,032 [pool-87-thread-1] INFO  server.RaftServerConfigKeys (ConfUtils.java:logGet(43)) - raft.server.log.preallocated.size = 16384 (custom)
2019-10-10 00:00:36,032 [pool-77-thread-1] INFO  server.RaftServerConfigKeys (ConfUtils.java:logGet(43)) - raft.server.snapshot.retention.file.num = 5 (custom)
2019-10-10 00:00:36,032 [pool-67-thread-1] INFO  server.RaftServerConfigKeys (ConfUtils.java:logGet(43)) - raft.server.log.statemachine.data.sync = true (default)
2019-10-10 00:00:36,032 [pool-77-thread-1] INFO  server.RaftServerConfigKeys (ConfUtils.java:logGet(43)) - raft.server.retrycache.expirytime = 600000ms (custom)
2019-10-10 00:00:36,032 [pool-87-thread-1] INFO  server.RaftServerConfigKeys (ConfUtils.java:logGet(43)) - raft.server.log.write.buffer.size = 33554432 (custom)
2019-10-10 00:00:36,032 [pool-67-thread-1] INFO  server.RaftServerConfigKeys (ConfUtils.java:logGet(43)) - raft.server.log.statemachine.data.sync.timeout = 10s (default)
2019-10-10 00:00:36,032 [pool-87-thread-1] INFO  server.RaftServerConfigKeys (ConfUtils.java:logGet(43)) - raft.server.log.force.sync.num = 128 (default)
2019-10-10 00:00:36,033 [pool-67-thread-1] INFO  server.RaftServerConfigKeys (ConfUtils.java:logGet(43)) - raft.server.log.statemachine.data.sync.timeout.retry = -1 (default)
2019-10-10 00:00:36,033 [pool-87-thread-1] INFO  server.RaftServerConfigKeys (ConfUtils.java:logGet(43)) - raft.server.log.statemachine.data.sync = true (default)
2019-10-10 00:00:36,033 [pool-67-thread-1] INFO  server.RaftServerConfigKeys (ConfUtils.java:logGet(43)) - raft.server.log.statemachine.data.caching.enabled = true (custom)
2019-10-10 00:00:36,033 [pool-87-thread-1] INFO  server.RaftServerConfigKeys (ConfUtils.java:logGet(43)) - raft.server.log.statemachine.data.sync.timeout = 10s (default)
2019-10-10 00:00:36,033 [pool-87-thread-1] INFO  server.RaftServerConfigKeys (ConfUtils.java:logGet(43)) - raft.server.log.statemachine.data.sync.timeout.retry = -1 (default)
2019-10-10 00:00:36,033 [pool-67-thread-1] INFO  segmented.SegmentedRaftLogWorker (SegmentedRaftLogWorker.java:lambda$new$0(128)) - fc8096d7-9d86-4d26-87c6-cf6d344fbedb@group-5034D27AD05B-SegmentedRaftLogWorker: flushIndex: setUnconditionally 0 -> -1
2019-10-10 00:00:36,033 [pool-87-thread-1] INFO  server.RaftServerConfigKeys (ConfUtils.java:logGet(43)) - raft.server.log.statemachine.data.caching.enabled = true (custom)
2019-10-10 00:00:36,033 [pool-67-thread-1] INFO  server.RaftServerConfigKeys (ConfUtils.java:logGet(43)) - raft.server.snapshot.auto.trigger.enabled = true (custom)
2019-10-10 00:00:36,033 [pool-87-thread-1] INFO  segmented.SegmentedRaftLogWorker (SegmentedRaftLogWorker.java:lambda$new$0(128)) - 4808dac8-c899-40b2-85de-0feef9b59caa@group-5034D27AD05B-SegmentedRaftLogWorker: flushIndex: setUnconditionally 0 -> -1
2019-10-10 00:00:36,033 [pool-67-thread-1] INFO  server.RaftServerConfigKeys (ConfUtils.java:logGet(43)) - raft.server.snapshot.auto.trigger.threshold = 10000 (custom)
2019-10-10 00:00:36,034 [pool-67-thread-1] INFO  server.RaftServerConfigKeys (ConfUtils.java:logGet(43)) - raft.server.snapshot.retention.file.num = 5 (custom)
2019-10-10 00:00:36,034 [pool-87-thread-1] INFO  server.RaftServerConfigKeys (ConfUtils.java:logGet(43)) - raft.server.snapshot.auto.trigger.enabled = true (custom)
2019-10-10 00:00:36,034 [pool-67-thread-1] INFO  server.RaftServerConfigKeys (ConfUtils.java:logGet(43)) - raft.server.retrycache.expirytime = 600000ms (custom)
2019-10-10 00:00:36,034 [pool-87-thread-1] INFO  server.RaftServerConfigKeys (ConfUtils.java:logGet(43)) - raft.server.snapshot.auto.trigger.threshold = 10000 (custom)
2019-10-10 00:00:36,034 [pool-87-thread-1] INFO  server.RaftServerConfigKeys (ConfUtils.java:logGet(43)) - raft.server.snapshot.retention.file.num = 5 (custom)
2019-10-10 00:00:36,034 [pool-87-thread-1] INFO  server.RaftServerConfigKeys (ConfUtils.java:logGet(43)) - raft.server.retrycache.expirytime = 600000ms (custom)
2019-10-10 00:00:36,035 [pool-77-thread-1] INFO  impl.RaftServerImpl (RaftServerImpl.java:start(181)) - 76f4bde4-dad5-4a03-9d33-b63c46310e66@group-5034D27AD05B: start as a follower, conf=-1: [4808dac8-c899-40b2-85de-0feef9b59caa:192.168.5.166:41801, fc8096d7-9d86-4d26-87c6-cf6d344fbedb:192.168.5.166:33290, 76f4bde4-dad5-4a03-9d33-b63c46310e66:192.168.5.166:35485], old=null
2019-10-10 00:00:36,035 [pool-77-thread-1] INFO  impl.RaftServerImpl (RaftServerImpl.java:setRole(170)) - 76f4bde4-dad5-4a03-9d33-b63c46310e66@group-5034D27AD05B: changes role from      null to FOLLOWER at term 0 for startAsFollower
2019-10-10 00:00:36,035 [pool-77-thread-1] INFO  impl.RoleInfo (RoleInfo.java:updateAndGet(143)) - 76f4bde4-dad5-4a03-9d33-b63c46310e66: start FollowerState
2019-10-10 00:00:36,035 [pool-77-thread-1] INFO  util.JmxRegister (JmxRegister.java:tryRegister(44)) - Successfully registered JMX Bean with object name Ratis:service=RaftServer,group=group-5034D27AD05B,id=76f4bde4-dad5-4a03-9d33-b63c46310e66
2019-10-10 00:00:36,039 [pool-67-thread-1] INFO  impl.RaftServerImpl (RaftServerImpl.java:start(181)) - fc8096d7-9d86-4d26-87c6-cf6d344fbedb@group-5034D27AD05B: start as a follower, conf=-1: [4808dac8-c899-40b2-85de-0feef9b59caa:192.168.5.166:41801, fc8096d7-9d86-4d26-87c6-cf6d344fbedb:192.168.5.166:33290, 76f4bde4-dad5-4a03-9d33-b63c46310e66:192.168.5.166:35485], old=null
2019-10-10 00:00:36,039 [pool-67-thread-1] INFO  impl.RaftServerImpl (RaftServerImpl.java:setRole(170)) - fc8096d7-9d86-4d26-87c6-cf6d344fbedb@group-5034D27AD05B: changes role from      null to FOLLOWER at term 0 for startAsFollower
2019-10-10 00:00:36,040 [pool-87-thread-1] INFO  impl.RaftServerImpl (RaftServerImpl.java:start(181)) - 4808dac8-c899-40b2-85de-0feef9b59caa@group-5034D27AD05B: start as a follower, conf=-1: [4808dac8-c899-40b2-85de-0feef9b59caa:192.168.5.166:41801, fc8096d7-9d86-4d26-87c6-cf6d344fbedb:192.168.5.166:33290, 76f4bde4-dad5-4a03-9d33-b63c46310e66:192.168.5.166:35485], old=null
2019-10-10 00:00:36,040 [pool-67-thread-1] INFO  impl.RoleInfo (RoleInfo.java:updateAndGet(143)) - fc8096d7-9d86-4d26-87c6-cf6d344fbedb: start FollowerState
2019-10-10 00:00:36,040 [pool-87-thread-1] INFO  impl.RaftServerImpl (RaftServerImpl.java:setRole(170)) - 4808dac8-c899-40b2-85de-0feef9b59caa@group-5034D27AD05B: changes role from      null to FOLLOWER at term 0 for startAsFollower
2019-10-10 00:00:36,040 [pool-87-thread-1] INFO  impl.RoleInfo (RoleInfo.java:updateAndGet(143)) - 4808dac8-c899-40b2-85de-0feef9b59caa: start FollowerState
2019-10-10 00:00:36,040 [pool-67-thread-1] INFO  util.JmxRegister (JmxRegister.java:tryRegister(44)) - Successfully registered JMX Bean with object name Ratis:service=RaftServer,group=group-5034D27AD05B,id=fc8096d7-9d86-4d26-87c6-cf6d344fbedb
2019-10-10 00:00:36,040 [pool-87-thread-1] INFO  util.JmxRegister (JmxRegister.java:tryRegister(44)) - Successfully registered JMX Bean with object name Ratis:service=RaftServer,group=group-5034D27AD05B,id=4808dac8-c899-40b2-85de-0feef9b59caa
2019-10-10 00:00:36,063 [RatisPipelineUtilsThread] INFO  pipeline.PipelineStateManager (PipelineStateManager.java:addPipeline(57)) - Created pipeline Pipeline[ Id: 6838a963-f758-495e-bea8-5034d27ad05b, Nodes: 4808dac8-c899-40b2-85de-0feef9b59caa{ip: 192.168.5.166, host: pr-hdds-1868-fg6nx-4263576025, networkLocation: /default-rack, certSerialId: null}fc8096d7-9d86-4d26-87c6-cf6d344fbedb{ip: 192.168.5.166, host: pr-hdds-1868-fg6nx-4263576025, networkLocation: /default-rack, certSerialId: null}76f4bde4-dad5-4a03-9d33-b63c46310e66{ip: 192.168.5.166, host: pr-hdds-1868-fg6nx-4263576025, networkLocation: /default-rack, certSerialId: null}, Type:RATIS, Factor:THREE, State:ALLOCATED]
2019-10-10 00:00:36,066 [main] INFO  ozone.MiniOzoneClusterImpl (MiniOzoneClusterImpl.java:lambda$waitForClusterToBeReady$2(164)) - Waiting for 9 number of pipelines out of 9, to report a leader.
2019-10-10 00:00:37,066 [main] INFO  ozone.MiniOzoneClusterImpl (MiniOzoneClusterImpl.java:lambda$waitForClusterToBeReady$2(164)) - Waiting for 9 number of pipelines out of 9, to report a leader.
2019-10-10 00:00:37,365 [Thread-238] INFO  container.ReplicationManager (ReplicationManager.java:start(162)) - Starting Replication Monitor Thread.
2019-10-10 00:00:37,370 [Thread-238] INFO  pipeline.SCMPipelineManager (SCMPipelineManager.java:finalizeAndDestroyPipeline(315)) - destroying pipeline:Pipeline[ Id: 6838a963-f758-495e-bea8-5034d27ad05b, Nodes: 4808dac8-c899-40b2-85de-0feef9b59caa{ip: 192.168.5.166, host: pr-hdds-1868-fg6nx-4263576025, networkLocation: /default-rack, certSerialId: null}fc8096d7-9d86-4d26-87c6-cf6d344fbedb{ip: 192.168.5.166, host: pr-hdds-1868-fg6nx-4263576025, networkLocation: /default-rack, certSerialId: null}76f4bde4-dad5-4a03-9d33-b63c46310e66{ip: 192.168.5.166, host: pr-hdds-1868-fg6nx-4263576025, networkLocation: /default-rack, certSerialId: null}, Type:RATIS, Factor:THREE, State:ALLOCATED]
2019-10-10 00:00:37,370 [ReplicationMonitor] INFO  container.ReplicationManager (ReplicationManager.java:run(225)) - Replication Monitor Thread took 1 milliseconds for processing 0 containers.
2019-10-10 00:00:37,371 [Thread-238] INFO  pipeline.PipelineStateManager (PipelineStateManager.java:finalizePipeline(123)) - Pipeline Pipeline[ Id: 6838a963-f758-495e-bea8-5034d27ad05b, Nodes: 4808dac8-c899-40b2-85de-0feef9b59caa{ip: 192.168.5.166, host: pr-hdds-1868-fg6nx-4263576025, networkLocation: /default-rack, certSerialId: null}fc8096d7-9d86-4d26-87c6-cf6d344fbedb{ip: 192.168.5.166, host: pr-hdds-1868-fg6nx-4263576025, networkLocation: /default-rack, certSerialId: null}76f4bde4-dad5-4a03-9d33-b63c46310e66{ip: 192.168.5.166, host: pr-hdds-1868-fg6nx-4263576025, networkLocation: /default-rack, certSerialId: null}, Type:RATIS, Factor:THREE, State:CLOSED] moved to CLOSED state
2019-10-10 00:00:37,391 [grpc-default-executor-2] INFO  impl.RaftServerProxy (RaftServerProxy.java:remove(95)) - 4808dac8-c899-40b2-85de-0feef9b59caa: remove  FOLLOWER 4808dac8-c899-40b2-85de-0feef9b59caa@group-5034D27AD05B:t0, leader=null, voted=null, raftlog=4808dac8-c899-40b2-85de-0feef9b59caa@group-5034D27AD05B-SegmentedRaftLog:OPENED:c-1,f-1,i0, conf=-1: [4808dac8-c899-40b2-85de-0feef9b59caa:192.168.5.166:41801, fc8096d7-9d86-4d26-87c6-cf6d344fbedb:192.168.5.166:33290, 76f4bde4-dad5-4a03-9d33-b63c46310e66:192.168.5.166:35485], old=null RUNNING
2019-10-10 00:00:37,395 [grpc-default-executor-2] INFO  impl.RaftServerImpl (RaftServerImpl.java:lambda$shutdown$3(247)) - 4808dac8-c899-40b2-85de-0feef9b59caa@group-5034D27AD05B: shutdown
2019-10-10 00:00:37,395 [grpc-default-executor-2] INFO  util.JmxRegister (JmxRegister.java:unregister(73)) - Successfully un-registered JMX Bean with object name Ratis:service=RaftServer,group=group-5034D27AD05B,id=4808dac8-c899-40b2-85de-0feef9b59caa
2019-10-10 00:00:37,396 [grpc-default-executor-2] INFO  impl.RoleInfo (RoleInfo.java:shutdownFollowerState(121)) - 4808dac8-c899-40b2-85de-0feef9b59caa: shutdown FollowerState
2019-10-10 00:00:37,396 [grpc-default-executor-2] INFO  impl.StateMachineUpdater (StateMachineUpdater.java:stopAndJoin(136)) - 4808dac8-c899-40b2-85de-0feef9b59caa@group-5034D27AD05B-StateMachineUpdater: set stopIndex = -1
2019-10-10 00:00:37,396 [Thread-274] INFO  impl.FollowerState (FollowerState.java:run(117)) - 4808dac8-c899-40b2-85de-0feef9b59caa@group-5034D27AD05B-FollowerState was interrupted: java.lang.InterruptedException: sleep interrupted
2019-10-10 00:00:37,400 [grpc-default-executor-2] INFO  impl.RaftServerImpl (ServerState.java:close(387)) - 4808dac8-c899-40b2-85de-0feef9b59caa@group-5034D27AD05B: closes. applyIndex: -1
2019-10-10 00:00:37,404 [4808dac8-c899-40b2-85de-0feef9b59caa@group-5034D27AD05B-SegmentedRaftLogWorker] INFO  segmented.SegmentedRaftLogWorker (SegmentedRaftLogWorker.java:run(316)) - 4808dac8-c899-40b2-85de-0feef9b59caa@group-5034D27AD05B-SegmentedRaftLogWorker was interrupted, exiting. There are 0 tasks remaining in the queue.
2019-10-10 00:00:37,405 [grpc-default-executor-2] INFO  segmented.SegmentedRaftLogWorker (SegmentedRaftLogWorker.java:close(224)) - 4808dac8-c899-40b2-85de-0feef9b59caa@group-5034D27AD05B-SegmentedRaftLogWorker close()
2019-10-10 00:00:37,437 [grpc-default-executor-2] INFO  impl.RaftServerProxy (RaftServerProxy.java:remove(95)) - fc8096d7-9d86-4d26-87c6-cf6d344fbedb: remove  FOLLOWER fc8096d7-9d86-4d26-87c6-cf6d344fbedb@group-5034D27AD05B:t0, leader=null, voted=null, raftlog=fc8096d7-9d86-4d26-87c6-cf6d344fbedb@group-5034D27AD05B-SegmentedRaftLog:OPENED:c-1,f-1,i0, conf=-1: [4808dac8-c899-40b2-85de-0feef9b59caa:192.168.5.166:41801, fc8096d7-9d86-4d26-87c6-cf6d344fbedb:192.168.5.166:33290, 76f4bde4-dad5-4a03-9d33-b63c46310e66:192.168.5.166:35485], old=null RUNNING
2019-10-10 00:00:37,437 [grpc-default-executor-2] INFO  impl.RaftServerImpl (RaftServerImpl.java:lambda$shutdown$3(247)) - fc8096d7-9d86-4d26-87c6-cf6d344fbedb@group-5034D27AD05B: shutdown
2019-10-10 00:00:37,437 [grpc-default-executor-2] INFO  util.JmxRegister (JmxRegister.java:unregister(73)) - Successfully un-registered JMX Bean with object name Ratis:service=RaftServer,group=group-5034D27AD05B,id=fc8096d7-9d86-4d26-87c6-cf6d344fbedb
2019-10-10 00:00:37,437 [grpc-default-executor-2] INFO  impl.RoleInfo (RoleInfo.java:shutdownFollowerState(121)) - fc8096d7-9d86-4d26-87c6-cf6d344fbedb: shutdown FollowerState
2019-10-10 00:00:37,437 [grpc-default-executor-2] INFO  impl.StateMachineUpdater (StateMachineUpdater.java:stopAndJoin(136)) - fc8096d7-9d86-4d26-87c6-cf6d344fbedb@group-5034D27AD05B-StateMachineUpdater: set stopIndex = -1
2019-10-10 00:00:37,438 [Thread-273] INFO  impl.FollowerState (FollowerState.java:run(117)) - fc8096d7-9d86-4d26-87c6-cf6d344fbedb@group-5034D27AD05B-FollowerState was interrupted: java.lang.InterruptedException: sleep interrupted
2019-10-10 00:00:37,440 [grpc-default-executor-2] INFO  impl.RaftServerImpl (ServerState.java:close(387)) - fc8096d7-9d86-4d26-87c6-cf6d344fbedb@group-5034D27AD05B: closes. applyIndex: -1
2019-10-10 00:00:37,441 [fc8096d7-9d86-4d26-87c6-cf6d344fbedb@group-5034D27AD05B-SegmentedRaftLogWorker] INFO  segmented.SegmentedRaftLogWorker (SegmentedRaftLogWorker.java:run(316)) - fc8096d7-9d86-4d26-87c6-cf6d344fbedb@group-5034D27AD05B-SegmentedRaftLogWorker was interrupted, exiting. There are 0 tasks remaining in the queue.
2019-10-10 00:00:37,442 [grpc-default-executor-2] INFO  segmented.SegmentedRaftLogWorker (SegmentedRaftLogWorker.java:close(224)) - fc8096d7-9d86-4d26-87c6-cf6d344fbedb@group-5034D27AD05B-SegmentedRaftLogWorker close()
2019-10-10 00:00:37,462 [grpc-default-executor-2] INFO  impl.RaftServerProxy (RaftServerProxy.java:remove(95)) - 76f4bde4-dad5-4a03-9d33-b63c46310e66: remove  FOLLOWER 76f4bde4-dad5-4a03-9d33-b63c46310e66@group-5034D27AD05B:t0, leader=null, voted=null, raftlog=76f4bde4-dad5-4a03-9d33-b63c46310e66@group-5034D27AD05B-SegmentedRaftLog:OPENED:c-1,f-1,i0, conf=-1: [4808dac8-c899-40b2-85de-0feef9b59caa:192.168.5.166:41801, fc8096d7-9d86-4d26-87c6-cf6d344fbedb:192.168.5.166:33290, 76f4bde4-dad5-4a03-9d33-b63c46310e66:192.168.5.166:35485], old=null RUNNING
2019-10-10 00:00:37,462 [grpc-default-executor-2] INFO  impl.RaftServerImpl (RaftServerImpl.java:lambda$shutdown$3(247)) - 76f4bde4-dad5-4a03-9d33-b63c46310e66@group-5034D27AD05B: shutdown
2019-10-10 00:00:37,463 [grpc-default-executor-2] INFO  util.JmxRegister (JmxRegister.java:unregister(73)) - Successfully un-registered JMX Bean with object name Ratis:service=RaftServer,group=group-5034D27AD05B,id=76f4bde4-dad5-4a03-9d33-b63c46310e66
2019-10-10 00:00:37,463 [grpc-default-executor-2] INFO  impl.RoleInfo (RoleInfo.java:shutdownFollowerState(121)) - 76f4bde4-dad5-4a03-9d33-b63c46310e66: shutdown FollowerState
2019-10-10 00:00:37,463 [grpc-default-executor-2] INFO  impl.StateMachineUpdater (StateMachineUpdater.java:stopAndJoin(136)) - 76f4bde4-dad5-4a03-9d33-b63c46310e66@group-5034D27AD05B-StateMachineUpdater: set stopIndex = -1
2019-10-10 00:00:37,463 [Thread-272] INFO  impl.FollowerState (FollowerState.java:run(117)) - 76f4bde4-dad5-4a03-9d33-b63c46310e66@group-5034D27AD05B-FollowerState was interrupted: java.lang.InterruptedException: sleep interrupted
2019-10-10 00:00:37,466 [grpc-default-executor-2] INFO  impl.RaftServerImpl (ServerState.java:close(387)) - 76f4bde4-dad5-4a03-9d33-b63c46310e66@group-5034D27AD05B: closes. applyIndex: -1
2019-10-10 00:00:37,467 [76f4bde4-dad5-4a03-9d33-b63c46310e66@group-5034D27AD05B-SegmentedRaftLogWorker] INFO  segmented.SegmentedRaftLogWorker (SegmentedRaftLogWorker.java:run(316)) - 76f4bde4-dad5-4a03-9d33-b63c46310e66@group-5034D27AD05B-SegmentedRaftLogWorker was interrupted, exiting. There are 0 tasks remaining in the queue.
2019-10-10 00:00:37,467 [grpc-default-executor-2] INFO  segmented.SegmentedRaftLogWorker (SegmentedRaftLogWorker.java:close(224)) - 76f4bde4-dad5-4a03-9d33-b63c46310e66@group-5034D27AD05B-SegmentedRaftLogWorker close()
2019-10-10 00:00:37,476 [Thread-238] INFO  pipeline.PipelineStateManager (PipelineStateManager.java:removePipeline(108)) - Pipeline Pipeline[ Id: 6838a963-f758-495e-bea8-5034d27ad05b, Nodes: 4808dac8-c899-40b2-85de-0feef9b59caa{ip: 192.168.5.166, host: pr-hdds-1868-fg6nx-4263576025, networkLocation: /default-rack, certSerialId: null}fc8096d7-9d86-4d26-87c6-cf6d344fbedb{ip: 192.168.5.166, host: pr-hdds-1868-fg6nx-4263576025, networkLocation: /default-rack, certSerialId: null}76f4bde4-dad5-4a03-9d33-b63c46310e66{ip: 192.168.5.166, host: pr-hdds-1868-fg6nx-4263576025, networkLocation: /default-rack, certSerialId: null}, Type:RATIS, Factor:THREE, State:CLOSED] removed from db
2019-10-10 00:00:37,477 [Thread-238] INFO  pipeline.SCMPipelineManager (SCMPipelineManager.java:finalizeAndDestroyPipeline(315)) - destroying pipeline:Pipeline[ Id: 63a08f0e-9d7d-4a5c-a9a1-2d3354f0de7f, Nodes: 0679a6ad-56a1-41b2-83e1-15692bb468db{ip: 192.168.5.166, host: pr-hdds-1868-fg6nx-4263576025, networkLocation: /default-rack, certSerialId: null}46504f71-6b77-44e9-a2e5-588075dae190{ip: 192.168.5.166, host: pr-hdds-1868-fg6nx-4263576025, networkLocation: /default-rack, certSerialId: null}912b0bdb-3095-44f3-93c0-19702928d0ba{ip: 192.168.5.166, host: pr-hdds-1868-fg6nx-4263576025, networkLocation: /default-rack, certSerialId: null}, Type:RATIS, Factor:THREE, State:ALLOCATED]
2019-10-10 00:00:37,498 [grpc-default-executor-1] INFO  impl.RaftServerProxy (RaftServerProxy.java:addNew(89)) - fc8096d7-9d86-4d26-87c6-cf6d344fbedb: addNew group-B2990AEFC048:[4808dac8-c899-40b2-85de-0feef9b59caa:192.168.5.166:41801, fc8096d7-9d86-4d26-87c6-cf6d344fbedb:192.168.5.166:33290, 76f4bde4-dad5-4a03-9d33-b63c46310e66:192.168.5.166:35485] returns group-B2990AEFC048:java.util.concurrent.CompletableFuture@72548320[Not completed]
2019-10-10 00:00:37,499 [grpc-default-executor-2] INFO  impl.RaftServerProxy (RaftServerProxy.java:addNew(89)) - 4808dac8-c899-40b2-85de-0feef9b59caa: addNew group-B2990AEFC048:[4808dac8-c899-40b2-85de-0feef9b59caa:192.168.5.166:41801, fc8096d7-9d86-4d26-87c6-cf6d344fbedb:192.168.5.166:33290, 76f4bde4-dad5-4a03-9d33-b63c46310e66:192.168.5.166:35485] returns group-B2990AEFC048:java.util.concurrent.CompletableFuture@7232cea3[Not completed]
2019-10-10 00:00:37,502 [grpc-default-executor-2] INFO  impl.RaftServerProxy (RaftServerProxy.java:addNew(89)) - 76f4bde4-dad5-4a03-9d33-b63c46310e66: addNew group-B2990AEFC048:[4808dac8-c899-40b2-85de-0feef9b59caa:192.168.5.166:41801, fc8096d7-9d86-4d26-87c6-cf6d344fbedb:192.168.5.166:33290, 76f4bde4-dad5-4a03-9d33-b63c46310e66:192.168.5.166:35485] returns group-B2990AEFC048:java.util.concurrent.CompletableFuture@626d3630[Not completed]
2019-10-10 00:00:37,503 [pool-67-thread-1] INFO  impl.RaftServerImpl (RaftServerImpl.java:<init>(95)) - fc8096d7-9d86-4d26-87c6-cf6d344fbedb: new RaftServerImpl for group-B2990AEFC048:[4808dac8-c899-40b2-85de-0feef9b59caa:192.168.5.166:41801, fc8096d7-9d86-4d26-87c6-cf6d344fbedb:192.168.5.166:33290, 76f4bde4-dad5-4a03-9d33-b63c46310e66:192.168.5.166:35485] with ContainerStateMachine:uninitialized
2019-10-10 00:00:37,503 [pool-67-thread-1] INFO  server.RaftServerConfigKeys (ConfUtils.java:logGet(43)) - raft.server.rpc.timeout.min = 5s (custom)
2019-10-10 00:00:37,504 [pool-67-thread-1] INFO  server.RaftServerConfigKeys (ConfUtils.java:logGet(43)) - raft.server.rpc.timeout.max = 5200ms (custom)
2019-10-10 00:00:37,504 [pool-67-thread-1] INFO  server.RaftServerConfigKeys (ConfUtils.java:logGet(43)) - raft.server.rpcslowness.timeout = 120s (custom)
2019-10-10 00:00:37,504 [pool-67-thread-1] INFO  server.RaftServerConfigKeys (ConfUtils.java:logGet(43)) - raft.server.sleep.deviation.threshold = 300 (default)
2019-10-10 00:00:37,504 [pool-67-thread-1] INFO  server.RaftServerConfigKeys (ConfUtils.java:logGet(43)) - raft.server.log.appender.install.snapshot.enabled = false (custom)
2019-10-10 00:00:37,504 [pool-77-thread-1] INFO  impl.RaftServerImpl (RaftServerImpl.java:<init>(95)) - 76f4bde4-dad5-4a03-9d33-b63c46310e66: new RaftServerImpl for group-B2990AEFC048:[4808dac8-c899-40b2-85de-0feef9b59caa:192.168.5.166:41801, fc8096d7-9d86-4d26-87c6-cf6d344fbedb:192.168.5.166:33290, 76f4bde4-dad5-4a03-9d33-b63c46310e66:192.168.5.166:35485] with ContainerStateMachine:uninitialized
2019-10-10 00:00:37,504 [pool-67-thread-1] INFO  impl.RaftServerImpl (ServerState.java:<init>(103)) - fc8096d7-9d86-4d26-87c6-cf6d344fbedb@group-B2990AEFC048: ConfigurationManager, init=-1: [4808dac8-c899-40b2-85de-0feef9b59caa:192.168.5.166:41801, fc8096d7-9d86-4d26-87c6-cf6d344fbedb:192.168.5.166:33290, 76f4bde4-dad5-4a03-9d33-b63c46310e66:192.168.5.166:35485], old=null, confs=<EMPTY_MAP>
2019-10-10 00:00:37,504 [pool-77-thread-1] INFO  server.RaftServerConfigKeys (ConfUtils.java:logGet(43)) - raft.server.rpc.timeout.min = 5s (custom)
2019-10-10 00:00:37,504 [pool-77-thread-1] INFO  server.RaftServerConfigKeys (ConfUtils.java:logGet(43)) - raft.server.rpc.timeout.max = 5200ms (custom)
2019-10-10 00:00:37,504 [pool-67-thread-1] INFO  server.RaftServerConfigKeys (ConfUtils.java:logGet(43)) - raft.server.storage.dir = [/workdir/hadoop-ozone/integration-test/target/test-dir/MiniOzoneClusterImpl-8984d707-b3d2-42d5-a334-f25a69bbeeeb/datanode-4/data/ratis] (custom)
2019-10-10 00:00:37,504 [pool-77-thread-1] INFO  server.RaftServerConfigKeys (ConfUtils.java:logGet(43)) - raft.server.rpcslowness.timeout = 120s (custom)
2019-10-10 00:00:37,505 [pool-77-thread-1] INFO  server.RaftServerConfigKeys (ConfUtils.java:logGet(43)) - raft.server.sleep.deviation.threshold = 300 (default)
2019-10-10 00:00:37,505 [pool-77-thread-1] INFO  server.RaftServerConfigKeys (ConfUtils.java:logGet(43)) - raft.server.log.appender.install.snapshot.enabled = false (custom)
2019-10-10 00:00:37,505 [pool-67-thread-1] INFO  server.RaftServerConfigKeys (ConfUtils.java:logGet(43)) - raft.server.log.corruption.policy = EXCEPTION (default)
2019-10-10 00:00:37,505 [pool-77-thread-1] INFO  impl.RaftServerImpl (ServerState.java:<init>(103)) - 76f4bde4-dad5-4a03-9d33-b63c46310e66@group-B2990AEFC048: ConfigurationManager, init=-1: [4808dac8-c899-40b2-85de-0feef9b59caa:192.168.5.166:41801, fc8096d7-9d86-4d26-87c6-cf6d344fbedb:192.168.5.166:33290, 76f4bde4-dad5-4a03-9d33-b63c46310e66:192.168.5.166:35485], old=null, confs=<EMPTY_MAP>
2019-10-10 00:00:37,506 [pool-67-thread-1] INFO  storage.RaftStorageDirectory (RaftStorageDirectory.java:analyzeStorage(246)) - The storage directory /workdir/hadoop-ozone/integration-test/target/test-dir/MiniOzoneClusterImpl-8984d707-b3d2-42d5-a334-f25a69bbeeeb/datanode-4/data/ratis/5b89882b-8e88-4482-9cd8-b2990aefc048 does not exist. Creating ...
2019-10-10 00:00:37,506 [pool-77-thread-1] INFO  server.RaftServerConfigKeys (ConfUtils.java:logGet(43)) - raft.server.storage.dir = [/workdir/hadoop-ozone/integration-test/target/test-dir/MiniOzoneClusterImpl-8984d707-b3d2-42d5-a334-f25a69bbeeeb/datanode-5/data/ratis] (custom)
2019-10-10 00:00:37,506 [pool-87-thread-1] INFO  impl.RaftServerImpl (RaftServerImpl.java:<init>(95)) - 4808dac8-c899-40b2-85de-0feef9b59caa: new RaftServerImpl for group-B2990AEFC048:[4808dac8-c899-40b2-85de-0feef9b59caa:192.168.5.166:41801, fc8096d7-9d86-4d26-87c6-cf6d344fbedb:192.168.5.166:33290, 76f4bde4-dad5-4a03-9d33-b63c46310e66:192.168.5.166:35485] with ContainerStateMachine:uninitialized
2019-10-10 00:00:37,506 [pool-77-thread-1] INFO  server.RaftServerConfigKeys (ConfUtils.java:logGet(43)) - raft.server.log.corruption.policy = EXCEPTION (default)
2019-10-10 00:00:37,507 [pool-87-thread-1] INFO  server.RaftServerConfigKeys (ConfUtils.java:logGet(43)) - raft.server.rpc.timeout.min = 5s (custom)
2019-10-10 00:00:37,507 [pool-77-thread-1] INFO  storage.RaftStorageDirectory (RaftStorageDirectory.java:analyzeStorage(246)) - The storage directory /workdir/hadoop-ozone/integration-test/target/test-dir/MiniOzoneClusterImpl-8984d707-b3d2-42d5-a334-f25a69bbeeeb/datanode-5/data/ratis/5b89882b-8e88-4482-9cd8-b2990aefc048 does not exist. Creating ...
2019-10-10 00:00:37,507 [pool-87-thread-1] INFO  server.RaftServerConfigKeys (ConfUtils.java:logGet(43)) - raft.server.rpc.timeout.max = 5200ms (custom)
2019-10-10 00:00:37,507 [pool-87-thread-1] INFO  server.RaftServerConfigKeys (ConfUtils.java:logGet(43)) - raft.server.rpcslowness.timeout = 120s (custom)
2019-10-10 00:00:37,507 [pool-87-thread-1] INFO  server.RaftServerConfigKeys (ConfUtils.java:logGet(43)) - raft.server.sleep.deviation.threshold = 300 (default)
2019-10-10 00:00:37,507 [pool-87-thread-1] INFO  server.RaftServerConfigKeys (ConfUtils.java:logGet(43)) - raft.server.log.appender.install.snapshot.enabled = false (custom)
2019-10-10 00:00:37,507 [pool-87-thread-1] INFO  impl.RaftServerImpl (ServerState.java:<init>(103)) - 4808dac8-c899-40b2-85de-0feef9b59caa@group-B2990AEFC048: ConfigurationManager, init=-1: [4808dac8-c899-40b2-85de-0feef9b59caa:192.168.5.166:41801, fc8096d7-9d86-4d26-87c6-cf6d344fbedb:192.168.5.166:33290, 76f4bde4-dad5-4a03-9d33-b63c46310e66:192.168.5.166:35485], old=null, confs=<EMPTY_MAP>
2019-10-10 00:00:37,508 [pool-87-thread-1] INFO  server.RaftServerConfigKeys (ConfUtils.java:logGet(43)) - raft.server.storage.dir = [/workdir/hadoop-ozone/integration-test/target/test-dir/MiniOzoneClusterImpl-8984d707-b3d2-42d5-a334-f25a69bbeeeb/datanode-6/data/ratis] (custom)
2019-10-10 00:00:37,508 [pool-87-thread-1] INFO  server.RaftServerConfigKeys (ConfUtils.java:logGet(43)) - raft.server.log.corruption.policy = EXCEPTION (default)
2019-10-10 00:00:37,508 [pool-87-thread-1] INFO  storage.RaftStorageDirectory (RaftStorageDirectory.java:analyzeStorage(246)) - The storage directory /workdir/hadoop-ozone/integration-test/target/test-dir/MiniOzoneClusterImpl-8984d707-b3d2-42d5-a334-f25a69bbeeeb/datanode-6/data/ratis/5b89882b-8e88-4482-9cd8-b2990aefc048 does not exist. Creating ...
2019-10-10 00:00:37,520 [pool-67-thread-1] INFO  storage.RaftStorageDirectory (RaftStorageDirectory.java:tryLock(328)) - Lock on /workdir/hadoop-ozone/integration-test/target/test-dir/MiniOzoneClusterImpl-8984d707-b3d2-42d5-a334-f25a69bbeeeb/datanode-4/data/ratis/5b89882b-8e88-4482-9cd8-b2990aefc048/in_use.lock acquired by nodename 904@pr-hdds-1868-fg6nx-4263576025
2019-10-10 00:00:37,520 [pool-87-thread-1] INFO  storage.RaftStorageDirectory (RaftStorageDirectory.java:tryLock(328)) - Lock on /workdir/hadoop-ozone/integration-test/target/test-dir/MiniOzoneClusterImpl-8984d707-b3d2-42d5-a334-f25a69bbeeeb/datanode-6/data/ratis/5b89882b-8e88-4482-9cd8-b2990aefc048/in_use.lock acquired by nodename 904@pr-hdds-1868-fg6nx-4263576025
2019-10-10 00:00:37,520 [pool-77-thread-1] INFO  storage.RaftStorageDirectory (RaftStorageDirectory.java:tryLock(328)) - Lock on /workdir/hadoop-ozone/integration-test/target/test-dir/MiniOzoneClusterImpl-8984d707-b3d2-42d5-a334-f25a69bbeeeb/datanode-5/data/ratis/5b89882b-8e88-4482-9cd8-b2990aefc048/in_use.lock acquired by nodename 904@pr-hdds-1868-fg6nx-4263576025
2019-10-10 00:00:37,533 [pool-77-thread-1] INFO  storage.RaftStorage (RaftStorage.java:format(84)) - Storage directory /workdir/hadoop-ozone/integration-test/target/test-dir/MiniOzoneClusterImpl-8984d707-b3d2-42d5-a334-f25a69bbeeeb/datanode-5/data/ratis/5b89882b-8e88-4482-9cd8-b2990aefc048 has been successfully formatted.
2019-10-10 00:00:37,533 [pool-67-thread-1] INFO  storage.RaftStorage (RaftStorage.java:format(84)) - Storage directory /workdir/hadoop-ozone/integration-test/target/test-dir/MiniOzoneClusterImpl-8984d707-b3d2-42d5-a334-f25a69bbeeeb/datanode-4/data/ratis/5b89882b-8e88-4482-9cd8-b2990aefc048 has been successfully formatted.
2019-10-10 00:00:37,533 [pool-87-thread-1] INFO  storage.RaftStorage (RaftStorage.java:format(84)) - Storage directory /workdir/hadoop-ozone/integration-test/target/test-dir/MiniOzoneClusterImpl-8984d707-b3d2-42d5-a334-f25a69bbeeeb/datanode-6/data/ratis/5b89882b-8e88-4482-9cd8-b2990aefc048 has been successfully formatted.
2019-10-10 00:00:37,534 [pool-77-thread-1] INFO  ratis.ContainerStateMachine (ContainerStateMachine.java:loadSnapshot(233)) - group-B2990AEFC048: The snapshot info is null. Setting the last applied indexto:(t:0, i:~)
2019-10-10 00:00:37,534 [pool-67-thread-1] INFO  ratis.ContainerStateMachine (ContainerStateMachine.java:loadSnapshot(233)) - group-B2990AEFC048: The snapshot info is null. Setting the last applied indexto:(t:0, i:~)
2019-10-10 00:00:37,534 [pool-87-thread-1] INFO  ratis.ContainerStateMachine (ContainerStateMachine.java:loadSnapshot(233)) - group-B2990AEFC048: The snapshot info is null. Setting the last applied indexto:(t:0, i:~)
2019-10-10 00:00:37,534 [pool-77-thread-1] INFO  server.RaftServerConfigKeys (ConfUtils.java:logGet(43)) - raft.server.notification.no-leader.timeout = 120s (custom)
2019-10-10 00:00:37,535 [pool-87-thread-1] INFO  server.RaftServerConfigKeys (ConfUtils.java:logGet(43)) - raft.server.notification.no-leader.timeout = 120s (custom)
2019-10-10 00:00:37,535 [pool-67-thread-1] INFO  server.RaftServerConfigKeys (ConfUtils.java:logGet(43)) - raft.server.notification.no-leader.timeout = 120s (custom)
2019-10-10 00:00:37,535 [pool-87-thread-1] INFO  server.RaftServerConfigKeys (ConfUtils.java:logGet(43)) - raft.server.log.use.memory = false (default)
2019-10-10 00:00:37,535 [pool-77-thread-1] INFO  server.RaftServerConfigKeys (ConfUtils.java:logGet(43)) - raft.server.log.use.memory = false (default)
2019-10-10 00:00:37,535 [pool-67-thread-1] INFO  server.RaftServerConfigKeys (ConfUtils.java:logGet(43)) - raft.server.log.use.memory = false (default)
2019-10-10 00:00:37,535 [pool-77-thread-1] INFO  server.RaftServerConfigKeys (ConfUtils.java:logGet(43)) - raft.server.log.purge.gap = 1000000 (custom)
2019-10-10 00:00:37,535 [pool-87-thread-1] INFO  server.RaftServerConfigKeys (ConfUtils.java:logGet(43)) - raft.server.log.purge.gap = 1000000 (custom)
2019-10-10 00:00:37,536 [pool-77-thread-1] INFO  server.RaftServerConfigKeys (ConfUtils.java:logGet(43)) - raft.server.log.appender.buffer.byte-limit = 33554432 (custom)
2019-10-10 00:00:37,535 [pool-67-thread-1] INFO  server.RaftServerConfigKeys (ConfUtils.java:logGet(43)) - raft.server.log.purge.gap = 1000000 (custom)
2019-10-10 00:00:37,536 [pool-77-thread-1] INFO  server.RaftServerConfigKeys (ConfUtils.java:logGet(43)) - raft.server.log.segment.size.max = 1048576 (custom)
2019-10-10 00:00:37,536 [pool-87-thread-1] INFO  server.RaftServerConfigKeys (ConfUtils.java:logGet(43)) - raft.server.log.appender.buffer.byte-limit = 33554432 (custom)
2019-10-10 00:00:37,536 [pool-77-thread-1] INFO  server.RaftServerConfigKeys (ConfUtils.java:logGet(43)) - raft.server.log.segment.cache.num.max = 2 (custom)
2019-10-10 00:00:37,536 [pool-67-thread-1] INFO  server.RaftServerConfigKeys (ConfUtils.java:logGet(43)) - raft.server.log.appender.buffer.byte-limit = 33554432 (custom)
2019-10-10 00:00:37,536 [pool-77-thread-1] INFO  segmented.SegmentedRaftLogWorker (SegmentedRaftLogWorker.java:<init>(173)) - new 76f4bde4-dad5-4a03-9d33-b63c46310e66@group-B2990AEFC048-SegmentedRaftLogWorker for RaftStorage:Storage Directory /workdir/hadoop-ozone/integration-test/target/test-dir/MiniOzoneClusterImpl-8984d707-b3d2-42d5-a334-f25a69bbeeeb/datanode-5/data/ratis/5b89882b-8e88-4482-9cd8-b2990aefc048
2019-10-10 00:00:37,536 [pool-87-thread-1] INFO  server.RaftServerConfigKeys (ConfUtils.java:logGet(43)) - raft.server.log.segment.size.max = 1048576 (custom)
2019-10-10 00:00:37,537 [pool-77-thread-1] INFO  server.RaftServerConfigKeys (ConfUtils.java:logGet(43)) - raft.server.log.queue.byte-limit = 2147483647 (custom)
2019-10-10 00:00:37,536 [pool-67-thread-1] INFO  server.RaftServerConfigKeys (ConfUtils.java:logGet(43)) - raft.server.log.segment.size.max = 1048576 (custom)
2019-10-10 00:00:37,537 [pool-77-thread-1] INFO  server.RaftServerConfigKeys (ConfUtils.java:logGet(43)) - raft.server.log.queue.element-limit = 1024 (custom)
2019-10-10 00:00:37,537 [pool-87-thread-1] INFO  server.RaftServerConfigKeys (ConfUtils.java:logGet(43)) - raft.server.log.segment.cache.num.max = 2 (custom)
2019-10-10 00:00:37,537 [pool-77-thread-1] INFO  server.RaftServerConfigKeys (ConfUtils.java:logGet(43)) - raft.server.log.segment.size.max = 1048576 (custom)
2019-10-10 00:00:37,537 [pool-67-thread-1] INFO  server.RaftServerConfigKeys (ConfUtils.java:logGet(43)) - raft.server.log.segment.cache.num.max = 2 (custom)
2019-10-10 00:00:37,537 [pool-77-thread-1] INFO  server.RaftServerConfigKeys (ConfUtils.java:logGet(43)) - raft.server.log.preallocated.size = 16384 (custom)
2019-10-10 00:00:37,537 [pool-87-thread-1] INFO  segmented.SegmentedRaftLogWorker (SegmentedRaftLogWorker.java:<init>(173)) - new 4808dac8-c899-40b2-85de-0feef9b59caa@group-B2990AEFC048-SegmentedRaftLogWorker for RaftStorage:Storage Directory /workdir/hadoop-ozone/integration-test/target/test-dir/MiniOzoneClusterImpl-8984d707-b3d2-42d5-a334-f25a69bbeeeb/datanode-6/data/ratis/5b89882b-8e88-4482-9cd8-b2990aefc048
2019-10-10 00:00:37,538 [pool-77-thread-1] INFO  server.RaftServerConfigKeys (ConfUtils.java:logGet(43)) - raft.server.log.write.buffer.size = 33554432 (custom)
2019-10-10 00:00:37,537 [pool-67-thread-1] INFO  segmented.SegmentedRaftLogWorker (SegmentedRaftLogWorker.java:<init>(173)) - new fc8096d7-9d86-4d26-87c6-cf6d344fbedb@group-B2990AEFC048-SegmentedRaftLogWorker for RaftStorage:Storage Directory /workdir/hadoop-ozone/integration-test/target/test-dir/MiniOzoneClusterImpl-8984d707-b3d2-42d5-a334-f25a69bbeeeb/datanode-4/data/ratis/5b89882b-8e88-4482-9cd8-b2990aefc048
2019-10-10 00:00:37,538 [pool-77-thread-1] INFO  server.RaftServerConfigKeys (ConfUtils.java:logGet(43)) - raft.server.log.force.sync.num = 128 (default)
2019-10-10 00:00:37,538 [pool-87-thread-1] INFO  server.RaftServerConfigKeys (ConfUtils.java:logGet(43)) - raft.server.log.queue.byte-limit = 2147483647 (custom)
2019-10-10 00:00:37,538 [pool-77-thread-1] INFO  server.RaftServerConfigKeys (ConfUtils.java:logGet(43)) - raft.server.log.statemachine.data.sync = true (default)
2019-10-10 00:00:37,538 [pool-67-thread-1] INFO  server.RaftServerConfigKeys (ConfUtils.java:logGet(43)) - raft.server.log.queue.byte-limit = 2147483647 (custom)
2019-10-10 00:00:37,538 [pool-77-thread-1] INFO  server.RaftServerConfigKeys (ConfUtils.java:logGet(43)) - raft.server.log.statemachine.data.sync.timeout = 10s (default)
2019-10-10 00:00:37,538 [pool-87-thread-1] INFO  server.RaftServerConfigKeys (ConfUtils.java:logGet(43)) - raft.server.log.queue.element-limit = 1024 (custom)
2019-10-10 00:00:37,538 [pool-77-thread-1] INFO  server.RaftServerConfigKeys (ConfUtils.java:logGet(43)) - raft.server.log.statemachine.data.sync.timeout.retry = -1 (default)
2019-10-10 00:00:37,538 [pool-67-thread-1] INFO  server.RaftServerConfigKeys (ConfUtils.java:logGet(43)) - raft.server.log.queue.element-limit = 1024 (custom)
2019-10-10 00:00:37,539 [pool-87-thread-1] INFO  server.RaftServerConfigKeys (ConfUtils.java:logGet(43)) - raft.server.log.segment.size.max = 1048576 (custom)
2019-10-10 00:00:37,539 [pool-77-thread-1] INFO  server.RaftServerConfigKeys (ConfUtils.java:logGet(43)) - raft.server.log.statemachine.data.caching.enabled = true (custom)
2019-10-10 00:00:37,539 [pool-87-thread-1] INFO  server.RaftServerConfigKeys (ConfUtils.java:logGet(43)) - raft.server.log.preallocated.size = 16384 (custom)
2019-10-10 00:00:37,539 [pool-67-thread-1] INFO  server.RaftServerConfigKeys (ConfUtils.java:logGet(43)) - raft.server.log.segment.size.max = 1048576 (custom)
2019-10-10 00:00:37,539 [pool-87-thread-1] INFO  server.RaftServerConfigKeys (ConfUtils.java:logGet(43)) - raft.server.log.write.buffer.size = 33554432 (custom)
2019-10-10 00:00:37,539 [pool-77-thread-1] INFO  segmented.SegmentedRaftLogWorker (SegmentedRaftLogWorker.java:lambda$new$0(128)) - 76f4bde4-dad5-4a03-9d33-b63c46310e66@group-B2990AEFC048-SegmentedRaftLogWorker: flushIndex: setUnconditionally 0 -> -1
2019-10-10 00:00:37,539 [pool-67-thread-1] INFO  server.RaftServerConfigKeys (ConfUtils.java:logGet(43)) - raft.server.log.preallocated.size = 16384 (custom)
2019-10-10 00:00:37,539 [pool-87-thread-1] INFO  server.RaftServerConfigKeys (ConfUtils.java:logGet(43)) - raft.server.log.force.sync.num = 128 (default)
2019-10-10 00:00:37,540 [pool-77-thread-1] INFO  server.RaftServerConfigKeys (ConfUtils.java:logGet(43)) - raft.server.snapshot.auto.trigger.enabled = true (custom)
2019-10-10 00:00:37,540 [pool-67-thread-1] INFO  server.RaftServerConfigKeys (ConfUtils.java:logGet(43)) - raft.server.log.write.buffer.size = 33554432 (custom)
2019-10-10 00:00:37,540 [pool-77-thread-1] INFO  server.RaftServerConfigKeys (ConfUtils.java:logGet(43)) - raft.server.snapshot.auto.trigger.threshold = 10000 (custom)
2019-10-10 00:00:37,540 [pool-87-thread-1] INFO  server.RaftServerConfigKeys (ConfUtils.java:logGet(43)) - raft.server.log.statemachine.data.sync = true (default)
2019-10-10 00:00:37,540 [pool-77-thread-1] INFO  server.RaftServerConfigKeys (ConfUtils.java:logGet(43)) - raft.server.snapshot.retention.file.num = 5 (custom)
2019-10-10 00:00:37,540 [pool-67-thread-1] INFO  server.RaftServerConfigKeys (ConfUtils.java:logGet(43)) - raft.server.log.force.sync.num = 128 (default)
2019-10-10 00:00:37,540 [pool-77-thread-1] INFO  server.RaftServerConfigKeys (ConfUtils.java:logGet(43)) - raft.server.retrycache.expirytime = 600000ms (custom)
2019-10-10 00:00:37,540 [pool-87-thread-1] INFO  server.RaftServerConfigKeys (ConfUtils.java:logGet(43)) - raft.server.log.statemachine.data.sync.timeout = 10s (default)
2019-10-10 00:00:37,541 [pool-67-thread-1] INFO  server.RaftServerConfigKeys (ConfUtils.java:logGet(43)) - raft.server.log.statemachine.data.sync = true (default)
2019-10-10 00:00:37,541 [pool-87-thread-1] INFO  server.RaftServerConfigKeys (ConfUtils.java:logGet(43)) - raft.server.log.statemachine.data.sync.timeout.retry = -1 (default)
2019-10-10 00:00:37,541 [pool-67-thread-1] INFO  server.RaftServerConfigKeys (ConfUtils.java:logGet(43)) - raft.server.log.statemachine.data.sync.timeout = 10s (default)
2019-10-10 00:00:37,541 [pool-87-thread-1] INFO  server.RaftServerConfigKeys (ConfUtils.java:logGet(43)) - raft.server.log.statemachine.data.caching.enabled = true (custom)
2019-10-10 00:00:37,541 [pool-67-thread-1] INFO  server.RaftServerConfigKeys (ConfUtils.java:logGet(43)) - raft.server.log.statemachine.data.sync.timeout.retry = -1 (default)
2019-10-10 00:00:37,542 [pool-67-thread-1] INFO  server.RaftServerConfigKeys (ConfUtils.java:logGet(43)) - raft.server.log.statemachine.data.caching.enabled = true (custom)
2019-10-10 00:00:37,542 [pool-87-thread-1] INFO  segmented.SegmentedRaftLogWorker (SegmentedRaftLogWorker.java:lambda$new$0(128)) - 4808dac8-c899-40b2-85de-0feef9b59caa@group-B2990AEFC048-SegmentedRaftLogWorker: flushIndex: setUnconditionally 0 -> -1
2019-10-10 00:00:37,542 [pool-67-thread-1] INFO  segmented.SegmentedRaftLogWorker (SegmentedRaftLogWorker.java:lambda$new$0(128)) - fc8096d7-9d86-4d26-87c6-cf6d344fbedb@group-B2990AEFC048-SegmentedRaftLogWorker: flushIndex: setUnconditionally 0 -> -1
2019-10-10 00:00:37,542 [pool-87-thread-1] INFO  server.RaftServerConfigKeys (ConfUtils.java:logGet(43)) - raft.server.snapshot.auto.trigger.enabled = true (custom)
2019-10-10 00:00:37,542 [pool-67-thread-1] INFO  server.RaftServerConfigKeys (ConfUtils.java:logGet(43)) - raft.server.snapshot.auto.trigger.enabled = true (custom)
2019-10-10 00:00:37,543 [pool-87-thread-1] INFO  server.RaftServerConfigKeys (ConfUtils.java:logGet(43)) - raft.server.snapshot.auto.trigger.threshold = 10000 (custom)
2019-10-10 00:00:37,543 [pool-67-thread-1] INFO  server.RaftServerConfigKeys (ConfUtils.java:logGet(43)) - raft.server.snapshot.auto.trigger.threshold = 10000 (custom)
2019-10-10 00:00:37,543 [pool-87-thread-1] INFO  server.RaftServerConfigKeys (ConfUtils.java:logGet(43)) - raft.server.snapshot.retention.file.num = 5 (custom)
2019-10-10 00:00:37,543 [pool-67-thread-1] INFO  server.RaftServerConfigKeys (ConfUtils.java:logGet(43)) - raft.server.snapshot.retention.file.num = 5 (custom)
2019-10-10 00:00:37,543 [pool-87-thread-1] INFO  server.RaftServerConfigKeys (ConfUtils.java:logGet(43)) - raft.server.retrycache.expirytime = 600000ms (custom)
2019-10-10 00:00:37,543 [pool-67-thread-1] INFO  server.RaftServerConfigKeys (ConfUtils.java:logGet(43)) - raft.server.retrycache.expirytime = 600000ms (custom)
2019-10-10 00:00:37,547 [pool-77-thread-1] INFO  impl.RaftServerImpl (RaftServerImpl.java:start(181)) - 76f4bde4-dad5-4a03-9d33-b63c46310e66@group-B2990AEFC048: start as a follower, conf=-1: [4808dac8-c899-40b2-85de-0feef9b59caa:192.168.5.166:41801, fc8096d7-9d86-4d26-87c6-cf6d344fbedb:192.168.5.166:33290, 76f4bde4-dad5-4a03-9d33-b63c46310e66:192.168.5.166:35485], old=null
2019-10-10 00:00:37,547 [pool-77-thread-1] INFO  impl.RaftServerImpl (RaftServerImpl.java:setRole(170)) - 76f4bde4-dad5-4a03-9d33-b63c46310e66@group-B2990AEFC048: changes role from      null to FOLLOWER at term 0 for startAsFollower
2019-10-10 00:00:37,547 [pool-77-thread-1] INFO  impl.RoleInfo (RoleInfo.java:updateAndGet(143)) - 76f4bde4-dad5-4a03-9d33-b63c46310e66: start FollowerState
2019-10-10 00:00:37,548 [pool-87-thread-1] INFO  impl.RaftServerImpl (RaftServerImpl.java:start(181)) - 4808dac8-c899-40b2-85de-0feef9b59caa@group-B2990AEFC048: start as a follower, conf=-1: [4808dac8-c899-40b2-85de-0feef9b59caa:192.168.5.166:41801, fc8096d7-9d86-4d26-87c6-cf6d344fbedb:192.168.5.166:33290, 76f4bde4-dad5-4a03-9d33-b63c46310e66:192.168.5.166:35485], old=null
2019-10-10 00:00:37,548 [pool-77-thread-1] INFO  util.JmxRegister (JmxRegister.java:tryRegister(44)) - Successfully registered JMX Bean with object name Ratis:service=RaftServer,group=group-B2990AEFC048,id=76f4bde4-dad5-4a03-9d33-b63c46310e66
2019-10-10 00:00:37,548 [pool-67-thread-1] INFO  impl.RaftServerImpl (RaftServerImpl.java:start(181)) - fc8096d7-9d86-4d26-87c6-cf6d344fbedb@group-B2990AEFC048: start as a follower, conf=-1: [4808dac8-c899-40b2-85de-0feef9b59caa:192.168.5.166:41801, fc8096d7-9d86-4d26-87c6-cf6d344fbedb:192.168.5.166:33290, 76f4bde4-dad5-4a03-9d33-b63c46310e66:192.168.5.166:35485], old=null
2019-10-10 00:00:37,548 [pool-87-thread-1] INFO  impl.RaftServerImpl (RaftServerImpl.java:setRole(170)) - 4808dac8-c899-40b2-85de-0feef9b59caa@group-B2990AEFC048: changes role from      null to FOLLOWER at term 0 for startAsFollower
2019-10-10 00:00:37,548 [pool-67-thread-1] INFO  impl.RaftServerImpl (RaftServerImpl.java:setRole(170)) - fc8096d7-9d86-4d26-87c6-cf6d344fbedb@group-B2990AEFC048: changes role from      null to FOLLOWER at term 0 for startAsFollower
2019-10-10 00:00:37,548 [pool-87-thread-1] INFO  impl.RoleInfo (RoleInfo.java:updateAndGet(143)) - 4808dac8-c899-40b2-85de-0feef9b59caa: start FollowerState
2019-10-10 00:00:37,548 [pool-67-thread-1] INFO  impl.RoleInfo (RoleInfo.java:updateAndGet(143)) - fc8096d7-9d86-4d26-87c6-cf6d344fbedb: start FollowerState
2019-10-10 00:00:37,549 [pool-87-thread-1] INFO  util.JmxRegister (JmxRegister.java:tryRegister(44)) - Successfully registered JMX Bean with object name Ratis:service=RaftServer,group=group-B2990AEFC048,id=4808dac8-c899-40b2-85de-0feef9b59caa
2019-10-10 00:00:37,549 [pool-67-thread-1] INFO  util.JmxRegister (JmxRegister.java:tryRegister(44)) - Successfully registered JMX Bean with object name Ratis:service=RaftServer,group=group-B2990AEFC048,id=fc8096d7-9d86-4d26-87c6-cf6d344fbedb
2019-10-10 00:00:37,561 [RatisPipelineUtilsThread] INFO  pipeline.PipelineStateManager (PipelineStateManager.java:addPipeline(57)) - Created pipeline Pipeline[ Id: 5b89882b-8e88-4482-9cd8-b2990aefc048, Nodes: 4808dac8-c899-40b2-85de-0feef9b59caa{ip: 192.168.5.166, host: pr-hdds-1868-fg6nx-4263576025, networkLocation: /default-rack, certSerialId: null}fc8096d7-9d86-4d26-87c6-cf6d344fbedb{ip: 192.168.5.166, host: pr-hdds-1868-fg6nx-4263576025, networkLocation: /default-rack, certSerialId: null}76f4bde4-dad5-4a03-9d33-b63c46310e66{ip: 192.168.5.166, host: pr-hdds-1868-fg6nx-4263576025, networkLocation: /default-rack, certSerialId: null}, Type:RATIS, Factor:THREE, State:ALLOCATED]
2019-10-10 00:00:37,562 [Thread-238] INFO  pipeline.PipelineStateManager (PipelineStateManager.java:finalizePipeline(123)) - Pipeline Pipeline[ Id: 63a08f0e-9d7d-4a5c-a9a1-2d3354f0de7f, Nodes: 0679a6ad-56a1-41b2-83e1-15692bb468db{ip: 192.168.5.166, host: pr-hdds-1868-fg6nx-4263576025, networkLocation: /default-rack, certSerialId: null}46504f71-6b77-44e9-a2e5-588075dae190{ip: 192.168.5.166, host: pr-hdds-1868-fg6nx-4263576025, networkLocation: /default-rack, certSerialId: null}912b0bdb-3095-44f3-93c0-19702928d0ba{ip: 192.168.5.166, host: pr-hdds-1868-fg6nx-4263576025, networkLocation: /default-rack, certSerialId: null}, Type:RATIS, Factor:THREE, State:CLOSED] moved to CLOSED state
2019-10-10 00:00:37,588 [grpc-default-executor-2] INFO  impl.RaftServerProxy (RaftServerProxy.java:remove(95)) - 0679a6ad-56a1-41b2-83e1-15692bb468db: remove  FOLLOWER 0679a6ad-56a1-41b2-83e1-15692bb468db@group-2D3354F0DE7F:t0, leader=null, voted=null, raftlog=0679a6ad-56a1-41b2-83e1-15692bb468db@group-2D3354F0DE7F-SegmentedRaftLog:OPENED:c-1,f-1,i0, conf=-1: [912b0bdb-3095-44f3-93c0-19702928d0ba:192.168.5.166:42393, 0679a6ad-56a1-41b2-83e1-15692bb468db:192.168.5.166:38134, 46504f71-6b77-44e9-a2e5-588075dae190:192.168.5.166:44353], old=null RUNNING
2019-10-10 00:00:37,589 [grpc-default-executor-2] INFO  impl.RaftServerImpl (RaftServerImpl.java:lambda$shutdown$3(247)) - 0679a6ad-56a1-41b2-83e1-15692bb468db@group-2D3354F0DE7F: shutdown
2019-10-10 00:00:37,590 [grpc-default-executor-2] INFO  util.JmxRegister (JmxRegister.java:unregister(73)) - Successfully un-registered JMX Bean with object name Ratis:service=RaftServer,group=group-2D3354F0DE7F,id=0679a6ad-56a1-41b2-83e1-15692bb468db
2019-10-10 00:00:37,590 [grpc-default-executor-2] INFO  impl.RoleInfo (RoleInfo.java:shutdownFollowerState(121)) - 0679a6ad-56a1-41b2-83e1-15692bb468db: shutdown FollowerState
2019-10-10 00:00:37,590 [grpc-default-executor-2] INFO  impl.StateMachineUpdater (StateMachineUpdater.java:stopAndJoin(136)) - 0679a6ad-56a1-41b2-83e1-15692bb468db@group-2D3354F0DE7F-StateMachineUpdater: set stopIndex = -1
2019-10-10 00:00:37,590 [Thread-265] INFO  impl.FollowerState (FollowerState.java:run(117)) - 0679a6ad-56a1-41b2-83e1-15692bb468db@group-2D3354F0DE7F-FollowerState was interrupted: java.lang.InterruptedException: sleep interrupted
2019-10-10 00:00:37,591 [grpc-default-executor-2] INFO  impl.RaftServerImpl (ServerState.java:close(387)) - 0679a6ad-56a1-41b2-83e1-15692bb468db@group-2D3354F0DE7F: closes. applyIndex: -1
2019-10-10 00:00:37,593 [0679a6ad-56a1-41b2-83e1-15692bb468db@group-2D3354F0DE7F-SegmentedRaftLogWorker] INFO  segmented.SegmentedRaftLogWorker (SegmentedRaftLogWorker.java:run(316)) - 0679a6ad-56a1-41b2-83e1-15692bb468db@group-2D3354F0DE7F-SegmentedRaftLogWorker was interrupted, exiting. There are 0 tasks remaining in the queue.
2019-10-10 00:00:37,593 [grpc-default-executor-2] INFO  segmented.SegmentedRaftLogWorker (SegmentedRaftLogWorker.java:close(224)) - 0679a6ad-56a1-41b2-83e1-15692bb468db@group-2D3354F0DE7F-SegmentedRaftLogWorker close()
2019-10-10 00:00:37,623 [grpc-default-executor-2] INFO  impl.RaftServerProxy (RaftServerProxy.java:remove(95)) - 46504f71-6b77-44e9-a2e5-588075dae190: remove  FOLLOWER 46504f71-6b77-44e9-a2e5-588075dae190@group-2D3354F0DE7F:t0, leader=null, voted=null, raftlog=46504f71-6b77-44e9-a2e5-588075dae190@group-2D3354F0DE7F-SegmentedRaftLog:OPENED:c-1,f-1,i0, conf=-1: [912b0bdb-3095-44f3-93c0-19702928d0ba:192.168.5.166:42393, 0679a6ad-56a1-41b2-83e1-15692bb468db:192.168.5.166:38134, 46504f71-6b77-44e9-a2e5-588075dae190:192.168.5.166:44353], old=null RUNNING
2019-10-10 00:00:37,623 [grpc-default-executor-2] INFO  impl.RaftServerImpl (RaftServerImpl.java:lambda$shutdown$3(247)) - 46504f71-6b77-44e9-a2e5-588075dae190@group-2D3354F0DE7F: shutdown
2019-10-10 00:00:37,624 [grpc-default-executor-2] INFO  util.JmxRegister (JmxRegister.java:unregister(73)) - Successfully un-registered JMX Bean with object name Ratis:service=RaftServer,group=group-2D3354F0DE7F,id=46504f71-6b77-44e9-a2e5-588075dae190
2019-10-10 00:00:37,624 [grpc-default-executor-2] INFO  impl.RoleInfo (RoleInfo.java:shutdownFollowerState(121)) - 46504f71-6b77-44e9-a2e5-588075dae190: shutdown FollowerState
2019-10-10 00:00:37,624 [grpc-default-executor-2] INFO  impl.StateMachineUpdater (StateMachineUpdater.java:stopAndJoin(136)) - 46504f71-6b77-44e9-a2e5-588075dae190@group-2D3354F0DE7F-StateMachineUpdater: set stopIndex = -1
2019-10-10 00:00:37,624 [Thread-263] INFO  impl.FollowerState (FollowerState.java:run(117)) - 46504f71-6b77-44e9-a2e5-588075dae190@group-2D3354F0DE7F-FollowerState was interrupted: java.lang.InterruptedException: sleep interrupted
2019-10-10 00:00:37,626 [grpc-default-executor-2] INFO  impl.RaftServerImpl (ServerState.java:close(387)) - 46504f71-6b77-44e9-a2e5-588075dae190@group-2D3354F0DE7F: closes. applyIndex: -1
2019-10-10 00:00:37,628 [46504f71-6b77-44e9-a2e5-588075dae190@group-2D3354F0DE7F-SegmentedRaftLogWorker] INFO  segmented.SegmentedRaftLogWorker (SegmentedRaftLogWorker.java:run(316)) - 46504f71-6b77-44e9-a2e5-588075dae190@group-2D3354F0DE7F-SegmentedRaftLogWorker was interrupted, exiting. There are 0 tasks remaining in the queue.
2019-10-10 00:00:37,628 [grpc-default-executor-2] INFO  segmented.SegmentedRaftLogWorker (SegmentedRaftLogWorker.java:close(224)) - 46504f71-6b77-44e9-a2e5-588075dae190@group-2D3354F0DE7F-SegmentedRaftLogWorker close()
2019-10-10 00:00:37,646 [grpc-default-executor-2] INFO  impl.RaftServerProxy (RaftServerProxy.java:remove(95)) - 912b0bdb-3095-44f3-93c0-19702928d0ba: remove  FOLLOWER 912b0bdb-3095-44f3-93c0-19702928d0ba@group-2D3354F0DE7F:t0, leader=null, voted=null, raftlog=912b0bdb-3095-44f3-93c0-19702928d0ba@group-2D3354F0DE7F-SegmentedRaftLog:OPENED:c-1,f-1,i0, conf=-1: [912b0bdb-3095-44f3-93c0-19702928d0ba:192.168.5.166:42393, 0679a6ad-56a1-41b2-83e1-15692bb468db:192.168.5.166:38134, 46504f71-6b77-44e9-a2e5-588075dae190:192.168.5.166:44353], old=null RUNNING
2019-10-10 00:00:37,647 [grpc-default-executor-2] INFO  impl.RaftServerImpl (RaftServerImpl.java:lambda$shutdown$3(247)) - 912b0bdb-3095-44f3-93c0-19702928d0ba@group-2D3354F0DE7F: shutdown
2019-10-10 00:00:37,647 [grpc-default-executor-2] INFO  util.JmxRegister (JmxRegister.java:unregister(73)) - Successfully un-registered JMX Bean with object name Ratis:service=RaftServer,group=group-2D3354F0DE7F,id=912b0bdb-3095-44f3-93c0-19702928d0ba
2019-10-10 00:00:37,647 [grpc-default-executor-2] INFO  impl.RoleInfo (RoleInfo.java:shutdownFollowerState(121)) - 912b0bdb-3095-44f3-93c0-19702928d0ba: shutdown FollowerState
2019-10-10 00:00:37,647 [grpc-default-executor-2] INFO  impl.StateMachineUpdater (StateMachineUpdater.java:stopAndJoin(136)) - 912b0bdb-3095-44f3-93c0-19702928d0ba@group-2D3354F0DE7F-StateMachineUpdater: set stopIndex = -1
2019-10-10 00:00:37,647 [Thread-264] INFO  impl.FollowerState (FollowerState.java:run(117)) - 912b0bdb-3095-44f3-93c0-19702928d0ba@group-2D3354F0DE7F-FollowerState was interrupted: java.lang.InterruptedException: sleep interrupted
2019-10-10 00:00:37,648 [grpc-default-executor-2] INFO  impl.RaftServerImpl (ServerState.java:close(387)) - 912b0bdb-3095-44f3-93c0-19702928d0ba@group-2D3354F0DE7F: closes. applyIndex: -1
2019-10-10 00:00:37,650 [912b0bdb-3095-44f3-93c0-19702928d0ba@group-2D3354F0DE7F-SegmentedRaftLogWorker] INFO  segmented.SegmentedRaftLogWorker (SegmentedRaftLogWorker.java:run(316)) - 912b0bdb-3095-44f3-93c0-19702928d0ba@group-2D3354F0DE7F-SegmentedRaftLogWorker was interrupted, exiting. There are 0 tasks remaining in the queue.
2019-10-10 00:00:37,650 [grpc-default-executor-2] INFO  segmented.SegmentedRaftLogWorker (SegmentedRaftLogWorker.java:close(224)) - 912b0bdb-3095-44f3-93c0-19702928d0ba@group-2D3354F0DE7F-SegmentedRaftLogWorker close()
2019-10-10 00:00:37,657 [Thread-238] INFO  pipeline.PipelineStateManager (PipelineStateManager.java:removePipeline(108)) - Pipeline Pipeline[ Id: 63a08f0e-9d7d-4a5c-a9a1-2d3354f0de7f, Nodes: 0679a6ad-56a1-41b2-83e1-15692bb468db{ip: 192.168.5.166, host: pr-hdds-1868-fg6nx-4263576025, networkLocation: /default-rack, certSerialId: null}46504f71-6b77-44e9-a2e5-588075dae190{ip: 192.168.5.166, host: pr-hdds-1868-fg6nx-4263576025, networkLocation: /default-rack, certSerialId: null}912b0bdb-3095-44f3-93c0-19702928d0ba{ip: 192.168.5.166, host: pr-hdds-1868-fg6nx-4263576025, networkLocation: /default-rack, certSerialId: null}, Type:RATIS, Factor:THREE, State:CLOSED] removed from db
2019-10-10 00:00:37,657 [Thread-238] INFO  pipeline.SCMPipelineManager (SCMPipelineManager.java:finalizeAndDestroyPipeline(315)) - destroying pipeline:Pipeline[ Id: b35556da-0cc9-44e8-908b-e30bfc21e68c, Nodes: 46504f71-6b77-44e9-a2e5-588075dae190{ip: 192.168.5.166, host: pr-hdds-1868-fg6nx-4263576025, networkLocation: /default-rack, certSerialId: null}, Type:RATIS, Factor:ONE, State:ALLOCATED]
2019-10-10 00:00:37,673 [grpc-default-executor-1] INFO  impl.RaftServerProxy (RaftServerProxy.java:addNew(89)) - 0679a6ad-56a1-41b2-83e1-15692bb468db: addNew group-D12770000C91:[912b0bdb-3095-44f3-93c0-19702928d0ba:192.168.5.166:42393, 0679a6ad-56a1-41b2-83e1-15692bb468db:192.168.5.166:38134, 46504f71-6b77-44e9-a2e5-588075dae190:192.168.5.166:44353] returns group-D12770000C91:java.util.concurrent.CompletableFuture@33d65567[Not completed]
2019-10-10 00:00:37,673 [grpc-default-executor-2] INFO  impl.RaftServerProxy (RaftServerProxy.java:addNew(89)) - 912b0bdb-3095-44f3-93c0-19702928d0ba: addNew group-D12770000C91:[912b0bdb-3095-44f3-93c0-19702928d0ba:192.168.5.166:42393, 0679a6ad-56a1-41b2-83e1-15692bb468db:192.168.5.166:38134, 46504f71-6b77-44e9-a2e5-588075dae190:192.168.5.166:44353] returns group-D12770000C91:java.util.concurrent.CompletableFuture@1c27b20f[Not completed]
2019-10-10 00:00:37,674 [grpc-default-executor-0] INFO  impl.RaftServerProxy (RaftServerProxy.java:addNew(89)) - 46504f71-6b77-44e9-a2e5-588075dae190: addNew group-D12770000C91:[912b0bdb-3095-44f3-93c0-19702928d0ba:192.168.5.166:42393, 0679a6ad-56a1-41b2-83e1-15692bb468db:192.168.5.166:38134, 46504f71-6b77-44e9-a2e5-588075dae190:192.168.5.166:44353] returns group-D12770000C91:java.util.concurrent.CompletableFuture@16280b72[Not completed]
2019-10-10 00:00:37,677 [pool-57-thread-1] INFO  impl.RaftServerImpl (RaftServerImpl.java:<init>(95)) - 912b0bdb-3095-44f3-93c0-19702928d0ba: new RaftServerImpl for group-D12770000C91:[912b0bdb-3095-44f3-93c0-19702928d0ba:192.168.5.166:42393, 0679a6ad-56a1-41b2-83e1-15692bb468db:192.168.5.166:38134, 46504f71-6b77-44e9-a2e5-588075dae190:192.168.5.166:44353] with ContainerStateMachine:uninitialized
2019-10-10 00:00:37,678 [pool-57-thread-1] INFO  server.RaftServerConfigKeys (ConfUtils.java:logGet(43)) - raft.server.rpc.timeout.min = 5s (custom)
2019-10-10 00:00:37,678 [pool-57-thread-1] INFO  server.RaftServerConfigKeys (ConfUtils.java:logGet(43)) - raft.server.rpc.timeout.max = 5200ms (custom)
2019-10-10 00:00:37,678 [pool-57-thread-1] INFO  server.RaftServerConfigKeys (ConfUtils.java:logGet(43)) - raft.server.rpcslowness.timeout = 120s (custom)
2019-10-10 00:00:37,678 [pool-57-thread-1] INFO  server.RaftServerConfigKeys (ConfUtils.java:logGet(43)) - raft.server.sleep.deviation.threshold = 300 (default)
2019-10-10 00:00:37,678 [pool-57-thread-1] INFO  server.RaftServerConfigKeys (ConfUtils.java:logGet(43)) - raft.server.log.appender.install.snapshot.enabled = false (custom)
2019-10-10 00:00:37,678 [pool-57-thread-1] INFO  impl.RaftServerImpl (ServerState.java:<init>(103)) - 912b0bdb-3095-44f3-93c0-19702928d0ba@group-D12770000C91: ConfigurationManager, init=-1: [912b0bdb-3095-44f3-93c0-19702928d0ba:192.168.5.166:42393, 0679a6ad-56a1-41b2-83e1-15692bb468db:192.168.5.166:38134, 46504f71-6b77-44e9-a2e5-588075dae190:192.168.5.166:44353], old=null, confs=<EMPTY_MAP>
2019-10-10 00:00:37,678 [pool-37-thread-1] INFO  impl.RaftServerImpl (RaftServerImpl.java:<init>(95)) - 46504f71-6b77-44e9-a2e5-588075dae190: new RaftServerImpl for group-D12770000C91:[912b0bdb-3095-44f3-93c0-19702928d0ba:192.168.5.166:42393, 0679a6ad-56a1-41b2-83e1-15692bb468db:192.168.5.166:38134, 46504f71-6b77-44e9-a2e5-588075dae190:192.168.5.166:44353] with ContainerStateMachine:uninitialized
2019-10-10 00:00:37,678 [pool-57-thread-1] INFO  server.RaftServerConfigKeys (ConfUtils.java:logGet(43)) - raft.server.storage.dir = [/workdir/hadoop-ozone/integration-test/target/test-dir/MiniOzoneClusterImpl-8984d707-b3d2-42d5-a334-f25a69bbeeeb/datanode-3/data/ratis] (custom)
2019-10-10 00:00:37,678 [pool-37-thread-1] INFO  server.RaftServerConfigKeys (ConfUtils.java:logGet(43)) - raft.server.rpc.timeout.min = 5s (custom)
2019-10-10 00:00:37,679 [pool-37-thread-1] INFO  server.RaftServerConfigKeys (ConfUtils.java:logGet(43)) - raft.server.rpc.timeout.max = 5200ms (custom)
2019-10-10 00:00:37,679 [pool-57-thread-1] INFO  server.RaftServerConfigKeys (ConfUtils.java:logGet(43)) - raft.server.log.corruption.policy = EXCEPTION (default)
2019-10-10 00:00:37,679 [pool-37-thread-1] INFO  server.RaftServerConfigKeys (ConfUtils.java:logGet(43)) - raft.server.rpcslowness.timeout = 120s (custom)
2019-10-10 00:00:37,679 [pool-57-thread-1] INFO  storage.RaftStorageDirectory (RaftStorageDirectory.java:analyzeStorage(246)) - The storage directory /workdir/hadoop-ozone/integration-test/target/test-dir/MiniOzoneClusterImpl-8984d707-b3d2-42d5-a334-f25a69bbeeeb/datanode-3/data/ratis/168482ca-b1ec-45aa-825f-d12770000c91 does not exist. Creating ...
2019-10-10 00:00:37,679 [pool-37-thread-1] INFO  server.RaftServerConfigKeys (ConfUtils.java:logGet(43)) - raft.server.sleep.deviation.threshold = 300 (default)
2019-10-10 00:00:37,679 [pool-37-thread-1] INFO  server.RaftServerConfigKeys (ConfUtils.java:logGet(43)) - raft.server.log.appender.install.snapshot.enabled = false (custom)
2019-10-10 00:00:37,679 [pool-37-thread-1] INFO  impl.RaftServerImpl (ServerState.java:<init>(103)) - 46504f71-6b77-44e9-a2e5-588075dae190@group-D12770000C91: ConfigurationManager, init=-1: [912b0bdb-3095-44f3-93c0-19702928d0ba:192.168.5.166:42393, 0679a6ad-56a1-41b2-83e1-15692bb468db:192.168.5.166:38134, 46504f71-6b77-44e9-a2e5-588075dae190:192.168.5.166:44353], old=null, confs=<EMPTY_MAP>
2019-10-10 00:00:37,679 [pool-37-thread-1] INFO  server.RaftServerConfigKeys (ConfUtils.java:logGet(43)) - raft.server.storage.dir = [/workdir/hadoop-ozone/integration-test/target/test-dir/MiniOzoneClusterImpl-8984d707-b3d2-42d5-a334-f25a69bbeeeb/datanode-1/data/ratis] (custom)
2019-10-10 00:00:37,680 [pool-37-thread-1] INFO  server.RaftServerConfigKeys (ConfUtils.java:logGet(43)) - raft.server.log.corruption.policy = EXCEPTION (default)
2019-10-10 00:00:37,680 [pool-27-thread-1] INFO  impl.RaftServerImpl (RaftServerImpl.java:<init>(95)) - 0679a6ad-56a1-41b2-83e1-15692bb468db: new RaftServerImpl for group-D12770000C91:[912b0bdb-3095-44f3-93c0-19702928d0ba:192.168.5.166:42393, 0679a6ad-56a1-41b2-83e1-15692bb468db:192.168.5.166:38134, 46504f71-6b77-44e9-a2e5-588075dae190:192.168.5.166:44353] with ContainerStateMachine:uninitialized
2019-10-10 00:00:37,680 [pool-37-thread-1] INFO  storage.RaftStorageDirectory (RaftStorageDirectory.java:analyzeStorage(246)) - The storage directory /workdir/hadoop-ozone/integration-test/target/test-dir/MiniOzoneClusterImpl-8984d707-b3d2-42d5-a334-f25a69bbeeeb/datanode-1/data/ratis/168482ca-b1ec-45aa-825f-d12770000c91 does not exist. Creating ...
2019-10-10 00:00:37,680 [pool-27-thread-1] INFO  server.RaftServerConfigKeys (ConfUtils.java:logGet(43)) - raft.server.rpc.timeout.min = 5s (custom)
2019-10-10 00:00:37,680 [pool-27-thread-1] INFO  server.RaftServerConfigKeys (ConfUtils.java:logGet(43)) - raft.server.rpc.timeout.max = 5200ms (custom)
2019-10-10 00:00:37,680 [pool-27-thread-1] INFO  server.RaftServerConfigKeys (ConfUtils.java:logGet(43)) - raft.server.rpcslowness.timeout = 120s (custom)
2019-10-10 00:00:37,681 [pool-27-thread-1] INFO  server.RaftServerConfigKeys (ConfUtils.java:logGet(43)) - raft.server.sleep.deviation.threshold = 300 (default)
2019-10-10 00:00:37,681 [pool-27-thread-1] INFO  server.RaftServerConfigKeys (ConfUtils.java:logGet(43)) - raft.server.log.appender.install.snapshot.enabled = false (custom)
2019-10-10 00:00:37,681 [pool-27-thread-1] INFO  impl.RaftServerImpl (ServerState.java:<init>(103)) - 0679a6ad-56a1-41b2-83e1-15692bb468db@group-D12770000C91: ConfigurationManager, init=-1: [912b0bdb-3095-44f3-93c0-19702928d0ba:192.168.5.166:42393, 0679a6ad-56a1-41b2-83e1-15692bb468db:192.168.5.166:38134, 46504f71-6b77-44e9-a2e5-588075dae190:192.168.5.166:44353], old=null, confs=<EMPTY_MAP>
2019-10-10 00:00:37,681 [pool-27-thread-1] INFO  server.RaftServerConfigKeys (ConfUtils.java:logGet(43)) - raft.server.storage.dir = [/workdir/hadoop-ozone/integration-test/target/test-dir/MiniOzoneClusterImpl-8984d707-b3d2-42d5-a334-f25a69bbeeeb/datanode-0/data/ratis] (custom)
2019-10-10 00:00:37,682 [pool-27-thread-1] INFO  server.RaftServerConfigKeys (ConfUtils.java:logGet(43)) - raft.server.log.corruption.policy = EXCEPTION (default)
2019-10-10 00:00:37,682 [pool-27-thread-1] INFO  storage.RaftStorageDirectory (RaftStorageDirectory.java:analyzeStorage(246)) - The storage directory /workdir/hadoop-ozone/integration-test/target/test-dir/MiniOzoneClusterImpl-8984d707-b3d2-42d5-a334-f25a69bbeeeb/datanode-0/data/ratis/168482ca-b1ec-45aa-825f-d12770000c91 does not exist. Creating ...
2019-10-10 00:00:37,692 [pool-27-thread-1] INFO  storage.RaftStorageDirectory (RaftStorageDirectory.java:tryLock(328)) - Lock on /workdir/hadoop-ozone/integration-test/target/test-dir/MiniOzoneClusterImpl-8984d707-b3d2-42d5-a334-f25a69bbeeeb/datanode-0/data/ratis/168482ca-b1ec-45aa-825f-d12770000c91/in_use.lock acquired by nodename 904@pr-hdds-1868-fg6nx-4263576025
2019-10-10 00:00:37,692 [pool-57-thread-1] INFO  storage.RaftStorageDirectory (RaftStorageDirectory.java:tryLock(328)) - Lock on /workdir/hadoop-ozone/integration-test/target/test-dir/MiniOzoneClusterImpl-8984d707-b3d2-42d5-a334-f25a69bbeeeb/datanode-3/data/ratis/168482ca-b1ec-45aa-825f-d12770000c91/in_use.lock acquired by nodename 904@pr-hdds-1868-fg6nx-4263576025
2019-10-10 00:00:37,692 [pool-37-thread-1] INFO  storage.RaftStorageDirectory (RaftStorageDirectory.java:tryLock(328)) - Lock on /workdir/hadoop-ozone/integration-test/target/test-dir/MiniOzoneClusterImpl-8984d707-b3d2-42d5-a334-f25a69bbeeeb/datanode-1/data/ratis/168482ca-b1ec-45aa-825f-d12770000c91/in_use.lock acquired by nodename 904@pr-hdds-1868-fg6nx-4263576025
2019-10-10 00:00:37,706 [pool-37-thread-1] INFO  storage.RaftStorage (RaftStorage.java:format(84)) - Storage directory /workdir/hadoop-ozone/integration-test/target/test-dir/MiniOzoneClusterImpl-8984d707-b3d2-42d5-a334-f25a69bbeeeb/datanode-1/data/ratis/168482ca-b1ec-45aa-825f-d12770000c91 has been successfully formatted.
2019-10-10 00:00:37,706 [pool-27-thread-1] INFO  storage.RaftStorage (RaftStorage.java:format(84)) - Storage directory /workdir/hadoop-ozone/integration-test/target/test-dir/MiniOzoneClusterImpl-8984d707-b3d2-42d5-a334-f25a69bbeeeb/datanode-0/data/ratis/168482ca-b1ec-45aa-825f-d12770000c91 has been successfully formatted.
2019-10-10 00:00:37,706 [pool-57-thread-1] INFO  storage.RaftStorage (RaftStorage.java:format(84)) - Storage directory /workdir/hadoop-ozone/integration-test/target/test-dir/MiniOzoneClusterImpl-8984d707-b3d2-42d5-a334-f25a69bbeeeb/datanode-3/data/ratis/168482ca-b1ec-45aa-825f-d12770000c91 has been successfully formatted.
2019-10-10 00:00:37,707 [pool-37-thread-1] INFO  ratis.ContainerStateMachine (ContainerStateMachine.java:loadSnapshot(233)) - group-D12770000C91: The snapshot info is null. Setting the last applied indexto:(t:0, i:~)
2019-10-10 00:00:37,707 [pool-27-thread-1] INFO  ratis.ContainerStateMachine (ContainerStateMachine.java:loadSnapshot(233)) - group-D12770000C91: The snapshot info is null. Setting the last applied indexto:(t:0, i:~)
2019-10-10 00:00:37,707 [pool-37-thread-1] INFO  server.RaftServerConfigKeys (ConfUtils.java:logGet(43)) - raft.server.notification.no-leader.timeout = 120s (custom)
2019-10-10 00:00:37,707 [pool-57-thread-1] INFO  ratis.ContainerStateMachine (ContainerStateMachine.java:loadSnapshot(233)) - group-D12770000C91: The snapshot info is null. Setting the last applied indexto:(t:0, i:~)
2019-10-10 00:00:37,707 [pool-37-thread-1] INFO  server.RaftServerConfigKeys (ConfUtils.java:logGet(43)) - raft.server.log.use.memory = false (default)
2019-10-10 00:00:37,707 [pool-27-thread-1] INFO  server.RaftServerConfigKeys (ConfUtils.java:logGet(43)) - raft.server.notification.no-leader.timeout = 120s (custom)
2019-10-10 00:00:37,707 [pool-37-thread-1] INFO  server.RaftServerConfigKeys (ConfUtils.java:logGet(43)) - raft.server.log.purge.gap = 1000000 (custom)
2019-10-10 00:00:37,707 [pool-57-thread-1] INFO  server.RaftServerConfigKeys (ConfUtils.java:logGet(43)) - raft.server.notification.no-leader.timeout = 120s (custom)
2019-10-10 00:00:37,708 [pool-37-thread-1] INFO  server.RaftServerConfigKeys (ConfUtils.java:logGet(43)) - raft.server.log.appender.buffer.byte-limit = 33554432 (custom)
2019-10-10 00:00:37,707 [pool-27-thread-1] INFO  server.RaftServerConfigKeys (ConfUtils.java:logGet(43)) - raft.server.log.use.memory = false (default)
2019-10-10 00:00:37,708 [pool-37-thread-1] INFO  server.RaftServerConfigKeys (ConfUtils.java:logGet(43)) - raft.server.log.segment.size.max = 1048576 (custom)
2019-10-10 00:00:37,708 [pool-57-thread-1] INFO  server.RaftServerConfigKeys (ConfUtils.java:logGet(43)) - raft.server.log.use.memory = false (default)
2019-10-10 00:00:37,708 [pool-37-thread-1] INFO  server.RaftServerConfigKeys (ConfUtils.java:logGet(43)) - raft.server.log.segment.cache.num.max = 2 (custom)
2019-10-10 00:00:37,708 [pool-27-thread-1] INFO  server.RaftServerConfigKeys (ConfUtils.java:logGet(43)) - raft.server.log.purge.gap = 1000000 (custom)
2019-10-10 00:00:37,708 [pool-37-thread-1] INFO  segmented.SegmentedRaftLogWorker (SegmentedRaftLogWorker.java:<init>(173)) - new 46504f71-6b77-44e9-a2e5-588075dae190@group-D12770000C91-SegmentedRaftLogWorker for RaftStorage:Storage Directory /workdir/hadoop-ozone/integration-test/target/test-dir/MiniOzoneClusterImpl-8984d707-b3d2-42d5-a334-f25a69bbeeeb/datanode-1/data/ratis/168482ca-b1ec-45aa-825f-d12770000c91
2019-10-10 00:00:37,708 [pool-57-thread-1] INFO  server.RaftServerConfigKeys (ConfUtils.java:logGet(43)) - raft.server.log.purge.gap = 1000000 (custom)
2019-10-10 00:00:37,708 [pool-37-thread-1] INFO  server.RaftServerConfigKeys (ConfUtils.java:logGet(43)) - raft.server.log.queue.byte-limit = 2147483647 (custom)
2019-10-10 00:00:37,709 [pool-37-thread-1] INFO  server.RaftServerConfigKeys (ConfUtils.java:logGet(43)) - raft.server.log.queue.element-limit = 1024 (custom)
2019-10-10 00:00:37,708 [pool-27-thread-1] INFO  server.RaftServerConfigKeys (ConfUtils.java:logGet(43)) - raft.server.log.appender.buffer.byte-limit = 33554432 (custom)
2019-10-10 00:00:37,709 [pool-37-thread-1] INFO  server.RaftServerConfigKeys (ConfUtils.java:logGet(43)) - raft.server.log.segment.size.max = 1048576 (custom)
2019-10-10 00:00:37,709 [pool-57-thread-1] INFO  server.RaftServerConfigKeys (ConfUtils.java:logGet(43)) - raft.server.log.appender.buffer.byte-limit = 33554432 (custom)
2019-10-10 00:00:37,709 [pool-37-thread-1] INFO  server.RaftServerConfigKeys (ConfUtils.java:logGet(43)) - raft.server.log.preallocated.size = 16384 (custom)
2019-10-10 00:00:37,709 [pool-27-thread-1] INFO  server.RaftServerConfigKeys (ConfUtils.java:logGet(43)) - raft.server.log.segment.size.max = 1048576 (custom)
2019-10-10 00:00:37,709 [pool-37-thread-1] INFO  server.RaftServerConfigKeys (ConfUtils.java:logGet(43)) - raft.server.log.write.buffer.size = 33554432 (custom)
2019-10-10 00:00:37,709 [pool-57-thread-1] INFO  server.RaftServerConfigKeys (ConfUtils.java:logGet(43)) - raft.server.log.segment.size.max = 1048576 (custom)
2019-10-10 00:00:37,709 [pool-37-thread-1] INFO  server.RaftServerConfigKeys (ConfUtils.java:logGet(43)) - raft.server.log.force.sync.num = 128 (default)
2019-10-10 00:00:37,709 [pool-27-thread-1] INFO  server.RaftServerConfigKeys (ConfUtils.java:logGet(43)) - raft.server.log.segment.cache.num.max = 2 (custom)
2019-10-10 00:00:37,710 [pool-37-thread-1] INFO  server.RaftServerConfigKeys (ConfUtils.java:logGet(43)) - raft.server.log.statemachine.data.sync = true (default)
2019-10-10 00:00:37,709 [pool-57-thread-1] INFO  server.RaftServerConfigKeys (ConfUtils.java:logGet(43)) - raft.server.log.segment.cache.num.max = 2 (custom)
2019-10-10 00:00:37,710 [pool-37-thread-1] INFO  server.RaftServerConfigKeys (ConfUtils.java:logGet(43)) - raft.server.log.statemachine.data.sync.timeout = 10s (default)
2019-10-10 00:00:37,710 [pool-27-thread-1] INFO  segmented.SegmentedRaftLogWorker (SegmentedRaftLogWorker.java:<init>(173)) - new 0679a6ad-56a1-41b2-83e1-15692bb468db@group-D12770000C91-SegmentedRaftLogWorker for RaftStorage:Storage Directory /workdir/hadoop-ozone/integration-test/target/test-dir/MiniOzoneClusterImpl-8984d707-b3d2-42d5-a334-f25a69bbeeeb/datanode-0/data/ratis/168482ca-b1ec-45aa-825f-d12770000c91
2019-10-10 00:00:37,710 [pool-37-thread-1] INFO  server.RaftServerConfigKeys (ConfUtils.java:logGet(43)) - raft.server.log.statemachine.data.sync.timeout.retry = -1 (default)
2019-10-10 00:00:37,710 [pool-57-thread-1] INFO  segmented.SegmentedRaftLogWorker (SegmentedRaftLogWorker.java:<init>(173)) - new 912b0bdb-3095-44f3-93c0-19702928d0ba@group-D12770000C91-SegmentedRaftLogWorker for RaftStorage:Storage Directory /workdir/hadoop-ozone/integration-test/target/test-dir/MiniOzoneClusterImpl-8984d707-b3d2-42d5-a334-f25a69bbeeeb/datanode-3/data/ratis/168482ca-b1ec-45aa-825f-d12770000c91
2019-10-10 00:00:37,710 [pool-27-thread-1] INFO  server.RaftServerConfigKeys (ConfUtils.java:logGet(43)) - raft.server.log.queue.byte-limit = 2147483647 (custom)
2019-10-10 00:00:37,710 [pool-37-thread-1] INFO  server.RaftServerConfigKeys (ConfUtils.java:logGet(43)) - raft.server.log.statemachine.data.caching.enabled = true (custom)
2019-10-10 00:00:37,710 [pool-57-thread-1] INFO  server.RaftServerConfigKeys (ConfUtils.java:logGet(43)) - raft.server.log.queue.byte-limit = 2147483647 (custom)
2019-10-10 00:00:37,710 [pool-27-thread-1] INFO  server.RaftServerConfigKeys (ConfUtils.java:logGet(43)) - raft.server.log.queue.element-limit = 1024 (custom)
2019-10-10 00:00:37,711 [pool-57-thread-1] INFO  server.RaftServerConfigKeys (ConfUtils.java:logGet(43)) - raft.server.log.queue.element-limit = 1024 (custom)
2019-10-10 00:00:37,711 [pool-27-thread-1] INFO  server.RaftServerConfigKeys (ConfUtils.java:logGet(43)) - raft.server.log.segment.size.max = 1048576 (custom)
2019-10-10 00:00:37,711 [pool-37-thread-1] INFO  segmented.SegmentedRaftLogWorker (SegmentedRaftLogWorker.java:lambda$new$0(128)) - 46504f71-6b77-44e9-a2e5-588075dae190@group-D12770000C91-SegmentedRaftLogWorker: flushIndex: setUnconditionally 0 -> -1
2019-10-10 00:00:37,711 [pool-27-thread-1] INFO  server.RaftServerConfigKeys (ConfUtils.java:logGet(43)) - raft.server.log.preallocated.size = 16384 (custom)
2019-10-10 00:00:37,711 [pool-57-thread-1] INFO  server.RaftServerConfigKeys (ConfUtils.java:logGet(43)) - raft.server.log.segment.size.max = 1048576 (custom)
2019-10-10 00:00:37,711 [pool-37-thread-1] INFO  server.RaftServerConfigKeys (ConfUtils.java:logGet(43)) - raft.server.snapshot.auto.trigger.enabled = true (custom)
2019-10-10 00:00:37,711 [pool-57-thread-1] INFO  server.RaftServerConfigKeys (ConfUtils.java:logGet(43)) - raft.server.log.preallocated.size = 16384 (custom)
2019-10-10 00:00:37,711 [pool-27-thread-1] INFO  server.RaftServerConfigKeys (ConfUtils.java:logGet(43)) - raft.server.log.write.buffer.size = 33554432 (custom)
2019-10-10 00:00:37,712 [pool-57-thread-1] INFO  server.RaftServerConfigKeys (ConfUtils.java:logGet(43)) - raft.server.log.write.buffer.size = 33554432 (custom)
2019-10-10 00:00:37,712 [pool-37-thread-1] INFO  server.RaftServerConfigKeys (ConfUtils.java:logGet(43)) - raft.server.snapshot.auto.trigger.threshold = 10000 (custom)
2019-10-10 00:00:37,712 [pool-57-thread-1] INFO  server.RaftServerConfigKeys (ConfUtils.java:logGet(43)) - raft.server.log.force.sync.num = 128 (default)
2019-10-10 00:00:37,712 [pool-27-thread-1] INFO  server.RaftServerConfigKeys (ConfUtils.java:logGet(43)) - raft.server.log.force.sync.num = 128 (default)
2019-10-10 00:00:37,712 [pool-57-thread-1] INFO  server.RaftServerConfigKeys (ConfUtils.java:logGet(43)) - raft.server.log.statemachine.data.sync = true (default)
2019-10-10 00:00:37,712 [pool-37-thread-1] INFO  server.RaftServerConfigKeys (ConfUtils.java:logGet(43)) - raft.server.snapshot.retention.file.num = 5 (custom)
2019-10-10 00:00:37,712 [pool-57-thread-1] INFO  server.RaftServerConfigKeys (ConfUtils.java:logGet(43)) - raft.server.log.statemachine.data.sync.timeout = 10s (default)
2019-10-10 00:00:37,712 [pool-37-thread-1] INFO  server.RaftServerConfigKeys (ConfUtils.java:logGet(43)) - raft.server.retrycache.expirytime = 600000ms (custom)
2019-10-10 00:00:37,712 [pool-27-thread-1] INFO  server.RaftServerConfigKeys (ConfUtils.java:logGet(43)) - raft.server.log.statemachine.data.sync = true (default)
2019-10-10 00:00:37,712 [pool-57-thread-1] INFO  server.RaftServerConfigKeys (ConfUtils.java:logGet(43)) - raft.server.log.statemachine.data.sync.timeout.retry = -1 (default)
2019-10-10 00:00:37,714 [pool-27-thread-1] INFO  server.RaftServerConfigKeys (ConfUtils.java:logGet(43)) - raft.server.log.statemachine.data.sync.timeout = 10s (default)
2019-10-10 00:00:37,714 [pool-27-thread-1] INFO  server.RaftServerConfigKeys (ConfUtils.java:logGet(43)) - raft.server.log.statemachine.data.sync.timeout.retry = -1 (default)
2019-10-10 00:00:37,714 [pool-57-thread-1] INFO  server.RaftServerConfigKeys (ConfUtils.java:logGet(43)) - raft.server.log.statemachine.data.caching.enabled = true (custom)
2019-10-10 00:00:37,714 [pool-27-thread-1] INFO  server.RaftServerConfigKeys (ConfUtils.java:logGet(43)) - raft.server.log.statemachine.data.caching.enabled = true (custom)
2019-10-10 00:00:37,714 [pool-27-thread-1] INFO  segmented.SegmentedRaftLogWorker (SegmentedRaftLogWorker.java:lambda$new$0(128)) - 0679a6ad-56a1-41b2-83e1-15692bb468db@group-D12770000C91-SegmentedRaftLogWorker: flushIndex: setUnconditionally 0 -> -1
2019-10-10 00:00:37,714 [pool-57-thread-1] INFO  segmented.SegmentedRaftLogWorker (SegmentedRaftLogWorker.java:lambda$new$0(128)) - 912b0bdb-3095-44f3-93c0-19702928d0ba@group-D12770000C91-SegmentedRaftLogWorker: flushIndex: setUnconditionally 0 -> -1
2019-10-10 00:00:37,715 [pool-27-thread-1] INFO  server.RaftServerConfigKeys (ConfUtils.java:logGet(43)) - raft.server.snapshot.auto.trigger.enabled = true (custom)
2019-10-10 00:00:37,715 [pool-27-thread-1] INFO  server.RaftServerConfigKeys (ConfUtils.java:logGet(43)) - raft.server.snapshot.auto.trigger.threshold = 10000 (custom)
2019-10-10 00:00:37,715 [pool-57-thread-1] INFO  server.RaftServerConfigKeys (ConfUtils.java:logGet(43)) - raft.server.snapshot.auto.trigger.enabled = true (custom)
2019-10-10 00:00:37,715 [pool-27-thread-1] INFO  server.RaftServerConfigKeys (ConfUtils.java:logGet(43)) - raft.server.snapshot.retention.file.num = 5 (custom)
2019-10-10 00:00:37,715 [pool-57-thread-1] INFO  server.RaftServerConfigKeys (ConfUtils.java:logGet(43)) - raft.server.snapshot.auto.trigger.threshold = 10000 (custom)
2019-10-10 00:00:37,715 [pool-27-thread-1] INFO  server.RaftServerConfigKeys (ConfUtils.java:logGet(43)) - raft.server.retrycache.expirytime = 600000ms (custom)
2019-10-10 00:00:37,715 [pool-57-thread-1] INFO  server.RaftServerConfigKeys (ConfUtils.java:logGet(43)) - raft.server.snapshot.retention.file.num = 5 (custom)
2019-10-10 00:00:37,716 [pool-57-thread-1] INFO  server.RaftServerConfigKeys (ConfUtils.java:logGet(43)) - raft.server.retrycache.expirytime = 600000ms (custom)
2019-10-10 00:00:37,716 [pool-37-thread-1] INFO  impl.RaftServerImpl (RaftServerImpl.java:start(181)) - 46504f71-6b77-44e9-a2e5-588075dae190@group-D12770000C91: start as a follower, conf=-1: [912b0bdb-3095-44f3-93c0-19702928d0ba:192.168.5.166:42393, 0679a6ad-56a1-41b2-83e1-15692bb468db:192.168.5.166:38134, 46504f71-6b77-44e9-a2e5-588075dae190:192.168.5.166:44353], old=null
2019-10-10 00:00:37,717 [pool-37-thread-1] INFO  impl.RaftServerImpl (RaftServerImpl.java:setRole(170)) - 46504f71-6b77-44e9-a2e5-588075dae190@group-D12770000C91: changes role from      null to FOLLOWER at term 0 for startAsFollower
2019-10-10 00:00:37,717 [pool-37-thread-1] INFO  impl.RoleInfo (RoleInfo.java:updateAndGet(143)) - 46504f71-6b77-44e9-a2e5-588075dae190: start FollowerState
2019-10-10 00:00:37,718 [pool-37-thread-1] INFO  util.JmxRegister (JmxRegister.java:tryRegister(44)) - Successfully registered JMX Bean with object name Ratis:service=RaftServer,group=group-D12770000C91,id=46504f71-6b77-44e9-a2e5-588075dae190
2019-10-10 00:00:37,934 [pool-27-thread-1] INFO  impl.RaftServerImpl (RaftServerImpl.java:start(181)) - 0679a6ad-56a1-41b2-83e1-15692bb468db@group-D12770000C91: start as a follower, conf=-1: [912b0bdb-3095-44f3-93c0-19702928d0ba:192.168.5.166:42393, 0679a6ad-56a1-41b2-83e1-15692bb468db:192.168.5.166:38134, 46504f71-6b77-44e9-a2e5-588075dae190:192.168.5.166:44353], old=null
2019-10-10 00:00:37,934 [pool-27-thread-1] INFO  impl.RaftServerImpl (RaftServerImpl.java:setRole(170)) - 0679a6ad-56a1-41b2-83e1-15692bb468db@group-D12770000C91: changes role from      null to FOLLOWER at term 0 for startAsFollower
2019-10-10 00:00:37,934 [pool-27-thread-1] INFO  impl.RoleInfo (RoleInfo.java:updateAndGet(143)) - 0679a6ad-56a1-41b2-83e1-15692bb468db: start FollowerState
2019-10-10 00:00:37,935 [pool-27-thread-1] INFO  util.JmxRegister (JmxRegister.java:tryRegister(44)) - Successfully registered JMX Bean with object name Ratis:service=RaftServer,group=group-D12770000C91,id=0679a6ad-56a1-41b2-83e1-15692bb468db
2019-10-10 00:00:37,935 [pool-57-thread-1] INFO  impl.RaftServerImpl (RaftServerImpl.java:start(181)) - 912b0bdb-3095-44f3-93c0-19702928d0ba@group-D12770000C91: start as a follower, conf=-1: [912b0bdb-3095-44f3-93c0-19702928d0ba:192.168.5.166:42393, 0679a6ad-56a1-41b2-83e1-15692bb468db:192.168.5.166:38134, 46504f71-6b77-44e9-a2e5-588075dae190:192.168.5.166:44353], old=null
2019-10-10 00:00:37,935 [pool-57-thread-1] INFO  impl.RaftServerImpl (RaftServerImpl.java:setRole(170)) - 912b0bdb-3095-44f3-93c0-19702928d0ba@group-D12770000C91: changes role from      null to FOLLOWER at term 0 for startAsFollower
2019-10-10 00:00:37,936 [pool-57-thread-1] INFO  impl.RoleInfo (RoleInfo.java:updateAndGet(143)) - 912b0bdb-3095-44f3-93c0-19702928d0ba: start FollowerState
2019-10-10 00:00:37,936 [pool-57-thread-1] INFO  util.JmxRegister (JmxRegister.java:tryRegister(44)) - Successfully registered JMX Bean with object name Ratis:service=RaftServer,group=group-D12770000C91,id=912b0bdb-3095-44f3-93c0-19702928d0ba
2019-10-10 00:00:37,947 [RatisPipelineUtilsThread] INFO  pipeline.PipelineStateManager (PipelineStateManager.java:addPipeline(57)) - Created pipeline Pipeline[ Id: 168482ca-b1ec-45aa-825f-d12770000c91, Nodes: 0679a6ad-56a1-41b2-83e1-15692bb468db{ip: 192.168.5.166, host: pr-hdds-1868-fg6nx-4263576025, networkLocation: /default-rack, certSerialId: null}46504f71-6b77-44e9-a2e5-588075dae190{ip: 192.168.5.166, host: pr-hdds-1868-fg6nx-4263576025, networkLocation: /default-rack, certSerialId: null}912b0bdb-3095-44f3-93c0-19702928d0ba{ip: 192.168.5.166, host: pr-hdds-1868-fg6nx-4263576025, networkLocation: /default-rack, certSerialId: null}, Type:RATIS, Factor:THREE, State:ALLOCATED]
2019-10-10 00:00:37,949 [Thread-238] INFO  pipeline.PipelineStateManager (PipelineStateManager.java:finalizePipeline(123)) - Pipeline Pipeline[ Id: b35556da-0cc9-44e8-908b-e30bfc21e68c, Nodes: 46504f71-6b77-44e9-a2e5-588075dae190{ip: 192.168.5.166, host: pr-hdds-1868-fg6nx-4263576025, networkLocation: /default-rack, certSerialId: null}, Type:RATIS, Factor:ONE, State:CLOSED] moved to CLOSED state
2019-10-10 00:00:37,959 [grpc-default-executor-0] INFO  impl.RaftServerProxy (RaftServerProxy.java:remove(95)) - 46504f71-6b77-44e9-a2e5-588075dae190: remove  FOLLOWER 46504f71-6b77-44e9-a2e5-588075dae190@group-E30BFC21E68C:t0, leader=null, voted=null, raftlog=46504f71-6b77-44e9-a2e5-588075dae190@group-E30BFC21E68C-SegmentedRaftLog:OPENED:c-1,f-1,i0, conf=-1: [46504f71-6b77-44e9-a2e5-588075dae190:192.168.5.166:44353], old=null RUNNING
2019-10-10 00:00:37,960 [grpc-default-executor-0] INFO  impl.RaftServerImpl (RaftServerImpl.java:lambda$shutdown$3(247)) - 46504f71-6b77-44e9-a2e5-588075dae190@group-E30BFC21E68C: shutdown
2019-10-10 00:00:37,961 [grpc-default-executor-0] INFO  util.JmxRegister (JmxRegister.java:unregister(73)) - Successfully un-registered JMX Bean with object name Ratis:service=RaftServer,group=group-E30BFC21E68C,id=46504f71-6b77-44e9-a2e5-588075dae190
2019-10-10 00:00:37,961 [grpc-default-executor-0] INFO  impl.RoleInfo (RoleInfo.java:shutdownFollowerState(121)) - 46504f71-6b77-44e9-a2e5-588075dae190: shutdown FollowerState
2019-10-10 00:00:37,961 [grpc-default-executor-0] INFO  impl.StateMachineUpdater (StateMachineUpdater.java:stopAndJoin(136)) - 46504f71-6b77-44e9-a2e5-588075dae190@group-E30BFC21E68C-StateMachineUpdater: set stopIndex = -1
2019-10-10 00:00:37,962 [Thread-243] INFO  impl.FollowerState (FollowerState.java:run(117)) - 46504f71-6b77-44e9-a2e5-588075dae190@group-E30BFC21E68C-FollowerState was interrupted: java.lang.InterruptedException: sleep interrupted
2019-10-10 00:00:37,963 [grpc-default-executor-0] INFO  impl.RaftServerImpl (ServerState.java:close(387)) - 46504f71-6b77-44e9-a2e5-588075dae190@group-E30BFC21E68C: closes. applyIndex: -1
2019-10-10 00:00:37,965 [46504f71-6b77-44e9-a2e5-588075dae190@group-E30BFC21E68C-SegmentedRaftLogWorker] INFO  segmented.SegmentedRaftLogWorker (SegmentedRaftLogWorker.java:run(316)) - 46504f71-6b77-44e9-a2e5-588075dae190@group-E30BFC21E68C-SegmentedRaftLogWorker was interrupted, exiting. There are 0 tasks remaining in the queue.
2019-10-10 00:00:37,965 [grpc-default-executor-0] INFO  segmented.SegmentedRaftLogWorker (SegmentedRaftLogWorker.java:close(224)) - 46504f71-6b77-44e9-a2e5-588075dae190@group-E30BFC21E68C-SegmentedRaftLogWorker close()
2019-10-10 00:00:37,972 [Thread-238] INFO  pipeline.PipelineStateManager (PipelineStateManager.java:removePipeline(108)) - Pipeline Pipeline[ Id: b35556da-0cc9-44e8-908b-e30bfc21e68c, Nodes: 46504f71-6b77-44e9-a2e5-588075dae190{ip: 192.168.5.166, host: pr-hdds-1868-fg6nx-4263576025, networkLocation: /default-rack, certSerialId: null}, Type:RATIS, Factor:ONE, State:CLOSED] removed from db
2019-10-10 00:00:37,973 [Thread-238] INFO  pipeline.SCMPipelineManager (SCMPipelineManager.java:finalizeAndDestroyPipeline(315)) - destroying pipeline:Pipeline[ Id: a3dcb6fb-75d9-4b03-bfe0-3a63bd2b5d43, Nodes: 4808dac8-c899-40b2-85de-0feef9b59caa{ip: 192.168.5.166, host: pr-hdds-1868-fg6nx-4263576025, networkLocation: /default-rack, certSerialId: null}, Type:RATIS, Factor:ONE, State:ALLOCATED]
2019-10-10 00:00:37,982 [grpc-default-executor-0] INFO  impl.RaftServerProxy (RaftServerProxy.java:addNew(89)) - 46504f71-6b77-44e9-a2e5-588075dae190: addNew group-8766A081CE6B:[46504f71-6b77-44e9-a2e5-588075dae190:192.168.5.166:44353] returns group-8766A081CE6B:java.util.concurrent.CompletableFuture@60512b20[Not completed]
2019-10-10 00:00:37,984 [pool-37-thread-1] INFO  impl.RaftServerImpl (RaftServerImpl.java:<init>(95)) - 46504f71-6b77-44e9-a2e5-588075dae190: new RaftServerImpl for group-8766A081CE6B:[46504f71-6b77-44e9-a2e5-588075dae190:192.168.5.166:44353] with ContainerStateMachine:uninitialized
2019-10-10 00:00:37,984 [pool-37-thread-1] INFO  server.RaftServerConfigKeys (ConfUtils.java:logGet(43)) - raft.server.rpc.timeout.min = 5s (custom)
2019-10-10 00:00:37,984 [pool-37-thread-1] INFO  server.RaftServerConfigKeys (ConfUtils.java:logGet(43)) - raft.server.rpc.timeout.max = 5200ms (custom)
2019-10-10 00:00:37,984 [pool-37-thread-1] INFO  server.RaftServerConfigKeys (ConfUtils.java:logGet(43)) - raft.server.rpcslowness.timeout = 120s (custom)
2019-10-10 00:00:37,984 [pool-37-thread-1] INFO  server.RaftServerConfigKeys (ConfUtils.java:logGet(43)) - raft.server.sleep.deviation.threshold = 300 (default)
2019-10-10 00:00:37,985 [pool-37-thread-1] INFO  server.RaftServerConfigKeys (ConfUtils.java:logGet(43)) - raft.server.log.appender.install.snapshot.enabled = false (custom)
2019-10-10 00:00:37,985 [pool-37-thread-1] INFO  impl.RaftServerImpl (ServerState.java:<init>(103)) - 46504f71-6b77-44e9-a2e5-588075dae190@group-8766A081CE6B: ConfigurationManager, init=-1: [46504f71-6b77-44e9-a2e5-588075dae190:192.168.5.166:44353], old=null, confs=<EMPTY_MAP>
2019-10-10 00:00:37,985 [pool-37-thread-1] INFO  server.RaftServerConfigKeys (ConfUtils.java:logGet(43)) - raft.server.storage.dir = [/workdir/hadoop-ozone/integration-test/target/test-dir/MiniOzoneClusterImpl-8984d707-b3d2-42d5-a334-f25a69bbeeeb/datanode-1/data/ratis] (custom)
2019-10-10 00:00:37,985 [pool-37-thread-1] INFO  server.RaftServerConfigKeys (ConfUtils.java:logGet(43)) - raft.server.log.corruption.policy = EXCEPTION (default)
2019-10-10 00:00:37,985 [pool-37-thread-1] INFO  storage.RaftStorageDirectory (RaftStorageDirectory.java:analyzeStorage(246)) - The storage directory /workdir/hadoop-ozone/integration-test/target/test-dir/MiniOzoneClusterImpl-8984d707-b3d2-42d5-a334-f25a69bbeeeb/datanode-1/data/ratis/00afe914-0997-4cb0-b61b-8766a081ce6b does not exist. Creating ...
2019-10-10 00:00:37,999 [pool-37-thread-1] INFO  storage.RaftStorageDirectory (RaftStorageDirectory.java:tryLock(328)) - Lock on /workdir/hadoop-ozone/integration-test/target/test-dir/MiniOzoneClusterImpl-8984d707-b3d2-42d5-a334-f25a69bbeeeb/datanode-1/data/ratis/00afe914-0997-4cb0-b61b-8766a081ce6b/in_use.lock acquired by nodename 904@pr-hdds-1868-fg6nx-4263576025
2019-10-10 00:00:38,011 [pool-37-thread-1] INFO  storage.RaftStorage (RaftStorage.java:format(84)) - Storage directory /workdir/hadoop-ozone/integration-test/target/test-dir/MiniOzoneClusterImpl-8984d707-b3d2-42d5-a334-f25a69bbeeeb/datanode-1/data/ratis/00afe914-0997-4cb0-b61b-8766a081ce6b has been successfully formatted.
2019-10-10 00:00:38,011 [pool-37-thread-1] INFO  ratis.ContainerStateMachine (ContainerStateMachine.java:loadSnapshot(233)) - group-8766A081CE6B: The snapshot info is null. Setting the last applied indexto:(t:0, i:~)
2019-10-10 00:00:38,011 [pool-37-thread-1] INFO  server.RaftServerConfigKeys (ConfUtils.java:logGet(43)) - raft.server.notification.no-leader.timeout = 120s (custom)
2019-10-10 00:00:38,011 [pool-37-thread-1] INFO  server.RaftServerConfigKeys (ConfUtils.java:logGet(43)) - raft.server.log.use.memory = false (default)
2019-10-10 00:00:38,012 [pool-37-thread-1] INFO  server.RaftServerConfigKeys (ConfUtils.java:logGet(43)) - raft.server.log.purge.gap = 1000000 (custom)
2019-10-10 00:00:38,012 [pool-37-thread-1] INFO  server.RaftServerConfigKeys (ConfUtils.java:logGet(43)) - raft.server.log.appender.buffer.byte-limit = 33554432 (custom)
2019-10-10 00:00:38,012 [pool-37-thread-1] INFO  server.RaftServerConfigKeys (ConfUtils.java:logGet(43)) - raft.server.log.segment.size.max = 1048576 (custom)
2019-10-10 00:00:38,012 [pool-37-thread-1] INFO  server.RaftServerConfigKeys (ConfUtils.java:logGet(43)) - raft.server.log.segment.cache.num.max = 2 (custom)
2019-10-10 00:00:38,012 [pool-37-thread-1] INFO  segmented.SegmentedRaftLogWorker (SegmentedRaftLogWorker.java:<init>(173)) - new 46504f71-6b77-44e9-a2e5-588075dae190@group-8766A081CE6B-SegmentedRaftLogWorker for RaftStorage:Storage Directory /workdir/hadoop-ozone/integration-test/target/test-dir/MiniOzoneClusterImpl-8984d707-b3d2-42d5-a334-f25a69bbeeeb/datanode-1/data/ratis/00afe914-0997-4cb0-b61b-8766a081ce6b
2019-10-10 00:00:38,012 [pool-37-thread-1] INFO  server.RaftServerConfigKeys (ConfUtils.java:logGet(43)) - raft.server.log.queue.byte-limit = 2147483647 (custom)
2019-10-10 00:00:38,012 [pool-37-thread-1] INFO  server.RaftServerConfigKeys (ConfUtils.java:logGet(43)) - raft.server.log.queue.element-limit = 1024 (custom)
2019-10-10 00:00:38,012 [pool-37-thread-1] INFO  server.RaftServerConfigKeys (ConfUtils.java:logGet(43)) - raft.server.log.segment.size.max = 1048576 (custom)
2019-10-10 00:00:38,013 [pool-37-thread-1] INFO  server.RaftServerConfigKeys (ConfUtils.java:logGet(43)) - raft.server.log.preallocated.size = 16384 (custom)
2019-10-10 00:00:38,013 [pool-37-thread-1] INFO  server.RaftServerConfigKeys (ConfUtils.java:logGet(43)) - raft.server.log.write.buffer.size = 33554432 (custom)
2019-10-10 00:00:38,013 [pool-37-thread-1] INFO  server.RaftServerConfigKeys (ConfUtils.java:logGet(43)) - raft.server.log.force.sync.num = 128 (default)
2019-10-10 00:00:38,013 [pool-37-thread-1] INFO  server.RaftServerConfigKeys (ConfUtils.java:logGet(43)) - raft.server.log.statemachine.data.sync = true (default)
2019-10-10 00:00:38,013 [pool-37-thread-1] INFO  server.RaftServerConfigKeys (ConfUtils.java:logGet(43)) - raft.server.log.statemachine.data.sync.timeout = 10s (default)
2019-10-10 00:00:38,013 [pool-37-thread-1] INFO  server.RaftServerConfigKeys (ConfUtils.java:logGet(43)) - raft.server.log.statemachine.data.sync.timeout.retry = -1 (default)
2019-10-10 00:00:38,014 [pool-37-thread-1] INFO  server.RaftServerConfigKeys (ConfUtils.java:logGet(43)) - raft.server.log.statemachine.data.caching.enabled = true (custom)
2019-10-10 00:00:38,014 [pool-37-thread-1] INFO  segmented.SegmentedRaftLogWorker (SegmentedRaftLogWorker.java:lambda$new$0(128)) - 46504f71-6b77-44e9-a2e5-588075dae190@group-8766A081CE6B-SegmentedRaftLogWorker: flushIndex: setUnconditionally 0 -> -1
2019-10-10 00:00:38,014 [pool-37-thread-1] INFO  server.RaftServerConfigKeys (ConfUtils.java:logGet(43)) - raft.server.snapshot.auto.trigger.enabled = true (custom)
2019-10-10 00:00:38,014 [pool-37-thread-1] INFO  server.RaftServerConfigKeys (ConfUtils.java:logGet(43)) - raft.server.snapshot.auto.trigger.threshold = 10000 (custom)
2019-10-10 00:00:38,014 [pool-37-thread-1] INFO  server.RaftServerConfigKeys (ConfUtils.java:logGet(43)) - raft.server.snapshot.retention.file.num = 5 (custom)
2019-10-10 00:00:38,015 [pool-37-thread-1] INFO  server.RaftServerConfigKeys (ConfUtils.java:logGet(43)) - raft.server.retrycache.expirytime = 600000ms (custom)
2019-10-10 00:00:38,017 [pool-37-thread-1] INFO  impl.RaftServerImpl (RaftServerImpl.java:start(181)) - 46504f71-6b77-44e9-a2e5-588075dae190@group-8766A081CE6B: start as a follower, conf=-1: [46504f71-6b77-44e9-a2e5-588075dae190:192.168.5.166:44353], old=null
2019-10-10 00:00:38,017 [pool-37-thread-1] INFO  impl.RaftServerImpl (RaftServerImpl.java:setRole(170)) - 46504f71-6b77-44e9-a2e5-588075dae190@group-8766A081CE6B: changes role from      null to FOLLOWER at term 0 for startAsFollower
2019-10-10 00:00:38,018 [pool-37-thread-1] INFO  impl.RoleInfo (RoleInfo.java:updateAndGet(143)) - 46504f71-6b77-44e9-a2e5-588075dae190: start FollowerState
2019-10-10 00:00:38,027 [pool-37-thread-1] INFO  util.JmxRegister (JmxRegister.java:tryRegister(44)) - Successfully registered JMX Bean with object name Ratis:service=RaftServer,group=group-8766A081CE6B,id=46504f71-6b77-44e9-a2e5-588075dae190
2019-10-10 00:00:38,038 [RatisPipelineUtilsThread] INFO  pipeline.PipelineStateManager (PipelineStateManager.java:addPipeline(57)) - Created pipeline Pipeline[ Id: 00afe914-0997-4cb0-b61b-8766a081ce6b, Nodes: 46504f71-6b77-44e9-a2e5-588075dae190{ip: 192.168.5.166, host: pr-hdds-1868-fg6nx-4263576025, networkLocation: /default-rack, certSerialId: null}, Type:RATIS, Factor:ONE, State:ALLOCATED]
2019-10-10 00:00:38,039 [Thread-238] INFO  pipeline.PipelineStateManager (PipelineStateManager.java:finalizePipeline(123)) - Pipeline Pipeline[ Id: a3dcb6fb-75d9-4b03-bfe0-3a63bd2b5d43, Nodes: 4808dac8-c899-40b2-85de-0feef9b59caa{ip: 192.168.5.166, host: pr-hdds-1868-fg6nx-4263576025, networkLocation: /default-rack, certSerialId: null}, Type:RATIS, Factor:ONE, State:CLOSED] moved to CLOSED state
2019-10-10 00:00:38,048 [grpc-default-executor-0] INFO  impl.RaftServerProxy (RaftServerProxy.java:remove(95)) - 4808dac8-c899-40b2-85de-0feef9b59caa: remove  FOLLOWER 4808dac8-c899-40b2-85de-0feef9b59caa@group-3A63BD2B5D43:t0, leader=null, voted=null, raftlog=4808dac8-c899-40b2-85de-0feef9b59caa@group-3A63BD2B5D43-SegmentedRaftLog:OPENED:c-1,f-1,i0, conf=-1: [4808dac8-c899-40b2-85de-0feef9b59caa:192.168.5.166:41801], old=null RUNNING
2019-10-10 00:00:38,048 [grpc-default-executor-0] INFO  impl.RaftServerImpl (RaftServerImpl.java:lambda$shutdown$3(247)) - 4808dac8-c899-40b2-85de-0feef9b59caa@group-3A63BD2B5D43: shutdown
2019-10-10 00:00:38,048 [grpc-default-executor-0] INFO  util.JmxRegister (JmxRegister.java:unregister(73)) - Successfully un-registered JMX Bean with object name Ratis:service=RaftServer,group=group-3A63BD2B5D43,id=4808dac8-c899-40b2-85de-0feef9b59caa
2019-10-10 00:00:38,048 [grpc-default-executor-0] INFO  impl.RoleInfo (RoleInfo.java:shutdownFollowerState(121)) - 4808dac8-c899-40b2-85de-0feef9b59caa: shutdown FollowerState
2019-10-10 00:00:38,049 [grpc-default-executor-0] INFO  impl.StateMachineUpdater (StateMachineUpdater.java:stopAndJoin(136)) - 4808dac8-c899-40b2-85de-0feef9b59caa@group-3A63BD2B5D43-StateMachineUpdater: set stopIndex = -1
2019-10-10 00:00:38,049 [Thread-249] INFO  impl.FollowerState (FollowerState.java:run(117)) - 4808dac8-c899-40b2-85de-0feef9b59caa@group-3A63BD2B5D43-FollowerState was interrupted: java.lang.InterruptedException: sleep interrupted
2019-10-10 00:00:38,050 [grpc-default-executor-0] INFO  impl.RaftServerImpl (ServerState.java:close(387)) - 4808dac8-c899-40b2-85de-0feef9b59caa@group-3A63BD2B5D43: closes. applyIndex: -1
2019-10-10 00:00:38,052 [4808dac8-c899-40b2-85de-0feef9b59caa@group-3A63BD2B5D43-SegmentedRaftLogWorker] INFO  segmented.SegmentedRaftLogWorker (SegmentedRaftLogWorker.java:run(316)) - 4808dac8-c899-40b2-85de-0feef9b59caa@group-3A63BD2B5D43-SegmentedRaftLogWorker was interrupted, exiting. There are 0 tasks remaining in the queue.
2019-10-10 00:00:38,052 [grpc-default-executor-0] INFO  segmented.SegmentedRaftLogWorker (SegmentedRaftLogWorker.java:close(224)) - 4808dac8-c899-40b2-85de-0feef9b59caa@group-3A63BD2B5D43-SegmentedRaftLogWorker close()
2019-10-10 00:00:38,058 [Thread-238] INFO  pipeline.PipelineStateManager (PipelineStateManager.java:removePipeline(108)) - Pipeline Pipeline[ Id: a3dcb6fb-75d9-4b03-bfe0-3a63bd2b5d43, Nodes: 4808dac8-c899-40b2-85de-0feef9b59caa{ip: 192.168.5.166, host: pr-hdds-1868-fg6nx-4263576025, networkLocation: /default-rack, certSerialId: null}, Type:RATIS, Factor:ONE, State:CLOSED] removed from db
2019-10-10 00:00:38,058 [Thread-238] INFO  pipeline.SCMPipelineManager (SCMPipelineManager.java:finalizeAndDestroyPipeline(315)) - destroying pipeline:Pipeline[ Id: c76c4266-9c81-4d06-bf21-2a938d94325d, Nodes: 76f4bde4-dad5-4a03-9d33-b63c46310e66{ip: 192.168.5.166, host: pr-hdds-1868-fg6nx-4263576025, networkLocation: /default-rack, certSerialId: null}, Type:RATIS, Factor:ONE, State:ALLOCATED]
2019-10-10 00:00:38,067 [grpc-default-executor-0] INFO  impl.RaftServerProxy (RaftServerProxy.java:addNew(89)) - 4808dac8-c899-40b2-85de-0feef9b59caa: addNew group-81EF4000A079:[4808dac8-c899-40b2-85de-0feef9b59caa:192.168.5.166:41801] returns group-81EF4000A079:java.util.concurrent.CompletableFuture@734288a2[Not completed]
2019-10-10 00:00:38,070 [pool-87-thread-1] INFO  impl.RaftServerImpl (RaftServerImpl.java:<init>(95)) - 4808dac8-c899-40b2-85de-0feef9b59caa: new RaftServerImpl for group-81EF4000A079:[4808dac8-c899-40b2-85de-0feef9b59caa:192.168.5.166:41801] with ContainerStateMachine:uninitialized
2019-10-10 00:00:38,070 [pool-87-thread-1] INFO  server.RaftServerConfigKeys (ConfUtils.java:logGet(43)) - raft.server.rpc.timeout.min = 5s (custom)
2019-10-10 00:00:38,070 [pool-87-thread-1] INFO  server.RaftServerConfigKeys (ConfUtils.java:logGet(43)) - raft.server.rpc.timeout.max = 5200ms (custom)
2019-10-10 00:00:38,070 [pool-87-thread-1] INFO  server.RaftServerConfigKeys (ConfUtils.java:logGet(43)) - raft.server.rpcslowness.timeout = 120s (custom)
2019-10-10 00:00:38,070 [pool-87-thread-1] INFO  server.RaftServerConfigKeys (ConfUtils.java:logGet(43)) - raft.server.sleep.deviation.threshold = 300 (default)
2019-10-10 00:00:38,071 [pool-87-thread-1] INFO  server.RaftServerConfigKeys (ConfUtils.java:logGet(43)) - raft.server.log.appender.install.snapshot.enabled = false (custom)
2019-10-10 00:00:38,071 [pool-87-thread-1] INFO  impl.RaftServerImpl (ServerState.java:<init>(103)) - 4808dac8-c899-40b2-85de-0feef9b59caa@group-81EF4000A079: ConfigurationManager, init=-1: [4808dac8-c899-40b2-85de-0feef9b59caa:192.168.5.166:41801], old=null, confs=<EMPTY_MAP>
2019-10-10 00:00:38,071 [pool-87-thread-1] INFO  server.RaftServerConfigKeys (ConfUtils.java:logGet(43)) - raft.server.storage.dir = [/workdir/hadoop-ozone/integration-test/target/test-dir/MiniOzoneClusterImpl-8984d707-b3d2-42d5-a334-f25a69bbeeeb/datanode-6/data/ratis] (custom)
2019-10-10 00:00:38,071 [pool-87-thread-1] INFO  server.RaftServerConfigKeys (ConfUtils.java:logGet(43)) - raft.server.log.corruption.policy = EXCEPTION (default)
2019-10-10 00:00:38,072 [pool-87-thread-1] INFO  storage.RaftStorageDirectory (RaftStorageDirectory.java:analyzeStorage(246)) - The storage directory /workdir/hadoop-ozone/integration-test/target/test-dir/MiniOzoneClusterImpl-8984d707-b3d2-42d5-a334-f25a69bbeeeb/datanode-6/data/ratis/165f4aa2-f6bf-4aa1-80ea-81ef4000a079 does not exist. Creating ...
2019-10-10 00:00:38,085 [pool-87-thread-1] INFO  storage.RaftStorageDirectory (RaftStorageDirectory.java:tryLock(328)) - Lock on /workdir/hadoop-ozone/integration-test/target/test-dir/MiniOzoneClusterImpl-8984d707-b3d2-42d5-a334-f25a69bbeeeb/datanode-6/data/ratis/165f4aa2-f6bf-4aa1-80ea-81ef4000a079/in_use.lock acquired by nodename 904@pr-hdds-1868-fg6nx-4263576025
2019-10-10 00:00:38,097 [pool-87-thread-1] INFO  storage.RaftStorage (RaftStorage.java:format(84)) - Storage directory /workdir/hadoop-ozone/integration-test/target/test-dir/MiniOzoneClusterImpl-8984d707-b3d2-42d5-a334-f25a69bbeeeb/datanode-6/data/ratis/165f4aa2-f6bf-4aa1-80ea-81ef4000a079 has been successfully formatted.
2019-10-10 00:00:38,097 [pool-87-thread-1] INFO  ratis.ContainerStateMachine (ContainerStateMachine.java:loadSnapshot(233)) - group-81EF4000A079: The snapshot info is null. Setting the last applied indexto:(t:0, i:~)
2019-10-10 00:00:38,097 [pool-87-thread-1] INFO  server.RaftServerConfigKeys (ConfUtils.java:logGet(43)) - raft.server.notification.no-leader.timeout = 120s (custom)
2019-10-10 00:00:38,098 [pool-87-thread-1] INFO  server.RaftServerConfigKeys (ConfUtils.java:logGet(43)) - raft.server.log.use.memory = false (default)
2019-10-10 00:00:38,098 [pool-87-thread-1] INFO  server.RaftServerConfigKeys (ConfUtils.java:logGet(43)) - raft.server.log.purge.gap = 1000000 (custom)
2019-10-10 00:00:38,098 [pool-87-thread-1] INFO  server.RaftServerConfigKeys (ConfUtils.java:logGet(43)) - raft.server.log.appender.buffer.byte-limit = 33554432 (custom)
2019-10-10 00:00:38,098 [pool-87-thread-1] INFO  server.RaftServerConfigKeys (ConfUtils.java:logGet(43)) - raft.server.log.segment.size.max = 1048576 (custom)
2019-10-10 00:00:38,098 [pool-87-thread-1] INFO  server.RaftServerConfigKeys (ConfUtils.java:logGet(43)) - raft.server.log.segment.cache.num.max = 2 (custom)
2019-10-10 00:00:38,098 [pool-87-thread-1] INFO  segmented.SegmentedRaftLogWorker (SegmentedRaftLogWorker.java:<init>(173)) - new 4808dac8-c899-40b2-85de-0feef9b59caa@group-81EF4000A079-SegmentedRaftLogWorker for RaftStorage:Storage Directory /workdir/hadoop-ozone/integration-test/target/test-dir/MiniOzoneClusterImpl-8984d707-b3d2-42d5-a334-f25a69bbeeeb/datanode-6/data/ratis/165f4aa2-f6bf-4aa1-80ea-81ef4000a079
2019-10-10 00:00:38,098 [pool-87-thread-1] INFO  server.RaftServerConfigKeys (ConfUtils.java:logGet(43)) - raft.server.log.queue.byte-limit = 2147483647 (custom)
2019-10-10 00:00:38,098 [pool-87-thread-1] INFO  server.RaftServerConfigKeys (ConfUtils.java:logGet(43)) - raft.server.log.queue.element-limit = 1024 (custom)
2019-10-10 00:00:38,098 [pool-87-thread-1] INFO  server.RaftServerConfigKeys (ConfUtils.java:logGet(43)) - raft.server.log.segment.size.max = 1048576 (custom)
2019-10-10 00:00:38,099 [pool-87-thread-1] INFO  server.RaftServerConfigKeys (ConfUtils.java:logGet(43)) - raft.server.log.preallocated.size = 16384 (custom)
2019-10-10 00:00:38,099 [pool-87-thread-1] INFO  server.RaftServerConfigKeys (ConfUtils.java:logGet(43)) - raft.server.log.write.buffer.size = 33554432 (custom)
2019-10-10 00:00:38,099 [pool-87-thread-1] INFO  server.RaftServerConfigKeys (ConfUtils.java:logGet(43)) - raft.server.log.force.sync.num = 128 (default)
2019-10-10 00:00:38,099 [pool-87-thread-1] INFO  server.RaftServerConfigKeys (ConfUtils.java:logGet(43)) - raft.server.log.statemachine.data.sync = true (default)
2019-10-10 00:00:38,099 [pool-87-thread-1] INFO  server.RaftServerConfigKeys (ConfUtils.java:logGet(43)) - raft.server.log.statemachine.data.sync.timeout = 10s (default)
2019-10-10 00:00:38,099 [pool-87-thread-1] INFO  server.RaftServerConfigKeys (ConfUtils.java:logGet(43)) - raft.server.log.statemachine.data.sync.timeout.retry = -1 (default)
2019-10-10 00:00:38,099 [pool-87-thread-1] INFO  server.RaftServerConfigKeys (ConfUtils.java:logGet(43)) - raft.server.log.statemachine.data.caching.enabled = true (custom)
2019-10-10 00:00:38,100 [pool-87-thread-1] INFO  segmented.SegmentedRaftLogWorker (SegmentedRaftLogWorker.java:lambda$new$0(128)) - 4808dac8-c899-40b2-85de-0feef9b59caa@group-81EF4000A079-SegmentedRaftLogWorker: flushIndex: setUnconditionally 0 -> -1
2019-10-10 00:00:38,100 [pool-87-thread-1] INFO  server.RaftServerConfigKeys (ConfUtils.java:logGet(43)) - raft.server.snapshot.auto.trigger.enabled = true (custom)
2019-10-10 00:00:38,100 [pool-87-thread-1] INFO  server.RaftServerConfigKeys (ConfUtils.java:logGet(43)) - raft.server.snapshot.auto.trigger.threshold = 10000 (custom)
2019-10-10 00:00:38,100 [pool-87-thread-1] INFO  server.RaftServerConfigKeys (ConfUtils.java:logGet(43)) - raft.server.snapshot.retention.file.num = 5 (custom)
2019-10-10 00:00:38,100 [pool-87-thread-1] INFO  server.RaftServerConfigKeys (ConfUtils.java:logGet(43)) - raft.server.retrycache.expirytime = 600000ms (custom)
2019-10-10 00:00:38,102 [pool-87-thread-1] INFO  impl.RaftServerImpl (RaftServerImpl.java:start(181)) - 4808dac8-c899-40b2-85de-0feef9b59caa@group-81EF4000A079: start as a follower, conf=-1: [4808dac8-c899-40b2-85de-0feef9b59caa:192.168.5.166:41801], old=null
2019-10-10 00:00:38,103 [pool-87-thread-1] INFO  impl.RaftServerImpl (RaftServerImpl.java:setRole(170)) - 4808dac8-c899-40b2-85de-0feef9b59caa@group-81EF4000A079: changes role from      null to FOLLOWER at term 0 for startAsFollower
2019-10-10 00:00:38,103 [pool-87-thread-1] INFO  impl.RoleInfo (RoleInfo.java:updateAndGet(143)) - 4808dac8-c899-40b2-85de-0feef9b59caa: start FollowerState
2019-10-10 00:00:38,103 [pool-87-thread-1] INFO  util.JmxRegister (JmxRegister.java:tryRegister(44)) - Successfully registered JMX Bean with object name Ratis:service=RaftServer,group=group-81EF4000A079,id=4808dac8-c899-40b2-85de-0feef9b59caa
2019-10-10 00:00:38,111 [RatisPipelineUtilsThread] INFO  pipeline.PipelineStateManager (PipelineStateManager.java:addPipeline(57)) - Created pipeline Pipeline[ Id: 165f4aa2-f6bf-4aa1-80ea-81ef4000a079, Nodes: 4808dac8-c899-40b2-85de-0feef9b59caa{ip: 192.168.5.166, host: pr-hdds-1868-fg6nx-4263576025, networkLocation: /default-rack, certSerialId: null}, Type:RATIS, Factor:ONE, State:ALLOCATED]
2019-10-10 00:00:38,111 [Thread-238] INFO  pipeline.PipelineStateManager (PipelineStateManager.java:finalizePipeline(123)) - Pipeline Pipeline[ Id: c76c4266-9c81-4d06-bf21-2a938d94325d, Nodes: 76f4bde4-dad5-4a03-9d33-b63c46310e66{ip: 192.168.5.166, host: pr-hdds-1868-fg6nx-4263576025, networkLocation: /default-rack, certSerialId: null}, Type:RATIS, Factor:ONE, State:CLOSED] moved to CLOSED state
2019-10-10 00:00:38,112 [main] INFO  ozone.MiniOzoneClusterImpl (MiniOzoneClusterImpl.java:lambda$waitForClusterToBeReady$2(164)) - Waiting for 8 number of pipelines out of 9, to report a leader.
2019-10-10 00:00:38,122 [grpc-default-executor-0] INFO  impl.RaftServerProxy (RaftServerProxy.java:remove(95)) - 76f4bde4-dad5-4a03-9d33-b63c46310e66: remove  FOLLOWER 76f4bde4-dad5-4a03-9d33-b63c46310e66@group-2A938D94325D:t0, leader=null, voted=null, raftlog=76f4bde4-dad5-4a03-9d33-b63c46310e66@group-2A938D94325D-SegmentedRaftLog:OPENED:c-1,f-1,i0, conf=-1: [76f4bde4-dad5-4a03-9d33-b63c46310e66:192.168.5.166:35485], old=null RUNNING
2019-10-10 00:00:38,122 [grpc-default-executor-0] INFO  impl.RaftServerImpl (RaftServerImpl.java:lambda$shutdown$3(247)) - 76f4bde4-dad5-4a03-9d33-b63c46310e66@group-2A938D94325D: shutdown
2019-10-10 00:00:38,122 [grpc-default-executor-0] INFO  util.JmxRegister (JmxRegister.java:unregister(73)) - Successfully un-registered JMX Bean with object name Ratis:service=RaftServer,group=group-2A938D94325D,id=76f4bde4-dad5-4a03-9d33-b63c46310e66
2019-10-10 00:00:38,122 [grpc-default-executor-0] INFO  impl.RoleInfo (RoleInfo.java:shutdownFollowerState(121)) - 76f4bde4-dad5-4a03-9d33-b63c46310e66: shutdown FollowerState
2019-10-10 00:00:38,123 [grpc-default-executor-0] INFO  impl.StateMachineUpdater (StateMachineUpdater.java:stopAndJoin(136)) - 76f4bde4-dad5-4a03-9d33-b63c46310e66@group-2A938D94325D-StateMachineUpdater: set stopIndex = -1
2019-10-10 00:00:38,123 [Thread-255] INFO  impl.FollowerState (FollowerState.java:run(117)) - 76f4bde4-dad5-4a03-9d33-b63c46310e66@group-2A938D94325D-FollowerState was interrupted: java.lang.InterruptedException: sleep interrupted
2019-10-10 00:00:38,124 [grpc-default-executor-0] INFO  impl.RaftServerImpl (ServerState.java:close(387)) - 76f4bde4-dad5-4a03-9d33-b63c46310e66@group-2A938D94325D: closes. applyIndex: -1
2019-10-10 00:00:38,125 [76f4bde4-dad5-4a03-9d33-b63c46310e66@group-2A938D94325D-SegmentedRaftLogWorker] INFO  segmented.SegmentedRaftLogWorker (SegmentedRaftLogWorker.java:run(316)) - 76f4bde4-dad5-4a03-9d33-b63c46310e66@group-2A938D94325D-SegmentedRaftLogWorker was interrupted, exiting. There are 0 tasks remaining in the queue.
2019-10-10 00:00:38,125 [grpc-default-executor-0] INFO  segmented.SegmentedRaftLogWorker (SegmentedRaftLogWorker.java:close(224)) - 76f4bde4-dad5-4a03-9d33-b63c46310e66@group-2A938D94325D-SegmentedRaftLogWorker close()
2019-10-10 00:00:38,131 [Thread-238] INFO  pipeline.PipelineStateManager (PipelineStateManager.java:removePipeline(108)) - Pipeline Pipeline[ Id: c76c4266-9c81-4d06-bf21-2a938d94325d, Nodes: 76f4bde4-dad5-4a03-9d33-b63c46310e66{ip: 192.168.5.166, host: pr-hdds-1868-fg6nx-4263576025, networkLocation: /default-rack, certSerialId: null}, Type:RATIS, Factor:ONE, State:CLOSED] removed from db
2019-10-10 00:00:38,132 [Thread-238] INFO  pipeline.SCMPipelineManager (SCMPipelineManager.java:finalizeAndDestroyPipeline(315)) - destroying pipeline:Pipeline[ Id: b8ece3d1-bf6b-492e-8d0a-139ef7e3d7e4, Nodes: 912b0bdb-3095-44f3-93c0-19702928d0ba{ip: 192.168.5.166, host: pr-hdds-1868-fg6nx-4263576025, networkLocation: /default-rack, certSerialId: null}, Type:RATIS, Factor:ONE, State:ALLOCATED]
2019-10-10 00:00:38,139 [grpc-default-executor-0] INFO  impl.RaftServerProxy (RaftServerProxy.java:addNew(89)) - 76f4bde4-dad5-4a03-9d33-b63c46310e66: addNew group-8D21409A69E3:[76f4bde4-dad5-4a03-9d33-b63c46310e66:192.168.5.166:35485] returns group-8D21409A69E3:java.util.concurrent.CompletableFuture@4be0560f[Not completed]
2019-10-10 00:00:38,141 [pool-77-thread-1] INFO  impl.RaftServerImpl (RaftServerImpl.java:<init>(95)) - 76f4bde4-dad5-4a03-9d33-b63c46310e66: new RaftServerImpl for group-8D21409A69E3:[76f4bde4-dad5-4a03-9d33-b63c46310e66:192.168.5.166:35485] with ContainerStateMachine:uninitialized
2019-10-10 00:00:38,141 [pool-77-thread-1] INFO  server.RaftServerConfigKeys (ConfUtils.java:logGet(43)) - raft.server.rpc.timeout.min = 5s (custom)
2019-10-10 00:00:38,141 [pool-77-thread-1] INFO  server.RaftServerConfigKeys (ConfUtils.java:logGet(43)) - raft.server.rpc.timeout.max = 5200ms (custom)
2019-10-10 00:00:38,141 [pool-77-thread-1] INFO  server.RaftServerConfigKeys (ConfUtils.java:logGet(43)) - raft.server.rpcslowness.timeout = 120s (custom)
2019-10-10 00:00:38,141 [pool-77-thread-1] INFO  server.RaftServerConfigKeys (ConfUtils.java:logGet(43)) - raft.server.sleep.deviation.threshold = 300 (default)
2019-10-10 00:00:38,141 [pool-77-thread-1] INFO  server.RaftServerConfigKeys (ConfUtils.java:logGet(43)) - raft.server.log.appender.install.snapshot.enabled = false (custom)
2019-10-10 00:00:38,141 [pool-77-thread-1] INFO  impl.RaftServerImpl (ServerState.java:<init>(103)) - 76f4bde4-dad5-4a03-9d33-b63c46310e66@group-8D21409A69E3: ConfigurationManager, init=-1: [76f4bde4-dad5-4a03-9d33-b63c46310e66:192.168.5.166:35485], old=null, confs=<EMPTY_MAP>
2019-10-10 00:00:38,141 [pool-77-thread-1] INFO  server.RaftServerConfigKeys (ConfUtils.java:logGet(43)) - raft.server.storage.dir = [/workdir/hadoop-ozone/integration-test/target/test-dir/MiniOzoneClusterImpl-8984d707-b3d2-42d5-a334-f25a69bbeeeb/datanode-5/data/ratis] (custom)
2019-10-10 00:00:38,142 [pool-77-thread-1] INFO  server.RaftServerConfigKeys (ConfUtils.java:logGet(43)) - raft.server.log.corruption.policy = EXCEPTION (default)
2019-10-10 00:00:38,142 [pool-77-thread-1] INFO  storage.RaftStorageDirectory (RaftStorageDirectory.java:analyzeStorage(246)) - The storage directory /workdir/hadoop-ozone/integration-test/target/test-dir/MiniOzoneClusterImpl-8984d707-b3d2-42d5-a334-f25a69bbeeeb/datanode-5/data/ratis/ba680de0-9ac6-42e1-be44-8d21409a69e3 does not exist. Creating ...
2019-10-10 00:00:38,155 [pool-77-thread-1] INFO  storage.RaftStorageDirectory (RaftStorageDirectory.java:tryLock(328)) - Lock on /workdir/hadoop-ozone/integration-test/target/test-dir/MiniOzoneClusterImpl-8984d707-b3d2-42d5-a334-f25a69bbeeeb/datanode-5/data/ratis/ba680de0-9ac6-42e1-be44-8d21409a69e3/in_use.lock acquired by nodename 904@pr-hdds-1868-fg6nx-4263576025
2019-10-10 00:00:38,167 [pool-77-thread-1] INFO  storage.RaftStorage (RaftStorage.java:format(84)) - Storage directory /workdir/hadoop-ozone/integration-test/target/test-dir/MiniOzoneClusterImpl-8984d707-b3d2-42d5-a334-f25a69bbeeeb/datanode-5/data/ratis/ba680de0-9ac6-42e1-be44-8d21409a69e3 has been successfully formatted.
2019-10-10 00:00:38,168 [pool-77-thread-1] INFO  ratis.ContainerStateMachine (ContainerStateMachine.java:loadSnapshot(233)) - group-8D21409A69E3: The snapshot info is null. Setting the last applied indexto:(t:0, i:~)
2019-10-10 00:00:38,168 [pool-77-thread-1] INFO  server.RaftServerConfigKeys (ConfUtils.java:logGet(43)) - raft.server.notification.no-leader.timeout = 120s (custom)
2019-10-10 00:00:38,168 [pool-77-thread-1] INFO  server.RaftServerConfigKeys (ConfUtils.java:logGet(43)) - raft.server.log.use.memory = false (default)
2019-10-10 00:00:38,168 [pool-77-thread-1] INFO  server.RaftServerConfigKeys (ConfUtils.java:logGet(43)) - raft.server.log.purge.gap = 1000000 (custom)
2019-10-10 00:00:38,168 [pool-77-thread-1] INFO  server.RaftServerConfigKeys (ConfUtils.java:logGet(43)) - raft.server.log.appender.buffer.byte-limit = 33554432 (custom)
2019-10-10 00:00:38,169 [pool-77-thread-1] INFO  server.RaftServerConfigKeys (ConfUtils.java:logGet(43)) - raft.server.log.segment.size.max = 1048576 (custom)
2019-10-10 00:00:38,169 [pool-77-thread-1] INFO  server.RaftServerConfigKeys (ConfUtils.java:logGet(43)) - raft.server.log.segment.cache.num.max = 2 (custom)
2019-10-10 00:00:38,169 [pool-77-thread-1] INFO  segmented.SegmentedRaftLogWorker (SegmentedRaftLogWorker.java:<init>(173)) - new 76f4bde4-dad5-4a03-9d33-b63c46310e66@group-8D21409A69E3-SegmentedRaftLogWorker for RaftStorage:Storage Directory /workdir/hadoop-ozone/integration-test/target/test-dir/MiniOzoneClusterImpl-8984d707-b3d2-42d5-a334-f25a69bbeeeb/datanode-5/data/ratis/ba680de0-9ac6-42e1-be44-8d21409a69e3
2019-10-10 00:00:38,169 [pool-77-thread-1] INFO  server.RaftServerConfigKeys (ConfUtils.java:logGet(43)) - raft.server.log.queue.byte-limit = 2147483647 (custom)
2019-10-10 00:00:38,169 [pool-77-thread-1] INFO  server.RaftServerConfigKeys (ConfUtils.java:logGet(43)) - raft.server.log.queue.element-limit = 1024 (custom)
2019-10-10 00:00:38,169 [pool-77-thread-1] INFO  server.RaftServerConfigKeys (ConfUtils.java:logGet(43)) - raft.server.log.segment.size.max = 1048576 (custom)
2019-10-10 00:00:38,170 [pool-77-thread-1] INFO  server.RaftServerConfigKeys (ConfUtils.java:logGet(43)) - raft.server.log.preallocated.size = 16384 (custom)
2019-10-10 00:00:38,170 [pool-77-thread-1] INFO  server.RaftServerConfigKeys (ConfUtils.java:logGet(43)) - raft.server.log.write.buffer.size = 33554432 (custom)
2019-10-10 00:00:38,170 [pool-77-thread-1] INFO  server.RaftServerConfigKeys (ConfUtils.java:logGet(43)) - raft.server.log.force.sync.num = 128 (default)
2019-10-10 00:00:38,170 [pool-77-thread-1] INFO  server.RaftServerConfigKeys (ConfUtils.java:logGet(43)) - raft.server.log.statemachine.data.sync = true (default)
2019-10-10 00:00:38,170 [pool-77-thread-1] INFO  server.RaftServerConfigKeys (ConfUtils.java:logGet(43)) - raft.server.log.statemachine.data.sync.timeout = 10s (default)
2019-10-10 00:00:38,170 [pool-77-thread-1] INFO  server.RaftServerConfigKeys (ConfUtils.java:logGet(43)) - raft.server.log.statemachine.data.sync.timeout.retry = -1 (default)
2019-10-10 00:00:38,171 [pool-77-thread-1] INFO  server.RaftServerConfigKeys (ConfUtils.java:logGet(43)) - raft.server.log.statemachine.data.caching.enabled = true (custom)
2019-10-10 00:00:38,171 [pool-77-thread-1] INFO  segmented.SegmentedRaftLogWorker (SegmentedRaftLogWorker.java:lambda$new$0(128)) - 76f4bde4-dad5-4a03-9d33-b63c46310e66@group-8D21409A69E3-SegmentedRaftLogWorker: flushIndex: setUnconditionally 0 -> -1
2019-10-10 00:00:38,172 [pool-77-thread-1] INFO  server.RaftServerConfigKeys (ConfUtils.java:logGet(43)) - raft.server.snapshot.auto.trigger.enabled = true (custom)
2019-10-10 00:00:38,172 [pool-77-thread-1] INFO  server.RaftServerConfigKeys (ConfUtils.java:logGet(43)) - raft.server.snapshot.auto.trigger.threshold = 10000 (custom)
2019-10-10 00:00:38,172 [pool-77-thread-1] INFO  server.RaftServerConfigKeys (ConfUtils.java:logGet(43)) - raft.server.snapshot.retention.file.num = 5 (custom)
2019-10-10 00:00:38,172 [pool-77-thread-1] INFO  server.RaftServerConfigKeys (ConfUtils.java:logGet(43)) - raft.server.retrycache.expirytime = 600000ms (custom)
2019-10-10 00:00:38,175 [pool-77-thread-1] INFO  impl.RaftServerImpl (RaftServerImpl.java:start(181)) - 76f4bde4-dad5-4a03-9d33-b63c46310e66@group-8D21409A69E3: start as a follower, conf=-1: [76f4bde4-dad5-4a03-9d33-b63c46310e66:192.168.5.166:35485], old=null
2019-10-10 00:00:38,176 [pool-77-thread-1] INFO  impl.RaftServerImpl (RaftServerImpl.java:setRole(170)) - 76f4bde4-dad5-4a03-9d33-b63c46310e66@group-8D21409A69E3: changes role from      null to FOLLOWER at term 0 for startAsFollower
2019-10-10 00:00:38,176 [pool-77-thread-1] INFO  impl.RoleInfo (RoleInfo.java:updateAndGet(143)) - 76f4bde4-dad5-4a03-9d33-b63c46310e66: start FollowerState
2019-10-10 00:00:38,176 [pool-77-thread-1] INFO  util.JmxRegister (JmxRegister.java:tryRegister(44)) - Successfully registered JMX Bean with object name Ratis:service=RaftServer,group=group-8D21409A69E3,id=76f4bde4-dad5-4a03-9d33-b63c46310e66
2019-10-10 00:00:38,185 [RatisPipelineUtilsThread] INFO  pipeline.PipelineStateManager (PipelineStateManager.java:addPipeline(57)) - Created pipeline Pipeline[ Id: ba680de0-9ac6-42e1-be44-8d21409a69e3, Nodes: 76f4bde4-dad5-4a03-9d33-b63c46310e66{ip: 192.168.5.166, host: pr-hdds-1868-fg6nx-4263576025, networkLocation: /default-rack, certSerialId: null}, Type:RATIS, Factor:ONE, State:ALLOCATED]
2019-10-10 00:00:38,186 [Thread-238] INFO  pipeline.PipelineStateManager (PipelineStateManager.java:finalizePipeline(123)) - Pipeline Pipeline[ Id: b8ece3d1-bf6b-492e-8d0a-139ef7e3d7e4, Nodes: 912b0bdb-3095-44f3-93c0-19702928d0ba{ip: 192.168.5.166, host: pr-hdds-1868-fg6nx-4263576025, networkLocation: /default-rack, certSerialId: null}, Type:RATIS, Factor:ONE, State:CLOSED] moved to CLOSED state
2019-10-10 00:00:38,196 [grpc-default-executor-0] INFO  impl.RaftServerProxy (RaftServerProxy.java:remove(95)) - 912b0bdb-3095-44f3-93c0-19702928d0ba: remove  FOLLOWER 912b0bdb-3095-44f3-93c0-19702928d0ba@group-139EF7E3D7E4:t0, leader=null, voted=null, raftlog=912b0bdb-3095-44f3-93c0-19702928d0ba@group-139EF7E3D7E4-SegmentedRaftLog:OPENED:c-1,f-1,i0, conf=-1: [912b0bdb-3095-44f3-93c0-19702928d0ba:192.168.5.166:42393], old=null RUNNING
2019-10-10 00:00:38,196 [grpc-default-executor-0] INFO  impl.RaftServerImpl (RaftServerImpl.java:lambda$shutdown$3(247)) - 912b0bdb-3095-44f3-93c0-19702928d0ba@group-139EF7E3D7E4: shutdown
2019-10-10 00:00:38,196 [grpc-default-executor-0] INFO  util.JmxRegister (JmxRegister.java:unregister(73)) - Successfully un-registered JMX Bean with object name Ratis:service=RaftServer,group=group-139EF7E3D7E4,id=912b0bdb-3095-44f3-93c0-19702928d0ba
2019-10-10 00:00:38,196 [grpc-default-executor-0] INFO  impl.RoleInfo (RoleInfo.java:shutdownFollowerState(121)) - 912b0bdb-3095-44f3-93c0-19702928d0ba: shutdown FollowerState
2019-10-10 00:00:38,197 [grpc-default-executor-0] INFO  impl.StateMachineUpdater (StateMachineUpdater.java:stopAndJoin(136)) - 912b0bdb-3095-44f3-93c0-19702928d0ba@group-139EF7E3D7E4-StateMachineUpdater: set stopIndex = -1
2019-10-10 00:00:38,197 [Thread-246] INFO  impl.FollowerState (FollowerState.java:run(117)) - 912b0bdb-3095-44f3-93c0-19702928d0ba@group-139EF7E3D7E4-FollowerState was interrupted: java.lang.InterruptedException: sleep interrupted
2019-10-10 00:00:38,198 [grpc-default-executor-0] INFO  impl.RaftServerImpl (ServerState.java:close(387)) - 912b0bdb-3095-44f3-93c0-19702928d0ba@group-139EF7E3D7E4: closes. applyIndex: -1
2019-10-10 00:00:38,200 [912b0bdb-3095-44f3-93c0-19702928d0ba@group-139EF7E3D7E4-SegmentedRaftLogWorker] INFO  segmented.SegmentedRaftLogWorker (SegmentedRaftLogWorker.java:run(316)) - 912b0bdb-3095-44f3-93c0-19702928d0ba@group-139EF7E3D7E4-SegmentedRaftLogWorker was interrupted, exiting. There are 0 tasks remaining in the queue.
2019-10-10 00:00:38,200 [grpc-default-executor-0] INFO  segmented.SegmentedRaftLogWorker (SegmentedRaftLogWorker.java:close(224)) - 912b0bdb-3095-44f3-93c0-19702928d0ba@group-139EF7E3D7E4-SegmentedRaftLogWorker close()
2019-10-10 00:00:38,207 [Thread-238] INFO  pipeline.PipelineStateManager (PipelineStateManager.java:removePipeline(108)) - Pipeline Pipeline[ Id: b8ece3d1-bf6b-492e-8d0a-139ef7e3d7e4, Nodes: 912b0bdb-3095-44f3-93c0-19702928d0ba{ip: 192.168.5.166, host: pr-hdds-1868-fg6nx-4263576025, networkLocation: /default-rack, certSerialId: null}, Type:RATIS, Factor:ONE, State:CLOSED] removed from db
2019-10-10 00:00:38,207 [Thread-238] INFO  pipeline.SCMPipelineManager (SCMPipelineManager.java:finalizeAndDestroyPipeline(315)) - destroying pipeline:Pipeline[ Id: 2509bc2a-fcbf-4613-b2c5-0b1bc72c0ab6, Nodes: 741d15da-6e3d-4013-9010-457716b563b4{ip: 192.168.5.166, host: pr-hdds-1868-fg6nx-4263576025, networkLocation: /default-rack, certSerialId: null}, Type:RATIS, Factor:ONE, State:ALLOCATED]
2019-10-10 00:00:38,217 [grpc-default-executor-0] INFO  impl.RaftServerProxy (RaftServerProxy.java:addNew(89)) - 912b0bdb-3095-44f3-93c0-19702928d0ba: addNew group-5F68059CF4A9:[912b0bdb-3095-44f3-93c0-19702928d0ba:192.168.5.166:42393] returns group-5F68059CF4A9:java.util.concurrent.CompletableFuture@6eaae6b6[Not completed]
2019-10-10 00:00:38,219 [pool-57-thread-1] INFO  impl.RaftServerImpl (RaftServerImpl.java:<init>(95)) - 912b0bdb-3095-44f3-93c0-19702928d0ba: new RaftServerImpl for group-5F68059CF4A9:[912b0bdb-3095-44f3-93c0-19702928d0ba:192.168.5.166:42393] with ContainerStateMachine:uninitialized
2019-10-10 00:00:38,219 [pool-57-thread-1] INFO  server.RaftServerConfigKeys (ConfUtils.java:logGet(43)) - raft.server.rpc.timeout.min = 5s (custom)
2019-10-10 00:00:38,219 [pool-57-thread-1] INFO  server.RaftServerConfigKeys (ConfUtils.java:logGet(43)) - raft.server.rpc.timeout.max = 5200ms (custom)
2019-10-10 00:00:38,219 [pool-57-thread-1] INFO  server.RaftServerConfigKeys (ConfUtils.java:logGet(43)) - raft.server.rpcslowness.timeout = 120s (custom)
2019-10-10 00:00:38,219 [pool-57-thread-1] INFO  server.RaftServerConfigKeys (ConfUtils.java:logGet(43)) - raft.server.sleep.deviation.threshold = 300 (default)
2019-10-10 00:00:38,220 [pool-57-thread-1] INFO  server.RaftServerConfigKeys (ConfUtils.java:logGet(43)) - raft.server.log.appender.install.snapshot.enabled = false (custom)
2019-10-10 00:00:38,220 [pool-57-thread-1] INFO  impl.RaftServerImpl (ServerState.java:<init>(103)) - 912b0bdb-3095-44f3-93c0-19702928d0ba@group-5F68059CF4A9: ConfigurationManager, init=-1: [912b0bdb-3095-44f3-93c0-19702928d0ba:192.168.5.166:42393], old=null, confs=<EMPTY_MAP>
2019-10-10 00:00:38,220 [pool-57-thread-1] INFO  server.RaftServerConfigKeys (ConfUtils.java:logGet(43)) - raft.server.storage.dir = [/workdir/hadoop-ozone/integration-test/target/test-dir/MiniOzoneClusterImpl-8984d707-b3d2-42d5-a334-f25a69bbeeeb/datanode-3/data/ratis] (custom)
2019-10-10 00:00:38,220 [pool-57-thread-1] INFO  server.RaftServerConfigKeys (ConfUtils.java:logGet(43)) - raft.server.log.corruption.policy = EXCEPTION (default)
2019-10-10 00:00:38,220 [pool-57-thread-1] INFO  storage.RaftStorageDirectory (RaftStorageDirectory.java:analyzeStorage(246)) - The storage directory /workdir/hadoop-ozone/integration-test/target/test-dir/MiniOzoneClusterImpl-8984d707-b3d2-42d5-a334-f25a69bbeeeb/datanode-3/data/ratis/16d9b3ac-13f1-4197-b2ac-5f68059cf4a9 does not exist. Creating ...
2019-10-10 00:00:38,233 [pool-57-thread-1] INFO  storage.RaftStorageDirectory (RaftStorageDirectory.java:tryLock(328)) - Lock on /workdir/hadoop-ozone/integration-test/target/test-dir/MiniOzoneClusterImpl-8984d707-b3d2-42d5-a334-f25a69bbeeeb/datanode-3/data/ratis/16d9b3ac-13f1-4197-b2ac-5f68059cf4a9/in_use.lock acquired by nodename 904@pr-hdds-1868-fg6nx-4263576025
2019-10-10 00:00:38,253 [pool-57-thread-1] INFO  storage.RaftStorage (RaftStorage.java:format(84)) - Storage directory /workdir/hadoop-ozone/integration-test/target/test-dir/MiniOzoneClusterImpl-8984d707-b3d2-42d5-a334-f25a69bbeeeb/datanode-3/data/ratis/16d9b3ac-13f1-4197-b2ac-5f68059cf4a9 has been successfully formatted.
2019-10-10 00:00:38,253 [pool-57-thread-1] INFO  ratis.ContainerStateMachine (ContainerStateMachine.java:loadSnapshot(233)) - group-5F68059CF4A9: The snapshot info is null. Setting the last applied indexto:(t:0, i:~)
2019-10-10 00:00:38,254 [pool-57-thread-1] INFO  server.RaftServerConfigKeys (ConfUtils.java:logGet(43)) - raft.server.notification.no-leader.timeout = 120s (custom)
2019-10-10 00:00:38,254 [pool-57-thread-1] INFO  server.RaftServerConfigKeys (ConfUtils.java:logGet(43)) - raft.server.log.use.memory = false (default)
2019-10-10 00:00:38,254 [pool-57-thread-1] INFO  server.RaftServerConfigKeys (ConfUtils.java:logGet(43)) - raft.server.log.purge.gap = 1000000 (custom)
2019-10-10 00:00:38,254 [pool-57-thread-1] INFO  server.RaftServerConfigKeys (ConfUtils.java:logGet(43)) - raft.server.log.appender.buffer.byte-limit = 33554432 (custom)
2019-10-10 00:00:38,254 [pool-57-thread-1] INFO  server.RaftServerConfigKeys (ConfUtils.java:logGet(43)) - raft.server.log.segment.size.max = 1048576 (custom)
2019-10-10 00:00:38,254 [pool-57-thread-1] INFO  server.RaftServerConfigKeys (ConfUtils.java:logGet(43)) - raft.server.log.segment.cache.num.max = 2 (custom)
2019-10-10 00:00:38,254 [pool-57-thread-1] INFO  segmented.SegmentedRaftLogWorker (SegmentedRaftLogWorker.java:<init>(173)) - new 912b0bdb-3095-44f3-93c0-19702928d0ba@group-5F68059CF4A9-SegmentedRaftLogWorker for RaftStorage:Storage Directory /workdir/hadoop-ozone/integration-test/target/test-dir/MiniOzoneClusterImpl-8984d707-b3d2-42d5-a334-f25a69bbeeeb/datanode-3/data/ratis/16d9b3ac-13f1-4197-b2ac-5f68059cf4a9
2019-10-10 00:00:38,254 [pool-57-thread-1] INFO  server.RaftServerConfigKeys (ConfUtils.java:logGet(43)) - raft.server.log.queue.byte-limit = 2147483647 (custom)
2019-10-10 00:00:38,254 [pool-57-thread-1] INFO  server.RaftServerConfigKeys (ConfUtils.java:logGet(43)) - raft.server.log.queue.element-limit = 1024 (custom)
2019-10-10 00:00:38,255 [pool-57-thread-1] INFO  server.RaftServerConfigKeys (ConfUtils.java:logGet(43)) - raft.server.log.segment.size.max = 1048576 (custom)
2019-10-10 00:00:38,255 [pool-57-thread-1] INFO  server.RaftServerConfigKeys (ConfUtils.java:logGet(43)) - raft.server.log.preallocated.size = 16384 (custom)
2019-10-10 00:00:38,255 [pool-57-thread-1] INFO  server.RaftServerConfigKeys (ConfUtils.java:logGet(43)) - raft.server.log.write.buffer.size = 33554432 (custom)
2019-10-10 00:00:38,255 [pool-57-thread-1] INFO  server.RaftServerConfigKeys (ConfUtils.java:logGet(43)) - raft.server.log.force.sync.num = 128 (default)
2019-10-10 00:00:38,255 [pool-57-thread-1] INFO  server.RaftServerConfigKeys (ConfUtils.java:logGet(43)) - raft.server.log.statemachine.data.sync = true (default)
2019-10-10 00:00:38,255 [pool-57-thread-1] INFO  server.RaftServerConfigKeys (ConfUtils.java:logGet(43)) - raft.server.log.statemachine.data.sync.timeout = 10s (default)
2019-10-10 00:00:38,255 [pool-57-thread-1] INFO  server.RaftServerConfigKeys (ConfUtils.java:logGet(43)) - raft.server.log.statemachine.data.sync.timeout.retry = -1 (default)
2019-10-10 00:00:38,255 [pool-57-thread-1] INFO  server.RaftServerConfigKeys (ConfUtils.java:logGet(43)) - raft.server.log.statemachine.data.caching.enabled = true (custom)
2019-10-10 00:00:38,256 [pool-57-thread-1] INFO  segmented.SegmentedRaftLogWorker (SegmentedRaftLogWorker.java:lambda$new$0(128)) - 912b0bdb-3095-44f3-93c0-19702928d0ba@group-5F68059CF4A9-SegmentedRaftLogWorker: flushIndex: setUnconditionally 0 -> -1
2019-10-10 00:00:38,256 [pool-57-thread-1] INFO  server.RaftServerConfigKeys (ConfUtils.java:logGet(43)) - raft.server.snapshot.auto.trigger.enabled = true (custom)
2019-10-10 00:00:38,256 [pool-57-thread-1] INFO  server.RaftServerConfigKeys (ConfUtils.java:logGet(43)) - raft.server.snapshot.auto.trigger.threshold = 10000 (custom)
2019-10-10 00:00:38,256 [pool-57-thread-1] INFO  server.RaftServerConfigKeys (ConfUtils.java:logGet(43)) - raft.server.snapshot.retention.file.num = 5 (custom)
2019-10-10 00:00:38,256 [pool-57-thread-1] INFO  server.RaftServerConfigKeys (ConfUtils.java:logGet(43)) - raft.server.retrycache.expirytime = 600000ms (custom)
2019-10-10 00:00:38,258 [pool-57-thread-1] INFO  impl.RaftServerImpl (RaftServerImpl.java:start(181)) - 912b0bdb-3095-44f3-93c0-19702928d0ba@group-5F68059CF4A9: start as a follower, conf=-1: [912b0bdb-3095-44f3-93c0-19702928d0ba:192.168.5.166:42393], old=null
2019-10-10 00:00:38,259 [pool-57-thread-1] INFO  impl.RaftServerImpl (RaftServerImpl.java:setRole(170)) - 912b0bdb-3095-44f3-93c0-19702928d0ba@group-5F68059CF4A9: changes role from      null to FOLLOWER at term 0 for startAsFollower
2019-10-10 00:00:38,259 [pool-57-thread-1] INFO  impl.RoleInfo (RoleInfo.java:updateAndGet(143)) - 912b0bdb-3095-44f3-93c0-19702928d0ba: start FollowerState
2019-10-10 00:00:38,259 [pool-57-thread-1] INFO  util.JmxRegister (JmxRegister.java:tryRegister(44)) - Successfully registered JMX Bean with object name Ratis:service=RaftServer,group=group-5F68059CF4A9,id=912b0bdb-3095-44f3-93c0-19702928d0ba
2019-10-10 00:00:38,266 [RatisPipelineUtilsThread] INFO  pipeline.PipelineStateManager (PipelineStateManager.java:addPipeline(57)) - Created pipeline Pipeline[ Id: 16d9b3ac-13f1-4197-b2ac-5f68059cf4a9, Nodes: 912b0bdb-3095-44f3-93c0-19702928d0ba{ip: 192.168.5.166, host: pr-hdds-1868-fg6nx-4263576025, networkLocation: /default-rack, certSerialId: null}, Type:RATIS, Factor:ONE, State:ALLOCATED]
2019-10-10 00:00:38,273 [Thread-238] INFO  pipeline.PipelineStateManager (PipelineStateManager.java:finalizePipeline(123)) - Pipeline Pipeline[ Id: 2509bc2a-fcbf-4613-b2c5-0b1bc72c0ab6, Nodes: 741d15da-6e3d-4013-9010-457716b563b4{ip: 192.168.5.166, host: pr-hdds-1868-fg6nx-4263576025, networkLocation: /default-rack, certSerialId: null}, Type:RATIS, Factor:ONE, State:CLOSED] moved to CLOSED state
2019-10-10 00:00:38,283 [grpc-default-executor-2] INFO  impl.RaftServerProxy (RaftServerProxy.java:remove(95)) - 741d15da-6e3d-4013-9010-457716b563b4: remove  FOLLOWER 741d15da-6e3d-4013-9010-457716b563b4@group-0B1BC72C0AB6:t0, leader=null, voted=null, raftlog=741d15da-6e3d-4013-9010-457716b563b4@group-0B1BC72C0AB6-SegmentedRaftLog:OPENED:c-1,f-1,i0, conf=-1: [741d15da-6e3d-4013-9010-457716b563b4:192.168.5.166:35142], old=null RUNNING
2019-10-10 00:00:38,283 [grpc-default-executor-2] INFO  impl.RaftServerImpl (RaftServerImpl.java:lambda$shutdown$3(247)) - 741d15da-6e3d-4013-9010-457716b563b4@group-0B1BC72C0AB6: shutdown
2019-10-10 00:00:38,283 [grpc-default-executor-2] INFO  util.JmxRegister (JmxRegister.java:unregister(73)) - Successfully un-registered JMX Bean with object name Ratis:service=RaftServer,group=group-0B1BC72C0AB6,id=741d15da-6e3d-4013-9010-457716b563b4
2019-10-10 00:00:38,283 [grpc-default-executor-2] INFO  impl.RoleInfo (RoleInfo.java:shutdownFollowerState(121)) - 741d15da-6e3d-4013-9010-457716b563b4: shutdown FollowerState
2019-10-10 00:00:38,283 [grpc-default-executor-2] INFO  impl.StateMachineUpdater (StateMachineUpdater.java:stopAndJoin(136)) - 741d15da-6e3d-4013-9010-457716b563b4@group-0B1BC72C0AB6-StateMachineUpdater: set stopIndex = -1
2019-10-10 00:00:38,283 [Thread-258] INFO  impl.FollowerState (FollowerState.java:run(117)) - 741d15da-6e3d-4013-9010-457716b563b4@group-0B1BC72C0AB6-FollowerState was interrupted: java.lang.InterruptedException: sleep interrupted
2019-10-10 00:00:38,285 [grpc-default-executor-2] INFO  impl.RaftServerImpl (ServerState.java:close(387)) - 741d15da-6e3d-4013-9010-457716b563b4@group-0B1BC72C0AB6: closes. applyIndex: -1
2019-10-10 00:00:38,286 [741d15da-6e3d-4013-9010-457716b563b4@group-0B1BC72C0AB6-SegmentedRaftLogWorker] INFO  segmented.SegmentedRaftLogWorker (SegmentedRaftLogWorker.java:run(316)) - 741d15da-6e3d-4013-9010-457716b563b4@group-0B1BC72C0AB6-SegmentedRaftLogWorker was interrupted, exiting. There are 0 tasks remaining in the queue.
2019-10-10 00:00:38,286 [grpc-default-executor-2] INFO  segmented.SegmentedRaftLogWorker (SegmentedRaftLogWorker.java:close(224)) - 741d15da-6e3d-4013-9010-457716b563b4@group-0B1BC72C0AB6-SegmentedRaftLogWorker close()
2019-10-10 00:00:38,293 [Thread-238] INFO  pipeline.PipelineStateManager (PipelineStateManager.java:removePipeline(108)) - Pipeline Pipeline[ Id: 2509bc2a-fcbf-4613-b2c5-0b1bc72c0ab6, Nodes: 741d15da-6e3d-4013-9010-457716b563b4{ip: 192.168.5.166, host: pr-hdds-1868-fg6nx-4263576025, networkLocation: /default-rack, certSerialId: null}, Type:RATIS, Factor:ONE, State:CLOSED] removed from db
2019-10-10 00:00:38,293 [Thread-238] INFO  pipeline.SCMPipelineManager (SCMPipelineManager.java:finalizeAndDestroyPipeline(315)) - destroying pipeline:Pipeline[ Id: c99dfc61-7576-4fdc-8c31-0df8cc96bb05, Nodes: fc8096d7-9d86-4d26-87c6-cf6d344fbedb{ip: 192.168.5.166, host: pr-hdds-1868-fg6nx-4263576025, networkLocation: /default-rack, certSerialId: null}, Type:RATIS, Factor:ONE, State:ALLOCATED]
2019-10-10 00:00:38,303 [grpc-default-executor-2] INFO  impl.RaftServerProxy (RaftServerProxy.java:addNew(89)) - 741d15da-6e3d-4013-9010-457716b563b4: addNew group-E861F58AB81F:[741d15da-6e3d-4013-9010-457716b563b4:192.168.5.166:35142] returns group-E861F58AB81F:java.util.concurrent.CompletableFuture@6420d52c[Not completed]
2019-10-10 00:00:38,304 [pool-47-thread-1] INFO  impl.RaftServerImpl (RaftServerImpl.java:<init>(95)) - 741d15da-6e3d-4013-9010-457716b563b4: new RaftServerImpl for group-E861F58AB81F:[741d15da-6e3d-4013-9010-457716b563b4:192.168.5.166:35142] with ContainerStateMachine:uninitialized
2019-10-10 00:00:38,304 [pool-47-thread-1] INFO  server.RaftServerConfigKeys (ConfUtils.java:logGet(43)) - raft.server.rpc.timeout.min = 5s (custom)
2019-10-10 00:00:38,305 [pool-47-thread-1] INFO  server.RaftServerConfigKeys (ConfUtils.java:logGet(43)) - raft.server.rpc.timeout.max = 5200ms (custom)
2019-10-10 00:00:38,305 [pool-47-thread-1] INFO  server.RaftServerConfigKeys (ConfUtils.java:logGet(43)) - raft.server.rpcslowness.timeout = 120s (custom)
2019-10-10 00:00:38,305 [pool-47-thread-1] INFO  server.RaftServerConfigKeys (ConfUtils.java:logGet(43)) - raft.server.sleep.deviation.threshold = 300 (default)
2019-10-10 00:00:38,305 [pool-47-thread-1] INFO  server.RaftServerConfigKeys (ConfUtils.java:logGet(43)) - raft.server.log.appender.install.snapshot.enabled = false (custom)
2019-10-10 00:00:38,305 [pool-47-thread-1] INFO  impl.RaftServerImpl (ServerState.java:<init>(103)) - 741d15da-6e3d-4013-9010-457716b563b4@group-E861F58AB81F: ConfigurationManager, init=-1: [741d15da-6e3d-4013-9010-457716b563b4:192.168.5.166:35142], old=null, confs=<EMPTY_MAP>
2019-10-10 00:00:38,305 [pool-47-thread-1] INFO  server.RaftServerConfigKeys (ConfUtils.java:logGet(43)) - raft.server.storage.dir = [/workdir/hadoop-ozone/integration-test/target/test-dir/MiniOzoneClusterImpl-8984d707-b3d2-42d5-a334-f25a69bbeeeb/datanode-2/data/ratis] (custom)
2019-10-10 00:00:38,305 [pool-47-thread-1] INFO  server.RaftServerConfigKeys (ConfUtils.java:logGet(43)) - raft.server.log.corruption.policy = EXCEPTION (default)
2019-10-10 00:00:38,305 [pool-47-thread-1] INFO  storage.RaftStorageDirectory (RaftStorageDirectory.java:analyzeStorage(246)) - The storage directory /workdir/hadoop-ozone/integration-test/target/test-dir/MiniOzoneClusterImpl-8984d707-b3d2-42d5-a334-f25a69bbeeeb/datanode-2/data/ratis/95cbf83f-8850-46db-a962-e861f58ab81f does not exist. Creating ...
2019-10-10 00:00:38,318 [pool-47-thread-1] INFO  storage.RaftStorageDirectory (RaftStorageDirectory.java:tryLock(328)) - Lock on /workdir/hadoop-ozone/integration-test/target/test-dir/MiniOzoneClusterImpl-8984d707-b3d2-42d5-a334-f25a69bbeeeb/datanode-2/data/ratis/95cbf83f-8850-46db-a962-e861f58ab81f/in_use.lock acquired by nodename 904@pr-hdds-1868-fg6nx-4263576025
2019-10-10 00:00:38,331 [pool-47-thread-1] INFO  storage.RaftStorage (RaftStorage.java:format(84)) - Storage directory /workdir/hadoop-ozone/integration-test/target/test-dir/MiniOzoneClusterImpl-8984d707-b3d2-42d5-a334-f25a69bbeeeb/datanode-2/data/ratis/95cbf83f-8850-46db-a962-e861f58ab81f has been successfully formatted.
2019-10-10 00:00:38,332 [pool-47-thread-1] INFO  ratis.ContainerStateMachine (ContainerStateMachine.java:loadSnapshot(233)) - group-E861F58AB81F: The snapshot info is null. Setting the last applied indexto:(t:0, i:~)
2019-10-10 00:00:38,332 [pool-47-thread-1] INFO  server.RaftServerConfigKeys (ConfUtils.java:logGet(43)) - raft.server.notification.no-leader.timeout = 120s (custom)
2019-10-10 00:00:38,332 [pool-47-thread-1] INFO  server.RaftServerConfigKeys (ConfUtils.java:logGet(43)) - raft.server.log.use.memory = false (default)
2019-10-10 00:00:38,332 [pool-47-thread-1] INFO  server.RaftServerConfigKeys (ConfUtils.java:logGet(43)) - raft.server.log.purge.gap = 1000000 (custom)
2019-10-10 00:00:38,332 [pool-47-thread-1] INFO  server.RaftServerConfigKeys (ConfUtils.java:logGet(43)) - raft.server.log.appender.buffer.byte-limit = 33554432 (custom)
2019-10-10 00:00:38,332 [pool-47-thread-1] INFO  server.RaftServerConfigKeys (ConfUtils.java:logGet(43)) - raft.server.log.segment.size.max = 1048576 (custom)
2019-10-10 00:00:38,332 [pool-47-thread-1] INFO  server.RaftServerConfigKeys (ConfUtils.java:logGet(43)) - raft.server.log.segment.cache.num.max = 2 (custom)
2019-10-10 00:00:38,332 [pool-47-thread-1] INFO  segmented.SegmentedRaftLogWorker (SegmentedRaftLogWorker.java:<init>(173)) - new 741d15da-6e3d-4013-9010-457716b563b4@group-E861F58AB81F-SegmentedRaftLogWorker for RaftStorage:Storage Directory /workdir/hadoop-ozone/integration-test/target/test-dir/MiniOzoneClusterImpl-8984d707-b3d2-42d5-a334-f25a69bbeeeb/datanode-2/data/ratis/95cbf83f-8850-46db-a962-e861f58ab81f
2019-10-10 00:00:38,333 [pool-47-thread-1] INFO  server.RaftServerConfigKeys (ConfUtils.java:logGet(43)) - raft.server.log.queue.byte-limit = 2147483647 (custom)
2019-10-10 00:00:38,333 [pool-47-thread-1] INFO  server.RaftServerConfigKeys (ConfUtils.java:logGet(43)) - raft.server.log.queue.element-limit = 1024 (custom)
2019-10-10 00:00:38,333 [pool-47-thread-1] INFO  server.RaftServerConfigKeys (ConfUtils.java:logGet(43)) - raft.server.log.segment.size.max = 1048576 (custom)
2019-10-10 00:00:38,333 [pool-47-thread-1] INFO  server.RaftServerConfigKeys (ConfUtils.java:logGet(43)) - raft.server.log.preallocated.size = 16384 (custom)
2019-10-10 00:00:38,333 [pool-47-thread-1] INFO  server.RaftServerConfigKeys (ConfUtils.java:logGet(43)) - raft.server.log.write.buffer.size = 33554432 (custom)
2019-10-10 00:00:38,333 [pool-47-thread-1] INFO  server.RaftServerConfigKeys (ConfUtils.java:logGet(43)) - raft.server.log.force.sync.num = 128 (default)
2019-10-10 00:00:38,333 [pool-47-thread-1] INFO  server.RaftServerConfigKeys (ConfUtils.java:logGet(43)) - raft.server.log.statemachine.data.sync = true (default)
2019-10-10 00:00:38,333 [pool-47-thread-1] INFO  server.RaftServerConfigKeys (ConfUtils.java:logGet(43)) - raft.server.log.statemachine.data.sync.timeout = 10s (default)
2019-10-10 00:00:38,333 [pool-47-thread-1] INFO  server.RaftServerConfigKeys (ConfUtils.java:logGet(43)) - raft.server.log.statemachine.data.sync.timeout.retry = -1 (default)
2019-10-10 00:00:38,333 [pool-47-thread-1] INFO  server.RaftServerConfigKeys (ConfUtils.java:logGet(43)) - raft.server.log.statemachine.data.caching.enabled = true (custom)
2019-10-10 00:00:38,334 [pool-47-thread-1] INFO  segmented.SegmentedRaftLogWorker (SegmentedRaftLogWorker.java:lambda$new$0(128)) - 741d15da-6e3d-4013-9010-457716b563b4@group-E861F58AB81F-SegmentedRaftLogWorker: flushIndex: setUnconditionally 0 -> -1
2019-10-10 00:00:38,334 [pool-47-thread-1] INFO  server.RaftServerConfigKeys (ConfUtils.java:logGet(43)) - raft.server.snapshot.auto.trigger.enabled = true (custom)
2019-10-10 00:00:38,334 [pool-47-thread-1] INFO  server.RaftServerConfigKeys (ConfUtils.java:logGet(43)) - raft.server.snapshot.auto.trigger.threshold = 10000 (custom)
2019-10-10 00:00:38,334 [pool-47-thread-1] INFO  server.RaftServerConfigKeys (ConfUtils.java:logGet(43)) - raft.server.snapshot.retention.file.num = 5 (custom)
2019-10-10 00:00:38,334 [pool-47-thread-1] INFO  server.RaftServerConfigKeys (ConfUtils.java:logGet(43)) - raft.server.retrycache.expirytime = 600000ms (custom)
2019-10-10 00:00:38,336 [pool-47-thread-1] INFO  impl.RaftServerImpl (RaftServerImpl.java:start(181)) - 741d15da-6e3d-4013-9010-457716b563b4@group-E861F58AB81F: start as a follower, conf=-1: [741d15da-6e3d-4013-9010-457716b563b4:192.168.5.166:35142], old=null
2019-10-10 00:00:38,336 [pool-47-thread-1] INFO  impl.RaftServerImpl (RaftServerImpl.java:setRole(170)) - 741d15da-6e3d-4013-9010-457716b563b4@group-E861F58AB81F: changes role from      null to FOLLOWER at term 0 for startAsFollower
2019-10-10 00:00:38,337 [pool-47-thread-1] INFO  impl.RoleInfo (RoleInfo.java:updateAndGet(143)) - 741d15da-6e3d-4013-9010-457716b563b4: start FollowerState
2019-10-10 00:00:38,337 [pool-47-thread-1] INFO  util.JmxRegister (JmxRegister.java:tryRegister(44)) - Successfully registered JMX Bean with object name Ratis:service=RaftServer,group=group-E861F58AB81F,id=741d15da-6e3d-4013-9010-457716b563b4
2019-10-10 00:00:38,345 [RatisPipelineUtilsThread] INFO  pipeline.PipelineStateManager (PipelineStateManager.java:addPipeline(57)) - Created pipeline Pipeline[ Id: 95cbf83f-8850-46db-a962-e861f58ab81f, Nodes: 741d15da-6e3d-4013-9010-457716b563b4{ip: 192.168.5.166, host: pr-hdds-1868-fg6nx-4263576025, networkLocation: /default-rack, certSerialId: null}, Type:RATIS, Factor:ONE, State:ALLOCATED]
2019-10-10 00:00:38,348 [Thread-238] INFO  pipeline.PipelineStateManager (PipelineStateManager.java:finalizePipeline(123)) - Pipeline Pipeline[ Id: c99dfc61-7576-4fdc-8c31-0df8cc96bb05, Nodes: fc8096d7-9d86-4d26-87c6-cf6d344fbedb{ip: 192.168.5.166, host: pr-hdds-1868-fg6nx-4263576025, networkLocation: /default-rack, certSerialId: null}, Type:RATIS, Factor:ONE, State:CLOSED] moved to CLOSED state
2019-10-10 00:00:38,359 [grpc-default-executor-2] INFO  impl.RaftServerProxy (RaftServerProxy.java:remove(95)) - fc8096d7-9d86-4d26-87c6-cf6d344fbedb: remove  FOLLOWER fc8096d7-9d86-4d26-87c6-cf6d344fbedb@group-0DF8CC96BB05:t0, leader=null, voted=null, raftlog=fc8096d7-9d86-4d26-87c6-cf6d344fbedb@group-0DF8CC96BB05-SegmentedRaftLog:OPENED:c-1,f-1,i0, conf=-1: [fc8096d7-9d86-4d26-87c6-cf6d344fbedb:192.168.5.166:33290], old=null RUNNING
2019-10-10 00:00:38,360 [grpc-default-executor-2] INFO  impl.RaftServerImpl (RaftServerImpl.java:lambda$shutdown$3(247)) - fc8096d7-9d86-4d26-87c6-cf6d344fbedb@group-0DF8CC96BB05: shutdown
2019-10-10 00:00:38,360 [grpc-default-executor-2] INFO  util.JmxRegister (JmxRegister.java:unregister(73)) - Successfully un-registered JMX Bean with object name Ratis:service=RaftServer,group=group-0DF8CC96BB05,id=fc8096d7-9d86-4d26-87c6-cf6d344fbedb
2019-10-10 00:00:38,360 [grpc-default-executor-2] INFO  impl.RoleInfo (RoleInfo.java:shutdownFollowerState(121)) - fc8096d7-9d86-4d26-87c6-cf6d344fbedb: shutdown FollowerState
2019-10-10 00:00:38,360 [grpc-default-executor-2] INFO  impl.StateMachineUpdater (StateMachineUpdater.java:stopAndJoin(136)) - fc8096d7-9d86-4d26-87c6-cf6d344fbedb@group-0DF8CC96BB05-StateMachineUpdater: set stopIndex = -1
2019-10-10 00:00:38,360 [Thread-252] INFO  impl.FollowerState (FollowerState.java:run(117)) - fc8096d7-9d86-4d26-87c6-cf6d344fbedb@group-0DF8CC96BB05-FollowerState was interrupted: java.lang.InterruptedException: sleep interrupted
2019-10-10 00:00:38,361 [grpc-default-executor-2] INFO  impl.RaftServerImpl (ServerState.java:close(387)) - fc8096d7-9d86-4d26-87c6-cf6d344fbedb@group-0DF8CC96BB05: closes. applyIndex: -1
2019-10-10 00:00:38,363 [fc8096d7-9d86-4d26-87c6-cf6d344fbedb@group-0DF8CC96BB05-SegmentedRaftLogWorker] INFO  segmented.SegmentedRaftLogWorker (SegmentedRaftLogWorker.java:run(316)) - fc8096d7-9d86-4d26-87c6-cf6d344fbedb@group-0DF8CC96BB05-SegmentedRaftLogWorker was interrupted, exiting. There are 0 tasks remaining in the queue.
2019-10-10 00:00:38,363 [grpc-default-executor-2] INFO  segmented.SegmentedRaftLogWorker (SegmentedRaftLogWorker.java:close(224)) - fc8096d7-9d86-4d26-87c6-cf6d344fbedb@group-0DF8CC96BB05-SegmentedRaftLogWorker close()
2019-10-10 00:00:38,372 [Thread-238] INFO  pipeline.PipelineStateManager (PipelineStateManager.java:removePipeline(108)) - Pipeline Pipeline[ Id: c99dfc61-7576-4fdc-8c31-0df8cc96bb05, Nodes: fc8096d7-9d86-4d26-87c6-cf6d344fbedb{ip: 192.168.5.166, host: pr-hdds-1868-fg6nx-4263576025, networkLocation: /default-rack, certSerialId: null}, Type:RATIS, Factor:ONE, State:CLOSED] removed from db
2019-10-10 00:00:38,373 [Thread-238] INFO  pipeline.SCMPipelineManager (SCMPipelineManager.java:finalizeAndDestroyPipeline(315)) - destroying pipeline:Pipeline[ Id: 8dad9404-160a-41cf-98ee-908d88e7e0f6, Nodes: 0679a6ad-56a1-41b2-83e1-15692bb468db{ip: 192.168.5.166, host: pr-hdds-1868-fg6nx-4263576025, networkLocation: /default-rack, certSerialId: null}, Type:RATIS, Factor:ONE, State:ALLOCATED]
2019-10-10 00:00:38,387 [grpc-default-executor-2] INFO  impl.RaftServerProxy (RaftServerProxy.java:addNew(89)) - fc8096d7-9d86-4d26-87c6-cf6d344fbedb: addNew group-47571F70FBC0:[fc8096d7-9d86-4d26-87c6-cf6d344fbedb:192.168.5.166:33290] returns group-47571F70FBC0:java.util.concurrent.CompletableFuture@3fbabf74[Not completed]
2019-10-10 00:00:38,389 [pool-67-thread-1] INFO  impl.RaftServerImpl (RaftServerImpl.java:<init>(95)) - fc8096d7-9d86-4d26-87c6-cf6d344fbedb: new RaftServerImpl for group-47571F70FBC0:[fc8096d7-9d86-4d26-87c6-cf6d344fbedb:192.168.5.166:33290] with ContainerStateMachine:uninitialized
2019-10-10 00:00:38,389 [pool-67-thread-1] INFO  server.RaftServerConfigKeys (ConfUtils.java:logGet(43)) - raft.server.rpc.timeout.min = 5s (custom)
2019-10-10 00:00:38,389 [pool-67-thread-1] INFO  server.RaftServerConfigKeys (ConfUtils.java:logGet(43)) - raft.server.rpc.timeout.max = 5200ms (custom)
2019-10-10 00:00:38,389 [pool-67-thread-1] INFO  server.RaftServerConfigKeys (ConfUtils.java:logGet(43)) - raft.server.rpcslowness.timeout = 120s (custom)
2019-10-10 00:00:38,389 [pool-67-thread-1] INFO  server.RaftServerConfigKeys (ConfUtils.java:logGet(43)) - raft.server.sleep.deviation.threshold = 300 (default)
2019-10-10 00:00:38,389 [pool-67-thread-1] INFO  server.RaftServerConfigKeys (ConfUtils.java:logGet(43)) - raft.server.log.appender.install.snapshot.enabled = false (custom)
2019-10-10 00:00:38,390 [pool-67-thread-1] INFO  impl.RaftServerImpl (ServerState.java:<init>(103)) - fc8096d7-9d86-4d26-87c6-cf6d344fbedb@group-47571F70FBC0: ConfigurationManager, init=-1: [fc8096d7-9d86-4d26-87c6-cf6d344fbedb:192.168.5.166:33290], old=null, confs=<EMPTY_MAP>
2019-10-10 00:00:38,390 [pool-67-thread-1] INFO  server.RaftServerConfigKeys (ConfUtils.java:logGet(43)) - raft.server.storage.dir = [/workdir/hadoop-ozone/integration-test/target/test-dir/MiniOzoneClusterImpl-8984d707-b3d2-42d5-a334-f25a69bbeeeb/datanode-4/data/ratis] (custom)
2019-10-10 00:00:38,390 [pool-67-thread-1] INFO  server.RaftServerConfigKeys (ConfUtils.java:logGet(43)) - raft.server.log.corruption.policy = EXCEPTION (default)
2019-10-10 00:00:38,390 [pool-67-thread-1] INFO  storage.RaftStorageDirectory (RaftStorageDirectory.java:analyzeStorage(246)) - The storage directory /workdir/hadoop-ozone/integration-test/target/test-dir/MiniOzoneClusterImpl-8984d707-b3d2-42d5-a334-f25a69bbeeeb/datanode-4/data/ratis/354347a3-ffe2-452d-bf41-47571f70fbc0 does not exist. Creating ...
2019-10-10 00:00:38,403 [pool-67-thread-1] INFO  storage.RaftStorageDirectory (RaftStorageDirectory.java:tryLock(328)) - Lock on /workdir/hadoop-ozone/integration-test/target/test-dir/MiniOzoneClusterImpl-8984d707-b3d2-42d5-a334-f25a69bbeeeb/datanode-4/data/ratis/354347a3-ffe2-452d-bf41-47571f70fbc0/in_use.lock acquired by nodename 904@pr-hdds-1868-fg6nx-4263576025
2019-10-10 00:00:38,417 [pool-67-thread-1] INFO  storage.RaftStorage (RaftStorage.java:format(84)) - Storage directory /workdir/hadoop-ozone/integration-test/target/test-dir/MiniOzoneClusterImpl-8984d707-b3d2-42d5-a334-f25a69bbeeeb/datanode-4/data/ratis/354347a3-ffe2-452d-bf41-47571f70fbc0 has been successfully formatted.
2019-10-10 00:00:38,418 [pool-67-thread-1] INFO  ratis.ContainerStateMachine (ContainerStateMachine.java:loadSnapshot(233)) - group-47571F70FBC0: The snapshot info is null. Setting the last applied indexto:(t:0, i:~)
2019-10-10 00:00:38,418 [pool-67-thread-1] INFO  server.RaftServerConfigKeys (ConfUtils.java:logGet(43)) - raft.server.notification.no-leader.timeout = 120s (custom)
2019-10-10 00:00:38,418 [pool-67-thread-1] INFO  server.RaftServerConfigKeys (ConfUtils.java:logGet(43)) - raft.server.log.use.memory = false (default)
2019-10-10 00:00:38,418 [pool-67-thread-1] INFO  server.RaftServerConfigKeys (ConfUtils.java:logGet(43)) - raft.server.log.purge.gap = 1000000 (custom)
2019-10-10 00:00:38,418 [pool-67-thread-1] INFO  server.RaftServerConfigKeys (ConfUtils.java:logGet(43)) - raft.server.log.appender.buffer.byte-limit = 33554432 (custom)
2019-10-10 00:00:38,419 [pool-67-thread-1] INFO  server.RaftServerConfigKeys (ConfUtils.java:logGet(43)) - raft.server.log.segment.size.max = 1048576 (custom)
2019-10-10 00:00:38,419 [pool-67-thread-1] INFO  server.RaftServerConfigKeys (ConfUtils.java:logGet(43)) - raft.server.log.segment.cache.num.max = 2 (custom)
2019-10-10 00:00:38,419 [pool-67-thread-1] INFO  segmented.SegmentedRaftLogWorker (SegmentedRaftLogWorker.java:<init>(173)) - new fc8096d7-9d86-4d26-87c6-cf6d344fbedb@group-47571F70FBC0-SegmentedRaftLogWorker for RaftStorage:Storage Directory /workdir/hadoop-ozone/integration-test/target/test-dir/MiniOzoneClusterImpl-8984d707-b3d2-42d5-a334-f25a69bbeeeb/datanode-4/data/ratis/354347a3-ffe2-452d-bf41-47571f70fbc0
2019-10-10 00:00:38,419 [pool-67-thread-1] INFO  server.RaftServerConfigKeys (ConfUtils.java:logGet(43)) - raft.server.log.queue.byte-limit = 2147483647 (custom)
2019-10-10 00:00:38,419 [pool-67-thread-1] INFO  server.RaftServerConfigKeys (ConfUtils.java:logGet(43)) - raft.server.log.queue.element-limit = 1024 (custom)
2019-10-10 00:00:38,419 [pool-67-thread-1] INFO  server.RaftServerConfigKeys (ConfUtils.java:logGet(43)) - raft.server.log.segment.size.max = 1048576 (custom)
2019-10-10 00:00:38,419 [pool-67-thread-1] INFO  server.RaftServerConfigKeys (ConfUtils.java:logGet(43)) - raft.server.log.preallocated.size = 16384 (custom)
2019-10-10 00:00:38,419 [pool-67-thread-1] INFO  server.RaftServerConfigKeys (ConfUtils.java:logGet(43)) - raft.server.log.write.buffer.size = 33554432 (custom)
2019-10-10 00:00:38,419 [pool-67-thread-1] INFO  server.RaftServerConfigKeys (ConfUtils.java:logGet(43)) - raft.server.log.force.sync.num = 128 (default)
2019-10-10 00:00:38,420 [pool-67-thread-1] INFO  server.RaftServerConfigKeys (ConfUtils.java:logGet(43)) - raft.server.log.statemachine.data.sync = true (default)
2019-10-10 00:00:38,420 [pool-67-thread-1] INFO  server.RaftServerConfigKeys (ConfUtils.java:logGet(43)) - raft.server.log.statemachine.data.sync.timeout = 10s (default)
2019-10-10 00:00:38,420 [pool-67-thread-1] INFO  server.RaftServerConfigKeys (ConfUtils.java:logGet(43)) - raft.server.log.statemachine.data.sync.timeout.retry = -1 (default)
2019-10-10 00:00:38,420 [pool-67-thread-1] INFO  server.RaftServerConfigKeys (ConfUtils.java:logGet(43)) - raft.server.log.statemachine.data.caching.enabled = true (custom)
2019-10-10 00:00:38,420 [pool-67-thread-1] INFO  segmented.SegmentedRaftLogWorker (SegmentedRaftLogWorker.java:lambda$new$0(128)) - fc8096d7-9d86-4d26-87c6-cf6d344fbedb@group-47571F70FBC0-SegmentedRaftLogWorker: flushIndex: setUnconditionally 0 -> -1
2019-10-10 00:00:38,421 [pool-67-thread-1] INFO  server.RaftServerConfigKeys (ConfUtils.java:logGet(43)) - raft.server.snapshot.auto.trigger.enabled = true (custom)
2019-10-10 00:00:38,421 [pool-67-thread-1] INFO  server.RaftServerConfigKeys (ConfUtils.java:logGet(43)) - raft.server.snapshot.auto.trigger.threshold = 10000 (custom)
2019-10-10 00:00:38,421 [pool-67-thread-1] INFO  server.RaftServerConfigKeys (ConfUtils.java:logGet(43)) - raft.server.snapshot.retention.file.num = 5 (custom)
2019-10-10 00:00:38,421 [pool-67-thread-1] INFO  server.RaftServerConfigKeys (ConfUtils.java:logGet(43)) - raft.server.retrycache.expirytime = 600000ms (custom)
2019-10-10 00:00:38,423 [pool-67-thread-1] INFO  impl.RaftServerImpl (RaftServerImpl.java:start(181)) - fc8096d7-9d86-4d26-87c6-cf6d344fbedb@group-47571F70FBC0: start as a follower, conf=-1: [fc8096d7-9d86-4d26-87c6-cf6d344fbedb:192.168.5.166:33290], old=null
2019-10-10 00:00:38,423 [pool-67-thread-1] INFO  impl.RaftServerImpl (RaftServerImpl.java:setRole(170)) - fc8096d7-9d86-4d26-87c6-cf6d344fbedb@group-47571F70FBC0: changes role from      null to FOLLOWER at term 0 for startAsFollower
2019-10-10 00:00:38,423 [pool-67-thread-1] INFO  impl.RoleInfo (RoleInfo.java:updateAndGet(143)) - fc8096d7-9d86-4d26-87c6-cf6d344fbedb: start FollowerState
2019-10-10 00:00:38,423 [pool-67-thread-1] INFO  util.JmxRegister (JmxRegister.java:tryRegister(44)) - Successfully registered JMX Bean with object name Ratis:service=RaftServer,group=group-47571F70FBC0,id=fc8096d7-9d86-4d26-87c6-cf6d344fbedb
2019-10-10 00:00:38,430 [RatisPipelineUtilsThread] INFO  pipeline.PipelineStateManager (PipelineStateManager.java:addPipeline(57)) - Created pipeline Pipeline[ Id: 354347a3-ffe2-452d-bf41-47571f70fbc0, Nodes: fc8096d7-9d86-4d26-87c6-cf6d344fbedb{ip: 192.168.5.166, host: pr-hdds-1868-fg6nx-4263576025, networkLocation: /default-rack, certSerialId: null}, Type:RATIS, Factor:ONE, State:ALLOCATED]
2019-10-10 00:00:38,431 [Thread-238] INFO  pipeline.PipelineStateManager (PipelineStateManager.java:finalizePipeline(123)) - Pipeline Pipeline[ Id: 8dad9404-160a-41cf-98ee-908d88e7e0f6, Nodes: 0679a6ad-56a1-41b2-83e1-15692bb468db{ip: 192.168.5.166, host: pr-hdds-1868-fg6nx-4263576025, networkLocation: /default-rack, certSerialId: null}, Type:RATIS, Factor:ONE, State:CLOSED] moved to CLOSED state
2019-10-10 00:00:38,442 [grpc-default-executor-0] INFO  impl.RaftServerProxy (RaftServerProxy.java:remove(95)) - 0679a6ad-56a1-41b2-83e1-15692bb468db: remove  FOLLOWER 0679a6ad-56a1-41b2-83e1-15692bb468db@group-908D88E7E0F6:t0, leader=null, voted=null, raftlog=0679a6ad-56a1-41b2-83e1-15692bb468db@group-908D88E7E0F6-SegmentedRaftLog:OPENED:c-1,f-1,i0, conf=-1: [0679a6ad-56a1-41b2-83e1-15692bb468db:192.168.5.166:38134], old=null RUNNING
2019-10-10 00:00:38,442 [grpc-default-executor-0] INFO  impl.RaftServerImpl (RaftServerImpl.java:lambda$shutdown$3(247)) - 0679a6ad-56a1-41b2-83e1-15692bb468db@group-908D88E7E0F6: shutdown
2019-10-10 00:00:38,442 [grpc-default-executor-0] INFO  util.JmxRegister (JmxRegister.java:unregister(73)) - Successfully un-registered JMX Bean with object name Ratis:service=RaftServer,group=group-908D88E7E0F6,id=0679a6ad-56a1-41b2-83e1-15692bb468db
2019-10-10 00:00:38,443 [grpc-default-executor-0] INFO  impl.RoleInfo (RoleInfo.java:shutdownFollowerState(121)) - 0679a6ad-56a1-41b2-83e1-15692bb468db: shutdown FollowerState
2019-10-10 00:00:38,443 [grpc-default-executor-0] INFO  impl.StateMachineUpdater (StateMachineUpdater.java:stopAndJoin(136)) - 0679a6ad-56a1-41b2-83e1-15692bb468db@group-908D88E7E0F6-StateMachineUpdater: set stopIndex = -1
2019-10-10 00:00:38,443 [Thread-240] INFO  impl.FollowerState (FollowerState.java:run(117)) - 0679a6ad-56a1-41b2-83e1-15692bb468db@group-908D88E7E0F6-FollowerState was interrupted: java.lang.InterruptedException: sleep interrupted
2019-10-10 00:00:38,444 [grpc-default-executor-0] INFO  impl.RaftServerImpl (ServerState.java:close(387)) - 0679a6ad-56a1-41b2-83e1-15692bb468db@group-908D88E7E0F6: closes. applyIndex: -1
2019-10-10 00:00:38,445 [0679a6ad-56a1-41b2-83e1-15692bb468db@group-908D88E7E0F6-SegmentedRaftLogWorker] INFO  segmented.SegmentedRaftLogWorker (SegmentedRaftLogWorker.java:run(316)) - 0679a6ad-56a1-41b2-83e1-15692bb468db@group-908D88E7E0F6-SegmentedRaftLogWorker was interrupted, exiting. There are 0 tasks remaining in the queue.
2019-10-10 00:00:38,446 [grpc-default-executor-0] INFO  segmented.SegmentedRaftLogWorker (SegmentedRaftLogWorker.java:close(224)) - 0679a6ad-56a1-41b2-83e1-15692bb468db@group-908D88E7E0F6-SegmentedRaftLogWorker close()
2019-10-10 00:00:38,452 [Thread-238] INFO  pipeline.PipelineStateManager (PipelineStateManager.java:removePipeline(108)) - Pipeline Pipeline[ Id: 8dad9404-160a-41cf-98ee-908d88e7e0f6, Nodes: 0679a6ad-56a1-41b2-83e1-15692bb468db{ip: 192.168.5.166, host: pr-hdds-1868-fg6nx-4263576025, networkLocation: /default-rack, certSerialId: null}, Type:RATIS, Factor:ONE, State:CLOSED] removed from db
2019-10-10 00:00:38,464 [grpc-default-executor-0] INFO  impl.RaftServerProxy (RaftServerProxy.java:addNew(89)) - 0679a6ad-56a1-41b2-83e1-15692bb468db: addNew group-BA4AC03BDEDE:[0679a6ad-56a1-41b2-83e1-15692bb468db:192.168.5.166:38134] returns group-BA4AC03BDEDE:java.util.concurrent.CompletableFuture@7140602e[Not completed]
2019-10-10 00:00:38,466 [pool-27-thread-1] INFO  impl.RaftServerImpl (RaftServerImpl.java:<init>(95)) - 0679a6ad-56a1-41b2-83e1-15692bb468db: new RaftServerImpl for group-BA4AC03BDEDE:[0679a6ad-56a1-41b2-83e1-15692bb468db:192.168.5.166:38134] with ContainerStateMachine:uninitialized
2019-10-10 00:00:38,466 [pool-27-thread-1] INFO  server.RaftServerConfigKeys (ConfUtils.java:logGet(43)) - raft.server.rpc.timeout.min = 5s (custom)
2019-10-10 00:00:38,467 [pool-27-thread-1] INFO  server.RaftServerConfigKeys (ConfUtils.java:logGet(43)) - raft.server.rpc.timeout.max = 5200ms (custom)
2019-10-10 00:00:38,467 [pool-27-thread-1] INFO  server.RaftServerConfigKeys (ConfUtils.java:logGet(43)) - raft.server.rpcslowness.timeout = 120s (custom)
2019-10-10 00:00:38,467 [pool-27-thread-1] INFO  server.RaftServerConfigKeys (ConfUtils.java:logGet(43)) - raft.server.sleep.deviation.threshold = 300 (default)
2019-10-10 00:00:38,467 [pool-27-thread-1] INFO  server.RaftServerConfigKeys (ConfUtils.java:logGet(43)) - raft.server.log.appender.install.snapshot.enabled = false (custom)
2019-10-10 00:00:38,467 [pool-27-thread-1] INFO  impl.RaftServerImpl (ServerState.java:<init>(103)) - 0679a6ad-56a1-41b2-83e1-15692bb468db@group-BA4AC03BDEDE: ConfigurationManager, init=-1: [0679a6ad-56a1-41b2-83e1-15692bb468db:192.168.5.166:38134], old=null, confs=<EMPTY_MAP>
2019-10-10 00:00:38,467 [pool-27-thread-1] INFO  server.RaftServerConfigKeys (ConfUtils.java:logGet(43)) - raft.server.storage.dir = [/workdir/hadoop-ozone/integration-test/target/test-dir/MiniOzoneClusterImpl-8984d707-b3d2-42d5-a334-f25a69bbeeeb/datanode-0/data/ratis] (custom)
2019-10-10 00:00:38,468 [pool-27-thread-1] INFO  server.RaftServerConfigKeys (ConfUtils.java:logGet(43)) - raft.server.log.corruption.policy = EXCEPTION (default)
2019-10-10 00:00:38,468 [pool-27-thread-1] INFO  storage.RaftStorageDirectory (RaftStorageDirectory.java:analyzeStorage(246)) - The storage directory /workdir/hadoop-ozone/integration-test/target/test-dir/MiniOzoneClusterImpl-8984d707-b3d2-42d5-a334-f25a69bbeeeb/datanode-0/data/ratis/ebc09f16-f743-4205-893c-ba4ac03bdede does not exist. Creating ...
2019-10-10 00:00:38,481 [pool-27-thread-1] INFO  storage.RaftStorageDirectory (RaftStorageDirectory.java:tryLock(328)) - Lock on /workdir/hadoop-ozone/integration-test/target/test-dir/MiniOzoneClusterImpl-8984d707-b3d2-42d5-a334-f25a69bbeeeb/datanode-0/data/ratis/ebc09f16-f743-4205-893c-ba4ac03bdede/in_use.lock acquired by nodename 904@pr-hdds-1868-fg6nx-4263576025
2019-10-10 00:00:38,497 [pool-27-thread-1] INFO  storage.RaftStorage (RaftStorage.java:format(84)) - Storage directory /workdir/hadoop-ozone/integration-test/target/test-dir/MiniOzoneClusterImpl-8984d707-b3d2-42d5-a334-f25a69bbeeeb/datanode-0/data/ratis/ebc09f16-f743-4205-893c-ba4ac03bdede has been successfully formatted.
2019-10-10 00:00:38,497 [pool-27-thread-1] INFO  ratis.ContainerStateMachine (ContainerStateMachine.java:loadSnapshot(233)) - group-BA4AC03BDEDE: The snapshot info is null. Setting the last applied indexto:(t:0, i:~)
2019-10-10 00:00:38,498 [pool-27-thread-1] INFO  server.RaftServerConfigKeys (ConfUtils.java:logGet(43)) - raft.server.notification.no-leader.timeout = 120s (custom)
2019-10-10 00:00:38,498 [pool-27-thread-1] INFO  server.RaftServerConfigKeys (ConfUtils.java:logGet(43)) - raft.server.log.use.memory = false (default)
2019-10-10 00:00:38,498 [pool-27-thread-1] INFO  server.RaftServerConfigKeys (ConfUtils.java:logGet(43)) - raft.server.log.purge.gap = 1000000 (custom)
2019-10-10 00:00:38,498 [pool-27-thread-1] INFO  server.RaftServerConfigKeys (ConfUtils.java:logGet(43)) - raft.server.log.appender.buffer.byte-limit = 33554432 (custom)
2019-10-10 00:00:38,498 [pool-27-thread-1] INFO  server.RaftServerConfigKeys (ConfUtils.java:logGet(43)) - raft.server.log.segment.size.max = 1048576 (custom)
2019-10-10 00:00:38,499 [pool-27-thread-1] INFO  server.RaftServerConfigKeys (ConfUtils.java:logGet(43)) - raft.server.log.segment.cache.num.max = 2 (custom)
2019-10-10 00:00:38,499 [pool-27-thread-1] INFO  segmented.SegmentedRaftLogWorker (SegmentedRaftLogWorker.java:<init>(173)) - new 0679a6ad-56a1-41b2-83e1-15692bb468db@group-BA4AC03BDEDE-SegmentedRaftLogWorker for RaftStorage:Storage Directory /workdir/hadoop-ozone/integration-test/target/test-dir/MiniOzoneClusterImpl-8984d707-b3d2-42d5-a334-f25a69bbeeeb/datanode-0/data/ratis/ebc09f16-f743-4205-893c-ba4ac03bdede
2019-10-10 00:00:38,499 [pool-27-thread-1] INFO  server.RaftServerConfigKeys (ConfUtils.java:logGet(43)) - raft.server.log.queue.byte-limit = 2147483647 (custom)
2019-10-10 00:00:38,499 [pool-27-thread-1] INFO  server.RaftServerConfigKeys (ConfUtils.java:logGet(43)) - raft.server.log.queue.element-limit = 1024 (custom)
2019-10-10 00:00:38,499 [pool-27-thread-1] INFO  server.RaftServerConfigKeys (ConfUtils.java:logGet(43)) - raft.server.log.segment.size.max = 1048576 (custom)
2019-10-10 00:00:38,500 [pool-27-thread-1] INFO  server.RaftServerConfigKeys (ConfUtils.java:logGet(43)) - raft.server.log.preallocated.size = 16384 (custom)
2019-10-10 00:00:38,500 [pool-27-thread-1] INFO  server.RaftServerConfigKeys (ConfUtils.java:logGet(43)) - raft.server.log.write.buffer.size = 33554432 (custom)
2019-10-10 00:00:38,500 [pool-27-thread-1] INFO  server.RaftServerConfigKeys (ConfUtils.java:logGet(43)) - raft.server.log.force.sync.num = 128 (default)
2019-10-10 00:00:38,500 [pool-27-thread-1] INFO  server.RaftServerConfigKeys (ConfUtils.java:logGet(43)) - raft.server.log.statemachine.data.sync = true (default)
2019-10-10 00:00:38,500 [pool-27-thread-1] INFO  server.RaftServerConfigKeys (ConfUtils.java:logGet(43)) - raft.server.log.statemachine.data.sync.timeout = 10s (default)
2019-10-10 00:00:38,500 [pool-27-thread-1] INFO  server.RaftServerConfigKeys (ConfUtils.java:logGet(43)) - raft.server.log.statemachine.data.sync.timeout.retry = -1 (default)
2019-10-10 00:00:38,501 [pool-27-thread-1] INFO  server.RaftServerConfigKeys (ConfUtils.java:logGet(43)) - raft.server.log.statemachine.data.caching.enabled = true (custom)
2019-10-10 00:00:38,501 [pool-27-thread-1] INFO  segmented.SegmentedRaftLogWorker (SegmentedRaftLogWorker.java:lambda$new$0(128)) - 0679a6ad-56a1-41b2-83e1-15692bb468db@group-BA4AC03BDEDE-SegmentedRaftLogWorker: flushIndex: setUnconditionally 0 -> -1
2019-10-10 00:00:38,502 [pool-27-thread-1] INFO  server.RaftServerConfigKeys (ConfUtils.java:logGet(43)) - raft.server.snapshot.auto.trigger.enabled = true (custom)
2019-10-10 00:00:38,502 [pool-27-thread-1] INFO  server.RaftServerConfigKeys (ConfUtils.java:logGet(43)) - raft.server.snapshot.auto.trigger.threshold = 10000 (custom)
2019-10-10 00:00:38,502 [pool-27-thread-1] INFO  server.RaftServerConfigKeys (ConfUtils.java:logGet(43)) - raft.server.snapshot.retention.file.num = 5 (custom)
2019-10-10 00:00:38,502 [pool-27-thread-1] INFO  server.RaftServerConfigKeys (ConfUtils.java:logGet(43)) - raft.server.retrycache.expirytime = 600000ms (custom)
2019-10-10 00:00:38,506 [pool-27-thread-1] INFO  impl.RaftServerImpl (RaftServerImpl.java:start(181)) - 0679a6ad-56a1-41b2-83e1-15692bb468db@group-BA4AC03BDEDE: start as a follower, conf=-1: [0679a6ad-56a1-41b2-83e1-15692bb468db:192.168.5.166:38134], old=null
2019-10-10 00:00:38,506 [pool-27-thread-1] INFO  impl.RaftServerImpl (RaftServerImpl.java:setRole(170)) - 0679a6ad-56a1-41b2-83e1-15692bb468db@group-BA4AC03BDEDE: changes role from      null to FOLLOWER at term 0 for startAsFollower
2019-10-10 00:00:38,506 [pool-27-thread-1] INFO  impl.RoleInfo (RoleInfo.java:updateAndGet(143)) - 0679a6ad-56a1-41b2-83e1-15692bb468db: start FollowerState
2019-10-10 00:00:38,507 [pool-27-thread-1] INFO  util.JmxRegister (JmxRegister.java:tryRegister(44)) - Successfully registered JMX Bean with object name Ratis:service=RaftServer,group=group-BA4AC03BDEDE,id=0679a6ad-56a1-41b2-83e1-15692bb468db
2019-10-10 00:00:38,515 [RatisPipelineUtilsThread] INFO  pipeline.PipelineStateManager (PipelineStateManager.java:addPipeline(57)) - Created pipeline Pipeline[ Id: ebc09f16-f743-4205-893c-ba4ac03bdede, Nodes: 0679a6ad-56a1-41b2-83e1-15692bb468db{ip: 192.168.5.166, host: pr-hdds-1868-fg6nx-4263576025, networkLocation: /default-rack, certSerialId: null}, Type:RATIS, Factor:ONE, State:ALLOCATED]
2019-10-10 00:00:39,113 [main] INFO  ozone.MiniOzoneClusterImpl (MiniOzoneClusterImpl.java:lambda$waitForClusterToBeReady$2(164)) - Waiting for 9 number of pipelines out of 9, to report a leader.
2019-10-10 00:00:40,114 [main] INFO  ozone.MiniOzoneClusterImpl (MiniOzoneClusterImpl.java:lambda$waitForClusterToBeReady$2(164)) - Waiting for 9 number of pipelines out of 9, to report a leader.
2019-10-10 00:00:41,114 [main] INFO  ozone.MiniOzoneClusterImpl (MiniOzoneClusterImpl.java:lambda$waitForClusterToBeReady$2(164)) - Waiting for 9 number of pipelines out of 9, to report a leader.
2019-10-10 00:00:42,115 [main] INFO  ozone.MiniOzoneClusterImpl (MiniOzoneClusterImpl.java:lambda$waitForClusterToBeReady$2(164)) - Waiting for 9 number of pipelines out of 9, to report a leader.
2019-10-10 00:00:42,562 [Thread-285] INFO  impl.FollowerState (FollowerState.java:run(108)) - 76f4bde4-dad5-4a03-9d33-b63c46310e66@group-B2990AEFC048-FollowerState: change to CANDIDATE, lastRpcTime:5014ms, electionTimeout:5014ms
2019-10-10 00:00:42,564 [Thread-285] INFO  impl.RoleInfo (RoleInfo.java:shutdownFollowerState(121)) - 76f4bde4-dad5-4a03-9d33-b63c46310e66: shutdown FollowerState
2019-10-10 00:00:42,564 [Thread-285] INFO  impl.RaftServerImpl (RaftServerImpl.java:setRole(170)) - 76f4bde4-dad5-4a03-9d33-b63c46310e66@group-B2990AEFC048: changes role from  FOLLOWER to CANDIDATE at term 0 for changeToCandidate
2019-10-10 00:00:42,573 [Thread-285] INFO  impl.RoleInfo (RoleInfo.java:updateAndGet(143)) - 76f4bde4-dad5-4a03-9d33-b63c46310e66: start LeaderElection
2019-10-10 00:00:42,593 [76f4bde4-dad5-4a03-9d33-b63c46310e66@group-B2990AEFC048-LeaderElection1] INFO  impl.LeaderElection (LeaderElection.java:askForVotes(178)) - 76f4bde4-dad5-4a03-9d33-b63c46310e66@group-B2990AEFC048-LeaderElection1: begin an election at term 1 for -1: [4808dac8-c899-40b2-85de-0feef9b59caa:192.168.5.166:41801, fc8096d7-9d86-4d26-87c6-cf6d344fbedb:192.168.5.166:33290, 76f4bde4-dad5-4a03-9d33-b63c46310e66:192.168.5.166:35485], old=null
2019-10-10 00:00:42,627 [grpc-default-executor-0] INFO  impl.RaftServerImpl (RaftServerImpl.java:setRole(170)) - 4808dac8-c899-40b2-85de-0feef9b59caa@group-B2990AEFC048: changes role from  FOLLOWER to FOLLOWER at term 1 for recognizeCandidate:76f4bde4-dad5-4a03-9d33-b63c46310e66
2019-10-10 00:00:42,627 [grpc-default-executor-2] INFO  impl.RaftServerImpl (RaftServerImpl.java:setRole(170)) - fc8096d7-9d86-4d26-87c6-cf6d344fbedb@group-B2990AEFC048: changes role from  FOLLOWER to FOLLOWER at term 1 for recognizeCandidate:76f4bde4-dad5-4a03-9d33-b63c46310e66
2019-10-10 00:00:42,627 [grpc-default-executor-0] INFO  impl.RoleInfo (RoleInfo.java:shutdownFollowerState(121)) - 4808dac8-c899-40b2-85de-0feef9b59caa: shutdown FollowerState
2019-10-10 00:00:42,627 [grpc-default-executor-2] INFO  impl.RoleInfo (RoleInfo.java:shutdownFollowerState(121)) - fc8096d7-9d86-4d26-87c6-cf6d344fbedb: shutdown FollowerState
2019-10-10 00:00:42,628 [grpc-default-executor-0] INFO  impl.RoleInfo (RoleInfo.java:updateAndGet(143)) - 4808dac8-c899-40b2-85de-0feef9b59caa: start FollowerState
2019-10-10 00:00:42,628 [Thread-286] INFO  impl.FollowerState (FollowerState.java:run(117)) - 4808dac8-c899-40b2-85de-0feef9b59caa@group-B2990AEFC048-FollowerState was interrupted: java.lang.InterruptedException: sleep interrupted
2019-10-10 00:00:42,628 [Thread-287] INFO  impl.FollowerState (FollowerState.java:run(117)) - fc8096d7-9d86-4d26-87c6-cf6d344fbedb@group-B2990AEFC048-FollowerState was interrupted: java.lang.InterruptedException: sleep interrupted
2019-10-10 00:00:42,628 [grpc-default-executor-2] INFO  impl.RoleInfo (RoleInfo.java:updateAndGet(143)) - fc8096d7-9d86-4d26-87c6-cf6d344fbedb: start FollowerState
2019-10-10 00:00:42,676 [76f4bde4-dad5-4a03-9d33-b63c46310e66@group-B2990AEFC048-LeaderElection1] INFO  impl.LeaderElection (LeaderElection.java:logAndReturn(56)) - 76f4bde4-dad5-4a03-9d33-b63c46310e66@group-B2990AEFC048-LeaderElection1: Election PASSED; received 1 response(s) [76f4bde4-dad5-4a03-9d33-b63c46310e66<-fc8096d7-9d86-4d26-87c6-cf6d344fbedb#0:OK-t1] and 0 exception(s); 76f4bde4-dad5-4a03-9d33-b63c46310e66@group-B2990AEFC048:t1, leader=null, voted=76f4bde4-dad5-4a03-9d33-b63c46310e66, raftlog=76f4bde4-dad5-4a03-9d33-b63c46310e66@group-B2990AEFC048-SegmentedRaftLog:OPENED:c-1,f-1,i0, conf=-1: [4808dac8-c899-40b2-85de-0feef9b59caa:192.168.5.166:41801, fc8096d7-9d86-4d26-87c6-cf6d344fbedb:192.168.5.166:33290, 76f4bde4-dad5-4a03-9d33-b63c46310e66:192.168.5.166:35485], old=null
2019-10-10 00:00:42,680 [76f4bde4-dad5-4a03-9d33-b63c46310e66@group-B2990AEFC048-LeaderElection1] INFO  impl.RoleInfo (RoleInfo.java:shutdownLeaderElection(134)) - 76f4bde4-dad5-4a03-9d33-b63c46310e66: shutdown LeaderElection
2019-10-10 00:00:42,681 [76f4bde4-dad5-4a03-9d33-b63c46310e66@group-B2990AEFC048-LeaderElection1] INFO  impl.RaftServerImpl (RaftServerImpl.java:setRole(170)) - 76f4bde4-dad5-4a03-9d33-b63c46310e66@group-B2990AEFC048: changes role from CANDIDATE to LEADER at term 1 for changeToLeader
2019-10-10 00:00:42,681 [76f4bde4-dad5-4a03-9d33-b63c46310e66@group-B2990AEFC048-LeaderElection1] INFO  ratis.XceiverServerRatis (XceiverServerRatis.java:handleLeaderChangedNotification(702)) - Leader change notification received for group: group-B2990AEFC048 with new leaderId: 76f4bde4-dad5-4a03-9d33-b63c46310e66
2019-10-10 00:00:42,690 [76f4bde4-dad5-4a03-9d33-b63c46310e66@group-B2990AEFC048-LeaderElection1] INFO  impl.RaftServerImpl (ServerState.java:setLeader(255)) - 76f4bde4-dad5-4a03-9d33-b63c46310e66@group-B2990AEFC048: change Leader from null to 76f4bde4-dad5-4a03-9d33-b63c46310e66 at term 1 for becomeLeader, leader elected after 5146ms
2019-10-10 00:00:42,700 [76f4bde4-dad5-4a03-9d33-b63c46310e66@group-B2990AEFC048-LeaderElection1] INFO  server.RaftServerConfigKeys (ConfUtils.java:logGet(43)) - raft.server.staging.catchup.gap = 1000 (default)
2019-10-10 00:00:42,700 [76f4bde4-dad5-4a03-9d33-b63c46310e66@group-B2990AEFC048-LeaderElection1] INFO  server.RaftServerConfigKeys (ConfUtils.java:logGet(43)) - raft.server.rpc.sleep.time = 25ms (default)
2019-10-10 00:00:42,705 [76f4bde4-dad5-4a03-9d33-b63c46310e66@group-B2990AEFC048-LeaderElection1] INFO  server.RaftServerConfigKeys (ConfUtils.java:logGet(43)) - raft.server.write.element-limit = 4096 (default)
2019-10-10 00:00:42,708 [76f4bde4-dad5-4a03-9d33-b63c46310e66@group-B2990AEFC048-LeaderElection1] INFO  server.RaftServerConfigKeys (ConfUtils.java:logGet(43)) - raft.server.watch.timeout = 10s (default)
2019-10-10 00:00:42,708 [76f4bde4-dad5-4a03-9d33-b63c46310e66@group-B2990AEFC048-LeaderElection1] INFO  server.RaftServerConfigKeys (ConfUtils.java:logGet(43)) - raft.server.watch.timeout.denomination = 1s (default)
2019-10-10 00:00:42,709 [76f4bde4-dad5-4a03-9d33-b63c46310e66@group-B2990AEFC048-LeaderElection1] INFO  server.RaftServerConfigKeys (ConfUtils.java:logGet(43)) - raft.server.watch.element-limit = 65536 (default)
2019-10-10 00:00:42,714 [EventQueue-PipelineReportForPipelineReportHandler] INFO  pipeline.PipelineReportHandler (PipelineReportHandler.java:processPipelineReport(119)) - Pipeline PipelineID=ba680de0-9ac6-42e1-be44-8d21409a69e3 reported by 76f4bde4-dad5-4a03-9d33-b63c46310e66{ip: 192.168.5.166, host: pr-hdds-1868-fg6nx-4263576025, networkLocation: /default-rack, certSerialId: null} with leaderId 
2019-10-10 00:00:42,722 [EventQueue-PipelineReportForPipelineReportHandler] INFO  pipeline.PipelineStateManager (PipelineStateManager.java:openPipeline(136)) - Pipeline Pipeline[ Id: ba680de0-9ac6-42e1-be44-8d21409a69e3, Nodes: 76f4bde4-dad5-4a03-9d33-b63c46310e66{ip: 192.168.5.166, host: pr-hdds-1868-fg6nx-4263576025, networkLocation: /default-rack, certSerialId: null}, Type:RATIS, Factor:ONE, State:OPEN] moved to OPEN state
2019-10-10 00:00:42,722 [EventQueue-PipelineReportForPipelineReportHandler] INFO  pipeline.PipelineReportHandler (PipelineReportHandler.java:processPipelineReport(119)) - Pipeline PipelineID=5b89882b-8e88-4482-9cd8-b2990aefc048 reported by 76f4bde4-dad5-4a03-9d33-b63c46310e66{ip: 192.168.5.166, host: pr-hdds-1868-fg6nx-4263576025, networkLocation: /default-rack, certSerialId: null} with leaderId 76f4bde4-dad5-4a03-9d33-b63c46310e66
2019-10-10 00:00:42,728 [76f4bde4-dad5-4a03-9d33-b63c46310e66@group-B2990AEFC048-LeaderElection1] INFO  server.RaftServerConfigKeys (ConfUtils.java:logGet(43)) - raft.server.log.appender.snapshot.chunk.size.max = 16MB (=16777216) (default)
2019-10-10 00:00:42,729 [76f4bde4-dad5-4a03-9d33-b63c46310e66@group-B2990AEFC048-LeaderElection1] INFO  server.RaftServerConfigKeys (ConfUtils.java:logGet(43)) - raft.server.log.appender.buffer.byte-limit = 33554432 (custom)
2019-10-10 00:00:42,729 [76f4bde4-dad5-4a03-9d33-b63c46310e66@group-B2990AEFC048-LeaderElection1] INFO  server.RaftServerConfigKeys (ConfUtils.java:logGet(43)) - raft.server.log.appender.buffer.element-limit = 1 (custom)
2019-10-10 00:00:42,732 [Thread-297] INFO  impl.FollowerState (FollowerState.java:run(108)) - 46504f71-6b77-44e9-a2e5-588075dae190@group-D12770000C91-FollowerState: change to CANDIDATE, lastRpcTime:5014ms, electionTimeout:5014ms
2019-10-10 00:00:42,732 [Thread-297] INFO  impl.RoleInfo (RoleInfo.java:shutdownFollowerState(121)) - 46504f71-6b77-44e9-a2e5-588075dae190: shutdown FollowerState
2019-10-10 00:00:42,732 [Thread-297] INFO  impl.RaftServerImpl (RaftServerImpl.java:setRole(170)) - 46504f71-6b77-44e9-a2e5-588075dae190@group-D12770000C91: changes role from  FOLLOWER to CANDIDATE at term 0 for changeToCandidate
2019-10-10 00:00:42,732 [Thread-297] INFO  impl.RoleInfo (RoleInfo.java:updateAndGet(143)) - 46504f71-6b77-44e9-a2e5-588075dae190: start LeaderElection
2019-10-10 00:00:42,737 [76f4bde4-dad5-4a03-9d33-b63c46310e66@group-B2990AEFC048-LeaderElection1] INFO  grpc.GrpcConfigKeys$Server (ConfUtils.java:logGet(43)) - raft.grpc.server.leader.outstanding.appends.max = 128 (default)
2019-10-10 00:00:42,743 [76f4bde4-dad5-4a03-9d33-b63c46310e66@group-B2990AEFC048-LeaderElection1] INFO  server.RaftServerConfigKeys (ConfUtils.java:logGet(43)) - raft.server.rpc.request.timeout = 3000ms (default)
2019-10-10 00:00:42,743 [76f4bde4-dad5-4a03-9d33-b63c46310e66@group-B2990AEFC048-LeaderElection1] INFO  server.RaftServerConfigKeys (ConfUtils.java:logGet(43)) - raft.server.log.appender.install.snapshot.enabled = false (custom)
2019-10-10 00:00:42,744 [76f4bde4-dad5-4a03-9d33-b63c46310e66@group-B2990AEFC048-LeaderElection1] INFO  server.RaftServerConfigKeys (ConfUtils.java:logGet(43)) - raft.server.log.appender.snapshot.chunk.size.max = 16MB (=16777216) (default)
2019-10-10 00:00:42,745 [76f4bde4-dad5-4a03-9d33-b63c46310e66@group-B2990AEFC048-LeaderElection1] INFO  server.RaftServerConfigKeys (ConfUtils.java:logGet(43)) - raft.server.log.appender.buffer.byte-limit = 33554432 (custom)
2019-10-10 00:00:42,745 [76f4bde4-dad5-4a03-9d33-b63c46310e66@group-B2990AEFC048-LeaderElection1] INFO  server.RaftServerConfigKeys (ConfUtils.java:logGet(43)) - raft.server.log.appender.buffer.element-limit = 1 (custom)
2019-10-10 00:00:42,745 [76f4bde4-dad5-4a03-9d33-b63c46310e66@group-B2990AEFC048-LeaderElection1] INFO  grpc.GrpcConfigKeys$Server (ConfUtils.java:logGet(43)) - raft.grpc.server.leader.outstanding.appends.max = 128 (default)
2019-10-10 00:00:42,745 [76f4bde4-dad5-4a03-9d33-b63c46310e66@group-B2990AEFC048-LeaderElection1] INFO  server.RaftServerConfigKeys (ConfUtils.java:logGet(43)) - raft.server.rpc.request.timeout = 3000ms (default)
2019-10-10 00:00:42,745 [76f4bde4-dad5-4a03-9d33-b63c46310e66@group-B2990AEFC048-LeaderElection1] INFO  server.RaftServerConfigKeys (ConfUtils.java:logGet(43)) - raft.server.log.appender.install.snapshot.enabled = false (custom)
2019-10-10 00:00:42,749 [76f4bde4-dad5-4a03-9d33-b63c46310e66@group-B2990AEFC048-LeaderElection1] INFO  impl.RoleInfo (RoleInfo.java:updateAndGet(143)) - 76f4bde4-dad5-4a03-9d33-b63c46310e66: start LeaderState
2019-10-10 00:00:42,757 [46504f71-6b77-44e9-a2e5-588075dae190@group-D12770000C91-LeaderElection2] INFO  impl.LeaderElection (LeaderElection.java:askForVotes(178)) - 46504f71-6b77-44e9-a2e5-588075dae190@group-D12770000C91-LeaderElection2: begin an election at term 1 for -1: [912b0bdb-3095-44f3-93c0-19702928d0ba:192.168.5.166:42393, 0679a6ad-56a1-41b2-83e1-15692bb468db:192.168.5.166:38134, 46504f71-6b77-44e9-a2e5-588075dae190:192.168.5.166:44353], old=null
2019-10-10 00:00:42,767 [grpc-default-executor-0] INFO  impl.RaftServerImpl (RaftServerImpl.java:setRole(170)) - 912b0bdb-3095-44f3-93c0-19702928d0ba@group-D12770000C91: changes role from  FOLLOWER to FOLLOWER at term 1 for recognizeCandidate:46504f71-6b77-44e9-a2e5-588075dae190
2019-10-10 00:00:42,769 [grpc-default-executor-2] INFO  impl.RaftServerImpl (RaftServerImpl.java:setRole(170)) - 0679a6ad-56a1-41b2-83e1-15692bb468db@group-D12770000C91: changes role from  FOLLOWER to FOLLOWER at term 1 for recognizeCandidate:46504f71-6b77-44e9-a2e5-588075dae190
2019-10-10 00:00:42,769 [grpc-default-executor-0] INFO  impl.RoleInfo (RoleInfo.java:shutdownFollowerState(121)) - 912b0bdb-3095-44f3-93c0-19702928d0ba: shutdown FollowerState
2019-10-10 00:00:42,769 [grpc-default-executor-2] INFO  impl.RoleInfo (RoleInfo.java:shutdownFollowerState(121)) - 0679a6ad-56a1-41b2-83e1-15692bb468db: shutdown FollowerState
2019-10-10 00:00:42,769 [grpc-default-executor-0] INFO  impl.RoleInfo (RoleInfo.java:updateAndGet(143)) - 912b0bdb-3095-44f3-93c0-19702928d0ba: start FollowerState
2019-10-10 00:00:42,770 [Thread-299] INFO  impl.FollowerState (FollowerState.java:run(117)) - 0679a6ad-56a1-41b2-83e1-15692bb468db@group-D12770000C91-FollowerState was interrupted: java.lang.InterruptedException: sleep interrupted
2019-10-10 00:00:42,770 [grpc-default-executor-2] INFO  impl.RoleInfo (RoleInfo.java:updateAndGet(143)) - 0679a6ad-56a1-41b2-83e1-15692bb468db: start FollowerState
2019-10-10 00:00:42,769 [Thread-300] INFO  impl.FollowerState (FollowerState.java:run(117)) - 912b0bdb-3095-44f3-93c0-19702928d0ba@group-D12770000C91-FollowerState was interrupted: java.lang.InterruptedException: sleep interrupted
2019-10-10 00:00:42,773 [76f4bde4-dad5-4a03-9d33-b63c46310e66@group-B2990AEFC048-LeaderElection1] INFO  segmented.SegmentedRaftLogWorker (SegmentedRaftLogWorker.java:startLogSegment(385)) - 76f4bde4-dad5-4a03-9d33-b63c46310e66@group-B2990AEFC048-SegmentedRaftLogWorker: Starting segment from index:0
2019-10-10 00:00:42,782 [46504f71-6b77-44e9-a2e5-588075dae190@group-D12770000C91-LeaderElection2] INFO  impl.LeaderElection (LeaderElection.java:logAndReturn(56)) - 46504f71-6b77-44e9-a2e5-588075dae190@group-D12770000C91-LeaderElection2: Election PASSED; received 1 response(s) [46504f71-6b77-44e9-a2e5-588075dae190<-0679a6ad-56a1-41b2-83e1-15692bb468db#0:OK-t1] and 0 exception(s); 46504f71-6b77-44e9-a2e5-588075dae190@group-D12770000C91:t1, leader=null, voted=46504f71-6b77-44e9-a2e5-588075dae190, raftlog=46504f71-6b77-44e9-a2e5-588075dae190@group-D12770000C91-SegmentedRaftLog:OPENED:c-1,f-1,i0, conf=-1: [912b0bdb-3095-44f3-93c0-19702928d0ba:192.168.5.166:42393, 0679a6ad-56a1-41b2-83e1-15692bb468db:192.168.5.166:38134, 46504f71-6b77-44e9-a2e5-588075dae190:192.168.5.166:44353], old=null
2019-10-10 00:00:42,783 [46504f71-6b77-44e9-a2e5-588075dae190@group-D12770000C91-LeaderElection2] INFO  impl.RoleInfo (RoleInfo.java:shutdownLeaderElection(134)) - 46504f71-6b77-44e9-a2e5-588075dae190: shutdown LeaderElection
2019-10-10 00:00:42,785 [46504f71-6b77-44e9-a2e5-588075dae190@group-D12770000C91-LeaderElection2] INFO  impl.RaftServerImpl (RaftServerImpl.java:setRole(170)) - 46504f71-6b77-44e9-a2e5-588075dae190@group-D12770000C91: changes role from CANDIDATE to LEADER at term 1 for changeToLeader
2019-10-10 00:00:42,785 [46504f71-6b77-44e9-a2e5-588075dae190@group-D12770000C91-LeaderElection2] INFO  ratis.XceiverServerRatis (XceiverServerRatis.java:handleLeaderChangedNotification(702)) - Leader change notification received for group: group-D12770000C91 with new leaderId: 46504f71-6b77-44e9-a2e5-588075dae190
2019-10-10 00:00:42,787 [46504f71-6b77-44e9-a2e5-588075dae190@group-D12770000C91-LeaderElection2] INFO  impl.RaftServerImpl (ServerState.java:setLeader(255)) - 46504f71-6b77-44e9-a2e5-588075dae190@group-D12770000C91: change Leader from null to 46504f71-6b77-44e9-a2e5-588075dae190 at term 1 for becomeLeader, leader elected after 5078ms
2019-10-10 00:00:42,787 [76f4bde4-dad5-4a03-9d33-b63c46310e66@group-B2990AEFC048-LeaderElection1] INFO  impl.RaftServerImpl (ServerState.java:setRaftConf(356)) - 76f4bde4-dad5-4a03-9d33-b63c46310e66@group-B2990AEFC048: set configuration 0: [4808dac8-c899-40b2-85de-0feef9b59caa:192.168.5.166:41801, fc8096d7-9d86-4d26-87c6-cf6d344fbedb:192.168.5.166:33290, 76f4bde4-dad5-4a03-9d33-b63c46310e66:192.168.5.166:35485], old=null at 0
2019-10-10 00:00:42,790 [46504f71-6b77-44e9-a2e5-588075dae190@group-D12770000C91-LeaderElection2] INFO  server.RaftServerConfigKeys (ConfUtils.java:logGet(43)) - raft.server.staging.catchup.gap = 1000 (default)
2019-10-10 00:00:42,797 [46504f71-6b77-44e9-a2e5-588075dae190@group-D12770000C91-LeaderElection2] INFO  server.RaftServerConfigKeys (ConfUtils.java:logGet(43)) - raft.server.rpc.sleep.time = 25ms (default)
2019-10-10 00:00:42,797 [46504f71-6b77-44e9-a2e5-588075dae190@group-D12770000C91-LeaderElection2] INFO  server.RaftServerConfigKeys (ConfUtils.java:logGet(43)) - raft.server.write.element-limit = 4096 (default)
2019-10-10 00:00:42,797 [46504f71-6b77-44e9-a2e5-588075dae190@group-D12770000C91-LeaderElection2] INFO  server.RaftServerConfigKeys (ConfUtils.java:logGet(43)) - raft.server.watch.timeout = 10s (default)
2019-10-10 00:00:42,797 [46504f71-6b77-44e9-a2e5-588075dae190@group-D12770000C91-LeaderElection2] INFO  server.RaftServerConfigKeys (ConfUtils.java:logGet(43)) - raft.server.watch.timeout.denomination = 1s (default)
2019-10-10 00:00:42,798 [46504f71-6b77-44e9-a2e5-588075dae190@group-D12770000C91-LeaderElection2] INFO  server.RaftServerConfigKeys (ConfUtils.java:logGet(43)) - raft.server.watch.element-limit = 65536 (default)
2019-10-10 00:00:42,800 [EventQueue-PipelineReportForPipelineReportHandler] INFO  pipeline.PipelineReportHandler (PipelineReportHandler.java:processPipelineReport(119)) - Pipeline PipelineID=168482ca-b1ec-45aa-825f-d12770000c91 reported by 46504f71-6b77-44e9-a2e5-588075dae190{ip: 192.168.5.166, host: pr-hdds-1868-fg6nx-4263576025, networkLocation: /default-rack, certSerialId: null} with leaderId 46504f71-6b77-44e9-a2e5-588075dae190
2019-10-10 00:00:42,800 [EventQueue-PipelineReportForPipelineReportHandler] INFO  pipeline.PipelineReportHandler (PipelineReportHandler.java:processPipelineReport(119)) - Pipeline PipelineID=00afe914-0997-4cb0-b61b-8766a081ce6b reported by 46504f71-6b77-44e9-a2e5-588075dae190{ip: 192.168.5.166, host: pr-hdds-1868-fg6nx-4263576025, networkLocation: /default-rack, certSerialId: null} with leaderId 
2019-10-10 00:00:42,801 [EventQueue-PipelineReportForPipelineReportHandler] INFO  pipeline.PipelineStateManager (PipelineStateManager.java:openPipeline(136)) - Pipeline Pipeline[ Id: 00afe914-0997-4cb0-b61b-8766a081ce6b, Nodes: 46504f71-6b77-44e9-a2e5-588075dae190{ip: 192.168.5.166, host: pr-hdds-1868-fg6nx-4263576025, networkLocation: /default-rack, certSerialId: null}, Type:RATIS, Factor:ONE, State:OPEN] moved to OPEN state
2019-10-10 00:00:42,802 [46504f71-6b77-44e9-a2e5-588075dae190@group-D12770000C91-LeaderElection2] INFO  server.RaftServerConfigKeys (ConfUtils.java:logGet(43)) - raft.server.log.appender.snapshot.chunk.size.max = 16MB (=16777216) (default)
2019-10-10 00:00:42,802 [46504f71-6b77-44e9-a2e5-588075dae190@group-D12770000C91-LeaderElection2] INFO  server.RaftServerConfigKeys (ConfUtils.java:logGet(43)) - raft.server.log.appender.buffer.byte-limit = 33554432 (custom)
2019-10-10 00:00:42,802 [46504f71-6b77-44e9-a2e5-588075dae190@group-D12770000C91-LeaderElection2] INFO  server.RaftServerConfigKeys (ConfUtils.java:logGet(43)) - raft.server.log.appender.buffer.element-limit = 1 (custom)
2019-10-10 00:00:42,803 [46504f71-6b77-44e9-a2e5-588075dae190@group-D12770000C91-LeaderElection2] INFO  grpc.GrpcConfigKeys$Server (ConfUtils.java:logGet(43)) - raft.grpc.server.leader.outstanding.appends.max = 128 (default)
2019-10-10 00:00:42,805 [46504f71-6b77-44e9-a2e5-588075dae190@group-D12770000C91-LeaderElection2] INFO  server.RaftServerConfigKeys (ConfUtils.java:logGet(43)) - raft.server.rpc.request.timeout = 3000ms (default)
2019-10-10 00:00:42,805 [46504f71-6b77-44e9-a2e5-588075dae190@group-D12770000C91-LeaderElection2] INFO  server.RaftServerConfigKeys (ConfUtils.java:logGet(43)) - raft.server.log.appender.install.snapshot.enabled = false (custom)
2019-10-10 00:00:42,805 [46504f71-6b77-44e9-a2e5-588075dae190@group-D12770000C91-LeaderElection2] INFO  server.RaftServerConfigKeys (ConfUtils.java:logGet(43)) - raft.server.log.appender.snapshot.chunk.size.max = 16MB (=16777216) (default)
2019-10-10 00:00:42,806 [46504f71-6b77-44e9-a2e5-588075dae190@group-D12770000C91-LeaderElection2] INFO  server.RaftServerConfigKeys (ConfUtils.java:logGet(43)) - raft.server.log.appender.buffer.byte-limit = 33554432 (custom)
2019-10-10 00:00:42,806 [46504f71-6b77-44e9-a2e5-588075dae190@group-D12770000C91-LeaderElection2] INFO  server.RaftServerConfigKeys (ConfUtils.java:logGet(43)) - raft.server.log.appender.buffer.element-limit = 1 (custom)
2019-10-10 00:00:42,806 [46504f71-6b77-44e9-a2e5-588075dae190@group-D12770000C91-LeaderElection2] INFO  grpc.GrpcConfigKeys$Server (ConfUtils.java:logGet(43)) - raft.grpc.server.leader.outstanding.appends.max = 128 (default)
2019-10-10 00:00:42,806 [46504f71-6b77-44e9-a2e5-588075dae190@group-D12770000C91-LeaderElection2] INFO  server.RaftServerConfigKeys (ConfUtils.java:logGet(43)) - raft.server.rpc.request.timeout = 3000ms (default)
2019-10-10 00:00:42,806 [46504f71-6b77-44e9-a2e5-588075dae190@group-D12770000C91-LeaderElection2] INFO  server.RaftServerConfigKeys (ConfUtils.java:logGet(43)) - raft.server.log.appender.install.snapshot.enabled = false (custom)
2019-10-10 00:00:42,806 [46504f71-6b77-44e9-a2e5-588075dae190@group-D12770000C91-LeaderElection2] INFO  impl.RoleInfo (RoleInfo.java:updateAndGet(143)) - 46504f71-6b77-44e9-a2e5-588075dae190: start LeaderState
2019-10-10 00:00:42,807 [46504f71-6b77-44e9-a2e5-588075dae190@group-D12770000C91-LeaderElection2] INFO  segmented.SegmentedRaftLogWorker (SegmentedRaftLogWorker.java:startLogSegment(385)) - 46504f71-6b77-44e9-a2e5-588075dae190@group-D12770000C91-SegmentedRaftLogWorker: Starting segment from index:0
2019-10-10 00:00:42,808 [46504f71-6b77-44e9-a2e5-588075dae190@group-D12770000C91-LeaderElection2] INFO  impl.RaftServerImpl (ServerState.java:setRaftConf(356)) - 46504f71-6b77-44e9-a2e5-588075dae190@group-D12770000C91: set configuration 0: [912b0bdb-3095-44f3-93c0-19702928d0ba:192.168.5.166:42393, 0679a6ad-56a1-41b2-83e1-15692bb468db:192.168.5.166:38134, 46504f71-6b77-44e9-a2e5-588075dae190:192.168.5.166:44353], old=null at 0
2019-10-10 00:00:42,822 [grpc-default-executor-3] INFO  ratis.XceiverServerRatis (XceiverServerRatis.java:handleLeaderChangedNotification(702)) - Leader change notification received for group: group-D12770000C91 with new leaderId: 46504f71-6b77-44e9-a2e5-588075dae190
2019-10-10 00:00:42,822 [grpc-default-executor-2] INFO  ratis.XceiverServerRatis (XceiverServerRatis.java:handleLeaderChangedNotification(702)) - Leader change notification received for group: group-B2990AEFC048 with new leaderId: 76f4bde4-dad5-4a03-9d33-b63c46310e66
2019-10-10 00:00:42,822 [grpc-default-executor-0] INFO  ratis.XceiverServerRatis (XceiverServerRatis.java:handleLeaderChangedNotification(702)) - Leader change notification received for group: group-B2990AEFC048 with new leaderId: 76f4bde4-dad5-4a03-9d33-b63c46310e66
2019-10-10 00:00:42,822 [grpc-default-executor-1] INFO  ratis.XceiverServerRatis (XceiverServerRatis.java:handleLeaderChangedNotification(702)) - Leader change notification received for group: group-D12770000C91 with new leaderId: 46504f71-6b77-44e9-a2e5-588075dae190
2019-10-10 00:00:42,826 [grpc-default-executor-0] INFO  impl.RaftServerImpl (ServerState.java:setLeader(255)) - fc8096d7-9d86-4d26-87c6-cf6d344fbedb@group-B2990AEFC048: change Leader from null to 76f4bde4-dad5-4a03-9d33-b63c46310e66 at term 1 for appendEntries, leader elected after 5287ms
2019-10-10 00:00:42,825 [grpc-default-executor-2] INFO  impl.RaftServerImpl (ServerState.java:setLeader(255)) - 4808dac8-c899-40b2-85de-0feef9b59caa@group-B2990AEFC048: change Leader from null to 76f4bde4-dad5-4a03-9d33-b63c46310e66 at term 1 for appendEntries, leader elected after 5287ms
2019-10-10 00:00:42,824 [grpc-default-executor-3] INFO  impl.RaftServerImpl (ServerState.java:setLeader(255)) - 912b0bdb-3095-44f3-93c0-19702928d0ba@group-D12770000C91: change Leader from null to 46504f71-6b77-44e9-a2e5-588075dae190 at term 1 for appendEntries, leader elected after 5114ms
2019-10-10 00:00:42,828 [grpc-default-executor-1] INFO  impl.RaftServerImpl (ServerState.java:setLeader(255)) - 0679a6ad-56a1-41b2-83e1-15692bb468db@group-D12770000C91: change Leader from null to 46504f71-6b77-44e9-a2e5-588075dae190 at term 1 for appendEntries, leader elected after 5115ms
2019-10-10 00:00:42,830 [EventQueue-PipelineReportForPipelineReportHandler] INFO  pipeline.PipelineReportHandler (PipelineReportHandler.java:processPipelineReport(119)) - Pipeline PipelineID=354347a3-ffe2-452d-bf41-47571f70fbc0 reported by fc8096d7-9d86-4d26-87c6-cf6d344fbedb{ip: 192.168.5.166, host: pr-hdds-1868-fg6nx-4263576025, networkLocation: /default-rack, certSerialId: null} with leaderId 
2019-10-10 00:00:42,830 [EventQueue-PipelineReportForPipelineReportHandler] INFO  pipeline.PipelineStateManager (PipelineStateManager.java:openPipeline(136)) - Pipeline Pipeline[ Id: 354347a3-ffe2-452d-bf41-47571f70fbc0, Nodes: fc8096d7-9d86-4d26-87c6-cf6d344fbedb{ip: 192.168.5.166, host: pr-hdds-1868-fg6nx-4263576025, networkLocation: /default-rack, certSerialId: null}, Type:RATIS, Factor:ONE, State:OPEN] moved to OPEN state
2019-10-10 00:00:42,830 [EventQueue-PipelineReportForPipelineReportHandler] INFO  pipeline.PipelineReportHandler (PipelineReportHandler.java:processPipelineReport(119)) - Pipeline PipelineID=5b89882b-8e88-4482-9cd8-b2990aefc048 reported by fc8096d7-9d86-4d26-87c6-cf6d344fbedb{ip: 192.168.5.166, host: pr-hdds-1868-fg6nx-4263576025, networkLocation: /default-rack, certSerialId: null} with leaderId 76f4bde4-dad5-4a03-9d33-b63c46310e66
2019-10-10 00:00:42,830 [EventQueue-PipelineReportForPipelineReportHandler] INFO  pipeline.PipelineReportHandler (PipelineReportHandler.java:processPipelineReport(119)) - Pipeline PipelineID=168482ca-b1ec-45aa-825f-d12770000c91 reported by 0679a6ad-56a1-41b2-83e1-15692bb468db{ip: 192.168.5.166, host: pr-hdds-1868-fg6nx-4263576025, networkLocation: /default-rack, certSerialId: null} with leaderId 46504f71-6b77-44e9-a2e5-588075dae190
2019-10-10 00:00:42,831 [EventQueue-PipelineReportForPipelineReportHandler] INFO  pipeline.PipelineReportHandler (PipelineReportHandler.java:processPipelineReport(119)) - Pipeline PipelineID=ebc09f16-f743-4205-893c-ba4ac03bdede reported by 0679a6ad-56a1-41b2-83e1-15692bb468db{ip: 192.168.5.166, host: pr-hdds-1868-fg6nx-4263576025, networkLocation: /default-rack, certSerialId: null} with leaderId 
2019-10-10 00:00:42,831 [EventQueue-PipelineReportForPipelineReportHandler] INFO  pipeline.PipelineStateManager (PipelineStateManager.java:openPipeline(136)) - Pipeline Pipeline[ Id: ebc09f16-f743-4205-893c-ba4ac03bdede, Nodes: 0679a6ad-56a1-41b2-83e1-15692bb468db{ip: 192.168.5.166, host: pr-hdds-1868-fg6nx-4263576025, networkLocation: /default-rack, certSerialId: null}, Type:RATIS, Factor:ONE, State:OPEN] moved to OPEN state
2019-10-10 00:00:42,831 [EventQueue-PipelineReportForPipelineReportHandler] INFO  pipeline.PipelineReportHandler (PipelineReportHandler.java:processPipelineReport(119)) - Pipeline PipelineID=168482ca-b1ec-45aa-825f-d12770000c91 reported by 912b0bdb-3095-44f3-93c0-19702928d0ba{ip: 192.168.5.166, host: pr-hdds-1868-fg6nx-4263576025, networkLocation: /default-rack, certSerialId: null} with leaderId 46504f71-6b77-44e9-a2e5-588075dae190
2019-10-10 00:00:42,834 [EventQueue-PipelineReportForPipelineReportHandler] INFO  pipeline.PipelineStateManager (PipelineStateManager.java:openPipeline(136)) - Pipeline Pipeline[ Id: 168482ca-b1ec-45aa-825f-d12770000c91, Nodes: 0679a6ad-56a1-41b2-83e1-15692bb468db{ip: 192.168.5.166, host: pr-hdds-1868-fg6nx-4263576025, networkLocation: /default-rack, certSerialId: null}46504f71-6b77-44e9-a2e5-588075dae190{ip: 192.168.5.166, host: pr-hdds-1868-fg6nx-4263576025, networkLocation: /default-rack, certSerialId: null}912b0bdb-3095-44f3-93c0-19702928d0ba{ip: 192.168.5.166, host: pr-hdds-1868-fg6nx-4263576025, networkLocation: /default-rack, certSerialId: null}, Type:RATIS, Factor:THREE, State:OPEN] moved to OPEN state
2019-10-10 00:00:42,834 [EventQueue-PipelineReportForPipelineReportHandler] INFO  pipeline.PipelineReportHandler (PipelineReportHandler.java:processPipelineReport(119)) - Pipeline PipelineID=16d9b3ac-13f1-4197-b2ac-5f68059cf4a9 reported by 912b0bdb-3095-44f3-93c0-19702928d0ba{ip: 192.168.5.166, host: pr-hdds-1868-fg6nx-4263576025, networkLocation: /default-rack, certSerialId: null} with leaderId 
2019-10-10 00:00:42,834 [EventQueue-PipelineReportForPipelineReportHandler] INFO  pipeline.PipelineStateManager (PipelineStateManager.java:openPipeline(136)) - Pipeline Pipeline[ Id: 16d9b3ac-13f1-4197-b2ac-5f68059cf4a9, Nodes: 912b0bdb-3095-44f3-93c0-19702928d0ba{ip: 192.168.5.166, host: pr-hdds-1868-fg6nx-4263576025, networkLocation: /default-rack, certSerialId: null}, Type:RATIS, Factor:ONE, State:OPEN] moved to OPEN state
2019-10-10 00:00:42,834 [EventQueue-PipelineReportForPipelineReportHandler] INFO  pipeline.PipelineReportHandler (PipelineReportHandler.java:processPipelineReport(119)) - Pipeline PipelineID=5b89882b-8e88-4482-9cd8-b2990aefc048 reported by 4808dac8-c899-40b2-85de-0feef9b59caa{ip: 192.168.5.166, host: pr-hdds-1868-fg6nx-4263576025, networkLocation: /default-rack, certSerialId: null} with leaderId 76f4bde4-dad5-4a03-9d33-b63c46310e66
2019-10-10 00:00:42,836 [EventQueue-PipelineReportForPipelineReportHandler] INFO  pipeline.PipelineStateManager (PipelineStateManager.java:openPipeline(136)) - Pipeline Pipeline[ Id: 5b89882b-8e88-4482-9cd8-b2990aefc048, Nodes: 4808dac8-c899-40b2-85de-0feef9b59caa{ip: 192.168.5.166, host: pr-hdds-1868-fg6nx-4263576025, networkLocation: /default-rack, certSerialId: null}fc8096d7-9d86-4d26-87c6-cf6d344fbedb{ip: 192.168.5.166, host: pr-hdds-1868-fg6nx-4263576025, networkLocation: /default-rack, certSerialId: null}76f4bde4-dad5-4a03-9d33-b63c46310e66{ip: 192.168.5.166, host: pr-hdds-1868-fg6nx-4263576025, networkLocation: /default-rack, certSerialId: null}, Type:RATIS, Factor:THREE, State:OPEN] moved to OPEN state
2019-10-10 00:00:42,836 [EventQueue-PipelineReportForPipelineReportHandler] INFO  pipeline.PipelineReportHandler (PipelineReportHandler.java:processPipelineReport(119)) - Pipeline PipelineID=165f4aa2-f6bf-4aa1-80ea-81ef4000a079 reported by 4808dac8-c899-40b2-85de-0feef9b59caa{ip: 192.168.5.166, host: pr-hdds-1868-fg6nx-4263576025, networkLocation: /default-rack, certSerialId: null} with leaderId 
2019-10-10 00:00:42,836 [EventQueue-PipelineReportForPipelineReportHandler] INFO  pipeline.PipelineStateManager (PipelineStateManager.java:openPipeline(136)) - Pipeline Pipeline[ Id: 165f4aa2-f6bf-4aa1-80ea-81ef4000a079, Nodes: 4808dac8-c899-40b2-85de-0feef9b59caa{ip: 192.168.5.166, host: pr-hdds-1868-fg6nx-4263576025, networkLocation: /default-rack, certSerialId: null}, Type:RATIS, Factor:ONE, State:OPEN] moved to OPEN state
2019-10-10 00:00:42,869 [grpc-default-executor-3] INFO  impl.RaftServerImpl (ServerState.java:setRaftConf(356)) - fc8096d7-9d86-4d26-87c6-cf6d344fbedb@group-B2990AEFC048: set configuration 0: [4808dac8-c899-40b2-85de-0feef9b59caa:192.168.5.166:41801, fc8096d7-9d86-4d26-87c6-cf6d344fbedb:192.168.5.166:33290, 76f4bde4-dad5-4a03-9d33-b63c46310e66:192.168.5.166:35485], old=null at 0
2019-10-10 00:00:42,870 [grpc-default-executor-1] INFO  impl.RaftServerImpl (ServerState.java:setRaftConf(356)) - 0679a6ad-56a1-41b2-83e1-15692bb468db@group-D12770000C91: set configuration 0: [912b0bdb-3095-44f3-93c0-19702928d0ba:192.168.5.166:42393, 0679a6ad-56a1-41b2-83e1-15692bb468db:192.168.5.166:38134, 46504f71-6b77-44e9-a2e5-588075dae190:192.168.5.166:44353], old=null at 0
2019-10-10 00:00:42,870 [grpc-default-executor-0] INFO  impl.RaftServerImpl (ServerState.java:setRaftConf(356)) - 912b0bdb-3095-44f3-93c0-19702928d0ba@group-D12770000C91: set configuration 0: [912b0bdb-3095-44f3-93c0-19702928d0ba:192.168.5.166:42393, 0679a6ad-56a1-41b2-83e1-15692bb468db:192.168.5.166:38134, 46504f71-6b77-44e9-a2e5-588075dae190:192.168.5.166:44353], old=null at 0
2019-10-10 00:00:42,869 [grpc-default-executor-2] INFO  impl.RaftServerImpl (ServerState.java:setRaftConf(356)) - 4808dac8-c899-40b2-85de-0feef9b59caa@group-B2990AEFC048: set configuration 0: [4808dac8-c899-40b2-85de-0feef9b59caa:192.168.5.166:41801, fc8096d7-9d86-4d26-87c6-cf6d344fbedb:192.168.5.166:33290, 76f4bde4-dad5-4a03-9d33-b63c46310e66:192.168.5.166:35485], old=null at 0
2019-10-10 00:00:42,871 [grpc-default-executor-0] INFO  segmented.SegmentedRaftLogWorker (SegmentedRaftLogWorker.java:startLogSegment(385)) - 912b0bdb-3095-44f3-93c0-19702928d0ba@group-D12770000C91-SegmentedRaftLogWorker: Starting segment from index:0
2019-10-10 00:00:42,871 [grpc-default-executor-1] INFO  segmented.SegmentedRaftLogWorker (SegmentedRaftLogWorker.java:startLogSegment(385)) - 0679a6ad-56a1-41b2-83e1-15692bb468db@group-D12770000C91-SegmentedRaftLogWorker: Starting segment from index:0
2019-10-10 00:00:42,871 [grpc-default-executor-3] INFO  segmented.SegmentedRaftLogWorker (SegmentedRaftLogWorker.java:startLogSegment(385)) - fc8096d7-9d86-4d26-87c6-cf6d344fbedb@group-B2990AEFC048-SegmentedRaftLogWorker: Starting segment from index:0
2019-10-10 00:00:42,871 [grpc-default-executor-2] INFO  segmented.SegmentedRaftLogWorker (SegmentedRaftLogWorker.java:startLogSegment(385)) - 4808dac8-c899-40b2-85de-0feef9b59caa@group-B2990AEFC048-SegmentedRaftLogWorker: Starting segment from index:0
2019-10-10 00:00:43,009 [76f4bde4-dad5-4a03-9d33-b63c46310e66@group-B2990AEFC048-SegmentedRaftLogWorker] INFO  segmented.SegmentedRaftLogWorker (SegmentedRaftLogWorker.java:execute(576)) - 76f4bde4-dad5-4a03-9d33-b63c46310e66@group-B2990AEFC048-SegmentedRaftLogWorker: created new log segment /workdir/hadoop-ozone/integration-test/target/test-dir/MiniOzoneClusterImpl-8984d707-b3d2-42d5-a334-f25a69bbeeeb/datanode-5/data/ratis/5b89882b-8e88-4482-9cd8-b2990aefc048/current/log_inprogress_0
2019-10-10 00:00:43,009 [0679a6ad-56a1-41b2-83e1-15692bb468db@group-D12770000C91-SegmentedRaftLogWorker] INFO  segmented.SegmentedRaftLogWorker (SegmentedRaftLogWorker.java:execute(576)) - 0679a6ad-56a1-41b2-83e1-15692bb468db@group-D12770000C91-SegmentedRaftLogWorker: created new log segment /workdir/hadoop-ozone/integration-test/target/test-dir/MiniOzoneClusterImpl-8984d707-b3d2-42d5-a334-f25a69bbeeeb/datanode-0/data/ratis/168482ca-b1ec-45aa-825f-d12770000c91/current/log_inprogress_0
2019-10-10 00:00:43,009 [fc8096d7-9d86-4d26-87c6-cf6d344fbedb@group-B2990AEFC048-SegmentedRaftLogWorker] INFO  segmented.SegmentedRaftLogWorker (SegmentedRaftLogWorker.java:execute(576)) - fc8096d7-9d86-4d26-87c6-cf6d344fbedb@group-B2990AEFC048-SegmentedRaftLogWorker: created new log segment /workdir/hadoop-ozone/integration-test/target/test-dir/MiniOzoneClusterImpl-8984d707-b3d2-42d5-a334-f25a69bbeeeb/datanode-4/data/ratis/5b89882b-8e88-4482-9cd8-b2990aefc048/current/log_inprogress_0
2019-10-10 00:00:43,009 [46504f71-6b77-44e9-a2e5-588075dae190@group-D12770000C91-SegmentedRaftLogWorker] INFO  segmented.SegmentedRaftLogWorker (SegmentedRaftLogWorker.java:execute(576)) - 46504f71-6b77-44e9-a2e5-588075dae190@group-D12770000C91-SegmentedRaftLogWorker: created new log segment /workdir/hadoop-ozone/integration-test/target/test-dir/MiniOzoneClusterImpl-8984d707-b3d2-42d5-a334-f25a69bbeeeb/datanode-1/data/ratis/168482ca-b1ec-45aa-825f-d12770000c91/current/log_inprogress_0
2019-10-10 00:00:43,009 [912b0bdb-3095-44f3-93c0-19702928d0ba@group-D12770000C91-SegmentedRaftLogWorker] INFO  segmented.SegmentedRaftLogWorker (SegmentedRaftLogWorker.java:execute(576)) - 912b0bdb-3095-44f3-93c0-19702928d0ba@group-D12770000C91-SegmentedRaftLogWorker: created new log segment /workdir/hadoop-ozone/integration-test/target/test-dir/MiniOzoneClusterImpl-8984d707-b3d2-42d5-a334-f25a69bbeeeb/datanode-3/data/ratis/168482ca-b1ec-45aa-825f-d12770000c91/current/log_inprogress_0
2019-10-10 00:00:43,009 [4808dac8-c899-40b2-85de-0feef9b59caa@group-B2990AEFC048-SegmentedRaftLogWorker] INFO  segmented.SegmentedRaftLogWorker (SegmentedRaftLogWorker.java:execute(576)) - 4808dac8-c899-40b2-85de-0feef9b59caa@group-B2990AEFC048-SegmentedRaftLogWorker: created new log segment /workdir/hadoop-ozone/integration-test/target/test-dir/MiniOzoneClusterImpl-8984d707-b3d2-42d5-a334-f25a69bbeeeb/datanode-6/data/ratis/5b89882b-8e88-4482-9cd8-b2990aefc048/current/log_inprogress_0
2019-10-10 00:00:43,103 [Thread-305] INFO  impl.FollowerState (FollowerState.java:run(108)) - 46504f71-6b77-44e9-a2e5-588075dae190@group-8766A081CE6B-FollowerState: change to CANDIDATE, lastRpcTime:5085ms, electionTimeout:5085ms
2019-10-10 00:00:43,103 [Thread-305] INFO  impl.RoleInfo (RoleInfo.java:shutdownFollowerState(121)) - 46504f71-6b77-44e9-a2e5-588075dae190: shutdown FollowerState
2019-10-10 00:00:43,104 [Thread-305] INFO  impl.RaftServerImpl (RaftServerImpl.java:setRole(170)) - 46504f71-6b77-44e9-a2e5-588075dae190@group-8766A081CE6B: changes role from  FOLLOWER to CANDIDATE at term 0 for changeToCandidate
2019-10-10 00:00:43,104 [Thread-305] INFO  impl.RoleInfo (RoleInfo.java:updateAndGet(143)) - 46504f71-6b77-44e9-a2e5-588075dae190: start LeaderElection
2019-10-10 00:00:43,124 [main] INFO  ozone.MiniOzoneClusterImpl (MiniOzoneClusterImpl.java:lambda$waitForClusterToBeReady$2(164)) - Waiting for 1 number of pipelines out of 9, to report a leader.
2019-10-10 00:00:43,137 [46504f71-6b77-44e9-a2e5-588075dae190@group-8766A081CE6B-LeaderElection3] INFO  impl.LeaderElection (LeaderElection.java:askForVotes(178)) - 46504f71-6b77-44e9-a2e5-588075dae190@group-8766A081CE6B-LeaderElection3: begin an election at term 1 for -1: [46504f71-6b77-44e9-a2e5-588075dae190:192.168.5.166:44353], old=null
2019-10-10 00:00:43,139 [46504f71-6b77-44e9-a2e5-588075dae190@group-8766A081CE6B-LeaderElection3] INFO  impl.RoleInfo (RoleInfo.java:shutdownLeaderElection(134)) - 46504f71-6b77-44e9-a2e5-588075dae190: shutdown LeaderElection
2019-10-10 00:00:43,140 [46504f71-6b77-44e9-a2e5-588075dae190@group-8766A081CE6B-LeaderElection3] INFO  impl.RaftServerImpl (RaftServerImpl.java:setRole(170)) - 46504f71-6b77-44e9-a2e5-588075dae190@group-8766A081CE6B: changes role from CANDIDATE to LEADER at term 1 for changeToLeader
2019-10-10 00:00:43,140 [46504f71-6b77-44e9-a2e5-588075dae190@group-8766A081CE6B-LeaderElection3] INFO  ratis.XceiverServerRatis (XceiverServerRatis.java:handleLeaderChangedNotification(702)) - Leader change notification received for group: group-8766A081CE6B with new leaderId: 46504f71-6b77-44e9-a2e5-588075dae190
2019-10-10 00:00:43,140 [46504f71-6b77-44e9-a2e5-588075dae190@group-8766A081CE6B-LeaderElection3] INFO  impl.RaftServerImpl (ServerState.java:setLeader(255)) - 46504f71-6b77-44e9-a2e5-588075dae190@group-8766A081CE6B: change Leader from null to 46504f71-6b77-44e9-a2e5-588075dae190 at term 1 for becomeLeader, leader elected after 5128ms
2019-10-10 00:00:43,140 [46504f71-6b77-44e9-a2e5-588075dae190@group-8766A081CE6B-LeaderElection3] INFO  server.RaftServerConfigKeys (ConfUtils.java:logGet(43)) - raft.server.staging.catchup.gap = 1000 (default)
2019-10-10 00:00:43,141 [46504f71-6b77-44e9-a2e5-588075dae190@group-8766A081CE6B-LeaderElection3] INFO  server.RaftServerConfigKeys (ConfUtils.java:logGet(43)) - raft.server.rpc.sleep.time = 25ms (default)
2019-10-10 00:00:43,141 [46504f71-6b77-44e9-a2e5-588075dae190@group-8766A081CE6B-LeaderElection3] INFO  server.RaftServerConfigKeys (ConfUtils.java:logGet(43)) - raft.server.write.element-limit = 4096 (default)
2019-10-10 00:00:43,141 [46504f71-6b77-44e9-a2e5-588075dae190@group-8766A081CE6B-LeaderElection3] INFO  server.RaftServerConfigKeys (ConfUtils.java:logGet(43)) - raft.server.watch.timeout = 10s (default)
2019-10-10 00:00:43,141 [46504f71-6b77-44e9-a2e5-588075dae190@group-8766A081CE6B-LeaderElection3] INFO  server.RaftServerConfigKeys (ConfUtils.java:logGet(43)) - raft.server.watch.timeout.denomination = 1s (default)
2019-10-10 00:00:43,142 [46504f71-6b77-44e9-a2e5-588075dae190@group-8766A081CE6B-LeaderElection3] INFO  server.RaftServerConfigKeys (ConfUtils.java:logGet(43)) - raft.server.watch.element-limit = 65536 (default)
2019-10-10 00:00:43,145 [46504f71-6b77-44e9-a2e5-588075dae190@group-8766A081CE6B-LeaderElection3] INFO  impl.RoleInfo (RoleInfo.java:updateAndGet(143)) - 46504f71-6b77-44e9-a2e5-588075dae190: start LeaderState
2019-10-10 00:00:43,145 [46504f71-6b77-44e9-a2e5-588075dae190@group-8766A081CE6B-LeaderElection3] INFO  segmented.SegmentedRaftLogWorker (SegmentedRaftLogWorker.java:startLogSegment(385)) - 46504f71-6b77-44e9-a2e5-588075dae190@group-8766A081CE6B-SegmentedRaftLogWorker: Starting segment from index:0
2019-10-10 00:00:43,146 [46504f71-6b77-44e9-a2e5-588075dae190@group-8766A081CE6B-LeaderElection3] INFO  impl.RaftServerImpl (ServerState.java:setRaftConf(356)) - 46504f71-6b77-44e9-a2e5-588075dae190@group-8766A081CE6B: set configuration 0: [46504f71-6b77-44e9-a2e5-588075dae190:192.168.5.166:44353], old=null at 0
2019-10-10 00:00:43,196 [46504f71-6b77-44e9-a2e5-588075dae190@group-8766A081CE6B-SegmentedRaftLogWorker] INFO  segmented.SegmentedRaftLogWorker (SegmentedRaftLogWorker.java:execute(576)) - 46504f71-6b77-44e9-a2e5-588075dae190@group-8766A081CE6B-SegmentedRaftLogWorker: created new log segment /workdir/hadoop-ozone/integration-test/target/test-dir/MiniOzoneClusterImpl-8984d707-b3d2-42d5-a334-f25a69bbeeeb/datanode-1/data/ratis/00afe914-0997-4cb0-b61b-8766a081ce6b/current/log_inprogress_0
2019-10-10 00:00:43,202 [Thread-309] INFO  impl.FollowerState (FollowerState.java:run(108)) - 4808dac8-c899-40b2-85de-0feef9b59caa@group-81EF4000A079-FollowerState: change to CANDIDATE, lastRpcTime:5099ms, electionTimeout:5099ms
2019-10-10 00:00:43,203 [Thread-309] INFO  impl.RoleInfo (RoleInfo.java:shutdownFollowerState(121)) - 4808dac8-c899-40b2-85de-0feef9b59caa: shutdown FollowerState
2019-10-10 00:00:43,203 [Thread-309] INFO  impl.RaftServerImpl (RaftServerImpl.java:setRole(170)) - 4808dac8-c899-40b2-85de-0feef9b59caa@group-81EF4000A079: changes role from  FOLLOWER to CANDIDATE at term 0 for changeToCandidate
2019-10-10 00:00:43,203 [Thread-309] INFO  impl.RoleInfo (RoleInfo.java:updateAndGet(143)) - 4808dac8-c899-40b2-85de-0feef9b59caa: start LeaderElection
2019-10-10 00:00:43,209 [4808dac8-c899-40b2-85de-0feef9b59caa@group-81EF4000A079-LeaderElection4] INFO  impl.LeaderElection (LeaderElection.java:askForVotes(178)) - 4808dac8-c899-40b2-85de-0feef9b59caa@group-81EF4000A079-LeaderElection4: begin an election at term 1 for -1: [4808dac8-c899-40b2-85de-0feef9b59caa:192.168.5.166:41801], old=null
2019-10-10 00:00:43,209 [4808dac8-c899-40b2-85de-0feef9b59caa@group-81EF4000A079-LeaderElection4] INFO  impl.RoleInfo (RoleInfo.java:shutdownLeaderElection(134)) - 4808dac8-c899-40b2-85de-0feef9b59caa: shutdown LeaderElection
2019-10-10 00:00:43,209 [4808dac8-c899-40b2-85de-0feef9b59caa@group-81EF4000A079-LeaderElection4] INFO  impl.RaftServerImpl (RaftServerImpl.java:setRole(170)) - 4808dac8-c899-40b2-85de-0feef9b59caa@group-81EF4000A079: changes role from CANDIDATE to LEADER at term 1 for changeToLeader
2019-10-10 00:00:43,209 [4808dac8-c899-40b2-85de-0feef9b59caa@group-81EF4000A079-LeaderElection4] INFO  ratis.XceiverServerRatis (XceiverServerRatis.java:handleLeaderChangedNotification(702)) - Leader change notification received for group: group-81EF4000A079 with new leaderId: 4808dac8-c899-40b2-85de-0feef9b59caa
2019-10-10 00:00:43,210 [4808dac8-c899-40b2-85de-0feef9b59caa@group-81EF4000A079-LeaderElection4] INFO  impl.RaftServerImpl (ServerState.java:setLeader(255)) - 4808dac8-c899-40b2-85de-0feef9b59caa@group-81EF4000A079: change Leader from null to 4808dac8-c899-40b2-85de-0feef9b59caa at term 1 for becomeLeader, leader elected after 5112ms
2019-10-10 00:00:43,212 [4808dac8-c899-40b2-85de-0feef9b59caa@group-81EF4000A079-LeaderElection4] INFO  server.RaftServerConfigKeys (ConfUtils.java:logGet(43)) - raft.server.staging.catchup.gap = 1000 (default)
2019-10-10 00:00:43,212 [4808dac8-c899-40b2-85de-0feef9b59caa@group-81EF4000A079-LeaderElection4] INFO  server.RaftServerConfigKeys (ConfUtils.java:logGet(43)) - raft.server.rpc.sleep.time = 25ms (default)
2019-10-10 00:00:43,212 [4808dac8-c899-40b2-85de-0feef9b59caa@group-81EF4000A079-LeaderElection4] INFO  server.RaftServerConfigKeys (ConfUtils.java:logGet(43)) - raft.server.write.element-limit = 4096 (default)
2019-10-10 00:00:43,213 [4808dac8-c899-40b2-85de-0feef9b59caa@group-81EF4000A079-LeaderElection4] INFO  server.RaftServerConfigKeys (ConfUtils.java:logGet(43)) - raft.server.watch.timeout = 10s (default)
2019-10-10 00:00:43,213 [4808dac8-c899-40b2-85de-0feef9b59caa@group-81EF4000A079-LeaderElection4] INFO  server.RaftServerConfigKeys (ConfUtils.java:logGet(43)) - raft.server.watch.timeout.denomination = 1s (default)
2019-10-10 00:00:43,213 [4808dac8-c899-40b2-85de-0feef9b59caa@group-81EF4000A079-LeaderElection4] INFO  server.RaftServerConfigKeys (ConfUtils.java:logGet(43)) - raft.server.watch.element-limit = 65536 (default)
2019-10-10 00:00:43,215 [4808dac8-c899-40b2-85de-0feef9b59caa@group-81EF4000A079-LeaderElection4] INFO  impl.RoleInfo (RoleInfo.java:updateAndGet(143)) - 4808dac8-c899-40b2-85de-0feef9b59caa: start LeaderState
2019-10-10 00:00:43,216 [4808dac8-c899-40b2-85de-0feef9b59caa@group-81EF4000A079-LeaderElection4] INFO  segmented.SegmentedRaftLogWorker (SegmentedRaftLogWorker.java:startLogSegment(385)) - 4808dac8-c899-40b2-85de-0feef9b59caa@group-81EF4000A079-SegmentedRaftLogWorker: Starting segment from index:0
2019-10-10 00:00:43,216 [4808dac8-c899-40b2-85de-0feef9b59caa@group-81EF4000A079-LeaderElection4] INFO  impl.RaftServerImpl (ServerState.java:setRaftConf(356)) - 4808dac8-c899-40b2-85de-0feef9b59caa@group-81EF4000A079: set configuration 0: [4808dac8-c899-40b2-85de-0feef9b59caa:192.168.5.166:41801], old=null at 0
2019-10-10 00:00:43,268 [4808dac8-c899-40b2-85de-0feef9b59caa@group-81EF4000A079-SegmentedRaftLogWorker] INFO  segmented.SegmentedRaftLogWorker (SegmentedRaftLogWorker.java:execute(576)) - 4808dac8-c899-40b2-85de-0feef9b59caa@group-81EF4000A079-SegmentedRaftLogWorker: created new log segment /workdir/hadoop-ozone/integration-test/target/test-dir/MiniOzoneClusterImpl-8984d707-b3d2-42d5-a334-f25a69bbeeeb/datanode-6/data/ratis/165f4aa2-f6bf-4aa1-80ea-81ef4000a079/current/log_inprogress_0
2019-10-10 00:00:43,282 [Thread-313] INFO  impl.FollowerState (FollowerState.java:run(108)) - 76f4bde4-dad5-4a03-9d33-b63c46310e66@group-8D21409A69E3-FollowerState: change to CANDIDATE, lastRpcTime:5106ms, electionTimeout:5106ms
2019-10-10 00:00:43,283 [Thread-313] INFO  impl.RoleInfo (RoleInfo.java:shutdownFollowerState(121)) - 76f4bde4-dad5-4a03-9d33-b63c46310e66: shutdown FollowerState
2019-10-10 00:00:43,283 [Thread-313] INFO  impl.RaftServerImpl (RaftServerImpl.java:setRole(170)) - 76f4bde4-dad5-4a03-9d33-b63c46310e66@group-8D21409A69E3: changes role from  FOLLOWER to CANDIDATE at term 0 for changeToCandidate
2019-10-10 00:00:43,283 [Thread-313] INFO  impl.RoleInfo (RoleInfo.java:updateAndGet(143)) - 76f4bde4-dad5-4a03-9d33-b63c46310e66: start LeaderElection
2019-10-10 00:00:43,298 [76f4bde4-dad5-4a03-9d33-b63c46310e66@group-8D21409A69E3-LeaderElection5] INFO  impl.LeaderElection (LeaderElection.java:askForVotes(178)) - 76f4bde4-dad5-4a03-9d33-b63c46310e66@group-8D21409A69E3-LeaderElection5: begin an election at term 1 for -1: [76f4bde4-dad5-4a03-9d33-b63c46310e66:192.168.5.166:35485], old=null
2019-10-10 00:00:43,299 [76f4bde4-dad5-4a03-9d33-b63c46310e66@group-8D21409A69E3-LeaderElection5] INFO  impl.RoleInfo (RoleInfo.java:shutdownLeaderElection(134)) - 76f4bde4-dad5-4a03-9d33-b63c46310e66: shutdown LeaderElection
2019-10-10 00:00:43,299 [76f4bde4-dad5-4a03-9d33-b63c46310e66@group-8D21409A69E3-LeaderElection5] INFO  impl.RaftServerImpl (RaftServerImpl.java:setRole(170)) - 76f4bde4-dad5-4a03-9d33-b63c46310e66@group-8D21409A69E3: changes role from CANDIDATE to LEADER at term 1 for changeToLeader
2019-10-10 00:00:43,299 [76f4bde4-dad5-4a03-9d33-b63c46310e66@group-8D21409A69E3-LeaderElection5] INFO  ratis.XceiverServerRatis (XceiverServerRatis.java:handleLeaderChangedNotification(702)) - Leader change notification received for group: group-8D21409A69E3 with new leaderId: 76f4bde4-dad5-4a03-9d33-b63c46310e66
2019-10-10 00:00:43,299 [76f4bde4-dad5-4a03-9d33-b63c46310e66@group-8D21409A69E3-LeaderElection5] INFO  impl.RaftServerImpl (ServerState.java:setLeader(255)) - 76f4bde4-dad5-4a03-9d33-b63c46310e66@group-8D21409A69E3: change Leader from null to 76f4bde4-dad5-4a03-9d33-b63c46310e66 at term 1 for becomeLeader, leader elected after 5131ms
2019-10-10 00:00:43,299 [76f4bde4-dad5-4a03-9d33-b63c46310e66@group-8D21409A69E3-LeaderElection5] INFO  server.RaftServerConfigKeys (ConfUtils.java:logGet(43)) - raft.server.staging.catchup.gap = 1000 (default)
2019-10-10 00:00:43,300 [76f4bde4-dad5-4a03-9d33-b63c46310e66@group-8D21409A69E3-LeaderElection5] INFO  server.RaftServerConfigKeys (ConfUtils.java:logGet(43)) - raft.server.rpc.sleep.time = 25ms (default)
2019-10-10 00:00:43,300 [76f4bde4-dad5-4a03-9d33-b63c46310e66@group-8D21409A69E3-LeaderElection5] INFO  server.RaftServerConfigKeys (ConfUtils.java:logGet(43)) - raft.server.write.element-limit = 4096 (default)
2019-10-10 00:00:43,300 [76f4bde4-dad5-4a03-9d33-b63c46310e66@group-8D21409A69E3-LeaderElection5] INFO  server.RaftServerConfigKeys (ConfUtils.java:logGet(43)) - raft.server.watch.timeout = 10s (default)
2019-10-10 00:00:43,300 [76f4bde4-dad5-4a03-9d33-b63c46310e66@group-8D21409A69E3-LeaderElection5] INFO  server.RaftServerConfigKeys (ConfUtils.java:logGet(43)) - raft.server.watch.timeout.denomination = 1s (default)
2019-10-10 00:00:43,300 [76f4bde4-dad5-4a03-9d33-b63c46310e66@group-8D21409A69E3-LeaderElection5] INFO  server.RaftServerConfigKeys (ConfUtils.java:logGet(43)) - raft.server.watch.element-limit = 65536 (default)
2019-10-10 00:00:43,303 [76f4bde4-dad5-4a03-9d33-b63c46310e66@group-8D21409A69E3-LeaderElection5] INFO  impl.RoleInfo (RoleInfo.java:updateAndGet(143)) - 76f4bde4-dad5-4a03-9d33-b63c46310e66: start LeaderState
2019-10-10 00:00:43,304 [76f4bde4-dad5-4a03-9d33-b63c46310e66@group-8D21409A69E3-LeaderElection5] INFO  segmented.SegmentedRaftLogWorker (SegmentedRaftLogWorker.java:startLogSegment(385)) - 76f4bde4-dad5-4a03-9d33-b63c46310e66@group-8D21409A69E3-SegmentedRaftLogWorker: Starting segment from index:0
2019-10-10 00:00:43,304 [76f4bde4-dad5-4a03-9d33-b63c46310e66@group-8D21409A69E3-LeaderElection5] INFO  impl.RaftServerImpl (ServerState.java:setRaftConf(356)) - 76f4bde4-dad5-4a03-9d33-b63c46310e66@group-8D21409A69E3: set configuration 0: [76f4bde4-dad5-4a03-9d33-b63c46310e66:192.168.5.166:35485], old=null at 0
2019-10-10 00:00:43,356 [76f4bde4-dad5-4a03-9d33-b63c46310e66@group-8D21409A69E3-SegmentedRaftLogWorker] INFO  segmented.SegmentedRaftLogWorker (SegmentedRaftLogWorker.java:execute(576)) - 76f4bde4-dad5-4a03-9d33-b63c46310e66@group-8D21409A69E3-SegmentedRaftLogWorker: created new log segment /workdir/hadoop-ozone/integration-test/target/test-dir/MiniOzoneClusterImpl-8984d707-b3d2-42d5-a334-f25a69bbeeeb/datanode-5/data/ratis/ba680de0-9ac6-42e1-be44-8d21409a69e3/current/log_inprogress_0
2019-10-10 00:00:43,365 [Thread-321] INFO  impl.FollowerState (FollowerState.java:run(108)) - 741d15da-6e3d-4013-9010-457716b563b4@group-E861F58AB81F-FollowerState: change to CANDIDATE, lastRpcTime:5028ms, electionTimeout:5028ms
2019-10-10 00:00:43,365 [Thread-321] INFO  impl.RoleInfo (RoleInfo.java:shutdownFollowerState(121)) - 741d15da-6e3d-4013-9010-457716b563b4: shutdown FollowerState
2019-10-10 00:00:43,365 [Thread-321] INFO  impl.RaftServerImpl (RaftServerImpl.java:setRole(170)) - 741d15da-6e3d-4013-9010-457716b563b4@group-E861F58AB81F: changes role from  FOLLOWER to CANDIDATE at term 0 for changeToCandidate
2019-10-10 00:00:43,366 [Thread-321] INFO  impl.RoleInfo (RoleInfo.java:updateAndGet(143)) - 741d15da-6e3d-4013-9010-457716b563b4: start LeaderElection
2019-10-10 00:00:43,370 [Thread-317] INFO  impl.FollowerState (FollowerState.java:run(108)) - 912b0bdb-3095-44f3-93c0-19702928d0ba@group-5F68059CF4A9-FollowerState: change to CANDIDATE, lastRpcTime:5111ms, electionTimeout:5111ms
2019-10-10 00:00:43,370 [Thread-317] INFO  impl.RoleInfo (RoleInfo.java:shutdownFollowerState(121)) - 912b0bdb-3095-44f3-93c0-19702928d0ba: shutdown FollowerState
2019-10-10 00:00:43,371 [Thread-317] INFO  impl.RaftServerImpl (RaftServerImpl.java:setRole(170)) - 912b0bdb-3095-44f3-93c0-19702928d0ba@group-5F68059CF4A9: changes role from  FOLLOWER to CANDIDATE at term 0 for changeToCandidate
2019-10-10 00:00:43,371 [Thread-317] INFO  impl.RoleInfo (RoleInfo.java:updateAndGet(143)) - 912b0bdb-3095-44f3-93c0-19702928d0ba: start LeaderElection
2019-10-10 00:00:43,382 [912b0bdb-3095-44f3-93c0-19702928d0ba@group-5F68059CF4A9-LeaderElection7] INFO  impl.LeaderElection (LeaderElection.java:askForVotes(178)) - 912b0bdb-3095-44f3-93c0-19702928d0ba@group-5F68059CF4A9-LeaderElection7: begin an election at term 1 for -1: [912b0bdb-3095-44f3-93c0-19702928d0ba:192.168.5.166:42393], old=null
2019-10-10 00:00:43,382 [741d15da-6e3d-4013-9010-457716b563b4@group-E861F58AB81F-LeaderElection6] INFO  impl.LeaderElection (LeaderElection.java:askForVotes(178)) - 741d15da-6e3d-4013-9010-457716b563b4@group-E861F58AB81F-LeaderElection6: begin an election at term 1 for -1: [741d15da-6e3d-4013-9010-457716b563b4:192.168.5.166:35142], old=null
2019-10-10 00:00:43,383 [912b0bdb-3095-44f3-93c0-19702928d0ba@group-5F68059CF4A9-LeaderElection7] INFO  impl.RoleInfo (RoleInfo.java:shutdownLeaderElection(134)) - 912b0bdb-3095-44f3-93c0-19702928d0ba: shutdown LeaderElection
2019-10-10 00:00:43,383 [741d15da-6e3d-4013-9010-457716b563b4@group-E861F58AB81F-LeaderElection6] INFO  impl.RoleInfo (RoleInfo.java:shutdownLeaderElection(134)) - 741d15da-6e3d-4013-9010-457716b563b4: shutdown LeaderElection
2019-10-10 00:00:43,383 [912b0bdb-3095-44f3-93c0-19702928d0ba@group-5F68059CF4A9-LeaderElection7] INFO  impl.RaftServerImpl (RaftServerImpl.java:setRole(170)) - 912b0bdb-3095-44f3-93c0-19702928d0ba@group-5F68059CF4A9: changes role from CANDIDATE to LEADER at term 1 for changeToLeader
2019-10-10 00:00:43,383 [741d15da-6e3d-4013-9010-457716b563b4@group-E861F58AB81F-LeaderElection6] INFO  impl.RaftServerImpl (RaftServerImpl.java:setRole(170)) - 741d15da-6e3d-4013-9010-457716b563b4@group-E861F58AB81F: changes role from CANDIDATE to LEADER at term 1 for changeToLeader
2019-10-10 00:00:43,383 [912b0bdb-3095-44f3-93c0-19702928d0ba@group-5F68059CF4A9-LeaderElection7] INFO  ratis.XceiverServerRatis (XceiverServerRatis.java:handleLeaderChangedNotification(702)) - Leader change notification received for group: group-5F68059CF4A9 with new leaderId: 912b0bdb-3095-44f3-93c0-19702928d0ba
2019-10-10 00:00:43,383 [741d15da-6e3d-4013-9010-457716b563b4@group-E861F58AB81F-LeaderElection6] INFO  ratis.XceiverServerRatis (XceiverServerRatis.java:handleLeaderChangedNotification(702)) - Leader change notification received for group: group-E861F58AB81F with new leaderId: 741d15da-6e3d-4013-9010-457716b563b4
2019-10-10 00:00:43,386 [912b0bdb-3095-44f3-93c0-19702928d0ba@group-5F68059CF4A9-LeaderElection7] INFO  impl.RaftServerImpl (ServerState.java:setLeader(255)) - 912b0bdb-3095-44f3-93c0-19702928d0ba@group-5F68059CF4A9: change Leader from null to 912b0bdb-3095-44f3-93c0-19702928d0ba at term 1 for becomeLeader, leader elected after 5129ms
2019-10-10 00:00:43,386 [741d15da-6e3d-4013-9010-457716b563b4@group-E861F58AB81F-LeaderElection6] INFO  impl.RaftServerImpl (ServerState.java:setLeader(255)) - 741d15da-6e3d-4013-9010-457716b563b4@group-E861F58AB81F: change Leader from null to 741d15da-6e3d-4013-9010-457716b563b4 at term 1 for becomeLeader, leader elected after 5051ms
2019-10-10 00:00:43,388 [912b0bdb-3095-44f3-93c0-19702928d0ba@group-5F68059CF4A9-LeaderElection7] INFO  server.RaftServerConfigKeys (ConfUtils.java:logGet(43)) - raft.server.staging.catchup.gap = 1000 (default)
2019-10-10 00:00:43,390 [741d15da-6e3d-4013-9010-457716b563b4@group-E861F58AB81F-LeaderElection6] INFO  server.RaftServerConfigKeys (ConfUtils.java:logGet(43)) - raft.server.staging.catchup.gap = 1000 (default)
2019-10-10 00:00:43,390 [912b0bdb-3095-44f3-93c0-19702928d0ba@group-5F68059CF4A9-LeaderElection7] INFO  server.RaftServerConfigKeys (ConfUtils.java:logGet(43)) - raft.server.rpc.sleep.time = 25ms (default)
2019-10-10 00:00:43,390 [741d15da-6e3d-4013-9010-457716b563b4@group-E861F58AB81F-LeaderElection6] INFO  server.RaftServerConfigKeys (ConfUtils.java:logGet(43)) - raft.server.rpc.sleep.time = 25ms (default)
2019-10-10 00:00:43,391 [912b0bdb-3095-44f3-93c0-19702928d0ba@group-5F68059CF4A9-LeaderElection7] INFO  server.RaftServerConfigKeys (ConfUtils.java:logGet(43)) - raft.server.write.element-limit = 4096 (default)
2019-10-10 00:00:43,391 [741d15da-6e3d-4013-9010-457716b563b4@group-E861F58AB81F-LeaderElection6] INFO  server.RaftServerConfigKeys (ConfUtils.java:logGet(43)) - raft.server.write.element-limit = 4096 (default)
2019-10-10 00:00:43,391 [912b0bdb-3095-44f3-93c0-19702928d0ba@group-5F68059CF4A9-LeaderElection7] INFO  server.RaftServerConfigKeys (ConfUtils.java:logGet(43)) - raft.server.watch.timeout = 10s (default)
2019-10-10 00:00:43,391 [741d15da-6e3d-4013-9010-457716b563b4@group-E861F58AB81F-LeaderElection6] INFO  server.RaftServerConfigKeys (ConfUtils.java:logGet(43)) - raft.server.watch.timeout = 10s (default)
2019-10-10 00:00:43,391 [912b0bdb-3095-44f3-93c0-19702928d0ba@group-5F68059CF4A9-LeaderElection7] INFO  server.RaftServerConfigKeys (ConfUtils.java:logGet(43)) - raft.server.watch.timeout.denomination = 1s (default)
2019-10-10 00:00:43,391 [741d15da-6e3d-4013-9010-457716b563b4@group-E861F58AB81F-LeaderElection6] INFO  server.RaftServerConfigKeys (ConfUtils.java:logGet(43)) - raft.server.watch.timeout.denomination = 1s (default)
2019-10-10 00:00:43,391 [912b0bdb-3095-44f3-93c0-19702928d0ba@group-5F68059CF4A9-LeaderElection7] INFO  server.RaftServerConfigKeys (ConfUtils.java:logGet(43)) - raft.server.watch.element-limit = 65536 (default)
2019-10-10 00:00:43,392 [EventQueue-PipelineReportForPipelineReportHandler] INFO  pipeline.PipelineReportHandler (PipelineReportHandler.java:processPipelineReport(119)) - Pipeline PipelineID=95cbf83f-8850-46db-a962-e861f58ab81f reported by 741d15da-6e3d-4013-9010-457716b563b4{ip: 192.168.5.166, host: pr-hdds-1868-fg6nx-4263576025, networkLocation: /default-rack, certSerialId: null} with leaderId 741d15da-6e3d-4013-9010-457716b563b4
2019-10-10 00:00:43,392 [741d15da-6e3d-4013-9010-457716b563b4@group-E861F58AB81F-LeaderElection6] INFO  server.RaftServerConfigKeys (ConfUtils.java:logGet(43)) - raft.server.watch.element-limit = 65536 (default)
2019-10-10 00:00:43,392 [EventQueue-PipelineReportForPipelineReportHandler] INFO  pipeline.PipelineStateManager (PipelineStateManager.java:openPipeline(136)) - Pipeline Pipeline[ Id: 95cbf83f-8850-46db-a962-e861f58ab81f, Nodes: 741d15da-6e3d-4013-9010-457716b563b4{ip: 192.168.5.166, host: pr-hdds-1868-fg6nx-4263576025, networkLocation: /default-rack, certSerialId: null}, Type:RATIS, Factor:ONE, State:OPEN] moved to OPEN state
2019-10-10 00:00:43,395 [912b0bdb-3095-44f3-93c0-19702928d0ba@group-5F68059CF4A9-LeaderElection7] INFO  impl.RoleInfo (RoleInfo.java:updateAndGet(143)) - 912b0bdb-3095-44f3-93c0-19702928d0ba: start LeaderState
2019-10-10 00:00:43,396 [912b0bdb-3095-44f3-93c0-19702928d0ba@group-5F68059CF4A9-LeaderElection7] INFO  segmented.SegmentedRaftLogWorker (SegmentedRaftLogWorker.java:startLogSegment(385)) - 912b0bdb-3095-44f3-93c0-19702928d0ba@group-5F68059CF4A9-SegmentedRaftLogWorker: Starting segment from index:0
2019-10-10 00:00:43,396 [741d15da-6e3d-4013-9010-457716b563b4@group-E861F58AB81F-LeaderElection6] INFO  impl.RoleInfo (RoleInfo.java:updateAndGet(143)) - 741d15da-6e3d-4013-9010-457716b563b4: start LeaderState
2019-10-10 00:00:43,396 [912b0bdb-3095-44f3-93c0-19702928d0ba@group-5F68059CF4A9-LeaderElection7] INFO  impl.RaftServerImpl (ServerState.java:setRaftConf(356)) - 912b0bdb-3095-44f3-93c0-19702928d0ba@group-5F68059CF4A9: set configuration 0: [912b0bdb-3095-44f3-93c0-19702928d0ba:192.168.5.166:42393], old=null at 0
2019-10-10 00:00:43,397 [741d15da-6e3d-4013-9010-457716b563b4@group-E861F58AB81F-LeaderElection6] INFO  segmented.SegmentedRaftLogWorker (SegmentedRaftLogWorker.java:startLogSegment(385)) - 741d15da-6e3d-4013-9010-457716b563b4@group-E861F58AB81F-SegmentedRaftLogWorker: Starting segment from index:0
2019-10-10 00:00:43,440 [741d15da-6e3d-4013-9010-457716b563b4@group-E861F58AB81F-LeaderElection6] INFO  impl.RaftServerImpl (ServerState.java:setRaftConf(356)) - 741d15da-6e3d-4013-9010-457716b563b4@group-E861F58AB81F: set configuration 0: [741d15da-6e3d-4013-9010-457716b563b4:192.168.5.166:35142], old=null at 0
2019-10-10 00:00:43,476 [912b0bdb-3095-44f3-93c0-19702928d0ba@group-5F68059CF4A9-SegmentedRaftLogWorker] INFO  segmented.SegmentedRaftLogWorker (SegmentedRaftLogWorker.java:execute(576)) - 912b0bdb-3095-44f3-93c0-19702928d0ba@group-5F68059CF4A9-SegmentedRaftLogWorker: created new log segment /workdir/hadoop-ozone/integration-test/target/test-dir/MiniOzoneClusterImpl-8984d707-b3d2-42d5-a334-f25a69bbeeeb/datanode-3/data/ratis/16d9b3ac-13f1-4197-b2ac-5f68059cf4a9/current/log_inprogress_0
2019-10-10 00:00:43,489 [741d15da-6e3d-4013-9010-457716b563b4@group-E861F58AB81F-SegmentedRaftLogWorker] INFO  segmented.SegmentedRaftLogWorker (SegmentedRaftLogWorker.java:execute(576)) - 741d15da-6e3d-4013-9010-457716b563b4@group-E861F58AB81F-SegmentedRaftLogWorker: created new log segment /workdir/hadoop-ozone/integration-test/target/test-dir/MiniOzoneClusterImpl-8984d707-b3d2-42d5-a334-f25a69bbeeeb/datanode-2/data/ratis/95cbf83f-8850-46db-a962-e861f58ab81f/current/log_inprogress_0
2019-10-10 00:00:43,532 [Thread-325] INFO  impl.FollowerState (FollowerState.java:run(108)) - fc8096d7-9d86-4d26-87c6-cf6d344fbedb@group-47571F70FBC0-FollowerState: change to CANDIDATE, lastRpcTime:5108ms, electionTimeout:5108ms
2019-10-10 00:00:43,532 [Thread-325] INFO  impl.RoleInfo (RoleInfo.java:shutdownFollowerState(121)) - fc8096d7-9d86-4d26-87c6-cf6d344fbedb: shutdown FollowerState
2019-10-10 00:00:43,532 [Thread-325] INFO  impl.RaftServerImpl (RaftServerImpl.java:setRole(170)) - fc8096d7-9d86-4d26-87c6-cf6d344fbedb@group-47571F70FBC0: changes role from  FOLLOWER to CANDIDATE at term 0 for changeToCandidate
2019-10-10 00:00:43,532 [Thread-325] INFO  impl.RoleInfo (RoleInfo.java:updateAndGet(143)) - fc8096d7-9d86-4d26-87c6-cf6d344fbedb: start LeaderElection
2019-10-10 00:00:43,546 [Thread-329] INFO  impl.FollowerState (FollowerState.java:run(108)) - 0679a6ad-56a1-41b2-83e1-15692bb468db@group-BA4AC03BDEDE-FollowerState: change to CANDIDATE, lastRpcTime:5039ms, electionTimeout:5039ms
2019-10-10 00:00:43,546 [Thread-329] INFO  impl.RoleInfo (RoleInfo.java:shutdownFollowerState(121)) - 0679a6ad-56a1-41b2-83e1-15692bb468db: shutdown FollowerState
2019-10-10 00:00:43,546 [Thread-329] INFO  impl.RaftServerImpl (RaftServerImpl.java:setRole(170)) - 0679a6ad-56a1-41b2-83e1-15692bb468db@group-BA4AC03BDEDE: changes role from  FOLLOWER to CANDIDATE at term 0 for changeToCandidate
2019-10-10 00:00:43,546 [Thread-329] INFO  impl.RoleInfo (RoleInfo.java:updateAndGet(143)) - 0679a6ad-56a1-41b2-83e1-15692bb468db: start LeaderElection
2019-10-10 00:00:43,550 [fc8096d7-9d86-4d26-87c6-cf6d344fbedb@group-47571F70FBC0-LeaderElection8] INFO  impl.LeaderElection (LeaderElection.java:askForVotes(178)) - fc8096d7-9d86-4d26-87c6-cf6d344fbedb@group-47571F70FBC0-LeaderElection8: begin an election at term 1 for -1: [fc8096d7-9d86-4d26-87c6-cf6d344fbedb:192.168.5.166:33290], old=null
2019-10-10 00:00:43,550 [fc8096d7-9d86-4d26-87c6-cf6d344fbedb@group-47571F70FBC0-LeaderElection8] INFO  impl.RoleInfo (RoleInfo.java:shutdownLeaderElection(134)) - fc8096d7-9d86-4d26-87c6-cf6d344fbedb: shutdown LeaderElection
2019-10-10 00:00:43,550 [fc8096d7-9d86-4d26-87c6-cf6d344fbedb@group-47571F70FBC0-LeaderElection8] INFO  impl.RaftServerImpl (RaftServerImpl.java:setRole(170)) - fc8096d7-9d86-4d26-87c6-cf6d344fbedb@group-47571F70FBC0: changes role from CANDIDATE to LEADER at term 1 for changeToLeader
2019-10-10 00:00:43,550 [fc8096d7-9d86-4d26-87c6-cf6d344fbedb@group-47571F70FBC0-LeaderElection8] INFO  ratis.XceiverServerRatis (XceiverServerRatis.java:handleLeaderChangedNotification(702)) - Leader change notification received for group: group-47571F70FBC0 with new leaderId: fc8096d7-9d86-4d26-87c6-cf6d344fbedb
2019-10-10 00:00:43,551 [fc8096d7-9d86-4d26-87c6-cf6d344fbedb@group-47571F70FBC0-LeaderElection8] INFO  impl.RaftServerImpl (ServerState.java:setLeader(255)) - fc8096d7-9d86-4d26-87c6-cf6d344fbedb@group-47571F70FBC0: change Leader from null to fc8096d7-9d86-4d26-87c6-cf6d344fbedb at term 1 for becomeLeader, leader elected after 5132ms
2019-10-10 00:00:43,553 [fc8096d7-9d86-4d26-87c6-cf6d344fbedb@group-47571F70FBC0-LeaderElection8] INFO  server.RaftServerConfigKeys (ConfUtils.java:logGet(43)) - raft.server.staging.catchup.gap = 1000 (default)
2019-10-10 00:00:43,553 [fc8096d7-9d86-4d26-87c6-cf6d344fbedb@group-47571F70FBC0-LeaderElection8] INFO  server.RaftServerConfigKeys (ConfUtils.java:logGet(43)) - raft.server.rpc.sleep.time = 25ms (default)
2019-10-10 00:00:43,553 [fc8096d7-9d86-4d26-87c6-cf6d344fbedb@group-47571F70FBC0-LeaderElection8] INFO  server.RaftServerConfigKeys (ConfUtils.java:logGet(43)) - raft.server.write.element-limit = 4096 (default)
2019-10-10 00:00:43,554 [fc8096d7-9d86-4d26-87c6-cf6d344fbedb@group-47571F70FBC0-LeaderElection8] INFO  server.RaftServerConfigKeys (ConfUtils.java:logGet(43)) - raft.server.watch.timeout = 10s (default)
2019-10-10 00:00:43,554 [fc8096d7-9d86-4d26-87c6-cf6d344fbedb@group-47571F70FBC0-LeaderElection8] INFO  server.RaftServerConfigKeys (ConfUtils.java:logGet(43)) - raft.server.watch.timeout.denomination = 1s (default)
2019-10-10 00:00:43,554 [fc8096d7-9d86-4d26-87c6-cf6d344fbedb@group-47571F70FBC0-LeaderElection8] INFO  server.RaftServerConfigKeys (ConfUtils.java:logGet(43)) - raft.server.watch.element-limit = 65536 (default)
2019-10-10 00:00:43,557 [fc8096d7-9d86-4d26-87c6-cf6d344fbedb@group-47571F70FBC0-LeaderElection8] INFO  impl.RoleInfo (RoleInfo.java:updateAndGet(143)) - fc8096d7-9d86-4d26-87c6-cf6d344fbedb: start LeaderState
2019-10-10 00:00:43,558 [fc8096d7-9d86-4d26-87c6-cf6d344fbedb@group-47571F70FBC0-LeaderElection8] INFO  segmented.SegmentedRaftLogWorker (SegmentedRaftLogWorker.java:startLogSegment(385)) - fc8096d7-9d86-4d26-87c6-cf6d344fbedb@group-47571F70FBC0-SegmentedRaftLogWorker: Starting segment from index:0
2019-10-10 00:00:43,558 [fc8096d7-9d86-4d26-87c6-cf6d344fbedb@group-47571F70FBC0-LeaderElection8] INFO  impl.RaftServerImpl (ServerState.java:setRaftConf(356)) - fc8096d7-9d86-4d26-87c6-cf6d344fbedb@group-47571F70FBC0: set configuration 0: [fc8096d7-9d86-4d26-87c6-cf6d344fbedb:192.168.5.166:33290], old=null at 0
2019-10-10 00:00:43,587 [0679a6ad-56a1-41b2-83e1-15692bb468db@group-BA4AC03BDEDE-LeaderElection9] INFO  impl.LeaderElection (LeaderElection.java:askForVotes(178)) - 0679a6ad-56a1-41b2-83e1-15692bb468db@group-BA4AC03BDEDE-LeaderElection9: begin an election at term 1 for -1: [0679a6ad-56a1-41b2-83e1-15692bb468db:192.168.5.166:38134], old=null
2019-10-10 00:00:43,587 [0679a6ad-56a1-41b2-83e1-15692bb468db@group-BA4AC03BDEDE-LeaderElection9] INFO  impl.RoleInfo (RoleInfo.java:shutdownLeaderElection(134)) - 0679a6ad-56a1-41b2-83e1-15692bb468db: shutdown LeaderElection
2019-10-10 00:00:43,587 [0679a6ad-56a1-41b2-83e1-15692bb468db@group-BA4AC03BDEDE-LeaderElection9] INFO  impl.RaftServerImpl (RaftServerImpl.java:setRole(170)) - 0679a6ad-56a1-41b2-83e1-15692bb468db@group-BA4AC03BDEDE: changes role from CANDIDATE to LEADER at term 1 for changeToLeader
2019-10-10 00:00:43,587 [0679a6ad-56a1-41b2-83e1-15692bb468db@group-BA4AC03BDEDE-LeaderElection9] INFO  ratis.XceiverServerRatis (XceiverServerRatis.java:handleLeaderChangedNotification(702)) - Leader change notification received for group: group-BA4AC03BDEDE with new leaderId: 0679a6ad-56a1-41b2-83e1-15692bb468db
2019-10-10 00:00:43,587 [0679a6ad-56a1-41b2-83e1-15692bb468db@group-BA4AC03BDEDE-LeaderElection9] INFO  impl.RaftServerImpl (ServerState.java:setLeader(255)) - 0679a6ad-56a1-41b2-83e1-15692bb468db@group-BA4AC03BDEDE: change Leader from null to 0679a6ad-56a1-41b2-83e1-15692bb468db at term 1 for becomeLeader, leader elected after 5089ms
2019-10-10 00:00:43,590 [0679a6ad-56a1-41b2-83e1-15692bb468db@group-BA4AC03BDEDE-LeaderElection9] INFO  server.RaftServerConfigKeys (ConfUtils.java:logGet(43)) - raft.server.staging.catchup.gap = 1000 (default)
2019-10-10 00:00:43,590 [0679a6ad-56a1-41b2-83e1-15692bb468db@group-BA4AC03BDEDE-LeaderElection9] INFO  server.RaftServerConfigKeys (ConfUtils.java:logGet(43)) - raft.server.rpc.sleep.time = 25ms (default)
2019-10-10 00:00:43,590 [0679a6ad-56a1-41b2-83e1-15692bb468db@group-BA4AC03BDEDE-LeaderElection9] INFO  server.RaftServerConfigKeys (ConfUtils.java:logGet(43)) - raft.server.write.element-limit = 4096 (default)
2019-10-10 00:00:43,590 [0679a6ad-56a1-41b2-83e1-15692bb468db@group-BA4AC03BDEDE-LeaderElection9] INFO  server.RaftServerConfigKeys (ConfUtils.java:logGet(43)) - raft.server.watch.timeout = 10s (default)
2019-10-10 00:00:43,590 [0679a6ad-56a1-41b2-83e1-15692bb468db@group-BA4AC03BDEDE-LeaderElection9] INFO  server.RaftServerConfigKeys (ConfUtils.java:logGet(43)) - raft.server.watch.timeout.denomination = 1s (default)
2019-10-10 00:00:43,590 [0679a6ad-56a1-41b2-83e1-15692bb468db@group-BA4AC03BDEDE-LeaderElection9] INFO  server.RaftServerConfigKeys (ConfUtils.java:logGet(43)) - raft.server.watch.element-limit = 65536 (default)
2019-10-10 00:00:43,593 [0679a6ad-56a1-41b2-83e1-15692bb468db@group-BA4AC03BDEDE-LeaderElection9] INFO  impl.RoleInfo (RoleInfo.java:updateAndGet(143)) - 0679a6ad-56a1-41b2-83e1-15692bb468db: start LeaderState
2019-10-10 00:00:43,593 [0679a6ad-56a1-41b2-83e1-15692bb468db@group-BA4AC03BDEDE-LeaderElection9] INFO  segmented.SegmentedRaftLogWorker (SegmentedRaftLogWorker.java:startLogSegment(385)) - 0679a6ad-56a1-41b2-83e1-15692bb468db@group-BA4AC03BDEDE-SegmentedRaftLogWorker: Starting segment from index:0
2019-10-10 00:00:43,594 [0679a6ad-56a1-41b2-83e1-15692bb468db@group-BA4AC03BDEDE-LeaderElection9] INFO  impl.RaftServerImpl (ServerState.java:setRaftConf(356)) - 0679a6ad-56a1-41b2-83e1-15692bb468db@group-BA4AC03BDEDE: set configuration 0: [0679a6ad-56a1-41b2-83e1-15692bb468db:192.168.5.166:38134], old=null at 0
2019-10-10 00:00:43,628 [fc8096d7-9d86-4d26-87c6-cf6d344fbedb@group-47571F70FBC0-SegmentedRaftLogWorker] INFO  segmented.SegmentedRaftLogWorker (SegmentedRaftLogWorker.java:execute(576)) - fc8096d7-9d86-4d26-87c6-cf6d344fbedb@group-47571F70FBC0-SegmentedRaftLogWorker: created new log segment /workdir/hadoop-ozone/integration-test/target/test-dir/MiniOzoneClusterImpl-8984d707-b3d2-42d5-a334-f25a69bbeeeb/datanode-4/data/ratis/354347a3-ffe2-452d-bf41-47571f70fbc0/current/log_inprogress_0
2019-10-10 00:00:43,640 [0679a6ad-56a1-41b2-83e1-15692bb468db@group-BA4AC03BDEDE-SegmentedRaftLogWorker] INFO  segmented.SegmentedRaftLogWorker (SegmentedRaftLogWorker.java:execute(576)) - 0679a6ad-56a1-41b2-83e1-15692bb468db@group-BA4AC03BDEDE-SegmentedRaftLogWorker: created new log segment /workdir/hadoop-ozone/integration-test/target/test-dir/MiniOzoneClusterImpl-8984d707-b3d2-42d5-a334-f25a69bbeeeb/datanode-0/data/ratis/ebc09f16-f743-4205-893c-ba4ac03bdede/current/log_inprogress_0
2019-10-10 00:00:44,125 [main] INFO  ozone.MiniOzoneClusterImpl (MiniOzoneClusterImpl.java:lambda$waitForClusterToBeReady$2(172)) - Cluster is ready. Got 7 of 7 DN Heartbeats.
2019-10-10 00:00:44,950 [main] INFO  rpc.RpcClient (RpcClient.java:createVolume(272)) - Creating Volume: testblockoutputstream, with jenkins1000 as owner.
2019-10-10 00:00:45,043 [IPC Server handler 0 on 40281] INFO  volume.OMVolumeCreateRequest (OMVolumeCreateRequest.java:validateAndUpdateCache(193)) - created volume:testblockoutputstream for user:jenkins1000
2019-10-10 00:00:45,078 [main] INFO  rpc.RpcClient (RpcClient.java:createBucket(411)) - Creating Bucket: testblockoutputstream/testblockoutputstream, with Versioning false and Storage Type set to DISK and Encryption set to false 
2019-10-10 00:00:45,102 [main] INFO  impl.MetricsSystemImpl (MetricsSystemImpl.java:init(158)) - XceiverClientMetrics metrics system started (again)
2019-10-10 00:00:46,505 [Datanode State Machine Thread - 0] INFO  statemachine.DatanodeStateMachine (DatanodeStateMachine.java:lambda$startDaemon$0(350)) - Ozone container server started.
2019-10-10 00:00:50,556 [EventQueue-StaleNodeForStaleNodeHandler] INFO  node.StaleNodeHandler (StaleNodeHandler.java:onMessage(58)) - Datanode 0679a6ad-56a1-41b2-83e1-15692bb468db{ip: 192.168.5.166, host: pr-hdds-1868-fg6nx-4263576025, networkLocation: /default-rack, certSerialId: null} moved to stale state. Finalizing its pipelines [PipelineID=168482ca-b1ec-45aa-825f-d12770000c91, PipelineID=ebc09f16-f743-4205-893c-ba4ac03bdede]
2019-10-10 00:00:50,557 [EventQueue-StaleNodeForStaleNodeHandler] INFO  pipeline.SCMPipelineManager (SCMPipelineManager.java:finalizeAndDestroyPipeline(315)) - destroying pipeline:Pipeline[ Id: 168482ca-b1ec-45aa-825f-d12770000c91, Nodes: 0679a6ad-56a1-41b2-83e1-15692bb468db{ip: 192.168.5.166, host: pr-hdds-1868-fg6nx-4263576025, networkLocation: /default-rack, certSerialId: null}46504f71-6b77-44e9-a2e5-588075dae190{ip: 192.168.5.166, host: pr-hdds-1868-fg6nx-4263576025, networkLocation: /default-rack, certSerialId: null}912b0bdb-3095-44f3-93c0-19702928d0ba{ip: 192.168.5.166, host: pr-hdds-1868-fg6nx-4263576025, networkLocation: /default-rack, certSerialId: null}, Type:RATIS, Factor:THREE, State:OPEN]
2019-10-10 00:00:50,557 [EventQueue-StaleNodeForStaleNodeHandler] INFO  pipeline.PipelineStateManager (PipelineStateManager.java:finalizePipeline(123)) - Pipeline Pipeline[ Id: 168482ca-b1ec-45aa-825f-d12770000c91, Nodes: 0679a6ad-56a1-41b2-83e1-15692bb468db{ip: 192.168.5.166, host: pr-hdds-1868-fg6nx-4263576025, networkLocation: /default-rack, certSerialId: null}46504f71-6b77-44e9-a2e5-588075dae190{ip: 192.168.5.166, host: pr-hdds-1868-fg6nx-4263576025, networkLocation: /default-rack, certSerialId: null}912b0bdb-3095-44f3-93c0-19702928d0ba{ip: 192.168.5.166, host: pr-hdds-1868-fg6nx-4263576025, networkLocation: /default-rack, certSerialId: null}, Type:RATIS, Factor:THREE, State:CLOSED] moved to CLOSED state
2019-10-10 00:00:50,558 [EventQueue-CloseContainerForCloseContainerEventHandler] INFO  container.CloseContainerEventHandler (CloseContainerEventHandler.java:onMessage(61)) - Close container Event triggered for container : #1
2019-10-10 00:00:50,563 [EventQueue-StaleNodeForStaleNodeHandler] INFO  pipeline.SCMPipelineManager (SCMPipelineManager.java:finalizeAndDestroyPipeline(315)) - destroying pipeline:Pipeline[ Id: ebc09f16-f743-4205-893c-ba4ac03bdede, Nodes: 0679a6ad-56a1-41b2-83e1-15692bb468db{ip: 192.168.5.166, host: pr-hdds-1868-fg6nx-4263576025, networkLocation: /default-rack, certSerialId: null}, Type:RATIS, Factor:ONE, State:OPEN]
2019-10-10 00:00:50,566 [EventQueue-StaleNodeForStaleNodeHandler] INFO  pipeline.PipelineStateManager (PipelineStateManager.java:finalizePipeline(123)) - Pipeline Pipeline[ Id: ebc09f16-f743-4205-893c-ba4ac03bdede, Nodes: 0679a6ad-56a1-41b2-83e1-15692bb468db{ip: 192.168.5.166, host: pr-hdds-1868-fg6nx-4263576025, networkLocation: /default-rack, certSerialId: null}, Type:RATIS, Factor:ONE, State:CLOSED] moved to CLOSED state
2019-10-10 00:00:50,798 [main] INFO  ozoneimpl.OzoneContainer (OzoneContainer.java:stop(227)) - Attempting to stop container services.
2019-10-10 00:00:50,799 [main] INFO  impl.RaftServerProxy (RaftServerProxy.java:lambda$close$4(314)) - 0679a6ad-56a1-41b2-83e1-15692bb468db: close
2019-10-10 00:00:50,800 [main] INFO  impl.RaftServerImpl (RaftServerImpl.java:lambda$shutdown$3(247)) - 0679a6ad-56a1-41b2-83e1-15692bb468db@group-D12770000C91: shutdown
2019-10-10 00:00:50,801 [main] INFO  util.JmxRegister (JmxRegister.java:unregister(73)) - Successfully un-registered JMX Bean with object name Ratis:service=RaftServer,group=group-D12770000C91,id=0679a6ad-56a1-41b2-83e1-15692bb468db
2019-10-10 00:00:50,801 [main] INFO  impl.RoleInfo (RoleInfo.java:shutdownFollowerState(121)) - 0679a6ad-56a1-41b2-83e1-15692bb468db: shutdown FollowerState
2019-10-10 00:00:50,801 [main] INFO  impl.StateMachineUpdater (StateMachineUpdater.java:stopAndJoin(136)) - 0679a6ad-56a1-41b2-83e1-15692bb468db@group-D12770000C91-StateMachineUpdater: set stopIndex = 16
2019-10-10 00:00:50,802 [0679a6ad-56a1-41b2-83e1-15692bb468db@group-D12770000C91-StateMachineUpdater] INFO  ratis.ContainerStateMachine (ContainerStateMachine.java:takeSnapshot(296)) - group-D12770000C91: Taking a snapshot at:(t:1, i:14) file /workdir/hadoop-ozone/integration-test/target/test-dir/MiniOzoneClusterImpl-8984d707-b3d2-42d5-a334-f25a69bbeeeb/datanode-0/data/ratis/168482ca-b1ec-45aa-825f-d12770000c91/sm/snapshot.1_14
2019-10-10 00:00:50,801 [Thread-343] INFO  impl.FollowerState (FollowerState.java:run(117)) - 0679a6ad-56a1-41b2-83e1-15692bb468db@group-D12770000C91-FollowerState was interrupted: java.lang.InterruptedException: sleep interrupted
2019-10-10 00:00:50,921 [0679a6ad-56a1-41b2-83e1-15692bb468db@group-D12770000C91-StateMachineUpdater] INFO  ratis.ContainerStateMachine (ContainerStateMachine.java:takeSnapshot(307)) - group-D12770000C91: Finished taking a snapshot at:(t:1, i:14) file:/workdir/hadoop-ozone/integration-test/target/test-dir/MiniOzoneClusterImpl-8984d707-b3d2-42d5-a334-f25a69bbeeeb/datanode-0/data/ratis/168482ca-b1ec-45aa-825f-d12770000c91/sm/snapshot.1_14 time:120
2019-10-10 00:00:50,923 [0679a6ad-56a1-41b2-83e1-15692bb468db@group-D12770000C91-StateMachineUpdater] INFO  impl.StateMachineUpdater (StateMachineUpdater.java:takeSnapshot(269)) - 0679a6ad-56a1-41b2-83e1-15692bb468db@group-D12770000C91-StateMachineUpdater: Took a snapshot at index 14
2019-10-10 00:00:50,923 [0679a6ad-56a1-41b2-83e1-15692bb468db@group-D12770000C91-StateMachineUpdater] INFO  impl.StateMachineUpdater (StateMachineUpdater.java:lambda$new$0(84)) - 0679a6ad-56a1-41b2-83e1-15692bb468db@group-D12770000C91-StateMachineUpdater: snapshotIndex: updateIncreasingly -1 -> 14
2019-10-10 00:00:50,927 [0679a6ad-56a1-41b2-83e1-15692bb468db@group-D12770000C91-StateMachineUpdater] INFO  ratis.ContainerStateMachine (ContainerStateMachine.java:takeSnapshot(296)) - group-D12770000C91: Taking a snapshot at:(t:1, i:14) file /workdir/hadoop-ozone/integration-test/target/test-dir/MiniOzoneClusterImpl-8984d707-b3d2-42d5-a334-f25a69bbeeeb/datanode-0/data/ratis/168482ca-b1ec-45aa-825f-d12770000c91/sm/snapshot.1_14
2019-10-10 00:00:50,939 [0679a6ad-56a1-41b2-83e1-15692bb468db@group-D12770000C91-StateMachineUpdater] INFO  ratis.ContainerStateMachine (ContainerStateMachine.java:takeSnapshot(307)) - group-D12770000C91: Finished taking a snapshot at:(t:1, i:14) file:/workdir/hadoop-ozone/integration-test/target/test-dir/MiniOzoneClusterImpl-8984d707-b3d2-42d5-a334-f25a69bbeeeb/datanode-0/data/ratis/168482ca-b1ec-45aa-825f-d12770000c91/sm/snapshot.1_14 time:12
2019-10-10 00:00:50,939 [0679a6ad-56a1-41b2-83e1-15692bb468db@group-D12770000C91-StateMachineUpdater] INFO  impl.StateMachineUpdater (StateMachineUpdater.java:takeSnapshot(269)) - 0679a6ad-56a1-41b2-83e1-15692bb468db@group-D12770000C91-StateMachineUpdater: Took a snapshot at index 14
2019-10-10 00:00:50,939 [0679a6ad-56a1-41b2-83e1-15692bb468db@group-D12770000C91-StateMachineUpdater] INFO  impl.StateMachineUpdater (StateMachineUpdater.java:lambda$new$0(84)) - 0679a6ad-56a1-41b2-83e1-15692bb468db@group-D12770000C91-StateMachineUpdater: snapshotIndex: updateIncreasingly 14 -> 14
2019-10-10 00:00:50,940 [main] INFO  impl.RaftServerImpl (ServerState.java:close(387)) - 0679a6ad-56a1-41b2-83e1-15692bb468db@group-D12770000C91: closes. applyIndex: 16
2019-10-10 00:00:50,940 [0679a6ad-56a1-41b2-83e1-15692bb468db@group-D12770000C91-SegmentedRaftLogWorker] INFO  segmented.SegmentedRaftLogWorker (SegmentedRaftLogWorker.java:run(316)) - 0679a6ad-56a1-41b2-83e1-15692bb468db@group-D12770000C91-SegmentedRaftLogWorker was interrupted, exiting. There are 0 tasks remaining in the queue.
2019-10-10 00:00:50,944 [main] INFO  segmented.SegmentedRaftLogWorker (SegmentedRaftLogWorker.java:close(224)) - 0679a6ad-56a1-41b2-83e1-15692bb468db@group-D12770000C91-SegmentedRaftLogWorker close()
2019-10-10 00:00:50,948 [main] INFO  impl.RaftServerImpl (RaftServerImpl.java:lambda$shutdown$3(247)) - 0679a6ad-56a1-41b2-83e1-15692bb468db@group-BA4AC03BDEDE: shutdown
2019-10-10 00:00:50,948 [main] INFO  util.JmxRegister (JmxRegister.java:unregister(73)) - Successfully un-registered JMX Bean with object name Ratis:service=RaftServer,group=group-BA4AC03BDEDE,id=0679a6ad-56a1-41b2-83e1-15692bb468db
2019-10-10 00:00:50,949 [main] INFO  impl.RoleInfo (RoleInfo.java:shutdownLeaderState(104)) - 0679a6ad-56a1-41b2-83e1-15692bb468db: shutdown LeaderState
2019-10-10 00:00:50,949 [main] INFO  impl.PendingRequests (PendingRequests.java:sendNotLeaderResponses(202)) - 0679a6ad-56a1-41b2-83e1-15692bb468db@group-BA4AC03BDEDE-PendingRequests: sendNotLeaderResponses
2019-10-10 00:00:50,950 [main] INFO  impl.StateMachineUpdater (StateMachineUpdater.java:stopAndJoin(136)) - 0679a6ad-56a1-41b2-83e1-15692bb468db@group-BA4AC03BDEDE-StateMachineUpdater: set stopIndex = 0
2019-10-10 00:00:50,951 [main] INFO  impl.RaftServerImpl (ServerState.java:close(387)) - 0679a6ad-56a1-41b2-83e1-15692bb468db@group-BA4AC03BDEDE: closes. applyIndex: 0
2019-10-10 00:00:50,951 [0679a6ad-56a1-41b2-83e1-15692bb468db@group-BA4AC03BDEDE-SegmentedRaftLogWorker] INFO  segmented.SegmentedRaftLogWorker (SegmentedRaftLogWorker.java:run(316)) - 0679a6ad-56a1-41b2-83e1-15692bb468db@group-BA4AC03BDEDE-SegmentedRaftLogWorker was interrupted, exiting. There are 0 tasks remaining in the queue.
2019-10-10 00:00:50,954 [main] INFO  segmented.SegmentedRaftLogWorker (SegmentedRaftLogWorker.java:close(224)) - 0679a6ad-56a1-41b2-83e1-15692bb468db@group-BA4AC03BDEDE-SegmentedRaftLogWorker close()
2019-10-10 00:00:50,960 [main] INFO  server.GrpcService (GrpcService.java:closeImpl(164)) - 0679a6ad-56a1-41b2-83e1-15692bb468db: shutdown server with port 38134 now
2019-10-10 00:00:50,968 [grpc-default-executor-3] WARN  server.GrpcServerProtocolService (LogUtils.java:warn(134)) - 0679a6ad-56a1-41b2-83e1-15692bb468db: installSnapshot onError, lastRequest: 46504f71-6b77-44e9-a2e5-588075dae190->0679a6ad-56a1-41b2-83e1-15692bb468db#19-t1, previous=(t:1, i:16), leaderCommit=16, initializing? false, entries: <empty>: org.apache.ratis.thirdparty.io.grpc.StatusRuntimeException: CANCELLED: cancelled before receiving half close
2019-10-10 00:00:50,968 [main] INFO  server.GrpcService (GrpcService.java:closeImpl(172)) - 0679a6ad-56a1-41b2-83e1-15692bb468db: shutdown server with port 38134 successfully
2019-10-10 00:00:50,969 [grpc-default-executor-1] WARN  server.GrpcLogAppender (LogUtils.java:warn(134)) - 46504f71-6b77-44e9-a2e5-588075dae190@group-D12770000C91->0679a6ad-56a1-41b2-83e1-15692bb468db-AppendLogResponseHandler: Failed appendEntries: org.apache.ratis.thirdparty.io.grpc.StatusRuntimeException: CANCELLED: HTTP/2 error code: CANCEL
Received Rst Stream
2019-10-10 00:00:50,973 [grpc-default-executor-1] INFO  impl.FollowerInfo (FollowerInfo.java:lambda$new$0(51)) - 46504f71-6b77-44e9-a2e5-588075dae190@group-D12770000C91->0679a6ad-56a1-41b2-83e1-15692bb468db: nextIndex: updateUnconditionally 17 -> 16
2019-10-10 00:00:50,973 [refreshUsed-/workdir/hadoop-ozone/integration-test/target/test-dir/MiniOzoneClusterImpl-8984d707-b3d2-42d5-a334-f25a69bbeeeb/datanode-0/data/containers] WARN  fs.CachingGetSpaceUsed (CachingGetSpaceUsed.java:run(183)) - Thread Interrupted waiting to refresh disk information: sleep interrupted
2019-10-10 00:00:50,986 [main] INFO  utils.BackgroundService (BackgroundService.java:shutdown(151)) - Shutting down service BlockDeletingService
2019-10-10 00:00:50,991 [main] INFO  statemachine.DatanodeStateMachine (DatanodeStateMachine.java:stopDaemon(395)) - Ozone container server stopped.
2019-10-10 00:00:50,995 [main] INFO  handler.ContextHandler (ContextHandler.java:doStop(910)) - Stopped o.e.j.w.WebAppContext@22a6e998{/,null,UNAVAILABLE}{/hddsDatanode}
2019-10-10 00:00:50,999 [main] INFO  server.AbstractConnector (AbstractConnector.java:doStop(318)) - Stopped ServerConnector@55e42449{HTTP/1.1,[http/1.1]}{0.0.0.0:0}
2019-10-10 00:00:50,999 [main] INFO  handler.ContextHandler (ContextHandler.java:doStop(910)) - Stopped o.e.j.s.ServletContextHandler@476fe690{/static,jar:file:/home/user/.m2/repository/org/apache/hadoop/hadoop-hdds-container-service/0.5.0-SNAPSHOT/hadoop-hdds-container-service-0.5.0-SNAPSHOT.jar!/webapps/static,UNAVAILABLE}
2019-10-10 00:00:51,000 [main] INFO  handler.ContextHandler (ContextHandler.java:doStop(910)) - Stopped o.e.j.s.ServletContextHandler@65b97f47{/logs,file:///workdir/hadoop-ozone/integration-test/target/log,UNAVAILABLE}
2019-10-10 00:00:51,501 [Datanode State Machine Thread - 0] INFO  statemachine.DatanodeStateMachine (DatanodeStateMachine.java:lambda$startDaemon$0(350)) - Ozone container server started.
2019-10-10 00:00:53,302 [grpc-default-executor-3] WARN  server.GrpcLogAppender (LogUtils.java:warn(134)) - 46504f71-6b77-44e9-a2e5-588075dae190@group-D12770000C91->0679a6ad-56a1-41b2-83e1-15692bb468db-AppendLogResponseHandler: Failed appendEntries: org.apache.ratis.thirdparty.io.grpc.StatusRuntimeException: UNAVAILABLE: io exception
2019-10-10 00:00:53,308 [grpc-default-executor-3] INFO  impl.FollowerInfo (FollowerInfo.java:lambda$new$0(51)) - 46504f71-6b77-44e9-a2e5-588075dae190@group-D12770000C91->0679a6ad-56a1-41b2-83e1-15692bb468db: nextIndex: updateUnconditionally 16 -> 15
2019-10-10 00:00:55,569 [EventQueue-StaleNodeForStaleNodeHandler] INFO  node.StaleNodeHandler (StaleNodeHandler.java:onMessage(58)) - Datanode 46504f71-6b77-44e9-a2e5-588075dae190{ip: 192.168.5.166, host: pr-hdds-1868-fg6nx-4263576025, networkLocation: /default-rack, certSerialId: null} moved to stale state. Finalizing its pipelines [PipelineID=168482ca-b1ec-45aa-825f-d12770000c91, PipelineID=00afe914-0997-4cb0-b61b-8766a081ce6b]
2019-10-10 00:00:55,569 [EventQueue-StaleNodeForStaleNodeHandler] INFO  pipeline.SCMPipelineManager (SCMPipelineManager.java:finalizeAndDestroyPipeline(315)) - destroying pipeline:Pipeline[ Id: 168482ca-b1ec-45aa-825f-d12770000c91, Nodes: 0679a6ad-56a1-41b2-83e1-15692bb468db{ip: 192.168.5.166, host: pr-hdds-1868-fg6nx-4263576025, networkLocation: /default-rack, certSerialId: null}46504f71-6b77-44e9-a2e5-588075dae190{ip: 192.168.5.166, host: pr-hdds-1868-fg6nx-4263576025, networkLocation: /default-rack, certSerialId: null}912b0bdb-3095-44f3-93c0-19702928d0ba{ip: 192.168.5.166, host: pr-hdds-1868-fg6nx-4263576025, networkLocation: /default-rack, certSerialId: null}, Type:RATIS, Factor:THREE, State:CLOSED]
2019-10-10 00:00:55,570 [EventQueue-StaleNodeForStaleNodeHandler] INFO  pipeline.SCMPipelineManager (SCMPipelineManager.java:finalizeAndDestroyPipeline(315)) - destroying pipeline:Pipeline[ Id: 00afe914-0997-4cb0-b61b-8766a081ce6b, Nodes: 46504f71-6b77-44e9-a2e5-588075dae190{ip: 192.168.5.166, host: pr-hdds-1868-fg6nx-4263576025, networkLocation: /default-rack, certSerialId: null}, Type:RATIS, Factor:ONE, State:OPEN]
2019-10-10 00:00:55,570 [EventQueue-StaleNodeForStaleNodeHandler] INFO  pipeline.PipelineStateManager (PipelineStateManager.java:finalizePipeline(123)) - Pipeline Pipeline[ Id: 00afe914-0997-4cb0-b61b-8766a081ce6b, Nodes: 46504f71-6b77-44e9-a2e5-588075dae190{ip: 192.168.5.166, host: pr-hdds-1868-fg6nx-4263576025, networkLocation: /default-rack, certSerialId: null}, Type:RATIS, Factor:ONE, State:CLOSED] moved to CLOSED state
2019-10-10 00:00:55,798 [grpc-default-executor-0] WARN  server.GrpcLogAppender (LogUtils.java:warn(134)) - 46504f71-6b77-44e9-a2e5-588075dae190@group-D12770000C91->0679a6ad-56a1-41b2-83e1-15692bb468db-AppendLogResponseHandler: Failed appendEntries: org.apache.ratis.thirdparty.io.grpc.StatusRuntimeException: UNAVAILABLE: io exception
2019-10-10 00:00:55,810 [grpc-default-executor-0] INFO  impl.FollowerInfo (FollowerInfo.java:lambda$new$0(51)) - 46504f71-6b77-44e9-a2e5-588075dae190@group-D12770000C91->0679a6ad-56a1-41b2-83e1-15692bb468db: nextIndex: updateUnconditionally 15 -> 14
2019-10-10 00:00:56,002 [main] INFO  ozoneimpl.OzoneContainer (OzoneContainer.java:stop(227)) - Attempting to stop container services.
2019-10-10 00:00:56,006 [main] INFO  impl.RaftServerProxy (RaftServerProxy.java:lambda$close$4(314)) - 46504f71-6b77-44e9-a2e5-588075dae190: close
2019-10-10 00:00:56,006 [main] INFO  impl.RaftServerImpl (RaftServerImpl.java:lambda$shutdown$3(247)) - 46504f71-6b77-44e9-a2e5-588075dae190@group-D12770000C91: shutdown
2019-10-10 00:00:56,007 [ForkJoinPool.commonPool-worker-0] INFO  impl.RaftServerImpl (RaftServerImpl.java:lambda$shutdown$3(247)) - 46504f71-6b77-44e9-a2e5-588075dae190@group-8766A081CE6B: shutdown
2019-10-10 00:00:56,007 [main] INFO  util.JmxRegister (JmxRegister.java:unregister(73)) - Successfully un-registered JMX Bean with object name Ratis:service=RaftServer,group=group-D12770000C91,id=46504f71-6b77-44e9-a2e5-588075dae190
2019-10-10 00:00:56,007 [ForkJoinPool.commonPool-worker-0] INFO  util.JmxRegister (JmxRegister.java:unregister(73)) - Successfully un-registered JMX Bean with object name Ratis:service=RaftServer,group=group-8766A081CE6B,id=46504f71-6b77-44e9-a2e5-588075dae190
2019-10-10 00:00:56,008 [main] INFO  impl.RoleInfo (RoleInfo.java:shutdownLeaderState(104)) - 46504f71-6b77-44e9-a2e5-588075dae190: shutdown LeaderState
2019-10-10 00:00:56,008 [ForkJoinPool.commonPool-worker-0] INFO  impl.RoleInfo (RoleInfo.java:shutdownLeaderState(104)) - 46504f71-6b77-44e9-a2e5-588075dae190: shutdown LeaderState
2019-10-10 00:00:56,012 [org.apache.ratis.server.impl.LogAppender$AppenderDaemon$$Lambda$372/118475270@39df7cc8] WARN  server.GrpcLogAppender (GrpcLogAppender.java:mayWait(143)) - 46504f71-6b77-44e9-a2e5-588075dae190@group-D12770000C91->912b0bdb-3095-44f3-93c0-19702928d0ba-GrpcLogAppender: Wait interrupted by java.lang.InterruptedException
2019-10-10 00:00:56,011 [org.apache.ratis.server.impl.LogAppender$AppenderDaemon$$Lambda$372/118475270@6392c20a] WARN  server.GrpcLogAppender (GrpcLogAppender.java:mayWait(143)) - 46504f71-6b77-44e9-a2e5-588075dae190@group-D12770000C91->0679a6ad-56a1-41b2-83e1-15692bb468db-GrpcLogAppender: Wait interrupted by java.lang.InterruptedException
2019-10-10 00:00:56,011 [main] INFO  impl.PendingRequests (PendingRequests.java:sendNotLeaderResponses(202)) - 46504f71-6b77-44e9-a2e5-588075dae190@group-D12770000C91-PendingRequests: sendNotLeaderResponses
2019-10-10 00:00:56,013 [ForkJoinPool.commonPool-worker-0] INFO  impl.PendingRequests (PendingRequests.java:sendNotLeaderResponses(202)) - 46504f71-6b77-44e9-a2e5-588075dae190@group-8766A081CE6B-PendingRequests: sendNotLeaderResponses
2019-10-10 00:00:56,017 [ForkJoinPool.commonPool-worker-0] INFO  impl.StateMachineUpdater (StateMachineUpdater.java:stopAndJoin(136)) - 46504f71-6b77-44e9-a2e5-588075dae190@group-8766A081CE6B-StateMachineUpdater: set stopIndex = 0
2019-10-10 00:00:56,018 [grpc-default-executor-0] INFO  server.GrpcServerProtocolService (GrpcServerProtocolService.java:onCompleted(113)) - 912b0bdb-3095-44f3-93c0-19702928d0ba: Completed APPEND_ENTRIES, lastRequest: 46504f71-6b77-44e9-a2e5-588075dae190->912b0bdb-3095-44f3-93c0-19702928d0ba#21-t1, previous=(t:1, i:16), leaderCommit=16, initializing? false, entries: <empty>
2019-10-10 00:00:56,020 [ForkJoinPool.commonPool-worker-0] INFO  impl.RaftServerImpl (ServerState.java:close(387)) - 46504f71-6b77-44e9-a2e5-588075dae190@group-8766A081CE6B: closes. applyIndex: 0
2019-10-10 00:00:56,020 [46504f71-6b77-44e9-a2e5-588075dae190@group-8766A081CE6B-SegmentedRaftLogWorker] INFO  segmented.SegmentedRaftLogWorker (SegmentedRaftLogWorker.java:run(316)) - 46504f71-6b77-44e9-a2e5-588075dae190@group-8766A081CE6B-SegmentedRaftLogWorker was interrupted, exiting. There are 0 tasks remaining in the queue.
2019-10-10 00:00:56,022 [ForkJoinPool.commonPool-worker-0] INFO  segmented.SegmentedRaftLogWorker (SegmentedRaftLogWorker.java:close(224)) - 46504f71-6b77-44e9-a2e5-588075dae190@group-8766A081CE6B-SegmentedRaftLogWorker close()
2019-10-10 00:00:56,022 [grpc-default-executor-0] INFO  server.GrpcLogAppender (GrpcLogAppender.java:onCompleted(293)) - 46504f71-6b77-44e9-a2e5-588075dae190@group-D12770000C91->912b0bdb-3095-44f3-93c0-19702928d0ba-AppendLogResponseHandler: follower responses appendEntries COMPLETED
2019-10-10 00:00:56,030 [main] INFO  impl.StateMachineUpdater (StateMachineUpdater.java:stopAndJoin(136)) - 46504f71-6b77-44e9-a2e5-588075dae190@group-D12770000C91-StateMachineUpdater: set stopIndex = 16
2019-10-10 00:00:56,031 [46504f71-6b77-44e9-a2e5-588075dae190@group-D12770000C91-StateMachineUpdater] INFO  ratis.ContainerStateMachine (ContainerStateMachine.java:takeSnapshot(296)) - group-D12770000C91: Taking a snapshot at:(t:1, i:14) file /workdir/hadoop-ozone/integration-test/target/test-dir/MiniOzoneClusterImpl-8984d707-b3d2-42d5-a334-f25a69bbeeeb/datanode-1/data/ratis/168482ca-b1ec-45aa-825f-d12770000c91/sm/snapshot.1_14
2019-10-10 00:00:56,031 [grpc-default-executor-0] INFO  impl.FollowerInfo (FollowerInfo.java:lambda$new$0(51)) - 46504f71-6b77-44e9-a2e5-588075dae190@group-D12770000C91->912b0bdb-3095-44f3-93c0-19702928d0ba: nextIndex: updateUnconditionally 17 -> 16
2019-10-10 00:00:56,056 [46504f71-6b77-44e9-a2e5-588075dae190@group-D12770000C91-StateMachineUpdater] INFO  ratis.ContainerStateMachine (ContainerStateMachine.java:takeSnapshot(307)) - group-D12770000C91: Finished taking a snapshot at:(t:1, i:14) file:/workdir/hadoop-ozone/integration-test/target/test-dir/MiniOzoneClusterImpl-8984d707-b3d2-42d5-a334-f25a69bbeeeb/datanode-1/data/ratis/168482ca-b1ec-45aa-825f-d12770000c91/sm/snapshot.1_14 time:25
2019-10-10 00:00:56,057 [46504f71-6b77-44e9-a2e5-588075dae190@group-D12770000C91-StateMachineUpdater] INFO  impl.StateMachineUpdater (StateMachineUpdater.java:takeSnapshot(269)) - 46504f71-6b77-44e9-a2e5-588075dae190@group-D12770000C91-StateMachineUpdater: Took a snapshot at index 14
2019-10-10 00:00:56,057 [46504f71-6b77-44e9-a2e5-588075dae190@group-D12770000C91-StateMachineUpdater] INFO  impl.StateMachineUpdater (StateMachineUpdater.java:lambda$new$0(84)) - 46504f71-6b77-44e9-a2e5-588075dae190@group-D12770000C91-StateMachineUpdater: snapshotIndex: updateIncreasingly -1 -> 14
2019-10-10 00:00:56,057 [46504f71-6b77-44e9-a2e5-588075dae190@group-D12770000C91-StateMachineUpdater] INFO  ratis.ContainerStateMachine (ContainerStateMachine.java:takeSnapshot(296)) - group-D12770000C91: Taking a snapshot at:(t:1, i:14) file /workdir/hadoop-ozone/integration-test/target/test-dir/MiniOzoneClusterImpl-8984d707-b3d2-42d5-a334-f25a69bbeeeb/datanode-1/data/ratis/168482ca-b1ec-45aa-825f-d12770000c91/sm/snapshot.1_14
2019-10-10 00:00:56,070 [46504f71-6b77-44e9-a2e5-588075dae190@group-D12770000C91-StateMachineUpdater] INFO  ratis.ContainerStateMachine (ContainerStateMachine.java:takeSnapshot(307)) - group-D12770000C91: Finished taking a snapshot at:(t:1, i:14) file:/workdir/hadoop-ozone/integration-test/target/test-dir/MiniOzoneClusterImpl-8984d707-b3d2-42d5-a334-f25a69bbeeeb/datanode-1/data/ratis/168482ca-b1ec-45aa-825f-d12770000c91/sm/snapshot.1_14 time:13
2019-10-10 00:00:56,070 [46504f71-6b77-44e9-a2e5-588075dae190@group-D12770000C91-StateMachineUpdater] INFO  impl.StateMachineUpdater (StateMachineUpdater.java:takeSnapshot(269)) - 46504f71-6b77-44e9-a2e5-588075dae190@group-D12770000C91-StateMachineUpdater: Took a snapshot at index 14
2019-10-10 00:00:56,071 [46504f71-6b77-44e9-a2e5-588075dae190@group-D12770000C91-StateMachineUpdater] INFO  impl.StateMachineUpdater (StateMachineUpdater.java:lambda$new$0(84)) - 46504f71-6b77-44e9-a2e5-588075dae190@group-D12770000C91-StateMachineUpdater: snapshotIndex: updateIncreasingly 14 -> 14
2019-10-10 00:00:56,071 [main] INFO  impl.RaftServerImpl (ServerState.java:close(387)) - 46504f71-6b77-44e9-a2e5-588075dae190@group-D12770000C91: closes. applyIndex: 16
2019-10-10 00:00:56,072 [46504f71-6b77-44e9-a2e5-588075dae190@group-D12770000C91-SegmentedRaftLogWorker] INFO  segmented.SegmentedRaftLogWorker (SegmentedRaftLogWorker.java:run(316)) - 46504f71-6b77-44e9-a2e5-588075dae190@group-D12770000C91-SegmentedRaftLogWorker was interrupted, exiting. There are 0 tasks remaining in the queue.
2019-10-10 00:00:56,080 [main] INFO  segmented.SegmentedRaftLogWorker (SegmentedRaftLogWorker.java:close(224)) - 46504f71-6b77-44e9-a2e5-588075dae190@group-D12770000C91-SegmentedRaftLogWorker close()
2019-10-10 00:00:56,083 [main] INFO  server.GrpcService (GrpcService.java:closeImpl(164)) - 46504f71-6b77-44e9-a2e5-588075dae190: shutdown server with port 44353 now
2019-10-10 00:00:56,084 [main] INFO  server.GrpcService (GrpcService.java:closeImpl(172)) - 46504f71-6b77-44e9-a2e5-588075dae190: shutdown server with port 44353 successfully
2019-10-10 00:00:56,086 [grpc-default-executor-1] WARN  client.GrpcClientProtocolService (LogUtils.java:warn(134)) - 1-UnorderedRequestStreamObserver1: onError: org.apache.ratis.thirdparty.io.grpc.StatusRuntimeException: CANCELLED: cancelled before receiving half close
2019-10-10 00:00:56,096 [refreshUsed-/workdir/hadoop-ozone/integration-test/target/test-dir/MiniOzoneClusterImpl-8984d707-b3d2-42d5-a334-f25a69bbeeeb/datanode-1/data/containers] WARN  fs.CachingGetSpaceUsed (CachingGetSpaceUsed.java:run(183)) - Thread Interrupted waiting to refresh disk information: sleep interrupted
2019-10-10 00:00:56,111 [main] INFO  utils.BackgroundService (BackgroundService.java:shutdown(151)) - Shutting down service BlockDeletingService
2019-10-10 00:00:56,118 [main] INFO  statemachine.DatanodeStateMachine (DatanodeStateMachine.java:stopDaemon(395)) - Ozone container server stopped.
2019-10-10 00:00:56,120 [main] INFO  handler.ContextHandler (ContextHandler.java:doStop(910)) - Stopped o.e.j.w.WebAppContext@6c3659be{/,null,UNAVAILABLE}{/hddsDatanode}
2019-10-10 00:00:56,120 [main] INFO  server.AbstractConnector (AbstractConnector.java:doStop(318)) - Stopped ServerConnector@522bf64e{HTTP/1.1,[http/1.1]}{0.0.0.0:0}
2019-10-10 00:00:56,121 [main] INFO  handler.ContextHandler (ContextHandler.java:doStop(910)) - Stopped o.e.j.s.ServletContextHandler@49faf066{/static,jar:file:/home/user/.m2/repository/org/apache/hadoop/hadoop-hdds-container-service/0.5.0-SNAPSHOT/hadoop-hdds-container-service-0.5.0-SNAPSHOT.jar!/webapps/static,UNAVAILABLE}
2019-10-10 00:00:56,122 [main] INFO  handler.ContextHandler (ContextHandler.java:doStop(910)) - Stopped o.e.j.s.ServletContextHandler@7fdab70c{/logs,file:///workdir/hadoop-ozone/integration-test/target/log,UNAVAILABLE}
2019-10-10 00:01:02,924 [Thread-342] INFO  impl.FollowerState (FollowerState.java:run(108)) - 912b0bdb-3095-44f3-93c0-19702928d0ba@group-D12770000C91-FollowerState: change to CANDIDATE, lastRpcTime:7127ms, electionTimeout:5022ms
2019-10-10 00:01:02,925 [Thread-342] INFO  impl.RoleInfo (RoleInfo.java:shutdownFollowerState(121)) - 912b0bdb-3095-44f3-93c0-19702928d0ba: shutdown FollowerState
2019-10-10 00:01:02,925 [Thread-342] INFO  impl.RaftServerImpl (RaftServerImpl.java:setRole(170)) - 912b0bdb-3095-44f3-93c0-19702928d0ba@group-D12770000C91: changes role from  FOLLOWER to CANDIDATE at term 1 for changeToCandidate
2019-10-10 00:01:02,925 [Thread-342] INFO  impl.RoleInfo (RoleInfo.java:updateAndGet(143)) - 912b0bdb-3095-44f3-93c0-19702928d0ba: start LeaderElection
2019-10-10 00:01:02,926 [912b0bdb-3095-44f3-93c0-19702928d0ba@group-D12770000C91-LeaderElection10] INFO  impl.RaftServerImpl (ServerState.java:setLeader(255)) - 912b0bdb-3095-44f3-93c0-19702928d0ba@group-D12770000C91: change Leader from 46504f71-6b77-44e9-a2e5-588075dae190 to null at term 1 for initElection
2019-10-10 00:01:02,939 [912b0bdb-3095-44f3-93c0-19702928d0ba@group-D12770000C91-LeaderElection10] INFO  impl.LeaderElection (LeaderElection.java:askForVotes(178)) - 912b0bdb-3095-44f3-93c0-19702928d0ba@group-D12770000C91-LeaderElection10: begin an election at term 2 for 0: [912b0bdb-3095-44f3-93c0-19702928d0ba:192.168.5.166:42393, 0679a6ad-56a1-41b2-83e1-15692bb468db:192.168.5.166:38134, 46504f71-6b77-44e9-a2e5-588075dae190:192.168.5.166:44353], old=null
2019-10-10 00:01:02,947 [912b0bdb-3095-44f3-93c0-19702928d0ba@group-D12770000C91-LeaderElection10] INFO  impl.LeaderElection (LogUtils.java:infoOrTrace(149)) - 912b0bdb-3095-44f3-93c0-19702928d0ba@group-D12770000C91-LeaderElection10 got exception when requesting votes: {}
java.util.concurrent.ExecutionException: org.apache.ratis.thirdparty.io.grpc.StatusRuntimeException: UNAVAILABLE: io exception
	at java.util.concurrent.FutureTask.report(FutureTask.java:122)
	at java.util.concurrent.FutureTask.get(FutureTask.java:192)
	at org.apache.ratis.server.impl.LeaderElection.waitForResults(LeaderElection.java:259)
	at org.apache.ratis.server.impl.LeaderElection.askForVotes(LeaderElection.java:197)
	at org.apache.ratis.server.impl.LeaderElection.run(LeaderElection.java:133)
	at java.lang.Thread.run(Thread.java:748)
Caused by: org.apache.ratis.thirdparty.io.grpc.StatusRuntimeException: UNAVAILABLE: io exception
	at org.apache.ratis.thirdparty.io.grpc.stub.ClientCalls.toStatusRuntimeException(ClientCalls.java:233)
	at org.apache.ratis.thirdparty.io.grpc.stub.ClientCalls.getUnchecked(ClientCalls.java:214)
	at org.apache.ratis.thirdparty.io.grpc.stub.ClientCalls.blockingUnaryCall(ClientCalls.java:139)
	at org.apache.ratis.proto.grpc.RaftServerProtocolServiceGrpc$RaftServerProtocolServiceBlockingStub.requestVote(RaftServerProtocolServiceGrpc.java:265)
	at org.apache.ratis.grpc.server.GrpcServerProtocolClient.requestVote(GrpcServerProtocolClient.java:99)
	at org.apache.ratis.grpc.server.GrpcService.requestVote(GrpcService.java:204)
	at org.apache.ratis.server.impl.LeaderElection.lambda$submitRequests$1(LeaderElection.java:234)
	at java.util.concurrent.FutureTask.run(FutureTask.java:266)
	at java.util.concurrent.Executors$RunnableAdapter.call(Executors.java:511)
	at java.util.concurrent.FutureTask.run(FutureTask.java:266)
	at java.util.concurrent.ThreadPoolExecutor.runWorker(ThreadPoolExecutor.java:1149)
	at java.util.concurrent.ThreadPoolExecutor$Worker.run(ThreadPoolExecutor.java:624)
	... 1 more
Caused by: org.apache.ratis.thirdparty.io.netty.channel.AbstractChannel$AnnotatedConnectException: Connection refused: /192.168.5.166:38134
	at sun.nio.ch.SocketChannelImpl.checkConnect(Native Method)
	at sun.nio.ch.SocketChannelImpl.finishConnect(SocketChannelImpl.java:717)
	at org.apache.ratis.thirdparty.io.netty.channel.socket.nio.NioSocketChannel.doFinishConnect(NioSocketChannel.java:327)
	at org.apache.ratis.thirdparty.io.netty.channel.nio.AbstractNioChannel$AbstractNioUnsafe.finishConnect(AbstractNioChannel.java:340)
	at org.apache.ratis.thirdparty.io.netty.channel.nio.NioEventLoop.processSelectedKey(NioEventLoop.java:632)
	at org.apache.ratis.thirdparty.io.netty.channel.nio.NioEventLoop.processSelectedKeysOptimized(NioEventLoop.java:579)
	at org.apache.ratis.thirdparty.io.netty.channel.nio.NioEventLoop.processSelectedKeys(NioEventLoop.java:496)
	at org.apache.ratis.thirdparty.io.netty.channel.nio.NioEventLoop.run(NioEventLoop.java:458)
	at org.apache.ratis.thirdparty.io.netty.util.concurrent.SingleThreadEventExecutor$5.run(SingleThreadEventExecutor.java:897)
	at org.apache.ratis.thirdparty.io.netty.util.concurrent.FastThreadLocalRunnable.run(FastThreadLocalRunnable.java:30)
	... 1 more
Caused by: java.net.ConnectException: Connection refused
	... 11 more
2019-10-10 00:01:02,952 [912b0bdb-3095-44f3-93c0-19702928d0ba@group-D12770000C91-LeaderElection10] INFO  impl.LeaderElection (LogUtils.java:infoOrTrace(149)) - 912b0bdb-3095-44f3-93c0-19702928d0ba@group-D12770000C91-LeaderElection10 got exception when requesting votes: {}
java.util.concurrent.ExecutionException: org.apache.ratis.thirdparty.io.grpc.StatusRuntimeException: UNAVAILABLE: io exception
	at java.util.concurrent.FutureTask.report(FutureTask.java:122)
	at java.util.concurrent.FutureTask.get(FutureTask.java:192)
	at org.apache.ratis.server.impl.LeaderElection.waitForResults(LeaderElection.java:259)
	at org.apache.ratis.server.impl.LeaderElection.askForVotes(LeaderElection.java:197)
	at org.apache.ratis.server.impl.LeaderElection.run(LeaderElection.java:133)
	at java.lang.Thread.run(Thread.java:748)
Caused by: org.apache.ratis.thirdparty.io.grpc.StatusRuntimeException: UNAVAILABLE: io exception
	at org.apache.ratis.thirdparty.io.grpc.stub.ClientCalls.toStatusRuntimeException(ClientCalls.java:233)
	at org.apache.ratis.thirdparty.io.grpc.stub.ClientCalls.getUnchecked(ClientCalls.java:214)
	at org.apache.ratis.thirdparty.io.grpc.stub.ClientCalls.blockingUnaryCall(ClientCalls.java:139)
	at org.apache.ratis.proto.grpc.RaftServerProtocolServiceGrpc$RaftServerProtocolServiceBlockingStub.requestVote(RaftServerProtocolServiceGrpc.java:265)
	at org.apache.ratis.grpc.server.GrpcServerProtocolClient.requestVote(GrpcServerProtocolClient.java:99)
	at org.apache.ratis.grpc.server.GrpcService.requestVote(GrpcService.java:204)
	at org.apache.ratis.server.impl.LeaderElection.lambda$submitRequests$1(LeaderElection.java:234)
	at java.util.concurrent.FutureTask.run(FutureTask.java:266)
	at java.util.concurrent.Executors$RunnableAdapter.call(Executors.java:511)
	at java.util.concurrent.FutureTask.run(FutureTask.java:266)
	at java.util.concurrent.ThreadPoolExecutor.runWorker(ThreadPoolExecutor.java:1149)
	at java.util.concurrent.ThreadPoolExecutor$Worker.run(ThreadPoolExecutor.java:624)
	... 1 more
Caused by: org.apache.ratis.thirdparty.io.netty.channel.AbstractChannel$AnnotatedConnectException: Connection refused: /192.168.5.166:44353
	at sun.nio.ch.SocketChannelImpl.checkConnect(Native Method)
	at sun.nio.ch.SocketChannelImpl.finishConnect(SocketChannelImpl.java:717)
	at org.apache.ratis.thirdparty.io.netty.channel.socket.nio.NioSocketChannel.doFinishConnect(NioSocketChannel.java:327)
	at org.apache.ratis.thirdparty.io.netty.channel.nio.AbstractNioChannel$AbstractNioUnsafe.finishConnect(AbstractNioChannel.java:340)
	at org.apache.ratis.thirdparty.io.netty.channel.nio.NioEventLoop.processSelectedKey(NioEventLoop.java:632)
	at org.apache.ratis.thirdparty.io.netty.channel.nio.NioEventLoop.processSelectedKeysOptimized(NioEventLoop.java:579)
	at org.apache.ratis.thirdparty.io.netty.channel.nio.NioEventLoop.processSelectedKeys(NioEventLoop.java:496)
	at org.apache.ratis.thirdparty.io.netty.channel.nio.NioEventLoop.run(NioEventLoop.java:458)
	at org.apache.ratis.thirdparty.io.netty.util.concurrent.SingleThreadEventExecutor$5.run(SingleThreadEventExecutor.java:897)
	at org.apache.ratis.thirdparty.io.netty.util.concurrent.FastThreadLocalRunnable.run(FastThreadLocalRunnable.java:30)
	... 1 more
Caused by: java.net.ConnectException: Connection refused
	... 11 more
2019-10-10 00:01:02,954 [912b0bdb-3095-44f3-93c0-19702928d0ba@group-D12770000C91-LeaderElection10] INFO  impl.LeaderElection (LeaderElection.java:logAndReturn(56)) - 912b0bdb-3095-44f3-93c0-19702928d0ba@group-D12770000C91-LeaderElection10: Election REJECTED; received 0 response(s) [] and 2 exception(s); 912b0bdb-3095-44f3-93c0-19702928d0ba@group-D12770000C91:t2, leader=null, voted=912b0bdb-3095-44f3-93c0-19702928d0ba, raftlog=912b0bdb-3095-44f3-93c0-19702928d0ba@group-D12770000C91-SegmentedRaftLog:OPENED:c16,f16,i16, conf=0: [912b0bdb-3095-44f3-93c0-19702928d0ba:192.168.5.166:42393, 0679a6ad-56a1-41b2-83e1-15692bb468db:192.168.5.166:38134, 46504f71-6b77-44e9-a2e5-588075dae190:192.168.5.166:44353], old=null
2019-10-10 00:01:02,955 [912b0bdb-3095-44f3-93c0-19702928d0ba@group-D12770000C91-LeaderElection10] INFO  impl.LeaderElection (LogUtils.java:infoOrTrace(149)) -   Exception 0: {}
java.util.concurrent.ExecutionException: org.apache.ratis.thirdparty.io.grpc.StatusRuntimeException: UNAVAILABLE: io exception
	at java.util.concurrent.FutureTask.report(FutureTask.java:122)
	at java.util.concurrent.FutureTask.get(FutureTask.java:192)
	at org.apache.ratis.server.impl.LeaderElection.waitForResults(LeaderElection.java:259)
	at org.apache.ratis.server.impl.LeaderElection.askForVotes(LeaderElection.java:197)
	at org.apache.ratis.server.impl.LeaderElection.run(LeaderElection.java:133)
	at java.lang.Thread.run(Thread.java:748)
Caused by: org.apache.ratis.thirdparty.io.grpc.StatusRuntimeException: UNAVAILABLE: io exception
	at org.apache.ratis.thirdparty.io.grpc.stub.ClientCalls.toStatusRuntimeException(ClientCalls.java:233)
	at org.apache.ratis.thirdparty.io.grpc.stub.ClientCalls.getUnchecked(ClientCalls.java:214)
	at org.apache.ratis.thirdparty.io.grpc.stub.ClientCalls.blockingUnaryCall(ClientCalls.java:139)
	at org.apache.ratis.proto.grpc.RaftServerProtocolServiceGrpc$RaftServerProtocolServiceBlockingStub.requestVote(RaftServerProtocolServiceGrpc.java:265)
	at org.apache.ratis.grpc.server.GrpcServerProtocolClient.requestVote(GrpcServerProtocolClient.java:99)
	at org.apache.ratis.grpc.server.GrpcService.requestVote(GrpcService.java:204)
	at org.apache.ratis.server.impl.LeaderElection.lambda$submitRequests$1(LeaderElection.java:234)
	at java.util.concurrent.FutureTask.run(FutureTask.java:266)
	at java.util.concurrent.Executors$RunnableAdapter.call(Executors.java:511)
	at java.util.concurrent.FutureTask.run(FutureTask.java:266)
	at java.util.concurrent.ThreadPoolExecutor.runWorker(ThreadPoolExecutor.java:1149)
	at java.util.concurrent.ThreadPoolExecutor$Worker.run(ThreadPoolExecutor.java:624)
	... 1 more
Caused by: org.apache.ratis.thirdparty.io.netty.channel.AbstractChannel$AnnotatedConnectException: Connection refused: /192.168.5.166:38134
	at sun.nio.ch.SocketChannelImpl.checkConnect(Native Method)
	at sun.nio.ch.SocketChannelImpl.finishConnect(SocketChannelImpl.java:717)
	at org.apache.ratis.thirdparty.io.netty.channel.socket.nio.NioSocketChannel.doFinishConnect(NioSocketChannel.java:327)
	at org.apache.ratis.thirdparty.io.netty.channel.nio.AbstractNioChannel$AbstractNioUnsafe.finishConnect(AbstractNioChannel.java:340)
	at org.apache.ratis.thirdparty.io.netty.channel.nio.NioEventLoop.processSelectedKey(NioEventLoop.java:632)
	at org.apache.ratis.thirdparty.io.netty.channel.nio.NioEventLoop.processSelectedKeysOptimized(NioEventLoop.java:579)
	at org.apache.ratis.thirdparty.io.netty.channel.nio.NioEventLoop.processSelectedKeys(NioEventLoop.java:496)
	at org.apache.ratis.thirdparty.io.netty.channel.nio.NioEventLoop.run(NioEventLoop.java:458)
	at org.apache.ratis.thirdparty.io.netty.util.concurrent.SingleThreadEventExecutor$5.run(SingleThreadEventExecutor.java:897)
	at org.apache.ratis.thirdparty.io.netty.util.concurrent.FastThreadLocalRunnable.run(FastThreadLocalRunnable.java:30)
	... 1 more
Caused by: java.net.ConnectException: Connection refused
	... 11 more
2019-10-10 00:01:02,955 [912b0bdb-3095-44f3-93c0-19702928d0ba@group-D12770000C91-LeaderElection10] INFO  impl.LeaderElection (LogUtils.java:infoOrTrace(149)) -   Exception 1: {}
java.util.concurrent.ExecutionException: org.apache.ratis.thirdparty.io.grpc.StatusRuntimeException: UNAVAILABLE: io exception
	at java.util.concurrent.FutureTask.report(FutureTask.java:122)
	at java.util.concurrent.FutureTask.get(FutureTask.java:192)
	at org.apache.ratis.server.impl.LeaderElection.waitForResults(LeaderElection.java:259)
	at org.apache.ratis.server.impl.LeaderElection.askForVotes(LeaderElection.java:197)
	at org.apache.ratis.server.impl.LeaderElection.run(LeaderElection.java:133)
	at java.lang.Thread.run(Thread.java:748)
Caused by: org.apache.ratis.thirdparty.io.grpc.StatusRuntimeException: UNAVAILABLE: io exception
	at org.apache.ratis.thirdparty.io.grpc.stub.ClientCalls.toStatusRuntimeException(ClientCalls.java:233)
	at org.apache.ratis.thirdparty.io.grpc.stub.ClientCalls.getUnchecked(ClientCalls.java:214)
	at org.apache.ratis.thirdparty.io.grpc.stub.ClientCalls.blockingUnaryCall(ClientCalls.java:139)
	at org.apache.ratis.proto.grpc.RaftServerProtocolServiceGrpc$RaftServerProtocolServiceBlockingStub.requestVote(RaftServerProtocolServiceGrpc.java:265)
	at org.apache.ratis.grpc.server.GrpcServerProtocolClient.requestVote(GrpcServerProtocolClient.java:99)
	at org.apache.ratis.grpc.server.GrpcService.requestVote(GrpcService.java:204)
	at org.apache.ratis.server.impl.LeaderElection.lambda$submitRequests$1(LeaderElection.java:234)
	at java.util.concurrent.FutureTask.run(FutureTask.java:266)
	at java.util.concurrent.Executors$RunnableAdapter.call(Executors.java:511)
	at java.util.concurrent.FutureTask.run(FutureTask.java:266)
	at java.util.concurrent.ThreadPoolExecutor.runWorker(ThreadPoolExecutor.java:1149)
	at java.util.concurrent.ThreadPoolExecutor$Worker.run(ThreadPoolExecutor.java:624)
	... 1 more
Caused by: org.apache.ratis.thirdparty.io.netty.channel.AbstractChannel$AnnotatedConnectException: Connection refused: /192.168.5.166:44353
	at sun.nio.ch.SocketChannelImpl.checkConnect(Native Method)
	at sun.nio.ch.SocketChannelImpl.finishConnect(SocketChannelImpl.java:717)
	at org.apache.ratis.thirdparty.io.netty.channel.socket.nio.NioSocketChannel.doFinishConnect(NioSocketChannel.java:327)
	at org.apache.ratis.thirdparty.io.netty.channel.nio.AbstractNioChannel$AbstractNioUnsafe.finishConnect(AbstractNioChannel.java:340)
	at org.apache.ratis.thirdparty.io.netty.channel.nio.NioEventLoop.processSelectedKey(NioEventLoop.java:632)
	at org.apache.ratis.thirdparty.io.netty.channel.nio.NioEventLoop.processSelectedKeysOptimized(NioEventLoop.java:579)
	at org.apache.ratis.thirdparty.io.netty.channel.nio.NioEventLoop.processSelectedKeys(NioEventLoop.java:496)
	at org.apache.ratis.thirdparty.io.netty.channel.nio.NioEventLoop.run(NioEventLoop.java:458)
	at org.apache.ratis.thirdparty.io.netty.util.concurrent.SingleThreadEventExecutor$5.run(SingleThreadEventExecutor.java:897)
	at org.apache.ratis.thirdparty.io.netty.util.concurrent.FastThreadLocalRunnable.run(FastThreadLocalRunnable.java:30)
	... 1 more
Caused by: java.net.ConnectException: Connection refused
	... 11 more
2019-10-10 00:01:02,956 [912b0bdb-3095-44f3-93c0-19702928d0ba@group-D12770000C91-LeaderElection10] INFO  impl.RaftServerImpl (RaftServerImpl.java:setRole(170)) - 912b0bdb-3095-44f3-93c0-19702928d0ba@group-D12770000C91: changes role from CANDIDATE to FOLLOWER at term 2 for DISCOVERED_A_NEW_TERM
2019-10-10 00:01:02,956 [912b0bdb-3095-44f3-93c0-19702928d0ba@group-D12770000C91-LeaderElection10] INFO  impl.RoleInfo (RoleInfo.java:shutdownLeaderElection(134)) - 912b0bdb-3095-44f3-93c0-19702928d0ba: shutdown LeaderElection
2019-10-10 00:01:02,957 [912b0bdb-3095-44f3-93c0-19702928d0ba@group-D12770000C91-LeaderElection10] INFO  impl.RoleInfo (RoleInfo.java:updateAndGet(143)) - 912b0bdb-3095-44f3-93c0-19702928d0ba: start FollowerState
2019-10-10 00:01:08,102 [Thread-465] INFO  impl.FollowerState (FollowerState.java:run(108)) - 912b0bdb-3095-44f3-93c0-19702928d0ba@group-D12770000C91-FollowerState: change to CANDIDATE, lastRpcTime:5145ms, electionTimeout:5145ms
2019-10-10 00:01:08,105 [Thread-465] INFO  impl.RoleInfo (RoleInfo.java:shutdownFollowerState(121)) - 912b0bdb-3095-44f3-93c0-19702928d0ba: shutdown FollowerState
2019-10-10 00:01:08,105 [Thread-465] INFO  impl.RaftServerImpl (RaftServerImpl.java:setRole(170)) - 912b0bdb-3095-44f3-93c0-19702928d0ba@group-D12770000C91: changes role from  FOLLOWER to CANDIDATE at term 2 for changeToCandidate
2019-10-10 00:01:08,106 [Thread-465] INFO  impl.RoleInfo (RoleInfo.java:updateAndGet(143)) - 912b0bdb-3095-44f3-93c0-19702928d0ba: start LeaderElection
2019-10-10 00:01:08,123 [912b0bdb-3095-44f3-93c0-19702928d0ba@group-D12770000C91-LeaderElection11] INFO  impl.LeaderElection (LeaderElection.java:askForVotes(178)) - 912b0bdb-3095-44f3-93c0-19702928d0ba@group-D12770000C91-LeaderElection11: begin an election at term 3 for 0: [912b0bdb-3095-44f3-93c0-19702928d0ba:192.168.5.166:42393, 0679a6ad-56a1-41b2-83e1-15692bb468db:192.168.5.166:38134, 46504f71-6b77-44e9-a2e5-588075dae190:192.168.5.166:44353], old=null
2019-10-10 00:01:08,124 [912b0bdb-3095-44f3-93c0-19702928d0ba@group-D12770000C91-LeaderElection11] INFO  impl.LeaderElection (LogUtils.java:infoOrTrace(149)) - 912b0bdb-3095-44f3-93c0-19702928d0ba@group-D12770000C91-LeaderElection11 got exception when requesting votes: {}
java.util.concurrent.ExecutionException: org.apache.ratis.thirdparty.io.grpc.StatusRuntimeException: UNAVAILABLE: io exception
	at java.util.concurrent.FutureTask.report(FutureTask.java:122)
	at java.util.concurrent.FutureTask.get(FutureTask.java:192)
	at org.apache.ratis.server.impl.LeaderElection.waitForResults(LeaderElection.java:259)
	at org.apache.ratis.server.impl.LeaderElection.askForVotes(LeaderElection.java:197)
	at org.apache.ratis.server.impl.LeaderElection.run(LeaderElection.java:133)
	at java.lang.Thread.run(Thread.java:748)
Caused by: org.apache.ratis.thirdparty.io.grpc.StatusRuntimeException: UNAVAILABLE: io exception
	at org.apache.ratis.thirdparty.io.grpc.stub.ClientCalls.toStatusRuntimeException(ClientCalls.java:233)
	at org.apache.ratis.thirdparty.io.grpc.stub.ClientCalls.getUnchecked(ClientCalls.java:214)
	at org.apache.ratis.thirdparty.io.grpc.stub.ClientCalls.blockingUnaryCall(ClientCalls.java:139)
	at org.apache.ratis.proto.grpc.RaftServerProtocolServiceGrpc$RaftServerProtocolServiceBlockingStub.requestVote(RaftServerProtocolServiceGrpc.java:265)
	at org.apache.ratis.grpc.server.GrpcServerProtocolClient.requestVote(GrpcServerProtocolClient.java:99)
	at org.apache.ratis.grpc.server.GrpcService.requestVote(GrpcService.java:204)
	at org.apache.ratis.server.impl.LeaderElection.lambda$submitRequests$1(LeaderElection.java:234)
	at java.util.concurrent.FutureTask.run(FutureTask.java:266)
	at java.util.concurrent.Executors$RunnableAdapter.call(Executors.java:511)
	at java.util.concurrent.FutureTask.run(FutureTask.java:266)
	at java.util.concurrent.ThreadPoolExecutor.runWorker(ThreadPoolExecutor.java:1149)
	at java.util.concurrent.ThreadPoolExecutor$Worker.run(ThreadPoolExecutor.java:624)
	... 1 more
Caused by: org.apache.ratis.thirdparty.io.netty.channel.AbstractChannel$AnnotatedConnectException: Connection refused: /192.168.5.166:38134
	at sun.nio.ch.SocketChannelImpl.checkConnect(Native Method)
	at sun.nio.ch.SocketChannelImpl.finishConnect(SocketChannelImpl.java:717)
	at org.apache.ratis.thirdparty.io.netty.channel.socket.nio.NioSocketChannel.doFinishConnect(NioSocketChannel.java:327)
	at org.apache.ratis.thirdparty.io.netty.channel.nio.AbstractNioChannel$AbstractNioUnsafe.finishConnect(AbstractNioChannel.java:340)
	at org.apache.ratis.thirdparty.io.netty.channel.nio.NioEventLoop.processSelectedKey(NioEventLoop.java:632)
	at org.apache.ratis.thirdparty.io.netty.channel.nio.NioEventLoop.processSelectedKeysOptimized(NioEventLoop.java:579)
	at org.apache.ratis.thirdparty.io.netty.channel.nio.NioEventLoop.processSelectedKeys(NioEventLoop.java:496)
	at org.apache.ratis.thirdparty.io.netty.channel.nio.NioEventLoop.run(NioEventLoop.java:458)
	at org.apache.ratis.thirdparty.io.netty.util.concurrent.SingleThreadEventExecutor$5.run(SingleThreadEventExecutor.java:897)
	at org.apache.ratis.thirdparty.io.netty.util.concurrent.FastThreadLocalRunnable.run(FastThreadLocalRunnable.java:30)
	... 1 more
Caused by: java.net.ConnectException: Connection refused
	... 11 more
2019-10-10 00:01:08,128 [912b0bdb-3095-44f3-93c0-19702928d0ba@group-D12770000C91-LeaderElection11] INFO  impl.LeaderElection (LogUtils.java:infoOrTrace(149)) - 912b0bdb-3095-44f3-93c0-19702928d0ba@group-D12770000C91-LeaderElection11 got exception when requesting votes: {}
java.util.concurrent.ExecutionException: org.apache.ratis.thirdparty.io.grpc.StatusRuntimeException: UNAVAILABLE: io exception
	at java.util.concurrent.FutureTask.report(FutureTask.java:122)
	at java.util.concurrent.FutureTask.get(FutureTask.java:192)
	at org.apache.ratis.server.impl.LeaderElection.waitForResults(LeaderElection.java:259)
	at org.apache.ratis.server.impl.LeaderElection.askForVotes(LeaderElection.java:197)
	at org.apache.ratis.server.impl.LeaderElection.run(LeaderElection.java:133)
	at java.lang.Thread.run(Thread.java:748)
Caused by: org.apache.ratis.thirdparty.io.grpc.StatusRuntimeException: UNAVAILABLE: io exception
	at org.apache.ratis.thirdparty.io.grpc.stub.ClientCalls.toStatusRuntimeException(ClientCalls.java:233)
	at org.apache.ratis.thirdparty.io.grpc.stub.ClientCalls.getUnchecked(ClientCalls.java:214)
	at org.apache.ratis.thirdparty.io.grpc.stub.ClientCalls.blockingUnaryCall(ClientCalls.java:139)
	at org.apache.ratis.proto.grpc.RaftServerProtocolServiceGrpc$RaftServerProtocolServiceBlockingStub.requestVote(RaftServerProtocolServiceGrpc.java:265)
	at org.apache.ratis.grpc.server.GrpcServerProtocolClient.requestVote(GrpcServerProtocolClient.java:99)
	at org.apache.ratis.grpc.server.GrpcService.requestVote(GrpcService.java:204)
	at org.apache.ratis.server.impl.LeaderElection.lambda$submitRequests$1(LeaderElection.java:234)
	at java.util.concurrent.FutureTask.run(FutureTask.java:266)
	at java.util.concurrent.Executors$RunnableAdapter.call(Executors.java:511)
	at java.util.concurrent.FutureTask.run(FutureTask.java:266)
	at java.util.concurrent.ThreadPoolExecutor.runWorker(ThreadPoolExecutor.java:1149)
	at java.util.concurrent.ThreadPoolExecutor$Worker.run(ThreadPoolExecutor.java:624)
	... 1 more
Caused by: org.apache.ratis.thirdparty.io.netty.channel.AbstractChannel$AnnotatedConnectException: Connection refused: /192.168.5.166:44353
	at sun.nio.ch.SocketChannelImpl.checkConnect(Native Method)
	at sun.nio.ch.SocketChannelImpl.finishConnect(SocketChannelImpl.java:717)
	at org.apache.ratis.thirdparty.io.netty.channel.socket.nio.NioSocketChannel.doFinishConnect(NioSocketChannel.java:327)
	at org.apache.ratis.thirdparty.io.netty.channel.nio.AbstractNioChannel$AbstractNioUnsafe.finishConnect(AbstractNioChannel.java:340)
	at org.apache.ratis.thirdparty.io.netty.channel.nio.NioEventLoop.processSelectedKey(NioEventLoop.java:632)
	at org.apache.ratis.thirdparty.io.netty.channel.nio.NioEventLoop.processSelectedKeysOptimized(NioEventLoop.java:579)
	at org.apache.ratis.thirdparty.io.netty.channel.nio.NioEventLoop.processSelectedKeys(NioEventLoop.java:496)
	at org.apache.ratis.thirdparty.io.netty.channel.nio.NioEventLoop.run(NioEventLoop.java:458)
	at org.apache.ratis.thirdparty.io.netty.util.concurrent.SingleThreadEventExecutor$5.run(SingleThreadEventExecutor.java:897)
	at org.apache.ratis.thirdparty.io.netty.util.concurrent.FastThreadLocalRunnable.run(FastThreadLocalRunnable.java:30)
	... 1 more
Caused by: java.net.ConnectException: Connection refused
	... 11 more
2019-10-10 00:01:08,130 [912b0bdb-3095-44f3-93c0-19702928d0ba@group-D12770000C91-LeaderElection11] INFO  impl.LeaderElection (LeaderElection.java:logAndReturn(56)) - 912b0bdb-3095-44f3-93c0-19702928d0ba@group-D12770000C91-LeaderElection11: Election REJECTED; received 0 response(s) [] and 2 exception(s); 912b0bdb-3095-44f3-93c0-19702928d0ba@group-D12770000C91:t3, leader=null, voted=912b0bdb-3095-44f3-93c0-19702928d0ba, raftlog=912b0bdb-3095-44f3-93c0-19702928d0ba@group-D12770000C91-SegmentedRaftLog:OPENED:c16,f16,i16, conf=0: [912b0bdb-3095-44f3-93c0-19702928d0ba:192.168.5.166:42393, 0679a6ad-56a1-41b2-83e1-15692bb468db:192.168.5.166:38134, 46504f71-6b77-44e9-a2e5-588075dae190:192.168.5.166:44353], old=null
2019-10-10 00:01:08,130 [912b0bdb-3095-44f3-93c0-19702928d0ba@group-D12770000C91-LeaderElection11] INFO  impl.LeaderElection (LogUtils.java:infoOrTrace(149)) -   Exception 0: {}
java.util.concurrent.ExecutionException: org.apache.ratis.thirdparty.io.grpc.StatusRuntimeException: UNAVAILABLE: io exception
	at java.util.concurrent.FutureTask.report(FutureTask.java:122)
	at java.util.concurrent.FutureTask.get(FutureTask.java:192)
	at org.apache.ratis.server.impl.LeaderElection.waitForResults(LeaderElection.java:259)
	at org.apache.ratis.server.impl.LeaderElection.askForVotes(LeaderElection.java:197)
	at org.apache.ratis.server.impl.LeaderElection.run(LeaderElection.java:133)
	at java.lang.Thread.run(Thread.java:748)
Caused by: org.apache.ratis.thirdparty.io.grpc.StatusRuntimeException: UNAVAILABLE: io exception
	at org.apache.ratis.thirdparty.io.grpc.stub.ClientCalls.toStatusRuntimeException(ClientCalls.java:233)
	at org.apache.ratis.thirdparty.io.grpc.stub.ClientCalls.getUnchecked(ClientCalls.java:214)
	at org.apache.ratis.thirdparty.io.grpc.stub.ClientCalls.blockingUnaryCall(ClientCalls.java:139)
	at org.apache.ratis.proto.grpc.RaftServerProtocolServiceGrpc$RaftServerProtocolServiceBlockingStub.requestVote(RaftServerProtocolServiceGrpc.java:265)
	at org.apache.ratis.grpc.server.GrpcServerProtocolClient.requestVote(GrpcServerProtocolClient.java:99)
	at org.apache.ratis.grpc.server.GrpcService.requestVote(GrpcService.java:204)
	at org.apache.ratis.server.impl.LeaderElection.lambda$submitRequests$1(LeaderElection.java:234)
	at java.util.concurrent.FutureTask.run(FutureTask.java:266)
	at java.util.concurrent.Executors$RunnableAdapter.call(Executors.java:511)
	at java.util.concurrent.FutureTask.run(FutureTask.java:266)
	at java.util.concurrent.ThreadPoolExecutor.runWorker(ThreadPoolExecutor.java:1149)
	at java.util.concurrent.ThreadPoolExecutor$Worker.run(ThreadPoolExecutor.java:624)
	... 1 more
Caused by: org.apache.ratis.thirdparty.io.netty.channel.AbstractChannel$AnnotatedConnectException: Connection refused: /192.168.5.166:38134
	at sun.nio.ch.SocketChannelImpl.checkConnect(Native Method)
	at sun.nio.ch.SocketChannelImpl.finishConnect(SocketChannelImpl.java:717)
	at org.apache.ratis.thirdparty.io.netty.channel.socket.nio.NioSocketChannel.doFinishConnect(NioSocketChannel.java:327)
	at org.apache.ratis.thirdparty.io.netty.channel.nio.AbstractNioChannel$AbstractNioUnsafe.finishConnect(AbstractNioChannel.java:340)
	at org.apache.ratis.thirdparty.io.netty.channel.nio.NioEventLoop.processSelectedKey(NioEventLoop.java:632)
	at org.apache.ratis.thirdparty.io.netty.channel.nio.NioEventLoop.processSelectedKeysOptimized(NioEventLoop.java:579)
	at org.apache.ratis.thirdparty.io.netty.channel.nio.NioEventLoop.processSelectedKeys(NioEventLoop.java:496)
	at org.apache.ratis.thirdparty.io.netty.channel.nio.NioEventLoop.run(NioEventLoop.java:458)
	at org.apache.ratis.thirdparty.io.netty.util.concurrent.SingleThreadEventExecutor$5.run(SingleThreadEventExecutor.java:897)
	at org.apache.ratis.thirdparty.io.netty.util.concurrent.FastThreadLocalRunnable.run(FastThreadLocalRunnable.java:30)
	... 1 more
Caused by: java.net.ConnectException: Connection refused
	... 11 more
2019-10-10 00:01:08,130 [912b0bdb-3095-44f3-93c0-19702928d0ba@group-D12770000C91-LeaderElection11] INFO  impl.LeaderElection (LogUtils.java:infoOrTrace(149)) -   Exception 1: {}
java.util.concurrent.ExecutionException: org.apache.ratis.thirdparty.io.grpc.StatusRuntimeException: UNAVAILABLE: io exception
	at java.util.concurrent.FutureTask.report(FutureTask.java:122)
	at java.util.concurrent.FutureTask.get(FutureTask.java:192)
	at org.apache.ratis.server.impl.LeaderElection.waitForResults(LeaderElection.java:259)
	at org.apache.ratis.server.impl.LeaderElection.askForVotes(LeaderElection.java:197)
	at org.apache.ratis.server.impl.LeaderElection.run(LeaderElection.java:133)
	at java.lang.Thread.run(Thread.java:748)
Caused by: org.apache.ratis.thirdparty.io.grpc.StatusRuntimeException: UNAVAILABLE: io exception
	at org.apache.ratis.thirdparty.io.grpc.stub.ClientCalls.toStatusRuntimeException(ClientCalls.java:233)
	at org.apache.ratis.thirdparty.io.grpc.stub.ClientCalls.getUnchecked(ClientCalls.java:214)
	at org.apache.ratis.thirdparty.io.grpc.stub.ClientCalls.blockingUnaryCall(ClientCalls.java:139)
	at org.apache.ratis.proto.grpc.RaftServerProtocolServiceGrpc$RaftServerProtocolServiceBlockingStub.requestVote(RaftServerProtocolServiceGrpc.java:265)
	at org.apache.ratis.grpc.server.GrpcServerProtocolClient.requestVote(GrpcServerProtocolClient.java:99)
	at org.apache.ratis.grpc.server.GrpcService.requestVote(GrpcService.java:204)
	at org.apache.ratis.server.impl.LeaderElection.lambda$submitRequests$1(LeaderElection.java:234)
	at java.util.concurrent.FutureTask.run(FutureTask.java:266)
	at java.util.concurrent.Executors$RunnableAdapter.call(Executors.java:511)
	at java.util.concurrent.FutureTask.run(FutureTask.java:266)
	at java.util.concurrent.ThreadPoolExecutor.runWorker(ThreadPoolExecutor.java:1149)
	at java.util.concurrent.ThreadPoolExecutor$Worker.run(ThreadPoolExecutor.java:624)
	... 1 more
Caused by: org.apache.ratis.thirdparty.io.netty.channel.AbstractChannel$AnnotatedConnectException: Connection refused: /192.168.5.166:44353
	at sun.nio.ch.SocketChannelImpl.checkConnect(Native Method)
	at sun.nio.ch.SocketChannelImpl.finishConnect(SocketChannelImpl.java:717)
	at org.apache.ratis.thirdparty.io.netty.channel.socket.nio.NioSocketChannel.doFinishConnect(NioSocketChannel.java:327)
	at org.apache.ratis.thirdparty.io.netty.channel.nio.AbstractNioChannel$AbstractNioUnsafe.finishConnect(AbstractNioChannel.java:340)
	at org.apache.ratis.thirdparty.io.netty.channel.nio.NioEventLoop.processSelectedKey(NioEventLoop.java:632)
	at org.apache.ratis.thirdparty.io.netty.channel.nio.NioEventLoop.processSelectedKeysOptimized(NioEventLoop.java:579)
	at org.apache.ratis.thirdparty.io.netty.channel.nio.NioEventLoop.processSelectedKeys(NioEventLoop.java:496)
	at org.apache.ratis.thirdparty.io.netty.channel.nio.NioEventLoop.run(NioEventLoop.java:458)
	at org.apache.ratis.thirdparty.io.netty.util.concurrent.SingleThreadEventExecutor$5.run(SingleThreadEventExecutor.java:897)
	at org.apache.ratis.thirdparty.io.netty.util.concurrent.FastThreadLocalRunnable.run(FastThreadLocalRunnable.java:30)
	... 1 more
Caused by: java.net.ConnectException: Connection refused
	... 11 more
2019-10-10 00:01:08,131 [912b0bdb-3095-44f3-93c0-19702928d0ba@group-D12770000C91-LeaderElection11] INFO  impl.RaftServerImpl (RaftServerImpl.java:setRole(170)) - 912b0bdb-3095-44f3-93c0-19702928d0ba@group-D12770000C91: changes role from CANDIDATE to FOLLOWER at term 3 for DISCOVERED_A_NEW_TERM
2019-10-10 00:01:08,131 [912b0bdb-3095-44f3-93c0-19702928d0ba@group-D12770000C91-LeaderElection11] INFO  impl.RoleInfo (RoleInfo.java:shutdownLeaderElection(134)) - 912b0bdb-3095-44f3-93c0-19702928d0ba: shutdown LeaderElection
2019-10-10 00:01:08,131 [912b0bdb-3095-44f3-93c0-19702928d0ba@group-D12770000C91-LeaderElection11] INFO  impl.RoleInfo (RoleInfo.java:updateAndGet(143)) - 912b0bdb-3095-44f3-93c0-19702928d0ba: start FollowerState
2019-10-10 00:01:13,234 [Thread-481] INFO  impl.FollowerState (FollowerState.java:run(108)) - 912b0bdb-3095-44f3-93c0-19702928d0ba@group-D12770000C91-FollowerState: change to CANDIDATE, lastRpcTime:5102ms, electionTimeout:5102ms
2019-10-10 00:01:13,239 [Thread-481] INFO  impl.RoleInfo (RoleInfo.java:shutdownFollowerState(121)) - 912b0bdb-3095-44f3-93c0-19702928d0ba: shutdown FollowerState
2019-10-10 00:01:13,239 [Thread-481] INFO  impl.RaftServerImpl (RaftServerImpl.java:setRole(170)) - 912b0bdb-3095-44f3-93c0-19702928d0ba@group-D12770000C91: changes role from  FOLLOWER to CANDIDATE at term 3 for changeToCandidate
2019-10-10 00:01:13,240 [Thread-481] INFO  impl.RoleInfo (RoleInfo.java:updateAndGet(143)) - 912b0bdb-3095-44f3-93c0-19702928d0ba: start LeaderElection
2019-10-10 00:01:13,268 [912b0bdb-3095-44f3-93c0-19702928d0ba@group-D12770000C91-LeaderElection12] INFO  impl.LeaderElection (LeaderElection.java:askForVotes(178)) - 912b0bdb-3095-44f3-93c0-19702928d0ba@group-D12770000C91-LeaderElection12: begin an election at term 4 for 0: [912b0bdb-3095-44f3-93c0-19702928d0ba:192.168.5.166:42393, 0679a6ad-56a1-41b2-83e1-15692bb468db:192.168.5.166:38134, 46504f71-6b77-44e9-a2e5-588075dae190:192.168.5.166:44353], old=null
2019-10-10 00:01:13,270 [912b0bdb-3095-44f3-93c0-19702928d0ba@group-D12770000C91-LeaderElection12] INFO  impl.LeaderElection (LogUtils.java:infoOrTrace(149)) - 912b0bdb-3095-44f3-93c0-19702928d0ba@group-D12770000C91-LeaderElection12 got exception when requesting votes: {}
java.util.concurrent.ExecutionException: org.apache.ratis.thirdparty.io.grpc.StatusRuntimeException: UNAVAILABLE: io exception
	at java.util.concurrent.FutureTask.report(FutureTask.java:122)
	at java.util.concurrent.FutureTask.get(FutureTask.java:192)
	at org.apache.ratis.server.impl.LeaderElection.waitForResults(LeaderElection.java:259)
	at org.apache.ratis.server.impl.LeaderElection.askForVotes(LeaderElection.java:197)
	at org.apache.ratis.server.impl.LeaderElection.run(LeaderElection.java:133)
	at java.lang.Thread.run(Thread.java:748)
Caused by: org.apache.ratis.thirdparty.io.grpc.StatusRuntimeException: UNAVAILABLE: io exception
	at org.apache.ratis.thirdparty.io.grpc.stub.ClientCalls.toStatusRuntimeException(ClientCalls.java:233)
	at org.apache.ratis.thirdparty.io.grpc.stub.ClientCalls.getUnchecked(ClientCalls.java:214)
	at org.apache.ratis.thirdparty.io.grpc.stub.ClientCalls.blockingUnaryCall(ClientCalls.java:139)
	at org.apache.ratis.proto.grpc.RaftServerProtocolServiceGrpc$RaftServerProtocolServiceBlockingStub.requestVote(RaftServerProtocolServiceGrpc.java:265)
	at org.apache.ratis.grpc.server.GrpcServerProtocolClient.requestVote(GrpcServerProtocolClient.java:99)
	at org.apache.ratis.grpc.server.GrpcService.requestVote(GrpcService.java:204)
	at org.apache.ratis.server.impl.LeaderElection.lambda$submitRequests$1(LeaderElection.java:234)
	at java.util.concurrent.FutureTask.run(FutureTask.java:266)
	at java.util.concurrent.Executors$RunnableAdapter.call(Executors.java:511)
	at java.util.concurrent.FutureTask.run(FutureTask.java:266)
	at java.util.concurrent.ThreadPoolExecutor.runWorker(ThreadPoolExecutor.java:1149)
	at java.util.concurrent.ThreadPoolExecutor$Worker.run(ThreadPoolExecutor.java:624)
	... 1 more
Caused by: org.apache.ratis.thirdparty.io.netty.channel.AbstractChannel$AnnotatedConnectException: Connection refused: /192.168.5.166:38134
	at sun.nio.ch.SocketChannelImpl.checkConnect(Native Method)
	at sun.nio.ch.SocketChannelImpl.finishConnect(SocketChannelImpl.java:717)
	at org.apache.ratis.thirdparty.io.netty.channel.socket.nio.NioSocketChannel.doFinishConnect(NioSocketChannel.java:327)
	at org.apache.ratis.thirdparty.io.netty.channel.nio.AbstractNioChannel$AbstractNioUnsafe.finishConnect(AbstractNioChannel.java:340)
	at org.apache.ratis.thirdparty.io.netty.channel.nio.NioEventLoop.processSelectedKey(NioEventLoop.java:632)
	at org.apache.ratis.thirdparty.io.netty.channel.nio.NioEventLoop.processSelectedKeysOptimized(NioEventLoop.java:579)
	at org.apache.ratis.thirdparty.io.netty.channel.nio.NioEventLoop.processSelectedKeys(NioEventLoop.java:496)
	at org.apache.ratis.thirdparty.io.netty.channel.nio.NioEventLoop.run(NioEventLoop.java:458)
	at org.apache.ratis.thirdparty.io.netty.util.concurrent.SingleThreadEventExecutor$5.run(SingleThreadEventExecutor.java:897)
	at org.apache.ratis.thirdparty.io.netty.util.concurrent.FastThreadLocalRunnable.run(FastThreadLocalRunnable.java:30)
	... 1 more
Caused by: java.net.ConnectException: Connection refused
	... 11 more
2019-10-10 00:01:13,273 [912b0bdb-3095-44f3-93c0-19702928d0ba@group-D12770000C91-LeaderElection12] INFO  impl.LeaderElection (LogUtils.java:infoOrTrace(149)) - 912b0bdb-3095-44f3-93c0-19702928d0ba@group-D12770000C91-LeaderElection12 got exception when requesting votes: {}
java.util.concurrent.ExecutionException: org.apache.ratis.thirdparty.io.grpc.StatusRuntimeException: UNAVAILABLE: io exception
	at java.util.concurrent.FutureTask.report(FutureTask.java:122)
	at java.util.concurrent.FutureTask.get(FutureTask.java:192)
	at org.apache.ratis.server.impl.LeaderElection.waitForResults(LeaderElection.java:259)
	at org.apache.ratis.server.impl.LeaderElection.askForVotes(LeaderElection.java:197)
	at org.apache.ratis.server.impl.LeaderElection.run(LeaderElection.java:133)
	at java.lang.Thread.run(Thread.java:748)
Caused by: org.apache.ratis.thirdparty.io.grpc.StatusRuntimeException: UNAVAILABLE: io exception
	at org.apache.ratis.thirdparty.io.grpc.stub.ClientCalls.toStatusRuntimeException(ClientCalls.java:233)
	at org.apache.ratis.thirdparty.io.grpc.stub.ClientCalls.getUnchecked(ClientCalls.java:214)
	at org.apache.ratis.thirdparty.io.grpc.stub.ClientCalls.blockingUnaryCall(ClientCalls.java:139)
	at org.apache.ratis.proto.grpc.RaftServerProtocolServiceGrpc$RaftServerProtocolServiceBlockingStub.requestVote(RaftServerProtocolServiceGrpc.java:265)
	at org.apache.ratis.grpc.server.GrpcServerProtocolClient.requestVote(GrpcServerProtocolClient.java:99)
	at org.apache.ratis.grpc.server.GrpcService.requestVote(GrpcService.java:204)
	at org.apache.ratis.server.impl.LeaderElection.lambda$submitRequests$1(LeaderElection.java:234)
	at java.util.concurrent.FutureTask.run(FutureTask.java:266)
	at java.util.concurrent.Executors$RunnableAdapter.call(Executors.java:511)
	at java.util.concurrent.FutureTask.run(FutureTask.java:266)
	at java.util.concurrent.ThreadPoolExecutor.runWorker(ThreadPoolExecutor.java:1149)
	at java.util.concurrent.ThreadPoolExecutor$Worker.run(ThreadPoolExecutor.java:624)
	... 1 more
Caused by: org.apache.ratis.thirdparty.io.netty.channel.AbstractChannel$AnnotatedConnectException: Connection refused: /192.168.5.166:44353
	at sun.nio.ch.SocketChannelImpl.checkConnect(Native Method)
	at sun.nio.ch.SocketChannelImpl.finishConnect(SocketChannelImpl.java:717)
	at org.apache.ratis.thirdparty.io.netty.channel.socket.nio.NioSocketChannel.doFinishConnect(NioSocketChannel.java:327)
	at org.apache.ratis.thirdparty.io.netty.channel.nio.AbstractNioChannel$AbstractNioUnsafe.finishConnect(AbstractNioChannel.java:340)
	at org.apache.ratis.thirdparty.io.netty.channel.nio.NioEventLoop.processSelectedKey(NioEventLoop.java:632)
	at org.apache.ratis.thirdparty.io.netty.channel.nio.NioEventLoop.processSelectedKeysOptimized(NioEventLoop.java:579)
	at org.apache.ratis.thirdparty.io.netty.channel.nio.NioEventLoop.processSelectedKeys(NioEventLoop.java:496)
	at org.apache.ratis.thirdparty.io.netty.channel.nio.NioEventLoop.run(NioEventLoop.java:458)
	at org.apache.ratis.thirdparty.io.netty.util.concurrent.SingleThreadEventExecutor$5.run(SingleThreadEventExecutor.java:897)
	at org.apache.ratis.thirdparty.io.netty.util.concurrent.FastThreadLocalRunnable.run(FastThreadLocalRunnable.java:30)
	... 1 more
Caused by: java.net.ConnectException: Connection refused
	... 11 more
2019-10-10 00:01:13,276 [912b0bdb-3095-44f3-93c0-19702928d0ba@group-D12770000C91-LeaderElection12] INFO  impl.LeaderElection (LeaderElection.java:logAndReturn(56)) - 912b0bdb-3095-44f3-93c0-19702928d0ba@group-D12770000C91-LeaderElection12: Election REJECTED; received 0 response(s) [] and 2 exception(s); 912b0bdb-3095-44f3-93c0-19702928d0ba@group-D12770000C91:t4, leader=null, voted=912b0bdb-3095-44f3-93c0-19702928d0ba, raftlog=912b0bdb-3095-44f3-93c0-19702928d0ba@group-D12770000C91-SegmentedRaftLog:OPENED:c16,f16,i16, conf=0: [912b0bdb-3095-44f3-93c0-19702928d0ba:192.168.5.166:42393, 0679a6ad-56a1-41b2-83e1-15692bb468db:192.168.5.166:38134, 46504f71-6b77-44e9-a2e5-588075dae190:192.168.5.166:44353], old=null
2019-10-10 00:01:13,276 [912b0bdb-3095-44f3-93c0-19702928d0ba@group-D12770000C91-LeaderElection12] INFO  impl.LeaderElection (LogUtils.java:infoOrTrace(149)) -   Exception 0: {}
java.util.concurrent.ExecutionException: org.apache.ratis.thirdparty.io.grpc.StatusRuntimeException: UNAVAILABLE: io exception
	at java.util.concurrent.FutureTask.report(FutureTask.java:122)
	at java.util.concurrent.FutureTask.get(FutureTask.java:192)
	at org.apache.ratis.server.impl.LeaderElection.waitForResults(LeaderElection.java:259)
	at org.apache.ratis.server.impl.LeaderElection.askForVotes(LeaderElection.java:197)
	at org.apache.ratis.server.impl.LeaderElection.run(LeaderElection.java:133)
	at java.lang.Thread.run(Thread.java:748)
Caused by: org.apache.ratis.thirdparty.io.grpc.StatusRuntimeException: UNAVAILABLE: io exception
	at org.apache.ratis.thirdparty.io.grpc.stub.ClientCalls.toStatusRuntimeException(ClientCalls.java:233)
	at org.apache.ratis.thirdparty.io.grpc.stub.ClientCalls.getUnchecked(ClientCalls.java:214)
	at org.apache.ratis.thirdparty.io.grpc.stub.ClientCalls.blockingUnaryCall(ClientCalls.java:139)
	at org.apache.ratis.proto.grpc.RaftServerProtocolServiceGrpc$RaftServerProtocolServiceBlockingStub.requestVote(RaftServerProtocolServiceGrpc.java:265)
	at org.apache.ratis.grpc.server.GrpcServerProtocolClient.requestVote(GrpcServerProtocolClient.java:99)
	at org.apache.ratis.grpc.server.GrpcService.requestVote(GrpcService.java:204)
	at org.apache.ratis.server.impl.LeaderElection.lambda$submitRequests$1(LeaderElection.java:234)
	at java.util.concurrent.FutureTask.run(FutureTask.java:266)
	at java.util.concurrent.Executors$RunnableAdapter.call(Executors.java:511)
	at java.util.concurrent.FutureTask.run(FutureTask.java:266)
	at java.util.concurrent.ThreadPoolExecutor.runWorker(ThreadPoolExecutor.java:1149)
	at java.util.concurrent.ThreadPoolExecutor$Worker.run(ThreadPoolExecutor.java:624)
	... 1 more
Caused by: org.apache.ratis.thirdparty.io.netty.channel.AbstractChannel$AnnotatedConnectException: Connection refused: /192.168.5.166:38134
	at sun.nio.ch.SocketChannelImpl.checkConnect(Native Method)
	at sun.nio.ch.SocketChannelImpl.finishConnect(SocketChannelImpl.java:717)
	at org.apache.ratis.thirdparty.io.netty.channel.socket.nio.NioSocketChannel.doFinishConnect(NioSocketChannel.java:327)
	at org.apache.ratis.thirdparty.io.netty.channel.nio.AbstractNioChannel$AbstractNioUnsafe.finishConnect(AbstractNioChannel.java:340)
	at org.apache.ratis.thirdparty.io.netty.channel.nio.NioEventLoop.processSelectedKey(NioEventLoop.java:632)
	at org.apache.ratis.thirdparty.io.netty.channel.nio.NioEventLoop.processSelectedKeysOptimized(NioEventLoop.java:579)
	at org.apache.ratis.thirdparty.io.netty.channel.nio.NioEventLoop.processSelectedKeys(NioEventLoop.java:496)
	at org.apache.ratis.thirdparty.io.netty.channel.nio.NioEventLoop.run(NioEventLoop.java:458)
	at org.apache.ratis.thirdparty.io.netty.util.concurrent.SingleThreadEventExecutor$5.run(SingleThreadEventExecutor.java:897)
	at org.apache.ratis.thirdparty.io.netty.util.concurrent.FastThreadLocalRunnable.run(FastThreadLocalRunnable.java:30)
	... 1 more
Caused by: java.net.ConnectException: Connection refused
	... 11 more
2019-10-10 00:01:13,276 [912b0bdb-3095-44f3-93c0-19702928d0ba@group-D12770000C91-LeaderElection12] INFO  impl.LeaderElection (LogUtils.java:infoOrTrace(149)) -   Exception 1: {}
java.util.concurrent.ExecutionException: org.apache.ratis.thirdparty.io.grpc.StatusRuntimeException: UNAVAILABLE: io exception
	at java.util.concurrent.FutureTask.report(FutureTask.java:122)
	at java.util.concurrent.FutureTask.get(FutureTask.java:192)
	at org.apache.ratis.server.impl.LeaderElection.waitForResults(LeaderElection.java:259)
	at org.apache.ratis.server.impl.LeaderElection.askForVotes(LeaderElection.java:197)
	at org.apache.ratis.server.impl.LeaderElection.run(LeaderElection.java:133)
	at java.lang.Thread.run(Thread.java:748)
Caused by: org.apache.ratis.thirdparty.io.grpc.StatusRuntimeException: UNAVAILABLE: io exception
	at org.apache.ratis.thirdparty.io.grpc.stub.ClientCalls.toStatusRuntimeException(ClientCalls.java:233)
	at org.apache.ratis.thirdparty.io.grpc.stub.ClientCalls.getUnchecked(ClientCalls.java:214)
	at org.apache.ratis.thirdparty.io.grpc.stub.ClientCalls.blockingUnaryCall(ClientCalls.java:139)
	at org.apache.ratis.proto.grpc.RaftServerProtocolServiceGrpc$RaftServerProtocolServiceBlockingStub.requestVote(RaftServerProtocolServiceGrpc.java:265)
	at org.apache.ratis.grpc.server.GrpcServerProtocolClient.requestVote(GrpcServerProtocolClient.java:99)
	at org.apache.ratis.grpc.server.GrpcService.requestVote(GrpcService.java:204)
	at org.apache.ratis.server.impl.LeaderElection.lambda$submitRequests$1(LeaderElection.java:234)
	at java.util.concurrent.FutureTask.run(FutureTask.java:266)
	at java.util.concurrent.Executors$RunnableAdapter.call(Executors.java:511)
	at java.util.concurrent.FutureTask.run(FutureTask.java:266)
	at java.util.concurrent.ThreadPoolExecutor.runWorker(ThreadPoolExecutor.java:1149)
	at java.util.concurrent.ThreadPoolExecutor$Worker.run(ThreadPoolExecutor.java:624)
	... 1 more
Caused by: org.apache.ratis.thirdparty.io.netty.channel.AbstractChannel$AnnotatedConnectException: Connection refused: /192.168.5.166:44353
	at sun.nio.ch.SocketChannelImpl.checkConnect(Native Method)
	at sun.nio.ch.SocketChannelImpl.finishConnect(SocketChannelImpl.java:717)
	at org.apache.ratis.thirdparty.io.netty.channel.socket.nio.NioSocketChannel.doFinishConnect(NioSocketChannel.java:327)
	at org.apache.ratis.thirdparty.io.netty.channel.nio.AbstractNioChannel$AbstractNioUnsafe.finishConnect(AbstractNioChannel.java:340)
	at org.apache.ratis.thirdparty.io.netty.channel.nio.NioEventLoop.processSelectedKey(NioEventLoop.java:632)
	at org.apache.ratis.thirdparty.io.netty.channel.nio.NioEventLoop.processSelectedKeysOptimized(NioEventLoop.java:579)
	at org.apache.ratis.thirdparty.io.netty.channel.nio.NioEventLoop.processSelectedKeys(NioEventLoop.java:496)
	at org.apache.ratis.thirdparty.io.netty.channel.nio.NioEventLoop.run(NioEventLoop.java:458)
	at org.apache.ratis.thirdparty.io.netty.util.concurrent.SingleThreadEventExecutor$5.run(SingleThreadEventExecutor.java:897)
	at org.apache.ratis.thirdparty.io.netty.util.concurrent.FastThreadLocalRunnable.run(FastThreadLocalRunnable.java:30)
	... 1 more
Caused by: java.net.ConnectException: Connection refused
	... 11 more
2019-10-10 00:01:13,277 [912b0bdb-3095-44f3-93c0-19702928d0ba@group-D12770000C91-LeaderElection12] INFO  impl.RaftServerImpl (RaftServerImpl.java:setRole(170)) - 912b0bdb-3095-44f3-93c0-19702928d0ba@group-D12770000C91: changes role from CANDIDATE to FOLLOWER at term 4 for DISCOVERED_A_NEW_TERM
2019-10-10 00:01:13,277 [912b0bdb-3095-44f3-93c0-19702928d0ba@group-D12770000C91-LeaderElection12] INFO  impl.RoleInfo (RoleInfo.java:shutdownLeaderElection(134)) - 912b0bdb-3095-44f3-93c0-19702928d0ba: shutdown LeaderElection
2019-10-10 00:01:13,277 [912b0bdb-3095-44f3-93c0-19702928d0ba@group-D12770000C91-LeaderElection12] INFO  impl.RoleInfo (RoleInfo.java:updateAndGet(143)) - 912b0bdb-3095-44f3-93c0-19702928d0ba: start FollowerState
2019-10-10 00:01:18,278 [Thread-496] INFO  impl.FollowerState (FollowerState.java:run(108)) - 912b0bdb-3095-44f3-93c0-19702928d0ba@group-D12770000C91-FollowerState: change to CANDIDATE, lastRpcTime:5000ms, electionTimeout:5000ms
2019-10-10 00:01:18,282 [Thread-496] INFO  impl.RoleInfo (RoleInfo.java:shutdownFollowerState(121)) - 912b0bdb-3095-44f3-93c0-19702928d0ba: shutdown FollowerState
2019-10-10 00:01:18,282 [Thread-496] INFO  impl.RaftServerImpl (RaftServerImpl.java:setRole(170)) - 912b0bdb-3095-44f3-93c0-19702928d0ba@group-D12770000C91: changes role from  FOLLOWER to CANDIDATE at term 4 for changeToCandidate
2019-10-10 00:01:18,282 [Thread-496] INFO  impl.RoleInfo (RoleInfo.java:updateAndGet(143)) - 912b0bdb-3095-44f3-93c0-19702928d0ba: start LeaderElection
2019-10-10 00:01:18,311 [912b0bdb-3095-44f3-93c0-19702928d0ba@group-D12770000C91-LeaderElection13] INFO  impl.LeaderElection (LeaderElection.java:askForVotes(178)) - 912b0bdb-3095-44f3-93c0-19702928d0ba@group-D12770000C91-LeaderElection13: begin an election at term 5 for 0: [912b0bdb-3095-44f3-93c0-19702928d0ba:192.168.5.166:42393, 0679a6ad-56a1-41b2-83e1-15692bb468db:192.168.5.166:38134, 46504f71-6b77-44e9-a2e5-588075dae190:192.168.5.166:44353], old=null
2019-10-10 00:01:18,313 [912b0bdb-3095-44f3-93c0-19702928d0ba@group-D12770000C91-LeaderElection13] INFO  impl.LeaderElection (LogUtils.java:infoOrTrace(149)) - 912b0bdb-3095-44f3-93c0-19702928d0ba@group-D12770000C91-LeaderElection13 got exception when requesting votes: {}
java.util.concurrent.ExecutionException: org.apache.ratis.thirdparty.io.grpc.StatusRuntimeException: UNAVAILABLE: io exception
	at java.util.concurrent.FutureTask.report(FutureTask.java:122)
	at java.util.concurrent.FutureTask.get(FutureTask.java:192)
	at org.apache.ratis.server.impl.LeaderElection.waitForResults(LeaderElection.java:259)
	at org.apache.ratis.server.impl.LeaderElection.askForVotes(LeaderElection.java:197)
	at org.apache.ratis.server.impl.LeaderElection.run(LeaderElection.java:133)
	at java.lang.Thread.run(Thread.java:748)
Caused by: org.apache.ratis.thirdparty.io.grpc.StatusRuntimeException: UNAVAILABLE: io exception
	at org.apache.ratis.thirdparty.io.grpc.stub.ClientCalls.toStatusRuntimeException(ClientCalls.java:233)
	at org.apache.ratis.thirdparty.io.grpc.stub.ClientCalls.getUnchecked(ClientCalls.java:214)
	at org.apache.ratis.thirdparty.io.grpc.stub.ClientCalls.blockingUnaryCall(ClientCalls.java:139)
	at org.apache.ratis.proto.grpc.RaftServerProtocolServiceGrpc$RaftServerProtocolServiceBlockingStub.requestVote(RaftServerProtocolServiceGrpc.java:265)
	at org.apache.ratis.grpc.server.GrpcServerProtocolClient.requestVote(GrpcServerProtocolClient.java:99)
	at org.apache.ratis.grpc.server.GrpcService.requestVote(GrpcService.java:204)
	at org.apache.ratis.server.impl.LeaderElection.lambda$submitRequests$1(LeaderElection.java:234)
	at java.util.concurrent.FutureTask.run(FutureTask.java:266)
	at java.util.concurrent.Executors$RunnableAdapter.call(Executors.java:511)
	at java.util.concurrent.FutureTask.run(FutureTask.java:266)
	at java.util.concurrent.ThreadPoolExecutor.runWorker(ThreadPoolExecutor.java:1149)
	at java.util.concurrent.ThreadPoolExecutor$Worker.run(ThreadPoolExecutor.java:624)
	... 1 more
Caused by: org.apache.ratis.thirdparty.io.netty.channel.AbstractChannel$AnnotatedConnectException: Connection refused: /192.168.5.166:44353
	at sun.nio.ch.SocketChannelImpl.checkConnect(Native Method)
	at sun.nio.ch.SocketChannelImpl.finishConnect(SocketChannelImpl.java:717)
	at org.apache.ratis.thirdparty.io.netty.channel.socket.nio.NioSocketChannel.doFinishConnect(NioSocketChannel.java:327)
	at org.apache.ratis.thirdparty.io.netty.channel.nio.AbstractNioChannel$AbstractNioUnsafe.finishConnect(AbstractNioChannel.java:340)
	at org.apache.ratis.thirdparty.io.netty.channel.nio.NioEventLoop.processSelectedKey(NioEventLoop.java:632)
	at org.apache.ratis.thirdparty.io.netty.channel.nio.NioEventLoop.processSelectedKeysOptimized(NioEventLoop.java:579)
	at org.apache.ratis.thirdparty.io.netty.channel.nio.NioEventLoop.processSelectedKeys(NioEventLoop.java:496)
	at org.apache.ratis.thirdparty.io.netty.channel.nio.NioEventLoop.run(NioEventLoop.java:458)
	at org.apache.ratis.thirdparty.io.netty.util.concurrent.SingleThreadEventExecutor$5.run(SingleThreadEventExecutor.java:897)
	at org.apache.ratis.thirdparty.io.netty.util.concurrent.FastThreadLocalRunnable.run(FastThreadLocalRunnable.java:30)
	... 1 more
Caused by: java.net.ConnectException: Connection refused
	... 11 more
2019-10-10 00:01:18,316 [912b0bdb-3095-44f3-93c0-19702928d0ba@group-D12770000C91-LeaderElection13] INFO  impl.LeaderElection (LogUtils.java:infoOrTrace(149)) - 912b0bdb-3095-44f3-93c0-19702928d0ba@group-D12770000C91-LeaderElection13 got exception when requesting votes: {}
java.util.concurrent.ExecutionException: org.apache.ratis.thirdparty.io.grpc.StatusRuntimeException: UNAVAILABLE: io exception
	at java.util.concurrent.FutureTask.report(FutureTask.java:122)
	at java.util.concurrent.FutureTask.get(FutureTask.java:192)
	at org.apache.ratis.server.impl.LeaderElection.waitForResults(LeaderElection.java:259)
	at org.apache.ratis.server.impl.LeaderElection.askForVotes(LeaderElection.java:197)
	at org.apache.ratis.server.impl.LeaderElection.run(LeaderElection.java:133)
	at java.lang.Thread.run(Thread.java:748)
Caused by: org.apache.ratis.thirdparty.io.grpc.StatusRuntimeException: UNAVAILABLE: io exception
	at org.apache.ratis.thirdparty.io.grpc.stub.ClientCalls.toStatusRuntimeException(ClientCalls.java:233)
	at org.apache.ratis.thirdparty.io.grpc.stub.ClientCalls.getUnchecked(ClientCalls.java:214)
	at org.apache.ratis.thirdparty.io.grpc.stub.ClientCalls.blockingUnaryCall(ClientCalls.java:139)
	at org.apache.ratis.proto.grpc.RaftServerProtocolServiceGrpc$RaftServerProtocolServiceBlockingStub.requestVote(RaftServerProtocolServiceGrpc.java:265)
	at org.apache.ratis.grpc.server.GrpcServerProtocolClient.requestVote(GrpcServerProtocolClient.java:99)
	at org.apache.ratis.grpc.server.GrpcService.requestVote(GrpcService.java:204)
	at org.apache.ratis.server.impl.LeaderElection.lambda$submitRequests$1(LeaderElection.java:234)
	at java.util.concurrent.FutureTask.run(FutureTask.java:266)
	at java.util.concurrent.Executors$RunnableAdapter.call(Executors.java:511)
	at java.util.concurrent.FutureTask.run(FutureTask.java:266)
	at java.util.concurrent.ThreadPoolExecutor.runWorker(ThreadPoolExecutor.java:1149)
	at java.util.concurrent.ThreadPoolExecutor$Worker.run(ThreadPoolExecutor.java:624)
	... 1 more
Caused by: org.apache.ratis.thirdparty.io.netty.channel.AbstractChannel$AnnotatedConnectException: Connection refused: /192.168.5.166:38134
	at sun.nio.ch.SocketChannelImpl.checkConnect(Native Method)
	at sun.nio.ch.SocketChannelImpl.finishConnect(SocketChannelImpl.java:717)
	at org.apache.ratis.thirdparty.io.netty.channel.socket.nio.NioSocketChannel.doFinishConnect(NioSocketChannel.java:327)
	at org.apache.ratis.thirdparty.io.netty.channel.nio.AbstractNioChannel$AbstractNioUnsafe.finishConnect(AbstractNioChannel.java:340)
	at org.apache.ratis.thirdparty.io.netty.channel.nio.NioEventLoop.processSelectedKey(NioEventLoop.java:632)
	at org.apache.ratis.thirdparty.io.netty.channel.nio.NioEventLoop.processSelectedKeysOptimized(NioEventLoop.java:579)
	at org.apache.ratis.thirdparty.io.netty.channel.nio.NioEventLoop.processSelectedKeys(NioEventLoop.java:496)
	at org.apache.ratis.thirdparty.io.netty.channel.nio.NioEventLoop.run(NioEventLoop.java:458)
	at org.apache.ratis.thirdparty.io.netty.util.concurrent.SingleThreadEventExecutor$5.run(SingleThreadEventExecutor.java:897)
	at org.apache.ratis.thirdparty.io.netty.util.concurrent.FastThreadLocalRunnable.run(FastThreadLocalRunnable.java:30)
	... 1 more
Caused by: java.net.ConnectException: Connection refused
	... 11 more
2019-10-10 00:01:18,320 [912b0bdb-3095-44f3-93c0-19702928d0ba@group-D12770000C91-LeaderElection13] INFO  impl.LeaderElection (LeaderElection.java:logAndReturn(56)) - 912b0bdb-3095-44f3-93c0-19702928d0ba@group-D12770000C91-LeaderElection13: Election REJECTED; received 0 response(s) [] and 2 exception(s); 912b0bdb-3095-44f3-93c0-19702928d0ba@group-D12770000C91:t5, leader=null, voted=912b0bdb-3095-44f3-93c0-19702928d0ba, raftlog=912b0bdb-3095-44f3-93c0-19702928d0ba@group-D12770000C91-SegmentedRaftLog:OPENED:c16,f16,i16, conf=0: [912b0bdb-3095-44f3-93c0-19702928d0ba:192.168.5.166:42393, 0679a6ad-56a1-41b2-83e1-15692bb468db:192.168.5.166:38134, 46504f71-6b77-44e9-a2e5-588075dae190:192.168.5.166:44353], old=null
2019-10-10 00:01:18,320 [912b0bdb-3095-44f3-93c0-19702928d0ba@group-D12770000C91-LeaderElection13] INFO  impl.LeaderElection (LogUtils.java:infoOrTrace(149)) -   Exception 0: {}
java.util.concurrent.ExecutionException: org.apache.ratis.thirdparty.io.grpc.StatusRuntimeException: UNAVAILABLE: io exception
	at java.util.concurrent.FutureTask.report(FutureTask.java:122)
	at java.util.concurrent.FutureTask.get(FutureTask.java:192)
	at org.apache.ratis.server.impl.LeaderElection.waitForResults(LeaderElection.java:259)
	at org.apache.ratis.server.impl.LeaderElection.askForVotes(LeaderElection.java:197)
	at org.apache.ratis.server.impl.LeaderElection.run(LeaderElection.java:133)
	at java.lang.Thread.run(Thread.java:748)
Caused by: org.apache.ratis.thirdparty.io.grpc.StatusRuntimeException: UNAVAILABLE: io exception
	at org.apache.ratis.thirdparty.io.grpc.stub.ClientCalls.toStatusRuntimeException(ClientCalls.java:233)
	at org.apache.ratis.thirdparty.io.grpc.stub.ClientCalls.getUnchecked(ClientCalls.java:214)
	at org.apache.ratis.thirdparty.io.grpc.stub.ClientCalls.blockingUnaryCall(ClientCalls.java:139)
	at org.apache.ratis.proto.grpc.RaftServerProtocolServiceGrpc$RaftServerProtocolServiceBlockingStub.requestVote(RaftServerProtocolServiceGrpc.java:265)
	at org.apache.ratis.grpc.server.GrpcServerProtocolClient.requestVote(GrpcServerProtocolClient.java:99)
	at org.apache.ratis.grpc.server.GrpcService.requestVote(GrpcService.java:204)
	at org.apache.ratis.server.impl.LeaderElection.lambda$submitRequests$1(LeaderElection.java:234)
	at java.util.concurrent.FutureTask.run(FutureTask.java:266)
	at java.util.concurrent.Executors$RunnableAdapter.call(Executors.java:511)
	at java.util.concurrent.FutureTask.run(FutureTask.java:266)
	at java.util.concurrent.ThreadPoolExecutor.runWorker(ThreadPoolExecutor.java:1149)
	at java.util.concurrent.ThreadPoolExecutor$Worker.run(ThreadPoolExecutor.java:624)
	... 1 more
Caused by: org.apache.ratis.thirdparty.io.netty.channel.AbstractChannel$AnnotatedConnectException: Connection refused: /192.168.5.166:44353
	at sun.nio.ch.SocketChannelImpl.checkConnect(Native Method)
	at sun.nio.ch.SocketChannelImpl.finishConnect(SocketChannelImpl.java:717)
	at org.apache.ratis.thirdparty.io.netty.channel.socket.nio.NioSocketChannel.doFinishConnect(NioSocketChannel.java:327)
	at org.apache.ratis.thirdparty.io.netty.channel.nio.AbstractNioChannel$AbstractNioUnsafe.finishConnect(AbstractNioChannel.java:340)
	at org.apache.ratis.thirdparty.io.netty.channel.nio.NioEventLoop.processSelectedKey(NioEventLoop.java:632)
	at org.apache.ratis.thirdparty.io.netty.channel.nio.NioEventLoop.processSelectedKeysOptimized(NioEventLoop.java:579)
	at org.apache.ratis.thirdparty.io.netty.channel.nio.NioEventLoop.processSelectedKeys(NioEventLoop.java:496)
	at org.apache.ratis.thirdparty.io.netty.channel.nio.NioEventLoop.run(NioEventLoop.java:458)
	at org.apache.ratis.thirdparty.io.netty.util.concurrent.SingleThreadEventExecutor$5.run(SingleThreadEventExecutor.java:897)
	at org.apache.ratis.thirdparty.io.netty.util.concurrent.FastThreadLocalRunnable.run(FastThreadLocalRunnable.java:30)
	... 1 more
Caused by: java.net.ConnectException: Connection refused
	... 11 more
2019-10-10 00:01:18,320 [912b0bdb-3095-44f3-93c0-19702928d0ba@group-D12770000C91-LeaderElection13] INFO  impl.LeaderElection (LogUtils.java:infoOrTrace(149)) -   Exception 1: {}
java.util.concurrent.ExecutionException: org.apache.ratis.thirdparty.io.grpc.StatusRuntimeException: UNAVAILABLE: io exception
	at java.util.concurrent.FutureTask.report(FutureTask.java:122)
	at java.util.concurrent.FutureTask.get(FutureTask.java:192)
	at org.apache.ratis.server.impl.LeaderElection.waitForResults(LeaderElection.java:259)
	at org.apache.ratis.server.impl.LeaderElection.askForVotes(LeaderElection.java:197)
	at org.apache.ratis.server.impl.LeaderElection.run(LeaderElection.java:133)
	at java.lang.Thread.run(Thread.java:748)
Caused by: org.apache.ratis.thirdparty.io.grpc.StatusRuntimeException: UNAVAILABLE: io exception
	at org.apache.ratis.thirdparty.io.grpc.stub.ClientCalls.toStatusRuntimeException(ClientCalls.java:233)
	at org.apache.ratis.thirdparty.io.grpc.stub.ClientCalls.getUnchecked(ClientCalls.java:214)
	at org.apache.ratis.thirdparty.io.grpc.stub.ClientCalls.blockingUnaryCall(ClientCalls.java:139)
	at org.apache.ratis.proto.grpc.RaftServerProtocolServiceGrpc$RaftServerProtocolServiceBlockingStub.requestVote(RaftServerProtocolServiceGrpc.java:265)
	at org.apache.ratis.grpc.server.GrpcServerProtocolClient.requestVote(GrpcServerProtocolClient.java:99)
	at org.apache.ratis.grpc.server.GrpcService.requestVote(GrpcService.java:204)
	at org.apache.ratis.server.impl.LeaderElection.lambda$submitRequests$1(LeaderElection.java:234)
	at java.util.concurrent.FutureTask.run(FutureTask.java:266)
	at java.util.concurrent.Executors$RunnableAdapter.call(Executors.java:511)
	at java.util.concurrent.FutureTask.run(FutureTask.java:266)
	at java.util.concurrent.ThreadPoolExecutor.runWorker(ThreadPoolExecutor.java:1149)
	at java.util.concurrent.ThreadPoolExecutor$Worker.run(ThreadPoolExecutor.java:624)
	... 1 more
Caused by: org.apache.ratis.thirdparty.io.netty.channel.AbstractChannel$AnnotatedConnectException: Connection refused: /192.168.5.166:38134
	at sun.nio.ch.SocketChannelImpl.checkConnect(Native Method)
	at sun.nio.ch.SocketChannelImpl.finishConnect(SocketChannelImpl.java:717)
	at org.apache.ratis.thirdparty.io.netty.channel.socket.nio.NioSocketChannel.doFinishConnect(NioSocketChannel.java:327)
	at org.apache.ratis.thirdparty.io.netty.channel.nio.AbstractNioChannel$AbstractNioUnsafe.finishConnect(AbstractNioChannel.java:340)
	at org.apache.ratis.thirdparty.io.netty.channel.nio.NioEventLoop.processSelectedKey(NioEventLoop.java:632)
	at org.apache.ratis.thirdparty.io.netty.channel.nio.NioEventLoop.processSelectedKeysOptimized(NioEventLoop.java:579)
	at org.apache.ratis.thirdparty.io.netty.channel.nio.NioEventLoop.processSelectedKeys(NioEventLoop.java:496)
	at org.apache.ratis.thirdparty.io.netty.channel.nio.NioEventLoop.run(NioEventLoop.java:458)
	at org.apache.ratis.thirdparty.io.netty.util.concurrent.SingleThreadEventExecutor$5.run(SingleThreadEventExecutor.java:897)
	at org.apache.ratis.thirdparty.io.netty.util.concurrent.FastThreadLocalRunnable.run(FastThreadLocalRunnable.java:30)
	... 1 more
Caused by: java.net.ConnectException: Connection refused
	... 11 more
2019-10-10 00:01:18,321 [912b0bdb-3095-44f3-93c0-19702928d0ba@group-D12770000C91-LeaderElection13] INFO  impl.RaftServerImpl (RaftServerImpl.java:setRole(170)) - 912b0bdb-3095-44f3-93c0-19702928d0ba@group-D12770000C91: changes role from CANDIDATE to FOLLOWER at term 5 for DISCOVERED_A_NEW_TERM
2019-10-10 00:01:18,321 [912b0bdb-3095-44f3-93c0-19702928d0ba@group-D12770000C91-LeaderElection13] INFO  impl.RoleInfo (RoleInfo.java:shutdownLeaderElection(134)) - 912b0bdb-3095-44f3-93c0-19702928d0ba: shutdown LeaderElection
2019-10-10 00:01:18,321 [912b0bdb-3095-44f3-93c0-19702928d0ba@group-D12770000C91-LeaderElection13] INFO  impl.RoleInfo (RoleInfo.java:updateAndGet(143)) - 912b0bdb-3095-44f3-93c0-19702928d0ba: start FollowerState
2019-10-10 00:01:23,505 [Thread-512] INFO  impl.FollowerState (FollowerState.java:run(108)) - 912b0bdb-3095-44f3-93c0-19702928d0ba@group-D12770000C91-FollowerState: change to CANDIDATE, lastRpcTime:5183ms, electionTimeout:5183ms
2019-10-10 00:01:23,508 [Thread-512] INFO  impl.RoleInfo (RoleInfo.java:shutdownFollowerState(121)) - 912b0bdb-3095-44f3-93c0-19702928d0ba: shutdown FollowerState
2019-10-10 00:01:23,508 [Thread-512] INFO  impl.RaftServerImpl (RaftServerImpl.java:setRole(170)) - 912b0bdb-3095-44f3-93c0-19702928d0ba@group-D12770000C91: changes role from  FOLLOWER to CANDIDATE at term 5 for changeToCandidate
2019-10-10 00:01:23,508 [Thread-512] INFO  impl.RoleInfo (RoleInfo.java:updateAndGet(143)) - 912b0bdb-3095-44f3-93c0-19702928d0ba: start LeaderElection
2019-10-10 00:01:23,524 [912b0bdb-3095-44f3-93c0-19702928d0ba@group-D12770000C91-LeaderElection14] INFO  impl.LeaderElection (LeaderElection.java:askForVotes(178)) - 912b0bdb-3095-44f3-93c0-19702928d0ba@group-D12770000C91-LeaderElection14: begin an election at term 6 for 0: [912b0bdb-3095-44f3-93c0-19702928d0ba:192.168.5.166:42393, 0679a6ad-56a1-41b2-83e1-15692bb468db:192.168.5.166:38134, 46504f71-6b77-44e9-a2e5-588075dae190:192.168.5.166:44353], old=null
2019-10-10 00:01:23,525 [912b0bdb-3095-44f3-93c0-19702928d0ba@group-D12770000C91-LeaderElection14] INFO  impl.LeaderElection (LogUtils.java:infoOrTrace(149)) - 912b0bdb-3095-44f3-93c0-19702928d0ba@group-D12770000C91-LeaderElection14 got exception when requesting votes: {}
java.util.concurrent.ExecutionException: org.apache.ratis.thirdparty.io.grpc.StatusRuntimeException: UNAVAILABLE: io exception
	at java.util.concurrent.FutureTask.report(FutureTask.java:122)
	at java.util.concurrent.FutureTask.get(FutureTask.java:192)
	at org.apache.ratis.server.impl.LeaderElection.waitForResults(LeaderElection.java:259)
	at org.apache.ratis.server.impl.LeaderElection.askForVotes(LeaderElection.java:197)
	at org.apache.ratis.server.impl.LeaderElection.run(LeaderElection.java:133)
	at java.lang.Thread.run(Thread.java:748)
Caused by: org.apache.ratis.thirdparty.io.grpc.StatusRuntimeException: UNAVAILABLE: io exception
	at org.apache.ratis.thirdparty.io.grpc.stub.ClientCalls.toStatusRuntimeException(ClientCalls.java:233)
	at org.apache.ratis.thirdparty.io.grpc.stub.ClientCalls.getUnchecked(ClientCalls.java:214)
	at org.apache.ratis.thirdparty.io.grpc.stub.ClientCalls.blockingUnaryCall(ClientCalls.java:139)
	at org.apache.ratis.proto.grpc.RaftServerProtocolServiceGrpc$RaftServerProtocolServiceBlockingStub.requestVote(RaftServerProtocolServiceGrpc.java:265)
	at org.apache.ratis.grpc.server.GrpcServerProtocolClient.requestVote(GrpcServerProtocolClient.java:99)
	at org.apache.ratis.grpc.server.GrpcService.requestVote(GrpcService.java:204)
	at org.apache.ratis.server.impl.LeaderElection.lambda$submitRequests$1(LeaderElection.java:234)
	at java.util.concurrent.FutureTask.run(FutureTask.java:266)
	at java.util.concurrent.Executors$RunnableAdapter.call(Executors.java:511)
	at java.util.concurrent.FutureTask.run(FutureTask.java:266)
	at java.util.concurrent.ThreadPoolExecutor.runWorker(ThreadPoolExecutor.java:1149)
	at java.util.concurrent.ThreadPoolExecutor$Worker.run(ThreadPoolExecutor.java:624)
	... 1 more
Caused by: org.apache.ratis.thirdparty.io.netty.channel.AbstractChannel$AnnotatedConnectException: Connection refused: /192.168.5.166:38134
	at sun.nio.ch.SocketChannelImpl.checkConnect(Native Method)
	at sun.nio.ch.SocketChannelImpl.finishConnect(SocketChannelImpl.java:717)
	at org.apache.ratis.thirdparty.io.netty.channel.socket.nio.NioSocketChannel.doFinishConnect(NioSocketChannel.java:327)
	at org.apache.ratis.thirdparty.io.netty.channel.nio.AbstractNioChannel$AbstractNioUnsafe.finishConnect(AbstractNioChannel.java:340)
	at org.apache.ratis.thirdparty.io.netty.channel.nio.NioEventLoop.processSelectedKey(NioEventLoop.java:632)
	at org.apache.ratis.thirdparty.io.netty.channel.nio.NioEventLoop.processSelectedKeysOptimized(NioEventLoop.java:579)
	at org.apache.ratis.thirdparty.io.netty.channel.nio.NioEventLoop.processSelectedKeys(NioEventLoop.java:496)
	at org.apache.ratis.thirdparty.io.netty.channel.nio.NioEventLoop.run(NioEventLoop.java:458)
	at org.apache.ratis.thirdparty.io.netty.util.concurrent.SingleThreadEventExecutor$5.run(SingleThreadEventExecutor.java:897)
	at org.apache.ratis.thirdparty.io.netty.util.concurrent.FastThreadLocalRunnable.run(FastThreadLocalRunnable.java:30)
	... 1 more
Caused by: java.net.ConnectException: Connection refused
	... 11 more
2019-10-10 00:01:23,527 [912b0bdb-3095-44f3-93c0-19702928d0ba@group-D12770000C91-LeaderElection14] INFO  impl.LeaderElection (LogUtils.java:infoOrTrace(149)) - 912b0bdb-3095-44f3-93c0-19702928d0ba@group-D12770000C91-LeaderElection14 got exception when requesting votes: {}
java.util.concurrent.ExecutionException: org.apache.ratis.thirdparty.io.grpc.StatusRuntimeException: UNAVAILABLE: io exception
	at java.util.concurrent.FutureTask.report(FutureTask.java:122)
	at java.util.concurrent.FutureTask.get(FutureTask.java:192)
	at org.apache.ratis.server.impl.LeaderElection.waitForResults(LeaderElection.java:259)
	at org.apache.ratis.server.impl.LeaderElection.askForVotes(LeaderElection.java:197)
	at org.apache.ratis.server.impl.LeaderElection.run(LeaderElection.java:133)
	at java.lang.Thread.run(Thread.java:748)
Caused by: org.apache.ratis.thirdparty.io.grpc.StatusRuntimeException: UNAVAILABLE: io exception
	at org.apache.ratis.thirdparty.io.grpc.stub.ClientCalls.toStatusRuntimeException(ClientCalls.java:233)
	at org.apache.ratis.thirdparty.io.grpc.stub.ClientCalls.getUnchecked(ClientCalls.java:214)
	at org.apache.ratis.thirdparty.io.grpc.stub.ClientCalls.blockingUnaryCall(ClientCalls.java:139)
	at org.apache.ratis.proto.grpc.RaftServerProtocolServiceGrpc$RaftServerProtocolServiceBlockingStub.requestVote(RaftServerProtocolServiceGrpc.java:265)
	at org.apache.ratis.grpc.server.GrpcServerProtocolClient.requestVote(GrpcServerProtocolClient.java:99)
	at org.apache.ratis.grpc.server.GrpcService.requestVote(GrpcService.java:204)
	at org.apache.ratis.server.impl.LeaderElection.lambda$submitRequests$1(LeaderElection.java:234)
	at java.util.concurrent.FutureTask.run(FutureTask.java:266)
	at java.util.concurrent.Executors$RunnableAdapter.call(Executors.java:511)
	at java.util.concurrent.FutureTask.run(FutureTask.java:266)
	at java.util.concurrent.ThreadPoolExecutor.runWorker(ThreadPoolExecutor.java:1149)
	at java.util.concurrent.ThreadPoolExecutor$Worker.run(ThreadPoolExecutor.java:624)
	... 1 more
Caused by: org.apache.ratis.thirdparty.io.netty.channel.AbstractChannel$AnnotatedConnectException: Connection refused: /192.168.5.166:44353
	at sun.nio.ch.SocketChannelImpl.checkConnect(Native Method)
	at sun.nio.ch.SocketChannelImpl.finishConnect(SocketChannelImpl.java:717)
	at org.apache.ratis.thirdparty.io.netty.channel.socket.nio.NioSocketChannel.doFinishConnect(NioSocketChannel.java:327)
	at org.apache.ratis.thirdparty.io.netty.channel.nio.AbstractNioChannel$AbstractNioUnsafe.finishConnect(AbstractNioChannel.java:340)
	at org.apache.ratis.thirdparty.io.netty.channel.nio.NioEventLoop.processSelectedKey(NioEventLoop.java:632)
	at org.apache.ratis.thirdparty.io.netty.channel.nio.NioEventLoop.processSelectedKeysOptimized(NioEventLoop.java:579)
	at org.apache.ratis.thirdparty.io.netty.channel.nio.NioEventLoop.processSelectedKeys(NioEventLoop.java:496)
	at org.apache.ratis.thirdparty.io.netty.channel.nio.NioEventLoop.run(NioEventLoop.java:458)
	at org.apache.ratis.thirdparty.io.netty.util.concurrent.SingleThreadEventExecutor$5.run(SingleThreadEventExecutor.java:897)
	at org.apache.ratis.thirdparty.io.netty.util.concurrent.FastThreadLocalRunnable.run(FastThreadLocalRunnable.java:30)
	... 1 more
Caused by: java.net.ConnectException: Connection refused
	... 11 more
2019-10-10 00:01:23,529 [912b0bdb-3095-44f3-93c0-19702928d0ba@group-D12770000C91-LeaderElection14] INFO  impl.LeaderElection (LeaderElection.java:logAndReturn(56)) - 912b0bdb-3095-44f3-93c0-19702928d0ba@group-D12770000C91-LeaderElection14: Election REJECTED; received 0 response(s) [] and 2 exception(s); 912b0bdb-3095-44f3-93c0-19702928d0ba@group-D12770000C91:t6, leader=null, voted=912b0bdb-3095-44f3-93c0-19702928d0ba, raftlog=912b0bdb-3095-44f3-93c0-19702928d0ba@group-D12770000C91-SegmentedRaftLog:OPENED:c16,f16,i16, conf=0: [912b0bdb-3095-44f3-93c0-19702928d0ba:192.168.5.166:42393, 0679a6ad-56a1-41b2-83e1-15692bb468db:192.168.5.166:38134, 46504f71-6b77-44e9-a2e5-588075dae190:192.168.5.166:44353], old=null
2019-10-10 00:01:23,529 [912b0bdb-3095-44f3-93c0-19702928d0ba@group-D12770000C91-LeaderElection14] INFO  impl.LeaderElection (LogUtils.java:infoOrTrace(149)) -   Exception 0: {}
java.util.concurrent.ExecutionException: org.apache.ratis.thirdparty.io.grpc.StatusRuntimeException: UNAVAILABLE: io exception
	at java.util.concurrent.FutureTask.report(FutureTask.java:122)
	at java.util.concurrent.FutureTask.get(FutureTask.java:192)
	at org.apache.ratis.server.impl.LeaderElection.waitForResults(LeaderElection.java:259)
	at org.apache.ratis.server.impl.LeaderElection.askForVotes(LeaderElection.java:197)
	at org.apache.ratis.server.impl.LeaderElection.run(LeaderElection.java:133)
	at java.lang.Thread.run(Thread.java:748)
Caused by: org.apache.ratis.thirdparty.io.grpc.StatusRuntimeException: UNAVAILABLE: io exception
	at org.apache.ratis.thirdparty.io.grpc.stub.ClientCalls.toStatusRuntimeException(ClientCalls.java:233)
	at org.apache.ratis.thirdparty.io.grpc.stub.ClientCalls.getUnchecked(ClientCalls.java:214)
	at org.apache.ratis.thirdparty.io.grpc.stub.ClientCalls.blockingUnaryCall(ClientCalls.java:139)
	at org.apache.ratis.proto.grpc.RaftServerProtocolServiceGrpc$RaftServerProtocolServiceBlockingStub.requestVote(RaftServerProtocolServiceGrpc.java:265)
	at org.apache.ratis.grpc.server.GrpcServerProtocolClient.requestVote(GrpcServerProtocolClient.java:99)
	at org.apache.ratis.grpc.server.GrpcService.requestVote(GrpcService.java:204)
	at org.apache.ratis.server.impl.LeaderElection.lambda$submitRequests$1(LeaderElection.java:234)
	at java.util.concurrent.FutureTask.run(FutureTask.java:266)
	at java.util.concurrent.Executors$RunnableAdapter.call(Executors.java:511)
	at java.util.concurrent.FutureTask.run(FutureTask.java:266)
	at java.util.concurrent.ThreadPoolExecutor.runWorker(ThreadPoolExecutor.java:1149)
	at java.util.concurrent.ThreadPoolExecutor$Worker.run(ThreadPoolExecutor.java:624)
	... 1 more
Caused by: org.apache.ratis.thirdparty.io.netty.channel.AbstractChannel$AnnotatedConnectException: Connection refused: /192.168.5.166:38134
	at sun.nio.ch.SocketChannelImpl.checkConnect(Native Method)
	at sun.nio.ch.SocketChannelImpl.finishConnect(SocketChannelImpl.java:717)
	at org.apache.ratis.thirdparty.io.netty.channel.socket.nio.NioSocketChannel.doFinishConnect(NioSocketChannel.java:327)
	at org.apache.ratis.thirdparty.io.netty.channel.nio.AbstractNioChannel$AbstractNioUnsafe.finishConnect(AbstractNioChannel.java:340)
	at org.apache.ratis.thirdparty.io.netty.channel.nio.NioEventLoop.processSelectedKey(NioEventLoop.java:632)
	at org.apache.ratis.thirdparty.io.netty.channel.nio.NioEventLoop.processSelectedKeysOptimized(NioEventLoop.java:579)
	at org.apache.ratis.thirdparty.io.netty.channel.nio.NioEventLoop.processSelectedKeys(NioEventLoop.java:496)
	at org.apache.ratis.thirdparty.io.netty.channel.nio.NioEventLoop.run(NioEventLoop.java:458)
	at org.apache.ratis.thirdparty.io.netty.util.concurrent.SingleThreadEventExecutor$5.run(SingleThreadEventExecutor.java:897)
	at org.apache.ratis.thirdparty.io.netty.util.concurrent.FastThreadLocalRunnable.run(FastThreadLocalRunnable.java:30)
	... 1 more
Caused by: java.net.ConnectException: Connection refused
	... 11 more
2019-10-10 00:01:23,529 [912b0bdb-3095-44f3-93c0-19702928d0ba@group-D12770000C91-LeaderElection14] INFO  impl.LeaderElection (LogUtils.java:infoOrTrace(149)) -   Exception 1: {}
java.util.concurrent.ExecutionException: org.apache.ratis.thirdparty.io.grpc.StatusRuntimeException: UNAVAILABLE: io exception
	at java.util.concurrent.FutureTask.report(FutureTask.java:122)
	at java.util.concurrent.FutureTask.get(FutureTask.java:192)
	at org.apache.ratis.server.impl.LeaderElection.waitForResults(LeaderElection.java:259)
	at org.apache.ratis.server.impl.LeaderElection.askForVotes(LeaderElection.java:197)
	at org.apache.ratis.server.impl.LeaderElection.run(LeaderElection.java:133)
	at java.lang.Thread.run(Thread.java:748)
Caused by: org.apache.ratis.thirdparty.io.grpc.StatusRuntimeException: UNAVAILABLE: io exception
	at org.apache.ratis.thirdparty.io.grpc.stub.ClientCalls.toStatusRuntimeException(ClientCalls.java:233)
	at org.apache.ratis.thirdparty.io.grpc.stub.ClientCalls.getUnchecked(ClientCalls.java:214)
	at org.apache.ratis.thirdparty.io.grpc.stub.ClientCalls.blockingUnaryCall(ClientCalls.java:139)
	at org.apache.ratis.proto.grpc.RaftServerProtocolServiceGrpc$RaftServerProtocolServiceBlockingStub.requestVote(RaftServerProtocolServiceGrpc.java:265)
	at org.apache.ratis.grpc.server.GrpcServerProtocolClient.requestVote(GrpcServerProtocolClient.java:99)
	at org.apache.ratis.grpc.server.GrpcService.requestVote(GrpcService.java:204)
	at org.apache.ratis.server.impl.LeaderElection.lambda$submitRequests$1(LeaderElection.java:234)
	at java.util.concurrent.FutureTask.run(FutureTask.java:266)
	at java.util.concurrent.Executors$RunnableAdapter.call(Executors.java:511)
	at java.util.concurrent.FutureTask.run(FutureTask.java:266)
	at java.util.concurrent.ThreadPoolExecutor.runWorker(ThreadPoolExecutor.java:1149)
	at java.util.concurrent.ThreadPoolExecutor$Worker.run(ThreadPoolExecutor.java:624)
	... 1 more
Caused by: org.apache.ratis.thirdparty.io.netty.channel.AbstractChannel$AnnotatedConnectException: Connection refused: /192.168.5.166:44353
	at sun.nio.ch.SocketChannelImpl.checkConnect(Native Method)
	at sun.nio.ch.SocketChannelImpl.finishConnect(SocketChannelImpl.java:717)
	at org.apache.ratis.thirdparty.io.netty.channel.socket.nio.NioSocketChannel.doFinishConnect(NioSocketChannel.java:327)
	at org.apache.ratis.thirdparty.io.netty.channel.nio.AbstractNioChannel$AbstractNioUnsafe.finishConnect(AbstractNioChannel.java:340)
	at org.apache.ratis.thirdparty.io.netty.channel.nio.NioEventLoop.processSelectedKey(NioEventLoop.java:632)
	at org.apache.ratis.thirdparty.io.netty.channel.nio.NioEventLoop.processSelectedKeysOptimized(NioEventLoop.java:579)
	at org.apache.ratis.thirdparty.io.netty.channel.nio.NioEventLoop.processSelectedKeys(NioEventLoop.java:496)
	at org.apache.ratis.thirdparty.io.netty.channel.nio.NioEventLoop.run(NioEventLoop.java:458)
	at org.apache.ratis.thirdparty.io.netty.util.concurrent.SingleThreadEventExecutor$5.run(SingleThreadEventExecutor.java:897)
	at org.apache.ratis.thirdparty.io.netty.util.concurrent.FastThreadLocalRunnable.run(FastThreadLocalRunnable.java:30)
	... 1 more
Caused by: java.net.ConnectException: Connection refused
	... 11 more
2019-10-10 00:01:23,530 [912b0bdb-3095-44f3-93c0-19702928d0ba@group-D12770000C91-LeaderElection14] INFO  impl.RaftServerImpl (RaftServerImpl.java:setRole(170)) - 912b0bdb-3095-44f3-93c0-19702928d0ba@group-D12770000C91: changes role from CANDIDATE to FOLLOWER at term 6 for DISCOVERED_A_NEW_TERM
2019-10-10 00:01:23,530 [912b0bdb-3095-44f3-93c0-19702928d0ba@group-D12770000C91-LeaderElection14] INFO  impl.RoleInfo (RoleInfo.java:shutdownLeaderElection(134)) - 912b0bdb-3095-44f3-93c0-19702928d0ba: shutdown LeaderElection
2019-10-10 00:01:23,530 [912b0bdb-3095-44f3-93c0-19702928d0ba@group-D12770000C91-LeaderElection14] INFO  impl.RoleInfo (RoleInfo.java:updateAndGet(143)) - 912b0bdb-3095-44f3-93c0-19702928d0ba: start FollowerState
2019-10-10 00:01:28,724 [Thread-527] INFO  impl.FollowerState (FollowerState.java:run(108)) - 912b0bdb-3095-44f3-93c0-19702928d0ba@group-D12770000C91-FollowerState: change to CANDIDATE, lastRpcTime:5193ms, electionTimeout:5193ms
2019-10-10 00:01:28,725 [Thread-527] INFO  impl.RoleInfo (RoleInfo.java:shutdownFollowerState(121)) - 912b0bdb-3095-44f3-93c0-19702928d0ba: shutdown FollowerState
2019-10-10 00:01:28,725 [Thread-527] INFO  impl.RaftServerImpl (RaftServerImpl.java:setRole(170)) - 912b0bdb-3095-44f3-93c0-19702928d0ba@group-D12770000C91: changes role from  FOLLOWER to CANDIDATE at term 6 for changeToCandidate
2019-10-10 00:01:28,726 [Thread-527] INFO  impl.RoleInfo (RoleInfo.java:updateAndGet(143)) - 912b0bdb-3095-44f3-93c0-19702928d0ba: start LeaderElection
2019-10-10 00:01:28,740 [912b0bdb-3095-44f3-93c0-19702928d0ba@group-D12770000C91-LeaderElection15] INFO  impl.LeaderElection (LeaderElection.java:askForVotes(178)) - 912b0bdb-3095-44f3-93c0-19702928d0ba@group-D12770000C91-LeaderElection15: begin an election at term 7 for 0: [912b0bdb-3095-44f3-93c0-19702928d0ba:192.168.5.166:42393, 0679a6ad-56a1-41b2-83e1-15692bb468db:192.168.5.166:38134, 46504f71-6b77-44e9-a2e5-588075dae190:192.168.5.166:44353], old=null
2019-10-10 00:01:28,741 [912b0bdb-3095-44f3-93c0-19702928d0ba@group-D12770000C91-LeaderElection15] INFO  impl.LeaderElection (LogUtils.java:infoOrTrace(149)) - 912b0bdb-3095-44f3-93c0-19702928d0ba@group-D12770000C91-LeaderElection15 got exception when requesting votes: {}
java.util.concurrent.ExecutionException: org.apache.ratis.thirdparty.io.grpc.StatusRuntimeException: UNAVAILABLE: io exception
	at java.util.concurrent.FutureTask.report(FutureTask.java:122)
	at java.util.concurrent.FutureTask.get(FutureTask.java:192)
	at org.apache.ratis.server.impl.LeaderElection.waitForResults(LeaderElection.java:259)
	at org.apache.ratis.server.impl.LeaderElection.askForVotes(LeaderElection.java:197)
	at org.apache.ratis.server.impl.LeaderElection.run(LeaderElection.java:133)
	at java.lang.Thread.run(Thread.java:748)
Caused by: org.apache.ratis.thirdparty.io.grpc.StatusRuntimeException: UNAVAILABLE: io exception
	at org.apache.ratis.thirdparty.io.grpc.stub.ClientCalls.toStatusRuntimeException(ClientCalls.java:233)
	at org.apache.ratis.thirdparty.io.grpc.stub.ClientCalls.getUnchecked(ClientCalls.java:214)
	at org.apache.ratis.thirdparty.io.grpc.stub.ClientCalls.blockingUnaryCall(ClientCalls.java:139)
	at org.apache.ratis.proto.grpc.RaftServerProtocolServiceGrpc$RaftServerProtocolServiceBlockingStub.requestVote(RaftServerProtocolServiceGrpc.java:265)
	at org.apache.ratis.grpc.server.GrpcServerProtocolClient.requestVote(GrpcServerProtocolClient.java:99)
	at org.apache.ratis.grpc.server.GrpcService.requestVote(GrpcService.java:204)
	at org.apache.ratis.server.impl.LeaderElection.lambda$submitRequests$1(LeaderElection.java:234)
	at java.util.concurrent.FutureTask.run(FutureTask.java:266)
	at java.util.concurrent.Executors$RunnableAdapter.call(Executors.java:511)
	at java.util.concurrent.FutureTask.run(FutureTask.java:266)
	at java.util.concurrent.ThreadPoolExecutor.runWorker(ThreadPoolExecutor.java:1149)
	at java.util.concurrent.ThreadPoolExecutor$Worker.run(ThreadPoolExecutor.java:624)
	... 1 more
Caused by: org.apache.ratis.thirdparty.io.netty.channel.AbstractChannel$AnnotatedConnectException: Connection refused: /192.168.5.166:38134
	at sun.nio.ch.SocketChannelImpl.checkConnect(Native Method)
	at sun.nio.ch.SocketChannelImpl.finishConnect(SocketChannelImpl.java:717)
	at org.apache.ratis.thirdparty.io.netty.channel.socket.nio.NioSocketChannel.doFinishConnect(NioSocketChannel.java:327)
	at org.apache.ratis.thirdparty.io.netty.channel.nio.AbstractNioChannel$AbstractNioUnsafe.finishConnect(AbstractNioChannel.java:340)
	at org.apache.ratis.thirdparty.io.netty.channel.nio.NioEventLoop.processSelectedKey(NioEventLoop.java:632)
	at org.apache.ratis.thirdparty.io.netty.channel.nio.NioEventLoop.processSelectedKeysOptimized(NioEventLoop.java:579)
	at org.apache.ratis.thirdparty.io.netty.channel.nio.NioEventLoop.processSelectedKeys(NioEventLoop.java:496)
	at org.apache.ratis.thirdparty.io.netty.channel.nio.NioEventLoop.run(NioEventLoop.java:458)
	at org.apache.ratis.thirdparty.io.netty.util.concurrent.SingleThreadEventExecutor$5.run(SingleThreadEventExecutor.java:897)
	at org.apache.ratis.thirdparty.io.netty.util.concurrent.FastThreadLocalRunnable.run(FastThreadLocalRunnable.java:30)
	... 1 more
Caused by: java.net.ConnectException: Connection refused
	... 11 more
2019-10-10 00:01:28,743 [912b0bdb-3095-44f3-93c0-19702928d0ba@group-D12770000C91-LeaderElection15] INFO  impl.LeaderElection (LogUtils.java:infoOrTrace(149)) - 912b0bdb-3095-44f3-93c0-19702928d0ba@group-D12770000C91-LeaderElection15 got exception when requesting votes: {}
java.util.concurrent.ExecutionException: org.apache.ratis.thirdparty.io.grpc.StatusRuntimeException: UNAVAILABLE: io exception
	at java.util.concurrent.FutureTask.report(FutureTask.java:122)
	at java.util.concurrent.FutureTask.get(FutureTask.java:192)
	at org.apache.ratis.server.impl.LeaderElection.waitForResults(LeaderElection.java:259)
	at org.apache.ratis.server.impl.LeaderElection.askForVotes(LeaderElection.java:197)
	at org.apache.ratis.server.impl.LeaderElection.run(LeaderElection.java:133)
	at java.lang.Thread.run(Thread.java:748)
Caused by: org.apache.ratis.thirdparty.io.grpc.StatusRuntimeException: UNAVAILABLE: io exception
	at org.apache.ratis.thirdparty.io.grpc.stub.ClientCalls.toStatusRuntimeException(ClientCalls.java:233)
	at org.apache.ratis.thirdparty.io.grpc.stub.ClientCalls.getUnchecked(ClientCalls.java:214)
	at org.apache.ratis.thirdparty.io.grpc.stub.ClientCalls.blockingUnaryCall(ClientCalls.java:139)
	at org.apache.ratis.proto.grpc.RaftServerProtocolServiceGrpc$RaftServerProtocolServiceBlockingStub.requestVote(RaftServerProtocolServiceGrpc.java:265)
	at org.apache.ratis.grpc.server.GrpcServerProtocolClient.requestVote(GrpcServerProtocolClient.java:99)
	at org.apache.ratis.grpc.server.GrpcService.requestVote(GrpcService.java:204)
	at org.apache.ratis.server.impl.LeaderElection.lambda$submitRequests$1(LeaderElection.java:234)
	at java.util.concurrent.FutureTask.run(FutureTask.java:266)
	at java.util.concurrent.Executors$RunnableAdapter.call(Executors.java:511)
	at java.util.concurrent.FutureTask.run(FutureTask.java:266)
	at java.util.concurrent.ThreadPoolExecutor.runWorker(ThreadPoolExecutor.java:1149)
	at java.util.concurrent.ThreadPoolExecutor$Worker.run(ThreadPoolExecutor.java:624)
	... 1 more
Caused by: org.apache.ratis.thirdparty.io.netty.channel.AbstractChannel$AnnotatedConnectException: Connection refused: /192.168.5.166:44353
	at sun.nio.ch.SocketChannelImpl.checkConnect(Native Method)
	at sun.nio.ch.SocketChannelImpl.finishConnect(SocketChannelImpl.java:717)
	at org.apache.ratis.thirdparty.io.netty.channel.socket.nio.NioSocketChannel.doFinishConnect(NioSocketChannel.java:327)
	at org.apache.ratis.thirdparty.io.netty.channel.nio.AbstractNioChannel$AbstractNioUnsafe.finishConnect(AbstractNioChannel.java:340)
	at org.apache.ratis.thirdparty.io.netty.channel.nio.NioEventLoop.processSelectedKey(NioEventLoop.java:632)
	at org.apache.ratis.thirdparty.io.netty.channel.nio.NioEventLoop.processSelectedKeysOptimized(NioEventLoop.java:579)
	at org.apache.ratis.thirdparty.io.netty.channel.nio.NioEventLoop.processSelectedKeys(NioEventLoop.java:496)
	at org.apache.ratis.thirdparty.io.netty.channel.nio.NioEventLoop.run(NioEventLoop.java:458)
	at org.apache.ratis.thirdparty.io.netty.util.concurrent.SingleThreadEventExecutor$5.run(SingleThreadEventExecutor.java:897)
	at org.apache.ratis.thirdparty.io.netty.util.concurrent.FastThreadLocalRunnable.run(FastThreadLocalRunnable.java:30)
	... 1 more
Caused by: java.net.ConnectException: Connection refused
	... 11 more
2019-10-10 00:01:28,745 [912b0bdb-3095-44f3-93c0-19702928d0ba@group-D12770000C91-LeaderElection15] INFO  impl.LeaderElection (LeaderElection.java:logAndReturn(56)) - 912b0bdb-3095-44f3-93c0-19702928d0ba@group-D12770000C91-LeaderElection15: Election REJECTED; received 0 response(s) [] and 2 exception(s); 912b0bdb-3095-44f3-93c0-19702928d0ba@group-D12770000C91:t7, leader=null, voted=912b0bdb-3095-44f3-93c0-19702928d0ba, raftlog=912b0bdb-3095-44f3-93c0-19702928d0ba@group-D12770000C91-SegmentedRaftLog:OPENED:c16,f16,i16, conf=0: [912b0bdb-3095-44f3-93c0-19702928d0ba:192.168.5.166:42393, 0679a6ad-56a1-41b2-83e1-15692bb468db:192.168.5.166:38134, 46504f71-6b77-44e9-a2e5-588075dae190:192.168.5.166:44353], old=null
2019-10-10 00:01:28,745 [912b0bdb-3095-44f3-93c0-19702928d0ba@group-D12770000C91-LeaderElection15] INFO  impl.LeaderElection (LogUtils.java:infoOrTrace(149)) -   Exception 0: {}
java.util.concurrent.ExecutionException: org.apache.ratis.thirdparty.io.grpc.StatusRuntimeException: UNAVAILABLE: io exception
	at java.util.concurrent.FutureTask.report(FutureTask.java:122)
	at java.util.concurrent.FutureTask.get(FutureTask.java:192)
	at org.apache.ratis.server.impl.LeaderElection.waitForResults(LeaderElection.java:259)
	at org.apache.ratis.server.impl.LeaderElection.askForVotes(LeaderElection.java:197)
	at org.apache.ratis.server.impl.LeaderElection.run(LeaderElection.java:133)
	at java.lang.Thread.run(Thread.java:748)
Caused by: org.apache.ratis.thirdparty.io.grpc.StatusRuntimeException: UNAVAILABLE: io exception
	at org.apache.ratis.thirdparty.io.grpc.stub.ClientCalls.toStatusRuntimeException(ClientCalls.java:233)
	at org.apache.ratis.thirdparty.io.grpc.stub.ClientCalls.getUnchecked(ClientCalls.java:214)
	at org.apache.ratis.thirdparty.io.grpc.stub.ClientCalls.blockingUnaryCall(ClientCalls.java:139)
	at org.apache.ratis.proto.grpc.RaftServerProtocolServiceGrpc$RaftServerProtocolServiceBlockingStub.requestVote(RaftServerProtocolServiceGrpc.java:265)
	at org.apache.ratis.grpc.server.GrpcServerProtocolClient.requestVote(GrpcServerProtocolClient.java:99)
	at org.apache.ratis.grpc.server.GrpcService.requestVote(GrpcService.java:204)
	at org.apache.ratis.server.impl.LeaderElection.lambda$submitRequests$1(LeaderElection.java:234)
	at java.util.concurrent.FutureTask.run(FutureTask.java:266)
	at java.util.concurrent.Executors$RunnableAdapter.call(Executors.java:511)
	at java.util.concurrent.FutureTask.run(FutureTask.java:266)
	at java.util.concurrent.ThreadPoolExecutor.runWorker(ThreadPoolExecutor.java:1149)
	at java.util.concurrent.ThreadPoolExecutor$Worker.run(ThreadPoolExecutor.java:624)
	... 1 more
Caused by: org.apache.ratis.thirdparty.io.netty.channel.AbstractChannel$AnnotatedConnectException: Connection refused: /192.168.5.166:38134
	at sun.nio.ch.SocketChannelImpl.checkConnect(Native Method)
	at sun.nio.ch.SocketChannelImpl.finishConnect(SocketChannelImpl.java:717)
	at org.apache.ratis.thirdparty.io.netty.channel.socket.nio.NioSocketChannel.doFinishConnect(NioSocketChannel.java:327)
	at org.apache.ratis.thirdparty.io.netty.channel.nio.AbstractNioChannel$AbstractNioUnsafe.finishConnect(AbstractNioChannel.java:340)
	at org.apache.ratis.thirdparty.io.netty.channel.nio.NioEventLoop.processSelectedKey(NioEventLoop.java:632)
	at org.apache.ratis.thirdparty.io.netty.channel.nio.NioEventLoop.processSelectedKeysOptimized(NioEventLoop.java:579)
	at org.apache.ratis.thirdparty.io.netty.channel.nio.NioEventLoop.processSelectedKeys(NioEventLoop.java:496)
	at org.apache.ratis.thirdparty.io.netty.channel.nio.NioEventLoop.run(NioEventLoop.java:458)
	at org.apache.ratis.thirdparty.io.netty.util.concurrent.SingleThreadEventExecutor$5.run(SingleThreadEventExecutor.java:897)
	at org.apache.ratis.thirdparty.io.netty.util.concurrent.FastThreadLocalRunnable.run(FastThreadLocalRunnable.java:30)
	... 1 more
Caused by: java.net.ConnectException: Connection refused
	... 11 more
2019-10-10 00:01:28,746 [912b0bdb-3095-44f3-93c0-19702928d0ba@group-D12770000C91-LeaderElection15] INFO  impl.LeaderElection (LogUtils.java:infoOrTrace(149)) -   Exception 1: {}
java.util.concurrent.ExecutionException: org.apache.ratis.thirdparty.io.grpc.StatusRuntimeException: UNAVAILABLE: io exception
	at java.util.concurrent.FutureTask.report(FutureTask.java:122)
	at java.util.concurrent.FutureTask.get(FutureTask.java:192)
	at org.apache.ratis.server.impl.LeaderElection.waitForResults(LeaderElection.java:259)
	at org.apache.ratis.server.impl.LeaderElection.askForVotes(LeaderElection.java:197)
	at org.apache.ratis.server.impl.LeaderElection.run(LeaderElection.java:133)
	at java.lang.Thread.run(Thread.java:748)
Caused by: org.apache.ratis.thirdparty.io.grpc.StatusRuntimeException: UNAVAILABLE: io exception
	at org.apache.ratis.thirdparty.io.grpc.stub.ClientCalls.toStatusRuntimeException(ClientCalls.java:233)
	at org.apache.ratis.thirdparty.io.grpc.stub.ClientCalls.getUnchecked(ClientCalls.java:214)
	at org.apache.ratis.thirdparty.io.grpc.stub.ClientCalls.blockingUnaryCall(ClientCalls.java:139)
	at org.apache.ratis.proto.grpc.RaftServerProtocolServiceGrpc$RaftServerProtocolServiceBlockingStub.requestVote(RaftServerProtocolServiceGrpc.java:265)
	at org.apache.ratis.grpc.server.GrpcServerProtocolClient.requestVote(GrpcServerProtocolClient.java:99)
	at org.apache.ratis.grpc.server.GrpcService.requestVote(GrpcService.java:204)
	at org.apache.ratis.server.impl.LeaderElection.lambda$submitRequests$1(LeaderElection.java:234)
	at java.util.concurrent.FutureTask.run(FutureTask.java:266)
	at java.util.concurrent.Executors$RunnableAdapter.call(Executors.java:511)
	at java.util.concurrent.FutureTask.run(FutureTask.java:266)
	at java.util.concurrent.ThreadPoolExecutor.runWorker(ThreadPoolExecutor.java:1149)
	at java.util.concurrent.ThreadPoolExecutor$Worker.run(ThreadPoolExecutor.java:624)
	... 1 more
Caused by: org.apache.ratis.thirdparty.io.netty.channel.AbstractChannel$AnnotatedConnectException: Connection refused: /192.168.5.166:44353
	at sun.nio.ch.SocketChannelImpl.checkConnect(Native Method)
	at sun.nio.ch.SocketChannelImpl.finishConnect(SocketChannelImpl.java:717)
	at org.apache.ratis.thirdparty.io.netty.channel.socket.nio.NioSocketChannel.doFinishConnect(NioSocketChannel.java:327)
	at org.apache.ratis.thirdparty.io.netty.channel.nio.AbstractNioChannel$AbstractNioUnsafe.finishConnect(AbstractNioChannel.java:340)
	at org.apache.ratis.thirdparty.io.netty.channel.nio.NioEventLoop.processSelectedKey(NioEventLoop.java:632)
	at org.apache.ratis.thirdparty.io.netty.channel.nio.NioEventLoop.processSelectedKeysOptimized(NioEventLoop.java:579)
	at org.apache.ratis.thirdparty.io.netty.channel.nio.NioEventLoop.processSelectedKeys(NioEventLoop.java:496)
	at org.apache.ratis.thirdparty.io.netty.channel.nio.NioEventLoop.run(NioEventLoop.java:458)
	at org.apache.ratis.thirdparty.io.netty.util.concurrent.SingleThreadEventExecutor$5.run(SingleThreadEventExecutor.java:897)
	at org.apache.ratis.thirdparty.io.netty.util.concurrent.FastThreadLocalRunnable.run(FastThreadLocalRunnable.java:30)
	... 1 more
Caused by: java.net.ConnectException: Connection refused
	... 11 more
2019-10-10 00:01:28,746 [912b0bdb-3095-44f3-93c0-19702928d0ba@group-D12770000C91-LeaderElection15] INFO  impl.RaftServerImpl (RaftServerImpl.java:setRole(170)) - 912b0bdb-3095-44f3-93c0-19702928d0ba@group-D12770000C91: changes role from CANDIDATE to FOLLOWER at term 7 for DISCOVERED_A_NEW_TERM
2019-10-10 00:01:28,746 [912b0bdb-3095-44f3-93c0-19702928d0ba@group-D12770000C91-LeaderElection15] INFO  impl.RoleInfo (RoleInfo.java:shutdownLeaderElection(134)) - 912b0bdb-3095-44f3-93c0-19702928d0ba: shutdown LeaderElection
2019-10-10 00:01:28,746 [912b0bdb-3095-44f3-93c0-19702928d0ba@group-D12770000C91-LeaderElection15] INFO  impl.RoleInfo (RoleInfo.java:updateAndGet(143)) - 912b0bdb-3095-44f3-93c0-19702928d0ba: start FollowerState
2019-10-10 00:01:33,907 [Thread-543] INFO  impl.FollowerState (FollowerState.java:run(108)) - 912b0bdb-3095-44f3-93c0-19702928d0ba@group-D12770000C91-FollowerState: change to CANDIDATE, lastRpcTime:5161ms, electionTimeout:5161ms
2019-10-10 00:01:33,910 [Thread-543] INFO  impl.RoleInfo (RoleInfo.java:shutdownFollowerState(121)) - 912b0bdb-3095-44f3-93c0-19702928d0ba: shutdown FollowerState
2019-10-10 00:01:33,910 [Thread-543] INFO  impl.RaftServerImpl (RaftServerImpl.java:setRole(170)) - 912b0bdb-3095-44f3-93c0-19702928d0ba@group-D12770000C91: changes role from  FOLLOWER to CANDIDATE at term 7 for changeToCandidate
2019-10-10 00:01:33,911 [Thread-543] INFO  impl.RoleInfo (RoleInfo.java:updateAndGet(143)) - 912b0bdb-3095-44f3-93c0-19702928d0ba: start LeaderElection
2019-10-10 00:01:33,927 [912b0bdb-3095-44f3-93c0-19702928d0ba@group-D12770000C91-LeaderElection16] INFO  impl.LeaderElection (LeaderElection.java:askForVotes(178)) - 912b0bdb-3095-44f3-93c0-19702928d0ba@group-D12770000C91-LeaderElection16: begin an election at term 8 for 0: [912b0bdb-3095-44f3-93c0-19702928d0ba:192.168.5.166:42393, 0679a6ad-56a1-41b2-83e1-15692bb468db:192.168.5.166:38134, 46504f71-6b77-44e9-a2e5-588075dae190:192.168.5.166:44353], old=null
2019-10-10 00:01:33,928 [912b0bdb-3095-44f3-93c0-19702928d0ba@group-D12770000C91-LeaderElection16] INFO  impl.LeaderElection (LogUtils.java:infoOrTrace(149)) - 912b0bdb-3095-44f3-93c0-19702928d0ba@group-D12770000C91-LeaderElection16 got exception when requesting votes: {}
java.util.concurrent.ExecutionException: org.apache.ratis.thirdparty.io.grpc.StatusRuntimeException: UNAVAILABLE: io exception
	at java.util.concurrent.FutureTask.report(FutureTask.java:122)
	at java.util.concurrent.FutureTask.get(FutureTask.java:192)
	at org.apache.ratis.server.impl.LeaderElection.waitForResults(LeaderElection.java:259)
	at org.apache.ratis.server.impl.LeaderElection.askForVotes(LeaderElection.java:197)
	at org.apache.ratis.server.impl.LeaderElection.run(LeaderElection.java:133)
	at java.lang.Thread.run(Thread.java:748)
Caused by: org.apache.ratis.thirdparty.io.grpc.StatusRuntimeException: UNAVAILABLE: io exception
	at org.apache.ratis.thirdparty.io.grpc.stub.ClientCalls.toStatusRuntimeException(ClientCalls.java:233)
	at org.apache.ratis.thirdparty.io.grpc.stub.ClientCalls.getUnchecked(ClientCalls.java:214)
	at org.apache.ratis.thirdparty.io.grpc.stub.ClientCalls.blockingUnaryCall(ClientCalls.java:139)
	at org.apache.ratis.proto.grpc.RaftServerProtocolServiceGrpc$RaftServerProtocolServiceBlockingStub.requestVote(RaftServerProtocolServiceGrpc.java:265)
	at org.apache.ratis.grpc.server.GrpcServerProtocolClient.requestVote(GrpcServerProtocolClient.java:99)
	at org.apache.ratis.grpc.server.GrpcService.requestVote(GrpcService.java:204)
	at org.apache.ratis.server.impl.LeaderElection.lambda$submitRequests$1(LeaderElection.java:234)
	at java.util.concurrent.FutureTask.run(FutureTask.java:266)
	at java.util.concurrent.Executors$RunnableAdapter.call(Executors.java:511)
	at java.util.concurrent.FutureTask.run(FutureTask.java:266)
	at java.util.concurrent.ThreadPoolExecutor.runWorker(ThreadPoolExecutor.java:1149)
	at java.util.concurrent.ThreadPoolExecutor$Worker.run(ThreadPoolExecutor.java:624)
	... 1 more
Caused by: org.apache.ratis.thirdparty.io.netty.channel.AbstractChannel$AnnotatedConnectException: Connection refused: /192.168.5.166:38134
	at sun.nio.ch.SocketChannelImpl.checkConnect(Native Method)
	at sun.nio.ch.SocketChannelImpl.finishConnect(SocketChannelImpl.java:717)
	at org.apache.ratis.thirdparty.io.netty.channel.socket.nio.NioSocketChannel.doFinishConnect(NioSocketChannel.java:327)
	at org.apache.ratis.thirdparty.io.netty.channel.nio.AbstractNioChannel$AbstractNioUnsafe.finishConnect(AbstractNioChannel.java:340)
	at org.apache.ratis.thirdparty.io.netty.channel.nio.NioEventLoop.processSelectedKey(NioEventLoop.java:632)
	at org.apache.ratis.thirdparty.io.netty.channel.nio.NioEventLoop.processSelectedKeysOptimized(NioEventLoop.java:579)
	at org.apache.ratis.thirdparty.io.netty.channel.nio.NioEventLoop.processSelectedKeys(NioEventLoop.java:496)
	at org.apache.ratis.thirdparty.io.netty.channel.nio.NioEventLoop.run(NioEventLoop.java:458)
	at org.apache.ratis.thirdparty.io.netty.util.concurrent.SingleThreadEventExecutor$5.run(SingleThreadEventExecutor.java:897)
	at org.apache.ratis.thirdparty.io.netty.util.concurrent.FastThreadLocalRunnable.run(FastThreadLocalRunnable.java:30)
	... 1 more
Caused by: java.net.ConnectException: Connection refused
	... 11 more
2019-10-10 00:01:33,930 [912b0bdb-3095-44f3-93c0-19702928d0ba@group-D12770000C91-LeaderElection16] INFO  impl.LeaderElection (LogUtils.java:infoOrTrace(149)) - 912b0bdb-3095-44f3-93c0-19702928d0ba@group-D12770000C91-LeaderElection16 got exception when requesting votes: {}
java.util.concurrent.ExecutionException: org.apache.ratis.thirdparty.io.grpc.StatusRuntimeException: UNAVAILABLE: io exception
	at java.util.concurrent.FutureTask.report(FutureTask.java:122)
	at java.util.concurrent.FutureTask.get(FutureTask.java:192)
	at org.apache.ratis.server.impl.LeaderElection.waitForResults(LeaderElection.java:259)
	at org.apache.ratis.server.impl.LeaderElection.askForVotes(LeaderElection.java:197)
	at org.apache.ratis.server.impl.LeaderElection.run(LeaderElection.java:133)
	at java.lang.Thread.run(Thread.java:748)
Caused by: org.apache.ratis.thirdparty.io.grpc.StatusRuntimeException: UNAVAILABLE: io exception
	at org.apache.ratis.thirdparty.io.grpc.stub.ClientCalls.toStatusRuntimeException(ClientCalls.java:233)
	at org.apache.ratis.thirdparty.io.grpc.stub.ClientCalls.getUnchecked(ClientCalls.java:214)
	at org.apache.ratis.thirdparty.io.grpc.stub.ClientCalls.blockingUnaryCall(ClientCalls.java:139)
	at org.apache.ratis.proto.grpc.RaftServerProtocolServiceGrpc$RaftServerProtocolServiceBlockingStub.requestVote(RaftServerProtocolServiceGrpc.java:265)
	at org.apache.ratis.grpc.server.GrpcServerProtocolClient.requestVote(GrpcServerProtocolClient.java:99)
	at org.apache.ratis.grpc.server.GrpcService.requestVote(GrpcService.java:204)
	at org.apache.ratis.server.impl.LeaderElection.lambda$submitRequests$1(LeaderElection.java:234)
	at java.util.concurrent.FutureTask.run(FutureTask.java:266)
	at java.util.concurrent.Executors$RunnableAdapter.call(Executors.java:511)
	at java.util.concurrent.FutureTask.run(FutureTask.java:266)
	at java.util.concurrent.ThreadPoolExecutor.runWorker(ThreadPoolExecutor.java:1149)
	at java.util.concurrent.ThreadPoolExecutor$Worker.run(ThreadPoolExecutor.java:624)
	... 1 more
Caused by: org.apache.ratis.thirdparty.io.netty.channel.AbstractChannel$AnnotatedConnectException: Connection refused: /192.168.5.166:44353
	at sun.nio.ch.SocketChannelImpl.checkConnect(Native Method)
	at sun.nio.ch.SocketChannelImpl.finishConnect(SocketChannelImpl.java:717)
	at org.apache.ratis.thirdparty.io.netty.channel.socket.nio.NioSocketChannel.doFinishConnect(NioSocketChannel.java:327)
	at org.apache.ratis.thirdparty.io.netty.channel.nio.AbstractNioChannel$AbstractNioUnsafe.finishConnect(AbstractNioChannel.java:340)
	at org.apache.ratis.thirdparty.io.netty.channel.nio.NioEventLoop.processSelectedKey(NioEventLoop.java:632)
	at org.apache.ratis.thirdparty.io.netty.channel.nio.NioEventLoop.processSelectedKeysOptimized(NioEventLoop.java:579)
	at org.apache.ratis.thirdparty.io.netty.channel.nio.NioEventLoop.processSelectedKeys(NioEventLoop.java:496)
	at org.apache.ratis.thirdparty.io.netty.channel.nio.NioEventLoop.run(NioEventLoop.java:458)
	at org.apache.ratis.thirdparty.io.netty.util.concurrent.SingleThreadEventExecutor$5.run(SingleThreadEventExecutor.java:897)
	at org.apache.ratis.thirdparty.io.netty.util.concurrent.FastThreadLocalRunnable.run(FastThreadLocalRunnable.java:30)
	... 1 more
Caused by: java.net.ConnectException: Connection refused
	... 11 more
2019-10-10 00:01:33,933 [912b0bdb-3095-44f3-93c0-19702928d0ba@group-D12770000C91-LeaderElection16] INFO  impl.LeaderElection (LeaderElection.java:logAndReturn(56)) - 912b0bdb-3095-44f3-93c0-19702928d0ba@group-D12770000C91-LeaderElection16: Election REJECTED; received 0 response(s) [] and 2 exception(s); 912b0bdb-3095-44f3-93c0-19702928d0ba@group-D12770000C91:t8, leader=null, voted=912b0bdb-3095-44f3-93c0-19702928d0ba, raftlog=912b0bdb-3095-44f3-93c0-19702928d0ba@group-D12770000C91-SegmentedRaftLog:OPENED:c16,f16,i16, conf=0: [912b0bdb-3095-44f3-93c0-19702928d0ba:192.168.5.166:42393, 0679a6ad-56a1-41b2-83e1-15692bb468db:192.168.5.166:38134, 46504f71-6b77-44e9-a2e5-588075dae190:192.168.5.166:44353], old=null
2019-10-10 00:01:33,933 [912b0bdb-3095-44f3-93c0-19702928d0ba@group-D12770000C91-LeaderElection16] INFO  impl.LeaderElection (LogUtils.java:infoOrTrace(149)) -   Exception 0: {}
java.util.concurrent.ExecutionException: org.apache.ratis.thirdparty.io.grpc.StatusRuntimeException: UNAVAILABLE: io exception
	at java.util.concurrent.FutureTask.report(FutureTask.java:122)
	at java.util.concurrent.FutureTask.get(FutureTask.java:192)
	at org.apache.ratis.server.impl.LeaderElection.waitForResults(LeaderElection.java:259)
	at org.apache.ratis.server.impl.LeaderElection.askForVotes(LeaderElection.java:197)
	at org.apache.ratis.server.impl.LeaderElection.run(LeaderElection.java:133)
	at java.lang.Thread.run(Thread.java:748)
Caused by: org.apache.ratis.thirdparty.io.grpc.StatusRuntimeException: UNAVAILABLE: io exception
	at org.apache.ratis.thirdparty.io.grpc.stub.ClientCalls.toStatusRuntimeException(ClientCalls.java:233)
	at org.apache.ratis.thirdparty.io.grpc.stub.ClientCalls.getUnchecked(ClientCalls.java:214)
	at org.apache.ratis.thirdparty.io.grpc.stub.ClientCalls.blockingUnaryCall(ClientCalls.java:139)
	at org.apache.ratis.proto.grpc.RaftServerProtocolServiceGrpc$RaftServerProtocolServiceBlockingStub.requestVote(RaftServerProtocolServiceGrpc.java:265)
	at org.apache.ratis.grpc.server.GrpcServerProtocolClient.requestVote(GrpcServerProtocolClient.java:99)
	at org.apache.ratis.grpc.server.GrpcService.requestVote(GrpcService.java:204)
	at org.apache.ratis.server.impl.LeaderElection.lambda$submitRequests$1(LeaderElection.java:234)
	at java.util.concurrent.FutureTask.run(FutureTask.java:266)
	at java.util.concurrent.Executors$RunnableAdapter.call(Executors.java:511)
	at java.util.concurrent.FutureTask.run(FutureTask.java:266)
	at java.util.concurrent.ThreadPoolExecutor.runWorker(ThreadPoolExecutor.java:1149)
	at java.util.concurrent.ThreadPoolExecutor$Worker.run(ThreadPoolExecutor.java:624)
	... 1 more
Caused by: org.apache.ratis.thirdparty.io.netty.channel.AbstractChannel$AnnotatedConnectException: Connection refused: /192.168.5.166:38134
	at sun.nio.ch.SocketChannelImpl.checkConnect(Native Method)
	at sun.nio.ch.SocketChannelImpl.finishConnect(SocketChannelImpl.java:717)
	at org.apache.ratis.thirdparty.io.netty.channel.socket.nio.NioSocketChannel.doFinishConnect(NioSocketChannel.java:327)
	at org.apache.ratis.thirdparty.io.netty.channel.nio.AbstractNioChannel$AbstractNioUnsafe.finishConnect(AbstractNioChannel.java:340)
	at org.apache.ratis.thirdparty.io.netty.channel.nio.NioEventLoop.processSelectedKey(NioEventLoop.java:632)
	at org.apache.ratis.thirdparty.io.netty.channel.nio.NioEventLoop.processSelectedKeysOptimized(NioEventLoop.java:579)
	at org.apache.ratis.thirdparty.io.netty.channel.nio.NioEventLoop.processSelectedKeys(NioEventLoop.java:496)
	at org.apache.ratis.thirdparty.io.netty.channel.nio.NioEventLoop.run(NioEventLoop.java:458)
	at org.apache.ratis.thirdparty.io.netty.util.concurrent.SingleThreadEventExecutor$5.run(SingleThreadEventExecutor.java:897)
	at org.apache.ratis.thirdparty.io.netty.util.concurrent.FastThreadLocalRunnable.run(FastThreadLocalRunnable.java:30)
	... 1 more
Caused by: java.net.ConnectException: Connection refused
	... 11 more
2019-10-10 00:01:33,933 [912b0bdb-3095-44f3-93c0-19702928d0ba@group-D12770000C91-LeaderElection16] INFO  impl.LeaderElection (LogUtils.java:infoOrTrace(149)) -   Exception 1: {}
java.util.concurrent.ExecutionException: org.apache.ratis.thirdparty.io.grpc.StatusRuntimeException: UNAVAILABLE: io exception
	at java.util.concurrent.FutureTask.report(FutureTask.java:122)
	at java.util.concurrent.FutureTask.get(FutureTask.java:192)
	at org.apache.ratis.server.impl.LeaderElection.waitForResults(LeaderElection.java:259)
	at org.apache.ratis.server.impl.LeaderElection.askForVotes(LeaderElection.java:197)
	at org.apache.ratis.server.impl.LeaderElection.run(LeaderElection.java:133)
	at java.lang.Thread.run(Thread.java:748)
Caused by: org.apache.ratis.thirdparty.io.grpc.StatusRuntimeException: UNAVAILABLE: io exception
	at org.apache.ratis.thirdparty.io.grpc.stub.ClientCalls.toStatusRuntimeException(ClientCalls.java:233)
	at org.apache.ratis.thirdparty.io.grpc.stub.ClientCalls.getUnchecked(ClientCalls.java:214)
	at org.apache.ratis.thirdparty.io.grpc.stub.ClientCalls.blockingUnaryCall(ClientCalls.java:139)
	at org.apache.ratis.proto.grpc.RaftServerProtocolServiceGrpc$RaftServerProtocolServiceBlockingStub.requestVote(RaftServerProtocolServiceGrpc.java:265)
	at org.apache.ratis.grpc.server.GrpcServerProtocolClient.requestVote(GrpcServerProtocolClient.java:99)
	at org.apache.ratis.grpc.server.GrpcService.requestVote(GrpcService.java:204)
	at org.apache.ratis.server.impl.LeaderElection.lambda$submitRequests$1(LeaderElection.java:234)
	at java.util.concurrent.FutureTask.run(FutureTask.java:266)
	at java.util.concurrent.Executors$RunnableAdapter.call(Executors.java:511)
	at java.util.concurrent.FutureTask.run(FutureTask.java:266)
	at java.util.concurrent.ThreadPoolExecutor.runWorker(ThreadPoolExecutor.java:1149)
	at java.util.concurrent.ThreadPoolExecutor$Worker.run(ThreadPoolExecutor.java:624)
	... 1 more
Caused by: org.apache.ratis.thirdparty.io.netty.channel.AbstractChannel$AnnotatedConnectException: Connection refused: /192.168.5.166:44353
	at sun.nio.ch.SocketChannelImpl.checkConnect(Native Method)
	at sun.nio.ch.SocketChannelImpl.finishConnect(SocketChannelImpl.java:717)
	at org.apache.ratis.thirdparty.io.netty.channel.socket.nio.NioSocketChannel.doFinishConnect(NioSocketChannel.java:327)
	at org.apache.ratis.thirdparty.io.netty.channel.nio.AbstractNioChannel$AbstractNioUnsafe.finishConnect(AbstractNioChannel.java:340)
	at org.apache.ratis.thirdparty.io.netty.channel.nio.NioEventLoop.processSelectedKey(NioEventLoop.java:632)
	at org.apache.ratis.thirdparty.io.netty.channel.nio.NioEventLoop.processSelectedKeysOptimized(NioEventLoop.java:579)
	at org.apache.ratis.thirdparty.io.netty.channel.nio.NioEventLoop.processSelectedKeys(NioEventLoop.java:496)
	at org.apache.ratis.thirdparty.io.netty.channel.nio.NioEventLoop.run(NioEventLoop.java:458)
	at org.apache.ratis.thirdparty.io.netty.util.concurrent.SingleThreadEventExecutor$5.run(SingleThreadEventExecutor.java:897)
	at org.apache.ratis.thirdparty.io.netty.util.concurrent.FastThreadLocalRunnable.run(FastThreadLocalRunnable.java:30)
	... 1 more
Caused by: java.net.ConnectException: Connection refused
	... 11 more
2019-10-10 00:01:33,934 [912b0bdb-3095-44f3-93c0-19702928d0ba@group-D12770000C91-LeaderElection16] INFO  impl.RaftServerImpl (RaftServerImpl.java:setRole(170)) - 912b0bdb-3095-44f3-93c0-19702928d0ba@group-D12770000C91: changes role from CANDIDATE to FOLLOWER at term 8 for DISCOVERED_A_NEW_TERM
2019-10-10 00:01:33,934 [912b0bdb-3095-44f3-93c0-19702928d0ba@group-D12770000C91-LeaderElection16] INFO  impl.RoleInfo (RoleInfo.java:shutdownLeaderElection(134)) - 912b0bdb-3095-44f3-93c0-19702928d0ba: shutdown LeaderElection
2019-10-10 00:01:33,934 [912b0bdb-3095-44f3-93c0-19702928d0ba@group-D12770000C91-LeaderElection16] INFO  impl.RoleInfo (RoleInfo.java:updateAndGet(143)) - 912b0bdb-3095-44f3-93c0-19702928d0ba: start FollowerState
2019-10-10 00:01:39,030 [Thread-563] INFO  impl.FollowerState (FollowerState.java:run(108)) - 912b0bdb-3095-44f3-93c0-19702928d0ba@group-D12770000C91-FollowerState: change to CANDIDATE, lastRpcTime:5095ms, electionTimeout:5095ms
2019-10-10 00:01:39,033 [Thread-563] INFO  impl.RoleInfo (RoleInfo.java:shutdownFollowerState(121)) - 912b0bdb-3095-44f3-93c0-19702928d0ba: shutdown FollowerState
2019-10-10 00:01:39,033 [Thread-563] INFO  impl.RaftServerImpl (RaftServerImpl.java:setRole(170)) - 912b0bdb-3095-44f3-93c0-19702928d0ba@group-D12770000C91: changes role from  FOLLOWER to CANDIDATE at term 8 for changeToCandidate
2019-10-10 00:01:39,033 [Thread-563] INFO  impl.RoleInfo (RoleInfo.java:updateAndGet(143)) - 912b0bdb-3095-44f3-93c0-19702928d0ba: start LeaderElection
2019-10-10 00:01:39,049 [912b0bdb-3095-44f3-93c0-19702928d0ba@group-D12770000C91-LeaderElection17] INFO  impl.LeaderElection (LeaderElection.java:askForVotes(178)) - 912b0bdb-3095-44f3-93c0-19702928d0ba@group-D12770000C91-LeaderElection17: begin an election at term 9 for 0: [912b0bdb-3095-44f3-93c0-19702928d0ba:192.168.5.166:42393, 0679a6ad-56a1-41b2-83e1-15692bb468db:192.168.5.166:38134, 46504f71-6b77-44e9-a2e5-588075dae190:192.168.5.166:44353], old=null
2019-10-10 00:01:39,050 [912b0bdb-3095-44f3-93c0-19702928d0ba@group-D12770000C91-LeaderElection17] INFO  impl.LeaderElection (LogUtils.java:infoOrTrace(149)) - 912b0bdb-3095-44f3-93c0-19702928d0ba@group-D12770000C91-LeaderElection17 got exception when requesting votes: {}
java.util.concurrent.ExecutionException: org.apache.ratis.thirdparty.io.grpc.StatusRuntimeException: UNAVAILABLE: io exception
	at java.util.concurrent.FutureTask.report(FutureTask.java:122)
	at java.util.concurrent.FutureTask.get(FutureTask.java:192)
	at org.apache.ratis.server.impl.LeaderElection.waitForResults(LeaderElection.java:259)
	at org.apache.ratis.server.impl.LeaderElection.askForVotes(LeaderElection.java:197)
	at org.apache.ratis.server.impl.LeaderElection.run(LeaderElection.java:133)
	at java.lang.Thread.run(Thread.java:748)
Caused by: org.apache.ratis.thirdparty.io.grpc.StatusRuntimeException: UNAVAILABLE: io exception
	at org.apache.ratis.thirdparty.io.grpc.stub.ClientCalls.toStatusRuntimeException(ClientCalls.java:233)
	at org.apache.ratis.thirdparty.io.grpc.stub.ClientCalls.getUnchecked(ClientCalls.java:214)
	at org.apache.ratis.thirdparty.io.grpc.stub.ClientCalls.blockingUnaryCall(ClientCalls.java:139)
	at org.apache.ratis.proto.grpc.RaftServerProtocolServiceGrpc$RaftServerProtocolServiceBlockingStub.requestVote(RaftServerProtocolServiceGrpc.java:265)
	at org.apache.ratis.grpc.server.GrpcServerProtocolClient.requestVote(GrpcServerProtocolClient.java:99)
	at org.apache.ratis.grpc.server.GrpcService.requestVote(GrpcService.java:204)
	at org.apache.ratis.server.impl.LeaderElection.lambda$submitRequests$1(LeaderElection.java:234)
	at java.util.concurrent.FutureTask.run(FutureTask.java:266)
	at java.util.concurrent.Executors$RunnableAdapter.call(Executors.java:511)
	at java.util.concurrent.FutureTask.run(FutureTask.java:266)
	at java.util.concurrent.ThreadPoolExecutor.runWorker(ThreadPoolExecutor.java:1149)
	at java.util.concurrent.ThreadPoolExecutor$Worker.run(ThreadPoolExecutor.java:624)
	... 1 more
Caused by: org.apache.ratis.thirdparty.io.netty.channel.AbstractChannel$AnnotatedConnectException: Connection refused: /192.168.5.166:38134
	at sun.nio.ch.SocketChannelImpl.checkConnect(Native Method)
	at sun.nio.ch.SocketChannelImpl.finishConnect(SocketChannelImpl.java:717)
	at org.apache.ratis.thirdparty.io.netty.channel.socket.nio.NioSocketChannel.doFinishConnect(NioSocketChannel.java:327)
	at org.apache.ratis.thirdparty.io.netty.channel.nio.AbstractNioChannel$AbstractNioUnsafe.finishConnect(AbstractNioChannel.java:340)
	at org.apache.ratis.thirdparty.io.netty.channel.nio.NioEventLoop.processSelectedKey(NioEventLoop.java:632)
	at org.apache.ratis.thirdparty.io.netty.channel.nio.NioEventLoop.processSelectedKeysOptimized(NioEventLoop.java:579)
	at org.apache.ratis.thirdparty.io.netty.channel.nio.NioEventLoop.processSelectedKeys(NioEventLoop.java:496)
	at org.apache.ratis.thirdparty.io.netty.channel.nio.NioEventLoop.run(NioEventLoop.java:458)
	at org.apache.ratis.thirdparty.io.netty.util.concurrent.SingleThreadEventExecutor$5.run(SingleThreadEventExecutor.java:897)
	at org.apache.ratis.thirdparty.io.netty.util.concurrent.FastThreadLocalRunnable.run(FastThreadLocalRunnable.java:30)
	... 1 more
Caused by: java.net.ConnectException: Connection refused
	... 11 more
2019-10-10 00:01:39,053 [912b0bdb-3095-44f3-93c0-19702928d0ba@group-D12770000C91-LeaderElection17] INFO  impl.LeaderElection (LogUtils.java:infoOrTrace(149)) - 912b0bdb-3095-44f3-93c0-19702928d0ba@group-D12770000C91-LeaderElection17 got exception when requesting votes: {}
java.util.concurrent.ExecutionException: org.apache.ratis.thirdparty.io.grpc.StatusRuntimeException: UNAVAILABLE: io exception
	at java.util.concurrent.FutureTask.report(FutureTask.java:122)
	at java.util.concurrent.FutureTask.get(FutureTask.java:192)
	at org.apache.ratis.server.impl.LeaderElection.waitForResults(LeaderElection.java:259)
	at org.apache.ratis.server.impl.LeaderElection.askForVotes(LeaderElection.java:197)
	at org.apache.ratis.server.impl.LeaderElection.run(LeaderElection.java:133)
	at java.lang.Thread.run(Thread.java:748)
Caused by: org.apache.ratis.thirdparty.io.grpc.StatusRuntimeException: UNAVAILABLE: io exception
	at org.apache.ratis.thirdparty.io.grpc.stub.ClientCalls.toStatusRuntimeException(ClientCalls.java:233)
	at org.apache.ratis.thirdparty.io.grpc.stub.ClientCalls.getUnchecked(ClientCalls.java:214)
	at org.apache.ratis.thirdparty.io.grpc.stub.ClientCalls.blockingUnaryCall(ClientCalls.java:139)
	at org.apache.ratis.proto.grpc.RaftServerProtocolServiceGrpc$RaftServerProtocolServiceBlockingStub.requestVote(RaftServerProtocolServiceGrpc.java:265)
	at org.apache.ratis.grpc.server.GrpcServerProtocolClient.requestVote(GrpcServerProtocolClient.java:99)
	at org.apache.ratis.grpc.server.GrpcService.requestVote(GrpcService.java:204)
	at org.apache.ratis.server.impl.LeaderElection.lambda$submitRequests$1(LeaderElection.java:234)
	at java.util.concurrent.FutureTask.run(FutureTask.java:266)
	at java.util.concurrent.Executors$RunnableAdapter.call(Executors.java:511)
	at java.util.concurrent.FutureTask.run(FutureTask.java:266)
	at java.util.concurrent.ThreadPoolExecutor.runWorker(ThreadPoolExecutor.java:1149)
	at java.util.concurrent.ThreadPoolExecutor$Worker.run(ThreadPoolExecutor.java:624)
	... 1 more
Caused by: org.apache.ratis.thirdparty.io.netty.channel.AbstractChannel$AnnotatedConnectException: Connection refused: /192.168.5.166:44353
	at sun.nio.ch.SocketChannelImpl.checkConnect(Native Method)
	at sun.nio.ch.SocketChannelImpl.finishConnect(SocketChannelImpl.java:717)
	at org.apache.ratis.thirdparty.io.netty.channel.socket.nio.NioSocketChannel.doFinishConnect(NioSocketChannel.java:327)
	at org.apache.ratis.thirdparty.io.netty.channel.nio.AbstractNioChannel$AbstractNioUnsafe.finishConnect(AbstractNioChannel.java:340)
	at org.apache.ratis.thirdparty.io.netty.channel.nio.NioEventLoop.processSelectedKey(NioEventLoop.java:632)
	at org.apache.ratis.thirdparty.io.netty.channel.nio.NioEventLoop.processSelectedKeysOptimized(NioEventLoop.java:579)
	at org.apache.ratis.thirdparty.io.netty.channel.nio.NioEventLoop.processSelectedKeys(NioEventLoop.java:496)
	at org.apache.ratis.thirdparty.io.netty.channel.nio.NioEventLoop.run(NioEventLoop.java:458)
	at org.apache.ratis.thirdparty.io.netty.util.concurrent.SingleThreadEventExecutor$5.run(SingleThreadEventExecutor.java:897)
	at org.apache.ratis.thirdparty.io.netty.util.concurrent.FastThreadLocalRunnable.run(FastThreadLocalRunnable.java:30)
	... 1 more
Caused by: java.net.ConnectException: Connection refused
	... 11 more
2019-10-10 00:01:39,055 [912b0bdb-3095-44f3-93c0-19702928d0ba@group-D12770000C91-LeaderElection17] INFO  impl.LeaderElection (LeaderElection.java:logAndReturn(56)) - 912b0bdb-3095-44f3-93c0-19702928d0ba@group-D12770000C91-LeaderElection17: Election REJECTED; received 0 response(s) [] and 2 exception(s); 912b0bdb-3095-44f3-93c0-19702928d0ba@group-D12770000C91:t9, leader=null, voted=912b0bdb-3095-44f3-93c0-19702928d0ba, raftlog=912b0bdb-3095-44f3-93c0-19702928d0ba@group-D12770000C91-SegmentedRaftLog:OPENED:c16,f16,i16, conf=0: [912b0bdb-3095-44f3-93c0-19702928d0ba:192.168.5.166:42393, 0679a6ad-56a1-41b2-83e1-15692bb468db:192.168.5.166:38134, 46504f71-6b77-44e9-a2e5-588075dae190:192.168.5.166:44353], old=null
2019-10-10 00:01:39,055 [912b0bdb-3095-44f3-93c0-19702928d0ba@group-D12770000C91-LeaderElection17] INFO  impl.LeaderElection (LogUtils.java:infoOrTrace(149)) -   Exception 0: {}
java.util.concurrent.ExecutionException: org.apache.ratis.thirdparty.io.grpc.StatusRuntimeException: UNAVAILABLE: io exception
	at java.util.concurrent.FutureTask.report(FutureTask.java:122)
	at java.util.concurrent.FutureTask.get(FutureTask.java:192)
	at org.apache.ratis.server.impl.LeaderElection.waitForResults(LeaderElection.java:259)
	at org.apache.ratis.server.impl.LeaderElection.askForVotes(LeaderElection.java:197)
	at org.apache.ratis.server.impl.LeaderElection.run(LeaderElection.java:133)
	at java.lang.Thread.run(Thread.java:748)
Caused by: org.apache.ratis.thirdparty.io.grpc.StatusRuntimeException: UNAVAILABLE: io exception
	at org.apache.ratis.thirdparty.io.grpc.stub.ClientCalls.toStatusRuntimeException(ClientCalls.java:233)
	at org.apache.ratis.thirdparty.io.grpc.stub.ClientCalls.getUnchecked(ClientCalls.java:214)
	at org.apache.ratis.thirdparty.io.grpc.stub.ClientCalls.blockingUnaryCall(ClientCalls.java:139)
	at org.apache.ratis.proto.grpc.RaftServerProtocolServiceGrpc$RaftServerProtocolServiceBlockingStub.requestVote(RaftServerProtocolServiceGrpc.java:265)
	at org.apache.ratis.grpc.server.GrpcServerProtocolClient.requestVote(GrpcServerProtocolClient.java:99)
	at org.apache.ratis.grpc.server.GrpcService.requestVote(GrpcService.java:204)
	at org.apache.ratis.server.impl.LeaderElection.lambda$submitRequests$1(LeaderElection.java:234)
	at java.util.concurrent.FutureTask.run(FutureTask.java:266)
	at java.util.concurrent.Executors$RunnableAdapter.call(Executors.java:511)
	at java.util.concurrent.FutureTask.run(FutureTask.java:266)
	at java.util.concurrent.ThreadPoolExecutor.runWorker(ThreadPoolExecutor.java:1149)
	at java.util.concurrent.ThreadPoolExecutor$Worker.run(ThreadPoolExecutor.java:624)
	... 1 more
Caused by: org.apache.ratis.thirdparty.io.netty.channel.AbstractChannel$AnnotatedConnectException: Connection refused: /192.168.5.166:38134
	at sun.nio.ch.SocketChannelImpl.checkConnect(Native Method)
	at sun.nio.ch.SocketChannelImpl.finishConnect(SocketChannelImpl.java:717)
	at org.apache.ratis.thirdparty.io.netty.channel.socket.nio.NioSocketChannel.doFinishConnect(NioSocketChannel.java:327)
	at org.apache.ratis.thirdparty.io.netty.channel.nio.AbstractNioChannel$AbstractNioUnsafe.finishConnect(AbstractNioChannel.java:340)
	at org.apache.ratis.thirdparty.io.netty.channel.nio.NioEventLoop.processSelectedKey(NioEventLoop.java:632)
	at org.apache.ratis.thirdparty.io.netty.channel.nio.NioEventLoop.processSelectedKeysOptimized(NioEventLoop.java:579)
	at org.apache.ratis.thirdparty.io.netty.channel.nio.NioEventLoop.processSelectedKeys(NioEventLoop.java:496)
	at org.apache.ratis.thirdparty.io.netty.channel.nio.NioEventLoop.run(NioEventLoop.java:458)
	at org.apache.ratis.thirdparty.io.netty.util.concurrent.SingleThreadEventExecutor$5.run(SingleThreadEventExecutor.java:897)
	at org.apache.ratis.thirdparty.io.netty.util.concurrent.FastThreadLocalRunnable.run(FastThreadLocalRunnable.java:30)
	... 1 more
Caused by: java.net.ConnectException: Connection refused
	... 11 more
2019-10-10 00:01:39,056 [912b0bdb-3095-44f3-93c0-19702928d0ba@group-D12770000C91-LeaderElection17] INFO  impl.LeaderElection (LogUtils.java:infoOrTrace(149)) -   Exception 1: {}
java.util.concurrent.ExecutionException: org.apache.ratis.thirdparty.io.grpc.StatusRuntimeException: UNAVAILABLE: io exception
	at java.util.concurrent.FutureTask.report(FutureTask.java:122)
	at java.util.concurrent.FutureTask.get(FutureTask.java:192)
	at org.apache.ratis.server.impl.LeaderElection.waitForResults(LeaderElection.java:259)
	at org.apache.ratis.server.impl.LeaderElection.askForVotes(LeaderElection.java:197)
	at org.apache.ratis.server.impl.LeaderElection.run(LeaderElection.java:133)
	at java.lang.Thread.run(Thread.java:748)
Caused by: org.apache.ratis.thirdparty.io.grpc.StatusRuntimeException: UNAVAILABLE: io exception
	at org.apache.ratis.thirdparty.io.grpc.stub.ClientCalls.toStatusRuntimeException(ClientCalls.java:233)
	at org.apache.ratis.thirdparty.io.grpc.stub.ClientCalls.getUnchecked(ClientCalls.java:214)
	at org.apache.ratis.thirdparty.io.grpc.stub.ClientCalls.blockingUnaryCall(ClientCalls.java:139)
	at org.apache.ratis.proto.grpc.RaftServerProtocolServiceGrpc$RaftServerProtocolServiceBlockingStub.requestVote(RaftServerProtocolServiceGrpc.java:265)
	at org.apache.ratis.grpc.server.GrpcServerProtocolClient.requestVote(GrpcServerProtocolClient.java:99)
	at org.apache.ratis.grpc.server.GrpcService.requestVote(GrpcService.java:204)
	at org.apache.ratis.server.impl.LeaderElection.lambda$submitRequests$1(LeaderElection.java:234)
	at java.util.concurrent.FutureTask.run(FutureTask.java:266)
	at java.util.concurrent.Executors$RunnableAdapter.call(Executors.java:511)
	at java.util.concurrent.FutureTask.run(FutureTask.java:266)
	at java.util.concurrent.ThreadPoolExecutor.runWorker(ThreadPoolExecutor.java:1149)
	at java.util.concurrent.ThreadPoolExecutor$Worker.run(ThreadPoolExecutor.java:624)
	... 1 more
Caused by: org.apache.ratis.thirdparty.io.netty.channel.AbstractChannel$AnnotatedConnectException: Connection refused: /192.168.5.166:44353
	at sun.nio.ch.SocketChannelImpl.checkConnect(Native Method)
	at sun.nio.ch.SocketChannelImpl.finishConnect(SocketChannelImpl.java:717)
	at org.apache.ratis.thirdparty.io.netty.channel.socket.nio.NioSocketChannel.doFinishConnect(NioSocketChannel.java:327)
	at org.apache.ratis.thirdparty.io.netty.channel.nio.AbstractNioChannel$AbstractNioUnsafe.finishConnect(AbstractNioChannel.java:340)
	at org.apache.ratis.thirdparty.io.netty.channel.nio.NioEventLoop.processSelectedKey(NioEventLoop.java:632)
	at org.apache.ratis.thirdparty.io.netty.channel.nio.NioEventLoop.processSelectedKeysOptimized(NioEventLoop.java:579)
	at org.apache.ratis.thirdparty.io.netty.channel.nio.NioEventLoop.processSelectedKeys(NioEventLoop.java:496)
	at org.apache.ratis.thirdparty.io.netty.channel.nio.NioEventLoop.run(NioEventLoop.java:458)
	at org.apache.ratis.thirdparty.io.netty.util.concurrent.SingleThreadEventExecutor$5.run(SingleThreadEventExecutor.java:897)
	at org.apache.ratis.thirdparty.io.netty.util.concurrent.FastThreadLocalRunnable.run(FastThreadLocalRunnable.java:30)
	... 1 more
Caused by: java.net.ConnectException: Connection refused
	... 11 more
2019-10-10 00:01:39,056 [912b0bdb-3095-44f3-93c0-19702928d0ba@group-D12770000C91-LeaderElection17] INFO  impl.RaftServerImpl (RaftServerImpl.java:setRole(170)) - 912b0bdb-3095-44f3-93c0-19702928d0ba@group-D12770000C91: changes role from CANDIDATE to FOLLOWER at term 9 for DISCOVERED_A_NEW_TERM
2019-10-10 00:01:39,056 [912b0bdb-3095-44f3-93c0-19702928d0ba@group-D12770000C91-LeaderElection17] INFO  impl.RoleInfo (RoleInfo.java:shutdownLeaderElection(134)) - 912b0bdb-3095-44f3-93c0-19702928d0ba: shutdown LeaderElection
2019-10-10 00:01:39,056 [912b0bdb-3095-44f3-93c0-19702928d0ba@group-D12770000C91-LeaderElection17] INFO  impl.RoleInfo (RoleInfo.java:updateAndGet(143)) - 912b0bdb-3095-44f3-93c0-19702928d0ba: start FollowerState
2019-10-10 00:01:44,174 [Thread-578] INFO  impl.FollowerState (FollowerState.java:run(108)) - 912b0bdb-3095-44f3-93c0-19702928d0ba@group-D12770000C91-FollowerState: change to CANDIDATE, lastRpcTime:5117ms, electionTimeout:5117ms
2019-10-10 00:01:44,176 [Thread-578] INFO  impl.RoleInfo (RoleInfo.java:shutdownFollowerState(121)) - 912b0bdb-3095-44f3-93c0-19702928d0ba: shutdown FollowerState
2019-10-10 00:01:44,176 [Thread-578] INFO  impl.RaftServerImpl (RaftServerImpl.java:setRole(170)) - 912b0bdb-3095-44f3-93c0-19702928d0ba@group-D12770000C91: changes role from  FOLLOWER to CANDIDATE at term 9 for changeToCandidate
2019-10-10 00:01:44,176 [Thread-578] INFO  impl.RoleInfo (RoleInfo.java:updateAndGet(143)) - 912b0bdb-3095-44f3-93c0-19702928d0ba: start LeaderElection
2019-10-10 00:01:44,203 [912b0bdb-3095-44f3-93c0-19702928d0ba@group-D12770000C91-LeaderElection18] INFO  impl.LeaderElection (LeaderElection.java:askForVotes(178)) - 912b0bdb-3095-44f3-93c0-19702928d0ba@group-D12770000C91-LeaderElection18: begin an election at term 10 for 0: [912b0bdb-3095-44f3-93c0-19702928d0ba:192.168.5.166:42393, 0679a6ad-56a1-41b2-83e1-15692bb468db:192.168.5.166:38134, 46504f71-6b77-44e9-a2e5-588075dae190:192.168.5.166:44353], old=null
2019-10-10 00:01:44,205 [912b0bdb-3095-44f3-93c0-19702928d0ba@group-D12770000C91-LeaderElection18] INFO  impl.LeaderElection (LogUtils.java:infoOrTrace(149)) - 912b0bdb-3095-44f3-93c0-19702928d0ba@group-D12770000C91-LeaderElection18 got exception when requesting votes: {}
java.util.concurrent.ExecutionException: org.apache.ratis.thirdparty.io.grpc.StatusRuntimeException: UNAVAILABLE: io exception
	at java.util.concurrent.FutureTask.report(FutureTask.java:122)
	at java.util.concurrent.FutureTask.get(FutureTask.java:192)
	at org.apache.ratis.server.impl.LeaderElection.waitForResults(LeaderElection.java:259)
	at org.apache.ratis.server.impl.LeaderElection.askForVotes(LeaderElection.java:197)
	at org.apache.ratis.server.impl.LeaderElection.run(LeaderElection.java:133)
	at java.lang.Thread.run(Thread.java:748)
Caused by: org.apache.ratis.thirdparty.io.grpc.StatusRuntimeException: UNAVAILABLE: io exception
	at org.apache.ratis.thirdparty.io.grpc.stub.ClientCalls.toStatusRuntimeException(ClientCalls.java:233)
	at org.apache.ratis.thirdparty.io.grpc.stub.ClientCalls.getUnchecked(ClientCalls.java:214)
	at org.apache.ratis.thirdparty.io.grpc.stub.ClientCalls.blockingUnaryCall(ClientCalls.java:139)
	at org.apache.ratis.proto.grpc.RaftServerProtocolServiceGrpc$RaftServerProtocolServiceBlockingStub.requestVote(RaftServerProtocolServiceGrpc.java:265)
	at org.apache.ratis.grpc.server.GrpcServerProtocolClient.requestVote(GrpcServerProtocolClient.java:99)
	at org.apache.ratis.grpc.server.GrpcService.requestVote(GrpcService.java:204)
	at org.apache.ratis.server.impl.LeaderElection.lambda$submitRequests$1(LeaderElection.java:234)
	at java.util.concurrent.FutureTask.run(FutureTask.java:266)
	at java.util.concurrent.Executors$RunnableAdapter.call(Executors.java:511)
	at java.util.concurrent.FutureTask.run(FutureTask.java:266)
	at java.util.concurrent.ThreadPoolExecutor.runWorker(ThreadPoolExecutor.java:1149)
	at java.util.concurrent.ThreadPoolExecutor$Worker.run(ThreadPoolExecutor.java:624)
	... 1 more
Caused by: org.apache.ratis.thirdparty.io.netty.channel.AbstractChannel$AnnotatedConnectException: Connection refused: /192.168.5.166:44353
	at sun.nio.ch.SocketChannelImpl.checkConnect(Native Method)
	at sun.nio.ch.SocketChannelImpl.finishConnect(SocketChannelImpl.java:717)
	at org.apache.ratis.thirdparty.io.netty.channel.socket.nio.NioSocketChannel.doFinishConnect(NioSocketChannel.java:327)
	at org.apache.ratis.thirdparty.io.netty.channel.nio.AbstractNioChannel$AbstractNioUnsafe.finishConnect(AbstractNioChannel.java:340)
	at org.apache.ratis.thirdparty.io.netty.channel.nio.NioEventLoop.processSelectedKey(NioEventLoop.java:632)
	at org.apache.ratis.thirdparty.io.netty.channel.nio.NioEventLoop.processSelectedKeysOptimized(NioEventLoop.java:579)
	at org.apache.ratis.thirdparty.io.netty.channel.nio.NioEventLoop.processSelectedKeys(NioEventLoop.java:496)
	at org.apache.ratis.thirdparty.io.netty.channel.nio.NioEventLoop.run(NioEventLoop.java:458)
	at org.apache.ratis.thirdparty.io.netty.util.concurrent.SingleThreadEventExecutor$5.run(SingleThreadEventExecutor.java:897)
	at org.apache.ratis.thirdparty.io.netty.util.concurrent.FastThreadLocalRunnable.run(FastThreadLocalRunnable.java:30)
	... 1 more
Caused by: java.net.ConnectException: Connection refused
	... 11 more
2019-10-10 00:01:44,207 [912b0bdb-3095-44f3-93c0-19702928d0ba@group-D12770000C91-LeaderElection18] INFO  impl.LeaderElection (LogUtils.java:infoOrTrace(149)) - 912b0bdb-3095-44f3-93c0-19702928d0ba@group-D12770000C91-LeaderElection18 got exception when requesting votes: {}
java.util.concurrent.ExecutionException: org.apache.ratis.thirdparty.io.grpc.StatusRuntimeException: UNAVAILABLE: io exception
	at java.util.concurrent.FutureTask.report(FutureTask.java:122)
	at java.util.concurrent.FutureTask.get(FutureTask.java:192)
	at org.apache.ratis.server.impl.LeaderElection.waitForResults(LeaderElection.java:259)
	at org.apache.ratis.server.impl.LeaderElection.askForVotes(LeaderElection.java:197)
	at org.apache.ratis.server.impl.LeaderElection.run(LeaderElection.java:133)
	at java.lang.Thread.run(Thread.java:748)
Caused by: org.apache.ratis.thirdparty.io.grpc.StatusRuntimeException: UNAVAILABLE: io exception
	at org.apache.ratis.thirdparty.io.grpc.stub.ClientCalls.toStatusRuntimeException(ClientCalls.java:233)
	at org.apache.ratis.thirdparty.io.grpc.stub.ClientCalls.getUnchecked(ClientCalls.java:214)
	at org.apache.ratis.thirdparty.io.grpc.stub.ClientCalls.blockingUnaryCall(ClientCalls.java:139)
	at org.apache.ratis.proto.grpc.RaftServerProtocolServiceGrpc$RaftServerProtocolServiceBlockingStub.requestVote(RaftServerProtocolServiceGrpc.java:265)
	at org.apache.ratis.grpc.server.GrpcServerProtocolClient.requestVote(GrpcServerProtocolClient.java:99)
	at org.apache.ratis.grpc.server.GrpcService.requestVote(GrpcService.java:204)
	at org.apache.ratis.server.impl.LeaderElection.lambda$submitRequests$1(LeaderElection.java:234)
	at java.util.concurrent.FutureTask.run(FutureTask.java:266)
	at java.util.concurrent.Executors$RunnableAdapter.call(Executors.java:511)
	at java.util.concurrent.FutureTask.run(FutureTask.java:266)
	at java.util.concurrent.ThreadPoolExecutor.runWorker(ThreadPoolExecutor.java:1149)
	at java.util.concurrent.ThreadPoolExecutor$Worker.run(ThreadPoolExecutor.java:624)
	... 1 more
Caused by: org.apache.ratis.thirdparty.io.netty.channel.AbstractChannel$AnnotatedConnectException: Connection refused: /192.168.5.166:38134
	at sun.nio.ch.SocketChannelImpl.checkConnect(Native Method)
	at sun.nio.ch.SocketChannelImpl.finishConnect(SocketChannelImpl.java:717)
	at org.apache.ratis.thirdparty.io.netty.channel.socket.nio.NioSocketChannel.doFinishConnect(NioSocketChannel.java:327)
	at org.apache.ratis.thirdparty.io.netty.channel.nio.AbstractNioChannel$AbstractNioUnsafe.finishConnect(AbstractNioChannel.java:340)
	at org.apache.ratis.thirdparty.io.netty.channel.nio.NioEventLoop.processSelectedKey(NioEventLoop.java:632)
	at org.apache.ratis.thirdparty.io.netty.channel.nio.NioEventLoop.processSelectedKeysOptimized(NioEventLoop.java:579)
	at org.apache.ratis.thirdparty.io.netty.channel.nio.NioEventLoop.processSelectedKeys(NioEventLoop.java:496)
	at org.apache.ratis.thirdparty.io.netty.channel.nio.NioEventLoop.run(NioEventLoop.java:458)
	at org.apache.ratis.thirdparty.io.netty.util.concurrent.SingleThreadEventExecutor$5.run(SingleThreadEventExecutor.java:897)
	at org.apache.ratis.thirdparty.io.netty.util.concurrent.FastThreadLocalRunnable.run(FastThreadLocalRunnable.java:30)
	... 1 more
Caused by: java.net.ConnectException: Connection refused
	... 11 more
2019-10-10 00:01:44,209 [912b0bdb-3095-44f3-93c0-19702928d0ba@group-D12770000C91-LeaderElection18] INFO  impl.LeaderElection (LeaderElection.java:logAndReturn(56)) - 912b0bdb-3095-44f3-93c0-19702928d0ba@group-D12770000C91-LeaderElection18: Election REJECTED; received 0 response(s) [] and 2 exception(s); 912b0bdb-3095-44f3-93c0-19702928d0ba@group-D12770000C91:t10, leader=null, voted=912b0bdb-3095-44f3-93c0-19702928d0ba, raftlog=912b0bdb-3095-44f3-93c0-19702928d0ba@group-D12770000C91-SegmentedRaftLog:OPENED:c16,f16,i16, conf=0: [912b0bdb-3095-44f3-93c0-19702928d0ba:192.168.5.166:42393, 0679a6ad-56a1-41b2-83e1-15692bb468db:192.168.5.166:38134, 46504f71-6b77-44e9-a2e5-588075dae190:192.168.5.166:44353], old=null
2019-10-10 00:01:44,209 [912b0bdb-3095-44f3-93c0-19702928d0ba@group-D12770000C91-LeaderElection18] INFO  impl.LeaderElection (LogUtils.java:infoOrTrace(149)) -   Exception 0: {}
java.util.concurrent.ExecutionException: org.apache.ratis.thirdparty.io.grpc.StatusRuntimeException: UNAVAILABLE: io exception
	at java.util.concurrent.FutureTask.report(FutureTask.java:122)
	at java.util.concurrent.FutureTask.get(FutureTask.java:192)
	at org.apache.ratis.server.impl.LeaderElection.waitForResults(LeaderElection.java:259)
	at org.apache.ratis.server.impl.LeaderElection.askForVotes(LeaderElection.java:197)
	at org.apache.ratis.server.impl.LeaderElection.run(LeaderElection.java:133)
	at java.lang.Thread.run(Thread.java:748)
Caused by: org.apache.ratis.thirdparty.io.grpc.StatusRuntimeException: UNAVAILABLE: io exception
	at org.apache.ratis.thirdparty.io.grpc.stub.ClientCalls.toStatusRuntimeException(ClientCalls.java:233)
	at org.apache.ratis.thirdparty.io.grpc.stub.ClientCalls.getUnchecked(ClientCalls.java:214)
	at org.apache.ratis.thirdparty.io.grpc.stub.ClientCalls.blockingUnaryCall(ClientCalls.java:139)
	at org.apache.ratis.proto.grpc.RaftServerProtocolServiceGrpc$RaftServerProtocolServiceBlockingStub.requestVote(RaftServerProtocolServiceGrpc.java:265)
	at org.apache.ratis.grpc.server.GrpcServerProtocolClient.requestVote(GrpcServerProtocolClient.java:99)
	at org.apache.ratis.grpc.server.GrpcService.requestVote(GrpcService.java:204)
	at org.apache.ratis.server.impl.LeaderElection.lambda$submitRequests$1(LeaderElection.java:234)
	at java.util.concurrent.FutureTask.run(FutureTask.java:266)
	at java.util.concurrent.Executors$RunnableAdapter.call(Executors.java:511)
	at java.util.concurrent.FutureTask.run(FutureTask.java:266)
	at java.util.concurrent.ThreadPoolExecutor.runWorker(ThreadPoolExecutor.java:1149)
	at java.util.concurrent.ThreadPoolExecutor$Worker.run(ThreadPoolExecutor.java:624)
	... 1 more
Caused by: org.apache.ratis.thirdparty.io.netty.channel.AbstractChannel$AnnotatedConnectException: Connection refused: /192.168.5.166:44353
	at sun.nio.ch.SocketChannelImpl.checkConnect(Native Method)
	at sun.nio.ch.SocketChannelImpl.finishConnect(SocketChannelImpl.java:717)
	at org.apache.ratis.thirdparty.io.netty.channel.socket.nio.NioSocketChannel.doFinishConnect(NioSocketChannel.java:327)
	at org.apache.ratis.thirdparty.io.netty.channel.nio.AbstractNioChannel$AbstractNioUnsafe.finishConnect(AbstractNioChannel.java:340)
	at org.apache.ratis.thirdparty.io.netty.channel.nio.NioEventLoop.processSelectedKey(NioEventLoop.java:632)
	at org.apache.ratis.thirdparty.io.netty.channel.nio.NioEventLoop.processSelectedKeysOptimized(NioEventLoop.java:579)
	at org.apache.ratis.thirdparty.io.netty.channel.nio.NioEventLoop.processSelectedKeys(NioEventLoop.java:496)
	at org.apache.ratis.thirdparty.io.netty.channel.nio.NioEventLoop.run(NioEventLoop.java:458)
	at org.apache.ratis.thirdparty.io.netty.util.concurrent.SingleThreadEventExecutor$5.run(SingleThreadEventExecutor.java:897)
	at org.apache.ratis.thirdparty.io.netty.util.concurrent.FastThreadLocalRunnable.run(FastThreadLocalRunnable.java:30)
	... 1 more
Caused by: java.net.ConnectException: Connection refused
	... 11 more
2019-10-10 00:01:44,209 [912b0bdb-3095-44f3-93c0-19702928d0ba@group-D12770000C91-LeaderElection18] INFO  impl.LeaderElection (LogUtils.java:infoOrTrace(149)) -   Exception 1: {}
java.util.concurrent.ExecutionException: org.apache.ratis.thirdparty.io.grpc.StatusRuntimeException: UNAVAILABLE: io exception
	at java.util.concurrent.FutureTask.report(FutureTask.java:122)
	at java.util.concurrent.FutureTask.get(FutureTask.java:192)
	at org.apache.ratis.server.impl.LeaderElection.waitForResults(LeaderElection.java:259)
	at org.apache.ratis.server.impl.LeaderElection.askForVotes(LeaderElection.java:197)
	at org.apache.ratis.server.impl.LeaderElection.run(LeaderElection.java:133)
	at java.lang.Thread.run(Thread.java:748)
Caused by: org.apache.ratis.thirdparty.io.grpc.StatusRuntimeException: UNAVAILABLE: io exception
	at org.apache.ratis.thirdparty.io.grpc.stub.ClientCalls.toStatusRuntimeException(ClientCalls.java:233)
	at org.apache.ratis.thirdparty.io.grpc.stub.ClientCalls.getUnchecked(ClientCalls.java:214)
	at org.apache.ratis.thirdparty.io.grpc.stub.ClientCalls.blockingUnaryCall(ClientCalls.java:139)
	at org.apache.ratis.proto.grpc.RaftServerProtocolServiceGrpc$RaftServerProtocolServiceBlockingStub.requestVote(RaftServerProtocolServiceGrpc.java:265)
	at org.apache.ratis.grpc.server.GrpcServerProtocolClient.requestVote(GrpcServerProtocolClient.java:99)
	at org.apache.ratis.grpc.server.GrpcService.requestVote(GrpcService.java:204)
	at org.apache.ratis.server.impl.LeaderElection.lambda$submitRequests$1(LeaderElection.java:234)
	at java.util.concurrent.FutureTask.run(FutureTask.java:266)
	at java.util.concurrent.Executors$RunnableAdapter.call(Executors.java:511)
	at java.util.concurrent.FutureTask.run(FutureTask.java:266)
	at java.util.concurrent.ThreadPoolExecutor.runWorker(ThreadPoolExecutor.java:1149)
	at java.util.concurrent.ThreadPoolExecutor$Worker.run(ThreadPoolExecutor.java:624)
	... 1 more
Caused by: org.apache.ratis.thirdparty.io.netty.channel.AbstractChannel$AnnotatedConnectException: Connection refused: /192.168.5.166:38134
	at sun.nio.ch.SocketChannelImpl.checkConnect(Native Method)
	at sun.nio.ch.SocketChannelImpl.finishConnect(SocketChannelImpl.java:717)
	at org.apache.ratis.thirdparty.io.netty.channel.socket.nio.NioSocketChannel.doFinishConnect(NioSocketChannel.java:327)
	at org.apache.ratis.thirdparty.io.netty.channel.nio.AbstractNioChannel$AbstractNioUnsafe.finishConnect(AbstractNioChannel.java:340)
	at org.apache.ratis.thirdparty.io.netty.channel.nio.NioEventLoop.processSelectedKey(NioEventLoop.java:632)
	at org.apache.ratis.thirdparty.io.netty.channel.nio.NioEventLoop.processSelectedKeysOptimized(NioEventLoop.java:579)
	at org.apache.ratis.thirdparty.io.netty.channel.nio.NioEventLoop.processSelectedKeys(NioEventLoop.java:496)
	at org.apache.ratis.thirdparty.io.netty.channel.nio.NioEventLoop.run(NioEventLoop.java:458)
	at org.apache.ratis.thirdparty.io.netty.util.concurrent.SingleThreadEventExecutor$5.run(SingleThreadEventExecutor.java:897)
	at org.apache.ratis.thirdparty.io.netty.util.concurrent.FastThreadLocalRunnable.run(FastThreadLocalRunnable.java:30)
	... 1 more
Caused by: java.net.ConnectException: Connection refused
	... 11 more
2019-10-10 00:01:44,209 [912b0bdb-3095-44f3-93c0-19702928d0ba@group-D12770000C91-LeaderElection18] INFO  impl.RaftServerImpl (RaftServerImpl.java:setRole(170)) - 912b0bdb-3095-44f3-93c0-19702928d0ba@group-D12770000C91: changes role from CANDIDATE to FOLLOWER at term 10 for DISCOVERED_A_NEW_TERM
2019-10-10 00:01:44,210 [912b0bdb-3095-44f3-93c0-19702928d0ba@group-D12770000C91-LeaderElection18] INFO  impl.RoleInfo (RoleInfo.java:shutdownLeaderElection(134)) - 912b0bdb-3095-44f3-93c0-19702928d0ba: shutdown LeaderElection
2019-10-10 00:01:44,210 [912b0bdb-3095-44f3-93c0-19702928d0ba@group-D12770000C91-LeaderElection18] INFO  impl.RoleInfo (RoleInfo.java:updateAndGet(143)) - 912b0bdb-3095-44f3-93c0-19702928d0ba: start FollowerState
2019-10-10 00:01:49,359 [Thread-593] INFO  impl.FollowerState (FollowerState.java:run(108)) - 912b0bdb-3095-44f3-93c0-19702928d0ba@group-D12770000C91-FollowerState: change to CANDIDATE, lastRpcTime:5149ms, electionTimeout:5149ms
2019-10-10 00:01:49,363 [Thread-593] INFO  impl.RoleInfo (RoleInfo.java:shutdownFollowerState(121)) - 912b0bdb-3095-44f3-93c0-19702928d0ba: shutdown FollowerState
2019-10-10 00:01:49,363 [Thread-593] INFO  impl.RaftServerImpl (RaftServerImpl.java:setRole(170)) - 912b0bdb-3095-44f3-93c0-19702928d0ba@group-D12770000C91: changes role from  FOLLOWER to CANDIDATE at term 10 for changeToCandidate
2019-10-10 00:01:49,363 [Thread-593] INFO  impl.RoleInfo (RoleInfo.java:updateAndGet(143)) - 912b0bdb-3095-44f3-93c0-19702928d0ba: start LeaderElection
2019-10-10 00:01:49,391 [912b0bdb-3095-44f3-93c0-19702928d0ba@group-D12770000C91-LeaderElection19] INFO  impl.LeaderElection (LeaderElection.java:askForVotes(178)) - 912b0bdb-3095-44f3-93c0-19702928d0ba@group-D12770000C91-LeaderElection19: begin an election at term 11 for 0: [912b0bdb-3095-44f3-93c0-19702928d0ba:192.168.5.166:42393, 0679a6ad-56a1-41b2-83e1-15692bb468db:192.168.5.166:38134, 46504f71-6b77-44e9-a2e5-588075dae190:192.168.5.166:44353], old=null
2019-10-10 00:01:49,392 [912b0bdb-3095-44f3-93c0-19702928d0ba@group-D12770000C91-LeaderElection19] INFO  impl.LeaderElection (LogUtils.java:infoOrTrace(149)) - 912b0bdb-3095-44f3-93c0-19702928d0ba@group-D12770000C91-LeaderElection19 got exception when requesting votes: {}
java.util.concurrent.ExecutionException: org.apache.ratis.thirdparty.io.grpc.StatusRuntimeException: UNAVAILABLE: io exception
	at java.util.concurrent.FutureTask.report(FutureTask.java:122)
	at java.util.concurrent.FutureTask.get(FutureTask.java:192)
	at org.apache.ratis.server.impl.LeaderElection.waitForResults(LeaderElection.java:259)
	at org.apache.ratis.server.impl.LeaderElection.askForVotes(LeaderElection.java:197)
	at org.apache.ratis.server.impl.LeaderElection.run(LeaderElection.java:133)
	at java.lang.Thread.run(Thread.java:748)
Caused by: org.apache.ratis.thirdparty.io.grpc.StatusRuntimeException: UNAVAILABLE: io exception
	at org.apache.ratis.thirdparty.io.grpc.stub.ClientCalls.toStatusRuntimeException(ClientCalls.java:233)
	at org.apache.ratis.thirdparty.io.grpc.stub.ClientCalls.getUnchecked(ClientCalls.java:214)
	at org.apache.ratis.thirdparty.io.grpc.stub.ClientCalls.blockingUnaryCall(ClientCalls.java:139)
	at org.apache.ratis.proto.grpc.RaftServerProtocolServiceGrpc$RaftServerProtocolServiceBlockingStub.requestVote(RaftServerProtocolServiceGrpc.java:265)
	at org.apache.ratis.grpc.server.GrpcServerProtocolClient.requestVote(GrpcServerProtocolClient.java:99)
	at org.apache.ratis.grpc.server.GrpcService.requestVote(GrpcService.java:204)
	at org.apache.ratis.server.impl.LeaderElection.lambda$submitRequests$1(LeaderElection.java:234)
	at java.util.concurrent.FutureTask.run(FutureTask.java:266)
	at java.util.concurrent.Executors$RunnableAdapter.call(Executors.java:511)
	at java.util.concurrent.FutureTask.run(FutureTask.java:266)
	at java.util.concurrent.ThreadPoolExecutor.runWorker(ThreadPoolExecutor.java:1149)
	at java.util.concurrent.ThreadPoolExecutor$Worker.run(ThreadPoolExecutor.java:624)
	... 1 more
Caused by: org.apache.ratis.thirdparty.io.netty.channel.AbstractChannel$AnnotatedConnectException: Connection refused: /192.168.5.166:44353
	at sun.nio.ch.SocketChannelImpl.checkConnect(Native Method)
	at sun.nio.ch.SocketChannelImpl.finishConnect(SocketChannelImpl.java:717)
	at org.apache.ratis.thirdparty.io.netty.channel.socket.nio.NioSocketChannel.doFinishConnect(NioSocketChannel.java:327)
	at org.apache.ratis.thirdparty.io.netty.channel.nio.AbstractNioChannel$AbstractNioUnsafe.finishConnect(AbstractNioChannel.java:340)
	at org.apache.ratis.thirdparty.io.netty.channel.nio.NioEventLoop.processSelectedKey(NioEventLoop.java:632)
	at org.apache.ratis.thirdparty.io.netty.channel.nio.NioEventLoop.processSelectedKeysOptimized(NioEventLoop.java:579)
	at org.apache.ratis.thirdparty.io.netty.channel.nio.NioEventLoop.processSelectedKeys(NioEventLoop.java:496)
	at org.apache.ratis.thirdparty.io.netty.channel.nio.NioEventLoop.run(NioEventLoop.java:458)
	at org.apache.ratis.thirdparty.io.netty.util.concurrent.SingleThreadEventExecutor$5.run(SingleThreadEventExecutor.java:897)
	at org.apache.ratis.thirdparty.io.netty.util.concurrent.FastThreadLocalRunnable.run(FastThreadLocalRunnable.java:30)
	... 1 more
Caused by: java.net.ConnectException: Connection refused
	... 11 more
2019-10-10 00:01:49,398 [912b0bdb-3095-44f3-93c0-19702928d0ba@group-D12770000C91-LeaderElection19] INFO  impl.LeaderElection (LogUtils.java:infoOrTrace(149)) - 912b0bdb-3095-44f3-93c0-19702928d0ba@group-D12770000C91-LeaderElection19 got exception when requesting votes: {}
java.util.concurrent.ExecutionException: org.apache.ratis.thirdparty.io.grpc.StatusRuntimeException: UNAVAILABLE: io exception
	at java.util.concurrent.FutureTask.report(FutureTask.java:122)
	at java.util.concurrent.FutureTask.get(FutureTask.java:192)
	at org.apache.ratis.server.impl.LeaderElection.waitForResults(LeaderElection.java:259)
	at org.apache.ratis.server.impl.LeaderElection.askForVotes(LeaderElection.java:197)
	at org.apache.ratis.server.impl.LeaderElection.run(LeaderElection.java:133)
	at java.lang.Thread.run(Thread.java:748)
Caused by: org.apache.ratis.thirdparty.io.grpc.StatusRuntimeException: UNAVAILABLE: io exception
	at org.apache.ratis.thirdparty.io.grpc.stub.ClientCalls.toStatusRuntimeException(ClientCalls.java:233)
	at org.apache.ratis.thirdparty.io.grpc.stub.ClientCalls.getUnchecked(ClientCalls.java:214)
	at org.apache.ratis.thirdparty.io.grpc.stub.ClientCalls.blockingUnaryCall(ClientCalls.java:139)
	at org.apache.ratis.proto.grpc.RaftServerProtocolServiceGrpc$RaftServerProtocolServiceBlockingStub.requestVote(RaftServerProtocolServiceGrpc.java:265)
	at org.apache.ratis.grpc.server.GrpcServerProtocolClient.requestVote(GrpcServerProtocolClient.java:99)
	at org.apache.ratis.grpc.server.GrpcService.requestVote(GrpcService.java:204)
	at org.apache.ratis.server.impl.LeaderElection.lambda$submitRequests$1(LeaderElection.java:234)
	at java.util.concurrent.FutureTask.run(FutureTask.java:266)
	at java.util.concurrent.Executors$RunnableAdapter.call(Executors.java:511)
	at java.util.concurrent.FutureTask.run(FutureTask.java:266)
	at java.util.concurrent.ThreadPoolExecutor.runWorker(ThreadPoolExecutor.java:1149)
	at java.util.concurrent.ThreadPoolExecutor$Worker.run(ThreadPoolExecutor.java:624)
	... 1 more
Caused by: org.apache.ratis.thirdparty.io.netty.channel.AbstractChannel$AnnotatedConnectException: Connection refused: /192.168.5.166:38134
	at sun.nio.ch.SocketChannelImpl.checkConnect(Native Method)
	at sun.nio.ch.SocketChannelImpl.finishConnect(SocketChannelImpl.java:717)
	at org.apache.ratis.thirdparty.io.netty.channel.socket.nio.NioSocketChannel.doFinishConnect(NioSocketChannel.java:327)
	at org.apache.ratis.thirdparty.io.netty.channel.nio.AbstractNioChannel$AbstractNioUnsafe.finishConnect(AbstractNioChannel.java:340)
	at org.apache.ratis.thirdparty.io.netty.channel.nio.NioEventLoop.processSelectedKey(NioEventLoop.java:632)
	at org.apache.ratis.thirdparty.io.netty.channel.nio.NioEventLoop.processSelectedKeysOptimized(NioEventLoop.java:579)
	at org.apache.ratis.thirdparty.io.netty.channel.nio.NioEventLoop.processSelectedKeys(NioEventLoop.java:496)
	at org.apache.ratis.thirdparty.io.netty.channel.nio.NioEventLoop.run(NioEventLoop.java:458)
	at org.apache.ratis.thirdparty.io.netty.util.concurrent.SingleThreadEventExecutor$5.run(SingleThreadEventExecutor.java:897)
	at org.apache.ratis.thirdparty.io.netty.util.concurrent.FastThreadLocalRunnable.run(FastThreadLocalRunnable.java:30)
	... 1 more
Caused by: java.net.ConnectException: Connection refused
	... 11 more
2019-10-10 00:01:49,403 [912b0bdb-3095-44f3-93c0-19702928d0ba@group-D12770000C91-LeaderElection19] INFO  impl.LeaderElection (LeaderElection.java:logAndReturn(56)) - 912b0bdb-3095-44f3-93c0-19702928d0ba@group-D12770000C91-LeaderElection19: Election REJECTED; received 0 response(s) [] and 2 exception(s); 912b0bdb-3095-44f3-93c0-19702928d0ba@group-D12770000C91:t11, leader=null, voted=912b0bdb-3095-44f3-93c0-19702928d0ba, raftlog=912b0bdb-3095-44f3-93c0-19702928d0ba@group-D12770000C91-SegmentedRaftLog:OPENED:c16,f16,i16, conf=0: [912b0bdb-3095-44f3-93c0-19702928d0ba:192.168.5.166:42393, 0679a6ad-56a1-41b2-83e1-15692bb468db:192.168.5.166:38134, 46504f71-6b77-44e9-a2e5-588075dae190:192.168.5.166:44353], old=null
2019-10-10 00:01:49,403 [912b0bdb-3095-44f3-93c0-19702928d0ba@group-D12770000C91-LeaderElection19] INFO  impl.LeaderElection (LogUtils.java:infoOrTrace(149)) -   Exception 0: {}
java.util.concurrent.ExecutionException: org.apache.ratis.thirdparty.io.grpc.StatusRuntimeException: UNAVAILABLE: io exception
	at java.util.concurrent.FutureTask.report(FutureTask.java:122)
	at java.util.concurrent.FutureTask.get(FutureTask.java:192)
	at org.apache.ratis.server.impl.LeaderElection.waitForResults(LeaderElection.java:259)
	at org.apache.ratis.server.impl.LeaderElection.askForVotes(LeaderElection.java:197)
	at org.apache.ratis.server.impl.LeaderElection.run(LeaderElection.java:133)
	at java.lang.Thread.run(Thread.java:748)
Caused by: org.apache.ratis.thirdparty.io.grpc.StatusRuntimeException: UNAVAILABLE: io exception
	at org.apache.ratis.thirdparty.io.grpc.stub.ClientCalls.toStatusRuntimeException(ClientCalls.java:233)
	at org.apache.ratis.thirdparty.io.grpc.stub.ClientCalls.getUnchecked(ClientCalls.java:214)
	at org.apache.ratis.thirdparty.io.grpc.stub.ClientCalls.blockingUnaryCall(ClientCalls.java:139)
	at org.apache.ratis.proto.grpc.RaftServerProtocolServiceGrpc$RaftServerProtocolServiceBlockingStub.requestVote(RaftServerProtocolServiceGrpc.java:265)
	at org.apache.ratis.grpc.server.GrpcServerProtocolClient.requestVote(GrpcServerProtocolClient.java:99)
	at org.apache.ratis.grpc.server.GrpcService.requestVote(GrpcService.java:204)
	at org.apache.ratis.server.impl.LeaderElection.lambda$submitRequests$1(LeaderElection.java:234)
	at java.util.concurrent.FutureTask.run(FutureTask.java:266)
	at java.util.concurrent.Executors$RunnableAdapter.call(Executors.java:511)
	at java.util.concurrent.FutureTask.run(FutureTask.java:266)
	at java.util.concurrent.ThreadPoolExecutor.runWorker(ThreadPoolExecutor.java:1149)
	at java.util.concurrent.ThreadPoolExecutor$Worker.run(ThreadPoolExecutor.java:624)
	... 1 more
Caused by: org.apache.ratis.thirdparty.io.netty.channel.AbstractChannel$AnnotatedConnectException: Connection refused: /192.168.5.166:44353
	at sun.nio.ch.SocketChannelImpl.checkConnect(Native Method)
	at sun.nio.ch.SocketChannelImpl.finishConnect(SocketChannelImpl.java:717)
	at org.apache.ratis.thirdparty.io.netty.channel.socket.nio.NioSocketChannel.doFinishConnect(NioSocketChannel.java:327)
	at org.apache.ratis.thirdparty.io.netty.channel.nio.AbstractNioChannel$AbstractNioUnsafe.finishConnect(AbstractNioChannel.java:340)
	at org.apache.ratis.thirdparty.io.netty.channel.nio.NioEventLoop.processSelectedKey(NioEventLoop.java:632)
	at org.apache.ratis.thirdparty.io.netty.channel.nio.NioEventLoop.processSelectedKeysOptimized(NioEventLoop.java:579)
	at org.apache.ratis.thirdparty.io.netty.channel.nio.NioEventLoop.processSelectedKeys(NioEventLoop.java:496)
	at org.apache.ratis.thirdparty.io.netty.channel.nio.NioEventLoop.run(NioEventLoop.java:458)
	at org.apache.ratis.thirdparty.io.netty.util.concurrent.SingleThreadEventExecutor$5.run(SingleThreadEventExecutor.java:897)
	at org.apache.ratis.thirdparty.io.netty.util.concurrent.FastThreadLocalRunnable.run(FastThreadLocalRunnable.java:30)
	... 1 more
Caused by: java.net.ConnectException: Connection refused
	... 11 more
2019-10-10 00:01:49,404 [912b0bdb-3095-44f3-93c0-19702928d0ba@group-D12770000C91-LeaderElection19] INFO  impl.LeaderElection (LogUtils.java:infoOrTrace(149)) -   Exception 1: {}
java.util.concurrent.ExecutionException: org.apache.ratis.thirdparty.io.grpc.StatusRuntimeException: UNAVAILABLE: io exception
	at java.util.concurrent.FutureTask.report(FutureTask.java:122)
	at java.util.concurrent.FutureTask.get(FutureTask.java:192)
	at org.apache.ratis.server.impl.LeaderElection.waitForResults(LeaderElection.java:259)
	at org.apache.ratis.server.impl.LeaderElection.askForVotes(LeaderElection.java:197)
	at org.apache.ratis.server.impl.LeaderElection.run(LeaderElection.java:133)
	at java.lang.Thread.run(Thread.java:748)
Caused by: org.apache.ratis.thirdparty.io.grpc.StatusRuntimeException: UNAVAILABLE: io exception
	at org.apache.ratis.thirdparty.io.grpc.stub.ClientCalls.toStatusRuntimeException(ClientCalls.java:233)
	at org.apache.ratis.thirdparty.io.grpc.stub.ClientCalls.getUnchecked(ClientCalls.java:214)
	at org.apache.ratis.thirdparty.io.grpc.stub.ClientCalls.blockingUnaryCall(ClientCalls.java:139)
	at org.apache.ratis.proto.grpc.RaftServerProtocolServiceGrpc$RaftServerProtocolServiceBlockingStub.requestVote(RaftServerProtocolServiceGrpc.java:265)
	at org.apache.ratis.grpc.server.GrpcServerProtocolClient.requestVote(GrpcServerProtocolClient.java:99)
	at org.apache.ratis.grpc.server.GrpcService.requestVote(GrpcService.java:204)
	at org.apache.ratis.server.impl.LeaderElection.lambda$submitRequests$1(LeaderElection.java:234)
	at java.util.concurrent.FutureTask.run(FutureTask.java:266)
	at java.util.concurrent.Executors$RunnableAdapter.call(Executors.java:511)
	at java.util.concurrent.FutureTask.run(FutureTask.java:266)
	at java.util.concurrent.ThreadPoolExecutor.runWorker(ThreadPoolExecutor.java:1149)
	at java.util.concurrent.ThreadPoolExecutor$Worker.run(ThreadPoolExecutor.java:624)
	... 1 more
Caused by: org.apache.ratis.thirdparty.io.netty.channel.AbstractChannel$AnnotatedConnectException: Connection refused: /192.168.5.166:38134
	at sun.nio.ch.SocketChannelImpl.checkConnect(Native Method)
	at sun.nio.ch.SocketChannelImpl.finishConnect(SocketChannelImpl.java:717)
	at org.apache.ratis.thirdparty.io.netty.channel.socket.nio.NioSocketChannel.doFinishConnect(NioSocketChannel.java:327)
	at org.apache.ratis.thirdparty.io.netty.channel.nio.AbstractNioChannel$AbstractNioUnsafe.finishConnect(AbstractNioChannel.java:340)
	at org.apache.ratis.thirdparty.io.netty.channel.nio.NioEventLoop.processSelectedKey(NioEventLoop.java:632)
	at org.apache.ratis.thirdparty.io.netty.channel.nio.NioEventLoop.processSelectedKeysOptimized(NioEventLoop.java:579)
	at org.apache.ratis.thirdparty.io.netty.channel.nio.NioEventLoop.processSelectedKeys(NioEventLoop.java:496)
	at org.apache.ratis.thirdparty.io.netty.channel.nio.NioEventLoop.run(NioEventLoop.java:458)
	at org.apache.ratis.thirdparty.io.netty.util.concurrent.SingleThreadEventExecutor$5.run(SingleThreadEventExecutor.java:897)
	at org.apache.ratis.thirdparty.io.netty.util.concurrent.FastThreadLocalRunnable.run(FastThreadLocalRunnable.java:30)
	... 1 more
Caused by: java.net.ConnectException: Connection refused
	... 11 more
2019-10-10 00:01:49,404 [912b0bdb-3095-44f3-93c0-19702928d0ba@group-D12770000C91-LeaderElection19] INFO  impl.RaftServerImpl (RaftServerImpl.java:setRole(170)) - 912b0bdb-3095-44f3-93c0-19702928d0ba@group-D12770000C91: changes role from CANDIDATE to FOLLOWER at term 11 for DISCOVERED_A_NEW_TERM
2019-10-10 00:01:49,405 [912b0bdb-3095-44f3-93c0-19702928d0ba@group-D12770000C91-LeaderElection19] INFO  impl.RoleInfo (RoleInfo.java:shutdownLeaderElection(134)) - 912b0bdb-3095-44f3-93c0-19702928d0ba: shutdown LeaderElection
2019-10-10 00:01:49,405 [912b0bdb-3095-44f3-93c0-19702928d0ba@group-D12770000C91-LeaderElection19] INFO  impl.RoleInfo (RoleInfo.java:updateAndGet(143)) - 912b0bdb-3095-44f3-93c0-19702928d0ba: start FollowerState
2019-10-10 00:01:54,460 [Thread-608] INFO  impl.FollowerState (FollowerState.java:run(108)) - 912b0bdb-3095-44f3-93c0-19702928d0ba@group-D12770000C91-FollowerState: change to CANDIDATE, lastRpcTime:5055ms, electionTimeout:5055ms
2019-10-10 00:01:54,466 [Thread-608] INFO  impl.RoleInfo (RoleInfo.java:shutdownFollowerState(121)) - 912b0bdb-3095-44f3-93c0-19702928d0ba: shutdown FollowerState
2019-10-10 00:01:54,467 [Thread-608] INFO  impl.RaftServerImpl (RaftServerImpl.java:setRole(170)) - 912b0bdb-3095-44f3-93c0-19702928d0ba@group-D12770000C91: changes role from  FOLLOWER to CANDIDATE at term 11 for changeToCandidate
2019-10-10 00:01:54,467 [Thread-608] INFO  impl.RoleInfo (RoleInfo.java:updateAndGet(143)) - 912b0bdb-3095-44f3-93c0-19702928d0ba: start LeaderElection
2019-10-10 00:01:54,482 [912b0bdb-3095-44f3-93c0-19702928d0ba@group-D12770000C91-LeaderElection20] INFO  impl.LeaderElection (LeaderElection.java:askForVotes(178)) - 912b0bdb-3095-44f3-93c0-19702928d0ba@group-D12770000C91-LeaderElection20: begin an election at term 12 for 0: [912b0bdb-3095-44f3-93c0-19702928d0ba:192.168.5.166:42393, 0679a6ad-56a1-41b2-83e1-15692bb468db:192.168.5.166:38134, 46504f71-6b77-44e9-a2e5-588075dae190:192.168.5.166:44353], old=null
2019-10-10 00:01:54,484 [912b0bdb-3095-44f3-93c0-19702928d0ba@group-D12770000C91-LeaderElection20] INFO  impl.LeaderElection (LogUtils.java:infoOrTrace(149)) - 912b0bdb-3095-44f3-93c0-19702928d0ba@group-D12770000C91-LeaderElection20 got exception when requesting votes: {}
java.util.concurrent.ExecutionException: org.apache.ratis.thirdparty.io.grpc.StatusRuntimeException: UNAVAILABLE: io exception
	at java.util.concurrent.FutureTask.report(FutureTask.java:122)
	at java.util.concurrent.FutureTask.get(FutureTask.java:192)
	at org.apache.ratis.server.impl.LeaderElection.waitForResults(LeaderElection.java:259)
	at org.apache.ratis.server.impl.LeaderElection.askForVotes(LeaderElection.java:197)
	at org.apache.ratis.server.impl.LeaderElection.run(LeaderElection.java:133)
	at java.lang.Thread.run(Thread.java:748)
Caused by: org.apache.ratis.thirdparty.io.grpc.StatusRuntimeException: UNAVAILABLE: io exception
	at org.apache.ratis.thirdparty.io.grpc.stub.ClientCalls.toStatusRuntimeException(ClientCalls.java:233)
	at org.apache.ratis.thirdparty.io.grpc.stub.ClientCalls.getUnchecked(ClientCalls.java:214)
	at org.apache.ratis.thirdparty.io.grpc.stub.ClientCalls.blockingUnaryCall(ClientCalls.java:139)
	at org.apache.ratis.proto.grpc.RaftServerProtocolServiceGrpc$RaftServerProtocolServiceBlockingStub.requestVote(RaftServerProtocolServiceGrpc.java:265)
	at org.apache.ratis.grpc.server.GrpcServerProtocolClient.requestVote(GrpcServerProtocolClient.java:99)
	at org.apache.ratis.grpc.server.GrpcService.requestVote(GrpcService.java:204)
	at org.apache.ratis.server.impl.LeaderElection.lambda$submitRequests$1(LeaderElection.java:234)
	at java.util.concurrent.FutureTask.run(FutureTask.java:266)
	at java.util.concurrent.Executors$RunnableAdapter.call(Executors.java:511)
	at java.util.concurrent.FutureTask.run(FutureTask.java:266)
	at java.util.concurrent.ThreadPoolExecutor.runWorker(ThreadPoolExecutor.java:1149)
	at java.util.concurrent.ThreadPoolExecutor$Worker.run(ThreadPoolExecutor.java:624)
	... 1 more
Caused by: org.apache.ratis.thirdparty.io.netty.channel.AbstractChannel$AnnotatedConnectException: Connection refused: /192.168.5.166:38134
	at sun.nio.ch.SocketChannelImpl.checkConnect(Native Method)
	at sun.nio.ch.SocketChannelImpl.finishConnect(SocketChannelImpl.java:717)
	at org.apache.ratis.thirdparty.io.netty.channel.socket.nio.NioSocketChannel.doFinishConnect(NioSocketChannel.java:327)
	at org.apache.ratis.thirdparty.io.netty.channel.nio.AbstractNioChannel$AbstractNioUnsafe.finishConnect(AbstractNioChannel.java:340)
	at org.apache.ratis.thirdparty.io.netty.channel.nio.NioEventLoop.processSelectedKey(NioEventLoop.java:632)
	at org.apache.ratis.thirdparty.io.netty.channel.nio.NioEventLoop.processSelectedKeysOptimized(NioEventLoop.java:579)
	at org.apache.ratis.thirdparty.io.netty.channel.nio.NioEventLoop.processSelectedKeys(NioEventLoop.java:496)
	at org.apache.ratis.thirdparty.io.netty.channel.nio.NioEventLoop.run(NioEventLoop.java:458)
	at org.apache.ratis.thirdparty.io.netty.util.concurrent.SingleThreadEventExecutor$5.run(SingleThreadEventExecutor.java:897)
	at org.apache.ratis.thirdparty.io.netty.util.concurrent.FastThreadLocalRunnable.run(FastThreadLocalRunnable.java:30)
	... 1 more
Caused by: java.net.ConnectException: Connection refused
	... 11 more
2019-10-10 00:01:54,486 [912b0bdb-3095-44f3-93c0-19702928d0ba@group-D12770000C91-LeaderElection20] INFO  impl.LeaderElection (LogUtils.java:infoOrTrace(149)) - 912b0bdb-3095-44f3-93c0-19702928d0ba@group-D12770000C91-LeaderElection20 got exception when requesting votes: {}
java.util.concurrent.ExecutionException: org.apache.ratis.thirdparty.io.grpc.StatusRuntimeException: UNAVAILABLE: io exception
	at java.util.concurrent.FutureTask.report(FutureTask.java:122)
	at java.util.concurrent.FutureTask.get(FutureTask.java:192)
	at org.apache.ratis.server.impl.LeaderElection.waitForResults(LeaderElection.java:259)
	at org.apache.ratis.server.impl.LeaderElection.askForVotes(LeaderElection.java:197)
	at org.apache.ratis.server.impl.LeaderElection.run(LeaderElection.java:133)
	at java.lang.Thread.run(Thread.java:748)
Caused by: org.apache.ratis.thirdparty.io.grpc.StatusRuntimeException: UNAVAILABLE: io exception
	at org.apache.ratis.thirdparty.io.grpc.stub.ClientCalls.toStatusRuntimeException(ClientCalls.java:233)
	at org.apache.ratis.thirdparty.io.grpc.stub.ClientCalls.getUnchecked(ClientCalls.java:214)
	at org.apache.ratis.thirdparty.io.grpc.stub.ClientCalls.blockingUnaryCall(ClientCalls.java:139)
	at org.apache.ratis.proto.grpc.RaftServerProtocolServiceGrpc$RaftServerProtocolServiceBlockingStub.requestVote(RaftServerProtocolServiceGrpc.java:265)
	at org.apache.ratis.grpc.server.GrpcServerProtocolClient.requestVote(GrpcServerProtocolClient.java:99)
	at org.apache.ratis.grpc.server.GrpcService.requestVote(GrpcService.java:204)
	at org.apache.ratis.server.impl.LeaderElection.lambda$submitRequests$1(LeaderElection.java:234)
	at java.util.concurrent.FutureTask.run(FutureTask.java:266)
	at java.util.concurrent.Executors$RunnableAdapter.call(Executors.java:511)
	at java.util.concurrent.FutureTask.run(FutureTask.java:266)
	at java.util.concurrent.ThreadPoolExecutor.runWorker(ThreadPoolExecutor.java:1149)
	at java.util.concurrent.ThreadPoolExecutor$Worker.run(ThreadPoolExecutor.java:624)
	... 1 more
Caused by: org.apache.ratis.thirdparty.io.netty.channel.AbstractChannel$AnnotatedConnectException: Connection refused: /192.168.5.166:44353
	at sun.nio.ch.SocketChannelImpl.checkConnect(Native Method)
	at sun.nio.ch.SocketChannelImpl.finishConnect(SocketChannelImpl.java:717)
	at org.apache.ratis.thirdparty.io.netty.channel.socket.nio.NioSocketChannel.doFinishConnect(NioSocketChannel.java:327)
	at org.apache.ratis.thirdparty.io.netty.channel.nio.AbstractNioChannel$AbstractNioUnsafe.finishConnect(AbstractNioChannel.java:340)
	at org.apache.ratis.thirdparty.io.netty.channel.nio.NioEventLoop.processSelectedKey(NioEventLoop.java:632)
	at org.apache.ratis.thirdparty.io.netty.channel.nio.NioEventLoop.processSelectedKeysOptimized(NioEventLoop.java:579)
	at org.apache.ratis.thirdparty.io.netty.channel.nio.NioEventLoop.processSelectedKeys(NioEventLoop.java:496)
	at org.apache.ratis.thirdparty.io.netty.channel.nio.NioEventLoop.run(NioEventLoop.java:458)
	at org.apache.ratis.thirdparty.io.netty.util.concurrent.SingleThreadEventExecutor$5.run(SingleThreadEventExecutor.java:897)
	at org.apache.ratis.thirdparty.io.netty.util.concurrent.FastThreadLocalRunnable.run(FastThreadLocalRunnable.java:30)
	... 1 more
Caused by: java.net.ConnectException: Connection refused
	... 11 more
2019-10-10 00:01:54,489 [912b0bdb-3095-44f3-93c0-19702928d0ba@group-D12770000C91-LeaderElection20] INFO  impl.LeaderElection (LeaderElection.java:logAndReturn(56)) - 912b0bdb-3095-44f3-93c0-19702928d0ba@group-D12770000C91-LeaderElection20: Election REJECTED; received 0 response(s) [] and 2 exception(s); 912b0bdb-3095-44f3-93c0-19702928d0ba@group-D12770000C91:t12, leader=null, voted=912b0bdb-3095-44f3-93c0-19702928d0ba, raftlog=912b0bdb-3095-44f3-93c0-19702928d0ba@group-D12770000C91-SegmentedRaftLog:OPENED:c16,f16,i16, conf=0: [912b0bdb-3095-44f3-93c0-19702928d0ba:192.168.5.166:42393, 0679a6ad-56a1-41b2-83e1-15692bb468db:192.168.5.166:38134, 46504f71-6b77-44e9-a2e5-588075dae190:192.168.5.166:44353], old=null
2019-10-10 00:01:54,489 [912b0bdb-3095-44f3-93c0-19702928d0ba@group-D12770000C91-LeaderElection20] INFO  impl.LeaderElection (LogUtils.java:infoOrTrace(149)) -   Exception 0: {}
java.util.concurrent.ExecutionException: org.apache.ratis.thirdparty.io.grpc.StatusRuntimeException: UNAVAILABLE: io exception
	at java.util.concurrent.FutureTask.report(FutureTask.java:122)
	at java.util.concurrent.FutureTask.get(FutureTask.java:192)
	at org.apache.ratis.server.impl.LeaderElection.waitForResults(LeaderElection.java:259)
	at org.apache.ratis.server.impl.LeaderElection.askForVotes(LeaderElection.java:197)
	at org.apache.ratis.server.impl.LeaderElection.run(LeaderElection.java:133)
	at java.lang.Thread.run(Thread.java:748)
Caused by: org.apache.ratis.thirdparty.io.grpc.StatusRuntimeException: UNAVAILABLE: io exception
	at org.apache.ratis.thirdparty.io.grpc.stub.ClientCalls.toStatusRuntimeException(ClientCalls.java:233)
	at org.apache.ratis.thirdparty.io.grpc.stub.ClientCalls.getUnchecked(ClientCalls.java:214)
	at org.apache.ratis.thirdparty.io.grpc.stub.ClientCalls.blockingUnaryCall(ClientCalls.java:139)
	at org.apache.ratis.proto.grpc.RaftServerProtocolServiceGrpc$RaftServerProtocolServiceBlockingStub.requestVote(RaftServerProtocolServiceGrpc.java:265)
	at org.apache.ratis.grpc.server.GrpcServerProtocolClient.requestVote(GrpcServerProtocolClient.java:99)
	at org.apache.ratis.grpc.server.GrpcService.requestVote(GrpcService.java:204)
	at org.apache.ratis.server.impl.LeaderElection.lambda$submitRequests$1(LeaderElection.java:234)
	at java.util.concurrent.FutureTask.run(FutureTask.java:266)
	at java.util.concurrent.Executors$RunnableAdapter.call(Executors.java:511)
	at java.util.concurrent.FutureTask.run(FutureTask.java:266)
	at java.util.concurrent.ThreadPoolExecutor.runWorker(ThreadPoolExecutor.java:1149)
	at java.util.concurrent.ThreadPoolExecutor$Worker.run(ThreadPoolExecutor.java:624)
	... 1 more
Caused by: org.apache.ratis.thirdparty.io.netty.channel.AbstractChannel$AnnotatedConnectException: Connection refused: /192.168.5.166:38134
	at sun.nio.ch.SocketChannelImpl.checkConnect(Native Method)
	at sun.nio.ch.SocketChannelImpl.finishConnect(SocketChannelImpl.java:717)
	at org.apache.ratis.thirdparty.io.netty.channel.socket.nio.NioSocketChannel.doFinishConnect(NioSocketChannel.java:327)
	at org.apache.ratis.thirdparty.io.netty.channel.nio.AbstractNioChannel$AbstractNioUnsafe.finishConnect(AbstractNioChannel.java:340)
	at org.apache.ratis.thirdparty.io.netty.channel.nio.NioEventLoop.processSelectedKey(NioEventLoop.java:632)
	at org.apache.ratis.thirdparty.io.netty.channel.nio.NioEventLoop.processSelectedKeysOptimized(NioEventLoop.java:579)
	at org.apache.ratis.thirdparty.io.netty.channel.nio.NioEventLoop.processSelectedKeys(NioEventLoop.java:496)
	at org.apache.ratis.thirdparty.io.netty.channel.nio.NioEventLoop.run(NioEventLoop.java:458)
	at org.apache.ratis.thirdparty.io.netty.util.concurrent.SingleThreadEventExecutor$5.run(SingleThreadEventExecutor.java:897)
	at org.apache.ratis.thirdparty.io.netty.util.concurrent.FastThreadLocalRunnable.run(FastThreadLocalRunnable.java:30)
	... 1 more
Caused by: java.net.ConnectException: Connection refused
	... 11 more
2019-10-10 00:01:54,490 [912b0bdb-3095-44f3-93c0-19702928d0ba@group-D12770000C91-LeaderElection20] INFO  impl.LeaderElection (LogUtils.java:infoOrTrace(149)) -   Exception 1: {}
java.util.concurrent.ExecutionException: org.apache.ratis.thirdparty.io.grpc.StatusRuntimeException: UNAVAILABLE: io exception
	at java.util.concurrent.FutureTask.report(FutureTask.java:122)
	at java.util.concurrent.FutureTask.get(FutureTask.java:192)
	at org.apache.ratis.server.impl.LeaderElection.waitForResults(LeaderElection.java:259)
	at org.apache.ratis.server.impl.LeaderElection.askForVotes(LeaderElection.java:197)
	at org.apache.ratis.server.impl.LeaderElection.run(LeaderElection.java:133)
	at java.lang.Thread.run(Thread.java:748)
Caused by: org.apache.ratis.thirdparty.io.grpc.StatusRuntimeException: UNAVAILABLE: io exception
	at org.apache.ratis.thirdparty.io.grpc.stub.ClientCalls.toStatusRuntimeException(ClientCalls.java:233)
	at org.apache.ratis.thirdparty.io.grpc.stub.ClientCalls.getUnchecked(ClientCalls.java:214)
	at org.apache.ratis.thirdparty.io.grpc.stub.ClientCalls.blockingUnaryCall(ClientCalls.java:139)
	at org.apache.ratis.proto.grpc.RaftServerProtocolServiceGrpc$RaftServerProtocolServiceBlockingStub.requestVote(RaftServerProtocolServiceGrpc.java:265)
	at org.apache.ratis.grpc.server.GrpcServerProtocolClient.requestVote(GrpcServerProtocolClient.java:99)
	at org.apache.ratis.grpc.server.GrpcService.requestVote(GrpcService.java:204)
	at org.apache.ratis.server.impl.LeaderElection.lambda$submitRequests$1(LeaderElection.java:234)
	at java.util.concurrent.FutureTask.run(FutureTask.java:266)
	at java.util.concurrent.Executors$RunnableAdapter.call(Executors.java:511)
	at java.util.concurrent.FutureTask.run(FutureTask.java:266)
	at java.util.concurrent.ThreadPoolExecutor.runWorker(ThreadPoolExecutor.java:1149)
	at java.util.concurrent.ThreadPoolExecutor$Worker.run(ThreadPoolExecutor.java:624)
	... 1 more
Caused by: org.apache.ratis.thirdparty.io.netty.channel.AbstractChannel$AnnotatedConnectException: Connection refused: /192.168.5.166:44353
	at sun.nio.ch.SocketChannelImpl.checkConnect(Native Method)
	at sun.nio.ch.SocketChannelImpl.finishConnect(SocketChannelImpl.java:717)
	at org.apache.ratis.thirdparty.io.netty.channel.socket.nio.NioSocketChannel.doFinishConnect(NioSocketChannel.java:327)
	at org.apache.ratis.thirdparty.io.netty.channel.nio.AbstractNioChannel$AbstractNioUnsafe.finishConnect(AbstractNioChannel.java:340)
	at org.apache.ratis.thirdparty.io.netty.channel.nio.NioEventLoop.processSelectedKey(NioEventLoop.java:632)
	at org.apache.ratis.thirdparty.io.netty.channel.nio.NioEventLoop.processSelectedKeysOptimized(NioEventLoop.java:579)
	at org.apache.ratis.thirdparty.io.netty.channel.nio.NioEventLoop.processSelectedKeys(NioEventLoop.java:496)
	at org.apache.ratis.thirdparty.io.netty.channel.nio.NioEventLoop.run(NioEventLoop.java:458)
	at org.apache.ratis.thirdparty.io.netty.util.concurrent.SingleThreadEventExecutor$5.run(SingleThreadEventExecutor.java:897)
	at org.apache.ratis.thirdparty.io.netty.util.concurrent.FastThreadLocalRunnable.run(FastThreadLocalRunnable.java:30)
	... 1 more
Caused by: java.net.ConnectException: Connection refused
	... 11 more
2019-10-10 00:01:54,490 [912b0bdb-3095-44f3-93c0-19702928d0ba@group-D12770000C91-LeaderElection20] INFO  impl.RaftServerImpl (RaftServerImpl.java:setRole(170)) - 912b0bdb-3095-44f3-93c0-19702928d0ba@group-D12770000C91: changes role from CANDIDATE to FOLLOWER at term 12 for DISCOVERED_A_NEW_TERM
2019-10-10 00:01:54,490 [912b0bdb-3095-44f3-93c0-19702928d0ba@group-D12770000C91-LeaderElection20] INFO  impl.RoleInfo (RoleInfo.java:shutdownLeaderElection(134)) - 912b0bdb-3095-44f3-93c0-19702928d0ba: shutdown LeaderElection
2019-10-10 00:01:54,491 [912b0bdb-3095-44f3-93c0-19702928d0ba@group-D12770000C91-LeaderElection20] INFO  impl.RoleInfo (RoleInfo.java:updateAndGet(143)) - 912b0bdb-3095-44f3-93c0-19702928d0ba: start FollowerState
2019-10-10 00:01:56,569 [RatisPipelineUtilsThread] WARN  pipeline.RatisPipelineUtils (RatisPipelineUtils.java:destroyPipeline(69)) - Pipeline destroy failed for pipeline=PipelineID=168482ca-b1ec-45aa-825f-d12770000c91 dn=0679a6ad-56a1-41b2-83e1-15692bb468db{ip: 192.168.5.166, host: pr-hdds-1868-fg6nx-4263576025, networkLocation: /default-rack, certSerialId: null}
2019-10-10 00:01:56,574 [RatisPipelineUtilsThread] WARN  pipeline.RatisPipelineUtils (RatisPipelineUtils.java:destroyPipeline(69)) - Pipeline destroy failed for pipeline=PipelineID=168482ca-b1ec-45aa-825f-d12770000c91 dn=46504f71-6b77-44e9-a2e5-588075dae190{ip: 192.168.5.166, host: pr-hdds-1868-fg6nx-4263576025, networkLocation: /default-rack, certSerialId: null}
2019-10-10 00:01:56,579 [grpc-default-executor-1] INFO  impl.RaftServerProxy (RaftServerProxy.java:remove(95)) - 912b0bdb-3095-44f3-93c0-19702928d0ba: remove  FOLLOWER 912b0bdb-3095-44f3-93c0-19702928d0ba@group-D12770000C91:t12, leader=null, voted=912b0bdb-3095-44f3-93c0-19702928d0ba, raftlog=912b0bdb-3095-44f3-93c0-19702928d0ba@group-D12770000C91-SegmentedRaftLog:OPENED:c16,f16,i16, conf=0: [912b0bdb-3095-44f3-93c0-19702928d0ba:192.168.5.166:42393, 0679a6ad-56a1-41b2-83e1-15692bb468db:192.168.5.166:38134, 46504f71-6b77-44e9-a2e5-588075dae190:192.168.5.166:44353], old=null RUNNING
2019-10-10 00:01:56,579 [grpc-default-executor-1] INFO  impl.RaftServerImpl (RaftServerImpl.java:lambda$shutdown$3(247)) - 912b0bdb-3095-44f3-93c0-19702928d0ba@group-D12770000C91: shutdown
2019-10-10 00:01:56,580 [grpc-default-executor-1] INFO  util.JmxRegister (JmxRegister.java:unregister(73)) - Successfully un-registered JMX Bean with object name Ratis:service=RaftServer,group=group-D12770000C91,id=912b0bdb-3095-44f3-93c0-19702928d0ba
2019-10-10 00:01:56,580 [grpc-default-executor-1] INFO  impl.RoleInfo (RoleInfo.java:shutdownFollowerState(121)) - 912b0bdb-3095-44f3-93c0-19702928d0ba: shutdown FollowerState
2019-10-10 00:01:56,580 [grpc-default-executor-1] INFO  impl.StateMachineUpdater (StateMachineUpdater.java:stopAndJoin(136)) - 912b0bdb-3095-44f3-93c0-19702928d0ba@group-D12770000C91-StateMachineUpdater: set stopIndex = 16
2019-10-10 00:01:56,580 [Thread-622] INFO  impl.FollowerState (FollowerState.java:run(117)) - 912b0bdb-3095-44f3-93c0-19702928d0ba@group-D12770000C91-FollowerState was interrupted: java.lang.InterruptedException: sleep interrupted
2019-10-10 00:01:56,582 [912b0bdb-3095-44f3-93c0-19702928d0ba@group-D12770000C91-StateMachineUpdater] INFO  ratis.ContainerStateMachine (ContainerStateMachine.java:takeSnapshot(296)) - group-D12770000C91: Taking a snapshot at:(t:1, i:14) file /workdir/hadoop-ozone/integration-test/target/test-dir/MiniOzoneClusterImpl-8984d707-b3d2-42d5-a334-f25a69bbeeeb/datanode-3/data/ratis/168482ca-b1ec-45aa-825f-d12770000c91/sm/snapshot.1_14
2019-10-10 00:01:56,598 [912b0bdb-3095-44f3-93c0-19702928d0ba@group-D12770000C91-StateMachineUpdater] INFO  ratis.ContainerStateMachine (ContainerStateMachine.java:takeSnapshot(307)) - group-D12770000C91: Finished taking a snapshot at:(t:1, i:14) file:/workdir/hadoop-ozone/integration-test/target/test-dir/MiniOzoneClusterImpl-8984d707-b3d2-42d5-a334-f25a69bbeeeb/datanode-3/data/ratis/168482ca-b1ec-45aa-825f-d12770000c91/sm/snapshot.1_14 time:18
2019-10-10 00:01:56,598 [912b0bdb-3095-44f3-93c0-19702928d0ba@group-D12770000C91-StateMachineUpdater] INFO  impl.StateMachineUpdater (StateMachineUpdater.java:takeSnapshot(269)) - 912b0bdb-3095-44f3-93c0-19702928d0ba@group-D12770000C91-StateMachineUpdater: Took a snapshot at index 14
2019-10-10 00:01:56,598 [912b0bdb-3095-44f3-93c0-19702928d0ba@group-D12770000C91-StateMachineUpdater] INFO  impl.StateMachineUpdater (StateMachineUpdater.java:lambda$new$0(84)) - 912b0bdb-3095-44f3-93c0-19702928d0ba@group-D12770000C91-StateMachineUpdater: snapshotIndex: updateIncreasingly -1 -> 14
2019-10-10 00:01:56,599 [912b0bdb-3095-44f3-93c0-19702928d0ba@group-D12770000C91-StateMachineUpdater] INFO  ratis.ContainerStateMachine (ContainerStateMachine.java:takeSnapshot(296)) - group-D12770000C91: Taking a snapshot at:(t:1, i:14) file /workdir/hadoop-ozone/integration-test/target/test-dir/MiniOzoneClusterImpl-8984d707-b3d2-42d5-a334-f25a69bbeeeb/datanode-3/data/ratis/168482ca-b1ec-45aa-825f-d12770000c91/sm/snapshot.1_14
2019-10-10 00:01:56,611 [912b0bdb-3095-44f3-93c0-19702928d0ba@group-D12770000C91-StateMachineUpdater] INFO  ratis.ContainerStateMachine (ContainerStateMachine.java:takeSnapshot(307)) - group-D12770000C91: Finished taking a snapshot at:(t:1, i:14) file:/workdir/hadoop-ozone/integration-test/target/test-dir/MiniOzoneClusterImpl-8984d707-b3d2-42d5-a334-f25a69bbeeeb/datanode-3/data/ratis/168482ca-b1ec-45aa-825f-d12770000c91/sm/snapshot.1_14 time:12
2019-10-10 00:01:56,611 [912b0bdb-3095-44f3-93c0-19702928d0ba@group-D12770000C91-StateMachineUpdater] INFO  impl.StateMachineUpdater (StateMachineUpdater.java:takeSnapshot(269)) - 912b0bdb-3095-44f3-93c0-19702928d0ba@group-D12770000C91-StateMachineUpdater: Took a snapshot at index 14
2019-10-10 00:01:56,611 [912b0bdb-3095-44f3-93c0-19702928d0ba@group-D12770000C91-StateMachineUpdater] INFO  impl.StateMachineUpdater (StateMachineUpdater.java:lambda$new$0(84)) - 912b0bdb-3095-44f3-93c0-19702928d0ba@group-D12770000C91-StateMachineUpdater: snapshotIndex: updateIncreasingly 14 -> 14
2019-10-10 00:01:56,612 [grpc-default-executor-1] INFO  impl.RaftServerImpl (ServerState.java:close(387)) - 912b0bdb-3095-44f3-93c0-19702928d0ba@group-D12770000C91: closes. applyIndex: 16
2019-10-10 00:01:56,612 [912b0bdb-3095-44f3-93c0-19702928d0ba@group-D12770000C91-SegmentedRaftLogWorker] INFO  segmented.SegmentedRaftLogWorker (SegmentedRaftLogWorker.java:run(316)) - 912b0bdb-3095-44f3-93c0-19702928d0ba@group-D12770000C91-SegmentedRaftLogWorker was interrupted, exiting. There are 0 tasks remaining in the queue.
2019-10-10 00:01:56,613 [grpc-default-executor-1] INFO  segmented.SegmentedRaftLogWorker (SegmentedRaftLogWorker.java:close(224)) - 912b0bdb-3095-44f3-93c0-19702928d0ba@group-D12770000C91-SegmentedRaftLogWorker close()
2019-10-10 00:01:56,627 [grpc-default-executor-1] INFO  interfaces.Container (KeyValueContainer.java:flushAndSyncDB(386)) - Container 1 is synced with bcsId 14.
2019-10-10 00:01:56,628 [grpc-default-executor-1] INFO  interfaces.Container (KeyValueContainer.java:flushAndSyncDB(386)) - Container 1 is synced with bcsId 14.
2019-10-10 00:01:56,647 [EventQueue-IncrementalContainerReportForIncrementalContainerReportHandler] INFO  container.IncrementalContainerReportHandler (AbstractContainerReportHandler.java:updateContainerState(171)) - Moving container #1 to QUASI_CLOSED state, datanode 912b0bdb-3095-44f3-93c0-19702928d0ba{ip: 192.168.5.166, host: pr-hdds-1868-fg6nx-4263576025, networkLocation: /default-rack, certSerialId: null} reported QUASI_CLOSED replica.
2019-10-10 00:01:56,648 [RatisPipelineUtilsThread] INFO  pipeline.PipelineStateManager (PipelineStateManager.java:removePipeline(108)) - Pipeline Pipeline[ Id: 168482ca-b1ec-45aa-825f-d12770000c91, Nodes: 0679a6ad-56a1-41b2-83e1-15692bb468db{ip: 192.168.5.166, host: pr-hdds-1868-fg6nx-4263576025, networkLocation: /default-rack, certSerialId: null}46504f71-6b77-44e9-a2e5-588075dae190{ip: 192.168.5.166, host: pr-hdds-1868-fg6nx-4263576025, networkLocation: /default-rack, certSerialId: null}912b0bdb-3095-44f3-93c0-19702928d0ba{ip: 192.168.5.166, host: pr-hdds-1868-fg6nx-4263576025, networkLocation: /default-rack, certSerialId: null}, Type:RATIS, Factor:THREE, State:CLOSED] removed from db
2019-10-10 00:01:56,651 [RatisPipelineUtilsThread] WARN  pipeline.RatisPipelineUtils (RatisPipelineUtils.java:destroyPipeline(69)) - Pipeline destroy failed for pipeline=PipelineID=ebc09f16-f743-4205-893c-ba4ac03bdede dn=0679a6ad-56a1-41b2-83e1-15692bb468db{ip: 192.168.5.166, host: pr-hdds-1868-fg6nx-4263576025, networkLocation: /default-rack, certSerialId: null}
2019-10-10 00:01:56,651 [RatisPipelineUtilsThread] INFO  pipeline.PipelineStateManager (PipelineStateManager.java:removePipeline(108)) - Pipeline Pipeline[ Id: ebc09f16-f743-4205-893c-ba4ac03bdede, Nodes: 0679a6ad-56a1-41b2-83e1-15692bb468db{ip: 192.168.5.166, host: pr-hdds-1868-fg6nx-4263576025, networkLocation: /default-rack, certSerialId: null}, Type:RATIS, Factor:ONE, State:CLOSED] removed from db
2019-10-10 00:02:01,041 [main] WARN  io.KeyOutputStream (KeyOutputStream.java:handleException(274)) - Encountered exception java.io.IOException: Unexpected Storage Container Exception: java.util.concurrent.CompletionException: java.util.concurrent.CompletionException: org.apache.ratis.protocol.GroupMismatchException: 912b0bdb-3095-44f3-93c0-19702928d0ba: group-D12770000C91 not found. on the pipeline Pipeline[ Id: 168482ca-b1ec-45aa-825f-d12770000c91, Nodes: 0679a6ad-56a1-41b2-83e1-15692bb468db{ip: 192.168.5.166, host: pr-hdds-1868-fg6nx-4263576025, networkLocation: /default-rack, certSerialId: null}46504f71-6b77-44e9-a2e5-588075dae190{ip: 192.168.5.166, host: pr-hdds-1868-fg6nx-4263576025, networkLocation: /default-rack, certSerialId: null}912b0bdb-3095-44f3-93c0-19702928d0ba{ip: 192.168.5.166, host: pr-hdds-1868-fg6nx-4263576025, networkLocation: /default-rack, certSerialId: null}, Type:RATIS, Factor:THREE, State:OPEN]. The last committed block length is 450, uncommitted data length is 350 retry count 0
2019-10-10 00:02:01,573 [RatisPipelineUtilsThread] WARN  pipeline.RatisPipelineUtils (RatisPipelineUtils.java:destroyPipeline(69)) - Pipeline destroy failed for pipeline=PipelineID=168482ca-b1ec-45aa-825f-d12770000c91 dn=0679a6ad-56a1-41b2-83e1-15692bb468db{ip: 192.168.5.166, host: pr-hdds-1868-fg6nx-4263576025, networkLocation: /default-rack, certSerialId: null}
2019-10-10 00:02:01,576 [RatisPipelineUtilsThread] WARN  pipeline.RatisPipelineUtils (RatisPipelineUtils.java:destroyPipeline(69)) - Pipeline destroy failed for pipeline=PipelineID=168482ca-b1ec-45aa-825f-d12770000c91 dn=46504f71-6b77-44e9-a2e5-588075dae190{ip: 192.168.5.166, host: pr-hdds-1868-fg6nx-4263576025, networkLocation: /default-rack, certSerialId: null}
2019-10-10 00:02:01,580 [grpc-default-executor-3] INFO  impl.RaftServerProxy (RaftServerProxy.java:remove(95)) - 912b0bdb-3095-44f3-93c0-19702928d0ba: remove group-D12770000C91:null
2019-10-10 00:02:01,595 [RatisPipelineUtilsThread] WARN  pipeline.RatisPipelineUtils (RatisPipelineUtils.java:destroyPipeline(69)) - Pipeline destroy failed for pipeline=PipelineID=168482ca-b1ec-45aa-825f-d12770000c91 dn=912b0bdb-3095-44f3-93c0-19702928d0ba{ip: 192.168.5.166, host: pr-hdds-1868-fg6nx-4263576025, networkLocation: /default-rack, certSerialId: null}
2019-10-10 00:02:01,596 [RatisPipelineUtilsThread] ERROR pipeline.SCMPipelineManager (Scheduler.java:lambda$schedule$1(70)) - Destroy pipeline failed for pipeline:Pipeline[ Id: 168482ca-b1ec-45aa-825f-d12770000c91, Nodes: 0679a6ad-56a1-41b2-83e1-15692bb468db{ip: 192.168.5.166, host: pr-hdds-1868-fg6nx-4263576025, networkLocation: /default-rack, certSerialId: null}46504f71-6b77-44e9-a2e5-588075dae190{ip: 192.168.5.166, host: pr-hdds-1868-fg6nx-4263576025, networkLocation: /default-rack, certSerialId: null}912b0bdb-3095-44f3-93c0-19702928d0ba{ip: 192.168.5.166, host: pr-hdds-1868-fg6nx-4263576025, networkLocation: /default-rack, certSerialId: null}, Type:RATIS, Factor:THREE, State:CLOSED]
org.apache.hadoop.hdds.scm.pipeline.PipelineNotFoundException: PipelineID=168482ca-b1ec-45aa-825f-d12770000c91 not found
	at org.apache.hadoop.hdds.scm.pipeline.PipelineStateMap.getPipeline(PipelineStateMap.java:132)
	at org.apache.hadoop.hdds.scm.pipeline.PipelineStateMap.removePipeline(PipelineStateMap.java:322)
	at org.apache.hadoop.hdds.scm.pipeline.PipelineStateManager.removePipeline(PipelineStateManager.java:107)
	at org.apache.hadoop.hdds.scm.pipeline.SCMPipelineManager.removePipeline(SCMPipelineManager.java:427)
	at org.apache.hadoop.hdds.scm.pipeline.SCMPipelineManager.destroyPipeline(SCMPipelineManager.java:413)
	at org.apache.hadoop.hdds.scm.pipeline.SCMPipelineManager.lambda$finalizeAndDestroyPipeline$0(SCMPipelineManager.java:322)
	at org.apache.hadoop.hdds.utils.Scheduler.lambda$schedule$1(Scheduler.java:68)
	at java.util.concurrent.Executors$RunnableAdapter.call(Executors.java:511)
	at java.util.concurrent.FutureTask.run(FutureTask.java:266)
	at java.util.concurrent.ScheduledThreadPoolExecutor$ScheduledFutureTask.access$201(ScheduledThreadPoolExecutor.java:180)
	at java.util.concurrent.ScheduledThreadPoolExecutor$ScheduledFutureTask.run(ScheduledThreadPoolExecutor.java:293)
	at java.util.concurrent.ThreadPoolExecutor.runWorker(ThreadPoolExecutor.java:1149)
	at java.util.concurrent.ThreadPoolExecutor$Worker.run(ThreadPoolExecutor.java:624)
	at java.lang.Thread.run(Thread.java:748)
2019-10-10 00:02:01,600 [RatisPipelineUtilsThread] WARN  pipeline.RatisPipelineUtils (RatisPipelineUtils.java:destroyPipeline(69)) - Pipeline destroy failed for pipeline=PipelineID=00afe914-0997-4cb0-b61b-8766a081ce6b dn=46504f71-6b77-44e9-a2e5-588075dae190{ip: 192.168.5.166, host: pr-hdds-1868-fg6nx-4263576025, networkLocation: /default-rack, certSerialId: null}
2019-10-10 00:02:01,600 [RatisPipelineUtilsThread] INFO  pipeline.PipelineStateManager (PipelineStateManager.java:removePipeline(108)) - Pipeline Pipeline[ Id: 00afe914-0997-4cb0-b61b-8766a081ce6b, Nodes: 46504f71-6b77-44e9-a2e5-588075dae190{ip: 192.168.5.166, host: pr-hdds-1868-fg6nx-4263576025, networkLocation: /default-rack, certSerialId: null}, Type:RATIS, Factor:ONE, State:CLOSED] removed from db
2019-10-10 00:02:02,420 [main] WARN  scm.XceiverClientRatis (XceiverClientRatis.java:watchForCommit(277)) - 3 way commit failed on pipeline Pipeline[ Id: 5b89882b-8e88-4482-9cd8-b2990aefc048, Nodes: 4808dac8-c899-40b2-85de-0feef9b59caa{ip: 192.168.5.166, host: pr-hdds-1868-fg6nx-4263576025, networkLocation: /default-rack, certSerialId: null}fc8096d7-9d86-4d26-87c6-cf6d344fbedb{ip: 192.168.5.166, host: pr-hdds-1868-fg6nx-4263576025, networkLocation: /default-rack, certSerialId: null}76f4bde4-dad5-4a03-9d33-b63c46310e66{ip: 192.168.5.166, host: pr-hdds-1868-fg6nx-4263576025, networkLocation: /default-rack, certSerialId: null}, Type:RATIS, Factor:THREE, State:OPEN]
java.util.concurrent.TimeoutException
	at java.util.concurrent.CompletableFuture.timedGet(CompletableFuture.java:1771)
	at java.util.concurrent.CompletableFuture.get(CompletableFuture.java:1915)
	at org.apache.hadoop.hdds.scm.XceiverClientRatis.watchForCommit(XceiverClientRatis.java:274)
	at org.apache.hadoop.hdds.scm.storage.CommitWatcher.watchForCommit(CommitWatcher.java:198)
	at org.apache.hadoop.hdds.scm.storage.CommitWatcher.watchOnLastIndex(CommitWatcher.java:161)
	at org.apache.hadoop.hdds.scm.storage.BlockOutputStream.watchForCommit(BlockOutputStream.java:346)
	at org.apache.hadoop.hdds.scm.storage.BlockOutputStream.handleFlush(BlockOutputStream.java:482)
	at org.apache.hadoop.hdds.scm.storage.BlockOutputStream.flush(BlockOutputStream.java:431)
	at org.apache.hadoop.ozone.client.io.BlockOutputStreamEntry.flush(BlockOutputStreamEntry.java:136)
	at org.apache.hadoop.ozone.client.io.KeyOutputStream.handleFlushOrClose(KeyOutputStream.java:443)
	at org.apache.hadoop.ozone.client.io.KeyOutputStream.flush(KeyOutputStream.java:397)
	at org.apache.hadoop.ozone.client.io.OzoneOutputStream.flush(OzoneOutputStream.java:54)
	at org.apache.hadoop.ozone.client.rpc.TestBlockOutputStreamWithFailures.test2DatanodesFailure(TestBlockOutputStreamWithFailures.java:502)
	at sun.reflect.NativeMethodAccessorImpl.invoke0(Native Method)
	at sun.reflect.NativeMethodAccessorImpl.invoke(NativeMethodAccessorImpl.java:62)
	at sun.reflect.DelegatingMethodAccessorImpl.invoke(DelegatingMethodAccessorImpl.java:43)
	at java.lang.reflect.Method.invoke(Method.java:498)
	at org.junit.runners.model.FrameworkMethod$1.runReflectiveCall(FrameworkMethod.java:47)
	at org.junit.internal.runners.model.ReflectiveCallable.run(ReflectiveCallable.java:12)
	at org.junit.runners.model.FrameworkMethod.invokeExplosively(FrameworkMethod.java:44)
	at org.junit.internal.runners.statements.InvokeMethod.evaluate(InvokeMethod.java:17)
	at org.junit.internal.runners.statements.RunBefores.evaluate(RunBefores.java:26)
	at org.junit.internal.runners.statements.RunAfters.evaluate(RunAfters.java:27)
	at org.junit.runners.ParentRunner.runLeaf(ParentRunner.java:271)
	at org.junit.runners.BlockJUnit4ClassRunner.runChild(BlockJUnit4ClassRunner.java:70)
	at org.junit.runners.BlockJUnit4ClassRunner.runChild(BlockJUnit4ClassRunner.java:50)
	at org.junit.runners.ParentRunner$3.run(ParentRunner.java:238)
	at org.junit.runners.ParentRunner$1.schedule(ParentRunner.java:63)
	at org.junit.runners.ParentRunner.runChildren(ParentRunner.java:236)
	at org.junit.runners.ParentRunner.access$000(ParentRunner.java:53)
	at org.junit.runners.ParentRunner$2.evaluate(ParentRunner.java:229)
	at org.junit.runners.ParentRunner.run(ParentRunner.java:309)
	at org.apache.maven.surefire.junit4.JUnit4Provider.execute(JUnit4Provider.java:365)
	at org.apache.maven.surefire.junit4.JUnit4Provider.executeWithRerun(JUnit4Provider.java:273)
	at org.apache.maven.surefire.junit4.JUnit4Provider.executeTestSet(JUnit4Provider.java:238)
	at org.apache.maven.surefire.junit4.JUnit4Provider.invoke(JUnit4Provider.java:159)
	at org.apache.maven.surefire.booter.ForkedBooter.invokeProviderInSameClassLoader(ForkedBooter.java:384)
	at org.apache.maven.surefire.booter.ForkedBooter.runSuitesInProcess(ForkedBooter.java:345)
	at org.apache.maven.surefire.booter.ForkedBooter.execute(ForkedBooter.java:126)
	at org.apache.maven.surefire.booter.ForkedBooter.main(ForkedBooter.java:418)
2019-10-10 00:02:03,429 [main] WARN  storage.CommitWatcher (CommitWatcher.java:watchForCommit(207)) - watchForCommit failed for index 14
java.util.concurrent.TimeoutException
	at java.util.concurrent.CompletableFuture.timedGet(CompletableFuture.java:1771)
	at java.util.concurrent.CompletableFuture.get(CompletableFuture.java:1915)
	at org.apache.hadoop.hdds.scm.XceiverClientRatis.watchForCommit(XceiverClientRatis.java:283)
	at org.apache.hadoop.hdds.scm.storage.CommitWatcher.watchForCommit(CommitWatcher.java:198)
	at org.apache.hadoop.hdds.scm.storage.CommitWatcher.watchOnLastIndex(CommitWatcher.java:161)
	at org.apache.hadoop.hdds.scm.storage.BlockOutputStream.watchForCommit(BlockOutputStream.java:346)
	at org.apache.hadoop.hdds.scm.storage.BlockOutputStream.handleFlush(BlockOutputStream.java:482)
	at org.apache.hadoop.hdds.scm.storage.BlockOutputStream.flush(BlockOutputStream.java:431)
	at org.apache.hadoop.ozone.client.io.BlockOutputStreamEntry.flush(BlockOutputStreamEntry.java:136)
	at org.apache.hadoop.ozone.client.io.KeyOutputStream.handleFlushOrClose(KeyOutputStream.java:443)
	at org.apache.hadoop.ozone.client.io.KeyOutputStream.flush(KeyOutputStream.java:397)
	at org.apache.hadoop.ozone.client.io.OzoneOutputStream.flush(OzoneOutputStream.java:54)
	at org.apache.hadoop.ozone.client.rpc.TestBlockOutputStreamWithFailures.test2DatanodesFailure(TestBlockOutputStreamWithFailures.java:502)
	at sun.reflect.NativeMethodAccessorImpl.invoke0(Native Method)
	at sun.reflect.NativeMethodAccessorImpl.invoke(NativeMethodAccessorImpl.java:62)
	at sun.reflect.DelegatingMethodAccessorImpl.invoke(DelegatingMethodAccessorImpl.java:43)
	at java.lang.reflect.Method.invoke(Method.java:498)
	at org.junit.runners.model.FrameworkMethod$1.runReflectiveCall(FrameworkMethod.java:47)
	at org.junit.internal.runners.model.ReflectiveCallable.run(ReflectiveCallable.java:12)
	at org.junit.runners.model.FrameworkMethod.invokeExplosively(FrameworkMethod.java:44)
	at org.junit.internal.runners.statements.InvokeMethod.evaluate(InvokeMethod.java:17)
	at org.junit.internal.runners.statements.RunBefores.evaluate(RunBefores.java:26)
	at org.junit.internal.runners.statements.RunAfters.evaluate(RunAfters.java:27)
	at org.junit.runners.ParentRunner.runLeaf(ParentRunner.java:271)
	at org.junit.runners.BlockJUnit4ClassRunner.runChild(BlockJUnit4ClassRunner.java:70)
	at org.junit.runners.BlockJUnit4ClassRunner.runChild(BlockJUnit4ClassRunner.java:50)
	at org.junit.runners.ParentRunner$3.run(ParentRunner.java:238)
	at org.junit.runners.ParentRunner$1.schedule(ParentRunner.java:63)
	at org.junit.runners.ParentRunner.runChildren(ParentRunner.java:236)
	at org.junit.runners.ParentRunner.access$000(ParentRunner.java:53)
	at org.junit.runners.ParentRunner$2.evaluate(ParentRunner.java:229)
	at org.junit.runners.ParentRunner.run(ParentRunner.java:309)
	at org.apache.maven.surefire.junit4.JUnit4Provider.execute(JUnit4Provider.java:365)
	at org.apache.maven.surefire.junit4.JUnit4Provider.executeWithRerun(JUnit4Provider.java:273)
	at org.apache.maven.surefire.junit4.JUnit4Provider.executeTestSet(JUnit4Provider.java:238)
	at org.apache.maven.surefire.junit4.JUnit4Provider.invoke(JUnit4Provider.java:159)
	at org.apache.maven.surefire.booter.ForkedBooter.invokeProviderInSameClassLoader(ForkedBooter.java:384)
	at org.apache.maven.surefire.booter.ForkedBooter.runSuitesInProcess(ForkedBooter.java:345)
	at org.apache.maven.surefire.booter.ForkedBooter.execute(ForkedBooter.java:126)
	at org.apache.maven.surefire.booter.ForkedBooter.main(ForkedBooter.java:418)
2019-10-10 00:02:03,430 [main] WARN  io.KeyOutputStream (KeyOutputStream.java:handleException(274)) - Encountered exception java.io.IOException: Unexpected Storage Container Exception: java.io.IOException: Unexpected Storage Container Exception: java.util.concurrent.TimeoutException on the pipeline Pipeline[ Id: 5b89882b-8e88-4482-9cd8-b2990aefc048, Nodes: 4808dac8-c899-40b2-85de-0feef9b59caa{ip: 192.168.5.166, host: pr-hdds-1868-fg6nx-4263576025, networkLocation: /default-rack, certSerialId: null}fc8096d7-9d86-4d26-87c6-cf6d344fbedb{ip: 192.168.5.166, host: pr-hdds-1868-fg6nx-4263576025, networkLocation: /default-rack, certSerialId: null}76f4bde4-dad5-4a03-9d33-b63c46310e66{ip: 192.168.5.166, host: pr-hdds-1868-fg6nx-4263576025, networkLocation: /default-rack, certSerialId: null}, Type:RATIS, Factor:THREE, State:OPEN]. The last committed block length is 400, uncommitted data length is 50 retry count 0
2019-10-10 00:02:03,444 [IPC Server handler 14 on 34211] WARN  block.BlockManagerImpl (BlockManagerImpl.java:allocateBlock(194)) - Pipeline creation failed for type:RATIS factor:THREE. Retrying get pipelines call once.
org.apache.hadoop.hdds.scm.pipeline.InsufficientDatanodesException: Cannot create pipeline of factor 3 using 2 nodes.
	at org.apache.hadoop.hdds.scm.pipeline.RatisPipelineProvider.create(RatisPipelineProvider.java:155)
	at org.apache.hadoop.hdds.scm.pipeline.PipelineFactory.create(PipelineFactory.java:58)
	at org.apache.hadoop.hdds.scm.pipeline.SCMPipelineManager.createPipeline(SCMPipelineManager.java:155)
	at org.apache.hadoop.hdds.scm.block.BlockManagerImpl.allocateBlock(BlockManagerImpl.java:192)
	at org.apache.hadoop.hdds.scm.server.SCMBlockProtocolServer.allocateBlock(SCMBlockProtocolServer.java:182)
	at org.apache.hadoop.hdds.scm.protocol.ScmBlockLocationProtocolServerSideTranslatorPB.allocateScmBlock(ScmBlockLocationProtocolServerSideTranslatorPB.java:159)
	at org.apache.hadoop.hdds.scm.protocol.ScmBlockLocationProtocolServerSideTranslatorPB.processMessage(ScmBlockLocationProtocolServerSideTranslatorPB.java:117)
	at org.apache.hadoop.hdds.server.OzoneProtocolMessageDispatcher.processRequest(OzoneProtocolMessageDispatcher.java:72)
	at org.apache.hadoop.hdds.scm.protocol.ScmBlockLocationProtocolServerSideTranslatorPB.send(ScmBlockLocationProtocolServerSideTranslatorPB.java:98)
	at org.apache.hadoop.hdds.protocol.proto.ScmBlockLocationProtocolProtos$ScmBlockLocationProtocolService$2.callBlockingMethod(ScmBlockLocationProtocolProtos.java:13157)
	at org.apache.hadoop.ipc.ProtobufRpcEngine$Server$ProtoBufRpcInvoker.call(ProtobufRpcEngine.java:524)
	at org.apache.hadoop.ipc.RPC$Server.call(RPC.java:1025)
	at org.apache.hadoop.ipc.Server$RpcCall.run(Server.java:876)
	at org.apache.hadoop.ipc.Server$RpcCall.run(Server.java:822)
	at java.security.AccessController.doPrivileged(Native Method)
	at javax.security.auth.Subject.doAs(Subject.java:422)
	at org.apache.hadoop.security.UserGroupInformation.doAs(UserGroupInformation.java:1730)
	at org.apache.hadoop.ipc.Server$Handler.run(Server.java:2682)
2019-10-10 00:02:03,447 [IPC Server handler 14 on 34211] INFO  block.BlockManagerImpl (BlockManagerImpl.java:allocateBlock(200)) - Could not find available pipeline of type:RATIS and factor:THREE even after retrying
2019-10-10 00:02:03,447 [IPC Server handler 14 on 34211] ERROR block.BlockManagerImpl (BlockManagerImpl.java:allocateBlock(224)) - Unable to allocate a block for the size: 800, type: RATIS, factor: THREE
2019-10-10 00:02:03,457 [main] ERROR io.BlockOutputStreamEntryPool (BlockOutputStreamEntryPool.java:allocateBlockIfNeeded(307)) - Try to allocate more blocks for write failed, already allocated 0 blocks for this write.
INTERNAL_ERROR org.apache.hadoop.ozone.om.exceptions.OMException: Allocated 0 blocks. Requested 1 blocks
	at org.apache.hadoop.ozone.om.protocolPB.OzoneManagerProtocolClientSideTranslatorPB.handleError(OzoneManagerProtocolClientSideTranslatorPB.java:732)
	at org.apache.hadoop.ozone.om.protocolPB.OzoneManagerProtocolClientSideTranslatorPB.allocateBlock(OzoneManagerProtocolClientSideTranslatorPB.java:764)
	at sun.reflect.NativeMethodAccessorImpl.invoke0(Native Method)
	at sun.reflect.NativeMethodAccessorImpl.invoke(NativeMethodAccessorImpl.java:62)
	at sun.reflect.DelegatingMethodAccessorImpl.invoke(DelegatingMethodAccessorImpl.java:43)
	at java.lang.reflect.Method.invoke(Method.java:498)
	at org.apache.hadoop.hdds.tracing.TraceAllMethod.invoke(TraceAllMethod.java:66)
	at com.sun.proxy.$Proxy37.allocateBlock(Unknown Source)
	at org.apache.hadoop.ozone.client.io.BlockOutputStreamEntryPool.allocateNewBlock(BlockOutputStreamEntryPool.java:256)
	at org.apache.hadoop.ozone.client.io.BlockOutputStreamEntryPool.allocateBlockIfNeeded(BlockOutputStreamEntryPool.java:304)
	at org.apache.hadoop.ozone.client.io.KeyOutputStream.handleWrite(KeyOutputStream.java:198)
	at org.apache.hadoop.ozone.client.io.KeyOutputStream.handleRetry(KeyOutputStream.java:375)
	at org.apache.hadoop.ozone.client.io.KeyOutputStream.handleException(KeyOutputStream.java:324)
	at org.apache.hadoop.ozone.client.io.KeyOutputStream.handleFlushOrClose(KeyOutputStream.java:449)
	at org.apache.hadoop.ozone.client.io.KeyOutputStream.flush(KeyOutputStream.java:397)
	at org.apache.hadoop.ozone.client.io.OzoneOutputStream.flush(OzoneOutputStream.java:54)
	at org.apache.hadoop.ozone.client.rpc.TestBlockOutputStreamWithFailures.test2DatanodesFailure(TestBlockOutputStreamWithFailures.java:502)
	at sun.reflect.NativeMethodAccessorImpl.invoke0(Native Method)
	at sun.reflect.NativeMethodAccessorImpl.invoke(NativeMethodAccessorImpl.java:62)
	at sun.reflect.DelegatingMethodAccessorImpl.invoke(DelegatingMethodAccessorImpl.java:43)
	at java.lang.reflect.Method.invoke(Method.java:498)
	at org.junit.runners.model.FrameworkMethod$1.runReflectiveCall(FrameworkMethod.java:47)
	at org.junit.internal.runners.model.ReflectiveCallable.run(ReflectiveCallable.java:12)
	at org.junit.runners.model.FrameworkMethod.invokeExplosively(FrameworkMethod.java:44)
	at org.junit.internal.runners.statements.InvokeMethod.evaluate(InvokeMethod.java:17)
	at org.junit.internal.runners.statements.RunBefores.evaluate(RunBefores.java:26)
	at org.junit.internal.runners.statements.RunAfters.evaluate(RunAfters.java:27)
	at org.junit.runners.ParentRunner.runLeaf(ParentRunner.java:271)
	at org.junit.runners.BlockJUnit4ClassRunner.runChild(BlockJUnit4ClassRunner.java:70)
	at org.junit.runners.BlockJUnit4ClassRunner.runChild(BlockJUnit4ClassRunner.java:50)
	at org.junit.runners.ParentRunner$3.run(ParentRunner.java:238)
	at org.junit.runners.ParentRunner$1.schedule(ParentRunner.java:63)
	at org.junit.runners.ParentRunner.runChildren(ParentRunner.java:236)
	at org.junit.runners.ParentRunner.access$000(ParentRunner.java:53)
	at org.junit.runners.ParentRunner$2.evaluate(ParentRunner.java:229)
	at org.junit.runners.ParentRunner.run(ParentRunner.java:309)
	at org.apache.maven.surefire.junit4.JUnit4Provider.execute(JUnit4Provider.java:365)
	at org.apache.maven.surefire.junit4.JUnit4Provider.executeWithRerun(JUnit4Provider.java:273)
	at org.apache.maven.surefire.junit4.JUnit4Provider.executeTestSet(JUnit4Provider.java:238)
	at org.apache.maven.surefire.junit4.JUnit4Provider.invoke(JUnit4Provider.java:159)
	at org.apache.maven.surefire.booter.ForkedBooter.invokeProviderInSameClassLoader(ForkedBooter.java:384)
	at org.apache.maven.surefire.booter.ForkedBooter.runSuitesInProcess(ForkedBooter.java:345)
	at org.apache.maven.surefire.booter.ForkedBooter.execute(ForkedBooter.java:126)
	at org.apache.maven.surefire.booter.ForkedBooter.main(ForkedBooter.java:418)
2019-10-10 00:02:03,460 [main] INFO  ozone.MiniOzoneClusterImpl (MiniOzoneClusterImpl.java:shutdown(352)) - Shutting down the Mini Ozone Cluster
2019-10-10 00:02:03,461 [main] INFO  ozone.MiniOzoneClusterImpl (MiniOzoneClusterImpl.java:stop(368)) - Stopping the Mini Ozone Cluster
2019-10-10 00:02:03,461 [main] INFO  ozone.MiniOzoneClusterImpl (MiniOzoneClusterImpl.java:stopOM(438)) - Stopping the OzoneManager
2019-10-10 00:02:03,461 [main] INFO  ipc.Server (Server.java:stop(3082)) - Stopping server on 40281
2019-10-10 00:02:03,467 [IPC Server listener on 40281] INFO  ipc.Server (Server.java:run(1185)) - Stopping IPC Server listener on 40281
2019-10-10 00:02:03,470 [main] INFO  ratis.OzoneManagerDoubleBuffer (OzoneManagerDoubleBuffer.java:stop(248)) - Stopping OMDoubleBuffer flush thread
2019-10-10 00:02:03,476 [OMDoubleBufferFlushThread] INFO  ratis.OzoneManagerDoubleBuffer (OzoneManagerDoubleBuffer.java:flushTransactions(191)) - OMDoubleBuffer flush thread OMDoubleBufferFlushThread is interrupted and will exit. OMDoubleBufferFlushThread
2019-10-10 00:02:03,476 [main] INFO  utils.BackgroundService (BackgroundService.java:shutdown(151)) - Shutting down service KeyDeletingService
2019-10-10 00:02:03,478 [main] INFO  handler.ContextHandler (ContextHandler.java:doStop(910)) - Stopped o.e.j.w.WebAppContext@660591fb{/,null,UNAVAILABLE}{/ozoneManager}
2019-10-10 00:02:03,479 [main] INFO  server.AbstractConnector (AbstractConnector.java:doStop(318)) - Stopped ServerConnector@4a55a6e8{HTTP/1.1,[http/1.1]}{0.0.0.0:0}
2019-10-10 00:02:03,479 [main] INFO  handler.ContextHandler (ContextHandler.java:doStop(910)) - Stopped o.e.j.s.ServletContextHandler@2032e725{/static,file:///workdir/hadoop-ozone/integration-test/target/test-classes/webapps/static,UNAVAILABLE}
2019-10-10 00:02:03,480 [main] INFO  handler.ContextHandler (ContextHandler.java:doStop(910)) - Stopped o.e.j.s.ServletContextHandler@3eed0f5{/logs,file:///workdir/hadoop-ozone/integration-test/target/log,UNAVAILABLE}
2019-10-10 00:02:03,483 [IPC Server Responder] INFO  ipc.Server (Server.java:run(1319)) - Stopping IPC Server Responder
2019-10-10 00:02:03,505 [main] INFO  ozone.MiniOzoneClusterImpl (MiniOzoneClusterImpl.java:stopDatanodes(415)) - Stopping the HddsDatanodes
2019-10-10 00:02:03,658 [Datanode State Machine Thread - 0] INFO  statemachine.DatanodeStateMachine (DatanodeStateMachine.java:lambda$startDaemon$0(350)) - Ozone container server started.
2019-10-10 00:02:04,222 [Datanode State Machine Thread - 0] INFO  statemachine.DatanodeStateMachine (DatanodeStateMachine.java:lambda$startDaemon$0(350)) - Ozone container server started.
2019-10-10 00:02:07,660 [EventQueue-StaleNodeForStaleNodeHandler] INFO  node.StaleNodeHandler (StaleNodeHandler.java:onMessage(58)) - Datanode 741d15da-6e3d-4013-9010-457716b563b4{ip: 192.168.5.166, host: pr-hdds-1868-fg6nx-4263576025, networkLocation: /default-rack, certSerialId: null} moved to stale state. Finalizing its pipelines [PipelineID=95cbf83f-8850-46db-a962-e861f58ab81f]
2019-10-10 00:02:07,661 [EventQueue-StaleNodeForStaleNodeHandler] INFO  pipeline.SCMPipelineManager (SCMPipelineManager.java:finalizeAndDestroyPipeline(315)) - destroying pipeline:Pipeline[ Id: 95cbf83f-8850-46db-a962-e861f58ab81f, Nodes: 741d15da-6e3d-4013-9010-457716b563b4{ip: 192.168.5.166, host: pr-hdds-1868-fg6nx-4263576025, networkLocation: /default-rack, certSerialId: null}, Type:RATIS, Factor:ONE, State:OPEN]
2019-10-10 00:02:07,661 [EventQueue-StaleNodeForStaleNodeHandler] INFO  pipeline.PipelineStateManager (PipelineStateManager.java:finalizePipeline(123)) - Pipeline Pipeline[ Id: 95cbf83f-8850-46db-a962-e861f58ab81f, Nodes: 741d15da-6e3d-4013-9010-457716b563b4{ip: 192.168.5.166, host: pr-hdds-1868-fg6nx-4263576025, networkLocation: /default-rack, certSerialId: null}, Type:RATIS, Factor:ONE, State:CLOSED] moved to CLOSED state
2019-10-10 00:02:08,261 [EventQueue-StaleNodeForStaleNodeHandler] INFO  node.StaleNodeHandler (StaleNodeHandler.java:onMessage(58)) - Datanode fc8096d7-9d86-4d26-87c6-cf6d344fbedb{ip: 192.168.5.166, host: pr-hdds-1868-fg6nx-4263576025, networkLocation: /default-rack, certSerialId: null} moved to stale state. Finalizing its pipelines [PipelineID=354347a3-ffe2-452d-bf41-47571f70fbc0, PipelineID=5b89882b-8e88-4482-9cd8-b2990aefc048]
2019-10-10 00:02:08,261 [EventQueue-StaleNodeForStaleNodeHandler] INFO  pipeline.SCMPipelineManager (SCMPipelineManager.java:finalizeAndDestroyPipeline(315)) - destroying pipeline:Pipeline[ Id: 354347a3-ffe2-452d-bf41-47571f70fbc0, Nodes: fc8096d7-9d86-4d26-87c6-cf6d344fbedb{ip: 192.168.5.166, host: pr-hdds-1868-fg6nx-4263576025, networkLocation: /default-rack, certSerialId: null}, Type:RATIS, Factor:ONE, State:OPEN]
2019-10-10 00:02:08,262 [EventQueue-StaleNodeForStaleNodeHandler] INFO  pipeline.PipelineStateManager (PipelineStateManager.java:finalizePipeline(123)) - Pipeline Pipeline[ Id: 354347a3-ffe2-452d-bf41-47571f70fbc0, Nodes: fc8096d7-9d86-4d26-87c6-cf6d344fbedb{ip: 192.168.5.166, host: pr-hdds-1868-fg6nx-4263576025, networkLocation: /default-rack, certSerialId: null}, Type:RATIS, Factor:ONE, State:CLOSED] moved to CLOSED state
2019-10-10 00:02:08,262 [EventQueue-StaleNodeForStaleNodeHandler] INFO  pipeline.SCMPipelineManager (SCMPipelineManager.java:finalizeAndDestroyPipeline(315)) - destroying pipeline:Pipeline[ Id: 5b89882b-8e88-4482-9cd8-b2990aefc048, Nodes: 4808dac8-c899-40b2-85de-0feef9b59caa{ip: 192.168.5.166, host: pr-hdds-1868-fg6nx-4263576025, networkLocation: /default-rack, certSerialId: null}fc8096d7-9d86-4d26-87c6-cf6d344fbedb{ip: 192.168.5.166, host: pr-hdds-1868-fg6nx-4263576025, networkLocation: /default-rack, certSerialId: null}76f4bde4-dad5-4a03-9d33-b63c46310e66{ip: 192.168.5.166, host: pr-hdds-1868-fg6nx-4263576025, networkLocation: /default-rack, certSerialId: null}, Type:RATIS, Factor:THREE, State:OPEN]
2019-10-10 00:02:08,262 [EventQueue-StaleNodeForStaleNodeHandler] INFO  pipeline.PipelineStateManager (PipelineStateManager.java:finalizePipeline(123)) - Pipeline Pipeline[ Id: 5b89882b-8e88-4482-9cd8-b2990aefc048, Nodes: 4808dac8-c899-40b2-85de-0feef9b59caa{ip: 192.168.5.166, host: pr-hdds-1868-fg6nx-4263576025, networkLocation: /default-rack, certSerialId: null}fc8096d7-9d86-4d26-87c6-cf6d344fbedb{ip: 192.168.5.166, host: pr-hdds-1868-fg6nx-4263576025, networkLocation: /default-rack, certSerialId: null}76f4bde4-dad5-4a03-9d33-b63c46310e66{ip: 192.168.5.166, host: pr-hdds-1868-fg6nx-4263576025, networkLocation: /default-rack, certSerialId: null}, Type:RATIS, Factor:THREE, State:CLOSED] moved to CLOSED state
2019-10-10 00:02:08,262 [EventQueue-CloseContainerForCloseContainerEventHandler] INFO  container.CloseContainerEventHandler (CloseContainerEventHandler.java:onMessage(61)) - Close container Event triggered for container : #2
2019-10-10 00:02:08,508 [main] INFO  ozoneimpl.OzoneContainer (OzoneContainer.java:stop(227)) - Attempting to stop container services.
2019-10-10 00:02:08,508 [ForkJoinPool.commonPool-worker-0] INFO  ozoneimpl.OzoneContainer (OzoneContainer.java:stop(227)) - Attempting to stop container services.
2019-10-10 00:02:08,511 [main] INFO  impl.RaftServerProxy (RaftServerProxy.java:lambda$close$4(314)) - fc8096d7-9d86-4d26-87c6-cf6d344fbedb: close
2019-10-10 00:02:08,511 [ForkJoinPool.commonPool-worker-0] INFO  impl.RaftServerProxy (RaftServerProxy.java:lambda$close$4(314)) - 741d15da-6e3d-4013-9010-457716b563b4: close
2019-10-10 00:02:08,512 [main] INFO  impl.RaftServerImpl (RaftServerImpl.java:lambda$shutdown$3(247)) - fc8096d7-9d86-4d26-87c6-cf6d344fbedb@group-47571F70FBC0: shutdown
2019-10-10 00:02:08,512 [ForkJoinPool.commonPool-worker-0] INFO  impl.RaftServerImpl (RaftServerImpl.java:lambda$shutdown$3(247)) - 741d15da-6e3d-4013-9010-457716b563b4@group-E861F58AB81F: shutdown
2019-10-10 00:02:08,512 [main] INFO  util.JmxRegister (JmxRegister.java:unregister(73)) - Successfully un-registered JMX Bean with object name Ratis:service=RaftServer,group=group-47571F70FBC0,id=fc8096d7-9d86-4d26-87c6-cf6d344fbedb
2019-10-10 00:02:08,513 [ForkJoinPool.commonPool-worker-0] INFO  util.JmxRegister (JmxRegister.java:unregister(73)) - Successfully un-registered JMX Bean with object name Ratis:service=RaftServer,group=group-E861F58AB81F,id=741d15da-6e3d-4013-9010-457716b563b4
2019-10-10 00:02:08,513 [main] INFO  impl.RoleInfo (RoleInfo.java:shutdownLeaderState(104)) - fc8096d7-9d86-4d26-87c6-cf6d344fbedb: shutdown LeaderState
2019-10-10 00:02:08,513 [ForkJoinPool.commonPool-worker-0] INFO  impl.RoleInfo (RoleInfo.java:shutdownLeaderState(104)) - 741d15da-6e3d-4013-9010-457716b563b4: shutdown LeaderState
2019-10-10 00:02:08,514 [main] INFO  impl.PendingRequests (PendingRequests.java:sendNotLeaderResponses(202)) - fc8096d7-9d86-4d26-87c6-cf6d344fbedb@group-47571F70FBC0-PendingRequests: sendNotLeaderResponses
2019-10-10 00:02:08,514 [ForkJoinPool.commonPool-worker-0] INFO  impl.PendingRequests (PendingRequests.java:sendNotLeaderResponses(202)) - 741d15da-6e3d-4013-9010-457716b563b4@group-E861F58AB81F-PendingRequests: sendNotLeaderResponses
2019-10-10 00:02:08,515 [main] INFO  impl.StateMachineUpdater (StateMachineUpdater.java:stopAndJoin(136)) - fc8096d7-9d86-4d26-87c6-cf6d344fbedb@group-47571F70FBC0-StateMachineUpdater: set stopIndex = 0
2019-10-10 00:02:08,515 [ForkJoinPool.commonPool-worker-0] INFO  impl.StateMachineUpdater (StateMachineUpdater.java:stopAndJoin(136)) - 741d15da-6e3d-4013-9010-457716b563b4@group-E861F58AB81F-StateMachineUpdater: set stopIndex = 0
2019-10-10 00:02:08,515 [main] INFO  impl.RaftServerImpl (ServerState.java:close(387)) - fc8096d7-9d86-4d26-87c6-cf6d344fbedb@group-47571F70FBC0: closes. applyIndex: 0
2019-10-10 00:02:08,516 [ForkJoinPool.commonPool-worker-0] INFO  impl.RaftServerImpl (ServerState.java:close(387)) - 741d15da-6e3d-4013-9010-457716b563b4@group-E861F58AB81F: closes. applyIndex: 0
2019-10-10 00:02:08,516 [fc8096d7-9d86-4d26-87c6-cf6d344fbedb@group-47571F70FBC0-SegmentedRaftLogWorker] INFO  segmented.SegmentedRaftLogWorker (SegmentedRaftLogWorker.java:run(316)) - fc8096d7-9d86-4d26-87c6-cf6d344fbedb@group-47571F70FBC0-SegmentedRaftLogWorker was interrupted, exiting. There are 0 tasks remaining in the queue.
2019-10-10 00:02:08,517 [741d15da-6e3d-4013-9010-457716b563b4@group-E861F58AB81F-SegmentedRaftLogWorker] INFO  segmented.SegmentedRaftLogWorker (SegmentedRaftLogWorker.java:run(316)) - 741d15da-6e3d-4013-9010-457716b563b4@group-E861F58AB81F-SegmentedRaftLogWorker was interrupted, exiting. There are 0 tasks remaining in the queue.
2019-10-10 00:02:08,517 [ForkJoinPool.commonPool-worker-0] INFO  segmented.SegmentedRaftLogWorker (SegmentedRaftLogWorker.java:close(224)) - 741d15da-6e3d-4013-9010-457716b563b4@group-E861F58AB81F-SegmentedRaftLogWorker close()
2019-10-10 00:02:08,517 [main] INFO  segmented.SegmentedRaftLogWorker (SegmentedRaftLogWorker.java:close(224)) - fc8096d7-9d86-4d26-87c6-cf6d344fbedb@group-47571F70FBC0-SegmentedRaftLogWorker close()
2019-10-10 00:02:08,519 [ForkJoinPool.commonPool-worker-0] INFO  server.GrpcService (GrpcService.java:closeImpl(164)) - 741d15da-6e3d-4013-9010-457716b563b4: shutdown server with port 35142 now
2019-10-10 00:02:08,524 [main] INFO  impl.RaftServerImpl (RaftServerImpl.java:lambda$shutdown$3(247)) - fc8096d7-9d86-4d26-87c6-cf6d344fbedb@group-B2990AEFC048: shutdown
2019-10-10 00:02:08,526 [main] INFO  util.JmxRegister (JmxRegister.java:unregister(73)) - Successfully un-registered JMX Bean with object name Ratis:service=RaftServer,group=group-B2990AEFC048,id=fc8096d7-9d86-4d26-87c6-cf6d344fbedb
2019-10-10 00:02:08,526 [ForkJoinPool.commonPool-worker-0] INFO  server.GrpcService (GrpcService.java:closeImpl(172)) - 741d15da-6e3d-4013-9010-457716b563b4: shutdown server with port 35142 successfully
2019-10-10 00:02:08,527 [main] INFO  impl.RoleInfo (RoleInfo.java:shutdownFollowerState(121)) - fc8096d7-9d86-4d26-87c6-cf6d344fbedb: shutdown FollowerState
2019-10-10 00:02:08,527 [main] INFO  impl.StateMachineUpdater (StateMachineUpdater.java:stopAndJoin(136)) - fc8096d7-9d86-4d26-87c6-cf6d344fbedb@group-B2990AEFC048-StateMachineUpdater: set stopIndex = 16
2019-10-10 00:02:08,527 [fc8096d7-9d86-4d26-87c6-cf6d344fbedb@group-B2990AEFC048-StateMachineUpdater] INFO  ratis.ContainerStateMachine (ContainerStateMachine.java:takeSnapshot(296)) - group-B2990AEFC048: Taking a snapshot at:(t:1, i:16) file /workdir/hadoop-ozone/integration-test/target/test-dir/MiniOzoneClusterImpl-8984d707-b3d2-42d5-a334-f25a69bbeeeb/datanode-4/data/ratis/5b89882b-8e88-4482-9cd8-b2990aefc048/sm/snapshot.1_16
2019-10-10 00:02:08,527 [Thread-335] INFO  impl.FollowerState (FollowerState.java:run(117)) - fc8096d7-9d86-4d26-87c6-cf6d344fbedb@group-B2990AEFC048-FollowerState was interrupted: java.lang.InterruptedException: sleep interrupted
2019-10-10 00:02:08,534 [refreshUsed-/workdir/hadoop-ozone/integration-test/target/test-dir/MiniOzoneClusterImpl-8984d707-b3d2-42d5-a334-f25a69bbeeeb/datanode-2/data/containers] WARN  fs.CachingGetSpaceUsed (CachingGetSpaceUsed.java:run(183)) - Thread Interrupted waiting to refresh disk information: sleep interrupted
2019-10-10 00:02:08,542 [fc8096d7-9d86-4d26-87c6-cf6d344fbedb@group-B2990AEFC048-StateMachineUpdater] INFO  ratis.ContainerStateMachine (ContainerStateMachine.java:takeSnapshot(307)) - group-B2990AEFC048: Finished taking a snapshot at:(t:1, i:16) file:/workdir/hadoop-ozone/integration-test/target/test-dir/MiniOzoneClusterImpl-8984d707-b3d2-42d5-a334-f25a69bbeeeb/datanode-4/data/ratis/5b89882b-8e88-4482-9cd8-b2990aefc048/sm/snapshot.1_16 time:14
2019-10-10 00:02:08,542 [fc8096d7-9d86-4d26-87c6-cf6d344fbedb@group-B2990AEFC048-StateMachineUpdater] INFO  impl.StateMachineUpdater (StateMachineUpdater.java:takeSnapshot(269)) - fc8096d7-9d86-4d26-87c6-cf6d344fbedb@group-B2990AEFC048-StateMachineUpdater: Took a snapshot at index 16
2019-10-10 00:02:08,542 [fc8096d7-9d86-4d26-87c6-cf6d344fbedb@group-B2990AEFC048-StateMachineUpdater] INFO  impl.StateMachineUpdater (StateMachineUpdater.java:lambda$new$0(84)) - fc8096d7-9d86-4d26-87c6-cf6d344fbedb@group-B2990AEFC048-StateMachineUpdater: snapshotIndex: updateIncreasingly -1 -> 16
2019-10-10 00:02:08,543 [main] INFO  impl.RaftServerImpl (ServerState.java:close(387)) - fc8096d7-9d86-4d26-87c6-cf6d344fbedb@group-B2990AEFC048: closes. applyIndex: 16
2019-10-10 00:02:08,543 [fc8096d7-9d86-4d26-87c6-cf6d344fbedb@group-B2990AEFC048-SegmentedRaftLogWorker] INFO  segmented.SegmentedRaftLogWorker (SegmentedRaftLogWorker.java:run(316)) - fc8096d7-9d86-4d26-87c6-cf6d344fbedb@group-B2990AEFC048-SegmentedRaftLogWorker was interrupted, exiting. There are 0 tasks remaining in the queue.
2019-10-10 00:02:08,545 [main] INFO  segmented.SegmentedRaftLogWorker (SegmentedRaftLogWorker.java:close(224)) - fc8096d7-9d86-4d26-87c6-cf6d344fbedb@group-B2990AEFC048-SegmentedRaftLogWorker close()
2019-10-10 00:02:08,545 [main] INFO  server.GrpcService (GrpcService.java:closeImpl(164)) - fc8096d7-9d86-4d26-87c6-cf6d344fbedb: shutdown server with port 33290 now
2019-10-10 00:02:08,546 [grpc-default-executor-3] WARN  server.GrpcServerProtocolService (LogUtils.java:warn(134)) - fc8096d7-9d86-4d26-87c6-cf6d344fbedb: installSnapshot onError, lastRequest: 76f4bde4-dad5-4a03-9d33-b63c46310e66->fc8096d7-9d86-4d26-87c6-cf6d344fbedb#50-t1, previous=(t:1, i:16), leaderCommit=16, initializing? false, entries: <empty>: org.apache.ratis.thirdparty.io.grpc.StatusRuntimeException: CANCELLED: cancelled before receiving half close
2019-10-10 00:02:08,546 [main] INFO  server.GrpcService (GrpcService.java:closeImpl(172)) - fc8096d7-9d86-4d26-87c6-cf6d344fbedb: shutdown server with port 33290 successfully
2019-10-10 00:02:08,547 [grpc-default-executor-0] WARN  server.GrpcLogAppender (LogUtils.java:warn(134)) - 76f4bde4-dad5-4a03-9d33-b63c46310e66@group-B2990AEFC048->fc8096d7-9d86-4d26-87c6-cf6d344fbedb-AppendLogResponseHandler: Failed appendEntries: org.apache.ratis.thirdparty.io.grpc.StatusRuntimeException: CANCELLED: HTTP/2 error code: CANCEL
Received Rst Stream
2019-10-10 00:02:08,548 [grpc-default-executor-0] INFO  impl.FollowerInfo (FollowerInfo.java:lambda$new$0(51)) - 76f4bde4-dad5-4a03-9d33-b63c46310e66@group-B2990AEFC048->fc8096d7-9d86-4d26-87c6-cf6d344fbedb: nextIndex: updateUnconditionally 17 -> 16
2019-10-10 00:02:08,548 [ForkJoinPool.commonPool-worker-0] INFO  utils.BackgroundService (BackgroundService.java:shutdown(151)) - Shutting down service BlockDeletingService
2019-10-10 00:02:08,548 [refreshUsed-/workdir/hadoop-ozone/integration-test/target/test-dir/MiniOzoneClusterImpl-8984d707-b3d2-42d5-a334-f25a69bbeeeb/datanode-4/data/containers] WARN  fs.CachingGetSpaceUsed (CachingGetSpaceUsed.java:run(183)) - Thread Interrupted waiting to refresh disk information: sleep interrupted
2019-10-10 00:02:08,553 [ForkJoinPool.commonPool-worker-0] INFO  statemachine.DatanodeStateMachine (DatanodeStateMachine.java:stopDaemon(395)) - Ozone container server stopped.
2019-10-10 00:02:08,559 [ForkJoinPool.commonPool-worker-0] INFO  handler.ContextHandler (ContextHandler.java:doStop(910)) - Stopped o.e.j.w.WebAppContext@7724704f{/,null,UNAVAILABLE}{/hddsDatanode}
2019-10-10 00:02:08,560 [ForkJoinPool.commonPool-worker-0] INFO  server.AbstractConnector (AbstractConnector.java:doStop(318)) - Stopped ServerConnector@3dfa819{HTTP/1.1,[http/1.1]}{0.0.0.0:0}
2019-10-10 00:02:08,561 [ForkJoinPool.commonPool-worker-0] INFO  handler.ContextHandler (ContextHandler.java:doStop(910)) - Stopped o.e.j.s.ServletContextHandler@2f2bff16{/static,jar:file:/home/user/.m2/repository/org/apache/hadoop/hadoop-hdds-container-service/0.5.0-SNAPSHOT/hadoop-hdds-container-service-0.5.0-SNAPSHOT.jar!/webapps/static,UNAVAILABLE}
2019-10-10 00:02:08,562 [ForkJoinPool.commonPool-worker-0] INFO  handler.ContextHandler (ContextHandler.java:doStop(910)) - Stopped o.e.j.s.ServletContextHandler@10f7c76{/logs,file:///workdir/hadoop-ozone/integration-test/target/log,UNAVAILABLE}
2019-10-10 00:02:08,578 [main] INFO  utils.BackgroundService (BackgroundService.java:shutdown(151)) - Shutting down service BlockDeletingService
2019-10-10 00:02:08,583 [main] INFO  statemachine.DatanodeStateMachine (DatanodeStateMachine.java:stopDaemon(395)) - Ozone container server stopped.
2019-10-10 00:02:08,584 [main] INFO  handler.ContextHandler (ContextHandler.java:doStop(910)) - Stopped o.e.j.w.WebAppContext@32130e61{/,null,UNAVAILABLE}{/hddsDatanode}
2019-10-10 00:02:08,585 [main] INFO  server.AbstractConnector (AbstractConnector.java:doStop(318)) - Stopped ServerConnector@41294371{HTTP/1.1,[http/1.1]}{0.0.0.0:0}
2019-10-10 00:02:08,585 [main] INFO  handler.ContextHandler (ContextHandler.java:doStop(910)) - Stopped o.e.j.s.ServletContextHandler@a5272be{/static,jar:file:/home/user/.m2/repository/org/apache/hadoop/hadoop-hdds-container-service/0.5.0-SNAPSHOT/hadoop-hdds-container-service-0.5.0-SNAPSHOT.jar!/webapps/static,UNAVAILABLE}
2019-10-10 00:02:08,586 [main] INFO  handler.ContextHandler (ContextHandler.java:doStop(910)) - Stopped o.e.j.s.ServletContextHandler@3204e238{/logs,file:///workdir/hadoop-ozone/integration-test/target/log,UNAVAILABLE}
2019-10-10 00:02:08,646 [Datanode State Machine Thread - 0] INFO  statemachine.DatanodeStateMachine (DatanodeStateMachine.java:lambda$startDaemon$0(350)) - Ozone container server started.
2019-10-10 00:02:08,937 [grpc-default-executor-0] WARN  server.GrpcLogAppender (LogUtils.java:warn(134)) - 76f4bde4-dad5-4a03-9d33-b63c46310e66@group-B2990AEFC048->fc8096d7-9d86-4d26-87c6-cf6d344fbedb-AppendLogResponseHandler: Failed appendEntries: org.apache.ratis.thirdparty.io.grpc.StatusRuntimeException: UNAVAILABLE: io exception
2019-10-10 00:02:08,938 [grpc-default-executor-0] INFO  impl.FollowerInfo (FollowerInfo.java:lambda$new$0(51)) - 76f4bde4-dad5-4a03-9d33-b63c46310e66@group-B2990AEFC048->fc8096d7-9d86-4d26-87c6-cf6d344fbedb: nextIndex: updateUnconditionally 16 -> 15
2019-10-10 00:02:09,222 [Datanode State Machine Thread - 0] INFO  statemachine.DatanodeStateMachine (DatanodeStateMachine.java:lambda$startDaemon$0(350)) - Ozone container server started.
2019-10-10 00:02:10,244 [grpc-default-executor-1] WARN  server.GrpcLogAppender (LogUtils.java:warn(134)) - 76f4bde4-dad5-4a03-9d33-b63c46310e66@group-B2990AEFC048->fc8096d7-9d86-4d26-87c6-cf6d344fbedb-AppendLogResponseHandler: Failed appendEntries: org.apache.ratis.thirdparty.io.grpc.StatusRuntimeException: UNAVAILABLE: io exception
2019-10-10 00:02:10,245 [grpc-default-executor-1] INFO  impl.FollowerInfo (FollowerInfo.java:lambda$new$0(51)) - 76f4bde4-dad5-4a03-9d33-b63c46310e66@group-B2990AEFC048->fc8096d7-9d86-4d26-87c6-cf6d344fbedb: nextIndex: updateUnconditionally 16 -> 15
2019-10-10 00:02:10,256 [grpc-default-executor-3] WARN  server.GrpcLogAppender (LogUtils.java:warn(134)) - 76f4bde4-dad5-4a03-9d33-b63c46310e66@group-B2990AEFC048->fc8096d7-9d86-4d26-87c6-cf6d344fbedb-AppendLogResponseHandler: Failed appendEntries: org.apache.ratis.thirdparty.io.grpc.StatusRuntimeException: UNAVAILABLE: io exception
2019-10-10 00:02:10,257 [grpc-default-executor-3] INFO  impl.FollowerInfo (FollowerInfo.java:lambda$new$0(51)) - 76f4bde4-dad5-4a03-9d33-b63c46310e66@group-B2990AEFC048->fc8096d7-9d86-4d26-87c6-cf6d344fbedb: nextIndex: updateUnconditionally 16 -> 15
2019-10-10 00:02:10,279 [grpc-default-executor-0] WARN  server.GrpcLogAppender (LogUtils.java:warn(134)) - 76f4bde4-dad5-4a03-9d33-b63c46310e66@group-B2990AEFC048->fc8096d7-9d86-4d26-87c6-cf6d344fbedb-AppendLogResponseHandler: Failed appendEntries: org.apache.ratis.thirdparty.io.grpc.StatusRuntimeException: UNAVAILABLE: io exception
2019-10-10 00:02:10,279 [grpc-default-executor-0] INFO  impl.FollowerInfo (FollowerInfo.java:lambda$new$0(51)) - 76f4bde4-dad5-4a03-9d33-b63c46310e66@group-B2990AEFC048->fc8096d7-9d86-4d26-87c6-cf6d344fbedb: nextIndex: updateUnconditionally 16 -> 15
2019-10-10 00:02:10,299 [RatisApplyTransactionExecutor 2] INFO  interfaces.Container (KeyValueContainer.java:flushAndSyncDB(386)) - Container 2 is synced with bcsId 14.
2019-10-10 00:02:10,301 [RatisApplyTransactionExecutor 2] INFO  interfaces.Container (KeyValueContainer.java:flushAndSyncDB(386)) - Container 2 is synced with bcsId 14.
2019-10-10 00:02:10,338 [RatisApplyTransactionExecutor 2] INFO  interfaces.Container (KeyValueContainer.java:flushAndSyncDB(386)) - Container 2 is synced with bcsId 14.
2019-10-10 00:02:10,338 [RatisApplyTransactionExecutor 2] INFO  interfaces.Container (KeyValueContainer.java:close(335)) - Container 2 is closed with bcsId 14.
2019-10-10 00:02:10,338 [RatisApplyTransactionExecutor 2] INFO  interfaces.Container (KeyValueContainer.java:flushAndSyncDB(386)) - Container 2 is synced with bcsId 14.
2019-10-10 00:02:10,340 [EventQueue-IncrementalContainerReportForIncrementalContainerReportHandler] INFO  container.IncrementalContainerReportHandler (AbstractContainerReportHandler.java:updateContainerState(178)) - Moving container #2 to CLOSED state, datanode 76f4bde4-dad5-4a03-9d33-b63c46310e66{ip: 192.168.5.166, host: pr-hdds-1868-fg6nx-4263576025, networkLocation: /default-rack, certSerialId: null} reported CLOSED replica.
2019-10-10 00:02:10,354 [RatisApplyTransactionExecutor 2] INFO  interfaces.Container (KeyValueContainer.java:close(335)) - Container 2 is closed with bcsId 14.
2019-10-10 00:02:12,671 [EventQueue-StaleNodeForStaleNodeHandler] INFO  node.StaleNodeHandler (StaleNodeHandler.java:onMessage(58)) - Datanode 912b0bdb-3095-44f3-93c0-19702928d0ba{ip: 192.168.5.166, host: pr-hdds-1868-fg6nx-4263576025, networkLocation: /default-rack, certSerialId: null} moved to stale state. Finalizing its pipelines [PipelineID=16d9b3ac-13f1-4197-b2ac-5f68059cf4a9]
2019-10-10 00:02:12,673 [EventQueue-StaleNodeForStaleNodeHandler] INFO  pipeline.SCMPipelineManager (SCMPipelineManager.java:finalizeAndDestroyPipeline(315)) - destroying pipeline:Pipeline[ Id: 16d9b3ac-13f1-4197-b2ac-5f68059cf4a9, Nodes: 912b0bdb-3095-44f3-93c0-19702928d0ba{ip: 192.168.5.166, host: pr-hdds-1868-fg6nx-4263576025, networkLocation: /default-rack, certSerialId: null}, Type:RATIS, Factor:ONE, State:OPEN]
2019-10-10 00:02:12,673 [EventQueue-StaleNodeForStaleNodeHandler] INFO  pipeline.PipelineStateManager (PipelineStateManager.java:finalizePipeline(123)) - Pipeline Pipeline[ Id: 16d9b3ac-13f1-4197-b2ac-5f68059cf4a9, Nodes: 912b0bdb-3095-44f3-93c0-19702928d0ba{ip: 192.168.5.166, host: pr-hdds-1868-fg6nx-4263576025, networkLocation: /default-rack, certSerialId: null}, Type:RATIS, Factor:ONE, State:CLOSED] moved to CLOSED state
2019-10-10 00:02:12,788 [grpc-default-executor-4] WARN  server.GrpcLogAppender (LogUtils.java:warn(134)) - 76f4bde4-dad5-4a03-9d33-b63c46310e66@group-B2990AEFC048->fc8096d7-9d86-4d26-87c6-cf6d344fbedb-AppendLogResponseHandler: Failed appendEntries: org.apache.ratis.thirdparty.io.grpc.StatusRuntimeException: UNAVAILABLE: io exception
2019-10-10 00:02:12,789 [grpc-default-executor-4] INFO  impl.FollowerInfo (FollowerInfo.java:lambda$new$0(51)) - 76f4bde4-dad5-4a03-9d33-b63c46310e66@group-B2990AEFC048->fc8096d7-9d86-4d26-87c6-cf6d344fbedb: nextIndex: updateUnconditionally 15 -> 14
2019-10-10 00:02:13,272 [EventQueue-StaleNodeForStaleNodeHandler] INFO  node.StaleNodeHandler (StaleNodeHandler.java:onMessage(58)) - Datanode 4808dac8-c899-40b2-85de-0feef9b59caa{ip: 192.168.5.166, host: pr-hdds-1868-fg6nx-4263576025, networkLocation: /default-rack, certSerialId: null} moved to stale state. Finalizing its pipelines [PipelineID=5b89882b-8e88-4482-9cd8-b2990aefc048, PipelineID=165f4aa2-f6bf-4aa1-80ea-81ef4000a079]
2019-10-10 00:02:13,272 [EventQueue-StaleNodeForStaleNodeHandler] INFO  pipeline.SCMPipelineManager (SCMPipelineManager.java:finalizeAndDestroyPipeline(315)) - destroying pipeline:Pipeline[ Id: 5b89882b-8e88-4482-9cd8-b2990aefc048, Nodes: 4808dac8-c899-40b2-85de-0feef9b59caa{ip: 192.168.5.166, host: pr-hdds-1868-fg6nx-4263576025, networkLocation: /default-rack, certSerialId: null}fc8096d7-9d86-4d26-87c6-cf6d344fbedb{ip: 192.168.5.166, host: pr-hdds-1868-fg6nx-4263576025, networkLocation: /default-rack, certSerialId: null}76f4bde4-dad5-4a03-9d33-b63c46310e66{ip: 192.168.5.166, host: pr-hdds-1868-fg6nx-4263576025, networkLocation: /default-rack, certSerialId: null}, Type:RATIS, Factor:THREE, State:CLOSED]
2019-10-10 00:02:13,273 [EventQueue-StaleNodeForStaleNodeHandler] INFO  pipeline.SCMPipelineManager (SCMPipelineManager.java:finalizeAndDestroyPipeline(315)) - destroying pipeline:Pipeline[ Id: 165f4aa2-f6bf-4aa1-80ea-81ef4000a079, Nodes: 4808dac8-c899-40b2-85de-0feef9b59caa{ip: 192.168.5.166, host: pr-hdds-1868-fg6nx-4263576025, networkLocation: /default-rack, certSerialId: null}, Type:RATIS, Factor:ONE, State:OPEN]
2019-10-10 00:02:13,273 [EventQueue-StaleNodeForStaleNodeHandler] INFO  pipeline.PipelineStateManager (PipelineStateManager.java:finalizePipeline(123)) - Pipeline Pipeline[ Id: 165f4aa2-f6bf-4aa1-80ea-81ef4000a079, Nodes: 4808dac8-c899-40b2-85de-0feef9b59caa{ip: 192.168.5.166, host: pr-hdds-1868-fg6nx-4263576025, networkLocation: /default-rack, certSerialId: null}, Type:RATIS, Factor:ONE, State:CLOSED] moved to CLOSED state
2019-10-10 00:02:13,566 [ForkJoinPool.commonPool-worker-0] INFO  ozoneimpl.OzoneContainer (OzoneContainer.java:stop(227)) - Attempting to stop container services.
2019-10-10 00:02:13,569 [ForkJoinPool.commonPool-worker-0] INFO  impl.RaftServerProxy (RaftServerProxy.java:lambda$close$4(314)) - 4808dac8-c899-40b2-85de-0feef9b59caa: close
2019-10-10 00:02:13,569 [ForkJoinPool.commonPool-worker-0] INFO  impl.RaftServerImpl (RaftServerImpl.java:lambda$shutdown$3(247)) - 4808dac8-c899-40b2-85de-0feef9b59caa@group-B2990AEFC048: shutdown
2019-10-10 00:02:13,570 [ForkJoinPool.commonPool-worker-0] INFO  util.JmxRegister (JmxRegister.java:unregister(73)) - Successfully un-registered JMX Bean with object name Ratis:service=RaftServer,group=group-B2990AEFC048,id=4808dac8-c899-40b2-85de-0feef9b59caa
2019-10-10 00:02:13,570 [ForkJoinPool.commonPool-worker-0] INFO  impl.RoleInfo (RoleInfo.java:shutdownFollowerState(121)) - 4808dac8-c899-40b2-85de-0feef9b59caa: shutdown FollowerState
2019-10-10 00:02:13,570 [ForkJoinPool.commonPool-worker-0] INFO  impl.StateMachineUpdater (StateMachineUpdater.java:stopAndJoin(136)) - 4808dac8-c899-40b2-85de-0feef9b59caa@group-B2990AEFC048-StateMachineUpdater: set stopIndex = 18
2019-10-10 00:02:13,570 [4808dac8-c899-40b2-85de-0feef9b59caa@group-B2990AEFC048-StateMachineUpdater] INFO  ratis.ContainerStateMachine (ContainerStateMachine.java:takeSnapshot(296)) - group-B2990AEFC048: Taking a snapshot at:(t:1, i:17) file /workdir/hadoop-ozone/integration-test/target/test-dir/MiniOzoneClusterImpl-8984d707-b3d2-42d5-a334-f25a69bbeeeb/datanode-6/data/ratis/5b89882b-8e88-4482-9cd8-b2990aefc048/sm/snapshot.1_17
2019-10-10 00:02:13,570 [Thread-334] INFO  impl.FollowerState (FollowerState.java:run(117)) - 4808dac8-c899-40b2-85de-0feef9b59caa@group-B2990AEFC048-FollowerState was interrupted: java.lang.InterruptedException: sleep interrupted
2019-10-10 00:02:13,584 [4808dac8-c899-40b2-85de-0feef9b59caa@group-B2990AEFC048-StateMachineUpdater] INFO  ratis.ContainerStateMachine (ContainerStateMachine.java:takeSnapshot(307)) - group-B2990AEFC048: Finished taking a snapshot at:(t:1, i:17) file:/workdir/hadoop-ozone/integration-test/target/test-dir/MiniOzoneClusterImpl-8984d707-b3d2-42d5-a334-f25a69bbeeeb/datanode-6/data/ratis/5b89882b-8e88-4482-9cd8-b2990aefc048/sm/snapshot.1_17 time:14
2019-10-10 00:02:13,584 [4808dac8-c899-40b2-85de-0feef9b59caa@group-B2990AEFC048-StateMachineUpdater] INFO  impl.StateMachineUpdater (StateMachineUpdater.java:takeSnapshot(269)) - 4808dac8-c899-40b2-85de-0feef9b59caa@group-B2990AEFC048-StateMachineUpdater: Took a snapshot at index 17
2019-10-10 00:02:13,585 [4808dac8-c899-40b2-85de-0feef9b59caa@group-B2990AEFC048-StateMachineUpdater] INFO  impl.StateMachineUpdater (StateMachineUpdater.java:lambda$new$0(84)) - 4808dac8-c899-40b2-85de-0feef9b59caa@group-B2990AEFC048-StateMachineUpdater: snapshotIndex: updateIncreasingly -1 -> 17
2019-10-10 00:02:13,585 [4808dac8-c899-40b2-85de-0feef9b59caa@group-B2990AEFC048-StateMachineUpdater] INFO  ratis.ContainerStateMachine (ContainerStateMachine.java:takeSnapshot(296)) - group-B2990AEFC048: Taking a snapshot at:(t:1, i:17) file /workdir/hadoop-ozone/integration-test/target/test-dir/MiniOzoneClusterImpl-8984d707-b3d2-42d5-a334-f25a69bbeeeb/datanode-6/data/ratis/5b89882b-8e88-4482-9cd8-b2990aefc048/sm/snapshot.1_17
2019-10-10 00:02:13,588 [main] INFO  ozoneimpl.OzoneContainer (OzoneContainer.java:stop(227)) - Attempting to stop container services.
2019-10-10 00:02:13,588 [main] INFO  impl.RaftServerProxy (RaftServerProxy.java:lambda$close$4(314)) - 912b0bdb-3095-44f3-93c0-19702928d0ba: close
2019-10-10 00:02:13,589 [main] INFO  impl.RaftServerImpl (RaftServerImpl.java:lambda$shutdown$3(247)) - 912b0bdb-3095-44f3-93c0-19702928d0ba@group-5F68059CF4A9: shutdown
2019-10-10 00:02:13,589 [main] INFO  util.JmxRegister (JmxRegister.java:unregister(73)) - Successfully un-registered JMX Bean with object name Ratis:service=RaftServer,group=group-5F68059CF4A9,id=912b0bdb-3095-44f3-93c0-19702928d0ba
2019-10-10 00:02:13,589 [main] INFO  impl.RoleInfo (RoleInfo.java:shutdownLeaderState(104)) - 912b0bdb-3095-44f3-93c0-19702928d0ba: shutdown LeaderState
2019-10-10 00:02:13,589 [main] INFO  impl.PendingRequests (PendingRequests.java:sendNotLeaderResponses(202)) - 912b0bdb-3095-44f3-93c0-19702928d0ba@group-5F68059CF4A9-PendingRequests: sendNotLeaderResponses
2019-10-10 00:02:13,590 [main] INFO  impl.StateMachineUpdater (StateMachineUpdater.java:stopAndJoin(136)) - 912b0bdb-3095-44f3-93c0-19702928d0ba@group-5F68059CF4A9-StateMachineUpdater: set stopIndex = 0
2019-10-10 00:02:13,590 [main] INFO  impl.RaftServerImpl (ServerState.java:close(387)) - 912b0bdb-3095-44f3-93c0-19702928d0ba@group-5F68059CF4A9: closes. applyIndex: 0
2019-10-10 00:02:13,591 [912b0bdb-3095-44f3-93c0-19702928d0ba@group-5F68059CF4A9-SegmentedRaftLogWorker] INFO  segmented.SegmentedRaftLogWorker (SegmentedRaftLogWorker.java:run(316)) - 912b0bdb-3095-44f3-93c0-19702928d0ba@group-5F68059CF4A9-SegmentedRaftLogWorker was interrupted, exiting. There are 0 tasks remaining in the queue.
2019-10-10 00:02:13,591 [main] INFO  segmented.SegmentedRaftLogWorker (SegmentedRaftLogWorker.java:close(224)) - 912b0bdb-3095-44f3-93c0-19702928d0ba@group-5F68059CF4A9-SegmentedRaftLogWorker close()
2019-10-10 00:02:13,592 [main] INFO  server.GrpcService (GrpcService.java:closeImpl(164)) - 912b0bdb-3095-44f3-93c0-19702928d0ba: shutdown server with port 42393 now
2019-10-10 00:02:13,593 [main] INFO  server.GrpcService (GrpcService.java:closeImpl(172)) - 912b0bdb-3095-44f3-93c0-19702928d0ba: shutdown server with port 42393 successfully
2019-10-10 00:02:13,594 [refreshUsed-/workdir/hadoop-ozone/integration-test/target/test-dir/MiniOzoneClusterImpl-8984d707-b3d2-42d5-a334-f25a69bbeeeb/datanode-3/data/containers] WARN  fs.CachingGetSpaceUsed (CachingGetSpaceUsed.java:run(183)) - Thread Interrupted waiting to refresh disk information: sleep interrupted
2019-10-10 00:02:13,597 [4808dac8-c899-40b2-85de-0feef9b59caa@group-B2990AEFC048-StateMachineUpdater] INFO  ratis.ContainerStateMachine (ContainerStateMachine.java:takeSnapshot(307)) - group-B2990AEFC048: Finished taking a snapshot at:(t:1, i:17) file:/workdir/hadoop-ozone/integration-test/target/test-dir/MiniOzoneClusterImpl-8984d707-b3d2-42d5-a334-f25a69bbeeeb/datanode-6/data/ratis/5b89882b-8e88-4482-9cd8-b2990aefc048/sm/snapshot.1_17 time:12
2019-10-10 00:02:13,598 [4808dac8-c899-40b2-85de-0feef9b59caa@group-B2990AEFC048-StateMachineUpdater] INFO  impl.StateMachineUpdater (StateMachineUpdater.java:takeSnapshot(269)) - 4808dac8-c899-40b2-85de-0feef9b59caa@group-B2990AEFC048-StateMachineUpdater: Took a snapshot at index 17
2019-10-10 00:02:13,598 [4808dac8-c899-40b2-85de-0feef9b59caa@group-B2990AEFC048-StateMachineUpdater] INFO  impl.StateMachineUpdater (StateMachineUpdater.java:lambda$new$0(84)) - 4808dac8-c899-40b2-85de-0feef9b59caa@group-B2990AEFC048-StateMachineUpdater: snapshotIndex: updateIncreasingly 17 -> 17
2019-10-10 00:02:13,598 [ForkJoinPool.commonPool-worker-0] INFO  impl.RaftServerImpl (ServerState.java:close(387)) - 4808dac8-c899-40b2-85de-0feef9b59caa@group-B2990AEFC048: closes. applyIndex: 18
2019-10-10 00:02:13,599 [4808dac8-c899-40b2-85de-0feef9b59caa@group-B2990AEFC048-SegmentedRaftLogWorker] INFO  segmented.SegmentedRaftLogWorker (SegmentedRaftLogWorker.java:run(316)) - 4808dac8-c899-40b2-85de-0feef9b59caa@group-B2990AEFC048-SegmentedRaftLogWorker was interrupted, exiting. There are 0 tasks remaining in the queue.
2019-10-10 00:02:13,600 [ForkJoinPool.commonPool-worker-0] INFO  segmented.SegmentedRaftLogWorker (SegmentedRaftLogWorker.java:close(224)) - 4808dac8-c899-40b2-85de-0feef9b59caa@group-B2990AEFC048-SegmentedRaftLogWorker close()
2019-10-10 00:02:13,601 [ForkJoinPool.commonPool-worker-0] INFO  impl.RaftServerImpl (RaftServerImpl.java:lambda$shutdown$3(247)) - 4808dac8-c899-40b2-85de-0feef9b59caa@group-81EF4000A079: shutdown
2019-10-10 00:02:13,601 [ForkJoinPool.commonPool-worker-0] INFO  util.JmxRegister (JmxRegister.java:unregister(73)) - Successfully un-registered JMX Bean with object name Ratis:service=RaftServer,group=group-81EF4000A079,id=4808dac8-c899-40b2-85de-0feef9b59caa
2019-10-10 00:02:13,601 [ForkJoinPool.commonPool-worker-0] INFO  impl.RoleInfo (RoleInfo.java:shutdownLeaderState(104)) - 4808dac8-c899-40b2-85de-0feef9b59caa: shutdown LeaderState
2019-10-10 00:02:13,601 [ForkJoinPool.commonPool-worker-0] INFO  impl.PendingRequests (PendingRequests.java:sendNotLeaderResponses(202)) - 4808dac8-c899-40b2-85de-0feef9b59caa@group-81EF4000A079-PendingRequests: sendNotLeaderResponses
2019-10-10 00:02:13,601 [ForkJoinPool.commonPool-worker-0] INFO  impl.StateMachineUpdater (StateMachineUpdater.java:stopAndJoin(136)) - 4808dac8-c899-40b2-85de-0feef9b59caa@group-81EF4000A079-StateMachineUpdater: set stopIndex = 0
2019-10-10 00:02:13,602 [ForkJoinPool.commonPool-worker-0] INFO  impl.RaftServerImpl (ServerState.java:close(387)) - 4808dac8-c899-40b2-85de-0feef9b59caa@group-81EF4000A079: closes. applyIndex: 0
2019-10-10 00:02:13,602 [4808dac8-c899-40b2-85de-0feef9b59caa@group-81EF4000A079-SegmentedRaftLogWorker] INFO  segmented.SegmentedRaftLogWorker (SegmentedRaftLogWorker.java:run(316)) - 4808dac8-c899-40b2-85de-0feef9b59caa@group-81EF4000A079-SegmentedRaftLogWorker was interrupted, exiting. There are 0 tasks remaining in the queue.
2019-10-10 00:02:13,602 [ForkJoinPool.commonPool-worker-0] INFO  segmented.SegmentedRaftLogWorker (SegmentedRaftLogWorker.java:close(224)) - 4808dac8-c899-40b2-85de-0feef9b59caa@group-81EF4000A079-SegmentedRaftLogWorker close()
2019-10-10 00:02:13,602 [ForkJoinPool.commonPool-worker-0] INFO  server.GrpcService (GrpcService.java:closeImpl(164)) - 4808dac8-c899-40b2-85de-0feef9b59caa: shutdown server with port 41801 now
2019-10-10 00:02:13,603 [grpc-default-executor-1] WARN  server.GrpcServerProtocolService (LogUtils.java:warn(134)) - 4808dac8-c899-40b2-85de-0feef9b59caa: installSnapshot onError, lastRequest: 76f4bde4-dad5-4a03-9d33-b63c46310e66->4808dac8-c899-40b2-85de-0feef9b59caa#54-t1, previous=(t:1, i:18), leaderCommit=18, initializing? false, entries: <empty>: org.apache.ratis.thirdparty.io.grpc.StatusRuntimeException: CANCELLED: cancelled before receiving half close
2019-10-10 00:02:13,603 [ForkJoinPool.commonPool-worker-0] INFO  server.GrpcService (GrpcService.java:closeImpl(172)) - 4808dac8-c899-40b2-85de-0feef9b59caa: shutdown server with port 41801 successfully
2019-10-10 00:02:13,603 [grpc-default-executor-4] WARN  server.GrpcLogAppender (LogUtils.java:warn(134)) - 76f4bde4-dad5-4a03-9d33-b63c46310e66@group-B2990AEFC048->4808dac8-c899-40b2-85de-0feef9b59caa-AppendLogResponseHandler: Failed appendEntries: org.apache.ratis.thirdparty.io.grpc.StatusRuntimeException: CANCELLED: HTTP/2 error code: CANCEL
Received Rst Stream
2019-10-10 00:02:13,606 [grpc-default-executor-4] INFO  impl.FollowerInfo (FollowerInfo.java:lambda$new$0(51)) - 76f4bde4-dad5-4a03-9d33-b63c46310e66@group-B2990AEFC048->4808dac8-c899-40b2-85de-0feef9b59caa: nextIndex: updateUnconditionally 19 -> 18
2019-10-10 00:02:13,607 [refreshUsed-/workdir/hadoop-ozone/integration-test/target/test-dir/MiniOzoneClusterImpl-8984d707-b3d2-42d5-a334-f25a69bbeeeb/datanode-6/data/containers] WARN  fs.CachingGetSpaceUsed (CachingGetSpaceUsed.java:run(183)) - Thread Interrupted waiting to refresh disk information: sleep interrupted
2019-10-10 00:02:13,616 [main] INFO  utils.BackgroundService (BackgroundService.java:shutdown(151)) - Shutting down service BlockDeletingService
2019-10-10 00:02:13,619 [main] INFO  statemachine.DatanodeStateMachine (DatanodeStateMachine.java:stopDaemon(395)) - Ozone container server stopped.
2019-10-10 00:02:13,621 [main] INFO  handler.ContextHandler (ContextHandler.java:doStop(910)) - Stopped o.e.j.w.WebAppContext@45acdd11{/,null,UNAVAILABLE}{/hddsDatanode}
2019-10-10 00:02:13,621 [main] INFO  server.AbstractConnector (AbstractConnector.java:doStop(318)) - Stopped ServerConnector@3f0d6038{HTTP/1.1,[http/1.1]}{0.0.0.0:0}
2019-10-10 00:02:13,622 [main] INFO  handler.ContextHandler (ContextHandler.java:doStop(910)) - Stopped o.e.j.s.ServletContextHandler@1fb2d5e{/static,jar:file:/home/user/.m2/repository/org/apache/hadoop/hadoop-hdds-container-service/0.5.0-SNAPSHOT/hadoop-hdds-container-service-0.5.0-SNAPSHOT.jar!/webapps/static,UNAVAILABLE}
2019-10-10 00:02:13,622 [main] INFO  handler.ContextHandler (ContextHandler.java:doStop(910)) - Stopped o.e.j.s.ServletContextHandler@102c577f{/logs,file:///workdir/hadoop-ozone/integration-test/target/log,UNAVAILABLE}
2019-10-10 00:02:13,627 [ForkJoinPool.commonPool-worker-0] INFO  utils.BackgroundService (BackgroundService.java:shutdown(151)) - Shutting down service BlockDeletingService
2019-10-10 00:02:13,645 [ForkJoinPool.commonPool-worker-0] INFO  statemachine.DatanodeStateMachine (DatanodeStateMachine.java:stopDaemon(395)) - Ozone container server stopped.
2019-10-10 00:02:13,649 [ForkJoinPool.commonPool-worker-0] INFO  handler.ContextHandler (ContextHandler.java:doStop(910)) - Stopped o.e.j.w.WebAppContext@d277579{/,null,UNAVAILABLE}{/hddsDatanode}
2019-10-10 00:02:13,649 [ForkJoinPool.commonPool-worker-0] INFO  server.AbstractConnector (AbstractConnector.java:doStop(318)) - Stopped ServerConnector@5db6b845{HTTP/1.1,[http/1.1]}{0.0.0.0:0}
2019-10-10 00:02:13,650 [ForkJoinPool.commonPool-worker-0] INFO  handler.ContextHandler (ContextHandler.java:doStop(910)) - Stopped o.e.j.s.ServletContextHandler@3e3315d9{/static,jar:file:/home/user/.m2/repository/org/apache/hadoop/hadoop-hdds-container-service/0.5.0-SNAPSHOT/hadoop-hdds-container-service-0.5.0-SNAPSHOT.jar!/webapps/static,UNAVAILABLE}
2019-10-10 00:02:13,652 [ForkJoinPool.commonPool-worker-0] INFO  handler.ContextHandler (ContextHandler.java:doStop(910)) - Stopped o.e.j.s.ServletContextHandler@a2341c6{/logs,file:///workdir/hadoop-ozone/integration-test/target/log,UNAVAILABLE}
2019-10-10 00:02:14,338 [Datanode State Machine Thread - 0] INFO  statemachine.DatanodeStateMachine (DatanodeStateMachine.java:lambda$startDaemon$0(350)) - Ozone container server started.
2019-10-10 00:02:15,286 [grpc-default-executor-3] WARN  server.GrpcLogAppender (LogUtils.java:warn(134)) - 76f4bde4-dad5-4a03-9d33-b63c46310e66@group-B2990AEFC048->fc8096d7-9d86-4d26-87c6-cf6d344fbedb-AppendLogResponseHandler: Failed appendEntries: org.apache.ratis.thirdparty.io.grpc.StatusRuntimeException: UNAVAILABLE: io exception
2019-10-10 00:02:15,286 [grpc-default-executor-3] INFO  impl.FollowerInfo (FollowerInfo.java:lambda$new$0(51)) - 76f4bde4-dad5-4a03-9d33-b63c46310e66@group-B2990AEFC048->fc8096d7-9d86-4d26-87c6-cf6d344fbedb: nextIndex: updateUnconditionally 14 -> 13
2019-10-10 00:02:15,292 [grpc-default-executor-1] WARN  server.GrpcLogAppender (LogUtils.java:warn(134)) - 76f4bde4-dad5-4a03-9d33-b63c46310e66@group-B2990AEFC048->4808dac8-c899-40b2-85de-0feef9b59caa-AppendLogResponseHandler: Failed appendEntries: org.apache.ratis.thirdparty.io.grpc.StatusRuntimeException: UNAVAILABLE: io exception
2019-10-10 00:02:15,293 [grpc-default-executor-1] INFO  impl.FollowerInfo (FollowerInfo.java:lambda$new$0(51)) - 76f4bde4-dad5-4a03-9d33-b63c46310e66@group-B2990AEFC048->4808dac8-c899-40b2-85de-0feef9b59caa: nextIndex: updateUnconditionally 18 -> 17
2019-10-10 00:02:17,793 [grpc-default-executor-1] WARN  server.GrpcLogAppender (LogUtils.java:warn(134)) - 76f4bde4-dad5-4a03-9d33-b63c46310e66@group-B2990AEFC048->fc8096d7-9d86-4d26-87c6-cf6d344fbedb-AppendLogResponseHandler: Failed appendEntries: org.apache.ratis.thirdparty.io.grpc.StatusRuntimeException: UNAVAILABLE: io exception
2019-10-10 00:02:17,795 [grpc-default-executor-3] WARN  server.GrpcLogAppender (LogUtils.java:warn(134)) - 76f4bde4-dad5-4a03-9d33-b63c46310e66@group-B2990AEFC048->4808dac8-c899-40b2-85de-0feef9b59caa-AppendLogResponseHandler: Failed appendEntries: org.apache.ratis.thirdparty.io.grpc.StatusRuntimeException: UNAVAILABLE: io exception
2019-10-10 00:02:17,796 [grpc-default-executor-1] INFO  impl.FollowerInfo (FollowerInfo.java:lambda$new$0(51)) - 76f4bde4-dad5-4a03-9d33-b63c46310e66@group-B2990AEFC048->fc8096d7-9d86-4d26-87c6-cf6d344fbedb: nextIndex: updateUnconditionally 13 -> 12
2019-10-10 00:02:17,796 [grpc-default-executor-3] INFO  impl.FollowerInfo (FollowerInfo.java:lambda$new$0(51)) - 76f4bde4-dad5-4a03-9d33-b63c46310e66@group-B2990AEFC048->4808dac8-c899-40b2-85de-0feef9b59caa: nextIndex: updateUnconditionally 17 -> 16
2019-10-10 00:02:18,381 [EventQueue-StaleNodeForStaleNodeHandler] INFO  node.StaleNodeHandler (StaleNodeHandler.java:onMessage(58)) - Datanode 76f4bde4-dad5-4a03-9d33-b63c46310e66{ip: 192.168.5.166, host: pr-hdds-1868-fg6nx-4263576025, networkLocation: /default-rack, certSerialId: null} moved to stale state. Finalizing its pipelines [PipelineID=ba680de0-9ac6-42e1-be44-8d21409a69e3, PipelineID=5b89882b-8e88-4482-9cd8-b2990aefc048]
2019-10-10 00:02:18,383 [EventQueue-StaleNodeForStaleNodeHandler] INFO  pipeline.SCMPipelineManager (SCMPipelineManager.java:finalizeAndDestroyPipeline(315)) - destroying pipeline:Pipeline[ Id: ba680de0-9ac6-42e1-be44-8d21409a69e3, Nodes: 76f4bde4-dad5-4a03-9d33-b63c46310e66{ip: 192.168.5.166, host: pr-hdds-1868-fg6nx-4263576025, networkLocation: /default-rack, certSerialId: null}, Type:RATIS, Factor:ONE, State:OPEN]
2019-10-10 00:02:18,383 [EventQueue-StaleNodeForStaleNodeHandler] INFO  pipeline.PipelineStateManager (PipelineStateManager.java:finalizePipeline(123)) - Pipeline Pipeline[ Id: ba680de0-9ac6-42e1-be44-8d21409a69e3, Nodes: 76f4bde4-dad5-4a03-9d33-b63c46310e66{ip: 192.168.5.166, host: pr-hdds-1868-fg6nx-4263576025, networkLocation: /default-rack, certSerialId: null}, Type:RATIS, Factor:ONE, State:CLOSED] moved to CLOSED state
2019-10-10 00:02:18,384 [EventQueue-StaleNodeForStaleNodeHandler] INFO  pipeline.SCMPipelineManager (SCMPipelineManager.java:finalizeAndDestroyPipeline(315)) - destroying pipeline:Pipeline[ Id: 5b89882b-8e88-4482-9cd8-b2990aefc048, Nodes: 4808dac8-c899-40b2-85de-0feef9b59caa{ip: 192.168.5.166, host: pr-hdds-1868-fg6nx-4263576025, networkLocation: /default-rack, certSerialId: null}fc8096d7-9d86-4d26-87c6-cf6d344fbedb{ip: 192.168.5.166, host: pr-hdds-1868-fg6nx-4263576025, networkLocation: /default-rack, certSerialId: null}76f4bde4-dad5-4a03-9d33-b63c46310e66{ip: 192.168.5.166, host: pr-hdds-1868-fg6nx-4263576025, networkLocation: /default-rack, certSerialId: null}, Type:RATIS, Factor:THREE, State:CLOSED]
2019-10-10 00:02:18,625 [main] INFO  ozoneimpl.OzoneContainer (OzoneContainer.java:stop(227)) - Attempting to stop container services.
2019-10-10 00:02:18,626 [main] INFO  impl.RaftServerProxy (RaftServerProxy.java:lambda$close$4(314)) - 76f4bde4-dad5-4a03-9d33-b63c46310e66: close
2019-10-10 00:02:18,627 [main] INFO  impl.RaftServerImpl (RaftServerImpl.java:lambda$shutdown$3(247)) - 76f4bde4-dad5-4a03-9d33-b63c46310e66@group-8D21409A69E3: shutdown
2019-10-10 00:02:18,627 [ForkJoinPool.commonPool-worker-1] INFO  impl.RaftServerImpl (RaftServerImpl.java:lambda$shutdown$3(247)) - 76f4bde4-dad5-4a03-9d33-b63c46310e66@group-B2990AEFC048: shutdown
2019-10-10 00:02:18,629 [main] INFO  util.JmxRegister (JmxRegister.java:unregister(73)) - Successfully un-registered JMX Bean with object name Ratis:service=RaftServer,group=group-8D21409A69E3,id=76f4bde4-dad5-4a03-9d33-b63c46310e66
2019-10-10 00:02:18,629 [ForkJoinPool.commonPool-worker-1] INFO  util.JmxRegister (JmxRegister.java:unregister(73)) - Successfully un-registered JMX Bean with object name Ratis:service=RaftServer,group=group-B2990AEFC048,id=76f4bde4-dad5-4a03-9d33-b63c46310e66
2019-10-10 00:02:18,629 [main] INFO  impl.RoleInfo (RoleInfo.java:shutdownLeaderState(104)) - 76f4bde4-dad5-4a03-9d33-b63c46310e66: shutdown LeaderState
2019-10-10 00:02:18,630 [ForkJoinPool.commonPool-worker-1] INFO  impl.RoleInfo (RoleInfo.java:shutdownLeaderState(104)) - 76f4bde4-dad5-4a03-9d33-b63c46310e66: shutdown LeaderState
2019-10-10 00:02:18,630 [main] INFO  impl.PendingRequests (PendingRequests.java:sendNotLeaderResponses(202)) - 76f4bde4-dad5-4a03-9d33-b63c46310e66@group-8D21409A69E3-PendingRequests: sendNotLeaderResponses
2019-10-10 00:02:18,632 [org.apache.ratis.server.impl.LogAppender$AppenderDaemon$$Lambda$372/118475270@7036cadf] WARN  server.GrpcLogAppender (GrpcLogAppender.java:mayWait(143)) - 76f4bde4-dad5-4a03-9d33-b63c46310e66@group-B2990AEFC048->4808dac8-c899-40b2-85de-0feef9b59caa-GrpcLogAppender: Wait interrupted by java.lang.InterruptedException
2019-10-10 00:02:18,632 [org.apache.ratis.server.impl.LogAppender$AppenderDaemon$$Lambda$372/118475270@68a0ea89] WARN  server.GrpcLogAppender (GrpcLogAppender.java:mayWait(143)) - 76f4bde4-dad5-4a03-9d33-b63c46310e66@group-B2990AEFC048->fc8096d7-9d86-4d26-87c6-cf6d344fbedb-GrpcLogAppender: Wait interrupted by java.lang.InterruptedException
2019-10-10 00:02:18,632 [ForkJoinPool.commonPool-worker-1] INFO  impl.PendingRequests (PendingRequests.java:sendNotLeaderResponses(202)) - 76f4bde4-dad5-4a03-9d33-b63c46310e66@group-B2990AEFC048-PendingRequests: sendNotLeaderResponses
2019-10-10 00:02:18,632 [main] INFO  impl.StateMachineUpdater (StateMachineUpdater.java:stopAndJoin(136)) - 76f4bde4-dad5-4a03-9d33-b63c46310e66@group-8D21409A69E3-StateMachineUpdater: set stopIndex = 0
2019-10-10 00:02:18,633 [main] INFO  impl.RaftServerImpl (ServerState.java:close(387)) - 76f4bde4-dad5-4a03-9d33-b63c46310e66@group-8D21409A69E3: closes. applyIndex: 0
2019-10-10 00:02:18,634 [ForkJoinPool.commonPool-worker-1] INFO  impl.StateMachineUpdater (StateMachineUpdater.java:stopAndJoin(136)) - 76f4bde4-dad5-4a03-9d33-b63c46310e66@group-B2990AEFC048-StateMachineUpdater: set stopIndex = 18
2019-10-10 00:02:18,634 [76f4bde4-dad5-4a03-9d33-b63c46310e66@group-B2990AEFC048-StateMachineUpdater] INFO  ratis.ContainerStateMachine (ContainerStateMachine.java:takeSnapshot(296)) - group-B2990AEFC048: Taking a snapshot at:(t:1, i:18) file /workdir/hadoop-ozone/integration-test/target/test-dir/MiniOzoneClusterImpl-8984d707-b3d2-42d5-a334-f25a69bbeeeb/datanode-5/data/ratis/5b89882b-8e88-4482-9cd8-b2990aefc048/sm/snapshot.1_18
2019-10-10 00:02:18,634 [76f4bde4-dad5-4a03-9d33-b63c46310e66@group-8D21409A69E3-SegmentedRaftLogWorker] INFO  segmented.SegmentedRaftLogWorker (SegmentedRaftLogWorker.java:run(316)) - 76f4bde4-dad5-4a03-9d33-b63c46310e66@group-8D21409A69E3-SegmentedRaftLogWorker was interrupted, exiting. There are 0 tasks remaining in the queue.
2019-10-10 00:02:18,646 [main] INFO  segmented.SegmentedRaftLogWorker (SegmentedRaftLogWorker.java:close(224)) - 76f4bde4-dad5-4a03-9d33-b63c46310e66@group-8D21409A69E3-SegmentedRaftLogWorker close()
2019-10-10 00:02:18,660 [76f4bde4-dad5-4a03-9d33-b63c46310e66@group-B2990AEFC048-StateMachineUpdater] INFO  ratis.ContainerStateMachine (ContainerStateMachine.java:takeSnapshot(307)) - group-B2990AEFC048: Finished taking a snapshot at:(t:1, i:18) file:/workdir/hadoop-ozone/integration-test/target/test-dir/MiniOzoneClusterImpl-8984d707-b3d2-42d5-a334-f25a69bbeeeb/datanode-5/data/ratis/5b89882b-8e88-4482-9cd8-b2990aefc048/sm/snapshot.1_18 time:26
2019-10-10 00:02:18,660 [76f4bde4-dad5-4a03-9d33-b63c46310e66@group-B2990AEFC048-StateMachineUpdater] INFO  impl.StateMachineUpdater (StateMachineUpdater.java:takeSnapshot(269)) - 76f4bde4-dad5-4a03-9d33-b63c46310e66@group-B2990AEFC048-StateMachineUpdater: Took a snapshot at index 18
2019-10-10 00:02:18,660 [76f4bde4-dad5-4a03-9d33-b63c46310e66@group-B2990AEFC048-StateMachineUpdater] INFO  impl.StateMachineUpdater (StateMachineUpdater.java:lambda$new$0(84)) - 76f4bde4-dad5-4a03-9d33-b63c46310e66@group-B2990AEFC048-StateMachineUpdater: snapshotIndex: updateIncreasingly -1 -> 18
2019-10-10 00:02:18,661 [ForkJoinPool.commonPool-worker-1] INFO  impl.RaftServerImpl (ServerState.java:close(387)) - 76f4bde4-dad5-4a03-9d33-b63c46310e66@group-B2990AEFC048: closes. applyIndex: 18
2019-10-10 00:02:18,661 [76f4bde4-dad5-4a03-9d33-b63c46310e66@group-B2990AEFC048-SegmentedRaftLogWorker] INFO  segmented.SegmentedRaftLogWorker (SegmentedRaftLogWorker.java:run(316)) - 76f4bde4-dad5-4a03-9d33-b63c46310e66@group-B2990AEFC048-SegmentedRaftLogWorker was interrupted, exiting. There are 0 tasks remaining in the queue.
2019-10-10 00:02:18,662 [ForkJoinPool.commonPool-worker-1] INFO  segmented.SegmentedRaftLogWorker (SegmentedRaftLogWorker.java:close(224)) - 76f4bde4-dad5-4a03-9d33-b63c46310e66@group-B2990AEFC048-SegmentedRaftLogWorker close()
2019-10-10 00:02:18,662 [main] INFO  server.GrpcService (GrpcService.java:closeImpl(164)) - 76f4bde4-dad5-4a03-9d33-b63c46310e66: shutdown server with port 35485 now
2019-10-10 00:02:18,664 [grpc-default-executor-1] WARN  client.GrpcClientProtocolService (LogUtils.java:warn(134)) - 1-UnorderedRequestStreamObserver1: onError: org.apache.ratis.thirdparty.io.grpc.StatusRuntimeException: CANCELLED: cancelled before receiving half close
2019-10-10 00:02:18,664 [main] INFO  server.GrpcService (GrpcService.java:closeImpl(172)) - 76f4bde4-dad5-4a03-9d33-b63c46310e66: shutdown server with port 35485 successfully
2019-10-10 00:02:18,667 [refreshUsed-/workdir/hadoop-ozone/integration-test/target/test-dir/MiniOzoneClusterImpl-8984d707-b3d2-42d5-a334-f25a69bbeeeb/datanode-5/data/containers] WARN  fs.CachingGetSpaceUsed (CachingGetSpaceUsed.java:run(183)) - Thread Interrupted waiting to refresh disk information: sleep interrupted
2019-10-10 00:02:18,685 [main] INFO  utils.BackgroundService (BackgroundService.java:shutdown(151)) - Shutting down service BlockDeletingService
2019-10-10 00:02:18,687 [main] INFO  statemachine.DatanodeStateMachine (DatanodeStateMachine.java:stopDaemon(395)) - Ozone container server stopped.
2019-10-10 00:02:18,706 [main] INFO  handler.ContextHandler (ContextHandler.java:doStop(910)) - Stopped o.e.j.w.WebAppContext@2a4f5433{/,null,UNAVAILABLE}{/hddsDatanode}
2019-10-10 00:02:18,707 [main] INFO  server.AbstractConnector (AbstractConnector.java:doStop(318)) - Stopped ServerConnector@6812fa3a{HTTP/1.1,[http/1.1]}{0.0.0.0:0}
2019-10-10 00:02:18,707 [main] INFO  handler.ContextHandler (ContextHandler.java:doStop(910)) - Stopped o.e.j.s.ServletContextHandler@3c83468e{/static,jar:file:/home/user/.m2/repository/org/apache/hadoop/hadoop-hdds-container-service/0.5.0-SNAPSHOT/hadoop-hdds-container-service-0.5.0-SNAPSHOT.jar!/webapps/static,UNAVAILABLE}
2019-10-10 00:02:18,708 [main] INFO  handler.ContextHandler (ContextHandler.java:doStop(910)) - Stopped o.e.j.s.ServletContextHandler@3aa41da1{/logs,file:///workdir/hadoop-ozone/integration-test/target/log,UNAVAILABLE}
2019-10-10 00:02:18,709 [main] INFO  ozone.MiniOzoneClusterImpl (MiniOzoneClusterImpl.java:stopSCM(430)) - Stopping the StorageContainerManager
2019-10-10 00:02:18,709 [main] INFO  server.StorageContainerManager (StorageContainerManager.java:stop(810)) - Stopping Replication Manager Service.
2019-10-10 00:02:18,709 [main] INFO  container.ReplicationManager (ReplicationManager.java:stop(203)) - Stopping Replication Monitor Thread.
2019-10-10 00:02:18,709 [main] INFO  server.StorageContainerManager (StorageContainerManager.java:stop(817)) - Stopping Lease Manager of the command watchers
2019-10-10 00:02:18,709 [main] INFO  server.StorageContainerManager (StorageContainerManager.java:stop(824)) - Stopping datanode service RPC server
2019-10-10 00:02:18,710 [main] INFO  server.SCMDatanodeProtocolServer (SCMDatanodeProtocolServer.java:stop(346)) - Stopping the RPC server for DataNodes
2019-10-10 00:02:18,710 [main] INFO  ipc.Server (Server.java:stop(3082)) - Stopping server on 39974
2019-10-10 00:02:18,711 [IPC Server listener on 39974] INFO  ipc.Server (Server.java:run(1185)) - Stopping IPC Server listener on 39974
2019-10-10 00:02:18,711 [IPC Server Responder] INFO  ipc.Server (Server.java:run(1319)) - Stopping IPC Server Responder
2019-10-10 00:02:18,781 [SCM Heartbeat Processing Thread - 0] WARN  node.NodeStateManager (NodeStateManager.java:scheduleNextHealthCheck(646)) - Current Thread is interrupted, shutting down HB processing thread for Node Manager.
2019-10-10 00:02:18,782 [main] INFO  server.StorageContainerManager (StorageContainerManager.java:stop(832)) - Stopping block service RPC server
2019-10-10 00:02:18,782 [main] INFO  server.SCMBlockProtocolServer (SCMBlockProtocolServer.java:stop(155)) - Stopping the RPC server for Block Protocol
2019-10-10 00:02:18,782 [main] INFO  ipc.Server (Server.java:stop(3082)) - Stopping server on 34211
2019-10-10 00:02:18,784 [IPC Server listener on 34211] INFO  ipc.Server (Server.java:run(1185)) - Stopping IPC Server listener on 34211
2019-10-10 00:02:18,785 [main] INFO  server.StorageContainerManager (StorageContainerManager.java:stop(839)) - Stopping the StorageContainerLocationProtocol RPC server
2019-10-10 00:02:18,785 [IPC Server Responder] INFO  ipc.Server (Server.java:run(1319)) - Stopping IPC Server Responder
2019-10-10 00:02:18,785 [main] INFO  server.SCMClientProtocolServer (SCMClientProtocolServer.java:stop(168)) - Stopping the RPC server for Client Protocol
2019-10-10 00:02:18,785 [main] INFO  ipc.Server (Server.java:stop(3082)) - Stopping server on 37141
2019-10-10 00:02:18,787 [IPC Server listener on 37141] INFO  ipc.Server (Server.java:run(1185)) - Stopping IPC Server listener on 37141
2019-10-10 00:02:18,787 [main] INFO  server.StorageContainerManager (StorageContainerManager.java:stop(846)) - Stopping Storage Container Manager HTTP server.
2019-10-10 00:02:18,787 [IPC Server Responder] INFO  ipc.Server (Server.java:run(1319)) - Stopping IPC Server Responder
2019-10-10 00:02:18,788 [main] INFO  handler.ContextHandler (ContextHandler.java:doStop(910)) - Stopped o.e.j.w.WebAppContext@6970140a{/,null,UNAVAILABLE}{/scm}
2019-10-10 00:02:18,789 [main] INFO  server.AbstractConnector (AbstractConnector.java:doStop(318)) - Stopped ServerConnector@1c32886a{HTTP/1.1,[http/1.1]}{0.0.0.0:0}
2019-10-10 00:02:18,789 [main] INFO  handler.ContextHandler (ContextHandler.java:doStop(910)) - Stopped o.e.j.s.ServletContextHandler@53f0a4cb{/static,file:///workdir/hadoop-ozone/integration-test/target/test-classes/webapps/static,UNAVAILABLE}
2019-10-10 00:02:18,790 [main] INFO  handler.ContextHandler (ContextHandler.java:doStop(910)) - Stopped o.e.j.s.ServletContextHandler@7a560583{/logs,file:///workdir/hadoop-ozone/integration-test/target/log,UNAVAILABLE}
2019-10-10 00:02:18,791 [main] INFO  server.StorageContainerManager (StorageContainerManager.java:stop(857)) - Stopping Block Manager Service.
2019-10-10 00:02:18,791 [main] INFO  utils.BackgroundService (BackgroundService.java:shutdown(151)) - Shutting down service SCMBlockDeletingService
2019-10-10 00:02:18,791 [main] INFO  utils.BackgroundService (BackgroundService.java:shutdown(151)) - Shutting down service SCMBlockDeletingService
2019-10-10 00:02:18,792 [main] INFO  server.StorageContainerManager (StorageContainerManager.java:stop(879)) - Stopping SCM Event Queue.
2019-10-10 00:02:18,800 [main] INFO  impl.MetricsSystemImpl (MetricsSystemImpl.java:stop(210)) - Stopping XceiverClientMetrics metrics system...
2019-10-10 00:02:18,811 [prometheus] INFO  impl.MetricsSinkAdapter (MetricsSinkAdapter.java:publishMetricsFromQueue(141)) - prometheus thread interrupted.
2019-10-10 00:02:18,812 [main] INFO  impl.MetricsSystemImpl (MetricsSystemImpl.java:stop(216)) - XceiverClientMetrics metrics system stopped.
]]></system-out>
    <system-err><![CDATA[ERROR StatusLogger No Log4j 2 configuration file found. Using default configuration (logging only errors to the console), or user programmatically provided configurations. Set system property 'log4j2.debug' to show Log4j 2 internal initialization logging. See https://logging.apache.org/log4j/2.x/manual/configuration.html for instructions on how to configure Log4j 2
Oct 10, 2019 12:00:50 AM org.apache.ratis.thirdparty.io.grpc.internal.SerializingExecutor run
SEVERE: Exception while executing runnable org.apache.ratis.thirdparty.io.grpc.internal.ServerImpl$JumpToApplicationThreadServerStreamListener$1Closed@4a501fd0
org.apache.ratis.thirdparty.io.grpc.StatusRuntimeException: CANCELLED: call already cancelled
	at org.apache.ratis.thirdparty.io.grpc.Status.asRuntimeException(Status.java:517)
	at org.apache.ratis.thirdparty.io.grpc.stub.ServerCalls$ServerCallStreamObserverImpl.onCompleted(ServerCalls.java:356)
	at org.apache.ratis.grpc.server.GrpcServerProtocolService$ServerRequestStreamObserver.onError(GrpcServerProtocolService.java:121)
	at org.apache.ratis.thirdparty.io.grpc.stub.ServerCalls$StreamingServerCallHandler$StreamingServerCallListener.onCancel(ServerCalls.java:269)
	at org.apache.ratis.thirdparty.io.grpc.internal.ServerCallImpl$ServerStreamListenerImpl.closed(ServerCallImpl.java:293)
	at org.apache.ratis.thirdparty.io.grpc.internal.ServerImpl$JumpToApplicationThreadServerStreamListener$1Closed.runInContext(ServerImpl.java:741)
	at org.apache.ratis.thirdparty.io.grpc.internal.ContextRunnable.run(ContextRunnable.java:37)
	at org.apache.ratis.thirdparty.io.grpc.internal.SerializingExecutor.run(SerializingExecutor.java:123)
	at java.util.concurrent.ThreadPoolExecutor.runWorker(ThreadPoolExecutor.java:1149)
	at java.util.concurrent.ThreadPoolExecutor$Worker.run(ThreadPoolExecutor.java:624)
	at java.lang.Thread.run(Thread.java:748)

Oct 10, 2019 12:02:08 AM org.apache.ratis.thirdparty.io.grpc.internal.SerializingExecutor run
SEVERE: Exception while executing runnable org.apache.ratis.thirdparty.io.grpc.internal.ServerImpl$JumpToApplicationThreadServerStreamListener$1Closed@a4d6caa
org.apache.ratis.thirdparty.io.grpc.StatusRuntimeException: CANCELLED: call already cancelled
	at org.apache.ratis.thirdparty.io.grpc.Status.asRuntimeException(Status.java:517)
	at org.apache.ratis.thirdparty.io.grpc.stub.ServerCalls$ServerCallStreamObserverImpl.onCompleted(ServerCalls.java:356)
	at org.apache.ratis.grpc.server.GrpcServerProtocolService$ServerRequestStreamObserver.onError(GrpcServerProtocolService.java:121)
	at org.apache.ratis.thirdparty.io.grpc.stub.ServerCalls$StreamingServerCallHandler$StreamingServerCallListener.onCancel(ServerCalls.java:269)
	at org.apache.ratis.thirdparty.io.grpc.internal.ServerCallImpl$ServerStreamListenerImpl.closed(ServerCallImpl.java:293)
	at org.apache.ratis.thirdparty.io.grpc.internal.ServerImpl$JumpToApplicationThreadServerStreamListener$1Closed.runInContext(ServerImpl.java:741)
	at org.apache.ratis.thirdparty.io.grpc.internal.ContextRunnable.run(ContextRunnable.java:37)
	at org.apache.ratis.thirdparty.io.grpc.internal.SerializingExecutor.run(SerializingExecutor.java:123)
	at java.util.concurrent.ThreadPoolExecutor.runWorker(ThreadPoolExecutor.java:1149)
	at java.util.concurrent.ThreadPoolExecutor$Worker.run(ThreadPoolExecutor.java:624)
	at java.lang.Thread.run(Thread.java:748)

Oct 10, 2019 12:02:13 AM org.apache.ratis.thirdparty.io.grpc.internal.SerializingExecutor run
SEVERE: Exception while executing runnable org.apache.ratis.thirdparty.io.grpc.internal.ServerImpl$JumpToApplicationThreadServerStreamListener$1Closed@145a4ab6
org.apache.ratis.thirdparty.io.grpc.StatusRuntimeException: CANCELLED: call already cancelled
	at org.apache.ratis.thirdparty.io.grpc.Status.asRuntimeException(Status.java:517)
	at org.apache.ratis.thirdparty.io.grpc.stub.ServerCalls$ServerCallStreamObserverImpl.onCompleted(ServerCalls.java:356)
	at org.apache.ratis.grpc.server.GrpcServerProtocolService$ServerRequestStreamObserver.onError(GrpcServerProtocolService.java:121)
	at org.apache.ratis.thirdparty.io.grpc.stub.ServerCalls$StreamingServerCallHandler$StreamingServerCallListener.onCancel(ServerCalls.java:269)
	at org.apache.ratis.thirdparty.io.grpc.internal.ServerCallImpl$ServerStreamListenerImpl.closed(ServerCallImpl.java:293)
	at org.apache.ratis.thirdparty.io.grpc.internal.ServerImpl$JumpToApplicationThreadServerStreamListener$1Closed.runInContext(ServerImpl.java:741)
	at org.apache.ratis.thirdparty.io.grpc.internal.ContextRunnable.run(ContextRunnable.java:37)
	at org.apache.ratis.thirdparty.io.grpc.internal.SerializingExecutor.run(SerializingExecutor.java:123)
	at java.util.concurrent.ThreadPoolExecutor.runWorker(ThreadPoolExecutor.java:1149)
	at java.util.concurrent.ThreadPoolExecutor$Worker.run(ThreadPoolExecutor.java:624)
	at java.lang.Thread.run(Thread.java:748)

]]></system-err>
  </testcase>
  <testcase name="testDatanodeFailureWithPreAllocation" classname="org.apache.hadoop.ozone.client.rpc.TestBlockOutputStreamWithFailures" time="230.405"/>
  <testcase name="testDatanodeFailureWithSingleNodeRatis" classname="org.apache.hadoop.ozone.client.rpc.TestBlockOutputStreamWithFailures" time="231.234"/>
  <testcase name="testWatchForCommitWithSingleNodeRatis" classname="org.apache.hadoop.ozone.client.rpc.TestBlockOutputStreamWithFailures" time="37.756"/>
  <testcase name="testWatchForCommitDatanodeFailure" classname="org.apache.hadoop.ozone.client.rpc.TestBlockOutputStreamWithFailures" time="37.058"/>
  <testcase name="testFailureWithPrimeSizedData" classname="org.apache.hadoop.ozone.client.rpc.TestBlockOutputStreamWithFailures" time="37.596"/>
  <testcase name="testWatchForCommitWithCloseContainerException" classname="org.apache.hadoop.ozone.client.rpc.TestBlockOutputStreamWithFailures" time="37.531"/>
  <testcase name="testExceptionDuringClose" classname="org.apache.hadoop.ozone.client.rpc.TestBlockOutputStreamWithFailures" time="38.319"/>
</testsuite>