<?xml version="1.0" encoding="UTF-8"?>
<testsuite xmlns:xsi="http://www.w3.org/2001/XMLSchema-instance" xsi:noNamespaceSchemaLocation="https://maven.apache.org/surefire/maven-surefire-plugin/xsd/surefire-test-report.xsd" name="org.apache.hadoop.ozone.scm.pipeline.TestSCMPipelineMetrics" time="78.649" tests="3" errors="0" skipped="0" failures="1">
  <properties>
    <property name="awt.toolkit" value="sun.awt.X11.XToolkit"/>
    <property name="file.encoding.pkg" value="sun.io"/>
    <property name="java.specification.version" value="1.8"/>
    <property name="sun.cpu.isalist" value=""/>
    <property name="sun.jnu.encoding" value="UTF-8"/>
    <property name="java.class.path" value="/workdir/hadoop-ozone/integration-test/target/test-classes:/workdir/hadoop-ozone/integration-test/target/classes:/home/user/.m2/repository/org/apache/hadoop/hadoop-ozone-common/0.5.0-SNAPSHOT/hadoop-ozone-common-0.5.0-SNAPSHOT.jar:/home/user/.m2/repository/org/apache/commons/commons-compress/1.4.1/commons-compress-1.4.1.jar:/home/user/.m2/repository/org/tukaani/xz/1.0/xz-1.0.jar:/home/user/.m2/repository/org/apache/hadoop/hadoop-common/3.2.0/hadoop-common-3.2.0.jar:/home/user/.m2/repository/org/apache/hadoop/hadoop-hdfs/3.2.0/hadoop-hdfs-3.2.0.jar:/home/user/.m2/repository/org/apache/hadoop/hadoop-hdfs-client/3.2.0/hadoop-hdfs-client-3.2.0.jar:/home/user/.m2/repository/com/fasterxml/jackson/core/jackson-annotations/2.9.9/jackson-annotations-2.9.9.jar:/home/user/.m2/repository/org/apache/hadoop/hadoop-hdds-common/0.5.0-SNAPSHOT/hadoop-hdds-common-0.5.0-SNAPSHOT.jar:/home/user/.m2/repository/javax/annotation/javax.annotation-api/1.2/javax.annotation-api-1.2.jar:/home/user/.m2/repository/org/apache/ratis/ratis-server/0.5.0-63cd2fb-SNAPSHOT/ratis-server-0.5.0-63cd2fb-SNAPSHOT.jar:/home/user/.m2/repository/org/apache/ratis/ratis-thirdparty-misc/0.2.0/ratis-thirdparty-misc-0.2.0.jar:/home/user/.m2/repository/org/apache/ratis/ratis-proto/0.5.0-63cd2fb-SNAPSHOT/ratis-proto-0.5.0-63cd2fb-SNAPSHOT.jar:/home/user/.m2/repository/org/apache/ratis/ratis-common/0.5.0-63cd2fb-SNAPSHOT/ratis-common-0.5.0-63cd2fb-SNAPSHOT.jar:/home/user/.m2/repository/org/apache/ratis/ratis-client/0.5.0-63cd2fb-SNAPSHOT/ratis-client-0.5.0-63cd2fb-SNAPSHOT.jar:/home/user/.m2/repository/org/apache/ratis/ratis-metrics/0.5.0-63cd2fb-SNAPSHOT/ratis-metrics-0.5.0-63cd2fb-SNAPSHOT.jar:/home/user/.m2/repository/com/github/joshelser/dropwizard-metrics-hadoop-metrics2-reporter/0.1.2/dropwizard-metrics-hadoop-metrics2-reporter-0.1.2.jar:/home/user/.m2/repository/io/dropwizard/metrics/metrics-jvm/3.2.5/metrics-jvm-3.2.5.jar:/home/user/.m2/repository/io/dropwizard/metrics/metrics-ganglia/3.2.5/metrics-ganglia-3.2.5.jar:/home/user/.m2/repository/info/ganglia/gmetric4j/gmetric4j/1.0.7/gmetric4j-1.0.7.jar:/home/user/.m2/repository/org/apache/ratis/ratis-netty/0.5.0-63cd2fb-SNAPSHOT/ratis-netty-0.5.0-63cd2fb-SNAPSHOT.jar:/home/user/.m2/repository/org/apache/ratis/ratis-grpc/0.5.0-63cd2fb-SNAPSHOT/ratis-grpc-0.5.0-63cd2fb-SNAPSHOT.jar:/home/user/.m2/repository/org/rocksdb/rocksdbjni/6.0.1/rocksdbjni-6.0.1.jar:/home/user/.m2/repository/org/apache/logging/log4j/log4j-api/2.11.0/log4j-api-2.11.0.jar:/home/user/.m2/repository/org/apache/logging/log4j/log4j-core/2.11.0/log4j-core-2.11.0.jar:/home/user/.m2/repository/com/lmax/disruptor/3.4.2/disruptor-3.4.2.jar:/home/user/.m2/repository/org/apache/commons/commons-pool2/2.6.0/commons-pool2-2.6.0.jar:/home/user/.m2/repository/org/bouncycastle/bcpkix-jdk15on/1.60/bcpkix-jdk15on-1.60.jar:/home/user/.m2/repository/commons-validator/commons-validator/1.6/commons-validator-1.6.jar:/home/user/.m2/repository/commons-digester/commons-digester/1.8.1/commons-digester-1.8.1.jar:/home/user/.m2/repository/io/jaegertracing/jaeger-client/0.34.0/jaeger-client-0.34.0.jar:/home/user/.m2/repository/io/jaegertracing/jaeger-thrift/0.34.0/jaeger-thrift-0.34.0.jar:/home/user/.m2/repository/org/apache/thrift/libthrift/0.12.0/libthrift-0.12.0.jar:/home/user/.m2/repository/com/squareup/okhttp3/okhttp/3.9.0/okhttp-3.9.0.jar:/home/user/.m2/repository/com/squareup/okio/okio/1.13.0/okio-1.13.0.jar:/home/user/.m2/repository/io/jaegertracing/jaeger-core/0.34.0/jaeger-core-0.34.0.jar:/home/user/.m2/repository/io/jaegertracing/jaeger-tracerresolver/0.34.0/jaeger-tracerresolver-0.34.0.jar:/home/user/.m2/repository/io/opentracing/contrib/opentracing-tracerresolver/0.1.5/opentracing-tracerresolver-0.1.5.jar:/home/user/.m2/repository/io/opentracing/opentracing-util/0.31.0/opentracing-util-0.31.0.jar:/home/user/.m2/repository/io/opentracing/opentracing-api/0.31.0/opentracing-api-0.31.0.jar:/home/user/.m2/repository/io/opentracing/opentracing-noop/0.31.0/opentracing-noop-0.31.0.jar:/home/user/.m2/repository/org/apache/hadoop/hadoop-hdds-server-framework/0.5.0-SNAPSHOT/hadoop-hdds-server-framework-0.5.0-SNAPSHOT.jar:/home/user/.m2/repository/org/apache/hadoop/hadoop-hdds-container-service/0.5.0-SNAPSHOT/hadoop-hdds-container-service-0.5.0-SNAPSHOT.jar:/home/user/.m2/repository/org/apache/hadoop/hadoop-hdds-client/0.5.0-SNAPSHOT/hadoop-hdds-client-0.5.0-SNAPSHOT.jar:/home/user/.m2/repository/org/apache/hadoop/hadoop-hdds-tools/0.5.0-SNAPSHOT/hadoop-hdds-tools-0.5.0-SNAPSHOT.jar:/home/user/.m2/repository/org/apache/hadoop/hadoop-hdds-server-scm/0.5.0-SNAPSHOT/hadoop-hdds-server-scm-0.5.0-SNAPSHOT.jar:/home/user/.m2/repository/org/apache/hadoop/hadoop-hdds-docs/0.5.0-SNAPSHOT/hadoop-hdds-docs-0.5.0-SNAPSHOT.jar:/home/user/.m2/repository/io/dropwizard/metrics/metrics-core/3.2.4/metrics-core-3.2.4.jar:/home/user/.m2/repository/org/hamcrest/hamcrest-all/1.3/hamcrest-all-1.3.jar:/home/user/.m2/repository/org/bouncycastle/bcprov-jdk15on/1.60/bcprov-jdk15on-1.60.jar:/home/user/.m2/repository/info/picocli/picocli/3.9.6/picocli-3.9.6.jar:/home/user/.m2/repository/com/google/protobuf/protobuf-java/2.5.0/protobuf-java-2.5.0.jar:/home/user/.m2/repository/com/google/guava/guava/11.0.2/guava-11.0.2.jar:/home/user/.m2/repository/org/apache/hadoop/hadoop-ozone-ozone-manager/0.5.0-SNAPSHOT/hadoop-ozone-ozone-manager-0.5.0-SNAPSHOT.jar:/home/user/.m2/repository/org/apache/hadoop/hadoop-minikdc/3.2.0/hadoop-minikdc-3.2.0.jar:/home/user/.m2/repository/commons-io/commons-io/2.5/commons-io-2.5.jar:/home/user/.m2/repository/org/apache/kerby/kerb-simplekdc/1.0.1/kerb-simplekdc-1.0.1.jar:/home/user/.m2/repository/org/apache/kerby/kerb-client/1.0.1/kerb-client-1.0.1.jar:/home/user/.m2/repository/org/apache/kerby/kerby-config/1.0.1/kerby-config-1.0.1.jar:/home/user/.m2/repository/org/apache/kerby/kerb-core/1.0.1/kerb-core-1.0.1.jar:/home/user/.m2/repository/org/apache/kerby/kerby-pkix/1.0.1/kerby-pkix-1.0.1.jar:/home/user/.m2/repository/org/apache/kerby/kerby-asn1/1.0.1/kerby-asn1-1.0.1.jar:/home/user/.m2/repository/org/apache/kerby/kerby-util/1.0.1/kerby-util-1.0.1.jar:/home/user/.m2/repository/org/apache/kerby/kerb-common/1.0.1/kerb-common-1.0.1.jar:/home/user/.m2/repository/org/apache/kerby/kerb-crypto/1.0.1/kerb-crypto-1.0.1.jar:/home/user/.m2/repository/org/apache/kerby/kerb-util/1.0.1/kerb-util-1.0.1.jar:/home/user/.m2/repository/org/apache/kerby/token-provider/1.0.1/token-provider-1.0.1.jar:/home/user/.m2/repository/org/apache/kerby/kerb-admin/1.0.1/kerb-admin-1.0.1.jar:/home/user/.m2/repository/org/apache/kerby/kerb-server/1.0.1/kerb-server-1.0.1.jar:/home/user/.m2/repository/org/apache/kerby/kerb-identity/1.0.1/kerb-identity-1.0.1.jar:/home/user/.m2/repository/org/apache/kerby/kerby-xdr/1.0.1/kerby-xdr-1.0.1.jar:/home/user/.m2/repository/org/slf4j/slf4j-log4j12/1.7.25/slf4j-log4j12-1.7.25.jar:/home/user/.m2/repository/org/apache/hadoop/hadoop-ozone-s3gateway/0.5.0-SNAPSHOT/hadoop-ozone-s3gateway-0.5.0-SNAPSHOT.jar:/home/user/.m2/repository/org/jboss/weld/servlet/weld-servlet/2.4.7.Final/weld-servlet-2.4.7.Final.jar:/home/user/.m2/repository/org/glassfish/jersey/containers/jersey-container-servlet-core/2.27/jersey-container-servlet-core-2.27.jar:/home/user/.m2/repository/org/glassfish/hk2/external/javax.inject/2.5.0-b42/javax.inject-2.5.0-b42.jar:/home/user/.m2/repository/org/glassfish/jersey/core/jersey-common/2.27/jersey-common-2.27.jar:/home/user/.m2/repository/org/glassfish/hk2/osgi-resource-locator/1.0.1/osgi-resource-locator-1.0.1.jar:/home/user/.m2/repository/javax/ws/rs/javax.ws.rs-api/2.1/javax.ws.rs-api-2.1.jar:/home/user/.m2/repository/org/glassfish/jersey/ext/cdi/jersey-cdi1x/2.27/jersey-cdi1x-2.27.jar:/home/user/.m2/repository/org/glassfish/jersey/inject/jersey-hk2/2.27/jersey-hk2-2.27.jar:/home/user/.m2/repository/org/glassfish/hk2/hk2-locator/2.5.0-b42/hk2-locator-2.5.0-b42.jar:/home/user/.m2/repository/org/javassist/javassist/3.22.0-CR2/javassist-3.22.0-CR2.jar:/home/user/.m2/repository/org/glassfish/hk2/hk2-api/2.5.0/hk2-api-2.5.0.jar:/home/user/.m2/repository/org/glassfish/hk2/external/jakarta.inject/2.5.0/jakarta.inject-2.5.0.jar:/home/user/.m2/repository/org/glassfish/hk2/hk2-utils/2.5.0/hk2-utils-2.5.0.jar:/home/user/.m2/repository/jakarta/annotation/jakarta.annotation-api/1.3.4/jakarta.annotation-api-1.3.4.jar:/home/user/.m2/repository/org/glassfish/hk2/external/aopalliance-repackaged/2.5.0/aopalliance-repackaged-2.5.0.jar:/home/user/.m2/repository/com/fasterxml/jackson/dataformat/jackson-dataformat-xml/2.9.0/jackson-dataformat-xml-2.9.0.jar:/home/user/.m2/repository/com/fasterxml/jackson/core/jackson-core/2.9.9/jackson-core-2.9.9.jar:/home/user/.m2/repository/com/fasterxml/jackson/module/jackson-module-jaxb-annotations/2.9.9/jackson-module-jaxb-annotations-2.9.9.jar:/home/user/.m2/repository/javax/enterprise/cdi-api/1.2/cdi-api-1.2.jar:/home/user/.m2/repository/javax/el/javax.el-api/3.0.0/javax.el-api-3.0.0.jar:/home/user/.m2/repository/javax/interceptor/javax.interceptor-api/1.2/javax.interceptor-api-1.2.jar:/home/user/.m2/repository/javax/inject/javax.inject/1/javax.inject-1.jar:/home/user/.m2/repository/com/sun/xml/bind/jaxb-impl/2.3.0.1/jaxb-impl-2.3.0.1.jar:/home/user/.m2/repository/com/sun/xml/bind/jaxb-core/2.3.0.1/jaxb-core-2.3.0.1.jar:/home/user/.m2/repository/javax/xml/bind/jaxb-api/2.3.0/jaxb-api-2.3.0.jar:/home/user/.m2/repository/javax/activation/activation/1.1.1/activation-1.1.1.jar:/home/user/.m2/repository/org/apache/hadoop/hadoop-ozone-csi/0.5.0-SNAPSHOT/hadoop-ozone-csi-0.5.0-SNAPSHOT.jar:/home/user/.m2/repository/com/google/protobuf/protobuf-java-util/3.5.1/protobuf-java-util-3.5.1.jar:/home/user/.m2/repository/org/apache/hadoop/hadoop-hdds-config/0.5.0-SNAPSHOT/hadoop-hdds-config-0.5.0-SNAPSHOT.jar:/home/user/.m2/repository/io/grpc/grpc-netty/1.17.1/grpc-netty-1.17.1.jar:/home/user/.m2/repository/io/grpc/grpc-core/1.17.1/grpc-core-1.17.1.jar:/home/user/.m2/repository/io/grpc/grpc-context/1.17.1/grpc-context-1.17.1.jar:/home/user/.m2/repository/com/google/errorprone/error_prone_annotations/2.2.0/error_prone_annotations-2.2.0.jar:/home/user/.m2/repository/org/codehaus/mojo/animal-sniffer-annotations/1.17/animal-sniffer-annotations-1.17.jar:/home/user/.m2/repository/io/opencensus/opencensus-api/0.17.0/opencensus-api-0.17.0.jar:/home/user/.m2/repository/io/opencensus/opencensus-contrib-grpc-metrics/0.17.0/opencensus-contrib-grpc-metrics-0.17.0.jar:/home/user/.m2/repository/io/netty/netty-codec-http2/4.1.30.Final/netty-codec-http2-4.1.30.Final.jar:/home/user/.m2/repository/io/netty/netty-codec-http/4.1.30.Final/netty-codec-http-4.1.30.Final.jar:/home/user/.m2/repository/io/netty/netty-codec/4.1.30.Final/netty-codec-4.1.30.Final.jar:/home/user/.m2/repository/io/netty/netty-handler/4.1.30.Final/netty-handler-4.1.30.Final.jar:/home/user/.m2/repository/io/netty/netty-handler-proxy/4.1.30.Final/netty-handler-proxy-4.1.30.Final.jar:/home/user/.m2/repository/io/netty/netty-codec-socks/4.1.30.Final/netty-codec-socks-4.1.30.Final.jar:/home/user/.m2/repository/io/netty/netty-transport-native-epoll/4.1.30.Final/netty-transport-native-epoll-4.1.30.Final.jar:/home/user/.m2/repository/io/netty/netty-common/4.1.30.Final/netty-common-4.1.30.Final.jar:/home/user/.m2/repository/io/netty/netty-buffer/4.1.30.Final/netty-buffer-4.1.30.Final.jar:/home/user/.m2/repository/io/netty/netty-transport/4.1.30.Final/netty-transport-4.1.30.Final.jar:/home/user/.m2/repository/io/netty/netty-resolver/4.1.30.Final/netty-resolver-4.1.30.Final.jar:/home/user/.m2/repository/io/netty/netty-transport-native-unix-common/4.1.30.Final/netty-transport-native-unix-common-4.1.30.Final.jar:/home/user/.m2/repository/io/grpc/grpc-protobuf/1.17.1/grpc-protobuf-1.17.1.jar:/home/user/.m2/repository/com/google/api/grpc/proto-google-common-protos/1.0.0/proto-google-common-protos-1.0.0.jar:/home/user/.m2/repository/io/grpc/grpc-protobuf-lite/1.17.1/grpc-protobuf-lite-1.17.1.jar:/home/user/.m2/repository/io/grpc/grpc-stub/1.17.1/grpc-stub-1.17.1.jar:/home/user/.m2/repository/org/apache/hadoop/hadoop-ozone-recon/0.5.0-SNAPSHOT/hadoop-ozone-recon-0.5.0-SNAPSHOT.jar:/home/user/.m2/repository/org/apache/hadoop/hadoop-ozone-reconcodegen/0.5.0-SNAPSHOT/hadoop-ozone-reconcodegen-0.5.0-SNAPSHOT.jar:/home/user/.m2/repository/com/google/inject/extensions/guice-multibindings/4.0/guice-multibindings-4.0.jar:/home/user/.m2/repository/com/google/inject/guice/4.0/guice-4.0.jar:/home/user/.m2/repository/aopalliance/aopalliance/1.0/aopalliance-1.0.jar:/home/user/.m2/repository/com/google/inject/extensions/guice-servlet/4.0/guice-servlet-4.0.jar:/home/user/.m2/repository/org/glassfish/jersey/containers/jersey-container-servlet/2.27/jersey-container-servlet-2.27.jar:/home/user/.m2/repository/org/glassfish/hk2/guice-bridge/2.5.0/guice-bridge-2.5.0.jar:/home/user/.m2/repository/org/glassfish/jersey/core/jersey-server/2.27/jersey-server-2.27.jar:/home/user/.m2/repository/org/glassfish/jersey/core/jersey-client/2.27/jersey-client-2.27.jar:/home/user/.m2/repository/org/glassfish/jersey/media/jersey-media-jaxb/2.27/jersey-media-jaxb-2.27.jar:/home/user/.m2/repository/javax/validation/validation-api/1.1.0.Final/validation-api-1.1.0.Final.jar:/home/user/.m2/repository/org/glassfish/jersey/media/jersey-media-json-jackson/2.27/jersey-media-json-jackson-2.27.jar:/home/user/.m2/repository/org/glassfish/jersey/ext/jersey-entity-filtering/2.27/jersey-entity-filtering-2.27.jar:/home/user/.m2/repository/com/google/inject/extensions/guice-assistedinject/4.0/guice-assistedinject-4.0.jar:/home/user/.m2/repository/org/jooq/jooq/3.11.10/jooq-3.11.10.jar:/home/user/.m2/repository/org/jooq/jooq-meta/3.11.10/jooq-meta-3.11.10.jar:/home/user/.m2/repository/org/jooq/jooq-codegen/3.11.10/jooq-codegen-3.11.10.jar:/home/user/.m2/repository/com/jolbox/bonecp/0.8.0.RELEASE/bonecp-0.8.0.RELEASE.jar:/home/user/.m2/repository/org/xerial/sqlite-jdbc/3.25.2/sqlite-jdbc-3.25.2.jar:/home/user/.m2/repository/org/springframework/spring-jdbc/5.1.3.RELEASE/spring-jdbc-5.1.3.RELEASE.jar:/home/user/.m2/repository/org/springframework/spring-beans/5.1.3.RELEASE/spring-beans-5.1.3.RELEASE.jar:/home/user/.m2/repository/org/springframework/spring-core/5.1.3.RELEASE/spring-core-5.1.3.RELEASE.jar:/home/user/.m2/repository/org/springframework/spring-jcl/5.1.3.RELEASE/spring-jcl-5.1.3.RELEASE.jar:/home/user/.m2/repository/org/springframework/spring-tx/5.1.3.RELEASE/spring-tx-5.1.3.RELEASE.jar:/home/user/.m2/repository/org/apache/hadoop/hadoop-ozone-client/0.5.0-SNAPSHOT/hadoop-ozone-client-0.5.0-SNAPSHOT.jar:/home/user/.m2/repository/commons-lang/commons-lang/2.6/commons-lang-2.6.jar:/home/user/.m2/repository/org/apache/hadoop/hadoop-ozone-ozone-manager/0.5.0-SNAPSHOT/hadoop-ozone-ozone-manager-0.5.0-SNAPSHOT-tests.jar:/home/user/.m2/repository/junit/junit/4.11/junit-4.11.jar:/home/user/.m2/repository/org/hamcrest/hamcrest-core/1.3/hamcrest-core-1.3.jar:/home/user/.m2/repository/org/openjdk/jmh/jmh-core/1.19/jmh-core-1.19.jar:/home/user/.m2/repository/net/sf/jopt-simple/jopt-simple/4.6/jopt-simple-4.6.jar:/home/user/.m2/repository/org/apache/commons/commons-math3/3.1.1/commons-math3-3.1.1.jar:/home/user/.m2/repository/org/openjdk/jmh/jmh-generator-annprocess/1.19/jmh-generator-annprocess-1.19.jar:/home/user/.m2/repository/org/mockito/mockito-all/1.8.5/mockito-all-1.8.5.jar:/home/user/.m2/repository/org/apache/hadoop/hadoop-kms/3.2.0/hadoop-kms-3.2.0.jar:/home/user/.m2/repository/org/apache/hadoop/hadoop-auth/3.2.0/hadoop-auth-3.2.0.jar:/home/user/.m2/repository/com/nimbusds/nimbus-jose-jwt/4.41.1/nimbus-jose-jwt-4.41.1.jar:/home/user/.m2/repository/com/github/stephenc/jcip/jcip-annotations/1.0-1/jcip-annotations-1.0-1.jar:/home/user/.m2/repository/net/minidev/json-smart/2.3/json-smart-2.3.jar:/home/user/.m2/repository/net/minidev/accessors-smart/1.2/accessors-smart-1.2.jar:/home/user/.m2/repository/org/ow2/asm/asm/5.0.4/asm-5.0.4.jar:/home/user/.m2/repository/org/apache/curator/curator-framework/2.12.0/curator-framework-2.12.0.jar:/home/user/.m2/repository/com/sun/jersey/jersey-core/1.19/jersey-core-1.19.jar:/home/user/.m2/repository/javax/ws/rs/jsr311-api/1.1.1/jsr311-api-1.1.1.jar:/home/user/.m2/repository/com/sun/jersey/jersey-server/1.19/jersey-server-1.19.jar:/home/user/.m2/repository/javax/servlet/javax.servlet-api/3.1.0/javax.servlet-api-3.1.0.jar:/home/user/.m2/repository/org/eclipse/jetty/jetty-server/9.3.25.v20180904/jetty-server-9.3.25.v20180904.jar:/home/user/.m2/repository/org/eclipse/jetty/jetty-http/9.3.25.v20180904/jetty-http-9.3.25.v20180904.jar:/home/user/.m2/repository/org/eclipse/jetty/jetty-io/9.3.25.v20180904/jetty-io-9.3.25.v20180904.jar:/home/user/.m2/repository/org/eclipse/jetty/jetty-webapp/9.3.25.v20180904/jetty-webapp-9.3.25.v20180904.jar:/home/user/.m2/repository/org/eclipse/jetty/jetty-xml/9.3.25.v20180904/jetty-xml-9.3.25.v20180904.jar:/home/user/.m2/repository/log4j/log4j/1.2.17/log4j-1.2.17.jar:/home/user/.m2/repository/org/slf4j/slf4j-api/1.7.25/slf4j-api-1.7.25.jar:/home/user/.m2/repository/org/slf4j/jul-to-slf4j/1.7.25/jul-to-slf4j-1.7.25.jar:/home/user/.m2/repository/org/eclipse/jetty/jetty-util/9.3.25.v20180904/jetty-util-9.3.25.v20180904.jar:/home/user/.m2/repository/com/fasterxml/jackson/core/jackson-databind/2.9.9/jackson-databind-2.9.9.jar:/home/user/.m2/repository/org/apache/hadoop/hadoop-kms/3.2.0/hadoop-kms-3.2.0-tests.jar:/home/user/.m2/repository/org/apache/hadoop/hadoop-hdds-server-scm/0.5.0-SNAPSHOT/hadoop-hdds-server-scm-0.5.0-SNAPSHOT-tests.jar:/home/user/.m2/repository/org/apache/hadoop/hadoop-hdds-container-service/0.5.0-SNAPSHOT/hadoop-hdds-container-service-0.5.0-SNAPSHOT-tests.jar:/home/user/.m2/repository/org/yaml/snakeyaml/1.16/snakeyaml-1.16.jar:/home/user/.m2/repository/org/apache/hadoop/hadoop-common/3.2.0/hadoop-common-3.2.0-tests.jar:/home/user/.m2/repository/org/apache/hadoop/hadoop-annotations/3.2.0/hadoop-annotations-3.2.0.jar:/usr/lib/jvm/java-1.8-openjdk/jre/../lib/tools.jar:/home/user/.m2/repository/commons-cli/commons-cli/1.2/commons-cli-1.2.jar:/home/user/.m2/repository/org/apache/httpcomponents/httpclient/4.5.2/httpclient-4.5.2.jar:/home/user/.m2/repository/org/apache/httpcomponents/httpcore/4.4.4/httpcore-4.4.4.jar:/home/user/.m2/repository/commons-codec/commons-codec/1.11/commons-codec-1.11.jar:/home/user/.m2/repository/commons-net/commons-net/3.6/commons-net-3.6.jar:/home/user/.m2/repository/commons-collections/commons-collections/3.2.2/commons-collections-3.2.2.jar:/home/user/.m2/repository/org/eclipse/jetty/jetty-servlet/9.3.25.v20180904/jetty-servlet-9.3.25.v20180904.jar:/home/user/.m2/repository/org/eclipse/jetty/jetty-security/9.3.25.v20180904/jetty-security-9.3.25.v20180904.jar:/home/user/.m2/repository/javax/servlet/jsp/jsp-api/2.1/jsp-api-2.1.jar:/home/user/.m2/repository/com/sun/jersey/jersey-servlet/1.19/jersey-servlet-1.19.jar:/home/user/.m2/repository/com/sun/jersey/jersey-json/1.19/jersey-json-1.19.jar:/home/user/.m2/repository/org/codehaus/jettison/jettison/1.1/jettison-1.1.jar:/home/user/.m2/repository/org/codehaus/jackson/jackson-core-asl/1.9.13/jackson-core-asl-1.9.13.jar:/home/user/.m2/repository/org/codehaus/jackson/jackson-mapper-asl/1.9.13/jackson-mapper-asl-1.9.13.jar:/home/user/.m2/repository/org/codehaus/jackson/jackson-jaxrs/1.9.13/jackson-jaxrs-1.9.13.jar:/home/user/.m2/repository/org/codehaus/jackson/jackson-xc/1.9.13/jackson-xc-1.9.13.jar:/home/user/.m2/repository/commons-logging/commons-logging/1.1.3/commons-logging-1.1.3.jar:/home/user/.m2/repository/commons-beanutils/commons-beanutils/1.9.4/commons-beanutils-1.9.4.jar:/home/user/.m2/repository/org/apache/commons/commons-configuration2/2.1.1/commons-configuration2-2.1.1.jar:/home/user/.m2/repository/org/apache/commons/commons-lang3/3.7/commons-lang3-3.7.jar:/home/user/.m2/repository/org/apache/commons/commons-text/1.4/commons-text-1.4.jar:/home/user/.m2/repository/org/apache/avro/avro/1.7.7/avro-1.7.7.jar:/home/user/.m2/repository/com/thoughtworks/paranamer/paranamer/2.3/paranamer-2.3.jar:/home/user/.m2/repository/org/xerial/snappy/snappy-java/1.0.5/snappy-java-1.0.5.jar:/home/user/.m2/repository/com/google/re2j/re2j/1.1/re2j-1.1.jar:/home/user/.m2/repository/com/google/code/gson/gson/2.2.4/gson-2.2.4.jar:/home/user/.m2/repository/com/jcraft/jsch/0.1.54/jsch-0.1.54.jar:/home/user/.m2/repository/org/apache/curator/curator-client/2.12.0/curator-client-2.12.0.jar:/home/user/.m2/repository/org/apache/curator/curator-recipes/2.12.0/curator-recipes-2.12.0.jar:/home/user/.m2/repository/com/google/code/findbugs/jsr305/3.0.0/jsr305-3.0.0.jar:/home/user/.m2/repository/org/apache/htrace/htrace-core4/4.1.0-incubating/htrace-core4-4.1.0-incubating.jar:/home/user/.m2/repository/org/apache/zookeeper/zookeeper/3.4.13/zookeeper-3.4.13.jar:/home/user/.m2/repository/jline/jline/0.9.94/jline-0.9.94.jar:/home/user/.m2/repository/org/apache/yetus/audience-annotations/0.5.0/audience-annotations-0.5.0.jar:/home/user/.m2/repository/org/codehaus/woodstox/stax2-api/3.1.4/stax2-api-3.1.4.jar:/home/user/.m2/repository/com/fasterxml/woodstox/woodstox-core/5.0.3/woodstox-core-5.0.3.jar:/home/user/.m2/repository/dnsjava/dnsjava/2.1.7/dnsjava-2.1.7.jar:/home/user/.m2/repository/org/apache/hadoop/hadoop-hdfs/3.2.0/hadoop-hdfs-3.2.0-tests.jar:/home/user/.m2/repository/org/eclipse/jetty/jetty-util-ajax/9.3.25.v20180904/jetty-util-ajax-9.3.25.v20180904.jar:/home/user/.m2/repository/commons-daemon/commons-daemon/1.0.13/commons-daemon-1.0.13.jar:/home/user/.m2/repository/io/netty/netty/3.10.5.Final/netty-3.10.5.Final.jar:/home/user/.m2/repository/io/netty/netty-all/4.0.52.Final/netty-all-4.0.52.Final.jar:/home/user/.m2/repository/org/fusesource/leveldbjni/leveldbjni-all/1.8/leveldbjni-all-1.8.jar:"/>
    <property name="java.vm.vendor" value="IcedTea"/>
    <property name="sun.arch.data.model" value="64"/>
    <property name="test.build.dir" value="/workdir/hadoop-ozone/integration-test/target/test-dir"/>
    <property name="test.cache.data" value=""/>
    <property name="java.vendor.url" value="https://icedtea.classpath.org"/>
    <property name="user.timezone" value=""/>
    <property name="java.vm.specification.version" value="1.8"/>
    <property name="os.name" value="Linux"/>
    <property name="test.build.data" value="/workdir/hadoop-ozone/integration-test/target/test-dir"/>
    <property name="user.country" value="US"/>
    <property name="sun.java.launcher" value="SUN_STANDARD"/>
    <property name="sun.boot.library.path" value="/usr/lib/jvm/java-1.8-openjdk/jre/lib/amd64"/>
    <property name="sun.java.command" value="/workdir/hadoop-ozone/integration-test/target/surefire/surefirebooter4266900044029157812.jar /workdir/hadoop-ozone/integration-test/target/surefire 2019-10-09T23-34-31_863-jvmRun1 surefire7269064725381388939tmp surefire_22914077543030008534tmp"/>
    <property name="test" value="!TestMiniChaosOzoneCluster"/>
    <property name="surefire.test.class.path" value="/workdir/hadoop-ozone/integration-test/target/test-classes:/workdir/hadoop-ozone/integration-test/target/classes:/home/user/.m2/repository/org/apache/hadoop/hadoop-ozone-common/0.5.0-SNAPSHOT/hadoop-ozone-common-0.5.0-SNAPSHOT.jar:/home/user/.m2/repository/org/apache/commons/commons-compress/1.4.1/commons-compress-1.4.1.jar:/home/user/.m2/repository/org/tukaani/xz/1.0/xz-1.0.jar:/home/user/.m2/repository/org/apache/hadoop/hadoop-common/3.2.0/hadoop-common-3.2.0.jar:/home/user/.m2/repository/org/apache/hadoop/hadoop-hdfs/3.2.0/hadoop-hdfs-3.2.0.jar:/home/user/.m2/repository/org/apache/hadoop/hadoop-hdfs-client/3.2.0/hadoop-hdfs-client-3.2.0.jar:/home/user/.m2/repository/com/fasterxml/jackson/core/jackson-annotations/2.9.9/jackson-annotations-2.9.9.jar:/home/user/.m2/repository/org/apache/hadoop/hadoop-hdds-common/0.5.0-SNAPSHOT/hadoop-hdds-common-0.5.0-SNAPSHOT.jar:/home/user/.m2/repository/javax/annotation/javax.annotation-api/1.2/javax.annotation-api-1.2.jar:/home/user/.m2/repository/org/apache/ratis/ratis-server/0.5.0-63cd2fb-SNAPSHOT/ratis-server-0.5.0-63cd2fb-SNAPSHOT.jar:/home/user/.m2/repository/org/apache/ratis/ratis-thirdparty-misc/0.2.0/ratis-thirdparty-misc-0.2.0.jar:/home/user/.m2/repository/org/apache/ratis/ratis-proto/0.5.0-63cd2fb-SNAPSHOT/ratis-proto-0.5.0-63cd2fb-SNAPSHOT.jar:/home/user/.m2/repository/org/apache/ratis/ratis-common/0.5.0-63cd2fb-SNAPSHOT/ratis-common-0.5.0-63cd2fb-SNAPSHOT.jar:/home/user/.m2/repository/org/apache/ratis/ratis-client/0.5.0-63cd2fb-SNAPSHOT/ratis-client-0.5.0-63cd2fb-SNAPSHOT.jar:/home/user/.m2/repository/org/apache/ratis/ratis-metrics/0.5.0-63cd2fb-SNAPSHOT/ratis-metrics-0.5.0-63cd2fb-SNAPSHOT.jar:/home/user/.m2/repository/com/github/joshelser/dropwizard-metrics-hadoop-metrics2-reporter/0.1.2/dropwizard-metrics-hadoop-metrics2-reporter-0.1.2.jar:/home/user/.m2/repository/io/dropwizard/metrics/metrics-jvm/3.2.5/metrics-jvm-3.2.5.jar:/home/user/.m2/repository/io/dropwizard/metrics/metrics-ganglia/3.2.5/metrics-ganglia-3.2.5.jar:/home/user/.m2/repository/info/ganglia/gmetric4j/gmetric4j/1.0.7/gmetric4j-1.0.7.jar:/home/user/.m2/repository/org/apache/ratis/ratis-netty/0.5.0-63cd2fb-SNAPSHOT/ratis-netty-0.5.0-63cd2fb-SNAPSHOT.jar:/home/user/.m2/repository/org/apache/ratis/ratis-grpc/0.5.0-63cd2fb-SNAPSHOT/ratis-grpc-0.5.0-63cd2fb-SNAPSHOT.jar:/home/user/.m2/repository/org/rocksdb/rocksdbjni/6.0.1/rocksdbjni-6.0.1.jar:/home/user/.m2/repository/org/apache/logging/log4j/log4j-api/2.11.0/log4j-api-2.11.0.jar:/home/user/.m2/repository/org/apache/logging/log4j/log4j-core/2.11.0/log4j-core-2.11.0.jar:/home/user/.m2/repository/com/lmax/disruptor/3.4.2/disruptor-3.4.2.jar:/home/user/.m2/repository/org/apache/commons/commons-pool2/2.6.0/commons-pool2-2.6.0.jar:/home/user/.m2/repository/org/bouncycastle/bcpkix-jdk15on/1.60/bcpkix-jdk15on-1.60.jar:/home/user/.m2/repository/commons-validator/commons-validator/1.6/commons-validator-1.6.jar:/home/user/.m2/repository/commons-digester/commons-digester/1.8.1/commons-digester-1.8.1.jar:/home/user/.m2/repository/io/jaegertracing/jaeger-client/0.34.0/jaeger-client-0.34.0.jar:/home/user/.m2/repository/io/jaegertracing/jaeger-thrift/0.34.0/jaeger-thrift-0.34.0.jar:/home/user/.m2/repository/org/apache/thrift/libthrift/0.12.0/libthrift-0.12.0.jar:/home/user/.m2/repository/com/squareup/okhttp3/okhttp/3.9.0/okhttp-3.9.0.jar:/home/user/.m2/repository/com/squareup/okio/okio/1.13.0/okio-1.13.0.jar:/home/user/.m2/repository/io/jaegertracing/jaeger-core/0.34.0/jaeger-core-0.34.0.jar:/home/user/.m2/repository/io/jaegertracing/jaeger-tracerresolver/0.34.0/jaeger-tracerresolver-0.34.0.jar:/home/user/.m2/repository/io/opentracing/contrib/opentracing-tracerresolver/0.1.5/opentracing-tracerresolver-0.1.5.jar:/home/user/.m2/repository/io/opentracing/opentracing-util/0.31.0/opentracing-util-0.31.0.jar:/home/user/.m2/repository/io/opentracing/opentracing-api/0.31.0/opentracing-api-0.31.0.jar:/home/user/.m2/repository/io/opentracing/opentracing-noop/0.31.0/opentracing-noop-0.31.0.jar:/home/user/.m2/repository/org/apache/hadoop/hadoop-hdds-server-framework/0.5.0-SNAPSHOT/hadoop-hdds-server-framework-0.5.0-SNAPSHOT.jar:/home/user/.m2/repository/org/apache/hadoop/hadoop-hdds-container-service/0.5.0-SNAPSHOT/hadoop-hdds-container-service-0.5.0-SNAPSHOT.jar:/home/user/.m2/repository/org/apache/hadoop/hadoop-hdds-client/0.5.0-SNAPSHOT/hadoop-hdds-client-0.5.0-SNAPSHOT.jar:/home/user/.m2/repository/org/apache/hadoop/hadoop-hdds-tools/0.5.0-SNAPSHOT/hadoop-hdds-tools-0.5.0-SNAPSHOT.jar:/home/user/.m2/repository/org/apache/hadoop/hadoop-hdds-server-scm/0.5.0-SNAPSHOT/hadoop-hdds-server-scm-0.5.0-SNAPSHOT.jar:/home/user/.m2/repository/org/apache/hadoop/hadoop-hdds-docs/0.5.0-SNAPSHOT/hadoop-hdds-docs-0.5.0-SNAPSHOT.jar:/home/user/.m2/repository/io/dropwizard/metrics/metrics-core/3.2.4/metrics-core-3.2.4.jar:/home/user/.m2/repository/org/hamcrest/hamcrest-all/1.3/hamcrest-all-1.3.jar:/home/user/.m2/repository/org/bouncycastle/bcprov-jdk15on/1.60/bcprov-jdk15on-1.60.jar:/home/user/.m2/repository/info/picocli/picocli/3.9.6/picocli-3.9.6.jar:/home/user/.m2/repository/com/google/protobuf/protobuf-java/2.5.0/protobuf-java-2.5.0.jar:/home/user/.m2/repository/com/google/guava/guava/11.0.2/guava-11.0.2.jar:/home/user/.m2/repository/org/apache/hadoop/hadoop-ozone-ozone-manager/0.5.0-SNAPSHOT/hadoop-ozone-ozone-manager-0.5.0-SNAPSHOT.jar:/home/user/.m2/repository/org/apache/hadoop/hadoop-minikdc/3.2.0/hadoop-minikdc-3.2.0.jar:/home/user/.m2/repository/commons-io/commons-io/2.5/commons-io-2.5.jar:/home/user/.m2/repository/org/apache/kerby/kerb-simplekdc/1.0.1/kerb-simplekdc-1.0.1.jar:/home/user/.m2/repository/org/apache/kerby/kerb-client/1.0.1/kerb-client-1.0.1.jar:/home/user/.m2/repository/org/apache/kerby/kerby-config/1.0.1/kerby-config-1.0.1.jar:/home/user/.m2/repository/org/apache/kerby/kerb-core/1.0.1/kerb-core-1.0.1.jar:/home/user/.m2/repository/org/apache/kerby/kerby-pkix/1.0.1/kerby-pkix-1.0.1.jar:/home/user/.m2/repository/org/apache/kerby/kerby-asn1/1.0.1/kerby-asn1-1.0.1.jar:/home/user/.m2/repository/org/apache/kerby/kerby-util/1.0.1/kerby-util-1.0.1.jar:/home/user/.m2/repository/org/apache/kerby/kerb-common/1.0.1/kerb-common-1.0.1.jar:/home/user/.m2/repository/org/apache/kerby/kerb-crypto/1.0.1/kerb-crypto-1.0.1.jar:/home/user/.m2/repository/org/apache/kerby/kerb-util/1.0.1/kerb-util-1.0.1.jar:/home/user/.m2/repository/org/apache/kerby/token-provider/1.0.1/token-provider-1.0.1.jar:/home/user/.m2/repository/org/apache/kerby/kerb-admin/1.0.1/kerb-admin-1.0.1.jar:/home/user/.m2/repository/org/apache/kerby/kerb-server/1.0.1/kerb-server-1.0.1.jar:/home/user/.m2/repository/org/apache/kerby/kerb-identity/1.0.1/kerb-identity-1.0.1.jar:/home/user/.m2/repository/org/apache/kerby/kerby-xdr/1.0.1/kerby-xdr-1.0.1.jar:/home/user/.m2/repository/org/slf4j/slf4j-log4j12/1.7.25/slf4j-log4j12-1.7.25.jar:/home/user/.m2/repository/org/apache/hadoop/hadoop-ozone-s3gateway/0.5.0-SNAPSHOT/hadoop-ozone-s3gateway-0.5.0-SNAPSHOT.jar:/home/user/.m2/repository/org/jboss/weld/servlet/weld-servlet/2.4.7.Final/weld-servlet-2.4.7.Final.jar:/home/user/.m2/repository/org/glassfish/jersey/containers/jersey-container-servlet-core/2.27/jersey-container-servlet-core-2.27.jar:/home/user/.m2/repository/org/glassfish/hk2/external/javax.inject/2.5.0-b42/javax.inject-2.5.0-b42.jar:/home/user/.m2/repository/org/glassfish/jersey/core/jersey-common/2.27/jersey-common-2.27.jar:/home/user/.m2/repository/org/glassfish/hk2/osgi-resource-locator/1.0.1/osgi-resource-locator-1.0.1.jar:/home/user/.m2/repository/javax/ws/rs/javax.ws.rs-api/2.1/javax.ws.rs-api-2.1.jar:/home/user/.m2/repository/org/glassfish/jersey/ext/cdi/jersey-cdi1x/2.27/jersey-cdi1x-2.27.jar:/home/user/.m2/repository/org/glassfish/jersey/inject/jersey-hk2/2.27/jersey-hk2-2.27.jar:/home/user/.m2/repository/org/glassfish/hk2/hk2-locator/2.5.0-b42/hk2-locator-2.5.0-b42.jar:/home/user/.m2/repository/org/javassist/javassist/3.22.0-CR2/javassist-3.22.0-CR2.jar:/home/user/.m2/repository/org/glassfish/hk2/hk2-api/2.5.0/hk2-api-2.5.0.jar:/home/user/.m2/repository/org/glassfish/hk2/external/jakarta.inject/2.5.0/jakarta.inject-2.5.0.jar:/home/user/.m2/repository/org/glassfish/hk2/hk2-utils/2.5.0/hk2-utils-2.5.0.jar:/home/user/.m2/repository/jakarta/annotation/jakarta.annotation-api/1.3.4/jakarta.annotation-api-1.3.4.jar:/home/user/.m2/repository/org/glassfish/hk2/external/aopalliance-repackaged/2.5.0/aopalliance-repackaged-2.5.0.jar:/home/user/.m2/repository/com/fasterxml/jackson/dataformat/jackson-dataformat-xml/2.9.0/jackson-dataformat-xml-2.9.0.jar:/home/user/.m2/repository/com/fasterxml/jackson/core/jackson-core/2.9.9/jackson-core-2.9.9.jar:/home/user/.m2/repository/com/fasterxml/jackson/module/jackson-module-jaxb-annotations/2.9.9/jackson-module-jaxb-annotations-2.9.9.jar:/home/user/.m2/repository/javax/enterprise/cdi-api/1.2/cdi-api-1.2.jar:/home/user/.m2/repository/javax/el/javax.el-api/3.0.0/javax.el-api-3.0.0.jar:/home/user/.m2/repository/javax/interceptor/javax.interceptor-api/1.2/javax.interceptor-api-1.2.jar:/home/user/.m2/repository/javax/inject/javax.inject/1/javax.inject-1.jar:/home/user/.m2/repository/com/sun/xml/bind/jaxb-impl/2.3.0.1/jaxb-impl-2.3.0.1.jar:/home/user/.m2/repository/com/sun/xml/bind/jaxb-core/2.3.0.1/jaxb-core-2.3.0.1.jar:/home/user/.m2/repository/javax/xml/bind/jaxb-api/2.3.0/jaxb-api-2.3.0.jar:/home/user/.m2/repository/javax/activation/activation/1.1.1/activation-1.1.1.jar:/home/user/.m2/repository/org/apache/hadoop/hadoop-ozone-csi/0.5.0-SNAPSHOT/hadoop-ozone-csi-0.5.0-SNAPSHOT.jar:/home/user/.m2/repository/com/google/protobuf/protobuf-java-util/3.5.1/protobuf-java-util-3.5.1.jar:/home/user/.m2/repository/org/apache/hadoop/hadoop-hdds-config/0.5.0-SNAPSHOT/hadoop-hdds-config-0.5.0-SNAPSHOT.jar:/home/user/.m2/repository/io/grpc/grpc-netty/1.17.1/grpc-netty-1.17.1.jar:/home/user/.m2/repository/io/grpc/grpc-core/1.17.1/grpc-core-1.17.1.jar:/home/user/.m2/repository/io/grpc/grpc-context/1.17.1/grpc-context-1.17.1.jar:/home/user/.m2/repository/com/google/errorprone/error_prone_annotations/2.2.0/error_prone_annotations-2.2.0.jar:/home/user/.m2/repository/org/codehaus/mojo/animal-sniffer-annotations/1.17/animal-sniffer-annotations-1.17.jar:/home/user/.m2/repository/io/opencensus/opencensus-api/0.17.0/opencensus-api-0.17.0.jar:/home/user/.m2/repository/io/opencensus/opencensus-contrib-grpc-metrics/0.17.0/opencensus-contrib-grpc-metrics-0.17.0.jar:/home/user/.m2/repository/io/netty/netty-codec-http2/4.1.30.Final/netty-codec-http2-4.1.30.Final.jar:/home/user/.m2/repository/io/netty/netty-codec-http/4.1.30.Final/netty-codec-http-4.1.30.Final.jar:/home/user/.m2/repository/io/netty/netty-codec/4.1.30.Final/netty-codec-4.1.30.Final.jar:/home/user/.m2/repository/io/netty/netty-handler/4.1.30.Final/netty-handler-4.1.30.Final.jar:/home/user/.m2/repository/io/netty/netty-handler-proxy/4.1.30.Final/netty-handler-proxy-4.1.30.Final.jar:/home/user/.m2/repository/io/netty/netty-codec-socks/4.1.30.Final/netty-codec-socks-4.1.30.Final.jar:/home/user/.m2/repository/io/netty/netty-transport-native-epoll/4.1.30.Final/netty-transport-native-epoll-4.1.30.Final.jar:/home/user/.m2/repository/io/netty/netty-common/4.1.30.Final/netty-common-4.1.30.Final.jar:/home/user/.m2/repository/io/netty/netty-buffer/4.1.30.Final/netty-buffer-4.1.30.Final.jar:/home/user/.m2/repository/io/netty/netty-transport/4.1.30.Final/netty-transport-4.1.30.Final.jar:/home/user/.m2/repository/io/netty/netty-resolver/4.1.30.Final/netty-resolver-4.1.30.Final.jar:/home/user/.m2/repository/io/netty/netty-transport-native-unix-common/4.1.30.Final/netty-transport-native-unix-common-4.1.30.Final.jar:/home/user/.m2/repository/io/grpc/grpc-protobuf/1.17.1/grpc-protobuf-1.17.1.jar:/home/user/.m2/repository/com/google/api/grpc/proto-google-common-protos/1.0.0/proto-google-common-protos-1.0.0.jar:/home/user/.m2/repository/io/grpc/grpc-protobuf-lite/1.17.1/grpc-protobuf-lite-1.17.1.jar:/home/user/.m2/repository/io/grpc/grpc-stub/1.17.1/grpc-stub-1.17.1.jar:/home/user/.m2/repository/org/apache/hadoop/hadoop-ozone-recon/0.5.0-SNAPSHOT/hadoop-ozone-recon-0.5.0-SNAPSHOT.jar:/home/user/.m2/repository/org/apache/hadoop/hadoop-ozone-reconcodegen/0.5.0-SNAPSHOT/hadoop-ozone-reconcodegen-0.5.0-SNAPSHOT.jar:/home/user/.m2/repository/com/google/inject/extensions/guice-multibindings/4.0/guice-multibindings-4.0.jar:/home/user/.m2/repository/com/google/inject/guice/4.0/guice-4.0.jar:/home/user/.m2/repository/aopalliance/aopalliance/1.0/aopalliance-1.0.jar:/home/user/.m2/repository/com/google/inject/extensions/guice-servlet/4.0/guice-servlet-4.0.jar:/home/user/.m2/repository/org/glassfish/jersey/containers/jersey-container-servlet/2.27/jersey-container-servlet-2.27.jar:/home/user/.m2/repository/org/glassfish/hk2/guice-bridge/2.5.0/guice-bridge-2.5.0.jar:/home/user/.m2/repository/org/glassfish/jersey/core/jersey-server/2.27/jersey-server-2.27.jar:/home/user/.m2/repository/org/glassfish/jersey/core/jersey-client/2.27/jersey-client-2.27.jar:/home/user/.m2/repository/org/glassfish/jersey/media/jersey-media-jaxb/2.27/jersey-media-jaxb-2.27.jar:/home/user/.m2/repository/javax/validation/validation-api/1.1.0.Final/validation-api-1.1.0.Final.jar:/home/user/.m2/repository/org/glassfish/jersey/media/jersey-media-json-jackson/2.27/jersey-media-json-jackson-2.27.jar:/home/user/.m2/repository/org/glassfish/jersey/ext/jersey-entity-filtering/2.27/jersey-entity-filtering-2.27.jar:/home/user/.m2/repository/com/google/inject/extensions/guice-assistedinject/4.0/guice-assistedinject-4.0.jar:/home/user/.m2/repository/org/jooq/jooq/3.11.10/jooq-3.11.10.jar:/home/user/.m2/repository/org/jooq/jooq-meta/3.11.10/jooq-meta-3.11.10.jar:/home/user/.m2/repository/org/jooq/jooq-codegen/3.11.10/jooq-codegen-3.11.10.jar:/home/user/.m2/repository/com/jolbox/bonecp/0.8.0.RELEASE/bonecp-0.8.0.RELEASE.jar:/home/user/.m2/repository/org/xerial/sqlite-jdbc/3.25.2/sqlite-jdbc-3.25.2.jar:/home/user/.m2/repository/org/springframework/spring-jdbc/5.1.3.RELEASE/spring-jdbc-5.1.3.RELEASE.jar:/home/user/.m2/repository/org/springframework/spring-beans/5.1.3.RELEASE/spring-beans-5.1.3.RELEASE.jar:/home/user/.m2/repository/org/springframework/spring-core/5.1.3.RELEASE/spring-core-5.1.3.RELEASE.jar:/home/user/.m2/repository/org/springframework/spring-jcl/5.1.3.RELEASE/spring-jcl-5.1.3.RELEASE.jar:/home/user/.m2/repository/org/springframework/spring-tx/5.1.3.RELEASE/spring-tx-5.1.3.RELEASE.jar:/home/user/.m2/repository/org/apache/hadoop/hadoop-ozone-client/0.5.0-SNAPSHOT/hadoop-ozone-client-0.5.0-SNAPSHOT.jar:/home/user/.m2/repository/commons-lang/commons-lang/2.6/commons-lang-2.6.jar:/home/user/.m2/repository/org/apache/hadoop/hadoop-ozone-ozone-manager/0.5.0-SNAPSHOT/hadoop-ozone-ozone-manager-0.5.0-SNAPSHOT-tests.jar:/home/user/.m2/repository/junit/junit/4.11/junit-4.11.jar:/home/user/.m2/repository/org/hamcrest/hamcrest-core/1.3/hamcrest-core-1.3.jar:/home/user/.m2/repository/org/openjdk/jmh/jmh-core/1.19/jmh-core-1.19.jar:/home/user/.m2/repository/net/sf/jopt-simple/jopt-simple/4.6/jopt-simple-4.6.jar:/home/user/.m2/repository/org/apache/commons/commons-math3/3.1.1/commons-math3-3.1.1.jar:/home/user/.m2/repository/org/openjdk/jmh/jmh-generator-annprocess/1.19/jmh-generator-annprocess-1.19.jar:/home/user/.m2/repository/org/mockito/mockito-all/1.8.5/mockito-all-1.8.5.jar:/home/user/.m2/repository/org/apache/hadoop/hadoop-kms/3.2.0/hadoop-kms-3.2.0.jar:/home/user/.m2/repository/org/apache/hadoop/hadoop-auth/3.2.0/hadoop-auth-3.2.0.jar:/home/user/.m2/repository/com/nimbusds/nimbus-jose-jwt/4.41.1/nimbus-jose-jwt-4.41.1.jar:/home/user/.m2/repository/com/github/stephenc/jcip/jcip-annotations/1.0-1/jcip-annotations-1.0-1.jar:/home/user/.m2/repository/net/minidev/json-smart/2.3/json-smart-2.3.jar:/home/user/.m2/repository/net/minidev/accessors-smart/1.2/accessors-smart-1.2.jar:/home/user/.m2/repository/org/ow2/asm/asm/5.0.4/asm-5.0.4.jar:/home/user/.m2/repository/org/apache/curator/curator-framework/2.12.0/curator-framework-2.12.0.jar:/home/user/.m2/repository/com/sun/jersey/jersey-core/1.19/jersey-core-1.19.jar:/home/user/.m2/repository/javax/ws/rs/jsr311-api/1.1.1/jsr311-api-1.1.1.jar:/home/user/.m2/repository/com/sun/jersey/jersey-server/1.19/jersey-server-1.19.jar:/home/user/.m2/repository/javax/servlet/javax.servlet-api/3.1.0/javax.servlet-api-3.1.0.jar:/home/user/.m2/repository/org/eclipse/jetty/jetty-server/9.3.25.v20180904/jetty-server-9.3.25.v20180904.jar:/home/user/.m2/repository/org/eclipse/jetty/jetty-http/9.3.25.v20180904/jetty-http-9.3.25.v20180904.jar:/home/user/.m2/repository/org/eclipse/jetty/jetty-io/9.3.25.v20180904/jetty-io-9.3.25.v20180904.jar:/home/user/.m2/repository/org/eclipse/jetty/jetty-webapp/9.3.25.v20180904/jetty-webapp-9.3.25.v20180904.jar:/home/user/.m2/repository/org/eclipse/jetty/jetty-xml/9.3.25.v20180904/jetty-xml-9.3.25.v20180904.jar:/home/user/.m2/repository/log4j/log4j/1.2.17/log4j-1.2.17.jar:/home/user/.m2/repository/org/slf4j/slf4j-api/1.7.25/slf4j-api-1.7.25.jar:/home/user/.m2/repository/org/slf4j/jul-to-slf4j/1.7.25/jul-to-slf4j-1.7.25.jar:/home/user/.m2/repository/org/eclipse/jetty/jetty-util/9.3.25.v20180904/jetty-util-9.3.25.v20180904.jar:/home/user/.m2/repository/com/fasterxml/jackson/core/jackson-databind/2.9.9/jackson-databind-2.9.9.jar:/home/user/.m2/repository/org/apache/hadoop/hadoop-kms/3.2.0/hadoop-kms-3.2.0-tests.jar:/home/user/.m2/repository/org/apache/hadoop/hadoop-hdds-server-scm/0.5.0-SNAPSHOT/hadoop-hdds-server-scm-0.5.0-SNAPSHOT-tests.jar:/home/user/.m2/repository/org/apache/hadoop/hadoop-hdds-container-service/0.5.0-SNAPSHOT/hadoop-hdds-container-service-0.5.0-SNAPSHOT-tests.jar:/home/user/.m2/repository/org/yaml/snakeyaml/1.16/snakeyaml-1.16.jar:/home/user/.m2/repository/org/apache/hadoop/hadoop-common/3.2.0/hadoop-common-3.2.0-tests.jar:/home/user/.m2/repository/org/apache/hadoop/hadoop-annotations/3.2.0/hadoop-annotations-3.2.0.jar:/usr/lib/jvm/java-1.8-openjdk/jre/../lib/tools.jar:/home/user/.m2/repository/commons-cli/commons-cli/1.2/commons-cli-1.2.jar:/home/user/.m2/repository/org/apache/httpcomponents/httpclient/4.5.2/httpclient-4.5.2.jar:/home/user/.m2/repository/org/apache/httpcomponents/httpcore/4.4.4/httpcore-4.4.4.jar:/home/user/.m2/repository/commons-codec/commons-codec/1.11/commons-codec-1.11.jar:/home/user/.m2/repository/commons-net/commons-net/3.6/commons-net-3.6.jar:/home/user/.m2/repository/commons-collections/commons-collections/3.2.2/commons-collections-3.2.2.jar:/home/user/.m2/repository/org/eclipse/jetty/jetty-servlet/9.3.25.v20180904/jetty-servlet-9.3.25.v20180904.jar:/home/user/.m2/repository/org/eclipse/jetty/jetty-security/9.3.25.v20180904/jetty-security-9.3.25.v20180904.jar:/home/user/.m2/repository/javax/servlet/jsp/jsp-api/2.1/jsp-api-2.1.jar:/home/user/.m2/repository/com/sun/jersey/jersey-servlet/1.19/jersey-servlet-1.19.jar:/home/user/.m2/repository/com/sun/jersey/jersey-json/1.19/jersey-json-1.19.jar:/home/user/.m2/repository/org/codehaus/jettison/jettison/1.1/jettison-1.1.jar:/home/user/.m2/repository/org/codehaus/jackson/jackson-core-asl/1.9.13/jackson-core-asl-1.9.13.jar:/home/user/.m2/repository/org/codehaus/jackson/jackson-mapper-asl/1.9.13/jackson-mapper-asl-1.9.13.jar:/home/user/.m2/repository/org/codehaus/jackson/jackson-jaxrs/1.9.13/jackson-jaxrs-1.9.13.jar:/home/user/.m2/repository/org/codehaus/jackson/jackson-xc/1.9.13/jackson-xc-1.9.13.jar:/home/user/.m2/repository/commons-logging/commons-logging/1.1.3/commons-logging-1.1.3.jar:/home/user/.m2/repository/commons-beanutils/commons-beanutils/1.9.4/commons-beanutils-1.9.4.jar:/home/user/.m2/repository/org/apache/commons/commons-configuration2/2.1.1/commons-configuration2-2.1.1.jar:/home/user/.m2/repository/org/apache/commons/commons-lang3/3.7/commons-lang3-3.7.jar:/home/user/.m2/repository/org/apache/commons/commons-text/1.4/commons-text-1.4.jar:/home/user/.m2/repository/org/apache/avro/avro/1.7.7/avro-1.7.7.jar:/home/user/.m2/repository/com/thoughtworks/paranamer/paranamer/2.3/paranamer-2.3.jar:/home/user/.m2/repository/org/xerial/snappy/snappy-java/1.0.5/snappy-java-1.0.5.jar:/home/user/.m2/repository/com/google/re2j/re2j/1.1/re2j-1.1.jar:/home/user/.m2/repository/com/google/code/gson/gson/2.2.4/gson-2.2.4.jar:/home/user/.m2/repository/com/jcraft/jsch/0.1.54/jsch-0.1.54.jar:/home/user/.m2/repository/org/apache/curator/curator-client/2.12.0/curator-client-2.12.0.jar:/home/user/.m2/repository/org/apache/curator/curator-recipes/2.12.0/curator-recipes-2.12.0.jar:/home/user/.m2/repository/com/google/code/findbugs/jsr305/3.0.0/jsr305-3.0.0.jar:/home/user/.m2/repository/org/apache/htrace/htrace-core4/4.1.0-incubating/htrace-core4-4.1.0-incubating.jar:/home/user/.m2/repository/org/apache/zookeeper/zookeeper/3.4.13/zookeeper-3.4.13.jar:/home/user/.m2/repository/jline/jline/0.9.94/jline-0.9.94.jar:/home/user/.m2/repository/org/apache/yetus/audience-annotations/0.5.0/audience-annotations-0.5.0.jar:/home/user/.m2/repository/org/codehaus/woodstox/stax2-api/3.1.4/stax2-api-3.1.4.jar:/home/user/.m2/repository/com/fasterxml/woodstox/woodstox-core/5.0.3/woodstox-core-5.0.3.jar:/home/user/.m2/repository/dnsjava/dnsjava/2.1.7/dnsjava-2.1.7.jar:/home/user/.m2/repository/org/apache/hadoop/hadoop-hdfs/3.2.0/hadoop-hdfs-3.2.0-tests.jar:/home/user/.m2/repository/org/eclipse/jetty/jetty-util-ajax/9.3.25.v20180904/jetty-util-ajax-9.3.25.v20180904.jar:/home/user/.m2/repository/commons-daemon/commons-daemon/1.0.13/commons-daemon-1.0.13.jar:/home/user/.m2/repository/io/netty/netty/3.10.5.Final/netty-3.10.5.Final.jar:/home/user/.m2/repository/io/netty/netty-all/4.0.52.Final/netty-all-4.0.52.Final.jar:/home/user/.m2/repository/org/fusesource/leveldbjni/leveldbjni-all/1.8/leveldbjni-all-1.8.jar:"/>
    <property name="sun.cpu.endian" value="little"/>
    <property name="user.home" value="/home/user"/>
    <property name="user.language" value="en"/>
    <property name="java.specification.vendor" value="Oracle Corporation"/>
    <property name="java.home" value="/usr/lib/jvm/java-1.8-openjdk/jre"/>
    <property name="java.security.krb5.conf" value="/workdir/hadoop-ozone/integration-test/target/test-classes/krb5.conf"/>
    <property name="basedir" value="/workdir/hadoop-ozone/integration-test"/>
    <property name="file.separator" value="/"/>
    <property name="line.separator" value="&#10;"/>
    <property name="java.vm.specification.vendor" value="Oracle Corporation"/>
    <property name="java.specification.name" value="Java Platform API Specification"/>
    <property name="java.awt.graphicsenv" value="sun.awt.X11GraphicsEnvironment"/>
    <property name="surefire.real.class.path" value="/workdir/hadoop-ozone/integration-test/target/surefire/surefirebooter4266900044029157812.jar"/>
    <property name="hadoop.log.dir" value="/workdir/hadoop-ozone/integration-test/target/log"/>
    <property name="sun.boot.class.path" value="/usr/lib/jvm/java-1.8-openjdk/jre/lib/resources.jar:/usr/lib/jvm/java-1.8-openjdk/jre/lib/rt.jar:/usr/lib/jvm/java-1.8-openjdk/jre/lib/sunrsasign.jar:/usr/lib/jvm/java-1.8-openjdk/jre/lib/jsse.jar:/usr/lib/jvm/java-1.8-openjdk/jre/lib/jce.jar:/usr/lib/jvm/java-1.8-openjdk/jre/lib/charsets.jar:/usr/lib/jvm/java-1.8-openjdk/jre/lib/jfr.jar:/usr/lib/jvm/java-1.8-openjdk/jre/classes"/>
    <property name="sun.management.compiler" value="HotSpot 64-Bit Tiered Compilers"/>
    <property name="java.runtime.version" value="1.8.0_212-b04"/>
    <property name="java.net.preferIPv4Stack" value="true"/>
    <property name="user.name" value="jenkins1000"/>
    <property name="path.separator" value=":"/>
    <property name="java.security.egd" value="file:///dev/urandom"/>
    <property name="os.version" value="3.10.0-957.12.2.el7.x86_64"/>
    <property name="java.endorsed.dirs" value="/usr/lib/jvm/java-1.8-openjdk/jre/lib/endorsed"/>
    <property name="java.runtime.name" value="OpenJDK Runtime Environment"/>
    <property name="file.encoding" value="UTF-8"/>
    <property name="java.vm.name" value="OpenJDK 64-Bit Server VM"/>
    <property name="test.build.webapps" value=""/>
    <property name="localRepository" value="/home/user/.m2/repository"/>
    <property name="java.vendor.url.bug" value="https://icedtea.classpath.org/bugzilla"/>
    <property name="java.io.tmpdir" value="/tmp"/>
    <property name="require.test.libhadoop" value=""/>
    <property name="java.version" value="1.8.0_212"/>
    <property name="user.dir" value="/workdir/hadoop-ozone/integration-test"/>
    <property name="os.arch" value="amd64"/>
    <property name="java.vm.specification.name" value="Java Virtual Machine Specification"/>
    <property name="test.build.classes" value="/workdir/hadoop-ozone/integration-test/target/test-classes"/>
    <property name="java.awt.printerjob" value="sun.print.PSPrinterJob"/>
    <property name="sun.os.patch.level" value="unknown"/>
    <property name="hadoop.tmp.dir" value="/workdir/hadoop-ozone/integration-test/target/tmp"/>
    <property name="java.library.path" value="/usr/lib/jvm/java-1.8-openjdk/jre/lib/amd64/server:/usr/lib/jvm/java-1.8-openjdk/jre/lib/amd64:/usr/lib/jvm/java-1.8-openjdk/jre/../lib/amd64:/workdir/hadoop-ozone/integration-test/target/native/target/usr/local/lib:/workdir/hadoop-ozone/integration-test/../../hadoop-common-project/hadoop-common/target/native/target/usr/local/lib:/usr/java/packages/lib/amd64:/usr/lib64:/lib64:/lib:/usr/lib"/>
    <property name="java.vm.info" value="mixed mode"/>
    <property name="java.vendor" value="IcedTea"/>
    <property name="java.vm.version" value="25.212-b04"/>
    <property name="java.ext.dirs" value="/usr/lib/jvm/java-1.8-openjdk/jre/lib/ext:/usr/java/packages/lib/ext"/>
    <property name="sun.io.unicode.encoding" value="UnicodeLittle"/>
    <property name="java.class.version" value="52.0"/>
  </properties>
  <testcase name="testPipelineDestroy" classname="org.apache.hadoop.ozone.scm.pipeline.TestSCMPipelineMetrics" time="29.603">
    <failure message="Bad value for metric NumPipelineDestroyed expected:&lt;1&gt; but was:&lt;5&gt;" type="java.lang.AssertionError"><![CDATA[java.lang.AssertionError: Bad value for metric NumPipelineDestroyed expected:<1> but was:<5>
	at org.junit.Assert.fail(Assert.java:88)
	at org.junit.Assert.failNotEquals(Assert.java:743)
	at org.junit.Assert.assertEquals(Assert.java:118)
	at org.junit.Assert.assertEquals(Assert.java:555)
	at org.apache.hadoop.test.MetricsAsserts.assertCounter(MetricsAsserts.java:227)
	at org.apache.hadoop.ozone.scm.pipeline.TestSCMPipelineMetrics.testPipelineDestroy(TestSCMPipelineMetrics.java:93)
	at sun.reflect.NativeMethodAccessorImpl.invoke0(Native Method)
	at sun.reflect.NativeMethodAccessorImpl.invoke(NativeMethodAccessorImpl.java:62)
	at sun.reflect.DelegatingMethodAccessorImpl.invoke(DelegatingMethodAccessorImpl.java:43)
	at java.lang.reflect.Method.invoke(Method.java:498)
	at org.junit.runners.model.FrameworkMethod$1.runReflectiveCall(FrameworkMethod.java:47)
	at org.junit.internal.runners.model.ReflectiveCallable.run(ReflectiveCallable.java:12)
	at org.junit.runners.model.FrameworkMethod.invokeExplosively(FrameworkMethod.java:44)
	at org.junit.internal.runners.statements.InvokeMethod.evaluate(InvokeMethod.java:17)
	at org.junit.internal.runners.statements.RunBefores.evaluate(RunBefores.java:26)
	at org.junit.internal.runners.statements.RunAfters.evaluate(RunAfters.java:27)
	at org.junit.runners.ParentRunner.runLeaf(ParentRunner.java:271)
	at org.junit.runners.BlockJUnit4ClassRunner.runChild(BlockJUnit4ClassRunner.java:70)
	at org.junit.runners.BlockJUnit4ClassRunner.runChild(BlockJUnit4ClassRunner.java:50)
	at org.junit.runners.ParentRunner$3.run(ParentRunner.java:238)
	at org.junit.runners.ParentRunner$1.schedule(ParentRunner.java:63)
	at org.junit.runners.ParentRunner.runChildren(ParentRunner.java:236)
	at org.junit.runners.ParentRunner.access$000(ParentRunner.java:53)
	at org.junit.runners.ParentRunner$2.evaluate(ParentRunner.java:229)
	at org.junit.runners.ParentRunner.run(ParentRunner.java:309)
	at org.apache.maven.surefire.junit4.JUnit4Provider.execute(JUnit4Provider.java:365)
	at org.apache.maven.surefire.junit4.JUnit4Provider.executeWithRerun(JUnit4Provider.java:273)
	at org.apache.maven.surefire.junit4.JUnit4Provider.executeTestSet(JUnit4Provider.java:238)
	at org.apache.maven.surefire.junit4.JUnit4Provider.invoke(JUnit4Provider.java:159)
	at org.apache.maven.surefire.booter.ForkedBooter.invokeProviderInSameClassLoader(ForkedBooter.java:384)
	at org.apache.maven.surefire.booter.ForkedBooter.runSuitesInProcess(ForkedBooter.java:345)
	at org.apache.maven.surefire.booter.ForkedBooter.execute(ForkedBooter.java:126)
	at org.apache.maven.surefire.booter.ForkedBooter.main(ForkedBooter.java:418)
]]></failure>
    <system-out><![CDATA[2019-10-09 23:36:54,557 [main] WARN  server.ServerUtils (ServerUtils.java:getScmDbDir(145)) - ozone.scm.db.dirs is not configured. We recommend adding this setting. Falling back to ozone.metadata.dirs instead.
2019-10-09 23:36:54,677 [main] WARN  server.ServerUtils (ServerUtils.java:getScmDbDir(145)) - ozone.scm.db.dirs is not configured. We recommend adding this setting. Falling back to ozone.metadata.dirs instead.
2019-10-09 23:36:54,682 [main] WARN  server.ServerUtils (ServerUtils.java:getScmDbDir(145)) - ozone.scm.db.dirs is not configured. We recommend adding this setting. Falling back to ozone.metadata.dirs instead.
2019-10-09 23:36:54,720 [main] INFO  util.log (Log.java:initialized(192)) - Logging initialized @1031ms
2019-10-09 23:36:54,829 [main] INFO  db.DBStoreBuilder (DBStoreBuilder.java:addTable(117)) - using custom profile for table: deletedBlocks
2019-10-09 23:36:54,830 [main] INFO  db.DBStoreBuilder (DBStoreBuilder.java:processTables(168)) - Using default column profile:DBProfile.DISK for Table:deletedBlocks
2019-10-09 23:36:54,830 [main] INFO  db.DBStoreBuilder (DBStoreBuilder.java:addTable(117)) - using custom profile for table: validCerts
2019-10-09 23:36:54,830 [main] INFO  db.DBStoreBuilder (DBStoreBuilder.java:processTables(168)) - Using default column profile:DBProfile.DISK for Table:validCerts
2019-10-09 23:36:54,831 [main] INFO  db.DBStoreBuilder (DBStoreBuilder.java:addTable(117)) - using custom profile for table: revokedCerts
2019-10-09 23:36:54,831 [main] INFO  db.DBStoreBuilder (DBStoreBuilder.java:processTables(168)) - Using default column profile:DBProfile.DISK for Table:revokedCerts
2019-10-09 23:36:54,843 [main] INFO  db.DBStoreBuilder (DBStoreBuilder.java:addTable(117)) - using custom profile for table: default
2019-10-09 23:36:54,843 [main] INFO  db.DBStoreBuilder (DBStoreBuilder.java:processTables(174)) - Using default column profile:DBProfile.DISK for Table:default
2019-10-09 23:36:54,844 [main] INFO  db.DBStoreBuilder (DBStoreBuilder.java:getDbProfile(205)) - Using default options. DBProfile.DISK
2019-10-09 23:36:55,078 [main] INFO  net.NodeSchemaLoader (NodeSchemaLoader.java:loadSchemaFromFile(125)) - Loading file from sun.misc.CompoundEnumeration@74235045
2019-10-09 23:36:55,081 [main] INFO  net.NodeSchemaLoader (NodeSchemaLoader.java:loadSchema(171)) - Loading network topology layer schema file
2019-10-09 23:36:55,173 [main] WARN  server.ServerUtils (ServerUtils.java:sanitizeUserArgs(70)) - ozone.scm.stale.node.interval value = 300000 is larger than max = 100000 based on the key value of ozone.scm.heartbeat.thread.interval, reset to the max value 100000.
2019-10-09 23:36:55,175 [main] WARN  server.ServerUtils (ServerUtils.java:sanitizeUserArgs(70)) - ozone.scm.stale.node.interval value = 300000 is larger than max = 100000 based on the key value of ozone.scm.heartbeat.thread.interval, reset to the max value 100000.
2019-10-09 23:36:55,178 [main] INFO  node.SCMNodeManager (SCMNodeManager.java:<init>(116)) - Entering startup safe mode.
2019-10-09 23:36:55,277 [main] INFO  algorithms.ContainerPlacementPolicyFactory (ContainerPlacementPolicyFactory.java:getPolicy(57)) - Create container placement policy of type org.apache.hadoop.hdds.scm.container.placement.algorithms.SCMContainerPlacementRandom
2019-10-09 23:36:55,298 [main] WARN  server.ServerUtils (ServerUtils.java:getScmDbDir(145)) - ozone.scm.db.dirs is not configured. We recommend adding this setting. Falling back to ozone.metadata.dirs instead.
2019-10-09 23:36:55,368 [main] INFO  pipeline.SCMPipelineManager (SCMPipelineManager.java:initializePipelineState(132)) - No pipeline exists in current db
2019-10-09 23:36:55,372 [main] WARN  server.ServerUtils (ServerUtils.java:getScmDbDir(145)) - ozone.scm.db.dirs is not configured. We recommend adding this setting. Falling back to ozone.metadata.dirs instead.
2019-10-09 23:36:55,495 [main] WARN  events.EventQueue (EventQueue.java:fireEvent(183)) - No event handler registered for event TypedEvent{payloadType=SafeModeStatus, name='SafeModeStatus'}
2019-10-09 23:36:55,972 [main] INFO  ipc.CallQueueManager (CallQueueManager.java:<init>(84)) - Using callQueue: class java.util.concurrent.LinkedBlockingQueue, queueCapacity: 2000, scheduler: class org.apache.hadoop.ipc.DefaultRpcScheduler, ipcBackoff: false.
2019-10-09 23:36:56,015 [Socket Reader #1 for port 38098] INFO  ipc.Server (Server.java:run(1074)) - Starting Socket Reader #1 for port 38098
2019-10-09 23:36:56,186 [main] INFO  ipc.CallQueueManager (CallQueueManager.java:<init>(84)) - Using callQueue: class java.util.concurrent.LinkedBlockingQueue, queueCapacity: 2000, scheduler: class org.apache.hadoop.ipc.DefaultRpcScheduler, ipcBackoff: false.
2019-10-09 23:36:56,187 [Socket Reader #1 for port 32873] INFO  ipc.Server (Server.java:run(1074)) - Starting Socket Reader #1 for port 32873
2019-10-09 23:36:56,443 [main] INFO  ipc.CallQueueManager (CallQueueManager.java:<init>(84)) - Using callQueue: class java.util.concurrent.LinkedBlockingQueue, queueCapacity: 2000, scheduler: class org.apache.hadoop.ipc.DefaultRpcScheduler, ipcBackoff: false.
2019-10-09 23:36:56,444 [Socket Reader #1 for port 43956] INFO  ipc.Server (Server.java:run(1074)) - Starting Socket Reader #1 for port 43956
2019-10-09 23:36:56,470 [main] INFO  hdfs.DFSUtil (DFSUtil.java:httpServerTemplateForNNAndJN(1641)) - Starting Web-server for scm at: http://0.0.0.0:0
2019-10-09 23:36:56,679 [main] INFO  server.AuthenticationFilter (AuthenticationFilter.java:constructSecretProvider(240)) - Unable to initialize FileSignerSecretProvider, falling back to use random secrets.
2019-10-09 23:36:56,690 [main] WARN  http.HttpRequestLog (HttpRequestLog.java:getRequestLog(97)) - Jetty request log can only be enabled using Log4j
2019-10-09 23:36:56,701 [main] INFO  http.HttpServer2 (HttpServer2.java:addGlobalFilter(975)) - Added global filter 'safety' (class=org.apache.hadoop.http.HttpServer2$QuotingInputFilter)
2019-10-09 23:36:56,706 [main] INFO  http.HttpServer2 (HttpServer2.java:addFilter(948)) - Added filter static_user_filter (class=org.apache.hadoop.http.lib.StaticUserWebFilter$StaticUserFilter) to context scm
2019-10-09 23:36:56,707 [main] INFO  http.HttpServer2 (HttpServer2.java:addFilter(958)) - Added filter static_user_filter (class=org.apache.hadoop.http.lib.StaticUserWebFilter$StaticUserFilter) to context static
2019-10-09 23:36:56,707 [main] INFO  http.HttpServer2 (HttpServer2.java:addFilter(958)) - Added filter static_user_filter (class=org.apache.hadoop.http.lib.StaticUserWebFilter$StaticUserFilter) to context logs
2019-10-09 23:36:56,750 [main] INFO  server.StorageContainerManager (StorageContainerManager.java:start(772)) - StorageContainerLocationProtocol RPC server is listening at /0.0.0.0:43956
2019-10-09 23:36:56,844 [main] WARN  impl.MetricsConfig (MetricsConfig.java:loadFirst(134)) - Cannot locate configuration: tried hadoop-metrics2-storagecontainermanager.properties,hadoop-metrics2.properties
2019-10-09 23:36:56,859 [main] INFO  impl.MetricsSystemImpl (MetricsSystemImpl.java:startTimer(374)) - Scheduled Metric snapshot period at 10 second(s).
2019-10-09 23:36:56,859 [main] INFO  impl.MetricsSystemImpl (MetricsSystemImpl.java:start(191)) - StorageContainerManager metrics system started
2019-10-09 23:36:57,163 [main] INFO  server.SCMClientProtocolServer (SCMClientProtocolServer.java:start(159)) - RPC server for Client  is listening at /0.0.0.0:43956
2019-10-09 23:36:57,164 [IPC Server Responder] INFO  ipc.Server (Server.java:run(1314)) - IPC Server Responder: starting
2019-10-09 23:36:57,164 [IPC Server listener on 43956] INFO  ipc.Server (Server.java:run(1153)) - IPC Server listener on 43956: starting
2019-10-09 23:36:57,182 [main] INFO  server.StorageContainerManager (StorageContainerManager.java:start(782)) - ScmBlockLocationProtocol RPC server is listening at /0.0.0.0:32873
2019-10-09 23:36:57,184 [main] INFO  server.SCMBlockProtocolServer (SCMBlockProtocolServer.java:start(146)) - RPC server for Block Protocol is listening at /0.0.0.0:32873
2019-10-09 23:36:57,184 [IPC Server Responder] INFO  ipc.Server (Server.java:run(1314)) - IPC Server Responder: starting
2019-10-09 23:36:57,185 [IPC Server listener on 32873] INFO  ipc.Server (Server.java:run(1153)) - IPC Server listener on 32873: starting
2019-10-09 23:36:57,193 [main] INFO  server.StorageContainerManager (StorageContainerManager.java:start(786)) - ScmDatanodeProtocl RPC server is listening at /0.0.0.0:38098
2019-10-09 23:36:57,194 [main] INFO  server.SCMDatanodeProtocolServer (SCMDatanodeProtocolServer.java:start(169)) - RPC server for DataNodes is listening at /0.0.0.0:38098
2019-10-09 23:36:57,195 [IPC Server Responder] INFO  ipc.Server (Server.java:run(1314)) - IPC Server Responder: starting
2019-10-09 23:36:57,195 [IPC Server listener on 38098] INFO  ipc.Server (Server.java:run(1153)) - IPC Server listener on 38098: starting
2019-10-09 23:36:57,200 [main] INFO  http.HttpServer2 (HttpServer2.java:bindListener(1191)) - Jetty bound to port 42282
2019-10-09 23:36:57,202 [main] INFO  server.Server (Server.java:doStart(351)) - jetty-9.3.25.v20180904, build timestamp: 2018-09-04T21:11:46Z, git hash: 3ce520221d0240229c862b122d2b06c12a625732
2019-10-09 23:36:57,261 [main] INFO  handler.ContextHandler (ContextHandler.java:doStart(781)) - Started o.e.j.s.ServletContextHandler@65fe9e33{/logs,file:///workdir/hadoop-ozone/integration-test/target/log,AVAILABLE}
2019-10-09 23:36:57,262 [main] INFO  handler.ContextHandler (ContextHandler.java:doStart(781)) - Started o.e.j.s.ServletContextHandler@42f8285e{/static,file:///workdir/hadoop-ozone/integration-test/target/test-classes/webapps/static,AVAILABLE}
2019-10-09 23:36:57,312 [main] INFO  handler.ContextHandler (ContextHandler.java:doStart(781)) - Started o.e.j.w.WebAppContext@3d6300e8{/,file:///workdir/hadoop-ozone/integration-test/target/test-classes/webapps/scm/,AVAILABLE}{/scm}
2019-10-09 23:36:57,321 [main] INFO  server.AbstractConnector (AbstractConnector.java:doStart(278)) - Started ServerConnector@3af4e0bf{HTTP/1.1,[http/1.1]}{0.0.0.0:42282}
2019-10-09 23:36:57,321 [main] INFO  server.Server (Server.java:doStart(419)) - Started @3632ms
2019-10-09 23:36:57,326 [main] INFO  impl.MetricsSinkAdapter (MetricsSinkAdapter.java:start(204)) - Sink prometheus started
2019-10-09 23:36:57,327 [main] INFO  impl.MetricsSystemImpl (MetricsSystemImpl.java:registerSink(301)) - Registered sink prometheus
2019-10-09 23:36:57,328 [main] INFO  server.BaseHttpServer (BaseHttpServer.java:updateConnectorAddress(215)) - HTTP server of SCM is listening at http://0.0.0.0:42282
2019-10-09 23:36:57,336 [org.apache.hadoop.util.JvmPauseMonitor$Monitor@1a2e2935] INFO  util.JvmPauseMonitor (JvmPauseMonitor.java:run(188)) - Starting JVM pause monitor
2019-10-09 23:36:57,340 [main] WARN  server.ServerUtils (ServerUtils.java:getDBPath(222)) - ozone.om.db.dirs is not configured. We recommend adding this setting. Falling back to ozone.metadata.dirs instead.
2019-10-09 23:36:57,499 [main] INFO  ha.OMHANodeDetails (OMHANodeDetails.java:loadOMHAConfig(190)) - Configuration either no ozone.om.address set. Falling back to the default OM address /127.0.0.1:0
2019-10-09 23:36:57,500 [main] INFO  ha.OMHANodeDetails (OMHANodeDetails.java:getOMNodeDetails(220)) - OM Service ID is not set. Setting it to the default ID: omServiceIdDefault
2019-10-09 23:36:57,502 [main] WARN  server.ServerUtils (ServerUtils.java:getDBPath(222)) - ozone.om.db.dirs is not configured. We recommend adding this setting. Falling back to ozone.metadata.dirs instead.
2019-10-09 23:36:57,503 [main] WARN  server.ServerUtils (ServerUtils.java:getDBPath(222)) - ozone.om.db.dirs is not configured. We recommend adding this setting. Falling back to ozone.metadata.dirs instead.
2019-10-09 23:36:58,302 [main] WARN  server.ServerUtils (ServerUtils.java:getDBPath(222)) - ozone.om.db.dirs is not configured. We recommend adding this setting. Falling back to ozone.metadata.dirs instead.
2019-10-09 23:36:58,312 [main] INFO  db.DBStoreBuilder (DBStoreBuilder.java:addTable(117)) - using custom profile for table: userTable
2019-10-09 23:36:58,313 [main] INFO  db.DBStoreBuilder (DBStoreBuilder.java:processTables(168)) - Using default column profile:DBProfile.DISK for Table:userTable
2019-10-09 23:36:58,313 [main] INFO  db.DBStoreBuilder (DBStoreBuilder.java:addTable(117)) - using custom profile for table: volumeTable
2019-10-09 23:36:58,314 [main] INFO  db.DBStoreBuilder (DBStoreBuilder.java:processTables(168)) - Using default column profile:DBProfile.DISK for Table:volumeTable
2019-10-09 23:36:58,314 [main] INFO  db.DBStoreBuilder (DBStoreBuilder.java:addTable(117)) - using custom profile for table: bucketTable
2019-10-09 23:36:58,314 [main] INFO  db.DBStoreBuilder (DBStoreBuilder.java:processTables(168)) - Using default column profile:DBProfile.DISK for Table:bucketTable
2019-10-09 23:36:58,315 [main] INFO  db.DBStoreBuilder (DBStoreBuilder.java:addTable(117)) - using custom profile for table: keyTable
2019-10-09 23:36:58,315 [main] INFO  db.DBStoreBuilder (DBStoreBuilder.java:processTables(168)) - Using default column profile:DBProfile.DISK for Table:keyTable
2019-10-09 23:36:58,315 [main] INFO  db.DBStoreBuilder (DBStoreBuilder.java:addTable(117)) - using custom profile for table: deletedTable
2019-10-09 23:36:58,316 [main] INFO  db.DBStoreBuilder (DBStoreBuilder.java:processTables(168)) - Using default column profile:DBProfile.DISK for Table:deletedTable
2019-10-09 23:36:58,316 [main] INFO  db.DBStoreBuilder (DBStoreBuilder.java:addTable(117)) - using custom profile for table: openKeyTable
2019-10-09 23:36:58,316 [main] INFO  db.DBStoreBuilder (DBStoreBuilder.java:processTables(168)) - Using default column profile:DBProfile.DISK for Table:openKeyTable
2019-10-09 23:36:58,317 [main] INFO  db.DBStoreBuilder (DBStoreBuilder.java:addTable(117)) - using custom profile for table: s3Table
2019-10-09 23:36:58,317 [main] INFO  db.DBStoreBuilder (DBStoreBuilder.java:processTables(168)) - Using default column profile:DBProfile.DISK for Table:s3Table
2019-10-09 23:36:58,318 [main] INFO  db.DBStoreBuilder (DBStoreBuilder.java:addTable(117)) - using custom profile for table: multipartInfoTable
2019-10-09 23:36:58,318 [main] INFO  db.DBStoreBuilder (DBStoreBuilder.java:processTables(168)) - Using default column profile:DBProfile.DISK for Table:multipartInfoTable
2019-10-09 23:36:58,318 [main] INFO  db.DBStoreBuilder (DBStoreBuilder.java:addTable(117)) - using custom profile for table: dTokenTable
2019-10-09 23:36:58,319 [main] INFO  db.DBStoreBuilder (DBStoreBuilder.java:processTables(168)) - Using default column profile:DBProfile.DISK for Table:dTokenTable
2019-10-09 23:36:58,319 [main] INFO  db.DBStoreBuilder (DBStoreBuilder.java:addTable(117)) - using custom profile for table: s3SecretTable
2019-10-09 23:36:58,319 [main] INFO  db.DBStoreBuilder (DBStoreBuilder.java:processTables(168)) - Using default column profile:DBProfile.DISK for Table:s3SecretTable
2019-10-09 23:36:58,320 [main] INFO  db.DBStoreBuilder (DBStoreBuilder.java:addTable(117)) - using custom profile for table: prefixTable
2019-10-09 23:36:58,320 [main] INFO  db.DBStoreBuilder (DBStoreBuilder.java:processTables(168)) - Using default column profile:DBProfile.DISK for Table:prefixTable
2019-10-09 23:36:58,320 [main] INFO  db.DBStoreBuilder (DBStoreBuilder.java:addTable(117)) - using custom profile for table: default
2019-10-09 23:36:58,321 [main] INFO  db.DBStoreBuilder (DBStoreBuilder.java:processTables(174)) - Using default column profile:DBProfile.DISK for Table:default
2019-10-09 23:36:58,321 [main] INFO  db.DBStoreBuilder (DBStoreBuilder.java:getDbProfile(205)) - Using default options. DBProfile.DISK
2019-10-09 23:36:58,858 [main] INFO  ipc.CallQueueManager (CallQueueManager.java:<init>(84)) - Using callQueue: class java.util.concurrent.LinkedBlockingQueue, queueCapacity: 2000, scheduler: class org.apache.hadoop.ipc.DefaultRpcScheduler, ipcBackoff: false.
2019-10-09 23:36:58,859 [Socket Reader #1 for port 39595] INFO  ipc.Server (Server.java:run(1074)) - Starting Socket Reader #1 for port 39595
2019-10-09 23:36:58,881 [main] INFO  om.OzoneManager (OzoneManager.java:start(1069)) - OzoneManager RPC server is listening at localhost/127.0.0.1:39595
2019-10-09 23:36:58,882 [main] INFO  impl.MetricsSystemImpl (MetricsSystemImpl.java:init(158)) - OzoneManager metrics system started (again)
2019-10-09 23:36:58,892 [IPC Server Responder] INFO  ipc.Server (Server.java:run(1314)) - IPC Server Responder: starting
2019-10-09 23:36:58,892 [IPC Server listener on 39595] INFO  ipc.Server (Server.java:run(1153)) - IPC Server listener on 39595: starting
2019-10-09 23:36:58,897 [main] INFO  hdfs.DFSUtil (DFSUtil.java:httpServerTemplateForNNAndJN(1641)) - Starting Web-server for ozoneManager at: http://0.0.0.0:0
2019-10-09 23:36:58,900 [main] INFO  server.AuthenticationFilter (AuthenticationFilter.java:constructSecretProvider(240)) - Unable to initialize FileSignerSecretProvider, falling back to use random secrets.
2019-10-09 23:36:58,901 [main] WARN  http.HttpRequestLog (HttpRequestLog.java:getRequestLog(97)) - Jetty request log can only be enabled using Log4j
2019-10-09 23:36:58,903 [main] INFO  http.HttpServer2 (HttpServer2.java:addGlobalFilter(975)) - Added global filter 'safety' (class=org.apache.hadoop.http.HttpServer2$QuotingInputFilter)
2019-10-09 23:36:58,905 [main] INFO  http.HttpServer2 (HttpServer2.java:addFilter(948)) - Added filter static_user_filter (class=org.apache.hadoop.http.lib.StaticUserWebFilter$StaticUserFilter) to context ozoneManager
2019-10-09 23:36:58,905 [main] INFO  http.HttpServer2 (HttpServer2.java:addFilter(958)) - Added filter static_user_filter (class=org.apache.hadoop.http.lib.StaticUserWebFilter$StaticUserFilter) to context logs
2019-10-09 23:36:58,905 [main] INFO  http.HttpServer2 (HttpServer2.java:addFilter(958)) - Added filter static_user_filter (class=org.apache.hadoop.http.lib.StaticUserWebFilter$StaticUserFilter) to context static
2019-10-09 23:36:58,907 [main] INFO  http.HttpServer2 (HttpServer2.java:bindListener(1191)) - Jetty bound to port 46080
2019-10-09 23:36:58,907 [main] INFO  server.Server (Server.java:doStart(351)) - jetty-9.3.25.v20180904, build timestamp: 2018-09-04T21:11:46Z, git hash: 3ce520221d0240229c862b122d2b06c12a625732
2019-10-09 23:36:58,909 [main] INFO  handler.ContextHandler (ContextHandler.java:doStart(781)) - Started o.e.j.s.ServletContextHandler@1542af63{/logs,file:///workdir/hadoop-ozone/integration-test/target/log,AVAILABLE}
2019-10-09 23:36:58,909 [main] INFO  handler.ContextHandler (ContextHandler.java:doStart(781)) - Started o.e.j.s.ServletContextHandler@20ed3303{/static,file:///workdir/hadoop-ozone/integration-test/target/test-classes/webapps/static,AVAILABLE}
2019-10-09 23:36:58,914 [main] INFO  handler.ContextHandler (ContextHandler.java:doStart(781)) - Started o.e.j.w.WebAppContext@319854f0{/,file:///workdir/hadoop-ozone/integration-test/target/test-classes/webapps/ozoneManager/,AVAILABLE}{/ozoneManager}
2019-10-09 23:36:58,915 [main] INFO  server.AbstractConnector (AbstractConnector.java:doStart(278)) - Started ServerConnector@748fe51d{HTTP/1.1,[http/1.1]}{0.0.0.0:46080}
2019-10-09 23:36:58,916 [main] INFO  server.Server (Server.java:doStart(419)) - Started @5227ms
2019-10-09 23:36:58,916 [main] WARN  impl.MetricsSystemImpl (MetricsSystemImpl.java:register(276)) - Sink prometheus already exists!
2019-10-09 23:36:58,917 [main] INFO  server.BaseHttpServer (BaseHttpServer.java:updateConnectorAddress(215)) - HTTP server of OZONEMANAGER is listening at http://0.0.0.0:46080
2019-10-09 23:36:59,180 [main] INFO  impl.MetricsSystemImpl (MetricsSystemImpl.java:init(158)) - HddsDatanode metrics system started (again)
2019-10-09 23:36:59,245 [main] INFO  ozone.HddsDatanodeService (HddsDatanodeService.java:start(184)) - HddsDatanodeService host:pr-hdds-1868-fg6nx-4263576025 ip:192.168.5.166
2019-10-09 23:36:59,288 [main] INFO  volume.HddsVolume (HddsVolume.java:<init>(176)) - Creating Volume: /workdir/hadoop-ozone/integration-test/target/test-dir/MiniOzoneClusterImpl-21c45bca-c398-4058-b81d-da98a299d3d6/datanode-0/data/containers/hdds of  storage type : DISK and capacity : 1482555576320
2019-10-09 23:36:59,290 [main] INFO  volume.VolumeSet (VolumeSet.java:initializeVolumeSet(170)) - Added Volume : /workdir/hadoop-ozone/integration-test/target/test-dir/MiniOzoneClusterImpl-21c45bca-c398-4058-b81d-da98a299d3d6/datanode-0/data/containers/hdds to VolumeSet
2019-10-09 23:36:59,293 [main] INFO  volume.ThrottledAsyncChecker (ThrottledAsyncChecker.java:schedule(141)) - Scheduling a check for org.apache.hadoop.ozone.container.common.volume.HddsVolume@50194e8d
2019-10-09 23:36:59,309 [main] INFO  volume.HddsVolumeChecker (HddsVolumeChecker.java:checkAllVolumes(204)) - Scheduled health check for volume org.apache.hadoop.ozone.container.common.volume.HddsVolume@50194e8d
2019-10-09 23:36:59,418 [main] INFO  impl.RaftServerProxy (ConfUtils.java:logGet(43)) - raft.rpc.type = GRPC (default)
2019-10-09 23:36:59,483 [main] INFO  grpc.GrpcFactory (GrpcFactory.java:checkPooledByteBufAllocatorUseCacheForAllThreads(45)) - PERFORMANCE WARNING: useCacheForAllThreads is true that may cause Netty to create a lot garbage objects and, as a result, trigger GC.
	It is recommended to disable useCacheForAllThreads by setting -Dorg.apache.ratis.thirdparty.io.netty.allocator.useCacheForAllThreads=false in command line.
2019-10-09 23:36:59,488 [main] INFO  grpc.GrpcConfigKeys$Server (ConfUtils.java:logGet(43)) - raft.grpc.server.port = 0 (default)
2019-10-09 23:36:59,489 [main] INFO  server.GrpcService (ConfUtils.java:logGet(43)) - raft.grpc.message.size.max = 33570816 (custom)
2019-10-09 23:36:59,490 [main] INFO  server.RaftServerConfigKeys (ConfUtils.java:logGet(43)) - raft.server.log.appender.buffer.byte-limit = 33554432 (custom)
2019-10-09 23:36:59,491 [main] INFO  server.GrpcService (ConfUtils.java:logGet(43)) - raft.grpc.flow.control.window = 1MB (=1048576) (default)
2019-10-09 23:36:59,492 [main] INFO  server.RaftServerConfigKeys (ConfUtils.java:logGet(43)) - raft.server.rpc.request.timeout = 3000ms (default)
2019-10-09 23:36:59,658 [main] INFO  server.RaftServerConfigKeys (ConfUtils.java:logGet(43)) - raft.server.storage.dir = [/workdir/hadoop-ozone/integration-test/target/test-dir/MiniOzoneClusterImpl-21c45bca-c398-4058-b81d-da98a299d3d6/datanode-0/data/ratis] (custom)
2019-10-09 23:36:59,708 [main] INFO  hdfs.DFSUtil (DFSUtil.java:httpServerTemplateForNNAndJN(1641)) - Starting Web-server for hddsDatanode at: http://0.0.0.0:0
2019-10-09 23:36:59,710 [main] INFO  server.AuthenticationFilter (AuthenticationFilter.java:constructSecretProvider(240)) - Unable to initialize FileSignerSecretProvider, falling back to use random secrets.
2019-10-09 23:36:59,711 [main] WARN  http.HttpRequestLog (HttpRequestLog.java:getRequestLog(97)) - Jetty request log can only be enabled using Log4j
2019-10-09 23:36:59,713 [main] INFO  http.HttpServer2 (HttpServer2.java:addGlobalFilter(975)) - Added global filter 'safety' (class=org.apache.hadoop.http.HttpServer2$QuotingInputFilter)
2019-10-09 23:36:59,715 [main] INFO  http.HttpServer2 (HttpServer2.java:addFilter(948)) - Added filter static_user_filter (class=org.apache.hadoop.http.lib.StaticUserWebFilter$StaticUserFilter) to context hddsDatanode
2019-10-09 23:36:59,715 [main] INFO  http.HttpServer2 (HttpServer2.java:addFilter(958)) - Added filter static_user_filter (class=org.apache.hadoop.http.lib.StaticUserWebFilter$StaticUserFilter) to context static
2019-10-09 23:36:59,716 [main] INFO  http.HttpServer2 (HttpServer2.java:addFilter(958)) - Added filter static_user_filter (class=org.apache.hadoop.http.lib.StaticUserWebFilter$StaticUserFilter) to context logs
2019-10-09 23:36:59,717 [main] INFO  http.HttpServer2 (HttpServer2.java:bindListener(1191)) - Jetty bound to port 43601
2019-10-09 23:36:59,720 [main] INFO  server.Server (Server.java:doStart(351)) - jetty-9.3.25.v20180904, build timestamp: 2018-09-04T21:11:46Z, git hash: 3ce520221d0240229c862b122d2b06c12a625732
2019-10-09 23:36:59,724 [main] INFO  handler.ContextHandler (ContextHandler.java:doStart(781)) - Started o.e.j.s.ServletContextHandler@d109c4f{/logs,file:///workdir/hadoop-ozone/integration-test/target/log,AVAILABLE}
2019-10-09 23:36:59,726 [main] INFO  handler.ContextHandler (ContextHandler.java:doStart(781)) - Started o.e.j.s.ServletContextHandler@26f46fa6{/static,jar:file:/home/user/.m2/repository/org/apache/hadoop/hadoop-hdds-container-service/0.5.0-SNAPSHOT/hadoop-hdds-container-service-0.5.0-SNAPSHOT.jar!/webapps/static,AVAILABLE}
2019-10-09 23:36:59,771 [main] INFO  handler.ContextHandler (ContextHandler.java:doStart(781)) - Started o.e.j.w.WebAppContext@6981f8f3{/,file:///tmp/jetty-0.0.0.0-43601-hddsDatanode-_-any-2033571022066013678.dir/webapp/,AVAILABLE}{/hddsDatanode}
2019-10-09 23:36:59,772 [main] INFO  server.AbstractConnector (AbstractConnector.java:doStart(278)) - Started ServerConnector@623dcf2a{HTTP/1.1,[http/1.1]}{0.0.0.0:43601}
2019-10-09 23:36:59,773 [main] INFO  server.Server (Server.java:doStart(419)) - Started @6084ms
2019-10-09 23:36:59,773 [main] WARN  impl.MetricsSystemImpl (MetricsSystemImpl.java:register(276)) - Sink prometheus already exists!
2019-10-09 23:36:59,774 [main] INFO  server.BaseHttpServer (BaseHttpServer.java:updateConnectorAddress(215)) - HTTP server of HDDSDATANODE is listening at http://0.0.0.0:43601
2019-10-09 23:36:59,775 [main] INFO  impl.MetricsSystemImpl (MetricsSystemImpl.java:init(158)) - HddsDatanode metrics system started (again)
2019-10-09 23:36:59,778 [main] INFO  ozone.HddsDatanodeService (HddsDatanodeService.java:start(184)) - HddsDatanodeService host:pr-hdds-1868-fg6nx-4263576025 ip:192.168.5.166
2019-10-09 23:36:59,781 [org.apache.hadoop.util.JvmPauseMonitor$Monitor@6e1791c4] INFO  util.JvmPauseMonitor (JvmPauseMonitor.java:run(188)) - Starting JVM pause monitor
2019-10-09 23:36:59,786 [main] INFO  volume.HddsVolume (HddsVolume.java:<init>(176)) - Creating Volume: /workdir/hadoop-ozone/integration-test/target/test-dir/MiniOzoneClusterImpl-21c45bca-c398-4058-b81d-da98a299d3d6/datanode-1/data/containers/hdds of  storage type : DISK and capacity : 1482555576320
2019-10-09 23:36:59,787 [main] INFO  volume.VolumeSet (VolumeSet.java:initializeVolumeSet(170)) - Added Volume : /workdir/hadoop-ozone/integration-test/target/test-dir/MiniOzoneClusterImpl-21c45bca-c398-4058-b81d-da98a299d3d6/datanode-1/data/containers/hdds to VolumeSet
2019-10-09 23:36:59,787 [main] INFO  volume.ThrottledAsyncChecker (ThrottledAsyncChecker.java:schedule(141)) - Scheduling a check for org.apache.hadoop.ozone.container.common.volume.HddsVolume@4b6e1c0
2019-10-09 23:36:59,788 [main] INFO  volume.HddsVolumeChecker (HddsVolumeChecker.java:checkAllVolumes(204)) - Scheduled health check for volume org.apache.hadoop.ozone.container.common.volume.HddsVolume@4b6e1c0
2019-10-09 23:36:59,800 [main] INFO  impl.RaftServerProxy (ConfUtils.java:logGet(43)) - raft.rpc.type = GRPC (default)
2019-10-09 23:36:59,801 [main] INFO  grpc.GrpcFactory (GrpcFactory.java:checkPooledByteBufAllocatorUseCacheForAllThreads(45)) - PERFORMANCE WARNING: useCacheForAllThreads is true that may cause Netty to create a lot garbage objects and, as a result, trigger GC.
	It is recommended to disable useCacheForAllThreads by setting -Dorg.apache.ratis.thirdparty.io.netty.allocator.useCacheForAllThreads=false in command line.
2019-10-09 23:36:59,801 [main] INFO  grpc.GrpcConfigKeys$Server (ConfUtils.java:logGet(43)) - raft.grpc.server.port = 0 (default)
2019-10-09 23:36:59,801 [main] INFO  server.GrpcService (ConfUtils.java:logGet(43)) - raft.grpc.message.size.max = 33570816 (custom)
2019-10-09 23:36:59,801 [main] INFO  server.RaftServerConfigKeys (ConfUtils.java:logGet(43)) - raft.server.log.appender.buffer.byte-limit = 33554432 (custom)
2019-10-09 23:36:59,802 [main] INFO  server.GrpcService (ConfUtils.java:logGet(43)) - raft.grpc.flow.control.window = 1MB (=1048576) (default)
2019-10-09 23:36:59,802 [main] INFO  server.RaftServerConfigKeys (ConfUtils.java:logGet(43)) - raft.server.rpc.request.timeout = 3000ms (default)
2019-10-09 23:36:59,803 [main] INFO  server.RaftServerConfigKeys (ConfUtils.java:logGet(43)) - raft.server.storage.dir = [/workdir/hadoop-ozone/integration-test/target/test-dir/MiniOzoneClusterImpl-21c45bca-c398-4058-b81d-da98a299d3d6/datanode-1/data/ratis] (custom)
2019-10-09 23:36:59,804 [main] INFO  hdfs.DFSUtil (DFSUtil.java:httpServerTemplateForNNAndJN(1641)) - Starting Web-server for hddsDatanode at: http://0.0.0.0:0
2019-10-09 23:36:59,805 [main] INFO  server.AuthenticationFilter (AuthenticationFilter.java:constructSecretProvider(240)) - Unable to initialize FileSignerSecretProvider, falling back to use random secrets.
2019-10-09 23:36:59,806 [main] WARN  http.HttpRequestLog (HttpRequestLog.java:getRequestLog(97)) - Jetty request log can only be enabled using Log4j
2019-10-09 23:36:59,808 [main] INFO  http.HttpServer2 (HttpServer2.java:addGlobalFilter(975)) - Added global filter 'safety' (class=org.apache.hadoop.http.HttpServer2$QuotingInputFilter)
2019-10-09 23:36:59,808 [main] INFO  http.HttpServer2 (HttpServer2.java:addFilter(948)) - Added filter static_user_filter (class=org.apache.hadoop.http.lib.StaticUserWebFilter$StaticUserFilter) to context hddsDatanode
2019-10-09 23:36:59,808 [main] INFO  http.HttpServer2 (HttpServer2.java:addFilter(958)) - Added filter static_user_filter (class=org.apache.hadoop.http.lib.StaticUserWebFilter$StaticUserFilter) to context logs
2019-10-09 23:36:59,809 [main] INFO  http.HttpServer2 (HttpServer2.java:addFilter(958)) - Added filter static_user_filter (class=org.apache.hadoop.http.lib.StaticUserWebFilter$StaticUserFilter) to context static
2019-10-09 23:36:59,809 [main] INFO  http.HttpServer2 (HttpServer2.java:bindListener(1191)) - Jetty bound to port 35209
2019-10-09 23:36:59,810 [main] INFO  server.Server (Server.java:doStart(351)) - jetty-9.3.25.v20180904, build timestamp: 2018-09-04T21:11:46Z, git hash: 3ce520221d0240229c862b122d2b06c12a625732
2019-10-09 23:36:59,812 [main] INFO  handler.ContextHandler (ContextHandler.java:doStart(781)) - Started o.e.j.s.ServletContextHandler@12fcc71f{/logs,file:///workdir/hadoop-ozone/integration-test/target/log,AVAILABLE}
2019-10-09 23:36:59,813 [main] INFO  handler.ContextHandler (ContextHandler.java:doStart(781)) - Started o.e.j.s.ServletContextHandler@3ed7821{/static,jar:file:/home/user/.m2/repository/org/apache/hadoop/hadoop-hdds-container-service/0.5.0-SNAPSHOT/hadoop-hdds-container-service-0.5.0-SNAPSHOT.jar!/webapps/static,AVAILABLE}
2019-10-09 23:36:59,840 [main] INFO  handler.ContextHandler (ContextHandler.java:doStart(781)) - Started o.e.j.w.WebAppContext@524a076e{/,file:///tmp/jetty-0.0.0.0-35209-hddsDatanode-_-any-675569257097258230.dir/webapp/,AVAILABLE}{/hddsDatanode}
2019-10-09 23:36:59,842 [main] INFO  server.AbstractConnector (AbstractConnector.java:doStart(278)) - Started ServerConnector@5b5e7036{HTTP/1.1,[http/1.1]}{0.0.0.0:35209}
2019-10-09 23:36:59,843 [main] INFO  server.Server (Server.java:doStart(419)) - Started @6154ms
2019-10-09 23:36:59,843 [main] WARN  impl.MetricsSystemImpl (MetricsSystemImpl.java:register(276)) - Sink prometheus already exists!
2019-10-09 23:36:59,843 [main] INFO  server.BaseHttpServer (BaseHttpServer.java:updateConnectorAddress(215)) - HTTP server of HDDSDATANODE is listening at http://0.0.0.0:35209
2019-10-09 23:36:59,844 [main] INFO  impl.MetricsSystemImpl (MetricsSystemImpl.java:init(158)) - HddsDatanode metrics system started (again)
2019-10-09 23:36:59,846 [org.apache.hadoop.util.JvmPauseMonitor$Monitor@2cdedfb6] INFO  util.JvmPauseMonitor (JvmPauseMonitor.java:run(188)) - Starting JVM pause monitor
2019-10-09 23:36:59,847 [main] INFO  ozone.HddsDatanodeService (HddsDatanodeService.java:start(184)) - HddsDatanodeService host:pr-hdds-1868-fg6nx-4263576025 ip:192.168.5.166
2019-10-09 23:36:59,854 [main] INFO  volume.HddsVolume (HddsVolume.java:<init>(176)) - Creating Volume: /workdir/hadoop-ozone/integration-test/target/test-dir/MiniOzoneClusterImpl-21c45bca-c398-4058-b81d-da98a299d3d6/datanode-2/data/containers/hdds of  storage type : DISK and capacity : 1482555576320
2019-10-09 23:36:59,854 [main] INFO  volume.VolumeSet (VolumeSet.java:initializeVolumeSet(170)) - Added Volume : /workdir/hadoop-ozone/integration-test/target/test-dir/MiniOzoneClusterImpl-21c45bca-c398-4058-b81d-da98a299d3d6/datanode-2/data/containers/hdds to VolumeSet
2019-10-09 23:36:59,855 [main] INFO  volume.ThrottledAsyncChecker (ThrottledAsyncChecker.java:schedule(141)) - Scheduling a check for org.apache.hadoop.ozone.container.common.volume.HddsVolume@c3edf4c
2019-10-09 23:36:59,855 [main] INFO  volume.HddsVolumeChecker (HddsVolumeChecker.java:checkAllVolumes(204)) - Scheduled health check for volume org.apache.hadoop.ozone.container.common.volume.HddsVolume@c3edf4c
2019-10-09 23:36:59,867 [main] INFO  impl.RaftServerProxy (ConfUtils.java:logGet(43)) - raft.rpc.type = GRPC (default)
2019-10-09 23:36:59,868 [main] INFO  grpc.GrpcFactory (GrpcFactory.java:checkPooledByteBufAllocatorUseCacheForAllThreads(45)) - PERFORMANCE WARNING: useCacheForAllThreads is true that may cause Netty to create a lot garbage objects and, as a result, trigger GC.
	It is recommended to disable useCacheForAllThreads by setting -Dorg.apache.ratis.thirdparty.io.netty.allocator.useCacheForAllThreads=false in command line.
2019-10-09 23:36:59,868 [main] INFO  grpc.GrpcConfigKeys$Server (ConfUtils.java:logGet(43)) - raft.grpc.server.port = 0 (default)
2019-10-09 23:36:59,868 [main] INFO  server.GrpcService (ConfUtils.java:logGet(43)) - raft.grpc.message.size.max = 33570816 (custom)
2019-10-09 23:36:59,868 [main] INFO  server.RaftServerConfigKeys (ConfUtils.java:logGet(43)) - raft.server.log.appender.buffer.byte-limit = 33554432 (custom)
2019-10-09 23:36:59,869 [main] INFO  server.GrpcService (ConfUtils.java:logGet(43)) - raft.grpc.flow.control.window = 1MB (=1048576) (default)
2019-10-09 23:36:59,869 [main] INFO  server.RaftServerConfigKeys (ConfUtils.java:logGet(43)) - raft.server.rpc.request.timeout = 3000ms (default)
2019-10-09 23:36:59,869 [main] INFO  server.RaftServerConfigKeys (ConfUtils.java:logGet(43)) - raft.server.storage.dir = [/workdir/hadoop-ozone/integration-test/target/test-dir/MiniOzoneClusterImpl-21c45bca-c398-4058-b81d-da98a299d3d6/datanode-2/data/ratis] (custom)
2019-10-09 23:36:59,871 [main] INFO  hdfs.DFSUtil (DFSUtil.java:httpServerTemplateForNNAndJN(1641)) - Starting Web-server for hddsDatanode at: http://0.0.0.0:0
2019-10-09 23:36:59,873 [main] INFO  server.AuthenticationFilter (AuthenticationFilter.java:constructSecretProvider(240)) - Unable to initialize FileSignerSecretProvider, falling back to use random secrets.
2019-10-09 23:36:59,873 [main] WARN  http.HttpRequestLog (HttpRequestLog.java:getRequestLog(97)) - Jetty request log can only be enabled using Log4j
2019-10-09 23:36:59,874 [main] INFO  http.HttpServer2 (HttpServer2.java:addGlobalFilter(975)) - Added global filter 'safety' (class=org.apache.hadoop.http.HttpServer2$QuotingInputFilter)
2019-10-09 23:36:59,875 [main] INFO  http.HttpServer2 (HttpServer2.java:addFilter(948)) - Added filter static_user_filter (class=org.apache.hadoop.http.lib.StaticUserWebFilter$StaticUserFilter) to context hddsDatanode
2019-10-09 23:36:59,875 [main] INFO  http.HttpServer2 (HttpServer2.java:addFilter(958)) - Added filter static_user_filter (class=org.apache.hadoop.http.lib.StaticUserWebFilter$StaticUserFilter) to context logs
2019-10-09 23:36:59,875 [main] INFO  http.HttpServer2 (HttpServer2.java:addFilter(958)) - Added filter static_user_filter (class=org.apache.hadoop.http.lib.StaticUserWebFilter$StaticUserFilter) to context static
2019-10-09 23:36:59,876 [main] INFO  http.HttpServer2 (HttpServer2.java:bindListener(1191)) - Jetty bound to port 46718
2019-10-09 23:36:59,876 [main] INFO  server.Server (Server.java:doStart(351)) - jetty-9.3.25.v20180904, build timestamp: 2018-09-04T21:11:46Z, git hash: 3ce520221d0240229c862b122d2b06c12a625732
2019-10-09 23:36:59,878 [main] INFO  handler.ContextHandler (ContextHandler.java:doStart(781)) - Started o.e.j.s.ServletContextHandler@1cd3b138{/logs,file:///workdir/hadoop-ozone/integration-test/target/log,AVAILABLE}
2019-10-09 23:36:59,878 [main] INFO  handler.ContextHandler (ContextHandler.java:doStart(781)) - Started o.e.j.s.ServletContextHandler@5a6d30e2{/static,jar:file:/home/user/.m2/repository/org/apache/hadoop/hadoop-hdds-container-service/0.5.0-SNAPSHOT/hadoop-hdds-container-service-0.5.0-SNAPSHOT.jar!/webapps/static,AVAILABLE}
2019-10-09 23:36:59,889 [Datanode State Machine Thread - 0] INFO  datanode.InitDatanodeState (InitDatanodeState.java:persistContainerDatanodeDetails(140)) - DatanodeDetails is persisted to /workdir/hadoop-ozone/integration-test/target/test-dir/MiniOzoneClusterImpl-21c45bca-c398-4058-b81d-da98a299d3d6/datanode-0/meta/datanode.id
2019-10-09 23:36:59,891 [Datanode State Machine Thread - 0] INFO  datanode.InitDatanodeState (InitDatanodeState.java:persistContainerDatanodeDetails(140)) - DatanodeDetails is persisted to /workdir/hadoop-ozone/integration-test/target/test-dir/MiniOzoneClusterImpl-21c45bca-c398-4058-b81d-da98a299d3d6/datanode-1/meta/datanode.id
2019-10-09 23:36:59,909 [main] INFO  handler.ContextHandler (ContextHandler.java:doStart(781)) - Started o.e.j.w.WebAppContext@6342d610{/,file:///tmp/jetty-0.0.0.0-46718-hddsDatanode-_-any-4404571431893125989.dir/webapp/,AVAILABLE}{/hddsDatanode}
2019-10-09 23:36:59,910 [main] INFO  server.AbstractConnector (AbstractConnector.java:doStart(278)) - Started ServerConnector@dc4a691{HTTP/1.1,[http/1.1]}{0.0.0.0:46718}
2019-10-09 23:36:59,911 [main] INFO  server.Server (Server.java:doStart(419)) - Started @6222ms
2019-10-09 23:36:59,911 [main] WARN  impl.MetricsSystemImpl (MetricsSystemImpl.java:register(276)) - Sink prometheus already exists!
2019-10-09 23:36:59,912 [main] INFO  server.BaseHttpServer (BaseHttpServer.java:updateConnectorAddress(215)) - HTTP server of HDDSDATANODE is listening at http://0.0.0.0:46718
2019-10-09 23:36:59,914 [main] INFO  ozone.MiniOzoneClusterImpl (MiniOzoneClusterImpl.java:lambda$waitForClusterToBeReady$2(172)) - Waiting for cluster to be ready. Got 0 of 3 DN Heartbeats.
2019-10-09 23:36:59,914 [org.apache.hadoop.util.JvmPauseMonitor$Monitor@2f86e59b] INFO  util.JvmPauseMonitor (JvmPauseMonitor.java:run(188)) - Starting JVM pause monitor
2019-10-09 23:36:59,916 [Datanode State Machine Thread - 0] INFO  datanode.InitDatanodeState (InitDatanodeState.java:persistContainerDatanodeDetails(140)) - DatanodeDetails is persisted to /workdir/hadoop-ozone/integration-test/target/test-dir/MiniOzoneClusterImpl-21c45bca-c398-4058-b81d-da98a299d3d6/datanode-2/meta/datanode.id
2019-10-09 23:37:00,914 [main] INFO  ozone.MiniOzoneClusterImpl (MiniOzoneClusterImpl.java:lambda$waitForClusterToBeReady$2(172)) - Waiting for cluster to be ready. Got 0 of 3 DN Heartbeats.
2019-10-09 23:37:01,855 [Datanode State Machine Thread - 0] INFO  ozoneimpl.OzoneContainer (OzoneContainer.java:start(213)) - Attempting to start container services.
2019-10-09 23:37:01,855 [Datanode State Machine Thread - 0] INFO  ozoneimpl.OzoneContainer (OzoneContainer.java:start(213)) - Attempting to start container services.
2019-10-09 23:37:01,858 [Datanode State Machine Thread - 0] INFO  ozoneimpl.OzoneContainer (OzoneContainer.java:startContainerScrub(177)) - Background container scanner has been disabled.
2019-10-09 23:37:01,858 [Datanode State Machine Thread - 0] INFO  ozoneimpl.OzoneContainer (OzoneContainer.java:startContainerScrub(177)) - Background container scanner has been disabled.
2019-10-09 23:37:01,858 [Datanode State Machine Thread - 0] INFO  ratis.XceiverServerRatis (XceiverServerRatis.java:start(425)) - Starting XceiverServerRatis ada9ac37-0d2d-4ed1-949a-1501e4856cbd at port 0
2019-10-09 23:37:01,858 [Datanode State Machine Thread - 0] INFO  ratis.XceiverServerRatis (XceiverServerRatis.java:start(425)) - Starting XceiverServerRatis 211a1bf5-46cf-4998-91a7-9b980b96fb8f at port 0
2019-10-09 23:37:01,880 [Datanode State Machine Thread - 0] INFO  impl.RaftServerProxy (RaftServerProxy.java:lambda$start$3(299)) - 211a1bf5-46cf-4998-91a7-9b980b96fb8f: start RPC server
2019-10-09 23:37:01,880 [Datanode State Machine Thread - 0] INFO  impl.RaftServerProxy (RaftServerProxy.java:lambda$start$3(299)) - ada9ac37-0d2d-4ed1-949a-1501e4856cbd: start RPC server
2019-10-09 23:37:01,914 [main] INFO  ozone.MiniOzoneClusterImpl (MiniOzoneClusterImpl.java:lambda$waitForClusterToBeReady$2(172)) - Waiting for cluster to be ready. Got 0 of 3 DN Heartbeats.
2019-10-09 23:37:01,931 [Datanode State Machine Thread - 0] INFO  ozoneimpl.OzoneContainer (OzoneContainer.java:start(213)) - Attempting to start container services.
2019-10-09 23:37:01,936 [Datanode State Machine Thread - 0] INFO  ozoneimpl.OzoneContainer (OzoneContainer.java:startContainerScrub(177)) - Background container scanner has been disabled.
2019-10-09 23:37:01,936 [Datanode State Machine Thread - 0] INFO  ratis.XceiverServerRatis (XceiverServerRatis.java:start(425)) - Starting XceiverServerRatis 4c233c53-ae5f-411e-8ee1-60d2ce68511d at port 0
2019-10-09 23:37:01,943 [Datanode State Machine Thread - 0] INFO  impl.RaftServerProxy (RaftServerProxy.java:lambda$start$3(299)) - 4c233c53-ae5f-411e-8ee1-60d2ce68511d: start RPC server
2019-10-09 23:37:02,006 [Datanode State Machine Thread - 0] INFO  server.GrpcService (GrpcService.java:startImpl(158)) - 211a1bf5-46cf-4998-91a7-9b980b96fb8f: GrpcService started, listening on 0.0.0.0/0.0.0.0:44435
2019-10-09 23:37:02,006 [Datanode State Machine Thread - 0] INFO  server.GrpcService (GrpcService.java:startImpl(158)) - 4c233c53-ae5f-411e-8ee1-60d2ce68511d: GrpcService started, listening on 0.0.0.0/0.0.0.0:33335
2019-10-09 23:37:02,006 [Datanode State Machine Thread - 0] INFO  server.GrpcService (GrpcService.java:startImpl(158)) - ada9ac37-0d2d-4ed1-949a-1501e4856cbd: GrpcService started, listening on 0.0.0.0/0.0.0.0:43569
2019-10-09 23:37:02,007 [Datanode State Machine Thread - 0] INFO  ratis.XceiverServerRatis (XceiverServerRatis.java:start(435)) - XceiverServerRatis ada9ac37-0d2d-4ed1-949a-1501e4856cbd is started using port 43569
2019-10-09 23:37:02,007 [Datanode State Machine Thread - 0] INFO  ratis.XceiverServerRatis (XceiverServerRatis.java:start(435)) - XceiverServerRatis 4c233c53-ae5f-411e-8ee1-60d2ce68511d is started using port 33335
2019-10-09 23:37:02,007 [Datanode State Machine Thread - 0] INFO  ratis.XceiverServerRatis (XceiverServerRatis.java:start(435)) - XceiverServerRatis 211a1bf5-46cf-4998-91a7-9b980b96fb8f is started using port 44435
2019-10-09 23:37:02,011 [Datanode State Machine Thread - 0] INFO  server.XceiverServerGrpc (XceiverServerGrpc.java:start(149)) - XceiverServerGrpc 211a1bf5-46cf-4998-91a7-9b980b96fb8f is started using port 40750
2019-10-09 23:37:02,012 [Datanode State Machine Thread - 0] INFO  server.XceiverServerGrpc (XceiverServerGrpc.java:start(149)) - XceiverServerGrpc 4c233c53-ae5f-411e-8ee1-60d2ce68511d is started using port 43718
2019-10-09 23:37:02,011 [Datanode State Machine Thread - 0] INFO  server.XceiverServerGrpc (XceiverServerGrpc.java:start(149)) - XceiverServerGrpc ada9ac37-0d2d-4ed1-949a-1501e4856cbd is started using port 38063
2019-10-09 23:37:02,915 [main] INFO  ozone.MiniOzoneClusterImpl (MiniOzoneClusterImpl.java:lambda$waitForClusterToBeReady$2(172)) - Waiting for cluster to be ready. Got 0 of 3 DN Heartbeats.
2019-10-09 23:37:03,915 [main] INFO  ozone.MiniOzoneClusterImpl (MiniOzoneClusterImpl.java:lambda$waitForClusterToBeReady$2(172)) - Waiting for cluster to be ready. Got 1 of 3 DN Heartbeats.
2019-10-09 23:37:03,936 [IPC Server handler 0 on 38098] INFO  net.NetworkTopology (NetworkTopologyImpl.java:add(111)) - Added a new node: /default-rack/211a1bf5-46cf-4998-91a7-9b980b96fb8f
2019-10-09 23:37:03,936 [IPC Server handler 0 on 38098] INFO  node.SCMNodeManager (SCMNodeManager.java:register(268)) - Registered Data node : 211a1bf5-46cf-4998-91a7-9b980b96fb8f{ip: 192.168.5.166, host: pr-hdds-1868-fg6nx-4263576025, networkLocation: /default-rack, certSerialId: null}
2019-10-09 23:37:03,936 [IPC Server handler 4 on 38098] INFO  net.NetworkTopology (NetworkTopologyImpl.java:add(111)) - Added a new node: /default-rack/ada9ac37-0d2d-4ed1-949a-1501e4856cbd
2019-10-09 23:37:03,936 [IPC Server handler 6 on 38098] INFO  net.NetworkTopology (NetworkTopologyImpl.java:add(111)) - Added a new node: /default-rack/4c233c53-ae5f-411e-8ee1-60d2ce68511d
2019-10-09 23:37:03,937 [IPC Server handler 4 on 38098] INFO  node.SCMNodeManager (SCMNodeManager.java:register(268)) - Registered Data node : ada9ac37-0d2d-4ed1-949a-1501e4856cbd{ip: 192.168.5.166, host: pr-hdds-1868-fg6nx-4263576025, networkLocation: /default-rack, certSerialId: null}
2019-10-09 23:37:03,937 [IPC Server handler 6 on 38098] INFO  node.SCMNodeManager (SCMNodeManager.java:register(268)) - Registered Data node : 4c233c53-ae5f-411e-8ee1-60d2ce68511d{ip: 192.168.5.166, host: pr-hdds-1868-fg6nx-4263576025, networkLocation: /default-rack, certSerialId: null}
2019-10-09 23:37:03,939 [EventQueue-NodeRegistrationContainerReportForDataNodeSafeModeRule] INFO  safemode.SCMSafeModeManager (DataNodeSafeModeRule.java:process(71)) - SCM in safe mode. 1 DataNodes registered, 1 required.
2019-10-09 23:37:03,939 [EventQueue-NodeRegistrationContainerReportForDataNodeSafeModeRule] INFO  safemode.SCMSafeModeManager (SCMSafeModeManager.java:validateSafeModeExitRules(177)) - ScmSafeModeManager, all rules are successfully validated
2019-10-09 23:37:03,939 [EventQueue-NodeRegistrationContainerReportForDataNodeSafeModeRule] INFO  safemode.SCMSafeModeManager (SCMSafeModeManager.java:exitSafeMode(193)) - SCM exiting safe mode.
2019-10-09 23:37:04,427 [grpc-default-executor-0] INFO  impl.RaftServerProxy (RaftServerProxy.java:addNew(89)) - ada9ac37-0d2d-4ed1-949a-1501e4856cbd: addNew group-A769501D121C:[ada9ac37-0d2d-4ed1-949a-1501e4856cbd:192.168.5.166:43569] returns group-A769501D121C:java.util.concurrent.CompletableFuture@67dc0f8b[Not completed]
2019-10-09 23:37:04,436 [pool-37-thread-1] INFO  impl.RaftServerImpl (RaftServerImpl.java:<init>(95)) - ada9ac37-0d2d-4ed1-949a-1501e4856cbd: new RaftServerImpl for group-A769501D121C:[ada9ac37-0d2d-4ed1-949a-1501e4856cbd:192.168.5.166:43569] with ContainerStateMachine:uninitialized
2019-10-09 23:37:04,439 [pool-37-thread-1] INFO  server.RaftServerConfigKeys (ConfUtils.java:logGet(43)) - raft.server.rpc.timeout.min = 5s (custom)
2019-10-09 23:37:04,440 [pool-37-thread-1] INFO  server.RaftServerConfigKeys (ConfUtils.java:logGet(43)) - raft.server.rpc.timeout.max = 5200ms (custom)
2019-10-09 23:37:04,440 [pool-37-thread-1] INFO  server.RaftServerConfigKeys (ConfUtils.java:logGet(43)) - raft.server.rpcslowness.timeout = 120s (custom)
2019-10-09 23:37:04,441 [pool-37-thread-1] INFO  server.RaftServerConfigKeys (ConfUtils.java:logGet(43)) - raft.server.sleep.deviation.threshold = 300 (default)
2019-10-09 23:37:04,441 [pool-37-thread-1] INFO  server.RaftServerConfigKeys (ConfUtils.java:logGet(43)) - raft.server.log.appender.install.snapshot.enabled = false (custom)
2019-10-09 23:37:04,448 [pool-37-thread-1] INFO  impl.RaftServerImpl (ServerState.java:<init>(103)) - ada9ac37-0d2d-4ed1-949a-1501e4856cbd@group-A769501D121C: ConfigurationManager, init=-1: [ada9ac37-0d2d-4ed1-949a-1501e4856cbd:192.168.5.166:43569], old=null, confs=<EMPTY_MAP>
2019-10-09 23:37:04,448 [pool-37-thread-1] INFO  server.RaftServerConfigKeys (ConfUtils.java:logGet(43)) - raft.server.storage.dir = [/workdir/hadoop-ozone/integration-test/target/test-dir/MiniOzoneClusterImpl-21c45bca-c398-4058-b81d-da98a299d3d6/datanode-1/data/ratis] (custom)
2019-10-09 23:37:04,454 [pool-37-thread-1] INFO  server.RaftServerConfigKeys (ConfUtils.java:logGet(43)) - raft.server.log.corruption.policy = EXCEPTION (default)
2019-10-09 23:37:04,455 [pool-37-thread-1] INFO  storage.RaftStorageDirectory (RaftStorageDirectory.java:analyzeStorage(246)) - The storage directory /workdir/hadoop-ozone/integration-test/target/test-dir/MiniOzoneClusterImpl-21c45bca-c398-4058-b81d-da98a299d3d6/datanode-1/data/ratis/3110f2cd-755b-4a21-bfca-a769501d121c does not exist. Creating ...
2019-10-09 23:37:04,744 [pool-37-thread-1] INFO  storage.RaftStorageDirectory (RaftStorageDirectory.java:tryLock(328)) - Lock on /workdir/hadoop-ozone/integration-test/target/test-dir/MiniOzoneClusterImpl-21c45bca-c398-4058-b81d-da98a299d3d6/datanode-1/data/ratis/3110f2cd-755b-4a21-bfca-a769501d121c/in_use.lock acquired by nodename 1560@pr-hdds-1868-fg6nx-4263576025
2019-10-09 23:37:05,001 [pool-37-thread-1] INFO  storage.RaftStorage (RaftStorage.java:format(84)) - Storage directory /workdir/hadoop-ozone/integration-test/target/test-dir/MiniOzoneClusterImpl-21c45bca-c398-4058-b81d-da98a299d3d6/datanode-1/data/ratis/3110f2cd-755b-4a21-bfca-a769501d121c has been successfully formatted.
2019-10-09 23:37:05,005 [pool-37-thread-1] INFO  ratis.ContainerStateMachine (ContainerStateMachine.java:loadSnapshot(233)) - group-A769501D121C: The snapshot info is null. Setting the last applied indexto:(t:0, i:~)
2019-10-09 23:37:05,005 [pool-37-thread-1] INFO  server.RaftServerConfigKeys (ConfUtils.java:logGet(43)) - raft.server.notification.no-leader.timeout = 120s (custom)
2019-10-09 23:37:05,008 [pool-37-thread-1] INFO  server.RaftServerConfigKeys (ConfUtils.java:logGet(43)) - raft.server.log.use.memory = false (default)
2019-10-09 23:37:05,019 [pool-37-thread-1] INFO  server.RaftServerConfigKeys (ConfUtils.java:logGet(43)) - raft.server.log.purge.gap = 1000000 (custom)
2019-10-09 23:37:05,020 [pool-37-thread-1] INFO  server.RaftServerConfigKeys (ConfUtils.java:logGet(43)) - raft.server.log.appender.buffer.byte-limit = 33554432 (custom)
2019-10-09 23:37:05,023 [pool-37-thread-1] INFO  server.RaftServerConfigKeys (ConfUtils.java:logGet(43)) - raft.server.log.segment.size.max = 1048576 (custom)
2019-10-09 23:37:05,026 [pool-37-thread-1] INFO  impl.MetricsSystemImpl (MetricsSystemImpl.java:init(158)) - ratis metrics system started (again)
2019-10-09 23:37:05,031 [pool-37-thread-1] INFO  metrics.MetricRegistries (MetricRegistriesLoader.java:load(64)) - Loaded MetricRegistries class org.apache.ratis.metrics.impl.MetricRegistriesImpl
2019-10-09 23:37:05,076 [pool-37-thread-1] INFO  server.RaftServerConfigKeys (ConfUtils.java:logGet(43)) - raft.server.log.segment.cache.num.max = 2 (custom)
2019-10-09 23:37:05,083 [pool-37-thread-1] INFO  segmented.SegmentedRaftLogWorker (SegmentedRaftLogWorker.java:<init>(173)) - new ada9ac37-0d2d-4ed1-949a-1501e4856cbd@group-A769501D121C-SegmentedRaftLogWorker for RaftStorage:Storage Directory /workdir/hadoop-ozone/integration-test/target/test-dir/MiniOzoneClusterImpl-21c45bca-c398-4058-b81d-da98a299d3d6/datanode-1/data/ratis/3110f2cd-755b-4a21-bfca-a769501d121c
2019-10-09 23:37:05,083 [pool-37-thread-1] INFO  server.RaftServerConfigKeys (ConfUtils.java:logGet(43)) - raft.server.log.queue.byte-limit = 2147483647 (custom)
2019-10-09 23:37:05,084 [pool-37-thread-1] INFO  server.RaftServerConfigKeys (ConfUtils.java:logGet(43)) - raft.server.log.queue.element-limit = 1024 (custom)
2019-10-09 23:37:05,085 [pool-37-thread-1] INFO  server.RaftServerConfigKeys (ConfUtils.java:logGet(43)) - raft.server.log.segment.size.max = 1048576 (custom)
2019-10-09 23:37:05,086 [pool-37-thread-1] INFO  server.RaftServerConfigKeys (ConfUtils.java:logGet(43)) - raft.server.log.preallocated.size = 16384 (custom)
2019-10-09 23:37:05,086 [pool-37-thread-1] INFO  server.RaftServerConfigKeys (ConfUtils.java:logGet(43)) - raft.server.log.write.buffer.size = 33554432 (custom)
2019-10-09 23:37:05,086 [pool-37-thread-1] INFO  server.RaftServerConfigKeys (ConfUtils.java:logGet(43)) - raft.server.log.force.sync.num = 128 (default)
2019-10-09 23:37:05,087 [pool-37-thread-1] INFO  server.RaftServerConfigKeys (ConfUtils.java:logGet(43)) - raft.server.log.statemachine.data.sync = true (default)
2019-10-09 23:37:05,087 [pool-37-thread-1] INFO  server.RaftServerConfigKeys (ConfUtils.java:logGet(43)) - raft.server.log.statemachine.data.sync.timeout = 10s (default)
2019-10-09 23:37:05,088 [pool-37-thread-1] INFO  server.RaftServerConfigKeys (ConfUtils.java:logGet(43)) - raft.server.log.statemachine.data.sync.timeout.retry = -1 (default)
2019-10-09 23:37:05,098 [pool-37-thread-1] INFO  server.RaftServerConfigKeys (ConfUtils.java:logGet(43)) - raft.server.log.statemachine.data.caching.enabled = true (custom)
2019-10-09 23:37:05,102 [pool-37-thread-1] INFO  segmented.SegmentedRaftLogWorker (SegmentedRaftLogWorker.java:lambda$new$0(128)) - ada9ac37-0d2d-4ed1-949a-1501e4856cbd@group-A769501D121C-SegmentedRaftLogWorker: flushIndex: setUnconditionally 0 -> -1
2019-10-09 23:37:05,107 [pool-37-thread-1] INFO  server.RaftServerConfigKeys (ConfUtils.java:logGet(43)) - raft.server.snapshot.auto.trigger.enabled = true (custom)
2019-10-09 23:37:05,108 [pool-37-thread-1] INFO  server.RaftServerConfigKeys (ConfUtils.java:logGet(43)) - raft.server.snapshot.auto.trigger.threshold = 10000 (custom)
2019-10-09 23:37:05,108 [pool-37-thread-1] INFO  server.RaftServerConfigKeys (ConfUtils.java:logGet(43)) - raft.server.snapshot.retention.file.num = 5 (custom)
2019-10-09 23:37:05,109 [pool-37-thread-1] INFO  server.RaftServerConfigKeys (ConfUtils.java:logGet(43)) - raft.server.retrycache.expirytime = 600000ms (custom)
2019-10-09 23:37:05,134 [pool-37-thread-1] INFO  impl.RaftServerImpl (RaftServerImpl.java:start(181)) - ada9ac37-0d2d-4ed1-949a-1501e4856cbd@group-A769501D121C: start as a follower, conf=-1: [ada9ac37-0d2d-4ed1-949a-1501e4856cbd:192.168.5.166:43569], old=null
2019-10-09 23:37:05,135 [pool-37-thread-1] INFO  impl.RaftServerImpl (RaftServerImpl.java:setRole(170)) - ada9ac37-0d2d-4ed1-949a-1501e4856cbd@group-A769501D121C: changes role from      null to FOLLOWER at term 0 for startAsFollower
2019-10-09 23:37:05,137 [pool-37-thread-1] INFO  impl.RoleInfo (RoleInfo.java:updateAndGet(143)) - ada9ac37-0d2d-4ed1-949a-1501e4856cbd: start FollowerState
2019-10-09 23:37:05,139 [pool-37-thread-1] INFO  util.JmxRegister (JmxRegister.java:tryRegister(44)) - Successfully registered JMX Bean with object name Ratis:service=RaftServer,group=group-A769501D121C,id=ada9ac37-0d2d-4ed1-949a-1501e4856cbd
2019-10-09 23:37:05,207 [RatisPipelineUtilsThread] INFO  pipeline.PipelineStateManager (PipelineStateManager.java:addPipeline(57)) - Created pipeline Pipeline[ Id: 3110f2cd-755b-4a21-bfca-a769501d121c, Nodes: ada9ac37-0d2d-4ed1-949a-1501e4856cbd{ip: 192.168.5.166, host: pr-hdds-1868-fg6nx-4263576025, networkLocation: /default-rack, certSerialId: null}, Type:RATIS, Factor:ONE, State:ALLOCATED]
2019-10-09 23:37:05,220 [grpc-default-executor-0] INFO  impl.RaftServerProxy (RaftServerProxy.java:addNew(89)) - 4c233c53-ae5f-411e-8ee1-60d2ce68511d: addNew group-BB0335453295:[4c233c53-ae5f-411e-8ee1-60d2ce68511d:192.168.5.166:33335] returns group-BB0335453295:java.util.concurrent.CompletableFuture@769ced0e[Not completed]
2019-10-09 23:37:05,246 [pool-47-thread-1] INFO  impl.RaftServerImpl (RaftServerImpl.java:<init>(95)) - 4c233c53-ae5f-411e-8ee1-60d2ce68511d: new RaftServerImpl for group-BB0335453295:[4c233c53-ae5f-411e-8ee1-60d2ce68511d:192.168.5.166:33335] with ContainerStateMachine:uninitialized
2019-10-09 23:37:05,247 [pool-47-thread-1] INFO  server.RaftServerConfigKeys (ConfUtils.java:logGet(43)) - raft.server.rpc.timeout.min = 5s (custom)
2019-10-09 23:37:05,247 [pool-47-thread-1] INFO  server.RaftServerConfigKeys (ConfUtils.java:logGet(43)) - raft.server.rpc.timeout.max = 5200ms (custom)
2019-10-09 23:37:05,247 [pool-47-thread-1] INFO  server.RaftServerConfigKeys (ConfUtils.java:logGet(43)) - raft.server.rpcslowness.timeout = 120s (custom)
2019-10-09 23:37:05,247 [pool-47-thread-1] INFO  server.RaftServerConfigKeys (ConfUtils.java:logGet(43)) - raft.server.sleep.deviation.threshold = 300 (default)
2019-10-09 23:37:05,247 [pool-47-thread-1] INFO  server.RaftServerConfigKeys (ConfUtils.java:logGet(43)) - raft.server.log.appender.install.snapshot.enabled = false (custom)
2019-10-09 23:37:05,248 [pool-47-thread-1] INFO  impl.RaftServerImpl (ServerState.java:<init>(103)) - 4c233c53-ae5f-411e-8ee1-60d2ce68511d@group-BB0335453295: ConfigurationManager, init=-1: [4c233c53-ae5f-411e-8ee1-60d2ce68511d:192.168.5.166:33335], old=null, confs=<EMPTY_MAP>
2019-10-09 23:37:05,248 [pool-47-thread-1] INFO  server.RaftServerConfigKeys (ConfUtils.java:logGet(43)) - raft.server.storage.dir = [/workdir/hadoop-ozone/integration-test/target/test-dir/MiniOzoneClusterImpl-21c45bca-c398-4058-b81d-da98a299d3d6/datanode-2/data/ratis] (custom)
2019-10-09 23:37:05,248 [pool-47-thread-1] INFO  server.RaftServerConfigKeys (ConfUtils.java:logGet(43)) - raft.server.log.corruption.policy = EXCEPTION (default)
2019-10-09 23:37:05,248 [pool-47-thread-1] INFO  storage.RaftStorageDirectory (RaftStorageDirectory.java:analyzeStorage(246)) - The storage directory /workdir/hadoop-ozone/integration-test/target/test-dir/MiniOzoneClusterImpl-21c45bca-c398-4058-b81d-da98a299d3d6/datanode-2/data/ratis/3376a43c-793b-4009-807c-bb0335453295 does not exist. Creating ...
2019-10-09 23:37:05,262 [pool-47-thread-1] INFO  storage.RaftStorageDirectory (RaftStorageDirectory.java:tryLock(328)) - Lock on /workdir/hadoop-ozone/integration-test/target/test-dir/MiniOzoneClusterImpl-21c45bca-c398-4058-b81d-da98a299d3d6/datanode-2/data/ratis/3376a43c-793b-4009-807c-bb0335453295/in_use.lock acquired by nodename 1560@pr-hdds-1868-fg6nx-4263576025
2019-10-09 23:37:05,276 [pool-47-thread-1] INFO  storage.RaftStorage (RaftStorage.java:format(84)) - Storage directory /workdir/hadoop-ozone/integration-test/target/test-dir/MiniOzoneClusterImpl-21c45bca-c398-4058-b81d-da98a299d3d6/datanode-2/data/ratis/3376a43c-793b-4009-807c-bb0335453295 has been successfully formatted.
2019-10-09 23:37:05,277 [pool-47-thread-1] INFO  ratis.ContainerStateMachine (ContainerStateMachine.java:loadSnapshot(233)) - group-BB0335453295: The snapshot info is null. Setting the last applied indexto:(t:0, i:~)
2019-10-09 23:37:05,278 [pool-47-thread-1] INFO  server.RaftServerConfigKeys (ConfUtils.java:logGet(43)) - raft.server.notification.no-leader.timeout = 120s (custom)
2019-10-09 23:37:05,278 [pool-47-thread-1] INFO  server.RaftServerConfigKeys (ConfUtils.java:logGet(43)) - raft.server.log.use.memory = false (default)
2019-10-09 23:37:05,278 [pool-47-thread-1] INFO  server.RaftServerConfigKeys (ConfUtils.java:logGet(43)) - raft.server.log.purge.gap = 1000000 (custom)
2019-10-09 23:37:05,279 [pool-47-thread-1] INFO  server.RaftServerConfigKeys (ConfUtils.java:logGet(43)) - raft.server.log.appender.buffer.byte-limit = 33554432 (custom)
2019-10-09 23:37:05,279 [pool-47-thread-1] INFO  server.RaftServerConfigKeys (ConfUtils.java:logGet(43)) - raft.server.log.segment.size.max = 1048576 (custom)
2019-10-09 23:37:05,283 [pool-47-thread-1] INFO  server.RaftServerConfigKeys (ConfUtils.java:logGet(43)) - raft.server.log.segment.cache.num.max = 2 (custom)
2019-10-09 23:37:05,283 [pool-47-thread-1] INFO  segmented.SegmentedRaftLogWorker (SegmentedRaftLogWorker.java:<init>(173)) - new 4c233c53-ae5f-411e-8ee1-60d2ce68511d@group-BB0335453295-SegmentedRaftLogWorker for RaftStorage:Storage Directory /workdir/hadoop-ozone/integration-test/target/test-dir/MiniOzoneClusterImpl-21c45bca-c398-4058-b81d-da98a299d3d6/datanode-2/data/ratis/3376a43c-793b-4009-807c-bb0335453295
2019-10-09 23:37:05,284 [pool-47-thread-1] INFO  server.RaftServerConfigKeys (ConfUtils.java:logGet(43)) - raft.server.log.queue.byte-limit = 2147483647 (custom)
2019-10-09 23:37:05,284 [pool-47-thread-1] INFO  server.RaftServerConfigKeys (ConfUtils.java:logGet(43)) - raft.server.log.queue.element-limit = 1024 (custom)
2019-10-09 23:37:05,284 [pool-47-thread-1] INFO  server.RaftServerConfigKeys (ConfUtils.java:logGet(43)) - raft.server.log.segment.size.max = 1048576 (custom)
2019-10-09 23:37:05,284 [pool-47-thread-1] INFO  server.RaftServerConfigKeys (ConfUtils.java:logGet(43)) - raft.server.log.preallocated.size = 16384 (custom)
2019-10-09 23:37:05,284 [pool-47-thread-1] INFO  server.RaftServerConfigKeys (ConfUtils.java:logGet(43)) - raft.server.log.write.buffer.size = 33554432 (custom)
2019-10-09 23:37:05,284 [pool-47-thread-1] INFO  server.RaftServerConfigKeys (ConfUtils.java:logGet(43)) - raft.server.log.force.sync.num = 128 (default)
2019-10-09 23:37:05,285 [pool-47-thread-1] INFO  server.RaftServerConfigKeys (ConfUtils.java:logGet(43)) - raft.server.log.statemachine.data.sync = true (default)
2019-10-09 23:37:05,285 [pool-47-thread-1] INFO  server.RaftServerConfigKeys (ConfUtils.java:logGet(43)) - raft.server.log.statemachine.data.sync.timeout = 10s (default)
2019-10-09 23:37:05,285 [pool-47-thread-1] INFO  server.RaftServerConfigKeys (ConfUtils.java:logGet(43)) - raft.server.log.statemachine.data.sync.timeout.retry = -1 (default)
2019-10-09 23:37:05,285 [pool-47-thread-1] INFO  server.RaftServerConfigKeys (ConfUtils.java:logGet(43)) - raft.server.log.statemachine.data.caching.enabled = true (custom)
2019-10-09 23:37:05,286 [pool-47-thread-1] INFO  segmented.SegmentedRaftLogWorker (SegmentedRaftLogWorker.java:lambda$new$0(128)) - 4c233c53-ae5f-411e-8ee1-60d2ce68511d@group-BB0335453295-SegmentedRaftLogWorker: flushIndex: setUnconditionally 0 -> -1
2019-10-09 23:37:05,286 [pool-47-thread-1] INFO  server.RaftServerConfigKeys (ConfUtils.java:logGet(43)) - raft.server.snapshot.auto.trigger.enabled = true (custom)
2019-10-09 23:37:05,286 [pool-47-thread-1] INFO  server.RaftServerConfigKeys (ConfUtils.java:logGet(43)) - raft.server.snapshot.auto.trigger.threshold = 10000 (custom)
2019-10-09 23:37:05,286 [pool-47-thread-1] INFO  server.RaftServerConfigKeys (ConfUtils.java:logGet(43)) - raft.server.snapshot.retention.file.num = 5 (custom)
2019-10-09 23:37:05,286 [pool-47-thread-1] INFO  server.RaftServerConfigKeys (ConfUtils.java:logGet(43)) - raft.server.retrycache.expirytime = 600000ms (custom)
2019-10-09 23:37:05,289 [pool-47-thread-1] INFO  impl.RaftServerImpl (RaftServerImpl.java:start(181)) - 4c233c53-ae5f-411e-8ee1-60d2ce68511d@group-BB0335453295: start as a follower, conf=-1: [4c233c53-ae5f-411e-8ee1-60d2ce68511d:192.168.5.166:33335], old=null
2019-10-09 23:37:05,290 [pool-47-thread-1] INFO  impl.RaftServerImpl (RaftServerImpl.java:setRole(170)) - 4c233c53-ae5f-411e-8ee1-60d2ce68511d@group-BB0335453295: changes role from      null to FOLLOWER at term 0 for startAsFollower
2019-10-09 23:37:05,290 [pool-47-thread-1] INFO  impl.RoleInfo (RoleInfo.java:updateAndGet(143)) - 4c233c53-ae5f-411e-8ee1-60d2ce68511d: start FollowerState
2019-10-09 23:37:05,291 [pool-47-thread-1] INFO  util.JmxRegister (JmxRegister.java:tryRegister(44)) - Successfully registered JMX Bean with object name Ratis:service=RaftServer,group=group-BB0335453295,id=4c233c53-ae5f-411e-8ee1-60d2ce68511d
2019-10-09 23:37:05,303 [RatisPipelineUtilsThread] INFO  pipeline.PipelineStateManager (PipelineStateManager.java:addPipeline(57)) - Created pipeline Pipeline[ Id: 3376a43c-793b-4009-807c-bb0335453295, Nodes: 4c233c53-ae5f-411e-8ee1-60d2ce68511d{ip: 192.168.5.166, host: pr-hdds-1868-fg6nx-4263576025, networkLocation: /default-rack, certSerialId: null}, Type:RATIS, Factor:ONE, State:ALLOCATED]
2019-10-09 23:37:05,305 [main] INFO  ozone.MiniOzoneClusterImpl (MiniOzoneClusterImpl.java:lambda$waitForClusterToBeReady$2(164)) - Waiting for 2 number of pipelines out of 2, to report a leader.
2019-10-09 23:37:05,320 [grpc-default-executor-0] INFO  impl.RaftServerProxy (RaftServerProxy.java:addNew(89)) - 211a1bf5-46cf-4998-91a7-9b980b96fb8f: addNew group-402EABD5ED5B:[211a1bf5-46cf-4998-91a7-9b980b96fb8f:192.168.5.166:44435] returns group-402EABD5ED5B:java.util.concurrent.CompletableFuture@51e4f26c[Not completed]
2019-10-09 23:37:05,339 [pool-27-thread-1] INFO  impl.RaftServerImpl (RaftServerImpl.java:<init>(95)) - 211a1bf5-46cf-4998-91a7-9b980b96fb8f: new RaftServerImpl for group-402EABD5ED5B:[211a1bf5-46cf-4998-91a7-9b980b96fb8f:192.168.5.166:44435] with ContainerStateMachine:uninitialized
2019-10-09 23:37:05,341 [pool-27-thread-1] INFO  server.RaftServerConfigKeys (ConfUtils.java:logGet(43)) - raft.server.rpc.timeout.min = 5s (custom)
2019-10-09 23:37:05,341 [pool-27-thread-1] INFO  server.RaftServerConfigKeys (ConfUtils.java:logGet(43)) - raft.server.rpc.timeout.max = 5200ms (custom)
2019-10-09 23:37:05,341 [pool-27-thread-1] INFO  server.RaftServerConfigKeys (ConfUtils.java:logGet(43)) - raft.server.rpcslowness.timeout = 120s (custom)
2019-10-09 23:37:05,341 [pool-27-thread-1] INFO  server.RaftServerConfigKeys (ConfUtils.java:logGet(43)) - raft.server.sleep.deviation.threshold = 300 (default)
2019-10-09 23:37:05,341 [pool-27-thread-1] INFO  server.RaftServerConfigKeys (ConfUtils.java:logGet(43)) - raft.server.log.appender.install.snapshot.enabled = false (custom)
2019-10-09 23:37:05,341 [pool-27-thread-1] INFO  impl.RaftServerImpl (ServerState.java:<init>(103)) - 211a1bf5-46cf-4998-91a7-9b980b96fb8f@group-402EABD5ED5B: ConfigurationManager, init=-1: [211a1bf5-46cf-4998-91a7-9b980b96fb8f:192.168.5.166:44435], old=null, confs=<EMPTY_MAP>
2019-10-09 23:37:05,341 [pool-27-thread-1] INFO  server.RaftServerConfigKeys (ConfUtils.java:logGet(43)) - raft.server.storage.dir = [/workdir/hadoop-ozone/integration-test/target/test-dir/MiniOzoneClusterImpl-21c45bca-c398-4058-b81d-da98a299d3d6/datanode-0/data/ratis] (custom)
2019-10-09 23:37:05,342 [pool-27-thread-1] INFO  server.RaftServerConfigKeys (ConfUtils.java:logGet(43)) - raft.server.log.corruption.policy = EXCEPTION (default)
2019-10-09 23:37:05,342 [pool-27-thread-1] INFO  storage.RaftStorageDirectory (RaftStorageDirectory.java:analyzeStorage(246)) - The storage directory /workdir/hadoop-ozone/integration-test/target/test-dir/MiniOzoneClusterImpl-21c45bca-c398-4058-b81d-da98a299d3d6/datanode-0/data/ratis/ebc61f44-f9f0-4d5f-95bb-402eabd5ed5b does not exist. Creating ...
2019-10-09 23:37:05,355 [pool-27-thread-1] INFO  storage.RaftStorageDirectory (RaftStorageDirectory.java:tryLock(328)) - Lock on /workdir/hadoop-ozone/integration-test/target/test-dir/MiniOzoneClusterImpl-21c45bca-c398-4058-b81d-da98a299d3d6/datanode-0/data/ratis/ebc61f44-f9f0-4d5f-95bb-402eabd5ed5b/in_use.lock acquired by nodename 1560@pr-hdds-1868-fg6nx-4263576025
2019-10-09 23:37:05,370 [pool-27-thread-1] INFO  storage.RaftStorage (RaftStorage.java:format(84)) - Storage directory /workdir/hadoop-ozone/integration-test/target/test-dir/MiniOzoneClusterImpl-21c45bca-c398-4058-b81d-da98a299d3d6/datanode-0/data/ratis/ebc61f44-f9f0-4d5f-95bb-402eabd5ed5b has been successfully formatted.
2019-10-09 23:37:05,370 [pool-27-thread-1] INFO  ratis.ContainerStateMachine (ContainerStateMachine.java:loadSnapshot(233)) - group-402EABD5ED5B: The snapshot info is null. Setting the last applied indexto:(t:0, i:~)
2019-10-09 23:37:05,370 [pool-27-thread-1] INFO  server.RaftServerConfigKeys (ConfUtils.java:logGet(43)) - raft.server.notification.no-leader.timeout = 120s (custom)
2019-10-09 23:37:05,371 [pool-27-thread-1] INFO  server.RaftServerConfigKeys (ConfUtils.java:logGet(43)) - raft.server.log.use.memory = false (default)
2019-10-09 23:37:05,371 [pool-27-thread-1] INFO  server.RaftServerConfigKeys (ConfUtils.java:logGet(43)) - raft.server.log.purge.gap = 1000000 (custom)
2019-10-09 23:37:05,371 [pool-27-thread-1] INFO  server.RaftServerConfigKeys (ConfUtils.java:logGet(43)) - raft.server.log.appender.buffer.byte-limit = 33554432 (custom)
2019-10-09 23:37:05,371 [pool-27-thread-1] INFO  server.RaftServerConfigKeys (ConfUtils.java:logGet(43)) - raft.server.log.segment.size.max = 1048576 (custom)
2019-10-09 23:37:05,390 [pool-27-thread-1] INFO  server.RaftServerConfigKeys (ConfUtils.java:logGet(43)) - raft.server.log.segment.cache.num.max = 2 (custom)
2019-10-09 23:37:05,391 [pool-27-thread-1] INFO  segmented.SegmentedRaftLogWorker (SegmentedRaftLogWorker.java:<init>(173)) - new 211a1bf5-46cf-4998-91a7-9b980b96fb8f@group-402EABD5ED5B-SegmentedRaftLogWorker for RaftStorage:Storage Directory /workdir/hadoop-ozone/integration-test/target/test-dir/MiniOzoneClusterImpl-21c45bca-c398-4058-b81d-da98a299d3d6/datanode-0/data/ratis/ebc61f44-f9f0-4d5f-95bb-402eabd5ed5b
2019-10-09 23:37:05,391 [pool-27-thread-1] INFO  server.RaftServerConfigKeys (ConfUtils.java:logGet(43)) - raft.server.log.queue.byte-limit = 2147483647 (custom)
2019-10-09 23:37:05,391 [pool-27-thread-1] INFO  server.RaftServerConfigKeys (ConfUtils.java:logGet(43)) - raft.server.log.queue.element-limit = 1024 (custom)
2019-10-09 23:37:05,391 [pool-27-thread-1] INFO  server.RaftServerConfigKeys (ConfUtils.java:logGet(43)) - raft.server.log.segment.size.max = 1048576 (custom)
2019-10-09 23:37:05,392 [pool-27-thread-1] INFO  server.RaftServerConfigKeys (ConfUtils.java:logGet(43)) - raft.server.log.preallocated.size = 16384 (custom)
2019-10-09 23:37:05,392 [pool-27-thread-1] INFO  server.RaftServerConfigKeys (ConfUtils.java:logGet(43)) - raft.server.log.write.buffer.size = 33554432 (custom)
2019-10-09 23:37:05,392 [pool-27-thread-1] INFO  server.RaftServerConfigKeys (ConfUtils.java:logGet(43)) - raft.server.log.force.sync.num = 128 (default)
2019-10-09 23:37:05,392 [pool-27-thread-1] INFO  server.RaftServerConfigKeys (ConfUtils.java:logGet(43)) - raft.server.log.statemachine.data.sync = true (default)
2019-10-09 23:37:05,392 [pool-27-thread-1] INFO  server.RaftServerConfigKeys (ConfUtils.java:logGet(43)) - raft.server.log.statemachine.data.sync.timeout = 10s (default)
2019-10-09 23:37:05,392 [pool-27-thread-1] INFO  server.RaftServerConfigKeys (ConfUtils.java:logGet(43)) - raft.server.log.statemachine.data.sync.timeout.retry = -1 (default)
2019-10-09 23:37:05,393 [pool-27-thread-1] INFO  server.RaftServerConfigKeys (ConfUtils.java:logGet(43)) - raft.server.log.statemachine.data.caching.enabled = true (custom)
2019-10-09 23:37:05,394 [pool-27-thread-1] INFO  segmented.SegmentedRaftLogWorker (SegmentedRaftLogWorker.java:lambda$new$0(128)) - 211a1bf5-46cf-4998-91a7-9b980b96fb8f@group-402EABD5ED5B-SegmentedRaftLogWorker: flushIndex: setUnconditionally 0 -> -1
2019-10-09 23:37:05,394 [pool-27-thread-1] INFO  server.RaftServerConfigKeys (ConfUtils.java:logGet(43)) - raft.server.snapshot.auto.trigger.enabled = true (custom)
2019-10-09 23:37:05,394 [pool-27-thread-1] INFO  server.RaftServerConfigKeys (ConfUtils.java:logGet(43)) - raft.server.snapshot.auto.trigger.threshold = 10000 (custom)
2019-10-09 23:37:05,394 [pool-27-thread-1] INFO  server.RaftServerConfigKeys (ConfUtils.java:logGet(43)) - raft.server.snapshot.retention.file.num = 5 (custom)
2019-10-09 23:37:05,395 [pool-27-thread-1] INFO  server.RaftServerConfigKeys (ConfUtils.java:logGet(43)) - raft.server.retrycache.expirytime = 600000ms (custom)
2019-10-09 23:37:05,398 [pool-27-thread-1] INFO  impl.RaftServerImpl (RaftServerImpl.java:start(181)) - 211a1bf5-46cf-4998-91a7-9b980b96fb8f@group-402EABD5ED5B: start as a follower, conf=-1: [211a1bf5-46cf-4998-91a7-9b980b96fb8f:192.168.5.166:44435], old=null
2019-10-09 23:37:05,398 [pool-27-thread-1] INFO  impl.RaftServerImpl (RaftServerImpl.java:setRole(170)) - 211a1bf5-46cf-4998-91a7-9b980b96fb8f@group-402EABD5ED5B: changes role from      null to FOLLOWER at term 0 for startAsFollower
2019-10-09 23:37:05,398 [pool-27-thread-1] INFO  impl.RoleInfo (RoleInfo.java:updateAndGet(143)) - 211a1bf5-46cf-4998-91a7-9b980b96fb8f: start FollowerState
2019-10-09 23:37:05,399 [pool-27-thread-1] INFO  util.JmxRegister (JmxRegister.java:tryRegister(44)) - Successfully registered JMX Bean with object name Ratis:service=RaftServer,group=group-402EABD5ED5B,id=211a1bf5-46cf-4998-91a7-9b980b96fb8f
2019-10-09 23:37:05,409 [RatisPipelineUtilsThread] INFO  pipeline.PipelineStateManager (PipelineStateManager.java:addPipeline(57)) - Created pipeline Pipeline[ Id: ebc61f44-f9f0-4d5f-95bb-402eabd5ed5b, Nodes: 211a1bf5-46cf-4998-91a7-9b980b96fb8f{ip: 192.168.5.166, host: pr-hdds-1868-fg6nx-4263576025, networkLocation: /default-rack, certSerialId: null}, Type:RATIS, Factor:ONE, State:ALLOCATED]
2019-10-09 23:37:05,437 [grpc-default-executor-1] INFO  impl.RaftServerProxy (RaftServerProxy.java:addNew(89)) - 211a1bf5-46cf-4998-91a7-9b980b96fb8f: addNew group-EE241A733840:[4c233c53-ae5f-411e-8ee1-60d2ce68511d:192.168.5.166:33335, 211a1bf5-46cf-4998-91a7-9b980b96fb8f:192.168.5.166:44435, ada9ac37-0d2d-4ed1-949a-1501e4856cbd:192.168.5.166:43569] returns group-EE241A733840:java.util.concurrent.CompletableFuture@52b1d81d[Not completed]
2019-10-09 23:37:05,437 [grpc-default-executor-2] INFO  impl.RaftServerProxy (RaftServerProxy.java:addNew(89)) - ada9ac37-0d2d-4ed1-949a-1501e4856cbd: addNew group-EE241A733840:[4c233c53-ae5f-411e-8ee1-60d2ce68511d:192.168.5.166:33335, 211a1bf5-46cf-4998-91a7-9b980b96fb8f:192.168.5.166:44435, ada9ac37-0d2d-4ed1-949a-1501e4856cbd:192.168.5.166:43569] returns group-EE241A733840:java.util.concurrent.CompletableFuture@32ee6be2[Not completed]
2019-10-09 23:37:05,438 [grpc-default-executor-1] INFO  impl.RaftServerProxy (RaftServerProxy.java:addNew(89)) - 4c233c53-ae5f-411e-8ee1-60d2ce68511d: addNew group-EE241A733840:[4c233c53-ae5f-411e-8ee1-60d2ce68511d:192.168.5.166:33335, 211a1bf5-46cf-4998-91a7-9b980b96fb8f:192.168.5.166:44435, ada9ac37-0d2d-4ed1-949a-1501e4856cbd:192.168.5.166:43569] returns group-EE241A733840:java.util.concurrent.CompletableFuture@138cd226[Not completed]
2019-10-09 23:37:05,439 [pool-27-thread-1] INFO  impl.RaftServerImpl (RaftServerImpl.java:<init>(95)) - 211a1bf5-46cf-4998-91a7-9b980b96fb8f: new RaftServerImpl for group-EE241A733840:[4c233c53-ae5f-411e-8ee1-60d2ce68511d:192.168.5.166:33335, 211a1bf5-46cf-4998-91a7-9b980b96fb8f:192.168.5.166:44435, ada9ac37-0d2d-4ed1-949a-1501e4856cbd:192.168.5.166:43569] with ContainerStateMachine:uninitialized
2019-10-09 23:37:05,439 [pool-27-thread-1] INFO  server.RaftServerConfigKeys (ConfUtils.java:logGet(43)) - raft.server.rpc.timeout.min = 5s (custom)
2019-10-09 23:37:05,439 [pool-27-thread-1] INFO  server.RaftServerConfigKeys (ConfUtils.java:logGet(43)) - raft.server.rpc.timeout.max = 5200ms (custom)
2019-10-09 23:37:05,439 [pool-27-thread-1] INFO  server.RaftServerConfigKeys (ConfUtils.java:logGet(43)) - raft.server.rpcslowness.timeout = 120s (custom)
2019-10-09 23:37:05,440 [pool-27-thread-1] INFO  server.RaftServerConfigKeys (ConfUtils.java:logGet(43)) - raft.server.sleep.deviation.threshold = 300 (default)
2019-10-09 23:37:05,440 [pool-27-thread-1] INFO  server.RaftServerConfigKeys (ConfUtils.java:logGet(43)) - raft.server.log.appender.install.snapshot.enabled = false (custom)
2019-10-09 23:37:05,440 [pool-27-thread-1] INFO  impl.RaftServerImpl (ServerState.java:<init>(103)) - 211a1bf5-46cf-4998-91a7-9b980b96fb8f@group-EE241A733840: ConfigurationManager, init=-1: [4c233c53-ae5f-411e-8ee1-60d2ce68511d:192.168.5.166:33335, 211a1bf5-46cf-4998-91a7-9b980b96fb8f:192.168.5.166:44435, ada9ac37-0d2d-4ed1-949a-1501e4856cbd:192.168.5.166:43569], old=null, confs=<EMPTY_MAP>
2019-10-09 23:37:05,440 [pool-27-thread-1] INFO  server.RaftServerConfigKeys (ConfUtils.java:logGet(43)) - raft.server.storage.dir = [/workdir/hadoop-ozone/integration-test/target/test-dir/MiniOzoneClusterImpl-21c45bca-c398-4058-b81d-da98a299d3d6/datanode-0/data/ratis] (custom)
2019-10-09 23:37:05,440 [pool-27-thread-1] INFO  server.RaftServerConfigKeys (ConfUtils.java:logGet(43)) - raft.server.log.corruption.policy = EXCEPTION (default)
2019-10-09 23:37:05,441 [pool-27-thread-1] INFO  storage.RaftStorageDirectory (RaftStorageDirectory.java:analyzeStorage(246)) - The storage directory /workdir/hadoop-ozone/integration-test/target/test-dir/MiniOzoneClusterImpl-21c45bca-c398-4058-b81d-da98a299d3d6/datanode-0/data/ratis/0bf04a81-a3ce-4fe5-b400-ee241a733840 does not exist. Creating ...
2019-10-09 23:37:05,441 [pool-37-thread-1] INFO  impl.RaftServerImpl (RaftServerImpl.java:<init>(95)) - ada9ac37-0d2d-4ed1-949a-1501e4856cbd: new RaftServerImpl for group-EE241A733840:[4c233c53-ae5f-411e-8ee1-60d2ce68511d:192.168.5.166:33335, 211a1bf5-46cf-4998-91a7-9b980b96fb8f:192.168.5.166:44435, ada9ac37-0d2d-4ed1-949a-1501e4856cbd:192.168.5.166:43569] with ContainerStateMachine:uninitialized
2019-10-09 23:37:05,441 [pool-37-thread-1] INFO  server.RaftServerConfigKeys (ConfUtils.java:logGet(43)) - raft.server.rpc.timeout.min = 5s (custom)
2019-10-09 23:37:05,441 [pool-47-thread-1] INFO  impl.RaftServerImpl (RaftServerImpl.java:<init>(95)) - 4c233c53-ae5f-411e-8ee1-60d2ce68511d: new RaftServerImpl for group-EE241A733840:[4c233c53-ae5f-411e-8ee1-60d2ce68511d:192.168.5.166:33335, 211a1bf5-46cf-4998-91a7-9b980b96fb8f:192.168.5.166:44435, ada9ac37-0d2d-4ed1-949a-1501e4856cbd:192.168.5.166:43569] with ContainerStateMachine:uninitialized
2019-10-09 23:37:05,441 [pool-37-thread-1] INFO  server.RaftServerConfigKeys (ConfUtils.java:logGet(43)) - raft.server.rpc.timeout.max = 5200ms (custom)
2019-10-09 23:37:05,442 [pool-47-thread-1] INFO  server.RaftServerConfigKeys (ConfUtils.java:logGet(43)) - raft.server.rpc.timeout.min = 5s (custom)
2019-10-09 23:37:05,442 [pool-37-thread-1] INFO  server.RaftServerConfigKeys (ConfUtils.java:logGet(43)) - raft.server.rpcslowness.timeout = 120s (custom)
2019-10-09 23:37:05,442 [pool-47-thread-1] INFO  server.RaftServerConfigKeys (ConfUtils.java:logGet(43)) - raft.server.rpc.timeout.max = 5200ms (custom)
2019-10-09 23:37:05,442 [pool-37-thread-1] INFO  server.RaftServerConfigKeys (ConfUtils.java:logGet(43)) - raft.server.sleep.deviation.threshold = 300 (default)
2019-10-09 23:37:05,442 [pool-47-thread-1] INFO  server.RaftServerConfigKeys (ConfUtils.java:logGet(43)) - raft.server.rpcslowness.timeout = 120s (custom)
2019-10-09 23:37:05,442 [pool-37-thread-1] INFO  server.RaftServerConfigKeys (ConfUtils.java:logGet(43)) - raft.server.log.appender.install.snapshot.enabled = false (custom)
2019-10-09 23:37:05,442 [pool-47-thread-1] INFO  server.RaftServerConfigKeys (ConfUtils.java:logGet(43)) - raft.server.sleep.deviation.threshold = 300 (default)
2019-10-09 23:37:05,442 [pool-37-thread-1] INFO  impl.RaftServerImpl (ServerState.java:<init>(103)) - ada9ac37-0d2d-4ed1-949a-1501e4856cbd@group-EE241A733840: ConfigurationManager, init=-1: [4c233c53-ae5f-411e-8ee1-60d2ce68511d:192.168.5.166:33335, 211a1bf5-46cf-4998-91a7-9b980b96fb8f:192.168.5.166:44435, ada9ac37-0d2d-4ed1-949a-1501e4856cbd:192.168.5.166:43569], old=null, confs=<EMPTY_MAP>
2019-10-09 23:37:05,443 [pool-47-thread-1] INFO  server.RaftServerConfigKeys (ConfUtils.java:logGet(43)) - raft.server.log.appender.install.snapshot.enabled = false (custom)
2019-10-09 23:37:05,443 [pool-47-thread-1] INFO  impl.RaftServerImpl (ServerState.java:<init>(103)) - 4c233c53-ae5f-411e-8ee1-60d2ce68511d@group-EE241A733840: ConfigurationManager, init=-1: [4c233c53-ae5f-411e-8ee1-60d2ce68511d:192.168.5.166:33335, 211a1bf5-46cf-4998-91a7-9b980b96fb8f:192.168.5.166:44435, ada9ac37-0d2d-4ed1-949a-1501e4856cbd:192.168.5.166:43569], old=null, confs=<EMPTY_MAP>
2019-10-09 23:37:05,443 [pool-37-thread-1] INFO  server.RaftServerConfigKeys (ConfUtils.java:logGet(43)) - raft.server.storage.dir = [/workdir/hadoop-ozone/integration-test/target/test-dir/MiniOzoneClusterImpl-21c45bca-c398-4058-b81d-da98a299d3d6/datanode-1/data/ratis] (custom)
2019-10-09 23:37:05,443 [pool-47-thread-1] INFO  server.RaftServerConfigKeys (ConfUtils.java:logGet(43)) - raft.server.storage.dir = [/workdir/hadoop-ozone/integration-test/target/test-dir/MiniOzoneClusterImpl-21c45bca-c398-4058-b81d-da98a299d3d6/datanode-2/data/ratis] (custom)
2019-10-09 23:37:05,443 [pool-47-thread-1] INFO  server.RaftServerConfigKeys (ConfUtils.java:logGet(43)) - raft.server.log.corruption.policy = EXCEPTION (default)
2019-10-09 23:37:05,443 [pool-37-thread-1] INFO  server.RaftServerConfigKeys (ConfUtils.java:logGet(43)) - raft.server.log.corruption.policy = EXCEPTION (default)
2019-10-09 23:37:05,443 [pool-47-thread-1] INFO  storage.RaftStorageDirectory (RaftStorageDirectory.java:analyzeStorage(246)) - The storage directory /workdir/hadoop-ozone/integration-test/target/test-dir/MiniOzoneClusterImpl-21c45bca-c398-4058-b81d-da98a299d3d6/datanode-2/data/ratis/0bf04a81-a3ce-4fe5-b400-ee241a733840 does not exist. Creating ...
2019-10-09 23:37:05,444 [pool-37-thread-1] INFO  storage.RaftStorageDirectory (RaftStorageDirectory.java:analyzeStorage(246)) - The storage directory /workdir/hadoop-ozone/integration-test/target/test-dir/MiniOzoneClusterImpl-21c45bca-c398-4058-b81d-da98a299d3d6/datanode-1/data/ratis/0bf04a81-a3ce-4fe5-b400-ee241a733840 does not exist. Creating ...
2019-10-09 23:37:05,455 [pool-37-thread-1] INFO  storage.RaftStorageDirectory (RaftStorageDirectory.java:tryLock(328)) - Lock on /workdir/hadoop-ozone/integration-test/target/test-dir/MiniOzoneClusterImpl-21c45bca-c398-4058-b81d-da98a299d3d6/datanode-1/data/ratis/0bf04a81-a3ce-4fe5-b400-ee241a733840/in_use.lock acquired by nodename 1560@pr-hdds-1868-fg6nx-4263576025
2019-10-09 23:37:05,455 [pool-27-thread-1] INFO  storage.RaftStorageDirectory (RaftStorageDirectory.java:tryLock(328)) - Lock on /workdir/hadoop-ozone/integration-test/target/test-dir/MiniOzoneClusterImpl-21c45bca-c398-4058-b81d-da98a299d3d6/datanode-0/data/ratis/0bf04a81-a3ce-4fe5-b400-ee241a733840/in_use.lock acquired by nodename 1560@pr-hdds-1868-fg6nx-4263576025
2019-10-09 23:37:05,455 [pool-47-thread-1] INFO  storage.RaftStorageDirectory (RaftStorageDirectory.java:tryLock(328)) - Lock on /workdir/hadoop-ozone/integration-test/target/test-dir/MiniOzoneClusterImpl-21c45bca-c398-4058-b81d-da98a299d3d6/datanode-2/data/ratis/0bf04a81-a3ce-4fe5-b400-ee241a733840/in_use.lock acquired by nodename 1560@pr-hdds-1868-fg6nx-4263576025
2019-10-09 23:37:05,469 [pool-37-thread-1] INFO  storage.RaftStorage (RaftStorage.java:format(84)) - Storage directory /workdir/hadoop-ozone/integration-test/target/test-dir/MiniOzoneClusterImpl-21c45bca-c398-4058-b81d-da98a299d3d6/datanode-1/data/ratis/0bf04a81-a3ce-4fe5-b400-ee241a733840 has been successfully formatted.
2019-10-09 23:37:05,469 [pool-27-thread-1] INFO  storage.RaftStorage (RaftStorage.java:format(84)) - Storage directory /workdir/hadoop-ozone/integration-test/target/test-dir/MiniOzoneClusterImpl-21c45bca-c398-4058-b81d-da98a299d3d6/datanode-0/data/ratis/0bf04a81-a3ce-4fe5-b400-ee241a733840 has been successfully formatted.
2019-10-09 23:37:05,469 [pool-47-thread-1] INFO  storage.RaftStorage (RaftStorage.java:format(84)) - Storage directory /workdir/hadoop-ozone/integration-test/target/test-dir/MiniOzoneClusterImpl-21c45bca-c398-4058-b81d-da98a299d3d6/datanode-2/data/ratis/0bf04a81-a3ce-4fe5-b400-ee241a733840 has been successfully formatted.
2019-10-09 23:37:05,470 [pool-37-thread-1] INFO  ratis.ContainerStateMachine (ContainerStateMachine.java:loadSnapshot(233)) - group-EE241A733840: The snapshot info is null. Setting the last applied indexto:(t:0, i:~)
2019-10-09 23:37:05,470 [pool-27-thread-1] INFO  ratis.ContainerStateMachine (ContainerStateMachine.java:loadSnapshot(233)) - group-EE241A733840: The snapshot info is null. Setting the last applied indexto:(t:0, i:~)
2019-10-09 23:37:05,470 [pool-37-thread-1] INFO  server.RaftServerConfigKeys (ConfUtils.java:logGet(43)) - raft.server.notification.no-leader.timeout = 120s (custom)
2019-10-09 23:37:05,470 [pool-47-thread-1] INFO  ratis.ContainerStateMachine (ContainerStateMachine.java:loadSnapshot(233)) - group-EE241A733840: The snapshot info is null. Setting the last applied indexto:(t:0, i:~)
2019-10-09 23:37:05,470 [pool-37-thread-1] INFO  server.RaftServerConfigKeys (ConfUtils.java:logGet(43)) - raft.server.log.use.memory = false (default)
2019-10-09 23:37:05,470 [pool-27-thread-1] INFO  server.RaftServerConfigKeys (ConfUtils.java:logGet(43)) - raft.server.notification.no-leader.timeout = 120s (custom)
2019-10-09 23:37:05,470 [pool-37-thread-1] INFO  server.RaftServerConfigKeys (ConfUtils.java:logGet(43)) - raft.server.log.purge.gap = 1000000 (custom)
2019-10-09 23:37:05,470 [pool-47-thread-1] INFO  server.RaftServerConfigKeys (ConfUtils.java:logGet(43)) - raft.server.notification.no-leader.timeout = 120s (custom)
2019-10-09 23:37:05,471 [pool-37-thread-1] INFO  server.RaftServerConfigKeys (ConfUtils.java:logGet(43)) - raft.server.log.appender.buffer.byte-limit = 33554432 (custom)
2019-10-09 23:37:05,471 [pool-27-thread-1] INFO  server.RaftServerConfigKeys (ConfUtils.java:logGet(43)) - raft.server.log.use.memory = false (default)
2019-10-09 23:37:05,471 [pool-37-thread-1] INFO  server.RaftServerConfigKeys (ConfUtils.java:logGet(43)) - raft.server.log.segment.size.max = 1048576 (custom)
2019-10-09 23:37:05,471 [pool-27-thread-1] INFO  server.RaftServerConfigKeys (ConfUtils.java:logGet(43)) - raft.server.log.purge.gap = 1000000 (custom)
2019-10-09 23:37:05,471 [pool-47-thread-1] INFO  server.RaftServerConfigKeys (ConfUtils.java:logGet(43)) - raft.server.log.use.memory = false (default)
2019-10-09 23:37:05,471 [pool-27-thread-1] INFO  server.RaftServerConfigKeys (ConfUtils.java:logGet(43)) - raft.server.log.appender.buffer.byte-limit = 33554432 (custom)
2019-10-09 23:37:05,471 [pool-37-thread-1] INFO  server.RaftServerConfigKeys (ConfUtils.java:logGet(43)) - raft.server.log.segment.cache.num.max = 2 (custom)
2019-10-09 23:37:05,472 [pool-27-thread-1] INFO  server.RaftServerConfigKeys (ConfUtils.java:logGet(43)) - raft.server.log.segment.size.max = 1048576 (custom)
2019-10-09 23:37:05,471 [pool-47-thread-1] INFO  server.RaftServerConfigKeys (ConfUtils.java:logGet(43)) - raft.server.log.purge.gap = 1000000 (custom)
2019-10-09 23:37:05,472 [pool-27-thread-1] INFO  server.RaftServerConfigKeys (ConfUtils.java:logGet(43)) - raft.server.log.segment.cache.num.max = 2 (custom)
2019-10-09 23:37:05,472 [pool-37-thread-1] INFO  segmented.SegmentedRaftLogWorker (SegmentedRaftLogWorker.java:<init>(173)) - new ada9ac37-0d2d-4ed1-949a-1501e4856cbd@group-EE241A733840-SegmentedRaftLogWorker for RaftStorage:Storage Directory /workdir/hadoop-ozone/integration-test/target/test-dir/MiniOzoneClusterImpl-21c45bca-c398-4058-b81d-da98a299d3d6/datanode-1/data/ratis/0bf04a81-a3ce-4fe5-b400-ee241a733840
2019-10-09 23:37:05,472 [pool-27-thread-1] INFO  segmented.SegmentedRaftLogWorker (SegmentedRaftLogWorker.java:<init>(173)) - new 211a1bf5-46cf-4998-91a7-9b980b96fb8f@group-EE241A733840-SegmentedRaftLogWorker for RaftStorage:Storage Directory /workdir/hadoop-ozone/integration-test/target/test-dir/MiniOzoneClusterImpl-21c45bca-c398-4058-b81d-da98a299d3d6/datanode-0/data/ratis/0bf04a81-a3ce-4fe5-b400-ee241a733840
2019-10-09 23:37:05,472 [pool-47-thread-1] INFO  server.RaftServerConfigKeys (ConfUtils.java:logGet(43)) - raft.server.log.appender.buffer.byte-limit = 33554432 (custom)
2019-10-09 23:37:05,472 [pool-27-thread-1] INFO  server.RaftServerConfigKeys (ConfUtils.java:logGet(43)) - raft.server.log.queue.byte-limit = 2147483647 (custom)
2019-10-09 23:37:05,472 [pool-37-thread-1] INFO  server.RaftServerConfigKeys (ConfUtils.java:logGet(43)) - raft.server.log.queue.byte-limit = 2147483647 (custom)
2019-10-09 23:37:05,473 [pool-27-thread-1] INFO  server.RaftServerConfigKeys (ConfUtils.java:logGet(43)) - raft.server.log.queue.element-limit = 1024 (custom)
2019-10-09 23:37:05,472 [pool-47-thread-1] INFO  server.RaftServerConfigKeys (ConfUtils.java:logGet(43)) - raft.server.log.segment.size.max = 1048576 (custom)
2019-10-09 23:37:05,473 [pool-27-thread-1] INFO  server.RaftServerConfigKeys (ConfUtils.java:logGet(43)) - raft.server.log.segment.size.max = 1048576 (custom)
2019-10-09 23:37:05,473 [pool-37-thread-1] INFO  server.RaftServerConfigKeys (ConfUtils.java:logGet(43)) - raft.server.log.queue.element-limit = 1024 (custom)
2019-10-09 23:37:05,473 [pool-27-thread-1] INFO  server.RaftServerConfigKeys (ConfUtils.java:logGet(43)) - raft.server.log.preallocated.size = 16384 (custom)
2019-10-09 23:37:05,473 [pool-47-thread-1] INFO  server.RaftServerConfigKeys (ConfUtils.java:logGet(43)) - raft.server.log.segment.cache.num.max = 2 (custom)
2019-10-09 23:37:05,473 [pool-27-thread-1] INFO  server.RaftServerConfigKeys (ConfUtils.java:logGet(43)) - raft.server.log.write.buffer.size = 33554432 (custom)
2019-10-09 23:37:05,473 [pool-37-thread-1] INFO  server.RaftServerConfigKeys (ConfUtils.java:logGet(43)) - raft.server.log.segment.size.max = 1048576 (custom)
2019-10-09 23:37:05,474 [pool-27-thread-1] INFO  server.RaftServerConfigKeys (ConfUtils.java:logGet(43)) - raft.server.log.force.sync.num = 128 (default)
2019-10-09 23:37:05,473 [pool-47-thread-1] INFO  segmented.SegmentedRaftLogWorker (SegmentedRaftLogWorker.java:<init>(173)) - new 4c233c53-ae5f-411e-8ee1-60d2ce68511d@group-EE241A733840-SegmentedRaftLogWorker for RaftStorage:Storage Directory /workdir/hadoop-ozone/integration-test/target/test-dir/MiniOzoneClusterImpl-21c45bca-c398-4058-b81d-da98a299d3d6/datanode-2/data/ratis/0bf04a81-a3ce-4fe5-b400-ee241a733840
2019-10-09 23:37:05,474 [pool-27-thread-1] INFO  server.RaftServerConfigKeys (ConfUtils.java:logGet(43)) - raft.server.log.statemachine.data.sync = true (default)
2019-10-09 23:37:05,474 [pool-37-thread-1] INFO  server.RaftServerConfigKeys (ConfUtils.java:logGet(43)) - raft.server.log.preallocated.size = 16384 (custom)
2019-10-09 23:37:05,474 [pool-27-thread-1] INFO  server.RaftServerConfigKeys (ConfUtils.java:logGet(43)) - raft.server.log.statemachine.data.sync.timeout = 10s (default)
2019-10-09 23:37:05,474 [pool-47-thread-1] INFO  server.RaftServerConfigKeys (ConfUtils.java:logGet(43)) - raft.server.log.queue.byte-limit = 2147483647 (custom)
2019-10-09 23:37:05,474 [pool-27-thread-1] INFO  server.RaftServerConfigKeys (ConfUtils.java:logGet(43)) - raft.server.log.statemachine.data.sync.timeout.retry = -1 (default)
2019-10-09 23:37:05,474 [pool-37-thread-1] INFO  server.RaftServerConfigKeys (ConfUtils.java:logGet(43)) - raft.server.log.write.buffer.size = 33554432 (custom)
2019-10-09 23:37:05,474 [pool-47-thread-1] INFO  server.RaftServerConfigKeys (ConfUtils.java:logGet(43)) - raft.server.log.queue.element-limit = 1024 (custom)
2019-10-09 23:37:05,474 [pool-27-thread-1] INFO  server.RaftServerConfigKeys (ConfUtils.java:logGet(43)) - raft.server.log.statemachine.data.caching.enabled = true (custom)
2019-10-09 23:37:05,474 [pool-37-thread-1] INFO  server.RaftServerConfigKeys (ConfUtils.java:logGet(43)) - raft.server.log.force.sync.num = 128 (default)
2019-10-09 23:37:05,474 [pool-47-thread-1] INFO  server.RaftServerConfigKeys (ConfUtils.java:logGet(43)) - raft.server.log.segment.size.max = 1048576 (custom)
2019-10-09 23:37:05,475 [pool-27-thread-1] INFO  segmented.SegmentedRaftLogWorker (SegmentedRaftLogWorker.java:lambda$new$0(128)) - 211a1bf5-46cf-4998-91a7-9b980b96fb8f@group-EE241A733840-SegmentedRaftLogWorker: flushIndex: setUnconditionally 0 -> -1
2019-10-09 23:37:05,475 [pool-37-thread-1] INFO  server.RaftServerConfigKeys (ConfUtils.java:logGet(43)) - raft.server.log.statemachine.data.sync = true (default)
2019-10-09 23:37:05,475 [pool-47-thread-1] INFO  server.RaftServerConfigKeys (ConfUtils.java:logGet(43)) - raft.server.log.preallocated.size = 16384 (custom)
2019-10-09 23:37:05,475 [pool-27-thread-1] INFO  server.RaftServerConfigKeys (ConfUtils.java:logGet(43)) - raft.server.snapshot.auto.trigger.enabled = true (custom)
2019-10-09 23:37:05,475 [pool-37-thread-1] INFO  server.RaftServerConfigKeys (ConfUtils.java:logGet(43)) - raft.server.log.statemachine.data.sync.timeout = 10s (default)
2019-10-09 23:37:05,475 [pool-27-thread-1] INFO  server.RaftServerConfigKeys (ConfUtils.java:logGet(43)) - raft.server.snapshot.auto.trigger.threshold = 10000 (custom)
2019-10-09 23:37:05,475 [pool-47-thread-1] INFO  server.RaftServerConfigKeys (ConfUtils.java:logGet(43)) - raft.server.log.write.buffer.size = 33554432 (custom)
2019-10-09 23:37:05,475 [pool-27-thread-1] INFO  server.RaftServerConfigKeys (ConfUtils.java:logGet(43)) - raft.server.snapshot.retention.file.num = 5 (custom)
2019-10-09 23:37:05,475 [pool-37-thread-1] INFO  server.RaftServerConfigKeys (ConfUtils.java:logGet(43)) - raft.server.log.statemachine.data.sync.timeout.retry = -1 (default)
2019-10-09 23:37:05,476 [pool-27-thread-1] INFO  server.RaftServerConfigKeys (ConfUtils.java:logGet(43)) - raft.server.retrycache.expirytime = 600000ms (custom)
2019-10-09 23:37:05,475 [pool-47-thread-1] INFO  server.RaftServerConfigKeys (ConfUtils.java:logGet(43)) - raft.server.log.force.sync.num = 128 (default)
2019-10-09 23:37:05,476 [pool-37-thread-1] INFO  server.RaftServerConfigKeys (ConfUtils.java:logGet(43)) - raft.server.log.statemachine.data.caching.enabled = true (custom)
2019-10-09 23:37:05,476 [pool-47-thread-1] INFO  server.RaftServerConfigKeys (ConfUtils.java:logGet(43)) - raft.server.log.statemachine.data.sync = true (default)
2019-10-09 23:37:05,476 [pool-37-thread-1] INFO  segmented.SegmentedRaftLogWorker (SegmentedRaftLogWorker.java:lambda$new$0(128)) - ada9ac37-0d2d-4ed1-949a-1501e4856cbd@group-EE241A733840-SegmentedRaftLogWorker: flushIndex: setUnconditionally 0 -> -1
2019-10-09 23:37:05,476 [pool-47-thread-1] INFO  server.RaftServerConfigKeys (ConfUtils.java:logGet(43)) - raft.server.log.statemachine.data.sync.timeout = 10s (default)
2019-10-09 23:37:05,476 [pool-37-thread-1] INFO  server.RaftServerConfigKeys (ConfUtils.java:logGet(43)) - raft.server.snapshot.auto.trigger.enabled = true (custom)
2019-10-09 23:37:05,476 [pool-47-thread-1] INFO  server.RaftServerConfigKeys (ConfUtils.java:logGet(43)) - raft.server.log.statemachine.data.sync.timeout.retry = -1 (default)
2019-10-09 23:37:05,476 [pool-37-thread-1] INFO  server.RaftServerConfigKeys (ConfUtils.java:logGet(43)) - raft.server.snapshot.auto.trigger.threshold = 10000 (custom)
2019-10-09 23:37:05,477 [pool-47-thread-1] INFO  server.RaftServerConfigKeys (ConfUtils.java:logGet(43)) - raft.server.log.statemachine.data.caching.enabled = true (custom)
2019-10-09 23:37:05,477 [pool-37-thread-1] INFO  server.RaftServerConfigKeys (ConfUtils.java:logGet(43)) - raft.server.snapshot.retention.file.num = 5 (custom)
2019-10-09 23:37:05,477 [pool-47-thread-1] INFO  segmented.SegmentedRaftLogWorker (SegmentedRaftLogWorker.java:lambda$new$0(128)) - 4c233c53-ae5f-411e-8ee1-60d2ce68511d@group-EE241A733840-SegmentedRaftLogWorker: flushIndex: setUnconditionally 0 -> -1
2019-10-09 23:37:05,477 [pool-37-thread-1] INFO  server.RaftServerConfigKeys (ConfUtils.java:logGet(43)) - raft.server.retrycache.expirytime = 600000ms (custom)
2019-10-09 23:37:05,477 [pool-47-thread-1] INFO  server.RaftServerConfigKeys (ConfUtils.java:logGet(43)) - raft.server.snapshot.auto.trigger.enabled = true (custom)
2019-10-09 23:37:05,477 [pool-47-thread-1] INFO  server.RaftServerConfigKeys (ConfUtils.java:logGet(43)) - raft.server.snapshot.auto.trigger.threshold = 10000 (custom)
2019-10-09 23:37:05,477 [pool-47-thread-1] INFO  server.RaftServerConfigKeys (ConfUtils.java:logGet(43)) - raft.server.snapshot.retention.file.num = 5 (custom)
2019-10-09 23:37:05,477 [pool-47-thread-1] INFO  server.RaftServerConfigKeys (ConfUtils.java:logGet(43)) - raft.server.retrycache.expirytime = 600000ms (custom)
2019-10-09 23:37:05,479 [pool-27-thread-1] INFO  impl.RaftServerImpl (RaftServerImpl.java:start(181)) - 211a1bf5-46cf-4998-91a7-9b980b96fb8f@group-EE241A733840: start as a follower, conf=-1: [4c233c53-ae5f-411e-8ee1-60d2ce68511d:192.168.5.166:33335, 211a1bf5-46cf-4998-91a7-9b980b96fb8f:192.168.5.166:44435, ada9ac37-0d2d-4ed1-949a-1501e4856cbd:192.168.5.166:43569], old=null
2019-10-09 23:37:05,479 [pool-27-thread-1] INFO  impl.RaftServerImpl (RaftServerImpl.java:setRole(170)) - 211a1bf5-46cf-4998-91a7-9b980b96fb8f@group-EE241A733840: changes role from      null to FOLLOWER at term 0 for startAsFollower
2019-10-09 23:37:05,479 [pool-27-thread-1] INFO  impl.RoleInfo (RoleInfo.java:updateAndGet(143)) - 211a1bf5-46cf-4998-91a7-9b980b96fb8f: start FollowerState
2019-10-09 23:37:05,479 [pool-27-thread-1] INFO  util.JmxRegister (JmxRegister.java:tryRegister(44)) - Successfully registered JMX Bean with object name Ratis:service=RaftServer,group=group-EE241A733840,id=211a1bf5-46cf-4998-91a7-9b980b96fb8f
2019-10-09 23:37:05,480 [pool-37-thread-1] INFO  impl.RaftServerImpl (RaftServerImpl.java:start(181)) - ada9ac37-0d2d-4ed1-949a-1501e4856cbd@group-EE241A733840: start as a follower, conf=-1: [4c233c53-ae5f-411e-8ee1-60d2ce68511d:192.168.5.166:33335, 211a1bf5-46cf-4998-91a7-9b980b96fb8f:192.168.5.166:44435, ada9ac37-0d2d-4ed1-949a-1501e4856cbd:192.168.5.166:43569], old=null
2019-10-09 23:37:05,480 [pool-37-thread-1] INFO  impl.RaftServerImpl (RaftServerImpl.java:setRole(170)) - ada9ac37-0d2d-4ed1-949a-1501e4856cbd@group-EE241A733840: changes role from      null to FOLLOWER at term 0 for startAsFollower
2019-10-09 23:37:05,480 [pool-37-thread-1] INFO  impl.RoleInfo (RoleInfo.java:updateAndGet(143)) - ada9ac37-0d2d-4ed1-949a-1501e4856cbd: start FollowerState
2019-10-09 23:37:05,481 [pool-37-thread-1] INFO  util.JmxRegister (JmxRegister.java:tryRegister(44)) - Successfully registered JMX Bean with object name Ratis:service=RaftServer,group=group-EE241A733840,id=ada9ac37-0d2d-4ed1-949a-1501e4856cbd
2019-10-09 23:37:05,481 [pool-47-thread-1] INFO  impl.RaftServerImpl (RaftServerImpl.java:start(181)) - 4c233c53-ae5f-411e-8ee1-60d2ce68511d@group-EE241A733840: start as a follower, conf=-1: [4c233c53-ae5f-411e-8ee1-60d2ce68511d:192.168.5.166:33335, 211a1bf5-46cf-4998-91a7-9b980b96fb8f:192.168.5.166:44435, ada9ac37-0d2d-4ed1-949a-1501e4856cbd:192.168.5.166:43569], old=null
2019-10-09 23:37:05,481 [pool-47-thread-1] INFO  impl.RaftServerImpl (RaftServerImpl.java:setRole(170)) - 4c233c53-ae5f-411e-8ee1-60d2ce68511d@group-EE241A733840: changes role from      null to FOLLOWER at term 0 for startAsFollower
2019-10-09 23:37:05,481 [pool-47-thread-1] INFO  impl.RoleInfo (RoleInfo.java:updateAndGet(143)) - 4c233c53-ae5f-411e-8ee1-60d2ce68511d: start FollowerState
2019-10-09 23:37:05,481 [pool-47-thread-1] INFO  util.JmxRegister (JmxRegister.java:tryRegister(44)) - Successfully registered JMX Bean with object name Ratis:service=RaftServer,group=group-EE241A733840,id=4c233c53-ae5f-411e-8ee1-60d2ce68511d
2019-10-09 23:37:05,502 [RatisPipelineUtilsThread] INFO  pipeline.PipelineStateManager (PipelineStateManager.java:addPipeline(57)) - Created pipeline Pipeline[ Id: 0bf04a81-a3ce-4fe5-b400-ee241a733840, Nodes: ada9ac37-0d2d-4ed1-949a-1501e4856cbd{ip: 192.168.5.166, host: pr-hdds-1868-fg6nx-4263576025, networkLocation: /default-rack, certSerialId: null}4c233c53-ae5f-411e-8ee1-60d2ce68511d{ip: 192.168.5.166, host: pr-hdds-1868-fg6nx-4263576025, networkLocation: /default-rack, certSerialId: null}211a1bf5-46cf-4998-91a7-9b980b96fb8f{ip: 192.168.5.166, host: pr-hdds-1868-fg6nx-4263576025, networkLocation: /default-rack, certSerialId: null}, Type:RATIS, Factor:THREE, State:ALLOCATED]
2019-10-09 23:37:06,305 [main] INFO  ozone.MiniOzoneClusterImpl (MiniOzoneClusterImpl.java:lambda$waitForClusterToBeReady$2(164)) - Waiting for 4 number of pipelines out of 4, to report a leader.
2019-10-09 23:37:06,944 [Thread-178] INFO  container.ReplicationManager (ReplicationManager.java:start(162)) - Starting Replication Monitor Thread.
2019-10-09 23:37:06,947 [Thread-178] INFO  pipeline.SCMPipelineManager (SCMPipelineManager.java:finalizeAndDestroyPipeline(315)) - destroying pipeline:Pipeline[ Id: 3110f2cd-755b-4a21-bfca-a769501d121c, Nodes: ada9ac37-0d2d-4ed1-949a-1501e4856cbd{ip: 192.168.5.166, host: pr-hdds-1868-fg6nx-4263576025, networkLocation: /default-rack, certSerialId: null}, Type:RATIS, Factor:ONE, State:ALLOCATED]
2019-10-09 23:37:06,947 [ReplicationMonitor] INFO  container.ReplicationManager (ReplicationManager.java:run(225)) - Replication Monitor Thread took 0 milliseconds for processing 0 containers.
2019-10-09 23:37:06,948 [Thread-178] INFO  pipeline.PipelineStateManager (PipelineStateManager.java:finalizePipeline(123)) - Pipeline Pipeline[ Id: 3110f2cd-755b-4a21-bfca-a769501d121c, Nodes: ada9ac37-0d2d-4ed1-949a-1501e4856cbd{ip: 192.168.5.166, host: pr-hdds-1868-fg6nx-4263576025, networkLocation: /default-rack, certSerialId: null}, Type:RATIS, Factor:ONE, State:CLOSED] moved to CLOSED state
2019-10-09 23:37:06,971 [grpc-default-executor-1] INFO  impl.RaftServerProxy (RaftServerProxy.java:remove(95)) - ada9ac37-0d2d-4ed1-949a-1501e4856cbd: remove  FOLLOWER ada9ac37-0d2d-4ed1-949a-1501e4856cbd@group-A769501D121C:t0, leader=null, voted=null, raftlog=ada9ac37-0d2d-4ed1-949a-1501e4856cbd@group-A769501D121C-SegmentedRaftLog:OPENED:c-1,f-1,i0, conf=-1: [ada9ac37-0d2d-4ed1-949a-1501e4856cbd:192.168.5.166:43569], old=null RUNNING
2019-10-09 23:37:06,974 [grpc-default-executor-1] INFO  impl.RaftServerImpl (RaftServerImpl.java:lambda$shutdown$3(247)) - ada9ac37-0d2d-4ed1-949a-1501e4856cbd@group-A769501D121C: shutdown
2019-10-09 23:37:06,975 [grpc-default-executor-1] INFO  util.JmxRegister (JmxRegister.java:unregister(73)) - Successfully un-registered JMX Bean with object name Ratis:service=RaftServer,group=group-A769501D121C,id=ada9ac37-0d2d-4ed1-949a-1501e4856cbd
2019-10-09 23:37:06,975 [grpc-default-executor-1] INFO  impl.RoleInfo (RoleInfo.java:shutdownFollowerState(121)) - ada9ac37-0d2d-4ed1-949a-1501e4856cbd: shutdown FollowerState
2019-10-09 23:37:06,975 [grpc-default-executor-1] INFO  impl.StateMachineUpdater (StateMachineUpdater.java:stopAndJoin(136)) - ada9ac37-0d2d-4ed1-949a-1501e4856cbd@group-A769501D121C-StateMachineUpdater: set stopIndex = -1
2019-10-09 23:37:06,975 [Thread-180] INFO  impl.FollowerState (FollowerState.java:run(117)) - ada9ac37-0d2d-4ed1-949a-1501e4856cbd@group-A769501D121C-FollowerState was interrupted: java.lang.InterruptedException: sleep interrupted
2019-10-09 23:37:06,978 [grpc-default-executor-1] INFO  impl.RaftServerImpl (ServerState.java:close(387)) - ada9ac37-0d2d-4ed1-949a-1501e4856cbd@group-A769501D121C: closes. applyIndex: -1
2019-10-09 23:37:06,981 [ada9ac37-0d2d-4ed1-949a-1501e4856cbd@group-A769501D121C-SegmentedRaftLogWorker] INFO  segmented.SegmentedRaftLogWorker (SegmentedRaftLogWorker.java:run(316)) - ada9ac37-0d2d-4ed1-949a-1501e4856cbd@group-A769501D121C-SegmentedRaftLogWorker was interrupted, exiting. There are 0 tasks remaining in the queue.
2019-10-09 23:37:06,982 [grpc-default-executor-1] INFO  segmented.SegmentedRaftLogWorker (SegmentedRaftLogWorker.java:close(224)) - ada9ac37-0d2d-4ed1-949a-1501e4856cbd@group-A769501D121C-SegmentedRaftLogWorker close()
2019-10-09 23:37:06,996 [Thread-178] INFO  pipeline.PipelineStateManager (PipelineStateManager.java:removePipeline(108)) - Pipeline Pipeline[ Id: 3110f2cd-755b-4a21-bfca-a769501d121c, Nodes: ada9ac37-0d2d-4ed1-949a-1501e4856cbd{ip: 192.168.5.166, host: pr-hdds-1868-fg6nx-4263576025, networkLocation: /default-rack, certSerialId: null}, Type:RATIS, Factor:ONE, State:CLOSED] removed from db
2019-10-09 23:37:06,997 [Thread-178] INFO  pipeline.SCMPipelineManager (SCMPipelineManager.java:finalizeAndDestroyPipeline(315)) - destroying pipeline:Pipeline[ Id: ebc61f44-f9f0-4d5f-95bb-402eabd5ed5b, Nodes: 211a1bf5-46cf-4998-91a7-9b980b96fb8f{ip: 192.168.5.166, host: pr-hdds-1868-fg6nx-4263576025, networkLocation: /default-rack, certSerialId: null}, Type:RATIS, Factor:ONE, State:ALLOCATED]
2019-10-09 23:37:07,008 [grpc-default-executor-1] INFO  impl.RaftServerProxy (RaftServerProxy.java:addNew(89)) - ada9ac37-0d2d-4ed1-949a-1501e4856cbd: addNew group-79F4CAC7BF42:[ada9ac37-0d2d-4ed1-949a-1501e4856cbd:192.168.5.166:43569] returns group-79F4CAC7BF42:java.util.concurrent.CompletableFuture@6795d229[Not completed]
2019-10-09 23:37:07,009 [pool-37-thread-1] INFO  impl.RaftServerImpl (RaftServerImpl.java:<init>(95)) - ada9ac37-0d2d-4ed1-949a-1501e4856cbd: new RaftServerImpl for group-79F4CAC7BF42:[ada9ac37-0d2d-4ed1-949a-1501e4856cbd:192.168.5.166:43569] with ContainerStateMachine:uninitialized
2019-10-09 23:37:07,009 [pool-37-thread-1] INFO  server.RaftServerConfigKeys (ConfUtils.java:logGet(43)) - raft.server.rpc.timeout.min = 5s (custom)
2019-10-09 23:37:07,009 [pool-37-thread-1] INFO  server.RaftServerConfigKeys (ConfUtils.java:logGet(43)) - raft.server.rpc.timeout.max = 5200ms (custom)
2019-10-09 23:37:07,009 [pool-37-thread-1] INFO  server.RaftServerConfigKeys (ConfUtils.java:logGet(43)) - raft.server.rpcslowness.timeout = 120s (custom)
2019-10-09 23:37:07,009 [pool-37-thread-1] INFO  server.RaftServerConfigKeys (ConfUtils.java:logGet(43)) - raft.server.sleep.deviation.threshold = 300 (default)
2019-10-09 23:37:07,010 [pool-37-thread-1] INFO  server.RaftServerConfigKeys (ConfUtils.java:logGet(43)) - raft.server.log.appender.install.snapshot.enabled = false (custom)
2019-10-09 23:37:07,010 [pool-37-thread-1] INFO  impl.RaftServerImpl (ServerState.java:<init>(103)) - ada9ac37-0d2d-4ed1-949a-1501e4856cbd@group-79F4CAC7BF42: ConfigurationManager, init=-1: [ada9ac37-0d2d-4ed1-949a-1501e4856cbd:192.168.5.166:43569], old=null, confs=<EMPTY_MAP>
2019-10-09 23:37:07,010 [pool-37-thread-1] INFO  server.RaftServerConfigKeys (ConfUtils.java:logGet(43)) - raft.server.storage.dir = [/workdir/hadoop-ozone/integration-test/target/test-dir/MiniOzoneClusterImpl-21c45bca-c398-4058-b81d-da98a299d3d6/datanode-1/data/ratis] (custom)
2019-10-09 23:37:07,010 [pool-37-thread-1] INFO  server.RaftServerConfigKeys (ConfUtils.java:logGet(43)) - raft.server.log.corruption.policy = EXCEPTION (default)
2019-10-09 23:37:07,010 [pool-37-thread-1] INFO  storage.RaftStorageDirectory (RaftStorageDirectory.java:analyzeStorage(246)) - The storage directory /workdir/hadoop-ozone/integration-test/target/test-dir/MiniOzoneClusterImpl-21c45bca-c398-4058-b81d-da98a299d3d6/datanode-1/data/ratis/fa4f2e10-bc95-4f34-b07e-79f4cac7bf42 does not exist. Creating ...
2019-10-09 23:37:07,021 [pool-37-thread-1] INFO  storage.RaftStorageDirectory (RaftStorageDirectory.java:tryLock(328)) - Lock on /workdir/hadoop-ozone/integration-test/target/test-dir/MiniOzoneClusterImpl-21c45bca-c398-4058-b81d-da98a299d3d6/datanode-1/data/ratis/fa4f2e10-bc95-4f34-b07e-79f4cac7bf42/in_use.lock acquired by nodename 1560@pr-hdds-1868-fg6nx-4263576025
2019-10-09 23:37:07,034 [pool-37-thread-1] INFO  storage.RaftStorage (RaftStorage.java:format(84)) - Storage directory /workdir/hadoop-ozone/integration-test/target/test-dir/MiniOzoneClusterImpl-21c45bca-c398-4058-b81d-da98a299d3d6/datanode-1/data/ratis/fa4f2e10-bc95-4f34-b07e-79f4cac7bf42 has been successfully formatted.
2019-10-09 23:37:07,034 [pool-37-thread-1] INFO  ratis.ContainerStateMachine (ContainerStateMachine.java:loadSnapshot(233)) - group-79F4CAC7BF42: The snapshot info is null. Setting the last applied indexto:(t:0, i:~)
2019-10-09 23:37:07,035 [pool-37-thread-1] INFO  server.RaftServerConfigKeys (ConfUtils.java:logGet(43)) - raft.server.notification.no-leader.timeout = 120s (custom)
2019-10-09 23:37:07,035 [pool-37-thread-1] INFO  server.RaftServerConfigKeys (ConfUtils.java:logGet(43)) - raft.server.log.use.memory = false (default)
2019-10-09 23:37:07,035 [pool-37-thread-1] INFO  server.RaftServerConfigKeys (ConfUtils.java:logGet(43)) - raft.server.log.purge.gap = 1000000 (custom)
2019-10-09 23:37:07,035 [pool-37-thread-1] INFO  server.RaftServerConfigKeys (ConfUtils.java:logGet(43)) - raft.server.log.appender.buffer.byte-limit = 33554432 (custom)
2019-10-09 23:37:07,035 [pool-37-thread-1] INFO  server.RaftServerConfigKeys (ConfUtils.java:logGet(43)) - raft.server.log.segment.size.max = 1048576 (custom)
2019-10-09 23:37:07,035 [pool-37-thread-1] INFO  server.RaftServerConfigKeys (ConfUtils.java:logGet(43)) - raft.server.log.segment.cache.num.max = 2 (custom)
2019-10-09 23:37:07,035 [pool-37-thread-1] INFO  segmented.SegmentedRaftLogWorker (SegmentedRaftLogWorker.java:<init>(173)) - new ada9ac37-0d2d-4ed1-949a-1501e4856cbd@group-79F4CAC7BF42-SegmentedRaftLogWorker for RaftStorage:Storage Directory /workdir/hadoop-ozone/integration-test/target/test-dir/MiniOzoneClusterImpl-21c45bca-c398-4058-b81d-da98a299d3d6/datanode-1/data/ratis/fa4f2e10-bc95-4f34-b07e-79f4cac7bf42
2019-10-09 23:37:07,035 [pool-37-thread-1] INFO  server.RaftServerConfigKeys (ConfUtils.java:logGet(43)) - raft.server.log.queue.byte-limit = 2147483647 (custom)
2019-10-09 23:37:07,035 [pool-37-thread-1] INFO  server.RaftServerConfigKeys (ConfUtils.java:logGet(43)) - raft.server.log.queue.element-limit = 1024 (custom)
2019-10-09 23:37:07,035 [pool-37-thread-1] INFO  server.RaftServerConfigKeys (ConfUtils.java:logGet(43)) - raft.server.log.segment.size.max = 1048576 (custom)
2019-10-09 23:37:07,036 [pool-37-thread-1] INFO  server.RaftServerConfigKeys (ConfUtils.java:logGet(43)) - raft.server.log.preallocated.size = 16384 (custom)
2019-10-09 23:37:07,036 [pool-37-thread-1] INFO  server.RaftServerConfigKeys (ConfUtils.java:logGet(43)) - raft.server.log.write.buffer.size = 33554432 (custom)
2019-10-09 23:37:07,036 [pool-37-thread-1] INFO  server.RaftServerConfigKeys (ConfUtils.java:logGet(43)) - raft.server.log.force.sync.num = 128 (default)
2019-10-09 23:37:07,036 [pool-37-thread-1] INFO  server.RaftServerConfigKeys (ConfUtils.java:logGet(43)) - raft.server.log.statemachine.data.sync = true (default)
2019-10-09 23:37:07,036 [pool-37-thread-1] INFO  server.RaftServerConfigKeys (ConfUtils.java:logGet(43)) - raft.server.log.statemachine.data.sync.timeout = 10s (default)
2019-10-09 23:37:07,036 [pool-37-thread-1] INFO  server.RaftServerConfigKeys (ConfUtils.java:logGet(43)) - raft.server.log.statemachine.data.sync.timeout.retry = -1 (default)
2019-10-09 23:37:07,036 [pool-37-thread-1] INFO  server.RaftServerConfigKeys (ConfUtils.java:logGet(43)) - raft.server.log.statemachine.data.caching.enabled = true (custom)
2019-10-09 23:37:07,037 [pool-37-thread-1] INFO  segmented.SegmentedRaftLogWorker (SegmentedRaftLogWorker.java:lambda$new$0(128)) - ada9ac37-0d2d-4ed1-949a-1501e4856cbd@group-79F4CAC7BF42-SegmentedRaftLogWorker: flushIndex: setUnconditionally 0 -> -1
2019-10-09 23:37:07,037 [pool-37-thread-1] INFO  server.RaftServerConfigKeys (ConfUtils.java:logGet(43)) - raft.server.snapshot.auto.trigger.enabled = true (custom)
2019-10-09 23:37:07,037 [pool-37-thread-1] INFO  server.RaftServerConfigKeys (ConfUtils.java:logGet(43)) - raft.server.snapshot.auto.trigger.threshold = 10000 (custom)
2019-10-09 23:37:07,037 [pool-37-thread-1] INFO  server.RaftServerConfigKeys (ConfUtils.java:logGet(43)) - raft.server.snapshot.retention.file.num = 5 (custom)
2019-10-09 23:37:07,037 [pool-37-thread-1] INFO  server.RaftServerConfigKeys (ConfUtils.java:logGet(43)) - raft.server.retrycache.expirytime = 600000ms (custom)
2019-10-09 23:37:07,039 [pool-37-thread-1] INFO  impl.RaftServerImpl (RaftServerImpl.java:start(181)) - ada9ac37-0d2d-4ed1-949a-1501e4856cbd@group-79F4CAC7BF42: start as a follower, conf=-1: [ada9ac37-0d2d-4ed1-949a-1501e4856cbd:192.168.5.166:43569], old=null
2019-10-09 23:37:07,039 [pool-37-thread-1] INFO  impl.RaftServerImpl (RaftServerImpl.java:setRole(170)) - ada9ac37-0d2d-4ed1-949a-1501e4856cbd@group-79F4CAC7BF42: changes role from      null to FOLLOWER at term 0 for startAsFollower
2019-10-09 23:37:07,039 [pool-37-thread-1] INFO  impl.RoleInfo (RoleInfo.java:updateAndGet(143)) - ada9ac37-0d2d-4ed1-949a-1501e4856cbd: start FollowerState
2019-10-09 23:37:07,040 [pool-37-thread-1] INFO  util.JmxRegister (JmxRegister.java:tryRegister(44)) - Successfully registered JMX Bean with object name Ratis:service=RaftServer,group=group-79F4CAC7BF42,id=ada9ac37-0d2d-4ed1-949a-1501e4856cbd
2019-10-09 23:37:07,048 [RatisPipelineUtilsThread] INFO  pipeline.PipelineStateManager (PipelineStateManager.java:addPipeline(57)) - Created pipeline Pipeline[ Id: fa4f2e10-bc95-4f34-b07e-79f4cac7bf42, Nodes: ada9ac37-0d2d-4ed1-949a-1501e4856cbd{ip: 192.168.5.166, host: pr-hdds-1868-fg6nx-4263576025, networkLocation: /default-rack, certSerialId: null}, Type:RATIS, Factor:ONE, State:ALLOCATED]
2019-10-09 23:37:07,050 [Thread-178] INFO  pipeline.PipelineStateManager (PipelineStateManager.java:finalizePipeline(123)) - Pipeline Pipeline[ Id: ebc61f44-f9f0-4d5f-95bb-402eabd5ed5b, Nodes: 211a1bf5-46cf-4998-91a7-9b980b96fb8f{ip: 192.168.5.166, host: pr-hdds-1868-fg6nx-4263576025, networkLocation: /default-rack, certSerialId: null}, Type:RATIS, Factor:ONE, State:CLOSED] moved to CLOSED state
2019-10-09 23:37:07,059 [grpc-default-executor-1] INFO  impl.RaftServerProxy (RaftServerProxy.java:remove(95)) - 211a1bf5-46cf-4998-91a7-9b980b96fb8f: remove  FOLLOWER 211a1bf5-46cf-4998-91a7-9b980b96fb8f@group-402EABD5ED5B:t0, leader=null, voted=null, raftlog=211a1bf5-46cf-4998-91a7-9b980b96fb8f@group-402EABD5ED5B-SegmentedRaftLog:OPENED:c-1,f-1,i0, conf=-1: [211a1bf5-46cf-4998-91a7-9b980b96fb8f:192.168.5.166:44435], old=null RUNNING
2019-10-09 23:37:07,060 [grpc-default-executor-1] INFO  impl.RaftServerImpl (RaftServerImpl.java:lambda$shutdown$3(247)) - 211a1bf5-46cf-4998-91a7-9b980b96fb8f@group-402EABD5ED5B: shutdown
2019-10-09 23:37:07,060 [grpc-default-executor-1] INFO  util.JmxRegister (JmxRegister.java:unregister(73)) - Successfully un-registered JMX Bean with object name Ratis:service=RaftServer,group=group-402EABD5ED5B,id=211a1bf5-46cf-4998-91a7-9b980b96fb8f
2019-10-09 23:37:07,060 [grpc-default-executor-1] INFO  impl.RoleInfo (RoleInfo.java:shutdownFollowerState(121)) - 211a1bf5-46cf-4998-91a7-9b980b96fb8f: shutdown FollowerState
2019-10-09 23:37:07,060 [grpc-default-executor-1] INFO  impl.StateMachineUpdater (StateMachineUpdater.java:stopAndJoin(136)) - 211a1bf5-46cf-4998-91a7-9b980b96fb8f@group-402EABD5ED5B-StateMachineUpdater: set stopIndex = -1
2019-10-09 23:37:07,061 [Thread-186] INFO  impl.FollowerState (FollowerState.java:run(117)) - 211a1bf5-46cf-4998-91a7-9b980b96fb8f@group-402EABD5ED5B-FollowerState was interrupted: java.lang.InterruptedException: sleep interrupted
2019-10-09 23:37:07,061 [grpc-default-executor-1] INFO  impl.RaftServerImpl (ServerState.java:close(387)) - 211a1bf5-46cf-4998-91a7-9b980b96fb8f@group-402EABD5ED5B: closes. applyIndex: -1
2019-10-09 23:37:07,062 [211a1bf5-46cf-4998-91a7-9b980b96fb8f@group-402EABD5ED5B-SegmentedRaftLogWorker] INFO  segmented.SegmentedRaftLogWorker (SegmentedRaftLogWorker.java:run(316)) - 211a1bf5-46cf-4998-91a7-9b980b96fb8f@group-402EABD5ED5B-SegmentedRaftLogWorker was interrupted, exiting. There are 0 tasks remaining in the queue.
2019-10-09 23:37:07,062 [grpc-default-executor-1] INFO  segmented.SegmentedRaftLogWorker (SegmentedRaftLogWorker.java:close(224)) - 211a1bf5-46cf-4998-91a7-9b980b96fb8f@group-402EABD5ED5B-SegmentedRaftLogWorker close()
2019-10-09 23:37:07,071 [Thread-178] INFO  pipeline.PipelineStateManager (PipelineStateManager.java:removePipeline(108)) - Pipeline Pipeline[ Id: ebc61f44-f9f0-4d5f-95bb-402eabd5ed5b, Nodes: 211a1bf5-46cf-4998-91a7-9b980b96fb8f{ip: 192.168.5.166, host: pr-hdds-1868-fg6nx-4263576025, networkLocation: /default-rack, certSerialId: null}, Type:RATIS, Factor:ONE, State:CLOSED] removed from db
2019-10-09 23:37:07,071 [Thread-178] INFO  pipeline.SCMPipelineManager (SCMPipelineManager.java:finalizeAndDestroyPipeline(315)) - destroying pipeline:Pipeline[ Id: 3376a43c-793b-4009-807c-bb0335453295, Nodes: 4c233c53-ae5f-411e-8ee1-60d2ce68511d{ip: 192.168.5.166, host: pr-hdds-1868-fg6nx-4263576025, networkLocation: /default-rack, certSerialId: null}, Type:RATIS, Factor:ONE, State:ALLOCATED]
2019-10-09 23:37:07,082 [grpc-default-executor-1] INFO  impl.RaftServerProxy (RaftServerProxy.java:addNew(89)) - 211a1bf5-46cf-4998-91a7-9b980b96fb8f: addNew group-815A8C740BB6:[211a1bf5-46cf-4998-91a7-9b980b96fb8f:192.168.5.166:44435] returns group-815A8C740BB6:java.util.concurrent.CompletableFuture@2ca0ca7d[Not completed]
2019-10-09 23:37:07,083 [pool-27-thread-1] INFO  impl.RaftServerImpl (RaftServerImpl.java:<init>(95)) - 211a1bf5-46cf-4998-91a7-9b980b96fb8f: new RaftServerImpl for group-815A8C740BB6:[211a1bf5-46cf-4998-91a7-9b980b96fb8f:192.168.5.166:44435] with ContainerStateMachine:uninitialized
2019-10-09 23:37:07,083 [pool-27-thread-1] INFO  server.RaftServerConfigKeys (ConfUtils.java:logGet(43)) - raft.server.rpc.timeout.min = 5s (custom)
2019-10-09 23:37:07,084 [pool-27-thread-1] INFO  server.RaftServerConfigKeys (ConfUtils.java:logGet(43)) - raft.server.rpc.timeout.max = 5200ms (custom)
2019-10-09 23:37:07,084 [pool-27-thread-1] INFO  server.RaftServerConfigKeys (ConfUtils.java:logGet(43)) - raft.server.rpcslowness.timeout = 120s (custom)
2019-10-09 23:37:07,084 [pool-27-thread-1] INFO  server.RaftServerConfigKeys (ConfUtils.java:logGet(43)) - raft.server.sleep.deviation.threshold = 300 (default)
2019-10-09 23:37:07,084 [pool-27-thread-1] INFO  server.RaftServerConfigKeys (ConfUtils.java:logGet(43)) - raft.server.log.appender.install.snapshot.enabled = false (custom)
2019-10-09 23:37:07,084 [pool-27-thread-1] INFO  impl.RaftServerImpl (ServerState.java:<init>(103)) - 211a1bf5-46cf-4998-91a7-9b980b96fb8f@group-815A8C740BB6: ConfigurationManager, init=-1: [211a1bf5-46cf-4998-91a7-9b980b96fb8f:192.168.5.166:44435], old=null, confs=<EMPTY_MAP>
2019-10-09 23:37:07,084 [pool-27-thread-1] INFO  server.RaftServerConfigKeys (ConfUtils.java:logGet(43)) - raft.server.storage.dir = [/workdir/hadoop-ozone/integration-test/target/test-dir/MiniOzoneClusterImpl-21c45bca-c398-4058-b81d-da98a299d3d6/datanode-0/data/ratis] (custom)
2019-10-09 23:37:07,085 [pool-27-thread-1] INFO  server.RaftServerConfigKeys (ConfUtils.java:logGet(43)) - raft.server.log.corruption.policy = EXCEPTION (default)
2019-10-09 23:37:07,085 [pool-27-thread-1] INFO  storage.RaftStorageDirectory (RaftStorageDirectory.java:analyzeStorage(246)) - The storage directory /workdir/hadoop-ozone/integration-test/target/test-dir/MiniOzoneClusterImpl-21c45bca-c398-4058-b81d-da98a299d3d6/datanode-0/data/ratis/89dabefb-4a2f-4599-a160-815a8c740bb6 does not exist. Creating ...
2019-10-09 23:37:07,098 [pool-27-thread-1] INFO  storage.RaftStorageDirectory (RaftStorageDirectory.java:tryLock(328)) - Lock on /workdir/hadoop-ozone/integration-test/target/test-dir/MiniOzoneClusterImpl-21c45bca-c398-4058-b81d-da98a299d3d6/datanode-0/data/ratis/89dabefb-4a2f-4599-a160-815a8c740bb6/in_use.lock acquired by nodename 1560@pr-hdds-1868-fg6nx-4263576025
2019-10-09 23:37:07,112 [pool-27-thread-1] INFO  storage.RaftStorage (RaftStorage.java:format(84)) - Storage directory /workdir/hadoop-ozone/integration-test/target/test-dir/MiniOzoneClusterImpl-21c45bca-c398-4058-b81d-da98a299d3d6/datanode-0/data/ratis/89dabefb-4a2f-4599-a160-815a8c740bb6 has been successfully formatted.
2019-10-09 23:37:07,112 [pool-27-thread-1] INFO  ratis.ContainerStateMachine (ContainerStateMachine.java:loadSnapshot(233)) - group-815A8C740BB6: The snapshot info is null. Setting the last applied indexto:(t:0, i:~)
2019-10-09 23:37:07,112 [pool-27-thread-1] INFO  server.RaftServerConfigKeys (ConfUtils.java:logGet(43)) - raft.server.notification.no-leader.timeout = 120s (custom)
2019-10-09 23:37:07,112 [pool-27-thread-1] INFO  server.RaftServerConfigKeys (ConfUtils.java:logGet(43)) - raft.server.log.use.memory = false (default)
2019-10-09 23:37:07,113 [pool-27-thread-1] INFO  server.RaftServerConfigKeys (ConfUtils.java:logGet(43)) - raft.server.log.purge.gap = 1000000 (custom)
2019-10-09 23:37:07,113 [pool-27-thread-1] INFO  server.RaftServerConfigKeys (ConfUtils.java:logGet(43)) - raft.server.log.appender.buffer.byte-limit = 33554432 (custom)
2019-10-09 23:37:07,113 [pool-27-thread-1] INFO  server.RaftServerConfigKeys (ConfUtils.java:logGet(43)) - raft.server.log.segment.size.max = 1048576 (custom)
2019-10-09 23:37:07,113 [pool-27-thread-1] INFO  server.RaftServerConfigKeys (ConfUtils.java:logGet(43)) - raft.server.log.segment.cache.num.max = 2 (custom)
2019-10-09 23:37:07,113 [pool-27-thread-1] INFO  segmented.SegmentedRaftLogWorker (SegmentedRaftLogWorker.java:<init>(173)) - new 211a1bf5-46cf-4998-91a7-9b980b96fb8f@group-815A8C740BB6-SegmentedRaftLogWorker for RaftStorage:Storage Directory /workdir/hadoop-ozone/integration-test/target/test-dir/MiniOzoneClusterImpl-21c45bca-c398-4058-b81d-da98a299d3d6/datanode-0/data/ratis/89dabefb-4a2f-4599-a160-815a8c740bb6
2019-10-09 23:37:07,113 [pool-27-thread-1] INFO  server.RaftServerConfigKeys (ConfUtils.java:logGet(43)) - raft.server.log.queue.byte-limit = 2147483647 (custom)
2019-10-09 23:37:07,113 [pool-27-thread-1] INFO  server.RaftServerConfigKeys (ConfUtils.java:logGet(43)) - raft.server.log.queue.element-limit = 1024 (custom)
2019-10-09 23:37:07,113 [pool-27-thread-1] INFO  server.RaftServerConfigKeys (ConfUtils.java:logGet(43)) - raft.server.log.segment.size.max = 1048576 (custom)
2019-10-09 23:37:07,114 [pool-27-thread-1] INFO  server.RaftServerConfigKeys (ConfUtils.java:logGet(43)) - raft.server.log.preallocated.size = 16384 (custom)
2019-10-09 23:37:07,114 [pool-27-thread-1] INFO  server.RaftServerConfigKeys (ConfUtils.java:logGet(43)) - raft.server.log.write.buffer.size = 33554432 (custom)
2019-10-09 23:37:07,114 [pool-27-thread-1] INFO  server.RaftServerConfigKeys (ConfUtils.java:logGet(43)) - raft.server.log.force.sync.num = 128 (default)
2019-10-09 23:37:07,114 [pool-27-thread-1] INFO  server.RaftServerConfigKeys (ConfUtils.java:logGet(43)) - raft.server.log.statemachine.data.sync = true (default)
2019-10-09 23:37:07,114 [pool-27-thread-1] INFO  server.RaftServerConfigKeys (ConfUtils.java:logGet(43)) - raft.server.log.statemachine.data.sync.timeout = 10s (default)
2019-10-09 23:37:07,114 [pool-27-thread-1] INFO  server.RaftServerConfigKeys (ConfUtils.java:logGet(43)) - raft.server.log.statemachine.data.sync.timeout.retry = -1 (default)
2019-10-09 23:37:07,114 [pool-27-thread-1] INFO  server.RaftServerConfigKeys (ConfUtils.java:logGet(43)) - raft.server.log.statemachine.data.caching.enabled = true (custom)
2019-10-09 23:37:07,115 [pool-27-thread-1] INFO  segmented.SegmentedRaftLogWorker (SegmentedRaftLogWorker.java:lambda$new$0(128)) - 211a1bf5-46cf-4998-91a7-9b980b96fb8f@group-815A8C740BB6-SegmentedRaftLogWorker: flushIndex: setUnconditionally 0 -> -1
2019-10-09 23:37:07,115 [pool-27-thread-1] INFO  server.RaftServerConfigKeys (ConfUtils.java:logGet(43)) - raft.server.snapshot.auto.trigger.enabled = true (custom)
2019-10-09 23:37:07,115 [pool-27-thread-1] INFO  server.RaftServerConfigKeys (ConfUtils.java:logGet(43)) - raft.server.snapshot.auto.trigger.threshold = 10000 (custom)
2019-10-09 23:37:07,115 [pool-27-thread-1] INFO  server.RaftServerConfigKeys (ConfUtils.java:logGet(43)) - raft.server.snapshot.retention.file.num = 5 (custom)
2019-10-09 23:37:07,115 [pool-27-thread-1] INFO  server.RaftServerConfigKeys (ConfUtils.java:logGet(43)) - raft.server.retrycache.expirytime = 600000ms (custom)
2019-10-09 23:37:07,117 [pool-27-thread-1] INFO  impl.RaftServerImpl (RaftServerImpl.java:start(181)) - 211a1bf5-46cf-4998-91a7-9b980b96fb8f@group-815A8C740BB6: start as a follower, conf=-1: [211a1bf5-46cf-4998-91a7-9b980b96fb8f:192.168.5.166:44435], old=null
2019-10-09 23:37:07,118 [pool-27-thread-1] INFO  impl.RaftServerImpl (RaftServerImpl.java:setRole(170)) - 211a1bf5-46cf-4998-91a7-9b980b96fb8f@group-815A8C740BB6: changes role from      null to FOLLOWER at term 0 for startAsFollower
2019-10-09 23:37:07,118 [pool-27-thread-1] INFO  impl.RoleInfo (RoleInfo.java:updateAndGet(143)) - 211a1bf5-46cf-4998-91a7-9b980b96fb8f: start FollowerState
2019-10-09 23:37:07,118 [pool-27-thread-1] INFO  util.JmxRegister (JmxRegister.java:tryRegister(44)) - Successfully registered JMX Bean with object name Ratis:service=RaftServer,group=group-815A8C740BB6,id=211a1bf5-46cf-4998-91a7-9b980b96fb8f
2019-10-09 23:37:07,125 [RatisPipelineUtilsThread] INFO  pipeline.PipelineStateManager (PipelineStateManager.java:addPipeline(57)) - Created pipeline Pipeline[ Id: 89dabefb-4a2f-4599-a160-815a8c740bb6, Nodes: 211a1bf5-46cf-4998-91a7-9b980b96fb8f{ip: 192.168.5.166, host: pr-hdds-1868-fg6nx-4263576025, networkLocation: /default-rack, certSerialId: null}, Type:RATIS, Factor:ONE, State:ALLOCATED]
2019-10-09 23:37:07,127 [Thread-178] INFO  pipeline.PipelineStateManager (PipelineStateManager.java:finalizePipeline(123)) - Pipeline Pipeline[ Id: 3376a43c-793b-4009-807c-bb0335453295, Nodes: 4c233c53-ae5f-411e-8ee1-60d2ce68511d{ip: 192.168.5.166, host: pr-hdds-1868-fg6nx-4263576025, networkLocation: /default-rack, certSerialId: null}, Type:RATIS, Factor:ONE, State:CLOSED] moved to CLOSED state
2019-10-09 23:37:07,136 [grpc-default-executor-1] INFO  impl.RaftServerProxy (RaftServerProxy.java:remove(95)) - 4c233c53-ae5f-411e-8ee1-60d2ce68511d: remove  FOLLOWER 4c233c53-ae5f-411e-8ee1-60d2ce68511d@group-BB0335453295:t0, leader=null, voted=null, raftlog=4c233c53-ae5f-411e-8ee1-60d2ce68511d@group-BB0335453295-SegmentedRaftLog:OPENED:c-1,f-1,i0, conf=-1: [4c233c53-ae5f-411e-8ee1-60d2ce68511d:192.168.5.166:33335], old=null RUNNING
2019-10-09 23:37:07,136 [grpc-default-executor-1] INFO  impl.RaftServerImpl (RaftServerImpl.java:lambda$shutdown$3(247)) - 4c233c53-ae5f-411e-8ee1-60d2ce68511d@group-BB0335453295: shutdown
2019-10-09 23:37:07,136 [grpc-default-executor-1] INFO  util.JmxRegister (JmxRegister.java:unregister(73)) - Successfully un-registered JMX Bean with object name Ratis:service=RaftServer,group=group-BB0335453295,id=4c233c53-ae5f-411e-8ee1-60d2ce68511d
2019-10-09 23:37:07,137 [grpc-default-executor-1] INFO  impl.RoleInfo (RoleInfo.java:shutdownFollowerState(121)) - 4c233c53-ae5f-411e-8ee1-60d2ce68511d: shutdown FollowerState
2019-10-09 23:37:07,137 [grpc-default-executor-1] INFO  impl.StateMachineUpdater (StateMachineUpdater.java:stopAndJoin(136)) - 4c233c53-ae5f-411e-8ee1-60d2ce68511d@group-BB0335453295-StateMachineUpdater: set stopIndex = -1
2019-10-09 23:37:07,137 [Thread-183] INFO  impl.FollowerState (FollowerState.java:run(117)) - 4c233c53-ae5f-411e-8ee1-60d2ce68511d@group-BB0335453295-FollowerState was interrupted: java.lang.InterruptedException: sleep interrupted
2019-10-09 23:37:07,137 [grpc-default-executor-1] INFO  impl.RaftServerImpl (ServerState.java:close(387)) - 4c233c53-ae5f-411e-8ee1-60d2ce68511d@group-BB0335453295: closes. applyIndex: -1
2019-10-09 23:37:07,138 [4c233c53-ae5f-411e-8ee1-60d2ce68511d@group-BB0335453295-SegmentedRaftLogWorker] INFO  segmented.SegmentedRaftLogWorker (SegmentedRaftLogWorker.java:run(316)) - 4c233c53-ae5f-411e-8ee1-60d2ce68511d@group-BB0335453295-SegmentedRaftLogWorker was interrupted, exiting. There are 0 tasks remaining in the queue.
2019-10-09 23:37:07,138 [grpc-default-executor-1] INFO  segmented.SegmentedRaftLogWorker (SegmentedRaftLogWorker.java:close(224)) - 4c233c53-ae5f-411e-8ee1-60d2ce68511d@group-BB0335453295-SegmentedRaftLogWorker close()
2019-10-09 23:37:07,146 [Thread-178] INFO  pipeline.PipelineStateManager (PipelineStateManager.java:removePipeline(108)) - Pipeline Pipeline[ Id: 3376a43c-793b-4009-807c-bb0335453295, Nodes: 4c233c53-ae5f-411e-8ee1-60d2ce68511d{ip: 192.168.5.166, host: pr-hdds-1868-fg6nx-4263576025, networkLocation: /default-rack, certSerialId: null}, Type:RATIS, Factor:ONE, State:CLOSED] removed from db
2019-10-09 23:37:07,146 [Thread-178] INFO  pipeline.SCMPipelineManager (SCMPipelineManager.java:finalizeAndDestroyPipeline(315)) - destroying pipeline:Pipeline[ Id: 0bf04a81-a3ce-4fe5-b400-ee241a733840, Nodes: ada9ac37-0d2d-4ed1-949a-1501e4856cbd{ip: 192.168.5.166, host: pr-hdds-1868-fg6nx-4263576025, networkLocation: /default-rack, certSerialId: null}4c233c53-ae5f-411e-8ee1-60d2ce68511d{ip: 192.168.5.166, host: pr-hdds-1868-fg6nx-4263576025, networkLocation: /default-rack, certSerialId: null}211a1bf5-46cf-4998-91a7-9b980b96fb8f{ip: 192.168.5.166, host: pr-hdds-1868-fg6nx-4263576025, networkLocation: /default-rack, certSerialId: null}, Type:RATIS, Factor:THREE, State:ALLOCATED]
2019-10-09 23:37:07,155 [grpc-default-executor-1] INFO  impl.RaftServerProxy (RaftServerProxy.java:addNew(89)) - 4c233c53-ae5f-411e-8ee1-60d2ce68511d: addNew group-63881E21D4F7:[4c233c53-ae5f-411e-8ee1-60d2ce68511d:192.168.5.166:33335] returns group-63881E21D4F7:java.util.concurrent.CompletableFuture@7fcf0646[Not completed]
2019-10-09 23:37:07,156 [pool-47-thread-1] INFO  impl.RaftServerImpl (RaftServerImpl.java:<init>(95)) - 4c233c53-ae5f-411e-8ee1-60d2ce68511d: new RaftServerImpl for group-63881E21D4F7:[4c233c53-ae5f-411e-8ee1-60d2ce68511d:192.168.5.166:33335] with ContainerStateMachine:uninitialized
2019-10-09 23:37:07,157 [pool-47-thread-1] INFO  server.RaftServerConfigKeys (ConfUtils.java:logGet(43)) - raft.server.rpc.timeout.min = 5s (custom)
2019-10-09 23:37:07,157 [pool-47-thread-1] INFO  server.RaftServerConfigKeys (ConfUtils.java:logGet(43)) - raft.server.rpc.timeout.max = 5200ms (custom)
2019-10-09 23:37:07,158 [pool-47-thread-1] INFO  server.RaftServerConfigKeys (ConfUtils.java:logGet(43)) - raft.server.rpcslowness.timeout = 120s (custom)
2019-10-09 23:37:07,158 [pool-47-thread-1] INFO  server.RaftServerConfigKeys (ConfUtils.java:logGet(43)) - raft.server.sleep.deviation.threshold = 300 (default)
2019-10-09 23:37:07,158 [pool-47-thread-1] INFO  server.RaftServerConfigKeys (ConfUtils.java:logGet(43)) - raft.server.log.appender.install.snapshot.enabled = false (custom)
2019-10-09 23:37:07,158 [pool-47-thread-1] INFO  impl.RaftServerImpl (ServerState.java:<init>(103)) - 4c233c53-ae5f-411e-8ee1-60d2ce68511d@group-63881E21D4F7: ConfigurationManager, init=-1: [4c233c53-ae5f-411e-8ee1-60d2ce68511d:192.168.5.166:33335], old=null, confs=<EMPTY_MAP>
2019-10-09 23:37:07,158 [pool-47-thread-1] INFO  server.RaftServerConfigKeys (ConfUtils.java:logGet(43)) - raft.server.storage.dir = [/workdir/hadoop-ozone/integration-test/target/test-dir/MiniOzoneClusterImpl-21c45bca-c398-4058-b81d-da98a299d3d6/datanode-2/data/ratis] (custom)
2019-10-09 23:37:07,158 [pool-47-thread-1] INFO  server.RaftServerConfigKeys (ConfUtils.java:logGet(43)) - raft.server.log.corruption.policy = EXCEPTION (default)
2019-10-09 23:37:07,159 [pool-47-thread-1] INFO  storage.RaftStorageDirectory (RaftStorageDirectory.java:analyzeStorage(246)) - The storage directory /workdir/hadoop-ozone/integration-test/target/test-dir/MiniOzoneClusterImpl-21c45bca-c398-4058-b81d-da98a299d3d6/datanode-2/data/ratis/7a837a78-2431-4cb5-9edc-63881e21d4f7 does not exist. Creating ...
2019-10-09 23:37:07,172 [pool-47-thread-1] INFO  storage.RaftStorageDirectory (RaftStorageDirectory.java:tryLock(328)) - Lock on /workdir/hadoop-ozone/integration-test/target/test-dir/MiniOzoneClusterImpl-21c45bca-c398-4058-b81d-da98a299d3d6/datanode-2/data/ratis/7a837a78-2431-4cb5-9edc-63881e21d4f7/in_use.lock acquired by nodename 1560@pr-hdds-1868-fg6nx-4263576025
2019-10-09 23:37:07,187 [pool-47-thread-1] INFO  storage.RaftStorage (RaftStorage.java:format(84)) - Storage directory /workdir/hadoop-ozone/integration-test/target/test-dir/MiniOzoneClusterImpl-21c45bca-c398-4058-b81d-da98a299d3d6/datanode-2/data/ratis/7a837a78-2431-4cb5-9edc-63881e21d4f7 has been successfully formatted.
2019-10-09 23:37:07,188 [pool-47-thread-1] INFO  ratis.ContainerStateMachine (ContainerStateMachine.java:loadSnapshot(233)) - group-63881E21D4F7: The snapshot info is null. Setting the last applied indexto:(t:0, i:~)
2019-10-09 23:37:07,188 [pool-47-thread-1] INFO  server.RaftServerConfigKeys (ConfUtils.java:logGet(43)) - raft.server.notification.no-leader.timeout = 120s (custom)
2019-10-09 23:37:07,188 [pool-47-thread-1] INFO  server.RaftServerConfigKeys (ConfUtils.java:logGet(43)) - raft.server.log.use.memory = false (default)
2019-10-09 23:37:07,188 [pool-47-thread-1] INFO  server.RaftServerConfigKeys (ConfUtils.java:logGet(43)) - raft.server.log.purge.gap = 1000000 (custom)
2019-10-09 23:37:07,188 [pool-47-thread-1] INFO  server.RaftServerConfigKeys (ConfUtils.java:logGet(43)) - raft.server.log.appender.buffer.byte-limit = 33554432 (custom)
2019-10-09 23:37:07,188 [pool-47-thread-1] INFO  server.RaftServerConfigKeys (ConfUtils.java:logGet(43)) - raft.server.log.segment.size.max = 1048576 (custom)
2019-10-09 23:37:07,189 [pool-47-thread-1] INFO  server.RaftServerConfigKeys (ConfUtils.java:logGet(43)) - raft.server.log.segment.cache.num.max = 2 (custom)
2019-10-09 23:37:07,189 [pool-47-thread-1] INFO  segmented.SegmentedRaftLogWorker (SegmentedRaftLogWorker.java:<init>(173)) - new 4c233c53-ae5f-411e-8ee1-60d2ce68511d@group-63881E21D4F7-SegmentedRaftLogWorker for RaftStorage:Storage Directory /workdir/hadoop-ozone/integration-test/target/test-dir/MiniOzoneClusterImpl-21c45bca-c398-4058-b81d-da98a299d3d6/datanode-2/data/ratis/7a837a78-2431-4cb5-9edc-63881e21d4f7
2019-10-09 23:37:07,189 [pool-47-thread-1] INFO  server.RaftServerConfigKeys (ConfUtils.java:logGet(43)) - raft.server.log.queue.byte-limit = 2147483647 (custom)
2019-10-09 23:37:07,189 [pool-47-thread-1] INFO  server.RaftServerConfigKeys (ConfUtils.java:logGet(43)) - raft.server.log.queue.element-limit = 1024 (custom)
2019-10-09 23:37:07,189 [pool-47-thread-1] INFO  server.RaftServerConfigKeys (ConfUtils.java:logGet(43)) - raft.server.log.segment.size.max = 1048576 (custom)
2019-10-09 23:37:07,189 [pool-47-thread-1] INFO  server.RaftServerConfigKeys (ConfUtils.java:logGet(43)) - raft.server.log.preallocated.size = 16384 (custom)
2019-10-09 23:37:07,190 [pool-47-thread-1] INFO  server.RaftServerConfigKeys (ConfUtils.java:logGet(43)) - raft.server.log.write.buffer.size = 33554432 (custom)
2019-10-09 23:37:07,190 [pool-47-thread-1] INFO  server.RaftServerConfigKeys (ConfUtils.java:logGet(43)) - raft.server.log.force.sync.num = 128 (default)
2019-10-09 23:37:07,190 [pool-47-thread-1] INFO  server.RaftServerConfigKeys (ConfUtils.java:logGet(43)) - raft.server.log.statemachine.data.sync = true (default)
2019-10-09 23:37:07,190 [pool-47-thread-1] INFO  server.RaftServerConfigKeys (ConfUtils.java:logGet(43)) - raft.server.log.statemachine.data.sync.timeout = 10s (default)
2019-10-09 23:37:07,190 [pool-47-thread-1] INFO  server.RaftServerConfigKeys (ConfUtils.java:logGet(43)) - raft.server.log.statemachine.data.sync.timeout.retry = -1 (default)
2019-10-09 23:37:07,190 [pool-47-thread-1] INFO  server.RaftServerConfigKeys (ConfUtils.java:logGet(43)) - raft.server.log.statemachine.data.caching.enabled = true (custom)
2019-10-09 23:37:07,191 [pool-47-thread-1] INFO  segmented.SegmentedRaftLogWorker (SegmentedRaftLogWorker.java:lambda$new$0(128)) - 4c233c53-ae5f-411e-8ee1-60d2ce68511d@group-63881E21D4F7-SegmentedRaftLogWorker: flushIndex: setUnconditionally 0 -> -1
2019-10-09 23:37:07,191 [pool-47-thread-1] INFO  server.RaftServerConfigKeys (ConfUtils.java:logGet(43)) - raft.server.snapshot.auto.trigger.enabled = true (custom)
2019-10-09 23:37:07,191 [pool-47-thread-1] INFO  server.RaftServerConfigKeys (ConfUtils.java:logGet(43)) - raft.server.snapshot.auto.trigger.threshold = 10000 (custom)
2019-10-09 23:37:07,191 [pool-47-thread-1] INFO  server.RaftServerConfigKeys (ConfUtils.java:logGet(43)) - raft.server.snapshot.retention.file.num = 5 (custom)
2019-10-09 23:37:07,191 [pool-47-thread-1] INFO  server.RaftServerConfigKeys (ConfUtils.java:logGet(43)) - raft.server.retrycache.expirytime = 600000ms (custom)
2019-10-09 23:37:07,194 [pool-47-thread-1] INFO  impl.RaftServerImpl (RaftServerImpl.java:start(181)) - 4c233c53-ae5f-411e-8ee1-60d2ce68511d@group-63881E21D4F7: start as a follower, conf=-1: [4c233c53-ae5f-411e-8ee1-60d2ce68511d:192.168.5.166:33335], old=null
2019-10-09 23:37:07,194 [pool-47-thread-1] INFO  impl.RaftServerImpl (RaftServerImpl.java:setRole(170)) - 4c233c53-ae5f-411e-8ee1-60d2ce68511d@group-63881E21D4F7: changes role from      null to FOLLOWER at term 0 for startAsFollower
2019-10-09 23:37:07,194 [pool-47-thread-1] INFO  impl.RoleInfo (RoleInfo.java:updateAndGet(143)) - 4c233c53-ae5f-411e-8ee1-60d2ce68511d: start FollowerState
2019-10-09 23:37:07,195 [pool-47-thread-1] INFO  util.JmxRegister (JmxRegister.java:tryRegister(44)) - Successfully registered JMX Bean with object name Ratis:service=RaftServer,group=group-63881E21D4F7,id=4c233c53-ae5f-411e-8ee1-60d2ce68511d
2019-10-09 23:37:07,206 [RatisPipelineUtilsThread] INFO  pipeline.PipelineStateManager (PipelineStateManager.java:addPipeline(57)) - Created pipeline Pipeline[ Id: 7a837a78-2431-4cb5-9edc-63881e21d4f7, Nodes: 4c233c53-ae5f-411e-8ee1-60d2ce68511d{ip: 192.168.5.166, host: pr-hdds-1868-fg6nx-4263576025, networkLocation: /default-rack, certSerialId: null}, Type:RATIS, Factor:ONE, State:ALLOCATED]
2019-10-09 23:37:07,211 [Thread-178] INFO  pipeline.PipelineStateManager (PipelineStateManager.java:finalizePipeline(123)) - Pipeline Pipeline[ Id: 0bf04a81-a3ce-4fe5-b400-ee241a733840, Nodes: ada9ac37-0d2d-4ed1-949a-1501e4856cbd{ip: 192.168.5.166, host: pr-hdds-1868-fg6nx-4263576025, networkLocation: /default-rack, certSerialId: null}4c233c53-ae5f-411e-8ee1-60d2ce68511d{ip: 192.168.5.166, host: pr-hdds-1868-fg6nx-4263576025, networkLocation: /default-rack, certSerialId: null}211a1bf5-46cf-4998-91a7-9b980b96fb8f{ip: 192.168.5.166, host: pr-hdds-1868-fg6nx-4263576025, networkLocation: /default-rack, certSerialId: null}, Type:RATIS, Factor:THREE, State:CLOSED] moved to CLOSED state
2019-10-09 23:37:07,226 [grpc-default-executor-1] INFO  impl.RaftServerProxy (RaftServerProxy.java:remove(95)) - ada9ac37-0d2d-4ed1-949a-1501e4856cbd: remove  FOLLOWER ada9ac37-0d2d-4ed1-949a-1501e4856cbd@group-EE241A733840:t0, leader=null, voted=null, raftlog=ada9ac37-0d2d-4ed1-949a-1501e4856cbd@group-EE241A733840-SegmentedRaftLog:OPENED:c-1,f-1,i0, conf=-1: [4c233c53-ae5f-411e-8ee1-60d2ce68511d:192.168.5.166:33335, 211a1bf5-46cf-4998-91a7-9b980b96fb8f:192.168.5.166:44435, ada9ac37-0d2d-4ed1-949a-1501e4856cbd:192.168.5.166:43569], old=null RUNNING
2019-10-09 23:37:07,227 [grpc-default-executor-1] INFO  impl.RaftServerImpl (RaftServerImpl.java:lambda$shutdown$3(247)) - ada9ac37-0d2d-4ed1-949a-1501e4856cbd@group-EE241A733840: shutdown
2019-10-09 23:37:07,227 [grpc-default-executor-1] INFO  util.JmxRegister (JmxRegister.java:unregister(73)) - Successfully un-registered JMX Bean with object name Ratis:service=RaftServer,group=group-EE241A733840,id=ada9ac37-0d2d-4ed1-949a-1501e4856cbd
2019-10-09 23:37:07,227 [grpc-default-executor-1] INFO  impl.RoleInfo (RoleInfo.java:shutdownFollowerState(121)) - ada9ac37-0d2d-4ed1-949a-1501e4856cbd: shutdown FollowerState
2019-10-09 23:37:07,227 [grpc-default-executor-1] INFO  impl.StateMachineUpdater (StateMachineUpdater.java:stopAndJoin(136)) - ada9ac37-0d2d-4ed1-949a-1501e4856cbd@group-EE241A733840-StateMachineUpdater: set stopIndex = -1
2019-10-09 23:37:07,228 [Thread-192] INFO  impl.FollowerState (FollowerState.java:run(117)) - ada9ac37-0d2d-4ed1-949a-1501e4856cbd@group-EE241A733840-FollowerState was interrupted: java.lang.InterruptedException: sleep interrupted
2019-10-09 23:37:07,229 [grpc-default-executor-1] INFO  impl.RaftServerImpl (ServerState.java:close(387)) - ada9ac37-0d2d-4ed1-949a-1501e4856cbd@group-EE241A733840: closes. applyIndex: -1
2019-10-09 23:37:07,230 [ada9ac37-0d2d-4ed1-949a-1501e4856cbd@group-EE241A733840-SegmentedRaftLogWorker] INFO  segmented.SegmentedRaftLogWorker (SegmentedRaftLogWorker.java:run(316)) - ada9ac37-0d2d-4ed1-949a-1501e4856cbd@group-EE241A733840-SegmentedRaftLogWorker was interrupted, exiting. There are 0 tasks remaining in the queue.
2019-10-09 23:37:07,230 [grpc-default-executor-1] INFO  segmented.SegmentedRaftLogWorker (SegmentedRaftLogWorker.java:close(224)) - ada9ac37-0d2d-4ed1-949a-1501e4856cbd@group-EE241A733840-SegmentedRaftLogWorker close()
2019-10-09 23:37:07,246 [grpc-default-executor-1] INFO  impl.RaftServerProxy (RaftServerProxy.java:remove(95)) - 4c233c53-ae5f-411e-8ee1-60d2ce68511d: remove  FOLLOWER 4c233c53-ae5f-411e-8ee1-60d2ce68511d@group-EE241A733840:t0, leader=null, voted=null, raftlog=4c233c53-ae5f-411e-8ee1-60d2ce68511d@group-EE241A733840-SegmentedRaftLog:OPENED:c-1,f-1,i0, conf=-1: [4c233c53-ae5f-411e-8ee1-60d2ce68511d:192.168.5.166:33335, 211a1bf5-46cf-4998-91a7-9b980b96fb8f:192.168.5.166:44435, ada9ac37-0d2d-4ed1-949a-1501e4856cbd:192.168.5.166:43569], old=null RUNNING
2019-10-09 23:37:07,246 [grpc-default-executor-1] INFO  impl.RaftServerImpl (RaftServerImpl.java:lambda$shutdown$3(247)) - 4c233c53-ae5f-411e-8ee1-60d2ce68511d@group-EE241A733840: shutdown
2019-10-09 23:37:07,247 [grpc-default-executor-1] INFO  util.JmxRegister (JmxRegister.java:unregister(73)) - Successfully un-registered JMX Bean with object name Ratis:service=RaftServer,group=group-EE241A733840,id=4c233c53-ae5f-411e-8ee1-60d2ce68511d
2019-10-09 23:37:07,247 [grpc-default-executor-1] INFO  impl.RoleInfo (RoleInfo.java:shutdownFollowerState(121)) - 4c233c53-ae5f-411e-8ee1-60d2ce68511d: shutdown FollowerState
2019-10-09 23:37:07,247 [grpc-default-executor-1] INFO  impl.StateMachineUpdater (StateMachineUpdater.java:stopAndJoin(136)) - 4c233c53-ae5f-411e-8ee1-60d2ce68511d@group-EE241A733840-StateMachineUpdater: set stopIndex = -1
2019-10-09 23:37:07,247 [Thread-193] INFO  impl.FollowerState (FollowerState.java:run(117)) - 4c233c53-ae5f-411e-8ee1-60d2ce68511d@group-EE241A733840-FollowerState was interrupted: java.lang.InterruptedException: sleep interrupted
2019-10-09 23:37:07,248 [grpc-default-executor-1] INFO  impl.RaftServerImpl (ServerState.java:close(387)) - 4c233c53-ae5f-411e-8ee1-60d2ce68511d@group-EE241A733840: closes. applyIndex: -1
2019-10-09 23:37:07,249 [4c233c53-ae5f-411e-8ee1-60d2ce68511d@group-EE241A733840-SegmentedRaftLogWorker] INFO  segmented.SegmentedRaftLogWorker (SegmentedRaftLogWorker.java:run(316)) - 4c233c53-ae5f-411e-8ee1-60d2ce68511d@group-EE241A733840-SegmentedRaftLogWorker was interrupted, exiting. There are 0 tasks remaining in the queue.
2019-10-09 23:37:07,249 [grpc-default-executor-1] INFO  segmented.SegmentedRaftLogWorker (SegmentedRaftLogWorker.java:close(224)) - 4c233c53-ae5f-411e-8ee1-60d2ce68511d@group-EE241A733840-SegmentedRaftLogWorker close()
2019-10-09 23:37:07,267 [grpc-default-executor-1] INFO  impl.RaftServerProxy (RaftServerProxy.java:remove(95)) - 211a1bf5-46cf-4998-91a7-9b980b96fb8f: remove  FOLLOWER 211a1bf5-46cf-4998-91a7-9b980b96fb8f@group-EE241A733840:t0, leader=null, voted=null, raftlog=211a1bf5-46cf-4998-91a7-9b980b96fb8f@group-EE241A733840-SegmentedRaftLog:OPENED:c-1,f-1,i0, conf=-1: [4c233c53-ae5f-411e-8ee1-60d2ce68511d:192.168.5.166:33335, 211a1bf5-46cf-4998-91a7-9b980b96fb8f:192.168.5.166:44435, ada9ac37-0d2d-4ed1-949a-1501e4856cbd:192.168.5.166:43569], old=null RUNNING
2019-10-09 23:37:07,268 [grpc-default-executor-1] INFO  impl.RaftServerImpl (RaftServerImpl.java:lambda$shutdown$3(247)) - 211a1bf5-46cf-4998-91a7-9b980b96fb8f@group-EE241A733840: shutdown
2019-10-09 23:37:07,268 [grpc-default-executor-1] INFO  util.JmxRegister (JmxRegister.java:unregister(73)) - Successfully un-registered JMX Bean with object name Ratis:service=RaftServer,group=group-EE241A733840,id=211a1bf5-46cf-4998-91a7-9b980b96fb8f
2019-10-09 23:37:07,268 [grpc-default-executor-1] INFO  impl.RoleInfo (RoleInfo.java:shutdownFollowerState(121)) - 211a1bf5-46cf-4998-91a7-9b980b96fb8f: shutdown FollowerState
2019-10-09 23:37:07,268 [grpc-default-executor-1] INFO  impl.StateMachineUpdater (StateMachineUpdater.java:stopAndJoin(136)) - 211a1bf5-46cf-4998-91a7-9b980b96fb8f@group-EE241A733840-StateMachineUpdater: set stopIndex = -1
2019-10-09 23:37:07,268 [Thread-191] INFO  impl.FollowerState (FollowerState.java:run(117)) - 211a1bf5-46cf-4998-91a7-9b980b96fb8f@group-EE241A733840-FollowerState was interrupted: java.lang.InterruptedException: sleep interrupted
2019-10-09 23:37:07,269 [grpc-default-executor-1] INFO  impl.RaftServerImpl (ServerState.java:close(387)) - 211a1bf5-46cf-4998-91a7-9b980b96fb8f@group-EE241A733840: closes. applyIndex: -1
2019-10-09 23:37:07,270 [211a1bf5-46cf-4998-91a7-9b980b96fb8f@group-EE241A733840-SegmentedRaftLogWorker] INFO  segmented.SegmentedRaftLogWorker (SegmentedRaftLogWorker.java:run(316)) - 211a1bf5-46cf-4998-91a7-9b980b96fb8f@group-EE241A733840-SegmentedRaftLogWorker was interrupted, exiting. There are 0 tasks remaining in the queue.
2019-10-09 23:37:07,270 [grpc-default-executor-1] INFO  segmented.SegmentedRaftLogWorker (SegmentedRaftLogWorker.java:close(224)) - 211a1bf5-46cf-4998-91a7-9b980b96fb8f@group-EE241A733840-SegmentedRaftLogWorker close()
2019-10-09 23:37:07,275 [Thread-178] INFO  pipeline.PipelineStateManager (PipelineStateManager.java:removePipeline(108)) - Pipeline Pipeline[ Id: 0bf04a81-a3ce-4fe5-b400-ee241a733840, Nodes: ada9ac37-0d2d-4ed1-949a-1501e4856cbd{ip: 192.168.5.166, host: pr-hdds-1868-fg6nx-4263576025, networkLocation: /default-rack, certSerialId: null}4c233c53-ae5f-411e-8ee1-60d2ce68511d{ip: 192.168.5.166, host: pr-hdds-1868-fg6nx-4263576025, networkLocation: /default-rack, certSerialId: null}211a1bf5-46cf-4998-91a7-9b980b96fb8f{ip: 192.168.5.166, host: pr-hdds-1868-fg6nx-4263576025, networkLocation: /default-rack, certSerialId: null}, Type:RATIS, Factor:THREE, State:CLOSED] removed from db
2019-10-09 23:37:07,291 [grpc-default-executor-0] INFO  impl.RaftServerProxy (RaftServerProxy.java:addNew(89)) - ada9ac37-0d2d-4ed1-949a-1501e4856cbd: addNew group-4CF602E98530:[4c233c53-ae5f-411e-8ee1-60d2ce68511d:192.168.5.166:33335, 211a1bf5-46cf-4998-91a7-9b980b96fb8f:192.168.5.166:44435, ada9ac37-0d2d-4ed1-949a-1501e4856cbd:192.168.5.166:43569] returns group-4CF602E98530:java.util.concurrent.CompletableFuture@28b2aa61[Not completed]
2019-10-09 23:37:07,291 [grpc-default-executor-2] INFO  impl.RaftServerProxy (RaftServerProxy.java:addNew(89)) - 4c233c53-ae5f-411e-8ee1-60d2ce68511d: addNew group-4CF602E98530:[4c233c53-ae5f-411e-8ee1-60d2ce68511d:192.168.5.166:33335, 211a1bf5-46cf-4998-91a7-9b980b96fb8f:192.168.5.166:44435, ada9ac37-0d2d-4ed1-949a-1501e4856cbd:192.168.5.166:43569] returns group-4CF602E98530:java.util.concurrent.CompletableFuture@7214580[Not completed]
2019-10-09 23:37:07,291 [grpc-default-executor-1] INFO  impl.RaftServerProxy (RaftServerProxy.java:addNew(89)) - 211a1bf5-46cf-4998-91a7-9b980b96fb8f: addNew group-4CF602E98530:[4c233c53-ae5f-411e-8ee1-60d2ce68511d:192.168.5.166:33335, 211a1bf5-46cf-4998-91a7-9b980b96fb8f:192.168.5.166:44435, ada9ac37-0d2d-4ed1-949a-1501e4856cbd:192.168.5.166:43569] returns group-4CF602E98530:java.util.concurrent.CompletableFuture@5e3b1a5c[Not completed]
2019-10-09 23:37:07,293 [pool-37-thread-1] INFO  impl.RaftServerImpl (RaftServerImpl.java:<init>(95)) - ada9ac37-0d2d-4ed1-949a-1501e4856cbd: new RaftServerImpl for group-4CF602E98530:[4c233c53-ae5f-411e-8ee1-60d2ce68511d:192.168.5.166:33335, 211a1bf5-46cf-4998-91a7-9b980b96fb8f:192.168.5.166:44435, ada9ac37-0d2d-4ed1-949a-1501e4856cbd:192.168.5.166:43569] with ContainerStateMachine:uninitialized
2019-10-09 23:37:07,293 [pool-37-thread-1] INFO  server.RaftServerConfigKeys (ConfUtils.java:logGet(43)) - raft.server.rpc.timeout.min = 5s (custom)
2019-10-09 23:37:07,293 [pool-37-thread-1] INFO  server.RaftServerConfigKeys (ConfUtils.java:logGet(43)) - raft.server.rpc.timeout.max = 5200ms (custom)
2019-10-09 23:37:07,293 [pool-37-thread-1] INFO  server.RaftServerConfigKeys (ConfUtils.java:logGet(43)) - raft.server.rpcslowness.timeout = 120s (custom)
2019-10-09 23:37:07,293 [pool-37-thread-1] INFO  server.RaftServerConfigKeys (ConfUtils.java:logGet(43)) - raft.server.sleep.deviation.threshold = 300 (default)
2019-10-09 23:37:07,293 [pool-37-thread-1] INFO  server.RaftServerConfigKeys (ConfUtils.java:logGet(43)) - raft.server.log.appender.install.snapshot.enabled = false (custom)
2019-10-09 23:37:07,293 [pool-37-thread-1] INFO  impl.RaftServerImpl (ServerState.java:<init>(103)) - ada9ac37-0d2d-4ed1-949a-1501e4856cbd@group-4CF602E98530: ConfigurationManager, init=-1: [4c233c53-ae5f-411e-8ee1-60d2ce68511d:192.168.5.166:33335, 211a1bf5-46cf-4998-91a7-9b980b96fb8f:192.168.5.166:44435, ada9ac37-0d2d-4ed1-949a-1501e4856cbd:192.168.5.166:43569], old=null, confs=<EMPTY_MAP>
2019-10-09 23:37:07,294 [pool-37-thread-1] INFO  server.RaftServerConfigKeys (ConfUtils.java:logGet(43)) - raft.server.storage.dir = [/workdir/hadoop-ozone/integration-test/target/test-dir/MiniOzoneClusterImpl-21c45bca-c398-4058-b81d-da98a299d3d6/datanode-1/data/ratis] (custom)
2019-10-09 23:37:07,294 [pool-37-thread-1] INFO  server.RaftServerConfigKeys (ConfUtils.java:logGet(43)) - raft.server.log.corruption.policy = EXCEPTION (default)
2019-10-09 23:37:07,294 [pool-37-thread-1] INFO  storage.RaftStorageDirectory (RaftStorageDirectory.java:analyzeStorage(246)) - The storage directory /workdir/hadoop-ozone/integration-test/target/test-dir/MiniOzoneClusterImpl-21c45bca-c398-4058-b81d-da98a299d3d6/datanode-1/data/ratis/aac3ad9f-2295-47f9-b14a-4cf602e98530 does not exist. Creating ...
2019-10-09 23:37:07,294 [pool-47-thread-1] INFO  impl.RaftServerImpl (RaftServerImpl.java:<init>(95)) - 4c233c53-ae5f-411e-8ee1-60d2ce68511d: new RaftServerImpl for group-4CF602E98530:[4c233c53-ae5f-411e-8ee1-60d2ce68511d:192.168.5.166:33335, 211a1bf5-46cf-4998-91a7-9b980b96fb8f:192.168.5.166:44435, ada9ac37-0d2d-4ed1-949a-1501e4856cbd:192.168.5.166:43569] with ContainerStateMachine:uninitialized
2019-10-09 23:37:07,294 [pool-47-thread-1] INFO  server.RaftServerConfigKeys (ConfUtils.java:logGet(43)) - raft.server.rpc.timeout.min = 5s (custom)
2019-10-09 23:37:07,294 [pool-47-thread-1] INFO  server.RaftServerConfigKeys (ConfUtils.java:logGet(43)) - raft.server.rpc.timeout.max = 5200ms (custom)
2019-10-09 23:37:07,295 [pool-47-thread-1] INFO  server.RaftServerConfigKeys (ConfUtils.java:logGet(43)) - raft.server.rpcslowness.timeout = 120s (custom)
2019-10-09 23:37:07,295 [pool-27-thread-1] INFO  impl.RaftServerImpl (RaftServerImpl.java:<init>(95)) - 211a1bf5-46cf-4998-91a7-9b980b96fb8f: new RaftServerImpl for group-4CF602E98530:[4c233c53-ae5f-411e-8ee1-60d2ce68511d:192.168.5.166:33335, 211a1bf5-46cf-4998-91a7-9b980b96fb8f:192.168.5.166:44435, ada9ac37-0d2d-4ed1-949a-1501e4856cbd:192.168.5.166:43569] with ContainerStateMachine:uninitialized
2019-10-09 23:37:07,295 [pool-47-thread-1] INFO  server.RaftServerConfigKeys (ConfUtils.java:logGet(43)) - raft.server.sleep.deviation.threshold = 300 (default)
2019-10-09 23:37:07,295 [pool-27-thread-1] INFO  server.RaftServerConfigKeys (ConfUtils.java:logGet(43)) - raft.server.rpc.timeout.min = 5s (custom)
2019-10-09 23:37:07,295 [pool-47-thread-1] INFO  server.RaftServerConfigKeys (ConfUtils.java:logGet(43)) - raft.server.log.appender.install.snapshot.enabled = false (custom)
2019-10-09 23:37:07,295 [pool-27-thread-1] INFO  server.RaftServerConfigKeys (ConfUtils.java:logGet(43)) - raft.server.rpc.timeout.max = 5200ms (custom)
2019-10-09 23:37:07,295 [pool-47-thread-1] INFO  impl.RaftServerImpl (ServerState.java:<init>(103)) - 4c233c53-ae5f-411e-8ee1-60d2ce68511d@group-4CF602E98530: ConfigurationManager, init=-1: [4c233c53-ae5f-411e-8ee1-60d2ce68511d:192.168.5.166:33335, 211a1bf5-46cf-4998-91a7-9b980b96fb8f:192.168.5.166:44435, ada9ac37-0d2d-4ed1-949a-1501e4856cbd:192.168.5.166:43569], old=null, confs=<EMPTY_MAP>
2019-10-09 23:37:07,295 [pool-27-thread-1] INFO  server.RaftServerConfigKeys (ConfUtils.java:logGet(43)) - raft.server.rpcslowness.timeout = 120s (custom)
2019-10-09 23:37:07,296 [pool-27-thread-1] INFO  server.RaftServerConfigKeys (ConfUtils.java:logGet(43)) - raft.server.sleep.deviation.threshold = 300 (default)
2019-10-09 23:37:07,296 [pool-47-thread-1] INFO  server.RaftServerConfigKeys (ConfUtils.java:logGet(43)) - raft.server.storage.dir = [/workdir/hadoop-ozone/integration-test/target/test-dir/MiniOzoneClusterImpl-21c45bca-c398-4058-b81d-da98a299d3d6/datanode-2/data/ratis] (custom)
2019-10-09 23:37:07,296 [pool-27-thread-1] INFO  server.RaftServerConfigKeys (ConfUtils.java:logGet(43)) - raft.server.log.appender.install.snapshot.enabled = false (custom)
2019-10-09 23:37:07,296 [pool-27-thread-1] INFO  impl.RaftServerImpl (ServerState.java:<init>(103)) - 211a1bf5-46cf-4998-91a7-9b980b96fb8f@group-4CF602E98530: ConfigurationManager, init=-1: [4c233c53-ae5f-411e-8ee1-60d2ce68511d:192.168.5.166:33335, 211a1bf5-46cf-4998-91a7-9b980b96fb8f:192.168.5.166:44435, ada9ac37-0d2d-4ed1-949a-1501e4856cbd:192.168.5.166:43569], old=null, confs=<EMPTY_MAP>
2019-10-09 23:37:07,296 [pool-47-thread-1] INFO  server.RaftServerConfigKeys (ConfUtils.java:logGet(43)) - raft.server.log.corruption.policy = EXCEPTION (default)
2019-10-09 23:37:07,296 [pool-27-thread-1] INFO  server.RaftServerConfigKeys (ConfUtils.java:logGet(43)) - raft.server.storage.dir = [/workdir/hadoop-ozone/integration-test/target/test-dir/MiniOzoneClusterImpl-21c45bca-c398-4058-b81d-da98a299d3d6/datanode-0/data/ratis] (custom)
2019-10-09 23:37:07,296 [pool-47-thread-1] INFO  storage.RaftStorageDirectory (RaftStorageDirectory.java:analyzeStorage(246)) - The storage directory /workdir/hadoop-ozone/integration-test/target/test-dir/MiniOzoneClusterImpl-21c45bca-c398-4058-b81d-da98a299d3d6/datanode-2/data/ratis/aac3ad9f-2295-47f9-b14a-4cf602e98530 does not exist. Creating ...
2019-10-09 23:37:07,296 [pool-27-thread-1] INFO  server.RaftServerConfigKeys (ConfUtils.java:logGet(43)) - raft.server.log.corruption.policy = EXCEPTION (default)
2019-10-09 23:37:07,297 [pool-27-thread-1] INFO  storage.RaftStorageDirectory (RaftStorageDirectory.java:analyzeStorage(246)) - The storage directory /workdir/hadoop-ozone/integration-test/target/test-dir/MiniOzoneClusterImpl-21c45bca-c398-4058-b81d-da98a299d3d6/datanode-0/data/ratis/aac3ad9f-2295-47f9-b14a-4cf602e98530 does not exist. Creating ...
2019-10-09 23:37:07,308 [pool-37-thread-1] INFO  storage.RaftStorageDirectory (RaftStorageDirectory.java:tryLock(328)) - Lock on /workdir/hadoop-ozone/integration-test/target/test-dir/MiniOzoneClusterImpl-21c45bca-c398-4058-b81d-da98a299d3d6/datanode-1/data/ratis/aac3ad9f-2295-47f9-b14a-4cf602e98530/in_use.lock acquired by nodename 1560@pr-hdds-1868-fg6nx-4263576025
2019-10-09 23:37:07,308 [pool-47-thread-1] INFO  storage.RaftStorageDirectory (RaftStorageDirectory.java:tryLock(328)) - Lock on /workdir/hadoop-ozone/integration-test/target/test-dir/MiniOzoneClusterImpl-21c45bca-c398-4058-b81d-da98a299d3d6/datanode-2/data/ratis/aac3ad9f-2295-47f9-b14a-4cf602e98530/in_use.lock acquired by nodename 1560@pr-hdds-1868-fg6nx-4263576025
2019-10-09 23:37:07,308 [pool-27-thread-1] INFO  storage.RaftStorageDirectory (RaftStorageDirectory.java:tryLock(328)) - Lock on /workdir/hadoop-ozone/integration-test/target/test-dir/MiniOzoneClusterImpl-21c45bca-c398-4058-b81d-da98a299d3d6/datanode-0/data/ratis/aac3ad9f-2295-47f9-b14a-4cf602e98530/in_use.lock acquired by nodename 1560@pr-hdds-1868-fg6nx-4263576025
2019-10-09 23:37:07,322 [pool-27-thread-1] INFO  storage.RaftStorage (RaftStorage.java:format(84)) - Storage directory /workdir/hadoop-ozone/integration-test/target/test-dir/MiniOzoneClusterImpl-21c45bca-c398-4058-b81d-da98a299d3d6/datanode-0/data/ratis/aac3ad9f-2295-47f9-b14a-4cf602e98530 has been successfully formatted.
2019-10-09 23:37:07,323 [pool-47-thread-1] INFO  storage.RaftStorage (RaftStorage.java:format(84)) - Storage directory /workdir/hadoop-ozone/integration-test/target/test-dir/MiniOzoneClusterImpl-21c45bca-c398-4058-b81d-da98a299d3d6/datanode-2/data/ratis/aac3ad9f-2295-47f9-b14a-4cf602e98530 has been successfully formatted.
2019-10-09 23:37:07,323 [pool-27-thread-1] INFO  ratis.ContainerStateMachine (ContainerStateMachine.java:loadSnapshot(233)) - group-4CF602E98530: The snapshot info is null. Setting the last applied indexto:(t:0, i:~)
2019-10-09 23:37:07,322 [pool-37-thread-1] INFO  storage.RaftStorage (RaftStorage.java:format(84)) - Storage directory /workdir/hadoop-ozone/integration-test/target/test-dir/MiniOzoneClusterImpl-21c45bca-c398-4058-b81d-da98a299d3d6/datanode-1/data/ratis/aac3ad9f-2295-47f9-b14a-4cf602e98530 has been successfully formatted.
2019-10-09 23:37:07,323 [pool-27-thread-1] INFO  server.RaftServerConfigKeys (ConfUtils.java:logGet(43)) - raft.server.notification.no-leader.timeout = 120s (custom)
2019-10-09 23:37:07,323 [pool-47-thread-1] INFO  ratis.ContainerStateMachine (ContainerStateMachine.java:loadSnapshot(233)) - group-4CF602E98530: The snapshot info is null. Setting the last applied indexto:(t:0, i:~)
2019-10-09 23:37:07,323 [pool-37-thread-1] INFO  ratis.ContainerStateMachine (ContainerStateMachine.java:loadSnapshot(233)) - group-4CF602E98530: The snapshot info is null. Setting the last applied indexto:(t:0, i:~)
2019-10-09 23:37:07,323 [pool-27-thread-1] INFO  server.RaftServerConfigKeys (ConfUtils.java:logGet(43)) - raft.server.log.use.memory = false (default)
2019-10-09 23:37:07,323 [pool-37-thread-1] INFO  server.RaftServerConfigKeys (ConfUtils.java:logGet(43)) - raft.server.notification.no-leader.timeout = 120s (custom)
2019-10-09 23:37:07,323 [pool-47-thread-1] INFO  server.RaftServerConfigKeys (ConfUtils.java:logGet(43)) - raft.server.notification.no-leader.timeout = 120s (custom)
2019-10-09 23:37:07,324 [pool-37-thread-1] INFO  server.RaftServerConfigKeys (ConfUtils.java:logGet(43)) - raft.server.log.use.memory = false (default)
2019-10-09 23:37:07,324 [pool-27-thread-1] INFO  server.RaftServerConfigKeys (ConfUtils.java:logGet(43)) - raft.server.log.purge.gap = 1000000 (custom)
2019-10-09 23:37:07,324 [pool-37-thread-1] INFO  server.RaftServerConfigKeys (ConfUtils.java:logGet(43)) - raft.server.log.purge.gap = 1000000 (custom)
2019-10-09 23:37:07,324 [pool-47-thread-1] INFO  server.RaftServerConfigKeys (ConfUtils.java:logGet(43)) - raft.server.log.use.memory = false (default)
2019-10-09 23:37:07,324 [pool-37-thread-1] INFO  server.RaftServerConfigKeys (ConfUtils.java:logGet(43)) - raft.server.log.appender.buffer.byte-limit = 33554432 (custom)
2019-10-09 23:37:07,324 [pool-27-thread-1] INFO  server.RaftServerConfigKeys (ConfUtils.java:logGet(43)) - raft.server.log.appender.buffer.byte-limit = 33554432 (custom)
2019-10-09 23:37:07,324 [pool-37-thread-1] INFO  server.RaftServerConfigKeys (ConfUtils.java:logGet(43)) - raft.server.log.segment.size.max = 1048576 (custom)
2019-10-09 23:37:07,324 [pool-47-thread-1] INFO  server.RaftServerConfigKeys (ConfUtils.java:logGet(43)) - raft.server.log.purge.gap = 1000000 (custom)
2019-10-09 23:37:07,324 [pool-37-thread-1] INFO  server.RaftServerConfigKeys (ConfUtils.java:logGet(43)) - raft.server.log.segment.cache.num.max = 2 (custom)
2019-10-09 23:37:07,324 [pool-27-thread-1] INFO  server.RaftServerConfigKeys (ConfUtils.java:logGet(43)) - raft.server.log.segment.size.max = 1048576 (custom)
2019-10-09 23:37:07,325 [pool-37-thread-1] INFO  segmented.SegmentedRaftLogWorker (SegmentedRaftLogWorker.java:<init>(173)) - new ada9ac37-0d2d-4ed1-949a-1501e4856cbd@group-4CF602E98530-SegmentedRaftLogWorker for RaftStorage:Storage Directory /workdir/hadoop-ozone/integration-test/target/test-dir/MiniOzoneClusterImpl-21c45bca-c398-4058-b81d-da98a299d3d6/datanode-1/data/ratis/aac3ad9f-2295-47f9-b14a-4cf602e98530
2019-10-09 23:37:07,324 [pool-47-thread-1] INFO  server.RaftServerConfigKeys (ConfUtils.java:logGet(43)) - raft.server.log.appender.buffer.byte-limit = 33554432 (custom)
2019-10-09 23:37:07,325 [pool-37-thread-1] INFO  server.RaftServerConfigKeys (ConfUtils.java:logGet(43)) - raft.server.log.queue.byte-limit = 2147483647 (custom)
2019-10-09 23:37:07,325 [pool-27-thread-1] INFO  server.RaftServerConfigKeys (ConfUtils.java:logGet(43)) - raft.server.log.segment.cache.num.max = 2 (custom)
2019-10-09 23:37:07,325 [pool-37-thread-1] INFO  server.RaftServerConfigKeys (ConfUtils.java:logGet(43)) - raft.server.log.queue.element-limit = 1024 (custom)
2019-10-09 23:37:07,325 [pool-47-thread-1] INFO  server.RaftServerConfigKeys (ConfUtils.java:logGet(43)) - raft.server.log.segment.size.max = 1048576 (custom)
2019-10-09 23:37:07,325 [pool-37-thread-1] INFO  server.RaftServerConfigKeys (ConfUtils.java:logGet(43)) - raft.server.log.segment.size.max = 1048576 (custom)
2019-10-09 23:37:07,325 [pool-27-thread-1] INFO  segmented.SegmentedRaftLogWorker (SegmentedRaftLogWorker.java:<init>(173)) - new 211a1bf5-46cf-4998-91a7-9b980b96fb8f@group-4CF602E98530-SegmentedRaftLogWorker for RaftStorage:Storage Directory /workdir/hadoop-ozone/integration-test/target/test-dir/MiniOzoneClusterImpl-21c45bca-c398-4058-b81d-da98a299d3d6/datanode-0/data/ratis/aac3ad9f-2295-47f9-b14a-4cf602e98530
2019-10-09 23:37:07,325 [pool-37-thread-1] INFO  server.RaftServerConfigKeys (ConfUtils.java:logGet(43)) - raft.server.log.preallocated.size = 16384 (custom)
2019-10-09 23:37:07,325 [pool-47-thread-1] INFO  server.RaftServerConfigKeys (ConfUtils.java:logGet(43)) - raft.server.log.segment.cache.num.max = 2 (custom)
2019-10-09 23:37:07,326 [pool-37-thread-1] INFO  server.RaftServerConfigKeys (ConfUtils.java:logGet(43)) - raft.server.log.write.buffer.size = 33554432 (custom)
2019-10-09 23:37:07,325 [pool-27-thread-1] INFO  server.RaftServerConfigKeys (ConfUtils.java:logGet(43)) - raft.server.log.queue.byte-limit = 2147483647 (custom)
2019-10-09 23:37:07,326 [pool-37-thread-1] INFO  server.RaftServerConfigKeys (ConfUtils.java:logGet(43)) - raft.server.log.force.sync.num = 128 (default)
2019-10-09 23:37:07,326 [pool-47-thread-1] INFO  segmented.SegmentedRaftLogWorker (SegmentedRaftLogWorker.java:<init>(173)) - new 4c233c53-ae5f-411e-8ee1-60d2ce68511d@group-4CF602E98530-SegmentedRaftLogWorker for RaftStorage:Storage Directory /workdir/hadoop-ozone/integration-test/target/test-dir/MiniOzoneClusterImpl-21c45bca-c398-4058-b81d-da98a299d3d6/datanode-2/data/ratis/aac3ad9f-2295-47f9-b14a-4cf602e98530
2019-10-09 23:37:07,326 [pool-37-thread-1] INFO  server.RaftServerConfigKeys (ConfUtils.java:logGet(43)) - raft.server.log.statemachine.data.sync = true (default)
2019-10-09 23:37:07,326 [pool-27-thread-1] INFO  server.RaftServerConfigKeys (ConfUtils.java:logGet(43)) - raft.server.log.queue.element-limit = 1024 (custom)
2019-10-09 23:37:07,326 [pool-37-thread-1] INFO  server.RaftServerConfigKeys (ConfUtils.java:logGet(43)) - raft.server.log.statemachine.data.sync.timeout = 10s (default)
2019-10-09 23:37:07,326 [pool-47-thread-1] INFO  server.RaftServerConfigKeys (ConfUtils.java:logGet(43)) - raft.server.log.queue.byte-limit = 2147483647 (custom)
2019-10-09 23:37:07,326 [pool-37-thread-1] INFO  server.RaftServerConfigKeys (ConfUtils.java:logGet(43)) - raft.server.log.statemachine.data.sync.timeout.retry = -1 (default)
2019-10-09 23:37:07,326 [pool-27-thread-1] INFO  server.RaftServerConfigKeys (ConfUtils.java:logGet(43)) - raft.server.log.segment.size.max = 1048576 (custom)
2019-10-09 23:37:07,326 [pool-47-thread-1] INFO  server.RaftServerConfigKeys (ConfUtils.java:logGet(43)) - raft.server.log.queue.element-limit = 1024 (custom)
2019-10-09 23:37:07,327 [pool-27-thread-1] INFO  server.RaftServerConfigKeys (ConfUtils.java:logGet(43)) - raft.server.log.preallocated.size = 16384 (custom)
2019-10-09 23:37:07,327 [pool-37-thread-1] INFO  server.RaftServerConfigKeys (ConfUtils.java:logGet(43)) - raft.server.log.statemachine.data.caching.enabled = true (custom)
2019-10-09 23:37:07,327 [pool-27-thread-1] INFO  server.RaftServerConfigKeys (ConfUtils.java:logGet(43)) - raft.server.log.write.buffer.size = 33554432 (custom)
2019-10-09 23:37:07,327 [pool-47-thread-1] INFO  server.RaftServerConfigKeys (ConfUtils.java:logGet(43)) - raft.server.log.segment.size.max = 1048576 (custom)
2019-10-09 23:37:07,327 [pool-37-thread-1] INFO  segmented.SegmentedRaftLogWorker (SegmentedRaftLogWorker.java:lambda$new$0(128)) - ada9ac37-0d2d-4ed1-949a-1501e4856cbd@group-4CF602E98530-SegmentedRaftLogWorker: flushIndex: setUnconditionally 0 -> -1
2019-10-09 23:37:07,327 [pool-27-thread-1] INFO  server.RaftServerConfigKeys (ConfUtils.java:logGet(43)) - raft.server.log.force.sync.num = 128 (default)
2019-10-09 23:37:07,327 [pool-47-thread-1] INFO  server.RaftServerConfigKeys (ConfUtils.java:logGet(43)) - raft.server.log.preallocated.size = 16384 (custom)
2019-10-09 23:37:07,327 [pool-37-thread-1] INFO  server.RaftServerConfigKeys (ConfUtils.java:logGet(43)) - raft.server.snapshot.auto.trigger.enabled = true (custom)
2019-10-09 23:37:07,327 [pool-27-thread-1] INFO  server.RaftServerConfigKeys (ConfUtils.java:logGet(43)) - raft.server.log.statemachine.data.sync = true (default)
2019-10-09 23:37:07,327 [pool-37-thread-1] INFO  server.RaftServerConfigKeys (ConfUtils.java:logGet(43)) - raft.server.snapshot.auto.trigger.threshold = 10000 (custom)
2019-10-09 23:37:07,327 [pool-47-thread-1] INFO  server.RaftServerConfigKeys (ConfUtils.java:logGet(43)) - raft.server.log.write.buffer.size = 33554432 (custom)
2019-10-09 23:37:07,328 [pool-37-thread-1] INFO  server.RaftServerConfigKeys (ConfUtils.java:logGet(43)) - raft.server.snapshot.retention.file.num = 5 (custom)
2019-10-09 23:37:07,328 [pool-27-thread-1] INFO  server.RaftServerConfigKeys (ConfUtils.java:logGet(43)) - raft.server.log.statemachine.data.sync.timeout = 10s (default)
2019-10-09 23:37:07,328 [pool-37-thread-1] INFO  server.RaftServerConfigKeys (ConfUtils.java:logGet(43)) - raft.server.retrycache.expirytime = 600000ms (custom)
2019-10-09 23:37:07,328 [pool-47-thread-1] INFO  server.RaftServerConfigKeys (ConfUtils.java:logGet(43)) - raft.server.log.force.sync.num = 128 (default)
2019-10-09 23:37:07,328 [pool-27-thread-1] INFO  server.RaftServerConfigKeys (ConfUtils.java:logGet(43)) - raft.server.log.statemachine.data.sync.timeout.retry = -1 (default)
2019-10-09 23:37:07,328 [pool-47-thread-1] INFO  server.RaftServerConfigKeys (ConfUtils.java:logGet(43)) - raft.server.log.statemachine.data.sync = true (default)
2019-10-09 23:37:07,328 [pool-27-thread-1] INFO  server.RaftServerConfigKeys (ConfUtils.java:logGet(43)) - raft.server.log.statemachine.data.caching.enabled = true (custom)
2019-10-09 23:37:07,328 [pool-47-thread-1] INFO  server.RaftServerConfigKeys (ConfUtils.java:logGet(43)) - raft.server.log.statemachine.data.sync.timeout = 10s (default)
2019-10-09 23:37:07,329 [pool-47-thread-1] INFO  server.RaftServerConfigKeys (ConfUtils.java:logGet(43)) - raft.server.log.statemachine.data.sync.timeout.retry = -1 (default)
2019-10-09 23:37:07,329 [pool-27-thread-1] INFO  segmented.SegmentedRaftLogWorker (SegmentedRaftLogWorker.java:lambda$new$0(128)) - 211a1bf5-46cf-4998-91a7-9b980b96fb8f@group-4CF602E98530-SegmentedRaftLogWorker: flushIndex: setUnconditionally 0 -> -1
2019-10-09 23:37:07,329 [pool-47-thread-1] INFO  server.RaftServerConfigKeys (ConfUtils.java:logGet(43)) - raft.server.log.statemachine.data.caching.enabled = true (custom)
2019-10-09 23:37:07,329 [pool-27-thread-1] INFO  server.RaftServerConfigKeys (ConfUtils.java:logGet(43)) - raft.server.snapshot.auto.trigger.enabled = true (custom)
2019-10-09 23:37:07,329 [pool-47-thread-1] INFO  segmented.SegmentedRaftLogWorker (SegmentedRaftLogWorker.java:lambda$new$0(128)) - 4c233c53-ae5f-411e-8ee1-60d2ce68511d@group-4CF602E98530-SegmentedRaftLogWorker: flushIndex: setUnconditionally 0 -> -1
2019-10-09 23:37:07,329 [pool-27-thread-1] INFO  server.RaftServerConfigKeys (ConfUtils.java:logGet(43)) - raft.server.snapshot.auto.trigger.threshold = 10000 (custom)
2019-10-09 23:37:07,329 [pool-27-thread-1] INFO  server.RaftServerConfigKeys (ConfUtils.java:logGet(43)) - raft.server.snapshot.retention.file.num = 5 (custom)
2019-10-09 23:37:07,329 [pool-47-thread-1] INFO  server.RaftServerConfigKeys (ConfUtils.java:logGet(43)) - raft.server.snapshot.auto.trigger.enabled = true (custom)
2019-10-09 23:37:07,329 [pool-27-thread-1] INFO  server.RaftServerConfigKeys (ConfUtils.java:logGet(43)) - raft.server.retrycache.expirytime = 600000ms (custom)
2019-10-09 23:37:07,329 [pool-47-thread-1] INFO  server.RaftServerConfigKeys (ConfUtils.java:logGet(43)) - raft.server.snapshot.auto.trigger.threshold = 10000 (custom)
2019-10-09 23:37:07,330 [pool-47-thread-1] INFO  server.RaftServerConfigKeys (ConfUtils.java:logGet(43)) - raft.server.snapshot.retention.file.num = 5 (custom)
2019-10-09 23:37:07,330 [pool-47-thread-1] INFO  server.RaftServerConfigKeys (ConfUtils.java:logGet(43)) - raft.server.retrycache.expirytime = 600000ms (custom)
2019-10-09 23:37:07,330 [pool-37-thread-1] INFO  impl.RaftServerImpl (RaftServerImpl.java:start(181)) - ada9ac37-0d2d-4ed1-949a-1501e4856cbd@group-4CF602E98530: start as a follower, conf=-1: [4c233c53-ae5f-411e-8ee1-60d2ce68511d:192.168.5.166:33335, 211a1bf5-46cf-4998-91a7-9b980b96fb8f:192.168.5.166:44435, ada9ac37-0d2d-4ed1-949a-1501e4856cbd:192.168.5.166:43569], old=null
2019-10-09 23:37:07,330 [pool-37-thread-1] INFO  impl.RaftServerImpl (RaftServerImpl.java:setRole(170)) - ada9ac37-0d2d-4ed1-949a-1501e4856cbd@group-4CF602E98530: changes role from      null to FOLLOWER at term 0 for startAsFollower
2019-10-09 23:37:07,331 [pool-37-thread-1] INFO  impl.RoleInfo (RoleInfo.java:updateAndGet(143)) - ada9ac37-0d2d-4ed1-949a-1501e4856cbd: start FollowerState
2019-10-09 23:37:07,331 [pool-37-thread-1] INFO  util.JmxRegister (JmxRegister.java:tryRegister(44)) - Successfully registered JMX Bean with object name Ratis:service=RaftServer,group=group-4CF602E98530,id=ada9ac37-0d2d-4ed1-949a-1501e4856cbd
2019-10-09 23:37:07,333 [pool-27-thread-1] INFO  impl.RaftServerImpl (RaftServerImpl.java:start(181)) - 211a1bf5-46cf-4998-91a7-9b980b96fb8f@group-4CF602E98530: start as a follower, conf=-1: [4c233c53-ae5f-411e-8ee1-60d2ce68511d:192.168.5.166:33335, 211a1bf5-46cf-4998-91a7-9b980b96fb8f:192.168.5.166:44435, ada9ac37-0d2d-4ed1-949a-1501e4856cbd:192.168.5.166:43569], old=null
2019-10-09 23:37:07,333 [pool-27-thread-1] INFO  impl.RaftServerImpl (RaftServerImpl.java:setRole(170)) - 211a1bf5-46cf-4998-91a7-9b980b96fb8f@group-4CF602E98530: changes role from      null to FOLLOWER at term 0 for startAsFollower
2019-10-09 23:37:07,333 [pool-47-thread-1] INFO  impl.RaftServerImpl (RaftServerImpl.java:start(181)) - 4c233c53-ae5f-411e-8ee1-60d2ce68511d@group-4CF602E98530: start as a follower, conf=-1: [4c233c53-ae5f-411e-8ee1-60d2ce68511d:192.168.5.166:33335, 211a1bf5-46cf-4998-91a7-9b980b96fb8f:192.168.5.166:44435, ada9ac37-0d2d-4ed1-949a-1501e4856cbd:192.168.5.166:43569], old=null
2019-10-09 23:37:07,333 [pool-27-thread-1] INFO  impl.RoleInfo (RoleInfo.java:updateAndGet(143)) - 211a1bf5-46cf-4998-91a7-9b980b96fb8f: start FollowerState
2019-10-09 23:37:07,333 [pool-47-thread-1] INFO  impl.RaftServerImpl (RaftServerImpl.java:setRole(170)) - 4c233c53-ae5f-411e-8ee1-60d2ce68511d@group-4CF602E98530: changes role from      null to FOLLOWER at term 0 for startAsFollower
2019-10-09 23:37:07,333 [pool-47-thread-1] INFO  impl.RoleInfo (RoleInfo.java:updateAndGet(143)) - 4c233c53-ae5f-411e-8ee1-60d2ce68511d: start FollowerState
2019-10-09 23:37:07,333 [pool-27-thread-1] INFO  util.JmxRegister (JmxRegister.java:tryRegister(44)) - Successfully registered JMX Bean with object name Ratis:service=RaftServer,group=group-4CF602E98530,id=211a1bf5-46cf-4998-91a7-9b980b96fb8f
2019-10-09 23:37:07,334 [pool-47-thread-1] INFO  util.JmxRegister (JmxRegister.java:tryRegister(44)) - Successfully registered JMX Bean with object name Ratis:service=RaftServer,group=group-4CF602E98530,id=4c233c53-ae5f-411e-8ee1-60d2ce68511d
2019-10-09 23:37:07,343 [RatisPipelineUtilsThread] INFO  pipeline.PipelineStateManager (PipelineStateManager.java:addPipeline(57)) - Created pipeline Pipeline[ Id: aac3ad9f-2295-47f9-b14a-4cf602e98530, Nodes: ada9ac37-0d2d-4ed1-949a-1501e4856cbd{ip: 192.168.5.166, host: pr-hdds-1868-fg6nx-4263576025, networkLocation: /default-rack, certSerialId: null}4c233c53-ae5f-411e-8ee1-60d2ce68511d{ip: 192.168.5.166, host: pr-hdds-1868-fg6nx-4263576025, networkLocation: /default-rack, certSerialId: null}211a1bf5-46cf-4998-91a7-9b980b96fb8f{ip: 192.168.5.166, host: pr-hdds-1868-fg6nx-4263576025, networkLocation: /default-rack, certSerialId: null}, Type:RATIS, Factor:THREE, State:ALLOCATED]
2019-10-09 23:37:07,343 [main] INFO  ozone.MiniOzoneClusterImpl (MiniOzoneClusterImpl.java:lambda$waitForClusterToBeReady$2(164)) - Waiting for 4 number of pipelines out of 4, to report a leader.
2019-10-09 23:37:08,344 [main] INFO  ozone.MiniOzoneClusterImpl (MiniOzoneClusterImpl.java:lambda$waitForClusterToBeReady$2(164)) - Waiting for 4 number of pipelines out of 4, to report a leader.
2019-10-09 23:37:09,345 [main] INFO  ozone.MiniOzoneClusterImpl (MiniOzoneClusterImpl.java:lambda$waitForClusterToBeReady$2(164)) - Waiting for 4 number of pipelines out of 4, to report a leader.
2019-10-09 23:37:10,345 [main] INFO  ozone.MiniOzoneClusterImpl (MiniOzoneClusterImpl.java:lambda$waitForClusterToBeReady$2(164)) - Waiting for 4 number of pipelines out of 4, to report a leader.
2019-10-09 23:37:11,346 [main] INFO  ozone.MiniOzoneClusterImpl (MiniOzoneClusterImpl.java:lambda$waitForClusterToBeReady$2(164)) - Waiting for 4 number of pipelines out of 4, to report a leader.
2019-10-09 23:37:12,135 [Thread-200] INFO  impl.FollowerState (FollowerState.java:run(108)) - ada9ac37-0d2d-4ed1-949a-1501e4856cbd@group-79F4CAC7BF42-FollowerState: change to CANDIDATE, lastRpcTime:5095ms, electionTimeout:5095ms
2019-10-09 23:37:12,139 [Thread-200] INFO  impl.RoleInfo (RoleInfo.java:shutdownFollowerState(121)) - ada9ac37-0d2d-4ed1-949a-1501e4856cbd: shutdown FollowerState
2019-10-09 23:37:12,139 [Thread-200] INFO  impl.RaftServerImpl (RaftServerImpl.java:setRole(170)) - ada9ac37-0d2d-4ed1-949a-1501e4856cbd@group-79F4CAC7BF42: changes role from  FOLLOWER to CANDIDATE at term 0 for changeToCandidate
2019-10-09 23:37:12,145 [Thread-200] INFO  impl.RoleInfo (RoleInfo.java:updateAndGet(143)) - ada9ac37-0d2d-4ed1-949a-1501e4856cbd: start LeaderElection
2019-10-09 23:37:12,186 [Thread-204] INFO  impl.FollowerState (FollowerState.java:run(108)) - 211a1bf5-46cf-4998-91a7-9b980b96fb8f@group-815A8C740BB6-FollowerState: change to CANDIDATE, lastRpcTime:5068ms, electionTimeout:5068ms
2019-10-09 23:37:12,187 [Thread-204] INFO  impl.RoleInfo (RoleInfo.java:shutdownFollowerState(121)) - 211a1bf5-46cf-4998-91a7-9b980b96fb8f: shutdown FollowerState
2019-10-09 23:37:12,187 [Thread-204] INFO  impl.RaftServerImpl (RaftServerImpl.java:setRole(170)) - 211a1bf5-46cf-4998-91a7-9b980b96fb8f@group-815A8C740BB6: changes role from  FOLLOWER to CANDIDATE at term 0 for changeToCandidate
2019-10-09 23:37:12,187 [Thread-204] INFO  impl.RoleInfo (RoleInfo.java:updateAndGet(143)) - 211a1bf5-46cf-4998-91a7-9b980b96fb8f: start LeaderElection
2019-10-09 23:37:12,237 [Thread-208] INFO  impl.FollowerState (FollowerState.java:run(108)) - 4c233c53-ae5f-411e-8ee1-60d2ce68511d@group-63881E21D4F7-FollowerState: change to CANDIDATE, lastRpcTime:5042ms, electionTimeout:5042ms
2019-10-09 23:37:12,237 [Thread-208] INFO  impl.RoleInfo (RoleInfo.java:shutdownFollowerState(121)) - 4c233c53-ae5f-411e-8ee1-60d2ce68511d: shutdown FollowerState
2019-10-09 23:37:12,237 [Thread-208] INFO  impl.RaftServerImpl (RaftServerImpl.java:setRole(170)) - 4c233c53-ae5f-411e-8ee1-60d2ce68511d@group-63881E21D4F7: changes role from  FOLLOWER to CANDIDATE at term 0 for changeToCandidate
2019-10-09 23:37:12,237 [Thread-208] INFO  impl.RoleInfo (RoleInfo.java:updateAndGet(143)) - 4c233c53-ae5f-411e-8ee1-60d2ce68511d: start LeaderElection
2019-10-09 23:37:12,247 [ada9ac37-0d2d-4ed1-949a-1501e4856cbd@group-79F4CAC7BF42-LeaderElection1] INFO  impl.LeaderElection (LeaderElection.java:askForVotes(178)) - ada9ac37-0d2d-4ed1-949a-1501e4856cbd@group-79F4CAC7BF42-LeaderElection1: begin an election at term 1 for -1: [ada9ac37-0d2d-4ed1-949a-1501e4856cbd:192.168.5.166:43569], old=null
2019-10-09 23:37:12,248 [ada9ac37-0d2d-4ed1-949a-1501e4856cbd@group-79F4CAC7BF42-LeaderElection1] INFO  impl.RoleInfo (RoleInfo.java:shutdownLeaderElection(134)) - ada9ac37-0d2d-4ed1-949a-1501e4856cbd: shutdown LeaderElection
2019-10-09 23:37:12,248 [ada9ac37-0d2d-4ed1-949a-1501e4856cbd@group-79F4CAC7BF42-LeaderElection1] INFO  impl.RaftServerImpl (RaftServerImpl.java:setRole(170)) - ada9ac37-0d2d-4ed1-949a-1501e4856cbd@group-79F4CAC7BF42: changes role from CANDIDATE to LEADER at term 1 for changeToLeader
2019-10-09 23:37:12,249 [ada9ac37-0d2d-4ed1-949a-1501e4856cbd@group-79F4CAC7BF42-LeaderElection1] INFO  ratis.XceiverServerRatis (XceiverServerRatis.java:handleLeaderChangedNotification(702)) - Leader change notification received for group: group-79F4CAC7BF42 with new leaderId: ada9ac37-0d2d-4ed1-949a-1501e4856cbd
2019-10-09 23:37:12,252 [ada9ac37-0d2d-4ed1-949a-1501e4856cbd@group-79F4CAC7BF42-LeaderElection1] INFO  impl.RaftServerImpl (ServerState.java:setLeader(255)) - ada9ac37-0d2d-4ed1-949a-1501e4856cbd@group-79F4CAC7BF42: change Leader from null to ada9ac37-0d2d-4ed1-949a-1501e4856cbd at term 1 for becomeLeader, leader elected after 5214ms
2019-10-09 23:37:12,257 [ada9ac37-0d2d-4ed1-949a-1501e4856cbd@group-79F4CAC7BF42-LeaderElection1] INFO  server.RaftServerConfigKeys (ConfUtils.java:logGet(43)) - raft.server.staging.catchup.gap = 1000 (default)
2019-10-09 23:37:12,257 [ada9ac37-0d2d-4ed1-949a-1501e4856cbd@group-79F4CAC7BF42-LeaderElection1] INFO  server.RaftServerConfigKeys (ConfUtils.java:logGet(43)) - raft.server.rpc.sleep.time = 25ms (default)
2019-10-09 23:37:12,261 [ada9ac37-0d2d-4ed1-949a-1501e4856cbd@group-79F4CAC7BF42-LeaderElection1] INFO  server.RaftServerConfigKeys (ConfUtils.java:logGet(43)) - raft.server.write.element-limit = 4096 (default)
2019-10-09 23:37:12,263 [ada9ac37-0d2d-4ed1-949a-1501e4856cbd@group-79F4CAC7BF42-LeaderElection1] INFO  server.RaftServerConfigKeys (ConfUtils.java:logGet(43)) - raft.server.watch.timeout = 10s (default)
2019-10-09 23:37:12,263 [ada9ac37-0d2d-4ed1-949a-1501e4856cbd@group-79F4CAC7BF42-LeaderElection1] INFO  server.RaftServerConfigKeys (ConfUtils.java:logGet(43)) - raft.server.watch.timeout.denomination = 1s (default)
2019-10-09 23:37:12,264 [ada9ac37-0d2d-4ed1-949a-1501e4856cbd@group-79F4CAC7BF42-LeaderElection1] INFO  server.RaftServerConfigKeys (ConfUtils.java:logGet(43)) - raft.server.watch.element-limit = 65536 (default)
2019-10-09 23:37:12,267 [EventQueue-PipelineReportForPipelineReportHandler] INFO  pipeline.PipelineReportHandler (PipelineReportHandler.java:processPipelineReport(119)) - Pipeline PipelineID=fa4f2e10-bc95-4f34-b07e-79f4cac7bf42 reported by ada9ac37-0d2d-4ed1-949a-1501e4856cbd{ip: 192.168.5.166, host: pr-hdds-1868-fg6nx-4263576025, networkLocation: /default-rack, certSerialId: null} with leaderId ada9ac37-0d2d-4ed1-949a-1501e4856cbd
2019-10-09 23:37:12,272 [EventQueue-PipelineReportForPipelineReportHandler] INFO  pipeline.PipelineStateManager (PipelineStateManager.java:openPipeline(136)) - Pipeline Pipeline[ Id: fa4f2e10-bc95-4f34-b07e-79f4cac7bf42, Nodes: ada9ac37-0d2d-4ed1-949a-1501e4856cbd{ip: 192.168.5.166, host: pr-hdds-1868-fg6nx-4263576025, networkLocation: /default-rack, certSerialId: null}, Type:RATIS, Factor:ONE, State:OPEN] moved to OPEN state
2019-10-09 23:37:12,272 [EventQueue-PipelineReportForPipelineReportHandler] INFO  pipeline.PipelineReportHandler (PipelineReportHandler.java:processPipelineReport(119)) - Pipeline PipelineID=aac3ad9f-2295-47f9-b14a-4cf602e98530 reported by ada9ac37-0d2d-4ed1-949a-1501e4856cbd{ip: 192.168.5.166, host: pr-hdds-1868-fg6nx-4263576025, networkLocation: /default-rack, certSerialId: null} with leaderId 
2019-10-09 23:37:12,277 [ada9ac37-0d2d-4ed1-949a-1501e4856cbd@group-79F4CAC7BF42-LeaderElection1] INFO  impl.RoleInfo (RoleInfo.java:updateAndGet(143)) - ada9ac37-0d2d-4ed1-949a-1501e4856cbd: start LeaderState
2019-10-09 23:37:12,296 [ada9ac37-0d2d-4ed1-949a-1501e4856cbd@group-79F4CAC7BF42-LeaderElection1] INFO  segmented.SegmentedRaftLogWorker (SegmentedRaftLogWorker.java:startLogSegment(385)) - ada9ac37-0d2d-4ed1-949a-1501e4856cbd@group-79F4CAC7BF42-SegmentedRaftLogWorker: Starting segment from index:0
2019-10-09 23:37:12,300 [211a1bf5-46cf-4998-91a7-9b980b96fb8f@group-815A8C740BB6-LeaderElection2] INFO  impl.LeaderElection (LeaderElection.java:askForVotes(178)) - 211a1bf5-46cf-4998-91a7-9b980b96fb8f@group-815A8C740BB6-LeaderElection2: begin an election at term 1 for -1: [211a1bf5-46cf-4998-91a7-9b980b96fb8f:192.168.5.166:44435], old=null
2019-10-09 23:37:12,304 [211a1bf5-46cf-4998-91a7-9b980b96fb8f@group-815A8C740BB6-LeaderElection2] INFO  impl.RoleInfo (RoleInfo.java:shutdownLeaderElection(134)) - 211a1bf5-46cf-4998-91a7-9b980b96fb8f: shutdown LeaderElection
2019-10-09 23:37:12,305 [211a1bf5-46cf-4998-91a7-9b980b96fb8f@group-815A8C740BB6-LeaderElection2] INFO  impl.RaftServerImpl (RaftServerImpl.java:setRole(170)) - 211a1bf5-46cf-4998-91a7-9b980b96fb8f@group-815A8C740BB6: changes role from CANDIDATE to LEADER at term 1 for changeToLeader
2019-10-09 23:37:12,305 [211a1bf5-46cf-4998-91a7-9b980b96fb8f@group-815A8C740BB6-LeaderElection2] INFO  ratis.XceiverServerRatis (XceiverServerRatis.java:handleLeaderChangedNotification(702)) - Leader change notification received for group: group-815A8C740BB6 with new leaderId: 211a1bf5-46cf-4998-91a7-9b980b96fb8f
2019-10-09 23:37:12,306 [211a1bf5-46cf-4998-91a7-9b980b96fb8f@group-815A8C740BB6-LeaderElection2] INFO  impl.RaftServerImpl (ServerState.java:setLeader(255)) - 211a1bf5-46cf-4998-91a7-9b980b96fb8f@group-815A8C740BB6: change Leader from null to 211a1bf5-46cf-4998-91a7-9b980b96fb8f at term 1 for becomeLeader, leader elected after 5192ms
2019-10-09 23:37:12,306 [211a1bf5-46cf-4998-91a7-9b980b96fb8f@group-815A8C740BB6-LeaderElection2] INFO  server.RaftServerConfigKeys (ConfUtils.java:logGet(43)) - raft.server.staging.catchup.gap = 1000 (default)
2019-10-09 23:37:12,306 [211a1bf5-46cf-4998-91a7-9b980b96fb8f@group-815A8C740BB6-LeaderElection2] INFO  server.RaftServerConfigKeys (ConfUtils.java:logGet(43)) - raft.server.rpc.sleep.time = 25ms (default)
2019-10-09 23:37:12,306 [211a1bf5-46cf-4998-91a7-9b980b96fb8f@group-815A8C740BB6-LeaderElection2] INFO  server.RaftServerConfigKeys (ConfUtils.java:logGet(43)) - raft.server.write.element-limit = 4096 (default)
2019-10-09 23:37:12,307 [211a1bf5-46cf-4998-91a7-9b980b96fb8f@group-815A8C740BB6-LeaderElection2] INFO  server.RaftServerConfigKeys (ConfUtils.java:logGet(43)) - raft.server.watch.timeout = 10s (default)
2019-10-09 23:37:12,308 [211a1bf5-46cf-4998-91a7-9b980b96fb8f@group-815A8C740BB6-LeaderElection2] INFO  server.RaftServerConfigKeys (ConfUtils.java:logGet(43)) - raft.server.watch.timeout.denomination = 1s (default)
2019-10-09 23:37:12,308 [211a1bf5-46cf-4998-91a7-9b980b96fb8f@group-815A8C740BB6-LeaderElection2] INFO  server.RaftServerConfigKeys (ConfUtils.java:logGet(43)) - raft.server.watch.element-limit = 65536 (default)
2019-10-09 23:37:12,308 [EventQueue-PipelineReportForPipelineReportHandler] INFO  pipeline.PipelineReportHandler (PipelineReportHandler.java:processPipelineReport(119)) - Pipeline PipelineID=aac3ad9f-2295-47f9-b14a-4cf602e98530 reported by 211a1bf5-46cf-4998-91a7-9b980b96fb8f{ip: 192.168.5.166, host: pr-hdds-1868-fg6nx-4263576025, networkLocation: /default-rack, certSerialId: null} with leaderId 
2019-10-09 23:37:12,308 [EventQueue-PipelineReportForPipelineReportHandler] INFO  pipeline.PipelineReportHandler (PipelineReportHandler.java:processPipelineReport(119)) - Pipeline PipelineID=89dabefb-4a2f-4599-a160-815a8c740bb6 reported by 211a1bf5-46cf-4998-91a7-9b980b96fb8f{ip: 192.168.5.166, host: pr-hdds-1868-fg6nx-4263576025, networkLocation: /default-rack, certSerialId: null} with leaderId 211a1bf5-46cf-4998-91a7-9b980b96fb8f
2019-10-09 23:37:12,309 [EventQueue-PipelineReportForPipelineReportHandler] INFO  pipeline.PipelineStateManager (PipelineStateManager.java:openPipeline(136)) - Pipeline Pipeline[ Id: 89dabefb-4a2f-4599-a160-815a8c740bb6, Nodes: 211a1bf5-46cf-4998-91a7-9b980b96fb8f{ip: 192.168.5.166, host: pr-hdds-1868-fg6nx-4263576025, networkLocation: /default-rack, certSerialId: null}, Type:RATIS, Factor:ONE, State:OPEN] moved to OPEN state
2019-10-09 23:37:12,311 [211a1bf5-46cf-4998-91a7-9b980b96fb8f@group-815A8C740BB6-LeaderElection2] INFO  impl.RoleInfo (RoleInfo.java:updateAndGet(143)) - 211a1bf5-46cf-4998-91a7-9b980b96fb8f: start LeaderState
2019-10-09 23:37:12,311 [ada9ac37-0d2d-4ed1-949a-1501e4856cbd@group-79F4CAC7BF42-LeaderElection1] INFO  impl.RaftServerImpl (ServerState.java:setRaftConf(356)) - ada9ac37-0d2d-4ed1-949a-1501e4856cbd@group-79F4CAC7BF42: set configuration 0: [ada9ac37-0d2d-4ed1-949a-1501e4856cbd:192.168.5.166:43569], old=null at 0
2019-10-09 23:37:12,312 [211a1bf5-46cf-4998-91a7-9b980b96fb8f@group-815A8C740BB6-LeaderElection2] INFO  segmented.SegmentedRaftLogWorker (SegmentedRaftLogWorker.java:startLogSegment(385)) - 211a1bf5-46cf-4998-91a7-9b980b96fb8f@group-815A8C740BB6-SegmentedRaftLogWorker: Starting segment from index:0
2019-10-09 23:37:12,312 [211a1bf5-46cf-4998-91a7-9b980b96fb8f@group-815A8C740BB6-LeaderElection2] INFO  impl.RaftServerImpl (ServerState.java:setRaftConf(356)) - 211a1bf5-46cf-4998-91a7-9b980b96fb8f@group-815A8C740BB6: set configuration 0: [211a1bf5-46cf-4998-91a7-9b980b96fb8f:192.168.5.166:44435], old=null at 0
2019-10-09 23:37:12,346 [main] INFO  ozone.MiniOzoneClusterImpl (MiniOzoneClusterImpl.java:lambda$waitForClusterToBeReady$2(164)) - Waiting for 2 number of pipelines out of 4, to report a leader.
2019-10-09 23:37:12,348 [4c233c53-ae5f-411e-8ee1-60d2ce68511d@group-63881E21D4F7-LeaderElection3] INFO  impl.LeaderElection (LeaderElection.java:askForVotes(178)) - 4c233c53-ae5f-411e-8ee1-60d2ce68511d@group-63881E21D4F7-LeaderElection3: begin an election at term 1 for -1: [4c233c53-ae5f-411e-8ee1-60d2ce68511d:192.168.5.166:33335], old=null
2019-10-09 23:37:12,348 [4c233c53-ae5f-411e-8ee1-60d2ce68511d@group-63881E21D4F7-LeaderElection3] INFO  impl.RoleInfo (RoleInfo.java:shutdownLeaderElection(134)) - 4c233c53-ae5f-411e-8ee1-60d2ce68511d: shutdown LeaderElection
2019-10-09 23:37:12,349 [4c233c53-ae5f-411e-8ee1-60d2ce68511d@group-63881E21D4F7-LeaderElection3] INFO  impl.RaftServerImpl (RaftServerImpl.java:setRole(170)) - 4c233c53-ae5f-411e-8ee1-60d2ce68511d@group-63881E21D4F7: changes role from CANDIDATE to LEADER at term 1 for changeToLeader
2019-10-09 23:37:12,349 [4c233c53-ae5f-411e-8ee1-60d2ce68511d@group-63881E21D4F7-LeaderElection3] INFO  ratis.XceiverServerRatis (XceiverServerRatis.java:handleLeaderChangedNotification(702)) - Leader change notification received for group: group-63881E21D4F7 with new leaderId: 4c233c53-ae5f-411e-8ee1-60d2ce68511d
2019-10-09 23:37:12,350 [4c233c53-ae5f-411e-8ee1-60d2ce68511d@group-63881E21D4F7-LeaderElection3] INFO  impl.RaftServerImpl (ServerState.java:setLeader(255)) - 4c233c53-ae5f-411e-8ee1-60d2ce68511d@group-63881E21D4F7: change Leader from null to 4c233c53-ae5f-411e-8ee1-60d2ce68511d at term 1 for becomeLeader, leader elected after 5160ms
2019-10-09 23:37:12,350 [4c233c53-ae5f-411e-8ee1-60d2ce68511d@group-63881E21D4F7-LeaderElection3] INFO  server.RaftServerConfigKeys (ConfUtils.java:logGet(43)) - raft.server.staging.catchup.gap = 1000 (default)
2019-10-09 23:37:12,351 [4c233c53-ae5f-411e-8ee1-60d2ce68511d@group-63881E21D4F7-LeaderElection3] INFO  server.RaftServerConfigKeys (ConfUtils.java:logGet(43)) - raft.server.rpc.sleep.time = 25ms (default)
2019-10-09 23:37:12,351 [4c233c53-ae5f-411e-8ee1-60d2ce68511d@group-63881E21D4F7-LeaderElection3] INFO  server.RaftServerConfigKeys (ConfUtils.java:logGet(43)) - raft.server.write.element-limit = 4096 (default)
2019-10-09 23:37:12,351 [4c233c53-ae5f-411e-8ee1-60d2ce68511d@group-63881E21D4F7-LeaderElection3] INFO  server.RaftServerConfigKeys (ConfUtils.java:logGet(43)) - raft.server.watch.timeout = 10s (default)
2019-10-09 23:37:12,352 [4c233c53-ae5f-411e-8ee1-60d2ce68511d@group-63881E21D4F7-LeaderElection3] INFO  server.RaftServerConfigKeys (ConfUtils.java:logGet(43)) - raft.server.watch.timeout.denomination = 1s (default)
2019-10-09 23:37:12,352 [4c233c53-ae5f-411e-8ee1-60d2ce68511d@group-63881E21D4F7-LeaderElection3] INFO  server.RaftServerConfigKeys (ConfUtils.java:logGet(43)) - raft.server.watch.element-limit = 65536 (default)
2019-10-09 23:37:12,352 [EventQueue-PipelineReportForPipelineReportHandler] INFO  pipeline.PipelineReportHandler (PipelineReportHandler.java:processPipelineReport(119)) - Pipeline PipelineID=aac3ad9f-2295-47f9-b14a-4cf602e98530 reported by 4c233c53-ae5f-411e-8ee1-60d2ce68511d{ip: 192.168.5.166, host: pr-hdds-1868-fg6nx-4263576025, networkLocation: /default-rack, certSerialId: null} with leaderId 
2019-10-09 23:37:12,353 [EventQueue-PipelineReportForPipelineReportHandler] INFO  pipeline.PipelineStateManager (PipelineStateManager.java:openPipeline(136)) - Pipeline Pipeline[ Id: aac3ad9f-2295-47f9-b14a-4cf602e98530, Nodes: ada9ac37-0d2d-4ed1-949a-1501e4856cbd{ip: 192.168.5.166, host: pr-hdds-1868-fg6nx-4263576025, networkLocation: /default-rack, certSerialId: null}4c233c53-ae5f-411e-8ee1-60d2ce68511d{ip: 192.168.5.166, host: pr-hdds-1868-fg6nx-4263576025, networkLocation: /default-rack, certSerialId: null}211a1bf5-46cf-4998-91a7-9b980b96fb8f{ip: 192.168.5.166, host: pr-hdds-1868-fg6nx-4263576025, networkLocation: /default-rack, certSerialId: null}, Type:RATIS, Factor:THREE, State:OPEN] moved to OPEN state
2019-10-09 23:37:12,353 [EventQueue-PipelineReportForPipelineReportHandler] INFO  pipeline.PipelineReportHandler (PipelineReportHandler.java:processPipelineReport(119)) - Pipeline PipelineID=7a837a78-2431-4cb5-9edc-63881e21d4f7 reported by 4c233c53-ae5f-411e-8ee1-60d2ce68511d{ip: 192.168.5.166, host: pr-hdds-1868-fg6nx-4263576025, networkLocation: /default-rack, certSerialId: null} with leaderId 4c233c53-ae5f-411e-8ee1-60d2ce68511d
2019-10-09 23:37:12,353 [EventQueue-PipelineReportForPipelineReportHandler] INFO  pipeline.PipelineStateManager (PipelineStateManager.java:openPipeline(136)) - Pipeline Pipeline[ Id: 7a837a78-2431-4cb5-9edc-63881e21d4f7, Nodes: 4c233c53-ae5f-411e-8ee1-60d2ce68511d{ip: 192.168.5.166, host: pr-hdds-1868-fg6nx-4263576025, networkLocation: /default-rack, certSerialId: null}, Type:RATIS, Factor:ONE, State:OPEN] moved to OPEN state
2019-10-09 23:37:12,354 [4c233c53-ae5f-411e-8ee1-60d2ce68511d@group-63881E21D4F7-LeaderElection3] INFO  impl.RoleInfo (RoleInfo.java:updateAndGet(143)) - 4c233c53-ae5f-411e-8ee1-60d2ce68511d: start LeaderState
2019-10-09 23:37:12,356 [4c233c53-ae5f-411e-8ee1-60d2ce68511d@group-63881E21D4F7-LeaderElection3] INFO  segmented.SegmentedRaftLogWorker (SegmentedRaftLogWorker.java:startLogSegment(385)) - 4c233c53-ae5f-411e-8ee1-60d2ce68511d@group-63881E21D4F7-SegmentedRaftLogWorker: Starting segment from index:0
2019-10-09 23:37:12,356 [4c233c53-ae5f-411e-8ee1-60d2ce68511d@group-63881E21D4F7-LeaderElection3] INFO  impl.RaftServerImpl (ServerState.java:setRaftConf(356)) - 4c233c53-ae5f-411e-8ee1-60d2ce68511d@group-63881E21D4F7: set configuration 0: [4c233c53-ae5f-411e-8ee1-60d2ce68511d:192.168.5.166:33335], old=null at 0
2019-10-09 23:37:12,409 [Thread-217] INFO  impl.FollowerState (FollowerState.java:run(108)) - 211a1bf5-46cf-4998-91a7-9b980b96fb8f@group-4CF602E98530-FollowerState: change to CANDIDATE, lastRpcTime:5075ms, electionTimeout:5075ms
2019-10-09 23:37:12,409 [Thread-217] INFO  impl.RoleInfo (RoleInfo.java:shutdownFollowerState(121)) - 211a1bf5-46cf-4998-91a7-9b980b96fb8f: shutdown FollowerState
2019-10-09 23:37:12,409 [Thread-217] INFO  impl.RaftServerImpl (RaftServerImpl.java:setRole(170)) - 211a1bf5-46cf-4998-91a7-9b980b96fb8f@group-4CF602E98530: changes role from  FOLLOWER to CANDIDATE at term 0 for changeToCandidate
2019-10-09 23:37:12,409 [Thread-217] INFO  impl.RoleInfo (RoleInfo.java:updateAndGet(143)) - 211a1bf5-46cf-4998-91a7-9b980b96fb8f: start LeaderElection
2019-10-09 23:37:12,416 [Thread-218] INFO  impl.FollowerState (FollowerState.java:run(108)) - 4c233c53-ae5f-411e-8ee1-60d2ce68511d@group-4CF602E98530-FollowerState: change to CANDIDATE, lastRpcTime:5082ms, electionTimeout:5082ms
2019-10-09 23:37:12,416 [Thread-218] INFO  impl.RoleInfo (RoleInfo.java:shutdownFollowerState(121)) - 4c233c53-ae5f-411e-8ee1-60d2ce68511d: shutdown FollowerState
2019-10-09 23:37:12,416 [Thread-218] INFO  impl.RaftServerImpl (RaftServerImpl.java:setRole(170)) - 4c233c53-ae5f-411e-8ee1-60d2ce68511d@group-4CF602E98530: changes role from  FOLLOWER to CANDIDATE at term 0 for changeToCandidate
2019-10-09 23:37:12,416 [Thread-218] INFO  impl.RoleInfo (RoleInfo.java:updateAndGet(143)) - 4c233c53-ae5f-411e-8ee1-60d2ce68511d: start LeaderElection
2019-10-09 23:37:12,471 [Thread-216] INFO  impl.FollowerState (FollowerState.java:run(108)) - ada9ac37-0d2d-4ed1-949a-1501e4856cbd@group-4CF602E98530-FollowerState: change to CANDIDATE, lastRpcTime:5140ms, electionTimeout:5140ms
2019-10-09 23:37:12,471 [Thread-216] INFO  impl.RoleInfo (RoleInfo.java:shutdownFollowerState(121)) - ada9ac37-0d2d-4ed1-949a-1501e4856cbd: shutdown FollowerState
2019-10-09 23:37:12,471 [Thread-216] INFO  impl.RaftServerImpl (RaftServerImpl.java:setRole(170)) - ada9ac37-0d2d-4ed1-949a-1501e4856cbd@group-4CF602E98530: changes role from  FOLLOWER to CANDIDATE at term 0 for changeToCandidate
2019-10-09 23:37:12,472 [Thread-216] INFO  impl.RoleInfo (RoleInfo.java:updateAndGet(143)) - ada9ac37-0d2d-4ed1-949a-1501e4856cbd: start LeaderElection
2019-10-09 23:37:12,490 [211a1bf5-46cf-4998-91a7-9b980b96fb8f@group-4CF602E98530-LeaderElection4] INFO  impl.LeaderElection (LeaderElection.java:askForVotes(178)) - 211a1bf5-46cf-4998-91a7-9b980b96fb8f@group-4CF602E98530-LeaderElection4: begin an election at term 1 for -1: [4c233c53-ae5f-411e-8ee1-60d2ce68511d:192.168.5.166:33335, 211a1bf5-46cf-4998-91a7-9b980b96fb8f:192.168.5.166:44435, ada9ac37-0d2d-4ed1-949a-1501e4856cbd:192.168.5.166:43569], old=null
2019-10-09 23:37:12,490 [4c233c53-ae5f-411e-8ee1-60d2ce68511d@group-4CF602E98530-LeaderElection5] INFO  impl.LeaderElection (LeaderElection.java:askForVotes(178)) - 4c233c53-ae5f-411e-8ee1-60d2ce68511d@group-4CF602E98530-LeaderElection5: begin an election at term 1 for -1: [4c233c53-ae5f-411e-8ee1-60d2ce68511d:192.168.5.166:33335, 211a1bf5-46cf-4998-91a7-9b980b96fb8f:192.168.5.166:44435, ada9ac37-0d2d-4ed1-949a-1501e4856cbd:192.168.5.166:43569], old=null
2019-10-09 23:37:12,567 [211a1bf5-46cf-4998-91a7-9b980b96fb8f@group-815A8C740BB6-SegmentedRaftLogWorker] INFO  segmented.SegmentedRaftLogWorker (SegmentedRaftLogWorker.java:execute(576)) - 211a1bf5-46cf-4998-91a7-9b980b96fb8f@group-815A8C740BB6-SegmentedRaftLogWorker: created new log segment /workdir/hadoop-ozone/integration-test/target/test-dir/MiniOzoneClusterImpl-21c45bca-c398-4058-b81d-da98a299d3d6/datanode-0/data/ratis/89dabefb-4a2f-4599-a160-815a8c740bb6/current/log_inprogress_0
2019-10-09 23:37:12,567 [ada9ac37-0d2d-4ed1-949a-1501e4856cbd@group-4CF602E98530-LeaderElection6] INFO  impl.LeaderElection (LeaderElection.java:askForVotes(178)) - ada9ac37-0d2d-4ed1-949a-1501e4856cbd@group-4CF602E98530-LeaderElection6: begin an election at term 1 for -1: [4c233c53-ae5f-411e-8ee1-60d2ce68511d:192.168.5.166:33335, 211a1bf5-46cf-4998-91a7-9b980b96fb8f:192.168.5.166:44435, ada9ac37-0d2d-4ed1-949a-1501e4856cbd:192.168.5.166:43569], old=null
2019-10-09 23:37:12,567 [4c233c53-ae5f-411e-8ee1-60d2ce68511d@group-63881E21D4F7-SegmentedRaftLogWorker] INFO  segmented.SegmentedRaftLogWorker (SegmentedRaftLogWorker.java:execute(576)) - 4c233c53-ae5f-411e-8ee1-60d2ce68511d@group-63881E21D4F7-SegmentedRaftLogWorker: created new log segment /workdir/hadoop-ozone/integration-test/target/test-dir/MiniOzoneClusterImpl-21c45bca-c398-4058-b81d-da98a299d3d6/datanode-2/data/ratis/7a837a78-2431-4cb5-9edc-63881e21d4f7/current/log_inprogress_0
2019-10-09 23:37:12,567 [ada9ac37-0d2d-4ed1-949a-1501e4856cbd@group-79F4CAC7BF42-SegmentedRaftLogWorker] INFO  segmented.SegmentedRaftLogWorker (SegmentedRaftLogWorker.java:execute(576)) - ada9ac37-0d2d-4ed1-949a-1501e4856cbd@group-79F4CAC7BF42-SegmentedRaftLogWorker: created new log segment /workdir/hadoop-ozone/integration-test/target/test-dir/MiniOzoneClusterImpl-21c45bca-c398-4058-b81d-da98a299d3d6/datanode-1/data/ratis/fa4f2e10-bc95-4f34-b07e-79f4cac7bf42/current/log_inprogress_0
2019-10-09 23:37:12,572 [211a1bf5-46cf-4998-91a7-9b980b96fb8f@group-4CF602E98530-LeaderElection4] INFO  impl.LeaderElection (LeaderElection.java:logAndReturn(56)) - 211a1bf5-46cf-4998-91a7-9b980b96fb8f@group-4CF602E98530-LeaderElection4: Election REJECTED; received 2 response(s) [211a1bf5-46cf-4998-91a7-9b980b96fb8f<-4c233c53-ae5f-411e-8ee1-60d2ce68511d#0:FAIL-t1, 211a1bf5-46cf-4998-91a7-9b980b96fb8f<-ada9ac37-0d2d-4ed1-949a-1501e4856cbd#0:FAIL-t1] and 0 exception(s); 211a1bf5-46cf-4998-91a7-9b980b96fb8f@group-4CF602E98530:t1, leader=null, voted=211a1bf5-46cf-4998-91a7-9b980b96fb8f, raftlog=211a1bf5-46cf-4998-91a7-9b980b96fb8f@group-4CF602E98530-SegmentedRaftLog:OPENED:c-1,f-1,i0, conf=-1: [4c233c53-ae5f-411e-8ee1-60d2ce68511d:192.168.5.166:33335, 211a1bf5-46cf-4998-91a7-9b980b96fb8f:192.168.5.166:44435, ada9ac37-0d2d-4ed1-949a-1501e4856cbd:192.168.5.166:43569], old=null
2019-10-09 23:37:12,572 [4c233c53-ae5f-411e-8ee1-60d2ce68511d@group-4CF602E98530-LeaderElection5] INFO  impl.LeaderElection (LeaderElection.java:logAndReturn(56)) - 4c233c53-ae5f-411e-8ee1-60d2ce68511d@group-4CF602E98530-LeaderElection5: Election REJECTED; received 2 response(s) [4c233c53-ae5f-411e-8ee1-60d2ce68511d<-211a1bf5-46cf-4998-91a7-9b980b96fb8f#0:FAIL-t1, 4c233c53-ae5f-411e-8ee1-60d2ce68511d<-ada9ac37-0d2d-4ed1-949a-1501e4856cbd#0:FAIL-t1] and 0 exception(s); 4c233c53-ae5f-411e-8ee1-60d2ce68511d@group-4CF602E98530:t1, leader=null, voted=4c233c53-ae5f-411e-8ee1-60d2ce68511d, raftlog=4c233c53-ae5f-411e-8ee1-60d2ce68511d@group-4CF602E98530-SegmentedRaftLog:OPENED:c-1,f-1,i0, conf=-1: [4c233c53-ae5f-411e-8ee1-60d2ce68511d:192.168.5.166:33335, 211a1bf5-46cf-4998-91a7-9b980b96fb8f:192.168.5.166:44435, ada9ac37-0d2d-4ed1-949a-1501e4856cbd:192.168.5.166:43569], old=null
2019-10-09 23:37:12,575 [211a1bf5-46cf-4998-91a7-9b980b96fb8f@group-4CF602E98530-LeaderElection4] INFO  impl.RaftServerImpl (RaftServerImpl.java:setRole(170)) - 211a1bf5-46cf-4998-91a7-9b980b96fb8f@group-4CF602E98530: changes role from CANDIDATE to FOLLOWER at term 1 for DISCOVERED_A_NEW_TERM
2019-10-09 23:37:12,576 [211a1bf5-46cf-4998-91a7-9b980b96fb8f@group-4CF602E98530-LeaderElection4] INFO  impl.RoleInfo (RoleInfo.java:shutdownLeaderElection(134)) - 211a1bf5-46cf-4998-91a7-9b980b96fb8f: shutdown LeaderElection
2019-10-09 23:37:12,576 [4c233c53-ae5f-411e-8ee1-60d2ce68511d@group-4CF602E98530-LeaderElection5] INFO  impl.RaftServerImpl (RaftServerImpl.java:setRole(170)) - 4c233c53-ae5f-411e-8ee1-60d2ce68511d@group-4CF602E98530: changes role from CANDIDATE to FOLLOWER at term 1 for DISCOVERED_A_NEW_TERM
2019-10-09 23:37:12,577 [211a1bf5-46cf-4998-91a7-9b980b96fb8f@group-4CF602E98530-LeaderElection4] INFO  impl.RoleInfo (RoleInfo.java:updateAndGet(143)) - 211a1bf5-46cf-4998-91a7-9b980b96fb8f: start FollowerState
2019-10-09 23:37:12,577 [4c233c53-ae5f-411e-8ee1-60d2ce68511d@group-4CF602E98530-LeaderElection5] INFO  impl.RoleInfo (RoleInfo.java:shutdownLeaderElection(134)) - 4c233c53-ae5f-411e-8ee1-60d2ce68511d: shutdown LeaderElection
2019-10-09 23:37:12,578 [4c233c53-ae5f-411e-8ee1-60d2ce68511d@group-4CF602E98530-LeaderElection5] INFO  impl.RoleInfo (RoleInfo.java:updateAndGet(143)) - 4c233c53-ae5f-411e-8ee1-60d2ce68511d: start FollowerState
2019-10-09 23:37:12,584 [ada9ac37-0d2d-4ed1-949a-1501e4856cbd@group-4CF602E98530-LeaderElection6] INFO  impl.LeaderElection (LeaderElection.java:logAndReturn(56)) - ada9ac37-0d2d-4ed1-949a-1501e4856cbd@group-4CF602E98530-LeaderElection6: Election REJECTED; received 2 response(s) [ada9ac37-0d2d-4ed1-949a-1501e4856cbd<-4c233c53-ae5f-411e-8ee1-60d2ce68511d#0:FAIL-t1, ada9ac37-0d2d-4ed1-949a-1501e4856cbd<-211a1bf5-46cf-4998-91a7-9b980b96fb8f#0:FAIL-t1] and 0 exception(s); ada9ac37-0d2d-4ed1-949a-1501e4856cbd@group-4CF602E98530:t1, leader=null, voted=ada9ac37-0d2d-4ed1-949a-1501e4856cbd, raftlog=ada9ac37-0d2d-4ed1-949a-1501e4856cbd@group-4CF602E98530-SegmentedRaftLog:OPENED:c-1,f-1,i0, conf=-1: [4c233c53-ae5f-411e-8ee1-60d2ce68511d:192.168.5.166:33335, 211a1bf5-46cf-4998-91a7-9b980b96fb8f:192.168.5.166:44435, ada9ac37-0d2d-4ed1-949a-1501e4856cbd:192.168.5.166:43569], old=null
2019-10-09 23:37:12,584 [ada9ac37-0d2d-4ed1-949a-1501e4856cbd@group-4CF602E98530-LeaderElection6] INFO  impl.RaftServerImpl (RaftServerImpl.java:setRole(170)) - ada9ac37-0d2d-4ed1-949a-1501e4856cbd@group-4CF602E98530: changes role from CANDIDATE to FOLLOWER at term 1 for DISCOVERED_A_NEW_TERM
2019-10-09 23:37:12,585 [ada9ac37-0d2d-4ed1-949a-1501e4856cbd@group-4CF602E98530-LeaderElection6] INFO  impl.RoleInfo (RoleInfo.java:shutdownLeaderElection(134)) - ada9ac37-0d2d-4ed1-949a-1501e4856cbd: shutdown LeaderElection
2019-10-09 23:37:12,585 [ada9ac37-0d2d-4ed1-949a-1501e4856cbd@group-4CF602E98530-LeaderElection6] INFO  impl.RoleInfo (RoleInfo.java:updateAndGet(143)) - ada9ac37-0d2d-4ed1-949a-1501e4856cbd: start FollowerState
2019-10-09 23:37:13,347 [main] INFO  ozone.MiniOzoneClusterImpl (MiniOzoneClusterImpl.java:lambda$waitForClusterToBeReady$2(172)) - Cluster is ready. Got 3 of 3 DN Heartbeats.
2019-10-09 23:37:13,350 [main] INFO  pipeline.SCMPipelineManager (SCMPipelineManager.java:finalizeAndDestroyPipeline(315)) - destroying pipeline:Pipeline[ Id: fa4f2e10-bc95-4f34-b07e-79f4cac7bf42, Nodes: ada9ac37-0d2d-4ed1-949a-1501e4856cbd{ip: 192.168.5.166, host: pr-hdds-1868-fg6nx-4263576025, networkLocation: /default-rack, certSerialId: null}, Type:RATIS, Factor:ONE, State:OPEN]
2019-10-09 23:37:13,351 [main] INFO  pipeline.PipelineStateManager (PipelineStateManager.java:finalizePipeline(123)) - Pipeline Pipeline[ Id: fa4f2e10-bc95-4f34-b07e-79f4cac7bf42, Nodes: ada9ac37-0d2d-4ed1-949a-1501e4856cbd{ip: 192.168.5.166, host: pr-hdds-1868-fg6nx-4263576025, networkLocation: /default-rack, certSerialId: null}, Type:RATIS, Factor:ONE, State:CLOSED] moved to CLOSED state
2019-10-09 23:37:13,360 [grpc-default-executor-0] INFO  impl.RaftServerProxy (RaftServerProxy.java:remove(95)) - ada9ac37-0d2d-4ed1-949a-1501e4856cbd: remove    LEADER ada9ac37-0d2d-4ed1-949a-1501e4856cbd@group-79F4CAC7BF42:t1, leader=ada9ac37-0d2d-4ed1-949a-1501e4856cbd, voted=ada9ac37-0d2d-4ed1-949a-1501e4856cbd, raftlog=ada9ac37-0d2d-4ed1-949a-1501e4856cbd@group-79F4CAC7BF42-SegmentedRaftLog:OPENED:c0,f0,i0, conf=0: [ada9ac37-0d2d-4ed1-949a-1501e4856cbd:192.168.5.166:43569], old=null RUNNING
2019-10-09 23:37:13,361 [grpc-default-executor-0] INFO  impl.RaftServerImpl (RaftServerImpl.java:lambda$shutdown$3(247)) - ada9ac37-0d2d-4ed1-949a-1501e4856cbd@group-79F4CAC7BF42: shutdown
2019-10-09 23:37:13,361 [grpc-default-executor-0] INFO  util.JmxRegister (JmxRegister.java:unregister(73)) - Successfully un-registered JMX Bean with object name Ratis:service=RaftServer,group=group-79F4CAC7BF42,id=ada9ac37-0d2d-4ed1-949a-1501e4856cbd
2019-10-09 23:37:13,361 [grpc-default-executor-0] INFO  impl.RoleInfo (RoleInfo.java:shutdownLeaderState(104)) - ada9ac37-0d2d-4ed1-949a-1501e4856cbd: shutdown LeaderState
2019-10-09 23:37:13,362 [grpc-default-executor-0] INFO  impl.PendingRequests (PendingRequests.java:sendNotLeaderResponses(202)) - ada9ac37-0d2d-4ed1-949a-1501e4856cbd@group-79F4CAC7BF42-PendingRequests: sendNotLeaderResponses
2019-10-09 23:37:13,363 [grpc-default-executor-0] INFO  impl.StateMachineUpdater (StateMachineUpdater.java:stopAndJoin(136)) - ada9ac37-0d2d-4ed1-949a-1501e4856cbd@group-79F4CAC7BF42-StateMachineUpdater: set stopIndex = 0
2019-10-09 23:37:13,366 [grpc-default-executor-0] INFO  impl.RaftServerImpl (ServerState.java:close(387)) - ada9ac37-0d2d-4ed1-949a-1501e4856cbd@group-79F4CAC7BF42: closes. applyIndex: 0
2019-10-09 23:37:13,366 [ada9ac37-0d2d-4ed1-949a-1501e4856cbd@group-79F4CAC7BF42-SegmentedRaftLogWorker] INFO  segmented.SegmentedRaftLogWorker (SegmentedRaftLogWorker.java:run(316)) - ada9ac37-0d2d-4ed1-949a-1501e4856cbd@group-79F4CAC7BF42-SegmentedRaftLogWorker was interrupted, exiting. There are 0 tasks remaining in the queue.
2019-10-09 23:37:13,368 [grpc-default-executor-0] INFO  segmented.SegmentedRaftLogWorker (SegmentedRaftLogWorker.java:close(224)) - ada9ac37-0d2d-4ed1-949a-1501e4856cbd@group-79F4CAC7BF42-SegmentedRaftLogWorker close()
2019-10-09 23:37:13,376 [main] INFO  pipeline.PipelineStateManager (PipelineStateManager.java:removePipeline(108)) - Pipeline Pipeline[ Id: fa4f2e10-bc95-4f34-b07e-79f4cac7bf42, Nodes: ada9ac37-0d2d-4ed1-949a-1501e4856cbd{ip: 192.168.5.166, host: pr-hdds-1868-fg6nx-4263576025, networkLocation: /default-rack, certSerialId: null}, Type:RATIS, Factor:ONE, State:CLOSED] removed from db
2019-10-09 23:37:13,387 [grpc-default-executor-0] INFO  impl.RaftServerProxy (RaftServerProxy.java:addNew(89)) - ada9ac37-0d2d-4ed1-949a-1501e4856cbd: addNew group-53DC41F85A79:[ada9ac37-0d2d-4ed1-949a-1501e4856cbd:192.168.5.166:43569] returns group-53DC41F85A79:java.util.concurrent.CompletableFuture@bf6a91[Not completed]
2019-10-09 23:37:13,389 [pool-37-thread-1] INFO  impl.RaftServerImpl (RaftServerImpl.java:<init>(95)) - ada9ac37-0d2d-4ed1-949a-1501e4856cbd: new RaftServerImpl for group-53DC41F85A79:[ada9ac37-0d2d-4ed1-949a-1501e4856cbd:192.168.5.166:43569] with ContainerStateMachine:uninitialized
2019-10-09 23:37:13,389 [pool-37-thread-1] INFO  server.RaftServerConfigKeys (ConfUtils.java:logGet(43)) - raft.server.rpc.timeout.min = 5s (custom)
2019-10-09 23:37:13,389 [pool-37-thread-1] INFO  server.RaftServerConfigKeys (ConfUtils.java:logGet(43)) - raft.server.rpc.timeout.max = 5200ms (custom)
2019-10-09 23:37:13,389 [pool-37-thread-1] INFO  server.RaftServerConfigKeys (ConfUtils.java:logGet(43)) - raft.server.rpcslowness.timeout = 120s (custom)
2019-10-09 23:37:13,389 [pool-37-thread-1] INFO  server.RaftServerConfigKeys (ConfUtils.java:logGet(43)) - raft.server.sleep.deviation.threshold = 300 (default)
2019-10-09 23:37:13,389 [pool-37-thread-1] INFO  server.RaftServerConfigKeys (ConfUtils.java:logGet(43)) - raft.server.log.appender.install.snapshot.enabled = false (custom)
2019-10-09 23:37:13,390 [pool-37-thread-1] INFO  impl.RaftServerImpl (ServerState.java:<init>(103)) - ada9ac37-0d2d-4ed1-949a-1501e4856cbd@group-53DC41F85A79: ConfigurationManager, init=-1: [ada9ac37-0d2d-4ed1-949a-1501e4856cbd:192.168.5.166:43569], old=null, confs=<EMPTY_MAP>
2019-10-09 23:37:13,390 [pool-37-thread-1] INFO  server.RaftServerConfigKeys (ConfUtils.java:logGet(43)) - raft.server.storage.dir = [/workdir/hadoop-ozone/integration-test/target/test-dir/MiniOzoneClusterImpl-21c45bca-c398-4058-b81d-da98a299d3d6/datanode-1/data/ratis] (custom)
2019-10-09 23:37:13,390 [pool-37-thread-1] INFO  server.RaftServerConfigKeys (ConfUtils.java:logGet(43)) - raft.server.log.corruption.policy = EXCEPTION (default)
2019-10-09 23:37:13,390 [pool-37-thread-1] INFO  storage.RaftStorageDirectory (RaftStorageDirectory.java:analyzeStorage(246)) - The storage directory /workdir/hadoop-ozone/integration-test/target/test-dir/MiniOzoneClusterImpl-21c45bca-c398-4058-b81d-da98a299d3d6/datanode-1/data/ratis/f04ca491-5942-4b6a-9817-53dc41f85a79 does not exist. Creating ...
2019-10-09 23:37:13,490 [pool-37-thread-1] INFO  storage.RaftStorageDirectory (RaftStorageDirectory.java:tryLock(328)) - Lock on /workdir/hadoop-ozone/integration-test/target/test-dir/MiniOzoneClusterImpl-21c45bca-c398-4058-b81d-da98a299d3d6/datanode-1/data/ratis/f04ca491-5942-4b6a-9817-53dc41f85a79/in_use.lock acquired by nodename 1560@pr-hdds-1868-fg6nx-4263576025
2019-10-09 23:37:13,539 [main] INFO  ozone.MiniOzoneClusterImpl (MiniOzoneClusterImpl.java:shutdown(352)) - Shutting down the Mini Ozone Cluster
2019-10-09 23:37:13,540 [main] INFO  ozone.MiniOzoneClusterImpl (MiniOzoneClusterImpl.java:stop(368)) - Stopping the Mini Ozone Cluster
2019-10-09 23:37:13,540 [main] INFO  ozone.MiniOzoneClusterImpl (MiniOzoneClusterImpl.java:stopOM(438)) - Stopping the OzoneManager
2019-10-09 23:37:13,540 [main] INFO  ipc.Server (Server.java:stop(3082)) - Stopping server on 39595
2019-10-09 23:37:13,557 [main] INFO  ratis.OzoneManagerDoubleBuffer (OzoneManagerDoubleBuffer.java:stop(248)) - Stopping OMDoubleBuffer flush thread
2019-10-09 23:37:13,557 [IPC Server Responder] INFO  ipc.Server (Server.java:run(1319)) - Stopping IPC Server Responder
2019-10-09 23:37:13,557 [IPC Server listener on 39595] INFO  ipc.Server (Server.java:run(1185)) - Stopping IPC Server listener on 39595
2019-10-09 23:37:13,557 [OMDoubleBufferFlushThread] INFO  ratis.OzoneManagerDoubleBuffer (OzoneManagerDoubleBuffer.java:flushTransactions(191)) - OMDoubleBuffer flush thread OMDoubleBufferFlushThread is interrupted and will exit. OMDoubleBufferFlushThread
2019-10-09 23:37:13,559 [main] INFO  utils.BackgroundService (BackgroundService.java:shutdown(151)) - Shutting down service KeyDeletingService
2019-10-09 23:37:13,568 [main] INFO  handler.ContextHandler (ContextHandler.java:doStop(910)) - Stopped o.e.j.w.WebAppContext@319854f0{/,null,UNAVAILABLE}{/ozoneManager}
2019-10-09 23:37:13,575 [main] INFO  server.AbstractConnector (AbstractConnector.java:doStop(318)) - Stopped ServerConnector@748fe51d{HTTP/1.1,[http/1.1]}{0.0.0.0:0}
2019-10-09 23:37:13,575 [main] INFO  handler.ContextHandler (ContextHandler.java:doStop(910)) - Stopped o.e.j.s.ServletContextHandler@20ed3303{/static,file:///workdir/hadoop-ozone/integration-test/target/test-classes/webapps/static,UNAVAILABLE}
2019-10-09 23:37:13,576 [main] INFO  handler.ContextHandler (ContextHandler.java:doStop(910)) - Stopped o.e.j.s.ServletContextHandler@1542af63{/logs,file:///workdir/hadoop-ozone/integration-test/target/log,UNAVAILABLE}
2019-10-09 23:37:13,579 [main] INFO  ozone.MiniOzoneClusterImpl (MiniOzoneClusterImpl.java:stopDatanodes(415)) - Stopping the HddsDatanodes
2019-10-09 23:37:13,623 [pool-37-thread-1] INFO  storage.RaftStorage (RaftStorage.java:format(84)) - Storage directory /workdir/hadoop-ozone/integration-test/target/test-dir/MiniOzoneClusterImpl-21c45bca-c398-4058-b81d-da98a299d3d6/datanode-1/data/ratis/f04ca491-5942-4b6a-9817-53dc41f85a79 has been successfully formatted.
2019-10-09 23:37:13,623 [pool-37-thread-1] INFO  ratis.ContainerStateMachine (ContainerStateMachine.java:loadSnapshot(233)) - group-53DC41F85A79: The snapshot info is null. Setting the last applied indexto:(t:0, i:~)
2019-10-09 23:37:13,624 [pool-37-thread-1] INFO  server.RaftServerConfigKeys (ConfUtils.java:logGet(43)) - raft.server.notification.no-leader.timeout = 120s (custom)
2019-10-09 23:37:13,624 [pool-37-thread-1] INFO  server.RaftServerConfigKeys (ConfUtils.java:logGet(43)) - raft.server.log.use.memory = false (default)
2019-10-09 23:37:13,624 [pool-37-thread-1] INFO  server.RaftServerConfigKeys (ConfUtils.java:logGet(43)) - raft.server.log.purge.gap = 1000000 (custom)
2019-10-09 23:37:13,624 [pool-37-thread-1] INFO  server.RaftServerConfigKeys (ConfUtils.java:logGet(43)) - raft.server.log.appender.buffer.byte-limit = 33554432 (custom)
2019-10-09 23:37:13,624 [pool-37-thread-1] INFO  server.RaftServerConfigKeys (ConfUtils.java:logGet(43)) - raft.server.log.segment.size.max = 1048576 (custom)
2019-10-09 23:37:13,624 [pool-37-thread-1] INFO  server.RaftServerConfigKeys (ConfUtils.java:logGet(43)) - raft.server.log.segment.cache.num.max = 2 (custom)
2019-10-09 23:37:13,625 [pool-37-thread-1] INFO  segmented.SegmentedRaftLogWorker (SegmentedRaftLogWorker.java:<init>(173)) - new ada9ac37-0d2d-4ed1-949a-1501e4856cbd@group-53DC41F85A79-SegmentedRaftLogWorker for RaftStorage:Storage Directory /workdir/hadoop-ozone/integration-test/target/test-dir/MiniOzoneClusterImpl-21c45bca-c398-4058-b81d-da98a299d3d6/datanode-1/data/ratis/f04ca491-5942-4b6a-9817-53dc41f85a79
2019-10-09 23:37:13,625 [pool-37-thread-1] INFO  server.RaftServerConfigKeys (ConfUtils.java:logGet(43)) - raft.server.log.queue.byte-limit = 2147483647 (custom)
2019-10-09 23:37:13,625 [pool-37-thread-1] INFO  server.RaftServerConfigKeys (ConfUtils.java:logGet(43)) - raft.server.log.queue.element-limit = 1024 (custom)
2019-10-09 23:37:13,625 [pool-37-thread-1] INFO  server.RaftServerConfigKeys (ConfUtils.java:logGet(43)) - raft.server.log.segment.size.max = 1048576 (custom)
2019-10-09 23:37:13,625 [pool-37-thread-1] INFO  server.RaftServerConfigKeys (ConfUtils.java:logGet(43)) - raft.server.log.preallocated.size = 16384 (custom)
2019-10-09 23:37:13,625 [pool-37-thread-1] INFO  server.RaftServerConfigKeys (ConfUtils.java:logGet(43)) - raft.server.log.write.buffer.size = 33554432 (custom)
2019-10-09 23:37:13,625 [pool-37-thread-1] INFO  server.RaftServerConfigKeys (ConfUtils.java:logGet(43)) - raft.server.log.force.sync.num = 128 (default)
2019-10-09 23:37:13,626 [pool-37-thread-1] INFO  server.RaftServerConfigKeys (ConfUtils.java:logGet(43)) - raft.server.log.statemachine.data.sync = true (default)
2019-10-09 23:37:13,626 [pool-37-thread-1] INFO  server.RaftServerConfigKeys (ConfUtils.java:logGet(43)) - raft.server.log.statemachine.data.sync.timeout = 10s (default)
2019-10-09 23:37:13,626 [pool-37-thread-1] INFO  server.RaftServerConfigKeys (ConfUtils.java:logGet(43)) - raft.server.log.statemachine.data.sync.timeout.retry = -1 (default)
2019-10-09 23:37:13,626 [pool-37-thread-1] INFO  server.RaftServerConfigKeys (ConfUtils.java:logGet(43)) - raft.server.log.statemachine.data.caching.enabled = true (custom)
2019-10-09 23:37:13,627 [pool-37-thread-1] INFO  segmented.SegmentedRaftLogWorker (SegmentedRaftLogWorker.java:lambda$new$0(128)) - ada9ac37-0d2d-4ed1-949a-1501e4856cbd@group-53DC41F85A79-SegmentedRaftLogWorker: flushIndex: setUnconditionally 0 -> -1
2019-10-09 23:37:13,627 [pool-37-thread-1] INFO  server.RaftServerConfigKeys (ConfUtils.java:logGet(43)) - raft.server.snapshot.auto.trigger.enabled = true (custom)
2019-10-09 23:37:13,627 [pool-37-thread-1] INFO  server.RaftServerConfigKeys (ConfUtils.java:logGet(43)) - raft.server.snapshot.auto.trigger.threshold = 10000 (custom)
2019-10-09 23:37:13,627 [pool-37-thread-1] INFO  server.RaftServerConfigKeys (ConfUtils.java:logGet(43)) - raft.server.snapshot.retention.file.num = 5 (custom)
2019-10-09 23:37:13,628 [pool-37-thread-1] INFO  server.RaftServerConfigKeys (ConfUtils.java:logGet(43)) - raft.server.retrycache.expirytime = 600000ms (custom)
2019-10-09 23:37:13,630 [pool-37-thread-1] INFO  impl.RaftServerImpl (RaftServerImpl.java:start(181)) - ada9ac37-0d2d-4ed1-949a-1501e4856cbd@group-53DC41F85A79: start as a follower, conf=-1: [ada9ac37-0d2d-4ed1-949a-1501e4856cbd:192.168.5.166:43569], old=null
2019-10-09 23:37:13,631 [pool-37-thread-1] INFO  impl.RaftServerImpl (RaftServerImpl.java:setRole(170)) - ada9ac37-0d2d-4ed1-949a-1501e4856cbd@group-53DC41F85A79: changes role from      null to FOLLOWER at term 0 for startAsFollower
2019-10-09 23:37:13,631 [pool-37-thread-1] INFO  impl.RoleInfo (RoleInfo.java:updateAndGet(143)) - ada9ac37-0d2d-4ed1-949a-1501e4856cbd: start FollowerState
2019-10-09 23:37:13,631 [pool-37-thread-1] INFO  util.JmxRegister (JmxRegister.java:tryRegister(44)) - Successfully registered JMX Bean with object name Ratis:service=RaftServer,group=group-53DC41F85A79,id=ada9ac37-0d2d-4ed1-949a-1501e4856cbd
2019-10-09 23:37:13,639 [RatisPipelineUtilsThread] INFO  pipeline.PipelineStateManager (PipelineStateManager.java:addPipeline(57)) - Created pipeline Pipeline[ Id: f04ca491-5942-4b6a-9817-53dc41f85a79, Nodes: ada9ac37-0d2d-4ed1-949a-1501e4856cbd{ip: 192.168.5.166, host: pr-hdds-1868-fg6nx-4263576025, networkLocation: /default-rack, certSerialId: null}, Type:RATIS, Factor:ONE, State:ALLOCATED]
2019-10-09 23:37:14,252 [Datanode State Machine Thread - 0] INFO  statemachine.DatanodeStateMachine (DatanodeStateMachine.java:lambda$startDaemon$0(350)) - Ozone container server started.
2019-10-09 23:37:14,307 [Datanode State Machine Thread - 0] INFO  statemachine.DatanodeStateMachine (DatanodeStateMachine.java:lambda$startDaemon$0(350)) - Ozone container server started.
2019-10-09 23:37:17,627 [Thread-238] INFO  impl.FollowerState (FollowerState.java:run(108)) - 4c233c53-ae5f-411e-8ee1-60d2ce68511d@group-4CF602E98530-FollowerState: change to CANDIDATE, lastRpcTime:5049ms, electionTimeout:5048ms
2019-10-09 23:37:17,627 [Thread-238] INFO  impl.RoleInfo (RoleInfo.java:shutdownFollowerState(121)) - 4c233c53-ae5f-411e-8ee1-60d2ce68511d: shutdown FollowerState
2019-10-09 23:37:17,627 [Thread-238] INFO  impl.RaftServerImpl (RaftServerImpl.java:setRole(170)) - 4c233c53-ae5f-411e-8ee1-60d2ce68511d@group-4CF602E98530: changes role from  FOLLOWER to CANDIDATE at term 1 for changeToCandidate
2019-10-09 23:37:17,628 [Thread-238] INFO  impl.RoleInfo (RoleInfo.java:updateAndGet(143)) - 4c233c53-ae5f-411e-8ee1-60d2ce68511d: start LeaderElection
2019-10-09 23:37:17,637 [Thread-239] INFO  impl.FollowerState (FollowerState.java:run(108)) - ada9ac37-0d2d-4ed1-949a-1501e4856cbd@group-4CF602E98530-FollowerState: change to CANDIDATE, lastRpcTime:5051ms, electionTimeout:5048ms
2019-10-09 23:37:17,637 [Thread-239] INFO  impl.RoleInfo (RoleInfo.java:shutdownFollowerState(121)) - ada9ac37-0d2d-4ed1-949a-1501e4856cbd: shutdown FollowerState
2019-10-09 23:37:17,637 [Thread-239] INFO  impl.RaftServerImpl (RaftServerImpl.java:setRole(170)) - ada9ac37-0d2d-4ed1-949a-1501e4856cbd@group-4CF602E98530: changes role from  FOLLOWER to CANDIDATE at term 1 for changeToCandidate
2019-10-09 23:37:17,637 [Thread-239] INFO  impl.RoleInfo (RoleInfo.java:updateAndGet(143)) - ada9ac37-0d2d-4ed1-949a-1501e4856cbd: start LeaderElection
2019-10-09 23:37:17,742 [Thread-237] INFO  impl.FollowerState (FollowerState.java:run(108)) - 211a1bf5-46cf-4998-91a7-9b980b96fb8f@group-4CF602E98530-FollowerState: change to CANDIDATE, lastRpcTime:5165ms, electionTimeout:5164ms
2019-10-09 23:37:17,743 [Thread-237] INFO  impl.RoleInfo (RoleInfo.java:shutdownFollowerState(121)) - 211a1bf5-46cf-4998-91a7-9b980b96fb8f: shutdown FollowerState
2019-10-09 23:37:17,743 [Thread-237] INFO  impl.RaftServerImpl (RaftServerImpl.java:setRole(170)) - 211a1bf5-46cf-4998-91a7-9b980b96fb8f@group-4CF602E98530: changes role from  FOLLOWER to CANDIDATE at term 1 for changeToCandidate
2019-10-09 23:37:17,743 [Thread-237] INFO  impl.RoleInfo (RoleInfo.java:updateAndGet(143)) - 211a1bf5-46cf-4998-91a7-9b980b96fb8f: start LeaderElection
2019-10-09 23:37:18,004 [ada9ac37-0d2d-4ed1-949a-1501e4856cbd@group-4CF602E98530-LeaderElection8] INFO  impl.LeaderElection (LeaderElection.java:askForVotes(178)) - ada9ac37-0d2d-4ed1-949a-1501e4856cbd@group-4CF602E98530-LeaderElection8: begin an election at term 2 for -1: [4c233c53-ae5f-411e-8ee1-60d2ce68511d:192.168.5.166:33335, 211a1bf5-46cf-4998-91a7-9b980b96fb8f:192.168.5.166:44435, ada9ac37-0d2d-4ed1-949a-1501e4856cbd:192.168.5.166:43569], old=null
2019-10-09 23:37:18,004 [4c233c53-ae5f-411e-8ee1-60d2ce68511d@group-4CF602E98530-LeaderElection7] INFO  impl.LeaderElection (LeaderElection.java:askForVotes(178)) - 4c233c53-ae5f-411e-8ee1-60d2ce68511d@group-4CF602E98530-LeaderElection7: begin an election at term 2 for -1: [4c233c53-ae5f-411e-8ee1-60d2ce68511d:192.168.5.166:33335, 211a1bf5-46cf-4998-91a7-9b980b96fb8f:192.168.5.166:44435, ada9ac37-0d2d-4ed1-949a-1501e4856cbd:192.168.5.166:43569], old=null
2019-10-09 23:37:18,069 [211a1bf5-46cf-4998-91a7-9b980b96fb8f@group-4CF602E98530-LeaderElection9] INFO  impl.LeaderElection (LeaderElection.java:askForVotes(178)) - 211a1bf5-46cf-4998-91a7-9b980b96fb8f@group-4CF602E98530-LeaderElection9: begin an election at term 2 for -1: [4c233c53-ae5f-411e-8ee1-60d2ce68511d:192.168.5.166:33335, 211a1bf5-46cf-4998-91a7-9b980b96fb8f:192.168.5.166:44435, ada9ac37-0d2d-4ed1-949a-1501e4856cbd:192.168.5.166:43569], old=null
2019-10-09 23:37:18,071 [4c233c53-ae5f-411e-8ee1-60d2ce68511d@group-4CF602E98530-LeaderElection7] INFO  impl.LeaderElection (LeaderElection.java:logAndReturn(56)) - 4c233c53-ae5f-411e-8ee1-60d2ce68511d@group-4CF602E98530-LeaderElection7: Election REJECTED; received 2 response(s) [4c233c53-ae5f-411e-8ee1-60d2ce68511d<-211a1bf5-46cf-4998-91a7-9b980b96fb8f#0:FAIL-t2, 4c233c53-ae5f-411e-8ee1-60d2ce68511d<-ada9ac37-0d2d-4ed1-949a-1501e4856cbd#0:FAIL-t2] and 0 exception(s); 4c233c53-ae5f-411e-8ee1-60d2ce68511d@group-4CF602E98530:t2, leader=null, voted=4c233c53-ae5f-411e-8ee1-60d2ce68511d, raftlog=4c233c53-ae5f-411e-8ee1-60d2ce68511d@group-4CF602E98530-SegmentedRaftLog:OPENED:c-1,f-1,i0, conf=-1: [4c233c53-ae5f-411e-8ee1-60d2ce68511d:192.168.5.166:33335, 211a1bf5-46cf-4998-91a7-9b980b96fb8f:192.168.5.166:44435, ada9ac37-0d2d-4ed1-949a-1501e4856cbd:192.168.5.166:43569], old=null
2019-10-09 23:37:18,071 [ada9ac37-0d2d-4ed1-949a-1501e4856cbd@group-4CF602E98530-LeaderElection8] INFO  impl.LeaderElection (LeaderElection.java:logAndReturn(56)) - ada9ac37-0d2d-4ed1-949a-1501e4856cbd@group-4CF602E98530-LeaderElection8: Election REJECTED; received 2 response(s) [ada9ac37-0d2d-4ed1-949a-1501e4856cbd<-4c233c53-ae5f-411e-8ee1-60d2ce68511d#0:FAIL-t2, ada9ac37-0d2d-4ed1-949a-1501e4856cbd<-211a1bf5-46cf-4998-91a7-9b980b96fb8f#0:FAIL-t2] and 0 exception(s); ada9ac37-0d2d-4ed1-949a-1501e4856cbd@group-4CF602E98530:t2, leader=null, voted=ada9ac37-0d2d-4ed1-949a-1501e4856cbd, raftlog=ada9ac37-0d2d-4ed1-949a-1501e4856cbd@group-4CF602E98530-SegmentedRaftLog:OPENED:c-1,f-1,i0, conf=-1: [4c233c53-ae5f-411e-8ee1-60d2ce68511d:192.168.5.166:33335, 211a1bf5-46cf-4998-91a7-9b980b96fb8f:192.168.5.166:44435, ada9ac37-0d2d-4ed1-949a-1501e4856cbd:192.168.5.166:43569], old=null
2019-10-09 23:37:18,071 [4c233c53-ae5f-411e-8ee1-60d2ce68511d@group-4CF602E98530-LeaderElection7] INFO  impl.RaftServerImpl (RaftServerImpl.java:setRole(170)) - 4c233c53-ae5f-411e-8ee1-60d2ce68511d@group-4CF602E98530: changes role from CANDIDATE to FOLLOWER at term 2 for DISCOVERED_A_NEW_TERM
2019-10-09 23:37:18,074 [ada9ac37-0d2d-4ed1-949a-1501e4856cbd@group-4CF602E98530-LeaderElection8] INFO  impl.RaftServerImpl (RaftServerImpl.java:setRole(170)) - ada9ac37-0d2d-4ed1-949a-1501e4856cbd@group-4CF602E98530: changes role from CANDIDATE to FOLLOWER at term 2 for DISCOVERED_A_NEW_TERM
2019-10-09 23:37:18,074 [4c233c53-ae5f-411e-8ee1-60d2ce68511d@group-4CF602E98530-LeaderElection7] INFO  impl.RoleInfo (RoleInfo.java:shutdownLeaderElection(134)) - 4c233c53-ae5f-411e-8ee1-60d2ce68511d: shutdown LeaderElection
2019-10-09 23:37:18,075 [ada9ac37-0d2d-4ed1-949a-1501e4856cbd@group-4CF602E98530-LeaderElection8] INFO  impl.RoleInfo (RoleInfo.java:shutdownLeaderElection(134)) - ada9ac37-0d2d-4ed1-949a-1501e4856cbd: shutdown LeaderElection
2019-10-09 23:37:18,077 [ada9ac37-0d2d-4ed1-949a-1501e4856cbd@group-4CF602E98530-LeaderElection8] INFO  impl.RoleInfo (RoleInfo.java:updateAndGet(143)) - ada9ac37-0d2d-4ed1-949a-1501e4856cbd: start FollowerState
2019-10-09 23:37:18,077 [4c233c53-ae5f-411e-8ee1-60d2ce68511d@group-4CF602E98530-LeaderElection7] INFO  impl.RoleInfo (RoleInfo.java:updateAndGet(143)) - 4c233c53-ae5f-411e-8ee1-60d2ce68511d: start FollowerState
2019-10-09 23:37:18,084 [211a1bf5-46cf-4998-91a7-9b980b96fb8f@group-4CF602E98530-LeaderElection9] INFO  impl.LeaderElection (LeaderElection.java:logAndReturn(56)) - 211a1bf5-46cf-4998-91a7-9b980b96fb8f@group-4CF602E98530-LeaderElection9: Election REJECTED; received 2 response(s) [211a1bf5-46cf-4998-91a7-9b980b96fb8f<-4c233c53-ae5f-411e-8ee1-60d2ce68511d#0:FAIL-t2, 211a1bf5-46cf-4998-91a7-9b980b96fb8f<-ada9ac37-0d2d-4ed1-949a-1501e4856cbd#0:FAIL-t2] and 0 exception(s); 211a1bf5-46cf-4998-91a7-9b980b96fb8f@group-4CF602E98530:t2, leader=null, voted=211a1bf5-46cf-4998-91a7-9b980b96fb8f, raftlog=211a1bf5-46cf-4998-91a7-9b980b96fb8f@group-4CF602E98530-SegmentedRaftLog:OPENED:c-1,f-1,i0, conf=-1: [4c233c53-ae5f-411e-8ee1-60d2ce68511d:192.168.5.166:33335, 211a1bf5-46cf-4998-91a7-9b980b96fb8f:192.168.5.166:44435, ada9ac37-0d2d-4ed1-949a-1501e4856cbd:192.168.5.166:43569], old=null
2019-10-09 23:37:18,084 [211a1bf5-46cf-4998-91a7-9b980b96fb8f@group-4CF602E98530-LeaderElection9] INFO  impl.RaftServerImpl (RaftServerImpl.java:setRole(170)) - 211a1bf5-46cf-4998-91a7-9b980b96fb8f@group-4CF602E98530: changes role from CANDIDATE to FOLLOWER at term 2 for DISCOVERED_A_NEW_TERM
2019-10-09 23:37:18,084 [211a1bf5-46cf-4998-91a7-9b980b96fb8f@group-4CF602E98530-LeaderElection9] INFO  impl.RoleInfo (RoleInfo.java:shutdownLeaderElection(134)) - 211a1bf5-46cf-4998-91a7-9b980b96fb8f: shutdown LeaderElection
2019-10-09 23:37:18,085 [211a1bf5-46cf-4998-91a7-9b980b96fb8f@group-4CF602E98530-LeaderElection9] INFO  impl.RoleInfo (RoleInfo.java:updateAndGet(143)) - 211a1bf5-46cf-4998-91a7-9b980b96fb8f: start FollowerState
2019-10-09 23:37:18,583 [ForkJoinPool.commonPool-worker-0] INFO  ozoneimpl.OzoneContainer (OzoneContainer.java:stop(227)) - Attempting to stop container services.
2019-10-09 23:37:18,583 [main] INFO  ozoneimpl.OzoneContainer (OzoneContainer.java:stop(227)) - Attempting to stop container services.
2019-10-09 23:37:18,585 [ForkJoinPool.commonPool-worker-0] INFO  impl.RaftServerProxy (RaftServerProxy.java:lambda$close$4(314)) - 211a1bf5-46cf-4998-91a7-9b980b96fb8f: close
2019-10-09 23:37:18,585 [main] INFO  impl.RaftServerProxy (RaftServerProxy.java:lambda$close$4(314)) - ada9ac37-0d2d-4ed1-949a-1501e4856cbd: close
2019-10-09 23:37:18,587 [main] INFO  impl.RaftServerImpl (RaftServerImpl.java:lambda$shutdown$3(247)) - ada9ac37-0d2d-4ed1-949a-1501e4856cbd@group-4CF602E98530: shutdown
2019-10-09 23:37:18,587 [ForkJoinPool.commonPool-worker-0] INFO  impl.RaftServerImpl (RaftServerImpl.java:lambda$shutdown$3(247)) - 211a1bf5-46cf-4998-91a7-9b980b96fb8f@group-4CF602E98530: shutdown
2019-10-09 23:37:18,587 [main] INFO  util.JmxRegister (JmxRegister.java:unregister(73)) - Successfully un-registered JMX Bean with object name Ratis:service=RaftServer,group=group-4CF602E98530,id=ada9ac37-0d2d-4ed1-949a-1501e4856cbd
2019-10-09 23:37:18,588 [ForkJoinPool.commonPool-worker-0] INFO  util.JmxRegister (JmxRegister.java:unregister(73)) - Successfully un-registered JMX Bean with object name Ratis:service=RaftServer,group=group-4CF602E98530,id=211a1bf5-46cf-4998-91a7-9b980b96fb8f
2019-10-09 23:37:18,588 [main] INFO  impl.RoleInfo (RoleInfo.java:shutdownFollowerState(121)) - ada9ac37-0d2d-4ed1-949a-1501e4856cbd: shutdown FollowerState
2019-10-09 23:37:18,588 [ForkJoinPool.commonPool-worker-0] INFO  impl.RoleInfo (RoleInfo.java:shutdownFollowerState(121)) - 211a1bf5-46cf-4998-91a7-9b980b96fb8f: shutdown FollowerState
2019-10-09 23:37:18,590 [Thread-254] INFO  impl.FollowerState (FollowerState.java:run(117)) - ada9ac37-0d2d-4ed1-949a-1501e4856cbd@group-4CF602E98530-FollowerState was interrupted: java.lang.InterruptedException: sleep interrupted
2019-10-09 23:37:18,589 [main] INFO  impl.StateMachineUpdater (StateMachineUpdater.java:stopAndJoin(136)) - ada9ac37-0d2d-4ed1-949a-1501e4856cbd@group-4CF602E98530-StateMachineUpdater: set stopIndex = -1
2019-10-09 23:37:18,590 [Thread-255] INFO  impl.FollowerState (FollowerState.java:run(117)) - 211a1bf5-46cf-4998-91a7-9b980b96fb8f@group-4CF602E98530-FollowerState was interrupted: java.lang.InterruptedException: sleep interrupted
2019-10-09 23:37:18,590 [ForkJoinPool.commonPool-worker-0] INFO  impl.StateMachineUpdater (StateMachineUpdater.java:stopAndJoin(136)) - 211a1bf5-46cf-4998-91a7-9b980b96fb8f@group-4CF602E98530-StateMachineUpdater: set stopIndex = -1
2019-10-09 23:37:18,591 [main] INFO  impl.RaftServerImpl (ServerState.java:close(387)) - ada9ac37-0d2d-4ed1-949a-1501e4856cbd@group-4CF602E98530: closes. applyIndex: -1
2019-10-09 23:37:18,593 [ForkJoinPool.commonPool-worker-0] INFO  impl.RaftServerImpl (ServerState.java:close(387)) - 211a1bf5-46cf-4998-91a7-9b980b96fb8f@group-4CF602E98530: closes. applyIndex: -1
2019-10-09 23:37:18,593 [ada9ac37-0d2d-4ed1-949a-1501e4856cbd@group-4CF602E98530-SegmentedRaftLogWorker] INFO  segmented.SegmentedRaftLogWorker (SegmentedRaftLogWorker.java:run(316)) - ada9ac37-0d2d-4ed1-949a-1501e4856cbd@group-4CF602E98530-SegmentedRaftLogWorker was interrupted, exiting. There are 0 tasks remaining in the queue.
2019-10-09 23:37:18,593 [211a1bf5-46cf-4998-91a7-9b980b96fb8f@group-4CF602E98530-SegmentedRaftLogWorker] INFO  segmented.SegmentedRaftLogWorker (SegmentedRaftLogWorker.java:run(316)) - 211a1bf5-46cf-4998-91a7-9b980b96fb8f@group-4CF602E98530-SegmentedRaftLogWorker was interrupted, exiting. There are 0 tasks remaining in the queue.
2019-10-09 23:37:18,593 [main] INFO  segmented.SegmentedRaftLogWorker (SegmentedRaftLogWorker.java:close(224)) - ada9ac37-0d2d-4ed1-949a-1501e4856cbd@group-4CF602E98530-SegmentedRaftLogWorker close()
2019-10-09 23:37:18,593 [ForkJoinPool.commonPool-worker-0] INFO  segmented.SegmentedRaftLogWorker (SegmentedRaftLogWorker.java:close(224)) - 211a1bf5-46cf-4998-91a7-9b980b96fb8f@group-4CF602E98530-SegmentedRaftLogWorker close()
2019-10-09 23:37:18,596 [main] INFO  impl.RaftServerImpl (RaftServerImpl.java:lambda$shutdown$3(247)) - ada9ac37-0d2d-4ed1-949a-1501e4856cbd@group-53DC41F85A79: shutdown
2019-10-09 23:37:18,597 [ForkJoinPool.commonPool-worker-0] INFO  impl.RaftServerImpl (RaftServerImpl.java:lambda$shutdown$3(247)) - 211a1bf5-46cf-4998-91a7-9b980b96fb8f@group-815A8C740BB6: shutdown
2019-10-09 23:37:18,598 [main] INFO  util.JmxRegister (JmxRegister.java:unregister(73)) - Successfully un-registered JMX Bean with object name Ratis:service=RaftServer,group=group-53DC41F85A79,id=ada9ac37-0d2d-4ed1-949a-1501e4856cbd
2019-10-09 23:37:18,598 [ForkJoinPool.commonPool-worker-0] INFO  util.JmxRegister (JmxRegister.java:unregister(73)) - Successfully un-registered JMX Bean with object name Ratis:service=RaftServer,group=group-815A8C740BB6,id=211a1bf5-46cf-4998-91a7-9b980b96fb8f
2019-10-09 23:37:18,598 [main] INFO  impl.RoleInfo (RoleInfo.java:shutdownFollowerState(121)) - ada9ac37-0d2d-4ed1-949a-1501e4856cbd: shutdown FollowerState
2019-10-09 23:37:18,599 [ForkJoinPool.commonPool-worker-0] INFO  impl.RoleInfo (RoleInfo.java:shutdownLeaderState(104)) - 211a1bf5-46cf-4998-91a7-9b980b96fb8f: shutdown LeaderState
2019-10-09 23:37:18,599 [Thread-242] INFO  impl.FollowerState (FollowerState.java:run(117)) - ada9ac37-0d2d-4ed1-949a-1501e4856cbd@group-53DC41F85A79-FollowerState was interrupted: java.lang.InterruptedException: sleep interrupted
2019-10-09 23:37:18,599 [main] INFO  impl.StateMachineUpdater (StateMachineUpdater.java:stopAndJoin(136)) - ada9ac37-0d2d-4ed1-949a-1501e4856cbd@group-53DC41F85A79-StateMachineUpdater: set stopIndex = -1
2019-10-09 23:37:18,602 [main] INFO  impl.RaftServerImpl (ServerState.java:close(387)) - ada9ac37-0d2d-4ed1-949a-1501e4856cbd@group-53DC41F85A79: closes. applyIndex: -1
2019-10-09 23:37:18,601 [ForkJoinPool.commonPool-worker-0] INFO  impl.PendingRequests (PendingRequests.java:sendNotLeaderResponses(202)) - 211a1bf5-46cf-4998-91a7-9b980b96fb8f@group-815A8C740BB6-PendingRequests: sendNotLeaderResponses
2019-10-09 23:37:18,602 [ada9ac37-0d2d-4ed1-949a-1501e4856cbd@group-53DC41F85A79-SegmentedRaftLogWorker] INFO  segmented.SegmentedRaftLogWorker (SegmentedRaftLogWorker.java:run(316)) - ada9ac37-0d2d-4ed1-949a-1501e4856cbd@group-53DC41F85A79-SegmentedRaftLogWorker was interrupted, exiting. There are 0 tasks remaining in the queue.
2019-10-09 23:37:18,602 [main] INFO  segmented.SegmentedRaftLogWorker (SegmentedRaftLogWorker.java:close(224)) - ada9ac37-0d2d-4ed1-949a-1501e4856cbd@group-53DC41F85A79-SegmentedRaftLogWorker close()
2019-10-09 23:37:18,602 [ForkJoinPool.commonPool-worker-0] INFO  impl.StateMachineUpdater (StateMachineUpdater.java:stopAndJoin(136)) - 211a1bf5-46cf-4998-91a7-9b980b96fb8f@group-815A8C740BB6-StateMachineUpdater: set stopIndex = 0
2019-10-09 23:37:18,605 [ForkJoinPool.commonPool-worker-0] INFO  impl.RaftServerImpl (ServerState.java:close(387)) - 211a1bf5-46cf-4998-91a7-9b980b96fb8f@group-815A8C740BB6: closes. applyIndex: 0
2019-10-09 23:37:18,606 [211a1bf5-46cf-4998-91a7-9b980b96fb8f@group-815A8C740BB6-SegmentedRaftLogWorker] INFO  segmented.SegmentedRaftLogWorker (SegmentedRaftLogWorker.java:run(316)) - 211a1bf5-46cf-4998-91a7-9b980b96fb8f@group-815A8C740BB6-SegmentedRaftLogWorker was interrupted, exiting. There are 0 tasks remaining in the queue.
2019-10-09 23:37:18,606 [main] INFO  server.GrpcService (GrpcService.java:closeImpl(164)) - ada9ac37-0d2d-4ed1-949a-1501e4856cbd: shutdown server with port 43569 now
2019-10-09 23:37:18,607 [ForkJoinPool.commonPool-worker-0] INFO  segmented.SegmentedRaftLogWorker (SegmentedRaftLogWorker.java:close(224)) - 211a1bf5-46cf-4998-91a7-9b980b96fb8f@group-815A8C740BB6-SegmentedRaftLogWorker close()
2019-10-09 23:37:18,609 [ForkJoinPool.commonPool-worker-0] INFO  server.GrpcService (GrpcService.java:closeImpl(164)) - 211a1bf5-46cf-4998-91a7-9b980b96fb8f: shutdown server with port 44435 now
2019-10-09 23:37:18,616 [ForkJoinPool.commonPool-worker-0] INFO  server.GrpcService (GrpcService.java:closeImpl(172)) - 211a1bf5-46cf-4998-91a7-9b980b96fb8f: shutdown server with port 44435 successfully
2019-10-09 23:37:18,618 [main] INFO  server.GrpcService (GrpcService.java:closeImpl(172)) - ada9ac37-0d2d-4ed1-949a-1501e4856cbd: shutdown server with port 43569 successfully
2019-10-09 23:37:18,624 [refreshUsed-/workdir/hadoop-ozone/integration-test/target/test-dir/MiniOzoneClusterImpl-21c45bca-c398-4058-b81d-da98a299d3d6/datanode-0/data/containers] WARN  fs.CachingGetSpaceUsed (CachingGetSpaceUsed.java:run(183)) - Thread Interrupted waiting to refresh disk information: sleep interrupted
2019-10-09 23:37:18,625 [refreshUsed-/workdir/hadoop-ozone/integration-test/target/test-dir/MiniOzoneClusterImpl-21c45bca-c398-4058-b81d-da98a299d3d6/datanode-1/data/containers] WARN  fs.CachingGetSpaceUsed (CachingGetSpaceUsed.java:run(183)) - Thread Interrupted waiting to refresh disk information: sleep interrupted
2019-10-09 23:37:18,642 [main] INFO  utils.BackgroundService (BackgroundService.java:shutdown(151)) - Shutting down service BlockDeletingService
2019-10-09 23:37:18,643 [ForkJoinPool.commonPool-worker-0] INFO  utils.BackgroundService (BackgroundService.java:shutdown(151)) - Shutting down service BlockDeletingService
2019-10-09 23:37:18,646 [ForkJoinPool.commonPool-worker-0] INFO  statemachine.DatanodeStateMachine (DatanodeStateMachine.java:stopDaemon(395)) - Ozone container server stopped.
2019-10-09 23:37:18,646 [main] INFO  statemachine.DatanodeStateMachine (DatanodeStateMachine.java:stopDaemon(395)) - Ozone container server stopped.
2019-10-09 23:37:18,660 [ForkJoinPool.commonPool-worker-0] INFO  handler.ContextHandler (ContextHandler.java:doStop(910)) - Stopped o.e.j.w.WebAppContext@6981f8f3{/,null,UNAVAILABLE}{/hddsDatanode}
2019-10-09 23:37:18,661 [ForkJoinPool.commonPool-worker-0] INFO  server.AbstractConnector (AbstractConnector.java:doStop(318)) - Stopped ServerConnector@623dcf2a{HTTP/1.1,[http/1.1]}{0.0.0.0:0}
2019-10-09 23:37:18,661 [ForkJoinPool.commonPool-worker-0] INFO  handler.ContextHandler (ContextHandler.java:doStop(910)) - Stopped o.e.j.s.ServletContextHandler@26f46fa6{/static,jar:file:/home/user/.m2/repository/org/apache/hadoop/hadoop-hdds-container-service/0.5.0-SNAPSHOT/hadoop-hdds-container-service-0.5.0-SNAPSHOT.jar!/webapps/static,UNAVAILABLE}
2019-10-09 23:37:18,662 [ForkJoinPool.commonPool-worker-0] INFO  handler.ContextHandler (ContextHandler.java:doStop(910)) - Stopped o.e.j.s.ServletContextHandler@d109c4f{/logs,file:///workdir/hadoop-ozone/integration-test/target/log,UNAVAILABLE}
2019-10-09 23:37:18,665 [main] INFO  handler.ContextHandler (ContextHandler.java:doStop(910)) - Stopped o.e.j.w.WebAppContext@524a076e{/,null,UNAVAILABLE}{/hddsDatanode}
2019-10-09 23:37:18,666 [main] INFO  server.AbstractConnector (AbstractConnector.java:doStop(318)) - Stopped ServerConnector@5b5e7036{HTTP/1.1,[http/1.1]}{0.0.0.0:0}
2019-10-09 23:37:18,666 [main] INFO  handler.ContextHandler (ContextHandler.java:doStop(910)) - Stopped o.e.j.s.ServletContextHandler@3ed7821{/static,jar:file:/home/user/.m2/repository/org/apache/hadoop/hadoop-hdds-container-service/0.5.0-SNAPSHOT/hadoop-hdds-container-service-0.5.0-SNAPSHOT.jar!/webapps/static,UNAVAILABLE}
2019-10-09 23:37:18,667 [main] INFO  handler.ContextHandler (ContextHandler.java:doStop(910)) - Stopped o.e.j.s.ServletContextHandler@12fcc71f{/logs,file:///workdir/hadoop-ozone/integration-test/target/log,UNAVAILABLE}
2019-10-09 23:37:19,351 [Datanode State Machine Thread - 0] INFO  statemachine.DatanodeStateMachine (DatanodeStateMachine.java:lambda$startDaemon$0(350)) - Ozone container server started.
2019-10-09 23:37:23,118 [Thread-253] INFO  impl.FollowerState (FollowerState.java:run(108)) - 4c233c53-ae5f-411e-8ee1-60d2ce68511d@group-4CF602E98530-FollowerState: change to CANDIDATE, lastRpcTime:5040ms, electionTimeout:5038ms
2019-10-09 23:37:23,118 [Thread-253] INFO  impl.RoleInfo (RoleInfo.java:shutdownFollowerState(121)) - 4c233c53-ae5f-411e-8ee1-60d2ce68511d: shutdown FollowerState
2019-10-09 23:37:23,118 [Thread-253] INFO  impl.RaftServerImpl (RaftServerImpl.java:setRole(170)) - 4c233c53-ae5f-411e-8ee1-60d2ce68511d@group-4CF602E98530: changes role from  FOLLOWER to CANDIDATE at term 2 for changeToCandidate
2019-10-09 23:37:23,119 [Thread-253] INFO  impl.RoleInfo (RoleInfo.java:updateAndGet(143)) - 4c233c53-ae5f-411e-8ee1-60d2ce68511d: start LeaderElection
2019-10-09 23:37:23,514 [4c233c53-ae5f-411e-8ee1-60d2ce68511d@group-4CF602E98530-LeaderElection10] INFO  impl.LeaderElection (LeaderElection.java:askForVotes(178)) - 4c233c53-ae5f-411e-8ee1-60d2ce68511d@group-4CF602E98530-LeaderElection10: begin an election at term 3 for -1: [4c233c53-ae5f-411e-8ee1-60d2ce68511d:192.168.5.166:33335, 211a1bf5-46cf-4998-91a7-9b980b96fb8f:192.168.5.166:44435, ada9ac37-0d2d-4ed1-949a-1501e4856cbd:192.168.5.166:43569], old=null
2019-10-09 23:37:23,526 [4c233c53-ae5f-411e-8ee1-60d2ce68511d@group-4CF602E98530-LeaderElection10] INFO  impl.LeaderElection (LogUtils.java:infoOrTrace(149)) - 4c233c53-ae5f-411e-8ee1-60d2ce68511d@group-4CF602E98530-LeaderElection10 got exception when requesting votes: {}
java.util.concurrent.ExecutionException: org.apache.ratis.thirdparty.io.grpc.StatusRuntimeException: UNAVAILABLE: io exception
	at java.util.concurrent.FutureTask.report(FutureTask.java:122)
	at java.util.concurrent.FutureTask.get(FutureTask.java:192)
	at org.apache.ratis.server.impl.LeaderElection.waitForResults(LeaderElection.java:259)
	at org.apache.ratis.server.impl.LeaderElection.askForVotes(LeaderElection.java:197)
	at org.apache.ratis.server.impl.LeaderElection.run(LeaderElection.java:133)
	at java.lang.Thread.run(Thread.java:748)
Caused by: org.apache.ratis.thirdparty.io.grpc.StatusRuntimeException: UNAVAILABLE: io exception
	at org.apache.ratis.thirdparty.io.grpc.stub.ClientCalls.toStatusRuntimeException(ClientCalls.java:233)
	at org.apache.ratis.thirdparty.io.grpc.stub.ClientCalls.getUnchecked(ClientCalls.java:214)
	at org.apache.ratis.thirdparty.io.grpc.stub.ClientCalls.blockingUnaryCall(ClientCalls.java:139)
	at org.apache.ratis.proto.grpc.RaftServerProtocolServiceGrpc$RaftServerProtocolServiceBlockingStub.requestVote(RaftServerProtocolServiceGrpc.java:265)
	at org.apache.ratis.grpc.server.GrpcServerProtocolClient.requestVote(GrpcServerProtocolClient.java:99)
	at org.apache.ratis.grpc.server.GrpcService.requestVote(GrpcService.java:204)
	at org.apache.ratis.server.impl.LeaderElection.lambda$submitRequests$1(LeaderElection.java:234)
	at java.util.concurrent.FutureTask.run(FutureTask.java:266)
	at java.util.concurrent.Executors$RunnableAdapter.call(Executors.java:511)
	at java.util.concurrent.FutureTask.run(FutureTask.java:266)
	at java.util.concurrent.ThreadPoolExecutor.runWorker(ThreadPoolExecutor.java:1149)
	at java.util.concurrent.ThreadPoolExecutor$Worker.run(ThreadPoolExecutor.java:624)
	... 1 more
Caused by: org.apache.ratis.thirdparty.io.netty.channel.AbstractChannel$AnnotatedConnectException: Connection refused: /192.168.5.166:44435
	at sun.nio.ch.SocketChannelImpl.checkConnect(Native Method)
	at sun.nio.ch.SocketChannelImpl.finishConnect(SocketChannelImpl.java:717)
	at org.apache.ratis.thirdparty.io.netty.channel.socket.nio.NioSocketChannel.doFinishConnect(NioSocketChannel.java:327)
	at org.apache.ratis.thirdparty.io.netty.channel.nio.AbstractNioChannel$AbstractNioUnsafe.finishConnect(AbstractNioChannel.java:340)
	at org.apache.ratis.thirdparty.io.netty.channel.nio.NioEventLoop.processSelectedKey(NioEventLoop.java:632)
	at org.apache.ratis.thirdparty.io.netty.channel.nio.NioEventLoop.processSelectedKeysOptimized(NioEventLoop.java:579)
	at org.apache.ratis.thirdparty.io.netty.channel.nio.NioEventLoop.processSelectedKeys(NioEventLoop.java:496)
	at org.apache.ratis.thirdparty.io.netty.channel.nio.NioEventLoop.run(NioEventLoop.java:458)
	at org.apache.ratis.thirdparty.io.netty.util.concurrent.SingleThreadEventExecutor$5.run(SingleThreadEventExecutor.java:897)
	at org.apache.ratis.thirdparty.io.netty.util.concurrent.FastThreadLocalRunnable.run(FastThreadLocalRunnable.java:30)
	... 1 more
Caused by: java.net.ConnectException: Connection refused
	... 11 more
2019-10-09 23:37:23,530 [4c233c53-ae5f-411e-8ee1-60d2ce68511d@group-4CF602E98530-LeaderElection10] INFO  impl.LeaderElection (LogUtils.java:infoOrTrace(149)) - 4c233c53-ae5f-411e-8ee1-60d2ce68511d@group-4CF602E98530-LeaderElection10 got exception when requesting votes: {}
java.util.concurrent.ExecutionException: org.apache.ratis.thirdparty.io.grpc.StatusRuntimeException: UNAVAILABLE: io exception
	at java.util.concurrent.FutureTask.report(FutureTask.java:122)
	at java.util.concurrent.FutureTask.get(FutureTask.java:192)
	at org.apache.ratis.server.impl.LeaderElection.waitForResults(LeaderElection.java:259)
	at org.apache.ratis.server.impl.LeaderElection.askForVotes(LeaderElection.java:197)
	at org.apache.ratis.server.impl.LeaderElection.run(LeaderElection.java:133)
	at java.lang.Thread.run(Thread.java:748)
Caused by: org.apache.ratis.thirdparty.io.grpc.StatusRuntimeException: UNAVAILABLE: io exception
	at org.apache.ratis.thirdparty.io.grpc.stub.ClientCalls.toStatusRuntimeException(ClientCalls.java:233)
	at org.apache.ratis.thirdparty.io.grpc.stub.ClientCalls.getUnchecked(ClientCalls.java:214)
	at org.apache.ratis.thirdparty.io.grpc.stub.ClientCalls.blockingUnaryCall(ClientCalls.java:139)
	at org.apache.ratis.proto.grpc.RaftServerProtocolServiceGrpc$RaftServerProtocolServiceBlockingStub.requestVote(RaftServerProtocolServiceGrpc.java:265)
	at org.apache.ratis.grpc.server.GrpcServerProtocolClient.requestVote(GrpcServerProtocolClient.java:99)
	at org.apache.ratis.grpc.server.GrpcService.requestVote(GrpcService.java:204)
	at org.apache.ratis.server.impl.LeaderElection.lambda$submitRequests$1(LeaderElection.java:234)
	at java.util.concurrent.FutureTask.run(FutureTask.java:266)
	at java.util.concurrent.Executors$RunnableAdapter.call(Executors.java:511)
	at java.util.concurrent.FutureTask.run(FutureTask.java:266)
	at java.util.concurrent.ThreadPoolExecutor.runWorker(ThreadPoolExecutor.java:1149)
	at java.util.concurrent.ThreadPoolExecutor$Worker.run(ThreadPoolExecutor.java:624)
	... 1 more
Caused by: org.apache.ratis.thirdparty.io.netty.channel.AbstractChannel$AnnotatedConnectException: Connection refused: /192.168.5.166:43569
	at sun.nio.ch.SocketChannelImpl.checkConnect(Native Method)
	at sun.nio.ch.SocketChannelImpl.finishConnect(SocketChannelImpl.java:717)
	at org.apache.ratis.thirdparty.io.netty.channel.socket.nio.NioSocketChannel.doFinishConnect(NioSocketChannel.java:327)
	at org.apache.ratis.thirdparty.io.netty.channel.nio.AbstractNioChannel$AbstractNioUnsafe.finishConnect(AbstractNioChannel.java:340)
	at org.apache.ratis.thirdparty.io.netty.channel.nio.NioEventLoop.processSelectedKey(NioEventLoop.java:632)
	at org.apache.ratis.thirdparty.io.netty.channel.nio.NioEventLoop.processSelectedKeysOptimized(NioEventLoop.java:579)
	at org.apache.ratis.thirdparty.io.netty.channel.nio.NioEventLoop.processSelectedKeys(NioEventLoop.java:496)
	at org.apache.ratis.thirdparty.io.netty.channel.nio.NioEventLoop.run(NioEventLoop.java:458)
	at org.apache.ratis.thirdparty.io.netty.util.concurrent.SingleThreadEventExecutor$5.run(SingleThreadEventExecutor.java:897)
	at org.apache.ratis.thirdparty.io.netty.util.concurrent.FastThreadLocalRunnable.run(FastThreadLocalRunnable.java:30)
	... 1 more
Caused by: java.net.ConnectException: Connection refused
	... 11 more
2019-10-09 23:37:23,531 [4c233c53-ae5f-411e-8ee1-60d2ce68511d@group-4CF602E98530-LeaderElection10] INFO  impl.LeaderElection (LeaderElection.java:logAndReturn(56)) - 4c233c53-ae5f-411e-8ee1-60d2ce68511d@group-4CF602E98530-LeaderElection10: Election REJECTED; received 0 response(s) [] and 2 exception(s); 4c233c53-ae5f-411e-8ee1-60d2ce68511d@group-4CF602E98530:t3, leader=null, voted=4c233c53-ae5f-411e-8ee1-60d2ce68511d, raftlog=4c233c53-ae5f-411e-8ee1-60d2ce68511d@group-4CF602E98530-SegmentedRaftLog:OPENED:c-1,f-1,i0, conf=-1: [4c233c53-ae5f-411e-8ee1-60d2ce68511d:192.168.5.166:33335, 211a1bf5-46cf-4998-91a7-9b980b96fb8f:192.168.5.166:44435, ada9ac37-0d2d-4ed1-949a-1501e4856cbd:192.168.5.166:43569], old=null
2019-10-09 23:37:23,531 [4c233c53-ae5f-411e-8ee1-60d2ce68511d@group-4CF602E98530-LeaderElection10] INFO  impl.LeaderElection (LogUtils.java:infoOrTrace(149)) -   Exception 0: {}
java.util.concurrent.ExecutionException: org.apache.ratis.thirdparty.io.grpc.StatusRuntimeException: UNAVAILABLE: io exception
	at java.util.concurrent.FutureTask.report(FutureTask.java:122)
	at java.util.concurrent.FutureTask.get(FutureTask.java:192)
	at org.apache.ratis.server.impl.LeaderElection.waitForResults(LeaderElection.java:259)
	at org.apache.ratis.server.impl.LeaderElection.askForVotes(LeaderElection.java:197)
	at org.apache.ratis.server.impl.LeaderElection.run(LeaderElection.java:133)
	at java.lang.Thread.run(Thread.java:748)
Caused by: org.apache.ratis.thirdparty.io.grpc.StatusRuntimeException: UNAVAILABLE: io exception
	at org.apache.ratis.thirdparty.io.grpc.stub.ClientCalls.toStatusRuntimeException(ClientCalls.java:233)
	at org.apache.ratis.thirdparty.io.grpc.stub.ClientCalls.getUnchecked(ClientCalls.java:214)
	at org.apache.ratis.thirdparty.io.grpc.stub.ClientCalls.blockingUnaryCall(ClientCalls.java:139)
	at org.apache.ratis.proto.grpc.RaftServerProtocolServiceGrpc$RaftServerProtocolServiceBlockingStub.requestVote(RaftServerProtocolServiceGrpc.java:265)
	at org.apache.ratis.grpc.server.GrpcServerProtocolClient.requestVote(GrpcServerProtocolClient.java:99)
	at org.apache.ratis.grpc.server.GrpcService.requestVote(GrpcService.java:204)
	at org.apache.ratis.server.impl.LeaderElection.lambda$submitRequests$1(LeaderElection.java:234)
	at java.util.concurrent.FutureTask.run(FutureTask.java:266)
	at java.util.concurrent.Executors$RunnableAdapter.call(Executors.java:511)
	at java.util.concurrent.FutureTask.run(FutureTask.java:266)
	at java.util.concurrent.ThreadPoolExecutor.runWorker(ThreadPoolExecutor.java:1149)
	at java.util.concurrent.ThreadPoolExecutor$Worker.run(ThreadPoolExecutor.java:624)
	... 1 more
Caused by: org.apache.ratis.thirdparty.io.netty.channel.AbstractChannel$AnnotatedConnectException: Connection refused: /192.168.5.166:44435
	at sun.nio.ch.SocketChannelImpl.checkConnect(Native Method)
	at sun.nio.ch.SocketChannelImpl.finishConnect(SocketChannelImpl.java:717)
	at org.apache.ratis.thirdparty.io.netty.channel.socket.nio.NioSocketChannel.doFinishConnect(NioSocketChannel.java:327)
	at org.apache.ratis.thirdparty.io.netty.channel.nio.AbstractNioChannel$AbstractNioUnsafe.finishConnect(AbstractNioChannel.java:340)
	at org.apache.ratis.thirdparty.io.netty.channel.nio.NioEventLoop.processSelectedKey(NioEventLoop.java:632)
	at org.apache.ratis.thirdparty.io.netty.channel.nio.NioEventLoop.processSelectedKeysOptimized(NioEventLoop.java:579)
	at org.apache.ratis.thirdparty.io.netty.channel.nio.NioEventLoop.processSelectedKeys(NioEventLoop.java:496)
	at org.apache.ratis.thirdparty.io.netty.channel.nio.NioEventLoop.run(NioEventLoop.java:458)
	at org.apache.ratis.thirdparty.io.netty.util.concurrent.SingleThreadEventExecutor$5.run(SingleThreadEventExecutor.java:897)
	at org.apache.ratis.thirdparty.io.netty.util.concurrent.FastThreadLocalRunnable.run(FastThreadLocalRunnable.java:30)
	... 1 more
Caused by: java.net.ConnectException: Connection refused
	... 11 more
2019-10-09 23:37:23,531 [4c233c53-ae5f-411e-8ee1-60d2ce68511d@group-4CF602E98530-LeaderElection10] INFO  impl.LeaderElection (LogUtils.java:infoOrTrace(149)) -   Exception 1: {}
java.util.concurrent.ExecutionException: org.apache.ratis.thirdparty.io.grpc.StatusRuntimeException: UNAVAILABLE: io exception
	at java.util.concurrent.FutureTask.report(FutureTask.java:122)
	at java.util.concurrent.FutureTask.get(FutureTask.java:192)
	at org.apache.ratis.server.impl.LeaderElection.waitForResults(LeaderElection.java:259)
	at org.apache.ratis.server.impl.LeaderElection.askForVotes(LeaderElection.java:197)
	at org.apache.ratis.server.impl.LeaderElection.run(LeaderElection.java:133)
	at java.lang.Thread.run(Thread.java:748)
Caused by: org.apache.ratis.thirdparty.io.grpc.StatusRuntimeException: UNAVAILABLE: io exception
	at org.apache.ratis.thirdparty.io.grpc.stub.ClientCalls.toStatusRuntimeException(ClientCalls.java:233)
	at org.apache.ratis.thirdparty.io.grpc.stub.ClientCalls.getUnchecked(ClientCalls.java:214)
	at org.apache.ratis.thirdparty.io.grpc.stub.ClientCalls.blockingUnaryCall(ClientCalls.java:139)
	at org.apache.ratis.proto.grpc.RaftServerProtocolServiceGrpc$RaftServerProtocolServiceBlockingStub.requestVote(RaftServerProtocolServiceGrpc.java:265)
	at org.apache.ratis.grpc.server.GrpcServerProtocolClient.requestVote(GrpcServerProtocolClient.java:99)
	at org.apache.ratis.grpc.server.GrpcService.requestVote(GrpcService.java:204)
	at org.apache.ratis.server.impl.LeaderElection.lambda$submitRequests$1(LeaderElection.java:234)
	at java.util.concurrent.FutureTask.run(FutureTask.java:266)
	at java.util.concurrent.Executors$RunnableAdapter.call(Executors.java:511)
	at java.util.concurrent.FutureTask.run(FutureTask.java:266)
	at java.util.concurrent.ThreadPoolExecutor.runWorker(ThreadPoolExecutor.java:1149)
	at java.util.concurrent.ThreadPoolExecutor$Worker.run(ThreadPoolExecutor.java:624)
	... 1 more
Caused by: org.apache.ratis.thirdparty.io.netty.channel.AbstractChannel$AnnotatedConnectException: Connection refused: /192.168.5.166:43569
	at sun.nio.ch.SocketChannelImpl.checkConnect(Native Method)
	at sun.nio.ch.SocketChannelImpl.finishConnect(SocketChannelImpl.java:717)
	at org.apache.ratis.thirdparty.io.netty.channel.socket.nio.NioSocketChannel.doFinishConnect(NioSocketChannel.java:327)
	at org.apache.ratis.thirdparty.io.netty.channel.nio.AbstractNioChannel$AbstractNioUnsafe.finishConnect(AbstractNioChannel.java:340)
	at org.apache.ratis.thirdparty.io.netty.channel.nio.NioEventLoop.processSelectedKey(NioEventLoop.java:632)
	at org.apache.ratis.thirdparty.io.netty.channel.nio.NioEventLoop.processSelectedKeysOptimized(NioEventLoop.java:579)
	at org.apache.ratis.thirdparty.io.netty.channel.nio.NioEventLoop.processSelectedKeys(NioEventLoop.java:496)
	at org.apache.ratis.thirdparty.io.netty.channel.nio.NioEventLoop.run(NioEventLoop.java:458)
	at org.apache.ratis.thirdparty.io.netty.util.concurrent.SingleThreadEventExecutor$5.run(SingleThreadEventExecutor.java:897)
	at org.apache.ratis.thirdparty.io.netty.util.concurrent.FastThreadLocalRunnable.run(FastThreadLocalRunnable.java:30)
	... 1 more
Caused by: java.net.ConnectException: Connection refused
	... 11 more
2019-10-09 23:37:23,533 [4c233c53-ae5f-411e-8ee1-60d2ce68511d@group-4CF602E98530-LeaderElection10] INFO  impl.RaftServerImpl (RaftServerImpl.java:setRole(170)) - 4c233c53-ae5f-411e-8ee1-60d2ce68511d@group-4CF602E98530: changes role from CANDIDATE to FOLLOWER at term 3 for DISCOVERED_A_NEW_TERM
2019-10-09 23:37:23,533 [4c233c53-ae5f-411e-8ee1-60d2ce68511d@group-4CF602E98530-LeaderElection10] INFO  impl.RoleInfo (RoleInfo.java:shutdownLeaderElection(134)) - 4c233c53-ae5f-411e-8ee1-60d2ce68511d: shutdown LeaderElection
2019-10-09 23:37:23,533 [4c233c53-ae5f-411e-8ee1-60d2ce68511d@group-4CF602E98530-LeaderElection10] INFO  impl.RoleInfo (RoleInfo.java:updateAndGet(143)) - 4c233c53-ae5f-411e-8ee1-60d2ce68511d: start FollowerState
2019-10-09 23:37:23,664 [ForkJoinPool.commonPool-worker-0] INFO  ozoneimpl.OzoneContainer (OzoneContainer.java:stop(227)) - Attempting to stop container services.
2019-10-09 23:37:23,665 [ForkJoinPool.commonPool-worker-0] INFO  impl.RaftServerProxy (RaftServerProxy.java:lambda$close$4(314)) - 4c233c53-ae5f-411e-8ee1-60d2ce68511d: close
2019-10-09 23:37:23,666 [ForkJoinPool.commonPool-worker-0] INFO  impl.RaftServerImpl (RaftServerImpl.java:lambda$shutdown$3(247)) - 4c233c53-ae5f-411e-8ee1-60d2ce68511d@group-4CF602E98530: shutdown
2019-10-09 23:37:23,666 [ForkJoinPool.commonPool-worker-0] INFO  util.JmxRegister (JmxRegister.java:unregister(73)) - Successfully un-registered JMX Bean with object name Ratis:service=RaftServer,group=group-4CF602E98530,id=4c233c53-ae5f-411e-8ee1-60d2ce68511d
2019-10-09 23:37:23,666 [ForkJoinPool.commonPool-worker-0] INFO  impl.RoleInfo (RoleInfo.java:shutdownFollowerState(121)) - 4c233c53-ae5f-411e-8ee1-60d2ce68511d: shutdown FollowerState
2019-10-09 23:37:23,667 [ForkJoinPool.commonPool-worker-0] INFO  impl.StateMachineUpdater (StateMachineUpdater.java:stopAndJoin(136)) - 4c233c53-ae5f-411e-8ee1-60d2ce68511d@group-4CF602E98530-StateMachineUpdater: set stopIndex = -1
2019-10-09 23:37:23,667 [Thread-259] INFO  impl.FollowerState (FollowerState.java:run(117)) - 4c233c53-ae5f-411e-8ee1-60d2ce68511d@group-4CF602E98530-FollowerState was interrupted: java.lang.InterruptedException: sleep interrupted
2019-10-09 23:37:23,667 [ForkJoinPool.commonPool-worker-0] INFO  impl.RaftServerImpl (ServerState.java:close(387)) - 4c233c53-ae5f-411e-8ee1-60d2ce68511d@group-4CF602E98530: closes. applyIndex: -1
2019-10-09 23:37:23,670 [4c233c53-ae5f-411e-8ee1-60d2ce68511d@group-4CF602E98530-SegmentedRaftLogWorker] INFO  segmented.SegmentedRaftLogWorker (SegmentedRaftLogWorker.java:run(316)) - 4c233c53-ae5f-411e-8ee1-60d2ce68511d@group-4CF602E98530-SegmentedRaftLogWorker was interrupted, exiting. There are 0 tasks remaining in the queue.
2019-10-09 23:37:23,670 [ForkJoinPool.commonPool-worker-0] INFO  segmented.SegmentedRaftLogWorker (SegmentedRaftLogWorker.java:close(224)) - 4c233c53-ae5f-411e-8ee1-60d2ce68511d@group-4CF602E98530-SegmentedRaftLogWorker close()
2019-10-09 23:37:23,671 [ForkJoinPool.commonPool-worker-0] INFO  impl.RaftServerImpl (RaftServerImpl.java:lambda$shutdown$3(247)) - 4c233c53-ae5f-411e-8ee1-60d2ce68511d@group-63881E21D4F7: shutdown
2019-10-09 23:37:23,671 [ForkJoinPool.commonPool-worker-0] INFO  util.JmxRegister (JmxRegister.java:unregister(73)) - Successfully un-registered JMX Bean with object name Ratis:service=RaftServer,group=group-63881E21D4F7,id=4c233c53-ae5f-411e-8ee1-60d2ce68511d
2019-10-09 23:37:23,672 [ForkJoinPool.commonPool-worker-0] INFO  impl.RoleInfo (RoleInfo.java:shutdownLeaderState(104)) - 4c233c53-ae5f-411e-8ee1-60d2ce68511d: shutdown LeaderState
2019-10-09 23:37:23,672 [ForkJoinPool.commonPool-worker-0] INFO  impl.PendingRequests (PendingRequests.java:sendNotLeaderResponses(202)) - 4c233c53-ae5f-411e-8ee1-60d2ce68511d@group-63881E21D4F7-PendingRequests: sendNotLeaderResponses
2019-10-09 23:37:23,672 [ForkJoinPool.commonPool-worker-0] INFO  impl.StateMachineUpdater (StateMachineUpdater.java:stopAndJoin(136)) - 4c233c53-ae5f-411e-8ee1-60d2ce68511d@group-63881E21D4F7-StateMachineUpdater: set stopIndex = 0
2019-10-09 23:37:23,673 [ForkJoinPool.commonPool-worker-0] INFO  impl.RaftServerImpl (ServerState.java:close(387)) - 4c233c53-ae5f-411e-8ee1-60d2ce68511d@group-63881E21D4F7: closes. applyIndex: 0
2019-10-09 23:37:23,674 [4c233c53-ae5f-411e-8ee1-60d2ce68511d@group-63881E21D4F7-SegmentedRaftLogWorker] INFO  segmented.SegmentedRaftLogWorker (SegmentedRaftLogWorker.java:run(316)) - 4c233c53-ae5f-411e-8ee1-60d2ce68511d@group-63881E21D4F7-SegmentedRaftLogWorker was interrupted, exiting. There are 0 tasks remaining in the queue.
2019-10-09 23:37:23,675 [ForkJoinPool.commonPool-worker-0] INFO  segmented.SegmentedRaftLogWorker (SegmentedRaftLogWorker.java:close(224)) - 4c233c53-ae5f-411e-8ee1-60d2ce68511d@group-63881E21D4F7-SegmentedRaftLogWorker close()
2019-10-09 23:37:23,676 [ForkJoinPool.commonPool-worker-0] INFO  server.GrpcService (GrpcService.java:closeImpl(164)) - 4c233c53-ae5f-411e-8ee1-60d2ce68511d: shutdown server with port 33335 now
2019-10-09 23:37:23,677 [ForkJoinPool.commonPool-worker-0] INFO  server.GrpcService (GrpcService.java:closeImpl(172)) - 4c233c53-ae5f-411e-8ee1-60d2ce68511d: shutdown server with port 33335 successfully
2019-10-09 23:37:23,680 [refreshUsed-/workdir/hadoop-ozone/integration-test/target/test-dir/MiniOzoneClusterImpl-21c45bca-c398-4058-b81d-da98a299d3d6/datanode-2/data/containers] WARN  fs.CachingGetSpaceUsed (CachingGetSpaceUsed.java:run(183)) - Thread Interrupted waiting to refresh disk information: sleep interrupted
2019-10-09 23:37:23,694 [ForkJoinPool.commonPool-worker-0] INFO  utils.BackgroundService (BackgroundService.java:shutdown(151)) - Shutting down service BlockDeletingService
2019-10-09 23:37:23,696 [ForkJoinPool.commonPool-worker-0] INFO  statemachine.DatanodeStateMachine (DatanodeStateMachine.java:stopDaemon(395)) - Ozone container server stopped.
2019-10-09 23:37:23,698 [ForkJoinPool.commonPool-worker-0] INFO  handler.ContextHandler (ContextHandler.java:doStop(910)) - Stopped o.e.j.w.WebAppContext@6342d610{/,null,UNAVAILABLE}{/hddsDatanode}
2019-10-09 23:37:23,699 [ForkJoinPool.commonPool-worker-0] INFO  server.AbstractConnector (AbstractConnector.java:doStop(318)) - Stopped ServerConnector@dc4a691{HTTP/1.1,[http/1.1]}{0.0.0.0:0}
2019-10-09 23:37:23,699 [ForkJoinPool.commonPool-worker-0] INFO  handler.ContextHandler (ContextHandler.java:doStop(910)) - Stopped o.e.j.s.ServletContextHandler@5a6d30e2{/static,jar:file:/home/user/.m2/repository/org/apache/hadoop/hadoop-hdds-container-service/0.5.0-SNAPSHOT/hadoop-hdds-container-service-0.5.0-SNAPSHOT.jar!/webapps/static,UNAVAILABLE}
2019-10-09 23:37:23,700 [ForkJoinPool.commonPool-worker-0] INFO  handler.ContextHandler (ContextHandler.java:doStop(910)) - Stopped o.e.j.s.ServletContextHandler@1cd3b138{/logs,file:///workdir/hadoop-ozone/integration-test/target/log,UNAVAILABLE}
2019-10-09 23:37:23,700 [main] INFO  ozone.MiniOzoneClusterImpl (MiniOzoneClusterImpl.java:stopSCM(430)) - Stopping the StorageContainerManager
2019-10-09 23:37:23,700 [main] INFO  server.StorageContainerManager (StorageContainerManager.java:stop(810)) - Stopping Replication Manager Service.
2019-10-09 23:37:23,701 [main] INFO  container.ReplicationManager (ReplicationManager.java:stop(203)) - Stopping Replication Monitor Thread.
2019-10-09 23:37:23,701 [main] INFO  server.StorageContainerManager (StorageContainerManager.java:stop(817)) - Stopping Lease Manager of the command watchers
2019-10-09 23:37:23,701 [main] INFO  server.StorageContainerManager (StorageContainerManager.java:stop(824)) - Stopping datanode service RPC server
2019-10-09 23:37:23,701 [main] INFO  server.SCMDatanodeProtocolServer (SCMDatanodeProtocolServer.java:stop(346)) - Stopping the RPC server for DataNodes
2019-10-09 23:37:23,701 [main] INFO  ipc.Server (Server.java:stop(3082)) - Stopping server on 38098
2019-10-09 23:37:23,702 [IPC Server listener on 38098] INFO  ipc.Server (Server.java:run(1185)) - Stopping IPC Server listener on 38098
2019-10-09 23:37:23,703 [IPC Server Responder] INFO  ipc.Server (Server.java:run(1319)) - Stopping IPC Server Responder
2019-10-09 23:37:23,722 [SCM Heartbeat Processing Thread - 0] WARN  node.NodeStateManager (NodeStateManager.java:scheduleNextHealthCheck(646)) - Current Thread is interrupted, shutting down HB processing thread for Node Manager.
2019-10-09 23:37:23,722 [main] INFO  server.StorageContainerManager (StorageContainerManager.java:stop(832)) - Stopping block service RPC server
2019-10-09 23:37:23,723 [main] INFO  server.SCMBlockProtocolServer (SCMBlockProtocolServer.java:stop(155)) - Stopping the RPC server for Block Protocol
2019-10-09 23:37:23,723 [main] INFO  ipc.Server (Server.java:stop(3082)) - Stopping server on 32873
2019-10-09 23:37:23,723 [IPC Server listener on 32873] INFO  ipc.Server (Server.java:run(1185)) - Stopping IPC Server listener on 32873
2019-10-09 23:37:23,724 [main] INFO  server.StorageContainerManager (StorageContainerManager.java:stop(839)) - Stopping the StorageContainerLocationProtocol RPC server
2019-10-09 23:37:23,724 [IPC Server Responder] INFO  ipc.Server (Server.java:run(1319)) - Stopping IPC Server Responder
2019-10-09 23:37:23,724 [main] INFO  server.SCMClientProtocolServer (SCMClientProtocolServer.java:stop(168)) - Stopping the RPC server for Client Protocol
2019-10-09 23:37:23,724 [main] INFO  ipc.Server (Server.java:stop(3082)) - Stopping server on 43956
2019-10-09 23:37:23,725 [IPC Server listener on 43956] INFO  ipc.Server (Server.java:run(1185)) - Stopping IPC Server listener on 43956
2019-10-09 23:37:23,725 [main] INFO  server.StorageContainerManager (StorageContainerManager.java:stop(846)) - Stopping Storage Container Manager HTTP server.
2019-10-09 23:37:23,726 [IPC Server Responder] INFO  ipc.Server (Server.java:run(1319)) - Stopping IPC Server Responder
2019-10-09 23:37:23,726 [main] INFO  handler.ContextHandler (ContextHandler.java:doStop(910)) - Stopped o.e.j.w.WebAppContext@3d6300e8{/,null,UNAVAILABLE}{/scm}
2019-10-09 23:37:23,726 [main] INFO  server.AbstractConnector (AbstractConnector.java:doStop(318)) - Stopped ServerConnector@3af4e0bf{HTTP/1.1,[http/1.1]}{0.0.0.0:0}
2019-10-09 23:37:23,727 [main] INFO  handler.ContextHandler (ContextHandler.java:doStop(910)) - Stopped o.e.j.s.ServletContextHandler@42f8285e{/static,file:///workdir/hadoop-ozone/integration-test/target/test-classes/webapps/static,UNAVAILABLE}
2019-10-09 23:37:23,727 [main] INFO  handler.ContextHandler (ContextHandler.java:doStop(910)) - Stopped o.e.j.s.ServletContextHandler@65fe9e33{/logs,file:///workdir/hadoop-ozone/integration-test/target/log,UNAVAILABLE}
2019-10-09 23:37:23,727 [main] INFO  server.StorageContainerManager (StorageContainerManager.java:stop(857)) - Stopping Block Manager Service.
2019-10-09 23:37:23,728 [main] INFO  utils.BackgroundService (BackgroundService.java:shutdown(151)) - Shutting down service SCMBlockDeletingService
2019-10-09 23:37:23,728 [main] INFO  utils.BackgroundService (BackgroundService.java:shutdown(151)) - Shutting down service SCMBlockDeletingService
2019-10-09 23:37:23,728 [main] INFO  server.StorageContainerManager (StorageContainerManager.java:stop(879)) - Stopping SCM Event Queue.
2019-10-09 23:37:23,733 [main] INFO  impl.MetricsSystemImpl (MetricsSystemImpl.java:stop(210)) - Stopping ratis metrics system...
2019-10-09 23:37:23,739 [prometheus] INFO  impl.MetricsSinkAdapter (MetricsSinkAdapter.java:publishMetricsFromQueue(141)) - prometheus thread interrupted.
2019-10-09 23:37:23,739 [main] INFO  impl.MetricsSystemImpl (MetricsSystemImpl.java:stop(216)) - ratis metrics system stopped.
]]></system-out>
    <system-err><![CDATA[ERROR StatusLogger No Log4j 2 configuration file found. Using default configuration (logging only errors to the console), or user programmatically provided configurations. Set system property 'log4j2.debug' to show Log4j 2 internal initialization logging. See https://logging.apache.org/log4j/2.x/manual/configuration.html for instructions on how to configure Log4j 2
]]></system-err>
  </testcase>
  <testcase name="testNumBlocksAllocated" classname="org.apache.hadoop.ozone.scm.pipeline.TestSCMPipelineMetrics" time="24.471"/>
  <testcase name="testPipelineCreation" classname="org.apache.hadoop.ozone.scm.pipeline.TestSCMPipelineMetrics" time="24.478"/>
</testsuite>