<?xml version="1.0" encoding="UTF-8"?>
<testsuite xmlns:xsi="http://www.w3.org/2001/XMLSchema-instance" xsi:noNamespaceSchemaLocation="https://maven.apache.org/surefire/maven-surefire-plugin/xsd/surefire-test-report.xsd" name="org.apache.hadoop.ozone.client.rpc.TestWatchForCommit" time="264.656" tests="5" errors="1" skipped="0" failures="1">
  <properties>
    <property name="awt.toolkit" value="sun.awt.X11.XToolkit"/>
    <property name="file.encoding.pkg" value="sun.io"/>
    <property name="java.specification.version" value="1.8"/>
    <property name="sun.cpu.isalist" value=""/>
    <property name="sun.jnu.encoding" value="UTF-8"/>
    <property name="java.class.path" value="/workdir/hadoop-ozone/integration-test/target/test-classes:/workdir/hadoop-ozone/integration-test/target/classes:/home/user/.m2/repository/org/apache/hadoop/hadoop-ozone-common/0.5.0-SNAPSHOT/hadoop-ozone-common-0.5.0-SNAPSHOT.jar:/home/user/.m2/repository/org/apache/commons/commons-compress/1.4.1/commons-compress-1.4.1.jar:/home/user/.m2/repository/org/tukaani/xz/1.0/xz-1.0.jar:/home/user/.m2/repository/org/apache/hadoop/hadoop-common/3.2.0/hadoop-common-3.2.0.jar:/home/user/.m2/repository/org/apache/hadoop/hadoop-hdfs/3.2.0/hadoop-hdfs-3.2.0.jar:/home/user/.m2/repository/org/apache/hadoop/hadoop-hdfs-client/3.2.0/hadoop-hdfs-client-3.2.0.jar:/home/user/.m2/repository/com/fasterxml/jackson/core/jackson-annotations/2.9.9/jackson-annotations-2.9.9.jar:/home/user/.m2/repository/org/apache/hadoop/hadoop-hdds-common/0.5.0-SNAPSHOT/hadoop-hdds-common-0.5.0-SNAPSHOT.jar:/home/user/.m2/repository/javax/annotation/javax.annotation-api/1.2/javax.annotation-api-1.2.jar:/home/user/.m2/repository/org/apache/ratis/ratis-server/0.5.0-63cd2fb-SNAPSHOT/ratis-server-0.5.0-63cd2fb-SNAPSHOT.jar:/home/user/.m2/repository/org/apache/ratis/ratis-thirdparty-misc/0.2.0/ratis-thirdparty-misc-0.2.0.jar:/home/user/.m2/repository/org/apache/ratis/ratis-proto/0.5.0-63cd2fb-SNAPSHOT/ratis-proto-0.5.0-63cd2fb-SNAPSHOT.jar:/home/user/.m2/repository/org/apache/ratis/ratis-common/0.5.0-63cd2fb-SNAPSHOT/ratis-common-0.5.0-63cd2fb-SNAPSHOT.jar:/home/user/.m2/repository/org/apache/ratis/ratis-client/0.5.0-63cd2fb-SNAPSHOT/ratis-client-0.5.0-63cd2fb-SNAPSHOT.jar:/home/user/.m2/repository/org/apache/ratis/ratis-metrics/0.5.0-63cd2fb-SNAPSHOT/ratis-metrics-0.5.0-63cd2fb-SNAPSHOT.jar:/home/user/.m2/repository/com/github/joshelser/dropwizard-metrics-hadoop-metrics2-reporter/0.1.2/dropwizard-metrics-hadoop-metrics2-reporter-0.1.2.jar:/home/user/.m2/repository/io/dropwizard/metrics/metrics-jvm/3.2.5/metrics-jvm-3.2.5.jar:/home/user/.m2/repository/io/dropwizard/metrics/metrics-ganglia/3.2.5/metrics-ganglia-3.2.5.jar:/home/user/.m2/repository/info/ganglia/gmetric4j/gmetric4j/1.0.7/gmetric4j-1.0.7.jar:/home/user/.m2/repository/org/apache/ratis/ratis-netty/0.5.0-63cd2fb-SNAPSHOT/ratis-netty-0.5.0-63cd2fb-SNAPSHOT.jar:/home/user/.m2/repository/org/apache/ratis/ratis-grpc/0.5.0-63cd2fb-SNAPSHOT/ratis-grpc-0.5.0-63cd2fb-SNAPSHOT.jar:/home/user/.m2/repository/org/rocksdb/rocksdbjni/6.0.1/rocksdbjni-6.0.1.jar:/home/user/.m2/repository/org/apache/logging/log4j/log4j-api/2.11.0/log4j-api-2.11.0.jar:/home/user/.m2/repository/org/apache/logging/log4j/log4j-core/2.11.0/log4j-core-2.11.0.jar:/home/user/.m2/repository/com/lmax/disruptor/3.4.2/disruptor-3.4.2.jar:/home/user/.m2/repository/org/apache/commons/commons-pool2/2.6.0/commons-pool2-2.6.0.jar:/home/user/.m2/repository/org/bouncycastle/bcpkix-jdk15on/1.60/bcpkix-jdk15on-1.60.jar:/home/user/.m2/repository/commons-validator/commons-validator/1.6/commons-validator-1.6.jar:/home/user/.m2/repository/commons-digester/commons-digester/1.8.1/commons-digester-1.8.1.jar:/home/user/.m2/repository/io/jaegertracing/jaeger-client/0.34.0/jaeger-client-0.34.0.jar:/home/user/.m2/repository/io/jaegertracing/jaeger-thrift/0.34.0/jaeger-thrift-0.34.0.jar:/home/user/.m2/repository/org/apache/thrift/libthrift/0.12.0/libthrift-0.12.0.jar:/home/user/.m2/repository/com/squareup/okhttp3/okhttp/3.9.0/okhttp-3.9.0.jar:/home/user/.m2/repository/com/squareup/okio/okio/1.13.0/okio-1.13.0.jar:/home/user/.m2/repository/io/jaegertracing/jaeger-core/0.34.0/jaeger-core-0.34.0.jar:/home/user/.m2/repository/io/jaegertracing/jaeger-tracerresolver/0.34.0/jaeger-tracerresolver-0.34.0.jar:/home/user/.m2/repository/io/opentracing/contrib/opentracing-tracerresolver/0.1.5/opentracing-tracerresolver-0.1.5.jar:/home/user/.m2/repository/io/opentracing/opentracing-util/0.31.0/opentracing-util-0.31.0.jar:/home/user/.m2/repository/io/opentracing/opentracing-api/0.31.0/opentracing-api-0.31.0.jar:/home/user/.m2/repository/io/opentracing/opentracing-noop/0.31.0/opentracing-noop-0.31.0.jar:/home/user/.m2/repository/org/apache/hadoop/hadoop-hdds-server-framework/0.5.0-SNAPSHOT/hadoop-hdds-server-framework-0.5.0-SNAPSHOT.jar:/home/user/.m2/repository/org/apache/hadoop/hadoop-hdds-container-service/0.5.0-SNAPSHOT/hadoop-hdds-container-service-0.5.0-SNAPSHOT.jar:/home/user/.m2/repository/org/apache/hadoop/hadoop-hdds-client/0.5.0-SNAPSHOT/hadoop-hdds-client-0.5.0-SNAPSHOT.jar:/home/user/.m2/repository/org/apache/hadoop/hadoop-hdds-tools/0.5.0-SNAPSHOT/hadoop-hdds-tools-0.5.0-SNAPSHOT.jar:/home/user/.m2/repository/org/apache/hadoop/hadoop-hdds-server-scm/0.5.0-SNAPSHOT/hadoop-hdds-server-scm-0.5.0-SNAPSHOT.jar:/home/user/.m2/repository/org/apache/hadoop/hadoop-hdds-docs/0.5.0-SNAPSHOT/hadoop-hdds-docs-0.5.0-SNAPSHOT.jar:/home/user/.m2/repository/io/dropwizard/metrics/metrics-core/3.2.4/metrics-core-3.2.4.jar:/home/user/.m2/repository/org/hamcrest/hamcrest-all/1.3/hamcrest-all-1.3.jar:/home/user/.m2/repository/org/bouncycastle/bcprov-jdk15on/1.60/bcprov-jdk15on-1.60.jar:/home/user/.m2/repository/info/picocli/picocli/3.9.6/picocli-3.9.6.jar:/home/user/.m2/repository/com/google/protobuf/protobuf-java/2.5.0/protobuf-java-2.5.0.jar:/home/user/.m2/repository/com/google/guava/guava/11.0.2/guava-11.0.2.jar:/home/user/.m2/repository/org/apache/hadoop/hadoop-ozone-ozone-manager/0.5.0-SNAPSHOT/hadoop-ozone-ozone-manager-0.5.0-SNAPSHOT.jar:/home/user/.m2/repository/org/apache/hadoop/hadoop-minikdc/3.2.0/hadoop-minikdc-3.2.0.jar:/home/user/.m2/repository/commons-io/commons-io/2.5/commons-io-2.5.jar:/home/user/.m2/repository/org/apache/kerby/kerb-simplekdc/1.0.1/kerb-simplekdc-1.0.1.jar:/home/user/.m2/repository/org/apache/kerby/kerb-client/1.0.1/kerb-client-1.0.1.jar:/home/user/.m2/repository/org/apache/kerby/kerby-config/1.0.1/kerby-config-1.0.1.jar:/home/user/.m2/repository/org/apache/kerby/kerb-core/1.0.1/kerb-core-1.0.1.jar:/home/user/.m2/repository/org/apache/kerby/kerby-pkix/1.0.1/kerby-pkix-1.0.1.jar:/home/user/.m2/repository/org/apache/kerby/kerby-asn1/1.0.1/kerby-asn1-1.0.1.jar:/home/user/.m2/repository/org/apache/kerby/kerby-util/1.0.1/kerby-util-1.0.1.jar:/home/user/.m2/repository/org/apache/kerby/kerb-common/1.0.1/kerb-common-1.0.1.jar:/home/user/.m2/repository/org/apache/kerby/kerb-crypto/1.0.1/kerb-crypto-1.0.1.jar:/home/user/.m2/repository/org/apache/kerby/kerb-util/1.0.1/kerb-util-1.0.1.jar:/home/user/.m2/repository/org/apache/kerby/token-provider/1.0.1/token-provider-1.0.1.jar:/home/user/.m2/repository/org/apache/kerby/kerb-admin/1.0.1/kerb-admin-1.0.1.jar:/home/user/.m2/repository/org/apache/kerby/kerb-server/1.0.1/kerb-server-1.0.1.jar:/home/user/.m2/repository/org/apache/kerby/kerb-identity/1.0.1/kerb-identity-1.0.1.jar:/home/user/.m2/repository/org/apache/kerby/kerby-xdr/1.0.1/kerby-xdr-1.0.1.jar:/home/user/.m2/repository/org/slf4j/slf4j-log4j12/1.7.25/slf4j-log4j12-1.7.25.jar:/home/user/.m2/repository/org/apache/hadoop/hadoop-ozone-s3gateway/0.5.0-SNAPSHOT/hadoop-ozone-s3gateway-0.5.0-SNAPSHOT.jar:/home/user/.m2/repository/org/jboss/weld/servlet/weld-servlet/2.4.7.Final/weld-servlet-2.4.7.Final.jar:/home/user/.m2/repository/org/glassfish/jersey/containers/jersey-container-servlet-core/2.27/jersey-container-servlet-core-2.27.jar:/home/user/.m2/repository/org/glassfish/hk2/external/javax.inject/2.5.0-b42/javax.inject-2.5.0-b42.jar:/home/user/.m2/repository/org/glassfish/jersey/core/jersey-common/2.27/jersey-common-2.27.jar:/home/user/.m2/repository/org/glassfish/hk2/osgi-resource-locator/1.0.1/osgi-resource-locator-1.0.1.jar:/home/user/.m2/repository/javax/ws/rs/javax.ws.rs-api/2.1/javax.ws.rs-api-2.1.jar:/home/user/.m2/repository/org/glassfish/jersey/ext/cdi/jersey-cdi1x/2.27/jersey-cdi1x-2.27.jar:/home/user/.m2/repository/org/glassfish/jersey/inject/jersey-hk2/2.27/jersey-hk2-2.27.jar:/home/user/.m2/repository/org/glassfish/hk2/hk2-locator/2.5.0-b42/hk2-locator-2.5.0-b42.jar:/home/user/.m2/repository/org/javassist/javassist/3.22.0-CR2/javassist-3.22.0-CR2.jar:/home/user/.m2/repository/org/glassfish/hk2/hk2-api/2.5.0/hk2-api-2.5.0.jar:/home/user/.m2/repository/org/glassfish/hk2/external/jakarta.inject/2.5.0/jakarta.inject-2.5.0.jar:/home/user/.m2/repository/org/glassfish/hk2/hk2-utils/2.5.0/hk2-utils-2.5.0.jar:/home/user/.m2/repository/jakarta/annotation/jakarta.annotation-api/1.3.4/jakarta.annotation-api-1.3.4.jar:/home/user/.m2/repository/org/glassfish/hk2/external/aopalliance-repackaged/2.5.0/aopalliance-repackaged-2.5.0.jar:/home/user/.m2/repository/com/fasterxml/jackson/dataformat/jackson-dataformat-xml/2.9.0/jackson-dataformat-xml-2.9.0.jar:/home/user/.m2/repository/com/fasterxml/jackson/core/jackson-core/2.9.9/jackson-core-2.9.9.jar:/home/user/.m2/repository/com/fasterxml/jackson/module/jackson-module-jaxb-annotations/2.9.9/jackson-module-jaxb-annotations-2.9.9.jar:/home/user/.m2/repository/javax/enterprise/cdi-api/1.2/cdi-api-1.2.jar:/home/user/.m2/repository/javax/el/javax.el-api/3.0.0/javax.el-api-3.0.0.jar:/home/user/.m2/repository/javax/interceptor/javax.interceptor-api/1.2/javax.interceptor-api-1.2.jar:/home/user/.m2/repository/javax/inject/javax.inject/1/javax.inject-1.jar:/home/user/.m2/repository/com/sun/xml/bind/jaxb-impl/2.3.0.1/jaxb-impl-2.3.0.1.jar:/home/user/.m2/repository/com/sun/xml/bind/jaxb-core/2.3.0.1/jaxb-core-2.3.0.1.jar:/home/user/.m2/repository/javax/xml/bind/jaxb-api/2.3.0/jaxb-api-2.3.0.jar:/home/user/.m2/repository/javax/activation/activation/1.1.1/activation-1.1.1.jar:/home/user/.m2/repository/org/apache/hadoop/hadoop-ozone-csi/0.5.0-SNAPSHOT/hadoop-ozone-csi-0.5.0-SNAPSHOT.jar:/home/user/.m2/repository/com/google/protobuf/protobuf-java-util/3.5.1/protobuf-java-util-3.5.1.jar:/home/user/.m2/repository/org/apache/hadoop/hadoop-hdds-config/0.5.0-SNAPSHOT/hadoop-hdds-config-0.5.0-SNAPSHOT.jar:/home/user/.m2/repository/io/grpc/grpc-netty/1.17.1/grpc-netty-1.17.1.jar:/home/user/.m2/repository/io/grpc/grpc-core/1.17.1/grpc-core-1.17.1.jar:/home/user/.m2/repository/io/grpc/grpc-context/1.17.1/grpc-context-1.17.1.jar:/home/user/.m2/repository/com/google/errorprone/error_prone_annotations/2.2.0/error_prone_annotations-2.2.0.jar:/home/user/.m2/repository/org/codehaus/mojo/animal-sniffer-annotations/1.17/animal-sniffer-annotations-1.17.jar:/home/user/.m2/repository/io/opencensus/opencensus-api/0.17.0/opencensus-api-0.17.0.jar:/home/user/.m2/repository/io/opencensus/opencensus-contrib-grpc-metrics/0.17.0/opencensus-contrib-grpc-metrics-0.17.0.jar:/home/user/.m2/repository/io/netty/netty-codec-http2/4.1.30.Final/netty-codec-http2-4.1.30.Final.jar:/home/user/.m2/repository/io/netty/netty-codec-http/4.1.30.Final/netty-codec-http-4.1.30.Final.jar:/home/user/.m2/repository/io/netty/netty-codec/4.1.30.Final/netty-codec-4.1.30.Final.jar:/home/user/.m2/repository/io/netty/netty-handler/4.1.30.Final/netty-handler-4.1.30.Final.jar:/home/user/.m2/repository/io/netty/netty-handler-proxy/4.1.30.Final/netty-handler-proxy-4.1.30.Final.jar:/home/user/.m2/repository/io/netty/netty-codec-socks/4.1.30.Final/netty-codec-socks-4.1.30.Final.jar:/home/user/.m2/repository/io/netty/netty-transport-native-epoll/4.1.30.Final/netty-transport-native-epoll-4.1.30.Final.jar:/home/user/.m2/repository/io/netty/netty-common/4.1.30.Final/netty-common-4.1.30.Final.jar:/home/user/.m2/repository/io/netty/netty-buffer/4.1.30.Final/netty-buffer-4.1.30.Final.jar:/home/user/.m2/repository/io/netty/netty-transport/4.1.30.Final/netty-transport-4.1.30.Final.jar:/home/user/.m2/repository/io/netty/netty-resolver/4.1.30.Final/netty-resolver-4.1.30.Final.jar:/home/user/.m2/repository/io/netty/netty-transport-native-unix-common/4.1.30.Final/netty-transport-native-unix-common-4.1.30.Final.jar:/home/user/.m2/repository/io/grpc/grpc-protobuf/1.17.1/grpc-protobuf-1.17.1.jar:/home/user/.m2/repository/com/google/api/grpc/proto-google-common-protos/1.0.0/proto-google-common-protos-1.0.0.jar:/home/user/.m2/repository/io/grpc/grpc-protobuf-lite/1.17.1/grpc-protobuf-lite-1.17.1.jar:/home/user/.m2/repository/io/grpc/grpc-stub/1.17.1/grpc-stub-1.17.1.jar:/home/user/.m2/repository/org/apache/hadoop/hadoop-ozone-recon/0.5.0-SNAPSHOT/hadoop-ozone-recon-0.5.0-SNAPSHOT.jar:/home/user/.m2/repository/org/apache/hadoop/hadoop-ozone-reconcodegen/0.5.0-SNAPSHOT/hadoop-ozone-reconcodegen-0.5.0-SNAPSHOT.jar:/home/user/.m2/repository/com/google/inject/extensions/guice-multibindings/4.0/guice-multibindings-4.0.jar:/home/user/.m2/repository/com/google/inject/guice/4.0/guice-4.0.jar:/home/user/.m2/repository/aopalliance/aopalliance/1.0/aopalliance-1.0.jar:/home/user/.m2/repository/com/google/inject/extensions/guice-servlet/4.0/guice-servlet-4.0.jar:/home/user/.m2/repository/org/glassfish/jersey/containers/jersey-container-servlet/2.27/jersey-container-servlet-2.27.jar:/home/user/.m2/repository/org/glassfish/hk2/guice-bridge/2.5.0/guice-bridge-2.5.0.jar:/home/user/.m2/repository/org/glassfish/jersey/core/jersey-server/2.27/jersey-server-2.27.jar:/home/user/.m2/repository/org/glassfish/jersey/core/jersey-client/2.27/jersey-client-2.27.jar:/home/user/.m2/repository/org/glassfish/jersey/media/jersey-media-jaxb/2.27/jersey-media-jaxb-2.27.jar:/home/user/.m2/repository/javax/validation/validation-api/1.1.0.Final/validation-api-1.1.0.Final.jar:/home/user/.m2/repository/org/glassfish/jersey/media/jersey-media-json-jackson/2.27/jersey-media-json-jackson-2.27.jar:/home/user/.m2/repository/org/glassfish/jersey/ext/jersey-entity-filtering/2.27/jersey-entity-filtering-2.27.jar:/home/user/.m2/repository/com/google/inject/extensions/guice-assistedinject/4.0/guice-assistedinject-4.0.jar:/home/user/.m2/repository/org/jooq/jooq/3.11.10/jooq-3.11.10.jar:/home/user/.m2/repository/org/jooq/jooq-meta/3.11.10/jooq-meta-3.11.10.jar:/home/user/.m2/repository/org/jooq/jooq-codegen/3.11.10/jooq-codegen-3.11.10.jar:/home/user/.m2/repository/com/jolbox/bonecp/0.8.0.RELEASE/bonecp-0.8.0.RELEASE.jar:/home/user/.m2/repository/org/xerial/sqlite-jdbc/3.25.2/sqlite-jdbc-3.25.2.jar:/home/user/.m2/repository/org/springframework/spring-jdbc/5.1.3.RELEASE/spring-jdbc-5.1.3.RELEASE.jar:/home/user/.m2/repository/org/springframework/spring-beans/5.1.3.RELEASE/spring-beans-5.1.3.RELEASE.jar:/home/user/.m2/repository/org/springframework/spring-core/5.1.3.RELEASE/spring-core-5.1.3.RELEASE.jar:/home/user/.m2/repository/org/springframework/spring-jcl/5.1.3.RELEASE/spring-jcl-5.1.3.RELEASE.jar:/home/user/.m2/repository/org/springframework/spring-tx/5.1.3.RELEASE/spring-tx-5.1.3.RELEASE.jar:/home/user/.m2/repository/org/apache/hadoop/hadoop-ozone-client/0.5.0-SNAPSHOT/hadoop-ozone-client-0.5.0-SNAPSHOT.jar:/home/user/.m2/repository/commons-lang/commons-lang/2.6/commons-lang-2.6.jar:/home/user/.m2/repository/org/apache/hadoop/hadoop-ozone-ozone-manager/0.5.0-SNAPSHOT/hadoop-ozone-ozone-manager-0.5.0-SNAPSHOT-tests.jar:/home/user/.m2/repository/junit/junit/4.11/junit-4.11.jar:/home/user/.m2/repository/org/hamcrest/hamcrest-core/1.3/hamcrest-core-1.3.jar:/home/user/.m2/repository/org/openjdk/jmh/jmh-core/1.19/jmh-core-1.19.jar:/home/user/.m2/repository/net/sf/jopt-simple/jopt-simple/4.6/jopt-simple-4.6.jar:/home/user/.m2/repository/org/apache/commons/commons-math3/3.1.1/commons-math3-3.1.1.jar:/home/user/.m2/repository/org/openjdk/jmh/jmh-generator-annprocess/1.19/jmh-generator-annprocess-1.19.jar:/home/user/.m2/repository/org/mockito/mockito-all/1.8.5/mockito-all-1.8.5.jar:/home/user/.m2/repository/org/apache/hadoop/hadoop-kms/3.2.0/hadoop-kms-3.2.0.jar:/home/user/.m2/repository/org/apache/hadoop/hadoop-auth/3.2.0/hadoop-auth-3.2.0.jar:/home/user/.m2/repository/com/nimbusds/nimbus-jose-jwt/4.41.1/nimbus-jose-jwt-4.41.1.jar:/home/user/.m2/repository/com/github/stephenc/jcip/jcip-annotations/1.0-1/jcip-annotations-1.0-1.jar:/home/user/.m2/repository/net/minidev/json-smart/2.3/json-smart-2.3.jar:/home/user/.m2/repository/net/minidev/accessors-smart/1.2/accessors-smart-1.2.jar:/home/user/.m2/repository/org/ow2/asm/asm/5.0.4/asm-5.0.4.jar:/home/user/.m2/repository/org/apache/curator/curator-framework/2.12.0/curator-framework-2.12.0.jar:/home/user/.m2/repository/com/sun/jersey/jersey-core/1.19/jersey-core-1.19.jar:/home/user/.m2/repository/javax/ws/rs/jsr311-api/1.1.1/jsr311-api-1.1.1.jar:/home/user/.m2/repository/com/sun/jersey/jersey-server/1.19/jersey-server-1.19.jar:/home/user/.m2/repository/javax/servlet/javax.servlet-api/3.1.0/javax.servlet-api-3.1.0.jar:/home/user/.m2/repository/org/eclipse/jetty/jetty-server/9.3.25.v20180904/jetty-server-9.3.25.v20180904.jar:/home/user/.m2/repository/org/eclipse/jetty/jetty-http/9.3.25.v20180904/jetty-http-9.3.25.v20180904.jar:/home/user/.m2/repository/org/eclipse/jetty/jetty-io/9.3.25.v20180904/jetty-io-9.3.25.v20180904.jar:/home/user/.m2/repository/org/eclipse/jetty/jetty-webapp/9.3.25.v20180904/jetty-webapp-9.3.25.v20180904.jar:/home/user/.m2/repository/org/eclipse/jetty/jetty-xml/9.3.25.v20180904/jetty-xml-9.3.25.v20180904.jar:/home/user/.m2/repository/log4j/log4j/1.2.17/log4j-1.2.17.jar:/home/user/.m2/repository/org/slf4j/slf4j-api/1.7.25/slf4j-api-1.7.25.jar:/home/user/.m2/repository/org/slf4j/jul-to-slf4j/1.7.25/jul-to-slf4j-1.7.25.jar:/home/user/.m2/repository/org/eclipse/jetty/jetty-util/9.3.25.v20180904/jetty-util-9.3.25.v20180904.jar:/home/user/.m2/repository/com/fasterxml/jackson/core/jackson-databind/2.9.9/jackson-databind-2.9.9.jar:/home/user/.m2/repository/org/apache/hadoop/hadoop-kms/3.2.0/hadoop-kms-3.2.0-tests.jar:/home/user/.m2/repository/org/apache/hadoop/hadoop-hdds-server-scm/0.5.0-SNAPSHOT/hadoop-hdds-server-scm-0.5.0-SNAPSHOT-tests.jar:/home/user/.m2/repository/org/apache/hadoop/hadoop-hdds-container-service/0.5.0-SNAPSHOT/hadoop-hdds-container-service-0.5.0-SNAPSHOT-tests.jar:/home/user/.m2/repository/org/yaml/snakeyaml/1.16/snakeyaml-1.16.jar:/home/user/.m2/repository/org/apache/hadoop/hadoop-common/3.2.0/hadoop-common-3.2.0-tests.jar:/home/user/.m2/repository/org/apache/hadoop/hadoop-annotations/3.2.0/hadoop-annotations-3.2.0.jar:/usr/lib/jvm/java-1.8-openjdk/jre/../lib/tools.jar:/home/user/.m2/repository/commons-cli/commons-cli/1.2/commons-cli-1.2.jar:/home/user/.m2/repository/org/apache/httpcomponents/httpclient/4.5.2/httpclient-4.5.2.jar:/home/user/.m2/repository/org/apache/httpcomponents/httpcore/4.4.4/httpcore-4.4.4.jar:/home/user/.m2/repository/commons-codec/commons-codec/1.11/commons-codec-1.11.jar:/home/user/.m2/repository/commons-net/commons-net/3.6/commons-net-3.6.jar:/home/user/.m2/repository/commons-collections/commons-collections/3.2.2/commons-collections-3.2.2.jar:/home/user/.m2/repository/org/eclipse/jetty/jetty-servlet/9.3.25.v20180904/jetty-servlet-9.3.25.v20180904.jar:/home/user/.m2/repository/org/eclipse/jetty/jetty-security/9.3.25.v20180904/jetty-security-9.3.25.v20180904.jar:/home/user/.m2/repository/javax/servlet/jsp/jsp-api/2.1/jsp-api-2.1.jar:/home/user/.m2/repository/com/sun/jersey/jersey-servlet/1.19/jersey-servlet-1.19.jar:/home/user/.m2/repository/com/sun/jersey/jersey-json/1.19/jersey-json-1.19.jar:/home/user/.m2/repository/org/codehaus/jettison/jettison/1.1/jettison-1.1.jar:/home/user/.m2/repository/org/codehaus/jackson/jackson-core-asl/1.9.13/jackson-core-asl-1.9.13.jar:/home/user/.m2/repository/org/codehaus/jackson/jackson-mapper-asl/1.9.13/jackson-mapper-asl-1.9.13.jar:/home/user/.m2/repository/org/codehaus/jackson/jackson-jaxrs/1.9.13/jackson-jaxrs-1.9.13.jar:/home/user/.m2/repository/org/codehaus/jackson/jackson-xc/1.9.13/jackson-xc-1.9.13.jar:/home/user/.m2/repository/commons-logging/commons-logging/1.1.3/commons-logging-1.1.3.jar:/home/user/.m2/repository/commons-beanutils/commons-beanutils/1.9.4/commons-beanutils-1.9.4.jar:/home/user/.m2/repository/org/apache/commons/commons-configuration2/2.1.1/commons-configuration2-2.1.1.jar:/home/user/.m2/repository/org/apache/commons/commons-lang3/3.7/commons-lang3-3.7.jar:/home/user/.m2/repository/org/apache/commons/commons-text/1.4/commons-text-1.4.jar:/home/user/.m2/repository/org/apache/avro/avro/1.7.7/avro-1.7.7.jar:/home/user/.m2/repository/com/thoughtworks/paranamer/paranamer/2.3/paranamer-2.3.jar:/home/user/.m2/repository/org/xerial/snappy/snappy-java/1.0.5/snappy-java-1.0.5.jar:/home/user/.m2/repository/com/google/re2j/re2j/1.1/re2j-1.1.jar:/home/user/.m2/repository/com/google/code/gson/gson/2.2.4/gson-2.2.4.jar:/home/user/.m2/repository/com/jcraft/jsch/0.1.54/jsch-0.1.54.jar:/home/user/.m2/repository/org/apache/curator/curator-client/2.12.0/curator-client-2.12.0.jar:/home/user/.m2/repository/org/apache/curator/curator-recipes/2.12.0/curator-recipes-2.12.0.jar:/home/user/.m2/repository/com/google/code/findbugs/jsr305/3.0.0/jsr305-3.0.0.jar:/home/user/.m2/repository/org/apache/htrace/htrace-core4/4.1.0-incubating/htrace-core4-4.1.0-incubating.jar:/home/user/.m2/repository/org/apache/zookeeper/zookeeper/3.4.13/zookeeper-3.4.13.jar:/home/user/.m2/repository/jline/jline/0.9.94/jline-0.9.94.jar:/home/user/.m2/repository/org/apache/yetus/audience-annotations/0.5.0/audience-annotations-0.5.0.jar:/home/user/.m2/repository/org/codehaus/woodstox/stax2-api/3.1.4/stax2-api-3.1.4.jar:/home/user/.m2/repository/com/fasterxml/woodstox/woodstox-core/5.0.3/woodstox-core-5.0.3.jar:/home/user/.m2/repository/dnsjava/dnsjava/2.1.7/dnsjava-2.1.7.jar:/home/user/.m2/repository/org/apache/hadoop/hadoop-hdfs/3.2.0/hadoop-hdfs-3.2.0-tests.jar:/home/user/.m2/repository/org/eclipse/jetty/jetty-util-ajax/9.3.25.v20180904/jetty-util-ajax-9.3.25.v20180904.jar:/home/user/.m2/repository/commons-daemon/commons-daemon/1.0.13/commons-daemon-1.0.13.jar:/home/user/.m2/repository/io/netty/netty/3.10.5.Final/netty-3.10.5.Final.jar:/home/user/.m2/repository/io/netty/netty-all/4.0.52.Final/netty-all-4.0.52.Final.jar:/home/user/.m2/repository/org/fusesource/leveldbjni/leveldbjni-all/1.8/leveldbjni-all-1.8.jar:"/>
    <property name="java.vm.vendor" value="IcedTea"/>
    <property name="sun.arch.data.model" value="64"/>
    <property name="test.build.dir" value="/workdir/hadoop-ozone/integration-test/target/test-dir"/>
    <property name="test.cache.data" value=""/>
    <property name="java.vendor.url" value="https://icedtea.classpath.org"/>
    <property name="user.timezone" value=""/>
    <property name="java.vm.specification.version" value="1.8"/>
    <property name="os.name" value="Linux"/>
    <property name="test.build.data" value="/workdir/hadoop-ozone/integration-test/target/test-dir"/>
    <property name="user.country" value="US"/>
    <property name="sun.java.launcher" value="SUN_STANDARD"/>
    <property name="sun.boot.library.path" value="/usr/lib/jvm/java-1.8-openjdk/jre/lib/amd64"/>
    <property name="sun.java.command" value="/workdir/hadoop-ozone/integration-test/target/surefire/surefirebooter49953205903279124.jar /workdir/hadoop-ozone/integration-test/target/surefire 2019-10-09T23-34-31_863-jvmRun1 surefire7693462865839478040tmp surefire_206096523486315339628tmp"/>
    <property name="test" value="!TestMiniChaosOzoneCluster"/>
    <property name="surefire.test.class.path" value="/workdir/hadoop-ozone/integration-test/target/test-classes:/workdir/hadoop-ozone/integration-test/target/classes:/home/user/.m2/repository/org/apache/hadoop/hadoop-ozone-common/0.5.0-SNAPSHOT/hadoop-ozone-common-0.5.0-SNAPSHOT.jar:/home/user/.m2/repository/org/apache/commons/commons-compress/1.4.1/commons-compress-1.4.1.jar:/home/user/.m2/repository/org/tukaani/xz/1.0/xz-1.0.jar:/home/user/.m2/repository/org/apache/hadoop/hadoop-common/3.2.0/hadoop-common-3.2.0.jar:/home/user/.m2/repository/org/apache/hadoop/hadoop-hdfs/3.2.0/hadoop-hdfs-3.2.0.jar:/home/user/.m2/repository/org/apache/hadoop/hadoop-hdfs-client/3.2.0/hadoop-hdfs-client-3.2.0.jar:/home/user/.m2/repository/com/fasterxml/jackson/core/jackson-annotations/2.9.9/jackson-annotations-2.9.9.jar:/home/user/.m2/repository/org/apache/hadoop/hadoop-hdds-common/0.5.0-SNAPSHOT/hadoop-hdds-common-0.5.0-SNAPSHOT.jar:/home/user/.m2/repository/javax/annotation/javax.annotation-api/1.2/javax.annotation-api-1.2.jar:/home/user/.m2/repository/org/apache/ratis/ratis-server/0.5.0-63cd2fb-SNAPSHOT/ratis-server-0.5.0-63cd2fb-SNAPSHOT.jar:/home/user/.m2/repository/org/apache/ratis/ratis-thirdparty-misc/0.2.0/ratis-thirdparty-misc-0.2.0.jar:/home/user/.m2/repository/org/apache/ratis/ratis-proto/0.5.0-63cd2fb-SNAPSHOT/ratis-proto-0.5.0-63cd2fb-SNAPSHOT.jar:/home/user/.m2/repository/org/apache/ratis/ratis-common/0.5.0-63cd2fb-SNAPSHOT/ratis-common-0.5.0-63cd2fb-SNAPSHOT.jar:/home/user/.m2/repository/org/apache/ratis/ratis-client/0.5.0-63cd2fb-SNAPSHOT/ratis-client-0.5.0-63cd2fb-SNAPSHOT.jar:/home/user/.m2/repository/org/apache/ratis/ratis-metrics/0.5.0-63cd2fb-SNAPSHOT/ratis-metrics-0.5.0-63cd2fb-SNAPSHOT.jar:/home/user/.m2/repository/com/github/joshelser/dropwizard-metrics-hadoop-metrics2-reporter/0.1.2/dropwizard-metrics-hadoop-metrics2-reporter-0.1.2.jar:/home/user/.m2/repository/io/dropwizard/metrics/metrics-jvm/3.2.5/metrics-jvm-3.2.5.jar:/home/user/.m2/repository/io/dropwizard/metrics/metrics-ganglia/3.2.5/metrics-ganglia-3.2.5.jar:/home/user/.m2/repository/info/ganglia/gmetric4j/gmetric4j/1.0.7/gmetric4j-1.0.7.jar:/home/user/.m2/repository/org/apache/ratis/ratis-netty/0.5.0-63cd2fb-SNAPSHOT/ratis-netty-0.5.0-63cd2fb-SNAPSHOT.jar:/home/user/.m2/repository/org/apache/ratis/ratis-grpc/0.5.0-63cd2fb-SNAPSHOT/ratis-grpc-0.5.0-63cd2fb-SNAPSHOT.jar:/home/user/.m2/repository/org/rocksdb/rocksdbjni/6.0.1/rocksdbjni-6.0.1.jar:/home/user/.m2/repository/org/apache/logging/log4j/log4j-api/2.11.0/log4j-api-2.11.0.jar:/home/user/.m2/repository/org/apache/logging/log4j/log4j-core/2.11.0/log4j-core-2.11.0.jar:/home/user/.m2/repository/com/lmax/disruptor/3.4.2/disruptor-3.4.2.jar:/home/user/.m2/repository/org/apache/commons/commons-pool2/2.6.0/commons-pool2-2.6.0.jar:/home/user/.m2/repository/org/bouncycastle/bcpkix-jdk15on/1.60/bcpkix-jdk15on-1.60.jar:/home/user/.m2/repository/commons-validator/commons-validator/1.6/commons-validator-1.6.jar:/home/user/.m2/repository/commons-digester/commons-digester/1.8.1/commons-digester-1.8.1.jar:/home/user/.m2/repository/io/jaegertracing/jaeger-client/0.34.0/jaeger-client-0.34.0.jar:/home/user/.m2/repository/io/jaegertracing/jaeger-thrift/0.34.0/jaeger-thrift-0.34.0.jar:/home/user/.m2/repository/org/apache/thrift/libthrift/0.12.0/libthrift-0.12.0.jar:/home/user/.m2/repository/com/squareup/okhttp3/okhttp/3.9.0/okhttp-3.9.0.jar:/home/user/.m2/repository/com/squareup/okio/okio/1.13.0/okio-1.13.0.jar:/home/user/.m2/repository/io/jaegertracing/jaeger-core/0.34.0/jaeger-core-0.34.0.jar:/home/user/.m2/repository/io/jaegertracing/jaeger-tracerresolver/0.34.0/jaeger-tracerresolver-0.34.0.jar:/home/user/.m2/repository/io/opentracing/contrib/opentracing-tracerresolver/0.1.5/opentracing-tracerresolver-0.1.5.jar:/home/user/.m2/repository/io/opentracing/opentracing-util/0.31.0/opentracing-util-0.31.0.jar:/home/user/.m2/repository/io/opentracing/opentracing-api/0.31.0/opentracing-api-0.31.0.jar:/home/user/.m2/repository/io/opentracing/opentracing-noop/0.31.0/opentracing-noop-0.31.0.jar:/home/user/.m2/repository/org/apache/hadoop/hadoop-hdds-server-framework/0.5.0-SNAPSHOT/hadoop-hdds-server-framework-0.5.0-SNAPSHOT.jar:/home/user/.m2/repository/org/apache/hadoop/hadoop-hdds-container-service/0.5.0-SNAPSHOT/hadoop-hdds-container-service-0.5.0-SNAPSHOT.jar:/home/user/.m2/repository/org/apache/hadoop/hadoop-hdds-client/0.5.0-SNAPSHOT/hadoop-hdds-client-0.5.0-SNAPSHOT.jar:/home/user/.m2/repository/org/apache/hadoop/hadoop-hdds-tools/0.5.0-SNAPSHOT/hadoop-hdds-tools-0.5.0-SNAPSHOT.jar:/home/user/.m2/repository/org/apache/hadoop/hadoop-hdds-server-scm/0.5.0-SNAPSHOT/hadoop-hdds-server-scm-0.5.0-SNAPSHOT.jar:/home/user/.m2/repository/org/apache/hadoop/hadoop-hdds-docs/0.5.0-SNAPSHOT/hadoop-hdds-docs-0.5.0-SNAPSHOT.jar:/home/user/.m2/repository/io/dropwizard/metrics/metrics-core/3.2.4/metrics-core-3.2.4.jar:/home/user/.m2/repository/org/hamcrest/hamcrest-all/1.3/hamcrest-all-1.3.jar:/home/user/.m2/repository/org/bouncycastle/bcprov-jdk15on/1.60/bcprov-jdk15on-1.60.jar:/home/user/.m2/repository/info/picocli/picocli/3.9.6/picocli-3.9.6.jar:/home/user/.m2/repository/com/google/protobuf/protobuf-java/2.5.0/protobuf-java-2.5.0.jar:/home/user/.m2/repository/com/google/guava/guava/11.0.2/guava-11.0.2.jar:/home/user/.m2/repository/org/apache/hadoop/hadoop-ozone-ozone-manager/0.5.0-SNAPSHOT/hadoop-ozone-ozone-manager-0.5.0-SNAPSHOT.jar:/home/user/.m2/repository/org/apache/hadoop/hadoop-minikdc/3.2.0/hadoop-minikdc-3.2.0.jar:/home/user/.m2/repository/commons-io/commons-io/2.5/commons-io-2.5.jar:/home/user/.m2/repository/org/apache/kerby/kerb-simplekdc/1.0.1/kerb-simplekdc-1.0.1.jar:/home/user/.m2/repository/org/apache/kerby/kerb-client/1.0.1/kerb-client-1.0.1.jar:/home/user/.m2/repository/org/apache/kerby/kerby-config/1.0.1/kerby-config-1.0.1.jar:/home/user/.m2/repository/org/apache/kerby/kerb-core/1.0.1/kerb-core-1.0.1.jar:/home/user/.m2/repository/org/apache/kerby/kerby-pkix/1.0.1/kerby-pkix-1.0.1.jar:/home/user/.m2/repository/org/apache/kerby/kerby-asn1/1.0.1/kerby-asn1-1.0.1.jar:/home/user/.m2/repository/org/apache/kerby/kerby-util/1.0.1/kerby-util-1.0.1.jar:/home/user/.m2/repository/org/apache/kerby/kerb-common/1.0.1/kerb-common-1.0.1.jar:/home/user/.m2/repository/org/apache/kerby/kerb-crypto/1.0.1/kerb-crypto-1.0.1.jar:/home/user/.m2/repository/org/apache/kerby/kerb-util/1.0.1/kerb-util-1.0.1.jar:/home/user/.m2/repository/org/apache/kerby/token-provider/1.0.1/token-provider-1.0.1.jar:/home/user/.m2/repository/org/apache/kerby/kerb-admin/1.0.1/kerb-admin-1.0.1.jar:/home/user/.m2/repository/org/apache/kerby/kerb-server/1.0.1/kerb-server-1.0.1.jar:/home/user/.m2/repository/org/apache/kerby/kerb-identity/1.0.1/kerb-identity-1.0.1.jar:/home/user/.m2/repository/org/apache/kerby/kerby-xdr/1.0.1/kerby-xdr-1.0.1.jar:/home/user/.m2/repository/org/slf4j/slf4j-log4j12/1.7.25/slf4j-log4j12-1.7.25.jar:/home/user/.m2/repository/org/apache/hadoop/hadoop-ozone-s3gateway/0.5.0-SNAPSHOT/hadoop-ozone-s3gateway-0.5.0-SNAPSHOT.jar:/home/user/.m2/repository/org/jboss/weld/servlet/weld-servlet/2.4.7.Final/weld-servlet-2.4.7.Final.jar:/home/user/.m2/repository/org/glassfish/jersey/containers/jersey-container-servlet-core/2.27/jersey-container-servlet-core-2.27.jar:/home/user/.m2/repository/org/glassfish/hk2/external/javax.inject/2.5.0-b42/javax.inject-2.5.0-b42.jar:/home/user/.m2/repository/org/glassfish/jersey/core/jersey-common/2.27/jersey-common-2.27.jar:/home/user/.m2/repository/org/glassfish/hk2/osgi-resource-locator/1.0.1/osgi-resource-locator-1.0.1.jar:/home/user/.m2/repository/javax/ws/rs/javax.ws.rs-api/2.1/javax.ws.rs-api-2.1.jar:/home/user/.m2/repository/org/glassfish/jersey/ext/cdi/jersey-cdi1x/2.27/jersey-cdi1x-2.27.jar:/home/user/.m2/repository/org/glassfish/jersey/inject/jersey-hk2/2.27/jersey-hk2-2.27.jar:/home/user/.m2/repository/org/glassfish/hk2/hk2-locator/2.5.0-b42/hk2-locator-2.5.0-b42.jar:/home/user/.m2/repository/org/javassist/javassist/3.22.0-CR2/javassist-3.22.0-CR2.jar:/home/user/.m2/repository/org/glassfish/hk2/hk2-api/2.5.0/hk2-api-2.5.0.jar:/home/user/.m2/repository/org/glassfish/hk2/external/jakarta.inject/2.5.0/jakarta.inject-2.5.0.jar:/home/user/.m2/repository/org/glassfish/hk2/hk2-utils/2.5.0/hk2-utils-2.5.0.jar:/home/user/.m2/repository/jakarta/annotation/jakarta.annotation-api/1.3.4/jakarta.annotation-api-1.3.4.jar:/home/user/.m2/repository/org/glassfish/hk2/external/aopalliance-repackaged/2.5.0/aopalliance-repackaged-2.5.0.jar:/home/user/.m2/repository/com/fasterxml/jackson/dataformat/jackson-dataformat-xml/2.9.0/jackson-dataformat-xml-2.9.0.jar:/home/user/.m2/repository/com/fasterxml/jackson/core/jackson-core/2.9.9/jackson-core-2.9.9.jar:/home/user/.m2/repository/com/fasterxml/jackson/module/jackson-module-jaxb-annotations/2.9.9/jackson-module-jaxb-annotations-2.9.9.jar:/home/user/.m2/repository/javax/enterprise/cdi-api/1.2/cdi-api-1.2.jar:/home/user/.m2/repository/javax/el/javax.el-api/3.0.0/javax.el-api-3.0.0.jar:/home/user/.m2/repository/javax/interceptor/javax.interceptor-api/1.2/javax.interceptor-api-1.2.jar:/home/user/.m2/repository/javax/inject/javax.inject/1/javax.inject-1.jar:/home/user/.m2/repository/com/sun/xml/bind/jaxb-impl/2.3.0.1/jaxb-impl-2.3.0.1.jar:/home/user/.m2/repository/com/sun/xml/bind/jaxb-core/2.3.0.1/jaxb-core-2.3.0.1.jar:/home/user/.m2/repository/javax/xml/bind/jaxb-api/2.3.0/jaxb-api-2.3.0.jar:/home/user/.m2/repository/javax/activation/activation/1.1.1/activation-1.1.1.jar:/home/user/.m2/repository/org/apache/hadoop/hadoop-ozone-csi/0.5.0-SNAPSHOT/hadoop-ozone-csi-0.5.0-SNAPSHOT.jar:/home/user/.m2/repository/com/google/protobuf/protobuf-java-util/3.5.1/protobuf-java-util-3.5.1.jar:/home/user/.m2/repository/org/apache/hadoop/hadoop-hdds-config/0.5.0-SNAPSHOT/hadoop-hdds-config-0.5.0-SNAPSHOT.jar:/home/user/.m2/repository/io/grpc/grpc-netty/1.17.1/grpc-netty-1.17.1.jar:/home/user/.m2/repository/io/grpc/grpc-core/1.17.1/grpc-core-1.17.1.jar:/home/user/.m2/repository/io/grpc/grpc-context/1.17.1/grpc-context-1.17.1.jar:/home/user/.m2/repository/com/google/errorprone/error_prone_annotations/2.2.0/error_prone_annotations-2.2.0.jar:/home/user/.m2/repository/org/codehaus/mojo/animal-sniffer-annotations/1.17/animal-sniffer-annotations-1.17.jar:/home/user/.m2/repository/io/opencensus/opencensus-api/0.17.0/opencensus-api-0.17.0.jar:/home/user/.m2/repository/io/opencensus/opencensus-contrib-grpc-metrics/0.17.0/opencensus-contrib-grpc-metrics-0.17.0.jar:/home/user/.m2/repository/io/netty/netty-codec-http2/4.1.30.Final/netty-codec-http2-4.1.30.Final.jar:/home/user/.m2/repository/io/netty/netty-codec-http/4.1.30.Final/netty-codec-http-4.1.30.Final.jar:/home/user/.m2/repository/io/netty/netty-codec/4.1.30.Final/netty-codec-4.1.30.Final.jar:/home/user/.m2/repository/io/netty/netty-handler/4.1.30.Final/netty-handler-4.1.30.Final.jar:/home/user/.m2/repository/io/netty/netty-handler-proxy/4.1.30.Final/netty-handler-proxy-4.1.30.Final.jar:/home/user/.m2/repository/io/netty/netty-codec-socks/4.1.30.Final/netty-codec-socks-4.1.30.Final.jar:/home/user/.m2/repository/io/netty/netty-transport-native-epoll/4.1.30.Final/netty-transport-native-epoll-4.1.30.Final.jar:/home/user/.m2/repository/io/netty/netty-common/4.1.30.Final/netty-common-4.1.30.Final.jar:/home/user/.m2/repository/io/netty/netty-buffer/4.1.30.Final/netty-buffer-4.1.30.Final.jar:/home/user/.m2/repository/io/netty/netty-transport/4.1.30.Final/netty-transport-4.1.30.Final.jar:/home/user/.m2/repository/io/netty/netty-resolver/4.1.30.Final/netty-resolver-4.1.30.Final.jar:/home/user/.m2/repository/io/netty/netty-transport-native-unix-common/4.1.30.Final/netty-transport-native-unix-common-4.1.30.Final.jar:/home/user/.m2/repository/io/grpc/grpc-protobuf/1.17.1/grpc-protobuf-1.17.1.jar:/home/user/.m2/repository/com/google/api/grpc/proto-google-common-protos/1.0.0/proto-google-common-protos-1.0.0.jar:/home/user/.m2/repository/io/grpc/grpc-protobuf-lite/1.17.1/grpc-protobuf-lite-1.17.1.jar:/home/user/.m2/repository/io/grpc/grpc-stub/1.17.1/grpc-stub-1.17.1.jar:/home/user/.m2/repository/org/apache/hadoop/hadoop-ozone-recon/0.5.0-SNAPSHOT/hadoop-ozone-recon-0.5.0-SNAPSHOT.jar:/home/user/.m2/repository/org/apache/hadoop/hadoop-ozone-reconcodegen/0.5.0-SNAPSHOT/hadoop-ozone-reconcodegen-0.5.0-SNAPSHOT.jar:/home/user/.m2/repository/com/google/inject/extensions/guice-multibindings/4.0/guice-multibindings-4.0.jar:/home/user/.m2/repository/com/google/inject/guice/4.0/guice-4.0.jar:/home/user/.m2/repository/aopalliance/aopalliance/1.0/aopalliance-1.0.jar:/home/user/.m2/repository/com/google/inject/extensions/guice-servlet/4.0/guice-servlet-4.0.jar:/home/user/.m2/repository/org/glassfish/jersey/containers/jersey-container-servlet/2.27/jersey-container-servlet-2.27.jar:/home/user/.m2/repository/org/glassfish/hk2/guice-bridge/2.5.0/guice-bridge-2.5.0.jar:/home/user/.m2/repository/org/glassfish/jersey/core/jersey-server/2.27/jersey-server-2.27.jar:/home/user/.m2/repository/org/glassfish/jersey/core/jersey-client/2.27/jersey-client-2.27.jar:/home/user/.m2/repository/org/glassfish/jersey/media/jersey-media-jaxb/2.27/jersey-media-jaxb-2.27.jar:/home/user/.m2/repository/javax/validation/validation-api/1.1.0.Final/validation-api-1.1.0.Final.jar:/home/user/.m2/repository/org/glassfish/jersey/media/jersey-media-json-jackson/2.27/jersey-media-json-jackson-2.27.jar:/home/user/.m2/repository/org/glassfish/jersey/ext/jersey-entity-filtering/2.27/jersey-entity-filtering-2.27.jar:/home/user/.m2/repository/com/google/inject/extensions/guice-assistedinject/4.0/guice-assistedinject-4.0.jar:/home/user/.m2/repository/org/jooq/jooq/3.11.10/jooq-3.11.10.jar:/home/user/.m2/repository/org/jooq/jooq-meta/3.11.10/jooq-meta-3.11.10.jar:/home/user/.m2/repository/org/jooq/jooq-codegen/3.11.10/jooq-codegen-3.11.10.jar:/home/user/.m2/repository/com/jolbox/bonecp/0.8.0.RELEASE/bonecp-0.8.0.RELEASE.jar:/home/user/.m2/repository/org/xerial/sqlite-jdbc/3.25.2/sqlite-jdbc-3.25.2.jar:/home/user/.m2/repository/org/springframework/spring-jdbc/5.1.3.RELEASE/spring-jdbc-5.1.3.RELEASE.jar:/home/user/.m2/repository/org/springframework/spring-beans/5.1.3.RELEASE/spring-beans-5.1.3.RELEASE.jar:/home/user/.m2/repository/org/springframework/spring-core/5.1.3.RELEASE/spring-core-5.1.3.RELEASE.jar:/home/user/.m2/repository/org/springframework/spring-jcl/5.1.3.RELEASE/spring-jcl-5.1.3.RELEASE.jar:/home/user/.m2/repository/org/springframework/spring-tx/5.1.3.RELEASE/spring-tx-5.1.3.RELEASE.jar:/home/user/.m2/repository/org/apache/hadoop/hadoop-ozone-client/0.5.0-SNAPSHOT/hadoop-ozone-client-0.5.0-SNAPSHOT.jar:/home/user/.m2/repository/commons-lang/commons-lang/2.6/commons-lang-2.6.jar:/home/user/.m2/repository/org/apache/hadoop/hadoop-ozone-ozone-manager/0.5.0-SNAPSHOT/hadoop-ozone-ozone-manager-0.5.0-SNAPSHOT-tests.jar:/home/user/.m2/repository/junit/junit/4.11/junit-4.11.jar:/home/user/.m2/repository/org/hamcrest/hamcrest-core/1.3/hamcrest-core-1.3.jar:/home/user/.m2/repository/org/openjdk/jmh/jmh-core/1.19/jmh-core-1.19.jar:/home/user/.m2/repository/net/sf/jopt-simple/jopt-simple/4.6/jopt-simple-4.6.jar:/home/user/.m2/repository/org/apache/commons/commons-math3/3.1.1/commons-math3-3.1.1.jar:/home/user/.m2/repository/org/openjdk/jmh/jmh-generator-annprocess/1.19/jmh-generator-annprocess-1.19.jar:/home/user/.m2/repository/org/mockito/mockito-all/1.8.5/mockito-all-1.8.5.jar:/home/user/.m2/repository/org/apache/hadoop/hadoop-kms/3.2.0/hadoop-kms-3.2.0.jar:/home/user/.m2/repository/org/apache/hadoop/hadoop-auth/3.2.0/hadoop-auth-3.2.0.jar:/home/user/.m2/repository/com/nimbusds/nimbus-jose-jwt/4.41.1/nimbus-jose-jwt-4.41.1.jar:/home/user/.m2/repository/com/github/stephenc/jcip/jcip-annotations/1.0-1/jcip-annotations-1.0-1.jar:/home/user/.m2/repository/net/minidev/json-smart/2.3/json-smart-2.3.jar:/home/user/.m2/repository/net/minidev/accessors-smart/1.2/accessors-smart-1.2.jar:/home/user/.m2/repository/org/ow2/asm/asm/5.0.4/asm-5.0.4.jar:/home/user/.m2/repository/org/apache/curator/curator-framework/2.12.0/curator-framework-2.12.0.jar:/home/user/.m2/repository/com/sun/jersey/jersey-core/1.19/jersey-core-1.19.jar:/home/user/.m2/repository/javax/ws/rs/jsr311-api/1.1.1/jsr311-api-1.1.1.jar:/home/user/.m2/repository/com/sun/jersey/jersey-server/1.19/jersey-server-1.19.jar:/home/user/.m2/repository/javax/servlet/javax.servlet-api/3.1.0/javax.servlet-api-3.1.0.jar:/home/user/.m2/repository/org/eclipse/jetty/jetty-server/9.3.25.v20180904/jetty-server-9.3.25.v20180904.jar:/home/user/.m2/repository/org/eclipse/jetty/jetty-http/9.3.25.v20180904/jetty-http-9.3.25.v20180904.jar:/home/user/.m2/repository/org/eclipse/jetty/jetty-io/9.3.25.v20180904/jetty-io-9.3.25.v20180904.jar:/home/user/.m2/repository/org/eclipse/jetty/jetty-webapp/9.3.25.v20180904/jetty-webapp-9.3.25.v20180904.jar:/home/user/.m2/repository/org/eclipse/jetty/jetty-xml/9.3.25.v20180904/jetty-xml-9.3.25.v20180904.jar:/home/user/.m2/repository/log4j/log4j/1.2.17/log4j-1.2.17.jar:/home/user/.m2/repository/org/slf4j/slf4j-api/1.7.25/slf4j-api-1.7.25.jar:/home/user/.m2/repository/org/slf4j/jul-to-slf4j/1.7.25/jul-to-slf4j-1.7.25.jar:/home/user/.m2/repository/org/eclipse/jetty/jetty-util/9.3.25.v20180904/jetty-util-9.3.25.v20180904.jar:/home/user/.m2/repository/com/fasterxml/jackson/core/jackson-databind/2.9.9/jackson-databind-2.9.9.jar:/home/user/.m2/repository/org/apache/hadoop/hadoop-kms/3.2.0/hadoop-kms-3.2.0-tests.jar:/home/user/.m2/repository/org/apache/hadoop/hadoop-hdds-server-scm/0.5.0-SNAPSHOT/hadoop-hdds-server-scm-0.5.0-SNAPSHOT-tests.jar:/home/user/.m2/repository/org/apache/hadoop/hadoop-hdds-container-service/0.5.0-SNAPSHOT/hadoop-hdds-container-service-0.5.0-SNAPSHOT-tests.jar:/home/user/.m2/repository/org/yaml/snakeyaml/1.16/snakeyaml-1.16.jar:/home/user/.m2/repository/org/apache/hadoop/hadoop-common/3.2.0/hadoop-common-3.2.0-tests.jar:/home/user/.m2/repository/org/apache/hadoop/hadoop-annotations/3.2.0/hadoop-annotations-3.2.0.jar:/usr/lib/jvm/java-1.8-openjdk/jre/../lib/tools.jar:/home/user/.m2/repository/commons-cli/commons-cli/1.2/commons-cli-1.2.jar:/home/user/.m2/repository/org/apache/httpcomponents/httpclient/4.5.2/httpclient-4.5.2.jar:/home/user/.m2/repository/org/apache/httpcomponents/httpcore/4.4.4/httpcore-4.4.4.jar:/home/user/.m2/repository/commons-codec/commons-codec/1.11/commons-codec-1.11.jar:/home/user/.m2/repository/commons-net/commons-net/3.6/commons-net-3.6.jar:/home/user/.m2/repository/commons-collections/commons-collections/3.2.2/commons-collections-3.2.2.jar:/home/user/.m2/repository/org/eclipse/jetty/jetty-servlet/9.3.25.v20180904/jetty-servlet-9.3.25.v20180904.jar:/home/user/.m2/repository/org/eclipse/jetty/jetty-security/9.3.25.v20180904/jetty-security-9.3.25.v20180904.jar:/home/user/.m2/repository/javax/servlet/jsp/jsp-api/2.1/jsp-api-2.1.jar:/home/user/.m2/repository/com/sun/jersey/jersey-servlet/1.19/jersey-servlet-1.19.jar:/home/user/.m2/repository/com/sun/jersey/jersey-json/1.19/jersey-json-1.19.jar:/home/user/.m2/repository/org/codehaus/jettison/jettison/1.1/jettison-1.1.jar:/home/user/.m2/repository/org/codehaus/jackson/jackson-core-asl/1.9.13/jackson-core-asl-1.9.13.jar:/home/user/.m2/repository/org/codehaus/jackson/jackson-mapper-asl/1.9.13/jackson-mapper-asl-1.9.13.jar:/home/user/.m2/repository/org/codehaus/jackson/jackson-jaxrs/1.9.13/jackson-jaxrs-1.9.13.jar:/home/user/.m2/repository/org/codehaus/jackson/jackson-xc/1.9.13/jackson-xc-1.9.13.jar:/home/user/.m2/repository/commons-logging/commons-logging/1.1.3/commons-logging-1.1.3.jar:/home/user/.m2/repository/commons-beanutils/commons-beanutils/1.9.4/commons-beanutils-1.9.4.jar:/home/user/.m2/repository/org/apache/commons/commons-configuration2/2.1.1/commons-configuration2-2.1.1.jar:/home/user/.m2/repository/org/apache/commons/commons-lang3/3.7/commons-lang3-3.7.jar:/home/user/.m2/repository/org/apache/commons/commons-text/1.4/commons-text-1.4.jar:/home/user/.m2/repository/org/apache/avro/avro/1.7.7/avro-1.7.7.jar:/home/user/.m2/repository/com/thoughtworks/paranamer/paranamer/2.3/paranamer-2.3.jar:/home/user/.m2/repository/org/xerial/snappy/snappy-java/1.0.5/snappy-java-1.0.5.jar:/home/user/.m2/repository/com/google/re2j/re2j/1.1/re2j-1.1.jar:/home/user/.m2/repository/com/google/code/gson/gson/2.2.4/gson-2.2.4.jar:/home/user/.m2/repository/com/jcraft/jsch/0.1.54/jsch-0.1.54.jar:/home/user/.m2/repository/org/apache/curator/curator-client/2.12.0/curator-client-2.12.0.jar:/home/user/.m2/repository/org/apache/curator/curator-recipes/2.12.0/curator-recipes-2.12.0.jar:/home/user/.m2/repository/com/google/code/findbugs/jsr305/3.0.0/jsr305-3.0.0.jar:/home/user/.m2/repository/org/apache/htrace/htrace-core4/4.1.0-incubating/htrace-core4-4.1.0-incubating.jar:/home/user/.m2/repository/org/apache/zookeeper/zookeeper/3.4.13/zookeeper-3.4.13.jar:/home/user/.m2/repository/jline/jline/0.9.94/jline-0.9.94.jar:/home/user/.m2/repository/org/apache/yetus/audience-annotations/0.5.0/audience-annotations-0.5.0.jar:/home/user/.m2/repository/org/codehaus/woodstox/stax2-api/3.1.4/stax2-api-3.1.4.jar:/home/user/.m2/repository/com/fasterxml/woodstox/woodstox-core/5.0.3/woodstox-core-5.0.3.jar:/home/user/.m2/repository/dnsjava/dnsjava/2.1.7/dnsjava-2.1.7.jar:/home/user/.m2/repository/org/apache/hadoop/hadoop-hdfs/3.2.0/hadoop-hdfs-3.2.0-tests.jar:/home/user/.m2/repository/org/eclipse/jetty/jetty-util-ajax/9.3.25.v20180904/jetty-util-ajax-9.3.25.v20180904.jar:/home/user/.m2/repository/commons-daemon/commons-daemon/1.0.13/commons-daemon-1.0.13.jar:/home/user/.m2/repository/io/netty/netty/3.10.5.Final/netty-3.10.5.Final.jar:/home/user/.m2/repository/io/netty/netty-all/4.0.52.Final/netty-all-4.0.52.Final.jar:/home/user/.m2/repository/org/fusesource/leveldbjni/leveldbjni-all/1.8/leveldbjni-all-1.8.jar:"/>
    <property name="sun.cpu.endian" value="little"/>
    <property name="user.home" value="/home/user"/>
    <property name="user.language" value="en"/>
    <property name="java.specification.vendor" value="Oracle Corporation"/>
    <property name="java.home" value="/usr/lib/jvm/java-1.8-openjdk/jre"/>
    <property name="java.security.krb5.conf" value="/workdir/hadoop-ozone/integration-test/target/test-classes/krb5.conf"/>
    <property name="basedir" value="/workdir/hadoop-ozone/integration-test"/>
    <property name="file.separator" value="/"/>
    <property name="line.separator" value="&#10;"/>
    <property name="java.vm.specification.vendor" value="Oracle Corporation"/>
    <property name="java.specification.name" value="Java Platform API Specification"/>
    <property name="java.awt.graphicsenv" value="sun.awt.X11GraphicsEnvironment"/>
    <property name="surefire.real.class.path" value="/workdir/hadoop-ozone/integration-test/target/surefire/surefirebooter49953205903279124.jar"/>
    <property name="hadoop.log.dir" value="/workdir/hadoop-ozone/integration-test/target/log"/>
    <property name="sun.boot.class.path" value="/usr/lib/jvm/java-1.8-openjdk/jre/lib/resources.jar:/usr/lib/jvm/java-1.8-openjdk/jre/lib/rt.jar:/usr/lib/jvm/java-1.8-openjdk/jre/lib/sunrsasign.jar:/usr/lib/jvm/java-1.8-openjdk/jre/lib/jsse.jar:/usr/lib/jvm/java-1.8-openjdk/jre/lib/jce.jar:/usr/lib/jvm/java-1.8-openjdk/jre/lib/charsets.jar:/usr/lib/jvm/java-1.8-openjdk/jre/lib/jfr.jar:/usr/lib/jvm/java-1.8-openjdk/jre/classes"/>
    <property name="sun.management.compiler" value="HotSpot 64-Bit Tiered Compilers"/>
    <property name="java.runtime.version" value="1.8.0_212-b04"/>
    <property name="java.net.preferIPv4Stack" value="true"/>
    <property name="user.name" value="jenkins1000"/>
    <property name="path.separator" value=":"/>
    <property name="java.security.egd" value="file:///dev/urandom"/>
    <property name="os.version" value="3.10.0-957.12.2.el7.x86_64"/>
    <property name="java.endorsed.dirs" value="/usr/lib/jvm/java-1.8-openjdk/jre/lib/endorsed"/>
    <property name="java.runtime.name" value="OpenJDK Runtime Environment"/>
    <property name="file.encoding" value="UTF-8"/>
    <property name="java.vm.name" value="OpenJDK 64-Bit Server VM"/>
    <property name="test.build.webapps" value=""/>
    <property name="localRepository" value="/home/user/.m2/repository"/>
    <property name="java.vendor.url.bug" value="https://icedtea.classpath.org/bugzilla"/>
    <property name="java.io.tmpdir" value="/tmp"/>
    <property name="require.test.libhadoop" value=""/>
    <property name="java.version" value="1.8.0_212"/>
    <property name="user.dir" value="/workdir/hadoop-ozone/integration-test"/>
    <property name="os.arch" value="amd64"/>
    <property name="java.vm.specification.name" value="Java Virtual Machine Specification"/>
    <property name="test.build.classes" value="/workdir/hadoop-ozone/integration-test/target/test-classes"/>
    <property name="java.awt.printerjob" value="sun.print.PSPrinterJob"/>
    <property name="sun.os.patch.level" value="unknown"/>
    <property name="hadoop.tmp.dir" value="/workdir/hadoop-ozone/integration-test/target/tmp"/>
    <property name="java.library.path" value="/usr/lib/jvm/java-1.8-openjdk/jre/lib/amd64/server:/usr/lib/jvm/java-1.8-openjdk/jre/lib/amd64:/usr/lib/jvm/java-1.8-openjdk/jre/../lib/amd64:/workdir/hadoop-ozone/integration-test/target/native/target/usr/local/lib:/workdir/hadoop-ozone/integration-test/../../hadoop-common-project/hadoop-common/target/native/target/usr/local/lib:/usr/java/packages/lib/amd64:/usr/lib64:/lib64:/lib:/usr/lib"/>
    <property name="java.vm.info" value="mixed mode"/>
    <property name="java.vendor" value="IcedTea"/>
    <property name="java.vm.version" value="25.212-b04"/>
    <property name="java.ext.dirs" value="/usr/lib/jvm/java-1.8-openjdk/jre/lib/ext:/usr/java/packages/lib/ext"/>
    <property name="sun.io.unicode.encoding" value="UnicodeLittle"/>
    <property name="java.class.version" value="52.0"/>
  </properties>
  <testcase name="testWatchForCommitWithKeyWrite" classname="org.apache.hadoop.ozone.client.rpc.TestWatchForCommit" time="80.692"/>
  <testcase name="testWatchForCommitWithSmallerTimeoutValue" classname="org.apache.hadoop.ozone.client.rpc.TestWatchForCommit" time="46.804"/>
  <testcase name="testWatchForCommitForRetryfailure" classname="org.apache.hadoop.ozone.client.rpc.TestWatchForCommit" time="64.937">
    <failure type="java.lang.AssertionError">java.lang.AssertionError
	at org.junit.Assert.fail(Assert.java:86)
	at org.junit.Assert.assertTrue(Assert.java:41)
	at org.junit.Assert.assertTrue(Assert.java:52)
	at org.apache.hadoop.ozone.client.rpc.TestWatchForCommit.testWatchForCommitForRetryfailure(TestWatchForCommit.java:348)
	at sun.reflect.NativeMethodAccessorImpl.invoke0(Native Method)
	at sun.reflect.NativeMethodAccessorImpl.invoke(NativeMethodAccessorImpl.java:62)
	at sun.reflect.DelegatingMethodAccessorImpl.invoke(DelegatingMethodAccessorImpl.java:43)
	at java.lang.reflect.Method.invoke(Method.java:498)
	at org.junit.runners.model.FrameworkMethod$1.runReflectiveCall(FrameworkMethod.java:47)
	at org.junit.internal.runners.model.ReflectiveCallable.run(ReflectiveCallable.java:12)
	at org.junit.runners.model.FrameworkMethod.invokeExplosively(FrameworkMethod.java:44)
	at org.junit.internal.runners.statements.InvokeMethod.evaluate(InvokeMethod.java:17)
	at org.junit.runners.ParentRunner.runLeaf(ParentRunner.java:271)
	at org.junit.runners.BlockJUnit4ClassRunner.runChild(BlockJUnit4ClassRunner.java:70)
	at org.junit.runners.BlockJUnit4ClassRunner.runChild(BlockJUnit4ClassRunner.java:50)
	at org.junit.runners.ParentRunner$3.run(ParentRunner.java:238)
	at org.junit.runners.ParentRunner$1.schedule(ParentRunner.java:63)
	at org.junit.runners.ParentRunner.runChildren(ParentRunner.java:236)
	at org.junit.runners.ParentRunner.access$000(ParentRunner.java:53)
	at org.junit.runners.ParentRunner$2.evaluate(ParentRunner.java:229)
	at org.junit.runners.ParentRunner.run(ParentRunner.java:309)
	at org.apache.maven.surefire.junit4.JUnit4Provider.execute(JUnit4Provider.java:365)
	at org.apache.maven.surefire.junit4.JUnit4Provider.executeWithRerun(JUnit4Provider.java:273)
	at org.apache.maven.surefire.junit4.JUnit4Provider.executeTestSet(JUnit4Provider.java:238)
	at org.apache.maven.surefire.junit4.JUnit4Provider.invoke(JUnit4Provider.java:159)
	at org.apache.maven.surefire.booter.ForkedBooter.invokeProviderInSameClassLoader(ForkedBooter.java:384)
	at org.apache.maven.surefire.booter.ForkedBooter.runSuitesInProcess(ForkedBooter.java:345)
	at org.apache.maven.surefire.booter.ForkedBooter.execute(ForkedBooter.java:126)
	at org.apache.maven.surefire.booter.ForkedBooter.main(ForkedBooter.java:418)
</failure>
    <system-out><![CDATA[2019-10-09 23:57:08,059 [main] WARN  server.ServerUtils (ServerUtils.java:getScmDbDir(145)) - ozone.scm.db.dirs is not configured. We recommend adding this setting. Falling back to ozone.metadata.dirs instead.
2019-10-09 23:57:08,074 [main] WARN  server.ServerUtils (ServerUtils.java:getScmDbDir(145)) - ozone.scm.db.dirs is not configured. We recommend adding this setting. Falling back to ozone.metadata.dirs instead.
2019-10-09 23:57:08,074 [main] WARN  server.ServerUtils (ServerUtils.java:getScmDbDir(145)) - ozone.scm.db.dirs is not configured. We recommend adding this setting. Falling back to ozone.metadata.dirs instead.
2019-10-09 23:57:08,075 [main] INFO  db.DBStoreBuilder (DBStoreBuilder.java:addTable(117)) - using custom profile for table: deletedBlocks
2019-10-09 23:57:08,075 [main] INFO  db.DBStoreBuilder (DBStoreBuilder.java:processTables(168)) - Using default column profile:DBProfile.DISK for Table:deletedBlocks
2019-10-09 23:57:08,076 [main] INFO  db.DBStoreBuilder (DBStoreBuilder.java:addTable(117)) - using custom profile for table: validCerts
2019-10-09 23:57:08,076 [main] INFO  db.DBStoreBuilder (DBStoreBuilder.java:processTables(168)) - Using default column profile:DBProfile.DISK for Table:validCerts
2019-10-09 23:57:08,076 [main] INFO  db.DBStoreBuilder (DBStoreBuilder.java:addTable(117)) - using custom profile for table: revokedCerts
2019-10-09 23:57:08,076 [main] INFO  db.DBStoreBuilder (DBStoreBuilder.java:processTables(168)) - Using default column profile:DBProfile.DISK for Table:revokedCerts
2019-10-09 23:57:08,076 [main] INFO  db.DBStoreBuilder (DBStoreBuilder.java:addTable(117)) - using custom profile for table: default
2019-10-09 23:57:08,077 [main] INFO  db.DBStoreBuilder (DBStoreBuilder.java:processTables(174)) - Using default column profile:DBProfile.DISK for Table:default
2019-10-09 23:57:08,077 [main] INFO  db.DBStoreBuilder (DBStoreBuilder.java:getDbProfile(205)) - Using default options. DBProfile.DISK
2019-10-09 23:57:08,168 [main] INFO  net.NodeSchemaLoader (NodeSchemaLoader.java:loadSchemaFromFile(125)) - Loading file from sun.misc.CompoundEnumeration@4b1ec694
2019-10-09 23:57:08,169 [main] INFO  net.NodeSchemaLoader (NodeSchemaLoader.java:loadSchema(171)) - Loading network topology layer schema file
2019-10-09 23:57:08,176 [main] WARN  server.ServerUtils (ServerUtils.java:sanitizeUserArgs(70)) - ozone.scm.stale.node.interval value = 300000 is larger than max = 100000 based on the key value of ozone.scm.heartbeat.thread.interval, reset to the max value 100000.
2019-10-09 23:57:08,176 [main] WARN  server.ServerUtils (ServerUtils.java:sanitizeUserArgs(70)) - ozone.scm.stale.node.interval value = 300000 is larger than max = 100000 based on the key value of ozone.scm.heartbeat.thread.interval, reset to the max value 100000.
2019-10-09 23:57:08,177 [main] INFO  node.SCMNodeManager (SCMNodeManager.java:<init>(116)) - Entering startup safe mode.
2019-10-09 23:57:08,178 [main] INFO  algorithms.ContainerPlacementPolicyFactory (ContainerPlacementPolicyFactory.java:getPolicy(57)) - Create container placement policy of type org.apache.hadoop.hdds.scm.container.placement.algorithms.SCMContainerPlacementRandom
2019-10-09 23:57:08,178 [main] WARN  server.ServerUtils (ServerUtils.java:getScmDbDir(145)) - ozone.scm.db.dirs is not configured. We recommend adding this setting. Falling back to ozone.metadata.dirs instead.
2019-10-09 23:57:08,226 [main] INFO  pipeline.SCMPipelineManager (SCMPipelineManager.java:initializePipelineState(132)) - No pipeline exists in current db
2019-10-09 23:57:08,226 [main] WARN  server.ServerUtils (ServerUtils.java:getScmDbDir(145)) - ozone.scm.db.dirs is not configured. We recommend adding this setting. Falling back to ozone.metadata.dirs instead.
2019-10-09 23:57:08,275 [main] WARN  events.EventQueue (EventQueue.java:fireEvent(183)) - No event handler registered for event TypedEvent{payloadType=SafeModeStatus, name='SafeModeStatus'}
2019-10-09 23:57:08,275 [main] INFO  ipc.CallQueueManager (CallQueueManager.java:<init>(84)) - Using callQueue: class java.util.concurrent.LinkedBlockingQueue, queueCapacity: 2000, scheduler: class org.apache.hadoop.ipc.DefaultRpcScheduler, ipcBackoff: false.
2019-10-09 23:57:08,276 [Socket Reader #1 for port 46519] INFO  ipc.Server (Server.java:run(1074)) - Starting Socket Reader #1 for port 46519
2019-10-09 23:57:08,278 [main] INFO  ipc.CallQueueManager (CallQueueManager.java:<init>(84)) - Using callQueue: class java.util.concurrent.LinkedBlockingQueue, queueCapacity: 2000, scheduler: class org.apache.hadoop.ipc.DefaultRpcScheduler, ipcBackoff: false.
2019-10-09 23:57:08,279 [Socket Reader #1 for port 35054] INFO  ipc.Server (Server.java:run(1074)) - Starting Socket Reader #1 for port 35054
2019-10-09 23:57:08,280 [main] INFO  ipc.CallQueueManager (CallQueueManager.java:<init>(84)) - Using callQueue: class java.util.concurrent.LinkedBlockingQueue, queueCapacity: 2000, scheduler: class org.apache.hadoop.ipc.DefaultRpcScheduler, ipcBackoff: false.
2019-10-09 23:57:08,281 [Socket Reader #1 for port 34967] INFO  ipc.Server (Server.java:run(1074)) - Starting Socket Reader #1 for port 34967
2019-10-09 23:57:08,283 [main] INFO  hdfs.DFSUtil (DFSUtil.java:httpServerTemplateForNNAndJN(1641)) - Starting Web-server for scm at: http://0.0.0.0:0
2019-10-09 23:57:08,284 [main] INFO  server.AuthenticationFilter (AuthenticationFilter.java:constructSecretProvider(240)) - Unable to initialize FileSignerSecretProvider, falling back to use random secrets.
2019-10-09 23:57:08,285 [main] WARN  http.HttpRequestLog (HttpRequestLog.java:getRequestLog(97)) - Jetty request log can only be enabled using Log4j
2019-10-09 23:57:08,286 [main] INFO  http.HttpServer2 (HttpServer2.java:addGlobalFilter(975)) - Added global filter 'safety' (class=org.apache.hadoop.http.HttpServer2$QuotingInputFilter)
2019-10-09 23:57:08,287 [main] INFO  http.HttpServer2 (HttpServer2.java:addFilter(948)) - Added filter static_user_filter (class=org.apache.hadoop.http.lib.StaticUserWebFilter$StaticUserFilter) to context scm
2019-10-09 23:57:08,287 [main] INFO  http.HttpServer2 (HttpServer2.java:addFilter(958)) - Added filter static_user_filter (class=org.apache.hadoop.http.lib.StaticUserWebFilter$StaticUserFilter) to context logs
2019-10-09 23:57:08,287 [main] INFO  http.HttpServer2 (HttpServer2.java:addFilter(958)) - Added filter static_user_filter (class=org.apache.hadoop.http.lib.StaticUserWebFilter$StaticUserFilter) to context static
2019-10-09 23:57:08,289 [main] INFO  server.StorageContainerManager (StorageContainerManager.java:start(772)) - StorageContainerLocationProtocol RPC server is listening at /0.0.0.0:34967
2019-10-09 23:57:08,291 [main] WARN  impl.MetricsConfig (MetricsConfig.java:loadFirst(134)) - Cannot locate configuration: tried hadoop-metrics2-storagecontainermanager.properties,hadoop-metrics2.properties
2019-10-09 23:57:08,292 [main] INFO  impl.MetricsSystemImpl (MetricsSystemImpl.java:startTimer(374)) - Scheduled Metric snapshot period at 10 second(s).
2019-10-09 23:57:08,292 [main] INFO  impl.MetricsSystemImpl (MetricsSystemImpl.java:start(191)) - StorageContainerManager metrics system started
2019-10-09 23:57:08,302 [main] INFO  lib.Interns (Interns.java:removeEldestEntry(50)) - Metrics intern cache overflow at 2011 for MetricsSystem={MetricsSystem=MetricsInfoImpl{name=MetricsSystem, description=MetricsSystem}, MetricsSystem record=MetricsInfoImpl{name=MetricsSystem, description=MetricsSystem record}}
2019-10-09 23:57:08,334 [main] WARN  impl.MetricsSystemImpl (MetricsSystemImpl.java:register(276)) - Sink prometheus already exists!
2019-10-09 23:57:08,369 [main] INFO  server.SCMClientProtocolServer (SCMClientProtocolServer.java:start(159)) - RPC server for Client  is listening at /0.0.0.0:34967
2019-10-09 23:57:08,369 [IPC Server Responder] INFO  ipc.Server (Server.java:run(1314)) - IPC Server Responder: starting
2019-10-09 23:57:08,369 [IPC Server listener on 34967] INFO  ipc.Server (Server.java:run(1153)) - IPC Server listener on 34967: starting
2019-10-09 23:57:08,373 [main] INFO  server.StorageContainerManager (StorageContainerManager.java:start(782)) - ScmBlockLocationProtocol RPC server is listening at /0.0.0.0:35054
2019-10-09 23:57:08,374 [main] INFO  server.SCMBlockProtocolServer (SCMBlockProtocolServer.java:start(146)) - RPC server for Block Protocol is listening at /0.0.0.0:35054
2019-10-09 23:57:08,374 [IPC Server Responder] INFO  ipc.Server (Server.java:run(1314)) - IPC Server Responder: starting
2019-10-09 23:57:08,374 [IPC Server listener on 35054] INFO  ipc.Server (Server.java:run(1153)) - IPC Server listener on 35054: starting
2019-10-09 23:57:08,378 [main] INFO  server.StorageContainerManager (StorageContainerManager.java:start(786)) - ScmDatanodeProtocl RPC server is listening at /0.0.0.0:46519
2019-10-09 23:57:08,378 [main] INFO  server.SCMDatanodeProtocolServer (SCMDatanodeProtocolServer.java:start(169)) - RPC server for DataNodes is listening at /0.0.0.0:46519
2019-10-09 23:57:08,378 [IPC Server Responder] INFO  ipc.Server (Server.java:run(1314)) - IPC Server Responder: starting
2019-10-09 23:57:08,378 [IPC Server listener on 46519] INFO  ipc.Server (Server.java:run(1153)) - IPC Server listener on 46519: starting
2019-10-09 23:57:08,382 [main] INFO  http.HttpServer2 (HttpServer2.java:bindListener(1191)) - Jetty bound to port 46012
2019-10-09 23:57:08,382 [main] INFO  server.Server (Server.java:doStart(351)) - jetty-9.3.25.v20180904, build timestamp: 2018-09-04T21:11:46Z, git hash: 3ce520221d0240229c862b122d2b06c12a625732
2019-10-09 23:57:08,385 [main] INFO  handler.ContextHandler (ContextHandler.java:doStart(781)) - Started o.e.j.s.ServletContextHandler@9ab310b{/logs,file:///workdir/hadoop-ozone/integration-test/target/log,AVAILABLE}
2019-10-09 23:57:08,386 [main] INFO  handler.ContextHandler (ContextHandler.java:doStart(781)) - Started o.e.j.s.ServletContextHandler@49fb0bbd{/static,file:///workdir/hadoop-ozone/integration-test/target/test-classes/webapps/static,AVAILABLE}
2019-10-09 23:57:08,392 [main] INFO  handler.ContextHandler (ContextHandler.java:doStart(781)) - Started o.e.j.w.WebAppContext@484149eb{/,file:///workdir/hadoop-ozone/integration-test/target/test-classes/webapps/scm/,AVAILABLE}{/scm}
2019-10-09 23:57:08,392 [main] INFO  server.AbstractConnector (AbstractConnector.java:doStart(278)) - Started ServerConnector@14c141c0{HTTP/1.1,[http/1.1]}{0.0.0.0:46012}
2019-10-09 23:57:08,393 [main] INFO  server.Server (Server.java:doStart(419)) - Started @128216ms
2019-10-09 23:57:08,393 [main] WARN  impl.MetricsSystemImpl (MetricsSystemImpl.java:register(276)) - Sink prometheus already exists!
2019-10-09 23:57:08,394 [main] INFO  server.BaseHttpServer (BaseHttpServer.java:updateConnectorAddress(215)) - HTTP server of SCM is listening at http://0.0.0.0:46012
2019-10-09 23:57:08,395 [main] WARN  server.ServerUtils (ServerUtils.java:getDBPath(222)) - ozone.om.db.dirs is not configured. We recommend adding this setting. Falling back to ozone.metadata.dirs instead.
2019-10-09 23:57:08,396 [org.apache.hadoop.util.JvmPauseMonitor$Monitor@d611f1c] INFO  util.JvmPauseMonitor (JvmPauseMonitor.java:run(188)) - Starting JVM pause monitor
2019-10-09 23:57:08,408 [main] INFO  ha.OMHANodeDetails (OMHANodeDetails.java:loadOMHAConfig(190)) - Configuration either no ozone.om.address set. Falling back to the default OM address /127.0.0.1:0
2019-10-09 23:57:08,409 [main] INFO  ha.OMHANodeDetails (OMHANodeDetails.java:getOMNodeDetails(220)) - OM Service ID is not set. Setting it to the default ID: omServiceIdDefault
2019-10-09 23:57:08,409 [main] WARN  server.ServerUtils (ServerUtils.java:getDBPath(222)) - ozone.om.db.dirs is not configured. We recommend adding this setting. Falling back to ozone.metadata.dirs instead.
2019-10-09 23:57:08,409 [main] WARN  server.ServerUtils (ServerUtils.java:getDBPath(222)) - ozone.om.db.dirs is not configured. We recommend adding this setting. Falling back to ozone.metadata.dirs instead.
2019-10-09 23:57:08,416 [main] WARN  server.ServerUtils (ServerUtils.java:getDBPath(222)) - ozone.om.db.dirs is not configured. We recommend adding this setting. Falling back to ozone.metadata.dirs instead.
2019-10-09 23:57:08,417 [main] INFO  db.DBStoreBuilder (DBStoreBuilder.java:addTable(117)) - using custom profile for table: userTable
2019-10-09 23:57:08,417 [main] INFO  db.DBStoreBuilder (DBStoreBuilder.java:processTables(168)) - Using default column profile:DBProfile.DISK for Table:userTable
2019-10-09 23:57:08,417 [main] INFO  db.DBStoreBuilder (DBStoreBuilder.java:addTable(117)) - using custom profile for table: volumeTable
2019-10-09 23:57:08,417 [main] INFO  db.DBStoreBuilder (DBStoreBuilder.java:processTables(168)) - Using default column profile:DBProfile.DISK for Table:volumeTable
2019-10-09 23:57:08,418 [main] INFO  db.DBStoreBuilder (DBStoreBuilder.java:addTable(117)) - using custom profile for table: bucketTable
2019-10-09 23:57:08,418 [main] INFO  db.DBStoreBuilder (DBStoreBuilder.java:processTables(168)) - Using default column profile:DBProfile.DISK for Table:bucketTable
2019-10-09 23:57:08,418 [main] INFO  db.DBStoreBuilder (DBStoreBuilder.java:addTable(117)) - using custom profile for table: keyTable
2019-10-09 23:57:08,418 [main] INFO  db.DBStoreBuilder (DBStoreBuilder.java:processTables(168)) - Using default column profile:DBProfile.DISK for Table:keyTable
2019-10-09 23:57:08,418 [main] INFO  db.DBStoreBuilder (DBStoreBuilder.java:addTable(117)) - using custom profile for table: deletedTable
2019-10-09 23:57:08,418 [main] INFO  db.DBStoreBuilder (DBStoreBuilder.java:processTables(168)) - Using default column profile:DBProfile.DISK for Table:deletedTable
2019-10-09 23:57:08,419 [main] INFO  db.DBStoreBuilder (DBStoreBuilder.java:addTable(117)) - using custom profile for table: openKeyTable
2019-10-09 23:57:08,419 [main] INFO  db.DBStoreBuilder (DBStoreBuilder.java:processTables(168)) - Using default column profile:DBProfile.DISK for Table:openKeyTable
2019-10-09 23:57:08,419 [main] INFO  db.DBStoreBuilder (DBStoreBuilder.java:addTable(117)) - using custom profile for table: s3Table
2019-10-09 23:57:08,419 [main] INFO  db.DBStoreBuilder (DBStoreBuilder.java:processTables(168)) - Using default column profile:DBProfile.DISK for Table:s3Table
2019-10-09 23:57:08,419 [main] INFO  db.DBStoreBuilder (DBStoreBuilder.java:addTable(117)) - using custom profile for table: multipartInfoTable
2019-10-09 23:57:08,419 [main] INFO  db.DBStoreBuilder (DBStoreBuilder.java:processTables(168)) - Using default column profile:DBProfile.DISK for Table:multipartInfoTable
2019-10-09 23:57:08,420 [main] INFO  db.DBStoreBuilder (DBStoreBuilder.java:addTable(117)) - using custom profile for table: dTokenTable
2019-10-09 23:57:08,420 [main] INFO  db.DBStoreBuilder (DBStoreBuilder.java:processTables(168)) - Using default column profile:DBProfile.DISK for Table:dTokenTable
2019-10-09 23:57:08,420 [main] INFO  db.DBStoreBuilder (DBStoreBuilder.java:addTable(117)) - using custom profile for table: s3SecretTable
2019-10-09 23:57:08,420 [main] INFO  db.DBStoreBuilder (DBStoreBuilder.java:processTables(168)) - Using default column profile:DBProfile.DISK for Table:s3SecretTable
2019-10-09 23:57:08,420 [main] INFO  db.DBStoreBuilder (DBStoreBuilder.java:addTable(117)) - using custom profile for table: prefixTable
2019-10-09 23:57:08,421 [main] INFO  db.DBStoreBuilder (DBStoreBuilder.java:processTables(168)) - Using default column profile:DBProfile.DISK for Table:prefixTable
2019-10-09 23:57:08,421 [main] INFO  db.DBStoreBuilder (DBStoreBuilder.java:addTable(117)) - using custom profile for table: default
2019-10-09 23:57:08,421 [main] INFO  db.DBStoreBuilder (DBStoreBuilder.java:processTables(174)) - Using default column profile:DBProfile.DISK for Table:default
2019-10-09 23:57:08,421 [main] INFO  db.DBStoreBuilder (DBStoreBuilder.java:getDbProfile(205)) - Using default options. DBProfile.DISK
2019-10-09 23:57:08,861 [main] INFO  ipc.CallQueueManager (CallQueueManager.java:<init>(84)) - Using callQueue: class java.util.concurrent.LinkedBlockingQueue, queueCapacity: 2000, scheduler: class org.apache.hadoop.ipc.DefaultRpcScheduler, ipcBackoff: false.
2019-10-09 23:57:08,861 [Socket Reader #1 for port 45632] INFO  ipc.Server (Server.java:run(1074)) - Starting Socket Reader #1 for port 45632
2019-10-09 23:57:08,877 [main] INFO  om.OzoneManager (OzoneManager.java:start(1069)) - OzoneManager RPC server is listening at localhost/127.0.0.1:45632
2019-10-09 23:57:08,877 [main] INFO  impl.MetricsSystemImpl (MetricsSystemImpl.java:init(158)) - OzoneManager metrics system started (again)
2019-10-09 23:57:08,879 [IPC Server Responder] INFO  ipc.Server (Server.java:run(1314)) - IPC Server Responder: starting
2019-10-09 23:57:08,879 [IPC Server listener on 45632] INFO  ipc.Server (Server.java:run(1153)) - IPC Server listener on 45632: starting
2019-10-09 23:57:08,883 [main] INFO  hdfs.DFSUtil (DFSUtil.java:httpServerTemplateForNNAndJN(1641)) - Starting Web-server for ozoneManager at: http://0.0.0.0:0
2019-10-09 23:57:08,884 [main] INFO  server.AuthenticationFilter (AuthenticationFilter.java:constructSecretProvider(240)) - Unable to initialize FileSignerSecretProvider, falling back to use random secrets.
2019-10-09 23:57:08,885 [main] WARN  http.HttpRequestLog (HttpRequestLog.java:getRequestLog(97)) - Jetty request log can only be enabled using Log4j
2019-10-09 23:57:08,886 [main] INFO  http.HttpServer2 (HttpServer2.java:addGlobalFilter(975)) - Added global filter 'safety' (class=org.apache.hadoop.http.HttpServer2$QuotingInputFilter)
2019-10-09 23:57:08,886 [main] INFO  http.HttpServer2 (HttpServer2.java:addFilter(948)) - Added filter static_user_filter (class=org.apache.hadoop.http.lib.StaticUserWebFilter$StaticUserFilter) to context ozoneManager
2019-10-09 23:57:08,887 [main] INFO  http.HttpServer2 (HttpServer2.java:addFilter(958)) - Added filter static_user_filter (class=org.apache.hadoop.http.lib.StaticUserWebFilter$StaticUserFilter) to context static
2019-10-09 23:57:08,887 [main] INFO  http.HttpServer2 (HttpServer2.java:addFilter(958)) - Added filter static_user_filter (class=org.apache.hadoop.http.lib.StaticUserWebFilter$StaticUserFilter) to context logs
2019-10-09 23:57:08,887 [main] INFO  http.HttpServer2 (HttpServer2.java:bindListener(1191)) - Jetty bound to port 38366
2019-10-09 23:57:08,887 [main] INFO  server.Server (Server.java:doStart(351)) - jetty-9.3.25.v20180904, build timestamp: 2018-09-04T21:11:46Z, git hash: 3ce520221d0240229c862b122d2b06c12a625732
2019-10-09 23:57:08,889 [main] INFO  handler.ContextHandler (ContextHandler.java:doStart(781)) - Started o.e.j.s.ServletContextHandler@29fe4840{/logs,file:///workdir/hadoop-ozone/integration-test/target/log,AVAILABLE}
2019-10-09 23:57:08,889 [main] INFO  handler.ContextHandler (ContextHandler.java:doStart(781)) - Started o.e.j.s.ServletContextHandler@4684240f{/static,file:///workdir/hadoop-ozone/integration-test/target/test-classes/webapps/static,AVAILABLE}
2019-10-09 23:57:08,893 [main] INFO  handler.ContextHandler (ContextHandler.java:doStart(781)) - Started o.e.j.w.WebAppContext@144ab983{/,file:///workdir/hadoop-ozone/integration-test/target/test-classes/webapps/ozoneManager/,AVAILABLE}{/ozoneManager}
2019-10-09 23:57:08,893 [main] INFO  server.AbstractConnector (AbstractConnector.java:doStart(278)) - Started ServerConnector@7ebe2e47{HTTP/1.1,[http/1.1]}{0.0.0.0:38366}
2019-10-09 23:57:08,894 [main] INFO  server.Server (Server.java:doStart(419)) - Started @128716ms
2019-10-09 23:57:08,894 [main] WARN  impl.MetricsSystemImpl (MetricsSystemImpl.java:register(276)) - Sink prometheus already exists!
2019-10-09 23:57:08,895 [main] INFO  server.BaseHttpServer (BaseHttpServer.java:updateConnectorAddress(215)) - HTTP server of OZONEMANAGER is listening at http://0.0.0.0:38366
2019-10-09 23:57:08,909 [main] INFO  impl.MetricsSystemImpl (MetricsSystemImpl.java:init(158)) - HddsDatanode metrics system started (again)
2019-10-09 23:57:08,911 [main] INFO  ozone.HddsDatanodeService (HddsDatanodeService.java:start(184)) - HddsDatanodeService host:pr-hdds-1868-fg6nx-4263576025 ip:192.168.5.166
2019-10-09 23:57:08,916 [main] INFO  volume.HddsVolume (HddsVolume.java:<init>(176)) - Creating Volume: /workdir/hadoop-ozone/integration-test/target/test-dir/MiniOzoneClusterImpl-f2beb584-d50b-4d1b-9113-e73b8a8f1d7e/datanode-0/data/containers/hdds of  storage type : DISK and capacity : 1482555576320
2019-10-09 23:57:08,917 [main] INFO  volume.VolumeSet (VolumeSet.java:initializeVolumeSet(170)) - Added Volume : /workdir/hadoop-ozone/integration-test/target/test-dir/MiniOzoneClusterImpl-f2beb584-d50b-4d1b-9113-e73b8a8f1d7e/datanode-0/data/containers/hdds to VolumeSet
2019-10-09 23:57:08,917 [main] INFO  volume.ThrottledAsyncChecker (ThrottledAsyncChecker.java:schedule(141)) - Scheduling a check for org.apache.hadoop.ozone.container.common.volume.HddsVolume@3f6f3cc
2019-10-09 23:57:08,918 [main] INFO  volume.HddsVolumeChecker (HddsVolumeChecker.java:checkAllVolumes(204)) - Scheduled health check for volume org.apache.hadoop.ozone.container.common.volume.HddsVolume@3f6f3cc
2019-10-09 23:57:08,931 [main] INFO  impl.RaftServerProxy (ConfUtils.java:logGet(43)) - raft.rpc.type = GRPC (default)
2019-10-09 23:57:08,931 [main] INFO  grpc.GrpcFactory (GrpcFactory.java:checkPooledByteBufAllocatorUseCacheForAllThreads(45)) - PERFORMANCE WARNING: useCacheForAllThreads is true that may cause Netty to create a lot garbage objects and, as a result, trigger GC.
	It is recommended to disable useCacheForAllThreads by setting -Dorg.apache.ratis.thirdparty.io.netty.allocator.useCacheForAllThreads=false in command line.
2019-10-09 23:57:08,931 [main] INFO  grpc.GrpcConfigKeys$Server (ConfUtils.java:logGet(43)) - raft.grpc.server.port = 0 (default)
2019-10-09 23:57:08,931 [main] INFO  server.GrpcService (ConfUtils.java:logGet(43)) - raft.grpc.message.size.max = 33570816 (custom)
2019-10-09 23:57:08,932 [main] INFO  server.RaftServerConfigKeys (ConfUtils.java:logGet(43)) - raft.server.log.appender.buffer.byte-limit = 33554432 (custom)
2019-10-09 23:57:08,932 [main] INFO  server.GrpcService (ConfUtils.java:logGet(43)) - raft.grpc.flow.control.window = 1MB (=1048576) (default)
2019-10-09 23:57:08,932 [main] INFO  server.RaftServerConfigKeys (ConfUtils.java:logGet(43)) - raft.server.rpc.request.timeout = 3000ms (default)
2019-10-09 23:57:08,933 [main] INFO  server.RaftServerConfigKeys (ConfUtils.java:logGet(43)) - raft.server.storage.dir = [/workdir/hadoop-ozone/integration-test/target/test-dir/MiniOzoneClusterImpl-f2beb584-d50b-4d1b-9113-e73b8a8f1d7e/datanode-0/data/ratis] (custom)
2019-10-09 23:57:08,934 [main] INFO  hdfs.DFSUtil (DFSUtil.java:httpServerTemplateForNNAndJN(1641)) - Starting Web-server for hddsDatanode at: http://0.0.0.0:0
2019-10-09 23:57:08,938 [main] INFO  server.AuthenticationFilter (AuthenticationFilter.java:constructSecretProvider(240)) - Unable to initialize FileSignerSecretProvider, falling back to use random secrets.
2019-10-09 23:57:08,938 [main] WARN  http.HttpRequestLog (HttpRequestLog.java:getRequestLog(97)) - Jetty request log can only be enabled using Log4j
2019-10-09 23:57:08,940 [main] INFO  http.HttpServer2 (HttpServer2.java:addGlobalFilter(975)) - Added global filter 'safety' (class=org.apache.hadoop.http.HttpServer2$QuotingInputFilter)
2019-10-09 23:57:08,940 [main] INFO  http.HttpServer2 (HttpServer2.java:addFilter(948)) - Added filter static_user_filter (class=org.apache.hadoop.http.lib.StaticUserWebFilter$StaticUserFilter) to context hddsDatanode
2019-10-09 23:57:08,940 [main] INFO  http.HttpServer2 (HttpServer2.java:addFilter(958)) - Added filter static_user_filter (class=org.apache.hadoop.http.lib.StaticUserWebFilter$StaticUserFilter) to context logs
2019-10-09 23:57:08,940 [main] INFO  http.HttpServer2 (HttpServer2.java:addFilter(958)) - Added filter static_user_filter (class=org.apache.hadoop.http.lib.StaticUserWebFilter$StaticUserFilter) to context static
2019-10-09 23:57:08,941 [main] INFO  http.HttpServer2 (HttpServer2.java:bindListener(1191)) - Jetty bound to port 44157
2019-10-09 23:57:08,941 [main] INFO  server.Server (Server.java:doStart(351)) - jetty-9.3.25.v20180904, build timestamp: 2018-09-04T21:11:46Z, git hash: 3ce520221d0240229c862b122d2b06c12a625732
2019-10-09 23:57:08,943 [main] INFO  handler.ContextHandler (ContextHandler.java:doStart(781)) - Started o.e.j.s.ServletContextHandler@60f21960{/logs,file:///workdir/hadoop-ozone/integration-test/target/log,AVAILABLE}
2019-10-09 23:57:08,943 [main] INFO  handler.ContextHandler (ContextHandler.java:doStart(781)) - Started o.e.j.s.ServletContextHandler@5a515e5d{/static,jar:file:/home/user/.m2/repository/org/apache/hadoop/hadoop-hdds-container-service/0.5.0-SNAPSHOT/hadoop-hdds-container-service-0.5.0-SNAPSHOT.jar!/webapps/static,AVAILABLE}
2019-10-09 23:57:08,970 [main] INFO  handler.ContextHandler (ContextHandler.java:doStart(781)) - Started o.e.j.w.WebAppContext@14422d9d{/,file:///tmp/jetty-0.0.0.0-44157-hddsDatanode-_-any-4541489283661527733.dir/webapp/,AVAILABLE}{/hddsDatanode}
2019-10-09 23:57:08,971 [main] INFO  server.AbstractConnector (AbstractConnector.java:doStart(278)) - Started ServerConnector@16c1519e{HTTP/1.1,[http/1.1]}{0.0.0.0:44157}
2019-10-09 23:57:08,973 [main] INFO  server.Server (Server.java:doStart(419)) - Started @128796ms
2019-10-09 23:57:08,973 [main] WARN  impl.MetricsSystemImpl (MetricsSystemImpl.java:register(276)) - Sink prometheus already exists!
2019-10-09 23:57:08,974 [main] INFO  server.BaseHttpServer (BaseHttpServer.java:updateConnectorAddress(215)) - HTTP server of HDDSDATANODE is listening at http://0.0.0.0:44157
2019-10-09 23:57:08,974 [main] INFO  impl.MetricsSystemImpl (MetricsSystemImpl.java:init(158)) - HddsDatanode metrics system started (again)
2019-10-09 23:57:08,977 [org.apache.hadoop.util.JvmPauseMonitor$Monitor@45b009ee] INFO  util.JvmPauseMonitor (JvmPauseMonitor.java:run(188)) - Starting JVM pause monitor
2019-10-09 23:57:08,977 [main] INFO  ozone.HddsDatanodeService (HddsDatanodeService.java:start(184)) - HddsDatanodeService host:pr-hdds-1868-fg6nx-4263576025 ip:192.168.5.166
2019-10-09 23:57:08,981 [Datanode State Machine Thread - 0] INFO  datanode.InitDatanodeState (InitDatanodeState.java:persistContainerDatanodeDetails(140)) - DatanodeDetails is persisted to /workdir/hadoop-ozone/integration-test/target/test-dir/MiniOzoneClusterImpl-f2beb584-d50b-4d1b-9113-e73b8a8f1d7e/datanode-0/meta/datanode.id
2019-10-09 23:57:08,983 [main] INFO  volume.HddsVolume (HddsVolume.java:<init>(176)) - Creating Volume: /workdir/hadoop-ozone/integration-test/target/test-dir/MiniOzoneClusterImpl-f2beb584-d50b-4d1b-9113-e73b8a8f1d7e/datanode-1/data/containers/hdds of  storage type : DISK and capacity : 1482555576320
2019-10-09 23:57:08,984 [main] INFO  volume.VolumeSet (VolumeSet.java:initializeVolumeSet(170)) - Added Volume : /workdir/hadoop-ozone/integration-test/target/test-dir/MiniOzoneClusterImpl-f2beb584-d50b-4d1b-9113-e73b8a8f1d7e/datanode-1/data/containers/hdds to VolumeSet
2019-10-09 23:57:08,984 [main] INFO  volume.ThrottledAsyncChecker (ThrottledAsyncChecker.java:schedule(141)) - Scheduling a check for org.apache.hadoop.ozone.container.common.volume.HddsVolume@1536ea40
2019-10-09 23:57:08,984 [main] INFO  volume.HddsVolumeChecker (HddsVolumeChecker.java:checkAllVolumes(204)) - Scheduled health check for volume org.apache.hadoop.ozone.container.common.volume.HddsVolume@1536ea40
2019-10-09 23:57:08,998 [main] INFO  impl.RaftServerProxy (ConfUtils.java:logGet(43)) - raft.rpc.type = GRPC (default)
2019-10-09 23:57:08,998 [main] INFO  grpc.GrpcFactory (GrpcFactory.java:checkPooledByteBufAllocatorUseCacheForAllThreads(45)) - PERFORMANCE WARNING: useCacheForAllThreads is true that may cause Netty to create a lot garbage objects and, as a result, trigger GC.
	It is recommended to disable useCacheForAllThreads by setting -Dorg.apache.ratis.thirdparty.io.netty.allocator.useCacheForAllThreads=false in command line.
2019-10-09 23:57:08,998 [main] INFO  grpc.GrpcConfigKeys$Server (ConfUtils.java:logGet(43)) - raft.grpc.server.port = 0 (default)
2019-10-09 23:57:08,999 [main] INFO  server.GrpcService (ConfUtils.java:logGet(43)) - raft.grpc.message.size.max = 33570816 (custom)
2019-10-09 23:57:08,999 [main] INFO  server.RaftServerConfigKeys (ConfUtils.java:logGet(43)) - raft.server.log.appender.buffer.byte-limit = 33554432 (custom)
2019-10-09 23:57:08,999 [main] INFO  server.GrpcService (ConfUtils.java:logGet(43)) - raft.grpc.flow.control.window = 1MB (=1048576) (default)
2019-10-09 23:57:08,999 [main] INFO  server.RaftServerConfigKeys (ConfUtils.java:logGet(43)) - raft.server.rpc.request.timeout = 3000ms (default)
2019-10-09 23:57:09,000 [main] INFO  server.RaftServerConfigKeys (ConfUtils.java:logGet(43)) - raft.server.storage.dir = [/workdir/hadoop-ozone/integration-test/target/test-dir/MiniOzoneClusterImpl-f2beb584-d50b-4d1b-9113-e73b8a8f1d7e/datanode-1/data/ratis] (custom)
2019-10-09 23:57:09,003 [main] INFO  hdfs.DFSUtil (DFSUtil.java:httpServerTemplateForNNAndJN(1641)) - Starting Web-server for hddsDatanode at: http://0.0.0.0:0
2019-10-09 23:57:09,005 [main] INFO  server.AuthenticationFilter (AuthenticationFilter.java:constructSecretProvider(240)) - Unable to initialize FileSignerSecretProvider, falling back to use random secrets.
2019-10-09 23:57:09,005 [main] WARN  http.HttpRequestLog (HttpRequestLog.java:getRequestLog(97)) - Jetty request log can only be enabled using Log4j
2019-10-09 23:57:09,007 [main] INFO  http.HttpServer2 (HttpServer2.java:addGlobalFilter(975)) - Added global filter 'safety' (class=org.apache.hadoop.http.HttpServer2$QuotingInputFilter)
2019-10-09 23:57:09,008 [main] INFO  http.HttpServer2 (HttpServer2.java:addFilter(948)) - Added filter static_user_filter (class=org.apache.hadoop.http.lib.StaticUserWebFilter$StaticUserFilter) to context hddsDatanode
2019-10-09 23:57:09,008 [main] INFO  http.HttpServer2 (HttpServer2.java:addFilter(958)) - Added filter static_user_filter (class=org.apache.hadoop.http.lib.StaticUserWebFilter$StaticUserFilter) to context logs
2019-10-09 23:57:09,008 [main] INFO  http.HttpServer2 (HttpServer2.java:addFilter(958)) - Added filter static_user_filter (class=org.apache.hadoop.http.lib.StaticUserWebFilter$StaticUserFilter) to context static
2019-10-09 23:57:09,009 [main] INFO  http.HttpServer2 (HttpServer2.java:bindListener(1191)) - Jetty bound to port 39917
2019-10-09 23:57:09,009 [main] INFO  server.Server (Server.java:doStart(351)) - jetty-9.3.25.v20180904, build timestamp: 2018-09-04T21:11:46Z, git hash: 3ce520221d0240229c862b122d2b06c12a625732
2019-10-09 23:57:09,011 [main] INFO  handler.ContextHandler (ContextHandler.java:doStart(781)) - Started o.e.j.s.ServletContextHandler@6418e39e{/logs,file:///workdir/hadoop-ozone/integration-test/target/log,AVAILABLE}
2019-10-09 23:57:09,012 [main] INFO  handler.ContextHandler (ContextHandler.java:doStart(781)) - Started o.e.j.s.ServletContextHandler@1da1380b{/static,jar:file:/home/user/.m2/repository/org/apache/hadoop/hadoop-hdds-container-service/0.5.0-SNAPSHOT/hadoop-hdds-container-service-0.5.0-SNAPSHOT.jar!/webapps/static,AVAILABLE}
2019-10-09 23:57:09,049 [main] INFO  handler.ContextHandler (ContextHandler.java:doStart(781)) - Started o.e.j.w.WebAppContext@5482bcac{/,file:///tmp/jetty-0.0.0.0-39917-hddsDatanode-_-any-5450186050684145863.dir/webapp/,AVAILABLE}{/hddsDatanode}
2019-10-09 23:57:09,049 [main] INFO  server.AbstractConnector (AbstractConnector.java:doStart(278)) - Started ServerConnector@10244722{HTTP/1.1,[http/1.1]}{0.0.0.0:39917}
2019-10-09 23:57:09,051 [main] INFO  server.Server (Server.java:doStart(419)) - Started @128873ms
2019-10-09 23:57:09,051 [main] WARN  impl.MetricsSystemImpl (MetricsSystemImpl.java:register(276)) - Sink prometheus already exists!
2019-10-09 23:57:09,052 [main] INFO  server.BaseHttpServer (BaseHttpServer.java:updateConnectorAddress(215)) - HTTP server of HDDSDATANODE is listening at http://0.0.0.0:39917
2019-10-09 23:57:09,052 [main] INFO  impl.MetricsSystemImpl (MetricsSystemImpl.java:init(158)) - HddsDatanode metrics system started (again)
2019-10-09 23:57:09,055 [org.apache.hadoop.util.JvmPauseMonitor$Monitor@20d8c8be] INFO  util.JvmPauseMonitor (JvmPauseMonitor.java:run(188)) - Starting JVM pause monitor
2019-10-09 23:57:09,056 [main] INFO  ozone.HddsDatanodeService (HddsDatanodeService.java:start(184)) - HddsDatanodeService host:pr-hdds-1868-fg6nx-4263576025 ip:192.168.5.166
2019-10-09 23:57:09,059 [Datanode State Machine Thread - 0] INFO  datanode.InitDatanodeState (InitDatanodeState.java:persistContainerDatanodeDetails(140)) - DatanodeDetails is persisted to /workdir/hadoop-ozone/integration-test/target/test-dir/MiniOzoneClusterImpl-f2beb584-d50b-4d1b-9113-e73b8a8f1d7e/datanode-1/meta/datanode.id
2019-10-09 23:57:09,064 [main] INFO  volume.HddsVolume (HddsVolume.java:<init>(176)) - Creating Volume: /workdir/hadoop-ozone/integration-test/target/test-dir/MiniOzoneClusterImpl-f2beb584-d50b-4d1b-9113-e73b8a8f1d7e/datanode-2/data/containers/hdds of  storage type : DISK and capacity : 1482555576320
2019-10-09 23:57:09,064 [main] INFO  volume.VolumeSet (VolumeSet.java:initializeVolumeSet(170)) - Added Volume : /workdir/hadoop-ozone/integration-test/target/test-dir/MiniOzoneClusterImpl-f2beb584-d50b-4d1b-9113-e73b8a8f1d7e/datanode-2/data/containers/hdds to VolumeSet
2019-10-09 23:57:09,064 [main] INFO  volume.ThrottledAsyncChecker (ThrottledAsyncChecker.java:schedule(141)) - Scheduling a check for org.apache.hadoop.ozone.container.common.volume.HddsVolume@8aeab9e
2019-10-09 23:57:09,065 [main] INFO  volume.HddsVolumeChecker (HddsVolumeChecker.java:checkAllVolumes(204)) - Scheduled health check for volume org.apache.hadoop.ozone.container.common.volume.HddsVolume@8aeab9e
2019-10-09 23:57:09,078 [main] INFO  impl.RaftServerProxy (ConfUtils.java:logGet(43)) - raft.rpc.type = GRPC (default)
2019-10-09 23:57:09,078 [main] INFO  grpc.GrpcFactory (GrpcFactory.java:checkPooledByteBufAllocatorUseCacheForAllThreads(45)) - PERFORMANCE WARNING: useCacheForAllThreads is true that may cause Netty to create a lot garbage objects and, as a result, trigger GC.
	It is recommended to disable useCacheForAllThreads by setting -Dorg.apache.ratis.thirdparty.io.netty.allocator.useCacheForAllThreads=false in command line.
2019-10-09 23:57:09,078 [main] INFO  grpc.GrpcConfigKeys$Server (ConfUtils.java:logGet(43)) - raft.grpc.server.port = 0 (default)
2019-10-09 23:57:09,078 [main] INFO  server.GrpcService (ConfUtils.java:logGet(43)) - raft.grpc.message.size.max = 33570816 (custom)
2019-10-09 23:57:09,079 [main] INFO  server.RaftServerConfigKeys (ConfUtils.java:logGet(43)) - raft.server.log.appender.buffer.byte-limit = 33554432 (custom)
2019-10-09 23:57:09,079 [main] INFO  server.GrpcService (ConfUtils.java:logGet(43)) - raft.grpc.flow.control.window = 1MB (=1048576) (default)
2019-10-09 23:57:09,079 [main] INFO  server.RaftServerConfigKeys (ConfUtils.java:logGet(43)) - raft.server.rpc.request.timeout = 3000ms (default)
2019-10-09 23:57:09,079 [main] INFO  server.RaftServerConfigKeys (ConfUtils.java:logGet(43)) - raft.server.storage.dir = [/workdir/hadoop-ozone/integration-test/target/test-dir/MiniOzoneClusterImpl-f2beb584-d50b-4d1b-9113-e73b8a8f1d7e/datanode-2/data/ratis] (custom)
2019-10-09 23:57:09,081 [main] INFO  hdfs.DFSUtil (DFSUtil.java:httpServerTemplateForNNAndJN(1641)) - Starting Web-server for hddsDatanode at: http://0.0.0.0:0
2019-10-09 23:57:09,082 [main] INFO  server.AuthenticationFilter (AuthenticationFilter.java:constructSecretProvider(240)) - Unable to initialize FileSignerSecretProvider, falling back to use random secrets.
2019-10-09 23:57:09,082 [main] WARN  http.HttpRequestLog (HttpRequestLog.java:getRequestLog(97)) - Jetty request log can only be enabled using Log4j
2019-10-09 23:57:09,083 [main] INFO  http.HttpServer2 (HttpServer2.java:addGlobalFilter(975)) - Added global filter 'safety' (class=org.apache.hadoop.http.HttpServer2$QuotingInputFilter)
2019-10-09 23:57:09,084 [main] INFO  http.HttpServer2 (HttpServer2.java:addFilter(948)) - Added filter static_user_filter (class=org.apache.hadoop.http.lib.StaticUserWebFilter$StaticUserFilter) to context hddsDatanode
2019-10-09 23:57:09,084 [main] INFO  http.HttpServer2 (HttpServer2.java:addFilter(958)) - Added filter static_user_filter (class=org.apache.hadoop.http.lib.StaticUserWebFilter$StaticUserFilter) to context logs
2019-10-09 23:57:09,084 [main] INFO  http.HttpServer2 (HttpServer2.java:addFilter(958)) - Added filter static_user_filter (class=org.apache.hadoop.http.lib.StaticUserWebFilter$StaticUserFilter) to context static
2019-10-09 23:57:09,085 [main] INFO  http.HttpServer2 (HttpServer2.java:bindListener(1191)) - Jetty bound to port 45888
2019-10-09 23:57:09,085 [main] INFO  server.Server (Server.java:doStart(351)) - jetty-9.3.25.v20180904, build timestamp: 2018-09-04T21:11:46Z, git hash: 3ce520221d0240229c862b122d2b06c12a625732
2019-10-09 23:57:09,086 [main] INFO  handler.ContextHandler (ContextHandler.java:doStart(781)) - Started o.e.j.s.ServletContextHandler@3db432c2{/logs,file:///workdir/hadoop-ozone/integration-test/target/log,AVAILABLE}
2019-10-09 23:57:09,087 [main] INFO  handler.ContextHandler (ContextHandler.java:doStart(781)) - Started o.e.j.s.ServletContextHandler@1903b5d{/static,jar:file:/home/user/.m2/repository/org/apache/hadoop/hadoop-hdds-container-service/0.5.0-SNAPSHOT/hadoop-hdds-container-service-0.5.0-SNAPSHOT.jar!/webapps/static,AVAILABLE}
2019-10-09 23:57:09,113 [main] INFO  handler.ContextHandler (ContextHandler.java:doStart(781)) - Started o.e.j.w.WebAppContext@9687f55{/,file:///tmp/jetty-0.0.0.0-45888-hddsDatanode-_-any-7297011996385868305.dir/webapp/,AVAILABLE}{/hddsDatanode}
2019-10-09 23:57:09,113 [main] INFO  server.AbstractConnector (AbstractConnector.java:doStart(278)) - Started ServerConnector@5700c9db{HTTP/1.1,[http/1.1]}{0.0.0.0:45888}
2019-10-09 23:57:09,115 [main] INFO  server.Server (Server.java:doStart(419)) - Started @128937ms
2019-10-09 23:57:09,115 [main] WARN  impl.MetricsSystemImpl (MetricsSystemImpl.java:register(276)) - Sink prometheus already exists!
2019-10-09 23:57:09,116 [main] INFO  server.BaseHttpServer (BaseHttpServer.java:updateConnectorAddress(215)) - HTTP server of HDDSDATANODE is listening at http://0.0.0.0:45888
2019-10-09 23:57:09,116 [main] INFO  impl.MetricsSystemImpl (MetricsSystemImpl.java:init(158)) - HddsDatanode metrics system started (again)
2019-10-09 23:57:09,119 [org.apache.hadoop.util.JvmPauseMonitor$Monitor@ac7b98a] INFO  util.JvmPauseMonitor (JvmPauseMonitor.java:run(188)) - Starting JVM pause monitor
2019-10-09 23:57:09,119 [main] INFO  ozone.HddsDatanodeService (HddsDatanodeService.java:start(184)) - HddsDatanodeService host:pr-hdds-1868-fg6nx-4263576025 ip:192.168.5.166
2019-10-09 23:57:09,120 [Datanode State Machine Thread - 0] INFO  datanode.InitDatanodeState (InitDatanodeState.java:persistContainerDatanodeDetails(140)) - DatanodeDetails is persisted to /workdir/hadoop-ozone/integration-test/target/test-dir/MiniOzoneClusterImpl-f2beb584-d50b-4d1b-9113-e73b8a8f1d7e/datanode-2/meta/datanode.id
2019-10-09 23:57:09,125 [main] INFO  volume.HddsVolume (HddsVolume.java:<init>(176)) - Creating Volume: /workdir/hadoop-ozone/integration-test/target/test-dir/MiniOzoneClusterImpl-f2beb584-d50b-4d1b-9113-e73b8a8f1d7e/datanode-3/data/containers/hdds of  storage type : DISK and capacity : 1482555576320
2019-10-09 23:57:09,125 [main] INFO  volume.VolumeSet (VolumeSet.java:initializeVolumeSet(170)) - Added Volume : /workdir/hadoop-ozone/integration-test/target/test-dir/MiniOzoneClusterImpl-f2beb584-d50b-4d1b-9113-e73b8a8f1d7e/datanode-3/data/containers/hdds to VolumeSet
2019-10-09 23:57:09,126 [main] INFO  volume.ThrottledAsyncChecker (ThrottledAsyncChecker.java:schedule(141)) - Scheduling a check for org.apache.hadoop.ozone.container.common.volume.HddsVolume@1a538ed8
2019-10-09 23:57:09,126 [main] INFO  volume.HddsVolumeChecker (HddsVolumeChecker.java:checkAllVolumes(204)) - Scheduled health check for volume org.apache.hadoop.ozone.container.common.volume.HddsVolume@1a538ed8
2019-10-09 23:57:09,138 [main] INFO  impl.RaftServerProxy (ConfUtils.java:logGet(43)) - raft.rpc.type = GRPC (default)
2019-10-09 23:57:09,139 [main] INFO  grpc.GrpcFactory (GrpcFactory.java:checkPooledByteBufAllocatorUseCacheForAllThreads(45)) - PERFORMANCE WARNING: useCacheForAllThreads is true that may cause Netty to create a lot garbage objects and, as a result, trigger GC.
	It is recommended to disable useCacheForAllThreads by setting -Dorg.apache.ratis.thirdparty.io.netty.allocator.useCacheForAllThreads=false in command line.
2019-10-09 23:57:09,139 [main] INFO  grpc.GrpcConfigKeys$Server (ConfUtils.java:logGet(43)) - raft.grpc.server.port = 0 (default)
2019-10-09 23:57:09,139 [main] INFO  server.GrpcService (ConfUtils.java:logGet(43)) - raft.grpc.message.size.max = 33570816 (custom)
2019-10-09 23:57:09,139 [main] INFO  server.RaftServerConfigKeys (ConfUtils.java:logGet(43)) - raft.server.log.appender.buffer.byte-limit = 33554432 (custom)
2019-10-09 23:57:09,139 [main] INFO  server.GrpcService (ConfUtils.java:logGet(43)) - raft.grpc.flow.control.window = 1MB (=1048576) (default)
2019-10-09 23:57:09,139 [main] INFO  server.RaftServerConfigKeys (ConfUtils.java:logGet(43)) - raft.server.rpc.request.timeout = 3000ms (default)
2019-10-09 23:57:09,140 [main] INFO  server.RaftServerConfigKeys (ConfUtils.java:logGet(43)) - raft.server.storage.dir = [/workdir/hadoop-ozone/integration-test/target/test-dir/MiniOzoneClusterImpl-f2beb584-d50b-4d1b-9113-e73b8a8f1d7e/datanode-3/data/ratis] (custom)
2019-10-09 23:57:09,141 [main] INFO  hdfs.DFSUtil (DFSUtil.java:httpServerTemplateForNNAndJN(1641)) - Starting Web-server for hddsDatanode at: http://0.0.0.0:0
2019-10-09 23:57:09,142 [main] INFO  server.AuthenticationFilter (AuthenticationFilter.java:constructSecretProvider(240)) - Unable to initialize FileSignerSecretProvider, falling back to use random secrets.
2019-10-09 23:57:09,142 [main] WARN  http.HttpRequestLog (HttpRequestLog.java:getRequestLog(97)) - Jetty request log can only be enabled using Log4j
2019-10-09 23:57:09,144 [main] INFO  http.HttpServer2 (HttpServer2.java:addGlobalFilter(975)) - Added global filter 'safety' (class=org.apache.hadoop.http.HttpServer2$QuotingInputFilter)
2019-10-09 23:57:09,144 [main] INFO  http.HttpServer2 (HttpServer2.java:addFilter(948)) - Added filter static_user_filter (class=org.apache.hadoop.http.lib.StaticUserWebFilter$StaticUserFilter) to context hddsDatanode
2019-10-09 23:57:09,144 [main] INFO  http.HttpServer2 (HttpServer2.java:addFilter(958)) - Added filter static_user_filter (class=org.apache.hadoop.http.lib.StaticUserWebFilter$StaticUserFilter) to context logs
2019-10-09 23:57:09,144 [main] INFO  http.HttpServer2 (HttpServer2.java:addFilter(958)) - Added filter static_user_filter (class=org.apache.hadoop.http.lib.StaticUserWebFilter$StaticUserFilter) to context static
2019-10-09 23:57:09,145 [main] INFO  http.HttpServer2 (HttpServer2.java:bindListener(1191)) - Jetty bound to port 34550
2019-10-09 23:57:09,145 [main] INFO  server.Server (Server.java:doStart(351)) - jetty-9.3.25.v20180904, build timestamp: 2018-09-04T21:11:46Z, git hash: 3ce520221d0240229c862b122d2b06c12a625732
2019-10-09 23:57:09,147 [main] INFO  handler.ContextHandler (ContextHandler.java:doStart(781)) - Started o.e.j.s.ServletContextHandler@738d37fc{/logs,file:///workdir/hadoop-ozone/integration-test/target/log,AVAILABLE}
2019-10-09 23:57:09,147 [main] INFO  handler.ContextHandler (ContextHandler.java:doStart(781)) - Started o.e.j.s.ServletContextHandler@61bb1e4d{/static,jar:file:/home/user/.m2/repository/org/apache/hadoop/hadoop-hdds-container-service/0.5.0-SNAPSHOT/hadoop-hdds-container-service-0.5.0-SNAPSHOT.jar!/webapps/static,AVAILABLE}
2019-10-09 23:57:09,173 [main] INFO  handler.ContextHandler (ContextHandler.java:doStart(781)) - Started o.e.j.w.WebAppContext@331ff3ac{/,file:///tmp/jetty-0.0.0.0-34550-hddsDatanode-_-any-7841538971923929055.dir/webapp/,AVAILABLE}{/hddsDatanode}
2019-10-09 23:57:09,173 [main] INFO  server.AbstractConnector (AbstractConnector.java:doStart(278)) - Started ServerConnector@2e5e6fc4{HTTP/1.1,[http/1.1]}{0.0.0.0:34550}
2019-10-09 23:57:09,174 [main] INFO  server.Server (Server.java:doStart(419)) - Started @128997ms
2019-10-09 23:57:09,174 [main] WARN  impl.MetricsSystemImpl (MetricsSystemImpl.java:register(276)) - Sink prometheus already exists!
2019-10-09 23:57:09,175 [main] INFO  server.BaseHttpServer (BaseHttpServer.java:updateConnectorAddress(215)) - HTTP server of HDDSDATANODE is listening at http://0.0.0.0:34550
2019-10-09 23:57:09,175 [main] INFO  impl.MetricsSystemImpl (MetricsSystemImpl.java:init(158)) - HddsDatanode metrics system started (again)
2019-10-09 23:57:09,179 [org.apache.hadoop.util.JvmPauseMonitor$Monitor@5bfd9e78] INFO  util.JvmPauseMonitor (JvmPauseMonitor.java:run(188)) - Starting JVM pause monitor
2019-10-09 23:57:09,179 [main] INFO  ozone.HddsDatanodeService (HddsDatanodeService.java:start(184)) - HddsDatanodeService host:pr-hdds-1868-fg6nx-4263576025 ip:192.168.5.166
2019-10-09 23:57:09,180 [Datanode State Machine Thread - 0] INFO  datanode.InitDatanodeState (InitDatanodeState.java:persistContainerDatanodeDetails(140)) - DatanodeDetails is persisted to /workdir/hadoop-ozone/integration-test/target/test-dir/MiniOzoneClusterImpl-f2beb584-d50b-4d1b-9113-e73b8a8f1d7e/datanode-3/meta/datanode.id
2019-10-09 23:57:09,192 [main] INFO  volume.HddsVolume (HddsVolume.java:<init>(176)) - Creating Volume: /workdir/hadoop-ozone/integration-test/target/test-dir/MiniOzoneClusterImpl-f2beb584-d50b-4d1b-9113-e73b8a8f1d7e/datanode-4/data/containers/hdds of  storage type : DISK and capacity : 1482555576320
2019-10-09 23:57:09,193 [main] INFO  volume.VolumeSet (VolumeSet.java:initializeVolumeSet(170)) - Added Volume : /workdir/hadoop-ozone/integration-test/target/test-dir/MiniOzoneClusterImpl-f2beb584-d50b-4d1b-9113-e73b8a8f1d7e/datanode-4/data/containers/hdds to VolumeSet
2019-10-09 23:57:09,193 [main] INFO  volume.ThrottledAsyncChecker (ThrottledAsyncChecker.java:schedule(141)) - Scheduling a check for org.apache.hadoop.ozone.container.common.volume.HddsVolume@d13baac
2019-10-09 23:57:09,193 [main] INFO  volume.HddsVolumeChecker (HddsVolumeChecker.java:checkAllVolumes(204)) - Scheduled health check for volume org.apache.hadoop.ozone.container.common.volume.HddsVolume@d13baac
2019-10-09 23:57:09,208 [main] INFO  impl.RaftServerProxy (ConfUtils.java:logGet(43)) - raft.rpc.type = GRPC (default)
2019-10-09 23:57:09,208 [main] INFO  grpc.GrpcFactory (GrpcFactory.java:checkPooledByteBufAllocatorUseCacheForAllThreads(45)) - PERFORMANCE WARNING: useCacheForAllThreads is true that may cause Netty to create a lot garbage objects and, as a result, trigger GC.
	It is recommended to disable useCacheForAllThreads by setting -Dorg.apache.ratis.thirdparty.io.netty.allocator.useCacheForAllThreads=false in command line.
2019-10-09 23:57:09,209 [main] INFO  grpc.GrpcConfigKeys$Server (ConfUtils.java:logGet(43)) - raft.grpc.server.port = 0 (default)
2019-10-09 23:57:09,209 [main] INFO  server.GrpcService (ConfUtils.java:logGet(43)) - raft.grpc.message.size.max = 33570816 (custom)
2019-10-09 23:57:09,209 [main] INFO  server.RaftServerConfigKeys (ConfUtils.java:logGet(43)) - raft.server.log.appender.buffer.byte-limit = 33554432 (custom)
2019-10-09 23:57:09,210 [main] INFO  server.GrpcService (ConfUtils.java:logGet(43)) - raft.grpc.flow.control.window = 1MB (=1048576) (default)
2019-10-09 23:57:09,210 [main] INFO  server.RaftServerConfigKeys (ConfUtils.java:logGet(43)) - raft.server.rpc.request.timeout = 3000ms (default)
2019-10-09 23:57:09,211 [main] INFO  server.RaftServerConfigKeys (ConfUtils.java:logGet(43)) - raft.server.storage.dir = [/workdir/hadoop-ozone/integration-test/target/test-dir/MiniOzoneClusterImpl-f2beb584-d50b-4d1b-9113-e73b8a8f1d7e/datanode-4/data/ratis] (custom)
2019-10-09 23:57:09,212 [main] INFO  hdfs.DFSUtil (DFSUtil.java:httpServerTemplateForNNAndJN(1641)) - Starting Web-server for hddsDatanode at: http://0.0.0.0:0
2019-10-09 23:57:09,214 [main] INFO  server.AuthenticationFilter (AuthenticationFilter.java:constructSecretProvider(240)) - Unable to initialize FileSignerSecretProvider, falling back to use random secrets.
2019-10-09 23:57:09,215 [main] WARN  http.HttpRequestLog (HttpRequestLog.java:getRequestLog(97)) - Jetty request log can only be enabled using Log4j
2019-10-09 23:57:09,217 [main] INFO  http.HttpServer2 (HttpServer2.java:addGlobalFilter(975)) - Added global filter 'safety' (class=org.apache.hadoop.http.HttpServer2$QuotingInputFilter)
2019-10-09 23:57:09,217 [main] INFO  http.HttpServer2 (HttpServer2.java:addFilter(948)) - Added filter static_user_filter (class=org.apache.hadoop.http.lib.StaticUserWebFilter$StaticUserFilter) to context hddsDatanode
2019-10-09 23:57:09,217 [main] INFO  http.HttpServer2 (HttpServer2.java:addFilter(958)) - Added filter static_user_filter (class=org.apache.hadoop.http.lib.StaticUserWebFilter$StaticUserFilter) to context logs
2019-10-09 23:57:09,218 [main] INFO  http.HttpServer2 (HttpServer2.java:addFilter(958)) - Added filter static_user_filter (class=org.apache.hadoop.http.lib.StaticUserWebFilter$StaticUserFilter) to context static
2019-10-09 23:57:09,218 [main] INFO  http.HttpServer2 (HttpServer2.java:bindListener(1191)) - Jetty bound to port 41703
2019-10-09 23:57:09,218 [main] INFO  server.Server (Server.java:doStart(351)) - jetty-9.3.25.v20180904, build timestamp: 2018-09-04T21:11:46Z, git hash: 3ce520221d0240229c862b122d2b06c12a625732
2019-10-09 23:57:09,220 [main] INFO  handler.ContextHandler (ContextHandler.java:doStart(781)) - Started o.e.j.s.ServletContextHandler@3fbe503c{/logs,file:///workdir/hadoop-ozone/integration-test/target/log,AVAILABLE}
2019-10-09 23:57:09,220 [main] INFO  handler.ContextHandler (ContextHandler.java:doStart(781)) - Started o.e.j.s.ServletContextHandler@15d0d6c9{/static,jar:file:/home/user/.m2/repository/org/apache/hadoop/hadoop-hdds-container-service/0.5.0-SNAPSHOT/hadoop-hdds-container-service-0.5.0-SNAPSHOT.jar!/webapps/static,AVAILABLE}
2019-10-09 23:57:09,253 [main] INFO  handler.ContextHandler (ContextHandler.java:doStart(781)) - Started o.e.j.w.WebAppContext@536b71b4{/,file:///tmp/jetty-0.0.0.0-41703-hddsDatanode-_-any-7878106314726710474.dir/webapp/,AVAILABLE}{/hddsDatanode}
2019-10-09 23:57:09,253 [main] INFO  server.AbstractConnector (AbstractConnector.java:doStart(278)) - Started ServerConnector@789c3057{HTTP/1.1,[http/1.1]}{0.0.0.0:41703}
2019-10-09 23:57:09,255 [main] INFO  server.Server (Server.java:doStart(419)) - Started @129078ms
2019-10-09 23:57:09,255 [main] WARN  impl.MetricsSystemImpl (MetricsSystemImpl.java:register(276)) - Sink prometheus already exists!
2019-10-09 23:57:09,256 [main] INFO  server.BaseHttpServer (BaseHttpServer.java:updateConnectorAddress(215)) - HTTP server of HDDSDATANODE is listening at http://0.0.0.0:41703
2019-10-09 23:57:09,256 [main] INFO  impl.MetricsSystemImpl (MetricsSystemImpl.java:init(158)) - HddsDatanode metrics system started (again)
2019-10-09 23:57:09,259 [org.apache.hadoop.util.JvmPauseMonitor$Monitor@4e8c047c] INFO  util.JvmPauseMonitor (JvmPauseMonitor.java:run(188)) - Starting JVM pause monitor
2019-10-09 23:57:09,260 [main] INFO  ozone.HddsDatanodeService (HddsDatanodeService.java:start(184)) - HddsDatanodeService host:pr-hdds-1868-fg6nx-4263576025 ip:192.168.5.166
2019-10-09 23:57:09,260 [Datanode State Machine Thread - 0] INFO  datanode.InitDatanodeState (InitDatanodeState.java:persistContainerDatanodeDetails(140)) - DatanodeDetails is persisted to /workdir/hadoop-ozone/integration-test/target/test-dir/MiniOzoneClusterImpl-f2beb584-d50b-4d1b-9113-e73b8a8f1d7e/datanode-4/meta/datanode.id
2019-10-09 23:57:09,265 [main] INFO  volume.HddsVolume (HddsVolume.java:<init>(176)) - Creating Volume: /workdir/hadoop-ozone/integration-test/target/test-dir/MiniOzoneClusterImpl-f2beb584-d50b-4d1b-9113-e73b8a8f1d7e/datanode-5/data/containers/hdds of  storage type : DISK and capacity : 1482555576320
2019-10-09 23:57:09,265 [main] INFO  volume.VolumeSet (VolumeSet.java:initializeVolumeSet(170)) - Added Volume : /workdir/hadoop-ozone/integration-test/target/test-dir/MiniOzoneClusterImpl-f2beb584-d50b-4d1b-9113-e73b8a8f1d7e/datanode-5/data/containers/hdds to VolumeSet
2019-10-09 23:57:09,266 [main] INFO  volume.ThrottledAsyncChecker (ThrottledAsyncChecker.java:schedule(141)) - Scheduling a check for org.apache.hadoop.ozone.container.common.volume.HddsVolume@1ca610a0
2019-10-09 23:57:09,266 [main] INFO  volume.HddsVolumeChecker (HddsVolumeChecker.java:checkAllVolumes(204)) - Scheduled health check for volume org.apache.hadoop.ozone.container.common.volume.HddsVolume@1ca610a0
2019-10-09 23:57:09,278 [main] INFO  impl.RaftServerProxy (ConfUtils.java:logGet(43)) - raft.rpc.type = GRPC (default)
2019-10-09 23:57:09,279 [main] INFO  grpc.GrpcFactory (GrpcFactory.java:checkPooledByteBufAllocatorUseCacheForAllThreads(45)) - PERFORMANCE WARNING: useCacheForAllThreads is true that may cause Netty to create a lot garbage objects and, as a result, trigger GC.
	It is recommended to disable useCacheForAllThreads by setting -Dorg.apache.ratis.thirdparty.io.netty.allocator.useCacheForAllThreads=false in command line.
2019-10-09 23:57:09,279 [main] INFO  grpc.GrpcConfigKeys$Server (ConfUtils.java:logGet(43)) - raft.grpc.server.port = 0 (default)
2019-10-09 23:57:09,279 [main] INFO  server.GrpcService (ConfUtils.java:logGet(43)) - raft.grpc.message.size.max = 33570816 (custom)
2019-10-09 23:57:09,279 [main] INFO  server.RaftServerConfigKeys (ConfUtils.java:logGet(43)) - raft.server.log.appender.buffer.byte-limit = 33554432 (custom)
2019-10-09 23:57:09,280 [main] INFO  server.GrpcService (ConfUtils.java:logGet(43)) - raft.grpc.flow.control.window = 1MB (=1048576) (default)
2019-10-09 23:57:09,280 [main] INFO  server.RaftServerConfigKeys (ConfUtils.java:logGet(43)) - raft.server.rpc.request.timeout = 3000ms (default)
2019-10-09 23:57:09,281 [main] INFO  server.RaftServerConfigKeys (ConfUtils.java:logGet(43)) - raft.server.storage.dir = [/workdir/hadoop-ozone/integration-test/target/test-dir/MiniOzoneClusterImpl-f2beb584-d50b-4d1b-9113-e73b8a8f1d7e/datanode-5/data/ratis] (custom)
2019-10-09 23:57:09,282 [main] INFO  hdfs.DFSUtil (DFSUtil.java:httpServerTemplateForNNAndJN(1641)) - Starting Web-server for hddsDatanode at: http://0.0.0.0:0
2019-10-09 23:57:09,284 [main] INFO  server.AuthenticationFilter (AuthenticationFilter.java:constructSecretProvider(240)) - Unable to initialize FileSignerSecretProvider, falling back to use random secrets.
2019-10-09 23:57:09,284 [main] WARN  http.HttpRequestLog (HttpRequestLog.java:getRequestLog(97)) - Jetty request log can only be enabled using Log4j
2019-10-09 23:57:09,286 [main] INFO  http.HttpServer2 (HttpServer2.java:addGlobalFilter(975)) - Added global filter 'safety' (class=org.apache.hadoop.http.HttpServer2$QuotingInputFilter)
2019-10-09 23:57:09,287 [main] INFO  http.HttpServer2 (HttpServer2.java:addFilter(948)) - Added filter static_user_filter (class=org.apache.hadoop.http.lib.StaticUserWebFilter$StaticUserFilter) to context hddsDatanode
2019-10-09 23:57:09,287 [main] INFO  http.HttpServer2 (HttpServer2.java:addFilter(958)) - Added filter static_user_filter (class=org.apache.hadoop.http.lib.StaticUserWebFilter$StaticUserFilter) to context logs
2019-10-09 23:57:09,287 [main] INFO  http.HttpServer2 (HttpServer2.java:addFilter(958)) - Added filter static_user_filter (class=org.apache.hadoop.http.lib.StaticUserWebFilter$StaticUserFilter) to context static
2019-10-09 23:57:09,288 [main] INFO  http.HttpServer2 (HttpServer2.java:bindListener(1191)) - Jetty bound to port 41446
2019-10-09 23:57:09,288 [main] INFO  server.Server (Server.java:doStart(351)) - jetty-9.3.25.v20180904, build timestamp: 2018-09-04T21:11:46Z, git hash: 3ce520221d0240229c862b122d2b06c12a625732
2019-10-09 23:57:09,289 [main] INFO  handler.ContextHandler (ContextHandler.java:doStart(781)) - Started o.e.j.s.ServletContextHandler@47b269c4{/logs,file:///workdir/hadoop-ozone/integration-test/target/log,AVAILABLE}
2019-10-09 23:57:09,290 [main] INFO  handler.ContextHandler (ContextHandler.java:doStart(781)) - Started o.e.j.s.ServletContextHandler@32091c14{/static,jar:file:/home/user/.m2/repository/org/apache/hadoop/hadoop-hdds-container-service/0.5.0-SNAPSHOT/hadoop-hdds-container-service-0.5.0-SNAPSHOT.jar!/webapps/static,AVAILABLE}
2019-10-09 23:57:09,316 [main] INFO  handler.ContextHandler (ContextHandler.java:doStart(781)) - Started o.e.j.w.WebAppContext@5af5d76f{/,file:///tmp/jetty-0.0.0.0-41446-hddsDatanode-_-any-837421385015869160.dir/webapp/,AVAILABLE}{/hddsDatanode}
2019-10-09 23:57:09,317 [main] INFO  server.AbstractConnector (AbstractConnector.java:doStart(278)) - Started ServerConnector@3a8cea24{HTTP/1.1,[http/1.1]}{0.0.0.0:41446}
2019-10-09 23:57:09,319 [main] INFO  server.Server (Server.java:doStart(419)) - Started @129141ms
2019-10-09 23:57:09,319 [main] WARN  impl.MetricsSystemImpl (MetricsSystemImpl.java:register(276)) - Sink prometheus already exists!
2019-10-09 23:57:09,319 [main] INFO  server.BaseHttpServer (BaseHttpServer.java:updateConnectorAddress(215)) - HTTP server of HDDSDATANODE is listening at http://0.0.0.0:41446
2019-10-09 23:57:09,320 [main] INFO  impl.MetricsSystemImpl (MetricsSystemImpl.java:init(158)) - HddsDatanode metrics system started (again)
2019-10-09 23:57:09,324 [org.apache.hadoop.util.JvmPauseMonitor$Monitor@3ee08a7c] INFO  util.JvmPauseMonitor (JvmPauseMonitor.java:run(188)) - Starting JVM pause monitor
2019-10-09 23:57:09,324 [main] INFO  ozone.HddsDatanodeService (HddsDatanodeService.java:start(184)) - HddsDatanodeService host:pr-hdds-1868-fg6nx-4263576025 ip:192.168.5.166
2019-10-09 23:57:09,325 [Datanode State Machine Thread - 0] INFO  datanode.InitDatanodeState (InitDatanodeState.java:persistContainerDatanodeDetails(140)) - DatanodeDetails is persisted to /workdir/hadoop-ozone/integration-test/target/test-dir/MiniOzoneClusterImpl-f2beb584-d50b-4d1b-9113-e73b8a8f1d7e/datanode-5/meta/datanode.id
2019-10-09 23:57:09,330 [main] INFO  volume.HddsVolume (HddsVolume.java:<init>(176)) - Creating Volume: /workdir/hadoop-ozone/integration-test/target/test-dir/MiniOzoneClusterImpl-f2beb584-d50b-4d1b-9113-e73b8a8f1d7e/datanode-6/data/containers/hdds of  storage type : DISK and capacity : 1482555576320
2019-10-09 23:57:09,331 [main] INFO  volume.VolumeSet (VolumeSet.java:initializeVolumeSet(170)) - Added Volume : /workdir/hadoop-ozone/integration-test/target/test-dir/MiniOzoneClusterImpl-f2beb584-d50b-4d1b-9113-e73b8a8f1d7e/datanode-6/data/containers/hdds to VolumeSet
2019-10-09 23:57:09,331 [main] INFO  volume.ThrottledAsyncChecker (ThrottledAsyncChecker.java:schedule(141)) - Scheduling a check for org.apache.hadoop.ozone.container.common.volume.HddsVolume@2b73bd6b
2019-10-09 23:57:09,331 [main] INFO  volume.HddsVolumeChecker (HddsVolumeChecker.java:checkAllVolumes(204)) - Scheduled health check for volume org.apache.hadoop.ozone.container.common.volume.HddsVolume@2b73bd6b
2019-10-09 23:57:09,345 [main] INFO  impl.RaftServerProxy (ConfUtils.java:logGet(43)) - raft.rpc.type = GRPC (default)
2019-10-09 23:57:09,345 [main] INFO  grpc.GrpcFactory (GrpcFactory.java:checkPooledByteBufAllocatorUseCacheForAllThreads(45)) - PERFORMANCE WARNING: useCacheForAllThreads is true that may cause Netty to create a lot garbage objects and, as a result, trigger GC.
	It is recommended to disable useCacheForAllThreads by setting -Dorg.apache.ratis.thirdparty.io.netty.allocator.useCacheForAllThreads=false in command line.
2019-10-09 23:57:09,345 [main] INFO  grpc.GrpcConfigKeys$Server (ConfUtils.java:logGet(43)) - raft.grpc.server.port = 0 (default)
2019-10-09 23:57:09,345 [main] INFO  server.GrpcService (ConfUtils.java:logGet(43)) - raft.grpc.message.size.max = 33570816 (custom)
2019-10-09 23:57:09,345 [main] INFO  server.RaftServerConfigKeys (ConfUtils.java:logGet(43)) - raft.server.log.appender.buffer.byte-limit = 33554432 (custom)
2019-10-09 23:57:09,346 [main] INFO  server.GrpcService (ConfUtils.java:logGet(43)) - raft.grpc.flow.control.window = 1MB (=1048576) (default)
2019-10-09 23:57:09,346 [main] INFO  server.RaftServerConfigKeys (ConfUtils.java:logGet(43)) - raft.server.rpc.request.timeout = 3000ms (default)
2019-10-09 23:57:09,346 [main] INFO  server.RaftServerConfigKeys (ConfUtils.java:logGet(43)) - raft.server.storage.dir = [/workdir/hadoop-ozone/integration-test/target/test-dir/MiniOzoneClusterImpl-f2beb584-d50b-4d1b-9113-e73b8a8f1d7e/datanode-6/data/ratis] (custom)
2019-10-09 23:57:09,348 [main] INFO  hdfs.DFSUtil (DFSUtil.java:httpServerTemplateForNNAndJN(1641)) - Starting Web-server for hddsDatanode at: http://0.0.0.0:0
2019-10-09 23:57:09,349 [main] INFO  server.AuthenticationFilter (AuthenticationFilter.java:constructSecretProvider(240)) - Unable to initialize FileSignerSecretProvider, falling back to use random secrets.
2019-10-09 23:57:09,349 [main] WARN  http.HttpRequestLog (HttpRequestLog.java:getRequestLog(97)) - Jetty request log can only be enabled using Log4j
2019-10-09 23:57:09,351 [main] INFO  http.HttpServer2 (HttpServer2.java:addGlobalFilter(975)) - Added global filter 'safety' (class=org.apache.hadoop.http.HttpServer2$QuotingInputFilter)
2019-10-09 23:57:09,351 [main] INFO  http.HttpServer2 (HttpServer2.java:addFilter(948)) - Added filter static_user_filter (class=org.apache.hadoop.http.lib.StaticUserWebFilter$StaticUserFilter) to context hddsDatanode
2019-10-09 23:57:09,351 [main] INFO  http.HttpServer2 (HttpServer2.java:addFilter(958)) - Added filter static_user_filter (class=org.apache.hadoop.http.lib.StaticUserWebFilter$StaticUserFilter) to context static
2019-10-09 23:57:09,351 [main] INFO  http.HttpServer2 (HttpServer2.java:addFilter(958)) - Added filter static_user_filter (class=org.apache.hadoop.http.lib.StaticUserWebFilter$StaticUserFilter) to context logs
2019-10-09 23:57:09,352 [main] INFO  http.HttpServer2 (HttpServer2.java:bindListener(1191)) - Jetty bound to port 37906
2019-10-09 23:57:09,352 [main] INFO  server.Server (Server.java:doStart(351)) - jetty-9.3.25.v20180904, build timestamp: 2018-09-04T21:11:46Z, git hash: 3ce520221d0240229c862b122d2b06c12a625732
2019-10-09 23:57:09,354 [main] INFO  handler.ContextHandler (ContextHandler.java:doStart(781)) - Started o.e.j.s.ServletContextHandler@390037e7{/logs,file:///workdir/hadoop-ozone/integration-test/target/log,AVAILABLE}
2019-10-09 23:57:09,354 [main] INFO  handler.ContextHandler (ContextHandler.java:doStart(781)) - Started o.e.j.s.ServletContextHandler@7f4596d0{/static,jar:file:/home/user/.m2/repository/org/apache/hadoop/hadoop-hdds-container-service/0.5.0-SNAPSHOT/hadoop-hdds-container-service-0.5.0-SNAPSHOT.jar!/webapps/static,AVAILABLE}
2019-10-09 23:57:09,380 [main] INFO  handler.ContextHandler (ContextHandler.java:doStart(781)) - Started o.e.j.w.WebAppContext@3fde8f7c{/,file:///tmp/jetty-0.0.0.0-37906-hddsDatanode-_-any-1930840622741215526.dir/webapp/,AVAILABLE}{/hddsDatanode}
2019-10-09 23:57:09,381 [main] INFO  server.AbstractConnector (AbstractConnector.java:doStart(278)) - Started ServerConnector@11d86b9d{HTTP/1.1,[http/1.1]}{0.0.0.0:37906}
2019-10-09 23:57:09,383 [main] INFO  server.Server (Server.java:doStart(419)) - Started @129205ms
2019-10-09 23:57:09,383 [main] WARN  impl.MetricsSystemImpl (MetricsSystemImpl.java:register(276)) - Sink prometheus already exists!
2019-10-09 23:57:09,384 [main] INFO  server.BaseHttpServer (BaseHttpServer.java:updateConnectorAddress(215)) - HTTP server of HDDSDATANODE is listening at http://0.0.0.0:37906
2019-10-09 23:57:09,384 [main] INFO  ozone.MiniOzoneClusterImpl (MiniOzoneClusterImpl.java:lambda$waitForClusterToBeReady$2(172)) - Waiting for cluster to be ready. Got 0 of 7 DN Heartbeats.
2019-10-09 23:57:09,385 [org.apache.hadoop.util.JvmPauseMonitor$Monitor@63df434e] INFO  util.JvmPauseMonitor (JvmPauseMonitor.java:run(188)) - Starting JVM pause monitor
2019-10-09 23:57:09,386 [Datanode State Machine Thread - 0] INFO  datanode.InitDatanodeState (InitDatanodeState.java:persistContainerDatanodeDetails(140)) - DatanodeDetails is persisted to /workdir/hadoop-ozone/integration-test/target/test-dir/MiniOzoneClusterImpl-f2beb584-d50b-4d1b-9113-e73b8a8f1d7e/datanode-6/meta/datanode.id
2019-10-09 23:57:10,384 [main] INFO  ozone.MiniOzoneClusterImpl (MiniOzoneClusterImpl.java:lambda$waitForClusterToBeReady$2(172)) - Waiting for cluster to be ready. Got 0 of 7 DN Heartbeats.
2019-10-09 23:57:11,038 [Datanode State Machine Thread - 0] INFO  ozoneimpl.OzoneContainer (OzoneContainer.java:start(213)) - Attempting to start container services.
2019-10-09 23:57:11,039 [Datanode State Machine Thread - 0] INFO  ozoneimpl.OzoneContainer (OzoneContainer.java:startContainerScrub(177)) - Background container scanner has been disabled.
2019-10-09 23:57:11,039 [Datanode State Machine Thread - 0] INFO  ratis.XceiverServerRatis (XceiverServerRatis.java:start(425)) - Starting XceiverServerRatis 267b4c01-3d7d-4c74-8ccf-ba11236bcdc8 at port 0
2019-10-09 23:57:11,045 [Datanode State Machine Thread - 0] INFO  impl.RaftServerProxy (RaftServerProxy.java:lambda$start$3(299)) - 267b4c01-3d7d-4c74-8ccf-ba11236bcdc8: start RPC server
2019-10-09 23:57:11,048 [Datanode State Machine Thread - 0] INFO  server.GrpcService (GrpcService.java:startImpl(158)) - 267b4c01-3d7d-4c74-8ccf-ba11236bcdc8: GrpcService started, listening on 0.0.0.0/0.0.0.0:40372
2019-10-09 23:57:11,048 [Datanode State Machine Thread - 0] INFO  ratis.XceiverServerRatis (XceiverServerRatis.java:start(435)) - XceiverServerRatis 267b4c01-3d7d-4c74-8ccf-ba11236bcdc8 is started using port 40372
2019-10-09 23:57:11,049 [Datanode State Machine Thread - 0] INFO  server.XceiverServerGrpc (XceiverServerGrpc.java:start(149)) - XceiverServerGrpc 267b4c01-3d7d-4c74-8ccf-ba11236bcdc8 is started using port 34235
2019-10-09 23:57:11,073 [Datanode State Machine Thread - 0] INFO  ozoneimpl.OzoneContainer (OzoneContainer.java:start(213)) - Attempting to start container services.
2019-10-09 23:57:11,075 [Datanode State Machine Thread - 0] INFO  ozoneimpl.OzoneContainer (OzoneContainer.java:startContainerScrub(177)) - Background container scanner has been disabled.
2019-10-09 23:57:11,075 [Datanode State Machine Thread - 0] INFO  ratis.XceiverServerRatis (XceiverServerRatis.java:start(425)) - Starting XceiverServerRatis d1b2fdb4-2a3c-478d-9f55-2a69fc770f7f at port 0
2019-10-09 23:57:11,081 [Datanode State Machine Thread - 0] INFO  impl.RaftServerProxy (RaftServerProxy.java:lambda$start$3(299)) - d1b2fdb4-2a3c-478d-9f55-2a69fc770f7f: start RPC server
2019-10-09 23:57:11,081 [Datanode State Machine Thread - 0] INFO  server.GrpcService (GrpcService.java:startImpl(158)) - d1b2fdb4-2a3c-478d-9f55-2a69fc770f7f: GrpcService started, listening on 0.0.0.0/0.0.0.0:45660
2019-10-09 23:57:11,081 [Datanode State Machine Thread - 0] INFO  ratis.XceiverServerRatis (XceiverServerRatis.java:start(435)) - XceiverServerRatis d1b2fdb4-2a3c-478d-9f55-2a69fc770f7f is started using port 45660
2019-10-09 23:57:11,082 [Datanode State Machine Thread - 0] INFO  server.XceiverServerGrpc (XceiverServerGrpc.java:start(149)) - XceiverServerGrpc d1b2fdb4-2a3c-478d-9f55-2a69fc770f7f is started using port 35858
2019-10-09 23:57:11,133 [Datanode State Machine Thread - 0] INFO  ozoneimpl.OzoneContainer (OzoneContainer.java:start(213)) - Attempting to start container services.
2019-10-09 23:57:11,134 [Datanode State Machine Thread - 0] INFO  ozoneimpl.OzoneContainer (OzoneContainer.java:startContainerScrub(177)) - Background container scanner has been disabled.
2019-10-09 23:57:11,134 [Datanode State Machine Thread - 0] INFO  ratis.XceiverServerRatis (XceiverServerRatis.java:start(425)) - Starting XceiverServerRatis 7efd9bf7-a6c0-4f93-9bd9-a1d7634c727c at port 0
2019-10-09 23:57:11,139 [Datanode State Machine Thread - 0] INFO  impl.RaftServerProxy (RaftServerProxy.java:lambda$start$3(299)) - 7efd9bf7-a6c0-4f93-9bd9-a1d7634c727c: start RPC server
2019-10-09 23:57:11,142 [Datanode State Machine Thread - 0] INFO  server.GrpcService (GrpcService.java:startImpl(158)) - 7efd9bf7-a6c0-4f93-9bd9-a1d7634c727c: GrpcService started, listening on 0.0.0.0/0.0.0.0:46122
2019-10-09 23:57:11,142 [Datanode State Machine Thread - 0] INFO  ratis.XceiverServerRatis (XceiverServerRatis.java:start(435)) - XceiverServerRatis 7efd9bf7-a6c0-4f93-9bd9-a1d7634c727c is started using port 46122
2019-10-09 23:57:11,143 [Datanode State Machine Thread - 0] INFO  server.XceiverServerGrpc (XceiverServerGrpc.java:start(149)) - XceiverServerGrpc 7efd9bf7-a6c0-4f93-9bd9-a1d7634c727c is started using port 34808
2019-10-09 23:57:11,193 [Datanode State Machine Thread - 0] INFO  ozoneimpl.OzoneContainer (OzoneContainer.java:start(213)) - Attempting to start container services.
2019-10-09 23:57:11,193 [Datanode State Machine Thread - 0] INFO  ozoneimpl.OzoneContainer (OzoneContainer.java:startContainerScrub(177)) - Background container scanner has been disabled.
2019-10-09 23:57:11,193 [Datanode State Machine Thread - 0] INFO  ratis.XceiverServerRatis (XceiverServerRatis.java:start(425)) - Starting XceiverServerRatis 78e81a3b-a007-4b1e-9676-7d47e80789cd at port 0
2019-10-09 23:57:11,199 [Datanode State Machine Thread - 0] INFO  impl.RaftServerProxy (RaftServerProxy.java:lambda$start$3(299)) - 78e81a3b-a007-4b1e-9676-7d47e80789cd: start RPC server
2019-10-09 23:57:11,200 [Datanode State Machine Thread - 0] INFO  server.GrpcService (GrpcService.java:startImpl(158)) - 78e81a3b-a007-4b1e-9676-7d47e80789cd: GrpcService started, listening on 0.0.0.0/0.0.0.0:40575
2019-10-09 23:57:11,200 [Datanode State Machine Thread - 0] INFO  ratis.XceiverServerRatis (XceiverServerRatis.java:start(435)) - XceiverServerRatis 78e81a3b-a007-4b1e-9676-7d47e80789cd is started using port 40575
2019-10-09 23:57:11,201 [Datanode State Machine Thread - 0] INFO  server.XceiverServerGrpc (XceiverServerGrpc.java:start(149)) - XceiverServerGrpc 78e81a3b-a007-4b1e-9676-7d47e80789cd is started using port 46605
2019-10-09 23:57:11,273 [Datanode State Machine Thread - 0] INFO  ozoneimpl.OzoneContainer (OzoneContainer.java:start(213)) - Attempting to start container services.
2019-10-09 23:57:11,273 [Datanode State Machine Thread - 0] INFO  ozoneimpl.OzoneContainer (OzoneContainer.java:startContainerScrub(177)) - Background container scanner has been disabled.
2019-10-09 23:57:11,274 [Datanode State Machine Thread - 0] INFO  ratis.XceiverServerRatis (XceiverServerRatis.java:start(425)) - Starting XceiverServerRatis 70047afe-0910-4555-ade8-6ade5e62522e at port 0
2019-10-09 23:57:11,279 [Datanode State Machine Thread - 0] INFO  impl.RaftServerProxy (RaftServerProxy.java:lambda$start$3(299)) - 70047afe-0910-4555-ade8-6ade5e62522e: start RPC server
2019-10-09 23:57:11,281 [Datanode State Machine Thread - 0] INFO  server.GrpcService (GrpcService.java:startImpl(158)) - 70047afe-0910-4555-ade8-6ade5e62522e: GrpcService started, listening on 0.0.0.0/0.0.0.0:37086
2019-10-09 23:57:11,282 [Datanode State Machine Thread - 0] INFO  ratis.XceiverServerRatis (XceiverServerRatis.java:start(435)) - XceiverServerRatis 70047afe-0910-4555-ade8-6ade5e62522e is started using port 37086
2019-10-09 23:57:11,283 [Datanode State Machine Thread - 0] INFO  server.XceiverServerGrpc (XceiverServerGrpc.java:start(149)) - XceiverServerGrpc 70047afe-0910-4555-ade8-6ade5e62522e is started using port 39802
2019-10-09 23:57:11,338 [Datanode State Machine Thread - 0] INFO  ozoneimpl.OzoneContainer (OzoneContainer.java:start(213)) - Attempting to start container services.
2019-10-09 23:57:11,338 [Datanode State Machine Thread - 0] INFO  ozoneimpl.OzoneContainer (OzoneContainer.java:startContainerScrub(177)) - Background container scanner has been disabled.
2019-10-09 23:57:11,338 [Datanode State Machine Thread - 0] INFO  ratis.XceiverServerRatis (XceiverServerRatis.java:start(425)) - Starting XceiverServerRatis f5a703b3-66a4-42d5-b4a4-337578d80bd8 at port 0
2019-10-09 23:57:11,345 [Datanode State Machine Thread - 0] INFO  impl.RaftServerProxy (RaftServerProxy.java:lambda$start$3(299)) - f5a703b3-66a4-42d5-b4a4-337578d80bd8: start RPC server
2019-10-09 23:57:11,346 [Datanode State Machine Thread - 0] INFO  server.GrpcService (GrpcService.java:startImpl(158)) - f5a703b3-66a4-42d5-b4a4-337578d80bd8: GrpcService started, listening on 0.0.0.0/0.0.0.0:38085
2019-10-09 23:57:11,347 [Datanode State Machine Thread - 0] INFO  ratis.XceiverServerRatis (XceiverServerRatis.java:start(435)) - XceiverServerRatis f5a703b3-66a4-42d5-b4a4-337578d80bd8 is started using port 38085
2019-10-09 23:57:11,347 [Datanode State Machine Thread - 0] INFO  server.XceiverServerGrpc (XceiverServerGrpc.java:start(149)) - XceiverServerGrpc f5a703b3-66a4-42d5-b4a4-337578d80bd8 is started using port 40448
2019-10-09 23:57:11,385 [main] INFO  ozone.MiniOzoneClusterImpl (MiniOzoneClusterImpl.java:lambda$waitForClusterToBeReady$2(172)) - Waiting for cluster to be ready. Got 0 of 7 DN Heartbeats.
2019-10-09 23:57:11,398 [Datanode State Machine Thread - 0] INFO  ozoneimpl.OzoneContainer (OzoneContainer.java:start(213)) - Attempting to start container services.
2019-10-09 23:57:11,398 [Datanode State Machine Thread - 0] INFO  ozoneimpl.OzoneContainer (OzoneContainer.java:startContainerScrub(177)) - Background container scanner has been disabled.
2019-10-09 23:57:11,398 [Datanode State Machine Thread - 0] INFO  ratis.XceiverServerRatis (XceiverServerRatis.java:start(425)) - Starting XceiverServerRatis e0a2bbc5-e1f3-429a-8b57-8ad53d3fcfcf at port 0
2019-10-09 23:57:11,404 [Datanode State Machine Thread - 0] INFO  impl.RaftServerProxy (RaftServerProxy.java:lambda$start$3(299)) - e0a2bbc5-e1f3-429a-8b57-8ad53d3fcfcf: start RPC server
2019-10-09 23:57:11,405 [Datanode State Machine Thread - 0] INFO  server.GrpcService (GrpcService.java:startImpl(158)) - e0a2bbc5-e1f3-429a-8b57-8ad53d3fcfcf: GrpcService started, listening on 0.0.0.0/0.0.0.0:46584
2019-10-09 23:57:11,405 [Datanode State Machine Thread - 0] INFO  ratis.XceiverServerRatis (XceiverServerRatis.java:start(435)) - XceiverServerRatis e0a2bbc5-e1f3-429a-8b57-8ad53d3fcfcf is started using port 46584
2019-10-09 23:57:11,405 [Datanode State Machine Thread - 0] INFO  server.XceiverServerGrpc (XceiverServerGrpc.java:start(149)) - XceiverServerGrpc e0a2bbc5-e1f3-429a-8b57-8ad53d3fcfcf is started using port 41823
2019-10-09 23:57:12,386 [main] INFO  ozone.MiniOzoneClusterImpl (MiniOzoneClusterImpl.java:lambda$waitForClusterToBeReady$2(172)) - Waiting for cluster to be ready. Got 0 of 7 DN Heartbeats.
2019-10-09 23:57:12,982 [IPC Server handler 1 on 46519] INFO  net.NetworkTopology (NetworkTopologyImpl.java:add(111)) - Added a new node: /default-rack/267b4c01-3d7d-4c74-8ccf-ba11236bcdc8
2019-10-09 23:57:12,983 [IPC Server handler 1 on 46519] INFO  node.SCMNodeManager (SCMNodeManager.java:register(268)) - Registered Data node : 267b4c01-3d7d-4c74-8ccf-ba11236bcdc8{ip: 192.168.5.166, host: pr-hdds-1868-fg6nx-4263576025, networkLocation: /default-rack, certSerialId: null}
2019-10-09 23:57:12,984 [EventQueue-NodeRegistrationContainerReportForDataNodeSafeModeRule] INFO  safemode.SCMSafeModeManager (DataNodeSafeModeRule.java:process(71)) - SCM in safe mode. 1 DataNodes registered, 1 required.
2019-10-09 23:57:12,986 [EventQueue-NodeRegistrationContainerReportForDataNodeSafeModeRule] INFO  safemode.SCMSafeModeManager (SCMSafeModeManager.java:validateSafeModeExitRules(177)) - ScmSafeModeManager, all rules are successfully validated
2019-10-09 23:57:12,986 [EventQueue-NodeRegistrationContainerReportForDataNodeSafeModeRule] INFO  safemode.SCMSafeModeManager (SCMSafeModeManager.java:exitSafeMode(193)) - SCM exiting safe mode.
2019-10-09 23:57:12,993 [grpc-default-executor-4] INFO  impl.RaftServerProxy (RaftServerProxy.java:addNew(89)) - 267b4c01-3d7d-4c74-8ccf-ba11236bcdc8: addNew group-3AC47894EAC8:[267b4c01-3d7d-4c74-8ccf-ba11236bcdc8:192.168.5.166:40372] returns group-3AC47894EAC8:java.util.concurrent.CompletableFuture@6f0d4f3d[Not completed]
2019-10-09 23:57:12,996 [pool-207-thread-1] INFO  impl.RaftServerImpl (RaftServerImpl.java:<init>(95)) - 267b4c01-3d7d-4c74-8ccf-ba11236bcdc8: new RaftServerImpl for group-3AC47894EAC8:[267b4c01-3d7d-4c74-8ccf-ba11236bcdc8:192.168.5.166:40372] with ContainerStateMachine:uninitialized
2019-10-09 23:57:12,996 [pool-207-thread-1] INFO  server.RaftServerConfigKeys (ConfUtils.java:logGet(43)) - raft.server.rpc.timeout.min = 5s (custom)
2019-10-09 23:57:12,996 [pool-207-thread-1] INFO  server.RaftServerConfigKeys (ConfUtils.java:logGet(43)) - raft.server.rpc.timeout.max = 5200ms (custom)
2019-10-09 23:57:12,996 [pool-207-thread-1] INFO  server.RaftServerConfigKeys (ConfUtils.java:logGet(43)) - raft.server.rpcslowness.timeout = 120s (custom)
2019-10-09 23:57:12,997 [pool-207-thread-1] INFO  server.RaftServerConfigKeys (ConfUtils.java:logGet(43)) - raft.server.sleep.deviation.threshold = 300 (default)
2019-10-09 23:57:12,997 [pool-207-thread-1] INFO  server.RaftServerConfigKeys (ConfUtils.java:logGet(43)) - raft.server.log.appender.install.snapshot.enabled = false (custom)
2019-10-09 23:57:12,997 [pool-207-thread-1] INFO  impl.RaftServerImpl (ServerState.java:<init>(103)) - 267b4c01-3d7d-4c74-8ccf-ba11236bcdc8@group-3AC47894EAC8: ConfigurationManager, init=-1: [267b4c01-3d7d-4c74-8ccf-ba11236bcdc8:192.168.5.166:40372], old=null, confs=<EMPTY_MAP>
2019-10-09 23:57:12,997 [pool-207-thread-1] INFO  server.RaftServerConfigKeys (ConfUtils.java:logGet(43)) - raft.server.storage.dir = [/workdir/hadoop-ozone/integration-test/target/test-dir/MiniOzoneClusterImpl-f2beb584-d50b-4d1b-9113-e73b8a8f1d7e/datanode-0/data/ratis] (custom)
2019-10-09 23:57:12,998 [pool-207-thread-1] INFO  server.RaftServerConfigKeys (ConfUtils.java:logGet(43)) - raft.server.log.corruption.policy = EXCEPTION (default)
2019-10-09 23:57:12,998 [pool-207-thread-1] INFO  storage.RaftStorageDirectory (RaftStorageDirectory.java:analyzeStorage(246)) - The storage directory /workdir/hadoop-ozone/integration-test/target/test-dir/MiniOzoneClusterImpl-f2beb584-d50b-4d1b-9113-e73b8a8f1d7e/datanode-0/data/ratis/093bfbdb-a492-4b94-af27-3ac47894eac8 does not exist. Creating ...
2019-10-09 23:57:13,010 [pool-207-thread-1] INFO  storage.RaftStorageDirectory (RaftStorageDirectory.java:tryLock(328)) - Lock on /workdir/hadoop-ozone/integration-test/target/test-dir/MiniOzoneClusterImpl-f2beb584-d50b-4d1b-9113-e73b8a8f1d7e/datanode-0/data/ratis/093bfbdb-a492-4b94-af27-3ac47894eac8/in_use.lock acquired by nodename 25084@pr-hdds-1868-fg6nx-4263576025
2019-10-09 23:57:13,030 [pool-207-thread-1] INFO  storage.RaftStorage (RaftStorage.java:format(84)) - Storage directory /workdir/hadoop-ozone/integration-test/target/test-dir/MiniOzoneClusterImpl-f2beb584-d50b-4d1b-9113-e73b8a8f1d7e/datanode-0/data/ratis/093bfbdb-a492-4b94-af27-3ac47894eac8 has been successfully formatted.
2019-10-09 23:57:13,030 [pool-207-thread-1] INFO  ratis.ContainerStateMachine (ContainerStateMachine.java:loadSnapshot(233)) - group-3AC47894EAC8: The snapshot info is null. Setting the last applied indexto:(t:0, i:~)
2019-10-09 23:57:13,030 [pool-207-thread-1] INFO  server.RaftServerConfigKeys (ConfUtils.java:logGet(43)) - raft.server.notification.no-leader.timeout = 120s (custom)
2019-10-09 23:57:13,030 [pool-207-thread-1] INFO  server.RaftServerConfigKeys (ConfUtils.java:logGet(43)) - raft.server.log.use.memory = false (default)
2019-10-09 23:57:13,030 [pool-207-thread-1] INFO  server.RaftServerConfigKeys (ConfUtils.java:logGet(43)) - raft.server.log.purge.gap = 1000000 (custom)
2019-10-09 23:57:13,030 [pool-207-thread-1] INFO  server.RaftServerConfigKeys (ConfUtils.java:logGet(43)) - raft.server.log.appender.buffer.byte-limit = 33554432 (custom)
2019-10-09 23:57:13,030 [pool-207-thread-1] INFO  server.RaftServerConfigKeys (ConfUtils.java:logGet(43)) - raft.server.log.segment.size.max = 1048576 (custom)
2019-10-09 23:57:13,032 [pool-207-thread-1] INFO  server.RaftServerConfigKeys (ConfUtils.java:logGet(43)) - raft.server.log.segment.cache.num.max = 2 (custom)
2019-10-09 23:57:13,033 [pool-207-thread-1] INFO  segmented.SegmentedRaftLogWorker (SegmentedRaftLogWorker.java:<init>(173)) - new 267b4c01-3d7d-4c74-8ccf-ba11236bcdc8@group-3AC47894EAC8-SegmentedRaftLogWorker for RaftStorage:Storage Directory /workdir/hadoop-ozone/integration-test/target/test-dir/MiniOzoneClusterImpl-f2beb584-d50b-4d1b-9113-e73b8a8f1d7e/datanode-0/data/ratis/093bfbdb-a492-4b94-af27-3ac47894eac8
2019-10-09 23:57:13,033 [pool-207-thread-1] INFO  server.RaftServerConfigKeys (ConfUtils.java:logGet(43)) - raft.server.log.queue.byte-limit = 2147483647 (custom)
2019-10-09 23:57:13,033 [pool-207-thread-1] INFO  server.RaftServerConfigKeys (ConfUtils.java:logGet(43)) - raft.server.log.queue.element-limit = 1024 (custom)
2019-10-09 23:57:13,033 [pool-207-thread-1] INFO  server.RaftServerConfigKeys (ConfUtils.java:logGet(43)) - raft.server.log.segment.size.max = 1048576 (custom)
2019-10-09 23:57:13,033 [pool-207-thread-1] INFO  server.RaftServerConfigKeys (ConfUtils.java:logGet(43)) - raft.server.log.preallocated.size = 16384 (custom)
2019-10-09 23:57:13,033 [pool-207-thread-1] INFO  server.RaftServerConfigKeys (ConfUtils.java:logGet(43)) - raft.server.log.write.buffer.size = 33554432 (custom)
2019-10-09 23:57:13,033 [pool-207-thread-1] INFO  server.RaftServerConfigKeys (ConfUtils.java:logGet(43)) - raft.server.log.force.sync.num = 128 (default)
2019-10-09 23:57:13,034 [pool-207-thread-1] INFO  server.RaftServerConfigKeys (ConfUtils.java:logGet(43)) - raft.server.log.statemachine.data.sync = true (default)
2019-10-09 23:57:13,034 [pool-207-thread-1] INFO  server.RaftServerConfigKeys (ConfUtils.java:logGet(43)) - raft.server.log.statemachine.data.sync.timeout = 10s (default)
2019-10-09 23:57:13,034 [pool-207-thread-1] INFO  server.RaftServerConfigKeys (ConfUtils.java:logGet(43)) - raft.server.log.statemachine.data.sync.timeout.retry = -1 (default)
2019-10-09 23:57:13,034 [pool-207-thread-1] INFO  server.RaftServerConfigKeys (ConfUtils.java:logGet(43)) - raft.server.log.statemachine.data.caching.enabled = true (custom)
2019-10-09 23:57:13,034 [pool-207-thread-1] INFO  segmented.SegmentedRaftLogWorker (SegmentedRaftLogWorker.java:lambda$new$0(128)) - 267b4c01-3d7d-4c74-8ccf-ba11236bcdc8@group-3AC47894EAC8-SegmentedRaftLogWorker: flushIndex: setUnconditionally 0 -> -1
2019-10-09 23:57:13,035 [pool-207-thread-1] INFO  server.RaftServerConfigKeys (ConfUtils.java:logGet(43)) - raft.server.snapshot.auto.trigger.enabled = true (custom)
2019-10-09 23:57:13,035 [pool-207-thread-1] INFO  server.RaftServerConfigKeys (ConfUtils.java:logGet(43)) - raft.server.snapshot.auto.trigger.threshold = 10000 (custom)
2019-10-09 23:57:13,035 [pool-207-thread-1] INFO  server.RaftServerConfigKeys (ConfUtils.java:logGet(43)) - raft.server.snapshot.retention.file.num = 5 (custom)
2019-10-09 23:57:13,035 [pool-207-thread-1] INFO  server.RaftServerConfigKeys (ConfUtils.java:logGet(43)) - raft.server.retrycache.expirytime = 600000ms (custom)
2019-10-09 23:57:13,037 [pool-207-thread-1] INFO  impl.RaftServerImpl (RaftServerImpl.java:start(181)) - 267b4c01-3d7d-4c74-8ccf-ba11236bcdc8@group-3AC47894EAC8: start as a follower, conf=-1: [267b4c01-3d7d-4c74-8ccf-ba11236bcdc8:192.168.5.166:40372], old=null
2019-10-09 23:57:13,037 [pool-207-thread-1] INFO  impl.RaftServerImpl (RaftServerImpl.java:setRole(170)) - 267b4c01-3d7d-4c74-8ccf-ba11236bcdc8@group-3AC47894EAC8: changes role from      null to FOLLOWER at term 0 for startAsFollower
2019-10-09 23:57:13,037 [pool-207-thread-1] INFO  impl.RoleInfo (RoleInfo.java:updateAndGet(143)) - 267b4c01-3d7d-4c74-8ccf-ba11236bcdc8: start FollowerState
2019-10-09 23:57:13,038 [pool-207-thread-1] INFO  util.JmxRegister (JmxRegister.java:tryRegister(44)) - Successfully registered JMX Bean with object name Ratis:service=RaftServer,group=group-3AC47894EAC8,id=267b4c01-3d7d-4c74-8ccf-ba11236bcdc8
2019-10-09 23:57:13,042 [RatisPipelineUtilsThread] INFO  pipeline.PipelineStateManager (PipelineStateManager.java:addPipeline(57)) - Created pipeline Pipeline[ Id: 093bfbdb-a492-4b94-af27-3ac47894eac8, Nodes: 267b4c01-3d7d-4c74-8ccf-ba11236bcdc8{ip: 192.168.5.166, host: pr-hdds-1868-fg6nx-4263576025, networkLocation: /default-rack, certSerialId: null}, Type:RATIS, Factor:ONE, State:ALLOCATED]
2019-10-09 23:57:13,058 [IPC Server handler 2 on 46519] INFO  net.NetworkTopology (NetworkTopologyImpl.java:add(111)) - Added a new node: /default-rack/d1b2fdb4-2a3c-478d-9f55-2a69fc770f7f
2019-10-09 23:57:13,059 [IPC Server handler 2 on 46519] INFO  node.SCMNodeManager (SCMNodeManager.java:register(268)) - Registered Data node : d1b2fdb4-2a3c-478d-9f55-2a69fc770f7f{ip: 192.168.5.166, host: pr-hdds-1868-fg6nx-4263576025, networkLocation: /default-rack, certSerialId: null}
2019-10-09 23:57:13,065 [grpc-default-executor-4] INFO  impl.RaftServerProxy (RaftServerProxy.java:addNew(89)) - d1b2fdb4-2a3c-478d-9f55-2a69fc770f7f: addNew group-FE3564C68C59:[d1b2fdb4-2a3c-478d-9f55-2a69fc770f7f:192.168.5.166:45660] returns group-FE3564C68C59:java.util.concurrent.CompletableFuture@5e7d2aed[Not completed]
2019-10-09 23:57:13,066 [pool-217-thread-1] INFO  impl.RaftServerImpl (RaftServerImpl.java:<init>(95)) - d1b2fdb4-2a3c-478d-9f55-2a69fc770f7f: new RaftServerImpl for group-FE3564C68C59:[d1b2fdb4-2a3c-478d-9f55-2a69fc770f7f:192.168.5.166:45660] with ContainerStateMachine:uninitialized
2019-10-09 23:57:13,066 [pool-217-thread-1] INFO  server.RaftServerConfigKeys (ConfUtils.java:logGet(43)) - raft.server.rpc.timeout.min = 5s (custom)
2019-10-09 23:57:13,067 [pool-217-thread-1] INFO  server.RaftServerConfigKeys (ConfUtils.java:logGet(43)) - raft.server.rpc.timeout.max = 5200ms (custom)
2019-10-09 23:57:13,067 [pool-217-thread-1] INFO  server.RaftServerConfigKeys (ConfUtils.java:logGet(43)) - raft.server.rpcslowness.timeout = 120s (custom)
2019-10-09 23:57:13,067 [pool-217-thread-1] INFO  server.RaftServerConfigKeys (ConfUtils.java:logGet(43)) - raft.server.sleep.deviation.threshold = 300 (default)
2019-10-09 23:57:13,067 [pool-217-thread-1] INFO  server.RaftServerConfigKeys (ConfUtils.java:logGet(43)) - raft.server.log.appender.install.snapshot.enabled = false (custom)
2019-10-09 23:57:13,067 [pool-217-thread-1] INFO  impl.RaftServerImpl (ServerState.java:<init>(103)) - d1b2fdb4-2a3c-478d-9f55-2a69fc770f7f@group-FE3564C68C59: ConfigurationManager, init=-1: [d1b2fdb4-2a3c-478d-9f55-2a69fc770f7f:192.168.5.166:45660], old=null, confs=<EMPTY_MAP>
2019-10-09 23:57:13,067 [pool-217-thread-1] INFO  server.RaftServerConfigKeys (ConfUtils.java:logGet(43)) - raft.server.storage.dir = [/workdir/hadoop-ozone/integration-test/target/test-dir/MiniOzoneClusterImpl-f2beb584-d50b-4d1b-9113-e73b8a8f1d7e/datanode-1/data/ratis] (custom)
2019-10-09 23:57:13,067 [pool-217-thread-1] INFO  server.RaftServerConfigKeys (ConfUtils.java:logGet(43)) - raft.server.log.corruption.policy = EXCEPTION (default)
2019-10-09 23:57:13,067 [pool-217-thread-1] INFO  storage.RaftStorageDirectory (RaftStorageDirectory.java:analyzeStorage(246)) - The storage directory /workdir/hadoop-ozone/integration-test/target/test-dir/MiniOzoneClusterImpl-f2beb584-d50b-4d1b-9113-e73b8a8f1d7e/datanode-1/data/ratis/f5916372-7b38-43d4-ba71-fe3564c68c59 does not exist. Creating ...
2019-10-09 23:57:13,080 [pool-217-thread-1] INFO  storage.RaftStorageDirectory (RaftStorageDirectory.java:tryLock(328)) - Lock on /workdir/hadoop-ozone/integration-test/target/test-dir/MiniOzoneClusterImpl-f2beb584-d50b-4d1b-9113-e73b8a8f1d7e/datanode-1/data/ratis/f5916372-7b38-43d4-ba71-fe3564c68c59/in_use.lock acquired by nodename 25084@pr-hdds-1868-fg6nx-4263576025
2019-10-09 23:57:13,093 [pool-217-thread-1] INFO  storage.RaftStorage (RaftStorage.java:format(84)) - Storage directory /workdir/hadoop-ozone/integration-test/target/test-dir/MiniOzoneClusterImpl-f2beb584-d50b-4d1b-9113-e73b8a8f1d7e/datanode-1/data/ratis/f5916372-7b38-43d4-ba71-fe3564c68c59 has been successfully formatted.
2019-10-09 23:57:13,093 [pool-217-thread-1] INFO  ratis.ContainerStateMachine (ContainerStateMachine.java:loadSnapshot(233)) - group-FE3564C68C59: The snapshot info is null. Setting the last applied indexto:(t:0, i:~)
2019-10-09 23:57:13,093 [pool-217-thread-1] INFO  server.RaftServerConfigKeys (ConfUtils.java:logGet(43)) - raft.server.notification.no-leader.timeout = 120s (custom)
2019-10-09 23:57:13,094 [pool-217-thread-1] INFO  server.RaftServerConfigKeys (ConfUtils.java:logGet(43)) - raft.server.log.use.memory = false (default)
2019-10-09 23:57:13,094 [pool-217-thread-1] INFO  server.RaftServerConfigKeys (ConfUtils.java:logGet(43)) - raft.server.log.purge.gap = 1000000 (custom)
2019-10-09 23:57:13,094 [pool-217-thread-1] INFO  server.RaftServerConfigKeys (ConfUtils.java:logGet(43)) - raft.server.log.appender.buffer.byte-limit = 33554432 (custom)
2019-10-09 23:57:13,094 [pool-217-thread-1] INFO  server.RaftServerConfigKeys (ConfUtils.java:logGet(43)) - raft.server.log.segment.size.max = 1048576 (custom)
2019-10-09 23:57:13,096 [pool-217-thread-1] INFO  server.RaftServerConfigKeys (ConfUtils.java:logGet(43)) - raft.server.log.segment.cache.num.max = 2 (custom)
2019-10-09 23:57:13,096 [pool-217-thread-1] INFO  segmented.SegmentedRaftLogWorker (SegmentedRaftLogWorker.java:<init>(173)) - new d1b2fdb4-2a3c-478d-9f55-2a69fc770f7f@group-FE3564C68C59-SegmentedRaftLogWorker for RaftStorage:Storage Directory /workdir/hadoop-ozone/integration-test/target/test-dir/MiniOzoneClusterImpl-f2beb584-d50b-4d1b-9113-e73b8a8f1d7e/datanode-1/data/ratis/f5916372-7b38-43d4-ba71-fe3564c68c59
2019-10-09 23:57:13,096 [pool-217-thread-1] INFO  server.RaftServerConfigKeys (ConfUtils.java:logGet(43)) - raft.server.log.queue.byte-limit = 2147483647 (custom)
2019-10-09 23:57:13,097 [pool-217-thread-1] INFO  server.RaftServerConfigKeys (ConfUtils.java:logGet(43)) - raft.server.log.queue.element-limit = 1024 (custom)
2019-10-09 23:57:13,097 [pool-217-thread-1] INFO  server.RaftServerConfigKeys (ConfUtils.java:logGet(43)) - raft.server.log.segment.size.max = 1048576 (custom)
2019-10-09 23:57:13,097 [pool-217-thread-1] INFO  server.RaftServerConfigKeys (ConfUtils.java:logGet(43)) - raft.server.log.preallocated.size = 16384 (custom)
2019-10-09 23:57:13,097 [pool-217-thread-1] INFO  server.RaftServerConfigKeys (ConfUtils.java:logGet(43)) - raft.server.log.write.buffer.size = 33554432 (custom)
2019-10-09 23:57:13,097 [pool-217-thread-1] INFO  server.RaftServerConfigKeys (ConfUtils.java:logGet(43)) - raft.server.log.force.sync.num = 128 (default)
2019-10-09 23:57:13,097 [pool-217-thread-1] INFO  server.RaftServerConfigKeys (ConfUtils.java:logGet(43)) - raft.server.log.statemachine.data.sync = true (default)
2019-10-09 23:57:13,097 [pool-217-thread-1] INFO  server.RaftServerConfigKeys (ConfUtils.java:logGet(43)) - raft.server.log.statemachine.data.sync.timeout = 10s (default)
2019-10-09 23:57:13,098 [pool-217-thread-1] INFO  server.RaftServerConfigKeys (ConfUtils.java:logGet(43)) - raft.server.log.statemachine.data.sync.timeout.retry = -1 (default)
2019-10-09 23:57:13,098 [pool-217-thread-1] INFO  server.RaftServerConfigKeys (ConfUtils.java:logGet(43)) - raft.server.log.statemachine.data.caching.enabled = true (custom)
2019-10-09 23:57:13,098 [pool-217-thread-1] INFO  segmented.SegmentedRaftLogWorker (SegmentedRaftLogWorker.java:lambda$new$0(128)) - d1b2fdb4-2a3c-478d-9f55-2a69fc770f7f@group-FE3564C68C59-SegmentedRaftLogWorker: flushIndex: setUnconditionally 0 -> -1
2019-10-09 23:57:13,099 [pool-217-thread-1] INFO  server.RaftServerConfigKeys (ConfUtils.java:logGet(43)) - raft.server.snapshot.auto.trigger.enabled = true (custom)
2019-10-09 23:57:13,099 [pool-217-thread-1] INFO  server.RaftServerConfigKeys (ConfUtils.java:logGet(43)) - raft.server.snapshot.auto.trigger.threshold = 10000 (custom)
2019-10-09 23:57:13,099 [pool-217-thread-1] INFO  server.RaftServerConfigKeys (ConfUtils.java:logGet(43)) - raft.server.snapshot.retention.file.num = 5 (custom)
2019-10-09 23:57:13,099 [pool-217-thread-1] INFO  server.RaftServerConfigKeys (ConfUtils.java:logGet(43)) - raft.server.retrycache.expirytime = 600000ms (custom)
2019-10-09 23:57:13,102 [pool-217-thread-1] INFO  impl.RaftServerImpl (RaftServerImpl.java:start(181)) - d1b2fdb4-2a3c-478d-9f55-2a69fc770f7f@group-FE3564C68C59: start as a follower, conf=-1: [d1b2fdb4-2a3c-478d-9f55-2a69fc770f7f:192.168.5.166:45660], old=null
2019-10-09 23:57:13,102 [pool-217-thread-1] INFO  impl.RaftServerImpl (RaftServerImpl.java:setRole(170)) - d1b2fdb4-2a3c-478d-9f55-2a69fc770f7f@group-FE3564C68C59: changes role from      null to FOLLOWER at term 0 for startAsFollower
2019-10-09 23:57:13,102 [pool-217-thread-1] INFO  impl.RoleInfo (RoleInfo.java:updateAndGet(143)) - d1b2fdb4-2a3c-478d-9f55-2a69fc770f7f: start FollowerState
2019-10-09 23:57:13,102 [pool-217-thread-1] INFO  util.JmxRegister (JmxRegister.java:tryRegister(44)) - Successfully registered JMX Bean with object name Ratis:service=RaftServer,group=group-FE3564C68C59,id=d1b2fdb4-2a3c-478d-9f55-2a69fc770f7f
2019-10-09 23:57:13,106 [RatisPipelineUtilsThread] INFO  pipeline.PipelineStateManager (PipelineStateManager.java:addPipeline(57)) - Created pipeline Pipeline[ Id: f5916372-7b38-43d4-ba71-fe3564c68c59, Nodes: d1b2fdb4-2a3c-478d-9f55-2a69fc770f7f{ip: 192.168.5.166, host: pr-hdds-1868-fg6nx-4263576025, networkLocation: /default-rack, certSerialId: null}, Type:RATIS, Factor:ONE, State:ALLOCATED]
2019-10-09 23:57:13,120 [IPC Server handler 3 on 46519] INFO  net.NetworkTopology (NetworkTopologyImpl.java:add(111)) - Added a new node: /default-rack/7efd9bf7-a6c0-4f93-9bd9-a1d7634c727c
2019-10-09 23:57:13,120 [IPC Server handler 3 on 46519] INFO  node.SCMNodeManager (SCMNodeManager.java:register(268)) - Registered Data node : 7efd9bf7-a6c0-4f93-9bd9-a1d7634c727c{ip: 192.168.5.166, host: pr-hdds-1868-fg6nx-4263576025, networkLocation: /default-rack, certSerialId: null}
2019-10-09 23:57:13,127 [grpc-default-executor-4] INFO  impl.RaftServerProxy (RaftServerProxy.java:addNew(89)) - 7efd9bf7-a6c0-4f93-9bd9-a1d7634c727c: addNew group-C4284BF28717:[7efd9bf7-a6c0-4f93-9bd9-a1d7634c727c:192.168.5.166:46122] returns group-C4284BF28717:java.util.concurrent.CompletableFuture@6b2f5a29[Not completed]
2019-10-09 23:57:13,128 [pool-227-thread-1] INFO  impl.RaftServerImpl (RaftServerImpl.java:<init>(95)) - 7efd9bf7-a6c0-4f93-9bd9-a1d7634c727c: new RaftServerImpl for group-C4284BF28717:[7efd9bf7-a6c0-4f93-9bd9-a1d7634c727c:192.168.5.166:46122] with ContainerStateMachine:uninitialized
2019-10-09 23:57:13,128 [pool-227-thread-1] INFO  server.RaftServerConfigKeys (ConfUtils.java:logGet(43)) - raft.server.rpc.timeout.min = 5s (custom)
2019-10-09 23:57:13,129 [pool-227-thread-1] INFO  server.RaftServerConfigKeys (ConfUtils.java:logGet(43)) - raft.server.rpc.timeout.max = 5200ms (custom)
2019-10-09 23:57:13,129 [pool-227-thread-1] INFO  server.RaftServerConfigKeys (ConfUtils.java:logGet(43)) - raft.server.rpcslowness.timeout = 120s (custom)
2019-10-09 23:57:13,129 [pool-227-thread-1] INFO  server.RaftServerConfigKeys (ConfUtils.java:logGet(43)) - raft.server.sleep.deviation.threshold = 300 (default)
2019-10-09 23:57:13,129 [pool-227-thread-1] INFO  server.RaftServerConfigKeys (ConfUtils.java:logGet(43)) - raft.server.log.appender.install.snapshot.enabled = false (custom)
2019-10-09 23:57:13,129 [pool-227-thread-1] INFO  impl.RaftServerImpl (ServerState.java:<init>(103)) - 7efd9bf7-a6c0-4f93-9bd9-a1d7634c727c@group-C4284BF28717: ConfigurationManager, init=-1: [7efd9bf7-a6c0-4f93-9bd9-a1d7634c727c:192.168.5.166:46122], old=null, confs=<EMPTY_MAP>
2019-10-09 23:57:13,129 [pool-227-thread-1] INFO  server.RaftServerConfigKeys (ConfUtils.java:logGet(43)) - raft.server.storage.dir = [/workdir/hadoop-ozone/integration-test/target/test-dir/MiniOzoneClusterImpl-f2beb584-d50b-4d1b-9113-e73b8a8f1d7e/datanode-2/data/ratis] (custom)
2019-10-09 23:57:13,129 [pool-227-thread-1] INFO  server.RaftServerConfigKeys (ConfUtils.java:logGet(43)) - raft.server.log.corruption.policy = EXCEPTION (default)
2019-10-09 23:57:13,130 [pool-227-thread-1] INFO  storage.RaftStorageDirectory (RaftStorageDirectory.java:analyzeStorage(246)) - The storage directory /workdir/hadoop-ozone/integration-test/target/test-dir/MiniOzoneClusterImpl-f2beb584-d50b-4d1b-9113-e73b8a8f1d7e/datanode-2/data/ratis/540f6d8b-7f93-4b4b-8b8d-c4284bf28717 does not exist. Creating ...
2019-10-09 23:57:13,142 [pool-227-thread-1] INFO  storage.RaftStorageDirectory (RaftStorageDirectory.java:tryLock(328)) - Lock on /workdir/hadoop-ozone/integration-test/target/test-dir/MiniOzoneClusterImpl-f2beb584-d50b-4d1b-9113-e73b8a8f1d7e/datanode-2/data/ratis/540f6d8b-7f93-4b4b-8b8d-c4284bf28717/in_use.lock acquired by nodename 25084@pr-hdds-1868-fg6nx-4263576025
2019-10-09 23:57:13,155 [pool-227-thread-1] INFO  storage.RaftStorage (RaftStorage.java:format(84)) - Storage directory /workdir/hadoop-ozone/integration-test/target/test-dir/MiniOzoneClusterImpl-f2beb584-d50b-4d1b-9113-e73b8a8f1d7e/datanode-2/data/ratis/540f6d8b-7f93-4b4b-8b8d-c4284bf28717 has been successfully formatted.
2019-10-09 23:57:13,155 [pool-227-thread-1] INFO  ratis.ContainerStateMachine (ContainerStateMachine.java:loadSnapshot(233)) - group-C4284BF28717: The snapshot info is null. Setting the last applied indexto:(t:0, i:~)
2019-10-09 23:57:13,155 [pool-227-thread-1] INFO  server.RaftServerConfigKeys (ConfUtils.java:logGet(43)) - raft.server.notification.no-leader.timeout = 120s (custom)
2019-10-09 23:57:13,155 [pool-227-thread-1] INFO  server.RaftServerConfigKeys (ConfUtils.java:logGet(43)) - raft.server.log.use.memory = false (default)
2019-10-09 23:57:13,155 [pool-227-thread-1] INFO  server.RaftServerConfigKeys (ConfUtils.java:logGet(43)) - raft.server.log.purge.gap = 1000000 (custom)
2019-10-09 23:57:13,156 [pool-227-thread-1] INFO  server.RaftServerConfigKeys (ConfUtils.java:logGet(43)) - raft.server.log.appender.buffer.byte-limit = 33554432 (custom)
2019-10-09 23:57:13,156 [pool-227-thread-1] INFO  server.RaftServerConfigKeys (ConfUtils.java:logGet(43)) - raft.server.log.segment.size.max = 1048576 (custom)
2019-10-09 23:57:13,159 [pool-227-thread-1] INFO  server.RaftServerConfigKeys (ConfUtils.java:logGet(43)) - raft.server.log.segment.cache.num.max = 2 (custom)
2019-10-09 23:57:13,159 [pool-227-thread-1] INFO  segmented.SegmentedRaftLogWorker (SegmentedRaftLogWorker.java:<init>(173)) - new 7efd9bf7-a6c0-4f93-9bd9-a1d7634c727c@group-C4284BF28717-SegmentedRaftLogWorker for RaftStorage:Storage Directory /workdir/hadoop-ozone/integration-test/target/test-dir/MiniOzoneClusterImpl-f2beb584-d50b-4d1b-9113-e73b8a8f1d7e/datanode-2/data/ratis/540f6d8b-7f93-4b4b-8b8d-c4284bf28717
2019-10-09 23:57:13,159 [pool-227-thread-1] INFO  server.RaftServerConfigKeys (ConfUtils.java:logGet(43)) - raft.server.log.queue.byte-limit = 2147483647 (custom)
2019-10-09 23:57:13,159 [pool-227-thread-1] INFO  server.RaftServerConfigKeys (ConfUtils.java:logGet(43)) - raft.server.log.queue.element-limit = 1024 (custom)
2019-10-09 23:57:13,159 [pool-227-thread-1] INFO  server.RaftServerConfigKeys (ConfUtils.java:logGet(43)) - raft.server.log.segment.size.max = 1048576 (custom)
2019-10-09 23:57:13,159 [pool-227-thread-1] INFO  server.RaftServerConfigKeys (ConfUtils.java:logGet(43)) - raft.server.log.preallocated.size = 16384 (custom)
2019-10-09 23:57:13,159 [pool-227-thread-1] INFO  server.RaftServerConfigKeys (ConfUtils.java:logGet(43)) - raft.server.log.write.buffer.size = 33554432 (custom)
2019-10-09 23:57:13,160 [pool-227-thread-1] INFO  server.RaftServerConfigKeys (ConfUtils.java:logGet(43)) - raft.server.log.force.sync.num = 128 (default)
2019-10-09 23:57:13,160 [pool-227-thread-1] INFO  server.RaftServerConfigKeys (ConfUtils.java:logGet(43)) - raft.server.log.statemachine.data.sync = true (default)
2019-10-09 23:57:13,160 [pool-227-thread-1] INFO  server.RaftServerConfigKeys (ConfUtils.java:logGet(43)) - raft.server.log.statemachine.data.sync.timeout = 10s (default)
2019-10-09 23:57:13,160 [pool-227-thread-1] INFO  server.RaftServerConfigKeys (ConfUtils.java:logGet(43)) - raft.server.log.statemachine.data.sync.timeout.retry = -1 (default)
2019-10-09 23:57:13,160 [pool-227-thread-1] INFO  server.RaftServerConfigKeys (ConfUtils.java:logGet(43)) - raft.server.log.statemachine.data.caching.enabled = true (custom)
2019-10-09 23:57:13,161 [pool-227-thread-1] INFO  segmented.SegmentedRaftLogWorker (SegmentedRaftLogWorker.java:lambda$new$0(128)) - 7efd9bf7-a6c0-4f93-9bd9-a1d7634c727c@group-C4284BF28717-SegmentedRaftLogWorker: flushIndex: setUnconditionally 0 -> -1
2019-10-09 23:57:13,161 [pool-227-thread-1] INFO  server.RaftServerConfigKeys (ConfUtils.java:logGet(43)) - raft.server.snapshot.auto.trigger.enabled = true (custom)
2019-10-09 23:57:13,161 [pool-227-thread-1] INFO  server.RaftServerConfigKeys (ConfUtils.java:logGet(43)) - raft.server.snapshot.auto.trigger.threshold = 10000 (custom)
2019-10-09 23:57:13,161 [pool-227-thread-1] INFO  server.RaftServerConfigKeys (ConfUtils.java:logGet(43)) - raft.server.snapshot.retention.file.num = 5 (custom)
2019-10-09 23:57:13,161 [pool-227-thread-1] INFO  server.RaftServerConfigKeys (ConfUtils.java:logGet(43)) - raft.server.retrycache.expirytime = 600000ms (custom)
2019-10-09 23:57:13,163 [pool-227-thread-1] INFO  impl.RaftServerImpl (RaftServerImpl.java:start(181)) - 7efd9bf7-a6c0-4f93-9bd9-a1d7634c727c@group-C4284BF28717: start as a follower, conf=-1: [7efd9bf7-a6c0-4f93-9bd9-a1d7634c727c:192.168.5.166:46122], old=null
2019-10-09 23:57:13,163 [pool-227-thread-1] INFO  impl.RaftServerImpl (RaftServerImpl.java:setRole(170)) - 7efd9bf7-a6c0-4f93-9bd9-a1d7634c727c@group-C4284BF28717: changes role from      null to FOLLOWER at term 0 for startAsFollower
2019-10-09 23:57:13,163 [pool-227-thread-1] INFO  impl.RoleInfo (RoleInfo.java:updateAndGet(143)) - 7efd9bf7-a6c0-4f93-9bd9-a1d7634c727c: start FollowerState
2019-10-09 23:57:13,164 [pool-227-thread-1] INFO  util.JmxRegister (JmxRegister.java:tryRegister(44)) - Successfully registered JMX Bean with object name Ratis:service=RaftServer,group=group-C4284BF28717,id=7efd9bf7-a6c0-4f93-9bd9-a1d7634c727c
2019-10-09 23:57:13,168 [RatisPipelineUtilsThread] INFO  pipeline.PipelineStateManager (PipelineStateManager.java:addPipeline(57)) - Created pipeline Pipeline[ Id: 540f6d8b-7f93-4b4b-8b8d-c4284bf28717, Nodes: 7efd9bf7-a6c0-4f93-9bd9-a1d7634c727c{ip: 192.168.5.166, host: pr-hdds-1868-fg6nx-4263576025, networkLocation: /default-rack, certSerialId: null}, Type:RATIS, Factor:ONE, State:ALLOCATED]
2019-10-09 23:57:13,180 [grpc-default-executor-5] INFO  impl.RaftServerProxy (RaftServerProxy.java:addNew(89)) - d1b2fdb4-2a3c-478d-9f55-2a69fc770f7f: addNew group-C37BC01860B8:[7efd9bf7-a6c0-4f93-9bd9-a1d7634c727c:192.168.5.166:46122, 267b4c01-3d7d-4c74-8ccf-ba11236bcdc8:192.168.5.166:40372, d1b2fdb4-2a3c-478d-9f55-2a69fc770f7f:192.168.5.166:45660] returns group-C37BC01860B8:java.util.concurrent.CompletableFuture@57bd33b3[Not completed]
2019-10-09 23:57:13,180 [grpc-default-executor-4] INFO  impl.RaftServerProxy (RaftServerProxy.java:addNew(89)) - 7efd9bf7-a6c0-4f93-9bd9-a1d7634c727c: addNew group-C37BC01860B8:[7efd9bf7-a6c0-4f93-9bd9-a1d7634c727c:192.168.5.166:46122, 267b4c01-3d7d-4c74-8ccf-ba11236bcdc8:192.168.5.166:40372, d1b2fdb4-2a3c-478d-9f55-2a69fc770f7f:192.168.5.166:45660] returns group-C37BC01860B8:java.util.concurrent.CompletableFuture@60978fff[Not completed]
2019-10-09 23:57:13,181 [IPC Server handler 4 on 46519] INFO  net.NetworkTopology (NetworkTopologyImpl.java:add(111)) - Added a new node: /default-rack/78e81a3b-a007-4b1e-9676-7d47e80789cd
2019-10-09 23:57:13,181 [IPC Server handler 4 on 46519] INFO  node.SCMNodeManager (SCMNodeManager.java:register(268)) - Registered Data node : 78e81a3b-a007-4b1e-9676-7d47e80789cd{ip: 192.168.5.166, host: pr-hdds-1868-fg6nx-4263576025, networkLocation: /default-rack, certSerialId: null}
2019-10-09 23:57:13,181 [grpc-default-executor-4] INFO  impl.RaftServerProxy (RaftServerProxy.java:addNew(89)) - 267b4c01-3d7d-4c74-8ccf-ba11236bcdc8: addNew group-C37BC01860B8:[7efd9bf7-a6c0-4f93-9bd9-a1d7634c727c:192.168.5.166:46122, 267b4c01-3d7d-4c74-8ccf-ba11236bcdc8:192.168.5.166:40372, d1b2fdb4-2a3c-478d-9f55-2a69fc770f7f:192.168.5.166:45660] returns group-C37BC01860B8:java.util.concurrent.CompletableFuture@2c612261[Not completed]
2019-10-09 23:57:13,182 [pool-217-thread-1] INFO  impl.RaftServerImpl (RaftServerImpl.java:<init>(95)) - d1b2fdb4-2a3c-478d-9f55-2a69fc770f7f: new RaftServerImpl for group-C37BC01860B8:[7efd9bf7-a6c0-4f93-9bd9-a1d7634c727c:192.168.5.166:46122, 267b4c01-3d7d-4c74-8ccf-ba11236bcdc8:192.168.5.166:40372, d1b2fdb4-2a3c-478d-9f55-2a69fc770f7f:192.168.5.166:45660] with ContainerStateMachine:uninitialized
2019-10-09 23:57:13,182 [pool-217-thread-1] INFO  server.RaftServerConfigKeys (ConfUtils.java:logGet(43)) - raft.server.rpc.timeout.min = 5s (custom)
2019-10-09 23:57:13,182 [pool-217-thread-1] INFO  server.RaftServerConfigKeys (ConfUtils.java:logGet(43)) - raft.server.rpc.timeout.max = 5200ms (custom)
2019-10-09 23:57:13,182 [pool-217-thread-1] INFO  server.RaftServerConfigKeys (ConfUtils.java:logGet(43)) - raft.server.rpcslowness.timeout = 120s (custom)
2019-10-09 23:57:13,182 [pool-217-thread-1] INFO  server.RaftServerConfigKeys (ConfUtils.java:logGet(43)) - raft.server.sleep.deviation.threshold = 300 (default)
2019-10-09 23:57:13,183 [pool-227-thread-1] INFO  impl.RaftServerImpl (RaftServerImpl.java:<init>(95)) - 7efd9bf7-a6c0-4f93-9bd9-a1d7634c727c: new RaftServerImpl for group-C37BC01860B8:[7efd9bf7-a6c0-4f93-9bd9-a1d7634c727c:192.168.5.166:46122, 267b4c01-3d7d-4c74-8ccf-ba11236bcdc8:192.168.5.166:40372, d1b2fdb4-2a3c-478d-9f55-2a69fc770f7f:192.168.5.166:45660] with ContainerStateMachine:uninitialized
2019-10-09 23:57:13,183 [pool-227-thread-1] INFO  server.RaftServerConfigKeys (ConfUtils.java:logGet(43)) - raft.server.rpc.timeout.min = 5s (custom)
2019-10-09 23:57:13,183 [pool-227-thread-1] INFO  server.RaftServerConfigKeys (ConfUtils.java:logGet(43)) - raft.server.rpc.timeout.max = 5200ms (custom)
2019-10-09 23:57:13,183 [pool-217-thread-1] INFO  server.RaftServerConfigKeys (ConfUtils.java:logGet(43)) - raft.server.log.appender.install.snapshot.enabled = false (custom)
2019-10-09 23:57:13,183 [pool-227-thread-1] INFO  server.RaftServerConfigKeys (ConfUtils.java:logGet(43)) - raft.server.rpcslowness.timeout = 120s (custom)
2019-10-09 23:57:13,183 [pool-217-thread-1] INFO  impl.RaftServerImpl (ServerState.java:<init>(103)) - d1b2fdb4-2a3c-478d-9f55-2a69fc770f7f@group-C37BC01860B8: ConfigurationManager, init=-1: [7efd9bf7-a6c0-4f93-9bd9-a1d7634c727c:192.168.5.166:46122, 267b4c01-3d7d-4c74-8ccf-ba11236bcdc8:192.168.5.166:40372, d1b2fdb4-2a3c-478d-9f55-2a69fc770f7f:192.168.5.166:45660], old=null, confs=<EMPTY_MAP>
2019-10-09 23:57:13,184 [pool-227-thread-1] INFO  server.RaftServerConfigKeys (ConfUtils.java:logGet(43)) - raft.server.sleep.deviation.threshold = 300 (default)
2019-10-09 23:57:13,184 [pool-217-thread-1] INFO  server.RaftServerConfigKeys (ConfUtils.java:logGet(43)) - raft.server.storage.dir = [/workdir/hadoop-ozone/integration-test/target/test-dir/MiniOzoneClusterImpl-f2beb584-d50b-4d1b-9113-e73b8a8f1d7e/datanode-1/data/ratis] (custom)
2019-10-09 23:57:13,184 [pool-227-thread-1] INFO  server.RaftServerConfigKeys (ConfUtils.java:logGet(43)) - raft.server.log.appender.install.snapshot.enabled = false (custom)
2019-10-09 23:57:13,184 [pool-207-thread-1] INFO  impl.RaftServerImpl (RaftServerImpl.java:<init>(95)) - 267b4c01-3d7d-4c74-8ccf-ba11236bcdc8: new RaftServerImpl for group-C37BC01860B8:[7efd9bf7-a6c0-4f93-9bd9-a1d7634c727c:192.168.5.166:46122, 267b4c01-3d7d-4c74-8ccf-ba11236bcdc8:192.168.5.166:40372, d1b2fdb4-2a3c-478d-9f55-2a69fc770f7f:192.168.5.166:45660] with ContainerStateMachine:uninitialized
2019-10-09 23:57:13,184 [pool-227-thread-1] INFO  impl.RaftServerImpl (ServerState.java:<init>(103)) - 7efd9bf7-a6c0-4f93-9bd9-a1d7634c727c@group-C37BC01860B8: ConfigurationManager, init=-1: [7efd9bf7-a6c0-4f93-9bd9-a1d7634c727c:192.168.5.166:46122, 267b4c01-3d7d-4c74-8ccf-ba11236bcdc8:192.168.5.166:40372, d1b2fdb4-2a3c-478d-9f55-2a69fc770f7f:192.168.5.166:45660], old=null, confs=<EMPTY_MAP>
2019-10-09 23:57:13,184 [pool-217-thread-1] INFO  server.RaftServerConfigKeys (ConfUtils.java:logGet(43)) - raft.server.log.corruption.policy = EXCEPTION (default)
2019-10-09 23:57:13,184 [pool-227-thread-1] INFO  server.RaftServerConfigKeys (ConfUtils.java:logGet(43)) - raft.server.storage.dir = [/workdir/hadoop-ozone/integration-test/target/test-dir/MiniOzoneClusterImpl-f2beb584-d50b-4d1b-9113-e73b8a8f1d7e/datanode-2/data/ratis] (custom)
2019-10-09 23:57:13,184 [pool-207-thread-1] INFO  server.RaftServerConfigKeys (ConfUtils.java:logGet(43)) - raft.server.rpc.timeout.min = 5s (custom)
2019-10-09 23:57:13,185 [pool-217-thread-1] INFO  storage.RaftStorageDirectory (RaftStorageDirectory.java:analyzeStorage(246)) - The storage directory /workdir/hadoop-ozone/integration-test/target/test-dir/MiniOzoneClusterImpl-f2beb584-d50b-4d1b-9113-e73b8a8f1d7e/datanode-1/data/ratis/0366a9ba-a717-466a-852b-c37bc01860b8 does not exist. Creating ...
2019-10-09 23:57:13,185 [pool-207-thread-1] INFO  server.RaftServerConfigKeys (ConfUtils.java:logGet(43)) - raft.server.rpc.timeout.max = 5200ms (custom)
2019-10-09 23:57:13,185 [pool-227-thread-1] INFO  server.RaftServerConfigKeys (ConfUtils.java:logGet(43)) - raft.server.log.corruption.policy = EXCEPTION (default)
2019-10-09 23:57:13,185 [pool-207-thread-1] INFO  server.RaftServerConfigKeys (ConfUtils.java:logGet(43)) - raft.server.rpcslowness.timeout = 120s (custom)
2019-10-09 23:57:13,185 [pool-207-thread-1] INFO  server.RaftServerConfigKeys (ConfUtils.java:logGet(43)) - raft.server.sleep.deviation.threshold = 300 (default)
2019-10-09 23:57:13,185 [pool-227-thread-1] INFO  storage.RaftStorageDirectory (RaftStorageDirectory.java:analyzeStorage(246)) - The storage directory /workdir/hadoop-ozone/integration-test/target/test-dir/MiniOzoneClusterImpl-f2beb584-d50b-4d1b-9113-e73b8a8f1d7e/datanode-2/data/ratis/0366a9ba-a717-466a-852b-c37bc01860b8 does not exist. Creating ...
2019-10-09 23:57:13,185 [pool-207-thread-1] INFO  server.RaftServerConfigKeys (ConfUtils.java:logGet(43)) - raft.server.log.appender.install.snapshot.enabled = false (custom)
2019-10-09 23:57:13,186 [pool-207-thread-1] INFO  impl.RaftServerImpl (ServerState.java:<init>(103)) - 267b4c01-3d7d-4c74-8ccf-ba11236bcdc8@group-C37BC01860B8: ConfigurationManager, init=-1: [7efd9bf7-a6c0-4f93-9bd9-a1d7634c727c:192.168.5.166:46122, 267b4c01-3d7d-4c74-8ccf-ba11236bcdc8:192.168.5.166:40372, d1b2fdb4-2a3c-478d-9f55-2a69fc770f7f:192.168.5.166:45660], old=null, confs=<EMPTY_MAP>
2019-10-09 23:57:13,186 [pool-207-thread-1] INFO  server.RaftServerConfigKeys (ConfUtils.java:logGet(43)) - raft.server.storage.dir = [/workdir/hadoop-ozone/integration-test/target/test-dir/MiniOzoneClusterImpl-f2beb584-d50b-4d1b-9113-e73b8a8f1d7e/datanode-0/data/ratis] (custom)
2019-10-09 23:57:13,186 [pool-207-thread-1] INFO  server.RaftServerConfigKeys (ConfUtils.java:logGet(43)) - raft.server.log.corruption.policy = EXCEPTION (default)
2019-10-09 23:57:13,187 [pool-207-thread-1] INFO  storage.RaftStorageDirectory (RaftStorageDirectory.java:analyzeStorage(246)) - The storage directory /workdir/hadoop-ozone/integration-test/target/test-dir/MiniOzoneClusterImpl-f2beb584-d50b-4d1b-9113-e73b8a8f1d7e/datanode-0/data/ratis/0366a9ba-a717-466a-852b-c37bc01860b8 does not exist. Creating ...
2019-10-09 23:57:13,210 [pool-227-thread-1] INFO  storage.RaftStorageDirectory (RaftStorageDirectory.java:tryLock(328)) - Lock on /workdir/hadoop-ozone/integration-test/target/test-dir/MiniOzoneClusterImpl-f2beb584-d50b-4d1b-9113-e73b8a8f1d7e/datanode-2/data/ratis/0366a9ba-a717-466a-852b-c37bc01860b8/in_use.lock acquired by nodename 25084@pr-hdds-1868-fg6nx-4263576025
2019-10-09 23:57:13,210 [pool-207-thread-1] INFO  storage.RaftStorageDirectory (RaftStorageDirectory.java:tryLock(328)) - Lock on /workdir/hadoop-ozone/integration-test/target/test-dir/MiniOzoneClusterImpl-f2beb584-d50b-4d1b-9113-e73b8a8f1d7e/datanode-0/data/ratis/0366a9ba-a717-466a-852b-c37bc01860b8/in_use.lock acquired by nodename 25084@pr-hdds-1868-fg6nx-4263576025
2019-10-09 23:57:13,210 [pool-217-thread-1] INFO  storage.RaftStorageDirectory (RaftStorageDirectory.java:tryLock(328)) - Lock on /workdir/hadoop-ozone/integration-test/target/test-dir/MiniOzoneClusterImpl-f2beb584-d50b-4d1b-9113-e73b8a8f1d7e/datanode-1/data/ratis/0366a9ba-a717-466a-852b-c37bc01860b8/in_use.lock acquired by nodename 25084@pr-hdds-1868-fg6nx-4263576025
2019-10-09 23:57:13,236 [pool-227-thread-1] INFO  storage.RaftStorage (RaftStorage.java:format(84)) - Storage directory /workdir/hadoop-ozone/integration-test/target/test-dir/MiniOzoneClusterImpl-f2beb584-d50b-4d1b-9113-e73b8a8f1d7e/datanode-2/data/ratis/0366a9ba-a717-466a-852b-c37bc01860b8 has been successfully formatted.
2019-10-09 23:57:13,236 [pool-207-thread-1] INFO  storage.RaftStorage (RaftStorage.java:format(84)) - Storage directory /workdir/hadoop-ozone/integration-test/target/test-dir/MiniOzoneClusterImpl-f2beb584-d50b-4d1b-9113-e73b8a8f1d7e/datanode-0/data/ratis/0366a9ba-a717-466a-852b-c37bc01860b8 has been successfully formatted.
2019-10-09 23:57:13,236 [pool-227-thread-1] INFO  ratis.ContainerStateMachine (ContainerStateMachine.java:loadSnapshot(233)) - group-C37BC01860B8: The snapshot info is null. Setting the last applied indexto:(t:0, i:~)
2019-10-09 23:57:13,236 [pool-207-thread-1] INFO  ratis.ContainerStateMachine (ContainerStateMachine.java:loadSnapshot(233)) - group-C37BC01860B8: The snapshot info is null. Setting the last applied indexto:(t:0, i:~)
2019-10-09 23:57:13,236 [pool-217-thread-1] INFO  storage.RaftStorage (RaftStorage.java:format(84)) - Storage directory /workdir/hadoop-ozone/integration-test/target/test-dir/MiniOzoneClusterImpl-f2beb584-d50b-4d1b-9113-e73b8a8f1d7e/datanode-1/data/ratis/0366a9ba-a717-466a-852b-c37bc01860b8 has been successfully formatted.
2019-10-09 23:57:13,236 [pool-217-thread-1] INFO  ratis.ContainerStateMachine (ContainerStateMachine.java:loadSnapshot(233)) - group-C37BC01860B8: The snapshot info is null. Setting the last applied indexto:(t:0, i:~)
2019-10-09 23:57:13,236 [pool-217-thread-1] INFO  server.RaftServerConfigKeys (ConfUtils.java:logGet(43)) - raft.server.notification.no-leader.timeout = 120s (custom)
2019-10-09 23:57:13,236 [pool-217-thread-1] INFO  server.RaftServerConfigKeys (ConfUtils.java:logGet(43)) - raft.server.log.use.memory = false (default)
2019-10-09 23:57:13,237 [pool-217-thread-1] INFO  server.RaftServerConfigKeys (ConfUtils.java:logGet(43)) - raft.server.log.purge.gap = 1000000 (custom)
2019-10-09 23:57:13,237 [pool-217-thread-1] INFO  server.RaftServerConfigKeys (ConfUtils.java:logGet(43)) - raft.server.log.appender.buffer.byte-limit = 33554432 (custom)
2019-10-09 23:57:13,236 [pool-227-thread-1] INFO  server.RaftServerConfigKeys (ConfUtils.java:logGet(43)) - raft.server.notification.no-leader.timeout = 120s (custom)
2019-10-09 23:57:13,237 [pool-217-thread-1] INFO  server.RaftServerConfigKeys (ConfUtils.java:logGet(43)) - raft.server.log.segment.size.max = 1048576 (custom)
2019-10-09 23:57:13,236 [pool-207-thread-1] INFO  server.RaftServerConfigKeys (ConfUtils.java:logGet(43)) - raft.server.notification.no-leader.timeout = 120s (custom)
2019-10-09 23:57:13,237 [pool-217-thread-1] INFO  server.RaftServerConfigKeys (ConfUtils.java:logGet(43)) - raft.server.log.segment.cache.num.max = 2 (custom)
2019-10-09 23:57:13,237 [pool-227-thread-1] INFO  server.RaftServerConfigKeys (ConfUtils.java:logGet(43)) - raft.server.log.use.memory = false (default)
2019-10-09 23:57:13,237 [pool-217-thread-1] INFO  segmented.SegmentedRaftLogWorker (SegmentedRaftLogWorker.java:<init>(173)) - new d1b2fdb4-2a3c-478d-9f55-2a69fc770f7f@group-C37BC01860B8-SegmentedRaftLogWorker for RaftStorage:Storage Directory /workdir/hadoop-ozone/integration-test/target/test-dir/MiniOzoneClusterImpl-f2beb584-d50b-4d1b-9113-e73b8a8f1d7e/datanode-1/data/ratis/0366a9ba-a717-466a-852b-c37bc01860b8
2019-10-09 23:57:13,237 [pool-207-thread-1] INFO  server.RaftServerConfigKeys (ConfUtils.java:logGet(43)) - raft.server.log.use.memory = false (default)
2019-10-09 23:57:13,237 [pool-217-thread-1] INFO  server.RaftServerConfigKeys (ConfUtils.java:logGet(43)) - raft.server.log.queue.byte-limit = 2147483647 (custom)
2019-10-09 23:57:13,237 [pool-227-thread-1] INFO  server.RaftServerConfigKeys (ConfUtils.java:logGet(43)) - raft.server.log.purge.gap = 1000000 (custom)
2019-10-09 23:57:13,238 [pool-217-thread-1] INFO  server.RaftServerConfigKeys (ConfUtils.java:logGet(43)) - raft.server.log.queue.element-limit = 1024 (custom)
2019-10-09 23:57:13,238 [pool-207-thread-1] INFO  server.RaftServerConfigKeys (ConfUtils.java:logGet(43)) - raft.server.log.purge.gap = 1000000 (custom)
2019-10-09 23:57:13,238 [pool-217-thread-1] INFO  server.RaftServerConfigKeys (ConfUtils.java:logGet(43)) - raft.server.log.segment.size.max = 1048576 (custom)
2019-10-09 23:57:13,238 [pool-227-thread-1] INFO  server.RaftServerConfigKeys (ConfUtils.java:logGet(43)) - raft.server.log.appender.buffer.byte-limit = 33554432 (custom)
2019-10-09 23:57:13,238 [pool-217-thread-1] INFO  server.RaftServerConfigKeys (ConfUtils.java:logGet(43)) - raft.server.log.preallocated.size = 16384 (custom)
2019-10-09 23:57:13,238 [pool-207-thread-1] INFO  server.RaftServerConfigKeys (ConfUtils.java:logGet(43)) - raft.server.log.appender.buffer.byte-limit = 33554432 (custom)
2019-10-09 23:57:13,238 [pool-217-thread-1] INFO  server.RaftServerConfigKeys (ConfUtils.java:logGet(43)) - raft.server.log.write.buffer.size = 33554432 (custom)
2019-10-09 23:57:13,238 [pool-227-thread-1] INFO  server.RaftServerConfigKeys (ConfUtils.java:logGet(43)) - raft.server.log.segment.size.max = 1048576 (custom)
2019-10-09 23:57:13,238 [pool-217-thread-1] INFO  server.RaftServerConfigKeys (ConfUtils.java:logGet(43)) - raft.server.log.force.sync.num = 128 (default)
2019-10-09 23:57:13,238 [pool-207-thread-1] INFO  server.RaftServerConfigKeys (ConfUtils.java:logGet(43)) - raft.server.log.segment.size.max = 1048576 (custom)
2019-10-09 23:57:13,239 [pool-217-thread-1] INFO  server.RaftServerConfigKeys (ConfUtils.java:logGet(43)) - raft.server.log.statemachine.data.sync = true (default)
2019-10-09 23:57:13,239 [pool-227-thread-1] INFO  server.RaftServerConfigKeys (ConfUtils.java:logGet(43)) - raft.server.log.segment.cache.num.max = 2 (custom)
2019-10-09 23:57:13,239 [pool-217-thread-1] INFO  server.RaftServerConfigKeys (ConfUtils.java:logGet(43)) - raft.server.log.statemachine.data.sync.timeout = 10s (default)
2019-10-09 23:57:13,239 [pool-207-thread-1] INFO  server.RaftServerConfigKeys (ConfUtils.java:logGet(43)) - raft.server.log.segment.cache.num.max = 2 (custom)
2019-10-09 23:57:13,239 [pool-217-thread-1] INFO  server.RaftServerConfigKeys (ConfUtils.java:logGet(43)) - raft.server.log.statemachine.data.sync.timeout.retry = -1 (default)
2019-10-09 23:57:13,239 [pool-227-thread-1] INFO  segmented.SegmentedRaftLogWorker (SegmentedRaftLogWorker.java:<init>(173)) - new 7efd9bf7-a6c0-4f93-9bd9-a1d7634c727c@group-C37BC01860B8-SegmentedRaftLogWorker for RaftStorage:Storage Directory /workdir/hadoop-ozone/integration-test/target/test-dir/MiniOzoneClusterImpl-f2beb584-d50b-4d1b-9113-e73b8a8f1d7e/datanode-2/data/ratis/0366a9ba-a717-466a-852b-c37bc01860b8
2019-10-09 23:57:13,239 [pool-217-thread-1] INFO  server.RaftServerConfigKeys (ConfUtils.java:logGet(43)) - raft.server.log.statemachine.data.caching.enabled = true (custom)
2019-10-09 23:57:13,239 [pool-227-thread-1] INFO  server.RaftServerConfigKeys (ConfUtils.java:logGet(43)) - raft.server.log.queue.byte-limit = 2147483647 (custom)
2019-10-09 23:57:13,240 [pool-227-thread-1] INFO  server.RaftServerConfigKeys (ConfUtils.java:logGet(43)) - raft.server.log.queue.element-limit = 1024 (custom)
2019-10-09 23:57:13,240 [pool-227-thread-1] INFO  server.RaftServerConfigKeys (ConfUtils.java:logGet(43)) - raft.server.log.segment.size.max = 1048576 (custom)
2019-10-09 23:57:13,240 [pool-227-thread-1] INFO  server.RaftServerConfigKeys (ConfUtils.java:logGet(43)) - raft.server.log.preallocated.size = 16384 (custom)
2019-10-09 23:57:13,240 [pool-227-thread-1] INFO  server.RaftServerConfigKeys (ConfUtils.java:logGet(43)) - raft.server.log.write.buffer.size = 33554432 (custom)
2019-10-09 23:57:13,240 [pool-227-thread-1] INFO  server.RaftServerConfigKeys (ConfUtils.java:logGet(43)) - raft.server.log.force.sync.num = 128 (default)
2019-10-09 23:57:13,240 [pool-227-thread-1] INFO  server.RaftServerConfigKeys (ConfUtils.java:logGet(43)) - raft.server.log.statemachine.data.sync = true (default)
2019-10-09 23:57:13,240 [pool-227-thread-1] INFO  server.RaftServerConfigKeys (ConfUtils.java:logGet(43)) - raft.server.log.statemachine.data.sync.timeout = 10s (default)
2019-10-09 23:57:13,240 [pool-227-thread-1] INFO  server.RaftServerConfigKeys (ConfUtils.java:logGet(43)) - raft.server.log.statemachine.data.sync.timeout.retry = -1 (default)
2019-10-09 23:57:13,241 [pool-227-thread-1] INFO  server.RaftServerConfigKeys (ConfUtils.java:logGet(43)) - raft.server.log.statemachine.data.caching.enabled = true (custom)
2019-10-09 23:57:13,239 [pool-207-thread-1] INFO  segmented.SegmentedRaftLogWorker (SegmentedRaftLogWorker.java:<init>(173)) - new 267b4c01-3d7d-4c74-8ccf-ba11236bcdc8@group-C37BC01860B8-SegmentedRaftLogWorker for RaftStorage:Storage Directory /workdir/hadoop-ozone/integration-test/target/test-dir/MiniOzoneClusterImpl-f2beb584-d50b-4d1b-9113-e73b8a8f1d7e/datanode-0/data/ratis/0366a9ba-a717-466a-852b-c37bc01860b8
2019-10-09 23:57:13,241 [pool-227-thread-1] INFO  segmented.SegmentedRaftLogWorker (SegmentedRaftLogWorker.java:lambda$new$0(128)) - 7efd9bf7-a6c0-4f93-9bd9-a1d7634c727c@group-C37BC01860B8-SegmentedRaftLogWorker: flushIndex: setUnconditionally 0 -> -1
2019-10-09 23:57:13,240 [pool-217-thread-1] INFO  segmented.SegmentedRaftLogWorker (SegmentedRaftLogWorker.java:lambda$new$0(128)) - d1b2fdb4-2a3c-478d-9f55-2a69fc770f7f@group-C37BC01860B8-SegmentedRaftLogWorker: flushIndex: setUnconditionally 0 -> -1
2019-10-09 23:57:13,241 [pool-227-thread-1] INFO  server.RaftServerConfigKeys (ConfUtils.java:logGet(43)) - raft.server.snapshot.auto.trigger.enabled = true (custom)
2019-10-09 23:57:13,241 [pool-227-thread-1] INFO  server.RaftServerConfigKeys (ConfUtils.java:logGet(43)) - raft.server.snapshot.auto.trigger.threshold = 10000 (custom)
2019-10-09 23:57:13,241 [pool-227-thread-1] INFO  server.RaftServerConfigKeys (ConfUtils.java:logGet(43)) - raft.server.snapshot.retention.file.num = 5 (custom)
2019-10-09 23:57:13,242 [pool-227-thread-1] INFO  server.RaftServerConfigKeys (ConfUtils.java:logGet(43)) - raft.server.retrycache.expirytime = 600000ms (custom)
2019-10-09 23:57:13,241 [pool-207-thread-1] INFO  server.RaftServerConfigKeys (ConfUtils.java:logGet(43)) - raft.server.log.queue.byte-limit = 2147483647 (custom)
2019-10-09 23:57:13,241 [pool-217-thread-1] INFO  server.RaftServerConfigKeys (ConfUtils.java:logGet(43)) - raft.server.snapshot.auto.trigger.enabled = true (custom)
2019-10-09 23:57:13,242 [pool-207-thread-1] INFO  server.RaftServerConfigKeys (ConfUtils.java:logGet(43)) - raft.server.log.queue.element-limit = 1024 (custom)
2019-10-09 23:57:13,242 [pool-217-thread-1] INFO  server.RaftServerConfigKeys (ConfUtils.java:logGet(43)) - raft.server.snapshot.auto.trigger.threshold = 10000 (custom)
2019-10-09 23:57:13,243 [pool-207-thread-1] INFO  server.RaftServerConfigKeys (ConfUtils.java:logGet(43)) - raft.server.log.segment.size.max = 1048576 (custom)
2019-10-09 23:57:13,243 [pool-217-thread-1] INFO  server.RaftServerConfigKeys (ConfUtils.java:logGet(43)) - raft.server.snapshot.retention.file.num = 5 (custom)
2019-10-09 23:57:13,243 [pool-207-thread-1] INFO  server.RaftServerConfigKeys (ConfUtils.java:logGet(43)) - raft.server.log.preallocated.size = 16384 (custom)
2019-10-09 23:57:13,243 [pool-207-thread-1] INFO  server.RaftServerConfigKeys (ConfUtils.java:logGet(43)) - raft.server.log.write.buffer.size = 33554432 (custom)
2019-10-09 23:57:13,243 [pool-207-thread-1] INFO  server.RaftServerConfigKeys (ConfUtils.java:logGet(43)) - raft.server.log.force.sync.num = 128 (default)
2019-10-09 23:57:13,243 [pool-207-thread-1] INFO  server.RaftServerConfigKeys (ConfUtils.java:logGet(43)) - raft.server.log.statemachine.data.sync = true (default)
2019-10-09 23:57:13,243 [pool-207-thread-1] INFO  server.RaftServerConfigKeys (ConfUtils.java:logGet(43)) - raft.server.log.statemachine.data.sync.timeout = 10s (default)
2019-10-09 23:57:13,243 [pool-207-thread-1] INFO  server.RaftServerConfigKeys (ConfUtils.java:logGet(43)) - raft.server.log.statemachine.data.sync.timeout.retry = -1 (default)
2019-10-09 23:57:13,243 [pool-217-thread-1] INFO  server.RaftServerConfigKeys (ConfUtils.java:logGet(43)) - raft.server.retrycache.expirytime = 600000ms (custom)
2019-10-09 23:57:13,244 [pool-207-thread-1] INFO  server.RaftServerConfigKeys (ConfUtils.java:logGet(43)) - raft.server.log.statemachine.data.caching.enabled = true (custom)
2019-10-09 23:57:13,244 [pool-227-thread-1] INFO  impl.RaftServerImpl (RaftServerImpl.java:start(181)) - 7efd9bf7-a6c0-4f93-9bd9-a1d7634c727c@group-C37BC01860B8: start as a follower, conf=-1: [7efd9bf7-a6c0-4f93-9bd9-a1d7634c727c:192.168.5.166:46122, 267b4c01-3d7d-4c74-8ccf-ba11236bcdc8:192.168.5.166:40372, d1b2fdb4-2a3c-478d-9f55-2a69fc770f7f:192.168.5.166:45660], old=null
2019-10-09 23:57:13,244 [pool-207-thread-1] INFO  segmented.SegmentedRaftLogWorker (SegmentedRaftLogWorker.java:lambda$new$0(128)) - 267b4c01-3d7d-4c74-8ccf-ba11236bcdc8@group-C37BC01860B8-SegmentedRaftLogWorker: flushIndex: setUnconditionally 0 -> -1
2019-10-09 23:57:13,244 [pool-227-thread-1] INFO  impl.RaftServerImpl (RaftServerImpl.java:setRole(170)) - 7efd9bf7-a6c0-4f93-9bd9-a1d7634c727c@group-C37BC01860B8: changes role from      null to FOLLOWER at term 0 for startAsFollower
2019-10-09 23:57:13,244 [pool-227-thread-1] INFO  impl.RoleInfo (RoleInfo.java:updateAndGet(143)) - 7efd9bf7-a6c0-4f93-9bd9-a1d7634c727c: start FollowerState
2019-10-09 23:57:13,244 [pool-207-thread-1] INFO  server.RaftServerConfigKeys (ConfUtils.java:logGet(43)) - raft.server.snapshot.auto.trigger.enabled = true (custom)
2019-10-09 23:57:13,245 [pool-207-thread-1] INFO  server.RaftServerConfigKeys (ConfUtils.java:logGet(43)) - raft.server.snapshot.auto.trigger.threshold = 10000 (custom)
2019-10-09 23:57:13,245 [pool-207-thread-1] INFO  server.RaftServerConfigKeys (ConfUtils.java:logGet(43)) - raft.server.snapshot.retention.file.num = 5 (custom)
2019-10-09 23:57:13,245 [pool-207-thread-1] INFO  server.RaftServerConfigKeys (ConfUtils.java:logGet(43)) - raft.server.retrycache.expirytime = 600000ms (custom)
2019-10-09 23:57:13,245 [pool-227-thread-1] INFO  util.JmxRegister (JmxRegister.java:tryRegister(44)) - Successfully registered JMX Bean with object name Ratis:service=RaftServer,group=group-C37BC01860B8,id=7efd9bf7-a6c0-4f93-9bd9-a1d7634c727c
2019-10-09 23:57:13,246 [pool-217-thread-1] INFO  impl.RaftServerImpl (RaftServerImpl.java:start(181)) - d1b2fdb4-2a3c-478d-9f55-2a69fc770f7f@group-C37BC01860B8: start as a follower, conf=-1: [7efd9bf7-a6c0-4f93-9bd9-a1d7634c727c:192.168.5.166:46122, 267b4c01-3d7d-4c74-8ccf-ba11236bcdc8:192.168.5.166:40372, d1b2fdb4-2a3c-478d-9f55-2a69fc770f7f:192.168.5.166:45660], old=null
2019-10-09 23:57:13,246 [pool-217-thread-1] INFO  impl.RaftServerImpl (RaftServerImpl.java:setRole(170)) - d1b2fdb4-2a3c-478d-9f55-2a69fc770f7f@group-C37BC01860B8: changes role from      null to FOLLOWER at term 0 for startAsFollower
2019-10-09 23:57:13,246 [pool-217-thread-1] INFO  impl.RoleInfo (RoleInfo.java:updateAndGet(143)) - d1b2fdb4-2a3c-478d-9f55-2a69fc770f7f: start FollowerState
2019-10-09 23:57:13,247 [pool-217-thread-1] INFO  util.JmxRegister (JmxRegister.java:tryRegister(44)) - Successfully registered JMX Bean with object name Ratis:service=RaftServer,group=group-C37BC01860B8,id=d1b2fdb4-2a3c-478d-9f55-2a69fc770f7f
2019-10-09 23:57:13,248 [pool-207-thread-1] INFO  impl.RaftServerImpl (RaftServerImpl.java:start(181)) - 267b4c01-3d7d-4c74-8ccf-ba11236bcdc8@group-C37BC01860B8: start as a follower, conf=-1: [7efd9bf7-a6c0-4f93-9bd9-a1d7634c727c:192.168.5.166:46122, 267b4c01-3d7d-4c74-8ccf-ba11236bcdc8:192.168.5.166:40372, d1b2fdb4-2a3c-478d-9f55-2a69fc770f7f:192.168.5.166:45660], old=null
2019-10-09 23:57:13,248 [pool-207-thread-1] INFO  impl.RaftServerImpl (RaftServerImpl.java:setRole(170)) - 267b4c01-3d7d-4c74-8ccf-ba11236bcdc8@group-C37BC01860B8: changes role from      null to FOLLOWER at term 0 for startAsFollower
2019-10-09 23:57:13,248 [pool-207-thread-1] INFO  impl.RoleInfo (RoleInfo.java:updateAndGet(143)) - 267b4c01-3d7d-4c74-8ccf-ba11236bcdc8: start FollowerState
2019-10-09 23:57:13,249 [pool-207-thread-1] INFO  util.JmxRegister (JmxRegister.java:tryRegister(44)) - Successfully registered JMX Bean with object name Ratis:service=RaftServer,group=group-C37BC01860B8,id=267b4c01-3d7d-4c74-8ccf-ba11236bcdc8
2019-10-09 23:57:13,253 [RatisPipelineUtilsThread] INFO  pipeline.PipelineStateManager (PipelineStateManager.java:addPipeline(57)) - Created pipeline Pipeline[ Id: 0366a9ba-a717-466a-852b-c37bc01860b8, Nodes: d1b2fdb4-2a3c-478d-9f55-2a69fc770f7f{ip: 192.168.5.166, host: pr-hdds-1868-fg6nx-4263576025, networkLocation: /default-rack, certSerialId: null}7efd9bf7-a6c0-4f93-9bd9-a1d7634c727c{ip: 192.168.5.166, host: pr-hdds-1868-fg6nx-4263576025, networkLocation: /default-rack, certSerialId: null}267b4c01-3d7d-4c74-8ccf-ba11236bcdc8{ip: 192.168.5.166, host: pr-hdds-1868-fg6nx-4263576025, networkLocation: /default-rack, certSerialId: null}, Type:RATIS, Factor:THREE, State:ALLOCATED]
2019-10-09 23:57:13,260 [IPC Server handler 5 on 46519] INFO  net.NetworkTopology (NetworkTopologyImpl.java:add(111)) - Added a new node: /default-rack/70047afe-0910-4555-ade8-6ade5e62522e
2019-10-09 23:57:13,261 [IPC Server handler 5 on 46519] INFO  node.SCMNodeManager (SCMNodeManager.java:register(268)) - Registered Data node : 70047afe-0910-4555-ade8-6ade5e62522e{ip: 192.168.5.166, host: pr-hdds-1868-fg6nx-4263576025, networkLocation: /default-rack, certSerialId: null}
2019-10-09 23:57:13,271 [grpc-default-executor-4] INFO  impl.RaftServerProxy (RaftServerProxy.java:addNew(89)) - 78e81a3b-a007-4b1e-9676-7d47e80789cd: addNew group-3E74022D0AAA:[78e81a3b-a007-4b1e-9676-7d47e80789cd:192.168.5.166:40575] returns group-3E74022D0AAA:java.util.concurrent.CompletableFuture@708e26a3[Not completed]
2019-10-09 23:57:13,275 [pool-237-thread-1] INFO  impl.RaftServerImpl (RaftServerImpl.java:<init>(95)) - 78e81a3b-a007-4b1e-9676-7d47e80789cd: new RaftServerImpl for group-3E74022D0AAA:[78e81a3b-a007-4b1e-9676-7d47e80789cd:192.168.5.166:40575] with ContainerStateMachine:uninitialized
2019-10-09 23:57:13,275 [pool-237-thread-1] INFO  server.RaftServerConfigKeys (ConfUtils.java:logGet(43)) - raft.server.rpc.timeout.min = 5s (custom)
2019-10-09 23:57:13,275 [pool-237-thread-1] INFO  server.RaftServerConfigKeys (ConfUtils.java:logGet(43)) - raft.server.rpc.timeout.max = 5200ms (custom)
2019-10-09 23:57:13,275 [pool-237-thread-1] INFO  server.RaftServerConfigKeys (ConfUtils.java:logGet(43)) - raft.server.rpcslowness.timeout = 120s (custom)
2019-10-09 23:57:13,275 [pool-237-thread-1] INFO  server.RaftServerConfigKeys (ConfUtils.java:logGet(43)) - raft.server.sleep.deviation.threshold = 300 (default)
2019-10-09 23:57:13,275 [pool-237-thread-1] INFO  server.RaftServerConfigKeys (ConfUtils.java:logGet(43)) - raft.server.log.appender.install.snapshot.enabled = false (custom)
2019-10-09 23:57:13,275 [pool-237-thread-1] INFO  impl.RaftServerImpl (ServerState.java:<init>(103)) - 78e81a3b-a007-4b1e-9676-7d47e80789cd@group-3E74022D0AAA: ConfigurationManager, init=-1: [78e81a3b-a007-4b1e-9676-7d47e80789cd:192.168.5.166:40575], old=null, confs=<EMPTY_MAP>
2019-10-09 23:57:13,275 [pool-237-thread-1] INFO  server.RaftServerConfigKeys (ConfUtils.java:logGet(43)) - raft.server.storage.dir = [/workdir/hadoop-ozone/integration-test/target/test-dir/MiniOzoneClusterImpl-f2beb584-d50b-4d1b-9113-e73b8a8f1d7e/datanode-3/data/ratis] (custom)
2019-10-09 23:57:13,275 [pool-237-thread-1] INFO  server.RaftServerConfigKeys (ConfUtils.java:logGet(43)) - raft.server.log.corruption.policy = EXCEPTION (default)
2019-10-09 23:57:13,276 [pool-237-thread-1] INFO  storage.RaftStorageDirectory (RaftStorageDirectory.java:analyzeStorage(246)) - The storage directory /workdir/hadoop-ozone/integration-test/target/test-dir/MiniOzoneClusterImpl-f2beb584-d50b-4d1b-9113-e73b8a8f1d7e/datanode-3/data/ratis/b5d56f4b-7ca0-472b-b08f-3e74022d0aaa does not exist. Creating ...
2019-10-09 23:57:13,281 [pool-237-thread-1] INFO  storage.RaftStorageDirectory (RaftStorageDirectory.java:tryLock(328)) - Lock on /workdir/hadoop-ozone/integration-test/target/test-dir/MiniOzoneClusterImpl-f2beb584-d50b-4d1b-9113-e73b8a8f1d7e/datanode-3/data/ratis/b5d56f4b-7ca0-472b-b08f-3e74022d0aaa/in_use.lock acquired by nodename 25084@pr-hdds-1868-fg6nx-4263576025
2019-10-09 23:57:13,303 [pool-237-thread-1] INFO  storage.RaftStorage (RaftStorage.java:format(84)) - Storage directory /workdir/hadoop-ozone/integration-test/target/test-dir/MiniOzoneClusterImpl-f2beb584-d50b-4d1b-9113-e73b8a8f1d7e/datanode-3/data/ratis/b5d56f4b-7ca0-472b-b08f-3e74022d0aaa has been successfully formatted.
2019-10-09 23:57:13,303 [pool-237-thread-1] INFO  ratis.ContainerStateMachine (ContainerStateMachine.java:loadSnapshot(233)) - group-3E74022D0AAA: The snapshot info is null. Setting the last applied indexto:(t:0, i:~)
2019-10-09 23:57:13,304 [pool-237-thread-1] INFO  server.RaftServerConfigKeys (ConfUtils.java:logGet(43)) - raft.server.notification.no-leader.timeout = 120s (custom)
2019-10-09 23:57:13,304 [pool-237-thread-1] INFO  server.RaftServerConfigKeys (ConfUtils.java:logGet(43)) - raft.server.log.use.memory = false (default)
2019-10-09 23:57:13,304 [pool-237-thread-1] INFO  server.RaftServerConfigKeys (ConfUtils.java:logGet(43)) - raft.server.log.purge.gap = 1000000 (custom)
2019-10-09 23:57:13,304 [pool-237-thread-1] INFO  server.RaftServerConfigKeys (ConfUtils.java:logGet(43)) - raft.server.log.appender.buffer.byte-limit = 33554432 (custom)
2019-10-09 23:57:13,304 [pool-237-thread-1] INFO  server.RaftServerConfigKeys (ConfUtils.java:logGet(43)) - raft.server.log.segment.size.max = 1048576 (custom)
2019-10-09 23:57:13,307 [pool-237-thread-1] INFO  server.RaftServerConfigKeys (ConfUtils.java:logGet(43)) - raft.server.log.segment.cache.num.max = 2 (custom)
2019-10-09 23:57:13,307 [pool-237-thread-1] INFO  segmented.SegmentedRaftLogWorker (SegmentedRaftLogWorker.java:<init>(173)) - new 78e81a3b-a007-4b1e-9676-7d47e80789cd@group-3E74022D0AAA-SegmentedRaftLogWorker for RaftStorage:Storage Directory /workdir/hadoop-ozone/integration-test/target/test-dir/MiniOzoneClusterImpl-f2beb584-d50b-4d1b-9113-e73b8a8f1d7e/datanode-3/data/ratis/b5d56f4b-7ca0-472b-b08f-3e74022d0aaa
2019-10-09 23:57:13,307 [pool-237-thread-1] INFO  server.RaftServerConfigKeys (ConfUtils.java:logGet(43)) - raft.server.log.queue.byte-limit = 2147483647 (custom)
2019-10-09 23:57:13,307 [pool-237-thread-1] INFO  server.RaftServerConfigKeys (ConfUtils.java:logGet(43)) - raft.server.log.queue.element-limit = 1024 (custom)
2019-10-09 23:57:13,307 [pool-237-thread-1] INFO  server.RaftServerConfigKeys (ConfUtils.java:logGet(43)) - raft.server.log.segment.size.max = 1048576 (custom)
2019-10-09 23:57:13,307 [pool-237-thread-1] INFO  server.RaftServerConfigKeys (ConfUtils.java:logGet(43)) - raft.server.log.preallocated.size = 16384 (custom)
2019-10-09 23:57:13,308 [pool-237-thread-1] INFO  server.RaftServerConfigKeys (ConfUtils.java:logGet(43)) - raft.server.log.write.buffer.size = 33554432 (custom)
2019-10-09 23:57:13,308 [pool-237-thread-1] INFO  server.RaftServerConfigKeys (ConfUtils.java:logGet(43)) - raft.server.log.force.sync.num = 128 (default)
2019-10-09 23:57:13,308 [pool-237-thread-1] INFO  server.RaftServerConfigKeys (ConfUtils.java:logGet(43)) - raft.server.log.statemachine.data.sync = true (default)
2019-10-09 23:57:13,308 [pool-237-thread-1] INFO  server.RaftServerConfigKeys (ConfUtils.java:logGet(43)) - raft.server.log.statemachine.data.sync.timeout = 10s (default)
2019-10-09 23:57:13,308 [pool-237-thread-1] INFO  server.RaftServerConfigKeys (ConfUtils.java:logGet(43)) - raft.server.log.statemachine.data.sync.timeout.retry = -1 (default)
2019-10-09 23:57:13,309 [pool-237-thread-1] INFO  server.RaftServerConfigKeys (ConfUtils.java:logGet(43)) - raft.server.log.statemachine.data.caching.enabled = true (custom)
2019-10-09 23:57:13,309 [pool-237-thread-1] INFO  segmented.SegmentedRaftLogWorker (SegmentedRaftLogWorker.java:lambda$new$0(128)) - 78e81a3b-a007-4b1e-9676-7d47e80789cd@group-3E74022D0AAA-SegmentedRaftLogWorker: flushIndex: setUnconditionally 0 -> -1
2019-10-09 23:57:13,309 [pool-237-thread-1] INFO  server.RaftServerConfigKeys (ConfUtils.java:logGet(43)) - raft.server.snapshot.auto.trigger.enabled = true (custom)
2019-10-09 23:57:13,309 [pool-237-thread-1] INFO  server.RaftServerConfigKeys (ConfUtils.java:logGet(43)) - raft.server.snapshot.auto.trigger.threshold = 10000 (custom)
2019-10-09 23:57:13,309 [pool-237-thread-1] INFO  server.RaftServerConfigKeys (ConfUtils.java:logGet(43)) - raft.server.snapshot.retention.file.num = 5 (custom)
2019-10-09 23:57:13,310 [pool-237-thread-1] INFO  server.RaftServerConfigKeys (ConfUtils.java:logGet(43)) - raft.server.retrycache.expirytime = 600000ms (custom)
2019-10-09 23:57:13,312 [pool-237-thread-1] INFO  impl.RaftServerImpl (RaftServerImpl.java:start(181)) - 78e81a3b-a007-4b1e-9676-7d47e80789cd@group-3E74022D0AAA: start as a follower, conf=-1: [78e81a3b-a007-4b1e-9676-7d47e80789cd:192.168.5.166:40575], old=null
2019-10-09 23:57:13,312 [pool-237-thread-1] INFO  impl.RaftServerImpl (RaftServerImpl.java:setRole(170)) - 78e81a3b-a007-4b1e-9676-7d47e80789cd@group-3E74022D0AAA: changes role from      null to FOLLOWER at term 0 for startAsFollower
2019-10-09 23:57:13,312 [pool-237-thread-1] INFO  impl.RoleInfo (RoleInfo.java:updateAndGet(143)) - 78e81a3b-a007-4b1e-9676-7d47e80789cd: start FollowerState
2019-10-09 23:57:13,313 [pool-237-thread-1] INFO  util.JmxRegister (JmxRegister.java:tryRegister(44)) - Successfully registered JMX Bean with object name Ratis:service=RaftServer,group=group-3E74022D0AAA,id=78e81a3b-a007-4b1e-9676-7d47e80789cd
2019-10-09 23:57:13,317 [RatisPipelineUtilsThread] INFO  pipeline.PipelineStateManager (PipelineStateManager.java:addPipeline(57)) - Created pipeline Pipeline[ Id: b5d56f4b-7ca0-472b-b08f-3e74022d0aaa, Nodes: 78e81a3b-a007-4b1e-9676-7d47e80789cd{ip: 192.168.5.166, host: pr-hdds-1868-fg6nx-4263576025, networkLocation: /default-rack, certSerialId: null}, Type:RATIS, Factor:ONE, State:ALLOCATED]
2019-10-09 23:57:13,325 [grpc-default-executor-4] INFO  impl.RaftServerProxy (RaftServerProxy.java:addNew(89)) - 70047afe-0910-4555-ade8-6ade5e62522e: addNew group-A583D756AE80:[70047afe-0910-4555-ade8-6ade5e62522e:192.168.5.166:37086] returns group-A583D756AE80:java.util.concurrent.CompletableFuture@42f6c076[Not completed]
2019-10-09 23:57:13,326 [IPC Server handler 6 on 46519] INFO  net.NetworkTopology (NetworkTopologyImpl.java:add(111)) - Added a new node: /default-rack/f5a703b3-66a4-42d5-b4a4-337578d80bd8
2019-10-09 23:57:13,326 [IPC Server handler 6 on 46519] INFO  node.SCMNodeManager (SCMNodeManager.java:register(268)) - Registered Data node : f5a703b3-66a4-42d5-b4a4-337578d80bd8{ip: 192.168.5.166, host: pr-hdds-1868-fg6nx-4263576025, networkLocation: /default-rack, certSerialId: null}
2019-10-09 23:57:13,326 [pool-247-thread-1] INFO  impl.RaftServerImpl (RaftServerImpl.java:<init>(95)) - 70047afe-0910-4555-ade8-6ade5e62522e: new RaftServerImpl for group-A583D756AE80:[70047afe-0910-4555-ade8-6ade5e62522e:192.168.5.166:37086] with ContainerStateMachine:uninitialized
2019-10-09 23:57:13,326 [pool-247-thread-1] INFO  server.RaftServerConfigKeys (ConfUtils.java:logGet(43)) - raft.server.rpc.timeout.min = 5s (custom)
2019-10-09 23:57:13,326 [pool-247-thread-1] INFO  server.RaftServerConfigKeys (ConfUtils.java:logGet(43)) - raft.server.rpc.timeout.max = 5200ms (custom)
2019-10-09 23:57:13,326 [pool-247-thread-1] INFO  server.RaftServerConfigKeys (ConfUtils.java:logGet(43)) - raft.server.rpcslowness.timeout = 120s (custom)
2019-10-09 23:57:13,327 [pool-247-thread-1] INFO  server.RaftServerConfigKeys (ConfUtils.java:logGet(43)) - raft.server.sleep.deviation.threshold = 300 (default)
2019-10-09 23:57:13,327 [pool-247-thread-1] INFO  server.RaftServerConfigKeys (ConfUtils.java:logGet(43)) - raft.server.log.appender.install.snapshot.enabled = false (custom)
2019-10-09 23:57:13,327 [pool-247-thread-1] INFO  impl.RaftServerImpl (ServerState.java:<init>(103)) - 70047afe-0910-4555-ade8-6ade5e62522e@group-A583D756AE80: ConfigurationManager, init=-1: [70047afe-0910-4555-ade8-6ade5e62522e:192.168.5.166:37086], old=null, confs=<EMPTY_MAP>
2019-10-09 23:57:13,327 [pool-247-thread-1] INFO  server.RaftServerConfigKeys (ConfUtils.java:logGet(43)) - raft.server.storage.dir = [/workdir/hadoop-ozone/integration-test/target/test-dir/MiniOzoneClusterImpl-f2beb584-d50b-4d1b-9113-e73b8a8f1d7e/datanode-4/data/ratis] (custom)
2019-10-09 23:57:13,327 [pool-247-thread-1] INFO  server.RaftServerConfigKeys (ConfUtils.java:logGet(43)) - raft.server.log.corruption.policy = EXCEPTION (default)
2019-10-09 23:57:13,327 [pool-247-thread-1] INFO  storage.RaftStorageDirectory (RaftStorageDirectory.java:analyzeStorage(246)) - The storage directory /workdir/hadoop-ozone/integration-test/target/test-dir/MiniOzoneClusterImpl-f2beb584-d50b-4d1b-9113-e73b8a8f1d7e/datanode-4/data/ratis/44c0abc5-86e6-4fac-9e33-a583d756ae80 does not exist. Creating ...
2019-10-09 23:57:13,340 [pool-247-thread-1] INFO  storage.RaftStorageDirectory (RaftStorageDirectory.java:tryLock(328)) - Lock on /workdir/hadoop-ozone/integration-test/target/test-dir/MiniOzoneClusterImpl-f2beb584-d50b-4d1b-9113-e73b8a8f1d7e/datanode-4/data/ratis/44c0abc5-86e6-4fac-9e33-a583d756ae80/in_use.lock acquired by nodename 25084@pr-hdds-1868-fg6nx-4263576025
2019-10-09 23:57:13,353 [pool-247-thread-1] INFO  storage.RaftStorage (RaftStorage.java:format(84)) - Storage directory /workdir/hadoop-ozone/integration-test/target/test-dir/MiniOzoneClusterImpl-f2beb584-d50b-4d1b-9113-e73b8a8f1d7e/datanode-4/data/ratis/44c0abc5-86e6-4fac-9e33-a583d756ae80 has been successfully formatted.
2019-10-09 23:57:13,353 [pool-247-thread-1] INFO  ratis.ContainerStateMachine (ContainerStateMachine.java:loadSnapshot(233)) - group-A583D756AE80: The snapshot info is null. Setting the last applied indexto:(t:0, i:~)
2019-10-09 23:57:13,353 [pool-247-thread-1] INFO  server.RaftServerConfigKeys (ConfUtils.java:logGet(43)) - raft.server.notification.no-leader.timeout = 120s (custom)
2019-10-09 23:57:13,354 [pool-247-thread-1] INFO  server.RaftServerConfigKeys (ConfUtils.java:logGet(43)) - raft.server.log.use.memory = false (default)
2019-10-09 23:57:13,354 [pool-247-thread-1] INFO  server.RaftServerConfigKeys (ConfUtils.java:logGet(43)) - raft.server.log.purge.gap = 1000000 (custom)
2019-10-09 23:57:13,354 [pool-247-thread-1] INFO  server.RaftServerConfigKeys (ConfUtils.java:logGet(43)) - raft.server.log.appender.buffer.byte-limit = 33554432 (custom)
2019-10-09 23:57:13,354 [pool-247-thread-1] INFO  server.RaftServerConfigKeys (ConfUtils.java:logGet(43)) - raft.server.log.segment.size.max = 1048576 (custom)
2019-10-09 23:57:13,356 [pool-247-thread-1] INFO  server.RaftServerConfigKeys (ConfUtils.java:logGet(43)) - raft.server.log.segment.cache.num.max = 2 (custom)
2019-10-09 23:57:13,356 [pool-247-thread-1] INFO  segmented.SegmentedRaftLogWorker (SegmentedRaftLogWorker.java:<init>(173)) - new 70047afe-0910-4555-ade8-6ade5e62522e@group-A583D756AE80-SegmentedRaftLogWorker for RaftStorage:Storage Directory /workdir/hadoop-ozone/integration-test/target/test-dir/MiniOzoneClusterImpl-f2beb584-d50b-4d1b-9113-e73b8a8f1d7e/datanode-4/data/ratis/44c0abc5-86e6-4fac-9e33-a583d756ae80
2019-10-09 23:57:13,356 [pool-247-thread-1] INFO  server.RaftServerConfigKeys (ConfUtils.java:logGet(43)) - raft.server.log.queue.byte-limit = 2147483647 (custom)
2019-10-09 23:57:13,356 [pool-247-thread-1] INFO  server.RaftServerConfigKeys (ConfUtils.java:logGet(43)) - raft.server.log.queue.element-limit = 1024 (custom)
2019-10-09 23:57:13,356 [pool-247-thread-1] INFO  server.RaftServerConfigKeys (ConfUtils.java:logGet(43)) - raft.server.log.segment.size.max = 1048576 (custom)
2019-10-09 23:57:13,356 [pool-247-thread-1] INFO  server.RaftServerConfigKeys (ConfUtils.java:logGet(43)) - raft.server.log.preallocated.size = 16384 (custom)
2019-10-09 23:57:13,356 [pool-247-thread-1] INFO  server.RaftServerConfigKeys (ConfUtils.java:logGet(43)) - raft.server.log.write.buffer.size = 33554432 (custom)
2019-10-09 23:57:13,356 [pool-247-thread-1] INFO  server.RaftServerConfigKeys (ConfUtils.java:logGet(43)) - raft.server.log.force.sync.num = 128 (default)
2019-10-09 23:57:13,356 [pool-247-thread-1] INFO  server.RaftServerConfigKeys (ConfUtils.java:logGet(43)) - raft.server.log.statemachine.data.sync = true (default)
2019-10-09 23:57:13,357 [pool-247-thread-1] INFO  server.RaftServerConfigKeys (ConfUtils.java:logGet(43)) - raft.server.log.statemachine.data.sync.timeout = 10s (default)
2019-10-09 23:57:13,357 [pool-247-thread-1] INFO  server.RaftServerConfigKeys (ConfUtils.java:logGet(43)) - raft.server.log.statemachine.data.sync.timeout.retry = -1 (default)
2019-10-09 23:57:13,357 [pool-247-thread-1] INFO  server.RaftServerConfigKeys (ConfUtils.java:logGet(43)) - raft.server.log.statemachine.data.caching.enabled = true (custom)
2019-10-09 23:57:13,357 [pool-247-thread-1] INFO  segmented.SegmentedRaftLogWorker (SegmentedRaftLogWorker.java:lambda$new$0(128)) - 70047afe-0910-4555-ade8-6ade5e62522e@group-A583D756AE80-SegmentedRaftLogWorker: flushIndex: setUnconditionally 0 -> -1
2019-10-09 23:57:13,357 [pool-247-thread-1] INFO  server.RaftServerConfigKeys (ConfUtils.java:logGet(43)) - raft.server.snapshot.auto.trigger.enabled = true (custom)
2019-10-09 23:57:13,358 [pool-247-thread-1] INFO  server.RaftServerConfigKeys (ConfUtils.java:logGet(43)) - raft.server.snapshot.auto.trigger.threshold = 10000 (custom)
2019-10-09 23:57:13,358 [pool-247-thread-1] INFO  server.RaftServerConfigKeys (ConfUtils.java:logGet(43)) - raft.server.snapshot.retention.file.num = 5 (custom)
2019-10-09 23:57:13,358 [pool-247-thread-1] INFO  server.RaftServerConfigKeys (ConfUtils.java:logGet(43)) - raft.server.retrycache.expirytime = 600000ms (custom)
2019-10-09 23:57:13,359 [pool-247-thread-1] INFO  impl.RaftServerImpl (RaftServerImpl.java:start(181)) - 70047afe-0910-4555-ade8-6ade5e62522e@group-A583D756AE80: start as a follower, conf=-1: [70047afe-0910-4555-ade8-6ade5e62522e:192.168.5.166:37086], old=null
2019-10-09 23:57:13,359 [pool-247-thread-1] INFO  impl.RaftServerImpl (RaftServerImpl.java:setRole(170)) - 70047afe-0910-4555-ade8-6ade5e62522e@group-A583D756AE80: changes role from      null to FOLLOWER at term 0 for startAsFollower
2019-10-09 23:57:13,360 [pool-247-thread-1] INFO  impl.RoleInfo (RoleInfo.java:updateAndGet(143)) - 70047afe-0910-4555-ade8-6ade5e62522e: start FollowerState
2019-10-09 23:57:13,360 [pool-247-thread-1] INFO  util.JmxRegister (JmxRegister.java:tryRegister(44)) - Successfully registered JMX Bean with object name Ratis:service=RaftServer,group=group-A583D756AE80,id=70047afe-0910-4555-ade8-6ade5e62522e
2019-10-09 23:57:13,364 [RatisPipelineUtilsThread] INFO  pipeline.PipelineStateManager (PipelineStateManager.java:addPipeline(57)) - Created pipeline Pipeline[ Id: 44c0abc5-86e6-4fac-9e33-a583d756ae80, Nodes: 70047afe-0910-4555-ade8-6ade5e62522e{ip: 192.168.5.166, host: pr-hdds-1868-fg6nx-4263576025, networkLocation: /default-rack, certSerialId: null}, Type:RATIS, Factor:ONE, State:ALLOCATED]
2019-10-09 23:57:13,379 [grpc-default-executor-4] INFO  impl.RaftServerProxy (RaftServerProxy.java:addNew(89)) - f5a703b3-66a4-42d5-b4a4-337578d80bd8: addNew group-4369AA64257D:[f5a703b3-66a4-42d5-b4a4-337578d80bd8:192.168.5.166:38085] returns group-4369AA64257D:java.util.concurrent.CompletableFuture@5cea46eb[Not completed]
2019-10-09 23:57:13,381 [pool-257-thread-1] INFO  impl.RaftServerImpl (RaftServerImpl.java:<init>(95)) - f5a703b3-66a4-42d5-b4a4-337578d80bd8: new RaftServerImpl for group-4369AA64257D:[f5a703b3-66a4-42d5-b4a4-337578d80bd8:192.168.5.166:38085] with ContainerStateMachine:uninitialized
2019-10-09 23:57:13,381 [pool-257-thread-1] INFO  server.RaftServerConfigKeys (ConfUtils.java:logGet(43)) - raft.server.rpc.timeout.min = 5s (custom)
2019-10-09 23:57:13,381 [pool-257-thread-1] INFO  server.RaftServerConfigKeys (ConfUtils.java:logGet(43)) - raft.server.rpc.timeout.max = 5200ms (custom)
2019-10-09 23:57:13,381 [pool-257-thread-1] INFO  server.RaftServerConfigKeys (ConfUtils.java:logGet(43)) - raft.server.rpcslowness.timeout = 120s (custom)
2019-10-09 23:57:13,381 [pool-257-thread-1] INFO  server.RaftServerConfigKeys (ConfUtils.java:logGet(43)) - raft.server.sleep.deviation.threshold = 300 (default)
2019-10-09 23:57:13,381 [pool-257-thread-1] INFO  server.RaftServerConfigKeys (ConfUtils.java:logGet(43)) - raft.server.log.appender.install.snapshot.enabled = false (custom)
2019-10-09 23:57:13,381 [pool-257-thread-1] INFO  impl.RaftServerImpl (ServerState.java:<init>(103)) - f5a703b3-66a4-42d5-b4a4-337578d80bd8@group-4369AA64257D: ConfigurationManager, init=-1: [f5a703b3-66a4-42d5-b4a4-337578d80bd8:192.168.5.166:38085], old=null, confs=<EMPTY_MAP>
2019-10-09 23:57:13,382 [pool-257-thread-1] INFO  server.RaftServerConfigKeys (ConfUtils.java:logGet(43)) - raft.server.storage.dir = [/workdir/hadoop-ozone/integration-test/target/test-dir/MiniOzoneClusterImpl-f2beb584-d50b-4d1b-9113-e73b8a8f1d7e/datanode-5/data/ratis] (custom)
2019-10-09 23:57:13,382 [pool-257-thread-1] INFO  server.RaftServerConfigKeys (ConfUtils.java:logGet(43)) - raft.server.log.corruption.policy = EXCEPTION (default)
2019-10-09 23:57:13,382 [pool-257-thread-1] INFO  storage.RaftStorageDirectory (RaftStorageDirectory.java:analyzeStorage(246)) - The storage directory /workdir/hadoop-ozone/integration-test/target/test-dir/MiniOzoneClusterImpl-f2beb584-d50b-4d1b-9113-e73b8a8f1d7e/datanode-5/data/ratis/27cf2396-7ea3-43c8-9c73-4369aa64257d does not exist. Creating ...
2019-10-09 23:57:13,385 [IPC Server handler 1 on 46519] INFO  net.NetworkTopology (NetworkTopologyImpl.java:add(111)) - Added a new node: /default-rack/e0a2bbc5-e1f3-429a-8b57-8ad53d3fcfcf
2019-10-09 23:57:13,386 [IPC Server handler 1 on 46519] INFO  node.SCMNodeManager (SCMNodeManager.java:register(268)) - Registered Data node : e0a2bbc5-e1f3-429a-8b57-8ad53d3fcfcf{ip: 192.168.5.166, host: pr-hdds-1868-fg6nx-4263576025, networkLocation: /default-rack, certSerialId: null}
2019-10-09 23:57:13,394 [pool-257-thread-1] INFO  storage.RaftStorageDirectory (RaftStorageDirectory.java:tryLock(328)) - Lock on /workdir/hadoop-ozone/integration-test/target/test-dir/MiniOzoneClusterImpl-f2beb584-d50b-4d1b-9113-e73b8a8f1d7e/datanode-5/data/ratis/27cf2396-7ea3-43c8-9c73-4369aa64257d/in_use.lock acquired by nodename 25084@pr-hdds-1868-fg6nx-4263576025
2019-10-09 23:57:13,407 [pool-257-thread-1] INFO  storage.RaftStorage (RaftStorage.java:format(84)) - Storage directory /workdir/hadoop-ozone/integration-test/target/test-dir/MiniOzoneClusterImpl-f2beb584-d50b-4d1b-9113-e73b8a8f1d7e/datanode-5/data/ratis/27cf2396-7ea3-43c8-9c73-4369aa64257d has been successfully formatted.
2019-10-09 23:57:13,407 [pool-257-thread-1] INFO  ratis.ContainerStateMachine (ContainerStateMachine.java:loadSnapshot(233)) - group-4369AA64257D: The snapshot info is null. Setting the last applied indexto:(t:0, i:~)
2019-10-09 23:57:13,407 [pool-257-thread-1] INFO  server.RaftServerConfigKeys (ConfUtils.java:logGet(43)) - raft.server.notification.no-leader.timeout = 120s (custom)
2019-10-09 23:57:13,407 [pool-257-thread-1] INFO  server.RaftServerConfigKeys (ConfUtils.java:logGet(43)) - raft.server.log.use.memory = false (default)
2019-10-09 23:57:13,408 [pool-257-thread-1] INFO  server.RaftServerConfigKeys (ConfUtils.java:logGet(43)) - raft.server.log.purge.gap = 1000000 (custom)
2019-10-09 23:57:13,408 [pool-257-thread-1] INFO  server.RaftServerConfigKeys (ConfUtils.java:logGet(43)) - raft.server.log.appender.buffer.byte-limit = 33554432 (custom)
2019-10-09 23:57:13,408 [pool-257-thread-1] INFO  server.RaftServerConfigKeys (ConfUtils.java:logGet(43)) - raft.server.log.segment.size.max = 1048576 (custom)
2019-10-09 23:57:13,410 [pool-257-thread-1] INFO  server.RaftServerConfigKeys (ConfUtils.java:logGet(43)) - raft.server.log.segment.cache.num.max = 2 (custom)
2019-10-09 23:57:13,410 [pool-257-thread-1] INFO  segmented.SegmentedRaftLogWorker (SegmentedRaftLogWorker.java:<init>(173)) - new f5a703b3-66a4-42d5-b4a4-337578d80bd8@group-4369AA64257D-SegmentedRaftLogWorker for RaftStorage:Storage Directory /workdir/hadoop-ozone/integration-test/target/test-dir/MiniOzoneClusterImpl-f2beb584-d50b-4d1b-9113-e73b8a8f1d7e/datanode-5/data/ratis/27cf2396-7ea3-43c8-9c73-4369aa64257d
2019-10-09 23:57:13,410 [pool-257-thread-1] INFO  server.RaftServerConfigKeys (ConfUtils.java:logGet(43)) - raft.server.log.queue.byte-limit = 2147483647 (custom)
2019-10-09 23:57:13,410 [pool-257-thread-1] INFO  server.RaftServerConfigKeys (ConfUtils.java:logGet(43)) - raft.server.log.queue.element-limit = 1024 (custom)
2019-10-09 23:57:13,410 [pool-257-thread-1] INFO  server.RaftServerConfigKeys (ConfUtils.java:logGet(43)) - raft.server.log.segment.size.max = 1048576 (custom)
2019-10-09 23:57:13,410 [pool-257-thread-1] INFO  server.RaftServerConfigKeys (ConfUtils.java:logGet(43)) - raft.server.log.preallocated.size = 16384 (custom)
2019-10-09 23:57:13,411 [pool-257-thread-1] INFO  server.RaftServerConfigKeys (ConfUtils.java:logGet(43)) - raft.server.log.write.buffer.size = 33554432 (custom)
2019-10-09 23:57:13,411 [pool-257-thread-1] INFO  server.RaftServerConfigKeys (ConfUtils.java:logGet(43)) - raft.server.log.force.sync.num = 128 (default)
2019-10-09 23:57:13,411 [pool-257-thread-1] INFO  server.RaftServerConfigKeys (ConfUtils.java:logGet(43)) - raft.server.log.statemachine.data.sync = true (default)
2019-10-09 23:57:13,411 [pool-257-thread-1] INFO  server.RaftServerConfigKeys (ConfUtils.java:logGet(43)) - raft.server.log.statemachine.data.sync.timeout = 10s (default)
2019-10-09 23:57:13,411 [pool-257-thread-1] INFO  server.RaftServerConfigKeys (ConfUtils.java:logGet(43)) - raft.server.log.statemachine.data.sync.timeout.retry = -1 (default)
2019-10-09 23:57:13,411 [pool-257-thread-1] INFO  server.RaftServerConfigKeys (ConfUtils.java:logGet(43)) - raft.server.log.statemachine.data.caching.enabled = true (custom)
2019-10-09 23:57:13,412 [pool-257-thread-1] INFO  segmented.SegmentedRaftLogWorker (SegmentedRaftLogWorker.java:lambda$new$0(128)) - f5a703b3-66a4-42d5-b4a4-337578d80bd8@group-4369AA64257D-SegmentedRaftLogWorker: flushIndex: setUnconditionally 0 -> -1
2019-10-09 23:57:13,412 [pool-257-thread-1] INFO  server.RaftServerConfigKeys (ConfUtils.java:logGet(43)) - raft.server.snapshot.auto.trigger.enabled = true (custom)
2019-10-09 23:57:13,412 [pool-257-thread-1] INFO  server.RaftServerConfigKeys (ConfUtils.java:logGet(43)) - raft.server.snapshot.auto.trigger.threshold = 10000 (custom)
2019-10-09 23:57:13,412 [pool-257-thread-1] INFO  server.RaftServerConfigKeys (ConfUtils.java:logGet(43)) - raft.server.snapshot.retention.file.num = 5 (custom)
2019-10-09 23:57:13,412 [pool-257-thread-1] INFO  server.RaftServerConfigKeys (ConfUtils.java:logGet(43)) - raft.server.retrycache.expirytime = 600000ms (custom)
2019-10-09 23:57:13,414 [pool-257-thread-1] INFO  impl.RaftServerImpl (RaftServerImpl.java:start(181)) - f5a703b3-66a4-42d5-b4a4-337578d80bd8@group-4369AA64257D: start as a follower, conf=-1: [f5a703b3-66a4-42d5-b4a4-337578d80bd8:192.168.5.166:38085], old=null
2019-10-09 23:57:13,414 [pool-257-thread-1] INFO  impl.RaftServerImpl (RaftServerImpl.java:setRole(170)) - f5a703b3-66a4-42d5-b4a4-337578d80bd8@group-4369AA64257D: changes role from      null to FOLLOWER at term 0 for startAsFollower
2019-10-09 23:57:13,414 [pool-257-thread-1] INFO  impl.RoleInfo (RoleInfo.java:updateAndGet(143)) - f5a703b3-66a4-42d5-b4a4-337578d80bd8: start FollowerState
2019-10-09 23:57:13,414 [pool-257-thread-1] INFO  util.JmxRegister (JmxRegister.java:tryRegister(44)) - Successfully registered JMX Bean with object name Ratis:service=RaftServer,group=group-4369AA64257D,id=f5a703b3-66a4-42d5-b4a4-337578d80bd8
2019-10-09 23:57:13,417 [RatisPipelineUtilsThread] INFO  pipeline.PipelineStateManager (PipelineStateManager.java:addPipeline(57)) - Created pipeline Pipeline[ Id: 27cf2396-7ea3-43c8-9c73-4369aa64257d, Nodes: f5a703b3-66a4-42d5-b4a4-337578d80bd8{ip: 192.168.5.166, host: pr-hdds-1868-fg6nx-4263576025, networkLocation: /default-rack, certSerialId: null}, Type:RATIS, Factor:ONE, State:ALLOCATED]
2019-10-09 23:57:13,425 [grpc-default-executor-4] INFO  impl.RaftServerProxy (RaftServerProxy.java:addNew(89)) - e0a2bbc5-e1f3-429a-8b57-8ad53d3fcfcf: addNew group-8A10238446CF:[e0a2bbc5-e1f3-429a-8b57-8ad53d3fcfcf:192.168.5.166:46584] returns group-8A10238446CF:java.util.concurrent.CompletableFuture@25a8bb8[Not completed]
2019-10-09 23:57:13,426 [pool-267-thread-1] INFO  impl.RaftServerImpl (RaftServerImpl.java:<init>(95)) - e0a2bbc5-e1f3-429a-8b57-8ad53d3fcfcf: new RaftServerImpl for group-8A10238446CF:[e0a2bbc5-e1f3-429a-8b57-8ad53d3fcfcf:192.168.5.166:46584] with ContainerStateMachine:uninitialized
2019-10-09 23:57:13,426 [pool-267-thread-1] INFO  server.RaftServerConfigKeys (ConfUtils.java:logGet(43)) - raft.server.rpc.timeout.min = 5s (custom)
2019-10-09 23:57:13,426 [pool-267-thread-1] INFO  server.RaftServerConfigKeys (ConfUtils.java:logGet(43)) - raft.server.rpc.timeout.max = 5200ms (custom)
2019-10-09 23:57:13,426 [pool-267-thread-1] INFO  server.RaftServerConfigKeys (ConfUtils.java:logGet(43)) - raft.server.rpcslowness.timeout = 120s (custom)
2019-10-09 23:57:13,426 [pool-267-thread-1] INFO  server.RaftServerConfigKeys (ConfUtils.java:logGet(43)) - raft.server.sleep.deviation.threshold = 300 (default)
2019-10-09 23:57:13,426 [pool-267-thread-1] INFO  server.RaftServerConfigKeys (ConfUtils.java:logGet(43)) - raft.server.log.appender.install.snapshot.enabled = false (custom)
2019-10-09 23:57:13,427 [pool-267-thread-1] INFO  impl.RaftServerImpl (ServerState.java:<init>(103)) - e0a2bbc5-e1f3-429a-8b57-8ad53d3fcfcf@group-8A10238446CF: ConfigurationManager, init=-1: [e0a2bbc5-e1f3-429a-8b57-8ad53d3fcfcf:192.168.5.166:46584], old=null, confs=<EMPTY_MAP>
2019-10-09 23:57:13,427 [pool-267-thread-1] INFO  server.RaftServerConfigKeys (ConfUtils.java:logGet(43)) - raft.server.storage.dir = [/workdir/hadoop-ozone/integration-test/target/test-dir/MiniOzoneClusterImpl-f2beb584-d50b-4d1b-9113-e73b8a8f1d7e/datanode-6/data/ratis] (custom)
2019-10-09 23:57:13,427 [pool-267-thread-1] INFO  server.RaftServerConfigKeys (ConfUtils.java:logGet(43)) - raft.server.log.corruption.policy = EXCEPTION (default)
2019-10-09 23:57:13,427 [pool-267-thread-1] INFO  storage.RaftStorageDirectory (RaftStorageDirectory.java:analyzeStorage(246)) - The storage directory /workdir/hadoop-ozone/integration-test/target/test-dir/MiniOzoneClusterImpl-f2beb584-d50b-4d1b-9113-e73b8a8f1d7e/datanode-6/data/ratis/ce096fbe-f4dc-4b7f-89ee-8a10238446cf does not exist. Creating ...
2019-10-09 23:57:13,440 [pool-267-thread-1] INFO  storage.RaftStorageDirectory (RaftStorageDirectory.java:tryLock(328)) - Lock on /workdir/hadoop-ozone/integration-test/target/test-dir/MiniOzoneClusterImpl-f2beb584-d50b-4d1b-9113-e73b8a8f1d7e/datanode-6/data/ratis/ce096fbe-f4dc-4b7f-89ee-8a10238446cf/in_use.lock acquired by nodename 25084@pr-hdds-1868-fg6nx-4263576025
2019-10-09 23:57:13,453 [pool-267-thread-1] INFO  storage.RaftStorage (RaftStorage.java:format(84)) - Storage directory /workdir/hadoop-ozone/integration-test/target/test-dir/MiniOzoneClusterImpl-f2beb584-d50b-4d1b-9113-e73b8a8f1d7e/datanode-6/data/ratis/ce096fbe-f4dc-4b7f-89ee-8a10238446cf has been successfully formatted.
2019-10-09 23:57:13,453 [pool-267-thread-1] INFO  ratis.ContainerStateMachine (ContainerStateMachine.java:loadSnapshot(233)) - group-8A10238446CF: The snapshot info is null. Setting the last applied indexto:(t:0, i:~)
2019-10-09 23:57:13,453 [pool-267-thread-1] INFO  server.RaftServerConfigKeys (ConfUtils.java:logGet(43)) - raft.server.notification.no-leader.timeout = 120s (custom)
2019-10-09 23:57:13,453 [pool-267-thread-1] INFO  server.RaftServerConfigKeys (ConfUtils.java:logGet(43)) - raft.server.log.use.memory = false (default)
2019-10-09 23:57:13,453 [pool-267-thread-1] INFO  server.RaftServerConfigKeys (ConfUtils.java:logGet(43)) - raft.server.log.purge.gap = 1000000 (custom)
2019-10-09 23:57:13,453 [pool-267-thread-1] INFO  server.RaftServerConfigKeys (ConfUtils.java:logGet(43)) - raft.server.log.appender.buffer.byte-limit = 33554432 (custom)
2019-10-09 23:57:13,453 [pool-267-thread-1] INFO  server.RaftServerConfigKeys (ConfUtils.java:logGet(43)) - raft.server.log.segment.size.max = 1048576 (custom)
2019-10-09 23:57:13,455 [pool-267-thread-1] INFO  server.RaftServerConfigKeys (ConfUtils.java:logGet(43)) - raft.server.log.segment.cache.num.max = 2 (custom)
2019-10-09 23:57:13,455 [pool-267-thread-1] INFO  segmented.SegmentedRaftLogWorker (SegmentedRaftLogWorker.java:<init>(173)) - new e0a2bbc5-e1f3-429a-8b57-8ad53d3fcfcf@group-8A10238446CF-SegmentedRaftLogWorker for RaftStorage:Storage Directory /workdir/hadoop-ozone/integration-test/target/test-dir/MiniOzoneClusterImpl-f2beb584-d50b-4d1b-9113-e73b8a8f1d7e/datanode-6/data/ratis/ce096fbe-f4dc-4b7f-89ee-8a10238446cf
2019-10-09 23:57:13,455 [pool-267-thread-1] INFO  server.RaftServerConfigKeys (ConfUtils.java:logGet(43)) - raft.server.log.queue.byte-limit = 2147483647 (custom)
2019-10-09 23:57:13,456 [pool-267-thread-1] INFO  server.RaftServerConfigKeys (ConfUtils.java:logGet(43)) - raft.server.log.queue.element-limit = 1024 (custom)
2019-10-09 23:57:13,456 [pool-267-thread-1] INFO  server.RaftServerConfigKeys (ConfUtils.java:logGet(43)) - raft.server.log.segment.size.max = 1048576 (custom)
2019-10-09 23:57:13,456 [pool-267-thread-1] INFO  server.RaftServerConfigKeys (ConfUtils.java:logGet(43)) - raft.server.log.preallocated.size = 16384 (custom)
2019-10-09 23:57:13,456 [pool-267-thread-1] INFO  server.RaftServerConfigKeys (ConfUtils.java:logGet(43)) - raft.server.log.write.buffer.size = 33554432 (custom)
2019-10-09 23:57:13,456 [pool-267-thread-1] INFO  server.RaftServerConfigKeys (ConfUtils.java:logGet(43)) - raft.server.log.force.sync.num = 128 (default)
2019-10-09 23:57:13,456 [pool-267-thread-1] INFO  server.RaftServerConfigKeys (ConfUtils.java:logGet(43)) - raft.server.log.statemachine.data.sync = true (default)
2019-10-09 23:57:13,456 [pool-267-thread-1] INFO  server.RaftServerConfigKeys (ConfUtils.java:logGet(43)) - raft.server.log.statemachine.data.sync.timeout = 10s (default)
2019-10-09 23:57:13,456 [pool-267-thread-1] INFO  server.RaftServerConfigKeys (ConfUtils.java:logGet(43)) - raft.server.log.statemachine.data.sync.timeout.retry = -1 (default)
2019-10-09 23:57:13,457 [pool-267-thread-1] INFO  server.RaftServerConfigKeys (ConfUtils.java:logGet(43)) - raft.server.log.statemachine.data.caching.enabled = true (custom)
2019-10-09 23:57:13,457 [pool-267-thread-1] INFO  segmented.SegmentedRaftLogWorker (SegmentedRaftLogWorker.java:lambda$new$0(128)) - e0a2bbc5-e1f3-429a-8b57-8ad53d3fcfcf@group-8A10238446CF-SegmentedRaftLogWorker: flushIndex: setUnconditionally 0 -> -1
2019-10-09 23:57:13,457 [pool-267-thread-1] INFO  server.RaftServerConfigKeys (ConfUtils.java:logGet(43)) - raft.server.snapshot.auto.trigger.enabled = true (custom)
2019-10-09 23:57:13,457 [pool-267-thread-1] INFO  server.RaftServerConfigKeys (ConfUtils.java:logGet(43)) - raft.server.snapshot.auto.trigger.threshold = 10000 (custom)
2019-10-09 23:57:13,457 [pool-267-thread-1] INFO  server.RaftServerConfigKeys (ConfUtils.java:logGet(43)) - raft.server.snapshot.retention.file.num = 5 (custom)
2019-10-09 23:57:13,457 [pool-267-thread-1] INFO  server.RaftServerConfigKeys (ConfUtils.java:logGet(43)) - raft.server.retrycache.expirytime = 600000ms (custom)
2019-10-09 23:57:13,458 [pool-267-thread-1] INFO  impl.RaftServerImpl (RaftServerImpl.java:start(181)) - e0a2bbc5-e1f3-429a-8b57-8ad53d3fcfcf@group-8A10238446CF: start as a follower, conf=-1: [e0a2bbc5-e1f3-429a-8b57-8ad53d3fcfcf:192.168.5.166:46584], old=null
2019-10-09 23:57:13,459 [pool-267-thread-1] INFO  impl.RaftServerImpl (RaftServerImpl.java:setRole(170)) - e0a2bbc5-e1f3-429a-8b57-8ad53d3fcfcf@group-8A10238446CF: changes role from      null to FOLLOWER at term 0 for startAsFollower
2019-10-09 23:57:13,459 [pool-267-thread-1] INFO  impl.RoleInfo (RoleInfo.java:updateAndGet(143)) - e0a2bbc5-e1f3-429a-8b57-8ad53d3fcfcf: start FollowerState
2019-10-09 23:57:13,459 [pool-267-thread-1] INFO  util.JmxRegister (JmxRegister.java:tryRegister(44)) - Successfully registered JMX Bean with object name Ratis:service=RaftServer,group=group-8A10238446CF,id=e0a2bbc5-e1f3-429a-8b57-8ad53d3fcfcf
2019-10-09 23:57:13,462 [RatisPipelineUtilsThread] INFO  pipeline.PipelineStateManager (PipelineStateManager.java:addPipeline(57)) - Created pipeline Pipeline[ Id: ce096fbe-f4dc-4b7f-89ee-8a10238446cf, Nodes: e0a2bbc5-e1f3-429a-8b57-8ad53d3fcfcf{ip: 192.168.5.166, host: pr-hdds-1868-fg6nx-4263576025, networkLocation: /default-rack, certSerialId: null}, Type:RATIS, Factor:ONE, State:ALLOCATED]
2019-10-09 23:57:13,472 [grpc-default-executor-4] INFO  impl.RaftServerProxy (RaftServerProxy.java:addNew(89)) - f5a703b3-66a4-42d5-b4a4-337578d80bd8: addNew group-D58DEE6580E5:[f5a703b3-66a4-42d5-b4a4-337578d80bd8:192.168.5.166:38085, 78e81a3b-a007-4b1e-9676-7d47e80789cd:192.168.5.166:40575, 70047afe-0910-4555-ade8-6ade5e62522e:192.168.5.166:37086] returns group-D58DEE6580E5:java.util.concurrent.CompletableFuture@7a57a9af[Not completed]
2019-10-09 23:57:13,472 [grpc-default-executor-2] INFO  impl.RaftServerProxy (RaftServerProxy.java:addNew(89)) - 70047afe-0910-4555-ade8-6ade5e62522e: addNew group-D58DEE6580E5:[f5a703b3-66a4-42d5-b4a4-337578d80bd8:192.168.5.166:38085, 78e81a3b-a007-4b1e-9676-7d47e80789cd:192.168.5.166:40575, 70047afe-0910-4555-ade8-6ade5e62522e:192.168.5.166:37086] returns group-D58DEE6580E5:java.util.concurrent.CompletableFuture@205d5f82[Not completed]
2019-10-09 23:57:13,472 [grpc-default-executor-5] INFO  impl.RaftServerProxy (RaftServerProxy.java:addNew(89)) - 78e81a3b-a007-4b1e-9676-7d47e80789cd: addNew group-D58DEE6580E5:[f5a703b3-66a4-42d5-b4a4-337578d80bd8:192.168.5.166:38085, 78e81a3b-a007-4b1e-9676-7d47e80789cd:192.168.5.166:40575, 70047afe-0910-4555-ade8-6ade5e62522e:192.168.5.166:37086] returns group-D58DEE6580E5:java.util.concurrent.CompletableFuture@4d12ebf5[Not completed]
2019-10-09 23:57:13,473 [pool-257-thread-1] INFO  impl.RaftServerImpl (RaftServerImpl.java:<init>(95)) - f5a703b3-66a4-42d5-b4a4-337578d80bd8: new RaftServerImpl for group-D58DEE6580E5:[f5a703b3-66a4-42d5-b4a4-337578d80bd8:192.168.5.166:38085, 78e81a3b-a007-4b1e-9676-7d47e80789cd:192.168.5.166:40575, 70047afe-0910-4555-ade8-6ade5e62522e:192.168.5.166:37086] with ContainerStateMachine:uninitialized
2019-10-09 23:57:13,474 [pool-257-thread-1] INFO  server.RaftServerConfigKeys (ConfUtils.java:logGet(43)) - raft.server.rpc.timeout.min = 5s (custom)
2019-10-09 23:57:13,474 [pool-257-thread-1] INFO  server.RaftServerConfigKeys (ConfUtils.java:logGet(43)) - raft.server.rpc.timeout.max = 5200ms (custom)
2019-10-09 23:57:13,474 [pool-257-thread-1] INFO  server.RaftServerConfigKeys (ConfUtils.java:logGet(43)) - raft.server.rpcslowness.timeout = 120s (custom)
2019-10-09 23:57:13,474 [pool-257-thread-1] INFO  server.RaftServerConfigKeys (ConfUtils.java:logGet(43)) - raft.server.sleep.deviation.threshold = 300 (default)
2019-10-09 23:57:13,474 [pool-257-thread-1] INFO  server.RaftServerConfigKeys (ConfUtils.java:logGet(43)) - raft.server.log.appender.install.snapshot.enabled = false (custom)
2019-10-09 23:57:13,474 [pool-257-thread-1] INFO  impl.RaftServerImpl (ServerState.java:<init>(103)) - f5a703b3-66a4-42d5-b4a4-337578d80bd8@group-D58DEE6580E5: ConfigurationManager, init=-1: [f5a703b3-66a4-42d5-b4a4-337578d80bd8:192.168.5.166:38085, 78e81a3b-a007-4b1e-9676-7d47e80789cd:192.168.5.166:40575, 70047afe-0910-4555-ade8-6ade5e62522e:192.168.5.166:37086], old=null, confs=<EMPTY_MAP>
2019-10-09 23:57:13,474 [pool-257-thread-1] INFO  server.RaftServerConfigKeys (ConfUtils.java:logGet(43)) - raft.server.storage.dir = [/workdir/hadoop-ozone/integration-test/target/test-dir/MiniOzoneClusterImpl-f2beb584-d50b-4d1b-9113-e73b8a8f1d7e/datanode-5/data/ratis] (custom)
2019-10-09 23:57:13,474 [pool-257-thread-1] INFO  server.RaftServerConfigKeys (ConfUtils.java:logGet(43)) - raft.server.log.corruption.policy = EXCEPTION (default)
2019-10-09 23:57:13,475 [pool-237-thread-1] INFO  impl.RaftServerImpl (RaftServerImpl.java:<init>(95)) - 78e81a3b-a007-4b1e-9676-7d47e80789cd: new RaftServerImpl for group-D58DEE6580E5:[f5a703b3-66a4-42d5-b4a4-337578d80bd8:192.168.5.166:38085, 78e81a3b-a007-4b1e-9676-7d47e80789cd:192.168.5.166:40575, 70047afe-0910-4555-ade8-6ade5e62522e:192.168.5.166:37086] with ContainerStateMachine:uninitialized
2019-10-09 23:57:13,475 [pool-257-thread-1] INFO  storage.RaftStorageDirectory (RaftStorageDirectory.java:analyzeStorage(246)) - The storage directory /workdir/hadoop-ozone/integration-test/target/test-dir/MiniOzoneClusterImpl-f2beb584-d50b-4d1b-9113-e73b8a8f1d7e/datanode-5/data/ratis/b1c05244-6b9f-46bf-81dc-d58dee6580e5 does not exist. Creating ...
2019-10-09 23:57:13,475 [pool-237-thread-1] INFO  server.RaftServerConfigKeys (ConfUtils.java:logGet(43)) - raft.server.rpc.timeout.min = 5s (custom)
2019-10-09 23:57:13,475 [pool-237-thread-1] INFO  server.RaftServerConfigKeys (ConfUtils.java:logGet(43)) - raft.server.rpc.timeout.max = 5200ms (custom)
2019-10-09 23:57:13,475 [pool-247-thread-1] INFO  impl.RaftServerImpl (RaftServerImpl.java:<init>(95)) - 70047afe-0910-4555-ade8-6ade5e62522e: new RaftServerImpl for group-D58DEE6580E5:[f5a703b3-66a4-42d5-b4a4-337578d80bd8:192.168.5.166:38085, 78e81a3b-a007-4b1e-9676-7d47e80789cd:192.168.5.166:40575, 70047afe-0910-4555-ade8-6ade5e62522e:192.168.5.166:37086] with ContainerStateMachine:uninitialized
2019-10-09 23:57:13,475 [pool-237-thread-1] INFO  server.RaftServerConfigKeys (ConfUtils.java:logGet(43)) - raft.server.rpcslowness.timeout = 120s (custom)
2019-10-09 23:57:13,475 [pool-247-thread-1] INFO  server.RaftServerConfigKeys (ConfUtils.java:logGet(43)) - raft.server.rpc.timeout.min = 5s (custom)
2019-10-09 23:57:13,475 [pool-237-thread-1] INFO  server.RaftServerConfigKeys (ConfUtils.java:logGet(43)) - raft.server.sleep.deviation.threshold = 300 (default)
2019-10-09 23:57:13,475 [pool-247-thread-1] INFO  server.RaftServerConfigKeys (ConfUtils.java:logGet(43)) - raft.server.rpc.timeout.max = 5200ms (custom)
2019-10-09 23:57:13,475 [pool-237-thread-1] INFO  server.RaftServerConfigKeys (ConfUtils.java:logGet(43)) - raft.server.log.appender.install.snapshot.enabled = false (custom)
2019-10-09 23:57:13,475 [pool-247-thread-1] INFO  server.RaftServerConfigKeys (ConfUtils.java:logGet(43)) - raft.server.rpcslowness.timeout = 120s (custom)
2019-10-09 23:57:13,476 [pool-247-thread-1] INFO  server.RaftServerConfigKeys (ConfUtils.java:logGet(43)) - raft.server.sleep.deviation.threshold = 300 (default)
2019-10-09 23:57:13,476 [pool-237-thread-1] INFO  impl.RaftServerImpl (ServerState.java:<init>(103)) - 78e81a3b-a007-4b1e-9676-7d47e80789cd@group-D58DEE6580E5: ConfigurationManager, init=-1: [f5a703b3-66a4-42d5-b4a4-337578d80bd8:192.168.5.166:38085, 78e81a3b-a007-4b1e-9676-7d47e80789cd:192.168.5.166:40575, 70047afe-0910-4555-ade8-6ade5e62522e:192.168.5.166:37086], old=null, confs=<EMPTY_MAP>
2019-10-09 23:57:13,476 [pool-247-thread-1] INFO  server.RaftServerConfigKeys (ConfUtils.java:logGet(43)) - raft.server.log.appender.install.snapshot.enabled = false (custom)
2019-10-09 23:57:13,476 [pool-237-thread-1] INFO  server.RaftServerConfigKeys (ConfUtils.java:logGet(43)) - raft.server.storage.dir = [/workdir/hadoop-ozone/integration-test/target/test-dir/MiniOzoneClusterImpl-f2beb584-d50b-4d1b-9113-e73b8a8f1d7e/datanode-3/data/ratis] (custom)
2019-10-09 23:57:13,476 [pool-247-thread-1] INFO  impl.RaftServerImpl (ServerState.java:<init>(103)) - 70047afe-0910-4555-ade8-6ade5e62522e@group-D58DEE6580E5: ConfigurationManager, init=-1: [f5a703b3-66a4-42d5-b4a4-337578d80bd8:192.168.5.166:38085, 78e81a3b-a007-4b1e-9676-7d47e80789cd:192.168.5.166:40575, 70047afe-0910-4555-ade8-6ade5e62522e:192.168.5.166:37086], old=null, confs=<EMPTY_MAP>
2019-10-09 23:57:13,476 [pool-247-thread-1] INFO  server.RaftServerConfigKeys (ConfUtils.java:logGet(43)) - raft.server.storage.dir = [/workdir/hadoop-ozone/integration-test/target/test-dir/MiniOzoneClusterImpl-f2beb584-d50b-4d1b-9113-e73b8a8f1d7e/datanode-4/data/ratis] (custom)
2019-10-09 23:57:13,476 [pool-237-thread-1] INFO  server.RaftServerConfigKeys (ConfUtils.java:logGet(43)) - raft.server.log.corruption.policy = EXCEPTION (default)
2019-10-09 23:57:13,476 [pool-247-thread-1] INFO  server.RaftServerConfigKeys (ConfUtils.java:logGet(43)) - raft.server.log.corruption.policy = EXCEPTION (default)
2019-10-09 23:57:13,476 [pool-237-thread-1] INFO  storage.RaftStorageDirectory (RaftStorageDirectory.java:analyzeStorage(246)) - The storage directory /workdir/hadoop-ozone/integration-test/target/test-dir/MiniOzoneClusterImpl-f2beb584-d50b-4d1b-9113-e73b8a8f1d7e/datanode-3/data/ratis/b1c05244-6b9f-46bf-81dc-d58dee6580e5 does not exist. Creating ...
2019-10-09 23:57:13,476 [pool-247-thread-1] INFO  storage.RaftStorageDirectory (RaftStorageDirectory.java:analyzeStorage(246)) - The storage directory /workdir/hadoop-ozone/integration-test/target/test-dir/MiniOzoneClusterImpl-f2beb584-d50b-4d1b-9113-e73b8a8f1d7e/datanode-4/data/ratis/b1c05244-6b9f-46bf-81dc-d58dee6580e5 does not exist. Creating ...
2019-10-09 23:57:13,499 [pool-247-thread-1] INFO  storage.RaftStorageDirectory (RaftStorageDirectory.java:tryLock(328)) - Lock on /workdir/hadoop-ozone/integration-test/target/test-dir/MiniOzoneClusterImpl-f2beb584-d50b-4d1b-9113-e73b8a8f1d7e/datanode-4/data/ratis/b1c05244-6b9f-46bf-81dc-d58dee6580e5/in_use.lock acquired by nodename 25084@pr-hdds-1868-fg6nx-4263576025
2019-10-09 23:57:13,500 [pool-237-thread-1] INFO  storage.RaftStorageDirectory (RaftStorageDirectory.java:tryLock(328)) - Lock on /workdir/hadoop-ozone/integration-test/target/test-dir/MiniOzoneClusterImpl-f2beb584-d50b-4d1b-9113-e73b8a8f1d7e/datanode-3/data/ratis/b1c05244-6b9f-46bf-81dc-d58dee6580e5/in_use.lock acquired by nodename 25084@pr-hdds-1868-fg6nx-4263576025
2019-10-09 23:57:13,499 [pool-257-thread-1] INFO  storage.RaftStorageDirectory (RaftStorageDirectory.java:tryLock(328)) - Lock on /workdir/hadoop-ozone/integration-test/target/test-dir/MiniOzoneClusterImpl-f2beb584-d50b-4d1b-9113-e73b8a8f1d7e/datanode-5/data/ratis/b1c05244-6b9f-46bf-81dc-d58dee6580e5/in_use.lock acquired by nodename 25084@pr-hdds-1868-fg6nx-4263576025
2019-10-09 23:57:13,516 [pool-257-thread-1] INFO  storage.RaftStorage (RaftStorage.java:format(84)) - Storage directory /workdir/hadoop-ozone/integration-test/target/test-dir/MiniOzoneClusterImpl-f2beb584-d50b-4d1b-9113-e73b8a8f1d7e/datanode-5/data/ratis/b1c05244-6b9f-46bf-81dc-d58dee6580e5 has been successfully formatted.
2019-10-09 23:57:13,516 [pool-247-thread-1] INFO  storage.RaftStorage (RaftStorage.java:format(84)) - Storage directory /workdir/hadoop-ozone/integration-test/target/test-dir/MiniOzoneClusterImpl-f2beb584-d50b-4d1b-9113-e73b8a8f1d7e/datanode-4/data/ratis/b1c05244-6b9f-46bf-81dc-d58dee6580e5 has been successfully formatted.
2019-10-09 23:57:13,516 [pool-257-thread-1] INFO  ratis.ContainerStateMachine (ContainerStateMachine.java:loadSnapshot(233)) - group-D58DEE6580E5: The snapshot info is null. Setting the last applied indexto:(t:0, i:~)
2019-10-09 23:57:13,516 [pool-237-thread-1] INFO  storage.RaftStorage (RaftStorage.java:format(84)) - Storage directory /workdir/hadoop-ozone/integration-test/target/test-dir/MiniOzoneClusterImpl-f2beb584-d50b-4d1b-9113-e73b8a8f1d7e/datanode-3/data/ratis/b1c05244-6b9f-46bf-81dc-d58dee6580e5 has been successfully formatted.
2019-10-09 23:57:13,516 [pool-247-thread-1] INFO  ratis.ContainerStateMachine (ContainerStateMachine.java:loadSnapshot(233)) - group-D58DEE6580E5: The snapshot info is null. Setting the last applied indexto:(t:0, i:~)
2019-10-09 23:57:13,516 [pool-257-thread-1] INFO  server.RaftServerConfigKeys (ConfUtils.java:logGet(43)) - raft.server.notification.no-leader.timeout = 120s (custom)
2019-10-09 23:57:13,517 [pool-247-thread-1] INFO  server.RaftServerConfigKeys (ConfUtils.java:logGet(43)) - raft.server.notification.no-leader.timeout = 120s (custom)
2019-10-09 23:57:13,517 [pool-237-thread-1] INFO  ratis.ContainerStateMachine (ContainerStateMachine.java:loadSnapshot(233)) - group-D58DEE6580E5: The snapshot info is null. Setting the last applied indexto:(t:0, i:~)
2019-10-09 23:57:13,517 [pool-247-thread-1] INFO  server.RaftServerConfigKeys (ConfUtils.java:logGet(43)) - raft.server.log.use.memory = false (default)
2019-10-09 23:57:13,517 [pool-257-thread-1] INFO  server.RaftServerConfigKeys (ConfUtils.java:logGet(43)) - raft.server.log.use.memory = false (default)
2019-10-09 23:57:13,517 [pool-247-thread-1] INFO  server.RaftServerConfigKeys (ConfUtils.java:logGet(43)) - raft.server.log.purge.gap = 1000000 (custom)
2019-10-09 23:57:13,517 [pool-237-thread-1] INFO  server.RaftServerConfigKeys (ConfUtils.java:logGet(43)) - raft.server.notification.no-leader.timeout = 120s (custom)
2019-10-09 23:57:13,518 [pool-247-thread-1] INFO  server.RaftServerConfigKeys (ConfUtils.java:logGet(43)) - raft.server.log.appender.buffer.byte-limit = 33554432 (custom)
2019-10-09 23:57:13,517 [pool-257-thread-1] INFO  server.RaftServerConfigKeys (ConfUtils.java:logGet(43)) - raft.server.log.purge.gap = 1000000 (custom)
2019-10-09 23:57:13,518 [pool-247-thread-1] INFO  server.RaftServerConfigKeys (ConfUtils.java:logGet(43)) - raft.server.log.segment.size.max = 1048576 (custom)
2019-10-09 23:57:13,518 [pool-237-thread-1] INFO  server.RaftServerConfigKeys (ConfUtils.java:logGet(43)) - raft.server.log.use.memory = false (default)
2019-10-09 23:57:13,518 [pool-247-thread-1] INFO  server.RaftServerConfigKeys (ConfUtils.java:logGet(43)) - raft.server.log.segment.cache.num.max = 2 (custom)
2019-10-09 23:57:13,518 [pool-257-thread-1] INFO  server.RaftServerConfigKeys (ConfUtils.java:logGet(43)) - raft.server.log.appender.buffer.byte-limit = 33554432 (custom)
2019-10-09 23:57:13,518 [pool-247-thread-1] INFO  segmented.SegmentedRaftLogWorker (SegmentedRaftLogWorker.java:<init>(173)) - new 70047afe-0910-4555-ade8-6ade5e62522e@group-D58DEE6580E5-SegmentedRaftLogWorker for RaftStorage:Storage Directory /workdir/hadoop-ozone/integration-test/target/test-dir/MiniOzoneClusterImpl-f2beb584-d50b-4d1b-9113-e73b8a8f1d7e/datanode-4/data/ratis/b1c05244-6b9f-46bf-81dc-d58dee6580e5
2019-10-09 23:57:13,518 [pool-237-thread-1] INFO  server.RaftServerConfigKeys (ConfUtils.java:logGet(43)) - raft.server.log.purge.gap = 1000000 (custom)
2019-10-09 23:57:13,519 [pool-247-thread-1] INFO  server.RaftServerConfigKeys (ConfUtils.java:logGet(43)) - raft.server.log.queue.byte-limit = 2147483647 (custom)
2019-10-09 23:57:13,518 [pool-257-thread-1] INFO  server.RaftServerConfigKeys (ConfUtils.java:logGet(43)) - raft.server.log.segment.size.max = 1048576 (custom)
2019-10-09 23:57:13,519 [pool-247-thread-1] INFO  server.RaftServerConfigKeys (ConfUtils.java:logGet(43)) - raft.server.log.queue.element-limit = 1024 (custom)
2019-10-09 23:57:13,519 [pool-237-thread-1] INFO  server.RaftServerConfigKeys (ConfUtils.java:logGet(43)) - raft.server.log.appender.buffer.byte-limit = 33554432 (custom)
2019-10-09 23:57:13,519 [pool-247-thread-1] INFO  server.RaftServerConfigKeys (ConfUtils.java:logGet(43)) - raft.server.log.segment.size.max = 1048576 (custom)
2019-10-09 23:57:13,519 [pool-257-thread-1] INFO  server.RaftServerConfigKeys (ConfUtils.java:logGet(43)) - raft.server.log.segment.cache.num.max = 2 (custom)
2019-10-09 23:57:13,519 [pool-247-thread-1] INFO  server.RaftServerConfigKeys (ConfUtils.java:logGet(43)) - raft.server.log.preallocated.size = 16384 (custom)
2019-10-09 23:57:13,519 [pool-237-thread-1] INFO  server.RaftServerConfigKeys (ConfUtils.java:logGet(43)) - raft.server.log.segment.size.max = 1048576 (custom)
2019-10-09 23:57:13,520 [pool-247-thread-1] INFO  server.RaftServerConfigKeys (ConfUtils.java:logGet(43)) - raft.server.log.write.buffer.size = 33554432 (custom)
2019-10-09 23:57:13,519 [pool-257-thread-1] INFO  segmented.SegmentedRaftLogWorker (SegmentedRaftLogWorker.java:<init>(173)) - new f5a703b3-66a4-42d5-b4a4-337578d80bd8@group-D58DEE6580E5-SegmentedRaftLogWorker for RaftStorage:Storage Directory /workdir/hadoop-ozone/integration-test/target/test-dir/MiniOzoneClusterImpl-f2beb584-d50b-4d1b-9113-e73b8a8f1d7e/datanode-5/data/ratis/b1c05244-6b9f-46bf-81dc-d58dee6580e5
2019-10-09 23:57:13,520 [pool-247-thread-1] INFO  server.RaftServerConfigKeys (ConfUtils.java:logGet(43)) - raft.server.log.force.sync.num = 128 (default)
2019-10-09 23:57:13,520 [pool-237-thread-1] INFO  server.RaftServerConfigKeys (ConfUtils.java:logGet(43)) - raft.server.log.segment.cache.num.max = 2 (custom)
2019-10-09 23:57:13,520 [pool-247-thread-1] INFO  server.RaftServerConfigKeys (ConfUtils.java:logGet(43)) - raft.server.log.statemachine.data.sync = true (default)
2019-10-09 23:57:13,520 [pool-257-thread-1] INFO  server.RaftServerConfigKeys (ConfUtils.java:logGet(43)) - raft.server.log.queue.byte-limit = 2147483647 (custom)
2019-10-09 23:57:13,520 [pool-247-thread-1] INFO  server.RaftServerConfigKeys (ConfUtils.java:logGet(43)) - raft.server.log.statemachine.data.sync.timeout = 10s (default)
2019-10-09 23:57:13,520 [pool-237-thread-1] INFO  segmented.SegmentedRaftLogWorker (SegmentedRaftLogWorker.java:<init>(173)) - new 78e81a3b-a007-4b1e-9676-7d47e80789cd@group-D58DEE6580E5-SegmentedRaftLogWorker for RaftStorage:Storage Directory /workdir/hadoop-ozone/integration-test/target/test-dir/MiniOzoneClusterImpl-f2beb584-d50b-4d1b-9113-e73b8a8f1d7e/datanode-3/data/ratis/b1c05244-6b9f-46bf-81dc-d58dee6580e5
2019-10-09 23:57:13,521 [pool-247-thread-1] INFO  server.RaftServerConfigKeys (ConfUtils.java:logGet(43)) - raft.server.log.statemachine.data.sync.timeout.retry = -1 (default)
2019-10-09 23:57:13,520 [pool-257-thread-1] INFO  server.RaftServerConfigKeys (ConfUtils.java:logGet(43)) - raft.server.log.queue.element-limit = 1024 (custom)
2019-10-09 23:57:13,521 [pool-237-thread-1] INFO  server.RaftServerConfigKeys (ConfUtils.java:logGet(43)) - raft.server.log.queue.byte-limit = 2147483647 (custom)
2019-10-09 23:57:13,521 [pool-247-thread-1] INFO  server.RaftServerConfigKeys (ConfUtils.java:logGet(43)) - raft.server.log.statemachine.data.caching.enabled = true (custom)
2019-10-09 23:57:13,521 [pool-257-thread-1] INFO  server.RaftServerConfigKeys (ConfUtils.java:logGet(43)) - raft.server.log.segment.size.max = 1048576 (custom)
2019-10-09 23:57:13,521 [pool-237-thread-1] INFO  server.RaftServerConfigKeys (ConfUtils.java:logGet(43)) - raft.server.log.queue.element-limit = 1024 (custom)
2019-10-09 23:57:13,521 [pool-257-thread-1] INFO  server.RaftServerConfigKeys (ConfUtils.java:logGet(43)) - raft.server.log.preallocated.size = 16384 (custom)
2019-10-09 23:57:13,521 [pool-237-thread-1] INFO  server.RaftServerConfigKeys (ConfUtils.java:logGet(43)) - raft.server.log.segment.size.max = 1048576 (custom)
2019-10-09 23:57:13,521 [pool-247-thread-1] INFO  segmented.SegmentedRaftLogWorker (SegmentedRaftLogWorker.java:lambda$new$0(128)) - 70047afe-0910-4555-ade8-6ade5e62522e@group-D58DEE6580E5-SegmentedRaftLogWorker: flushIndex: setUnconditionally 0 -> -1
2019-10-09 23:57:13,522 [pool-237-thread-1] INFO  server.RaftServerConfigKeys (ConfUtils.java:logGet(43)) - raft.server.log.preallocated.size = 16384 (custom)
2019-10-09 23:57:13,521 [pool-257-thread-1] INFO  server.RaftServerConfigKeys (ConfUtils.java:logGet(43)) - raft.server.log.write.buffer.size = 33554432 (custom)
2019-10-09 23:57:13,522 [pool-247-thread-1] INFO  server.RaftServerConfigKeys (ConfUtils.java:logGet(43)) - raft.server.snapshot.auto.trigger.enabled = true (custom)
2019-10-09 23:57:13,522 [pool-237-thread-1] INFO  server.RaftServerConfigKeys (ConfUtils.java:logGet(43)) - raft.server.log.write.buffer.size = 33554432 (custom)
2019-10-09 23:57:13,522 [pool-247-thread-1] INFO  server.RaftServerConfigKeys (ConfUtils.java:logGet(43)) - raft.server.snapshot.auto.trigger.threshold = 10000 (custom)
2019-10-09 23:57:13,522 [pool-257-thread-1] INFO  server.RaftServerConfigKeys (ConfUtils.java:logGet(43)) - raft.server.log.force.sync.num = 128 (default)
2019-10-09 23:57:13,522 [pool-247-thread-1] INFO  server.RaftServerConfigKeys (ConfUtils.java:logGet(43)) - raft.server.snapshot.retention.file.num = 5 (custom)
2019-10-09 23:57:13,522 [pool-237-thread-1] INFO  server.RaftServerConfigKeys (ConfUtils.java:logGet(43)) - raft.server.log.force.sync.num = 128 (default)
2019-10-09 23:57:13,522 [pool-247-thread-1] INFO  server.RaftServerConfigKeys (ConfUtils.java:logGet(43)) - raft.server.retrycache.expirytime = 600000ms (custom)
2019-10-09 23:57:13,522 [pool-257-thread-1] INFO  server.RaftServerConfigKeys (ConfUtils.java:logGet(43)) - raft.server.log.statemachine.data.sync = true (default)
2019-10-09 23:57:13,523 [pool-237-thread-1] INFO  server.RaftServerConfigKeys (ConfUtils.java:logGet(43)) - raft.server.log.statemachine.data.sync = true (default)
2019-10-09 23:57:13,523 [pool-257-thread-1] INFO  server.RaftServerConfigKeys (ConfUtils.java:logGet(43)) - raft.server.log.statemachine.data.sync.timeout = 10s (default)
2019-10-09 23:57:13,523 [pool-237-thread-1] INFO  server.RaftServerConfigKeys (ConfUtils.java:logGet(43)) - raft.server.log.statemachine.data.sync.timeout = 10s (default)
2019-10-09 23:57:13,523 [pool-257-thread-1] INFO  server.RaftServerConfigKeys (ConfUtils.java:logGet(43)) - raft.server.log.statemachine.data.sync.timeout.retry = -1 (default)
2019-10-09 23:57:13,523 [pool-237-thread-1] INFO  server.RaftServerConfigKeys (ConfUtils.java:logGet(43)) - raft.server.log.statemachine.data.sync.timeout.retry = -1 (default)
2019-10-09 23:57:13,523 [pool-257-thread-1] INFO  server.RaftServerConfigKeys (ConfUtils.java:logGet(43)) - raft.server.log.statemachine.data.caching.enabled = true (custom)
2019-10-09 23:57:13,523 [pool-237-thread-1] INFO  server.RaftServerConfigKeys (ConfUtils.java:logGet(43)) - raft.server.log.statemachine.data.caching.enabled = true (custom)
2019-10-09 23:57:13,523 [pool-257-thread-1] INFO  segmented.SegmentedRaftLogWorker (SegmentedRaftLogWorker.java:lambda$new$0(128)) - f5a703b3-66a4-42d5-b4a4-337578d80bd8@group-D58DEE6580E5-SegmentedRaftLogWorker: flushIndex: setUnconditionally 0 -> -1
2019-10-09 23:57:13,524 [pool-237-thread-1] INFO  segmented.SegmentedRaftLogWorker (SegmentedRaftLogWorker.java:lambda$new$0(128)) - 78e81a3b-a007-4b1e-9676-7d47e80789cd@group-D58DEE6580E5-SegmentedRaftLogWorker: flushIndex: setUnconditionally 0 -> -1
2019-10-09 23:57:13,524 [pool-257-thread-1] INFO  server.RaftServerConfigKeys (ConfUtils.java:logGet(43)) - raft.server.snapshot.auto.trigger.enabled = true (custom)
2019-10-09 23:57:13,524 [pool-257-thread-1] INFO  server.RaftServerConfigKeys (ConfUtils.java:logGet(43)) - raft.server.snapshot.auto.trigger.threshold = 10000 (custom)
2019-10-09 23:57:13,524 [pool-257-thread-1] INFO  server.RaftServerConfigKeys (ConfUtils.java:logGet(43)) - raft.server.snapshot.retention.file.num = 5 (custom)
2019-10-09 23:57:13,524 [pool-237-thread-1] INFO  server.RaftServerConfigKeys (ConfUtils.java:logGet(43)) - raft.server.snapshot.auto.trigger.enabled = true (custom)
2019-10-09 23:57:13,524 [pool-257-thread-1] INFO  server.RaftServerConfigKeys (ConfUtils.java:logGet(43)) - raft.server.retrycache.expirytime = 600000ms (custom)
2019-10-09 23:57:13,524 [pool-237-thread-1] INFO  server.RaftServerConfigKeys (ConfUtils.java:logGet(43)) - raft.server.snapshot.auto.trigger.threshold = 10000 (custom)
2019-10-09 23:57:13,524 [pool-237-thread-1] INFO  server.RaftServerConfigKeys (ConfUtils.java:logGet(43)) - raft.server.snapshot.retention.file.num = 5 (custom)
2019-10-09 23:57:13,524 [pool-237-thread-1] INFO  server.RaftServerConfigKeys (ConfUtils.java:logGet(43)) - raft.server.retrycache.expirytime = 600000ms (custom)
2019-10-09 23:57:13,526 [pool-247-thread-1] INFO  impl.RaftServerImpl (RaftServerImpl.java:start(181)) - 70047afe-0910-4555-ade8-6ade5e62522e@group-D58DEE6580E5: start as a follower, conf=-1: [f5a703b3-66a4-42d5-b4a4-337578d80bd8:192.168.5.166:38085, 78e81a3b-a007-4b1e-9676-7d47e80789cd:192.168.5.166:40575, 70047afe-0910-4555-ade8-6ade5e62522e:192.168.5.166:37086], old=null
2019-10-09 23:57:13,526 [pool-247-thread-1] INFO  impl.RaftServerImpl (RaftServerImpl.java:setRole(170)) - 70047afe-0910-4555-ade8-6ade5e62522e@group-D58DEE6580E5: changes role from      null to FOLLOWER at term 0 for startAsFollower
2019-10-09 23:57:13,526 [pool-247-thread-1] INFO  impl.RoleInfo (RoleInfo.java:updateAndGet(143)) - 70047afe-0910-4555-ade8-6ade5e62522e: start FollowerState
2019-10-09 23:57:13,526 [pool-247-thread-1] INFO  util.JmxRegister (JmxRegister.java:tryRegister(44)) - Successfully registered JMX Bean with object name Ratis:service=RaftServer,group=group-D58DEE6580E5,id=70047afe-0910-4555-ade8-6ade5e62522e
2019-10-09 23:57:13,527 [pool-257-thread-1] INFO  impl.RaftServerImpl (RaftServerImpl.java:start(181)) - f5a703b3-66a4-42d5-b4a4-337578d80bd8@group-D58DEE6580E5: start as a follower, conf=-1: [f5a703b3-66a4-42d5-b4a4-337578d80bd8:192.168.5.166:38085, 78e81a3b-a007-4b1e-9676-7d47e80789cd:192.168.5.166:40575, 70047afe-0910-4555-ade8-6ade5e62522e:192.168.5.166:37086], old=null
2019-10-09 23:57:13,527 [pool-257-thread-1] INFO  impl.RaftServerImpl (RaftServerImpl.java:setRole(170)) - f5a703b3-66a4-42d5-b4a4-337578d80bd8@group-D58DEE6580E5: changes role from      null to FOLLOWER at term 0 for startAsFollower
2019-10-09 23:57:13,527 [pool-257-thread-1] INFO  impl.RoleInfo (RoleInfo.java:updateAndGet(143)) - f5a703b3-66a4-42d5-b4a4-337578d80bd8: start FollowerState
2019-10-09 23:57:13,527 [pool-237-thread-1] INFO  impl.RaftServerImpl (RaftServerImpl.java:start(181)) - 78e81a3b-a007-4b1e-9676-7d47e80789cd@group-D58DEE6580E5: start as a follower, conf=-1: [f5a703b3-66a4-42d5-b4a4-337578d80bd8:192.168.5.166:38085, 78e81a3b-a007-4b1e-9676-7d47e80789cd:192.168.5.166:40575, 70047afe-0910-4555-ade8-6ade5e62522e:192.168.5.166:37086], old=null
2019-10-09 23:57:13,527 [pool-237-thread-1] INFO  impl.RaftServerImpl (RaftServerImpl.java:setRole(170)) - 78e81a3b-a007-4b1e-9676-7d47e80789cd@group-D58DEE6580E5: changes role from      null to FOLLOWER at term 0 for startAsFollower
2019-10-09 23:57:13,527 [pool-257-thread-1] INFO  util.JmxRegister (JmxRegister.java:tryRegister(44)) - Successfully registered JMX Bean with object name Ratis:service=RaftServer,group=group-D58DEE6580E5,id=f5a703b3-66a4-42d5-b4a4-337578d80bd8
2019-10-09 23:57:13,527 [pool-237-thread-1] INFO  impl.RoleInfo (RoleInfo.java:updateAndGet(143)) - 78e81a3b-a007-4b1e-9676-7d47e80789cd: start FollowerState
2019-10-09 23:57:13,528 [pool-237-thread-1] INFO  util.JmxRegister (JmxRegister.java:tryRegister(44)) - Successfully registered JMX Bean with object name Ratis:service=RaftServer,group=group-D58DEE6580E5,id=78e81a3b-a007-4b1e-9676-7d47e80789cd
2019-10-09 23:57:13,533 [RatisPipelineUtilsThread] INFO  pipeline.PipelineStateManager (PipelineStateManager.java:addPipeline(57)) - Created pipeline Pipeline[ Id: b1c05244-6b9f-46bf-81dc-d58dee6580e5, Nodes: 78e81a3b-a007-4b1e-9676-7d47e80789cd{ip: 192.168.5.166, host: pr-hdds-1868-fg6nx-4263576025, networkLocation: /default-rack, certSerialId: null}f5a703b3-66a4-42d5-b4a4-337578d80bd8{ip: 192.168.5.166, host: pr-hdds-1868-fg6nx-4263576025, networkLocation: /default-rack, certSerialId: null}70047afe-0910-4555-ade8-6ade5e62522e{ip: 192.168.5.166, host: pr-hdds-1868-fg6nx-4263576025, networkLocation: /default-rack, certSerialId: null}, Type:RATIS, Factor:THREE, State:ALLOCATED]
2019-10-09 23:57:13,533 [main] INFO  ozone.MiniOzoneClusterImpl (MiniOzoneClusterImpl.java:lambda$waitForClusterToBeReady$2(164)) - Waiting for 9 number of pipelines out of 9, to report a leader.
2019-10-09 23:57:14,533 [main] INFO  ozone.MiniOzoneClusterImpl (MiniOzoneClusterImpl.java:lambda$waitForClusterToBeReady$2(164)) - Waiting for 9 number of pipelines out of 9, to report a leader.
2019-10-09 23:57:15,554 [main] INFO  ozone.MiniOzoneClusterImpl (MiniOzoneClusterImpl.java:lambda$waitForClusterToBeReady$2(164)) - Waiting for 9 number of pipelines out of 9, to report a leader.
2019-10-09 23:57:15,988 [Thread-1443] INFO  container.ReplicationManager (ReplicationManager.java:start(162)) - Starting Replication Monitor Thread.
2019-10-09 23:57:15,993 [Thread-1443] INFO  pipeline.SCMPipelineManager (SCMPipelineManager.java:finalizeAndDestroyPipeline(315)) - destroying pipeline:Pipeline[ Id: 0366a9ba-a717-466a-852b-c37bc01860b8, Nodes: d1b2fdb4-2a3c-478d-9f55-2a69fc770f7f{ip: 192.168.5.166, host: pr-hdds-1868-fg6nx-4263576025, networkLocation: /default-rack, certSerialId: null}7efd9bf7-a6c0-4f93-9bd9-a1d7634c727c{ip: 192.168.5.166, host: pr-hdds-1868-fg6nx-4263576025, networkLocation: /default-rack, certSerialId: null}267b4c01-3d7d-4c74-8ccf-ba11236bcdc8{ip: 192.168.5.166, host: pr-hdds-1868-fg6nx-4263576025, networkLocation: /default-rack, certSerialId: null}, Type:RATIS, Factor:THREE, State:ALLOCATED]
2019-10-09 23:57:15,993 [ReplicationMonitor] INFO  container.ReplicationManager (ReplicationManager.java:run(225)) - Replication Monitor Thread took 0 milliseconds for processing 0 containers.
2019-10-09 23:57:15,994 [Thread-1443] INFO  pipeline.PipelineStateManager (PipelineStateManager.java:finalizePipeline(123)) - Pipeline Pipeline[ Id: 0366a9ba-a717-466a-852b-c37bc01860b8, Nodes: d1b2fdb4-2a3c-478d-9f55-2a69fc770f7f{ip: 192.168.5.166, host: pr-hdds-1868-fg6nx-4263576025, networkLocation: /default-rack, certSerialId: null}7efd9bf7-a6c0-4f93-9bd9-a1d7634c727c{ip: 192.168.5.166, host: pr-hdds-1868-fg6nx-4263576025, networkLocation: /default-rack, certSerialId: null}267b4c01-3d7d-4c74-8ccf-ba11236bcdc8{ip: 192.168.5.166, host: pr-hdds-1868-fg6nx-4263576025, networkLocation: /default-rack, certSerialId: null}, Type:RATIS, Factor:THREE, State:CLOSED] moved to CLOSED state
2019-10-09 23:57:16,003 [grpc-default-executor-5] INFO  impl.RaftServerProxy (RaftServerProxy.java:remove(95)) - d1b2fdb4-2a3c-478d-9f55-2a69fc770f7f: remove  FOLLOWER d1b2fdb4-2a3c-478d-9f55-2a69fc770f7f@group-C37BC01860B8:t0, leader=null, voted=null, raftlog=d1b2fdb4-2a3c-478d-9f55-2a69fc770f7f@group-C37BC01860B8-SegmentedRaftLog:OPENED:c-1,f-1,i0, conf=-1: [7efd9bf7-a6c0-4f93-9bd9-a1d7634c727c:192.168.5.166:46122, 267b4c01-3d7d-4c74-8ccf-ba11236bcdc8:192.168.5.166:40372, d1b2fdb4-2a3c-478d-9f55-2a69fc770f7f:192.168.5.166:45660], old=null RUNNING
2019-10-09 23:57:16,003 [grpc-default-executor-5] INFO  impl.RaftServerImpl (RaftServerImpl.java:lambda$shutdown$3(247)) - d1b2fdb4-2a3c-478d-9f55-2a69fc770f7f@group-C37BC01860B8: shutdown
2019-10-09 23:57:16,003 [grpc-default-executor-5] INFO  util.JmxRegister (JmxRegister.java:unregister(73)) - Successfully un-registered JMX Bean with object name Ratis:service=RaftServer,group=group-C37BC01860B8,id=d1b2fdb4-2a3c-478d-9f55-2a69fc770f7f
2019-10-09 23:57:16,003 [grpc-default-executor-5] INFO  impl.RoleInfo (RoleInfo.java:shutdownFollowerState(121)) - d1b2fdb4-2a3c-478d-9f55-2a69fc770f7f: shutdown FollowerState
2019-10-09 23:57:16,004 [grpc-default-executor-5] INFO  impl.StateMachineUpdater (StateMachineUpdater.java:stopAndJoin(136)) - d1b2fdb4-2a3c-478d-9f55-2a69fc770f7f@group-C37BC01860B8-StateMachineUpdater: set stopIndex = -1
2019-10-09 23:57:16,004 [Thread-1457] INFO  impl.FollowerState (FollowerState.java:run(117)) - d1b2fdb4-2a3c-478d-9f55-2a69fc770f7f@group-C37BC01860B8-FollowerState was interrupted: java.lang.InterruptedException: sleep interrupted
2019-10-09 23:57:16,005 [grpc-default-executor-5] INFO  impl.RaftServerImpl (ServerState.java:close(387)) - d1b2fdb4-2a3c-478d-9f55-2a69fc770f7f@group-C37BC01860B8: closes. applyIndex: -1
2019-10-09 23:57:16,006 [d1b2fdb4-2a3c-478d-9f55-2a69fc770f7f@group-C37BC01860B8-SegmentedRaftLogWorker] INFO  segmented.SegmentedRaftLogWorker (SegmentedRaftLogWorker.java:run(316)) - d1b2fdb4-2a3c-478d-9f55-2a69fc770f7f@group-C37BC01860B8-SegmentedRaftLogWorker was interrupted, exiting. There are 0 tasks remaining in the queue.
2019-10-09 23:57:16,006 [grpc-default-executor-5] INFO  segmented.SegmentedRaftLogWorker (SegmentedRaftLogWorker.java:close(224)) - d1b2fdb4-2a3c-478d-9f55-2a69fc770f7f@group-C37BC01860B8-SegmentedRaftLogWorker close()
2019-10-09 23:57:16,029 [grpc-default-executor-5] INFO  impl.RaftServerProxy (RaftServerProxy.java:remove(95)) - 7efd9bf7-a6c0-4f93-9bd9-a1d7634c727c: remove  FOLLOWER 7efd9bf7-a6c0-4f93-9bd9-a1d7634c727c@group-C37BC01860B8:t0, leader=null, voted=null, raftlog=7efd9bf7-a6c0-4f93-9bd9-a1d7634c727c@group-C37BC01860B8-SegmentedRaftLog:OPENED:c-1,f-1,i0, conf=-1: [7efd9bf7-a6c0-4f93-9bd9-a1d7634c727c:192.168.5.166:46122, 267b4c01-3d7d-4c74-8ccf-ba11236bcdc8:192.168.5.166:40372, d1b2fdb4-2a3c-478d-9f55-2a69fc770f7f:192.168.5.166:45660], old=null RUNNING
2019-10-09 23:57:16,029 [grpc-default-executor-5] INFO  impl.RaftServerImpl (RaftServerImpl.java:lambda$shutdown$3(247)) - 7efd9bf7-a6c0-4f93-9bd9-a1d7634c727c@group-C37BC01860B8: shutdown
2019-10-09 23:57:16,029 [grpc-default-executor-5] INFO  util.JmxRegister (JmxRegister.java:unregister(73)) - Successfully un-registered JMX Bean with object name Ratis:service=RaftServer,group=group-C37BC01860B8,id=7efd9bf7-a6c0-4f93-9bd9-a1d7634c727c
2019-10-09 23:57:16,029 [grpc-default-executor-5] INFO  impl.RoleInfo (RoleInfo.java:shutdownFollowerState(121)) - 7efd9bf7-a6c0-4f93-9bd9-a1d7634c727c: shutdown FollowerState
2019-10-09 23:57:16,030 [grpc-default-executor-5] INFO  impl.StateMachineUpdater (StateMachineUpdater.java:stopAndJoin(136)) - 7efd9bf7-a6c0-4f93-9bd9-a1d7634c727c@group-C37BC01860B8-StateMachineUpdater: set stopIndex = -1
2019-10-09 23:57:16,030 [grpc-default-executor-5] INFO  impl.RaftServerImpl (ServerState.java:close(387)) - 7efd9bf7-a6c0-4f93-9bd9-a1d7634c727c@group-C37BC01860B8: closes. applyIndex: -1
2019-10-09 23:57:16,030 [Thread-1455] INFO  impl.FollowerState (FollowerState.java:run(117)) - 7efd9bf7-a6c0-4f93-9bd9-a1d7634c727c@group-C37BC01860B8-FollowerState was interrupted: java.lang.InterruptedException: sleep interrupted
2019-10-09 23:57:16,031 [7efd9bf7-a6c0-4f93-9bd9-a1d7634c727c@group-C37BC01860B8-SegmentedRaftLogWorker] INFO  segmented.SegmentedRaftLogWorker (SegmentedRaftLogWorker.java:run(316)) - 7efd9bf7-a6c0-4f93-9bd9-a1d7634c727c@group-C37BC01860B8-SegmentedRaftLogWorker was interrupted, exiting. There are 0 tasks remaining in the queue.
2019-10-09 23:57:16,031 [grpc-default-executor-5] INFO  segmented.SegmentedRaftLogWorker (SegmentedRaftLogWorker.java:close(224)) - 7efd9bf7-a6c0-4f93-9bd9-a1d7634c727c@group-C37BC01860B8-SegmentedRaftLogWorker close()
2019-10-09 23:57:16,041 [grpc-default-executor-5] INFO  impl.RaftServerProxy (RaftServerProxy.java:remove(95)) - 267b4c01-3d7d-4c74-8ccf-ba11236bcdc8: remove  FOLLOWER 267b4c01-3d7d-4c74-8ccf-ba11236bcdc8@group-C37BC01860B8:t0, leader=null, voted=null, raftlog=267b4c01-3d7d-4c74-8ccf-ba11236bcdc8@group-C37BC01860B8-SegmentedRaftLog:OPENED:c-1,f-1,i0, conf=-1: [7efd9bf7-a6c0-4f93-9bd9-a1d7634c727c:192.168.5.166:46122, 267b4c01-3d7d-4c74-8ccf-ba11236bcdc8:192.168.5.166:40372, d1b2fdb4-2a3c-478d-9f55-2a69fc770f7f:192.168.5.166:45660], old=null RUNNING
2019-10-09 23:57:16,041 [grpc-default-executor-5] INFO  impl.RaftServerImpl (RaftServerImpl.java:lambda$shutdown$3(247)) - 267b4c01-3d7d-4c74-8ccf-ba11236bcdc8@group-C37BC01860B8: shutdown
2019-10-09 23:57:16,041 [grpc-default-executor-5] INFO  util.JmxRegister (JmxRegister.java:unregister(73)) - Successfully un-registered JMX Bean with object name Ratis:service=RaftServer,group=group-C37BC01860B8,id=267b4c01-3d7d-4c74-8ccf-ba11236bcdc8
2019-10-09 23:57:16,041 [grpc-default-executor-5] INFO  impl.RoleInfo (RoleInfo.java:shutdownFollowerState(121)) - 267b4c01-3d7d-4c74-8ccf-ba11236bcdc8: shutdown FollowerState
2019-10-09 23:57:16,041 [grpc-default-executor-5] INFO  impl.StateMachineUpdater (StateMachineUpdater.java:stopAndJoin(136)) - 267b4c01-3d7d-4c74-8ccf-ba11236bcdc8@group-C37BC01860B8-StateMachineUpdater: set stopIndex = -1
2019-10-09 23:57:16,041 [Thread-1459] INFO  impl.FollowerState (FollowerState.java:run(117)) - 267b4c01-3d7d-4c74-8ccf-ba11236bcdc8@group-C37BC01860B8-FollowerState was interrupted: java.lang.InterruptedException: sleep interrupted
2019-10-09 23:57:16,043 [grpc-default-executor-5] INFO  impl.RaftServerImpl (ServerState.java:close(387)) - 267b4c01-3d7d-4c74-8ccf-ba11236bcdc8@group-C37BC01860B8: closes. applyIndex: -1
2019-10-09 23:57:16,043 [267b4c01-3d7d-4c74-8ccf-ba11236bcdc8@group-C37BC01860B8-SegmentedRaftLogWorker] INFO  segmented.SegmentedRaftLogWorker (SegmentedRaftLogWorker.java:run(316)) - 267b4c01-3d7d-4c74-8ccf-ba11236bcdc8@group-C37BC01860B8-SegmentedRaftLogWorker was interrupted, exiting. There are 0 tasks remaining in the queue.
2019-10-09 23:57:16,044 [grpc-default-executor-5] INFO  segmented.SegmentedRaftLogWorker (SegmentedRaftLogWorker.java:close(224)) - 267b4c01-3d7d-4c74-8ccf-ba11236bcdc8@group-C37BC01860B8-SegmentedRaftLogWorker close()
2019-10-09 23:57:16,050 [Thread-1443] INFO  pipeline.PipelineStateManager (PipelineStateManager.java:removePipeline(108)) - Pipeline Pipeline[ Id: 0366a9ba-a717-466a-852b-c37bc01860b8, Nodes: d1b2fdb4-2a3c-478d-9f55-2a69fc770f7f{ip: 192.168.5.166, host: pr-hdds-1868-fg6nx-4263576025, networkLocation: /default-rack, certSerialId: null}7efd9bf7-a6c0-4f93-9bd9-a1d7634c727c{ip: 192.168.5.166, host: pr-hdds-1868-fg6nx-4263576025, networkLocation: /default-rack, certSerialId: null}267b4c01-3d7d-4c74-8ccf-ba11236bcdc8{ip: 192.168.5.166, host: pr-hdds-1868-fg6nx-4263576025, networkLocation: /default-rack, certSerialId: null}, Type:RATIS, Factor:THREE, State:CLOSED] removed from db
2019-10-09 23:57:16,051 [Thread-1443] INFO  pipeline.SCMPipelineManager (SCMPipelineManager.java:finalizeAndDestroyPipeline(315)) - destroying pipeline:Pipeline[ Id: 27cf2396-7ea3-43c8-9c73-4369aa64257d, Nodes: f5a703b3-66a4-42d5-b4a4-337578d80bd8{ip: 192.168.5.166, host: pr-hdds-1868-fg6nx-4263576025, networkLocation: /default-rack, certSerialId: null}, Type:RATIS, Factor:ONE, State:ALLOCATED]
2019-10-09 23:57:16,061 [grpc-default-executor-5] INFO  impl.RaftServerProxy (RaftServerProxy.java:addNew(89)) - d1b2fdb4-2a3c-478d-9f55-2a69fc770f7f: addNew group-C934F1EEB7D0:[7efd9bf7-a6c0-4f93-9bd9-a1d7634c727c:192.168.5.166:46122, d1b2fdb4-2a3c-478d-9f55-2a69fc770f7f:192.168.5.166:45660, e0a2bbc5-e1f3-429a-8b57-8ad53d3fcfcf:192.168.5.166:46584] returns group-C934F1EEB7D0:java.util.concurrent.CompletableFuture@66cef389[Not completed]
2019-10-09 23:57:16,063 [grpc-default-executor-2] INFO  impl.RaftServerProxy (RaftServerProxy.java:addNew(89)) - 7efd9bf7-a6c0-4f93-9bd9-a1d7634c727c: addNew group-C934F1EEB7D0:[7efd9bf7-a6c0-4f93-9bd9-a1d7634c727c:192.168.5.166:46122, d1b2fdb4-2a3c-478d-9f55-2a69fc770f7f:192.168.5.166:45660, e0a2bbc5-e1f3-429a-8b57-8ad53d3fcfcf:192.168.5.166:46584] returns group-C934F1EEB7D0:java.util.concurrent.CompletableFuture@77409532[Not completed]
2019-10-09 23:57:16,063 [grpc-default-executor-4] INFO  impl.RaftServerProxy (RaftServerProxy.java:addNew(89)) - e0a2bbc5-e1f3-429a-8b57-8ad53d3fcfcf: addNew group-C934F1EEB7D0:[7efd9bf7-a6c0-4f93-9bd9-a1d7634c727c:192.168.5.166:46122, d1b2fdb4-2a3c-478d-9f55-2a69fc770f7f:192.168.5.166:45660, e0a2bbc5-e1f3-429a-8b57-8ad53d3fcfcf:192.168.5.166:46584] returns group-C934F1EEB7D0:java.util.concurrent.CompletableFuture@7823de7f[Not completed]
2019-10-09 23:57:16,065 [pool-227-thread-1] INFO  impl.RaftServerImpl (RaftServerImpl.java:<init>(95)) - 7efd9bf7-a6c0-4f93-9bd9-a1d7634c727c: new RaftServerImpl for group-C934F1EEB7D0:[7efd9bf7-a6c0-4f93-9bd9-a1d7634c727c:192.168.5.166:46122, d1b2fdb4-2a3c-478d-9f55-2a69fc770f7f:192.168.5.166:45660, e0a2bbc5-e1f3-429a-8b57-8ad53d3fcfcf:192.168.5.166:46584] with ContainerStateMachine:uninitialized
2019-10-09 23:57:16,065 [pool-227-thread-1] INFO  server.RaftServerConfigKeys (ConfUtils.java:logGet(43)) - raft.server.rpc.timeout.min = 5s (custom)
2019-10-09 23:57:16,065 [pool-227-thread-1] INFO  server.RaftServerConfigKeys (ConfUtils.java:logGet(43)) - raft.server.rpc.timeout.max = 5200ms (custom)
2019-10-09 23:57:16,066 [pool-227-thread-1] INFO  server.RaftServerConfigKeys (ConfUtils.java:logGet(43)) - raft.server.rpcslowness.timeout = 120s (custom)
2019-10-09 23:57:16,066 [pool-227-thread-1] INFO  server.RaftServerConfigKeys (ConfUtils.java:logGet(43)) - raft.server.sleep.deviation.threshold = 300 (default)
2019-10-09 23:57:16,066 [pool-227-thread-1] INFO  server.RaftServerConfigKeys (ConfUtils.java:logGet(43)) - raft.server.log.appender.install.snapshot.enabled = false (custom)
2019-10-09 23:57:16,066 [pool-267-thread-1] INFO  impl.RaftServerImpl (RaftServerImpl.java:<init>(95)) - e0a2bbc5-e1f3-429a-8b57-8ad53d3fcfcf: new RaftServerImpl for group-C934F1EEB7D0:[7efd9bf7-a6c0-4f93-9bd9-a1d7634c727c:192.168.5.166:46122, d1b2fdb4-2a3c-478d-9f55-2a69fc770f7f:192.168.5.166:45660, e0a2bbc5-e1f3-429a-8b57-8ad53d3fcfcf:192.168.5.166:46584] with ContainerStateMachine:uninitialized
2019-10-09 23:57:16,066 [pool-227-thread-1] INFO  impl.RaftServerImpl (ServerState.java:<init>(103)) - 7efd9bf7-a6c0-4f93-9bd9-a1d7634c727c@group-C934F1EEB7D0: ConfigurationManager, init=-1: [7efd9bf7-a6c0-4f93-9bd9-a1d7634c727c:192.168.5.166:46122, d1b2fdb4-2a3c-478d-9f55-2a69fc770f7f:192.168.5.166:45660, e0a2bbc5-e1f3-429a-8b57-8ad53d3fcfcf:192.168.5.166:46584], old=null, confs=<EMPTY_MAP>
2019-10-09 23:57:16,066 [pool-267-thread-1] INFO  server.RaftServerConfigKeys (ConfUtils.java:logGet(43)) - raft.server.rpc.timeout.min = 5s (custom)
2019-10-09 23:57:16,066 [pool-227-thread-1] INFO  server.RaftServerConfigKeys (ConfUtils.java:logGet(43)) - raft.server.storage.dir = [/workdir/hadoop-ozone/integration-test/target/test-dir/MiniOzoneClusterImpl-f2beb584-d50b-4d1b-9113-e73b8a8f1d7e/datanode-2/data/ratis] (custom)
2019-10-09 23:57:16,066 [pool-217-thread-1] INFO  impl.RaftServerImpl (RaftServerImpl.java:<init>(95)) - d1b2fdb4-2a3c-478d-9f55-2a69fc770f7f: new RaftServerImpl for group-C934F1EEB7D0:[7efd9bf7-a6c0-4f93-9bd9-a1d7634c727c:192.168.5.166:46122, d1b2fdb4-2a3c-478d-9f55-2a69fc770f7f:192.168.5.166:45660, e0a2bbc5-e1f3-429a-8b57-8ad53d3fcfcf:192.168.5.166:46584] with ContainerStateMachine:uninitialized
2019-10-09 23:57:16,066 [pool-267-thread-1] INFO  server.RaftServerConfigKeys (ConfUtils.java:logGet(43)) - raft.server.rpc.timeout.max = 5200ms (custom)
2019-10-09 23:57:16,066 [pool-217-thread-1] INFO  server.RaftServerConfigKeys (ConfUtils.java:logGet(43)) - raft.server.rpc.timeout.min = 5s (custom)
2019-10-09 23:57:16,067 [pool-227-thread-1] INFO  server.RaftServerConfigKeys (ConfUtils.java:logGet(43)) - raft.server.log.corruption.policy = EXCEPTION (default)
2019-10-09 23:57:16,066 [pool-267-thread-1] INFO  server.RaftServerConfigKeys (ConfUtils.java:logGet(43)) - raft.server.rpcslowness.timeout = 120s (custom)
2019-10-09 23:57:16,067 [pool-227-thread-1] INFO  storage.RaftStorageDirectory (RaftStorageDirectory.java:analyzeStorage(246)) - The storage directory /workdir/hadoop-ozone/integration-test/target/test-dir/MiniOzoneClusterImpl-f2beb584-d50b-4d1b-9113-e73b8a8f1d7e/datanode-2/data/ratis/3045e3a5-d20f-4633-9a30-c934f1eeb7d0 does not exist. Creating ...
2019-10-09 23:57:16,067 [pool-217-thread-1] INFO  server.RaftServerConfigKeys (ConfUtils.java:logGet(43)) - raft.server.rpc.timeout.max = 5200ms (custom)
2019-10-09 23:57:16,067 [pool-267-thread-1] INFO  server.RaftServerConfigKeys (ConfUtils.java:logGet(43)) - raft.server.sleep.deviation.threshold = 300 (default)
2019-10-09 23:57:16,067 [pool-217-thread-1] INFO  server.RaftServerConfigKeys (ConfUtils.java:logGet(43)) - raft.server.rpcslowness.timeout = 120s (custom)
2019-10-09 23:57:16,067 [pool-267-thread-1] INFO  server.RaftServerConfigKeys (ConfUtils.java:logGet(43)) - raft.server.log.appender.install.snapshot.enabled = false (custom)
2019-10-09 23:57:16,067 [pool-217-thread-1] INFO  server.RaftServerConfigKeys (ConfUtils.java:logGet(43)) - raft.server.sleep.deviation.threshold = 300 (default)
2019-10-09 23:57:16,067 [pool-267-thread-1] INFO  impl.RaftServerImpl (ServerState.java:<init>(103)) - e0a2bbc5-e1f3-429a-8b57-8ad53d3fcfcf@group-C934F1EEB7D0: ConfigurationManager, init=-1: [7efd9bf7-a6c0-4f93-9bd9-a1d7634c727c:192.168.5.166:46122, d1b2fdb4-2a3c-478d-9f55-2a69fc770f7f:192.168.5.166:45660, e0a2bbc5-e1f3-429a-8b57-8ad53d3fcfcf:192.168.5.166:46584], old=null, confs=<EMPTY_MAP>
2019-10-09 23:57:16,067 [pool-217-thread-1] INFO  server.RaftServerConfigKeys (ConfUtils.java:logGet(43)) - raft.server.log.appender.install.snapshot.enabled = false (custom)
2019-10-09 23:57:16,068 [pool-267-thread-1] INFO  server.RaftServerConfigKeys (ConfUtils.java:logGet(43)) - raft.server.storage.dir = [/workdir/hadoop-ozone/integration-test/target/test-dir/MiniOzoneClusterImpl-f2beb584-d50b-4d1b-9113-e73b8a8f1d7e/datanode-6/data/ratis] (custom)
2019-10-09 23:57:16,068 [pool-217-thread-1] INFO  impl.RaftServerImpl (ServerState.java:<init>(103)) - d1b2fdb4-2a3c-478d-9f55-2a69fc770f7f@group-C934F1EEB7D0: ConfigurationManager, init=-1: [7efd9bf7-a6c0-4f93-9bd9-a1d7634c727c:192.168.5.166:46122, d1b2fdb4-2a3c-478d-9f55-2a69fc770f7f:192.168.5.166:45660, e0a2bbc5-e1f3-429a-8b57-8ad53d3fcfcf:192.168.5.166:46584], old=null, confs=<EMPTY_MAP>
2019-10-09 23:57:16,068 [pool-217-thread-1] INFO  server.RaftServerConfigKeys (ConfUtils.java:logGet(43)) - raft.server.storage.dir = [/workdir/hadoop-ozone/integration-test/target/test-dir/MiniOzoneClusterImpl-f2beb584-d50b-4d1b-9113-e73b8a8f1d7e/datanode-1/data/ratis] (custom)
2019-10-09 23:57:16,068 [pool-267-thread-1] INFO  server.RaftServerConfigKeys (ConfUtils.java:logGet(43)) - raft.server.log.corruption.policy = EXCEPTION (default)
2019-10-09 23:57:16,068 [pool-217-thread-1] INFO  server.RaftServerConfigKeys (ConfUtils.java:logGet(43)) - raft.server.log.corruption.policy = EXCEPTION (default)
2019-10-09 23:57:16,068 [pool-267-thread-1] INFO  storage.RaftStorageDirectory (RaftStorageDirectory.java:analyzeStorage(246)) - The storage directory /workdir/hadoop-ozone/integration-test/target/test-dir/MiniOzoneClusterImpl-f2beb584-d50b-4d1b-9113-e73b8a8f1d7e/datanode-6/data/ratis/3045e3a5-d20f-4633-9a30-c934f1eeb7d0 does not exist. Creating ...
2019-10-09 23:57:16,068 [pool-217-thread-1] INFO  storage.RaftStorageDirectory (RaftStorageDirectory.java:analyzeStorage(246)) - The storage directory /workdir/hadoop-ozone/integration-test/target/test-dir/MiniOzoneClusterImpl-f2beb584-d50b-4d1b-9113-e73b8a8f1d7e/datanode-1/data/ratis/3045e3a5-d20f-4633-9a30-c934f1eeb7d0 does not exist. Creating ...
2019-10-09 23:57:16,082 [pool-227-thread-1] INFO  storage.RaftStorageDirectory (RaftStorageDirectory.java:tryLock(328)) - Lock on /workdir/hadoop-ozone/integration-test/target/test-dir/MiniOzoneClusterImpl-f2beb584-d50b-4d1b-9113-e73b8a8f1d7e/datanode-2/data/ratis/3045e3a5-d20f-4633-9a30-c934f1eeb7d0/in_use.lock acquired by nodename 25084@pr-hdds-1868-fg6nx-4263576025
2019-10-09 23:57:16,082 [pool-217-thread-1] INFO  storage.RaftStorageDirectory (RaftStorageDirectory.java:tryLock(328)) - Lock on /workdir/hadoop-ozone/integration-test/target/test-dir/MiniOzoneClusterImpl-f2beb584-d50b-4d1b-9113-e73b8a8f1d7e/datanode-1/data/ratis/3045e3a5-d20f-4633-9a30-c934f1eeb7d0/in_use.lock acquired by nodename 25084@pr-hdds-1868-fg6nx-4263576025
2019-10-09 23:57:16,082 [pool-267-thread-1] INFO  storage.RaftStorageDirectory (RaftStorageDirectory.java:tryLock(328)) - Lock on /workdir/hadoop-ozone/integration-test/target/test-dir/MiniOzoneClusterImpl-f2beb584-d50b-4d1b-9113-e73b8a8f1d7e/datanode-6/data/ratis/3045e3a5-d20f-4633-9a30-c934f1eeb7d0/in_use.lock acquired by nodename 25084@pr-hdds-1868-fg6nx-4263576025
2019-10-09 23:57:16,107 [pool-267-thread-1] INFO  storage.RaftStorage (RaftStorage.java:format(84)) - Storage directory /workdir/hadoop-ozone/integration-test/target/test-dir/MiniOzoneClusterImpl-f2beb584-d50b-4d1b-9113-e73b8a8f1d7e/datanode-6/data/ratis/3045e3a5-d20f-4633-9a30-c934f1eeb7d0 has been successfully formatted.
2019-10-09 23:57:16,107 [pool-227-thread-1] INFO  storage.RaftStorage (RaftStorage.java:format(84)) - Storage directory /workdir/hadoop-ozone/integration-test/target/test-dir/MiniOzoneClusterImpl-f2beb584-d50b-4d1b-9113-e73b8a8f1d7e/datanode-2/data/ratis/3045e3a5-d20f-4633-9a30-c934f1eeb7d0 has been successfully formatted.
2019-10-09 23:57:16,107 [pool-217-thread-1] INFO  storage.RaftStorage (RaftStorage.java:format(84)) - Storage directory /workdir/hadoop-ozone/integration-test/target/test-dir/MiniOzoneClusterImpl-f2beb584-d50b-4d1b-9113-e73b8a8f1d7e/datanode-1/data/ratis/3045e3a5-d20f-4633-9a30-c934f1eeb7d0 has been successfully formatted.
2019-10-09 23:57:16,108 [pool-227-thread-1] INFO  ratis.ContainerStateMachine (ContainerStateMachine.java:loadSnapshot(233)) - group-C934F1EEB7D0: The snapshot info is null. Setting the last applied indexto:(t:0, i:~)
2019-10-09 23:57:16,108 [pool-267-thread-1] INFO  ratis.ContainerStateMachine (ContainerStateMachine.java:loadSnapshot(233)) - group-C934F1EEB7D0: The snapshot info is null. Setting the last applied indexto:(t:0, i:~)
2019-10-09 23:57:16,108 [pool-227-thread-1] INFO  server.RaftServerConfigKeys (ConfUtils.java:logGet(43)) - raft.server.notification.no-leader.timeout = 120s (custom)
2019-10-09 23:57:16,108 [pool-217-thread-1] INFO  ratis.ContainerStateMachine (ContainerStateMachine.java:loadSnapshot(233)) - group-C934F1EEB7D0: The snapshot info is null. Setting the last applied indexto:(t:0, i:~)
2019-10-09 23:57:16,108 [pool-227-thread-1] INFO  server.RaftServerConfigKeys (ConfUtils.java:logGet(43)) - raft.server.log.use.memory = false (default)
2019-10-09 23:57:16,108 [pool-267-thread-1] INFO  server.RaftServerConfigKeys (ConfUtils.java:logGet(43)) - raft.server.notification.no-leader.timeout = 120s (custom)
2019-10-09 23:57:16,108 [pool-227-thread-1] INFO  server.RaftServerConfigKeys (ConfUtils.java:logGet(43)) - raft.server.log.purge.gap = 1000000 (custom)
2019-10-09 23:57:16,108 [pool-217-thread-1] INFO  server.RaftServerConfigKeys (ConfUtils.java:logGet(43)) - raft.server.notification.no-leader.timeout = 120s (custom)
2019-10-09 23:57:16,108 [pool-227-thread-1] INFO  server.RaftServerConfigKeys (ConfUtils.java:logGet(43)) - raft.server.log.appender.buffer.byte-limit = 33554432 (custom)
2019-10-09 23:57:16,108 [pool-267-thread-1] INFO  server.RaftServerConfigKeys (ConfUtils.java:logGet(43)) - raft.server.log.use.memory = false (default)
2019-10-09 23:57:16,108 [pool-227-thread-1] INFO  server.RaftServerConfigKeys (ConfUtils.java:logGet(43)) - raft.server.log.segment.size.max = 1048576 (custom)
2019-10-09 23:57:16,108 [pool-217-thread-1] INFO  server.RaftServerConfigKeys (ConfUtils.java:logGet(43)) - raft.server.log.use.memory = false (default)
2019-10-09 23:57:16,109 [pool-227-thread-1] INFO  server.RaftServerConfigKeys (ConfUtils.java:logGet(43)) - raft.server.log.segment.cache.num.max = 2 (custom)
2019-10-09 23:57:16,109 [pool-267-thread-1] INFO  server.RaftServerConfigKeys (ConfUtils.java:logGet(43)) - raft.server.log.purge.gap = 1000000 (custom)
2019-10-09 23:57:16,109 [pool-227-thread-1] INFO  segmented.SegmentedRaftLogWorker (SegmentedRaftLogWorker.java:<init>(173)) - new 7efd9bf7-a6c0-4f93-9bd9-a1d7634c727c@group-C934F1EEB7D0-SegmentedRaftLogWorker for RaftStorage:Storage Directory /workdir/hadoop-ozone/integration-test/target/test-dir/MiniOzoneClusterImpl-f2beb584-d50b-4d1b-9113-e73b8a8f1d7e/datanode-2/data/ratis/3045e3a5-d20f-4633-9a30-c934f1eeb7d0
2019-10-09 23:57:16,109 [pool-217-thread-1] INFO  server.RaftServerConfigKeys (ConfUtils.java:logGet(43)) - raft.server.log.purge.gap = 1000000 (custom)
2019-10-09 23:57:16,109 [pool-227-thread-1] INFO  server.RaftServerConfigKeys (ConfUtils.java:logGet(43)) - raft.server.log.queue.byte-limit = 2147483647 (custom)
2019-10-09 23:57:16,109 [pool-267-thread-1] INFO  server.RaftServerConfigKeys (ConfUtils.java:logGet(43)) - raft.server.log.appender.buffer.byte-limit = 33554432 (custom)
2019-10-09 23:57:16,109 [pool-227-thread-1] INFO  server.RaftServerConfigKeys (ConfUtils.java:logGet(43)) - raft.server.log.queue.element-limit = 1024 (custom)
2019-10-09 23:57:16,109 [pool-217-thread-1] INFO  server.RaftServerConfigKeys (ConfUtils.java:logGet(43)) - raft.server.log.appender.buffer.byte-limit = 33554432 (custom)
2019-10-09 23:57:16,109 [pool-227-thread-1] INFO  server.RaftServerConfigKeys (ConfUtils.java:logGet(43)) - raft.server.log.segment.size.max = 1048576 (custom)
2019-10-09 23:57:16,109 [pool-267-thread-1] INFO  server.RaftServerConfigKeys (ConfUtils.java:logGet(43)) - raft.server.log.segment.size.max = 1048576 (custom)
2019-10-09 23:57:16,110 [pool-227-thread-1] INFO  server.RaftServerConfigKeys (ConfUtils.java:logGet(43)) - raft.server.log.preallocated.size = 16384 (custom)
2019-10-09 23:57:16,110 [pool-217-thread-1] INFO  server.RaftServerConfigKeys (ConfUtils.java:logGet(43)) - raft.server.log.segment.size.max = 1048576 (custom)
2019-10-09 23:57:16,110 [pool-227-thread-1] INFO  server.RaftServerConfigKeys (ConfUtils.java:logGet(43)) - raft.server.log.write.buffer.size = 33554432 (custom)
2019-10-09 23:57:16,110 [pool-267-thread-1] INFO  server.RaftServerConfigKeys (ConfUtils.java:logGet(43)) - raft.server.log.segment.cache.num.max = 2 (custom)
2019-10-09 23:57:16,110 [pool-227-thread-1] INFO  server.RaftServerConfigKeys (ConfUtils.java:logGet(43)) - raft.server.log.force.sync.num = 128 (default)
2019-10-09 23:57:16,110 [pool-217-thread-1] INFO  server.RaftServerConfigKeys (ConfUtils.java:logGet(43)) - raft.server.log.segment.cache.num.max = 2 (custom)
2019-10-09 23:57:16,110 [pool-227-thread-1] INFO  server.RaftServerConfigKeys (ConfUtils.java:logGet(43)) - raft.server.log.statemachine.data.sync = true (default)
2019-10-09 23:57:16,110 [pool-267-thread-1] INFO  segmented.SegmentedRaftLogWorker (SegmentedRaftLogWorker.java:<init>(173)) - new e0a2bbc5-e1f3-429a-8b57-8ad53d3fcfcf@group-C934F1EEB7D0-SegmentedRaftLogWorker for RaftStorage:Storage Directory /workdir/hadoop-ozone/integration-test/target/test-dir/MiniOzoneClusterImpl-f2beb584-d50b-4d1b-9113-e73b8a8f1d7e/datanode-6/data/ratis/3045e3a5-d20f-4633-9a30-c934f1eeb7d0
2019-10-09 23:57:16,111 [pool-227-thread-1] INFO  server.RaftServerConfigKeys (ConfUtils.java:logGet(43)) - raft.server.log.statemachine.data.sync.timeout = 10s (default)
2019-10-09 23:57:16,110 [pool-217-thread-1] INFO  segmented.SegmentedRaftLogWorker (SegmentedRaftLogWorker.java:<init>(173)) - new d1b2fdb4-2a3c-478d-9f55-2a69fc770f7f@group-C934F1EEB7D0-SegmentedRaftLogWorker for RaftStorage:Storage Directory /workdir/hadoop-ozone/integration-test/target/test-dir/MiniOzoneClusterImpl-f2beb584-d50b-4d1b-9113-e73b8a8f1d7e/datanode-1/data/ratis/3045e3a5-d20f-4633-9a30-c934f1eeb7d0
2019-10-09 23:57:16,111 [pool-227-thread-1] INFO  server.RaftServerConfigKeys (ConfUtils.java:logGet(43)) - raft.server.log.statemachine.data.sync.timeout.retry = -1 (default)
2019-10-09 23:57:16,111 [pool-267-thread-1] INFO  server.RaftServerConfigKeys (ConfUtils.java:logGet(43)) - raft.server.log.queue.byte-limit = 2147483647 (custom)
2019-10-09 23:57:16,111 [pool-227-thread-1] INFO  server.RaftServerConfigKeys (ConfUtils.java:logGet(43)) - raft.server.log.statemachine.data.caching.enabled = true (custom)
2019-10-09 23:57:16,111 [pool-217-thread-1] INFO  server.RaftServerConfigKeys (ConfUtils.java:logGet(43)) - raft.server.log.queue.byte-limit = 2147483647 (custom)
2019-10-09 23:57:16,111 [pool-267-thread-1] INFO  server.RaftServerConfigKeys (ConfUtils.java:logGet(43)) - raft.server.log.queue.element-limit = 1024 (custom)
2019-10-09 23:57:16,111 [pool-217-thread-1] INFO  server.RaftServerConfigKeys (ConfUtils.java:logGet(43)) - raft.server.log.queue.element-limit = 1024 (custom)
2019-10-09 23:57:16,111 [pool-267-thread-1] INFO  server.RaftServerConfigKeys (ConfUtils.java:logGet(43)) - raft.server.log.segment.size.max = 1048576 (custom)
2019-10-09 23:57:16,111 [pool-227-thread-1] INFO  segmented.SegmentedRaftLogWorker (SegmentedRaftLogWorker.java:lambda$new$0(128)) - 7efd9bf7-a6c0-4f93-9bd9-a1d7634c727c@group-C934F1EEB7D0-SegmentedRaftLogWorker: flushIndex: setUnconditionally 0 -> -1
2019-10-09 23:57:16,112 [pool-267-thread-1] INFO  server.RaftServerConfigKeys (ConfUtils.java:logGet(43)) - raft.server.log.preallocated.size = 16384 (custom)
2019-10-09 23:57:16,112 [pool-217-thread-1] INFO  server.RaftServerConfigKeys (ConfUtils.java:logGet(43)) - raft.server.log.segment.size.max = 1048576 (custom)
2019-10-09 23:57:16,112 [pool-227-thread-1] INFO  server.RaftServerConfigKeys (ConfUtils.java:logGet(43)) - raft.server.snapshot.auto.trigger.enabled = true (custom)
2019-10-09 23:57:16,112 [pool-267-thread-1] INFO  server.RaftServerConfigKeys (ConfUtils.java:logGet(43)) - raft.server.log.write.buffer.size = 33554432 (custom)
2019-10-09 23:57:16,112 [pool-227-thread-1] INFO  server.RaftServerConfigKeys (ConfUtils.java:logGet(43)) - raft.server.snapshot.auto.trigger.threshold = 10000 (custom)
2019-10-09 23:57:16,112 [pool-217-thread-1] INFO  server.RaftServerConfigKeys (ConfUtils.java:logGet(43)) - raft.server.log.preallocated.size = 16384 (custom)
2019-10-09 23:57:16,112 [pool-227-thread-1] INFO  server.RaftServerConfigKeys (ConfUtils.java:logGet(43)) - raft.server.snapshot.retention.file.num = 5 (custom)
2019-10-09 23:57:16,112 [pool-267-thread-1] INFO  server.RaftServerConfigKeys (ConfUtils.java:logGet(43)) - raft.server.log.force.sync.num = 128 (default)
2019-10-09 23:57:16,112 [pool-227-thread-1] INFO  server.RaftServerConfigKeys (ConfUtils.java:logGet(43)) - raft.server.retrycache.expirytime = 600000ms (custom)
2019-10-09 23:57:16,112 [pool-217-thread-1] INFO  server.RaftServerConfigKeys (ConfUtils.java:logGet(43)) - raft.server.log.write.buffer.size = 33554432 (custom)
2019-10-09 23:57:16,112 [pool-267-thread-1] INFO  server.RaftServerConfigKeys (ConfUtils.java:logGet(43)) - raft.server.log.statemachine.data.sync = true (default)
2019-10-09 23:57:16,113 [pool-217-thread-1] INFO  server.RaftServerConfigKeys (ConfUtils.java:logGet(43)) - raft.server.log.force.sync.num = 128 (default)
2019-10-09 23:57:16,113 [pool-217-thread-1] INFO  server.RaftServerConfigKeys (ConfUtils.java:logGet(43)) - raft.server.log.statemachine.data.sync = true (default)
2019-10-09 23:57:16,113 [pool-217-thread-1] INFO  server.RaftServerConfigKeys (ConfUtils.java:logGet(43)) - raft.server.log.statemachine.data.sync.timeout = 10s (default)
2019-10-09 23:57:16,113 [pool-217-thread-1] INFO  server.RaftServerConfigKeys (ConfUtils.java:logGet(43)) - raft.server.log.statemachine.data.sync.timeout.retry = -1 (default)
2019-10-09 23:57:16,113 [pool-267-thread-1] INFO  server.RaftServerConfigKeys (ConfUtils.java:logGet(43)) - raft.server.log.statemachine.data.sync.timeout = 10s (default)
2019-10-09 23:57:16,113 [pool-217-thread-1] INFO  server.RaftServerConfigKeys (ConfUtils.java:logGet(43)) - raft.server.log.statemachine.data.caching.enabled = true (custom)
2019-10-09 23:57:16,113 [pool-267-thread-1] INFO  server.RaftServerConfigKeys (ConfUtils.java:logGet(43)) - raft.server.log.statemachine.data.sync.timeout.retry = -1 (default)
2019-10-09 23:57:16,114 [pool-217-thread-1] INFO  segmented.SegmentedRaftLogWorker (SegmentedRaftLogWorker.java:lambda$new$0(128)) - d1b2fdb4-2a3c-478d-9f55-2a69fc770f7f@group-C934F1EEB7D0-SegmentedRaftLogWorker: flushIndex: setUnconditionally 0 -> -1
2019-10-09 23:57:16,114 [pool-267-thread-1] INFO  server.RaftServerConfigKeys (ConfUtils.java:logGet(43)) - raft.server.log.statemachine.data.caching.enabled = true (custom)
2019-10-09 23:57:16,114 [pool-217-thread-1] INFO  server.RaftServerConfigKeys (ConfUtils.java:logGet(43)) - raft.server.snapshot.auto.trigger.enabled = true (custom)
2019-10-09 23:57:16,114 [pool-217-thread-1] INFO  server.RaftServerConfigKeys (ConfUtils.java:logGet(43)) - raft.server.snapshot.auto.trigger.threshold = 10000 (custom)
2019-10-09 23:57:16,114 [pool-267-thread-1] INFO  segmented.SegmentedRaftLogWorker (SegmentedRaftLogWorker.java:lambda$new$0(128)) - e0a2bbc5-e1f3-429a-8b57-8ad53d3fcfcf@group-C934F1EEB7D0-SegmentedRaftLogWorker: flushIndex: setUnconditionally 0 -> -1
2019-10-09 23:57:16,114 [pool-217-thread-1] INFO  server.RaftServerConfigKeys (ConfUtils.java:logGet(43)) - raft.server.snapshot.retention.file.num = 5 (custom)
2019-10-09 23:57:16,114 [pool-217-thread-1] INFO  server.RaftServerConfigKeys (ConfUtils.java:logGet(43)) - raft.server.retrycache.expirytime = 600000ms (custom)
2019-10-09 23:57:16,115 [pool-267-thread-1] INFO  server.RaftServerConfigKeys (ConfUtils.java:logGet(43)) - raft.server.snapshot.auto.trigger.enabled = true (custom)
2019-10-09 23:57:16,115 [pool-267-thread-1] INFO  server.RaftServerConfigKeys (ConfUtils.java:logGet(43)) - raft.server.snapshot.auto.trigger.threshold = 10000 (custom)
2019-10-09 23:57:16,115 [pool-267-thread-1] INFO  server.RaftServerConfigKeys (ConfUtils.java:logGet(43)) - raft.server.snapshot.retention.file.num = 5 (custom)
2019-10-09 23:57:16,115 [pool-227-thread-1] INFO  impl.RaftServerImpl (RaftServerImpl.java:start(181)) - 7efd9bf7-a6c0-4f93-9bd9-a1d7634c727c@group-C934F1EEB7D0: start as a follower, conf=-1: [7efd9bf7-a6c0-4f93-9bd9-a1d7634c727c:192.168.5.166:46122, d1b2fdb4-2a3c-478d-9f55-2a69fc770f7f:192.168.5.166:45660, e0a2bbc5-e1f3-429a-8b57-8ad53d3fcfcf:192.168.5.166:46584], old=null
2019-10-09 23:57:16,115 [pool-267-thread-1] INFO  server.RaftServerConfigKeys (ConfUtils.java:logGet(43)) - raft.server.retrycache.expirytime = 600000ms (custom)
2019-10-09 23:57:16,115 [pool-227-thread-1] INFO  impl.RaftServerImpl (RaftServerImpl.java:setRole(170)) - 7efd9bf7-a6c0-4f93-9bd9-a1d7634c727c@group-C934F1EEB7D0: changes role from      null to FOLLOWER at term 0 for startAsFollower
2019-10-09 23:57:16,115 [pool-227-thread-1] INFO  impl.RoleInfo (RoleInfo.java:updateAndGet(143)) - 7efd9bf7-a6c0-4f93-9bd9-a1d7634c727c: start FollowerState
2019-10-09 23:57:16,116 [pool-227-thread-1] INFO  util.JmxRegister (JmxRegister.java:tryRegister(44)) - Successfully registered JMX Bean with object name Ratis:service=RaftServer,group=group-C934F1EEB7D0,id=7efd9bf7-a6c0-4f93-9bd9-a1d7634c727c
2019-10-09 23:57:16,116 [pool-217-thread-1] INFO  impl.RaftServerImpl (RaftServerImpl.java:start(181)) - d1b2fdb4-2a3c-478d-9f55-2a69fc770f7f@group-C934F1EEB7D0: start as a follower, conf=-1: [7efd9bf7-a6c0-4f93-9bd9-a1d7634c727c:192.168.5.166:46122, d1b2fdb4-2a3c-478d-9f55-2a69fc770f7f:192.168.5.166:45660, e0a2bbc5-e1f3-429a-8b57-8ad53d3fcfcf:192.168.5.166:46584], old=null
2019-10-09 23:57:16,116 [pool-217-thread-1] INFO  impl.RaftServerImpl (RaftServerImpl.java:setRole(170)) - d1b2fdb4-2a3c-478d-9f55-2a69fc770f7f@group-C934F1EEB7D0: changes role from      null to FOLLOWER at term 0 for startAsFollower
2019-10-09 23:57:16,116 [pool-217-thread-1] INFO  impl.RoleInfo (RoleInfo.java:updateAndGet(143)) - d1b2fdb4-2a3c-478d-9f55-2a69fc770f7f: start FollowerState
2019-10-09 23:57:16,117 [pool-217-thread-1] INFO  util.JmxRegister (JmxRegister.java:tryRegister(44)) - Successfully registered JMX Bean with object name Ratis:service=RaftServer,group=group-C934F1EEB7D0,id=d1b2fdb4-2a3c-478d-9f55-2a69fc770f7f
2019-10-09 23:57:16,118 [pool-267-thread-1] INFO  impl.RaftServerImpl (RaftServerImpl.java:start(181)) - e0a2bbc5-e1f3-429a-8b57-8ad53d3fcfcf@group-C934F1EEB7D0: start as a follower, conf=-1: [7efd9bf7-a6c0-4f93-9bd9-a1d7634c727c:192.168.5.166:46122, d1b2fdb4-2a3c-478d-9f55-2a69fc770f7f:192.168.5.166:45660, e0a2bbc5-e1f3-429a-8b57-8ad53d3fcfcf:192.168.5.166:46584], old=null
2019-10-09 23:57:16,118 [pool-267-thread-1] INFO  impl.RaftServerImpl (RaftServerImpl.java:setRole(170)) - e0a2bbc5-e1f3-429a-8b57-8ad53d3fcfcf@group-C934F1EEB7D0: changes role from      null to FOLLOWER at term 0 for startAsFollower
2019-10-09 23:57:16,118 [pool-267-thread-1] INFO  impl.RoleInfo (RoleInfo.java:updateAndGet(143)) - e0a2bbc5-e1f3-429a-8b57-8ad53d3fcfcf: start FollowerState
2019-10-09 23:57:16,119 [pool-267-thread-1] INFO  util.JmxRegister (JmxRegister.java:tryRegister(44)) - Successfully registered JMX Bean with object name Ratis:service=RaftServer,group=group-C934F1EEB7D0,id=e0a2bbc5-e1f3-429a-8b57-8ad53d3fcfcf
2019-10-09 23:57:16,122 [RatisPipelineUtilsThread] INFO  pipeline.PipelineStateManager (PipelineStateManager.java:addPipeline(57)) - Created pipeline Pipeline[ Id: 3045e3a5-d20f-4633-9a30-c934f1eeb7d0, Nodes: d1b2fdb4-2a3c-478d-9f55-2a69fc770f7f{ip: 192.168.5.166, host: pr-hdds-1868-fg6nx-4263576025, networkLocation: /default-rack, certSerialId: null}7efd9bf7-a6c0-4f93-9bd9-a1d7634c727c{ip: 192.168.5.166, host: pr-hdds-1868-fg6nx-4263576025, networkLocation: /default-rack, certSerialId: null}e0a2bbc5-e1f3-429a-8b57-8ad53d3fcfcf{ip: 192.168.5.166, host: pr-hdds-1868-fg6nx-4263576025, networkLocation: /default-rack, certSerialId: null}, Type:RATIS, Factor:THREE, State:ALLOCATED]
2019-10-09 23:57:16,123 [Thread-1443] INFO  pipeline.PipelineStateManager (PipelineStateManager.java:finalizePipeline(123)) - Pipeline Pipeline[ Id: 27cf2396-7ea3-43c8-9c73-4369aa64257d, Nodes: f5a703b3-66a4-42d5-b4a4-337578d80bd8{ip: 192.168.5.166, host: pr-hdds-1868-fg6nx-4263576025, networkLocation: /default-rack, certSerialId: null}, Type:RATIS, Factor:ONE, State:CLOSED] moved to CLOSED state
2019-10-09 23:57:16,129 [grpc-default-executor-4] INFO  impl.RaftServerProxy (RaftServerProxy.java:remove(95)) - f5a703b3-66a4-42d5-b4a4-337578d80bd8: remove  FOLLOWER f5a703b3-66a4-42d5-b4a4-337578d80bd8@group-4369AA64257D:t0, leader=null, voted=null, raftlog=f5a703b3-66a4-42d5-b4a4-337578d80bd8@group-4369AA64257D-SegmentedRaftLog:OPENED:c-1,f-1,i0, conf=-1: [f5a703b3-66a4-42d5-b4a4-337578d80bd8:192.168.5.166:38085], old=null RUNNING
2019-10-09 23:57:16,131 [grpc-default-executor-4] INFO  impl.RaftServerImpl (RaftServerImpl.java:lambda$shutdown$3(247)) - f5a703b3-66a4-42d5-b4a4-337578d80bd8@group-4369AA64257D: shutdown
2019-10-09 23:57:16,131 [grpc-default-executor-4] INFO  util.JmxRegister (JmxRegister.java:unregister(73)) - Successfully un-registered JMX Bean with object name Ratis:service=RaftServer,group=group-4369AA64257D,id=f5a703b3-66a4-42d5-b4a4-337578d80bd8
2019-10-09 23:57:16,131 [grpc-default-executor-4] INFO  impl.RoleInfo (RoleInfo.java:shutdownFollowerState(121)) - f5a703b3-66a4-42d5-b4a4-337578d80bd8: shutdown FollowerState
2019-10-09 23:57:16,131 [grpc-default-executor-4] INFO  impl.StateMachineUpdater (StateMachineUpdater.java:stopAndJoin(136)) - f5a703b3-66a4-42d5-b4a4-337578d80bd8@group-4369AA64257D-StateMachineUpdater: set stopIndex = -1
2019-10-09 23:57:16,131 [Thread-1469] INFO  impl.FollowerState (FollowerState.java:run(117)) - f5a703b3-66a4-42d5-b4a4-337578d80bd8@group-4369AA64257D-FollowerState was interrupted: java.lang.InterruptedException: sleep interrupted
2019-10-09 23:57:16,131 [grpc-default-executor-4] INFO  impl.RaftServerImpl (ServerState.java:close(387)) - f5a703b3-66a4-42d5-b4a4-337578d80bd8@group-4369AA64257D: closes. applyIndex: -1
2019-10-09 23:57:16,132 [f5a703b3-66a4-42d5-b4a4-337578d80bd8@group-4369AA64257D-SegmentedRaftLogWorker] INFO  segmented.SegmentedRaftLogWorker (SegmentedRaftLogWorker.java:run(316)) - f5a703b3-66a4-42d5-b4a4-337578d80bd8@group-4369AA64257D-SegmentedRaftLogWorker was interrupted, exiting. There are 0 tasks remaining in the queue.
2019-10-09 23:57:16,132 [grpc-default-executor-4] INFO  segmented.SegmentedRaftLogWorker (SegmentedRaftLogWorker.java:close(224)) - f5a703b3-66a4-42d5-b4a4-337578d80bd8@group-4369AA64257D-SegmentedRaftLogWorker close()
2019-10-09 23:57:16,139 [Thread-1443] INFO  pipeline.PipelineStateManager (PipelineStateManager.java:removePipeline(108)) - Pipeline Pipeline[ Id: 27cf2396-7ea3-43c8-9c73-4369aa64257d, Nodes: f5a703b3-66a4-42d5-b4a4-337578d80bd8{ip: 192.168.5.166, host: pr-hdds-1868-fg6nx-4263576025, networkLocation: /default-rack, certSerialId: null}, Type:RATIS, Factor:ONE, State:CLOSED] removed from db
2019-10-09 23:57:16,139 [Thread-1443] INFO  pipeline.SCMPipelineManager (SCMPipelineManager.java:finalizeAndDestroyPipeline(315)) - destroying pipeline:Pipeline[ Id: ce096fbe-f4dc-4b7f-89ee-8a10238446cf, Nodes: e0a2bbc5-e1f3-429a-8b57-8ad53d3fcfcf{ip: 192.168.5.166, host: pr-hdds-1868-fg6nx-4263576025, networkLocation: /default-rack, certSerialId: null}, Type:RATIS, Factor:ONE, State:ALLOCATED]
2019-10-09 23:57:16,143 [grpc-default-executor-4] INFO  impl.RaftServerProxy (RaftServerProxy.java:addNew(89)) - f5a703b3-66a4-42d5-b4a4-337578d80bd8: addNew group-8E0FC6D75688:[f5a703b3-66a4-42d5-b4a4-337578d80bd8:192.168.5.166:38085] returns group-8E0FC6D75688:java.util.concurrent.CompletableFuture@6b40ac0d[Not completed]
2019-10-09 23:57:16,144 [pool-257-thread-1] INFO  impl.RaftServerImpl (RaftServerImpl.java:<init>(95)) - f5a703b3-66a4-42d5-b4a4-337578d80bd8: new RaftServerImpl for group-8E0FC6D75688:[f5a703b3-66a4-42d5-b4a4-337578d80bd8:192.168.5.166:38085] with ContainerStateMachine:uninitialized
2019-10-09 23:57:16,144 [pool-257-thread-1] INFO  server.RaftServerConfigKeys (ConfUtils.java:logGet(43)) - raft.server.rpc.timeout.min = 5s (custom)
2019-10-09 23:57:16,144 [pool-257-thread-1] INFO  server.RaftServerConfigKeys (ConfUtils.java:logGet(43)) - raft.server.rpc.timeout.max = 5200ms (custom)
2019-10-09 23:57:16,144 [pool-257-thread-1] INFO  server.RaftServerConfigKeys (ConfUtils.java:logGet(43)) - raft.server.rpcslowness.timeout = 120s (custom)
2019-10-09 23:57:16,144 [pool-257-thread-1] INFO  server.RaftServerConfigKeys (ConfUtils.java:logGet(43)) - raft.server.sleep.deviation.threshold = 300 (default)
2019-10-09 23:57:16,144 [pool-257-thread-1] INFO  server.RaftServerConfigKeys (ConfUtils.java:logGet(43)) - raft.server.log.appender.install.snapshot.enabled = false (custom)
2019-10-09 23:57:16,144 [pool-257-thread-1] INFO  impl.RaftServerImpl (ServerState.java:<init>(103)) - f5a703b3-66a4-42d5-b4a4-337578d80bd8@group-8E0FC6D75688: ConfigurationManager, init=-1: [f5a703b3-66a4-42d5-b4a4-337578d80bd8:192.168.5.166:38085], old=null, confs=<EMPTY_MAP>
2019-10-09 23:57:16,144 [pool-257-thread-1] INFO  server.RaftServerConfigKeys (ConfUtils.java:logGet(43)) - raft.server.storage.dir = [/workdir/hadoop-ozone/integration-test/target/test-dir/MiniOzoneClusterImpl-f2beb584-d50b-4d1b-9113-e73b8a8f1d7e/datanode-5/data/ratis] (custom)
2019-10-09 23:57:16,145 [pool-257-thread-1] INFO  server.RaftServerConfigKeys (ConfUtils.java:logGet(43)) - raft.server.log.corruption.policy = EXCEPTION (default)
2019-10-09 23:57:16,145 [pool-257-thread-1] INFO  storage.RaftStorageDirectory (RaftStorageDirectory.java:analyzeStorage(246)) - The storage directory /workdir/hadoop-ozone/integration-test/target/test-dir/MiniOzoneClusterImpl-f2beb584-d50b-4d1b-9113-e73b8a8f1d7e/datanode-5/data/ratis/769d3c09-4962-455d-a83d-8e0fc6d75688 does not exist. Creating ...
2019-10-09 23:57:16,157 [pool-257-thread-1] INFO  storage.RaftStorageDirectory (RaftStorageDirectory.java:tryLock(328)) - Lock on /workdir/hadoop-ozone/integration-test/target/test-dir/MiniOzoneClusterImpl-f2beb584-d50b-4d1b-9113-e73b8a8f1d7e/datanode-5/data/ratis/769d3c09-4962-455d-a83d-8e0fc6d75688/in_use.lock acquired by nodename 25084@pr-hdds-1868-fg6nx-4263576025
2019-10-09 23:57:16,178 [pool-257-thread-1] INFO  storage.RaftStorage (RaftStorage.java:format(84)) - Storage directory /workdir/hadoop-ozone/integration-test/target/test-dir/MiniOzoneClusterImpl-f2beb584-d50b-4d1b-9113-e73b8a8f1d7e/datanode-5/data/ratis/769d3c09-4962-455d-a83d-8e0fc6d75688 has been successfully formatted.
2019-10-09 23:57:16,179 [pool-257-thread-1] INFO  ratis.ContainerStateMachine (ContainerStateMachine.java:loadSnapshot(233)) - group-8E0FC6D75688: The snapshot info is null. Setting the last applied indexto:(t:0, i:~)
2019-10-09 23:57:16,179 [pool-257-thread-1] INFO  server.RaftServerConfigKeys (ConfUtils.java:logGet(43)) - raft.server.notification.no-leader.timeout = 120s (custom)
2019-10-09 23:57:16,179 [pool-257-thread-1] INFO  server.RaftServerConfigKeys (ConfUtils.java:logGet(43)) - raft.server.log.use.memory = false (default)
2019-10-09 23:57:16,179 [pool-257-thread-1] INFO  server.RaftServerConfigKeys (ConfUtils.java:logGet(43)) - raft.server.log.purge.gap = 1000000 (custom)
2019-10-09 23:57:16,179 [pool-257-thread-1] INFO  server.RaftServerConfigKeys (ConfUtils.java:logGet(43)) - raft.server.log.appender.buffer.byte-limit = 33554432 (custom)
2019-10-09 23:57:16,179 [pool-257-thread-1] INFO  server.RaftServerConfigKeys (ConfUtils.java:logGet(43)) - raft.server.log.segment.size.max = 1048576 (custom)
2019-10-09 23:57:16,179 [pool-257-thread-1] INFO  server.RaftServerConfigKeys (ConfUtils.java:logGet(43)) - raft.server.log.segment.cache.num.max = 2 (custom)
2019-10-09 23:57:16,179 [pool-257-thread-1] INFO  segmented.SegmentedRaftLogWorker (SegmentedRaftLogWorker.java:<init>(173)) - new f5a703b3-66a4-42d5-b4a4-337578d80bd8@group-8E0FC6D75688-SegmentedRaftLogWorker for RaftStorage:Storage Directory /workdir/hadoop-ozone/integration-test/target/test-dir/MiniOzoneClusterImpl-f2beb584-d50b-4d1b-9113-e73b8a8f1d7e/datanode-5/data/ratis/769d3c09-4962-455d-a83d-8e0fc6d75688
2019-10-09 23:57:16,179 [pool-257-thread-1] INFO  server.RaftServerConfigKeys (ConfUtils.java:logGet(43)) - raft.server.log.queue.byte-limit = 2147483647 (custom)
2019-10-09 23:57:16,180 [pool-257-thread-1] INFO  server.RaftServerConfigKeys (ConfUtils.java:logGet(43)) - raft.server.log.queue.element-limit = 1024 (custom)
2019-10-09 23:57:16,180 [pool-257-thread-1] INFO  server.RaftServerConfigKeys (ConfUtils.java:logGet(43)) - raft.server.log.segment.size.max = 1048576 (custom)
2019-10-09 23:57:16,180 [pool-257-thread-1] INFO  server.RaftServerConfigKeys (ConfUtils.java:logGet(43)) - raft.server.log.preallocated.size = 16384 (custom)
2019-10-09 23:57:16,180 [pool-257-thread-1] INFO  server.RaftServerConfigKeys (ConfUtils.java:logGet(43)) - raft.server.log.write.buffer.size = 33554432 (custom)
2019-10-09 23:57:16,180 [pool-257-thread-1] INFO  server.RaftServerConfigKeys (ConfUtils.java:logGet(43)) - raft.server.log.force.sync.num = 128 (default)
2019-10-09 23:57:16,180 [pool-257-thread-1] INFO  server.RaftServerConfigKeys (ConfUtils.java:logGet(43)) - raft.server.log.statemachine.data.sync = true (default)
2019-10-09 23:57:16,180 [pool-257-thread-1] INFO  server.RaftServerConfigKeys (ConfUtils.java:logGet(43)) - raft.server.log.statemachine.data.sync.timeout = 10s (default)
2019-10-09 23:57:16,180 [pool-257-thread-1] INFO  server.RaftServerConfigKeys (ConfUtils.java:logGet(43)) - raft.server.log.statemachine.data.sync.timeout.retry = -1 (default)
2019-10-09 23:57:16,180 [pool-257-thread-1] INFO  server.RaftServerConfigKeys (ConfUtils.java:logGet(43)) - raft.server.log.statemachine.data.caching.enabled = true (custom)
2019-10-09 23:57:16,180 [pool-257-thread-1] INFO  segmented.SegmentedRaftLogWorker (SegmentedRaftLogWorker.java:lambda$new$0(128)) - f5a703b3-66a4-42d5-b4a4-337578d80bd8@group-8E0FC6D75688-SegmentedRaftLogWorker: flushIndex: setUnconditionally 0 -> -1
2019-10-09 23:57:16,181 [pool-257-thread-1] INFO  server.RaftServerConfigKeys (ConfUtils.java:logGet(43)) - raft.server.snapshot.auto.trigger.enabled = true (custom)
2019-10-09 23:57:16,181 [pool-257-thread-1] INFO  server.RaftServerConfigKeys (ConfUtils.java:logGet(43)) - raft.server.snapshot.auto.trigger.threshold = 10000 (custom)
2019-10-09 23:57:16,181 [pool-257-thread-1] INFO  server.RaftServerConfigKeys (ConfUtils.java:logGet(43)) - raft.server.snapshot.retention.file.num = 5 (custom)
2019-10-09 23:57:16,181 [pool-257-thread-1] INFO  server.RaftServerConfigKeys (ConfUtils.java:logGet(43)) - raft.server.retrycache.expirytime = 600000ms (custom)
2019-10-09 23:57:16,183 [pool-257-thread-1] INFO  impl.RaftServerImpl (RaftServerImpl.java:start(181)) - f5a703b3-66a4-42d5-b4a4-337578d80bd8@group-8E0FC6D75688: start as a follower, conf=-1: [f5a703b3-66a4-42d5-b4a4-337578d80bd8:192.168.5.166:38085], old=null
2019-10-09 23:57:16,183 [pool-257-thread-1] INFO  impl.RaftServerImpl (RaftServerImpl.java:setRole(170)) - f5a703b3-66a4-42d5-b4a4-337578d80bd8@group-8E0FC6D75688: changes role from      null to FOLLOWER at term 0 for startAsFollower
2019-10-09 23:57:16,183 [pool-257-thread-1] INFO  impl.RoleInfo (RoleInfo.java:updateAndGet(143)) - f5a703b3-66a4-42d5-b4a4-337578d80bd8: start FollowerState
2019-10-09 23:57:16,183 [pool-257-thread-1] INFO  util.JmxRegister (JmxRegister.java:tryRegister(44)) - Successfully registered JMX Bean with object name Ratis:service=RaftServer,group=group-8E0FC6D75688,id=f5a703b3-66a4-42d5-b4a4-337578d80bd8
2019-10-09 23:57:16,187 [RatisPipelineUtilsThread] INFO  pipeline.PipelineStateManager (PipelineStateManager.java:addPipeline(57)) - Created pipeline Pipeline[ Id: 769d3c09-4962-455d-a83d-8e0fc6d75688, Nodes: f5a703b3-66a4-42d5-b4a4-337578d80bd8{ip: 192.168.5.166, host: pr-hdds-1868-fg6nx-4263576025, networkLocation: /default-rack, certSerialId: null}, Type:RATIS, Factor:ONE, State:ALLOCATED]
2019-10-09 23:57:16,187 [Thread-1443] INFO  pipeline.PipelineStateManager (PipelineStateManager.java:finalizePipeline(123)) - Pipeline Pipeline[ Id: ce096fbe-f4dc-4b7f-89ee-8a10238446cf, Nodes: e0a2bbc5-e1f3-429a-8b57-8ad53d3fcfcf{ip: 192.168.5.166, host: pr-hdds-1868-fg6nx-4263576025, networkLocation: /default-rack, certSerialId: null}, Type:RATIS, Factor:ONE, State:CLOSED] moved to CLOSED state
2019-10-09 23:57:16,198 [grpc-default-executor-4] INFO  impl.RaftServerProxy (RaftServerProxy.java:remove(95)) - e0a2bbc5-e1f3-429a-8b57-8ad53d3fcfcf: remove  FOLLOWER e0a2bbc5-e1f3-429a-8b57-8ad53d3fcfcf@group-8A10238446CF:t0, leader=null, voted=null, raftlog=e0a2bbc5-e1f3-429a-8b57-8ad53d3fcfcf@group-8A10238446CF-SegmentedRaftLog:OPENED:c-1,f-1,i0, conf=-1: [e0a2bbc5-e1f3-429a-8b57-8ad53d3fcfcf:192.168.5.166:46584], old=null RUNNING
2019-10-09 23:57:16,198 [grpc-default-executor-4] INFO  impl.RaftServerImpl (RaftServerImpl.java:lambda$shutdown$3(247)) - e0a2bbc5-e1f3-429a-8b57-8ad53d3fcfcf@group-8A10238446CF: shutdown
2019-10-09 23:57:16,198 [grpc-default-executor-4] INFO  util.JmxRegister (JmxRegister.java:unregister(73)) - Successfully un-registered JMX Bean with object name Ratis:service=RaftServer,group=group-8A10238446CF,id=e0a2bbc5-e1f3-429a-8b57-8ad53d3fcfcf
2019-10-09 23:57:16,198 [grpc-default-executor-4] INFO  impl.RoleInfo (RoleInfo.java:shutdownFollowerState(121)) - e0a2bbc5-e1f3-429a-8b57-8ad53d3fcfcf: shutdown FollowerState
2019-10-09 23:57:16,199 [grpc-default-executor-4] INFO  impl.StateMachineUpdater (StateMachineUpdater.java:stopAndJoin(136)) - e0a2bbc5-e1f3-429a-8b57-8ad53d3fcfcf@group-8A10238446CF-StateMachineUpdater: set stopIndex = -1
2019-10-09 23:57:16,199 [grpc-default-executor-4] INFO  impl.RaftServerImpl (ServerState.java:close(387)) - e0a2bbc5-e1f3-429a-8b57-8ad53d3fcfcf@group-8A10238446CF: closes. applyIndex: -1
2019-10-09 23:57:16,199 [Thread-1472] INFO  impl.FollowerState (FollowerState.java:run(117)) - e0a2bbc5-e1f3-429a-8b57-8ad53d3fcfcf@group-8A10238446CF-FollowerState was interrupted: java.lang.InterruptedException: sleep interrupted
2019-10-09 23:57:16,199 [e0a2bbc5-e1f3-429a-8b57-8ad53d3fcfcf@group-8A10238446CF-SegmentedRaftLogWorker] INFO  segmented.SegmentedRaftLogWorker (SegmentedRaftLogWorker.java:run(316)) - e0a2bbc5-e1f3-429a-8b57-8ad53d3fcfcf@group-8A10238446CF-SegmentedRaftLogWorker was interrupted, exiting. There are 0 tasks remaining in the queue.
2019-10-09 23:57:16,199 [grpc-default-executor-4] INFO  segmented.SegmentedRaftLogWorker (SegmentedRaftLogWorker.java:close(224)) - e0a2bbc5-e1f3-429a-8b57-8ad53d3fcfcf@group-8A10238446CF-SegmentedRaftLogWorker close()
2019-10-09 23:57:16,207 [Thread-1443] INFO  pipeline.PipelineStateManager (PipelineStateManager.java:removePipeline(108)) - Pipeline Pipeline[ Id: ce096fbe-f4dc-4b7f-89ee-8a10238446cf, Nodes: e0a2bbc5-e1f3-429a-8b57-8ad53d3fcfcf{ip: 192.168.5.166, host: pr-hdds-1868-fg6nx-4263576025, networkLocation: /default-rack, certSerialId: null}, Type:RATIS, Factor:ONE, State:CLOSED] removed from db
2019-10-09 23:57:16,207 [Thread-1443] INFO  pipeline.SCMPipelineManager (SCMPipelineManager.java:finalizeAndDestroyPipeline(315)) - destroying pipeline:Pipeline[ Id: f5916372-7b38-43d4-ba71-fe3564c68c59, Nodes: d1b2fdb4-2a3c-478d-9f55-2a69fc770f7f{ip: 192.168.5.166, host: pr-hdds-1868-fg6nx-4263576025, networkLocation: /default-rack, certSerialId: null}, Type:RATIS, Factor:ONE, State:ALLOCATED]
2019-10-09 23:57:16,211 [grpc-default-executor-4] INFO  impl.RaftServerProxy (RaftServerProxy.java:addNew(89)) - e0a2bbc5-e1f3-429a-8b57-8ad53d3fcfcf: addNew group-546FD5580585:[e0a2bbc5-e1f3-429a-8b57-8ad53d3fcfcf:192.168.5.166:46584] returns group-546FD5580585:java.util.concurrent.CompletableFuture@5bd76ae5[Not completed]
2019-10-09 23:57:16,212 [pool-267-thread-1] INFO  impl.RaftServerImpl (RaftServerImpl.java:<init>(95)) - e0a2bbc5-e1f3-429a-8b57-8ad53d3fcfcf: new RaftServerImpl for group-546FD5580585:[e0a2bbc5-e1f3-429a-8b57-8ad53d3fcfcf:192.168.5.166:46584] with ContainerStateMachine:uninitialized
2019-10-09 23:57:16,212 [pool-267-thread-1] INFO  server.RaftServerConfigKeys (ConfUtils.java:logGet(43)) - raft.server.rpc.timeout.min = 5s (custom)
2019-10-09 23:57:16,213 [pool-267-thread-1] INFO  server.RaftServerConfigKeys (ConfUtils.java:logGet(43)) - raft.server.rpc.timeout.max = 5200ms (custom)
2019-10-09 23:57:16,213 [pool-267-thread-1] INFO  server.RaftServerConfigKeys (ConfUtils.java:logGet(43)) - raft.server.rpcslowness.timeout = 120s (custom)
2019-10-09 23:57:16,213 [pool-267-thread-1] INFO  server.RaftServerConfigKeys (ConfUtils.java:logGet(43)) - raft.server.sleep.deviation.threshold = 300 (default)
2019-10-09 23:57:16,213 [pool-267-thread-1] INFO  server.RaftServerConfigKeys (ConfUtils.java:logGet(43)) - raft.server.log.appender.install.snapshot.enabled = false (custom)
2019-10-09 23:57:16,213 [pool-267-thread-1] INFO  impl.RaftServerImpl (ServerState.java:<init>(103)) - e0a2bbc5-e1f3-429a-8b57-8ad53d3fcfcf@group-546FD5580585: ConfigurationManager, init=-1: [e0a2bbc5-e1f3-429a-8b57-8ad53d3fcfcf:192.168.5.166:46584], old=null, confs=<EMPTY_MAP>
2019-10-09 23:57:16,213 [pool-267-thread-1] INFO  server.RaftServerConfigKeys (ConfUtils.java:logGet(43)) - raft.server.storage.dir = [/workdir/hadoop-ozone/integration-test/target/test-dir/MiniOzoneClusterImpl-f2beb584-d50b-4d1b-9113-e73b8a8f1d7e/datanode-6/data/ratis] (custom)
2019-10-09 23:57:16,213 [pool-267-thread-1] INFO  server.RaftServerConfigKeys (ConfUtils.java:logGet(43)) - raft.server.log.corruption.policy = EXCEPTION (default)
2019-10-09 23:57:16,213 [pool-267-thread-1] INFO  storage.RaftStorageDirectory (RaftStorageDirectory.java:analyzeStorage(246)) - The storage directory /workdir/hadoop-ozone/integration-test/target/test-dir/MiniOzoneClusterImpl-f2beb584-d50b-4d1b-9113-e73b8a8f1d7e/datanode-6/data/ratis/e927367a-c6fc-452c-a1c5-546fd5580585 does not exist. Creating ...
2019-10-09 23:57:16,226 [pool-267-thread-1] INFO  storage.RaftStorageDirectory (RaftStorageDirectory.java:tryLock(328)) - Lock on /workdir/hadoop-ozone/integration-test/target/test-dir/MiniOzoneClusterImpl-f2beb584-d50b-4d1b-9113-e73b8a8f1d7e/datanode-6/data/ratis/e927367a-c6fc-452c-a1c5-546fd5580585/in_use.lock acquired by nodename 25084@pr-hdds-1868-fg6nx-4263576025
2019-10-09 23:57:16,239 [pool-267-thread-1] INFO  storage.RaftStorage (RaftStorage.java:format(84)) - Storage directory /workdir/hadoop-ozone/integration-test/target/test-dir/MiniOzoneClusterImpl-f2beb584-d50b-4d1b-9113-e73b8a8f1d7e/datanode-6/data/ratis/e927367a-c6fc-452c-a1c5-546fd5580585 has been successfully formatted.
2019-10-09 23:57:16,240 [pool-267-thread-1] INFO  ratis.ContainerStateMachine (ContainerStateMachine.java:loadSnapshot(233)) - group-546FD5580585: The snapshot info is null. Setting the last applied indexto:(t:0, i:~)
2019-10-09 23:57:16,240 [pool-267-thread-1] INFO  server.RaftServerConfigKeys (ConfUtils.java:logGet(43)) - raft.server.notification.no-leader.timeout = 120s (custom)
2019-10-09 23:57:16,240 [pool-267-thread-1] INFO  server.RaftServerConfigKeys (ConfUtils.java:logGet(43)) - raft.server.log.use.memory = false (default)
2019-10-09 23:57:16,240 [pool-267-thread-1] INFO  server.RaftServerConfigKeys (ConfUtils.java:logGet(43)) - raft.server.log.purge.gap = 1000000 (custom)
2019-10-09 23:57:16,240 [pool-267-thread-1] INFO  server.RaftServerConfigKeys (ConfUtils.java:logGet(43)) - raft.server.log.appender.buffer.byte-limit = 33554432 (custom)
2019-10-09 23:57:16,240 [pool-267-thread-1] INFO  server.RaftServerConfigKeys (ConfUtils.java:logGet(43)) - raft.server.log.segment.size.max = 1048576 (custom)
2019-10-09 23:57:16,240 [pool-267-thread-1] INFO  server.RaftServerConfigKeys (ConfUtils.java:logGet(43)) - raft.server.log.segment.cache.num.max = 2 (custom)
2019-10-09 23:57:16,240 [pool-267-thread-1] INFO  segmented.SegmentedRaftLogWorker (SegmentedRaftLogWorker.java:<init>(173)) - new e0a2bbc5-e1f3-429a-8b57-8ad53d3fcfcf@group-546FD5580585-SegmentedRaftLogWorker for RaftStorage:Storage Directory /workdir/hadoop-ozone/integration-test/target/test-dir/MiniOzoneClusterImpl-f2beb584-d50b-4d1b-9113-e73b8a8f1d7e/datanode-6/data/ratis/e927367a-c6fc-452c-a1c5-546fd5580585
2019-10-09 23:57:16,240 [pool-267-thread-1] INFO  server.RaftServerConfigKeys (ConfUtils.java:logGet(43)) - raft.server.log.queue.byte-limit = 2147483647 (custom)
2019-10-09 23:57:16,241 [pool-267-thread-1] INFO  server.RaftServerConfigKeys (ConfUtils.java:logGet(43)) - raft.server.log.queue.element-limit = 1024 (custom)
2019-10-09 23:57:16,241 [pool-267-thread-1] INFO  server.RaftServerConfigKeys (ConfUtils.java:logGet(43)) - raft.server.log.segment.size.max = 1048576 (custom)
2019-10-09 23:57:16,241 [pool-267-thread-1] INFO  server.RaftServerConfigKeys (ConfUtils.java:logGet(43)) - raft.server.log.preallocated.size = 16384 (custom)
2019-10-09 23:57:16,241 [pool-267-thread-1] INFO  server.RaftServerConfigKeys (ConfUtils.java:logGet(43)) - raft.server.log.write.buffer.size = 33554432 (custom)
2019-10-09 23:57:16,241 [pool-267-thread-1] INFO  server.RaftServerConfigKeys (ConfUtils.java:logGet(43)) - raft.server.log.force.sync.num = 128 (default)
2019-10-09 23:57:16,241 [pool-267-thread-1] INFO  server.RaftServerConfigKeys (ConfUtils.java:logGet(43)) - raft.server.log.statemachine.data.sync = true (default)
2019-10-09 23:57:16,241 [pool-267-thread-1] INFO  server.RaftServerConfigKeys (ConfUtils.java:logGet(43)) - raft.server.log.statemachine.data.sync.timeout = 10s (default)
2019-10-09 23:57:16,241 [pool-267-thread-1] INFO  server.RaftServerConfigKeys (ConfUtils.java:logGet(43)) - raft.server.log.statemachine.data.sync.timeout.retry = -1 (default)
2019-10-09 23:57:16,241 [pool-267-thread-1] INFO  server.RaftServerConfigKeys (ConfUtils.java:logGet(43)) - raft.server.log.statemachine.data.caching.enabled = true (custom)
2019-10-09 23:57:16,242 [pool-267-thread-1] INFO  segmented.SegmentedRaftLogWorker (SegmentedRaftLogWorker.java:lambda$new$0(128)) - e0a2bbc5-e1f3-429a-8b57-8ad53d3fcfcf@group-546FD5580585-SegmentedRaftLogWorker: flushIndex: setUnconditionally 0 -> -1
2019-10-09 23:57:16,242 [pool-267-thread-1] INFO  server.RaftServerConfigKeys (ConfUtils.java:logGet(43)) - raft.server.snapshot.auto.trigger.enabled = true (custom)
2019-10-09 23:57:16,242 [pool-267-thread-1] INFO  server.RaftServerConfigKeys (ConfUtils.java:logGet(43)) - raft.server.snapshot.auto.trigger.threshold = 10000 (custom)
2019-10-09 23:57:16,242 [pool-267-thread-1] INFO  server.RaftServerConfigKeys (ConfUtils.java:logGet(43)) - raft.server.snapshot.retention.file.num = 5 (custom)
2019-10-09 23:57:16,242 [pool-267-thread-1] INFO  server.RaftServerConfigKeys (ConfUtils.java:logGet(43)) - raft.server.retrycache.expirytime = 600000ms (custom)
2019-10-09 23:57:16,244 [pool-267-thread-1] INFO  impl.RaftServerImpl (RaftServerImpl.java:start(181)) - e0a2bbc5-e1f3-429a-8b57-8ad53d3fcfcf@group-546FD5580585: start as a follower, conf=-1: [e0a2bbc5-e1f3-429a-8b57-8ad53d3fcfcf:192.168.5.166:46584], old=null
2019-10-09 23:57:16,244 [pool-267-thread-1] INFO  impl.RaftServerImpl (RaftServerImpl.java:setRole(170)) - e0a2bbc5-e1f3-429a-8b57-8ad53d3fcfcf@group-546FD5580585: changes role from      null to FOLLOWER at term 0 for startAsFollower
2019-10-09 23:57:16,244 [pool-267-thread-1] INFO  impl.RoleInfo (RoleInfo.java:updateAndGet(143)) - e0a2bbc5-e1f3-429a-8b57-8ad53d3fcfcf: start FollowerState
2019-10-09 23:57:16,244 [pool-267-thread-1] INFO  util.JmxRegister (JmxRegister.java:tryRegister(44)) - Successfully registered JMX Bean with object name Ratis:service=RaftServer,group=group-546FD5580585,id=e0a2bbc5-e1f3-429a-8b57-8ad53d3fcfcf
2019-10-09 23:57:16,247 [RatisPipelineUtilsThread] INFO  pipeline.PipelineStateManager (PipelineStateManager.java:addPipeline(57)) - Created pipeline Pipeline[ Id: e927367a-c6fc-452c-a1c5-546fd5580585, Nodes: e0a2bbc5-e1f3-429a-8b57-8ad53d3fcfcf{ip: 192.168.5.166, host: pr-hdds-1868-fg6nx-4263576025, networkLocation: /default-rack, certSerialId: null}, Type:RATIS, Factor:ONE, State:ALLOCATED]
2019-10-09 23:57:16,248 [Thread-1443] INFO  pipeline.PipelineStateManager (PipelineStateManager.java:finalizePipeline(123)) - Pipeline Pipeline[ Id: f5916372-7b38-43d4-ba71-fe3564c68c59, Nodes: d1b2fdb4-2a3c-478d-9f55-2a69fc770f7f{ip: 192.168.5.166, host: pr-hdds-1868-fg6nx-4263576025, networkLocation: /default-rack, certSerialId: null}, Type:RATIS, Factor:ONE, State:CLOSED] moved to CLOSED state
2019-10-09 23:57:16,253 [grpc-default-executor-4] INFO  impl.RaftServerProxy (RaftServerProxy.java:remove(95)) - d1b2fdb4-2a3c-478d-9f55-2a69fc770f7f: remove  FOLLOWER d1b2fdb4-2a3c-478d-9f55-2a69fc770f7f@group-FE3564C68C59:t0, leader=null, voted=null, raftlog=d1b2fdb4-2a3c-478d-9f55-2a69fc770f7f@group-FE3564C68C59-SegmentedRaftLog:OPENED:c-1,f-1,i0, conf=-1: [d1b2fdb4-2a3c-478d-9f55-2a69fc770f7f:192.168.5.166:45660], old=null RUNNING
2019-10-09 23:57:16,254 [grpc-default-executor-4] INFO  impl.RaftServerImpl (RaftServerImpl.java:lambda$shutdown$3(247)) - d1b2fdb4-2a3c-478d-9f55-2a69fc770f7f@group-FE3564C68C59: shutdown
2019-10-09 23:57:16,254 [grpc-default-executor-4] INFO  util.JmxRegister (JmxRegister.java:unregister(73)) - Successfully un-registered JMX Bean with object name Ratis:service=RaftServer,group=group-FE3564C68C59,id=d1b2fdb4-2a3c-478d-9f55-2a69fc770f7f
2019-10-09 23:57:16,254 [grpc-default-executor-4] INFO  impl.RoleInfo (RoleInfo.java:shutdownFollowerState(121)) - d1b2fdb4-2a3c-478d-9f55-2a69fc770f7f: shutdown FollowerState
2019-10-09 23:57:16,254 [grpc-default-executor-4] INFO  impl.StateMachineUpdater (StateMachineUpdater.java:stopAndJoin(136)) - d1b2fdb4-2a3c-478d-9f55-2a69fc770f7f@group-FE3564C68C59-StateMachineUpdater: set stopIndex = -1
2019-10-09 23:57:16,255 [Thread-1448] INFO  impl.FollowerState (FollowerState.java:run(117)) - d1b2fdb4-2a3c-478d-9f55-2a69fc770f7f@group-FE3564C68C59-FollowerState was interrupted: java.lang.InterruptedException: sleep interrupted
2019-10-09 23:57:16,255 [grpc-default-executor-4] INFO  impl.RaftServerImpl (ServerState.java:close(387)) - d1b2fdb4-2a3c-478d-9f55-2a69fc770f7f@group-FE3564C68C59: closes. applyIndex: -1
2019-10-09 23:57:16,255 [d1b2fdb4-2a3c-478d-9f55-2a69fc770f7f@group-FE3564C68C59-SegmentedRaftLogWorker] INFO  segmented.SegmentedRaftLogWorker (SegmentedRaftLogWorker.java:run(316)) - d1b2fdb4-2a3c-478d-9f55-2a69fc770f7f@group-FE3564C68C59-SegmentedRaftLogWorker was interrupted, exiting. There are 0 tasks remaining in the queue.
2019-10-09 23:57:16,255 [grpc-default-executor-4] INFO  segmented.SegmentedRaftLogWorker (SegmentedRaftLogWorker.java:close(224)) - d1b2fdb4-2a3c-478d-9f55-2a69fc770f7f@group-FE3564C68C59-SegmentedRaftLogWorker close()
2019-10-09 23:57:16,262 [Thread-1443] INFO  pipeline.PipelineStateManager (PipelineStateManager.java:removePipeline(108)) - Pipeline Pipeline[ Id: f5916372-7b38-43d4-ba71-fe3564c68c59, Nodes: d1b2fdb4-2a3c-478d-9f55-2a69fc770f7f{ip: 192.168.5.166, host: pr-hdds-1868-fg6nx-4263576025, networkLocation: /default-rack, certSerialId: null}, Type:RATIS, Factor:ONE, State:CLOSED] removed from db
2019-10-09 23:57:16,262 [Thread-1443] INFO  pipeline.SCMPipelineManager (SCMPipelineManager.java:finalizeAndDestroyPipeline(315)) - destroying pipeline:Pipeline[ Id: b1c05244-6b9f-46bf-81dc-d58dee6580e5, Nodes: 78e81a3b-a007-4b1e-9676-7d47e80789cd{ip: 192.168.5.166, host: pr-hdds-1868-fg6nx-4263576025, networkLocation: /default-rack, certSerialId: null}f5a703b3-66a4-42d5-b4a4-337578d80bd8{ip: 192.168.5.166, host: pr-hdds-1868-fg6nx-4263576025, networkLocation: /default-rack, certSerialId: null}70047afe-0910-4555-ade8-6ade5e62522e{ip: 192.168.5.166, host: pr-hdds-1868-fg6nx-4263576025, networkLocation: /default-rack, certSerialId: null}, Type:RATIS, Factor:THREE, State:ALLOCATED]
2019-10-09 23:57:16,266 [grpc-default-executor-4] INFO  impl.RaftServerProxy (RaftServerProxy.java:addNew(89)) - d1b2fdb4-2a3c-478d-9f55-2a69fc770f7f: addNew group-9773CDAA3BF0:[d1b2fdb4-2a3c-478d-9f55-2a69fc770f7f:192.168.5.166:45660] returns group-9773CDAA3BF0:java.util.concurrent.CompletableFuture@6ca2735[Not completed]
2019-10-09 23:57:16,267 [pool-217-thread-1] INFO  impl.RaftServerImpl (RaftServerImpl.java:<init>(95)) - d1b2fdb4-2a3c-478d-9f55-2a69fc770f7f: new RaftServerImpl for group-9773CDAA3BF0:[d1b2fdb4-2a3c-478d-9f55-2a69fc770f7f:192.168.5.166:45660] with ContainerStateMachine:uninitialized
2019-10-09 23:57:16,270 [pool-217-thread-1] INFO  server.RaftServerConfigKeys (ConfUtils.java:logGet(43)) - raft.server.rpc.timeout.min = 5s (custom)
2019-10-09 23:57:16,270 [pool-217-thread-1] INFO  server.RaftServerConfigKeys (ConfUtils.java:logGet(43)) - raft.server.rpc.timeout.max = 5200ms (custom)
2019-10-09 23:57:16,270 [pool-217-thread-1] INFO  server.RaftServerConfigKeys (ConfUtils.java:logGet(43)) - raft.server.rpcslowness.timeout = 120s (custom)
2019-10-09 23:57:16,270 [pool-217-thread-1] INFO  server.RaftServerConfigKeys (ConfUtils.java:logGet(43)) - raft.server.sleep.deviation.threshold = 300 (default)
2019-10-09 23:57:16,270 [pool-217-thread-1] INFO  server.RaftServerConfigKeys (ConfUtils.java:logGet(43)) - raft.server.log.appender.install.snapshot.enabled = false (custom)
2019-10-09 23:57:16,270 [pool-217-thread-1] INFO  impl.RaftServerImpl (ServerState.java:<init>(103)) - d1b2fdb4-2a3c-478d-9f55-2a69fc770f7f@group-9773CDAA3BF0: ConfigurationManager, init=-1: [d1b2fdb4-2a3c-478d-9f55-2a69fc770f7f:192.168.5.166:45660], old=null, confs=<EMPTY_MAP>
2019-10-09 23:57:16,270 [pool-217-thread-1] INFO  server.RaftServerConfigKeys (ConfUtils.java:logGet(43)) - raft.server.storage.dir = [/workdir/hadoop-ozone/integration-test/target/test-dir/MiniOzoneClusterImpl-f2beb584-d50b-4d1b-9113-e73b8a8f1d7e/datanode-1/data/ratis] (custom)
2019-10-09 23:57:16,271 [pool-217-thread-1] INFO  server.RaftServerConfigKeys (ConfUtils.java:logGet(43)) - raft.server.log.corruption.policy = EXCEPTION (default)
2019-10-09 23:57:16,271 [pool-217-thread-1] INFO  storage.RaftStorageDirectory (RaftStorageDirectory.java:analyzeStorage(246)) - The storage directory /workdir/hadoop-ozone/integration-test/target/test-dir/MiniOzoneClusterImpl-f2beb584-d50b-4d1b-9113-e73b8a8f1d7e/datanode-1/data/ratis/03037681-54f9-4dd7-aa3b-9773cdaa3bf0 does not exist. Creating ...
2019-10-09 23:57:16,284 [pool-217-thread-1] INFO  storage.RaftStorageDirectory (RaftStorageDirectory.java:tryLock(328)) - Lock on /workdir/hadoop-ozone/integration-test/target/test-dir/MiniOzoneClusterImpl-f2beb584-d50b-4d1b-9113-e73b8a8f1d7e/datanode-1/data/ratis/03037681-54f9-4dd7-aa3b-9773cdaa3bf0/in_use.lock acquired by nodename 25084@pr-hdds-1868-fg6nx-4263576025
2019-10-09 23:57:16,296 [pool-217-thread-1] INFO  storage.RaftStorage (RaftStorage.java:format(84)) - Storage directory /workdir/hadoop-ozone/integration-test/target/test-dir/MiniOzoneClusterImpl-f2beb584-d50b-4d1b-9113-e73b8a8f1d7e/datanode-1/data/ratis/03037681-54f9-4dd7-aa3b-9773cdaa3bf0 has been successfully formatted.
2019-10-09 23:57:16,296 [pool-217-thread-1] INFO  ratis.ContainerStateMachine (ContainerStateMachine.java:loadSnapshot(233)) - group-9773CDAA3BF0: The snapshot info is null. Setting the last applied indexto:(t:0, i:~)
2019-10-09 23:57:16,296 [pool-217-thread-1] INFO  server.RaftServerConfigKeys (ConfUtils.java:logGet(43)) - raft.server.notification.no-leader.timeout = 120s (custom)
2019-10-09 23:57:16,297 [pool-217-thread-1] INFO  server.RaftServerConfigKeys (ConfUtils.java:logGet(43)) - raft.server.log.use.memory = false (default)
2019-10-09 23:57:16,297 [pool-217-thread-1] INFO  server.RaftServerConfigKeys (ConfUtils.java:logGet(43)) - raft.server.log.purge.gap = 1000000 (custom)
2019-10-09 23:57:16,297 [pool-217-thread-1] INFO  server.RaftServerConfigKeys (ConfUtils.java:logGet(43)) - raft.server.log.appender.buffer.byte-limit = 33554432 (custom)
2019-10-09 23:57:16,297 [pool-217-thread-1] INFO  server.RaftServerConfigKeys (ConfUtils.java:logGet(43)) - raft.server.log.segment.size.max = 1048576 (custom)
2019-10-09 23:57:16,297 [pool-217-thread-1] INFO  server.RaftServerConfigKeys (ConfUtils.java:logGet(43)) - raft.server.log.segment.cache.num.max = 2 (custom)
2019-10-09 23:57:16,297 [pool-217-thread-1] INFO  segmented.SegmentedRaftLogWorker (SegmentedRaftLogWorker.java:<init>(173)) - new d1b2fdb4-2a3c-478d-9f55-2a69fc770f7f@group-9773CDAA3BF0-SegmentedRaftLogWorker for RaftStorage:Storage Directory /workdir/hadoop-ozone/integration-test/target/test-dir/MiniOzoneClusterImpl-f2beb584-d50b-4d1b-9113-e73b8a8f1d7e/datanode-1/data/ratis/03037681-54f9-4dd7-aa3b-9773cdaa3bf0
2019-10-09 23:57:16,297 [pool-217-thread-1] INFO  server.RaftServerConfigKeys (ConfUtils.java:logGet(43)) - raft.server.log.queue.byte-limit = 2147483647 (custom)
2019-10-09 23:57:16,297 [pool-217-thread-1] INFO  server.RaftServerConfigKeys (ConfUtils.java:logGet(43)) - raft.server.log.queue.element-limit = 1024 (custom)
2019-10-09 23:57:16,297 [pool-217-thread-1] INFO  server.RaftServerConfigKeys (ConfUtils.java:logGet(43)) - raft.server.log.segment.size.max = 1048576 (custom)
2019-10-09 23:57:16,297 [pool-217-thread-1] INFO  server.RaftServerConfigKeys (ConfUtils.java:logGet(43)) - raft.server.log.preallocated.size = 16384 (custom)
2019-10-09 23:57:16,297 [pool-217-thread-1] INFO  server.RaftServerConfigKeys (ConfUtils.java:logGet(43)) - raft.server.log.write.buffer.size = 33554432 (custom)
2019-10-09 23:57:16,298 [pool-217-thread-1] INFO  server.RaftServerConfigKeys (ConfUtils.java:logGet(43)) - raft.server.log.force.sync.num = 128 (default)
2019-10-09 23:57:16,298 [pool-217-thread-1] INFO  server.RaftServerConfigKeys (ConfUtils.java:logGet(43)) - raft.server.log.statemachine.data.sync = true (default)
2019-10-09 23:57:16,298 [pool-217-thread-1] INFO  server.RaftServerConfigKeys (ConfUtils.java:logGet(43)) - raft.server.log.statemachine.data.sync.timeout = 10s (default)
2019-10-09 23:57:16,298 [pool-217-thread-1] INFO  server.RaftServerConfigKeys (ConfUtils.java:logGet(43)) - raft.server.log.statemachine.data.sync.timeout.retry = -1 (default)
2019-10-09 23:57:16,298 [pool-217-thread-1] INFO  server.RaftServerConfigKeys (ConfUtils.java:logGet(43)) - raft.server.log.statemachine.data.caching.enabled = true (custom)
2019-10-09 23:57:16,298 [pool-217-thread-1] INFO  segmented.SegmentedRaftLogWorker (SegmentedRaftLogWorker.java:lambda$new$0(128)) - d1b2fdb4-2a3c-478d-9f55-2a69fc770f7f@group-9773CDAA3BF0-SegmentedRaftLogWorker: flushIndex: setUnconditionally 0 -> -1
2019-10-09 23:57:16,298 [pool-217-thread-1] INFO  server.RaftServerConfigKeys (ConfUtils.java:logGet(43)) - raft.server.snapshot.auto.trigger.enabled = true (custom)
2019-10-09 23:57:16,298 [pool-217-thread-1] INFO  server.RaftServerConfigKeys (ConfUtils.java:logGet(43)) - raft.server.snapshot.auto.trigger.threshold = 10000 (custom)
2019-10-09 23:57:16,299 [pool-217-thread-1] INFO  server.RaftServerConfigKeys (ConfUtils.java:logGet(43)) - raft.server.snapshot.retention.file.num = 5 (custom)
2019-10-09 23:57:16,299 [pool-217-thread-1] INFO  server.RaftServerConfigKeys (ConfUtils.java:logGet(43)) - raft.server.retrycache.expirytime = 600000ms (custom)
2019-10-09 23:57:16,300 [pool-217-thread-1] INFO  impl.RaftServerImpl (RaftServerImpl.java:start(181)) - d1b2fdb4-2a3c-478d-9f55-2a69fc770f7f@group-9773CDAA3BF0: start as a follower, conf=-1: [d1b2fdb4-2a3c-478d-9f55-2a69fc770f7f:192.168.5.166:45660], old=null
2019-10-09 23:57:16,300 [pool-217-thread-1] INFO  impl.RaftServerImpl (RaftServerImpl.java:setRole(170)) - d1b2fdb4-2a3c-478d-9f55-2a69fc770f7f@group-9773CDAA3BF0: changes role from      null to FOLLOWER at term 0 for startAsFollower
2019-10-09 23:57:16,301 [pool-217-thread-1] INFO  impl.RoleInfo (RoleInfo.java:updateAndGet(143)) - d1b2fdb4-2a3c-478d-9f55-2a69fc770f7f: start FollowerState
2019-10-09 23:57:16,301 [pool-217-thread-1] INFO  util.JmxRegister (JmxRegister.java:tryRegister(44)) - Successfully registered JMX Bean with object name Ratis:service=RaftServer,group=group-9773CDAA3BF0,id=d1b2fdb4-2a3c-478d-9f55-2a69fc770f7f
2019-10-09 23:57:16,305 [RatisPipelineUtilsThread] INFO  pipeline.PipelineStateManager (PipelineStateManager.java:addPipeline(57)) - Created pipeline Pipeline[ Id: 03037681-54f9-4dd7-aa3b-9773cdaa3bf0, Nodes: d1b2fdb4-2a3c-478d-9f55-2a69fc770f7f{ip: 192.168.5.166, host: pr-hdds-1868-fg6nx-4263576025, networkLocation: /default-rack, certSerialId: null}, Type:RATIS, Factor:ONE, State:ALLOCATED]
2019-10-09 23:57:16,305 [Thread-1443] INFO  pipeline.PipelineStateManager (PipelineStateManager.java:finalizePipeline(123)) - Pipeline Pipeline[ Id: b1c05244-6b9f-46bf-81dc-d58dee6580e5, Nodes: 78e81a3b-a007-4b1e-9676-7d47e80789cd{ip: 192.168.5.166, host: pr-hdds-1868-fg6nx-4263576025, networkLocation: /default-rack, certSerialId: null}f5a703b3-66a4-42d5-b4a4-337578d80bd8{ip: 192.168.5.166, host: pr-hdds-1868-fg6nx-4263576025, networkLocation: /default-rack, certSerialId: null}70047afe-0910-4555-ade8-6ade5e62522e{ip: 192.168.5.166, host: pr-hdds-1868-fg6nx-4263576025, networkLocation: /default-rack, certSerialId: null}, Type:RATIS, Factor:THREE, State:CLOSED] moved to CLOSED state
2019-10-09 23:57:16,312 [grpc-default-executor-4] INFO  impl.RaftServerProxy (RaftServerProxy.java:remove(95)) - 78e81a3b-a007-4b1e-9676-7d47e80789cd: remove  FOLLOWER 78e81a3b-a007-4b1e-9676-7d47e80789cd@group-D58DEE6580E5:t0, leader=null, voted=null, raftlog=78e81a3b-a007-4b1e-9676-7d47e80789cd@group-D58DEE6580E5-SegmentedRaftLog:OPENED:c-1,f-1,i0, conf=-1: [f5a703b3-66a4-42d5-b4a4-337578d80bd8:192.168.5.166:38085, 78e81a3b-a007-4b1e-9676-7d47e80789cd:192.168.5.166:40575, 70047afe-0910-4555-ade8-6ade5e62522e:192.168.5.166:37086], old=null RUNNING
2019-10-09 23:57:16,312 [grpc-default-executor-4] INFO  impl.RaftServerImpl (RaftServerImpl.java:lambda$shutdown$3(247)) - 78e81a3b-a007-4b1e-9676-7d47e80789cd@group-D58DEE6580E5: shutdown
2019-10-09 23:57:16,312 [grpc-default-executor-4] INFO  util.JmxRegister (JmxRegister.java:unregister(73)) - Successfully un-registered JMX Bean with object name Ratis:service=RaftServer,group=group-D58DEE6580E5,id=78e81a3b-a007-4b1e-9676-7d47e80789cd
2019-10-09 23:57:16,312 [grpc-default-executor-4] INFO  impl.RoleInfo (RoleInfo.java:shutdownFollowerState(121)) - 78e81a3b-a007-4b1e-9676-7d47e80789cd: shutdown FollowerState
2019-10-09 23:57:16,312 [grpc-default-executor-4] INFO  impl.StateMachineUpdater (StateMachineUpdater.java:stopAndJoin(136)) - 78e81a3b-a007-4b1e-9676-7d47e80789cd@group-D58DEE6580E5-StateMachineUpdater: set stopIndex = -1
2019-10-09 23:57:16,313 [grpc-default-executor-4] INFO  impl.RaftServerImpl (ServerState.java:close(387)) - 78e81a3b-a007-4b1e-9676-7d47e80789cd@group-D58DEE6580E5: closes. applyIndex: -1
2019-10-09 23:57:16,313 [Thread-1479] INFO  impl.FollowerState (FollowerState.java:run(117)) - 78e81a3b-a007-4b1e-9676-7d47e80789cd@group-D58DEE6580E5-FollowerState was interrupted: java.lang.InterruptedException: sleep interrupted
2019-10-09 23:57:16,315 [78e81a3b-a007-4b1e-9676-7d47e80789cd@group-D58DEE6580E5-SegmentedRaftLogWorker] INFO  segmented.SegmentedRaftLogWorker (SegmentedRaftLogWorker.java:run(316)) - 78e81a3b-a007-4b1e-9676-7d47e80789cd@group-D58DEE6580E5-SegmentedRaftLogWorker was interrupted, exiting. There are 0 tasks remaining in the queue.
2019-10-09 23:57:16,315 [grpc-default-executor-4] INFO  segmented.SegmentedRaftLogWorker (SegmentedRaftLogWorker.java:close(224)) - 78e81a3b-a007-4b1e-9676-7d47e80789cd@group-D58DEE6580E5-SegmentedRaftLogWorker close()
2019-10-09 23:57:16,328 [grpc-default-executor-4] INFO  impl.RaftServerProxy (RaftServerProxy.java:remove(95)) - f5a703b3-66a4-42d5-b4a4-337578d80bd8: remove  FOLLOWER f5a703b3-66a4-42d5-b4a4-337578d80bd8@group-D58DEE6580E5:t0, leader=null, voted=null, raftlog=f5a703b3-66a4-42d5-b4a4-337578d80bd8@group-D58DEE6580E5-SegmentedRaftLog:OPENED:c-1,f-1,i0, conf=-1: [f5a703b3-66a4-42d5-b4a4-337578d80bd8:192.168.5.166:38085, 78e81a3b-a007-4b1e-9676-7d47e80789cd:192.168.5.166:40575, 70047afe-0910-4555-ade8-6ade5e62522e:192.168.5.166:37086], old=null RUNNING
2019-10-09 23:57:16,328 [grpc-default-executor-4] INFO  impl.RaftServerImpl (RaftServerImpl.java:lambda$shutdown$3(247)) - f5a703b3-66a4-42d5-b4a4-337578d80bd8@group-D58DEE6580E5: shutdown
2019-10-09 23:57:16,328 [grpc-default-executor-4] INFO  util.JmxRegister (JmxRegister.java:unregister(73)) - Successfully un-registered JMX Bean with object name Ratis:service=RaftServer,group=group-D58DEE6580E5,id=f5a703b3-66a4-42d5-b4a4-337578d80bd8
2019-10-09 23:57:16,328 [grpc-default-executor-4] INFO  impl.RoleInfo (RoleInfo.java:shutdownFollowerState(121)) - f5a703b3-66a4-42d5-b4a4-337578d80bd8: shutdown FollowerState
2019-10-09 23:57:16,328 [grpc-default-executor-4] INFO  impl.StateMachineUpdater (StateMachineUpdater.java:stopAndJoin(136)) - f5a703b3-66a4-42d5-b4a4-337578d80bd8@group-D58DEE6580E5-StateMachineUpdater: set stopIndex = -1
2019-10-09 23:57:16,328 [grpc-default-executor-4] INFO  impl.RaftServerImpl (ServerState.java:close(387)) - f5a703b3-66a4-42d5-b4a4-337578d80bd8@group-D58DEE6580E5: closes. applyIndex: -1
2019-10-09 23:57:16,329 [Thread-1478] INFO  impl.FollowerState (FollowerState.java:run(117)) - f5a703b3-66a4-42d5-b4a4-337578d80bd8@group-D58DEE6580E5-FollowerState was interrupted: java.lang.InterruptedException: sleep interrupted
2019-10-09 23:57:16,331 [f5a703b3-66a4-42d5-b4a4-337578d80bd8@group-D58DEE6580E5-SegmentedRaftLogWorker] INFO  segmented.SegmentedRaftLogWorker (SegmentedRaftLogWorker.java:run(316)) - f5a703b3-66a4-42d5-b4a4-337578d80bd8@group-D58DEE6580E5-SegmentedRaftLogWorker was interrupted, exiting. There are 0 tasks remaining in the queue.
2019-10-09 23:57:16,331 [grpc-default-executor-4] INFO  segmented.SegmentedRaftLogWorker (SegmentedRaftLogWorker.java:close(224)) - f5a703b3-66a4-42d5-b4a4-337578d80bd8@group-D58DEE6580E5-SegmentedRaftLogWorker close()
2019-10-09 23:57:16,341 [grpc-default-executor-4] INFO  impl.RaftServerProxy (RaftServerProxy.java:remove(95)) - 70047afe-0910-4555-ade8-6ade5e62522e: remove  FOLLOWER 70047afe-0910-4555-ade8-6ade5e62522e@group-D58DEE6580E5:t0, leader=null, voted=null, raftlog=70047afe-0910-4555-ade8-6ade5e62522e@group-D58DEE6580E5-SegmentedRaftLog:OPENED:c-1,f-1,i0, conf=-1: [f5a703b3-66a4-42d5-b4a4-337578d80bd8:192.168.5.166:38085, 78e81a3b-a007-4b1e-9676-7d47e80789cd:192.168.5.166:40575, 70047afe-0910-4555-ade8-6ade5e62522e:192.168.5.166:37086], old=null RUNNING
2019-10-09 23:57:16,341 [grpc-default-executor-4] INFO  impl.RaftServerImpl (RaftServerImpl.java:lambda$shutdown$3(247)) - 70047afe-0910-4555-ade8-6ade5e62522e@group-D58DEE6580E5: shutdown
2019-10-09 23:57:16,342 [grpc-default-executor-4] INFO  util.JmxRegister (JmxRegister.java:unregister(73)) - Successfully un-registered JMX Bean with object name Ratis:service=RaftServer,group=group-D58DEE6580E5,id=70047afe-0910-4555-ade8-6ade5e62522e
2019-10-09 23:57:16,342 [grpc-default-executor-4] INFO  impl.RoleInfo (RoleInfo.java:shutdownFollowerState(121)) - 70047afe-0910-4555-ade8-6ade5e62522e: shutdown FollowerState
2019-10-09 23:57:16,342 [grpc-default-executor-4] INFO  impl.StateMachineUpdater (StateMachineUpdater.java:stopAndJoin(136)) - 70047afe-0910-4555-ade8-6ade5e62522e@group-D58DEE6580E5-StateMachineUpdater: set stopIndex = -1
2019-10-09 23:57:16,342 [Thread-1477] INFO  impl.FollowerState (FollowerState.java:run(117)) - 70047afe-0910-4555-ade8-6ade5e62522e@group-D58DEE6580E5-FollowerState was interrupted: java.lang.InterruptedException: sleep interrupted
2019-10-09 23:57:16,344 [grpc-default-executor-4] INFO  impl.RaftServerImpl (ServerState.java:close(387)) - 70047afe-0910-4555-ade8-6ade5e62522e@group-D58DEE6580E5: closes. applyIndex: -1
2019-10-09 23:57:16,344 [70047afe-0910-4555-ade8-6ade5e62522e@group-D58DEE6580E5-SegmentedRaftLogWorker] INFO  segmented.SegmentedRaftLogWorker (SegmentedRaftLogWorker.java:run(316)) - 70047afe-0910-4555-ade8-6ade5e62522e@group-D58DEE6580E5-SegmentedRaftLogWorker was interrupted, exiting. There are 0 tasks remaining in the queue.
2019-10-09 23:57:16,344 [grpc-default-executor-4] INFO  segmented.SegmentedRaftLogWorker (SegmentedRaftLogWorker.java:close(224)) - 70047afe-0910-4555-ade8-6ade5e62522e@group-D58DEE6580E5-SegmentedRaftLogWorker close()
2019-10-09 23:57:16,349 [Thread-1443] INFO  pipeline.PipelineStateManager (PipelineStateManager.java:removePipeline(108)) - Pipeline Pipeline[ Id: b1c05244-6b9f-46bf-81dc-d58dee6580e5, Nodes: 78e81a3b-a007-4b1e-9676-7d47e80789cd{ip: 192.168.5.166, host: pr-hdds-1868-fg6nx-4263576025, networkLocation: /default-rack, certSerialId: null}f5a703b3-66a4-42d5-b4a4-337578d80bd8{ip: 192.168.5.166, host: pr-hdds-1868-fg6nx-4263576025, networkLocation: /default-rack, certSerialId: null}70047afe-0910-4555-ade8-6ade5e62522e{ip: 192.168.5.166, host: pr-hdds-1868-fg6nx-4263576025, networkLocation: /default-rack, certSerialId: null}, Type:RATIS, Factor:THREE, State:CLOSED] removed from db
2019-10-09 23:57:16,349 [Thread-1443] INFO  pipeline.SCMPipelineManager (SCMPipelineManager.java:finalizeAndDestroyPipeline(315)) - destroying pipeline:Pipeline[ Id: 093bfbdb-a492-4b94-af27-3ac47894eac8, Nodes: 267b4c01-3d7d-4c74-8ccf-ba11236bcdc8{ip: 192.168.5.166, host: pr-hdds-1868-fg6nx-4263576025, networkLocation: /default-rack, certSerialId: null}, Type:RATIS, Factor:ONE, State:ALLOCATED]
2019-10-09 23:57:16,356 [grpc-default-executor-5] INFO  impl.RaftServerProxy (RaftServerProxy.java:addNew(89)) - 70047afe-0910-4555-ade8-6ade5e62522e: addNew group-8C4623C5097C:[f5a703b3-66a4-42d5-b4a4-337578d80bd8:192.168.5.166:38085, 78e81a3b-a007-4b1e-9676-7d47e80789cd:192.168.5.166:40575, 70047afe-0910-4555-ade8-6ade5e62522e:192.168.5.166:37086] returns group-8C4623C5097C:java.util.concurrent.CompletableFuture@5b875900[Not completed]
2019-10-09 23:57:16,358 [grpc-default-executor-2] INFO  impl.RaftServerProxy (RaftServerProxy.java:addNew(89)) - 78e81a3b-a007-4b1e-9676-7d47e80789cd: addNew group-8C4623C5097C:[f5a703b3-66a4-42d5-b4a4-337578d80bd8:192.168.5.166:38085, 78e81a3b-a007-4b1e-9676-7d47e80789cd:192.168.5.166:40575, 70047afe-0910-4555-ade8-6ade5e62522e:192.168.5.166:37086] returns group-8C4623C5097C:java.util.concurrent.CompletableFuture@311be074[Not completed]
2019-10-09 23:57:16,358 [grpc-default-executor-4] INFO  impl.RaftServerProxy (RaftServerProxy.java:addNew(89)) - f5a703b3-66a4-42d5-b4a4-337578d80bd8: addNew group-8C4623C5097C:[f5a703b3-66a4-42d5-b4a4-337578d80bd8:192.168.5.166:38085, 78e81a3b-a007-4b1e-9676-7d47e80789cd:192.168.5.166:40575, 70047afe-0910-4555-ade8-6ade5e62522e:192.168.5.166:37086] returns group-8C4623C5097C:java.util.concurrent.CompletableFuture@3c820e4c[Not completed]
2019-10-09 23:57:16,359 [pool-247-thread-1] INFO  impl.RaftServerImpl (RaftServerImpl.java:<init>(95)) - 70047afe-0910-4555-ade8-6ade5e62522e: new RaftServerImpl for group-8C4623C5097C:[f5a703b3-66a4-42d5-b4a4-337578d80bd8:192.168.5.166:38085, 78e81a3b-a007-4b1e-9676-7d47e80789cd:192.168.5.166:40575, 70047afe-0910-4555-ade8-6ade5e62522e:192.168.5.166:37086] with ContainerStateMachine:uninitialized
2019-10-09 23:57:16,359 [pool-247-thread-1] INFO  server.RaftServerConfigKeys (ConfUtils.java:logGet(43)) - raft.server.rpc.timeout.min = 5s (custom)
2019-10-09 23:57:16,359 [pool-247-thread-1] INFO  server.RaftServerConfigKeys (ConfUtils.java:logGet(43)) - raft.server.rpc.timeout.max = 5200ms (custom)
2019-10-09 23:57:16,359 [pool-247-thread-1] INFO  server.RaftServerConfigKeys (ConfUtils.java:logGet(43)) - raft.server.rpcslowness.timeout = 120s (custom)
2019-10-09 23:57:16,359 [pool-247-thread-1] INFO  server.RaftServerConfigKeys (ConfUtils.java:logGet(43)) - raft.server.sleep.deviation.threshold = 300 (default)
2019-10-09 23:57:16,359 [pool-247-thread-1] INFO  server.RaftServerConfigKeys (ConfUtils.java:logGet(43)) - raft.server.log.appender.install.snapshot.enabled = false (custom)
2019-10-09 23:57:16,359 [pool-237-thread-1] INFO  impl.RaftServerImpl (RaftServerImpl.java:<init>(95)) - 78e81a3b-a007-4b1e-9676-7d47e80789cd: new RaftServerImpl for group-8C4623C5097C:[f5a703b3-66a4-42d5-b4a4-337578d80bd8:192.168.5.166:38085, 78e81a3b-a007-4b1e-9676-7d47e80789cd:192.168.5.166:40575, 70047afe-0910-4555-ade8-6ade5e62522e:192.168.5.166:37086] with ContainerStateMachine:uninitialized
2019-10-09 23:57:16,359 [pool-247-thread-1] INFO  impl.RaftServerImpl (ServerState.java:<init>(103)) - 70047afe-0910-4555-ade8-6ade5e62522e@group-8C4623C5097C: ConfigurationManager, init=-1: [f5a703b3-66a4-42d5-b4a4-337578d80bd8:192.168.5.166:38085, 78e81a3b-a007-4b1e-9676-7d47e80789cd:192.168.5.166:40575, 70047afe-0910-4555-ade8-6ade5e62522e:192.168.5.166:37086], old=null, confs=<EMPTY_MAP>
2019-10-09 23:57:16,360 [pool-237-thread-1] INFO  server.RaftServerConfigKeys (ConfUtils.java:logGet(43)) - raft.server.rpc.timeout.min = 5s (custom)
2019-10-09 23:57:16,360 [pool-247-thread-1] INFO  server.RaftServerConfigKeys (ConfUtils.java:logGet(43)) - raft.server.storage.dir = [/workdir/hadoop-ozone/integration-test/target/test-dir/MiniOzoneClusterImpl-f2beb584-d50b-4d1b-9113-e73b8a8f1d7e/datanode-4/data/ratis] (custom)
2019-10-09 23:57:16,360 [pool-237-thread-1] INFO  server.RaftServerConfigKeys (ConfUtils.java:logGet(43)) - raft.server.rpc.timeout.max = 5200ms (custom)
2019-10-09 23:57:16,360 [pool-237-thread-1] INFO  server.RaftServerConfigKeys (ConfUtils.java:logGet(43)) - raft.server.rpcslowness.timeout = 120s (custom)
2019-10-09 23:57:16,360 [pool-247-thread-1] INFO  server.RaftServerConfigKeys (ConfUtils.java:logGet(43)) - raft.server.log.corruption.policy = EXCEPTION (default)
2019-10-09 23:57:16,360 [pool-257-thread-1] INFO  impl.RaftServerImpl (RaftServerImpl.java:<init>(95)) - f5a703b3-66a4-42d5-b4a4-337578d80bd8: new RaftServerImpl for group-8C4623C5097C:[f5a703b3-66a4-42d5-b4a4-337578d80bd8:192.168.5.166:38085, 78e81a3b-a007-4b1e-9676-7d47e80789cd:192.168.5.166:40575, 70047afe-0910-4555-ade8-6ade5e62522e:192.168.5.166:37086] with ContainerStateMachine:uninitialized
2019-10-09 23:57:16,360 [pool-247-thread-1] INFO  storage.RaftStorageDirectory (RaftStorageDirectory.java:analyzeStorage(246)) - The storage directory /workdir/hadoop-ozone/integration-test/target/test-dir/MiniOzoneClusterImpl-f2beb584-d50b-4d1b-9113-e73b8a8f1d7e/datanode-4/data/ratis/9e6124f3-f22d-44ac-822f-8c4623c5097c does not exist. Creating ...
2019-10-09 23:57:16,360 [pool-237-thread-1] INFO  server.RaftServerConfigKeys (ConfUtils.java:logGet(43)) - raft.server.sleep.deviation.threshold = 300 (default)
2019-10-09 23:57:16,360 [pool-257-thread-1] INFO  server.RaftServerConfigKeys (ConfUtils.java:logGet(43)) - raft.server.rpc.timeout.min = 5s (custom)
2019-10-09 23:57:16,360 [pool-237-thread-1] INFO  server.RaftServerConfigKeys (ConfUtils.java:logGet(43)) - raft.server.log.appender.install.snapshot.enabled = false (custom)
2019-10-09 23:57:16,361 [pool-257-thread-1] INFO  server.RaftServerConfigKeys (ConfUtils.java:logGet(43)) - raft.server.rpc.timeout.max = 5200ms (custom)
2019-10-09 23:57:16,361 [pool-237-thread-1] INFO  impl.RaftServerImpl (ServerState.java:<init>(103)) - 78e81a3b-a007-4b1e-9676-7d47e80789cd@group-8C4623C5097C: ConfigurationManager, init=-1: [f5a703b3-66a4-42d5-b4a4-337578d80bd8:192.168.5.166:38085, 78e81a3b-a007-4b1e-9676-7d47e80789cd:192.168.5.166:40575, 70047afe-0910-4555-ade8-6ade5e62522e:192.168.5.166:37086], old=null, confs=<EMPTY_MAP>
2019-10-09 23:57:16,361 [pool-257-thread-1] INFO  server.RaftServerConfigKeys (ConfUtils.java:logGet(43)) - raft.server.rpcslowness.timeout = 120s (custom)
2019-10-09 23:57:16,361 [pool-237-thread-1] INFO  server.RaftServerConfigKeys (ConfUtils.java:logGet(43)) - raft.server.storage.dir = [/workdir/hadoop-ozone/integration-test/target/test-dir/MiniOzoneClusterImpl-f2beb584-d50b-4d1b-9113-e73b8a8f1d7e/datanode-3/data/ratis] (custom)
2019-10-09 23:57:16,361 [pool-257-thread-1] INFO  server.RaftServerConfigKeys (ConfUtils.java:logGet(43)) - raft.server.sleep.deviation.threshold = 300 (default)
2019-10-09 23:57:16,361 [pool-237-thread-1] INFO  server.RaftServerConfigKeys (ConfUtils.java:logGet(43)) - raft.server.log.corruption.policy = EXCEPTION (default)
2019-10-09 23:57:16,361 [pool-257-thread-1] INFO  server.RaftServerConfigKeys (ConfUtils.java:logGet(43)) - raft.server.log.appender.install.snapshot.enabled = false (custom)
2019-10-09 23:57:16,361 [pool-237-thread-1] INFO  storage.RaftStorageDirectory (RaftStorageDirectory.java:analyzeStorage(246)) - The storage directory /workdir/hadoop-ozone/integration-test/target/test-dir/MiniOzoneClusterImpl-f2beb584-d50b-4d1b-9113-e73b8a8f1d7e/datanode-3/data/ratis/9e6124f3-f22d-44ac-822f-8c4623c5097c does not exist. Creating ...
2019-10-09 23:57:16,361 [pool-257-thread-1] INFO  impl.RaftServerImpl (ServerState.java:<init>(103)) - f5a703b3-66a4-42d5-b4a4-337578d80bd8@group-8C4623C5097C: ConfigurationManager, init=-1: [f5a703b3-66a4-42d5-b4a4-337578d80bd8:192.168.5.166:38085, 78e81a3b-a007-4b1e-9676-7d47e80789cd:192.168.5.166:40575, 70047afe-0910-4555-ade8-6ade5e62522e:192.168.5.166:37086], old=null, confs=<EMPTY_MAP>
2019-10-09 23:57:16,362 [pool-257-thread-1] INFO  server.RaftServerConfigKeys (ConfUtils.java:logGet(43)) - raft.server.storage.dir = [/workdir/hadoop-ozone/integration-test/target/test-dir/MiniOzoneClusterImpl-f2beb584-d50b-4d1b-9113-e73b8a8f1d7e/datanode-5/data/ratis] (custom)
2019-10-09 23:57:16,362 [pool-257-thread-1] INFO  server.RaftServerConfigKeys (ConfUtils.java:logGet(43)) - raft.server.log.corruption.policy = EXCEPTION (default)
2019-10-09 23:57:16,362 [pool-257-thread-1] INFO  storage.RaftStorageDirectory (RaftStorageDirectory.java:analyzeStorage(246)) - The storage directory /workdir/hadoop-ozone/integration-test/target/test-dir/MiniOzoneClusterImpl-f2beb584-d50b-4d1b-9113-e73b8a8f1d7e/datanode-5/data/ratis/9e6124f3-f22d-44ac-822f-8c4623c5097c does not exist. Creating ...
2019-10-09 23:57:16,385 [pool-257-thread-1] INFO  storage.RaftStorageDirectory (RaftStorageDirectory.java:tryLock(328)) - Lock on /workdir/hadoop-ozone/integration-test/target/test-dir/MiniOzoneClusterImpl-f2beb584-d50b-4d1b-9113-e73b8a8f1d7e/datanode-5/data/ratis/9e6124f3-f22d-44ac-822f-8c4623c5097c/in_use.lock acquired by nodename 25084@pr-hdds-1868-fg6nx-4263576025
2019-10-09 23:57:16,385 [pool-247-thread-1] INFO  storage.RaftStorageDirectory (RaftStorageDirectory.java:tryLock(328)) - Lock on /workdir/hadoop-ozone/integration-test/target/test-dir/MiniOzoneClusterImpl-f2beb584-d50b-4d1b-9113-e73b8a8f1d7e/datanode-4/data/ratis/9e6124f3-f22d-44ac-822f-8c4623c5097c/in_use.lock acquired by nodename 25084@pr-hdds-1868-fg6nx-4263576025
2019-10-09 23:57:16,385 [pool-237-thread-1] INFO  storage.RaftStorageDirectory (RaftStorageDirectory.java:tryLock(328)) - Lock on /workdir/hadoop-ozone/integration-test/target/test-dir/MiniOzoneClusterImpl-f2beb584-d50b-4d1b-9113-e73b8a8f1d7e/datanode-3/data/ratis/9e6124f3-f22d-44ac-822f-8c4623c5097c/in_use.lock acquired by nodename 25084@pr-hdds-1868-fg6nx-4263576025
2019-10-09 23:57:16,398 [pool-247-thread-1] INFO  storage.RaftStorage (RaftStorage.java:format(84)) - Storage directory /workdir/hadoop-ozone/integration-test/target/test-dir/MiniOzoneClusterImpl-f2beb584-d50b-4d1b-9113-e73b8a8f1d7e/datanode-4/data/ratis/9e6124f3-f22d-44ac-822f-8c4623c5097c has been successfully formatted.
2019-10-09 23:57:16,398 [pool-237-thread-1] INFO  storage.RaftStorage (RaftStorage.java:format(84)) - Storage directory /workdir/hadoop-ozone/integration-test/target/test-dir/MiniOzoneClusterImpl-f2beb584-d50b-4d1b-9113-e73b8a8f1d7e/datanode-3/data/ratis/9e6124f3-f22d-44ac-822f-8c4623c5097c has been successfully formatted.
2019-10-09 23:57:16,398 [pool-257-thread-1] INFO  storage.RaftStorage (RaftStorage.java:format(84)) - Storage directory /workdir/hadoop-ozone/integration-test/target/test-dir/MiniOzoneClusterImpl-f2beb584-d50b-4d1b-9113-e73b8a8f1d7e/datanode-5/data/ratis/9e6124f3-f22d-44ac-822f-8c4623c5097c has been successfully formatted.
2019-10-09 23:57:16,398 [pool-237-thread-1] INFO  ratis.ContainerStateMachine (ContainerStateMachine.java:loadSnapshot(233)) - group-8C4623C5097C: The snapshot info is null. Setting the last applied indexto:(t:0, i:~)
2019-10-09 23:57:16,398 [pool-257-thread-1] INFO  ratis.ContainerStateMachine (ContainerStateMachine.java:loadSnapshot(233)) - group-8C4623C5097C: The snapshot info is null. Setting the last applied indexto:(t:0, i:~)
2019-10-09 23:57:16,398 [pool-247-thread-1] INFO  ratis.ContainerStateMachine (ContainerStateMachine.java:loadSnapshot(233)) - group-8C4623C5097C: The snapshot info is null. Setting the last applied indexto:(t:0, i:~)
2019-10-09 23:57:16,398 [pool-257-thread-1] INFO  server.RaftServerConfigKeys (ConfUtils.java:logGet(43)) - raft.server.notification.no-leader.timeout = 120s (custom)
2019-10-09 23:57:16,398 [pool-237-thread-1] INFO  server.RaftServerConfigKeys (ConfUtils.java:logGet(43)) - raft.server.notification.no-leader.timeout = 120s (custom)
2019-10-09 23:57:16,399 [pool-257-thread-1] INFO  server.RaftServerConfigKeys (ConfUtils.java:logGet(43)) - raft.server.log.use.memory = false (default)
2019-10-09 23:57:16,399 [pool-247-thread-1] INFO  server.RaftServerConfigKeys (ConfUtils.java:logGet(43)) - raft.server.notification.no-leader.timeout = 120s (custom)
2019-10-09 23:57:16,399 [pool-257-thread-1] INFO  server.RaftServerConfigKeys (ConfUtils.java:logGet(43)) - raft.server.log.purge.gap = 1000000 (custom)
2019-10-09 23:57:16,399 [pool-237-thread-1] INFO  server.RaftServerConfigKeys (ConfUtils.java:logGet(43)) - raft.server.log.use.memory = false (default)
2019-10-09 23:57:16,399 [pool-257-thread-1] INFO  server.RaftServerConfigKeys (ConfUtils.java:logGet(43)) - raft.server.log.appender.buffer.byte-limit = 33554432 (custom)
2019-10-09 23:57:16,399 [pool-247-thread-1] INFO  server.RaftServerConfigKeys (ConfUtils.java:logGet(43)) - raft.server.log.use.memory = false (default)
2019-10-09 23:57:16,399 [pool-257-thread-1] INFO  server.RaftServerConfigKeys (ConfUtils.java:logGet(43)) - raft.server.log.segment.size.max = 1048576 (custom)
2019-10-09 23:57:16,399 [pool-237-thread-1] INFO  server.RaftServerConfigKeys (ConfUtils.java:logGet(43)) - raft.server.log.purge.gap = 1000000 (custom)
2019-10-09 23:57:16,399 [pool-257-thread-1] INFO  server.RaftServerConfigKeys (ConfUtils.java:logGet(43)) - raft.server.log.segment.cache.num.max = 2 (custom)
2019-10-09 23:57:16,399 [pool-247-thread-1] INFO  server.RaftServerConfigKeys (ConfUtils.java:logGet(43)) - raft.server.log.purge.gap = 1000000 (custom)
2019-10-09 23:57:16,399 [pool-257-thread-1] INFO  segmented.SegmentedRaftLogWorker (SegmentedRaftLogWorker.java:<init>(173)) - new f5a703b3-66a4-42d5-b4a4-337578d80bd8@group-8C4623C5097C-SegmentedRaftLogWorker for RaftStorage:Storage Directory /workdir/hadoop-ozone/integration-test/target/test-dir/MiniOzoneClusterImpl-f2beb584-d50b-4d1b-9113-e73b8a8f1d7e/datanode-5/data/ratis/9e6124f3-f22d-44ac-822f-8c4623c5097c
2019-10-09 23:57:16,399 [pool-237-thread-1] INFO  server.RaftServerConfigKeys (ConfUtils.java:logGet(43)) - raft.server.log.appender.buffer.byte-limit = 33554432 (custom)
2019-10-09 23:57:16,400 [pool-257-thread-1] INFO  server.RaftServerConfigKeys (ConfUtils.java:logGet(43)) - raft.server.log.queue.byte-limit = 2147483647 (custom)
2019-10-09 23:57:16,399 [pool-247-thread-1] INFO  server.RaftServerConfigKeys (ConfUtils.java:logGet(43)) - raft.server.log.appender.buffer.byte-limit = 33554432 (custom)
2019-10-09 23:57:16,400 [pool-257-thread-1] INFO  server.RaftServerConfigKeys (ConfUtils.java:logGet(43)) - raft.server.log.queue.element-limit = 1024 (custom)
2019-10-09 23:57:16,400 [pool-237-thread-1] INFO  server.RaftServerConfigKeys (ConfUtils.java:logGet(43)) - raft.server.log.segment.size.max = 1048576 (custom)
2019-10-09 23:57:16,400 [pool-257-thread-1] INFO  server.RaftServerConfigKeys (ConfUtils.java:logGet(43)) - raft.server.log.segment.size.max = 1048576 (custom)
2019-10-09 23:57:16,400 [pool-247-thread-1] INFO  server.RaftServerConfigKeys (ConfUtils.java:logGet(43)) - raft.server.log.segment.size.max = 1048576 (custom)
2019-10-09 23:57:16,400 [pool-257-thread-1] INFO  server.RaftServerConfigKeys (ConfUtils.java:logGet(43)) - raft.server.log.preallocated.size = 16384 (custom)
2019-10-09 23:57:16,400 [pool-237-thread-1] INFO  server.RaftServerConfigKeys (ConfUtils.java:logGet(43)) - raft.server.log.segment.cache.num.max = 2 (custom)
2019-10-09 23:57:16,400 [pool-257-thread-1] INFO  server.RaftServerConfigKeys (ConfUtils.java:logGet(43)) - raft.server.log.write.buffer.size = 33554432 (custom)
2019-10-09 23:57:16,400 [pool-247-thread-1] INFO  server.RaftServerConfigKeys (ConfUtils.java:logGet(43)) - raft.server.log.segment.cache.num.max = 2 (custom)
2019-10-09 23:57:16,400 [pool-257-thread-1] INFO  server.RaftServerConfigKeys (ConfUtils.java:logGet(43)) - raft.server.log.force.sync.num = 128 (default)
2019-10-09 23:57:16,400 [pool-237-thread-1] INFO  segmented.SegmentedRaftLogWorker (SegmentedRaftLogWorker.java:<init>(173)) - new 78e81a3b-a007-4b1e-9676-7d47e80789cd@group-8C4623C5097C-SegmentedRaftLogWorker for RaftStorage:Storage Directory /workdir/hadoop-ozone/integration-test/target/test-dir/MiniOzoneClusterImpl-f2beb584-d50b-4d1b-9113-e73b8a8f1d7e/datanode-3/data/ratis/9e6124f3-f22d-44ac-822f-8c4623c5097c
2019-10-09 23:57:16,401 [pool-257-thread-1] INFO  server.RaftServerConfigKeys (ConfUtils.java:logGet(43)) - raft.server.log.statemachine.data.sync = true (default)
2019-10-09 23:57:16,400 [pool-247-thread-1] INFO  segmented.SegmentedRaftLogWorker (SegmentedRaftLogWorker.java:<init>(173)) - new 70047afe-0910-4555-ade8-6ade5e62522e@group-8C4623C5097C-SegmentedRaftLogWorker for RaftStorage:Storage Directory /workdir/hadoop-ozone/integration-test/target/test-dir/MiniOzoneClusterImpl-f2beb584-d50b-4d1b-9113-e73b8a8f1d7e/datanode-4/data/ratis/9e6124f3-f22d-44ac-822f-8c4623c5097c
2019-10-09 23:57:16,401 [pool-257-thread-1] INFO  server.RaftServerConfigKeys (ConfUtils.java:logGet(43)) - raft.server.log.statemachine.data.sync.timeout = 10s (default)
2019-10-09 23:57:16,401 [pool-237-thread-1] INFO  server.RaftServerConfigKeys (ConfUtils.java:logGet(43)) - raft.server.log.queue.byte-limit = 2147483647 (custom)
2019-10-09 23:57:16,401 [pool-257-thread-1] INFO  server.RaftServerConfigKeys (ConfUtils.java:logGet(43)) - raft.server.log.statemachine.data.sync.timeout.retry = -1 (default)
2019-10-09 23:57:16,401 [pool-247-thread-1] INFO  server.RaftServerConfigKeys (ConfUtils.java:logGet(43)) - raft.server.log.queue.byte-limit = 2147483647 (custom)
2019-10-09 23:57:16,401 [pool-257-thread-1] INFO  server.RaftServerConfigKeys (ConfUtils.java:logGet(43)) - raft.server.log.statemachine.data.caching.enabled = true (custom)
2019-10-09 23:57:16,401 [pool-237-thread-1] INFO  server.RaftServerConfigKeys (ConfUtils.java:logGet(43)) - raft.server.log.queue.element-limit = 1024 (custom)
2019-10-09 23:57:16,401 [pool-247-thread-1] INFO  server.RaftServerConfigKeys (ConfUtils.java:logGet(43)) - raft.server.log.queue.element-limit = 1024 (custom)
2019-10-09 23:57:16,401 [pool-257-thread-1] INFO  segmented.SegmentedRaftLogWorker (SegmentedRaftLogWorker.java:lambda$new$0(128)) - f5a703b3-66a4-42d5-b4a4-337578d80bd8@group-8C4623C5097C-SegmentedRaftLogWorker: flushIndex: setUnconditionally 0 -> -1
2019-10-09 23:57:16,401 [pool-237-thread-1] INFO  server.RaftServerConfigKeys (ConfUtils.java:logGet(43)) - raft.server.log.segment.size.max = 1048576 (custom)
2019-10-09 23:57:16,401 [pool-247-thread-1] INFO  server.RaftServerConfigKeys (ConfUtils.java:logGet(43)) - raft.server.log.segment.size.max = 1048576 (custom)
2019-10-09 23:57:16,402 [pool-237-thread-1] INFO  server.RaftServerConfigKeys (ConfUtils.java:logGet(43)) - raft.server.log.preallocated.size = 16384 (custom)
2019-10-09 23:57:16,402 [pool-257-thread-1] INFO  server.RaftServerConfigKeys (ConfUtils.java:logGet(43)) - raft.server.snapshot.auto.trigger.enabled = true (custom)
2019-10-09 23:57:16,402 [pool-247-thread-1] INFO  server.RaftServerConfigKeys (ConfUtils.java:logGet(43)) - raft.server.log.preallocated.size = 16384 (custom)
2019-10-09 23:57:16,402 [pool-257-thread-1] INFO  server.RaftServerConfigKeys (ConfUtils.java:logGet(43)) - raft.server.snapshot.auto.trigger.threshold = 10000 (custom)
2019-10-09 23:57:16,402 [pool-237-thread-1] INFO  server.RaftServerConfigKeys (ConfUtils.java:logGet(43)) - raft.server.log.write.buffer.size = 33554432 (custom)
2019-10-09 23:57:16,402 [pool-257-thread-1] INFO  server.RaftServerConfigKeys (ConfUtils.java:logGet(43)) - raft.server.snapshot.retention.file.num = 5 (custom)
2019-10-09 23:57:16,402 [pool-247-thread-1] INFO  server.RaftServerConfigKeys (ConfUtils.java:logGet(43)) - raft.server.log.write.buffer.size = 33554432 (custom)
2019-10-09 23:57:16,402 [pool-247-thread-1] INFO  server.RaftServerConfigKeys (ConfUtils.java:logGet(43)) - raft.server.log.force.sync.num = 128 (default)
2019-10-09 23:57:16,402 [pool-257-thread-1] INFO  server.RaftServerConfigKeys (ConfUtils.java:logGet(43)) - raft.server.retrycache.expirytime = 600000ms (custom)
2019-10-09 23:57:16,402 [pool-237-thread-1] INFO  server.RaftServerConfigKeys (ConfUtils.java:logGet(43)) - raft.server.log.force.sync.num = 128 (default)
2019-10-09 23:57:16,402 [pool-247-thread-1] INFO  server.RaftServerConfigKeys (ConfUtils.java:logGet(43)) - raft.server.log.statemachine.data.sync = true (default)
2019-10-09 23:57:16,403 [pool-237-thread-1] INFO  server.RaftServerConfigKeys (ConfUtils.java:logGet(43)) - raft.server.log.statemachine.data.sync = true (default)
2019-10-09 23:57:16,403 [pool-247-thread-1] INFO  server.RaftServerConfigKeys (ConfUtils.java:logGet(43)) - raft.server.log.statemachine.data.sync.timeout = 10s (default)
2019-10-09 23:57:16,403 [pool-237-thread-1] INFO  server.RaftServerConfigKeys (ConfUtils.java:logGet(43)) - raft.server.log.statemachine.data.sync.timeout = 10s (default)
2019-10-09 23:57:16,404 [pool-247-thread-1] INFO  server.RaftServerConfigKeys (ConfUtils.java:logGet(43)) - raft.server.log.statemachine.data.sync.timeout.retry = -1 (default)
2019-10-09 23:57:16,404 [pool-237-thread-1] INFO  server.RaftServerConfigKeys (ConfUtils.java:logGet(43)) - raft.server.log.statemachine.data.sync.timeout.retry = -1 (default)
2019-10-09 23:57:16,404 [pool-247-thread-1] INFO  server.RaftServerConfigKeys (ConfUtils.java:logGet(43)) - raft.server.log.statemachine.data.caching.enabled = true (custom)
2019-10-09 23:57:16,404 [pool-237-thread-1] INFO  server.RaftServerConfigKeys (ConfUtils.java:logGet(43)) - raft.server.log.statemachine.data.caching.enabled = true (custom)
2019-10-09 23:57:16,405 [pool-247-thread-1] INFO  segmented.SegmentedRaftLogWorker (SegmentedRaftLogWorker.java:lambda$new$0(128)) - 70047afe-0910-4555-ade8-6ade5e62522e@group-8C4623C5097C-SegmentedRaftLogWorker: flushIndex: setUnconditionally 0 -> -1
2019-10-09 23:57:16,405 [pool-237-thread-1] INFO  segmented.SegmentedRaftLogWorker (SegmentedRaftLogWorker.java:lambda$new$0(128)) - 78e81a3b-a007-4b1e-9676-7d47e80789cd@group-8C4623C5097C-SegmentedRaftLogWorker: flushIndex: setUnconditionally 0 -> -1
2019-10-09 23:57:16,405 [pool-247-thread-1] INFO  server.RaftServerConfigKeys (ConfUtils.java:logGet(43)) - raft.server.snapshot.auto.trigger.enabled = true (custom)
2019-10-09 23:57:16,405 [pool-237-thread-1] INFO  server.RaftServerConfigKeys (ConfUtils.java:logGet(43)) - raft.server.snapshot.auto.trigger.enabled = true (custom)
2019-10-09 23:57:16,405 [pool-257-thread-1] INFO  impl.RaftServerImpl (RaftServerImpl.java:start(181)) - f5a703b3-66a4-42d5-b4a4-337578d80bd8@group-8C4623C5097C: start as a follower, conf=-1: [f5a703b3-66a4-42d5-b4a4-337578d80bd8:192.168.5.166:38085, 78e81a3b-a007-4b1e-9676-7d47e80789cd:192.168.5.166:40575, 70047afe-0910-4555-ade8-6ade5e62522e:192.168.5.166:37086], old=null
2019-10-09 23:57:16,405 [pool-247-thread-1] INFO  server.RaftServerConfigKeys (ConfUtils.java:logGet(43)) - raft.server.snapshot.auto.trigger.threshold = 10000 (custom)
2019-10-09 23:57:16,405 [pool-237-thread-1] INFO  server.RaftServerConfigKeys (ConfUtils.java:logGet(43)) - raft.server.snapshot.auto.trigger.threshold = 10000 (custom)
2019-10-09 23:57:16,405 [pool-257-thread-1] INFO  impl.RaftServerImpl (RaftServerImpl.java:setRole(170)) - f5a703b3-66a4-42d5-b4a4-337578d80bd8@group-8C4623C5097C: changes role from      null to FOLLOWER at term 0 for startAsFollower
2019-10-09 23:57:16,405 [pool-247-thread-1] INFO  server.RaftServerConfigKeys (ConfUtils.java:logGet(43)) - raft.server.snapshot.retention.file.num = 5 (custom)
2019-10-09 23:57:16,405 [pool-237-thread-1] INFO  server.RaftServerConfigKeys (ConfUtils.java:logGet(43)) - raft.server.snapshot.retention.file.num = 5 (custom)
2019-10-09 23:57:16,406 [pool-247-thread-1] INFO  server.RaftServerConfigKeys (ConfUtils.java:logGet(43)) - raft.server.retrycache.expirytime = 600000ms (custom)
2019-10-09 23:57:16,406 [pool-237-thread-1] INFO  server.RaftServerConfigKeys (ConfUtils.java:logGet(43)) - raft.server.retrycache.expirytime = 600000ms (custom)
2019-10-09 23:57:16,406 [pool-257-thread-1] INFO  impl.RoleInfo (RoleInfo.java:updateAndGet(143)) - f5a703b3-66a4-42d5-b4a4-337578d80bd8: start FollowerState
2019-10-09 23:57:16,416 [pool-257-thread-1] INFO  util.JmxRegister (JmxRegister.java:tryRegister(44)) - Successfully registered JMX Bean with object name Ratis:service=RaftServer,group=group-8C4623C5097C,id=f5a703b3-66a4-42d5-b4a4-337578d80bd8
2019-10-09 23:57:16,417 [pool-247-thread-1] INFO  impl.RaftServerImpl (RaftServerImpl.java:start(181)) - 70047afe-0910-4555-ade8-6ade5e62522e@group-8C4623C5097C: start as a follower, conf=-1: [f5a703b3-66a4-42d5-b4a4-337578d80bd8:192.168.5.166:38085, 78e81a3b-a007-4b1e-9676-7d47e80789cd:192.168.5.166:40575, 70047afe-0910-4555-ade8-6ade5e62522e:192.168.5.166:37086], old=null
2019-10-09 23:57:16,417 [pool-247-thread-1] INFO  impl.RaftServerImpl (RaftServerImpl.java:setRole(170)) - 70047afe-0910-4555-ade8-6ade5e62522e@group-8C4623C5097C: changes role from      null to FOLLOWER at term 0 for startAsFollower
2019-10-09 23:57:16,417 [pool-247-thread-1] INFO  impl.RoleInfo (RoleInfo.java:updateAndGet(143)) - 70047afe-0910-4555-ade8-6ade5e62522e: start FollowerState
2019-10-09 23:57:16,418 [pool-247-thread-1] INFO  util.JmxRegister (JmxRegister.java:tryRegister(44)) - Successfully registered JMX Bean with object name Ratis:service=RaftServer,group=group-8C4623C5097C,id=70047afe-0910-4555-ade8-6ade5e62522e
2019-10-09 23:57:16,418 [pool-237-thread-1] INFO  impl.RaftServerImpl (RaftServerImpl.java:start(181)) - 78e81a3b-a007-4b1e-9676-7d47e80789cd@group-8C4623C5097C: start as a follower, conf=-1: [f5a703b3-66a4-42d5-b4a4-337578d80bd8:192.168.5.166:38085, 78e81a3b-a007-4b1e-9676-7d47e80789cd:192.168.5.166:40575, 70047afe-0910-4555-ade8-6ade5e62522e:192.168.5.166:37086], old=null
2019-10-09 23:57:16,418 [pool-237-thread-1] INFO  impl.RaftServerImpl (RaftServerImpl.java:setRole(170)) - 78e81a3b-a007-4b1e-9676-7d47e80789cd@group-8C4623C5097C: changes role from      null to FOLLOWER at term 0 for startAsFollower
2019-10-09 23:57:16,418 [pool-237-thread-1] INFO  impl.RoleInfo (RoleInfo.java:updateAndGet(143)) - 78e81a3b-a007-4b1e-9676-7d47e80789cd: start FollowerState
2019-10-09 23:57:16,428 [pool-237-thread-1] INFO  util.JmxRegister (JmxRegister.java:tryRegister(44)) - Successfully registered JMX Bean with object name Ratis:service=RaftServer,group=group-8C4623C5097C,id=78e81a3b-a007-4b1e-9676-7d47e80789cd
2019-10-09 23:57:16,434 [RatisPipelineUtilsThread] INFO  pipeline.PipelineStateManager (PipelineStateManager.java:addPipeline(57)) - Created pipeline Pipeline[ Id: 9e6124f3-f22d-44ac-822f-8c4623c5097c, Nodes: 78e81a3b-a007-4b1e-9676-7d47e80789cd{ip: 192.168.5.166, host: pr-hdds-1868-fg6nx-4263576025, networkLocation: /default-rack, certSerialId: null}f5a703b3-66a4-42d5-b4a4-337578d80bd8{ip: 192.168.5.166, host: pr-hdds-1868-fg6nx-4263576025, networkLocation: /default-rack, certSerialId: null}70047afe-0910-4555-ade8-6ade5e62522e{ip: 192.168.5.166, host: pr-hdds-1868-fg6nx-4263576025, networkLocation: /default-rack, certSerialId: null}, Type:RATIS, Factor:THREE, State:ALLOCATED]
2019-10-09 23:57:16,434 [Thread-1443] INFO  pipeline.PipelineStateManager (PipelineStateManager.java:finalizePipeline(123)) - Pipeline Pipeline[ Id: 093bfbdb-a492-4b94-af27-3ac47894eac8, Nodes: 267b4c01-3d7d-4c74-8ccf-ba11236bcdc8{ip: 192.168.5.166, host: pr-hdds-1868-fg6nx-4263576025, networkLocation: /default-rack, certSerialId: null}, Type:RATIS, Factor:ONE, State:CLOSED] moved to CLOSED state
2019-10-09 23:57:16,443 [grpc-default-executor-4] INFO  impl.RaftServerProxy (RaftServerProxy.java:remove(95)) - 267b4c01-3d7d-4c74-8ccf-ba11236bcdc8: remove  FOLLOWER 267b4c01-3d7d-4c74-8ccf-ba11236bcdc8@group-3AC47894EAC8:t0, leader=null, voted=null, raftlog=267b4c01-3d7d-4c74-8ccf-ba11236bcdc8@group-3AC47894EAC8-SegmentedRaftLog:OPENED:c-1,f-1,i0, conf=-1: [267b4c01-3d7d-4c74-8ccf-ba11236bcdc8:192.168.5.166:40372], old=null RUNNING
2019-10-09 23:57:16,446 [grpc-default-executor-4] INFO  impl.RaftServerImpl (RaftServerImpl.java:lambda$shutdown$3(247)) - 267b4c01-3d7d-4c74-8ccf-ba11236bcdc8@group-3AC47894EAC8: shutdown
2019-10-09 23:57:16,447 [grpc-default-executor-4] INFO  util.JmxRegister (JmxRegister.java:unregister(73)) - Successfully un-registered JMX Bean with object name Ratis:service=RaftServer,group=group-3AC47894EAC8,id=267b4c01-3d7d-4c74-8ccf-ba11236bcdc8
2019-10-09 23:57:16,447 [grpc-default-executor-4] INFO  impl.RoleInfo (RoleInfo.java:shutdownFollowerState(121)) - 267b4c01-3d7d-4c74-8ccf-ba11236bcdc8: shutdown FollowerState
2019-10-09 23:57:16,447 [grpc-default-executor-4] INFO  impl.StateMachineUpdater (StateMachineUpdater.java:stopAndJoin(136)) - 267b4c01-3d7d-4c74-8ccf-ba11236bcdc8@group-3AC47894EAC8-StateMachineUpdater: set stopIndex = -1
2019-10-09 23:57:16,447 [Thread-1445] INFO  impl.FollowerState (FollowerState.java:run(117)) - 267b4c01-3d7d-4c74-8ccf-ba11236bcdc8@group-3AC47894EAC8-FollowerState was interrupted: java.lang.InterruptedException: sleep interrupted
2019-10-09 23:57:16,447 [grpc-default-executor-4] INFO  impl.RaftServerImpl (ServerState.java:close(387)) - 267b4c01-3d7d-4c74-8ccf-ba11236bcdc8@group-3AC47894EAC8: closes. applyIndex: -1
2019-10-09 23:57:16,448 [267b4c01-3d7d-4c74-8ccf-ba11236bcdc8@group-3AC47894EAC8-SegmentedRaftLogWorker] INFO  segmented.SegmentedRaftLogWorker (SegmentedRaftLogWorker.java:run(316)) - 267b4c01-3d7d-4c74-8ccf-ba11236bcdc8@group-3AC47894EAC8-SegmentedRaftLogWorker was interrupted, exiting. There are 0 tasks remaining in the queue.
2019-10-09 23:57:16,448 [grpc-default-executor-4] INFO  segmented.SegmentedRaftLogWorker (SegmentedRaftLogWorker.java:close(224)) - 267b4c01-3d7d-4c74-8ccf-ba11236bcdc8@group-3AC47894EAC8-SegmentedRaftLogWorker close()
2019-10-09 23:57:16,458 [Thread-1443] INFO  pipeline.PipelineStateManager (PipelineStateManager.java:removePipeline(108)) - Pipeline Pipeline[ Id: 093bfbdb-a492-4b94-af27-3ac47894eac8, Nodes: 267b4c01-3d7d-4c74-8ccf-ba11236bcdc8{ip: 192.168.5.166, host: pr-hdds-1868-fg6nx-4263576025, networkLocation: /default-rack, certSerialId: null}, Type:RATIS, Factor:ONE, State:CLOSED] removed from db
2019-10-09 23:57:16,458 [Thread-1443] INFO  pipeline.SCMPipelineManager (SCMPipelineManager.java:finalizeAndDestroyPipeline(315)) - destroying pipeline:Pipeline[ Id: b5d56f4b-7ca0-472b-b08f-3e74022d0aaa, Nodes: 78e81a3b-a007-4b1e-9676-7d47e80789cd{ip: 192.168.5.166, host: pr-hdds-1868-fg6nx-4263576025, networkLocation: /default-rack, certSerialId: null}, Type:RATIS, Factor:ONE, State:ALLOCATED]
2019-10-09 23:57:16,462 [grpc-default-executor-4] INFO  impl.RaftServerProxy (RaftServerProxy.java:addNew(89)) - 267b4c01-3d7d-4c74-8ccf-ba11236bcdc8: addNew group-43C9A66A597C:[267b4c01-3d7d-4c74-8ccf-ba11236bcdc8:192.168.5.166:40372] returns group-43C9A66A597C:java.util.concurrent.CompletableFuture@50eaa1e2[Not completed]
2019-10-09 23:57:16,463 [pool-207-thread-1] INFO  impl.RaftServerImpl (RaftServerImpl.java:<init>(95)) - 267b4c01-3d7d-4c74-8ccf-ba11236bcdc8: new RaftServerImpl for group-43C9A66A597C:[267b4c01-3d7d-4c74-8ccf-ba11236bcdc8:192.168.5.166:40372] with ContainerStateMachine:uninitialized
2019-10-09 23:57:16,464 [pool-207-thread-1] INFO  server.RaftServerConfigKeys (ConfUtils.java:logGet(43)) - raft.server.rpc.timeout.min = 5s (custom)
2019-10-09 23:57:16,464 [pool-207-thread-1] INFO  server.RaftServerConfigKeys (ConfUtils.java:logGet(43)) - raft.server.rpc.timeout.max = 5200ms (custom)
2019-10-09 23:57:16,464 [pool-207-thread-1] INFO  server.RaftServerConfigKeys (ConfUtils.java:logGet(43)) - raft.server.rpcslowness.timeout = 120s (custom)
2019-10-09 23:57:16,464 [pool-207-thread-1] INFO  server.RaftServerConfigKeys (ConfUtils.java:logGet(43)) - raft.server.sleep.deviation.threshold = 300 (default)
2019-10-09 23:57:16,464 [pool-207-thread-1] INFO  server.RaftServerConfigKeys (ConfUtils.java:logGet(43)) - raft.server.log.appender.install.snapshot.enabled = false (custom)
2019-10-09 23:57:16,464 [pool-207-thread-1] INFO  impl.RaftServerImpl (ServerState.java:<init>(103)) - 267b4c01-3d7d-4c74-8ccf-ba11236bcdc8@group-43C9A66A597C: ConfigurationManager, init=-1: [267b4c01-3d7d-4c74-8ccf-ba11236bcdc8:192.168.5.166:40372], old=null, confs=<EMPTY_MAP>
2019-10-09 23:57:16,464 [pool-207-thread-1] INFO  server.RaftServerConfigKeys (ConfUtils.java:logGet(43)) - raft.server.storage.dir = [/workdir/hadoop-ozone/integration-test/target/test-dir/MiniOzoneClusterImpl-f2beb584-d50b-4d1b-9113-e73b8a8f1d7e/datanode-0/data/ratis] (custom)
2019-10-09 23:57:16,464 [pool-207-thread-1] INFO  server.RaftServerConfigKeys (ConfUtils.java:logGet(43)) - raft.server.log.corruption.policy = EXCEPTION (default)
2019-10-09 23:57:16,464 [pool-207-thread-1] INFO  storage.RaftStorageDirectory (RaftStorageDirectory.java:analyzeStorage(246)) - The storage directory /workdir/hadoop-ozone/integration-test/target/test-dir/MiniOzoneClusterImpl-f2beb584-d50b-4d1b-9113-e73b8a8f1d7e/datanode-0/data/ratis/3f27c8f1-e335-4ffc-bf72-43c9a66a597c does not exist. Creating ...
2019-10-09 23:57:16,474 [pool-207-thread-1] INFO  storage.RaftStorageDirectory (RaftStorageDirectory.java:tryLock(328)) - Lock on /workdir/hadoop-ozone/integration-test/target/test-dir/MiniOzoneClusterImpl-f2beb584-d50b-4d1b-9113-e73b8a8f1d7e/datanode-0/data/ratis/3f27c8f1-e335-4ffc-bf72-43c9a66a597c/in_use.lock acquired by nodename 25084@pr-hdds-1868-fg6nx-4263576025
2019-10-09 23:57:16,487 [pool-207-thread-1] INFO  storage.RaftStorage (RaftStorage.java:format(84)) - Storage directory /workdir/hadoop-ozone/integration-test/target/test-dir/MiniOzoneClusterImpl-f2beb584-d50b-4d1b-9113-e73b8a8f1d7e/datanode-0/data/ratis/3f27c8f1-e335-4ffc-bf72-43c9a66a597c has been successfully formatted.
2019-10-09 23:57:16,487 [pool-207-thread-1] INFO  ratis.ContainerStateMachine (ContainerStateMachine.java:loadSnapshot(233)) - group-43C9A66A597C: The snapshot info is null. Setting the last applied indexto:(t:0, i:~)
2019-10-09 23:57:16,487 [pool-207-thread-1] INFO  server.RaftServerConfigKeys (ConfUtils.java:logGet(43)) - raft.server.notification.no-leader.timeout = 120s (custom)
2019-10-09 23:57:16,487 [pool-207-thread-1] INFO  server.RaftServerConfigKeys (ConfUtils.java:logGet(43)) - raft.server.log.use.memory = false (default)
2019-10-09 23:57:16,487 [pool-207-thread-1] INFO  server.RaftServerConfigKeys (ConfUtils.java:logGet(43)) - raft.server.log.purge.gap = 1000000 (custom)
2019-10-09 23:57:16,487 [pool-207-thread-1] INFO  server.RaftServerConfigKeys (ConfUtils.java:logGet(43)) - raft.server.log.appender.buffer.byte-limit = 33554432 (custom)
2019-10-09 23:57:16,488 [pool-207-thread-1] INFO  server.RaftServerConfigKeys (ConfUtils.java:logGet(43)) - raft.server.log.segment.size.max = 1048576 (custom)
2019-10-09 23:57:16,488 [pool-207-thread-1] INFO  server.RaftServerConfigKeys (ConfUtils.java:logGet(43)) - raft.server.log.segment.cache.num.max = 2 (custom)
2019-10-09 23:57:16,488 [pool-207-thread-1] INFO  segmented.SegmentedRaftLogWorker (SegmentedRaftLogWorker.java:<init>(173)) - new 267b4c01-3d7d-4c74-8ccf-ba11236bcdc8@group-43C9A66A597C-SegmentedRaftLogWorker for RaftStorage:Storage Directory /workdir/hadoop-ozone/integration-test/target/test-dir/MiniOzoneClusterImpl-f2beb584-d50b-4d1b-9113-e73b8a8f1d7e/datanode-0/data/ratis/3f27c8f1-e335-4ffc-bf72-43c9a66a597c
2019-10-09 23:57:16,488 [pool-207-thread-1] INFO  server.RaftServerConfigKeys (ConfUtils.java:logGet(43)) - raft.server.log.queue.byte-limit = 2147483647 (custom)
2019-10-09 23:57:16,488 [pool-207-thread-1] INFO  server.RaftServerConfigKeys (ConfUtils.java:logGet(43)) - raft.server.log.queue.element-limit = 1024 (custom)
2019-10-09 23:57:16,488 [pool-207-thread-1] INFO  server.RaftServerConfigKeys (ConfUtils.java:logGet(43)) - raft.server.log.segment.size.max = 1048576 (custom)
2019-10-09 23:57:16,488 [pool-207-thread-1] INFO  server.RaftServerConfigKeys (ConfUtils.java:logGet(43)) - raft.server.log.preallocated.size = 16384 (custom)
2019-10-09 23:57:16,488 [pool-207-thread-1] INFO  server.RaftServerConfigKeys (ConfUtils.java:logGet(43)) - raft.server.log.write.buffer.size = 33554432 (custom)
2019-10-09 23:57:16,488 [pool-207-thread-1] INFO  server.RaftServerConfigKeys (ConfUtils.java:logGet(43)) - raft.server.log.force.sync.num = 128 (default)
2019-10-09 23:57:16,488 [pool-207-thread-1] INFO  server.RaftServerConfigKeys (ConfUtils.java:logGet(43)) - raft.server.log.statemachine.data.sync = true (default)
2019-10-09 23:57:16,489 [pool-207-thread-1] INFO  server.RaftServerConfigKeys (ConfUtils.java:logGet(43)) - raft.server.log.statemachine.data.sync.timeout = 10s (default)
2019-10-09 23:57:16,489 [pool-207-thread-1] INFO  server.RaftServerConfigKeys (ConfUtils.java:logGet(43)) - raft.server.log.statemachine.data.sync.timeout.retry = -1 (default)
2019-10-09 23:57:16,489 [pool-207-thread-1] INFO  server.RaftServerConfigKeys (ConfUtils.java:logGet(43)) - raft.server.log.statemachine.data.caching.enabled = true (custom)
2019-10-09 23:57:16,489 [pool-207-thread-1] INFO  segmented.SegmentedRaftLogWorker (SegmentedRaftLogWorker.java:lambda$new$0(128)) - 267b4c01-3d7d-4c74-8ccf-ba11236bcdc8@group-43C9A66A597C-SegmentedRaftLogWorker: flushIndex: setUnconditionally 0 -> -1
2019-10-09 23:57:16,489 [pool-207-thread-1] INFO  server.RaftServerConfigKeys (ConfUtils.java:logGet(43)) - raft.server.snapshot.auto.trigger.enabled = true (custom)
2019-10-09 23:57:16,489 [pool-207-thread-1] INFO  server.RaftServerConfigKeys (ConfUtils.java:logGet(43)) - raft.server.snapshot.auto.trigger.threshold = 10000 (custom)
2019-10-09 23:57:16,490 [pool-207-thread-1] INFO  server.RaftServerConfigKeys (ConfUtils.java:logGet(43)) - raft.server.snapshot.retention.file.num = 5 (custom)
2019-10-09 23:57:16,490 [pool-207-thread-1] INFO  server.RaftServerConfigKeys (ConfUtils.java:logGet(43)) - raft.server.retrycache.expirytime = 600000ms (custom)
2019-10-09 23:57:16,491 [pool-207-thread-1] INFO  impl.RaftServerImpl (RaftServerImpl.java:start(181)) - 267b4c01-3d7d-4c74-8ccf-ba11236bcdc8@group-43C9A66A597C: start as a follower, conf=-1: [267b4c01-3d7d-4c74-8ccf-ba11236bcdc8:192.168.5.166:40372], old=null
2019-10-09 23:57:16,491 [pool-207-thread-1] INFO  impl.RaftServerImpl (RaftServerImpl.java:setRole(170)) - 267b4c01-3d7d-4c74-8ccf-ba11236bcdc8@group-43C9A66A597C: changes role from      null to FOLLOWER at term 0 for startAsFollower
2019-10-09 23:57:16,491 [pool-207-thread-1] INFO  impl.RoleInfo (RoleInfo.java:updateAndGet(143)) - 267b4c01-3d7d-4c74-8ccf-ba11236bcdc8: start FollowerState
2019-10-09 23:57:16,492 [pool-207-thread-1] INFO  util.JmxRegister (JmxRegister.java:tryRegister(44)) - Successfully registered JMX Bean with object name Ratis:service=RaftServer,group=group-43C9A66A597C,id=267b4c01-3d7d-4c74-8ccf-ba11236bcdc8
2019-10-09 23:57:16,495 [RatisPipelineUtilsThread] INFO  pipeline.PipelineStateManager (PipelineStateManager.java:addPipeline(57)) - Created pipeline Pipeline[ Id: 3f27c8f1-e335-4ffc-bf72-43c9a66a597c, Nodes: 267b4c01-3d7d-4c74-8ccf-ba11236bcdc8{ip: 192.168.5.166, host: pr-hdds-1868-fg6nx-4263576025, networkLocation: /default-rack, certSerialId: null}, Type:RATIS, Factor:ONE, State:ALLOCATED]
2019-10-09 23:57:16,496 [Thread-1443] INFO  pipeline.PipelineStateManager (PipelineStateManager.java:finalizePipeline(123)) - Pipeline Pipeline[ Id: b5d56f4b-7ca0-472b-b08f-3e74022d0aaa, Nodes: 78e81a3b-a007-4b1e-9676-7d47e80789cd{ip: 192.168.5.166, host: pr-hdds-1868-fg6nx-4263576025, networkLocation: /default-rack, certSerialId: null}, Type:RATIS, Factor:ONE, State:CLOSED] moved to CLOSED state
2019-10-09 23:57:16,502 [grpc-default-executor-4] INFO  impl.RaftServerProxy (RaftServerProxy.java:remove(95)) - 78e81a3b-a007-4b1e-9676-7d47e80789cd: remove  FOLLOWER 78e81a3b-a007-4b1e-9676-7d47e80789cd@group-3E74022D0AAA:t0, leader=null, voted=null, raftlog=78e81a3b-a007-4b1e-9676-7d47e80789cd@group-3E74022D0AAA-SegmentedRaftLog:OPENED:c-1,f-1,i0, conf=-1: [78e81a3b-a007-4b1e-9676-7d47e80789cd:192.168.5.166:40575], old=null RUNNING
2019-10-09 23:57:16,502 [grpc-default-executor-4] INFO  impl.RaftServerImpl (RaftServerImpl.java:lambda$shutdown$3(247)) - 78e81a3b-a007-4b1e-9676-7d47e80789cd@group-3E74022D0AAA: shutdown
2019-10-09 23:57:16,502 [grpc-default-executor-4] INFO  util.JmxRegister (JmxRegister.java:unregister(73)) - Successfully un-registered JMX Bean with object name Ratis:service=RaftServer,group=group-3E74022D0AAA,id=78e81a3b-a007-4b1e-9676-7d47e80789cd
2019-10-09 23:57:16,502 [grpc-default-executor-4] INFO  impl.RoleInfo (RoleInfo.java:shutdownFollowerState(121)) - 78e81a3b-a007-4b1e-9676-7d47e80789cd: shutdown FollowerState
2019-10-09 23:57:16,502 [grpc-default-executor-4] INFO  impl.StateMachineUpdater (StateMachineUpdater.java:stopAndJoin(136)) - 78e81a3b-a007-4b1e-9676-7d47e80789cd@group-3E74022D0AAA-StateMachineUpdater: set stopIndex = -1
2019-10-09 23:57:16,502 [Thread-1463] INFO  impl.FollowerState (FollowerState.java:run(117)) - 78e81a3b-a007-4b1e-9676-7d47e80789cd@group-3E74022D0AAA-FollowerState was interrupted: java.lang.InterruptedException: sleep interrupted
2019-10-09 23:57:16,503 [grpc-default-executor-4] INFO  impl.RaftServerImpl (ServerState.java:close(387)) - 78e81a3b-a007-4b1e-9676-7d47e80789cd@group-3E74022D0AAA: closes. applyIndex: -1
2019-10-09 23:57:16,503 [78e81a3b-a007-4b1e-9676-7d47e80789cd@group-3E74022D0AAA-SegmentedRaftLogWorker] INFO  segmented.SegmentedRaftLogWorker (SegmentedRaftLogWorker.java:run(316)) - 78e81a3b-a007-4b1e-9676-7d47e80789cd@group-3E74022D0AAA-SegmentedRaftLogWorker was interrupted, exiting. There are 0 tasks remaining in the queue.
2019-10-09 23:57:16,503 [grpc-default-executor-4] INFO  segmented.SegmentedRaftLogWorker (SegmentedRaftLogWorker.java:close(224)) - 78e81a3b-a007-4b1e-9676-7d47e80789cd@group-3E74022D0AAA-SegmentedRaftLogWorker close()
2019-10-09 23:57:16,508 [Thread-1443] INFO  pipeline.PipelineStateManager (PipelineStateManager.java:removePipeline(108)) - Pipeline Pipeline[ Id: b5d56f4b-7ca0-472b-b08f-3e74022d0aaa, Nodes: 78e81a3b-a007-4b1e-9676-7d47e80789cd{ip: 192.168.5.166, host: pr-hdds-1868-fg6nx-4263576025, networkLocation: /default-rack, certSerialId: null}, Type:RATIS, Factor:ONE, State:CLOSED] removed from db
2019-10-09 23:57:16,508 [Thread-1443] INFO  pipeline.SCMPipelineManager (SCMPipelineManager.java:finalizeAndDestroyPipeline(315)) - destroying pipeline:Pipeline[ Id: 44c0abc5-86e6-4fac-9e33-a583d756ae80, Nodes: 70047afe-0910-4555-ade8-6ade5e62522e{ip: 192.168.5.166, host: pr-hdds-1868-fg6nx-4263576025, networkLocation: /default-rack, certSerialId: null}, Type:RATIS, Factor:ONE, State:ALLOCATED]
2019-10-09 23:57:16,511 [grpc-default-executor-4] INFO  impl.RaftServerProxy (RaftServerProxy.java:addNew(89)) - 78e81a3b-a007-4b1e-9676-7d47e80789cd: addNew group-AD7DD3F29930:[78e81a3b-a007-4b1e-9676-7d47e80789cd:192.168.5.166:40575] returns group-AD7DD3F29930:java.util.concurrent.CompletableFuture@7a24e10d[Not completed]
2019-10-09 23:57:16,511 [pool-237-thread-1] INFO  impl.RaftServerImpl (RaftServerImpl.java:<init>(95)) - 78e81a3b-a007-4b1e-9676-7d47e80789cd: new RaftServerImpl for group-AD7DD3F29930:[78e81a3b-a007-4b1e-9676-7d47e80789cd:192.168.5.166:40575] with ContainerStateMachine:uninitialized
2019-10-09 23:57:16,512 [pool-237-thread-1] INFO  server.RaftServerConfigKeys (ConfUtils.java:logGet(43)) - raft.server.rpc.timeout.min = 5s (custom)
2019-10-09 23:57:16,512 [pool-237-thread-1] INFO  server.RaftServerConfigKeys (ConfUtils.java:logGet(43)) - raft.server.rpc.timeout.max = 5200ms (custom)
2019-10-09 23:57:16,512 [pool-237-thread-1] INFO  server.RaftServerConfigKeys (ConfUtils.java:logGet(43)) - raft.server.rpcslowness.timeout = 120s (custom)
2019-10-09 23:57:16,512 [pool-237-thread-1] INFO  server.RaftServerConfigKeys (ConfUtils.java:logGet(43)) - raft.server.sleep.deviation.threshold = 300 (default)
2019-10-09 23:57:16,512 [pool-237-thread-1] INFO  server.RaftServerConfigKeys (ConfUtils.java:logGet(43)) - raft.server.log.appender.install.snapshot.enabled = false (custom)
2019-10-09 23:57:16,512 [pool-237-thread-1] INFO  impl.RaftServerImpl (ServerState.java:<init>(103)) - 78e81a3b-a007-4b1e-9676-7d47e80789cd@group-AD7DD3F29930: ConfigurationManager, init=-1: [78e81a3b-a007-4b1e-9676-7d47e80789cd:192.168.5.166:40575], old=null, confs=<EMPTY_MAP>
2019-10-09 23:57:16,512 [pool-237-thread-1] INFO  server.RaftServerConfigKeys (ConfUtils.java:logGet(43)) - raft.server.storage.dir = [/workdir/hadoop-ozone/integration-test/target/test-dir/MiniOzoneClusterImpl-f2beb584-d50b-4d1b-9113-e73b8a8f1d7e/datanode-3/data/ratis] (custom)
2019-10-09 23:57:16,512 [pool-237-thread-1] INFO  server.RaftServerConfigKeys (ConfUtils.java:logGet(43)) - raft.server.log.corruption.policy = EXCEPTION (default)
2019-10-09 23:57:16,512 [pool-237-thread-1] INFO  storage.RaftStorageDirectory (RaftStorageDirectory.java:analyzeStorage(246)) - The storage directory /workdir/hadoop-ozone/integration-test/target/test-dir/MiniOzoneClusterImpl-f2beb584-d50b-4d1b-9113-e73b8a8f1d7e/datanode-3/data/ratis/9b0f90c6-da87-4088-9fa6-ad7dd3f29930 does not exist. Creating ...
2019-10-09 23:57:16,525 [pool-237-thread-1] INFO  storage.RaftStorageDirectory (RaftStorageDirectory.java:tryLock(328)) - Lock on /workdir/hadoop-ozone/integration-test/target/test-dir/MiniOzoneClusterImpl-f2beb584-d50b-4d1b-9113-e73b8a8f1d7e/datanode-3/data/ratis/9b0f90c6-da87-4088-9fa6-ad7dd3f29930/in_use.lock acquired by nodename 25084@pr-hdds-1868-fg6nx-4263576025
2019-10-09 23:57:16,538 [pool-237-thread-1] INFO  storage.RaftStorage (RaftStorage.java:format(84)) - Storage directory /workdir/hadoop-ozone/integration-test/target/test-dir/MiniOzoneClusterImpl-f2beb584-d50b-4d1b-9113-e73b8a8f1d7e/datanode-3/data/ratis/9b0f90c6-da87-4088-9fa6-ad7dd3f29930 has been successfully formatted.
2019-10-09 23:57:16,538 [pool-237-thread-1] INFO  ratis.ContainerStateMachine (ContainerStateMachine.java:loadSnapshot(233)) - group-AD7DD3F29930: The snapshot info is null. Setting the last applied indexto:(t:0, i:~)
2019-10-09 23:57:16,538 [pool-237-thread-1] INFO  server.RaftServerConfigKeys (ConfUtils.java:logGet(43)) - raft.server.notification.no-leader.timeout = 120s (custom)
2019-10-09 23:57:16,538 [pool-237-thread-1] INFO  server.RaftServerConfigKeys (ConfUtils.java:logGet(43)) - raft.server.log.use.memory = false (default)
2019-10-09 23:57:16,538 [pool-237-thread-1] INFO  server.RaftServerConfigKeys (ConfUtils.java:logGet(43)) - raft.server.log.purge.gap = 1000000 (custom)
2019-10-09 23:57:16,538 [pool-237-thread-1] INFO  server.RaftServerConfigKeys (ConfUtils.java:logGet(43)) - raft.server.log.appender.buffer.byte-limit = 33554432 (custom)
2019-10-09 23:57:16,539 [pool-237-thread-1] INFO  server.RaftServerConfigKeys (ConfUtils.java:logGet(43)) - raft.server.log.segment.size.max = 1048576 (custom)
2019-10-09 23:57:16,539 [pool-237-thread-1] INFO  server.RaftServerConfigKeys (ConfUtils.java:logGet(43)) - raft.server.log.segment.cache.num.max = 2 (custom)
2019-10-09 23:57:16,539 [pool-237-thread-1] INFO  segmented.SegmentedRaftLogWorker (SegmentedRaftLogWorker.java:<init>(173)) - new 78e81a3b-a007-4b1e-9676-7d47e80789cd@group-AD7DD3F29930-SegmentedRaftLogWorker for RaftStorage:Storage Directory /workdir/hadoop-ozone/integration-test/target/test-dir/MiniOzoneClusterImpl-f2beb584-d50b-4d1b-9113-e73b8a8f1d7e/datanode-3/data/ratis/9b0f90c6-da87-4088-9fa6-ad7dd3f29930
2019-10-09 23:57:16,539 [pool-237-thread-1] INFO  server.RaftServerConfigKeys (ConfUtils.java:logGet(43)) - raft.server.log.queue.byte-limit = 2147483647 (custom)
2019-10-09 23:57:16,539 [pool-237-thread-1] INFO  server.RaftServerConfigKeys (ConfUtils.java:logGet(43)) - raft.server.log.queue.element-limit = 1024 (custom)
2019-10-09 23:57:16,539 [pool-237-thread-1] INFO  server.RaftServerConfigKeys (ConfUtils.java:logGet(43)) - raft.server.log.segment.size.max = 1048576 (custom)
2019-10-09 23:57:16,539 [pool-237-thread-1] INFO  server.RaftServerConfigKeys (ConfUtils.java:logGet(43)) - raft.server.log.preallocated.size = 16384 (custom)
2019-10-09 23:57:16,539 [pool-237-thread-1] INFO  server.RaftServerConfigKeys (ConfUtils.java:logGet(43)) - raft.server.log.write.buffer.size = 33554432 (custom)
2019-10-09 23:57:16,539 [pool-237-thread-1] INFO  server.RaftServerConfigKeys (ConfUtils.java:logGet(43)) - raft.server.log.force.sync.num = 128 (default)
2019-10-09 23:57:16,539 [pool-237-thread-1] INFO  server.RaftServerConfigKeys (ConfUtils.java:logGet(43)) - raft.server.log.statemachine.data.sync = true (default)
2019-10-09 23:57:16,539 [pool-237-thread-1] INFO  server.RaftServerConfigKeys (ConfUtils.java:logGet(43)) - raft.server.log.statemachine.data.sync.timeout = 10s (default)
2019-10-09 23:57:16,539 [pool-237-thread-1] INFO  server.RaftServerConfigKeys (ConfUtils.java:logGet(43)) - raft.server.log.statemachine.data.sync.timeout.retry = -1 (default)
2019-10-09 23:57:16,540 [pool-237-thread-1] INFO  server.RaftServerConfigKeys (ConfUtils.java:logGet(43)) - raft.server.log.statemachine.data.caching.enabled = true (custom)
2019-10-09 23:57:16,540 [pool-237-thread-1] INFO  segmented.SegmentedRaftLogWorker (SegmentedRaftLogWorker.java:lambda$new$0(128)) - 78e81a3b-a007-4b1e-9676-7d47e80789cd@group-AD7DD3F29930-SegmentedRaftLogWorker: flushIndex: setUnconditionally 0 -> -1
2019-10-09 23:57:16,540 [pool-237-thread-1] INFO  server.RaftServerConfigKeys (ConfUtils.java:logGet(43)) - raft.server.snapshot.auto.trigger.enabled = true (custom)
2019-10-09 23:57:16,540 [pool-237-thread-1] INFO  server.RaftServerConfigKeys (ConfUtils.java:logGet(43)) - raft.server.snapshot.auto.trigger.threshold = 10000 (custom)
2019-10-09 23:57:16,540 [pool-237-thread-1] INFO  server.RaftServerConfigKeys (ConfUtils.java:logGet(43)) - raft.server.snapshot.retention.file.num = 5 (custom)
2019-10-09 23:57:16,540 [pool-237-thread-1] INFO  server.RaftServerConfigKeys (ConfUtils.java:logGet(43)) - raft.server.retrycache.expirytime = 600000ms (custom)
2019-10-09 23:57:16,542 [pool-237-thread-1] INFO  impl.RaftServerImpl (RaftServerImpl.java:start(181)) - 78e81a3b-a007-4b1e-9676-7d47e80789cd@group-AD7DD3F29930: start as a follower, conf=-1: [78e81a3b-a007-4b1e-9676-7d47e80789cd:192.168.5.166:40575], old=null
2019-10-09 23:57:16,542 [pool-237-thread-1] INFO  impl.RaftServerImpl (RaftServerImpl.java:setRole(170)) - 78e81a3b-a007-4b1e-9676-7d47e80789cd@group-AD7DD3F29930: changes role from      null to FOLLOWER at term 0 for startAsFollower
2019-10-09 23:57:16,542 [pool-237-thread-1] INFO  impl.RoleInfo (RoleInfo.java:updateAndGet(143)) - 78e81a3b-a007-4b1e-9676-7d47e80789cd: start FollowerState
2019-10-09 23:57:16,542 [pool-237-thread-1] INFO  util.JmxRegister (JmxRegister.java:tryRegister(44)) - Successfully registered JMX Bean with object name Ratis:service=RaftServer,group=group-AD7DD3F29930,id=78e81a3b-a007-4b1e-9676-7d47e80789cd
2019-10-09 23:57:16,546 [RatisPipelineUtilsThread] INFO  pipeline.PipelineStateManager (PipelineStateManager.java:addPipeline(57)) - Created pipeline Pipeline[ Id: 9b0f90c6-da87-4088-9fa6-ad7dd3f29930, Nodes: 78e81a3b-a007-4b1e-9676-7d47e80789cd{ip: 192.168.5.166, host: pr-hdds-1868-fg6nx-4263576025, networkLocation: /default-rack, certSerialId: null}, Type:RATIS, Factor:ONE, State:ALLOCATED]
2019-10-09 23:57:16,546 [Thread-1443] INFO  pipeline.PipelineStateManager (PipelineStateManager.java:finalizePipeline(123)) - Pipeline Pipeline[ Id: 44c0abc5-86e6-4fac-9e33-a583d756ae80, Nodes: 70047afe-0910-4555-ade8-6ade5e62522e{ip: 192.168.5.166, host: pr-hdds-1868-fg6nx-4263576025, networkLocation: /default-rack, certSerialId: null}, Type:RATIS, Factor:ONE, State:CLOSED] moved to CLOSED state
2019-10-09 23:57:16,552 [grpc-default-executor-4] INFO  impl.RaftServerProxy (RaftServerProxy.java:remove(95)) - 70047afe-0910-4555-ade8-6ade5e62522e: remove  FOLLOWER 70047afe-0910-4555-ade8-6ade5e62522e@group-A583D756AE80:t0, leader=null, voted=null, raftlog=70047afe-0910-4555-ade8-6ade5e62522e@group-A583D756AE80-SegmentedRaftLog:OPENED:c-1,f-1,i0, conf=-1: [70047afe-0910-4555-ade8-6ade5e62522e:192.168.5.166:37086], old=null RUNNING
2019-10-09 23:57:16,552 [grpc-default-executor-4] INFO  impl.RaftServerImpl (RaftServerImpl.java:lambda$shutdown$3(247)) - 70047afe-0910-4555-ade8-6ade5e62522e@group-A583D756AE80: shutdown
2019-10-09 23:57:16,552 [grpc-default-executor-4] INFO  util.JmxRegister (JmxRegister.java:unregister(73)) - Successfully un-registered JMX Bean with object name Ratis:service=RaftServer,group=group-A583D756AE80,id=70047afe-0910-4555-ade8-6ade5e62522e
2019-10-09 23:57:16,552 [grpc-default-executor-4] INFO  impl.RoleInfo (RoleInfo.java:shutdownFollowerState(121)) - 70047afe-0910-4555-ade8-6ade5e62522e: shutdown FollowerState
2019-10-09 23:57:16,553 [grpc-default-executor-4] INFO  impl.StateMachineUpdater (StateMachineUpdater.java:stopAndJoin(136)) - 70047afe-0910-4555-ade8-6ade5e62522e@group-A583D756AE80-StateMachineUpdater: set stopIndex = -1
2019-10-09 23:57:16,553 [Thread-1466] INFO  impl.FollowerState (FollowerState.java:run(117)) - 70047afe-0910-4555-ade8-6ade5e62522e@group-A583D756AE80-FollowerState was interrupted: java.lang.InterruptedException: sleep interrupted
2019-10-09 23:57:16,553 [grpc-default-executor-4] INFO  impl.RaftServerImpl (ServerState.java:close(387)) - 70047afe-0910-4555-ade8-6ade5e62522e@group-A583D756AE80: closes. applyIndex: -1
2019-10-09 23:57:16,553 [70047afe-0910-4555-ade8-6ade5e62522e@group-A583D756AE80-SegmentedRaftLogWorker] INFO  segmented.SegmentedRaftLogWorker (SegmentedRaftLogWorker.java:run(316)) - 70047afe-0910-4555-ade8-6ade5e62522e@group-A583D756AE80-SegmentedRaftLogWorker was interrupted, exiting. There are 0 tasks remaining in the queue.
2019-10-09 23:57:16,553 [grpc-default-executor-4] INFO  segmented.SegmentedRaftLogWorker (SegmentedRaftLogWorker.java:close(224)) - 70047afe-0910-4555-ade8-6ade5e62522e@group-A583D756AE80-SegmentedRaftLogWorker close()
2019-10-09 23:57:16,556 [main] INFO  ozone.MiniOzoneClusterImpl (MiniOzoneClusterImpl.java:lambda$waitForClusterToBeReady$2(164)) - Waiting for 8 number of pipelines out of 9, to report a leader.
2019-10-09 23:57:16,562 [Thread-1443] INFO  pipeline.PipelineStateManager (PipelineStateManager.java:removePipeline(108)) - Pipeline Pipeline[ Id: 44c0abc5-86e6-4fac-9e33-a583d756ae80, Nodes: 70047afe-0910-4555-ade8-6ade5e62522e{ip: 192.168.5.166, host: pr-hdds-1868-fg6nx-4263576025, networkLocation: /default-rack, certSerialId: null}, Type:RATIS, Factor:ONE, State:CLOSED] removed from db
2019-10-09 23:57:16,562 [Thread-1443] INFO  pipeline.SCMPipelineManager (SCMPipelineManager.java:finalizeAndDestroyPipeline(315)) - destroying pipeline:Pipeline[ Id: 540f6d8b-7f93-4b4b-8b8d-c4284bf28717, Nodes: 7efd9bf7-a6c0-4f93-9bd9-a1d7634c727c{ip: 192.168.5.166, host: pr-hdds-1868-fg6nx-4263576025, networkLocation: /default-rack, certSerialId: null}, Type:RATIS, Factor:ONE, State:ALLOCATED]
2019-10-09 23:57:16,566 [grpc-default-executor-4] INFO  impl.RaftServerProxy (RaftServerProxy.java:addNew(89)) - 70047afe-0910-4555-ade8-6ade5e62522e: addNew group-5BE615330D44:[70047afe-0910-4555-ade8-6ade5e62522e:192.168.5.166:37086] returns group-5BE615330D44:java.util.concurrent.CompletableFuture@52f9099b[Not completed]
2019-10-09 23:57:16,567 [pool-247-thread-1] INFO  impl.RaftServerImpl (RaftServerImpl.java:<init>(95)) - 70047afe-0910-4555-ade8-6ade5e62522e: new RaftServerImpl for group-5BE615330D44:[70047afe-0910-4555-ade8-6ade5e62522e:192.168.5.166:37086] with ContainerStateMachine:uninitialized
2019-10-09 23:57:16,567 [pool-247-thread-1] INFO  server.RaftServerConfigKeys (ConfUtils.java:logGet(43)) - raft.server.rpc.timeout.min = 5s (custom)
2019-10-09 23:57:16,568 [pool-247-thread-1] INFO  server.RaftServerConfigKeys (ConfUtils.java:logGet(43)) - raft.server.rpc.timeout.max = 5200ms (custom)
2019-10-09 23:57:16,568 [pool-247-thread-1] INFO  server.RaftServerConfigKeys (ConfUtils.java:logGet(43)) - raft.server.rpcslowness.timeout = 120s (custom)
2019-10-09 23:57:16,568 [pool-247-thread-1] INFO  server.RaftServerConfigKeys (ConfUtils.java:logGet(43)) - raft.server.sleep.deviation.threshold = 300 (default)
2019-10-09 23:57:16,568 [pool-247-thread-1] INFO  server.RaftServerConfigKeys (ConfUtils.java:logGet(43)) - raft.server.log.appender.install.snapshot.enabled = false (custom)
2019-10-09 23:57:16,568 [pool-247-thread-1] INFO  impl.RaftServerImpl (ServerState.java:<init>(103)) - 70047afe-0910-4555-ade8-6ade5e62522e@group-5BE615330D44: ConfigurationManager, init=-1: [70047afe-0910-4555-ade8-6ade5e62522e:192.168.5.166:37086], old=null, confs=<EMPTY_MAP>
2019-10-09 23:57:16,568 [pool-247-thread-1] INFO  server.RaftServerConfigKeys (ConfUtils.java:logGet(43)) - raft.server.storage.dir = [/workdir/hadoop-ozone/integration-test/target/test-dir/MiniOzoneClusterImpl-f2beb584-d50b-4d1b-9113-e73b8a8f1d7e/datanode-4/data/ratis] (custom)
2019-10-09 23:57:16,568 [pool-247-thread-1] INFO  server.RaftServerConfigKeys (ConfUtils.java:logGet(43)) - raft.server.log.corruption.policy = EXCEPTION (default)
2019-10-09 23:57:16,568 [pool-247-thread-1] INFO  storage.RaftStorageDirectory (RaftStorageDirectory.java:analyzeStorage(246)) - The storage directory /workdir/hadoop-ozone/integration-test/target/test-dir/MiniOzoneClusterImpl-f2beb584-d50b-4d1b-9113-e73b8a8f1d7e/datanode-4/data/ratis/6c1897db-0e20-4832-b6e2-5be615330d44 does not exist. Creating ...
2019-10-09 23:57:16,581 [pool-247-thread-1] INFO  storage.RaftStorageDirectory (RaftStorageDirectory.java:tryLock(328)) - Lock on /workdir/hadoop-ozone/integration-test/target/test-dir/MiniOzoneClusterImpl-f2beb584-d50b-4d1b-9113-e73b8a8f1d7e/datanode-4/data/ratis/6c1897db-0e20-4832-b6e2-5be615330d44/in_use.lock acquired by nodename 25084@pr-hdds-1868-fg6nx-4263576025
2019-10-09 23:57:16,593 [pool-247-thread-1] INFO  storage.RaftStorage (RaftStorage.java:format(84)) - Storage directory /workdir/hadoop-ozone/integration-test/target/test-dir/MiniOzoneClusterImpl-f2beb584-d50b-4d1b-9113-e73b8a8f1d7e/datanode-4/data/ratis/6c1897db-0e20-4832-b6e2-5be615330d44 has been successfully formatted.
2019-10-09 23:57:16,593 [pool-247-thread-1] INFO  ratis.ContainerStateMachine (ContainerStateMachine.java:loadSnapshot(233)) - group-5BE615330D44: The snapshot info is null. Setting the last applied indexto:(t:0, i:~)
2019-10-09 23:57:16,594 [pool-247-thread-1] INFO  server.RaftServerConfigKeys (ConfUtils.java:logGet(43)) - raft.server.notification.no-leader.timeout = 120s (custom)
2019-10-09 23:57:16,594 [pool-247-thread-1] INFO  server.RaftServerConfigKeys (ConfUtils.java:logGet(43)) - raft.server.log.use.memory = false (default)
2019-10-09 23:57:16,594 [pool-247-thread-1] INFO  server.RaftServerConfigKeys (ConfUtils.java:logGet(43)) - raft.server.log.purge.gap = 1000000 (custom)
2019-10-09 23:57:16,594 [pool-247-thread-1] INFO  server.RaftServerConfigKeys (ConfUtils.java:logGet(43)) - raft.server.log.appender.buffer.byte-limit = 33554432 (custom)
2019-10-09 23:57:16,594 [pool-247-thread-1] INFO  server.RaftServerConfigKeys (ConfUtils.java:logGet(43)) - raft.server.log.segment.size.max = 1048576 (custom)
2019-10-09 23:57:16,594 [pool-247-thread-1] INFO  server.RaftServerConfigKeys (ConfUtils.java:logGet(43)) - raft.server.log.segment.cache.num.max = 2 (custom)
2019-10-09 23:57:16,594 [pool-247-thread-1] INFO  segmented.SegmentedRaftLogWorker (SegmentedRaftLogWorker.java:<init>(173)) - new 70047afe-0910-4555-ade8-6ade5e62522e@group-5BE615330D44-SegmentedRaftLogWorker for RaftStorage:Storage Directory /workdir/hadoop-ozone/integration-test/target/test-dir/MiniOzoneClusterImpl-f2beb584-d50b-4d1b-9113-e73b8a8f1d7e/datanode-4/data/ratis/6c1897db-0e20-4832-b6e2-5be615330d44
2019-10-09 23:57:16,594 [pool-247-thread-1] INFO  server.RaftServerConfigKeys (ConfUtils.java:logGet(43)) - raft.server.log.queue.byte-limit = 2147483647 (custom)
2019-10-09 23:57:16,594 [pool-247-thread-1] INFO  server.RaftServerConfigKeys (ConfUtils.java:logGet(43)) - raft.server.log.queue.element-limit = 1024 (custom)
2019-10-09 23:57:16,594 [pool-247-thread-1] INFO  server.RaftServerConfigKeys (ConfUtils.java:logGet(43)) - raft.server.log.segment.size.max = 1048576 (custom)
2019-10-09 23:57:16,594 [pool-247-thread-1] INFO  server.RaftServerConfigKeys (ConfUtils.java:logGet(43)) - raft.server.log.preallocated.size = 16384 (custom)
2019-10-09 23:57:16,595 [pool-247-thread-1] INFO  server.RaftServerConfigKeys (ConfUtils.java:logGet(43)) - raft.server.log.write.buffer.size = 33554432 (custom)
2019-10-09 23:57:16,595 [pool-247-thread-1] INFO  server.RaftServerConfigKeys (ConfUtils.java:logGet(43)) - raft.server.log.force.sync.num = 128 (default)
2019-10-09 23:57:16,595 [pool-247-thread-1] INFO  server.RaftServerConfigKeys (ConfUtils.java:logGet(43)) - raft.server.log.statemachine.data.sync = true (default)
2019-10-09 23:57:16,595 [pool-247-thread-1] INFO  server.RaftServerConfigKeys (ConfUtils.java:logGet(43)) - raft.server.log.statemachine.data.sync.timeout = 10s (default)
2019-10-09 23:57:16,595 [pool-247-thread-1] INFO  server.RaftServerConfigKeys (ConfUtils.java:logGet(43)) - raft.server.log.statemachine.data.sync.timeout.retry = -1 (default)
2019-10-09 23:57:16,595 [pool-247-thread-1] INFO  server.RaftServerConfigKeys (ConfUtils.java:logGet(43)) - raft.server.log.statemachine.data.caching.enabled = true (custom)
2019-10-09 23:57:16,595 [pool-247-thread-1] INFO  segmented.SegmentedRaftLogWorker (SegmentedRaftLogWorker.java:lambda$new$0(128)) - 70047afe-0910-4555-ade8-6ade5e62522e@group-5BE615330D44-SegmentedRaftLogWorker: flushIndex: setUnconditionally 0 -> -1
2019-10-09 23:57:16,595 [pool-247-thread-1] INFO  server.RaftServerConfigKeys (ConfUtils.java:logGet(43)) - raft.server.snapshot.auto.trigger.enabled = true (custom)
2019-10-09 23:57:16,596 [pool-247-thread-1] INFO  server.RaftServerConfigKeys (ConfUtils.java:logGet(43)) - raft.server.snapshot.auto.trigger.threshold = 10000 (custom)
2019-10-09 23:57:16,596 [pool-247-thread-1] INFO  server.RaftServerConfigKeys (ConfUtils.java:logGet(43)) - raft.server.snapshot.retention.file.num = 5 (custom)
2019-10-09 23:57:16,596 [pool-247-thread-1] INFO  server.RaftServerConfigKeys (ConfUtils.java:logGet(43)) - raft.server.retrycache.expirytime = 600000ms (custom)
2019-10-09 23:57:16,597 [pool-247-thread-1] INFO  impl.RaftServerImpl (RaftServerImpl.java:start(181)) - 70047afe-0910-4555-ade8-6ade5e62522e@group-5BE615330D44: start as a follower, conf=-1: [70047afe-0910-4555-ade8-6ade5e62522e:192.168.5.166:37086], old=null
2019-10-09 23:57:16,597 [pool-247-thread-1] INFO  impl.RaftServerImpl (RaftServerImpl.java:setRole(170)) - 70047afe-0910-4555-ade8-6ade5e62522e@group-5BE615330D44: changes role from      null to FOLLOWER at term 0 for startAsFollower
2019-10-09 23:57:16,597 [pool-247-thread-1] INFO  impl.RoleInfo (RoleInfo.java:updateAndGet(143)) - 70047afe-0910-4555-ade8-6ade5e62522e: start FollowerState
2019-10-09 23:57:16,598 [pool-247-thread-1] INFO  util.JmxRegister (JmxRegister.java:tryRegister(44)) - Successfully registered JMX Bean with object name Ratis:service=RaftServer,group=group-5BE615330D44,id=70047afe-0910-4555-ade8-6ade5e62522e
2019-10-09 23:57:16,600 [RatisPipelineUtilsThread] INFO  pipeline.PipelineStateManager (PipelineStateManager.java:addPipeline(57)) - Created pipeline Pipeline[ Id: 6c1897db-0e20-4832-b6e2-5be615330d44, Nodes: 70047afe-0910-4555-ade8-6ade5e62522e{ip: 192.168.5.166, host: pr-hdds-1868-fg6nx-4263576025, networkLocation: /default-rack, certSerialId: null}, Type:RATIS, Factor:ONE, State:ALLOCATED]
2019-10-09 23:57:16,601 [Thread-1443] INFO  pipeline.PipelineStateManager (PipelineStateManager.java:finalizePipeline(123)) - Pipeline Pipeline[ Id: 540f6d8b-7f93-4b4b-8b8d-c4284bf28717, Nodes: 7efd9bf7-a6c0-4f93-9bd9-a1d7634c727c{ip: 192.168.5.166, host: pr-hdds-1868-fg6nx-4263576025, networkLocation: /default-rack, certSerialId: null}, Type:RATIS, Factor:ONE, State:CLOSED] moved to CLOSED state
2019-10-09 23:57:16,606 [grpc-default-executor-4] INFO  impl.RaftServerProxy (RaftServerProxy.java:remove(95)) - 7efd9bf7-a6c0-4f93-9bd9-a1d7634c727c: remove  FOLLOWER 7efd9bf7-a6c0-4f93-9bd9-a1d7634c727c@group-C4284BF28717:t0, leader=null, voted=null, raftlog=7efd9bf7-a6c0-4f93-9bd9-a1d7634c727c@group-C4284BF28717-SegmentedRaftLog:OPENED:c-1,f-1,i0, conf=-1: [7efd9bf7-a6c0-4f93-9bd9-a1d7634c727c:192.168.5.166:46122], old=null RUNNING
2019-10-09 23:57:16,606 [grpc-default-executor-4] INFO  impl.RaftServerImpl (RaftServerImpl.java:lambda$shutdown$3(247)) - 7efd9bf7-a6c0-4f93-9bd9-a1d7634c727c@group-C4284BF28717: shutdown
2019-10-09 23:57:16,607 [grpc-default-executor-4] INFO  util.JmxRegister (JmxRegister.java:unregister(73)) - Successfully un-registered JMX Bean with object name Ratis:service=RaftServer,group=group-C4284BF28717,id=7efd9bf7-a6c0-4f93-9bd9-a1d7634c727c
2019-10-09 23:57:16,607 [grpc-default-executor-4] INFO  impl.RoleInfo (RoleInfo.java:shutdownFollowerState(121)) - 7efd9bf7-a6c0-4f93-9bd9-a1d7634c727c: shutdown FollowerState
2019-10-09 23:57:16,607 [grpc-default-executor-4] INFO  impl.StateMachineUpdater (StateMachineUpdater.java:stopAndJoin(136)) - 7efd9bf7-a6c0-4f93-9bd9-a1d7634c727c@group-C4284BF28717-StateMachineUpdater: set stopIndex = -1
2019-10-09 23:57:16,607 [Thread-1451] INFO  impl.FollowerState (FollowerState.java:run(117)) - 7efd9bf7-a6c0-4f93-9bd9-a1d7634c727c@group-C4284BF28717-FollowerState was interrupted: java.lang.InterruptedException: sleep interrupted
2019-10-09 23:57:16,607 [grpc-default-executor-4] INFO  impl.RaftServerImpl (ServerState.java:close(387)) - 7efd9bf7-a6c0-4f93-9bd9-a1d7634c727c@group-C4284BF28717: closes. applyIndex: -1
2019-10-09 23:57:16,608 [7efd9bf7-a6c0-4f93-9bd9-a1d7634c727c@group-C4284BF28717-SegmentedRaftLogWorker] INFO  segmented.SegmentedRaftLogWorker (SegmentedRaftLogWorker.java:run(316)) - 7efd9bf7-a6c0-4f93-9bd9-a1d7634c727c@group-C4284BF28717-SegmentedRaftLogWorker was interrupted, exiting. There are 0 tasks remaining in the queue.
2019-10-09 23:57:16,608 [grpc-default-executor-4] INFO  segmented.SegmentedRaftLogWorker (SegmentedRaftLogWorker.java:close(224)) - 7efd9bf7-a6c0-4f93-9bd9-a1d7634c727c@group-C4284BF28717-SegmentedRaftLogWorker close()
2019-10-09 23:57:16,613 [Thread-1443] INFO  pipeline.PipelineStateManager (PipelineStateManager.java:removePipeline(108)) - Pipeline Pipeline[ Id: 540f6d8b-7f93-4b4b-8b8d-c4284bf28717, Nodes: 7efd9bf7-a6c0-4f93-9bd9-a1d7634c727c{ip: 192.168.5.166, host: pr-hdds-1868-fg6nx-4263576025, networkLocation: /default-rack, certSerialId: null}, Type:RATIS, Factor:ONE, State:CLOSED] removed from db
2019-10-09 23:57:16,616 [grpc-default-executor-4] INFO  impl.RaftServerProxy (RaftServerProxy.java:addNew(89)) - 7efd9bf7-a6c0-4f93-9bd9-a1d7634c727c: addNew group-6EADDAD5A1D0:[7efd9bf7-a6c0-4f93-9bd9-a1d7634c727c:192.168.5.166:46122] returns group-6EADDAD5A1D0:java.util.concurrent.CompletableFuture@68eda56b[Not completed]
2019-10-09 23:57:16,617 [pool-227-thread-1] INFO  impl.RaftServerImpl (RaftServerImpl.java:<init>(95)) - 7efd9bf7-a6c0-4f93-9bd9-a1d7634c727c: new RaftServerImpl for group-6EADDAD5A1D0:[7efd9bf7-a6c0-4f93-9bd9-a1d7634c727c:192.168.5.166:46122] with ContainerStateMachine:uninitialized
2019-10-09 23:57:16,617 [pool-227-thread-1] INFO  server.RaftServerConfigKeys (ConfUtils.java:logGet(43)) - raft.server.rpc.timeout.min = 5s (custom)
2019-10-09 23:57:16,617 [pool-227-thread-1] INFO  server.RaftServerConfigKeys (ConfUtils.java:logGet(43)) - raft.server.rpc.timeout.max = 5200ms (custom)
2019-10-09 23:57:16,617 [pool-227-thread-1] INFO  server.RaftServerConfigKeys (ConfUtils.java:logGet(43)) - raft.server.rpcslowness.timeout = 120s (custom)
2019-10-09 23:57:16,617 [pool-227-thread-1] INFO  server.RaftServerConfigKeys (ConfUtils.java:logGet(43)) - raft.server.sleep.deviation.threshold = 300 (default)
2019-10-09 23:57:16,617 [pool-227-thread-1] INFO  server.RaftServerConfigKeys (ConfUtils.java:logGet(43)) - raft.server.log.appender.install.snapshot.enabled = false (custom)
2019-10-09 23:57:16,617 [pool-227-thread-1] INFO  impl.RaftServerImpl (ServerState.java:<init>(103)) - 7efd9bf7-a6c0-4f93-9bd9-a1d7634c727c@group-6EADDAD5A1D0: ConfigurationManager, init=-1: [7efd9bf7-a6c0-4f93-9bd9-a1d7634c727c:192.168.5.166:46122], old=null, confs=<EMPTY_MAP>
2019-10-09 23:57:16,617 [pool-227-thread-1] INFO  server.RaftServerConfigKeys (ConfUtils.java:logGet(43)) - raft.server.storage.dir = [/workdir/hadoop-ozone/integration-test/target/test-dir/MiniOzoneClusterImpl-f2beb584-d50b-4d1b-9113-e73b8a8f1d7e/datanode-2/data/ratis] (custom)
2019-10-09 23:57:16,617 [pool-227-thread-1] INFO  server.RaftServerConfigKeys (ConfUtils.java:logGet(43)) - raft.server.log.corruption.policy = EXCEPTION (default)
2019-10-09 23:57:16,618 [pool-227-thread-1] INFO  storage.RaftStorageDirectory (RaftStorageDirectory.java:analyzeStorage(246)) - The storage directory /workdir/hadoop-ozone/integration-test/target/test-dir/MiniOzoneClusterImpl-f2beb584-d50b-4d1b-9113-e73b8a8f1d7e/datanode-2/data/ratis/702e7c43-7417-40f4-b274-6eaddad5a1d0 does not exist. Creating ...
2019-10-09 23:57:16,631 [pool-227-thread-1] INFO  storage.RaftStorageDirectory (RaftStorageDirectory.java:tryLock(328)) - Lock on /workdir/hadoop-ozone/integration-test/target/test-dir/MiniOzoneClusterImpl-f2beb584-d50b-4d1b-9113-e73b8a8f1d7e/datanode-2/data/ratis/702e7c43-7417-40f4-b274-6eaddad5a1d0/in_use.lock acquired by nodename 25084@pr-hdds-1868-fg6nx-4263576025
2019-10-09 23:57:16,643 [pool-227-thread-1] INFO  storage.RaftStorage (RaftStorage.java:format(84)) - Storage directory /workdir/hadoop-ozone/integration-test/target/test-dir/MiniOzoneClusterImpl-f2beb584-d50b-4d1b-9113-e73b8a8f1d7e/datanode-2/data/ratis/702e7c43-7417-40f4-b274-6eaddad5a1d0 has been successfully formatted.
2019-10-09 23:57:16,644 [pool-227-thread-1] INFO  ratis.ContainerStateMachine (ContainerStateMachine.java:loadSnapshot(233)) - group-6EADDAD5A1D0: The snapshot info is null. Setting the last applied indexto:(t:0, i:~)
2019-10-09 23:57:16,644 [pool-227-thread-1] INFO  server.RaftServerConfigKeys (ConfUtils.java:logGet(43)) - raft.server.notification.no-leader.timeout = 120s (custom)
2019-10-09 23:57:16,644 [pool-227-thread-1] INFO  server.RaftServerConfigKeys (ConfUtils.java:logGet(43)) - raft.server.log.use.memory = false (default)
2019-10-09 23:57:16,644 [pool-227-thread-1] INFO  server.RaftServerConfigKeys (ConfUtils.java:logGet(43)) - raft.server.log.purge.gap = 1000000 (custom)
2019-10-09 23:57:16,644 [pool-227-thread-1] INFO  server.RaftServerConfigKeys (ConfUtils.java:logGet(43)) - raft.server.log.appender.buffer.byte-limit = 33554432 (custom)
2019-10-09 23:57:16,644 [pool-227-thread-1] INFO  server.RaftServerConfigKeys (ConfUtils.java:logGet(43)) - raft.server.log.segment.size.max = 1048576 (custom)
2019-10-09 23:57:16,644 [pool-227-thread-1] INFO  server.RaftServerConfigKeys (ConfUtils.java:logGet(43)) - raft.server.log.segment.cache.num.max = 2 (custom)
2019-10-09 23:57:16,644 [pool-227-thread-1] INFO  segmented.SegmentedRaftLogWorker (SegmentedRaftLogWorker.java:<init>(173)) - new 7efd9bf7-a6c0-4f93-9bd9-a1d7634c727c@group-6EADDAD5A1D0-SegmentedRaftLogWorker for RaftStorage:Storage Directory /workdir/hadoop-ozone/integration-test/target/test-dir/MiniOzoneClusterImpl-f2beb584-d50b-4d1b-9113-e73b8a8f1d7e/datanode-2/data/ratis/702e7c43-7417-40f4-b274-6eaddad5a1d0
2019-10-09 23:57:16,644 [pool-227-thread-1] INFO  server.RaftServerConfigKeys (ConfUtils.java:logGet(43)) - raft.server.log.queue.byte-limit = 2147483647 (custom)
2019-10-09 23:57:16,644 [pool-227-thread-1] INFO  server.RaftServerConfigKeys (ConfUtils.java:logGet(43)) - raft.server.log.queue.element-limit = 1024 (custom)
2019-10-09 23:57:16,644 [pool-227-thread-1] INFO  server.RaftServerConfigKeys (ConfUtils.java:logGet(43)) - raft.server.log.segment.size.max = 1048576 (custom)
2019-10-09 23:57:16,645 [pool-227-thread-1] INFO  server.RaftServerConfigKeys (ConfUtils.java:logGet(43)) - raft.server.log.preallocated.size = 16384 (custom)
2019-10-09 23:57:16,645 [pool-227-thread-1] INFO  server.RaftServerConfigKeys (ConfUtils.java:logGet(43)) - raft.server.log.write.buffer.size = 33554432 (custom)
2019-10-09 23:57:16,645 [pool-227-thread-1] INFO  server.RaftServerConfigKeys (ConfUtils.java:logGet(43)) - raft.server.log.force.sync.num = 128 (default)
2019-10-09 23:57:16,645 [pool-227-thread-1] INFO  server.RaftServerConfigKeys (ConfUtils.java:logGet(43)) - raft.server.log.statemachine.data.sync = true (default)
2019-10-09 23:57:16,645 [pool-227-thread-1] INFO  server.RaftServerConfigKeys (ConfUtils.java:logGet(43)) - raft.server.log.statemachine.data.sync.timeout = 10s (default)
2019-10-09 23:57:16,645 [pool-227-thread-1] INFO  server.RaftServerConfigKeys (ConfUtils.java:logGet(43)) - raft.server.log.statemachine.data.sync.timeout.retry = -1 (default)
2019-10-09 23:57:16,645 [pool-227-thread-1] INFO  server.RaftServerConfigKeys (ConfUtils.java:logGet(43)) - raft.server.log.statemachine.data.caching.enabled = true (custom)
2019-10-09 23:57:16,645 [pool-227-thread-1] INFO  segmented.SegmentedRaftLogWorker (SegmentedRaftLogWorker.java:lambda$new$0(128)) - 7efd9bf7-a6c0-4f93-9bd9-a1d7634c727c@group-6EADDAD5A1D0-SegmentedRaftLogWorker: flushIndex: setUnconditionally 0 -> -1
2019-10-09 23:57:16,645 [pool-227-thread-1] INFO  server.RaftServerConfigKeys (ConfUtils.java:logGet(43)) - raft.server.snapshot.auto.trigger.enabled = true (custom)
2019-10-09 23:57:16,646 [pool-227-thread-1] INFO  server.RaftServerConfigKeys (ConfUtils.java:logGet(43)) - raft.server.snapshot.auto.trigger.threshold = 10000 (custom)
2019-10-09 23:57:16,646 [pool-227-thread-1] INFO  server.RaftServerConfigKeys (ConfUtils.java:logGet(43)) - raft.server.snapshot.retention.file.num = 5 (custom)
2019-10-09 23:57:16,646 [pool-227-thread-1] INFO  server.RaftServerConfigKeys (ConfUtils.java:logGet(43)) - raft.server.retrycache.expirytime = 600000ms (custom)
2019-10-09 23:57:16,647 [pool-227-thread-1] INFO  impl.RaftServerImpl (RaftServerImpl.java:start(181)) - 7efd9bf7-a6c0-4f93-9bd9-a1d7634c727c@group-6EADDAD5A1D0: start as a follower, conf=-1: [7efd9bf7-a6c0-4f93-9bd9-a1d7634c727c:192.168.5.166:46122], old=null
2019-10-09 23:57:16,647 [pool-227-thread-1] INFO  impl.RaftServerImpl (RaftServerImpl.java:setRole(170)) - 7efd9bf7-a6c0-4f93-9bd9-a1d7634c727c@group-6EADDAD5A1D0: changes role from      null to FOLLOWER at term 0 for startAsFollower
2019-10-09 23:57:16,647 [pool-227-thread-1] INFO  impl.RoleInfo (RoleInfo.java:updateAndGet(143)) - 7efd9bf7-a6c0-4f93-9bd9-a1d7634c727c: start FollowerState
2019-10-09 23:57:16,648 [pool-227-thread-1] INFO  util.JmxRegister (JmxRegister.java:tryRegister(44)) - Successfully registered JMX Bean with object name Ratis:service=RaftServer,group=group-6EADDAD5A1D0,id=7efd9bf7-a6c0-4f93-9bd9-a1d7634c727c
2019-10-09 23:57:16,650 [RatisPipelineUtilsThread] INFO  pipeline.PipelineStateManager (PipelineStateManager.java:addPipeline(57)) - Created pipeline Pipeline[ Id: 702e7c43-7417-40f4-b274-6eaddad5a1d0, Nodes: 7efd9bf7-a6c0-4f93-9bd9-a1d7634c727c{ip: 192.168.5.166, host: pr-hdds-1868-fg6nx-4263576025, networkLocation: /default-rack, certSerialId: null}, Type:RATIS, Factor:ONE, State:ALLOCATED]
2019-10-09 23:57:17,557 [main] INFO  ozone.MiniOzoneClusterImpl (MiniOzoneClusterImpl.java:lambda$waitForClusterToBeReady$2(164)) - Waiting for 9 number of pipelines out of 9, to report a leader.
2019-10-09 23:57:18,558 [main] INFO  ozone.MiniOzoneClusterImpl (MiniOzoneClusterImpl.java:lambda$waitForClusterToBeReady$2(164)) - Waiting for 9 number of pipelines out of 9, to report a leader.
2019-10-09 23:57:19,558 [main] INFO  ozone.MiniOzoneClusterImpl (MiniOzoneClusterImpl.java:lambda$waitForClusterToBeReady$2(164)) - Waiting for 9 number of pipelines out of 9, to report a leader.
2019-10-09 23:57:20,559 [main] INFO  ozone.MiniOzoneClusterImpl (MiniOzoneClusterImpl.java:lambda$waitForClusterToBeReady$2(164)) - Waiting for 9 number of pipelines out of 9, to report a leader.
2019-10-09 23:57:21,169 [Thread-1501] INFO  impl.FollowerState (FollowerState.java:run(108)) - e0a2bbc5-e1f3-429a-8b57-8ad53d3fcfcf@group-C934F1EEB7D0-FollowerState: change to CANDIDATE, lastRpcTime:5050ms, electionTimeout:5050ms
2019-10-09 23:57:21,169 [Thread-1501] INFO  impl.RoleInfo (RoleInfo.java:shutdownFollowerState(121)) - e0a2bbc5-e1f3-429a-8b57-8ad53d3fcfcf: shutdown FollowerState
2019-10-09 23:57:21,169 [Thread-1501] INFO  impl.RaftServerImpl (RaftServerImpl.java:setRole(170)) - e0a2bbc5-e1f3-429a-8b57-8ad53d3fcfcf@group-C934F1EEB7D0: changes role from  FOLLOWER to CANDIDATE at term 0 for changeToCandidate
2019-10-09 23:57:21,170 [Thread-1501] INFO  impl.RoleInfo (RoleInfo.java:updateAndGet(143)) - e0a2bbc5-e1f3-429a-8b57-8ad53d3fcfcf: start LeaderElection
2019-10-09 23:57:21,188 [e0a2bbc5-e1f3-429a-8b57-8ad53d3fcfcf@group-C934F1EEB7D0-LeaderElection23] INFO  impl.LeaderElection (LeaderElection.java:askForVotes(178)) - e0a2bbc5-e1f3-429a-8b57-8ad53d3fcfcf@group-C934F1EEB7D0-LeaderElection23: begin an election at term 1 for -1: [7efd9bf7-a6c0-4f93-9bd9-a1d7634c727c:192.168.5.166:46122, d1b2fdb4-2a3c-478d-9f55-2a69fc770f7f:192.168.5.166:45660, e0a2bbc5-e1f3-429a-8b57-8ad53d3fcfcf:192.168.5.166:46584], old=null
2019-10-09 23:57:21,190 [Thread-1507] INFO  impl.FollowerState (FollowerState.java:run(108)) - f5a703b3-66a4-42d5-b4a4-337578d80bd8@group-8E0FC6D75688-FollowerState: change to CANDIDATE, lastRpcTime:5007ms, electionTimeout:5007ms
2019-10-09 23:57:21,191 [Thread-1507] INFO  impl.RoleInfo (RoleInfo.java:shutdownFollowerState(121)) - f5a703b3-66a4-42d5-b4a4-337578d80bd8: shutdown FollowerState
2019-10-09 23:57:21,191 [Thread-1507] INFO  impl.RaftServerImpl (RaftServerImpl.java:setRole(170)) - f5a703b3-66a4-42d5-b4a4-337578d80bd8@group-8E0FC6D75688: changes role from  FOLLOWER to CANDIDATE at term 0 for changeToCandidate
2019-10-09 23:57:21,191 [Thread-1507] INFO  impl.RoleInfo (RoleInfo.java:updateAndGet(143)) - f5a703b3-66a4-42d5-b4a4-337578d80bd8: start LeaderElection
2019-10-09 23:57:21,202 [grpc-default-executor-4] INFO  impl.RaftServerImpl (RaftServerImpl.java:setRole(170)) - 7efd9bf7-a6c0-4f93-9bd9-a1d7634c727c@group-C934F1EEB7D0: changes role from  FOLLOWER to FOLLOWER at term 1 for recognizeCandidate:e0a2bbc5-e1f3-429a-8b57-8ad53d3fcfcf
2019-10-09 23:57:21,202 [grpc-default-executor-2] INFO  impl.RaftServerImpl (RaftServerImpl.java:setRole(170)) - d1b2fdb4-2a3c-478d-9f55-2a69fc770f7f@group-C934F1EEB7D0: changes role from  FOLLOWER to FOLLOWER at term 1 for recognizeCandidate:e0a2bbc5-e1f3-429a-8b57-8ad53d3fcfcf
2019-10-09 23:57:21,202 [grpc-default-executor-4] INFO  impl.RoleInfo (RoleInfo.java:shutdownFollowerState(121)) - 7efd9bf7-a6c0-4f93-9bd9-a1d7634c727c: shutdown FollowerState
2019-10-09 23:57:21,203 [grpc-default-executor-2] INFO  impl.RoleInfo (RoleInfo.java:shutdownFollowerState(121)) - d1b2fdb4-2a3c-478d-9f55-2a69fc770f7f: shutdown FollowerState
2019-10-09 23:57:21,203 [Thread-1499] INFO  impl.FollowerState (FollowerState.java:run(117)) - 7efd9bf7-a6c0-4f93-9bd9-a1d7634c727c@group-C934F1EEB7D0-FollowerState was interrupted: java.lang.InterruptedException: sleep interrupted
2019-10-09 23:57:21,203 [grpc-default-executor-4] INFO  impl.RoleInfo (RoleInfo.java:updateAndGet(143)) - 7efd9bf7-a6c0-4f93-9bd9-a1d7634c727c: start FollowerState
2019-10-09 23:57:21,203 [grpc-default-executor-2] INFO  impl.RoleInfo (RoleInfo.java:updateAndGet(143)) - d1b2fdb4-2a3c-478d-9f55-2a69fc770f7f: start FollowerState
2019-10-09 23:57:21,222 [f5a703b3-66a4-42d5-b4a4-337578d80bd8@group-8E0FC6D75688-LeaderElection24] INFO  impl.LeaderElection (LeaderElection.java:askForVotes(178)) - f5a703b3-66a4-42d5-b4a4-337578d80bd8@group-8E0FC6D75688-LeaderElection24: begin an election at term 1 for -1: [f5a703b3-66a4-42d5-b4a4-337578d80bd8:192.168.5.166:38085], old=null
2019-10-09 23:57:21,222 [f5a703b3-66a4-42d5-b4a4-337578d80bd8@group-8E0FC6D75688-LeaderElection24] INFO  impl.RoleInfo (RoleInfo.java:shutdownLeaderElection(134)) - f5a703b3-66a4-42d5-b4a4-337578d80bd8: shutdown LeaderElection
2019-10-09 23:57:21,223 [f5a703b3-66a4-42d5-b4a4-337578d80bd8@group-8E0FC6D75688-LeaderElection24] INFO  impl.RaftServerImpl (RaftServerImpl.java:setRole(170)) - f5a703b3-66a4-42d5-b4a4-337578d80bd8@group-8E0FC6D75688: changes role from CANDIDATE to LEADER at term 1 for changeToLeader
2019-10-09 23:57:21,223 [f5a703b3-66a4-42d5-b4a4-337578d80bd8@group-8E0FC6D75688-LeaderElection24] INFO  ratis.XceiverServerRatis (XceiverServerRatis.java:handleLeaderChangedNotification(702)) - Leader change notification received for group: group-8E0FC6D75688 with new leaderId: f5a703b3-66a4-42d5-b4a4-337578d80bd8
2019-10-09 23:57:21,226 [e0a2bbc5-e1f3-429a-8b57-8ad53d3fcfcf@group-C934F1EEB7D0-LeaderElection23] INFO  impl.LeaderElection (LeaderElection.java:logAndReturn(56)) - e0a2bbc5-e1f3-429a-8b57-8ad53d3fcfcf@group-C934F1EEB7D0-LeaderElection23: Election PASSED; received 1 response(s) [e0a2bbc5-e1f3-429a-8b57-8ad53d3fcfcf<-7efd9bf7-a6c0-4f93-9bd9-a1d7634c727c#0:OK-t1] and 0 exception(s); e0a2bbc5-e1f3-429a-8b57-8ad53d3fcfcf@group-C934F1EEB7D0:t1, leader=null, voted=e0a2bbc5-e1f3-429a-8b57-8ad53d3fcfcf, raftlog=e0a2bbc5-e1f3-429a-8b57-8ad53d3fcfcf@group-C934F1EEB7D0-SegmentedRaftLog:OPENED:c-1,f-1,i0, conf=-1: [7efd9bf7-a6c0-4f93-9bd9-a1d7634c727c:192.168.5.166:46122, d1b2fdb4-2a3c-478d-9f55-2a69fc770f7f:192.168.5.166:45660, e0a2bbc5-e1f3-429a-8b57-8ad53d3fcfcf:192.168.5.166:46584], old=null
2019-10-09 23:57:21,226 [e0a2bbc5-e1f3-429a-8b57-8ad53d3fcfcf@group-C934F1EEB7D0-LeaderElection23] INFO  impl.RoleInfo (RoleInfo.java:shutdownLeaderElection(134)) - e0a2bbc5-e1f3-429a-8b57-8ad53d3fcfcf: shutdown LeaderElection
2019-10-09 23:57:21,226 [e0a2bbc5-e1f3-429a-8b57-8ad53d3fcfcf@group-C934F1EEB7D0-LeaderElection23] INFO  impl.RaftServerImpl (RaftServerImpl.java:setRole(170)) - e0a2bbc5-e1f3-429a-8b57-8ad53d3fcfcf@group-C934F1EEB7D0: changes role from CANDIDATE to LEADER at term 1 for changeToLeader
2019-10-09 23:57:21,227 [e0a2bbc5-e1f3-429a-8b57-8ad53d3fcfcf@group-C934F1EEB7D0-LeaderElection23] INFO  ratis.XceiverServerRatis (XceiverServerRatis.java:handleLeaderChangedNotification(702)) - Leader change notification received for group: group-C934F1EEB7D0 with new leaderId: e0a2bbc5-e1f3-429a-8b57-8ad53d3fcfcf
2019-10-09 23:57:21,230 [e0a2bbc5-e1f3-429a-8b57-8ad53d3fcfcf@group-C934F1EEB7D0-LeaderElection23] INFO  impl.RaftServerImpl (ServerState.java:setLeader(255)) - e0a2bbc5-e1f3-429a-8b57-8ad53d3fcfcf@group-C934F1EEB7D0: change Leader from null to e0a2bbc5-e1f3-429a-8b57-8ad53d3fcfcf at term 1 for becomeLeader, leader elected after 5118ms
2019-10-09 23:57:21,230 [f5a703b3-66a4-42d5-b4a4-337578d80bd8@group-8E0FC6D75688-LeaderElection24] INFO  impl.RaftServerImpl (ServerState.java:setLeader(255)) - f5a703b3-66a4-42d5-b4a4-337578d80bd8@group-8E0FC6D75688: change Leader from null to f5a703b3-66a4-42d5-b4a4-337578d80bd8 at term 1 for becomeLeader, leader elected after 5044ms
2019-10-09 23:57:21,232 [e0a2bbc5-e1f3-429a-8b57-8ad53d3fcfcf@group-C934F1EEB7D0-LeaderElection23] INFO  server.RaftServerConfigKeys (ConfUtils.java:logGet(43)) - raft.server.staging.catchup.gap = 1000 (default)
2019-10-09 23:57:21,232 [f5a703b3-66a4-42d5-b4a4-337578d80bd8@group-8E0FC6D75688-LeaderElection24] INFO  server.RaftServerConfigKeys (ConfUtils.java:logGet(43)) - raft.server.staging.catchup.gap = 1000 (default)
2019-10-09 23:57:21,232 [e0a2bbc5-e1f3-429a-8b57-8ad53d3fcfcf@group-C934F1EEB7D0-LeaderElection23] INFO  server.RaftServerConfigKeys (ConfUtils.java:logGet(43)) - raft.server.rpc.sleep.time = 25ms (default)
2019-10-09 23:57:21,232 [f5a703b3-66a4-42d5-b4a4-337578d80bd8@group-8E0FC6D75688-LeaderElection24] INFO  server.RaftServerConfigKeys (ConfUtils.java:logGet(43)) - raft.server.rpc.sleep.time = 25ms (default)
2019-10-09 23:57:21,232 [e0a2bbc5-e1f3-429a-8b57-8ad53d3fcfcf@group-C934F1EEB7D0-LeaderElection23] INFO  server.RaftServerConfigKeys (ConfUtils.java:logGet(43)) - raft.server.write.element-limit = 4096 (default)
2019-10-09 23:57:21,232 [f5a703b3-66a4-42d5-b4a4-337578d80bd8@group-8E0FC6D75688-LeaderElection24] INFO  server.RaftServerConfigKeys (ConfUtils.java:logGet(43)) - raft.server.write.element-limit = 4096 (default)
2019-10-09 23:57:21,232 [e0a2bbc5-e1f3-429a-8b57-8ad53d3fcfcf@group-C934F1EEB7D0-LeaderElection23] INFO  server.RaftServerConfigKeys (ConfUtils.java:logGet(43)) - raft.server.watch.timeout = 10s (default)
2019-10-09 23:57:21,233 [e0a2bbc5-e1f3-429a-8b57-8ad53d3fcfcf@group-C934F1EEB7D0-LeaderElection23] INFO  server.RaftServerConfigKeys (ConfUtils.java:logGet(43)) - raft.server.watch.timeout.denomination = 1s (default)
2019-10-09 23:57:21,232 [f5a703b3-66a4-42d5-b4a4-337578d80bd8@group-8E0FC6D75688-LeaderElection24] INFO  server.RaftServerConfigKeys (ConfUtils.java:logGet(43)) - raft.server.watch.timeout = 10s (default)
2019-10-09 23:57:21,233 [e0a2bbc5-e1f3-429a-8b57-8ad53d3fcfcf@group-C934F1EEB7D0-LeaderElection23] INFO  server.RaftServerConfigKeys (ConfUtils.java:logGet(43)) - raft.server.watch.element-limit = 65536 (default)
2019-10-09 23:57:21,233 [f5a703b3-66a4-42d5-b4a4-337578d80bd8@group-8E0FC6D75688-LeaderElection24] INFO  server.RaftServerConfigKeys (ConfUtils.java:logGet(43)) - raft.server.watch.timeout.denomination = 1s (default)
2019-10-09 23:57:21,233 [EventQueue-PipelineReportForPipelineReportHandler] INFO  pipeline.PipelineReportHandler (PipelineReportHandler.java:processPipelineReport(119)) - Pipeline PipelineID=3045e3a5-d20f-4633-9a30-c934f1eeb7d0 reported by e0a2bbc5-e1f3-429a-8b57-8ad53d3fcfcf{ip: 192.168.5.166, host: pr-hdds-1868-fg6nx-4263576025, networkLocation: /default-rack, certSerialId: null} with leaderId e0a2bbc5-e1f3-429a-8b57-8ad53d3fcfcf
2019-10-09 23:57:21,233 [f5a703b3-66a4-42d5-b4a4-337578d80bd8@group-8E0FC6D75688-LeaderElection24] INFO  server.RaftServerConfigKeys (ConfUtils.java:logGet(43)) - raft.server.watch.element-limit = 65536 (default)
2019-10-09 23:57:21,233 [EventQueue-PipelineReportForPipelineReportHandler] INFO  pipeline.PipelineReportHandler (PipelineReportHandler.java:processPipelineReport(119)) - Pipeline PipelineID=e927367a-c6fc-452c-a1c5-546fd5580585 reported by e0a2bbc5-e1f3-429a-8b57-8ad53d3fcfcf{ip: 192.168.5.166, host: pr-hdds-1868-fg6nx-4263576025, networkLocation: /default-rack, certSerialId: null} with leaderId 
2019-10-09 23:57:21,234 [EventQueue-PipelineReportForPipelineReportHandler] INFO  pipeline.PipelineStateManager (PipelineStateManager.java:openPipeline(136)) - Pipeline Pipeline[ Id: e927367a-c6fc-452c-a1c5-546fd5580585, Nodes: e0a2bbc5-e1f3-429a-8b57-8ad53d3fcfcf{ip: 192.168.5.166, host: pr-hdds-1868-fg6nx-4263576025, networkLocation: /default-rack, certSerialId: null}, Type:RATIS, Factor:ONE, State:OPEN] moved to OPEN state
2019-10-09 23:57:21,234 [EventQueue-PipelineReportForPipelineReportHandler] INFO  pipeline.PipelineReportHandler (PipelineReportHandler.java:processPipelineReport(119)) - Pipeline PipelineID=9e6124f3-f22d-44ac-822f-8c4623c5097c reported by f5a703b3-66a4-42d5-b4a4-337578d80bd8{ip: 192.168.5.166, host: pr-hdds-1868-fg6nx-4263576025, networkLocation: /default-rack, certSerialId: null} with leaderId 
2019-10-09 23:57:21,234 [EventQueue-PipelineReportForPipelineReportHandler] INFO  pipeline.PipelineReportHandler (PipelineReportHandler.java:processPipelineReport(119)) - Pipeline PipelineID=769d3c09-4962-455d-a83d-8e0fc6d75688 reported by f5a703b3-66a4-42d5-b4a4-337578d80bd8{ip: 192.168.5.166, host: pr-hdds-1868-fg6nx-4263576025, networkLocation: /default-rack, certSerialId: null} with leaderId f5a703b3-66a4-42d5-b4a4-337578d80bd8
2019-10-09 23:57:21,234 [EventQueue-PipelineReportForPipelineReportHandler] INFO  pipeline.PipelineStateManager (PipelineStateManager.java:openPipeline(136)) - Pipeline Pipeline[ Id: 769d3c09-4962-455d-a83d-8e0fc6d75688, Nodes: f5a703b3-66a4-42d5-b4a4-337578d80bd8{ip: 192.168.5.166, host: pr-hdds-1868-fg6nx-4263576025, networkLocation: /default-rack, certSerialId: null}, Type:RATIS, Factor:ONE, State:OPEN] moved to OPEN state
2019-10-09 23:57:21,236 [f5a703b3-66a4-42d5-b4a4-337578d80bd8@group-8E0FC6D75688-LeaderElection24] INFO  impl.RoleInfo (RoleInfo.java:updateAndGet(143)) - f5a703b3-66a4-42d5-b4a4-337578d80bd8: start LeaderState
2019-10-09 23:57:21,236 [e0a2bbc5-e1f3-429a-8b57-8ad53d3fcfcf@group-C934F1EEB7D0-LeaderElection23] INFO  server.RaftServerConfigKeys (ConfUtils.java:logGet(43)) - raft.server.log.appender.snapshot.chunk.size.max = 16MB (=16777216) (default)
2019-10-09 23:57:21,237 [e0a2bbc5-e1f3-429a-8b57-8ad53d3fcfcf@group-C934F1EEB7D0-LeaderElection23] INFO  server.RaftServerConfigKeys (ConfUtils.java:logGet(43)) - raft.server.log.appender.buffer.byte-limit = 33554432 (custom)
2019-10-09 23:57:21,237 [e0a2bbc5-e1f3-429a-8b57-8ad53d3fcfcf@group-C934F1EEB7D0-LeaderElection23] INFO  server.RaftServerConfigKeys (ConfUtils.java:logGet(43)) - raft.server.log.appender.buffer.element-limit = 1 (custom)
2019-10-09 23:57:21,237 [f5a703b3-66a4-42d5-b4a4-337578d80bd8@group-8E0FC6D75688-LeaderElection24] INFO  segmented.SegmentedRaftLogWorker (SegmentedRaftLogWorker.java:startLogSegment(385)) - f5a703b3-66a4-42d5-b4a4-337578d80bd8@group-8E0FC6D75688-SegmentedRaftLogWorker: Starting segment from index:0
2019-10-09 23:57:21,237 [e0a2bbc5-e1f3-429a-8b57-8ad53d3fcfcf@group-C934F1EEB7D0-LeaderElection23] INFO  grpc.GrpcConfigKeys$Server (ConfUtils.java:logGet(43)) - raft.grpc.server.leader.outstanding.appends.max = 128 (default)
2019-10-09 23:57:21,237 [e0a2bbc5-e1f3-429a-8b57-8ad53d3fcfcf@group-C934F1EEB7D0-LeaderElection23] INFO  server.RaftServerConfigKeys (ConfUtils.java:logGet(43)) - raft.server.rpc.request.timeout = 3000ms (default)
2019-10-09 23:57:21,237 [e0a2bbc5-e1f3-429a-8b57-8ad53d3fcfcf@group-C934F1EEB7D0-LeaderElection23] INFO  server.RaftServerConfigKeys (ConfUtils.java:logGet(43)) - raft.server.log.appender.install.snapshot.enabled = false (custom)
2019-10-09 23:57:21,238 [f5a703b3-66a4-42d5-b4a4-337578d80bd8@group-8E0FC6D75688-LeaderElection24] INFO  impl.RaftServerImpl (ServerState.java:setRaftConf(356)) - f5a703b3-66a4-42d5-b4a4-337578d80bd8@group-8E0FC6D75688: set configuration 0: [f5a703b3-66a4-42d5-b4a4-337578d80bd8:192.168.5.166:38085], old=null at 0
2019-10-09 23:57:21,238 [e0a2bbc5-e1f3-429a-8b57-8ad53d3fcfcf@group-C934F1EEB7D0-LeaderElection23] INFO  server.RaftServerConfigKeys (ConfUtils.java:logGet(43)) - raft.server.log.appender.snapshot.chunk.size.max = 16MB (=16777216) (default)
2019-10-09 23:57:21,238 [e0a2bbc5-e1f3-429a-8b57-8ad53d3fcfcf@group-C934F1EEB7D0-LeaderElection23] INFO  server.RaftServerConfigKeys (ConfUtils.java:logGet(43)) - raft.server.log.appender.buffer.byte-limit = 33554432 (custom)
2019-10-09 23:57:21,238 [e0a2bbc5-e1f3-429a-8b57-8ad53d3fcfcf@group-C934F1EEB7D0-LeaderElection23] INFO  server.RaftServerConfigKeys (ConfUtils.java:logGet(43)) - raft.server.log.appender.buffer.element-limit = 1 (custom)
2019-10-09 23:57:21,238 [e0a2bbc5-e1f3-429a-8b57-8ad53d3fcfcf@group-C934F1EEB7D0-LeaderElection23] INFO  grpc.GrpcConfigKeys$Server (ConfUtils.java:logGet(43)) - raft.grpc.server.leader.outstanding.appends.max = 128 (default)
2019-10-09 23:57:21,238 [e0a2bbc5-e1f3-429a-8b57-8ad53d3fcfcf@group-C934F1EEB7D0-LeaderElection23] INFO  server.RaftServerConfigKeys (ConfUtils.java:logGet(43)) - raft.server.rpc.request.timeout = 3000ms (default)
2019-10-09 23:57:21,239 [e0a2bbc5-e1f3-429a-8b57-8ad53d3fcfcf@group-C934F1EEB7D0-LeaderElection23] INFO  server.RaftServerConfigKeys (ConfUtils.java:logGet(43)) - raft.server.log.appender.install.snapshot.enabled = false (custom)
2019-10-09 23:57:21,239 [e0a2bbc5-e1f3-429a-8b57-8ad53d3fcfcf@group-C934F1EEB7D0-LeaderElection23] INFO  impl.RoleInfo (RoleInfo.java:updateAndGet(143)) - e0a2bbc5-e1f3-429a-8b57-8ad53d3fcfcf: start LeaderState
2019-10-09 23:57:21,239 [e0a2bbc5-e1f3-429a-8b57-8ad53d3fcfcf@group-C934F1EEB7D0-LeaderElection23] INFO  segmented.SegmentedRaftLogWorker (SegmentedRaftLogWorker.java:startLogSegment(385)) - e0a2bbc5-e1f3-429a-8b57-8ad53d3fcfcf@group-C934F1EEB7D0-SegmentedRaftLogWorker: Starting segment from index:0
2019-10-09 23:57:21,240 [e0a2bbc5-e1f3-429a-8b57-8ad53d3fcfcf@group-C934F1EEB7D0-LeaderElection23] INFO  impl.RaftServerImpl (ServerState.java:setRaftConf(356)) - e0a2bbc5-e1f3-429a-8b57-8ad53d3fcfcf@group-C934F1EEB7D0: set configuration 0: [7efd9bf7-a6c0-4f93-9bd9-a1d7634c727c:192.168.5.166:46122, d1b2fdb4-2a3c-478d-9f55-2a69fc770f7f:192.168.5.166:45660, e0a2bbc5-e1f3-429a-8b57-8ad53d3fcfcf:192.168.5.166:46584], old=null at 0
2019-10-09 23:57:21,273 [grpc-default-executor-2] INFO  ratis.XceiverServerRatis (XceiverServerRatis.java:handleLeaderChangedNotification(702)) - Leader change notification received for group: group-C934F1EEB7D0 with new leaderId: e0a2bbc5-e1f3-429a-8b57-8ad53d3fcfcf
2019-10-09 23:57:21,273 [grpc-default-executor-4] INFO  ratis.XceiverServerRatis (XceiverServerRatis.java:handleLeaderChangedNotification(702)) - Leader change notification received for group: group-C934F1EEB7D0 with new leaderId: e0a2bbc5-e1f3-429a-8b57-8ad53d3fcfcf
2019-10-09 23:57:21,275 [grpc-default-executor-2] INFO  impl.RaftServerImpl (ServerState.java:setLeader(255)) - d1b2fdb4-2a3c-478d-9f55-2a69fc770f7f@group-C934F1EEB7D0: change Leader from null to e0a2bbc5-e1f3-429a-8b57-8ad53d3fcfcf at term 1 for appendEntries, leader elected after 5164ms
2019-10-09 23:57:21,277 [grpc-default-executor-4] INFO  impl.RaftServerImpl (ServerState.java:setLeader(255)) - 7efd9bf7-a6c0-4f93-9bd9-a1d7634c727c@group-C934F1EEB7D0: change Leader from null to e0a2bbc5-e1f3-429a-8b57-8ad53d3fcfcf at term 1 for appendEntries, leader elected after 5164ms
2019-10-09 23:57:21,279 [EventQueue-PipelineReportForPipelineReportHandler] INFO  pipeline.PipelineReportHandler (PipelineReportHandler.java:processPipelineReport(119)) - Pipeline PipelineID=702e7c43-7417-40f4-b274-6eaddad5a1d0 reported by 7efd9bf7-a6c0-4f93-9bd9-a1d7634c727c{ip: 192.168.5.166, host: pr-hdds-1868-fg6nx-4263576025, networkLocation: /default-rack, certSerialId: null} with leaderId 
2019-10-09 23:57:21,280 [EventQueue-PipelineReportForPipelineReportHandler] INFO  pipeline.PipelineStateManager (PipelineStateManager.java:openPipeline(136)) - Pipeline Pipeline[ Id: 702e7c43-7417-40f4-b274-6eaddad5a1d0, Nodes: 7efd9bf7-a6c0-4f93-9bd9-a1d7634c727c{ip: 192.168.5.166, host: pr-hdds-1868-fg6nx-4263576025, networkLocation: /default-rack, certSerialId: null}, Type:RATIS, Factor:ONE, State:OPEN] moved to OPEN state
2019-10-09 23:57:21,280 [EventQueue-PipelineReportForPipelineReportHandler] INFO  pipeline.PipelineReportHandler (PipelineReportHandler.java:processPipelineReport(119)) - Pipeline PipelineID=3045e3a5-d20f-4633-9a30-c934f1eeb7d0 reported by 7efd9bf7-a6c0-4f93-9bd9-a1d7634c727c{ip: 192.168.5.166, host: pr-hdds-1868-fg6nx-4263576025, networkLocation: /default-rack, certSerialId: null} with leaderId e0a2bbc5-e1f3-429a-8b57-8ad53d3fcfcf
2019-10-09 23:57:21,280 [EventQueue-PipelineReportForPipelineReportHandler] INFO  pipeline.PipelineReportHandler (PipelineReportHandler.java:processPipelineReport(119)) - Pipeline PipelineID=3045e3a5-d20f-4633-9a30-c934f1eeb7d0 reported by d1b2fdb4-2a3c-478d-9f55-2a69fc770f7f{ip: 192.168.5.166, host: pr-hdds-1868-fg6nx-4263576025, networkLocation: /default-rack, certSerialId: null} with leaderId e0a2bbc5-e1f3-429a-8b57-8ad53d3fcfcf
2019-10-09 23:57:21,280 [EventQueue-PipelineReportForPipelineReportHandler] INFO  pipeline.PipelineStateManager (PipelineStateManager.java:openPipeline(136)) - Pipeline Pipeline[ Id: 3045e3a5-d20f-4633-9a30-c934f1eeb7d0, Nodes: d1b2fdb4-2a3c-478d-9f55-2a69fc770f7f{ip: 192.168.5.166, host: pr-hdds-1868-fg6nx-4263576025, networkLocation: /default-rack, certSerialId: null}7efd9bf7-a6c0-4f93-9bd9-a1d7634c727c{ip: 192.168.5.166, host: pr-hdds-1868-fg6nx-4263576025, networkLocation: /default-rack, certSerialId: null}e0a2bbc5-e1f3-429a-8b57-8ad53d3fcfcf{ip: 192.168.5.166, host: pr-hdds-1868-fg6nx-4263576025, networkLocation: /default-rack, certSerialId: null}, Type:RATIS, Factor:THREE, State:OPEN] moved to OPEN state
2019-10-09 23:57:21,280 [EventQueue-PipelineReportForPipelineReportHandler] INFO  pipeline.PipelineReportHandler (PipelineReportHandler.java:processPipelineReport(119)) - Pipeline PipelineID=03037681-54f9-4dd7-aa3b-9773cdaa3bf0 reported by d1b2fdb4-2a3c-478d-9f55-2a69fc770f7f{ip: 192.168.5.166, host: pr-hdds-1868-fg6nx-4263576025, networkLocation: /default-rack, certSerialId: null} with leaderId 
2019-10-09 23:57:21,281 [EventQueue-PipelineReportForPipelineReportHandler] INFO  pipeline.PipelineStateManager (PipelineStateManager.java:openPipeline(136)) - Pipeline Pipeline[ Id: 03037681-54f9-4dd7-aa3b-9773cdaa3bf0, Nodes: d1b2fdb4-2a3c-478d-9f55-2a69fc770f7f{ip: 192.168.5.166, host: pr-hdds-1868-fg6nx-4263576025, networkLocation: /default-rack, certSerialId: null}, Type:RATIS, Factor:ONE, State:OPEN] moved to OPEN state
2019-10-09 23:57:21,281 [grpc-default-executor-4] INFO  impl.RaftServerImpl (ServerState.java:setRaftConf(356)) - 7efd9bf7-a6c0-4f93-9bd9-a1d7634c727c@group-C934F1EEB7D0: set configuration 0: [7efd9bf7-a6c0-4f93-9bd9-a1d7634c727c:192.168.5.166:46122, d1b2fdb4-2a3c-478d-9f55-2a69fc770f7f:192.168.5.166:45660, e0a2bbc5-e1f3-429a-8b57-8ad53d3fcfcf:192.168.5.166:46584], old=null at 0
2019-10-09 23:57:21,283 [grpc-default-executor-2] INFO  impl.RaftServerImpl (ServerState.java:setRaftConf(356)) - d1b2fdb4-2a3c-478d-9f55-2a69fc770f7f@group-C934F1EEB7D0: set configuration 0: [7efd9bf7-a6c0-4f93-9bd9-a1d7634c727c:192.168.5.166:46122, d1b2fdb4-2a3c-478d-9f55-2a69fc770f7f:192.168.5.166:45660, e0a2bbc5-e1f3-429a-8b57-8ad53d3fcfcf:192.168.5.166:46584], old=null at 0
2019-10-09 23:57:21,283 [grpc-default-executor-4] INFO  segmented.SegmentedRaftLogWorker (SegmentedRaftLogWorker.java:startLogSegment(385)) - 7efd9bf7-a6c0-4f93-9bd9-a1d7634c727c@group-C934F1EEB7D0-SegmentedRaftLogWorker: Starting segment from index:0
2019-10-09 23:57:21,283 [grpc-default-executor-2] INFO  segmented.SegmentedRaftLogWorker (SegmentedRaftLogWorker.java:startLogSegment(385)) - d1b2fdb4-2a3c-478d-9f55-2a69fc770f7f@group-C934F1EEB7D0-SegmentedRaftLogWorker: Starting segment from index:0
2019-10-09 23:57:21,285 [Thread-1511] INFO  impl.FollowerState (FollowerState.java:run(108)) - e0a2bbc5-e1f3-429a-8b57-8ad53d3fcfcf@group-546FD5580585-FollowerState: change to CANDIDATE, lastRpcTime:5041ms, electionTimeout:5041ms
2019-10-09 23:57:21,285 [Thread-1511] INFO  impl.RoleInfo (RoleInfo.java:shutdownFollowerState(121)) - e0a2bbc5-e1f3-429a-8b57-8ad53d3fcfcf: shutdown FollowerState
2019-10-09 23:57:21,285 [Thread-1511] INFO  impl.RaftServerImpl (RaftServerImpl.java:setRole(170)) - e0a2bbc5-e1f3-429a-8b57-8ad53d3fcfcf@group-546FD5580585: changes role from  FOLLOWER to CANDIDATE at term 0 for changeToCandidate
2019-10-09 23:57:21,286 [Thread-1511] INFO  impl.RoleInfo (RoleInfo.java:updateAndGet(143)) - e0a2bbc5-e1f3-429a-8b57-8ad53d3fcfcf: start LeaderElection
2019-10-09 23:57:21,311 [f5a703b3-66a4-42d5-b4a4-337578d80bd8@group-8E0FC6D75688-SegmentedRaftLogWorker] INFO  segmented.SegmentedRaftLogWorker (SegmentedRaftLogWorker.java:execute(576)) - f5a703b3-66a4-42d5-b4a4-337578d80bd8@group-8E0FC6D75688-SegmentedRaftLogWorker: created new log segment /workdir/hadoop-ozone/integration-test/target/test-dir/MiniOzoneClusterImpl-f2beb584-d50b-4d1b-9113-e73b8a8f1d7e/datanode-5/data/ratis/769d3c09-4962-455d-a83d-8e0fc6d75688/current/log_inprogress_0
2019-10-09 23:57:21,311 [e0a2bbc5-e1f3-429a-8b57-8ad53d3fcfcf@group-C934F1EEB7D0-SegmentedRaftLogWorker] INFO  segmented.SegmentedRaftLogWorker (SegmentedRaftLogWorker.java:execute(576)) - e0a2bbc5-e1f3-429a-8b57-8ad53d3fcfcf@group-C934F1EEB7D0-SegmentedRaftLogWorker: created new log segment /workdir/hadoop-ozone/integration-test/target/test-dir/MiniOzoneClusterImpl-f2beb584-d50b-4d1b-9113-e73b8a8f1d7e/datanode-6/data/ratis/3045e3a5-d20f-4633-9a30-c934f1eeb7d0/current/log_inprogress_0
2019-10-09 23:57:21,324 [d1b2fdb4-2a3c-478d-9f55-2a69fc770f7f@group-C934F1EEB7D0-SegmentedRaftLogWorker] INFO  segmented.SegmentedRaftLogWorker (SegmentedRaftLogWorker.java:execute(576)) - d1b2fdb4-2a3c-478d-9f55-2a69fc770f7f@group-C934F1EEB7D0-SegmentedRaftLogWorker: created new log segment /workdir/hadoop-ozone/integration-test/target/test-dir/MiniOzoneClusterImpl-f2beb584-d50b-4d1b-9113-e73b8a8f1d7e/datanode-1/data/ratis/3045e3a5-d20f-4633-9a30-c934f1eeb7d0/current/log_inprogress_0
2019-10-09 23:57:21,324 [e0a2bbc5-e1f3-429a-8b57-8ad53d3fcfcf@group-546FD5580585-LeaderElection25] INFO  impl.LeaderElection (LeaderElection.java:askForVotes(178)) - e0a2bbc5-e1f3-429a-8b57-8ad53d3fcfcf@group-546FD5580585-LeaderElection25: begin an election at term 1 for -1: [e0a2bbc5-e1f3-429a-8b57-8ad53d3fcfcf:192.168.5.166:46584], old=null
2019-10-09 23:57:21,324 [7efd9bf7-a6c0-4f93-9bd9-a1d7634c727c@group-C934F1EEB7D0-SegmentedRaftLogWorker] INFO  segmented.SegmentedRaftLogWorker (SegmentedRaftLogWorker.java:execute(576)) - 7efd9bf7-a6c0-4f93-9bd9-a1d7634c727c@group-C934F1EEB7D0-SegmentedRaftLogWorker: created new log segment /workdir/hadoop-ozone/integration-test/target/test-dir/MiniOzoneClusterImpl-f2beb584-d50b-4d1b-9113-e73b8a8f1d7e/datanode-2/data/ratis/3045e3a5-d20f-4633-9a30-c934f1eeb7d0/current/log_inprogress_0
2019-10-09 23:57:21,325 [e0a2bbc5-e1f3-429a-8b57-8ad53d3fcfcf@group-546FD5580585-LeaderElection25] INFO  impl.RoleInfo (RoleInfo.java:shutdownLeaderElection(134)) - e0a2bbc5-e1f3-429a-8b57-8ad53d3fcfcf: shutdown LeaderElection
2019-10-09 23:57:21,325 [e0a2bbc5-e1f3-429a-8b57-8ad53d3fcfcf@group-546FD5580585-LeaderElection25] INFO  impl.RaftServerImpl (RaftServerImpl.java:setRole(170)) - e0a2bbc5-e1f3-429a-8b57-8ad53d3fcfcf@group-546FD5580585: changes role from CANDIDATE to LEADER at term 1 for changeToLeader
2019-10-09 23:57:21,325 [e0a2bbc5-e1f3-429a-8b57-8ad53d3fcfcf@group-546FD5580585-LeaderElection25] INFO  ratis.XceiverServerRatis (XceiverServerRatis.java:handleLeaderChangedNotification(702)) - Leader change notification received for group: group-546FD5580585 with new leaderId: e0a2bbc5-e1f3-429a-8b57-8ad53d3fcfcf
2019-10-09 23:57:21,325 [e0a2bbc5-e1f3-429a-8b57-8ad53d3fcfcf@group-546FD5580585-LeaderElection25] INFO  impl.RaftServerImpl (ServerState.java:setLeader(255)) - e0a2bbc5-e1f3-429a-8b57-8ad53d3fcfcf@group-546FD5580585: change Leader from null to e0a2bbc5-e1f3-429a-8b57-8ad53d3fcfcf at term 1 for becomeLeader, leader elected after 5085ms
2019-10-09 23:57:21,325 [e0a2bbc5-e1f3-429a-8b57-8ad53d3fcfcf@group-546FD5580585-LeaderElection25] INFO  server.RaftServerConfigKeys (ConfUtils.java:logGet(43)) - raft.server.staging.catchup.gap = 1000 (default)
2019-10-09 23:57:21,325 [e0a2bbc5-e1f3-429a-8b57-8ad53d3fcfcf@group-546FD5580585-LeaderElection25] INFO  server.RaftServerConfigKeys (ConfUtils.java:logGet(43)) - raft.server.rpc.sleep.time = 25ms (default)
2019-10-09 23:57:21,325 [e0a2bbc5-e1f3-429a-8b57-8ad53d3fcfcf@group-546FD5580585-LeaderElection25] INFO  server.RaftServerConfigKeys (ConfUtils.java:logGet(43)) - raft.server.write.element-limit = 4096 (default)
2019-10-09 23:57:21,325 [e0a2bbc5-e1f3-429a-8b57-8ad53d3fcfcf@group-546FD5580585-LeaderElection25] INFO  server.RaftServerConfigKeys (ConfUtils.java:logGet(43)) - raft.server.watch.timeout = 10s (default)
2019-10-09 23:57:21,325 [e0a2bbc5-e1f3-429a-8b57-8ad53d3fcfcf@group-546FD5580585-LeaderElection25] INFO  server.RaftServerConfigKeys (ConfUtils.java:logGet(43)) - raft.server.watch.timeout.denomination = 1s (default)
2019-10-09 23:57:21,326 [e0a2bbc5-e1f3-429a-8b57-8ad53d3fcfcf@group-546FD5580585-LeaderElection25] INFO  server.RaftServerConfigKeys (ConfUtils.java:logGet(43)) - raft.server.watch.element-limit = 65536 (default)
2019-10-09 23:57:21,327 [e0a2bbc5-e1f3-429a-8b57-8ad53d3fcfcf@group-546FD5580585-LeaderElection25] INFO  impl.RoleInfo (RoleInfo.java:updateAndGet(143)) - e0a2bbc5-e1f3-429a-8b57-8ad53d3fcfcf: start LeaderState
2019-10-09 23:57:21,327 [e0a2bbc5-e1f3-429a-8b57-8ad53d3fcfcf@group-546FD5580585-LeaderElection25] INFO  segmented.SegmentedRaftLogWorker (SegmentedRaftLogWorker.java:startLogSegment(385)) - e0a2bbc5-e1f3-429a-8b57-8ad53d3fcfcf@group-546FD5580585-SegmentedRaftLogWorker: Starting segment from index:0
2019-10-09 23:57:21,328 [e0a2bbc5-e1f3-429a-8b57-8ad53d3fcfcf@group-546FD5580585-LeaderElection25] INFO  impl.RaftServerImpl (ServerState.java:setRaftConf(356)) - e0a2bbc5-e1f3-429a-8b57-8ad53d3fcfcf@group-546FD5580585: set configuration 0: [e0a2bbc5-e1f3-429a-8b57-8ad53d3fcfcf:192.168.5.166:46584], old=null at 0
2019-10-09 23:57:21,352 [e0a2bbc5-e1f3-429a-8b57-8ad53d3fcfcf@group-546FD5580585-SegmentedRaftLogWorker] INFO  segmented.SegmentedRaftLogWorker (SegmentedRaftLogWorker.java:execute(576)) - e0a2bbc5-e1f3-429a-8b57-8ad53d3fcfcf@group-546FD5580585-SegmentedRaftLogWorker: created new log segment /workdir/hadoop-ozone/integration-test/target/test-dir/MiniOzoneClusterImpl-f2beb584-d50b-4d1b-9113-e73b8a8f1d7e/datanode-6/data/ratis/e927367a-c6fc-452c-a1c5-546fd5580585/current/log_inprogress_0
2019-10-09 23:57:21,384 [Thread-1515] INFO  impl.FollowerState (FollowerState.java:run(108)) - d1b2fdb4-2a3c-478d-9f55-2a69fc770f7f@group-9773CDAA3BF0-FollowerState: change to CANDIDATE, lastRpcTime:5083ms, electionTimeout:5083ms
2019-10-09 23:57:21,384 [Thread-1515] INFO  impl.RoleInfo (RoleInfo.java:shutdownFollowerState(121)) - d1b2fdb4-2a3c-478d-9f55-2a69fc770f7f: shutdown FollowerState
2019-10-09 23:57:21,384 [Thread-1515] INFO  impl.RaftServerImpl (RaftServerImpl.java:setRole(170)) - d1b2fdb4-2a3c-478d-9f55-2a69fc770f7f@group-9773CDAA3BF0: changes role from  FOLLOWER to CANDIDATE at term 0 for changeToCandidate
2019-10-09 23:57:21,385 [Thread-1515] INFO  impl.RoleInfo (RoleInfo.java:updateAndGet(143)) - d1b2fdb4-2a3c-478d-9f55-2a69fc770f7f: start LeaderElection
2019-10-09 23:57:21,396 [d1b2fdb4-2a3c-478d-9f55-2a69fc770f7f@group-9773CDAA3BF0-LeaderElection26] INFO  impl.LeaderElection (LeaderElection.java:askForVotes(178)) - d1b2fdb4-2a3c-478d-9f55-2a69fc770f7f@group-9773CDAA3BF0-LeaderElection26: begin an election at term 1 for -1: [d1b2fdb4-2a3c-478d-9f55-2a69fc770f7f:192.168.5.166:45660], old=null
2019-10-09 23:57:21,396 [d1b2fdb4-2a3c-478d-9f55-2a69fc770f7f@group-9773CDAA3BF0-LeaderElection26] INFO  impl.RoleInfo (RoleInfo.java:shutdownLeaderElection(134)) - d1b2fdb4-2a3c-478d-9f55-2a69fc770f7f: shutdown LeaderElection
2019-10-09 23:57:21,396 [d1b2fdb4-2a3c-478d-9f55-2a69fc770f7f@group-9773CDAA3BF0-LeaderElection26] INFO  impl.RaftServerImpl (RaftServerImpl.java:setRole(170)) - d1b2fdb4-2a3c-478d-9f55-2a69fc770f7f@group-9773CDAA3BF0: changes role from CANDIDATE to LEADER at term 1 for changeToLeader
2019-10-09 23:57:21,396 [d1b2fdb4-2a3c-478d-9f55-2a69fc770f7f@group-9773CDAA3BF0-LeaderElection26] INFO  ratis.XceiverServerRatis (XceiverServerRatis.java:handleLeaderChangedNotification(702)) - Leader change notification received for group: group-9773CDAA3BF0 with new leaderId: d1b2fdb4-2a3c-478d-9f55-2a69fc770f7f
2019-10-09 23:57:21,396 [d1b2fdb4-2a3c-478d-9f55-2a69fc770f7f@group-9773CDAA3BF0-LeaderElection26] INFO  impl.RaftServerImpl (ServerState.java:setLeader(255)) - d1b2fdb4-2a3c-478d-9f55-2a69fc770f7f@group-9773CDAA3BF0: change Leader from null to d1b2fdb4-2a3c-478d-9f55-2a69fc770f7f at term 1 for becomeLeader, leader elected after 5099ms
2019-10-09 23:57:21,396 [d1b2fdb4-2a3c-478d-9f55-2a69fc770f7f@group-9773CDAA3BF0-LeaderElection26] INFO  server.RaftServerConfigKeys (ConfUtils.java:logGet(43)) - raft.server.staging.catchup.gap = 1000 (default)
2019-10-09 23:57:21,397 [d1b2fdb4-2a3c-478d-9f55-2a69fc770f7f@group-9773CDAA3BF0-LeaderElection26] INFO  server.RaftServerConfigKeys (ConfUtils.java:logGet(43)) - raft.server.rpc.sleep.time = 25ms (default)
2019-10-09 23:57:21,397 [d1b2fdb4-2a3c-478d-9f55-2a69fc770f7f@group-9773CDAA3BF0-LeaderElection26] INFO  server.RaftServerConfigKeys (ConfUtils.java:logGet(43)) - raft.server.write.element-limit = 4096 (default)
2019-10-09 23:57:21,397 [d1b2fdb4-2a3c-478d-9f55-2a69fc770f7f@group-9773CDAA3BF0-LeaderElection26] INFO  server.RaftServerConfigKeys (ConfUtils.java:logGet(43)) - raft.server.watch.timeout = 10s (default)
2019-10-09 23:57:21,397 [d1b2fdb4-2a3c-478d-9f55-2a69fc770f7f@group-9773CDAA3BF0-LeaderElection26] INFO  server.RaftServerConfigKeys (ConfUtils.java:logGet(43)) - raft.server.watch.timeout.denomination = 1s (default)
2019-10-09 23:57:21,397 [d1b2fdb4-2a3c-478d-9f55-2a69fc770f7f@group-9773CDAA3BF0-LeaderElection26] INFO  server.RaftServerConfigKeys (ConfUtils.java:logGet(43)) - raft.server.watch.element-limit = 65536 (default)
2019-10-09 23:57:21,398 [d1b2fdb4-2a3c-478d-9f55-2a69fc770f7f@group-9773CDAA3BF0-LeaderElection26] INFO  impl.RoleInfo (RoleInfo.java:updateAndGet(143)) - d1b2fdb4-2a3c-478d-9f55-2a69fc770f7f: start LeaderState
2019-10-09 23:57:21,399 [d1b2fdb4-2a3c-478d-9f55-2a69fc770f7f@group-9773CDAA3BF0-LeaderElection26] INFO  segmented.SegmentedRaftLogWorker (SegmentedRaftLogWorker.java:startLogSegment(385)) - d1b2fdb4-2a3c-478d-9f55-2a69fc770f7f@group-9773CDAA3BF0-SegmentedRaftLogWorker: Starting segment from index:0
2019-10-09 23:57:21,399 [d1b2fdb4-2a3c-478d-9f55-2a69fc770f7f@group-9773CDAA3BF0-LeaderElection26] INFO  impl.RaftServerImpl (ServerState.java:setRaftConf(356)) - d1b2fdb4-2a3c-478d-9f55-2a69fc770f7f@group-9773CDAA3BF0: set configuration 0: [d1b2fdb4-2a3c-478d-9f55-2a69fc770f7f:192.168.5.166:45660], old=null at 0
2019-10-09 23:57:21,414 [Thread-1522] INFO  impl.FollowerState (FollowerState.java:run(108)) - f5a703b3-66a4-42d5-b4a4-337578d80bd8@group-8C4623C5097C-FollowerState: change to CANDIDATE, lastRpcTime:5007ms, electionTimeout:5007ms
2019-10-09 23:57:21,414 [Thread-1522] INFO  impl.RoleInfo (RoleInfo.java:shutdownFollowerState(121)) - f5a703b3-66a4-42d5-b4a4-337578d80bd8: shutdown FollowerState
2019-10-09 23:57:21,414 [Thread-1522] INFO  impl.RaftServerImpl (RaftServerImpl.java:setRole(170)) - f5a703b3-66a4-42d5-b4a4-337578d80bd8@group-8C4623C5097C: changes role from  FOLLOWER to CANDIDATE at term 0 for changeToCandidate
2019-10-09 23:57:21,414 [Thread-1522] INFO  impl.RoleInfo (RoleInfo.java:updateAndGet(143)) - f5a703b3-66a4-42d5-b4a4-337578d80bd8: start LeaderElection
2019-10-09 23:57:21,442 [d1b2fdb4-2a3c-478d-9f55-2a69fc770f7f@group-9773CDAA3BF0-SegmentedRaftLogWorker] INFO  segmented.SegmentedRaftLogWorker (SegmentedRaftLogWorker.java:execute(576)) - d1b2fdb4-2a3c-478d-9f55-2a69fc770f7f@group-9773CDAA3BF0-SegmentedRaftLogWorker: created new log segment /workdir/hadoop-ozone/integration-test/target/test-dir/MiniOzoneClusterImpl-f2beb584-d50b-4d1b-9113-e73b8a8f1d7e/datanode-1/data/ratis/03037681-54f9-4dd7-aa3b-9773cdaa3bf0/current/log_inprogress_0
2019-10-09 23:57:21,442 [f5a703b3-66a4-42d5-b4a4-337578d80bd8@group-8C4623C5097C-LeaderElection27] INFO  impl.LeaderElection (LeaderElection.java:askForVotes(178)) - f5a703b3-66a4-42d5-b4a4-337578d80bd8@group-8C4623C5097C-LeaderElection27: begin an election at term 1 for -1: [f5a703b3-66a4-42d5-b4a4-337578d80bd8:192.168.5.166:38085, 78e81a3b-a007-4b1e-9676-7d47e80789cd:192.168.5.166:40575, 70047afe-0910-4555-ade8-6ade5e62522e:192.168.5.166:37086], old=null
2019-10-09 23:57:21,445 [Thread-1524] INFO  impl.FollowerState (FollowerState.java:run(108)) - 70047afe-0910-4555-ade8-6ade5e62522e@group-8C4623C5097C-FollowerState: change to CANDIDATE, lastRpcTime:5027ms, electionTimeout:5027ms
2019-10-09 23:57:21,445 [Thread-1524] INFO  impl.RoleInfo (RoleInfo.java:shutdownFollowerState(121)) - 70047afe-0910-4555-ade8-6ade5e62522e: shutdown FollowerState
2019-10-09 23:57:21,445 [Thread-1524] INFO  impl.RaftServerImpl (RaftServerImpl.java:setRole(170)) - 70047afe-0910-4555-ade8-6ade5e62522e@group-8C4623C5097C: changes role from  FOLLOWER to CANDIDATE at term 0 for changeToCandidate
2019-10-09 23:57:21,445 [Thread-1524] INFO  impl.RoleInfo (RoleInfo.java:updateAndGet(143)) - 70047afe-0910-4555-ade8-6ade5e62522e: start LeaderElection
2019-10-09 23:57:21,449 [grpc-default-executor-2] INFO  impl.RaftServerImpl (RaftServerImpl.java:setRole(170)) - 78e81a3b-a007-4b1e-9676-7d47e80789cd@group-8C4623C5097C: changes role from  FOLLOWER to FOLLOWER at term 1 for recognizeCandidate:f5a703b3-66a4-42d5-b4a4-337578d80bd8
2019-10-09 23:57:21,449 [grpc-default-executor-2] INFO  impl.RoleInfo (RoleInfo.java:shutdownFollowerState(121)) - 78e81a3b-a007-4b1e-9676-7d47e80789cd: shutdown FollowerState
2019-10-09 23:57:21,449 [grpc-default-executor-2] INFO  impl.RoleInfo (RoleInfo.java:updateAndGet(143)) - 78e81a3b-a007-4b1e-9676-7d47e80789cd: start FollowerState
2019-10-09 23:57:21,450 [Thread-1525] INFO  impl.FollowerState (FollowerState.java:run(117)) - 78e81a3b-a007-4b1e-9676-7d47e80789cd@group-8C4623C5097C-FollowerState was interrupted: java.lang.InterruptedException: sleep interrupted
2019-10-09 23:57:21,470 [70047afe-0910-4555-ade8-6ade5e62522e@group-8C4623C5097C-LeaderElection28] INFO  impl.LeaderElection (LeaderElection.java:askForVotes(178)) - 70047afe-0910-4555-ade8-6ade5e62522e@group-8C4623C5097C-LeaderElection28: begin an election at term 1 for -1: [f5a703b3-66a4-42d5-b4a4-337578d80bd8:192.168.5.166:38085, 78e81a3b-a007-4b1e-9676-7d47e80789cd:192.168.5.166:40575, 70047afe-0910-4555-ade8-6ade5e62522e:192.168.5.166:37086], old=null
2019-10-09 23:57:21,473 [f5a703b3-66a4-42d5-b4a4-337578d80bd8@group-8C4623C5097C-LeaderElection27] INFO  impl.LeaderElection (LeaderElection.java:logAndReturn(56)) - f5a703b3-66a4-42d5-b4a4-337578d80bd8@group-8C4623C5097C-LeaderElection27: Election PASSED; received 1 response(s) [f5a703b3-66a4-42d5-b4a4-337578d80bd8<-78e81a3b-a007-4b1e-9676-7d47e80789cd#0:OK-t1] and 0 exception(s); f5a703b3-66a4-42d5-b4a4-337578d80bd8@group-8C4623C5097C:t1, leader=null, voted=f5a703b3-66a4-42d5-b4a4-337578d80bd8, raftlog=f5a703b3-66a4-42d5-b4a4-337578d80bd8@group-8C4623C5097C-SegmentedRaftLog:OPENED:c-1,f-1,i0, conf=-1: [f5a703b3-66a4-42d5-b4a4-337578d80bd8:192.168.5.166:38085, 78e81a3b-a007-4b1e-9676-7d47e80789cd:192.168.5.166:40575, 70047afe-0910-4555-ade8-6ade5e62522e:192.168.5.166:37086], old=null
2019-10-09 23:57:21,473 [f5a703b3-66a4-42d5-b4a4-337578d80bd8@group-8C4623C5097C-LeaderElection27] INFO  impl.RoleInfo (RoleInfo.java:shutdownLeaderElection(134)) - f5a703b3-66a4-42d5-b4a4-337578d80bd8: shutdown LeaderElection
2019-10-09 23:57:21,474 [f5a703b3-66a4-42d5-b4a4-337578d80bd8@group-8C4623C5097C-LeaderElection27] INFO  impl.RaftServerImpl (RaftServerImpl.java:setRole(170)) - f5a703b3-66a4-42d5-b4a4-337578d80bd8@group-8C4623C5097C: changes role from CANDIDATE to LEADER at term 1 for changeToLeader
2019-10-09 23:57:21,474 [f5a703b3-66a4-42d5-b4a4-337578d80bd8@group-8C4623C5097C-LeaderElection27] INFO  ratis.XceiverServerRatis (XceiverServerRatis.java:handleLeaderChangedNotification(702)) - Leader change notification received for group: group-8C4623C5097C with new leaderId: f5a703b3-66a4-42d5-b4a4-337578d80bd8
2019-10-09 23:57:21,474 [f5a703b3-66a4-42d5-b4a4-337578d80bd8@group-8C4623C5097C-LeaderElection27] INFO  impl.RaftServerImpl (ServerState.java:setLeader(255)) - f5a703b3-66a4-42d5-b4a4-337578d80bd8@group-8C4623C5097C: change Leader from null to f5a703b3-66a4-42d5-b4a4-337578d80bd8 at term 1 for becomeLeader, leader elected after 5075ms
2019-10-09 23:57:21,474 [f5a703b3-66a4-42d5-b4a4-337578d80bd8@group-8C4623C5097C-LeaderElection27] INFO  server.RaftServerConfigKeys (ConfUtils.java:logGet(43)) - raft.server.staging.catchup.gap = 1000 (default)
2019-10-09 23:57:21,474 [f5a703b3-66a4-42d5-b4a4-337578d80bd8@group-8C4623C5097C-LeaderElection27] INFO  server.RaftServerConfigKeys (ConfUtils.java:logGet(43)) - raft.server.rpc.sleep.time = 25ms (default)
2019-10-09 23:57:21,474 [f5a703b3-66a4-42d5-b4a4-337578d80bd8@group-8C4623C5097C-LeaderElection27] INFO  server.RaftServerConfigKeys (ConfUtils.java:logGet(43)) - raft.server.write.element-limit = 4096 (default)
2019-10-09 23:57:21,474 [f5a703b3-66a4-42d5-b4a4-337578d80bd8@group-8C4623C5097C-LeaderElection27] INFO  server.RaftServerConfigKeys (ConfUtils.java:logGet(43)) - raft.server.watch.timeout = 10s (default)
2019-10-09 23:57:21,474 [f5a703b3-66a4-42d5-b4a4-337578d80bd8@group-8C4623C5097C-LeaderElection27] INFO  server.RaftServerConfigKeys (ConfUtils.java:logGet(43)) - raft.server.watch.timeout.denomination = 1s (default)
2019-10-09 23:57:21,475 [f5a703b3-66a4-42d5-b4a4-337578d80bd8@group-8C4623C5097C-LeaderElection27] INFO  server.RaftServerConfigKeys (ConfUtils.java:logGet(43)) - raft.server.watch.element-limit = 65536 (default)
2019-10-09 23:57:21,475 [EventQueue-PipelineReportForPipelineReportHandler] INFO  pipeline.PipelineReportHandler (PipelineReportHandler.java:processPipelineReport(119)) - Pipeline PipelineID=9e6124f3-f22d-44ac-822f-8c4623c5097c reported by f5a703b3-66a4-42d5-b4a4-337578d80bd8{ip: 192.168.5.166, host: pr-hdds-1868-fg6nx-4263576025, networkLocation: /default-rack, certSerialId: null} with leaderId f5a703b3-66a4-42d5-b4a4-337578d80bd8
2019-10-09 23:57:21,484 [f5a703b3-66a4-42d5-b4a4-337578d80bd8@group-8C4623C5097C-LeaderElection27] INFO  server.RaftServerConfigKeys (ConfUtils.java:logGet(43)) - raft.server.log.appender.snapshot.chunk.size.max = 16MB (=16777216) (default)
2019-10-09 23:57:21,486 [f5a703b3-66a4-42d5-b4a4-337578d80bd8@group-8C4623C5097C-LeaderElection27] INFO  server.RaftServerConfigKeys (ConfUtils.java:logGet(43)) - raft.server.log.appender.buffer.byte-limit = 33554432 (custom)
2019-10-09 23:57:21,486 [f5a703b3-66a4-42d5-b4a4-337578d80bd8@group-8C4623C5097C-LeaderElection27] INFO  server.RaftServerConfigKeys (ConfUtils.java:logGet(43)) - raft.server.log.appender.buffer.element-limit = 1 (custom)
2019-10-09 23:57:21,486 [f5a703b3-66a4-42d5-b4a4-337578d80bd8@group-8C4623C5097C-LeaderElection27] INFO  grpc.GrpcConfigKeys$Server (ConfUtils.java:logGet(43)) - raft.grpc.server.leader.outstanding.appends.max = 128 (default)
2019-10-09 23:57:21,489 [f5a703b3-66a4-42d5-b4a4-337578d80bd8@group-8C4623C5097C-LeaderElection27] INFO  server.RaftServerConfigKeys (ConfUtils.java:logGet(43)) - raft.server.rpc.request.timeout = 3000ms (default)
2019-10-09 23:57:21,489 [f5a703b3-66a4-42d5-b4a4-337578d80bd8@group-8C4623C5097C-LeaderElection27] INFO  server.RaftServerConfigKeys (ConfUtils.java:logGet(43)) - raft.server.log.appender.install.snapshot.enabled = false (custom)
2019-10-09 23:57:21,489 [f5a703b3-66a4-42d5-b4a4-337578d80bd8@group-8C4623C5097C-LeaderElection27] INFO  server.RaftServerConfigKeys (ConfUtils.java:logGet(43)) - raft.server.log.appender.snapshot.chunk.size.max = 16MB (=16777216) (default)
2019-10-09 23:57:21,490 [f5a703b3-66a4-42d5-b4a4-337578d80bd8@group-8C4623C5097C-LeaderElection27] INFO  server.RaftServerConfigKeys (ConfUtils.java:logGet(43)) - raft.server.log.appender.buffer.byte-limit = 33554432 (custom)
2019-10-09 23:57:21,490 [f5a703b3-66a4-42d5-b4a4-337578d80bd8@group-8C4623C5097C-LeaderElection27] INFO  server.RaftServerConfigKeys (ConfUtils.java:logGet(43)) - raft.server.log.appender.buffer.element-limit = 1 (custom)
2019-10-09 23:57:21,490 [f5a703b3-66a4-42d5-b4a4-337578d80bd8@group-8C4623C5097C-LeaderElection27] INFO  grpc.GrpcConfigKeys$Server (ConfUtils.java:logGet(43)) - raft.grpc.server.leader.outstanding.appends.max = 128 (default)
2019-10-09 23:57:21,490 [f5a703b3-66a4-42d5-b4a4-337578d80bd8@group-8C4623C5097C-LeaderElection27] INFO  server.RaftServerConfigKeys (ConfUtils.java:logGet(43)) - raft.server.rpc.request.timeout = 3000ms (default)
2019-10-09 23:57:21,490 [f5a703b3-66a4-42d5-b4a4-337578d80bd8@group-8C4623C5097C-LeaderElection27] INFO  server.RaftServerConfigKeys (ConfUtils.java:logGet(43)) - raft.server.log.appender.install.snapshot.enabled = false (custom)
2019-10-09 23:57:21,490 [f5a703b3-66a4-42d5-b4a4-337578d80bd8@group-8C4623C5097C-LeaderElection27] INFO  impl.RoleInfo (RoleInfo.java:updateAndGet(143)) - f5a703b3-66a4-42d5-b4a4-337578d80bd8: start LeaderState
2019-10-09 23:57:21,490 [f5a703b3-66a4-42d5-b4a4-337578d80bd8@group-8C4623C5097C-LeaderElection27] INFO  segmented.SegmentedRaftLogWorker (SegmentedRaftLogWorker.java:startLogSegment(385)) - f5a703b3-66a4-42d5-b4a4-337578d80bd8@group-8C4623C5097C-SegmentedRaftLogWorker: Starting segment from index:0
2019-10-09 23:57:21,491 [f5a703b3-66a4-42d5-b4a4-337578d80bd8@group-8C4623C5097C-LeaderElection27] INFO  impl.RaftServerImpl (ServerState.java:setRaftConf(356)) - f5a703b3-66a4-42d5-b4a4-337578d80bd8@group-8C4623C5097C: set configuration 0: [f5a703b3-66a4-42d5-b4a4-337578d80bd8:192.168.5.166:38085, 78e81a3b-a007-4b1e-9676-7d47e80789cd:192.168.5.166:40575, 70047afe-0910-4555-ade8-6ade5e62522e:192.168.5.166:37086], old=null at 0
2019-10-09 23:57:21,518 [grpc-default-executor-2] INFO  impl.RaftServerImpl (RaftServerImpl.java:requestVote(762)) - f5a703b3-66a4-42d5-b4a4-337578d80bd8@group-8C4623C5097C-   LEADER: Withhold vote from candidate 70047afe-0910-4555-ade8-6ade5e62522e with term 1. State: leader=f5a703b3-66a4-42d5-b4a4-337578d80bd8, term=1, lastRpcElapsed=null
2019-10-09 23:57:21,519 [70047afe-0910-4555-ade8-6ade5e62522e@group-8C4623C5097C-LeaderElection28] INFO  impl.LeaderElection (LeaderElection.java:logAndReturn(56)) - 70047afe-0910-4555-ade8-6ade5e62522e@group-8C4623C5097C-LeaderElection28: Election REJECTED; received 2 response(s) [70047afe-0910-4555-ade8-6ade5e62522e<-f5a703b3-66a4-42d5-b4a4-337578d80bd8#0:FAIL-t1, 70047afe-0910-4555-ade8-6ade5e62522e<-78e81a3b-a007-4b1e-9676-7d47e80789cd#0:FAIL-t1] and 0 exception(s); 70047afe-0910-4555-ade8-6ade5e62522e@group-8C4623C5097C:t1, leader=null, voted=70047afe-0910-4555-ade8-6ade5e62522e, raftlog=70047afe-0910-4555-ade8-6ade5e62522e@group-8C4623C5097C-SegmentedRaftLog:OPENED:c-1,f-1,i0, conf=-1: [f5a703b3-66a4-42d5-b4a4-337578d80bd8:192.168.5.166:38085, 78e81a3b-a007-4b1e-9676-7d47e80789cd:192.168.5.166:40575, 70047afe-0910-4555-ade8-6ade5e62522e:192.168.5.166:37086], old=null
2019-10-09 23:57:21,519 [grpc-default-executor-4] INFO  impl.RaftServerImpl (RaftServerImpl.java:setRole(170)) - 70047afe-0910-4555-ade8-6ade5e62522e@group-8C4623C5097C: changes role from CANDIDATE to FOLLOWER at term 1 for appendEntries
2019-10-09 23:57:21,519 [grpc-default-executor-2] INFO  ratis.XceiverServerRatis (XceiverServerRatis.java:handleLeaderChangedNotification(702)) - Leader change notification received for group: group-8C4623C5097C with new leaderId: f5a703b3-66a4-42d5-b4a4-337578d80bd8
2019-10-09 23:57:21,519 [grpc-default-executor-4] INFO  impl.RoleInfo (RoleInfo.java:shutdownLeaderElection(134)) - 70047afe-0910-4555-ade8-6ade5e62522e: shutdown LeaderElection
2019-10-09 23:57:21,524 [grpc-default-executor-2] INFO  impl.RaftServerImpl (ServerState.java:setLeader(255)) - 78e81a3b-a007-4b1e-9676-7d47e80789cd@group-8C4623C5097C: change Leader from null to f5a703b3-66a4-42d5-b4a4-337578d80bd8 at term 1 for appendEntries, leader elected after 5120ms
2019-10-09 23:57:21,524 [grpc-default-executor-4] INFO  impl.RoleInfo (RoleInfo.java:updateAndGet(143)) - 70047afe-0910-4555-ade8-6ade5e62522e: start FollowerState
2019-10-09 23:57:21,524 [grpc-default-executor-4] INFO  ratis.XceiverServerRatis (XceiverServerRatis.java:handleLeaderChangedNotification(702)) - Leader change notification received for group: group-8C4623C5097C with new leaderId: f5a703b3-66a4-42d5-b4a4-337578d80bd8
2019-10-09 23:57:21,526 [grpc-default-executor-2] INFO  impl.RaftServerImpl (ServerState.java:setRaftConf(356)) - 78e81a3b-a007-4b1e-9676-7d47e80789cd@group-8C4623C5097C: set configuration 0: [f5a703b3-66a4-42d5-b4a4-337578d80bd8:192.168.5.166:38085, 78e81a3b-a007-4b1e-9676-7d47e80789cd:192.168.5.166:40575, 70047afe-0910-4555-ade8-6ade5e62522e:192.168.5.166:37086], old=null at 0
2019-10-09 23:57:21,525 [EventQueue-PipelineReportForPipelineReportHandler] INFO  pipeline.PipelineReportHandler (PipelineReportHandler.java:processPipelineReport(119)) - Pipeline PipelineID=9e6124f3-f22d-44ac-822f-8c4623c5097c reported by 78e81a3b-a007-4b1e-9676-7d47e80789cd{ip: 192.168.5.166, host: pr-hdds-1868-fg6nx-4263576025, networkLocation: /default-rack, certSerialId: null} with leaderId f5a703b3-66a4-42d5-b4a4-337578d80bd8
2019-10-09 23:57:21,528 [grpc-default-executor-2] INFO  segmented.SegmentedRaftLogWorker (SegmentedRaftLogWorker.java:startLogSegment(385)) - 78e81a3b-a007-4b1e-9676-7d47e80789cd@group-8C4623C5097C-SegmentedRaftLogWorker: Starting segment from index:0
2019-10-09 23:57:21,528 [grpc-default-executor-4] INFO  impl.RaftServerImpl (ServerState.java:setLeader(255)) - 70047afe-0910-4555-ade8-6ade5e62522e@group-8C4623C5097C: change Leader from null to f5a703b3-66a4-42d5-b4a4-337578d80bd8 at term 1 for appendEntries, leader elected after 5125ms
2019-10-09 23:57:21,528 [EventQueue-PipelineReportForPipelineReportHandler] INFO  pipeline.PipelineReportHandler (PipelineReportHandler.java:processPipelineReport(119)) - Pipeline PipelineID=9b0f90c6-da87-4088-9fa6-ad7dd3f29930 reported by 78e81a3b-a007-4b1e-9676-7d47e80789cd{ip: 192.168.5.166, host: pr-hdds-1868-fg6nx-4263576025, networkLocation: /default-rack, certSerialId: null} with leaderId 
2019-10-09 23:57:21,529 [EventQueue-PipelineReportForPipelineReportHandler] INFO  pipeline.PipelineStateManager (PipelineStateManager.java:openPipeline(136)) - Pipeline Pipeline[ Id: 9b0f90c6-da87-4088-9fa6-ad7dd3f29930, Nodes: 78e81a3b-a007-4b1e-9676-7d47e80789cd{ip: 192.168.5.166, host: pr-hdds-1868-fg6nx-4263576025, networkLocation: /default-rack, certSerialId: null}, Type:RATIS, Factor:ONE, State:OPEN] moved to OPEN state
2019-10-09 23:57:21,529 [EventQueue-PipelineReportForPipelineReportHandler] INFO  pipeline.PipelineReportHandler (PipelineReportHandler.java:processPipelineReport(119)) - Pipeline PipelineID=6c1897db-0e20-4832-b6e2-5be615330d44 reported by 70047afe-0910-4555-ade8-6ade5e62522e{ip: 192.168.5.166, host: pr-hdds-1868-fg6nx-4263576025, networkLocation: /default-rack, certSerialId: null} with leaderId 
2019-10-09 23:57:21,529 [EventQueue-PipelineReportForPipelineReportHandler] INFO  pipeline.PipelineStateManager (PipelineStateManager.java:openPipeline(136)) - Pipeline Pipeline[ Id: 6c1897db-0e20-4832-b6e2-5be615330d44, Nodes: 70047afe-0910-4555-ade8-6ade5e62522e{ip: 192.168.5.166, host: pr-hdds-1868-fg6nx-4263576025, networkLocation: /default-rack, certSerialId: null}, Type:RATIS, Factor:ONE, State:OPEN] moved to OPEN state
2019-10-09 23:57:21,529 [EventQueue-PipelineReportForPipelineReportHandler] INFO  pipeline.PipelineReportHandler (PipelineReportHandler.java:processPipelineReport(119)) - Pipeline PipelineID=9e6124f3-f22d-44ac-822f-8c4623c5097c reported by 70047afe-0910-4555-ade8-6ade5e62522e{ip: 192.168.5.166, host: pr-hdds-1868-fg6nx-4263576025, networkLocation: /default-rack, certSerialId: null} with leaderId f5a703b3-66a4-42d5-b4a4-337578d80bd8
2019-10-09 23:57:21,529 [EventQueue-PipelineReportForPipelineReportHandler] INFO  pipeline.PipelineStateManager (PipelineStateManager.java:openPipeline(136)) - Pipeline Pipeline[ Id: 9e6124f3-f22d-44ac-822f-8c4623c5097c, Nodes: 78e81a3b-a007-4b1e-9676-7d47e80789cd{ip: 192.168.5.166, host: pr-hdds-1868-fg6nx-4263576025, networkLocation: /default-rack, certSerialId: null}f5a703b3-66a4-42d5-b4a4-337578d80bd8{ip: 192.168.5.166, host: pr-hdds-1868-fg6nx-4263576025, networkLocation: /default-rack, certSerialId: null}70047afe-0910-4555-ade8-6ade5e62522e{ip: 192.168.5.166, host: pr-hdds-1868-fg6nx-4263576025, networkLocation: /default-rack, certSerialId: null}, Type:RATIS, Factor:THREE, State:OPEN] moved to OPEN state
2019-10-09 23:57:21,531 [grpc-default-executor-4] INFO  impl.RaftServerImpl (ServerState.java:setRaftConf(356)) - 70047afe-0910-4555-ade8-6ade5e62522e@group-8C4623C5097C: set configuration 0: [f5a703b3-66a4-42d5-b4a4-337578d80bd8:192.168.5.166:38085, 78e81a3b-a007-4b1e-9676-7d47e80789cd:192.168.5.166:40575, 70047afe-0910-4555-ade8-6ade5e62522e:192.168.5.166:37086], old=null at 0
2019-10-09 23:57:21,531 [grpc-default-executor-4] INFO  segmented.SegmentedRaftLogWorker (SegmentedRaftLogWorker.java:startLogSegment(385)) - 70047afe-0910-4555-ade8-6ade5e62522e@group-8C4623C5097C-SegmentedRaftLogWorker: Starting segment from index:0
2019-10-09 23:57:21,542 [f5a703b3-66a4-42d5-b4a4-337578d80bd8@group-8C4623C5097C-SegmentedRaftLogWorker] INFO  segmented.SegmentedRaftLogWorker (SegmentedRaftLogWorker.java:execute(576)) - f5a703b3-66a4-42d5-b4a4-337578d80bd8@group-8C4623C5097C-SegmentedRaftLogWorker: created new log segment /workdir/hadoop-ozone/integration-test/target/test-dir/MiniOzoneClusterImpl-f2beb584-d50b-4d1b-9113-e73b8a8f1d7e/datanode-5/data/ratis/9e6124f3-f22d-44ac-822f-8c4623c5097c/current/log_inprogress_0
2019-10-09 23:57:21,559 [main] INFO  ozone.MiniOzoneClusterImpl (MiniOzoneClusterImpl.java:lambda$waitForClusterToBeReady$2(164)) - Waiting for 1 number of pipelines out of 9, to report a leader.
2019-10-09 23:57:21,583 [70047afe-0910-4555-ade8-6ade5e62522e@group-8C4623C5097C-SegmentedRaftLogWorker] INFO  segmented.SegmentedRaftLogWorker (SegmentedRaftLogWorker.java:execute(576)) - 70047afe-0910-4555-ade8-6ade5e62522e@group-8C4623C5097C-SegmentedRaftLogWorker: created new log segment /workdir/hadoop-ozone/integration-test/target/test-dir/MiniOzoneClusterImpl-f2beb584-d50b-4d1b-9113-e73b8a8f1d7e/datanode-4/data/ratis/9e6124f3-f22d-44ac-822f-8c4623c5097c/current/log_inprogress_0
2019-10-09 23:57:21,583 [78e81a3b-a007-4b1e-9676-7d47e80789cd@group-8C4623C5097C-SegmentedRaftLogWorker] INFO  segmented.SegmentedRaftLogWorker (SegmentedRaftLogWorker.java:execute(576)) - 78e81a3b-a007-4b1e-9676-7d47e80789cd@group-8C4623C5097C-SegmentedRaftLogWorker: created new log segment /workdir/hadoop-ozone/integration-test/target/test-dir/MiniOzoneClusterImpl-f2beb584-d50b-4d1b-9113-e73b8a8f1d7e/datanode-3/data/ratis/9e6124f3-f22d-44ac-822f-8c4623c5097c/current/log_inprogress_0
2019-10-09 23:57:21,597 [Thread-1531] INFO  impl.FollowerState (FollowerState.java:run(108)) - 267b4c01-3d7d-4c74-8ccf-ba11236bcdc8@group-43C9A66A597C-FollowerState: change to CANDIDATE, lastRpcTime:5105ms, electionTimeout:5105ms
2019-10-09 23:57:21,597 [Thread-1531] INFO  impl.RoleInfo (RoleInfo.java:shutdownFollowerState(121)) - 267b4c01-3d7d-4c74-8ccf-ba11236bcdc8: shutdown FollowerState
2019-10-09 23:57:21,597 [Thread-1531] INFO  impl.RaftServerImpl (RaftServerImpl.java:setRole(170)) - 267b4c01-3d7d-4c74-8ccf-ba11236bcdc8@group-43C9A66A597C: changes role from  FOLLOWER to CANDIDATE at term 0 for changeToCandidate
2019-10-09 23:57:21,597 [Thread-1531] INFO  impl.RoleInfo (RoleInfo.java:updateAndGet(143)) - 267b4c01-3d7d-4c74-8ccf-ba11236bcdc8: start LeaderElection
2019-10-09 23:57:21,613 [267b4c01-3d7d-4c74-8ccf-ba11236bcdc8@group-43C9A66A597C-LeaderElection29] INFO  impl.LeaderElection (LeaderElection.java:askForVotes(178)) - 267b4c01-3d7d-4c74-8ccf-ba11236bcdc8@group-43C9A66A597C-LeaderElection29: begin an election at term 1 for -1: [267b4c01-3d7d-4c74-8ccf-ba11236bcdc8:192.168.5.166:40372], old=null
2019-10-09 23:57:21,613 [267b4c01-3d7d-4c74-8ccf-ba11236bcdc8@group-43C9A66A597C-LeaderElection29] INFO  impl.RoleInfo (RoleInfo.java:shutdownLeaderElection(134)) - 267b4c01-3d7d-4c74-8ccf-ba11236bcdc8: shutdown LeaderElection
2019-10-09 23:57:21,613 [267b4c01-3d7d-4c74-8ccf-ba11236bcdc8@group-43C9A66A597C-LeaderElection29] INFO  impl.RaftServerImpl (RaftServerImpl.java:setRole(170)) - 267b4c01-3d7d-4c74-8ccf-ba11236bcdc8@group-43C9A66A597C: changes role from CANDIDATE to LEADER at term 1 for changeToLeader
2019-10-09 23:57:21,613 [267b4c01-3d7d-4c74-8ccf-ba11236bcdc8@group-43C9A66A597C-LeaderElection29] INFO  ratis.XceiverServerRatis (XceiverServerRatis.java:handleLeaderChangedNotification(702)) - Leader change notification received for group: group-43C9A66A597C with new leaderId: 267b4c01-3d7d-4c74-8ccf-ba11236bcdc8
2019-10-09 23:57:21,617 [267b4c01-3d7d-4c74-8ccf-ba11236bcdc8@group-43C9A66A597C-LeaderElection29] INFO  impl.RaftServerImpl (ServerState.java:setLeader(255)) - 267b4c01-3d7d-4c74-8ccf-ba11236bcdc8@group-43C9A66A597C: change Leader from null to 267b4c01-3d7d-4c74-8ccf-ba11236bcdc8 at term 1 for becomeLeader, leader elected after 5126ms
2019-10-09 23:57:21,617 [267b4c01-3d7d-4c74-8ccf-ba11236bcdc8@group-43C9A66A597C-LeaderElection29] INFO  server.RaftServerConfigKeys (ConfUtils.java:logGet(43)) - raft.server.staging.catchup.gap = 1000 (default)
2019-10-09 23:57:21,617 [267b4c01-3d7d-4c74-8ccf-ba11236bcdc8@group-43C9A66A597C-LeaderElection29] INFO  server.RaftServerConfigKeys (ConfUtils.java:logGet(43)) - raft.server.rpc.sleep.time = 25ms (default)
2019-10-09 23:57:21,617 [267b4c01-3d7d-4c74-8ccf-ba11236bcdc8@group-43C9A66A597C-LeaderElection29] INFO  server.RaftServerConfigKeys (ConfUtils.java:logGet(43)) - raft.server.write.element-limit = 4096 (default)
2019-10-09 23:57:21,617 [267b4c01-3d7d-4c74-8ccf-ba11236bcdc8@group-43C9A66A597C-LeaderElection29] INFO  server.RaftServerConfigKeys (ConfUtils.java:logGet(43)) - raft.server.watch.timeout = 10s (default)
2019-10-09 23:57:21,617 [267b4c01-3d7d-4c74-8ccf-ba11236bcdc8@group-43C9A66A597C-LeaderElection29] INFO  server.RaftServerConfigKeys (ConfUtils.java:logGet(43)) - raft.server.watch.timeout.denomination = 1s (default)
2019-10-09 23:57:21,617 [267b4c01-3d7d-4c74-8ccf-ba11236bcdc8@group-43C9A66A597C-LeaderElection29] INFO  server.RaftServerConfigKeys (ConfUtils.java:logGet(43)) - raft.server.watch.element-limit = 65536 (default)
2019-10-09 23:57:21,618 [EventQueue-PipelineReportForPipelineReportHandler] INFO  pipeline.PipelineReportHandler (PipelineReportHandler.java:processPipelineReport(119)) - Pipeline PipelineID=3f27c8f1-e335-4ffc-bf72-43c9a66a597c reported by 267b4c01-3d7d-4c74-8ccf-ba11236bcdc8{ip: 192.168.5.166, host: pr-hdds-1868-fg6nx-4263576025, networkLocation: /default-rack, certSerialId: null} with leaderId 267b4c01-3d7d-4c74-8ccf-ba11236bcdc8
2019-10-09 23:57:21,618 [EventQueue-PipelineReportForPipelineReportHandler] INFO  pipeline.PipelineStateManager (PipelineStateManager.java:openPipeline(136)) - Pipeline Pipeline[ Id: 3f27c8f1-e335-4ffc-bf72-43c9a66a597c, Nodes: 267b4c01-3d7d-4c74-8ccf-ba11236bcdc8{ip: 192.168.5.166, host: pr-hdds-1868-fg6nx-4263576025, networkLocation: /default-rack, certSerialId: null}, Type:RATIS, Factor:ONE, State:OPEN] moved to OPEN state
2019-10-09 23:57:21,619 [267b4c01-3d7d-4c74-8ccf-ba11236bcdc8@group-43C9A66A597C-LeaderElection29] INFO  impl.RoleInfo (RoleInfo.java:updateAndGet(143)) - 267b4c01-3d7d-4c74-8ccf-ba11236bcdc8: start LeaderState
2019-10-09 23:57:21,619 [267b4c01-3d7d-4c74-8ccf-ba11236bcdc8@group-43C9A66A597C-LeaderElection29] INFO  segmented.SegmentedRaftLogWorker (SegmentedRaftLogWorker.java:startLogSegment(385)) - 267b4c01-3d7d-4c74-8ccf-ba11236bcdc8@group-43C9A66A597C-SegmentedRaftLogWorker: Starting segment from index:0
2019-10-09 23:57:21,620 [Thread-1535] INFO  impl.FollowerState (FollowerState.java:run(108)) - 78e81a3b-a007-4b1e-9676-7d47e80789cd@group-AD7DD3F29930-FollowerState: change to CANDIDATE, lastRpcTime:5077ms, electionTimeout:5077ms
2019-10-09 23:57:21,620 [267b4c01-3d7d-4c74-8ccf-ba11236bcdc8@group-43C9A66A597C-LeaderElection29] INFO  impl.RaftServerImpl (ServerState.java:setRaftConf(356)) - 267b4c01-3d7d-4c74-8ccf-ba11236bcdc8@group-43C9A66A597C: set configuration 0: [267b4c01-3d7d-4c74-8ccf-ba11236bcdc8:192.168.5.166:40372], old=null at 0
2019-10-09 23:57:21,620 [Thread-1535] INFO  impl.RoleInfo (RoleInfo.java:shutdownFollowerState(121)) - 78e81a3b-a007-4b1e-9676-7d47e80789cd: shutdown FollowerState
2019-10-09 23:57:21,642 [Thread-1535] INFO  impl.RaftServerImpl (RaftServerImpl.java:setRole(170)) - 78e81a3b-a007-4b1e-9676-7d47e80789cd@group-AD7DD3F29930: changes role from  FOLLOWER to CANDIDATE at term 0 for changeToCandidate
2019-10-09 23:57:21,642 [Thread-1535] INFO  impl.RoleInfo (RoleInfo.java:updateAndGet(143)) - 78e81a3b-a007-4b1e-9676-7d47e80789cd: start LeaderElection
2019-10-09 23:57:21,667 [78e81a3b-a007-4b1e-9676-7d47e80789cd@group-AD7DD3F29930-LeaderElection30] INFO  impl.LeaderElection (LeaderElection.java:askForVotes(178)) - 78e81a3b-a007-4b1e-9676-7d47e80789cd@group-AD7DD3F29930-LeaderElection30: begin an election at term 1 for -1: [78e81a3b-a007-4b1e-9676-7d47e80789cd:192.168.5.166:40575], old=null
2019-10-09 23:57:21,667 [78e81a3b-a007-4b1e-9676-7d47e80789cd@group-AD7DD3F29930-LeaderElection30] INFO  impl.RoleInfo (RoleInfo.java:shutdownLeaderElection(134)) - 78e81a3b-a007-4b1e-9676-7d47e80789cd: shutdown LeaderElection
2019-10-09 23:57:21,667 [78e81a3b-a007-4b1e-9676-7d47e80789cd@group-AD7DD3F29930-LeaderElection30] INFO  impl.RaftServerImpl (RaftServerImpl.java:setRole(170)) - 78e81a3b-a007-4b1e-9676-7d47e80789cd@group-AD7DD3F29930: changes role from CANDIDATE to LEADER at term 1 for changeToLeader
2019-10-09 23:57:21,667 [78e81a3b-a007-4b1e-9676-7d47e80789cd@group-AD7DD3F29930-LeaderElection30] INFO  ratis.XceiverServerRatis (XceiverServerRatis.java:handleLeaderChangedNotification(702)) - Leader change notification received for group: group-AD7DD3F29930 with new leaderId: 78e81a3b-a007-4b1e-9676-7d47e80789cd
2019-10-09 23:57:21,668 [78e81a3b-a007-4b1e-9676-7d47e80789cd@group-AD7DD3F29930-LeaderElection30] INFO  impl.RaftServerImpl (ServerState.java:setLeader(255)) - 78e81a3b-a007-4b1e-9676-7d47e80789cd@group-AD7DD3F29930: change Leader from null to 78e81a3b-a007-4b1e-9676-7d47e80789cd at term 1 for becomeLeader, leader elected after 5129ms
2019-10-09 23:57:21,668 [78e81a3b-a007-4b1e-9676-7d47e80789cd@group-AD7DD3F29930-LeaderElection30] INFO  server.RaftServerConfigKeys (ConfUtils.java:logGet(43)) - raft.server.staging.catchup.gap = 1000 (default)
2019-10-09 23:57:21,668 [78e81a3b-a007-4b1e-9676-7d47e80789cd@group-AD7DD3F29930-LeaderElection30] INFO  server.RaftServerConfigKeys (ConfUtils.java:logGet(43)) - raft.server.rpc.sleep.time = 25ms (default)
2019-10-09 23:57:21,668 [267b4c01-3d7d-4c74-8ccf-ba11236bcdc8@group-43C9A66A597C-SegmentedRaftLogWorker] INFO  segmented.SegmentedRaftLogWorker (SegmentedRaftLogWorker.java:execute(576)) - 267b4c01-3d7d-4c74-8ccf-ba11236bcdc8@group-43C9A66A597C-SegmentedRaftLogWorker: created new log segment /workdir/hadoop-ozone/integration-test/target/test-dir/MiniOzoneClusterImpl-f2beb584-d50b-4d1b-9113-e73b8a8f1d7e/datanode-0/data/ratis/3f27c8f1-e335-4ffc-bf72-43c9a66a597c/current/log_inprogress_0
2019-10-09 23:57:21,668 [78e81a3b-a007-4b1e-9676-7d47e80789cd@group-AD7DD3F29930-LeaderElection30] INFO  server.RaftServerConfigKeys (ConfUtils.java:logGet(43)) - raft.server.write.element-limit = 4096 (default)
2019-10-09 23:57:21,669 [78e81a3b-a007-4b1e-9676-7d47e80789cd@group-AD7DD3F29930-LeaderElection30] INFO  server.RaftServerConfigKeys (ConfUtils.java:logGet(43)) - raft.server.watch.timeout = 10s (default)
2019-10-09 23:57:21,669 [78e81a3b-a007-4b1e-9676-7d47e80789cd@group-AD7DD3F29930-LeaderElection30] INFO  server.RaftServerConfigKeys (ConfUtils.java:logGet(43)) - raft.server.watch.timeout.denomination = 1s (default)
2019-10-09 23:57:21,669 [78e81a3b-a007-4b1e-9676-7d47e80789cd@group-AD7DD3F29930-LeaderElection30] INFO  server.RaftServerConfigKeys (ConfUtils.java:logGet(43)) - raft.server.watch.element-limit = 65536 (default)
2019-10-09 23:57:21,671 [78e81a3b-a007-4b1e-9676-7d47e80789cd@group-AD7DD3F29930-LeaderElection30] INFO  impl.RoleInfo (RoleInfo.java:updateAndGet(143)) - 78e81a3b-a007-4b1e-9676-7d47e80789cd: start LeaderState
2019-10-09 23:57:21,671 [78e81a3b-a007-4b1e-9676-7d47e80789cd@group-AD7DD3F29930-LeaderElection30] INFO  segmented.SegmentedRaftLogWorker (SegmentedRaftLogWorker.java:startLogSegment(385)) - 78e81a3b-a007-4b1e-9676-7d47e80789cd@group-AD7DD3F29930-SegmentedRaftLogWorker: Starting segment from index:0
2019-10-09 23:57:21,675 [78e81a3b-a007-4b1e-9676-7d47e80789cd@group-AD7DD3F29930-LeaderElection30] INFO  impl.RaftServerImpl (ServerState.java:setRaftConf(356)) - 78e81a3b-a007-4b1e-9676-7d47e80789cd@group-AD7DD3F29930: set configuration 0: [78e81a3b-a007-4b1e-9676-7d47e80789cd:192.168.5.166:40575], old=null at 0
2019-10-09 23:57:21,710 [78e81a3b-a007-4b1e-9676-7d47e80789cd@group-AD7DD3F29930-SegmentedRaftLogWorker] INFO  segmented.SegmentedRaftLogWorker (SegmentedRaftLogWorker.java:execute(576)) - 78e81a3b-a007-4b1e-9676-7d47e80789cd@group-AD7DD3F29930-SegmentedRaftLogWorker: created new log segment /workdir/hadoop-ozone/integration-test/target/test-dir/MiniOzoneClusterImpl-f2beb584-d50b-4d1b-9113-e73b8a8f1d7e/datanode-3/data/ratis/9b0f90c6-da87-4088-9fa6-ad7dd3f29930/current/log_inprogress_0
2019-10-09 23:57:21,718 [Thread-1539] INFO  impl.FollowerState (FollowerState.java:run(108)) - 70047afe-0910-4555-ade8-6ade5e62522e@group-5BE615330D44-FollowerState: change to CANDIDATE, lastRpcTime:5120ms, electionTimeout:5120ms
2019-10-09 23:57:21,718 [Thread-1539] INFO  impl.RoleInfo (RoleInfo.java:shutdownFollowerState(121)) - 70047afe-0910-4555-ade8-6ade5e62522e: shutdown FollowerState
2019-10-09 23:57:21,718 [Thread-1539] INFO  impl.RaftServerImpl (RaftServerImpl.java:setRole(170)) - 70047afe-0910-4555-ade8-6ade5e62522e@group-5BE615330D44: changes role from  FOLLOWER to CANDIDATE at term 0 for changeToCandidate
2019-10-09 23:57:21,718 [Thread-1539] INFO  impl.RoleInfo (RoleInfo.java:updateAndGet(143)) - 70047afe-0910-4555-ade8-6ade5e62522e: start LeaderElection
2019-10-09 23:57:21,731 [70047afe-0910-4555-ade8-6ade5e62522e@group-5BE615330D44-LeaderElection31] INFO  impl.LeaderElection (LeaderElection.java:askForVotes(178)) - 70047afe-0910-4555-ade8-6ade5e62522e@group-5BE615330D44-LeaderElection31: begin an election at term 1 for -1: [70047afe-0910-4555-ade8-6ade5e62522e:192.168.5.166:37086], old=null
2019-10-09 23:57:21,731 [70047afe-0910-4555-ade8-6ade5e62522e@group-5BE615330D44-LeaderElection31] INFO  impl.RoleInfo (RoleInfo.java:shutdownLeaderElection(134)) - 70047afe-0910-4555-ade8-6ade5e62522e: shutdown LeaderElection
2019-10-09 23:57:21,731 [70047afe-0910-4555-ade8-6ade5e62522e@group-5BE615330D44-LeaderElection31] INFO  impl.RaftServerImpl (RaftServerImpl.java:setRole(170)) - 70047afe-0910-4555-ade8-6ade5e62522e@group-5BE615330D44: changes role from CANDIDATE to LEADER at term 1 for changeToLeader
2019-10-09 23:57:21,731 [70047afe-0910-4555-ade8-6ade5e62522e@group-5BE615330D44-LeaderElection31] INFO  ratis.XceiverServerRatis (XceiverServerRatis.java:handleLeaderChangedNotification(702)) - Leader change notification received for group: group-5BE615330D44 with new leaderId: 70047afe-0910-4555-ade8-6ade5e62522e
2019-10-09 23:57:21,731 [70047afe-0910-4555-ade8-6ade5e62522e@group-5BE615330D44-LeaderElection31] INFO  impl.RaftServerImpl (ServerState.java:setLeader(255)) - 70047afe-0910-4555-ade8-6ade5e62522e@group-5BE615330D44: change Leader from null to 70047afe-0910-4555-ade8-6ade5e62522e at term 1 for becomeLeader, leader elected after 5137ms
2019-10-09 23:57:21,732 [70047afe-0910-4555-ade8-6ade5e62522e@group-5BE615330D44-LeaderElection31] INFO  server.RaftServerConfigKeys (ConfUtils.java:logGet(43)) - raft.server.staging.catchup.gap = 1000 (default)
2019-10-09 23:57:21,732 [70047afe-0910-4555-ade8-6ade5e62522e@group-5BE615330D44-LeaderElection31] INFO  server.RaftServerConfigKeys (ConfUtils.java:logGet(43)) - raft.server.rpc.sleep.time = 25ms (default)
2019-10-09 23:57:21,732 [70047afe-0910-4555-ade8-6ade5e62522e@group-5BE615330D44-LeaderElection31] INFO  server.RaftServerConfigKeys (ConfUtils.java:logGet(43)) - raft.server.write.element-limit = 4096 (default)
2019-10-09 23:57:21,732 [70047afe-0910-4555-ade8-6ade5e62522e@group-5BE615330D44-LeaderElection31] INFO  server.RaftServerConfigKeys (ConfUtils.java:logGet(43)) - raft.server.watch.timeout = 10s (default)
2019-10-09 23:57:21,732 [70047afe-0910-4555-ade8-6ade5e62522e@group-5BE615330D44-LeaderElection31] INFO  server.RaftServerConfigKeys (ConfUtils.java:logGet(43)) - raft.server.watch.timeout.denomination = 1s (default)
2019-10-09 23:57:21,732 [70047afe-0910-4555-ade8-6ade5e62522e@group-5BE615330D44-LeaderElection31] INFO  server.RaftServerConfigKeys (ConfUtils.java:logGet(43)) - raft.server.watch.element-limit = 65536 (default)
2019-10-09 23:57:21,734 [70047afe-0910-4555-ade8-6ade5e62522e@group-5BE615330D44-LeaderElection31] INFO  impl.RoleInfo (RoleInfo.java:updateAndGet(143)) - 70047afe-0910-4555-ade8-6ade5e62522e: start LeaderState
2019-10-09 23:57:21,734 [70047afe-0910-4555-ade8-6ade5e62522e@group-5BE615330D44-LeaderElection31] INFO  segmented.SegmentedRaftLogWorker (SegmentedRaftLogWorker.java:startLogSegment(385)) - 70047afe-0910-4555-ade8-6ade5e62522e@group-5BE615330D44-SegmentedRaftLogWorker: Starting segment from index:0
2019-10-09 23:57:21,734 [70047afe-0910-4555-ade8-6ade5e62522e@group-5BE615330D44-LeaderElection31] INFO  impl.RaftServerImpl (ServerState.java:setRaftConf(356)) - 70047afe-0910-4555-ade8-6ade5e62522e@group-5BE615330D44: set configuration 0: [70047afe-0910-4555-ade8-6ade5e62522e:192.168.5.166:37086], old=null at 0
2019-10-09 23:57:21,783 [70047afe-0910-4555-ade8-6ade5e62522e@group-5BE615330D44-SegmentedRaftLogWorker] INFO  segmented.SegmentedRaftLogWorker (SegmentedRaftLogWorker.java:execute(576)) - 70047afe-0910-4555-ade8-6ade5e62522e@group-5BE615330D44-SegmentedRaftLogWorker: created new log segment /workdir/hadoop-ozone/integration-test/target/test-dir/MiniOzoneClusterImpl-f2beb584-d50b-4d1b-9113-e73b8a8f1d7e/datanode-4/data/ratis/6c1897db-0e20-4832-b6e2-5be615330d44/current/log_inprogress_0
2019-10-09 23:57:21,824 [Thread-1543] INFO  impl.FollowerState (FollowerState.java:run(108)) - 7efd9bf7-a6c0-4f93-9bd9-a1d7634c727c@group-6EADDAD5A1D0-FollowerState: change to CANDIDATE, lastRpcTime:5176ms, electionTimeout:5176ms
2019-10-09 23:57:21,824 [Thread-1543] INFO  impl.RoleInfo (RoleInfo.java:shutdownFollowerState(121)) - 7efd9bf7-a6c0-4f93-9bd9-a1d7634c727c: shutdown FollowerState
2019-10-09 23:57:21,824 [Thread-1543] INFO  impl.RaftServerImpl (RaftServerImpl.java:setRole(170)) - 7efd9bf7-a6c0-4f93-9bd9-a1d7634c727c@group-6EADDAD5A1D0: changes role from  FOLLOWER to CANDIDATE at term 0 for changeToCandidate
2019-10-09 23:57:21,824 [Thread-1543] INFO  impl.RoleInfo (RoleInfo.java:updateAndGet(143)) - 7efd9bf7-a6c0-4f93-9bd9-a1d7634c727c: start LeaderElection
2019-10-09 23:57:21,840 [7efd9bf7-a6c0-4f93-9bd9-a1d7634c727c@group-6EADDAD5A1D0-LeaderElection32] INFO  impl.LeaderElection (LeaderElection.java:askForVotes(178)) - 7efd9bf7-a6c0-4f93-9bd9-a1d7634c727c@group-6EADDAD5A1D0-LeaderElection32: begin an election at term 1 for -1: [7efd9bf7-a6c0-4f93-9bd9-a1d7634c727c:192.168.5.166:46122], old=null
2019-10-09 23:57:21,840 [7efd9bf7-a6c0-4f93-9bd9-a1d7634c727c@group-6EADDAD5A1D0-LeaderElection32] INFO  impl.RoleInfo (RoleInfo.java:shutdownLeaderElection(134)) - 7efd9bf7-a6c0-4f93-9bd9-a1d7634c727c: shutdown LeaderElection
2019-10-09 23:57:21,840 [7efd9bf7-a6c0-4f93-9bd9-a1d7634c727c@group-6EADDAD5A1D0-LeaderElection32] INFO  impl.RaftServerImpl (RaftServerImpl.java:setRole(170)) - 7efd9bf7-a6c0-4f93-9bd9-a1d7634c727c@group-6EADDAD5A1D0: changes role from CANDIDATE to LEADER at term 1 for changeToLeader
2019-10-09 23:57:21,840 [7efd9bf7-a6c0-4f93-9bd9-a1d7634c727c@group-6EADDAD5A1D0-LeaderElection32] INFO  ratis.XceiverServerRatis (XceiverServerRatis.java:handleLeaderChangedNotification(702)) - Leader change notification received for group: group-6EADDAD5A1D0 with new leaderId: 7efd9bf7-a6c0-4f93-9bd9-a1d7634c727c
2019-10-09 23:57:21,840 [7efd9bf7-a6c0-4f93-9bd9-a1d7634c727c@group-6EADDAD5A1D0-LeaderElection32] INFO  impl.RaftServerImpl (ServerState.java:setLeader(255)) - 7efd9bf7-a6c0-4f93-9bd9-a1d7634c727c@group-6EADDAD5A1D0: change Leader from null to 7efd9bf7-a6c0-4f93-9bd9-a1d7634c727c at term 1 for becomeLeader, leader elected after 5196ms
2019-10-09 23:57:21,840 [7efd9bf7-a6c0-4f93-9bd9-a1d7634c727c@group-6EADDAD5A1D0-LeaderElection32] INFO  server.RaftServerConfigKeys (ConfUtils.java:logGet(43)) - raft.server.staging.catchup.gap = 1000 (default)
2019-10-09 23:57:21,840 [7efd9bf7-a6c0-4f93-9bd9-a1d7634c727c@group-6EADDAD5A1D0-LeaderElection32] INFO  server.RaftServerConfigKeys (ConfUtils.java:logGet(43)) - raft.server.rpc.sleep.time = 25ms (default)
2019-10-09 23:57:21,841 [7efd9bf7-a6c0-4f93-9bd9-a1d7634c727c@group-6EADDAD5A1D0-LeaderElection32] INFO  server.RaftServerConfigKeys (ConfUtils.java:logGet(43)) - raft.server.write.element-limit = 4096 (default)
2019-10-09 23:57:21,841 [7efd9bf7-a6c0-4f93-9bd9-a1d7634c727c@group-6EADDAD5A1D0-LeaderElection32] INFO  server.RaftServerConfigKeys (ConfUtils.java:logGet(43)) - raft.server.watch.timeout = 10s (default)
2019-10-09 23:57:21,841 [7efd9bf7-a6c0-4f93-9bd9-a1d7634c727c@group-6EADDAD5A1D0-LeaderElection32] INFO  server.RaftServerConfigKeys (ConfUtils.java:logGet(43)) - raft.server.watch.timeout.denomination = 1s (default)
2019-10-09 23:57:21,841 [7efd9bf7-a6c0-4f93-9bd9-a1d7634c727c@group-6EADDAD5A1D0-LeaderElection32] INFO  server.RaftServerConfigKeys (ConfUtils.java:logGet(43)) - raft.server.watch.element-limit = 65536 (default)
2019-10-09 23:57:21,842 [7efd9bf7-a6c0-4f93-9bd9-a1d7634c727c@group-6EADDAD5A1D0-LeaderElection32] INFO  impl.RoleInfo (RoleInfo.java:updateAndGet(143)) - 7efd9bf7-a6c0-4f93-9bd9-a1d7634c727c: start LeaderState
2019-10-09 23:57:21,843 [7efd9bf7-a6c0-4f93-9bd9-a1d7634c727c@group-6EADDAD5A1D0-LeaderElection32] INFO  segmented.SegmentedRaftLogWorker (SegmentedRaftLogWorker.java:startLogSegment(385)) - 7efd9bf7-a6c0-4f93-9bd9-a1d7634c727c@group-6EADDAD5A1D0-SegmentedRaftLogWorker: Starting segment from index:0
2019-10-09 23:57:21,843 [7efd9bf7-a6c0-4f93-9bd9-a1d7634c727c@group-6EADDAD5A1D0-LeaderElection32] INFO  impl.RaftServerImpl (ServerState.java:setRaftConf(356)) - 7efd9bf7-a6c0-4f93-9bd9-a1d7634c727c@group-6EADDAD5A1D0: set configuration 0: [7efd9bf7-a6c0-4f93-9bd9-a1d7634c727c:192.168.5.166:46122], old=null at 0
2019-10-09 23:57:21,881 [7efd9bf7-a6c0-4f93-9bd9-a1d7634c727c@group-6EADDAD5A1D0-SegmentedRaftLogWorker] INFO  segmented.SegmentedRaftLogWorker (SegmentedRaftLogWorker.java:execute(576)) - 7efd9bf7-a6c0-4f93-9bd9-a1d7634c727c@group-6EADDAD5A1D0-SegmentedRaftLogWorker: created new log segment /workdir/hadoop-ozone/integration-test/target/test-dir/MiniOzoneClusterImpl-f2beb584-d50b-4d1b-9113-e73b8a8f1d7e/datanode-2/data/ratis/702e7c43-7417-40f4-b274-6eaddad5a1d0/current/log_inprogress_0
2019-10-09 23:57:22,560 [main] INFO  ozone.MiniOzoneClusterImpl (MiniOzoneClusterImpl.java:lambda$waitForClusterToBeReady$2(172)) - Cluster is ready. Got 7 of 7 DN Heartbeats.
2019-10-09 23:57:22,594 [main] INFO  rpc.RpcClient (RpcClient.java:createVolume(272)) - Creating Volume: watchforcommithandlingtest, with jenkins1000 as owner.
2019-10-09 23:57:22,598 [IPC Server handler 2 on 45632] INFO  volume.OMVolumeCreateRequest (OMVolumeCreateRequest.java:validateAndUpdateCache(193)) - created volume:watchforcommithandlingtest for user:jenkins1000
2019-10-09 23:57:22,611 [main] INFO  rpc.RpcClient (RpcClient.java:createBucket(411)) - Creating Bucket: watchforcommithandlingtest/watchforcommithandlingtest, with Versioning false and Storage Type set to DISK and Encryption set to false 
2019-10-09 23:57:22,615 [main] INFO  ozone.MiniOzoneClusterImpl (MiniOzoneClusterImpl.java:getStorageContainerLocationClient(260)) - Creating StorageContainerLocationProtocol RPC client with address /0.0.0.0:34967
2019-10-09 23:57:22,781 [Datanode State Machine Thread - 0] INFO  statemachine.DatanodeStateMachine (DatanodeStateMachine.java:lambda$startDaemon$0(350)) - Ozone container server started.
2019-10-09 23:57:27,776 [main] INFO  ozoneimpl.OzoneContainer (OzoneContainer.java:stop(227)) - Attempting to stop container services.
2019-10-09 23:57:27,777 [main] INFO  impl.RaftServerProxy (RaftServerProxy.java:lambda$close$4(314)) - d1b2fdb4-2a3c-478d-9f55-2a69fc770f7f: close
2019-10-09 23:57:27,777 [main] INFO  impl.RaftServerImpl (RaftServerImpl.java:lambda$shutdown$3(247)) - d1b2fdb4-2a3c-478d-9f55-2a69fc770f7f@group-C934F1EEB7D0: shutdown
2019-10-09 23:57:27,777 [ForkJoinPool.commonPool-worker-0] INFO  impl.RaftServerImpl (RaftServerImpl.java:lambda$shutdown$3(247)) - d1b2fdb4-2a3c-478d-9f55-2a69fc770f7f@group-9773CDAA3BF0: shutdown
2019-10-09 23:57:27,778 [main] INFO  util.JmxRegister (JmxRegister.java:unregister(73)) - Successfully un-registered JMX Bean with object name Ratis:service=RaftServer,group=group-C934F1EEB7D0,id=d1b2fdb4-2a3c-478d-9f55-2a69fc770f7f
2019-10-09 23:57:27,778 [ForkJoinPool.commonPool-worker-0] INFO  util.JmxRegister (JmxRegister.java:unregister(73)) - Successfully un-registered JMX Bean with object name Ratis:service=RaftServer,group=group-9773CDAA3BF0,id=d1b2fdb4-2a3c-478d-9f55-2a69fc770f7f
2019-10-09 23:57:27,778 [main] INFO  impl.RoleInfo (RoleInfo.java:shutdownFollowerState(121)) - d1b2fdb4-2a3c-478d-9f55-2a69fc770f7f: shutdown FollowerState
2019-10-09 23:57:27,778 [ForkJoinPool.commonPool-worker-0] INFO  impl.RoleInfo (RoleInfo.java:shutdownLeaderState(104)) - d1b2fdb4-2a3c-478d-9f55-2a69fc770f7f: shutdown LeaderState
2019-10-09 23:57:27,778 [Thread-1550] INFO  impl.FollowerState (FollowerState.java:run(117)) - d1b2fdb4-2a3c-478d-9f55-2a69fc770f7f@group-C934F1EEB7D0-FollowerState was interrupted: java.lang.InterruptedException: sleep interrupted
2019-10-09 23:57:27,778 [main] INFO  impl.StateMachineUpdater (StateMachineUpdater.java:stopAndJoin(136)) - d1b2fdb4-2a3c-478d-9f55-2a69fc770f7f@group-C934F1EEB7D0-StateMachineUpdater: set stopIndex = 2
2019-10-09 23:57:27,778 [ForkJoinPool.commonPool-worker-0] INFO  impl.PendingRequests (PendingRequests.java:sendNotLeaderResponses(202)) - d1b2fdb4-2a3c-478d-9f55-2a69fc770f7f@group-9773CDAA3BF0-PendingRequests: sendNotLeaderResponses
2019-10-09 23:57:27,778 [d1b2fdb4-2a3c-478d-9f55-2a69fc770f7f@group-C934F1EEB7D0-StateMachineUpdater] INFO  ratis.ContainerStateMachine (ContainerStateMachine.java:takeSnapshot(296)) - group-C934F1EEB7D0: Taking a snapshot at:(t:1, i:1) file /workdir/hadoop-ozone/integration-test/target/test-dir/MiniOzoneClusterImpl-f2beb584-d50b-4d1b-9113-e73b8a8f1d7e/datanode-1/data/ratis/3045e3a5-d20f-4633-9a30-c934f1eeb7d0/sm/snapshot.1_1
2019-10-09 23:57:27,779 [ForkJoinPool.commonPool-worker-0] INFO  impl.StateMachineUpdater (StateMachineUpdater.java:stopAndJoin(136)) - d1b2fdb4-2a3c-478d-9f55-2a69fc770f7f@group-9773CDAA3BF0-StateMachineUpdater: set stopIndex = 0
2019-10-09 23:57:27,779 [ForkJoinPool.commonPool-worker-0] INFO  impl.RaftServerImpl (ServerState.java:close(387)) - d1b2fdb4-2a3c-478d-9f55-2a69fc770f7f@group-9773CDAA3BF0: closes. applyIndex: 0
2019-10-09 23:57:27,779 [d1b2fdb4-2a3c-478d-9f55-2a69fc770f7f@group-9773CDAA3BF0-SegmentedRaftLogWorker] INFO  segmented.SegmentedRaftLogWorker (SegmentedRaftLogWorker.java:run(316)) - d1b2fdb4-2a3c-478d-9f55-2a69fc770f7f@group-9773CDAA3BF0-SegmentedRaftLogWorker was interrupted, exiting. There are 0 tasks remaining in the queue.
2019-10-09 23:57:27,782 [ForkJoinPool.commonPool-worker-0] INFO  segmented.SegmentedRaftLogWorker (SegmentedRaftLogWorker.java:close(224)) - d1b2fdb4-2a3c-478d-9f55-2a69fc770f7f@group-9773CDAA3BF0-SegmentedRaftLogWorker close()
2019-10-09 23:57:27,793 [d1b2fdb4-2a3c-478d-9f55-2a69fc770f7f@group-C934F1EEB7D0-StateMachineUpdater] INFO  ratis.ContainerStateMachine (ContainerStateMachine.java:takeSnapshot(307)) - group-C934F1EEB7D0: Finished taking a snapshot at:(t:1, i:1) file:/workdir/hadoop-ozone/integration-test/target/test-dir/MiniOzoneClusterImpl-f2beb584-d50b-4d1b-9113-e73b8a8f1d7e/datanode-1/data/ratis/3045e3a5-d20f-4633-9a30-c934f1eeb7d0/sm/snapshot.1_1 time:15
2019-10-09 23:57:27,793 [d1b2fdb4-2a3c-478d-9f55-2a69fc770f7f@group-C934F1EEB7D0-StateMachineUpdater] INFO  impl.StateMachineUpdater (StateMachineUpdater.java:takeSnapshot(269)) - d1b2fdb4-2a3c-478d-9f55-2a69fc770f7f@group-C934F1EEB7D0-StateMachineUpdater: Took a snapshot at index 1
2019-10-09 23:57:27,793 [d1b2fdb4-2a3c-478d-9f55-2a69fc770f7f@group-C934F1EEB7D0-StateMachineUpdater] INFO  impl.StateMachineUpdater (StateMachineUpdater.java:lambda$new$0(84)) - d1b2fdb4-2a3c-478d-9f55-2a69fc770f7f@group-C934F1EEB7D0-StateMachineUpdater: snapshotIndex: updateIncreasingly -1 -> 1
2019-10-09 23:57:27,793 [d1b2fdb4-2a3c-478d-9f55-2a69fc770f7f@group-C934F1EEB7D0-StateMachineUpdater] INFO  ratis.ContainerStateMachine (ContainerStateMachine.java:takeSnapshot(296)) - group-C934F1EEB7D0: Taking a snapshot at:(t:1, i:1) file /workdir/hadoop-ozone/integration-test/target/test-dir/MiniOzoneClusterImpl-f2beb584-d50b-4d1b-9113-e73b8a8f1d7e/datanode-1/data/ratis/3045e3a5-d20f-4633-9a30-c934f1eeb7d0/sm/snapshot.1_1
2019-10-09 23:57:27,806 [d1b2fdb4-2a3c-478d-9f55-2a69fc770f7f@group-C934F1EEB7D0-StateMachineUpdater] INFO  ratis.ContainerStateMachine (ContainerStateMachine.java:takeSnapshot(307)) - group-C934F1EEB7D0: Finished taking a snapshot at:(t:1, i:1) file:/workdir/hadoop-ozone/integration-test/target/test-dir/MiniOzoneClusterImpl-f2beb584-d50b-4d1b-9113-e73b8a8f1d7e/datanode-1/data/ratis/3045e3a5-d20f-4633-9a30-c934f1eeb7d0/sm/snapshot.1_1 time:12
2019-10-09 23:57:27,806 [d1b2fdb4-2a3c-478d-9f55-2a69fc770f7f@group-C934F1EEB7D0-StateMachineUpdater] INFO  impl.StateMachineUpdater (StateMachineUpdater.java:takeSnapshot(269)) - d1b2fdb4-2a3c-478d-9f55-2a69fc770f7f@group-C934F1EEB7D0-StateMachineUpdater: Took a snapshot at index 1
2019-10-09 23:57:27,806 [d1b2fdb4-2a3c-478d-9f55-2a69fc770f7f@group-C934F1EEB7D0-StateMachineUpdater] INFO  impl.StateMachineUpdater (StateMachineUpdater.java:lambda$new$0(84)) - d1b2fdb4-2a3c-478d-9f55-2a69fc770f7f@group-C934F1EEB7D0-StateMachineUpdater: snapshotIndex: updateIncreasingly 1 -> 1
2019-10-09 23:57:27,806 [main] INFO  impl.RaftServerImpl (ServerState.java:close(387)) - d1b2fdb4-2a3c-478d-9f55-2a69fc770f7f@group-C934F1EEB7D0: closes. applyIndex: 2
2019-10-09 23:57:27,807 [d1b2fdb4-2a3c-478d-9f55-2a69fc770f7f@group-C934F1EEB7D0-SegmentedRaftLogWorker] INFO  segmented.SegmentedRaftLogWorker (SegmentedRaftLogWorker.java:run(316)) - d1b2fdb4-2a3c-478d-9f55-2a69fc770f7f@group-C934F1EEB7D0-SegmentedRaftLogWorker was interrupted, exiting. There are 0 tasks remaining in the queue.
2019-10-09 23:57:27,810 [main] INFO  segmented.SegmentedRaftLogWorker (SegmentedRaftLogWorker.java:close(224)) - d1b2fdb4-2a3c-478d-9f55-2a69fc770f7f@group-C934F1EEB7D0-SegmentedRaftLogWorker close()
2019-10-09 23:57:27,829 [main] INFO  server.GrpcService (GrpcService.java:closeImpl(164)) - d1b2fdb4-2a3c-478d-9f55-2a69fc770f7f: shutdown server with port 45660 now
2019-10-09 23:57:27,830 [grpc-default-executor-2] WARN  server.GrpcServerProtocolService (LogUtils.java:warn(134)) - d1b2fdb4-2a3c-478d-9f55-2a69fc770f7f: installSnapshot onError, lastRequest: e0a2bbc5-e1f3-429a-8b57-8ad53d3fcfcf->d1b2fdb4-2a3c-478d-9f55-2a69fc770f7f#5-t1, previous=(t:1, i:2), leaderCommit=2, initializing? false, entries: <empty>: org.apache.ratis.thirdparty.io.grpc.StatusRuntimeException: CANCELLED: cancelled before receiving half close
2019-10-09 23:57:27,830 [grpc-default-executor-5] WARN  server.GrpcLogAppender (LogUtils.java:warn(134)) - e0a2bbc5-e1f3-429a-8b57-8ad53d3fcfcf@group-C934F1EEB7D0->d1b2fdb4-2a3c-478d-9f55-2a69fc770f7f-AppendLogResponseHandler: Failed appendEntries: org.apache.ratis.thirdparty.io.grpc.StatusRuntimeException: CANCELLED: HTTP/2 error code: CANCEL
Received Rst Stream
2019-10-09 23:57:27,830 [main] INFO  server.GrpcService (GrpcService.java:closeImpl(172)) - d1b2fdb4-2a3c-478d-9f55-2a69fc770f7f: shutdown server with port 45660 successfully
2019-10-09 23:57:27,830 [grpc-default-executor-5] INFO  impl.FollowerInfo (FollowerInfo.java:lambda$new$0(51)) - e0a2bbc5-e1f3-429a-8b57-8ad53d3fcfcf@group-C934F1EEB7D0->d1b2fdb4-2a3c-478d-9f55-2a69fc770f7f: nextIndex: updateUnconditionally 3 -> 2
2019-10-09 23:57:27,836 [refreshUsed-/workdir/hadoop-ozone/integration-test/target/test-dir/MiniOzoneClusterImpl-f2beb584-d50b-4d1b-9113-e73b8a8f1d7e/datanode-1/data/containers] WARN  fs.CachingGetSpaceUsed (CachingGetSpaceUsed.java:run(183)) - Thread Interrupted waiting to refresh disk information: sleep interrupted
2019-10-09 23:57:27,847 [main] INFO  utils.BackgroundService (BackgroundService.java:shutdown(151)) - Shutting down service BlockDeletingService
2019-10-09 23:57:27,867 [main] INFO  statemachine.DatanodeStateMachine (DatanodeStateMachine.java:stopDaemon(395)) - Ozone container server stopped.
2019-10-09 23:57:27,868 [main] INFO  handler.ContextHandler (ContextHandler.java:doStop(910)) - Stopped o.e.j.w.WebAppContext@5482bcac{/,null,UNAVAILABLE}{/hddsDatanode}
2019-10-09 23:57:27,869 [main] INFO  server.AbstractConnector (AbstractConnector.java:doStop(318)) - Stopped ServerConnector@10244722{HTTP/1.1,[http/1.1]}{0.0.0.0:0}
2019-10-09 23:57:27,869 [main] INFO  handler.ContextHandler (ContextHandler.java:doStop(910)) - Stopped o.e.j.s.ServletContextHandler@1da1380b{/static,jar:file:/home/user/.m2/repository/org/apache/hadoop/hadoop-hdds-container-service/0.5.0-SNAPSHOT/hadoop-hdds-container-service-0.5.0-SNAPSHOT.jar!/webapps/static,UNAVAILABLE}
2019-10-09 23:57:27,869 [main] INFO  handler.ContextHandler (ContextHandler.java:doStop(910)) - Stopped o.e.j.s.ServletContextHandler@6418e39e{/logs,file:///workdir/hadoop-ozone/integration-test/target/log,UNAVAILABLE}
2019-10-09 23:57:28,782 [Datanode State Machine Thread - 0] INFO  statemachine.DatanodeStateMachine (DatanodeStateMachine.java:lambda$startDaemon$0(350)) - Ozone container server started.
2019-10-09 23:57:30,177 [grpc-default-executor-4] WARN  server.GrpcLogAppender (LogUtils.java:warn(134)) - e0a2bbc5-e1f3-429a-8b57-8ad53d3fcfcf@group-C934F1EEB7D0->d1b2fdb4-2a3c-478d-9f55-2a69fc770f7f-AppendLogResponseHandler: Failed appendEntries: org.apache.ratis.thirdparty.io.grpc.StatusRuntimeException: UNAVAILABLE: io exception
2019-10-09 23:57:30,178 [grpc-default-executor-4] INFO  impl.FollowerInfo (FollowerInfo.java:lambda$new$0(51)) - e0a2bbc5-e1f3-429a-8b57-8ad53d3fcfcf@group-C934F1EEB7D0->d1b2fdb4-2a3c-478d-9f55-2a69fc770f7f: nextIndex: updateUnconditionally 2 -> 1
2019-10-09 23:57:32,679 [grpc-default-executor-4] WARN  server.GrpcLogAppender (LogUtils.java:warn(134)) - e0a2bbc5-e1f3-429a-8b57-8ad53d3fcfcf@group-C934F1EEB7D0->d1b2fdb4-2a3c-478d-9f55-2a69fc770f7f-AppendLogResponseHandler: Failed appendEntries: org.apache.ratis.thirdparty.io.grpc.StatusRuntimeException: UNAVAILABLE: io exception
2019-10-09 23:57:32,681 [grpc-default-executor-4] INFO  impl.FollowerInfo (FollowerInfo.java:lambda$new$0(51)) - e0a2bbc5-e1f3-429a-8b57-8ad53d3fcfcf@group-C934F1EEB7D0->d1b2fdb4-2a3c-478d-9f55-2a69fc770f7f: nextIndex: updateUnconditionally 1 -> 0
2019-10-09 23:57:32,872 [main] INFO  ozoneimpl.OzoneContainer (OzoneContainer.java:stop(227)) - Attempting to stop container services.
2019-10-09 23:57:32,873 [main] INFO  impl.RaftServerProxy (RaftServerProxy.java:lambda$close$4(314)) - 7efd9bf7-a6c0-4f93-9bd9-a1d7634c727c: close
2019-10-09 23:57:32,875 [main] INFO  impl.RaftServerImpl (RaftServerImpl.java:lambda$shutdown$3(247)) - 7efd9bf7-a6c0-4f93-9bd9-a1d7634c727c@group-6EADDAD5A1D0: shutdown
2019-10-09 23:57:32,876 [main] INFO  util.JmxRegister (JmxRegister.java:unregister(73)) - Successfully un-registered JMX Bean with object name Ratis:service=RaftServer,group=group-6EADDAD5A1D0,id=7efd9bf7-a6c0-4f93-9bd9-a1d7634c727c
2019-10-09 23:57:32,876 [main] INFO  impl.RoleInfo (RoleInfo.java:shutdownLeaderState(104)) - 7efd9bf7-a6c0-4f93-9bd9-a1d7634c727c: shutdown LeaderState
2019-10-09 23:57:32,877 [main] INFO  impl.PendingRequests (PendingRequests.java:sendNotLeaderResponses(202)) - 7efd9bf7-a6c0-4f93-9bd9-a1d7634c727c@group-6EADDAD5A1D0-PendingRequests: sendNotLeaderResponses
2019-10-09 23:57:32,877 [main] INFO  impl.StateMachineUpdater (StateMachineUpdater.java:stopAndJoin(136)) - 7efd9bf7-a6c0-4f93-9bd9-a1d7634c727c@group-6EADDAD5A1D0-StateMachineUpdater: set stopIndex = 0
2019-10-09 23:57:32,878 [main] INFO  impl.RaftServerImpl (ServerState.java:close(387)) - 7efd9bf7-a6c0-4f93-9bd9-a1d7634c727c@group-6EADDAD5A1D0: closes. applyIndex: 0
2019-10-09 23:57:32,879 [7efd9bf7-a6c0-4f93-9bd9-a1d7634c727c@group-6EADDAD5A1D0-SegmentedRaftLogWorker] INFO  segmented.SegmentedRaftLogWorker (SegmentedRaftLogWorker.java:run(316)) - 7efd9bf7-a6c0-4f93-9bd9-a1d7634c727c@group-6EADDAD5A1D0-SegmentedRaftLogWorker was interrupted, exiting. There are 0 tasks remaining in the queue.
2019-10-09 23:57:32,881 [main] INFO  segmented.SegmentedRaftLogWorker (SegmentedRaftLogWorker.java:close(224)) - 7efd9bf7-a6c0-4f93-9bd9-a1d7634c727c@group-6EADDAD5A1D0-SegmentedRaftLogWorker close()
2019-10-09 23:57:32,883 [main] INFO  impl.RaftServerImpl (RaftServerImpl.java:lambda$shutdown$3(247)) - 7efd9bf7-a6c0-4f93-9bd9-a1d7634c727c@group-C934F1EEB7D0: shutdown
2019-10-09 23:57:32,884 [main] INFO  util.JmxRegister (JmxRegister.java:unregister(73)) - Successfully un-registered JMX Bean with object name Ratis:service=RaftServer,group=group-C934F1EEB7D0,id=7efd9bf7-a6c0-4f93-9bd9-a1d7634c727c
2019-10-09 23:57:32,884 [main] INFO  impl.RoleInfo (RoleInfo.java:shutdownFollowerState(121)) - 7efd9bf7-a6c0-4f93-9bd9-a1d7634c727c: shutdown FollowerState
2019-10-09 23:57:32,884 [main] INFO  impl.StateMachineUpdater (StateMachineUpdater.java:stopAndJoin(136)) - 7efd9bf7-a6c0-4f93-9bd9-a1d7634c727c@group-C934F1EEB7D0-StateMachineUpdater: set stopIndex = 2
2019-10-09 23:57:32,885 [7efd9bf7-a6c0-4f93-9bd9-a1d7634c727c@group-C934F1EEB7D0-StateMachineUpdater] INFO  ratis.ContainerStateMachine (ContainerStateMachine.java:takeSnapshot(296)) - group-C934F1EEB7D0: Taking a snapshot at:(t:1, i:1) file /workdir/hadoop-ozone/integration-test/target/test-dir/MiniOzoneClusterImpl-f2beb584-d50b-4d1b-9113-e73b8a8f1d7e/datanode-2/data/ratis/3045e3a5-d20f-4633-9a30-c934f1eeb7d0/sm/snapshot.1_1
2019-10-09 23:57:32,884 [Thread-1549] INFO  impl.FollowerState (FollowerState.java:run(117)) - 7efd9bf7-a6c0-4f93-9bd9-a1d7634c727c@group-C934F1EEB7D0-FollowerState was interrupted: java.lang.InterruptedException: sleep interrupted
2019-10-09 23:57:32,896 [7efd9bf7-a6c0-4f93-9bd9-a1d7634c727c@group-C934F1EEB7D0-StateMachineUpdater] INFO  ratis.ContainerStateMachine (ContainerStateMachine.java:takeSnapshot(307)) - group-C934F1EEB7D0: Finished taking a snapshot at:(t:1, i:1) file:/workdir/hadoop-ozone/integration-test/target/test-dir/MiniOzoneClusterImpl-f2beb584-d50b-4d1b-9113-e73b8a8f1d7e/datanode-2/data/ratis/3045e3a5-d20f-4633-9a30-c934f1eeb7d0/sm/snapshot.1_1 time:12
2019-10-09 23:57:32,896 [7efd9bf7-a6c0-4f93-9bd9-a1d7634c727c@group-C934F1EEB7D0-StateMachineUpdater] INFO  impl.StateMachineUpdater (StateMachineUpdater.java:takeSnapshot(269)) - 7efd9bf7-a6c0-4f93-9bd9-a1d7634c727c@group-C934F1EEB7D0-StateMachineUpdater: Took a snapshot at index 1
2019-10-09 23:57:32,896 [7efd9bf7-a6c0-4f93-9bd9-a1d7634c727c@group-C934F1EEB7D0-StateMachineUpdater] INFO  impl.StateMachineUpdater (StateMachineUpdater.java:lambda$new$0(84)) - 7efd9bf7-a6c0-4f93-9bd9-a1d7634c727c@group-C934F1EEB7D0-StateMachineUpdater: snapshotIndex: updateIncreasingly -1 -> 1
2019-10-09 23:57:32,897 [7efd9bf7-a6c0-4f93-9bd9-a1d7634c727c@group-C934F1EEB7D0-StateMachineUpdater] INFO  ratis.ContainerStateMachine (ContainerStateMachine.java:takeSnapshot(296)) - group-C934F1EEB7D0: Taking a snapshot at:(t:1, i:1) file /workdir/hadoop-ozone/integration-test/target/test-dir/MiniOzoneClusterImpl-f2beb584-d50b-4d1b-9113-e73b8a8f1d7e/datanode-2/data/ratis/3045e3a5-d20f-4633-9a30-c934f1eeb7d0/sm/snapshot.1_1
2019-10-09 23:57:32,909 [7efd9bf7-a6c0-4f93-9bd9-a1d7634c727c@group-C934F1EEB7D0-StateMachineUpdater] INFO  ratis.ContainerStateMachine (ContainerStateMachine.java:takeSnapshot(307)) - group-C934F1EEB7D0: Finished taking a snapshot at:(t:1, i:1) file:/workdir/hadoop-ozone/integration-test/target/test-dir/MiniOzoneClusterImpl-f2beb584-d50b-4d1b-9113-e73b8a8f1d7e/datanode-2/data/ratis/3045e3a5-d20f-4633-9a30-c934f1eeb7d0/sm/snapshot.1_1 time:12
2019-10-09 23:57:32,910 [7efd9bf7-a6c0-4f93-9bd9-a1d7634c727c@group-C934F1EEB7D0-StateMachineUpdater] INFO  impl.StateMachineUpdater (StateMachineUpdater.java:takeSnapshot(269)) - 7efd9bf7-a6c0-4f93-9bd9-a1d7634c727c@group-C934F1EEB7D0-StateMachineUpdater: Took a snapshot at index 1
2019-10-09 23:57:32,910 [7efd9bf7-a6c0-4f93-9bd9-a1d7634c727c@group-C934F1EEB7D0-StateMachineUpdater] INFO  impl.StateMachineUpdater (StateMachineUpdater.java:lambda$new$0(84)) - 7efd9bf7-a6c0-4f93-9bd9-a1d7634c727c@group-C934F1EEB7D0-StateMachineUpdater: snapshotIndex: updateIncreasingly 1 -> 1
2019-10-09 23:57:32,910 [main] INFO  impl.RaftServerImpl (ServerState.java:close(387)) - 7efd9bf7-a6c0-4f93-9bd9-a1d7634c727c@group-C934F1EEB7D0: closes. applyIndex: 2
2019-10-09 23:57:32,911 [7efd9bf7-a6c0-4f93-9bd9-a1d7634c727c@group-C934F1EEB7D0-SegmentedRaftLogWorker] INFO  segmented.SegmentedRaftLogWorker (SegmentedRaftLogWorker.java:run(316)) - 7efd9bf7-a6c0-4f93-9bd9-a1d7634c727c@group-C934F1EEB7D0-SegmentedRaftLogWorker was interrupted, exiting. There are 0 tasks remaining in the queue.
2019-10-09 23:57:32,913 [main] INFO  segmented.SegmentedRaftLogWorker (SegmentedRaftLogWorker.java:close(224)) - 7efd9bf7-a6c0-4f93-9bd9-a1d7634c727c@group-C934F1EEB7D0-SegmentedRaftLogWorker close()
2019-10-09 23:57:32,915 [main] INFO  server.GrpcService (GrpcService.java:closeImpl(164)) - 7efd9bf7-a6c0-4f93-9bd9-a1d7634c727c: shutdown server with port 46122 now
2019-10-09 23:57:32,917 [grpc-default-executor-2] WARN  server.GrpcServerProtocolService (LogUtils.java:warn(134)) - 7efd9bf7-a6c0-4f93-9bd9-a1d7634c727c: installSnapshot onError, lastRequest: e0a2bbc5-e1f3-429a-8b57-8ad53d3fcfcf->7efd9bf7-a6c0-4f93-9bd9-a1d7634c727c#7-t1, previous=(t:1, i:2), leaderCommit=2, initializing? false, entries: <empty>: org.apache.ratis.thirdparty.io.grpc.StatusRuntimeException: CANCELLED: cancelled before receiving half close
2019-10-09 23:57:32,917 [main] INFO  server.GrpcService (GrpcService.java:closeImpl(172)) - 7efd9bf7-a6c0-4f93-9bd9-a1d7634c727c: shutdown server with port 46122 successfully
2019-10-09 23:57:32,917 [grpc-default-executor-4] WARN  server.GrpcLogAppender (LogUtils.java:warn(134)) - e0a2bbc5-e1f3-429a-8b57-8ad53d3fcfcf@group-C934F1EEB7D0->7efd9bf7-a6c0-4f93-9bd9-a1d7634c727c-AppendLogResponseHandler: Failed appendEntries: org.apache.ratis.thirdparty.io.grpc.StatusRuntimeException: CANCELLED: HTTP/2 error code: CANCEL
Received Rst Stream
2019-10-09 23:57:32,918 [grpc-default-executor-4] INFO  impl.FollowerInfo (FollowerInfo.java:lambda$new$0(51)) - e0a2bbc5-e1f3-429a-8b57-8ad53d3fcfcf@group-C934F1EEB7D0->7efd9bf7-a6c0-4f93-9bd9-a1d7634c727c: nextIndex: updateUnconditionally 3 -> 2
2019-10-09 23:57:32,922 [refreshUsed-/workdir/hadoop-ozone/integration-test/target/test-dir/MiniOzoneClusterImpl-f2beb584-d50b-4d1b-9113-e73b8a8f1d7e/datanode-2/data/containers] WARN  fs.CachingGetSpaceUsed (CachingGetSpaceUsed.java:run(183)) - Thread Interrupted waiting to refresh disk information: sleep interrupted
2019-10-09 23:57:32,942 [main] INFO  utils.BackgroundService (BackgroundService.java:shutdown(151)) - Shutting down service BlockDeletingService
2019-10-09 23:57:32,948 [main] INFO  statemachine.DatanodeStateMachine (DatanodeStateMachine.java:stopDaemon(395)) - Ozone container server stopped.
2019-10-09 23:57:32,950 [main] INFO  handler.ContextHandler (ContextHandler.java:doStop(910)) - Stopped o.e.j.w.WebAppContext@9687f55{/,null,UNAVAILABLE}{/hddsDatanode}
2019-10-09 23:57:32,952 [main] INFO  server.AbstractConnector (AbstractConnector.java:doStop(318)) - Stopped ServerConnector@5700c9db{HTTP/1.1,[http/1.1]}{0.0.0.0:0}
2019-10-09 23:57:32,952 [main] INFO  handler.ContextHandler (ContextHandler.java:doStop(910)) - Stopped o.e.j.s.ServletContextHandler@1903b5d{/static,jar:file:/home/user/.m2/repository/org/apache/hadoop/hadoop-hdds-container-service/0.5.0-SNAPSHOT/hadoop-hdds-container-service-0.5.0-SNAPSHOT.jar!/webapps/static,UNAVAILABLE}
2019-10-09 23:57:32,953 [main] INFO  handler.ContextHandler (ContextHandler.java:doStop(910)) - Stopped o.e.j.s.ServletContextHandler@3db432c2{/logs,file:///workdir/hadoop-ozone/integration-test/target/log,UNAVAILABLE}
2019-10-09 23:57:35,179 [grpc-default-executor-4] WARN  server.GrpcLogAppender (LogUtils.java:warn(134)) - e0a2bbc5-e1f3-429a-8b57-8ad53d3fcfcf@group-C934F1EEB7D0->7efd9bf7-a6c0-4f93-9bd9-a1d7634c727c-AppendLogResponseHandler: Failed appendEntries: org.apache.ratis.thirdparty.io.grpc.StatusRuntimeException: UNAVAILABLE: io exception
2019-10-09 23:57:35,179 [grpc-default-executor-4] INFO  impl.FollowerInfo (FollowerInfo.java:lambda$new$0(51)) - e0a2bbc5-e1f3-429a-8b57-8ad53d3fcfcf@group-C934F1EEB7D0->7efd9bf7-a6c0-4f93-9bd9-a1d7634c727c: nextIndex: updateUnconditionally 2 -> 1
2019-10-09 23:57:35,187 [grpc-default-executor-4] WARN  server.GrpcLogAppender (LogUtils.java:warn(134)) - e0a2bbc5-e1f3-429a-8b57-8ad53d3fcfcf@group-C934F1EEB7D0->d1b2fdb4-2a3c-478d-9f55-2a69fc770f7f-AppendLogResponseHandler: Failed appendEntries: org.apache.ratis.thirdparty.io.grpc.StatusRuntimeException: UNAVAILABLE: io exception
2019-10-09 23:57:35,188 [grpc-default-executor-4] INFO  impl.FollowerInfo (FollowerInfo.java:lambda$new$0(51)) - e0a2bbc5-e1f3-429a-8b57-8ad53d3fcfcf@group-C934F1EEB7D0->d1b2fdb4-2a3c-478d-9f55-2a69fc770f7f: nextIndex: updateUnconditionally 0 -> 0
2019-10-09 23:57:37,683 [grpc-default-executor-4] WARN  server.GrpcLogAppender (LogUtils.java:warn(134)) - e0a2bbc5-e1f3-429a-8b57-8ad53d3fcfcf@group-C934F1EEB7D0->7efd9bf7-a6c0-4f93-9bd9-a1d7634c727c-AppendLogResponseHandler: Failed appendEntries: org.apache.ratis.thirdparty.io.grpc.StatusRuntimeException: UNAVAILABLE: io exception
2019-10-09 23:57:37,684 [grpc-default-executor-4] INFO  impl.FollowerInfo (FollowerInfo.java:lambda$new$0(51)) - e0a2bbc5-e1f3-429a-8b57-8ad53d3fcfcf@group-C934F1EEB7D0->7efd9bf7-a6c0-4f93-9bd9-a1d7634c727c: nextIndex: updateUnconditionally 1 -> 0
2019-10-09 23:57:37,688 [grpc-default-executor-4] WARN  server.GrpcLogAppender (LogUtils.java:warn(134)) - e0a2bbc5-e1f3-429a-8b57-8ad53d3fcfcf@group-C934F1EEB7D0->d1b2fdb4-2a3c-478d-9f55-2a69fc770f7f-AppendLogResponseHandler: Failed appendEntries: org.apache.ratis.thirdparty.io.grpc.StatusRuntimeException: UNAVAILABLE: io exception
2019-10-09 23:57:37,688 [grpc-default-executor-4] INFO  impl.FollowerInfo (FollowerInfo.java:lambda$new$0(51)) - e0a2bbc5-e1f3-429a-8b57-8ad53d3fcfcf@group-C934F1EEB7D0->d1b2fdb4-2a3c-478d-9f55-2a69fc770f7f: nextIndex: updateUnconditionally 0 -> 0
2019-10-09 23:57:40,184 [grpc-default-executor-5] WARN  server.GrpcLogAppender (LogUtils.java:warn(134)) - e0a2bbc5-e1f3-429a-8b57-8ad53d3fcfcf@group-C934F1EEB7D0->7efd9bf7-a6c0-4f93-9bd9-a1d7634c727c-AppendLogResponseHandler: Failed appendEntries: org.apache.ratis.thirdparty.io.grpc.StatusRuntimeException: UNAVAILABLE: io exception
2019-10-09 23:57:40,185 [grpc-default-executor-5] INFO  impl.FollowerInfo (FollowerInfo.java:lambda$new$0(51)) - e0a2bbc5-e1f3-429a-8b57-8ad53d3fcfcf@group-C934F1EEB7D0->7efd9bf7-a6c0-4f93-9bd9-a1d7634c727c: nextIndex: updateUnconditionally 0 -> 0
2019-10-09 23:57:40,188 [grpc-default-executor-5] WARN  server.GrpcLogAppender (LogUtils.java:warn(134)) - e0a2bbc5-e1f3-429a-8b57-8ad53d3fcfcf@group-C934F1EEB7D0->d1b2fdb4-2a3c-478d-9f55-2a69fc770f7f-AppendLogResponseHandler: Failed appendEntries: org.apache.ratis.thirdparty.io.grpc.StatusRuntimeException: UNAVAILABLE: io exception
2019-10-09 23:57:40,189 [grpc-default-executor-5] INFO  impl.FollowerInfo (FollowerInfo.java:lambda$new$0(51)) - e0a2bbc5-e1f3-429a-8b57-8ad53d3fcfcf@group-C934F1EEB7D0->d1b2fdb4-2a3c-478d-9f55-2a69fc770f7f: nextIndex: updateUnconditionally 0 -> 0
2019-10-09 23:57:42,686 [grpc-default-executor-4] WARN  server.GrpcLogAppender (LogUtils.java:warn(134)) - e0a2bbc5-e1f3-429a-8b57-8ad53d3fcfcf@group-C934F1EEB7D0->7efd9bf7-a6c0-4f93-9bd9-a1d7634c727c-AppendLogResponseHandler: Failed appendEntries: org.apache.ratis.thirdparty.io.grpc.StatusRuntimeException: UNAVAILABLE: io exception
2019-10-09 23:57:42,687 [grpc-default-executor-4] INFO  impl.FollowerInfo (FollowerInfo.java:lambda$new$0(51)) - e0a2bbc5-e1f3-429a-8b57-8ad53d3fcfcf@group-C934F1EEB7D0->7efd9bf7-a6c0-4f93-9bd9-a1d7634c727c: nextIndex: updateUnconditionally 0 -> 0
2019-10-09 23:57:42,689 [grpc-default-executor-5] WARN  server.GrpcLogAppender (LogUtils.java:warn(134)) - e0a2bbc5-e1f3-429a-8b57-8ad53d3fcfcf@group-C934F1EEB7D0->d1b2fdb4-2a3c-478d-9f55-2a69fc770f7f-AppendLogResponseHandler: Failed appendEntries: org.apache.ratis.thirdparty.io.grpc.StatusRuntimeException: UNAVAILABLE: io exception
2019-10-09 23:57:42,689 [grpc-default-executor-5] INFO  impl.FollowerInfo (FollowerInfo.java:lambda$new$0(51)) - e0a2bbc5-e1f3-429a-8b57-8ad53d3fcfcf@group-C934F1EEB7D0->d1b2fdb4-2a3c-478d-9f55-2a69fc770f7f: nextIndex: updateUnconditionally 0 -> 0
2019-10-09 23:57:43,861 [Thread-1633] INFO  client.GrpcClientProtocolService (GrpcClientProtocolService.java:lambda$processClientRequest$0(278)) - Failed RaftClientRequest:client-5669A63126D6->e0a2bbc5-e1f3-429a-8b57-8ad53d3fcfcf@group-C934F1EEB7D0, cid=119, seq=0, Watch-ALL_COMMITTED(101), Message:<EMPTY>, reply=RaftClientReply:client-5669A63126D6->e0a2bbc5-e1f3-429a-8b57-8ad53d3fcfcf@group-C934F1EEB7D0, cid=119, FAILED org.apache.ratis.protocol.NotReplicatedException: Request with call Id 119 and log index 101 is not yet replicated to ALL_COMMITTED, logIndex=101, commits[e0a2bbc5-e1f3-429a-8b57-8ad53d3fcfcf:c2, 7efd9bf7-a6c0-4f93-9bd9-a1d7634c727c:c2, d1b2fdb4-2a3c-478d-9f55-2a69fc770f7f:c2]
2019-10-09 23:57:45,187 [grpc-default-executor-2] WARN  server.GrpcLogAppender (LogUtils.java:warn(134)) - e0a2bbc5-e1f3-429a-8b57-8ad53d3fcfcf@group-C934F1EEB7D0->7efd9bf7-a6c0-4f93-9bd9-a1d7634c727c-AppendLogResponseHandler: Failed appendEntries: org.apache.ratis.thirdparty.io.grpc.StatusRuntimeException: UNAVAILABLE: io exception
2019-10-09 23:57:45,187 [grpc-default-executor-2] INFO  impl.FollowerInfo (FollowerInfo.java:lambda$new$0(51)) - e0a2bbc5-e1f3-429a-8b57-8ad53d3fcfcf@group-C934F1EEB7D0->7efd9bf7-a6c0-4f93-9bd9-a1d7634c727c: nextIndex: updateUnconditionally 0 -> 0
2019-10-09 23:57:45,189 [grpc-default-executor-4] WARN  server.GrpcLogAppender (LogUtils.java:warn(134)) - e0a2bbc5-e1f3-429a-8b57-8ad53d3fcfcf@group-C934F1EEB7D0->d1b2fdb4-2a3c-478d-9f55-2a69fc770f7f-AppendLogResponseHandler: Failed appendEntries: org.apache.ratis.thirdparty.io.grpc.StatusRuntimeException: UNAVAILABLE: io exception
2019-10-09 23:57:45,191 [grpc-default-executor-4] INFO  impl.FollowerInfo (FollowerInfo.java:lambda$new$0(51)) - e0a2bbc5-e1f3-429a-8b57-8ad53d3fcfcf@group-C934F1EEB7D0->d1b2fdb4-2a3c-478d-9f55-2a69fc770f7f: nextIndex: updateUnconditionally 0 -> 0
2019-10-09 23:57:47,688 [grpc-default-executor-5] WARN  server.GrpcLogAppender (LogUtils.java:warn(134)) - e0a2bbc5-e1f3-429a-8b57-8ad53d3fcfcf@group-C934F1EEB7D0->7efd9bf7-a6c0-4f93-9bd9-a1d7634c727c-AppendLogResponseHandler: Failed appendEntries: org.apache.ratis.thirdparty.io.grpc.StatusRuntimeException: UNAVAILABLE: io exception
2019-10-09 23:57:47,688 [grpc-default-executor-5] INFO  impl.FollowerInfo (FollowerInfo.java:lambda$new$0(51)) - e0a2bbc5-e1f3-429a-8b57-8ad53d3fcfcf@group-C934F1EEB7D0->7efd9bf7-a6c0-4f93-9bd9-a1d7634c727c: nextIndex: updateUnconditionally 0 -> 0
2019-10-09 23:57:47,689 [grpc-default-executor-5] WARN  server.GrpcLogAppender (LogUtils.java:warn(134)) - e0a2bbc5-e1f3-429a-8b57-8ad53d3fcfcf@group-C934F1EEB7D0->d1b2fdb4-2a3c-478d-9f55-2a69fc770f7f-AppendLogResponseHandler: Failed appendEntries: org.apache.ratis.thirdparty.io.grpc.StatusRuntimeException: UNAVAILABLE: io exception
2019-10-09 23:57:47,690 [grpc-default-executor-5] INFO  impl.FollowerInfo (FollowerInfo.java:lambda$new$0(51)) - e0a2bbc5-e1f3-429a-8b57-8ad53d3fcfcf@group-C934F1EEB7D0->d1b2fdb4-2a3c-478d-9f55-2a69fc770f7f: nextIndex: updateUnconditionally 0 -> 0
2019-10-09 23:57:50,191 [grpc-default-executor-4] WARN  server.GrpcLogAppender (LogUtils.java:warn(134)) - e0a2bbc5-e1f3-429a-8b57-8ad53d3fcfcf@group-C934F1EEB7D0->7efd9bf7-a6c0-4f93-9bd9-a1d7634c727c-AppendLogResponseHandler: Failed appendEntries: org.apache.ratis.thirdparty.io.grpc.StatusRuntimeException: UNAVAILABLE: io exception
2019-10-09 23:57:50,191 [grpc-default-executor-2] WARN  server.GrpcLogAppender (LogUtils.java:warn(134)) - e0a2bbc5-e1f3-429a-8b57-8ad53d3fcfcf@group-C934F1EEB7D0->d1b2fdb4-2a3c-478d-9f55-2a69fc770f7f-AppendLogResponseHandler: Failed appendEntries: org.apache.ratis.thirdparty.io.grpc.StatusRuntimeException: UNAVAILABLE: io exception
2019-10-09 23:57:50,193 [grpc-default-executor-4] INFO  impl.FollowerInfo (FollowerInfo.java:lambda$new$0(51)) - e0a2bbc5-e1f3-429a-8b57-8ad53d3fcfcf@group-C934F1EEB7D0->7efd9bf7-a6c0-4f93-9bd9-a1d7634c727c: nextIndex: updateUnconditionally 0 -> 0
2019-10-09 23:57:50,193 [grpc-default-executor-2] INFO  impl.FollowerInfo (FollowerInfo.java:lambda$new$0(51)) - e0a2bbc5-e1f3-429a-8b57-8ad53d3fcfcf@group-C934F1EEB7D0->d1b2fdb4-2a3c-478d-9f55-2a69fc770f7f: nextIndex: updateUnconditionally 0 -> 0
2019-10-09 23:57:52,693 [grpc-default-executor-5] WARN  server.GrpcLogAppender (LogUtils.java:warn(134)) - e0a2bbc5-e1f3-429a-8b57-8ad53d3fcfcf@group-C934F1EEB7D0->d1b2fdb4-2a3c-478d-9f55-2a69fc770f7f-AppendLogResponseHandler: Failed appendEntries: org.apache.ratis.thirdparty.io.grpc.StatusRuntimeException: UNAVAILABLE: io exception
2019-10-09 23:57:52,693 [grpc-default-executor-4] WARN  server.GrpcLogAppender (LogUtils.java:warn(134)) - e0a2bbc5-e1f3-429a-8b57-8ad53d3fcfcf@group-C934F1EEB7D0->7efd9bf7-a6c0-4f93-9bd9-a1d7634c727c-AppendLogResponseHandler: Failed appendEntries: org.apache.ratis.thirdparty.io.grpc.StatusRuntimeException: UNAVAILABLE: io exception
2019-10-09 23:57:52,693 [grpc-default-executor-5] INFO  impl.FollowerInfo (FollowerInfo.java:lambda$new$0(51)) - e0a2bbc5-e1f3-429a-8b57-8ad53d3fcfcf@group-C934F1EEB7D0->d1b2fdb4-2a3c-478d-9f55-2a69fc770f7f: nextIndex: updateUnconditionally 0 -> 0
2019-10-09 23:57:52,693 [grpc-default-executor-4] INFO  impl.FollowerInfo (FollowerInfo.java:lambda$new$0(51)) - e0a2bbc5-e1f3-429a-8b57-8ad53d3fcfcf@group-C934F1EEB7D0->7efd9bf7-a6c0-4f93-9bd9-a1d7634c727c: nextIndex: updateUnconditionally 0 -> 0
2019-10-09 23:57:52,957 [main] WARN  scm.XceiverClientRatis (XceiverClientRatis.java:watchForCommit(277)) - 3 way commit failed on pipeline Pipeline[ Id: 3045e3a5-d20f-4633-9a30-c934f1eeb7d0, Nodes: d1b2fdb4-2a3c-478d-9f55-2a69fc770f7f{ip: 192.168.5.166, host: pr-hdds-1868-fg6nx-4263576025, networkLocation: /default-rack, certSerialId: null}7efd9bf7-a6c0-4f93-9bd9-a1d7634c727c{ip: 192.168.5.166, host: pr-hdds-1868-fg6nx-4263576025, networkLocation: /default-rack, certSerialId: null}e0a2bbc5-e1f3-429a-8b57-8ad53d3fcfcf{ip: 192.168.5.166, host: pr-hdds-1868-fg6nx-4263576025, networkLocation: /default-rack, certSerialId: null}, Type:RATIS, Factor:THREE, State:OPEN]
java.util.concurrent.TimeoutException
	at java.util.concurrent.CompletableFuture.timedGet(CompletableFuture.java:1771)
	at java.util.concurrent.CompletableFuture.get(CompletableFuture.java:1915)
	at org.apache.hadoop.hdds.scm.XceiverClientRatis.watchForCommit(XceiverClientRatis.java:274)
	at org.apache.hadoop.ozone.client.rpc.TestWatchForCommit.testWatchForCommitForRetryfailure(TestWatchForCommit.java:345)
	at sun.reflect.NativeMethodAccessorImpl.invoke0(Native Method)
	at sun.reflect.NativeMethodAccessorImpl.invoke(NativeMethodAccessorImpl.java:62)
	at sun.reflect.DelegatingMethodAccessorImpl.invoke(DelegatingMethodAccessorImpl.java:43)
	at java.lang.reflect.Method.invoke(Method.java:498)
	at org.junit.runners.model.FrameworkMethod$1.runReflectiveCall(FrameworkMethod.java:47)
	at org.junit.internal.runners.model.ReflectiveCallable.run(ReflectiveCallable.java:12)
	at org.junit.runners.model.FrameworkMethod.invokeExplosively(FrameworkMethod.java:44)
	at org.junit.internal.runners.statements.InvokeMethod.evaluate(InvokeMethod.java:17)
	at org.junit.runners.ParentRunner.runLeaf(ParentRunner.java:271)
	at org.junit.runners.BlockJUnit4ClassRunner.runChild(BlockJUnit4ClassRunner.java:70)
	at org.junit.runners.BlockJUnit4ClassRunner.runChild(BlockJUnit4ClassRunner.java:50)
	at org.junit.runners.ParentRunner$3.run(ParentRunner.java:238)
	at org.junit.runners.ParentRunner$1.schedule(ParentRunner.java:63)
	at org.junit.runners.ParentRunner.runChildren(ParentRunner.java:236)
	at org.junit.runners.ParentRunner.access$000(ParentRunner.java:53)
	at org.junit.runners.ParentRunner$2.evaluate(ParentRunner.java:229)
	at org.junit.runners.ParentRunner.run(ParentRunner.java:309)
	at org.apache.maven.surefire.junit4.JUnit4Provider.execute(JUnit4Provider.java:365)
	at org.apache.maven.surefire.junit4.JUnit4Provider.executeWithRerun(JUnit4Provider.java:273)
	at org.apache.maven.surefire.junit4.JUnit4Provider.executeTestSet(JUnit4Provider.java:238)
	at org.apache.maven.surefire.junit4.JUnit4Provider.invoke(JUnit4Provider.java:159)
	at org.apache.maven.surefire.booter.ForkedBooter.invokeProviderInSameClassLoader(ForkedBooter.java:384)
	at org.apache.maven.surefire.booter.ForkedBooter.runSuitesInProcess(ForkedBooter.java:345)
	at org.apache.maven.surefire.booter.ForkedBooter.execute(ForkedBooter.java:126)
	at org.apache.maven.surefire.booter.ForkedBooter.main(ForkedBooter.java:418)
2019-10-09 23:57:55,193 [grpc-default-executor-5] WARN  server.GrpcLogAppender (LogUtils.java:warn(134)) - e0a2bbc5-e1f3-429a-8b57-8ad53d3fcfcf@group-C934F1EEB7D0->7efd9bf7-a6c0-4f93-9bd9-a1d7634c727c-AppendLogResponseHandler: Failed appendEntries: org.apache.ratis.thirdparty.io.grpc.StatusRuntimeException: UNAVAILABLE: io exception
2019-10-09 23:57:55,194 [grpc-default-executor-7] WARN  server.GrpcLogAppender (LogUtils.java:warn(134)) - e0a2bbc5-e1f3-429a-8b57-8ad53d3fcfcf@group-C934F1EEB7D0->d1b2fdb4-2a3c-478d-9f55-2a69fc770f7f-AppendLogResponseHandler: Failed appendEntries: org.apache.ratis.thirdparty.io.grpc.StatusRuntimeException: UNAVAILABLE: io exception
2019-10-09 23:57:55,203 [grpc-default-executor-7] INFO  impl.FollowerInfo (FollowerInfo.java:lambda$new$0(51)) - e0a2bbc5-e1f3-429a-8b57-8ad53d3fcfcf@group-C934F1EEB7D0->d1b2fdb4-2a3c-478d-9f55-2a69fc770f7f: nextIndex: updateUnconditionally 0 -> 0
2019-10-09 23:57:55,203 [grpc-default-executor-5] INFO  impl.FollowerInfo (FollowerInfo.java:lambda$new$0(51)) - e0a2bbc5-e1f3-429a-8b57-8ad53d3fcfcf@group-C934F1EEB7D0->7efd9bf7-a6c0-4f93-9bd9-a1d7634c727c: nextIndex: updateUnconditionally 0 -> 0
2019-10-09 23:57:57,694 [grpc-default-executor-2] WARN  server.GrpcLogAppender (LogUtils.java:warn(134)) - e0a2bbc5-e1f3-429a-8b57-8ad53d3fcfcf@group-C934F1EEB7D0->d1b2fdb4-2a3c-478d-9f55-2a69fc770f7f-AppendLogResponseHandler: Failed appendEntries: org.apache.ratis.thirdparty.io.grpc.StatusRuntimeException: UNAVAILABLE: io exception
2019-10-09 23:57:57,694 [grpc-default-executor-5] WARN  server.GrpcLogAppender (LogUtils.java:warn(134)) - e0a2bbc5-e1f3-429a-8b57-8ad53d3fcfcf@group-C934F1EEB7D0->7efd9bf7-a6c0-4f93-9bd9-a1d7634c727c-AppendLogResponseHandler: Failed appendEntries: org.apache.ratis.thirdparty.io.grpc.StatusRuntimeException: UNAVAILABLE: io exception
2019-10-09 23:57:57,694 [grpc-default-executor-2] INFO  impl.FollowerInfo (FollowerInfo.java:lambda$new$0(51)) - e0a2bbc5-e1f3-429a-8b57-8ad53d3fcfcf@group-C934F1EEB7D0->d1b2fdb4-2a3c-478d-9f55-2a69fc770f7f: nextIndex: updateUnconditionally 0 -> 0
2019-10-09 23:57:57,694 [grpc-default-executor-5] INFO  impl.FollowerInfo (FollowerInfo.java:lambda$new$0(51)) - e0a2bbc5-e1f3-429a-8b57-8ad53d3fcfcf@group-C934F1EEB7D0->7efd9bf7-a6c0-4f93-9bd9-a1d7634c727c: nextIndex: updateUnconditionally 0 -> 0
2019-10-09 23:57:58,857 [Thread-1661] INFO  client.GrpcClientProtocolService (GrpcClientProtocolService.java:lambda$processClientRequest$0(278)) - Failed RaftClientRequest:client-5669A63126D6->e0a2bbc5-e1f3-429a-8b57-8ad53d3fcfcf@group-C934F1EEB7D0, cid=119, seq=0, Watch-ALL_COMMITTED(101), Message:<EMPTY>, reply=RaftClientReply:client-5669A63126D6->e0a2bbc5-e1f3-429a-8b57-8ad53d3fcfcf@group-C934F1EEB7D0, cid=119, FAILED org.apache.ratis.protocol.NotReplicatedException: Request with call Id 119 and log index 101 is not yet replicated to ALL_COMMITTED, logIndex=101, commits[e0a2bbc5-e1f3-429a-8b57-8ad53d3fcfcf:c2, 7efd9bf7-a6c0-4f93-9bd9-a1d7634c727c:c2, d1b2fdb4-2a3c-478d-9f55-2a69fc770f7f:c2]
2019-10-09 23:58:00,195 [grpc-default-executor-7] WARN  server.GrpcLogAppender (LogUtils.java:warn(134)) - e0a2bbc5-e1f3-429a-8b57-8ad53d3fcfcf@group-C934F1EEB7D0->d1b2fdb4-2a3c-478d-9f55-2a69fc770f7f-AppendLogResponseHandler: Failed appendEntries: org.apache.ratis.thirdparty.io.grpc.StatusRuntimeException: UNAVAILABLE: io exception
2019-10-09 23:58:00,195 [grpc-default-executor-4] WARN  server.GrpcLogAppender (LogUtils.java:warn(134)) - e0a2bbc5-e1f3-429a-8b57-8ad53d3fcfcf@group-C934F1EEB7D0->7efd9bf7-a6c0-4f93-9bd9-a1d7634c727c-AppendLogResponseHandler: Failed appendEntries: org.apache.ratis.thirdparty.io.grpc.StatusRuntimeException: UNAVAILABLE: io exception
2019-10-09 23:58:00,198 [grpc-default-executor-7] INFO  impl.FollowerInfo (FollowerInfo.java:lambda$new$0(51)) - e0a2bbc5-e1f3-429a-8b57-8ad53d3fcfcf@group-C934F1EEB7D0->d1b2fdb4-2a3c-478d-9f55-2a69fc770f7f: nextIndex: updateUnconditionally 0 -> 0
2019-10-09 23:58:00,198 [grpc-default-executor-4] INFO  impl.FollowerInfo (FollowerInfo.java:lambda$new$0(51)) - e0a2bbc5-e1f3-429a-8b57-8ad53d3fcfcf@group-C934F1EEB7D0->7efd9bf7-a6c0-4f93-9bd9-a1d7634c727c: nextIndex: updateUnconditionally 0 -> 0
2019-10-09 23:58:02,695 [grpc-default-executor-4] WARN  server.GrpcLogAppender (LogUtils.java:warn(134)) - e0a2bbc5-e1f3-429a-8b57-8ad53d3fcfcf@group-C934F1EEB7D0->7efd9bf7-a6c0-4f93-9bd9-a1d7634c727c-AppendLogResponseHandler: Failed appendEntries: org.apache.ratis.thirdparty.io.grpc.StatusRuntimeException: UNAVAILABLE: io exception
2019-10-09 23:58:02,695 [grpc-default-executor-2] WARN  server.GrpcLogAppender (LogUtils.java:warn(134)) - e0a2bbc5-e1f3-429a-8b57-8ad53d3fcfcf@group-C934F1EEB7D0->d1b2fdb4-2a3c-478d-9f55-2a69fc770f7f-AppendLogResponseHandler: Failed appendEntries: org.apache.ratis.thirdparty.io.grpc.StatusRuntimeException: UNAVAILABLE: io exception
2019-10-09 23:58:02,695 [grpc-default-executor-4] INFO  impl.FollowerInfo (FollowerInfo.java:lambda$new$0(51)) - e0a2bbc5-e1f3-429a-8b57-8ad53d3fcfcf@group-C934F1EEB7D0->7efd9bf7-a6c0-4f93-9bd9-a1d7634c727c: nextIndex: updateUnconditionally 0 -> 0
2019-10-09 23:58:02,695 [grpc-default-executor-2] INFO  impl.FollowerInfo (FollowerInfo.java:lambda$new$0(51)) - e0a2bbc5-e1f3-429a-8b57-8ad53d3fcfcf@group-C934F1EEB7D0->d1b2fdb4-2a3c-478d-9f55-2a69fc770f7f: nextIndex: updateUnconditionally 0 -> 0
2019-10-09 23:58:05,196 [grpc-default-executor-5] WARN  server.GrpcLogAppender (LogUtils.java:warn(134)) - e0a2bbc5-e1f3-429a-8b57-8ad53d3fcfcf@group-C934F1EEB7D0->7efd9bf7-a6c0-4f93-9bd9-a1d7634c727c-AppendLogResponseHandler: Failed appendEntries: org.apache.ratis.thirdparty.io.grpc.StatusRuntimeException: UNAVAILABLE: io exception
2019-10-09 23:58:05,196 [grpc-default-executor-6] WARN  server.GrpcLogAppender (LogUtils.java:warn(134)) - e0a2bbc5-e1f3-429a-8b57-8ad53d3fcfcf@group-C934F1EEB7D0->d1b2fdb4-2a3c-478d-9f55-2a69fc770f7f-AppendLogResponseHandler: Failed appendEntries: org.apache.ratis.thirdparty.io.grpc.StatusRuntimeException: UNAVAILABLE: io exception
2019-10-09 23:58:05,197 [grpc-default-executor-5] INFO  impl.FollowerInfo (FollowerInfo.java:lambda$new$0(51)) - e0a2bbc5-e1f3-429a-8b57-8ad53d3fcfcf@group-C934F1EEB7D0->7efd9bf7-a6c0-4f93-9bd9-a1d7634c727c: nextIndex: updateUnconditionally 0 -> 0
2019-10-09 23:58:05,197 [grpc-default-executor-6] INFO  impl.FollowerInfo (FollowerInfo.java:lambda$new$0(51)) - e0a2bbc5-e1f3-429a-8b57-8ad53d3fcfcf@group-C934F1EEB7D0->d1b2fdb4-2a3c-478d-9f55-2a69fc770f7f: nextIndex: updateUnconditionally 0 -> 0
2019-10-09 23:58:07,696 [grpc-default-executor-2] WARN  server.GrpcLogAppender (LogUtils.java:warn(134)) - e0a2bbc5-e1f3-429a-8b57-8ad53d3fcfcf@group-C934F1EEB7D0->7efd9bf7-a6c0-4f93-9bd9-a1d7634c727c-AppendLogResponseHandler: Failed appendEntries: org.apache.ratis.thirdparty.io.grpc.StatusRuntimeException: UNAVAILABLE: io exception
2019-10-09 23:58:07,696 [grpc-default-executor-4] WARN  server.GrpcLogAppender (LogUtils.java:warn(134)) - e0a2bbc5-e1f3-429a-8b57-8ad53d3fcfcf@group-C934F1EEB7D0->d1b2fdb4-2a3c-478d-9f55-2a69fc770f7f-AppendLogResponseHandler: Failed appendEntries: org.apache.ratis.thirdparty.io.grpc.StatusRuntimeException: UNAVAILABLE: io exception
2019-10-09 23:58:07,697 [grpc-default-executor-2] INFO  impl.FollowerInfo (FollowerInfo.java:lambda$new$0(51)) - e0a2bbc5-e1f3-429a-8b57-8ad53d3fcfcf@group-C934F1EEB7D0->7efd9bf7-a6c0-4f93-9bd9-a1d7634c727c: nextIndex: updateUnconditionally 0 -> 0
2019-10-09 23:58:07,697 [grpc-default-executor-4] INFO  impl.FollowerInfo (FollowerInfo.java:lambda$new$0(51)) - e0a2bbc5-e1f3-429a-8b57-8ad53d3fcfcf@group-C934F1EEB7D0->d1b2fdb4-2a3c-478d-9f55-2a69fc770f7f: nextIndex: updateUnconditionally 0 -> 0
2019-10-09 23:58:08,857 [Thread-1676] INFO  client.GrpcClientProtocolService (GrpcClientProtocolService.java:lambda$processClientRequest$0(278)) - Failed RaftClientRequest:client-5669A63126D6->e0a2bbc5-e1f3-429a-8b57-8ad53d3fcfcf@group-C934F1EEB7D0, cid=119, seq=0, Watch-ALL_COMMITTED(101), Message:<EMPTY>, reply=RaftClientReply:client-5669A63126D6->e0a2bbc5-e1f3-429a-8b57-8ad53d3fcfcf@group-C934F1EEB7D0, cid=119, FAILED org.apache.ratis.protocol.NotReplicatedException: Request with call Id 119 and log index 101 is not yet replicated to ALL_COMMITTED, logIndex=101, commits[e0a2bbc5-e1f3-429a-8b57-8ad53d3fcfcf:c2, 7efd9bf7-a6c0-4f93-9bd9-a1d7634c727c:c2, d1b2fdb4-2a3c-478d-9f55-2a69fc770f7f:c2]
2019-10-09 23:58:08,857 [Thread-1675] INFO  client.GrpcClientProtocolService (GrpcClientProtocolService.java:lambda$processClientRequest$0(278)) - Failed RaftClientRequest:client-5669A63126D6->e0a2bbc5-e1f3-429a-8b57-8ad53d3fcfcf@group-C934F1EEB7D0, cid=120, seq=0, Watch-MAJORITY_COMMITTED(101), Message:<EMPTY>, reply=RaftClientReply:client-5669A63126D6->e0a2bbc5-e1f3-429a-8b57-8ad53d3fcfcf@group-C934F1EEB7D0, cid=120, FAILED org.apache.ratis.protocol.NotReplicatedException: Request with call Id 120 and log index 101 is not yet replicated to MAJORITY_COMMITTED, logIndex=101, commits[e0a2bbc5-e1f3-429a-8b57-8ad53d3fcfcf:c2, 7efd9bf7-a6c0-4f93-9bd9-a1d7634c727c:c2, d1b2fdb4-2a3c-478d-9f55-2a69fc770f7f:c2]
2019-10-09 23:58:10,197 [grpc-default-executor-2] WARN  server.GrpcLogAppender (LogUtils.java:warn(134)) - e0a2bbc5-e1f3-429a-8b57-8ad53d3fcfcf@group-C934F1EEB7D0->d1b2fdb4-2a3c-478d-9f55-2a69fc770f7f-AppendLogResponseHandler: Failed appendEntries: org.apache.ratis.thirdparty.io.grpc.StatusRuntimeException: UNAVAILABLE: io exception
2019-10-09 23:58:10,199 [grpc-default-executor-7] WARN  server.GrpcLogAppender (LogUtils.java:warn(134)) - e0a2bbc5-e1f3-429a-8b57-8ad53d3fcfcf@group-C934F1EEB7D0->7efd9bf7-a6c0-4f93-9bd9-a1d7634c727c-AppendLogResponseHandler: Failed appendEntries: org.apache.ratis.thirdparty.io.grpc.StatusRuntimeException: UNAVAILABLE: io exception
2019-10-09 23:58:10,201 [grpc-default-executor-2] INFO  impl.FollowerInfo (FollowerInfo.java:lambda$new$0(51)) - e0a2bbc5-e1f3-429a-8b57-8ad53d3fcfcf@group-C934F1EEB7D0->d1b2fdb4-2a3c-478d-9f55-2a69fc770f7f: nextIndex: updateUnconditionally 0 -> 0
2019-10-09 23:58:10,201 [grpc-default-executor-7] INFO  impl.FollowerInfo (FollowerInfo.java:lambda$new$0(51)) - e0a2bbc5-e1f3-429a-8b57-8ad53d3fcfcf@group-C934F1EEB7D0->7efd9bf7-a6c0-4f93-9bd9-a1d7634c727c: nextIndex: updateUnconditionally 0 -> 0
2019-10-09 23:58:12,697 [grpc-default-executor-2] WARN  server.GrpcLogAppender (LogUtils.java:warn(134)) - e0a2bbc5-e1f3-429a-8b57-8ad53d3fcfcf@group-C934F1EEB7D0->7efd9bf7-a6c0-4f93-9bd9-a1d7634c727c-AppendLogResponseHandler: Failed appendEntries: org.apache.ratis.thirdparty.io.grpc.StatusRuntimeException: UNAVAILABLE: io exception
2019-10-09 23:58:12,697 [grpc-default-executor-4] WARN  server.GrpcLogAppender (LogUtils.java:warn(134)) - e0a2bbc5-e1f3-429a-8b57-8ad53d3fcfcf@group-C934F1EEB7D0->d1b2fdb4-2a3c-478d-9f55-2a69fc770f7f-AppendLogResponseHandler: Failed appendEntries: org.apache.ratis.thirdparty.io.grpc.StatusRuntimeException: UNAVAILABLE: io exception
2019-10-09 23:58:12,698 [grpc-default-executor-2] INFO  impl.FollowerInfo (FollowerInfo.java:lambda$new$0(51)) - e0a2bbc5-e1f3-429a-8b57-8ad53d3fcfcf@group-C934F1EEB7D0->7efd9bf7-a6c0-4f93-9bd9-a1d7634c727c: nextIndex: updateUnconditionally 0 -> 0
2019-10-09 23:58:12,698 [grpc-default-executor-4] INFO  impl.FollowerInfo (FollowerInfo.java:lambda$new$0(51)) - e0a2bbc5-e1f3-429a-8b57-8ad53d3fcfcf@group-C934F1EEB7D0->d1b2fdb4-2a3c-478d-9f55-2a69fc770f7f: nextIndex: updateUnconditionally 0 -> 0
]]></system-out>
    <system-err><![CDATA[Oct 09, 2019 11:57:27 PM org.apache.ratis.thirdparty.io.grpc.internal.SerializingExecutor run
SEVERE: Exception while executing runnable org.apache.ratis.thirdparty.io.grpc.internal.ServerImpl$JumpToApplicationThreadServerStreamListener$1Closed@377a629c
org.apache.ratis.thirdparty.io.grpc.StatusRuntimeException: CANCELLED: call already cancelled
	at org.apache.ratis.thirdparty.io.grpc.Status.asRuntimeException(Status.java:517)
	at org.apache.ratis.thirdparty.io.grpc.stub.ServerCalls$ServerCallStreamObserverImpl.onCompleted(ServerCalls.java:356)
	at org.apache.ratis.grpc.server.GrpcServerProtocolService$ServerRequestStreamObserver.onError(GrpcServerProtocolService.java:121)
	at org.apache.ratis.thirdparty.io.grpc.stub.ServerCalls$StreamingServerCallHandler$StreamingServerCallListener.onCancel(ServerCalls.java:269)
	at org.apache.ratis.thirdparty.io.grpc.internal.ServerCallImpl$ServerStreamListenerImpl.closed(ServerCallImpl.java:293)
	at org.apache.ratis.thirdparty.io.grpc.internal.ServerImpl$JumpToApplicationThreadServerStreamListener$1Closed.runInContext(ServerImpl.java:741)
	at org.apache.ratis.thirdparty.io.grpc.internal.ContextRunnable.run(ContextRunnable.java:37)
	at org.apache.ratis.thirdparty.io.grpc.internal.SerializingExecutor.run(SerializingExecutor.java:123)
	at java.util.concurrent.ThreadPoolExecutor.runWorker(ThreadPoolExecutor.java:1149)
	at java.util.concurrent.ThreadPoolExecutor$Worker.run(ThreadPoolExecutor.java:624)
	at java.lang.Thread.run(Thread.java:748)

Oct 09, 2019 11:57:32 PM org.apache.ratis.thirdparty.io.grpc.internal.SerializingExecutor run
SEVERE: Exception while executing runnable org.apache.ratis.thirdparty.io.grpc.internal.ServerImpl$JumpToApplicationThreadServerStreamListener$1Closed@2b4ce4f6
org.apache.ratis.thirdparty.io.grpc.StatusRuntimeException: CANCELLED: call already cancelled
	at org.apache.ratis.thirdparty.io.grpc.Status.asRuntimeException(Status.java:517)
	at org.apache.ratis.thirdparty.io.grpc.stub.ServerCalls$ServerCallStreamObserverImpl.onCompleted(ServerCalls.java:356)
	at org.apache.ratis.grpc.server.GrpcServerProtocolService$ServerRequestStreamObserver.onError(GrpcServerProtocolService.java:121)
	at org.apache.ratis.thirdparty.io.grpc.stub.ServerCalls$StreamingServerCallHandler$StreamingServerCallListener.onCancel(ServerCalls.java:269)
	at org.apache.ratis.thirdparty.io.grpc.internal.ServerCallImpl$ServerStreamListenerImpl.closed(ServerCallImpl.java:293)
	at org.apache.ratis.thirdparty.io.grpc.internal.ServerImpl$JumpToApplicationThreadServerStreamListener$1Closed.runInContext(ServerImpl.java:741)
	at org.apache.ratis.thirdparty.io.grpc.internal.ContextRunnable.run(ContextRunnable.java:37)
	at org.apache.ratis.thirdparty.io.grpc.internal.SerializingExecutor.run(SerializingExecutor.java:123)
	at java.util.concurrent.ThreadPoolExecutor.runWorker(ThreadPoolExecutor.java:1149)
	at java.util.concurrent.ThreadPoolExecutor$Worker.run(ThreadPoolExecutor.java:624)
	at java.lang.Thread.run(Thread.java:748)

Oct 09, 2019 11:57:35 PM org.apache.ratis.thirdparty.io.grpc.internal.ManagedChannelOrphanWrapper$ManagedChannelReference cleanQueue
SEVERE: *~*~*~ Channel ManagedChannelImpl{logId=1759, target=192.168.5.166:44803} was not shutdown properly!!! ~*~*~*
    Make sure to call shutdown()/shutdownNow() and wait until awaitTermination() returns true.
java.lang.RuntimeException: ManagedChannel allocation site
	at org.apache.ratis.thirdparty.io.grpc.internal.ManagedChannelOrphanWrapper$ManagedChannelReference.<init>(ManagedChannelOrphanWrapper.java:103)
	at org.apache.ratis.thirdparty.io.grpc.internal.ManagedChannelOrphanWrapper.<init>(ManagedChannelOrphanWrapper.java:53)
	at org.apache.ratis.thirdparty.io.grpc.internal.ManagedChannelOrphanWrapper.<init>(ManagedChannelOrphanWrapper.java:44)
	at org.apache.ratis.thirdparty.io.grpc.internal.AbstractManagedChannelImplBuilder.build(AbstractManagedChannelImplBuilder.java:411)
	at org.apache.ratis.grpc.client.GrpcClientProtocolClient.<init>(GrpcClientProtocolClient.java:128)
	at org.apache.ratis.grpc.client.GrpcClientRpc.lambda$new$0(GrpcClientRpc.java:55)
	at org.apache.ratis.util.PeerProxyMap$PeerAndProxy.lambda$getProxy$0(PeerProxyMap.java:61)
	at org.apache.ratis.util.LifeCycle.startAndTransition(LifeCycle.java:202)
	at org.apache.ratis.util.PeerProxyMap$PeerAndProxy.getProxy(PeerProxyMap.java:60)
	at org.apache.ratis.util.PeerProxyMap.getProxy(PeerProxyMap.java:108)
	at org.apache.ratis.grpc.client.GrpcClientRpc.sendRequestAsyncUnordered(GrpcClientRpc.java:78)
	at org.apache.ratis.client.impl.UnorderedAsync.sendRequestWithRetry(UnorderedAsync.java:75)
	at org.apache.ratis.client.impl.UnorderedAsync.lambda$null$2(UnorderedAsync.java:120)
	at org.apache.ratis.util.TimeoutScheduler.lambda$onTimeout$0(TimeoutScheduler.java:113)
	at org.apache.ratis.util.TimeoutScheduler.lambda$onTimeout$1(TimeoutScheduler.java:133)
	at org.apache.ratis.util.LogUtils.runAndLog(LogUtils.java:50)
	at org.apache.ratis.util.LogUtils$1.run(LogUtils.java:91)
	at java.util.concurrent.Executors$RunnableAdapter.call(Executors.java:511)
	at java.util.concurrent.FutureTask.run(FutureTask.java:266)
	at java.util.concurrent.ScheduledThreadPoolExecutor$ScheduledFutureTask.access$201(ScheduledThreadPoolExecutor.java:180)
	at java.util.concurrent.ScheduledThreadPoolExecutor$ScheduledFutureTask.run(ScheduledThreadPoolExecutor.java:293)
	at java.util.concurrent.ThreadPoolExecutor.runWorker(ThreadPoolExecutor.java:1149)
	at java.util.concurrent.ThreadPoolExecutor$Worker.run(ThreadPoolExecutor.java:624)
	at java.lang.Thread.run(Thread.java:748)

]]></system-err>
  </testcase>
  <testcase name="testWatchForCommitForGroupMismatchException" classname="org.apache.hadoop.ozone.client.rpc.TestWatchForCommit" time="35.823"/>
  <testcase name="test2WayCommitForTimeoutException" classname="org.apache.hadoop.ozone.client.rpc.TestWatchForCommit" time="36.339">
    <error type="java.util.concurrent.TimeoutException">java.util.concurrent.TimeoutException
	at java.util.concurrent.CompletableFuture.timedGet(CompletableFuture.java:1771)
	at java.util.concurrent.CompletableFuture.get(CompletableFuture.java:1915)
	at org.apache.hadoop.hdds.scm.XceiverClientRatis.watchForCommit(XceiverClientRatis.java:283)
	at org.apache.hadoop.ozone.client.rpc.TestWatchForCommit.test2WayCommitForTimeoutException(TestWatchForCommit.java:391)
	at sun.reflect.NativeMethodAccessorImpl.invoke0(Native Method)
	at sun.reflect.NativeMethodAccessorImpl.invoke(NativeMethodAccessorImpl.java:62)
	at sun.reflect.DelegatingMethodAccessorImpl.invoke(DelegatingMethodAccessorImpl.java:43)
	at java.lang.reflect.Method.invoke(Method.java:498)
	at org.junit.runners.model.FrameworkMethod$1.runReflectiveCall(FrameworkMethod.java:47)
	at org.junit.internal.runners.model.ReflectiveCallable.run(ReflectiveCallable.java:12)
	at org.junit.runners.model.FrameworkMethod.invokeExplosively(FrameworkMethod.java:44)
	at org.junit.internal.runners.statements.InvokeMethod.evaluate(InvokeMethod.java:17)
	at org.junit.runners.ParentRunner.runLeaf(ParentRunner.java:271)
	at org.junit.runners.BlockJUnit4ClassRunner.runChild(BlockJUnit4ClassRunner.java:70)
	at org.junit.runners.BlockJUnit4ClassRunner.runChild(BlockJUnit4ClassRunner.java:50)
	at org.junit.runners.ParentRunner$3.run(ParentRunner.java:238)
	at org.junit.runners.ParentRunner$1.schedule(ParentRunner.java:63)
	at org.junit.runners.ParentRunner.runChildren(ParentRunner.java:236)
	at org.junit.runners.ParentRunner.access$000(ParentRunner.java:53)
	at org.junit.runners.ParentRunner$2.evaluate(ParentRunner.java:229)
	at org.junit.runners.ParentRunner.run(ParentRunner.java:309)
	at org.apache.maven.surefire.junit4.JUnit4Provider.execute(JUnit4Provider.java:365)
	at org.apache.maven.surefire.junit4.JUnit4Provider.executeWithRerun(JUnit4Provider.java:273)
	at org.apache.maven.surefire.junit4.JUnit4Provider.executeTestSet(JUnit4Provider.java:238)
	at org.apache.maven.surefire.junit4.JUnit4Provider.invoke(JUnit4Provider.java:159)
	at org.apache.maven.surefire.booter.ForkedBooter.invokeProviderInSameClassLoader(ForkedBooter.java:384)
	at org.apache.maven.surefire.booter.ForkedBooter.runSuitesInProcess(ForkedBooter.java:345)
	at org.apache.maven.surefire.booter.ForkedBooter.execute(ForkedBooter.java:126)
	at org.apache.maven.surefire.booter.ForkedBooter.main(ForkedBooter.java:418)
</error>
    <system-out><![CDATA[2019-10-09 23:58:48,817 [main] WARN  server.ServerUtils (ServerUtils.java:getScmDbDir(145)) - ozone.scm.db.dirs is not configured. We recommend adding this setting. Falling back to ozone.metadata.dirs instead.
2019-10-09 23:58:48,832 [main] WARN  server.ServerUtils (ServerUtils.java:getScmDbDir(145)) - ozone.scm.db.dirs is not configured. We recommend adding this setting. Falling back to ozone.metadata.dirs instead.
2019-10-09 23:58:48,832 [main] WARN  server.ServerUtils (ServerUtils.java:getScmDbDir(145)) - ozone.scm.db.dirs is not configured. We recommend adding this setting. Falling back to ozone.metadata.dirs instead.
2019-10-09 23:58:48,833 [main] INFO  db.DBStoreBuilder (DBStoreBuilder.java:addTable(117)) - using custom profile for table: deletedBlocks
2019-10-09 23:58:48,833 [main] INFO  db.DBStoreBuilder (DBStoreBuilder.java:processTables(168)) - Using default column profile:DBProfile.DISK for Table:deletedBlocks
2019-10-09 23:58:48,833 [main] INFO  db.DBStoreBuilder (DBStoreBuilder.java:addTable(117)) - using custom profile for table: validCerts
2019-10-09 23:58:48,833 [main] INFO  db.DBStoreBuilder (DBStoreBuilder.java:processTables(168)) - Using default column profile:DBProfile.DISK for Table:validCerts
2019-10-09 23:58:48,834 [main] INFO  db.DBStoreBuilder (DBStoreBuilder.java:addTable(117)) - using custom profile for table: revokedCerts
2019-10-09 23:58:48,834 [main] INFO  db.DBStoreBuilder (DBStoreBuilder.java:processTables(168)) - Using default column profile:DBProfile.DISK for Table:revokedCerts
2019-10-09 23:58:48,834 [main] INFO  db.DBStoreBuilder (DBStoreBuilder.java:addTable(117)) - using custom profile for table: default
2019-10-09 23:58:48,834 [main] INFO  db.DBStoreBuilder (DBStoreBuilder.java:processTables(174)) - Using default column profile:DBProfile.DISK for Table:default
2019-10-09 23:58:48,834 [main] INFO  db.DBStoreBuilder (DBStoreBuilder.java:getDbProfile(205)) - Using default options. DBProfile.DISK
2019-10-09 23:58:49,042 [main] INFO  net.NodeSchemaLoader (NodeSchemaLoader.java:loadSchemaFromFile(125)) - Loading file from sun.misc.CompoundEnumeration@58a765ce
2019-10-09 23:58:49,043 [main] INFO  net.NodeSchemaLoader (NodeSchemaLoader.java:loadSchema(171)) - Loading network topology layer schema file
2019-10-09 23:58:49,048 [main] WARN  server.ServerUtils (ServerUtils.java:sanitizeUserArgs(70)) - ozone.scm.stale.node.interval value = 300000 is larger than max = 100000 based on the key value of ozone.scm.heartbeat.thread.interval, reset to the max value 100000.
2019-10-09 23:58:49,048 [main] WARN  server.ServerUtils (ServerUtils.java:sanitizeUserArgs(70)) - ozone.scm.stale.node.interval value = 300000 is larger than max = 100000 based on the key value of ozone.scm.heartbeat.thread.interval, reset to the max value 100000.
2019-10-09 23:58:49,048 [main] INFO  node.SCMNodeManager (SCMNodeManager.java:<init>(116)) - Entering startup safe mode.
2019-10-09 23:58:49,049 [main] INFO  algorithms.ContainerPlacementPolicyFactory (ContainerPlacementPolicyFactory.java:getPolicy(57)) - Create container placement policy of type org.apache.hadoop.hdds.scm.container.placement.algorithms.SCMContainerPlacementRandom
2019-10-09 23:58:49,049 [main] WARN  server.ServerUtils (ServerUtils.java:getScmDbDir(145)) - ozone.scm.db.dirs is not configured. We recommend adding this setting. Falling back to ozone.metadata.dirs instead.
2019-10-09 23:58:49,097 [main] INFO  pipeline.SCMPipelineManager (SCMPipelineManager.java:initializePipelineState(132)) - No pipeline exists in current db
2019-10-09 23:58:49,097 [main] WARN  server.ServerUtils (ServerUtils.java:getScmDbDir(145)) - ozone.scm.db.dirs is not configured. We recommend adding this setting. Falling back to ozone.metadata.dirs instead.
2019-10-09 23:58:49,141 [main] WARN  events.EventQueue (EventQueue.java:fireEvent(183)) - No event handler registered for event TypedEvent{payloadType=SafeModeStatus, name='SafeModeStatus'}
2019-10-09 23:58:49,142 [main] INFO  ipc.CallQueueManager (CallQueueManager.java:<init>(84)) - Using callQueue: class java.util.concurrent.LinkedBlockingQueue, queueCapacity: 2000, scheduler: class org.apache.hadoop.ipc.DefaultRpcScheduler, ipcBackoff: false.
2019-10-09 23:58:49,143 [Socket Reader #1 for port 40198] INFO  ipc.Server (Server.java:run(1074)) - Starting Socket Reader #1 for port 40198
2019-10-09 23:58:49,147 [main] INFO  ipc.CallQueueManager (CallQueueManager.java:<init>(84)) - Using callQueue: class java.util.concurrent.LinkedBlockingQueue, queueCapacity: 2000, scheduler: class org.apache.hadoop.ipc.DefaultRpcScheduler, ipcBackoff: false.
2019-10-09 23:58:49,147 [Socket Reader #1 for port 32772] INFO  ipc.Server (Server.java:run(1074)) - Starting Socket Reader #1 for port 32772
2019-10-09 23:58:49,150 [main] INFO  ipc.CallQueueManager (CallQueueManager.java:<init>(84)) - Using callQueue: class java.util.concurrent.LinkedBlockingQueue, queueCapacity: 2000, scheduler: class org.apache.hadoop.ipc.DefaultRpcScheduler, ipcBackoff: false.
2019-10-09 23:58:49,151 [Socket Reader #1 for port 46640] INFO  ipc.Server (Server.java:run(1074)) - Starting Socket Reader #1 for port 46640
2019-10-09 23:58:49,154 [main] INFO  hdfs.DFSUtil (DFSUtil.java:httpServerTemplateForNNAndJN(1641)) - Starting Web-server for scm at: http://0.0.0.0:0
2019-10-09 23:58:49,156 [main] INFO  server.AuthenticationFilter (AuthenticationFilter.java:constructSecretProvider(240)) - Unable to initialize FileSignerSecretProvider, falling back to use random secrets.
2019-10-09 23:58:49,157 [main] WARN  http.HttpRequestLog (HttpRequestLog.java:getRequestLog(97)) - Jetty request log can only be enabled using Log4j
2019-10-09 23:58:49,159 [main] INFO  http.HttpServer2 (HttpServer2.java:addGlobalFilter(975)) - Added global filter 'safety' (class=org.apache.hadoop.http.HttpServer2$QuotingInputFilter)
2019-10-09 23:58:49,160 [main] INFO  http.HttpServer2 (HttpServer2.java:addFilter(948)) - Added filter static_user_filter (class=org.apache.hadoop.http.lib.StaticUserWebFilter$StaticUserFilter) to context scm
2019-10-09 23:58:49,160 [main] INFO  http.HttpServer2 (HttpServer2.java:addFilter(958)) - Added filter static_user_filter (class=org.apache.hadoop.http.lib.StaticUserWebFilter$StaticUserFilter) to context static
2019-10-09 23:58:49,160 [main] INFO  http.HttpServer2 (HttpServer2.java:addFilter(958)) - Added filter static_user_filter (class=org.apache.hadoop.http.lib.StaticUserWebFilter$StaticUserFilter) to context logs
2019-10-09 23:58:49,163 [main] INFO  server.StorageContainerManager (StorageContainerManager.java:start(772)) - StorageContainerLocationProtocol RPC server is listening at /0.0.0.0:46640
2019-10-09 23:58:49,165 [main] WARN  impl.MetricsConfig (MetricsConfig.java:loadFirst(134)) - Cannot locate configuration: tried hadoop-metrics2-storagecontainermanager.properties,hadoop-metrics2.properties
2019-10-09 23:58:49,166 [main] INFO  impl.MetricsSystemImpl (MetricsSystemImpl.java:startTimer(374)) - Scheduled Metric snapshot period at 10 second(s).
2019-10-09 23:58:49,166 [main] INFO  impl.MetricsSystemImpl (MetricsSystemImpl.java:start(191)) - StorageContainerManager metrics system started
2019-10-09 23:58:49,537 [main] WARN  impl.MetricsSystemImpl (MetricsSystemImpl.java:register(276)) - Sink prometheus already exists!
2019-10-09 23:58:49,861 [main] INFO  server.SCMClientProtocolServer (SCMClientProtocolServer.java:start(159)) - RPC server for Client  is listening at /0.0.0.0:46640
2019-10-09 23:58:49,862 [IPC Server Responder] INFO  ipc.Server (Server.java:run(1314)) - IPC Server Responder: starting
2019-10-09 23:58:49,862 [IPC Server listener on 46640] INFO  ipc.Server (Server.java:run(1153)) - IPC Server listener on 46640: starting
2019-10-09 23:58:49,868 [main] INFO  server.StorageContainerManager (StorageContainerManager.java:start(782)) - ScmBlockLocationProtocol RPC server is listening at /0.0.0.0:32772
2019-10-09 23:58:49,869 [main] INFO  server.SCMBlockProtocolServer (SCMBlockProtocolServer.java:start(146)) - RPC server for Block Protocol is listening at /0.0.0.0:32772
2019-10-09 23:58:49,869 [IPC Server Responder] INFO  ipc.Server (Server.java:run(1314)) - IPC Server Responder: starting
2019-10-09 23:58:49,869 [IPC Server listener on 32772] INFO  ipc.Server (Server.java:run(1153)) - IPC Server listener on 32772: starting
2019-10-09 23:58:49,874 [main] INFO  server.StorageContainerManager (StorageContainerManager.java:start(786)) - ScmDatanodeProtocl RPC server is listening at /0.0.0.0:40198
2019-10-09 23:58:49,874 [main] INFO  server.SCMDatanodeProtocolServer (SCMDatanodeProtocolServer.java:start(169)) - RPC server for DataNodes is listening at /0.0.0.0:40198
2019-10-09 23:58:49,875 [IPC Server Responder] INFO  ipc.Server (Server.java:run(1314)) - IPC Server Responder: starting
2019-10-09 23:58:49,875 [IPC Server listener on 40198] INFO  ipc.Server (Server.java:run(1153)) - IPC Server listener on 40198: starting
2019-10-09 23:58:49,886 [main] INFO  http.HttpServer2 (HttpServer2.java:bindListener(1191)) - Jetty bound to port 40805
2019-10-09 23:58:49,886 [main] INFO  server.Server (Server.java:doStart(351)) - jetty-9.3.25.v20180904, build timestamp: 2018-09-04T21:11:46Z, git hash: 3ce520221d0240229c862b122d2b06c12a625732
2019-10-09 23:58:49,888 [main] INFO  handler.ContextHandler (ContextHandler.java:doStart(781)) - Started o.e.j.s.ServletContextHandler@3a296107{/logs,file:///workdir/hadoop-ozone/integration-test/target/log,AVAILABLE}
2019-10-09 23:58:49,888 [main] INFO  handler.ContextHandler (ContextHandler.java:doStart(781)) - Started o.e.j.s.ServletContextHandler@646cd766{/static,file:///workdir/hadoop-ozone/integration-test/target/test-classes/webapps/static,AVAILABLE}
2019-10-09 23:58:49,891 [main] INFO  handler.ContextHandler (ContextHandler.java:doStart(781)) - Started o.e.j.w.WebAppContext@41e9f86{/,file:///workdir/hadoop-ozone/integration-test/target/test-classes/webapps/scm/,AVAILABLE}{/scm}
2019-10-09 23:58:49,892 [main] INFO  server.AbstractConnector (AbstractConnector.java:doStart(278)) - Started ServerConnector@66f5b8fe{HTTP/1.1,[http/1.1]}{0.0.0.0:40805}
2019-10-09 23:58:49,894 [main] INFO  server.Server (Server.java:doStart(419)) - Started @229716ms
2019-10-09 23:58:49,894 [main] WARN  impl.MetricsSystemImpl (MetricsSystemImpl.java:register(276)) - Sink prometheus already exists!
2019-10-09 23:58:49,895 [main] INFO  server.BaseHttpServer (BaseHttpServer.java:updateConnectorAddress(215)) - HTTP server of SCM is listening at http://0.0.0.0:40805
2019-10-09 23:58:49,897 [main] WARN  server.ServerUtils (ServerUtils.java:getDBPath(222)) - ozone.om.db.dirs is not configured. We recommend adding this setting. Falling back to ozone.metadata.dirs instead.
2019-10-09 23:58:49,897 [org.apache.hadoop.util.JvmPauseMonitor$Monitor@69ec93c2] INFO  util.JvmPauseMonitor (JvmPauseMonitor.java:run(188)) - Starting JVM pause monitor
2019-10-09 23:58:49,920 [main] INFO  ha.OMHANodeDetails (OMHANodeDetails.java:loadOMHAConfig(190)) - Configuration either no ozone.om.address set. Falling back to the default OM address /127.0.0.1:0
2019-10-09 23:58:49,920 [main] INFO  ha.OMHANodeDetails (OMHANodeDetails.java:getOMNodeDetails(220)) - OM Service ID is not set. Setting it to the default ID: omServiceIdDefault
2019-10-09 23:58:49,920 [main] WARN  server.ServerUtils (ServerUtils.java:getDBPath(222)) - ozone.om.db.dirs is not configured. We recommend adding this setting. Falling back to ozone.metadata.dirs instead.
2019-10-09 23:58:49,921 [main] WARN  server.ServerUtils (ServerUtils.java:getDBPath(222)) - ozone.om.db.dirs is not configured. We recommend adding this setting. Falling back to ozone.metadata.dirs instead.
2019-10-09 23:58:49,947 [main] WARN  server.ServerUtils (ServerUtils.java:getDBPath(222)) - ozone.om.db.dirs is not configured. We recommend adding this setting. Falling back to ozone.metadata.dirs instead.
2019-10-09 23:58:49,948 [main] INFO  db.DBStoreBuilder (DBStoreBuilder.java:addTable(117)) - using custom profile for table: userTable
2019-10-09 23:58:49,948 [main] INFO  db.DBStoreBuilder (DBStoreBuilder.java:processTables(168)) - Using default column profile:DBProfile.DISK for Table:userTable
2019-10-09 23:58:49,948 [main] INFO  db.DBStoreBuilder (DBStoreBuilder.java:addTable(117)) - using custom profile for table: volumeTable
2019-10-09 23:58:49,948 [main] INFO  db.DBStoreBuilder (DBStoreBuilder.java:processTables(168)) - Using default column profile:DBProfile.DISK for Table:volumeTable
2019-10-09 23:58:49,949 [main] INFO  db.DBStoreBuilder (DBStoreBuilder.java:addTable(117)) - using custom profile for table: bucketTable
2019-10-09 23:58:49,949 [main] INFO  db.DBStoreBuilder (DBStoreBuilder.java:processTables(168)) - Using default column profile:DBProfile.DISK for Table:bucketTable
2019-10-09 23:58:49,949 [main] INFO  db.DBStoreBuilder (DBStoreBuilder.java:addTable(117)) - using custom profile for table: keyTable
2019-10-09 23:58:49,949 [main] INFO  db.DBStoreBuilder (DBStoreBuilder.java:processTables(168)) - Using default column profile:DBProfile.DISK for Table:keyTable
2019-10-09 23:58:49,949 [main] INFO  db.DBStoreBuilder (DBStoreBuilder.java:addTable(117)) - using custom profile for table: deletedTable
2019-10-09 23:58:49,949 [main] INFO  db.DBStoreBuilder (DBStoreBuilder.java:processTables(168)) - Using default column profile:DBProfile.DISK for Table:deletedTable
2019-10-09 23:58:49,949 [main] INFO  db.DBStoreBuilder (DBStoreBuilder.java:addTable(117)) - using custom profile for table: openKeyTable
2019-10-09 23:58:49,950 [main] INFO  db.DBStoreBuilder (DBStoreBuilder.java:processTables(168)) - Using default column profile:DBProfile.DISK for Table:openKeyTable
2019-10-09 23:58:49,950 [main] INFO  db.DBStoreBuilder (DBStoreBuilder.java:addTable(117)) - using custom profile for table: s3Table
2019-10-09 23:58:49,950 [main] INFO  db.DBStoreBuilder (DBStoreBuilder.java:processTables(168)) - Using default column profile:DBProfile.DISK for Table:s3Table
2019-10-09 23:58:49,950 [main] INFO  db.DBStoreBuilder (DBStoreBuilder.java:addTable(117)) - using custom profile for table: multipartInfoTable
2019-10-09 23:58:49,950 [main] INFO  db.DBStoreBuilder (DBStoreBuilder.java:processTables(168)) - Using default column profile:DBProfile.DISK for Table:multipartInfoTable
2019-10-09 23:58:49,950 [main] INFO  db.DBStoreBuilder (DBStoreBuilder.java:addTable(117)) - using custom profile for table: dTokenTable
2019-10-09 23:58:49,951 [main] INFO  db.DBStoreBuilder (DBStoreBuilder.java:processTables(168)) - Using default column profile:DBProfile.DISK for Table:dTokenTable
2019-10-09 23:58:49,951 [main] INFO  db.DBStoreBuilder (DBStoreBuilder.java:addTable(117)) - using custom profile for table: s3SecretTable
2019-10-09 23:58:49,951 [main] INFO  db.DBStoreBuilder (DBStoreBuilder.java:processTables(168)) - Using default column profile:DBProfile.DISK for Table:s3SecretTable
2019-10-09 23:58:49,951 [main] INFO  db.DBStoreBuilder (DBStoreBuilder.java:addTable(117)) - using custom profile for table: prefixTable
2019-10-09 23:58:49,951 [main] INFO  db.DBStoreBuilder (DBStoreBuilder.java:processTables(168)) - Using default column profile:DBProfile.DISK for Table:prefixTable
2019-10-09 23:58:49,951 [main] INFO  db.DBStoreBuilder (DBStoreBuilder.java:addTable(117)) - using custom profile for table: default
2019-10-09 23:58:49,951 [main] INFO  db.DBStoreBuilder (DBStoreBuilder.java:processTables(174)) - Using default column profile:DBProfile.DISK for Table:default
2019-10-09 23:58:49,952 [main] INFO  db.DBStoreBuilder (DBStoreBuilder.java:getDbProfile(205)) - Using default options. DBProfile.DISK
2019-10-09 23:58:50,209 [grpc-default-executor-4] WARN  server.GrpcLogAppender (LogUtils.java:warn(134)) - e0a2bbc5-e1f3-429a-8b57-8ad53d3fcfcf@group-C934F1EEB7D0->d1b2fdb4-2a3c-478d-9f55-2a69fc770f7f-AppendLogResponseHandler: Failed appendEntries: org.apache.ratis.thirdparty.io.grpc.StatusRuntimeException: UNAVAILABLE: io exception
2019-10-09 23:58:50,209 [grpc-default-executor-4] INFO  impl.FollowerInfo (FollowerInfo.java:lambda$new$0(51)) - e0a2bbc5-e1f3-429a-8b57-8ad53d3fcfcf@group-C934F1EEB7D0->d1b2fdb4-2a3c-478d-9f55-2a69fc770f7f: nextIndex: updateUnconditionally 0 -> 0
2019-10-09 23:58:50,220 [grpc-default-executor-8] WARN  server.GrpcLogAppender (LogUtils.java:warn(134)) - e0a2bbc5-e1f3-429a-8b57-8ad53d3fcfcf@group-C934F1EEB7D0->7efd9bf7-a6c0-4f93-9bd9-a1d7634c727c-AppendLogResponseHandler: Failed appendEntries: org.apache.ratis.thirdparty.io.grpc.StatusRuntimeException: UNAVAILABLE: io exception
2019-10-09 23:58:50,220 [grpc-default-executor-8] INFO  impl.FollowerInfo (FollowerInfo.java:lambda$new$0(51)) - e0a2bbc5-e1f3-429a-8b57-8ad53d3fcfcf@group-C934F1EEB7D0->7efd9bf7-a6c0-4f93-9bd9-a1d7634c727c: nextIndex: updateUnconditionally 0 -> 0
2019-10-09 23:58:50,440 [main] INFO  ipc.CallQueueManager (CallQueueManager.java:<init>(84)) - Using callQueue: class java.util.concurrent.LinkedBlockingQueue, queueCapacity: 2000, scheduler: class org.apache.hadoop.ipc.DefaultRpcScheduler, ipcBackoff: false.
2019-10-09 23:58:50,441 [Socket Reader #1 for port 35734] INFO  ipc.Server (Server.java:run(1074)) - Starting Socket Reader #1 for port 35734
2019-10-09 23:58:50,457 [main] INFO  om.OzoneManager (OzoneManager.java:start(1069)) - OzoneManager RPC server is listening at localhost/127.0.0.1:35734
2019-10-09 23:58:50,457 [main] INFO  impl.MetricsSystemImpl (MetricsSystemImpl.java:init(158)) - OzoneManager metrics system started (again)
2019-10-09 23:58:50,458 [IPC Server Responder] INFO  ipc.Server (Server.java:run(1314)) - IPC Server Responder: starting
2019-10-09 23:58:50,458 [IPC Server listener on 35734] INFO  ipc.Server (Server.java:run(1153)) - IPC Server listener on 35734: starting
2019-10-09 23:58:50,471 [main] INFO  hdfs.DFSUtil (DFSUtil.java:httpServerTemplateForNNAndJN(1641)) - Starting Web-server for ozoneManager at: http://0.0.0.0:0
2019-10-09 23:58:50,472 [main] INFO  server.AuthenticationFilter (AuthenticationFilter.java:constructSecretProvider(240)) - Unable to initialize FileSignerSecretProvider, falling back to use random secrets.
2019-10-09 23:58:50,472 [main] WARN  http.HttpRequestLog (HttpRequestLog.java:getRequestLog(97)) - Jetty request log can only be enabled using Log4j
2019-10-09 23:58:50,473 [main] INFO  http.HttpServer2 (HttpServer2.java:addGlobalFilter(975)) - Added global filter 'safety' (class=org.apache.hadoop.http.HttpServer2$QuotingInputFilter)
2019-10-09 23:58:50,474 [main] INFO  http.HttpServer2 (HttpServer2.java:addFilter(948)) - Added filter static_user_filter (class=org.apache.hadoop.http.lib.StaticUserWebFilter$StaticUserFilter) to context ozoneManager
2019-10-09 23:58:50,474 [main] INFO  http.HttpServer2 (HttpServer2.java:addFilter(958)) - Added filter static_user_filter (class=org.apache.hadoop.http.lib.StaticUserWebFilter$StaticUserFilter) to context static
2019-10-09 23:58:50,474 [main] INFO  http.HttpServer2 (HttpServer2.java:addFilter(958)) - Added filter static_user_filter (class=org.apache.hadoop.http.lib.StaticUserWebFilter$StaticUserFilter) to context logs
2019-10-09 23:58:50,474 [main] INFO  http.HttpServer2 (HttpServer2.java:bindListener(1191)) - Jetty bound to port 33298
2019-10-09 23:58:50,475 [main] INFO  server.Server (Server.java:doStart(351)) - jetty-9.3.25.v20180904, build timestamp: 2018-09-04T21:11:46Z, git hash: 3ce520221d0240229c862b122d2b06c12a625732
2019-10-09 23:58:50,476 [main] INFO  handler.ContextHandler (ContextHandler.java:doStart(781)) - Started o.e.j.s.ServletContextHandler@30f28b5{/logs,file:///workdir/hadoop-ozone/integration-test/target/log,AVAILABLE}
2019-10-09 23:58:50,477 [main] INFO  handler.ContextHandler (ContextHandler.java:doStart(781)) - Started o.e.j.s.ServletContextHandler@6aa7e176{/static,file:///workdir/hadoop-ozone/integration-test/target/test-classes/webapps/static,AVAILABLE}
2019-10-09 23:58:50,479 [main] INFO  handler.ContextHandler (ContextHandler.java:doStart(781)) - Started o.e.j.w.WebAppContext@7c70aae1{/,file:///workdir/hadoop-ozone/integration-test/target/test-classes/webapps/ozoneManager/,AVAILABLE}{/ozoneManager}
2019-10-09 23:58:50,480 [main] INFO  server.AbstractConnector (AbstractConnector.java:doStart(278)) - Started ServerConnector@48cd319d{HTTP/1.1,[http/1.1]}{0.0.0.0:33298}
2019-10-09 23:58:50,482 [main] INFO  server.Server (Server.java:doStart(419)) - Started @230304ms
2019-10-09 23:58:50,482 [main] WARN  impl.MetricsSystemImpl (MetricsSystemImpl.java:register(276)) - Sink prometheus already exists!
2019-10-09 23:58:50,482 [main] INFO  server.BaseHttpServer (BaseHttpServer.java:updateConnectorAddress(215)) - HTTP server of OZONEMANAGER is listening at http://0.0.0.0:33298
2019-10-09 23:58:50,495 [main] INFO  impl.MetricsSystemImpl (MetricsSystemImpl.java:init(158)) - HddsDatanode metrics system started (again)
2019-10-09 23:58:50,514 [main] INFO  ozone.HddsDatanodeService (HddsDatanodeService.java:start(184)) - HddsDatanodeService host:pr-hdds-1868-fg6nx-4263576025 ip:192.168.5.166
2019-10-09 23:58:50,527 [main] INFO  volume.HddsVolume (HddsVolume.java:<init>(176)) - Creating Volume: /workdir/hadoop-ozone/integration-test/target/test-dir/MiniOzoneClusterImpl-634ea9de-4d33-4471-86dd-709c178a0057/datanode-0/data/containers/hdds of  storage type : DISK and capacity : 1482555576320
2019-10-09 23:58:50,528 [main] INFO  volume.VolumeSet (VolumeSet.java:initializeVolumeSet(170)) - Added Volume : /workdir/hadoop-ozone/integration-test/target/test-dir/MiniOzoneClusterImpl-634ea9de-4d33-4471-86dd-709c178a0057/datanode-0/data/containers/hdds to VolumeSet
2019-10-09 23:58:50,528 [main] INFO  volume.ThrottledAsyncChecker (ThrottledAsyncChecker.java:schedule(141)) - Scheduling a check for org.apache.hadoop.ozone.container.common.volume.HddsVolume@5d194314
2019-10-09 23:58:50,528 [main] INFO  volume.HddsVolumeChecker (HddsVolumeChecker.java:checkAllVolumes(204)) - Scheduled health check for volume org.apache.hadoop.ozone.container.common.volume.HddsVolume@5d194314
2019-10-09 23:58:50,543 [main] INFO  impl.RaftServerProxy (ConfUtils.java:logGet(43)) - raft.rpc.type = GRPC (default)
2019-10-09 23:58:50,543 [main] INFO  grpc.GrpcFactory (GrpcFactory.java:checkPooledByteBufAllocatorUseCacheForAllThreads(45)) - PERFORMANCE WARNING: useCacheForAllThreads is true that may cause Netty to create a lot garbage objects and, as a result, trigger GC.
	It is recommended to disable useCacheForAllThreads by setting -Dorg.apache.ratis.thirdparty.io.netty.allocator.useCacheForAllThreads=false in command line.
2019-10-09 23:58:50,543 [main] INFO  grpc.GrpcConfigKeys$Server (ConfUtils.java:logGet(43)) - raft.grpc.server.port = 0 (default)
2019-10-09 23:58:50,544 [main] INFO  server.GrpcService (ConfUtils.java:logGet(43)) - raft.grpc.message.size.max = 33570816 (custom)
2019-10-09 23:58:50,544 [main] INFO  server.RaftServerConfigKeys (ConfUtils.java:logGet(43)) - raft.server.log.appender.buffer.byte-limit = 33554432 (custom)
2019-10-09 23:58:50,544 [main] INFO  server.GrpcService (ConfUtils.java:logGet(43)) - raft.grpc.flow.control.window = 1MB (=1048576) (default)
2019-10-09 23:58:50,544 [main] INFO  server.RaftServerConfigKeys (ConfUtils.java:logGet(43)) - raft.server.rpc.request.timeout = 3000ms (default)
2019-10-09 23:58:50,545 [main] INFO  server.RaftServerConfigKeys (ConfUtils.java:logGet(43)) - raft.server.storage.dir = [/workdir/hadoop-ozone/integration-test/target/test-dir/MiniOzoneClusterImpl-634ea9de-4d33-4471-86dd-709c178a0057/datanode-0/data/ratis] (custom)
2019-10-09 23:58:50,546 [main] INFO  hdfs.DFSUtil (DFSUtil.java:httpServerTemplateForNNAndJN(1641)) - Starting Web-server for hddsDatanode at: http://0.0.0.0:0
2019-10-09 23:58:50,547 [main] INFO  server.AuthenticationFilter (AuthenticationFilter.java:constructSecretProvider(240)) - Unable to initialize FileSignerSecretProvider, falling back to use random secrets.
2019-10-09 23:58:50,548 [main] WARN  http.HttpRequestLog (HttpRequestLog.java:getRequestLog(97)) - Jetty request log can only be enabled using Log4j
2019-10-09 23:58:50,549 [main] INFO  http.HttpServer2 (HttpServer2.java:addGlobalFilter(975)) - Added global filter 'safety' (class=org.apache.hadoop.http.HttpServer2$QuotingInputFilter)
2019-10-09 23:58:50,549 [main] INFO  http.HttpServer2 (HttpServer2.java:addFilter(948)) - Added filter static_user_filter (class=org.apache.hadoop.http.lib.StaticUserWebFilter$StaticUserFilter) to context hddsDatanode
2019-10-09 23:58:50,549 [main] INFO  http.HttpServer2 (HttpServer2.java:addFilter(958)) - Added filter static_user_filter (class=org.apache.hadoop.http.lib.StaticUserWebFilter$StaticUserFilter) to context logs
2019-10-09 23:58:50,549 [main] INFO  http.HttpServer2 (HttpServer2.java:addFilter(958)) - Added filter static_user_filter (class=org.apache.hadoop.http.lib.StaticUserWebFilter$StaticUserFilter) to context static
2019-10-09 23:58:50,550 [main] INFO  http.HttpServer2 (HttpServer2.java:bindListener(1191)) - Jetty bound to port 36713
2019-10-09 23:58:50,550 [main] INFO  server.Server (Server.java:doStart(351)) - jetty-9.3.25.v20180904, build timestamp: 2018-09-04T21:11:46Z, git hash: 3ce520221d0240229c862b122d2b06c12a625732
2019-10-09 23:58:50,552 [main] INFO  handler.ContextHandler (ContextHandler.java:doStart(781)) - Started o.e.j.s.ServletContextHandler@256bb5be{/logs,file:///workdir/hadoop-ozone/integration-test/target/log,AVAILABLE}
2019-10-09 23:58:50,552 [main] INFO  handler.ContextHandler (ContextHandler.java:doStart(781)) - Started o.e.j.s.ServletContextHandler@2e6d76ba{/static,jar:file:/home/user/.m2/repository/org/apache/hadoop/hadoop-hdds-container-service/0.5.0-SNAPSHOT/hadoop-hdds-container-service-0.5.0-SNAPSHOT.jar!/webapps/static,AVAILABLE}
2019-10-09 23:58:50,578 [main] INFO  handler.ContextHandler (ContextHandler.java:doStart(781)) - Started o.e.j.w.WebAppContext@6380e9e9{/,file:///tmp/jetty-0.0.0.0-36713-hddsDatanode-_-any-5325642866451407041.dir/webapp/,AVAILABLE}{/hddsDatanode}
2019-10-09 23:58:50,578 [main] INFO  server.AbstractConnector (AbstractConnector.java:doStart(278)) - Started ServerConnector@350da119{HTTP/1.1,[http/1.1]}{0.0.0.0:36713}
2019-10-09 23:58:50,581 [main] INFO  server.Server (Server.java:doStart(419)) - Started @230404ms
2019-10-09 23:58:50,581 [main] WARN  impl.MetricsSystemImpl (MetricsSystemImpl.java:register(276)) - Sink prometheus already exists!
2019-10-09 23:58:50,582 [main] INFO  server.BaseHttpServer (BaseHttpServer.java:updateConnectorAddress(215)) - HTTP server of HDDSDATANODE is listening at http://0.0.0.0:36713
2019-10-09 23:58:50,582 [main] INFO  impl.MetricsSystemImpl (MetricsSystemImpl.java:init(158)) - HddsDatanode metrics system started (again)
2019-10-09 23:58:50,601 [org.apache.hadoop.util.JvmPauseMonitor$Monitor@75a281c4] INFO  util.JvmPauseMonitor (JvmPauseMonitor.java:run(188)) - Starting JVM pause monitor
2019-10-09 23:58:50,603 [Datanode State Machine Thread - 0] INFO  datanode.InitDatanodeState (InitDatanodeState.java:persistContainerDatanodeDetails(140)) - DatanodeDetails is persisted to /workdir/hadoop-ozone/integration-test/target/test-dir/MiniOzoneClusterImpl-634ea9de-4d33-4471-86dd-709c178a0057/datanode-0/meta/datanode.id
2019-10-09 23:58:50,605 [main] INFO  ozone.HddsDatanodeService (HddsDatanodeService.java:start(184)) - HddsDatanodeService host:pr-hdds-1868-fg6nx-4263576025 ip:192.168.5.166
2019-10-09 23:58:50,615 [main] INFO  volume.HddsVolume (HddsVolume.java:<init>(176)) - Creating Volume: /workdir/hadoop-ozone/integration-test/target/test-dir/MiniOzoneClusterImpl-634ea9de-4d33-4471-86dd-709c178a0057/datanode-1/data/containers/hdds of  storage type : DISK and capacity : 1482555576320
2019-10-09 23:58:50,615 [main] INFO  volume.VolumeSet (VolumeSet.java:initializeVolumeSet(170)) - Added Volume : /workdir/hadoop-ozone/integration-test/target/test-dir/MiniOzoneClusterImpl-634ea9de-4d33-4471-86dd-709c178a0057/datanode-1/data/containers/hdds to VolumeSet
2019-10-09 23:58:50,615 [main] INFO  volume.ThrottledAsyncChecker (ThrottledAsyncChecker.java:schedule(141)) - Scheduling a check for org.apache.hadoop.ozone.container.common.volume.HddsVolume@16cb9989
2019-10-09 23:58:50,616 [main] INFO  volume.HddsVolumeChecker (HddsVolumeChecker.java:checkAllVolumes(204)) - Scheduled health check for volume org.apache.hadoop.ozone.container.common.volume.HddsVolume@16cb9989
2019-10-09 23:58:50,634 [main] INFO  impl.RaftServerProxy (ConfUtils.java:logGet(43)) - raft.rpc.type = GRPC (default)
2019-10-09 23:58:50,634 [main] INFO  grpc.GrpcFactory (GrpcFactory.java:checkPooledByteBufAllocatorUseCacheForAllThreads(45)) - PERFORMANCE WARNING: useCacheForAllThreads is true that may cause Netty to create a lot garbage objects and, as a result, trigger GC.
	It is recommended to disable useCacheForAllThreads by setting -Dorg.apache.ratis.thirdparty.io.netty.allocator.useCacheForAllThreads=false in command line.
2019-10-09 23:58:50,634 [main] INFO  grpc.GrpcConfigKeys$Server (ConfUtils.java:logGet(43)) - raft.grpc.server.port = 0 (default)
2019-10-09 23:58:50,634 [main] INFO  server.GrpcService (ConfUtils.java:logGet(43)) - raft.grpc.message.size.max = 33570816 (custom)
2019-10-09 23:58:50,634 [main] INFO  server.RaftServerConfigKeys (ConfUtils.java:logGet(43)) - raft.server.log.appender.buffer.byte-limit = 33554432 (custom)
2019-10-09 23:58:50,635 [main] INFO  server.GrpcService (ConfUtils.java:logGet(43)) - raft.grpc.flow.control.window = 1MB (=1048576) (default)
2019-10-09 23:58:50,635 [main] INFO  server.RaftServerConfigKeys (ConfUtils.java:logGet(43)) - raft.server.rpc.request.timeout = 3000ms (default)
2019-10-09 23:58:50,635 [main] INFO  server.RaftServerConfigKeys (ConfUtils.java:logGet(43)) - raft.server.storage.dir = [/workdir/hadoop-ozone/integration-test/target/test-dir/MiniOzoneClusterImpl-634ea9de-4d33-4471-86dd-709c178a0057/datanode-1/data/ratis] (custom)
2019-10-09 23:58:50,636 [main] INFO  hdfs.DFSUtil (DFSUtil.java:httpServerTemplateForNNAndJN(1641)) - Starting Web-server for hddsDatanode at: http://0.0.0.0:0
2019-10-09 23:58:50,638 [main] INFO  server.AuthenticationFilter (AuthenticationFilter.java:constructSecretProvider(240)) - Unable to initialize FileSignerSecretProvider, falling back to use random secrets.
2019-10-09 23:58:50,638 [main] WARN  http.HttpRequestLog (HttpRequestLog.java:getRequestLog(97)) - Jetty request log can only be enabled using Log4j
2019-10-09 23:58:50,639 [main] INFO  http.HttpServer2 (HttpServer2.java:addGlobalFilter(975)) - Added global filter 'safety' (class=org.apache.hadoop.http.HttpServer2$QuotingInputFilter)
2019-10-09 23:58:50,640 [main] INFO  http.HttpServer2 (HttpServer2.java:addFilter(948)) - Added filter static_user_filter (class=org.apache.hadoop.http.lib.StaticUserWebFilter$StaticUserFilter) to context hddsDatanode
2019-10-09 23:58:50,640 [main] INFO  http.HttpServer2 (HttpServer2.java:addFilter(958)) - Added filter static_user_filter (class=org.apache.hadoop.http.lib.StaticUserWebFilter$StaticUserFilter) to context logs
2019-10-09 23:58:50,640 [main] INFO  http.HttpServer2 (HttpServer2.java:addFilter(958)) - Added filter static_user_filter (class=org.apache.hadoop.http.lib.StaticUserWebFilter$StaticUserFilter) to context static
2019-10-09 23:58:50,641 [main] INFO  http.HttpServer2 (HttpServer2.java:bindListener(1191)) - Jetty bound to port 40754
2019-10-09 23:58:50,641 [main] INFO  server.Server (Server.java:doStart(351)) - jetty-9.3.25.v20180904, build timestamp: 2018-09-04T21:11:46Z, git hash: 3ce520221d0240229c862b122d2b06c12a625732
2019-10-09 23:58:50,645 [main] INFO  handler.ContextHandler (ContextHandler.java:doStart(781)) - Started o.e.j.s.ServletContextHandler@20349058{/logs,file:///workdir/hadoop-ozone/integration-test/target/log,AVAILABLE}
2019-10-09 23:58:50,646 [main] INFO  handler.ContextHandler (ContextHandler.java:doStart(781)) - Started o.e.j.s.ServletContextHandler@cdb3c85{/static,jar:file:/home/user/.m2/repository/org/apache/hadoop/hadoop-hdds-container-service/0.5.0-SNAPSHOT/hadoop-hdds-container-service-0.5.0-SNAPSHOT.jar!/webapps/static,AVAILABLE}
2019-10-09 23:58:50,693 [main] INFO  handler.ContextHandler (ContextHandler.java:doStart(781)) - Started o.e.j.w.WebAppContext@6d7ad0f5{/,file:///tmp/jetty-0.0.0.0-40754-hddsDatanode-_-any-2745979507057999448.dir/webapp/,AVAILABLE}{/hddsDatanode}
2019-10-09 23:58:50,694 [main] INFO  server.AbstractConnector (AbstractConnector.java:doStart(278)) - Started ServerConnector@30abf79c{HTTP/1.1,[http/1.1]}{0.0.0.0:40754}
2019-10-09 23:58:50,696 [main] INFO  server.Server (Server.java:doStart(419)) - Started @230518ms
2019-10-09 23:58:50,696 [main] WARN  impl.MetricsSystemImpl (MetricsSystemImpl.java:register(276)) - Sink prometheus already exists!
2019-10-09 23:58:50,697 [main] INFO  server.BaseHttpServer (BaseHttpServer.java:updateConnectorAddress(215)) - HTTP server of HDDSDATANODE is listening at http://0.0.0.0:40754
2019-10-09 23:58:50,697 [main] INFO  impl.MetricsSystemImpl (MetricsSystemImpl.java:init(158)) - HddsDatanode metrics system started (again)
2019-10-09 23:58:50,717 [org.apache.hadoop.util.JvmPauseMonitor$Monitor@42ba57f4] INFO  util.JvmPauseMonitor (JvmPauseMonitor.java:run(188)) - Starting JVM pause monitor
2019-10-09 23:58:50,718 [Datanode State Machine Thread - 0] INFO  datanode.InitDatanodeState (InitDatanodeState.java:persistContainerDatanodeDetails(140)) - DatanodeDetails is persisted to /workdir/hadoop-ozone/integration-test/target/test-dir/MiniOzoneClusterImpl-634ea9de-4d33-4471-86dd-709c178a0057/datanode-1/meta/datanode.id
2019-10-09 23:58:50,718 [main] INFO  ozone.HddsDatanodeService (HddsDatanodeService.java:start(184)) - HddsDatanodeService host:pr-hdds-1868-fg6nx-4263576025 ip:192.168.5.166
2019-10-09 23:58:50,726 [main] INFO  volume.HddsVolume (HddsVolume.java:<init>(176)) - Creating Volume: /workdir/hadoop-ozone/integration-test/target/test-dir/MiniOzoneClusterImpl-634ea9de-4d33-4471-86dd-709c178a0057/datanode-2/data/containers/hdds of  storage type : DISK and capacity : 1482555576320
2019-10-09 23:58:50,726 [main] INFO  volume.VolumeSet (VolumeSet.java:initializeVolumeSet(170)) - Added Volume : /workdir/hadoop-ozone/integration-test/target/test-dir/MiniOzoneClusterImpl-634ea9de-4d33-4471-86dd-709c178a0057/datanode-2/data/containers/hdds to VolumeSet
2019-10-09 23:58:50,726 [main] INFO  volume.ThrottledAsyncChecker (ThrottledAsyncChecker.java:schedule(141)) - Scheduling a check for org.apache.hadoop.ozone.container.common.volume.HddsVolume@6314df3c
2019-10-09 23:58:50,727 [main] INFO  volume.HddsVolumeChecker (HddsVolumeChecker.java:checkAllVolumes(204)) - Scheduled health check for volume org.apache.hadoop.ozone.container.common.volume.HddsVolume@6314df3c
2019-10-09 23:58:50,743 [main] INFO  impl.RaftServerProxy (ConfUtils.java:logGet(43)) - raft.rpc.type = GRPC (default)
2019-10-09 23:58:50,743 [main] INFO  grpc.GrpcFactory (GrpcFactory.java:checkPooledByteBufAllocatorUseCacheForAllThreads(45)) - PERFORMANCE WARNING: useCacheForAllThreads is true that may cause Netty to create a lot garbage objects and, as a result, trigger GC.
	It is recommended to disable useCacheForAllThreads by setting -Dorg.apache.ratis.thirdparty.io.netty.allocator.useCacheForAllThreads=false in command line.
2019-10-09 23:58:50,743 [main] INFO  grpc.GrpcConfigKeys$Server (ConfUtils.java:logGet(43)) - raft.grpc.server.port = 0 (default)
2019-10-09 23:58:50,743 [main] INFO  server.GrpcService (ConfUtils.java:logGet(43)) - raft.grpc.message.size.max = 33570816 (custom)
2019-10-09 23:58:50,743 [main] INFO  server.RaftServerConfigKeys (ConfUtils.java:logGet(43)) - raft.server.log.appender.buffer.byte-limit = 33554432 (custom)
2019-10-09 23:58:50,744 [main] INFO  server.GrpcService (ConfUtils.java:logGet(43)) - raft.grpc.flow.control.window = 1MB (=1048576) (default)
2019-10-09 23:58:50,744 [main] INFO  server.RaftServerConfigKeys (ConfUtils.java:logGet(43)) - raft.server.rpc.request.timeout = 3000ms (default)
2019-10-09 23:58:50,744 [main] INFO  server.RaftServerConfigKeys (ConfUtils.java:logGet(43)) - raft.server.storage.dir = [/workdir/hadoop-ozone/integration-test/target/test-dir/MiniOzoneClusterImpl-634ea9de-4d33-4471-86dd-709c178a0057/datanode-2/data/ratis] (custom)
2019-10-09 23:58:50,745 [main] INFO  hdfs.DFSUtil (DFSUtil.java:httpServerTemplateForNNAndJN(1641)) - Starting Web-server for hddsDatanode at: http://0.0.0.0:0
2019-10-09 23:58:50,746 [main] INFO  server.AuthenticationFilter (AuthenticationFilter.java:constructSecretProvider(240)) - Unable to initialize FileSignerSecretProvider, falling back to use random secrets.
2019-10-09 23:58:50,747 [main] WARN  http.HttpRequestLog (HttpRequestLog.java:getRequestLog(97)) - Jetty request log can only be enabled using Log4j
2019-10-09 23:58:50,748 [main] INFO  http.HttpServer2 (HttpServer2.java:addGlobalFilter(975)) - Added global filter 'safety' (class=org.apache.hadoop.http.HttpServer2$QuotingInputFilter)
2019-10-09 23:58:50,748 [main] INFO  http.HttpServer2 (HttpServer2.java:addFilter(948)) - Added filter static_user_filter (class=org.apache.hadoop.http.lib.StaticUserWebFilter$StaticUserFilter) to context hddsDatanode
2019-10-09 23:58:50,748 [main] INFO  http.HttpServer2 (HttpServer2.java:addFilter(958)) - Added filter static_user_filter (class=org.apache.hadoop.http.lib.StaticUserWebFilter$StaticUserFilter) to context static
2019-10-09 23:58:50,748 [main] INFO  http.HttpServer2 (HttpServer2.java:addFilter(958)) - Added filter static_user_filter (class=org.apache.hadoop.http.lib.StaticUserWebFilter$StaticUserFilter) to context logs
2019-10-09 23:58:50,749 [main] INFO  http.HttpServer2 (HttpServer2.java:bindListener(1191)) - Jetty bound to port 42928
2019-10-09 23:58:50,749 [main] INFO  server.Server (Server.java:doStart(351)) - jetty-9.3.25.v20180904, build timestamp: 2018-09-04T21:11:46Z, git hash: 3ce520221d0240229c862b122d2b06c12a625732
2019-10-09 23:58:50,750 [main] INFO  handler.ContextHandler (ContextHandler.java:doStart(781)) - Started o.e.j.s.ServletContextHandler@3f6cce7f{/logs,file:///workdir/hadoop-ozone/integration-test/target/log,AVAILABLE}
2019-10-09 23:58:50,751 [main] INFO  handler.ContextHandler (ContextHandler.java:doStart(781)) - Started o.e.j.s.ServletContextHandler@7b9088f2{/static,jar:file:/home/user/.m2/repository/org/apache/hadoop/hadoop-hdds-container-service/0.5.0-SNAPSHOT/hadoop-hdds-container-service-0.5.0-SNAPSHOT.jar!/webapps/static,AVAILABLE}
2019-10-09 23:58:50,776 [main] INFO  handler.ContextHandler (ContextHandler.java:doStart(781)) - Started o.e.j.w.WebAppContext@130cfc47{/,file:///tmp/jetty-0.0.0.0-42928-hddsDatanode-_-any-7255635204281218870.dir/webapp/,AVAILABLE}{/hddsDatanode}
2019-10-09 23:58:50,777 [main] INFO  server.AbstractConnector (AbstractConnector.java:doStart(278)) - Started ServerConnector@4eeab3e{HTTP/1.1,[http/1.1]}{0.0.0.0:42928}
2019-10-09 23:58:50,780 [main] INFO  server.Server (Server.java:doStart(419)) - Started @230603ms
2019-10-09 23:58:50,780 [main] WARN  impl.MetricsSystemImpl (MetricsSystemImpl.java:register(276)) - Sink prometheus already exists!
2019-10-09 23:58:50,781 [main] INFO  server.BaseHttpServer (BaseHttpServer.java:updateConnectorAddress(215)) - HTTP server of HDDSDATANODE is listening at http://0.0.0.0:42928
2019-10-09 23:58:50,781 [main] INFO  impl.MetricsSystemImpl (MetricsSystemImpl.java:init(158)) - HddsDatanode metrics system started (again)
2019-10-09 23:58:50,801 [org.apache.hadoop.util.JvmPauseMonitor$Monitor@7ef584e9] INFO  util.JvmPauseMonitor (JvmPauseMonitor.java:run(188)) - Starting JVM pause monitor
2019-10-09 23:58:50,802 [Datanode State Machine Thread - 0] INFO  datanode.InitDatanodeState (InitDatanodeState.java:persistContainerDatanodeDetails(140)) - DatanodeDetails is persisted to /workdir/hadoop-ozone/integration-test/target/test-dir/MiniOzoneClusterImpl-634ea9de-4d33-4471-86dd-709c178a0057/datanode-2/meta/datanode.id
2019-10-09 23:58:50,803 [main] INFO  ozone.HddsDatanodeService (HddsDatanodeService.java:start(184)) - HddsDatanodeService host:pr-hdds-1868-fg6nx-4263576025 ip:192.168.5.166
2019-10-09 23:58:50,814 [main] INFO  volume.HddsVolume (HddsVolume.java:<init>(176)) - Creating Volume: /workdir/hadoop-ozone/integration-test/target/test-dir/MiniOzoneClusterImpl-634ea9de-4d33-4471-86dd-709c178a0057/datanode-3/data/containers/hdds of  storage type : DISK and capacity : 1482555576320
2019-10-09 23:58:50,814 [main] INFO  volume.VolumeSet (VolumeSet.java:initializeVolumeSet(170)) - Added Volume : /workdir/hadoop-ozone/integration-test/target/test-dir/MiniOzoneClusterImpl-634ea9de-4d33-4471-86dd-709c178a0057/datanode-3/data/containers/hdds to VolumeSet
2019-10-09 23:58:50,815 [main] INFO  volume.ThrottledAsyncChecker (ThrottledAsyncChecker.java:schedule(141)) - Scheduling a check for org.apache.hadoop.ozone.container.common.volume.HddsVolume@7e3d2ebd
2019-10-09 23:58:50,815 [main] INFO  volume.HddsVolumeChecker (HddsVolumeChecker.java:checkAllVolumes(204)) - Scheduled health check for volume org.apache.hadoop.ozone.container.common.volume.HddsVolume@7e3d2ebd
2019-10-09 23:58:50,831 [main] INFO  impl.RaftServerProxy (ConfUtils.java:logGet(43)) - raft.rpc.type = GRPC (default)
2019-10-09 23:58:50,831 [main] INFO  grpc.GrpcFactory (GrpcFactory.java:checkPooledByteBufAllocatorUseCacheForAllThreads(45)) - PERFORMANCE WARNING: useCacheForAllThreads is true that may cause Netty to create a lot garbage objects and, as a result, trigger GC.
	It is recommended to disable useCacheForAllThreads by setting -Dorg.apache.ratis.thirdparty.io.netty.allocator.useCacheForAllThreads=false in command line.
2019-10-09 23:58:50,832 [main] INFO  grpc.GrpcConfigKeys$Server (ConfUtils.java:logGet(43)) - raft.grpc.server.port = 0 (default)
2019-10-09 23:58:50,832 [main] INFO  server.GrpcService (ConfUtils.java:logGet(43)) - raft.grpc.message.size.max = 33570816 (custom)
2019-10-09 23:58:50,832 [main] INFO  server.RaftServerConfigKeys (ConfUtils.java:logGet(43)) - raft.server.log.appender.buffer.byte-limit = 33554432 (custom)
2019-10-09 23:58:50,832 [main] INFO  server.GrpcService (ConfUtils.java:logGet(43)) - raft.grpc.flow.control.window = 1MB (=1048576) (default)
2019-10-09 23:58:50,832 [main] INFO  server.RaftServerConfigKeys (ConfUtils.java:logGet(43)) - raft.server.rpc.request.timeout = 3000ms (default)
2019-10-09 23:58:50,833 [main] INFO  server.RaftServerConfigKeys (ConfUtils.java:logGet(43)) - raft.server.storage.dir = [/workdir/hadoop-ozone/integration-test/target/test-dir/MiniOzoneClusterImpl-634ea9de-4d33-4471-86dd-709c178a0057/datanode-3/data/ratis] (custom)
2019-10-09 23:58:50,834 [main] INFO  hdfs.DFSUtil (DFSUtil.java:httpServerTemplateForNNAndJN(1641)) - Starting Web-server for hddsDatanode at: http://0.0.0.0:0
2019-10-09 23:58:50,835 [main] INFO  server.AuthenticationFilter (AuthenticationFilter.java:constructSecretProvider(240)) - Unable to initialize FileSignerSecretProvider, falling back to use random secrets.
2019-10-09 23:58:50,835 [main] WARN  http.HttpRequestLog (HttpRequestLog.java:getRequestLog(97)) - Jetty request log can only be enabled using Log4j
2019-10-09 23:58:50,837 [main] INFO  http.HttpServer2 (HttpServer2.java:addGlobalFilter(975)) - Added global filter 'safety' (class=org.apache.hadoop.http.HttpServer2$QuotingInputFilter)
2019-10-09 23:58:50,837 [main] INFO  http.HttpServer2 (HttpServer2.java:addFilter(948)) - Added filter static_user_filter (class=org.apache.hadoop.http.lib.StaticUserWebFilter$StaticUserFilter) to context hddsDatanode
2019-10-09 23:58:50,837 [main] INFO  http.HttpServer2 (HttpServer2.java:addFilter(958)) - Added filter static_user_filter (class=org.apache.hadoop.http.lib.StaticUserWebFilter$StaticUserFilter) to context static
2019-10-09 23:58:50,837 [main] INFO  http.HttpServer2 (HttpServer2.java:addFilter(958)) - Added filter static_user_filter (class=org.apache.hadoop.http.lib.StaticUserWebFilter$StaticUserFilter) to context logs
2019-10-09 23:58:50,838 [main] INFO  http.HttpServer2 (HttpServer2.java:bindListener(1191)) - Jetty bound to port 40248
2019-10-09 23:58:50,838 [main] INFO  server.Server (Server.java:doStart(351)) - jetty-9.3.25.v20180904, build timestamp: 2018-09-04T21:11:46Z, git hash: 3ce520221d0240229c862b122d2b06c12a625732
2019-10-09 23:58:50,840 [main] INFO  handler.ContextHandler (ContextHandler.java:doStart(781)) - Started o.e.j.s.ServletContextHandler@5ec9eefa{/logs,file:///workdir/hadoop-ozone/integration-test/target/log,AVAILABLE}
2019-10-09 23:58:50,840 [main] INFO  handler.ContextHandler (ContextHandler.java:doStart(781)) - Started o.e.j.s.ServletContextHandler@3b4ef59f{/static,jar:file:/home/user/.m2/repository/org/apache/hadoop/hadoop-hdds-container-service/0.5.0-SNAPSHOT/hadoop-hdds-container-service-0.5.0-SNAPSHOT.jar!/webapps/static,AVAILABLE}
2019-10-09 23:58:50,865 [main] INFO  handler.ContextHandler (ContextHandler.java:doStart(781)) - Started o.e.j.w.WebAppContext@4f664bee{/,file:///tmp/jetty-0.0.0.0-40248-hddsDatanode-_-any-4472178631302901101.dir/webapp/,AVAILABLE}{/hddsDatanode}
2019-10-09 23:58:50,866 [main] INFO  server.AbstractConnector (AbstractConnector.java:doStart(278)) - Started ServerConnector@76563ae7{HTTP/1.1,[http/1.1]}{0.0.0.0:40248}
2019-10-09 23:58:50,869 [main] INFO  server.Server (Server.java:doStart(419)) - Started @230692ms
2019-10-09 23:58:50,869 [main] WARN  impl.MetricsSystemImpl (MetricsSystemImpl.java:register(276)) - Sink prometheus already exists!
2019-10-09 23:58:50,870 [main] INFO  server.BaseHttpServer (BaseHttpServer.java:updateConnectorAddress(215)) - HTTP server of HDDSDATANODE is listening at http://0.0.0.0:40248
2019-10-09 23:58:50,870 [main] INFO  impl.MetricsSystemImpl (MetricsSystemImpl.java:init(158)) - HddsDatanode metrics system started (again)
2019-10-09 23:58:50,891 [org.apache.hadoop.util.JvmPauseMonitor$Monitor@d0fcf60] INFO  util.JvmPauseMonitor (JvmPauseMonitor.java:run(188)) - Starting JVM pause monitor
2019-10-09 23:58:50,893 [Datanode State Machine Thread - 0] INFO  datanode.InitDatanodeState (InitDatanodeState.java:persistContainerDatanodeDetails(140)) - DatanodeDetails is persisted to /workdir/hadoop-ozone/integration-test/target/test-dir/MiniOzoneClusterImpl-634ea9de-4d33-4471-86dd-709c178a0057/datanode-3/meta/datanode.id
2019-10-09 23:58:50,894 [main] INFO  ozone.HddsDatanodeService (HddsDatanodeService.java:start(184)) - HddsDatanodeService host:pr-hdds-1868-fg6nx-4263576025 ip:192.168.5.166
2019-10-09 23:58:50,903 [main] INFO  volume.HddsVolume (HddsVolume.java:<init>(176)) - Creating Volume: /workdir/hadoop-ozone/integration-test/target/test-dir/MiniOzoneClusterImpl-634ea9de-4d33-4471-86dd-709c178a0057/datanode-4/data/containers/hdds of  storage type : DISK and capacity : 1482555576320
2019-10-09 23:58:50,903 [main] INFO  volume.VolumeSet (VolumeSet.java:initializeVolumeSet(170)) - Added Volume : /workdir/hadoop-ozone/integration-test/target/test-dir/MiniOzoneClusterImpl-634ea9de-4d33-4471-86dd-709c178a0057/datanode-4/data/containers/hdds to VolumeSet
2019-10-09 23:58:50,903 [main] INFO  volume.ThrottledAsyncChecker (ThrottledAsyncChecker.java:schedule(141)) - Scheduling a check for org.apache.hadoop.ozone.container.common.volume.HddsVolume@682e422c
2019-10-09 23:58:50,904 [main] INFO  volume.HddsVolumeChecker (HddsVolumeChecker.java:checkAllVolumes(204)) - Scheduled health check for volume org.apache.hadoop.ozone.container.common.volume.HddsVolume@682e422c
2019-10-09 23:58:50,916 [main] INFO  impl.RaftServerProxy (ConfUtils.java:logGet(43)) - raft.rpc.type = GRPC (default)
2019-10-09 23:58:50,916 [main] INFO  grpc.GrpcFactory (GrpcFactory.java:checkPooledByteBufAllocatorUseCacheForAllThreads(45)) - PERFORMANCE WARNING: useCacheForAllThreads is true that may cause Netty to create a lot garbage objects and, as a result, trigger GC.
	It is recommended to disable useCacheForAllThreads by setting -Dorg.apache.ratis.thirdparty.io.netty.allocator.useCacheForAllThreads=false in command line.
2019-10-09 23:58:50,916 [main] INFO  grpc.GrpcConfigKeys$Server (ConfUtils.java:logGet(43)) - raft.grpc.server.port = 0 (default)
2019-10-09 23:58:50,916 [main] INFO  server.GrpcService (ConfUtils.java:logGet(43)) - raft.grpc.message.size.max = 33570816 (custom)
2019-10-09 23:58:50,917 [main] INFO  server.RaftServerConfigKeys (ConfUtils.java:logGet(43)) - raft.server.log.appender.buffer.byte-limit = 33554432 (custom)
2019-10-09 23:58:50,917 [main] INFO  server.GrpcService (ConfUtils.java:logGet(43)) - raft.grpc.flow.control.window = 1MB (=1048576) (default)
2019-10-09 23:58:50,917 [main] INFO  server.RaftServerConfigKeys (ConfUtils.java:logGet(43)) - raft.server.rpc.request.timeout = 3000ms (default)
2019-10-09 23:58:50,917 [main] INFO  server.RaftServerConfigKeys (ConfUtils.java:logGet(43)) - raft.server.storage.dir = [/workdir/hadoop-ozone/integration-test/target/test-dir/MiniOzoneClusterImpl-634ea9de-4d33-4471-86dd-709c178a0057/datanode-4/data/ratis] (custom)
2019-10-09 23:58:50,927 [main] INFO  hdfs.DFSUtil (DFSUtil.java:httpServerTemplateForNNAndJN(1641)) - Starting Web-server for hddsDatanode at: http://0.0.0.0:0
2019-10-09 23:58:50,928 [main] INFO  server.AuthenticationFilter (AuthenticationFilter.java:constructSecretProvider(240)) - Unable to initialize FileSignerSecretProvider, falling back to use random secrets.
2019-10-09 23:58:50,928 [main] WARN  http.HttpRequestLog (HttpRequestLog.java:getRequestLog(97)) - Jetty request log can only be enabled using Log4j
2019-10-09 23:58:50,930 [main] INFO  http.HttpServer2 (HttpServer2.java:addGlobalFilter(975)) - Added global filter 'safety' (class=org.apache.hadoop.http.HttpServer2$QuotingInputFilter)
2019-10-09 23:58:50,930 [main] INFO  http.HttpServer2 (HttpServer2.java:addFilter(948)) - Added filter static_user_filter (class=org.apache.hadoop.http.lib.StaticUserWebFilter$StaticUserFilter) to context hddsDatanode
2019-10-09 23:58:50,930 [main] INFO  http.HttpServer2 (HttpServer2.java:addFilter(958)) - Added filter static_user_filter (class=org.apache.hadoop.http.lib.StaticUserWebFilter$StaticUserFilter) to context static
2019-10-09 23:58:50,930 [main] INFO  http.HttpServer2 (HttpServer2.java:addFilter(958)) - Added filter static_user_filter (class=org.apache.hadoop.http.lib.StaticUserWebFilter$StaticUserFilter) to context logs
2019-10-09 23:58:50,931 [main] INFO  http.HttpServer2 (HttpServer2.java:bindListener(1191)) - Jetty bound to port 41791
2019-10-09 23:58:50,931 [main] INFO  server.Server (Server.java:doStart(351)) - jetty-9.3.25.v20180904, build timestamp: 2018-09-04T21:11:46Z, git hash: 3ce520221d0240229c862b122d2b06c12a625732
2019-10-09 23:58:50,933 [main] INFO  handler.ContextHandler (ContextHandler.java:doStart(781)) - Started o.e.j.s.ServletContextHandler@3dec3f87{/logs,file:///workdir/hadoop-ozone/integration-test/target/log,AVAILABLE}
2019-10-09 23:58:50,933 [main] INFO  handler.ContextHandler (ContextHandler.java:doStart(781)) - Started o.e.j.s.ServletContextHandler@5dbab232{/static,jar:file:/home/user/.m2/repository/org/apache/hadoop/hadoop-hdds-container-service/0.5.0-SNAPSHOT/hadoop-hdds-container-service-0.5.0-SNAPSHOT.jar!/webapps/static,AVAILABLE}
2019-10-09 23:58:50,957 [main] INFO  handler.ContextHandler (ContextHandler.java:doStart(781)) - Started o.e.j.w.WebAppContext@681e913c{/,file:///tmp/jetty-0.0.0.0-41791-hddsDatanode-_-any-4913114130023499816.dir/webapp/,AVAILABLE}{/hddsDatanode}
2019-10-09 23:58:50,958 [main] INFO  server.AbstractConnector (AbstractConnector.java:doStart(278)) - Started ServerConnector@29d070c7{HTTP/1.1,[http/1.1]}{0.0.0.0:41791}
2019-10-09 23:58:50,962 [main] INFO  server.Server (Server.java:doStart(419)) - Started @230785ms
2019-10-09 23:58:50,963 [main] WARN  impl.MetricsSystemImpl (MetricsSystemImpl.java:register(276)) - Sink prometheus already exists!
2019-10-09 23:58:50,963 [main] INFO  server.BaseHttpServer (BaseHttpServer.java:updateConnectorAddress(215)) - HTTP server of HDDSDATANODE is listening at http://0.0.0.0:41791
2019-10-09 23:58:50,964 [main] INFO  impl.MetricsSystemImpl (MetricsSystemImpl.java:init(158)) - HddsDatanode metrics system started (again)
2019-10-09 23:58:50,987 [org.apache.hadoop.util.JvmPauseMonitor$Monitor@5c271231] INFO  util.JvmPauseMonitor (JvmPauseMonitor.java:run(188)) - Starting JVM pause monitor
2019-10-09 23:58:50,988 [Datanode State Machine Thread - 0] INFO  datanode.InitDatanodeState (InitDatanodeState.java:persistContainerDatanodeDetails(140)) - DatanodeDetails is persisted to /workdir/hadoop-ozone/integration-test/target/test-dir/MiniOzoneClusterImpl-634ea9de-4d33-4471-86dd-709c178a0057/datanode-4/meta/datanode.id
2019-10-09 23:58:50,989 [main] INFO  ozone.HddsDatanodeService (HddsDatanodeService.java:start(184)) - HddsDatanodeService host:pr-hdds-1868-fg6nx-4263576025 ip:192.168.5.166
2019-10-09 23:58:50,999 [main] INFO  volume.HddsVolume (HddsVolume.java:<init>(176)) - Creating Volume: /workdir/hadoop-ozone/integration-test/target/test-dir/MiniOzoneClusterImpl-634ea9de-4d33-4471-86dd-709c178a0057/datanode-5/data/containers/hdds of  storage type : DISK and capacity : 1482555576320
2019-10-09 23:58:50,999 [main] INFO  volume.VolumeSet (VolumeSet.java:initializeVolumeSet(170)) - Added Volume : /workdir/hadoop-ozone/integration-test/target/test-dir/MiniOzoneClusterImpl-634ea9de-4d33-4471-86dd-709c178a0057/datanode-5/data/containers/hdds to VolumeSet
2019-10-09 23:58:50,999 [main] INFO  volume.ThrottledAsyncChecker (ThrottledAsyncChecker.java:schedule(141)) - Scheduling a check for org.apache.hadoop.ozone.container.common.volume.HddsVolume@6c4ce583
2019-10-09 23:58:51,000 [main] INFO  volume.HddsVolumeChecker (HddsVolumeChecker.java:checkAllVolumes(204)) - Scheduled health check for volume org.apache.hadoop.ozone.container.common.volume.HddsVolume@6c4ce583
2019-10-09 23:58:51,014 [main] INFO  impl.RaftServerProxy (ConfUtils.java:logGet(43)) - raft.rpc.type = GRPC (default)
2019-10-09 23:58:51,014 [main] INFO  grpc.GrpcFactory (GrpcFactory.java:checkPooledByteBufAllocatorUseCacheForAllThreads(45)) - PERFORMANCE WARNING: useCacheForAllThreads is true that may cause Netty to create a lot garbage objects and, as a result, trigger GC.
	It is recommended to disable useCacheForAllThreads by setting -Dorg.apache.ratis.thirdparty.io.netty.allocator.useCacheForAllThreads=false in command line.
2019-10-09 23:58:51,014 [main] INFO  grpc.GrpcConfigKeys$Server (ConfUtils.java:logGet(43)) - raft.grpc.server.port = 0 (default)
2019-10-09 23:58:51,014 [main] INFO  server.GrpcService (ConfUtils.java:logGet(43)) - raft.grpc.message.size.max = 33570816 (custom)
2019-10-09 23:58:51,014 [main] INFO  server.RaftServerConfigKeys (ConfUtils.java:logGet(43)) - raft.server.log.appender.buffer.byte-limit = 33554432 (custom)
2019-10-09 23:58:51,014 [main] INFO  server.GrpcService (ConfUtils.java:logGet(43)) - raft.grpc.flow.control.window = 1MB (=1048576) (default)
2019-10-09 23:58:51,015 [main] INFO  server.RaftServerConfigKeys (ConfUtils.java:logGet(43)) - raft.server.rpc.request.timeout = 3000ms (default)
2019-10-09 23:58:51,015 [main] INFO  server.RaftServerConfigKeys (ConfUtils.java:logGet(43)) - raft.server.storage.dir = [/workdir/hadoop-ozone/integration-test/target/test-dir/MiniOzoneClusterImpl-634ea9de-4d33-4471-86dd-709c178a0057/datanode-5/data/ratis] (custom)
2019-10-09 23:58:51,016 [main] INFO  hdfs.DFSUtil (DFSUtil.java:httpServerTemplateForNNAndJN(1641)) - Starting Web-server for hddsDatanode at: http://0.0.0.0:0
2019-10-09 23:58:51,017 [main] INFO  server.AuthenticationFilter (AuthenticationFilter.java:constructSecretProvider(240)) - Unable to initialize FileSignerSecretProvider, falling back to use random secrets.
2019-10-09 23:58:51,017 [main] WARN  http.HttpRequestLog (HttpRequestLog.java:getRequestLog(97)) - Jetty request log can only be enabled using Log4j
2019-10-09 23:58:51,019 [main] INFO  http.HttpServer2 (HttpServer2.java:addGlobalFilter(975)) - Added global filter 'safety' (class=org.apache.hadoop.http.HttpServer2$QuotingInputFilter)
2019-10-09 23:58:51,019 [main] INFO  http.HttpServer2 (HttpServer2.java:addFilter(948)) - Added filter static_user_filter (class=org.apache.hadoop.http.lib.StaticUserWebFilter$StaticUserFilter) to context hddsDatanode
2019-10-09 23:58:51,019 [main] INFO  http.HttpServer2 (HttpServer2.java:addFilter(958)) - Added filter static_user_filter (class=org.apache.hadoop.http.lib.StaticUserWebFilter$StaticUserFilter) to context logs
2019-10-09 23:58:51,019 [main] INFO  http.HttpServer2 (HttpServer2.java:addFilter(958)) - Added filter static_user_filter (class=org.apache.hadoop.http.lib.StaticUserWebFilter$StaticUserFilter) to context static
2019-10-09 23:58:51,020 [main] INFO  http.HttpServer2 (HttpServer2.java:bindListener(1191)) - Jetty bound to port 46236
2019-10-09 23:58:51,020 [main] INFO  server.Server (Server.java:doStart(351)) - jetty-9.3.25.v20180904, build timestamp: 2018-09-04T21:11:46Z, git hash: 3ce520221d0240229c862b122d2b06c12a625732
2019-10-09 23:58:51,021 [main] INFO  handler.ContextHandler (ContextHandler.java:doStart(781)) - Started o.e.j.s.ServletContextHandler@3a788fe0{/logs,file:///workdir/hadoop-ozone/integration-test/target/log,AVAILABLE}
2019-10-09 23:58:51,022 [main] INFO  handler.ContextHandler (ContextHandler.java:doStart(781)) - Started o.e.j.s.ServletContextHandler@1373e3ee{/static,jar:file:/home/user/.m2/repository/org/apache/hadoop/hadoop-hdds-container-service/0.5.0-SNAPSHOT/hadoop-hdds-container-service-0.5.0-SNAPSHOT.jar!/webapps/static,AVAILABLE}
2019-10-09 23:58:51,046 [main] INFO  handler.ContextHandler (ContextHandler.java:doStart(781)) - Started o.e.j.w.WebAppContext@51e8d066{/,file:///tmp/jetty-0.0.0.0-46236-hddsDatanode-_-any-2009717160213693317.dir/webapp/,AVAILABLE}{/hddsDatanode}
2019-10-09 23:58:51,047 [main] INFO  server.AbstractConnector (AbstractConnector.java:doStart(278)) - Started ServerConnector@5333f08f{HTTP/1.1,[http/1.1]}{0.0.0.0:46236}
2019-10-09 23:58:51,050 [main] INFO  server.Server (Server.java:doStart(419)) - Started @230872ms
2019-10-09 23:58:51,050 [main] WARN  impl.MetricsSystemImpl (MetricsSystemImpl.java:register(276)) - Sink prometheus already exists!
2019-10-09 23:58:51,050 [main] INFO  server.BaseHttpServer (BaseHttpServer.java:updateConnectorAddress(215)) - HTTP server of HDDSDATANODE is listening at http://0.0.0.0:46236
2019-10-09 23:58:51,051 [main] INFO  impl.MetricsSystemImpl (MetricsSystemImpl.java:init(158)) - HddsDatanode metrics system started (again)
2019-10-09 23:58:51,052 [org.apache.hadoop.util.JvmPauseMonitor$Monitor@3bffc88d] INFO  util.JvmPauseMonitor (JvmPauseMonitor.java:run(188)) - Starting JVM pause monitor
2019-10-09 23:58:51,075 [Datanode State Machine Thread - 0] INFO  datanode.InitDatanodeState (InitDatanodeState.java:persistContainerDatanodeDetails(140)) - DatanodeDetails is persisted to /workdir/hadoop-ozone/integration-test/target/test-dir/MiniOzoneClusterImpl-634ea9de-4d33-4471-86dd-709c178a0057/datanode-5/meta/datanode.id
2019-10-09 23:58:51,076 [main] INFO  ozone.HddsDatanodeService (HddsDatanodeService.java:start(184)) - HddsDatanodeService host:pr-hdds-1868-fg6nx-4263576025 ip:192.168.5.166
2019-10-09 23:58:51,084 [main] INFO  volume.HddsVolume (HddsVolume.java:<init>(176)) - Creating Volume: /workdir/hadoop-ozone/integration-test/target/test-dir/MiniOzoneClusterImpl-634ea9de-4d33-4471-86dd-709c178a0057/datanode-6/data/containers/hdds of  storage type : DISK and capacity : 1482555576320
2019-10-09 23:58:51,085 [main] INFO  volume.VolumeSet (VolumeSet.java:initializeVolumeSet(170)) - Added Volume : /workdir/hadoop-ozone/integration-test/target/test-dir/MiniOzoneClusterImpl-634ea9de-4d33-4471-86dd-709c178a0057/datanode-6/data/containers/hdds to VolumeSet
2019-10-09 23:58:51,085 [main] INFO  volume.ThrottledAsyncChecker (ThrottledAsyncChecker.java:schedule(141)) - Scheduling a check for org.apache.hadoop.ozone.container.common.volume.HddsVolume@57cabdc3
2019-10-09 23:58:51,086 [main] INFO  volume.HddsVolumeChecker (HddsVolumeChecker.java:checkAllVolumes(204)) - Scheduled health check for volume org.apache.hadoop.ozone.container.common.volume.HddsVolume@57cabdc3
2019-10-09 23:58:51,114 [main] INFO  impl.RaftServerProxy (ConfUtils.java:logGet(43)) - raft.rpc.type = GRPC (default)
2019-10-09 23:58:51,114 [main] INFO  grpc.GrpcFactory (GrpcFactory.java:checkPooledByteBufAllocatorUseCacheForAllThreads(45)) - PERFORMANCE WARNING: useCacheForAllThreads is true that may cause Netty to create a lot garbage objects and, as a result, trigger GC.
	It is recommended to disable useCacheForAllThreads by setting -Dorg.apache.ratis.thirdparty.io.netty.allocator.useCacheForAllThreads=false in command line.
2019-10-09 23:58:51,114 [main] INFO  grpc.GrpcConfigKeys$Server (ConfUtils.java:logGet(43)) - raft.grpc.server.port = 0 (default)
2019-10-09 23:58:51,115 [main] INFO  server.GrpcService (ConfUtils.java:logGet(43)) - raft.grpc.message.size.max = 33570816 (custom)
2019-10-09 23:58:51,115 [main] INFO  server.RaftServerConfigKeys (ConfUtils.java:logGet(43)) - raft.server.log.appender.buffer.byte-limit = 33554432 (custom)
2019-10-09 23:58:51,116 [main] INFO  server.GrpcService (ConfUtils.java:logGet(43)) - raft.grpc.flow.control.window = 1MB (=1048576) (default)
2019-10-09 23:58:51,116 [main] INFO  server.RaftServerConfigKeys (ConfUtils.java:logGet(43)) - raft.server.rpc.request.timeout = 3000ms (default)
2019-10-09 23:58:51,117 [main] INFO  server.RaftServerConfigKeys (ConfUtils.java:logGet(43)) - raft.server.storage.dir = [/workdir/hadoop-ozone/integration-test/target/test-dir/MiniOzoneClusterImpl-634ea9de-4d33-4471-86dd-709c178a0057/datanode-6/data/ratis] (custom)
2019-10-09 23:58:51,119 [main] INFO  hdfs.DFSUtil (DFSUtil.java:httpServerTemplateForNNAndJN(1641)) - Starting Web-server for hddsDatanode at: http://0.0.0.0:0
2019-10-09 23:58:51,120 [main] INFO  server.AuthenticationFilter (AuthenticationFilter.java:constructSecretProvider(240)) - Unable to initialize FileSignerSecretProvider, falling back to use random secrets.
2019-10-09 23:58:51,121 [main] WARN  http.HttpRequestLog (HttpRequestLog.java:getRequestLog(97)) - Jetty request log can only be enabled using Log4j
2019-10-09 23:58:51,123 [main] INFO  http.HttpServer2 (HttpServer2.java:addGlobalFilter(975)) - Added global filter 'safety' (class=org.apache.hadoop.http.HttpServer2$QuotingInputFilter)
2019-10-09 23:58:51,123 [main] INFO  http.HttpServer2 (HttpServer2.java:addFilter(948)) - Added filter static_user_filter (class=org.apache.hadoop.http.lib.StaticUserWebFilter$StaticUserFilter) to context hddsDatanode
2019-10-09 23:58:51,124 [main] INFO  http.HttpServer2 (HttpServer2.java:addFilter(958)) - Added filter static_user_filter (class=org.apache.hadoop.http.lib.StaticUserWebFilter$StaticUserFilter) to context logs
2019-10-09 23:58:51,124 [main] INFO  http.HttpServer2 (HttpServer2.java:addFilter(958)) - Added filter static_user_filter (class=org.apache.hadoop.http.lib.StaticUserWebFilter$StaticUserFilter) to context static
2019-10-09 23:58:51,124 [main] INFO  http.HttpServer2 (HttpServer2.java:bindListener(1191)) - Jetty bound to port 40733
2019-10-09 23:58:51,125 [main] INFO  server.Server (Server.java:doStart(351)) - jetty-9.3.25.v20180904, build timestamp: 2018-09-04T21:11:46Z, git hash: 3ce520221d0240229c862b122d2b06c12a625732
2019-10-09 23:58:51,127 [main] INFO  handler.ContextHandler (ContextHandler.java:doStart(781)) - Started o.e.j.s.ServletContextHandler@37d3e140{/logs,file:///workdir/hadoop-ozone/integration-test/target/log,AVAILABLE}
2019-10-09 23:58:51,127 [main] INFO  handler.ContextHandler (ContextHandler.java:doStart(781)) - Started o.e.j.s.ServletContextHandler@33eb0d4{/static,jar:file:/home/user/.m2/repository/org/apache/hadoop/hadoop-hdds-container-service/0.5.0-SNAPSHOT/hadoop-hdds-container-service-0.5.0-SNAPSHOT.jar!/webapps/static,AVAILABLE}
2019-10-09 23:58:51,169 [main] INFO  handler.ContextHandler (ContextHandler.java:doStart(781)) - Started o.e.j.w.WebAppContext@2d206a71{/,file:///tmp/jetty-0.0.0.0-40733-hddsDatanode-_-any-3989042426674011699.dir/webapp/,AVAILABLE}{/hddsDatanode}
2019-10-09 23:58:51,170 [main] INFO  server.AbstractConnector (AbstractConnector.java:doStart(278)) - Started ServerConnector@37e7c4cc{HTTP/1.1,[http/1.1]}{0.0.0.0:40733}
2019-10-09 23:58:51,174 [main] INFO  server.Server (Server.java:doStart(419)) - Started @230997ms
2019-10-09 23:58:51,174 [main] WARN  impl.MetricsSystemImpl (MetricsSystemImpl.java:register(276)) - Sink prometheus already exists!
2019-10-09 23:58:51,175 [main] INFO  server.BaseHttpServer (BaseHttpServer.java:updateConnectorAddress(215)) - HTTP server of HDDSDATANODE is listening at http://0.0.0.0:40733
2019-10-09 23:58:51,176 [main] INFO  ozone.MiniOzoneClusterImpl (MiniOzoneClusterImpl.java:lambda$waitForClusterToBeReady$2(172)) - Waiting for cluster to be ready. Got 0 of 7 DN Heartbeats.
2019-10-09 23:58:51,179 [org.apache.hadoop.util.JvmPauseMonitor$Monitor@4950a18] INFO  util.JvmPauseMonitor (JvmPauseMonitor.java:run(188)) - Starting JVM pause monitor
2019-10-09 23:58:51,181 [Datanode State Machine Thread - 0] INFO  datanode.InitDatanodeState (InitDatanodeState.java:persistContainerDatanodeDetails(140)) - DatanodeDetails is persisted to /workdir/hadoop-ozone/integration-test/target/test-dir/MiniOzoneClusterImpl-634ea9de-4d33-4471-86dd-709c178a0057/datanode-6/meta/datanode.id
2019-10-09 23:58:52,176 [main] INFO  ozone.MiniOzoneClusterImpl (MiniOzoneClusterImpl.java:lambda$waitForClusterToBeReady$2(172)) - Waiting for cluster to be ready. Got 0 of 7 DN Heartbeats.
2019-10-09 23:58:52,662 [Datanode State Machine Thread - 0] INFO  ozoneimpl.OzoneContainer (OzoneContainer.java:start(213)) - Attempting to start container services.
2019-10-09 23:58:52,663 [Datanode State Machine Thread - 0] INFO  ozoneimpl.OzoneContainer (OzoneContainer.java:startContainerScrub(177)) - Background container scanner has been disabled.
2019-10-09 23:58:52,663 [Datanode State Machine Thread - 0] INFO  ratis.XceiverServerRatis (XceiverServerRatis.java:start(425)) - Starting XceiverServerRatis c9bf6877-9cff-4b98-8a8e-7003cb757ecd at port 0
2019-10-09 23:58:52,673 [Datanode State Machine Thread - 0] INFO  impl.RaftServerProxy (RaftServerProxy.java:lambda$start$3(299)) - c9bf6877-9cff-4b98-8a8e-7003cb757ecd: start RPC server
2019-10-09 23:58:52,700 [Datanode State Machine Thread - 0] INFO  server.GrpcService (GrpcService.java:startImpl(158)) - c9bf6877-9cff-4b98-8a8e-7003cb757ecd: GrpcService started, listening on 0.0.0.0/0.0.0.0:44297
2019-10-09 23:58:52,700 [Datanode State Machine Thread - 0] INFO  ratis.XceiverServerRatis (XceiverServerRatis.java:start(435)) - XceiverServerRatis c9bf6877-9cff-4b98-8a8e-7003cb757ecd is started using port 44297
2019-10-09 23:58:52,701 [Datanode State Machine Thread - 0] INFO  server.XceiverServerGrpc (XceiverServerGrpc.java:start(149)) - XceiverServerGrpc c9bf6877-9cff-4b98-8a8e-7003cb757ecd is started using port 39113
2019-10-09 23:58:52,710 [grpc-default-executor-4] WARN  server.GrpcLogAppender (LogUtils.java:warn(134)) - e0a2bbc5-e1f3-429a-8b57-8ad53d3fcfcf@group-C934F1EEB7D0->d1b2fdb4-2a3c-478d-9f55-2a69fc770f7f-AppendLogResponseHandler: Failed appendEntries: org.apache.ratis.thirdparty.io.grpc.StatusRuntimeException: UNAVAILABLE: io exception
2019-10-09 23:58:52,710 [grpc-default-executor-4] INFO  impl.FollowerInfo (FollowerInfo.java:lambda$new$0(51)) - e0a2bbc5-e1f3-429a-8b57-8ad53d3fcfcf@group-C934F1EEB7D0->d1b2fdb4-2a3c-478d-9f55-2a69fc770f7f: nextIndex: updateUnconditionally 0 -> 0
2019-10-09 23:58:52,717 [grpc-default-executor-4] WARN  server.GrpcLogAppender (LogUtils.java:warn(134)) - e0a2bbc5-e1f3-429a-8b57-8ad53d3fcfcf@group-C934F1EEB7D0->7efd9bf7-a6c0-4f93-9bd9-a1d7634c727c-AppendLogResponseHandler: Failed appendEntries: org.apache.ratis.thirdparty.io.grpc.StatusRuntimeException: UNAVAILABLE: io exception
2019-10-09 23:58:52,717 [grpc-default-executor-4] INFO  impl.FollowerInfo (FollowerInfo.java:lambda$new$0(51)) - e0a2bbc5-e1f3-429a-8b57-8ad53d3fcfcf@group-C934F1EEB7D0->7efd9bf7-a6c0-4f93-9bd9-a1d7634c727c: nextIndex: updateUnconditionally 0 -> 0
2019-10-09 23:58:52,735 [Datanode State Machine Thread - 0] INFO  ozoneimpl.OzoneContainer (OzoneContainer.java:start(213)) - Attempting to start container services.
2019-10-09 23:58:52,735 [Datanode State Machine Thread - 0] INFO  ozoneimpl.OzoneContainer (OzoneContainer.java:startContainerScrub(177)) - Background container scanner has been disabled.
2019-10-09 23:58:52,735 [Datanode State Machine Thread - 0] INFO  ratis.XceiverServerRatis (XceiverServerRatis.java:start(425)) - Starting XceiverServerRatis 54603264-c264-4f50-88b1-da12adb68219 at port 0
2019-10-09 23:58:52,741 [Datanode State Machine Thread - 0] INFO  impl.RaftServerProxy (RaftServerProxy.java:lambda$start$3(299)) - 54603264-c264-4f50-88b1-da12adb68219: start RPC server
2019-10-09 23:58:52,744 [Datanode State Machine Thread - 0] INFO  server.GrpcService (GrpcService.java:startImpl(158)) - 54603264-c264-4f50-88b1-da12adb68219: GrpcService started, listening on 0.0.0.0/0.0.0.0:35382
2019-10-09 23:58:52,744 [Datanode State Machine Thread - 0] INFO  ratis.XceiverServerRatis (XceiverServerRatis.java:start(435)) - XceiverServerRatis 54603264-c264-4f50-88b1-da12adb68219 is started using port 35382
2019-10-09 23:58:52,744 [Datanode State Machine Thread - 0] INFO  server.XceiverServerGrpc (XceiverServerGrpc.java:start(149)) - XceiverServerGrpc 54603264-c264-4f50-88b1-da12adb68219 is started using port 40529
2019-10-09 23:58:52,818 [Datanode State Machine Thread - 0] INFO  ozoneimpl.OzoneContainer (OzoneContainer.java:start(213)) - Attempting to start container services.
2019-10-09 23:58:52,818 [Datanode State Machine Thread - 0] INFO  ozoneimpl.OzoneContainer (OzoneContainer.java:startContainerScrub(177)) - Background container scanner has been disabled.
2019-10-09 23:58:52,818 [Datanode State Machine Thread - 0] INFO  ratis.XceiverServerRatis (XceiverServerRatis.java:start(425)) - Starting XceiverServerRatis 46c62e6e-4505-4efd-852b-69b3876e4d77 at port 0
2019-10-09 23:58:52,824 [Datanode State Machine Thread - 0] INFO  impl.RaftServerProxy (RaftServerProxy.java:lambda$start$3(299)) - 46c62e6e-4505-4efd-852b-69b3876e4d77: start RPC server
2019-10-09 23:58:52,825 [Datanode State Machine Thread - 0] INFO  server.GrpcService (GrpcService.java:startImpl(158)) - 46c62e6e-4505-4efd-852b-69b3876e4d77: GrpcService started, listening on 0.0.0.0/0.0.0.0:39995
2019-10-09 23:58:52,825 [Datanode State Machine Thread - 0] INFO  ratis.XceiverServerRatis (XceiverServerRatis.java:start(435)) - XceiverServerRatis 46c62e6e-4505-4efd-852b-69b3876e4d77 is started using port 39995
2019-10-09 23:58:52,826 [Datanode State Machine Thread - 0] INFO  server.XceiverServerGrpc (XceiverServerGrpc.java:start(149)) - XceiverServerGrpc 46c62e6e-4505-4efd-852b-69b3876e4d77 is started using port 43411
2019-10-09 23:58:52,906 [Datanode State Machine Thread - 0] INFO  ozoneimpl.OzoneContainer (OzoneContainer.java:start(213)) - Attempting to start container services.
2019-10-09 23:58:52,906 [Datanode State Machine Thread - 0] INFO  ozoneimpl.OzoneContainer (OzoneContainer.java:startContainerScrub(177)) - Background container scanner has been disabled.
2019-10-09 23:58:52,906 [Datanode State Machine Thread - 0] INFO  ratis.XceiverServerRatis (XceiverServerRatis.java:start(425)) - Starting XceiverServerRatis 5271065f-f953-4651-8fe1-c188370d49d9 at port 0
2019-10-09 23:58:52,913 [Datanode State Machine Thread - 0] INFO  impl.RaftServerProxy (RaftServerProxy.java:lambda$start$3(299)) - 5271065f-f953-4651-8fe1-c188370d49d9: start RPC server
2019-10-09 23:58:52,914 [Datanode State Machine Thread - 0] INFO  server.GrpcService (GrpcService.java:startImpl(158)) - 5271065f-f953-4651-8fe1-c188370d49d9: GrpcService started, listening on 0.0.0.0/0.0.0.0:41788
2019-10-09 23:58:52,914 [Datanode State Machine Thread - 0] INFO  ratis.XceiverServerRatis (XceiverServerRatis.java:start(435)) - XceiverServerRatis 5271065f-f953-4651-8fe1-c188370d49d9 is started using port 41788
2019-10-09 23:58:52,915 [Datanode State Machine Thread - 0] INFO  server.XceiverServerGrpc (XceiverServerGrpc.java:start(149)) - XceiverServerGrpc 5271065f-f953-4651-8fe1-c188370d49d9 is started using port 39355
2019-10-09 23:58:53,002 [Datanode State Machine Thread - 0] INFO  ozoneimpl.OzoneContainer (OzoneContainer.java:start(213)) - Attempting to start container services.
2019-10-09 23:58:53,002 [Datanode State Machine Thread - 0] INFO  ozoneimpl.OzoneContainer (OzoneContainer.java:startContainerScrub(177)) - Background container scanner has been disabled.
2019-10-09 23:58:53,002 [Datanode State Machine Thread - 0] INFO  ratis.XceiverServerRatis (XceiverServerRatis.java:start(425)) - Starting XceiverServerRatis cecef735-5786-42df-85c6-70e235beb44e at port 0
2019-10-09 23:58:53,007 [Datanode State Machine Thread - 0] INFO  impl.RaftServerProxy (RaftServerProxy.java:lambda$start$3(299)) - cecef735-5786-42df-85c6-70e235beb44e: start RPC server
2019-10-09 23:58:53,008 [Datanode State Machine Thread - 0] INFO  server.GrpcService (GrpcService.java:startImpl(158)) - cecef735-5786-42df-85c6-70e235beb44e: GrpcService started, listening on 0.0.0.0/0.0.0.0:38484
2019-10-09 23:58:53,008 [Datanode State Machine Thread - 0] INFO  ratis.XceiverServerRatis (XceiverServerRatis.java:start(435)) - XceiverServerRatis cecef735-5786-42df-85c6-70e235beb44e is started using port 38484
2019-10-09 23:58:53,009 [Datanode State Machine Thread - 0] INFO  server.XceiverServerGrpc (XceiverServerGrpc.java:start(149)) - XceiverServerGrpc cecef735-5786-42df-85c6-70e235beb44e is started using port 35137
2019-10-09 23:58:53,065 [Datanode State Machine Thread - 0] INFO  ozoneimpl.OzoneContainer (OzoneContainer.java:start(213)) - Attempting to start container services.
2019-10-09 23:58:53,066 [Datanode State Machine Thread - 0] INFO  ozoneimpl.OzoneContainer (OzoneContainer.java:startContainerScrub(177)) - Background container scanner has been disabled.
2019-10-09 23:58:53,066 [Datanode State Machine Thread - 0] INFO  ratis.XceiverServerRatis (XceiverServerRatis.java:start(425)) - Starting XceiverServerRatis e93d3519-60bf-4589-bc84-68859d642e36 at port 0
2019-10-09 23:58:53,072 [Datanode State Machine Thread - 0] INFO  impl.RaftServerProxy (RaftServerProxy.java:lambda$start$3(299)) - e93d3519-60bf-4589-bc84-68859d642e36: start RPC server
2019-10-09 23:58:53,077 [Datanode State Machine Thread - 0] INFO  server.GrpcService (GrpcService.java:startImpl(158)) - e93d3519-60bf-4589-bc84-68859d642e36: GrpcService started, listening on 0.0.0.0/0.0.0.0:45035
2019-10-09 23:58:53,077 [Datanode State Machine Thread - 0] INFO  ratis.XceiverServerRatis (XceiverServerRatis.java:start(435)) - XceiverServerRatis e93d3519-60bf-4589-bc84-68859d642e36 is started using port 45035
2019-10-09 23:58:53,078 [Datanode State Machine Thread - 0] INFO  server.XceiverServerGrpc (XceiverServerGrpc.java:start(149)) - XceiverServerGrpc e93d3519-60bf-4589-bc84-68859d642e36 is started using port 44505
2019-10-09 23:58:53,177 [main] INFO  ozone.MiniOzoneClusterImpl (MiniOzoneClusterImpl.java:lambda$waitForClusterToBeReady$2(172)) - Waiting for cluster to be ready. Got 0 of 7 DN Heartbeats.
2019-10-09 23:58:53,192 [Datanode State Machine Thread - 0] INFO  ozoneimpl.OzoneContainer (OzoneContainer.java:start(213)) - Attempting to start container services.
2019-10-09 23:58:53,192 [Datanode State Machine Thread - 0] INFO  ozoneimpl.OzoneContainer (OzoneContainer.java:startContainerScrub(177)) - Background container scanner has been disabled.
2019-10-09 23:58:53,192 [Datanode State Machine Thread - 0] INFO  ratis.XceiverServerRatis (XceiverServerRatis.java:start(425)) - Starting XceiverServerRatis f64468a6-af5b-492a-a370-4bb1c9b61e1a at port 0
2019-10-09 23:58:53,199 [Datanode State Machine Thread - 0] INFO  impl.RaftServerProxy (RaftServerProxy.java:lambda$start$3(299)) - f64468a6-af5b-492a-a370-4bb1c9b61e1a: start RPC server
2019-10-09 23:58:53,200 [Datanode State Machine Thread - 0] INFO  server.GrpcService (GrpcService.java:startImpl(158)) - f64468a6-af5b-492a-a370-4bb1c9b61e1a: GrpcService started, listening on 0.0.0.0/0.0.0.0:34418
2019-10-09 23:58:53,200 [Datanode State Machine Thread - 0] INFO  ratis.XceiverServerRatis (XceiverServerRatis.java:start(435)) - XceiverServerRatis f64468a6-af5b-492a-a370-4bb1c9b61e1a is started using port 34418
2019-10-09 23:58:53,206 [Datanode State Machine Thread - 0] INFO  server.XceiverServerGrpc (XceiverServerGrpc.java:start(149)) - XceiverServerGrpc f64468a6-af5b-492a-a370-4bb1c9b61e1a is started using port 42580
2019-10-09 23:58:54,178 [main] INFO  ozone.MiniOzoneClusterImpl (MiniOzoneClusterImpl.java:lambda$waitForClusterToBeReady$2(172)) - Waiting for cluster to be ready. Got 0 of 7 DN Heartbeats.
2019-10-09 23:58:54,611 [IPC Server handler 3 on 40198] INFO  net.NetworkTopology (NetworkTopologyImpl.java:add(111)) - Added a new node: /default-rack/c9bf6877-9cff-4b98-8a8e-7003cb757ecd
2019-10-09 23:58:54,616 [IPC Server handler 3 on 40198] INFO  node.SCMNodeManager (SCMNodeManager.java:register(268)) - Registered Data node : c9bf6877-9cff-4b98-8a8e-7003cb757ecd{ip: 192.168.5.166, host: pr-hdds-1868-fg6nx-4263576025, networkLocation: /default-rack, certSerialId: null}
2019-10-09 23:58:54,617 [EventQueue-NodeRegistrationContainerReportForDataNodeSafeModeRule] INFO  safemode.SCMSafeModeManager (DataNodeSafeModeRule.java:process(71)) - SCM in safe mode. 1 DataNodes registered, 1 required.
2019-10-09 23:58:54,621 [EventQueue-NodeRegistrationContainerReportForDataNodeSafeModeRule] INFO  safemode.SCMSafeModeManager (SCMSafeModeManager.java:validateSafeModeExitRules(177)) - ScmSafeModeManager, all rules are successfully validated
2019-10-09 23:58:54,621 [EventQueue-NodeRegistrationContainerReportForDataNodeSafeModeRule] INFO  safemode.SCMSafeModeManager (SCMSafeModeManager.java:exitSafeMode(193)) - SCM exiting safe mode.
2019-10-09 23:58:54,634 [grpc-default-executor-4] INFO  impl.RaftServerProxy (RaftServerProxy.java:addNew(89)) - c9bf6877-9cff-4b98-8a8e-7003cb757ecd: addNew group-A2B51927CF82:[c9bf6877-9cff-4b98-8a8e-7003cb757ecd:192.168.5.166:44297] returns group-A2B51927CF82:java.util.concurrent.CompletableFuture@1ae94b87[Not completed]
2019-10-09 23:58:54,639 [pool-383-thread-1] INFO  impl.RaftServerImpl (RaftServerImpl.java:<init>(95)) - c9bf6877-9cff-4b98-8a8e-7003cb757ecd: new RaftServerImpl for group-A2B51927CF82:[c9bf6877-9cff-4b98-8a8e-7003cb757ecd:192.168.5.166:44297] with ContainerStateMachine:uninitialized
2019-10-09 23:58:54,640 [pool-383-thread-1] INFO  server.RaftServerConfigKeys (ConfUtils.java:logGet(43)) - raft.server.rpc.timeout.min = 5s (custom)
2019-10-09 23:58:54,640 [pool-383-thread-1] INFO  server.RaftServerConfigKeys (ConfUtils.java:logGet(43)) - raft.server.rpc.timeout.max = 5200ms (custom)
2019-10-09 23:58:54,640 [pool-383-thread-1] INFO  server.RaftServerConfigKeys (ConfUtils.java:logGet(43)) - raft.server.rpcslowness.timeout = 120s (custom)
2019-10-09 23:58:54,640 [pool-383-thread-1] INFO  server.RaftServerConfigKeys (ConfUtils.java:logGet(43)) - raft.server.sleep.deviation.threshold = 300 (default)
2019-10-09 23:58:54,640 [pool-383-thread-1] INFO  server.RaftServerConfigKeys (ConfUtils.java:logGet(43)) - raft.server.log.appender.install.snapshot.enabled = false (custom)
2019-10-09 23:58:54,641 [pool-383-thread-1] INFO  impl.RaftServerImpl (ServerState.java:<init>(103)) - c9bf6877-9cff-4b98-8a8e-7003cb757ecd@group-A2B51927CF82: ConfigurationManager, init=-1: [c9bf6877-9cff-4b98-8a8e-7003cb757ecd:192.168.5.166:44297], old=null, confs=<EMPTY_MAP>
2019-10-09 23:58:54,641 [pool-383-thread-1] INFO  server.RaftServerConfigKeys (ConfUtils.java:logGet(43)) - raft.server.storage.dir = [/workdir/hadoop-ozone/integration-test/target/test-dir/MiniOzoneClusterImpl-634ea9de-4d33-4471-86dd-709c178a0057/datanode-0/data/ratis] (custom)
2019-10-09 23:58:54,642 [pool-383-thread-1] INFO  server.RaftServerConfigKeys (ConfUtils.java:logGet(43)) - raft.server.log.corruption.policy = EXCEPTION (default)
2019-10-09 23:58:54,642 [pool-383-thread-1] INFO  storage.RaftStorageDirectory (RaftStorageDirectory.java:analyzeStorage(246)) - The storage directory /workdir/hadoop-ozone/integration-test/target/test-dir/MiniOzoneClusterImpl-634ea9de-4d33-4471-86dd-709c178a0057/datanode-0/data/ratis/42334a1f-8961-4afd-8db5-a2b51927cf82 does not exist. Creating ...
2019-10-09 23:58:54,656 [pool-383-thread-1] INFO  storage.RaftStorageDirectory (RaftStorageDirectory.java:tryLock(328)) - Lock on /workdir/hadoop-ozone/integration-test/target/test-dir/MiniOzoneClusterImpl-634ea9de-4d33-4471-86dd-709c178a0057/datanode-0/data/ratis/42334a1f-8961-4afd-8db5-a2b51927cf82/in_use.lock acquired by nodename 25084@pr-hdds-1868-fg6nx-4263576025
2019-10-09 23:58:54,669 [pool-383-thread-1] INFO  storage.RaftStorage (RaftStorage.java:format(84)) - Storage directory /workdir/hadoop-ozone/integration-test/target/test-dir/MiniOzoneClusterImpl-634ea9de-4d33-4471-86dd-709c178a0057/datanode-0/data/ratis/42334a1f-8961-4afd-8db5-a2b51927cf82 has been successfully formatted.
2019-10-09 23:58:54,670 [pool-383-thread-1] INFO  ratis.ContainerStateMachine (ContainerStateMachine.java:loadSnapshot(233)) - group-A2B51927CF82: The snapshot info is null. Setting the last applied indexto:(t:0, i:~)
2019-10-09 23:58:54,670 [pool-383-thread-1] INFO  server.RaftServerConfigKeys (ConfUtils.java:logGet(43)) - raft.server.notification.no-leader.timeout = 120s (custom)
2019-10-09 23:58:54,670 [pool-383-thread-1] INFO  server.RaftServerConfigKeys (ConfUtils.java:logGet(43)) - raft.server.log.use.memory = false (default)
2019-10-09 23:58:54,670 [pool-383-thread-1] INFO  server.RaftServerConfigKeys (ConfUtils.java:logGet(43)) - raft.server.log.purge.gap = 1000000 (custom)
2019-10-09 23:58:54,671 [pool-383-thread-1] INFO  server.RaftServerConfigKeys (ConfUtils.java:logGet(43)) - raft.server.log.appender.buffer.byte-limit = 33554432 (custom)
2019-10-09 23:58:54,671 [pool-383-thread-1] INFO  server.RaftServerConfigKeys (ConfUtils.java:logGet(43)) - raft.server.log.segment.size.max = 1048576 (custom)
2019-10-09 23:58:54,674 [pool-383-thread-1] INFO  server.RaftServerConfigKeys (ConfUtils.java:logGet(43)) - raft.server.log.segment.cache.num.max = 2 (custom)
2019-10-09 23:58:54,674 [pool-383-thread-1] INFO  segmented.SegmentedRaftLogWorker (SegmentedRaftLogWorker.java:<init>(173)) - new c9bf6877-9cff-4b98-8a8e-7003cb757ecd@group-A2B51927CF82-SegmentedRaftLogWorker for RaftStorage:Storage Directory /workdir/hadoop-ozone/integration-test/target/test-dir/MiniOzoneClusterImpl-634ea9de-4d33-4471-86dd-709c178a0057/datanode-0/data/ratis/42334a1f-8961-4afd-8db5-a2b51927cf82
2019-10-09 23:58:54,674 [pool-383-thread-1] INFO  server.RaftServerConfigKeys (ConfUtils.java:logGet(43)) - raft.server.log.queue.byte-limit = 2147483647 (custom)
2019-10-09 23:58:54,674 [pool-383-thread-1] INFO  server.RaftServerConfigKeys (ConfUtils.java:logGet(43)) - raft.server.log.queue.element-limit = 1024 (custom)
2019-10-09 23:58:54,674 [pool-383-thread-1] INFO  server.RaftServerConfigKeys (ConfUtils.java:logGet(43)) - raft.server.log.segment.size.max = 1048576 (custom)
2019-10-09 23:58:54,674 [pool-383-thread-1] INFO  server.RaftServerConfigKeys (ConfUtils.java:logGet(43)) - raft.server.log.preallocated.size = 16384 (custom)
2019-10-09 23:58:54,674 [pool-383-thread-1] INFO  server.RaftServerConfigKeys (ConfUtils.java:logGet(43)) - raft.server.log.write.buffer.size = 33554432 (custom)
2019-10-09 23:58:54,675 [pool-383-thread-1] INFO  server.RaftServerConfigKeys (ConfUtils.java:logGet(43)) - raft.server.log.force.sync.num = 128 (default)
2019-10-09 23:58:54,675 [pool-383-thread-1] INFO  server.RaftServerConfigKeys (ConfUtils.java:logGet(43)) - raft.server.log.statemachine.data.sync = true (default)
2019-10-09 23:58:54,675 [pool-383-thread-1] INFO  server.RaftServerConfigKeys (ConfUtils.java:logGet(43)) - raft.server.log.statemachine.data.sync.timeout = 10s (default)
2019-10-09 23:58:54,675 [pool-383-thread-1] INFO  server.RaftServerConfigKeys (ConfUtils.java:logGet(43)) - raft.server.log.statemachine.data.sync.timeout.retry = -1 (default)
2019-10-09 23:58:54,676 [pool-383-thread-1] INFO  server.RaftServerConfigKeys (ConfUtils.java:logGet(43)) - raft.server.log.statemachine.data.caching.enabled = true (custom)
2019-10-09 23:58:54,676 [pool-383-thread-1] INFO  segmented.SegmentedRaftLogWorker (SegmentedRaftLogWorker.java:lambda$new$0(128)) - c9bf6877-9cff-4b98-8a8e-7003cb757ecd@group-A2B51927CF82-SegmentedRaftLogWorker: flushIndex: setUnconditionally 0 -> -1
2019-10-09 23:58:54,676 [pool-383-thread-1] INFO  server.RaftServerConfigKeys (ConfUtils.java:logGet(43)) - raft.server.snapshot.auto.trigger.enabled = true (custom)
2019-10-09 23:58:54,677 [pool-383-thread-1] INFO  server.RaftServerConfigKeys (ConfUtils.java:logGet(43)) - raft.server.snapshot.auto.trigger.threshold = 10000 (custom)
2019-10-09 23:58:54,677 [pool-383-thread-1] INFO  server.RaftServerConfigKeys (ConfUtils.java:logGet(43)) - raft.server.snapshot.retention.file.num = 5 (custom)
2019-10-09 23:58:54,677 [pool-383-thread-1] INFO  server.RaftServerConfigKeys (ConfUtils.java:logGet(43)) - raft.server.retrycache.expirytime = 600000ms (custom)
2019-10-09 23:58:54,679 [pool-383-thread-1] INFO  impl.RaftServerImpl (RaftServerImpl.java:start(181)) - c9bf6877-9cff-4b98-8a8e-7003cb757ecd@group-A2B51927CF82: start as a follower, conf=-1: [c9bf6877-9cff-4b98-8a8e-7003cb757ecd:192.168.5.166:44297], old=null
2019-10-09 23:58:54,679 [pool-383-thread-1] INFO  impl.RaftServerImpl (RaftServerImpl.java:setRole(170)) - c9bf6877-9cff-4b98-8a8e-7003cb757ecd@group-A2B51927CF82: changes role from      null to FOLLOWER at term 0 for startAsFollower
2019-10-09 23:58:54,680 [pool-383-thread-1] INFO  impl.RoleInfo (RoleInfo.java:updateAndGet(143)) - c9bf6877-9cff-4b98-8a8e-7003cb757ecd: start FollowerState
2019-10-09 23:58:54,680 [pool-383-thread-1] INFO  util.JmxRegister (JmxRegister.java:tryRegister(44)) - Successfully registered JMX Bean with object name Ratis:service=RaftServer,group=group-A2B51927CF82,id=c9bf6877-9cff-4b98-8a8e-7003cb757ecd
2019-10-09 23:58:54,692 [RatisPipelineUtilsThread] INFO  pipeline.PipelineStateManager (PipelineStateManager.java:addPipeline(57)) - Created pipeline Pipeline[ Id: 42334a1f-8961-4afd-8db5-a2b51927cf82, Nodes: c9bf6877-9cff-4b98-8a8e-7003cb757ecd{ip: 192.168.5.166, host: pr-hdds-1868-fg6nx-4263576025, networkLocation: /default-rack, certSerialId: null}, Type:RATIS, Factor:ONE, State:ALLOCATED]
2019-10-09 23:58:54,718 [IPC Server handler 5 on 40198] INFO  net.NetworkTopology (NetworkTopologyImpl.java:add(111)) - Added a new node: /default-rack/54603264-c264-4f50-88b1-da12adb68219
2019-10-09 23:58:54,718 [IPC Server handler 5 on 40198] INFO  node.SCMNodeManager (SCMNodeManager.java:register(268)) - Registered Data node : 54603264-c264-4f50-88b1-da12adb68219{ip: 192.168.5.166, host: pr-hdds-1868-fg6nx-4263576025, networkLocation: /default-rack, certSerialId: null}
2019-10-09 23:58:54,727 [grpc-default-executor-4] INFO  impl.RaftServerProxy (RaftServerProxy.java:addNew(89)) - 54603264-c264-4f50-88b1-da12adb68219: addNew group-4ED1C08B782B:[54603264-c264-4f50-88b1-da12adb68219:192.168.5.166:35382] returns group-4ED1C08B782B:java.util.concurrent.CompletableFuture@57eb32d6[Not completed]
2019-10-09 23:58:54,728 [pool-393-thread-1] INFO  impl.RaftServerImpl (RaftServerImpl.java:<init>(95)) - 54603264-c264-4f50-88b1-da12adb68219: new RaftServerImpl for group-4ED1C08B782B:[54603264-c264-4f50-88b1-da12adb68219:192.168.5.166:35382] with ContainerStateMachine:uninitialized
2019-10-09 23:58:54,728 [pool-393-thread-1] INFO  server.RaftServerConfigKeys (ConfUtils.java:logGet(43)) - raft.server.rpc.timeout.min = 5s (custom)
2019-10-09 23:58:54,728 [pool-393-thread-1] INFO  server.RaftServerConfigKeys (ConfUtils.java:logGet(43)) - raft.server.rpc.timeout.max = 5200ms (custom)
2019-10-09 23:58:54,728 [pool-393-thread-1] INFO  server.RaftServerConfigKeys (ConfUtils.java:logGet(43)) - raft.server.rpcslowness.timeout = 120s (custom)
2019-10-09 23:58:54,728 [pool-393-thread-1] INFO  server.RaftServerConfigKeys (ConfUtils.java:logGet(43)) - raft.server.sleep.deviation.threshold = 300 (default)
2019-10-09 23:58:54,729 [pool-393-thread-1] INFO  server.RaftServerConfigKeys (ConfUtils.java:logGet(43)) - raft.server.log.appender.install.snapshot.enabled = false (custom)
2019-10-09 23:58:54,729 [pool-393-thread-1] INFO  impl.RaftServerImpl (ServerState.java:<init>(103)) - 54603264-c264-4f50-88b1-da12adb68219@group-4ED1C08B782B: ConfigurationManager, init=-1: [54603264-c264-4f50-88b1-da12adb68219:192.168.5.166:35382], old=null, confs=<EMPTY_MAP>
2019-10-09 23:58:54,729 [pool-393-thread-1] INFO  server.RaftServerConfigKeys (ConfUtils.java:logGet(43)) - raft.server.storage.dir = [/workdir/hadoop-ozone/integration-test/target/test-dir/MiniOzoneClusterImpl-634ea9de-4d33-4471-86dd-709c178a0057/datanode-1/data/ratis] (custom)
2019-10-09 23:58:54,729 [pool-393-thread-1] INFO  server.RaftServerConfigKeys (ConfUtils.java:logGet(43)) - raft.server.log.corruption.policy = EXCEPTION (default)
2019-10-09 23:58:54,729 [pool-393-thread-1] INFO  storage.RaftStorageDirectory (RaftStorageDirectory.java:analyzeStorage(246)) - The storage directory /workdir/hadoop-ozone/integration-test/target/test-dir/MiniOzoneClusterImpl-634ea9de-4d33-4471-86dd-709c178a0057/datanode-1/data/ratis/c97ae42f-92ea-458b-95be-4ed1c08b782b does not exist. Creating ...
2019-10-09 23:58:54,742 [pool-393-thread-1] INFO  storage.RaftStorageDirectory (RaftStorageDirectory.java:tryLock(328)) - Lock on /workdir/hadoop-ozone/integration-test/target/test-dir/MiniOzoneClusterImpl-634ea9de-4d33-4471-86dd-709c178a0057/datanode-1/data/ratis/c97ae42f-92ea-458b-95be-4ed1c08b782b/in_use.lock acquired by nodename 25084@pr-hdds-1868-fg6nx-4263576025
2019-10-09 23:58:54,755 [pool-393-thread-1] INFO  storage.RaftStorage (RaftStorage.java:format(84)) - Storage directory /workdir/hadoop-ozone/integration-test/target/test-dir/MiniOzoneClusterImpl-634ea9de-4d33-4471-86dd-709c178a0057/datanode-1/data/ratis/c97ae42f-92ea-458b-95be-4ed1c08b782b has been successfully formatted.
2019-10-09 23:58:54,755 [pool-393-thread-1] INFO  ratis.ContainerStateMachine (ContainerStateMachine.java:loadSnapshot(233)) - group-4ED1C08B782B: The snapshot info is null. Setting the last applied indexto:(t:0, i:~)
2019-10-09 23:58:54,756 [pool-393-thread-1] INFO  server.RaftServerConfigKeys (ConfUtils.java:logGet(43)) - raft.server.notification.no-leader.timeout = 120s (custom)
2019-10-09 23:58:54,756 [pool-393-thread-1] INFO  server.RaftServerConfigKeys (ConfUtils.java:logGet(43)) - raft.server.log.use.memory = false (default)
2019-10-09 23:58:54,756 [pool-393-thread-1] INFO  server.RaftServerConfigKeys (ConfUtils.java:logGet(43)) - raft.server.log.purge.gap = 1000000 (custom)
2019-10-09 23:58:54,756 [pool-393-thread-1] INFO  server.RaftServerConfigKeys (ConfUtils.java:logGet(43)) - raft.server.log.appender.buffer.byte-limit = 33554432 (custom)
2019-10-09 23:58:54,756 [pool-393-thread-1] INFO  server.RaftServerConfigKeys (ConfUtils.java:logGet(43)) - raft.server.log.segment.size.max = 1048576 (custom)
2019-10-09 23:58:54,758 [pool-393-thread-1] INFO  server.RaftServerConfigKeys (ConfUtils.java:logGet(43)) - raft.server.log.segment.cache.num.max = 2 (custom)
2019-10-09 23:58:54,758 [pool-393-thread-1] INFO  segmented.SegmentedRaftLogWorker (SegmentedRaftLogWorker.java:<init>(173)) - new 54603264-c264-4f50-88b1-da12adb68219@group-4ED1C08B782B-SegmentedRaftLogWorker for RaftStorage:Storage Directory /workdir/hadoop-ozone/integration-test/target/test-dir/MiniOzoneClusterImpl-634ea9de-4d33-4471-86dd-709c178a0057/datanode-1/data/ratis/c97ae42f-92ea-458b-95be-4ed1c08b782b
2019-10-09 23:58:54,758 [pool-393-thread-1] INFO  server.RaftServerConfigKeys (ConfUtils.java:logGet(43)) - raft.server.log.queue.byte-limit = 2147483647 (custom)
2019-10-09 23:58:54,758 [pool-393-thread-1] INFO  server.RaftServerConfigKeys (ConfUtils.java:logGet(43)) - raft.server.log.queue.element-limit = 1024 (custom)
2019-10-09 23:58:54,758 [pool-393-thread-1] INFO  server.RaftServerConfigKeys (ConfUtils.java:logGet(43)) - raft.server.log.segment.size.max = 1048576 (custom)
2019-10-09 23:58:54,758 [pool-393-thread-1] INFO  server.RaftServerConfigKeys (ConfUtils.java:logGet(43)) - raft.server.log.preallocated.size = 16384 (custom)
2019-10-09 23:58:54,758 [pool-393-thread-1] INFO  server.RaftServerConfigKeys (ConfUtils.java:logGet(43)) - raft.server.log.write.buffer.size = 33554432 (custom)
2019-10-09 23:58:54,758 [pool-393-thread-1] INFO  server.RaftServerConfigKeys (ConfUtils.java:logGet(43)) - raft.server.log.force.sync.num = 128 (default)
2019-10-09 23:58:54,758 [pool-393-thread-1] INFO  server.RaftServerConfigKeys (ConfUtils.java:logGet(43)) - raft.server.log.statemachine.data.sync = true (default)
2019-10-09 23:58:54,759 [pool-393-thread-1] INFO  server.RaftServerConfigKeys (ConfUtils.java:logGet(43)) - raft.server.log.statemachine.data.sync.timeout = 10s (default)
2019-10-09 23:58:54,759 [pool-393-thread-1] INFO  server.RaftServerConfigKeys (ConfUtils.java:logGet(43)) - raft.server.log.statemachine.data.sync.timeout.retry = -1 (default)
2019-10-09 23:58:54,759 [pool-393-thread-1] INFO  server.RaftServerConfigKeys (ConfUtils.java:logGet(43)) - raft.server.log.statemachine.data.caching.enabled = true (custom)
2019-10-09 23:58:54,759 [pool-393-thread-1] INFO  segmented.SegmentedRaftLogWorker (SegmentedRaftLogWorker.java:lambda$new$0(128)) - 54603264-c264-4f50-88b1-da12adb68219@group-4ED1C08B782B-SegmentedRaftLogWorker: flushIndex: setUnconditionally 0 -> -1
2019-10-09 23:58:54,760 [pool-393-thread-1] INFO  server.RaftServerConfigKeys (ConfUtils.java:logGet(43)) - raft.server.snapshot.auto.trigger.enabled = true (custom)
2019-10-09 23:58:54,760 [pool-393-thread-1] INFO  server.RaftServerConfigKeys (ConfUtils.java:logGet(43)) - raft.server.snapshot.auto.trigger.threshold = 10000 (custom)
2019-10-09 23:58:54,760 [pool-393-thread-1] INFO  server.RaftServerConfigKeys (ConfUtils.java:logGet(43)) - raft.server.snapshot.retention.file.num = 5 (custom)
2019-10-09 23:58:54,760 [pool-393-thread-1] INFO  server.RaftServerConfigKeys (ConfUtils.java:logGet(43)) - raft.server.retrycache.expirytime = 600000ms (custom)
2019-10-09 23:58:54,762 [pool-393-thread-1] INFO  impl.RaftServerImpl (RaftServerImpl.java:start(181)) - 54603264-c264-4f50-88b1-da12adb68219@group-4ED1C08B782B: start as a follower, conf=-1: [54603264-c264-4f50-88b1-da12adb68219:192.168.5.166:35382], old=null
2019-10-09 23:58:54,762 [pool-393-thread-1] INFO  impl.RaftServerImpl (RaftServerImpl.java:setRole(170)) - 54603264-c264-4f50-88b1-da12adb68219@group-4ED1C08B782B: changes role from      null to FOLLOWER at term 0 for startAsFollower
2019-10-09 23:58:54,762 [pool-393-thread-1] INFO  impl.RoleInfo (RoleInfo.java:updateAndGet(143)) - 54603264-c264-4f50-88b1-da12adb68219: start FollowerState
2019-10-09 23:58:54,763 [pool-393-thread-1] INFO  util.JmxRegister (JmxRegister.java:tryRegister(44)) - Successfully registered JMX Bean with object name Ratis:service=RaftServer,group=group-4ED1C08B782B,id=54603264-c264-4f50-88b1-da12adb68219
2019-10-09 23:58:54,766 [RatisPipelineUtilsThread] INFO  pipeline.PipelineStateManager (PipelineStateManager.java:addPipeline(57)) - Created pipeline Pipeline[ Id: c97ae42f-92ea-458b-95be-4ed1c08b782b, Nodes: 54603264-c264-4f50-88b1-da12adb68219{ip: 192.168.5.166, host: pr-hdds-1868-fg6nx-4263576025, networkLocation: /default-rack, certSerialId: null}, Type:RATIS, Factor:ONE, State:ALLOCATED]
2019-10-09 23:58:54,802 [IPC Server handler 6 on 40198] INFO  net.NetworkTopology (NetworkTopologyImpl.java:add(111)) - Added a new node: /default-rack/46c62e6e-4505-4efd-852b-69b3876e4d77
2019-10-09 23:58:54,803 [IPC Server handler 6 on 40198] INFO  node.SCMNodeManager (SCMNodeManager.java:register(268)) - Registered Data node : 46c62e6e-4505-4efd-852b-69b3876e4d77{ip: 192.168.5.166, host: pr-hdds-1868-fg6nx-4263576025, networkLocation: /default-rack, certSerialId: null}
2019-10-09 23:58:54,812 [grpc-default-executor-4] INFO  impl.RaftServerProxy (RaftServerProxy.java:addNew(89)) - 46c62e6e-4505-4efd-852b-69b3876e4d77: addNew group-CF71ACF76389:[46c62e6e-4505-4efd-852b-69b3876e4d77:192.168.5.166:39995] returns group-CF71ACF76389:java.util.concurrent.CompletableFuture@711f9958[Not completed]
2019-10-09 23:58:54,814 [pool-403-thread-1] INFO  impl.RaftServerImpl (RaftServerImpl.java:<init>(95)) - 46c62e6e-4505-4efd-852b-69b3876e4d77: new RaftServerImpl for group-CF71ACF76389:[46c62e6e-4505-4efd-852b-69b3876e4d77:192.168.5.166:39995] with ContainerStateMachine:uninitialized
2019-10-09 23:58:54,814 [pool-403-thread-1] INFO  server.RaftServerConfigKeys (ConfUtils.java:logGet(43)) - raft.server.rpc.timeout.min = 5s (custom)
2019-10-09 23:58:54,814 [pool-403-thread-1] INFO  server.RaftServerConfigKeys (ConfUtils.java:logGet(43)) - raft.server.rpc.timeout.max = 5200ms (custom)
2019-10-09 23:58:54,814 [pool-403-thread-1] INFO  server.RaftServerConfigKeys (ConfUtils.java:logGet(43)) - raft.server.rpcslowness.timeout = 120s (custom)
2019-10-09 23:58:54,814 [pool-403-thread-1] INFO  server.RaftServerConfigKeys (ConfUtils.java:logGet(43)) - raft.server.sleep.deviation.threshold = 300 (default)
2019-10-09 23:58:54,814 [pool-403-thread-1] INFO  server.RaftServerConfigKeys (ConfUtils.java:logGet(43)) - raft.server.log.appender.install.snapshot.enabled = false (custom)
2019-10-09 23:58:54,814 [pool-403-thread-1] INFO  impl.RaftServerImpl (ServerState.java:<init>(103)) - 46c62e6e-4505-4efd-852b-69b3876e4d77@group-CF71ACF76389: ConfigurationManager, init=-1: [46c62e6e-4505-4efd-852b-69b3876e4d77:192.168.5.166:39995], old=null, confs=<EMPTY_MAP>
2019-10-09 23:58:54,815 [pool-403-thread-1] INFO  server.RaftServerConfigKeys (ConfUtils.java:logGet(43)) - raft.server.storage.dir = [/workdir/hadoop-ozone/integration-test/target/test-dir/MiniOzoneClusterImpl-634ea9de-4d33-4471-86dd-709c178a0057/datanode-2/data/ratis] (custom)
2019-10-09 23:58:54,815 [pool-403-thread-1] INFO  server.RaftServerConfigKeys (ConfUtils.java:logGet(43)) - raft.server.log.corruption.policy = EXCEPTION (default)
2019-10-09 23:58:54,815 [pool-403-thread-1] INFO  storage.RaftStorageDirectory (RaftStorageDirectory.java:analyzeStorage(246)) - The storage directory /workdir/hadoop-ozone/integration-test/target/test-dir/MiniOzoneClusterImpl-634ea9de-4d33-4471-86dd-709c178a0057/datanode-2/data/ratis/63d48443-d022-4363-9fb2-cf71acf76389 does not exist. Creating ...
2019-10-09 23:58:54,835 [pool-403-thread-1] INFO  storage.RaftStorageDirectory (RaftStorageDirectory.java:tryLock(328)) - Lock on /workdir/hadoop-ozone/integration-test/target/test-dir/MiniOzoneClusterImpl-634ea9de-4d33-4471-86dd-709c178a0057/datanode-2/data/ratis/63d48443-d022-4363-9fb2-cf71acf76389/in_use.lock acquired by nodename 25084@pr-hdds-1868-fg6nx-4263576025
2019-10-09 23:58:54,848 [pool-403-thread-1] INFO  storage.RaftStorage (RaftStorage.java:format(84)) - Storage directory /workdir/hadoop-ozone/integration-test/target/test-dir/MiniOzoneClusterImpl-634ea9de-4d33-4471-86dd-709c178a0057/datanode-2/data/ratis/63d48443-d022-4363-9fb2-cf71acf76389 has been successfully formatted.
2019-10-09 23:58:54,848 [pool-403-thread-1] INFO  ratis.ContainerStateMachine (ContainerStateMachine.java:loadSnapshot(233)) - group-CF71ACF76389: The snapshot info is null. Setting the last applied indexto:(t:0, i:~)
2019-10-09 23:58:54,848 [pool-403-thread-1] INFO  server.RaftServerConfigKeys (ConfUtils.java:logGet(43)) - raft.server.notification.no-leader.timeout = 120s (custom)
2019-10-09 23:58:54,848 [pool-403-thread-1] INFO  server.RaftServerConfigKeys (ConfUtils.java:logGet(43)) - raft.server.log.use.memory = false (default)
2019-10-09 23:58:54,848 [pool-403-thread-1] INFO  server.RaftServerConfigKeys (ConfUtils.java:logGet(43)) - raft.server.log.purge.gap = 1000000 (custom)
2019-10-09 23:58:54,848 [pool-403-thread-1] INFO  server.RaftServerConfigKeys (ConfUtils.java:logGet(43)) - raft.server.log.appender.buffer.byte-limit = 33554432 (custom)
2019-10-09 23:58:54,848 [pool-403-thread-1] INFO  server.RaftServerConfigKeys (ConfUtils.java:logGet(43)) - raft.server.log.segment.size.max = 1048576 (custom)
2019-10-09 23:58:54,850 [pool-403-thread-1] INFO  server.RaftServerConfigKeys (ConfUtils.java:logGet(43)) - raft.server.log.segment.cache.num.max = 2 (custom)
2019-10-09 23:58:54,850 [pool-403-thread-1] INFO  segmented.SegmentedRaftLogWorker (SegmentedRaftLogWorker.java:<init>(173)) - new 46c62e6e-4505-4efd-852b-69b3876e4d77@group-CF71ACF76389-SegmentedRaftLogWorker for RaftStorage:Storage Directory /workdir/hadoop-ozone/integration-test/target/test-dir/MiniOzoneClusterImpl-634ea9de-4d33-4471-86dd-709c178a0057/datanode-2/data/ratis/63d48443-d022-4363-9fb2-cf71acf76389
2019-10-09 23:58:54,850 [pool-403-thread-1] INFO  server.RaftServerConfigKeys (ConfUtils.java:logGet(43)) - raft.server.log.queue.byte-limit = 2147483647 (custom)
2019-10-09 23:58:54,850 [pool-403-thread-1] INFO  server.RaftServerConfigKeys (ConfUtils.java:logGet(43)) - raft.server.log.queue.element-limit = 1024 (custom)
2019-10-09 23:58:54,850 [pool-403-thread-1] INFO  server.RaftServerConfigKeys (ConfUtils.java:logGet(43)) - raft.server.log.segment.size.max = 1048576 (custom)
2019-10-09 23:58:54,850 [pool-403-thread-1] INFO  server.RaftServerConfigKeys (ConfUtils.java:logGet(43)) - raft.server.log.preallocated.size = 16384 (custom)
2019-10-09 23:58:54,850 [pool-403-thread-1] INFO  server.RaftServerConfigKeys (ConfUtils.java:logGet(43)) - raft.server.log.write.buffer.size = 33554432 (custom)
2019-10-09 23:58:54,850 [pool-403-thread-1] INFO  server.RaftServerConfigKeys (ConfUtils.java:logGet(43)) - raft.server.log.force.sync.num = 128 (default)
2019-10-09 23:58:54,850 [pool-403-thread-1] INFO  server.RaftServerConfigKeys (ConfUtils.java:logGet(43)) - raft.server.log.statemachine.data.sync = true (default)
2019-10-09 23:58:54,851 [pool-403-thread-1] INFO  server.RaftServerConfigKeys (ConfUtils.java:logGet(43)) - raft.server.log.statemachine.data.sync.timeout = 10s (default)
2019-10-09 23:58:54,851 [pool-403-thread-1] INFO  server.RaftServerConfigKeys (ConfUtils.java:logGet(43)) - raft.server.log.statemachine.data.sync.timeout.retry = -1 (default)
2019-10-09 23:58:54,851 [pool-403-thread-1] INFO  server.RaftServerConfigKeys (ConfUtils.java:logGet(43)) - raft.server.log.statemachine.data.caching.enabled = true (custom)
2019-10-09 23:58:54,851 [pool-403-thread-1] INFO  segmented.SegmentedRaftLogWorker (SegmentedRaftLogWorker.java:lambda$new$0(128)) - 46c62e6e-4505-4efd-852b-69b3876e4d77@group-CF71ACF76389-SegmentedRaftLogWorker: flushIndex: setUnconditionally 0 -> -1
2019-10-09 23:58:54,851 [pool-403-thread-1] INFO  server.RaftServerConfigKeys (ConfUtils.java:logGet(43)) - raft.server.snapshot.auto.trigger.enabled = true (custom)
2019-10-09 23:58:54,852 [pool-403-thread-1] INFO  server.RaftServerConfigKeys (ConfUtils.java:logGet(43)) - raft.server.snapshot.auto.trigger.threshold = 10000 (custom)
2019-10-09 23:58:54,852 [pool-403-thread-1] INFO  server.RaftServerConfigKeys (ConfUtils.java:logGet(43)) - raft.server.snapshot.retention.file.num = 5 (custom)
2019-10-09 23:58:54,852 [pool-403-thread-1] INFO  server.RaftServerConfigKeys (ConfUtils.java:logGet(43)) - raft.server.retrycache.expirytime = 600000ms (custom)
2019-10-09 23:58:54,853 [pool-403-thread-1] INFO  impl.RaftServerImpl (RaftServerImpl.java:start(181)) - 46c62e6e-4505-4efd-852b-69b3876e4d77@group-CF71ACF76389: start as a follower, conf=-1: [46c62e6e-4505-4efd-852b-69b3876e4d77:192.168.5.166:39995], old=null
2019-10-09 23:58:54,853 [pool-403-thread-1] INFO  impl.RaftServerImpl (RaftServerImpl.java:setRole(170)) - 46c62e6e-4505-4efd-852b-69b3876e4d77@group-CF71ACF76389: changes role from      null to FOLLOWER at term 0 for startAsFollower
2019-10-09 23:58:54,853 [pool-403-thread-1] INFO  impl.RoleInfo (RoleInfo.java:updateAndGet(143)) - 46c62e6e-4505-4efd-852b-69b3876e4d77: start FollowerState
2019-10-09 23:58:54,854 [pool-403-thread-1] INFO  util.JmxRegister (JmxRegister.java:tryRegister(44)) - Successfully registered JMX Bean with object name Ratis:service=RaftServer,group=group-CF71ACF76389,id=46c62e6e-4505-4efd-852b-69b3876e4d77
2019-10-09 23:58:54,857 [RatisPipelineUtilsThread] INFO  pipeline.PipelineStateManager (PipelineStateManager.java:addPipeline(57)) - Created pipeline Pipeline[ Id: 63d48443-d022-4363-9fb2-cf71acf76389, Nodes: 46c62e6e-4505-4efd-852b-69b3876e4d77{ip: 192.168.5.166, host: pr-hdds-1868-fg6nx-4263576025, networkLocation: /default-rack, certSerialId: null}, Type:RATIS, Factor:ONE, State:ALLOCATED]
2019-10-09 23:58:54,873 [grpc-default-executor-5] INFO  impl.RaftServerProxy (RaftServerProxy.java:addNew(89)) - c9bf6877-9cff-4b98-8a8e-7003cb757ecd: addNew group-47B69311D827:[c9bf6877-9cff-4b98-8a8e-7003cb757ecd:192.168.5.166:44297, 54603264-c264-4f50-88b1-da12adb68219:192.168.5.166:35382, 46c62e6e-4505-4efd-852b-69b3876e4d77:192.168.5.166:39995] returns group-47B69311D827:java.util.concurrent.CompletableFuture@41a5c129[Not completed]
2019-10-09 23:58:54,873 [grpc-default-executor-8] INFO  impl.RaftServerProxy (RaftServerProxy.java:addNew(89)) - 54603264-c264-4f50-88b1-da12adb68219: addNew group-47B69311D827:[c9bf6877-9cff-4b98-8a8e-7003cb757ecd:192.168.5.166:44297, 54603264-c264-4f50-88b1-da12adb68219:192.168.5.166:35382, 46c62e6e-4505-4efd-852b-69b3876e4d77:192.168.5.166:39995] returns group-47B69311D827:java.util.concurrent.CompletableFuture@3e2af79a[Not completed]
2019-10-09 23:58:54,873 [grpc-default-executor-4] INFO  impl.RaftServerProxy (RaftServerProxy.java:addNew(89)) - 46c62e6e-4505-4efd-852b-69b3876e4d77: addNew group-47B69311D827:[c9bf6877-9cff-4b98-8a8e-7003cb757ecd:192.168.5.166:44297, 54603264-c264-4f50-88b1-da12adb68219:192.168.5.166:35382, 46c62e6e-4505-4efd-852b-69b3876e4d77:192.168.5.166:39995] returns group-47B69311D827:java.util.concurrent.CompletableFuture@f64991b[Not completed]
2019-10-09 23:58:54,875 [pool-383-thread-1] INFO  impl.RaftServerImpl (RaftServerImpl.java:<init>(95)) - c9bf6877-9cff-4b98-8a8e-7003cb757ecd: new RaftServerImpl for group-47B69311D827:[c9bf6877-9cff-4b98-8a8e-7003cb757ecd:192.168.5.166:44297, 54603264-c264-4f50-88b1-da12adb68219:192.168.5.166:35382, 46c62e6e-4505-4efd-852b-69b3876e4d77:192.168.5.166:39995] with ContainerStateMachine:uninitialized
2019-10-09 23:58:54,875 [pool-383-thread-1] INFO  server.RaftServerConfigKeys (ConfUtils.java:logGet(43)) - raft.server.rpc.timeout.min = 5s (custom)
2019-10-09 23:58:54,875 [pool-383-thread-1] INFO  server.RaftServerConfigKeys (ConfUtils.java:logGet(43)) - raft.server.rpc.timeout.max = 5200ms (custom)
2019-10-09 23:58:54,875 [pool-383-thread-1] INFO  server.RaftServerConfigKeys (ConfUtils.java:logGet(43)) - raft.server.rpcslowness.timeout = 120s (custom)
2019-10-09 23:58:54,875 [pool-383-thread-1] INFO  server.RaftServerConfigKeys (ConfUtils.java:logGet(43)) - raft.server.sleep.deviation.threshold = 300 (default)
2019-10-09 23:58:54,875 [pool-383-thread-1] INFO  server.RaftServerConfigKeys (ConfUtils.java:logGet(43)) - raft.server.log.appender.install.snapshot.enabled = false (custom)
2019-10-09 23:58:54,875 [pool-383-thread-1] INFO  impl.RaftServerImpl (ServerState.java:<init>(103)) - c9bf6877-9cff-4b98-8a8e-7003cb757ecd@group-47B69311D827: ConfigurationManager, init=-1: [c9bf6877-9cff-4b98-8a8e-7003cb757ecd:192.168.5.166:44297, 54603264-c264-4f50-88b1-da12adb68219:192.168.5.166:35382, 46c62e6e-4505-4efd-852b-69b3876e4d77:192.168.5.166:39995], old=null, confs=<EMPTY_MAP>
2019-10-09 23:58:54,875 [pool-403-thread-1] INFO  impl.RaftServerImpl (RaftServerImpl.java:<init>(95)) - 46c62e6e-4505-4efd-852b-69b3876e4d77: new RaftServerImpl for group-47B69311D827:[c9bf6877-9cff-4b98-8a8e-7003cb757ecd:192.168.5.166:44297, 54603264-c264-4f50-88b1-da12adb68219:192.168.5.166:35382, 46c62e6e-4505-4efd-852b-69b3876e4d77:192.168.5.166:39995] with ContainerStateMachine:uninitialized
2019-10-09 23:58:54,875 [pool-383-thread-1] INFO  server.RaftServerConfigKeys (ConfUtils.java:logGet(43)) - raft.server.storage.dir = [/workdir/hadoop-ozone/integration-test/target/test-dir/MiniOzoneClusterImpl-634ea9de-4d33-4471-86dd-709c178a0057/datanode-0/data/ratis] (custom)
2019-10-09 23:58:54,875 [pool-403-thread-1] INFO  server.RaftServerConfigKeys (ConfUtils.java:logGet(43)) - raft.server.rpc.timeout.min = 5s (custom)
2019-10-09 23:58:54,876 [pool-403-thread-1] INFO  server.RaftServerConfigKeys (ConfUtils.java:logGet(43)) - raft.server.rpc.timeout.max = 5200ms (custom)
2019-10-09 23:58:54,876 [pool-383-thread-1] INFO  server.RaftServerConfigKeys (ConfUtils.java:logGet(43)) - raft.server.log.corruption.policy = EXCEPTION (default)
2019-10-09 23:58:54,876 [pool-393-thread-1] INFO  impl.RaftServerImpl (RaftServerImpl.java:<init>(95)) - 54603264-c264-4f50-88b1-da12adb68219: new RaftServerImpl for group-47B69311D827:[c9bf6877-9cff-4b98-8a8e-7003cb757ecd:192.168.5.166:44297, 54603264-c264-4f50-88b1-da12adb68219:192.168.5.166:35382, 46c62e6e-4505-4efd-852b-69b3876e4d77:192.168.5.166:39995] with ContainerStateMachine:uninitialized
2019-10-09 23:58:54,876 [pool-403-thread-1] INFO  server.RaftServerConfigKeys (ConfUtils.java:logGet(43)) - raft.server.rpcslowness.timeout = 120s (custom)
2019-10-09 23:58:54,876 [pool-393-thread-1] INFO  server.RaftServerConfigKeys (ConfUtils.java:logGet(43)) - raft.server.rpc.timeout.min = 5s (custom)
2019-10-09 23:58:54,876 [pool-383-thread-1] INFO  storage.RaftStorageDirectory (RaftStorageDirectory.java:analyzeStorage(246)) - The storage directory /workdir/hadoop-ozone/integration-test/target/test-dir/MiniOzoneClusterImpl-634ea9de-4d33-4471-86dd-709c178a0057/datanode-0/data/ratis/4cd72daf-1d3a-49dd-adb1-47b69311d827 does not exist. Creating ...
2019-10-09 23:58:54,876 [pool-393-thread-1] INFO  server.RaftServerConfigKeys (ConfUtils.java:logGet(43)) - raft.server.rpc.timeout.max = 5200ms (custom)
2019-10-09 23:58:54,876 [pool-403-thread-1] INFO  server.RaftServerConfigKeys (ConfUtils.java:logGet(43)) - raft.server.sleep.deviation.threshold = 300 (default)
2019-10-09 23:58:54,876 [pool-393-thread-1] INFO  server.RaftServerConfigKeys (ConfUtils.java:logGet(43)) - raft.server.rpcslowness.timeout = 120s (custom)
2019-10-09 23:58:54,876 [pool-403-thread-1] INFO  server.RaftServerConfigKeys (ConfUtils.java:logGet(43)) - raft.server.log.appender.install.snapshot.enabled = false (custom)
2019-10-09 23:58:54,876 [pool-393-thread-1] INFO  server.RaftServerConfigKeys (ConfUtils.java:logGet(43)) - raft.server.sleep.deviation.threshold = 300 (default)
2019-10-09 23:58:54,877 [pool-403-thread-1] INFO  impl.RaftServerImpl (ServerState.java:<init>(103)) - 46c62e6e-4505-4efd-852b-69b3876e4d77@group-47B69311D827: ConfigurationManager, init=-1: [c9bf6877-9cff-4b98-8a8e-7003cb757ecd:192.168.5.166:44297, 54603264-c264-4f50-88b1-da12adb68219:192.168.5.166:35382, 46c62e6e-4505-4efd-852b-69b3876e4d77:192.168.5.166:39995], old=null, confs=<EMPTY_MAP>
2019-10-09 23:58:54,877 [pool-393-thread-1] INFO  server.RaftServerConfigKeys (ConfUtils.java:logGet(43)) - raft.server.log.appender.install.snapshot.enabled = false (custom)
2019-10-09 23:58:54,877 [pool-403-thread-1] INFO  server.RaftServerConfigKeys (ConfUtils.java:logGet(43)) - raft.server.storage.dir = [/workdir/hadoop-ozone/integration-test/target/test-dir/MiniOzoneClusterImpl-634ea9de-4d33-4471-86dd-709c178a0057/datanode-2/data/ratis] (custom)
2019-10-09 23:58:54,877 [pool-393-thread-1] INFO  impl.RaftServerImpl (ServerState.java:<init>(103)) - 54603264-c264-4f50-88b1-da12adb68219@group-47B69311D827: ConfigurationManager, init=-1: [c9bf6877-9cff-4b98-8a8e-7003cb757ecd:192.168.5.166:44297, 54603264-c264-4f50-88b1-da12adb68219:192.168.5.166:35382, 46c62e6e-4505-4efd-852b-69b3876e4d77:192.168.5.166:39995], old=null, confs=<EMPTY_MAP>
2019-10-09 23:58:54,877 [pool-403-thread-1] INFO  server.RaftServerConfigKeys (ConfUtils.java:logGet(43)) - raft.server.log.corruption.policy = EXCEPTION (default)
2019-10-09 23:58:54,877 [pool-393-thread-1] INFO  server.RaftServerConfigKeys (ConfUtils.java:logGet(43)) - raft.server.storage.dir = [/workdir/hadoop-ozone/integration-test/target/test-dir/MiniOzoneClusterImpl-634ea9de-4d33-4471-86dd-709c178a0057/datanode-1/data/ratis] (custom)
2019-10-09 23:58:54,877 [pool-403-thread-1] INFO  storage.RaftStorageDirectory (RaftStorageDirectory.java:analyzeStorage(246)) - The storage directory /workdir/hadoop-ozone/integration-test/target/test-dir/MiniOzoneClusterImpl-634ea9de-4d33-4471-86dd-709c178a0057/datanode-2/data/ratis/4cd72daf-1d3a-49dd-adb1-47b69311d827 does not exist. Creating ...
2019-10-09 23:58:54,877 [pool-393-thread-1] INFO  server.RaftServerConfigKeys (ConfUtils.java:logGet(43)) - raft.server.log.corruption.policy = EXCEPTION (default)
2019-10-09 23:58:54,877 [pool-393-thread-1] INFO  storage.RaftStorageDirectory (RaftStorageDirectory.java:analyzeStorage(246)) - The storage directory /workdir/hadoop-ozone/integration-test/target/test-dir/MiniOzoneClusterImpl-634ea9de-4d33-4471-86dd-709c178a0057/datanode-1/data/ratis/4cd72daf-1d3a-49dd-adb1-47b69311d827 does not exist. Creating ...
2019-10-09 23:58:54,893 [IPC Server handler 0 on 40198] INFO  net.NetworkTopology (NetworkTopologyImpl.java:add(111)) - Added a new node: /default-rack/5271065f-f953-4651-8fe1-c188370d49d9
2019-10-09 23:58:54,894 [IPC Server handler 0 on 40198] INFO  node.SCMNodeManager (SCMNodeManager.java:register(268)) - Registered Data node : 5271065f-f953-4651-8fe1-c188370d49d9{ip: 192.168.5.166, host: pr-hdds-1868-fg6nx-4263576025, networkLocation: /default-rack, certSerialId: null}
2019-10-09 23:58:54,901 [pool-383-thread-1] INFO  storage.RaftStorageDirectory (RaftStorageDirectory.java:tryLock(328)) - Lock on /workdir/hadoop-ozone/integration-test/target/test-dir/MiniOzoneClusterImpl-634ea9de-4d33-4471-86dd-709c178a0057/datanode-0/data/ratis/4cd72daf-1d3a-49dd-adb1-47b69311d827/in_use.lock acquired by nodename 25084@pr-hdds-1868-fg6nx-4263576025
2019-10-09 23:58:54,901 [pool-393-thread-1] INFO  storage.RaftStorageDirectory (RaftStorageDirectory.java:tryLock(328)) - Lock on /workdir/hadoop-ozone/integration-test/target/test-dir/MiniOzoneClusterImpl-634ea9de-4d33-4471-86dd-709c178a0057/datanode-1/data/ratis/4cd72daf-1d3a-49dd-adb1-47b69311d827/in_use.lock acquired by nodename 25084@pr-hdds-1868-fg6nx-4263576025
2019-10-09 23:58:54,901 [pool-403-thread-1] INFO  storage.RaftStorageDirectory (RaftStorageDirectory.java:tryLock(328)) - Lock on /workdir/hadoop-ozone/integration-test/target/test-dir/MiniOzoneClusterImpl-634ea9de-4d33-4471-86dd-709c178a0057/datanode-2/data/ratis/4cd72daf-1d3a-49dd-adb1-47b69311d827/in_use.lock acquired by nodename 25084@pr-hdds-1868-fg6nx-4263576025
2019-10-09 23:58:54,921 [pool-403-thread-1] INFO  storage.RaftStorage (RaftStorage.java:format(84)) - Storage directory /workdir/hadoop-ozone/integration-test/target/test-dir/MiniOzoneClusterImpl-634ea9de-4d33-4471-86dd-709c178a0057/datanode-2/data/ratis/4cd72daf-1d3a-49dd-adb1-47b69311d827 has been successfully formatted.
2019-10-09 23:58:54,921 [pool-393-thread-1] INFO  storage.RaftStorage (RaftStorage.java:format(84)) - Storage directory /workdir/hadoop-ozone/integration-test/target/test-dir/MiniOzoneClusterImpl-634ea9de-4d33-4471-86dd-709c178a0057/datanode-1/data/ratis/4cd72daf-1d3a-49dd-adb1-47b69311d827 has been successfully formatted.
2019-10-09 23:58:54,921 [pool-383-thread-1] INFO  storage.RaftStorage (RaftStorage.java:format(84)) - Storage directory /workdir/hadoop-ozone/integration-test/target/test-dir/MiniOzoneClusterImpl-634ea9de-4d33-4471-86dd-709c178a0057/datanode-0/data/ratis/4cd72daf-1d3a-49dd-adb1-47b69311d827 has been successfully formatted.
2019-10-09 23:58:54,921 [pool-393-thread-1] INFO  ratis.ContainerStateMachine (ContainerStateMachine.java:loadSnapshot(233)) - group-47B69311D827: The snapshot info is null. Setting the last applied indexto:(t:0, i:~)
2019-10-09 23:58:54,921 [pool-403-thread-1] INFO  ratis.ContainerStateMachine (ContainerStateMachine.java:loadSnapshot(233)) - group-47B69311D827: The snapshot info is null. Setting the last applied indexto:(t:0, i:~)
2019-10-09 23:58:54,921 [pool-393-thread-1] INFO  server.RaftServerConfigKeys (ConfUtils.java:logGet(43)) - raft.server.notification.no-leader.timeout = 120s (custom)
2019-10-09 23:58:54,921 [pool-383-thread-1] INFO  ratis.ContainerStateMachine (ContainerStateMachine.java:loadSnapshot(233)) - group-47B69311D827: The snapshot info is null. Setting the last applied indexto:(t:0, i:~)
2019-10-09 23:58:54,922 [pool-393-thread-1] INFO  server.RaftServerConfigKeys (ConfUtils.java:logGet(43)) - raft.server.log.use.memory = false (default)
2019-10-09 23:58:54,922 [pool-403-thread-1] INFO  server.RaftServerConfigKeys (ConfUtils.java:logGet(43)) - raft.server.notification.no-leader.timeout = 120s (custom)
2019-10-09 23:58:54,922 [pool-393-thread-1] INFO  server.RaftServerConfigKeys (ConfUtils.java:logGet(43)) - raft.server.log.purge.gap = 1000000 (custom)
2019-10-09 23:58:54,922 [pool-383-thread-1] INFO  server.RaftServerConfigKeys (ConfUtils.java:logGet(43)) - raft.server.notification.no-leader.timeout = 120s (custom)
2019-10-09 23:58:54,922 [pool-393-thread-1] INFO  server.RaftServerConfigKeys (ConfUtils.java:logGet(43)) - raft.server.log.appender.buffer.byte-limit = 33554432 (custom)
2019-10-09 23:58:54,922 [pool-403-thread-1] INFO  server.RaftServerConfigKeys (ConfUtils.java:logGet(43)) - raft.server.log.use.memory = false (default)
2019-10-09 23:58:54,922 [pool-393-thread-1] INFO  server.RaftServerConfigKeys (ConfUtils.java:logGet(43)) - raft.server.log.segment.size.max = 1048576 (custom)
2019-10-09 23:58:54,922 [pool-383-thread-1] INFO  server.RaftServerConfigKeys (ConfUtils.java:logGet(43)) - raft.server.log.use.memory = false (default)
2019-10-09 23:58:54,923 [pool-393-thread-1] INFO  server.RaftServerConfigKeys (ConfUtils.java:logGet(43)) - raft.server.log.segment.cache.num.max = 2 (custom)
2019-10-09 23:58:54,923 [pool-403-thread-1] INFO  server.RaftServerConfigKeys (ConfUtils.java:logGet(43)) - raft.server.log.purge.gap = 1000000 (custom)
2019-10-09 23:58:54,923 [pool-393-thread-1] INFO  segmented.SegmentedRaftLogWorker (SegmentedRaftLogWorker.java:<init>(173)) - new 54603264-c264-4f50-88b1-da12adb68219@group-47B69311D827-SegmentedRaftLogWorker for RaftStorage:Storage Directory /workdir/hadoop-ozone/integration-test/target/test-dir/MiniOzoneClusterImpl-634ea9de-4d33-4471-86dd-709c178a0057/datanode-1/data/ratis/4cd72daf-1d3a-49dd-adb1-47b69311d827
2019-10-09 23:58:54,923 [pool-383-thread-1] INFO  server.RaftServerConfigKeys (ConfUtils.java:logGet(43)) - raft.server.log.purge.gap = 1000000 (custom)
2019-10-09 23:58:54,923 [pool-393-thread-1] INFO  server.RaftServerConfigKeys (ConfUtils.java:logGet(43)) - raft.server.log.queue.byte-limit = 2147483647 (custom)
2019-10-09 23:58:54,923 [pool-403-thread-1] INFO  server.RaftServerConfigKeys (ConfUtils.java:logGet(43)) - raft.server.log.appender.buffer.byte-limit = 33554432 (custom)
2019-10-09 23:58:54,923 [pool-393-thread-1] INFO  server.RaftServerConfigKeys (ConfUtils.java:logGet(43)) - raft.server.log.queue.element-limit = 1024 (custom)
2019-10-09 23:58:54,923 [pool-383-thread-1] INFO  server.RaftServerConfigKeys (ConfUtils.java:logGet(43)) - raft.server.log.appender.buffer.byte-limit = 33554432 (custom)
2019-10-09 23:58:54,924 [pool-393-thread-1] INFO  server.RaftServerConfigKeys (ConfUtils.java:logGet(43)) - raft.server.log.segment.size.max = 1048576 (custom)
2019-10-09 23:58:54,924 [pool-403-thread-1] INFO  server.RaftServerConfigKeys (ConfUtils.java:logGet(43)) - raft.server.log.segment.size.max = 1048576 (custom)
2019-10-09 23:58:54,924 [pool-393-thread-1] INFO  server.RaftServerConfigKeys (ConfUtils.java:logGet(43)) - raft.server.log.preallocated.size = 16384 (custom)
2019-10-09 23:58:54,924 [pool-383-thread-1] INFO  server.RaftServerConfigKeys (ConfUtils.java:logGet(43)) - raft.server.log.segment.size.max = 1048576 (custom)
2019-10-09 23:58:54,924 [pool-393-thread-1] INFO  server.RaftServerConfigKeys (ConfUtils.java:logGet(43)) - raft.server.log.write.buffer.size = 33554432 (custom)
2019-10-09 23:58:54,924 [pool-403-thread-1] INFO  server.RaftServerConfigKeys (ConfUtils.java:logGet(43)) - raft.server.log.segment.cache.num.max = 2 (custom)
2019-10-09 23:58:54,924 [pool-393-thread-1] INFO  server.RaftServerConfigKeys (ConfUtils.java:logGet(43)) - raft.server.log.force.sync.num = 128 (default)
2019-10-09 23:58:54,924 [pool-383-thread-1] INFO  server.RaftServerConfigKeys (ConfUtils.java:logGet(43)) - raft.server.log.segment.cache.num.max = 2 (custom)
2019-10-09 23:58:54,925 [pool-393-thread-1] INFO  server.RaftServerConfigKeys (ConfUtils.java:logGet(43)) - raft.server.log.statemachine.data.sync = true (default)
2019-10-09 23:58:54,924 [pool-403-thread-1] INFO  segmented.SegmentedRaftLogWorker (SegmentedRaftLogWorker.java:<init>(173)) - new 46c62e6e-4505-4efd-852b-69b3876e4d77@group-47B69311D827-SegmentedRaftLogWorker for RaftStorage:Storage Directory /workdir/hadoop-ozone/integration-test/target/test-dir/MiniOzoneClusterImpl-634ea9de-4d33-4471-86dd-709c178a0057/datanode-2/data/ratis/4cd72daf-1d3a-49dd-adb1-47b69311d827
2019-10-09 23:58:54,925 [pool-393-thread-1] INFO  server.RaftServerConfigKeys (ConfUtils.java:logGet(43)) - raft.server.log.statemachine.data.sync.timeout = 10s (default)
2019-10-09 23:58:54,925 [pool-383-thread-1] INFO  segmented.SegmentedRaftLogWorker (SegmentedRaftLogWorker.java:<init>(173)) - new c9bf6877-9cff-4b98-8a8e-7003cb757ecd@group-47B69311D827-SegmentedRaftLogWorker for RaftStorage:Storage Directory /workdir/hadoop-ozone/integration-test/target/test-dir/MiniOzoneClusterImpl-634ea9de-4d33-4471-86dd-709c178a0057/datanode-0/data/ratis/4cd72daf-1d3a-49dd-adb1-47b69311d827
2019-10-09 23:58:54,925 [pool-393-thread-1] INFO  server.RaftServerConfigKeys (ConfUtils.java:logGet(43)) - raft.server.log.statemachine.data.sync.timeout.retry = -1 (default)
2019-10-09 23:58:54,925 [pool-403-thread-1] INFO  server.RaftServerConfigKeys (ConfUtils.java:logGet(43)) - raft.server.log.queue.byte-limit = 2147483647 (custom)
2019-10-09 23:58:54,925 [pool-393-thread-1] INFO  server.RaftServerConfigKeys (ConfUtils.java:logGet(43)) - raft.server.log.statemachine.data.caching.enabled = true (custom)
2019-10-09 23:58:54,925 [pool-383-thread-1] INFO  server.RaftServerConfigKeys (ConfUtils.java:logGet(43)) - raft.server.log.queue.byte-limit = 2147483647 (custom)
2019-10-09 23:58:54,925 [pool-403-thread-1] INFO  server.RaftServerConfigKeys (ConfUtils.java:logGet(43)) - raft.server.log.queue.element-limit = 1024 (custom)
2019-10-09 23:58:54,926 [pool-393-thread-1] INFO  segmented.SegmentedRaftLogWorker (SegmentedRaftLogWorker.java:lambda$new$0(128)) - 54603264-c264-4f50-88b1-da12adb68219@group-47B69311D827-SegmentedRaftLogWorker: flushIndex: setUnconditionally 0 -> -1
2019-10-09 23:58:54,926 [pool-383-thread-1] INFO  server.RaftServerConfigKeys (ConfUtils.java:logGet(43)) - raft.server.log.queue.element-limit = 1024 (custom)
2019-10-09 23:58:54,926 [pool-403-thread-1] INFO  server.RaftServerConfigKeys (ConfUtils.java:logGet(43)) - raft.server.log.segment.size.max = 1048576 (custom)
2019-10-09 23:58:54,926 [pool-393-thread-1] INFO  server.RaftServerConfigKeys (ConfUtils.java:logGet(43)) - raft.server.snapshot.auto.trigger.enabled = true (custom)
2019-10-09 23:58:54,926 [pool-383-thread-1] INFO  server.RaftServerConfigKeys (ConfUtils.java:logGet(43)) - raft.server.log.segment.size.max = 1048576 (custom)
2019-10-09 23:58:54,926 [pool-393-thread-1] INFO  server.RaftServerConfigKeys (ConfUtils.java:logGet(43)) - raft.server.snapshot.auto.trigger.threshold = 10000 (custom)
2019-10-09 23:58:54,926 [pool-403-thread-1] INFO  server.RaftServerConfigKeys (ConfUtils.java:logGet(43)) - raft.server.log.preallocated.size = 16384 (custom)
2019-10-09 23:58:54,927 [pool-393-thread-1] INFO  server.RaftServerConfigKeys (ConfUtils.java:logGet(43)) - raft.server.snapshot.retention.file.num = 5 (custom)
2019-10-09 23:58:54,926 [pool-383-thread-1] INFO  server.RaftServerConfigKeys (ConfUtils.java:logGet(43)) - raft.server.log.preallocated.size = 16384 (custom)
2019-10-09 23:58:54,927 [pool-393-thread-1] INFO  server.RaftServerConfigKeys (ConfUtils.java:logGet(43)) - raft.server.retrycache.expirytime = 600000ms (custom)
2019-10-09 23:58:54,927 [pool-403-thread-1] INFO  server.RaftServerConfigKeys (ConfUtils.java:logGet(43)) - raft.server.log.write.buffer.size = 33554432 (custom)
2019-10-09 23:58:54,927 [pool-383-thread-1] INFO  server.RaftServerConfigKeys (ConfUtils.java:logGet(43)) - raft.server.log.write.buffer.size = 33554432 (custom)
2019-10-09 23:58:54,927 [pool-403-thread-1] INFO  server.RaftServerConfigKeys (ConfUtils.java:logGet(43)) - raft.server.log.force.sync.num = 128 (default)
2019-10-09 23:58:54,927 [pool-383-thread-1] INFO  server.RaftServerConfigKeys (ConfUtils.java:logGet(43)) - raft.server.log.force.sync.num = 128 (default)
2019-10-09 23:58:54,927 [pool-403-thread-1] INFO  server.RaftServerConfigKeys (ConfUtils.java:logGet(43)) - raft.server.log.statemachine.data.sync = true (default)
2019-10-09 23:58:54,927 [pool-383-thread-1] INFO  server.RaftServerConfigKeys (ConfUtils.java:logGet(43)) - raft.server.log.statemachine.data.sync = true (default)
2019-10-09 23:58:54,928 [pool-403-thread-1] INFO  server.RaftServerConfigKeys (ConfUtils.java:logGet(43)) - raft.server.log.statemachine.data.sync.timeout = 10s (default)
2019-10-09 23:58:54,928 [pool-383-thread-1] INFO  server.RaftServerConfigKeys (ConfUtils.java:logGet(43)) - raft.server.log.statemachine.data.sync.timeout = 10s (default)
2019-10-09 23:58:54,928 [pool-403-thread-1] INFO  server.RaftServerConfigKeys (ConfUtils.java:logGet(43)) - raft.server.log.statemachine.data.sync.timeout.retry = -1 (default)
2019-10-09 23:58:54,928 [pool-383-thread-1] INFO  server.RaftServerConfigKeys (ConfUtils.java:logGet(43)) - raft.server.log.statemachine.data.sync.timeout.retry = -1 (default)
2019-10-09 23:58:54,928 [pool-403-thread-1] INFO  server.RaftServerConfigKeys (ConfUtils.java:logGet(43)) - raft.server.log.statemachine.data.caching.enabled = true (custom)
2019-10-09 23:58:54,928 [pool-383-thread-1] INFO  server.RaftServerConfigKeys (ConfUtils.java:logGet(43)) - raft.server.log.statemachine.data.caching.enabled = true (custom)
2019-10-09 23:58:54,928 [pool-403-thread-1] INFO  segmented.SegmentedRaftLogWorker (SegmentedRaftLogWorker.java:lambda$new$0(128)) - 46c62e6e-4505-4efd-852b-69b3876e4d77@group-47B69311D827-SegmentedRaftLogWorker: flushIndex: setUnconditionally 0 -> -1
2019-10-09 23:58:54,929 [pool-383-thread-1] INFO  segmented.SegmentedRaftLogWorker (SegmentedRaftLogWorker.java:lambda$new$0(128)) - c9bf6877-9cff-4b98-8a8e-7003cb757ecd@group-47B69311D827-SegmentedRaftLogWorker: flushIndex: setUnconditionally 0 -> -1
2019-10-09 23:58:54,929 [pool-403-thread-1] INFO  server.RaftServerConfigKeys (ConfUtils.java:logGet(43)) - raft.server.snapshot.auto.trigger.enabled = true (custom)
2019-10-09 23:58:54,929 [pool-403-thread-1] INFO  server.RaftServerConfigKeys (ConfUtils.java:logGet(43)) - raft.server.snapshot.auto.trigger.threshold = 10000 (custom)
2019-10-09 23:58:54,929 [pool-383-thread-1] INFO  server.RaftServerConfigKeys (ConfUtils.java:logGet(43)) - raft.server.snapshot.auto.trigger.enabled = true (custom)
2019-10-09 23:58:54,929 [pool-403-thread-1] INFO  server.RaftServerConfigKeys (ConfUtils.java:logGet(43)) - raft.server.snapshot.retention.file.num = 5 (custom)
2019-10-09 23:58:54,929 [pool-383-thread-1] INFO  server.RaftServerConfigKeys (ConfUtils.java:logGet(43)) - raft.server.snapshot.auto.trigger.threshold = 10000 (custom)
2019-10-09 23:58:54,929 [pool-393-thread-1] INFO  impl.RaftServerImpl (RaftServerImpl.java:start(181)) - 54603264-c264-4f50-88b1-da12adb68219@group-47B69311D827: start as a follower, conf=-1: [c9bf6877-9cff-4b98-8a8e-7003cb757ecd:192.168.5.166:44297, 54603264-c264-4f50-88b1-da12adb68219:192.168.5.166:35382, 46c62e6e-4505-4efd-852b-69b3876e4d77:192.168.5.166:39995], old=null
2019-10-09 23:58:54,929 [pool-403-thread-1] INFO  server.RaftServerConfigKeys (ConfUtils.java:logGet(43)) - raft.server.retrycache.expirytime = 600000ms (custom)
2019-10-09 23:58:54,929 [pool-393-thread-1] INFO  impl.RaftServerImpl (RaftServerImpl.java:setRole(170)) - 54603264-c264-4f50-88b1-da12adb68219@group-47B69311D827: changes role from      null to FOLLOWER at term 0 for startAsFollower
2019-10-09 23:58:54,929 [pool-383-thread-1] INFO  server.RaftServerConfigKeys (ConfUtils.java:logGet(43)) - raft.server.snapshot.retention.file.num = 5 (custom)
2019-10-09 23:58:54,930 [pool-393-thread-1] INFO  impl.RoleInfo (RoleInfo.java:updateAndGet(143)) - 54603264-c264-4f50-88b1-da12adb68219: start FollowerState
2019-10-09 23:58:54,930 [pool-383-thread-1] INFO  server.RaftServerConfigKeys (ConfUtils.java:logGet(43)) - raft.server.retrycache.expirytime = 600000ms (custom)
2019-10-09 23:58:54,930 [pool-393-thread-1] INFO  util.JmxRegister (JmxRegister.java:tryRegister(44)) - Successfully registered JMX Bean with object name Ratis:service=RaftServer,group=group-47B69311D827,id=54603264-c264-4f50-88b1-da12adb68219
2019-10-09 23:58:54,932 [pool-403-thread-1] INFO  impl.RaftServerImpl (RaftServerImpl.java:start(181)) - 46c62e6e-4505-4efd-852b-69b3876e4d77@group-47B69311D827: start as a follower, conf=-1: [c9bf6877-9cff-4b98-8a8e-7003cb757ecd:192.168.5.166:44297, 54603264-c264-4f50-88b1-da12adb68219:192.168.5.166:35382, 46c62e6e-4505-4efd-852b-69b3876e4d77:192.168.5.166:39995], old=null
2019-10-09 23:58:54,932 [pool-403-thread-1] INFO  impl.RaftServerImpl (RaftServerImpl.java:setRole(170)) - 46c62e6e-4505-4efd-852b-69b3876e4d77@group-47B69311D827: changes role from      null to FOLLOWER at term 0 for startAsFollower
2019-10-09 23:58:54,933 [pool-403-thread-1] INFO  impl.RoleInfo (RoleInfo.java:updateAndGet(143)) - 46c62e6e-4505-4efd-852b-69b3876e4d77: start FollowerState
2019-10-09 23:58:54,933 [pool-403-thread-1] INFO  util.JmxRegister (JmxRegister.java:tryRegister(44)) - Successfully registered JMX Bean with object name Ratis:service=RaftServer,group=group-47B69311D827,id=46c62e6e-4505-4efd-852b-69b3876e4d77
2019-10-09 23:58:54,933 [pool-383-thread-1] INFO  impl.RaftServerImpl (RaftServerImpl.java:start(181)) - c9bf6877-9cff-4b98-8a8e-7003cb757ecd@group-47B69311D827: start as a follower, conf=-1: [c9bf6877-9cff-4b98-8a8e-7003cb757ecd:192.168.5.166:44297, 54603264-c264-4f50-88b1-da12adb68219:192.168.5.166:35382, 46c62e6e-4505-4efd-852b-69b3876e4d77:192.168.5.166:39995], old=null
2019-10-09 23:58:54,934 [pool-383-thread-1] INFO  impl.RaftServerImpl (RaftServerImpl.java:setRole(170)) - c9bf6877-9cff-4b98-8a8e-7003cb757ecd@group-47B69311D827: changes role from      null to FOLLOWER at term 0 for startAsFollower
2019-10-09 23:58:54,934 [pool-383-thread-1] INFO  impl.RoleInfo (RoleInfo.java:updateAndGet(143)) - c9bf6877-9cff-4b98-8a8e-7003cb757ecd: start FollowerState
2019-10-09 23:58:54,934 [pool-383-thread-1] INFO  util.JmxRegister (JmxRegister.java:tryRegister(44)) - Successfully registered JMX Bean with object name Ratis:service=RaftServer,group=group-47B69311D827,id=c9bf6877-9cff-4b98-8a8e-7003cb757ecd
2019-10-09 23:58:54,939 [RatisPipelineUtilsThread] INFO  pipeline.PipelineStateManager (PipelineStateManager.java:addPipeline(57)) - Created pipeline Pipeline[ Id: 4cd72daf-1d3a-49dd-adb1-47b69311d827, Nodes: 46c62e6e-4505-4efd-852b-69b3876e4d77{ip: 192.168.5.166, host: pr-hdds-1868-fg6nx-4263576025, networkLocation: /default-rack, certSerialId: null}c9bf6877-9cff-4b98-8a8e-7003cb757ecd{ip: 192.168.5.166, host: pr-hdds-1868-fg6nx-4263576025, networkLocation: /default-rack, certSerialId: null}54603264-c264-4f50-88b1-da12adb68219{ip: 192.168.5.166, host: pr-hdds-1868-fg6nx-4263576025, networkLocation: /default-rack, certSerialId: null}, Type:RATIS, Factor:THREE, State:ALLOCATED]
2019-10-09 23:58:54,987 [IPC Server handler 1 on 40198] INFO  net.NetworkTopology (NetworkTopologyImpl.java:add(111)) - Added a new node: /default-rack/cecef735-5786-42df-85c6-70e235beb44e
2019-10-09 23:58:54,987 [IPC Server handler 1 on 40198] INFO  node.SCMNodeManager (SCMNodeManager.java:register(268)) - Registered Data node : cecef735-5786-42df-85c6-70e235beb44e{ip: 192.168.5.166, host: pr-hdds-1868-fg6nx-4263576025, networkLocation: /default-rack, certSerialId: null}
2019-10-09 23:58:54,999 [grpc-default-executor-4] INFO  impl.RaftServerProxy (RaftServerProxy.java:addNew(89)) - 5271065f-f953-4651-8fe1-c188370d49d9: addNew group-8773031A4812:[5271065f-f953-4651-8fe1-c188370d49d9:192.168.5.166:41788] returns group-8773031A4812:java.util.concurrent.CompletableFuture@55f3118b[Not completed]
2019-10-09 23:58:55,001 [pool-413-thread-1] INFO  impl.RaftServerImpl (RaftServerImpl.java:<init>(95)) - 5271065f-f953-4651-8fe1-c188370d49d9: new RaftServerImpl for group-8773031A4812:[5271065f-f953-4651-8fe1-c188370d49d9:192.168.5.166:41788] with ContainerStateMachine:uninitialized
2019-10-09 23:58:55,001 [pool-413-thread-1] INFO  server.RaftServerConfigKeys (ConfUtils.java:logGet(43)) - raft.server.rpc.timeout.min = 5s (custom)
2019-10-09 23:58:55,002 [pool-413-thread-1] INFO  server.RaftServerConfigKeys (ConfUtils.java:logGet(43)) - raft.server.rpc.timeout.max = 5200ms (custom)
2019-10-09 23:58:55,002 [pool-413-thread-1] INFO  server.RaftServerConfigKeys (ConfUtils.java:logGet(43)) - raft.server.rpcslowness.timeout = 120s (custom)
2019-10-09 23:58:55,002 [pool-413-thread-1] INFO  server.RaftServerConfigKeys (ConfUtils.java:logGet(43)) - raft.server.sleep.deviation.threshold = 300 (default)
2019-10-09 23:58:55,002 [pool-413-thread-1] INFO  server.RaftServerConfigKeys (ConfUtils.java:logGet(43)) - raft.server.log.appender.install.snapshot.enabled = false (custom)
2019-10-09 23:58:55,002 [pool-413-thread-1] INFO  impl.RaftServerImpl (ServerState.java:<init>(103)) - 5271065f-f953-4651-8fe1-c188370d49d9@group-8773031A4812: ConfigurationManager, init=-1: [5271065f-f953-4651-8fe1-c188370d49d9:192.168.5.166:41788], old=null, confs=<EMPTY_MAP>
2019-10-09 23:58:55,002 [pool-413-thread-1] INFO  server.RaftServerConfigKeys (ConfUtils.java:logGet(43)) - raft.server.storage.dir = [/workdir/hadoop-ozone/integration-test/target/test-dir/MiniOzoneClusterImpl-634ea9de-4d33-4471-86dd-709c178a0057/datanode-3/data/ratis] (custom)
2019-10-09 23:58:55,003 [pool-413-thread-1] INFO  server.RaftServerConfigKeys (ConfUtils.java:logGet(43)) - raft.server.log.corruption.policy = EXCEPTION (default)
2019-10-09 23:58:55,003 [pool-413-thread-1] INFO  storage.RaftStorageDirectory (RaftStorageDirectory.java:analyzeStorage(246)) - The storage directory /workdir/hadoop-ozone/integration-test/target/test-dir/MiniOzoneClusterImpl-634ea9de-4d33-4471-86dd-709c178a0057/datanode-3/data/ratis/776290a3-dbe2-4619-a32f-8773031a4812 does not exist. Creating ...
2019-10-09 23:58:55,016 [pool-413-thread-1] INFO  storage.RaftStorageDirectory (RaftStorageDirectory.java:tryLock(328)) - Lock on /workdir/hadoop-ozone/integration-test/target/test-dir/MiniOzoneClusterImpl-634ea9de-4d33-4471-86dd-709c178a0057/datanode-3/data/ratis/776290a3-dbe2-4619-a32f-8773031a4812/in_use.lock acquired by nodename 25084@pr-hdds-1868-fg6nx-4263576025
2019-10-09 23:58:55,029 [pool-413-thread-1] INFO  storage.RaftStorage (RaftStorage.java:format(84)) - Storage directory /workdir/hadoop-ozone/integration-test/target/test-dir/MiniOzoneClusterImpl-634ea9de-4d33-4471-86dd-709c178a0057/datanode-3/data/ratis/776290a3-dbe2-4619-a32f-8773031a4812 has been successfully formatted.
2019-10-09 23:58:55,030 [pool-413-thread-1] INFO  ratis.ContainerStateMachine (ContainerStateMachine.java:loadSnapshot(233)) - group-8773031A4812: The snapshot info is null. Setting the last applied indexto:(t:0, i:~)
2019-10-09 23:58:55,030 [pool-413-thread-1] INFO  server.RaftServerConfigKeys (ConfUtils.java:logGet(43)) - raft.server.notification.no-leader.timeout = 120s (custom)
2019-10-09 23:58:55,030 [pool-413-thread-1] INFO  server.RaftServerConfigKeys (ConfUtils.java:logGet(43)) - raft.server.log.use.memory = false (default)
2019-10-09 23:58:55,030 [pool-413-thread-1] INFO  server.RaftServerConfigKeys (ConfUtils.java:logGet(43)) - raft.server.log.purge.gap = 1000000 (custom)
2019-10-09 23:58:55,030 [pool-413-thread-1] INFO  server.RaftServerConfigKeys (ConfUtils.java:logGet(43)) - raft.server.log.appender.buffer.byte-limit = 33554432 (custom)
2019-10-09 23:58:55,030 [pool-413-thread-1] INFO  server.RaftServerConfigKeys (ConfUtils.java:logGet(43)) - raft.server.log.segment.size.max = 1048576 (custom)
2019-10-09 23:58:55,033 [pool-413-thread-1] INFO  server.RaftServerConfigKeys (ConfUtils.java:logGet(43)) - raft.server.log.segment.cache.num.max = 2 (custom)
2019-10-09 23:58:55,033 [pool-413-thread-1] INFO  segmented.SegmentedRaftLogWorker (SegmentedRaftLogWorker.java:<init>(173)) - new 5271065f-f953-4651-8fe1-c188370d49d9@group-8773031A4812-SegmentedRaftLogWorker for RaftStorage:Storage Directory /workdir/hadoop-ozone/integration-test/target/test-dir/MiniOzoneClusterImpl-634ea9de-4d33-4471-86dd-709c178a0057/datanode-3/data/ratis/776290a3-dbe2-4619-a32f-8773031a4812
2019-10-09 23:58:55,033 [pool-413-thread-1] INFO  server.RaftServerConfigKeys (ConfUtils.java:logGet(43)) - raft.server.log.queue.byte-limit = 2147483647 (custom)
2019-10-09 23:58:55,033 [pool-413-thread-1] INFO  server.RaftServerConfigKeys (ConfUtils.java:logGet(43)) - raft.server.log.queue.element-limit = 1024 (custom)
2019-10-09 23:58:55,033 [pool-413-thread-1] INFO  server.RaftServerConfigKeys (ConfUtils.java:logGet(43)) - raft.server.log.segment.size.max = 1048576 (custom)
2019-10-09 23:58:55,033 [pool-413-thread-1] INFO  server.RaftServerConfigKeys (ConfUtils.java:logGet(43)) - raft.server.log.preallocated.size = 16384 (custom)
2019-10-09 23:58:55,033 [pool-413-thread-1] INFO  server.RaftServerConfigKeys (ConfUtils.java:logGet(43)) - raft.server.log.write.buffer.size = 33554432 (custom)
2019-10-09 23:58:55,034 [pool-413-thread-1] INFO  server.RaftServerConfigKeys (ConfUtils.java:logGet(43)) - raft.server.log.force.sync.num = 128 (default)
2019-10-09 23:58:55,034 [pool-413-thread-1] INFO  server.RaftServerConfigKeys (ConfUtils.java:logGet(43)) - raft.server.log.statemachine.data.sync = true (default)
2019-10-09 23:58:55,034 [pool-413-thread-1] INFO  server.RaftServerConfigKeys (ConfUtils.java:logGet(43)) - raft.server.log.statemachine.data.sync.timeout = 10s (default)
2019-10-09 23:58:55,034 [pool-413-thread-1] INFO  server.RaftServerConfigKeys (ConfUtils.java:logGet(43)) - raft.server.log.statemachine.data.sync.timeout.retry = -1 (default)
2019-10-09 23:58:55,034 [pool-413-thread-1] INFO  server.RaftServerConfigKeys (ConfUtils.java:logGet(43)) - raft.server.log.statemachine.data.caching.enabled = true (custom)
2019-10-09 23:58:55,035 [pool-413-thread-1] INFO  segmented.SegmentedRaftLogWorker (SegmentedRaftLogWorker.java:lambda$new$0(128)) - 5271065f-f953-4651-8fe1-c188370d49d9@group-8773031A4812-SegmentedRaftLogWorker: flushIndex: setUnconditionally 0 -> -1
2019-10-09 23:58:55,035 [pool-413-thread-1] INFO  server.RaftServerConfigKeys (ConfUtils.java:logGet(43)) - raft.server.snapshot.auto.trigger.enabled = true (custom)
2019-10-09 23:58:55,035 [pool-413-thread-1] INFO  server.RaftServerConfigKeys (ConfUtils.java:logGet(43)) - raft.server.snapshot.auto.trigger.threshold = 10000 (custom)
2019-10-09 23:58:55,035 [pool-413-thread-1] INFO  server.RaftServerConfigKeys (ConfUtils.java:logGet(43)) - raft.server.snapshot.retention.file.num = 5 (custom)
2019-10-09 23:58:55,035 [pool-413-thread-1] INFO  server.RaftServerConfigKeys (ConfUtils.java:logGet(43)) - raft.server.retrycache.expirytime = 600000ms (custom)
2019-10-09 23:58:55,037 [pool-413-thread-1] INFO  impl.RaftServerImpl (RaftServerImpl.java:start(181)) - 5271065f-f953-4651-8fe1-c188370d49d9@group-8773031A4812: start as a follower, conf=-1: [5271065f-f953-4651-8fe1-c188370d49d9:192.168.5.166:41788], old=null
2019-10-09 23:58:55,037 [pool-413-thread-1] INFO  impl.RaftServerImpl (RaftServerImpl.java:setRole(170)) - 5271065f-f953-4651-8fe1-c188370d49d9@group-8773031A4812: changes role from      null to FOLLOWER at term 0 for startAsFollower
2019-10-09 23:58:55,037 [pool-413-thread-1] INFO  impl.RoleInfo (RoleInfo.java:updateAndGet(143)) - 5271065f-f953-4651-8fe1-c188370d49d9: start FollowerState
2019-10-09 23:58:55,038 [pool-413-thread-1] INFO  util.JmxRegister (JmxRegister.java:tryRegister(44)) - Successfully registered JMX Bean with object name Ratis:service=RaftServer,group=group-8773031A4812,id=5271065f-f953-4651-8fe1-c188370d49d9
2019-10-09 23:58:55,042 [RatisPipelineUtilsThread] INFO  pipeline.PipelineStateManager (PipelineStateManager.java:addPipeline(57)) - Created pipeline Pipeline[ Id: 776290a3-dbe2-4619-a32f-8773031a4812, Nodes: 5271065f-f953-4651-8fe1-c188370d49d9{ip: 192.168.5.166, host: pr-hdds-1868-fg6nx-4263576025, networkLocation: /default-rack, certSerialId: null}, Type:RATIS, Factor:ONE, State:ALLOCATED]
2019-10-09 23:58:55,049 [grpc-default-executor-4] INFO  impl.RaftServerProxy (RaftServerProxy.java:addNew(89)) - cecef735-5786-42df-85c6-70e235beb44e: addNew group-0141DB9786B9:[cecef735-5786-42df-85c6-70e235beb44e:192.168.5.166:38484] returns group-0141DB9786B9:java.util.concurrent.CompletableFuture@37c11c59[Not completed]
2019-10-09 23:58:55,050 [pool-423-thread-1] INFO  impl.RaftServerImpl (RaftServerImpl.java:<init>(95)) - cecef735-5786-42df-85c6-70e235beb44e: new RaftServerImpl for group-0141DB9786B9:[cecef735-5786-42df-85c6-70e235beb44e:192.168.5.166:38484] with ContainerStateMachine:uninitialized
2019-10-09 23:58:55,051 [pool-423-thread-1] INFO  server.RaftServerConfigKeys (ConfUtils.java:logGet(43)) - raft.server.rpc.timeout.min = 5s (custom)
2019-10-09 23:58:55,051 [pool-423-thread-1] INFO  server.RaftServerConfigKeys (ConfUtils.java:logGet(43)) - raft.server.rpc.timeout.max = 5200ms (custom)
2019-10-09 23:58:55,051 [pool-423-thread-1] INFO  server.RaftServerConfigKeys (ConfUtils.java:logGet(43)) - raft.server.rpcslowness.timeout = 120s (custom)
2019-10-09 23:58:55,051 [pool-423-thread-1] INFO  server.RaftServerConfigKeys (ConfUtils.java:logGet(43)) - raft.server.sleep.deviation.threshold = 300 (default)
2019-10-09 23:58:55,051 [pool-423-thread-1] INFO  server.RaftServerConfigKeys (ConfUtils.java:logGet(43)) - raft.server.log.appender.install.snapshot.enabled = false (custom)
2019-10-09 23:58:55,051 [pool-423-thread-1] INFO  impl.RaftServerImpl (ServerState.java:<init>(103)) - cecef735-5786-42df-85c6-70e235beb44e@group-0141DB9786B9: ConfigurationManager, init=-1: [cecef735-5786-42df-85c6-70e235beb44e:192.168.5.166:38484], old=null, confs=<EMPTY_MAP>
2019-10-09 23:58:55,051 [pool-423-thread-1] INFO  server.RaftServerConfigKeys (ConfUtils.java:logGet(43)) - raft.server.storage.dir = [/workdir/hadoop-ozone/integration-test/target/test-dir/MiniOzoneClusterImpl-634ea9de-4d33-4471-86dd-709c178a0057/datanode-4/data/ratis] (custom)
2019-10-09 23:58:55,052 [pool-423-thread-1] INFO  server.RaftServerConfigKeys (ConfUtils.java:logGet(43)) - raft.server.log.corruption.policy = EXCEPTION (default)
2019-10-09 23:58:55,052 [pool-423-thread-1] INFO  storage.RaftStorageDirectory (RaftStorageDirectory.java:analyzeStorage(246)) - The storage directory /workdir/hadoop-ozone/integration-test/target/test-dir/MiniOzoneClusterImpl-634ea9de-4d33-4471-86dd-709c178a0057/datanode-4/data/ratis/06ecc2a7-93cf-4916-8508-0141db9786b9 does not exist. Creating ...
2019-10-09 23:58:55,053 [IPC Server handler 4 on 40198] INFO  net.NetworkTopology (NetworkTopologyImpl.java:add(111)) - Added a new node: /default-rack/e93d3519-60bf-4589-bc84-68859d642e36
2019-10-09 23:58:55,053 [IPC Server handler 4 on 40198] INFO  node.SCMNodeManager (SCMNodeManager.java:register(268)) - Registered Data node : e93d3519-60bf-4589-bc84-68859d642e36{ip: 192.168.5.166, host: pr-hdds-1868-fg6nx-4263576025, networkLocation: /default-rack, certSerialId: null}
2019-10-09 23:58:55,057 [pool-423-thread-1] INFO  storage.RaftStorageDirectory (RaftStorageDirectory.java:tryLock(328)) - Lock on /workdir/hadoop-ozone/integration-test/target/test-dir/MiniOzoneClusterImpl-634ea9de-4d33-4471-86dd-709c178a0057/datanode-4/data/ratis/06ecc2a7-93cf-4916-8508-0141db9786b9/in_use.lock acquired by nodename 25084@pr-hdds-1868-fg6nx-4263576025
2019-10-09 23:58:55,070 [pool-423-thread-1] INFO  storage.RaftStorage (RaftStorage.java:format(84)) - Storage directory /workdir/hadoop-ozone/integration-test/target/test-dir/MiniOzoneClusterImpl-634ea9de-4d33-4471-86dd-709c178a0057/datanode-4/data/ratis/06ecc2a7-93cf-4916-8508-0141db9786b9 has been successfully formatted.
2019-10-09 23:58:55,070 [pool-423-thread-1] INFO  ratis.ContainerStateMachine (ContainerStateMachine.java:loadSnapshot(233)) - group-0141DB9786B9: The snapshot info is null. Setting the last applied indexto:(t:0, i:~)
2019-10-09 23:58:55,070 [pool-423-thread-1] INFO  server.RaftServerConfigKeys (ConfUtils.java:logGet(43)) - raft.server.notification.no-leader.timeout = 120s (custom)
2019-10-09 23:58:55,071 [pool-423-thread-1] INFO  server.RaftServerConfigKeys (ConfUtils.java:logGet(43)) - raft.server.log.use.memory = false (default)
2019-10-09 23:58:55,071 [pool-423-thread-1] INFO  server.RaftServerConfigKeys (ConfUtils.java:logGet(43)) - raft.server.log.purge.gap = 1000000 (custom)
2019-10-09 23:58:55,071 [pool-423-thread-1] INFO  server.RaftServerConfigKeys (ConfUtils.java:logGet(43)) - raft.server.log.appender.buffer.byte-limit = 33554432 (custom)
2019-10-09 23:58:55,071 [pool-423-thread-1] INFO  server.RaftServerConfigKeys (ConfUtils.java:logGet(43)) - raft.server.log.segment.size.max = 1048576 (custom)
2019-10-09 23:58:55,072 [pool-423-thread-1] INFO  server.RaftServerConfigKeys (ConfUtils.java:logGet(43)) - raft.server.log.segment.cache.num.max = 2 (custom)
2019-10-09 23:58:55,073 [pool-423-thread-1] INFO  segmented.SegmentedRaftLogWorker (SegmentedRaftLogWorker.java:<init>(173)) - new cecef735-5786-42df-85c6-70e235beb44e@group-0141DB9786B9-SegmentedRaftLogWorker for RaftStorage:Storage Directory /workdir/hadoop-ozone/integration-test/target/test-dir/MiniOzoneClusterImpl-634ea9de-4d33-4471-86dd-709c178a0057/datanode-4/data/ratis/06ecc2a7-93cf-4916-8508-0141db9786b9
2019-10-09 23:58:55,073 [pool-423-thread-1] INFO  server.RaftServerConfigKeys (ConfUtils.java:logGet(43)) - raft.server.log.queue.byte-limit = 2147483647 (custom)
2019-10-09 23:58:55,073 [pool-423-thread-1] INFO  server.RaftServerConfigKeys (ConfUtils.java:logGet(43)) - raft.server.log.queue.element-limit = 1024 (custom)
2019-10-09 23:58:55,073 [pool-423-thread-1] INFO  server.RaftServerConfigKeys (ConfUtils.java:logGet(43)) - raft.server.log.segment.size.max = 1048576 (custom)
2019-10-09 23:58:55,073 [pool-423-thread-1] INFO  server.RaftServerConfigKeys (ConfUtils.java:logGet(43)) - raft.server.log.preallocated.size = 16384 (custom)
2019-10-09 23:58:55,073 [pool-423-thread-1] INFO  server.RaftServerConfigKeys (ConfUtils.java:logGet(43)) - raft.server.log.write.buffer.size = 33554432 (custom)
2019-10-09 23:58:55,073 [pool-423-thread-1] INFO  server.RaftServerConfigKeys (ConfUtils.java:logGet(43)) - raft.server.log.force.sync.num = 128 (default)
2019-10-09 23:58:55,073 [pool-423-thread-1] INFO  server.RaftServerConfigKeys (ConfUtils.java:logGet(43)) - raft.server.log.statemachine.data.sync = true (default)
2019-10-09 23:58:55,073 [pool-423-thread-1] INFO  server.RaftServerConfigKeys (ConfUtils.java:logGet(43)) - raft.server.log.statemachine.data.sync.timeout = 10s (default)
2019-10-09 23:58:55,074 [pool-423-thread-1] INFO  server.RaftServerConfigKeys (ConfUtils.java:logGet(43)) - raft.server.log.statemachine.data.sync.timeout.retry = -1 (default)
2019-10-09 23:58:55,074 [pool-423-thread-1] INFO  server.RaftServerConfigKeys (ConfUtils.java:logGet(43)) - raft.server.log.statemachine.data.caching.enabled = true (custom)
2019-10-09 23:58:55,074 [pool-423-thread-1] INFO  segmented.SegmentedRaftLogWorker (SegmentedRaftLogWorker.java:lambda$new$0(128)) - cecef735-5786-42df-85c6-70e235beb44e@group-0141DB9786B9-SegmentedRaftLogWorker: flushIndex: setUnconditionally 0 -> -1
2019-10-09 23:58:55,074 [pool-423-thread-1] INFO  server.RaftServerConfigKeys (ConfUtils.java:logGet(43)) - raft.server.snapshot.auto.trigger.enabled = true (custom)
2019-10-09 23:58:55,075 [pool-423-thread-1] INFO  server.RaftServerConfigKeys (ConfUtils.java:logGet(43)) - raft.server.snapshot.auto.trigger.threshold = 10000 (custom)
2019-10-09 23:58:55,075 [pool-423-thread-1] INFO  server.RaftServerConfigKeys (ConfUtils.java:logGet(43)) - raft.server.snapshot.retention.file.num = 5 (custom)
2019-10-09 23:58:55,075 [pool-423-thread-1] INFO  server.RaftServerConfigKeys (ConfUtils.java:logGet(43)) - raft.server.retrycache.expirytime = 600000ms (custom)
2019-10-09 23:58:55,076 [pool-423-thread-1] INFO  impl.RaftServerImpl (RaftServerImpl.java:start(181)) - cecef735-5786-42df-85c6-70e235beb44e@group-0141DB9786B9: start as a follower, conf=-1: [cecef735-5786-42df-85c6-70e235beb44e:192.168.5.166:38484], old=null
2019-10-09 23:58:55,077 [pool-423-thread-1] INFO  impl.RaftServerImpl (RaftServerImpl.java:setRole(170)) - cecef735-5786-42df-85c6-70e235beb44e@group-0141DB9786B9: changes role from      null to FOLLOWER at term 0 for startAsFollower
2019-10-09 23:58:55,077 [pool-423-thread-1] INFO  impl.RoleInfo (RoleInfo.java:updateAndGet(143)) - cecef735-5786-42df-85c6-70e235beb44e: start FollowerState
2019-10-09 23:58:55,077 [pool-423-thread-1] INFO  util.JmxRegister (JmxRegister.java:tryRegister(44)) - Successfully registered JMX Bean with object name Ratis:service=RaftServer,group=group-0141DB9786B9,id=cecef735-5786-42df-85c6-70e235beb44e
2019-10-09 23:58:55,081 [RatisPipelineUtilsThread] INFO  pipeline.PipelineStateManager (PipelineStateManager.java:addPipeline(57)) - Created pipeline Pipeline[ Id: 06ecc2a7-93cf-4916-8508-0141db9786b9, Nodes: cecef735-5786-42df-85c6-70e235beb44e{ip: 192.168.5.166, host: pr-hdds-1868-fg6nx-4263576025, networkLocation: /default-rack, certSerialId: null}, Type:RATIS, Factor:ONE, State:ALLOCATED]
2019-10-09 23:58:55,089 [grpc-default-executor-4] INFO  impl.RaftServerProxy (RaftServerProxy.java:addNew(89)) - e93d3519-60bf-4589-bc84-68859d642e36: addNew group-C07A40AD4929:[e93d3519-60bf-4589-bc84-68859d642e36:192.168.5.166:45035] returns group-C07A40AD4929:java.util.concurrent.CompletableFuture@751b8495[Not completed]
2019-10-09 23:58:55,091 [pool-433-thread-1] INFO  impl.RaftServerImpl (RaftServerImpl.java:<init>(95)) - e93d3519-60bf-4589-bc84-68859d642e36: new RaftServerImpl for group-C07A40AD4929:[e93d3519-60bf-4589-bc84-68859d642e36:192.168.5.166:45035] with ContainerStateMachine:uninitialized
2019-10-09 23:58:55,091 [pool-433-thread-1] INFO  server.RaftServerConfigKeys (ConfUtils.java:logGet(43)) - raft.server.rpc.timeout.min = 5s (custom)
2019-10-09 23:58:55,091 [pool-433-thread-1] INFO  server.RaftServerConfigKeys (ConfUtils.java:logGet(43)) - raft.server.rpc.timeout.max = 5200ms (custom)
2019-10-09 23:58:55,091 [pool-433-thread-1] INFO  server.RaftServerConfigKeys (ConfUtils.java:logGet(43)) - raft.server.rpcslowness.timeout = 120s (custom)
2019-10-09 23:58:55,091 [pool-433-thread-1] INFO  server.RaftServerConfigKeys (ConfUtils.java:logGet(43)) - raft.server.sleep.deviation.threshold = 300 (default)
2019-10-09 23:58:55,092 [pool-433-thread-1] INFO  server.RaftServerConfigKeys (ConfUtils.java:logGet(43)) - raft.server.log.appender.install.snapshot.enabled = false (custom)
2019-10-09 23:58:55,092 [pool-433-thread-1] INFO  impl.RaftServerImpl (ServerState.java:<init>(103)) - e93d3519-60bf-4589-bc84-68859d642e36@group-C07A40AD4929: ConfigurationManager, init=-1: [e93d3519-60bf-4589-bc84-68859d642e36:192.168.5.166:45035], old=null, confs=<EMPTY_MAP>
2019-10-09 23:58:55,092 [pool-433-thread-1] INFO  server.RaftServerConfigKeys (ConfUtils.java:logGet(43)) - raft.server.storage.dir = [/workdir/hadoop-ozone/integration-test/target/test-dir/MiniOzoneClusterImpl-634ea9de-4d33-4471-86dd-709c178a0057/datanode-5/data/ratis] (custom)
2019-10-09 23:58:55,092 [pool-433-thread-1] INFO  server.RaftServerConfigKeys (ConfUtils.java:logGet(43)) - raft.server.log.corruption.policy = EXCEPTION (default)
2019-10-09 23:58:55,092 [pool-433-thread-1] INFO  storage.RaftStorageDirectory (RaftStorageDirectory.java:analyzeStorage(246)) - The storage directory /workdir/hadoop-ozone/integration-test/target/test-dir/MiniOzoneClusterImpl-634ea9de-4d33-4471-86dd-709c178a0057/datanode-5/data/ratis/717206c4-03b9-4110-8b41-c07a40ad4929 does not exist. Creating ...
2019-10-09 23:58:55,105 [pool-433-thread-1] INFO  storage.RaftStorageDirectory (RaftStorageDirectory.java:tryLock(328)) - Lock on /workdir/hadoop-ozone/integration-test/target/test-dir/MiniOzoneClusterImpl-634ea9de-4d33-4471-86dd-709c178a0057/datanode-5/data/ratis/717206c4-03b9-4110-8b41-c07a40ad4929/in_use.lock acquired by nodename 25084@pr-hdds-1868-fg6nx-4263576025
2019-10-09 23:58:55,117 [pool-433-thread-1] INFO  storage.RaftStorage (RaftStorage.java:format(84)) - Storage directory /workdir/hadoop-ozone/integration-test/target/test-dir/MiniOzoneClusterImpl-634ea9de-4d33-4471-86dd-709c178a0057/datanode-5/data/ratis/717206c4-03b9-4110-8b41-c07a40ad4929 has been successfully formatted.
2019-10-09 23:58:55,118 [pool-433-thread-1] INFO  ratis.ContainerStateMachine (ContainerStateMachine.java:loadSnapshot(233)) - group-C07A40AD4929: The snapshot info is null. Setting the last applied indexto:(t:0, i:~)
2019-10-09 23:58:55,118 [pool-433-thread-1] INFO  server.RaftServerConfigKeys (ConfUtils.java:logGet(43)) - raft.server.notification.no-leader.timeout = 120s (custom)
2019-10-09 23:58:55,118 [pool-433-thread-1] INFO  server.RaftServerConfigKeys (ConfUtils.java:logGet(43)) - raft.server.log.use.memory = false (default)
2019-10-09 23:58:55,118 [pool-433-thread-1] INFO  server.RaftServerConfigKeys (ConfUtils.java:logGet(43)) - raft.server.log.purge.gap = 1000000 (custom)
2019-10-09 23:58:55,118 [pool-433-thread-1] INFO  server.RaftServerConfigKeys (ConfUtils.java:logGet(43)) - raft.server.log.appender.buffer.byte-limit = 33554432 (custom)
2019-10-09 23:58:55,118 [pool-433-thread-1] INFO  server.RaftServerConfigKeys (ConfUtils.java:logGet(43)) - raft.server.log.segment.size.max = 1048576 (custom)
2019-10-09 23:58:55,120 [pool-433-thread-1] INFO  server.RaftServerConfigKeys (ConfUtils.java:logGet(43)) - raft.server.log.segment.cache.num.max = 2 (custom)
2019-10-09 23:58:55,120 [pool-433-thread-1] INFO  segmented.SegmentedRaftLogWorker (SegmentedRaftLogWorker.java:<init>(173)) - new e93d3519-60bf-4589-bc84-68859d642e36@group-C07A40AD4929-SegmentedRaftLogWorker for RaftStorage:Storage Directory /workdir/hadoop-ozone/integration-test/target/test-dir/MiniOzoneClusterImpl-634ea9de-4d33-4471-86dd-709c178a0057/datanode-5/data/ratis/717206c4-03b9-4110-8b41-c07a40ad4929
2019-10-09 23:58:55,120 [pool-433-thread-1] INFO  server.RaftServerConfigKeys (ConfUtils.java:logGet(43)) - raft.server.log.queue.byte-limit = 2147483647 (custom)
2019-10-09 23:58:55,121 [pool-433-thread-1] INFO  server.RaftServerConfigKeys (ConfUtils.java:logGet(43)) - raft.server.log.queue.element-limit = 1024 (custom)
2019-10-09 23:58:55,121 [pool-433-thread-1] INFO  server.RaftServerConfigKeys (ConfUtils.java:logGet(43)) - raft.server.log.segment.size.max = 1048576 (custom)
2019-10-09 23:58:55,121 [pool-433-thread-1] INFO  server.RaftServerConfigKeys (ConfUtils.java:logGet(43)) - raft.server.log.preallocated.size = 16384 (custom)
2019-10-09 23:58:55,121 [pool-433-thread-1] INFO  server.RaftServerConfigKeys (ConfUtils.java:logGet(43)) - raft.server.log.write.buffer.size = 33554432 (custom)
2019-10-09 23:58:55,121 [pool-433-thread-1] INFO  server.RaftServerConfigKeys (ConfUtils.java:logGet(43)) - raft.server.log.force.sync.num = 128 (default)
2019-10-09 23:58:55,121 [pool-433-thread-1] INFO  server.RaftServerConfigKeys (ConfUtils.java:logGet(43)) - raft.server.log.statemachine.data.sync = true (default)
2019-10-09 23:58:55,121 [pool-433-thread-1] INFO  server.RaftServerConfigKeys (ConfUtils.java:logGet(43)) - raft.server.log.statemachine.data.sync.timeout = 10s (default)
2019-10-09 23:58:55,121 [pool-433-thread-1] INFO  server.RaftServerConfigKeys (ConfUtils.java:logGet(43)) - raft.server.log.statemachine.data.sync.timeout.retry = -1 (default)
2019-10-09 23:58:55,122 [pool-433-thread-1] INFO  server.RaftServerConfigKeys (ConfUtils.java:logGet(43)) - raft.server.log.statemachine.data.caching.enabled = true (custom)
2019-10-09 23:58:55,122 [pool-433-thread-1] INFO  segmented.SegmentedRaftLogWorker (SegmentedRaftLogWorker.java:lambda$new$0(128)) - e93d3519-60bf-4589-bc84-68859d642e36@group-C07A40AD4929-SegmentedRaftLogWorker: flushIndex: setUnconditionally 0 -> -1
2019-10-09 23:58:55,122 [pool-433-thread-1] INFO  server.RaftServerConfigKeys (ConfUtils.java:logGet(43)) - raft.server.snapshot.auto.trigger.enabled = true (custom)
2019-10-09 23:58:55,122 [pool-433-thread-1] INFO  server.RaftServerConfigKeys (ConfUtils.java:logGet(43)) - raft.server.snapshot.auto.trigger.threshold = 10000 (custom)
2019-10-09 23:58:55,122 [pool-433-thread-1] INFO  server.RaftServerConfigKeys (ConfUtils.java:logGet(43)) - raft.server.snapshot.retention.file.num = 5 (custom)
2019-10-09 23:58:55,123 [pool-433-thread-1] INFO  server.RaftServerConfigKeys (ConfUtils.java:logGet(43)) - raft.server.retrycache.expirytime = 600000ms (custom)
2019-10-09 23:58:55,124 [pool-433-thread-1] INFO  impl.RaftServerImpl (RaftServerImpl.java:start(181)) - e93d3519-60bf-4589-bc84-68859d642e36@group-C07A40AD4929: start as a follower, conf=-1: [e93d3519-60bf-4589-bc84-68859d642e36:192.168.5.166:45035], old=null
2019-10-09 23:58:55,125 [pool-433-thread-1] INFO  impl.RaftServerImpl (RaftServerImpl.java:setRole(170)) - e93d3519-60bf-4589-bc84-68859d642e36@group-C07A40AD4929: changes role from      null to FOLLOWER at term 0 for startAsFollower
2019-10-09 23:58:55,125 [pool-433-thread-1] INFO  impl.RoleInfo (RoleInfo.java:updateAndGet(143)) - e93d3519-60bf-4589-bc84-68859d642e36: start FollowerState
2019-10-09 23:58:55,125 [pool-433-thread-1] INFO  util.JmxRegister (JmxRegister.java:tryRegister(44)) - Successfully registered JMX Bean with object name Ratis:service=RaftServer,group=group-C07A40AD4929,id=e93d3519-60bf-4589-bc84-68859d642e36
2019-10-09 23:58:55,129 [RatisPipelineUtilsThread] INFO  pipeline.PipelineStateManager (PipelineStateManager.java:addPipeline(57)) - Created pipeline Pipeline[ Id: 717206c4-03b9-4110-8b41-c07a40ad4929, Nodes: e93d3519-60bf-4589-bc84-68859d642e36{ip: 192.168.5.166, host: pr-hdds-1868-fg6nx-4263576025, networkLocation: /default-rack, certSerialId: null}, Type:RATIS, Factor:ONE, State:ALLOCATED]
2019-10-09 23:58:55,148 [grpc-default-executor-8] INFO  impl.RaftServerProxy (RaftServerProxy.java:addNew(89)) - e93d3519-60bf-4589-bc84-68859d642e36: addNew group-14FBC324E7D4:[5271065f-f953-4651-8fe1-c188370d49d9:192.168.5.166:41788, cecef735-5786-42df-85c6-70e235beb44e:192.168.5.166:38484, e93d3519-60bf-4589-bc84-68859d642e36:192.168.5.166:45035] returns group-14FBC324E7D4:java.util.concurrent.CompletableFuture@1d95361[Not completed]
2019-10-09 23:58:55,149 [grpc-default-executor-4] INFO  impl.RaftServerProxy (RaftServerProxy.java:addNew(89)) - cecef735-5786-42df-85c6-70e235beb44e: addNew group-14FBC324E7D4:[5271065f-f953-4651-8fe1-c188370d49d9:192.168.5.166:41788, cecef735-5786-42df-85c6-70e235beb44e:192.168.5.166:38484, e93d3519-60bf-4589-bc84-68859d642e36:192.168.5.166:45035] returns group-14FBC324E7D4:java.util.concurrent.CompletableFuture@2974d0ac[Not completed]
2019-10-09 23:58:55,149 [grpc-default-executor-8] INFO  impl.RaftServerProxy (RaftServerProxy.java:addNew(89)) - 5271065f-f953-4651-8fe1-c188370d49d9: addNew group-14FBC324E7D4:[5271065f-f953-4651-8fe1-c188370d49d9:192.168.5.166:41788, cecef735-5786-42df-85c6-70e235beb44e:192.168.5.166:38484, e93d3519-60bf-4589-bc84-68859d642e36:192.168.5.166:45035] returns group-14FBC324E7D4:java.util.concurrent.CompletableFuture@56057571[Not completed]
2019-10-09 23:58:55,150 [pool-433-thread-1] INFO  impl.RaftServerImpl (RaftServerImpl.java:<init>(95)) - e93d3519-60bf-4589-bc84-68859d642e36: new RaftServerImpl for group-14FBC324E7D4:[5271065f-f953-4651-8fe1-c188370d49d9:192.168.5.166:41788, cecef735-5786-42df-85c6-70e235beb44e:192.168.5.166:38484, e93d3519-60bf-4589-bc84-68859d642e36:192.168.5.166:45035] with ContainerStateMachine:uninitialized
2019-10-09 23:58:55,150 [pool-433-thread-1] INFO  server.RaftServerConfigKeys (ConfUtils.java:logGet(43)) - raft.server.rpc.timeout.min = 5s (custom)
2019-10-09 23:58:55,150 [pool-433-thread-1] INFO  server.RaftServerConfigKeys (ConfUtils.java:logGet(43)) - raft.server.rpc.timeout.max = 5200ms (custom)
2019-10-09 23:58:55,151 [pool-433-thread-1] INFO  server.RaftServerConfigKeys (ConfUtils.java:logGet(43)) - raft.server.rpcslowness.timeout = 120s (custom)
2019-10-09 23:58:55,151 [pool-433-thread-1] INFO  server.RaftServerConfigKeys (ConfUtils.java:logGet(43)) - raft.server.sleep.deviation.threshold = 300 (default)
2019-10-09 23:58:55,151 [pool-433-thread-1] INFO  server.RaftServerConfigKeys (ConfUtils.java:logGet(43)) - raft.server.log.appender.install.snapshot.enabled = false (custom)
2019-10-09 23:58:55,151 [pool-433-thread-1] INFO  impl.RaftServerImpl (ServerState.java:<init>(103)) - e93d3519-60bf-4589-bc84-68859d642e36@group-14FBC324E7D4: ConfigurationManager, init=-1: [5271065f-f953-4651-8fe1-c188370d49d9:192.168.5.166:41788, cecef735-5786-42df-85c6-70e235beb44e:192.168.5.166:38484, e93d3519-60bf-4589-bc84-68859d642e36:192.168.5.166:45035], old=null, confs=<EMPTY_MAP>
2019-10-09 23:58:55,151 [pool-433-thread-1] INFO  server.RaftServerConfigKeys (ConfUtils.java:logGet(43)) - raft.server.storage.dir = [/workdir/hadoop-ozone/integration-test/target/test-dir/MiniOzoneClusterImpl-634ea9de-4d33-4471-86dd-709c178a0057/datanode-5/data/ratis] (custom)
2019-10-09 23:58:55,152 [pool-433-thread-1] INFO  server.RaftServerConfigKeys (ConfUtils.java:logGet(43)) - raft.server.log.corruption.policy = EXCEPTION (default)
2019-10-09 23:58:55,152 [pool-413-thread-1] INFO  impl.RaftServerImpl (RaftServerImpl.java:<init>(95)) - 5271065f-f953-4651-8fe1-c188370d49d9: new RaftServerImpl for group-14FBC324E7D4:[5271065f-f953-4651-8fe1-c188370d49d9:192.168.5.166:41788, cecef735-5786-42df-85c6-70e235beb44e:192.168.5.166:38484, e93d3519-60bf-4589-bc84-68859d642e36:192.168.5.166:45035] with ContainerStateMachine:uninitialized
2019-10-09 23:58:55,152 [pool-433-thread-1] INFO  storage.RaftStorageDirectory (RaftStorageDirectory.java:analyzeStorage(246)) - The storage directory /workdir/hadoop-ozone/integration-test/target/test-dir/MiniOzoneClusterImpl-634ea9de-4d33-4471-86dd-709c178a0057/datanode-5/data/ratis/6d545711-b2e0-42ac-a3ce-14fbc324e7d4 does not exist. Creating ...
2019-10-09 23:58:55,152 [pool-413-thread-1] INFO  server.RaftServerConfigKeys (ConfUtils.java:logGet(43)) - raft.server.rpc.timeout.min = 5s (custom)
2019-10-09 23:58:55,152 [pool-423-thread-1] INFO  impl.RaftServerImpl (RaftServerImpl.java:<init>(95)) - cecef735-5786-42df-85c6-70e235beb44e: new RaftServerImpl for group-14FBC324E7D4:[5271065f-f953-4651-8fe1-c188370d49d9:192.168.5.166:41788, cecef735-5786-42df-85c6-70e235beb44e:192.168.5.166:38484, e93d3519-60bf-4589-bc84-68859d642e36:192.168.5.166:45035] with ContainerStateMachine:uninitialized
2019-10-09 23:58:55,152 [pool-413-thread-1] INFO  server.RaftServerConfigKeys (ConfUtils.java:logGet(43)) - raft.server.rpc.timeout.max = 5200ms (custom)
2019-10-09 23:58:55,152 [pool-423-thread-1] INFO  server.RaftServerConfigKeys (ConfUtils.java:logGet(43)) - raft.server.rpc.timeout.min = 5s (custom)
2019-10-09 23:58:55,152 [pool-413-thread-1] INFO  server.RaftServerConfigKeys (ConfUtils.java:logGet(43)) - raft.server.rpcslowness.timeout = 120s (custom)
2019-10-09 23:58:55,152 [pool-423-thread-1] INFO  server.RaftServerConfigKeys (ConfUtils.java:logGet(43)) - raft.server.rpc.timeout.max = 5200ms (custom)
2019-10-09 23:58:55,152 [pool-413-thread-1] INFO  server.RaftServerConfigKeys (ConfUtils.java:logGet(43)) - raft.server.sleep.deviation.threshold = 300 (default)
2019-10-09 23:58:55,153 [pool-423-thread-1] INFO  server.RaftServerConfigKeys (ConfUtils.java:logGet(43)) - raft.server.rpcslowness.timeout = 120s (custom)
2019-10-09 23:58:55,153 [pool-413-thread-1] INFO  server.RaftServerConfigKeys (ConfUtils.java:logGet(43)) - raft.server.log.appender.install.snapshot.enabled = false (custom)
2019-10-09 23:58:55,153 [pool-423-thread-1] INFO  server.RaftServerConfigKeys (ConfUtils.java:logGet(43)) - raft.server.sleep.deviation.threshold = 300 (default)
2019-10-09 23:58:55,153 [pool-413-thread-1] INFO  impl.RaftServerImpl (ServerState.java:<init>(103)) - 5271065f-f953-4651-8fe1-c188370d49d9@group-14FBC324E7D4: ConfigurationManager, init=-1: [5271065f-f953-4651-8fe1-c188370d49d9:192.168.5.166:41788, cecef735-5786-42df-85c6-70e235beb44e:192.168.5.166:38484, e93d3519-60bf-4589-bc84-68859d642e36:192.168.5.166:45035], old=null, confs=<EMPTY_MAP>
2019-10-09 23:58:55,153 [pool-423-thread-1] INFO  server.RaftServerConfigKeys (ConfUtils.java:logGet(43)) - raft.server.log.appender.install.snapshot.enabled = false (custom)
2019-10-09 23:58:55,153 [pool-413-thread-1] INFO  server.RaftServerConfigKeys (ConfUtils.java:logGet(43)) - raft.server.storage.dir = [/workdir/hadoop-ozone/integration-test/target/test-dir/MiniOzoneClusterImpl-634ea9de-4d33-4471-86dd-709c178a0057/datanode-3/data/ratis] (custom)
2019-10-09 23:58:55,153 [pool-423-thread-1] INFO  impl.RaftServerImpl (ServerState.java:<init>(103)) - cecef735-5786-42df-85c6-70e235beb44e@group-14FBC324E7D4: ConfigurationManager, init=-1: [5271065f-f953-4651-8fe1-c188370d49d9:192.168.5.166:41788, cecef735-5786-42df-85c6-70e235beb44e:192.168.5.166:38484, e93d3519-60bf-4589-bc84-68859d642e36:192.168.5.166:45035], old=null, confs=<EMPTY_MAP>
2019-10-09 23:58:55,153 [pool-423-thread-1] INFO  server.RaftServerConfigKeys (ConfUtils.java:logGet(43)) - raft.server.storage.dir = [/workdir/hadoop-ozone/integration-test/target/test-dir/MiniOzoneClusterImpl-634ea9de-4d33-4471-86dd-709c178a0057/datanode-4/data/ratis] (custom)
2019-10-09 23:58:55,153 [pool-413-thread-1] INFO  server.RaftServerConfigKeys (ConfUtils.java:logGet(43)) - raft.server.log.corruption.policy = EXCEPTION (default)
2019-10-09 23:58:55,154 [pool-423-thread-1] INFO  server.RaftServerConfigKeys (ConfUtils.java:logGet(43)) - raft.server.log.corruption.policy = EXCEPTION (default)
2019-10-09 23:58:55,154 [pool-413-thread-1] INFO  storage.RaftStorageDirectory (RaftStorageDirectory.java:analyzeStorage(246)) - The storage directory /workdir/hadoop-ozone/integration-test/target/test-dir/MiniOzoneClusterImpl-634ea9de-4d33-4471-86dd-709c178a0057/datanode-3/data/ratis/6d545711-b2e0-42ac-a3ce-14fbc324e7d4 does not exist. Creating ...
2019-10-09 23:58:55,154 [pool-423-thread-1] INFO  storage.RaftStorageDirectory (RaftStorageDirectory.java:analyzeStorage(246)) - The storage directory /workdir/hadoop-ozone/integration-test/target/test-dir/MiniOzoneClusterImpl-634ea9de-4d33-4471-86dd-709c178a0057/datanode-4/data/ratis/6d545711-b2e0-42ac-a3ce-14fbc324e7d4 does not exist. Creating ...
2019-10-09 23:58:55,155 [pool-433-thread-1] INFO  storage.RaftStorageDirectory (RaftStorageDirectory.java:tryLock(328)) - Lock on /workdir/hadoop-ozone/integration-test/target/test-dir/MiniOzoneClusterImpl-634ea9de-4d33-4471-86dd-709c178a0057/datanode-5/data/ratis/6d545711-b2e0-42ac-a3ce-14fbc324e7d4/in_use.lock acquired by nodename 25084@pr-hdds-1868-fg6nx-4263576025
2019-10-09 23:58:55,160 [pool-423-thread-1] INFO  storage.RaftStorageDirectory (RaftStorageDirectory.java:tryLock(328)) - Lock on /workdir/hadoop-ozone/integration-test/target/test-dir/MiniOzoneClusterImpl-634ea9de-4d33-4471-86dd-709c178a0057/datanode-4/data/ratis/6d545711-b2e0-42ac-a3ce-14fbc324e7d4/in_use.lock acquired by nodename 25084@pr-hdds-1868-fg6nx-4263576025
2019-10-09 23:58:55,160 [pool-413-thread-1] INFO  storage.RaftStorageDirectory (RaftStorageDirectory.java:tryLock(328)) - Lock on /workdir/hadoop-ozone/integration-test/target/test-dir/MiniOzoneClusterImpl-634ea9de-4d33-4471-86dd-709c178a0057/datanode-3/data/ratis/6d545711-b2e0-42ac-a3ce-14fbc324e7d4/in_use.lock acquired by nodename 25084@pr-hdds-1868-fg6nx-4263576025
2019-10-09 23:58:55,161 [pool-433-thread-1] INFO  storage.RaftStorage (RaftStorage.java:format(84)) - Storage directory /workdir/hadoop-ozone/integration-test/target/test-dir/MiniOzoneClusterImpl-634ea9de-4d33-4471-86dd-709c178a0057/datanode-5/data/ratis/6d545711-b2e0-42ac-a3ce-14fbc324e7d4 has been successfully formatted.
2019-10-09 23:58:55,162 [pool-433-thread-1] INFO  ratis.ContainerStateMachine (ContainerStateMachine.java:loadSnapshot(233)) - group-14FBC324E7D4: The snapshot info is null. Setting the last applied indexto:(t:0, i:~)
2019-10-09 23:58:55,162 [pool-433-thread-1] INFO  server.RaftServerConfigKeys (ConfUtils.java:logGet(43)) - raft.server.notification.no-leader.timeout = 120s (custom)
2019-10-09 23:58:55,162 [pool-433-thread-1] INFO  server.RaftServerConfigKeys (ConfUtils.java:logGet(43)) - raft.server.log.use.memory = false (default)
2019-10-09 23:58:55,162 [pool-433-thread-1] INFO  server.RaftServerConfigKeys (ConfUtils.java:logGet(43)) - raft.server.log.purge.gap = 1000000 (custom)
2019-10-09 23:58:55,162 [pool-433-thread-1] INFO  server.RaftServerConfigKeys (ConfUtils.java:logGet(43)) - raft.server.log.appender.buffer.byte-limit = 33554432 (custom)
2019-10-09 23:58:55,163 [pool-433-thread-1] INFO  server.RaftServerConfigKeys (ConfUtils.java:logGet(43)) - raft.server.log.segment.size.max = 1048576 (custom)
2019-10-09 23:58:55,163 [pool-433-thread-1] INFO  server.RaftServerConfigKeys (ConfUtils.java:logGet(43)) - raft.server.log.segment.cache.num.max = 2 (custom)
2019-10-09 23:58:55,163 [pool-433-thread-1] INFO  segmented.SegmentedRaftLogWorker (SegmentedRaftLogWorker.java:<init>(173)) - new e93d3519-60bf-4589-bc84-68859d642e36@group-14FBC324E7D4-SegmentedRaftLogWorker for RaftStorage:Storage Directory /workdir/hadoop-ozone/integration-test/target/test-dir/MiniOzoneClusterImpl-634ea9de-4d33-4471-86dd-709c178a0057/datanode-5/data/ratis/6d545711-b2e0-42ac-a3ce-14fbc324e7d4
2019-10-09 23:58:55,163 [pool-433-thread-1] INFO  server.RaftServerConfigKeys (ConfUtils.java:logGet(43)) - raft.server.log.queue.byte-limit = 2147483647 (custom)
2019-10-09 23:58:55,163 [pool-433-thread-1] INFO  server.RaftServerConfigKeys (ConfUtils.java:logGet(43)) - raft.server.log.queue.element-limit = 1024 (custom)
2019-10-09 23:58:55,163 [pool-433-thread-1] INFO  server.RaftServerConfigKeys (ConfUtils.java:logGet(43)) - raft.server.log.segment.size.max = 1048576 (custom)
2019-10-09 23:58:55,164 [pool-433-thread-1] INFO  server.RaftServerConfigKeys (ConfUtils.java:logGet(43)) - raft.server.log.preallocated.size = 16384 (custom)
2019-10-09 23:58:55,164 [pool-433-thread-1] INFO  server.RaftServerConfigKeys (ConfUtils.java:logGet(43)) - raft.server.log.write.buffer.size = 33554432 (custom)
2019-10-09 23:58:55,164 [pool-433-thread-1] INFO  server.RaftServerConfigKeys (ConfUtils.java:logGet(43)) - raft.server.log.force.sync.num = 128 (default)
2019-10-09 23:58:55,164 [pool-433-thread-1] INFO  server.RaftServerConfigKeys (ConfUtils.java:logGet(43)) - raft.server.log.statemachine.data.sync = true (default)
2019-10-09 23:58:55,164 [pool-433-thread-1] INFO  server.RaftServerConfigKeys (ConfUtils.java:logGet(43)) - raft.server.log.statemachine.data.sync.timeout = 10s (default)
2019-10-09 23:58:55,164 [pool-433-thread-1] INFO  server.RaftServerConfigKeys (ConfUtils.java:logGet(43)) - raft.server.log.statemachine.data.sync.timeout.retry = -1 (default)
2019-10-09 23:58:55,165 [pool-433-thread-1] INFO  server.RaftServerConfigKeys (ConfUtils.java:logGet(43)) - raft.server.log.statemachine.data.caching.enabled = true (custom)
2019-10-09 23:58:55,166 [pool-433-thread-1] INFO  segmented.SegmentedRaftLogWorker (SegmentedRaftLogWorker.java:lambda$new$0(128)) - e93d3519-60bf-4589-bc84-68859d642e36@group-14FBC324E7D4-SegmentedRaftLogWorker: flushIndex: setUnconditionally 0 -> -1
2019-10-09 23:58:55,166 [pool-433-thread-1] INFO  server.RaftServerConfigKeys (ConfUtils.java:logGet(43)) - raft.server.snapshot.auto.trigger.enabled = true (custom)
2019-10-09 23:58:55,166 [pool-423-thread-1] INFO  storage.RaftStorage (RaftStorage.java:format(84)) - Storage directory /workdir/hadoop-ozone/integration-test/target/test-dir/MiniOzoneClusterImpl-634ea9de-4d33-4471-86dd-709c178a0057/datanode-4/data/ratis/6d545711-b2e0-42ac-a3ce-14fbc324e7d4 has been successfully formatted.
2019-10-09 23:58:55,166 [pool-413-thread-1] INFO  storage.RaftStorage (RaftStorage.java:format(84)) - Storage directory /workdir/hadoop-ozone/integration-test/target/test-dir/MiniOzoneClusterImpl-634ea9de-4d33-4471-86dd-709c178a0057/datanode-3/data/ratis/6d545711-b2e0-42ac-a3ce-14fbc324e7d4 has been successfully formatted.
2019-10-09 23:58:55,167 [pool-423-thread-1] INFO  ratis.ContainerStateMachine (ContainerStateMachine.java:loadSnapshot(233)) - group-14FBC324E7D4: The snapshot info is null. Setting the last applied indexto:(t:0, i:~)
2019-10-09 23:58:55,166 [pool-433-thread-1] INFO  server.RaftServerConfigKeys (ConfUtils.java:logGet(43)) - raft.server.snapshot.auto.trigger.threshold = 10000 (custom)
2019-10-09 23:58:55,167 [pool-423-thread-1] INFO  server.RaftServerConfigKeys (ConfUtils.java:logGet(43)) - raft.server.notification.no-leader.timeout = 120s (custom)
2019-10-09 23:58:55,167 [pool-413-thread-1] INFO  ratis.ContainerStateMachine (ContainerStateMachine.java:loadSnapshot(233)) - group-14FBC324E7D4: The snapshot info is null. Setting the last applied indexto:(t:0, i:~)
2019-10-09 23:58:55,167 [pool-423-thread-1] INFO  server.RaftServerConfigKeys (ConfUtils.java:logGet(43)) - raft.server.log.use.memory = false (default)
2019-10-09 23:58:55,167 [pool-433-thread-1] INFO  server.RaftServerConfigKeys (ConfUtils.java:logGet(43)) - raft.server.snapshot.retention.file.num = 5 (custom)
2019-10-09 23:58:55,167 [pool-423-thread-1] INFO  server.RaftServerConfigKeys (ConfUtils.java:logGet(43)) - raft.server.log.purge.gap = 1000000 (custom)
2019-10-09 23:58:55,167 [pool-413-thread-1] INFO  server.RaftServerConfigKeys (ConfUtils.java:logGet(43)) - raft.server.notification.no-leader.timeout = 120s (custom)
2019-10-09 23:58:55,167 [pool-423-thread-1] INFO  server.RaftServerConfigKeys (ConfUtils.java:logGet(43)) - raft.server.log.appender.buffer.byte-limit = 33554432 (custom)
2019-10-09 23:58:55,167 [pool-433-thread-1] INFO  server.RaftServerConfigKeys (ConfUtils.java:logGet(43)) - raft.server.retrycache.expirytime = 600000ms (custom)
2019-10-09 23:58:55,168 [pool-423-thread-1] INFO  server.RaftServerConfigKeys (ConfUtils.java:logGet(43)) - raft.server.log.segment.size.max = 1048576 (custom)
2019-10-09 23:58:55,167 [pool-413-thread-1] INFO  server.RaftServerConfigKeys (ConfUtils.java:logGet(43)) - raft.server.log.use.memory = false (default)
2019-10-09 23:58:55,168 [pool-423-thread-1] INFO  server.RaftServerConfigKeys (ConfUtils.java:logGet(43)) - raft.server.log.segment.cache.num.max = 2 (custom)
2019-10-09 23:58:55,168 [pool-413-thread-1] INFO  server.RaftServerConfigKeys (ConfUtils.java:logGet(43)) - raft.server.log.purge.gap = 1000000 (custom)
2019-10-09 23:58:55,168 [pool-423-thread-1] INFO  segmented.SegmentedRaftLogWorker (SegmentedRaftLogWorker.java:<init>(173)) - new cecef735-5786-42df-85c6-70e235beb44e@group-14FBC324E7D4-SegmentedRaftLogWorker for RaftStorage:Storage Directory /workdir/hadoop-ozone/integration-test/target/test-dir/MiniOzoneClusterImpl-634ea9de-4d33-4471-86dd-709c178a0057/datanode-4/data/ratis/6d545711-b2e0-42ac-a3ce-14fbc324e7d4
2019-10-09 23:58:55,168 [pool-413-thread-1] INFO  server.RaftServerConfigKeys (ConfUtils.java:logGet(43)) - raft.server.log.appender.buffer.byte-limit = 33554432 (custom)
2019-10-09 23:58:55,168 [pool-423-thread-1] INFO  server.RaftServerConfigKeys (ConfUtils.java:logGet(43)) - raft.server.log.queue.byte-limit = 2147483647 (custom)
2019-10-09 23:58:55,169 [pool-413-thread-1] INFO  server.RaftServerConfigKeys (ConfUtils.java:logGet(43)) - raft.server.log.segment.size.max = 1048576 (custom)
2019-10-09 23:58:55,169 [pool-423-thread-1] INFO  server.RaftServerConfigKeys (ConfUtils.java:logGet(43)) - raft.server.log.queue.element-limit = 1024 (custom)
2019-10-09 23:58:55,169 [pool-413-thread-1] INFO  server.RaftServerConfigKeys (ConfUtils.java:logGet(43)) - raft.server.log.segment.cache.num.max = 2 (custom)
2019-10-09 23:58:55,169 [pool-423-thread-1] INFO  server.RaftServerConfigKeys (ConfUtils.java:logGet(43)) - raft.server.log.segment.size.max = 1048576 (custom)
2019-10-09 23:58:55,169 [pool-413-thread-1] INFO  segmented.SegmentedRaftLogWorker (SegmentedRaftLogWorker.java:<init>(173)) - new 5271065f-f953-4651-8fe1-c188370d49d9@group-14FBC324E7D4-SegmentedRaftLogWorker for RaftStorage:Storage Directory /workdir/hadoop-ozone/integration-test/target/test-dir/MiniOzoneClusterImpl-634ea9de-4d33-4471-86dd-709c178a0057/datanode-3/data/ratis/6d545711-b2e0-42ac-a3ce-14fbc324e7d4
2019-10-09 23:58:55,169 [pool-423-thread-1] INFO  server.RaftServerConfigKeys (ConfUtils.java:logGet(43)) - raft.server.log.preallocated.size = 16384 (custom)
2019-10-09 23:58:55,169 [pool-413-thread-1] INFO  server.RaftServerConfigKeys (ConfUtils.java:logGet(43)) - raft.server.log.queue.byte-limit = 2147483647 (custom)
2019-10-09 23:58:55,170 [pool-423-thread-1] INFO  server.RaftServerConfigKeys (ConfUtils.java:logGet(43)) - raft.server.log.write.buffer.size = 33554432 (custom)
2019-10-09 23:58:55,170 [pool-413-thread-1] INFO  server.RaftServerConfigKeys (ConfUtils.java:logGet(43)) - raft.server.log.queue.element-limit = 1024 (custom)
2019-10-09 23:58:55,170 [pool-423-thread-1] INFO  server.RaftServerConfigKeys (ConfUtils.java:logGet(43)) - raft.server.log.force.sync.num = 128 (default)
2019-10-09 23:58:55,170 [pool-433-thread-1] INFO  impl.RaftServerImpl (RaftServerImpl.java:start(181)) - e93d3519-60bf-4589-bc84-68859d642e36@group-14FBC324E7D4: start as a follower, conf=-1: [5271065f-f953-4651-8fe1-c188370d49d9:192.168.5.166:41788, cecef735-5786-42df-85c6-70e235beb44e:192.168.5.166:38484, e93d3519-60bf-4589-bc84-68859d642e36:192.168.5.166:45035], old=null
2019-10-09 23:58:55,170 [pool-413-thread-1] INFO  server.RaftServerConfigKeys (ConfUtils.java:logGet(43)) - raft.server.log.segment.size.max = 1048576 (custom)
2019-10-09 23:58:55,170 [pool-433-thread-1] INFO  impl.RaftServerImpl (RaftServerImpl.java:setRole(170)) - e93d3519-60bf-4589-bc84-68859d642e36@group-14FBC324E7D4: changes role from      null to FOLLOWER at term 0 for startAsFollower
2019-10-09 23:58:55,170 [pool-423-thread-1] INFO  server.RaftServerConfigKeys (ConfUtils.java:logGet(43)) - raft.server.log.statemachine.data.sync = true (default)
2019-10-09 23:58:55,171 [pool-433-thread-1] INFO  impl.RoleInfo (RoleInfo.java:updateAndGet(143)) - e93d3519-60bf-4589-bc84-68859d642e36: start FollowerState
2019-10-09 23:58:55,171 [pool-413-thread-1] INFO  server.RaftServerConfigKeys (ConfUtils.java:logGet(43)) - raft.server.log.preallocated.size = 16384 (custom)
2019-10-09 23:58:55,171 [pool-423-thread-1] INFO  server.RaftServerConfigKeys (ConfUtils.java:logGet(43)) - raft.server.log.statemachine.data.sync.timeout = 10s (default)
2019-10-09 23:58:55,171 [pool-433-thread-1] INFO  util.JmxRegister (JmxRegister.java:tryRegister(44)) - Successfully registered JMX Bean with object name Ratis:service=RaftServer,group=group-14FBC324E7D4,id=e93d3519-60bf-4589-bc84-68859d642e36
2019-10-09 23:58:55,171 [pool-413-thread-1] INFO  server.RaftServerConfigKeys (ConfUtils.java:logGet(43)) - raft.server.log.write.buffer.size = 33554432 (custom)
2019-10-09 23:58:55,171 [pool-423-thread-1] INFO  server.RaftServerConfigKeys (ConfUtils.java:logGet(43)) - raft.server.log.statemachine.data.sync.timeout.retry = -1 (default)
2019-10-09 23:58:55,172 [pool-413-thread-1] INFO  server.RaftServerConfigKeys (ConfUtils.java:logGet(43)) - raft.server.log.force.sync.num = 128 (default)
2019-10-09 23:58:55,172 [pool-423-thread-1] INFO  server.RaftServerConfigKeys (ConfUtils.java:logGet(43)) - raft.server.log.statemachine.data.caching.enabled = true (custom)
2019-10-09 23:58:55,172 [pool-413-thread-1] INFO  server.RaftServerConfigKeys (ConfUtils.java:logGet(43)) - raft.server.log.statemachine.data.sync = true (default)
2019-10-09 23:58:55,172 [pool-423-thread-1] INFO  segmented.SegmentedRaftLogWorker (SegmentedRaftLogWorker.java:lambda$new$0(128)) - cecef735-5786-42df-85c6-70e235beb44e@group-14FBC324E7D4-SegmentedRaftLogWorker: flushIndex: setUnconditionally 0 -> -1
2019-10-09 23:58:55,172 [pool-413-thread-1] INFO  server.RaftServerConfigKeys (ConfUtils.java:logGet(43)) - raft.server.log.statemachine.data.sync.timeout = 10s (default)
2019-10-09 23:58:55,173 [pool-413-thread-1] INFO  server.RaftServerConfigKeys (ConfUtils.java:logGet(43)) - raft.server.log.statemachine.data.sync.timeout.retry = -1 (default)
2019-10-09 23:58:55,173 [pool-423-thread-1] INFO  server.RaftServerConfigKeys (ConfUtils.java:logGet(43)) - raft.server.snapshot.auto.trigger.enabled = true (custom)
2019-10-09 23:58:55,173 [pool-413-thread-1] INFO  server.RaftServerConfigKeys (ConfUtils.java:logGet(43)) - raft.server.log.statemachine.data.caching.enabled = true (custom)
2019-10-09 23:58:55,173 [pool-423-thread-1] INFO  server.RaftServerConfigKeys (ConfUtils.java:logGet(43)) - raft.server.snapshot.auto.trigger.threshold = 10000 (custom)
2019-10-09 23:58:55,173 [pool-423-thread-1] INFO  server.RaftServerConfigKeys (ConfUtils.java:logGet(43)) - raft.server.snapshot.retention.file.num = 5 (custom)
2019-10-09 23:58:55,173 [pool-413-thread-1] INFO  segmented.SegmentedRaftLogWorker (SegmentedRaftLogWorker.java:lambda$new$0(128)) - 5271065f-f953-4651-8fe1-c188370d49d9@group-14FBC324E7D4-SegmentedRaftLogWorker: flushIndex: setUnconditionally 0 -> -1
2019-10-09 23:58:55,174 [pool-423-thread-1] INFO  server.RaftServerConfigKeys (ConfUtils.java:logGet(43)) - raft.server.retrycache.expirytime = 600000ms (custom)
2019-10-09 23:58:55,174 [pool-413-thread-1] INFO  server.RaftServerConfigKeys (ConfUtils.java:logGet(43)) - raft.server.snapshot.auto.trigger.enabled = true (custom)
2019-10-09 23:58:55,174 [pool-413-thread-1] INFO  server.RaftServerConfigKeys (ConfUtils.java:logGet(43)) - raft.server.snapshot.auto.trigger.threshold = 10000 (custom)
2019-10-09 23:58:55,174 [pool-413-thread-1] INFO  server.RaftServerConfigKeys (ConfUtils.java:logGet(43)) - raft.server.snapshot.retention.file.num = 5 (custom)
2019-10-09 23:58:55,174 [pool-413-thread-1] INFO  server.RaftServerConfigKeys (ConfUtils.java:logGet(43)) - raft.server.retrycache.expirytime = 600000ms (custom)
2019-10-09 23:58:55,177 [pool-423-thread-1] INFO  impl.RaftServerImpl (RaftServerImpl.java:start(181)) - cecef735-5786-42df-85c6-70e235beb44e@group-14FBC324E7D4: start as a follower, conf=-1: [5271065f-f953-4651-8fe1-c188370d49d9:192.168.5.166:41788, cecef735-5786-42df-85c6-70e235beb44e:192.168.5.166:38484, e93d3519-60bf-4589-bc84-68859d642e36:192.168.5.166:45035], old=null
2019-10-09 23:58:55,177 [pool-423-thread-1] INFO  impl.RaftServerImpl (RaftServerImpl.java:setRole(170)) - cecef735-5786-42df-85c6-70e235beb44e@group-14FBC324E7D4: changes role from      null to FOLLOWER at term 0 for startAsFollower
2019-10-09 23:58:55,177 [pool-423-thread-1] INFO  impl.RoleInfo (RoleInfo.java:updateAndGet(143)) - cecef735-5786-42df-85c6-70e235beb44e: start FollowerState
2019-10-09 23:58:55,177 [pool-423-thread-1] INFO  util.JmxRegister (JmxRegister.java:tryRegister(44)) - Successfully registered JMX Bean with object name Ratis:service=RaftServer,group=group-14FBC324E7D4,id=cecef735-5786-42df-85c6-70e235beb44e
2019-10-09 23:58:55,177 [pool-413-thread-1] INFO  impl.RaftServerImpl (RaftServerImpl.java:start(181)) - 5271065f-f953-4651-8fe1-c188370d49d9@group-14FBC324E7D4: start as a follower, conf=-1: [5271065f-f953-4651-8fe1-c188370d49d9:192.168.5.166:41788, cecef735-5786-42df-85c6-70e235beb44e:192.168.5.166:38484, e93d3519-60bf-4589-bc84-68859d642e36:192.168.5.166:45035], old=null
2019-10-09 23:58:55,177 [IPC Server handler 3 on 40198] INFO  net.NetworkTopology (NetworkTopologyImpl.java:add(111)) - Added a new node: /default-rack/f64468a6-af5b-492a-a370-4bb1c9b61e1a
2019-10-09 23:58:55,178 [pool-413-thread-1] INFO  impl.RaftServerImpl (RaftServerImpl.java:setRole(170)) - 5271065f-f953-4651-8fe1-c188370d49d9@group-14FBC324E7D4: changes role from      null to FOLLOWER at term 0 for startAsFollower
2019-10-09 23:58:55,178 [IPC Server handler 3 on 40198] INFO  node.SCMNodeManager (SCMNodeManager.java:register(268)) - Registered Data node : f64468a6-af5b-492a-a370-4bb1c9b61e1a{ip: 192.168.5.166, host: pr-hdds-1868-fg6nx-4263576025, networkLocation: /default-rack, certSerialId: null}
2019-10-09 23:58:55,178 [pool-413-thread-1] INFO  impl.RoleInfo (RoleInfo.java:updateAndGet(143)) - 5271065f-f953-4651-8fe1-c188370d49d9: start FollowerState
2019-10-09 23:58:55,179 [pool-413-thread-1] INFO  util.JmxRegister (JmxRegister.java:tryRegister(44)) - Successfully registered JMX Bean with object name Ratis:service=RaftServer,group=group-14FBC324E7D4,id=5271065f-f953-4651-8fe1-c188370d49d9
2019-10-09 23:58:55,183 [RatisPipelineUtilsThread] INFO  pipeline.PipelineStateManager (PipelineStateManager.java:addPipeline(57)) - Created pipeline Pipeline[ Id: 6d545711-b2e0-42ac-a3ce-14fbc324e7d4, Nodes: 5271065f-f953-4651-8fe1-c188370d49d9{ip: 192.168.5.166, host: pr-hdds-1868-fg6nx-4263576025, networkLocation: /default-rack, certSerialId: null}e93d3519-60bf-4589-bc84-68859d642e36{ip: 192.168.5.166, host: pr-hdds-1868-fg6nx-4263576025, networkLocation: /default-rack, certSerialId: null}cecef735-5786-42df-85c6-70e235beb44e{ip: 192.168.5.166, host: pr-hdds-1868-fg6nx-4263576025, networkLocation: /default-rack, certSerialId: null}, Type:RATIS, Factor:THREE, State:ALLOCATED]
2019-10-09 23:58:55,184 [main] INFO  ozone.MiniOzoneClusterImpl (MiniOzoneClusterImpl.java:lambda$waitForClusterToBeReady$2(164)) - Waiting for 8 number of pipelines out of 8, to report a leader.
2019-10-09 23:58:55,210 [grpc-default-executor-5] WARN  server.GrpcLogAppender (LogUtils.java:warn(134)) - e0a2bbc5-e1f3-429a-8b57-8ad53d3fcfcf@group-C934F1EEB7D0->d1b2fdb4-2a3c-478d-9f55-2a69fc770f7f-AppendLogResponseHandler: Failed appendEntries: org.apache.ratis.thirdparty.io.grpc.StatusRuntimeException: UNAVAILABLE: io exception
2019-10-09 23:58:55,210 [grpc-default-executor-5] INFO  impl.FollowerInfo (FollowerInfo.java:lambda$new$0(51)) - e0a2bbc5-e1f3-429a-8b57-8ad53d3fcfcf@group-C934F1EEB7D0->d1b2fdb4-2a3c-478d-9f55-2a69fc770f7f: nextIndex: updateUnconditionally 0 -> 0
2019-10-09 23:58:55,217 [grpc-default-executor-8] WARN  server.GrpcLogAppender (LogUtils.java:warn(134)) - e0a2bbc5-e1f3-429a-8b57-8ad53d3fcfcf@group-C934F1EEB7D0->7efd9bf7-a6c0-4f93-9bd9-a1d7634c727c-AppendLogResponseHandler: Failed appendEntries: org.apache.ratis.thirdparty.io.grpc.StatusRuntimeException: UNAVAILABLE: io exception
2019-10-09 23:58:55,218 [grpc-default-executor-8] INFO  impl.FollowerInfo (FollowerInfo.java:lambda$new$0(51)) - e0a2bbc5-e1f3-429a-8b57-8ad53d3fcfcf@group-C934F1EEB7D0->7efd9bf7-a6c0-4f93-9bd9-a1d7634c727c: nextIndex: updateUnconditionally 0 -> 0
2019-10-09 23:58:56,184 [main] INFO  ozone.MiniOzoneClusterImpl (MiniOzoneClusterImpl.java:lambda$waitForClusterToBeReady$2(164)) - Waiting for 8 number of pipelines out of 8, to report a leader.
2019-10-09 23:58:57,194 [main] INFO  ozone.MiniOzoneClusterImpl (MiniOzoneClusterImpl.java:lambda$waitForClusterToBeReady$2(164)) - Waiting for 8 number of pipelines out of 8, to report a leader.
2019-10-09 23:58:57,623 [Thread-2415] INFO  container.ReplicationManager (ReplicationManager.java:start(162)) - Starting Replication Monitor Thread.
2019-10-09 23:58:57,624 [Thread-2415] INFO  pipeline.SCMPipelineManager (SCMPipelineManager.java:finalizeAndDestroyPipeline(315)) - destroying pipeline:Pipeline[ Id: 717206c4-03b9-4110-8b41-c07a40ad4929, Nodes: e93d3519-60bf-4589-bc84-68859d642e36{ip: 192.168.5.166, host: pr-hdds-1868-fg6nx-4263576025, networkLocation: /default-rack, certSerialId: null}, Type:RATIS, Factor:ONE, State:ALLOCATED]
2019-10-09 23:58:57,632 [Thread-2415] INFO  pipeline.PipelineStateManager (PipelineStateManager.java:finalizePipeline(123)) - Pipeline Pipeline[ Id: 717206c4-03b9-4110-8b41-c07a40ad4929, Nodes: e93d3519-60bf-4589-bc84-68859d642e36{ip: 192.168.5.166, host: pr-hdds-1868-fg6nx-4263576025, networkLocation: /default-rack, certSerialId: null}, Type:RATIS, Factor:ONE, State:CLOSED] moved to CLOSED state
2019-10-09 23:58:57,632 [ReplicationMonitor] INFO  container.ReplicationManager (ReplicationManager.java:run(225)) - Replication Monitor Thread took 1 milliseconds for processing 0 containers.
2019-10-09 23:58:57,640 [grpc-default-executor-8] INFO  impl.RaftServerProxy (RaftServerProxy.java:remove(95)) - e93d3519-60bf-4589-bc84-68859d642e36: remove  FOLLOWER e93d3519-60bf-4589-bc84-68859d642e36@group-C07A40AD4929:t0, leader=null, voted=null, raftlog=e93d3519-60bf-4589-bc84-68859d642e36@group-C07A40AD4929-SegmentedRaftLog:OPENED:c-1,f-1,i0, conf=-1: [e93d3519-60bf-4589-bc84-68859d642e36:192.168.5.166:45035], old=null RUNNING
2019-10-09 23:58:57,640 [grpc-default-executor-8] INFO  impl.RaftServerImpl (RaftServerImpl.java:lambda$shutdown$3(247)) - e93d3519-60bf-4589-bc84-68859d642e36@group-C07A40AD4929: shutdown
2019-10-09 23:58:57,640 [grpc-default-executor-8] INFO  util.JmxRegister (JmxRegister.java:unregister(73)) - Successfully un-registered JMX Bean with object name Ratis:service=RaftServer,group=group-C07A40AD4929,id=e93d3519-60bf-4589-bc84-68859d642e36
2019-10-09 23:58:57,641 [grpc-default-executor-8] INFO  impl.RoleInfo (RoleInfo.java:shutdownFollowerState(121)) - e93d3519-60bf-4589-bc84-68859d642e36: shutdown FollowerState
2019-10-09 23:58:57,641 [grpc-default-executor-8] INFO  impl.StateMachineUpdater (StateMachineUpdater.java:stopAndJoin(136)) - e93d3519-60bf-4589-bc84-68859d642e36@group-C07A40AD4929-StateMachineUpdater: set stopIndex = -1
2019-10-09 23:58:57,641 [Thread-2441] INFO  impl.FollowerState (FollowerState.java:run(117)) - e93d3519-60bf-4589-bc84-68859d642e36@group-C07A40AD4929-FollowerState was interrupted: java.lang.InterruptedException: sleep interrupted
2019-10-09 23:58:57,641 [grpc-default-executor-8] INFO  impl.RaftServerImpl (ServerState.java:close(387)) - e93d3519-60bf-4589-bc84-68859d642e36@group-C07A40AD4929: closes. applyIndex: -1
2019-10-09 23:58:57,642 [e93d3519-60bf-4589-bc84-68859d642e36@group-C07A40AD4929-SegmentedRaftLogWorker] INFO  segmented.SegmentedRaftLogWorker (SegmentedRaftLogWorker.java:run(316)) - e93d3519-60bf-4589-bc84-68859d642e36@group-C07A40AD4929-SegmentedRaftLogWorker was interrupted, exiting. There are 0 tasks remaining in the queue.
2019-10-09 23:58:57,642 [grpc-default-executor-8] INFO  segmented.SegmentedRaftLogWorker (SegmentedRaftLogWorker.java:close(224)) - e93d3519-60bf-4589-bc84-68859d642e36@group-C07A40AD4929-SegmentedRaftLogWorker close()
2019-10-09 23:58:57,654 [Thread-2415] INFO  pipeline.PipelineStateManager (PipelineStateManager.java:removePipeline(108)) - Pipeline Pipeline[ Id: 717206c4-03b9-4110-8b41-c07a40ad4929, Nodes: e93d3519-60bf-4589-bc84-68859d642e36{ip: 192.168.5.166, host: pr-hdds-1868-fg6nx-4263576025, networkLocation: /default-rack, certSerialId: null}, Type:RATIS, Factor:ONE, State:CLOSED] removed from db
2019-10-09 23:58:57,658 [Thread-2415] INFO  pipeline.SCMPipelineManager (SCMPipelineManager.java:finalizeAndDestroyPipeline(315)) - destroying pipeline:Pipeline[ Id: 42334a1f-8961-4afd-8db5-a2b51927cf82, Nodes: c9bf6877-9cff-4b98-8a8e-7003cb757ecd{ip: 192.168.5.166, host: pr-hdds-1868-fg6nx-4263576025, networkLocation: /default-rack, certSerialId: null}, Type:RATIS, Factor:ONE, State:ALLOCATED]
2019-10-09 23:58:57,662 [grpc-default-executor-8] INFO  impl.RaftServerProxy (RaftServerProxy.java:addNew(89)) - e93d3519-60bf-4589-bc84-68859d642e36: addNew group-373F9679764C:[e93d3519-60bf-4589-bc84-68859d642e36:192.168.5.166:45035] returns group-373F9679764C:java.util.concurrent.CompletableFuture@49c77cd6[Not completed]
2019-10-09 23:58:57,664 [pool-433-thread-1] INFO  impl.RaftServerImpl (RaftServerImpl.java:<init>(95)) - e93d3519-60bf-4589-bc84-68859d642e36: new RaftServerImpl for group-373F9679764C:[e93d3519-60bf-4589-bc84-68859d642e36:192.168.5.166:45035] with ContainerStateMachine:uninitialized
2019-10-09 23:58:57,665 [pool-433-thread-1] INFO  server.RaftServerConfigKeys (ConfUtils.java:logGet(43)) - raft.server.rpc.timeout.min = 5s (custom)
2019-10-09 23:58:57,665 [pool-433-thread-1] INFO  server.RaftServerConfigKeys (ConfUtils.java:logGet(43)) - raft.server.rpc.timeout.max = 5200ms (custom)
2019-10-09 23:58:57,665 [pool-433-thread-1] INFO  server.RaftServerConfigKeys (ConfUtils.java:logGet(43)) - raft.server.rpcslowness.timeout = 120s (custom)
2019-10-09 23:58:57,665 [pool-433-thread-1] INFO  server.RaftServerConfigKeys (ConfUtils.java:logGet(43)) - raft.server.sleep.deviation.threshold = 300 (default)
2019-10-09 23:58:57,665 [pool-433-thread-1] INFO  server.RaftServerConfigKeys (ConfUtils.java:logGet(43)) - raft.server.log.appender.install.snapshot.enabled = false (custom)
2019-10-09 23:58:57,666 [pool-433-thread-1] INFO  impl.RaftServerImpl (ServerState.java:<init>(103)) - e93d3519-60bf-4589-bc84-68859d642e36@group-373F9679764C: ConfigurationManager, init=-1: [e93d3519-60bf-4589-bc84-68859d642e36:192.168.5.166:45035], old=null, confs=<EMPTY_MAP>
2019-10-09 23:58:57,666 [pool-433-thread-1] INFO  server.RaftServerConfigKeys (ConfUtils.java:logGet(43)) - raft.server.storage.dir = [/workdir/hadoop-ozone/integration-test/target/test-dir/MiniOzoneClusterImpl-634ea9de-4d33-4471-86dd-709c178a0057/datanode-5/data/ratis] (custom)
2019-10-09 23:58:57,666 [pool-433-thread-1] INFO  server.RaftServerConfigKeys (ConfUtils.java:logGet(43)) - raft.server.log.corruption.policy = EXCEPTION (default)
2019-10-09 23:58:57,667 [pool-433-thread-1] INFO  storage.RaftStorageDirectory (RaftStorageDirectory.java:analyzeStorage(246)) - The storage directory /workdir/hadoop-ozone/integration-test/target/test-dir/MiniOzoneClusterImpl-634ea9de-4d33-4471-86dd-709c178a0057/datanode-5/data/ratis/306f4a61-2f18-430a-b9aa-373f9679764c does not exist. Creating ...
2019-10-09 23:58:57,675 [pool-433-thread-1] INFO  storage.RaftStorageDirectory (RaftStorageDirectory.java:tryLock(328)) - Lock on /workdir/hadoop-ozone/integration-test/target/test-dir/MiniOzoneClusterImpl-634ea9de-4d33-4471-86dd-709c178a0057/datanode-5/data/ratis/306f4a61-2f18-430a-b9aa-373f9679764c/in_use.lock acquired by nodename 25084@pr-hdds-1868-fg6nx-4263576025
2019-10-09 23:58:57,679 [pool-433-thread-1] INFO  storage.RaftStorage (RaftStorage.java:format(84)) - Storage directory /workdir/hadoop-ozone/integration-test/target/test-dir/MiniOzoneClusterImpl-634ea9de-4d33-4471-86dd-709c178a0057/datanode-5/data/ratis/306f4a61-2f18-430a-b9aa-373f9679764c has been successfully formatted.
2019-10-09 23:58:57,680 [pool-433-thread-1] INFO  ratis.ContainerStateMachine (ContainerStateMachine.java:loadSnapshot(233)) - group-373F9679764C: The snapshot info is null. Setting the last applied indexto:(t:0, i:~)
2019-10-09 23:58:57,680 [pool-433-thread-1] INFO  server.RaftServerConfigKeys (ConfUtils.java:logGet(43)) - raft.server.notification.no-leader.timeout = 120s (custom)
2019-10-09 23:58:57,680 [pool-433-thread-1] INFO  server.RaftServerConfigKeys (ConfUtils.java:logGet(43)) - raft.server.log.use.memory = false (default)
2019-10-09 23:58:57,680 [pool-433-thread-1] INFO  server.RaftServerConfigKeys (ConfUtils.java:logGet(43)) - raft.server.log.purge.gap = 1000000 (custom)
2019-10-09 23:58:57,680 [pool-433-thread-1] INFO  server.RaftServerConfigKeys (ConfUtils.java:logGet(43)) - raft.server.log.appender.buffer.byte-limit = 33554432 (custom)
2019-10-09 23:58:57,681 [pool-433-thread-1] INFO  server.RaftServerConfigKeys (ConfUtils.java:logGet(43)) - raft.server.log.segment.size.max = 1048576 (custom)
2019-10-09 23:58:57,681 [pool-433-thread-1] INFO  server.RaftServerConfigKeys (ConfUtils.java:logGet(43)) - raft.server.log.segment.cache.num.max = 2 (custom)
2019-10-09 23:58:57,681 [pool-433-thread-1] INFO  segmented.SegmentedRaftLogWorker (SegmentedRaftLogWorker.java:<init>(173)) - new e93d3519-60bf-4589-bc84-68859d642e36@group-373F9679764C-SegmentedRaftLogWorker for RaftStorage:Storage Directory /workdir/hadoop-ozone/integration-test/target/test-dir/MiniOzoneClusterImpl-634ea9de-4d33-4471-86dd-709c178a0057/datanode-5/data/ratis/306f4a61-2f18-430a-b9aa-373f9679764c
2019-10-09 23:58:57,681 [pool-433-thread-1] INFO  server.RaftServerConfigKeys (ConfUtils.java:logGet(43)) - raft.server.log.queue.byte-limit = 2147483647 (custom)
2019-10-09 23:58:57,681 [pool-433-thread-1] INFO  server.RaftServerConfigKeys (ConfUtils.java:logGet(43)) - raft.server.log.queue.element-limit = 1024 (custom)
2019-10-09 23:58:57,682 [pool-433-thread-1] INFO  server.RaftServerConfigKeys (ConfUtils.java:logGet(43)) - raft.server.log.segment.size.max = 1048576 (custom)
2019-10-09 23:58:57,682 [pool-433-thread-1] INFO  server.RaftServerConfigKeys (ConfUtils.java:logGet(43)) - raft.server.log.preallocated.size = 16384 (custom)
2019-10-09 23:58:57,682 [pool-433-thread-1] INFO  server.RaftServerConfigKeys (ConfUtils.java:logGet(43)) - raft.server.log.write.buffer.size = 33554432 (custom)
2019-10-09 23:58:57,682 [pool-433-thread-1] INFO  server.RaftServerConfigKeys (ConfUtils.java:logGet(43)) - raft.server.log.force.sync.num = 128 (default)
2019-10-09 23:58:57,682 [pool-433-thread-1] INFO  server.RaftServerConfigKeys (ConfUtils.java:logGet(43)) - raft.server.log.statemachine.data.sync = true (default)
2019-10-09 23:58:57,682 [pool-433-thread-1] INFO  server.RaftServerConfigKeys (ConfUtils.java:logGet(43)) - raft.server.log.statemachine.data.sync.timeout = 10s (default)
2019-10-09 23:58:57,683 [pool-433-thread-1] INFO  server.RaftServerConfigKeys (ConfUtils.java:logGet(43)) - raft.server.log.statemachine.data.sync.timeout.retry = -1 (default)
2019-10-09 23:58:57,683 [pool-433-thread-1] INFO  server.RaftServerConfigKeys (ConfUtils.java:logGet(43)) - raft.server.log.statemachine.data.caching.enabled = true (custom)
2019-10-09 23:58:57,683 [pool-433-thread-1] INFO  segmented.SegmentedRaftLogWorker (SegmentedRaftLogWorker.java:lambda$new$0(128)) - e93d3519-60bf-4589-bc84-68859d642e36@group-373F9679764C-SegmentedRaftLogWorker: flushIndex: setUnconditionally 0 -> -1
2019-10-09 23:58:57,684 [pool-433-thread-1] INFO  server.RaftServerConfigKeys (ConfUtils.java:logGet(43)) - raft.server.snapshot.auto.trigger.enabled = true (custom)
2019-10-09 23:58:57,684 [pool-433-thread-1] INFO  server.RaftServerConfigKeys (ConfUtils.java:logGet(43)) - raft.server.snapshot.auto.trigger.threshold = 10000 (custom)
2019-10-09 23:58:57,684 [pool-433-thread-1] INFO  server.RaftServerConfigKeys (ConfUtils.java:logGet(43)) - raft.server.snapshot.retention.file.num = 5 (custom)
2019-10-09 23:58:57,684 [pool-433-thread-1] INFO  server.RaftServerConfigKeys (ConfUtils.java:logGet(43)) - raft.server.retrycache.expirytime = 600000ms (custom)
2019-10-09 23:58:57,687 [pool-433-thread-1] INFO  impl.RaftServerImpl (RaftServerImpl.java:start(181)) - e93d3519-60bf-4589-bc84-68859d642e36@group-373F9679764C: start as a follower, conf=-1: [e93d3519-60bf-4589-bc84-68859d642e36:192.168.5.166:45035], old=null
2019-10-09 23:58:57,687 [pool-433-thread-1] INFO  impl.RaftServerImpl (RaftServerImpl.java:setRole(170)) - e93d3519-60bf-4589-bc84-68859d642e36@group-373F9679764C: changes role from      null to FOLLOWER at term 0 for startAsFollower
2019-10-09 23:58:57,688 [pool-433-thread-1] INFO  impl.RoleInfo (RoleInfo.java:updateAndGet(143)) - e93d3519-60bf-4589-bc84-68859d642e36: start FollowerState
2019-10-09 23:58:57,688 [pool-433-thread-1] INFO  util.JmxRegister (JmxRegister.java:tryRegister(44)) - Successfully registered JMX Bean with object name Ratis:service=RaftServer,group=group-373F9679764C,id=e93d3519-60bf-4589-bc84-68859d642e36
2019-10-09 23:58:57,692 [RatisPipelineUtilsThread] INFO  pipeline.PipelineStateManager (PipelineStateManager.java:addPipeline(57)) - Created pipeline Pipeline[ Id: 306f4a61-2f18-430a-b9aa-373f9679764c, Nodes: e93d3519-60bf-4589-bc84-68859d642e36{ip: 192.168.5.166, host: pr-hdds-1868-fg6nx-4263576025, networkLocation: /default-rack, certSerialId: null}, Type:RATIS, Factor:ONE, State:ALLOCATED]
2019-10-09 23:58:57,702 [grpc-default-executor-8] INFO  impl.RaftServerProxy (RaftServerProxy.java:addNew(89)) - f64468a6-af5b-492a-a370-4bb1c9b61e1a: addNew group-FE0EAF358322:[f64468a6-af5b-492a-a370-4bb1c9b61e1a:192.168.5.166:34418] returns group-FE0EAF358322:java.util.concurrent.CompletableFuture@4c5307b2[Not completed]
2019-10-09 23:58:57,704 [pool-443-thread-1] INFO  impl.RaftServerImpl (RaftServerImpl.java:<init>(95)) - f64468a6-af5b-492a-a370-4bb1c9b61e1a: new RaftServerImpl for group-FE0EAF358322:[f64468a6-af5b-492a-a370-4bb1c9b61e1a:192.168.5.166:34418] with ContainerStateMachine:uninitialized
2019-10-09 23:58:57,704 [pool-443-thread-1] INFO  server.RaftServerConfigKeys (ConfUtils.java:logGet(43)) - raft.server.rpc.timeout.min = 5s (custom)
2019-10-09 23:58:57,704 [pool-443-thread-1] INFO  server.RaftServerConfigKeys (ConfUtils.java:logGet(43)) - raft.server.rpc.timeout.max = 5200ms (custom)
2019-10-09 23:58:57,704 [pool-443-thread-1] INFO  server.RaftServerConfigKeys (ConfUtils.java:logGet(43)) - raft.server.rpcslowness.timeout = 120s (custom)
2019-10-09 23:58:57,704 [pool-443-thread-1] INFO  server.RaftServerConfigKeys (ConfUtils.java:logGet(43)) - raft.server.sleep.deviation.threshold = 300 (default)
2019-10-09 23:58:57,704 [pool-443-thread-1] INFO  server.RaftServerConfigKeys (ConfUtils.java:logGet(43)) - raft.server.log.appender.install.snapshot.enabled = false (custom)
2019-10-09 23:58:57,705 [pool-443-thread-1] INFO  impl.RaftServerImpl (ServerState.java:<init>(103)) - f64468a6-af5b-492a-a370-4bb1c9b61e1a@group-FE0EAF358322: ConfigurationManager, init=-1: [f64468a6-af5b-492a-a370-4bb1c9b61e1a:192.168.5.166:34418], old=null, confs=<EMPTY_MAP>
2019-10-09 23:58:57,705 [pool-443-thread-1] INFO  server.RaftServerConfigKeys (ConfUtils.java:logGet(43)) - raft.server.storage.dir = [/workdir/hadoop-ozone/integration-test/target/test-dir/MiniOzoneClusterImpl-634ea9de-4d33-4471-86dd-709c178a0057/datanode-6/data/ratis] (custom)
2019-10-09 23:58:57,705 [pool-443-thread-1] INFO  server.RaftServerConfigKeys (ConfUtils.java:logGet(43)) - raft.server.log.corruption.policy = EXCEPTION (default)
2019-10-09 23:58:57,705 [pool-443-thread-1] INFO  storage.RaftStorageDirectory (RaftStorageDirectory.java:analyzeStorage(246)) - The storage directory /workdir/hadoop-ozone/integration-test/target/test-dir/MiniOzoneClusterImpl-634ea9de-4d33-4471-86dd-709c178a0057/datanode-6/data/ratis/dc1fa0dd-7d1d-4761-8440-fe0eaf358322 does not exist. Creating ...
2019-10-09 23:58:57,710 [pool-443-thread-1] INFO  storage.RaftStorageDirectory (RaftStorageDirectory.java:tryLock(328)) - Lock on /workdir/hadoop-ozone/integration-test/target/test-dir/MiniOzoneClusterImpl-634ea9de-4d33-4471-86dd-709c178a0057/datanode-6/data/ratis/dc1fa0dd-7d1d-4761-8440-fe0eaf358322/in_use.lock acquired by nodename 25084@pr-hdds-1868-fg6nx-4263576025
2019-10-09 23:58:57,711 [grpc-default-executor-8] WARN  server.GrpcLogAppender (LogUtils.java:warn(134)) - e0a2bbc5-e1f3-429a-8b57-8ad53d3fcfcf@group-C934F1EEB7D0->d1b2fdb4-2a3c-478d-9f55-2a69fc770f7f-AppendLogResponseHandler: Failed appendEntries: org.apache.ratis.thirdparty.io.grpc.StatusRuntimeException: UNAVAILABLE: io exception
2019-10-09 23:58:57,711 [grpc-default-executor-8] INFO  impl.FollowerInfo (FollowerInfo.java:lambda$new$0(51)) - e0a2bbc5-e1f3-429a-8b57-8ad53d3fcfcf@group-C934F1EEB7D0->d1b2fdb4-2a3c-478d-9f55-2a69fc770f7f: nextIndex: updateUnconditionally 0 -> 0
2019-10-09 23:58:57,714 [pool-443-thread-1] INFO  storage.RaftStorage (RaftStorage.java:format(84)) - Storage directory /workdir/hadoop-ozone/integration-test/target/test-dir/MiniOzoneClusterImpl-634ea9de-4d33-4471-86dd-709c178a0057/datanode-6/data/ratis/dc1fa0dd-7d1d-4761-8440-fe0eaf358322 has been successfully formatted.
2019-10-09 23:58:57,714 [pool-443-thread-1] INFO  ratis.ContainerStateMachine (ContainerStateMachine.java:loadSnapshot(233)) - group-FE0EAF358322: The snapshot info is null. Setting the last applied indexto:(t:0, i:~)
2019-10-09 23:58:57,714 [pool-443-thread-1] INFO  server.RaftServerConfigKeys (ConfUtils.java:logGet(43)) - raft.server.notification.no-leader.timeout = 120s (custom)
2019-10-09 23:58:57,714 [pool-443-thread-1] INFO  server.RaftServerConfigKeys (ConfUtils.java:logGet(43)) - raft.server.log.use.memory = false (default)
2019-10-09 23:58:57,715 [pool-443-thread-1] INFO  server.RaftServerConfigKeys (ConfUtils.java:logGet(43)) - raft.server.log.purge.gap = 1000000 (custom)
2019-10-09 23:58:57,715 [pool-443-thread-1] INFO  server.RaftServerConfigKeys (ConfUtils.java:logGet(43)) - raft.server.log.appender.buffer.byte-limit = 33554432 (custom)
2019-10-09 23:58:57,715 [pool-443-thread-1] INFO  server.RaftServerConfigKeys (ConfUtils.java:logGet(43)) - raft.server.log.segment.size.max = 1048576 (custom)
2019-10-09 23:58:57,716 [pool-443-thread-1] INFO  server.RaftServerConfigKeys (ConfUtils.java:logGet(43)) - raft.server.log.segment.cache.num.max = 2 (custom)
2019-10-09 23:58:57,716 [pool-443-thread-1] INFO  segmented.SegmentedRaftLogWorker (SegmentedRaftLogWorker.java:<init>(173)) - new f64468a6-af5b-492a-a370-4bb1c9b61e1a@group-FE0EAF358322-SegmentedRaftLogWorker for RaftStorage:Storage Directory /workdir/hadoop-ozone/integration-test/target/test-dir/MiniOzoneClusterImpl-634ea9de-4d33-4471-86dd-709c178a0057/datanode-6/data/ratis/dc1fa0dd-7d1d-4761-8440-fe0eaf358322
2019-10-09 23:58:57,716 [pool-443-thread-1] INFO  server.RaftServerConfigKeys (ConfUtils.java:logGet(43)) - raft.server.log.queue.byte-limit = 2147483647 (custom)
2019-10-09 23:58:57,716 [pool-443-thread-1] INFO  server.RaftServerConfigKeys (ConfUtils.java:logGet(43)) - raft.server.log.queue.element-limit = 1024 (custom)
2019-10-09 23:58:57,716 [pool-443-thread-1] INFO  server.RaftServerConfigKeys (ConfUtils.java:logGet(43)) - raft.server.log.segment.size.max = 1048576 (custom)
2019-10-09 23:58:57,716 [pool-443-thread-1] INFO  server.RaftServerConfigKeys (ConfUtils.java:logGet(43)) - raft.server.log.preallocated.size = 16384 (custom)
2019-10-09 23:58:57,716 [pool-443-thread-1] INFO  server.RaftServerConfigKeys (ConfUtils.java:logGet(43)) - raft.server.log.write.buffer.size = 33554432 (custom)
2019-10-09 23:58:57,716 [pool-443-thread-1] INFO  server.RaftServerConfigKeys (ConfUtils.java:logGet(43)) - raft.server.log.force.sync.num = 128 (default)
2019-10-09 23:58:57,716 [pool-443-thread-1] INFO  server.RaftServerConfigKeys (ConfUtils.java:logGet(43)) - raft.server.log.statemachine.data.sync = true (default)
2019-10-09 23:58:57,717 [pool-443-thread-1] INFO  server.RaftServerConfigKeys (ConfUtils.java:logGet(43)) - raft.server.log.statemachine.data.sync.timeout = 10s (default)
2019-10-09 23:58:57,717 [pool-443-thread-1] INFO  server.RaftServerConfigKeys (ConfUtils.java:logGet(43)) - raft.server.log.statemachine.data.sync.timeout.retry = -1 (default)
2019-10-09 23:58:57,717 [pool-443-thread-1] INFO  server.RaftServerConfigKeys (ConfUtils.java:logGet(43)) - raft.server.log.statemachine.data.caching.enabled = true (custom)
2019-10-09 23:58:57,717 [pool-443-thread-1] INFO  segmented.SegmentedRaftLogWorker (SegmentedRaftLogWorker.java:lambda$new$0(128)) - f64468a6-af5b-492a-a370-4bb1c9b61e1a@group-FE0EAF358322-SegmentedRaftLogWorker: flushIndex: setUnconditionally 0 -> -1
2019-10-09 23:58:57,718 [pool-443-thread-1] INFO  server.RaftServerConfigKeys (ConfUtils.java:logGet(43)) - raft.server.snapshot.auto.trigger.enabled = true (custom)
2019-10-09 23:58:57,718 [pool-443-thread-1] INFO  server.RaftServerConfigKeys (ConfUtils.java:logGet(43)) - raft.server.snapshot.auto.trigger.threshold = 10000 (custom)
2019-10-09 23:58:57,718 [grpc-default-executor-4] WARN  server.GrpcLogAppender (LogUtils.java:warn(134)) - e0a2bbc5-e1f3-429a-8b57-8ad53d3fcfcf@group-C934F1EEB7D0->7efd9bf7-a6c0-4f93-9bd9-a1d7634c727c-AppendLogResponseHandler: Failed appendEntries: org.apache.ratis.thirdparty.io.grpc.StatusRuntimeException: UNAVAILABLE: io exception
2019-10-09 23:58:57,718 [pool-443-thread-1] INFO  server.RaftServerConfigKeys (ConfUtils.java:logGet(43)) - raft.server.snapshot.retention.file.num = 5 (custom)
2019-10-09 23:58:57,718 [grpc-default-executor-4] INFO  impl.FollowerInfo (FollowerInfo.java:lambda$new$0(51)) - e0a2bbc5-e1f3-429a-8b57-8ad53d3fcfcf@group-C934F1EEB7D0->7efd9bf7-a6c0-4f93-9bd9-a1d7634c727c: nextIndex: updateUnconditionally 0 -> 0
2019-10-09 23:58:57,718 [pool-443-thread-1] INFO  server.RaftServerConfigKeys (ConfUtils.java:logGet(43)) - raft.server.retrycache.expirytime = 600000ms (custom)
2019-10-09 23:58:57,721 [pool-443-thread-1] INFO  impl.RaftServerImpl (RaftServerImpl.java:start(181)) - f64468a6-af5b-492a-a370-4bb1c9b61e1a@group-FE0EAF358322: start as a follower, conf=-1: [f64468a6-af5b-492a-a370-4bb1c9b61e1a:192.168.5.166:34418], old=null
2019-10-09 23:58:57,721 [pool-443-thread-1] INFO  impl.RaftServerImpl (RaftServerImpl.java:setRole(170)) - f64468a6-af5b-492a-a370-4bb1c9b61e1a@group-FE0EAF358322: changes role from      null to FOLLOWER at term 0 for startAsFollower
2019-10-09 23:58:57,721 [pool-443-thread-1] INFO  impl.RoleInfo (RoleInfo.java:updateAndGet(143)) - f64468a6-af5b-492a-a370-4bb1c9b61e1a: start FollowerState
2019-10-09 23:58:57,721 [pool-443-thread-1] INFO  util.JmxRegister (JmxRegister.java:tryRegister(44)) - Successfully registered JMX Bean with object name Ratis:service=RaftServer,group=group-FE0EAF358322,id=f64468a6-af5b-492a-a370-4bb1c9b61e1a
2019-10-09 23:58:57,726 [RatisPipelineUtilsThread] INFO  pipeline.PipelineStateManager (PipelineStateManager.java:addPipeline(57)) - Created pipeline Pipeline[ Id: dc1fa0dd-7d1d-4761-8440-fe0eaf358322, Nodes: f64468a6-af5b-492a-a370-4bb1c9b61e1a{ip: 192.168.5.166, host: pr-hdds-1868-fg6nx-4263576025, networkLocation: /default-rack, certSerialId: null}, Type:RATIS, Factor:ONE, State:ALLOCATED]
2019-10-09 23:58:57,726 [Thread-2415] INFO  pipeline.PipelineStateManager (PipelineStateManager.java:finalizePipeline(123)) - Pipeline Pipeline[ Id: 42334a1f-8961-4afd-8db5-a2b51927cf82, Nodes: c9bf6877-9cff-4b98-8a8e-7003cb757ecd{ip: 192.168.5.166, host: pr-hdds-1868-fg6nx-4263576025, networkLocation: /default-rack, certSerialId: null}, Type:RATIS, Factor:ONE, State:CLOSED] moved to CLOSED state
2019-10-09 23:58:57,735 [grpc-default-executor-4] INFO  impl.RaftServerProxy (RaftServerProxy.java:remove(95)) - c9bf6877-9cff-4b98-8a8e-7003cb757ecd: remove  FOLLOWER c9bf6877-9cff-4b98-8a8e-7003cb757ecd@group-A2B51927CF82:t0, leader=null, voted=null, raftlog=c9bf6877-9cff-4b98-8a8e-7003cb757ecd@group-A2B51927CF82-SegmentedRaftLog:OPENED:c-1,f-1,i0, conf=-1: [c9bf6877-9cff-4b98-8a8e-7003cb757ecd:192.168.5.166:44297], old=null RUNNING
2019-10-09 23:58:57,735 [grpc-default-executor-4] INFO  impl.RaftServerImpl (RaftServerImpl.java:lambda$shutdown$3(247)) - c9bf6877-9cff-4b98-8a8e-7003cb757ecd@group-A2B51927CF82: shutdown
2019-10-09 23:58:57,735 [grpc-default-executor-4] INFO  util.JmxRegister (JmxRegister.java:unregister(73)) - Successfully un-registered JMX Bean with object name Ratis:service=RaftServer,group=group-A2B51927CF82,id=c9bf6877-9cff-4b98-8a8e-7003cb757ecd
2019-10-09 23:58:57,735 [grpc-default-executor-4] INFO  impl.RoleInfo (RoleInfo.java:shutdownFollowerState(121)) - c9bf6877-9cff-4b98-8a8e-7003cb757ecd: shutdown FollowerState
2019-10-09 23:58:57,736 [grpc-default-executor-4] INFO  impl.StateMachineUpdater (StateMachineUpdater.java:stopAndJoin(136)) - c9bf6877-9cff-4b98-8a8e-7003cb757ecd@group-A2B51927CF82-StateMachineUpdater: set stopIndex = -1
2019-10-09 23:58:57,740 [grpc-default-executor-4] INFO  impl.RaftServerImpl (ServerState.java:close(387)) - c9bf6877-9cff-4b98-8a8e-7003cb757ecd@group-A2B51927CF82: closes. applyIndex: -1
2019-10-09 23:58:57,740 [Thread-2417] INFO  impl.FollowerState (FollowerState.java:run(117)) - c9bf6877-9cff-4b98-8a8e-7003cb757ecd@group-A2B51927CF82-FollowerState was interrupted: java.lang.InterruptedException: sleep interrupted
2019-10-09 23:58:57,740 [c9bf6877-9cff-4b98-8a8e-7003cb757ecd@group-A2B51927CF82-SegmentedRaftLogWorker] INFO  segmented.SegmentedRaftLogWorker (SegmentedRaftLogWorker.java:run(316)) - c9bf6877-9cff-4b98-8a8e-7003cb757ecd@group-A2B51927CF82-SegmentedRaftLogWorker was interrupted, exiting. There are 0 tasks remaining in the queue.
2019-10-09 23:58:57,740 [grpc-default-executor-4] INFO  segmented.SegmentedRaftLogWorker (SegmentedRaftLogWorker.java:close(224)) - c9bf6877-9cff-4b98-8a8e-7003cb757ecd@group-A2B51927CF82-SegmentedRaftLogWorker close()
2019-10-09 23:58:57,751 [Thread-2415] INFO  pipeline.PipelineStateManager (PipelineStateManager.java:removePipeline(108)) - Pipeline Pipeline[ Id: 42334a1f-8961-4afd-8db5-a2b51927cf82, Nodes: c9bf6877-9cff-4b98-8a8e-7003cb757ecd{ip: 192.168.5.166, host: pr-hdds-1868-fg6nx-4263576025, networkLocation: /default-rack, certSerialId: null}, Type:RATIS, Factor:ONE, State:CLOSED] removed from db
2019-10-09 23:58:57,751 [Thread-2415] INFO  pipeline.SCMPipelineManager (SCMPipelineManager.java:finalizeAndDestroyPipeline(315)) - destroying pipeline:Pipeline[ Id: 06ecc2a7-93cf-4916-8508-0141db9786b9, Nodes: cecef735-5786-42df-85c6-70e235beb44e{ip: 192.168.5.166, host: pr-hdds-1868-fg6nx-4263576025, networkLocation: /default-rack, certSerialId: null}, Type:RATIS, Factor:ONE, State:ALLOCATED]
2019-10-09 23:58:57,755 [grpc-default-executor-4] INFO  impl.RaftServerProxy (RaftServerProxy.java:addNew(89)) - c9bf6877-9cff-4b98-8a8e-7003cb757ecd: addNew group-3F82C27158C6:[c9bf6877-9cff-4b98-8a8e-7003cb757ecd:192.168.5.166:44297] returns group-3F82C27158C6:java.util.concurrent.CompletableFuture@3d0e2d41[Not completed]
2019-10-09 23:58:57,756 [pool-383-thread-1] INFO  impl.RaftServerImpl (RaftServerImpl.java:<init>(95)) - c9bf6877-9cff-4b98-8a8e-7003cb757ecd: new RaftServerImpl for group-3F82C27158C6:[c9bf6877-9cff-4b98-8a8e-7003cb757ecd:192.168.5.166:44297] with ContainerStateMachine:uninitialized
2019-10-09 23:58:57,756 [pool-383-thread-1] INFO  server.RaftServerConfigKeys (ConfUtils.java:logGet(43)) - raft.server.rpc.timeout.min = 5s (custom)
2019-10-09 23:58:57,756 [pool-383-thread-1] INFO  server.RaftServerConfigKeys (ConfUtils.java:logGet(43)) - raft.server.rpc.timeout.max = 5200ms (custom)
2019-10-09 23:58:57,756 [pool-383-thread-1] INFO  server.RaftServerConfigKeys (ConfUtils.java:logGet(43)) - raft.server.rpcslowness.timeout = 120s (custom)
2019-10-09 23:58:57,756 [pool-383-thread-1] INFO  server.RaftServerConfigKeys (ConfUtils.java:logGet(43)) - raft.server.sleep.deviation.threshold = 300 (default)
2019-10-09 23:58:57,756 [pool-383-thread-1] INFO  server.RaftServerConfigKeys (ConfUtils.java:logGet(43)) - raft.server.log.appender.install.snapshot.enabled = false (custom)
2019-10-09 23:58:57,756 [pool-383-thread-1] INFO  impl.RaftServerImpl (ServerState.java:<init>(103)) - c9bf6877-9cff-4b98-8a8e-7003cb757ecd@group-3F82C27158C6: ConfigurationManager, init=-1: [c9bf6877-9cff-4b98-8a8e-7003cb757ecd:192.168.5.166:44297], old=null, confs=<EMPTY_MAP>
2019-10-09 23:58:57,756 [pool-383-thread-1] INFO  server.RaftServerConfigKeys (ConfUtils.java:logGet(43)) - raft.server.storage.dir = [/workdir/hadoop-ozone/integration-test/target/test-dir/MiniOzoneClusterImpl-634ea9de-4d33-4471-86dd-709c178a0057/datanode-0/data/ratis] (custom)
2019-10-09 23:58:57,757 [pool-383-thread-1] INFO  server.RaftServerConfigKeys (ConfUtils.java:logGet(43)) - raft.server.log.corruption.policy = EXCEPTION (default)
2019-10-09 23:58:57,757 [pool-383-thread-1] INFO  storage.RaftStorageDirectory (RaftStorageDirectory.java:analyzeStorage(246)) - The storage directory /workdir/hadoop-ozone/integration-test/target/test-dir/MiniOzoneClusterImpl-634ea9de-4d33-4471-86dd-709c178a0057/datanode-0/data/ratis/5af07fc5-0580-41b8-8c9a-3f82c27158c6 does not exist. Creating ...
2019-10-09 23:58:57,770 [pool-383-thread-1] INFO  storage.RaftStorageDirectory (RaftStorageDirectory.java:tryLock(328)) - Lock on /workdir/hadoop-ozone/integration-test/target/test-dir/MiniOzoneClusterImpl-634ea9de-4d33-4471-86dd-709c178a0057/datanode-0/data/ratis/5af07fc5-0580-41b8-8c9a-3f82c27158c6/in_use.lock acquired by nodename 25084@pr-hdds-1868-fg6nx-4263576025
2019-10-09 23:58:57,773 [pool-383-thread-1] INFO  storage.RaftStorage (RaftStorage.java:format(84)) - Storage directory /workdir/hadoop-ozone/integration-test/target/test-dir/MiniOzoneClusterImpl-634ea9de-4d33-4471-86dd-709c178a0057/datanode-0/data/ratis/5af07fc5-0580-41b8-8c9a-3f82c27158c6 has been successfully formatted.
2019-10-09 23:58:57,774 [pool-383-thread-1] INFO  ratis.ContainerStateMachine (ContainerStateMachine.java:loadSnapshot(233)) - group-3F82C27158C6: The snapshot info is null. Setting the last applied indexto:(t:0, i:~)
2019-10-09 23:58:57,774 [pool-383-thread-1] INFO  server.RaftServerConfigKeys (ConfUtils.java:logGet(43)) - raft.server.notification.no-leader.timeout = 120s (custom)
2019-10-09 23:58:57,774 [pool-383-thread-1] INFO  server.RaftServerConfigKeys (ConfUtils.java:logGet(43)) - raft.server.log.use.memory = false (default)
2019-10-09 23:58:57,774 [pool-383-thread-1] INFO  server.RaftServerConfigKeys (ConfUtils.java:logGet(43)) - raft.server.log.purge.gap = 1000000 (custom)
2019-10-09 23:58:57,774 [pool-383-thread-1] INFO  server.RaftServerConfigKeys (ConfUtils.java:logGet(43)) - raft.server.log.appender.buffer.byte-limit = 33554432 (custom)
2019-10-09 23:58:57,774 [pool-383-thread-1] INFO  server.RaftServerConfigKeys (ConfUtils.java:logGet(43)) - raft.server.log.segment.size.max = 1048576 (custom)
2019-10-09 23:58:57,774 [pool-383-thread-1] INFO  server.RaftServerConfigKeys (ConfUtils.java:logGet(43)) - raft.server.log.segment.cache.num.max = 2 (custom)
2019-10-09 23:58:57,774 [pool-383-thread-1] INFO  segmented.SegmentedRaftLogWorker (SegmentedRaftLogWorker.java:<init>(173)) - new c9bf6877-9cff-4b98-8a8e-7003cb757ecd@group-3F82C27158C6-SegmentedRaftLogWorker for RaftStorage:Storage Directory /workdir/hadoop-ozone/integration-test/target/test-dir/MiniOzoneClusterImpl-634ea9de-4d33-4471-86dd-709c178a0057/datanode-0/data/ratis/5af07fc5-0580-41b8-8c9a-3f82c27158c6
2019-10-09 23:58:57,774 [pool-383-thread-1] INFO  server.RaftServerConfigKeys (ConfUtils.java:logGet(43)) - raft.server.log.queue.byte-limit = 2147483647 (custom)
2019-10-09 23:58:57,775 [pool-383-thread-1] INFO  server.RaftServerConfigKeys (ConfUtils.java:logGet(43)) - raft.server.log.queue.element-limit = 1024 (custom)
2019-10-09 23:58:57,775 [pool-383-thread-1] INFO  server.RaftServerConfigKeys (ConfUtils.java:logGet(43)) - raft.server.log.segment.size.max = 1048576 (custom)
2019-10-09 23:58:57,775 [pool-383-thread-1] INFO  server.RaftServerConfigKeys (ConfUtils.java:logGet(43)) - raft.server.log.preallocated.size = 16384 (custom)
2019-10-09 23:58:57,775 [pool-383-thread-1] INFO  server.RaftServerConfigKeys (ConfUtils.java:logGet(43)) - raft.server.log.write.buffer.size = 33554432 (custom)
2019-10-09 23:58:57,775 [pool-383-thread-1] INFO  server.RaftServerConfigKeys (ConfUtils.java:logGet(43)) - raft.server.log.force.sync.num = 128 (default)
2019-10-09 23:58:57,775 [pool-383-thread-1] INFO  server.RaftServerConfigKeys (ConfUtils.java:logGet(43)) - raft.server.log.statemachine.data.sync = true (default)
2019-10-09 23:58:57,775 [pool-383-thread-1] INFO  server.RaftServerConfigKeys (ConfUtils.java:logGet(43)) - raft.server.log.statemachine.data.sync.timeout = 10s (default)
2019-10-09 23:58:57,775 [pool-383-thread-1] INFO  server.RaftServerConfigKeys (ConfUtils.java:logGet(43)) - raft.server.log.statemachine.data.sync.timeout.retry = -1 (default)
2019-10-09 23:58:57,775 [pool-383-thread-1] INFO  server.RaftServerConfigKeys (ConfUtils.java:logGet(43)) - raft.server.log.statemachine.data.caching.enabled = true (custom)
2019-10-09 23:58:57,776 [pool-383-thread-1] INFO  segmented.SegmentedRaftLogWorker (SegmentedRaftLogWorker.java:lambda$new$0(128)) - c9bf6877-9cff-4b98-8a8e-7003cb757ecd@group-3F82C27158C6-SegmentedRaftLogWorker: flushIndex: setUnconditionally 0 -> -1
2019-10-09 23:58:57,776 [pool-383-thread-1] INFO  server.RaftServerConfigKeys (ConfUtils.java:logGet(43)) - raft.server.snapshot.auto.trigger.enabled = true (custom)
2019-10-09 23:58:57,776 [pool-383-thread-1] INFO  server.RaftServerConfigKeys (ConfUtils.java:logGet(43)) - raft.server.snapshot.auto.trigger.threshold = 10000 (custom)
2019-10-09 23:58:57,776 [pool-383-thread-1] INFO  server.RaftServerConfigKeys (ConfUtils.java:logGet(43)) - raft.server.snapshot.retention.file.num = 5 (custom)
2019-10-09 23:58:57,776 [pool-383-thread-1] INFO  server.RaftServerConfigKeys (ConfUtils.java:logGet(43)) - raft.server.retrycache.expirytime = 600000ms (custom)
2019-10-09 23:58:57,777 [pool-383-thread-1] INFO  impl.RaftServerImpl (RaftServerImpl.java:start(181)) - c9bf6877-9cff-4b98-8a8e-7003cb757ecd@group-3F82C27158C6: start as a follower, conf=-1: [c9bf6877-9cff-4b98-8a8e-7003cb757ecd:192.168.5.166:44297], old=null
2019-10-09 23:58:57,777 [pool-383-thread-1] INFO  impl.RaftServerImpl (RaftServerImpl.java:setRole(170)) - c9bf6877-9cff-4b98-8a8e-7003cb757ecd@group-3F82C27158C6: changes role from      null to FOLLOWER at term 0 for startAsFollower
2019-10-09 23:58:57,777 [pool-383-thread-1] INFO  impl.RoleInfo (RoleInfo.java:updateAndGet(143)) - c9bf6877-9cff-4b98-8a8e-7003cb757ecd: start FollowerState
2019-10-09 23:58:57,778 [pool-383-thread-1] INFO  util.JmxRegister (JmxRegister.java:tryRegister(44)) - Successfully registered JMX Bean with object name Ratis:service=RaftServer,group=group-3F82C27158C6,id=c9bf6877-9cff-4b98-8a8e-7003cb757ecd
2019-10-09 23:58:57,781 [RatisPipelineUtilsThread] INFO  pipeline.PipelineStateManager (PipelineStateManager.java:addPipeline(57)) - Created pipeline Pipeline[ Id: 5af07fc5-0580-41b8-8c9a-3f82c27158c6, Nodes: c9bf6877-9cff-4b98-8a8e-7003cb757ecd{ip: 192.168.5.166, host: pr-hdds-1868-fg6nx-4263576025, networkLocation: /default-rack, certSerialId: null}, Type:RATIS, Factor:ONE, State:ALLOCATED]
2019-10-09 23:58:57,781 [Thread-2415] INFO  pipeline.PipelineStateManager (PipelineStateManager.java:finalizePipeline(123)) - Pipeline Pipeline[ Id: 06ecc2a7-93cf-4916-8508-0141db9786b9, Nodes: cecef735-5786-42df-85c6-70e235beb44e{ip: 192.168.5.166, host: pr-hdds-1868-fg6nx-4263576025, networkLocation: /default-rack, certSerialId: null}, Type:RATIS, Factor:ONE, State:CLOSED] moved to CLOSED state
2019-10-09 23:58:57,790 [grpc-default-executor-4] INFO  impl.RaftServerProxy (RaftServerProxy.java:remove(95)) - cecef735-5786-42df-85c6-70e235beb44e: remove  FOLLOWER cecef735-5786-42df-85c6-70e235beb44e@group-0141DB9786B9:t0, leader=null, voted=null, raftlog=cecef735-5786-42df-85c6-70e235beb44e@group-0141DB9786B9-SegmentedRaftLog:OPENED:c-1,f-1,i0, conf=-1: [cecef735-5786-42df-85c6-70e235beb44e:192.168.5.166:38484], old=null RUNNING
2019-10-09 23:58:57,790 [grpc-default-executor-4] INFO  impl.RaftServerImpl (RaftServerImpl.java:lambda$shutdown$3(247)) - cecef735-5786-42df-85c6-70e235beb44e@group-0141DB9786B9: shutdown
2019-10-09 23:58:57,790 [grpc-default-executor-4] INFO  util.JmxRegister (JmxRegister.java:unregister(73)) - Successfully un-registered JMX Bean with object name Ratis:service=RaftServer,group=group-0141DB9786B9,id=cecef735-5786-42df-85c6-70e235beb44e
2019-10-09 23:58:57,790 [grpc-default-executor-4] INFO  impl.RoleInfo (RoleInfo.java:shutdownFollowerState(121)) - cecef735-5786-42df-85c6-70e235beb44e: shutdown FollowerState
2019-10-09 23:58:57,790 [grpc-default-executor-4] INFO  impl.StateMachineUpdater (StateMachineUpdater.java:stopAndJoin(136)) - cecef735-5786-42df-85c6-70e235beb44e@group-0141DB9786B9-StateMachineUpdater: set stopIndex = -1
2019-10-09 23:58:57,790 [Thread-2438] INFO  impl.FollowerState (FollowerState.java:run(117)) - cecef735-5786-42df-85c6-70e235beb44e@group-0141DB9786B9-FollowerState was interrupted: java.lang.InterruptedException: sleep interrupted
2019-10-09 23:58:57,790 [grpc-default-executor-4] INFO  impl.RaftServerImpl (ServerState.java:close(387)) - cecef735-5786-42df-85c6-70e235beb44e@group-0141DB9786B9: closes. applyIndex: -1
2019-10-09 23:58:57,791 [cecef735-5786-42df-85c6-70e235beb44e@group-0141DB9786B9-SegmentedRaftLogWorker] INFO  segmented.SegmentedRaftLogWorker (SegmentedRaftLogWorker.java:run(316)) - cecef735-5786-42df-85c6-70e235beb44e@group-0141DB9786B9-SegmentedRaftLogWorker was interrupted, exiting. There are 0 tasks remaining in the queue.
2019-10-09 23:58:57,791 [grpc-default-executor-4] INFO  segmented.SegmentedRaftLogWorker (SegmentedRaftLogWorker.java:close(224)) - cecef735-5786-42df-85c6-70e235beb44e@group-0141DB9786B9-SegmentedRaftLogWorker close()
2019-10-09 23:58:57,800 [Thread-2415] INFO  pipeline.PipelineStateManager (PipelineStateManager.java:removePipeline(108)) - Pipeline Pipeline[ Id: 06ecc2a7-93cf-4916-8508-0141db9786b9, Nodes: cecef735-5786-42df-85c6-70e235beb44e{ip: 192.168.5.166, host: pr-hdds-1868-fg6nx-4263576025, networkLocation: /default-rack, certSerialId: null}, Type:RATIS, Factor:ONE, State:CLOSED] removed from db
2019-10-09 23:58:57,801 [Thread-2415] INFO  pipeline.SCMPipelineManager (SCMPipelineManager.java:finalizeAndDestroyPipeline(315)) - destroying pipeline:Pipeline[ Id: c97ae42f-92ea-458b-95be-4ed1c08b782b, Nodes: 54603264-c264-4f50-88b1-da12adb68219{ip: 192.168.5.166, host: pr-hdds-1868-fg6nx-4263576025, networkLocation: /default-rack, certSerialId: null}, Type:RATIS, Factor:ONE, State:ALLOCATED]
2019-10-09 23:58:57,803 [grpc-default-executor-4] INFO  impl.RaftServerProxy (RaftServerProxy.java:addNew(89)) - cecef735-5786-42df-85c6-70e235beb44e: addNew group-ACD0FD936F00:[cecef735-5786-42df-85c6-70e235beb44e:192.168.5.166:38484] returns group-ACD0FD936F00:java.util.concurrent.CompletableFuture@2b075df9[Not completed]
2019-10-09 23:58:57,805 [pool-423-thread-1] INFO  impl.RaftServerImpl (RaftServerImpl.java:<init>(95)) - cecef735-5786-42df-85c6-70e235beb44e: new RaftServerImpl for group-ACD0FD936F00:[cecef735-5786-42df-85c6-70e235beb44e:192.168.5.166:38484] with ContainerStateMachine:uninitialized
2019-10-09 23:58:57,805 [pool-423-thread-1] INFO  server.RaftServerConfigKeys (ConfUtils.java:logGet(43)) - raft.server.rpc.timeout.min = 5s (custom)
2019-10-09 23:58:57,805 [pool-423-thread-1] INFO  server.RaftServerConfigKeys (ConfUtils.java:logGet(43)) - raft.server.rpc.timeout.max = 5200ms (custom)
2019-10-09 23:58:57,805 [pool-423-thread-1] INFO  server.RaftServerConfigKeys (ConfUtils.java:logGet(43)) - raft.server.rpcslowness.timeout = 120s (custom)
2019-10-09 23:58:57,805 [pool-423-thread-1] INFO  server.RaftServerConfigKeys (ConfUtils.java:logGet(43)) - raft.server.sleep.deviation.threshold = 300 (default)
2019-10-09 23:58:57,805 [pool-423-thread-1] INFO  server.RaftServerConfigKeys (ConfUtils.java:logGet(43)) - raft.server.log.appender.install.snapshot.enabled = false (custom)
2019-10-09 23:58:57,806 [pool-423-thread-1] INFO  impl.RaftServerImpl (ServerState.java:<init>(103)) - cecef735-5786-42df-85c6-70e235beb44e@group-ACD0FD936F00: ConfigurationManager, init=-1: [cecef735-5786-42df-85c6-70e235beb44e:192.168.5.166:38484], old=null, confs=<EMPTY_MAP>
2019-10-09 23:58:57,806 [pool-423-thread-1] INFO  server.RaftServerConfigKeys (ConfUtils.java:logGet(43)) - raft.server.storage.dir = [/workdir/hadoop-ozone/integration-test/target/test-dir/MiniOzoneClusterImpl-634ea9de-4d33-4471-86dd-709c178a0057/datanode-4/data/ratis] (custom)
2019-10-09 23:58:57,806 [pool-423-thread-1] INFO  server.RaftServerConfigKeys (ConfUtils.java:logGet(43)) - raft.server.log.corruption.policy = EXCEPTION (default)
2019-10-09 23:58:57,806 [pool-423-thread-1] INFO  storage.RaftStorageDirectory (RaftStorageDirectory.java:analyzeStorage(246)) - The storage directory /workdir/hadoop-ozone/integration-test/target/test-dir/MiniOzoneClusterImpl-634ea9de-4d33-4471-86dd-709c178a0057/datanode-4/data/ratis/fc0fe500-c43e-465c-946f-acd0fd936f00 does not exist. Creating ...
2019-10-09 23:58:57,811 [pool-423-thread-1] INFO  storage.RaftStorageDirectory (RaftStorageDirectory.java:tryLock(328)) - Lock on /workdir/hadoop-ozone/integration-test/target/test-dir/MiniOzoneClusterImpl-634ea9de-4d33-4471-86dd-709c178a0057/datanode-4/data/ratis/fc0fe500-c43e-465c-946f-acd0fd936f00/in_use.lock acquired by nodename 25084@pr-hdds-1868-fg6nx-4263576025
2019-10-09 23:58:57,815 [pool-423-thread-1] INFO  storage.RaftStorage (RaftStorage.java:format(84)) - Storage directory /workdir/hadoop-ozone/integration-test/target/test-dir/MiniOzoneClusterImpl-634ea9de-4d33-4471-86dd-709c178a0057/datanode-4/data/ratis/fc0fe500-c43e-465c-946f-acd0fd936f00 has been successfully formatted.
2019-10-09 23:58:57,815 [pool-423-thread-1] INFO  ratis.ContainerStateMachine (ContainerStateMachine.java:loadSnapshot(233)) - group-ACD0FD936F00: The snapshot info is null. Setting the last applied indexto:(t:0, i:~)
2019-10-09 23:58:57,815 [pool-423-thread-1] INFO  server.RaftServerConfigKeys (ConfUtils.java:logGet(43)) - raft.server.notification.no-leader.timeout = 120s (custom)
2019-10-09 23:58:57,815 [pool-423-thread-1] INFO  server.RaftServerConfigKeys (ConfUtils.java:logGet(43)) - raft.server.log.use.memory = false (default)
2019-10-09 23:58:57,815 [pool-423-thread-1] INFO  server.RaftServerConfigKeys (ConfUtils.java:logGet(43)) - raft.server.log.purge.gap = 1000000 (custom)
2019-10-09 23:58:57,815 [pool-423-thread-1] INFO  server.RaftServerConfigKeys (ConfUtils.java:logGet(43)) - raft.server.log.appender.buffer.byte-limit = 33554432 (custom)
2019-10-09 23:58:57,816 [pool-423-thread-1] INFO  server.RaftServerConfigKeys (ConfUtils.java:logGet(43)) - raft.server.log.segment.size.max = 1048576 (custom)
2019-10-09 23:58:57,816 [pool-423-thread-1] INFO  server.RaftServerConfigKeys (ConfUtils.java:logGet(43)) - raft.server.log.segment.cache.num.max = 2 (custom)
2019-10-09 23:58:57,816 [pool-423-thread-1] INFO  segmented.SegmentedRaftLogWorker (SegmentedRaftLogWorker.java:<init>(173)) - new cecef735-5786-42df-85c6-70e235beb44e@group-ACD0FD936F00-SegmentedRaftLogWorker for RaftStorage:Storage Directory /workdir/hadoop-ozone/integration-test/target/test-dir/MiniOzoneClusterImpl-634ea9de-4d33-4471-86dd-709c178a0057/datanode-4/data/ratis/fc0fe500-c43e-465c-946f-acd0fd936f00
2019-10-09 23:58:57,816 [pool-423-thread-1] INFO  server.RaftServerConfigKeys (ConfUtils.java:logGet(43)) - raft.server.log.queue.byte-limit = 2147483647 (custom)
2019-10-09 23:58:57,816 [pool-423-thread-1] INFO  server.RaftServerConfigKeys (ConfUtils.java:logGet(43)) - raft.server.log.queue.element-limit = 1024 (custom)
2019-10-09 23:58:57,816 [pool-423-thread-1] INFO  server.RaftServerConfigKeys (ConfUtils.java:logGet(43)) - raft.server.log.segment.size.max = 1048576 (custom)
2019-10-09 23:58:57,816 [pool-423-thread-1] INFO  server.RaftServerConfigKeys (ConfUtils.java:logGet(43)) - raft.server.log.preallocated.size = 16384 (custom)
2019-10-09 23:58:57,816 [pool-423-thread-1] INFO  server.RaftServerConfigKeys (ConfUtils.java:logGet(43)) - raft.server.log.write.buffer.size = 33554432 (custom)
2019-10-09 23:58:57,816 [pool-423-thread-1] INFO  server.RaftServerConfigKeys (ConfUtils.java:logGet(43)) - raft.server.log.force.sync.num = 128 (default)
2019-10-09 23:58:57,817 [pool-423-thread-1] INFO  server.RaftServerConfigKeys (ConfUtils.java:logGet(43)) - raft.server.log.statemachine.data.sync = true (default)
2019-10-09 23:58:57,817 [pool-423-thread-1] INFO  server.RaftServerConfigKeys (ConfUtils.java:logGet(43)) - raft.server.log.statemachine.data.sync.timeout = 10s (default)
2019-10-09 23:58:57,817 [pool-423-thread-1] INFO  server.RaftServerConfigKeys (ConfUtils.java:logGet(43)) - raft.server.log.statemachine.data.sync.timeout.retry = -1 (default)
2019-10-09 23:58:57,817 [pool-423-thread-1] INFO  server.RaftServerConfigKeys (ConfUtils.java:logGet(43)) - raft.server.log.statemachine.data.caching.enabled = true (custom)
2019-10-09 23:58:57,817 [pool-423-thread-1] INFO  segmented.SegmentedRaftLogWorker (SegmentedRaftLogWorker.java:lambda$new$0(128)) - cecef735-5786-42df-85c6-70e235beb44e@group-ACD0FD936F00-SegmentedRaftLogWorker: flushIndex: setUnconditionally 0 -> -1
2019-10-09 23:58:57,817 [pool-423-thread-1] INFO  server.RaftServerConfigKeys (ConfUtils.java:logGet(43)) - raft.server.snapshot.auto.trigger.enabled = true (custom)
2019-10-09 23:58:57,818 [pool-423-thread-1] INFO  server.RaftServerConfigKeys (ConfUtils.java:logGet(43)) - raft.server.snapshot.auto.trigger.threshold = 10000 (custom)
2019-10-09 23:58:57,818 [pool-423-thread-1] INFO  server.RaftServerConfigKeys (ConfUtils.java:logGet(43)) - raft.server.snapshot.retention.file.num = 5 (custom)
2019-10-09 23:58:57,818 [pool-423-thread-1] INFO  server.RaftServerConfigKeys (ConfUtils.java:logGet(43)) - raft.server.retrycache.expirytime = 600000ms (custom)
2019-10-09 23:58:57,819 [pool-423-thread-1] INFO  impl.RaftServerImpl (RaftServerImpl.java:start(181)) - cecef735-5786-42df-85c6-70e235beb44e@group-ACD0FD936F00: start as a follower, conf=-1: [cecef735-5786-42df-85c6-70e235beb44e:192.168.5.166:38484], old=null
2019-10-09 23:58:57,820 [pool-423-thread-1] INFO  impl.RaftServerImpl (RaftServerImpl.java:setRole(170)) - cecef735-5786-42df-85c6-70e235beb44e@group-ACD0FD936F00: changes role from      null to FOLLOWER at term 0 for startAsFollower
2019-10-09 23:58:57,820 [pool-423-thread-1] INFO  impl.RoleInfo (RoleInfo.java:updateAndGet(143)) - cecef735-5786-42df-85c6-70e235beb44e: start FollowerState
2019-10-09 23:58:57,820 [pool-423-thread-1] INFO  util.JmxRegister (JmxRegister.java:tryRegister(44)) - Successfully registered JMX Bean with object name Ratis:service=RaftServer,group=group-ACD0FD936F00,id=cecef735-5786-42df-85c6-70e235beb44e
2019-10-09 23:58:57,823 [RatisPipelineUtilsThread] INFO  pipeline.PipelineStateManager (PipelineStateManager.java:addPipeline(57)) - Created pipeline Pipeline[ Id: fc0fe500-c43e-465c-946f-acd0fd936f00, Nodes: cecef735-5786-42df-85c6-70e235beb44e{ip: 192.168.5.166, host: pr-hdds-1868-fg6nx-4263576025, networkLocation: /default-rack, certSerialId: null}, Type:RATIS, Factor:ONE, State:ALLOCATED]
2019-10-09 23:58:57,824 [Thread-2415] INFO  pipeline.PipelineStateManager (PipelineStateManager.java:finalizePipeline(123)) - Pipeline Pipeline[ Id: c97ae42f-92ea-458b-95be-4ed1c08b782b, Nodes: 54603264-c264-4f50-88b1-da12adb68219{ip: 192.168.5.166, host: pr-hdds-1868-fg6nx-4263576025, networkLocation: /default-rack, certSerialId: null}, Type:RATIS, Factor:ONE, State:CLOSED] moved to CLOSED state
2019-10-09 23:58:57,831 [grpc-default-executor-4] INFO  impl.RaftServerProxy (RaftServerProxy.java:remove(95)) - 54603264-c264-4f50-88b1-da12adb68219: remove  FOLLOWER 54603264-c264-4f50-88b1-da12adb68219@group-4ED1C08B782B:t0, leader=null, voted=null, raftlog=54603264-c264-4f50-88b1-da12adb68219@group-4ED1C08B782B-SegmentedRaftLog:OPENED:c-1,f-1,i0, conf=-1: [54603264-c264-4f50-88b1-da12adb68219:192.168.5.166:35382], old=null RUNNING
2019-10-09 23:58:57,831 [grpc-default-executor-4] INFO  impl.RaftServerImpl (RaftServerImpl.java:lambda$shutdown$3(247)) - 54603264-c264-4f50-88b1-da12adb68219@group-4ED1C08B782B: shutdown
2019-10-09 23:58:57,831 [grpc-default-executor-4] INFO  util.JmxRegister (JmxRegister.java:unregister(73)) - Successfully un-registered JMX Bean with object name Ratis:service=RaftServer,group=group-4ED1C08B782B,id=54603264-c264-4f50-88b1-da12adb68219
2019-10-09 23:58:57,832 [grpc-default-executor-4] INFO  impl.RoleInfo (RoleInfo.java:shutdownFollowerState(121)) - 54603264-c264-4f50-88b1-da12adb68219: shutdown FollowerState
2019-10-09 23:58:57,832 [grpc-default-executor-4] INFO  impl.StateMachineUpdater (StateMachineUpdater.java:stopAndJoin(136)) - 54603264-c264-4f50-88b1-da12adb68219@group-4ED1C08B782B-StateMachineUpdater: set stopIndex = -1
2019-10-09 23:58:57,832 [grpc-default-executor-4] INFO  impl.RaftServerImpl (ServerState.java:close(387)) - 54603264-c264-4f50-88b1-da12adb68219@group-4ED1C08B782B: closes. applyIndex: -1
2019-10-09 23:58:57,832 [Thread-2420] INFO  impl.FollowerState (FollowerState.java:run(117)) - 54603264-c264-4f50-88b1-da12adb68219@group-4ED1C08B782B-FollowerState was interrupted: java.lang.InterruptedException: sleep interrupted
2019-10-09 23:58:57,832 [54603264-c264-4f50-88b1-da12adb68219@group-4ED1C08B782B-SegmentedRaftLogWorker] INFO  segmented.SegmentedRaftLogWorker (SegmentedRaftLogWorker.java:run(316)) - 54603264-c264-4f50-88b1-da12adb68219@group-4ED1C08B782B-SegmentedRaftLogWorker was interrupted, exiting. There are 0 tasks remaining in the queue.
2019-10-09 23:58:57,832 [grpc-default-executor-4] INFO  segmented.SegmentedRaftLogWorker (SegmentedRaftLogWorker.java:close(224)) - 54603264-c264-4f50-88b1-da12adb68219@group-4ED1C08B782B-SegmentedRaftLogWorker close()
2019-10-09 23:58:57,842 [Thread-2415] INFO  pipeline.PipelineStateManager (PipelineStateManager.java:removePipeline(108)) - Pipeline Pipeline[ Id: c97ae42f-92ea-458b-95be-4ed1c08b782b, Nodes: 54603264-c264-4f50-88b1-da12adb68219{ip: 192.168.5.166, host: pr-hdds-1868-fg6nx-4263576025, networkLocation: /default-rack, certSerialId: null}, Type:RATIS, Factor:ONE, State:CLOSED] removed from db
2019-10-09 23:58:57,843 [Thread-2415] INFO  pipeline.SCMPipelineManager (SCMPipelineManager.java:finalizeAndDestroyPipeline(315)) - destroying pipeline:Pipeline[ Id: 63d48443-d022-4363-9fb2-cf71acf76389, Nodes: 46c62e6e-4505-4efd-852b-69b3876e4d77{ip: 192.168.5.166, host: pr-hdds-1868-fg6nx-4263576025, networkLocation: /default-rack, certSerialId: null}, Type:RATIS, Factor:ONE, State:ALLOCATED]
2019-10-09 23:58:57,846 [grpc-default-executor-4] INFO  impl.RaftServerProxy (RaftServerProxy.java:addNew(89)) - 54603264-c264-4f50-88b1-da12adb68219: addNew group-2D23DE2D2116:[54603264-c264-4f50-88b1-da12adb68219:192.168.5.166:35382] returns group-2D23DE2D2116:java.util.concurrent.CompletableFuture@46ef7907[Not completed]
2019-10-09 23:58:57,846 [pool-393-thread-1] INFO  impl.RaftServerImpl (RaftServerImpl.java:<init>(95)) - 54603264-c264-4f50-88b1-da12adb68219: new RaftServerImpl for group-2D23DE2D2116:[54603264-c264-4f50-88b1-da12adb68219:192.168.5.166:35382] with ContainerStateMachine:uninitialized
2019-10-09 23:58:57,846 [pool-393-thread-1] INFO  server.RaftServerConfigKeys (ConfUtils.java:logGet(43)) - raft.server.rpc.timeout.min = 5s (custom)
2019-10-09 23:58:57,847 [pool-393-thread-1] INFO  server.RaftServerConfigKeys (ConfUtils.java:logGet(43)) - raft.server.rpc.timeout.max = 5200ms (custom)
2019-10-09 23:58:57,847 [pool-393-thread-1] INFO  server.RaftServerConfigKeys (ConfUtils.java:logGet(43)) - raft.server.rpcslowness.timeout = 120s (custom)
2019-10-09 23:58:57,847 [pool-393-thread-1] INFO  server.RaftServerConfigKeys (ConfUtils.java:logGet(43)) - raft.server.sleep.deviation.threshold = 300 (default)
2019-10-09 23:58:57,847 [pool-393-thread-1] INFO  server.RaftServerConfigKeys (ConfUtils.java:logGet(43)) - raft.server.log.appender.install.snapshot.enabled = false (custom)
2019-10-09 23:58:57,847 [pool-393-thread-1] INFO  impl.RaftServerImpl (ServerState.java:<init>(103)) - 54603264-c264-4f50-88b1-da12adb68219@group-2D23DE2D2116: ConfigurationManager, init=-1: [54603264-c264-4f50-88b1-da12adb68219:192.168.5.166:35382], old=null, confs=<EMPTY_MAP>
2019-10-09 23:58:57,847 [pool-393-thread-1] INFO  server.RaftServerConfigKeys (ConfUtils.java:logGet(43)) - raft.server.storage.dir = [/workdir/hadoop-ozone/integration-test/target/test-dir/MiniOzoneClusterImpl-634ea9de-4d33-4471-86dd-709c178a0057/datanode-1/data/ratis] (custom)
2019-10-09 23:58:57,847 [pool-393-thread-1] INFO  server.RaftServerConfigKeys (ConfUtils.java:logGet(43)) - raft.server.log.corruption.policy = EXCEPTION (default)
2019-10-09 23:58:57,847 [pool-393-thread-1] INFO  storage.RaftStorageDirectory (RaftStorageDirectory.java:analyzeStorage(246)) - The storage directory /workdir/hadoop-ozone/integration-test/target/test-dir/MiniOzoneClusterImpl-634ea9de-4d33-4471-86dd-709c178a0057/datanode-1/data/ratis/07532725-0a4d-483d-9f7b-2d23de2d2116 does not exist. Creating ...
2019-10-09 23:58:57,857 [Thread-2473] INFO  client.GrpcClientProtocolService (GrpcClientProtocolService.java:lambda$processClientRequest$0(278)) - Failed RaftClientRequest:client-5669A63126D6->e0a2bbc5-e1f3-429a-8b57-8ad53d3fcfcf@group-C934F1EEB7D0, cid=119, seq=0, Watch-ALL_COMMITTED(101), Message:<EMPTY>, reply=RaftClientReply:client-5669A63126D6->e0a2bbc5-e1f3-429a-8b57-8ad53d3fcfcf@group-C934F1EEB7D0, cid=119, FAILED org.apache.ratis.protocol.NotReplicatedException: Request with call Id 119 and log index 101 is not yet replicated to ALL_COMMITTED, logIndex=101, commits[e0a2bbc5-e1f3-429a-8b57-8ad53d3fcfcf:c2, 7efd9bf7-a6c0-4f93-9bd9-a1d7634c727c:c2, d1b2fdb4-2a3c-478d-9f55-2a69fc770f7f:c2]
2019-10-09 23:58:57,857 [Thread-2474] INFO  client.GrpcClientProtocolService (GrpcClientProtocolService.java:lambda$processClientRequest$0(278)) - Failed RaftClientRequest:client-5669A63126D6->e0a2bbc5-e1f3-429a-8b57-8ad53d3fcfcf@group-C934F1EEB7D0, cid=120, seq=0, Watch-MAJORITY_COMMITTED(101), Message:<EMPTY>, reply=RaftClientReply:client-5669A63126D6->e0a2bbc5-e1f3-429a-8b57-8ad53d3fcfcf@group-C934F1EEB7D0, cid=120, FAILED org.apache.ratis.protocol.NotReplicatedException: Request with call Id 120 and log index 101 is not yet replicated to MAJORITY_COMMITTED, logIndex=101, commits[e0a2bbc5-e1f3-429a-8b57-8ad53d3fcfcf:c2, 7efd9bf7-a6c0-4f93-9bd9-a1d7634c727c:c2, d1b2fdb4-2a3c-478d-9f55-2a69fc770f7f:c2]
2019-10-09 23:58:57,861 [pool-393-thread-1] INFO  storage.RaftStorageDirectory (RaftStorageDirectory.java:tryLock(328)) - Lock on /workdir/hadoop-ozone/integration-test/target/test-dir/MiniOzoneClusterImpl-634ea9de-4d33-4471-86dd-709c178a0057/datanode-1/data/ratis/07532725-0a4d-483d-9f7b-2d23de2d2116/in_use.lock acquired by nodename 25084@pr-hdds-1868-fg6nx-4263576025
2019-10-09 23:58:57,869 [pool-393-thread-1] INFO  storage.RaftStorage (RaftStorage.java:format(84)) - Storage directory /workdir/hadoop-ozone/integration-test/target/test-dir/MiniOzoneClusterImpl-634ea9de-4d33-4471-86dd-709c178a0057/datanode-1/data/ratis/07532725-0a4d-483d-9f7b-2d23de2d2116 has been successfully formatted.
2019-10-09 23:58:57,869 [pool-393-thread-1] INFO  ratis.ContainerStateMachine (ContainerStateMachine.java:loadSnapshot(233)) - group-2D23DE2D2116: The snapshot info is null. Setting the last applied indexto:(t:0, i:~)
2019-10-09 23:58:57,869 [pool-393-thread-1] INFO  server.RaftServerConfigKeys (ConfUtils.java:logGet(43)) - raft.server.notification.no-leader.timeout = 120s (custom)
2019-10-09 23:58:57,869 [pool-393-thread-1] INFO  server.RaftServerConfigKeys (ConfUtils.java:logGet(43)) - raft.server.log.use.memory = false (default)
2019-10-09 23:58:57,869 [pool-393-thread-1] INFO  server.RaftServerConfigKeys (ConfUtils.java:logGet(43)) - raft.server.log.purge.gap = 1000000 (custom)
2019-10-09 23:58:57,869 [pool-393-thread-1] INFO  server.RaftServerConfigKeys (ConfUtils.java:logGet(43)) - raft.server.log.appender.buffer.byte-limit = 33554432 (custom)
2019-10-09 23:58:57,869 [pool-393-thread-1] INFO  server.RaftServerConfigKeys (ConfUtils.java:logGet(43)) - raft.server.log.segment.size.max = 1048576 (custom)
2019-10-09 23:58:57,869 [pool-393-thread-1] INFO  server.RaftServerConfigKeys (ConfUtils.java:logGet(43)) - raft.server.log.segment.cache.num.max = 2 (custom)
2019-10-09 23:58:57,869 [pool-393-thread-1] INFO  segmented.SegmentedRaftLogWorker (SegmentedRaftLogWorker.java:<init>(173)) - new 54603264-c264-4f50-88b1-da12adb68219@group-2D23DE2D2116-SegmentedRaftLogWorker for RaftStorage:Storage Directory /workdir/hadoop-ozone/integration-test/target/test-dir/MiniOzoneClusterImpl-634ea9de-4d33-4471-86dd-709c178a0057/datanode-1/data/ratis/07532725-0a4d-483d-9f7b-2d23de2d2116
2019-10-09 23:58:57,869 [pool-393-thread-1] INFO  server.RaftServerConfigKeys (ConfUtils.java:logGet(43)) - raft.server.log.queue.byte-limit = 2147483647 (custom)
2019-10-09 23:58:57,870 [pool-393-thread-1] INFO  server.RaftServerConfigKeys (ConfUtils.java:logGet(43)) - raft.server.log.queue.element-limit = 1024 (custom)
2019-10-09 23:58:57,870 [pool-393-thread-1] INFO  server.RaftServerConfigKeys (ConfUtils.java:logGet(43)) - raft.server.log.segment.size.max = 1048576 (custom)
2019-10-09 23:58:57,870 [pool-393-thread-1] INFO  server.RaftServerConfigKeys (ConfUtils.java:logGet(43)) - raft.server.log.preallocated.size = 16384 (custom)
2019-10-09 23:58:57,870 [pool-393-thread-1] INFO  server.RaftServerConfigKeys (ConfUtils.java:logGet(43)) - raft.server.log.write.buffer.size = 33554432 (custom)
2019-10-09 23:58:57,870 [pool-393-thread-1] INFO  server.RaftServerConfigKeys (ConfUtils.java:logGet(43)) - raft.server.log.force.sync.num = 128 (default)
2019-10-09 23:58:57,870 [pool-393-thread-1] INFO  server.RaftServerConfigKeys (ConfUtils.java:logGet(43)) - raft.server.log.statemachine.data.sync = true (default)
2019-10-09 23:58:57,870 [pool-393-thread-1] INFO  server.RaftServerConfigKeys (ConfUtils.java:logGet(43)) - raft.server.log.statemachine.data.sync.timeout = 10s (default)
2019-10-09 23:58:57,870 [pool-393-thread-1] INFO  server.RaftServerConfigKeys (ConfUtils.java:logGet(43)) - raft.server.log.statemachine.data.sync.timeout.retry = -1 (default)
2019-10-09 23:58:57,870 [pool-393-thread-1] INFO  server.RaftServerConfigKeys (ConfUtils.java:logGet(43)) - raft.server.log.statemachine.data.caching.enabled = true (custom)
2019-10-09 23:58:57,870 [pool-393-thread-1] INFO  segmented.SegmentedRaftLogWorker (SegmentedRaftLogWorker.java:lambda$new$0(128)) - 54603264-c264-4f50-88b1-da12adb68219@group-2D23DE2D2116-SegmentedRaftLogWorker: flushIndex: setUnconditionally 0 -> -1
2019-10-09 23:58:57,871 [pool-393-thread-1] INFO  server.RaftServerConfigKeys (ConfUtils.java:logGet(43)) - raft.server.snapshot.auto.trigger.enabled = true (custom)
2019-10-09 23:58:57,871 [pool-393-thread-1] INFO  server.RaftServerConfigKeys (ConfUtils.java:logGet(43)) - raft.server.snapshot.auto.trigger.threshold = 10000 (custom)
2019-10-09 23:58:57,871 [pool-393-thread-1] INFO  server.RaftServerConfigKeys (ConfUtils.java:logGet(43)) - raft.server.snapshot.retention.file.num = 5 (custom)
2019-10-09 23:58:57,871 [pool-393-thread-1] INFO  server.RaftServerConfigKeys (ConfUtils.java:logGet(43)) - raft.server.retrycache.expirytime = 600000ms (custom)
2019-10-09 23:58:57,872 [pool-393-thread-1] INFO  impl.RaftServerImpl (RaftServerImpl.java:start(181)) - 54603264-c264-4f50-88b1-da12adb68219@group-2D23DE2D2116: start as a follower, conf=-1: [54603264-c264-4f50-88b1-da12adb68219:192.168.5.166:35382], old=null
2019-10-09 23:58:57,872 [pool-393-thread-1] INFO  impl.RaftServerImpl (RaftServerImpl.java:setRole(170)) - 54603264-c264-4f50-88b1-da12adb68219@group-2D23DE2D2116: changes role from      null to FOLLOWER at term 0 for startAsFollower
2019-10-09 23:58:57,872 [pool-393-thread-1] INFO  impl.RoleInfo (RoleInfo.java:updateAndGet(143)) - 54603264-c264-4f50-88b1-da12adb68219: start FollowerState
2019-10-09 23:58:57,872 [pool-393-thread-1] INFO  util.JmxRegister (JmxRegister.java:tryRegister(44)) - Successfully registered JMX Bean with object name Ratis:service=RaftServer,group=group-2D23DE2D2116,id=54603264-c264-4f50-88b1-da12adb68219
2019-10-09 23:58:57,875 [RatisPipelineUtilsThread] INFO  pipeline.PipelineStateManager (PipelineStateManager.java:addPipeline(57)) - Created pipeline Pipeline[ Id: 07532725-0a4d-483d-9f7b-2d23de2d2116, Nodes: 54603264-c264-4f50-88b1-da12adb68219{ip: 192.168.5.166, host: pr-hdds-1868-fg6nx-4263576025, networkLocation: /default-rack, certSerialId: null}, Type:RATIS, Factor:ONE, State:ALLOCATED]
2019-10-09 23:58:57,876 [Thread-2415] INFO  pipeline.PipelineStateManager (PipelineStateManager.java:finalizePipeline(123)) - Pipeline Pipeline[ Id: 63d48443-d022-4363-9fb2-cf71acf76389, Nodes: 46c62e6e-4505-4efd-852b-69b3876e4d77{ip: 192.168.5.166, host: pr-hdds-1868-fg6nx-4263576025, networkLocation: /default-rack, certSerialId: null}, Type:RATIS, Factor:ONE, State:CLOSED] moved to CLOSED state
2019-10-09 23:58:57,886 [grpc-default-executor-5] INFO  impl.RaftServerProxy (RaftServerProxy.java:remove(95)) - 46c62e6e-4505-4efd-852b-69b3876e4d77: remove  FOLLOWER 46c62e6e-4505-4efd-852b-69b3876e4d77@group-CF71ACF76389:t0, leader=null, voted=null, raftlog=46c62e6e-4505-4efd-852b-69b3876e4d77@group-CF71ACF76389-SegmentedRaftLog:OPENED:c-1,f-1,i0, conf=-1: [46c62e6e-4505-4efd-852b-69b3876e4d77:192.168.5.166:39995], old=null RUNNING
2019-10-09 23:58:57,886 [grpc-default-executor-5] INFO  impl.RaftServerImpl (RaftServerImpl.java:lambda$shutdown$3(247)) - 46c62e6e-4505-4efd-852b-69b3876e4d77@group-CF71ACF76389: shutdown
2019-10-09 23:58:57,886 [grpc-default-executor-5] INFO  util.JmxRegister (JmxRegister.java:unregister(73)) - Successfully un-registered JMX Bean with object name Ratis:service=RaftServer,group=group-CF71ACF76389,id=46c62e6e-4505-4efd-852b-69b3876e4d77
2019-10-09 23:58:57,886 [grpc-default-executor-5] INFO  impl.RoleInfo (RoleInfo.java:shutdownFollowerState(121)) - 46c62e6e-4505-4efd-852b-69b3876e4d77: shutdown FollowerState
2019-10-09 23:58:57,887 [grpc-default-executor-5] INFO  impl.StateMachineUpdater (StateMachineUpdater.java:stopAndJoin(136)) - 46c62e6e-4505-4efd-852b-69b3876e4d77@group-CF71ACF76389-StateMachineUpdater: set stopIndex = -1
2019-10-09 23:58:57,887 [Thread-2423] INFO  impl.FollowerState (FollowerState.java:run(117)) - 46c62e6e-4505-4efd-852b-69b3876e4d77@group-CF71ACF76389-FollowerState was interrupted: java.lang.InterruptedException: sleep interrupted
2019-10-09 23:58:57,887 [grpc-default-executor-5] INFO  impl.RaftServerImpl (ServerState.java:close(387)) - 46c62e6e-4505-4efd-852b-69b3876e4d77@group-CF71ACF76389: closes. applyIndex: -1
2019-10-09 23:58:57,887 [46c62e6e-4505-4efd-852b-69b3876e4d77@group-CF71ACF76389-SegmentedRaftLogWorker] INFO  segmented.SegmentedRaftLogWorker (SegmentedRaftLogWorker.java:run(316)) - 46c62e6e-4505-4efd-852b-69b3876e4d77@group-CF71ACF76389-SegmentedRaftLogWorker was interrupted, exiting. There are 0 tasks remaining in the queue.
2019-10-09 23:58:57,888 [grpc-default-executor-5] INFO  segmented.SegmentedRaftLogWorker (SegmentedRaftLogWorker.java:close(224)) - 46c62e6e-4505-4efd-852b-69b3876e4d77@group-CF71ACF76389-SegmentedRaftLogWorker close()
2019-10-09 23:58:57,895 [Thread-2415] INFO  pipeline.PipelineStateManager (PipelineStateManager.java:removePipeline(108)) - Pipeline Pipeline[ Id: 63d48443-d022-4363-9fb2-cf71acf76389, Nodes: 46c62e6e-4505-4efd-852b-69b3876e4d77{ip: 192.168.5.166, host: pr-hdds-1868-fg6nx-4263576025, networkLocation: /default-rack, certSerialId: null}, Type:RATIS, Factor:ONE, State:CLOSED] removed from db
2019-10-09 23:58:57,895 [Thread-2415] INFO  pipeline.SCMPipelineManager (SCMPipelineManager.java:finalizeAndDestroyPipeline(315)) - destroying pipeline:Pipeline[ Id: 6d545711-b2e0-42ac-a3ce-14fbc324e7d4, Nodes: 5271065f-f953-4651-8fe1-c188370d49d9{ip: 192.168.5.166, host: pr-hdds-1868-fg6nx-4263576025, networkLocation: /default-rack, certSerialId: null}e93d3519-60bf-4589-bc84-68859d642e36{ip: 192.168.5.166, host: pr-hdds-1868-fg6nx-4263576025, networkLocation: /default-rack, certSerialId: null}cecef735-5786-42df-85c6-70e235beb44e{ip: 192.168.5.166, host: pr-hdds-1868-fg6nx-4263576025, networkLocation: /default-rack, certSerialId: null}, Type:RATIS, Factor:THREE, State:ALLOCATED]
2019-10-09 23:58:57,898 [grpc-default-executor-5] INFO  impl.RaftServerProxy (RaftServerProxy.java:addNew(89)) - 46c62e6e-4505-4efd-852b-69b3876e4d77: addNew group-AD31694A3C5C:[46c62e6e-4505-4efd-852b-69b3876e4d77:192.168.5.166:39995] returns group-AD31694A3C5C:java.util.concurrent.CompletableFuture@480a7408[Not completed]
2019-10-09 23:58:57,899 [pool-403-thread-1] INFO  impl.RaftServerImpl (RaftServerImpl.java:<init>(95)) - 46c62e6e-4505-4efd-852b-69b3876e4d77: new RaftServerImpl for group-AD31694A3C5C:[46c62e6e-4505-4efd-852b-69b3876e4d77:192.168.5.166:39995] with ContainerStateMachine:uninitialized
2019-10-09 23:58:57,899 [pool-403-thread-1] INFO  server.RaftServerConfigKeys (ConfUtils.java:logGet(43)) - raft.server.rpc.timeout.min = 5s (custom)
2019-10-09 23:58:57,899 [pool-403-thread-1] INFO  server.RaftServerConfigKeys (ConfUtils.java:logGet(43)) - raft.server.rpc.timeout.max = 5200ms (custom)
2019-10-09 23:58:57,899 [pool-403-thread-1] INFO  server.RaftServerConfigKeys (ConfUtils.java:logGet(43)) - raft.server.rpcslowness.timeout = 120s (custom)
2019-10-09 23:58:57,899 [pool-403-thread-1] INFO  server.RaftServerConfigKeys (ConfUtils.java:logGet(43)) - raft.server.sleep.deviation.threshold = 300 (default)
2019-10-09 23:58:57,899 [pool-403-thread-1] INFO  server.RaftServerConfigKeys (ConfUtils.java:logGet(43)) - raft.server.log.appender.install.snapshot.enabled = false (custom)
2019-10-09 23:58:57,900 [pool-403-thread-1] INFO  impl.RaftServerImpl (ServerState.java:<init>(103)) - 46c62e6e-4505-4efd-852b-69b3876e4d77@group-AD31694A3C5C: ConfigurationManager, init=-1: [46c62e6e-4505-4efd-852b-69b3876e4d77:192.168.5.166:39995], old=null, confs=<EMPTY_MAP>
2019-10-09 23:58:57,900 [pool-403-thread-1] INFO  server.RaftServerConfigKeys (ConfUtils.java:logGet(43)) - raft.server.storage.dir = [/workdir/hadoop-ozone/integration-test/target/test-dir/MiniOzoneClusterImpl-634ea9de-4d33-4471-86dd-709c178a0057/datanode-2/data/ratis] (custom)
2019-10-09 23:58:57,900 [pool-403-thread-1] INFO  server.RaftServerConfigKeys (ConfUtils.java:logGet(43)) - raft.server.log.corruption.policy = EXCEPTION (default)
2019-10-09 23:58:57,900 [pool-403-thread-1] INFO  storage.RaftStorageDirectory (RaftStorageDirectory.java:analyzeStorage(246)) - The storage directory /workdir/hadoop-ozone/integration-test/target/test-dir/MiniOzoneClusterImpl-634ea9de-4d33-4471-86dd-709c178a0057/datanode-2/data/ratis/80d8984b-4ec5-4f68-803f-ad31694a3c5c does not exist. Creating ...
2019-10-09 23:58:57,913 [pool-403-thread-1] INFO  storage.RaftStorageDirectory (RaftStorageDirectory.java:tryLock(328)) - Lock on /workdir/hadoop-ozone/integration-test/target/test-dir/MiniOzoneClusterImpl-634ea9de-4d33-4471-86dd-709c178a0057/datanode-2/data/ratis/80d8984b-4ec5-4f68-803f-ad31694a3c5c/in_use.lock acquired by nodename 25084@pr-hdds-1868-fg6nx-4263576025
2019-10-09 23:58:57,926 [pool-403-thread-1] INFO  storage.RaftStorage (RaftStorage.java:format(84)) - Storage directory /workdir/hadoop-ozone/integration-test/target/test-dir/MiniOzoneClusterImpl-634ea9de-4d33-4471-86dd-709c178a0057/datanode-2/data/ratis/80d8984b-4ec5-4f68-803f-ad31694a3c5c has been successfully formatted.
2019-10-09 23:58:57,926 [pool-403-thread-1] INFO  ratis.ContainerStateMachine (ContainerStateMachine.java:loadSnapshot(233)) - group-AD31694A3C5C: The snapshot info is null. Setting the last applied indexto:(t:0, i:~)
2019-10-09 23:58:57,926 [pool-403-thread-1] INFO  server.RaftServerConfigKeys (ConfUtils.java:logGet(43)) - raft.server.notification.no-leader.timeout = 120s (custom)
2019-10-09 23:58:57,926 [pool-403-thread-1] INFO  server.RaftServerConfigKeys (ConfUtils.java:logGet(43)) - raft.server.log.use.memory = false (default)
2019-10-09 23:58:57,926 [pool-403-thread-1] INFO  server.RaftServerConfigKeys (ConfUtils.java:logGet(43)) - raft.server.log.purge.gap = 1000000 (custom)
2019-10-09 23:58:57,926 [pool-403-thread-1] INFO  server.RaftServerConfigKeys (ConfUtils.java:logGet(43)) - raft.server.log.appender.buffer.byte-limit = 33554432 (custom)
2019-10-09 23:58:57,927 [pool-403-thread-1] INFO  server.RaftServerConfigKeys (ConfUtils.java:logGet(43)) - raft.server.log.segment.size.max = 1048576 (custom)
2019-10-09 23:58:57,927 [pool-403-thread-1] INFO  server.RaftServerConfigKeys (ConfUtils.java:logGet(43)) - raft.server.log.segment.cache.num.max = 2 (custom)
2019-10-09 23:58:57,927 [pool-403-thread-1] INFO  segmented.SegmentedRaftLogWorker (SegmentedRaftLogWorker.java:<init>(173)) - new 46c62e6e-4505-4efd-852b-69b3876e4d77@group-AD31694A3C5C-SegmentedRaftLogWorker for RaftStorage:Storage Directory /workdir/hadoop-ozone/integration-test/target/test-dir/MiniOzoneClusterImpl-634ea9de-4d33-4471-86dd-709c178a0057/datanode-2/data/ratis/80d8984b-4ec5-4f68-803f-ad31694a3c5c
2019-10-09 23:58:57,927 [pool-403-thread-1] INFO  server.RaftServerConfigKeys (ConfUtils.java:logGet(43)) - raft.server.log.queue.byte-limit = 2147483647 (custom)
2019-10-09 23:58:57,927 [pool-403-thread-1] INFO  server.RaftServerConfigKeys (ConfUtils.java:logGet(43)) - raft.server.log.queue.element-limit = 1024 (custom)
2019-10-09 23:58:57,927 [pool-403-thread-1] INFO  server.RaftServerConfigKeys (ConfUtils.java:logGet(43)) - raft.server.log.segment.size.max = 1048576 (custom)
2019-10-09 23:58:57,927 [pool-403-thread-1] INFO  server.RaftServerConfigKeys (ConfUtils.java:logGet(43)) - raft.server.log.preallocated.size = 16384 (custom)
2019-10-09 23:58:57,927 [pool-403-thread-1] INFO  server.RaftServerConfigKeys (ConfUtils.java:logGet(43)) - raft.server.log.write.buffer.size = 33554432 (custom)
2019-10-09 23:58:57,928 [pool-403-thread-1] INFO  server.RaftServerConfigKeys (ConfUtils.java:logGet(43)) - raft.server.log.force.sync.num = 128 (default)
2019-10-09 23:58:57,928 [pool-403-thread-1] INFO  server.RaftServerConfigKeys (ConfUtils.java:logGet(43)) - raft.server.log.statemachine.data.sync = true (default)
2019-10-09 23:58:57,928 [pool-403-thread-1] INFO  server.RaftServerConfigKeys (ConfUtils.java:logGet(43)) - raft.server.log.statemachine.data.sync.timeout = 10s (default)
2019-10-09 23:58:57,928 [pool-403-thread-1] INFO  server.RaftServerConfigKeys (ConfUtils.java:logGet(43)) - raft.server.log.statemachine.data.sync.timeout.retry = -1 (default)
2019-10-09 23:58:57,928 [pool-403-thread-1] INFO  server.RaftServerConfigKeys (ConfUtils.java:logGet(43)) - raft.server.log.statemachine.data.caching.enabled = true (custom)
2019-10-09 23:58:57,928 [pool-403-thread-1] INFO  segmented.SegmentedRaftLogWorker (SegmentedRaftLogWorker.java:lambda$new$0(128)) - 46c62e6e-4505-4efd-852b-69b3876e4d77@group-AD31694A3C5C-SegmentedRaftLogWorker: flushIndex: setUnconditionally 0 -> -1
2019-10-09 23:58:57,929 [pool-403-thread-1] INFO  server.RaftServerConfigKeys (ConfUtils.java:logGet(43)) - raft.server.snapshot.auto.trigger.enabled = true (custom)
2019-10-09 23:58:57,929 [pool-403-thread-1] INFO  server.RaftServerConfigKeys (ConfUtils.java:logGet(43)) - raft.server.snapshot.auto.trigger.threshold = 10000 (custom)
2019-10-09 23:58:57,929 [pool-403-thread-1] INFO  server.RaftServerConfigKeys (ConfUtils.java:logGet(43)) - raft.server.snapshot.retention.file.num = 5 (custom)
2019-10-09 23:58:57,929 [pool-403-thread-1] INFO  server.RaftServerConfigKeys (ConfUtils.java:logGet(43)) - raft.server.retrycache.expirytime = 600000ms (custom)
2019-10-09 23:58:57,931 [pool-403-thread-1] INFO  impl.RaftServerImpl (RaftServerImpl.java:start(181)) - 46c62e6e-4505-4efd-852b-69b3876e4d77@group-AD31694A3C5C: start as a follower, conf=-1: [46c62e6e-4505-4efd-852b-69b3876e4d77:192.168.5.166:39995], old=null
2019-10-09 23:58:57,931 [pool-403-thread-1] INFO  impl.RaftServerImpl (RaftServerImpl.java:setRole(170)) - 46c62e6e-4505-4efd-852b-69b3876e4d77@group-AD31694A3C5C: changes role from      null to FOLLOWER at term 0 for startAsFollower
2019-10-09 23:58:57,931 [pool-403-thread-1] INFO  impl.RoleInfo (RoleInfo.java:updateAndGet(143)) - 46c62e6e-4505-4efd-852b-69b3876e4d77: start FollowerState
2019-10-09 23:58:57,931 [pool-403-thread-1] INFO  util.JmxRegister (JmxRegister.java:tryRegister(44)) - Successfully registered JMX Bean with object name Ratis:service=RaftServer,group=group-AD31694A3C5C,id=46c62e6e-4505-4efd-852b-69b3876e4d77
2019-10-09 23:58:57,935 [RatisPipelineUtilsThread] INFO  pipeline.PipelineStateManager (PipelineStateManager.java:addPipeline(57)) - Created pipeline Pipeline[ Id: 80d8984b-4ec5-4f68-803f-ad31694a3c5c, Nodes: 46c62e6e-4505-4efd-852b-69b3876e4d77{ip: 192.168.5.166, host: pr-hdds-1868-fg6nx-4263576025, networkLocation: /default-rack, certSerialId: null}, Type:RATIS, Factor:ONE, State:ALLOCATED]
2019-10-09 23:58:57,936 [Thread-2415] INFO  pipeline.PipelineStateManager (PipelineStateManager.java:finalizePipeline(123)) - Pipeline Pipeline[ Id: 6d545711-b2e0-42ac-a3ce-14fbc324e7d4, Nodes: 5271065f-f953-4651-8fe1-c188370d49d9{ip: 192.168.5.166, host: pr-hdds-1868-fg6nx-4263576025, networkLocation: /default-rack, certSerialId: null}e93d3519-60bf-4589-bc84-68859d642e36{ip: 192.168.5.166, host: pr-hdds-1868-fg6nx-4263576025, networkLocation: /default-rack, certSerialId: null}cecef735-5786-42df-85c6-70e235beb44e{ip: 192.168.5.166, host: pr-hdds-1868-fg6nx-4263576025, networkLocation: /default-rack, certSerialId: null}, Type:RATIS, Factor:THREE, State:CLOSED] moved to CLOSED state
2019-10-09 23:58:57,947 [grpc-default-executor-4] INFO  impl.RaftServerProxy (RaftServerProxy.java:remove(95)) - 5271065f-f953-4651-8fe1-c188370d49d9: remove  FOLLOWER 5271065f-f953-4651-8fe1-c188370d49d9@group-14FBC324E7D4:t0, leader=null, voted=null, raftlog=5271065f-f953-4651-8fe1-c188370d49d9@group-14FBC324E7D4-SegmentedRaftLog:OPENED:c-1,f-1,i0, conf=-1: [5271065f-f953-4651-8fe1-c188370d49d9:192.168.5.166:41788, cecef735-5786-42df-85c6-70e235beb44e:192.168.5.166:38484, e93d3519-60bf-4589-bc84-68859d642e36:192.168.5.166:45035], old=null RUNNING
2019-10-09 23:58:57,947 [grpc-default-executor-4] INFO  impl.RaftServerImpl (RaftServerImpl.java:lambda$shutdown$3(247)) - 5271065f-f953-4651-8fe1-c188370d49d9@group-14FBC324E7D4: shutdown
2019-10-09 23:58:57,948 [grpc-default-executor-4] INFO  util.JmxRegister (JmxRegister.java:unregister(73)) - Successfully un-registered JMX Bean with object name Ratis:service=RaftServer,group=group-14FBC324E7D4,id=5271065f-f953-4651-8fe1-c188370d49d9
2019-10-09 23:58:57,948 [grpc-default-executor-4] INFO  impl.RoleInfo (RoleInfo.java:shutdownFollowerState(121)) - 5271065f-f953-4651-8fe1-c188370d49d9: shutdown FollowerState
2019-10-09 23:58:57,948 [grpc-default-executor-4] INFO  impl.StateMachineUpdater (StateMachineUpdater.java:stopAndJoin(136)) - 5271065f-f953-4651-8fe1-c188370d49d9@group-14FBC324E7D4-StateMachineUpdater: set stopIndex = -1
2019-10-09 23:58:57,948 [grpc-default-executor-4] INFO  impl.RaftServerImpl (ServerState.java:close(387)) - 5271065f-f953-4651-8fe1-c188370d49d9@group-14FBC324E7D4: closes. applyIndex: -1
2019-10-09 23:58:57,948 [Thread-2449] INFO  impl.FollowerState (FollowerState.java:run(117)) - 5271065f-f953-4651-8fe1-c188370d49d9@group-14FBC324E7D4-FollowerState was interrupted: java.lang.InterruptedException: sleep interrupted
2019-10-09 23:58:57,949 [5271065f-f953-4651-8fe1-c188370d49d9@group-14FBC324E7D4-SegmentedRaftLogWorker] INFO  segmented.SegmentedRaftLogWorker (SegmentedRaftLogWorker.java:run(316)) - 5271065f-f953-4651-8fe1-c188370d49d9@group-14FBC324E7D4-SegmentedRaftLogWorker was interrupted, exiting. There are 0 tasks remaining in the queue.
2019-10-09 23:58:57,949 [grpc-default-executor-4] INFO  segmented.SegmentedRaftLogWorker (SegmentedRaftLogWorker.java:close(224)) - 5271065f-f953-4651-8fe1-c188370d49d9@group-14FBC324E7D4-SegmentedRaftLogWorker close()
2019-10-09 23:58:57,964 [grpc-default-executor-4] INFO  impl.RaftServerProxy (RaftServerProxy.java:remove(95)) - e93d3519-60bf-4589-bc84-68859d642e36: remove  FOLLOWER e93d3519-60bf-4589-bc84-68859d642e36@group-14FBC324E7D4:t0, leader=null, voted=null, raftlog=e93d3519-60bf-4589-bc84-68859d642e36@group-14FBC324E7D4-SegmentedRaftLog:OPENED:c-1,f-1,i0, conf=-1: [5271065f-f953-4651-8fe1-c188370d49d9:192.168.5.166:41788, cecef735-5786-42df-85c6-70e235beb44e:192.168.5.166:38484, e93d3519-60bf-4589-bc84-68859d642e36:192.168.5.166:45035], old=null RUNNING
2019-10-09 23:58:57,964 [grpc-default-executor-4] INFO  impl.RaftServerImpl (RaftServerImpl.java:lambda$shutdown$3(247)) - e93d3519-60bf-4589-bc84-68859d642e36@group-14FBC324E7D4: shutdown
2019-10-09 23:58:57,964 [grpc-default-executor-4] INFO  util.JmxRegister (JmxRegister.java:unregister(73)) - Successfully un-registered JMX Bean with object name Ratis:service=RaftServer,group=group-14FBC324E7D4,id=e93d3519-60bf-4589-bc84-68859d642e36
2019-10-09 23:58:57,964 [grpc-default-executor-4] INFO  impl.RoleInfo (RoleInfo.java:shutdownFollowerState(121)) - e93d3519-60bf-4589-bc84-68859d642e36: shutdown FollowerState
2019-10-09 23:58:57,964 [grpc-default-executor-4] INFO  impl.StateMachineUpdater (StateMachineUpdater.java:stopAndJoin(136)) - e93d3519-60bf-4589-bc84-68859d642e36@group-14FBC324E7D4-StateMachineUpdater: set stopIndex = -1
2019-10-09 23:58:57,964 [Thread-2444] INFO  impl.FollowerState (FollowerState.java:run(117)) - e93d3519-60bf-4589-bc84-68859d642e36@group-14FBC324E7D4-FollowerState was interrupted: java.lang.InterruptedException: sleep interrupted
2019-10-09 23:58:57,964 [grpc-default-executor-4] INFO  impl.RaftServerImpl (ServerState.java:close(387)) - e93d3519-60bf-4589-bc84-68859d642e36@group-14FBC324E7D4: closes. applyIndex: -1
2019-10-09 23:58:57,965 [e93d3519-60bf-4589-bc84-68859d642e36@group-14FBC324E7D4-SegmentedRaftLogWorker] INFO  segmented.SegmentedRaftLogWorker (SegmentedRaftLogWorker.java:run(316)) - e93d3519-60bf-4589-bc84-68859d642e36@group-14FBC324E7D4-SegmentedRaftLogWorker was interrupted, exiting. There are 0 tasks remaining in the queue.
2019-10-09 23:58:57,965 [grpc-default-executor-4] INFO  segmented.SegmentedRaftLogWorker (SegmentedRaftLogWorker.java:close(224)) - e93d3519-60bf-4589-bc84-68859d642e36@group-14FBC324E7D4-SegmentedRaftLogWorker close()
2019-10-09 23:58:57,979 [grpc-default-executor-4] INFO  impl.RaftServerProxy (RaftServerProxy.java:remove(95)) - cecef735-5786-42df-85c6-70e235beb44e: remove  FOLLOWER cecef735-5786-42df-85c6-70e235beb44e@group-14FBC324E7D4:t0, leader=null, voted=null, raftlog=cecef735-5786-42df-85c6-70e235beb44e@group-14FBC324E7D4-SegmentedRaftLog:OPENED:c-1,f-1,i0, conf=-1: [5271065f-f953-4651-8fe1-c188370d49d9:192.168.5.166:41788, cecef735-5786-42df-85c6-70e235beb44e:192.168.5.166:38484, e93d3519-60bf-4589-bc84-68859d642e36:192.168.5.166:45035], old=null RUNNING
2019-10-09 23:58:57,979 [grpc-default-executor-4] INFO  impl.RaftServerImpl (RaftServerImpl.java:lambda$shutdown$3(247)) - cecef735-5786-42df-85c6-70e235beb44e@group-14FBC324E7D4: shutdown
2019-10-09 23:58:57,979 [grpc-default-executor-4] INFO  util.JmxRegister (JmxRegister.java:unregister(73)) - Successfully un-registered JMX Bean with object name Ratis:service=RaftServer,group=group-14FBC324E7D4,id=cecef735-5786-42df-85c6-70e235beb44e
2019-10-09 23:58:57,979 [grpc-default-executor-4] INFO  impl.RoleInfo (RoleInfo.java:shutdownFollowerState(121)) - cecef735-5786-42df-85c6-70e235beb44e: shutdown FollowerState
2019-10-09 23:58:57,980 [grpc-default-executor-4] INFO  impl.StateMachineUpdater (StateMachineUpdater.java:stopAndJoin(136)) - cecef735-5786-42df-85c6-70e235beb44e@group-14FBC324E7D4-StateMachineUpdater: set stopIndex = -1
2019-10-09 23:58:57,980 [Thread-2448] INFO  impl.FollowerState (FollowerState.java:run(117)) - cecef735-5786-42df-85c6-70e235beb44e@group-14FBC324E7D4-FollowerState was interrupted: java.lang.InterruptedException: sleep interrupted
2019-10-09 23:58:57,980 [grpc-default-executor-4] INFO  impl.RaftServerImpl (ServerState.java:close(387)) - cecef735-5786-42df-85c6-70e235beb44e@group-14FBC324E7D4: closes. applyIndex: -1
2019-10-09 23:58:57,980 [cecef735-5786-42df-85c6-70e235beb44e@group-14FBC324E7D4-SegmentedRaftLogWorker] INFO  segmented.SegmentedRaftLogWorker (SegmentedRaftLogWorker.java:run(316)) - cecef735-5786-42df-85c6-70e235beb44e@group-14FBC324E7D4-SegmentedRaftLogWorker was interrupted, exiting. There are 0 tasks remaining in the queue.
2019-10-09 23:58:57,980 [grpc-default-executor-4] INFO  segmented.SegmentedRaftLogWorker (SegmentedRaftLogWorker.java:close(224)) - cecef735-5786-42df-85c6-70e235beb44e@group-14FBC324E7D4-SegmentedRaftLogWorker close()
2019-10-09 23:58:57,988 [Thread-2415] INFO  pipeline.PipelineStateManager (PipelineStateManager.java:removePipeline(108)) - Pipeline Pipeline[ Id: 6d545711-b2e0-42ac-a3ce-14fbc324e7d4, Nodes: 5271065f-f953-4651-8fe1-c188370d49d9{ip: 192.168.5.166, host: pr-hdds-1868-fg6nx-4263576025, networkLocation: /default-rack, certSerialId: null}e93d3519-60bf-4589-bc84-68859d642e36{ip: 192.168.5.166, host: pr-hdds-1868-fg6nx-4263576025, networkLocation: /default-rack, certSerialId: null}cecef735-5786-42df-85c6-70e235beb44e{ip: 192.168.5.166, host: pr-hdds-1868-fg6nx-4263576025, networkLocation: /default-rack, certSerialId: null}, Type:RATIS, Factor:THREE, State:CLOSED] removed from db
2019-10-09 23:58:57,988 [Thread-2415] INFO  pipeline.SCMPipelineManager (SCMPipelineManager.java:finalizeAndDestroyPipeline(315)) - destroying pipeline:Pipeline[ Id: 4cd72daf-1d3a-49dd-adb1-47b69311d827, Nodes: 46c62e6e-4505-4efd-852b-69b3876e4d77{ip: 192.168.5.166, host: pr-hdds-1868-fg6nx-4263576025, networkLocation: /default-rack, certSerialId: null}c9bf6877-9cff-4b98-8a8e-7003cb757ecd{ip: 192.168.5.166, host: pr-hdds-1868-fg6nx-4263576025, networkLocation: /default-rack, certSerialId: null}54603264-c264-4f50-88b1-da12adb68219{ip: 192.168.5.166, host: pr-hdds-1868-fg6nx-4263576025, networkLocation: /default-rack, certSerialId: null}, Type:RATIS, Factor:THREE, State:ALLOCATED]
2019-10-09 23:58:57,995 [grpc-default-executor-4] INFO  impl.RaftServerProxy (RaftServerProxy.java:addNew(89)) - e93d3519-60bf-4589-bc84-68859d642e36: addNew group-943982CA592A:[5271065f-f953-4651-8fe1-c188370d49d9:192.168.5.166:41788, cecef735-5786-42df-85c6-70e235beb44e:192.168.5.166:38484, e93d3519-60bf-4589-bc84-68859d642e36:192.168.5.166:45035] returns group-943982CA592A:java.util.concurrent.CompletableFuture@2a1689c4[Not completed]
2019-10-09 23:58:57,996 [grpc-default-executor-8] INFO  impl.RaftServerProxy (RaftServerProxy.java:addNew(89)) - cecef735-5786-42df-85c6-70e235beb44e: addNew group-943982CA592A:[5271065f-f953-4651-8fe1-c188370d49d9:192.168.5.166:41788, cecef735-5786-42df-85c6-70e235beb44e:192.168.5.166:38484, e93d3519-60bf-4589-bc84-68859d642e36:192.168.5.166:45035] returns group-943982CA592A:java.util.concurrent.CompletableFuture@2d6c536d[Not completed]
2019-10-09 23:58:57,995 [grpc-default-executor-5] INFO  impl.RaftServerProxy (RaftServerProxy.java:addNew(89)) - 5271065f-f953-4651-8fe1-c188370d49d9: addNew group-943982CA592A:[5271065f-f953-4651-8fe1-c188370d49d9:192.168.5.166:41788, cecef735-5786-42df-85c6-70e235beb44e:192.168.5.166:38484, e93d3519-60bf-4589-bc84-68859d642e36:192.168.5.166:45035] returns group-943982CA592A:java.util.concurrent.CompletableFuture@662b8a1c[Not completed]
2019-10-09 23:58:57,997 [pool-433-thread-1] INFO  impl.RaftServerImpl (RaftServerImpl.java:<init>(95)) - e93d3519-60bf-4589-bc84-68859d642e36: new RaftServerImpl for group-943982CA592A:[5271065f-f953-4651-8fe1-c188370d49d9:192.168.5.166:41788, cecef735-5786-42df-85c6-70e235beb44e:192.168.5.166:38484, e93d3519-60bf-4589-bc84-68859d642e36:192.168.5.166:45035] with ContainerStateMachine:uninitialized
2019-10-09 23:58:57,997 [pool-433-thread-1] INFO  server.RaftServerConfigKeys (ConfUtils.java:logGet(43)) - raft.server.rpc.timeout.min = 5s (custom)
2019-10-09 23:58:57,997 [pool-433-thread-1] INFO  server.RaftServerConfigKeys (ConfUtils.java:logGet(43)) - raft.server.rpc.timeout.max = 5200ms (custom)
2019-10-09 23:58:57,997 [pool-433-thread-1] INFO  server.RaftServerConfigKeys (ConfUtils.java:logGet(43)) - raft.server.rpcslowness.timeout = 120s (custom)
2019-10-09 23:58:57,997 [pool-433-thread-1] INFO  server.RaftServerConfigKeys (ConfUtils.java:logGet(43)) - raft.server.sleep.deviation.threshold = 300 (default)
2019-10-09 23:58:57,997 [pool-433-thread-1] INFO  server.RaftServerConfigKeys (ConfUtils.java:logGet(43)) - raft.server.log.appender.install.snapshot.enabled = false (custom)
2019-10-09 23:58:57,997 [pool-433-thread-1] INFO  impl.RaftServerImpl (ServerState.java:<init>(103)) - e93d3519-60bf-4589-bc84-68859d642e36@group-943982CA592A: ConfigurationManager, init=-1: [5271065f-f953-4651-8fe1-c188370d49d9:192.168.5.166:41788, cecef735-5786-42df-85c6-70e235beb44e:192.168.5.166:38484, e93d3519-60bf-4589-bc84-68859d642e36:192.168.5.166:45035], old=null, confs=<EMPTY_MAP>
2019-10-09 23:58:57,997 [pool-433-thread-1] INFO  server.RaftServerConfigKeys (ConfUtils.java:logGet(43)) - raft.server.storage.dir = [/workdir/hadoop-ozone/integration-test/target/test-dir/MiniOzoneClusterImpl-634ea9de-4d33-4471-86dd-709c178a0057/datanode-5/data/ratis] (custom)
2019-10-09 23:58:57,998 [pool-413-thread-1] INFO  impl.RaftServerImpl (RaftServerImpl.java:<init>(95)) - 5271065f-f953-4651-8fe1-c188370d49d9: new RaftServerImpl for group-943982CA592A:[5271065f-f953-4651-8fe1-c188370d49d9:192.168.5.166:41788, cecef735-5786-42df-85c6-70e235beb44e:192.168.5.166:38484, e93d3519-60bf-4589-bc84-68859d642e36:192.168.5.166:45035] with ContainerStateMachine:uninitialized
2019-10-09 23:58:57,998 [pool-433-thread-1] INFO  server.RaftServerConfigKeys (ConfUtils.java:logGet(43)) - raft.server.log.corruption.policy = EXCEPTION (default)
2019-10-09 23:58:57,998 [pool-413-thread-1] INFO  server.RaftServerConfigKeys (ConfUtils.java:logGet(43)) - raft.server.rpc.timeout.min = 5s (custom)
2019-10-09 23:58:57,998 [pool-423-thread-1] INFO  impl.RaftServerImpl (RaftServerImpl.java:<init>(95)) - cecef735-5786-42df-85c6-70e235beb44e: new RaftServerImpl for group-943982CA592A:[5271065f-f953-4651-8fe1-c188370d49d9:192.168.5.166:41788, cecef735-5786-42df-85c6-70e235beb44e:192.168.5.166:38484, e93d3519-60bf-4589-bc84-68859d642e36:192.168.5.166:45035] with ContainerStateMachine:uninitialized
2019-10-09 23:58:57,998 [pool-433-thread-1] INFO  storage.RaftStorageDirectory (RaftStorageDirectory.java:analyzeStorage(246)) - The storage directory /workdir/hadoop-ozone/integration-test/target/test-dir/MiniOzoneClusterImpl-634ea9de-4d33-4471-86dd-709c178a0057/datanode-5/data/ratis/6b0eb87f-4af7-4e12-b355-943982ca592a does not exist. Creating ...
2019-10-09 23:58:57,998 [pool-423-thread-1] INFO  server.RaftServerConfigKeys (ConfUtils.java:logGet(43)) - raft.server.rpc.timeout.min = 5s (custom)
2019-10-09 23:58:57,998 [pool-413-thread-1] INFO  server.RaftServerConfigKeys (ConfUtils.java:logGet(43)) - raft.server.rpc.timeout.max = 5200ms (custom)
2019-10-09 23:58:57,998 [pool-423-thread-1] INFO  server.RaftServerConfigKeys (ConfUtils.java:logGet(43)) - raft.server.rpc.timeout.max = 5200ms (custom)
2019-10-09 23:58:57,998 [pool-413-thread-1] INFO  server.RaftServerConfigKeys (ConfUtils.java:logGet(43)) - raft.server.rpcslowness.timeout = 120s (custom)
2019-10-09 23:58:57,998 [pool-423-thread-1] INFO  server.RaftServerConfigKeys (ConfUtils.java:logGet(43)) - raft.server.rpcslowness.timeout = 120s (custom)
2019-10-09 23:58:57,999 [pool-413-thread-1] INFO  server.RaftServerConfigKeys (ConfUtils.java:logGet(43)) - raft.server.sleep.deviation.threshold = 300 (default)
2019-10-09 23:58:57,999 [pool-423-thread-1] INFO  server.RaftServerConfigKeys (ConfUtils.java:logGet(43)) - raft.server.sleep.deviation.threshold = 300 (default)
2019-10-09 23:58:57,999 [pool-413-thread-1] INFO  server.RaftServerConfigKeys (ConfUtils.java:logGet(43)) - raft.server.log.appender.install.snapshot.enabled = false (custom)
2019-10-09 23:58:57,999 [pool-423-thread-1] INFO  server.RaftServerConfigKeys (ConfUtils.java:logGet(43)) - raft.server.log.appender.install.snapshot.enabled = false (custom)
2019-10-09 23:58:57,999 [pool-413-thread-1] INFO  impl.RaftServerImpl (ServerState.java:<init>(103)) - 5271065f-f953-4651-8fe1-c188370d49d9@group-943982CA592A: ConfigurationManager, init=-1: [5271065f-f953-4651-8fe1-c188370d49d9:192.168.5.166:41788, cecef735-5786-42df-85c6-70e235beb44e:192.168.5.166:38484, e93d3519-60bf-4589-bc84-68859d642e36:192.168.5.166:45035], old=null, confs=<EMPTY_MAP>
2019-10-09 23:58:57,999 [pool-423-thread-1] INFO  impl.RaftServerImpl (ServerState.java:<init>(103)) - cecef735-5786-42df-85c6-70e235beb44e@group-943982CA592A: ConfigurationManager, init=-1: [5271065f-f953-4651-8fe1-c188370d49d9:192.168.5.166:41788, cecef735-5786-42df-85c6-70e235beb44e:192.168.5.166:38484, e93d3519-60bf-4589-bc84-68859d642e36:192.168.5.166:45035], old=null, confs=<EMPTY_MAP>
2019-10-09 23:58:57,999 [pool-413-thread-1] INFO  server.RaftServerConfigKeys (ConfUtils.java:logGet(43)) - raft.server.storage.dir = [/workdir/hadoop-ozone/integration-test/target/test-dir/MiniOzoneClusterImpl-634ea9de-4d33-4471-86dd-709c178a0057/datanode-3/data/ratis] (custom)
2019-10-09 23:58:57,999 [pool-423-thread-1] INFO  server.RaftServerConfigKeys (ConfUtils.java:logGet(43)) - raft.server.storage.dir = [/workdir/hadoop-ozone/integration-test/target/test-dir/MiniOzoneClusterImpl-634ea9de-4d33-4471-86dd-709c178a0057/datanode-4/data/ratis] (custom)
2019-10-09 23:58:58,000 [pool-413-thread-1] INFO  server.RaftServerConfigKeys (ConfUtils.java:logGet(43)) - raft.server.log.corruption.policy = EXCEPTION (default)
2019-10-09 23:58:58,000 [pool-423-thread-1] INFO  server.RaftServerConfigKeys (ConfUtils.java:logGet(43)) - raft.server.log.corruption.policy = EXCEPTION (default)
2019-10-09 23:58:58,000 [pool-413-thread-1] INFO  storage.RaftStorageDirectory (RaftStorageDirectory.java:analyzeStorage(246)) - The storage directory /workdir/hadoop-ozone/integration-test/target/test-dir/MiniOzoneClusterImpl-634ea9de-4d33-4471-86dd-709c178a0057/datanode-3/data/ratis/6b0eb87f-4af7-4e12-b355-943982ca592a does not exist. Creating ...
2019-10-09 23:58:58,000 [pool-423-thread-1] INFO  storage.RaftStorageDirectory (RaftStorageDirectory.java:analyzeStorage(246)) - The storage directory /workdir/hadoop-ozone/integration-test/target/test-dir/MiniOzoneClusterImpl-634ea9de-4d33-4471-86dd-709c178a0057/datanode-4/data/ratis/6b0eb87f-4af7-4e12-b355-943982ca592a does not exist. Creating ...
2019-10-09 23:58:58,025 [pool-423-thread-1] INFO  storage.RaftStorageDirectory (RaftStorageDirectory.java:tryLock(328)) - Lock on /workdir/hadoop-ozone/integration-test/target/test-dir/MiniOzoneClusterImpl-634ea9de-4d33-4471-86dd-709c178a0057/datanode-4/data/ratis/6b0eb87f-4af7-4e12-b355-943982ca592a/in_use.lock acquired by nodename 25084@pr-hdds-1868-fg6nx-4263576025
2019-10-09 23:58:58,025 [pool-413-thread-1] INFO  storage.RaftStorageDirectory (RaftStorageDirectory.java:tryLock(328)) - Lock on /workdir/hadoop-ozone/integration-test/target/test-dir/MiniOzoneClusterImpl-634ea9de-4d33-4471-86dd-709c178a0057/datanode-3/data/ratis/6b0eb87f-4af7-4e12-b355-943982ca592a/in_use.lock acquired by nodename 25084@pr-hdds-1868-fg6nx-4263576025
2019-10-09 23:58:58,025 [pool-433-thread-1] INFO  storage.RaftStorageDirectory (RaftStorageDirectory.java:tryLock(328)) - Lock on /workdir/hadoop-ozone/integration-test/target/test-dir/MiniOzoneClusterImpl-634ea9de-4d33-4471-86dd-709c178a0057/datanode-5/data/ratis/6b0eb87f-4af7-4e12-b355-943982ca592a/in_use.lock acquired by nodename 25084@pr-hdds-1868-fg6nx-4263576025
2019-10-09 23:58:58,041 [pool-433-thread-1] INFO  storage.RaftStorage (RaftStorage.java:format(84)) - Storage directory /workdir/hadoop-ozone/integration-test/target/test-dir/MiniOzoneClusterImpl-634ea9de-4d33-4471-86dd-709c178a0057/datanode-5/data/ratis/6b0eb87f-4af7-4e12-b355-943982ca592a has been successfully formatted.
2019-10-09 23:58:58,041 [pool-413-thread-1] INFO  storage.RaftStorage (RaftStorage.java:format(84)) - Storage directory /workdir/hadoop-ozone/integration-test/target/test-dir/MiniOzoneClusterImpl-634ea9de-4d33-4471-86dd-709c178a0057/datanode-3/data/ratis/6b0eb87f-4af7-4e12-b355-943982ca592a has been successfully formatted.
2019-10-09 23:58:58,041 [pool-433-thread-1] INFO  ratis.ContainerStateMachine (ContainerStateMachine.java:loadSnapshot(233)) - group-943982CA592A: The snapshot info is null. Setting the last applied indexto:(t:0, i:~)
2019-10-09 23:58:58,041 [pool-423-thread-1] INFO  storage.RaftStorage (RaftStorage.java:format(84)) - Storage directory /workdir/hadoop-ozone/integration-test/target/test-dir/MiniOzoneClusterImpl-634ea9de-4d33-4471-86dd-709c178a0057/datanode-4/data/ratis/6b0eb87f-4af7-4e12-b355-943982ca592a has been successfully formatted.
2019-10-09 23:58:58,042 [pool-413-thread-1] INFO  ratis.ContainerStateMachine (ContainerStateMachine.java:loadSnapshot(233)) - group-943982CA592A: The snapshot info is null. Setting the last applied indexto:(t:0, i:~)
2019-10-09 23:58:58,042 [pool-423-thread-1] INFO  ratis.ContainerStateMachine (ContainerStateMachine.java:loadSnapshot(233)) - group-943982CA592A: The snapshot info is null. Setting the last applied indexto:(t:0, i:~)
2019-10-09 23:58:58,042 [pool-433-thread-1] INFO  server.RaftServerConfigKeys (ConfUtils.java:logGet(43)) - raft.server.notification.no-leader.timeout = 120s (custom)
2019-10-09 23:58:58,042 [pool-423-thread-1] INFO  server.RaftServerConfigKeys (ConfUtils.java:logGet(43)) - raft.server.notification.no-leader.timeout = 120s (custom)
2019-10-09 23:58:58,042 [pool-413-thread-1] INFO  server.RaftServerConfigKeys (ConfUtils.java:logGet(43)) - raft.server.notification.no-leader.timeout = 120s (custom)
2019-10-09 23:58:58,042 [pool-423-thread-1] INFO  server.RaftServerConfigKeys (ConfUtils.java:logGet(43)) - raft.server.log.use.memory = false (default)
2019-10-09 23:58:58,042 [pool-433-thread-1] INFO  server.RaftServerConfigKeys (ConfUtils.java:logGet(43)) - raft.server.log.use.memory = false (default)
2019-10-09 23:58:58,043 [pool-423-thread-1] INFO  server.RaftServerConfigKeys (ConfUtils.java:logGet(43)) - raft.server.log.purge.gap = 1000000 (custom)
2019-10-09 23:58:58,042 [pool-413-thread-1] INFO  server.RaftServerConfigKeys (ConfUtils.java:logGet(43)) - raft.server.log.use.memory = false (default)
2019-10-09 23:58:58,043 [pool-423-thread-1] INFO  server.RaftServerConfigKeys (ConfUtils.java:logGet(43)) - raft.server.log.appender.buffer.byte-limit = 33554432 (custom)
2019-10-09 23:58:58,043 [pool-433-thread-1] INFO  server.RaftServerConfigKeys (ConfUtils.java:logGet(43)) - raft.server.log.purge.gap = 1000000 (custom)
2019-10-09 23:58:58,043 [pool-423-thread-1] INFO  server.RaftServerConfigKeys (ConfUtils.java:logGet(43)) - raft.server.log.segment.size.max = 1048576 (custom)
2019-10-09 23:58:58,043 [pool-413-thread-1] INFO  server.RaftServerConfigKeys (ConfUtils.java:logGet(43)) - raft.server.log.purge.gap = 1000000 (custom)
2019-10-09 23:58:58,043 [pool-423-thread-1] INFO  server.RaftServerConfigKeys (ConfUtils.java:logGet(43)) - raft.server.log.segment.cache.num.max = 2 (custom)
2019-10-09 23:58:58,043 [pool-433-thread-1] INFO  server.RaftServerConfigKeys (ConfUtils.java:logGet(43)) - raft.server.log.appender.buffer.byte-limit = 33554432 (custom)
2019-10-09 23:58:58,044 [pool-423-thread-1] INFO  segmented.SegmentedRaftLogWorker (SegmentedRaftLogWorker.java:<init>(173)) - new cecef735-5786-42df-85c6-70e235beb44e@group-943982CA592A-SegmentedRaftLogWorker for RaftStorage:Storage Directory /workdir/hadoop-ozone/integration-test/target/test-dir/MiniOzoneClusterImpl-634ea9de-4d33-4471-86dd-709c178a0057/datanode-4/data/ratis/6b0eb87f-4af7-4e12-b355-943982ca592a
2019-10-09 23:58:58,044 [pool-413-thread-1] INFO  server.RaftServerConfigKeys (ConfUtils.java:logGet(43)) - raft.server.log.appender.buffer.byte-limit = 33554432 (custom)
2019-10-09 23:58:58,044 [pool-423-thread-1] INFO  server.RaftServerConfigKeys (ConfUtils.java:logGet(43)) - raft.server.log.queue.byte-limit = 2147483647 (custom)
2019-10-09 23:58:58,044 [pool-433-thread-1] INFO  server.RaftServerConfigKeys (ConfUtils.java:logGet(43)) - raft.server.log.segment.size.max = 1048576 (custom)
2019-10-09 23:58:58,044 [pool-423-thread-1] INFO  server.RaftServerConfigKeys (ConfUtils.java:logGet(43)) - raft.server.log.queue.element-limit = 1024 (custom)
2019-10-09 23:58:58,044 [pool-413-thread-1] INFO  server.RaftServerConfigKeys (ConfUtils.java:logGet(43)) - raft.server.log.segment.size.max = 1048576 (custom)
2019-10-09 23:58:58,045 [pool-423-thread-1] INFO  server.RaftServerConfigKeys (ConfUtils.java:logGet(43)) - raft.server.log.segment.size.max = 1048576 (custom)
2019-10-09 23:58:58,044 [pool-433-thread-1] INFO  server.RaftServerConfigKeys (ConfUtils.java:logGet(43)) - raft.server.log.segment.cache.num.max = 2 (custom)
2019-10-09 23:58:58,045 [pool-423-thread-1] INFO  server.RaftServerConfigKeys (ConfUtils.java:logGet(43)) - raft.server.log.preallocated.size = 16384 (custom)
2019-10-09 23:58:58,045 [pool-413-thread-1] INFO  server.RaftServerConfigKeys (ConfUtils.java:logGet(43)) - raft.server.log.segment.cache.num.max = 2 (custom)
2019-10-09 23:58:58,045 [pool-423-thread-1] INFO  server.RaftServerConfigKeys (ConfUtils.java:logGet(43)) - raft.server.log.write.buffer.size = 33554432 (custom)
2019-10-09 23:58:58,045 [pool-433-thread-1] INFO  segmented.SegmentedRaftLogWorker (SegmentedRaftLogWorker.java:<init>(173)) - new e93d3519-60bf-4589-bc84-68859d642e36@group-943982CA592A-SegmentedRaftLogWorker for RaftStorage:Storage Directory /workdir/hadoop-ozone/integration-test/target/test-dir/MiniOzoneClusterImpl-634ea9de-4d33-4471-86dd-709c178a0057/datanode-5/data/ratis/6b0eb87f-4af7-4e12-b355-943982ca592a
2019-10-09 23:58:58,045 [pool-423-thread-1] INFO  server.RaftServerConfigKeys (ConfUtils.java:logGet(43)) - raft.server.log.force.sync.num = 128 (default)
2019-10-09 23:58:58,045 [pool-413-thread-1] INFO  segmented.SegmentedRaftLogWorker (SegmentedRaftLogWorker.java:<init>(173)) - new 5271065f-f953-4651-8fe1-c188370d49d9@group-943982CA592A-SegmentedRaftLogWorker for RaftStorage:Storage Directory /workdir/hadoop-ozone/integration-test/target/test-dir/MiniOzoneClusterImpl-634ea9de-4d33-4471-86dd-709c178a0057/datanode-3/data/ratis/6b0eb87f-4af7-4e12-b355-943982ca592a
2019-10-09 23:58:58,046 [pool-423-thread-1] INFO  server.RaftServerConfigKeys (ConfUtils.java:logGet(43)) - raft.server.log.statemachine.data.sync = true (default)
2019-10-09 23:58:58,045 [pool-433-thread-1] INFO  server.RaftServerConfigKeys (ConfUtils.java:logGet(43)) - raft.server.log.queue.byte-limit = 2147483647 (custom)
2019-10-09 23:58:58,046 [pool-423-thread-1] INFO  server.RaftServerConfigKeys (ConfUtils.java:logGet(43)) - raft.server.log.statemachine.data.sync.timeout = 10s (default)
2019-10-09 23:58:58,046 [pool-413-thread-1] INFO  server.RaftServerConfigKeys (ConfUtils.java:logGet(43)) - raft.server.log.queue.byte-limit = 2147483647 (custom)
2019-10-09 23:58:58,046 [pool-423-thread-1] INFO  server.RaftServerConfigKeys (ConfUtils.java:logGet(43)) - raft.server.log.statemachine.data.sync.timeout.retry = -1 (default)
2019-10-09 23:58:58,046 [pool-433-thread-1] INFO  server.RaftServerConfigKeys (ConfUtils.java:logGet(43)) - raft.server.log.queue.element-limit = 1024 (custom)
2019-10-09 23:58:58,046 [pool-413-thread-1] INFO  server.RaftServerConfigKeys (ConfUtils.java:logGet(43)) - raft.server.log.queue.element-limit = 1024 (custom)
2019-10-09 23:58:58,047 [pool-423-thread-1] INFO  server.RaftServerConfigKeys (ConfUtils.java:logGet(43)) - raft.server.log.statemachine.data.caching.enabled = true (custom)
2019-10-09 23:58:58,047 [pool-433-thread-1] INFO  server.RaftServerConfigKeys (ConfUtils.java:logGet(43)) - raft.server.log.segment.size.max = 1048576 (custom)
2019-10-09 23:58:58,047 [pool-413-thread-1] INFO  server.RaftServerConfigKeys (ConfUtils.java:logGet(43)) - raft.server.log.segment.size.max = 1048576 (custom)
2019-10-09 23:58:58,047 [pool-423-thread-1] INFO  segmented.SegmentedRaftLogWorker (SegmentedRaftLogWorker.java:lambda$new$0(128)) - cecef735-5786-42df-85c6-70e235beb44e@group-943982CA592A-SegmentedRaftLogWorker: flushIndex: setUnconditionally 0 -> -1
2019-10-09 23:58:58,047 [pool-433-thread-1] INFO  server.RaftServerConfigKeys (ConfUtils.java:logGet(43)) - raft.server.log.preallocated.size = 16384 (custom)
2019-10-09 23:58:58,047 [pool-413-thread-1] INFO  server.RaftServerConfigKeys (ConfUtils.java:logGet(43)) - raft.server.log.preallocated.size = 16384 (custom)
2019-10-09 23:58:58,047 [pool-423-thread-1] INFO  server.RaftServerConfigKeys (ConfUtils.java:logGet(43)) - raft.server.snapshot.auto.trigger.enabled = true (custom)
2019-10-09 23:58:58,047 [pool-433-thread-1] INFO  server.RaftServerConfigKeys (ConfUtils.java:logGet(43)) - raft.server.log.write.buffer.size = 33554432 (custom)
2019-10-09 23:58:58,048 [pool-423-thread-1] INFO  server.RaftServerConfigKeys (ConfUtils.java:logGet(43)) - raft.server.snapshot.auto.trigger.threshold = 10000 (custom)
2019-10-09 23:58:58,047 [pool-413-thread-1] INFO  server.RaftServerConfigKeys (ConfUtils.java:logGet(43)) - raft.server.log.write.buffer.size = 33554432 (custom)
2019-10-09 23:58:58,048 [pool-423-thread-1] INFO  server.RaftServerConfigKeys (ConfUtils.java:logGet(43)) - raft.server.snapshot.retention.file.num = 5 (custom)
2019-10-09 23:58:58,048 [pool-433-thread-1] INFO  server.RaftServerConfigKeys (ConfUtils.java:logGet(43)) - raft.server.log.force.sync.num = 128 (default)
2019-10-09 23:58:58,048 [pool-423-thread-1] INFO  server.RaftServerConfigKeys (ConfUtils.java:logGet(43)) - raft.server.retrycache.expirytime = 600000ms (custom)
2019-10-09 23:58:58,048 [pool-413-thread-1] INFO  server.RaftServerConfigKeys (ConfUtils.java:logGet(43)) - raft.server.log.force.sync.num = 128 (default)
2019-10-09 23:58:58,048 [pool-433-thread-1] INFO  server.RaftServerConfigKeys (ConfUtils.java:logGet(43)) - raft.server.log.statemachine.data.sync = true (default)
2019-10-09 23:58:58,049 [pool-413-thread-1] INFO  server.RaftServerConfigKeys (ConfUtils.java:logGet(43)) - raft.server.log.statemachine.data.sync = true (default)
2019-10-09 23:58:58,049 [pool-433-thread-1] INFO  server.RaftServerConfigKeys (ConfUtils.java:logGet(43)) - raft.server.log.statemachine.data.sync.timeout = 10s (default)
2019-10-09 23:58:58,049 [pool-413-thread-1] INFO  server.RaftServerConfigKeys (ConfUtils.java:logGet(43)) - raft.server.log.statemachine.data.sync.timeout = 10s (default)
2019-10-09 23:58:58,049 [pool-433-thread-1] INFO  server.RaftServerConfigKeys (ConfUtils.java:logGet(43)) - raft.server.log.statemachine.data.sync.timeout.retry = -1 (default)
2019-10-09 23:58:58,049 [pool-413-thread-1] INFO  server.RaftServerConfigKeys (ConfUtils.java:logGet(43)) - raft.server.log.statemachine.data.sync.timeout.retry = -1 (default)
2019-10-09 23:58:58,049 [pool-433-thread-1] INFO  server.RaftServerConfigKeys (ConfUtils.java:logGet(43)) - raft.server.log.statemachine.data.caching.enabled = true (custom)
2019-10-09 23:58:58,049 [pool-413-thread-1] INFO  server.RaftServerConfigKeys (ConfUtils.java:logGet(43)) - raft.server.log.statemachine.data.caching.enabled = true (custom)
2019-10-09 23:58:58,049 [pool-433-thread-1] INFO  segmented.SegmentedRaftLogWorker (SegmentedRaftLogWorker.java:lambda$new$0(128)) - e93d3519-60bf-4589-bc84-68859d642e36@group-943982CA592A-SegmentedRaftLogWorker: flushIndex: setUnconditionally 0 -> -1
2019-10-09 23:58:58,050 [pool-413-thread-1] INFO  segmented.SegmentedRaftLogWorker (SegmentedRaftLogWorker.java:lambda$new$0(128)) - 5271065f-f953-4651-8fe1-c188370d49d9@group-943982CA592A-SegmentedRaftLogWorker: flushIndex: setUnconditionally 0 -> -1
2019-10-09 23:58:58,050 [pool-433-thread-1] INFO  server.RaftServerConfigKeys (ConfUtils.java:logGet(43)) - raft.server.snapshot.auto.trigger.enabled = true (custom)
2019-10-09 23:58:58,050 [pool-433-thread-1] INFO  server.RaftServerConfigKeys (ConfUtils.java:logGet(43)) - raft.server.snapshot.auto.trigger.threshold = 10000 (custom)
2019-10-09 23:58:58,050 [pool-433-thread-1] INFO  server.RaftServerConfigKeys (ConfUtils.java:logGet(43)) - raft.server.snapshot.retention.file.num = 5 (custom)
2019-10-09 23:58:58,050 [pool-413-thread-1] INFO  server.RaftServerConfigKeys (ConfUtils.java:logGet(43)) - raft.server.snapshot.auto.trigger.enabled = true (custom)
2019-10-09 23:58:58,050 [pool-433-thread-1] INFO  server.RaftServerConfigKeys (ConfUtils.java:logGet(43)) - raft.server.retrycache.expirytime = 600000ms (custom)
2019-10-09 23:58:58,050 [pool-413-thread-1] INFO  server.RaftServerConfigKeys (ConfUtils.java:logGet(43)) - raft.server.snapshot.auto.trigger.threshold = 10000 (custom)
2019-10-09 23:58:58,051 [pool-413-thread-1] INFO  server.RaftServerConfigKeys (ConfUtils.java:logGet(43)) - raft.server.snapshot.retention.file.num = 5 (custom)
2019-10-09 23:58:58,051 [pool-423-thread-1] INFO  impl.RaftServerImpl (RaftServerImpl.java:start(181)) - cecef735-5786-42df-85c6-70e235beb44e@group-943982CA592A: start as a follower, conf=-1: [5271065f-f953-4651-8fe1-c188370d49d9:192.168.5.166:41788, cecef735-5786-42df-85c6-70e235beb44e:192.168.5.166:38484, e93d3519-60bf-4589-bc84-68859d642e36:192.168.5.166:45035], old=null
2019-10-09 23:58:58,051 [pool-413-thread-1] INFO  server.RaftServerConfigKeys (ConfUtils.java:logGet(43)) - raft.server.retrycache.expirytime = 600000ms (custom)
2019-10-09 23:58:58,051 [pool-423-thread-1] INFO  impl.RaftServerImpl (RaftServerImpl.java:setRole(170)) - cecef735-5786-42df-85c6-70e235beb44e@group-943982CA592A: changes role from      null to FOLLOWER at term 0 for startAsFollower
2019-10-09 23:58:58,051 [pool-423-thread-1] INFO  impl.RoleInfo (RoleInfo.java:updateAndGet(143)) - cecef735-5786-42df-85c6-70e235beb44e: start FollowerState
2019-10-09 23:58:58,052 [pool-423-thread-1] INFO  util.JmxRegister (JmxRegister.java:tryRegister(44)) - Successfully registered JMX Bean with object name Ratis:service=RaftServer,group=group-943982CA592A,id=cecef735-5786-42df-85c6-70e235beb44e
2019-10-09 23:58:58,052 [pool-433-thread-1] INFO  impl.RaftServerImpl (RaftServerImpl.java:start(181)) - e93d3519-60bf-4589-bc84-68859d642e36@group-943982CA592A: start as a follower, conf=-1: [5271065f-f953-4651-8fe1-c188370d49d9:192.168.5.166:41788, cecef735-5786-42df-85c6-70e235beb44e:192.168.5.166:38484, e93d3519-60bf-4589-bc84-68859d642e36:192.168.5.166:45035], old=null
2019-10-09 23:58:58,052 [pool-433-thread-1] INFO  impl.RaftServerImpl (RaftServerImpl.java:setRole(170)) - e93d3519-60bf-4589-bc84-68859d642e36@group-943982CA592A: changes role from      null to FOLLOWER at term 0 for startAsFollower
2019-10-09 23:58:58,052 [pool-433-thread-1] INFO  impl.RoleInfo (RoleInfo.java:updateAndGet(143)) - e93d3519-60bf-4589-bc84-68859d642e36: start FollowerState
2019-10-09 23:58:58,078 [pool-433-thread-1] INFO  util.JmxRegister (JmxRegister.java:tryRegister(44)) - Successfully registered JMX Bean with object name Ratis:service=RaftServer,group=group-943982CA592A,id=e93d3519-60bf-4589-bc84-68859d642e36
2019-10-09 23:58:58,080 [pool-413-thread-1] INFO  impl.RaftServerImpl (RaftServerImpl.java:start(181)) - 5271065f-f953-4651-8fe1-c188370d49d9@group-943982CA592A: start as a follower, conf=-1: [5271065f-f953-4651-8fe1-c188370d49d9:192.168.5.166:41788, cecef735-5786-42df-85c6-70e235beb44e:192.168.5.166:38484, e93d3519-60bf-4589-bc84-68859d642e36:192.168.5.166:45035], old=null
2019-10-09 23:58:58,080 [pool-413-thread-1] INFO  impl.RaftServerImpl (RaftServerImpl.java:setRole(170)) - 5271065f-f953-4651-8fe1-c188370d49d9@group-943982CA592A: changes role from      null to FOLLOWER at term 0 for startAsFollower
2019-10-09 23:58:58,080 [pool-413-thread-1] INFO  impl.RoleInfo (RoleInfo.java:updateAndGet(143)) - 5271065f-f953-4651-8fe1-c188370d49d9: start FollowerState
2019-10-09 23:58:58,081 [pool-413-thread-1] INFO  util.JmxRegister (JmxRegister.java:tryRegister(44)) - Successfully registered JMX Bean with object name Ratis:service=RaftServer,group=group-943982CA592A,id=5271065f-f953-4651-8fe1-c188370d49d9
2019-10-09 23:58:58,098 [RatisPipelineUtilsThread] INFO  pipeline.PipelineStateManager (PipelineStateManager.java:addPipeline(57)) - Created pipeline Pipeline[ Id: 6b0eb87f-4af7-4e12-b355-943982ca592a, Nodes: 5271065f-f953-4651-8fe1-c188370d49d9{ip: 192.168.5.166, host: pr-hdds-1868-fg6nx-4263576025, networkLocation: /default-rack, certSerialId: null}e93d3519-60bf-4589-bc84-68859d642e36{ip: 192.168.5.166, host: pr-hdds-1868-fg6nx-4263576025, networkLocation: /default-rack, certSerialId: null}cecef735-5786-42df-85c6-70e235beb44e{ip: 192.168.5.166, host: pr-hdds-1868-fg6nx-4263576025, networkLocation: /default-rack, certSerialId: null}, Type:RATIS, Factor:THREE, State:ALLOCATED]
2019-10-09 23:58:58,098 [Thread-2415] INFO  pipeline.PipelineStateManager (PipelineStateManager.java:finalizePipeline(123)) - Pipeline Pipeline[ Id: 4cd72daf-1d3a-49dd-adb1-47b69311d827, Nodes: 46c62e6e-4505-4efd-852b-69b3876e4d77{ip: 192.168.5.166, host: pr-hdds-1868-fg6nx-4263576025, networkLocation: /default-rack, certSerialId: null}c9bf6877-9cff-4b98-8a8e-7003cb757ecd{ip: 192.168.5.166, host: pr-hdds-1868-fg6nx-4263576025, networkLocation: /default-rack, certSerialId: null}54603264-c264-4f50-88b1-da12adb68219{ip: 192.168.5.166, host: pr-hdds-1868-fg6nx-4263576025, networkLocation: /default-rack, certSerialId: null}, Type:RATIS, Factor:THREE, State:CLOSED] moved to CLOSED state
2019-10-09 23:58:58,105 [grpc-default-executor-5] INFO  impl.RaftServerProxy (RaftServerProxy.java:remove(95)) - 46c62e6e-4505-4efd-852b-69b3876e4d77: remove  FOLLOWER 46c62e6e-4505-4efd-852b-69b3876e4d77@group-47B69311D827:t0, leader=null, voted=null, raftlog=46c62e6e-4505-4efd-852b-69b3876e4d77@group-47B69311D827-SegmentedRaftLog:OPENED:c-1,f-1,i0, conf=-1: [c9bf6877-9cff-4b98-8a8e-7003cb757ecd:192.168.5.166:44297, 54603264-c264-4f50-88b1-da12adb68219:192.168.5.166:35382, 46c62e6e-4505-4efd-852b-69b3876e4d77:192.168.5.166:39995], old=null RUNNING
2019-10-09 23:58:58,105 [grpc-default-executor-5] INFO  impl.RaftServerImpl (RaftServerImpl.java:lambda$shutdown$3(247)) - 46c62e6e-4505-4efd-852b-69b3876e4d77@group-47B69311D827: shutdown
2019-10-09 23:58:58,105 [grpc-default-executor-5] INFO  util.JmxRegister (JmxRegister.java:unregister(73)) - Successfully un-registered JMX Bean with object name Ratis:service=RaftServer,group=group-47B69311D827,id=46c62e6e-4505-4efd-852b-69b3876e4d77
2019-10-09 23:58:58,105 [grpc-default-executor-5] INFO  impl.RoleInfo (RoleInfo.java:shutdownFollowerState(121)) - 46c62e6e-4505-4efd-852b-69b3876e4d77: shutdown FollowerState
2019-10-09 23:58:58,105 [grpc-default-executor-5] INFO  impl.StateMachineUpdater (StateMachineUpdater.java:stopAndJoin(136)) - 46c62e6e-4505-4efd-852b-69b3876e4d77@group-47B69311D827-StateMachineUpdater: set stopIndex = -1
2019-10-09 23:58:58,106 [Thread-2429] INFO  impl.FollowerState (FollowerState.java:run(117)) - 46c62e6e-4505-4efd-852b-69b3876e4d77@group-47B69311D827-FollowerState was interrupted: java.lang.InterruptedException: sleep interrupted
2019-10-09 23:58:58,106 [grpc-default-executor-5] INFO  impl.RaftServerImpl (ServerState.java:close(387)) - 46c62e6e-4505-4efd-852b-69b3876e4d77@group-47B69311D827: closes. applyIndex: -1
2019-10-09 23:58:58,106 [46c62e6e-4505-4efd-852b-69b3876e4d77@group-47B69311D827-SegmentedRaftLogWorker] INFO  segmented.SegmentedRaftLogWorker (SegmentedRaftLogWorker.java:run(316)) - 46c62e6e-4505-4efd-852b-69b3876e4d77@group-47B69311D827-SegmentedRaftLogWorker was interrupted, exiting. There are 0 tasks remaining in the queue.
2019-10-09 23:58:58,106 [grpc-default-executor-5] INFO  segmented.SegmentedRaftLogWorker (SegmentedRaftLogWorker.java:close(224)) - 46c62e6e-4505-4efd-852b-69b3876e4d77@group-47B69311D827-SegmentedRaftLogWorker close()
2019-10-09 23:58:58,117 [grpc-default-executor-5] INFO  impl.RaftServerProxy (RaftServerProxy.java:remove(95)) - c9bf6877-9cff-4b98-8a8e-7003cb757ecd: remove  FOLLOWER c9bf6877-9cff-4b98-8a8e-7003cb757ecd@group-47B69311D827:t0, leader=null, voted=null, raftlog=c9bf6877-9cff-4b98-8a8e-7003cb757ecd@group-47B69311D827-SegmentedRaftLog:OPENED:c-1,f-1,i0, conf=-1: [c9bf6877-9cff-4b98-8a8e-7003cb757ecd:192.168.5.166:44297, 54603264-c264-4f50-88b1-da12adb68219:192.168.5.166:35382, 46c62e6e-4505-4efd-852b-69b3876e4d77:192.168.5.166:39995], old=null RUNNING
2019-10-09 23:58:58,117 [grpc-default-executor-5] INFO  impl.RaftServerImpl (RaftServerImpl.java:lambda$shutdown$3(247)) - c9bf6877-9cff-4b98-8a8e-7003cb757ecd@group-47B69311D827: shutdown
2019-10-09 23:58:58,117 [grpc-default-executor-5] INFO  util.JmxRegister (JmxRegister.java:unregister(73)) - Successfully un-registered JMX Bean with object name Ratis:service=RaftServer,group=group-47B69311D827,id=c9bf6877-9cff-4b98-8a8e-7003cb757ecd
2019-10-09 23:58:58,118 [grpc-default-executor-5] INFO  impl.RoleInfo (RoleInfo.java:shutdownFollowerState(121)) - c9bf6877-9cff-4b98-8a8e-7003cb757ecd: shutdown FollowerState
2019-10-09 23:58:58,118 [grpc-default-executor-5] INFO  impl.StateMachineUpdater (StateMachineUpdater.java:stopAndJoin(136)) - c9bf6877-9cff-4b98-8a8e-7003cb757ecd@group-47B69311D827-StateMachineUpdater: set stopIndex = -1
2019-10-09 23:58:58,118 [Thread-2430] INFO  impl.FollowerState (FollowerState.java:run(117)) - c9bf6877-9cff-4b98-8a8e-7003cb757ecd@group-47B69311D827-FollowerState was interrupted: java.lang.InterruptedException: sleep interrupted
2019-10-09 23:58:58,118 [grpc-default-executor-5] INFO  impl.RaftServerImpl (ServerState.java:close(387)) - c9bf6877-9cff-4b98-8a8e-7003cb757ecd@group-47B69311D827: closes. applyIndex: -1
2019-10-09 23:58:58,118 [c9bf6877-9cff-4b98-8a8e-7003cb757ecd@group-47B69311D827-SegmentedRaftLogWorker] INFO  segmented.SegmentedRaftLogWorker (SegmentedRaftLogWorker.java:run(316)) - c9bf6877-9cff-4b98-8a8e-7003cb757ecd@group-47B69311D827-SegmentedRaftLogWorker was interrupted, exiting. There are 0 tasks remaining in the queue.
2019-10-09 23:58:58,118 [grpc-default-executor-5] INFO  segmented.SegmentedRaftLogWorker (SegmentedRaftLogWorker.java:close(224)) - c9bf6877-9cff-4b98-8a8e-7003cb757ecd@group-47B69311D827-SegmentedRaftLogWorker close()
2019-10-09 23:58:58,129 [grpc-default-executor-5] INFO  impl.RaftServerProxy (RaftServerProxy.java:remove(95)) - 54603264-c264-4f50-88b1-da12adb68219: remove  FOLLOWER 54603264-c264-4f50-88b1-da12adb68219@group-47B69311D827:t0, leader=null, voted=null, raftlog=54603264-c264-4f50-88b1-da12adb68219@group-47B69311D827-SegmentedRaftLog:OPENED:c-1,f-1,i0, conf=-1: [c9bf6877-9cff-4b98-8a8e-7003cb757ecd:192.168.5.166:44297, 54603264-c264-4f50-88b1-da12adb68219:192.168.5.166:35382, 46c62e6e-4505-4efd-852b-69b3876e4d77:192.168.5.166:39995], old=null RUNNING
2019-10-09 23:58:58,129 [grpc-default-executor-5] INFO  impl.RaftServerImpl (RaftServerImpl.java:lambda$shutdown$3(247)) - 54603264-c264-4f50-88b1-da12adb68219@group-47B69311D827: shutdown
2019-10-09 23:58:58,129 [grpc-default-executor-5] INFO  util.JmxRegister (JmxRegister.java:unregister(73)) - Successfully un-registered JMX Bean with object name Ratis:service=RaftServer,group=group-47B69311D827,id=54603264-c264-4f50-88b1-da12adb68219
2019-10-09 23:58:58,130 [grpc-default-executor-5] INFO  impl.RoleInfo (RoleInfo.java:shutdownFollowerState(121)) - 54603264-c264-4f50-88b1-da12adb68219: shutdown FollowerState
2019-10-09 23:58:58,130 [grpc-default-executor-5] INFO  impl.StateMachineUpdater (StateMachineUpdater.java:stopAndJoin(136)) - 54603264-c264-4f50-88b1-da12adb68219@group-47B69311D827-StateMachineUpdater: set stopIndex = -1
2019-10-09 23:58:58,130 [Thread-2427] INFO  impl.FollowerState (FollowerState.java:run(117)) - 54603264-c264-4f50-88b1-da12adb68219@group-47B69311D827-FollowerState was interrupted: java.lang.InterruptedException: sleep interrupted
2019-10-09 23:58:58,130 [grpc-default-executor-5] INFO  impl.RaftServerImpl (ServerState.java:close(387)) - 54603264-c264-4f50-88b1-da12adb68219@group-47B69311D827: closes. applyIndex: -1
2019-10-09 23:58:58,130 [54603264-c264-4f50-88b1-da12adb68219@group-47B69311D827-SegmentedRaftLogWorker] INFO  segmented.SegmentedRaftLogWorker (SegmentedRaftLogWorker.java:run(316)) - 54603264-c264-4f50-88b1-da12adb68219@group-47B69311D827-SegmentedRaftLogWorker was interrupted, exiting. There are 0 tasks remaining in the queue.
2019-10-09 23:58:58,130 [grpc-default-executor-5] INFO  segmented.SegmentedRaftLogWorker (SegmentedRaftLogWorker.java:close(224)) - 54603264-c264-4f50-88b1-da12adb68219@group-47B69311D827-SegmentedRaftLogWorker close()
2019-10-09 23:58:58,137 [Thread-2415] INFO  pipeline.PipelineStateManager (PipelineStateManager.java:removePipeline(108)) - Pipeline Pipeline[ Id: 4cd72daf-1d3a-49dd-adb1-47b69311d827, Nodes: 46c62e6e-4505-4efd-852b-69b3876e4d77{ip: 192.168.5.166, host: pr-hdds-1868-fg6nx-4263576025, networkLocation: /default-rack, certSerialId: null}c9bf6877-9cff-4b98-8a8e-7003cb757ecd{ip: 192.168.5.166, host: pr-hdds-1868-fg6nx-4263576025, networkLocation: /default-rack, certSerialId: null}54603264-c264-4f50-88b1-da12adb68219{ip: 192.168.5.166, host: pr-hdds-1868-fg6nx-4263576025, networkLocation: /default-rack, certSerialId: null}, Type:RATIS, Factor:THREE, State:CLOSED] removed from db
2019-10-09 23:58:58,137 [Thread-2415] INFO  pipeline.SCMPipelineManager (SCMPipelineManager.java:finalizeAndDestroyPipeline(315)) - destroying pipeline:Pipeline[ Id: 776290a3-dbe2-4619-a32f-8773031a4812, Nodes: 5271065f-f953-4651-8fe1-c188370d49d9{ip: 192.168.5.166, host: pr-hdds-1868-fg6nx-4263576025, networkLocation: /default-rack, certSerialId: null}, Type:RATIS, Factor:ONE, State:ALLOCATED]
2019-10-09 23:58:58,143 [grpc-default-executor-5] INFO  impl.RaftServerProxy (RaftServerProxy.java:addNew(89)) - 46c62e6e-4505-4efd-852b-69b3876e4d77: addNew group-4AA4D358E024:[c9bf6877-9cff-4b98-8a8e-7003cb757ecd:192.168.5.166:44297, 54603264-c264-4f50-88b1-da12adb68219:192.168.5.166:35382, 46c62e6e-4505-4efd-852b-69b3876e4d77:192.168.5.166:39995] returns group-4AA4D358E024:java.util.concurrent.CompletableFuture@1d27b03d[Not completed]
2019-10-09 23:58:58,143 [grpc-default-executor-8] INFO  impl.RaftServerProxy (RaftServerProxy.java:addNew(89)) - c9bf6877-9cff-4b98-8a8e-7003cb757ecd: addNew group-4AA4D358E024:[c9bf6877-9cff-4b98-8a8e-7003cb757ecd:192.168.5.166:44297, 54603264-c264-4f50-88b1-da12adb68219:192.168.5.166:35382, 46c62e6e-4505-4efd-852b-69b3876e4d77:192.168.5.166:39995] returns group-4AA4D358E024:java.util.concurrent.CompletableFuture@141d7b21[Not completed]
2019-10-09 23:58:58,143 [grpc-default-executor-4] INFO  impl.RaftServerProxy (RaftServerProxy.java:addNew(89)) - 54603264-c264-4f50-88b1-da12adb68219: addNew group-4AA4D358E024:[c9bf6877-9cff-4b98-8a8e-7003cb757ecd:192.168.5.166:44297, 54603264-c264-4f50-88b1-da12adb68219:192.168.5.166:35382, 46c62e6e-4505-4efd-852b-69b3876e4d77:192.168.5.166:39995] returns group-4AA4D358E024:java.util.concurrent.CompletableFuture@4dd1deb3[Not completed]
2019-10-09 23:58:58,144 [pool-383-thread-1] INFO  impl.RaftServerImpl (RaftServerImpl.java:<init>(95)) - c9bf6877-9cff-4b98-8a8e-7003cb757ecd: new RaftServerImpl for group-4AA4D358E024:[c9bf6877-9cff-4b98-8a8e-7003cb757ecd:192.168.5.166:44297, 54603264-c264-4f50-88b1-da12adb68219:192.168.5.166:35382, 46c62e6e-4505-4efd-852b-69b3876e4d77:192.168.5.166:39995] with ContainerStateMachine:uninitialized
2019-10-09 23:58:58,144 [pool-383-thread-1] INFO  server.RaftServerConfigKeys (ConfUtils.java:logGet(43)) - raft.server.rpc.timeout.min = 5s (custom)
2019-10-09 23:58:58,145 [pool-383-thread-1] INFO  server.RaftServerConfigKeys (ConfUtils.java:logGet(43)) - raft.server.rpc.timeout.max = 5200ms (custom)
2019-10-09 23:58:58,145 [pool-383-thread-1] INFO  server.RaftServerConfigKeys (ConfUtils.java:logGet(43)) - raft.server.rpcslowness.timeout = 120s (custom)
2019-10-09 23:58:58,145 [pool-383-thread-1] INFO  server.RaftServerConfigKeys (ConfUtils.java:logGet(43)) - raft.server.sleep.deviation.threshold = 300 (default)
2019-10-09 23:58:58,145 [pool-383-thread-1] INFO  server.RaftServerConfigKeys (ConfUtils.java:logGet(43)) - raft.server.log.appender.install.snapshot.enabled = false (custom)
2019-10-09 23:58:58,145 [pool-383-thread-1] INFO  impl.RaftServerImpl (ServerState.java:<init>(103)) - c9bf6877-9cff-4b98-8a8e-7003cb757ecd@group-4AA4D358E024: ConfigurationManager, init=-1: [c9bf6877-9cff-4b98-8a8e-7003cb757ecd:192.168.5.166:44297, 54603264-c264-4f50-88b1-da12adb68219:192.168.5.166:35382, 46c62e6e-4505-4efd-852b-69b3876e4d77:192.168.5.166:39995], old=null, confs=<EMPTY_MAP>
2019-10-09 23:58:58,145 [pool-383-thread-1] INFO  server.RaftServerConfigKeys (ConfUtils.java:logGet(43)) - raft.server.storage.dir = [/workdir/hadoop-ozone/integration-test/target/test-dir/MiniOzoneClusterImpl-634ea9de-4d33-4471-86dd-709c178a0057/datanode-0/data/ratis] (custom)
2019-10-09 23:58:58,145 [pool-393-thread-1] INFO  impl.RaftServerImpl (RaftServerImpl.java:<init>(95)) - 54603264-c264-4f50-88b1-da12adb68219: new RaftServerImpl for group-4AA4D358E024:[c9bf6877-9cff-4b98-8a8e-7003cb757ecd:192.168.5.166:44297, 54603264-c264-4f50-88b1-da12adb68219:192.168.5.166:35382, 46c62e6e-4505-4efd-852b-69b3876e4d77:192.168.5.166:39995] with ContainerStateMachine:uninitialized
2019-10-09 23:58:58,145 [pool-383-thread-1] INFO  server.RaftServerConfigKeys (ConfUtils.java:logGet(43)) - raft.server.log.corruption.policy = EXCEPTION (default)
2019-10-09 23:58:58,145 [pool-393-thread-1] INFO  server.RaftServerConfigKeys (ConfUtils.java:logGet(43)) - raft.server.rpc.timeout.min = 5s (custom)
2019-10-09 23:58:58,145 [pool-383-thread-1] INFO  storage.RaftStorageDirectory (RaftStorageDirectory.java:analyzeStorage(246)) - The storage directory /workdir/hadoop-ozone/integration-test/target/test-dir/MiniOzoneClusterImpl-634ea9de-4d33-4471-86dd-709c178a0057/datanode-0/data/ratis/7f5ba234-2c60-4fb4-afde-4aa4d358e024 does not exist. Creating ...
2019-10-09 23:58:58,146 [pool-393-thread-1] INFO  server.RaftServerConfigKeys (ConfUtils.java:logGet(43)) - raft.server.rpc.timeout.max = 5200ms (custom)
2019-10-09 23:58:58,146 [pool-393-thread-1] INFO  server.RaftServerConfigKeys (ConfUtils.java:logGet(43)) - raft.server.rpcslowness.timeout = 120s (custom)
2019-10-09 23:58:58,146 [pool-393-thread-1] INFO  server.RaftServerConfigKeys (ConfUtils.java:logGet(43)) - raft.server.sleep.deviation.threshold = 300 (default)
2019-10-09 23:58:58,146 [pool-403-thread-1] INFO  impl.RaftServerImpl (RaftServerImpl.java:<init>(95)) - 46c62e6e-4505-4efd-852b-69b3876e4d77: new RaftServerImpl for group-4AA4D358E024:[c9bf6877-9cff-4b98-8a8e-7003cb757ecd:192.168.5.166:44297, 54603264-c264-4f50-88b1-da12adb68219:192.168.5.166:35382, 46c62e6e-4505-4efd-852b-69b3876e4d77:192.168.5.166:39995] with ContainerStateMachine:uninitialized
2019-10-09 23:58:58,146 [pool-393-thread-1] INFO  server.RaftServerConfigKeys (ConfUtils.java:logGet(43)) - raft.server.log.appender.install.snapshot.enabled = false (custom)
2019-10-09 23:58:58,146 [pool-403-thread-1] INFO  server.RaftServerConfigKeys (ConfUtils.java:logGet(43)) - raft.server.rpc.timeout.min = 5s (custom)
2019-10-09 23:58:58,146 [pool-393-thread-1] INFO  impl.RaftServerImpl (ServerState.java:<init>(103)) - 54603264-c264-4f50-88b1-da12adb68219@group-4AA4D358E024: ConfigurationManager, init=-1: [c9bf6877-9cff-4b98-8a8e-7003cb757ecd:192.168.5.166:44297, 54603264-c264-4f50-88b1-da12adb68219:192.168.5.166:35382, 46c62e6e-4505-4efd-852b-69b3876e4d77:192.168.5.166:39995], old=null, confs=<EMPTY_MAP>
2019-10-09 23:58:58,147 [pool-403-thread-1] INFO  server.RaftServerConfigKeys (ConfUtils.java:logGet(43)) - raft.server.rpc.timeout.max = 5200ms (custom)
2019-10-09 23:58:58,147 [pool-393-thread-1] INFO  server.RaftServerConfigKeys (ConfUtils.java:logGet(43)) - raft.server.storage.dir = [/workdir/hadoop-ozone/integration-test/target/test-dir/MiniOzoneClusterImpl-634ea9de-4d33-4471-86dd-709c178a0057/datanode-1/data/ratis] (custom)
2019-10-09 23:58:58,147 [pool-403-thread-1] INFO  server.RaftServerConfigKeys (ConfUtils.java:logGet(43)) - raft.server.rpcslowness.timeout = 120s (custom)
2019-10-09 23:58:58,147 [pool-403-thread-1] INFO  server.RaftServerConfigKeys (ConfUtils.java:logGet(43)) - raft.server.sleep.deviation.threshold = 300 (default)
2019-10-09 23:58:58,147 [pool-393-thread-1] INFO  server.RaftServerConfigKeys (ConfUtils.java:logGet(43)) - raft.server.log.corruption.policy = EXCEPTION (default)
2019-10-09 23:58:58,147 [pool-403-thread-1] INFO  server.RaftServerConfigKeys (ConfUtils.java:logGet(43)) - raft.server.log.appender.install.snapshot.enabled = false (custom)
2019-10-09 23:58:58,147 [pool-393-thread-1] INFO  storage.RaftStorageDirectory (RaftStorageDirectory.java:analyzeStorage(246)) - The storage directory /workdir/hadoop-ozone/integration-test/target/test-dir/MiniOzoneClusterImpl-634ea9de-4d33-4471-86dd-709c178a0057/datanode-1/data/ratis/7f5ba234-2c60-4fb4-afde-4aa4d358e024 does not exist. Creating ...
2019-10-09 23:58:58,147 [pool-403-thread-1] INFO  impl.RaftServerImpl (ServerState.java:<init>(103)) - 46c62e6e-4505-4efd-852b-69b3876e4d77@group-4AA4D358E024: ConfigurationManager, init=-1: [c9bf6877-9cff-4b98-8a8e-7003cb757ecd:192.168.5.166:44297, 54603264-c264-4f50-88b1-da12adb68219:192.168.5.166:35382, 46c62e6e-4505-4efd-852b-69b3876e4d77:192.168.5.166:39995], old=null, confs=<EMPTY_MAP>
2019-10-09 23:58:58,148 [pool-403-thread-1] INFO  server.RaftServerConfigKeys (ConfUtils.java:logGet(43)) - raft.server.storage.dir = [/workdir/hadoop-ozone/integration-test/target/test-dir/MiniOzoneClusterImpl-634ea9de-4d33-4471-86dd-709c178a0057/datanode-2/data/ratis] (custom)
2019-10-09 23:58:58,148 [pool-403-thread-1] INFO  server.RaftServerConfigKeys (ConfUtils.java:logGet(43)) - raft.server.log.corruption.policy = EXCEPTION (default)
2019-10-09 23:58:58,148 [pool-403-thread-1] INFO  storage.RaftStorageDirectory (RaftStorageDirectory.java:analyzeStorage(246)) - The storage directory /workdir/hadoop-ozone/integration-test/target/test-dir/MiniOzoneClusterImpl-634ea9de-4d33-4471-86dd-709c178a0057/datanode-2/data/ratis/7f5ba234-2c60-4fb4-afde-4aa4d358e024 does not exist. Creating ...
2019-10-09 23:58:58,171 [pool-393-thread-1] INFO  storage.RaftStorageDirectory (RaftStorageDirectory.java:tryLock(328)) - Lock on /workdir/hadoop-ozone/integration-test/target/test-dir/MiniOzoneClusterImpl-634ea9de-4d33-4471-86dd-709c178a0057/datanode-1/data/ratis/7f5ba234-2c60-4fb4-afde-4aa4d358e024/in_use.lock acquired by nodename 25084@pr-hdds-1868-fg6nx-4263576025
2019-10-09 23:58:58,171 [pool-383-thread-1] INFO  storage.RaftStorageDirectory (RaftStorageDirectory.java:tryLock(328)) - Lock on /workdir/hadoop-ozone/integration-test/target/test-dir/MiniOzoneClusterImpl-634ea9de-4d33-4471-86dd-709c178a0057/datanode-0/data/ratis/7f5ba234-2c60-4fb4-afde-4aa4d358e024/in_use.lock acquired by nodename 25084@pr-hdds-1868-fg6nx-4263576025
2019-10-09 23:58:58,171 [pool-403-thread-1] INFO  storage.RaftStorageDirectory (RaftStorageDirectory.java:tryLock(328)) - Lock on /workdir/hadoop-ozone/integration-test/target/test-dir/MiniOzoneClusterImpl-634ea9de-4d33-4471-86dd-709c178a0057/datanode-2/data/ratis/7f5ba234-2c60-4fb4-afde-4aa4d358e024/in_use.lock acquired by nodename 25084@pr-hdds-1868-fg6nx-4263576025
2019-10-09 23:58:58,196 [pool-383-thread-1] INFO  storage.RaftStorage (RaftStorage.java:format(84)) - Storage directory /workdir/hadoop-ozone/integration-test/target/test-dir/MiniOzoneClusterImpl-634ea9de-4d33-4471-86dd-709c178a0057/datanode-0/data/ratis/7f5ba234-2c60-4fb4-afde-4aa4d358e024 has been successfully formatted.
2019-10-09 23:58:58,196 [pool-393-thread-1] INFO  storage.RaftStorage (RaftStorage.java:format(84)) - Storage directory /workdir/hadoop-ozone/integration-test/target/test-dir/MiniOzoneClusterImpl-634ea9de-4d33-4471-86dd-709c178a0057/datanode-1/data/ratis/7f5ba234-2c60-4fb4-afde-4aa4d358e024 has been successfully formatted.
2019-10-09 23:58:58,196 [pool-403-thread-1] INFO  storage.RaftStorage (RaftStorage.java:format(84)) - Storage directory /workdir/hadoop-ozone/integration-test/target/test-dir/MiniOzoneClusterImpl-634ea9de-4d33-4471-86dd-709c178a0057/datanode-2/data/ratis/7f5ba234-2c60-4fb4-afde-4aa4d358e024 has been successfully formatted.
2019-10-09 23:58:58,197 [pool-393-thread-1] INFO  ratis.ContainerStateMachine (ContainerStateMachine.java:loadSnapshot(233)) - group-4AA4D358E024: The snapshot info is null. Setting the last applied indexto:(t:0, i:~)
2019-10-09 23:58:58,197 [pool-403-thread-1] INFO  ratis.ContainerStateMachine (ContainerStateMachine.java:loadSnapshot(233)) - group-4AA4D358E024: The snapshot info is null. Setting the last applied indexto:(t:0, i:~)
2019-10-09 23:58:58,196 [pool-383-thread-1] INFO  ratis.ContainerStateMachine (ContainerStateMachine.java:loadSnapshot(233)) - group-4AA4D358E024: The snapshot info is null. Setting the last applied indexto:(t:0, i:~)
2019-10-09 23:58:58,197 [pool-403-thread-1] INFO  server.RaftServerConfigKeys (ConfUtils.java:logGet(43)) - raft.server.notification.no-leader.timeout = 120s (custom)
2019-10-09 23:58:58,197 [pool-393-thread-1] INFO  server.RaftServerConfigKeys (ConfUtils.java:logGet(43)) - raft.server.notification.no-leader.timeout = 120s (custom)
2019-10-09 23:58:58,197 [pool-403-thread-1] INFO  server.RaftServerConfigKeys (ConfUtils.java:logGet(43)) - raft.server.log.use.memory = false (default)
2019-10-09 23:58:58,197 [pool-383-thread-1] INFO  server.RaftServerConfigKeys (ConfUtils.java:logGet(43)) - raft.server.notification.no-leader.timeout = 120s (custom)
2019-10-09 23:58:58,198 [pool-403-thread-1] INFO  server.RaftServerConfigKeys (ConfUtils.java:logGet(43)) - raft.server.log.purge.gap = 1000000 (custom)
2019-10-09 23:58:58,197 [pool-393-thread-1] INFO  server.RaftServerConfigKeys (ConfUtils.java:logGet(43)) - raft.server.log.use.memory = false (default)
2019-10-09 23:58:58,198 [pool-403-thread-1] INFO  server.RaftServerConfigKeys (ConfUtils.java:logGet(43)) - raft.server.log.appender.buffer.byte-limit = 33554432 (custom)
2019-10-09 23:58:58,198 [pool-383-thread-1] INFO  server.RaftServerConfigKeys (ConfUtils.java:logGet(43)) - raft.server.log.use.memory = false (default)
2019-10-09 23:58:58,198 [pool-403-thread-1] INFO  server.RaftServerConfigKeys (ConfUtils.java:logGet(43)) - raft.server.log.segment.size.max = 1048576 (custom)
2019-10-09 23:58:58,198 [pool-393-thread-1] INFO  server.RaftServerConfigKeys (ConfUtils.java:logGet(43)) - raft.server.log.purge.gap = 1000000 (custom)
2019-10-09 23:58:58,198 [pool-403-thread-1] INFO  server.RaftServerConfigKeys (ConfUtils.java:logGet(43)) - raft.server.log.segment.cache.num.max = 2 (custom)
2019-10-09 23:58:58,198 [pool-383-thread-1] INFO  server.RaftServerConfigKeys (ConfUtils.java:logGet(43)) - raft.server.log.purge.gap = 1000000 (custom)
2019-10-09 23:58:58,199 [pool-403-thread-1] INFO  segmented.SegmentedRaftLogWorker (SegmentedRaftLogWorker.java:<init>(173)) - new 46c62e6e-4505-4efd-852b-69b3876e4d77@group-4AA4D358E024-SegmentedRaftLogWorker for RaftStorage:Storage Directory /workdir/hadoop-ozone/integration-test/target/test-dir/MiniOzoneClusterImpl-634ea9de-4d33-4471-86dd-709c178a0057/datanode-2/data/ratis/7f5ba234-2c60-4fb4-afde-4aa4d358e024
2019-10-09 23:58:58,198 [pool-393-thread-1] INFO  server.RaftServerConfigKeys (ConfUtils.java:logGet(43)) - raft.server.log.appender.buffer.byte-limit = 33554432 (custom)
2019-10-09 23:58:58,199 [pool-403-thread-1] INFO  server.RaftServerConfigKeys (ConfUtils.java:logGet(43)) - raft.server.log.queue.byte-limit = 2147483647 (custom)
2019-10-09 23:58:58,199 [pool-383-thread-1] INFO  server.RaftServerConfigKeys (ConfUtils.java:logGet(43)) - raft.server.log.appender.buffer.byte-limit = 33554432 (custom)
2019-10-09 23:58:58,199 [pool-403-thread-1] INFO  server.RaftServerConfigKeys (ConfUtils.java:logGet(43)) - raft.server.log.queue.element-limit = 1024 (custom)
2019-10-09 23:58:58,199 [pool-393-thread-1] INFO  server.RaftServerConfigKeys (ConfUtils.java:logGet(43)) - raft.server.log.segment.size.max = 1048576 (custom)
2019-10-09 23:58:58,199 [pool-403-thread-1] INFO  server.RaftServerConfigKeys (ConfUtils.java:logGet(43)) - raft.server.log.segment.size.max = 1048576 (custom)
2019-10-09 23:58:58,199 [pool-383-thread-1] INFO  server.RaftServerConfigKeys (ConfUtils.java:logGet(43)) - raft.server.log.segment.size.max = 1048576 (custom)
2019-10-09 23:58:58,200 [pool-403-thread-1] INFO  server.RaftServerConfigKeys (ConfUtils.java:logGet(43)) - raft.server.log.preallocated.size = 16384 (custom)
2019-10-09 23:58:58,199 [pool-393-thread-1] INFO  server.RaftServerConfigKeys (ConfUtils.java:logGet(43)) - raft.server.log.segment.cache.num.max = 2 (custom)
2019-10-09 23:58:58,200 [pool-403-thread-1] INFO  server.RaftServerConfigKeys (ConfUtils.java:logGet(43)) - raft.server.log.write.buffer.size = 33554432 (custom)
2019-10-09 23:58:58,200 [pool-383-thread-1] INFO  server.RaftServerConfigKeys (ConfUtils.java:logGet(43)) - raft.server.log.segment.cache.num.max = 2 (custom)
2019-10-09 23:58:58,200 [pool-403-thread-1] INFO  server.RaftServerConfigKeys (ConfUtils.java:logGet(43)) - raft.server.log.force.sync.num = 128 (default)
2019-10-09 23:58:58,200 [pool-393-thread-1] INFO  segmented.SegmentedRaftLogWorker (SegmentedRaftLogWorker.java:<init>(173)) - new 54603264-c264-4f50-88b1-da12adb68219@group-4AA4D358E024-SegmentedRaftLogWorker for RaftStorage:Storage Directory /workdir/hadoop-ozone/integration-test/target/test-dir/MiniOzoneClusterImpl-634ea9de-4d33-4471-86dd-709c178a0057/datanode-1/data/ratis/7f5ba234-2c60-4fb4-afde-4aa4d358e024
2019-10-09 23:58:58,200 [pool-403-thread-1] INFO  server.RaftServerConfigKeys (ConfUtils.java:logGet(43)) - raft.server.log.statemachine.data.sync = true (default)
2019-10-09 23:58:58,200 [pool-383-thread-1] INFO  segmented.SegmentedRaftLogWorker (SegmentedRaftLogWorker.java:<init>(173)) - new c9bf6877-9cff-4b98-8a8e-7003cb757ecd@group-4AA4D358E024-SegmentedRaftLogWorker for RaftStorage:Storage Directory /workdir/hadoop-ozone/integration-test/target/test-dir/MiniOzoneClusterImpl-634ea9de-4d33-4471-86dd-709c178a0057/datanode-0/data/ratis/7f5ba234-2c60-4fb4-afde-4aa4d358e024
2019-10-09 23:58:58,201 [pool-403-thread-1] INFO  server.RaftServerConfigKeys (ConfUtils.java:logGet(43)) - raft.server.log.statemachine.data.sync.timeout = 10s (default)
2019-10-09 23:58:58,201 [pool-403-thread-1] INFO  server.RaftServerConfigKeys (ConfUtils.java:logGet(43)) - raft.server.log.statemachine.data.sync.timeout.retry = -1 (default)
2019-10-09 23:58:58,201 [pool-393-thread-1] INFO  server.RaftServerConfigKeys (ConfUtils.java:logGet(43)) - raft.server.log.queue.byte-limit = 2147483647 (custom)
2019-10-09 23:58:58,201 [pool-403-thread-1] INFO  server.RaftServerConfigKeys (ConfUtils.java:logGet(43)) - raft.server.log.statemachine.data.caching.enabled = true (custom)
2019-10-09 23:58:58,201 [pool-383-thread-1] INFO  server.RaftServerConfigKeys (ConfUtils.java:logGet(43)) - raft.server.log.queue.byte-limit = 2147483647 (custom)
2019-10-09 23:58:58,201 [pool-393-thread-1] INFO  server.RaftServerConfigKeys (ConfUtils.java:logGet(43)) - raft.server.log.queue.element-limit = 1024 (custom)
2019-10-09 23:58:58,201 [pool-403-thread-1] INFO  segmented.SegmentedRaftLogWorker (SegmentedRaftLogWorker.java:lambda$new$0(128)) - 46c62e6e-4505-4efd-852b-69b3876e4d77@group-4AA4D358E024-SegmentedRaftLogWorker: flushIndex: setUnconditionally 0 -> -1
2019-10-09 23:58:58,201 [pool-383-thread-1] INFO  server.RaftServerConfigKeys (ConfUtils.java:logGet(43)) - raft.server.log.queue.element-limit = 1024 (custom)
2019-10-09 23:58:58,202 [pool-403-thread-1] INFO  server.RaftServerConfigKeys (ConfUtils.java:logGet(43)) - raft.server.snapshot.auto.trigger.enabled = true (custom)
2019-10-09 23:58:58,202 [pool-383-thread-1] INFO  server.RaftServerConfigKeys (ConfUtils.java:logGet(43)) - raft.server.log.segment.size.max = 1048576 (custom)
2019-10-09 23:58:58,202 [pool-393-thread-1] INFO  server.RaftServerConfigKeys (ConfUtils.java:logGet(43)) - raft.server.log.segment.size.max = 1048576 (custom)
2019-10-09 23:58:58,202 [pool-383-thread-1] INFO  server.RaftServerConfigKeys (ConfUtils.java:logGet(43)) - raft.server.log.preallocated.size = 16384 (custom)
2019-10-09 23:58:58,202 [pool-403-thread-1] INFO  server.RaftServerConfigKeys (ConfUtils.java:logGet(43)) - raft.server.snapshot.auto.trigger.threshold = 10000 (custom)
2019-10-09 23:58:58,202 [pool-383-thread-1] INFO  server.RaftServerConfigKeys (ConfUtils.java:logGet(43)) - raft.server.log.write.buffer.size = 33554432 (custom)
2019-10-09 23:58:58,203 [pool-383-thread-1] INFO  server.RaftServerConfigKeys (ConfUtils.java:logGet(43)) - raft.server.log.force.sync.num = 128 (default)
2019-10-09 23:58:58,202 [pool-393-thread-1] INFO  server.RaftServerConfigKeys (ConfUtils.java:logGet(43)) - raft.server.log.preallocated.size = 16384 (custom)
2019-10-09 23:58:58,203 [pool-383-thread-1] INFO  server.RaftServerConfigKeys (ConfUtils.java:logGet(43)) - raft.server.log.statemachine.data.sync = true (default)
2019-10-09 23:58:58,203 [pool-383-thread-1] INFO  server.RaftServerConfigKeys (ConfUtils.java:logGet(43)) - raft.server.log.statemachine.data.sync.timeout = 10s (default)
2019-10-09 23:58:58,202 [pool-403-thread-1] INFO  server.RaftServerConfigKeys (ConfUtils.java:logGet(43)) - raft.server.snapshot.retention.file.num = 5 (custom)
2019-10-09 23:58:58,203 [pool-383-thread-1] INFO  server.RaftServerConfigKeys (ConfUtils.java:logGet(43)) - raft.server.log.statemachine.data.sync.timeout.retry = -1 (default)
2019-10-09 23:58:58,203 [pool-393-thread-1] INFO  server.RaftServerConfigKeys (ConfUtils.java:logGet(43)) - raft.server.log.write.buffer.size = 33554432 (custom)
2019-10-09 23:58:58,203 [pool-383-thread-1] INFO  server.RaftServerConfigKeys (ConfUtils.java:logGet(43)) - raft.server.log.statemachine.data.caching.enabled = true (custom)
2019-10-09 23:58:58,203 [pool-403-thread-1] INFO  server.RaftServerConfigKeys (ConfUtils.java:logGet(43)) - raft.server.retrycache.expirytime = 600000ms (custom)
2019-10-09 23:58:58,204 [pool-383-thread-1] INFO  segmented.SegmentedRaftLogWorker (SegmentedRaftLogWorker.java:lambda$new$0(128)) - c9bf6877-9cff-4b98-8a8e-7003cb757ecd@group-4AA4D358E024-SegmentedRaftLogWorker: flushIndex: setUnconditionally 0 -> -1
2019-10-09 23:58:58,203 [pool-393-thread-1] INFO  server.RaftServerConfigKeys (ConfUtils.java:logGet(43)) - raft.server.log.force.sync.num = 128 (default)
2019-10-09 23:58:58,204 [pool-383-thread-1] INFO  server.RaftServerConfigKeys (ConfUtils.java:logGet(43)) - raft.server.snapshot.auto.trigger.enabled = true (custom)
2019-10-09 23:58:58,204 [pool-393-thread-1] INFO  server.RaftServerConfigKeys (ConfUtils.java:logGet(43)) - raft.server.log.statemachine.data.sync = true (default)
2019-10-09 23:58:58,204 [pool-383-thread-1] INFO  server.RaftServerConfigKeys (ConfUtils.java:logGet(43)) - raft.server.snapshot.auto.trigger.threshold = 10000 (custom)
2019-10-09 23:58:58,204 [pool-393-thread-1] INFO  server.RaftServerConfigKeys (ConfUtils.java:logGet(43)) - raft.server.log.statemachine.data.sync.timeout = 10s (default)
2019-10-09 23:58:58,204 [pool-383-thread-1] INFO  server.RaftServerConfigKeys (ConfUtils.java:logGet(43)) - raft.server.snapshot.retention.file.num = 5 (custom)
2019-10-09 23:58:58,204 [pool-393-thread-1] INFO  server.RaftServerConfigKeys (ConfUtils.java:logGet(43)) - raft.server.log.statemachine.data.sync.timeout.retry = -1 (default)
2019-10-09 23:58:58,204 [pool-383-thread-1] INFO  server.RaftServerConfigKeys (ConfUtils.java:logGet(43)) - raft.server.retrycache.expirytime = 600000ms (custom)
2019-10-09 23:58:58,205 [pool-393-thread-1] INFO  server.RaftServerConfigKeys (ConfUtils.java:logGet(43)) - raft.server.log.statemachine.data.caching.enabled = true (custom)
2019-10-09 23:58:58,205 [pool-393-thread-1] INFO  segmented.SegmentedRaftLogWorker (SegmentedRaftLogWorker.java:lambda$new$0(128)) - 54603264-c264-4f50-88b1-da12adb68219@group-4AA4D358E024-SegmentedRaftLogWorker: flushIndex: setUnconditionally 0 -> -1
2019-10-09 23:58:58,205 [pool-393-thread-1] INFO  server.RaftServerConfigKeys (ConfUtils.java:logGet(43)) - raft.server.snapshot.auto.trigger.enabled = true (custom)
2019-10-09 23:58:58,205 [pool-393-thread-1] INFO  server.RaftServerConfigKeys (ConfUtils.java:logGet(43)) - raft.server.snapshot.auto.trigger.threshold = 10000 (custom)
2019-10-09 23:58:58,205 [pool-393-thread-1] INFO  server.RaftServerConfigKeys (ConfUtils.java:logGet(43)) - raft.server.snapshot.retention.file.num = 5 (custom)
2019-10-09 23:58:58,206 [pool-403-thread-1] INFO  impl.RaftServerImpl (RaftServerImpl.java:start(181)) - 46c62e6e-4505-4efd-852b-69b3876e4d77@group-4AA4D358E024: start as a follower, conf=-1: [c9bf6877-9cff-4b98-8a8e-7003cb757ecd:192.168.5.166:44297, 54603264-c264-4f50-88b1-da12adb68219:192.168.5.166:35382, 46c62e6e-4505-4efd-852b-69b3876e4d77:192.168.5.166:39995], old=null
2019-10-09 23:58:58,206 [pool-393-thread-1] INFO  server.RaftServerConfigKeys (ConfUtils.java:logGet(43)) - raft.server.retrycache.expirytime = 600000ms (custom)
2019-10-09 23:58:58,206 [pool-403-thread-1] INFO  impl.RaftServerImpl (RaftServerImpl.java:setRole(170)) - 46c62e6e-4505-4efd-852b-69b3876e4d77@group-4AA4D358E024: changes role from      null to FOLLOWER at term 0 for startAsFollower
2019-10-09 23:58:58,206 [pool-403-thread-1] INFO  impl.RoleInfo (RoleInfo.java:updateAndGet(143)) - 46c62e6e-4505-4efd-852b-69b3876e4d77: start FollowerState
2019-10-09 23:58:58,206 [pool-383-thread-1] INFO  impl.RaftServerImpl (RaftServerImpl.java:start(181)) - c9bf6877-9cff-4b98-8a8e-7003cb757ecd@group-4AA4D358E024: start as a follower, conf=-1: [c9bf6877-9cff-4b98-8a8e-7003cb757ecd:192.168.5.166:44297, 54603264-c264-4f50-88b1-da12adb68219:192.168.5.166:35382, 46c62e6e-4505-4efd-852b-69b3876e4d77:192.168.5.166:39995], old=null
2019-10-09 23:58:58,206 [pool-383-thread-1] INFO  impl.RaftServerImpl (RaftServerImpl.java:setRole(170)) - c9bf6877-9cff-4b98-8a8e-7003cb757ecd@group-4AA4D358E024: changes role from      null to FOLLOWER at term 0 for startAsFollower
2019-10-09 23:58:58,206 [pool-403-thread-1] INFO  util.JmxRegister (JmxRegister.java:tryRegister(44)) - Successfully registered JMX Bean with object name Ratis:service=RaftServer,group=group-4AA4D358E024,id=46c62e6e-4505-4efd-852b-69b3876e4d77
2019-10-09 23:58:58,206 [pool-383-thread-1] INFO  impl.RoleInfo (RoleInfo.java:updateAndGet(143)) - c9bf6877-9cff-4b98-8a8e-7003cb757ecd: start FollowerState
2019-10-09 23:58:58,207 [pool-383-thread-1] INFO  util.JmxRegister (JmxRegister.java:tryRegister(44)) - Successfully registered JMX Bean with object name Ratis:service=RaftServer,group=group-4AA4D358E024,id=c9bf6877-9cff-4b98-8a8e-7003cb757ecd
2019-10-09 23:58:58,210 [pool-393-thread-1] INFO  impl.RaftServerImpl (RaftServerImpl.java:start(181)) - 54603264-c264-4f50-88b1-da12adb68219@group-4AA4D358E024: start as a follower, conf=-1: [c9bf6877-9cff-4b98-8a8e-7003cb757ecd:192.168.5.166:44297, 54603264-c264-4f50-88b1-da12adb68219:192.168.5.166:35382, 46c62e6e-4505-4efd-852b-69b3876e4d77:192.168.5.166:39995], old=null
2019-10-09 23:58:58,210 [pool-393-thread-1] INFO  impl.RaftServerImpl (RaftServerImpl.java:setRole(170)) - 54603264-c264-4f50-88b1-da12adb68219@group-4AA4D358E024: changes role from      null to FOLLOWER at term 0 for startAsFollower
2019-10-09 23:58:58,210 [pool-393-thread-1] INFO  impl.RoleInfo (RoleInfo.java:updateAndGet(143)) - 54603264-c264-4f50-88b1-da12adb68219: start FollowerState
2019-10-09 23:58:58,210 [pool-393-thread-1] INFO  util.JmxRegister (JmxRegister.java:tryRegister(44)) - Successfully registered JMX Bean with object name Ratis:service=RaftServer,group=group-4AA4D358E024,id=54603264-c264-4f50-88b1-da12adb68219
2019-10-09 23:58:58,214 [RatisPipelineUtilsThread] INFO  pipeline.PipelineStateManager (PipelineStateManager.java:addPipeline(57)) - Created pipeline Pipeline[ Id: 7f5ba234-2c60-4fb4-afde-4aa4d358e024, Nodes: 46c62e6e-4505-4efd-852b-69b3876e4d77{ip: 192.168.5.166, host: pr-hdds-1868-fg6nx-4263576025, networkLocation: /default-rack, certSerialId: null}c9bf6877-9cff-4b98-8a8e-7003cb757ecd{ip: 192.168.5.166, host: pr-hdds-1868-fg6nx-4263576025, networkLocation: /default-rack, certSerialId: null}54603264-c264-4f50-88b1-da12adb68219{ip: 192.168.5.166, host: pr-hdds-1868-fg6nx-4263576025, networkLocation: /default-rack, certSerialId: null}, Type:RATIS, Factor:THREE, State:ALLOCATED]
2019-10-09 23:58:58,215 [Thread-2415] INFO  pipeline.PipelineStateManager (PipelineStateManager.java:finalizePipeline(123)) - Pipeline Pipeline[ Id: 776290a3-dbe2-4619-a32f-8773031a4812, Nodes: 5271065f-f953-4651-8fe1-c188370d49d9{ip: 192.168.5.166, host: pr-hdds-1868-fg6nx-4263576025, networkLocation: /default-rack, certSerialId: null}, Type:RATIS, Factor:ONE, State:CLOSED] moved to CLOSED state
2019-10-09 23:58:58,215 [main] INFO  ozone.MiniOzoneClusterImpl (MiniOzoneClusterImpl.java:lambda$waitForClusterToBeReady$2(164)) - Waiting for 8 number of pipelines out of 9, to report a leader.
2019-10-09 23:58:58,222 [grpc-default-executor-4] INFO  impl.RaftServerProxy (RaftServerProxy.java:remove(95)) - 5271065f-f953-4651-8fe1-c188370d49d9: remove  FOLLOWER 5271065f-f953-4651-8fe1-c188370d49d9@group-8773031A4812:t0, leader=null, voted=null, raftlog=5271065f-f953-4651-8fe1-c188370d49d9@group-8773031A4812-SegmentedRaftLog:OPENED:c-1,f-1,i0, conf=-1: [5271065f-f953-4651-8fe1-c188370d49d9:192.168.5.166:41788], old=null RUNNING
2019-10-09 23:58:58,222 [grpc-default-executor-4] INFO  impl.RaftServerImpl (RaftServerImpl.java:lambda$shutdown$3(247)) - 5271065f-f953-4651-8fe1-c188370d49d9@group-8773031A4812: shutdown
2019-10-09 23:58:58,222 [grpc-default-executor-4] INFO  util.JmxRegister (JmxRegister.java:unregister(73)) - Successfully un-registered JMX Bean with object name Ratis:service=RaftServer,group=group-8773031A4812,id=5271065f-f953-4651-8fe1-c188370d49d9
2019-10-09 23:58:58,222 [grpc-default-executor-4] INFO  impl.RoleInfo (RoleInfo.java:shutdownFollowerState(121)) - 5271065f-f953-4651-8fe1-c188370d49d9: shutdown FollowerState
2019-10-09 23:58:58,222 [grpc-default-executor-4] INFO  impl.StateMachineUpdater (StateMachineUpdater.java:stopAndJoin(136)) - 5271065f-f953-4651-8fe1-c188370d49d9@group-8773031A4812-StateMachineUpdater: set stopIndex = -1
2019-10-09 23:58:58,223 [Thread-2435] INFO  impl.FollowerState (FollowerState.java:run(117)) - 5271065f-f953-4651-8fe1-c188370d49d9@group-8773031A4812-FollowerState was interrupted: java.lang.InterruptedException: sleep interrupted
2019-10-09 23:58:58,223 [grpc-default-executor-4] INFO  impl.RaftServerImpl (ServerState.java:close(387)) - 5271065f-f953-4651-8fe1-c188370d49d9@group-8773031A4812: closes. applyIndex: -1
2019-10-09 23:58:58,223 [5271065f-f953-4651-8fe1-c188370d49d9@group-8773031A4812-SegmentedRaftLogWorker] INFO  segmented.SegmentedRaftLogWorker (SegmentedRaftLogWorker.java:run(316)) - 5271065f-f953-4651-8fe1-c188370d49d9@group-8773031A4812-SegmentedRaftLogWorker was interrupted, exiting. There are 0 tasks remaining in the queue.
2019-10-09 23:58:58,223 [grpc-default-executor-4] INFO  segmented.SegmentedRaftLogWorker (SegmentedRaftLogWorker.java:close(224)) - 5271065f-f953-4651-8fe1-c188370d49d9@group-8773031A4812-SegmentedRaftLogWorker close()
2019-10-09 23:58:58,230 [Thread-2415] INFO  pipeline.PipelineStateManager (PipelineStateManager.java:removePipeline(108)) - Pipeline Pipeline[ Id: 776290a3-dbe2-4619-a32f-8773031a4812, Nodes: 5271065f-f953-4651-8fe1-c188370d49d9{ip: 192.168.5.166, host: pr-hdds-1868-fg6nx-4263576025, networkLocation: /default-rack, certSerialId: null}, Type:RATIS, Factor:ONE, State:CLOSED] removed from db
2019-10-09 23:58:58,233 [grpc-default-executor-4] INFO  impl.RaftServerProxy (RaftServerProxy.java:addNew(89)) - 5271065f-f953-4651-8fe1-c188370d49d9: addNew group-CE93FDC5979C:[5271065f-f953-4651-8fe1-c188370d49d9:192.168.5.166:41788] returns group-CE93FDC5979C:java.util.concurrent.CompletableFuture@7c410a85[Not completed]
2019-10-09 23:58:58,234 [pool-413-thread-1] INFO  impl.RaftServerImpl (RaftServerImpl.java:<init>(95)) - 5271065f-f953-4651-8fe1-c188370d49d9: new RaftServerImpl for group-CE93FDC5979C:[5271065f-f953-4651-8fe1-c188370d49d9:192.168.5.166:41788] with ContainerStateMachine:uninitialized
2019-10-09 23:58:58,234 [pool-413-thread-1] INFO  server.RaftServerConfigKeys (ConfUtils.java:logGet(43)) - raft.server.rpc.timeout.min = 5s (custom)
2019-10-09 23:58:58,234 [pool-413-thread-1] INFO  server.RaftServerConfigKeys (ConfUtils.java:logGet(43)) - raft.server.rpc.timeout.max = 5200ms (custom)
2019-10-09 23:58:58,235 [pool-413-thread-1] INFO  server.RaftServerConfigKeys (ConfUtils.java:logGet(43)) - raft.server.rpcslowness.timeout = 120s (custom)
2019-10-09 23:58:58,235 [pool-413-thread-1] INFO  server.RaftServerConfigKeys (ConfUtils.java:logGet(43)) - raft.server.sleep.deviation.threshold = 300 (default)
2019-10-09 23:58:58,235 [pool-413-thread-1] INFO  server.RaftServerConfigKeys (ConfUtils.java:logGet(43)) - raft.server.log.appender.install.snapshot.enabled = false (custom)
2019-10-09 23:58:58,235 [pool-413-thread-1] INFO  impl.RaftServerImpl (ServerState.java:<init>(103)) - 5271065f-f953-4651-8fe1-c188370d49d9@group-CE93FDC5979C: ConfigurationManager, init=-1: [5271065f-f953-4651-8fe1-c188370d49d9:192.168.5.166:41788], old=null, confs=<EMPTY_MAP>
2019-10-09 23:58:58,235 [pool-413-thread-1] INFO  server.RaftServerConfigKeys (ConfUtils.java:logGet(43)) - raft.server.storage.dir = [/workdir/hadoop-ozone/integration-test/target/test-dir/MiniOzoneClusterImpl-634ea9de-4d33-4471-86dd-709c178a0057/datanode-3/data/ratis] (custom)
2019-10-09 23:58:58,235 [pool-413-thread-1] INFO  server.RaftServerConfigKeys (ConfUtils.java:logGet(43)) - raft.server.log.corruption.policy = EXCEPTION (default)
2019-10-09 23:58:58,236 [pool-413-thread-1] INFO  storage.RaftStorageDirectory (RaftStorageDirectory.java:analyzeStorage(246)) - The storage directory /workdir/hadoop-ozone/integration-test/target/test-dir/MiniOzoneClusterImpl-634ea9de-4d33-4471-86dd-709c178a0057/datanode-3/data/ratis/e246736e-bb87-473c-a7c7-ce93fdc5979c does not exist. Creating ...
2019-10-09 23:58:58,248 [pool-413-thread-1] INFO  storage.RaftStorageDirectory (RaftStorageDirectory.java:tryLock(328)) - Lock on /workdir/hadoop-ozone/integration-test/target/test-dir/MiniOzoneClusterImpl-634ea9de-4d33-4471-86dd-709c178a0057/datanode-3/data/ratis/e246736e-bb87-473c-a7c7-ce93fdc5979c/in_use.lock acquired by nodename 25084@pr-hdds-1868-fg6nx-4263576025
2019-10-09 23:58:58,261 [pool-413-thread-1] INFO  storage.RaftStorage (RaftStorage.java:format(84)) - Storage directory /workdir/hadoop-ozone/integration-test/target/test-dir/MiniOzoneClusterImpl-634ea9de-4d33-4471-86dd-709c178a0057/datanode-3/data/ratis/e246736e-bb87-473c-a7c7-ce93fdc5979c has been successfully formatted.
2019-10-09 23:58:58,261 [pool-413-thread-1] INFO  ratis.ContainerStateMachine (ContainerStateMachine.java:loadSnapshot(233)) - group-CE93FDC5979C: The snapshot info is null. Setting the last applied indexto:(t:0, i:~)
2019-10-09 23:58:58,261 [pool-413-thread-1] INFO  server.RaftServerConfigKeys (ConfUtils.java:logGet(43)) - raft.server.notification.no-leader.timeout = 120s (custom)
2019-10-09 23:58:58,261 [pool-413-thread-1] INFO  server.RaftServerConfigKeys (ConfUtils.java:logGet(43)) - raft.server.log.use.memory = false (default)
2019-10-09 23:58:58,262 [pool-413-thread-1] INFO  server.RaftServerConfigKeys (ConfUtils.java:logGet(43)) - raft.server.log.purge.gap = 1000000 (custom)
2019-10-09 23:58:58,262 [pool-413-thread-1] INFO  server.RaftServerConfigKeys (ConfUtils.java:logGet(43)) - raft.server.log.appender.buffer.byte-limit = 33554432 (custom)
2019-10-09 23:58:58,262 [pool-413-thread-1] INFO  server.RaftServerConfigKeys (ConfUtils.java:logGet(43)) - raft.server.log.segment.size.max = 1048576 (custom)
2019-10-09 23:58:58,262 [pool-413-thread-1] INFO  server.RaftServerConfigKeys (ConfUtils.java:logGet(43)) - raft.server.log.segment.cache.num.max = 2 (custom)
2019-10-09 23:58:58,262 [pool-413-thread-1] INFO  segmented.SegmentedRaftLogWorker (SegmentedRaftLogWorker.java:<init>(173)) - new 5271065f-f953-4651-8fe1-c188370d49d9@group-CE93FDC5979C-SegmentedRaftLogWorker for RaftStorage:Storage Directory /workdir/hadoop-ozone/integration-test/target/test-dir/MiniOzoneClusterImpl-634ea9de-4d33-4471-86dd-709c178a0057/datanode-3/data/ratis/e246736e-bb87-473c-a7c7-ce93fdc5979c
2019-10-09 23:58:58,262 [pool-413-thread-1] INFO  server.RaftServerConfigKeys (ConfUtils.java:logGet(43)) - raft.server.log.queue.byte-limit = 2147483647 (custom)
2019-10-09 23:58:58,262 [pool-413-thread-1] INFO  server.RaftServerConfigKeys (ConfUtils.java:logGet(43)) - raft.server.log.queue.element-limit = 1024 (custom)
2019-10-09 23:58:58,263 [pool-413-thread-1] INFO  server.RaftServerConfigKeys (ConfUtils.java:logGet(43)) - raft.server.log.segment.size.max = 1048576 (custom)
2019-10-09 23:58:58,263 [pool-413-thread-1] INFO  server.RaftServerConfigKeys (ConfUtils.java:logGet(43)) - raft.server.log.preallocated.size = 16384 (custom)
2019-10-09 23:58:58,263 [pool-413-thread-1] INFO  server.RaftServerConfigKeys (ConfUtils.java:logGet(43)) - raft.server.log.write.buffer.size = 33554432 (custom)
2019-10-09 23:58:58,263 [pool-413-thread-1] INFO  server.RaftServerConfigKeys (ConfUtils.java:logGet(43)) - raft.server.log.force.sync.num = 128 (default)
2019-10-09 23:58:58,263 [pool-413-thread-1] INFO  server.RaftServerConfigKeys (ConfUtils.java:logGet(43)) - raft.server.log.statemachine.data.sync = true (default)
2019-10-09 23:58:58,263 [pool-413-thread-1] INFO  server.RaftServerConfigKeys (ConfUtils.java:logGet(43)) - raft.server.log.statemachine.data.sync.timeout = 10s (default)
2019-10-09 23:58:58,264 [pool-413-thread-1] INFO  server.RaftServerConfigKeys (ConfUtils.java:logGet(43)) - raft.server.log.statemachine.data.sync.timeout.retry = -1 (default)
2019-10-09 23:58:58,264 [pool-413-thread-1] INFO  server.RaftServerConfigKeys (ConfUtils.java:logGet(43)) - raft.server.log.statemachine.data.caching.enabled = true (custom)
2019-10-09 23:58:58,264 [pool-413-thread-1] INFO  segmented.SegmentedRaftLogWorker (SegmentedRaftLogWorker.java:lambda$new$0(128)) - 5271065f-f953-4651-8fe1-c188370d49d9@group-CE93FDC5979C-SegmentedRaftLogWorker: flushIndex: setUnconditionally 0 -> -1
2019-10-09 23:58:58,264 [pool-413-thread-1] INFO  server.RaftServerConfigKeys (ConfUtils.java:logGet(43)) - raft.server.snapshot.auto.trigger.enabled = true (custom)
2019-10-09 23:58:58,265 [pool-413-thread-1] INFO  server.RaftServerConfigKeys (ConfUtils.java:logGet(43)) - raft.server.snapshot.auto.trigger.threshold = 10000 (custom)
2019-10-09 23:58:58,265 [pool-413-thread-1] INFO  server.RaftServerConfigKeys (ConfUtils.java:logGet(43)) - raft.server.snapshot.retention.file.num = 5 (custom)
2019-10-09 23:58:58,265 [pool-413-thread-1] INFO  server.RaftServerConfigKeys (ConfUtils.java:logGet(43)) - raft.server.retrycache.expirytime = 600000ms (custom)
2019-10-09 23:58:58,267 [pool-413-thread-1] INFO  impl.RaftServerImpl (RaftServerImpl.java:start(181)) - 5271065f-f953-4651-8fe1-c188370d49d9@group-CE93FDC5979C: start as a follower, conf=-1: [5271065f-f953-4651-8fe1-c188370d49d9:192.168.5.166:41788], old=null
2019-10-09 23:58:58,267 [pool-413-thread-1] INFO  impl.RaftServerImpl (RaftServerImpl.java:setRole(170)) - 5271065f-f953-4651-8fe1-c188370d49d9@group-CE93FDC5979C: changes role from      null to FOLLOWER at term 0 for startAsFollower
2019-10-09 23:58:58,267 [pool-413-thread-1] INFO  impl.RoleInfo (RoleInfo.java:updateAndGet(143)) - 5271065f-f953-4651-8fe1-c188370d49d9: start FollowerState
2019-10-09 23:58:58,267 [pool-413-thread-1] INFO  util.JmxRegister (JmxRegister.java:tryRegister(44)) - Successfully registered JMX Bean with object name Ratis:service=RaftServer,group=group-CE93FDC5979C,id=5271065f-f953-4651-8fe1-c188370d49d9
2019-10-09 23:58:58,272 [RatisPipelineUtilsThread] INFO  pipeline.PipelineStateManager (PipelineStateManager.java:addPipeline(57)) - Created pipeline Pipeline[ Id: e246736e-bb87-473c-a7c7-ce93fdc5979c, Nodes: 5271065f-f953-4651-8fe1-c188370d49d9{ip: 192.168.5.166, host: pr-hdds-1868-fg6nx-4263576025, networkLocation: /default-rack, certSerialId: null}, Type:RATIS, Factor:ONE, State:ALLOCATED]
2019-10-09 23:58:59,216 [main] INFO  ozone.MiniOzoneClusterImpl (MiniOzoneClusterImpl.java:lambda$waitForClusterToBeReady$2(164)) - Waiting for 9 number of pipelines out of 9, to report a leader.
2019-10-09 23:59:00,214 [grpc-default-executor-4] WARN  server.GrpcLogAppender (LogUtils.java:warn(134)) - e0a2bbc5-e1f3-429a-8b57-8ad53d3fcfcf@group-C934F1EEB7D0->d1b2fdb4-2a3c-478d-9f55-2a69fc770f7f-AppendLogResponseHandler: Failed appendEntries: org.apache.ratis.thirdparty.io.grpc.StatusRuntimeException: UNAVAILABLE: io exception
2019-10-09 23:59:00,214 [grpc-default-executor-4] INFO  impl.FollowerInfo (FollowerInfo.java:lambda$new$0(51)) - e0a2bbc5-e1f3-429a-8b57-8ad53d3fcfcf@group-C934F1EEB7D0->d1b2fdb4-2a3c-478d-9f55-2a69fc770f7f: nextIndex: updateUnconditionally 0 -> 0
2019-10-09 23:59:00,217 [main] INFO  ozone.MiniOzoneClusterImpl (MiniOzoneClusterImpl.java:lambda$waitForClusterToBeReady$2(164)) - Waiting for 9 number of pipelines out of 9, to report a leader.
2019-10-09 23:59:00,219 [grpc-default-executor-5] WARN  server.GrpcLogAppender (LogUtils.java:warn(134)) - e0a2bbc5-e1f3-429a-8b57-8ad53d3fcfcf@group-C934F1EEB7D0->7efd9bf7-a6c0-4f93-9bd9-a1d7634c727c-AppendLogResponseHandler: Failed appendEntries: org.apache.ratis.thirdparty.io.grpc.StatusRuntimeException: UNAVAILABLE: io exception
2019-10-09 23:59:00,219 [grpc-default-executor-5] INFO  impl.FollowerInfo (FollowerInfo.java:lambda$new$0(51)) - e0a2bbc5-e1f3-429a-8b57-8ad53d3fcfcf@group-C934F1EEB7D0->7efd9bf7-a6c0-4f93-9bd9-a1d7634c727c: nextIndex: updateUnconditionally 0 -> 0
2019-10-09 23:59:01,217 [main] INFO  ozone.MiniOzoneClusterImpl (MiniOzoneClusterImpl.java:lambda$waitForClusterToBeReady$2(164)) - Waiting for 9 number of pipelines out of 9, to report a leader.
2019-10-09 23:59:02,218 [main] INFO  ozone.MiniOzoneClusterImpl (MiniOzoneClusterImpl.java:lambda$waitForClusterToBeReady$2(164)) - Waiting for 9 number of pipelines out of 9, to report a leader.
2019-10-09 23:59:02,483 [EventQueue-StaleNodeForStaleNodeHandler] INFO  node.StaleNodeHandler (StaleNodeHandler.java:onMessage(58)) - Datanode d1b2fdb4-2a3c-478d-9f55-2a69fc770f7f{ip: 192.168.5.166, host: pr-hdds-1868-fg6nx-4263576025, networkLocation: /default-rack, certSerialId: null} moved to stale state. Finalizing its pipelines [PipelineID=3045e3a5-d20f-4633-9a30-c934f1eeb7d0, PipelineID=03037681-54f9-4dd7-aa3b-9773cdaa3bf0]
2019-10-09 23:59:02,484 [EventQueue-StaleNodeForStaleNodeHandler] INFO  pipeline.SCMPipelineManager (SCMPipelineManager.java:finalizeAndDestroyPipeline(315)) - destroying pipeline:Pipeline[ Id: 3045e3a5-d20f-4633-9a30-c934f1eeb7d0, Nodes: d1b2fdb4-2a3c-478d-9f55-2a69fc770f7f{ip: 192.168.5.166, host: pr-hdds-1868-fg6nx-4263576025, networkLocation: /default-rack, certSerialId: null}7efd9bf7-a6c0-4f93-9bd9-a1d7634c727c{ip: 192.168.5.166, host: pr-hdds-1868-fg6nx-4263576025, networkLocation: /default-rack, certSerialId: null}e0a2bbc5-e1f3-429a-8b57-8ad53d3fcfcf{ip: 192.168.5.166, host: pr-hdds-1868-fg6nx-4263576025, networkLocation: /default-rack, certSerialId: null}, Type:RATIS, Factor:THREE, State:OPEN]
2019-10-09 23:59:02,484 [EventQueue-StaleNodeForStaleNodeHandler] INFO  pipeline.PipelineStateManager (PipelineStateManager.java:finalizePipeline(123)) - Pipeline Pipeline[ Id: 3045e3a5-d20f-4633-9a30-c934f1eeb7d0, Nodes: d1b2fdb4-2a3c-478d-9f55-2a69fc770f7f{ip: 192.168.5.166, host: pr-hdds-1868-fg6nx-4263576025, networkLocation: /default-rack, certSerialId: null}7efd9bf7-a6c0-4f93-9bd9-a1d7634c727c{ip: 192.168.5.166, host: pr-hdds-1868-fg6nx-4263576025, networkLocation: /default-rack, certSerialId: null}e0a2bbc5-e1f3-429a-8b57-8ad53d3fcfcf{ip: 192.168.5.166, host: pr-hdds-1868-fg6nx-4263576025, networkLocation: /default-rack, certSerialId: null}, Type:RATIS, Factor:THREE, State:CLOSED] moved to CLOSED state
2019-10-09 23:59:02,485 [EventQueue-CloseContainerForCloseContainerEventHandler] INFO  container.CloseContainerEventHandler (CloseContainerEventHandler.java:onMessage(61)) - Close container Event triggered for container : #1
2019-10-09 23:59:02,485 [EventQueue-StaleNodeForStaleNodeHandler] INFO  pipeline.SCMPipelineManager (SCMPipelineManager.java:finalizeAndDestroyPipeline(315)) - destroying pipeline:Pipeline[ Id: 03037681-54f9-4dd7-aa3b-9773cdaa3bf0, Nodes: d1b2fdb4-2a3c-478d-9f55-2a69fc770f7f{ip: 192.168.5.166, host: pr-hdds-1868-fg6nx-4263576025, networkLocation: /default-rack, certSerialId: null}, Type:RATIS, Factor:ONE, State:OPEN]
2019-10-09 23:59:02,486 [EventQueue-StaleNodeForStaleNodeHandler] INFO  pipeline.PipelineStateManager (PipelineStateManager.java:finalizePipeline(123)) - Pipeline Pipeline[ Id: 03037681-54f9-4dd7-aa3b-9773cdaa3bf0, Nodes: d1b2fdb4-2a3c-478d-9f55-2a69fc770f7f{ip: 192.168.5.166, host: pr-hdds-1868-fg6nx-4263576025, networkLocation: /default-rack, certSerialId: null}, Type:RATIS, Factor:ONE, State:CLOSED] moved to CLOSED state
2019-10-09 23:59:02,713 [grpc-default-executor-4] WARN  server.GrpcLogAppender (LogUtils.java:warn(134)) - e0a2bbc5-e1f3-429a-8b57-8ad53d3fcfcf@group-C934F1EEB7D0->d1b2fdb4-2a3c-478d-9f55-2a69fc770f7f-AppendLogResponseHandler: Failed appendEntries: org.apache.ratis.thirdparty.io.grpc.StatusRuntimeException: UNAVAILABLE: io exception
2019-10-09 23:59:02,713 [grpc-default-executor-4] INFO  impl.FollowerInfo (FollowerInfo.java:lambda$new$0(51)) - e0a2bbc5-e1f3-429a-8b57-8ad53d3fcfcf@group-C934F1EEB7D0->d1b2fdb4-2a3c-478d-9f55-2a69fc770f7f: nextIndex: updateUnconditionally 0 -> 0
2019-10-09 23:59:02,719 [grpc-default-executor-5] WARN  server.GrpcLogAppender (LogUtils.java:warn(134)) - e0a2bbc5-e1f3-429a-8b57-8ad53d3fcfcf@group-C934F1EEB7D0->7efd9bf7-a6c0-4f93-9bd9-a1d7634c727c-AppendLogResponseHandler: Failed appendEntries: org.apache.ratis.thirdparty.io.grpc.StatusRuntimeException: UNAVAILABLE: io exception
2019-10-09 23:59:02,719 [grpc-default-executor-5] INFO  impl.FollowerInfo (FollowerInfo.java:lambda$new$0(51)) - e0a2bbc5-e1f3-429a-8b57-8ad53d3fcfcf@group-C934F1EEB7D0->7efd9bf7-a6c0-4f93-9bd9-a1d7634c727c: nextIndex: updateUnconditionally 0 -> 0
2019-10-09 23:59:02,863 [Thread-2470] INFO  impl.FollowerState (FollowerState.java:run(108)) - cecef735-5786-42df-85c6-70e235beb44e@group-ACD0FD936F00-FollowerState: change to CANDIDATE, lastRpcTime:5043ms, electionTimeout:5043ms
2019-10-09 23:59:02,863 [Thread-2470] INFO  impl.RoleInfo (RoleInfo.java:shutdownFollowerState(121)) - cecef735-5786-42df-85c6-70e235beb44e: shutdown FollowerState
2019-10-09 23:59:02,864 [Thread-2470] INFO  impl.RaftServerImpl (RaftServerImpl.java:setRole(170)) - cecef735-5786-42df-85c6-70e235beb44e@group-ACD0FD936F00: changes role from  FOLLOWER to CANDIDATE at term 0 for changeToCandidate
2019-10-09 23:59:02,864 [Thread-2470] INFO  impl.RoleInfo (RoleInfo.java:updateAndGet(143)) - cecef735-5786-42df-85c6-70e235beb44e: start LeaderElection
2019-10-09 23:59:02,872 [Thread-2459] INFO  impl.FollowerState (FollowerState.java:run(108)) - e93d3519-60bf-4589-bc84-68859d642e36@group-373F9679764C-FollowerState: change to CANDIDATE, lastRpcTime:5184ms, electionTimeout:5177ms
2019-10-09 23:59:02,872 [Thread-2459] INFO  impl.RoleInfo (RoleInfo.java:shutdownFollowerState(121)) - e93d3519-60bf-4589-bc84-68859d642e36: shutdown FollowerState
2019-10-09 23:59:02,872 [Thread-2459] INFO  impl.RaftServerImpl (RaftServerImpl.java:setRole(170)) - e93d3519-60bf-4589-bc84-68859d642e36@group-373F9679764C: changes role from  FOLLOWER to CANDIDATE at term 0 for changeToCandidate
2019-10-09 23:59:02,872 [Thread-2459] INFO  impl.RoleInfo (RoleInfo.java:updateAndGet(143)) - e93d3519-60bf-4589-bc84-68859d642e36: start LeaderElection
2019-10-09 23:59:02,889 [Thread-2462] INFO  impl.FollowerState (FollowerState.java:run(108)) - f64468a6-af5b-492a-a370-4bb1c9b61e1a@group-FE0EAF358322-FollowerState: change to CANDIDATE, lastRpcTime:5168ms, electionTimeout:5168ms
2019-10-09 23:59:02,889 [Thread-2462] INFO  impl.RoleInfo (RoleInfo.java:shutdownFollowerState(121)) - f64468a6-af5b-492a-a370-4bb1c9b61e1a: shutdown FollowerState
2019-10-09 23:59:02,890 [Thread-2462] INFO  impl.RaftServerImpl (RaftServerImpl.java:setRole(170)) - f64468a6-af5b-492a-a370-4bb1c9b61e1a@group-FE0EAF358322: changes role from  FOLLOWER to CANDIDATE at term 0 for changeToCandidate
2019-10-09 23:59:02,890 [Thread-2462] INFO  impl.RoleInfo (RoleInfo.java:updateAndGet(143)) - f64468a6-af5b-492a-a370-4bb1c9b61e1a: start LeaderElection
2019-10-09 23:59:02,904 [e93d3519-60bf-4589-bc84-68859d642e36@group-373F9679764C-LeaderElection46] INFO  impl.LeaderElection (LeaderElection.java:askForVotes(178)) - e93d3519-60bf-4589-bc84-68859d642e36@group-373F9679764C-LeaderElection46: begin an election at term 1 for -1: [e93d3519-60bf-4589-bc84-68859d642e36:192.168.5.166:45035], old=null
2019-10-09 23:59:02,904 [cecef735-5786-42df-85c6-70e235beb44e@group-ACD0FD936F00-LeaderElection45] INFO  impl.LeaderElection (LeaderElection.java:askForVotes(178)) - cecef735-5786-42df-85c6-70e235beb44e@group-ACD0FD936F00-LeaderElection45: begin an election at term 1 for -1: [cecef735-5786-42df-85c6-70e235beb44e:192.168.5.166:38484], old=null
2019-10-09 23:59:02,904 [e93d3519-60bf-4589-bc84-68859d642e36@group-373F9679764C-LeaderElection46] INFO  impl.RoleInfo (RoleInfo.java:shutdownLeaderElection(134)) - e93d3519-60bf-4589-bc84-68859d642e36: shutdown LeaderElection
2019-10-09 23:59:02,904 [cecef735-5786-42df-85c6-70e235beb44e@group-ACD0FD936F00-LeaderElection45] INFO  impl.RoleInfo (RoleInfo.java:shutdownLeaderElection(134)) - cecef735-5786-42df-85c6-70e235beb44e: shutdown LeaderElection
2019-10-09 23:59:02,904 [e93d3519-60bf-4589-bc84-68859d642e36@group-373F9679764C-LeaderElection46] INFO  impl.RaftServerImpl (RaftServerImpl.java:setRole(170)) - e93d3519-60bf-4589-bc84-68859d642e36@group-373F9679764C: changes role from CANDIDATE to LEADER at term 1 for changeToLeader
2019-10-09 23:59:02,904 [cecef735-5786-42df-85c6-70e235beb44e@group-ACD0FD936F00-LeaderElection45] INFO  impl.RaftServerImpl (RaftServerImpl.java:setRole(170)) - cecef735-5786-42df-85c6-70e235beb44e@group-ACD0FD936F00: changes role from CANDIDATE to LEADER at term 1 for changeToLeader
2019-10-09 23:59:02,904 [e93d3519-60bf-4589-bc84-68859d642e36@group-373F9679764C-LeaderElection46] INFO  ratis.XceiverServerRatis (XceiverServerRatis.java:handleLeaderChangedNotification(702)) - Leader change notification received for group: group-373F9679764C with new leaderId: e93d3519-60bf-4589-bc84-68859d642e36
2019-10-09 23:59:02,905 [cecef735-5786-42df-85c6-70e235beb44e@group-ACD0FD936F00-LeaderElection45] INFO  ratis.XceiverServerRatis (XceiverServerRatis.java:handleLeaderChangedNotification(702)) - Leader change notification received for group: group-ACD0FD936F00 with new leaderId: cecef735-5786-42df-85c6-70e235beb44e
2019-10-09 23:59:02,908 [e93d3519-60bf-4589-bc84-68859d642e36@group-373F9679764C-LeaderElection46] INFO  impl.RaftServerImpl (ServerState.java:setLeader(255)) - e93d3519-60bf-4589-bc84-68859d642e36@group-373F9679764C: change Leader from null to e93d3519-60bf-4589-bc84-68859d642e36 at term 1 for becomeLeader, leader elected after 5224ms
2019-10-09 23:59:02,908 [f64468a6-af5b-492a-a370-4bb1c9b61e1a@group-FE0EAF358322-LeaderElection47] INFO  impl.LeaderElection (LeaderElection.java:askForVotes(178)) - f64468a6-af5b-492a-a370-4bb1c9b61e1a@group-FE0EAF358322-LeaderElection47: begin an election at term 1 for -1: [f64468a6-af5b-492a-a370-4bb1c9b61e1a:192.168.5.166:34418], old=null
2019-10-09 23:59:02,911 [e93d3519-60bf-4589-bc84-68859d642e36@group-373F9679764C-LeaderElection46] INFO  server.RaftServerConfigKeys (ConfUtils.java:logGet(43)) - raft.server.staging.catchup.gap = 1000 (default)
2019-10-09 23:59:02,911 [f64468a6-af5b-492a-a370-4bb1c9b61e1a@group-FE0EAF358322-LeaderElection47] INFO  impl.RoleInfo (RoleInfo.java:shutdownLeaderElection(134)) - f64468a6-af5b-492a-a370-4bb1c9b61e1a: shutdown LeaderElection
2019-10-09 23:59:02,911 [cecef735-5786-42df-85c6-70e235beb44e@group-ACD0FD936F00-LeaderElection45] INFO  impl.RaftServerImpl (ServerState.java:setLeader(255)) - cecef735-5786-42df-85c6-70e235beb44e@group-ACD0FD936F00: change Leader from null to cecef735-5786-42df-85c6-70e235beb44e at term 1 for becomeLeader, leader elected after 5089ms
2019-10-09 23:59:02,911 [f64468a6-af5b-492a-a370-4bb1c9b61e1a@group-FE0EAF358322-LeaderElection47] INFO  impl.RaftServerImpl (RaftServerImpl.java:setRole(170)) - f64468a6-af5b-492a-a370-4bb1c9b61e1a@group-FE0EAF358322: changes role from CANDIDATE to LEADER at term 1 for changeToLeader
2019-10-09 23:59:02,911 [e93d3519-60bf-4589-bc84-68859d642e36@group-373F9679764C-LeaderElection46] INFO  server.RaftServerConfigKeys (ConfUtils.java:logGet(43)) - raft.server.rpc.sleep.time = 25ms (default)
2019-10-09 23:59:02,912 [f64468a6-af5b-492a-a370-4bb1c9b61e1a@group-FE0EAF358322-LeaderElection47] INFO  ratis.XceiverServerRatis (XceiverServerRatis.java:handleLeaderChangedNotification(702)) - Leader change notification received for group: group-FE0EAF358322 with new leaderId: f64468a6-af5b-492a-a370-4bb1c9b61e1a
2019-10-09 23:59:02,912 [cecef735-5786-42df-85c6-70e235beb44e@group-ACD0FD936F00-LeaderElection45] INFO  server.RaftServerConfigKeys (ConfUtils.java:logGet(43)) - raft.server.staging.catchup.gap = 1000 (default)
2019-10-09 23:59:02,915 [f64468a6-af5b-492a-a370-4bb1c9b61e1a@group-FE0EAF358322-LeaderElection47] INFO  impl.RaftServerImpl (ServerState.java:setLeader(255)) - f64468a6-af5b-492a-a370-4bb1c9b61e1a@group-FE0EAF358322: change Leader from null to f64468a6-af5b-492a-a370-4bb1c9b61e1a at term 1 for becomeLeader, leader elected after 5197ms
2019-10-09 23:59:02,912 [EventQueue-PipelineReportForPipelineReportHandler] INFO  pipeline.PipelineReportHandler (PipelineReportHandler.java:processPipelineReport(119)) - Pipeline PipelineID=6b0eb87f-4af7-4e12-b355-943982ca592a reported by e93d3519-60bf-4589-bc84-68859d642e36{ip: 192.168.5.166, host: pr-hdds-1868-fg6nx-4263576025, networkLocation: /default-rack, certSerialId: null} with leaderId 
2019-10-09 23:59:02,912 [e93d3519-60bf-4589-bc84-68859d642e36@group-373F9679764C-LeaderElection46] INFO  server.RaftServerConfigKeys (ConfUtils.java:logGet(43)) - raft.server.write.element-limit = 4096 (default)
2019-10-09 23:59:02,916 [EventQueue-PipelineReportForPipelineReportHandler] INFO  pipeline.PipelineReportHandler (PipelineReportHandler.java:processPipelineReport(119)) - Pipeline PipelineID=306f4a61-2f18-430a-b9aa-373f9679764c reported by e93d3519-60bf-4589-bc84-68859d642e36{ip: 192.168.5.166, host: pr-hdds-1868-fg6nx-4263576025, networkLocation: /default-rack, certSerialId: null} with leaderId e93d3519-60bf-4589-bc84-68859d642e36
2019-10-09 23:59:02,915 [f64468a6-af5b-492a-a370-4bb1c9b61e1a@group-FE0EAF358322-LeaderElection47] INFO  server.RaftServerConfigKeys (ConfUtils.java:logGet(43)) - raft.server.staging.catchup.gap = 1000 (default)
2019-10-09 23:59:02,915 [cecef735-5786-42df-85c6-70e235beb44e@group-ACD0FD936F00-LeaderElection45] INFO  server.RaftServerConfigKeys (ConfUtils.java:logGet(43)) - raft.server.rpc.sleep.time = 25ms (default)
2019-10-09 23:59:02,916 [EventQueue-PipelineReportForPipelineReportHandler] INFO  pipeline.PipelineStateManager (PipelineStateManager.java:openPipeline(136)) - Pipeline Pipeline[ Id: 306f4a61-2f18-430a-b9aa-373f9679764c, Nodes: e93d3519-60bf-4589-bc84-68859d642e36{ip: 192.168.5.166, host: pr-hdds-1868-fg6nx-4263576025, networkLocation: /default-rack, certSerialId: null}, Type:RATIS, Factor:ONE, State:OPEN] moved to OPEN state
2019-10-09 23:59:02,916 [cecef735-5786-42df-85c6-70e235beb44e@group-ACD0FD936F00-LeaderElection45] INFO  server.RaftServerConfigKeys (ConfUtils.java:logGet(43)) - raft.server.write.element-limit = 4096 (default)
2019-10-09 23:59:02,916 [f64468a6-af5b-492a-a370-4bb1c9b61e1a@group-FE0EAF358322-LeaderElection47] INFO  server.RaftServerConfigKeys (ConfUtils.java:logGet(43)) - raft.server.rpc.sleep.time = 25ms (default)
2019-10-09 23:59:02,916 [e93d3519-60bf-4589-bc84-68859d642e36@group-373F9679764C-LeaderElection46] INFO  server.RaftServerConfigKeys (ConfUtils.java:logGet(43)) - raft.server.watch.timeout = 10s (default)
2019-10-09 23:59:02,917 [f64468a6-af5b-492a-a370-4bb1c9b61e1a@group-FE0EAF358322-LeaderElection47] INFO  server.RaftServerConfigKeys (ConfUtils.java:logGet(43)) - raft.server.write.element-limit = 4096 (default)
2019-10-09 23:59:02,916 [cecef735-5786-42df-85c6-70e235beb44e@group-ACD0FD936F00-LeaderElection45] INFO  server.RaftServerConfigKeys (ConfUtils.java:logGet(43)) - raft.server.watch.timeout = 10s (default)
2019-10-09 23:59:02,916 [EventQueue-PipelineReportForPipelineReportHandler] INFO  pipeline.PipelineReportHandler (PipelineReportHandler.java:processPipelineReport(119)) - Pipeline PipelineID=fc0fe500-c43e-465c-946f-acd0fd936f00 reported by cecef735-5786-42df-85c6-70e235beb44e{ip: 192.168.5.166, host: pr-hdds-1868-fg6nx-4263576025, networkLocation: /default-rack, certSerialId: null} with leaderId cecef735-5786-42df-85c6-70e235beb44e
2019-10-09 23:59:02,917 [cecef735-5786-42df-85c6-70e235beb44e@group-ACD0FD936F00-LeaderElection45] INFO  server.RaftServerConfigKeys (ConfUtils.java:logGet(43)) - raft.server.watch.timeout.denomination = 1s (default)
2019-10-09 23:59:02,917 [f64468a6-af5b-492a-a370-4bb1c9b61e1a@group-FE0EAF358322-LeaderElection47] INFO  server.RaftServerConfigKeys (ConfUtils.java:logGet(43)) - raft.server.watch.timeout = 10s (default)
2019-10-09 23:59:02,917 [e93d3519-60bf-4589-bc84-68859d642e36@group-373F9679764C-LeaderElection46] INFO  server.RaftServerConfigKeys (ConfUtils.java:logGet(43)) - raft.server.watch.timeout.denomination = 1s (default)
2019-10-09 23:59:02,918 [f64468a6-af5b-492a-a370-4bb1c9b61e1a@group-FE0EAF358322-LeaderElection47] INFO  server.RaftServerConfigKeys (ConfUtils.java:logGet(43)) - raft.server.watch.timeout.denomination = 1s (default)
2019-10-09 23:59:02,917 [cecef735-5786-42df-85c6-70e235beb44e@group-ACD0FD936F00-LeaderElection45] INFO  server.RaftServerConfigKeys (ConfUtils.java:logGet(43)) - raft.server.watch.element-limit = 65536 (default)
2019-10-09 23:59:02,917 [EventQueue-PipelineReportForPipelineReportHandler] INFO  pipeline.PipelineStateManager (PipelineStateManager.java:openPipeline(136)) - Pipeline Pipeline[ Id: fc0fe500-c43e-465c-946f-acd0fd936f00, Nodes: cecef735-5786-42df-85c6-70e235beb44e{ip: 192.168.5.166, host: pr-hdds-1868-fg6nx-4263576025, networkLocation: /default-rack, certSerialId: null}, Type:RATIS, Factor:ONE, State:OPEN] moved to OPEN state
2019-10-09 23:59:02,918 [f64468a6-af5b-492a-a370-4bb1c9b61e1a@group-FE0EAF358322-LeaderElection47] INFO  server.RaftServerConfigKeys (ConfUtils.java:logGet(43)) - raft.server.watch.element-limit = 65536 (default)
2019-10-09 23:59:02,918 [e93d3519-60bf-4589-bc84-68859d642e36@group-373F9679764C-LeaderElection46] INFO  server.RaftServerConfigKeys (ConfUtils.java:logGet(43)) - raft.server.watch.element-limit = 65536 (default)
2019-10-09 23:59:02,918 [EventQueue-PipelineReportForPipelineReportHandler] INFO  pipeline.PipelineReportHandler (PipelineReportHandler.java:processPipelineReport(119)) - Pipeline PipelineID=6b0eb87f-4af7-4e12-b355-943982ca592a reported by cecef735-5786-42df-85c6-70e235beb44e{ip: 192.168.5.166, host: pr-hdds-1868-fg6nx-4263576025, networkLocation: /default-rack, certSerialId: null} with leaderId 
2019-10-09 23:59:02,918 [EventQueue-PipelineReportForPipelineReportHandler] INFO  pipeline.PipelineReportHandler (PipelineReportHandler.java:processPipelineReport(119)) - Pipeline PipelineID=dc1fa0dd-7d1d-4761-8440-fe0eaf358322 reported by f64468a6-af5b-492a-a370-4bb1c9b61e1a{ip: 192.168.5.166, host: pr-hdds-1868-fg6nx-4263576025, networkLocation: /default-rack, certSerialId: null} with leaderId f64468a6-af5b-492a-a370-4bb1c9b61e1a
2019-10-09 23:59:02,919 [EventQueue-PipelineReportForPipelineReportHandler] INFO  pipeline.PipelineStateManager (PipelineStateManager.java:openPipeline(136)) - Pipeline Pipeline[ Id: dc1fa0dd-7d1d-4761-8440-fe0eaf358322, Nodes: f64468a6-af5b-492a-a370-4bb1c9b61e1a{ip: 192.168.5.166, host: pr-hdds-1868-fg6nx-4263576025, networkLocation: /default-rack, certSerialId: null}, Type:RATIS, Factor:ONE, State:OPEN] moved to OPEN state
2019-10-09 23:59:02,923 [cecef735-5786-42df-85c6-70e235beb44e@group-ACD0FD936F00-LeaderElection45] INFO  impl.RoleInfo (RoleInfo.java:updateAndGet(143)) - cecef735-5786-42df-85c6-70e235beb44e: start LeaderState
2019-10-09 23:59:02,923 [f64468a6-af5b-492a-a370-4bb1c9b61e1a@group-FE0EAF358322-LeaderElection47] INFO  impl.RoleInfo (RoleInfo.java:updateAndGet(143)) - f64468a6-af5b-492a-a370-4bb1c9b61e1a: start LeaderState
2019-10-09 23:59:02,923 [e93d3519-60bf-4589-bc84-68859d642e36@group-373F9679764C-LeaderElection46] INFO  impl.RoleInfo (RoleInfo.java:updateAndGet(143)) - e93d3519-60bf-4589-bc84-68859d642e36: start LeaderState
2019-10-09 23:59:02,924 [e93d3519-60bf-4589-bc84-68859d642e36@group-373F9679764C-LeaderElection46] INFO  segmented.SegmentedRaftLogWorker (SegmentedRaftLogWorker.java:startLogSegment(385)) - e93d3519-60bf-4589-bc84-68859d642e36@group-373F9679764C-SegmentedRaftLogWorker: Starting segment from index:0
2019-10-09 23:59:02,924 [cecef735-5786-42df-85c6-70e235beb44e@group-ACD0FD936F00-LeaderElection45] INFO  segmented.SegmentedRaftLogWorker (SegmentedRaftLogWorker.java:startLogSegment(385)) - cecef735-5786-42df-85c6-70e235beb44e@group-ACD0FD936F00-SegmentedRaftLogWorker: Starting segment from index:0
2019-10-09 23:59:02,924 [f64468a6-af5b-492a-a370-4bb1c9b61e1a@group-FE0EAF358322-LeaderElection47] INFO  segmented.SegmentedRaftLogWorker (SegmentedRaftLogWorker.java:startLogSegment(385)) - f64468a6-af5b-492a-a370-4bb1c9b61e1a@group-FE0EAF358322-SegmentedRaftLogWorker: Starting segment from index:0
2019-10-09 23:59:02,924 [e93d3519-60bf-4589-bc84-68859d642e36@group-373F9679764C-LeaderElection46] INFO  impl.RaftServerImpl (ServerState.java:setRaftConf(356)) - e93d3519-60bf-4589-bc84-68859d642e36@group-373F9679764C: set configuration 0: [e93d3519-60bf-4589-bc84-68859d642e36:192.168.5.166:45035], old=null at 0
2019-10-09 23:59:02,925 [cecef735-5786-42df-85c6-70e235beb44e@group-ACD0FD936F00-LeaderElection45] INFO  impl.RaftServerImpl (ServerState.java:setRaftConf(356)) - cecef735-5786-42df-85c6-70e235beb44e@group-ACD0FD936F00: set configuration 0: [cecef735-5786-42df-85c6-70e235beb44e:192.168.5.166:38484], old=null at 0
2019-10-09 23:59:02,925 [f64468a6-af5b-492a-a370-4bb1c9b61e1a@group-FE0EAF358322-LeaderElection47] INFO  impl.RaftServerImpl (ServerState.java:setRaftConf(356)) - f64468a6-af5b-492a-a370-4bb1c9b61e1a@group-FE0EAF358322: set configuration 0: [f64468a6-af5b-492a-a370-4bb1c9b61e1a:192.168.5.166:34418], old=null at 0
2019-10-09 23:59:02,929 [Thread-2466] INFO  impl.FollowerState (FollowerState.java:run(108)) - c9bf6877-9cff-4b98-8a8e-7003cb757ecd@group-3F82C27158C6-FollowerState: change to CANDIDATE, lastRpcTime:5151ms, electionTimeout:5151ms
2019-10-09 23:59:02,929 [Thread-2466] INFO  impl.RoleInfo (RoleInfo.java:shutdownFollowerState(121)) - c9bf6877-9cff-4b98-8a8e-7003cb757ecd: shutdown FollowerState
2019-10-09 23:59:02,929 [Thread-2466] INFO  impl.RaftServerImpl (RaftServerImpl.java:setRole(170)) - c9bf6877-9cff-4b98-8a8e-7003cb757ecd@group-3F82C27158C6: changes role from  FOLLOWER to CANDIDATE at term 0 for changeToCandidate
2019-10-09 23:59:02,929 [Thread-2466] INFO  impl.RoleInfo (RoleInfo.java:updateAndGet(143)) - c9bf6877-9cff-4b98-8a8e-7003cb757ecd: start LeaderElection
2019-10-09 23:59:02,968 [Thread-2476] INFO  impl.FollowerState (FollowerState.java:run(108)) - 54603264-c264-4f50-88b1-da12adb68219@group-2D23DE2D2116-FollowerState: change to CANDIDATE, lastRpcTime:5095ms, electionTimeout:5078ms
2019-10-09 23:59:02,969 [Thread-2476] INFO  impl.RoleInfo (RoleInfo.java:shutdownFollowerState(121)) - 54603264-c264-4f50-88b1-da12adb68219: shutdown FollowerState
2019-10-09 23:59:02,969 [Thread-2476] INFO  impl.RaftServerImpl (RaftServerImpl.java:setRole(170)) - 54603264-c264-4f50-88b1-da12adb68219@group-2D23DE2D2116: changes role from  FOLLOWER to CANDIDATE at term 0 for changeToCandidate
2019-10-09 23:59:02,969 [Thread-2476] INFO  impl.RoleInfo (RoleInfo.java:updateAndGet(143)) - 54603264-c264-4f50-88b1-da12adb68219: start LeaderElection
2019-10-09 23:59:02,981 [cecef735-5786-42df-85c6-70e235beb44e@group-ACD0FD936F00-SegmentedRaftLogWorker] INFO  segmented.SegmentedRaftLogWorker (SegmentedRaftLogWorker.java:execute(576)) - cecef735-5786-42df-85c6-70e235beb44e@group-ACD0FD936F00-SegmentedRaftLogWorker: created new log segment /workdir/hadoop-ozone/integration-test/target/test-dir/MiniOzoneClusterImpl-634ea9de-4d33-4471-86dd-709c178a0057/datanode-4/data/ratis/fc0fe500-c43e-465c-946f-acd0fd936f00/current/log_inprogress_0
2019-10-09 23:59:02,981 [c9bf6877-9cff-4b98-8a8e-7003cb757ecd@group-3F82C27158C6-LeaderElection48] INFO  impl.LeaderElection (LeaderElection.java:askForVotes(178)) - c9bf6877-9cff-4b98-8a8e-7003cb757ecd@group-3F82C27158C6-LeaderElection48: begin an election at term 1 for -1: [c9bf6877-9cff-4b98-8a8e-7003cb757ecd:192.168.5.166:44297], old=null
2019-10-09 23:59:02,981 [54603264-c264-4f50-88b1-da12adb68219@group-2D23DE2D2116-LeaderElection49] INFO  impl.LeaderElection (LeaderElection.java:askForVotes(178)) - 54603264-c264-4f50-88b1-da12adb68219@group-2D23DE2D2116-LeaderElection49: begin an election at term 1 for -1: [54603264-c264-4f50-88b1-da12adb68219:192.168.5.166:35382], old=null
2019-10-09 23:59:02,981 [f64468a6-af5b-492a-a370-4bb1c9b61e1a@group-FE0EAF358322-SegmentedRaftLogWorker] INFO  segmented.SegmentedRaftLogWorker (SegmentedRaftLogWorker.java:execute(576)) - f64468a6-af5b-492a-a370-4bb1c9b61e1a@group-FE0EAF358322-SegmentedRaftLogWorker: created new log segment /workdir/hadoop-ozone/integration-test/target/test-dir/MiniOzoneClusterImpl-634ea9de-4d33-4471-86dd-709c178a0057/datanode-6/data/ratis/dc1fa0dd-7d1d-4761-8440-fe0eaf358322/current/log_inprogress_0
2019-10-09 23:59:02,981 [e93d3519-60bf-4589-bc84-68859d642e36@group-373F9679764C-SegmentedRaftLogWorker] INFO  segmented.SegmentedRaftLogWorker (SegmentedRaftLogWorker.java:execute(576)) - e93d3519-60bf-4589-bc84-68859d642e36@group-373F9679764C-SegmentedRaftLogWorker: created new log segment /workdir/hadoop-ozone/integration-test/target/test-dir/MiniOzoneClusterImpl-634ea9de-4d33-4471-86dd-709c178a0057/datanode-5/data/ratis/306f4a61-2f18-430a-b9aa-373f9679764c/current/log_inprogress_0
2019-10-09 23:59:02,981 [54603264-c264-4f50-88b1-da12adb68219@group-2D23DE2D2116-LeaderElection49] INFO  impl.RoleInfo (RoleInfo.java:shutdownLeaderElection(134)) - 54603264-c264-4f50-88b1-da12adb68219: shutdown LeaderElection
2019-10-09 23:59:02,981 [c9bf6877-9cff-4b98-8a8e-7003cb757ecd@group-3F82C27158C6-LeaderElection48] INFO  impl.RoleInfo (RoleInfo.java:shutdownLeaderElection(134)) - c9bf6877-9cff-4b98-8a8e-7003cb757ecd: shutdown LeaderElection
2019-10-09 23:59:02,982 [54603264-c264-4f50-88b1-da12adb68219@group-2D23DE2D2116-LeaderElection49] INFO  impl.RaftServerImpl (RaftServerImpl.java:setRole(170)) - 54603264-c264-4f50-88b1-da12adb68219@group-2D23DE2D2116: changes role from CANDIDATE to LEADER at term 1 for changeToLeader
2019-10-09 23:59:02,982 [c9bf6877-9cff-4b98-8a8e-7003cb757ecd@group-3F82C27158C6-LeaderElection48] INFO  impl.RaftServerImpl (RaftServerImpl.java:setRole(170)) - c9bf6877-9cff-4b98-8a8e-7003cb757ecd@group-3F82C27158C6: changes role from CANDIDATE to LEADER at term 1 for changeToLeader
2019-10-09 23:59:02,982 [54603264-c264-4f50-88b1-da12adb68219@group-2D23DE2D2116-LeaderElection49] INFO  ratis.XceiverServerRatis (XceiverServerRatis.java:handleLeaderChangedNotification(702)) - Leader change notification received for group: group-2D23DE2D2116 with new leaderId: 54603264-c264-4f50-88b1-da12adb68219
2019-10-09 23:59:02,982 [c9bf6877-9cff-4b98-8a8e-7003cb757ecd@group-3F82C27158C6-LeaderElection48] INFO  ratis.XceiverServerRatis (XceiverServerRatis.java:handleLeaderChangedNotification(702)) - Leader change notification received for group: group-3F82C27158C6 with new leaderId: c9bf6877-9cff-4b98-8a8e-7003cb757ecd
2019-10-09 23:59:02,987 [54603264-c264-4f50-88b1-da12adb68219@group-2D23DE2D2116-LeaderElection49] INFO  impl.RaftServerImpl (ServerState.java:setLeader(255)) - 54603264-c264-4f50-88b1-da12adb68219@group-2D23DE2D2116: change Leader from null to 54603264-c264-4f50-88b1-da12adb68219 at term 1 for becomeLeader, leader elected after 5113ms
2019-10-09 23:59:02,990 [c9bf6877-9cff-4b98-8a8e-7003cb757ecd@group-3F82C27158C6-LeaderElection48] INFO  impl.RaftServerImpl (ServerState.java:setLeader(255)) - c9bf6877-9cff-4b98-8a8e-7003cb757ecd@group-3F82C27158C6: change Leader from null to c9bf6877-9cff-4b98-8a8e-7003cb757ecd at term 1 for becomeLeader, leader elected after 5208ms
2019-10-09 23:59:02,990 [54603264-c264-4f50-88b1-da12adb68219@group-2D23DE2D2116-LeaderElection49] INFO  server.RaftServerConfigKeys (ConfUtils.java:logGet(43)) - raft.server.staging.catchup.gap = 1000 (default)
2019-10-09 23:59:02,990 [c9bf6877-9cff-4b98-8a8e-7003cb757ecd@group-3F82C27158C6-LeaderElection48] INFO  server.RaftServerConfigKeys (ConfUtils.java:logGet(43)) - raft.server.staging.catchup.gap = 1000 (default)
2019-10-09 23:59:02,990 [54603264-c264-4f50-88b1-da12adb68219@group-2D23DE2D2116-LeaderElection49] INFO  server.RaftServerConfigKeys (ConfUtils.java:logGet(43)) - raft.server.rpc.sleep.time = 25ms (default)
2019-10-09 23:59:02,990 [c9bf6877-9cff-4b98-8a8e-7003cb757ecd@group-3F82C27158C6-LeaderElection48] INFO  server.RaftServerConfigKeys (ConfUtils.java:logGet(43)) - raft.server.rpc.sleep.time = 25ms (default)
2019-10-09 23:59:02,991 [54603264-c264-4f50-88b1-da12adb68219@group-2D23DE2D2116-LeaderElection49] INFO  server.RaftServerConfigKeys (ConfUtils.java:logGet(43)) - raft.server.write.element-limit = 4096 (default)
2019-10-09 23:59:02,991 [c9bf6877-9cff-4b98-8a8e-7003cb757ecd@group-3F82C27158C6-LeaderElection48] INFO  server.RaftServerConfigKeys (ConfUtils.java:logGet(43)) - raft.server.write.element-limit = 4096 (default)
2019-10-09 23:59:02,991 [54603264-c264-4f50-88b1-da12adb68219@group-2D23DE2D2116-LeaderElection49] INFO  server.RaftServerConfigKeys (ConfUtils.java:logGet(43)) - raft.server.watch.timeout = 10s (default)
2019-10-09 23:59:02,991 [EventQueue-PipelineReportForPipelineReportHandler] INFO  pipeline.PipelineReportHandler (PipelineReportHandler.java:processPipelineReport(119)) - Pipeline PipelineID=5af07fc5-0580-41b8-8c9a-3f82c27158c6 reported by c9bf6877-9cff-4b98-8a8e-7003cb757ecd{ip: 192.168.5.166, host: pr-hdds-1868-fg6nx-4263576025, networkLocation: /default-rack, certSerialId: null} with leaderId c9bf6877-9cff-4b98-8a8e-7003cb757ecd
2019-10-09 23:59:02,991 [54603264-c264-4f50-88b1-da12adb68219@group-2D23DE2D2116-LeaderElection49] INFO  server.RaftServerConfigKeys (ConfUtils.java:logGet(43)) - raft.server.watch.timeout.denomination = 1s (default)
2019-10-09 23:59:02,991 [EventQueue-PipelineReportForPipelineReportHandler] INFO  pipeline.PipelineStateManager (PipelineStateManager.java:openPipeline(136)) - Pipeline Pipeline[ Id: 5af07fc5-0580-41b8-8c9a-3f82c27158c6, Nodes: c9bf6877-9cff-4b98-8a8e-7003cb757ecd{ip: 192.168.5.166, host: pr-hdds-1868-fg6nx-4263576025, networkLocation: /default-rack, certSerialId: null}, Type:RATIS, Factor:ONE, State:OPEN] moved to OPEN state
2019-10-09 23:59:02,991 [c9bf6877-9cff-4b98-8a8e-7003cb757ecd@group-3F82C27158C6-LeaderElection48] INFO  server.RaftServerConfigKeys (ConfUtils.java:logGet(43)) - raft.server.watch.timeout = 10s (default)
2019-10-09 23:59:02,991 [EventQueue-PipelineReportForPipelineReportHandler] INFO  pipeline.PipelineReportHandler (PipelineReportHandler.java:processPipelineReport(119)) - Pipeline PipelineID=7f5ba234-2c60-4fb4-afde-4aa4d358e024 reported by c9bf6877-9cff-4b98-8a8e-7003cb757ecd{ip: 192.168.5.166, host: pr-hdds-1868-fg6nx-4263576025, networkLocation: /default-rack, certSerialId: null} with leaderId 
2019-10-09 23:59:02,991 [54603264-c264-4f50-88b1-da12adb68219@group-2D23DE2D2116-LeaderElection49] INFO  server.RaftServerConfigKeys (ConfUtils.java:logGet(43)) - raft.server.watch.element-limit = 65536 (default)
2019-10-09 23:59:02,991 [EventQueue-PipelineReportForPipelineReportHandler] INFO  pipeline.PipelineReportHandler (PipelineReportHandler.java:processPipelineReport(119)) - Pipeline PipelineID=07532725-0a4d-483d-9f7b-2d23de2d2116 reported by 54603264-c264-4f50-88b1-da12adb68219{ip: 192.168.5.166, host: pr-hdds-1868-fg6nx-4263576025, networkLocation: /default-rack, certSerialId: null} with leaderId 54603264-c264-4f50-88b1-da12adb68219
2019-10-09 23:59:02,991 [c9bf6877-9cff-4b98-8a8e-7003cb757ecd@group-3F82C27158C6-LeaderElection48] INFO  server.RaftServerConfigKeys (ConfUtils.java:logGet(43)) - raft.server.watch.timeout.denomination = 1s (default)
2019-10-09 23:59:02,992 [EventQueue-PipelineReportForPipelineReportHandler] INFO  pipeline.PipelineStateManager (PipelineStateManager.java:openPipeline(136)) - Pipeline Pipeline[ Id: 07532725-0a4d-483d-9f7b-2d23de2d2116, Nodes: 54603264-c264-4f50-88b1-da12adb68219{ip: 192.168.5.166, host: pr-hdds-1868-fg6nx-4263576025, networkLocation: /default-rack, certSerialId: null}, Type:RATIS, Factor:ONE, State:OPEN] moved to OPEN state
2019-10-09 23:59:02,992 [c9bf6877-9cff-4b98-8a8e-7003cb757ecd@group-3F82C27158C6-LeaderElection48] INFO  server.RaftServerConfigKeys (ConfUtils.java:logGet(43)) - raft.server.watch.element-limit = 65536 (default)
2019-10-09 23:59:02,992 [EventQueue-PipelineReportForPipelineReportHandler] INFO  pipeline.PipelineReportHandler (PipelineReportHandler.java:processPipelineReport(119)) - Pipeline PipelineID=7f5ba234-2c60-4fb4-afde-4aa4d358e024 reported by 54603264-c264-4f50-88b1-da12adb68219{ip: 192.168.5.166, host: pr-hdds-1868-fg6nx-4263576025, networkLocation: /default-rack, certSerialId: null} with leaderId 
2019-10-09 23:59:02,995 [54603264-c264-4f50-88b1-da12adb68219@group-2D23DE2D2116-LeaderElection49] INFO  impl.RoleInfo (RoleInfo.java:updateAndGet(143)) - 54603264-c264-4f50-88b1-da12adb68219: start LeaderState
2019-10-09 23:59:02,996 [c9bf6877-9cff-4b98-8a8e-7003cb757ecd@group-3F82C27158C6-LeaderElection48] INFO  impl.RoleInfo (RoleInfo.java:updateAndGet(143)) - c9bf6877-9cff-4b98-8a8e-7003cb757ecd: start LeaderState
2019-10-09 23:59:02,996 [54603264-c264-4f50-88b1-da12adb68219@group-2D23DE2D2116-LeaderElection49] INFO  segmented.SegmentedRaftLogWorker (SegmentedRaftLogWorker.java:startLogSegment(385)) - 54603264-c264-4f50-88b1-da12adb68219@group-2D23DE2D2116-SegmentedRaftLogWorker: Starting segment from index:0
2019-10-09 23:59:02,996 [c9bf6877-9cff-4b98-8a8e-7003cb757ecd@group-3F82C27158C6-LeaderElection48] INFO  segmented.SegmentedRaftLogWorker (SegmentedRaftLogWorker.java:startLogSegment(385)) - c9bf6877-9cff-4b98-8a8e-7003cb757ecd@group-3F82C27158C6-SegmentedRaftLogWorker: Starting segment from index:0
2019-10-09 23:59:02,996 [54603264-c264-4f50-88b1-da12adb68219@group-2D23DE2D2116-LeaderElection49] INFO  impl.RaftServerImpl (ServerState.java:setRaftConf(356)) - 54603264-c264-4f50-88b1-da12adb68219@group-2D23DE2D2116: set configuration 0: [54603264-c264-4f50-88b1-da12adb68219:192.168.5.166:35382], old=null at 0
2019-10-09 23:59:02,997 [c9bf6877-9cff-4b98-8a8e-7003cb757ecd@group-3F82C27158C6-LeaderElection48] INFO  impl.RaftServerImpl (ServerState.java:setRaftConf(356)) - c9bf6877-9cff-4b98-8a8e-7003cb757ecd@group-3F82C27158C6: set configuration 0: [c9bf6877-9cff-4b98-8a8e-7003cb757ecd:192.168.5.166:44297], old=null at 0
2019-10-09 23:59:03,036 [c9bf6877-9cff-4b98-8a8e-7003cb757ecd@group-3F82C27158C6-SegmentedRaftLogWorker] INFO  segmented.SegmentedRaftLogWorker (SegmentedRaftLogWorker.java:execute(576)) - c9bf6877-9cff-4b98-8a8e-7003cb757ecd@group-3F82C27158C6-SegmentedRaftLogWorker: created new log segment /workdir/hadoop-ozone/integration-test/target/test-dir/MiniOzoneClusterImpl-634ea9de-4d33-4471-86dd-709c178a0057/datanode-0/data/ratis/5af07fc5-0580-41b8-8c9a-3f82c27158c6/current/log_inprogress_0
2019-10-09 23:59:03,036 [54603264-c264-4f50-88b1-da12adb68219@group-2D23DE2D2116-SegmentedRaftLogWorker] INFO  segmented.SegmentedRaftLogWorker (SegmentedRaftLogWorker.java:execute(576)) - 54603264-c264-4f50-88b1-da12adb68219@group-2D23DE2D2116-SegmentedRaftLogWorker: created new log segment /workdir/hadoop-ozone/integration-test/target/test-dir/MiniOzoneClusterImpl-634ea9de-4d33-4471-86dd-709c178a0057/datanode-1/data/ratis/07532725-0a4d-483d-9f7b-2d23de2d2116/current/log_inprogress_0
2019-10-09 23:59:03,062 [Thread-2480] INFO  impl.FollowerState (FollowerState.java:run(108)) - 46c62e6e-4505-4efd-852b-69b3876e4d77@group-AD31694A3C5C-FollowerState: change to CANDIDATE, lastRpcTime:5130ms, electionTimeout:5130ms
2019-10-09 23:59:03,062 [Thread-2480] INFO  impl.RoleInfo (RoleInfo.java:shutdownFollowerState(121)) - 46c62e6e-4505-4efd-852b-69b3876e4d77: shutdown FollowerState
2019-10-09 23:59:03,062 [Thread-2480] INFO  impl.RaftServerImpl (RaftServerImpl.java:setRole(170)) - 46c62e6e-4505-4efd-852b-69b3876e4d77@group-AD31694A3C5C: changes role from  FOLLOWER to CANDIDATE at term 0 for changeToCandidate
2019-10-09 23:59:03,062 [Thread-2480] INFO  impl.RoleInfo (RoleInfo.java:updateAndGet(143)) - 46c62e6e-4505-4efd-852b-69b3876e4d77: start LeaderElection
2019-10-09 23:59:03,076 [46c62e6e-4505-4efd-852b-69b3876e4d77@group-AD31694A3C5C-LeaderElection50] INFO  impl.LeaderElection (LeaderElection.java:askForVotes(178)) - 46c62e6e-4505-4efd-852b-69b3876e4d77@group-AD31694A3C5C-LeaderElection50: begin an election at term 1 for -1: [46c62e6e-4505-4efd-852b-69b3876e4d77:192.168.5.166:39995], old=null
2019-10-09 23:59:03,076 [46c62e6e-4505-4efd-852b-69b3876e4d77@group-AD31694A3C5C-LeaderElection50] INFO  impl.RoleInfo (RoleInfo.java:shutdownLeaderElection(134)) - 46c62e6e-4505-4efd-852b-69b3876e4d77: shutdown LeaderElection
2019-10-09 23:59:03,076 [46c62e6e-4505-4efd-852b-69b3876e4d77@group-AD31694A3C5C-LeaderElection50] INFO  impl.RaftServerImpl (RaftServerImpl.java:setRole(170)) - 46c62e6e-4505-4efd-852b-69b3876e4d77@group-AD31694A3C5C: changes role from CANDIDATE to LEADER at term 1 for changeToLeader
2019-10-09 23:59:03,076 [46c62e6e-4505-4efd-852b-69b3876e4d77@group-AD31694A3C5C-LeaderElection50] INFO  ratis.XceiverServerRatis (XceiverServerRatis.java:handleLeaderChangedNotification(702)) - Leader change notification received for group: group-AD31694A3C5C with new leaderId: 46c62e6e-4505-4efd-852b-69b3876e4d77
2019-10-09 23:59:03,080 [46c62e6e-4505-4efd-852b-69b3876e4d77@group-AD31694A3C5C-LeaderElection50] INFO  impl.RaftServerImpl (ServerState.java:setLeader(255)) - 46c62e6e-4505-4efd-852b-69b3876e4d77@group-AD31694A3C5C: change Leader from null to 46c62e6e-4505-4efd-852b-69b3876e4d77 at term 1 for becomeLeader, leader elected after 5150ms
2019-10-09 23:59:03,080 [46c62e6e-4505-4efd-852b-69b3876e4d77@group-AD31694A3C5C-LeaderElection50] INFO  server.RaftServerConfigKeys (ConfUtils.java:logGet(43)) - raft.server.staging.catchup.gap = 1000 (default)
2019-10-09 23:59:03,080 [46c62e6e-4505-4efd-852b-69b3876e4d77@group-AD31694A3C5C-LeaderElection50] INFO  server.RaftServerConfigKeys (ConfUtils.java:logGet(43)) - raft.server.rpc.sleep.time = 25ms (default)
2019-10-09 23:59:03,081 [46c62e6e-4505-4efd-852b-69b3876e4d77@group-AD31694A3C5C-LeaderElection50] INFO  server.RaftServerConfigKeys (ConfUtils.java:logGet(43)) - raft.server.write.element-limit = 4096 (default)
2019-10-09 23:59:03,081 [46c62e6e-4505-4efd-852b-69b3876e4d77@group-AD31694A3C5C-LeaderElection50] INFO  server.RaftServerConfigKeys (ConfUtils.java:logGet(43)) - raft.server.watch.timeout = 10s (default)
2019-10-09 23:59:03,081 [46c62e6e-4505-4efd-852b-69b3876e4d77@group-AD31694A3C5C-LeaderElection50] INFO  server.RaftServerConfigKeys (ConfUtils.java:logGet(43)) - raft.server.watch.timeout.denomination = 1s (default)
2019-10-09 23:59:03,081 [46c62e6e-4505-4efd-852b-69b3876e4d77@group-AD31694A3C5C-LeaderElection50] INFO  server.RaftServerConfigKeys (ConfUtils.java:logGet(43)) - raft.server.watch.element-limit = 65536 (default)
2019-10-09 23:59:03,081 [EventQueue-PipelineReportForPipelineReportHandler] INFO  pipeline.PipelineReportHandler (PipelineReportHandler.java:processPipelineReport(119)) - Pipeline PipelineID=80d8984b-4ec5-4f68-803f-ad31694a3c5c reported by 46c62e6e-4505-4efd-852b-69b3876e4d77{ip: 192.168.5.166, host: pr-hdds-1868-fg6nx-4263576025, networkLocation: /default-rack, certSerialId: null} with leaderId 46c62e6e-4505-4efd-852b-69b3876e4d77
2019-10-09 23:59:03,081 [EventQueue-PipelineReportForPipelineReportHandler] INFO  pipeline.PipelineStateManager (PipelineStateManager.java:openPipeline(136)) - Pipeline Pipeline[ Id: 80d8984b-4ec5-4f68-803f-ad31694a3c5c, Nodes: 46c62e6e-4505-4efd-852b-69b3876e4d77{ip: 192.168.5.166, host: pr-hdds-1868-fg6nx-4263576025, networkLocation: /default-rack, certSerialId: null}, Type:RATIS, Factor:ONE, State:OPEN] moved to OPEN state
2019-10-09 23:59:03,082 [EventQueue-PipelineReportForPipelineReportHandler] INFO  pipeline.PipelineReportHandler (PipelineReportHandler.java:processPipelineReport(119)) - Pipeline PipelineID=7f5ba234-2c60-4fb4-afde-4aa4d358e024 reported by 46c62e6e-4505-4efd-852b-69b3876e4d77{ip: 192.168.5.166, host: pr-hdds-1868-fg6nx-4263576025, networkLocation: /default-rack, certSerialId: null} with leaderId 
2019-10-09 23:59:03,082 [EventQueue-PipelineReportForPipelineReportHandler] INFO  pipeline.PipelineStateManager (PipelineStateManager.java:openPipeline(136)) - Pipeline Pipeline[ Id: 7f5ba234-2c60-4fb4-afde-4aa4d358e024, Nodes: 46c62e6e-4505-4efd-852b-69b3876e4d77{ip: 192.168.5.166, host: pr-hdds-1868-fg6nx-4263576025, networkLocation: /default-rack, certSerialId: null}c9bf6877-9cff-4b98-8a8e-7003cb757ecd{ip: 192.168.5.166, host: pr-hdds-1868-fg6nx-4263576025, networkLocation: /default-rack, certSerialId: null}54603264-c264-4f50-88b1-da12adb68219{ip: 192.168.5.166, host: pr-hdds-1868-fg6nx-4263576025, networkLocation: /default-rack, certSerialId: null}, Type:RATIS, Factor:THREE, State:OPEN] moved to OPEN state
2019-10-09 23:59:03,083 [46c62e6e-4505-4efd-852b-69b3876e4d77@group-AD31694A3C5C-LeaderElection50] INFO  impl.RoleInfo (RoleInfo.java:updateAndGet(143)) - 46c62e6e-4505-4efd-852b-69b3876e4d77: start LeaderState
2019-10-09 23:59:03,084 [46c62e6e-4505-4efd-852b-69b3876e4d77@group-AD31694A3C5C-LeaderElection50] INFO  segmented.SegmentedRaftLogWorker (SegmentedRaftLogWorker.java:startLogSegment(385)) - 46c62e6e-4505-4efd-852b-69b3876e4d77@group-AD31694A3C5C-SegmentedRaftLogWorker: Starting segment from index:0
2019-10-09 23:59:03,084 [46c62e6e-4505-4efd-852b-69b3876e4d77@group-AD31694A3C5C-LeaderElection50] INFO  impl.RaftServerImpl (ServerState.java:setRaftConf(356)) - 46c62e6e-4505-4efd-852b-69b3876e4d77@group-AD31694A3C5C: set configuration 0: [46c62e6e-4505-4efd-852b-69b3876e4d77:192.168.5.166:39995], old=null at 0
2019-10-09 23:59:03,104 [Thread-2488] INFO  impl.FollowerState (FollowerState.java:run(108)) - cecef735-5786-42df-85c6-70e235beb44e@group-943982CA592A-FollowerState: change to CANDIDATE, lastRpcTime:5052ms, electionTimeout:5052ms
2019-10-09 23:59:03,104 [Thread-2488] INFO  impl.RoleInfo (RoleInfo.java:shutdownFollowerState(121)) - cecef735-5786-42df-85c6-70e235beb44e: shutdown FollowerState
2019-10-09 23:59:03,104 [Thread-2488] INFO  impl.RaftServerImpl (RaftServerImpl.java:setRole(170)) - cecef735-5786-42df-85c6-70e235beb44e@group-943982CA592A: changes role from  FOLLOWER to CANDIDATE at term 0 for changeToCandidate
2019-10-09 23:59:03,104 [Thread-2488] INFO  impl.RoleInfo (RoleInfo.java:updateAndGet(143)) - cecef735-5786-42df-85c6-70e235beb44e: start LeaderElection
2019-10-09 23:59:03,126 [46c62e6e-4505-4efd-852b-69b3876e4d77@group-AD31694A3C5C-SegmentedRaftLogWorker] INFO  segmented.SegmentedRaftLogWorker (SegmentedRaftLogWorker.java:execute(576)) - 46c62e6e-4505-4efd-852b-69b3876e4d77@group-AD31694A3C5C-SegmentedRaftLogWorker: created new log segment /workdir/hadoop-ozone/integration-test/target/test-dir/MiniOzoneClusterImpl-634ea9de-4d33-4471-86dd-709c178a0057/datanode-2/data/ratis/80d8984b-4ec5-4f68-803f-ad31694a3c5c/current/log_inprogress_0
2019-10-09 23:59:03,126 [cecef735-5786-42df-85c6-70e235beb44e@group-943982CA592A-LeaderElection51] INFO  impl.LeaderElection (LeaderElection.java:askForVotes(178)) - cecef735-5786-42df-85c6-70e235beb44e@group-943982CA592A-LeaderElection51: begin an election at term 1 for -1: [5271065f-f953-4651-8fe1-c188370d49d9:192.168.5.166:41788, cecef735-5786-42df-85c6-70e235beb44e:192.168.5.166:38484, e93d3519-60bf-4589-bc84-68859d642e36:192.168.5.166:45035], old=null
2019-10-09 23:59:03,156 [grpc-default-executor-4] INFO  impl.RaftServerImpl (RaftServerImpl.java:setRole(170)) - 5271065f-f953-4651-8fe1-c188370d49d9@group-943982CA592A: changes role from  FOLLOWER to FOLLOWER at term 1 for recognizeCandidate:cecef735-5786-42df-85c6-70e235beb44e
2019-10-09 23:59:03,156 [grpc-default-executor-5] INFO  impl.RaftServerImpl (RaftServerImpl.java:setRole(170)) - e93d3519-60bf-4589-bc84-68859d642e36@group-943982CA592A: changes role from  FOLLOWER to FOLLOWER at term 1 for recognizeCandidate:cecef735-5786-42df-85c6-70e235beb44e
2019-10-09 23:59:03,156 [grpc-default-executor-4] INFO  impl.RoleInfo (RoleInfo.java:shutdownFollowerState(121)) - 5271065f-f953-4651-8fe1-c188370d49d9: shutdown FollowerState
2019-10-09 23:59:03,156 [grpc-default-executor-5] INFO  impl.RoleInfo (RoleInfo.java:shutdownFollowerState(121)) - e93d3519-60bf-4589-bc84-68859d642e36: shutdown FollowerState
2019-10-09 23:59:03,156 [Thread-2490] INFO  impl.FollowerState (FollowerState.java:run(117)) - 5271065f-f953-4651-8fe1-c188370d49d9@group-943982CA592A-FollowerState was interrupted: java.lang.InterruptedException: sleep interrupted
2019-10-09 23:59:03,156 [grpc-default-executor-4] INFO  impl.RoleInfo (RoleInfo.java:updateAndGet(143)) - 5271065f-f953-4651-8fe1-c188370d49d9: start FollowerState
2019-10-09 23:59:03,157 [Thread-2489] INFO  impl.FollowerState (FollowerState.java:run(117)) - e93d3519-60bf-4589-bc84-68859d642e36@group-943982CA592A-FollowerState was interrupted: java.lang.InterruptedException: sleep interrupted
2019-10-09 23:59:03,157 [grpc-default-executor-5] INFO  impl.RoleInfo (RoleInfo.java:updateAndGet(143)) - e93d3519-60bf-4589-bc84-68859d642e36: start FollowerState
2019-10-09 23:59:03,182 [cecef735-5786-42df-85c6-70e235beb44e@group-943982CA592A-LeaderElection51] INFO  impl.LeaderElection (LeaderElection.java:logAndReturn(56)) - cecef735-5786-42df-85c6-70e235beb44e@group-943982CA592A-LeaderElection51: Election PASSED; received 1 response(s) [cecef735-5786-42df-85c6-70e235beb44e<-5271065f-f953-4651-8fe1-c188370d49d9#0:OK-t1] and 0 exception(s); cecef735-5786-42df-85c6-70e235beb44e@group-943982CA592A:t1, leader=null, voted=cecef735-5786-42df-85c6-70e235beb44e, raftlog=cecef735-5786-42df-85c6-70e235beb44e@group-943982CA592A-SegmentedRaftLog:OPENED:c-1,f-1,i0, conf=-1: [5271065f-f953-4651-8fe1-c188370d49d9:192.168.5.166:41788, cecef735-5786-42df-85c6-70e235beb44e:192.168.5.166:38484, e93d3519-60bf-4589-bc84-68859d642e36:192.168.5.166:45035], old=null
2019-10-09 23:59:03,182 [cecef735-5786-42df-85c6-70e235beb44e@group-943982CA592A-LeaderElection51] INFO  impl.RoleInfo (RoleInfo.java:shutdownLeaderElection(134)) - cecef735-5786-42df-85c6-70e235beb44e: shutdown LeaderElection
2019-10-09 23:59:03,183 [cecef735-5786-42df-85c6-70e235beb44e@group-943982CA592A-LeaderElection51] INFO  impl.RaftServerImpl (RaftServerImpl.java:setRole(170)) - cecef735-5786-42df-85c6-70e235beb44e@group-943982CA592A: changes role from CANDIDATE to LEADER at term 1 for changeToLeader
2019-10-09 23:59:03,183 [cecef735-5786-42df-85c6-70e235beb44e@group-943982CA592A-LeaderElection51] INFO  ratis.XceiverServerRatis (XceiverServerRatis.java:handleLeaderChangedNotification(702)) - Leader change notification received for group: group-943982CA592A with new leaderId: cecef735-5786-42df-85c6-70e235beb44e
2019-10-09 23:59:03,183 [cecef735-5786-42df-85c6-70e235beb44e@group-943982CA592A-LeaderElection51] INFO  impl.RaftServerImpl (ServerState.java:setLeader(255)) - cecef735-5786-42df-85c6-70e235beb44e@group-943982CA592A: change Leader from null to cecef735-5786-42df-85c6-70e235beb44e at term 1 for becomeLeader, leader elected after 5140ms
2019-10-09 23:59:03,183 [cecef735-5786-42df-85c6-70e235beb44e@group-943982CA592A-LeaderElection51] INFO  server.RaftServerConfigKeys (ConfUtils.java:logGet(43)) - raft.server.staging.catchup.gap = 1000 (default)
2019-10-09 23:59:03,183 [cecef735-5786-42df-85c6-70e235beb44e@group-943982CA592A-LeaderElection51] INFO  server.RaftServerConfigKeys (ConfUtils.java:logGet(43)) - raft.server.rpc.sleep.time = 25ms (default)
2019-10-09 23:59:03,184 [cecef735-5786-42df-85c6-70e235beb44e@group-943982CA592A-LeaderElection51] INFO  server.RaftServerConfigKeys (ConfUtils.java:logGet(43)) - raft.server.write.element-limit = 4096 (default)
2019-10-09 23:59:03,184 [cecef735-5786-42df-85c6-70e235beb44e@group-943982CA592A-LeaderElection51] INFO  server.RaftServerConfigKeys (ConfUtils.java:logGet(43)) - raft.server.watch.timeout = 10s (default)
2019-10-09 23:59:03,184 [cecef735-5786-42df-85c6-70e235beb44e@group-943982CA592A-LeaderElection51] INFO  server.RaftServerConfigKeys (ConfUtils.java:logGet(43)) - raft.server.watch.timeout.denomination = 1s (default)
2019-10-09 23:59:03,184 [EventQueue-PipelineReportForPipelineReportHandler] INFO  pipeline.PipelineReportHandler (PipelineReportHandler.java:processPipelineReport(119)) - Pipeline PipelineID=6b0eb87f-4af7-4e12-b355-943982ca592a reported by cecef735-5786-42df-85c6-70e235beb44e{ip: 192.168.5.166, host: pr-hdds-1868-fg6nx-4263576025, networkLocation: /default-rack, certSerialId: null} with leaderId cecef735-5786-42df-85c6-70e235beb44e
2019-10-09 23:59:03,184 [cecef735-5786-42df-85c6-70e235beb44e@group-943982CA592A-LeaderElection51] INFO  server.RaftServerConfigKeys (ConfUtils.java:logGet(43)) - raft.server.watch.element-limit = 65536 (default)
2019-10-09 23:59:03,186 [cecef735-5786-42df-85c6-70e235beb44e@group-943982CA592A-LeaderElection51] INFO  server.RaftServerConfigKeys (ConfUtils.java:logGet(43)) - raft.server.log.appender.snapshot.chunk.size.max = 16MB (=16777216) (default)
2019-10-09 23:59:03,187 [cecef735-5786-42df-85c6-70e235beb44e@group-943982CA592A-LeaderElection51] INFO  server.RaftServerConfigKeys (ConfUtils.java:logGet(43)) - raft.server.log.appender.buffer.byte-limit = 33554432 (custom)
2019-10-09 23:59:03,187 [cecef735-5786-42df-85c6-70e235beb44e@group-943982CA592A-LeaderElection51] INFO  server.RaftServerConfigKeys (ConfUtils.java:logGet(43)) - raft.server.log.appender.buffer.element-limit = 1 (custom)
2019-10-09 23:59:03,187 [cecef735-5786-42df-85c6-70e235beb44e@group-943982CA592A-LeaderElection51] INFO  grpc.GrpcConfigKeys$Server (ConfUtils.java:logGet(43)) - raft.grpc.server.leader.outstanding.appends.max = 128 (default)
2019-10-09 23:59:03,187 [cecef735-5786-42df-85c6-70e235beb44e@group-943982CA592A-LeaderElection51] INFO  server.RaftServerConfigKeys (ConfUtils.java:logGet(43)) - raft.server.rpc.request.timeout = 3000ms (default)
2019-10-09 23:59:03,187 [cecef735-5786-42df-85c6-70e235beb44e@group-943982CA592A-LeaderElection51] INFO  server.RaftServerConfigKeys (ConfUtils.java:logGet(43)) - raft.server.log.appender.install.snapshot.enabled = false (custom)
2019-10-09 23:59:03,188 [cecef735-5786-42df-85c6-70e235beb44e@group-943982CA592A-LeaderElection51] INFO  server.RaftServerConfigKeys (ConfUtils.java:logGet(43)) - raft.server.log.appender.snapshot.chunk.size.max = 16MB (=16777216) (default)
2019-10-09 23:59:03,188 [cecef735-5786-42df-85c6-70e235beb44e@group-943982CA592A-LeaderElection51] INFO  server.RaftServerConfigKeys (ConfUtils.java:logGet(43)) - raft.server.log.appender.buffer.byte-limit = 33554432 (custom)
2019-10-09 23:59:03,188 [cecef735-5786-42df-85c6-70e235beb44e@group-943982CA592A-LeaderElection51] INFO  server.RaftServerConfigKeys (ConfUtils.java:logGet(43)) - raft.server.log.appender.buffer.element-limit = 1 (custom)
2019-10-09 23:59:03,188 [cecef735-5786-42df-85c6-70e235beb44e@group-943982CA592A-LeaderElection51] INFO  grpc.GrpcConfigKeys$Server (ConfUtils.java:logGet(43)) - raft.grpc.server.leader.outstanding.appends.max = 128 (default)
2019-10-09 23:59:03,189 [cecef735-5786-42df-85c6-70e235beb44e@group-943982CA592A-LeaderElection51] INFO  server.RaftServerConfigKeys (ConfUtils.java:logGet(43)) - raft.server.rpc.request.timeout = 3000ms (default)
2019-10-09 23:59:03,189 [cecef735-5786-42df-85c6-70e235beb44e@group-943982CA592A-LeaderElection51] INFO  server.RaftServerConfigKeys (ConfUtils.java:logGet(43)) - raft.server.log.appender.install.snapshot.enabled = false (custom)
2019-10-09 23:59:03,189 [cecef735-5786-42df-85c6-70e235beb44e@group-943982CA592A-LeaderElection51] INFO  impl.RoleInfo (RoleInfo.java:updateAndGet(143)) - cecef735-5786-42df-85c6-70e235beb44e: start LeaderState
2019-10-09 23:59:03,189 [cecef735-5786-42df-85c6-70e235beb44e@group-943982CA592A-LeaderElection51] INFO  segmented.SegmentedRaftLogWorker (SegmentedRaftLogWorker.java:startLogSegment(385)) - cecef735-5786-42df-85c6-70e235beb44e@group-943982CA592A-SegmentedRaftLogWorker: Starting segment from index:0
2019-10-09 23:59:03,190 [cecef735-5786-42df-85c6-70e235beb44e@group-943982CA592A-LeaderElection51] INFO  impl.RaftServerImpl (ServerState.java:setRaftConf(356)) - cecef735-5786-42df-85c6-70e235beb44e@group-943982CA592A: set configuration 0: [5271065f-f953-4651-8fe1-c188370d49d9:192.168.5.166:41788, cecef735-5786-42df-85c6-70e235beb44e:192.168.5.166:38484, e93d3519-60bf-4589-bc84-68859d642e36:192.168.5.166:45035], old=null at 0
2019-10-09 23:59:03,228 [main] INFO  ozone.MiniOzoneClusterImpl (MiniOzoneClusterImpl.java:lambda$waitForClusterToBeReady$2(164)) - Waiting for 2 number of pipelines out of 9, to report a leader.
2019-10-09 23:59:03,229 [grpc-default-executor-5] INFO  ratis.XceiverServerRatis (XceiverServerRatis.java:handleLeaderChangedNotification(702)) - Leader change notification received for group: group-943982CA592A with new leaderId: cecef735-5786-42df-85c6-70e235beb44e
2019-10-09 23:59:03,229 [grpc-default-executor-5] INFO  impl.RaftServerImpl (ServerState.java:setLeader(255)) - e93d3519-60bf-4589-bc84-68859d642e36@group-943982CA592A: change Leader from null to cecef735-5786-42df-85c6-70e235beb44e at term 1 for appendEntries, leader elected after 5187ms
2019-10-09 23:59:03,230 [grpc-default-executor-4] INFO  ratis.XceiverServerRatis (XceiverServerRatis.java:handleLeaderChangedNotification(702)) - Leader change notification received for group: group-943982CA592A with new leaderId: cecef735-5786-42df-85c6-70e235beb44e
2019-10-09 23:59:03,236 [grpc-default-executor-4] INFO  impl.RaftServerImpl (ServerState.java:setLeader(255)) - 5271065f-f953-4651-8fe1-c188370d49d9@group-943982CA592A: change Leader from null to cecef735-5786-42df-85c6-70e235beb44e at term 1 for appendEntries, leader elected after 5187ms
2019-10-09 23:59:03,237 [EventQueue-PipelineReportForPipelineReportHandler] INFO  pipeline.PipelineReportHandler (PipelineReportHandler.java:processPipelineReport(119)) - Pipeline PipelineID=6b0eb87f-4af7-4e12-b355-943982ca592a reported by e93d3519-60bf-4589-bc84-68859d642e36{ip: 192.168.5.166, host: pr-hdds-1868-fg6nx-4263576025, networkLocation: /default-rack, certSerialId: null} with leaderId cecef735-5786-42df-85c6-70e235beb44e
2019-10-09 23:59:03,240 [EventQueue-PipelineReportForPipelineReportHandler] INFO  pipeline.PipelineReportHandler (PipelineReportHandler.java:processPipelineReport(119)) - Pipeline PipelineID=6b0eb87f-4af7-4e12-b355-943982ca592a reported by 5271065f-f953-4651-8fe1-c188370d49d9{ip: 192.168.5.166, host: pr-hdds-1868-fg6nx-4263576025, networkLocation: /default-rack, certSerialId: null} with leaderId cecef735-5786-42df-85c6-70e235beb44e
2019-10-09 23:59:03,240 [EventQueue-PipelineReportForPipelineReportHandler] INFO  pipeline.PipelineStateManager (PipelineStateManager.java:openPipeline(136)) - Pipeline Pipeline[ Id: 6b0eb87f-4af7-4e12-b355-943982ca592a, Nodes: 5271065f-f953-4651-8fe1-c188370d49d9{ip: 192.168.5.166, host: pr-hdds-1868-fg6nx-4263576025, networkLocation: /default-rack, certSerialId: null}e93d3519-60bf-4589-bc84-68859d642e36{ip: 192.168.5.166, host: pr-hdds-1868-fg6nx-4263576025, networkLocation: /default-rack, certSerialId: null}cecef735-5786-42df-85c6-70e235beb44e{ip: 192.168.5.166, host: pr-hdds-1868-fg6nx-4263576025, networkLocation: /default-rack, certSerialId: null}, Type:RATIS, Factor:THREE, State:OPEN] moved to OPEN state
2019-10-09 23:59:03,240 [EventQueue-PipelineReportForPipelineReportHandler] INFO  pipeline.PipelineReportHandler (PipelineReportHandler.java:processPipelineReport(119)) - Pipeline PipelineID=e246736e-bb87-473c-a7c7-ce93fdc5979c reported by 5271065f-f953-4651-8fe1-c188370d49d9{ip: 192.168.5.166, host: pr-hdds-1868-fg6nx-4263576025, networkLocation: /default-rack, certSerialId: null} with leaderId 
2019-10-09 23:59:03,241 [EventQueue-PipelineReportForPipelineReportHandler] INFO  pipeline.PipelineStateManager (PipelineStateManager.java:openPipeline(136)) - Pipeline Pipeline[ Id: e246736e-bb87-473c-a7c7-ce93fdc5979c, Nodes: 5271065f-f953-4651-8fe1-c188370d49d9{ip: 192.168.5.166, host: pr-hdds-1868-fg6nx-4263576025, networkLocation: /default-rack, certSerialId: null}, Type:RATIS, Factor:ONE, State:OPEN] moved to OPEN state
2019-10-09 23:59:03,241 [grpc-default-executor-4] INFO  impl.RaftServerImpl (ServerState.java:setRaftConf(356)) - e93d3519-60bf-4589-bc84-68859d642e36@group-943982CA592A: set configuration 0: [5271065f-f953-4651-8fe1-c188370d49d9:192.168.5.166:41788, cecef735-5786-42df-85c6-70e235beb44e:192.168.5.166:38484, e93d3519-60bf-4589-bc84-68859d642e36:192.168.5.166:45035], old=null at 0
2019-10-09 23:59:03,245 [grpc-default-executor-5] INFO  impl.RaftServerImpl (ServerState.java:setRaftConf(356)) - 5271065f-f953-4651-8fe1-c188370d49d9@group-943982CA592A: set configuration 0: [5271065f-f953-4651-8fe1-c188370d49d9:192.168.5.166:41788, cecef735-5786-42df-85c6-70e235beb44e:192.168.5.166:38484, e93d3519-60bf-4589-bc84-68859d642e36:192.168.5.166:45035], old=null at 0
2019-10-09 23:59:03,245 [grpc-default-executor-4] INFO  segmented.SegmentedRaftLogWorker (SegmentedRaftLogWorker.java:startLogSegment(385)) - e93d3519-60bf-4589-bc84-68859d642e36@group-943982CA592A-SegmentedRaftLogWorker: Starting segment from index:0
2019-10-09 23:59:03,246 [grpc-default-executor-5] INFO  segmented.SegmentedRaftLogWorker (SegmentedRaftLogWorker.java:startLogSegment(385)) - 5271065f-f953-4651-8fe1-c188370d49d9@group-943982CA592A-SegmentedRaftLogWorker: Starting segment from index:0
2019-10-09 23:59:03,252 [cecef735-5786-42df-85c6-70e235beb44e@group-943982CA592A-SegmentedRaftLogWorker] INFO  segmented.SegmentedRaftLogWorker (SegmentedRaftLogWorker.java:execute(576)) - cecef735-5786-42df-85c6-70e235beb44e@group-943982CA592A-SegmentedRaftLogWorker: created new log segment /workdir/hadoop-ozone/integration-test/target/test-dir/MiniOzoneClusterImpl-634ea9de-4d33-4471-86dd-709c178a0057/datanode-4/data/ratis/6b0eb87f-4af7-4e12-b355-943982ca592a/current/log_inprogress_0
2019-10-09 23:59:03,261 [Thread-2502] INFO  impl.FollowerState (FollowerState.java:run(108)) - 54603264-c264-4f50-88b1-da12adb68219@group-4AA4D358E024-FollowerState: change to CANDIDATE, lastRpcTime:5051ms, electionTimeout:5051ms
2019-10-09 23:59:03,262 [Thread-2502] INFO  impl.RoleInfo (RoleInfo.java:shutdownFollowerState(121)) - 54603264-c264-4f50-88b1-da12adb68219: shutdown FollowerState
2019-10-09 23:59:03,262 [Thread-2502] INFO  impl.RaftServerImpl (RaftServerImpl.java:setRole(170)) - 54603264-c264-4f50-88b1-da12adb68219@group-4AA4D358E024: changes role from  FOLLOWER to CANDIDATE at term 0 for changeToCandidate
2019-10-09 23:59:03,262 [Thread-2502] INFO  impl.RoleInfo (RoleInfo.java:updateAndGet(143)) - 54603264-c264-4f50-88b1-da12adb68219: start LeaderElection
2019-10-09 23:59:03,285 [Thread-2500] INFO  impl.FollowerState (FollowerState.java:run(108)) - 46c62e6e-4505-4efd-852b-69b3876e4d77@group-4AA4D358E024-FollowerState: change to CANDIDATE, lastRpcTime:5078ms, electionTimeout:5073ms
2019-10-09 23:59:03,285 [Thread-2500] INFO  impl.RoleInfo (RoleInfo.java:shutdownFollowerState(121)) - 46c62e6e-4505-4efd-852b-69b3876e4d77: shutdown FollowerState
2019-10-09 23:59:03,285 [Thread-2500] INFO  impl.RaftServerImpl (RaftServerImpl.java:setRole(170)) - 46c62e6e-4505-4efd-852b-69b3876e4d77@group-4AA4D358E024: changes role from  FOLLOWER to CANDIDATE at term 0 for changeToCandidate
2019-10-09 23:59:03,285 [Thread-2500] INFO  impl.RoleInfo (RoleInfo.java:updateAndGet(143)) - 46c62e6e-4505-4efd-852b-69b3876e4d77: start LeaderElection
2019-10-09 23:59:03,292 [Thread-2508] INFO  impl.FollowerState (FollowerState.java:run(108)) - 5271065f-f953-4651-8fe1-c188370d49d9@group-CE93FDC5979C-FollowerState: change to CANDIDATE, lastRpcTime:5024ms, electionTimeout:5024ms
2019-10-09 23:59:03,292 [Thread-2508] INFO  impl.RoleInfo (RoleInfo.java:shutdownFollowerState(121)) - 5271065f-f953-4651-8fe1-c188370d49d9: shutdown FollowerState
2019-10-09 23:59:03,292 [Thread-2508] INFO  impl.RaftServerImpl (RaftServerImpl.java:setRole(170)) - 5271065f-f953-4651-8fe1-c188370d49d9@group-CE93FDC5979C: changes role from  FOLLOWER to CANDIDATE at term 0 for changeToCandidate
2019-10-09 23:59:03,292 [Thread-2508] INFO  impl.RoleInfo (RoleInfo.java:updateAndGet(143)) - 5271065f-f953-4651-8fe1-c188370d49d9: start LeaderElection
2019-10-09 23:59:03,309 [5271065f-f953-4651-8fe1-c188370d49d9@group-943982CA592A-SegmentedRaftLogWorker] INFO  segmented.SegmentedRaftLogWorker (SegmentedRaftLogWorker.java:execute(576)) - 5271065f-f953-4651-8fe1-c188370d49d9@group-943982CA592A-SegmentedRaftLogWorker: created new log segment /workdir/hadoop-ozone/integration-test/target/test-dir/MiniOzoneClusterImpl-634ea9de-4d33-4471-86dd-709c178a0057/datanode-3/data/ratis/6b0eb87f-4af7-4e12-b355-943982ca592a/current/log_inprogress_0
2019-10-09 23:59:03,309 [e93d3519-60bf-4589-bc84-68859d642e36@group-943982CA592A-SegmentedRaftLogWorker] INFO  segmented.SegmentedRaftLogWorker (SegmentedRaftLogWorker.java:execute(576)) - e93d3519-60bf-4589-bc84-68859d642e36@group-943982CA592A-SegmentedRaftLogWorker: created new log segment /workdir/hadoop-ozone/integration-test/target/test-dir/MiniOzoneClusterImpl-634ea9de-4d33-4471-86dd-709c178a0057/datanode-5/data/ratis/6b0eb87f-4af7-4e12-b355-943982ca592a/current/log_inprogress_0
2019-10-09 23:59:03,310 [54603264-c264-4f50-88b1-da12adb68219@group-4AA4D358E024-LeaderElection52] INFO  impl.LeaderElection (LeaderElection.java:askForVotes(178)) - 54603264-c264-4f50-88b1-da12adb68219@group-4AA4D358E024-LeaderElection52: begin an election at term 1 for -1: [c9bf6877-9cff-4b98-8a8e-7003cb757ecd:192.168.5.166:44297, 54603264-c264-4f50-88b1-da12adb68219:192.168.5.166:35382, 46c62e6e-4505-4efd-852b-69b3876e4d77:192.168.5.166:39995], old=null
2019-10-09 23:59:03,310 [5271065f-f953-4651-8fe1-c188370d49d9@group-CE93FDC5979C-LeaderElection54] INFO  impl.LeaderElection (LeaderElection.java:askForVotes(178)) - 5271065f-f953-4651-8fe1-c188370d49d9@group-CE93FDC5979C-LeaderElection54: begin an election at term 1 for -1: [5271065f-f953-4651-8fe1-c188370d49d9:192.168.5.166:41788], old=null
2019-10-09 23:59:03,310 [46c62e6e-4505-4efd-852b-69b3876e4d77@group-4AA4D358E024-LeaderElection53] INFO  impl.LeaderElection (LeaderElection.java:askForVotes(178)) - 46c62e6e-4505-4efd-852b-69b3876e4d77@group-4AA4D358E024-LeaderElection53: begin an election at term 1 for -1: [c9bf6877-9cff-4b98-8a8e-7003cb757ecd:192.168.5.166:44297, 54603264-c264-4f50-88b1-da12adb68219:192.168.5.166:35382, 46c62e6e-4505-4efd-852b-69b3876e4d77:192.168.5.166:39995], old=null
2019-10-09 23:59:03,310 [5271065f-f953-4651-8fe1-c188370d49d9@group-CE93FDC5979C-LeaderElection54] INFO  impl.RoleInfo (RoleInfo.java:shutdownLeaderElection(134)) - 5271065f-f953-4651-8fe1-c188370d49d9: shutdown LeaderElection
2019-10-09 23:59:03,310 [5271065f-f953-4651-8fe1-c188370d49d9@group-CE93FDC5979C-LeaderElection54] INFO  impl.RaftServerImpl (RaftServerImpl.java:setRole(170)) - 5271065f-f953-4651-8fe1-c188370d49d9@group-CE93FDC5979C: changes role from CANDIDATE to LEADER at term 1 for changeToLeader
2019-10-09 23:59:03,310 [5271065f-f953-4651-8fe1-c188370d49d9@group-CE93FDC5979C-LeaderElection54] INFO  ratis.XceiverServerRatis (XceiverServerRatis.java:handleLeaderChangedNotification(702)) - Leader change notification received for group: group-CE93FDC5979C with new leaderId: 5271065f-f953-4651-8fe1-c188370d49d9
2019-10-09 23:59:03,311 [5271065f-f953-4651-8fe1-c188370d49d9@group-CE93FDC5979C-LeaderElection54] INFO  impl.RaftServerImpl (ServerState.java:setLeader(255)) - 5271065f-f953-4651-8fe1-c188370d49d9@group-CE93FDC5979C: change Leader from null to 5271065f-f953-4651-8fe1-c188370d49d9 at term 1 for becomeLeader, leader elected after 5049ms
2019-10-09 23:59:03,311 [5271065f-f953-4651-8fe1-c188370d49d9@group-CE93FDC5979C-LeaderElection54] INFO  server.RaftServerConfigKeys (ConfUtils.java:logGet(43)) - raft.server.staging.catchup.gap = 1000 (default)
2019-10-09 23:59:03,311 [5271065f-f953-4651-8fe1-c188370d49d9@group-CE93FDC5979C-LeaderElection54] INFO  server.RaftServerConfigKeys (ConfUtils.java:logGet(43)) - raft.server.rpc.sleep.time = 25ms (default)
2019-10-09 23:59:03,312 [5271065f-f953-4651-8fe1-c188370d49d9@group-CE93FDC5979C-LeaderElection54] INFO  server.RaftServerConfigKeys (ConfUtils.java:logGet(43)) - raft.server.write.element-limit = 4096 (default)
2019-10-09 23:59:03,312 [5271065f-f953-4651-8fe1-c188370d49d9@group-CE93FDC5979C-LeaderElection54] INFO  server.RaftServerConfigKeys (ConfUtils.java:logGet(43)) - raft.server.watch.timeout = 10s (default)
2019-10-09 23:59:03,312 [5271065f-f953-4651-8fe1-c188370d49d9@group-CE93FDC5979C-LeaderElection54] INFO  server.RaftServerConfigKeys (ConfUtils.java:logGet(43)) - raft.server.watch.timeout.denomination = 1s (default)
2019-10-09 23:59:03,312 [5271065f-f953-4651-8fe1-c188370d49d9@group-CE93FDC5979C-LeaderElection54] INFO  server.RaftServerConfigKeys (ConfUtils.java:logGet(43)) - raft.server.watch.element-limit = 65536 (default)
2019-10-09 23:59:03,317 [grpc-default-executor-6] INFO  impl.RaftServerImpl (RaftServerImpl.java:setRole(170)) - c9bf6877-9cff-4b98-8a8e-7003cb757ecd@group-4AA4D358E024: changes role from  FOLLOWER to FOLLOWER at term 1 for recognizeCandidate:46c62e6e-4505-4efd-852b-69b3876e4d77
2019-10-09 23:59:03,318 [grpc-default-executor-6] INFO  impl.RoleInfo (RoleInfo.java:shutdownFollowerState(121)) - c9bf6877-9cff-4b98-8a8e-7003cb757ecd: shutdown FollowerState
2019-10-09 23:59:03,318 [grpc-default-executor-6] INFO  impl.RoleInfo (RoleInfo.java:updateAndGet(143)) - c9bf6877-9cff-4b98-8a8e-7003cb757ecd: start FollowerState
2019-10-09 23:59:03,318 [Thread-2501] INFO  impl.FollowerState (FollowerState.java:run(117)) - c9bf6877-9cff-4b98-8a8e-7003cb757ecd@group-4AA4D358E024-FollowerState was interrupted: java.lang.InterruptedException: sleep interrupted
2019-10-09 23:59:03,321 [5271065f-f953-4651-8fe1-c188370d49d9@group-CE93FDC5979C-LeaderElection54] INFO  impl.RoleInfo (RoleInfo.java:updateAndGet(143)) - 5271065f-f953-4651-8fe1-c188370d49d9: start LeaderState
2019-10-09 23:59:03,322 [5271065f-f953-4651-8fe1-c188370d49d9@group-CE93FDC5979C-LeaderElection54] INFO  segmented.SegmentedRaftLogWorker (SegmentedRaftLogWorker.java:startLogSegment(385)) - 5271065f-f953-4651-8fe1-c188370d49d9@group-CE93FDC5979C-SegmentedRaftLogWorker: Starting segment from index:0
2019-10-09 23:59:03,349 [5271065f-f953-4651-8fe1-c188370d49d9@group-CE93FDC5979C-LeaderElection54] INFO  impl.RaftServerImpl (ServerState.java:setRaftConf(356)) - 5271065f-f953-4651-8fe1-c188370d49d9@group-CE93FDC5979C: set configuration 0: [5271065f-f953-4651-8fe1-c188370d49d9:192.168.5.166:41788], old=null at 0
2019-10-09 23:59:03,355 [54603264-c264-4f50-88b1-da12adb68219@group-4AA4D358E024-LeaderElection52] INFO  impl.LeaderElection (LeaderElection.java:logAndReturn(56)) - 54603264-c264-4f50-88b1-da12adb68219@group-4AA4D358E024-LeaderElection52: Election REJECTED; received 2 response(s) [54603264-c264-4f50-88b1-da12adb68219<-c9bf6877-9cff-4b98-8a8e-7003cb757ecd#0:FAIL-t1, 54603264-c264-4f50-88b1-da12adb68219<-46c62e6e-4505-4efd-852b-69b3876e4d77#0:FAIL-t1] and 0 exception(s); 54603264-c264-4f50-88b1-da12adb68219@group-4AA4D358E024:t1, leader=null, voted=54603264-c264-4f50-88b1-da12adb68219, raftlog=54603264-c264-4f50-88b1-da12adb68219@group-4AA4D358E024-SegmentedRaftLog:OPENED:c-1,f-1,i0, conf=-1: [c9bf6877-9cff-4b98-8a8e-7003cb757ecd:192.168.5.166:44297, 54603264-c264-4f50-88b1-da12adb68219:192.168.5.166:35382, 46c62e6e-4505-4efd-852b-69b3876e4d77:192.168.5.166:39995], old=null
2019-10-09 23:59:03,355 [46c62e6e-4505-4efd-852b-69b3876e4d77@group-4AA4D358E024-LeaderElection53] INFO  impl.LeaderElection (LeaderElection.java:logAndReturn(56)) - 46c62e6e-4505-4efd-852b-69b3876e4d77@group-4AA4D358E024-LeaderElection53: Election PASSED; received 2 response(s) [46c62e6e-4505-4efd-852b-69b3876e4d77<-54603264-c264-4f50-88b1-da12adb68219#0:FAIL-t1, 46c62e6e-4505-4efd-852b-69b3876e4d77<-c9bf6877-9cff-4b98-8a8e-7003cb757ecd#0:OK-t1] and 0 exception(s); 46c62e6e-4505-4efd-852b-69b3876e4d77@group-4AA4D358E024:t1, leader=null, voted=46c62e6e-4505-4efd-852b-69b3876e4d77, raftlog=46c62e6e-4505-4efd-852b-69b3876e4d77@group-4AA4D358E024-SegmentedRaftLog:OPENED:c-1,f-1,i0, conf=-1: [c9bf6877-9cff-4b98-8a8e-7003cb757ecd:192.168.5.166:44297, 54603264-c264-4f50-88b1-da12adb68219:192.168.5.166:35382, 46c62e6e-4505-4efd-852b-69b3876e4d77:192.168.5.166:39995], old=null
2019-10-09 23:59:03,355 [54603264-c264-4f50-88b1-da12adb68219@group-4AA4D358E024-LeaderElection52] INFO  impl.RaftServerImpl (RaftServerImpl.java:setRole(170)) - 54603264-c264-4f50-88b1-da12adb68219@group-4AA4D358E024: changes role from CANDIDATE to FOLLOWER at term 1 for DISCOVERED_A_NEW_TERM
2019-10-09 23:59:03,355 [46c62e6e-4505-4efd-852b-69b3876e4d77@group-4AA4D358E024-LeaderElection53] INFO  impl.RoleInfo (RoleInfo.java:shutdownLeaderElection(134)) - 46c62e6e-4505-4efd-852b-69b3876e4d77: shutdown LeaderElection
2019-10-09 23:59:03,356 [54603264-c264-4f50-88b1-da12adb68219@group-4AA4D358E024-LeaderElection52] INFO  impl.RoleInfo (RoleInfo.java:shutdownLeaderElection(134)) - 54603264-c264-4f50-88b1-da12adb68219: shutdown LeaderElection
2019-10-09 23:59:03,356 [46c62e6e-4505-4efd-852b-69b3876e4d77@group-4AA4D358E024-LeaderElection53] INFO  impl.RaftServerImpl (RaftServerImpl.java:setRole(170)) - 46c62e6e-4505-4efd-852b-69b3876e4d77@group-4AA4D358E024: changes role from CANDIDATE to LEADER at term 1 for changeToLeader
2019-10-09 23:59:03,356 [54603264-c264-4f50-88b1-da12adb68219@group-4AA4D358E024-LeaderElection52] INFO  impl.RoleInfo (RoleInfo.java:updateAndGet(143)) - 54603264-c264-4f50-88b1-da12adb68219: start FollowerState
2019-10-09 23:59:03,356 [46c62e6e-4505-4efd-852b-69b3876e4d77@group-4AA4D358E024-LeaderElection53] INFO  ratis.XceiverServerRatis (XceiverServerRatis.java:handleLeaderChangedNotification(702)) - Leader change notification received for group: group-4AA4D358E024 with new leaderId: 46c62e6e-4505-4efd-852b-69b3876e4d77
2019-10-09 23:59:03,356 [46c62e6e-4505-4efd-852b-69b3876e4d77@group-4AA4D358E024-LeaderElection53] INFO  impl.RaftServerImpl (ServerState.java:setLeader(255)) - 46c62e6e-4505-4efd-852b-69b3876e4d77@group-4AA4D358E024: change Leader from null to 46c62e6e-4505-4efd-852b-69b3876e4d77 at term 1 for becomeLeader, leader elected after 5158ms
2019-10-09 23:59:03,356 [46c62e6e-4505-4efd-852b-69b3876e4d77@group-4AA4D358E024-LeaderElection53] INFO  server.RaftServerConfigKeys (ConfUtils.java:logGet(43)) - raft.server.staging.catchup.gap = 1000 (default)
2019-10-09 23:59:03,357 [46c62e6e-4505-4efd-852b-69b3876e4d77@group-4AA4D358E024-LeaderElection53] INFO  server.RaftServerConfigKeys (ConfUtils.java:logGet(43)) - raft.server.rpc.sleep.time = 25ms (default)
2019-10-09 23:59:03,357 [46c62e6e-4505-4efd-852b-69b3876e4d77@group-4AA4D358E024-LeaderElection53] INFO  server.RaftServerConfigKeys (ConfUtils.java:logGet(43)) - raft.server.write.element-limit = 4096 (default)
2019-10-09 23:59:03,357 [46c62e6e-4505-4efd-852b-69b3876e4d77@group-4AA4D358E024-LeaderElection53] INFO  server.RaftServerConfigKeys (ConfUtils.java:logGet(43)) - raft.server.watch.timeout = 10s (default)
2019-10-09 23:59:03,357 [46c62e6e-4505-4efd-852b-69b3876e4d77@group-4AA4D358E024-LeaderElection53] INFO  server.RaftServerConfigKeys (ConfUtils.java:logGet(43)) - raft.server.watch.timeout.denomination = 1s (default)
2019-10-09 23:59:03,357 [46c62e6e-4505-4efd-852b-69b3876e4d77@group-4AA4D358E024-LeaderElection53] INFO  server.RaftServerConfigKeys (ConfUtils.java:logGet(43)) - raft.server.watch.element-limit = 65536 (default)
2019-10-09 23:59:03,359 [46c62e6e-4505-4efd-852b-69b3876e4d77@group-4AA4D358E024-LeaderElection53] INFO  server.RaftServerConfigKeys (ConfUtils.java:logGet(43)) - raft.server.log.appender.snapshot.chunk.size.max = 16MB (=16777216) (default)
2019-10-09 23:59:03,359 [46c62e6e-4505-4efd-852b-69b3876e4d77@group-4AA4D358E024-LeaderElection53] INFO  server.RaftServerConfigKeys (ConfUtils.java:logGet(43)) - raft.server.log.appender.buffer.byte-limit = 33554432 (custom)
2019-10-09 23:59:03,359 [46c62e6e-4505-4efd-852b-69b3876e4d77@group-4AA4D358E024-LeaderElection53] INFO  server.RaftServerConfigKeys (ConfUtils.java:logGet(43)) - raft.server.log.appender.buffer.element-limit = 1 (custom)
2019-10-09 23:59:03,360 [46c62e6e-4505-4efd-852b-69b3876e4d77@group-4AA4D358E024-LeaderElection53] INFO  grpc.GrpcConfigKeys$Server (ConfUtils.java:logGet(43)) - raft.grpc.server.leader.outstanding.appends.max = 128 (default)
2019-10-09 23:59:03,360 [46c62e6e-4505-4efd-852b-69b3876e4d77@group-4AA4D358E024-LeaderElection53] INFO  server.RaftServerConfigKeys (ConfUtils.java:logGet(43)) - raft.server.rpc.request.timeout = 3000ms (default)
2019-10-09 23:59:03,360 [46c62e6e-4505-4efd-852b-69b3876e4d77@group-4AA4D358E024-LeaderElection53] INFO  server.RaftServerConfigKeys (ConfUtils.java:logGet(43)) - raft.server.log.appender.install.snapshot.enabled = false (custom)
2019-10-09 23:59:03,360 [46c62e6e-4505-4efd-852b-69b3876e4d77@group-4AA4D358E024-LeaderElection53] INFO  server.RaftServerConfigKeys (ConfUtils.java:logGet(43)) - raft.server.log.appender.snapshot.chunk.size.max = 16MB (=16777216) (default)
2019-10-09 23:59:03,360 [5271065f-f953-4651-8fe1-c188370d49d9@group-CE93FDC5979C-SegmentedRaftLogWorker] INFO  segmented.SegmentedRaftLogWorker (SegmentedRaftLogWorker.java:execute(576)) - 5271065f-f953-4651-8fe1-c188370d49d9@group-CE93FDC5979C-SegmentedRaftLogWorker: created new log segment /workdir/hadoop-ozone/integration-test/target/test-dir/MiniOzoneClusterImpl-634ea9de-4d33-4471-86dd-709c178a0057/datanode-3/data/ratis/e246736e-bb87-473c-a7c7-ce93fdc5979c/current/log_inprogress_0
2019-10-09 23:59:03,360 [46c62e6e-4505-4efd-852b-69b3876e4d77@group-4AA4D358E024-LeaderElection53] INFO  server.RaftServerConfigKeys (ConfUtils.java:logGet(43)) - raft.server.log.appender.buffer.byte-limit = 33554432 (custom)
2019-10-09 23:59:03,361 [46c62e6e-4505-4efd-852b-69b3876e4d77@group-4AA4D358E024-LeaderElection53] INFO  server.RaftServerConfigKeys (ConfUtils.java:logGet(43)) - raft.server.log.appender.buffer.element-limit = 1 (custom)
2019-10-09 23:59:03,361 [46c62e6e-4505-4efd-852b-69b3876e4d77@group-4AA4D358E024-LeaderElection53] INFO  grpc.GrpcConfigKeys$Server (ConfUtils.java:logGet(43)) - raft.grpc.server.leader.outstanding.appends.max = 128 (default)
2019-10-09 23:59:03,361 [46c62e6e-4505-4efd-852b-69b3876e4d77@group-4AA4D358E024-LeaderElection53] INFO  server.RaftServerConfigKeys (ConfUtils.java:logGet(43)) - raft.server.rpc.request.timeout = 3000ms (default)
2019-10-09 23:59:03,361 [46c62e6e-4505-4efd-852b-69b3876e4d77@group-4AA4D358E024-LeaderElection53] INFO  server.RaftServerConfigKeys (ConfUtils.java:logGet(43)) - raft.server.log.appender.install.snapshot.enabled = false (custom)
2019-10-09 23:59:03,362 [46c62e6e-4505-4efd-852b-69b3876e4d77@group-4AA4D358E024-LeaderElection53] INFO  impl.RoleInfo (RoleInfo.java:updateAndGet(143)) - 46c62e6e-4505-4efd-852b-69b3876e4d77: start LeaderState
2019-10-09 23:59:03,362 [46c62e6e-4505-4efd-852b-69b3876e4d77@group-4AA4D358E024-LeaderElection53] INFO  segmented.SegmentedRaftLogWorker (SegmentedRaftLogWorker.java:startLogSegment(385)) - 46c62e6e-4505-4efd-852b-69b3876e4d77@group-4AA4D358E024-SegmentedRaftLogWorker: Starting segment from index:0
2019-10-09 23:59:03,362 [46c62e6e-4505-4efd-852b-69b3876e4d77@group-4AA4D358E024-LeaderElection53] INFO  impl.RaftServerImpl (ServerState.java:setRaftConf(356)) - 46c62e6e-4505-4efd-852b-69b3876e4d77@group-4AA4D358E024: set configuration 0: [c9bf6877-9cff-4b98-8a8e-7003cb757ecd:192.168.5.166:44297, 54603264-c264-4f50-88b1-da12adb68219:192.168.5.166:35382, 46c62e6e-4505-4efd-852b-69b3876e4d77:192.168.5.166:39995], old=null at 0
2019-10-09 23:59:03,364 [grpc-default-executor-8] INFO  ratis.XceiverServerRatis (XceiverServerRatis.java:handleLeaderChangedNotification(702)) - Leader change notification received for group: group-4AA4D358E024 with new leaderId: 46c62e6e-4505-4efd-852b-69b3876e4d77
2019-10-09 23:59:03,364 [grpc-default-executor-6] INFO  ratis.XceiverServerRatis (XceiverServerRatis.java:handleLeaderChangedNotification(702)) - Leader change notification received for group: group-4AA4D358E024 with new leaderId: 46c62e6e-4505-4efd-852b-69b3876e4d77
2019-10-09 23:59:03,364 [grpc-default-executor-8] INFO  impl.RaftServerImpl (ServerState.java:setLeader(255)) - 54603264-c264-4f50-88b1-da12adb68219@group-4AA4D358E024: change Leader from null to 46c62e6e-4505-4efd-852b-69b3876e4d77 at term 1 for appendEntries, leader elected after 5166ms
2019-10-09 23:59:03,364 [grpc-default-executor-6] INFO  impl.RaftServerImpl (ServerState.java:setLeader(255)) - c9bf6877-9cff-4b98-8a8e-7003cb757ecd@group-4AA4D358E024: change Leader from null to 46c62e6e-4505-4efd-852b-69b3876e4d77 at term 1 for appendEntries, leader elected after 5166ms
2019-10-09 23:59:03,366 [grpc-default-executor-6] INFO  impl.RaftServerImpl (ServerState.java:setRaftConf(356)) - c9bf6877-9cff-4b98-8a8e-7003cb757ecd@group-4AA4D358E024: set configuration 0: [c9bf6877-9cff-4b98-8a8e-7003cb757ecd:192.168.5.166:44297, 54603264-c264-4f50-88b1-da12adb68219:192.168.5.166:35382, 46c62e6e-4505-4efd-852b-69b3876e4d77:192.168.5.166:39995], old=null at 0
2019-10-09 23:59:03,366 [grpc-default-executor-6] INFO  segmented.SegmentedRaftLogWorker (SegmentedRaftLogWorker.java:startLogSegment(385)) - c9bf6877-9cff-4b98-8a8e-7003cb757ecd@group-4AA4D358E024-SegmentedRaftLogWorker: Starting segment from index:0
2019-10-09 23:59:03,366 [grpc-default-executor-8] INFO  impl.RaftServerImpl (ServerState.java:setRaftConf(356)) - 54603264-c264-4f50-88b1-da12adb68219@group-4AA4D358E024: set configuration 0: [c9bf6877-9cff-4b98-8a8e-7003cb757ecd:192.168.5.166:44297, 54603264-c264-4f50-88b1-da12adb68219:192.168.5.166:35382, 46c62e6e-4505-4efd-852b-69b3876e4d77:192.168.5.166:39995], old=null at 0
2019-10-09 23:59:03,366 [grpc-default-executor-8] INFO  segmented.SegmentedRaftLogWorker (SegmentedRaftLogWorker.java:startLogSegment(385)) - 54603264-c264-4f50-88b1-da12adb68219@group-4AA4D358E024-SegmentedRaftLogWorker: Starting segment from index:0
2019-10-09 23:59:03,402 [54603264-c264-4f50-88b1-da12adb68219@group-4AA4D358E024-SegmentedRaftLogWorker] INFO  segmented.SegmentedRaftLogWorker (SegmentedRaftLogWorker.java:execute(576)) - 54603264-c264-4f50-88b1-da12adb68219@group-4AA4D358E024-SegmentedRaftLogWorker: created new log segment /workdir/hadoop-ozone/integration-test/target/test-dir/MiniOzoneClusterImpl-634ea9de-4d33-4471-86dd-709c178a0057/datanode-1/data/ratis/7f5ba234-2c60-4fb4-afde-4aa4d358e024/current/log_inprogress_0
2019-10-09 23:59:03,402 [46c62e6e-4505-4efd-852b-69b3876e4d77@group-4AA4D358E024-SegmentedRaftLogWorker] INFO  segmented.SegmentedRaftLogWorker (SegmentedRaftLogWorker.java:execute(576)) - 46c62e6e-4505-4efd-852b-69b3876e4d77@group-4AA4D358E024-SegmentedRaftLogWorker: created new log segment /workdir/hadoop-ozone/integration-test/target/test-dir/MiniOzoneClusterImpl-634ea9de-4d33-4471-86dd-709c178a0057/datanode-2/data/ratis/7f5ba234-2c60-4fb4-afde-4aa4d358e024/current/log_inprogress_0
2019-10-09 23:59:03,402 [c9bf6877-9cff-4b98-8a8e-7003cb757ecd@group-4AA4D358E024-SegmentedRaftLogWorker] INFO  segmented.SegmentedRaftLogWorker (SegmentedRaftLogWorker.java:execute(576)) - c9bf6877-9cff-4b98-8a8e-7003cb757ecd@group-4AA4D358E024-SegmentedRaftLogWorker: created new log segment /workdir/hadoop-ozone/integration-test/target/test-dir/MiniOzoneClusterImpl-634ea9de-4d33-4471-86dd-709c178a0057/datanode-0/data/ratis/7f5ba234-2c60-4fb4-afde-4aa4d358e024/current/log_inprogress_0
2019-10-09 23:59:03,858 [grpc-default-executor-2] WARN  server.GrpcLogAppender (LogUtils.java:warn(134)) - e0a2bbc5-e1f3-429a-8b57-8ad53d3fcfcf@group-C934F1EEB7D0->7efd9bf7-a6c0-4f93-9bd9-a1d7634c727c-AppendLogResponseHandler: Failed appendEntries: org.apache.ratis.thirdparty.io.grpc.StatusRuntimeException: UNAVAILABLE: io exception
2019-10-09 23:59:03,858 [grpc-default-executor-7] WARN  server.GrpcLogAppender (LogUtils.java:warn(134)) - e0a2bbc5-e1f3-429a-8b57-8ad53d3fcfcf@group-C934F1EEB7D0->d1b2fdb4-2a3c-478d-9f55-2a69fc770f7f-AppendLogResponseHandler: Failed appendEntries: org.apache.ratis.thirdparty.io.grpc.StatusRuntimeException: UNAVAILABLE: io exception
2019-10-09 23:59:03,859 [grpc-default-executor-2] INFO  impl.FollowerInfo (FollowerInfo.java:lambda$new$0(51)) - e0a2bbc5-e1f3-429a-8b57-8ad53d3fcfcf@group-C934F1EEB7D0->7efd9bf7-a6c0-4f93-9bd9-a1d7634c727c: nextIndex: updateUnconditionally 1 -> 0
2019-10-09 23:59:03,859 [grpc-default-executor-7] INFO  impl.FollowerInfo (FollowerInfo.java:lambda$new$0(51)) - e0a2bbc5-e1f3-429a-8b57-8ad53d3fcfcf@group-C934F1EEB7D0->d1b2fdb4-2a3c-478d-9f55-2a69fc770f7f: nextIndex: updateUnconditionally 1 -> 0
2019-10-09 23:59:04,229 [main] INFO  ozone.MiniOzoneClusterImpl (MiniOzoneClusterImpl.java:lambda$waitForClusterToBeReady$2(172)) - Cluster is ready. Got 7 of 7 DN Heartbeats.
2019-10-09 23:59:04,278 [main] INFO  rpc.RpcClient (RpcClient.java:createVolume(272)) - Creating Volume: watchforcommithandlingtest, with jenkins1000 as owner.
2019-10-09 23:59:04,284 [IPC Server handler 0 on 35734] INFO  volume.OMVolumeCreateRequest (OMVolumeCreateRequest.java:validateAndUpdateCache(193)) - created volume:watchforcommithandlingtest for user:jenkins1000
2019-10-09 23:59:04,317 [main] INFO  rpc.RpcClient (RpcClient.java:createBucket(411)) - Creating Bucket: watchforcommithandlingtest/watchforcommithandlingtest, with Versioning false and Storage Type set to DISK and Encryption set to false 
2019-10-09 23:59:04,322 [main] INFO  ozone.MiniOzoneClusterImpl (MiniOzoneClusterImpl.java:getStorageContainerLocationClient(260)) - Creating StorageContainerLocationProtocol RPC client with address /0.0.0.0:46640
2019-10-09 23:59:05,441 [Datanode State Machine Thread - 0] INFO  statemachine.DatanodeStateMachine (DatanodeStateMachine.java:lambda$startDaemon$0(350)) - Ozone container server started.
2019-10-09 23:59:06,359 [grpc-default-executor-2] WARN  server.GrpcLogAppender (LogUtils.java:warn(134)) - e0a2bbc5-e1f3-429a-8b57-8ad53d3fcfcf@group-C934F1EEB7D0->d1b2fdb4-2a3c-478d-9f55-2a69fc770f7f-AppendLogResponseHandler: Failed appendEntries: org.apache.ratis.thirdparty.io.grpc.StatusRuntimeException: UNAVAILABLE: io exception
2019-10-09 23:59:06,359 [grpc-default-executor-8] WARN  server.GrpcLogAppender (LogUtils.java:warn(134)) - e0a2bbc5-e1f3-429a-8b57-8ad53d3fcfcf@group-C934F1EEB7D0->7efd9bf7-a6c0-4f93-9bd9-a1d7634c727c-AppendLogResponseHandler: Failed appendEntries: org.apache.ratis.thirdparty.io.grpc.StatusRuntimeException: UNAVAILABLE: io exception
2019-10-09 23:59:06,359 [grpc-default-executor-2] INFO  impl.FollowerInfo (FollowerInfo.java:lambda$new$0(51)) - e0a2bbc5-e1f3-429a-8b57-8ad53d3fcfcf@group-C934F1EEB7D0->d1b2fdb4-2a3c-478d-9f55-2a69fc770f7f: nextIndex: updateUnconditionally 0 -> 0
2019-10-09 23:59:06,359 [grpc-default-executor-8] INFO  impl.FollowerInfo (FollowerInfo.java:lambda$new$0(51)) - e0a2bbc5-e1f3-429a-8b57-8ad53d3fcfcf@group-C934F1EEB7D0->7efd9bf7-a6c0-4f93-9bd9-a1d7634c727c: nextIndex: updateUnconditionally 0 -> 0
2019-10-09 23:59:07,794 [EventQueue-StaleNodeForStaleNodeHandler] INFO  node.StaleNodeHandler (StaleNodeHandler.java:onMessage(58)) - Datanode 7efd9bf7-a6c0-4f93-9bd9-a1d7634c727c{ip: 192.168.5.166, host: pr-hdds-1868-fg6nx-4263576025, networkLocation: /default-rack, certSerialId: null} moved to stale state. Finalizing its pipelines [PipelineID=702e7c43-7417-40f4-b274-6eaddad5a1d0, PipelineID=3045e3a5-d20f-4633-9a30-c934f1eeb7d0]
2019-10-09 23:59:07,795 [EventQueue-StaleNodeForStaleNodeHandler] INFO  pipeline.SCMPipelineManager (SCMPipelineManager.java:finalizeAndDestroyPipeline(315)) - destroying pipeline:Pipeline[ Id: 702e7c43-7417-40f4-b274-6eaddad5a1d0, Nodes: 7efd9bf7-a6c0-4f93-9bd9-a1d7634c727c{ip: 192.168.5.166, host: pr-hdds-1868-fg6nx-4263576025, networkLocation: /default-rack, certSerialId: null}, Type:RATIS, Factor:ONE, State:OPEN]
2019-10-09 23:59:07,795 [EventQueue-StaleNodeForStaleNodeHandler] INFO  pipeline.PipelineStateManager (PipelineStateManager.java:finalizePipeline(123)) - Pipeline Pipeline[ Id: 702e7c43-7417-40f4-b274-6eaddad5a1d0, Nodes: 7efd9bf7-a6c0-4f93-9bd9-a1d7634c727c{ip: 192.168.5.166, host: pr-hdds-1868-fg6nx-4263576025, networkLocation: /default-rack, certSerialId: null}, Type:RATIS, Factor:ONE, State:CLOSED] moved to CLOSED state
2019-10-09 23:59:07,795 [EventQueue-StaleNodeForStaleNodeHandler] INFO  pipeline.SCMPipelineManager (SCMPipelineManager.java:finalizeAndDestroyPipeline(315)) - destroying pipeline:Pipeline[ Id: 3045e3a5-d20f-4633-9a30-c934f1eeb7d0, Nodes: d1b2fdb4-2a3c-478d-9f55-2a69fc770f7f{ip: 192.168.5.166, host: pr-hdds-1868-fg6nx-4263576025, networkLocation: /default-rack, certSerialId: null}7efd9bf7-a6c0-4f93-9bd9-a1d7634c727c{ip: 192.168.5.166, host: pr-hdds-1868-fg6nx-4263576025, networkLocation: /default-rack, certSerialId: null}e0a2bbc5-e1f3-429a-8b57-8ad53d3fcfcf{ip: 192.168.5.166, host: pr-hdds-1868-fg6nx-4263576025, networkLocation: /default-rack, certSerialId: null}, Type:RATIS, Factor:THREE, State:CLOSED]
2019-10-09 23:59:07,857 [Thread-2587] INFO  client.GrpcClientProtocolService (GrpcClientProtocolService.java:lambda$processClientRequest$0(278)) - Failed RaftClientRequest:client-5669A63126D6->e0a2bbc5-e1f3-429a-8b57-8ad53d3fcfcf@group-C934F1EEB7D0, cid=120, seq=0, Watch-MAJORITY_COMMITTED(101), Message:<EMPTY>, reply=RaftClientReply:client-5669A63126D6->e0a2bbc5-e1f3-429a-8b57-8ad53d3fcfcf@group-C934F1EEB7D0, cid=120, FAILED org.apache.ratis.protocol.NotReplicatedException: Request with call Id 120 and log index 101 is not yet replicated to MAJORITY_COMMITTED, logIndex=101, commits[e0a2bbc5-e1f3-429a-8b57-8ad53d3fcfcf:c2, 7efd9bf7-a6c0-4f93-9bd9-a1d7634c727c:c2, d1b2fdb4-2a3c-478d-9f55-2a69fc770f7f:c2]
2019-10-09 23:59:08,861 [grpc-default-executor-6] WARN  server.GrpcLogAppender (LogUtils.java:warn(134)) - e0a2bbc5-e1f3-429a-8b57-8ad53d3fcfcf@group-C934F1EEB7D0->d1b2fdb4-2a3c-478d-9f55-2a69fc770f7f-AppendLogResponseHandler: Failed appendEntries: org.apache.ratis.thirdparty.io.grpc.StatusRuntimeException: UNAVAILABLE: io exception
2019-10-09 23:59:08,861 [grpc-default-executor-5] WARN  server.GrpcLogAppender (LogUtils.java:warn(134)) - e0a2bbc5-e1f3-429a-8b57-8ad53d3fcfcf@group-C934F1EEB7D0->7efd9bf7-a6c0-4f93-9bd9-a1d7634c727c-AppendLogResponseHandler: Failed appendEntries: org.apache.ratis.thirdparty.io.grpc.StatusRuntimeException: UNAVAILABLE: io exception
2019-10-09 23:59:08,861 [grpc-default-executor-6] INFO  impl.FollowerInfo (FollowerInfo.java:lambda$new$0(51)) - e0a2bbc5-e1f3-429a-8b57-8ad53d3fcfcf@group-C934F1EEB7D0->d1b2fdb4-2a3c-478d-9f55-2a69fc770f7f: nextIndex: updateUnconditionally 0 -> 0
2019-10-09 23:59:08,861 [grpc-default-executor-5] INFO  impl.FollowerInfo (FollowerInfo.java:lambda$new$0(51)) - e0a2bbc5-e1f3-429a-8b57-8ad53d3fcfcf@group-C934F1EEB7D0->7efd9bf7-a6c0-4f93-9bd9-a1d7634c727c: nextIndex: updateUnconditionally 0 -> 0
2019-10-09 23:59:09,455 [main] INFO  ozoneimpl.OzoneContainer (OzoneContainer.java:stop(227)) - Attempting to stop container services.
2019-10-09 23:59:09,456 [main] INFO  impl.RaftServerProxy (RaftServerProxy.java:lambda$close$4(314)) - 46c62e6e-4505-4efd-852b-69b3876e4d77: close
2019-10-09 23:59:09,457 [main] INFO  impl.RaftServerImpl (RaftServerImpl.java:lambda$shutdown$3(247)) - 46c62e6e-4505-4efd-852b-69b3876e4d77@group-AD31694A3C5C: shutdown
2019-10-09 23:59:09,457 [ForkJoinPool.commonPool-worker-1] INFO  impl.RaftServerImpl (RaftServerImpl.java:lambda$shutdown$3(247)) - 46c62e6e-4505-4efd-852b-69b3876e4d77@group-4AA4D358E024: shutdown
2019-10-09 23:59:09,457 [main] INFO  util.JmxRegister (JmxRegister.java:unregister(73)) - Successfully un-registered JMX Bean with object name Ratis:service=RaftServer,group=group-AD31694A3C5C,id=46c62e6e-4505-4efd-852b-69b3876e4d77
2019-10-09 23:59:09,457 [ForkJoinPool.commonPool-worker-1] INFO  util.JmxRegister (JmxRegister.java:unregister(73)) - Successfully un-registered JMX Bean with object name Ratis:service=RaftServer,group=group-4AA4D358E024,id=46c62e6e-4505-4efd-852b-69b3876e4d77
2019-10-09 23:59:09,458 [main] INFO  impl.RoleInfo (RoleInfo.java:shutdownLeaderState(104)) - 46c62e6e-4505-4efd-852b-69b3876e4d77: shutdown LeaderState
2019-10-09 23:59:09,458 [ForkJoinPool.commonPool-worker-1] INFO  impl.RoleInfo (RoleInfo.java:shutdownLeaderState(104)) - 46c62e6e-4505-4efd-852b-69b3876e4d77: shutdown LeaderState
2019-10-09 23:59:09,458 [main] INFO  impl.PendingRequests (PendingRequests.java:sendNotLeaderResponses(202)) - 46c62e6e-4505-4efd-852b-69b3876e4d77@group-AD31694A3C5C-PendingRequests: sendNotLeaderResponses
2019-10-09 23:59:09,502 [org.apache.ratis.server.impl.LogAppender$AppenderDaemon$$Lambda$429/2086503572@487cd9c] WARN  server.GrpcLogAppender (GrpcLogAppender.java:mayWait(143)) - 46c62e6e-4505-4efd-852b-69b3876e4d77@group-4AA4D358E024->54603264-c264-4f50-88b1-da12adb68219-GrpcLogAppender: Wait interrupted by java.lang.InterruptedException
2019-10-09 23:59:09,502 [ForkJoinPool.commonPool-worker-1] INFO  impl.PendingRequests (PendingRequests.java:sendNotLeaderResponses(202)) - 46c62e6e-4505-4efd-852b-69b3876e4d77@group-4AA4D358E024-PendingRequests: sendNotLeaderResponses
2019-10-09 23:59:09,503 [main] INFO  impl.StateMachineUpdater (StateMachineUpdater.java:stopAndJoin(136)) - 46c62e6e-4505-4efd-852b-69b3876e4d77@group-AD31694A3C5C-StateMachineUpdater: set stopIndex = 0
2019-10-09 23:59:09,521 [main] INFO  impl.RaftServerImpl (ServerState.java:close(387)) - 46c62e6e-4505-4efd-852b-69b3876e4d77@group-AD31694A3C5C: closes. applyIndex: 0
2019-10-09 23:59:09,518 [grpc-default-executor-6] INFO  server.GrpcServerProtocolService (GrpcServerProtocolService.java:onCompleted(113)) - 54603264-c264-4f50-88b1-da12adb68219: Completed APPEND_ENTRIES, lastRequest: 46c62e6e-4505-4efd-852b-69b3876e4d77->54603264-c264-4f50-88b1-da12adb68219#5-t1, previous=(t:1, i:2), leaderCommit=2, initializing? false, entries: <empty>
2019-10-09 23:59:09,518 [46c62e6e-4505-4efd-852b-69b3876e4d77@group-4AA4D358E024-StateMachineUpdater] INFO  ratis.ContainerStateMachine (ContainerStateMachine.java:takeSnapshot(296)) - group-4AA4D358E024: Taking a snapshot at:(t:1, i:2) file /workdir/hadoop-ozone/integration-test/target/test-dir/MiniOzoneClusterImpl-634ea9de-4d33-4471-86dd-709c178a0057/datanode-2/data/ratis/7f5ba234-2c60-4fb4-afde-4aa4d358e024/sm/snapshot.1_2
2019-10-09 23:59:09,517 [org.apache.ratis.server.impl.LogAppender$AppenderDaemon$$Lambda$429/2086503572@7803829f] WARN  server.GrpcLogAppender (GrpcLogAppender.java:mayWait(143)) - 46c62e6e-4505-4efd-852b-69b3876e4d77@group-4AA4D358E024->c9bf6877-9cff-4b98-8a8e-7003cb757ecd-GrpcLogAppender: Wait interrupted by java.lang.InterruptedException
2019-10-09 23:59:09,518 [ForkJoinPool.commonPool-worker-1] INFO  impl.StateMachineUpdater (StateMachineUpdater.java:stopAndJoin(136)) - 46c62e6e-4505-4efd-852b-69b3876e4d77@group-4AA4D358E024-StateMachineUpdater: set stopIndex = 2
2019-10-09 23:59:09,523 [grpc-default-executor-6] INFO  server.GrpcLogAppender (GrpcLogAppender.java:onCompleted(293)) - 46c62e6e-4505-4efd-852b-69b3876e4d77@group-4AA4D358E024->54603264-c264-4f50-88b1-da12adb68219-AppendLogResponseHandler: follower responses appendEntries COMPLETED
2019-10-09 23:59:09,522 [46c62e6e-4505-4efd-852b-69b3876e4d77@group-AD31694A3C5C-SegmentedRaftLogWorker] INFO  segmented.SegmentedRaftLogWorker (SegmentedRaftLogWorker.java:run(316)) - 46c62e6e-4505-4efd-852b-69b3876e4d77@group-AD31694A3C5C-SegmentedRaftLogWorker was interrupted, exiting. There are 0 tasks remaining in the queue.
2019-10-09 23:59:09,523 [grpc-default-executor-5] INFO  server.GrpcServerProtocolService (GrpcServerProtocolService.java:onCompleted(113)) - c9bf6877-9cff-4b98-8a8e-7003cb757ecd: Completed APPEND_ENTRIES, lastRequest: 46c62e6e-4505-4efd-852b-69b3876e4d77->c9bf6877-9cff-4b98-8a8e-7003cb757ecd#5-t1, previous=(t:1, i:2), leaderCommit=2, initializing? false, entries: <empty>
2019-10-09 23:59:09,526 [main] INFO  segmented.SegmentedRaftLogWorker (SegmentedRaftLogWorker.java:close(224)) - 46c62e6e-4505-4efd-852b-69b3876e4d77@group-AD31694A3C5C-SegmentedRaftLogWorker close()
2019-10-09 23:59:09,527 [grpc-default-executor-5] INFO  server.GrpcLogAppender (GrpcLogAppender.java:onCompleted(293)) - 46c62e6e-4505-4efd-852b-69b3876e4d77@group-4AA4D358E024->c9bf6877-9cff-4b98-8a8e-7003cb757ecd-AppendLogResponseHandler: follower responses appendEntries COMPLETED
2019-10-09 23:59:09,527 [grpc-default-executor-6] INFO  impl.FollowerInfo (FollowerInfo.java:lambda$new$0(51)) - 46c62e6e-4505-4efd-852b-69b3876e4d77@group-4AA4D358E024->54603264-c264-4f50-88b1-da12adb68219: nextIndex: updateUnconditionally 3 -> 2
2019-10-09 23:59:09,533 [46c62e6e-4505-4efd-852b-69b3876e4d77@group-4AA4D358E024-StateMachineUpdater] INFO  ratis.ContainerStateMachine (ContainerStateMachine.java:takeSnapshot(307)) - group-4AA4D358E024: Finished taking a snapshot at:(t:1, i:2) file:/workdir/hadoop-ozone/integration-test/target/test-dir/MiniOzoneClusterImpl-634ea9de-4d33-4471-86dd-709c178a0057/datanode-2/data/ratis/7f5ba234-2c60-4fb4-afde-4aa4d358e024/sm/snapshot.1_2 time:12
2019-10-09 23:59:09,533 [grpc-default-executor-5] INFO  impl.FollowerInfo (FollowerInfo.java:lambda$new$0(51)) - 46c62e6e-4505-4efd-852b-69b3876e4d77@group-4AA4D358E024->c9bf6877-9cff-4b98-8a8e-7003cb757ecd: nextIndex: updateUnconditionally 3 -> 2
2019-10-09 23:59:09,534 [46c62e6e-4505-4efd-852b-69b3876e4d77@group-4AA4D358E024-StateMachineUpdater] INFO  impl.StateMachineUpdater (StateMachineUpdater.java:takeSnapshot(269)) - 46c62e6e-4505-4efd-852b-69b3876e4d77@group-4AA4D358E024-StateMachineUpdater: Took a snapshot at index 2
2019-10-09 23:59:09,534 [46c62e6e-4505-4efd-852b-69b3876e4d77@group-4AA4D358E024-StateMachineUpdater] INFO  impl.StateMachineUpdater (StateMachineUpdater.java:lambda$new$0(84)) - 46c62e6e-4505-4efd-852b-69b3876e4d77@group-4AA4D358E024-StateMachineUpdater: snapshotIndex: updateIncreasingly -1 -> 2
2019-10-09 23:59:09,534 [ForkJoinPool.commonPool-worker-1] INFO  impl.RaftServerImpl (ServerState.java:close(387)) - 46c62e6e-4505-4efd-852b-69b3876e4d77@group-4AA4D358E024: closes. applyIndex: 2
2019-10-09 23:59:09,534 [46c62e6e-4505-4efd-852b-69b3876e4d77@group-4AA4D358E024-SegmentedRaftLogWorker] INFO  segmented.SegmentedRaftLogWorker (SegmentedRaftLogWorker.java:run(316)) - 46c62e6e-4505-4efd-852b-69b3876e4d77@group-4AA4D358E024-SegmentedRaftLogWorker was interrupted, exiting. There are 0 tasks remaining in the queue.
2019-10-09 23:59:09,537 [ForkJoinPool.commonPool-worker-1] INFO  segmented.SegmentedRaftLogWorker (SegmentedRaftLogWorker.java:close(224)) - 46c62e6e-4505-4efd-852b-69b3876e4d77@group-4AA4D358E024-SegmentedRaftLogWorker close()
2019-10-09 23:59:09,543 [main] INFO  server.GrpcService (GrpcService.java:closeImpl(164)) - 46c62e6e-4505-4efd-852b-69b3876e4d77: shutdown server with port 39995 now
2019-10-09 23:59:09,544 [main] INFO  server.GrpcService (GrpcService.java:closeImpl(172)) - 46c62e6e-4505-4efd-852b-69b3876e4d77: shutdown server with port 39995 successfully
2019-10-09 23:59:09,546 [refreshUsed-/workdir/hadoop-ozone/integration-test/target/test-dir/MiniOzoneClusterImpl-634ea9de-4d33-4471-86dd-709c178a0057/datanode-2/data/containers] WARN  fs.CachingGetSpaceUsed (CachingGetSpaceUsed.java:run(183)) - Thread Interrupted waiting to refresh disk information: sleep interrupted
2019-10-09 23:59:09,566 [main] INFO  utils.BackgroundService (BackgroundService.java:shutdown(151)) - Shutting down service BlockDeletingService
2019-10-09 23:59:09,574 [main] INFO  statemachine.DatanodeStateMachine (DatanodeStateMachine.java:stopDaemon(395)) - Ozone container server stopped.
2019-10-09 23:59:09,576 [main] INFO  handler.ContextHandler (ContextHandler.java:doStop(910)) - Stopped o.e.j.w.WebAppContext@130cfc47{/,null,UNAVAILABLE}{/hddsDatanode}
2019-10-09 23:59:09,576 [main] INFO  server.AbstractConnector (AbstractConnector.java:doStop(318)) - Stopped ServerConnector@4eeab3e{HTTP/1.1,[http/1.1]}{0.0.0.0:0}
2019-10-09 23:59:09,576 [main] INFO  handler.ContextHandler (ContextHandler.java:doStop(910)) - Stopped o.e.j.s.ServletContextHandler@7b9088f2{/static,jar:file:/home/user/.m2/repository/org/apache/hadoop/hadoop-hdds-container-service/0.5.0-SNAPSHOT/hadoop-hdds-container-service-0.5.0-SNAPSHOT.jar!/webapps/static,UNAVAILABLE}
2019-10-09 23:59:09,577 [main] INFO  handler.ContextHandler (ContextHandler.java:doStop(910)) - Stopped o.e.j.s.ServletContextHandler@3f6cce7f{/logs,file:///workdir/hadoop-ozone/integration-test/target/log,UNAVAILABLE}
2019-10-09 23:59:11,360 [grpc-default-executor-5] WARN  server.GrpcLogAppender (LogUtils.java:warn(134)) - e0a2bbc5-e1f3-429a-8b57-8ad53d3fcfcf@group-C934F1EEB7D0->7efd9bf7-a6c0-4f93-9bd9-a1d7634c727c-AppendLogResponseHandler: Failed appendEntries: org.apache.ratis.thirdparty.io.grpc.StatusRuntimeException: UNAVAILABLE: io exception
2019-10-09 23:59:11,360 [grpc-default-executor-5] INFO  impl.FollowerInfo (FollowerInfo.java:lambda$new$0(51)) - e0a2bbc5-e1f3-429a-8b57-8ad53d3fcfcf@group-C934F1EEB7D0->7efd9bf7-a6c0-4f93-9bd9-a1d7634c727c: nextIndex: updateUnconditionally 0 -> 0
2019-10-09 23:59:11,360 [grpc-default-executor-4] WARN  server.GrpcLogAppender (LogUtils.java:warn(134)) - e0a2bbc5-e1f3-429a-8b57-8ad53d3fcfcf@group-C934F1EEB7D0->d1b2fdb4-2a3c-478d-9f55-2a69fc770f7f-AppendLogResponseHandler: Failed appendEntries: org.apache.ratis.thirdparty.io.grpc.StatusRuntimeException: UNAVAILABLE: io exception
2019-10-09 23:59:11,361 [grpc-default-executor-4] INFO  impl.FollowerInfo (FollowerInfo.java:lambda$new$0(51)) - e0a2bbc5-e1f3-429a-8b57-8ad53d3fcfcf@group-C934F1EEB7D0->d1b2fdb4-2a3c-478d-9f55-2a69fc770f7f: nextIndex: updateUnconditionally 0 -> 0
2019-10-09 23:59:13,861 [grpc-default-executor-6] WARN  server.GrpcLogAppender (LogUtils.java:warn(134)) - e0a2bbc5-e1f3-429a-8b57-8ad53d3fcfcf@group-C934F1EEB7D0->d1b2fdb4-2a3c-478d-9f55-2a69fc770f7f-AppendLogResponseHandler: Failed appendEntries: org.apache.ratis.thirdparty.io.grpc.StatusRuntimeException: UNAVAILABLE: io exception
2019-10-09 23:59:13,861 [grpc-default-executor-5] WARN  server.GrpcLogAppender (LogUtils.java:warn(134)) - e0a2bbc5-e1f3-429a-8b57-8ad53d3fcfcf@group-C934F1EEB7D0->7efd9bf7-a6c0-4f93-9bd9-a1d7634c727c-AppendLogResponseHandler: Failed appendEntries: org.apache.ratis.thirdparty.io.grpc.StatusRuntimeException: UNAVAILABLE: io exception
2019-10-09 23:59:13,862 [grpc-default-executor-6] INFO  impl.FollowerInfo (FollowerInfo.java:lambda$new$0(51)) - e0a2bbc5-e1f3-429a-8b57-8ad53d3fcfcf@group-C934F1EEB7D0->d1b2fdb4-2a3c-478d-9f55-2a69fc770f7f: nextIndex: updateUnconditionally 0 -> 0
2019-10-09 23:59:13,862 [grpc-default-executor-5] INFO  impl.FollowerInfo (FollowerInfo.java:lambda$new$0(51)) - e0a2bbc5-e1f3-429a-8b57-8ad53d3fcfcf@group-C934F1EEB7D0->7efd9bf7-a6c0-4f93-9bd9-a1d7634c727c: nextIndex: updateUnconditionally 0 -> 0
2019-10-09 23:59:16,362 [grpc-default-executor-5] WARN  server.GrpcLogAppender (LogUtils.java:warn(134)) - e0a2bbc5-e1f3-429a-8b57-8ad53d3fcfcf@group-C934F1EEB7D0->d1b2fdb4-2a3c-478d-9f55-2a69fc770f7f-AppendLogResponseHandler: Failed appendEntries: org.apache.ratis.thirdparty.io.grpc.StatusRuntimeException: UNAVAILABLE: io exception
2019-10-09 23:59:16,363 [grpc-default-executor-5] INFO  impl.FollowerInfo (FollowerInfo.java:lambda$new$0(51)) - e0a2bbc5-e1f3-429a-8b57-8ad53d3fcfcf@group-C934F1EEB7D0->d1b2fdb4-2a3c-478d-9f55-2a69fc770f7f: nextIndex: updateUnconditionally 0 -> 0
2019-10-09 23:59:16,363 [grpc-default-executor-6] WARN  server.GrpcLogAppender (LogUtils.java:warn(134)) - e0a2bbc5-e1f3-429a-8b57-8ad53d3fcfcf@group-C934F1EEB7D0->7efd9bf7-a6c0-4f93-9bd9-a1d7634c727c-AppendLogResponseHandler: Failed appendEntries: org.apache.ratis.thirdparty.io.grpc.StatusRuntimeException: UNAVAILABLE: io exception
2019-10-09 23:59:16,364 [grpc-default-executor-6] INFO  impl.FollowerInfo (FollowerInfo.java:lambda$new$0(51)) - e0a2bbc5-e1f3-429a-8b57-8ad53d3fcfcf@group-C934F1EEB7D0->7efd9bf7-a6c0-4f93-9bd9-a1d7634c727c: nextIndex: updateUnconditionally 0 -> 0
2019-10-09 23:59:18,465 [Thread-2553] INFO  impl.FollowerState (FollowerState.java:run(108)) - 54603264-c264-4f50-88b1-da12adb68219@group-4AA4D358E024-FollowerState: change to CANDIDATE, lastRpcTime:9103ms, electionTimeout:5001ms
2019-10-09 23:59:18,465 [Thread-2553] INFO  impl.RoleInfo (RoleInfo.java:shutdownFollowerState(121)) - 54603264-c264-4f50-88b1-da12adb68219: shutdown FollowerState
2019-10-09 23:59:18,466 [Thread-2553] INFO  impl.RaftServerImpl (RaftServerImpl.java:setRole(170)) - 54603264-c264-4f50-88b1-da12adb68219@group-4AA4D358E024: changes role from  FOLLOWER to CANDIDATE at term 1 for changeToCandidate
2019-10-09 23:59:18,466 [Thread-2553] INFO  impl.RoleInfo (RoleInfo.java:updateAndGet(143)) - 54603264-c264-4f50-88b1-da12adb68219: start LeaderElection
2019-10-09 23:59:18,466 [54603264-c264-4f50-88b1-da12adb68219@group-4AA4D358E024-LeaderElection55] INFO  impl.RaftServerImpl (ServerState.java:setLeader(255)) - 54603264-c264-4f50-88b1-da12adb68219@group-4AA4D358E024: change Leader from 46c62e6e-4505-4efd-852b-69b3876e4d77 to null at term 1 for initElection
2019-10-09 23:59:18,494 [54603264-c264-4f50-88b1-da12adb68219@group-4AA4D358E024-LeaderElection55] INFO  impl.LeaderElection (LeaderElection.java:askForVotes(178)) - 54603264-c264-4f50-88b1-da12adb68219@group-4AA4D358E024-LeaderElection55: begin an election at term 2 for 0: [c9bf6877-9cff-4b98-8a8e-7003cb757ecd:192.168.5.166:44297, 54603264-c264-4f50-88b1-da12adb68219:192.168.5.166:35382, 46c62e6e-4505-4efd-852b-69b3876e4d77:192.168.5.166:39995], old=null
2019-10-09 23:59:18,498 [54603264-c264-4f50-88b1-da12adb68219@group-4AA4D358E024-LeaderElection55] INFO  impl.LeaderElection (LogUtils.java:infoOrTrace(149)) - 54603264-c264-4f50-88b1-da12adb68219@group-4AA4D358E024-LeaderElection55 got exception when requesting votes: {}
java.util.concurrent.ExecutionException: org.apache.ratis.thirdparty.io.grpc.StatusRuntimeException: UNAVAILABLE: io exception
	at java.util.concurrent.FutureTask.report(FutureTask.java:122)
	at java.util.concurrent.FutureTask.get(FutureTask.java:192)
	at org.apache.ratis.server.impl.LeaderElection.waitForResults(LeaderElection.java:259)
	at org.apache.ratis.server.impl.LeaderElection.askForVotes(LeaderElection.java:197)
	at org.apache.ratis.server.impl.LeaderElection.run(LeaderElection.java:133)
	at java.lang.Thread.run(Thread.java:748)
Caused by: org.apache.ratis.thirdparty.io.grpc.StatusRuntimeException: UNAVAILABLE: io exception
	at org.apache.ratis.thirdparty.io.grpc.stub.ClientCalls.toStatusRuntimeException(ClientCalls.java:233)
	at org.apache.ratis.thirdparty.io.grpc.stub.ClientCalls.getUnchecked(ClientCalls.java:214)
	at org.apache.ratis.thirdparty.io.grpc.stub.ClientCalls.blockingUnaryCall(ClientCalls.java:139)
	at org.apache.ratis.proto.grpc.RaftServerProtocolServiceGrpc$RaftServerProtocolServiceBlockingStub.requestVote(RaftServerProtocolServiceGrpc.java:265)
	at org.apache.ratis.grpc.server.GrpcServerProtocolClient.requestVote(GrpcServerProtocolClient.java:99)
	at org.apache.ratis.grpc.server.GrpcService.requestVote(GrpcService.java:204)
	at org.apache.ratis.server.impl.LeaderElection.lambda$submitRequests$1(LeaderElection.java:234)
	at java.util.concurrent.FutureTask.run(FutureTask.java:266)
	at java.util.concurrent.Executors$RunnableAdapter.call(Executors.java:511)
	at java.util.concurrent.FutureTask.run(FutureTask.java:266)
	at java.util.concurrent.ThreadPoolExecutor.runWorker(ThreadPoolExecutor.java:1149)
	at java.util.concurrent.ThreadPoolExecutor$Worker.run(ThreadPoolExecutor.java:624)
	... 1 more
Caused by: org.apache.ratis.thirdparty.io.netty.channel.AbstractChannel$AnnotatedConnectException: Connection refused: /192.168.5.166:39995
	at sun.nio.ch.SocketChannelImpl.checkConnect(Native Method)
	at sun.nio.ch.SocketChannelImpl.finishConnect(SocketChannelImpl.java:717)
	at org.apache.ratis.thirdparty.io.netty.channel.socket.nio.NioSocketChannel.doFinishConnect(NioSocketChannel.java:327)
	at org.apache.ratis.thirdparty.io.netty.channel.nio.AbstractNioChannel$AbstractNioUnsafe.finishConnect(AbstractNioChannel.java:340)
	at org.apache.ratis.thirdparty.io.netty.channel.nio.NioEventLoop.processSelectedKey(NioEventLoop.java:632)
	at org.apache.ratis.thirdparty.io.netty.channel.nio.NioEventLoop.processSelectedKeysOptimized(NioEventLoop.java:579)
	at org.apache.ratis.thirdparty.io.netty.channel.nio.NioEventLoop.processSelectedKeys(NioEventLoop.java:496)
	at org.apache.ratis.thirdparty.io.netty.channel.nio.NioEventLoop.run(NioEventLoop.java:458)
	at org.apache.ratis.thirdparty.io.netty.util.concurrent.SingleThreadEventExecutor$5.run(SingleThreadEventExecutor.java:897)
	at org.apache.ratis.thirdparty.io.netty.util.concurrent.FastThreadLocalRunnable.run(FastThreadLocalRunnable.java:30)
	... 1 more
Caused by: java.net.ConnectException: Connection refused
	... 11 more
2019-10-09 23:59:18,498 [grpc-default-executor-5] INFO  impl.RaftServerImpl (ServerState.java:setLeader(255)) - c9bf6877-9cff-4b98-8a8e-7003cb757ecd@group-4AA4D358E024: change Leader from 46c62e6e-4505-4efd-852b-69b3876e4d77 to null at term 2 for updateCurrentTerm
2019-10-09 23:59:18,505 [grpc-default-executor-5] INFO  impl.RaftServerImpl (RaftServerImpl.java:setRole(170)) - c9bf6877-9cff-4b98-8a8e-7003cb757ecd@group-4AA4D358E024: changes role from  FOLLOWER to FOLLOWER at term 2 for recognizeCandidate:54603264-c264-4f50-88b1-da12adb68219
2019-10-09 23:59:18,505 [grpc-default-executor-5] INFO  impl.RoleInfo (RoleInfo.java:shutdownFollowerState(121)) - c9bf6877-9cff-4b98-8a8e-7003cb757ecd: shutdown FollowerState
2019-10-09 23:59:18,505 [grpc-default-executor-5] INFO  impl.RoleInfo (RoleInfo.java:updateAndGet(143)) - c9bf6877-9cff-4b98-8a8e-7003cb757ecd: start FollowerState
2019-10-09 23:59:18,505 [Thread-2550] INFO  impl.FollowerState (FollowerState.java:run(117)) - c9bf6877-9cff-4b98-8a8e-7003cb757ecd@group-4AA4D358E024-FollowerState was interrupted: java.lang.InterruptedException: sleep interrupted
2019-10-09 23:59:18,511 [54603264-c264-4f50-88b1-da12adb68219@group-4AA4D358E024-LeaderElection55] INFO  impl.LeaderElection (LeaderElection.java:logAndReturn(56)) - 54603264-c264-4f50-88b1-da12adb68219@group-4AA4D358E024-LeaderElection55: Election PASSED; received 1 response(s) [54603264-c264-4f50-88b1-da12adb68219<-c9bf6877-9cff-4b98-8a8e-7003cb757ecd#0:OK-t2] and 1 exception(s); 54603264-c264-4f50-88b1-da12adb68219@group-4AA4D358E024:t2, leader=null, voted=54603264-c264-4f50-88b1-da12adb68219, raftlog=54603264-c264-4f50-88b1-da12adb68219@group-4AA4D358E024-SegmentedRaftLog:OPENED:c2,f2,i2, conf=0: [c9bf6877-9cff-4b98-8a8e-7003cb757ecd:192.168.5.166:44297, 54603264-c264-4f50-88b1-da12adb68219:192.168.5.166:35382, 46c62e6e-4505-4efd-852b-69b3876e4d77:192.168.5.166:39995], old=null
2019-10-09 23:59:18,511 [54603264-c264-4f50-88b1-da12adb68219@group-4AA4D358E024-LeaderElection55] INFO  impl.LeaderElection (LogUtils.java:infoOrTrace(149)) -   Exception 0: {}
java.util.concurrent.ExecutionException: org.apache.ratis.thirdparty.io.grpc.StatusRuntimeException: UNAVAILABLE: io exception
	at java.util.concurrent.FutureTask.report(FutureTask.java:122)
	at java.util.concurrent.FutureTask.get(FutureTask.java:192)
	at org.apache.ratis.server.impl.LeaderElection.waitForResults(LeaderElection.java:259)
	at org.apache.ratis.server.impl.LeaderElection.askForVotes(LeaderElection.java:197)
	at org.apache.ratis.server.impl.LeaderElection.run(LeaderElection.java:133)
	at java.lang.Thread.run(Thread.java:748)
Caused by: org.apache.ratis.thirdparty.io.grpc.StatusRuntimeException: UNAVAILABLE: io exception
	at org.apache.ratis.thirdparty.io.grpc.stub.ClientCalls.toStatusRuntimeException(ClientCalls.java:233)
	at org.apache.ratis.thirdparty.io.grpc.stub.ClientCalls.getUnchecked(ClientCalls.java:214)
	at org.apache.ratis.thirdparty.io.grpc.stub.ClientCalls.blockingUnaryCall(ClientCalls.java:139)
	at org.apache.ratis.proto.grpc.RaftServerProtocolServiceGrpc$RaftServerProtocolServiceBlockingStub.requestVote(RaftServerProtocolServiceGrpc.java:265)
	at org.apache.ratis.grpc.server.GrpcServerProtocolClient.requestVote(GrpcServerProtocolClient.java:99)
	at org.apache.ratis.grpc.server.GrpcService.requestVote(GrpcService.java:204)
	at org.apache.ratis.server.impl.LeaderElection.lambda$submitRequests$1(LeaderElection.java:234)
	at java.util.concurrent.FutureTask.run(FutureTask.java:266)
	at java.util.concurrent.Executors$RunnableAdapter.call(Executors.java:511)
	at java.util.concurrent.FutureTask.run(FutureTask.java:266)
	at java.util.concurrent.ThreadPoolExecutor.runWorker(ThreadPoolExecutor.java:1149)
	at java.util.concurrent.ThreadPoolExecutor$Worker.run(ThreadPoolExecutor.java:624)
	... 1 more
Caused by: org.apache.ratis.thirdparty.io.netty.channel.AbstractChannel$AnnotatedConnectException: Connection refused: /192.168.5.166:39995
	at sun.nio.ch.SocketChannelImpl.checkConnect(Native Method)
	at sun.nio.ch.SocketChannelImpl.finishConnect(SocketChannelImpl.java:717)
	at org.apache.ratis.thirdparty.io.netty.channel.socket.nio.NioSocketChannel.doFinishConnect(NioSocketChannel.java:327)
	at org.apache.ratis.thirdparty.io.netty.channel.nio.AbstractNioChannel$AbstractNioUnsafe.finishConnect(AbstractNioChannel.java:340)
	at org.apache.ratis.thirdparty.io.netty.channel.nio.NioEventLoop.processSelectedKey(NioEventLoop.java:632)
	at org.apache.ratis.thirdparty.io.netty.channel.nio.NioEventLoop.processSelectedKeysOptimized(NioEventLoop.java:579)
	at org.apache.ratis.thirdparty.io.netty.channel.nio.NioEventLoop.processSelectedKeys(NioEventLoop.java:496)
	at org.apache.ratis.thirdparty.io.netty.channel.nio.NioEventLoop.run(NioEventLoop.java:458)
	at org.apache.ratis.thirdparty.io.netty.util.concurrent.SingleThreadEventExecutor$5.run(SingleThreadEventExecutor.java:897)
	at org.apache.ratis.thirdparty.io.netty.util.concurrent.FastThreadLocalRunnable.run(FastThreadLocalRunnable.java:30)
	... 1 more
Caused by: java.net.ConnectException: Connection refused
	... 11 more
2019-10-09 23:59:18,511 [54603264-c264-4f50-88b1-da12adb68219@group-4AA4D358E024-LeaderElection55] INFO  impl.RoleInfo (RoleInfo.java:shutdownLeaderElection(134)) - 54603264-c264-4f50-88b1-da12adb68219: shutdown LeaderElection
2019-10-09 23:59:18,511 [54603264-c264-4f50-88b1-da12adb68219@group-4AA4D358E024-LeaderElection55] INFO  impl.RaftServerImpl (RaftServerImpl.java:setRole(170)) - 54603264-c264-4f50-88b1-da12adb68219@group-4AA4D358E024: changes role from CANDIDATE to LEADER at term 2 for changeToLeader
2019-10-09 23:59:18,511 [54603264-c264-4f50-88b1-da12adb68219@group-4AA4D358E024-LeaderElection55] INFO  ratis.XceiverServerRatis (XceiverServerRatis.java:handleLeaderChangedNotification(702)) - Leader change notification received for group: group-4AA4D358E024 with new leaderId: 54603264-c264-4f50-88b1-da12adb68219
2019-10-09 23:59:18,512 [54603264-c264-4f50-88b1-da12adb68219@group-4AA4D358E024-LeaderElection55] INFO  impl.RaftServerImpl (ServerState.java:setLeader(255)) - 54603264-c264-4f50-88b1-da12adb68219@group-4AA4D358E024: change Leader from null to 54603264-c264-4f50-88b1-da12adb68219 at term 2 for becomeLeader, leader elected after 44ms
2019-10-09 23:59:18,512 [54603264-c264-4f50-88b1-da12adb68219@group-4AA4D358E024-LeaderElection55] INFO  server.RaftServerConfigKeys (ConfUtils.java:logGet(43)) - raft.server.staging.catchup.gap = 1000 (default)
2019-10-09 23:59:18,512 [54603264-c264-4f50-88b1-da12adb68219@group-4AA4D358E024-LeaderElection55] INFO  server.RaftServerConfigKeys (ConfUtils.java:logGet(43)) - raft.server.rpc.sleep.time = 25ms (default)
2019-10-09 23:59:18,512 [54603264-c264-4f50-88b1-da12adb68219@group-4AA4D358E024-LeaderElection55] INFO  server.RaftServerConfigKeys (ConfUtils.java:logGet(43)) - raft.server.write.element-limit = 4096 (default)
2019-10-09 23:59:18,513 [54603264-c264-4f50-88b1-da12adb68219@group-4AA4D358E024-LeaderElection55] INFO  server.RaftServerConfigKeys (ConfUtils.java:logGet(43)) - raft.server.watch.timeout = 10s (default)
2019-10-09 23:59:18,513 [54603264-c264-4f50-88b1-da12adb68219@group-4AA4D358E024-LeaderElection55] INFO  server.RaftServerConfigKeys (ConfUtils.java:logGet(43)) - raft.server.watch.timeout.denomination = 1s (default)
2019-10-09 23:59:18,513 [54603264-c264-4f50-88b1-da12adb68219@group-4AA4D358E024-LeaderElection55] INFO  server.RaftServerConfigKeys (ConfUtils.java:logGet(43)) - raft.server.watch.element-limit = 65536 (default)
2019-10-09 23:59:18,516 [54603264-c264-4f50-88b1-da12adb68219@group-4AA4D358E024-LeaderElection55] INFO  server.RaftServerConfigKeys (ConfUtils.java:logGet(43)) - raft.server.log.appender.snapshot.chunk.size.max = 16MB (=16777216) (default)
2019-10-09 23:59:18,516 [54603264-c264-4f50-88b1-da12adb68219@group-4AA4D358E024-LeaderElection55] INFO  server.RaftServerConfigKeys (ConfUtils.java:logGet(43)) - raft.server.log.appender.buffer.byte-limit = 33554432 (custom)
2019-10-09 23:59:18,516 [54603264-c264-4f50-88b1-da12adb68219@group-4AA4D358E024-LeaderElection55] INFO  server.RaftServerConfigKeys (ConfUtils.java:logGet(43)) - raft.server.log.appender.buffer.element-limit = 1 (custom)
2019-10-09 23:59:18,516 [54603264-c264-4f50-88b1-da12adb68219@group-4AA4D358E024-LeaderElection55] INFO  grpc.GrpcConfigKeys$Server (ConfUtils.java:logGet(43)) - raft.grpc.server.leader.outstanding.appends.max = 128 (default)
2019-10-09 23:59:18,516 [54603264-c264-4f50-88b1-da12adb68219@group-4AA4D358E024-LeaderElection55] INFO  server.RaftServerConfigKeys (ConfUtils.java:logGet(43)) - raft.server.rpc.request.timeout = 3000ms (default)
2019-10-09 23:59:18,517 [54603264-c264-4f50-88b1-da12adb68219@group-4AA4D358E024-LeaderElection55] INFO  server.RaftServerConfigKeys (ConfUtils.java:logGet(43)) - raft.server.log.appender.install.snapshot.enabled = false (custom)
2019-10-09 23:59:18,517 [54603264-c264-4f50-88b1-da12adb68219@group-4AA4D358E024-LeaderElection55] INFO  server.RaftServerConfigKeys (ConfUtils.java:logGet(43)) - raft.server.log.appender.snapshot.chunk.size.max = 16MB (=16777216) (default)
2019-10-09 23:59:18,517 [54603264-c264-4f50-88b1-da12adb68219@group-4AA4D358E024-LeaderElection55] INFO  server.RaftServerConfigKeys (ConfUtils.java:logGet(43)) - raft.server.log.appender.buffer.byte-limit = 33554432 (custom)
2019-10-09 23:59:18,517 [54603264-c264-4f50-88b1-da12adb68219@group-4AA4D358E024-LeaderElection55] INFO  server.RaftServerConfigKeys (ConfUtils.java:logGet(43)) - raft.server.log.appender.buffer.element-limit = 1 (custom)
2019-10-09 23:59:18,517 [54603264-c264-4f50-88b1-da12adb68219@group-4AA4D358E024-LeaderElection55] INFO  grpc.GrpcConfigKeys$Server (ConfUtils.java:logGet(43)) - raft.grpc.server.leader.outstanding.appends.max = 128 (default)
2019-10-09 23:59:18,517 [54603264-c264-4f50-88b1-da12adb68219@group-4AA4D358E024-LeaderElection55] INFO  server.RaftServerConfigKeys (ConfUtils.java:logGet(43)) - raft.server.rpc.request.timeout = 3000ms (default)
2019-10-09 23:59:18,518 [54603264-c264-4f50-88b1-da12adb68219@group-4AA4D358E024-LeaderElection55] INFO  server.RaftServerConfigKeys (ConfUtils.java:logGet(43)) - raft.server.log.appender.install.snapshot.enabled = false (custom)
2019-10-09 23:59:18,518 [54603264-c264-4f50-88b1-da12adb68219@group-4AA4D358E024-LeaderElection55] INFO  impl.RoleInfo (RoleInfo.java:updateAndGet(143)) - 54603264-c264-4f50-88b1-da12adb68219: start LeaderState
2019-10-09 23:59:18,518 [54603264-c264-4f50-88b1-da12adb68219@group-4AA4D358E024-LeaderElection55] INFO  segmented.SegmentedRaftLogWorker (SegmentedRaftLogWorker.java:rollLogSegment(390)) - 54603264-c264-4f50-88b1-da12adb68219@group-4AA4D358E024-SegmentedRaftLogWorker: Rolling segment log-0_2 to index:2
2019-10-09 23:59:18,519 [54603264-c264-4f50-88b1-da12adb68219@group-4AA4D358E024-LeaderElection55] INFO  impl.RaftServerImpl (ServerState.java:setRaftConf(356)) - 54603264-c264-4f50-88b1-da12adb68219@group-4AA4D358E024: set configuration 3: [c9bf6877-9cff-4b98-8a8e-7003cb757ecd:192.168.5.166:44297, 54603264-c264-4f50-88b1-da12adb68219:192.168.5.166:35382, 46c62e6e-4505-4efd-852b-69b3876e4d77:192.168.5.166:39995], old=null at 3
2019-10-09 23:59:18,520 [grpc-default-executor-5] WARN  server.GrpcLogAppender (LogUtils.java:warn(134)) - 54603264-c264-4f50-88b1-da12adb68219@group-4AA4D358E024->46c62e6e-4505-4efd-852b-69b3876e4d77-AppendLogResponseHandler: Failed appendEntries: org.apache.ratis.thirdparty.io.grpc.StatusRuntimeException: UNAVAILABLE: io exception
2019-10-09 23:59:18,520 [54603264-c264-4f50-88b1-da12adb68219@group-4AA4D358E024-SegmentedRaftLogWorker] INFO  segmented.SegmentedRaftLogWorker (SegmentedRaftLogWorker.java:execute(533)) - 54603264-c264-4f50-88b1-da12adb68219@group-4AA4D358E024-SegmentedRaftLogWorker: Rolled log segment from /workdir/hadoop-ozone/integration-test/target/test-dir/MiniOzoneClusterImpl-634ea9de-4d33-4471-86dd-709c178a0057/datanode-1/data/ratis/7f5ba234-2c60-4fb4-afde-4aa4d358e024/current/log_inprogress_0 to /workdir/hadoop-ozone/integration-test/target/test-dir/MiniOzoneClusterImpl-634ea9de-4d33-4471-86dd-709c178a0057/datanode-1/data/ratis/7f5ba234-2c60-4fb4-afde-4aa4d358e024/current/log_0-2
2019-10-09 23:59:18,520 [grpc-default-executor-5] INFO  impl.FollowerInfo (FollowerInfo.java:lambda$new$0(51)) - 54603264-c264-4f50-88b1-da12adb68219@group-4AA4D358E024->46c62e6e-4505-4efd-852b-69b3876e4d77: nextIndex: updateUnconditionally 3 -> 1
2019-10-09 23:59:18,520 [grpc-default-executor-6] INFO  ratis.XceiverServerRatis (XceiverServerRatis.java:handleLeaderChangedNotification(702)) - Leader change notification received for group: group-4AA4D358E024 with new leaderId: 54603264-c264-4f50-88b1-da12adb68219
2019-10-09 23:59:18,521 [grpc-default-executor-6] INFO  impl.RaftServerImpl (ServerState.java:setLeader(255)) - c9bf6877-9cff-4b98-8a8e-7003cb757ecd@group-4AA4D358E024: change Leader from null to 54603264-c264-4f50-88b1-da12adb68219 at term 2 for appendEntries, leader elected after 21ms
2019-10-09 23:59:18,524 [grpc-default-executor-6] INFO  impl.RaftServerImpl (ServerState.java:setRaftConf(356)) - c9bf6877-9cff-4b98-8a8e-7003cb757ecd@group-4AA4D358E024: set configuration 3: [c9bf6877-9cff-4b98-8a8e-7003cb757ecd:192.168.5.166:44297, 54603264-c264-4f50-88b1-da12adb68219:192.168.5.166:35382, 46c62e6e-4505-4efd-852b-69b3876e4d77:192.168.5.166:39995], old=null at 3
2019-10-09 23:59:18,524 [grpc-default-executor-6] INFO  segmented.SegmentedRaftLogWorker (SegmentedRaftLogWorker.java:rollLogSegment(390)) - c9bf6877-9cff-4b98-8a8e-7003cb757ecd@group-4AA4D358E024-SegmentedRaftLogWorker: Rolling segment log-0_2 to index:2
2019-10-09 23:59:18,525 [c9bf6877-9cff-4b98-8a8e-7003cb757ecd@group-4AA4D358E024-SegmentedRaftLogWorker] INFO  segmented.SegmentedRaftLogWorker (SegmentedRaftLogWorker.java:execute(533)) - c9bf6877-9cff-4b98-8a8e-7003cb757ecd@group-4AA4D358E024-SegmentedRaftLogWorker: Rolled log segment from /workdir/hadoop-ozone/integration-test/target/test-dir/MiniOzoneClusterImpl-634ea9de-4d33-4471-86dd-709c178a0057/datanode-0/data/ratis/7f5ba234-2c60-4fb4-afde-4aa4d358e024/current/log_inprogress_0 to /workdir/hadoop-ozone/integration-test/target/test-dir/MiniOzoneClusterImpl-634ea9de-4d33-4471-86dd-709c178a0057/datanode-0/data/ratis/7f5ba234-2c60-4fb4-afde-4aa4d358e024/current/log_0-2
2019-10-09 23:59:18,554 [54603264-c264-4f50-88b1-da12adb68219@group-4AA4D358E024-SegmentedRaftLogWorker] INFO  segmented.SegmentedRaftLogWorker (SegmentedRaftLogWorker.java:execute(576)) - 54603264-c264-4f50-88b1-da12adb68219@group-4AA4D358E024-SegmentedRaftLogWorker: created new log segment /workdir/hadoop-ozone/integration-test/target/test-dir/MiniOzoneClusterImpl-634ea9de-4d33-4471-86dd-709c178a0057/datanode-1/data/ratis/7f5ba234-2c60-4fb4-afde-4aa4d358e024/current/log_inprogress_3
2019-10-09 23:59:18,554 [c9bf6877-9cff-4b98-8a8e-7003cb757ecd@group-4AA4D358E024-SegmentedRaftLogWorker] INFO  segmented.SegmentedRaftLogWorker (SegmentedRaftLogWorker.java:execute(576)) - c9bf6877-9cff-4b98-8a8e-7003cb757ecd@group-4AA4D358E024-SegmentedRaftLogWorker: created new log segment /workdir/hadoop-ozone/integration-test/target/test-dir/MiniOzoneClusterImpl-634ea9de-4d33-4471-86dd-709c178a0057/datanode-0/data/ratis/7f5ba234-2c60-4fb4-afde-4aa4d358e024/current/log_inprogress_3
2019-10-09 23:59:18,562 [grpc-default-executor-7] WARN  server.GrpcLogAppender (LogUtils.java:warn(134)) - 54603264-c264-4f50-88b1-da12adb68219@group-4AA4D358E024->46c62e6e-4505-4efd-852b-69b3876e4d77-AppendLogResponseHandler: Failed appendEntries: org.apache.ratis.thirdparty.io.grpc.StatusRuntimeException: UNAVAILABLE: io exception
2019-10-09 23:59:18,562 [grpc-default-executor-7] INFO  impl.FollowerInfo (FollowerInfo.java:lambda$new$0(51)) - 54603264-c264-4f50-88b1-da12adb68219@group-4AA4D358E024->46c62e6e-4505-4efd-852b-69b3876e4d77: nextIndex: updateUnconditionally 2 -> 1
2019-10-09 23:59:18,572 [grpc-default-executor-5] WARN  server.GrpcLogAppender (LogUtils.java:warn(134)) - 54603264-c264-4f50-88b1-da12adb68219@group-4AA4D358E024->46c62e6e-4505-4efd-852b-69b3876e4d77-AppendLogResponseHandler: Failed appendEntries: org.apache.ratis.thirdparty.io.grpc.StatusRuntimeException: UNAVAILABLE: io exception
2019-10-09 23:59:18,573 [grpc-default-executor-5] INFO  impl.FollowerInfo (FollowerInfo.java:lambda$new$0(51)) - 54603264-c264-4f50-88b1-da12adb68219@group-4AA4D358E024->46c62e6e-4505-4efd-852b-69b3876e4d77: nextIndex: updateUnconditionally 2 -> 1
2019-10-09 23:59:18,862 [grpc-default-executor-6] WARN  server.GrpcLogAppender (LogUtils.java:warn(134)) - e0a2bbc5-e1f3-429a-8b57-8ad53d3fcfcf@group-C934F1EEB7D0->7efd9bf7-a6c0-4f93-9bd9-a1d7634c727c-AppendLogResponseHandler: Failed appendEntries: org.apache.ratis.thirdparty.io.grpc.StatusRuntimeException: UNAVAILABLE: io exception
2019-10-09 23:59:18,862 [grpc-default-executor-4] WARN  server.GrpcLogAppender (LogUtils.java:warn(134)) - e0a2bbc5-e1f3-429a-8b57-8ad53d3fcfcf@group-C934F1EEB7D0->d1b2fdb4-2a3c-478d-9f55-2a69fc770f7f-AppendLogResponseHandler: Failed appendEntries: org.apache.ratis.thirdparty.io.grpc.StatusRuntimeException: UNAVAILABLE: io exception
2019-10-09 23:59:18,863 [grpc-default-executor-6] INFO  impl.FollowerInfo (FollowerInfo.java:lambda$new$0(51)) - e0a2bbc5-e1f3-429a-8b57-8ad53d3fcfcf@group-C934F1EEB7D0->7efd9bf7-a6c0-4f93-9bd9-a1d7634c727c: nextIndex: updateUnconditionally 0 -> 0
2019-10-09 23:59:18,863 [grpc-default-executor-4] INFO  impl.FollowerInfo (FollowerInfo.java:lambda$new$0(51)) - e0a2bbc5-e1f3-429a-8b57-8ad53d3fcfcf@group-C934F1EEB7D0->d1b2fdb4-2a3c-478d-9f55-2a69fc770f7f: nextIndex: updateUnconditionally 0 -> 0
2019-10-09 23:59:18,943 [grpc-default-executor-7] WARN  server.GrpcLogAppender (LogUtils.java:warn(134)) - 54603264-c264-4f50-88b1-da12adb68219@group-4AA4D358E024->46c62e6e-4505-4efd-852b-69b3876e4d77-AppendLogResponseHandler: Failed appendEntries: org.apache.ratis.thirdparty.io.grpc.StatusRuntimeException: UNAVAILABLE: io exception
2019-10-09 23:59:18,943 [grpc-default-executor-7] INFO  impl.FollowerInfo (FollowerInfo.java:lambda$new$0(51)) - 54603264-c264-4f50-88b1-da12adb68219@group-4AA4D358E024->46c62e6e-4505-4efd-852b-69b3876e4d77: nextIndex: updateUnconditionally 2 -> 1
2019-10-09 23:59:18,955 [grpc-default-executor-4] WARN  server.GrpcLogAppender (LogUtils.java:warn(134)) - 54603264-c264-4f50-88b1-da12adb68219@group-4AA4D358E024->46c62e6e-4505-4efd-852b-69b3876e4d77-AppendLogResponseHandler: Failed appendEntries: org.apache.ratis.thirdparty.io.grpc.StatusRuntimeException: UNAVAILABLE: io exception
2019-10-09 23:59:18,955 [grpc-default-executor-4] INFO  impl.FollowerInfo (FollowerInfo.java:lambda$new$0(51)) - 54603264-c264-4f50-88b1-da12adb68219@group-4AA4D358E024->46c62e6e-4505-4efd-852b-69b3876e4d77: nextIndex: updateUnconditionally 2 -> 1
2019-10-09 23:59:18,968 [grpc-default-executor-7] WARN  server.GrpcLogAppender (LogUtils.java:warn(134)) - 54603264-c264-4f50-88b1-da12adb68219@group-4AA4D358E024->46c62e6e-4505-4efd-852b-69b3876e4d77-AppendLogResponseHandler: Failed appendEntries: org.apache.ratis.thirdparty.io.grpc.StatusRuntimeException: UNAVAILABLE: io exception
2019-10-09 23:59:18,968 [grpc-default-executor-7] INFO  impl.FollowerInfo (FollowerInfo.java:lambda$new$0(51)) - 54603264-c264-4f50-88b1-da12adb68219@group-4AA4D358E024->46c62e6e-4505-4efd-852b-69b3876e4d77: nextIndex: updateUnconditionally 2 -> 1
2019-10-09 23:59:18,969 [EventQueue-IncrementalContainerReportForIncrementalContainerReportHandler] WARN  container.IncrementalContainerReportHandler (AbstractContainerReportHandler.java:updateContainerState(145)) - Container #1 is in OPEN state, but the datanode 54603264-c264-4f50-88b1-da12adb68219{ip: 192.168.5.166, host: pr-hdds-1868-fg6nx-4263576025, networkLocation: /default-rack, certSerialId: null} reports an CLOSING replica.
2019-10-09 23:59:18,995 [EventQueue-IncrementalContainerReportForIncrementalContainerReportHandler] WARN  container.IncrementalContainerReportHandler (AbstractContainerReportHandler.java:updateContainerState(145)) - Container #1 is in OPEN state, but the datanode c9bf6877-9cff-4b98-8a8e-7003cb757ecd{ip: 192.168.5.166, host: pr-hdds-1868-fg6nx-4263576025, networkLocation: /default-rack, certSerialId: null} reports an CLOSING replica.
2019-10-09 23:59:19,035 [RatisApplyTransactionExecutor 1] INFO  interfaces.Container (KeyValueContainer.java:flushAndSyncDB(386)) - Container 1 is synced with bcsId 0.
2019-10-09 23:59:19,077 [RatisApplyTransactionExecutor 1] INFO  interfaces.Container (KeyValueContainer.java:flushAndSyncDB(386)) - Container 1 is synced with bcsId 0.
2019-10-09 23:59:19,087 [RatisApplyTransactionExecutor 1] INFO  interfaces.Container (KeyValueContainer.java:flushAndSyncDB(386)) - Container 1 is synced with bcsId 0.
2019-10-09 23:59:19,088 [RatisApplyTransactionExecutor 1] INFO  interfaces.Container (KeyValueContainer.java:flushAndSyncDB(386)) - Container 1 is synced with bcsId 0.
2019-10-09 23:59:19,102 [RatisApplyTransactionExecutor 1] INFO  interfaces.Container (KeyValueContainer.java:close(335)) - Container 1 is closed with bcsId 0.
2019-10-09 23:59:19,102 [RatisApplyTransactionExecutor 1] INFO  interfaces.Container (KeyValueContainer.java:close(335)) - Container 1 is closed with bcsId 0.
2019-10-09 23:59:19,108 [EventQueue-IncrementalContainerReportForIncrementalContainerReportHandler] WARN  container.IncrementalContainerReportHandler (AbstractContainerReportHandler.java:updateContainerState(145)) - Container #1 is in OPEN state, but the datanode 54603264-c264-4f50-88b1-da12adb68219{ip: 192.168.5.166, host: pr-hdds-1868-fg6nx-4263576025, networkLocation: /default-rack, certSerialId: null} reports an CLOSED replica.
2019-10-09 23:59:19,108 [EventQueue-IncrementalContainerReportForIncrementalContainerReportHandler] WARN  container.IncrementalContainerReportHandler (AbstractContainerReportHandler.java:updateContainerState(145)) - Container #1 is in OPEN state, but the datanode c9bf6877-9cff-4b98-8a8e-7003cb757ecd{ip: 192.168.5.166, host: pr-hdds-1868-fg6nx-4263576025, networkLocation: /default-rack, certSerialId: null} reports an CLOSED replica.
2019-10-09 23:59:21,364 [grpc-default-executor-7] WARN  server.GrpcLogAppender (LogUtils.java:warn(134)) - e0a2bbc5-e1f3-429a-8b57-8ad53d3fcfcf@group-C934F1EEB7D0->d1b2fdb4-2a3c-478d-9f55-2a69fc770f7f-AppendLogResponseHandler: Failed appendEntries: org.apache.ratis.thirdparty.io.grpc.StatusRuntimeException: UNAVAILABLE: io exception
2019-10-09 23:59:21,364 [grpc-default-executor-4] WARN  server.GrpcLogAppender (LogUtils.java:warn(134)) - e0a2bbc5-e1f3-429a-8b57-8ad53d3fcfcf@group-C934F1EEB7D0->7efd9bf7-a6c0-4f93-9bd9-a1d7634c727c-AppendLogResponseHandler: Failed appendEntries: org.apache.ratis.thirdparty.io.grpc.StatusRuntimeException: UNAVAILABLE: io exception
2019-10-09 23:59:21,365 [grpc-default-executor-7] INFO  impl.FollowerInfo (FollowerInfo.java:lambda$new$0(51)) - e0a2bbc5-e1f3-429a-8b57-8ad53d3fcfcf@group-C934F1EEB7D0->d1b2fdb4-2a3c-478d-9f55-2a69fc770f7f: nextIndex: updateUnconditionally 0 -> 0
2019-10-09 23:59:21,365 [grpc-default-executor-4] INFO  impl.FollowerInfo (FollowerInfo.java:lambda$new$0(51)) - e0a2bbc5-e1f3-429a-8b57-8ad53d3fcfcf@group-C934F1EEB7D0->7efd9bf7-a6c0-4f93-9bd9-a1d7634c727c: nextIndex: updateUnconditionally 0 -> 0
2019-10-09 23:59:21,469 [grpc-default-executor-4] WARN  server.GrpcLogAppender (LogUtils.java:warn(134)) - 54603264-c264-4f50-88b1-da12adb68219@group-4AA4D358E024->46c62e6e-4505-4efd-852b-69b3876e4d77-AppendLogResponseHandler: Failed appendEntries: org.apache.ratis.thirdparty.io.grpc.StatusRuntimeException: UNAVAILABLE: io exception
2019-10-09 23:59:21,469 [grpc-default-executor-4] INFO  impl.FollowerInfo (FollowerInfo.java:lambda$new$0(51)) - 54603264-c264-4f50-88b1-da12adb68219@group-4AA4D358E024->46c62e6e-4505-4efd-852b-69b3876e4d77: nextIndex: updateUnconditionally 1 -> 0
2019-10-09 23:59:22,113 [main] WARN  scm.XceiverClientRatis (XceiverClientRatis.java:watchForCommit(277)) - 3 way commit failed on pipeline Pipeline[ Id: 7f5ba234-2c60-4fb4-afde-4aa4d358e024, Nodes: 46c62e6e-4505-4efd-852b-69b3876e4d77{ip: 192.168.5.166, host: pr-hdds-1868-fg6nx-4263576025, networkLocation: /default-rack, certSerialId: null}c9bf6877-9cff-4b98-8a8e-7003cb757ecd{ip: 192.168.5.166, host: pr-hdds-1868-fg6nx-4263576025, networkLocation: /default-rack, certSerialId: null}54603264-c264-4f50-88b1-da12adb68219{ip: 192.168.5.166, host: pr-hdds-1868-fg6nx-4263576025, networkLocation: /default-rack, certSerialId: null}, Type:RATIS, Factor:THREE, State:OPEN]
java.util.concurrent.TimeoutException
	at java.util.concurrent.CompletableFuture.timedGet(CompletableFuture.java:1771)
	at java.util.concurrent.CompletableFuture.get(CompletableFuture.java:1915)
	at org.apache.hadoop.hdds.scm.XceiverClientRatis.watchForCommit(XceiverClientRatis.java:274)
	at org.apache.hadoop.ozone.client.rpc.TestWatchForCommit.test2WayCommitForTimeoutException(TestWatchForCommit.java:391)
	at sun.reflect.NativeMethodAccessorImpl.invoke0(Native Method)
	at sun.reflect.NativeMethodAccessorImpl.invoke(NativeMethodAccessorImpl.java:62)
	at sun.reflect.DelegatingMethodAccessorImpl.invoke(DelegatingMethodAccessorImpl.java:43)
	at java.lang.reflect.Method.invoke(Method.java:498)
	at org.junit.runners.model.FrameworkMethod$1.runReflectiveCall(FrameworkMethod.java:47)
	at org.junit.internal.runners.model.ReflectiveCallable.run(ReflectiveCallable.java:12)
	at org.junit.runners.model.FrameworkMethod.invokeExplosively(FrameworkMethod.java:44)
	at org.junit.internal.runners.statements.InvokeMethod.evaluate(InvokeMethod.java:17)
	at org.junit.runners.ParentRunner.runLeaf(ParentRunner.java:271)
	at org.junit.runners.BlockJUnit4ClassRunner.runChild(BlockJUnit4ClassRunner.java:70)
	at org.junit.runners.BlockJUnit4ClassRunner.runChild(BlockJUnit4ClassRunner.java:50)
	at org.junit.runners.ParentRunner$3.run(ParentRunner.java:238)
	at org.junit.runners.ParentRunner$1.schedule(ParentRunner.java:63)
	at org.junit.runners.ParentRunner.runChildren(ParentRunner.java:236)
	at org.junit.runners.ParentRunner.access$000(ParentRunner.java:53)
	at org.junit.runners.ParentRunner$2.evaluate(ParentRunner.java:229)
	at org.junit.runners.ParentRunner.run(ParentRunner.java:309)
	at org.apache.maven.surefire.junit4.JUnit4Provider.execute(JUnit4Provider.java:365)
	at org.apache.maven.surefire.junit4.JUnit4Provider.executeWithRerun(JUnit4Provider.java:273)
	at org.apache.maven.surefire.junit4.JUnit4Provider.executeTestSet(JUnit4Provider.java:238)
	at org.apache.maven.surefire.junit4.JUnit4Provider.invoke(JUnit4Provider.java:159)
	at org.apache.maven.surefire.booter.ForkedBooter.invokeProviderInSameClassLoader(ForkedBooter.java:384)
	at org.apache.maven.surefire.booter.ForkedBooter.runSuitesInProcess(ForkedBooter.java:345)
	at org.apache.maven.surefire.booter.ForkedBooter.execute(ForkedBooter.java:126)
	at org.apache.maven.surefire.booter.ForkedBooter.main(ForkedBooter.java:418)
2019-10-09 23:59:23,865 [grpc-default-executor-7] WARN  server.GrpcLogAppender (LogUtils.java:warn(134)) - e0a2bbc5-e1f3-429a-8b57-8ad53d3fcfcf@group-C934F1EEB7D0->d1b2fdb4-2a3c-478d-9f55-2a69fc770f7f-AppendLogResponseHandler: Failed appendEntries: org.apache.ratis.thirdparty.io.grpc.StatusRuntimeException: UNAVAILABLE: io exception
2019-10-09 23:59:23,865 [grpc-default-executor-5] WARN  server.GrpcLogAppender (LogUtils.java:warn(134)) - e0a2bbc5-e1f3-429a-8b57-8ad53d3fcfcf@group-C934F1EEB7D0->7efd9bf7-a6c0-4f93-9bd9-a1d7634c727c-AppendLogResponseHandler: Failed appendEntries: org.apache.ratis.thirdparty.io.grpc.StatusRuntimeException: UNAVAILABLE: io exception
2019-10-09 23:59:23,866 [grpc-default-executor-7] INFO  impl.FollowerInfo (FollowerInfo.java:lambda$new$0(51)) - e0a2bbc5-e1f3-429a-8b57-8ad53d3fcfcf@group-C934F1EEB7D0->d1b2fdb4-2a3c-478d-9f55-2a69fc770f7f: nextIndex: updateUnconditionally 0 -> 0
2019-10-09 23:59:23,866 [grpc-default-executor-5] INFO  impl.FollowerInfo (FollowerInfo.java:lambda$new$0(51)) - e0a2bbc5-e1f3-429a-8b57-8ad53d3fcfcf@group-C934F1EEB7D0->7efd9bf7-a6c0-4f93-9bd9-a1d7634c727c: nextIndex: updateUnconditionally 0 -> 0
2019-10-09 23:59:23,970 [grpc-default-executor-5] WARN  server.GrpcLogAppender (LogUtils.java:warn(134)) - 54603264-c264-4f50-88b1-da12adb68219@group-4AA4D358E024->46c62e6e-4505-4efd-852b-69b3876e4d77-AppendLogResponseHandler: Failed appendEntries: org.apache.ratis.thirdparty.io.grpc.StatusRuntimeException: UNAVAILABLE: io exception
2019-10-09 23:59:23,970 [grpc-default-executor-5] INFO  impl.FollowerInfo (FollowerInfo.java:lambda$new$0(51)) - 54603264-c264-4f50-88b1-da12adb68219@group-4AA4D358E024->46c62e6e-4505-4efd-852b-69b3876e4d77: nextIndex: updateUnconditionally 0 -> 0
]]></system-out>
  </testcase>
</testsuite>