<?xml version="1.0" encoding="UTF-8"?>
<testsuite xmlns:xsi="http://www.w3.org/2001/XMLSchema-instance" xsi:noNamespaceSchemaLocation="https://maven.apache.org/surefire/maven-surefire-plugin/xsd/surefire-test-report.xsd" name="org.apache.hadoop.ozone.client.rpc.TestBlockOutputStreamWithFailures" time="681.122" tests="8" errors="2" skipped="0" failures="0">
  <properties>
    <property name="awt.toolkit" value="sun.awt.X11.XToolkit"/>
    <property name="file.encoding.pkg" value="sun.io"/>
    <property name="java.specification.version" value="1.8"/>
    <property name="sun.cpu.isalist" value=""/>
    <property name="sun.jnu.encoding" value="UTF-8"/>
    <property name="java.class.path" value="/workdir/hadoop-ozone/integration-test/target/test-classes:/workdir/hadoop-ozone/integration-test/target/classes:/home/user/.m2/repository/org/apache/hadoop/hadoop-ozone-common/0.5.0-SNAPSHOT/hadoop-ozone-common-0.5.0-SNAPSHOT.jar:/home/user/.m2/repository/org/apache/commons/commons-compress/1.4.1/commons-compress-1.4.1.jar:/home/user/.m2/repository/org/tukaani/xz/1.0/xz-1.0.jar:/home/user/.m2/repository/org/apache/hadoop/hadoop-common/3.2.0/hadoop-common-3.2.0.jar:/home/user/.m2/repository/org/apache/hadoop/hadoop-hdfs/3.2.0/hadoop-hdfs-3.2.0.jar:/home/user/.m2/repository/org/apache/hadoop/hadoop-hdfs-client/3.2.0/hadoop-hdfs-client-3.2.0.jar:/home/user/.m2/repository/com/fasterxml/jackson/core/jackson-annotations/2.9.9/jackson-annotations-2.9.9.jar:/home/user/.m2/repository/org/apache/hadoop/hadoop-hdds-common/0.5.0-SNAPSHOT/hadoop-hdds-common-0.5.0-SNAPSHOT.jar:/home/user/.m2/repository/javax/annotation/javax.annotation-api/1.2/javax.annotation-api-1.2.jar:/home/user/.m2/repository/org/apache/ratis/ratis-server/0.4.0/ratis-server-0.4.0.jar:/home/user/.m2/repository/org/apache/ratis/ratis-thirdparty-misc/0.2.0/ratis-thirdparty-misc-0.2.0.jar:/home/user/.m2/repository/org/apache/ratis/ratis-proto/0.4.0/ratis-proto-0.4.0.jar:/home/user/.m2/repository/org/apache/ratis/ratis-common/0.4.0/ratis-common-0.4.0.jar:/home/user/.m2/repository/org/apache/ratis/ratis-client/0.4.0/ratis-client-0.4.0.jar:/home/user/.m2/repository/org/apache/ratis/ratis-metrics/0.4.0/ratis-metrics-0.4.0.jar:/home/user/.m2/repository/com/github/joshelser/dropwizard-metrics-hadoop-metrics2-reporter/0.1.2/dropwizard-metrics-hadoop-metrics2-reporter-0.1.2.jar:/home/user/.m2/repository/io/dropwizard/metrics/metrics-jvm/3.2.5/metrics-jvm-3.2.5.jar:/home/user/.m2/repository/io/dropwizard/metrics/metrics-ganglia/3.2.5/metrics-ganglia-3.2.5.jar:/home/user/.m2/repository/info/ganglia/gmetric4j/gmetric4j/1.0.7/gmetric4j-1.0.7.jar:/home/user/.m2/repository/org/apache/ratis/ratis-netty/0.4.0/ratis-netty-0.4.0.jar:/home/user/.m2/repository/org/apache/ratis/ratis-grpc/0.4.0/ratis-grpc-0.4.0.jar:/home/user/.m2/repository/org/rocksdb/rocksdbjni/6.0.1/rocksdbjni-6.0.1.jar:/home/user/.m2/repository/org/apache/logging/log4j/log4j-api/2.11.0/log4j-api-2.11.0.jar:/home/user/.m2/repository/org/apache/logging/log4j/log4j-core/2.11.0/log4j-core-2.11.0.jar:/home/user/.m2/repository/com/lmax/disruptor/3.4.2/disruptor-3.4.2.jar:/home/user/.m2/repository/org/apache/commons/commons-pool2/2.6.0/commons-pool2-2.6.0.jar:/home/user/.m2/repository/org/bouncycastle/bcpkix-jdk15on/1.60/bcpkix-jdk15on-1.60.jar:/home/user/.m2/repository/commons-validator/commons-validator/1.6/commons-validator-1.6.jar:/home/user/.m2/repository/commons-digester/commons-digester/1.8.1/commons-digester-1.8.1.jar:/home/user/.m2/repository/io/jaegertracing/jaeger-client/0.34.0/jaeger-client-0.34.0.jar:/home/user/.m2/repository/io/jaegertracing/jaeger-thrift/0.34.0/jaeger-thrift-0.34.0.jar:/home/user/.m2/repository/org/apache/thrift/libthrift/0.12.0/libthrift-0.12.0.jar:/home/user/.m2/repository/com/squareup/okhttp3/okhttp/3.9.0/okhttp-3.9.0.jar:/home/user/.m2/repository/com/squareup/okio/okio/1.13.0/okio-1.13.0.jar:/home/user/.m2/repository/io/jaegertracing/jaeger-core/0.34.0/jaeger-core-0.34.0.jar:/home/user/.m2/repository/io/jaegertracing/jaeger-tracerresolver/0.34.0/jaeger-tracerresolver-0.34.0.jar:/home/user/.m2/repository/io/opentracing/contrib/opentracing-tracerresolver/0.1.5/opentracing-tracerresolver-0.1.5.jar:/home/user/.m2/repository/io/opentracing/opentracing-util/0.31.0/opentracing-util-0.31.0.jar:/home/user/.m2/repository/io/opentracing/opentracing-api/0.31.0/opentracing-api-0.31.0.jar:/home/user/.m2/repository/io/opentracing/opentracing-noop/0.31.0/opentracing-noop-0.31.0.jar:/home/user/.m2/repository/org/apache/hadoop/hadoop-hdds-server-framework/0.5.0-SNAPSHOT/hadoop-hdds-server-framework-0.5.0-SNAPSHOT.jar:/home/user/.m2/repository/org/apache/hadoop/hadoop-hdds-container-service/0.5.0-SNAPSHOT/hadoop-hdds-container-service-0.5.0-SNAPSHOT.jar:/home/user/.m2/repository/org/apache/hadoop/hadoop-hdds-client/0.5.0-SNAPSHOT/hadoop-hdds-client-0.5.0-SNAPSHOT.jar:/home/user/.m2/repository/org/apache/hadoop/hadoop-hdds-tools/0.5.0-SNAPSHOT/hadoop-hdds-tools-0.5.0-SNAPSHOT.jar:/home/user/.m2/repository/org/apache/hadoop/hadoop-hdds-server-scm/0.5.0-SNAPSHOT/hadoop-hdds-server-scm-0.5.0-SNAPSHOT.jar:/home/user/.m2/repository/org/apache/hadoop/hadoop-hdds-docs/0.5.0-SNAPSHOT/hadoop-hdds-docs-0.5.0-SNAPSHOT.jar:/home/user/.m2/repository/io/dropwizard/metrics/metrics-core/3.2.4/metrics-core-3.2.4.jar:/home/user/.m2/repository/org/hamcrest/hamcrest-all/1.3/hamcrest-all-1.3.jar:/home/user/.m2/repository/org/bouncycastle/bcprov-jdk15on/1.60/bcprov-jdk15on-1.60.jar:/home/user/.m2/repository/info/picocli/picocli/3.9.6/picocli-3.9.6.jar:/home/user/.m2/repository/com/google/protobuf/protobuf-java/2.5.0/protobuf-java-2.5.0.jar:/home/user/.m2/repository/com/google/guava/guava/11.0.2/guava-11.0.2.jar:/home/user/.m2/repository/org/apache/hadoop/hadoop-ozone-ozone-manager/0.5.0-SNAPSHOT/hadoop-ozone-ozone-manager-0.5.0-SNAPSHOT.jar:/home/user/.m2/repository/org/apache/hadoop/hadoop-minikdc/3.2.0/hadoop-minikdc-3.2.0.jar:/home/user/.m2/repository/commons-io/commons-io/2.5/commons-io-2.5.jar:/home/user/.m2/repository/org/apache/kerby/kerb-simplekdc/1.0.1/kerb-simplekdc-1.0.1.jar:/home/user/.m2/repository/org/apache/kerby/kerb-client/1.0.1/kerb-client-1.0.1.jar:/home/user/.m2/repository/org/apache/kerby/kerby-config/1.0.1/kerby-config-1.0.1.jar:/home/user/.m2/repository/org/apache/kerby/kerb-core/1.0.1/kerb-core-1.0.1.jar:/home/user/.m2/repository/org/apache/kerby/kerby-pkix/1.0.1/kerby-pkix-1.0.1.jar:/home/user/.m2/repository/org/apache/kerby/kerby-asn1/1.0.1/kerby-asn1-1.0.1.jar:/home/user/.m2/repository/org/apache/kerby/kerby-util/1.0.1/kerby-util-1.0.1.jar:/home/user/.m2/repository/org/apache/kerby/kerb-common/1.0.1/kerb-common-1.0.1.jar:/home/user/.m2/repository/org/apache/kerby/kerb-crypto/1.0.1/kerb-crypto-1.0.1.jar:/home/user/.m2/repository/org/apache/kerby/kerb-util/1.0.1/kerb-util-1.0.1.jar:/home/user/.m2/repository/org/apache/kerby/token-provider/1.0.1/token-provider-1.0.1.jar:/home/user/.m2/repository/org/apache/kerby/kerb-admin/1.0.1/kerb-admin-1.0.1.jar:/home/user/.m2/repository/org/apache/kerby/kerb-server/1.0.1/kerb-server-1.0.1.jar:/home/user/.m2/repository/org/apache/kerby/kerb-identity/1.0.1/kerb-identity-1.0.1.jar:/home/user/.m2/repository/org/apache/kerby/kerby-xdr/1.0.1/kerby-xdr-1.0.1.jar:/home/user/.m2/repository/org/slf4j/slf4j-log4j12/1.7.25/slf4j-log4j12-1.7.25.jar:/home/user/.m2/repository/org/apache/hadoop/hadoop-ozone-s3gateway/0.5.0-SNAPSHOT/hadoop-ozone-s3gateway-0.5.0-SNAPSHOT.jar:/home/user/.m2/repository/org/jboss/weld/servlet/weld-servlet/2.4.7.Final/weld-servlet-2.4.7.Final.jar:/home/user/.m2/repository/org/glassfish/jersey/containers/jersey-container-servlet-core/2.27/jersey-container-servlet-core-2.27.jar:/home/user/.m2/repository/org/glassfish/hk2/external/javax.inject/2.5.0-b42/javax.inject-2.5.0-b42.jar:/home/user/.m2/repository/org/glassfish/jersey/core/jersey-common/2.27/jersey-common-2.27.jar:/home/user/.m2/repository/org/glassfish/hk2/osgi-resource-locator/1.0.1/osgi-resource-locator-1.0.1.jar:/home/user/.m2/repository/javax/ws/rs/javax.ws.rs-api/2.1/javax.ws.rs-api-2.1.jar:/home/user/.m2/repository/org/glassfish/jersey/ext/cdi/jersey-cdi1x/2.27/jersey-cdi1x-2.27.jar:/home/user/.m2/repository/org/glassfish/jersey/inject/jersey-hk2/2.27/jersey-hk2-2.27.jar:/home/user/.m2/repository/org/glassfish/hk2/hk2-locator/2.5.0-b42/hk2-locator-2.5.0-b42.jar:/home/user/.m2/repository/org/javassist/javassist/3.22.0-CR2/javassist-3.22.0-CR2.jar:/home/user/.m2/repository/org/glassfish/hk2/hk2-api/2.5.0/hk2-api-2.5.0.jar:/home/user/.m2/repository/org/glassfish/hk2/external/jakarta.inject/2.5.0/jakarta.inject-2.5.0.jar:/home/user/.m2/repository/org/glassfish/hk2/hk2-utils/2.5.0/hk2-utils-2.5.0.jar:/home/user/.m2/repository/jakarta/annotation/jakarta.annotation-api/1.3.4/jakarta.annotation-api-1.3.4.jar:/home/user/.m2/repository/org/glassfish/hk2/external/aopalliance-repackaged/2.5.0/aopalliance-repackaged-2.5.0.jar:/home/user/.m2/repository/com/fasterxml/jackson/dataformat/jackson-dataformat-xml/2.9.0/jackson-dataformat-xml-2.9.0.jar:/home/user/.m2/repository/com/fasterxml/jackson/core/jackson-core/2.9.9/jackson-core-2.9.9.jar:/home/user/.m2/repository/com/fasterxml/jackson/module/jackson-module-jaxb-annotations/2.9.9/jackson-module-jaxb-annotations-2.9.9.jar:/home/user/.m2/repository/javax/enterprise/cdi-api/1.2/cdi-api-1.2.jar:/home/user/.m2/repository/javax/el/javax.el-api/3.0.0/javax.el-api-3.0.0.jar:/home/user/.m2/repository/javax/interceptor/javax.interceptor-api/1.2/javax.interceptor-api-1.2.jar:/home/user/.m2/repository/javax/inject/javax.inject/1/javax.inject-1.jar:/home/user/.m2/repository/com/sun/xml/bind/jaxb-impl/2.3.0.1/jaxb-impl-2.3.0.1.jar:/home/user/.m2/repository/com/sun/xml/bind/jaxb-core/2.3.0.1/jaxb-core-2.3.0.1.jar:/home/user/.m2/repository/javax/xml/bind/jaxb-api/2.3.0/jaxb-api-2.3.0.jar:/home/user/.m2/repository/javax/activation/activation/1.1.1/activation-1.1.1.jar:/home/user/.m2/repository/org/apache/hadoop/hadoop-ozone-csi/0.5.0-SNAPSHOT/hadoop-ozone-csi-0.5.0-SNAPSHOT.jar:/home/user/.m2/repository/com/google/protobuf/protobuf-java-util/3.5.1/protobuf-java-util-3.5.1.jar:/home/user/.m2/repository/org/apache/hadoop/hadoop-hdds-config/0.5.0-SNAPSHOT/hadoop-hdds-config-0.5.0-SNAPSHOT.jar:/home/user/.m2/repository/io/grpc/grpc-netty/1.17.1/grpc-netty-1.17.1.jar:/home/user/.m2/repository/io/grpc/grpc-core/1.17.1/grpc-core-1.17.1.jar:/home/user/.m2/repository/io/grpc/grpc-context/1.17.1/grpc-context-1.17.1.jar:/home/user/.m2/repository/com/google/errorprone/error_prone_annotations/2.2.0/error_prone_annotations-2.2.0.jar:/home/user/.m2/repository/org/codehaus/mojo/animal-sniffer-annotations/1.17/animal-sniffer-annotations-1.17.jar:/home/user/.m2/repository/io/opencensus/opencensus-api/0.17.0/opencensus-api-0.17.0.jar:/home/user/.m2/repository/io/opencensus/opencensus-contrib-grpc-metrics/0.17.0/opencensus-contrib-grpc-metrics-0.17.0.jar:/home/user/.m2/repository/io/netty/netty-codec-http2/4.1.30.Final/netty-codec-http2-4.1.30.Final.jar:/home/user/.m2/repository/io/netty/netty-codec-http/4.1.30.Final/netty-codec-http-4.1.30.Final.jar:/home/user/.m2/repository/io/netty/netty-codec/4.1.30.Final/netty-codec-4.1.30.Final.jar:/home/user/.m2/repository/io/netty/netty-handler/4.1.30.Final/netty-handler-4.1.30.Final.jar:/home/user/.m2/repository/io/netty/netty-handler-proxy/4.1.30.Final/netty-handler-proxy-4.1.30.Final.jar:/home/user/.m2/repository/io/netty/netty-codec-socks/4.1.30.Final/netty-codec-socks-4.1.30.Final.jar:/home/user/.m2/repository/io/netty/netty-transport-native-epoll/4.1.30.Final/netty-transport-native-epoll-4.1.30.Final.jar:/home/user/.m2/repository/io/netty/netty-common/4.1.30.Final/netty-common-4.1.30.Final.jar:/home/user/.m2/repository/io/netty/netty-buffer/4.1.30.Final/netty-buffer-4.1.30.Final.jar:/home/user/.m2/repository/io/netty/netty-transport/4.1.30.Final/netty-transport-4.1.30.Final.jar:/home/user/.m2/repository/io/netty/netty-resolver/4.1.30.Final/netty-resolver-4.1.30.Final.jar:/home/user/.m2/repository/io/netty/netty-transport-native-unix-common/4.1.30.Final/netty-transport-native-unix-common-4.1.30.Final.jar:/home/user/.m2/repository/io/grpc/grpc-protobuf/1.17.1/grpc-protobuf-1.17.1.jar:/home/user/.m2/repository/com/google/api/grpc/proto-google-common-protos/1.0.0/proto-google-common-protos-1.0.0.jar:/home/user/.m2/repository/io/grpc/grpc-protobuf-lite/1.17.1/grpc-protobuf-lite-1.17.1.jar:/home/user/.m2/repository/io/grpc/grpc-stub/1.17.1/grpc-stub-1.17.1.jar:/home/user/.m2/repository/org/apache/hadoop/hadoop-ozone-recon/0.5.0-SNAPSHOT/hadoop-ozone-recon-0.5.0-SNAPSHOT.jar:/home/user/.m2/repository/org/apache/hadoop/hadoop-ozone-reconcodegen/0.5.0-SNAPSHOT/hadoop-ozone-reconcodegen-0.5.0-SNAPSHOT.jar:/home/user/.m2/repository/com/google/inject/extensions/guice-multibindings/4.0/guice-multibindings-4.0.jar:/home/user/.m2/repository/com/google/inject/guice/4.0/guice-4.0.jar:/home/user/.m2/repository/aopalliance/aopalliance/1.0/aopalliance-1.0.jar:/home/user/.m2/repository/com/google/inject/extensions/guice-servlet/4.0/guice-servlet-4.0.jar:/home/user/.m2/repository/org/glassfish/jersey/containers/jersey-container-servlet/2.27/jersey-container-servlet-2.27.jar:/home/user/.m2/repository/org/glassfish/hk2/guice-bridge/2.5.0/guice-bridge-2.5.0.jar:/home/user/.m2/repository/org/glassfish/jersey/core/jersey-server/2.27/jersey-server-2.27.jar:/home/user/.m2/repository/org/glassfish/jersey/core/jersey-client/2.27/jersey-client-2.27.jar:/home/user/.m2/repository/org/glassfish/jersey/media/jersey-media-jaxb/2.27/jersey-media-jaxb-2.27.jar:/home/user/.m2/repository/javax/validation/validation-api/1.1.0.Final/validation-api-1.1.0.Final.jar:/home/user/.m2/repository/org/glassfish/jersey/media/jersey-media-json-jackson/2.27/jersey-media-json-jackson-2.27.jar:/home/user/.m2/repository/org/glassfish/jersey/ext/jersey-entity-filtering/2.27/jersey-entity-filtering-2.27.jar:/home/user/.m2/repository/com/google/inject/extensions/guice-assistedinject/4.0/guice-assistedinject-4.0.jar:/home/user/.m2/repository/org/jooq/jooq/3.11.10/jooq-3.11.10.jar:/home/user/.m2/repository/org/jooq/jooq-meta/3.11.10/jooq-meta-3.11.10.jar:/home/user/.m2/repository/org/jooq/jooq-codegen/3.11.10/jooq-codegen-3.11.10.jar:/home/user/.m2/repository/com/jolbox/bonecp/0.8.0.RELEASE/bonecp-0.8.0.RELEASE.jar:/home/user/.m2/repository/org/xerial/sqlite-jdbc/3.25.2/sqlite-jdbc-3.25.2.jar:/home/user/.m2/repository/org/springframework/spring-jdbc/5.1.3.RELEASE/spring-jdbc-5.1.3.RELEASE.jar:/home/user/.m2/repository/org/springframework/spring-beans/5.1.3.RELEASE/spring-beans-5.1.3.RELEASE.jar:/home/user/.m2/repository/org/springframework/spring-core/5.1.3.RELEASE/spring-core-5.1.3.RELEASE.jar:/home/user/.m2/repository/org/springframework/spring-jcl/5.1.3.RELEASE/spring-jcl-5.1.3.RELEASE.jar:/home/user/.m2/repository/org/springframework/spring-tx/5.1.3.RELEASE/spring-tx-5.1.3.RELEASE.jar:/home/user/.m2/repository/org/apache/hadoop/hadoop-ozone-client/0.5.0-SNAPSHOT/hadoop-ozone-client-0.5.0-SNAPSHOT.jar:/home/user/.m2/repository/commons-lang/commons-lang/2.6/commons-lang-2.6.jar:/home/user/.m2/repository/org/apache/hadoop/hadoop-ozone-ozone-manager/0.5.0-SNAPSHOT/hadoop-ozone-ozone-manager-0.5.0-SNAPSHOT-tests.jar:/home/user/.m2/repository/junit/junit/4.11/junit-4.11.jar:/home/user/.m2/repository/org/hamcrest/hamcrest-core/1.3/hamcrest-core-1.3.jar:/home/user/.m2/repository/org/openjdk/jmh/jmh-core/1.19/jmh-core-1.19.jar:/home/user/.m2/repository/net/sf/jopt-simple/jopt-simple/4.6/jopt-simple-4.6.jar:/home/user/.m2/repository/org/apache/commons/commons-math3/3.1.1/commons-math3-3.1.1.jar:/home/user/.m2/repository/org/openjdk/jmh/jmh-generator-annprocess/1.19/jmh-generator-annprocess-1.19.jar:/home/user/.m2/repository/org/mockito/mockito-all/1.8.5/mockito-all-1.8.5.jar:/home/user/.m2/repository/org/apache/hadoop/hadoop-kms/3.2.0/hadoop-kms-3.2.0.jar:/home/user/.m2/repository/org/apache/hadoop/hadoop-auth/3.2.0/hadoop-auth-3.2.0.jar:/home/user/.m2/repository/com/nimbusds/nimbus-jose-jwt/4.41.1/nimbus-jose-jwt-4.41.1.jar:/home/user/.m2/repository/com/github/stephenc/jcip/jcip-annotations/1.0-1/jcip-annotations-1.0-1.jar:/home/user/.m2/repository/net/minidev/json-smart/2.3/json-smart-2.3.jar:/home/user/.m2/repository/net/minidev/accessors-smart/1.2/accessors-smart-1.2.jar:/home/user/.m2/repository/org/ow2/asm/asm/5.0.4/asm-5.0.4.jar:/home/user/.m2/repository/org/apache/curator/curator-framework/2.12.0/curator-framework-2.12.0.jar:/home/user/.m2/repository/com/sun/jersey/jersey-core/1.19/jersey-core-1.19.jar:/home/user/.m2/repository/javax/ws/rs/jsr311-api/1.1.1/jsr311-api-1.1.1.jar:/home/user/.m2/repository/com/sun/jersey/jersey-server/1.19/jersey-server-1.19.jar:/home/user/.m2/repository/javax/servlet/javax.servlet-api/3.1.0/javax.servlet-api-3.1.0.jar:/home/user/.m2/repository/org/eclipse/jetty/jetty-server/9.3.25.v20180904/jetty-server-9.3.25.v20180904.jar:/home/user/.m2/repository/org/eclipse/jetty/jetty-http/9.3.25.v20180904/jetty-http-9.3.25.v20180904.jar:/home/user/.m2/repository/org/eclipse/jetty/jetty-io/9.3.25.v20180904/jetty-io-9.3.25.v20180904.jar:/home/user/.m2/repository/org/eclipse/jetty/jetty-webapp/9.3.25.v20180904/jetty-webapp-9.3.25.v20180904.jar:/home/user/.m2/repository/org/eclipse/jetty/jetty-xml/9.3.25.v20180904/jetty-xml-9.3.25.v20180904.jar:/home/user/.m2/repository/log4j/log4j/1.2.17/log4j-1.2.17.jar:/home/user/.m2/repository/org/slf4j/slf4j-api/1.7.25/slf4j-api-1.7.25.jar:/home/user/.m2/repository/org/slf4j/jul-to-slf4j/1.7.25/jul-to-slf4j-1.7.25.jar:/home/user/.m2/repository/org/eclipse/jetty/jetty-util/9.3.25.v20180904/jetty-util-9.3.25.v20180904.jar:/home/user/.m2/repository/com/fasterxml/jackson/core/jackson-databind/2.9.9/jackson-databind-2.9.9.jar:/home/user/.m2/repository/org/apache/hadoop/hadoop-kms/3.2.0/hadoop-kms-3.2.0-tests.jar:/home/user/.m2/repository/org/apache/hadoop/hadoop-hdds-server-scm/0.5.0-SNAPSHOT/hadoop-hdds-server-scm-0.5.0-SNAPSHOT-tests.jar:/home/user/.m2/repository/org/apache/hadoop/hadoop-hdds-container-service/0.5.0-SNAPSHOT/hadoop-hdds-container-service-0.5.0-SNAPSHOT-tests.jar:/home/user/.m2/repository/org/yaml/snakeyaml/1.16/snakeyaml-1.16.jar:/home/user/.m2/repository/org/apache/hadoop/hadoop-common/3.2.0/hadoop-common-3.2.0-tests.jar:/home/user/.m2/repository/org/apache/hadoop/hadoop-annotations/3.2.0/hadoop-annotations-3.2.0.jar:/usr/lib/jvm/java-1.8-openjdk/jre/../lib/tools.jar:/home/user/.m2/repository/commons-cli/commons-cli/1.2/commons-cli-1.2.jar:/home/user/.m2/repository/org/apache/httpcomponents/httpclient/4.5.2/httpclient-4.5.2.jar:/home/user/.m2/repository/org/apache/httpcomponents/httpcore/4.4.4/httpcore-4.4.4.jar:/home/user/.m2/repository/commons-codec/commons-codec/1.11/commons-codec-1.11.jar:/home/user/.m2/repository/commons-net/commons-net/3.6/commons-net-3.6.jar:/home/user/.m2/repository/commons-collections/commons-collections/3.2.2/commons-collections-3.2.2.jar:/home/user/.m2/repository/org/eclipse/jetty/jetty-servlet/9.3.25.v20180904/jetty-servlet-9.3.25.v20180904.jar:/home/user/.m2/repository/org/eclipse/jetty/jetty-security/9.3.25.v20180904/jetty-security-9.3.25.v20180904.jar:/home/user/.m2/repository/javax/servlet/jsp/jsp-api/2.1/jsp-api-2.1.jar:/home/user/.m2/repository/com/sun/jersey/jersey-servlet/1.19/jersey-servlet-1.19.jar:/home/user/.m2/repository/com/sun/jersey/jersey-json/1.19/jersey-json-1.19.jar:/home/user/.m2/repository/org/codehaus/jettison/jettison/1.1/jettison-1.1.jar:/home/user/.m2/repository/org/codehaus/jackson/jackson-core-asl/1.9.13/jackson-core-asl-1.9.13.jar:/home/user/.m2/repository/org/codehaus/jackson/jackson-mapper-asl/1.9.13/jackson-mapper-asl-1.9.13.jar:/home/user/.m2/repository/org/codehaus/jackson/jackson-jaxrs/1.9.13/jackson-jaxrs-1.9.13.jar:/home/user/.m2/repository/org/codehaus/jackson/jackson-xc/1.9.13/jackson-xc-1.9.13.jar:/home/user/.m2/repository/commons-logging/commons-logging/1.1.3/commons-logging-1.1.3.jar:/home/user/.m2/repository/commons-beanutils/commons-beanutils/1.9.4/commons-beanutils-1.9.4.jar:/home/user/.m2/repository/org/apache/commons/commons-configuration2/2.1.1/commons-configuration2-2.1.1.jar:/home/user/.m2/repository/org/apache/commons/commons-lang3/3.7/commons-lang3-3.7.jar:/home/user/.m2/repository/org/apache/commons/commons-text/1.4/commons-text-1.4.jar:/home/user/.m2/repository/org/apache/avro/avro/1.7.7/avro-1.7.7.jar:/home/user/.m2/repository/com/thoughtworks/paranamer/paranamer/2.3/paranamer-2.3.jar:/home/user/.m2/repository/org/xerial/snappy/snappy-java/1.0.5/snappy-java-1.0.5.jar:/home/user/.m2/repository/com/google/re2j/re2j/1.1/re2j-1.1.jar:/home/user/.m2/repository/com/google/code/gson/gson/2.2.4/gson-2.2.4.jar:/home/user/.m2/repository/com/jcraft/jsch/0.1.54/jsch-0.1.54.jar:/home/user/.m2/repository/org/apache/curator/curator-client/2.12.0/curator-client-2.12.0.jar:/home/user/.m2/repository/org/apache/curator/curator-recipes/2.12.0/curator-recipes-2.12.0.jar:/home/user/.m2/repository/com/google/code/findbugs/jsr305/3.0.0/jsr305-3.0.0.jar:/home/user/.m2/repository/org/apache/htrace/htrace-core4/4.1.0-incubating/htrace-core4-4.1.0-incubating.jar:/home/user/.m2/repository/org/apache/zookeeper/zookeeper/3.4.13/zookeeper-3.4.13.jar:/home/user/.m2/repository/jline/jline/0.9.94/jline-0.9.94.jar:/home/user/.m2/repository/org/apache/yetus/audience-annotations/0.5.0/audience-annotations-0.5.0.jar:/home/user/.m2/repository/org/codehaus/woodstox/stax2-api/3.1.4/stax2-api-3.1.4.jar:/home/user/.m2/repository/com/fasterxml/woodstox/woodstox-core/5.0.3/woodstox-core-5.0.3.jar:/home/user/.m2/repository/dnsjava/dnsjava/2.1.7/dnsjava-2.1.7.jar:/home/user/.m2/repository/org/apache/hadoop/hadoop-hdfs/3.2.0/hadoop-hdfs-3.2.0-tests.jar:/home/user/.m2/repository/org/eclipse/jetty/jetty-util-ajax/9.3.25.v20180904/jetty-util-ajax-9.3.25.v20180904.jar:/home/user/.m2/repository/commons-daemon/commons-daemon/1.0.13/commons-daemon-1.0.13.jar:/home/user/.m2/repository/io/netty/netty/3.10.5.Final/netty-3.10.5.Final.jar:/home/user/.m2/repository/io/netty/netty-all/4.0.52.Final/netty-all-4.0.52.Final.jar:/home/user/.m2/repository/org/fusesource/leveldbjni/leveldbjni-all/1.8/leveldbjni-all-1.8.jar:"/>
    <property name="java.vm.vendor" value="IcedTea"/>
    <property name="sun.arch.data.model" value="64"/>
    <property name="test.build.dir" value="/workdir/hadoop-ozone/integration-test/target/test-dir"/>
    <property name="test.cache.data" value=""/>
    <property name="java.vendor.url" value="https://icedtea.classpath.org"/>
    <property name="user.timezone" value=""/>
    <property name="java.vm.specification.version" value="1.8"/>
    <property name="os.name" value="Linux"/>
    <property name="test.build.data" value="/workdir/hadoop-ozone/integration-test/target/test-dir"/>
    <property name="user.country" value="US"/>
    <property name="sun.java.launcher" value="SUN_STANDARD"/>
    <property name="sun.boot.library.path" value="/usr/lib/jvm/java-1.8-openjdk/jre/lib/amd64"/>
    <property name="sun.java.command" value="/workdir/hadoop-ozone/integration-test/target/surefire/surefirebooter1285019346666070800.jar /workdir/hadoop-ozone/integration-test/target/surefire 2019-09-29T10-30-13_313-jvmRun1 surefire7460345478893587211tmp surefire_553790940534025274602tmp"/>
    <property name="test" value="!TestMiniChaosOzoneCluster"/>
    <property name="surefire.test.class.path" value="/workdir/hadoop-ozone/integration-test/target/test-classes:/workdir/hadoop-ozone/integration-test/target/classes:/home/user/.m2/repository/org/apache/hadoop/hadoop-ozone-common/0.5.0-SNAPSHOT/hadoop-ozone-common-0.5.0-SNAPSHOT.jar:/home/user/.m2/repository/org/apache/commons/commons-compress/1.4.1/commons-compress-1.4.1.jar:/home/user/.m2/repository/org/tukaani/xz/1.0/xz-1.0.jar:/home/user/.m2/repository/org/apache/hadoop/hadoop-common/3.2.0/hadoop-common-3.2.0.jar:/home/user/.m2/repository/org/apache/hadoop/hadoop-hdfs/3.2.0/hadoop-hdfs-3.2.0.jar:/home/user/.m2/repository/org/apache/hadoop/hadoop-hdfs-client/3.2.0/hadoop-hdfs-client-3.2.0.jar:/home/user/.m2/repository/com/fasterxml/jackson/core/jackson-annotations/2.9.9/jackson-annotations-2.9.9.jar:/home/user/.m2/repository/org/apache/hadoop/hadoop-hdds-common/0.5.0-SNAPSHOT/hadoop-hdds-common-0.5.0-SNAPSHOT.jar:/home/user/.m2/repository/javax/annotation/javax.annotation-api/1.2/javax.annotation-api-1.2.jar:/home/user/.m2/repository/org/apache/ratis/ratis-server/0.4.0/ratis-server-0.4.0.jar:/home/user/.m2/repository/org/apache/ratis/ratis-thirdparty-misc/0.2.0/ratis-thirdparty-misc-0.2.0.jar:/home/user/.m2/repository/org/apache/ratis/ratis-proto/0.4.0/ratis-proto-0.4.0.jar:/home/user/.m2/repository/org/apache/ratis/ratis-common/0.4.0/ratis-common-0.4.0.jar:/home/user/.m2/repository/org/apache/ratis/ratis-client/0.4.0/ratis-client-0.4.0.jar:/home/user/.m2/repository/org/apache/ratis/ratis-metrics/0.4.0/ratis-metrics-0.4.0.jar:/home/user/.m2/repository/com/github/joshelser/dropwizard-metrics-hadoop-metrics2-reporter/0.1.2/dropwizard-metrics-hadoop-metrics2-reporter-0.1.2.jar:/home/user/.m2/repository/io/dropwizard/metrics/metrics-jvm/3.2.5/metrics-jvm-3.2.5.jar:/home/user/.m2/repository/io/dropwizard/metrics/metrics-ganglia/3.2.5/metrics-ganglia-3.2.5.jar:/home/user/.m2/repository/info/ganglia/gmetric4j/gmetric4j/1.0.7/gmetric4j-1.0.7.jar:/home/user/.m2/repository/org/apache/ratis/ratis-netty/0.4.0/ratis-netty-0.4.0.jar:/home/user/.m2/repository/org/apache/ratis/ratis-grpc/0.4.0/ratis-grpc-0.4.0.jar:/home/user/.m2/repository/org/rocksdb/rocksdbjni/6.0.1/rocksdbjni-6.0.1.jar:/home/user/.m2/repository/org/apache/logging/log4j/log4j-api/2.11.0/log4j-api-2.11.0.jar:/home/user/.m2/repository/org/apache/logging/log4j/log4j-core/2.11.0/log4j-core-2.11.0.jar:/home/user/.m2/repository/com/lmax/disruptor/3.4.2/disruptor-3.4.2.jar:/home/user/.m2/repository/org/apache/commons/commons-pool2/2.6.0/commons-pool2-2.6.0.jar:/home/user/.m2/repository/org/bouncycastle/bcpkix-jdk15on/1.60/bcpkix-jdk15on-1.60.jar:/home/user/.m2/repository/commons-validator/commons-validator/1.6/commons-validator-1.6.jar:/home/user/.m2/repository/commons-digester/commons-digester/1.8.1/commons-digester-1.8.1.jar:/home/user/.m2/repository/io/jaegertracing/jaeger-client/0.34.0/jaeger-client-0.34.0.jar:/home/user/.m2/repository/io/jaegertracing/jaeger-thrift/0.34.0/jaeger-thrift-0.34.0.jar:/home/user/.m2/repository/org/apache/thrift/libthrift/0.12.0/libthrift-0.12.0.jar:/home/user/.m2/repository/com/squareup/okhttp3/okhttp/3.9.0/okhttp-3.9.0.jar:/home/user/.m2/repository/com/squareup/okio/okio/1.13.0/okio-1.13.0.jar:/home/user/.m2/repository/io/jaegertracing/jaeger-core/0.34.0/jaeger-core-0.34.0.jar:/home/user/.m2/repository/io/jaegertracing/jaeger-tracerresolver/0.34.0/jaeger-tracerresolver-0.34.0.jar:/home/user/.m2/repository/io/opentracing/contrib/opentracing-tracerresolver/0.1.5/opentracing-tracerresolver-0.1.5.jar:/home/user/.m2/repository/io/opentracing/opentracing-util/0.31.0/opentracing-util-0.31.0.jar:/home/user/.m2/repository/io/opentracing/opentracing-api/0.31.0/opentracing-api-0.31.0.jar:/home/user/.m2/repository/io/opentracing/opentracing-noop/0.31.0/opentracing-noop-0.31.0.jar:/home/user/.m2/repository/org/apache/hadoop/hadoop-hdds-server-framework/0.5.0-SNAPSHOT/hadoop-hdds-server-framework-0.5.0-SNAPSHOT.jar:/home/user/.m2/repository/org/apache/hadoop/hadoop-hdds-container-service/0.5.0-SNAPSHOT/hadoop-hdds-container-service-0.5.0-SNAPSHOT.jar:/home/user/.m2/repository/org/apache/hadoop/hadoop-hdds-client/0.5.0-SNAPSHOT/hadoop-hdds-client-0.5.0-SNAPSHOT.jar:/home/user/.m2/repository/org/apache/hadoop/hadoop-hdds-tools/0.5.0-SNAPSHOT/hadoop-hdds-tools-0.5.0-SNAPSHOT.jar:/home/user/.m2/repository/org/apache/hadoop/hadoop-hdds-server-scm/0.5.0-SNAPSHOT/hadoop-hdds-server-scm-0.5.0-SNAPSHOT.jar:/home/user/.m2/repository/org/apache/hadoop/hadoop-hdds-docs/0.5.0-SNAPSHOT/hadoop-hdds-docs-0.5.0-SNAPSHOT.jar:/home/user/.m2/repository/io/dropwizard/metrics/metrics-core/3.2.4/metrics-core-3.2.4.jar:/home/user/.m2/repository/org/hamcrest/hamcrest-all/1.3/hamcrest-all-1.3.jar:/home/user/.m2/repository/org/bouncycastle/bcprov-jdk15on/1.60/bcprov-jdk15on-1.60.jar:/home/user/.m2/repository/info/picocli/picocli/3.9.6/picocli-3.9.6.jar:/home/user/.m2/repository/com/google/protobuf/protobuf-java/2.5.0/protobuf-java-2.5.0.jar:/home/user/.m2/repository/com/google/guava/guava/11.0.2/guava-11.0.2.jar:/home/user/.m2/repository/org/apache/hadoop/hadoop-ozone-ozone-manager/0.5.0-SNAPSHOT/hadoop-ozone-ozone-manager-0.5.0-SNAPSHOT.jar:/home/user/.m2/repository/org/apache/hadoop/hadoop-minikdc/3.2.0/hadoop-minikdc-3.2.0.jar:/home/user/.m2/repository/commons-io/commons-io/2.5/commons-io-2.5.jar:/home/user/.m2/repository/org/apache/kerby/kerb-simplekdc/1.0.1/kerb-simplekdc-1.0.1.jar:/home/user/.m2/repository/org/apache/kerby/kerb-client/1.0.1/kerb-client-1.0.1.jar:/home/user/.m2/repository/org/apache/kerby/kerby-config/1.0.1/kerby-config-1.0.1.jar:/home/user/.m2/repository/org/apache/kerby/kerb-core/1.0.1/kerb-core-1.0.1.jar:/home/user/.m2/repository/org/apache/kerby/kerby-pkix/1.0.1/kerby-pkix-1.0.1.jar:/home/user/.m2/repository/org/apache/kerby/kerby-asn1/1.0.1/kerby-asn1-1.0.1.jar:/home/user/.m2/repository/org/apache/kerby/kerby-util/1.0.1/kerby-util-1.0.1.jar:/home/user/.m2/repository/org/apache/kerby/kerb-common/1.0.1/kerb-common-1.0.1.jar:/home/user/.m2/repository/org/apache/kerby/kerb-crypto/1.0.1/kerb-crypto-1.0.1.jar:/home/user/.m2/repository/org/apache/kerby/kerb-util/1.0.1/kerb-util-1.0.1.jar:/home/user/.m2/repository/org/apache/kerby/token-provider/1.0.1/token-provider-1.0.1.jar:/home/user/.m2/repository/org/apache/kerby/kerb-admin/1.0.1/kerb-admin-1.0.1.jar:/home/user/.m2/repository/org/apache/kerby/kerb-server/1.0.1/kerb-server-1.0.1.jar:/home/user/.m2/repository/org/apache/kerby/kerb-identity/1.0.1/kerb-identity-1.0.1.jar:/home/user/.m2/repository/org/apache/kerby/kerby-xdr/1.0.1/kerby-xdr-1.0.1.jar:/home/user/.m2/repository/org/slf4j/slf4j-log4j12/1.7.25/slf4j-log4j12-1.7.25.jar:/home/user/.m2/repository/org/apache/hadoop/hadoop-ozone-s3gateway/0.5.0-SNAPSHOT/hadoop-ozone-s3gateway-0.5.0-SNAPSHOT.jar:/home/user/.m2/repository/org/jboss/weld/servlet/weld-servlet/2.4.7.Final/weld-servlet-2.4.7.Final.jar:/home/user/.m2/repository/org/glassfish/jersey/containers/jersey-container-servlet-core/2.27/jersey-container-servlet-core-2.27.jar:/home/user/.m2/repository/org/glassfish/hk2/external/javax.inject/2.5.0-b42/javax.inject-2.5.0-b42.jar:/home/user/.m2/repository/org/glassfish/jersey/core/jersey-common/2.27/jersey-common-2.27.jar:/home/user/.m2/repository/org/glassfish/hk2/osgi-resource-locator/1.0.1/osgi-resource-locator-1.0.1.jar:/home/user/.m2/repository/javax/ws/rs/javax.ws.rs-api/2.1/javax.ws.rs-api-2.1.jar:/home/user/.m2/repository/org/glassfish/jersey/ext/cdi/jersey-cdi1x/2.27/jersey-cdi1x-2.27.jar:/home/user/.m2/repository/org/glassfish/jersey/inject/jersey-hk2/2.27/jersey-hk2-2.27.jar:/home/user/.m2/repository/org/glassfish/hk2/hk2-locator/2.5.0-b42/hk2-locator-2.5.0-b42.jar:/home/user/.m2/repository/org/javassist/javassist/3.22.0-CR2/javassist-3.22.0-CR2.jar:/home/user/.m2/repository/org/glassfish/hk2/hk2-api/2.5.0/hk2-api-2.5.0.jar:/home/user/.m2/repository/org/glassfish/hk2/external/jakarta.inject/2.5.0/jakarta.inject-2.5.0.jar:/home/user/.m2/repository/org/glassfish/hk2/hk2-utils/2.5.0/hk2-utils-2.5.0.jar:/home/user/.m2/repository/jakarta/annotation/jakarta.annotation-api/1.3.4/jakarta.annotation-api-1.3.4.jar:/home/user/.m2/repository/org/glassfish/hk2/external/aopalliance-repackaged/2.5.0/aopalliance-repackaged-2.5.0.jar:/home/user/.m2/repository/com/fasterxml/jackson/dataformat/jackson-dataformat-xml/2.9.0/jackson-dataformat-xml-2.9.0.jar:/home/user/.m2/repository/com/fasterxml/jackson/core/jackson-core/2.9.9/jackson-core-2.9.9.jar:/home/user/.m2/repository/com/fasterxml/jackson/module/jackson-module-jaxb-annotations/2.9.9/jackson-module-jaxb-annotations-2.9.9.jar:/home/user/.m2/repository/javax/enterprise/cdi-api/1.2/cdi-api-1.2.jar:/home/user/.m2/repository/javax/el/javax.el-api/3.0.0/javax.el-api-3.0.0.jar:/home/user/.m2/repository/javax/interceptor/javax.interceptor-api/1.2/javax.interceptor-api-1.2.jar:/home/user/.m2/repository/javax/inject/javax.inject/1/javax.inject-1.jar:/home/user/.m2/repository/com/sun/xml/bind/jaxb-impl/2.3.0.1/jaxb-impl-2.3.0.1.jar:/home/user/.m2/repository/com/sun/xml/bind/jaxb-core/2.3.0.1/jaxb-core-2.3.0.1.jar:/home/user/.m2/repository/javax/xml/bind/jaxb-api/2.3.0/jaxb-api-2.3.0.jar:/home/user/.m2/repository/javax/activation/activation/1.1.1/activation-1.1.1.jar:/home/user/.m2/repository/org/apache/hadoop/hadoop-ozone-csi/0.5.0-SNAPSHOT/hadoop-ozone-csi-0.5.0-SNAPSHOT.jar:/home/user/.m2/repository/com/google/protobuf/protobuf-java-util/3.5.1/protobuf-java-util-3.5.1.jar:/home/user/.m2/repository/org/apache/hadoop/hadoop-hdds-config/0.5.0-SNAPSHOT/hadoop-hdds-config-0.5.0-SNAPSHOT.jar:/home/user/.m2/repository/io/grpc/grpc-netty/1.17.1/grpc-netty-1.17.1.jar:/home/user/.m2/repository/io/grpc/grpc-core/1.17.1/grpc-core-1.17.1.jar:/home/user/.m2/repository/io/grpc/grpc-context/1.17.1/grpc-context-1.17.1.jar:/home/user/.m2/repository/com/google/errorprone/error_prone_annotations/2.2.0/error_prone_annotations-2.2.0.jar:/home/user/.m2/repository/org/codehaus/mojo/animal-sniffer-annotations/1.17/animal-sniffer-annotations-1.17.jar:/home/user/.m2/repository/io/opencensus/opencensus-api/0.17.0/opencensus-api-0.17.0.jar:/home/user/.m2/repository/io/opencensus/opencensus-contrib-grpc-metrics/0.17.0/opencensus-contrib-grpc-metrics-0.17.0.jar:/home/user/.m2/repository/io/netty/netty-codec-http2/4.1.30.Final/netty-codec-http2-4.1.30.Final.jar:/home/user/.m2/repository/io/netty/netty-codec-http/4.1.30.Final/netty-codec-http-4.1.30.Final.jar:/home/user/.m2/repository/io/netty/netty-codec/4.1.30.Final/netty-codec-4.1.30.Final.jar:/home/user/.m2/repository/io/netty/netty-handler/4.1.30.Final/netty-handler-4.1.30.Final.jar:/home/user/.m2/repository/io/netty/netty-handler-proxy/4.1.30.Final/netty-handler-proxy-4.1.30.Final.jar:/home/user/.m2/repository/io/netty/netty-codec-socks/4.1.30.Final/netty-codec-socks-4.1.30.Final.jar:/home/user/.m2/repository/io/netty/netty-transport-native-epoll/4.1.30.Final/netty-transport-native-epoll-4.1.30.Final.jar:/home/user/.m2/repository/io/netty/netty-common/4.1.30.Final/netty-common-4.1.30.Final.jar:/home/user/.m2/repository/io/netty/netty-buffer/4.1.30.Final/netty-buffer-4.1.30.Final.jar:/home/user/.m2/repository/io/netty/netty-transport/4.1.30.Final/netty-transport-4.1.30.Final.jar:/home/user/.m2/repository/io/netty/netty-resolver/4.1.30.Final/netty-resolver-4.1.30.Final.jar:/home/user/.m2/repository/io/netty/netty-transport-native-unix-common/4.1.30.Final/netty-transport-native-unix-common-4.1.30.Final.jar:/home/user/.m2/repository/io/grpc/grpc-protobuf/1.17.1/grpc-protobuf-1.17.1.jar:/home/user/.m2/repository/com/google/api/grpc/proto-google-common-protos/1.0.0/proto-google-common-protos-1.0.0.jar:/home/user/.m2/repository/io/grpc/grpc-protobuf-lite/1.17.1/grpc-protobuf-lite-1.17.1.jar:/home/user/.m2/repository/io/grpc/grpc-stub/1.17.1/grpc-stub-1.17.1.jar:/home/user/.m2/repository/org/apache/hadoop/hadoop-ozone-recon/0.5.0-SNAPSHOT/hadoop-ozone-recon-0.5.0-SNAPSHOT.jar:/home/user/.m2/repository/org/apache/hadoop/hadoop-ozone-reconcodegen/0.5.0-SNAPSHOT/hadoop-ozone-reconcodegen-0.5.0-SNAPSHOT.jar:/home/user/.m2/repository/com/google/inject/extensions/guice-multibindings/4.0/guice-multibindings-4.0.jar:/home/user/.m2/repository/com/google/inject/guice/4.0/guice-4.0.jar:/home/user/.m2/repository/aopalliance/aopalliance/1.0/aopalliance-1.0.jar:/home/user/.m2/repository/com/google/inject/extensions/guice-servlet/4.0/guice-servlet-4.0.jar:/home/user/.m2/repository/org/glassfish/jersey/containers/jersey-container-servlet/2.27/jersey-container-servlet-2.27.jar:/home/user/.m2/repository/org/glassfish/hk2/guice-bridge/2.5.0/guice-bridge-2.5.0.jar:/home/user/.m2/repository/org/glassfish/jersey/core/jersey-server/2.27/jersey-server-2.27.jar:/home/user/.m2/repository/org/glassfish/jersey/core/jersey-client/2.27/jersey-client-2.27.jar:/home/user/.m2/repository/org/glassfish/jersey/media/jersey-media-jaxb/2.27/jersey-media-jaxb-2.27.jar:/home/user/.m2/repository/javax/validation/validation-api/1.1.0.Final/validation-api-1.1.0.Final.jar:/home/user/.m2/repository/org/glassfish/jersey/media/jersey-media-json-jackson/2.27/jersey-media-json-jackson-2.27.jar:/home/user/.m2/repository/org/glassfish/jersey/ext/jersey-entity-filtering/2.27/jersey-entity-filtering-2.27.jar:/home/user/.m2/repository/com/google/inject/extensions/guice-assistedinject/4.0/guice-assistedinject-4.0.jar:/home/user/.m2/repository/org/jooq/jooq/3.11.10/jooq-3.11.10.jar:/home/user/.m2/repository/org/jooq/jooq-meta/3.11.10/jooq-meta-3.11.10.jar:/home/user/.m2/repository/org/jooq/jooq-codegen/3.11.10/jooq-codegen-3.11.10.jar:/home/user/.m2/repository/com/jolbox/bonecp/0.8.0.RELEASE/bonecp-0.8.0.RELEASE.jar:/home/user/.m2/repository/org/xerial/sqlite-jdbc/3.25.2/sqlite-jdbc-3.25.2.jar:/home/user/.m2/repository/org/springframework/spring-jdbc/5.1.3.RELEASE/spring-jdbc-5.1.3.RELEASE.jar:/home/user/.m2/repository/org/springframework/spring-beans/5.1.3.RELEASE/spring-beans-5.1.3.RELEASE.jar:/home/user/.m2/repository/org/springframework/spring-core/5.1.3.RELEASE/spring-core-5.1.3.RELEASE.jar:/home/user/.m2/repository/org/springframework/spring-jcl/5.1.3.RELEASE/spring-jcl-5.1.3.RELEASE.jar:/home/user/.m2/repository/org/springframework/spring-tx/5.1.3.RELEASE/spring-tx-5.1.3.RELEASE.jar:/home/user/.m2/repository/org/apache/hadoop/hadoop-ozone-client/0.5.0-SNAPSHOT/hadoop-ozone-client-0.5.0-SNAPSHOT.jar:/home/user/.m2/repository/commons-lang/commons-lang/2.6/commons-lang-2.6.jar:/home/user/.m2/repository/org/apache/hadoop/hadoop-ozone-ozone-manager/0.5.0-SNAPSHOT/hadoop-ozone-ozone-manager-0.5.0-SNAPSHOT-tests.jar:/home/user/.m2/repository/junit/junit/4.11/junit-4.11.jar:/home/user/.m2/repository/org/hamcrest/hamcrest-core/1.3/hamcrest-core-1.3.jar:/home/user/.m2/repository/org/openjdk/jmh/jmh-core/1.19/jmh-core-1.19.jar:/home/user/.m2/repository/net/sf/jopt-simple/jopt-simple/4.6/jopt-simple-4.6.jar:/home/user/.m2/repository/org/apache/commons/commons-math3/3.1.1/commons-math3-3.1.1.jar:/home/user/.m2/repository/org/openjdk/jmh/jmh-generator-annprocess/1.19/jmh-generator-annprocess-1.19.jar:/home/user/.m2/repository/org/mockito/mockito-all/1.8.5/mockito-all-1.8.5.jar:/home/user/.m2/repository/org/apache/hadoop/hadoop-kms/3.2.0/hadoop-kms-3.2.0.jar:/home/user/.m2/repository/org/apache/hadoop/hadoop-auth/3.2.0/hadoop-auth-3.2.0.jar:/home/user/.m2/repository/com/nimbusds/nimbus-jose-jwt/4.41.1/nimbus-jose-jwt-4.41.1.jar:/home/user/.m2/repository/com/github/stephenc/jcip/jcip-annotations/1.0-1/jcip-annotations-1.0-1.jar:/home/user/.m2/repository/net/minidev/json-smart/2.3/json-smart-2.3.jar:/home/user/.m2/repository/net/minidev/accessors-smart/1.2/accessors-smart-1.2.jar:/home/user/.m2/repository/org/ow2/asm/asm/5.0.4/asm-5.0.4.jar:/home/user/.m2/repository/org/apache/curator/curator-framework/2.12.0/curator-framework-2.12.0.jar:/home/user/.m2/repository/com/sun/jersey/jersey-core/1.19/jersey-core-1.19.jar:/home/user/.m2/repository/javax/ws/rs/jsr311-api/1.1.1/jsr311-api-1.1.1.jar:/home/user/.m2/repository/com/sun/jersey/jersey-server/1.19/jersey-server-1.19.jar:/home/user/.m2/repository/javax/servlet/javax.servlet-api/3.1.0/javax.servlet-api-3.1.0.jar:/home/user/.m2/repository/org/eclipse/jetty/jetty-server/9.3.25.v20180904/jetty-server-9.3.25.v20180904.jar:/home/user/.m2/repository/org/eclipse/jetty/jetty-http/9.3.25.v20180904/jetty-http-9.3.25.v20180904.jar:/home/user/.m2/repository/org/eclipse/jetty/jetty-io/9.3.25.v20180904/jetty-io-9.3.25.v20180904.jar:/home/user/.m2/repository/org/eclipse/jetty/jetty-webapp/9.3.25.v20180904/jetty-webapp-9.3.25.v20180904.jar:/home/user/.m2/repository/org/eclipse/jetty/jetty-xml/9.3.25.v20180904/jetty-xml-9.3.25.v20180904.jar:/home/user/.m2/repository/log4j/log4j/1.2.17/log4j-1.2.17.jar:/home/user/.m2/repository/org/slf4j/slf4j-api/1.7.25/slf4j-api-1.7.25.jar:/home/user/.m2/repository/org/slf4j/jul-to-slf4j/1.7.25/jul-to-slf4j-1.7.25.jar:/home/user/.m2/repository/org/eclipse/jetty/jetty-util/9.3.25.v20180904/jetty-util-9.3.25.v20180904.jar:/home/user/.m2/repository/com/fasterxml/jackson/core/jackson-databind/2.9.9/jackson-databind-2.9.9.jar:/home/user/.m2/repository/org/apache/hadoop/hadoop-kms/3.2.0/hadoop-kms-3.2.0-tests.jar:/home/user/.m2/repository/org/apache/hadoop/hadoop-hdds-server-scm/0.5.0-SNAPSHOT/hadoop-hdds-server-scm-0.5.0-SNAPSHOT-tests.jar:/home/user/.m2/repository/org/apache/hadoop/hadoop-hdds-container-service/0.5.0-SNAPSHOT/hadoop-hdds-container-service-0.5.0-SNAPSHOT-tests.jar:/home/user/.m2/repository/org/yaml/snakeyaml/1.16/snakeyaml-1.16.jar:/home/user/.m2/repository/org/apache/hadoop/hadoop-common/3.2.0/hadoop-common-3.2.0-tests.jar:/home/user/.m2/repository/org/apache/hadoop/hadoop-annotations/3.2.0/hadoop-annotations-3.2.0.jar:/usr/lib/jvm/java-1.8-openjdk/jre/../lib/tools.jar:/home/user/.m2/repository/commons-cli/commons-cli/1.2/commons-cli-1.2.jar:/home/user/.m2/repository/org/apache/httpcomponents/httpclient/4.5.2/httpclient-4.5.2.jar:/home/user/.m2/repository/org/apache/httpcomponents/httpcore/4.4.4/httpcore-4.4.4.jar:/home/user/.m2/repository/commons-codec/commons-codec/1.11/commons-codec-1.11.jar:/home/user/.m2/repository/commons-net/commons-net/3.6/commons-net-3.6.jar:/home/user/.m2/repository/commons-collections/commons-collections/3.2.2/commons-collections-3.2.2.jar:/home/user/.m2/repository/org/eclipse/jetty/jetty-servlet/9.3.25.v20180904/jetty-servlet-9.3.25.v20180904.jar:/home/user/.m2/repository/org/eclipse/jetty/jetty-security/9.3.25.v20180904/jetty-security-9.3.25.v20180904.jar:/home/user/.m2/repository/javax/servlet/jsp/jsp-api/2.1/jsp-api-2.1.jar:/home/user/.m2/repository/com/sun/jersey/jersey-servlet/1.19/jersey-servlet-1.19.jar:/home/user/.m2/repository/com/sun/jersey/jersey-json/1.19/jersey-json-1.19.jar:/home/user/.m2/repository/org/codehaus/jettison/jettison/1.1/jettison-1.1.jar:/home/user/.m2/repository/org/codehaus/jackson/jackson-core-asl/1.9.13/jackson-core-asl-1.9.13.jar:/home/user/.m2/repository/org/codehaus/jackson/jackson-mapper-asl/1.9.13/jackson-mapper-asl-1.9.13.jar:/home/user/.m2/repository/org/codehaus/jackson/jackson-jaxrs/1.9.13/jackson-jaxrs-1.9.13.jar:/home/user/.m2/repository/org/codehaus/jackson/jackson-xc/1.9.13/jackson-xc-1.9.13.jar:/home/user/.m2/repository/commons-logging/commons-logging/1.1.3/commons-logging-1.1.3.jar:/home/user/.m2/repository/commons-beanutils/commons-beanutils/1.9.4/commons-beanutils-1.9.4.jar:/home/user/.m2/repository/org/apache/commons/commons-configuration2/2.1.1/commons-configuration2-2.1.1.jar:/home/user/.m2/repository/org/apache/commons/commons-lang3/3.7/commons-lang3-3.7.jar:/home/user/.m2/repository/org/apache/commons/commons-text/1.4/commons-text-1.4.jar:/home/user/.m2/repository/org/apache/avro/avro/1.7.7/avro-1.7.7.jar:/home/user/.m2/repository/com/thoughtworks/paranamer/paranamer/2.3/paranamer-2.3.jar:/home/user/.m2/repository/org/xerial/snappy/snappy-java/1.0.5/snappy-java-1.0.5.jar:/home/user/.m2/repository/com/google/re2j/re2j/1.1/re2j-1.1.jar:/home/user/.m2/repository/com/google/code/gson/gson/2.2.4/gson-2.2.4.jar:/home/user/.m2/repository/com/jcraft/jsch/0.1.54/jsch-0.1.54.jar:/home/user/.m2/repository/org/apache/curator/curator-client/2.12.0/curator-client-2.12.0.jar:/home/user/.m2/repository/org/apache/curator/curator-recipes/2.12.0/curator-recipes-2.12.0.jar:/home/user/.m2/repository/com/google/code/findbugs/jsr305/3.0.0/jsr305-3.0.0.jar:/home/user/.m2/repository/org/apache/htrace/htrace-core4/4.1.0-incubating/htrace-core4-4.1.0-incubating.jar:/home/user/.m2/repository/org/apache/zookeeper/zookeeper/3.4.13/zookeeper-3.4.13.jar:/home/user/.m2/repository/jline/jline/0.9.94/jline-0.9.94.jar:/home/user/.m2/repository/org/apache/yetus/audience-annotations/0.5.0/audience-annotations-0.5.0.jar:/home/user/.m2/repository/org/codehaus/woodstox/stax2-api/3.1.4/stax2-api-3.1.4.jar:/home/user/.m2/repository/com/fasterxml/woodstox/woodstox-core/5.0.3/woodstox-core-5.0.3.jar:/home/user/.m2/repository/dnsjava/dnsjava/2.1.7/dnsjava-2.1.7.jar:/home/user/.m2/repository/org/apache/hadoop/hadoop-hdfs/3.2.0/hadoop-hdfs-3.2.0-tests.jar:/home/user/.m2/repository/org/eclipse/jetty/jetty-util-ajax/9.3.25.v20180904/jetty-util-ajax-9.3.25.v20180904.jar:/home/user/.m2/repository/commons-daemon/commons-daemon/1.0.13/commons-daemon-1.0.13.jar:/home/user/.m2/repository/io/netty/netty/3.10.5.Final/netty-3.10.5.Final.jar:/home/user/.m2/repository/io/netty/netty-all/4.0.52.Final/netty-all-4.0.52.Final.jar:/home/user/.m2/repository/org/fusesource/leveldbjni/leveldbjni-all/1.8/leveldbjni-all-1.8.jar:"/>
    <property name="sun.cpu.endian" value="little"/>
    <property name="user.home" value="/home/user"/>
    <property name="user.language" value="en"/>
    <property name="java.specification.vendor" value="Oracle Corporation"/>
    <property name="java.home" value="/usr/lib/jvm/java-1.8-openjdk/jre"/>
    <property name="java.security.krb5.conf" value="/workdir/hadoop-ozone/integration-test/target/test-classes/krb5.conf"/>
    <property name="basedir" value="/workdir/hadoop-ozone/integration-test"/>
    <property name="file.separator" value="/"/>
    <property name="line.separator" value="&#10;"/>
    <property name="java.vm.specification.vendor" value="Oracle Corporation"/>
    <property name="java.specification.name" value="Java Platform API Specification"/>
    <property name="java.awt.graphicsenv" value="sun.awt.X11GraphicsEnvironment"/>
    <property name="surefire.real.class.path" value="/workdir/hadoop-ozone/integration-test/target/surefire/surefirebooter1285019346666070800.jar"/>
    <property name="hadoop.log.dir" value="/workdir/hadoop-ozone/integration-test/target/log"/>
    <property name="sun.boot.class.path" value="/usr/lib/jvm/java-1.8-openjdk/jre/lib/resources.jar:/usr/lib/jvm/java-1.8-openjdk/jre/lib/rt.jar:/usr/lib/jvm/java-1.8-openjdk/jre/lib/sunrsasign.jar:/usr/lib/jvm/java-1.8-openjdk/jre/lib/jsse.jar:/usr/lib/jvm/java-1.8-openjdk/jre/lib/jce.jar:/usr/lib/jvm/java-1.8-openjdk/jre/lib/charsets.jar:/usr/lib/jvm/java-1.8-openjdk/jre/lib/jfr.jar:/usr/lib/jvm/java-1.8-openjdk/jre/classes"/>
    <property name="sun.management.compiler" value="HotSpot 64-Bit Tiered Compilers"/>
    <property name="java.runtime.version" value="1.8.0_212-b04"/>
    <property name="java.net.preferIPv4Stack" value="true"/>
    <property name="user.name" value="jenkins1000"/>
    <property name="path.separator" value=":"/>
    <property name="java.security.egd" value="file:///dev/urandom"/>
    <property name="os.version" value="3.10.0-957.12.2.el7.x86_64"/>
    <property name="java.endorsed.dirs" value="/usr/lib/jvm/java-1.8-openjdk/jre/lib/endorsed"/>
    <property name="java.runtime.name" value="OpenJDK Runtime Environment"/>
    <property name="file.encoding" value="UTF-8"/>
    <property name="java.vm.name" value="OpenJDK 64-Bit Server VM"/>
    <property name="test.build.webapps" value=""/>
    <property name="localRepository" value="/home/user/.m2/repository"/>
    <property name="java.vendor.url.bug" value="https://icedtea.classpath.org/bugzilla"/>
    <property name="java.io.tmpdir" value="/tmp"/>
    <property name="require.test.libhadoop" value=""/>
    <property name="java.version" value="1.8.0_212"/>
    <property name="user.dir" value="/workdir/hadoop-ozone/integration-test"/>
    <property name="os.arch" value="amd64"/>
    <property name="java.vm.specification.name" value="Java Virtual Machine Specification"/>
    <property name="test.build.classes" value="/workdir/hadoop-ozone/integration-test/target/test-classes"/>
    <property name="java.awt.printerjob" value="sun.print.PSPrinterJob"/>
    <property name="sun.os.patch.level" value="unknown"/>
    <property name="hadoop.tmp.dir" value="/workdir/hadoop-ozone/integration-test/target/tmp"/>
    <property name="java.library.path" value="/usr/lib/jvm/java-1.8-openjdk/jre/lib/amd64/server:/usr/lib/jvm/java-1.8-openjdk/jre/lib/amd64:/usr/lib/jvm/java-1.8-openjdk/jre/../lib/amd64:/workdir/hadoop-ozone/integration-test/target/native/target/usr/local/lib:/workdir/hadoop-ozone/integration-test/../../hadoop-common-project/hadoop-common/target/native/target/usr/local/lib:/usr/java/packages/lib/amd64:/usr/lib64:/lib64:/lib:/usr/lib"/>
    <property name="java.vm.info" value="mixed mode"/>
    <property name="java.vendor" value="IcedTea"/>
    <property name="java.vm.version" value="25.212-b04"/>
    <property name="java.ext.dirs" value="/usr/lib/jvm/java-1.8-openjdk/jre/lib/ext:/usr/java/packages/lib/ext"/>
    <property name="sun.io.unicode.encoding" value="UnicodeLittle"/>
    <property name="java.class.version" value="52.0"/>
  </properties>
  <testcase name="test2DatanodesFailure" classname="org.apache.hadoop.ozone.client.rpc.TestBlockOutputStreamWithFailures" time="43.432">
    <error message="Allocated 0 blocks. Requested 1 blocks" type="INTERNAL_ERROR org.apache.hadoop.ozone.om.exceptions.OMException">INTERNAL_ERROR org.apache.hadoop.ozone.om.exceptions.OMException: Allocated 0 blocks. Requested 1 blocks
	at org.apache.hadoop.ozone.om.protocolPB.OzoneManagerProtocolClientSideTranslatorPB.handleError(OzoneManagerProtocolClientSideTranslatorPB.java:732)
	at org.apache.hadoop.ozone.om.protocolPB.OzoneManagerProtocolClientSideTranslatorPB.allocateBlock(OzoneManagerProtocolClientSideTranslatorPB.java:764)
	at sun.reflect.NativeMethodAccessorImpl.invoke0(Native Method)
	at sun.reflect.NativeMethodAccessorImpl.invoke(NativeMethodAccessorImpl.java:62)
	at sun.reflect.DelegatingMethodAccessorImpl.invoke(DelegatingMethodAccessorImpl.java:43)
	at java.lang.reflect.Method.invoke(Method.java:498)
	at org.apache.hadoop.hdds.tracing.TraceAllMethod.invoke(TraceAllMethod.java:66)
	at com.sun.proxy.$Proxy37.allocateBlock(Unknown Source)
	at org.apache.hadoop.ozone.client.io.BlockOutputStreamEntryPool.allocateNewBlock(BlockOutputStreamEntryPool.java:248)
	at org.apache.hadoop.ozone.client.io.BlockOutputStreamEntryPool.allocateBlockIfNeeded(BlockOutputStreamEntryPool.java:296)
	at org.apache.hadoop.ozone.client.io.KeyOutputStream.handleWrite(KeyOutputStream.java:198)
	at org.apache.hadoop.ozone.client.io.KeyOutputStream.handleRetry(KeyOutputStream.java:375)
	at org.apache.hadoop.ozone.client.io.KeyOutputStream.handleException(KeyOutputStream.java:324)
	at org.apache.hadoop.ozone.client.io.KeyOutputStream.handleFlushOrClose(KeyOutputStream.java:449)
	at org.apache.hadoop.ozone.client.io.KeyOutputStream.handleWrite(KeyOutputStream.java:232)
	at org.apache.hadoop.ozone.client.io.KeyOutputStream.write(KeyOutputStream.java:190)
	at org.apache.hadoop.ozone.client.io.OzoneOutputStream.write(OzoneOutputStream.java:49)
	at java.io.OutputStream.write(OutputStream.java:75)
	at org.apache.hadoop.ozone.client.rpc.TestBlockOutputStreamWithFailures.test2DatanodesFailure(TestBlockOutputStreamWithFailures.java:497)
	at sun.reflect.NativeMethodAccessorImpl.invoke0(Native Method)
	at sun.reflect.NativeMethodAccessorImpl.invoke(NativeMethodAccessorImpl.java:62)
	at sun.reflect.DelegatingMethodAccessorImpl.invoke(DelegatingMethodAccessorImpl.java:43)
	at java.lang.reflect.Method.invoke(Method.java:498)
	at org.junit.runners.model.FrameworkMethod$1.runReflectiveCall(FrameworkMethod.java:47)
	at org.junit.internal.runners.model.ReflectiveCallable.run(ReflectiveCallable.java:12)
	at org.junit.runners.model.FrameworkMethod.invokeExplosively(FrameworkMethod.java:44)
	at org.junit.internal.runners.statements.InvokeMethod.evaluate(InvokeMethod.java:17)
	at org.junit.internal.runners.statements.RunBefores.evaluate(RunBefores.java:26)
	at org.junit.internal.runners.statements.RunAfters.evaluate(RunAfters.java:27)
	at org.junit.runners.ParentRunner.runLeaf(ParentRunner.java:271)
	at org.junit.runners.BlockJUnit4ClassRunner.runChild(BlockJUnit4ClassRunner.java:70)
	at org.junit.runners.BlockJUnit4ClassRunner.runChild(BlockJUnit4ClassRunner.java:50)
	at org.junit.runners.ParentRunner$3.run(ParentRunner.java:238)
	at org.junit.runners.ParentRunner$1.schedule(ParentRunner.java:63)
	at org.junit.runners.ParentRunner.runChildren(ParentRunner.java:236)
	at org.junit.runners.ParentRunner.access$000(ParentRunner.java:53)
	at org.junit.runners.ParentRunner$2.evaluate(ParentRunner.java:229)
	at org.junit.runners.ParentRunner.run(ParentRunner.java:309)
	at org.apache.maven.surefire.junit4.JUnit4Provider.execute(JUnit4Provider.java:365)
	at org.apache.maven.surefire.junit4.JUnit4Provider.executeWithRerun(JUnit4Provider.java:273)
	at org.apache.maven.surefire.junit4.JUnit4Provider.executeTestSet(JUnit4Provider.java:238)
	at org.apache.maven.surefire.junit4.JUnit4Provider.invoke(JUnit4Provider.java:159)
	at org.apache.maven.surefire.booter.ForkedBooter.invokeProviderInSameClassLoader(ForkedBooter.java:384)
	at org.apache.maven.surefire.booter.ForkedBooter.runSuitesInProcess(ForkedBooter.java:345)
	at org.apache.maven.surefire.booter.ForkedBooter.execute(ForkedBooter.java:126)
	at org.apache.maven.surefire.booter.ForkedBooter.main(ForkedBooter.java:418)
</error>
    <system-out><![CDATA[2019-09-29 11:17:45,994 [main] WARN  server.ServerUtils (ServerUtils.java:getScmDbDir(145)) - ozone.scm.db.dirs is not configured. We recommend adding this setting. Falling back to ozone.metadata.dirs instead.
2019-09-29 11:17:46,085 [main] WARN  server.ServerUtils (ServerUtils.java:getScmDbDir(145)) - ozone.scm.db.dirs is not configured. We recommend adding this setting. Falling back to ozone.metadata.dirs instead.
2019-09-29 11:17:46,088 [main] WARN  server.ServerUtils (ServerUtils.java:getScmDbDir(145)) - ozone.scm.db.dirs is not configured. We recommend adding this setting. Falling back to ozone.metadata.dirs instead.
2019-09-29 11:17:46,102 [main] INFO  util.log (Log.java:initialized(192)) - Logging initialized @689ms
2019-09-29 11:17:46,180 [main] INFO  db.DBStoreBuilder (DBStoreBuilder.java:addTable(110)) - using custom profile for table: deletedBlocks
2019-09-29 11:17:46,181 [main] INFO  db.DBStoreBuilder (DBStoreBuilder.java:processTables(161)) - Using default column profile:DBProfile.DISK for Table:deletedBlocks
2019-09-29 11:17:46,181 [main] INFO  db.DBStoreBuilder (DBStoreBuilder.java:addTable(110)) - using custom profile for table: validCerts
2019-09-29 11:17:46,181 [main] INFO  db.DBStoreBuilder (DBStoreBuilder.java:processTables(161)) - Using default column profile:DBProfile.DISK for Table:validCerts
2019-09-29 11:17:46,182 [main] INFO  db.DBStoreBuilder (DBStoreBuilder.java:addTable(110)) - using custom profile for table: revokedCerts
2019-09-29 11:17:46,182 [main] INFO  db.DBStoreBuilder (DBStoreBuilder.java:processTables(161)) - Using default column profile:DBProfile.DISK for Table:revokedCerts
2019-09-29 11:17:46,192 [main] INFO  db.DBStoreBuilder (DBStoreBuilder.java:addTable(110)) - using custom profile for table: default
2019-09-29 11:17:46,192 [main] INFO  db.DBStoreBuilder (DBStoreBuilder.java:processTables(167)) - Using default column profile:DBProfile.DISK for Table:default
2019-09-29 11:17:46,193 [main] INFO  db.DBStoreBuilder (DBStoreBuilder.java:getDbProfile(198)) - Using default options. DBProfile.DISK
2019-09-29 11:17:46,565 [main] INFO  net.NodeSchemaLoader (NodeSchemaLoader.java:loadSchemaFromFile(125)) - Loading file from sun.misc.CompoundEnumeration@71d44a3
2019-09-29 11:17:46,566 [main] INFO  net.NodeSchemaLoader (NodeSchemaLoader.java:loadSchema(171)) - Loading network topology layer schema file
2019-09-29 11:17:46,627 [main] INFO  node.SCMNodeManager (SCMNodeManager.java:<init>(114)) - Entering startup safe mode.
2019-09-29 11:17:46,689 [main] INFO  algorithms.ContainerPlacementPolicyFactory (ContainerPlacementPolicyFactory.java:getPolicy(59)) - Create container placement policy of type org.apache.hadoop.hdds.scm.container.placement.algorithms.SCMContainerPlacementRandom
2019-09-29 11:17:46,702 [main] WARN  server.ServerUtils (ServerUtils.java:getScmDbDir(145)) - ozone.scm.db.dirs is not configured. We recommend adding this setting. Falling back to ozone.metadata.dirs instead.
2019-09-29 11:17:46,832 [main] INFO  pipeline.SCMPipelineManager (SCMPipelineManager.java:initializePipelineState(137)) - No pipeline exists in current db
2019-09-29 11:17:46,836 [main] WARN  server.ServerUtils (ServerUtils.java:getScmDbDir(145)) - ozone.scm.db.dirs is not configured. We recommend adding this setting. Falling back to ozone.metadata.dirs instead.
2019-09-29 11:17:47,008 [main] WARN  events.EventQueue (EventQueue.java:fireEvent(183)) - No event handler registered for event TypedEvent{payloadType=SafeModeStatus, name='SafeModeStatus'}
2019-09-29 11:17:47,416 [main] INFO  ipc.CallQueueManager (CallQueueManager.java:<init>(84)) - Using callQueue: class java.util.concurrent.LinkedBlockingQueue, queueCapacity: 2000, scheduler: class org.apache.hadoop.ipc.DefaultRpcScheduler, ipcBackoff: false.
2019-09-29 11:17:47,443 [Socket Reader #1 for port 35836] INFO  ipc.Server (Server.java:run(1074)) - Starting Socket Reader #1 for port 35836
2019-09-29 11:17:47,608 [main] INFO  ipc.CallQueueManager (CallQueueManager.java:<init>(84)) - Using callQueue: class java.util.concurrent.LinkedBlockingQueue, queueCapacity: 2000, scheduler: class org.apache.hadoop.ipc.DefaultRpcScheduler, ipcBackoff: false.
2019-09-29 11:17:47,609 [Socket Reader #1 for port 37978] INFO  ipc.Server (Server.java:run(1074)) - Starting Socket Reader #1 for port 37978
2019-09-29 11:17:47,621 [main] INFO  ipc.CallQueueManager (CallQueueManager.java:<init>(84)) - Using callQueue: class java.util.concurrent.LinkedBlockingQueue, queueCapacity: 2000, scheduler: class org.apache.hadoop.ipc.DefaultRpcScheduler, ipcBackoff: false.
2019-09-29 11:17:47,622 [Socket Reader #1 for port 41271] INFO  ipc.Server (Server.java:run(1074)) - Starting Socket Reader #1 for port 41271
2019-09-29 11:17:47,649 [main] INFO  hdfs.DFSUtil (DFSUtil.java:httpServerTemplateForNNAndJN(1641)) - Starting Web-server for scm at: http://0.0.0.0:0
2019-09-29 11:17:47,803 [main] INFO  server.AuthenticationFilter (AuthenticationFilter.java:constructSecretProvider(240)) - Unable to initialize FileSignerSecretProvider, falling back to use random secrets.
2019-09-29 11:17:47,811 [main] WARN  http.HttpRequestLog (HttpRequestLog.java:getRequestLog(97)) - Jetty request log can only be enabled using Log4j
2019-09-29 11:17:47,820 [main] INFO  http.HttpServer2 (HttpServer2.java:addGlobalFilter(975)) - Added global filter 'safety' (class=org.apache.hadoop.http.HttpServer2$QuotingInputFilter)
2019-09-29 11:17:47,823 [main] INFO  http.HttpServer2 (HttpServer2.java:addFilter(948)) - Added filter static_user_filter (class=org.apache.hadoop.http.lib.StaticUserWebFilter$StaticUserFilter) to context scm
2019-09-29 11:17:47,823 [main] INFO  http.HttpServer2 (HttpServer2.java:addFilter(958)) - Added filter static_user_filter (class=org.apache.hadoop.http.lib.StaticUserWebFilter$StaticUserFilter) to context logs
2019-09-29 11:17:47,823 [main] INFO  http.HttpServer2 (HttpServer2.java:addFilter(958)) - Added filter static_user_filter (class=org.apache.hadoop.http.lib.StaticUserWebFilter$StaticUserFilter) to context static
2019-09-29 11:17:47,856 [main] INFO  server.StorageContainerManager (StorageContainerManager.java:start(770)) - StorageContainerLocationProtocol RPC server is listening at /0.0.0.0:41271
2019-09-29 11:17:47,928 [main] WARN  impl.MetricsConfig (MetricsConfig.java:loadFirst(134)) - Cannot locate configuration: tried hadoop-metrics2-storagecontainermanager.properties,hadoop-metrics2.properties
2019-09-29 11:17:47,943 [main] INFO  impl.MetricsSystemImpl (MetricsSystemImpl.java:startTimer(374)) - Scheduled Metric snapshot period at 10 second(s).
2019-09-29 11:17:47,943 [main] INFO  impl.MetricsSystemImpl (MetricsSystemImpl.java:start(191)) - StorageContainerManager metrics system started
2019-09-29 11:17:48,205 [main] INFO  server.SCMClientProtocolServer (SCMClientProtocolServer.java:start(151)) - RPC server for Client  is listening at /0.0.0.0:41271
2019-09-29 11:17:48,206 [IPC Server Responder] INFO  ipc.Server (Server.java:run(1314)) - IPC Server Responder: starting
2019-09-29 11:17:48,206 [IPC Server listener on 41271] INFO  ipc.Server (Server.java:run(1153)) - IPC Server listener on 41271: starting
2019-09-29 11:17:48,209 [main] INFO  server.StorageContainerManager (StorageContainerManager.java:start(780)) - ScmBlockLocationProtocol RPC server is listening at /0.0.0.0:37978
2019-09-29 11:17:48,210 [main] INFO  server.SCMBlockProtocolServer (SCMBlockProtocolServer.java:start(146)) - RPC server for Block Protocol is listening at /0.0.0.0:37978
2019-09-29 11:17:48,211 [IPC Server Responder] INFO  ipc.Server (Server.java:run(1314)) - IPC Server Responder: starting
2019-09-29 11:17:48,211 [IPC Server listener on 37978] INFO  ipc.Server (Server.java:run(1153)) - IPC Server listener on 37978: starting
2019-09-29 11:17:48,213 [main] INFO  server.StorageContainerManager (StorageContainerManager.java:start(784)) - ScmDatanodeProtocl RPC server is listening at /0.0.0.0:35836
2019-09-29 11:17:48,213 [main] INFO  server.SCMDatanodeProtocolServer (SCMDatanodeProtocolServer.java:start(191)) - RPC server for DataNodes is listening at /0.0.0.0:35836
2019-09-29 11:17:48,214 [IPC Server Responder] INFO  ipc.Server (Server.java:run(1314)) - IPC Server Responder: starting
2019-09-29 11:17:48,214 [IPC Server listener on 35836] INFO  ipc.Server (Server.java:run(1153)) - IPC Server listener on 35836: starting
2019-09-29 11:17:48,218 [main] INFO  http.HttpServer2 (HttpServer2.java:bindListener(1191)) - Jetty bound to port 35643
2019-09-29 11:17:48,219 [main] INFO  server.Server (Server.java:doStart(351)) - jetty-9.3.25.v20180904, build timestamp: 2018-09-04T21:11:46Z, git hash: 3ce520221d0240229c862b122d2b06c12a625732
2019-09-29 11:17:48,275 [main] INFO  handler.ContextHandler (ContextHandler.java:doStart(781)) - Started o.e.j.s.ServletContextHandler@4fce136b{/logs,file:///workdir/hadoop-ozone/integration-test/target/log,AVAILABLE}
2019-09-29 11:17:48,276 [main] INFO  handler.ContextHandler (ContextHandler.java:doStart(781)) - Started o.e.j.s.ServletContextHandler@43b6123e{/static,file:///workdir/hadoop-ozone/integration-test/target/test-classes/webapps/static,AVAILABLE}
2019-09-29 11:17:48,317 [main] INFO  handler.ContextHandler (ContextHandler.java:doStart(781)) - Started o.e.j.w.WebAppContext@6db66836{/,file:///workdir/hadoop-ozone/integration-test/target/test-classes/webapps/scm/,AVAILABLE}{/scm}
2019-09-29 11:17:48,323 [main] INFO  server.AbstractConnector (AbstractConnector.java:doStart(278)) - Started ServerConnector@1ee4730{HTTP/1.1,[http/1.1]}{0.0.0.0:35643}
2019-09-29 11:17:48,323 [main] INFO  server.Server (Server.java:doStart(419)) - Started @2911ms
2019-09-29 11:17:48,326 [main] INFO  impl.MetricsSinkAdapter (MetricsSinkAdapter.java:start(204)) - Sink prometheus started
2019-09-29 11:17:48,326 [main] INFO  impl.MetricsSystemImpl (MetricsSystemImpl.java:registerSink(301)) - Registered sink prometheus
2019-09-29 11:17:48,327 [main] INFO  server.BaseHttpServer (BaseHttpServer.java:updateConnectorAddress(215)) - HTTP server of SCM is listening at http://0.0.0.0:35643
2019-09-29 11:17:48,335 [org.apache.hadoop.util.JvmPauseMonitor$Monitor@51f49060] INFO  util.JvmPauseMonitor (JvmPauseMonitor.java:run(188)) - Starting JVM pause monitor
2019-09-29 11:17:48,340 [main] WARN  server.ServerUtils (ServerUtils.java:getDBPath(222)) - ozone.om.db.dirs is not configured. We recommend adding this setting. Falling back to ozone.metadata.dirs instead.
2019-09-29 11:17:48,467 [main] WARN  server.ServerUtils (ServerUtils.java:getDBPath(222)) - ozone.om.db.dirs is not configured. We recommend adding this setting. Falling back to ozone.metadata.dirs instead.
2019-09-29 11:17:48,467 [main] WARN  server.ServerUtils (ServerUtils.java:getDBPath(222)) - ozone.om.db.dirs is not configured. We recommend adding this setting. Falling back to ozone.metadata.dirs instead.
2019-09-29 11:17:48,468 [main] INFO  om.OzoneManager (OzoneManager.java:setOMNodeDetails(652)) - OM Service ID is not set. Setting it to the default ID: omServiceIdDefault
2019-09-29 11:17:48,469 [main] INFO  om.OzoneManager (OzoneManager.java:setOMNodeDetails(658)) - OM Node ID is not set. Setting it to the OmStorage's OmID: 793f43a7-3bb6-492f-a643-0221526b7b63
2019-09-29 11:17:48,470 [main] INFO  om.OzoneManager (OzoneManager.java:loadOMHAConfigs(609)) - Found matching OM address with OMServiceId: null, OMNodeId: null, RPC Address: localhost:0 and Ratis port: 9872
2019-09-29 11:17:49,186 [main] WARN  server.ServerUtils (ServerUtils.java:getDBPath(222)) - ozone.om.db.dirs is not configured. We recommend adding this setting. Falling back to ozone.metadata.dirs instead.
2019-09-29 11:17:49,194 [main] INFO  db.DBStoreBuilder (DBStoreBuilder.java:addTable(110)) - using custom profile for table: userTable
2019-09-29 11:17:49,195 [main] INFO  db.DBStoreBuilder (DBStoreBuilder.java:processTables(161)) - Using default column profile:DBProfile.DISK for Table:userTable
2019-09-29 11:17:49,195 [main] INFO  db.DBStoreBuilder (DBStoreBuilder.java:addTable(110)) - using custom profile for table: volumeTable
2019-09-29 11:17:49,195 [main] INFO  db.DBStoreBuilder (DBStoreBuilder.java:processTables(161)) - Using default column profile:DBProfile.DISK for Table:volumeTable
2019-09-29 11:17:49,195 [main] INFO  db.DBStoreBuilder (DBStoreBuilder.java:addTable(110)) - using custom profile for table: bucketTable
2019-09-29 11:17:49,196 [main] INFO  db.DBStoreBuilder (DBStoreBuilder.java:processTables(161)) - Using default column profile:DBProfile.DISK for Table:bucketTable
2019-09-29 11:17:49,196 [main] INFO  db.DBStoreBuilder (DBStoreBuilder.java:addTable(110)) - using custom profile for table: keyTable
2019-09-29 11:17:49,196 [main] INFO  db.DBStoreBuilder (DBStoreBuilder.java:processTables(161)) - Using default column profile:DBProfile.DISK for Table:keyTable
2019-09-29 11:17:49,197 [main] INFO  db.DBStoreBuilder (DBStoreBuilder.java:addTable(110)) - using custom profile for table: deletedTable
2019-09-29 11:17:49,197 [main] INFO  db.DBStoreBuilder (DBStoreBuilder.java:processTables(161)) - Using default column profile:DBProfile.DISK for Table:deletedTable
2019-09-29 11:17:49,197 [main] INFO  db.DBStoreBuilder (DBStoreBuilder.java:addTable(110)) - using custom profile for table: openKeyTable
2019-09-29 11:17:49,197 [main] INFO  db.DBStoreBuilder (DBStoreBuilder.java:processTables(161)) - Using default column profile:DBProfile.DISK for Table:openKeyTable
2019-09-29 11:17:49,198 [main] INFO  db.DBStoreBuilder (DBStoreBuilder.java:addTable(110)) - using custom profile for table: s3Table
2019-09-29 11:17:49,198 [main] INFO  db.DBStoreBuilder (DBStoreBuilder.java:processTables(161)) - Using default column profile:DBProfile.DISK for Table:s3Table
2019-09-29 11:17:49,198 [main] INFO  db.DBStoreBuilder (DBStoreBuilder.java:addTable(110)) - using custom profile for table: multipartInfoTable
2019-09-29 11:17:49,198 [main] INFO  db.DBStoreBuilder (DBStoreBuilder.java:processTables(161)) - Using default column profile:DBProfile.DISK for Table:multipartInfoTable
2019-09-29 11:17:49,199 [main] INFO  db.DBStoreBuilder (DBStoreBuilder.java:addTable(110)) - using custom profile for table: dTokenTable
2019-09-29 11:17:49,199 [main] INFO  db.DBStoreBuilder (DBStoreBuilder.java:processTables(161)) - Using default column profile:DBProfile.DISK for Table:dTokenTable
2019-09-29 11:17:49,199 [main] INFO  db.DBStoreBuilder (DBStoreBuilder.java:addTable(110)) - using custom profile for table: s3SecretTable
2019-09-29 11:17:49,199 [main] INFO  db.DBStoreBuilder (DBStoreBuilder.java:processTables(161)) - Using default column profile:DBProfile.DISK for Table:s3SecretTable
2019-09-29 11:17:49,200 [main] INFO  db.DBStoreBuilder (DBStoreBuilder.java:addTable(110)) - using custom profile for table: prefixTable
2019-09-29 11:17:49,200 [main] INFO  db.DBStoreBuilder (DBStoreBuilder.java:processTables(161)) - Using default column profile:DBProfile.DISK for Table:prefixTable
2019-09-29 11:17:49,200 [main] INFO  db.DBStoreBuilder (DBStoreBuilder.java:addTable(110)) - using custom profile for table: default
2019-09-29 11:17:49,200 [main] INFO  db.DBStoreBuilder (DBStoreBuilder.java:processTables(167)) - Using default column profile:DBProfile.DISK for Table:default
2019-09-29 11:17:49,201 [main] INFO  db.DBStoreBuilder (DBStoreBuilder.java:getDbProfile(198)) - Using default options. DBProfile.DISK
2019-09-29 11:17:50,031 [main] INFO  ipc.CallQueueManager (CallQueueManager.java:<init>(84)) - Using callQueue: class java.util.concurrent.LinkedBlockingQueue, queueCapacity: 2000, scheduler: class org.apache.hadoop.ipc.DefaultRpcScheduler, ipcBackoff: false.
2019-09-29 11:17:50,033 [Socket Reader #1 for port 34365] INFO  ipc.Server (Server.java:run(1074)) - Starting Socket Reader #1 for port 34365
2019-09-29 11:17:50,057 [main] INFO  om.OzoneManager (OzoneManager.java:start(1243)) - OzoneManager RPC server is listening at localhost/127.0.0.1:34365
2019-09-29 11:17:50,057 [main] INFO  impl.MetricsSystemImpl (MetricsSystemImpl.java:init(158)) - OzoneManager metrics system started (again)
2019-09-29 11:17:50,058 [IPC Server Responder] INFO  ipc.Server (Server.java:run(1314)) - IPC Server Responder: starting
2019-09-29 11:17:50,059 [IPC Server listener on 34365] INFO  ipc.Server (Server.java:run(1153)) - IPC Server listener on 34365: starting
2019-09-29 11:17:50,065 [main] INFO  hdfs.DFSUtil (DFSUtil.java:httpServerTemplateForNNAndJN(1641)) - Starting Web-server for ozoneManager at: http://0.0.0.0:0
2019-09-29 11:17:50,067 [main] INFO  server.AuthenticationFilter (AuthenticationFilter.java:constructSecretProvider(240)) - Unable to initialize FileSignerSecretProvider, falling back to use random secrets.
2019-09-29 11:17:50,067 [main] WARN  http.HttpRequestLog (HttpRequestLog.java:getRequestLog(97)) - Jetty request log can only be enabled using Log4j
2019-09-29 11:17:50,069 [main] INFO  http.HttpServer2 (HttpServer2.java:addGlobalFilter(975)) - Added global filter 'safety' (class=org.apache.hadoop.http.HttpServer2$QuotingInputFilter)
2019-09-29 11:17:50,070 [main] INFO  http.HttpServer2 (HttpServer2.java:addFilter(948)) - Added filter static_user_filter (class=org.apache.hadoop.http.lib.StaticUserWebFilter$StaticUserFilter) to context ozoneManager
2019-09-29 11:17:50,070 [main] INFO  http.HttpServer2 (HttpServer2.java:addFilter(958)) - Added filter static_user_filter (class=org.apache.hadoop.http.lib.StaticUserWebFilter$StaticUserFilter) to context static
2019-09-29 11:17:50,070 [main] INFO  http.HttpServer2 (HttpServer2.java:addFilter(958)) - Added filter static_user_filter (class=org.apache.hadoop.http.lib.StaticUserWebFilter$StaticUserFilter) to context logs
2019-09-29 11:17:50,073 [main] INFO  http.HttpServer2 (HttpServer2.java:bindListener(1191)) - Jetty bound to port 45272
2019-09-29 11:17:50,073 [main] INFO  server.Server (Server.java:doStart(351)) - jetty-9.3.25.v20180904, build timestamp: 2018-09-04T21:11:46Z, git hash: 3ce520221d0240229c862b122d2b06c12a625732
2019-09-29 11:17:50,075 [main] INFO  handler.ContextHandler (ContextHandler.java:doStart(781)) - Started o.e.j.s.ServletContextHandler@20ed3303{/logs,file:///workdir/hadoop-ozone/integration-test/target/log,AVAILABLE}
2019-09-29 11:17:50,075 [main] INFO  handler.ContextHandler (ContextHandler.java:doStart(781)) - Started o.e.j.s.ServletContextHandler@3a627c80{/static,file:///workdir/hadoop-ozone/integration-test/target/test-classes/webapps/static,AVAILABLE}
2019-09-29 11:17:50,080 [main] INFO  handler.ContextHandler (ContextHandler.java:doStart(781)) - Started o.e.j.w.WebAppContext@415156bf{/,file:///workdir/hadoop-ozone/integration-test/target/test-classes/webapps/ozoneManager/,AVAILABLE}{/ozoneManager}
2019-09-29 11:17:50,081 [main] INFO  server.AbstractConnector (AbstractConnector.java:doStart(278)) - Started ServerConnector@393881f0{HTTP/1.1,[http/1.1]}{0.0.0.0:45272}
2019-09-29 11:17:50,082 [main] INFO  server.Server (Server.java:doStart(419)) - Started @4669ms
2019-09-29 11:17:50,083 [main] WARN  impl.MetricsSystemImpl (MetricsSystemImpl.java:register(276)) - Sink prometheus already exists!
2019-09-29 11:17:50,083 [main] INFO  server.BaseHttpServer (BaseHttpServer.java:updateConnectorAddress(215)) - HTTP server of OZONEMANAGER is listening at http://0.0.0.0:45272
2019-09-29 11:17:50,390 [main] INFO  impl.MetricsSystemImpl (MetricsSystemImpl.java:init(158)) - HddsDatanode metrics system started (again)
2019-09-29 11:17:50,431 [main] INFO  ozone.HddsDatanodeService (HddsDatanodeService.java:start(184)) - HddsDatanodeService host:pr-hdds-1569-lsfh5-224679870 ip:192.168.30.19
2019-09-29 11:17:50,485 [main] INFO  volume.HddsVolume (HddsVolume.java:<init>(176)) - Creating Volume: /workdir/hadoop-ozone/integration-test/target/test-dir/MiniOzoneClusterImpl-9adecfa3-4693-4b3b-b175-846bdd8f8c06/datanode-0/data/containers/hdds of  storage type : DISK and capacity : 1482555576320
2019-09-29 11:17:50,487 [main] INFO  volume.VolumeSet (VolumeSet.java:initializeVolumeSet(170)) - Added Volume : /workdir/hadoop-ozone/integration-test/target/test-dir/MiniOzoneClusterImpl-9adecfa3-4693-4b3b-b175-846bdd8f8c06/datanode-0/data/containers/hdds to VolumeSet
2019-09-29 11:17:50,491 [main] INFO  volume.ThrottledAsyncChecker (ThrottledAsyncChecker.java:schedule(139)) - Scheduling a check for org.apache.hadoop.ozone.container.common.volume.HddsVolume@59496961
2019-09-29 11:17:50,510 [main] INFO  volume.HddsVolumeChecker (HddsVolumeChecker.java:checkAllVolumes(202)) - Scheduled health check for volume org.apache.hadoop.ozone.container.common.volume.HddsVolume@59496961
2019-09-29 11:17:50,646 [main] INFO  impl.RaftServerProxy (ConfUtils.java:logGet(43)) - raft.rpc.type = GRPC (default)
2019-09-29 11:17:50,722 [main] INFO  grpc.GrpcFactory (GrpcFactory.java:checkPooledByteBufAllocatorUseCacheForAllThreads(45)) - PERFORMANCE WARNING: useCacheForAllThreads is true that may cause Netty to create a lot garbage objects and, as a result, trigger GC.
	It is recommended to disable useCacheForAllThreads by setting -Dorg.apache.ratis.thirdparty.io.netty.allocator.useCacheForAllThreads=false in command line.
2019-09-29 11:17:50,728 [main] INFO  grpc.GrpcConfigKeys$Server (ConfUtils.java:logGet(43)) - raft.grpc.server.port = 0 (default)
2019-09-29 11:17:50,728 [main] INFO  server.GrpcService (ConfUtils.java:logGet(43)) - raft.grpc.message.size.max = 33570816 (custom)
2019-09-29 11:17:50,730 [main] INFO  server.RaftServerConfigKeys (ConfUtils.java:logGet(43)) - raft.server.log.appender.buffer.byte-limit = 33554432 (custom)
2019-09-29 11:17:50,731 [main] INFO  server.GrpcService (ConfUtils.java:logGet(43)) - raft.grpc.flow.control.window = 1MB (=1048576) (default)
2019-09-29 11:17:50,732 [main] INFO  server.RaftServerConfigKeys (ConfUtils.java:logGet(43)) - raft.server.rpc.request.timeout = 3000ms (default)
2019-09-29 11:17:50,913 [main] INFO  server.RaftServerConfigKeys (ConfUtils.java:logGet(43)) - raft.server.storage.dir = [/workdir/hadoop-ozone/integration-test/target/test-dir/MiniOzoneClusterImpl-9adecfa3-4693-4b3b-b175-846bdd8f8c06/datanode-0/data/ratis] (custom)
2019-09-29 11:17:50,974 [main] INFO  hdfs.DFSUtil (DFSUtil.java:httpServerTemplateForNNAndJN(1641)) - Starting Web-server for hddsDatanode at: http://0.0.0.0:0
2019-09-29 11:17:50,976 [main] INFO  server.AuthenticationFilter (AuthenticationFilter.java:constructSecretProvider(240)) - Unable to initialize FileSignerSecretProvider, falling back to use random secrets.
2019-09-29 11:17:50,977 [main] WARN  http.HttpRequestLog (HttpRequestLog.java:getRequestLog(97)) - Jetty request log can only be enabled using Log4j
2019-09-29 11:17:50,979 [main] INFO  http.HttpServer2 (HttpServer2.java:addGlobalFilter(975)) - Added global filter 'safety' (class=org.apache.hadoop.http.HttpServer2$QuotingInputFilter)
2019-09-29 11:17:50,979 [main] INFO  http.HttpServer2 (HttpServer2.java:addFilter(948)) - Added filter static_user_filter (class=org.apache.hadoop.http.lib.StaticUserWebFilter$StaticUserFilter) to context hddsDatanode
2019-09-29 11:17:50,980 [main] INFO  http.HttpServer2 (HttpServer2.java:addFilter(958)) - Added filter static_user_filter (class=org.apache.hadoop.http.lib.StaticUserWebFilter$StaticUserFilter) to context logs
2019-09-29 11:17:50,980 [main] INFO  http.HttpServer2 (HttpServer2.java:addFilter(958)) - Added filter static_user_filter (class=org.apache.hadoop.http.lib.StaticUserWebFilter$StaticUserFilter) to context static
2019-09-29 11:17:50,981 [main] INFO  http.HttpServer2 (HttpServer2.java:bindListener(1191)) - Jetty bound to port 36839
2019-09-29 11:17:50,981 [main] INFO  server.Server (Server.java:doStart(351)) - jetty-9.3.25.v20180904, build timestamp: 2018-09-04T21:11:46Z, git hash: 3ce520221d0240229c862b122d2b06c12a625732
2019-09-29 11:17:50,983 [main] INFO  handler.ContextHandler (ContextHandler.java:doStart(781)) - Started o.e.j.s.ServletContextHandler@43045f9f{/logs,file:///workdir/hadoop-ozone/integration-test/target/log,AVAILABLE}
2019-09-29 11:17:50,984 [main] INFO  handler.ContextHandler (ContextHandler.java:doStart(781)) - Started o.e.j.s.ServletContextHandler@6403e24c{/static,jar:file:/home/user/.m2/repository/org/apache/hadoop/hadoop-hdds-container-service/0.5.0-SNAPSHOT/hadoop-hdds-container-service-0.5.0-SNAPSHOT.jar!/webapps/static,AVAILABLE}
2019-09-29 11:17:51,017 [main] INFO  handler.ContextHandler (ContextHandler.java:doStart(781)) - Started o.e.j.w.WebAppContext@5df778c3{/,file:///tmp/jetty-0.0.0.0-36839-hddsDatanode-_-any-1890512567766262769.dir/webapp/,AVAILABLE}{/hddsDatanode}
2019-09-29 11:17:51,019 [main] INFO  server.AbstractConnector (AbstractConnector.java:doStart(278)) - Started ServerConnector@895416d{HTTP/1.1,[http/1.1]}{0.0.0.0:36839}
2019-09-29 11:17:51,020 [main] INFO  server.Server (Server.java:doStart(419)) - Started @5608ms
2019-09-29 11:17:51,020 [main] WARN  impl.MetricsSystemImpl (MetricsSystemImpl.java:register(276)) - Sink prometheus already exists!
2019-09-29 11:17:51,021 [main] INFO  server.BaseHttpServer (BaseHttpServer.java:updateConnectorAddress(215)) - HTTP server of HDDSDATANODE is listening at http://0.0.0.0:36839
2019-09-29 11:17:51,022 [main] INFO  impl.MetricsSystemImpl (MetricsSystemImpl.java:init(158)) - HddsDatanode metrics system started (again)
2019-09-29 11:17:51,025 [main] INFO  ozone.HddsDatanodeService (HddsDatanodeService.java:start(184)) - HddsDatanodeService host:pr-hdds-1569-lsfh5-224679870 ip:192.168.30.19
2019-09-29 11:17:51,035 [org.apache.hadoop.util.JvmPauseMonitor$Monitor@57e63163] INFO  util.JvmPauseMonitor (JvmPauseMonitor.java:run(188)) - Starting JVM pause monitor
2019-09-29 11:17:51,041 [main] INFO  volume.HddsVolume (HddsVolume.java:<init>(176)) - Creating Volume: /workdir/hadoop-ozone/integration-test/target/test-dir/MiniOzoneClusterImpl-9adecfa3-4693-4b3b-b175-846bdd8f8c06/datanode-1/data/containers/hdds of  storage type : DISK and capacity : 1482555576320
2019-09-29 11:17:51,043 [main] INFO  volume.VolumeSet (VolumeSet.java:initializeVolumeSet(170)) - Added Volume : /workdir/hadoop-ozone/integration-test/target/test-dir/MiniOzoneClusterImpl-9adecfa3-4693-4b3b-b175-846bdd8f8c06/datanode-1/data/containers/hdds to VolumeSet
2019-09-29 11:17:51,043 [main] INFO  volume.ThrottledAsyncChecker (ThrottledAsyncChecker.java:schedule(139)) - Scheduling a check for org.apache.hadoop.ozone.container.common.volume.HddsVolume@22a6e998
2019-09-29 11:17:51,045 [main] INFO  volume.HddsVolumeChecker (HddsVolumeChecker.java:checkAllVolumes(202)) - Scheduled health check for volume org.apache.hadoop.ozone.container.common.volume.HddsVolume@22a6e998
2019-09-29 11:17:51,062 [main] INFO  impl.RaftServerProxy (ConfUtils.java:logGet(43)) - raft.rpc.type = GRPC (default)
2019-09-29 11:17:51,062 [main] INFO  grpc.GrpcFactory (GrpcFactory.java:checkPooledByteBufAllocatorUseCacheForAllThreads(45)) - PERFORMANCE WARNING: useCacheForAllThreads is true that may cause Netty to create a lot garbage objects and, as a result, trigger GC.
	It is recommended to disable useCacheForAllThreads by setting -Dorg.apache.ratis.thirdparty.io.netty.allocator.useCacheForAllThreads=false in command line.
2019-09-29 11:17:51,063 [main] INFO  grpc.GrpcConfigKeys$Server (ConfUtils.java:logGet(43)) - raft.grpc.server.port = 0 (default)
2019-09-29 11:17:51,063 [main] INFO  server.GrpcService (ConfUtils.java:logGet(43)) - raft.grpc.message.size.max = 33570816 (custom)
2019-09-29 11:17:51,063 [main] INFO  server.RaftServerConfigKeys (ConfUtils.java:logGet(43)) - raft.server.log.appender.buffer.byte-limit = 33554432 (custom)
2019-09-29 11:17:51,063 [main] INFO  server.GrpcService (ConfUtils.java:logGet(43)) - raft.grpc.flow.control.window = 1MB (=1048576) (default)
2019-09-29 11:17:51,064 [main] INFO  server.RaftServerConfigKeys (ConfUtils.java:logGet(43)) - raft.server.rpc.request.timeout = 3000ms (default)
2019-09-29 11:17:51,064 [main] INFO  server.RaftServerConfigKeys (ConfUtils.java:logGet(43)) - raft.server.storage.dir = [/workdir/hadoop-ozone/integration-test/target/test-dir/MiniOzoneClusterImpl-9adecfa3-4693-4b3b-b175-846bdd8f8c06/datanode-1/data/ratis] (custom)
2019-09-29 11:17:51,066 [main] INFO  hdfs.DFSUtil (DFSUtil.java:httpServerTemplateForNNAndJN(1641)) - Starting Web-server for hddsDatanode at: http://0.0.0.0:0
2019-09-29 11:17:51,067 [main] INFO  server.AuthenticationFilter (AuthenticationFilter.java:constructSecretProvider(240)) - Unable to initialize FileSignerSecretProvider, falling back to use random secrets.
2019-09-29 11:17:51,069 [main] WARN  http.HttpRequestLog (HttpRequestLog.java:getRequestLog(97)) - Jetty request log can only be enabled using Log4j
2019-09-29 11:17:51,070 [main] INFO  http.HttpServer2 (HttpServer2.java:addGlobalFilter(975)) - Added global filter 'safety' (class=org.apache.hadoop.http.HttpServer2$QuotingInputFilter)
2019-09-29 11:17:51,071 [main] INFO  http.HttpServer2 (HttpServer2.java:addFilter(948)) - Added filter static_user_filter (class=org.apache.hadoop.http.lib.StaticUserWebFilter$StaticUserFilter) to context hddsDatanode
2019-09-29 11:17:51,071 [main] INFO  http.HttpServer2 (HttpServer2.java:addFilter(958)) - Added filter static_user_filter (class=org.apache.hadoop.http.lib.StaticUserWebFilter$StaticUserFilter) to context logs
2019-09-29 11:17:51,071 [main] INFO  http.HttpServer2 (HttpServer2.java:addFilter(958)) - Added filter static_user_filter (class=org.apache.hadoop.http.lib.StaticUserWebFilter$StaticUserFilter) to context static
2019-09-29 11:17:51,072 [main] INFO  http.HttpServer2 (HttpServer2.java:bindListener(1191)) - Jetty bound to port 34629
2019-09-29 11:17:51,072 [main] INFO  server.Server (Server.java:doStart(351)) - jetty-9.3.25.v20180904, build timestamp: 2018-09-04T21:11:46Z, git hash: 3ce520221d0240229c862b122d2b06c12a625732
2019-09-29 11:17:51,077 [main] INFO  handler.ContextHandler (ContextHandler.java:doStart(781)) - Started o.e.j.s.ServletContextHandler@a9f023e{/logs,file:///workdir/hadoop-ozone/integration-test/target/log,AVAILABLE}
2019-09-29 11:17:51,077 [main] INFO  handler.ContextHandler (ContextHandler.java:doStart(781)) - Started o.e.j.s.ServletContextHandler@4b200971{/static,jar:file:/home/user/.m2/repository/org/apache/hadoop/hadoop-hdds-container-service/0.5.0-SNAPSHOT/hadoop-hdds-container-service-0.5.0-SNAPSHOT.jar!/webapps/static,AVAILABLE}
2019-09-29 11:17:51,107 [main] INFO  handler.ContextHandler (ContextHandler.java:doStart(781)) - Started o.e.j.w.WebAppContext@337bbfdf{/,file:///tmp/jetty-0.0.0.0-34629-hddsDatanode-_-any-2902416725148322011.dir/webapp/,AVAILABLE}{/hddsDatanode}
2019-09-29 11:17:51,108 [main] INFO  server.AbstractConnector (AbstractConnector.java:doStart(278)) - Started ServerConnector@52d97ab6{HTTP/1.1,[http/1.1]}{0.0.0.0:34629}
2019-09-29 11:17:51,109 [main] INFO  server.Server (Server.java:doStart(419)) - Started @5697ms
2019-09-29 11:17:51,109 [main] WARN  impl.MetricsSystemImpl (MetricsSystemImpl.java:register(276)) - Sink prometheus already exists!
2019-09-29 11:17:51,110 [main] INFO  server.BaseHttpServer (BaseHttpServer.java:updateConnectorAddress(215)) - HTTP server of HDDSDATANODE is listening at http://0.0.0.0:34629
2019-09-29 11:17:51,110 [main] INFO  impl.MetricsSystemImpl (MetricsSystemImpl.java:init(158)) - HddsDatanode metrics system started (again)
2019-09-29 11:17:51,113 [main] INFO  ozone.HddsDatanodeService (HddsDatanodeService.java:start(184)) - HddsDatanodeService host:pr-hdds-1569-lsfh5-224679870 ip:192.168.30.19
2019-09-29 11:17:51,113 [org.apache.hadoop.util.JvmPauseMonitor$Monitor@e309041] INFO  util.JvmPauseMonitor (JvmPauseMonitor.java:run(188)) - Starting JVM pause monitor
2019-09-29 11:17:51,120 [main] INFO  volume.HddsVolume (HddsVolume.java:<init>(176)) - Creating Volume: /workdir/hadoop-ozone/integration-test/target/test-dir/MiniOzoneClusterImpl-9adecfa3-4693-4b3b-b175-846bdd8f8c06/datanode-2/data/containers/hdds of  storage type : DISK and capacity : 1482555576320
2019-09-29 11:17:51,120 [main] INFO  volume.VolumeSet (VolumeSet.java:initializeVolumeSet(170)) - Added Volume : /workdir/hadoop-ozone/integration-test/target/test-dir/MiniOzoneClusterImpl-9adecfa3-4693-4b3b-b175-846bdd8f8c06/datanode-2/data/containers/hdds to VolumeSet
2019-09-29 11:17:51,120 [main] INFO  volume.ThrottledAsyncChecker (ThrottledAsyncChecker.java:schedule(139)) - Scheduling a check for org.apache.hadoop.ozone.container.common.volume.HddsVolume@50850539
2019-09-29 11:17:51,121 [main] INFO  volume.HddsVolumeChecker (HddsVolumeChecker.java:checkAllVolumes(202)) - Scheduled health check for volume org.apache.hadoop.ozone.container.common.volume.HddsVolume@50850539
2019-09-29 11:17:51,135 [main] INFO  impl.RaftServerProxy (ConfUtils.java:logGet(43)) - raft.rpc.type = GRPC (default)
2019-09-29 11:17:51,135 [main] INFO  grpc.GrpcFactory (GrpcFactory.java:checkPooledByteBufAllocatorUseCacheForAllThreads(45)) - PERFORMANCE WARNING: useCacheForAllThreads is true that may cause Netty to create a lot garbage objects and, as a result, trigger GC.
	It is recommended to disable useCacheForAllThreads by setting -Dorg.apache.ratis.thirdparty.io.netty.allocator.useCacheForAllThreads=false in command line.
2019-09-29 11:17:51,135 [main] INFO  grpc.GrpcConfigKeys$Server (ConfUtils.java:logGet(43)) - raft.grpc.server.port = 0 (default)
2019-09-29 11:17:51,136 [main] INFO  server.GrpcService (ConfUtils.java:logGet(43)) - raft.grpc.message.size.max = 33570816 (custom)
2019-09-29 11:17:51,136 [main] INFO  server.RaftServerConfigKeys (ConfUtils.java:logGet(43)) - raft.server.log.appender.buffer.byte-limit = 33554432 (custom)
2019-09-29 11:17:51,136 [main] INFO  server.GrpcService (ConfUtils.java:logGet(43)) - raft.grpc.flow.control.window = 1MB (=1048576) (default)
2019-09-29 11:17:51,136 [main] INFO  server.RaftServerConfigKeys (ConfUtils.java:logGet(43)) - raft.server.rpc.request.timeout = 3000ms (default)
2019-09-29 11:17:51,137 [main] INFO  server.RaftServerConfigKeys (ConfUtils.java:logGet(43)) - raft.server.storage.dir = [/workdir/hadoop-ozone/integration-test/target/test-dir/MiniOzoneClusterImpl-9adecfa3-4693-4b3b-b175-846bdd8f8c06/datanode-2/data/ratis] (custom)
2019-09-29 11:17:51,139 [main] INFO  hdfs.DFSUtil (DFSUtil.java:httpServerTemplateForNNAndJN(1641)) - Starting Web-server for hddsDatanode at: http://0.0.0.0:0
2019-09-29 11:17:51,140 [main] INFO  server.AuthenticationFilter (AuthenticationFilter.java:constructSecretProvider(240)) - Unable to initialize FileSignerSecretProvider, falling back to use random secrets.
2019-09-29 11:17:51,141 [main] WARN  http.HttpRequestLog (HttpRequestLog.java:getRequestLog(97)) - Jetty request log can only be enabled using Log4j
2019-09-29 11:17:51,142 [main] INFO  http.HttpServer2 (HttpServer2.java:addGlobalFilter(975)) - Added global filter 'safety' (class=org.apache.hadoop.http.HttpServer2$QuotingInputFilter)
2019-09-29 11:17:51,143 [main] INFO  http.HttpServer2 (HttpServer2.java:addFilter(948)) - Added filter static_user_filter (class=org.apache.hadoop.http.lib.StaticUserWebFilter$StaticUserFilter) to context hddsDatanode
2019-09-29 11:17:51,143 [main] INFO  http.HttpServer2 (HttpServer2.java:addFilter(958)) - Added filter static_user_filter (class=org.apache.hadoop.http.lib.StaticUserWebFilter$StaticUserFilter) to context logs
2019-09-29 11:17:51,143 [main] INFO  http.HttpServer2 (HttpServer2.java:addFilter(958)) - Added filter static_user_filter (class=org.apache.hadoop.http.lib.StaticUserWebFilter$StaticUserFilter) to context static
2019-09-29 11:17:51,144 [main] INFO  http.HttpServer2 (HttpServer2.java:bindListener(1191)) - Jetty bound to port 34864
2019-09-29 11:17:51,144 [main] INFO  server.Server (Server.java:doStart(351)) - jetty-9.3.25.v20180904, build timestamp: 2018-09-04T21:11:46Z, git hash: 3ce520221d0240229c862b122d2b06c12a625732
2019-09-29 11:17:51,146 [main] INFO  handler.ContextHandler (ContextHandler.java:doStart(781)) - Started o.e.j.s.ServletContextHandler@726aa968{/logs,file:///workdir/hadoop-ozone/integration-test/target/log,AVAILABLE}
2019-09-29 11:17:51,146 [main] INFO  handler.ContextHandler (ContextHandler.java:doStart(781)) - Started o.e.j.s.ServletContextHandler@712cfb63{/static,jar:file:/home/user/.m2/repository/org/apache/hadoop/hadoop-hdds-container-service/0.5.0-SNAPSHOT/hadoop-hdds-container-service-0.5.0-SNAPSHOT.jar!/webapps/static,AVAILABLE}
2019-09-29 11:17:51,164 [Datanode State Machine Thread - 0] INFO  datanode.InitDatanodeState (InitDatanodeState.java:persistContainerDatanodeDetails(140)) - DatanodeDetails is persisted to /workdir/hadoop-ozone/integration-test/target/test-dir/MiniOzoneClusterImpl-9adecfa3-4693-4b3b-b175-846bdd8f8c06/datanode-0/meta/datanode.id
2019-09-29 11:17:51,168 [Datanode State Machine Thread - 0] INFO  datanode.InitDatanodeState (InitDatanodeState.java:persistContainerDatanodeDetails(140)) - DatanodeDetails is persisted to /workdir/hadoop-ozone/integration-test/target/test-dir/MiniOzoneClusterImpl-9adecfa3-4693-4b3b-b175-846bdd8f8c06/datanode-1/meta/datanode.id
2019-09-29 11:17:51,177 [main] INFO  handler.ContextHandler (ContextHandler.java:doStart(781)) - Started o.e.j.w.WebAppContext@7ecec90d{/,file:///tmp/jetty-0.0.0.0-34864-hddsDatanode-_-any-192371228300002659.dir/webapp/,AVAILABLE}{/hddsDatanode}
2019-09-29 11:17:51,178 [main] INFO  server.AbstractConnector (AbstractConnector.java:doStart(278)) - Started ServerConnector@588f63c{HTTP/1.1,[http/1.1]}{0.0.0.0:34864}
2019-09-29 11:17:51,179 [main] INFO  server.Server (Server.java:doStart(419)) - Started @5767ms
2019-09-29 11:17:51,179 [main] WARN  impl.MetricsSystemImpl (MetricsSystemImpl.java:register(276)) - Sink prometheus already exists!
2019-09-29 11:17:51,180 [main] INFO  server.BaseHttpServer (BaseHttpServer.java:updateConnectorAddress(215)) - HTTP server of HDDSDATANODE is listening at http://0.0.0.0:34864
2019-09-29 11:17:51,180 [main] INFO  impl.MetricsSystemImpl (MetricsSystemImpl.java:init(158)) - HddsDatanode metrics system started (again)
2019-09-29 11:17:51,183 [org.apache.hadoop.util.JvmPauseMonitor$Monitor@ac8cdcd] INFO  util.JvmPauseMonitor (JvmPauseMonitor.java:run(188)) - Starting JVM pause monitor
2019-09-29 11:17:51,184 [main] INFO  ozone.HddsDatanodeService (HddsDatanodeService.java:start(184)) - HddsDatanodeService host:pr-hdds-1569-lsfh5-224679870 ip:192.168.30.19
2019-09-29 11:17:51,186 [Datanode State Machine Thread - 0] INFO  datanode.InitDatanodeState (InitDatanodeState.java:persistContainerDatanodeDetails(140)) - DatanodeDetails is persisted to /workdir/hadoop-ozone/integration-test/target/test-dir/MiniOzoneClusterImpl-9adecfa3-4693-4b3b-b175-846bdd8f8c06/datanode-2/meta/datanode.id
2019-09-29 11:17:51,191 [main] INFO  volume.HddsVolume (HddsVolume.java:<init>(176)) - Creating Volume: /workdir/hadoop-ozone/integration-test/target/test-dir/MiniOzoneClusterImpl-9adecfa3-4693-4b3b-b175-846bdd8f8c06/datanode-3/data/containers/hdds of  storage type : DISK and capacity : 1482555576320
2019-09-29 11:17:51,191 [main] INFO  volume.VolumeSet (VolumeSet.java:initializeVolumeSet(170)) - Added Volume : /workdir/hadoop-ozone/integration-test/target/test-dir/MiniOzoneClusterImpl-9adecfa3-4693-4b3b-b175-846bdd8f8c06/datanode-3/data/containers/hdds to VolumeSet
2019-09-29 11:17:51,191 [main] INFO  volume.ThrottledAsyncChecker (ThrottledAsyncChecker.java:schedule(139)) - Scheduling a check for org.apache.hadoop.ozone.container.common.volume.HddsVolume@7efb53af
2019-09-29 11:17:51,192 [main] INFO  volume.HddsVolumeChecker (HddsVolumeChecker.java:checkAllVolumes(202)) - Scheduled health check for volume org.apache.hadoop.ozone.container.common.volume.HddsVolume@7efb53af
2019-09-29 11:17:51,206 [main] INFO  impl.RaftServerProxy (ConfUtils.java:logGet(43)) - raft.rpc.type = GRPC (default)
2019-09-29 11:17:51,206 [main] INFO  grpc.GrpcFactory (GrpcFactory.java:checkPooledByteBufAllocatorUseCacheForAllThreads(45)) - PERFORMANCE WARNING: useCacheForAllThreads is true that may cause Netty to create a lot garbage objects and, as a result, trigger GC.
	It is recommended to disable useCacheForAllThreads by setting -Dorg.apache.ratis.thirdparty.io.netty.allocator.useCacheForAllThreads=false in command line.
2019-09-29 11:17:51,206 [main] INFO  grpc.GrpcConfigKeys$Server (ConfUtils.java:logGet(43)) - raft.grpc.server.port = 0 (default)
2019-09-29 11:17:51,207 [main] INFO  server.GrpcService (ConfUtils.java:logGet(43)) - raft.grpc.message.size.max = 33570816 (custom)
2019-09-29 11:17:51,207 [main] INFO  server.RaftServerConfigKeys (ConfUtils.java:logGet(43)) - raft.server.log.appender.buffer.byte-limit = 33554432 (custom)
2019-09-29 11:17:51,207 [main] INFO  server.GrpcService (ConfUtils.java:logGet(43)) - raft.grpc.flow.control.window = 1MB (=1048576) (default)
2019-09-29 11:17:51,207 [main] INFO  server.RaftServerConfigKeys (ConfUtils.java:logGet(43)) - raft.server.rpc.request.timeout = 3000ms (default)
2019-09-29 11:17:51,208 [main] INFO  server.RaftServerConfigKeys (ConfUtils.java:logGet(43)) - raft.server.storage.dir = [/workdir/hadoop-ozone/integration-test/target/test-dir/MiniOzoneClusterImpl-9adecfa3-4693-4b3b-b175-846bdd8f8c06/datanode-3/data/ratis] (custom)
2019-09-29 11:17:51,209 [main] INFO  hdfs.DFSUtil (DFSUtil.java:httpServerTemplateForNNAndJN(1641)) - Starting Web-server for hddsDatanode at: http://0.0.0.0:0
2019-09-29 11:17:51,211 [main] INFO  server.AuthenticationFilter (AuthenticationFilter.java:constructSecretProvider(240)) - Unable to initialize FileSignerSecretProvider, falling back to use random secrets.
2019-09-29 11:17:51,211 [main] WARN  http.HttpRequestLog (HttpRequestLog.java:getRequestLog(97)) - Jetty request log can only be enabled using Log4j
2019-09-29 11:17:51,213 [main] INFO  http.HttpServer2 (HttpServer2.java:addGlobalFilter(975)) - Added global filter 'safety' (class=org.apache.hadoop.http.HttpServer2$QuotingInputFilter)
2019-09-29 11:17:51,213 [main] INFO  http.HttpServer2 (HttpServer2.java:addFilter(948)) - Added filter static_user_filter (class=org.apache.hadoop.http.lib.StaticUserWebFilter$StaticUserFilter) to context hddsDatanode
2019-09-29 11:17:51,214 [main] INFO  http.HttpServer2 (HttpServer2.java:addFilter(958)) - Added filter static_user_filter (class=org.apache.hadoop.http.lib.StaticUserWebFilter$StaticUserFilter) to context logs
2019-09-29 11:17:51,214 [main] INFO  http.HttpServer2 (HttpServer2.java:addFilter(958)) - Added filter static_user_filter (class=org.apache.hadoop.http.lib.StaticUserWebFilter$StaticUserFilter) to context static
2019-09-29 11:17:51,214 [main] INFO  http.HttpServer2 (HttpServer2.java:bindListener(1191)) - Jetty bound to port 39710
2019-09-29 11:17:51,215 [main] INFO  server.Server (Server.java:doStart(351)) - jetty-9.3.25.v20180904, build timestamp: 2018-09-04T21:11:46Z, git hash: 3ce520221d0240229c862b122d2b06c12a625732
2019-09-29 11:17:51,218 [main] INFO  handler.ContextHandler (ContextHandler.java:doStart(781)) - Started o.e.j.s.ServletContextHandler@72f9f27c{/logs,file:///workdir/hadoop-ozone/integration-test/target/log,AVAILABLE}
2019-09-29 11:17:51,219 [main] INFO  handler.ContextHandler (ContextHandler.java:doStart(781)) - Started o.e.j.s.ServletContextHandler@762637be{/static,jar:file:/home/user/.m2/repository/org/apache/hadoop/hadoop-hdds-container-service/0.5.0-SNAPSHOT/hadoop-hdds-container-service-0.5.0-SNAPSHOT.jar!/webapps/static,AVAILABLE}
2019-09-29 11:17:51,247 [main] INFO  handler.ContextHandler (ContextHandler.java:doStart(781)) - Started o.e.j.w.WebAppContext@715b886f{/,file:///tmp/jetty-0.0.0.0-39710-hddsDatanode-_-any-4360744462542215851.dir/webapp/,AVAILABLE}{/hddsDatanode}
2019-09-29 11:17:51,248 [main] INFO  server.AbstractConnector (AbstractConnector.java:doStart(278)) - Started ServerConnector@7fb29ca9{HTTP/1.1,[http/1.1]}{0.0.0.0:39710}
2019-09-29 11:17:51,249 [main] INFO  server.Server (Server.java:doStart(419)) - Started @5836ms
2019-09-29 11:17:51,249 [main] WARN  impl.MetricsSystemImpl (MetricsSystemImpl.java:register(276)) - Sink prometheus already exists!
2019-09-29 11:17:51,250 [main] INFO  server.BaseHttpServer (BaseHttpServer.java:updateConnectorAddress(215)) - HTTP server of HDDSDATANODE is listening at http://0.0.0.0:39710
2019-09-29 11:17:51,250 [main] INFO  impl.MetricsSystemImpl (MetricsSystemImpl.java:init(158)) - HddsDatanode metrics system started (again)
2019-09-29 11:17:51,254 [main] INFO  ozone.HddsDatanodeService (HddsDatanodeService.java:start(184)) - HddsDatanodeService host:pr-hdds-1569-lsfh5-224679870 ip:192.168.30.19
2019-09-29 11:17:51,254 [org.apache.hadoop.util.JvmPauseMonitor$Monitor@48acf707] INFO  util.JvmPauseMonitor (JvmPauseMonitor.java:run(188)) - Starting JVM pause monitor
2019-09-29 11:17:51,258 [Datanode State Machine Thread - 0] INFO  datanode.InitDatanodeState (InitDatanodeState.java:persistContainerDatanodeDetails(140)) - DatanodeDetails is persisted to /workdir/hadoop-ozone/integration-test/target/test-dir/MiniOzoneClusterImpl-9adecfa3-4693-4b3b-b175-846bdd8f8c06/datanode-3/meta/datanode.id
2019-09-29 11:17:51,270 [main] INFO  volume.HddsVolume (HddsVolume.java:<init>(176)) - Creating Volume: /workdir/hadoop-ozone/integration-test/target/test-dir/MiniOzoneClusterImpl-9adecfa3-4693-4b3b-b175-846bdd8f8c06/datanode-4/data/containers/hdds of  storage type : DISK and capacity : 1482555576320
2019-09-29 11:17:51,270 [main] INFO  volume.VolumeSet (VolumeSet.java:initializeVolumeSet(170)) - Added Volume : /workdir/hadoop-ozone/integration-test/target/test-dir/MiniOzoneClusterImpl-9adecfa3-4693-4b3b-b175-846bdd8f8c06/datanode-4/data/containers/hdds to VolumeSet
2019-09-29 11:17:51,270 [main] INFO  volume.ThrottledAsyncChecker (ThrottledAsyncChecker.java:schedule(139)) - Scheduling a check for org.apache.hadoop.ozone.container.common.volume.HddsVolume@39a87e72
2019-09-29 11:17:51,271 [main] INFO  volume.HddsVolumeChecker (HddsVolumeChecker.java:checkAllVolumes(202)) - Scheduled health check for volume org.apache.hadoop.ozone.container.common.volume.HddsVolume@39a87e72
2019-09-29 11:17:51,284 [main] INFO  impl.RaftServerProxy (ConfUtils.java:logGet(43)) - raft.rpc.type = GRPC (default)
2019-09-29 11:17:51,284 [main] INFO  grpc.GrpcFactory (GrpcFactory.java:checkPooledByteBufAllocatorUseCacheForAllThreads(45)) - PERFORMANCE WARNING: useCacheForAllThreads is true that may cause Netty to create a lot garbage objects and, as a result, trigger GC.
	It is recommended to disable useCacheForAllThreads by setting -Dorg.apache.ratis.thirdparty.io.netty.allocator.useCacheForAllThreads=false in command line.
2019-09-29 11:17:51,285 [main] INFO  grpc.GrpcConfigKeys$Server (ConfUtils.java:logGet(43)) - raft.grpc.server.port = 0 (default)
2019-09-29 11:17:51,285 [main] INFO  server.GrpcService (ConfUtils.java:logGet(43)) - raft.grpc.message.size.max = 33570816 (custom)
2019-09-29 11:17:51,285 [main] INFO  server.RaftServerConfigKeys (ConfUtils.java:logGet(43)) - raft.server.log.appender.buffer.byte-limit = 33554432 (custom)
2019-09-29 11:17:51,285 [main] INFO  server.GrpcService (ConfUtils.java:logGet(43)) - raft.grpc.flow.control.window = 1MB (=1048576) (default)
2019-09-29 11:17:51,286 [main] INFO  server.RaftServerConfigKeys (ConfUtils.java:logGet(43)) - raft.server.rpc.request.timeout = 3000ms (default)
2019-09-29 11:17:51,286 [main] INFO  server.RaftServerConfigKeys (ConfUtils.java:logGet(43)) - raft.server.storage.dir = [/workdir/hadoop-ozone/integration-test/target/test-dir/MiniOzoneClusterImpl-9adecfa3-4693-4b3b-b175-846bdd8f8c06/datanode-4/data/ratis] (custom)
2019-09-29 11:17:51,288 [main] INFO  hdfs.DFSUtil (DFSUtil.java:httpServerTemplateForNNAndJN(1641)) - Starting Web-server for hddsDatanode at: http://0.0.0.0:0
2019-09-29 11:17:51,289 [main] INFO  server.AuthenticationFilter (AuthenticationFilter.java:constructSecretProvider(240)) - Unable to initialize FileSignerSecretProvider, falling back to use random secrets.
2019-09-29 11:17:51,289 [main] WARN  http.HttpRequestLog (HttpRequestLog.java:getRequestLog(97)) - Jetty request log can only be enabled using Log4j
2019-09-29 11:17:51,291 [main] INFO  http.HttpServer2 (HttpServer2.java:addGlobalFilter(975)) - Added global filter 'safety' (class=org.apache.hadoop.http.HttpServer2$QuotingInputFilter)
2019-09-29 11:17:51,291 [main] INFO  http.HttpServer2 (HttpServer2.java:addFilter(948)) - Added filter static_user_filter (class=org.apache.hadoop.http.lib.StaticUserWebFilter$StaticUserFilter) to context hddsDatanode
2019-09-29 11:17:51,291 [main] INFO  http.HttpServer2 (HttpServer2.java:addFilter(958)) - Added filter static_user_filter (class=org.apache.hadoop.http.lib.StaticUserWebFilter$StaticUserFilter) to context logs
2019-09-29 11:17:51,292 [main] INFO  http.HttpServer2 (HttpServer2.java:addFilter(958)) - Added filter static_user_filter (class=org.apache.hadoop.http.lib.StaticUserWebFilter$StaticUserFilter) to context static
2019-09-29 11:17:51,292 [main] INFO  http.HttpServer2 (HttpServer2.java:bindListener(1191)) - Jetty bound to port 45926
2019-09-29 11:17:51,292 [main] INFO  server.Server (Server.java:doStart(351)) - jetty-9.3.25.v20180904, build timestamp: 2018-09-04T21:11:46Z, git hash: 3ce520221d0240229c862b122d2b06c12a625732
2019-09-29 11:17:51,294 [main] INFO  handler.ContextHandler (ContextHandler.java:doStart(781)) - Started o.e.j.s.ServletContextHandler@1457fde{/logs,file:///workdir/hadoop-ozone/integration-test/target/log,AVAILABLE}
2019-09-29 11:17:51,295 [main] INFO  handler.ContextHandler (ContextHandler.java:doStart(781)) - Started o.e.j.s.ServletContextHandler@17fa1336{/static,jar:file:/home/user/.m2/repository/org/apache/hadoop/hadoop-hdds-container-service/0.5.0-SNAPSHOT/hadoop-hdds-container-service-0.5.0-SNAPSHOT.jar!/webapps/static,AVAILABLE}
2019-09-29 11:17:51,323 [main] INFO  handler.ContextHandler (ContextHandler.java:doStart(781)) - Started o.e.j.w.WebAppContext@934b52f{/,file:///tmp/jetty-0.0.0.0-45926-hddsDatanode-_-any-1944023967978478635.dir/webapp/,AVAILABLE}{/hddsDatanode}
2019-09-29 11:17:51,324 [main] INFO  server.AbstractConnector (AbstractConnector.java:doStart(278)) - Started ServerConnector@2630dbc4{HTTP/1.1,[http/1.1]}{0.0.0.0:45926}
2019-09-29 11:17:51,324 [main] INFO  server.Server (Server.java:doStart(419)) - Started @5912ms
2019-09-29 11:17:51,326 [main] WARN  impl.MetricsSystemImpl (MetricsSystemImpl.java:register(276)) - Sink prometheus already exists!
2019-09-29 11:17:51,327 [main] INFO  server.BaseHttpServer (BaseHttpServer.java:updateConnectorAddress(215)) - HTTP server of HDDSDATANODE is listening at http://0.0.0.0:45926
2019-09-29 11:17:51,327 [main] INFO  impl.MetricsSystemImpl (MetricsSystemImpl.java:init(158)) - HddsDatanode metrics system started (again)
2019-09-29 11:17:51,330 [main] INFO  ozone.HddsDatanodeService (HddsDatanodeService.java:start(184)) - HddsDatanodeService host:pr-hdds-1569-lsfh5-224679870 ip:192.168.30.19
2019-09-29 11:17:51,330 [org.apache.hadoop.util.JvmPauseMonitor$Monitor@7ebc1070] INFO  util.JvmPauseMonitor (JvmPauseMonitor.java:run(188)) - Starting JVM pause monitor
2019-09-29 11:17:51,333 [Datanode State Machine Thread - 0] INFO  datanode.InitDatanodeState (InitDatanodeState.java:persistContainerDatanodeDetails(140)) - DatanodeDetails is persisted to /workdir/hadoop-ozone/integration-test/target/test-dir/MiniOzoneClusterImpl-9adecfa3-4693-4b3b-b175-846bdd8f8c06/datanode-4/meta/datanode.id
2019-09-29 11:17:51,337 [main] INFO  volume.HddsVolume (HddsVolume.java:<init>(176)) - Creating Volume: /workdir/hadoop-ozone/integration-test/target/test-dir/MiniOzoneClusterImpl-9adecfa3-4693-4b3b-b175-846bdd8f8c06/datanode-5/data/containers/hdds of  storage type : DISK and capacity : 1482555576320
2019-09-29 11:17:51,337 [main] INFO  volume.VolumeSet (VolumeSet.java:initializeVolumeSet(170)) - Added Volume : /workdir/hadoop-ozone/integration-test/target/test-dir/MiniOzoneClusterImpl-9adecfa3-4693-4b3b-b175-846bdd8f8c06/datanode-5/data/containers/hdds to VolumeSet
2019-09-29 11:17:51,338 [main] INFO  volume.ThrottledAsyncChecker (ThrottledAsyncChecker.java:schedule(139)) - Scheduling a check for org.apache.hadoop.ozone.container.common.volume.HddsVolume@4821aa9f
2019-09-29 11:17:51,338 [main] INFO  volume.HddsVolumeChecker (HddsVolumeChecker.java:checkAllVolumes(202)) - Scheduled health check for volume org.apache.hadoop.ozone.container.common.volume.HddsVolume@4821aa9f
2019-09-29 11:17:51,353 [main] INFO  impl.RaftServerProxy (ConfUtils.java:logGet(43)) - raft.rpc.type = GRPC (default)
2019-09-29 11:17:51,354 [main] INFO  grpc.GrpcFactory (GrpcFactory.java:checkPooledByteBufAllocatorUseCacheForAllThreads(45)) - PERFORMANCE WARNING: useCacheForAllThreads is true that may cause Netty to create a lot garbage objects and, as a result, trigger GC.
	It is recommended to disable useCacheForAllThreads by setting -Dorg.apache.ratis.thirdparty.io.netty.allocator.useCacheForAllThreads=false in command line.
2019-09-29 11:17:51,354 [main] INFO  grpc.GrpcConfigKeys$Server (ConfUtils.java:logGet(43)) - raft.grpc.server.port = 0 (default)
2019-09-29 11:17:51,354 [main] INFO  server.GrpcService (ConfUtils.java:logGet(43)) - raft.grpc.message.size.max = 33570816 (custom)
2019-09-29 11:17:51,354 [main] INFO  server.RaftServerConfigKeys (ConfUtils.java:logGet(43)) - raft.server.log.appender.buffer.byte-limit = 33554432 (custom)
2019-09-29 11:17:51,355 [main] INFO  server.GrpcService (ConfUtils.java:logGet(43)) - raft.grpc.flow.control.window = 1MB (=1048576) (default)
2019-09-29 11:17:51,355 [main] INFO  server.RaftServerConfigKeys (ConfUtils.java:logGet(43)) - raft.server.rpc.request.timeout = 3000ms (default)
2019-09-29 11:17:51,355 [main] INFO  server.RaftServerConfigKeys (ConfUtils.java:logGet(43)) - raft.server.storage.dir = [/workdir/hadoop-ozone/integration-test/target/test-dir/MiniOzoneClusterImpl-9adecfa3-4693-4b3b-b175-846bdd8f8c06/datanode-5/data/ratis] (custom)
2019-09-29 11:17:51,357 [main] INFO  hdfs.DFSUtil (DFSUtil.java:httpServerTemplateForNNAndJN(1641)) - Starting Web-server for hddsDatanode at: http://0.0.0.0:0
2019-09-29 11:17:51,358 [main] INFO  server.AuthenticationFilter (AuthenticationFilter.java:constructSecretProvider(240)) - Unable to initialize FileSignerSecretProvider, falling back to use random secrets.
2019-09-29 11:17:51,358 [main] WARN  http.HttpRequestLog (HttpRequestLog.java:getRequestLog(97)) - Jetty request log can only be enabled using Log4j
2019-09-29 11:17:51,359 [main] INFO  http.HttpServer2 (HttpServer2.java:addGlobalFilter(975)) - Added global filter 'safety' (class=org.apache.hadoop.http.HttpServer2$QuotingInputFilter)
2019-09-29 11:17:51,360 [main] INFO  http.HttpServer2 (HttpServer2.java:addFilter(948)) - Added filter static_user_filter (class=org.apache.hadoop.http.lib.StaticUserWebFilter$StaticUserFilter) to context hddsDatanode
2019-09-29 11:17:51,360 [main] INFO  http.HttpServer2 (HttpServer2.java:addFilter(958)) - Added filter static_user_filter (class=org.apache.hadoop.http.lib.StaticUserWebFilter$StaticUserFilter) to context logs
2019-09-29 11:17:51,360 [main] INFO  http.HttpServer2 (HttpServer2.java:addFilter(958)) - Added filter static_user_filter (class=org.apache.hadoop.http.lib.StaticUserWebFilter$StaticUserFilter) to context static
2019-09-29 11:17:51,361 [main] INFO  http.HttpServer2 (HttpServer2.java:bindListener(1191)) - Jetty bound to port 42982
2019-09-29 11:17:51,361 [main] INFO  server.Server (Server.java:doStart(351)) - jetty-9.3.25.v20180904, build timestamp: 2018-09-04T21:11:46Z, git hash: 3ce520221d0240229c862b122d2b06c12a625732
2019-09-29 11:17:51,363 [main] INFO  handler.ContextHandler (ContextHandler.java:doStart(781)) - Started o.e.j.s.ServletContextHandler@12eedfee{/logs,file:///workdir/hadoop-ozone/integration-test/target/log,AVAILABLE}
2019-09-29 11:17:51,363 [main] INFO  handler.ContextHandler (ContextHandler.java:doStart(781)) - Started o.e.j.s.ServletContextHandler@1352434e{/static,jar:file:/home/user/.m2/repository/org/apache/hadoop/hadoop-hdds-container-service/0.5.0-SNAPSHOT/hadoop-hdds-container-service-0.5.0-SNAPSHOT.jar!/webapps/static,AVAILABLE}
2019-09-29 11:17:51,391 [main] INFO  handler.ContextHandler (ContextHandler.java:doStart(781)) - Started o.e.j.w.WebAppContext@64d4f7c7{/,file:///tmp/jetty-0.0.0.0-42982-hddsDatanode-_-any-5501911840867984352.dir/webapp/,AVAILABLE}{/hddsDatanode}
2019-09-29 11:17:51,392 [main] INFO  server.AbstractConnector (AbstractConnector.java:doStart(278)) - Started ServerConnector@54e02f6a{HTTP/1.1,[http/1.1]}{0.0.0.0:42982}
2019-09-29 11:17:51,393 [main] INFO  server.Server (Server.java:doStart(419)) - Started @5981ms
2019-09-29 11:17:51,393 [main] WARN  impl.MetricsSystemImpl (MetricsSystemImpl.java:register(276)) - Sink prometheus already exists!
2019-09-29 11:17:51,394 [main] INFO  server.BaseHttpServer (BaseHttpServer.java:updateConnectorAddress(215)) - HTTP server of HDDSDATANODE is listening at http://0.0.0.0:42982
2019-09-29 11:17:51,394 [main] INFO  impl.MetricsSystemImpl (MetricsSystemImpl.java:init(158)) - HddsDatanode metrics system started (again)
2019-09-29 11:17:51,397 [main] INFO  ozone.HddsDatanodeService (HddsDatanodeService.java:start(184)) - HddsDatanodeService host:pr-hdds-1569-lsfh5-224679870 ip:192.168.30.19
2019-09-29 11:17:51,397 [org.apache.hadoop.util.JvmPauseMonitor$Monitor@5c3d74b8] INFO  util.JvmPauseMonitor (JvmPauseMonitor.java:run(188)) - Starting JVM pause monitor
2019-09-29 11:17:51,400 [Datanode State Machine Thread - 0] INFO  datanode.InitDatanodeState (InitDatanodeState.java:persistContainerDatanodeDetails(140)) - DatanodeDetails is persisted to /workdir/hadoop-ozone/integration-test/target/test-dir/MiniOzoneClusterImpl-9adecfa3-4693-4b3b-b175-846bdd8f8c06/datanode-5/meta/datanode.id
2019-09-29 11:17:51,404 [main] INFO  volume.HddsVolume (HddsVolume.java:<init>(176)) - Creating Volume: /workdir/hadoop-ozone/integration-test/target/test-dir/MiniOzoneClusterImpl-9adecfa3-4693-4b3b-b175-846bdd8f8c06/datanode-6/data/containers/hdds of  storage type : DISK and capacity : 1482555576320
2019-09-29 11:17:51,405 [main] INFO  volume.VolumeSet (VolumeSet.java:initializeVolumeSet(170)) - Added Volume : /workdir/hadoop-ozone/integration-test/target/test-dir/MiniOzoneClusterImpl-9adecfa3-4693-4b3b-b175-846bdd8f8c06/datanode-6/data/containers/hdds to VolumeSet
2019-09-29 11:17:51,405 [main] INFO  volume.ThrottledAsyncChecker (ThrottledAsyncChecker.java:schedule(139)) - Scheduling a check for org.apache.hadoop.ozone.container.common.volume.HddsVolume@524270b8
2019-09-29 11:17:51,405 [main] INFO  volume.HddsVolumeChecker (HddsVolumeChecker.java:checkAllVolumes(202)) - Scheduled health check for volume org.apache.hadoop.ozone.container.common.volume.HddsVolume@524270b8
2019-09-29 11:17:51,418 [main] INFO  impl.RaftServerProxy (ConfUtils.java:logGet(43)) - raft.rpc.type = GRPC (default)
2019-09-29 11:17:51,418 [main] INFO  grpc.GrpcFactory (GrpcFactory.java:checkPooledByteBufAllocatorUseCacheForAllThreads(45)) - PERFORMANCE WARNING: useCacheForAllThreads is true that may cause Netty to create a lot garbage objects and, as a result, trigger GC.
	It is recommended to disable useCacheForAllThreads by setting -Dorg.apache.ratis.thirdparty.io.netty.allocator.useCacheForAllThreads=false in command line.
2019-09-29 11:17:51,418 [main] INFO  grpc.GrpcConfigKeys$Server (ConfUtils.java:logGet(43)) - raft.grpc.server.port = 0 (default)
2019-09-29 11:17:51,419 [main] INFO  server.GrpcService (ConfUtils.java:logGet(43)) - raft.grpc.message.size.max = 33570816 (custom)
2019-09-29 11:17:51,419 [main] INFO  server.RaftServerConfigKeys (ConfUtils.java:logGet(43)) - raft.server.log.appender.buffer.byte-limit = 33554432 (custom)
2019-09-29 11:17:51,419 [main] INFO  server.GrpcService (ConfUtils.java:logGet(43)) - raft.grpc.flow.control.window = 1MB (=1048576) (default)
2019-09-29 11:17:51,419 [main] INFO  server.RaftServerConfigKeys (ConfUtils.java:logGet(43)) - raft.server.rpc.request.timeout = 3000ms (default)
2019-09-29 11:17:51,420 [main] INFO  server.RaftServerConfigKeys (ConfUtils.java:logGet(43)) - raft.server.storage.dir = [/workdir/hadoop-ozone/integration-test/target/test-dir/MiniOzoneClusterImpl-9adecfa3-4693-4b3b-b175-846bdd8f8c06/datanode-6/data/ratis] (custom)
2019-09-29 11:17:51,424 [main] INFO  hdfs.DFSUtil (DFSUtil.java:httpServerTemplateForNNAndJN(1641)) - Starting Web-server for hddsDatanode at: http://0.0.0.0:0
2019-09-29 11:17:51,425 [main] INFO  server.AuthenticationFilter (AuthenticationFilter.java:constructSecretProvider(240)) - Unable to initialize FileSignerSecretProvider, falling back to use random secrets.
2019-09-29 11:17:51,426 [main] WARN  http.HttpRequestLog (HttpRequestLog.java:getRequestLog(97)) - Jetty request log can only be enabled using Log4j
2019-09-29 11:17:51,427 [main] INFO  http.HttpServer2 (HttpServer2.java:addGlobalFilter(975)) - Added global filter 'safety' (class=org.apache.hadoop.http.HttpServer2$QuotingInputFilter)
2019-09-29 11:17:51,428 [main] INFO  http.HttpServer2 (HttpServer2.java:addFilter(948)) - Added filter static_user_filter (class=org.apache.hadoop.http.lib.StaticUserWebFilter$StaticUserFilter) to context hddsDatanode
2019-09-29 11:17:51,428 [main] INFO  http.HttpServer2 (HttpServer2.java:addFilter(958)) - Added filter static_user_filter (class=org.apache.hadoop.http.lib.StaticUserWebFilter$StaticUserFilter) to context static
2019-09-29 11:17:51,428 [main] INFO  http.HttpServer2 (HttpServer2.java:addFilter(958)) - Added filter static_user_filter (class=org.apache.hadoop.http.lib.StaticUserWebFilter$StaticUserFilter) to context logs
2019-09-29 11:17:51,429 [main] INFO  http.HttpServer2 (HttpServer2.java:bindListener(1191)) - Jetty bound to port 41805
2019-09-29 11:17:51,429 [main] INFO  server.Server (Server.java:doStart(351)) - jetty-9.3.25.v20180904, build timestamp: 2018-09-04T21:11:46Z, git hash: 3ce520221d0240229c862b122d2b06c12a625732
2019-09-29 11:17:51,430 [main] INFO  handler.ContextHandler (ContextHandler.java:doStart(781)) - Started o.e.j.s.ServletContextHandler@66b59b7d{/logs,file:///workdir/hadoop-ozone/integration-test/target/log,AVAILABLE}
2019-09-29 11:17:51,431 [main] INFO  handler.ContextHandler (ContextHandler.java:doStart(781)) - Started o.e.j.s.ServletContextHandler@4437ac07{/static,jar:file:/home/user/.m2/repository/org/apache/hadoop/hadoop-hdds-container-service/0.5.0-SNAPSHOT/hadoop-hdds-container-service-0.5.0-SNAPSHOT.jar!/webapps/static,AVAILABLE}
2019-09-29 11:17:51,459 [main] INFO  handler.ContextHandler (ContextHandler.java:doStart(781)) - Started o.e.j.w.WebAppContext@648d0e6d{/,file:///tmp/jetty-0.0.0.0-41805-hddsDatanode-_-any-7003321779079861798.dir/webapp/,AVAILABLE}{/hddsDatanode}
2019-09-29 11:17:51,459 [main] INFO  server.AbstractConnector (AbstractConnector.java:doStart(278)) - Started ServerConnector@79e66b2f{HTTP/1.1,[http/1.1]}{0.0.0.0:41805}
2019-09-29 11:17:51,460 [main] INFO  server.Server (Server.java:doStart(419)) - Started @6048ms
2019-09-29 11:17:51,460 [main] WARN  impl.MetricsSystemImpl (MetricsSystemImpl.java:register(276)) - Sink prometheus already exists!
2019-09-29 11:17:51,461 [main] INFO  server.BaseHttpServer (BaseHttpServer.java:updateConnectorAddress(215)) - HTTP server of HDDSDATANODE is listening at http://0.0.0.0:41805
2019-09-29 11:17:51,463 [main] INFO  ozone.MiniOzoneClusterImpl (MiniOzoneClusterImpl.java:lambda$waitForClusterToBeReady$0(147)) - Waiting for cluster to be ready. Got 0 of 7 DN Heartbeats.
2019-09-29 11:17:51,464 [org.apache.hadoop.util.JvmPauseMonitor$Monitor@3f4eda71] INFO  util.JvmPauseMonitor (JvmPauseMonitor.java:run(188)) - Starting JVM pause monitor
2019-09-29 11:17:51,466 [Datanode State Machine Thread - 0] INFO  datanode.InitDatanodeState (InitDatanodeState.java:persistContainerDatanodeDetails(140)) - DatanodeDetails is persisted to /workdir/hadoop-ozone/integration-test/target/test-dir/MiniOzoneClusterImpl-9adecfa3-4693-4b3b-b175-846bdd8f8c06/datanode-6/meta/datanode.id
2019-09-29 11:17:52,463 [main] INFO  ozone.MiniOzoneClusterImpl (MiniOzoneClusterImpl.java:lambda$waitForClusterToBeReady$0(147)) - Waiting for cluster to be ready. Got 0 of 7 DN Heartbeats.
2019-09-29 11:17:53,127 [Datanode State Machine Thread - 0] INFO  ozoneimpl.OzoneContainer (OzoneContainer.java:start(217)) - Attempting to start container services.
2019-09-29 11:17:53,130 [Datanode State Machine Thread - 0] INFO  ozoneimpl.OzoneContainer (OzoneContainer.java:startContainerScrub(179)) - Background container scanner has been disabled.
2019-09-29 11:17:53,131 [Datanode State Machine Thread - 0] INFO  ratis.XceiverServerRatis (XceiverServerRatis.java:start(411)) - Starting XceiverServerRatis b53779b9-e166-4f61-b57a-c7e45baab661 at port 0
2019-09-29 11:17:53,150 [Datanode State Machine Thread - 0] INFO  ozoneimpl.OzoneContainer (OzoneContainer.java:start(217)) - Attempting to start container services.
2019-09-29 11:17:53,158 [Datanode State Machine Thread - 0] INFO  ozoneimpl.OzoneContainer (OzoneContainer.java:startContainerScrub(179)) - Background container scanner has been disabled.
2019-09-29 11:17:53,158 [Datanode State Machine Thread - 0] INFO  ratis.XceiverServerRatis (XceiverServerRatis.java:start(411)) - Starting XceiverServerRatis d87f90a9-3605-42ff-a73f-b54839b7ec6f at port 0
2019-09-29 11:17:53,165 [Datanode State Machine Thread - 0] INFO  impl.RaftServerProxy (RaftServerProxy.java:lambda$start$3(299)) - b53779b9-e166-4f61-b57a-c7e45baab661: start RPC server
2019-09-29 11:17:53,171 [Datanode State Machine Thread - 0] INFO  impl.RaftServerProxy (RaftServerProxy.java:lambda$start$3(299)) - d87f90a9-3605-42ff-a73f-b54839b7ec6f: start RPC server
2019-09-29 11:17:53,209 [Datanode State Machine Thread - 0] INFO  ozoneimpl.OzoneContainer (OzoneContainer.java:start(217)) - Attempting to start container services.
2019-09-29 11:17:53,214 [Datanode State Machine Thread - 0] INFO  ozoneimpl.OzoneContainer (OzoneContainer.java:startContainerScrub(179)) - Background container scanner has been disabled.
2019-09-29 11:17:53,214 [Datanode State Machine Thread - 0] INFO  ratis.XceiverServerRatis (XceiverServerRatis.java:start(411)) - Starting XceiverServerRatis 813e8ff3-5a9d-4177-a3ce-ff3f7795e702 at port 0
2019-09-29 11:17:53,222 [Datanode State Machine Thread - 0] INFO  impl.RaftServerProxy (RaftServerProxy.java:lambda$start$3(299)) - 813e8ff3-5a9d-4177-a3ce-ff3f7795e702: start RPC server
2019-09-29 11:17:53,281 [Datanode State Machine Thread - 0] INFO  ozoneimpl.OzoneContainer (OzoneContainer.java:start(217)) - Attempting to start container services.
2019-09-29 11:17:53,281 [Datanode State Machine Thread - 0] INFO  ozoneimpl.OzoneContainer (OzoneContainer.java:startContainerScrub(179)) - Background container scanner has been disabled.
2019-09-29 11:17:53,281 [Datanode State Machine Thread - 0] INFO  ratis.XceiverServerRatis (XceiverServerRatis.java:start(411)) - Starting XceiverServerRatis 0015d375-f015-45cc-a030-fcc01a4a8fbf at port 0
2019-09-29 11:17:53,293 [Datanode State Machine Thread - 0] INFO  impl.RaftServerProxy (RaftServerProxy.java:lambda$start$3(299)) - 0015d375-f015-45cc-a030-fcc01a4a8fbf: start RPC server
2019-09-29 11:17:53,357 [Datanode State Machine Thread - 0] INFO  server.GrpcService (GrpcService.java:startImpl(158)) - d87f90a9-3605-42ff-a73f-b54839b7ec6f: GrpcService started, listening on 0.0.0.0/0.0.0.0:44039
2019-09-29 11:17:53,357 [Datanode State Machine Thread - 0] INFO  server.GrpcService (GrpcService.java:startImpl(158)) - 0015d375-f015-45cc-a030-fcc01a4a8fbf: GrpcService started, listening on 0.0.0.0/0.0.0.0:33934
2019-09-29 11:17:53,357 [Datanode State Machine Thread - 0] INFO  server.GrpcService (GrpcService.java:startImpl(158)) - b53779b9-e166-4f61-b57a-c7e45baab661: GrpcService started, listening on 0.0.0.0/0.0.0.0:35579
2019-09-29 11:17:53,357 [Datanode State Machine Thread - 0] INFO  server.GrpcService (GrpcService.java:startImpl(158)) - 813e8ff3-5a9d-4177-a3ce-ff3f7795e702: GrpcService started, listening on 0.0.0.0/0.0.0.0:38815
2019-09-29 11:17:53,358 [Datanode State Machine Thread - 0] INFO  ratis.XceiverServerRatis (XceiverServerRatis.java:start(421)) - XceiverServerRatis b53779b9-e166-4f61-b57a-c7e45baab661 is started using port 35579
2019-09-29 11:17:53,358 [Datanode State Machine Thread - 0] INFO  ratis.XceiverServerRatis (XceiverServerRatis.java:start(421)) - XceiverServerRatis 0015d375-f015-45cc-a030-fcc01a4a8fbf is started using port 33934
2019-09-29 11:17:53,358 [Datanode State Machine Thread - 0] INFO  ratis.XceiverServerRatis (XceiverServerRatis.java:start(421)) - XceiverServerRatis d87f90a9-3605-42ff-a73f-b54839b7ec6f is started using port 44039
2019-09-29 11:17:53,358 [Datanode State Machine Thread - 0] INFO  ratis.XceiverServerRatis (XceiverServerRatis.java:start(421)) - XceiverServerRatis 813e8ff3-5a9d-4177-a3ce-ff3f7795e702 is started using port 38815
2019-09-29 11:17:53,363 [Datanode State Machine Thread - 0] INFO  ozoneimpl.OzoneContainer (OzoneContainer.java:start(217)) - Attempting to start container services.
2019-09-29 11:17:53,364 [Datanode State Machine Thread - 0] INFO  ozoneimpl.OzoneContainer (OzoneContainer.java:startContainerScrub(179)) - Background container scanner has been disabled.
2019-09-29 11:17:53,366 [Datanode State Machine Thread - 0] INFO  ratis.XceiverServerRatis (XceiverServerRatis.java:start(411)) - Starting XceiverServerRatis 0545c36f-a0b4-4f79-aecb-0463d797a2ef at port 0
2019-09-29 11:17:53,366 [Datanode State Machine Thread - 0] INFO  server.XceiverServerGrpc (XceiverServerGrpc.java:start(149)) - XceiverServerGrpc d87f90a9-3605-42ff-a73f-b54839b7ec6f is started using port 44439
2019-09-29 11:17:53,368 [Datanode State Machine Thread - 0] INFO  server.XceiverServerGrpc (XceiverServerGrpc.java:start(149)) - XceiverServerGrpc b53779b9-e166-4f61-b57a-c7e45baab661 is started using port 39081
2019-09-29 11:17:53,366 [Datanode State Machine Thread - 0] INFO  server.XceiverServerGrpc (XceiverServerGrpc.java:start(149)) - XceiverServerGrpc 813e8ff3-5a9d-4177-a3ce-ff3f7795e702 is started using port 33642
2019-09-29 11:17:53,368 [Datanode State Machine Thread - 0] INFO  server.XceiverServerGrpc (XceiverServerGrpc.java:start(149)) - XceiverServerGrpc 0015d375-f015-45cc-a030-fcc01a4a8fbf is started using port 34940
2019-09-29 11:17:53,377 [Datanode State Machine Thread - 0] INFO  impl.RaftServerProxy (RaftServerProxy.java:lambda$start$3(299)) - 0545c36f-a0b4-4f79-aecb-0463d797a2ef: start RPC server
2019-09-29 11:17:53,380 [Datanode State Machine Thread - 0] INFO  server.GrpcService (GrpcService.java:startImpl(158)) - 0545c36f-a0b4-4f79-aecb-0463d797a2ef: GrpcService started, listening on 0.0.0.0/0.0.0.0:45994
2019-09-29 11:17:53,380 [Datanode State Machine Thread - 0] INFO  ratis.XceiverServerRatis (XceiverServerRatis.java:start(421)) - XceiverServerRatis 0545c36f-a0b4-4f79-aecb-0463d797a2ef is started using port 45994
2019-09-29 11:17:53,383 [Datanode State Machine Thread - 0] INFO  server.XceiverServerGrpc (XceiverServerGrpc.java:start(149)) - XceiverServerGrpc 0545c36f-a0b4-4f79-aecb-0463d797a2ef is started using port 46109
2019-09-29 11:17:53,437 [Datanode State Machine Thread - 0] INFO  ozoneimpl.OzoneContainer (OzoneContainer.java:start(217)) - Attempting to start container services.
2019-09-29 11:17:53,437 [Datanode State Machine Thread - 0] INFO  ozoneimpl.OzoneContainer (OzoneContainer.java:startContainerScrub(179)) - Background container scanner has been disabled.
2019-09-29 11:17:53,437 [Datanode State Machine Thread - 0] INFO  ratis.XceiverServerRatis (XceiverServerRatis.java:start(411)) - Starting XceiverServerRatis 16f9aea5-9974-4547-813d-50b5e9cbac2d at port 0
2019-09-29 11:17:53,445 [Datanode State Machine Thread - 0] INFO  impl.RaftServerProxy (RaftServerProxy.java:lambda$start$3(299)) - 16f9aea5-9974-4547-813d-50b5e9cbac2d: start RPC server
2019-09-29 11:17:53,449 [Datanode State Machine Thread - 0] INFO  server.GrpcService (GrpcService.java:startImpl(158)) - 16f9aea5-9974-4547-813d-50b5e9cbac2d: GrpcService started, listening on 0.0.0.0/0.0.0.0:34925
2019-09-29 11:17:53,449 [Datanode State Machine Thread - 0] INFO  ratis.XceiverServerRatis (XceiverServerRatis.java:start(421)) - XceiverServerRatis 16f9aea5-9974-4547-813d-50b5e9cbac2d is started using port 34925
2019-09-29 11:17:53,452 [Datanode State Machine Thread - 0] INFO  server.XceiverServerGrpc (XceiverServerGrpc.java:start(149)) - XceiverServerGrpc 16f9aea5-9974-4547-813d-50b5e9cbac2d is started using port 44267
2019-09-29 11:17:53,464 [main] INFO  ozone.MiniOzoneClusterImpl (MiniOzoneClusterImpl.java:lambda$waitForClusterToBeReady$0(147)) - Waiting for cluster to be ready. Got 0 of 7 DN Heartbeats.
2019-09-29 11:17:53,491 [Datanode State Machine Thread - 0] INFO  ozoneimpl.OzoneContainer (OzoneContainer.java:start(217)) - Attempting to start container services.
2019-09-29 11:17:53,491 [Datanode State Machine Thread - 0] INFO  ozoneimpl.OzoneContainer (OzoneContainer.java:startContainerScrub(179)) - Background container scanner has been disabled.
2019-09-29 11:17:53,491 [Datanode State Machine Thread - 0] INFO  ratis.XceiverServerRatis (XceiverServerRatis.java:start(411)) - Starting XceiverServerRatis 305a1411-9261-4938-b41f-95f0a67a7ebc at port 0
2019-09-29 11:17:53,499 [Datanode State Machine Thread - 0] INFO  impl.RaftServerProxy (RaftServerProxy.java:lambda$start$3(299)) - 305a1411-9261-4938-b41f-95f0a67a7ebc: start RPC server
2019-09-29 11:17:53,503 [Datanode State Machine Thread - 0] INFO  server.GrpcService (GrpcService.java:startImpl(158)) - 305a1411-9261-4938-b41f-95f0a67a7ebc: GrpcService started, listening on 0.0.0.0/0.0.0.0:45009
2019-09-29 11:17:53,503 [Datanode State Machine Thread - 0] INFO  ratis.XceiverServerRatis (XceiverServerRatis.java:start(421)) - XceiverServerRatis 305a1411-9261-4938-b41f-95f0a67a7ebc is started using port 45009
2019-09-29 11:17:53,509 [Datanode State Machine Thread - 0] INFO  server.XceiverServerGrpc (XceiverServerGrpc.java:start(149)) - XceiverServerGrpc 305a1411-9261-4938-b41f-95f0a67a7ebc is started using port 41081
2019-09-29 11:17:54,465 [main] INFO  ozone.MiniOzoneClusterImpl (MiniOzoneClusterImpl.java:lambda$waitForClusterToBeReady$0(147)) - Waiting for cluster to be ready. Got 0 of 7 DN Heartbeats.
2019-09-29 11:17:55,072 [IPC Server handler 1 on 35836] INFO  net.NetworkTopology (NetworkTopologyImpl.java:add(111)) - Added a new node: /default-rack/b53779b9-e166-4f61-b57a-c7e45baab661
2019-09-29 11:17:55,074 [IPC Server handler 1 on 35836] INFO  node.SCMNodeManager (SCMNodeManager.java:register(266)) - Registered Data node : b53779b9-e166-4f61-b57a-c7e45baab661{ip: 192.168.30.19, host: pr-hdds-1569-lsfh5-224679870, networkLocation: /default-rack, certSerialId: null}
2019-09-29 11:17:55,078 [EventQueue-NodeRegistrationContainerReportForDataNodeSafeModeRule] INFO  safemode.SCMSafeModeManager (DataNodeSafeModeRule.java:process(71)) - SCM in safe mode. 1 DataNodes registered, 1 required.
2019-09-29 11:17:55,078 [EventQueue-NodeRegistrationContainerReportForDataNodeSafeModeRule] INFO  safemode.SCMSafeModeManager (SCMSafeModeManager.java:validateSafeModeExitRules(177)) - ScmSafeModeManager, all rules are successfully validated
2019-09-29 11:17:55,079 [EventQueue-NodeRegistrationContainerReportForDataNodeSafeModeRule] INFO  safemode.SCMSafeModeManager (SCMSafeModeManager.java:exitSafeMode(193)) - SCM exiting safe mode.
2019-09-29 11:17:55,117 [IPC Server handler 6 on 35836] INFO  net.NetworkTopology (NetworkTopologyImpl.java:add(111)) - Added a new node: /default-rack/d87f90a9-3605-42ff-a73f-b54839b7ec6f
2019-09-29 11:17:55,117 [IPC Server handler 6 on 35836] INFO  node.SCMNodeManager (SCMNodeManager.java:register(266)) - Registered Data node : d87f90a9-3605-42ff-a73f-b54839b7ec6f{ip: 192.168.30.19, host: pr-hdds-1569-lsfh5-224679870, networkLocation: /default-rack, certSerialId: null}
2019-09-29 11:17:55,187 [IPC Server handler 10 on 35836] INFO  net.NetworkTopology (NetworkTopologyImpl.java:add(111)) - Added a new node: /default-rack/813e8ff3-5a9d-4177-a3ce-ff3f7795e702
2019-09-29 11:17:55,187 [IPC Server handler 10 on 35836] INFO  node.SCMNodeManager (SCMNodeManager.java:register(266)) - Registered Data node : 813e8ff3-5a9d-4177-a3ce-ff3f7795e702{ip: 192.168.30.19, host: pr-hdds-1569-lsfh5-224679870, networkLocation: /default-rack, certSerialId: null}
2019-09-29 11:17:55,262 [IPC Server handler 0 on 35836] INFO  net.NetworkTopology (NetworkTopologyImpl.java:add(111)) - Added a new node: /default-rack/0015d375-f015-45cc-a030-fcc01a4a8fbf
2019-09-29 11:17:55,262 [IPC Server handler 0 on 35836] INFO  node.SCMNodeManager (SCMNodeManager.java:register(266)) - Registered Data node : 0015d375-f015-45cc-a030-fcc01a4a8fbf{ip: 192.168.30.19, host: pr-hdds-1569-lsfh5-224679870, networkLocation: /default-rack, certSerialId: null}
2019-09-29 11:17:55,338 [IPC Server handler 19 on 35836] INFO  net.NetworkTopology (NetworkTopologyImpl.java:add(111)) - Added a new node: /default-rack/0545c36f-a0b4-4f79-aecb-0463d797a2ef
2019-09-29 11:17:55,338 [IPC Server handler 19 on 35836] INFO  node.SCMNodeManager (SCMNodeManager.java:register(266)) - Registered Data node : 0545c36f-a0b4-4f79-aecb-0463d797a2ef{ip: 192.168.30.19, host: pr-hdds-1569-lsfh5-224679870, networkLocation: /default-rack, certSerialId: null}
2019-09-29 11:17:55,401 [IPC Server handler 11 on 35836] INFO  net.NetworkTopology (NetworkTopologyImpl.java:add(111)) - Added a new node: /default-rack/16f9aea5-9974-4547-813d-50b5e9cbac2d
2019-09-29 11:17:55,401 [IPC Server handler 11 on 35836] INFO  node.SCMNodeManager (SCMNodeManager.java:register(266)) - Registered Data node : 16f9aea5-9974-4547-813d-50b5e9cbac2d{ip: 192.168.30.19, host: pr-hdds-1569-lsfh5-224679870, networkLocation: /default-rack, certSerialId: null}
2019-09-29 11:17:55,466 [main] INFO  ozone.MiniOzoneClusterImpl (MiniOzoneClusterImpl.java:lambda$waitForClusterToBeReady$0(147)) - Waiting for cluster to be ready. Got 6 of 7 DN Heartbeats.
2019-09-29 11:17:55,485 [IPC Server handler 1 on 35836] INFO  net.NetworkTopology (NetworkTopologyImpl.java:add(111)) - Added a new node: /default-rack/305a1411-9261-4938-b41f-95f0a67a7ebc
2019-09-29 11:17:55,486 [IPC Server handler 1 on 35836] INFO  node.SCMNodeManager (SCMNodeManager.java:register(266)) - Registered Data node : 305a1411-9261-4938-b41f-95f0a67a7ebc{ip: 192.168.30.19, host: pr-hdds-1569-lsfh5-224679870, networkLocation: /default-rack, certSerialId: null}
2019-09-29 11:17:55,667 [grpc-default-executor-0] INFO  impl.RaftServerProxy (RaftServerProxy.java:addNew(89)) - b53779b9-e166-4f61-b57a-c7e45baab661: addNew group-3268940FAD0E:[b53779b9-e166-4f61-b57a-c7e45baab661:192.168.30.19:35579] returns group-3268940FAD0E:java.util.concurrent.CompletableFuture@7a802907[Not completed]
2019-09-29 11:17:55,692 [pool-27-thread-1] INFO  impl.RaftServerImpl (RaftServerImpl.java:<init>(95)) - b53779b9-e166-4f61-b57a-c7e45baab661: new RaftServerImpl for group-3268940FAD0E:[b53779b9-e166-4f61-b57a-c7e45baab661:192.168.30.19:35579] with ContainerStateMachine:uninitialized
2019-09-29 11:17:55,694 [pool-27-thread-1] INFO  server.RaftServerConfigKeys (ConfUtils.java:logGet(43)) - raft.server.rpc.timeout.min = 5s (custom)
2019-09-29 11:17:55,696 [pool-27-thread-1] INFO  server.RaftServerConfigKeys (ConfUtils.java:logGet(43)) - raft.server.rpc.timeout.max = 5200ms (custom)
2019-09-29 11:17:55,696 [pool-27-thread-1] INFO  server.RaftServerConfigKeys (ConfUtils.java:logGet(43)) - raft.server.rpcslowness.timeout = 120s (custom)
2019-09-29 11:17:55,697 [pool-27-thread-1] INFO  server.RaftServerConfigKeys (ConfUtils.java:logGet(43)) - raft.server.sleep.deviation.threshold = 300 (default)
2019-09-29 11:17:55,698 [pool-27-thread-1] INFO  server.RaftServerConfigKeys (ConfUtils.java:logGet(43)) - raft.server.log.appender.install.snapshot.enabled = false (custom)
2019-09-29 11:17:55,708 [pool-27-thread-1] INFO  impl.RaftServerImpl (ServerState.java:<init>(103)) - b53779b9-e166-4f61-b57a-c7e45baab661@group-3268940FAD0E: ConfigurationManager, init=-1: [b53779b9-e166-4f61-b57a-c7e45baab661:192.168.30.19:35579], old=null, confs=<EMPTY_MAP>
2019-09-29 11:17:55,708 [pool-27-thread-1] INFO  server.RaftServerConfigKeys (ConfUtils.java:logGet(43)) - raft.server.storage.dir = [/workdir/hadoop-ozone/integration-test/target/test-dir/MiniOzoneClusterImpl-9adecfa3-4693-4b3b-b175-846bdd8f8c06/datanode-0/data/ratis] (custom)
2019-09-29 11:17:55,717 [pool-27-thread-1] INFO  storage.RaftStorageDirectory (RaftStorageDirectory.java:analyzeStorage(246)) - The storage directory /workdir/hadoop-ozone/integration-test/target/test-dir/MiniOzoneClusterImpl-9adecfa3-4693-4b3b-b175-846bdd8f8c06/datanode-0/data/ratis/6de6529a-086d-4be6-8461-3268940fad0e does not exist. Creating ...
2019-09-29 11:17:55,745 [pool-27-thread-1] INFO  storage.RaftStorageDirectory (RaftStorageDirectory.java:tryLock(328)) - Lock on /workdir/hadoop-ozone/integration-test/target/test-dir/MiniOzoneClusterImpl-9adecfa3-4693-4b3b-b175-846bdd8f8c06/datanode-0/data/ratis/6de6529a-086d-4be6-8461-3268940fad0e/in_use.lock acquired by nodename 31535@pr-hdds-1569-lsfh5-224679870
2019-09-29 11:17:55,772 [pool-27-thread-1] INFO  storage.RaftStorage (RaftStorage.java:format(72)) - Storage directory /workdir/hadoop-ozone/integration-test/target/test-dir/MiniOzoneClusterImpl-9adecfa3-4693-4b3b-b175-846bdd8f8c06/datanode-0/data/ratis/6de6529a-086d-4be6-8461-3268940fad0e has been successfully formatted.
2019-09-29 11:17:55,774 [pool-27-thread-1] INFO  ratis.ContainerStateMachine (ContainerStateMachine.java:loadSnapshot(230)) - group-3268940FAD0E: The snapshot info is null. Setting the last applied indexto:(t:0, i:~)
2019-09-29 11:17:55,775 [pool-27-thread-1] INFO  server.RaftServerConfigKeys (ConfUtils.java:logGet(43)) - raft.server.notification.no-leader.timeout = 120s (custom)
2019-09-29 11:17:55,777 [pool-27-thread-1] INFO  server.RaftServerConfigKeys (ConfUtils.java:logGet(43)) - raft.server.log.use.memory = false (default)
2019-09-29 11:17:55,783 [pool-27-thread-1] INFO  server.RaftServerConfigKeys (ConfUtils.java:logGet(43)) - raft.server.log.purge.gap = 1000000 (custom)
2019-09-29 11:17:55,783 [pool-27-thread-1] INFO  server.RaftServerConfigKeys (ConfUtils.java:logGet(43)) - raft.server.log.appender.buffer.byte-limit = 33554432 (custom)
2019-09-29 11:17:55,785 [pool-27-thread-1] INFO  server.RaftServerConfigKeys (ConfUtils.java:logGet(43)) - raft.server.log.segment.size.max = 1048576 (custom)
2019-09-29 11:17:55,789 [pool-27-thread-1] INFO  server.RaftServerConfigKeys (ConfUtils.java:logGet(43)) - raft.server.log.segment.cache.num.max = 2 (custom)
2019-09-29 11:17:55,794 [pool-27-thread-1] INFO  segmented.SegmentedRaftLogWorker (SegmentedRaftLogWorker.java:<init>(172)) - new b53779b9-e166-4f61-b57a-c7e45baab661@group-3268940FAD0E-SegmentedRaftLogWorker for RaftStorage:Storage Directory /workdir/hadoop-ozone/integration-test/target/test-dir/MiniOzoneClusterImpl-9adecfa3-4693-4b3b-b175-846bdd8f8c06/datanode-0/data/ratis/6de6529a-086d-4be6-8461-3268940fad0e
2019-09-29 11:17:55,795 [pool-27-thread-1] INFO  impl.MetricsSystemImpl (MetricsSystemImpl.java:init(158)) - ratis metrics system started (again)
2019-09-29 11:17:55,801 [pool-27-thread-1] INFO  metrics.MetricRegistries (MetricRegistriesLoader.java:load(64)) - Loaded MetricRegistries class org.apache.ratis.metrics.impl.MetricRegistriesImpl
2019-09-29 11:17:55,836 [pool-27-thread-1] INFO  server.RaftServerConfigKeys (ConfUtils.java:logGet(43)) - raft.server.log.queue.byte-limit = 2147483647 (custom)
2019-09-29 11:17:55,837 [pool-27-thread-1] INFO  server.RaftServerConfigKeys (ConfUtils.java:logGet(43)) - raft.server.log.queue.element-limit = 1024 (custom)
2019-09-29 11:17:55,840 [pool-27-thread-1] INFO  server.RaftServerConfigKeys (ConfUtils.java:logGet(43)) - raft.server.log.segment.size.max = 1048576 (custom)
2019-09-29 11:17:55,840 [pool-27-thread-1] INFO  server.RaftServerConfigKeys (ConfUtils.java:logGet(43)) - raft.server.log.preallocated.size = 16384 (custom)
2019-09-29 11:17:55,840 [pool-27-thread-1] INFO  server.RaftServerConfigKeys (ConfUtils.java:logGet(43)) - raft.server.log.write.buffer.size = 33554432 (custom)
2019-09-29 11:17:55,841 [pool-27-thread-1] INFO  server.RaftServerConfigKeys (ConfUtils.java:logGet(43)) - raft.server.log.force.sync.num = 128 (default)
2019-09-29 11:17:55,842 [pool-27-thread-1] INFO  server.RaftServerConfigKeys (ConfUtils.java:logGet(43)) - raft.server.log.statemachine.data.sync = true (default)
2019-09-29 11:17:55,842 [pool-27-thread-1] INFO  server.RaftServerConfigKeys (ConfUtils.java:logGet(43)) - raft.server.log.statemachine.data.sync.timeout = 10s (default)
2019-09-29 11:17:55,843 [pool-27-thread-1] INFO  server.RaftServerConfigKeys (ConfUtils.java:logGet(43)) - raft.server.log.statemachine.data.sync.timeout.retry = -1 (default)
2019-09-29 11:17:55,851 [pool-27-thread-1] INFO  server.RaftServerConfigKeys (ConfUtils.java:logGet(43)) - raft.server.log.statemachine.data.caching.enabled = true (custom)
2019-09-29 11:17:55,855 [pool-27-thread-1] INFO  segmented.SegmentedRaftLogWorker (SegmentedRaftLogWorker.java:lambda$new$0(132)) - b53779b9-e166-4f61-b57a-c7e45baab661@group-3268940FAD0E-SegmentedRaftLogWorker: flushIndex: setUnconditionally 0 -> -1
2019-09-29 11:17:55,859 [pool-27-thread-1] INFO  server.RaftServerConfigKeys (ConfUtils.java:logGet(43)) - raft.server.snapshot.auto.trigger.enabled = true (custom)
2019-09-29 11:17:55,861 [pool-27-thread-1] INFO  server.RaftServerConfigKeys (ConfUtils.java:logGet(43)) - raft.server.snapshot.auto.trigger.threshold = 10000 (custom)
2019-09-29 11:17:55,861 [pool-27-thread-1] INFO  server.RaftServerConfigKeys (ConfUtils.java:logGet(43)) - raft.server.snapshot.retention.num.files = 5 (custom)
2019-09-29 11:17:55,861 [pool-27-thread-1] INFO  server.RaftServerConfigKeys (ConfUtils.java:logGet(43)) - raft.server.retrycache.expirytime = 600000ms (custom)
2019-09-29 11:17:55,888 [pool-27-thread-1] INFO  impl.RaftServerImpl (RaftServerImpl.java:start(185)) - b53779b9-e166-4f61-b57a-c7e45baab661@group-3268940FAD0E: start as a follower, conf=-1: [b53779b9-e166-4f61-b57a-c7e45baab661:192.168.30.19:35579], old=null
2019-09-29 11:17:55,889 [pool-27-thread-1] INFO  impl.RaftServerImpl (RaftServerImpl.java:setRole(174)) - b53779b9-e166-4f61-b57a-c7e45baab661@group-3268940FAD0E: changes role from      null to FOLLOWER at term 0 for startAsFollower
2019-09-29 11:17:55,890 [pool-27-thread-1] INFO  impl.RoleInfo (RoleInfo.java:updateAndGet(143)) - b53779b9-e166-4f61-b57a-c7e45baab661: start FollowerState
2019-09-29 11:17:55,891 [pool-27-thread-1] INFO  util.JmxRegister (JmxRegister.java:tryRegister(44)) - Successfully registered JMX Bean with object name Ratis:service=RaftServer,group=group-3268940FAD0E,id=b53779b9-e166-4f61-b57a-c7e45baab661
2019-09-29 11:17:55,958 [RatisPipelineUtilsThread] INFO  pipeline.PipelineStateManager (PipelineStateManager.java:addPipeline(56)) - Created pipeline Pipeline[ Id: 6de6529a-086d-4be6-8461-3268940fad0e, Nodes: b53779b9-e166-4f61-b57a-c7e45baab661{ip: 192.168.30.19, host: pr-hdds-1569-lsfh5-224679870, networkLocation: /default-rack, certSerialId: null}, Type:RATIS, Factor:ONE, State:OPEN]
2019-09-29 11:17:55,986 [grpc-default-executor-0] INFO  impl.RaftServerProxy (RaftServerProxy.java:addNew(89)) - 813e8ff3-5a9d-4177-a3ce-ff3f7795e702: addNew group-F32FA01037AB:[813e8ff3-5a9d-4177-a3ce-ff3f7795e702:192.168.30.19:38815] returns group-F32FA01037AB:java.util.concurrent.CompletableFuture@52cedaf6[Not completed]
2019-09-29 11:17:56,028 [pool-47-thread-1] INFO  impl.RaftServerImpl (RaftServerImpl.java:<init>(95)) - 813e8ff3-5a9d-4177-a3ce-ff3f7795e702: new RaftServerImpl for group-F32FA01037AB:[813e8ff3-5a9d-4177-a3ce-ff3f7795e702:192.168.30.19:38815] with ContainerStateMachine:uninitialized
2019-09-29 11:17:56,030 [pool-47-thread-1] INFO  server.RaftServerConfigKeys (ConfUtils.java:logGet(43)) - raft.server.rpc.timeout.min = 5s (custom)
2019-09-29 11:17:56,030 [pool-47-thread-1] INFO  server.RaftServerConfigKeys (ConfUtils.java:logGet(43)) - raft.server.rpc.timeout.max = 5200ms (custom)
2019-09-29 11:17:56,030 [pool-47-thread-1] INFO  server.RaftServerConfigKeys (ConfUtils.java:logGet(43)) - raft.server.rpcslowness.timeout = 120s (custom)
2019-09-29 11:17:56,030 [pool-47-thread-1] INFO  server.RaftServerConfigKeys (ConfUtils.java:logGet(43)) - raft.server.sleep.deviation.threshold = 300 (default)
2019-09-29 11:17:56,031 [pool-47-thread-1] INFO  server.RaftServerConfigKeys (ConfUtils.java:logGet(43)) - raft.server.log.appender.install.snapshot.enabled = false (custom)
2019-09-29 11:17:56,031 [pool-47-thread-1] INFO  impl.RaftServerImpl (ServerState.java:<init>(103)) - 813e8ff3-5a9d-4177-a3ce-ff3f7795e702@group-F32FA01037AB: ConfigurationManager, init=-1: [813e8ff3-5a9d-4177-a3ce-ff3f7795e702:192.168.30.19:38815], old=null, confs=<EMPTY_MAP>
2019-09-29 11:17:56,031 [pool-47-thread-1] INFO  server.RaftServerConfigKeys (ConfUtils.java:logGet(43)) - raft.server.storage.dir = [/workdir/hadoop-ozone/integration-test/target/test-dir/MiniOzoneClusterImpl-9adecfa3-4693-4b3b-b175-846bdd8f8c06/datanode-2/data/ratis] (custom)
2019-09-29 11:17:56,032 [pool-47-thread-1] INFO  storage.RaftStorageDirectory (RaftStorageDirectory.java:analyzeStorage(246)) - The storage directory /workdir/hadoop-ozone/integration-test/target/test-dir/MiniOzoneClusterImpl-9adecfa3-4693-4b3b-b175-846bdd8f8c06/datanode-2/data/ratis/e85b9f54-76c3-4f5f-85ff-f32fa01037ab does not exist. Creating ...
2019-09-29 11:17:56,055 [pool-47-thread-1] INFO  storage.RaftStorageDirectory (RaftStorageDirectory.java:tryLock(328)) - Lock on /workdir/hadoop-ozone/integration-test/target/test-dir/MiniOzoneClusterImpl-9adecfa3-4693-4b3b-b175-846bdd8f8c06/datanode-2/data/ratis/e85b9f54-76c3-4f5f-85ff-f32fa01037ab/in_use.lock acquired by nodename 31535@pr-hdds-1569-lsfh5-224679870
2019-09-29 11:17:56,078 [pool-47-thread-1] INFO  storage.RaftStorage (RaftStorage.java:format(72)) - Storage directory /workdir/hadoop-ozone/integration-test/target/test-dir/MiniOzoneClusterImpl-9adecfa3-4693-4b3b-b175-846bdd8f8c06/datanode-2/data/ratis/e85b9f54-76c3-4f5f-85ff-f32fa01037ab has been successfully formatted.
2019-09-29 11:17:56,081 [pool-47-thread-1] INFO  ratis.ContainerStateMachine (ContainerStateMachine.java:loadSnapshot(230)) - group-F32FA01037AB: The snapshot info is null. Setting the last applied indexto:(t:0, i:~)
2019-09-29 11:17:56,082 [pool-47-thread-1] INFO  server.RaftServerConfigKeys (ConfUtils.java:logGet(43)) - raft.server.notification.no-leader.timeout = 120s (custom)
2019-09-29 11:17:56,082 [pool-47-thread-1] INFO  server.RaftServerConfigKeys (ConfUtils.java:logGet(43)) - raft.server.log.use.memory = false (default)
2019-09-29 11:17:56,083 [pool-47-thread-1] INFO  server.RaftServerConfigKeys (ConfUtils.java:logGet(43)) - raft.server.log.purge.gap = 1000000 (custom)
2019-09-29 11:17:56,083 [pool-47-thread-1] INFO  server.RaftServerConfigKeys (ConfUtils.java:logGet(43)) - raft.server.log.appender.buffer.byte-limit = 33554432 (custom)
2019-09-29 11:17:56,083 [pool-47-thread-1] INFO  server.RaftServerConfigKeys (ConfUtils.java:logGet(43)) - raft.server.log.segment.size.max = 1048576 (custom)
2019-09-29 11:17:56,083 [pool-47-thread-1] INFO  server.RaftServerConfigKeys (ConfUtils.java:logGet(43)) - raft.server.log.segment.cache.num.max = 2 (custom)
2019-09-29 11:17:56,083 [pool-47-thread-1] INFO  segmented.SegmentedRaftLogWorker (SegmentedRaftLogWorker.java:<init>(172)) - new 813e8ff3-5a9d-4177-a3ce-ff3f7795e702@group-F32FA01037AB-SegmentedRaftLogWorker for RaftStorage:Storage Directory /workdir/hadoop-ozone/integration-test/target/test-dir/MiniOzoneClusterImpl-9adecfa3-4693-4b3b-b175-846bdd8f8c06/datanode-2/data/ratis/e85b9f54-76c3-4f5f-85ff-f32fa01037ab
2019-09-29 11:17:56,090 [pool-47-thread-1] INFO  server.RaftServerConfigKeys (ConfUtils.java:logGet(43)) - raft.server.log.queue.byte-limit = 2147483647 (custom)
2019-09-29 11:17:56,090 [pool-47-thread-1] INFO  server.RaftServerConfigKeys (ConfUtils.java:logGet(43)) - raft.server.log.queue.element-limit = 1024 (custom)
2019-09-29 11:17:56,091 [pool-47-thread-1] INFO  server.RaftServerConfigKeys (ConfUtils.java:logGet(43)) - raft.server.log.segment.size.max = 1048576 (custom)
2019-09-29 11:17:56,091 [pool-47-thread-1] INFO  server.RaftServerConfigKeys (ConfUtils.java:logGet(43)) - raft.server.log.preallocated.size = 16384 (custom)
2019-09-29 11:17:56,091 [pool-47-thread-1] INFO  server.RaftServerConfigKeys (ConfUtils.java:logGet(43)) - raft.server.log.write.buffer.size = 33554432 (custom)
2019-09-29 11:17:56,091 [pool-47-thread-1] INFO  server.RaftServerConfigKeys (ConfUtils.java:logGet(43)) - raft.server.log.force.sync.num = 128 (default)
2019-09-29 11:17:56,091 [pool-47-thread-1] INFO  server.RaftServerConfigKeys (ConfUtils.java:logGet(43)) - raft.server.log.statemachine.data.sync = true (default)
2019-09-29 11:17:56,091 [pool-47-thread-1] INFO  server.RaftServerConfigKeys (ConfUtils.java:logGet(43)) - raft.server.log.statemachine.data.sync.timeout = 10s (default)
2019-09-29 11:17:56,091 [pool-47-thread-1] INFO  server.RaftServerConfigKeys (ConfUtils.java:logGet(43)) - raft.server.log.statemachine.data.sync.timeout.retry = -1 (default)
2019-09-29 11:17:56,092 [pool-47-thread-1] INFO  server.RaftServerConfigKeys (ConfUtils.java:logGet(43)) - raft.server.log.statemachine.data.caching.enabled = true (custom)
2019-09-29 11:17:56,092 [pool-47-thread-1] INFO  segmented.SegmentedRaftLogWorker (SegmentedRaftLogWorker.java:lambda$new$0(132)) - 813e8ff3-5a9d-4177-a3ce-ff3f7795e702@group-F32FA01037AB-SegmentedRaftLogWorker: flushIndex: setUnconditionally 0 -> -1
2019-09-29 11:17:56,092 [pool-47-thread-1] INFO  server.RaftServerConfigKeys (ConfUtils.java:logGet(43)) - raft.server.snapshot.auto.trigger.enabled = true (custom)
2019-09-29 11:17:56,092 [pool-47-thread-1] INFO  server.RaftServerConfigKeys (ConfUtils.java:logGet(43)) - raft.server.snapshot.auto.trigger.threshold = 10000 (custom)
2019-09-29 11:17:56,092 [pool-47-thread-1] INFO  server.RaftServerConfigKeys (ConfUtils.java:logGet(43)) - raft.server.snapshot.retention.num.files = 5 (custom)
2019-09-29 11:17:56,093 [pool-47-thread-1] INFO  server.RaftServerConfigKeys (ConfUtils.java:logGet(43)) - raft.server.retrycache.expirytime = 600000ms (custom)
2019-09-29 11:17:56,097 [pool-47-thread-1] INFO  impl.RaftServerImpl (RaftServerImpl.java:start(185)) - 813e8ff3-5a9d-4177-a3ce-ff3f7795e702@group-F32FA01037AB: start as a follower, conf=-1: [813e8ff3-5a9d-4177-a3ce-ff3f7795e702:192.168.30.19:38815], old=null
2019-09-29 11:17:56,097 [pool-47-thread-1] INFO  impl.RaftServerImpl (RaftServerImpl.java:setRole(174)) - 813e8ff3-5a9d-4177-a3ce-ff3f7795e702@group-F32FA01037AB: changes role from      null to FOLLOWER at term 0 for startAsFollower
2019-09-29 11:17:56,097 [pool-47-thread-1] INFO  impl.RoleInfo (RoleInfo.java:updateAndGet(143)) - 813e8ff3-5a9d-4177-a3ce-ff3f7795e702: start FollowerState
2019-09-29 11:17:56,099 [pool-47-thread-1] INFO  util.JmxRegister (JmxRegister.java:tryRegister(44)) - Successfully registered JMX Bean with object name Ratis:service=RaftServer,group=group-F32FA01037AB,id=813e8ff3-5a9d-4177-a3ce-ff3f7795e702
2019-09-29 11:17:56,114 [RatisPipelineUtilsThread] INFO  pipeline.PipelineStateManager (PipelineStateManager.java:addPipeline(56)) - Created pipeline Pipeline[ Id: e85b9f54-76c3-4f5f-85ff-f32fa01037ab, Nodes: 813e8ff3-5a9d-4177-a3ce-ff3f7795e702{ip: 192.168.30.19, host: pr-hdds-1569-lsfh5-224679870, networkLocation: /default-rack, certSerialId: null}, Type:RATIS, Factor:ONE, State:OPEN]
2019-09-29 11:17:56,140 [grpc-default-executor-0] INFO  impl.RaftServerProxy (RaftServerProxy.java:addNew(89)) - 16f9aea5-9974-4547-813d-50b5e9cbac2d: addNew group-641D9114C14A:[16f9aea5-9974-4547-813d-50b5e9cbac2d:192.168.30.19:34925] returns group-641D9114C14A:java.util.concurrent.CompletableFuture@474f56ce[Not completed]
2019-09-29 11:17:56,176 [pool-77-thread-1] INFO  impl.RaftServerImpl (RaftServerImpl.java:<init>(95)) - 16f9aea5-9974-4547-813d-50b5e9cbac2d: new RaftServerImpl for group-641D9114C14A:[16f9aea5-9974-4547-813d-50b5e9cbac2d:192.168.30.19:34925] with ContainerStateMachine:uninitialized
2019-09-29 11:17:56,177 [pool-77-thread-1] INFO  server.RaftServerConfigKeys (ConfUtils.java:logGet(43)) - raft.server.rpc.timeout.min = 5s (custom)
2019-09-29 11:17:56,177 [pool-77-thread-1] INFO  server.RaftServerConfigKeys (ConfUtils.java:logGet(43)) - raft.server.rpc.timeout.max = 5200ms (custom)
2019-09-29 11:17:56,177 [pool-77-thread-1] INFO  server.RaftServerConfigKeys (ConfUtils.java:logGet(43)) - raft.server.rpcslowness.timeout = 120s (custom)
2019-09-29 11:17:56,177 [pool-77-thread-1] INFO  server.RaftServerConfigKeys (ConfUtils.java:logGet(43)) - raft.server.sleep.deviation.threshold = 300 (default)
2019-09-29 11:17:56,177 [pool-77-thread-1] INFO  server.RaftServerConfigKeys (ConfUtils.java:logGet(43)) - raft.server.log.appender.install.snapshot.enabled = false (custom)
2019-09-29 11:17:56,178 [pool-77-thread-1] INFO  impl.RaftServerImpl (ServerState.java:<init>(103)) - 16f9aea5-9974-4547-813d-50b5e9cbac2d@group-641D9114C14A: ConfigurationManager, init=-1: [16f9aea5-9974-4547-813d-50b5e9cbac2d:192.168.30.19:34925], old=null, confs=<EMPTY_MAP>
2019-09-29 11:17:56,178 [pool-77-thread-1] INFO  server.RaftServerConfigKeys (ConfUtils.java:logGet(43)) - raft.server.storage.dir = [/workdir/hadoop-ozone/integration-test/target/test-dir/MiniOzoneClusterImpl-9adecfa3-4693-4b3b-b175-846bdd8f8c06/datanode-5/data/ratis] (custom)
2019-09-29 11:17:56,178 [pool-77-thread-1] INFO  storage.RaftStorageDirectory (RaftStorageDirectory.java:analyzeStorage(246)) - The storage directory /workdir/hadoop-ozone/integration-test/target/test-dir/MiniOzoneClusterImpl-9adecfa3-4693-4b3b-b175-846bdd8f8c06/datanode-5/data/ratis/a2bb7f56-cb11-4351-bb85-641d9114c14a does not exist. Creating ...
2019-09-29 11:17:56,201 [pool-77-thread-1] INFO  storage.RaftStorageDirectory (RaftStorageDirectory.java:tryLock(328)) - Lock on /workdir/hadoop-ozone/integration-test/target/test-dir/MiniOzoneClusterImpl-9adecfa3-4693-4b3b-b175-846bdd8f8c06/datanode-5/data/ratis/a2bb7f56-cb11-4351-bb85-641d9114c14a/in_use.lock acquired by nodename 31535@pr-hdds-1569-lsfh5-224679870
2019-09-29 11:17:56,226 [pool-77-thread-1] INFO  storage.RaftStorage (RaftStorage.java:format(72)) - Storage directory /workdir/hadoop-ozone/integration-test/target/test-dir/MiniOzoneClusterImpl-9adecfa3-4693-4b3b-b175-846bdd8f8c06/datanode-5/data/ratis/a2bb7f56-cb11-4351-bb85-641d9114c14a has been successfully formatted.
2019-09-29 11:17:56,227 [pool-77-thread-1] INFO  ratis.ContainerStateMachine (ContainerStateMachine.java:loadSnapshot(230)) - group-641D9114C14A: The snapshot info is null. Setting the last applied indexto:(t:0, i:~)
2019-09-29 11:17:56,227 [pool-77-thread-1] INFO  server.RaftServerConfigKeys (ConfUtils.java:logGet(43)) - raft.server.notification.no-leader.timeout = 120s (custom)
2019-09-29 11:17:56,227 [pool-77-thread-1] INFO  server.RaftServerConfigKeys (ConfUtils.java:logGet(43)) - raft.server.log.use.memory = false (default)
2019-09-29 11:17:56,227 [pool-77-thread-1] INFO  server.RaftServerConfigKeys (ConfUtils.java:logGet(43)) - raft.server.log.purge.gap = 1000000 (custom)
2019-09-29 11:17:56,227 [pool-77-thread-1] INFO  server.RaftServerConfigKeys (ConfUtils.java:logGet(43)) - raft.server.log.appender.buffer.byte-limit = 33554432 (custom)
2019-09-29 11:17:56,228 [pool-77-thread-1] INFO  server.RaftServerConfigKeys (ConfUtils.java:logGet(43)) - raft.server.log.segment.size.max = 1048576 (custom)
2019-09-29 11:17:56,228 [pool-77-thread-1] INFO  server.RaftServerConfigKeys (ConfUtils.java:logGet(43)) - raft.server.log.segment.cache.num.max = 2 (custom)
2019-09-29 11:17:56,228 [pool-77-thread-1] INFO  segmented.SegmentedRaftLogWorker (SegmentedRaftLogWorker.java:<init>(172)) - new 16f9aea5-9974-4547-813d-50b5e9cbac2d@group-641D9114C14A-SegmentedRaftLogWorker for RaftStorage:Storage Directory /workdir/hadoop-ozone/integration-test/target/test-dir/MiniOzoneClusterImpl-9adecfa3-4693-4b3b-b175-846bdd8f8c06/datanode-5/data/ratis/a2bb7f56-cb11-4351-bb85-641d9114c14a
2019-09-29 11:17:56,275 [pool-77-thread-1] INFO  server.RaftServerConfigKeys (ConfUtils.java:logGet(43)) - raft.server.log.queue.byte-limit = 2147483647 (custom)
2019-09-29 11:17:56,275 [pool-77-thread-1] INFO  server.RaftServerConfigKeys (ConfUtils.java:logGet(43)) - raft.server.log.queue.element-limit = 1024 (custom)
2019-09-29 11:17:56,276 [pool-77-thread-1] INFO  server.RaftServerConfigKeys (ConfUtils.java:logGet(43)) - raft.server.log.segment.size.max = 1048576 (custom)
2019-09-29 11:17:56,276 [pool-77-thread-1] INFO  server.RaftServerConfigKeys (ConfUtils.java:logGet(43)) - raft.server.log.preallocated.size = 16384 (custom)
2019-09-29 11:17:56,276 [pool-77-thread-1] INFO  server.RaftServerConfigKeys (ConfUtils.java:logGet(43)) - raft.server.log.write.buffer.size = 33554432 (custom)
2019-09-29 11:17:56,276 [pool-77-thread-1] INFO  server.RaftServerConfigKeys (ConfUtils.java:logGet(43)) - raft.server.log.force.sync.num = 128 (default)
2019-09-29 11:17:56,276 [pool-77-thread-1] INFO  server.RaftServerConfigKeys (ConfUtils.java:logGet(43)) - raft.server.log.statemachine.data.sync = true (default)
2019-09-29 11:17:56,277 [pool-77-thread-1] INFO  server.RaftServerConfigKeys (ConfUtils.java:logGet(43)) - raft.server.log.statemachine.data.sync.timeout = 10s (default)
2019-09-29 11:17:56,277 [pool-77-thread-1] INFO  server.RaftServerConfigKeys (ConfUtils.java:logGet(43)) - raft.server.log.statemachine.data.sync.timeout.retry = -1 (default)
2019-09-29 11:17:56,277 [pool-77-thread-1] INFO  server.RaftServerConfigKeys (ConfUtils.java:logGet(43)) - raft.server.log.statemachine.data.caching.enabled = true (custom)
2019-09-29 11:17:56,278 [pool-77-thread-1] INFO  segmented.SegmentedRaftLogWorker (SegmentedRaftLogWorker.java:lambda$new$0(132)) - 16f9aea5-9974-4547-813d-50b5e9cbac2d@group-641D9114C14A-SegmentedRaftLogWorker: flushIndex: setUnconditionally 0 -> -1
2019-09-29 11:17:56,278 [pool-77-thread-1] INFO  server.RaftServerConfigKeys (ConfUtils.java:logGet(43)) - raft.server.snapshot.auto.trigger.enabled = true (custom)
2019-09-29 11:17:56,278 [pool-77-thread-1] INFO  server.RaftServerConfigKeys (ConfUtils.java:logGet(43)) - raft.server.snapshot.auto.trigger.threshold = 10000 (custom)
2019-09-29 11:17:56,278 [pool-77-thread-1] INFO  server.RaftServerConfigKeys (ConfUtils.java:logGet(43)) - raft.server.snapshot.retention.num.files = 5 (custom)
2019-09-29 11:17:56,279 [pool-77-thread-1] INFO  server.RaftServerConfigKeys (ConfUtils.java:logGet(43)) - raft.server.retrycache.expirytime = 600000ms (custom)
2019-09-29 11:17:56,284 [pool-77-thread-1] INFO  impl.RaftServerImpl (RaftServerImpl.java:start(185)) - 16f9aea5-9974-4547-813d-50b5e9cbac2d@group-641D9114C14A: start as a follower, conf=-1: [16f9aea5-9974-4547-813d-50b5e9cbac2d:192.168.30.19:34925], old=null
2019-09-29 11:17:56,285 [pool-77-thread-1] INFO  impl.RaftServerImpl (RaftServerImpl.java:setRole(174)) - 16f9aea5-9974-4547-813d-50b5e9cbac2d@group-641D9114C14A: changes role from      null to FOLLOWER at term 0 for startAsFollower
2019-09-29 11:17:56,285 [pool-77-thread-1] INFO  impl.RoleInfo (RoleInfo.java:updateAndGet(143)) - 16f9aea5-9974-4547-813d-50b5e9cbac2d: start FollowerState
2019-09-29 11:17:56,285 [pool-77-thread-1] INFO  util.JmxRegister (JmxRegister.java:tryRegister(44)) - Successfully registered JMX Bean with object name Ratis:service=RaftServer,group=group-641D9114C14A,id=16f9aea5-9974-4547-813d-50b5e9cbac2d
2019-09-29 11:17:56,298 [RatisPipelineUtilsThread] INFO  pipeline.PipelineStateManager (PipelineStateManager.java:addPipeline(56)) - Created pipeline Pipeline[ Id: a2bb7f56-cb11-4351-bb85-641d9114c14a, Nodes: 16f9aea5-9974-4547-813d-50b5e9cbac2d{ip: 192.168.30.19, host: pr-hdds-1569-lsfh5-224679870, networkLocation: /default-rack, certSerialId: null}, Type:RATIS, Factor:ONE, State:OPEN]
2019-09-29 11:17:56,318 [grpc-default-executor-0] INFO  impl.RaftServerProxy (RaftServerProxy.java:addNew(89)) - d87f90a9-3605-42ff-a73f-b54839b7ec6f: addNew group-14A94C81CBE0:[d87f90a9-3605-42ff-a73f-b54839b7ec6f:192.168.30.19:44039] returns group-14A94C81CBE0:java.util.concurrent.CompletableFuture@4eb6c26d[Not completed]
2019-09-29 11:17:56,320 [pool-37-thread-1] INFO  impl.RaftServerImpl (RaftServerImpl.java:<init>(95)) - d87f90a9-3605-42ff-a73f-b54839b7ec6f: new RaftServerImpl for group-14A94C81CBE0:[d87f90a9-3605-42ff-a73f-b54839b7ec6f:192.168.30.19:44039] with ContainerStateMachine:uninitialized
2019-09-29 11:17:56,320 [pool-37-thread-1] INFO  server.RaftServerConfigKeys (ConfUtils.java:logGet(43)) - raft.server.rpc.timeout.min = 5s (custom)
2019-09-29 11:17:56,320 [pool-37-thread-1] INFO  server.RaftServerConfigKeys (ConfUtils.java:logGet(43)) - raft.server.rpc.timeout.max = 5200ms (custom)
2019-09-29 11:17:56,320 [pool-37-thread-1] INFO  server.RaftServerConfigKeys (ConfUtils.java:logGet(43)) - raft.server.rpcslowness.timeout = 120s (custom)
2019-09-29 11:17:56,321 [pool-37-thread-1] INFO  server.RaftServerConfigKeys (ConfUtils.java:logGet(43)) - raft.server.sleep.deviation.threshold = 300 (default)
2019-09-29 11:17:56,321 [pool-37-thread-1] INFO  server.RaftServerConfigKeys (ConfUtils.java:logGet(43)) - raft.server.log.appender.install.snapshot.enabled = false (custom)
2019-09-29 11:17:56,321 [pool-37-thread-1] INFO  impl.RaftServerImpl (ServerState.java:<init>(103)) - d87f90a9-3605-42ff-a73f-b54839b7ec6f@group-14A94C81CBE0: ConfigurationManager, init=-1: [d87f90a9-3605-42ff-a73f-b54839b7ec6f:192.168.30.19:44039], old=null, confs=<EMPTY_MAP>
2019-09-29 11:17:56,321 [pool-37-thread-1] INFO  server.RaftServerConfigKeys (ConfUtils.java:logGet(43)) - raft.server.storage.dir = [/workdir/hadoop-ozone/integration-test/target/test-dir/MiniOzoneClusterImpl-9adecfa3-4693-4b3b-b175-846bdd8f8c06/datanode-1/data/ratis] (custom)
2019-09-29 11:17:56,321 [pool-37-thread-1] INFO  storage.RaftStorageDirectory (RaftStorageDirectory.java:analyzeStorage(246)) - The storage directory /workdir/hadoop-ozone/integration-test/target/test-dir/MiniOzoneClusterImpl-9adecfa3-4693-4b3b-b175-846bdd8f8c06/datanode-1/data/ratis/5857e6c0-d830-4163-8c12-14a94c81cbe0 does not exist. Creating ...
2019-09-29 11:17:56,345 [pool-37-thread-1] INFO  storage.RaftStorageDirectory (RaftStorageDirectory.java:tryLock(328)) - Lock on /workdir/hadoop-ozone/integration-test/target/test-dir/MiniOzoneClusterImpl-9adecfa3-4693-4b3b-b175-846bdd8f8c06/datanode-1/data/ratis/5857e6c0-d830-4163-8c12-14a94c81cbe0/in_use.lock acquired by nodename 31535@pr-hdds-1569-lsfh5-224679870
2019-09-29 11:17:56,371 [pool-37-thread-1] INFO  storage.RaftStorage (RaftStorage.java:format(72)) - Storage directory /workdir/hadoop-ozone/integration-test/target/test-dir/MiniOzoneClusterImpl-9adecfa3-4693-4b3b-b175-846bdd8f8c06/datanode-1/data/ratis/5857e6c0-d830-4163-8c12-14a94c81cbe0 has been successfully formatted.
2019-09-29 11:17:56,371 [pool-37-thread-1] INFO  ratis.ContainerStateMachine (ContainerStateMachine.java:loadSnapshot(230)) - group-14A94C81CBE0: The snapshot info is null. Setting the last applied indexto:(t:0, i:~)
2019-09-29 11:17:56,371 [pool-37-thread-1] INFO  server.RaftServerConfigKeys (ConfUtils.java:logGet(43)) - raft.server.notification.no-leader.timeout = 120s (custom)
2019-09-29 11:17:56,371 [pool-37-thread-1] INFO  server.RaftServerConfigKeys (ConfUtils.java:logGet(43)) - raft.server.log.use.memory = false (default)
2019-09-29 11:17:56,372 [pool-37-thread-1] INFO  server.RaftServerConfigKeys (ConfUtils.java:logGet(43)) - raft.server.log.purge.gap = 1000000 (custom)
2019-09-29 11:17:56,372 [pool-37-thread-1] INFO  server.RaftServerConfigKeys (ConfUtils.java:logGet(43)) - raft.server.log.appender.buffer.byte-limit = 33554432 (custom)
2019-09-29 11:17:56,372 [pool-37-thread-1] INFO  server.RaftServerConfigKeys (ConfUtils.java:logGet(43)) - raft.server.log.segment.size.max = 1048576 (custom)
2019-09-29 11:17:56,372 [pool-37-thread-1] INFO  server.RaftServerConfigKeys (ConfUtils.java:logGet(43)) - raft.server.log.segment.cache.num.max = 2 (custom)
2019-09-29 11:17:56,372 [pool-37-thread-1] INFO  segmented.SegmentedRaftLogWorker (SegmentedRaftLogWorker.java:<init>(172)) - new d87f90a9-3605-42ff-a73f-b54839b7ec6f@group-14A94C81CBE0-SegmentedRaftLogWorker for RaftStorage:Storage Directory /workdir/hadoop-ozone/integration-test/target/test-dir/MiniOzoneClusterImpl-9adecfa3-4693-4b3b-b175-846bdd8f8c06/datanode-1/data/ratis/5857e6c0-d830-4163-8c12-14a94c81cbe0
2019-09-29 11:17:56,376 [pool-37-thread-1] INFO  server.RaftServerConfigKeys (ConfUtils.java:logGet(43)) - raft.server.log.queue.byte-limit = 2147483647 (custom)
2019-09-29 11:17:56,377 [pool-37-thread-1] INFO  server.RaftServerConfigKeys (ConfUtils.java:logGet(43)) - raft.server.log.queue.element-limit = 1024 (custom)
2019-09-29 11:17:56,377 [pool-37-thread-1] INFO  server.RaftServerConfigKeys (ConfUtils.java:logGet(43)) - raft.server.log.segment.size.max = 1048576 (custom)
2019-09-29 11:17:56,377 [pool-37-thread-1] INFO  server.RaftServerConfigKeys (ConfUtils.java:logGet(43)) - raft.server.log.preallocated.size = 16384 (custom)
2019-09-29 11:17:56,377 [pool-37-thread-1] INFO  server.RaftServerConfigKeys (ConfUtils.java:logGet(43)) - raft.server.log.write.buffer.size = 33554432 (custom)
2019-09-29 11:17:56,377 [pool-37-thread-1] INFO  server.RaftServerConfigKeys (ConfUtils.java:logGet(43)) - raft.server.log.force.sync.num = 128 (default)
2019-09-29 11:17:56,378 [pool-37-thread-1] INFO  server.RaftServerConfigKeys (ConfUtils.java:logGet(43)) - raft.server.log.statemachine.data.sync = true (default)
2019-09-29 11:17:56,378 [pool-37-thread-1] INFO  server.RaftServerConfigKeys (ConfUtils.java:logGet(43)) - raft.server.log.statemachine.data.sync.timeout = 10s (default)
2019-09-29 11:17:56,378 [pool-37-thread-1] INFO  server.RaftServerConfigKeys (ConfUtils.java:logGet(43)) - raft.server.log.statemachine.data.sync.timeout.retry = -1 (default)
2019-09-29 11:17:56,378 [pool-37-thread-1] INFO  server.RaftServerConfigKeys (ConfUtils.java:logGet(43)) - raft.server.log.statemachine.data.caching.enabled = true (custom)
2019-09-29 11:17:56,378 [pool-37-thread-1] INFO  segmented.SegmentedRaftLogWorker (SegmentedRaftLogWorker.java:lambda$new$0(132)) - d87f90a9-3605-42ff-a73f-b54839b7ec6f@group-14A94C81CBE0-SegmentedRaftLogWorker: flushIndex: setUnconditionally 0 -> -1
2019-09-29 11:17:56,379 [pool-37-thread-1] INFO  server.RaftServerConfigKeys (ConfUtils.java:logGet(43)) - raft.server.snapshot.auto.trigger.enabled = true (custom)
2019-09-29 11:17:56,379 [pool-37-thread-1] INFO  server.RaftServerConfigKeys (ConfUtils.java:logGet(43)) - raft.server.snapshot.auto.trigger.threshold = 10000 (custom)
2019-09-29 11:17:56,379 [pool-37-thread-1] INFO  server.RaftServerConfigKeys (ConfUtils.java:logGet(43)) - raft.server.snapshot.retention.num.files = 5 (custom)
2019-09-29 11:17:56,379 [pool-37-thread-1] INFO  server.RaftServerConfigKeys (ConfUtils.java:logGet(43)) - raft.server.retrycache.expirytime = 600000ms (custom)
2019-09-29 11:17:56,384 [pool-37-thread-1] INFO  impl.RaftServerImpl (RaftServerImpl.java:start(185)) - d87f90a9-3605-42ff-a73f-b54839b7ec6f@group-14A94C81CBE0: start as a follower, conf=-1: [d87f90a9-3605-42ff-a73f-b54839b7ec6f:192.168.30.19:44039], old=null
2019-09-29 11:17:56,384 [pool-37-thread-1] INFO  impl.RaftServerImpl (RaftServerImpl.java:setRole(174)) - d87f90a9-3605-42ff-a73f-b54839b7ec6f@group-14A94C81CBE0: changes role from      null to FOLLOWER at term 0 for startAsFollower
2019-09-29 11:17:56,384 [pool-37-thread-1] INFO  impl.RoleInfo (RoleInfo.java:updateAndGet(143)) - d87f90a9-3605-42ff-a73f-b54839b7ec6f: start FollowerState
2019-09-29 11:17:56,385 [pool-37-thread-1] INFO  util.JmxRegister (JmxRegister.java:tryRegister(44)) - Successfully registered JMX Bean with object name Ratis:service=RaftServer,group=group-14A94C81CBE0,id=d87f90a9-3605-42ff-a73f-b54839b7ec6f
2019-09-29 11:17:56,395 [RatisPipelineUtilsThread] INFO  pipeline.PipelineStateManager (PipelineStateManager.java:addPipeline(56)) - Created pipeline Pipeline[ Id: 5857e6c0-d830-4163-8c12-14a94c81cbe0, Nodes: d87f90a9-3605-42ff-a73f-b54839b7ec6f{ip: 192.168.30.19, host: pr-hdds-1569-lsfh5-224679870, networkLocation: /default-rack, certSerialId: null}, Type:RATIS, Factor:ONE, State:OPEN]
2019-09-29 11:17:56,413 [grpc-default-executor-0] INFO  impl.RaftServerProxy (RaftServerProxy.java:addNew(89)) - 0545c36f-a0b4-4f79-aecb-0463d797a2ef: addNew group-60EAC14DA426:[0545c36f-a0b4-4f79-aecb-0463d797a2ef:192.168.30.19:45994] returns group-60EAC14DA426:java.util.concurrent.CompletableFuture@7faa0ca3[Not completed]
2019-09-29 11:17:56,417 [pool-67-thread-1] INFO  impl.RaftServerImpl (RaftServerImpl.java:<init>(95)) - 0545c36f-a0b4-4f79-aecb-0463d797a2ef: new RaftServerImpl for group-60EAC14DA426:[0545c36f-a0b4-4f79-aecb-0463d797a2ef:192.168.30.19:45994] with ContainerStateMachine:uninitialized
2019-09-29 11:17:56,417 [pool-67-thread-1] INFO  server.RaftServerConfigKeys (ConfUtils.java:logGet(43)) - raft.server.rpc.timeout.min = 5s (custom)
2019-09-29 11:17:56,417 [pool-67-thread-1] INFO  server.RaftServerConfigKeys (ConfUtils.java:logGet(43)) - raft.server.rpc.timeout.max = 5200ms (custom)
2019-09-29 11:17:56,417 [pool-67-thread-1] INFO  server.RaftServerConfigKeys (ConfUtils.java:logGet(43)) - raft.server.rpcslowness.timeout = 120s (custom)
2019-09-29 11:17:56,417 [pool-67-thread-1] INFO  server.RaftServerConfigKeys (ConfUtils.java:logGet(43)) - raft.server.sleep.deviation.threshold = 300 (default)
2019-09-29 11:17:56,417 [pool-67-thread-1] INFO  server.RaftServerConfigKeys (ConfUtils.java:logGet(43)) - raft.server.log.appender.install.snapshot.enabled = false (custom)
2019-09-29 11:17:56,417 [pool-67-thread-1] INFO  impl.RaftServerImpl (ServerState.java:<init>(103)) - 0545c36f-a0b4-4f79-aecb-0463d797a2ef@group-60EAC14DA426: ConfigurationManager, init=-1: [0545c36f-a0b4-4f79-aecb-0463d797a2ef:192.168.30.19:45994], old=null, confs=<EMPTY_MAP>
2019-09-29 11:17:56,418 [pool-67-thread-1] INFO  server.RaftServerConfigKeys (ConfUtils.java:logGet(43)) - raft.server.storage.dir = [/workdir/hadoop-ozone/integration-test/target/test-dir/MiniOzoneClusterImpl-9adecfa3-4693-4b3b-b175-846bdd8f8c06/datanode-4/data/ratis] (custom)
2019-09-29 11:17:56,418 [pool-67-thread-1] INFO  storage.RaftStorageDirectory (RaftStorageDirectory.java:analyzeStorage(246)) - The storage directory /workdir/hadoop-ozone/integration-test/target/test-dir/MiniOzoneClusterImpl-9adecfa3-4693-4b3b-b175-846bdd8f8c06/datanode-4/data/ratis/49a828f7-c2a0-4afe-88ef-60eac14da426 does not exist. Creating ...
2019-09-29 11:17:56,446 [pool-67-thread-1] INFO  storage.RaftStorageDirectory (RaftStorageDirectory.java:tryLock(328)) - Lock on /workdir/hadoop-ozone/integration-test/target/test-dir/MiniOzoneClusterImpl-9adecfa3-4693-4b3b-b175-846bdd8f8c06/datanode-4/data/ratis/49a828f7-c2a0-4afe-88ef-60eac14da426/in_use.lock acquired by nodename 31535@pr-hdds-1569-lsfh5-224679870
2019-09-29 11:17:56,467 [main] INFO  ozone.MiniOzoneClusterImpl (MiniOzoneClusterImpl.java:lambda$waitForClusterToBeReady$0(147)) - Cluster is ready. Got 7 of 7 DN Heartbeats.
2019-09-29 11:17:56,472 [pool-67-thread-1] INFO  storage.RaftStorage (RaftStorage.java:format(72)) - Storage directory /workdir/hadoop-ozone/integration-test/target/test-dir/MiniOzoneClusterImpl-9adecfa3-4693-4b3b-b175-846bdd8f8c06/datanode-4/data/ratis/49a828f7-c2a0-4afe-88ef-60eac14da426 has been successfully formatted.
2019-09-29 11:17:56,472 [pool-67-thread-1] INFO  ratis.ContainerStateMachine (ContainerStateMachine.java:loadSnapshot(230)) - group-60EAC14DA426: The snapshot info is null. Setting the last applied indexto:(t:0, i:~)
2019-09-29 11:17:56,472 [pool-67-thread-1] INFO  server.RaftServerConfigKeys (ConfUtils.java:logGet(43)) - raft.server.notification.no-leader.timeout = 120s (custom)
2019-09-29 11:17:56,472 [pool-67-thread-1] INFO  server.RaftServerConfigKeys (ConfUtils.java:logGet(43)) - raft.server.log.use.memory = false (default)
2019-09-29 11:17:56,472 [pool-67-thread-1] INFO  server.RaftServerConfigKeys (ConfUtils.java:logGet(43)) - raft.server.log.purge.gap = 1000000 (custom)
2019-09-29 11:17:56,473 [pool-67-thread-1] INFO  server.RaftServerConfigKeys (ConfUtils.java:logGet(43)) - raft.server.log.appender.buffer.byte-limit = 33554432 (custom)
2019-09-29 11:17:56,473 [pool-67-thread-1] INFO  server.RaftServerConfigKeys (ConfUtils.java:logGet(43)) - raft.server.log.segment.size.max = 1048576 (custom)
2019-09-29 11:17:56,473 [pool-67-thread-1] INFO  server.RaftServerConfigKeys (ConfUtils.java:logGet(43)) - raft.server.log.segment.cache.num.max = 2 (custom)
2019-09-29 11:17:56,473 [pool-67-thread-1] INFO  segmented.SegmentedRaftLogWorker (SegmentedRaftLogWorker.java:<init>(172)) - new 0545c36f-a0b4-4f79-aecb-0463d797a2ef@group-60EAC14DA426-SegmentedRaftLogWorker for RaftStorage:Storage Directory /workdir/hadoop-ozone/integration-test/target/test-dir/MiniOzoneClusterImpl-9adecfa3-4693-4b3b-b175-846bdd8f8c06/datanode-4/data/ratis/49a828f7-c2a0-4afe-88ef-60eac14da426
2019-09-29 11:17:56,477 [pool-67-thread-1] INFO  server.RaftServerConfigKeys (ConfUtils.java:logGet(43)) - raft.server.log.queue.byte-limit = 2147483647 (custom)
2019-09-29 11:17:56,477 [pool-67-thread-1] INFO  server.RaftServerConfigKeys (ConfUtils.java:logGet(43)) - raft.server.log.queue.element-limit = 1024 (custom)
2019-09-29 11:17:56,477 [pool-67-thread-1] INFO  server.RaftServerConfigKeys (ConfUtils.java:logGet(43)) - raft.server.log.segment.size.max = 1048576 (custom)
2019-09-29 11:17:56,477 [pool-67-thread-1] INFO  server.RaftServerConfigKeys (ConfUtils.java:logGet(43)) - raft.server.log.preallocated.size = 16384 (custom)
2019-09-29 11:17:56,478 [pool-67-thread-1] INFO  server.RaftServerConfigKeys (ConfUtils.java:logGet(43)) - raft.server.log.write.buffer.size = 33554432 (custom)
2019-09-29 11:17:56,478 [pool-67-thread-1] INFO  server.RaftServerConfigKeys (ConfUtils.java:logGet(43)) - raft.server.log.force.sync.num = 128 (default)
2019-09-29 11:17:56,478 [pool-67-thread-1] INFO  server.RaftServerConfigKeys (ConfUtils.java:logGet(43)) - raft.server.log.statemachine.data.sync = true (default)
2019-09-29 11:17:56,478 [pool-67-thread-1] INFO  server.RaftServerConfigKeys (ConfUtils.java:logGet(43)) - raft.server.log.statemachine.data.sync.timeout = 10s (default)
2019-09-29 11:17:56,478 [pool-67-thread-1] INFO  server.RaftServerConfigKeys (ConfUtils.java:logGet(43)) - raft.server.log.statemachine.data.sync.timeout.retry = -1 (default)
2019-09-29 11:17:56,478 [pool-67-thread-1] INFO  server.RaftServerConfigKeys (ConfUtils.java:logGet(43)) - raft.server.log.statemachine.data.caching.enabled = true (custom)
2019-09-29 11:17:56,479 [pool-67-thread-1] INFO  segmented.SegmentedRaftLogWorker (SegmentedRaftLogWorker.java:lambda$new$0(132)) - 0545c36f-a0b4-4f79-aecb-0463d797a2ef@group-60EAC14DA426-SegmentedRaftLogWorker: flushIndex: setUnconditionally 0 -> -1
2019-09-29 11:17:56,479 [pool-67-thread-1] INFO  server.RaftServerConfigKeys (ConfUtils.java:logGet(43)) - raft.server.snapshot.auto.trigger.enabled = true (custom)
2019-09-29 11:17:56,479 [pool-67-thread-1] INFO  server.RaftServerConfigKeys (ConfUtils.java:logGet(43)) - raft.server.snapshot.auto.trigger.threshold = 10000 (custom)
2019-09-29 11:17:56,479 [pool-67-thread-1] INFO  server.RaftServerConfigKeys (ConfUtils.java:logGet(43)) - raft.server.snapshot.retention.num.files = 5 (custom)
2019-09-29 11:17:56,480 [pool-67-thread-1] INFO  server.RaftServerConfigKeys (ConfUtils.java:logGet(43)) - raft.server.retrycache.expirytime = 600000ms (custom)
2019-09-29 11:17:56,483 [pool-67-thread-1] INFO  impl.RaftServerImpl (RaftServerImpl.java:start(185)) - 0545c36f-a0b4-4f79-aecb-0463d797a2ef@group-60EAC14DA426: start as a follower, conf=-1: [0545c36f-a0b4-4f79-aecb-0463d797a2ef:192.168.30.19:45994], old=null
2019-09-29 11:17:56,483 [pool-67-thread-1] INFO  impl.RaftServerImpl (RaftServerImpl.java:setRole(174)) - 0545c36f-a0b4-4f79-aecb-0463d797a2ef@group-60EAC14DA426: changes role from      null to FOLLOWER at term 0 for startAsFollower
2019-09-29 11:17:56,484 [pool-67-thread-1] INFO  impl.RoleInfo (RoleInfo.java:updateAndGet(143)) - 0545c36f-a0b4-4f79-aecb-0463d797a2ef: start FollowerState
2019-09-29 11:17:56,484 [pool-67-thread-1] INFO  util.JmxRegister (JmxRegister.java:tryRegister(44)) - Successfully registered JMX Bean with object name Ratis:service=RaftServer,group=group-60EAC14DA426,id=0545c36f-a0b4-4f79-aecb-0463d797a2ef
2019-09-29 11:17:56,497 [RatisPipelineUtilsThread] INFO  pipeline.PipelineStateManager (PipelineStateManager.java:addPipeline(56)) - Created pipeline Pipeline[ Id: 49a828f7-c2a0-4afe-88ef-60eac14da426, Nodes: 0545c36f-a0b4-4f79-aecb-0463d797a2ef{ip: 192.168.30.19, host: pr-hdds-1569-lsfh5-224679870, networkLocation: /default-rack, certSerialId: null}, Type:RATIS, Factor:ONE, State:OPEN]
2019-09-29 11:17:56,518 [grpc-default-executor-0] INFO  impl.RaftServerProxy (RaftServerProxy.java:addNew(89)) - 305a1411-9261-4938-b41f-95f0a67a7ebc: addNew group-DF4CAEF31081:[305a1411-9261-4938-b41f-95f0a67a7ebc:192.168.30.19:45009] returns group-DF4CAEF31081:java.util.concurrent.CompletableFuture@1e22b8b3[Not completed]
2019-09-29 11:17:56,522 [pool-87-thread-1] INFO  impl.RaftServerImpl (RaftServerImpl.java:<init>(95)) - 305a1411-9261-4938-b41f-95f0a67a7ebc: new RaftServerImpl for group-DF4CAEF31081:[305a1411-9261-4938-b41f-95f0a67a7ebc:192.168.30.19:45009] with ContainerStateMachine:uninitialized
2019-09-29 11:17:56,523 [pool-87-thread-1] INFO  server.RaftServerConfigKeys (ConfUtils.java:logGet(43)) - raft.server.rpc.timeout.min = 5s (custom)
2019-09-29 11:17:56,523 [pool-87-thread-1] INFO  server.RaftServerConfigKeys (ConfUtils.java:logGet(43)) - raft.server.rpc.timeout.max = 5200ms (custom)
2019-09-29 11:17:56,523 [pool-87-thread-1] INFO  server.RaftServerConfigKeys (ConfUtils.java:logGet(43)) - raft.server.rpcslowness.timeout = 120s (custom)
2019-09-29 11:17:56,523 [pool-87-thread-1] INFO  server.RaftServerConfigKeys (ConfUtils.java:logGet(43)) - raft.server.sleep.deviation.threshold = 300 (default)
2019-09-29 11:17:56,523 [pool-87-thread-1] INFO  server.RaftServerConfigKeys (ConfUtils.java:logGet(43)) - raft.server.log.appender.install.snapshot.enabled = false (custom)
2019-09-29 11:17:56,523 [pool-87-thread-1] INFO  impl.RaftServerImpl (ServerState.java:<init>(103)) - 305a1411-9261-4938-b41f-95f0a67a7ebc@group-DF4CAEF31081: ConfigurationManager, init=-1: [305a1411-9261-4938-b41f-95f0a67a7ebc:192.168.30.19:45009], old=null, confs=<EMPTY_MAP>
2019-09-29 11:17:56,523 [pool-87-thread-1] INFO  server.RaftServerConfigKeys (ConfUtils.java:logGet(43)) - raft.server.storage.dir = [/workdir/hadoop-ozone/integration-test/target/test-dir/MiniOzoneClusterImpl-9adecfa3-4693-4b3b-b175-846bdd8f8c06/datanode-6/data/ratis] (custom)
2019-09-29 11:17:56,524 [pool-87-thread-1] INFO  storage.RaftStorageDirectory (RaftStorageDirectory.java:analyzeStorage(246)) - The storage directory /workdir/hadoop-ozone/integration-test/target/test-dir/MiniOzoneClusterImpl-9adecfa3-4693-4b3b-b175-846bdd8f8c06/datanode-6/data/ratis/ba745aa9-20a0-403f-9ead-df4caef31081 does not exist. Creating ...
2019-09-29 11:17:56,547 [pool-87-thread-1] INFO  storage.RaftStorageDirectory (RaftStorageDirectory.java:tryLock(328)) - Lock on /workdir/hadoop-ozone/integration-test/target/test-dir/MiniOzoneClusterImpl-9adecfa3-4693-4b3b-b175-846bdd8f8c06/datanode-6/data/ratis/ba745aa9-20a0-403f-9ead-df4caef31081/in_use.lock acquired by nodename 31535@pr-hdds-1569-lsfh5-224679870
2019-09-29 11:17:56,572 [pool-87-thread-1] INFO  storage.RaftStorage (RaftStorage.java:format(72)) - Storage directory /workdir/hadoop-ozone/integration-test/target/test-dir/MiniOzoneClusterImpl-9adecfa3-4693-4b3b-b175-846bdd8f8c06/datanode-6/data/ratis/ba745aa9-20a0-403f-9ead-df4caef31081 has been successfully formatted.
2019-09-29 11:17:56,572 [pool-87-thread-1] INFO  ratis.ContainerStateMachine (ContainerStateMachine.java:loadSnapshot(230)) - group-DF4CAEF31081: The snapshot info is null. Setting the last applied indexto:(t:0, i:~)
2019-09-29 11:17:56,573 [pool-87-thread-1] INFO  server.RaftServerConfigKeys (ConfUtils.java:logGet(43)) - raft.server.notification.no-leader.timeout = 120s (custom)
2019-09-29 11:17:56,573 [pool-87-thread-1] INFO  server.RaftServerConfigKeys (ConfUtils.java:logGet(43)) - raft.server.log.use.memory = false (default)
2019-09-29 11:17:56,573 [pool-87-thread-1] INFO  server.RaftServerConfigKeys (ConfUtils.java:logGet(43)) - raft.server.log.purge.gap = 1000000 (custom)
2019-09-29 11:17:56,573 [pool-87-thread-1] INFO  server.RaftServerConfigKeys (ConfUtils.java:logGet(43)) - raft.server.log.appender.buffer.byte-limit = 33554432 (custom)
2019-09-29 11:17:56,573 [pool-87-thread-1] INFO  server.RaftServerConfigKeys (ConfUtils.java:logGet(43)) - raft.server.log.segment.size.max = 1048576 (custom)
2019-09-29 11:17:56,573 [pool-87-thread-1] INFO  server.RaftServerConfigKeys (ConfUtils.java:logGet(43)) - raft.server.log.segment.cache.num.max = 2 (custom)
2019-09-29 11:17:56,573 [pool-87-thread-1] INFO  segmented.SegmentedRaftLogWorker (SegmentedRaftLogWorker.java:<init>(172)) - new 305a1411-9261-4938-b41f-95f0a67a7ebc@group-DF4CAEF31081-SegmentedRaftLogWorker for RaftStorage:Storage Directory /workdir/hadoop-ozone/integration-test/target/test-dir/MiniOzoneClusterImpl-9adecfa3-4693-4b3b-b175-846bdd8f8c06/datanode-6/data/ratis/ba745aa9-20a0-403f-9ead-df4caef31081
2019-09-29 11:17:56,576 [pool-87-thread-1] INFO  server.RaftServerConfigKeys (ConfUtils.java:logGet(43)) - raft.server.log.queue.byte-limit = 2147483647 (custom)
2019-09-29 11:17:56,576 [pool-87-thread-1] INFO  server.RaftServerConfigKeys (ConfUtils.java:logGet(43)) - raft.server.log.queue.element-limit = 1024 (custom)
2019-09-29 11:17:56,576 [pool-87-thread-1] INFO  server.RaftServerConfigKeys (ConfUtils.java:logGet(43)) - raft.server.log.segment.size.max = 1048576 (custom)
2019-09-29 11:17:56,576 [pool-87-thread-1] INFO  server.RaftServerConfigKeys (ConfUtils.java:logGet(43)) - raft.server.log.preallocated.size = 16384 (custom)
2019-09-29 11:17:56,576 [pool-87-thread-1] INFO  server.RaftServerConfigKeys (ConfUtils.java:logGet(43)) - raft.server.log.write.buffer.size = 33554432 (custom)
2019-09-29 11:17:56,577 [pool-87-thread-1] INFO  server.RaftServerConfigKeys (ConfUtils.java:logGet(43)) - raft.server.log.force.sync.num = 128 (default)
2019-09-29 11:17:56,577 [pool-87-thread-1] INFO  server.RaftServerConfigKeys (ConfUtils.java:logGet(43)) - raft.server.log.statemachine.data.sync = true (default)
2019-09-29 11:17:56,577 [pool-87-thread-1] INFO  server.RaftServerConfigKeys (ConfUtils.java:logGet(43)) - raft.server.log.statemachine.data.sync.timeout = 10s (default)
2019-09-29 11:17:56,577 [pool-87-thread-1] INFO  server.RaftServerConfigKeys (ConfUtils.java:logGet(43)) - raft.server.log.statemachine.data.sync.timeout.retry = -1 (default)
2019-09-29 11:17:56,577 [pool-87-thread-1] INFO  server.RaftServerConfigKeys (ConfUtils.java:logGet(43)) - raft.server.log.statemachine.data.caching.enabled = true (custom)
2019-09-29 11:17:56,578 [pool-87-thread-1] INFO  segmented.SegmentedRaftLogWorker (SegmentedRaftLogWorker.java:lambda$new$0(132)) - 305a1411-9261-4938-b41f-95f0a67a7ebc@group-DF4CAEF31081-SegmentedRaftLogWorker: flushIndex: setUnconditionally 0 -> -1
2019-09-29 11:17:56,578 [pool-87-thread-1] INFO  server.RaftServerConfigKeys (ConfUtils.java:logGet(43)) - raft.server.snapshot.auto.trigger.enabled = true (custom)
2019-09-29 11:17:56,578 [pool-87-thread-1] INFO  server.RaftServerConfigKeys (ConfUtils.java:logGet(43)) - raft.server.snapshot.auto.trigger.threshold = 10000 (custom)
2019-09-29 11:17:56,578 [pool-87-thread-1] INFO  server.RaftServerConfigKeys (ConfUtils.java:logGet(43)) - raft.server.snapshot.retention.num.files = 5 (custom)
2019-09-29 11:17:56,578 [pool-87-thread-1] INFO  server.RaftServerConfigKeys (ConfUtils.java:logGet(43)) - raft.server.retrycache.expirytime = 600000ms (custom)
2019-09-29 11:17:56,581 [pool-87-thread-1] INFO  impl.RaftServerImpl (RaftServerImpl.java:start(185)) - 305a1411-9261-4938-b41f-95f0a67a7ebc@group-DF4CAEF31081: start as a follower, conf=-1: [305a1411-9261-4938-b41f-95f0a67a7ebc:192.168.30.19:45009], old=null
2019-09-29 11:17:56,581 [pool-87-thread-1] INFO  impl.RaftServerImpl (RaftServerImpl.java:setRole(174)) - 305a1411-9261-4938-b41f-95f0a67a7ebc@group-DF4CAEF31081: changes role from      null to FOLLOWER at term 0 for startAsFollower
2019-09-29 11:17:56,581 [pool-87-thread-1] INFO  impl.RoleInfo (RoleInfo.java:updateAndGet(143)) - 305a1411-9261-4938-b41f-95f0a67a7ebc: start FollowerState
2019-09-29 11:17:56,582 [pool-87-thread-1] INFO  util.JmxRegister (JmxRegister.java:tryRegister(44)) - Successfully registered JMX Bean with object name Ratis:service=RaftServer,group=group-DF4CAEF31081,id=305a1411-9261-4938-b41f-95f0a67a7ebc
2019-09-29 11:17:56,595 [RatisPipelineUtilsThread] INFO  pipeline.PipelineStateManager (PipelineStateManager.java:addPipeline(56)) - Created pipeline Pipeline[ Id: ba745aa9-20a0-403f-9ead-df4caef31081, Nodes: 305a1411-9261-4938-b41f-95f0a67a7ebc{ip: 192.168.30.19, host: pr-hdds-1569-lsfh5-224679870, networkLocation: /default-rack, certSerialId: null}, Type:RATIS, Factor:ONE, State:OPEN]
2019-09-29 11:17:56,612 [grpc-default-executor-0] INFO  impl.RaftServerProxy (RaftServerProxy.java:addNew(89)) - 0015d375-f015-45cc-a030-fcc01a4a8fbf: addNew group-C9A2A3528C90:[0015d375-f015-45cc-a030-fcc01a4a8fbf:192.168.30.19:33934] returns group-C9A2A3528C90:java.util.concurrent.CompletableFuture@48e96150[Not completed]
2019-09-29 11:17:56,616 [pool-57-thread-1] INFO  impl.RaftServerImpl (RaftServerImpl.java:<init>(95)) - 0015d375-f015-45cc-a030-fcc01a4a8fbf: new RaftServerImpl for group-C9A2A3528C90:[0015d375-f015-45cc-a030-fcc01a4a8fbf:192.168.30.19:33934] with ContainerStateMachine:uninitialized
2019-09-29 11:17:56,616 [pool-57-thread-1] INFO  server.RaftServerConfigKeys (ConfUtils.java:logGet(43)) - raft.server.rpc.timeout.min = 5s (custom)
2019-09-29 11:17:56,616 [pool-57-thread-1] INFO  server.RaftServerConfigKeys (ConfUtils.java:logGet(43)) - raft.server.rpc.timeout.max = 5200ms (custom)
2019-09-29 11:17:56,616 [pool-57-thread-1] INFO  server.RaftServerConfigKeys (ConfUtils.java:logGet(43)) - raft.server.rpcslowness.timeout = 120s (custom)
2019-09-29 11:17:56,616 [pool-57-thread-1] INFO  server.RaftServerConfigKeys (ConfUtils.java:logGet(43)) - raft.server.sleep.deviation.threshold = 300 (default)
2019-09-29 11:17:56,617 [pool-57-thread-1] INFO  server.RaftServerConfigKeys (ConfUtils.java:logGet(43)) - raft.server.log.appender.install.snapshot.enabled = false (custom)
2019-09-29 11:17:56,617 [pool-57-thread-1] INFO  impl.RaftServerImpl (ServerState.java:<init>(103)) - 0015d375-f015-45cc-a030-fcc01a4a8fbf@group-C9A2A3528C90: ConfigurationManager, init=-1: [0015d375-f015-45cc-a030-fcc01a4a8fbf:192.168.30.19:33934], old=null, confs=<EMPTY_MAP>
2019-09-29 11:17:56,617 [pool-57-thread-1] INFO  server.RaftServerConfigKeys (ConfUtils.java:logGet(43)) - raft.server.storage.dir = [/workdir/hadoop-ozone/integration-test/target/test-dir/MiniOzoneClusterImpl-9adecfa3-4693-4b3b-b175-846bdd8f8c06/datanode-3/data/ratis] (custom)
2019-09-29 11:17:56,617 [pool-57-thread-1] INFO  storage.RaftStorageDirectory (RaftStorageDirectory.java:analyzeStorage(246)) - The storage directory /workdir/hadoop-ozone/integration-test/target/test-dir/MiniOzoneClusterImpl-9adecfa3-4693-4b3b-b175-846bdd8f8c06/datanode-3/data/ratis/49acddfa-36a1-4413-8a0e-c9a2a3528c90 does not exist. Creating ...
2019-09-29 11:17:56,639 [pool-57-thread-1] INFO  storage.RaftStorageDirectory (RaftStorageDirectory.java:tryLock(328)) - Lock on /workdir/hadoop-ozone/integration-test/target/test-dir/MiniOzoneClusterImpl-9adecfa3-4693-4b3b-b175-846bdd8f8c06/datanode-3/data/ratis/49acddfa-36a1-4413-8a0e-c9a2a3528c90/in_use.lock acquired by nodename 31535@pr-hdds-1569-lsfh5-224679870
2019-09-29 11:17:56,665 [pool-57-thread-1] INFO  storage.RaftStorage (RaftStorage.java:format(72)) - Storage directory /workdir/hadoop-ozone/integration-test/target/test-dir/MiniOzoneClusterImpl-9adecfa3-4693-4b3b-b175-846bdd8f8c06/datanode-3/data/ratis/49acddfa-36a1-4413-8a0e-c9a2a3528c90 has been successfully formatted.
2019-09-29 11:17:56,665 [pool-57-thread-1] INFO  ratis.ContainerStateMachine (ContainerStateMachine.java:loadSnapshot(230)) - group-C9A2A3528C90: The snapshot info is null. Setting the last applied indexto:(t:0, i:~)
2019-09-29 11:17:56,665 [pool-57-thread-1] INFO  server.RaftServerConfigKeys (ConfUtils.java:logGet(43)) - raft.server.notification.no-leader.timeout = 120s (custom)
2019-09-29 11:17:56,665 [pool-57-thread-1] INFO  server.RaftServerConfigKeys (ConfUtils.java:logGet(43)) - raft.server.log.use.memory = false (default)
2019-09-29 11:17:56,665 [pool-57-thread-1] INFO  server.RaftServerConfigKeys (ConfUtils.java:logGet(43)) - raft.server.log.purge.gap = 1000000 (custom)
2019-09-29 11:17:56,665 [pool-57-thread-1] INFO  server.RaftServerConfigKeys (ConfUtils.java:logGet(43)) - raft.server.log.appender.buffer.byte-limit = 33554432 (custom)
2019-09-29 11:17:56,665 [pool-57-thread-1] INFO  server.RaftServerConfigKeys (ConfUtils.java:logGet(43)) - raft.server.log.segment.size.max = 1048576 (custom)
2019-09-29 11:17:56,666 [pool-57-thread-1] INFO  server.RaftServerConfigKeys (ConfUtils.java:logGet(43)) - raft.server.log.segment.cache.num.max = 2 (custom)
2019-09-29 11:17:56,666 [pool-57-thread-1] INFO  segmented.SegmentedRaftLogWorker (SegmentedRaftLogWorker.java:<init>(172)) - new 0015d375-f015-45cc-a030-fcc01a4a8fbf@group-C9A2A3528C90-SegmentedRaftLogWorker for RaftStorage:Storage Directory /workdir/hadoop-ozone/integration-test/target/test-dir/MiniOzoneClusterImpl-9adecfa3-4693-4b3b-b175-846bdd8f8c06/datanode-3/data/ratis/49acddfa-36a1-4413-8a0e-c9a2a3528c90
2019-09-29 11:17:56,668 [pool-57-thread-1] INFO  server.RaftServerConfigKeys (ConfUtils.java:logGet(43)) - raft.server.log.queue.byte-limit = 2147483647 (custom)
2019-09-29 11:17:56,668 [pool-57-thread-1] INFO  server.RaftServerConfigKeys (ConfUtils.java:logGet(43)) - raft.server.log.queue.element-limit = 1024 (custom)
2019-09-29 11:17:56,668 [pool-57-thread-1] INFO  server.RaftServerConfigKeys (ConfUtils.java:logGet(43)) - raft.server.log.segment.size.max = 1048576 (custom)
2019-09-29 11:17:56,668 [pool-57-thread-1] INFO  server.RaftServerConfigKeys (ConfUtils.java:logGet(43)) - raft.server.log.preallocated.size = 16384 (custom)
2019-09-29 11:17:56,668 [pool-57-thread-1] INFO  server.RaftServerConfigKeys (ConfUtils.java:logGet(43)) - raft.server.log.write.buffer.size = 33554432 (custom)
2019-09-29 11:17:56,669 [pool-57-thread-1] INFO  server.RaftServerConfigKeys (ConfUtils.java:logGet(43)) - raft.server.log.force.sync.num = 128 (default)
2019-09-29 11:17:56,669 [pool-57-thread-1] INFO  server.RaftServerConfigKeys (ConfUtils.java:logGet(43)) - raft.server.log.statemachine.data.sync = true (default)
2019-09-29 11:17:56,669 [pool-57-thread-1] INFO  server.RaftServerConfigKeys (ConfUtils.java:logGet(43)) - raft.server.log.statemachine.data.sync.timeout = 10s (default)
2019-09-29 11:17:56,669 [pool-57-thread-1] INFO  server.RaftServerConfigKeys (ConfUtils.java:logGet(43)) - raft.server.log.statemachine.data.sync.timeout.retry = -1 (default)
2019-09-29 11:17:56,669 [pool-57-thread-1] INFO  server.RaftServerConfigKeys (ConfUtils.java:logGet(43)) - raft.server.log.statemachine.data.caching.enabled = true (custom)
2019-09-29 11:17:56,669 [pool-57-thread-1] INFO  segmented.SegmentedRaftLogWorker (SegmentedRaftLogWorker.java:lambda$new$0(132)) - 0015d375-f015-45cc-a030-fcc01a4a8fbf@group-C9A2A3528C90-SegmentedRaftLogWorker: flushIndex: setUnconditionally 0 -> -1
2019-09-29 11:17:56,670 [pool-57-thread-1] INFO  server.RaftServerConfigKeys (ConfUtils.java:logGet(43)) - raft.server.snapshot.auto.trigger.enabled = true (custom)
2019-09-29 11:17:56,670 [pool-57-thread-1] INFO  server.RaftServerConfigKeys (ConfUtils.java:logGet(43)) - raft.server.snapshot.auto.trigger.threshold = 10000 (custom)
2019-09-29 11:17:56,670 [pool-57-thread-1] INFO  server.RaftServerConfigKeys (ConfUtils.java:logGet(43)) - raft.server.snapshot.retention.num.files = 5 (custom)
2019-09-29 11:17:56,670 [pool-57-thread-1] INFO  server.RaftServerConfigKeys (ConfUtils.java:logGet(43)) - raft.server.retrycache.expirytime = 600000ms (custom)
2019-09-29 11:17:56,672 [pool-57-thread-1] INFO  impl.RaftServerImpl (RaftServerImpl.java:start(185)) - 0015d375-f015-45cc-a030-fcc01a4a8fbf@group-C9A2A3528C90: start as a follower, conf=-1: [0015d375-f015-45cc-a030-fcc01a4a8fbf:192.168.30.19:33934], old=null
2019-09-29 11:17:56,672 [pool-57-thread-1] INFO  impl.RaftServerImpl (RaftServerImpl.java:setRole(174)) - 0015d375-f015-45cc-a030-fcc01a4a8fbf@group-C9A2A3528C90: changes role from      null to FOLLOWER at term 0 for startAsFollower
2019-09-29 11:17:56,672 [pool-57-thread-1] INFO  impl.RoleInfo (RoleInfo.java:updateAndGet(143)) - 0015d375-f015-45cc-a030-fcc01a4a8fbf: start FollowerState
2019-09-29 11:17:56,673 [pool-57-thread-1] INFO  util.JmxRegister (JmxRegister.java:tryRegister(44)) - Successfully registered JMX Bean with object name Ratis:service=RaftServer,group=group-C9A2A3528C90,id=0015d375-f015-45cc-a030-fcc01a4a8fbf
2019-09-29 11:17:56,690 [RatisPipelineUtilsThread] INFO  pipeline.PipelineStateManager (PipelineStateManager.java:addPipeline(56)) - Created pipeline Pipeline[ Id: 49acddfa-36a1-4413-8a0e-c9a2a3528c90, Nodes: 0015d375-f015-45cc-a030-fcc01a4a8fbf{ip: 192.168.30.19, host: pr-hdds-1569-lsfh5-224679870, networkLocation: /default-rack, certSerialId: null}, Type:RATIS, Factor:ONE, State:OPEN]
2019-09-29 11:17:56,695 [RatisPipelineUtilsThread] ERROR pipeline.SCMPipelineManager (SCMPipelineManager.java:createPipeline(188)) - Pipeline creation failed.
org.apache.hadoop.hdds.scm.exceptions.SCMException: Cannot create pipeline of factor 1 using 0 nodes.
	at org.apache.hadoop.hdds.scm.pipeline.RatisPipelineProvider.pickNodesNeverUsed(RatisPipelineProvider.java:113)
	at org.apache.hadoop.hdds.scm.pipeline.RatisPipelineProvider.create(RatisPipelineProvider.java:125)
	at org.apache.hadoop.hdds.scm.pipeline.PipelineFactory.create(PipelineFactory.java:58)
	at org.apache.hadoop.hdds.scm.pipeline.SCMPipelineManager.createPipeline(SCMPipelineManager.java:179)
	at org.apache.hadoop.hdds.scm.pipeline.BackgroundPipelineCreator.createPipelines(BackgroundPipelineCreator.java:100)
	at java.util.concurrent.Executors$RunnableAdapter.call(Executors.java:511)
	at java.util.concurrent.FutureTask.run(FutureTask.java:266)
	at java.util.concurrent.ScheduledThreadPoolExecutor$ScheduledFutureTask.access$201(ScheduledThreadPoolExecutor.java:180)
	at java.util.concurrent.ScheduledThreadPoolExecutor$ScheduledFutureTask.run(ScheduledThreadPoolExecutor.java:293)
	at java.util.concurrent.ThreadPoolExecutor.runWorker(ThreadPoolExecutor.java:1149)
	at java.util.concurrent.ThreadPoolExecutor$Worker.run(ThreadPoolExecutor.java:624)
	at java.lang.Thread.run(Thread.java:748)
2019-09-29 11:17:56,736 [grpc-default-executor-2] INFO  impl.RaftServerProxy (RaftServerProxy.java:addNew(89)) - 16f9aea5-9974-4547-813d-50b5e9cbac2d: addNew group-3B8C7B1EF025:[d87f90a9-3605-42ff-a73f-b54839b7ec6f:192.168.30.19:44039, 16f9aea5-9974-4547-813d-50b5e9cbac2d:192.168.30.19:34925, 813e8ff3-5a9d-4177-a3ce-ff3f7795e702:192.168.30.19:38815] returns group-3B8C7B1EF025:java.util.concurrent.CompletableFuture@1b2c9fdc[Not completed]
2019-09-29 11:17:56,738 [grpc-default-executor-2] INFO  impl.RaftServerProxy (RaftServerProxy.java:addNew(89)) - d87f90a9-3605-42ff-a73f-b54839b7ec6f: addNew group-3B8C7B1EF025:[d87f90a9-3605-42ff-a73f-b54839b7ec6f:192.168.30.19:44039, 16f9aea5-9974-4547-813d-50b5e9cbac2d:192.168.30.19:34925, 813e8ff3-5a9d-4177-a3ce-ff3f7795e702:192.168.30.19:38815] returns group-3B8C7B1EF025:java.util.concurrent.CompletableFuture@2afd4775[Not completed]
2019-09-29 11:17:56,741 [grpc-default-executor-1] INFO  impl.RaftServerProxy (RaftServerProxy.java:addNew(89)) - 813e8ff3-5a9d-4177-a3ce-ff3f7795e702: addNew group-3B8C7B1EF025:[d87f90a9-3605-42ff-a73f-b54839b7ec6f:192.168.30.19:44039, 16f9aea5-9974-4547-813d-50b5e9cbac2d:192.168.30.19:34925, 813e8ff3-5a9d-4177-a3ce-ff3f7795e702:192.168.30.19:38815] returns group-3B8C7B1EF025:java.util.concurrent.CompletableFuture@3b3d6d24[Not completed]
2019-09-29 11:17:56,742 [pool-77-thread-1] INFO  impl.RaftServerImpl (RaftServerImpl.java:<init>(95)) - 16f9aea5-9974-4547-813d-50b5e9cbac2d: new RaftServerImpl for group-3B8C7B1EF025:[d87f90a9-3605-42ff-a73f-b54839b7ec6f:192.168.30.19:44039, 16f9aea5-9974-4547-813d-50b5e9cbac2d:192.168.30.19:34925, 813e8ff3-5a9d-4177-a3ce-ff3f7795e702:192.168.30.19:38815] with ContainerStateMachine:uninitialized
2019-09-29 11:17:56,742 [pool-77-thread-1] INFO  server.RaftServerConfigKeys (ConfUtils.java:logGet(43)) - raft.server.rpc.timeout.min = 5s (custom)
2019-09-29 11:17:56,742 [pool-77-thread-1] INFO  server.RaftServerConfigKeys (ConfUtils.java:logGet(43)) - raft.server.rpc.timeout.max = 5200ms (custom)
2019-09-29 11:17:56,743 [pool-77-thread-1] INFO  server.RaftServerConfigKeys (ConfUtils.java:logGet(43)) - raft.server.rpcslowness.timeout = 120s (custom)
2019-09-29 11:17:56,743 [pool-47-thread-1] INFO  impl.RaftServerImpl (RaftServerImpl.java:<init>(95)) - 813e8ff3-5a9d-4177-a3ce-ff3f7795e702: new RaftServerImpl for group-3B8C7B1EF025:[d87f90a9-3605-42ff-a73f-b54839b7ec6f:192.168.30.19:44039, 16f9aea5-9974-4547-813d-50b5e9cbac2d:192.168.30.19:34925, 813e8ff3-5a9d-4177-a3ce-ff3f7795e702:192.168.30.19:38815] with ContainerStateMachine:uninitialized
2019-09-29 11:17:56,743 [pool-77-thread-1] INFO  server.RaftServerConfigKeys (ConfUtils.java:logGet(43)) - raft.server.sleep.deviation.threshold = 300 (default)
2019-09-29 11:17:56,743 [pool-47-thread-1] INFO  server.RaftServerConfigKeys (ConfUtils.java:logGet(43)) - raft.server.rpc.timeout.min = 5s (custom)
2019-09-29 11:17:56,743 [pool-77-thread-1] INFO  server.RaftServerConfigKeys (ConfUtils.java:logGet(43)) - raft.server.log.appender.install.snapshot.enabled = false (custom)
2019-09-29 11:17:56,743 [pool-47-thread-1] INFO  server.RaftServerConfigKeys (ConfUtils.java:logGet(43)) - raft.server.rpc.timeout.max = 5200ms (custom)
2019-09-29 11:17:56,743 [pool-77-thread-1] INFO  impl.RaftServerImpl (ServerState.java:<init>(103)) - 16f9aea5-9974-4547-813d-50b5e9cbac2d@group-3B8C7B1EF025: ConfigurationManager, init=-1: [d87f90a9-3605-42ff-a73f-b54839b7ec6f:192.168.30.19:44039, 16f9aea5-9974-4547-813d-50b5e9cbac2d:192.168.30.19:34925, 813e8ff3-5a9d-4177-a3ce-ff3f7795e702:192.168.30.19:38815], old=null, confs=<EMPTY_MAP>
2019-09-29 11:17:56,744 [pool-47-thread-1] INFO  server.RaftServerConfigKeys (ConfUtils.java:logGet(43)) - raft.server.rpcslowness.timeout = 120s (custom)
2019-09-29 11:17:56,743 [pool-37-thread-1] INFO  impl.RaftServerImpl (RaftServerImpl.java:<init>(95)) - d87f90a9-3605-42ff-a73f-b54839b7ec6f: new RaftServerImpl for group-3B8C7B1EF025:[d87f90a9-3605-42ff-a73f-b54839b7ec6f:192.168.30.19:44039, 16f9aea5-9974-4547-813d-50b5e9cbac2d:192.168.30.19:34925, 813e8ff3-5a9d-4177-a3ce-ff3f7795e702:192.168.30.19:38815] with ContainerStateMachine:uninitialized
2019-09-29 11:17:56,744 [pool-47-thread-1] INFO  server.RaftServerConfigKeys (ConfUtils.java:logGet(43)) - raft.server.sleep.deviation.threshold = 300 (default)
2019-09-29 11:17:56,744 [pool-77-thread-1] INFO  server.RaftServerConfigKeys (ConfUtils.java:logGet(43)) - raft.server.storage.dir = [/workdir/hadoop-ozone/integration-test/target/test-dir/MiniOzoneClusterImpl-9adecfa3-4693-4b3b-b175-846bdd8f8c06/datanode-5/data/ratis] (custom)
2019-09-29 11:17:56,744 [pool-47-thread-1] INFO  server.RaftServerConfigKeys (ConfUtils.java:logGet(43)) - raft.server.log.appender.install.snapshot.enabled = false (custom)
2019-09-29 11:17:56,744 [pool-37-thread-1] INFO  server.RaftServerConfigKeys (ConfUtils.java:logGet(43)) - raft.server.rpc.timeout.min = 5s (custom)
2019-09-29 11:17:56,744 [pool-47-thread-1] INFO  impl.RaftServerImpl (ServerState.java:<init>(103)) - 813e8ff3-5a9d-4177-a3ce-ff3f7795e702@group-3B8C7B1EF025: ConfigurationManager, init=-1: [d87f90a9-3605-42ff-a73f-b54839b7ec6f:192.168.30.19:44039, 16f9aea5-9974-4547-813d-50b5e9cbac2d:192.168.30.19:34925, 813e8ff3-5a9d-4177-a3ce-ff3f7795e702:192.168.30.19:38815], old=null, confs=<EMPTY_MAP>
2019-09-29 11:17:56,744 [pool-37-thread-1] INFO  server.RaftServerConfigKeys (ConfUtils.java:logGet(43)) - raft.server.rpc.timeout.max = 5200ms (custom)
2019-09-29 11:17:56,745 [pool-47-thread-1] INFO  server.RaftServerConfigKeys (ConfUtils.java:logGet(43)) - raft.server.storage.dir = [/workdir/hadoop-ozone/integration-test/target/test-dir/MiniOzoneClusterImpl-9adecfa3-4693-4b3b-b175-846bdd8f8c06/datanode-2/data/ratis] (custom)
2019-09-29 11:17:56,745 [pool-77-thread-1] INFO  storage.RaftStorageDirectory (RaftStorageDirectory.java:analyzeStorage(246)) - The storage directory /workdir/hadoop-ozone/integration-test/target/test-dir/MiniOzoneClusterImpl-9adecfa3-4693-4b3b-b175-846bdd8f8c06/datanode-5/data/ratis/52951f0b-3bb2-4c3e-b5f0-3b8c7b1ef025 does not exist. Creating ...
2019-09-29 11:17:56,745 [pool-37-thread-1] INFO  server.RaftServerConfigKeys (ConfUtils.java:logGet(43)) - raft.server.rpcslowness.timeout = 120s (custom)
2019-09-29 11:17:56,745 [pool-47-thread-1] INFO  storage.RaftStorageDirectory (RaftStorageDirectory.java:analyzeStorage(246)) - The storage directory /workdir/hadoop-ozone/integration-test/target/test-dir/MiniOzoneClusterImpl-9adecfa3-4693-4b3b-b175-846bdd8f8c06/datanode-2/data/ratis/52951f0b-3bb2-4c3e-b5f0-3b8c7b1ef025 does not exist. Creating ...
2019-09-29 11:17:56,745 [pool-37-thread-1] INFO  server.RaftServerConfigKeys (ConfUtils.java:logGet(43)) - raft.server.sleep.deviation.threshold = 300 (default)
2019-09-29 11:17:56,745 [pool-37-thread-1] INFO  server.RaftServerConfigKeys (ConfUtils.java:logGet(43)) - raft.server.log.appender.install.snapshot.enabled = false (custom)
2019-09-29 11:17:56,745 [pool-37-thread-1] INFO  impl.RaftServerImpl (ServerState.java:<init>(103)) - d87f90a9-3605-42ff-a73f-b54839b7ec6f@group-3B8C7B1EF025: ConfigurationManager, init=-1: [d87f90a9-3605-42ff-a73f-b54839b7ec6f:192.168.30.19:44039, 16f9aea5-9974-4547-813d-50b5e9cbac2d:192.168.30.19:34925, 813e8ff3-5a9d-4177-a3ce-ff3f7795e702:192.168.30.19:38815], old=null, confs=<EMPTY_MAP>
2019-09-29 11:17:56,745 [pool-37-thread-1] INFO  server.RaftServerConfigKeys (ConfUtils.java:logGet(43)) - raft.server.storage.dir = [/workdir/hadoop-ozone/integration-test/target/test-dir/MiniOzoneClusterImpl-9adecfa3-4693-4b3b-b175-846bdd8f8c06/datanode-1/data/ratis] (custom)
2019-09-29 11:17:56,746 [pool-37-thread-1] INFO  storage.RaftStorageDirectory (RaftStorageDirectory.java:analyzeStorage(246)) - The storage directory /workdir/hadoop-ozone/integration-test/target/test-dir/MiniOzoneClusterImpl-9adecfa3-4693-4b3b-b175-846bdd8f8c06/datanode-1/data/ratis/52951f0b-3bb2-4c3e-b5f0-3b8c7b1ef025 does not exist. Creating ...
2019-09-29 11:17:56,773 [pool-47-thread-1] INFO  storage.RaftStorageDirectory (RaftStorageDirectory.java:tryLock(328)) - Lock on /workdir/hadoop-ozone/integration-test/target/test-dir/MiniOzoneClusterImpl-9adecfa3-4693-4b3b-b175-846bdd8f8c06/datanode-2/data/ratis/52951f0b-3bb2-4c3e-b5f0-3b8c7b1ef025/in_use.lock acquired by nodename 31535@pr-hdds-1569-lsfh5-224679870
2019-09-29 11:17:56,774 [pool-77-thread-1] INFO  storage.RaftStorageDirectory (RaftStorageDirectory.java:tryLock(328)) - Lock on /workdir/hadoop-ozone/integration-test/target/test-dir/MiniOzoneClusterImpl-9adecfa3-4693-4b3b-b175-846bdd8f8c06/datanode-5/data/ratis/52951f0b-3bb2-4c3e-b5f0-3b8c7b1ef025/in_use.lock acquired by nodename 31535@pr-hdds-1569-lsfh5-224679870
2019-09-29 11:17:56,774 [pool-37-thread-1] INFO  storage.RaftStorageDirectory (RaftStorageDirectory.java:tryLock(328)) - Lock on /workdir/hadoop-ozone/integration-test/target/test-dir/MiniOzoneClusterImpl-9adecfa3-4693-4b3b-b175-846bdd8f8c06/datanode-1/data/ratis/52951f0b-3bb2-4c3e-b5f0-3b8c7b1ef025/in_use.lock acquired by nodename 31535@pr-hdds-1569-lsfh5-224679870
2019-09-29 11:17:56,800 [pool-47-thread-1] INFO  storage.RaftStorage (RaftStorage.java:format(72)) - Storage directory /workdir/hadoop-ozone/integration-test/target/test-dir/MiniOzoneClusterImpl-9adecfa3-4693-4b3b-b175-846bdd8f8c06/datanode-2/data/ratis/52951f0b-3bb2-4c3e-b5f0-3b8c7b1ef025 has been successfully formatted.
2019-09-29 11:17:56,800 [pool-37-thread-1] INFO  storage.RaftStorage (RaftStorage.java:format(72)) - Storage directory /workdir/hadoop-ozone/integration-test/target/test-dir/MiniOzoneClusterImpl-9adecfa3-4693-4b3b-b175-846bdd8f8c06/datanode-1/data/ratis/52951f0b-3bb2-4c3e-b5f0-3b8c7b1ef025 has been successfully formatted.
2019-09-29 11:17:56,800 [pool-77-thread-1] INFO  storage.RaftStorage (RaftStorage.java:format(72)) - Storage directory /workdir/hadoop-ozone/integration-test/target/test-dir/MiniOzoneClusterImpl-9adecfa3-4693-4b3b-b175-846bdd8f8c06/datanode-5/data/ratis/52951f0b-3bb2-4c3e-b5f0-3b8c7b1ef025 has been successfully formatted.
2019-09-29 11:17:56,800 [pool-47-thread-1] INFO  ratis.ContainerStateMachine (ContainerStateMachine.java:loadSnapshot(230)) - group-3B8C7B1EF025: The snapshot info is null. Setting the last applied indexto:(t:0, i:~)
2019-09-29 11:17:56,800 [pool-37-thread-1] INFO  ratis.ContainerStateMachine (ContainerStateMachine.java:loadSnapshot(230)) - group-3B8C7B1EF025: The snapshot info is null. Setting the last applied indexto:(t:0, i:~)
2019-09-29 11:17:56,801 [pool-47-thread-1] INFO  server.RaftServerConfigKeys (ConfUtils.java:logGet(43)) - raft.server.notification.no-leader.timeout = 120s (custom)
2019-09-29 11:17:56,800 [pool-77-thread-1] INFO  ratis.ContainerStateMachine (ContainerStateMachine.java:loadSnapshot(230)) - group-3B8C7B1EF025: The snapshot info is null. Setting the last applied indexto:(t:0, i:~)
2019-09-29 11:17:56,801 [pool-47-thread-1] INFO  server.RaftServerConfigKeys (ConfUtils.java:logGet(43)) - raft.server.log.use.memory = false (default)
2019-09-29 11:17:56,801 [pool-37-thread-1] INFO  server.RaftServerConfigKeys (ConfUtils.java:logGet(43)) - raft.server.notification.no-leader.timeout = 120s (custom)
2019-09-29 11:17:56,801 [pool-47-thread-1] INFO  server.RaftServerConfigKeys (ConfUtils.java:logGet(43)) - raft.server.log.purge.gap = 1000000 (custom)
2019-09-29 11:17:56,801 [pool-77-thread-1] INFO  server.RaftServerConfigKeys (ConfUtils.java:logGet(43)) - raft.server.notification.no-leader.timeout = 120s (custom)
2019-09-29 11:17:56,801 [pool-47-thread-1] INFO  server.RaftServerConfigKeys (ConfUtils.java:logGet(43)) - raft.server.log.appender.buffer.byte-limit = 33554432 (custom)
2019-09-29 11:17:56,801 [pool-37-thread-1] INFO  server.RaftServerConfigKeys (ConfUtils.java:logGet(43)) - raft.server.log.use.memory = false (default)
2019-09-29 11:17:56,802 [pool-47-thread-1] INFO  server.RaftServerConfigKeys (ConfUtils.java:logGet(43)) - raft.server.log.segment.size.max = 1048576 (custom)
2019-09-29 11:17:56,802 [pool-77-thread-1] INFO  server.RaftServerConfigKeys (ConfUtils.java:logGet(43)) - raft.server.log.use.memory = false (default)
2019-09-29 11:17:56,802 [pool-47-thread-1] INFO  server.RaftServerConfigKeys (ConfUtils.java:logGet(43)) - raft.server.log.segment.cache.num.max = 2 (custom)
2019-09-29 11:17:56,802 [pool-37-thread-1] INFO  server.RaftServerConfigKeys (ConfUtils.java:logGet(43)) - raft.server.log.purge.gap = 1000000 (custom)
2019-09-29 11:17:56,802 [pool-47-thread-1] INFO  segmented.SegmentedRaftLogWorker (SegmentedRaftLogWorker.java:<init>(172)) - new 813e8ff3-5a9d-4177-a3ce-ff3f7795e702@group-3B8C7B1EF025-SegmentedRaftLogWorker for RaftStorage:Storage Directory /workdir/hadoop-ozone/integration-test/target/test-dir/MiniOzoneClusterImpl-9adecfa3-4693-4b3b-b175-846bdd8f8c06/datanode-2/data/ratis/52951f0b-3bb2-4c3e-b5f0-3b8c7b1ef025
2019-09-29 11:17:56,802 [pool-77-thread-1] INFO  server.RaftServerConfigKeys (ConfUtils.java:logGet(43)) - raft.server.log.purge.gap = 1000000 (custom)
2019-09-29 11:17:56,803 [pool-47-thread-1] INFO  server.RaftServerConfigKeys (ConfUtils.java:logGet(43)) - raft.server.log.queue.byte-limit = 2147483647 (custom)
2019-09-29 11:17:56,803 [pool-37-thread-1] INFO  server.RaftServerConfigKeys (ConfUtils.java:logGet(43)) - raft.server.log.appender.buffer.byte-limit = 33554432 (custom)
2019-09-29 11:17:56,803 [pool-47-thread-1] INFO  server.RaftServerConfigKeys (ConfUtils.java:logGet(43)) - raft.server.log.queue.element-limit = 1024 (custom)
2019-09-29 11:17:56,803 [pool-77-thread-1] INFO  server.RaftServerConfigKeys (ConfUtils.java:logGet(43)) - raft.server.log.appender.buffer.byte-limit = 33554432 (custom)
2019-09-29 11:17:56,804 [pool-47-thread-1] INFO  server.RaftServerConfigKeys (ConfUtils.java:logGet(43)) - raft.server.log.segment.size.max = 1048576 (custom)
2019-09-29 11:17:56,804 [pool-47-thread-1] INFO  server.RaftServerConfigKeys (ConfUtils.java:logGet(43)) - raft.server.log.preallocated.size = 16384 (custom)
2019-09-29 11:17:56,803 [pool-37-thread-1] INFO  server.RaftServerConfigKeys (ConfUtils.java:logGet(43)) - raft.server.log.segment.size.max = 1048576 (custom)
2019-09-29 11:17:56,804 [pool-47-thread-1] INFO  server.RaftServerConfigKeys (ConfUtils.java:logGet(43)) - raft.server.log.write.buffer.size = 33554432 (custom)
2019-09-29 11:17:56,804 [pool-77-thread-1] INFO  server.RaftServerConfigKeys (ConfUtils.java:logGet(43)) - raft.server.log.segment.size.max = 1048576 (custom)
2019-09-29 11:17:56,804 [pool-47-thread-1] INFO  server.RaftServerConfigKeys (ConfUtils.java:logGet(43)) - raft.server.log.force.sync.num = 128 (default)
2019-09-29 11:17:56,804 [pool-37-thread-1] INFO  server.RaftServerConfigKeys (ConfUtils.java:logGet(43)) - raft.server.log.segment.cache.num.max = 2 (custom)
2019-09-29 11:17:56,805 [pool-47-thread-1] INFO  server.RaftServerConfigKeys (ConfUtils.java:logGet(43)) - raft.server.log.statemachine.data.sync = true (default)
2019-09-29 11:17:56,805 [pool-77-thread-1] INFO  server.RaftServerConfigKeys (ConfUtils.java:logGet(43)) - raft.server.log.segment.cache.num.max = 2 (custom)
2019-09-29 11:17:56,805 [pool-47-thread-1] INFO  server.RaftServerConfigKeys (ConfUtils.java:logGet(43)) - raft.server.log.statemachine.data.sync.timeout = 10s (default)
2019-09-29 11:17:56,805 [pool-37-thread-1] INFO  segmented.SegmentedRaftLogWorker (SegmentedRaftLogWorker.java:<init>(172)) - new d87f90a9-3605-42ff-a73f-b54839b7ec6f@group-3B8C7B1EF025-SegmentedRaftLogWorker for RaftStorage:Storage Directory /workdir/hadoop-ozone/integration-test/target/test-dir/MiniOzoneClusterImpl-9adecfa3-4693-4b3b-b175-846bdd8f8c06/datanode-1/data/ratis/52951f0b-3bb2-4c3e-b5f0-3b8c7b1ef025
2019-09-29 11:17:56,805 [pool-47-thread-1] INFO  server.RaftServerConfigKeys (ConfUtils.java:logGet(43)) - raft.server.log.statemachine.data.sync.timeout.retry = -1 (default)
2019-09-29 11:17:56,805 [pool-77-thread-1] INFO  segmented.SegmentedRaftLogWorker (SegmentedRaftLogWorker.java:<init>(172)) - new 16f9aea5-9974-4547-813d-50b5e9cbac2d@group-3B8C7B1EF025-SegmentedRaftLogWorker for RaftStorage:Storage Directory /workdir/hadoop-ozone/integration-test/target/test-dir/MiniOzoneClusterImpl-9adecfa3-4693-4b3b-b175-846bdd8f8c06/datanode-5/data/ratis/52951f0b-3bb2-4c3e-b5f0-3b8c7b1ef025
2019-09-29 11:17:56,806 [pool-47-thread-1] INFO  server.RaftServerConfigKeys (ConfUtils.java:logGet(43)) - raft.server.log.statemachine.data.caching.enabled = true (custom)
2019-09-29 11:17:56,806 [pool-37-thread-1] INFO  server.RaftServerConfigKeys (ConfUtils.java:logGet(43)) - raft.server.log.queue.byte-limit = 2147483647 (custom)
2019-09-29 11:17:56,806 [pool-77-thread-1] INFO  server.RaftServerConfigKeys (ConfUtils.java:logGet(43)) - raft.server.log.queue.byte-limit = 2147483647 (custom)
2019-09-29 11:17:56,806 [pool-37-thread-1] INFO  server.RaftServerConfigKeys (ConfUtils.java:logGet(43)) - raft.server.log.queue.element-limit = 1024 (custom)
2019-09-29 11:17:56,806 [pool-47-thread-1] INFO  segmented.SegmentedRaftLogWorker (SegmentedRaftLogWorker.java:lambda$new$0(132)) - 813e8ff3-5a9d-4177-a3ce-ff3f7795e702@group-3B8C7B1EF025-SegmentedRaftLogWorker: flushIndex: setUnconditionally 0 -> -1
2019-09-29 11:17:56,807 [pool-37-thread-1] INFO  server.RaftServerConfigKeys (ConfUtils.java:logGet(43)) - raft.server.log.segment.size.max = 1048576 (custom)
2019-09-29 11:17:56,806 [pool-77-thread-1] INFO  server.RaftServerConfigKeys (ConfUtils.java:logGet(43)) - raft.server.log.queue.element-limit = 1024 (custom)
2019-09-29 11:17:56,807 [pool-47-thread-1] INFO  server.RaftServerConfigKeys (ConfUtils.java:logGet(43)) - raft.server.snapshot.auto.trigger.enabled = true (custom)
2019-09-29 11:17:56,807 [pool-37-thread-1] INFO  server.RaftServerConfigKeys (ConfUtils.java:logGet(43)) - raft.server.log.preallocated.size = 16384 (custom)
2019-09-29 11:17:56,807 [pool-47-thread-1] INFO  server.RaftServerConfigKeys (ConfUtils.java:logGet(43)) - raft.server.snapshot.auto.trigger.threshold = 10000 (custom)
2019-09-29 11:17:56,807 [pool-77-thread-1] INFO  server.RaftServerConfigKeys (ConfUtils.java:logGet(43)) - raft.server.log.segment.size.max = 1048576 (custom)
2019-09-29 11:17:56,808 [pool-47-thread-1] INFO  server.RaftServerConfigKeys (ConfUtils.java:logGet(43)) - raft.server.snapshot.retention.num.files = 5 (custom)
2019-09-29 11:17:56,808 [pool-37-thread-1] INFO  server.RaftServerConfigKeys (ConfUtils.java:logGet(43)) - raft.server.log.write.buffer.size = 33554432 (custom)
2019-09-29 11:17:56,808 [pool-47-thread-1] INFO  server.RaftServerConfigKeys (ConfUtils.java:logGet(43)) - raft.server.retrycache.expirytime = 600000ms (custom)
2019-09-29 11:17:56,808 [pool-77-thread-1] INFO  server.RaftServerConfigKeys (ConfUtils.java:logGet(43)) - raft.server.log.preallocated.size = 16384 (custom)
2019-09-29 11:17:56,808 [pool-37-thread-1] INFO  server.RaftServerConfigKeys (ConfUtils.java:logGet(43)) - raft.server.log.force.sync.num = 128 (default)
2019-09-29 11:17:56,809 [pool-77-thread-1] INFO  server.RaftServerConfigKeys (ConfUtils.java:logGet(43)) - raft.server.log.write.buffer.size = 33554432 (custom)
2019-09-29 11:17:56,809 [pool-37-thread-1] INFO  server.RaftServerConfigKeys (ConfUtils.java:logGet(43)) - raft.server.log.statemachine.data.sync = true (default)
2019-09-29 11:17:56,809 [pool-77-thread-1] INFO  server.RaftServerConfigKeys (ConfUtils.java:logGet(43)) - raft.server.log.force.sync.num = 128 (default)
2019-09-29 11:17:56,809 [pool-37-thread-1] INFO  server.RaftServerConfigKeys (ConfUtils.java:logGet(43)) - raft.server.log.statemachine.data.sync.timeout = 10s (default)
2019-09-29 11:17:56,809 [pool-77-thread-1] INFO  server.RaftServerConfigKeys (ConfUtils.java:logGet(43)) - raft.server.log.statemachine.data.sync = true (default)
2019-09-29 11:17:56,810 [pool-37-thread-1] INFO  server.RaftServerConfigKeys (ConfUtils.java:logGet(43)) - raft.server.log.statemachine.data.sync.timeout.retry = -1 (default)
2019-09-29 11:17:56,810 [pool-77-thread-1] INFO  server.RaftServerConfigKeys (ConfUtils.java:logGet(43)) - raft.server.log.statemachine.data.sync.timeout = 10s (default)
2019-09-29 11:17:56,810 [pool-37-thread-1] INFO  server.RaftServerConfigKeys (ConfUtils.java:logGet(43)) - raft.server.log.statemachine.data.caching.enabled = true (custom)
2019-09-29 11:17:56,810 [pool-77-thread-1] INFO  server.RaftServerConfigKeys (ConfUtils.java:logGet(43)) - raft.server.log.statemachine.data.sync.timeout.retry = -1 (default)
2019-09-29 11:17:56,811 [pool-37-thread-1] INFO  segmented.SegmentedRaftLogWorker (SegmentedRaftLogWorker.java:lambda$new$0(132)) - d87f90a9-3605-42ff-a73f-b54839b7ec6f@group-3B8C7B1EF025-SegmentedRaftLogWorker: flushIndex: setUnconditionally 0 -> -1
2019-09-29 11:17:56,811 [pool-77-thread-1] INFO  server.RaftServerConfigKeys (ConfUtils.java:logGet(43)) - raft.server.log.statemachine.data.caching.enabled = true (custom)
2019-09-29 11:17:56,811 [pool-37-thread-1] INFO  server.RaftServerConfigKeys (ConfUtils.java:logGet(43)) - raft.server.snapshot.auto.trigger.enabled = true (custom)
2019-09-29 11:17:56,811 [pool-77-thread-1] INFO  segmented.SegmentedRaftLogWorker (SegmentedRaftLogWorker.java:lambda$new$0(132)) - 16f9aea5-9974-4547-813d-50b5e9cbac2d@group-3B8C7B1EF025-SegmentedRaftLogWorker: flushIndex: setUnconditionally 0 -> -1
2019-09-29 11:17:56,811 [pool-37-thread-1] INFO  server.RaftServerConfigKeys (ConfUtils.java:logGet(43)) - raft.server.snapshot.auto.trigger.threshold = 10000 (custom)
2019-09-29 11:17:56,811 [pool-47-thread-1] INFO  impl.RaftServerImpl (RaftServerImpl.java:start(185)) - 813e8ff3-5a9d-4177-a3ce-ff3f7795e702@group-3B8C7B1EF025: start as a follower, conf=-1: [d87f90a9-3605-42ff-a73f-b54839b7ec6f:192.168.30.19:44039, 16f9aea5-9974-4547-813d-50b5e9cbac2d:192.168.30.19:34925, 813e8ff3-5a9d-4177-a3ce-ff3f7795e702:192.168.30.19:38815], old=null
2019-09-29 11:17:56,811 [pool-37-thread-1] INFO  server.RaftServerConfigKeys (ConfUtils.java:logGet(43)) - raft.server.snapshot.retention.num.files = 5 (custom)
2019-09-29 11:17:56,811 [pool-77-thread-1] INFO  server.RaftServerConfigKeys (ConfUtils.java:logGet(43)) - raft.server.snapshot.auto.trigger.enabled = true (custom)
2019-09-29 11:17:56,812 [pool-47-thread-1] INFO  impl.RaftServerImpl (RaftServerImpl.java:setRole(174)) - 813e8ff3-5a9d-4177-a3ce-ff3f7795e702@group-3B8C7B1EF025: changes role from      null to FOLLOWER at term 0 for startAsFollower
2019-09-29 11:17:56,812 [pool-77-thread-1] INFO  server.RaftServerConfigKeys (ConfUtils.java:logGet(43)) - raft.server.snapshot.auto.trigger.threshold = 10000 (custom)
2019-09-29 11:17:56,812 [pool-37-thread-1] INFO  server.RaftServerConfigKeys (ConfUtils.java:logGet(43)) - raft.server.retrycache.expirytime = 600000ms (custom)
2019-09-29 11:17:56,812 [pool-77-thread-1] INFO  server.RaftServerConfigKeys (ConfUtils.java:logGet(43)) - raft.server.snapshot.retention.num.files = 5 (custom)
2019-09-29 11:17:56,812 [pool-47-thread-1] INFO  impl.RoleInfo (RoleInfo.java:updateAndGet(143)) - 813e8ff3-5a9d-4177-a3ce-ff3f7795e702: start FollowerState
2019-09-29 11:17:56,813 [pool-77-thread-1] INFO  server.RaftServerConfigKeys (ConfUtils.java:logGet(43)) - raft.server.retrycache.expirytime = 600000ms (custom)
2019-09-29 11:17:56,813 [pool-47-thread-1] INFO  util.JmxRegister (JmxRegister.java:tryRegister(44)) - Successfully registered JMX Bean with object name Ratis:service=RaftServer,group=group-3B8C7B1EF025,id=813e8ff3-5a9d-4177-a3ce-ff3f7795e702
2019-09-29 11:17:56,825 [pool-37-thread-1] INFO  impl.RaftServerImpl (RaftServerImpl.java:start(185)) - d87f90a9-3605-42ff-a73f-b54839b7ec6f@group-3B8C7B1EF025: start as a follower, conf=-1: [d87f90a9-3605-42ff-a73f-b54839b7ec6f:192.168.30.19:44039, 16f9aea5-9974-4547-813d-50b5e9cbac2d:192.168.30.19:34925, 813e8ff3-5a9d-4177-a3ce-ff3f7795e702:192.168.30.19:38815], old=null
2019-09-29 11:17:56,825 [pool-37-thread-1] INFO  impl.RaftServerImpl (RaftServerImpl.java:setRole(174)) - d87f90a9-3605-42ff-a73f-b54839b7ec6f@group-3B8C7B1EF025: changes role from      null to FOLLOWER at term 0 for startAsFollower
2019-09-29 11:17:56,825 [pool-77-thread-1] INFO  impl.RaftServerImpl (RaftServerImpl.java:start(185)) - 16f9aea5-9974-4547-813d-50b5e9cbac2d@group-3B8C7B1EF025: start as a follower, conf=-1: [d87f90a9-3605-42ff-a73f-b54839b7ec6f:192.168.30.19:44039, 16f9aea5-9974-4547-813d-50b5e9cbac2d:192.168.30.19:34925, 813e8ff3-5a9d-4177-a3ce-ff3f7795e702:192.168.30.19:38815], old=null
2019-09-29 11:17:56,825 [pool-37-thread-1] INFO  impl.RoleInfo (RoleInfo.java:updateAndGet(143)) - d87f90a9-3605-42ff-a73f-b54839b7ec6f: start FollowerState
2019-09-29 11:17:56,826 [pool-77-thread-1] INFO  impl.RaftServerImpl (RaftServerImpl.java:setRole(174)) - 16f9aea5-9974-4547-813d-50b5e9cbac2d@group-3B8C7B1EF025: changes role from      null to FOLLOWER at term 0 for startAsFollower
2019-09-29 11:17:56,826 [pool-77-thread-1] INFO  impl.RoleInfo (RoleInfo.java:updateAndGet(143)) - 16f9aea5-9974-4547-813d-50b5e9cbac2d: start FollowerState
2019-09-29 11:17:56,826 [pool-37-thread-1] INFO  util.JmxRegister (JmxRegister.java:tryRegister(44)) - Successfully registered JMX Bean with object name Ratis:service=RaftServer,group=group-3B8C7B1EF025,id=d87f90a9-3605-42ff-a73f-b54839b7ec6f
2019-09-29 11:17:56,826 [pool-77-thread-1] INFO  util.JmxRegister (JmxRegister.java:tryRegister(44)) - Successfully registered JMX Bean with object name Ratis:service=RaftServer,group=group-3B8C7B1EF025,id=16f9aea5-9974-4547-813d-50b5e9cbac2d
2019-09-29 11:17:56,850 [RatisPipelineUtilsThread] INFO  pipeline.PipelineStateManager (PipelineStateManager.java:addPipeline(56)) - Created pipeline Pipeline[ Id: 52951f0b-3bb2-4c3e-b5f0-3b8c7b1ef025, Nodes: d87f90a9-3605-42ff-a73f-b54839b7ec6f{ip: 192.168.30.19, host: pr-hdds-1569-lsfh5-224679870, networkLocation: /default-rack, certSerialId: null}16f9aea5-9974-4547-813d-50b5e9cbac2d{ip: 192.168.30.19, host: pr-hdds-1569-lsfh5-224679870, networkLocation: /default-rack, certSerialId: null}813e8ff3-5a9d-4177-a3ce-ff3f7795e702{ip: 192.168.30.19, host: pr-hdds-1569-lsfh5-224679870, networkLocation: /default-rack, certSerialId: null}, Type:RATIS, Factor:THREE, State:OPEN]
2019-09-29 11:17:56,885 [grpc-default-executor-0] INFO  impl.RaftServerProxy (RaftServerProxy.java:addNew(89)) - 16f9aea5-9974-4547-813d-50b5e9cbac2d: addNew group-BE528AA980C6:[d87f90a9-3605-42ff-a73f-b54839b7ec6f:192.168.30.19:44039, 16f9aea5-9974-4547-813d-50b5e9cbac2d:192.168.30.19:34925, 813e8ff3-5a9d-4177-a3ce-ff3f7795e702:192.168.30.19:38815] returns group-BE528AA980C6:java.util.concurrent.CompletableFuture@1c7f67c6[Not completed]
2019-09-29 11:17:56,886 [grpc-default-executor-1] INFO  impl.RaftServerProxy (RaftServerProxy.java:addNew(89)) - d87f90a9-3605-42ff-a73f-b54839b7ec6f: addNew group-BE528AA980C6:[d87f90a9-3605-42ff-a73f-b54839b7ec6f:192.168.30.19:44039, 16f9aea5-9974-4547-813d-50b5e9cbac2d:192.168.30.19:34925, 813e8ff3-5a9d-4177-a3ce-ff3f7795e702:192.168.30.19:38815] returns group-BE528AA980C6:java.util.concurrent.CompletableFuture@7a00671f[Not completed]
2019-09-29 11:17:56,889 [grpc-default-executor-0] INFO  impl.RaftServerProxy (RaftServerProxy.java:addNew(89)) - 813e8ff3-5a9d-4177-a3ce-ff3f7795e702: addNew group-BE528AA980C6:[d87f90a9-3605-42ff-a73f-b54839b7ec6f:192.168.30.19:44039, 16f9aea5-9974-4547-813d-50b5e9cbac2d:192.168.30.19:34925, 813e8ff3-5a9d-4177-a3ce-ff3f7795e702:192.168.30.19:38815] returns group-BE528AA980C6:java.util.concurrent.CompletableFuture@1f1f66f8[Not completed]
2019-09-29 11:17:56,891 [pool-77-thread-1] INFO  impl.RaftServerImpl (RaftServerImpl.java:<init>(95)) - 16f9aea5-9974-4547-813d-50b5e9cbac2d: new RaftServerImpl for group-BE528AA980C6:[d87f90a9-3605-42ff-a73f-b54839b7ec6f:192.168.30.19:44039, 16f9aea5-9974-4547-813d-50b5e9cbac2d:192.168.30.19:34925, 813e8ff3-5a9d-4177-a3ce-ff3f7795e702:192.168.30.19:38815] with ContainerStateMachine:uninitialized
2019-09-29 11:17:56,891 [pool-77-thread-1] INFO  server.RaftServerConfigKeys (ConfUtils.java:logGet(43)) - raft.server.rpc.timeout.min = 5s (custom)
2019-09-29 11:17:56,891 [pool-77-thread-1] INFO  server.RaftServerConfigKeys (ConfUtils.java:logGet(43)) - raft.server.rpc.timeout.max = 5200ms (custom)
2019-09-29 11:17:56,891 [pool-77-thread-1] INFO  server.RaftServerConfigKeys (ConfUtils.java:logGet(43)) - raft.server.rpcslowness.timeout = 120s (custom)
2019-09-29 11:17:56,891 [pool-77-thread-1] INFO  server.RaftServerConfigKeys (ConfUtils.java:logGet(43)) - raft.server.sleep.deviation.threshold = 300 (default)
2019-09-29 11:17:56,892 [pool-77-thread-1] INFO  server.RaftServerConfigKeys (ConfUtils.java:logGet(43)) - raft.server.log.appender.install.snapshot.enabled = false (custom)
2019-09-29 11:17:56,892 [pool-77-thread-1] INFO  impl.RaftServerImpl (ServerState.java:<init>(103)) - 16f9aea5-9974-4547-813d-50b5e9cbac2d@group-BE528AA980C6: ConfigurationManager, init=-1: [d87f90a9-3605-42ff-a73f-b54839b7ec6f:192.168.30.19:44039, 16f9aea5-9974-4547-813d-50b5e9cbac2d:192.168.30.19:34925, 813e8ff3-5a9d-4177-a3ce-ff3f7795e702:192.168.30.19:38815], old=null, confs=<EMPTY_MAP>
2019-09-29 11:17:56,892 [pool-77-thread-1] INFO  server.RaftServerConfigKeys (ConfUtils.java:logGet(43)) - raft.server.storage.dir = [/workdir/hadoop-ozone/integration-test/target/test-dir/MiniOzoneClusterImpl-9adecfa3-4693-4b3b-b175-846bdd8f8c06/datanode-5/data/ratis] (custom)
2019-09-29 11:17:56,892 [pool-47-thread-1] INFO  impl.RaftServerImpl (RaftServerImpl.java:<init>(95)) - 813e8ff3-5a9d-4177-a3ce-ff3f7795e702: new RaftServerImpl for group-BE528AA980C6:[d87f90a9-3605-42ff-a73f-b54839b7ec6f:192.168.30.19:44039, 16f9aea5-9974-4547-813d-50b5e9cbac2d:192.168.30.19:34925, 813e8ff3-5a9d-4177-a3ce-ff3f7795e702:192.168.30.19:38815] with ContainerStateMachine:uninitialized
2019-09-29 11:17:56,893 [pool-77-thread-1] INFO  storage.RaftStorageDirectory (RaftStorageDirectory.java:analyzeStorage(246)) - The storage directory /workdir/hadoop-ozone/integration-test/target/test-dir/MiniOzoneClusterImpl-9adecfa3-4693-4b3b-b175-846bdd8f8c06/datanode-5/data/ratis/374d0a6a-022b-4a73-8d4f-be528aa980c6 does not exist. Creating ...
2019-09-29 11:17:56,893 [pool-47-thread-1] INFO  server.RaftServerConfigKeys (ConfUtils.java:logGet(43)) - raft.server.rpc.timeout.min = 5s (custom)
2019-09-29 11:17:56,893 [pool-47-thread-1] INFO  server.RaftServerConfigKeys (ConfUtils.java:logGet(43)) - raft.server.rpc.timeout.max = 5200ms (custom)
2019-09-29 11:17:56,893 [pool-47-thread-1] INFO  server.RaftServerConfigKeys (ConfUtils.java:logGet(43)) - raft.server.rpcslowness.timeout = 120s (custom)
2019-09-29 11:17:56,893 [pool-47-thread-1] INFO  server.RaftServerConfigKeys (ConfUtils.java:logGet(43)) - raft.server.sleep.deviation.threshold = 300 (default)
2019-09-29 11:17:56,894 [pool-47-thread-1] INFO  server.RaftServerConfigKeys (ConfUtils.java:logGet(43)) - raft.server.log.appender.install.snapshot.enabled = false (custom)
2019-09-29 11:17:56,894 [pool-47-thread-1] INFO  impl.RaftServerImpl (ServerState.java:<init>(103)) - 813e8ff3-5a9d-4177-a3ce-ff3f7795e702@group-BE528AA980C6: ConfigurationManager, init=-1: [d87f90a9-3605-42ff-a73f-b54839b7ec6f:192.168.30.19:44039, 16f9aea5-9974-4547-813d-50b5e9cbac2d:192.168.30.19:34925, 813e8ff3-5a9d-4177-a3ce-ff3f7795e702:192.168.30.19:38815], old=null, confs=<EMPTY_MAP>
2019-09-29 11:17:56,894 [pool-37-thread-1] INFO  impl.RaftServerImpl (RaftServerImpl.java:<init>(95)) - d87f90a9-3605-42ff-a73f-b54839b7ec6f: new RaftServerImpl for group-BE528AA980C6:[d87f90a9-3605-42ff-a73f-b54839b7ec6f:192.168.30.19:44039, 16f9aea5-9974-4547-813d-50b5e9cbac2d:192.168.30.19:34925, 813e8ff3-5a9d-4177-a3ce-ff3f7795e702:192.168.30.19:38815] with ContainerStateMachine:uninitialized
2019-09-29 11:17:56,894 [pool-47-thread-1] INFO  server.RaftServerConfigKeys (ConfUtils.java:logGet(43)) - raft.server.storage.dir = [/workdir/hadoop-ozone/integration-test/target/test-dir/MiniOzoneClusterImpl-9adecfa3-4693-4b3b-b175-846bdd8f8c06/datanode-2/data/ratis] (custom)
2019-09-29 11:17:56,894 [pool-37-thread-1] INFO  server.RaftServerConfigKeys (ConfUtils.java:logGet(43)) - raft.server.rpc.timeout.min = 5s (custom)
2019-09-29 11:17:56,894 [pool-37-thread-1] INFO  server.RaftServerConfigKeys (ConfUtils.java:logGet(43)) - raft.server.rpc.timeout.max = 5200ms (custom)
2019-09-29 11:17:56,895 [pool-47-thread-1] INFO  storage.RaftStorageDirectory (RaftStorageDirectory.java:analyzeStorage(246)) - The storage directory /workdir/hadoop-ozone/integration-test/target/test-dir/MiniOzoneClusterImpl-9adecfa3-4693-4b3b-b175-846bdd8f8c06/datanode-2/data/ratis/374d0a6a-022b-4a73-8d4f-be528aa980c6 does not exist. Creating ...
2019-09-29 11:17:56,895 [pool-37-thread-1] INFO  server.RaftServerConfigKeys (ConfUtils.java:logGet(43)) - raft.server.rpcslowness.timeout = 120s (custom)
2019-09-29 11:17:56,895 [pool-37-thread-1] INFO  server.RaftServerConfigKeys (ConfUtils.java:logGet(43)) - raft.server.sleep.deviation.threshold = 300 (default)
2019-09-29 11:17:56,895 [pool-37-thread-1] INFO  server.RaftServerConfigKeys (ConfUtils.java:logGet(43)) - raft.server.log.appender.install.snapshot.enabled = false (custom)
2019-09-29 11:17:56,895 [pool-37-thread-1] INFO  impl.RaftServerImpl (ServerState.java:<init>(103)) - d87f90a9-3605-42ff-a73f-b54839b7ec6f@group-BE528AA980C6: ConfigurationManager, init=-1: [d87f90a9-3605-42ff-a73f-b54839b7ec6f:192.168.30.19:44039, 16f9aea5-9974-4547-813d-50b5e9cbac2d:192.168.30.19:34925, 813e8ff3-5a9d-4177-a3ce-ff3f7795e702:192.168.30.19:38815], old=null, confs=<EMPTY_MAP>
2019-09-29 11:17:56,896 [pool-37-thread-1] INFO  server.RaftServerConfigKeys (ConfUtils.java:logGet(43)) - raft.server.storage.dir = [/workdir/hadoop-ozone/integration-test/target/test-dir/MiniOzoneClusterImpl-9adecfa3-4693-4b3b-b175-846bdd8f8c06/datanode-1/data/ratis] (custom)
2019-09-29 11:17:56,896 [pool-37-thread-1] INFO  storage.RaftStorageDirectory (RaftStorageDirectory.java:analyzeStorage(246)) - The storage directory /workdir/hadoop-ozone/integration-test/target/test-dir/MiniOzoneClusterImpl-9adecfa3-4693-4b3b-b175-846bdd8f8c06/datanode-1/data/ratis/374d0a6a-022b-4a73-8d4f-be528aa980c6 does not exist. Creating ...
2019-09-29 11:17:56,917 [pool-47-thread-1] INFO  storage.RaftStorageDirectory (RaftStorageDirectory.java:tryLock(328)) - Lock on /workdir/hadoop-ozone/integration-test/target/test-dir/MiniOzoneClusterImpl-9adecfa3-4693-4b3b-b175-846bdd8f8c06/datanode-2/data/ratis/374d0a6a-022b-4a73-8d4f-be528aa980c6/in_use.lock acquired by nodename 31535@pr-hdds-1569-lsfh5-224679870
2019-09-29 11:17:56,917 [pool-77-thread-1] INFO  storage.RaftStorageDirectory (RaftStorageDirectory.java:tryLock(328)) - Lock on /workdir/hadoop-ozone/integration-test/target/test-dir/MiniOzoneClusterImpl-9adecfa3-4693-4b3b-b175-846bdd8f8c06/datanode-5/data/ratis/374d0a6a-022b-4a73-8d4f-be528aa980c6/in_use.lock acquired by nodename 31535@pr-hdds-1569-lsfh5-224679870
2019-09-29 11:17:56,917 [pool-37-thread-1] INFO  storage.RaftStorageDirectory (RaftStorageDirectory.java:tryLock(328)) - Lock on /workdir/hadoop-ozone/integration-test/target/test-dir/MiniOzoneClusterImpl-9adecfa3-4693-4b3b-b175-846bdd8f8c06/datanode-1/data/ratis/374d0a6a-022b-4a73-8d4f-be528aa980c6/in_use.lock acquired by nodename 31535@pr-hdds-1569-lsfh5-224679870
2019-09-29 11:17:56,943 [pool-77-thread-1] INFO  storage.RaftStorage (RaftStorage.java:format(72)) - Storage directory /workdir/hadoop-ozone/integration-test/target/test-dir/MiniOzoneClusterImpl-9adecfa3-4693-4b3b-b175-846bdd8f8c06/datanode-5/data/ratis/374d0a6a-022b-4a73-8d4f-be528aa980c6 has been successfully formatted.
2019-09-29 11:17:56,943 [pool-47-thread-1] INFO  storage.RaftStorage (RaftStorage.java:format(72)) - Storage directory /workdir/hadoop-ozone/integration-test/target/test-dir/MiniOzoneClusterImpl-9adecfa3-4693-4b3b-b175-846bdd8f8c06/datanode-2/data/ratis/374d0a6a-022b-4a73-8d4f-be528aa980c6 has been successfully formatted.
2019-09-29 11:17:56,943 [pool-37-thread-1] INFO  storage.RaftStorage (RaftStorage.java:format(72)) - Storage directory /workdir/hadoop-ozone/integration-test/target/test-dir/MiniOzoneClusterImpl-9adecfa3-4693-4b3b-b175-846bdd8f8c06/datanode-1/data/ratis/374d0a6a-022b-4a73-8d4f-be528aa980c6 has been successfully formatted.
2019-09-29 11:17:56,943 [pool-77-thread-1] INFO  ratis.ContainerStateMachine (ContainerStateMachine.java:loadSnapshot(230)) - group-BE528AA980C6: The snapshot info is null. Setting the last applied indexto:(t:0, i:~)
2019-09-29 11:17:56,943 [pool-37-thread-1] INFO  ratis.ContainerStateMachine (ContainerStateMachine.java:loadSnapshot(230)) - group-BE528AA980C6: The snapshot info is null. Setting the last applied indexto:(t:0, i:~)
2019-09-29 11:17:56,943 [pool-47-thread-1] INFO  ratis.ContainerStateMachine (ContainerStateMachine.java:loadSnapshot(230)) - group-BE528AA980C6: The snapshot info is null. Setting the last applied indexto:(t:0, i:~)
2019-09-29 11:17:56,944 [pool-37-thread-1] INFO  server.RaftServerConfigKeys (ConfUtils.java:logGet(43)) - raft.server.notification.no-leader.timeout = 120s (custom)
2019-09-29 11:17:56,944 [pool-77-thread-1] INFO  server.RaftServerConfigKeys (ConfUtils.java:logGet(43)) - raft.server.notification.no-leader.timeout = 120s (custom)
2019-09-29 11:17:56,944 [pool-37-thread-1] INFO  server.RaftServerConfigKeys (ConfUtils.java:logGet(43)) - raft.server.log.use.memory = false (default)
2019-09-29 11:17:56,944 [pool-47-thread-1] INFO  server.RaftServerConfigKeys (ConfUtils.java:logGet(43)) - raft.server.notification.no-leader.timeout = 120s (custom)
2019-09-29 11:17:56,944 [pool-37-thread-1] INFO  server.RaftServerConfigKeys (ConfUtils.java:logGet(43)) - raft.server.log.purge.gap = 1000000 (custom)
2019-09-29 11:17:56,944 [pool-77-thread-1] INFO  server.RaftServerConfigKeys (ConfUtils.java:logGet(43)) - raft.server.log.use.memory = false (default)
2019-09-29 11:17:56,944 [pool-37-thread-1] INFO  server.RaftServerConfigKeys (ConfUtils.java:logGet(43)) - raft.server.log.appender.buffer.byte-limit = 33554432 (custom)
2019-09-29 11:17:56,944 [pool-47-thread-1] INFO  server.RaftServerConfigKeys (ConfUtils.java:logGet(43)) - raft.server.log.use.memory = false (default)
2019-09-29 11:17:56,945 [pool-37-thread-1] INFO  server.RaftServerConfigKeys (ConfUtils.java:logGet(43)) - raft.server.log.segment.size.max = 1048576 (custom)
2019-09-29 11:17:56,945 [pool-77-thread-1] INFO  server.RaftServerConfigKeys (ConfUtils.java:logGet(43)) - raft.server.log.purge.gap = 1000000 (custom)
2019-09-29 11:17:56,945 [pool-37-thread-1] INFO  server.RaftServerConfigKeys (ConfUtils.java:logGet(43)) - raft.server.log.segment.cache.num.max = 2 (custom)
2019-09-29 11:17:56,945 [pool-37-thread-1] INFO  segmented.SegmentedRaftLogWorker (SegmentedRaftLogWorker.java:<init>(172)) - new d87f90a9-3605-42ff-a73f-b54839b7ec6f@group-BE528AA980C6-SegmentedRaftLogWorker for RaftStorage:Storage Directory /workdir/hadoop-ozone/integration-test/target/test-dir/MiniOzoneClusterImpl-9adecfa3-4693-4b3b-b175-846bdd8f8c06/datanode-1/data/ratis/374d0a6a-022b-4a73-8d4f-be528aa980c6
2019-09-29 11:17:56,945 [pool-47-thread-1] INFO  server.RaftServerConfigKeys (ConfUtils.java:logGet(43)) - raft.server.log.purge.gap = 1000000 (custom)
2019-09-29 11:17:56,946 [pool-37-thread-1] INFO  server.RaftServerConfigKeys (ConfUtils.java:logGet(43)) - raft.server.log.queue.byte-limit = 2147483647 (custom)
2019-09-29 11:17:56,945 [pool-77-thread-1] INFO  server.RaftServerConfigKeys (ConfUtils.java:logGet(43)) - raft.server.log.appender.buffer.byte-limit = 33554432 (custom)
2019-09-29 11:17:56,946 [pool-37-thread-1] INFO  server.RaftServerConfigKeys (ConfUtils.java:logGet(43)) - raft.server.log.queue.element-limit = 1024 (custom)
2019-09-29 11:17:56,946 [pool-47-thread-1] INFO  server.RaftServerConfigKeys (ConfUtils.java:logGet(43)) - raft.server.log.appender.buffer.byte-limit = 33554432 (custom)
2019-09-29 11:17:56,946 [pool-37-thread-1] INFO  server.RaftServerConfigKeys (ConfUtils.java:logGet(43)) - raft.server.log.segment.size.max = 1048576 (custom)
2019-09-29 11:17:56,946 [pool-77-thread-1] INFO  server.RaftServerConfigKeys (ConfUtils.java:logGet(43)) - raft.server.log.segment.size.max = 1048576 (custom)
2019-09-29 11:17:56,947 [pool-37-thread-1] INFO  server.RaftServerConfigKeys (ConfUtils.java:logGet(43)) - raft.server.log.preallocated.size = 16384 (custom)
2019-09-29 11:17:56,947 [pool-47-thread-1] INFO  server.RaftServerConfigKeys (ConfUtils.java:logGet(43)) - raft.server.log.segment.size.max = 1048576 (custom)
2019-09-29 11:17:56,947 [pool-37-thread-1] INFO  server.RaftServerConfigKeys (ConfUtils.java:logGet(43)) - raft.server.log.write.buffer.size = 33554432 (custom)
2019-09-29 11:17:56,947 [pool-77-thread-1] INFO  server.RaftServerConfigKeys (ConfUtils.java:logGet(43)) - raft.server.log.segment.cache.num.max = 2 (custom)
2019-09-29 11:17:56,947 [pool-37-thread-1] INFO  server.RaftServerConfigKeys (ConfUtils.java:logGet(43)) - raft.server.log.force.sync.num = 128 (default)
2019-09-29 11:17:56,947 [pool-47-thread-1] INFO  server.RaftServerConfigKeys (ConfUtils.java:logGet(43)) - raft.server.log.segment.cache.num.max = 2 (custom)
2019-09-29 11:17:56,948 [pool-37-thread-1] INFO  server.RaftServerConfigKeys (ConfUtils.java:logGet(43)) - raft.server.log.statemachine.data.sync = true (default)
2019-09-29 11:17:56,948 [pool-77-thread-1] INFO  segmented.SegmentedRaftLogWorker (SegmentedRaftLogWorker.java:<init>(172)) - new 16f9aea5-9974-4547-813d-50b5e9cbac2d@group-BE528AA980C6-SegmentedRaftLogWorker for RaftStorage:Storage Directory /workdir/hadoop-ozone/integration-test/target/test-dir/MiniOzoneClusterImpl-9adecfa3-4693-4b3b-b175-846bdd8f8c06/datanode-5/data/ratis/374d0a6a-022b-4a73-8d4f-be528aa980c6
2019-09-29 11:17:56,948 [pool-37-thread-1] INFO  server.RaftServerConfigKeys (ConfUtils.java:logGet(43)) - raft.server.log.statemachine.data.sync.timeout = 10s (default)
2019-09-29 11:17:56,948 [pool-37-thread-1] INFO  server.RaftServerConfigKeys (ConfUtils.java:logGet(43)) - raft.server.log.statemachine.data.sync.timeout.retry = -1 (default)
2019-09-29 11:17:56,948 [pool-47-thread-1] INFO  segmented.SegmentedRaftLogWorker (SegmentedRaftLogWorker.java:<init>(172)) - new 813e8ff3-5a9d-4177-a3ce-ff3f7795e702@group-BE528AA980C6-SegmentedRaftLogWorker for RaftStorage:Storage Directory /workdir/hadoop-ozone/integration-test/target/test-dir/MiniOzoneClusterImpl-9adecfa3-4693-4b3b-b175-846bdd8f8c06/datanode-2/data/ratis/374d0a6a-022b-4a73-8d4f-be528aa980c6
2019-09-29 11:17:56,948 [pool-37-thread-1] INFO  server.RaftServerConfigKeys (ConfUtils.java:logGet(43)) - raft.server.log.statemachine.data.caching.enabled = true (custom)
2019-09-29 11:17:56,948 [pool-77-thread-1] INFO  server.RaftServerConfigKeys (ConfUtils.java:logGet(43)) - raft.server.log.queue.byte-limit = 2147483647 (custom)
2019-09-29 11:17:56,949 [pool-47-thread-1] INFO  server.RaftServerConfigKeys (ConfUtils.java:logGet(43)) - raft.server.log.queue.byte-limit = 2147483647 (custom)
2019-09-29 11:17:56,949 [pool-77-thread-1] INFO  server.RaftServerConfigKeys (ConfUtils.java:logGet(43)) - raft.server.log.queue.element-limit = 1024 (custom)
2019-09-29 11:17:56,949 [pool-37-thread-1] INFO  segmented.SegmentedRaftLogWorker (SegmentedRaftLogWorker.java:lambda$new$0(132)) - d87f90a9-3605-42ff-a73f-b54839b7ec6f@group-BE528AA980C6-SegmentedRaftLogWorker: flushIndex: setUnconditionally 0 -> -1
2019-09-29 11:17:56,949 [pool-77-thread-1] INFO  server.RaftServerConfigKeys (ConfUtils.java:logGet(43)) - raft.server.log.segment.size.max = 1048576 (custom)
2019-09-29 11:17:56,949 [pool-47-thread-1] INFO  server.RaftServerConfigKeys (ConfUtils.java:logGet(43)) - raft.server.log.queue.element-limit = 1024 (custom)
2019-09-29 11:17:56,950 [pool-37-thread-1] INFO  server.RaftServerConfigKeys (ConfUtils.java:logGet(43)) - raft.server.snapshot.auto.trigger.enabled = true (custom)
2019-09-29 11:17:56,950 [pool-77-thread-1] INFO  server.RaftServerConfigKeys (ConfUtils.java:logGet(43)) - raft.server.log.preallocated.size = 16384 (custom)
2019-09-29 11:17:56,950 [pool-47-thread-1] INFO  server.RaftServerConfigKeys (ConfUtils.java:logGet(43)) - raft.server.log.segment.size.max = 1048576 (custom)
2019-09-29 11:17:56,950 [pool-37-thread-1] INFO  server.RaftServerConfigKeys (ConfUtils.java:logGet(43)) - raft.server.snapshot.auto.trigger.threshold = 10000 (custom)
2019-09-29 11:17:56,950 [pool-47-thread-1] INFO  server.RaftServerConfigKeys (ConfUtils.java:logGet(43)) - raft.server.log.preallocated.size = 16384 (custom)
2019-09-29 11:17:56,950 [pool-77-thread-1] INFO  server.RaftServerConfigKeys (ConfUtils.java:logGet(43)) - raft.server.log.write.buffer.size = 33554432 (custom)
2019-09-29 11:17:56,951 [pool-47-thread-1] INFO  server.RaftServerConfigKeys (ConfUtils.java:logGet(43)) - raft.server.log.write.buffer.size = 33554432 (custom)
2019-09-29 11:17:56,950 [pool-37-thread-1] INFO  server.RaftServerConfigKeys (ConfUtils.java:logGet(43)) - raft.server.snapshot.retention.num.files = 5 (custom)
2019-09-29 11:17:56,951 [pool-47-thread-1] INFO  server.RaftServerConfigKeys (ConfUtils.java:logGet(43)) - raft.server.log.force.sync.num = 128 (default)
2019-09-29 11:17:56,951 [pool-77-thread-1] INFO  server.RaftServerConfigKeys (ConfUtils.java:logGet(43)) - raft.server.log.force.sync.num = 128 (default)
2019-09-29 11:17:56,951 [pool-47-thread-1] INFO  server.RaftServerConfigKeys (ConfUtils.java:logGet(43)) - raft.server.log.statemachine.data.sync = true (default)
2019-09-29 11:17:56,951 [pool-37-thread-1] INFO  server.RaftServerConfigKeys (ConfUtils.java:logGet(43)) - raft.server.retrycache.expirytime = 600000ms (custom)
2019-09-29 11:17:56,952 [pool-47-thread-1] INFO  server.RaftServerConfigKeys (ConfUtils.java:logGet(43)) - raft.server.log.statemachine.data.sync.timeout = 10s (default)
2019-09-29 11:17:56,951 [pool-77-thread-1] INFO  server.RaftServerConfigKeys (ConfUtils.java:logGet(43)) - raft.server.log.statemachine.data.sync = true (default)
2019-09-29 11:17:56,952 [pool-47-thread-1] INFO  server.RaftServerConfigKeys (ConfUtils.java:logGet(43)) - raft.server.log.statemachine.data.sync.timeout.retry = -1 (default)
2019-09-29 11:17:56,952 [pool-77-thread-1] INFO  server.RaftServerConfigKeys (ConfUtils.java:logGet(43)) - raft.server.log.statemachine.data.sync.timeout = 10s (default)
2019-09-29 11:17:56,952 [pool-47-thread-1] INFO  server.RaftServerConfigKeys (ConfUtils.java:logGet(43)) - raft.server.log.statemachine.data.caching.enabled = true (custom)
2019-09-29 11:17:56,953 [pool-77-thread-1] INFO  server.RaftServerConfigKeys (ConfUtils.java:logGet(43)) - raft.server.log.statemachine.data.sync.timeout.retry = -1 (default)
2019-09-29 11:17:56,953 [pool-77-thread-1] INFO  server.RaftServerConfigKeys (ConfUtils.java:logGet(43)) - raft.server.log.statemachine.data.caching.enabled = true (custom)
2019-09-29 11:17:56,953 [pool-47-thread-1] INFO  segmented.SegmentedRaftLogWorker (SegmentedRaftLogWorker.java:lambda$new$0(132)) - 813e8ff3-5a9d-4177-a3ce-ff3f7795e702@group-BE528AA980C6-SegmentedRaftLogWorker: flushIndex: setUnconditionally 0 -> -1
2019-09-29 11:17:56,953 [pool-77-thread-1] INFO  segmented.SegmentedRaftLogWorker (SegmentedRaftLogWorker.java:lambda$new$0(132)) - 16f9aea5-9974-4547-813d-50b5e9cbac2d@group-BE528AA980C6-SegmentedRaftLogWorker: flushIndex: setUnconditionally 0 -> -1
2019-09-29 11:17:56,954 [pool-47-thread-1] INFO  server.RaftServerConfigKeys (ConfUtils.java:logGet(43)) - raft.server.snapshot.auto.trigger.enabled = true (custom)
2019-09-29 11:17:56,954 [pool-47-thread-1] INFO  server.RaftServerConfigKeys (ConfUtils.java:logGet(43)) - raft.server.snapshot.auto.trigger.threshold = 10000 (custom)
2019-09-29 11:17:56,954 [pool-77-thread-1] INFO  server.RaftServerConfigKeys (ConfUtils.java:logGet(43)) - raft.server.snapshot.auto.trigger.enabled = true (custom)
2019-09-29 11:17:56,954 [pool-47-thread-1] INFO  server.RaftServerConfigKeys (ConfUtils.java:logGet(43)) - raft.server.snapshot.retention.num.files = 5 (custom)
2019-09-29 11:17:56,954 [pool-77-thread-1] INFO  server.RaftServerConfigKeys (ConfUtils.java:logGet(43)) - raft.server.snapshot.auto.trigger.threshold = 10000 (custom)
2019-09-29 11:17:56,954 [pool-47-thread-1] INFO  server.RaftServerConfigKeys (ConfUtils.java:logGet(43)) - raft.server.retrycache.expirytime = 600000ms (custom)
2019-09-29 11:17:56,954 [pool-77-thread-1] INFO  server.RaftServerConfigKeys (ConfUtils.java:logGet(43)) - raft.server.snapshot.retention.num.files = 5 (custom)
2019-09-29 11:17:56,955 [pool-37-thread-1] INFO  impl.RaftServerImpl (RaftServerImpl.java:start(185)) - d87f90a9-3605-42ff-a73f-b54839b7ec6f@group-BE528AA980C6: start as a follower, conf=-1: [d87f90a9-3605-42ff-a73f-b54839b7ec6f:192.168.30.19:44039, 16f9aea5-9974-4547-813d-50b5e9cbac2d:192.168.30.19:34925, 813e8ff3-5a9d-4177-a3ce-ff3f7795e702:192.168.30.19:38815], old=null
2019-09-29 11:17:56,955 [pool-37-thread-1] INFO  impl.RaftServerImpl (RaftServerImpl.java:setRole(174)) - d87f90a9-3605-42ff-a73f-b54839b7ec6f@group-BE528AA980C6: changes role from      null to FOLLOWER at term 0 for startAsFollower
2019-09-29 11:17:56,955 [pool-77-thread-1] INFO  server.RaftServerConfigKeys (ConfUtils.java:logGet(43)) - raft.server.retrycache.expirytime = 600000ms (custom)
2019-09-29 11:17:56,955 [pool-37-thread-1] INFO  impl.RoleInfo (RoleInfo.java:updateAndGet(143)) - d87f90a9-3605-42ff-a73f-b54839b7ec6f: start FollowerState
2019-09-29 11:17:56,955 [pool-37-thread-1] INFO  util.JmxRegister (JmxRegister.java:tryRegister(44)) - Successfully registered JMX Bean with object name Ratis:service=RaftServer,group=group-BE528AA980C6,id=d87f90a9-3605-42ff-a73f-b54839b7ec6f
2019-09-29 11:17:56,964 [pool-47-thread-1] INFO  impl.RaftServerImpl (RaftServerImpl.java:start(185)) - 813e8ff3-5a9d-4177-a3ce-ff3f7795e702@group-BE528AA980C6: start as a follower, conf=-1: [d87f90a9-3605-42ff-a73f-b54839b7ec6f:192.168.30.19:44039, 16f9aea5-9974-4547-813d-50b5e9cbac2d:192.168.30.19:34925, 813e8ff3-5a9d-4177-a3ce-ff3f7795e702:192.168.30.19:38815], old=null
2019-09-29 11:17:56,964 [pool-47-thread-1] INFO  impl.RaftServerImpl (RaftServerImpl.java:setRole(174)) - 813e8ff3-5a9d-4177-a3ce-ff3f7795e702@group-BE528AA980C6: changes role from      null to FOLLOWER at term 0 for startAsFollower
2019-09-29 11:17:56,966 [pool-47-thread-1] INFO  impl.RoleInfo (RoleInfo.java:updateAndGet(143)) - 813e8ff3-5a9d-4177-a3ce-ff3f7795e702: start FollowerState
2019-09-29 11:17:56,966 [pool-77-thread-1] INFO  impl.RaftServerImpl (RaftServerImpl.java:start(185)) - 16f9aea5-9974-4547-813d-50b5e9cbac2d@group-BE528AA980C6: start as a follower, conf=-1: [d87f90a9-3605-42ff-a73f-b54839b7ec6f:192.168.30.19:44039, 16f9aea5-9974-4547-813d-50b5e9cbac2d:192.168.30.19:34925, 813e8ff3-5a9d-4177-a3ce-ff3f7795e702:192.168.30.19:38815], old=null
2019-09-29 11:17:56,966 [pool-77-thread-1] INFO  impl.RaftServerImpl (RaftServerImpl.java:setRole(174)) - 16f9aea5-9974-4547-813d-50b5e9cbac2d@group-BE528AA980C6: changes role from      null to FOLLOWER at term 0 for startAsFollower
2019-09-29 11:17:56,966 [pool-47-thread-1] INFO  util.JmxRegister (JmxRegister.java:tryRegister(44)) - Successfully registered JMX Bean with object name Ratis:service=RaftServer,group=group-BE528AA980C6,id=813e8ff3-5a9d-4177-a3ce-ff3f7795e702
2019-09-29 11:17:56,966 [pool-77-thread-1] INFO  impl.RoleInfo (RoleInfo.java:updateAndGet(143)) - 16f9aea5-9974-4547-813d-50b5e9cbac2d: start FollowerState
2019-09-29 11:17:56,967 [pool-77-thread-1] INFO  util.JmxRegister (JmxRegister.java:tryRegister(44)) - Successfully registered JMX Bean with object name Ratis:service=RaftServer,group=group-BE528AA980C6,id=16f9aea5-9974-4547-813d-50b5e9cbac2d
2019-09-29 11:17:56,985 [RatisPipelineUtilsThread] INFO  pipeline.PipelineStateManager (PipelineStateManager.java:addPipeline(56)) - Created pipeline Pipeline[ Id: 374d0a6a-022b-4a73-8d4f-be528aa980c6, Nodes: 16f9aea5-9974-4547-813d-50b5e9cbac2d{ip: 192.168.30.19, host: pr-hdds-1569-lsfh5-224679870, networkLocation: /default-rack, certSerialId: null}813e8ff3-5a9d-4177-a3ce-ff3f7795e702{ip: 192.168.30.19, host: pr-hdds-1569-lsfh5-224679870, networkLocation: /default-rack, certSerialId: null}d87f90a9-3605-42ff-a73f-b54839b7ec6f{ip: 192.168.30.19, host: pr-hdds-1569-lsfh5-224679870, networkLocation: /default-rack, certSerialId: null}, Type:RATIS, Factor:THREE, State:OPEN]
2019-09-29 11:17:57,006 [grpc-default-executor-0] INFO  impl.RaftServerProxy (RaftServerProxy.java:addNew(89)) - 813e8ff3-5a9d-4177-a3ce-ff3f7795e702: addNew group-457A954BF1FF:[d87f90a9-3605-42ff-a73f-b54839b7ec6f:192.168.30.19:44039, 16f9aea5-9974-4547-813d-50b5e9cbac2d:192.168.30.19:34925, 813e8ff3-5a9d-4177-a3ce-ff3f7795e702:192.168.30.19:38815] returns group-457A954BF1FF:java.util.concurrent.CompletableFuture@c8c57c6[Not completed]
2019-09-29 11:17:57,006 [grpc-default-executor-2] INFO  impl.RaftServerProxy (RaftServerProxy.java:addNew(89)) - 16f9aea5-9974-4547-813d-50b5e9cbac2d: addNew group-457A954BF1FF:[d87f90a9-3605-42ff-a73f-b54839b7ec6f:192.168.30.19:44039, 16f9aea5-9974-4547-813d-50b5e9cbac2d:192.168.30.19:34925, 813e8ff3-5a9d-4177-a3ce-ff3f7795e702:192.168.30.19:38815] returns group-457A954BF1FF:java.util.concurrent.CompletableFuture@2d1d14fd[Not completed]
2019-09-29 11:17:57,009 [grpc-default-executor-1] INFO  impl.RaftServerProxy (RaftServerProxy.java:addNew(89)) - d87f90a9-3605-42ff-a73f-b54839b7ec6f: addNew group-457A954BF1FF:[d87f90a9-3605-42ff-a73f-b54839b7ec6f:192.168.30.19:44039, 16f9aea5-9974-4547-813d-50b5e9cbac2d:192.168.30.19:34925, 813e8ff3-5a9d-4177-a3ce-ff3f7795e702:192.168.30.19:38815] returns group-457A954BF1FF:java.util.concurrent.CompletableFuture@1a2f9850[Not completed]
2019-09-29 11:17:57,010 [pool-77-thread-1] INFO  impl.RaftServerImpl (RaftServerImpl.java:<init>(95)) - 16f9aea5-9974-4547-813d-50b5e9cbac2d: new RaftServerImpl for group-457A954BF1FF:[d87f90a9-3605-42ff-a73f-b54839b7ec6f:192.168.30.19:44039, 16f9aea5-9974-4547-813d-50b5e9cbac2d:192.168.30.19:34925, 813e8ff3-5a9d-4177-a3ce-ff3f7795e702:192.168.30.19:38815] with ContainerStateMachine:uninitialized
2019-09-29 11:17:57,010 [pool-77-thread-1] INFO  server.RaftServerConfigKeys (ConfUtils.java:logGet(43)) - raft.server.rpc.timeout.min = 5s (custom)
2019-09-29 11:17:57,011 [pool-77-thread-1] INFO  server.RaftServerConfigKeys (ConfUtils.java:logGet(43)) - raft.server.rpc.timeout.max = 5200ms (custom)
2019-09-29 11:17:57,011 [pool-77-thread-1] INFO  server.RaftServerConfigKeys (ConfUtils.java:logGet(43)) - raft.server.rpcslowness.timeout = 120s (custom)
2019-09-29 11:17:57,011 [pool-77-thread-1] INFO  server.RaftServerConfigKeys (ConfUtils.java:logGet(43)) - raft.server.sleep.deviation.threshold = 300 (default)
2019-09-29 11:17:57,011 [pool-77-thread-1] INFO  server.RaftServerConfigKeys (ConfUtils.java:logGet(43)) - raft.server.log.appender.install.snapshot.enabled = false (custom)
2019-09-29 11:17:57,011 [pool-77-thread-1] INFO  impl.RaftServerImpl (ServerState.java:<init>(103)) - 16f9aea5-9974-4547-813d-50b5e9cbac2d@group-457A954BF1FF: ConfigurationManager, init=-1: [d87f90a9-3605-42ff-a73f-b54839b7ec6f:192.168.30.19:44039, 16f9aea5-9974-4547-813d-50b5e9cbac2d:192.168.30.19:34925, 813e8ff3-5a9d-4177-a3ce-ff3f7795e702:192.168.30.19:38815], old=null, confs=<EMPTY_MAP>
2019-09-29 11:17:57,012 [pool-37-thread-1] INFO  impl.RaftServerImpl (RaftServerImpl.java:<init>(95)) - d87f90a9-3605-42ff-a73f-b54839b7ec6f: new RaftServerImpl for group-457A954BF1FF:[d87f90a9-3605-42ff-a73f-b54839b7ec6f:192.168.30.19:44039, 16f9aea5-9974-4547-813d-50b5e9cbac2d:192.168.30.19:34925, 813e8ff3-5a9d-4177-a3ce-ff3f7795e702:192.168.30.19:38815] with ContainerStateMachine:uninitialized
2019-09-29 11:17:57,012 [pool-77-thread-1] INFO  server.RaftServerConfigKeys (ConfUtils.java:logGet(43)) - raft.server.storage.dir = [/workdir/hadoop-ozone/integration-test/target/test-dir/MiniOzoneClusterImpl-9adecfa3-4693-4b3b-b175-846bdd8f8c06/datanode-5/data/ratis] (custom)
2019-09-29 11:17:57,012 [pool-37-thread-1] INFO  server.RaftServerConfigKeys (ConfUtils.java:logGet(43)) - raft.server.rpc.timeout.min = 5s (custom)
2019-09-29 11:17:57,012 [pool-37-thread-1] INFO  server.RaftServerConfigKeys (ConfUtils.java:logGet(43)) - raft.server.rpc.timeout.max = 5200ms (custom)
2019-09-29 11:17:57,012 [pool-77-thread-1] INFO  storage.RaftStorageDirectory (RaftStorageDirectory.java:analyzeStorage(246)) - The storage directory /workdir/hadoop-ozone/integration-test/target/test-dir/MiniOzoneClusterImpl-9adecfa3-4693-4b3b-b175-846bdd8f8c06/datanode-5/data/ratis/ee592897-d3bf-4c96-a993-457a954bf1ff does not exist. Creating ...
2019-09-29 11:17:57,012 [pool-37-thread-1] INFO  server.RaftServerConfigKeys (ConfUtils.java:logGet(43)) - raft.server.rpcslowness.timeout = 120s (custom)
2019-09-29 11:17:57,012 [pool-37-thread-1] INFO  server.RaftServerConfigKeys (ConfUtils.java:logGet(43)) - raft.server.sleep.deviation.threshold = 300 (default)
2019-09-29 11:17:57,013 [pool-37-thread-1] INFO  server.RaftServerConfigKeys (ConfUtils.java:logGet(43)) - raft.server.log.appender.install.snapshot.enabled = false (custom)
2019-09-29 11:17:57,013 [pool-37-thread-1] INFO  impl.RaftServerImpl (ServerState.java:<init>(103)) - d87f90a9-3605-42ff-a73f-b54839b7ec6f@group-457A954BF1FF: ConfigurationManager, init=-1: [d87f90a9-3605-42ff-a73f-b54839b7ec6f:192.168.30.19:44039, 16f9aea5-9974-4547-813d-50b5e9cbac2d:192.168.30.19:34925, 813e8ff3-5a9d-4177-a3ce-ff3f7795e702:192.168.30.19:38815], old=null, confs=<EMPTY_MAP>
2019-09-29 11:17:57,013 [pool-47-thread-1] INFO  impl.RaftServerImpl (RaftServerImpl.java:<init>(95)) - 813e8ff3-5a9d-4177-a3ce-ff3f7795e702: new RaftServerImpl for group-457A954BF1FF:[d87f90a9-3605-42ff-a73f-b54839b7ec6f:192.168.30.19:44039, 16f9aea5-9974-4547-813d-50b5e9cbac2d:192.168.30.19:34925, 813e8ff3-5a9d-4177-a3ce-ff3f7795e702:192.168.30.19:38815] with ContainerStateMachine:uninitialized
2019-09-29 11:17:57,013 [pool-37-thread-1] INFO  server.RaftServerConfigKeys (ConfUtils.java:logGet(43)) - raft.server.storage.dir = [/workdir/hadoop-ozone/integration-test/target/test-dir/MiniOzoneClusterImpl-9adecfa3-4693-4b3b-b175-846bdd8f8c06/datanode-1/data/ratis] (custom)
2019-09-29 11:17:57,013 [pool-47-thread-1] INFO  server.RaftServerConfigKeys (ConfUtils.java:logGet(43)) - raft.server.rpc.timeout.min = 5s (custom)
2019-09-29 11:17:57,013 [pool-47-thread-1] INFO  server.RaftServerConfigKeys (ConfUtils.java:logGet(43)) - raft.server.rpc.timeout.max = 5200ms (custom)
2019-09-29 11:17:57,014 [pool-37-thread-1] INFO  storage.RaftStorageDirectory (RaftStorageDirectory.java:analyzeStorage(246)) - The storage directory /workdir/hadoop-ozone/integration-test/target/test-dir/MiniOzoneClusterImpl-9adecfa3-4693-4b3b-b175-846bdd8f8c06/datanode-1/data/ratis/ee592897-d3bf-4c96-a993-457a954bf1ff does not exist. Creating ...
2019-09-29 11:17:57,014 [pool-47-thread-1] INFO  server.RaftServerConfigKeys (ConfUtils.java:logGet(43)) - raft.server.rpcslowness.timeout = 120s (custom)
2019-09-29 11:17:57,014 [pool-47-thread-1] INFO  server.RaftServerConfigKeys (ConfUtils.java:logGet(43)) - raft.server.sleep.deviation.threshold = 300 (default)
2019-09-29 11:17:57,014 [pool-47-thread-1] INFO  server.RaftServerConfigKeys (ConfUtils.java:logGet(43)) - raft.server.log.appender.install.snapshot.enabled = false (custom)
2019-09-29 11:17:57,014 [pool-47-thread-1] INFO  impl.RaftServerImpl (ServerState.java:<init>(103)) - 813e8ff3-5a9d-4177-a3ce-ff3f7795e702@group-457A954BF1FF: ConfigurationManager, init=-1: [d87f90a9-3605-42ff-a73f-b54839b7ec6f:192.168.30.19:44039, 16f9aea5-9974-4547-813d-50b5e9cbac2d:192.168.30.19:34925, 813e8ff3-5a9d-4177-a3ce-ff3f7795e702:192.168.30.19:38815], old=null, confs=<EMPTY_MAP>
2019-09-29 11:17:57,014 [pool-47-thread-1] INFO  server.RaftServerConfigKeys (ConfUtils.java:logGet(43)) - raft.server.storage.dir = [/workdir/hadoop-ozone/integration-test/target/test-dir/MiniOzoneClusterImpl-9adecfa3-4693-4b3b-b175-846bdd8f8c06/datanode-2/data/ratis] (custom)
2019-09-29 11:17:57,015 [pool-47-thread-1] INFO  storage.RaftStorageDirectory (RaftStorageDirectory.java:analyzeStorage(246)) - The storage directory /workdir/hadoop-ozone/integration-test/target/test-dir/MiniOzoneClusterImpl-9adecfa3-4693-4b3b-b175-846bdd8f8c06/datanode-2/data/ratis/ee592897-d3bf-4c96-a993-457a954bf1ff does not exist. Creating ...
2019-09-29 11:17:57,035 [pool-47-thread-1] INFO  storage.RaftStorageDirectory (RaftStorageDirectory.java:tryLock(328)) - Lock on /workdir/hadoop-ozone/integration-test/target/test-dir/MiniOzoneClusterImpl-9adecfa3-4693-4b3b-b175-846bdd8f8c06/datanode-2/data/ratis/ee592897-d3bf-4c96-a993-457a954bf1ff/in_use.lock acquired by nodename 31535@pr-hdds-1569-lsfh5-224679870
2019-09-29 11:17:57,035 [pool-77-thread-1] INFO  storage.RaftStorageDirectory (RaftStorageDirectory.java:tryLock(328)) - Lock on /workdir/hadoop-ozone/integration-test/target/test-dir/MiniOzoneClusterImpl-9adecfa3-4693-4b3b-b175-846bdd8f8c06/datanode-5/data/ratis/ee592897-d3bf-4c96-a993-457a954bf1ff/in_use.lock acquired by nodename 31535@pr-hdds-1569-lsfh5-224679870
2019-09-29 11:17:57,035 [pool-37-thread-1] INFO  storage.RaftStorageDirectory (RaftStorageDirectory.java:tryLock(328)) - Lock on /workdir/hadoop-ozone/integration-test/target/test-dir/MiniOzoneClusterImpl-9adecfa3-4693-4b3b-b175-846bdd8f8c06/datanode-1/data/ratis/ee592897-d3bf-4c96-a993-457a954bf1ff/in_use.lock acquired by nodename 31535@pr-hdds-1569-lsfh5-224679870
2019-09-29 11:17:57,061 [pool-77-thread-1] INFO  storage.RaftStorage (RaftStorage.java:format(72)) - Storage directory /workdir/hadoop-ozone/integration-test/target/test-dir/MiniOzoneClusterImpl-9adecfa3-4693-4b3b-b175-846bdd8f8c06/datanode-5/data/ratis/ee592897-d3bf-4c96-a993-457a954bf1ff has been successfully formatted.
2019-09-29 11:17:57,061 [pool-47-thread-1] INFO  storage.RaftStorage (RaftStorage.java:format(72)) - Storage directory /workdir/hadoop-ozone/integration-test/target/test-dir/MiniOzoneClusterImpl-9adecfa3-4693-4b3b-b175-846bdd8f8c06/datanode-2/data/ratis/ee592897-d3bf-4c96-a993-457a954bf1ff has been successfully formatted.
2019-09-29 11:17:57,061 [pool-77-thread-1] INFO  ratis.ContainerStateMachine (ContainerStateMachine.java:loadSnapshot(230)) - group-457A954BF1FF: The snapshot info is null. Setting the last applied indexto:(t:0, i:~)
2019-09-29 11:17:57,061 [pool-37-thread-1] INFO  storage.RaftStorage (RaftStorage.java:format(72)) - Storage directory /workdir/hadoop-ozone/integration-test/target/test-dir/MiniOzoneClusterImpl-9adecfa3-4693-4b3b-b175-846bdd8f8c06/datanode-1/data/ratis/ee592897-d3bf-4c96-a993-457a954bf1ff has been successfully formatted.
2019-09-29 11:17:57,061 [pool-47-thread-1] INFO  ratis.ContainerStateMachine (ContainerStateMachine.java:loadSnapshot(230)) - group-457A954BF1FF: The snapshot info is null. Setting the last applied indexto:(t:0, i:~)
2019-09-29 11:17:57,061 [pool-77-thread-1] INFO  server.RaftServerConfigKeys (ConfUtils.java:logGet(43)) - raft.server.notification.no-leader.timeout = 120s (custom)
2019-09-29 11:17:57,064 [pool-47-thread-1] INFO  server.RaftServerConfigKeys (ConfUtils.java:logGet(43)) - raft.server.notification.no-leader.timeout = 120s (custom)
2019-09-29 11:17:57,064 [pool-37-thread-1] INFO  ratis.ContainerStateMachine (ContainerStateMachine.java:loadSnapshot(230)) - group-457A954BF1FF: The snapshot info is null. Setting the last applied indexto:(t:0, i:~)
2019-09-29 11:17:57,072 [pool-47-thread-1] INFO  server.RaftServerConfigKeys (ConfUtils.java:logGet(43)) - raft.server.log.use.memory = false (default)
2019-09-29 11:17:57,072 [pool-77-thread-1] INFO  server.RaftServerConfigKeys (ConfUtils.java:logGet(43)) - raft.server.log.use.memory = false (default)
2019-09-29 11:17:57,076 [pool-47-thread-1] INFO  server.RaftServerConfigKeys (ConfUtils.java:logGet(43)) - raft.server.log.purge.gap = 1000000 (custom)
2019-09-29 11:17:57,072 [pool-37-thread-1] INFO  server.RaftServerConfigKeys (ConfUtils.java:logGet(43)) - raft.server.notification.no-leader.timeout = 120s (custom)
2019-09-29 11:17:57,083 [pool-47-thread-1] INFO  server.RaftServerConfigKeys (ConfUtils.java:logGet(43)) - raft.server.log.appender.buffer.byte-limit = 33554432 (custom)
2019-09-29 11:17:57,083 [pool-77-thread-1] INFO  server.RaftServerConfigKeys (ConfUtils.java:logGet(43)) - raft.server.log.purge.gap = 1000000 (custom)
2019-09-29 11:17:57,083 [pool-47-thread-1] INFO  server.RaftServerConfigKeys (ConfUtils.java:logGet(43)) - raft.server.log.segment.size.max = 1048576 (custom)
2019-09-29 11:17:57,083 [pool-37-thread-1] INFO  server.RaftServerConfigKeys (ConfUtils.java:logGet(43)) - raft.server.log.use.memory = false (default)
2019-09-29 11:17:57,084 [pool-47-thread-1] INFO  server.RaftServerConfigKeys (ConfUtils.java:logGet(43)) - raft.server.log.segment.cache.num.max = 2 (custom)
2019-09-29 11:17:57,084 [pool-77-thread-1] INFO  server.RaftServerConfigKeys (ConfUtils.java:logGet(43)) - raft.server.log.appender.buffer.byte-limit = 33554432 (custom)
2019-09-29 11:17:57,084 [pool-47-thread-1] INFO  segmented.SegmentedRaftLogWorker (SegmentedRaftLogWorker.java:<init>(172)) - new 813e8ff3-5a9d-4177-a3ce-ff3f7795e702@group-457A954BF1FF-SegmentedRaftLogWorker for RaftStorage:Storage Directory /workdir/hadoop-ozone/integration-test/target/test-dir/MiniOzoneClusterImpl-9adecfa3-4693-4b3b-b175-846bdd8f8c06/datanode-2/data/ratis/ee592897-d3bf-4c96-a993-457a954bf1ff
2019-09-29 11:17:57,084 [pool-37-thread-1] INFO  server.RaftServerConfigKeys (ConfUtils.java:logGet(43)) - raft.server.log.purge.gap = 1000000 (custom)
2019-09-29 11:17:57,085 [pool-47-thread-1] INFO  server.RaftServerConfigKeys (ConfUtils.java:logGet(43)) - raft.server.log.queue.byte-limit = 2147483647 (custom)
2019-09-29 11:17:57,084 [pool-77-thread-1] INFO  server.RaftServerConfigKeys (ConfUtils.java:logGet(43)) - raft.server.log.segment.size.max = 1048576 (custom)
2019-09-29 11:17:57,085 [pool-47-thread-1] INFO  server.RaftServerConfigKeys (ConfUtils.java:logGet(43)) - raft.server.log.queue.element-limit = 1024 (custom)
2019-09-29 11:17:57,085 [pool-37-thread-1] INFO  server.RaftServerConfigKeys (ConfUtils.java:logGet(43)) - raft.server.log.appender.buffer.byte-limit = 33554432 (custom)
2019-09-29 11:17:57,085 [pool-47-thread-1] INFO  server.RaftServerConfigKeys (ConfUtils.java:logGet(43)) - raft.server.log.segment.size.max = 1048576 (custom)
2019-09-29 11:17:57,086 [pool-47-thread-1] INFO  server.RaftServerConfigKeys (ConfUtils.java:logGet(43)) - raft.server.log.preallocated.size = 16384 (custom)
2019-09-29 11:17:57,085 [pool-77-thread-1] INFO  server.RaftServerConfigKeys (ConfUtils.java:logGet(43)) - raft.server.log.segment.cache.num.max = 2 (custom)
2019-09-29 11:17:57,086 [pool-47-thread-1] INFO  server.RaftServerConfigKeys (ConfUtils.java:logGet(43)) - raft.server.log.write.buffer.size = 33554432 (custom)
2019-09-29 11:17:57,086 [pool-37-thread-1] INFO  server.RaftServerConfigKeys (ConfUtils.java:logGet(43)) - raft.server.log.segment.size.max = 1048576 (custom)
2019-09-29 11:17:57,086 [pool-47-thread-1] INFO  server.RaftServerConfigKeys (ConfUtils.java:logGet(43)) - raft.server.log.force.sync.num = 128 (default)
2019-09-29 11:17:57,086 [pool-77-thread-1] INFO  segmented.SegmentedRaftLogWorker (SegmentedRaftLogWorker.java:<init>(172)) - new 16f9aea5-9974-4547-813d-50b5e9cbac2d@group-457A954BF1FF-SegmentedRaftLogWorker for RaftStorage:Storage Directory /workdir/hadoop-ozone/integration-test/target/test-dir/MiniOzoneClusterImpl-9adecfa3-4693-4b3b-b175-846bdd8f8c06/datanode-5/data/ratis/ee592897-d3bf-4c96-a993-457a954bf1ff
2019-09-29 11:17:57,086 [pool-47-thread-1] INFO  server.RaftServerConfigKeys (ConfUtils.java:logGet(43)) - raft.server.log.statemachine.data.sync = true (default)
2019-09-29 11:17:57,086 [pool-37-thread-1] INFO  server.RaftServerConfigKeys (ConfUtils.java:logGet(43)) - raft.server.log.segment.cache.num.max = 2 (custom)
2019-09-29 11:17:57,087 [pool-47-thread-1] INFO  server.RaftServerConfigKeys (ConfUtils.java:logGet(43)) - raft.server.log.statemachine.data.sync.timeout = 10s (default)
2019-09-29 11:17:57,087 [pool-77-thread-1] INFO  server.RaftServerConfigKeys (ConfUtils.java:logGet(43)) - raft.server.log.queue.byte-limit = 2147483647 (custom)
2019-09-29 11:17:57,087 [pool-47-thread-1] INFO  server.RaftServerConfigKeys (ConfUtils.java:logGet(43)) - raft.server.log.statemachine.data.sync.timeout.retry = -1 (default)
2019-09-29 11:17:57,087 [pool-37-thread-1] INFO  segmented.SegmentedRaftLogWorker (SegmentedRaftLogWorker.java:<init>(172)) - new d87f90a9-3605-42ff-a73f-b54839b7ec6f@group-457A954BF1FF-SegmentedRaftLogWorker for RaftStorage:Storage Directory /workdir/hadoop-ozone/integration-test/target/test-dir/MiniOzoneClusterImpl-9adecfa3-4693-4b3b-b175-846bdd8f8c06/datanode-1/data/ratis/ee592897-d3bf-4c96-a993-457a954bf1ff
2019-09-29 11:17:57,088 [pool-47-thread-1] INFO  server.RaftServerConfigKeys (ConfUtils.java:logGet(43)) - raft.server.log.statemachine.data.caching.enabled = true (custom)
2019-09-29 11:17:57,087 [pool-77-thread-1] INFO  server.RaftServerConfigKeys (ConfUtils.java:logGet(43)) - raft.server.log.queue.element-limit = 1024 (custom)
2019-09-29 11:17:57,088 [pool-37-thread-1] INFO  server.RaftServerConfigKeys (ConfUtils.java:logGet(43)) - raft.server.log.queue.byte-limit = 2147483647 (custom)
2019-09-29 11:17:57,088 [pool-77-thread-1] INFO  server.RaftServerConfigKeys (ConfUtils.java:logGet(43)) - raft.server.log.segment.size.max = 1048576 (custom)
2019-09-29 11:17:57,088 [pool-47-thread-1] INFO  segmented.SegmentedRaftLogWorker (SegmentedRaftLogWorker.java:lambda$new$0(132)) - 813e8ff3-5a9d-4177-a3ce-ff3f7795e702@group-457A954BF1FF-SegmentedRaftLogWorker: flushIndex: setUnconditionally 0 -> -1
2019-09-29 11:17:57,089 [pool-77-thread-1] INFO  server.RaftServerConfigKeys (ConfUtils.java:logGet(43)) - raft.server.log.preallocated.size = 16384 (custom)
2019-09-29 11:17:57,089 [pool-47-thread-1] INFO  server.RaftServerConfigKeys (ConfUtils.java:logGet(43)) - raft.server.snapshot.auto.trigger.enabled = true (custom)
2019-09-29 11:17:57,089 [pool-47-thread-1] INFO  server.RaftServerConfigKeys (ConfUtils.java:logGet(43)) - raft.server.snapshot.auto.trigger.threshold = 10000 (custom)
2019-09-29 11:17:57,088 [pool-37-thread-1] INFO  server.RaftServerConfigKeys (ConfUtils.java:logGet(43)) - raft.server.log.queue.element-limit = 1024 (custom)
2019-09-29 11:17:57,089 [pool-47-thread-1] INFO  server.RaftServerConfigKeys (ConfUtils.java:logGet(43)) - raft.server.snapshot.retention.num.files = 5 (custom)
2019-09-29 11:17:57,089 [pool-77-thread-1] INFO  server.RaftServerConfigKeys (ConfUtils.java:logGet(43)) - raft.server.log.write.buffer.size = 33554432 (custom)
2019-09-29 11:17:57,090 [pool-47-thread-1] INFO  server.RaftServerConfigKeys (ConfUtils.java:logGet(43)) - raft.server.retrycache.expirytime = 600000ms (custom)
2019-09-29 11:17:57,089 [pool-37-thread-1] INFO  server.RaftServerConfigKeys (ConfUtils.java:logGet(43)) - raft.server.log.segment.size.max = 1048576 (custom)
2019-09-29 11:17:57,090 [pool-77-thread-1] INFO  server.RaftServerConfigKeys (ConfUtils.java:logGet(43)) - raft.server.log.force.sync.num = 128 (default)
2019-09-29 11:17:57,090 [pool-37-thread-1] INFO  server.RaftServerConfigKeys (ConfUtils.java:logGet(43)) - raft.server.log.preallocated.size = 16384 (custom)
2019-09-29 11:17:57,090 [pool-77-thread-1] INFO  server.RaftServerConfigKeys (ConfUtils.java:logGet(43)) - raft.server.log.statemachine.data.sync = true (default)
2019-09-29 11:17:57,090 [pool-37-thread-1] INFO  server.RaftServerConfigKeys (ConfUtils.java:logGet(43)) - raft.server.log.write.buffer.size = 33554432 (custom)
2019-09-29 11:17:57,091 [pool-77-thread-1] INFO  server.RaftServerConfigKeys (ConfUtils.java:logGet(43)) - raft.server.log.statemachine.data.sync.timeout = 10s (default)
2019-09-29 11:17:57,091 [pool-37-thread-1] INFO  server.RaftServerConfigKeys (ConfUtils.java:logGet(43)) - raft.server.log.force.sync.num = 128 (default)
2019-09-29 11:17:57,091 [pool-77-thread-1] INFO  server.RaftServerConfigKeys (ConfUtils.java:logGet(43)) - raft.server.log.statemachine.data.sync.timeout.retry = -1 (default)
2019-09-29 11:17:57,091 [pool-37-thread-1] INFO  server.RaftServerConfigKeys (ConfUtils.java:logGet(43)) - raft.server.log.statemachine.data.sync = true (default)
2019-09-29 11:17:57,091 [pool-77-thread-1] INFO  server.RaftServerConfigKeys (ConfUtils.java:logGet(43)) - raft.server.log.statemachine.data.caching.enabled = true (custom)
2019-09-29 11:17:57,092 [pool-37-thread-1] INFO  server.RaftServerConfigKeys (ConfUtils.java:logGet(43)) - raft.server.log.statemachine.data.sync.timeout = 10s (default)
2019-09-29 11:17:57,092 [pool-37-thread-1] INFO  server.RaftServerConfigKeys (ConfUtils.java:logGet(43)) - raft.server.log.statemachine.data.sync.timeout.retry = -1 (default)
2019-09-29 11:17:57,092 [pool-77-thread-1] INFO  segmented.SegmentedRaftLogWorker (SegmentedRaftLogWorker.java:lambda$new$0(132)) - 16f9aea5-9974-4547-813d-50b5e9cbac2d@group-457A954BF1FF-SegmentedRaftLogWorker: flushIndex: setUnconditionally 0 -> -1
2019-09-29 11:17:57,092 [pool-37-thread-1] INFO  server.RaftServerConfigKeys (ConfUtils.java:logGet(43)) - raft.server.log.statemachine.data.caching.enabled = true (custom)
2019-09-29 11:17:57,092 [pool-77-thread-1] INFO  server.RaftServerConfigKeys (ConfUtils.java:logGet(43)) - raft.server.snapshot.auto.trigger.enabled = true (custom)
2019-09-29 11:17:57,093 [pool-77-thread-1] INFO  server.RaftServerConfigKeys (ConfUtils.java:logGet(43)) - raft.server.snapshot.auto.trigger.threshold = 10000 (custom)
2019-09-29 11:17:57,093 [pool-37-thread-1] INFO  segmented.SegmentedRaftLogWorker (SegmentedRaftLogWorker.java:lambda$new$0(132)) - d87f90a9-3605-42ff-a73f-b54839b7ec6f@group-457A954BF1FF-SegmentedRaftLogWorker: flushIndex: setUnconditionally 0 -> -1
2019-09-29 11:17:57,093 [pool-47-thread-1] INFO  impl.RaftServerImpl (RaftServerImpl.java:start(185)) - 813e8ff3-5a9d-4177-a3ce-ff3f7795e702@group-457A954BF1FF: start as a follower, conf=-1: [d87f90a9-3605-42ff-a73f-b54839b7ec6f:192.168.30.19:44039, 16f9aea5-9974-4547-813d-50b5e9cbac2d:192.168.30.19:34925, 813e8ff3-5a9d-4177-a3ce-ff3f7795e702:192.168.30.19:38815], old=null
2019-09-29 11:17:57,093 [pool-77-thread-1] INFO  server.RaftServerConfigKeys (ConfUtils.java:logGet(43)) - raft.server.snapshot.retention.num.files = 5 (custom)
2019-09-29 11:17:57,093 [pool-37-thread-1] INFO  server.RaftServerConfigKeys (ConfUtils.java:logGet(43)) - raft.server.snapshot.auto.trigger.enabled = true (custom)
2019-09-29 11:17:57,093 [pool-47-thread-1] INFO  impl.RaftServerImpl (RaftServerImpl.java:setRole(174)) - 813e8ff3-5a9d-4177-a3ce-ff3f7795e702@group-457A954BF1FF: changes role from      null to FOLLOWER at term 0 for startAsFollower
2019-09-29 11:17:57,093 [pool-37-thread-1] INFO  server.RaftServerConfigKeys (ConfUtils.java:logGet(43)) - raft.server.snapshot.auto.trigger.threshold = 10000 (custom)
2019-09-29 11:17:57,093 [pool-77-thread-1] INFO  server.RaftServerConfigKeys (ConfUtils.java:logGet(43)) - raft.server.retrycache.expirytime = 600000ms (custom)
2019-09-29 11:17:57,094 [pool-37-thread-1] INFO  server.RaftServerConfigKeys (ConfUtils.java:logGet(43)) - raft.server.snapshot.retention.num.files = 5 (custom)
2019-09-29 11:17:57,094 [pool-47-thread-1] INFO  impl.RoleInfo (RoleInfo.java:updateAndGet(143)) - 813e8ff3-5a9d-4177-a3ce-ff3f7795e702: start FollowerState
2019-09-29 11:17:57,094 [pool-37-thread-1] INFO  server.RaftServerConfigKeys (ConfUtils.java:logGet(43)) - raft.server.retrycache.expirytime = 600000ms (custom)
2019-09-29 11:17:57,095 [pool-47-thread-1] INFO  util.JmxRegister (JmxRegister.java:tryRegister(44)) - Successfully registered JMX Bean with object name Ratis:service=RaftServer,group=group-457A954BF1FF,id=813e8ff3-5a9d-4177-a3ce-ff3f7795e702
2019-09-29 11:17:57,100 [pool-77-thread-1] INFO  impl.RaftServerImpl (RaftServerImpl.java:start(185)) - 16f9aea5-9974-4547-813d-50b5e9cbac2d@group-457A954BF1FF: start as a follower, conf=-1: [d87f90a9-3605-42ff-a73f-b54839b7ec6f:192.168.30.19:44039, 16f9aea5-9974-4547-813d-50b5e9cbac2d:192.168.30.19:34925, 813e8ff3-5a9d-4177-a3ce-ff3f7795e702:192.168.30.19:38815], old=null
2019-09-29 11:17:57,100 [pool-77-thread-1] INFO  impl.RaftServerImpl (RaftServerImpl.java:setRole(174)) - 16f9aea5-9974-4547-813d-50b5e9cbac2d@group-457A954BF1FF: changes role from      null to FOLLOWER at term 0 for startAsFollower
2019-09-29 11:17:57,100 [pool-37-thread-1] INFO  impl.RaftServerImpl (RaftServerImpl.java:start(185)) - d87f90a9-3605-42ff-a73f-b54839b7ec6f@group-457A954BF1FF: start as a follower, conf=-1: [d87f90a9-3605-42ff-a73f-b54839b7ec6f:192.168.30.19:44039, 16f9aea5-9974-4547-813d-50b5e9cbac2d:192.168.30.19:34925, 813e8ff3-5a9d-4177-a3ce-ff3f7795e702:192.168.30.19:38815], old=null
2019-09-29 11:17:57,111 [pool-77-thread-1] INFO  impl.RoleInfo (RoleInfo.java:updateAndGet(143)) - 16f9aea5-9974-4547-813d-50b5e9cbac2d: start FollowerState
2019-09-29 11:17:57,111 [pool-37-thread-1] INFO  impl.RaftServerImpl (RaftServerImpl.java:setRole(174)) - d87f90a9-3605-42ff-a73f-b54839b7ec6f@group-457A954BF1FF: changes role from      null to FOLLOWER at term 0 for startAsFollower
2019-09-29 11:17:57,111 [pool-37-thread-1] INFO  impl.RoleInfo (RoleInfo.java:updateAndGet(143)) - d87f90a9-3605-42ff-a73f-b54839b7ec6f: start FollowerState
2019-09-29 11:17:57,111 [pool-77-thread-1] INFO  util.JmxRegister (JmxRegister.java:tryRegister(44)) - Successfully registered JMX Bean with object name Ratis:service=RaftServer,group=group-457A954BF1FF,id=16f9aea5-9974-4547-813d-50b5e9cbac2d
2019-09-29 11:17:57,111 [pool-37-thread-1] INFO  util.JmxRegister (JmxRegister.java:tryRegister(44)) - Successfully registered JMX Bean with object name Ratis:service=RaftServer,group=group-457A954BF1FF,id=d87f90a9-3605-42ff-a73f-b54839b7ec6f
2019-09-29 11:17:57,120 [RatisPipelineUtilsThread] INFO  pipeline.PipelineStateManager (PipelineStateManager.java:addPipeline(56)) - Created pipeline Pipeline[ Id: ee592897-d3bf-4c96-a993-457a954bf1ff, Nodes: 16f9aea5-9974-4547-813d-50b5e9cbac2d{ip: 192.168.30.19, host: pr-hdds-1569-lsfh5-224679870, networkLocation: /default-rack, certSerialId: null}813e8ff3-5a9d-4177-a3ce-ff3f7795e702{ip: 192.168.30.19, host: pr-hdds-1569-lsfh5-224679870, networkLocation: /default-rack, certSerialId: null}d87f90a9-3605-42ff-a73f-b54839b7ec6f{ip: 192.168.30.19, host: pr-hdds-1569-lsfh5-224679870, networkLocation: /default-rack, certSerialId: null}, Type:RATIS, Factor:THREE, State:OPEN]
2019-09-29 11:17:57,153 [grpc-default-executor-0] INFO  impl.RaftServerProxy (RaftServerProxy.java:addNew(89)) - d87f90a9-3605-42ff-a73f-b54839b7ec6f: addNew group-ECC108AE71E7:[d87f90a9-3605-42ff-a73f-b54839b7ec6f:192.168.30.19:44039, 16f9aea5-9974-4547-813d-50b5e9cbac2d:192.168.30.19:34925, 813e8ff3-5a9d-4177-a3ce-ff3f7795e702:192.168.30.19:38815] returns group-ECC108AE71E7:java.util.concurrent.CompletableFuture@f66d3fd[Not completed]
2019-09-29 11:17:57,154 [grpc-default-executor-1] INFO  impl.RaftServerProxy (RaftServerProxy.java:addNew(89)) - 16f9aea5-9974-4547-813d-50b5e9cbac2d: addNew group-ECC108AE71E7:[d87f90a9-3605-42ff-a73f-b54839b7ec6f:192.168.30.19:44039, 16f9aea5-9974-4547-813d-50b5e9cbac2d:192.168.30.19:34925, 813e8ff3-5a9d-4177-a3ce-ff3f7795e702:192.168.30.19:38815] returns group-ECC108AE71E7:java.util.concurrent.CompletableFuture@6a8bb92c[Not completed]
2019-09-29 11:17:57,157 [grpc-default-executor-2] INFO  impl.RaftServerProxy (RaftServerProxy.java:addNew(89)) - 813e8ff3-5a9d-4177-a3ce-ff3f7795e702: addNew group-ECC108AE71E7:[d87f90a9-3605-42ff-a73f-b54839b7ec6f:192.168.30.19:44039, 16f9aea5-9974-4547-813d-50b5e9cbac2d:192.168.30.19:34925, 813e8ff3-5a9d-4177-a3ce-ff3f7795e702:192.168.30.19:38815] returns group-ECC108AE71E7:java.util.concurrent.CompletableFuture@1f2a93a7[Not completed]
2019-09-29 11:17:57,158 [pool-37-thread-1] INFO  impl.RaftServerImpl (RaftServerImpl.java:<init>(95)) - d87f90a9-3605-42ff-a73f-b54839b7ec6f: new RaftServerImpl for group-ECC108AE71E7:[d87f90a9-3605-42ff-a73f-b54839b7ec6f:192.168.30.19:44039, 16f9aea5-9974-4547-813d-50b5e9cbac2d:192.168.30.19:34925, 813e8ff3-5a9d-4177-a3ce-ff3f7795e702:192.168.30.19:38815] with ContainerStateMachine:uninitialized
2019-09-29 11:17:57,158 [pool-37-thread-1] INFO  server.RaftServerConfigKeys (ConfUtils.java:logGet(43)) - raft.server.rpc.timeout.min = 5s (custom)
2019-09-29 11:17:57,159 [pool-37-thread-1] INFO  server.RaftServerConfigKeys (ConfUtils.java:logGet(43)) - raft.server.rpc.timeout.max = 5200ms (custom)
2019-09-29 11:17:57,159 [pool-37-thread-1] INFO  server.RaftServerConfigKeys (ConfUtils.java:logGet(43)) - raft.server.rpcslowness.timeout = 120s (custom)
2019-09-29 11:17:57,159 [pool-37-thread-1] INFO  server.RaftServerConfigKeys (ConfUtils.java:logGet(43)) - raft.server.sleep.deviation.threshold = 300 (default)
2019-09-29 11:17:57,159 [pool-37-thread-1] INFO  server.RaftServerConfigKeys (ConfUtils.java:logGet(43)) - raft.server.log.appender.install.snapshot.enabled = false (custom)
2019-09-29 11:17:57,159 [pool-37-thread-1] INFO  impl.RaftServerImpl (ServerState.java:<init>(103)) - d87f90a9-3605-42ff-a73f-b54839b7ec6f@group-ECC108AE71E7: ConfigurationManager, init=-1: [d87f90a9-3605-42ff-a73f-b54839b7ec6f:192.168.30.19:44039, 16f9aea5-9974-4547-813d-50b5e9cbac2d:192.168.30.19:34925, 813e8ff3-5a9d-4177-a3ce-ff3f7795e702:192.168.30.19:38815], old=null, confs=<EMPTY_MAP>
2019-09-29 11:17:57,159 [pool-37-thread-1] INFO  server.RaftServerConfigKeys (ConfUtils.java:logGet(43)) - raft.server.storage.dir = [/workdir/hadoop-ozone/integration-test/target/test-dir/MiniOzoneClusterImpl-9adecfa3-4693-4b3b-b175-846bdd8f8c06/datanode-1/data/ratis] (custom)
2019-09-29 11:17:57,160 [pool-37-thread-1] INFO  storage.RaftStorageDirectory (RaftStorageDirectory.java:analyzeStorage(246)) - The storage directory /workdir/hadoop-ozone/integration-test/target/test-dir/MiniOzoneClusterImpl-9adecfa3-4693-4b3b-b175-846bdd8f8c06/datanode-1/data/ratis/fa1601ec-24ed-4bd9-86d8-ecc108ae71e7 does not exist. Creating ...
2019-09-29 11:17:57,160 [pool-47-thread-1] INFO  impl.RaftServerImpl (RaftServerImpl.java:<init>(95)) - 813e8ff3-5a9d-4177-a3ce-ff3f7795e702: new RaftServerImpl for group-ECC108AE71E7:[d87f90a9-3605-42ff-a73f-b54839b7ec6f:192.168.30.19:44039, 16f9aea5-9974-4547-813d-50b5e9cbac2d:192.168.30.19:34925, 813e8ff3-5a9d-4177-a3ce-ff3f7795e702:192.168.30.19:38815] with ContainerStateMachine:uninitialized
2019-09-29 11:17:57,160 [pool-47-thread-1] INFO  server.RaftServerConfigKeys (ConfUtils.java:logGet(43)) - raft.server.rpc.timeout.min = 5s (custom)
2019-09-29 11:17:57,160 [pool-47-thread-1] INFO  server.RaftServerConfigKeys (ConfUtils.java:logGet(43)) - raft.server.rpc.timeout.max = 5200ms (custom)
2019-09-29 11:17:57,160 [pool-47-thread-1] INFO  server.RaftServerConfigKeys (ConfUtils.java:logGet(43)) - raft.server.rpcslowness.timeout = 120s (custom)
2019-09-29 11:17:57,161 [pool-47-thread-1] INFO  server.RaftServerConfigKeys (ConfUtils.java:logGet(43)) - raft.server.sleep.deviation.threshold = 300 (default)
2019-09-29 11:17:57,161 [pool-47-thread-1] INFO  server.RaftServerConfigKeys (ConfUtils.java:logGet(43)) - raft.server.log.appender.install.snapshot.enabled = false (custom)
2019-09-29 11:17:57,161 [pool-47-thread-1] INFO  impl.RaftServerImpl (ServerState.java:<init>(103)) - 813e8ff3-5a9d-4177-a3ce-ff3f7795e702@group-ECC108AE71E7: ConfigurationManager, init=-1: [d87f90a9-3605-42ff-a73f-b54839b7ec6f:192.168.30.19:44039, 16f9aea5-9974-4547-813d-50b5e9cbac2d:192.168.30.19:34925, 813e8ff3-5a9d-4177-a3ce-ff3f7795e702:192.168.30.19:38815], old=null, confs=<EMPTY_MAP>
2019-09-29 11:17:57,161 [pool-77-thread-1] INFO  impl.RaftServerImpl (RaftServerImpl.java:<init>(95)) - 16f9aea5-9974-4547-813d-50b5e9cbac2d: new RaftServerImpl for group-ECC108AE71E7:[d87f90a9-3605-42ff-a73f-b54839b7ec6f:192.168.30.19:44039, 16f9aea5-9974-4547-813d-50b5e9cbac2d:192.168.30.19:34925, 813e8ff3-5a9d-4177-a3ce-ff3f7795e702:192.168.30.19:38815] with ContainerStateMachine:uninitialized
2019-09-29 11:17:57,161 [pool-47-thread-1] INFO  server.RaftServerConfigKeys (ConfUtils.java:logGet(43)) - raft.server.storage.dir = [/workdir/hadoop-ozone/integration-test/target/test-dir/MiniOzoneClusterImpl-9adecfa3-4693-4b3b-b175-846bdd8f8c06/datanode-2/data/ratis] (custom)
2019-09-29 11:17:57,162 [pool-77-thread-1] INFO  server.RaftServerConfigKeys (ConfUtils.java:logGet(43)) - raft.server.rpc.timeout.min = 5s (custom)
2019-09-29 11:17:57,162 [pool-77-thread-1] INFO  server.RaftServerConfigKeys (ConfUtils.java:logGet(43)) - raft.server.rpc.timeout.max = 5200ms (custom)
2019-09-29 11:17:57,162 [pool-47-thread-1] INFO  storage.RaftStorageDirectory (RaftStorageDirectory.java:analyzeStorage(246)) - The storage directory /workdir/hadoop-ozone/integration-test/target/test-dir/MiniOzoneClusterImpl-9adecfa3-4693-4b3b-b175-846bdd8f8c06/datanode-2/data/ratis/fa1601ec-24ed-4bd9-86d8-ecc108ae71e7 does not exist. Creating ...
2019-09-29 11:17:57,162 [pool-77-thread-1] INFO  server.RaftServerConfigKeys (ConfUtils.java:logGet(43)) - raft.server.rpcslowness.timeout = 120s (custom)
2019-09-29 11:17:57,162 [pool-77-thread-1] INFO  server.RaftServerConfigKeys (ConfUtils.java:logGet(43)) - raft.server.sleep.deviation.threshold = 300 (default)
2019-09-29 11:17:57,162 [pool-77-thread-1] INFO  server.RaftServerConfigKeys (ConfUtils.java:logGet(43)) - raft.server.log.appender.install.snapshot.enabled = false (custom)
2019-09-29 11:17:57,163 [pool-77-thread-1] INFO  impl.RaftServerImpl (ServerState.java:<init>(103)) - 16f9aea5-9974-4547-813d-50b5e9cbac2d@group-ECC108AE71E7: ConfigurationManager, init=-1: [d87f90a9-3605-42ff-a73f-b54839b7ec6f:192.168.30.19:44039, 16f9aea5-9974-4547-813d-50b5e9cbac2d:192.168.30.19:34925, 813e8ff3-5a9d-4177-a3ce-ff3f7795e702:192.168.30.19:38815], old=null, confs=<EMPTY_MAP>
2019-09-29 11:17:57,163 [pool-77-thread-1] INFO  server.RaftServerConfigKeys (ConfUtils.java:logGet(43)) - raft.server.storage.dir = [/workdir/hadoop-ozone/integration-test/target/test-dir/MiniOzoneClusterImpl-9adecfa3-4693-4b3b-b175-846bdd8f8c06/datanode-5/data/ratis] (custom)
2019-09-29 11:17:57,163 [pool-77-thread-1] INFO  storage.RaftStorageDirectory (RaftStorageDirectory.java:analyzeStorage(246)) - The storage directory /workdir/hadoop-ozone/integration-test/target/test-dir/MiniOzoneClusterImpl-9adecfa3-4693-4b3b-b175-846bdd8f8c06/datanode-5/data/ratis/fa1601ec-24ed-4bd9-86d8-ecc108ae71e7 does not exist. Creating ...
2019-09-29 11:17:57,192 [pool-47-thread-1] INFO  storage.RaftStorageDirectory (RaftStorageDirectory.java:tryLock(328)) - Lock on /workdir/hadoop-ozone/integration-test/target/test-dir/MiniOzoneClusterImpl-9adecfa3-4693-4b3b-b175-846bdd8f8c06/datanode-2/data/ratis/fa1601ec-24ed-4bd9-86d8-ecc108ae71e7/in_use.lock acquired by nodename 31535@pr-hdds-1569-lsfh5-224679870
2019-09-29 11:17:57,192 [pool-77-thread-1] INFO  storage.RaftStorageDirectory (RaftStorageDirectory.java:tryLock(328)) - Lock on /workdir/hadoop-ozone/integration-test/target/test-dir/MiniOzoneClusterImpl-9adecfa3-4693-4b3b-b175-846bdd8f8c06/datanode-5/data/ratis/fa1601ec-24ed-4bd9-86d8-ecc108ae71e7/in_use.lock acquired by nodename 31535@pr-hdds-1569-lsfh5-224679870
2019-09-29 11:17:57,192 [pool-37-thread-1] INFO  storage.RaftStorageDirectory (RaftStorageDirectory.java:tryLock(328)) - Lock on /workdir/hadoop-ozone/integration-test/target/test-dir/MiniOzoneClusterImpl-9adecfa3-4693-4b3b-b175-846bdd8f8c06/datanode-1/data/ratis/fa1601ec-24ed-4bd9-86d8-ecc108ae71e7/in_use.lock acquired by nodename 31535@pr-hdds-1569-lsfh5-224679870
2019-09-29 11:17:57,227 [pool-47-thread-1] INFO  storage.RaftStorage (RaftStorage.java:format(72)) - Storage directory /workdir/hadoop-ozone/integration-test/target/test-dir/MiniOzoneClusterImpl-9adecfa3-4693-4b3b-b175-846bdd8f8c06/datanode-2/data/ratis/fa1601ec-24ed-4bd9-86d8-ecc108ae71e7 has been successfully formatted.
2019-09-29 11:17:57,228 [pool-77-thread-1] INFO  storage.RaftStorage (RaftStorage.java:format(72)) - Storage directory /workdir/hadoop-ozone/integration-test/target/test-dir/MiniOzoneClusterImpl-9adecfa3-4693-4b3b-b175-846bdd8f8c06/datanode-5/data/ratis/fa1601ec-24ed-4bd9-86d8-ecc108ae71e7 has been successfully formatted.
2019-09-29 11:17:57,227 [pool-37-thread-1] INFO  storage.RaftStorage (RaftStorage.java:format(72)) - Storage directory /workdir/hadoop-ozone/integration-test/target/test-dir/MiniOzoneClusterImpl-9adecfa3-4693-4b3b-b175-846bdd8f8c06/datanode-1/data/ratis/fa1601ec-24ed-4bd9-86d8-ecc108ae71e7 has been successfully formatted.
2019-09-29 11:17:57,228 [pool-47-thread-1] INFO  ratis.ContainerStateMachine (ContainerStateMachine.java:loadSnapshot(230)) - group-ECC108AE71E7: The snapshot info is null. Setting the last applied indexto:(t:0, i:~)
2019-09-29 11:17:57,228 [pool-77-thread-1] INFO  ratis.ContainerStateMachine (ContainerStateMachine.java:loadSnapshot(230)) - group-ECC108AE71E7: The snapshot info is null. Setting the last applied indexto:(t:0, i:~)
2019-09-29 11:17:57,228 [pool-37-thread-1] INFO  ratis.ContainerStateMachine (ContainerStateMachine.java:loadSnapshot(230)) - group-ECC108AE71E7: The snapshot info is null. Setting the last applied indexto:(t:0, i:~)
2019-09-29 11:17:57,228 [pool-47-thread-1] INFO  server.RaftServerConfigKeys (ConfUtils.java:logGet(43)) - raft.server.notification.no-leader.timeout = 120s (custom)
2019-09-29 11:17:57,229 [pool-37-thread-1] INFO  server.RaftServerConfigKeys (ConfUtils.java:logGet(43)) - raft.server.notification.no-leader.timeout = 120s (custom)
2019-09-29 11:17:57,229 [pool-77-thread-1] INFO  server.RaftServerConfigKeys (ConfUtils.java:logGet(43)) - raft.server.notification.no-leader.timeout = 120s (custom)
2019-09-29 11:17:57,229 [pool-37-thread-1] INFO  server.RaftServerConfigKeys (ConfUtils.java:logGet(43)) - raft.server.log.use.memory = false (default)
2019-09-29 11:17:57,229 [pool-47-thread-1] INFO  server.RaftServerConfigKeys (ConfUtils.java:logGet(43)) - raft.server.log.use.memory = false (default)
2019-09-29 11:17:57,229 [pool-37-thread-1] INFO  server.RaftServerConfigKeys (ConfUtils.java:logGet(43)) - raft.server.log.purge.gap = 1000000 (custom)
2019-09-29 11:17:57,229 [pool-77-thread-1] INFO  server.RaftServerConfigKeys (ConfUtils.java:logGet(43)) - raft.server.log.use.memory = false (default)
2019-09-29 11:17:57,229 [pool-37-thread-1] INFO  server.RaftServerConfigKeys (ConfUtils.java:logGet(43)) - raft.server.log.appender.buffer.byte-limit = 33554432 (custom)
2019-09-29 11:17:57,229 [pool-47-thread-1] INFO  server.RaftServerConfigKeys (ConfUtils.java:logGet(43)) - raft.server.log.purge.gap = 1000000 (custom)
2019-09-29 11:17:57,230 [pool-37-thread-1] INFO  server.RaftServerConfigKeys (ConfUtils.java:logGet(43)) - raft.server.log.segment.size.max = 1048576 (custom)
2019-09-29 11:17:57,230 [pool-77-thread-1] INFO  server.RaftServerConfigKeys (ConfUtils.java:logGet(43)) - raft.server.log.purge.gap = 1000000 (custom)
2019-09-29 11:17:57,230 [pool-37-thread-1] INFO  server.RaftServerConfigKeys (ConfUtils.java:logGet(43)) - raft.server.log.segment.cache.num.max = 2 (custom)
2019-09-29 11:17:57,230 [pool-47-thread-1] INFO  server.RaftServerConfigKeys (ConfUtils.java:logGet(43)) - raft.server.log.appender.buffer.byte-limit = 33554432 (custom)
2019-09-29 11:17:57,230 [pool-37-thread-1] INFO  segmented.SegmentedRaftLogWorker (SegmentedRaftLogWorker.java:<init>(172)) - new d87f90a9-3605-42ff-a73f-b54839b7ec6f@group-ECC108AE71E7-SegmentedRaftLogWorker for RaftStorage:Storage Directory /workdir/hadoop-ozone/integration-test/target/test-dir/MiniOzoneClusterImpl-9adecfa3-4693-4b3b-b175-846bdd8f8c06/datanode-1/data/ratis/fa1601ec-24ed-4bd9-86d8-ecc108ae71e7
2019-09-29 11:17:57,230 [pool-77-thread-1] INFO  server.RaftServerConfigKeys (ConfUtils.java:logGet(43)) - raft.server.log.appender.buffer.byte-limit = 33554432 (custom)
2019-09-29 11:17:57,231 [pool-37-thread-1] INFO  server.RaftServerConfigKeys (ConfUtils.java:logGet(43)) - raft.server.log.queue.byte-limit = 2147483647 (custom)
2019-09-29 11:17:57,231 [pool-47-thread-1] INFO  server.RaftServerConfigKeys (ConfUtils.java:logGet(43)) - raft.server.log.segment.size.max = 1048576 (custom)
2019-09-29 11:17:57,231 [pool-37-thread-1] INFO  server.RaftServerConfigKeys (ConfUtils.java:logGet(43)) - raft.server.log.queue.element-limit = 1024 (custom)
2019-09-29 11:17:57,231 [pool-77-thread-1] INFO  server.RaftServerConfigKeys (ConfUtils.java:logGet(43)) - raft.server.log.segment.size.max = 1048576 (custom)
2019-09-29 11:17:57,231 [pool-37-thread-1] INFO  server.RaftServerConfigKeys (ConfUtils.java:logGet(43)) - raft.server.log.segment.size.max = 1048576 (custom)
2019-09-29 11:17:57,231 [pool-47-thread-1] INFO  server.RaftServerConfigKeys (ConfUtils.java:logGet(43)) - raft.server.log.segment.cache.num.max = 2 (custom)
2019-09-29 11:17:57,232 [pool-37-thread-1] INFO  server.RaftServerConfigKeys (ConfUtils.java:logGet(43)) - raft.server.log.preallocated.size = 16384 (custom)
2019-09-29 11:17:57,231 [pool-77-thread-1] INFO  server.RaftServerConfigKeys (ConfUtils.java:logGet(43)) - raft.server.log.segment.cache.num.max = 2 (custom)
2019-09-29 11:17:57,232 [pool-37-thread-1] INFO  server.RaftServerConfigKeys (ConfUtils.java:logGet(43)) - raft.server.log.write.buffer.size = 33554432 (custom)
2019-09-29 11:17:57,232 [pool-47-thread-1] INFO  segmented.SegmentedRaftLogWorker (SegmentedRaftLogWorker.java:<init>(172)) - new 813e8ff3-5a9d-4177-a3ce-ff3f7795e702@group-ECC108AE71E7-SegmentedRaftLogWorker for RaftStorage:Storage Directory /workdir/hadoop-ozone/integration-test/target/test-dir/MiniOzoneClusterImpl-9adecfa3-4693-4b3b-b175-846bdd8f8c06/datanode-2/data/ratis/fa1601ec-24ed-4bd9-86d8-ecc108ae71e7
2019-09-29 11:17:57,232 [pool-37-thread-1] INFO  server.RaftServerConfigKeys (ConfUtils.java:logGet(43)) - raft.server.log.force.sync.num = 128 (default)
2019-09-29 11:17:57,232 [pool-77-thread-1] INFO  segmented.SegmentedRaftLogWorker (SegmentedRaftLogWorker.java:<init>(172)) - new 16f9aea5-9974-4547-813d-50b5e9cbac2d@group-ECC108AE71E7-SegmentedRaftLogWorker for RaftStorage:Storage Directory /workdir/hadoop-ozone/integration-test/target/test-dir/MiniOzoneClusterImpl-9adecfa3-4693-4b3b-b175-846bdd8f8c06/datanode-5/data/ratis/fa1601ec-24ed-4bd9-86d8-ecc108ae71e7
2019-09-29 11:17:57,232 [pool-37-thread-1] INFO  server.RaftServerConfigKeys (ConfUtils.java:logGet(43)) - raft.server.log.statemachine.data.sync = true (default)
2019-09-29 11:17:57,232 [pool-47-thread-1] INFO  server.RaftServerConfigKeys (ConfUtils.java:logGet(43)) - raft.server.log.queue.byte-limit = 2147483647 (custom)
2019-09-29 11:17:57,233 [pool-37-thread-1] INFO  server.RaftServerConfigKeys (ConfUtils.java:logGet(43)) - raft.server.log.statemachine.data.sync.timeout = 10s (default)
2019-09-29 11:17:57,233 [pool-77-thread-1] INFO  server.RaftServerConfigKeys (ConfUtils.java:logGet(43)) - raft.server.log.queue.byte-limit = 2147483647 (custom)
2019-09-29 11:17:57,233 [pool-37-thread-1] INFO  server.RaftServerConfigKeys (ConfUtils.java:logGet(43)) - raft.server.log.statemachine.data.sync.timeout.retry = -1 (default)
2019-09-29 11:17:57,233 [pool-47-thread-1] INFO  server.RaftServerConfigKeys (ConfUtils.java:logGet(43)) - raft.server.log.queue.element-limit = 1024 (custom)
2019-09-29 11:17:57,233 [pool-37-thread-1] INFO  server.RaftServerConfigKeys (ConfUtils.java:logGet(43)) - raft.server.log.statemachine.data.caching.enabled = true (custom)
2019-09-29 11:17:57,233 [pool-77-thread-1] INFO  server.RaftServerConfigKeys (ConfUtils.java:logGet(43)) - raft.server.log.queue.element-limit = 1024 (custom)
2019-09-29 11:17:57,234 [pool-37-thread-1] INFO  segmented.SegmentedRaftLogWorker (SegmentedRaftLogWorker.java:lambda$new$0(132)) - d87f90a9-3605-42ff-a73f-b54839b7ec6f@group-ECC108AE71E7-SegmentedRaftLogWorker: flushIndex: setUnconditionally 0 -> -1
2019-09-29 11:17:57,233 [pool-47-thread-1] INFO  server.RaftServerConfigKeys (ConfUtils.java:logGet(43)) - raft.server.log.segment.size.max = 1048576 (custom)
2019-09-29 11:17:57,234 [pool-77-thread-1] INFO  server.RaftServerConfigKeys (ConfUtils.java:logGet(43)) - raft.server.log.segment.size.max = 1048576 (custom)
2019-09-29 11:17:57,234 [pool-37-thread-1] INFO  server.RaftServerConfigKeys (ConfUtils.java:logGet(43)) - raft.server.snapshot.auto.trigger.enabled = true (custom)
2019-09-29 11:17:57,234 [pool-47-thread-1] INFO  server.RaftServerConfigKeys (ConfUtils.java:logGet(43)) - raft.server.log.preallocated.size = 16384 (custom)
2019-09-29 11:17:57,234 [pool-37-thread-1] INFO  server.RaftServerConfigKeys (ConfUtils.java:logGet(43)) - raft.server.snapshot.auto.trigger.threshold = 10000 (custom)
2019-09-29 11:17:57,234 [pool-77-thread-1] INFO  server.RaftServerConfigKeys (ConfUtils.java:logGet(43)) - raft.server.log.preallocated.size = 16384 (custom)
2019-09-29 11:17:57,234 [pool-37-thread-1] INFO  server.RaftServerConfigKeys (ConfUtils.java:logGet(43)) - raft.server.snapshot.retention.num.files = 5 (custom)
2019-09-29 11:17:57,234 [pool-47-thread-1] INFO  server.RaftServerConfigKeys (ConfUtils.java:logGet(43)) - raft.server.log.write.buffer.size = 33554432 (custom)
2019-09-29 11:17:57,235 [pool-37-thread-1] INFO  server.RaftServerConfigKeys (ConfUtils.java:logGet(43)) - raft.server.retrycache.expirytime = 600000ms (custom)
2019-09-29 11:17:57,235 [pool-77-thread-1] INFO  server.RaftServerConfigKeys (ConfUtils.java:logGet(43)) - raft.server.log.write.buffer.size = 33554432 (custom)
2019-09-29 11:17:57,235 [main] INFO  rpc.RpcClient (RpcClient.java:createVolume(276)) - Creating Volume: testblockoutputstream, with jenkins1000 as owner.
2019-09-29 11:17:57,235 [pool-47-thread-1] INFO  server.RaftServerConfigKeys (ConfUtils.java:logGet(43)) - raft.server.log.force.sync.num = 128 (default)
2019-09-29 11:17:57,235 [pool-77-thread-1] INFO  server.RaftServerConfigKeys (ConfUtils.java:logGet(43)) - raft.server.log.force.sync.num = 128 (default)
2019-09-29 11:17:57,235 [pool-47-thread-1] INFO  server.RaftServerConfigKeys (ConfUtils.java:logGet(43)) - raft.server.log.statemachine.data.sync = true (default)
2019-09-29 11:17:57,236 [pool-77-thread-1] INFO  server.RaftServerConfigKeys (ConfUtils.java:logGet(43)) - raft.server.log.statemachine.data.sync = true (default)
2019-09-29 11:17:57,236 [pool-47-thread-1] INFO  server.RaftServerConfigKeys (ConfUtils.java:logGet(43)) - raft.server.log.statemachine.data.sync.timeout = 10s (default)
2019-09-29 11:17:57,236 [pool-77-thread-1] INFO  server.RaftServerConfigKeys (ConfUtils.java:logGet(43)) - raft.server.log.statemachine.data.sync.timeout = 10s (default)
2019-09-29 11:17:57,236 [pool-47-thread-1] INFO  server.RaftServerConfigKeys (ConfUtils.java:logGet(43)) - raft.server.log.statemachine.data.sync.timeout.retry = -1 (default)
2019-09-29 11:17:57,236 [pool-77-thread-1] INFO  server.RaftServerConfigKeys (ConfUtils.java:logGet(43)) - raft.server.log.statemachine.data.sync.timeout.retry = -1 (default)
2019-09-29 11:17:57,236 [pool-47-thread-1] INFO  server.RaftServerConfigKeys (ConfUtils.java:logGet(43)) - raft.server.log.statemachine.data.caching.enabled = true (custom)
2019-09-29 11:17:57,237 [pool-77-thread-1] INFO  server.RaftServerConfigKeys (ConfUtils.java:logGet(43)) - raft.server.log.statemachine.data.caching.enabled = true (custom)
2019-09-29 11:17:57,237 [pool-47-thread-1] INFO  segmented.SegmentedRaftLogWorker (SegmentedRaftLogWorker.java:lambda$new$0(132)) - 813e8ff3-5a9d-4177-a3ce-ff3f7795e702@group-ECC108AE71E7-SegmentedRaftLogWorker: flushIndex: setUnconditionally 0 -> -1
2019-09-29 11:17:57,237 [pool-77-thread-1] INFO  segmented.SegmentedRaftLogWorker (SegmentedRaftLogWorker.java:lambda$new$0(132)) - 16f9aea5-9974-4547-813d-50b5e9cbac2d@group-ECC108AE71E7-SegmentedRaftLogWorker: flushIndex: setUnconditionally 0 -> -1
2019-09-29 11:17:57,237 [pool-37-thread-1] INFO  impl.RaftServerImpl (RaftServerImpl.java:start(185)) - d87f90a9-3605-42ff-a73f-b54839b7ec6f@group-ECC108AE71E7: start as a follower, conf=-1: [d87f90a9-3605-42ff-a73f-b54839b7ec6f:192.168.30.19:44039, 16f9aea5-9974-4547-813d-50b5e9cbac2d:192.168.30.19:34925, 813e8ff3-5a9d-4177-a3ce-ff3f7795e702:192.168.30.19:38815], old=null
2019-09-29 11:17:57,237 [pool-47-thread-1] INFO  server.RaftServerConfigKeys (ConfUtils.java:logGet(43)) - raft.server.snapshot.auto.trigger.enabled = true (custom)
2019-09-29 11:17:57,237 [pool-37-thread-1] INFO  impl.RaftServerImpl (RaftServerImpl.java:setRole(174)) - d87f90a9-3605-42ff-a73f-b54839b7ec6f@group-ECC108AE71E7: changes role from      null to FOLLOWER at term 0 for startAsFollower
2019-09-29 11:17:57,238 [pool-47-thread-1] INFO  server.RaftServerConfigKeys (ConfUtils.java:logGet(43)) - raft.server.snapshot.auto.trigger.threshold = 10000 (custom)
2019-09-29 11:17:57,238 [pool-37-thread-1] INFO  impl.RoleInfo (RoleInfo.java:updateAndGet(143)) - d87f90a9-3605-42ff-a73f-b54839b7ec6f: start FollowerState
2019-09-29 11:17:57,238 [pool-77-thread-1] INFO  server.RaftServerConfigKeys (ConfUtils.java:logGet(43)) - raft.server.snapshot.auto.trigger.enabled = true (custom)
2019-09-29 11:17:57,238 [pool-47-thread-1] INFO  server.RaftServerConfigKeys (ConfUtils.java:logGet(43)) - raft.server.snapshot.retention.num.files = 5 (custom)
2019-09-29 11:17:57,238 [pool-37-thread-1] INFO  util.JmxRegister (JmxRegister.java:tryRegister(44)) - Successfully registered JMX Bean with object name Ratis:service=RaftServer,group=group-ECC108AE71E7,id=d87f90a9-3605-42ff-a73f-b54839b7ec6f
2019-09-29 11:17:57,238 [pool-47-thread-1] INFO  server.RaftServerConfigKeys (ConfUtils.java:logGet(43)) - raft.server.retrycache.expirytime = 600000ms (custom)
2019-09-29 11:17:57,238 [pool-77-thread-1] INFO  server.RaftServerConfigKeys (ConfUtils.java:logGet(43)) - raft.server.snapshot.auto.trigger.threshold = 10000 (custom)
2019-09-29 11:17:57,239 [pool-77-thread-1] INFO  server.RaftServerConfigKeys (ConfUtils.java:logGet(43)) - raft.server.snapshot.retention.num.files = 5 (custom)
2019-09-29 11:17:57,239 [pool-77-thread-1] INFO  server.RaftServerConfigKeys (ConfUtils.java:logGet(43)) - raft.server.retrycache.expirytime = 600000ms (custom)
2019-09-29 11:17:57,243 [pool-47-thread-1] INFO  impl.RaftServerImpl (RaftServerImpl.java:start(185)) - 813e8ff3-5a9d-4177-a3ce-ff3f7795e702@group-ECC108AE71E7: start as a follower, conf=-1: [d87f90a9-3605-42ff-a73f-b54839b7ec6f:192.168.30.19:44039, 16f9aea5-9974-4547-813d-50b5e9cbac2d:192.168.30.19:34925, 813e8ff3-5a9d-4177-a3ce-ff3f7795e702:192.168.30.19:38815], old=null
2019-09-29 11:17:57,243 [pool-47-thread-1] INFO  impl.RaftServerImpl (RaftServerImpl.java:setRole(174)) - 813e8ff3-5a9d-4177-a3ce-ff3f7795e702@group-ECC108AE71E7: changes role from      null to FOLLOWER at term 0 for startAsFollower
2019-09-29 11:17:57,243 [pool-47-thread-1] INFO  impl.RoleInfo (RoleInfo.java:updateAndGet(143)) - 813e8ff3-5a9d-4177-a3ce-ff3f7795e702: start FollowerState
2019-09-29 11:17:57,244 [pool-47-thread-1] INFO  util.JmxRegister (JmxRegister.java:tryRegister(44)) - Successfully registered JMX Bean with object name Ratis:service=RaftServer,group=group-ECC108AE71E7,id=813e8ff3-5a9d-4177-a3ce-ff3f7795e702
2019-09-29 11:17:57,247 [pool-77-thread-1] INFO  impl.RaftServerImpl (RaftServerImpl.java:start(185)) - 16f9aea5-9974-4547-813d-50b5e9cbac2d@group-ECC108AE71E7: start as a follower, conf=-1: [d87f90a9-3605-42ff-a73f-b54839b7ec6f:192.168.30.19:44039, 16f9aea5-9974-4547-813d-50b5e9cbac2d:192.168.30.19:34925, 813e8ff3-5a9d-4177-a3ce-ff3f7795e702:192.168.30.19:38815], old=null
2019-09-29 11:17:57,248 [pool-77-thread-1] INFO  impl.RaftServerImpl (RaftServerImpl.java:setRole(174)) - 16f9aea5-9974-4547-813d-50b5e9cbac2d@group-ECC108AE71E7: changes role from      null to FOLLOWER at term 0 for startAsFollower
2019-09-29 11:17:57,248 [pool-77-thread-1] INFO  impl.RoleInfo (RoleInfo.java:updateAndGet(143)) - 16f9aea5-9974-4547-813d-50b5e9cbac2d: start FollowerState
2019-09-29 11:17:57,248 [pool-77-thread-1] INFO  util.JmxRegister (JmxRegister.java:tryRegister(44)) - Successfully registered JMX Bean with object name Ratis:service=RaftServer,group=group-ECC108AE71E7,id=16f9aea5-9974-4547-813d-50b5e9cbac2d
2019-09-29 11:17:57,257 [RatisPipelineUtilsThread] INFO  pipeline.PipelineStateManager (PipelineStateManager.java:addPipeline(56)) - Created pipeline Pipeline[ Id: fa1601ec-24ed-4bd9-86d8-ecc108ae71e7, Nodes: 16f9aea5-9974-4547-813d-50b5e9cbac2d{ip: 192.168.30.19, host: pr-hdds-1569-lsfh5-224679870, networkLocation: /default-rack, certSerialId: null}813e8ff3-5a9d-4177-a3ce-ff3f7795e702{ip: 192.168.30.19, host: pr-hdds-1569-lsfh5-224679870, networkLocation: /default-rack, certSerialId: null}d87f90a9-3605-42ff-a73f-b54839b7ec6f{ip: 192.168.30.19, host: pr-hdds-1569-lsfh5-224679870, networkLocation: /default-rack, certSerialId: null}, Type:RATIS, Factor:THREE, State:OPEN]
2019-09-29 11:17:57,284 [grpc-default-executor-0] INFO  impl.RaftServerProxy (RaftServerProxy.java:addNew(89)) - 16f9aea5-9974-4547-813d-50b5e9cbac2d: addNew group-069BEA507B86:[d87f90a9-3605-42ff-a73f-b54839b7ec6f:192.168.30.19:44039, 813e8ff3-5a9d-4177-a3ce-ff3f7795e702:192.168.30.19:38815, 16f9aea5-9974-4547-813d-50b5e9cbac2d:192.168.30.19:34925] returns group-069BEA507B86:java.util.concurrent.CompletableFuture@429f85b3[Not completed]
2019-09-29 11:17:57,286 [grpc-default-executor-2] INFO  impl.RaftServerProxy (RaftServerProxy.java:addNew(89)) - d87f90a9-3605-42ff-a73f-b54839b7ec6f: addNew group-069BEA507B86:[d87f90a9-3605-42ff-a73f-b54839b7ec6f:192.168.30.19:44039, 813e8ff3-5a9d-4177-a3ce-ff3f7795e702:192.168.30.19:38815, 16f9aea5-9974-4547-813d-50b5e9cbac2d:192.168.30.19:34925] returns group-069BEA507B86:java.util.concurrent.CompletableFuture@3ab226c1[Not completed]
2019-09-29 11:17:57,288 [grpc-default-executor-0] INFO  impl.RaftServerProxy (RaftServerProxy.java:addNew(89)) - 813e8ff3-5a9d-4177-a3ce-ff3f7795e702: addNew group-069BEA507B86:[d87f90a9-3605-42ff-a73f-b54839b7ec6f:192.168.30.19:44039, 813e8ff3-5a9d-4177-a3ce-ff3f7795e702:192.168.30.19:38815, 16f9aea5-9974-4547-813d-50b5e9cbac2d:192.168.30.19:34925] returns group-069BEA507B86:java.util.concurrent.CompletableFuture@7b0ad156[Not completed]
2019-09-29 11:17:57,289 [pool-77-thread-1] INFO  impl.RaftServerImpl (RaftServerImpl.java:<init>(95)) - 16f9aea5-9974-4547-813d-50b5e9cbac2d: new RaftServerImpl for group-069BEA507B86:[d87f90a9-3605-42ff-a73f-b54839b7ec6f:192.168.30.19:44039, 813e8ff3-5a9d-4177-a3ce-ff3f7795e702:192.168.30.19:38815, 16f9aea5-9974-4547-813d-50b5e9cbac2d:192.168.30.19:34925] with ContainerStateMachine:uninitialized
2019-09-29 11:17:57,289 [pool-77-thread-1] INFO  server.RaftServerConfigKeys (ConfUtils.java:logGet(43)) - raft.server.rpc.timeout.min = 5s (custom)
2019-09-29 11:17:57,289 [pool-77-thread-1] INFO  server.RaftServerConfigKeys (ConfUtils.java:logGet(43)) - raft.server.rpc.timeout.max = 5200ms (custom)
2019-09-29 11:17:57,290 [pool-77-thread-1] INFO  server.RaftServerConfigKeys (ConfUtils.java:logGet(43)) - raft.server.rpcslowness.timeout = 120s (custom)
2019-09-29 11:17:57,290 [pool-77-thread-1] INFO  server.RaftServerConfigKeys (ConfUtils.java:logGet(43)) - raft.server.sleep.deviation.threshold = 300 (default)
2019-09-29 11:17:57,290 [pool-77-thread-1] INFO  server.RaftServerConfigKeys (ConfUtils.java:logGet(43)) - raft.server.log.appender.install.snapshot.enabled = false (custom)
2019-09-29 11:17:57,290 [pool-77-thread-1] INFO  impl.RaftServerImpl (ServerState.java:<init>(103)) - 16f9aea5-9974-4547-813d-50b5e9cbac2d@group-069BEA507B86: ConfigurationManager, init=-1: [d87f90a9-3605-42ff-a73f-b54839b7ec6f:192.168.30.19:44039, 813e8ff3-5a9d-4177-a3ce-ff3f7795e702:192.168.30.19:38815, 16f9aea5-9974-4547-813d-50b5e9cbac2d:192.168.30.19:34925], old=null, confs=<EMPTY_MAP>
2019-09-29 11:17:57,290 [pool-47-thread-1] INFO  impl.RaftServerImpl (RaftServerImpl.java:<init>(95)) - 813e8ff3-5a9d-4177-a3ce-ff3f7795e702: new RaftServerImpl for group-069BEA507B86:[d87f90a9-3605-42ff-a73f-b54839b7ec6f:192.168.30.19:44039, 813e8ff3-5a9d-4177-a3ce-ff3f7795e702:192.168.30.19:38815, 16f9aea5-9974-4547-813d-50b5e9cbac2d:192.168.30.19:34925] with ContainerStateMachine:uninitialized
2019-09-29 11:17:57,290 [pool-77-thread-1] INFO  server.RaftServerConfigKeys (ConfUtils.java:logGet(43)) - raft.server.storage.dir = [/workdir/hadoop-ozone/integration-test/target/test-dir/MiniOzoneClusterImpl-9adecfa3-4693-4b3b-b175-846bdd8f8c06/datanode-5/data/ratis] (custom)
2019-09-29 11:17:57,290 [pool-47-thread-1] INFO  server.RaftServerConfigKeys (ConfUtils.java:logGet(43)) - raft.server.rpc.timeout.min = 5s (custom)
2019-09-29 11:17:57,291 [pool-47-thread-1] INFO  server.RaftServerConfigKeys (ConfUtils.java:logGet(43)) - raft.server.rpc.timeout.max = 5200ms (custom)
2019-09-29 11:17:57,291 [pool-47-thread-1] INFO  server.RaftServerConfigKeys (ConfUtils.java:logGet(43)) - raft.server.rpcslowness.timeout = 120s (custom)
2019-09-29 11:17:57,291 [pool-37-thread-1] INFO  impl.RaftServerImpl (RaftServerImpl.java:<init>(95)) - d87f90a9-3605-42ff-a73f-b54839b7ec6f: new RaftServerImpl for group-069BEA507B86:[d87f90a9-3605-42ff-a73f-b54839b7ec6f:192.168.30.19:44039, 813e8ff3-5a9d-4177-a3ce-ff3f7795e702:192.168.30.19:38815, 16f9aea5-9974-4547-813d-50b5e9cbac2d:192.168.30.19:34925] with ContainerStateMachine:uninitialized
2019-09-29 11:17:57,291 [pool-77-thread-1] INFO  storage.RaftStorageDirectory (RaftStorageDirectory.java:analyzeStorage(246)) - The storage directory /workdir/hadoop-ozone/integration-test/target/test-dir/MiniOzoneClusterImpl-9adecfa3-4693-4b3b-b175-846bdd8f8c06/datanode-5/data/ratis/eba7c9f2-3785-45d8-898a-069bea507b86 does not exist. Creating ...
2019-09-29 11:17:57,291 [pool-37-thread-1] INFO  server.RaftServerConfigKeys (ConfUtils.java:logGet(43)) - raft.server.rpc.timeout.min = 5s (custom)
2019-09-29 11:17:57,291 [pool-47-thread-1] INFO  server.RaftServerConfigKeys (ConfUtils.java:logGet(43)) - raft.server.sleep.deviation.threshold = 300 (default)
2019-09-29 11:17:57,291 [pool-37-thread-1] INFO  server.RaftServerConfigKeys (ConfUtils.java:logGet(43)) - raft.server.rpc.timeout.max = 5200ms (custom)
2019-09-29 11:17:57,292 [pool-47-thread-1] INFO  server.RaftServerConfigKeys (ConfUtils.java:logGet(43)) - raft.server.log.appender.install.snapshot.enabled = false (custom)
2019-09-29 11:17:57,292 [pool-37-thread-1] INFO  server.RaftServerConfigKeys (ConfUtils.java:logGet(43)) - raft.server.rpcslowness.timeout = 120s (custom)
2019-09-29 11:17:57,292 [pool-47-thread-1] INFO  impl.RaftServerImpl (ServerState.java:<init>(103)) - 813e8ff3-5a9d-4177-a3ce-ff3f7795e702@group-069BEA507B86: ConfigurationManager, init=-1: [d87f90a9-3605-42ff-a73f-b54839b7ec6f:192.168.30.19:44039, 813e8ff3-5a9d-4177-a3ce-ff3f7795e702:192.168.30.19:38815, 16f9aea5-9974-4547-813d-50b5e9cbac2d:192.168.30.19:34925], old=null, confs=<EMPTY_MAP>
2019-09-29 11:17:57,292 [pool-37-thread-1] INFO  server.RaftServerConfigKeys (ConfUtils.java:logGet(43)) - raft.server.sleep.deviation.threshold = 300 (default)
2019-09-29 11:17:57,292 [pool-37-thread-1] INFO  server.RaftServerConfigKeys (ConfUtils.java:logGet(43)) - raft.server.log.appender.install.snapshot.enabled = false (custom)
2019-09-29 11:17:57,292 [pool-47-thread-1] INFO  server.RaftServerConfigKeys (ConfUtils.java:logGet(43)) - raft.server.storage.dir = [/workdir/hadoop-ozone/integration-test/target/test-dir/MiniOzoneClusterImpl-9adecfa3-4693-4b3b-b175-846bdd8f8c06/datanode-2/data/ratis] (custom)
2019-09-29 11:17:57,292 [pool-37-thread-1] INFO  impl.RaftServerImpl (ServerState.java:<init>(103)) - d87f90a9-3605-42ff-a73f-b54839b7ec6f@group-069BEA507B86: ConfigurationManager, init=-1: [d87f90a9-3605-42ff-a73f-b54839b7ec6f:192.168.30.19:44039, 813e8ff3-5a9d-4177-a3ce-ff3f7795e702:192.168.30.19:38815, 16f9aea5-9974-4547-813d-50b5e9cbac2d:192.168.30.19:34925], old=null, confs=<EMPTY_MAP>
2019-09-29 11:17:57,292 [pool-37-thread-1] INFO  server.RaftServerConfigKeys (ConfUtils.java:logGet(43)) - raft.server.storage.dir = [/workdir/hadoop-ozone/integration-test/target/test-dir/MiniOzoneClusterImpl-9adecfa3-4693-4b3b-b175-846bdd8f8c06/datanode-1/data/ratis] (custom)
2019-09-29 11:17:57,293 [pool-47-thread-1] INFO  storage.RaftStorageDirectory (RaftStorageDirectory.java:analyzeStorage(246)) - The storage directory /workdir/hadoop-ozone/integration-test/target/test-dir/MiniOzoneClusterImpl-9adecfa3-4693-4b3b-b175-846bdd8f8c06/datanode-2/data/ratis/eba7c9f2-3785-45d8-898a-069bea507b86 does not exist. Creating ...
2019-09-29 11:17:57,293 [pool-37-thread-1] INFO  storage.RaftStorageDirectory (RaftStorageDirectory.java:analyzeStorage(246)) - The storage directory /workdir/hadoop-ozone/integration-test/target/test-dir/MiniOzoneClusterImpl-9adecfa3-4693-4b3b-b175-846bdd8f8c06/datanode-1/data/ratis/eba7c9f2-3785-45d8-898a-069bea507b86 does not exist. Creating ...
2019-09-29 11:17:57,321 [pool-37-thread-1] INFO  storage.RaftStorageDirectory (RaftStorageDirectory.java:tryLock(328)) - Lock on /workdir/hadoop-ozone/integration-test/target/test-dir/MiniOzoneClusterImpl-9adecfa3-4693-4b3b-b175-846bdd8f8c06/datanode-1/data/ratis/eba7c9f2-3785-45d8-898a-069bea507b86/in_use.lock acquired by nodename 31535@pr-hdds-1569-lsfh5-224679870
2019-09-29 11:17:57,321 [pool-77-thread-1] INFO  storage.RaftStorageDirectory (RaftStorageDirectory.java:tryLock(328)) - Lock on /workdir/hadoop-ozone/integration-test/target/test-dir/MiniOzoneClusterImpl-9adecfa3-4693-4b3b-b175-846bdd8f8c06/datanode-5/data/ratis/eba7c9f2-3785-45d8-898a-069bea507b86/in_use.lock acquired by nodename 31535@pr-hdds-1569-lsfh5-224679870
2019-09-29 11:17:57,321 [pool-47-thread-1] INFO  storage.RaftStorageDirectory (RaftStorageDirectory.java:tryLock(328)) - Lock on /workdir/hadoop-ozone/integration-test/target/test-dir/MiniOzoneClusterImpl-9adecfa3-4693-4b3b-b175-846bdd8f8c06/datanode-2/data/ratis/eba7c9f2-3785-45d8-898a-069bea507b86/in_use.lock acquired by nodename 31535@pr-hdds-1569-lsfh5-224679870
2019-09-29 11:17:57,346 [pool-77-thread-1] INFO  storage.RaftStorage (RaftStorage.java:format(72)) - Storage directory /workdir/hadoop-ozone/integration-test/target/test-dir/MiniOzoneClusterImpl-9adecfa3-4693-4b3b-b175-846bdd8f8c06/datanode-5/data/ratis/eba7c9f2-3785-45d8-898a-069bea507b86 has been successfully formatted.
2019-09-29 11:17:57,347 [pool-47-thread-1] INFO  storage.RaftStorage (RaftStorage.java:format(72)) - Storage directory /workdir/hadoop-ozone/integration-test/target/test-dir/MiniOzoneClusterImpl-9adecfa3-4693-4b3b-b175-846bdd8f8c06/datanode-2/data/ratis/eba7c9f2-3785-45d8-898a-069bea507b86 has been successfully formatted.
2019-09-29 11:17:57,347 [pool-77-thread-1] INFO  ratis.ContainerStateMachine (ContainerStateMachine.java:loadSnapshot(230)) - group-069BEA507B86: The snapshot info is null. Setting the last applied indexto:(t:0, i:~)
2019-09-29 11:17:57,346 [pool-37-thread-1] INFO  storage.RaftStorage (RaftStorage.java:format(72)) - Storage directory /workdir/hadoop-ozone/integration-test/target/test-dir/MiniOzoneClusterImpl-9adecfa3-4693-4b3b-b175-846bdd8f8c06/datanode-1/data/ratis/eba7c9f2-3785-45d8-898a-069bea507b86 has been successfully formatted.
2019-09-29 11:17:57,347 [pool-77-thread-1] INFO  server.RaftServerConfigKeys (ConfUtils.java:logGet(43)) - raft.server.notification.no-leader.timeout = 120s (custom)
2019-09-29 11:17:57,348 [pool-37-thread-1] INFO  ratis.ContainerStateMachine (ContainerStateMachine.java:loadSnapshot(230)) - group-069BEA507B86: The snapshot info is null. Setting the last applied indexto:(t:0, i:~)
2019-09-29 11:17:57,347 [pool-47-thread-1] INFO  ratis.ContainerStateMachine (ContainerStateMachine.java:loadSnapshot(230)) - group-069BEA507B86: The snapshot info is null. Setting the last applied indexto:(t:0, i:~)
2019-09-29 11:17:57,348 [pool-37-thread-1] INFO  server.RaftServerConfigKeys (ConfUtils.java:logGet(43)) - raft.server.notification.no-leader.timeout = 120s (custom)
2019-09-29 11:17:57,348 [pool-37-thread-1] INFO  server.RaftServerConfigKeys (ConfUtils.java:logGet(43)) - raft.server.log.use.memory = false (default)
2019-09-29 11:17:57,348 [pool-77-thread-1] INFO  server.RaftServerConfigKeys (ConfUtils.java:logGet(43)) - raft.server.log.use.memory = false (default)
2019-09-29 11:17:57,348 [pool-37-thread-1] INFO  server.RaftServerConfigKeys (ConfUtils.java:logGet(43)) - raft.server.log.purge.gap = 1000000 (custom)
2019-09-29 11:17:57,348 [pool-47-thread-1] INFO  server.RaftServerConfigKeys (ConfUtils.java:logGet(43)) - raft.server.notification.no-leader.timeout = 120s (custom)
2019-09-29 11:17:57,349 [pool-37-thread-1] INFO  server.RaftServerConfigKeys (ConfUtils.java:logGet(43)) - raft.server.log.appender.buffer.byte-limit = 33554432 (custom)
2019-09-29 11:17:57,349 [pool-77-thread-1] INFO  server.RaftServerConfigKeys (ConfUtils.java:logGet(43)) - raft.server.log.purge.gap = 1000000 (custom)
2019-09-29 11:17:57,349 [pool-37-thread-1] INFO  server.RaftServerConfigKeys (ConfUtils.java:logGet(43)) - raft.server.log.segment.size.max = 1048576 (custom)
2019-09-29 11:17:57,349 [pool-47-thread-1] INFO  server.RaftServerConfigKeys (ConfUtils.java:logGet(43)) - raft.server.log.use.memory = false (default)
2019-09-29 11:17:57,349 [pool-37-thread-1] INFO  server.RaftServerConfigKeys (ConfUtils.java:logGet(43)) - raft.server.log.segment.cache.num.max = 2 (custom)
2019-09-29 11:17:57,349 [pool-77-thread-1] INFO  server.RaftServerConfigKeys (ConfUtils.java:logGet(43)) - raft.server.log.appender.buffer.byte-limit = 33554432 (custom)
2019-09-29 11:17:57,350 [pool-37-thread-1] INFO  segmented.SegmentedRaftLogWorker (SegmentedRaftLogWorker.java:<init>(172)) - new d87f90a9-3605-42ff-a73f-b54839b7ec6f@group-069BEA507B86-SegmentedRaftLogWorker for RaftStorage:Storage Directory /workdir/hadoop-ozone/integration-test/target/test-dir/MiniOzoneClusterImpl-9adecfa3-4693-4b3b-b175-846bdd8f8c06/datanode-1/data/ratis/eba7c9f2-3785-45d8-898a-069bea507b86
2019-09-29 11:17:57,350 [pool-47-thread-1] INFO  server.RaftServerConfigKeys (ConfUtils.java:logGet(43)) - raft.server.log.purge.gap = 1000000 (custom)
2019-09-29 11:17:57,350 [pool-37-thread-1] INFO  server.RaftServerConfigKeys (ConfUtils.java:logGet(43)) - raft.server.log.queue.byte-limit = 2147483647 (custom)
2019-09-29 11:17:57,350 [pool-77-thread-1] INFO  server.RaftServerConfigKeys (ConfUtils.java:logGet(43)) - raft.server.log.segment.size.max = 1048576 (custom)
2019-09-29 11:17:57,350 [pool-37-thread-1] INFO  server.RaftServerConfigKeys (ConfUtils.java:logGet(43)) - raft.server.log.queue.element-limit = 1024 (custom)
2019-09-29 11:17:57,350 [pool-47-thread-1] INFO  server.RaftServerConfigKeys (ConfUtils.java:logGet(43)) - raft.server.log.appender.buffer.byte-limit = 33554432 (custom)
2019-09-29 11:17:57,351 [pool-37-thread-1] INFO  server.RaftServerConfigKeys (ConfUtils.java:logGet(43)) - raft.server.log.segment.size.max = 1048576 (custom)
2019-09-29 11:17:57,351 [pool-77-thread-1] INFO  server.RaftServerConfigKeys (ConfUtils.java:logGet(43)) - raft.server.log.segment.cache.num.max = 2 (custom)
2019-09-29 11:17:57,351 [pool-37-thread-1] INFO  server.RaftServerConfigKeys (ConfUtils.java:logGet(43)) - raft.server.log.preallocated.size = 16384 (custom)
2019-09-29 11:17:57,351 [pool-47-thread-1] INFO  server.RaftServerConfigKeys (ConfUtils.java:logGet(43)) - raft.server.log.segment.size.max = 1048576 (custom)
2019-09-29 11:17:57,351 [pool-37-thread-1] INFO  server.RaftServerConfigKeys (ConfUtils.java:logGet(43)) - raft.server.log.write.buffer.size = 33554432 (custom)
2019-09-29 11:17:57,351 [pool-77-thread-1] INFO  segmented.SegmentedRaftLogWorker (SegmentedRaftLogWorker.java:<init>(172)) - new 16f9aea5-9974-4547-813d-50b5e9cbac2d@group-069BEA507B86-SegmentedRaftLogWorker for RaftStorage:Storage Directory /workdir/hadoop-ozone/integration-test/target/test-dir/MiniOzoneClusterImpl-9adecfa3-4693-4b3b-b175-846bdd8f8c06/datanode-5/data/ratis/eba7c9f2-3785-45d8-898a-069bea507b86
2019-09-29 11:17:57,352 [pool-37-thread-1] INFO  server.RaftServerConfigKeys (ConfUtils.java:logGet(43)) - raft.server.log.force.sync.num = 128 (default)
2019-09-29 11:17:57,351 [pool-47-thread-1] INFO  server.RaftServerConfigKeys (ConfUtils.java:logGet(43)) - raft.server.log.segment.cache.num.max = 2 (custom)
2019-09-29 11:17:57,352 [pool-37-thread-1] INFO  server.RaftServerConfigKeys (ConfUtils.java:logGet(43)) - raft.server.log.statemachine.data.sync = true (default)
2019-09-29 11:17:57,352 [pool-77-thread-1] INFO  server.RaftServerConfigKeys (ConfUtils.java:logGet(43)) - raft.server.log.queue.byte-limit = 2147483647 (custom)
2019-09-29 11:17:57,352 [pool-37-thread-1] INFO  server.RaftServerConfigKeys (ConfUtils.java:logGet(43)) - raft.server.log.statemachine.data.sync.timeout = 10s (default)
2019-09-29 11:17:57,352 [pool-47-thread-1] INFO  segmented.SegmentedRaftLogWorker (SegmentedRaftLogWorker.java:<init>(172)) - new 813e8ff3-5a9d-4177-a3ce-ff3f7795e702@group-069BEA507B86-SegmentedRaftLogWorker for RaftStorage:Storage Directory /workdir/hadoop-ozone/integration-test/target/test-dir/MiniOzoneClusterImpl-9adecfa3-4693-4b3b-b175-846bdd8f8c06/datanode-2/data/ratis/eba7c9f2-3785-45d8-898a-069bea507b86
2019-09-29 11:17:57,352 [pool-37-thread-1] INFO  server.RaftServerConfigKeys (ConfUtils.java:logGet(43)) - raft.server.log.statemachine.data.sync.timeout.retry = -1 (default)
2019-09-29 11:17:57,352 [pool-77-thread-1] INFO  server.RaftServerConfigKeys (ConfUtils.java:logGet(43)) - raft.server.log.queue.element-limit = 1024 (custom)
2019-09-29 11:17:57,353 [pool-37-thread-1] INFO  server.RaftServerConfigKeys (ConfUtils.java:logGet(43)) - raft.server.log.statemachine.data.caching.enabled = true (custom)
2019-09-29 11:17:57,353 [pool-47-thread-1] INFO  server.RaftServerConfigKeys (ConfUtils.java:logGet(43)) - raft.server.log.queue.byte-limit = 2147483647 (custom)
2019-09-29 11:17:57,353 [pool-77-thread-1] INFO  server.RaftServerConfigKeys (ConfUtils.java:logGet(43)) - raft.server.log.segment.size.max = 1048576 (custom)
2019-09-29 11:17:57,353 [pool-47-thread-1] INFO  server.RaftServerConfigKeys (ConfUtils.java:logGet(43)) - raft.server.log.queue.element-limit = 1024 (custom)
2019-09-29 11:17:57,354 [pool-37-thread-1] INFO  segmented.SegmentedRaftLogWorker (SegmentedRaftLogWorker.java:lambda$new$0(132)) - d87f90a9-3605-42ff-a73f-b54839b7ec6f@group-069BEA507B86-SegmentedRaftLogWorker: flushIndex: setUnconditionally 0 -> -1
2019-09-29 11:17:57,353 [pool-77-thread-1] INFO  server.RaftServerConfigKeys (ConfUtils.java:logGet(43)) - raft.server.log.preallocated.size = 16384 (custom)
2019-09-29 11:17:57,354 [pool-47-thread-1] INFO  server.RaftServerConfigKeys (ConfUtils.java:logGet(43)) - raft.server.log.segment.size.max = 1048576 (custom)
2019-09-29 11:17:57,354 [pool-37-thread-1] INFO  server.RaftServerConfigKeys (ConfUtils.java:logGet(43)) - raft.server.snapshot.auto.trigger.enabled = true (custom)
2019-09-29 11:17:57,354 [pool-77-thread-1] INFO  server.RaftServerConfigKeys (ConfUtils.java:logGet(43)) - raft.server.log.write.buffer.size = 33554432 (custom)
2019-09-29 11:17:57,354 [pool-37-thread-1] INFO  server.RaftServerConfigKeys (ConfUtils.java:logGet(43)) - raft.server.snapshot.auto.trigger.threshold = 10000 (custom)
2019-09-29 11:17:57,354 [pool-47-thread-1] INFO  server.RaftServerConfigKeys (ConfUtils.java:logGet(43)) - raft.server.log.preallocated.size = 16384 (custom)
2019-09-29 11:17:57,355 [pool-37-thread-1] INFO  server.RaftServerConfigKeys (ConfUtils.java:logGet(43)) - raft.server.snapshot.retention.num.files = 5 (custom)
2019-09-29 11:17:57,355 [pool-77-thread-1] INFO  server.RaftServerConfigKeys (ConfUtils.java:logGet(43)) - raft.server.log.force.sync.num = 128 (default)
2019-09-29 11:17:57,355 [pool-47-thread-1] INFO  server.RaftServerConfigKeys (ConfUtils.java:logGet(43)) - raft.server.log.write.buffer.size = 33554432 (custom)
2019-09-29 11:17:57,355 [pool-77-thread-1] INFO  server.RaftServerConfigKeys (ConfUtils.java:logGet(43)) - raft.server.log.statemachine.data.sync = true (default)
2019-09-29 11:17:57,355 [pool-37-thread-1] INFO  server.RaftServerConfigKeys (ConfUtils.java:logGet(43)) - raft.server.retrycache.expirytime = 600000ms (custom)
2019-09-29 11:17:57,356 [pool-77-thread-1] INFO  server.RaftServerConfigKeys (ConfUtils.java:logGet(43)) - raft.server.log.statemachine.data.sync.timeout = 10s (default)
2019-09-29 11:17:57,355 [pool-47-thread-1] INFO  server.RaftServerConfigKeys (ConfUtils.java:logGet(43)) - raft.server.log.force.sync.num = 128 (default)
2019-09-29 11:17:57,356 [pool-77-thread-1] INFO  server.RaftServerConfigKeys (ConfUtils.java:logGet(43)) - raft.server.log.statemachine.data.sync.timeout.retry = -1 (default)
2019-09-29 11:17:57,356 [pool-47-thread-1] INFO  server.RaftServerConfigKeys (ConfUtils.java:logGet(43)) - raft.server.log.statemachine.data.sync = true (default)
2019-09-29 11:17:57,356 [pool-77-thread-1] INFO  server.RaftServerConfigKeys (ConfUtils.java:logGet(43)) - raft.server.log.statemachine.data.caching.enabled = true (custom)
2019-09-29 11:17:57,356 [pool-47-thread-1] INFO  server.RaftServerConfigKeys (ConfUtils.java:logGet(43)) - raft.server.log.statemachine.data.sync.timeout = 10s (default)
2019-09-29 11:17:57,357 [pool-77-thread-1] INFO  segmented.SegmentedRaftLogWorker (SegmentedRaftLogWorker.java:lambda$new$0(132)) - 16f9aea5-9974-4547-813d-50b5e9cbac2d@group-069BEA507B86-SegmentedRaftLogWorker: flushIndex: setUnconditionally 0 -> -1
2019-09-29 11:17:57,357 [pool-47-thread-1] INFO  server.RaftServerConfigKeys (ConfUtils.java:logGet(43)) - raft.server.log.statemachine.data.sync.timeout.retry = -1 (default)
2019-09-29 11:17:57,357 [pool-77-thread-1] INFO  server.RaftServerConfigKeys (ConfUtils.java:logGet(43)) - raft.server.snapshot.auto.trigger.enabled = true (custom)
2019-09-29 11:17:57,357 [pool-47-thread-1] INFO  server.RaftServerConfigKeys (ConfUtils.java:logGet(43)) - raft.server.log.statemachine.data.caching.enabled = true (custom)
2019-09-29 11:17:57,357 [pool-77-thread-1] INFO  server.RaftServerConfigKeys (ConfUtils.java:logGet(43)) - raft.server.snapshot.auto.trigger.threshold = 10000 (custom)
2019-09-29 11:17:57,358 [pool-77-thread-1] INFO  server.RaftServerConfigKeys (ConfUtils.java:logGet(43)) - raft.server.snapshot.retention.num.files = 5 (custom)
2019-09-29 11:17:57,358 [pool-47-thread-1] INFO  segmented.SegmentedRaftLogWorker (SegmentedRaftLogWorker.java:lambda$new$0(132)) - 813e8ff3-5a9d-4177-a3ce-ff3f7795e702@group-069BEA507B86-SegmentedRaftLogWorker: flushIndex: setUnconditionally 0 -> -1
2019-09-29 11:17:57,358 [pool-77-thread-1] INFO  server.RaftServerConfigKeys (ConfUtils.java:logGet(43)) - raft.server.retrycache.expirytime = 600000ms (custom)
2019-09-29 11:17:57,358 [pool-47-thread-1] INFO  server.RaftServerConfigKeys (ConfUtils.java:logGet(43)) - raft.server.snapshot.auto.trigger.enabled = true (custom)
2019-09-29 11:17:57,358 [pool-47-thread-1] INFO  server.RaftServerConfigKeys (ConfUtils.java:logGet(43)) - raft.server.snapshot.auto.trigger.threshold = 10000 (custom)
2019-09-29 11:17:57,359 [pool-47-thread-1] INFO  server.RaftServerConfigKeys (ConfUtils.java:logGet(43)) - raft.server.snapshot.retention.num.files = 5 (custom)
2019-09-29 11:17:57,359 [pool-47-thread-1] INFO  server.RaftServerConfigKeys (ConfUtils.java:logGet(43)) - raft.server.retrycache.expirytime = 600000ms (custom)
2019-09-29 11:17:57,360 [pool-37-thread-1] INFO  impl.RaftServerImpl (RaftServerImpl.java:start(185)) - d87f90a9-3605-42ff-a73f-b54839b7ec6f@group-069BEA507B86: start as a follower, conf=-1: [d87f90a9-3605-42ff-a73f-b54839b7ec6f:192.168.30.19:44039, 813e8ff3-5a9d-4177-a3ce-ff3f7795e702:192.168.30.19:38815, 16f9aea5-9974-4547-813d-50b5e9cbac2d:192.168.30.19:34925], old=null
2019-09-29 11:17:57,360 [pool-37-thread-1] INFO  impl.RaftServerImpl (RaftServerImpl.java:setRole(174)) - d87f90a9-3605-42ff-a73f-b54839b7ec6f@group-069BEA507B86: changes role from      null to FOLLOWER at term 0 for startAsFollower
2019-09-29 11:17:57,360 [pool-37-thread-1] INFO  impl.RoleInfo (RoleInfo.java:updateAndGet(143)) - d87f90a9-3605-42ff-a73f-b54839b7ec6f: start FollowerState
2019-09-29 11:17:57,368 [pool-37-thread-1] INFO  util.JmxRegister (JmxRegister.java:tryRegister(44)) - Successfully registered JMX Bean with object name Ratis:service=RaftServer,group=group-069BEA507B86,id=d87f90a9-3605-42ff-a73f-b54839b7ec6f
2019-09-29 11:17:57,374 [pool-77-thread-1] INFO  impl.RaftServerImpl (RaftServerImpl.java:start(185)) - 16f9aea5-9974-4547-813d-50b5e9cbac2d@group-069BEA507B86: start as a follower, conf=-1: [d87f90a9-3605-42ff-a73f-b54839b7ec6f:192.168.30.19:44039, 813e8ff3-5a9d-4177-a3ce-ff3f7795e702:192.168.30.19:38815, 16f9aea5-9974-4547-813d-50b5e9cbac2d:192.168.30.19:34925], old=null
2019-09-29 11:17:57,374 [pool-77-thread-1] INFO  impl.RaftServerImpl (RaftServerImpl.java:setRole(174)) - 16f9aea5-9974-4547-813d-50b5e9cbac2d@group-069BEA507B86: changes role from      null to FOLLOWER at term 0 for startAsFollower
2019-09-29 11:17:57,375 [pool-77-thread-1] INFO  impl.RoleInfo (RoleInfo.java:updateAndGet(143)) - 16f9aea5-9974-4547-813d-50b5e9cbac2d: start FollowerState
2019-09-29 11:17:57,375 [pool-77-thread-1] INFO  util.JmxRegister (JmxRegister.java:tryRegister(44)) - Successfully registered JMX Bean with object name Ratis:service=RaftServer,group=group-069BEA507B86,id=16f9aea5-9974-4547-813d-50b5e9cbac2d
2019-09-29 11:17:57,384 [pool-47-thread-1] INFO  impl.RaftServerImpl (RaftServerImpl.java:start(185)) - 813e8ff3-5a9d-4177-a3ce-ff3f7795e702@group-069BEA507B86: start as a follower, conf=-1: [d87f90a9-3605-42ff-a73f-b54839b7ec6f:192.168.30.19:44039, 813e8ff3-5a9d-4177-a3ce-ff3f7795e702:192.168.30.19:38815, 16f9aea5-9974-4547-813d-50b5e9cbac2d:192.168.30.19:34925], old=null
2019-09-29 11:17:57,386 [pool-47-thread-1] INFO  impl.RaftServerImpl (RaftServerImpl.java:setRole(174)) - 813e8ff3-5a9d-4177-a3ce-ff3f7795e702@group-069BEA507B86: changes role from      null to FOLLOWER at term 0 for startAsFollower
2019-09-29 11:17:57,386 [pool-47-thread-1] INFO  impl.RoleInfo (RoleInfo.java:updateAndGet(143)) - 813e8ff3-5a9d-4177-a3ce-ff3f7795e702: start FollowerState
2019-09-29 11:17:57,387 [pool-47-thread-1] INFO  util.JmxRegister (JmxRegister.java:tryRegister(44)) - Successfully registered JMX Bean with object name Ratis:service=RaftServer,group=group-069BEA507B86,id=813e8ff3-5a9d-4177-a3ce-ff3f7795e702
2019-09-29 11:17:57,391 [RatisPipelineUtilsThread] INFO  pipeline.PipelineStateManager (PipelineStateManager.java:addPipeline(56)) - Created pipeline Pipeline[ Id: eba7c9f2-3785-45d8-898a-069bea507b86, Nodes: 813e8ff3-5a9d-4177-a3ce-ff3f7795e702{ip: 192.168.30.19, host: pr-hdds-1569-lsfh5-224679870, networkLocation: /default-rack, certSerialId: null}d87f90a9-3605-42ff-a73f-b54839b7ec6f{ip: 192.168.30.19, host: pr-hdds-1569-lsfh5-224679870, networkLocation: /default-rack, certSerialId: null}16f9aea5-9974-4547-813d-50b5e9cbac2d{ip: 192.168.30.19, host: pr-hdds-1569-lsfh5-224679870, networkLocation: /default-rack, certSerialId: null}, Type:RATIS, Factor:THREE, State:OPEN]
2019-09-29 11:17:57,409 [grpc-default-executor-0] INFO  impl.RaftServerProxy (RaftServerProxy.java:addNew(89)) - 16f9aea5-9974-4547-813d-50b5e9cbac2d: addNew group-04C128AFAA8A:[d87f90a9-3605-42ff-a73f-b54839b7ec6f:192.168.30.19:44039, 16f9aea5-9974-4547-813d-50b5e9cbac2d:192.168.30.19:34925, 813e8ff3-5a9d-4177-a3ce-ff3f7795e702:192.168.30.19:38815] returns group-04C128AFAA8A:java.util.concurrent.CompletableFuture@7017eeb7[Not completed]
2019-09-29 11:17:57,410 [grpc-default-executor-2] INFO  impl.RaftServerProxy (RaftServerProxy.java:addNew(89)) - 813e8ff3-5a9d-4177-a3ce-ff3f7795e702: addNew group-04C128AFAA8A:[d87f90a9-3605-42ff-a73f-b54839b7ec6f:192.168.30.19:44039, 16f9aea5-9974-4547-813d-50b5e9cbac2d:192.168.30.19:34925, 813e8ff3-5a9d-4177-a3ce-ff3f7795e702:192.168.30.19:38815] returns group-04C128AFAA8A:java.util.concurrent.CompletableFuture@4527799c[Not completed]
2019-09-29 11:17:57,414 [grpc-default-executor-1] INFO  impl.RaftServerProxy (RaftServerProxy.java:addNew(89)) - d87f90a9-3605-42ff-a73f-b54839b7ec6f: addNew group-04C128AFAA8A:[d87f90a9-3605-42ff-a73f-b54839b7ec6f:192.168.30.19:44039, 16f9aea5-9974-4547-813d-50b5e9cbac2d:192.168.30.19:34925, 813e8ff3-5a9d-4177-a3ce-ff3f7795e702:192.168.30.19:38815] returns group-04C128AFAA8A:java.util.concurrent.CompletableFuture@18e1d762[Not completed]
2019-09-29 11:17:57,415 [pool-77-thread-1] INFO  impl.RaftServerImpl (RaftServerImpl.java:<init>(95)) - 16f9aea5-9974-4547-813d-50b5e9cbac2d: new RaftServerImpl for group-04C128AFAA8A:[d87f90a9-3605-42ff-a73f-b54839b7ec6f:192.168.30.19:44039, 16f9aea5-9974-4547-813d-50b5e9cbac2d:192.168.30.19:34925, 813e8ff3-5a9d-4177-a3ce-ff3f7795e702:192.168.30.19:38815] with ContainerStateMachine:uninitialized
2019-09-29 11:17:57,415 [pool-77-thread-1] INFO  server.RaftServerConfigKeys (ConfUtils.java:logGet(43)) - raft.server.rpc.timeout.min = 5s (custom)
2019-09-29 11:17:57,415 [pool-77-thread-1] INFO  server.RaftServerConfigKeys (ConfUtils.java:logGet(43)) - raft.server.rpc.timeout.max = 5200ms (custom)
2019-09-29 11:17:57,415 [pool-77-thread-1] INFO  server.RaftServerConfigKeys (ConfUtils.java:logGet(43)) - raft.server.rpcslowness.timeout = 120s (custom)
2019-09-29 11:17:57,415 [pool-77-thread-1] INFO  server.RaftServerConfigKeys (ConfUtils.java:logGet(43)) - raft.server.sleep.deviation.threshold = 300 (default)
2019-09-29 11:17:57,415 [pool-77-thread-1] INFO  server.RaftServerConfigKeys (ConfUtils.java:logGet(43)) - raft.server.log.appender.install.snapshot.enabled = false (custom)
2019-09-29 11:17:57,415 [pool-77-thread-1] INFO  impl.RaftServerImpl (ServerState.java:<init>(103)) - 16f9aea5-9974-4547-813d-50b5e9cbac2d@group-04C128AFAA8A: ConfigurationManager, init=-1: [d87f90a9-3605-42ff-a73f-b54839b7ec6f:192.168.30.19:44039, 16f9aea5-9974-4547-813d-50b5e9cbac2d:192.168.30.19:34925, 813e8ff3-5a9d-4177-a3ce-ff3f7795e702:192.168.30.19:38815], old=null, confs=<EMPTY_MAP>
2019-09-29 11:17:57,416 [pool-77-thread-1] INFO  server.RaftServerConfigKeys (ConfUtils.java:logGet(43)) - raft.server.storage.dir = [/workdir/hadoop-ozone/integration-test/target/test-dir/MiniOzoneClusterImpl-9adecfa3-4693-4b3b-b175-846bdd8f8c06/datanode-5/data/ratis] (custom)
2019-09-29 11:17:57,416 [pool-37-thread-1] INFO  impl.RaftServerImpl (RaftServerImpl.java:<init>(95)) - d87f90a9-3605-42ff-a73f-b54839b7ec6f: new RaftServerImpl for group-04C128AFAA8A:[d87f90a9-3605-42ff-a73f-b54839b7ec6f:192.168.30.19:44039, 16f9aea5-9974-4547-813d-50b5e9cbac2d:192.168.30.19:34925, 813e8ff3-5a9d-4177-a3ce-ff3f7795e702:192.168.30.19:38815] with ContainerStateMachine:uninitialized
2019-09-29 11:17:57,416 [pool-37-thread-1] INFO  server.RaftServerConfigKeys (ConfUtils.java:logGet(43)) - raft.server.rpc.timeout.min = 5s (custom)
2019-09-29 11:17:57,416 [pool-77-thread-1] INFO  storage.RaftStorageDirectory (RaftStorageDirectory.java:analyzeStorage(246)) - The storage directory /workdir/hadoop-ozone/integration-test/target/test-dir/MiniOzoneClusterImpl-9adecfa3-4693-4b3b-b175-846bdd8f8c06/datanode-5/data/ratis/f74bfd06-a018-4261-af4e-04c128afaa8a does not exist. Creating ...
2019-09-29 11:17:57,416 [pool-37-thread-1] INFO  server.RaftServerConfigKeys (ConfUtils.java:logGet(43)) - raft.server.rpc.timeout.max = 5200ms (custom)
2019-09-29 11:17:57,416 [pool-37-thread-1] INFO  server.RaftServerConfigKeys (ConfUtils.java:logGet(43)) - raft.server.rpcslowness.timeout = 120s (custom)
2019-09-29 11:17:57,416 [pool-37-thread-1] INFO  server.RaftServerConfigKeys (ConfUtils.java:logGet(43)) - raft.server.sleep.deviation.threshold = 300 (default)
2019-09-29 11:17:57,417 [pool-37-thread-1] INFO  server.RaftServerConfigKeys (ConfUtils.java:logGet(43)) - raft.server.log.appender.install.snapshot.enabled = false (custom)
2019-09-29 11:17:57,417 [pool-37-thread-1] INFO  impl.RaftServerImpl (ServerState.java:<init>(103)) - d87f90a9-3605-42ff-a73f-b54839b7ec6f@group-04C128AFAA8A: ConfigurationManager, init=-1: [d87f90a9-3605-42ff-a73f-b54839b7ec6f:192.168.30.19:44039, 16f9aea5-9974-4547-813d-50b5e9cbac2d:192.168.30.19:34925, 813e8ff3-5a9d-4177-a3ce-ff3f7795e702:192.168.30.19:38815], old=null, confs=<EMPTY_MAP>
2019-09-29 11:17:57,417 [pool-37-thread-1] INFO  server.RaftServerConfigKeys (ConfUtils.java:logGet(43)) - raft.server.storage.dir = [/workdir/hadoop-ozone/integration-test/target/test-dir/MiniOzoneClusterImpl-9adecfa3-4693-4b3b-b175-846bdd8f8c06/datanode-1/data/ratis] (custom)
2019-09-29 11:17:57,417 [pool-47-thread-1] INFO  impl.RaftServerImpl (RaftServerImpl.java:<init>(95)) - 813e8ff3-5a9d-4177-a3ce-ff3f7795e702: new RaftServerImpl for group-04C128AFAA8A:[d87f90a9-3605-42ff-a73f-b54839b7ec6f:192.168.30.19:44039, 16f9aea5-9974-4547-813d-50b5e9cbac2d:192.168.30.19:34925, 813e8ff3-5a9d-4177-a3ce-ff3f7795e702:192.168.30.19:38815] with ContainerStateMachine:uninitialized
2019-09-29 11:17:57,417 [pool-47-thread-1] INFO  server.RaftServerConfigKeys (ConfUtils.java:logGet(43)) - raft.server.rpc.timeout.min = 5s (custom)
2019-09-29 11:17:57,417 [pool-37-thread-1] INFO  storage.RaftStorageDirectory (RaftStorageDirectory.java:analyzeStorage(246)) - The storage directory /workdir/hadoop-ozone/integration-test/target/test-dir/MiniOzoneClusterImpl-9adecfa3-4693-4b3b-b175-846bdd8f8c06/datanode-1/data/ratis/f74bfd06-a018-4261-af4e-04c128afaa8a does not exist. Creating ...
2019-09-29 11:17:57,418 [pool-47-thread-1] INFO  server.RaftServerConfigKeys (ConfUtils.java:logGet(43)) - raft.server.rpc.timeout.max = 5200ms (custom)
2019-09-29 11:17:57,418 [pool-47-thread-1] INFO  server.RaftServerConfigKeys (ConfUtils.java:logGet(43)) - raft.server.rpcslowness.timeout = 120s (custom)
2019-09-29 11:17:57,418 [pool-47-thread-1] INFO  server.RaftServerConfigKeys (ConfUtils.java:logGet(43)) - raft.server.sleep.deviation.threshold = 300 (default)
2019-09-29 11:17:57,418 [pool-47-thread-1] INFO  server.RaftServerConfigKeys (ConfUtils.java:logGet(43)) - raft.server.log.appender.install.snapshot.enabled = false (custom)
2019-09-29 11:17:57,418 [pool-47-thread-1] INFO  impl.RaftServerImpl (ServerState.java:<init>(103)) - 813e8ff3-5a9d-4177-a3ce-ff3f7795e702@group-04C128AFAA8A: ConfigurationManager, init=-1: [d87f90a9-3605-42ff-a73f-b54839b7ec6f:192.168.30.19:44039, 16f9aea5-9974-4547-813d-50b5e9cbac2d:192.168.30.19:34925, 813e8ff3-5a9d-4177-a3ce-ff3f7795e702:192.168.30.19:38815], old=null, confs=<EMPTY_MAP>
2019-09-29 11:17:57,419 [pool-47-thread-1] INFO  server.RaftServerConfigKeys (ConfUtils.java:logGet(43)) - raft.server.storage.dir = [/workdir/hadoop-ozone/integration-test/target/test-dir/MiniOzoneClusterImpl-9adecfa3-4693-4b3b-b175-846bdd8f8c06/datanode-2/data/ratis] (custom)
2019-09-29 11:17:57,419 [pool-47-thread-1] INFO  storage.RaftStorageDirectory (RaftStorageDirectory.java:analyzeStorage(246)) - The storage directory /workdir/hadoop-ozone/integration-test/target/test-dir/MiniOzoneClusterImpl-9adecfa3-4693-4b3b-b175-846bdd8f8c06/datanode-2/data/ratis/f74bfd06-a018-4261-af4e-04c128afaa8a does not exist. Creating ...
2019-09-29 11:17:57,433 [IPC Server handler 0 on 34365] INFO  volume.OMVolumeCreateRequest (OMVolumeCreateRequest.java:validateAndUpdateCache(189)) - created volume:testblockoutputstream for user:jenkins1000
2019-09-29 11:17:57,441 [pool-37-thread-1] INFO  storage.RaftStorageDirectory (RaftStorageDirectory.java:tryLock(328)) - Lock on /workdir/hadoop-ozone/integration-test/target/test-dir/MiniOzoneClusterImpl-9adecfa3-4693-4b3b-b175-846bdd8f8c06/datanode-1/data/ratis/f74bfd06-a018-4261-af4e-04c128afaa8a/in_use.lock acquired by nodename 31535@pr-hdds-1569-lsfh5-224679870
2019-09-29 11:17:57,441 [pool-77-thread-1] INFO  storage.RaftStorageDirectory (RaftStorageDirectory.java:tryLock(328)) - Lock on /workdir/hadoop-ozone/integration-test/target/test-dir/MiniOzoneClusterImpl-9adecfa3-4693-4b3b-b175-846bdd8f8c06/datanode-5/data/ratis/f74bfd06-a018-4261-af4e-04c128afaa8a/in_use.lock acquired by nodename 31535@pr-hdds-1569-lsfh5-224679870
2019-09-29 11:17:57,441 [pool-47-thread-1] INFO  storage.RaftStorageDirectory (RaftStorageDirectory.java:tryLock(328)) - Lock on /workdir/hadoop-ozone/integration-test/target/test-dir/MiniOzoneClusterImpl-9adecfa3-4693-4b3b-b175-846bdd8f8c06/datanode-2/data/ratis/f74bfd06-a018-4261-af4e-04c128afaa8a/in_use.lock acquired by nodename 31535@pr-hdds-1569-lsfh5-224679870
2019-09-29 11:17:57,464 [pool-77-thread-1] INFO  storage.RaftStorage (RaftStorage.java:format(72)) - Storage directory /workdir/hadoop-ozone/integration-test/target/test-dir/MiniOzoneClusterImpl-9adecfa3-4693-4b3b-b175-846bdd8f8c06/datanode-5/data/ratis/f74bfd06-a018-4261-af4e-04c128afaa8a has been successfully formatted.
2019-09-29 11:17:57,464 [pool-47-thread-1] INFO  storage.RaftStorage (RaftStorage.java:format(72)) - Storage directory /workdir/hadoop-ozone/integration-test/target/test-dir/MiniOzoneClusterImpl-9adecfa3-4693-4b3b-b175-846bdd8f8c06/datanode-2/data/ratis/f74bfd06-a018-4261-af4e-04c128afaa8a has been successfully formatted.
2019-09-29 11:17:57,465 [pool-77-thread-1] INFO  ratis.ContainerStateMachine (ContainerStateMachine.java:loadSnapshot(230)) - group-04C128AFAA8A: The snapshot info is null. Setting the last applied indexto:(t:0, i:~)
2019-09-29 11:17:57,464 [pool-37-thread-1] INFO  storage.RaftStorage (RaftStorage.java:format(72)) - Storage directory /workdir/hadoop-ozone/integration-test/target/test-dir/MiniOzoneClusterImpl-9adecfa3-4693-4b3b-b175-846bdd8f8c06/datanode-1/data/ratis/f74bfd06-a018-4261-af4e-04c128afaa8a has been successfully formatted.
2019-09-29 11:17:57,466 [pool-47-thread-1] INFO  ratis.ContainerStateMachine (ContainerStateMachine.java:loadSnapshot(230)) - group-04C128AFAA8A: The snapshot info is null. Setting the last applied indexto:(t:0, i:~)
2019-09-29 11:17:57,466 [pool-77-thread-1] INFO  server.RaftServerConfigKeys (ConfUtils.java:logGet(43)) - raft.server.notification.no-leader.timeout = 120s (custom)
2019-09-29 11:17:57,466 [pool-47-thread-1] INFO  server.RaftServerConfigKeys (ConfUtils.java:logGet(43)) - raft.server.notification.no-leader.timeout = 120s (custom)
2019-09-29 11:17:57,466 [pool-37-thread-1] INFO  ratis.ContainerStateMachine (ContainerStateMachine.java:loadSnapshot(230)) - group-04C128AFAA8A: The snapshot info is null. Setting the last applied indexto:(t:0, i:~)
2019-09-29 11:17:57,467 [pool-47-thread-1] INFO  server.RaftServerConfigKeys (ConfUtils.java:logGet(43)) - raft.server.log.use.memory = false (default)
2019-09-29 11:17:57,467 [pool-77-thread-1] INFO  server.RaftServerConfigKeys (ConfUtils.java:logGet(43)) - raft.server.log.use.memory = false (default)
2019-09-29 11:17:57,467 [pool-47-thread-1] INFO  server.RaftServerConfigKeys (ConfUtils.java:logGet(43)) - raft.server.log.purge.gap = 1000000 (custom)
2019-09-29 11:17:57,467 [pool-77-thread-1] INFO  server.RaftServerConfigKeys (ConfUtils.java:logGet(43)) - raft.server.log.purge.gap = 1000000 (custom)
2019-09-29 11:17:57,467 [pool-37-thread-1] INFO  server.RaftServerConfigKeys (ConfUtils.java:logGet(43)) - raft.server.notification.no-leader.timeout = 120s (custom)
2019-09-29 11:17:57,467 [pool-77-thread-1] INFO  server.RaftServerConfigKeys (ConfUtils.java:logGet(43)) - raft.server.log.appender.buffer.byte-limit = 33554432 (custom)
2019-09-29 11:17:57,467 [pool-47-thread-1] INFO  server.RaftServerConfigKeys (ConfUtils.java:logGet(43)) - raft.server.log.appender.buffer.byte-limit = 33554432 (custom)
2019-09-29 11:17:57,468 [pool-77-thread-1] INFO  server.RaftServerConfigKeys (ConfUtils.java:logGet(43)) - raft.server.log.segment.size.max = 1048576 (custom)
2019-09-29 11:17:57,468 [pool-37-thread-1] INFO  server.RaftServerConfigKeys (ConfUtils.java:logGet(43)) - raft.server.log.use.memory = false (default)
2019-09-29 11:17:57,468 [pool-77-thread-1] INFO  server.RaftServerConfigKeys (ConfUtils.java:logGet(43)) - raft.server.log.segment.cache.num.max = 2 (custom)
2019-09-29 11:17:57,468 [pool-47-thread-1] INFO  server.RaftServerConfigKeys (ConfUtils.java:logGet(43)) - raft.server.log.segment.size.max = 1048576 (custom)
2019-09-29 11:17:57,468 [pool-77-thread-1] INFO  segmented.SegmentedRaftLogWorker (SegmentedRaftLogWorker.java:<init>(172)) - new 16f9aea5-9974-4547-813d-50b5e9cbac2d@group-04C128AFAA8A-SegmentedRaftLogWorker for RaftStorage:Storage Directory /workdir/hadoop-ozone/integration-test/target/test-dir/MiniOzoneClusterImpl-9adecfa3-4693-4b3b-b175-846bdd8f8c06/datanode-5/data/ratis/f74bfd06-a018-4261-af4e-04c128afaa8a
2019-09-29 11:17:57,468 [pool-37-thread-1] INFO  server.RaftServerConfigKeys (ConfUtils.java:logGet(43)) - raft.server.log.purge.gap = 1000000 (custom)
2019-09-29 11:17:57,469 [pool-77-thread-1] INFO  server.RaftServerConfigKeys (ConfUtils.java:logGet(43)) - raft.server.log.queue.byte-limit = 2147483647 (custom)
2019-09-29 11:17:57,468 [pool-47-thread-1] INFO  server.RaftServerConfigKeys (ConfUtils.java:logGet(43)) - raft.server.log.segment.cache.num.max = 2 (custom)
2019-09-29 11:17:57,469 [pool-77-thread-1] INFO  server.RaftServerConfigKeys (ConfUtils.java:logGet(43)) - raft.server.log.queue.element-limit = 1024 (custom)
2019-09-29 11:17:57,469 [pool-37-thread-1] INFO  server.RaftServerConfigKeys (ConfUtils.java:logGet(43)) - raft.server.log.appender.buffer.byte-limit = 33554432 (custom)
2019-09-29 11:17:57,469 [pool-77-thread-1] INFO  server.RaftServerConfigKeys (ConfUtils.java:logGet(43)) - raft.server.log.segment.size.max = 1048576 (custom)
2019-09-29 11:17:57,469 [pool-47-thread-1] INFO  segmented.SegmentedRaftLogWorker (SegmentedRaftLogWorker.java:<init>(172)) - new 813e8ff3-5a9d-4177-a3ce-ff3f7795e702@group-04C128AFAA8A-SegmentedRaftLogWorker for RaftStorage:Storage Directory /workdir/hadoop-ozone/integration-test/target/test-dir/MiniOzoneClusterImpl-9adecfa3-4693-4b3b-b175-846bdd8f8c06/datanode-2/data/ratis/f74bfd06-a018-4261-af4e-04c128afaa8a
2019-09-29 11:17:57,469 [pool-77-thread-1] INFO  server.RaftServerConfigKeys (ConfUtils.java:logGet(43)) - raft.server.log.preallocated.size = 16384 (custom)
2019-09-29 11:17:57,469 [pool-37-thread-1] INFO  server.RaftServerConfigKeys (ConfUtils.java:logGet(43)) - raft.server.log.segment.size.max = 1048576 (custom)
2019-09-29 11:17:57,470 [pool-77-thread-1] INFO  server.RaftServerConfigKeys (ConfUtils.java:logGet(43)) - raft.server.log.write.buffer.size = 33554432 (custom)
2019-09-29 11:17:57,470 [pool-47-thread-1] INFO  server.RaftServerConfigKeys (ConfUtils.java:logGet(43)) - raft.server.log.queue.byte-limit = 2147483647 (custom)
2019-09-29 11:17:57,470 [pool-77-thread-1] INFO  server.RaftServerConfigKeys (ConfUtils.java:logGet(43)) - raft.server.log.force.sync.num = 128 (default)
2019-09-29 11:17:57,470 [pool-37-thread-1] INFO  server.RaftServerConfigKeys (ConfUtils.java:logGet(43)) - raft.server.log.segment.cache.num.max = 2 (custom)
2019-09-29 11:17:57,470 [pool-77-thread-1] INFO  server.RaftServerConfigKeys (ConfUtils.java:logGet(43)) - raft.server.log.statemachine.data.sync = true (default)
2019-09-29 11:17:57,470 [pool-47-thread-1] INFO  server.RaftServerConfigKeys (ConfUtils.java:logGet(43)) - raft.server.log.queue.element-limit = 1024 (custom)
2019-09-29 11:17:57,470 [pool-77-thread-1] INFO  server.RaftServerConfigKeys (ConfUtils.java:logGet(43)) - raft.server.log.statemachine.data.sync.timeout = 10s (default)
2019-09-29 11:17:57,470 [pool-37-thread-1] INFO  segmented.SegmentedRaftLogWorker (SegmentedRaftLogWorker.java:<init>(172)) - new d87f90a9-3605-42ff-a73f-b54839b7ec6f@group-04C128AFAA8A-SegmentedRaftLogWorker for RaftStorage:Storage Directory /workdir/hadoop-ozone/integration-test/target/test-dir/MiniOzoneClusterImpl-9adecfa3-4693-4b3b-b175-846bdd8f8c06/datanode-1/data/ratis/f74bfd06-a018-4261-af4e-04c128afaa8a
2019-09-29 11:17:57,471 [pool-77-thread-1] INFO  server.RaftServerConfigKeys (ConfUtils.java:logGet(43)) - raft.server.log.statemachine.data.sync.timeout.retry = -1 (default)
2019-09-29 11:17:57,471 [pool-47-thread-1] INFO  server.RaftServerConfigKeys (ConfUtils.java:logGet(43)) - raft.server.log.segment.size.max = 1048576 (custom)
2019-09-29 11:17:57,471 [pool-77-thread-1] INFO  server.RaftServerConfigKeys (ConfUtils.java:logGet(43)) - raft.server.log.statemachine.data.caching.enabled = true (custom)
2019-09-29 11:17:57,471 [pool-37-thread-1] INFO  server.RaftServerConfigKeys (ConfUtils.java:logGet(43)) - raft.server.log.queue.byte-limit = 2147483647 (custom)
2019-09-29 11:17:57,471 [pool-77-thread-1] INFO  segmented.SegmentedRaftLogWorker (SegmentedRaftLogWorker.java:lambda$new$0(132)) - 16f9aea5-9974-4547-813d-50b5e9cbac2d@group-04C128AFAA8A-SegmentedRaftLogWorker: flushIndex: setUnconditionally 0 -> -1
2019-09-29 11:17:57,471 [pool-47-thread-1] INFO  server.RaftServerConfigKeys (ConfUtils.java:logGet(43)) - raft.server.log.preallocated.size = 16384 (custom)
2019-09-29 11:17:57,472 [pool-77-thread-1] INFO  server.RaftServerConfigKeys (ConfUtils.java:logGet(43)) - raft.server.snapshot.auto.trigger.enabled = true (custom)
2019-09-29 11:17:57,471 [pool-37-thread-1] INFO  server.RaftServerConfigKeys (ConfUtils.java:logGet(43)) - raft.server.log.queue.element-limit = 1024 (custom)
2019-09-29 11:17:57,472 [pool-77-thread-1] INFO  server.RaftServerConfigKeys (ConfUtils.java:logGet(43)) - raft.server.snapshot.auto.trigger.threshold = 10000 (custom)
2019-09-29 11:17:57,472 [pool-47-thread-1] INFO  server.RaftServerConfigKeys (ConfUtils.java:logGet(43)) - raft.server.log.write.buffer.size = 33554432 (custom)
2019-09-29 11:17:57,472 [pool-77-thread-1] INFO  server.RaftServerConfigKeys (ConfUtils.java:logGet(43)) - raft.server.snapshot.retention.num.files = 5 (custom)
2019-09-29 11:17:57,472 [pool-37-thread-1] INFO  server.RaftServerConfigKeys (ConfUtils.java:logGet(43)) - raft.server.log.segment.size.max = 1048576 (custom)
2019-09-29 11:17:57,472 [pool-77-thread-1] INFO  server.RaftServerConfigKeys (ConfUtils.java:logGet(43)) - raft.server.retrycache.expirytime = 600000ms (custom)
2019-09-29 11:17:57,472 [pool-47-thread-1] INFO  server.RaftServerConfigKeys (ConfUtils.java:logGet(43)) - raft.server.log.force.sync.num = 128 (default)
2019-09-29 11:17:57,472 [pool-37-thread-1] INFO  server.RaftServerConfigKeys (ConfUtils.java:logGet(43)) - raft.server.log.preallocated.size = 16384 (custom)
2019-09-29 11:17:57,473 [pool-47-thread-1] INFO  server.RaftServerConfigKeys (ConfUtils.java:logGet(43)) - raft.server.log.statemachine.data.sync = true (default)
2019-09-29 11:17:57,473 [pool-37-thread-1] INFO  server.RaftServerConfigKeys (ConfUtils.java:logGet(43)) - raft.server.log.write.buffer.size = 33554432 (custom)
2019-09-29 11:17:57,473 [main] INFO  rpc.RpcClient (RpcClient.java:createBucket(415)) - Creating Bucket: testblockoutputstream/testblockoutputstream, with Versioning false and Storage Type set to DISK and Encryption set to false 
2019-09-29 11:17:57,473 [pool-37-thread-1] INFO  server.RaftServerConfigKeys (ConfUtils.java:logGet(43)) - raft.server.log.force.sync.num = 128 (default)
2019-09-29 11:17:57,473 [pool-47-thread-1] INFO  server.RaftServerConfigKeys (ConfUtils.java:logGet(43)) - raft.server.log.statemachine.data.sync.timeout = 10s (default)
2019-09-29 11:17:57,474 [pool-37-thread-1] INFO  server.RaftServerConfigKeys (ConfUtils.java:logGet(43)) - raft.server.log.statemachine.data.sync = true (default)
2019-09-29 11:17:57,474 [pool-47-thread-1] INFO  server.RaftServerConfigKeys (ConfUtils.java:logGet(43)) - raft.server.log.statemachine.data.sync.timeout.retry = -1 (default)
2019-09-29 11:17:57,474 [pool-37-thread-1] INFO  server.RaftServerConfigKeys (ConfUtils.java:logGet(43)) - raft.server.log.statemachine.data.sync.timeout = 10s (default)
2019-09-29 11:17:57,474 [pool-47-thread-1] INFO  server.RaftServerConfigKeys (ConfUtils.java:logGet(43)) - raft.server.log.statemachine.data.caching.enabled = true (custom)
2019-09-29 11:17:57,474 [pool-77-thread-1] INFO  impl.RaftServerImpl (RaftServerImpl.java:start(185)) - 16f9aea5-9974-4547-813d-50b5e9cbac2d@group-04C128AFAA8A: start as a follower, conf=-1: [d87f90a9-3605-42ff-a73f-b54839b7ec6f:192.168.30.19:44039, 16f9aea5-9974-4547-813d-50b5e9cbac2d:192.168.30.19:34925, 813e8ff3-5a9d-4177-a3ce-ff3f7795e702:192.168.30.19:38815], old=null
2019-09-29 11:17:57,474 [pool-37-thread-1] INFO  server.RaftServerConfigKeys (ConfUtils.java:logGet(43)) - raft.server.log.statemachine.data.sync.timeout.retry = -1 (default)
2019-09-29 11:17:57,475 [pool-77-thread-1] INFO  impl.RaftServerImpl (RaftServerImpl.java:setRole(174)) - 16f9aea5-9974-4547-813d-50b5e9cbac2d@group-04C128AFAA8A: changes role from      null to FOLLOWER at term 0 for startAsFollower
2019-09-29 11:17:57,475 [pool-47-thread-1] INFO  segmented.SegmentedRaftLogWorker (SegmentedRaftLogWorker.java:lambda$new$0(132)) - 813e8ff3-5a9d-4177-a3ce-ff3f7795e702@group-04C128AFAA8A-SegmentedRaftLogWorker: flushIndex: setUnconditionally 0 -> -1
2019-09-29 11:17:57,475 [pool-77-thread-1] INFO  impl.RoleInfo (RoleInfo.java:updateAndGet(143)) - 16f9aea5-9974-4547-813d-50b5e9cbac2d: start FollowerState
2019-09-29 11:17:57,475 [pool-37-thread-1] INFO  server.RaftServerConfigKeys (ConfUtils.java:logGet(43)) - raft.server.log.statemachine.data.caching.enabled = true (custom)
2019-09-29 11:17:57,475 [pool-47-thread-1] INFO  server.RaftServerConfigKeys (ConfUtils.java:logGet(43)) - raft.server.snapshot.auto.trigger.enabled = true (custom)
2019-09-29 11:17:57,475 [pool-77-thread-1] INFO  util.JmxRegister (JmxRegister.java:tryRegister(44)) - Successfully registered JMX Bean with object name Ratis:service=RaftServer,group=group-04C128AFAA8A,id=16f9aea5-9974-4547-813d-50b5e9cbac2d
2019-09-29 11:17:57,475 [pool-37-thread-1] INFO  segmented.SegmentedRaftLogWorker (SegmentedRaftLogWorker.java:lambda$new$0(132)) - d87f90a9-3605-42ff-a73f-b54839b7ec6f@group-04C128AFAA8A-SegmentedRaftLogWorker: flushIndex: setUnconditionally 0 -> -1
2019-09-29 11:17:57,475 [pool-47-thread-1] INFO  server.RaftServerConfigKeys (ConfUtils.java:logGet(43)) - raft.server.snapshot.auto.trigger.threshold = 10000 (custom)
2019-09-29 11:17:57,476 [pool-47-thread-1] INFO  server.RaftServerConfigKeys (ConfUtils.java:logGet(43)) - raft.server.snapshot.retention.num.files = 5 (custom)
2019-09-29 11:17:57,476 [pool-37-thread-1] INFO  server.RaftServerConfigKeys (ConfUtils.java:logGet(43)) - raft.server.snapshot.auto.trigger.enabled = true (custom)
2019-09-29 11:17:57,476 [pool-47-thread-1] INFO  server.RaftServerConfigKeys (ConfUtils.java:logGet(43)) - raft.server.retrycache.expirytime = 600000ms (custom)
2019-09-29 11:17:57,476 [pool-37-thread-1] INFO  server.RaftServerConfigKeys (ConfUtils.java:logGet(43)) - raft.server.snapshot.auto.trigger.threshold = 10000 (custom)
2019-09-29 11:17:57,476 [pool-37-thread-1] INFO  server.RaftServerConfigKeys (ConfUtils.java:logGet(43)) - raft.server.snapshot.retention.num.files = 5 (custom)
2019-09-29 11:17:57,477 [pool-37-thread-1] INFO  server.RaftServerConfigKeys (ConfUtils.java:logGet(43)) - raft.server.retrycache.expirytime = 600000ms (custom)
2019-09-29 11:17:57,485 [pool-47-thread-1] INFO  impl.RaftServerImpl (RaftServerImpl.java:start(185)) - 813e8ff3-5a9d-4177-a3ce-ff3f7795e702@group-04C128AFAA8A: start as a follower, conf=-1: [d87f90a9-3605-42ff-a73f-b54839b7ec6f:192.168.30.19:44039, 16f9aea5-9974-4547-813d-50b5e9cbac2d:192.168.30.19:34925, 813e8ff3-5a9d-4177-a3ce-ff3f7795e702:192.168.30.19:38815], old=null
2019-09-29 11:17:57,485 [pool-47-thread-1] INFO  impl.RaftServerImpl (RaftServerImpl.java:setRole(174)) - 813e8ff3-5a9d-4177-a3ce-ff3f7795e702@group-04C128AFAA8A: changes role from      null to FOLLOWER at term 0 for startAsFollower
2019-09-29 11:17:57,486 [pool-47-thread-1] INFO  impl.RoleInfo (RoleInfo.java:updateAndGet(143)) - 813e8ff3-5a9d-4177-a3ce-ff3f7795e702: start FollowerState
2019-09-29 11:17:57,486 [pool-37-thread-1] INFO  impl.RaftServerImpl (RaftServerImpl.java:start(185)) - d87f90a9-3605-42ff-a73f-b54839b7ec6f@group-04C128AFAA8A: start as a follower, conf=-1: [d87f90a9-3605-42ff-a73f-b54839b7ec6f:192.168.30.19:44039, 16f9aea5-9974-4547-813d-50b5e9cbac2d:192.168.30.19:34925, 813e8ff3-5a9d-4177-a3ce-ff3f7795e702:192.168.30.19:38815], old=null
2019-09-29 11:17:57,486 [pool-37-thread-1] INFO  impl.RaftServerImpl (RaftServerImpl.java:setRole(174)) - d87f90a9-3605-42ff-a73f-b54839b7ec6f@group-04C128AFAA8A: changes role from      null to FOLLOWER at term 0 for startAsFollower
2019-09-29 11:17:57,486 [pool-47-thread-1] INFO  util.JmxRegister (JmxRegister.java:tryRegister(44)) - Successfully registered JMX Bean with object name Ratis:service=RaftServer,group=group-04C128AFAA8A,id=813e8ff3-5a9d-4177-a3ce-ff3f7795e702
2019-09-29 11:17:57,486 [pool-37-thread-1] INFO  impl.RoleInfo (RoleInfo.java:updateAndGet(143)) - d87f90a9-3605-42ff-a73f-b54839b7ec6f: start FollowerState
2019-09-29 11:17:57,487 [pool-37-thread-1] INFO  util.JmxRegister (JmxRegister.java:tryRegister(44)) - Successfully registered JMX Bean with object name Ratis:service=RaftServer,group=group-04C128AFAA8A,id=d87f90a9-3605-42ff-a73f-b54839b7ec6f
2019-09-29 11:17:57,909 [RatisPipelineUtilsThread] INFO  pipeline.PipelineStateManager (PipelineStateManager.java:addPipeline(56)) - Created pipeline Pipeline[ Id: f74bfd06-a018-4261-af4e-04c128afaa8a, Nodes: d87f90a9-3605-42ff-a73f-b54839b7ec6f{ip: 192.168.30.19, host: pr-hdds-1569-lsfh5-224679870, networkLocation: /default-rack, certSerialId: null}16f9aea5-9974-4547-813d-50b5e9cbac2d{ip: 192.168.30.19, host: pr-hdds-1569-lsfh5-224679870, networkLocation: /default-rack, certSerialId: null}813e8ff3-5a9d-4177-a3ce-ff3f7795e702{ip: 192.168.30.19, host: pr-hdds-1569-lsfh5-224679870, networkLocation: /default-rack, certSerialId: null}, Type:RATIS, Factor:THREE, State:OPEN]
2019-09-29 11:17:57,965 [grpc-default-executor-1] INFO  impl.RaftServerProxy (RaftServerProxy.java:addNew(89)) - d87f90a9-3605-42ff-a73f-b54839b7ec6f: addNew group-9C21AE147306:[d87f90a9-3605-42ff-a73f-b54839b7ec6f:192.168.30.19:44039, 813e8ff3-5a9d-4177-a3ce-ff3f7795e702:192.168.30.19:38815, 16f9aea5-9974-4547-813d-50b5e9cbac2d:192.168.30.19:34925] returns group-9C21AE147306:java.util.concurrent.CompletableFuture@7b21036[Not completed]
2019-09-29 11:17:57,965 [grpc-default-executor-2] INFO  impl.RaftServerProxy (RaftServerProxy.java:addNew(89)) - 813e8ff3-5a9d-4177-a3ce-ff3f7795e702: addNew group-9C21AE147306:[d87f90a9-3605-42ff-a73f-b54839b7ec6f:192.168.30.19:44039, 813e8ff3-5a9d-4177-a3ce-ff3f7795e702:192.168.30.19:38815, 16f9aea5-9974-4547-813d-50b5e9cbac2d:192.168.30.19:34925] returns group-9C21AE147306:java.util.concurrent.CompletableFuture@7aa842e9[Not completed]
2019-09-29 11:17:57,969 [grpc-default-executor-1] INFO  impl.RaftServerProxy (RaftServerProxy.java:addNew(89)) - 16f9aea5-9974-4547-813d-50b5e9cbac2d: addNew group-9C21AE147306:[d87f90a9-3605-42ff-a73f-b54839b7ec6f:192.168.30.19:44039, 813e8ff3-5a9d-4177-a3ce-ff3f7795e702:192.168.30.19:38815, 16f9aea5-9974-4547-813d-50b5e9cbac2d:192.168.30.19:34925] returns group-9C21AE147306:java.util.concurrent.CompletableFuture@1674c198[Not completed]
2019-09-29 11:17:58,165 [Thread-238] INFO  container.ReplicationManager (ReplicationManager.java:start(163)) - Starting Replication Monitor Thread.
2019-09-29 11:17:58,165 [main] INFO  impl.MetricsSystemImpl (MetricsSystemImpl.java:init(158)) - XceiverClientMetrics metrics system started (again)
2019-09-29 11:17:58,166 [ReplicationMonitor] INFO  container.ReplicationManager (ReplicationManager.java:run(226)) - Replication Monitor Thread took 0 milliseconds for processing 0 containers.
2019-09-29 11:17:58,167 [pool-77-thread-1] INFO  impl.RaftServerImpl (RaftServerImpl.java:<init>(95)) - 16f9aea5-9974-4547-813d-50b5e9cbac2d: new RaftServerImpl for group-9C21AE147306:[d87f90a9-3605-42ff-a73f-b54839b7ec6f:192.168.30.19:44039, 813e8ff3-5a9d-4177-a3ce-ff3f7795e702:192.168.30.19:38815, 16f9aea5-9974-4547-813d-50b5e9cbac2d:192.168.30.19:34925] with ContainerStateMachine:uninitialized
2019-09-29 11:17:58,167 [pool-77-thread-1] INFO  server.RaftServerConfigKeys (ConfUtils.java:logGet(43)) - raft.server.rpc.timeout.min = 5s (custom)
2019-09-29 11:17:58,167 [pool-77-thread-1] INFO  server.RaftServerConfigKeys (ConfUtils.java:logGet(43)) - raft.server.rpc.timeout.max = 5200ms (custom)
2019-09-29 11:17:58,167 [pool-77-thread-1] INFO  server.RaftServerConfigKeys (ConfUtils.java:logGet(43)) - raft.server.rpcslowness.timeout = 120s (custom)
2019-09-29 11:17:58,168 [pool-77-thread-1] INFO  server.RaftServerConfigKeys (ConfUtils.java:logGet(43)) - raft.server.sleep.deviation.threshold = 300 (default)
2019-09-29 11:17:58,168 [pool-77-thread-1] INFO  server.RaftServerConfigKeys (ConfUtils.java:logGet(43)) - raft.server.log.appender.install.snapshot.enabled = false (custom)
2019-09-29 11:17:58,168 [pool-47-thread-1] INFO  impl.RaftServerImpl (RaftServerImpl.java:<init>(95)) - 813e8ff3-5a9d-4177-a3ce-ff3f7795e702: new RaftServerImpl for group-9C21AE147306:[d87f90a9-3605-42ff-a73f-b54839b7ec6f:192.168.30.19:44039, 813e8ff3-5a9d-4177-a3ce-ff3f7795e702:192.168.30.19:38815, 16f9aea5-9974-4547-813d-50b5e9cbac2d:192.168.30.19:34925] with ContainerStateMachine:uninitialized
2019-09-29 11:17:58,168 [pool-77-thread-1] INFO  impl.RaftServerImpl (ServerState.java:<init>(103)) - 16f9aea5-9974-4547-813d-50b5e9cbac2d@group-9C21AE147306: ConfigurationManager, init=-1: [d87f90a9-3605-42ff-a73f-b54839b7ec6f:192.168.30.19:44039, 813e8ff3-5a9d-4177-a3ce-ff3f7795e702:192.168.30.19:38815, 16f9aea5-9974-4547-813d-50b5e9cbac2d:192.168.30.19:34925], old=null, confs=<EMPTY_MAP>
2019-09-29 11:17:58,168 [pool-47-thread-1] INFO  server.RaftServerConfigKeys (ConfUtils.java:logGet(43)) - raft.server.rpc.timeout.min = 5s (custom)
2019-09-29 11:17:58,168 [pool-77-thread-1] INFO  server.RaftServerConfigKeys (ConfUtils.java:logGet(43)) - raft.server.storage.dir = [/workdir/hadoop-ozone/integration-test/target/test-dir/MiniOzoneClusterImpl-9adecfa3-4693-4b3b-b175-846bdd8f8c06/datanode-5/data/ratis] (custom)
2019-09-29 11:17:58,168 [pool-47-thread-1] INFO  server.RaftServerConfigKeys (ConfUtils.java:logGet(43)) - raft.server.rpc.timeout.max = 5200ms (custom)
2019-09-29 11:17:58,169 [pool-47-thread-1] INFO  server.RaftServerConfigKeys (ConfUtils.java:logGet(43)) - raft.server.rpcslowness.timeout = 120s (custom)
2019-09-29 11:17:58,169 [pool-37-thread-1] INFO  impl.RaftServerImpl (RaftServerImpl.java:<init>(95)) - d87f90a9-3605-42ff-a73f-b54839b7ec6f: new RaftServerImpl for group-9C21AE147306:[d87f90a9-3605-42ff-a73f-b54839b7ec6f:192.168.30.19:44039, 813e8ff3-5a9d-4177-a3ce-ff3f7795e702:192.168.30.19:38815, 16f9aea5-9974-4547-813d-50b5e9cbac2d:192.168.30.19:34925] with ContainerStateMachine:uninitialized
2019-09-29 11:17:58,169 [pool-77-thread-1] INFO  storage.RaftStorageDirectory (RaftStorageDirectory.java:analyzeStorage(246)) - The storage directory /workdir/hadoop-ozone/integration-test/target/test-dir/MiniOzoneClusterImpl-9adecfa3-4693-4b3b-b175-846bdd8f8c06/datanode-5/data/ratis/28f27a46-2d5c-4860-a9ab-9c21ae147306 does not exist. Creating ...
2019-09-29 11:17:58,169 [pool-47-thread-1] INFO  server.RaftServerConfigKeys (ConfUtils.java:logGet(43)) - raft.server.sleep.deviation.threshold = 300 (default)
2019-09-29 11:17:58,169 [pool-37-thread-1] INFO  server.RaftServerConfigKeys (ConfUtils.java:logGet(43)) - raft.server.rpc.timeout.min = 5s (custom)
2019-09-29 11:17:58,169 [pool-47-thread-1] INFO  server.RaftServerConfigKeys (ConfUtils.java:logGet(43)) - raft.server.log.appender.install.snapshot.enabled = false (custom)
2019-09-29 11:17:58,170 [pool-37-thread-1] INFO  server.RaftServerConfigKeys (ConfUtils.java:logGet(43)) - raft.server.rpc.timeout.max = 5200ms (custom)
2019-09-29 11:17:58,170 [pool-47-thread-1] INFO  impl.RaftServerImpl (ServerState.java:<init>(103)) - 813e8ff3-5a9d-4177-a3ce-ff3f7795e702@group-9C21AE147306: ConfigurationManager, init=-1: [d87f90a9-3605-42ff-a73f-b54839b7ec6f:192.168.30.19:44039, 813e8ff3-5a9d-4177-a3ce-ff3f7795e702:192.168.30.19:38815, 16f9aea5-9974-4547-813d-50b5e9cbac2d:192.168.30.19:34925], old=null, confs=<EMPTY_MAP>
2019-09-29 11:17:58,170 [pool-37-thread-1] INFO  server.RaftServerConfigKeys (ConfUtils.java:logGet(43)) - raft.server.rpcslowness.timeout = 120s (custom)
2019-09-29 11:17:58,170 [pool-47-thread-1] INFO  server.RaftServerConfigKeys (ConfUtils.java:logGet(43)) - raft.server.storage.dir = [/workdir/hadoop-ozone/integration-test/target/test-dir/MiniOzoneClusterImpl-9adecfa3-4693-4b3b-b175-846bdd8f8c06/datanode-2/data/ratis] (custom)
2019-09-29 11:17:58,170 [pool-37-thread-1] INFO  server.RaftServerConfigKeys (ConfUtils.java:logGet(43)) - raft.server.sleep.deviation.threshold = 300 (default)
2019-09-29 11:17:58,170 [pool-37-thread-1] INFO  server.RaftServerConfigKeys (ConfUtils.java:logGet(43)) - raft.server.log.appender.install.snapshot.enabled = false (custom)
2019-09-29 11:17:58,171 [pool-47-thread-1] INFO  storage.RaftStorageDirectory (RaftStorageDirectory.java:analyzeStorage(246)) - The storage directory /workdir/hadoop-ozone/integration-test/target/test-dir/MiniOzoneClusterImpl-9adecfa3-4693-4b3b-b175-846bdd8f8c06/datanode-2/data/ratis/28f27a46-2d5c-4860-a9ab-9c21ae147306 does not exist. Creating ...
2019-09-29 11:17:58,171 [pool-37-thread-1] INFO  impl.RaftServerImpl (ServerState.java:<init>(103)) - d87f90a9-3605-42ff-a73f-b54839b7ec6f@group-9C21AE147306: ConfigurationManager, init=-1: [d87f90a9-3605-42ff-a73f-b54839b7ec6f:192.168.30.19:44039, 813e8ff3-5a9d-4177-a3ce-ff3f7795e702:192.168.30.19:38815, 16f9aea5-9974-4547-813d-50b5e9cbac2d:192.168.30.19:34925], old=null, confs=<EMPTY_MAP>
2019-09-29 11:17:58,171 [pool-37-thread-1] INFO  server.RaftServerConfigKeys (ConfUtils.java:logGet(43)) - raft.server.storage.dir = [/workdir/hadoop-ozone/integration-test/target/test-dir/MiniOzoneClusterImpl-9adecfa3-4693-4b3b-b175-846bdd8f8c06/datanode-1/data/ratis] (custom)
2019-09-29 11:17:58,172 [pool-37-thread-1] INFO  storage.RaftStorageDirectory (RaftStorageDirectory.java:analyzeStorage(246)) - The storage directory /workdir/hadoop-ozone/integration-test/target/test-dir/MiniOzoneClusterImpl-9adecfa3-4693-4b3b-b175-846bdd8f8c06/datanode-1/data/ratis/28f27a46-2d5c-4860-a9ab-9c21ae147306 does not exist. Creating ...
2019-09-29 11:17:58,198 [pool-37-thread-1] INFO  storage.RaftStorageDirectory (RaftStorageDirectory.java:tryLock(328)) - Lock on /workdir/hadoop-ozone/integration-test/target/test-dir/MiniOzoneClusterImpl-9adecfa3-4693-4b3b-b175-846bdd8f8c06/datanode-1/data/ratis/28f27a46-2d5c-4860-a9ab-9c21ae147306/in_use.lock acquired by nodename 31535@pr-hdds-1569-lsfh5-224679870
2019-09-29 11:17:58,198 [pool-77-thread-1] INFO  storage.RaftStorageDirectory (RaftStorageDirectory.java:tryLock(328)) - Lock on /workdir/hadoop-ozone/integration-test/target/test-dir/MiniOzoneClusterImpl-9adecfa3-4693-4b3b-b175-846bdd8f8c06/datanode-5/data/ratis/28f27a46-2d5c-4860-a9ab-9c21ae147306/in_use.lock acquired by nodename 31535@pr-hdds-1569-lsfh5-224679870
2019-09-29 11:17:58,198 [pool-47-thread-1] INFO  storage.RaftStorageDirectory (RaftStorageDirectory.java:tryLock(328)) - Lock on /workdir/hadoop-ozone/integration-test/target/test-dir/MiniOzoneClusterImpl-9adecfa3-4693-4b3b-b175-846bdd8f8c06/datanode-2/data/ratis/28f27a46-2d5c-4860-a9ab-9c21ae147306/in_use.lock acquired by nodename 31535@pr-hdds-1569-lsfh5-224679870
2019-09-29 11:17:58,224 [pool-37-thread-1] INFO  storage.RaftStorage (RaftStorage.java:format(72)) - Storage directory /workdir/hadoop-ozone/integration-test/target/test-dir/MiniOzoneClusterImpl-9adecfa3-4693-4b3b-b175-846bdd8f8c06/datanode-1/data/ratis/28f27a46-2d5c-4860-a9ab-9c21ae147306 has been successfully formatted.
2019-09-29 11:17:58,224 [pool-77-thread-1] INFO  storage.RaftStorage (RaftStorage.java:format(72)) - Storage directory /workdir/hadoop-ozone/integration-test/target/test-dir/MiniOzoneClusterImpl-9adecfa3-4693-4b3b-b175-846bdd8f8c06/datanode-5/data/ratis/28f27a46-2d5c-4860-a9ab-9c21ae147306 has been successfully formatted.
2019-09-29 11:17:58,224 [pool-37-thread-1] INFO  ratis.ContainerStateMachine (ContainerStateMachine.java:loadSnapshot(230)) - group-9C21AE147306: The snapshot info is null. Setting the last applied indexto:(t:0, i:~)
2019-09-29 11:17:58,224 [pool-47-thread-1] INFO  storage.RaftStorage (RaftStorage.java:format(72)) - Storage directory /workdir/hadoop-ozone/integration-test/target/test-dir/MiniOzoneClusterImpl-9adecfa3-4693-4b3b-b175-846bdd8f8c06/datanode-2/data/ratis/28f27a46-2d5c-4860-a9ab-9c21ae147306 has been successfully formatted.
2019-09-29 11:17:58,224 [pool-77-thread-1] INFO  ratis.ContainerStateMachine (ContainerStateMachine.java:loadSnapshot(230)) - group-9C21AE147306: The snapshot info is null. Setting the last applied indexto:(t:0, i:~)
2019-09-29 11:17:58,224 [pool-37-thread-1] INFO  server.RaftServerConfigKeys (ConfUtils.java:logGet(43)) - raft.server.notification.no-leader.timeout = 120s (custom)
2019-09-29 11:17:58,225 [pool-77-thread-1] INFO  server.RaftServerConfigKeys (ConfUtils.java:logGet(43)) - raft.server.notification.no-leader.timeout = 120s (custom)
2019-09-29 11:17:58,225 [pool-47-thread-1] INFO  ratis.ContainerStateMachine (ContainerStateMachine.java:loadSnapshot(230)) - group-9C21AE147306: The snapshot info is null. Setting the last applied indexto:(t:0, i:~)
2019-09-29 11:17:58,225 [pool-77-thread-1] INFO  server.RaftServerConfigKeys (ConfUtils.java:logGet(43)) - raft.server.log.use.memory = false (default)
2019-09-29 11:17:58,225 [pool-37-thread-1] INFO  server.RaftServerConfigKeys (ConfUtils.java:logGet(43)) - raft.server.log.use.memory = false (default)
2019-09-29 11:17:58,225 [pool-77-thread-1] INFO  server.RaftServerConfigKeys (ConfUtils.java:logGet(43)) - raft.server.log.purge.gap = 1000000 (custom)
2019-09-29 11:17:58,225 [pool-47-thread-1] INFO  server.RaftServerConfigKeys (ConfUtils.java:logGet(43)) - raft.server.notification.no-leader.timeout = 120s (custom)
2019-09-29 11:17:58,226 [pool-77-thread-1] INFO  server.RaftServerConfigKeys (ConfUtils.java:logGet(43)) - raft.server.log.appender.buffer.byte-limit = 33554432 (custom)
2019-09-29 11:17:58,225 [pool-37-thread-1] INFO  server.RaftServerConfigKeys (ConfUtils.java:logGet(43)) - raft.server.log.purge.gap = 1000000 (custom)
2019-09-29 11:17:58,226 [pool-47-thread-1] INFO  server.RaftServerConfigKeys (ConfUtils.java:logGet(43)) - raft.server.log.use.memory = false (default)
2019-09-29 11:17:58,226 [pool-77-thread-1] INFO  server.RaftServerConfigKeys (ConfUtils.java:logGet(43)) - raft.server.log.segment.size.max = 1048576 (custom)
2019-09-29 11:17:58,226 [pool-37-thread-1] INFO  server.RaftServerConfigKeys (ConfUtils.java:logGet(43)) - raft.server.log.appender.buffer.byte-limit = 33554432 (custom)
2019-09-29 11:17:58,226 [pool-77-thread-1] INFO  server.RaftServerConfigKeys (ConfUtils.java:logGet(43)) - raft.server.log.segment.cache.num.max = 2 (custom)
2019-09-29 11:17:58,226 [pool-47-thread-1] INFO  server.RaftServerConfigKeys (ConfUtils.java:logGet(43)) - raft.server.log.purge.gap = 1000000 (custom)
2019-09-29 11:17:58,227 [pool-77-thread-1] INFO  segmented.SegmentedRaftLogWorker (SegmentedRaftLogWorker.java:<init>(172)) - new 16f9aea5-9974-4547-813d-50b5e9cbac2d@group-9C21AE147306-SegmentedRaftLogWorker for RaftStorage:Storage Directory /workdir/hadoop-ozone/integration-test/target/test-dir/MiniOzoneClusterImpl-9adecfa3-4693-4b3b-b175-846bdd8f8c06/datanode-5/data/ratis/28f27a46-2d5c-4860-a9ab-9c21ae147306
2019-09-29 11:17:58,226 [pool-37-thread-1] INFO  server.RaftServerConfigKeys (ConfUtils.java:logGet(43)) - raft.server.log.segment.size.max = 1048576 (custom)
2019-09-29 11:17:58,227 [pool-47-thread-1] INFO  server.RaftServerConfigKeys (ConfUtils.java:logGet(43)) - raft.server.log.appender.buffer.byte-limit = 33554432 (custom)
2019-09-29 11:17:58,227 [pool-77-thread-1] INFO  server.RaftServerConfigKeys (ConfUtils.java:logGet(43)) - raft.server.log.queue.byte-limit = 2147483647 (custom)
2019-09-29 11:17:58,227 [pool-37-thread-1] INFO  server.RaftServerConfigKeys (ConfUtils.java:logGet(43)) - raft.server.log.segment.cache.num.max = 2 (custom)
2019-09-29 11:17:58,227 [pool-77-thread-1] INFO  server.RaftServerConfigKeys (ConfUtils.java:logGet(43)) - raft.server.log.queue.element-limit = 1024 (custom)
2019-09-29 11:17:58,227 [pool-47-thread-1] INFO  server.RaftServerConfigKeys (ConfUtils.java:logGet(43)) - raft.server.log.segment.size.max = 1048576 (custom)
2019-09-29 11:17:58,228 [pool-77-thread-1] INFO  server.RaftServerConfigKeys (ConfUtils.java:logGet(43)) - raft.server.log.segment.size.max = 1048576 (custom)
2019-09-29 11:17:58,227 [pool-37-thread-1] INFO  segmented.SegmentedRaftLogWorker (SegmentedRaftLogWorker.java:<init>(172)) - new d87f90a9-3605-42ff-a73f-b54839b7ec6f@group-9C21AE147306-SegmentedRaftLogWorker for RaftStorage:Storage Directory /workdir/hadoop-ozone/integration-test/target/test-dir/MiniOzoneClusterImpl-9adecfa3-4693-4b3b-b175-846bdd8f8c06/datanode-1/data/ratis/28f27a46-2d5c-4860-a9ab-9c21ae147306
2019-09-29 11:17:58,228 [pool-77-thread-1] INFO  server.RaftServerConfigKeys (ConfUtils.java:logGet(43)) - raft.server.log.preallocated.size = 16384 (custom)
2019-09-29 11:17:58,228 [pool-47-thread-1] INFO  server.RaftServerConfigKeys (ConfUtils.java:logGet(43)) - raft.server.log.segment.cache.num.max = 2 (custom)
2019-09-29 11:17:58,228 [pool-77-thread-1] INFO  server.RaftServerConfigKeys (ConfUtils.java:logGet(43)) - raft.server.log.write.buffer.size = 33554432 (custom)
2019-09-29 11:17:58,228 [pool-37-thread-1] INFO  server.RaftServerConfigKeys (ConfUtils.java:logGet(43)) - raft.server.log.queue.byte-limit = 2147483647 (custom)
2019-09-29 11:17:58,229 [pool-77-thread-1] INFO  server.RaftServerConfigKeys (ConfUtils.java:logGet(43)) - raft.server.log.force.sync.num = 128 (default)
2019-09-29 11:17:58,228 [pool-47-thread-1] INFO  segmented.SegmentedRaftLogWorker (SegmentedRaftLogWorker.java:<init>(172)) - new 813e8ff3-5a9d-4177-a3ce-ff3f7795e702@group-9C21AE147306-SegmentedRaftLogWorker for RaftStorage:Storage Directory /workdir/hadoop-ozone/integration-test/target/test-dir/MiniOzoneClusterImpl-9adecfa3-4693-4b3b-b175-846bdd8f8c06/datanode-2/data/ratis/28f27a46-2d5c-4860-a9ab-9c21ae147306
2019-09-29 11:17:58,229 [pool-77-thread-1] INFO  server.RaftServerConfigKeys (ConfUtils.java:logGet(43)) - raft.server.log.statemachine.data.sync = true (default)
2019-09-29 11:17:58,229 [pool-37-thread-1] INFO  server.RaftServerConfigKeys (ConfUtils.java:logGet(43)) - raft.server.log.queue.element-limit = 1024 (custom)
2019-09-29 11:17:58,229 [pool-77-thread-1] INFO  server.RaftServerConfigKeys (ConfUtils.java:logGet(43)) - raft.server.log.statemachine.data.sync.timeout = 10s (default)
2019-09-29 11:17:58,229 [pool-47-thread-1] INFO  server.RaftServerConfigKeys (ConfUtils.java:logGet(43)) - raft.server.log.queue.byte-limit = 2147483647 (custom)
2019-09-29 11:17:58,229 [pool-77-thread-1] INFO  server.RaftServerConfigKeys (ConfUtils.java:logGet(43)) - raft.server.log.statemachine.data.sync.timeout.retry = -1 (default)
2019-09-29 11:17:58,229 [pool-37-thread-1] INFO  server.RaftServerConfigKeys (ConfUtils.java:logGet(43)) - raft.server.log.segment.size.max = 1048576 (custom)
2019-09-29 11:17:58,230 [pool-47-thread-1] INFO  server.RaftServerConfigKeys (ConfUtils.java:logGet(43)) - raft.server.log.queue.element-limit = 1024 (custom)
2019-09-29 11:17:58,230 [pool-77-thread-1] INFO  server.RaftServerConfigKeys (ConfUtils.java:logGet(43)) - raft.server.log.statemachine.data.caching.enabled = true (custom)
2019-09-29 11:17:58,230 [pool-37-thread-1] INFO  server.RaftServerConfigKeys (ConfUtils.java:logGet(43)) - raft.server.log.preallocated.size = 16384 (custom)
2019-09-29 11:17:58,230 [pool-47-thread-1] INFO  server.RaftServerConfigKeys (ConfUtils.java:logGet(43)) - raft.server.log.segment.size.max = 1048576 (custom)
2019-09-29 11:17:58,230 [pool-37-thread-1] INFO  server.RaftServerConfigKeys (ConfUtils.java:logGet(43)) - raft.server.log.write.buffer.size = 33554432 (custom)
2019-09-29 11:17:58,230 [pool-77-thread-1] INFO  segmented.SegmentedRaftLogWorker (SegmentedRaftLogWorker.java:lambda$new$0(132)) - 16f9aea5-9974-4547-813d-50b5e9cbac2d@group-9C21AE147306-SegmentedRaftLogWorker: flushIndex: setUnconditionally 0 -> -1
2019-09-29 11:17:58,230 [pool-47-thread-1] INFO  server.RaftServerConfigKeys (ConfUtils.java:logGet(43)) - raft.server.log.preallocated.size = 16384 (custom)
2019-09-29 11:17:58,230 [pool-37-thread-1] INFO  server.RaftServerConfigKeys (ConfUtils.java:logGet(43)) - raft.server.log.force.sync.num = 128 (default)
2019-09-29 11:17:58,231 [pool-47-thread-1] INFO  server.RaftServerConfigKeys (ConfUtils.java:logGet(43)) - raft.server.log.write.buffer.size = 33554432 (custom)
2019-09-29 11:17:58,231 [pool-37-thread-1] INFO  server.RaftServerConfigKeys (ConfUtils.java:logGet(43)) - raft.server.log.statemachine.data.sync = true (default)
2019-09-29 11:17:58,231 [pool-77-thread-1] INFO  server.RaftServerConfigKeys (ConfUtils.java:logGet(43)) - raft.server.snapshot.auto.trigger.enabled = true (custom)
2019-09-29 11:17:58,231 [pool-37-thread-1] INFO  server.RaftServerConfigKeys (ConfUtils.java:logGet(43)) - raft.server.log.statemachine.data.sync.timeout = 10s (default)
2019-09-29 11:17:58,231 [pool-37-thread-1] INFO  server.RaftServerConfigKeys (ConfUtils.java:logGet(43)) - raft.server.log.statemachine.data.sync.timeout.retry = -1 (default)
2019-09-29 11:17:58,231 [pool-47-thread-1] INFO  server.RaftServerConfigKeys (ConfUtils.java:logGet(43)) - raft.server.log.force.sync.num = 128 (default)
2019-09-29 11:17:58,231 [pool-37-thread-1] INFO  server.RaftServerConfigKeys (ConfUtils.java:logGet(43)) - raft.server.log.statemachine.data.caching.enabled = true (custom)
2019-09-29 11:17:58,231 [pool-77-thread-1] INFO  server.RaftServerConfigKeys (ConfUtils.java:logGet(43)) - raft.server.snapshot.auto.trigger.threshold = 10000 (custom)
2019-09-29 11:17:58,232 [pool-37-thread-1] INFO  segmented.SegmentedRaftLogWorker (SegmentedRaftLogWorker.java:lambda$new$0(132)) - d87f90a9-3605-42ff-a73f-b54839b7ec6f@group-9C21AE147306-SegmentedRaftLogWorker: flushIndex: setUnconditionally 0 -> -1
2019-09-29 11:17:58,232 [pool-47-thread-1] INFO  server.RaftServerConfigKeys (ConfUtils.java:logGet(43)) - raft.server.log.statemachine.data.sync = true (default)
2019-09-29 11:17:58,232 [pool-37-thread-1] INFO  server.RaftServerConfigKeys (ConfUtils.java:logGet(43)) - raft.server.snapshot.auto.trigger.enabled = true (custom)
2019-09-29 11:17:58,232 [pool-77-thread-1] INFO  server.RaftServerConfigKeys (ConfUtils.java:logGet(43)) - raft.server.snapshot.retention.num.files = 5 (custom)
2019-09-29 11:17:58,232 [pool-37-thread-1] INFO  server.RaftServerConfigKeys (ConfUtils.java:logGet(43)) - raft.server.snapshot.auto.trigger.threshold = 10000 (custom)
2019-09-29 11:17:58,232 [pool-47-thread-1] INFO  server.RaftServerConfigKeys (ConfUtils.java:logGet(43)) - raft.server.log.statemachine.data.sync.timeout = 10s (default)
2019-09-29 11:17:58,232 [pool-77-thread-1] INFO  server.RaftServerConfigKeys (ConfUtils.java:logGet(43)) - raft.server.retrycache.expirytime = 600000ms (custom)
2019-09-29 11:17:58,232 [pool-37-thread-1] INFO  server.RaftServerConfigKeys (ConfUtils.java:logGet(43)) - raft.server.snapshot.retention.num.files = 5 (custom)
2019-09-29 11:17:58,233 [pool-47-thread-1] INFO  server.RaftServerConfigKeys (ConfUtils.java:logGet(43)) - raft.server.log.statemachine.data.sync.timeout.retry = -1 (default)
2019-09-29 11:17:58,233 [pool-37-thread-1] INFO  server.RaftServerConfigKeys (ConfUtils.java:logGet(43)) - raft.server.retrycache.expirytime = 600000ms (custom)
2019-09-29 11:17:58,233 [pool-47-thread-1] INFO  server.RaftServerConfigKeys (ConfUtils.java:logGet(43)) - raft.server.log.statemachine.data.caching.enabled = true (custom)
2019-09-29 11:17:58,233 [pool-47-thread-1] INFO  segmented.SegmentedRaftLogWorker (SegmentedRaftLogWorker.java:lambda$new$0(132)) - 813e8ff3-5a9d-4177-a3ce-ff3f7795e702@group-9C21AE147306-SegmentedRaftLogWorker: flushIndex: setUnconditionally 0 -> -1
2019-09-29 11:17:58,234 [pool-47-thread-1] INFO  server.RaftServerConfigKeys (ConfUtils.java:logGet(43)) - raft.server.snapshot.auto.trigger.enabled = true (custom)
2019-09-29 11:17:58,234 [pool-47-thread-1] INFO  server.RaftServerConfigKeys (ConfUtils.java:logGet(43)) - raft.server.snapshot.auto.trigger.threshold = 10000 (custom)
2019-09-29 11:17:58,234 [pool-47-thread-1] INFO  server.RaftServerConfigKeys (ConfUtils.java:logGet(43)) - raft.server.snapshot.retention.num.files = 5 (custom)
2019-09-29 11:17:58,234 [pool-47-thread-1] INFO  server.RaftServerConfigKeys (ConfUtils.java:logGet(43)) - raft.server.retrycache.expirytime = 600000ms (custom)
2019-09-29 11:17:58,237 [pool-37-thread-1] INFO  impl.RaftServerImpl (RaftServerImpl.java:start(185)) - d87f90a9-3605-42ff-a73f-b54839b7ec6f@group-9C21AE147306: start as a follower, conf=-1: [d87f90a9-3605-42ff-a73f-b54839b7ec6f:192.168.30.19:44039, 813e8ff3-5a9d-4177-a3ce-ff3f7795e702:192.168.30.19:38815, 16f9aea5-9974-4547-813d-50b5e9cbac2d:192.168.30.19:34925], old=null
2019-09-29 11:17:58,237 [pool-77-thread-1] INFO  impl.RaftServerImpl (RaftServerImpl.java:start(185)) - 16f9aea5-9974-4547-813d-50b5e9cbac2d@group-9C21AE147306: start as a follower, conf=-1: [d87f90a9-3605-42ff-a73f-b54839b7ec6f:192.168.30.19:44039, 813e8ff3-5a9d-4177-a3ce-ff3f7795e702:192.168.30.19:38815, 16f9aea5-9974-4547-813d-50b5e9cbac2d:192.168.30.19:34925], old=null
2019-09-29 11:17:58,237 [pool-37-thread-1] INFO  impl.RaftServerImpl (RaftServerImpl.java:setRole(174)) - d87f90a9-3605-42ff-a73f-b54839b7ec6f@group-9C21AE147306: changes role from      null to FOLLOWER at term 0 for startAsFollower
2019-09-29 11:17:58,237 [pool-77-thread-1] INFO  impl.RaftServerImpl (RaftServerImpl.java:setRole(174)) - 16f9aea5-9974-4547-813d-50b5e9cbac2d@group-9C21AE147306: changes role from      null to FOLLOWER at term 0 for startAsFollower
2019-09-29 11:17:58,238 [pool-37-thread-1] INFO  impl.RoleInfo (RoleInfo.java:updateAndGet(143)) - d87f90a9-3605-42ff-a73f-b54839b7ec6f: start FollowerState
2019-09-29 11:17:58,238 [pool-77-thread-1] INFO  impl.RoleInfo (RoleInfo.java:updateAndGet(143)) - 16f9aea5-9974-4547-813d-50b5e9cbac2d: start FollowerState
2019-09-29 11:17:58,238 [pool-47-thread-1] INFO  impl.RaftServerImpl (RaftServerImpl.java:start(185)) - 813e8ff3-5a9d-4177-a3ce-ff3f7795e702@group-9C21AE147306: start as a follower, conf=-1: [d87f90a9-3605-42ff-a73f-b54839b7ec6f:192.168.30.19:44039, 813e8ff3-5a9d-4177-a3ce-ff3f7795e702:192.168.30.19:38815, 16f9aea5-9974-4547-813d-50b5e9cbac2d:192.168.30.19:34925], old=null
2019-09-29 11:17:58,238 [pool-37-thread-1] INFO  util.JmxRegister (JmxRegister.java:tryRegister(44)) - Successfully registered JMX Bean with object name Ratis:service=RaftServer,group=group-9C21AE147306,id=d87f90a9-3605-42ff-a73f-b54839b7ec6f
2019-09-29 11:17:58,238 [pool-47-thread-1] INFO  impl.RaftServerImpl (RaftServerImpl.java:setRole(174)) - 813e8ff3-5a9d-4177-a3ce-ff3f7795e702@group-9C21AE147306: changes role from      null to FOLLOWER at term 0 for startAsFollower
2019-09-29 11:17:58,238 [pool-77-thread-1] INFO  util.JmxRegister (JmxRegister.java:tryRegister(44)) - Successfully registered JMX Bean with object name Ratis:service=RaftServer,group=group-9C21AE147306,id=16f9aea5-9974-4547-813d-50b5e9cbac2d
2019-09-29 11:17:58,238 [pool-47-thread-1] INFO  impl.RoleInfo (RoleInfo.java:updateAndGet(143)) - 813e8ff3-5a9d-4177-a3ce-ff3f7795e702: start FollowerState
2019-09-29 11:17:58,239 [pool-47-thread-1] INFO  util.JmxRegister (JmxRegister.java:tryRegister(44)) - Successfully registered JMX Bean with object name Ratis:service=RaftServer,group=group-9C21AE147306,id=813e8ff3-5a9d-4177-a3ce-ff3f7795e702
2019-09-29 11:17:58,246 [RatisPipelineUtilsThread] INFO  pipeline.PipelineStateManager (PipelineStateManager.java:addPipeline(56)) - Created pipeline Pipeline[ Id: 28f27a46-2d5c-4860-a9ab-9c21ae147306, Nodes: 813e8ff3-5a9d-4177-a3ce-ff3f7795e702{ip: 192.168.30.19, host: pr-hdds-1569-lsfh5-224679870, networkLocation: /default-rack, certSerialId: null}d87f90a9-3605-42ff-a73f-b54839b7ec6f{ip: 192.168.30.19, host: pr-hdds-1569-lsfh5-224679870, networkLocation: /default-rack, certSerialId: null}16f9aea5-9974-4547-813d-50b5e9cbac2d{ip: 192.168.30.19, host: pr-hdds-1569-lsfh5-224679870, networkLocation: /default-rack, certSerialId: null}, Type:RATIS, Factor:THREE, State:OPEN]
2019-09-29 11:18:01,038 [Thread-240] INFO  impl.FollowerState (FollowerState.java:run(106)) - b53779b9-e166-4f61-b57a-c7e45baab661:group-3268940FAD0E changes to CANDIDATE, lastRpcTime:5149, electionTimeout:5148ms
2019-09-29 11:18:01,044 [Thread-240] INFO  impl.RoleInfo (RoleInfo.java:shutdownFollowerState(121)) - b53779b9-e166-4f61-b57a-c7e45baab661: shutdown FollowerState
2019-09-29 11:18:01,044 [Thread-240] INFO  impl.RaftServerImpl (RaftServerImpl.java:setRole(174)) - b53779b9-e166-4f61-b57a-c7e45baab661@group-3268940FAD0E: changes role from  FOLLOWER to CANDIDATE at term 0 for changeToCandidate
2019-09-29 11:18:01,052 [Thread-240] INFO  impl.RoleInfo (RoleInfo.java:updateAndGet(143)) - b53779b9-e166-4f61-b57a-c7e45baab661: start LeaderElection
2019-09-29 11:18:01,081 [b53779b9-e166-4f61-b57a-c7e45baab661@group-3268940FAD0E:LeaderElection1] INFO  impl.LeaderElection (LeaderElection.java:askForVotes(182)) - b53779b9-e166-4f61-b57a-c7e45baab661@group-3268940FAD0E:LeaderElection1: begin an election at term 1 for -1: [b53779b9-e166-4f61-b57a-c7e45baab661:192.168.30.19:35579], old=null
2019-09-29 11:18:01,084 [b53779b9-e166-4f61-b57a-c7e45baab661@group-3268940FAD0E:LeaderElection1] INFO  impl.RoleInfo (RoleInfo.java:shutdownLeaderElection(134)) - b53779b9-e166-4f61-b57a-c7e45baab661: shutdown LeaderElection
2019-09-29 11:18:01,085 [b53779b9-e166-4f61-b57a-c7e45baab661@group-3268940FAD0E:LeaderElection1] INFO  impl.RaftServerImpl (RaftServerImpl.java:setRole(174)) - b53779b9-e166-4f61-b57a-c7e45baab661@group-3268940FAD0E: changes role from CANDIDATE to LEADER at term 1 for changeToLeader
2019-09-29 11:18:01,085 [b53779b9-e166-4f61-b57a-c7e45baab661@group-3268940FAD0E:LeaderElection1] INFO  impl.RaftServerImpl (ServerState.java:setLeader(253)) - b53779b9-e166-4f61-b57a-c7e45baab661@group-3268940FAD0E: change Leader from null to b53779b9-e166-4f61-b57a-c7e45baab661 at term 1 for becomeLeader, leader elected after 5310ms
2019-09-29 11:18:01,095 [b53779b9-e166-4f61-b57a-c7e45baab661@group-3268940FAD0E:LeaderElection1] INFO  server.RaftServerConfigKeys (ConfUtils.java:logGet(43)) - raft.server.staging.catchup.gap = 1000 (default)
2019-09-29 11:18:01,095 [b53779b9-e166-4f61-b57a-c7e45baab661@group-3268940FAD0E:LeaderElection1] INFO  server.RaftServerConfigKeys (ConfUtils.java:logGet(43)) - raft.server.rpc.sleep.time = 25ms (default)
2019-09-29 11:18:01,098 [b53779b9-e166-4f61-b57a-c7e45baab661@group-3268940FAD0E:LeaderElection1] INFO  server.RaftServerConfigKeys (ConfUtils.java:logGet(43)) - raft.server.write.element-limit = 4096 (default)
2019-09-29 11:18:01,102 [b53779b9-e166-4f61-b57a-c7e45baab661@group-3268940FAD0E:LeaderElection1] INFO  server.RaftServerConfigKeys (ConfUtils.java:logGet(43)) - raft.server.watch.timeout = 10s (default)
2019-09-29 11:18:01,102 [b53779b9-e166-4f61-b57a-c7e45baab661@group-3268940FAD0E:LeaderElection1] INFO  server.RaftServerConfigKeys (ConfUtils.java:logGet(43)) - raft.server.watch.timeout.denomination = 1s (default)
2019-09-29 11:18:01,103 [b53779b9-e166-4f61-b57a-c7e45baab661@group-3268940FAD0E:LeaderElection1] INFO  server.RaftServerConfigKeys (ConfUtils.java:logGet(43)) - raft.server.watch.element-limit = 65536 (default)
2019-09-29 11:18:01,115 [b53779b9-e166-4f61-b57a-c7e45baab661@group-3268940FAD0E:LeaderElection1] INFO  impl.RoleInfo (RoleInfo.java:updateAndGet(143)) - b53779b9-e166-4f61-b57a-c7e45baab661: start LeaderState
2019-09-29 11:18:01,139 [b53779b9-e166-4f61-b57a-c7e45baab661@group-3268940FAD0E:LeaderElection1] INFO  segmented.SegmentedRaftLogWorker (SegmentedRaftLogWorker.java:startLogSegment(380)) - b53779b9-e166-4f61-b57a-c7e45baab661@group-3268940FAD0E-SegmentedRaftLogWorker: Starting segment from index:0
2019-09-29 11:18:01,147 [b53779b9-e166-4f61-b57a-c7e45baab661@group-3268940FAD0E:LeaderElection1] INFO  impl.RaftServerImpl (ServerState.java:setRaftConf(354)) - b53779b9-e166-4f61-b57a-c7e45baab661@group-3268940FAD0E: set configuration 0: [b53779b9-e166-4f61-b57a-c7e45baab661:192.168.30.19:35579], old=null at 0
2019-09-29 11:18:01,152 [Thread-243] INFO  impl.FollowerState (FollowerState.java:run(106)) - 813e8ff3-5a9d-4177-a3ce-ff3f7795e702:group-F32FA01037AB changes to CANDIDATE, lastRpcTime:5055, electionTimeout:5053ms
2019-09-29 11:18:01,154 [Thread-243] INFO  impl.RoleInfo (RoleInfo.java:shutdownFollowerState(121)) - 813e8ff3-5a9d-4177-a3ce-ff3f7795e702: shutdown FollowerState
2019-09-29 11:18:01,154 [Thread-243] INFO  impl.RaftServerImpl (RaftServerImpl.java:setRole(174)) - 813e8ff3-5a9d-4177-a3ce-ff3f7795e702@group-F32FA01037AB: changes role from  FOLLOWER to CANDIDATE at term 0 for changeToCandidate
2019-09-29 11:18:01,154 [Thread-243] INFO  impl.RoleInfo (RoleInfo.java:updateAndGet(143)) - 813e8ff3-5a9d-4177-a3ce-ff3f7795e702: start LeaderElection
2019-09-29 11:18:01,180 [813e8ff3-5a9d-4177-a3ce-ff3f7795e702@group-F32FA01037AB:LeaderElection2] INFO  impl.LeaderElection (LeaderElection.java:askForVotes(182)) - 813e8ff3-5a9d-4177-a3ce-ff3f7795e702@group-F32FA01037AB:LeaderElection2: begin an election at term 1 for -1: [813e8ff3-5a9d-4177-a3ce-ff3f7795e702:192.168.30.19:38815], old=null
2019-09-29 11:18:01,181 [813e8ff3-5a9d-4177-a3ce-ff3f7795e702@group-F32FA01037AB:LeaderElection2] INFO  impl.RoleInfo (RoleInfo.java:shutdownLeaderElection(134)) - 813e8ff3-5a9d-4177-a3ce-ff3f7795e702: shutdown LeaderElection
2019-09-29 11:18:01,181 [813e8ff3-5a9d-4177-a3ce-ff3f7795e702@group-F32FA01037AB:LeaderElection2] INFO  impl.RaftServerImpl (RaftServerImpl.java:setRole(174)) - 813e8ff3-5a9d-4177-a3ce-ff3f7795e702@group-F32FA01037AB: changes role from CANDIDATE to LEADER at term 1 for changeToLeader
2019-09-29 11:18:01,181 [813e8ff3-5a9d-4177-a3ce-ff3f7795e702@group-F32FA01037AB:LeaderElection2] INFO  impl.RaftServerImpl (ServerState.java:setLeader(253)) - 813e8ff3-5a9d-4177-a3ce-ff3f7795e702@group-F32FA01037AB: change Leader from null to 813e8ff3-5a9d-4177-a3ce-ff3f7795e702 at term 1 for becomeLeader, leader elected after 5098ms
2019-09-29 11:18:01,183 [813e8ff3-5a9d-4177-a3ce-ff3f7795e702@group-F32FA01037AB:LeaderElection2] INFO  server.RaftServerConfigKeys (ConfUtils.java:logGet(43)) - raft.server.staging.catchup.gap = 1000 (default)
2019-09-29 11:18:01,184 [813e8ff3-5a9d-4177-a3ce-ff3f7795e702@group-F32FA01037AB:LeaderElection2] INFO  server.RaftServerConfigKeys (ConfUtils.java:logGet(43)) - raft.server.rpc.sleep.time = 25ms (default)
2019-09-29 11:18:01,184 [813e8ff3-5a9d-4177-a3ce-ff3f7795e702@group-F32FA01037AB:LeaderElection2] INFO  server.RaftServerConfigKeys (ConfUtils.java:logGet(43)) - raft.server.write.element-limit = 4096 (default)
2019-09-29 11:18:01,184 [813e8ff3-5a9d-4177-a3ce-ff3f7795e702@group-F32FA01037AB:LeaderElection2] INFO  server.RaftServerConfigKeys (ConfUtils.java:logGet(43)) - raft.server.watch.timeout = 10s (default)
2019-09-29 11:18:01,184 [813e8ff3-5a9d-4177-a3ce-ff3f7795e702@group-F32FA01037AB:LeaderElection2] INFO  server.RaftServerConfigKeys (ConfUtils.java:logGet(43)) - raft.server.watch.timeout.denomination = 1s (default)
2019-09-29 11:18:01,185 [813e8ff3-5a9d-4177-a3ce-ff3f7795e702@group-F32FA01037AB:LeaderElection2] INFO  server.RaftServerConfigKeys (ConfUtils.java:logGet(43)) - raft.server.watch.element-limit = 65536 (default)
2019-09-29 11:18:01,187 [813e8ff3-5a9d-4177-a3ce-ff3f7795e702@group-F32FA01037AB:LeaderElection2] INFO  impl.RoleInfo (RoleInfo.java:updateAndGet(143)) - 813e8ff3-5a9d-4177-a3ce-ff3f7795e702: start LeaderState
2019-09-29 11:18:01,188 [813e8ff3-5a9d-4177-a3ce-ff3f7795e702@group-F32FA01037AB:LeaderElection2] INFO  segmented.SegmentedRaftLogWorker (SegmentedRaftLogWorker.java:startLogSegment(380)) - 813e8ff3-5a9d-4177-a3ce-ff3f7795e702@group-F32FA01037AB-SegmentedRaftLogWorker: Starting segment from index:0
2019-09-29 11:18:01,188 [813e8ff3-5a9d-4177-a3ce-ff3f7795e702@group-F32FA01037AB:LeaderElection2] INFO  impl.RaftServerImpl (ServerState.java:setRaftConf(354)) - 813e8ff3-5a9d-4177-a3ce-ff3f7795e702@group-F32FA01037AB: set configuration 0: [813e8ff3-5a9d-4177-a3ce-ff3f7795e702:192.168.30.19:38815], old=null at 0
2019-09-29 11:18:01,353 [b53779b9-e166-4f61-b57a-c7e45baab661@group-3268940FAD0E-SegmentedRaftLogWorker] INFO  segmented.SegmentedRaftLogWorker (SegmentedRaftLogWorker.java:execute(569)) - b53779b9-e166-4f61-b57a-c7e45baab661@group-3268940FAD0E-SegmentedRaftLogWorker: created new log segment /workdir/hadoop-ozone/integration-test/target/test-dir/MiniOzoneClusterImpl-9adecfa3-4693-4b3b-b175-846bdd8f8c06/datanode-0/data/ratis/6de6529a-086d-4be6-8461-3268940fad0e/current/log_inprogress_0
2019-09-29 11:18:01,353 [813e8ff3-5a9d-4177-a3ce-ff3f7795e702@group-F32FA01037AB-SegmentedRaftLogWorker] INFO  segmented.SegmentedRaftLogWorker (SegmentedRaftLogWorker.java:execute(569)) - 813e8ff3-5a9d-4177-a3ce-ff3f7795e702@group-F32FA01037AB-SegmentedRaftLogWorker: created new log segment /workdir/hadoop-ozone/integration-test/target/test-dir/MiniOzoneClusterImpl-9adecfa3-4693-4b3b-b175-846bdd8f8c06/datanode-2/data/ratis/e85b9f54-76c3-4f5f-85ff-f32fa01037ab/current/log_inprogress_0
2019-09-29 11:18:01,411 [Thread-246] INFO  impl.FollowerState (FollowerState.java:run(106)) - 16f9aea5-9974-4547-813d-50b5e9cbac2d:group-641D9114C14A changes to CANDIDATE, lastRpcTime:5126, electionTimeout:5126ms
2019-09-29 11:18:01,412 [Thread-246] INFO  impl.RoleInfo (RoleInfo.java:shutdownFollowerState(121)) - 16f9aea5-9974-4547-813d-50b5e9cbac2d: shutdown FollowerState
2019-09-29 11:18:01,412 [Thread-246] INFO  impl.RaftServerImpl (RaftServerImpl.java:setRole(174)) - 16f9aea5-9974-4547-813d-50b5e9cbac2d@group-641D9114C14A: changes role from  FOLLOWER to CANDIDATE at term 0 for changeToCandidate
2019-09-29 11:18:01,412 [Thread-246] INFO  impl.RoleInfo (RoleInfo.java:updateAndGet(143)) - 16f9aea5-9974-4547-813d-50b5e9cbac2d: start LeaderElection
2019-09-29 11:18:01,442 [16f9aea5-9974-4547-813d-50b5e9cbac2d@group-641D9114C14A:LeaderElection3] INFO  impl.LeaderElection (LeaderElection.java:askForVotes(182)) - 16f9aea5-9974-4547-813d-50b5e9cbac2d@group-641D9114C14A:LeaderElection3: begin an election at term 1 for -1: [16f9aea5-9974-4547-813d-50b5e9cbac2d:192.168.30.19:34925], old=null
2019-09-29 11:18:01,444 [16f9aea5-9974-4547-813d-50b5e9cbac2d@group-641D9114C14A:LeaderElection3] INFO  impl.RoleInfo (RoleInfo.java:shutdownLeaderElection(134)) - 16f9aea5-9974-4547-813d-50b5e9cbac2d: shutdown LeaderElection
2019-09-29 11:18:01,445 [16f9aea5-9974-4547-813d-50b5e9cbac2d@group-641D9114C14A:LeaderElection3] INFO  impl.RaftServerImpl (RaftServerImpl.java:setRole(174)) - 16f9aea5-9974-4547-813d-50b5e9cbac2d@group-641D9114C14A: changes role from CANDIDATE to LEADER at term 1 for changeToLeader
2019-09-29 11:18:01,445 [16f9aea5-9974-4547-813d-50b5e9cbac2d@group-641D9114C14A:LeaderElection3] INFO  impl.RaftServerImpl (ServerState.java:setLeader(253)) - 16f9aea5-9974-4547-813d-50b5e9cbac2d@group-641D9114C14A: change Leader from null to 16f9aea5-9974-4547-813d-50b5e9cbac2d at term 1 for becomeLeader, leader elected after 5217ms
2019-09-29 11:18:01,447 [16f9aea5-9974-4547-813d-50b5e9cbac2d@group-641D9114C14A:LeaderElection3] INFO  server.RaftServerConfigKeys (ConfUtils.java:logGet(43)) - raft.server.staging.catchup.gap = 1000 (default)
2019-09-29 11:18:01,447 [16f9aea5-9974-4547-813d-50b5e9cbac2d@group-641D9114C14A:LeaderElection3] INFO  server.RaftServerConfigKeys (ConfUtils.java:logGet(43)) - raft.server.rpc.sleep.time = 25ms (default)
2019-09-29 11:18:01,447 [16f9aea5-9974-4547-813d-50b5e9cbac2d@group-641D9114C14A:LeaderElection3] INFO  server.RaftServerConfigKeys (ConfUtils.java:logGet(43)) - raft.server.write.element-limit = 4096 (default)
2019-09-29 11:18:01,447 [16f9aea5-9974-4547-813d-50b5e9cbac2d@group-641D9114C14A:LeaderElection3] INFO  server.RaftServerConfigKeys (ConfUtils.java:logGet(43)) - raft.server.watch.timeout = 10s (default)
2019-09-29 11:18:01,447 [16f9aea5-9974-4547-813d-50b5e9cbac2d@group-641D9114C14A:LeaderElection3] INFO  server.RaftServerConfigKeys (ConfUtils.java:logGet(43)) - raft.server.watch.timeout.denomination = 1s (default)
2019-09-29 11:18:01,448 [16f9aea5-9974-4547-813d-50b5e9cbac2d@group-641D9114C14A:LeaderElection3] INFO  server.RaftServerConfigKeys (ConfUtils.java:logGet(43)) - raft.server.watch.element-limit = 65536 (default)
2019-09-29 11:18:01,450 [16f9aea5-9974-4547-813d-50b5e9cbac2d@group-641D9114C14A:LeaderElection3] INFO  impl.RoleInfo (RoleInfo.java:updateAndGet(143)) - 16f9aea5-9974-4547-813d-50b5e9cbac2d: start LeaderState
2019-09-29 11:18:01,450 [16f9aea5-9974-4547-813d-50b5e9cbac2d@group-641D9114C14A:LeaderElection3] INFO  segmented.SegmentedRaftLogWorker (SegmentedRaftLogWorker.java:startLogSegment(380)) - 16f9aea5-9974-4547-813d-50b5e9cbac2d@group-641D9114C14A-SegmentedRaftLogWorker: Starting segment from index:0
2019-09-29 11:18:01,450 [16f9aea5-9974-4547-813d-50b5e9cbac2d@group-641D9114C14A:LeaderElection3] INFO  impl.RaftServerImpl (ServerState.java:setRaftConf(354)) - 16f9aea5-9974-4547-813d-50b5e9cbac2d@group-641D9114C14A: set configuration 0: [16f9aea5-9974-4547-813d-50b5e9cbac2d:192.168.30.19:34925], old=null at 0
2019-09-29 11:18:01,488 [Thread-249] INFO  impl.FollowerState (FollowerState.java:run(106)) - d87f90a9-3605-42ff-a73f-b54839b7ec6f:group-14A94C81CBE0 changes to CANDIDATE, lastRpcTime:5103, electionTimeout:5093ms
2019-09-29 11:18:01,488 [Thread-249] INFO  impl.RoleInfo (RoleInfo.java:shutdownFollowerState(121)) - d87f90a9-3605-42ff-a73f-b54839b7ec6f: shutdown FollowerState
2019-09-29 11:18:01,488 [Thread-249] INFO  impl.RaftServerImpl (RaftServerImpl.java:setRole(174)) - d87f90a9-3605-42ff-a73f-b54839b7ec6f@group-14A94C81CBE0: changes role from  FOLLOWER to CANDIDATE at term 0 for changeToCandidate
2019-09-29 11:18:01,489 [Thread-249] INFO  impl.RoleInfo (RoleInfo.java:updateAndGet(143)) - d87f90a9-3605-42ff-a73f-b54839b7ec6f: start LeaderElection
2019-09-29 11:18:01,511 [16f9aea5-9974-4547-813d-50b5e9cbac2d@group-641D9114C14A-SegmentedRaftLogWorker] INFO  segmented.SegmentedRaftLogWorker (SegmentedRaftLogWorker.java:execute(569)) - 16f9aea5-9974-4547-813d-50b5e9cbac2d@group-641D9114C14A-SegmentedRaftLogWorker: created new log segment /workdir/hadoop-ozone/integration-test/target/test-dir/MiniOzoneClusterImpl-9adecfa3-4693-4b3b-b175-846bdd8f8c06/datanode-5/data/ratis/a2bb7f56-cb11-4351-bb85-641d9114c14a/current/log_inprogress_0
2019-09-29 11:18:01,511 [d87f90a9-3605-42ff-a73f-b54839b7ec6f@group-14A94C81CBE0:LeaderElection4] INFO  impl.LeaderElection (LeaderElection.java:askForVotes(182)) - d87f90a9-3605-42ff-a73f-b54839b7ec6f@group-14A94C81CBE0:LeaderElection4: begin an election at term 1 for -1: [d87f90a9-3605-42ff-a73f-b54839b7ec6f:192.168.30.19:44039], old=null
2019-09-29 11:18:01,512 [d87f90a9-3605-42ff-a73f-b54839b7ec6f@group-14A94C81CBE0:LeaderElection4] INFO  impl.RoleInfo (RoleInfo.java:shutdownLeaderElection(134)) - d87f90a9-3605-42ff-a73f-b54839b7ec6f: shutdown LeaderElection
2019-09-29 11:18:01,512 [d87f90a9-3605-42ff-a73f-b54839b7ec6f@group-14A94C81CBE0:LeaderElection4] INFO  impl.RaftServerImpl (RaftServerImpl.java:setRole(174)) - d87f90a9-3605-42ff-a73f-b54839b7ec6f@group-14A94C81CBE0: changes role from CANDIDATE to LEADER at term 1 for changeToLeader
2019-09-29 11:18:01,512 [d87f90a9-3605-42ff-a73f-b54839b7ec6f@group-14A94C81CBE0:LeaderElection4] INFO  impl.RaftServerImpl (ServerState.java:setLeader(253)) - d87f90a9-3605-42ff-a73f-b54839b7ec6f@group-14A94C81CBE0: change Leader from null to d87f90a9-3605-42ff-a73f-b54839b7ec6f at term 1 for becomeLeader, leader elected after 5140ms
2019-09-29 11:18:01,514 [d87f90a9-3605-42ff-a73f-b54839b7ec6f@group-14A94C81CBE0:LeaderElection4] INFO  server.RaftServerConfigKeys (ConfUtils.java:logGet(43)) - raft.server.staging.catchup.gap = 1000 (default)
2019-09-29 11:18:01,514 [Thread-252] INFO  impl.FollowerState (FollowerState.java:run(106)) - 0545c36f-a0b4-4f79-aecb-0463d797a2ef:group-60EAC14DA426 changes to CANDIDATE, lastRpcTime:5030, electionTimeout:5030ms
2019-09-29 11:18:01,514 [d87f90a9-3605-42ff-a73f-b54839b7ec6f@group-14A94C81CBE0:LeaderElection4] INFO  server.RaftServerConfigKeys (ConfUtils.java:logGet(43)) - raft.server.rpc.sleep.time = 25ms (default)
2019-09-29 11:18:01,515 [Thread-252] INFO  impl.RoleInfo (RoleInfo.java:shutdownFollowerState(121)) - 0545c36f-a0b4-4f79-aecb-0463d797a2ef: shutdown FollowerState
2019-09-29 11:18:01,515 [d87f90a9-3605-42ff-a73f-b54839b7ec6f@group-14A94C81CBE0:LeaderElection4] INFO  server.RaftServerConfigKeys (ConfUtils.java:logGet(43)) - raft.server.write.element-limit = 4096 (default)
2019-09-29 11:18:01,515 [Thread-252] INFO  impl.RaftServerImpl (RaftServerImpl.java:setRole(174)) - 0545c36f-a0b4-4f79-aecb-0463d797a2ef@group-60EAC14DA426: changes role from  FOLLOWER to CANDIDATE at term 0 for changeToCandidate
2019-09-29 11:18:01,515 [d87f90a9-3605-42ff-a73f-b54839b7ec6f@group-14A94C81CBE0:LeaderElection4] INFO  server.RaftServerConfigKeys (ConfUtils.java:logGet(43)) - raft.server.watch.timeout = 10s (default)
2019-09-29 11:18:01,515 [Thread-252] INFO  impl.RoleInfo (RoleInfo.java:updateAndGet(143)) - 0545c36f-a0b4-4f79-aecb-0463d797a2ef: start LeaderElection
2019-09-29 11:18:01,515 [d87f90a9-3605-42ff-a73f-b54839b7ec6f@group-14A94C81CBE0:LeaderElection4] INFO  server.RaftServerConfigKeys (ConfUtils.java:logGet(43)) - raft.server.watch.timeout.denomination = 1s (default)
2019-09-29 11:18:01,515 [d87f90a9-3605-42ff-a73f-b54839b7ec6f@group-14A94C81CBE0:LeaderElection4] INFO  server.RaftServerConfigKeys (ConfUtils.java:logGet(43)) - raft.server.watch.element-limit = 65536 (default)
2019-09-29 11:18:01,525 [d87f90a9-3605-42ff-a73f-b54839b7ec6f@group-14A94C81CBE0:LeaderElection4] INFO  impl.RoleInfo (RoleInfo.java:updateAndGet(143)) - d87f90a9-3605-42ff-a73f-b54839b7ec6f: start LeaderState
2019-09-29 11:18:01,525 [d87f90a9-3605-42ff-a73f-b54839b7ec6f@group-14A94C81CBE0:LeaderElection4] INFO  segmented.SegmentedRaftLogWorker (SegmentedRaftLogWorker.java:startLogSegment(380)) - d87f90a9-3605-42ff-a73f-b54839b7ec6f@group-14A94C81CBE0-SegmentedRaftLogWorker: Starting segment from index:0
2019-09-29 11:18:01,525 [d87f90a9-3605-42ff-a73f-b54839b7ec6f@group-14A94C81CBE0:LeaderElection4] INFO  impl.RaftServerImpl (ServerState.java:setRaftConf(354)) - d87f90a9-3605-42ff-a73f-b54839b7ec6f@group-14A94C81CBE0: set configuration 0: [d87f90a9-3605-42ff-a73f-b54839b7ec6f:192.168.30.19:44039], old=null at 0
2019-09-29 11:18:01,535 [0545c36f-a0b4-4f79-aecb-0463d797a2ef@group-60EAC14DA426:LeaderElection5] INFO  impl.LeaderElection (LeaderElection.java:askForVotes(182)) - 0545c36f-a0b4-4f79-aecb-0463d797a2ef@group-60EAC14DA426:LeaderElection5: begin an election at term 1 for -1: [0545c36f-a0b4-4f79-aecb-0463d797a2ef:192.168.30.19:45994], old=null
2019-09-29 11:18:01,535 [0545c36f-a0b4-4f79-aecb-0463d797a2ef@group-60EAC14DA426:LeaderElection5] INFO  impl.RoleInfo (RoleInfo.java:shutdownLeaderElection(134)) - 0545c36f-a0b4-4f79-aecb-0463d797a2ef: shutdown LeaderElection
2019-09-29 11:18:01,535 [0545c36f-a0b4-4f79-aecb-0463d797a2ef@group-60EAC14DA426:LeaderElection5] INFO  impl.RaftServerImpl (RaftServerImpl.java:setRole(174)) - 0545c36f-a0b4-4f79-aecb-0463d797a2ef@group-60EAC14DA426: changes role from CANDIDATE to LEADER at term 1 for changeToLeader
2019-09-29 11:18:01,535 [0545c36f-a0b4-4f79-aecb-0463d797a2ef@group-60EAC14DA426:LeaderElection5] INFO  impl.RaftServerImpl (ServerState.java:setLeader(253)) - 0545c36f-a0b4-4f79-aecb-0463d797a2ef@group-60EAC14DA426: change Leader from null to 0545c36f-a0b4-4f79-aecb-0463d797a2ef at term 1 for becomeLeader, leader elected after 5063ms
2019-09-29 11:18:01,566 [0545c36f-a0b4-4f79-aecb-0463d797a2ef@group-60EAC14DA426:LeaderElection5] INFO  server.RaftServerConfigKeys (ConfUtils.java:logGet(43)) - raft.server.staging.catchup.gap = 1000 (default)
2019-09-29 11:18:01,567 [0545c36f-a0b4-4f79-aecb-0463d797a2ef@group-60EAC14DA426:LeaderElection5] INFO  server.RaftServerConfigKeys (ConfUtils.java:logGet(43)) - raft.server.rpc.sleep.time = 25ms (default)
2019-09-29 11:18:01,567 [0545c36f-a0b4-4f79-aecb-0463d797a2ef@group-60EAC14DA426:LeaderElection5] INFO  server.RaftServerConfigKeys (ConfUtils.java:logGet(43)) - raft.server.write.element-limit = 4096 (default)
2019-09-29 11:18:01,567 [0545c36f-a0b4-4f79-aecb-0463d797a2ef@group-60EAC14DA426:LeaderElection5] INFO  server.RaftServerConfigKeys (ConfUtils.java:logGet(43)) - raft.server.watch.timeout = 10s (default)
2019-09-29 11:18:01,567 [0545c36f-a0b4-4f79-aecb-0463d797a2ef@group-60EAC14DA426:LeaderElection5] INFO  server.RaftServerConfigKeys (ConfUtils.java:logGet(43)) - raft.server.watch.timeout.denomination = 1s (default)
2019-09-29 11:18:01,567 [0545c36f-a0b4-4f79-aecb-0463d797a2ef@group-60EAC14DA426:LeaderElection5] INFO  server.RaftServerConfigKeys (ConfUtils.java:logGet(43)) - raft.server.watch.element-limit = 65536 (default)
2019-09-29 11:18:01,570 [0545c36f-a0b4-4f79-aecb-0463d797a2ef@group-60EAC14DA426:LeaderElection5] INFO  impl.RoleInfo (RoleInfo.java:updateAndGet(143)) - 0545c36f-a0b4-4f79-aecb-0463d797a2ef: start LeaderState
2019-09-29 11:18:01,571 [0545c36f-a0b4-4f79-aecb-0463d797a2ef@group-60EAC14DA426:LeaderElection5] INFO  segmented.SegmentedRaftLogWorker (SegmentedRaftLogWorker.java:startLogSegment(380)) - 0545c36f-a0b4-4f79-aecb-0463d797a2ef@group-60EAC14DA426-SegmentedRaftLogWorker: Starting segment from index:0
2019-09-29 11:18:01,571 [0545c36f-a0b4-4f79-aecb-0463d797a2ef@group-60EAC14DA426:LeaderElection5] INFO  impl.RaftServerImpl (ServerState.java:setRaftConf(354)) - 0545c36f-a0b4-4f79-aecb-0463d797a2ef@group-60EAC14DA426: set configuration 0: [0545c36f-a0b4-4f79-aecb-0463d797a2ef:192.168.30.19:45994], old=null at 0
2019-09-29 11:18:01,605 [d87f90a9-3605-42ff-a73f-b54839b7ec6f@group-14A94C81CBE0-SegmentedRaftLogWorker] INFO  segmented.SegmentedRaftLogWorker (SegmentedRaftLogWorker.java:execute(569)) - d87f90a9-3605-42ff-a73f-b54839b7ec6f@group-14A94C81CBE0-SegmentedRaftLogWorker: created new log segment /workdir/hadoop-ozone/integration-test/target/test-dir/MiniOzoneClusterImpl-9adecfa3-4693-4b3b-b175-846bdd8f8c06/datanode-1/data/ratis/5857e6c0-d830-4163-8c12-14a94c81cbe0/current/log_inprogress_0
2019-09-29 11:18:01,652 [0545c36f-a0b4-4f79-aecb-0463d797a2ef@group-60EAC14DA426-SegmentedRaftLogWorker] INFO  segmented.SegmentedRaftLogWorker (SegmentedRaftLogWorker.java:execute(569)) - 0545c36f-a0b4-4f79-aecb-0463d797a2ef@group-60EAC14DA426-SegmentedRaftLogWorker: created new log segment /workdir/hadoop-ozone/integration-test/target/test-dir/MiniOzoneClusterImpl-9adecfa3-4693-4b3b-b175-846bdd8f8c06/datanode-4/data/ratis/49a828f7-c2a0-4afe-88ef-60eac14da426/current/log_inprogress_0
2019-09-29 11:18:01,694 [Thread-255] INFO  impl.FollowerState (FollowerState.java:run(106)) - 305a1411-9261-4938-b41f-95f0a67a7ebc:group-DF4CAEF31081 changes to CANDIDATE, lastRpcTime:5112, electionTimeout:5112ms
2019-09-29 11:18:01,694 [Thread-255] INFO  impl.RoleInfo (RoleInfo.java:shutdownFollowerState(121)) - 305a1411-9261-4938-b41f-95f0a67a7ebc: shutdown FollowerState
2019-09-29 11:18:01,694 [Thread-255] INFO  impl.RaftServerImpl (RaftServerImpl.java:setRole(174)) - 305a1411-9261-4938-b41f-95f0a67a7ebc@group-DF4CAEF31081: changes role from  FOLLOWER to CANDIDATE at term 0 for changeToCandidate
2019-09-29 11:18:01,694 [Thread-255] INFO  impl.RoleInfo (RoleInfo.java:updateAndGet(143)) - 305a1411-9261-4938-b41f-95f0a67a7ebc: start LeaderElection
2019-09-29 11:18:01,728 [305a1411-9261-4938-b41f-95f0a67a7ebc@group-DF4CAEF31081:LeaderElection6] INFO  impl.LeaderElection (LeaderElection.java:askForVotes(182)) - 305a1411-9261-4938-b41f-95f0a67a7ebc@group-DF4CAEF31081:LeaderElection6: begin an election at term 1 for -1: [305a1411-9261-4938-b41f-95f0a67a7ebc:192.168.30.19:45009], old=null
2019-09-29 11:18:01,728 [305a1411-9261-4938-b41f-95f0a67a7ebc@group-DF4CAEF31081:LeaderElection6] INFO  impl.RoleInfo (RoleInfo.java:shutdownLeaderElection(134)) - 305a1411-9261-4938-b41f-95f0a67a7ebc: shutdown LeaderElection
2019-09-29 11:18:01,728 [305a1411-9261-4938-b41f-95f0a67a7ebc@group-DF4CAEF31081:LeaderElection6] INFO  impl.RaftServerImpl (RaftServerImpl.java:setRole(174)) - 305a1411-9261-4938-b41f-95f0a67a7ebc@group-DF4CAEF31081: changes role from CANDIDATE to LEADER at term 1 for changeToLeader
2019-09-29 11:18:01,728 [305a1411-9261-4938-b41f-95f0a67a7ebc@group-DF4CAEF31081:LeaderElection6] INFO  impl.RaftServerImpl (ServerState.java:setLeader(253)) - 305a1411-9261-4938-b41f-95f0a67a7ebc@group-DF4CAEF31081: change Leader from null to 305a1411-9261-4938-b41f-95f0a67a7ebc at term 1 for becomeLeader, leader elected after 5155ms
2019-09-29 11:18:01,730 [305a1411-9261-4938-b41f-95f0a67a7ebc@group-DF4CAEF31081:LeaderElection6] INFO  server.RaftServerConfigKeys (ConfUtils.java:logGet(43)) - raft.server.staging.catchup.gap = 1000 (default)
2019-09-29 11:18:01,731 [305a1411-9261-4938-b41f-95f0a67a7ebc@group-DF4CAEF31081:LeaderElection6] INFO  server.RaftServerConfigKeys (ConfUtils.java:logGet(43)) - raft.server.rpc.sleep.time = 25ms (default)
2019-09-29 11:18:01,731 [305a1411-9261-4938-b41f-95f0a67a7ebc@group-DF4CAEF31081:LeaderElection6] INFO  server.RaftServerConfigKeys (ConfUtils.java:logGet(43)) - raft.server.write.element-limit = 4096 (default)
2019-09-29 11:18:01,731 [305a1411-9261-4938-b41f-95f0a67a7ebc@group-DF4CAEF31081:LeaderElection6] INFO  server.RaftServerConfigKeys (ConfUtils.java:logGet(43)) - raft.server.watch.timeout = 10s (default)
2019-09-29 11:18:01,731 [305a1411-9261-4938-b41f-95f0a67a7ebc@group-DF4CAEF31081:LeaderElection6] INFO  server.RaftServerConfigKeys (ConfUtils.java:logGet(43)) - raft.server.watch.timeout.denomination = 1s (default)
2019-09-29 11:18:01,732 [305a1411-9261-4938-b41f-95f0a67a7ebc@group-DF4CAEF31081:LeaderElection6] INFO  server.RaftServerConfigKeys (ConfUtils.java:logGet(43)) - raft.server.watch.element-limit = 65536 (default)
2019-09-29 11:18:01,735 [305a1411-9261-4938-b41f-95f0a67a7ebc@group-DF4CAEF31081:LeaderElection6] INFO  impl.RoleInfo (RoleInfo.java:updateAndGet(143)) - 305a1411-9261-4938-b41f-95f0a67a7ebc: start LeaderState
2019-09-29 11:18:01,736 [305a1411-9261-4938-b41f-95f0a67a7ebc@group-DF4CAEF31081:LeaderElection6] INFO  segmented.SegmentedRaftLogWorker (SegmentedRaftLogWorker.java:startLogSegment(380)) - 305a1411-9261-4938-b41f-95f0a67a7ebc@group-DF4CAEF31081-SegmentedRaftLogWorker: Starting segment from index:0
2019-09-29 11:18:01,736 [305a1411-9261-4938-b41f-95f0a67a7ebc@group-DF4CAEF31081:LeaderElection6] INFO  impl.RaftServerImpl (ServerState.java:setRaftConf(354)) - 305a1411-9261-4938-b41f-95f0a67a7ebc@group-DF4CAEF31081: set configuration 0: [305a1411-9261-4938-b41f-95f0a67a7ebc:192.168.30.19:45009], old=null at 0
2019-09-29 11:18:01,795 [305a1411-9261-4938-b41f-95f0a67a7ebc@group-DF4CAEF31081-SegmentedRaftLogWorker] INFO  segmented.SegmentedRaftLogWorker (SegmentedRaftLogWorker.java:execute(569)) - 305a1411-9261-4938-b41f-95f0a67a7ebc@group-DF4CAEF31081-SegmentedRaftLogWorker: created new log segment /workdir/hadoop-ozone/integration-test/target/test-dir/MiniOzoneClusterImpl-9adecfa3-4693-4b3b-b175-846bdd8f8c06/datanode-6/data/ratis/ba745aa9-20a0-403f-9ead-df4caef31081/current/log_inprogress_0
2019-09-29 11:18:01,795 [Thread-258] INFO  impl.FollowerState (FollowerState.java:run(106)) - 0015d375-f015-45cc-a030-fcc01a4a8fbf:group-C9A2A3528C90 changes to CANDIDATE, lastRpcTime:5122, electionTimeout:5122ms
2019-09-29 11:18:01,795 [Thread-258] INFO  impl.RoleInfo (RoleInfo.java:shutdownFollowerState(121)) - 0015d375-f015-45cc-a030-fcc01a4a8fbf: shutdown FollowerState
2019-09-29 11:18:01,795 [Thread-258] INFO  impl.RaftServerImpl (RaftServerImpl.java:setRole(174)) - 0015d375-f015-45cc-a030-fcc01a4a8fbf@group-C9A2A3528C90: changes role from  FOLLOWER to CANDIDATE at term 0 for changeToCandidate
2019-09-29 11:18:01,796 [Thread-258] INFO  impl.RoleInfo (RoleInfo.java:updateAndGet(143)) - 0015d375-f015-45cc-a030-fcc01a4a8fbf: start LeaderElection
2019-09-29 11:18:01,820 [0015d375-f015-45cc-a030-fcc01a4a8fbf@group-C9A2A3528C90:LeaderElection7] INFO  impl.LeaderElection (LeaderElection.java:askForVotes(182)) - 0015d375-f015-45cc-a030-fcc01a4a8fbf@group-C9A2A3528C90:LeaderElection7: begin an election at term 1 for -1: [0015d375-f015-45cc-a030-fcc01a4a8fbf:192.168.30.19:33934], old=null
2019-09-29 11:18:01,820 [0015d375-f015-45cc-a030-fcc01a4a8fbf@group-C9A2A3528C90:LeaderElection7] INFO  impl.RoleInfo (RoleInfo.java:shutdownLeaderElection(134)) - 0015d375-f015-45cc-a030-fcc01a4a8fbf: shutdown LeaderElection
2019-09-29 11:18:01,820 [0015d375-f015-45cc-a030-fcc01a4a8fbf@group-C9A2A3528C90:LeaderElection7] INFO  impl.RaftServerImpl (RaftServerImpl.java:setRole(174)) - 0015d375-f015-45cc-a030-fcc01a4a8fbf@group-C9A2A3528C90: changes role from CANDIDATE to LEADER at term 1 for changeToLeader
2019-09-29 11:18:01,820 [0015d375-f015-45cc-a030-fcc01a4a8fbf@group-C9A2A3528C90:LeaderElection7] INFO  impl.RaftServerImpl (ServerState.java:setLeader(253)) - 0015d375-f015-45cc-a030-fcc01a4a8fbf@group-C9A2A3528C90: change Leader from null to 0015d375-f015-45cc-a030-fcc01a4a8fbf at term 1 for becomeLeader, leader elected after 5155ms
2019-09-29 11:18:01,822 [0015d375-f015-45cc-a030-fcc01a4a8fbf@group-C9A2A3528C90:LeaderElection7] INFO  server.RaftServerConfigKeys (ConfUtils.java:logGet(43)) - raft.server.staging.catchup.gap = 1000 (default)
2019-09-29 11:18:01,823 [0015d375-f015-45cc-a030-fcc01a4a8fbf@group-C9A2A3528C90:LeaderElection7] INFO  server.RaftServerConfigKeys (ConfUtils.java:logGet(43)) - raft.server.rpc.sleep.time = 25ms (default)
2019-09-29 11:18:01,823 [0015d375-f015-45cc-a030-fcc01a4a8fbf@group-C9A2A3528C90:LeaderElection7] INFO  server.RaftServerConfigKeys (ConfUtils.java:logGet(43)) - raft.server.write.element-limit = 4096 (default)
2019-09-29 11:18:01,823 [0015d375-f015-45cc-a030-fcc01a4a8fbf@group-C9A2A3528C90:LeaderElection7] INFO  server.RaftServerConfigKeys (ConfUtils.java:logGet(43)) - raft.server.watch.timeout = 10s (default)
2019-09-29 11:18:01,823 [0015d375-f015-45cc-a030-fcc01a4a8fbf@group-C9A2A3528C90:LeaderElection7] INFO  server.RaftServerConfigKeys (ConfUtils.java:logGet(43)) - raft.server.watch.timeout.denomination = 1s (default)
2019-09-29 11:18:01,823 [0015d375-f015-45cc-a030-fcc01a4a8fbf@group-C9A2A3528C90:LeaderElection7] INFO  server.RaftServerConfigKeys (ConfUtils.java:logGet(43)) - raft.server.watch.element-limit = 65536 (default)
2019-09-29 11:18:01,826 [0015d375-f015-45cc-a030-fcc01a4a8fbf@group-C9A2A3528C90:LeaderElection7] INFO  impl.RoleInfo (RoleInfo.java:updateAndGet(143)) - 0015d375-f015-45cc-a030-fcc01a4a8fbf: start LeaderState
2019-09-29 11:18:01,827 [0015d375-f015-45cc-a030-fcc01a4a8fbf@group-C9A2A3528C90:LeaderElection7] INFO  segmented.SegmentedRaftLogWorker (SegmentedRaftLogWorker.java:startLogSegment(380)) - 0015d375-f015-45cc-a030-fcc01a4a8fbf@group-C9A2A3528C90-SegmentedRaftLogWorker: Starting segment from index:0
2019-09-29 11:18:01,827 [0015d375-f015-45cc-a030-fcc01a4a8fbf@group-C9A2A3528C90:LeaderElection7] INFO  impl.RaftServerImpl (ServerState.java:setRaftConf(354)) - 0015d375-f015-45cc-a030-fcc01a4a8fbf@group-C9A2A3528C90: set configuration 0: [0015d375-f015-45cc-a030-fcc01a4a8fbf:192.168.30.19:33934], old=null at 0
2019-09-29 11:18:01,861 [Thread-266] INFO  impl.FollowerState (FollowerState.java:run(106)) - d87f90a9-3605-42ff-a73f-b54839b7ec6f:group-3B8C7B1EF025 changes to CANDIDATE, lastRpcTime:5035, electionTimeout:5035ms
2019-09-29 11:18:01,862 [Thread-266] INFO  impl.RoleInfo (RoleInfo.java:shutdownFollowerState(121)) - d87f90a9-3605-42ff-a73f-b54839b7ec6f: shutdown FollowerState
2019-09-29 11:18:01,862 [Thread-266] INFO  impl.RaftServerImpl (RaftServerImpl.java:setRole(174)) - d87f90a9-3605-42ff-a73f-b54839b7ec6f@group-3B8C7B1EF025: changes role from  FOLLOWER to CANDIDATE at term 0 for changeToCandidate
2019-09-29 11:18:01,862 [Thread-266] INFO  impl.RoleInfo (RoleInfo.java:updateAndGet(143)) - d87f90a9-3605-42ff-a73f-b54839b7ec6f: start LeaderElection
2019-09-29 11:18:01,879 [0015d375-f015-45cc-a030-fcc01a4a8fbf@group-C9A2A3528C90-SegmentedRaftLogWorker] INFO  segmented.SegmentedRaftLogWorker (SegmentedRaftLogWorker.java:execute(569)) - 0015d375-f015-45cc-a030-fcc01a4a8fbf@group-C9A2A3528C90-SegmentedRaftLogWorker: created new log segment /workdir/hadoop-ozone/integration-test/target/test-dir/MiniOzoneClusterImpl-9adecfa3-4693-4b3b-b175-846bdd8f8c06/datanode-3/data/ratis/49acddfa-36a1-4413-8a0e-c9a2a3528c90/current/log_inprogress_0
2019-09-29 11:18:01,904 [d87f90a9-3605-42ff-a73f-b54839b7ec6f@group-3B8C7B1EF025:LeaderElection8] INFO  impl.LeaderElection (LeaderElection.java:askForVotes(182)) - d87f90a9-3605-42ff-a73f-b54839b7ec6f@group-3B8C7B1EF025:LeaderElection8: begin an election at term 1 for -1: [d87f90a9-3605-42ff-a73f-b54839b7ec6f:192.168.30.19:44039, 16f9aea5-9974-4547-813d-50b5e9cbac2d:192.168.30.19:34925, 813e8ff3-5a9d-4177-a3ce-ff3f7795e702:192.168.30.19:38815], old=null
2019-09-29 11:18:01,910 [Thread-267] INFO  impl.FollowerState (FollowerState.java:run(106)) - 16f9aea5-9974-4547-813d-50b5e9cbac2d:group-3B8C7B1EF025 changes to CANDIDATE, lastRpcTime:5083, electionTimeout:5083ms
2019-09-29 11:18:01,910 [Thread-267] INFO  impl.RoleInfo (RoleInfo.java:shutdownFollowerState(121)) - 16f9aea5-9974-4547-813d-50b5e9cbac2d: shutdown FollowerState
2019-09-29 11:18:01,910 [Thread-267] INFO  impl.RaftServerImpl (RaftServerImpl.java:setRole(174)) - 16f9aea5-9974-4547-813d-50b5e9cbac2d@group-3B8C7B1EF025: changes role from  FOLLOWER to CANDIDATE at term 0 for changeToCandidate
2019-09-29 11:18:01,910 [Thread-267] INFO  impl.RoleInfo (RoleInfo.java:updateAndGet(143)) - 16f9aea5-9974-4547-813d-50b5e9cbac2d: start LeaderElection
2019-09-29 11:18:01,917 [Thread-263] INFO  impl.FollowerState (FollowerState.java:run(106)) - 813e8ff3-5a9d-4177-a3ce-ff3f7795e702:group-3B8C7B1EF025 changes to CANDIDATE, lastRpcTime:5104, electionTimeout:5103ms
2019-09-29 11:18:01,917 [Thread-263] INFO  impl.RoleInfo (RoleInfo.java:shutdownFollowerState(121)) - 813e8ff3-5a9d-4177-a3ce-ff3f7795e702: shutdown FollowerState
2019-09-29 11:18:01,917 [Thread-263] INFO  impl.RaftServerImpl (RaftServerImpl.java:setRole(174)) - 813e8ff3-5a9d-4177-a3ce-ff3f7795e702@group-3B8C7B1EF025: changes role from  FOLLOWER to CANDIDATE at term 0 for changeToCandidate
2019-09-29 11:18:01,917 [Thread-263] INFO  impl.RoleInfo (RoleInfo.java:updateAndGet(143)) - 813e8ff3-5a9d-4177-a3ce-ff3f7795e702: start LeaderElection
2019-09-29 11:18:01,938 [16f9aea5-9974-4547-813d-50b5e9cbac2d@group-3B8C7B1EF025:LeaderElection9] INFO  impl.LeaderElection (LeaderElection.java:askForVotes(182)) - 16f9aea5-9974-4547-813d-50b5e9cbac2d@group-3B8C7B1EF025:LeaderElection9: begin an election at term 1 for -1: [d87f90a9-3605-42ff-a73f-b54839b7ec6f:192.168.30.19:44039, 16f9aea5-9974-4547-813d-50b5e9cbac2d:192.168.30.19:34925, 813e8ff3-5a9d-4177-a3ce-ff3f7795e702:192.168.30.19:38815], old=null
2019-09-29 11:18:01,938 [813e8ff3-5a9d-4177-a3ce-ff3f7795e702@group-3B8C7B1EF025:LeaderElection10] INFO  impl.LeaderElection (LeaderElection.java:askForVotes(182)) - 813e8ff3-5a9d-4177-a3ce-ff3f7795e702@group-3B8C7B1EF025:LeaderElection10: begin an election at term 1 for -1: [d87f90a9-3605-42ff-a73f-b54839b7ec6f:192.168.30.19:44039, 16f9aea5-9974-4547-813d-50b5e9cbac2d:192.168.30.19:34925, 813e8ff3-5a9d-4177-a3ce-ff3f7795e702:192.168.30.19:38815], old=null
2019-09-29 11:18:01,961 [d87f90a9-3605-42ff-a73f-b54839b7ec6f@group-3B8C7B1EF025:LeaderElection8] INFO  impl.LeaderElection (LeaderElection.java:logAndReturn(56)) - d87f90a9-3605-42ff-a73f-b54839b7ec6f@group-3B8C7B1EF025:LeaderElection8: Election REJECTED; received 2 response(s) [d87f90a9-3605-42ff-a73f-b54839b7ec6f<-16f9aea5-9974-4547-813d-50b5e9cbac2d#0:FAIL-t1, d87f90a9-3605-42ff-a73f-b54839b7ec6f<-813e8ff3-5a9d-4177-a3ce-ff3f7795e702#0:FAIL-t1] and 0 exception(s); d87f90a9-3605-42ff-a73f-b54839b7ec6f@group-3B8C7B1EF025:t1, leader=null, voted=d87f90a9-3605-42ff-a73f-b54839b7ec6f, raftlog=d87f90a9-3605-42ff-a73f-b54839b7ec6f@group-3B8C7B1EF025-SegmentedRaftLog:OPENED:c-1,f-1,i0, conf=-1: [d87f90a9-3605-42ff-a73f-b54839b7ec6f:192.168.30.19:44039, 16f9aea5-9974-4547-813d-50b5e9cbac2d:192.168.30.19:34925, 813e8ff3-5a9d-4177-a3ce-ff3f7795e702:192.168.30.19:38815], old=null
2019-09-29 11:18:01,965 [d87f90a9-3605-42ff-a73f-b54839b7ec6f@group-3B8C7B1EF025:LeaderElection8] INFO  impl.RaftServerImpl (RaftServerImpl.java:setRole(174)) - d87f90a9-3605-42ff-a73f-b54839b7ec6f@group-3B8C7B1EF025: changes role from CANDIDATE to FOLLOWER at term 1 for DISCOVERED_A_NEW_TERM
2019-09-29 11:18:01,965 [d87f90a9-3605-42ff-a73f-b54839b7ec6f@group-3B8C7B1EF025:LeaderElection8] INFO  impl.RoleInfo (RoleInfo.java:shutdownLeaderElection(134)) - d87f90a9-3605-42ff-a73f-b54839b7ec6f: shutdown LeaderElection
2019-09-29 11:18:01,967 [d87f90a9-3605-42ff-a73f-b54839b7ec6f@group-3B8C7B1EF025:LeaderElection8] INFO  impl.RoleInfo (RoleInfo.java:updateAndGet(143)) - d87f90a9-3605-42ff-a73f-b54839b7ec6f: start FollowerState
2019-09-29 11:18:01,971 [813e8ff3-5a9d-4177-a3ce-ff3f7795e702@group-3B8C7B1EF025:LeaderElection10] INFO  impl.LeaderElection (LeaderElection.java:logAndReturn(56)) - 813e8ff3-5a9d-4177-a3ce-ff3f7795e702@group-3B8C7B1EF025:LeaderElection10: Election REJECTED; received 2 response(s) [813e8ff3-5a9d-4177-a3ce-ff3f7795e702<-d87f90a9-3605-42ff-a73f-b54839b7ec6f#0:FAIL-t1, 813e8ff3-5a9d-4177-a3ce-ff3f7795e702<-16f9aea5-9974-4547-813d-50b5e9cbac2d#0:FAIL-t1] and 0 exception(s); 813e8ff3-5a9d-4177-a3ce-ff3f7795e702@group-3B8C7B1EF025:t1, leader=null, voted=813e8ff3-5a9d-4177-a3ce-ff3f7795e702, raftlog=813e8ff3-5a9d-4177-a3ce-ff3f7795e702@group-3B8C7B1EF025-SegmentedRaftLog:OPENED:c-1,f-1,i0, conf=-1: [d87f90a9-3605-42ff-a73f-b54839b7ec6f:192.168.30.19:44039, 16f9aea5-9974-4547-813d-50b5e9cbac2d:192.168.30.19:34925, 813e8ff3-5a9d-4177-a3ce-ff3f7795e702:192.168.30.19:38815], old=null
2019-09-29 11:18:01,982 [813e8ff3-5a9d-4177-a3ce-ff3f7795e702@group-3B8C7B1EF025:LeaderElection10] INFO  impl.RaftServerImpl (RaftServerImpl.java:setRole(174)) - 813e8ff3-5a9d-4177-a3ce-ff3f7795e702@group-3B8C7B1EF025: changes role from CANDIDATE to FOLLOWER at term 1 for DISCOVERED_A_NEW_TERM
2019-09-29 11:18:01,986 [813e8ff3-5a9d-4177-a3ce-ff3f7795e702@group-3B8C7B1EF025:LeaderElection10] INFO  impl.RoleInfo (RoleInfo.java:shutdownLeaderElection(134)) - 813e8ff3-5a9d-4177-a3ce-ff3f7795e702: shutdown LeaderElection
2019-09-29 11:18:01,988 [813e8ff3-5a9d-4177-a3ce-ff3f7795e702@group-3B8C7B1EF025:LeaderElection10] INFO  impl.RoleInfo (RoleInfo.java:updateAndGet(143)) - 813e8ff3-5a9d-4177-a3ce-ff3f7795e702: start FollowerState
2019-09-29 11:18:01,991 [16f9aea5-9974-4547-813d-50b5e9cbac2d@group-3B8C7B1EF025:LeaderElection9] INFO  impl.LeaderElection (LeaderElection.java:logAndReturn(56)) - 16f9aea5-9974-4547-813d-50b5e9cbac2d@group-3B8C7B1EF025:LeaderElection9: Election REJECTED; received 2 response(s) [16f9aea5-9974-4547-813d-50b5e9cbac2d<-d87f90a9-3605-42ff-a73f-b54839b7ec6f#0:FAIL-t1, 16f9aea5-9974-4547-813d-50b5e9cbac2d<-813e8ff3-5a9d-4177-a3ce-ff3f7795e702#0:FAIL-t1] and 0 exception(s); 16f9aea5-9974-4547-813d-50b5e9cbac2d@group-3B8C7B1EF025:t1, leader=null, voted=16f9aea5-9974-4547-813d-50b5e9cbac2d, raftlog=16f9aea5-9974-4547-813d-50b5e9cbac2d@group-3B8C7B1EF025-SegmentedRaftLog:OPENED:c-1,f-1,i0, conf=-1: [d87f90a9-3605-42ff-a73f-b54839b7ec6f:192.168.30.19:44039, 16f9aea5-9974-4547-813d-50b5e9cbac2d:192.168.30.19:34925, 813e8ff3-5a9d-4177-a3ce-ff3f7795e702:192.168.30.19:38815], old=null
2019-09-29 11:18:01,993 [16f9aea5-9974-4547-813d-50b5e9cbac2d@group-3B8C7B1EF025:LeaderElection9] INFO  impl.RaftServerImpl (RaftServerImpl.java:setRole(174)) - 16f9aea5-9974-4547-813d-50b5e9cbac2d@group-3B8C7B1EF025: changes role from CANDIDATE to FOLLOWER at term 1 for DISCOVERED_A_NEW_TERM
2019-09-29 11:18:01,994 [16f9aea5-9974-4547-813d-50b5e9cbac2d@group-3B8C7B1EF025:LeaderElection9] INFO  impl.RoleInfo (RoleInfo.java:shutdownLeaderElection(134)) - 16f9aea5-9974-4547-813d-50b5e9cbac2d: shutdown LeaderElection
2019-09-29 11:18:01,996 [16f9aea5-9974-4547-813d-50b5e9cbac2d@group-3B8C7B1EF025:LeaderElection9] INFO  impl.RoleInfo (RoleInfo.java:updateAndGet(143)) - 16f9aea5-9974-4547-813d-50b5e9cbac2d: start FollowerState
2019-09-29 11:18:02,009 [Thread-276] INFO  impl.FollowerState (FollowerState.java:run(106)) - 16f9aea5-9974-4547-813d-50b5e9cbac2d:group-BE528AA980C6 changes to CANDIDATE, lastRpcTime:5042, electionTimeout:5042ms
2019-09-29 11:18:02,011 [Thread-276] INFO  impl.RoleInfo (RoleInfo.java:shutdownFollowerState(121)) - 16f9aea5-9974-4547-813d-50b5e9cbac2d: shutdown FollowerState
2019-09-29 11:18:02,012 [Thread-276] INFO  impl.RaftServerImpl (RaftServerImpl.java:setRole(174)) - 16f9aea5-9974-4547-813d-50b5e9cbac2d@group-BE528AA980C6: changes role from  FOLLOWER to CANDIDATE at term 0 for changeToCandidate
2019-09-29 11:18:02,012 [Thread-276] INFO  impl.RoleInfo (RoleInfo.java:updateAndGet(143)) - 16f9aea5-9974-4547-813d-50b5e9cbac2d: start LeaderElection
2019-09-29 11:18:02,028 [Thread-275] INFO  impl.FollowerState (FollowerState.java:run(106)) - 813e8ff3-5a9d-4177-a3ce-ff3f7795e702:group-BE528AA980C6 changes to CANDIDATE, lastRpcTime:5062, electionTimeout:5059ms
2019-09-29 11:18:02,028 [Thread-275] INFO  impl.RoleInfo (RoleInfo.java:shutdownFollowerState(121)) - 813e8ff3-5a9d-4177-a3ce-ff3f7795e702: shutdown FollowerState
2019-09-29 11:18:02,029 [Thread-275] INFO  impl.RaftServerImpl (RaftServerImpl.java:setRole(174)) - 813e8ff3-5a9d-4177-a3ce-ff3f7795e702@group-BE528AA980C6: changes role from  FOLLOWER to CANDIDATE at term 0 for changeToCandidate
2019-09-29 11:18:02,029 [Thread-275] INFO  impl.RoleInfo (RoleInfo.java:updateAndGet(143)) - 813e8ff3-5a9d-4177-a3ce-ff3f7795e702: start LeaderElection
2019-09-29 11:18:02,038 [16f9aea5-9974-4547-813d-50b5e9cbac2d@group-BE528AA980C6:LeaderElection11] INFO  impl.LeaderElection (LeaderElection.java:askForVotes(182)) - 16f9aea5-9974-4547-813d-50b5e9cbac2d@group-BE528AA980C6:LeaderElection11: begin an election at term 1 for -1: [d87f90a9-3605-42ff-a73f-b54839b7ec6f:192.168.30.19:44039, 16f9aea5-9974-4547-813d-50b5e9cbac2d:192.168.30.19:34925, 813e8ff3-5a9d-4177-a3ce-ff3f7795e702:192.168.30.19:38815], old=null
2019-09-29 11:18:02,050 [grpc-default-executor-5] INFO  impl.RaftServerImpl (RaftServerImpl.java:setRole(174)) - d87f90a9-3605-42ff-a73f-b54839b7ec6f@group-BE528AA980C6: changes role from  FOLLOWER to FOLLOWER at term 1 for recognizeCandidate:16f9aea5-9974-4547-813d-50b5e9cbac2d
2019-09-29 11:18:02,050 [grpc-default-executor-5] INFO  impl.RoleInfo (RoleInfo.java:shutdownFollowerState(121)) - d87f90a9-3605-42ff-a73f-b54839b7ec6f: shutdown FollowerState
2019-09-29 11:18:02,051 [grpc-default-executor-5] INFO  impl.RoleInfo (RoleInfo.java:updateAndGet(143)) - d87f90a9-3605-42ff-a73f-b54839b7ec6f: start FollowerState
2019-09-29 11:18:02,051 [Thread-273] INFO  impl.FollowerState (FollowerState.java:run(115)) - d87f90a9-3605-42ff-a73f-b54839b7ec6f: FollowerState was interrupted: java.lang.InterruptedException: sleep interrupted
2019-09-29 11:18:02,055 [813e8ff3-5a9d-4177-a3ce-ff3f7795e702@group-BE528AA980C6:LeaderElection12] INFO  impl.LeaderElection (LeaderElection.java:askForVotes(182)) - 813e8ff3-5a9d-4177-a3ce-ff3f7795e702@group-BE528AA980C6:LeaderElection12: begin an election at term 1 for -1: [d87f90a9-3605-42ff-a73f-b54839b7ec6f:192.168.30.19:44039, 16f9aea5-9974-4547-813d-50b5e9cbac2d:192.168.30.19:34925, 813e8ff3-5a9d-4177-a3ce-ff3f7795e702:192.168.30.19:38815], old=null
2019-09-29 11:18:02,082 [813e8ff3-5a9d-4177-a3ce-ff3f7795e702@group-BE528AA980C6:LeaderElection12] INFO  impl.LeaderElection (LeaderElection.java:logAndReturn(56)) - 813e8ff3-5a9d-4177-a3ce-ff3f7795e702@group-BE528AA980C6:LeaderElection12: Election REJECTED; received 2 response(s) [813e8ff3-5a9d-4177-a3ce-ff3f7795e702<-d87f90a9-3605-42ff-a73f-b54839b7ec6f#0:FAIL-t1, 813e8ff3-5a9d-4177-a3ce-ff3f7795e702<-16f9aea5-9974-4547-813d-50b5e9cbac2d#0:FAIL-t1] and 0 exception(s); 813e8ff3-5a9d-4177-a3ce-ff3f7795e702@group-BE528AA980C6:t1, leader=null, voted=813e8ff3-5a9d-4177-a3ce-ff3f7795e702, raftlog=813e8ff3-5a9d-4177-a3ce-ff3f7795e702@group-BE528AA980C6-SegmentedRaftLog:OPENED:c-1,f-1,i0, conf=-1: [d87f90a9-3605-42ff-a73f-b54839b7ec6f:192.168.30.19:44039, 16f9aea5-9974-4547-813d-50b5e9cbac2d:192.168.30.19:34925, 813e8ff3-5a9d-4177-a3ce-ff3f7795e702:192.168.30.19:38815], old=null
2019-09-29 11:18:02,083 [813e8ff3-5a9d-4177-a3ce-ff3f7795e702@group-BE528AA980C6:LeaderElection12] INFO  impl.RaftServerImpl (RaftServerImpl.java:setRole(174)) - 813e8ff3-5a9d-4177-a3ce-ff3f7795e702@group-BE528AA980C6: changes role from CANDIDATE to FOLLOWER at term 1 for DISCOVERED_A_NEW_TERM
2019-09-29 11:18:02,085 [813e8ff3-5a9d-4177-a3ce-ff3f7795e702@group-BE528AA980C6:LeaderElection12] INFO  impl.RoleInfo (RoleInfo.java:shutdownLeaderElection(134)) - 813e8ff3-5a9d-4177-a3ce-ff3f7795e702: shutdown LeaderElection
2019-09-29 11:18:02,085 [813e8ff3-5a9d-4177-a3ce-ff3f7795e702@group-BE528AA980C6:LeaderElection12] INFO  impl.RoleInfo (RoleInfo.java:updateAndGet(143)) - 813e8ff3-5a9d-4177-a3ce-ff3f7795e702: start FollowerState
2019-09-29 11:18:02,085 [16f9aea5-9974-4547-813d-50b5e9cbac2d@group-BE528AA980C6:LeaderElection11] INFO  impl.LeaderElection (LeaderElection.java:logAndReturn(56)) - 16f9aea5-9974-4547-813d-50b5e9cbac2d@group-BE528AA980C6:LeaderElection11: Election PASSED; received 2 response(s) [16f9aea5-9974-4547-813d-50b5e9cbac2d<-d87f90a9-3605-42ff-a73f-b54839b7ec6f#0:OK-t1, 16f9aea5-9974-4547-813d-50b5e9cbac2d<-813e8ff3-5a9d-4177-a3ce-ff3f7795e702#0:FAIL-t1] and 0 exception(s); 16f9aea5-9974-4547-813d-50b5e9cbac2d@group-BE528AA980C6:t1, leader=null, voted=16f9aea5-9974-4547-813d-50b5e9cbac2d, raftlog=16f9aea5-9974-4547-813d-50b5e9cbac2d@group-BE528AA980C6-SegmentedRaftLog:OPENED:c-1,f-1,i0, conf=-1: [d87f90a9-3605-42ff-a73f-b54839b7ec6f:192.168.30.19:44039, 16f9aea5-9974-4547-813d-50b5e9cbac2d:192.168.30.19:34925, 813e8ff3-5a9d-4177-a3ce-ff3f7795e702:192.168.30.19:38815], old=null
2019-09-29 11:18:02,089 [16f9aea5-9974-4547-813d-50b5e9cbac2d@group-BE528AA980C6:LeaderElection11] INFO  impl.RoleInfo (RoleInfo.java:shutdownLeaderElection(134)) - 16f9aea5-9974-4547-813d-50b5e9cbac2d: shutdown LeaderElection
2019-09-29 11:18:02,090 [16f9aea5-9974-4547-813d-50b5e9cbac2d@group-BE528AA980C6:LeaderElection11] INFO  impl.RaftServerImpl (RaftServerImpl.java:setRole(174)) - 16f9aea5-9974-4547-813d-50b5e9cbac2d@group-BE528AA980C6: changes role from CANDIDATE to LEADER at term 1 for changeToLeader
2019-09-29 11:18:02,091 [16f9aea5-9974-4547-813d-50b5e9cbac2d@group-BE528AA980C6:LeaderElection11] INFO  impl.RaftServerImpl (ServerState.java:setLeader(253)) - 16f9aea5-9974-4547-813d-50b5e9cbac2d@group-BE528AA980C6: change Leader from null to 16f9aea5-9974-4547-813d-50b5e9cbac2d at term 1 for becomeLeader, leader elected after 5147ms
2019-09-29 11:18:02,091 [16f9aea5-9974-4547-813d-50b5e9cbac2d@group-BE528AA980C6:LeaderElection11] INFO  server.RaftServerConfigKeys (ConfUtils.java:logGet(43)) - raft.server.staging.catchup.gap = 1000 (default)
2019-09-29 11:18:02,091 [16f9aea5-9974-4547-813d-50b5e9cbac2d@group-BE528AA980C6:LeaderElection11] INFO  server.RaftServerConfigKeys (ConfUtils.java:logGet(43)) - raft.server.rpc.sleep.time = 25ms (default)
2019-09-29 11:18:02,091 [16f9aea5-9974-4547-813d-50b5e9cbac2d@group-BE528AA980C6:LeaderElection11] INFO  server.RaftServerConfigKeys (ConfUtils.java:logGet(43)) - raft.server.write.element-limit = 4096 (default)
2019-09-29 11:18:02,091 [16f9aea5-9974-4547-813d-50b5e9cbac2d@group-BE528AA980C6:LeaderElection11] INFO  server.RaftServerConfigKeys (ConfUtils.java:logGet(43)) - raft.server.watch.timeout = 10s (default)
2019-09-29 11:18:02,091 [16f9aea5-9974-4547-813d-50b5e9cbac2d@group-BE528AA980C6:LeaderElection11] INFO  server.RaftServerConfigKeys (ConfUtils.java:logGet(43)) - raft.server.watch.timeout.denomination = 1s (default)
2019-09-29 11:18:02,092 [16f9aea5-9974-4547-813d-50b5e9cbac2d@group-BE528AA980C6:LeaderElection11] INFO  server.RaftServerConfigKeys (ConfUtils.java:logGet(43)) - raft.server.watch.element-limit = 65536 (default)
2019-09-29 11:18:02,097 [16f9aea5-9974-4547-813d-50b5e9cbac2d@group-BE528AA980C6:LeaderElection11] INFO  server.RaftServerConfigKeys (ConfUtils.java:logGet(43)) - raft.server.log.appender.snapshot.chunk.size.max = 16MB (=16777216) (default)
2019-09-29 11:18:02,098 [16f9aea5-9974-4547-813d-50b5e9cbac2d@group-BE528AA980C6:LeaderElection11] INFO  server.RaftServerConfigKeys (ConfUtils.java:logGet(43)) - raft.server.log.appender.buffer.byte-limit = 33554432 (custom)
2019-09-29 11:18:02,098 [16f9aea5-9974-4547-813d-50b5e9cbac2d@group-BE528AA980C6:LeaderElection11] INFO  server.RaftServerConfigKeys (ConfUtils.java:logGet(43)) - raft.server.log.appender.buffer.element-limit = 1 (custom)
2019-09-29 11:18:02,103 [16f9aea5-9974-4547-813d-50b5e9cbac2d@group-BE528AA980C6:LeaderElection11] INFO  grpc.GrpcConfigKeys$Server (ConfUtils.java:logGet(43)) - raft.grpc.server.leader.outstanding.appends.max = 128 (default)
2019-09-29 11:18:02,109 [16f9aea5-9974-4547-813d-50b5e9cbac2d@group-BE528AA980C6:LeaderElection11] INFO  server.RaftServerConfigKeys (ConfUtils.java:logGet(43)) - raft.server.rpc.request.timeout = 3000ms (default)
2019-09-29 11:18:02,109 [16f9aea5-9974-4547-813d-50b5e9cbac2d@group-BE528AA980C6:LeaderElection11] INFO  server.RaftServerConfigKeys (ConfUtils.java:logGet(43)) - raft.server.log.appender.install.snapshot.enabled = false (custom)
2019-09-29 11:18:02,111 [16f9aea5-9974-4547-813d-50b5e9cbac2d@group-BE528AA980C6:LeaderElection11] INFO  server.RaftServerConfigKeys (ConfUtils.java:logGet(43)) - raft.server.log.appender.snapshot.chunk.size.max = 16MB (=16777216) (default)
2019-09-29 11:18:02,111 [16f9aea5-9974-4547-813d-50b5e9cbac2d@group-BE528AA980C6:LeaderElection11] INFO  server.RaftServerConfigKeys (ConfUtils.java:logGet(43)) - raft.server.log.appender.buffer.byte-limit = 33554432 (custom)
2019-09-29 11:18:02,111 [16f9aea5-9974-4547-813d-50b5e9cbac2d@group-BE528AA980C6:LeaderElection11] INFO  server.RaftServerConfigKeys (ConfUtils.java:logGet(43)) - raft.server.log.appender.buffer.element-limit = 1 (custom)
2019-09-29 11:18:02,111 [16f9aea5-9974-4547-813d-50b5e9cbac2d@group-BE528AA980C6:LeaderElection11] INFO  grpc.GrpcConfigKeys$Server (ConfUtils.java:logGet(43)) - raft.grpc.server.leader.outstanding.appends.max = 128 (default)
2019-09-29 11:18:02,112 [16f9aea5-9974-4547-813d-50b5e9cbac2d@group-BE528AA980C6:LeaderElection11] INFO  server.RaftServerConfigKeys (ConfUtils.java:logGet(43)) - raft.server.rpc.request.timeout = 3000ms (default)
2019-09-29 11:18:02,112 [16f9aea5-9974-4547-813d-50b5e9cbac2d@group-BE528AA980C6:LeaderElection11] INFO  server.RaftServerConfigKeys (ConfUtils.java:logGet(43)) - raft.server.log.appender.install.snapshot.enabled = false (custom)
2019-09-29 11:18:02,114 [16f9aea5-9974-4547-813d-50b5e9cbac2d@group-BE528AA980C6:LeaderElection11] INFO  impl.RoleInfo (RoleInfo.java:updateAndGet(143)) - 16f9aea5-9974-4547-813d-50b5e9cbac2d: start LeaderState
2019-09-29 11:18:02,114 [16f9aea5-9974-4547-813d-50b5e9cbac2d@group-BE528AA980C6:LeaderElection11] INFO  segmented.SegmentedRaftLogWorker (SegmentedRaftLogWorker.java:startLogSegment(380)) - 16f9aea5-9974-4547-813d-50b5e9cbac2d@group-BE528AA980C6-SegmentedRaftLogWorker: Starting segment from index:0
2019-09-29 11:18:02,115 [16f9aea5-9974-4547-813d-50b5e9cbac2d@group-BE528AA980C6:LeaderElection11] INFO  impl.RaftServerImpl (ServerState.java:setRaftConf(354)) - 16f9aea5-9974-4547-813d-50b5e9cbac2d@group-BE528AA980C6: set configuration 0: [d87f90a9-3605-42ff-a73f-b54839b7ec6f:192.168.30.19:44039, 16f9aea5-9974-4547-813d-50b5e9cbac2d:192.168.30.19:34925, 813e8ff3-5a9d-4177-a3ce-ff3f7795e702:192.168.30.19:38815], old=null at 0
2019-09-29 11:18:02,149 [Thread-286] INFO  impl.FollowerState (FollowerState.java:run(106)) - d87f90a9-3605-42ff-a73f-b54839b7ec6f:group-457A954BF1FF changes to CANDIDATE, lastRpcTime:5037, electionTimeout:5027ms
2019-09-29 11:18:02,150 [Thread-282] INFO  impl.FollowerState (FollowerState.java:run(106)) - 813e8ff3-5a9d-4177-a3ce-ff3f7795e702:group-457A954BF1FF changes to CANDIDATE, lastRpcTime:5056, electionTimeout:5024ms
2019-09-29 11:18:02,150 [Thread-286] INFO  impl.RoleInfo (RoleInfo.java:shutdownFollowerState(121)) - d87f90a9-3605-42ff-a73f-b54839b7ec6f: shutdown FollowerState
2019-09-29 11:18:02,150 [Thread-282] INFO  impl.RoleInfo (RoleInfo.java:shutdownFollowerState(121)) - 813e8ff3-5a9d-4177-a3ce-ff3f7795e702: shutdown FollowerState
2019-09-29 11:18:02,150 [Thread-286] INFO  impl.RaftServerImpl (RaftServerImpl.java:setRole(174)) - d87f90a9-3605-42ff-a73f-b54839b7ec6f@group-457A954BF1FF: changes role from  FOLLOWER to CANDIDATE at term 0 for changeToCandidate
2019-09-29 11:18:02,150 [Thread-282] INFO  impl.RaftServerImpl (RaftServerImpl.java:setRole(174)) - 813e8ff3-5a9d-4177-a3ce-ff3f7795e702@group-457A954BF1FF: changes role from  FOLLOWER to CANDIDATE at term 0 for changeToCandidate
2019-09-29 11:18:02,151 [Thread-286] INFO  impl.RoleInfo (RoleInfo.java:updateAndGet(143)) - d87f90a9-3605-42ff-a73f-b54839b7ec6f: start LeaderElection
2019-09-29 11:18:02,151 [Thread-282] INFO  impl.RoleInfo (RoleInfo.java:updateAndGet(143)) - 813e8ff3-5a9d-4177-a3ce-ff3f7795e702: start LeaderElection
2019-09-29 11:18:02,175 [16f9aea5-9974-4547-813d-50b5e9cbac2d@group-BE528AA980C6-SegmentedRaftLogWorker] INFO  segmented.SegmentedRaftLogWorker (SegmentedRaftLogWorker.java:execute(569)) - 16f9aea5-9974-4547-813d-50b5e9cbac2d@group-BE528AA980C6-SegmentedRaftLogWorker: created new log segment /workdir/hadoop-ozone/integration-test/target/test-dir/MiniOzoneClusterImpl-9adecfa3-4693-4b3b-b175-846bdd8f8c06/datanode-5/data/ratis/374d0a6a-022b-4a73-8d4f-be528aa980c6/current/log_inprogress_0
2019-09-29 11:18:02,175 [d87f90a9-3605-42ff-a73f-b54839b7ec6f@group-457A954BF1FF:LeaderElection13] INFO  impl.LeaderElection (LeaderElection.java:askForVotes(182)) - d87f90a9-3605-42ff-a73f-b54839b7ec6f@group-457A954BF1FF:LeaderElection13: begin an election at term 1 for -1: [d87f90a9-3605-42ff-a73f-b54839b7ec6f:192.168.30.19:44039, 16f9aea5-9974-4547-813d-50b5e9cbac2d:192.168.30.19:34925, 813e8ff3-5a9d-4177-a3ce-ff3f7795e702:192.168.30.19:38815], old=null
2019-09-29 11:18:02,175 [grpc-default-executor-5] INFO  impl.RaftServerImpl (ServerState.java:setLeader(253)) - 813e8ff3-5a9d-4177-a3ce-ff3f7795e702@group-BE528AA980C6: change Leader from null to 16f9aea5-9974-4547-813d-50b5e9cbac2d at term 1 for appendEntries, leader elected after 5231ms
2019-09-29 11:18:02,175 [813e8ff3-5a9d-4177-a3ce-ff3f7795e702@group-457A954BF1FF:LeaderElection14] INFO  impl.LeaderElection (LeaderElection.java:askForVotes(182)) - 813e8ff3-5a9d-4177-a3ce-ff3f7795e702@group-457A954BF1FF:LeaderElection14: begin an election at term 1 for -1: [d87f90a9-3605-42ff-a73f-b54839b7ec6f:192.168.30.19:44039, 16f9aea5-9974-4547-813d-50b5e9cbac2d:192.168.30.19:34925, 813e8ff3-5a9d-4177-a3ce-ff3f7795e702:192.168.30.19:38815], old=null
2019-09-29 11:18:02,175 [grpc-default-executor-2] INFO  impl.RaftServerImpl (ServerState.java:setLeader(253)) - d87f90a9-3605-42ff-a73f-b54839b7ec6f@group-BE528AA980C6: change Leader from null to 16f9aea5-9974-4547-813d-50b5e9cbac2d at term 1 for appendEntries, leader elected after 5231ms
2019-09-29 11:18:02,187 [grpc-default-executor-1] INFO  impl.RaftServerImpl (RaftServerImpl.java:setRole(174)) - 16f9aea5-9974-4547-813d-50b5e9cbac2d@group-457A954BF1FF: changes role from  FOLLOWER to FOLLOWER at term 1 for recognizeCandidate:d87f90a9-3605-42ff-a73f-b54839b7ec6f
2019-09-29 11:18:02,187 [grpc-default-executor-1] INFO  impl.RoleInfo (RoleInfo.java:shutdownFollowerState(121)) - 16f9aea5-9974-4547-813d-50b5e9cbac2d: shutdown FollowerState
2019-09-29 11:18:02,188 [grpc-default-executor-1] INFO  impl.RoleInfo (RoleInfo.java:updateAndGet(143)) - 16f9aea5-9974-4547-813d-50b5e9cbac2d: start FollowerState
2019-09-29 11:18:02,188 [Thread-285] INFO  impl.FollowerState (FollowerState.java:run(115)) - 16f9aea5-9974-4547-813d-50b5e9cbac2d: FollowerState was interrupted: java.lang.InterruptedException: sleep interrupted
2019-09-29 11:18:02,211 [grpc-default-executor-2] INFO  impl.RaftServerImpl (ServerState.java:setRaftConf(354)) - 813e8ff3-5a9d-4177-a3ce-ff3f7795e702@group-BE528AA980C6: set configuration 0: [d87f90a9-3605-42ff-a73f-b54839b7ec6f:192.168.30.19:44039, 16f9aea5-9974-4547-813d-50b5e9cbac2d:192.168.30.19:34925, 813e8ff3-5a9d-4177-a3ce-ff3f7795e702:192.168.30.19:38815], old=null at 0
2019-09-29 11:18:02,211 [grpc-default-executor-5] INFO  impl.RaftServerImpl (ServerState.java:setRaftConf(354)) - d87f90a9-3605-42ff-a73f-b54839b7ec6f@group-BE528AA980C6: set configuration 0: [d87f90a9-3605-42ff-a73f-b54839b7ec6f:192.168.30.19:44039, 16f9aea5-9974-4547-813d-50b5e9cbac2d:192.168.30.19:34925, 813e8ff3-5a9d-4177-a3ce-ff3f7795e702:192.168.30.19:38815], old=null at 0
2019-09-29 11:18:02,211 [grpc-default-executor-2] INFO  segmented.SegmentedRaftLogWorker (SegmentedRaftLogWorker.java:startLogSegment(380)) - 813e8ff3-5a9d-4177-a3ce-ff3f7795e702@group-BE528AA980C6-SegmentedRaftLogWorker: Starting segment from index:0
2019-09-29 11:18:02,211 [grpc-default-executor-5] INFO  segmented.SegmentedRaftLogWorker (SegmentedRaftLogWorker.java:startLogSegment(380)) - d87f90a9-3605-42ff-a73f-b54839b7ec6f@group-BE528AA980C6-SegmentedRaftLogWorker: Starting segment from index:0
2019-09-29 11:18:02,217 [d87f90a9-3605-42ff-a73f-b54839b7ec6f@group-457A954BF1FF:LeaderElection13] INFO  impl.LeaderElection (LeaderElection.java:logAndReturn(56)) - d87f90a9-3605-42ff-a73f-b54839b7ec6f@group-457A954BF1FF:LeaderElection13: Election PASSED; received 2 response(s) [d87f90a9-3605-42ff-a73f-b54839b7ec6f<-813e8ff3-5a9d-4177-a3ce-ff3f7795e702#0:FAIL-t1, d87f90a9-3605-42ff-a73f-b54839b7ec6f<-16f9aea5-9974-4547-813d-50b5e9cbac2d#0:OK-t1] and 0 exception(s); d87f90a9-3605-42ff-a73f-b54839b7ec6f@group-457A954BF1FF:t1, leader=null, voted=d87f90a9-3605-42ff-a73f-b54839b7ec6f, raftlog=d87f90a9-3605-42ff-a73f-b54839b7ec6f@group-457A954BF1FF-SegmentedRaftLog:OPENED:c-1,f-1,i0, conf=-1: [d87f90a9-3605-42ff-a73f-b54839b7ec6f:192.168.30.19:44039, 16f9aea5-9974-4547-813d-50b5e9cbac2d:192.168.30.19:34925, 813e8ff3-5a9d-4177-a3ce-ff3f7795e702:192.168.30.19:38815], old=null
2019-09-29 11:18:02,217 [d87f90a9-3605-42ff-a73f-b54839b7ec6f@group-457A954BF1FF:LeaderElection13] INFO  impl.RoleInfo (RoleInfo.java:shutdownLeaderElection(134)) - d87f90a9-3605-42ff-a73f-b54839b7ec6f: shutdown LeaderElection
2019-09-29 11:18:02,244 [813e8ff3-5a9d-4177-a3ce-ff3f7795e702@group-457A954BF1FF:LeaderElection14] INFO  impl.LeaderElection (LeaderElection.java:logAndReturn(56)) - 813e8ff3-5a9d-4177-a3ce-ff3f7795e702@group-457A954BF1FF:LeaderElection14: Election REJECTED; received 2 response(s) [813e8ff3-5a9d-4177-a3ce-ff3f7795e702<-d87f90a9-3605-42ff-a73f-b54839b7ec6f#0:FAIL-t1, 813e8ff3-5a9d-4177-a3ce-ff3f7795e702<-16f9aea5-9974-4547-813d-50b5e9cbac2d#0:FAIL-t1] and 0 exception(s); 813e8ff3-5a9d-4177-a3ce-ff3f7795e702@group-457A954BF1FF:t1, leader=null, voted=813e8ff3-5a9d-4177-a3ce-ff3f7795e702, raftlog=813e8ff3-5a9d-4177-a3ce-ff3f7795e702@group-457A954BF1FF-SegmentedRaftLog:OPENED:c-1,f-1,i0, conf=-1: [d87f90a9-3605-42ff-a73f-b54839b7ec6f:192.168.30.19:44039, 16f9aea5-9974-4547-813d-50b5e9cbac2d:192.168.30.19:34925, 813e8ff3-5a9d-4177-a3ce-ff3f7795e702:192.168.30.19:38815], old=null
2019-09-29 11:18:02,244 [d87f90a9-3605-42ff-a73f-b54839b7ec6f@group-457A954BF1FF:LeaderElection13] INFO  impl.RaftServerImpl (RaftServerImpl.java:setRole(174)) - d87f90a9-3605-42ff-a73f-b54839b7ec6f@group-457A954BF1FF: changes role from CANDIDATE to LEADER at term 1 for changeToLeader
2019-09-29 11:18:02,249 [d87f90a9-3605-42ff-a73f-b54839b7ec6f@group-457A954BF1FF:LeaderElection13] INFO  impl.RaftServerImpl (ServerState.java:setLeader(253)) - d87f90a9-3605-42ff-a73f-b54839b7ec6f@group-457A954BF1FF: change Leader from null to d87f90a9-3605-42ff-a73f-b54839b7ec6f at term 1 for becomeLeader, leader elected after 5177ms
2019-09-29 11:18:02,246 [813e8ff3-5a9d-4177-a3ce-ff3f7795e702@group-457A954BF1FF:LeaderElection14] INFO  impl.RaftServerImpl (RaftServerImpl.java:setRole(174)) - 813e8ff3-5a9d-4177-a3ce-ff3f7795e702@group-457A954BF1FF: changes role from CANDIDATE to FOLLOWER at term 1 for DISCOVERED_A_NEW_TERM
2019-09-29 11:18:02,251 [d87f90a9-3605-42ff-a73f-b54839b7ec6f@group-457A954BF1FF:LeaderElection13] INFO  server.RaftServerConfigKeys (ConfUtils.java:logGet(43)) - raft.server.staging.catchup.gap = 1000 (default)
2019-09-29 11:18:02,252 [813e8ff3-5a9d-4177-a3ce-ff3f7795e702@group-457A954BF1FF:LeaderElection14] INFO  impl.RoleInfo (RoleInfo.java:shutdownLeaderElection(134)) - 813e8ff3-5a9d-4177-a3ce-ff3f7795e702: shutdown LeaderElection
2019-09-29 11:18:02,252 [d87f90a9-3605-42ff-a73f-b54839b7ec6f@group-457A954BF1FF:LeaderElection13] INFO  server.RaftServerConfigKeys (ConfUtils.java:logGet(43)) - raft.server.rpc.sleep.time = 25ms (default)
2019-09-29 11:18:02,252 [813e8ff3-5a9d-4177-a3ce-ff3f7795e702@group-457A954BF1FF:LeaderElection14] INFO  impl.RoleInfo (RoleInfo.java:updateAndGet(143)) - 813e8ff3-5a9d-4177-a3ce-ff3f7795e702: start FollowerState
2019-09-29 11:18:02,252 [d87f90a9-3605-42ff-a73f-b54839b7ec6f@group-457A954BF1FF:LeaderElection13] INFO  server.RaftServerConfigKeys (ConfUtils.java:logGet(43)) - raft.server.write.element-limit = 4096 (default)
2019-09-29 11:18:02,254 [d87f90a9-3605-42ff-a73f-b54839b7ec6f@group-457A954BF1FF:LeaderElection13] INFO  server.RaftServerConfigKeys (ConfUtils.java:logGet(43)) - raft.server.watch.timeout = 10s (default)
2019-09-29 11:18:02,254 [d87f90a9-3605-42ff-a73f-b54839b7ec6f@group-457A954BF1FF:LeaderElection13] INFO  server.RaftServerConfigKeys (ConfUtils.java:logGet(43)) - raft.server.watch.timeout.denomination = 1s (default)
2019-09-29 11:18:02,254 [d87f90a9-3605-42ff-a73f-b54839b7ec6f@group-457A954BF1FF:LeaderElection13] INFO  server.RaftServerConfigKeys (ConfUtils.java:logGet(43)) - raft.server.watch.element-limit = 65536 (default)
2019-09-29 11:18:02,258 [d87f90a9-3605-42ff-a73f-b54839b7ec6f@group-457A954BF1FF:LeaderElection13] INFO  server.RaftServerConfigKeys (ConfUtils.java:logGet(43)) - raft.server.log.appender.snapshot.chunk.size.max = 16MB (=16777216) (default)
2019-09-29 11:18:02,258 [d87f90a9-3605-42ff-a73f-b54839b7ec6f@group-457A954BF1FF:LeaderElection13] INFO  server.RaftServerConfigKeys (ConfUtils.java:logGet(43)) - raft.server.log.appender.buffer.byte-limit = 33554432 (custom)
2019-09-29 11:18:02,258 [d87f90a9-3605-42ff-a73f-b54839b7ec6f@group-457A954BF1FF:LeaderElection13] INFO  server.RaftServerConfigKeys (ConfUtils.java:logGet(43)) - raft.server.log.appender.buffer.element-limit = 1 (custom)
2019-09-29 11:18:02,258 [d87f90a9-3605-42ff-a73f-b54839b7ec6f@group-457A954BF1FF:LeaderElection13] INFO  grpc.GrpcConfigKeys$Server (ConfUtils.java:logGet(43)) - raft.grpc.server.leader.outstanding.appends.max = 128 (default)
2019-09-29 11:18:02,260 [d87f90a9-3605-42ff-a73f-b54839b7ec6f@group-457A954BF1FF:LeaderElection13] INFO  server.RaftServerConfigKeys (ConfUtils.java:logGet(43)) - raft.server.rpc.request.timeout = 3000ms (default)
2019-09-29 11:18:02,260 [d87f90a9-3605-42ff-a73f-b54839b7ec6f@group-457A954BF1FF:LeaderElection13] INFO  server.RaftServerConfigKeys (ConfUtils.java:logGet(43)) - raft.server.log.appender.install.snapshot.enabled = false (custom)
2019-09-29 11:18:02,261 [d87f90a9-3605-42ff-a73f-b54839b7ec6f@group-457A954BF1FF:LeaderElection13] INFO  server.RaftServerConfigKeys (ConfUtils.java:logGet(43)) - raft.server.log.appender.snapshot.chunk.size.max = 16MB (=16777216) (default)
2019-09-29 11:18:02,261 [d87f90a9-3605-42ff-a73f-b54839b7ec6f@group-457A954BF1FF:LeaderElection13] INFO  server.RaftServerConfigKeys (ConfUtils.java:logGet(43)) - raft.server.log.appender.buffer.byte-limit = 33554432 (custom)
2019-09-29 11:18:02,261 [d87f90a9-3605-42ff-a73f-b54839b7ec6f@group-457A954BF1FF:LeaderElection13] INFO  server.RaftServerConfigKeys (ConfUtils.java:logGet(43)) - raft.server.log.appender.buffer.element-limit = 1 (custom)
2019-09-29 11:18:02,261 [d87f90a9-3605-42ff-a73f-b54839b7ec6f@group-457A954BF1FF:LeaderElection13] INFO  grpc.GrpcConfigKeys$Server (ConfUtils.java:logGet(43)) - raft.grpc.server.leader.outstanding.appends.max = 128 (default)
2019-09-29 11:18:02,261 [d87f90a9-3605-42ff-a73f-b54839b7ec6f@group-457A954BF1FF:LeaderElection13] INFO  server.RaftServerConfigKeys (ConfUtils.java:logGet(43)) - raft.server.rpc.request.timeout = 3000ms (default)
2019-09-29 11:18:02,262 [d87f90a9-3605-42ff-a73f-b54839b7ec6f@group-457A954BF1FF:LeaderElection13] INFO  server.RaftServerConfigKeys (ConfUtils.java:logGet(43)) - raft.server.log.appender.install.snapshot.enabled = false (custom)
2019-09-29 11:18:02,262 [d87f90a9-3605-42ff-a73f-b54839b7ec6f@group-457A954BF1FF:LeaderElection13] INFO  impl.RoleInfo (RoleInfo.java:updateAndGet(143)) - d87f90a9-3605-42ff-a73f-b54839b7ec6f: start LeaderState
2019-09-29 11:18:02,262 [d87f90a9-3605-42ff-a73f-b54839b7ec6f@group-457A954BF1FF:LeaderElection13] INFO  segmented.SegmentedRaftLogWorker (SegmentedRaftLogWorker.java:startLogSegment(380)) - d87f90a9-3605-42ff-a73f-b54839b7ec6f@group-457A954BF1FF-SegmentedRaftLogWorker: Starting segment from index:0
2019-09-29 11:18:02,263 [d87f90a9-3605-42ff-a73f-b54839b7ec6f@group-457A954BF1FF:LeaderElection13] INFO  impl.RaftServerImpl (ServerState.java:setRaftConf(354)) - d87f90a9-3605-42ff-a73f-b54839b7ec6f@group-457A954BF1FF: set configuration 0: [d87f90a9-3605-42ff-a73f-b54839b7ec6f:192.168.30.19:44039, 16f9aea5-9974-4547-813d-50b5e9cbac2d:192.168.30.19:34925, 813e8ff3-5a9d-4177-a3ce-ff3f7795e702:192.168.30.19:38815], old=null at 0
2019-09-29 11:18:02,292 [813e8ff3-5a9d-4177-a3ce-ff3f7795e702@group-BE528AA980C6-SegmentedRaftLogWorker] INFO  segmented.SegmentedRaftLogWorker (SegmentedRaftLogWorker.java:execute(569)) - 813e8ff3-5a9d-4177-a3ce-ff3f7795e702@group-BE528AA980C6-SegmentedRaftLogWorker: created new log segment /workdir/hadoop-ozone/integration-test/target/test-dir/MiniOzoneClusterImpl-9adecfa3-4693-4b3b-b175-846bdd8f8c06/datanode-2/data/ratis/374d0a6a-022b-4a73-8d4f-be528aa980c6/current/log_inprogress_0
2019-09-29 11:18:02,292 [d87f90a9-3605-42ff-a73f-b54839b7ec6f@group-BE528AA980C6-SegmentedRaftLogWorker] INFO  segmented.SegmentedRaftLogWorker (SegmentedRaftLogWorker.java:execute(569)) - d87f90a9-3605-42ff-a73f-b54839b7ec6f@group-BE528AA980C6-SegmentedRaftLogWorker: created new log segment /workdir/hadoop-ozone/integration-test/target/test-dir/MiniOzoneClusterImpl-9adecfa3-4693-4b3b-b175-846bdd8f8c06/datanode-1/data/ratis/374d0a6a-022b-4a73-8d4f-be528aa980c6/current/log_inprogress_0
2019-09-29 11:18:02,296 [grpc-default-executor-3] INFO  impl.RaftServerImpl (ServerState.java:setLeader(253)) - 16f9aea5-9974-4547-813d-50b5e9cbac2d@group-457A954BF1FF: change Leader from null to d87f90a9-3605-42ff-a73f-b54839b7ec6f at term 1 for appendEntries, leader elected after 5234ms
2019-09-29 11:18:02,296 [grpc-default-executor-1] INFO  impl.RaftServerImpl (ServerState.java:setLeader(253)) - 813e8ff3-5a9d-4177-a3ce-ff3f7795e702@group-457A954BF1FF: change Leader from null to d87f90a9-3605-42ff-a73f-b54839b7ec6f at term 1 for appendEntries, leader elected after 5232ms
2019-09-29 11:18:02,300 [grpc-default-executor-3] INFO  impl.RaftServerImpl (ServerState.java:setRaftConf(354)) - 16f9aea5-9974-4547-813d-50b5e9cbac2d@group-457A954BF1FF: set configuration 0: [d87f90a9-3605-42ff-a73f-b54839b7ec6f:192.168.30.19:44039, 16f9aea5-9974-4547-813d-50b5e9cbac2d:192.168.30.19:34925, 813e8ff3-5a9d-4177-a3ce-ff3f7795e702:192.168.30.19:38815], old=null at 0
2019-09-29 11:18:02,300 [grpc-default-executor-1] INFO  impl.RaftServerImpl (ServerState.java:setRaftConf(354)) - 813e8ff3-5a9d-4177-a3ce-ff3f7795e702@group-457A954BF1FF: set configuration 0: [d87f90a9-3605-42ff-a73f-b54839b7ec6f:192.168.30.19:44039, 16f9aea5-9974-4547-813d-50b5e9cbac2d:192.168.30.19:34925, 813e8ff3-5a9d-4177-a3ce-ff3f7795e702:192.168.30.19:38815], old=null at 0
2019-09-29 11:18:02,300 [grpc-default-executor-3] INFO  segmented.SegmentedRaftLogWorker (SegmentedRaftLogWorker.java:startLogSegment(380)) - 16f9aea5-9974-4547-813d-50b5e9cbac2d@group-457A954BF1FF-SegmentedRaftLogWorker: Starting segment from index:0
2019-09-29 11:18:02,301 [grpc-default-executor-1] INFO  segmented.SegmentedRaftLogWorker (SegmentedRaftLogWorker.java:startLogSegment(380)) - 813e8ff3-5a9d-4177-a3ce-ff3f7795e702@group-457A954BF1FF-SegmentedRaftLogWorker: Starting segment from index:0
2019-09-29 11:18:02,316 [d87f90a9-3605-42ff-a73f-b54839b7ec6f@group-457A954BF1FF-SegmentedRaftLogWorker] INFO  segmented.SegmentedRaftLogWorker (SegmentedRaftLogWorker.java:execute(569)) - d87f90a9-3605-42ff-a73f-b54839b7ec6f@group-457A954BF1FF-SegmentedRaftLogWorker: created new log segment /workdir/hadoop-ozone/integration-test/target/test-dir/MiniOzoneClusterImpl-9adecfa3-4693-4b3b-b175-846bdd8f8c06/datanode-1/data/ratis/ee592897-d3bf-4c96-a993-457a954bf1ff/current/log_inprogress_0
2019-09-29 11:18:02,317 [Thread-295] INFO  impl.FollowerState (FollowerState.java:run(106)) - 813e8ff3-5a9d-4177-a3ce-ff3f7795e702:group-ECC108AE71E7 changes to CANDIDATE, lastRpcTime:5073, electionTimeout:5073ms
2019-09-29 11:18:02,317 [Thread-295] INFO  impl.RoleInfo (RoleInfo.java:shutdownFollowerState(121)) - 813e8ff3-5a9d-4177-a3ce-ff3f7795e702: shutdown FollowerState
2019-09-29 11:18:02,317 [Thread-295] INFO  impl.RaftServerImpl (RaftServerImpl.java:setRole(174)) - 813e8ff3-5a9d-4177-a3ce-ff3f7795e702@group-ECC108AE71E7: changes role from  FOLLOWER to CANDIDATE at term 0 for changeToCandidate
2019-09-29 11:18:02,318 [Thread-295] INFO  impl.RoleInfo (RoleInfo.java:updateAndGet(143)) - 813e8ff3-5a9d-4177-a3ce-ff3f7795e702: start LeaderElection
2019-09-29 11:18:02,359 [Thread-297] INFO  impl.FollowerState (FollowerState.java:run(106)) - 16f9aea5-9974-4547-813d-50b5e9cbac2d:group-ECC108AE71E7 changes to CANDIDATE, lastRpcTime:5111, electionTimeout:5111ms
2019-09-29 11:18:02,360 [Thread-297] INFO  impl.RoleInfo (RoleInfo.java:shutdownFollowerState(121)) - 16f9aea5-9974-4547-813d-50b5e9cbac2d: shutdown FollowerState
2019-09-29 11:18:02,360 [Thread-297] INFO  impl.RaftServerImpl (RaftServerImpl.java:setRole(174)) - 16f9aea5-9974-4547-813d-50b5e9cbac2d@group-ECC108AE71E7: changes role from  FOLLOWER to CANDIDATE at term 0 for changeToCandidate
2019-09-29 11:18:02,360 [Thread-297] INFO  impl.RoleInfo (RoleInfo.java:updateAndGet(143)) - 16f9aea5-9974-4547-813d-50b5e9cbac2d: start LeaderElection
2019-09-29 11:18:02,366 [16f9aea5-9974-4547-813d-50b5e9cbac2d@group-457A954BF1FF-SegmentedRaftLogWorker] INFO  segmented.SegmentedRaftLogWorker (SegmentedRaftLogWorker.java:execute(569)) - 16f9aea5-9974-4547-813d-50b5e9cbac2d@group-457A954BF1FF-SegmentedRaftLogWorker: created new log segment /workdir/hadoop-ozone/integration-test/target/test-dir/MiniOzoneClusterImpl-9adecfa3-4693-4b3b-b175-846bdd8f8c06/datanode-5/data/ratis/ee592897-d3bf-4c96-a993-457a954bf1ff/current/log_inprogress_0
2019-09-29 11:18:02,366 [813e8ff3-5a9d-4177-a3ce-ff3f7795e702@group-ECC108AE71E7:LeaderElection15] INFO  impl.LeaderElection (LeaderElection.java:askForVotes(182)) - 813e8ff3-5a9d-4177-a3ce-ff3f7795e702@group-ECC108AE71E7:LeaderElection15: begin an election at term 1 for -1: [d87f90a9-3605-42ff-a73f-b54839b7ec6f:192.168.30.19:44039, 16f9aea5-9974-4547-813d-50b5e9cbac2d:192.168.30.19:34925, 813e8ff3-5a9d-4177-a3ce-ff3f7795e702:192.168.30.19:38815], old=null
2019-09-29 11:18:02,366 [813e8ff3-5a9d-4177-a3ce-ff3f7795e702@group-457A954BF1FF-SegmentedRaftLogWorker] INFO  segmented.SegmentedRaftLogWorker (SegmentedRaftLogWorker.java:execute(569)) - 813e8ff3-5a9d-4177-a3ce-ff3f7795e702@group-457A954BF1FF-SegmentedRaftLogWorker: created new log segment /workdir/hadoop-ozone/integration-test/target/test-dir/MiniOzoneClusterImpl-9adecfa3-4693-4b3b-b175-846bdd8f8c06/datanode-2/data/ratis/ee592897-d3bf-4c96-a993-457a954bf1ff/current/log_inprogress_0
2019-09-29 11:18:02,374 [grpc-default-executor-1] INFO  impl.RaftServerImpl (RaftServerImpl.java:setRole(174)) - d87f90a9-3605-42ff-a73f-b54839b7ec6f@group-ECC108AE71E7: changes role from  FOLLOWER to FOLLOWER at term 1 for recognizeCandidate:813e8ff3-5a9d-4177-a3ce-ff3f7795e702
2019-09-29 11:18:02,374 [grpc-default-executor-1] INFO  impl.RoleInfo (RoleInfo.java:shutdownFollowerState(121)) - d87f90a9-3605-42ff-a73f-b54839b7ec6f: shutdown FollowerState
2019-09-29 11:18:02,374 [Thread-291] INFO  impl.FollowerState (FollowerState.java:run(115)) - d87f90a9-3605-42ff-a73f-b54839b7ec6f: FollowerState was interrupted: java.lang.InterruptedException: sleep interrupted
2019-09-29 11:18:02,374 [grpc-default-executor-1] INFO  impl.RoleInfo (RoleInfo.java:updateAndGet(143)) - d87f90a9-3605-42ff-a73f-b54839b7ec6f: start FollowerState
2019-09-29 11:18:02,391 [16f9aea5-9974-4547-813d-50b5e9cbac2d@group-ECC108AE71E7:LeaderElection16] INFO  impl.LeaderElection (LeaderElection.java:askForVotes(182)) - 16f9aea5-9974-4547-813d-50b5e9cbac2d@group-ECC108AE71E7:LeaderElection16: begin an election at term 1 for -1: [d87f90a9-3605-42ff-a73f-b54839b7ec6f:192.168.30.19:44039, 16f9aea5-9974-4547-813d-50b5e9cbac2d:192.168.30.19:34925, 813e8ff3-5a9d-4177-a3ce-ff3f7795e702:192.168.30.19:38815], old=null
2019-09-29 11:18:02,393 [813e8ff3-5a9d-4177-a3ce-ff3f7795e702@group-ECC108AE71E7:LeaderElection15] INFO  impl.LeaderElection (LeaderElection.java:logAndReturn(56)) - 813e8ff3-5a9d-4177-a3ce-ff3f7795e702@group-ECC108AE71E7:LeaderElection15: Election PASSED; received 2 response(s) [813e8ff3-5a9d-4177-a3ce-ff3f7795e702<-d87f90a9-3605-42ff-a73f-b54839b7ec6f#0:OK-t1, 813e8ff3-5a9d-4177-a3ce-ff3f7795e702<-16f9aea5-9974-4547-813d-50b5e9cbac2d#0:FAIL-t1] and 0 exception(s); 813e8ff3-5a9d-4177-a3ce-ff3f7795e702@group-ECC108AE71E7:t1, leader=null, voted=813e8ff3-5a9d-4177-a3ce-ff3f7795e702, raftlog=813e8ff3-5a9d-4177-a3ce-ff3f7795e702@group-ECC108AE71E7-SegmentedRaftLog:OPENED:c-1,f-1,i0, conf=-1: [d87f90a9-3605-42ff-a73f-b54839b7ec6f:192.168.30.19:44039, 16f9aea5-9974-4547-813d-50b5e9cbac2d:192.168.30.19:34925, 813e8ff3-5a9d-4177-a3ce-ff3f7795e702:192.168.30.19:38815], old=null
2019-09-29 11:18:02,394 [813e8ff3-5a9d-4177-a3ce-ff3f7795e702@group-ECC108AE71E7:LeaderElection15] INFO  impl.RoleInfo (RoleInfo.java:shutdownLeaderElection(134)) - 813e8ff3-5a9d-4177-a3ce-ff3f7795e702: shutdown LeaderElection
2019-09-29 11:18:02,396 [813e8ff3-5a9d-4177-a3ce-ff3f7795e702@group-ECC108AE71E7:LeaderElection15] INFO  impl.RaftServerImpl (RaftServerImpl.java:setRole(174)) - 813e8ff3-5a9d-4177-a3ce-ff3f7795e702@group-ECC108AE71E7: changes role from CANDIDATE to LEADER at term 1 for changeToLeader
2019-09-29 11:18:02,396 [813e8ff3-5a9d-4177-a3ce-ff3f7795e702@group-ECC108AE71E7:LeaderElection15] INFO  impl.RaftServerImpl (ServerState.java:setLeader(253)) - 813e8ff3-5a9d-4177-a3ce-ff3f7795e702@group-ECC108AE71E7: change Leader from null to 813e8ff3-5a9d-4177-a3ce-ff3f7795e702 at term 1 for becomeLeader, leader elected after 5167ms
2019-09-29 11:18:02,398 [813e8ff3-5a9d-4177-a3ce-ff3f7795e702@group-ECC108AE71E7:LeaderElection15] INFO  server.RaftServerConfigKeys (ConfUtils.java:logGet(43)) - raft.server.staging.catchup.gap = 1000 (default)
2019-09-29 11:18:02,398 [813e8ff3-5a9d-4177-a3ce-ff3f7795e702@group-ECC108AE71E7:LeaderElection15] INFO  server.RaftServerConfigKeys (ConfUtils.java:logGet(43)) - raft.server.rpc.sleep.time = 25ms (default)
2019-09-29 11:18:02,399 [813e8ff3-5a9d-4177-a3ce-ff3f7795e702@group-ECC108AE71E7:LeaderElection15] INFO  server.RaftServerConfigKeys (ConfUtils.java:logGet(43)) - raft.server.write.element-limit = 4096 (default)
2019-09-29 11:18:02,399 [813e8ff3-5a9d-4177-a3ce-ff3f7795e702@group-ECC108AE71E7:LeaderElection15] INFO  server.RaftServerConfigKeys (ConfUtils.java:logGet(43)) - raft.server.watch.timeout = 10s (default)
2019-09-29 11:18:02,399 [813e8ff3-5a9d-4177-a3ce-ff3f7795e702@group-ECC108AE71E7:LeaderElection15] INFO  server.RaftServerConfigKeys (ConfUtils.java:logGet(43)) - raft.server.watch.timeout.denomination = 1s (default)
2019-09-29 11:18:02,399 [813e8ff3-5a9d-4177-a3ce-ff3f7795e702@group-ECC108AE71E7:LeaderElection15] INFO  server.RaftServerConfigKeys (ConfUtils.java:logGet(43)) - raft.server.watch.element-limit = 65536 (default)
2019-09-29 11:18:02,402 [813e8ff3-5a9d-4177-a3ce-ff3f7795e702@group-ECC108AE71E7:LeaderElection15] INFO  server.RaftServerConfigKeys (ConfUtils.java:logGet(43)) - raft.server.log.appender.snapshot.chunk.size.max = 16MB (=16777216) (default)
2019-09-29 11:18:02,402 [813e8ff3-5a9d-4177-a3ce-ff3f7795e702@group-ECC108AE71E7:LeaderElection15] INFO  server.RaftServerConfigKeys (ConfUtils.java:logGet(43)) - raft.server.log.appender.buffer.byte-limit = 33554432 (custom)
2019-09-29 11:18:02,402 [813e8ff3-5a9d-4177-a3ce-ff3f7795e702@group-ECC108AE71E7:LeaderElection15] INFO  server.RaftServerConfigKeys (ConfUtils.java:logGet(43)) - raft.server.log.appender.buffer.element-limit = 1 (custom)
2019-09-29 11:18:02,402 [813e8ff3-5a9d-4177-a3ce-ff3f7795e702@group-ECC108AE71E7:LeaderElection15] INFO  grpc.GrpcConfigKeys$Server (ConfUtils.java:logGet(43)) - raft.grpc.server.leader.outstanding.appends.max = 128 (default)
2019-09-29 11:18:02,402 [813e8ff3-5a9d-4177-a3ce-ff3f7795e702@group-ECC108AE71E7:LeaderElection15] INFO  server.RaftServerConfigKeys (ConfUtils.java:logGet(43)) - raft.server.rpc.request.timeout = 3000ms (default)
2019-09-29 11:18:02,403 [813e8ff3-5a9d-4177-a3ce-ff3f7795e702@group-ECC108AE71E7:LeaderElection15] INFO  server.RaftServerConfigKeys (ConfUtils.java:logGet(43)) - raft.server.log.appender.install.snapshot.enabled = false (custom)
2019-09-29 11:18:02,403 [813e8ff3-5a9d-4177-a3ce-ff3f7795e702@group-ECC108AE71E7:LeaderElection15] INFO  server.RaftServerConfigKeys (ConfUtils.java:logGet(43)) - raft.server.log.appender.snapshot.chunk.size.max = 16MB (=16777216) (default)
2019-09-29 11:18:02,403 [813e8ff3-5a9d-4177-a3ce-ff3f7795e702@group-ECC108AE71E7:LeaderElection15] INFO  server.RaftServerConfigKeys (ConfUtils.java:logGet(43)) - raft.server.log.appender.buffer.byte-limit = 33554432 (custom)
2019-09-29 11:18:02,403 [813e8ff3-5a9d-4177-a3ce-ff3f7795e702@group-ECC108AE71E7:LeaderElection15] INFO  server.RaftServerConfigKeys (ConfUtils.java:logGet(43)) - raft.server.log.appender.buffer.element-limit = 1 (custom)
2019-09-29 11:18:02,404 [813e8ff3-5a9d-4177-a3ce-ff3f7795e702@group-ECC108AE71E7:LeaderElection15] INFO  grpc.GrpcConfigKeys$Server (ConfUtils.java:logGet(43)) - raft.grpc.server.leader.outstanding.appends.max = 128 (default)
2019-09-29 11:18:02,404 [813e8ff3-5a9d-4177-a3ce-ff3f7795e702@group-ECC108AE71E7:LeaderElection15] INFO  server.RaftServerConfigKeys (ConfUtils.java:logGet(43)) - raft.server.rpc.request.timeout = 3000ms (default)
2019-09-29 11:18:02,404 [813e8ff3-5a9d-4177-a3ce-ff3f7795e702@group-ECC108AE71E7:LeaderElection15] INFO  server.RaftServerConfigKeys (ConfUtils.java:logGet(43)) - raft.server.log.appender.install.snapshot.enabled = false (custom)
2019-09-29 11:18:02,404 [813e8ff3-5a9d-4177-a3ce-ff3f7795e702@group-ECC108AE71E7:LeaderElection15] INFO  impl.RoleInfo (RoleInfo.java:updateAndGet(143)) - 813e8ff3-5a9d-4177-a3ce-ff3f7795e702: start LeaderState
2019-09-29 11:18:02,404 [813e8ff3-5a9d-4177-a3ce-ff3f7795e702@group-ECC108AE71E7:LeaderElection15] INFO  segmented.SegmentedRaftLogWorker (SegmentedRaftLogWorker.java:startLogSegment(380)) - 813e8ff3-5a9d-4177-a3ce-ff3f7795e702@group-ECC108AE71E7-SegmentedRaftLogWorker: Starting segment from index:0
2019-09-29 11:18:02,405 [813e8ff3-5a9d-4177-a3ce-ff3f7795e702@group-ECC108AE71E7:LeaderElection15] INFO  impl.RaftServerImpl (ServerState.java:setRaftConf(354)) - 813e8ff3-5a9d-4177-a3ce-ff3f7795e702@group-ECC108AE71E7: set configuration 0: [d87f90a9-3605-42ff-a73f-b54839b7ec6f:192.168.30.19:44039, 16f9aea5-9974-4547-813d-50b5e9cbac2d:192.168.30.19:34925, 813e8ff3-5a9d-4177-a3ce-ff3f7795e702:192.168.30.19:38815], old=null at 0
2019-09-29 11:18:02,439 [grpc-default-executor-1] INFO  impl.RaftServerImpl (RaftServerImpl.java:requestVote(758)) - 813e8ff3-5a9d-4177-a3ce-ff3f7795e702@group-ECC108AE71E7-   LEADER: Withhold vote from candidate 16f9aea5-9974-4547-813d-50b5e9cbac2d with term 1. State: leader=813e8ff3-5a9d-4177-a3ce-ff3f7795e702, term=1, lastRpcElapsed=null
2019-09-29 11:18:02,442 [grpc-default-executor-3] INFO  impl.RaftServerImpl (ServerState.java:setLeader(253)) - d87f90a9-3605-42ff-a73f-b54839b7ec6f@group-ECC108AE71E7: change Leader from null to 813e8ff3-5a9d-4177-a3ce-ff3f7795e702 at term 1 for appendEntries, leader elected after 5213ms
2019-09-29 11:18:02,442 [grpc-default-executor-1] INFO  impl.RaftServerImpl (RaftServerImpl.java:setRole(174)) - 16f9aea5-9974-4547-813d-50b5e9cbac2d@group-ECC108AE71E7: changes role from CANDIDATE to FOLLOWER at term 1 for appendEntries
2019-09-29 11:18:02,443 [grpc-default-executor-1] INFO  impl.RoleInfo (RoleInfo.java:shutdownLeaderElection(134)) - 16f9aea5-9974-4547-813d-50b5e9cbac2d: shutdown LeaderElection
2019-09-29 11:18:02,443 [16f9aea5-9974-4547-813d-50b5e9cbac2d@group-ECC108AE71E7:LeaderElection16] INFO  impl.LeaderElection (LeaderElection.java:logAndReturn(56)) - 16f9aea5-9974-4547-813d-50b5e9cbac2d@group-ECC108AE71E7:LeaderElection16: Election REJECTED; received 2 response(s) [16f9aea5-9974-4547-813d-50b5e9cbac2d<-d87f90a9-3605-42ff-a73f-b54839b7ec6f#0:FAIL-t1, 16f9aea5-9974-4547-813d-50b5e9cbac2d<-813e8ff3-5a9d-4177-a3ce-ff3f7795e702#0:FAIL-t1] and 0 exception(s); 16f9aea5-9974-4547-813d-50b5e9cbac2d@group-ECC108AE71E7:t1, leader=null, voted=16f9aea5-9974-4547-813d-50b5e9cbac2d, raftlog=16f9aea5-9974-4547-813d-50b5e9cbac2d@group-ECC108AE71E7-SegmentedRaftLog:OPENED:c-1,f-1,i0, conf=-1: [d87f90a9-3605-42ff-a73f-b54839b7ec6f:192.168.30.19:44039, 16f9aea5-9974-4547-813d-50b5e9cbac2d:192.168.30.19:34925, 813e8ff3-5a9d-4177-a3ce-ff3f7795e702:192.168.30.19:38815], old=null
2019-09-29 11:18:02,443 [grpc-default-executor-1] INFO  impl.RoleInfo (RoleInfo.java:updateAndGet(143)) - 16f9aea5-9974-4547-813d-50b5e9cbac2d: start FollowerState
2019-09-29 11:18:02,445 [grpc-default-executor-1] INFO  impl.RaftServerImpl (ServerState.java:setLeader(253)) - 16f9aea5-9974-4547-813d-50b5e9cbac2d@group-ECC108AE71E7: change Leader from null to 813e8ff3-5a9d-4177-a3ce-ff3f7795e702 at term 1 for appendEntries, leader elected after 5216ms
2019-09-29 11:18:02,449 [grpc-default-executor-1] INFO  impl.RaftServerImpl (ServerState.java:setRaftConf(354)) - d87f90a9-3605-42ff-a73f-b54839b7ec6f@group-ECC108AE71E7: set configuration 0: [d87f90a9-3605-42ff-a73f-b54839b7ec6f:192.168.30.19:44039, 16f9aea5-9974-4547-813d-50b5e9cbac2d:192.168.30.19:34925, 813e8ff3-5a9d-4177-a3ce-ff3f7795e702:192.168.30.19:38815], old=null at 0
2019-09-29 11:18:02,449 [grpc-default-executor-1] INFO  segmented.SegmentedRaftLogWorker (SegmentedRaftLogWorker.java:startLogSegment(380)) - d87f90a9-3605-42ff-a73f-b54839b7ec6f@group-ECC108AE71E7-SegmentedRaftLogWorker: Starting segment from index:0
2019-09-29 11:18:02,450 [grpc-default-executor-3] INFO  impl.RaftServerImpl (ServerState.java:setRaftConf(354)) - 16f9aea5-9974-4547-813d-50b5e9cbac2d@group-ECC108AE71E7: set configuration 0: [d87f90a9-3605-42ff-a73f-b54839b7ec6f:192.168.30.19:44039, 16f9aea5-9974-4547-813d-50b5e9cbac2d:192.168.30.19:34925, 813e8ff3-5a9d-4177-a3ce-ff3f7795e702:192.168.30.19:38815], old=null at 0
2019-09-29 11:18:02,482 [813e8ff3-5a9d-4177-a3ce-ff3f7795e702@group-ECC108AE71E7-SegmentedRaftLogWorker] INFO  segmented.SegmentedRaftLogWorker (SegmentedRaftLogWorker.java:execute(569)) - 813e8ff3-5a9d-4177-a3ce-ff3f7795e702@group-ECC108AE71E7-SegmentedRaftLogWorker: created new log segment /workdir/hadoop-ozone/integration-test/target/test-dir/MiniOzoneClusterImpl-9adecfa3-4693-4b3b-b175-846bdd8f8c06/datanode-2/data/ratis/fa1601ec-24ed-4bd9-86d8-ecc108ae71e7/current/log_inprogress_0
2019-09-29 11:18:02,481 [Thread-304] INFO  impl.FollowerState (FollowerState.java:run(106)) - 16f9aea5-9974-4547-813d-50b5e9cbac2d:group-069BEA507B86 changes to CANDIDATE, lastRpcTime:5106, electionTimeout:5105ms
2019-09-29 11:18:02,482 [grpc-default-executor-3] INFO  segmented.SegmentedRaftLogWorker (SegmentedRaftLogWorker.java:startLogSegment(380)) - 16f9aea5-9974-4547-813d-50b5e9cbac2d@group-ECC108AE71E7-SegmentedRaftLogWorker: Starting segment from index:0
2019-09-29 11:18:02,482 [Thread-304] INFO  impl.RoleInfo (RoleInfo.java:shutdownFollowerState(121)) - 16f9aea5-9974-4547-813d-50b5e9cbac2d: shutdown FollowerState
2019-09-29 11:18:02,483 [Thread-304] INFO  impl.RaftServerImpl (RaftServerImpl.java:setRole(174)) - 16f9aea5-9974-4547-813d-50b5e9cbac2d@group-069BEA507B86: changes role from  FOLLOWER to CANDIDATE at term 0 for changeToCandidate
2019-09-29 11:18:02,483 [Thread-304] INFO  impl.RoleInfo (RoleInfo.java:updateAndGet(143)) - 16f9aea5-9974-4547-813d-50b5e9cbac2d: start LeaderElection
2019-09-29 11:18:02,518 [d87f90a9-3605-42ff-a73f-b54839b7ec6f@group-ECC108AE71E7-SegmentedRaftLogWorker] INFO  segmented.SegmentedRaftLogWorker (SegmentedRaftLogWorker.java:execute(569)) - d87f90a9-3605-42ff-a73f-b54839b7ec6f@group-ECC108AE71E7-SegmentedRaftLogWorker: created new log segment /workdir/hadoop-ozone/integration-test/target/test-dir/MiniOzoneClusterImpl-9adecfa3-4693-4b3b-b175-846bdd8f8c06/datanode-1/data/ratis/fa1601ec-24ed-4bd9-86d8-ecc108ae71e7/current/log_inprogress_0
2019-09-29 11:18:02,518 [Thread-302] INFO  impl.FollowerState (FollowerState.java:run(106)) - d87f90a9-3605-42ff-a73f-b54839b7ec6f:group-069BEA507B86 changes to CANDIDATE, lastRpcTime:5157, electionTimeout:5140ms
2019-09-29 11:18:02,518 [Thread-306] INFO  impl.FollowerState (FollowerState.java:run(106)) - 813e8ff3-5a9d-4177-a3ce-ff3f7795e702:group-069BEA507B86 changes to CANDIDATE, lastRpcTime:5131, electionTimeout:5120ms
2019-09-29 11:18:02,531 [Thread-302] INFO  impl.RoleInfo (RoleInfo.java:shutdownFollowerState(121)) - d87f90a9-3605-42ff-a73f-b54839b7ec6f: shutdown FollowerState
2019-09-29 11:18:02,531 [Thread-306] INFO  impl.RoleInfo (RoleInfo.java:shutdownFollowerState(121)) - 813e8ff3-5a9d-4177-a3ce-ff3f7795e702: shutdown FollowerState
2019-09-29 11:18:02,531 [Thread-302] INFO  impl.RaftServerImpl (RaftServerImpl.java:setRole(174)) - d87f90a9-3605-42ff-a73f-b54839b7ec6f@group-069BEA507B86: changes role from  FOLLOWER to CANDIDATE at term 0 for changeToCandidate
2019-09-29 11:18:02,531 [Thread-306] INFO  impl.RaftServerImpl (RaftServerImpl.java:setRole(174)) - 813e8ff3-5a9d-4177-a3ce-ff3f7795e702@group-069BEA507B86: changes role from  FOLLOWER to CANDIDATE at term 0 for changeToCandidate
2019-09-29 11:18:02,532 [Thread-302] INFO  impl.RoleInfo (RoleInfo.java:updateAndGet(143)) - d87f90a9-3605-42ff-a73f-b54839b7ec6f: start LeaderElection
2019-09-29 11:18:02,532 [Thread-306] INFO  impl.RoleInfo (RoleInfo.java:updateAndGet(143)) - 813e8ff3-5a9d-4177-a3ce-ff3f7795e702: start LeaderElection
2019-09-29 11:18:02,543 [16f9aea5-9974-4547-813d-50b5e9cbac2d@group-ECC108AE71E7-SegmentedRaftLogWorker] INFO  segmented.SegmentedRaftLogWorker (SegmentedRaftLogWorker.java:execute(569)) - 16f9aea5-9974-4547-813d-50b5e9cbac2d@group-ECC108AE71E7-SegmentedRaftLogWorker: created new log segment /workdir/hadoop-ozone/integration-test/target/test-dir/MiniOzoneClusterImpl-9adecfa3-4693-4b3b-b175-846bdd8f8c06/datanode-5/data/ratis/fa1601ec-24ed-4bd9-86d8-ecc108ae71e7/current/log_inprogress_0
2019-09-29 11:18:02,560 [16f9aea5-9974-4547-813d-50b5e9cbac2d@group-069BEA507B86:LeaderElection17] INFO  impl.LeaderElection (LeaderElection.java:askForVotes(182)) - 16f9aea5-9974-4547-813d-50b5e9cbac2d@group-069BEA507B86:LeaderElection17: begin an election at term 1 for -1: [d87f90a9-3605-42ff-a73f-b54839b7ec6f:192.168.30.19:44039, 813e8ff3-5a9d-4177-a3ce-ff3f7795e702:192.168.30.19:38815, 16f9aea5-9974-4547-813d-50b5e9cbac2d:192.168.30.19:34925], old=null
2019-09-29 11:18:02,560 [d87f90a9-3605-42ff-a73f-b54839b7ec6f@group-069BEA507B86:LeaderElection18] INFO  impl.LeaderElection (LeaderElection.java:askForVotes(182)) - d87f90a9-3605-42ff-a73f-b54839b7ec6f@group-069BEA507B86:LeaderElection18: begin an election at term 1 for -1: [d87f90a9-3605-42ff-a73f-b54839b7ec6f:192.168.30.19:44039, 813e8ff3-5a9d-4177-a3ce-ff3f7795e702:192.168.30.19:38815, 16f9aea5-9974-4547-813d-50b5e9cbac2d:192.168.30.19:34925], old=null
2019-09-29 11:18:02,560 [813e8ff3-5a9d-4177-a3ce-ff3f7795e702@group-069BEA507B86:LeaderElection19] INFO  impl.LeaderElection (LeaderElection.java:askForVotes(182)) - 813e8ff3-5a9d-4177-a3ce-ff3f7795e702@group-069BEA507B86:LeaderElection19: begin an election at term 1 for -1: [d87f90a9-3605-42ff-a73f-b54839b7ec6f:192.168.30.19:44039, 813e8ff3-5a9d-4177-a3ce-ff3f7795e702:192.168.30.19:38815, 16f9aea5-9974-4547-813d-50b5e9cbac2d:192.168.30.19:34925], old=null
2019-09-29 11:18:02,573 [16f9aea5-9974-4547-813d-50b5e9cbac2d@group-069BEA507B86:LeaderElection17] INFO  impl.LeaderElection (LeaderElection.java:logAndReturn(56)) - 16f9aea5-9974-4547-813d-50b5e9cbac2d@group-069BEA507B86:LeaderElection17: Election REJECTED; received 2 response(s) [16f9aea5-9974-4547-813d-50b5e9cbac2d<-d87f90a9-3605-42ff-a73f-b54839b7ec6f#0:FAIL-t1, 16f9aea5-9974-4547-813d-50b5e9cbac2d<-813e8ff3-5a9d-4177-a3ce-ff3f7795e702#0:FAIL-t1] and 0 exception(s); 16f9aea5-9974-4547-813d-50b5e9cbac2d@group-069BEA507B86:t1, leader=null, voted=16f9aea5-9974-4547-813d-50b5e9cbac2d, raftlog=16f9aea5-9974-4547-813d-50b5e9cbac2d@group-069BEA507B86-SegmentedRaftLog:OPENED:c-1,f-1,i0, conf=-1: [d87f90a9-3605-42ff-a73f-b54839b7ec6f:192.168.30.19:44039, 813e8ff3-5a9d-4177-a3ce-ff3f7795e702:192.168.30.19:38815, 16f9aea5-9974-4547-813d-50b5e9cbac2d:192.168.30.19:34925], old=null
2019-09-29 11:18:02,574 [16f9aea5-9974-4547-813d-50b5e9cbac2d@group-069BEA507B86:LeaderElection17] INFO  impl.RaftServerImpl (RaftServerImpl.java:setRole(174)) - 16f9aea5-9974-4547-813d-50b5e9cbac2d@group-069BEA507B86: changes role from CANDIDATE to FOLLOWER at term 1 for DISCOVERED_A_NEW_TERM
2019-09-29 11:18:02,580 [16f9aea5-9974-4547-813d-50b5e9cbac2d@group-069BEA507B86:LeaderElection17] INFO  impl.RoleInfo (RoleInfo.java:shutdownLeaderElection(134)) - 16f9aea5-9974-4547-813d-50b5e9cbac2d: shutdown LeaderElection
2019-09-29 11:18:02,580 [16f9aea5-9974-4547-813d-50b5e9cbac2d@group-069BEA507B86:LeaderElection17] INFO  impl.RoleInfo (RoleInfo.java:updateAndGet(143)) - 16f9aea5-9974-4547-813d-50b5e9cbac2d: start FollowerState
2019-09-29 11:18:02,581 [d87f90a9-3605-42ff-a73f-b54839b7ec6f@group-069BEA507B86:LeaderElection18] INFO  impl.LeaderElection (LeaderElection.java:logAndReturn(56)) - d87f90a9-3605-42ff-a73f-b54839b7ec6f@group-069BEA507B86:LeaderElection18: Election REJECTED; received 2 response(s) [d87f90a9-3605-42ff-a73f-b54839b7ec6f<-16f9aea5-9974-4547-813d-50b5e9cbac2d#0:FAIL-t1, d87f90a9-3605-42ff-a73f-b54839b7ec6f<-813e8ff3-5a9d-4177-a3ce-ff3f7795e702#0:FAIL-t1] and 0 exception(s); d87f90a9-3605-42ff-a73f-b54839b7ec6f@group-069BEA507B86:t1, leader=null, voted=d87f90a9-3605-42ff-a73f-b54839b7ec6f, raftlog=d87f90a9-3605-42ff-a73f-b54839b7ec6f@group-069BEA507B86-SegmentedRaftLog:OPENED:c-1,f-1,i0, conf=-1: [d87f90a9-3605-42ff-a73f-b54839b7ec6f:192.168.30.19:44039, 813e8ff3-5a9d-4177-a3ce-ff3f7795e702:192.168.30.19:38815, 16f9aea5-9974-4547-813d-50b5e9cbac2d:192.168.30.19:34925], old=null
2019-09-29 11:18:02,582 [d87f90a9-3605-42ff-a73f-b54839b7ec6f@group-069BEA507B86:LeaderElection18] INFO  impl.RaftServerImpl (RaftServerImpl.java:setRole(174)) - d87f90a9-3605-42ff-a73f-b54839b7ec6f@group-069BEA507B86: changes role from CANDIDATE to FOLLOWER at term 1 for DISCOVERED_A_NEW_TERM
2019-09-29 11:18:02,583 [Thread-309] INFO  impl.FollowerState (FollowerState.java:run(106)) - 16f9aea5-9974-4547-813d-50b5e9cbac2d:group-04C128AFAA8A changes to CANDIDATE, lastRpcTime:5107, electionTimeout:5107ms
2019-09-29 11:18:02,583 [d87f90a9-3605-42ff-a73f-b54839b7ec6f@group-069BEA507B86:LeaderElection18] INFO  impl.RoleInfo (RoleInfo.java:shutdownLeaderElection(134)) - d87f90a9-3605-42ff-a73f-b54839b7ec6f: shutdown LeaderElection
2019-09-29 11:18:02,584 [Thread-309] INFO  impl.RoleInfo (RoleInfo.java:shutdownFollowerState(121)) - 16f9aea5-9974-4547-813d-50b5e9cbac2d: shutdown FollowerState
2019-09-29 11:18:02,584 [d87f90a9-3605-42ff-a73f-b54839b7ec6f@group-069BEA507B86:LeaderElection18] INFO  impl.RoleInfo (RoleInfo.java:updateAndGet(143)) - d87f90a9-3605-42ff-a73f-b54839b7ec6f: start FollowerState
2019-09-29 11:18:02,584 [Thread-309] INFO  impl.RaftServerImpl (RaftServerImpl.java:setRole(174)) - 16f9aea5-9974-4547-813d-50b5e9cbac2d@group-04C128AFAA8A: changes role from  FOLLOWER to CANDIDATE at term 0 for changeToCandidate
2019-09-29 11:18:02,585 [Thread-309] INFO  impl.RoleInfo (RoleInfo.java:updateAndGet(143)) - 16f9aea5-9974-4547-813d-50b5e9cbac2d: start LeaderElection
2019-09-29 11:18:02,585 [813e8ff3-5a9d-4177-a3ce-ff3f7795e702@group-069BEA507B86:LeaderElection19] INFO  impl.LeaderElection (LeaderElection.java:logAndReturn(56)) - 813e8ff3-5a9d-4177-a3ce-ff3f7795e702@group-069BEA507B86:LeaderElection19: Election REJECTED; received 2 response(s) [813e8ff3-5a9d-4177-a3ce-ff3f7795e702<-d87f90a9-3605-42ff-a73f-b54839b7ec6f#0:FAIL-t1, 813e8ff3-5a9d-4177-a3ce-ff3f7795e702<-16f9aea5-9974-4547-813d-50b5e9cbac2d#0:FAIL-t1] and 0 exception(s); 813e8ff3-5a9d-4177-a3ce-ff3f7795e702@group-069BEA507B86:t1, leader=null, voted=813e8ff3-5a9d-4177-a3ce-ff3f7795e702, raftlog=813e8ff3-5a9d-4177-a3ce-ff3f7795e702@group-069BEA507B86-SegmentedRaftLog:OPENED:c-1,f-1,i0, conf=-1: [d87f90a9-3605-42ff-a73f-b54839b7ec6f:192.168.30.19:44039, 813e8ff3-5a9d-4177-a3ce-ff3f7795e702:192.168.30.19:38815, 16f9aea5-9974-4547-813d-50b5e9cbac2d:192.168.30.19:34925], old=null
2019-09-29 11:18:02,587 [813e8ff3-5a9d-4177-a3ce-ff3f7795e702@group-069BEA507B86:LeaderElection19] INFO  impl.RaftServerImpl (RaftServerImpl.java:setRole(174)) - 813e8ff3-5a9d-4177-a3ce-ff3f7795e702@group-069BEA507B86: changes role from CANDIDATE to FOLLOWER at term 1 for DISCOVERED_A_NEW_TERM
2019-09-29 11:18:02,587 [813e8ff3-5a9d-4177-a3ce-ff3f7795e702@group-069BEA507B86:LeaderElection19] INFO  impl.RoleInfo (RoleInfo.java:shutdownLeaderElection(134)) - 813e8ff3-5a9d-4177-a3ce-ff3f7795e702: shutdown LeaderElection
2019-09-29 11:18:02,587 [813e8ff3-5a9d-4177-a3ce-ff3f7795e702@group-069BEA507B86:LeaderElection19] INFO  impl.RoleInfo (RoleInfo.java:updateAndGet(143)) - 813e8ff3-5a9d-4177-a3ce-ff3f7795e702: start FollowerState
2019-09-29 11:18:02,593 [Thread-314] INFO  impl.FollowerState (FollowerState.java:run(106)) - d87f90a9-3605-42ff-a73f-b54839b7ec6f:group-04C128AFAA8A changes to CANDIDATE, lastRpcTime:5106, electionTimeout:5106ms
2019-09-29 11:18:02,595 [Thread-314] INFO  impl.RoleInfo (RoleInfo.java:shutdownFollowerState(121)) - d87f90a9-3605-42ff-a73f-b54839b7ec6f: shutdown FollowerState
2019-09-29 11:18:02,595 [Thread-314] INFO  impl.RaftServerImpl (RaftServerImpl.java:setRole(174)) - d87f90a9-3605-42ff-a73f-b54839b7ec6f@group-04C128AFAA8A: changes role from  FOLLOWER to CANDIDATE at term 0 for changeToCandidate
2019-09-29 11:18:02,595 [Thread-314] INFO  impl.RoleInfo (RoleInfo.java:updateAndGet(143)) - d87f90a9-3605-42ff-a73f-b54839b7ec6f: start LeaderElection
2019-09-29 11:18:02,610 [16f9aea5-9974-4547-813d-50b5e9cbac2d@group-04C128AFAA8A:LeaderElection20] INFO  impl.LeaderElection (LeaderElection.java:askForVotes(182)) - 16f9aea5-9974-4547-813d-50b5e9cbac2d@group-04C128AFAA8A:LeaderElection20: begin an election at term 1 for -1: [d87f90a9-3605-42ff-a73f-b54839b7ec6f:192.168.30.19:44039, 16f9aea5-9974-4547-813d-50b5e9cbac2d:192.168.30.19:34925, 813e8ff3-5a9d-4177-a3ce-ff3f7795e702:192.168.30.19:38815], old=null
2019-09-29 11:18:02,610 [d87f90a9-3605-42ff-a73f-b54839b7ec6f@group-04C128AFAA8A:LeaderElection21] INFO  impl.LeaderElection (LeaderElection.java:askForVotes(182)) - d87f90a9-3605-42ff-a73f-b54839b7ec6f@group-04C128AFAA8A:LeaderElection21: begin an election at term 1 for -1: [d87f90a9-3605-42ff-a73f-b54839b7ec6f:192.168.30.19:44039, 16f9aea5-9974-4547-813d-50b5e9cbac2d:192.168.30.19:34925, 813e8ff3-5a9d-4177-a3ce-ff3f7795e702:192.168.30.19:38815], old=null
2019-09-29 11:18:02,618 [grpc-default-executor-5] INFO  impl.RaftServerImpl (RaftServerImpl.java:setRole(174)) - 813e8ff3-5a9d-4177-a3ce-ff3f7795e702@group-04C128AFAA8A: changes role from  FOLLOWER to FOLLOWER at term 1 for recognizeCandidate:d87f90a9-3605-42ff-a73f-b54839b7ec6f
2019-09-29 11:18:02,619 [grpc-default-executor-5] INFO  impl.RoleInfo (RoleInfo.java:shutdownFollowerState(121)) - 813e8ff3-5a9d-4177-a3ce-ff3f7795e702: shutdown FollowerState
2019-09-29 11:18:02,619 [grpc-default-executor-5] INFO  impl.RoleInfo (RoleInfo.java:updateAndGet(143)) - 813e8ff3-5a9d-4177-a3ce-ff3f7795e702: start FollowerState
2019-09-29 11:18:02,619 [Thread-313] INFO  impl.FollowerState (FollowerState.java:run(115)) - 813e8ff3-5a9d-4177-a3ce-ff3f7795e702: FollowerState was interrupted: java.lang.InterruptedException: sleep interrupted
2019-09-29 11:18:02,647 [d87f90a9-3605-42ff-a73f-b54839b7ec6f@group-04C128AFAA8A:LeaderElection21] INFO  impl.LeaderElection (LeaderElection.java:logAndReturn(56)) - d87f90a9-3605-42ff-a73f-b54839b7ec6f@group-04C128AFAA8A:LeaderElection21: Election PASSED; received 2 response(s) [d87f90a9-3605-42ff-a73f-b54839b7ec6f<-16f9aea5-9974-4547-813d-50b5e9cbac2d#0:FAIL-t1, d87f90a9-3605-42ff-a73f-b54839b7ec6f<-813e8ff3-5a9d-4177-a3ce-ff3f7795e702#0:OK-t1] and 0 exception(s); d87f90a9-3605-42ff-a73f-b54839b7ec6f@group-04C128AFAA8A:t1, leader=null, voted=d87f90a9-3605-42ff-a73f-b54839b7ec6f, raftlog=d87f90a9-3605-42ff-a73f-b54839b7ec6f@group-04C128AFAA8A-SegmentedRaftLog:OPENED:c-1,f-1,i0, conf=-1: [d87f90a9-3605-42ff-a73f-b54839b7ec6f:192.168.30.19:44039, 16f9aea5-9974-4547-813d-50b5e9cbac2d:192.168.30.19:34925, 813e8ff3-5a9d-4177-a3ce-ff3f7795e702:192.168.30.19:38815], old=null
2019-09-29 11:18:02,647 [d87f90a9-3605-42ff-a73f-b54839b7ec6f@group-04C128AFAA8A:LeaderElection21] INFO  impl.RoleInfo (RoleInfo.java:shutdownLeaderElection(134)) - d87f90a9-3605-42ff-a73f-b54839b7ec6f: shutdown LeaderElection
2019-09-29 11:18:02,647 [d87f90a9-3605-42ff-a73f-b54839b7ec6f@group-04C128AFAA8A:LeaderElection21] INFO  impl.RaftServerImpl (RaftServerImpl.java:setRole(174)) - d87f90a9-3605-42ff-a73f-b54839b7ec6f@group-04C128AFAA8A: changes role from CANDIDATE to LEADER at term 1 for changeToLeader
2019-09-29 11:18:02,648 [d87f90a9-3605-42ff-a73f-b54839b7ec6f@group-04C128AFAA8A:LeaderElection21] INFO  impl.RaftServerImpl (ServerState.java:setLeader(253)) - d87f90a9-3605-42ff-a73f-b54839b7ec6f@group-04C128AFAA8A: change Leader from null to d87f90a9-3605-42ff-a73f-b54839b7ec6f at term 1 for becomeLeader, leader elected after 5180ms
2019-09-29 11:18:02,648 [d87f90a9-3605-42ff-a73f-b54839b7ec6f@group-04C128AFAA8A:LeaderElection21] INFO  server.RaftServerConfigKeys (ConfUtils.java:logGet(43)) - raft.server.staging.catchup.gap = 1000 (default)
2019-09-29 11:18:02,648 [16f9aea5-9974-4547-813d-50b5e9cbac2d@group-04C128AFAA8A:LeaderElection20] INFO  impl.LeaderElection (LeaderElection.java:logAndReturn(56)) - 16f9aea5-9974-4547-813d-50b5e9cbac2d@group-04C128AFAA8A:LeaderElection20: Election REJECTED; received 2 response(s) [16f9aea5-9974-4547-813d-50b5e9cbac2d<-d87f90a9-3605-42ff-a73f-b54839b7ec6f#0:FAIL-t1, 16f9aea5-9974-4547-813d-50b5e9cbac2d<-813e8ff3-5a9d-4177-a3ce-ff3f7795e702#0:FAIL-t1] and 0 exception(s); 16f9aea5-9974-4547-813d-50b5e9cbac2d@group-04C128AFAA8A:t1, leader=null, voted=16f9aea5-9974-4547-813d-50b5e9cbac2d, raftlog=16f9aea5-9974-4547-813d-50b5e9cbac2d@group-04C128AFAA8A-SegmentedRaftLog:OPENED:c-1,f-1,i0, conf=-1: [d87f90a9-3605-42ff-a73f-b54839b7ec6f:192.168.30.19:44039, 16f9aea5-9974-4547-813d-50b5e9cbac2d:192.168.30.19:34925, 813e8ff3-5a9d-4177-a3ce-ff3f7795e702:192.168.30.19:38815], old=null
2019-09-29 11:18:02,648 [d87f90a9-3605-42ff-a73f-b54839b7ec6f@group-04C128AFAA8A:LeaderElection21] INFO  server.RaftServerConfigKeys (ConfUtils.java:logGet(43)) - raft.server.rpc.sleep.time = 25ms (default)
2019-09-29 11:18:02,658 [16f9aea5-9974-4547-813d-50b5e9cbac2d@group-04C128AFAA8A:LeaderElection20] INFO  impl.RaftServerImpl (RaftServerImpl.java:setRole(174)) - 16f9aea5-9974-4547-813d-50b5e9cbac2d@group-04C128AFAA8A: changes role from CANDIDATE to FOLLOWER at term 1 for DISCOVERED_A_NEW_TERM
2019-09-29 11:18:02,660 [16f9aea5-9974-4547-813d-50b5e9cbac2d@group-04C128AFAA8A:LeaderElection20] INFO  impl.RoleInfo (RoleInfo.java:shutdownLeaderElection(134)) - 16f9aea5-9974-4547-813d-50b5e9cbac2d: shutdown LeaderElection
2019-09-29 11:18:02,660 [d87f90a9-3605-42ff-a73f-b54839b7ec6f@group-04C128AFAA8A:LeaderElection21] INFO  server.RaftServerConfigKeys (ConfUtils.java:logGet(43)) - raft.server.write.element-limit = 4096 (default)
2019-09-29 11:18:02,660 [16f9aea5-9974-4547-813d-50b5e9cbac2d@group-04C128AFAA8A:LeaderElection20] INFO  impl.RoleInfo (RoleInfo.java:updateAndGet(143)) - 16f9aea5-9974-4547-813d-50b5e9cbac2d: start FollowerState
2019-09-29 11:18:02,660 [d87f90a9-3605-42ff-a73f-b54839b7ec6f@group-04C128AFAA8A:LeaderElection21] INFO  server.RaftServerConfigKeys (ConfUtils.java:logGet(43)) - raft.server.watch.timeout = 10s (default)
2019-09-29 11:18:02,660 [d87f90a9-3605-42ff-a73f-b54839b7ec6f@group-04C128AFAA8A:LeaderElection21] INFO  server.RaftServerConfigKeys (ConfUtils.java:logGet(43)) - raft.server.watch.timeout.denomination = 1s (default)
2019-09-29 11:18:02,661 [d87f90a9-3605-42ff-a73f-b54839b7ec6f@group-04C128AFAA8A:LeaderElection21] INFO  server.RaftServerConfigKeys (ConfUtils.java:logGet(43)) - raft.server.watch.element-limit = 65536 (default)
2019-09-29 11:18:02,664 [d87f90a9-3605-42ff-a73f-b54839b7ec6f@group-04C128AFAA8A:LeaderElection21] INFO  server.RaftServerConfigKeys (ConfUtils.java:logGet(43)) - raft.server.log.appender.snapshot.chunk.size.max = 16MB (=16777216) (default)
2019-09-29 11:18:02,664 [d87f90a9-3605-42ff-a73f-b54839b7ec6f@group-04C128AFAA8A:LeaderElection21] INFO  server.RaftServerConfigKeys (ConfUtils.java:logGet(43)) - raft.server.log.appender.buffer.byte-limit = 33554432 (custom)
2019-09-29 11:18:02,664 [d87f90a9-3605-42ff-a73f-b54839b7ec6f@group-04C128AFAA8A:LeaderElection21] INFO  server.RaftServerConfigKeys (ConfUtils.java:logGet(43)) - raft.server.log.appender.buffer.element-limit = 1 (custom)
2019-09-29 11:18:02,664 [d87f90a9-3605-42ff-a73f-b54839b7ec6f@group-04C128AFAA8A:LeaderElection21] INFO  grpc.GrpcConfigKeys$Server (ConfUtils.java:logGet(43)) - raft.grpc.server.leader.outstanding.appends.max = 128 (default)
2019-09-29 11:18:02,665 [d87f90a9-3605-42ff-a73f-b54839b7ec6f@group-04C128AFAA8A:LeaderElection21] INFO  server.RaftServerConfigKeys (ConfUtils.java:logGet(43)) - raft.server.rpc.request.timeout = 3000ms (default)
2019-09-29 11:18:02,665 [d87f90a9-3605-42ff-a73f-b54839b7ec6f@group-04C128AFAA8A:LeaderElection21] INFO  server.RaftServerConfigKeys (ConfUtils.java:logGet(43)) - raft.server.log.appender.install.snapshot.enabled = false (custom)
2019-09-29 11:18:02,665 [d87f90a9-3605-42ff-a73f-b54839b7ec6f@group-04C128AFAA8A:LeaderElection21] INFO  server.RaftServerConfigKeys (ConfUtils.java:logGet(43)) - raft.server.log.appender.snapshot.chunk.size.max = 16MB (=16777216) (default)
2019-09-29 11:18:02,665 [d87f90a9-3605-42ff-a73f-b54839b7ec6f@group-04C128AFAA8A:LeaderElection21] INFO  server.RaftServerConfigKeys (ConfUtils.java:logGet(43)) - raft.server.log.appender.buffer.byte-limit = 33554432 (custom)
2019-09-29 11:18:02,666 [d87f90a9-3605-42ff-a73f-b54839b7ec6f@group-04C128AFAA8A:LeaderElection21] INFO  server.RaftServerConfigKeys (ConfUtils.java:logGet(43)) - raft.server.log.appender.buffer.element-limit = 1 (custom)
2019-09-29 11:18:02,666 [d87f90a9-3605-42ff-a73f-b54839b7ec6f@group-04C128AFAA8A:LeaderElection21] INFO  grpc.GrpcConfigKeys$Server (ConfUtils.java:logGet(43)) - raft.grpc.server.leader.outstanding.appends.max = 128 (default)
2019-09-29 11:18:02,666 [d87f90a9-3605-42ff-a73f-b54839b7ec6f@group-04C128AFAA8A:LeaderElection21] INFO  server.RaftServerConfigKeys (ConfUtils.java:logGet(43)) - raft.server.rpc.request.timeout = 3000ms (default)
2019-09-29 11:18:02,666 [d87f90a9-3605-42ff-a73f-b54839b7ec6f@group-04C128AFAA8A:LeaderElection21] INFO  server.RaftServerConfigKeys (ConfUtils.java:logGet(43)) - raft.server.log.appender.install.snapshot.enabled = false (custom)
2019-09-29 11:18:02,667 [d87f90a9-3605-42ff-a73f-b54839b7ec6f@group-04C128AFAA8A:LeaderElection21] INFO  impl.RoleInfo (RoleInfo.java:updateAndGet(143)) - d87f90a9-3605-42ff-a73f-b54839b7ec6f: start LeaderState
2019-09-29 11:18:02,667 [d87f90a9-3605-42ff-a73f-b54839b7ec6f@group-04C128AFAA8A:LeaderElection21] INFO  segmented.SegmentedRaftLogWorker (SegmentedRaftLogWorker.java:startLogSegment(380)) - d87f90a9-3605-42ff-a73f-b54839b7ec6f@group-04C128AFAA8A-SegmentedRaftLogWorker: Starting segment from index:0
2019-09-29 11:18:02,668 [d87f90a9-3605-42ff-a73f-b54839b7ec6f@group-04C128AFAA8A:LeaderElection21] INFO  impl.RaftServerImpl (ServerState.java:setRaftConf(354)) - d87f90a9-3605-42ff-a73f-b54839b7ec6f@group-04C128AFAA8A: set configuration 0: [d87f90a9-3605-42ff-a73f-b54839b7ec6f:192.168.30.19:44039, 16f9aea5-9974-4547-813d-50b5e9cbac2d:192.168.30.19:34925, 813e8ff3-5a9d-4177-a3ce-ff3f7795e702:192.168.30.19:38815], old=null at 0
2019-09-29 11:18:02,670 [grpc-default-executor-3] INFO  impl.RaftServerImpl (ServerState.java:setLeader(253)) - 813e8ff3-5a9d-4177-a3ce-ff3f7795e702@group-04C128AFAA8A: change Leader from null to d87f90a9-3605-42ff-a73f-b54839b7ec6f at term 1 for appendEntries, leader elected after 5203ms
2019-09-29 11:18:02,670 [grpc-default-executor-5] INFO  impl.RaftServerImpl (ServerState.java:setLeader(253)) - 16f9aea5-9974-4547-813d-50b5e9cbac2d@group-04C128AFAA8A: change Leader from null to d87f90a9-3605-42ff-a73f-b54839b7ec6f at term 1 for appendEntries, leader elected after 5204ms
2019-09-29 11:18:02,674 [grpc-default-executor-5] INFO  impl.RaftServerImpl (ServerState.java:setRaftConf(354)) - 813e8ff3-5a9d-4177-a3ce-ff3f7795e702@group-04C128AFAA8A: set configuration 0: [d87f90a9-3605-42ff-a73f-b54839b7ec6f:192.168.30.19:44039, 16f9aea5-9974-4547-813d-50b5e9cbac2d:192.168.30.19:34925, 813e8ff3-5a9d-4177-a3ce-ff3f7795e702:192.168.30.19:38815], old=null at 0
2019-09-29 11:18:02,674 [grpc-default-executor-3] INFO  impl.RaftServerImpl (ServerState.java:setRaftConf(354)) - 16f9aea5-9974-4547-813d-50b5e9cbac2d@group-04C128AFAA8A: set configuration 0: [d87f90a9-3605-42ff-a73f-b54839b7ec6f:192.168.30.19:44039, 16f9aea5-9974-4547-813d-50b5e9cbac2d:192.168.30.19:34925, 813e8ff3-5a9d-4177-a3ce-ff3f7795e702:192.168.30.19:38815], old=null at 0
2019-09-29 11:18:02,675 [grpc-default-executor-5] INFO  segmented.SegmentedRaftLogWorker (SegmentedRaftLogWorker.java:startLogSegment(380)) - 813e8ff3-5a9d-4177-a3ce-ff3f7795e702@group-04C128AFAA8A-SegmentedRaftLogWorker: Starting segment from index:0
2019-09-29 11:18:02,675 [grpc-default-executor-3] INFO  segmented.SegmentedRaftLogWorker (SegmentedRaftLogWorker.java:startLogSegment(380)) - 16f9aea5-9974-4547-813d-50b5e9cbac2d@group-04C128AFAA8A-SegmentedRaftLogWorker: Starting segment from index:0
2019-09-29 11:18:02,730 [d87f90a9-3605-42ff-a73f-b54839b7ec6f@group-04C128AFAA8A-SegmentedRaftLogWorker] INFO  segmented.SegmentedRaftLogWorker (SegmentedRaftLogWorker.java:execute(569)) - d87f90a9-3605-42ff-a73f-b54839b7ec6f@group-04C128AFAA8A-SegmentedRaftLogWorker: created new log segment /workdir/hadoop-ozone/integration-test/target/test-dir/MiniOzoneClusterImpl-9adecfa3-4693-4b3b-b175-846bdd8f8c06/datanode-1/data/ratis/f74bfd06-a018-4261-af4e-04c128afaa8a/current/log_inprogress_0
2019-09-29 11:18:02,731 [16f9aea5-9974-4547-813d-50b5e9cbac2d@group-04C128AFAA8A-SegmentedRaftLogWorker] INFO  segmented.SegmentedRaftLogWorker (SegmentedRaftLogWorker.java:execute(569)) - 16f9aea5-9974-4547-813d-50b5e9cbac2d@group-04C128AFAA8A-SegmentedRaftLogWorker: created new log segment /workdir/hadoop-ozone/integration-test/target/test-dir/MiniOzoneClusterImpl-9adecfa3-4693-4b3b-b175-846bdd8f8c06/datanode-5/data/ratis/f74bfd06-a018-4261-af4e-04c128afaa8a/current/log_inprogress_0
2019-09-29 11:18:02,731 [813e8ff3-5a9d-4177-a3ce-ff3f7795e702@group-04C128AFAA8A-SegmentedRaftLogWorker] INFO  segmented.SegmentedRaftLogWorker (SegmentedRaftLogWorker.java:execute(569)) - 813e8ff3-5a9d-4177-a3ce-ff3f7795e702@group-04C128AFAA8A-SegmentedRaftLogWorker: created new log segment /workdir/hadoop-ozone/integration-test/target/test-dir/MiniOzoneClusterImpl-9adecfa3-4693-4b3b-b175-846bdd8f8c06/datanode-2/data/ratis/f74bfd06-a018-4261-af4e-04c128afaa8a/current/log_inprogress_0
2019-09-29 11:18:03,277 [Thread-322] INFO  impl.FollowerState (FollowerState.java:run(106)) - 16f9aea5-9974-4547-813d-50b5e9cbac2d:group-9C21AE147306 changes to CANDIDATE, lastRpcTime:5038, electionTimeout:5038ms
2019-09-29 11:18:03,277 [Thread-322] INFO  impl.RoleInfo (RoleInfo.java:shutdownFollowerState(121)) - 16f9aea5-9974-4547-813d-50b5e9cbac2d: shutdown FollowerState
2019-09-29 11:18:03,277 [Thread-322] INFO  impl.RaftServerImpl (RaftServerImpl.java:setRole(174)) - 16f9aea5-9974-4547-813d-50b5e9cbac2d@group-9C21AE147306: changes role from  FOLLOWER to CANDIDATE at term 0 for changeToCandidate
2019-09-29 11:18:03,277 [Thread-322] INFO  impl.RoleInfo (RoleInfo.java:updateAndGet(143)) - 16f9aea5-9974-4547-813d-50b5e9cbac2d: start LeaderElection
2019-09-29 11:18:03,314 [Thread-323] INFO  impl.FollowerState (FollowerState.java:run(106)) - 813e8ff3-5a9d-4177-a3ce-ff3f7795e702:group-9C21AE147306 changes to CANDIDATE, lastRpcTime:5075, electionTimeout:5075ms
2019-09-29 11:18:03,314 [Thread-323] INFO  impl.RoleInfo (RoleInfo.java:shutdownFollowerState(121)) - 813e8ff3-5a9d-4177-a3ce-ff3f7795e702: shutdown FollowerState
2019-09-29 11:18:03,315 [Thread-323] INFO  impl.RaftServerImpl (RaftServerImpl.java:setRole(174)) - 813e8ff3-5a9d-4177-a3ce-ff3f7795e702@group-9C21AE147306: changes role from  FOLLOWER to CANDIDATE at term 0 for changeToCandidate
2019-09-29 11:18:03,315 [Thread-323] INFO  impl.RoleInfo (RoleInfo.java:updateAndGet(143)) - 813e8ff3-5a9d-4177-a3ce-ff3f7795e702: start LeaderElection
2019-09-29 11:18:03,318 [16f9aea5-9974-4547-813d-50b5e9cbac2d@group-9C21AE147306:LeaderElection22] INFO  impl.LeaderElection (LeaderElection.java:askForVotes(182)) - 16f9aea5-9974-4547-813d-50b5e9cbac2d@group-9C21AE147306:LeaderElection22: begin an election at term 1 for -1: [d87f90a9-3605-42ff-a73f-b54839b7ec6f:192.168.30.19:44039, 813e8ff3-5a9d-4177-a3ce-ff3f7795e702:192.168.30.19:38815, 16f9aea5-9974-4547-813d-50b5e9cbac2d:192.168.30.19:34925], old=null
2019-09-29 11:18:03,324 [grpc-default-executor-5] INFO  impl.RaftServerImpl (RaftServerImpl.java:setRole(174)) - d87f90a9-3605-42ff-a73f-b54839b7ec6f@group-9C21AE147306: changes role from  FOLLOWER to FOLLOWER at term 1 for recognizeCandidate:16f9aea5-9974-4547-813d-50b5e9cbac2d
2019-09-29 11:18:03,324 [grpc-default-executor-5] INFO  impl.RoleInfo (RoleInfo.java:shutdownFollowerState(121)) - d87f90a9-3605-42ff-a73f-b54839b7ec6f: shutdown FollowerState
2019-09-29 11:18:03,325 [grpc-default-executor-5] INFO  impl.RoleInfo (RoleInfo.java:updateAndGet(143)) - d87f90a9-3605-42ff-a73f-b54839b7ec6f: start FollowerState
2019-09-29 11:18:03,325 [Thread-321] INFO  impl.FollowerState (FollowerState.java:run(115)) - d87f90a9-3605-42ff-a73f-b54839b7ec6f: FollowerState was interrupted: java.lang.InterruptedException: sleep interrupted
2019-09-29 11:18:03,344 [813e8ff3-5a9d-4177-a3ce-ff3f7795e702@group-9C21AE147306:LeaderElection23] INFO  impl.LeaderElection (LeaderElection.java:askForVotes(182)) - 813e8ff3-5a9d-4177-a3ce-ff3f7795e702@group-9C21AE147306:LeaderElection23: begin an election at term 1 for -1: [d87f90a9-3605-42ff-a73f-b54839b7ec6f:192.168.30.19:44039, 813e8ff3-5a9d-4177-a3ce-ff3f7795e702:192.168.30.19:38815, 16f9aea5-9974-4547-813d-50b5e9cbac2d:192.168.30.19:34925], old=null
2019-09-29 11:18:03,349 [16f9aea5-9974-4547-813d-50b5e9cbac2d@group-9C21AE147306:LeaderElection22] INFO  impl.LeaderElection (LeaderElection.java:logAndReturn(56)) - 16f9aea5-9974-4547-813d-50b5e9cbac2d@group-9C21AE147306:LeaderElection22: Election PASSED; received 2 response(s) [16f9aea5-9974-4547-813d-50b5e9cbac2d<-d87f90a9-3605-42ff-a73f-b54839b7ec6f#0:OK-t1, 16f9aea5-9974-4547-813d-50b5e9cbac2d<-813e8ff3-5a9d-4177-a3ce-ff3f7795e702#0:FAIL-t1] and 0 exception(s); 16f9aea5-9974-4547-813d-50b5e9cbac2d@group-9C21AE147306:t1, leader=null, voted=16f9aea5-9974-4547-813d-50b5e9cbac2d, raftlog=16f9aea5-9974-4547-813d-50b5e9cbac2d@group-9C21AE147306-SegmentedRaftLog:OPENED:c-1,f-1,i0, conf=-1: [d87f90a9-3605-42ff-a73f-b54839b7ec6f:192.168.30.19:44039, 813e8ff3-5a9d-4177-a3ce-ff3f7795e702:192.168.30.19:38815, 16f9aea5-9974-4547-813d-50b5e9cbac2d:192.168.30.19:34925], old=null
2019-09-29 11:18:03,349 [16f9aea5-9974-4547-813d-50b5e9cbac2d@group-9C21AE147306:LeaderElection22] INFO  impl.RoleInfo (RoleInfo.java:shutdownLeaderElection(134)) - 16f9aea5-9974-4547-813d-50b5e9cbac2d: shutdown LeaderElection
2019-09-29 11:18:03,349 [16f9aea5-9974-4547-813d-50b5e9cbac2d@group-9C21AE147306:LeaderElection22] INFO  impl.RaftServerImpl (RaftServerImpl.java:setRole(174)) - 16f9aea5-9974-4547-813d-50b5e9cbac2d@group-9C21AE147306: changes role from CANDIDATE to LEADER at term 1 for changeToLeader
2019-09-29 11:18:03,350 [16f9aea5-9974-4547-813d-50b5e9cbac2d@group-9C21AE147306:LeaderElection22] INFO  impl.RaftServerImpl (ServerState.java:setLeader(253)) - 16f9aea5-9974-4547-813d-50b5e9cbac2d@group-9C21AE147306: change Leader from null to 16f9aea5-9974-4547-813d-50b5e9cbac2d at term 1 for becomeLeader, leader elected after 5124ms
2019-09-29 11:18:03,350 [16f9aea5-9974-4547-813d-50b5e9cbac2d@group-9C21AE147306:LeaderElection22] INFO  server.RaftServerConfigKeys (ConfUtils.java:logGet(43)) - raft.server.staging.catchup.gap = 1000 (default)
2019-09-29 11:18:03,350 [16f9aea5-9974-4547-813d-50b5e9cbac2d@group-9C21AE147306:LeaderElection22] INFO  server.RaftServerConfigKeys (ConfUtils.java:logGet(43)) - raft.server.rpc.sleep.time = 25ms (default)
2019-09-29 11:18:03,350 [16f9aea5-9974-4547-813d-50b5e9cbac2d@group-9C21AE147306:LeaderElection22] INFO  server.RaftServerConfigKeys (ConfUtils.java:logGet(43)) - raft.server.write.element-limit = 4096 (default)
2019-09-29 11:18:03,350 [16f9aea5-9974-4547-813d-50b5e9cbac2d@group-9C21AE147306:LeaderElection22] INFO  server.RaftServerConfigKeys (ConfUtils.java:logGet(43)) - raft.server.watch.timeout = 10s (default)
2019-09-29 11:18:03,351 [16f9aea5-9974-4547-813d-50b5e9cbac2d@group-9C21AE147306:LeaderElection22] INFO  server.RaftServerConfigKeys (ConfUtils.java:logGet(43)) - raft.server.watch.timeout.denomination = 1s (default)
2019-09-29 11:18:03,351 [16f9aea5-9974-4547-813d-50b5e9cbac2d@group-9C21AE147306:LeaderElection22] INFO  server.RaftServerConfigKeys (ConfUtils.java:logGet(43)) - raft.server.watch.element-limit = 65536 (default)
2019-09-29 11:18:03,354 [16f9aea5-9974-4547-813d-50b5e9cbac2d@group-9C21AE147306:LeaderElection22] INFO  server.RaftServerConfigKeys (ConfUtils.java:logGet(43)) - raft.server.log.appender.snapshot.chunk.size.max = 16MB (=16777216) (default)
2019-09-29 11:18:03,354 [16f9aea5-9974-4547-813d-50b5e9cbac2d@group-9C21AE147306:LeaderElection22] INFO  server.RaftServerConfigKeys (ConfUtils.java:logGet(43)) - raft.server.log.appender.buffer.byte-limit = 33554432 (custom)
2019-09-29 11:18:03,354 [16f9aea5-9974-4547-813d-50b5e9cbac2d@group-9C21AE147306:LeaderElection22] INFO  server.RaftServerConfigKeys (ConfUtils.java:logGet(43)) - raft.server.log.appender.buffer.element-limit = 1 (custom)
2019-09-29 11:18:03,354 [16f9aea5-9974-4547-813d-50b5e9cbac2d@group-9C21AE147306:LeaderElection22] INFO  grpc.GrpcConfigKeys$Server (ConfUtils.java:logGet(43)) - raft.grpc.server.leader.outstanding.appends.max = 128 (default)
2019-09-29 11:18:03,355 [16f9aea5-9974-4547-813d-50b5e9cbac2d@group-9C21AE147306:LeaderElection22] INFO  server.RaftServerConfigKeys (ConfUtils.java:logGet(43)) - raft.server.rpc.request.timeout = 3000ms (default)
2019-09-29 11:18:03,355 [16f9aea5-9974-4547-813d-50b5e9cbac2d@group-9C21AE147306:LeaderElection22] INFO  server.RaftServerConfigKeys (ConfUtils.java:logGet(43)) - raft.server.log.appender.install.snapshot.enabled = false (custom)
2019-09-29 11:18:03,355 [16f9aea5-9974-4547-813d-50b5e9cbac2d@group-9C21AE147306:LeaderElection22] INFO  server.RaftServerConfigKeys (ConfUtils.java:logGet(43)) - raft.server.log.appender.snapshot.chunk.size.max = 16MB (=16777216) (default)
2019-09-29 11:18:03,355 [16f9aea5-9974-4547-813d-50b5e9cbac2d@group-9C21AE147306:LeaderElection22] INFO  server.RaftServerConfigKeys (ConfUtils.java:logGet(43)) - raft.server.log.appender.buffer.byte-limit = 33554432 (custom)
2019-09-29 11:18:03,355 [16f9aea5-9974-4547-813d-50b5e9cbac2d@group-9C21AE147306:LeaderElection22] INFO  server.RaftServerConfigKeys (ConfUtils.java:logGet(43)) - raft.server.log.appender.buffer.element-limit = 1 (custom)
2019-09-29 11:18:03,356 [16f9aea5-9974-4547-813d-50b5e9cbac2d@group-9C21AE147306:LeaderElection22] INFO  grpc.GrpcConfigKeys$Server (ConfUtils.java:logGet(43)) - raft.grpc.server.leader.outstanding.appends.max = 128 (default)
2019-09-29 11:18:03,356 [16f9aea5-9974-4547-813d-50b5e9cbac2d@group-9C21AE147306:LeaderElection22] INFO  server.RaftServerConfigKeys (ConfUtils.java:logGet(43)) - raft.server.rpc.request.timeout = 3000ms (default)
2019-09-29 11:18:03,356 [16f9aea5-9974-4547-813d-50b5e9cbac2d@group-9C21AE147306:LeaderElection22] INFO  server.RaftServerConfigKeys (ConfUtils.java:logGet(43)) - raft.server.log.appender.install.snapshot.enabled = false (custom)
2019-09-29 11:18:03,356 [16f9aea5-9974-4547-813d-50b5e9cbac2d@group-9C21AE147306:LeaderElection22] INFO  impl.RoleInfo (RoleInfo.java:updateAndGet(143)) - 16f9aea5-9974-4547-813d-50b5e9cbac2d: start LeaderState
2019-09-29 11:18:03,357 [16f9aea5-9974-4547-813d-50b5e9cbac2d@group-9C21AE147306:LeaderElection22] INFO  segmented.SegmentedRaftLogWorker (SegmentedRaftLogWorker.java:startLogSegment(380)) - 16f9aea5-9974-4547-813d-50b5e9cbac2d@group-9C21AE147306-SegmentedRaftLogWorker: Starting segment from index:0
2019-09-29 11:18:03,357 [16f9aea5-9974-4547-813d-50b5e9cbac2d@group-9C21AE147306:LeaderElection22] INFO  impl.RaftServerImpl (ServerState.java:setRaftConf(354)) - 16f9aea5-9974-4547-813d-50b5e9cbac2d@group-9C21AE147306: set configuration 0: [d87f90a9-3605-42ff-a73f-b54839b7ec6f:192.168.30.19:44039, 813e8ff3-5a9d-4177-a3ce-ff3f7795e702:192.168.30.19:38815, 16f9aea5-9974-4547-813d-50b5e9cbac2d:192.168.30.19:34925], old=null at 0
2019-09-29 11:18:03,389 [grpc-default-executor-3] INFO  impl.RaftServerImpl (RaftServerImpl.java:requestVote(758)) - 16f9aea5-9974-4547-813d-50b5e9cbac2d@group-9C21AE147306-   LEADER: Withhold vote from candidate 813e8ff3-5a9d-4177-a3ce-ff3f7795e702 with term 1. State: leader=16f9aea5-9974-4547-813d-50b5e9cbac2d, term=1, lastRpcElapsed=null
2019-09-29 11:18:03,394 [813e8ff3-5a9d-4177-a3ce-ff3f7795e702@group-9C21AE147306:LeaderElection23] INFO  impl.LeaderElection (LeaderElection.java:logAndReturn(56)) - 813e8ff3-5a9d-4177-a3ce-ff3f7795e702@group-9C21AE147306:LeaderElection23: Election REJECTED; received 2 response(s) [813e8ff3-5a9d-4177-a3ce-ff3f7795e702<-d87f90a9-3605-42ff-a73f-b54839b7ec6f#0:FAIL-t1, 813e8ff3-5a9d-4177-a3ce-ff3f7795e702<-16f9aea5-9974-4547-813d-50b5e9cbac2d#0:FAIL-t1] and 0 exception(s); 813e8ff3-5a9d-4177-a3ce-ff3f7795e702@group-9C21AE147306:t1, leader=null, voted=813e8ff3-5a9d-4177-a3ce-ff3f7795e702, raftlog=813e8ff3-5a9d-4177-a3ce-ff3f7795e702@group-9C21AE147306-SegmentedRaftLog:OPENED:c-1,f-1,i0, conf=-1: [d87f90a9-3605-42ff-a73f-b54839b7ec6f:192.168.30.19:44039, 813e8ff3-5a9d-4177-a3ce-ff3f7795e702:192.168.30.19:38815, 16f9aea5-9974-4547-813d-50b5e9cbac2d:192.168.30.19:34925], old=null
2019-09-29 11:18:03,394 [813e8ff3-5a9d-4177-a3ce-ff3f7795e702@group-9C21AE147306:LeaderElection23] INFO  impl.RaftServerImpl (RaftServerImpl.java:setRole(174)) - 813e8ff3-5a9d-4177-a3ce-ff3f7795e702@group-9C21AE147306: changes role from CANDIDATE to FOLLOWER at term 1 for DISCOVERED_A_NEW_TERM
2019-09-29 11:18:03,395 [813e8ff3-5a9d-4177-a3ce-ff3f7795e702@group-9C21AE147306:LeaderElection23] INFO  impl.RoleInfo (RoleInfo.java:shutdownLeaderElection(134)) - 813e8ff3-5a9d-4177-a3ce-ff3f7795e702: shutdown LeaderElection
2019-09-29 11:18:03,395 [813e8ff3-5a9d-4177-a3ce-ff3f7795e702@group-9C21AE147306:LeaderElection23] INFO  impl.RoleInfo (RoleInfo.java:updateAndGet(143)) - 813e8ff3-5a9d-4177-a3ce-ff3f7795e702: start FollowerState
2019-09-29 11:18:03,397 [grpc-default-executor-2] INFO  impl.RaftServerImpl (ServerState.java:setLeader(253)) - d87f90a9-3605-42ff-a73f-b54839b7ec6f@group-9C21AE147306: change Leader from null to 16f9aea5-9974-4547-813d-50b5e9cbac2d at term 1 for appendEntries, leader elected after 5172ms
2019-09-29 11:18:03,399 [grpc-default-executor-1] INFO  impl.RaftServerImpl (ServerState.java:setLeader(253)) - 813e8ff3-5a9d-4177-a3ce-ff3f7795e702@group-9C21AE147306: change Leader from null to 16f9aea5-9974-4547-813d-50b5e9cbac2d at term 1 for appendEntries, leader elected after 5173ms
2019-09-29 11:18:03,407 [grpc-default-executor-4] INFO  impl.RaftServerImpl (ServerState.java:setRaftConf(354)) - d87f90a9-3605-42ff-a73f-b54839b7ec6f@group-9C21AE147306: set configuration 0: [d87f90a9-3605-42ff-a73f-b54839b7ec6f:192.168.30.19:44039, 813e8ff3-5a9d-4177-a3ce-ff3f7795e702:192.168.30.19:38815, 16f9aea5-9974-4547-813d-50b5e9cbac2d:192.168.30.19:34925], old=null at 0
2019-09-29 11:18:03,408 [grpc-default-executor-4] INFO  segmented.SegmentedRaftLogWorker (SegmentedRaftLogWorker.java:startLogSegment(380)) - d87f90a9-3605-42ff-a73f-b54839b7ec6f@group-9C21AE147306-SegmentedRaftLogWorker: Starting segment from index:0
2019-09-29 11:18:03,408 [grpc-default-executor-4] INFO  impl.RaftServerImpl (ServerState.java:setRaftConf(354)) - 813e8ff3-5a9d-4177-a3ce-ff3f7795e702@group-9C21AE147306: set configuration 0: [d87f90a9-3605-42ff-a73f-b54839b7ec6f:192.168.30.19:44039, 813e8ff3-5a9d-4177-a3ce-ff3f7795e702:192.168.30.19:38815, 16f9aea5-9974-4547-813d-50b5e9cbac2d:192.168.30.19:34925], old=null at 0
2019-09-29 11:18:03,408 [grpc-default-executor-4] INFO  segmented.SegmentedRaftLogWorker (SegmentedRaftLogWorker.java:startLogSegment(380)) - 813e8ff3-5a9d-4177-a3ce-ff3f7795e702@group-9C21AE147306-SegmentedRaftLogWorker: Starting segment from index:0
2019-09-29 11:18:03,413 [16f9aea5-9974-4547-813d-50b5e9cbac2d@group-9C21AE147306-SegmentedRaftLogWorker] INFO  segmented.SegmentedRaftLogWorker (SegmentedRaftLogWorker.java:execute(569)) - 16f9aea5-9974-4547-813d-50b5e9cbac2d@group-9C21AE147306-SegmentedRaftLogWorker: created new log segment /workdir/hadoop-ozone/integration-test/target/test-dir/MiniOzoneClusterImpl-9adecfa3-4693-4b3b-b175-846bdd8f8c06/datanode-5/data/ratis/28f27a46-2d5c-4860-a9ab-9c21ae147306/current/log_inprogress_0
2019-09-29 11:18:03,459 [813e8ff3-5a9d-4177-a3ce-ff3f7795e702@group-9C21AE147306-SegmentedRaftLogWorker] INFO  segmented.SegmentedRaftLogWorker (SegmentedRaftLogWorker.java:execute(569)) - 813e8ff3-5a9d-4177-a3ce-ff3f7795e702@group-9C21AE147306-SegmentedRaftLogWorker: created new log segment /workdir/hadoop-ozone/integration-test/target/test-dir/MiniOzoneClusterImpl-9adecfa3-4693-4b3b-b175-846bdd8f8c06/datanode-2/data/ratis/28f27a46-2d5c-4860-a9ab-9c21ae147306/current/log_inprogress_0
2019-09-29 11:18:03,459 [d87f90a9-3605-42ff-a73f-b54839b7ec6f@group-9C21AE147306-SegmentedRaftLogWorker] INFO  segmented.SegmentedRaftLogWorker (SegmentedRaftLogWorker.java:execute(569)) - d87f90a9-3605-42ff-a73f-b54839b7ec6f@group-9C21AE147306-SegmentedRaftLogWorker: created new log segment /workdir/hadoop-ozone/integration-test/target/test-dir/MiniOzoneClusterImpl-9adecfa3-4693-4b3b-b175-846bdd8f8c06/datanode-1/data/ratis/28f27a46-2d5c-4860-a9ab-9c21ae147306/current/log_inprogress_0
2019-09-29 11:18:04,015 [Datanode State Machine Thread - 0] INFO  statemachine.DatanodeStateMachine (DatanodeStateMachine.java:lambda$startDaemon$0(350)) - Ozone container server started.
2019-09-29 11:18:06,976 [Thread-359] INFO  impl.FollowerState (FollowerState.java:run(106)) - d87f90a9-3605-42ff-a73f-b54839b7ec6f:group-3B8C7B1EF025 changes to CANDIDATE, lastRpcTime:5009, electionTimeout:5007ms
2019-09-29 11:18:06,977 [Thread-359] INFO  impl.RoleInfo (RoleInfo.java:shutdownFollowerState(121)) - d87f90a9-3605-42ff-a73f-b54839b7ec6f: shutdown FollowerState
2019-09-29 11:18:06,977 [Thread-359] INFO  impl.RaftServerImpl (RaftServerImpl.java:setRole(174)) - d87f90a9-3605-42ff-a73f-b54839b7ec6f@group-3B8C7B1EF025: changes role from  FOLLOWER to CANDIDATE at term 1 for changeToCandidate
2019-09-29 11:18:06,978 [Thread-359] INFO  impl.RoleInfo (RoleInfo.java:updateAndGet(143)) - d87f90a9-3605-42ff-a73f-b54839b7ec6f: start LeaderElection
2019-09-29 11:18:07,003 [d87f90a9-3605-42ff-a73f-b54839b7ec6f@group-3B8C7B1EF025:LeaderElection24] INFO  impl.LeaderElection (LeaderElection.java:askForVotes(182)) - d87f90a9-3605-42ff-a73f-b54839b7ec6f@group-3B8C7B1EF025:LeaderElection24: begin an election at term 2 for -1: [d87f90a9-3605-42ff-a73f-b54839b7ec6f:192.168.30.19:44039, 16f9aea5-9974-4547-813d-50b5e9cbac2d:192.168.30.19:34925, 813e8ff3-5a9d-4177-a3ce-ff3f7795e702:192.168.30.19:38815], old=null
2019-09-29 11:18:07,009 [grpc-default-executor-4] INFO  impl.RaftServerImpl (RaftServerImpl.java:setRole(174)) - 813e8ff3-5a9d-4177-a3ce-ff3f7795e702@group-3B8C7B1EF025: changes role from  FOLLOWER to FOLLOWER at term 2 for recognizeCandidate:d87f90a9-3605-42ff-a73f-b54839b7ec6f
2019-09-29 11:18:07,009 [grpc-default-executor-2] INFO  impl.RaftServerImpl (RaftServerImpl.java:setRole(174)) - 16f9aea5-9974-4547-813d-50b5e9cbac2d@group-3B8C7B1EF025: changes role from  FOLLOWER to FOLLOWER at term 2 for recognizeCandidate:d87f90a9-3605-42ff-a73f-b54839b7ec6f
2019-09-29 11:18:07,010 [grpc-default-executor-4] INFO  impl.RoleInfo (RoleInfo.java:shutdownFollowerState(121)) - 813e8ff3-5a9d-4177-a3ce-ff3f7795e702: shutdown FollowerState
2019-09-29 11:18:07,010 [grpc-default-executor-2] INFO  impl.RoleInfo (RoleInfo.java:shutdownFollowerState(121)) - 16f9aea5-9974-4547-813d-50b5e9cbac2d: shutdown FollowerState
2019-09-29 11:18:07,010 [grpc-default-executor-4] INFO  impl.RoleInfo (RoleInfo.java:updateAndGet(143)) - 813e8ff3-5a9d-4177-a3ce-ff3f7795e702: start FollowerState
2019-09-29 11:18:07,010 [grpc-default-executor-2] INFO  impl.RoleInfo (RoleInfo.java:updateAndGet(143)) - 16f9aea5-9974-4547-813d-50b5e9cbac2d: start FollowerState
2019-09-29 11:18:07,010 [Thread-360] INFO  impl.FollowerState (FollowerState.java:run(115)) - 813e8ff3-5a9d-4177-a3ce-ff3f7795e702: FollowerState was interrupted: java.lang.InterruptedException: sleep interrupted
2019-09-29 11:18:07,010 [Thread-361] INFO  impl.FollowerState (FollowerState.java:run(115)) - 16f9aea5-9974-4547-813d-50b5e9cbac2d: FollowerState was interrupted: java.lang.InterruptedException: sleep interrupted
2019-09-29 11:18:07,037 [d87f90a9-3605-42ff-a73f-b54839b7ec6f@group-3B8C7B1EF025:LeaderElection24] INFO  impl.LeaderElection (LeaderElection.java:logAndReturn(56)) - d87f90a9-3605-42ff-a73f-b54839b7ec6f@group-3B8C7B1EF025:LeaderElection24: Election PASSED; received 1 response(s) [d87f90a9-3605-42ff-a73f-b54839b7ec6f<-16f9aea5-9974-4547-813d-50b5e9cbac2d#0:OK-t2] and 0 exception(s); d87f90a9-3605-42ff-a73f-b54839b7ec6f@group-3B8C7B1EF025:t2, leader=null, voted=d87f90a9-3605-42ff-a73f-b54839b7ec6f, raftlog=d87f90a9-3605-42ff-a73f-b54839b7ec6f@group-3B8C7B1EF025-SegmentedRaftLog:OPENED:c-1,f-1,i0, conf=-1: [d87f90a9-3605-42ff-a73f-b54839b7ec6f:192.168.30.19:44039, 16f9aea5-9974-4547-813d-50b5e9cbac2d:192.168.30.19:34925, 813e8ff3-5a9d-4177-a3ce-ff3f7795e702:192.168.30.19:38815], old=null
2019-09-29 11:18:07,038 [d87f90a9-3605-42ff-a73f-b54839b7ec6f@group-3B8C7B1EF025:LeaderElection24] INFO  impl.RoleInfo (RoleInfo.java:shutdownLeaderElection(134)) - d87f90a9-3605-42ff-a73f-b54839b7ec6f: shutdown LeaderElection
2019-09-29 11:18:07,038 [d87f90a9-3605-42ff-a73f-b54839b7ec6f@group-3B8C7B1EF025:LeaderElection24] INFO  impl.RaftServerImpl (RaftServerImpl.java:setRole(174)) - d87f90a9-3605-42ff-a73f-b54839b7ec6f@group-3B8C7B1EF025: changes role from CANDIDATE to LEADER at term 2 for changeToLeader
2019-09-29 11:18:07,038 [d87f90a9-3605-42ff-a73f-b54839b7ec6f@group-3B8C7B1EF025:LeaderElection24] INFO  impl.RaftServerImpl (ServerState.java:setLeader(253)) - d87f90a9-3605-42ff-a73f-b54839b7ec6f@group-3B8C7B1EF025: change Leader from null to d87f90a9-3605-42ff-a73f-b54839b7ec6f at term 2 for becomeLeader, leader elected after 10237ms
2019-09-29 11:18:07,039 [d87f90a9-3605-42ff-a73f-b54839b7ec6f@group-3B8C7B1EF025:LeaderElection24] INFO  server.RaftServerConfigKeys (ConfUtils.java:logGet(43)) - raft.server.staging.catchup.gap = 1000 (default)
2019-09-29 11:18:07,039 [d87f90a9-3605-42ff-a73f-b54839b7ec6f@group-3B8C7B1EF025:LeaderElection24] INFO  server.RaftServerConfigKeys (ConfUtils.java:logGet(43)) - raft.server.rpc.sleep.time = 25ms (default)
2019-09-29 11:18:07,039 [d87f90a9-3605-42ff-a73f-b54839b7ec6f@group-3B8C7B1EF025:LeaderElection24] INFO  server.RaftServerConfigKeys (ConfUtils.java:logGet(43)) - raft.server.write.element-limit = 4096 (default)
2019-09-29 11:18:07,039 [d87f90a9-3605-42ff-a73f-b54839b7ec6f@group-3B8C7B1EF025:LeaderElection24] INFO  server.RaftServerConfigKeys (ConfUtils.java:logGet(43)) - raft.server.watch.timeout = 10s (default)
2019-09-29 11:18:07,040 [d87f90a9-3605-42ff-a73f-b54839b7ec6f@group-3B8C7B1EF025:LeaderElection24] INFO  server.RaftServerConfigKeys (ConfUtils.java:logGet(43)) - raft.server.watch.timeout.denomination = 1s (default)
2019-09-29 11:18:07,040 [d87f90a9-3605-42ff-a73f-b54839b7ec6f@group-3B8C7B1EF025:LeaderElection24] INFO  server.RaftServerConfigKeys (ConfUtils.java:logGet(43)) - raft.server.watch.element-limit = 65536 (default)
2019-09-29 11:18:07,044 [d87f90a9-3605-42ff-a73f-b54839b7ec6f@group-3B8C7B1EF025:LeaderElection24] INFO  server.RaftServerConfigKeys (ConfUtils.java:logGet(43)) - raft.server.log.appender.snapshot.chunk.size.max = 16MB (=16777216) (default)
2019-09-29 11:18:07,044 [d87f90a9-3605-42ff-a73f-b54839b7ec6f@group-3B8C7B1EF025:LeaderElection24] INFO  server.RaftServerConfigKeys (ConfUtils.java:logGet(43)) - raft.server.log.appender.buffer.byte-limit = 33554432 (custom)
2019-09-29 11:18:07,045 [d87f90a9-3605-42ff-a73f-b54839b7ec6f@group-3B8C7B1EF025:LeaderElection24] INFO  server.RaftServerConfigKeys (ConfUtils.java:logGet(43)) - raft.server.log.appender.buffer.element-limit = 1 (custom)
2019-09-29 11:18:07,045 [d87f90a9-3605-42ff-a73f-b54839b7ec6f@group-3B8C7B1EF025:LeaderElection24] INFO  grpc.GrpcConfigKeys$Server (ConfUtils.java:logGet(43)) - raft.grpc.server.leader.outstanding.appends.max = 128 (default)
2019-09-29 11:18:07,045 [d87f90a9-3605-42ff-a73f-b54839b7ec6f@group-3B8C7B1EF025:LeaderElection24] INFO  server.RaftServerConfigKeys (ConfUtils.java:logGet(43)) - raft.server.rpc.request.timeout = 3000ms (default)
2019-09-29 11:18:07,045 [d87f90a9-3605-42ff-a73f-b54839b7ec6f@group-3B8C7B1EF025:LeaderElection24] INFO  server.RaftServerConfigKeys (ConfUtils.java:logGet(43)) - raft.server.log.appender.install.snapshot.enabled = false (custom)
2019-09-29 11:18:07,046 [d87f90a9-3605-42ff-a73f-b54839b7ec6f@group-3B8C7B1EF025:LeaderElection24] INFO  server.RaftServerConfigKeys (ConfUtils.java:logGet(43)) - raft.server.log.appender.snapshot.chunk.size.max = 16MB (=16777216) (default)
2019-09-29 11:18:07,046 [d87f90a9-3605-42ff-a73f-b54839b7ec6f@group-3B8C7B1EF025:LeaderElection24] INFO  server.RaftServerConfigKeys (ConfUtils.java:logGet(43)) - raft.server.log.appender.buffer.byte-limit = 33554432 (custom)
2019-09-29 11:18:07,046 [d87f90a9-3605-42ff-a73f-b54839b7ec6f@group-3B8C7B1EF025:LeaderElection24] INFO  server.RaftServerConfigKeys (ConfUtils.java:logGet(43)) - raft.server.log.appender.buffer.element-limit = 1 (custom)
2019-09-29 11:18:07,046 [d87f90a9-3605-42ff-a73f-b54839b7ec6f@group-3B8C7B1EF025:LeaderElection24] INFO  grpc.GrpcConfigKeys$Server (ConfUtils.java:logGet(43)) - raft.grpc.server.leader.outstanding.appends.max = 128 (default)
2019-09-29 11:18:07,046 [d87f90a9-3605-42ff-a73f-b54839b7ec6f@group-3B8C7B1EF025:LeaderElection24] INFO  server.RaftServerConfigKeys (ConfUtils.java:logGet(43)) - raft.server.rpc.request.timeout = 3000ms (default)
2019-09-29 11:18:07,047 [d87f90a9-3605-42ff-a73f-b54839b7ec6f@group-3B8C7B1EF025:LeaderElection24] INFO  server.RaftServerConfigKeys (ConfUtils.java:logGet(43)) - raft.server.log.appender.install.snapshot.enabled = false (custom)
2019-09-29 11:18:07,047 [d87f90a9-3605-42ff-a73f-b54839b7ec6f@group-3B8C7B1EF025:LeaderElection24] INFO  impl.RoleInfo (RoleInfo.java:updateAndGet(143)) - d87f90a9-3605-42ff-a73f-b54839b7ec6f: start LeaderState
2019-09-29 11:18:07,048 [d87f90a9-3605-42ff-a73f-b54839b7ec6f@group-3B8C7B1EF025:LeaderElection24] INFO  segmented.SegmentedRaftLogWorker (SegmentedRaftLogWorker.java:startLogSegment(380)) - d87f90a9-3605-42ff-a73f-b54839b7ec6f@group-3B8C7B1EF025-SegmentedRaftLogWorker: Starting segment from index:0
2019-09-29 11:18:07,049 [d87f90a9-3605-42ff-a73f-b54839b7ec6f@group-3B8C7B1EF025:LeaderElection24] INFO  impl.RaftServerImpl (ServerState.java:setRaftConf(354)) - d87f90a9-3605-42ff-a73f-b54839b7ec6f@group-3B8C7B1EF025: set configuration 0: [d87f90a9-3605-42ff-a73f-b54839b7ec6f:192.168.30.19:44039, 16f9aea5-9974-4547-813d-50b5e9cbac2d:192.168.30.19:34925, 813e8ff3-5a9d-4177-a3ce-ff3f7795e702:192.168.30.19:38815], old=null at 0
2019-09-29 11:18:07,093 [grpc-default-executor-2] INFO  impl.RaftServerImpl (ServerState.java:setLeader(253)) - 813e8ff3-5a9d-4177-a3ce-ff3f7795e702@group-3B8C7B1EF025: change Leader from null to d87f90a9-3605-42ff-a73f-b54839b7ec6f at term 2 for appendEntries, leader elected after 10290ms
2019-09-29 11:18:07,097 [grpc-default-executor-4] INFO  impl.RaftServerImpl (ServerState.java:setLeader(253)) - 16f9aea5-9974-4547-813d-50b5e9cbac2d@group-3B8C7B1EF025: change Leader from null to d87f90a9-3605-42ff-a73f-b54839b7ec6f at term 2 for appendEntries, leader elected after 10295ms
2019-09-29 11:18:07,100 [grpc-default-executor-4] INFO  impl.RaftServerImpl (ServerState.java:setRaftConf(354)) - 813e8ff3-5a9d-4177-a3ce-ff3f7795e702@group-3B8C7B1EF025: set configuration 0: [d87f90a9-3605-42ff-a73f-b54839b7ec6f:192.168.30.19:44039, 16f9aea5-9974-4547-813d-50b5e9cbac2d:192.168.30.19:34925, 813e8ff3-5a9d-4177-a3ce-ff3f7795e702:192.168.30.19:38815], old=null at 0
2019-09-29 11:18:07,100 [grpc-default-executor-4] INFO  segmented.SegmentedRaftLogWorker (SegmentedRaftLogWorker.java:startLogSegment(380)) - 813e8ff3-5a9d-4177-a3ce-ff3f7795e702@group-3B8C7B1EF025-SegmentedRaftLogWorker: Starting segment from index:0
2019-09-29 11:18:07,101 [grpc-default-executor-2] INFO  impl.RaftServerImpl (ServerState.java:setRaftConf(354)) - 16f9aea5-9974-4547-813d-50b5e9cbac2d@group-3B8C7B1EF025: set configuration 0: [d87f90a9-3605-42ff-a73f-b54839b7ec6f:192.168.30.19:44039, 16f9aea5-9974-4547-813d-50b5e9cbac2d:192.168.30.19:34925, 813e8ff3-5a9d-4177-a3ce-ff3f7795e702:192.168.30.19:38815], old=null at 0
2019-09-29 11:18:07,101 [grpc-default-executor-2] INFO  segmented.SegmentedRaftLogWorker (SegmentedRaftLogWorker.java:startLogSegment(380)) - 16f9aea5-9974-4547-813d-50b5e9cbac2d@group-3B8C7B1EF025-SegmentedRaftLogWorker: Starting segment from index:0
2019-09-29 11:18:07,105 [d87f90a9-3605-42ff-a73f-b54839b7ec6f@group-3B8C7B1EF025-SegmentedRaftLogWorker] INFO  segmented.SegmentedRaftLogWorker (SegmentedRaftLogWorker.java:execute(569)) - d87f90a9-3605-42ff-a73f-b54839b7ec6f@group-3B8C7B1EF025-SegmentedRaftLogWorker: created new log segment /workdir/hadoop-ozone/integration-test/target/test-dir/MiniOzoneClusterImpl-9adecfa3-4693-4b3b-b175-846bdd8f8c06/datanode-1/data/ratis/52951f0b-3bb2-4c3e-b5f0-3b8c7b1ef025/current/log_inprogress_0
2019-09-29 11:18:07,159 [813e8ff3-5a9d-4177-a3ce-ff3f7795e702@group-3B8C7B1EF025-SegmentedRaftLogWorker] INFO  segmented.SegmentedRaftLogWorker (SegmentedRaftLogWorker.java:execute(569)) - 813e8ff3-5a9d-4177-a3ce-ff3f7795e702@group-3B8C7B1EF025-SegmentedRaftLogWorker: created new log segment /workdir/hadoop-ozone/integration-test/target/test-dir/MiniOzoneClusterImpl-9adecfa3-4693-4b3b-b175-846bdd8f8c06/datanode-2/data/ratis/52951f0b-3bb2-4c3e-b5f0-3b8c7b1ef025/current/log_inprogress_0
2019-09-29 11:18:07,159 [16f9aea5-9974-4547-813d-50b5e9cbac2d@group-3B8C7B1EF025-SegmentedRaftLogWorker] INFO  segmented.SegmentedRaftLogWorker (SegmentedRaftLogWorker.java:execute(569)) - 16f9aea5-9974-4547-813d-50b5e9cbac2d@group-3B8C7B1EF025-SegmentedRaftLogWorker: created new log segment /workdir/hadoop-ozone/integration-test/target/test-dir/MiniOzoneClusterImpl-9adecfa3-4693-4b3b-b175-846bdd8f8c06/datanode-5/data/ratis/52951f0b-3bb2-4c3e-b5f0-3b8c7b1ef025/current/log_inprogress_0
2019-09-29 11:18:07,635 [Thread-422] INFO  impl.FollowerState (FollowerState.java:run(106)) - 16f9aea5-9974-4547-813d-50b5e9cbac2d:group-069BEA507B86 changes to CANDIDATE, lastRpcTime:5054, electionTimeout:5052ms
2019-09-29 11:18:07,635 [Thread-422] INFO  impl.RoleInfo (RoleInfo.java:shutdownFollowerState(121)) - 16f9aea5-9974-4547-813d-50b5e9cbac2d: shutdown FollowerState
2019-09-29 11:18:07,635 [Thread-422] INFO  impl.RaftServerImpl (RaftServerImpl.java:setRole(174)) - 16f9aea5-9974-4547-813d-50b5e9cbac2d@group-069BEA507B86: changes role from  FOLLOWER to CANDIDATE at term 1 for changeToCandidate
2019-09-29 11:18:07,635 [Thread-422] INFO  impl.RoleInfo (RoleInfo.java:updateAndGet(143)) - 16f9aea5-9974-4547-813d-50b5e9cbac2d: start LeaderElection
2019-09-29 11:18:07,652 [Thread-425] INFO  impl.FollowerState (FollowerState.java:run(106)) - 813e8ff3-5a9d-4177-a3ce-ff3f7795e702:group-069BEA507B86 changes to CANDIDATE, lastRpcTime:5064, electionTimeout:5064ms
2019-09-29 11:18:07,652 [Thread-425] INFO  impl.RoleInfo (RoleInfo.java:shutdownFollowerState(121)) - 813e8ff3-5a9d-4177-a3ce-ff3f7795e702: shutdown FollowerState
2019-09-29 11:18:07,652 [Thread-425] INFO  impl.RaftServerImpl (RaftServerImpl.java:setRole(174)) - 813e8ff3-5a9d-4177-a3ce-ff3f7795e702@group-069BEA507B86: changes role from  FOLLOWER to CANDIDATE at term 1 for changeToCandidate
2019-09-29 11:18:07,652 [Thread-425] INFO  impl.RoleInfo (RoleInfo.java:updateAndGet(143)) - 813e8ff3-5a9d-4177-a3ce-ff3f7795e702: start LeaderElection
2019-09-29 11:18:07,663 [16f9aea5-9974-4547-813d-50b5e9cbac2d@group-069BEA507B86:LeaderElection25] INFO  impl.LeaderElection (LeaderElection.java:askForVotes(182)) - 16f9aea5-9974-4547-813d-50b5e9cbac2d@group-069BEA507B86:LeaderElection25: begin an election at term 2 for -1: [d87f90a9-3605-42ff-a73f-b54839b7ec6f:192.168.30.19:44039, 813e8ff3-5a9d-4177-a3ce-ff3f7795e702:192.168.30.19:38815, 16f9aea5-9974-4547-813d-50b5e9cbac2d:192.168.30.19:34925], old=null
2019-09-29 11:18:07,666 [grpc-default-executor-4] INFO  impl.RaftServerImpl (RaftServerImpl.java:setRole(174)) - d87f90a9-3605-42ff-a73f-b54839b7ec6f@group-069BEA507B86: changes role from  FOLLOWER to FOLLOWER at term 2 for recognizeCandidate:16f9aea5-9974-4547-813d-50b5e9cbac2d
2019-09-29 11:18:07,666 [grpc-default-executor-4] INFO  impl.RoleInfo (RoleInfo.java:shutdownFollowerState(121)) - d87f90a9-3605-42ff-a73f-b54839b7ec6f: shutdown FollowerState
2019-09-29 11:18:07,667 [grpc-default-executor-4] INFO  impl.RoleInfo (RoleInfo.java:updateAndGet(143)) - d87f90a9-3605-42ff-a73f-b54839b7ec6f: start FollowerState
2019-09-29 11:18:07,667 [Thread-423] INFO  impl.FollowerState (FollowerState.java:run(115)) - d87f90a9-3605-42ff-a73f-b54839b7ec6f: FollowerState was interrupted: java.lang.InterruptedException: sleep interrupted
2019-09-29 11:18:07,685 [813e8ff3-5a9d-4177-a3ce-ff3f7795e702@group-069BEA507B86:LeaderElection26] INFO  impl.LeaderElection (LeaderElection.java:askForVotes(182)) - 813e8ff3-5a9d-4177-a3ce-ff3f7795e702@group-069BEA507B86:LeaderElection26: begin an election at term 2 for -1: [d87f90a9-3605-42ff-a73f-b54839b7ec6f:192.168.30.19:44039, 813e8ff3-5a9d-4177-a3ce-ff3f7795e702:192.168.30.19:38815, 16f9aea5-9974-4547-813d-50b5e9cbac2d:192.168.30.19:34925], old=null
2019-09-29 11:18:07,687 [16f9aea5-9974-4547-813d-50b5e9cbac2d@group-069BEA507B86:LeaderElection25] INFO  impl.LeaderElection (LeaderElection.java:logAndReturn(56)) - 16f9aea5-9974-4547-813d-50b5e9cbac2d@group-069BEA507B86:LeaderElection25: Election PASSED; received 1 response(s) [16f9aea5-9974-4547-813d-50b5e9cbac2d<-d87f90a9-3605-42ff-a73f-b54839b7ec6f#0:OK-t2] and 0 exception(s); 16f9aea5-9974-4547-813d-50b5e9cbac2d@group-069BEA507B86:t2, leader=null, voted=16f9aea5-9974-4547-813d-50b5e9cbac2d, raftlog=16f9aea5-9974-4547-813d-50b5e9cbac2d@group-069BEA507B86-SegmentedRaftLog:OPENED:c-1,f-1,i0, conf=-1: [d87f90a9-3605-42ff-a73f-b54839b7ec6f:192.168.30.19:44039, 813e8ff3-5a9d-4177-a3ce-ff3f7795e702:192.168.30.19:38815, 16f9aea5-9974-4547-813d-50b5e9cbac2d:192.168.30.19:34925], old=null
2019-09-29 11:18:07,687 [16f9aea5-9974-4547-813d-50b5e9cbac2d@group-069BEA507B86:LeaderElection25] INFO  impl.RoleInfo (RoleInfo.java:shutdownLeaderElection(134)) - 16f9aea5-9974-4547-813d-50b5e9cbac2d: shutdown LeaderElection
2019-09-29 11:18:07,687 [16f9aea5-9974-4547-813d-50b5e9cbac2d@group-069BEA507B86:LeaderElection25] INFO  impl.RaftServerImpl (RaftServerImpl.java:setRole(174)) - 16f9aea5-9974-4547-813d-50b5e9cbac2d@group-069BEA507B86: changes role from CANDIDATE to LEADER at term 2 for changeToLeader
2019-09-29 11:18:07,687 [16f9aea5-9974-4547-813d-50b5e9cbac2d@group-069BEA507B86:LeaderElection25] INFO  impl.RaftServerImpl (ServerState.java:setLeader(253)) - 16f9aea5-9974-4547-813d-50b5e9cbac2d@group-069BEA507B86: change Leader from null to 16f9aea5-9974-4547-813d-50b5e9cbac2d at term 2 for becomeLeader, leader elected after 10339ms
2019-09-29 11:18:07,687 [16f9aea5-9974-4547-813d-50b5e9cbac2d@group-069BEA507B86:LeaderElection25] INFO  server.RaftServerConfigKeys (ConfUtils.java:logGet(43)) - raft.server.staging.catchup.gap = 1000 (default)
2019-09-29 11:18:07,688 [16f9aea5-9974-4547-813d-50b5e9cbac2d@group-069BEA507B86:LeaderElection25] INFO  server.RaftServerConfigKeys (ConfUtils.java:logGet(43)) - raft.server.rpc.sleep.time = 25ms (default)
2019-09-29 11:18:07,688 [16f9aea5-9974-4547-813d-50b5e9cbac2d@group-069BEA507B86:LeaderElection25] INFO  server.RaftServerConfigKeys (ConfUtils.java:logGet(43)) - raft.server.write.element-limit = 4096 (default)
2019-09-29 11:18:07,688 [16f9aea5-9974-4547-813d-50b5e9cbac2d@group-069BEA507B86:LeaderElection25] INFO  server.RaftServerConfigKeys (ConfUtils.java:logGet(43)) - raft.server.watch.timeout = 10s (default)
2019-09-29 11:18:07,688 [16f9aea5-9974-4547-813d-50b5e9cbac2d@group-069BEA507B86:LeaderElection25] INFO  server.RaftServerConfigKeys (ConfUtils.java:logGet(43)) - raft.server.watch.timeout.denomination = 1s (default)
2019-09-29 11:18:07,688 [16f9aea5-9974-4547-813d-50b5e9cbac2d@group-069BEA507B86:LeaderElection25] INFO  server.RaftServerConfigKeys (ConfUtils.java:logGet(43)) - raft.server.watch.element-limit = 65536 (default)
2019-09-29 11:18:07,692 [16f9aea5-9974-4547-813d-50b5e9cbac2d@group-069BEA507B86:LeaderElection25] INFO  server.RaftServerConfigKeys (ConfUtils.java:logGet(43)) - raft.server.log.appender.snapshot.chunk.size.max = 16MB (=16777216) (default)
2019-09-29 11:18:07,692 [16f9aea5-9974-4547-813d-50b5e9cbac2d@group-069BEA507B86:LeaderElection25] INFO  server.RaftServerConfigKeys (ConfUtils.java:logGet(43)) - raft.server.log.appender.buffer.byte-limit = 33554432 (custom)
2019-09-29 11:18:07,692 [16f9aea5-9974-4547-813d-50b5e9cbac2d@group-069BEA507B86:LeaderElection25] INFO  server.RaftServerConfigKeys (ConfUtils.java:logGet(43)) - raft.server.log.appender.buffer.element-limit = 1 (custom)
2019-09-29 11:18:07,693 [16f9aea5-9974-4547-813d-50b5e9cbac2d@group-069BEA507B86:LeaderElection25] INFO  grpc.GrpcConfigKeys$Server (ConfUtils.java:logGet(43)) - raft.grpc.server.leader.outstanding.appends.max = 128 (default)
2019-09-29 11:18:07,693 [16f9aea5-9974-4547-813d-50b5e9cbac2d@group-069BEA507B86:LeaderElection25] INFO  server.RaftServerConfigKeys (ConfUtils.java:logGet(43)) - raft.server.rpc.request.timeout = 3000ms (default)
2019-09-29 11:18:07,694 [16f9aea5-9974-4547-813d-50b5e9cbac2d@group-069BEA507B86:LeaderElection25] INFO  server.RaftServerConfigKeys (ConfUtils.java:logGet(43)) - raft.server.log.appender.install.snapshot.enabled = false (custom)
2019-09-29 11:18:07,694 [16f9aea5-9974-4547-813d-50b5e9cbac2d@group-069BEA507B86:LeaderElection25] INFO  server.RaftServerConfigKeys (ConfUtils.java:logGet(43)) - raft.server.log.appender.snapshot.chunk.size.max = 16MB (=16777216) (default)
2019-09-29 11:18:07,694 [16f9aea5-9974-4547-813d-50b5e9cbac2d@group-069BEA507B86:LeaderElection25] INFO  server.RaftServerConfigKeys (ConfUtils.java:logGet(43)) - raft.server.log.appender.buffer.byte-limit = 33554432 (custom)
2019-09-29 11:18:07,694 [16f9aea5-9974-4547-813d-50b5e9cbac2d@group-069BEA507B86:LeaderElection25] INFO  server.RaftServerConfigKeys (ConfUtils.java:logGet(43)) - raft.server.log.appender.buffer.element-limit = 1 (custom)
2019-09-29 11:18:07,695 [16f9aea5-9974-4547-813d-50b5e9cbac2d@group-069BEA507B86:LeaderElection25] INFO  grpc.GrpcConfigKeys$Server (ConfUtils.java:logGet(43)) - raft.grpc.server.leader.outstanding.appends.max = 128 (default)
2019-09-29 11:18:07,695 [16f9aea5-9974-4547-813d-50b5e9cbac2d@group-069BEA507B86:LeaderElection25] INFO  server.RaftServerConfigKeys (ConfUtils.java:logGet(43)) - raft.server.rpc.request.timeout = 3000ms (default)
2019-09-29 11:18:07,695 [16f9aea5-9974-4547-813d-50b5e9cbac2d@group-069BEA507B86:LeaderElection25] INFO  server.RaftServerConfigKeys (ConfUtils.java:logGet(43)) - raft.server.log.appender.install.snapshot.enabled = false (custom)
2019-09-29 11:18:07,696 [16f9aea5-9974-4547-813d-50b5e9cbac2d@group-069BEA507B86:LeaderElection25] INFO  impl.RoleInfo (RoleInfo.java:updateAndGet(143)) - 16f9aea5-9974-4547-813d-50b5e9cbac2d: start LeaderState
2019-09-29 11:18:07,696 [16f9aea5-9974-4547-813d-50b5e9cbac2d@group-069BEA507B86:LeaderElection25] INFO  segmented.SegmentedRaftLogWorker (SegmentedRaftLogWorker.java:startLogSegment(380)) - 16f9aea5-9974-4547-813d-50b5e9cbac2d@group-069BEA507B86-SegmentedRaftLogWorker: Starting segment from index:0
2019-09-29 11:18:07,697 [16f9aea5-9974-4547-813d-50b5e9cbac2d@group-069BEA507B86:LeaderElection25] INFO  impl.RaftServerImpl (ServerState.java:setRaftConf(354)) - 16f9aea5-9974-4547-813d-50b5e9cbac2d@group-069BEA507B86: set configuration 0: [d87f90a9-3605-42ff-a73f-b54839b7ec6f:192.168.30.19:44039, 813e8ff3-5a9d-4177-a3ce-ff3f7795e702:192.168.30.19:38815, 16f9aea5-9974-4547-813d-50b5e9cbac2d:192.168.30.19:34925], old=null at 0
2019-09-29 11:18:07,697 [grpc-default-executor-2] INFO  impl.RaftServerImpl (RaftServerImpl.java:requestVote(758)) - 16f9aea5-9974-4547-813d-50b5e9cbac2d@group-069BEA507B86-   LEADER: Withhold vote from candidate 813e8ff3-5a9d-4177-a3ce-ff3f7795e702 with term 2. State: leader=16f9aea5-9974-4547-813d-50b5e9cbac2d, term=2, lastRpcElapsed=null
2019-09-29 11:18:07,735 [813e8ff3-5a9d-4177-a3ce-ff3f7795e702@group-069BEA507B86:LeaderElection26] INFO  impl.LeaderElection (LeaderElection.java:logAndReturn(56)) - 813e8ff3-5a9d-4177-a3ce-ff3f7795e702@group-069BEA507B86:LeaderElection26: Election REJECTED; received 2 response(s) [813e8ff3-5a9d-4177-a3ce-ff3f7795e702<-d87f90a9-3605-42ff-a73f-b54839b7ec6f#0:FAIL-t2, 813e8ff3-5a9d-4177-a3ce-ff3f7795e702<-16f9aea5-9974-4547-813d-50b5e9cbac2d#0:FAIL-t2] and 0 exception(s); 813e8ff3-5a9d-4177-a3ce-ff3f7795e702@group-069BEA507B86:t2, leader=null, voted=813e8ff3-5a9d-4177-a3ce-ff3f7795e702, raftlog=813e8ff3-5a9d-4177-a3ce-ff3f7795e702@group-069BEA507B86-SegmentedRaftLog:OPENED:c-1,f-1,i0, conf=-1: [d87f90a9-3605-42ff-a73f-b54839b7ec6f:192.168.30.19:44039, 813e8ff3-5a9d-4177-a3ce-ff3f7795e702:192.168.30.19:38815, 16f9aea5-9974-4547-813d-50b5e9cbac2d:192.168.30.19:34925], old=null
2019-09-29 11:18:07,735 [813e8ff3-5a9d-4177-a3ce-ff3f7795e702@group-069BEA507B86:LeaderElection26] INFO  impl.RaftServerImpl (RaftServerImpl.java:setRole(174)) - 813e8ff3-5a9d-4177-a3ce-ff3f7795e702@group-069BEA507B86: changes role from CANDIDATE to FOLLOWER at term 2 for DISCOVERED_A_NEW_TERM
2019-09-29 11:18:07,735 [grpc-default-executor-4] INFO  impl.RaftServerImpl (ServerState.java:setLeader(253)) - d87f90a9-3605-42ff-a73f-b54839b7ec6f@group-069BEA507B86: change Leader from null to 16f9aea5-9974-4547-813d-50b5e9cbac2d at term 2 for appendEntries, leader elected after 10387ms
2019-09-29 11:18:07,735 [813e8ff3-5a9d-4177-a3ce-ff3f7795e702@group-069BEA507B86:LeaderElection26] INFO  impl.RoleInfo (RoleInfo.java:shutdownLeaderElection(134)) - 813e8ff3-5a9d-4177-a3ce-ff3f7795e702: shutdown LeaderElection
2019-09-29 11:18:07,738 [813e8ff3-5a9d-4177-a3ce-ff3f7795e702@group-069BEA507B86:LeaderElection26] INFO  impl.RoleInfo (RoleInfo.java:updateAndGet(143)) - 813e8ff3-5a9d-4177-a3ce-ff3f7795e702: start FollowerState
2019-09-29 11:18:07,739 [grpc-default-executor-2] INFO  impl.RaftServerImpl (ServerState.java:setLeader(253)) - 813e8ff3-5a9d-4177-a3ce-ff3f7795e702@group-069BEA507B86: change Leader from null to 16f9aea5-9974-4547-813d-50b5e9cbac2d at term 2 for appendEntries, leader elected after 10390ms
2019-09-29 11:18:07,741 [grpc-default-executor-2] INFO  impl.RaftServerImpl (ServerState.java:setRaftConf(354)) - d87f90a9-3605-42ff-a73f-b54839b7ec6f@group-069BEA507B86: set configuration 0: [d87f90a9-3605-42ff-a73f-b54839b7ec6f:192.168.30.19:44039, 813e8ff3-5a9d-4177-a3ce-ff3f7795e702:192.168.30.19:38815, 16f9aea5-9974-4547-813d-50b5e9cbac2d:192.168.30.19:34925], old=null at 0
2019-09-29 11:18:07,741 [grpc-default-executor-2] INFO  segmented.SegmentedRaftLogWorker (SegmentedRaftLogWorker.java:startLogSegment(380)) - d87f90a9-3605-42ff-a73f-b54839b7ec6f@group-069BEA507B86-SegmentedRaftLogWorker: Starting segment from index:0
2019-09-29 11:18:07,742 [grpc-default-executor-4] INFO  impl.RaftServerImpl (ServerState.java:setRaftConf(354)) - 813e8ff3-5a9d-4177-a3ce-ff3f7795e702@group-069BEA507B86: set configuration 0: [d87f90a9-3605-42ff-a73f-b54839b7ec6f:192.168.30.19:44039, 813e8ff3-5a9d-4177-a3ce-ff3f7795e702:192.168.30.19:38815, 16f9aea5-9974-4547-813d-50b5e9cbac2d:192.168.30.19:34925], old=null at 0
2019-09-29 11:18:07,742 [grpc-default-executor-4] INFO  segmented.SegmentedRaftLogWorker (SegmentedRaftLogWorker.java:startLogSegment(380)) - 813e8ff3-5a9d-4177-a3ce-ff3f7795e702@group-069BEA507B86-SegmentedRaftLogWorker: Starting segment from index:0
2019-09-29 11:18:07,756 [16f9aea5-9974-4547-813d-50b5e9cbac2d@group-069BEA507B86-SegmentedRaftLogWorker] INFO  segmented.SegmentedRaftLogWorker (SegmentedRaftLogWorker.java:execute(569)) - 16f9aea5-9974-4547-813d-50b5e9cbac2d@group-069BEA507B86-SegmentedRaftLogWorker: created new log segment /workdir/hadoop-ozone/integration-test/target/test-dir/MiniOzoneClusterImpl-9adecfa3-4693-4b3b-b175-846bdd8f8c06/datanode-5/data/ratis/eba7c9f2-3785-45d8-898a-069bea507b86/current/log_inprogress_0
2019-09-29 11:18:07,798 [d87f90a9-3605-42ff-a73f-b54839b7ec6f@group-069BEA507B86-SegmentedRaftLogWorker] INFO  segmented.SegmentedRaftLogWorker (SegmentedRaftLogWorker.java:execute(569)) - d87f90a9-3605-42ff-a73f-b54839b7ec6f@group-069BEA507B86-SegmentedRaftLogWorker: created new log segment /workdir/hadoop-ozone/integration-test/target/test-dir/MiniOzoneClusterImpl-9adecfa3-4693-4b3b-b175-846bdd8f8c06/datanode-1/data/ratis/eba7c9f2-3785-45d8-898a-069bea507b86/current/log_inprogress_0
2019-09-29 11:18:07,798 [813e8ff3-5a9d-4177-a3ce-ff3f7795e702@group-069BEA507B86-SegmentedRaftLogWorker] INFO  segmented.SegmentedRaftLogWorker (SegmentedRaftLogWorker.java:execute(569)) - 813e8ff3-5a9d-4177-a3ce-ff3f7795e702@group-069BEA507B86-SegmentedRaftLogWorker: created new log segment /workdir/hadoop-ozone/integration-test/target/test-dir/MiniOzoneClusterImpl-9adecfa3-4693-4b3b-b175-846bdd8f8c06/datanode-2/data/ratis/eba7c9f2-3785-45d8-898a-069bea507b86/current/log_inprogress_0
2019-09-29 11:18:08,060 [EventQueue-StaleNodeForStaleNodeHandler] INFO  node.StaleNodeHandler (StaleNodeHandler.java:onMessage(58)) - Datanode 16f9aea5-9974-4547-813d-50b5e9cbac2d{ip: 192.168.30.19, host: pr-hdds-1569-lsfh5-224679870, networkLocation: /default-rack, certSerialId: null} moved to stale state. Finalizing its pipelines [PipelineID=28f27a46-2d5c-4860-a9ab-9c21ae147306, PipelineID=52951f0b-3bb2-4c3e-b5f0-3b8c7b1ef025, PipelineID=ee592897-d3bf-4c96-a993-457a954bf1ff, PipelineID=a2bb7f56-cb11-4351-bb85-641d9114c14a, PipelineID=374d0a6a-022b-4a73-8d4f-be528aa980c6, PipelineID=fa1601ec-24ed-4bd9-86d8-ecc108ae71e7, PipelineID=f74bfd06-a018-4261-af4e-04c128afaa8a, PipelineID=eba7c9f2-3785-45d8-898a-069bea507b86]
2019-09-29 11:18:08,061 [EventQueue-StaleNodeForStaleNodeHandler] INFO  pipeline.SCMPipelineManager (SCMPipelineManager.java:finalizeAndDestroyPipeline(341)) - destroying pipeline:Pipeline[ Id: 28f27a46-2d5c-4860-a9ab-9c21ae147306, Nodes: 813e8ff3-5a9d-4177-a3ce-ff3f7795e702{ip: 192.168.30.19, host: pr-hdds-1569-lsfh5-224679870, networkLocation: /default-rack, certSerialId: null}d87f90a9-3605-42ff-a73f-b54839b7ec6f{ip: 192.168.30.19, host: pr-hdds-1569-lsfh5-224679870, networkLocation: /default-rack, certSerialId: null}16f9aea5-9974-4547-813d-50b5e9cbac2d{ip: 192.168.30.19, host: pr-hdds-1569-lsfh5-224679870, networkLocation: /default-rack, certSerialId: null}, Type:RATIS, Factor:THREE, State:OPEN]
2019-09-29 11:18:08,062 [EventQueue-StaleNodeForStaleNodeHandler] INFO  pipeline.PipelineStateManager (PipelineStateManager.java:finalizePipeline(123)) - Pipeline Pipeline[ Id: 28f27a46-2d5c-4860-a9ab-9c21ae147306, Nodes: 813e8ff3-5a9d-4177-a3ce-ff3f7795e702{ip: 192.168.30.19, host: pr-hdds-1569-lsfh5-224679870, networkLocation: /default-rack, certSerialId: null}d87f90a9-3605-42ff-a73f-b54839b7ec6f{ip: 192.168.30.19, host: pr-hdds-1569-lsfh5-224679870, networkLocation: /default-rack, certSerialId: null}16f9aea5-9974-4547-813d-50b5e9cbac2d{ip: 192.168.30.19, host: pr-hdds-1569-lsfh5-224679870, networkLocation: /default-rack, certSerialId: null}, Type:RATIS, Factor:THREE, State:CLOSED] moved to CLOSED state
2019-09-29 11:18:08,064 [EventQueue-StaleNodeForStaleNodeHandler] INFO  pipeline.SCMPipelineManager (SCMPipelineManager.java:finalizeAndDestroyPipeline(341)) - destroying pipeline:Pipeline[ Id: 52951f0b-3bb2-4c3e-b5f0-3b8c7b1ef025, Nodes: d87f90a9-3605-42ff-a73f-b54839b7ec6f{ip: 192.168.30.19, host: pr-hdds-1569-lsfh5-224679870, networkLocation: /default-rack, certSerialId: null}16f9aea5-9974-4547-813d-50b5e9cbac2d{ip: 192.168.30.19, host: pr-hdds-1569-lsfh5-224679870, networkLocation: /default-rack, certSerialId: null}813e8ff3-5a9d-4177-a3ce-ff3f7795e702{ip: 192.168.30.19, host: pr-hdds-1569-lsfh5-224679870, networkLocation: /default-rack, certSerialId: null}, Type:RATIS, Factor:THREE, State:OPEN]
2019-09-29 11:18:08,064 [EventQueue-StaleNodeForStaleNodeHandler] INFO  pipeline.PipelineStateManager (PipelineStateManager.java:finalizePipeline(123)) - Pipeline Pipeline[ Id: 52951f0b-3bb2-4c3e-b5f0-3b8c7b1ef025, Nodes: d87f90a9-3605-42ff-a73f-b54839b7ec6f{ip: 192.168.30.19, host: pr-hdds-1569-lsfh5-224679870, networkLocation: /default-rack, certSerialId: null}16f9aea5-9974-4547-813d-50b5e9cbac2d{ip: 192.168.30.19, host: pr-hdds-1569-lsfh5-224679870, networkLocation: /default-rack, certSerialId: null}813e8ff3-5a9d-4177-a3ce-ff3f7795e702{ip: 192.168.30.19, host: pr-hdds-1569-lsfh5-224679870, networkLocation: /default-rack, certSerialId: null}, Type:RATIS, Factor:THREE, State:CLOSED] moved to CLOSED state
2019-09-29 11:18:08,064 [EventQueue-StaleNodeForStaleNodeHandler] INFO  pipeline.SCMPipelineManager (SCMPipelineManager.java:finalizeAndDestroyPipeline(341)) - destroying pipeline:Pipeline[ Id: ee592897-d3bf-4c96-a993-457a954bf1ff, Nodes: 16f9aea5-9974-4547-813d-50b5e9cbac2d{ip: 192.168.30.19, host: pr-hdds-1569-lsfh5-224679870, networkLocation: /default-rack, certSerialId: null}813e8ff3-5a9d-4177-a3ce-ff3f7795e702{ip: 192.168.30.19, host: pr-hdds-1569-lsfh5-224679870, networkLocation: /default-rack, certSerialId: null}d87f90a9-3605-42ff-a73f-b54839b7ec6f{ip: 192.168.30.19, host: pr-hdds-1569-lsfh5-224679870, networkLocation: /default-rack, certSerialId: null}, Type:RATIS, Factor:THREE, State:OPEN]
2019-09-29 11:18:08,064 [EventQueue-StaleNodeForStaleNodeHandler] INFO  pipeline.PipelineStateManager (PipelineStateManager.java:finalizePipeline(123)) - Pipeline Pipeline[ Id: ee592897-d3bf-4c96-a993-457a954bf1ff, Nodes: 16f9aea5-9974-4547-813d-50b5e9cbac2d{ip: 192.168.30.19, host: pr-hdds-1569-lsfh5-224679870, networkLocation: /default-rack, certSerialId: null}813e8ff3-5a9d-4177-a3ce-ff3f7795e702{ip: 192.168.30.19, host: pr-hdds-1569-lsfh5-224679870, networkLocation: /default-rack, certSerialId: null}d87f90a9-3605-42ff-a73f-b54839b7ec6f{ip: 192.168.30.19, host: pr-hdds-1569-lsfh5-224679870, networkLocation: /default-rack, certSerialId: null}, Type:RATIS, Factor:THREE, State:CLOSED] moved to CLOSED state
2019-09-29 11:18:08,073 [EventQueue-StaleNodeForStaleNodeHandler] INFO  pipeline.SCMPipelineManager (SCMPipelineManager.java:finalizeAndDestroyPipeline(341)) - destroying pipeline:Pipeline[ Id: a2bb7f56-cb11-4351-bb85-641d9114c14a, Nodes: 16f9aea5-9974-4547-813d-50b5e9cbac2d{ip: 192.168.30.19, host: pr-hdds-1569-lsfh5-224679870, networkLocation: /default-rack, certSerialId: null}, Type:RATIS, Factor:ONE, State:OPEN]
2019-09-29 11:18:08,073 [EventQueue-CloseContainerForCloseContainerEventHandler] INFO  container.CloseContainerEventHandler (CloseContainerEventHandler.java:onMessage(61)) - Close container Event triggered for container : #1
2019-09-29 11:18:08,076 [EventQueue-StaleNodeForStaleNodeHandler] INFO  pipeline.PipelineStateManager (PipelineStateManager.java:finalizePipeline(123)) - Pipeline Pipeline[ Id: a2bb7f56-cb11-4351-bb85-641d9114c14a, Nodes: 16f9aea5-9974-4547-813d-50b5e9cbac2d{ip: 192.168.30.19, host: pr-hdds-1569-lsfh5-224679870, networkLocation: /default-rack, certSerialId: null}, Type:RATIS, Factor:ONE, State:CLOSED] moved to CLOSED state
2019-09-29 11:18:08,077 [EventQueue-StaleNodeForStaleNodeHandler] INFO  pipeline.SCMPipelineManager (SCMPipelineManager.java:finalizeAndDestroyPipeline(341)) - destroying pipeline:Pipeline[ Id: 374d0a6a-022b-4a73-8d4f-be528aa980c6, Nodes: 16f9aea5-9974-4547-813d-50b5e9cbac2d{ip: 192.168.30.19, host: pr-hdds-1569-lsfh5-224679870, networkLocation: /default-rack, certSerialId: null}813e8ff3-5a9d-4177-a3ce-ff3f7795e702{ip: 192.168.30.19, host: pr-hdds-1569-lsfh5-224679870, networkLocation: /default-rack, certSerialId: null}d87f90a9-3605-42ff-a73f-b54839b7ec6f{ip: 192.168.30.19, host: pr-hdds-1569-lsfh5-224679870, networkLocation: /default-rack, certSerialId: null}, Type:RATIS, Factor:THREE, State:OPEN]
2019-09-29 11:18:08,077 [EventQueue-StaleNodeForStaleNodeHandler] INFO  pipeline.PipelineStateManager (PipelineStateManager.java:finalizePipeline(123)) - Pipeline Pipeline[ Id: 374d0a6a-022b-4a73-8d4f-be528aa980c6, Nodes: 16f9aea5-9974-4547-813d-50b5e9cbac2d{ip: 192.168.30.19, host: pr-hdds-1569-lsfh5-224679870, networkLocation: /default-rack, certSerialId: null}813e8ff3-5a9d-4177-a3ce-ff3f7795e702{ip: 192.168.30.19, host: pr-hdds-1569-lsfh5-224679870, networkLocation: /default-rack, certSerialId: null}d87f90a9-3605-42ff-a73f-b54839b7ec6f{ip: 192.168.30.19, host: pr-hdds-1569-lsfh5-224679870, networkLocation: /default-rack, certSerialId: null}, Type:RATIS, Factor:THREE, State:CLOSED] moved to CLOSED state
2019-09-29 11:18:08,077 [EventQueue-StaleNodeForStaleNodeHandler] INFO  pipeline.SCMPipelineManager (SCMPipelineManager.java:finalizeAndDestroyPipeline(341)) - destroying pipeline:Pipeline[ Id: fa1601ec-24ed-4bd9-86d8-ecc108ae71e7, Nodes: 16f9aea5-9974-4547-813d-50b5e9cbac2d{ip: 192.168.30.19, host: pr-hdds-1569-lsfh5-224679870, networkLocation: /default-rack, certSerialId: null}813e8ff3-5a9d-4177-a3ce-ff3f7795e702{ip: 192.168.30.19, host: pr-hdds-1569-lsfh5-224679870, networkLocation: /default-rack, certSerialId: null}d87f90a9-3605-42ff-a73f-b54839b7ec6f{ip: 192.168.30.19, host: pr-hdds-1569-lsfh5-224679870, networkLocation: /default-rack, certSerialId: null}, Type:RATIS, Factor:THREE, State:OPEN]
2019-09-29 11:18:08,077 [EventQueue-StaleNodeForStaleNodeHandler] INFO  pipeline.PipelineStateManager (PipelineStateManager.java:finalizePipeline(123)) - Pipeline Pipeline[ Id: fa1601ec-24ed-4bd9-86d8-ecc108ae71e7, Nodes: 16f9aea5-9974-4547-813d-50b5e9cbac2d{ip: 192.168.30.19, host: pr-hdds-1569-lsfh5-224679870, networkLocation: /default-rack, certSerialId: null}813e8ff3-5a9d-4177-a3ce-ff3f7795e702{ip: 192.168.30.19, host: pr-hdds-1569-lsfh5-224679870, networkLocation: /default-rack, certSerialId: null}d87f90a9-3605-42ff-a73f-b54839b7ec6f{ip: 192.168.30.19, host: pr-hdds-1569-lsfh5-224679870, networkLocation: /default-rack, certSerialId: null}, Type:RATIS, Factor:THREE, State:CLOSED] moved to CLOSED state
2019-09-29 11:18:08,078 [EventQueue-StaleNodeForStaleNodeHandler] INFO  pipeline.SCMPipelineManager (SCMPipelineManager.java:finalizeAndDestroyPipeline(341)) - destroying pipeline:Pipeline[ Id: f74bfd06-a018-4261-af4e-04c128afaa8a, Nodes: d87f90a9-3605-42ff-a73f-b54839b7ec6f{ip: 192.168.30.19, host: pr-hdds-1569-lsfh5-224679870, networkLocation: /default-rack, certSerialId: null}16f9aea5-9974-4547-813d-50b5e9cbac2d{ip: 192.168.30.19, host: pr-hdds-1569-lsfh5-224679870, networkLocation: /default-rack, certSerialId: null}813e8ff3-5a9d-4177-a3ce-ff3f7795e702{ip: 192.168.30.19, host: pr-hdds-1569-lsfh5-224679870, networkLocation: /default-rack, certSerialId: null}, Type:RATIS, Factor:THREE, State:OPEN]
2019-09-29 11:18:08,078 [EventQueue-StaleNodeForStaleNodeHandler] INFO  pipeline.PipelineStateManager (PipelineStateManager.java:finalizePipeline(123)) - Pipeline Pipeline[ Id: f74bfd06-a018-4261-af4e-04c128afaa8a, Nodes: d87f90a9-3605-42ff-a73f-b54839b7ec6f{ip: 192.168.30.19, host: pr-hdds-1569-lsfh5-224679870, networkLocation: /default-rack, certSerialId: null}16f9aea5-9974-4547-813d-50b5e9cbac2d{ip: 192.168.30.19, host: pr-hdds-1569-lsfh5-224679870, networkLocation: /default-rack, certSerialId: null}813e8ff3-5a9d-4177-a3ce-ff3f7795e702{ip: 192.168.30.19, host: pr-hdds-1569-lsfh5-224679870, networkLocation: /default-rack, certSerialId: null}, Type:RATIS, Factor:THREE, State:CLOSED] moved to CLOSED state
2019-09-29 11:18:08,078 [EventQueue-StaleNodeForStaleNodeHandler] INFO  pipeline.SCMPipelineManager (SCMPipelineManager.java:finalizeAndDestroyPipeline(341)) - destroying pipeline:Pipeline[ Id: eba7c9f2-3785-45d8-898a-069bea507b86, Nodes: 813e8ff3-5a9d-4177-a3ce-ff3f7795e702{ip: 192.168.30.19, host: pr-hdds-1569-lsfh5-224679870, networkLocation: /default-rack, certSerialId: null}d87f90a9-3605-42ff-a73f-b54839b7ec6f{ip: 192.168.30.19, host: pr-hdds-1569-lsfh5-224679870, networkLocation: /default-rack, certSerialId: null}16f9aea5-9974-4547-813d-50b5e9cbac2d{ip: 192.168.30.19, host: pr-hdds-1569-lsfh5-224679870, networkLocation: /default-rack, certSerialId: null}, Type:RATIS, Factor:THREE, State:OPEN]
2019-09-29 11:18:08,078 [EventQueue-StaleNodeForStaleNodeHandler] INFO  pipeline.PipelineStateManager (PipelineStateManager.java:finalizePipeline(123)) - Pipeline Pipeline[ Id: eba7c9f2-3785-45d8-898a-069bea507b86, Nodes: 813e8ff3-5a9d-4177-a3ce-ff3f7795e702{ip: 192.168.30.19, host: pr-hdds-1569-lsfh5-224679870, networkLocation: /default-rack, certSerialId: null}d87f90a9-3605-42ff-a73f-b54839b7ec6f{ip: 192.168.30.19, host: pr-hdds-1569-lsfh5-224679870, networkLocation: /default-rack, certSerialId: null}16f9aea5-9974-4547-813d-50b5e9cbac2d{ip: 192.168.30.19, host: pr-hdds-1569-lsfh5-224679870, networkLocation: /default-rack, certSerialId: null}, Type:RATIS, Factor:THREE, State:CLOSED] moved to CLOSED state
2019-09-29 11:18:08,441 [main] INFO  ozoneimpl.OzoneContainer (OzoneContainer.java:stop(231)) - Attempting to stop container services.
2019-09-29 11:18:08,444 [main] INFO  impl.RaftServerProxy (RaftServerProxy.java:lambda$close$4(314)) - 16f9aea5-9974-4547-813d-50b5e9cbac2d: close
2019-09-29 11:18:08,445 [main] INFO  impl.RaftServerImpl (RaftServerImpl.java:lambda$shutdown$3(251)) - 16f9aea5-9974-4547-813d-50b5e9cbac2d@group-3B8C7B1EF025: shutdown
2019-09-29 11:18:08,446 [main] INFO  util.JmxRegister (JmxRegister.java:unregister(73)) - Successfully un-registered JMX Bean with object name Ratis:service=RaftServer,group=group-3B8C7B1EF025,id=16f9aea5-9974-4547-813d-50b5e9cbac2d
2019-09-29 11:18:08,446 [ForkJoinPool.commonPool-worker-1] INFO  impl.RaftServerImpl (RaftServerImpl.java:lambda$shutdown$3(251)) - 16f9aea5-9974-4547-813d-50b5e9cbac2d@group-457A954BF1FF: shutdown
2019-09-29 11:18:08,446 [main] INFO  impl.RoleInfo (RoleInfo.java:shutdownFollowerState(121)) - 16f9aea5-9974-4547-813d-50b5e9cbac2d: shutdown FollowerState
2019-09-29 11:18:08,448 [ForkJoinPool.commonPool-worker-1] INFO  util.JmxRegister (JmxRegister.java:unregister(73)) - Successfully un-registered JMX Bean with object name Ratis:service=RaftServer,group=group-457A954BF1FF,id=16f9aea5-9974-4547-813d-50b5e9cbac2d
2019-09-29 11:18:08,448 [Thread-520] INFO  impl.FollowerState (FollowerState.java:run(115)) - 16f9aea5-9974-4547-813d-50b5e9cbac2d: FollowerState was interrupted: java.lang.InterruptedException: sleep interrupted
2019-09-29 11:18:08,448 [main] INFO  impl.StateMachineUpdater (StateMachineUpdater.java:stopAndJoin(125)) - 16f9aea5-9974-4547-813d-50b5e9cbac2d@group-3B8C7B1EF025-StateMachineUpdater: set stopIndex = -1
2019-09-29 11:18:08,448 [ForkJoinPool.commonPool-worker-1] INFO  impl.RoleInfo (RoleInfo.java:shutdownFollowerState(121)) - 16f9aea5-9974-4547-813d-50b5e9cbac2d: shutdown FollowerState
2019-09-29 11:18:08,450 [main] INFO  impl.RaftServerImpl (ServerState.java:close(385)) - 16f9aea5-9974-4547-813d-50b5e9cbac2d@group-3B8C7B1EF025: closes. applyIndex: -1
2019-09-29 11:18:08,452 [Thread-383] INFO  impl.FollowerState (FollowerState.java:run(115)) - 16f9aea5-9974-4547-813d-50b5e9cbac2d: FollowerState was interrupted: java.lang.InterruptedException: sleep interrupted
2019-09-29 11:18:08,450 [ForkJoinPool.commonPool-worker-1] INFO  impl.StateMachineUpdater (StateMachineUpdater.java:stopAndJoin(125)) - 16f9aea5-9974-4547-813d-50b5e9cbac2d@group-457A954BF1FF-StateMachineUpdater: set stopIndex = 16
2019-09-29 11:18:08,452 [16f9aea5-9974-4547-813d-50b5e9cbac2d@group-457A954BF1FF-StateMachineUpdater] INFO  ratis.ContainerStateMachine (ContainerStateMachine.java:takeSnapshot(289)) - group-457A954BF1FF: Taking a snapshot at:(t:1, i:14) file /workdir/hadoop-ozone/integration-test/target/test-dir/MiniOzoneClusterImpl-9adecfa3-4693-4b3b-b175-846bdd8f8c06/datanode-5/data/ratis/ee592897-d3bf-4c96-a993-457a954bf1ff/sm/snapshot.1_14
2019-09-29 11:18:08,453 [16f9aea5-9974-4547-813d-50b5e9cbac2d@group-3B8C7B1EF025-SegmentedRaftLogWorker] INFO  segmented.SegmentedRaftLogWorker (SegmentedRaftLogWorker.java:run(313)) - 16f9aea5-9974-4547-813d-50b5e9cbac2d@group-3B8C7B1EF025-SegmentedRaftLogWorker was interrupted, exiting. There are 0 tasks remaining in the queue.
2019-09-29 11:18:08,456 [main] INFO  segmented.SegmentedRaftLogWorker (SegmentedRaftLogWorker.java:close(228)) - 16f9aea5-9974-4547-813d-50b5e9cbac2d@group-3B8C7B1EF025-SegmentedRaftLogWorker close()
2019-09-29 11:18:08,460 [main] INFO  impl.RaftServerImpl (RaftServerImpl.java:lambda$shutdown$3(251)) - 16f9aea5-9974-4547-813d-50b5e9cbac2d@group-9C21AE147306: shutdown
2019-09-29 11:18:08,460 [main] INFO  util.JmxRegister (JmxRegister.java:unregister(73)) - Successfully un-registered JMX Bean with object name Ratis:service=RaftServer,group=group-9C21AE147306,id=16f9aea5-9974-4547-813d-50b5e9cbac2d
2019-09-29 11:18:08,460 [main] INFO  impl.RoleInfo (RoleInfo.java:shutdownLeaderState(104)) - 16f9aea5-9974-4547-813d-50b5e9cbac2d: shutdown LeaderState
2019-09-29 11:18:08,464 [main] INFO  impl.PendingRequests (PendingRequests.java:sendNotLeaderResponses(202)) - 16f9aea5-9974-4547-813d-50b5e9cbac2d-PendingRequests: sendNotLeaderResponses
2019-09-29 11:18:08,464 [org.apache.ratis.server.impl.LogAppender$AppenderDaemon$$Lambda$506/1412001111@68f07d9f] WARN  server.GrpcLogAppender (GrpcLogAppender.java:mayWait(143)) - 16f9aea5-9974-4547-813d-50b5e9cbac2d@group-9C21AE147306->813e8ff3-5a9d-4177-a3ce-ff3f7795e702-GrpcLogAppender: Wait interrupted by java.lang.InterruptedException
2019-09-29 11:18:08,464 [org.apache.ratis.server.impl.LogAppender$AppenderDaemon$$Lambda$506/1412001111@7e2e01ea] WARN  server.GrpcLogAppender (GrpcLogAppender.java:mayWait(143)) - 16f9aea5-9974-4547-813d-50b5e9cbac2d@group-9C21AE147306->d87f90a9-3605-42ff-a73f-b54839b7ec6f-GrpcLogAppender: Wait interrupted by java.lang.InterruptedException
2019-09-29 11:18:08,466 [main] INFO  impl.StateMachineUpdater (StateMachineUpdater.java:stopAndJoin(125)) - 16f9aea5-9974-4547-813d-50b5e9cbac2d@group-9C21AE147306-StateMachineUpdater: set stopIndex = 0
2019-09-29 11:18:08,467 [main] INFO  impl.RaftServerImpl (ServerState.java:close(385)) - 16f9aea5-9974-4547-813d-50b5e9cbac2d@group-9C21AE147306: closes. applyIndex: 0
2019-09-29 11:18:08,467 [16f9aea5-9974-4547-813d-50b5e9cbac2d@group-9C21AE147306-SegmentedRaftLogWorker] INFO  segmented.SegmentedRaftLogWorker (SegmentedRaftLogWorker.java:run(313)) - 16f9aea5-9974-4547-813d-50b5e9cbac2d@group-9C21AE147306-SegmentedRaftLogWorker was interrupted, exiting. There are 0 tasks remaining in the queue.
2019-09-29 11:18:08,470 [main] INFO  segmented.SegmentedRaftLogWorker (SegmentedRaftLogWorker.java:close(228)) - 16f9aea5-9974-4547-813d-50b5e9cbac2d@group-9C21AE147306-SegmentedRaftLogWorker close()
2019-09-29 11:18:08,475 [main] INFO  impl.RaftServerImpl (RaftServerImpl.java:lambda$shutdown$3(251)) - 16f9aea5-9974-4547-813d-50b5e9cbac2d@group-BE528AA980C6: shutdown
2019-09-29 11:18:08,475 [main] INFO  util.JmxRegister (JmxRegister.java:unregister(73)) - Successfully un-registered JMX Bean with object name Ratis:service=RaftServer,group=group-BE528AA980C6,id=16f9aea5-9974-4547-813d-50b5e9cbac2d
2019-09-29 11:18:08,475 [main] INFO  impl.RoleInfo (RoleInfo.java:shutdownLeaderState(104)) - 16f9aea5-9974-4547-813d-50b5e9cbac2d: shutdown LeaderState
2019-09-29 11:18:08,475 [grpc-default-executor-4] INFO  server.GrpcServerProtocolService (GrpcServerProtocolService.java:onCompleted(113)) - 813e8ff3-5a9d-4177-a3ce-ff3f7795e702: Completed APPEND_ENTRIES, lastRequest: 16f9aea5-9974-4547-813d-50b5e9cbac2d->813e8ff3-5a9d-4177-a3ce-ff3f7795e702#2-t1, previous=(t:1, i:0), leaderCommit=0, initializing? false, entries: <empty>
2019-09-29 11:18:08,479 [org.apache.ratis.server.impl.LogAppender$AppenderDaemon$$Lambda$506/1412001111@dd6f7c0] WARN  server.GrpcLogAppender (GrpcLogAppender.java:mayWait(143)) - 16f9aea5-9974-4547-813d-50b5e9cbac2d@group-BE528AA980C6->813e8ff3-5a9d-4177-a3ce-ff3f7795e702-GrpcLogAppender: Wait interrupted by java.lang.InterruptedException
2019-09-29 11:18:08,479 [main] INFO  impl.PendingRequests (PendingRequests.java:sendNotLeaderResponses(202)) - 16f9aea5-9974-4547-813d-50b5e9cbac2d-PendingRequests: sendNotLeaderResponses
2019-09-29 11:18:08,475 [grpc-default-executor-2] INFO  server.GrpcServerProtocolService (GrpcServerProtocolService.java:onCompleted(113)) - d87f90a9-3605-42ff-a73f-b54839b7ec6f: Completed APPEND_ENTRIES, lastRequest: 16f9aea5-9974-4547-813d-50b5e9cbac2d->d87f90a9-3605-42ff-a73f-b54839b7ec6f#2-t1, previous=(t:1, i:0), leaderCommit=0, initializing? false, entries: <empty>
2019-09-29 11:18:08,480 [main] INFO  impl.StateMachineUpdater (StateMachineUpdater.java:stopAndJoin(125)) - 16f9aea5-9974-4547-813d-50b5e9cbac2d@group-BE528AA980C6-StateMachineUpdater: set stopIndex = 0
2019-09-29 11:18:08,479 [org.apache.ratis.server.impl.LogAppender$AppenderDaemon$$Lambda$506/1412001111@2facface] WARN  server.GrpcLogAppender (GrpcLogAppender.java:mayWait(143)) - 16f9aea5-9974-4547-813d-50b5e9cbac2d@group-BE528AA980C6->d87f90a9-3605-42ff-a73f-b54839b7ec6f-GrpcLogAppender: Wait interrupted by java.lang.InterruptedException
2019-09-29 11:18:08,480 [main] INFO  impl.RaftServerImpl (ServerState.java:close(385)) - 16f9aea5-9974-4547-813d-50b5e9cbac2d@group-BE528AA980C6: closes. applyIndex: 0
2019-09-29 11:18:08,480 [grpc-default-executor-4] INFO  server.GrpcLogAppender (GrpcLogAppender.java:onCompleted(293)) - 16f9aea5-9974-4547-813d-50b5e9cbac2d@group-9C21AE147306->d87f90a9-3605-42ff-a73f-b54839b7ec6f-AppendLogResponseHandler: follower responses appendEntries COMPLETED
2019-09-29 11:18:08,480 [grpc-default-executor-2] INFO  server.GrpcLogAppender (GrpcLogAppender.java:onCompleted(293)) - 16f9aea5-9974-4547-813d-50b5e9cbac2d@group-9C21AE147306->813e8ff3-5a9d-4177-a3ce-ff3f7795e702-AppendLogResponseHandler: follower responses appendEntries COMPLETED
2019-09-29 11:18:08,482 [grpc-default-executor-3] INFO  server.GrpcServerProtocolService (GrpcServerProtocolService.java:onCompleted(113)) - d87f90a9-3605-42ff-a73f-b54839b7ec6f: Completed APPEND_ENTRIES, lastRequest: 16f9aea5-9974-4547-813d-50b5e9cbac2d->d87f90a9-3605-42ff-a73f-b54839b7ec6f#3-t1, previous=(t:1, i:0), leaderCommit=0, initializing? false, entries: <empty>
2019-09-29 11:18:08,481 [grpc-default-executor-1] INFO  server.GrpcServerProtocolService (GrpcServerProtocolService.java:onCompleted(113)) - 813e8ff3-5a9d-4177-a3ce-ff3f7795e702: Completed APPEND_ENTRIES, lastRequest: 16f9aea5-9974-4547-813d-50b5e9cbac2d->813e8ff3-5a9d-4177-a3ce-ff3f7795e702#3-t1, previous=(t:1, i:0), leaderCommit=0, initializing? false, entries: <empty>
2019-09-29 11:18:08,481 [16f9aea5-9974-4547-813d-50b5e9cbac2d@group-BE528AA980C6-SegmentedRaftLogWorker] INFO  segmented.SegmentedRaftLogWorker (SegmentedRaftLogWorker.java:run(313)) - 16f9aea5-9974-4547-813d-50b5e9cbac2d@group-BE528AA980C6-SegmentedRaftLogWorker was interrupted, exiting. There are 0 tasks remaining in the queue.
2019-09-29 11:18:08,484 [grpc-default-executor-1] INFO  server.GrpcLogAppender (GrpcLogAppender.java:onError(282)) - 16f9aea5-9974-4547-813d-50b5e9cbac2d@group-BE528AA980C6->813e8ff3-5a9d-4177-a3ce-ff3f7795e702-GrpcLogAppender is stopped
2019-09-29 11:18:08,489 [grpc-default-executor-4] INFO  impl.FollowerInfo (FollowerInfo.java:lambda$new$0(51)) - 16f9aea5-9974-4547-813d-50b5e9cbac2d@group-9C21AE147306->d87f90a9-3605-42ff-a73f-b54839b7ec6f: nextIndex: updateUnconditionally 1 -> 0
2019-09-29 11:18:08,487 [main] INFO  segmented.SegmentedRaftLogWorker (SegmentedRaftLogWorker.java:close(228)) - 16f9aea5-9974-4547-813d-50b5e9cbac2d@group-BE528AA980C6-SegmentedRaftLogWorker close()
2019-09-29 11:18:08,485 [grpc-default-executor-5] INFO  server.GrpcLogAppender (GrpcLogAppender.java:onError(282)) - 16f9aea5-9974-4547-813d-50b5e9cbac2d@group-BE528AA980C6->d87f90a9-3605-42ff-a73f-b54839b7ec6f-GrpcLogAppender is stopped
2019-09-29 11:18:08,494 [main] INFO  impl.RaftServerImpl (RaftServerImpl.java:lambda$shutdown$3(251)) - 16f9aea5-9974-4547-813d-50b5e9cbac2d@group-ECC108AE71E7: shutdown
2019-09-29 11:18:08,491 [grpc-default-executor-0] WARN  server.GrpcLogAppender (LogUtils.java:warn(134)) - 16f9aea5-9974-4547-813d-50b5e9cbac2d@group-069BEA507B86->813e8ff3-5a9d-4177-a3ce-ff3f7795e702-AppendLogResponseHandler: Failed appendEntries: org.apache.ratis.thirdparty.io.grpc.StatusRuntimeException: UNAVAILABLE: Channel shutdownNow invoked
2019-09-29 11:18:08,491 [grpc-default-executor-3] WARN  server.GrpcLogAppender (LogUtils.java:warn(134)) - 16f9aea5-9974-4547-813d-50b5e9cbac2d@group-069BEA507B86->d87f90a9-3605-42ff-a73f-b54839b7ec6f-AppendLogResponseHandler: Failed appendEntries: org.apache.ratis.thirdparty.io.grpc.StatusRuntimeException: UNAVAILABLE: Channel shutdownNow invoked
2019-09-29 11:18:08,489 [grpc-default-executor-2] INFO  impl.FollowerInfo (FollowerInfo.java:lambda$new$0(51)) - 16f9aea5-9974-4547-813d-50b5e9cbac2d@group-9C21AE147306->813e8ff3-5a9d-4177-a3ce-ff3f7795e702: nextIndex: updateUnconditionally 1 -> 0
2019-09-29 11:18:08,495 [grpc-default-executor-3] INFO  impl.FollowerInfo (FollowerInfo.java:lambda$new$0(51)) - 16f9aea5-9974-4547-813d-50b5e9cbac2d@group-069BEA507B86->d87f90a9-3605-42ff-a73f-b54839b7ec6f: nextIndex: updateUnconditionally 1 -> 0
2019-09-29 11:18:08,494 [grpc-default-executor-0] INFO  impl.FollowerInfo (FollowerInfo.java:lambda$new$0(51)) - 16f9aea5-9974-4547-813d-50b5e9cbac2d@group-069BEA507B86->813e8ff3-5a9d-4177-a3ce-ff3f7795e702: nextIndex: updateUnconditionally 1 -> 0
2019-09-29 11:18:08,494 [main] INFO  util.JmxRegister (JmxRegister.java:unregister(73)) - Successfully un-registered JMX Bean with object name Ratis:service=RaftServer,group=group-ECC108AE71E7,id=16f9aea5-9974-4547-813d-50b5e9cbac2d
2019-09-29 11:18:08,496 [main] INFO  impl.RoleInfo (RoleInfo.java:shutdownFollowerState(121)) - 16f9aea5-9974-4547-813d-50b5e9cbac2d: shutdown FollowerState
2019-09-29 11:18:08,496 [main] INFO  impl.StateMachineUpdater (StateMachineUpdater.java:stopAndJoin(125)) - 16f9aea5-9974-4547-813d-50b5e9cbac2d@group-ECC108AE71E7-StateMachineUpdater: set stopIndex = 0
2019-09-29 11:18:08,496 [Thread-409] INFO  impl.FollowerState (FollowerState.java:run(115)) - 16f9aea5-9974-4547-813d-50b5e9cbac2d: FollowerState was interrupted: java.lang.InterruptedException: sleep interrupted
2019-09-29 11:18:08,496 [grpc-default-executor-6] WARN  server.GrpcServerProtocolService (LogUtils.java:warn(134)) - d87f90a9-3605-42ff-a73f-b54839b7ec6f: installSnapshot onError, lastRequest: 16f9aea5-9974-4547-813d-50b5e9cbac2d->d87f90a9-3605-42ff-a73f-b54839b7ec6f#1-t2, previous=(t:0, i:0), leaderCommit=-1, initializing? false, entries: size=1, first=(t:2, i:0), CONFIGURATIONENTRY: org.apache.ratis.thirdparty.io.grpc.StatusRuntimeException: CANCELLED: cancelled before receiving half close
2019-09-29 11:18:08,496 [grpc-default-executor-1] WARN  server.GrpcServerProtocolService (LogUtils.java:warn(134)) - 813e8ff3-5a9d-4177-a3ce-ff3f7795e702: installSnapshot onError, lastRequest: 16f9aea5-9974-4547-813d-50b5e9cbac2d->813e8ff3-5a9d-4177-a3ce-ff3f7795e702#1-t2, previous=(t:0, i:0), leaderCommit=-1, initializing? false, entries: size=1, first=(t:2, i:0), CONFIGURATIONENTRY: org.apache.ratis.thirdparty.io.grpc.StatusRuntimeException: CANCELLED: cancelled before receiving half close
2019-09-29 11:18:08,496 [main] INFO  impl.RaftServerImpl (ServerState.java:close(385)) - 16f9aea5-9974-4547-813d-50b5e9cbac2d@group-ECC108AE71E7: closes. applyIndex: 0
2019-09-29 11:18:08,497 [16f9aea5-9974-4547-813d-50b5e9cbac2d@group-ECC108AE71E7-SegmentedRaftLogWorker] INFO  segmented.SegmentedRaftLogWorker (SegmentedRaftLogWorker.java:run(313)) - 16f9aea5-9974-4547-813d-50b5e9cbac2d@group-ECC108AE71E7-SegmentedRaftLogWorker was interrupted, exiting. There are 0 tasks remaining in the queue.
2019-09-29 11:18:08,504 [main] INFO  segmented.SegmentedRaftLogWorker (SegmentedRaftLogWorker.java:close(228)) - 16f9aea5-9974-4547-813d-50b5e9cbac2d@group-ECC108AE71E7-SegmentedRaftLogWorker close()
2019-09-29 11:18:08,507 [main] INFO  impl.RaftServerImpl (RaftServerImpl.java:lambda$shutdown$3(251)) - 16f9aea5-9974-4547-813d-50b5e9cbac2d@group-04C128AFAA8A: shutdown
2019-09-29 11:18:08,507 [main] INFO  util.JmxRegister (JmxRegister.java:unregister(73)) - Successfully un-registered JMX Bean with object name Ratis:service=RaftServer,group=group-04C128AFAA8A,id=16f9aea5-9974-4547-813d-50b5e9cbac2d
2019-09-29 11:18:08,509 [main] INFO  impl.RoleInfo (RoleInfo.java:shutdownFollowerState(121)) - 16f9aea5-9974-4547-813d-50b5e9cbac2d: shutdown FollowerState
2019-09-29 11:18:08,509 [main] INFO  impl.StateMachineUpdater (StateMachineUpdater.java:stopAndJoin(125)) - 16f9aea5-9974-4547-813d-50b5e9cbac2d@group-04C128AFAA8A-StateMachineUpdater: set stopIndex = 0
2019-09-29 11:18:08,509 [Thread-434] INFO  impl.FollowerState (FollowerState.java:run(115)) - 16f9aea5-9974-4547-813d-50b5e9cbac2d: FollowerState was interrupted: java.lang.InterruptedException: sleep interrupted
2019-09-29 11:18:08,511 [main] INFO  impl.RaftServerImpl (ServerState.java:close(385)) - 16f9aea5-9974-4547-813d-50b5e9cbac2d@group-04C128AFAA8A: closes. applyIndex: 0
2019-09-29 11:18:08,511 [16f9aea5-9974-4547-813d-50b5e9cbac2d@group-04C128AFAA8A-SegmentedRaftLogWorker] INFO  segmented.SegmentedRaftLogWorker (SegmentedRaftLogWorker.java:run(313)) - 16f9aea5-9974-4547-813d-50b5e9cbac2d@group-04C128AFAA8A-SegmentedRaftLogWorker was interrupted, exiting. There are 0 tasks remaining in the queue.
2019-09-29 11:18:08,512 [main] INFO  segmented.SegmentedRaftLogWorker (SegmentedRaftLogWorker.java:close(228)) - 16f9aea5-9974-4547-813d-50b5e9cbac2d@group-04C128AFAA8A-SegmentedRaftLogWorker close()
2019-09-29 11:18:08,515 [main] INFO  impl.RaftServerImpl (RaftServerImpl.java:lambda$shutdown$3(251)) - 16f9aea5-9974-4547-813d-50b5e9cbac2d@group-069BEA507B86: shutdown
2019-09-29 11:18:08,515 [main] INFO  util.JmxRegister (JmxRegister.java:unregister(73)) - Successfully un-registered JMX Bean with object name Ratis:service=RaftServer,group=group-069BEA507B86,id=16f9aea5-9974-4547-813d-50b5e9cbac2d
2019-09-29 11:18:08,516 [main] INFO  impl.RoleInfo (RoleInfo.java:shutdownLeaderState(104)) - 16f9aea5-9974-4547-813d-50b5e9cbac2d: shutdown LeaderState
2019-09-29 11:18:08,520 [main] INFO  impl.PendingRequests (PendingRequests.java:sendNotLeaderResponses(202)) - 16f9aea5-9974-4547-813d-50b5e9cbac2d-PendingRequests: sendNotLeaderResponses
2019-09-29 11:18:08,520 [org.apache.ratis.server.impl.LogAppender$AppenderDaemon$$Lambda$506/1412001111@67aa0a54] WARN  server.GrpcLogAppender (GrpcLogAppender.java:mayWait(143)) - 16f9aea5-9974-4547-813d-50b5e9cbac2d@group-069BEA507B86->813e8ff3-5a9d-4177-a3ce-ff3f7795e702-GrpcLogAppender: Wait interrupted by java.lang.InterruptedException
2019-09-29 11:18:08,520 [main] INFO  impl.StateMachineUpdater (StateMachineUpdater.java:stopAndJoin(125)) - 16f9aea5-9974-4547-813d-50b5e9cbac2d@group-069BEA507B86-StateMachineUpdater: set stopIndex = 0
2019-09-29 11:18:08,520 [org.apache.ratis.server.impl.LogAppender$AppenderDaemon$$Lambda$506/1412001111@356feb47] WARN  server.GrpcLogAppender (GrpcLogAppender.java:mayWait(143)) - 16f9aea5-9974-4547-813d-50b5e9cbac2d@group-069BEA507B86->d87f90a9-3605-42ff-a73f-b54839b7ec6f-GrpcLogAppender: Wait interrupted by java.lang.InterruptedException
2019-09-29 11:18:08,521 [main] INFO  impl.RaftServerImpl (ServerState.java:close(385)) - 16f9aea5-9974-4547-813d-50b5e9cbac2d@group-069BEA507B86: closes. applyIndex: 0
2019-09-29 11:18:08,521 [16f9aea5-9974-4547-813d-50b5e9cbac2d@group-069BEA507B86-SegmentedRaftLogWorker] INFO  segmented.SegmentedRaftLogWorker (SegmentedRaftLogWorker.java:run(313)) - 16f9aea5-9974-4547-813d-50b5e9cbac2d@group-069BEA507B86-SegmentedRaftLogWorker was interrupted, exiting. There are 0 tasks remaining in the queue.
2019-09-29 11:18:08,523 [main] INFO  segmented.SegmentedRaftLogWorker (SegmentedRaftLogWorker.java:close(228)) - 16f9aea5-9974-4547-813d-50b5e9cbac2d@group-069BEA507B86-SegmentedRaftLogWorker close()
2019-09-29 11:18:08,561 [16f9aea5-9974-4547-813d-50b5e9cbac2d@group-457A954BF1FF-StateMachineUpdater] INFO  ratis.ContainerStateMachine (ContainerStateMachine.java:takeSnapshot(300)) - group-457A954BF1FF: Finished taking a snapshot at:(t:1, i:14) file:/workdir/hadoop-ozone/integration-test/target/test-dir/MiniOzoneClusterImpl-9adecfa3-4693-4b3b-b175-846bdd8f8c06/datanode-5/data/ratis/ee592897-d3bf-4c96-a993-457a954bf1ff/sm/snapshot.1_14 time:109
2019-09-29 11:18:08,563 [16f9aea5-9974-4547-813d-50b5e9cbac2d@group-457A954BF1FF-StateMachineUpdater] INFO  impl.StateMachineUpdater (StateMachineUpdater.java:takeSnapshot(258)) - 16f9aea5-9974-4547-813d-50b5e9cbac2d@group-457A954BF1FF-StateMachineUpdater: Took a snapshot at index 14
2019-09-29 11:18:08,563 [16f9aea5-9974-4547-813d-50b5e9cbac2d@group-457A954BF1FF-StateMachineUpdater] INFO  impl.StateMachineUpdater (StateMachineUpdater.java:lambda$new$0(83)) - 16f9aea5-9974-4547-813d-50b5e9cbac2d@group-457A954BF1FF-StateMachineUpdater: snapshotIndex: updateIncreasingly -1 -> 14
2019-09-29 11:18:08,568 [16f9aea5-9974-4547-813d-50b5e9cbac2d@group-457A954BF1FF-StateMachineUpdater] INFO  ratis.ContainerStateMachine (ContainerStateMachine.java:takeSnapshot(289)) - group-457A954BF1FF: Taking a snapshot at:(t:1, i:14) file /workdir/hadoop-ozone/integration-test/target/test-dir/MiniOzoneClusterImpl-9adecfa3-4693-4b3b-b175-846bdd8f8c06/datanode-5/data/ratis/ee592897-d3bf-4c96-a993-457a954bf1ff/sm/snapshot.1_14
2019-09-29 11:18:08,595 [16f9aea5-9974-4547-813d-50b5e9cbac2d@group-457A954BF1FF-StateMachineUpdater] INFO  ratis.ContainerStateMachine (ContainerStateMachine.java:takeSnapshot(300)) - group-457A954BF1FF: Finished taking a snapshot at:(t:1, i:14) file:/workdir/hadoop-ozone/integration-test/target/test-dir/MiniOzoneClusterImpl-9adecfa3-4693-4b3b-b175-846bdd8f8c06/datanode-5/data/ratis/ee592897-d3bf-4c96-a993-457a954bf1ff/sm/snapshot.1_14 time:27
2019-09-29 11:18:08,595 [16f9aea5-9974-4547-813d-50b5e9cbac2d@group-457A954BF1FF-StateMachineUpdater] INFO  impl.StateMachineUpdater (StateMachineUpdater.java:takeSnapshot(258)) - 16f9aea5-9974-4547-813d-50b5e9cbac2d@group-457A954BF1FF-StateMachineUpdater: Took a snapshot at index 14
2019-09-29 11:18:08,595 [16f9aea5-9974-4547-813d-50b5e9cbac2d@group-457A954BF1FF-StateMachineUpdater] INFO  impl.StateMachineUpdater (StateMachineUpdater.java:lambda$new$0(83)) - 16f9aea5-9974-4547-813d-50b5e9cbac2d@group-457A954BF1FF-StateMachineUpdater: snapshotIndex: updateIncreasingly 14 -> 14
2019-09-29 11:18:08,595 [ForkJoinPool.commonPool-worker-1] INFO  impl.RaftServerImpl (ServerState.java:close(385)) - 16f9aea5-9974-4547-813d-50b5e9cbac2d@group-457A954BF1FF: closes. applyIndex: 16
2019-09-29 11:18:08,596 [16f9aea5-9974-4547-813d-50b5e9cbac2d@group-457A954BF1FF-SegmentedRaftLogWorker] INFO  segmented.SegmentedRaftLogWorker (SegmentedRaftLogWorker.java:run(313)) - 16f9aea5-9974-4547-813d-50b5e9cbac2d@group-457A954BF1FF-SegmentedRaftLogWorker was interrupted, exiting. There are 0 tasks remaining in the queue.
2019-09-29 11:18:08,598 [ForkJoinPool.commonPool-worker-1] INFO  segmented.SegmentedRaftLogWorker (SegmentedRaftLogWorker.java:close(228)) - 16f9aea5-9974-4547-813d-50b5e9cbac2d@group-457A954BF1FF-SegmentedRaftLogWorker close()
2019-09-29 11:18:08,603 [ForkJoinPool.commonPool-worker-1] INFO  impl.RaftServerImpl (RaftServerImpl.java:lambda$shutdown$3(251)) - 16f9aea5-9974-4547-813d-50b5e9cbac2d@group-641D9114C14A: shutdown
2019-09-29 11:18:08,603 [ForkJoinPool.commonPool-worker-1] INFO  util.JmxRegister (JmxRegister.java:unregister(73)) - Successfully un-registered JMX Bean with object name Ratis:service=RaftServer,group=group-641D9114C14A,id=16f9aea5-9974-4547-813d-50b5e9cbac2d
2019-09-29 11:18:08,603 [ForkJoinPool.commonPool-worker-1] INFO  impl.RoleInfo (RoleInfo.java:shutdownLeaderState(104)) - 16f9aea5-9974-4547-813d-50b5e9cbac2d: shutdown LeaderState
2019-09-29 11:18:08,604 [ForkJoinPool.commonPool-worker-1] INFO  impl.PendingRequests (PendingRequests.java:sendNotLeaderResponses(202)) - 16f9aea5-9974-4547-813d-50b5e9cbac2d-PendingRequests: sendNotLeaderResponses
2019-09-29 11:18:08,606 [ForkJoinPool.commonPool-worker-1] INFO  impl.StateMachineUpdater (StateMachineUpdater.java:stopAndJoin(125)) - 16f9aea5-9974-4547-813d-50b5e9cbac2d@group-641D9114C14A-StateMachineUpdater: set stopIndex = 0
2019-09-29 11:18:08,607 [ForkJoinPool.commonPool-worker-1] INFO  impl.RaftServerImpl (ServerState.java:close(385)) - 16f9aea5-9974-4547-813d-50b5e9cbac2d@group-641D9114C14A: closes. applyIndex: 0
2019-09-29 11:18:08,607 [16f9aea5-9974-4547-813d-50b5e9cbac2d@group-641D9114C14A-SegmentedRaftLogWorker] INFO  segmented.SegmentedRaftLogWorker (SegmentedRaftLogWorker.java:run(313)) - 16f9aea5-9974-4547-813d-50b5e9cbac2d@group-641D9114C14A-SegmentedRaftLogWorker was interrupted, exiting. There are 0 tasks remaining in the queue.
2019-09-29 11:18:08,610 [ForkJoinPool.commonPool-worker-1] INFO  segmented.SegmentedRaftLogWorker (SegmentedRaftLogWorker.java:close(228)) - 16f9aea5-9974-4547-813d-50b5e9cbac2d@group-641D9114C14A-SegmentedRaftLogWorker close()
2019-09-29 11:18:08,615 [main] INFO  server.GrpcService (GrpcService.java:closeImpl(164)) - 16f9aea5-9974-4547-813d-50b5e9cbac2d: shutdown server with port 34925 now
2019-09-29 11:18:08,618 [grpc-default-executor-1] WARN  server.GrpcServerProtocolService (LogUtils.java:warn(134)) - 16f9aea5-9974-4547-813d-50b5e9cbac2d: installSnapshot onError, lastRequest: 813e8ff3-5a9d-4177-a3ce-ff3f7795e702->16f9aea5-9974-4547-813d-50b5e9cbac2d#3-t1, previous=(t:1, i:0), leaderCommit=0, initializing? false, entries: <empty>: org.apache.ratis.thirdparty.io.grpc.StatusRuntimeException: CANCELLED: cancelled before receiving half close
2019-09-29 11:18:08,619 [grpc-default-executor-3] WARN  server.GrpcServerProtocolService (LogUtils.java:warn(134)) - 16f9aea5-9974-4547-813d-50b5e9cbac2d: installSnapshot onError, lastRequest: d87f90a9-3605-42ff-a73f-b54839b7ec6f->16f9aea5-9974-4547-813d-50b5e9cbac2d#19-t1, previous=(t:1, i:16), leaderCommit=16, initializing? false, entries: <empty>: org.apache.ratis.thirdparty.io.grpc.StatusRuntimeException: CANCELLED: cancelled before receiving half close
2019-09-29 11:18:08,619 [grpc-default-executor-2] WARN  server.GrpcServerProtocolService (LogUtils.java:warn(134)) - 16f9aea5-9974-4547-813d-50b5e9cbac2d: installSnapshot onError, lastRequest: d87f90a9-3605-42ff-a73f-b54839b7ec6f->16f9aea5-9974-4547-813d-50b5e9cbac2d#3-t1, previous=(t:1, i:0), leaderCommit=0, initializing? false, entries: <empty>: org.apache.ratis.thirdparty.io.grpc.StatusRuntimeException: CANCELLED: cancelled before receiving half close
2019-09-29 11:18:08,619 [grpc-default-executor-4] WARN  server.GrpcServerProtocolService (LogUtils.java:warn(134)) - 16f9aea5-9974-4547-813d-50b5e9cbac2d: installSnapshot onError, lastRequest: d87f90a9-3605-42ff-a73f-b54839b7ec6f->16f9aea5-9974-4547-813d-50b5e9cbac2d#1-t2, previous=(t:0, i:0), leaderCommit=-1, initializing? false, entries: size=1, first=(t:2, i:0), CONFIGURATIONENTRY: org.apache.ratis.thirdparty.io.grpc.StatusRuntimeException: CANCELLED: cancelled before receiving half close
2019-09-29 11:18:08,620 [grpc-default-executor-6] WARN  server.GrpcLogAppender (LogUtils.java:warn(134)) - d87f90a9-3605-42ff-a73f-b54839b7ec6f@group-457A954BF1FF->16f9aea5-9974-4547-813d-50b5e9cbac2d-AppendLogResponseHandler: Failed appendEntries: org.apache.ratis.thirdparty.io.grpc.StatusRuntimeException: CANCELLED: HTTP/2 error code: CANCEL
Received Rst Stream
2019-09-29 11:18:08,619 [main] INFO  server.GrpcService (GrpcService.java:closeImpl(172)) - 16f9aea5-9974-4547-813d-50b5e9cbac2d: shutdown server with port 34925 successfully
2019-09-29 11:18:08,622 [grpc-default-executor-7] WARN  server.GrpcLogAppender (LogUtils.java:warn(134)) - d87f90a9-3605-42ff-a73f-b54839b7ec6f@group-3B8C7B1EF025->16f9aea5-9974-4547-813d-50b5e9cbac2d-AppendLogResponseHandler: Failed appendEntries: org.apache.ratis.thirdparty.io.grpc.StatusRuntimeException: CANCELLED: HTTP/2 error code: CANCEL
Received Rst Stream
2019-09-29 11:18:08,619 [grpc-default-executor-5] WARN  server.GrpcLogAppender (LogUtils.java:warn(134)) - 813e8ff3-5a9d-4177-a3ce-ff3f7795e702@group-ECC108AE71E7->16f9aea5-9974-4547-813d-50b5e9cbac2d-AppendLogResponseHandler: Failed appendEntries: org.apache.ratis.thirdparty.io.grpc.StatusRuntimeException: CANCELLED: HTTP/2 error code: CANCEL
Received Rst Stream
2019-09-29 11:18:08,622 [grpc-default-executor-7] INFO  impl.FollowerInfo (FollowerInfo.java:lambda$new$0(51)) - d87f90a9-3605-42ff-a73f-b54839b7ec6f@group-3B8C7B1EF025->16f9aea5-9974-4547-813d-50b5e9cbac2d: nextIndex: updateUnconditionally 1 -> 0
2019-09-29 11:18:08,622 [grpc-default-executor-6] INFO  impl.FollowerInfo (FollowerInfo.java:lambda$new$0(51)) - d87f90a9-3605-42ff-a73f-b54839b7ec6f@group-457A954BF1FF->16f9aea5-9974-4547-813d-50b5e9cbac2d: nextIndex: updateUnconditionally 17 -> 16
2019-09-29 11:18:08,620 [grpc-default-executor-0] WARN  server.GrpcLogAppender (LogUtils.java:warn(134)) - d87f90a9-3605-42ff-a73f-b54839b7ec6f@group-04C128AFAA8A->16f9aea5-9974-4547-813d-50b5e9cbac2d-AppendLogResponseHandler: Failed appendEntries: org.apache.ratis.thirdparty.io.grpc.StatusRuntimeException: CANCELLED: HTTP/2 error code: CANCEL
Received Rst Stream
2019-09-29 11:18:08,626 [grpc-default-executor-5] INFO  impl.FollowerInfo (FollowerInfo.java:lambda$new$0(51)) - 813e8ff3-5a9d-4177-a3ce-ff3f7795e702@group-ECC108AE71E7->16f9aea5-9974-4547-813d-50b5e9cbac2d: nextIndex: updateUnconditionally 1 -> 0
2019-09-29 11:18:08,626 [grpc-default-executor-0] INFO  impl.FollowerInfo (FollowerInfo.java:lambda$new$0(51)) - d87f90a9-3605-42ff-a73f-b54839b7ec6f@group-04C128AFAA8A->16f9aea5-9974-4547-813d-50b5e9cbac2d: nextIndex: updateUnconditionally 1 -> 0
2019-09-29 11:18:08,628 [refreshUsed-/workdir/hadoop-ozone/integration-test/target/test-dir/MiniOzoneClusterImpl-9adecfa3-4693-4b3b-b175-846bdd8f8c06/datanode-5/data/containers] WARN  fs.CachingGetSpaceUsed (CachingGetSpaceUsed.java:run(183)) - Thread Interrupted waiting to refresh disk information: sleep interrupted
2019-09-29 11:18:08,650 [main] INFO  utils.BackgroundService (BackgroundService.java:shutdown(148)) - Shutting down service BlockDeletingService
2019-09-29 11:18:08,656 [main] INFO  statemachine.DatanodeStateMachine (DatanodeStateMachine.java:stopDaemon(395)) - Ozone container server stopped.
2019-09-29 11:18:08,661 [main] INFO  handler.ContextHandler (ContextHandler.java:doStop(910)) - Stopped o.e.j.w.WebAppContext@64d4f7c7{/,null,UNAVAILABLE}{/hddsDatanode}
2019-09-29 11:18:08,667 [main] INFO  server.AbstractConnector (AbstractConnector.java:doStop(318)) - Stopped ServerConnector@54e02f6a{HTTP/1.1,[http/1.1]}{0.0.0.0:0}
2019-09-29 11:18:08,668 [main] INFO  handler.ContextHandler (ContextHandler.java:doStop(910)) - Stopped o.e.j.s.ServletContextHandler@1352434e{/static,jar:file:/home/user/.m2/repository/org/apache/hadoop/hadoop-hdds-container-service/0.5.0-SNAPSHOT/hadoop-hdds-container-service-0.5.0-SNAPSHOT.jar!/webapps/static,UNAVAILABLE}
2019-09-29 11:18:08,668 [main] INFO  handler.ContextHandler (ContextHandler.java:doStop(910)) - Stopped o.e.j.s.ServletContextHandler@12eedfee{/logs,file:///workdir/hadoop-ozone/integration-test/target/log,UNAVAILABLE}
2019-09-29 11:18:08,944 [Datanode State Machine Thread - 0] INFO  statemachine.DatanodeStateMachine (DatanodeStateMachine.java:lambda$startDaemon$0(350)) - Ozone container server started.
2019-09-29 11:18:09,687 [grpc-default-executor-4] WARN  server.GrpcLogAppender (LogUtils.java:warn(134)) - d87f90a9-3605-42ff-a73f-b54839b7ec6f@group-3B8C7B1EF025->16f9aea5-9974-4547-813d-50b5e9cbac2d-AppendLogResponseHandler: Failed appendEntries: org.apache.ratis.thirdparty.io.grpc.StatusRuntimeException: UNAVAILABLE: io exception
2019-09-29 11:18:09,690 [grpc-default-executor-4] INFO  impl.FollowerInfo (FollowerInfo.java:lambda$new$0(51)) - d87f90a9-3605-42ff-a73f-b54839b7ec6f@group-3B8C7B1EF025->16f9aea5-9974-4547-813d-50b5e9cbac2d: nextIndex: updateUnconditionally 0 -> 0
2019-09-29 11:18:09,968 [grpc-default-executor-0] WARN  server.GrpcLogAppender (LogUtils.java:warn(134)) - d87f90a9-3605-42ff-a73f-b54839b7ec6f@group-457A954BF1FF->16f9aea5-9974-4547-813d-50b5e9cbac2d-AppendLogResponseHandler: Failed appendEntries: org.apache.ratis.thirdparty.io.grpc.StatusRuntimeException: UNAVAILABLE: io exception
2019-09-29 11:18:09,971 [grpc-default-executor-0] INFO  impl.FollowerInfo (FollowerInfo.java:lambda$new$0(51)) - d87f90a9-3605-42ff-a73f-b54839b7ec6f@group-457A954BF1FF->16f9aea5-9974-4547-813d-50b5e9cbac2d: nextIndex: updateUnconditionally 17 -> 16
2019-09-29 11:18:09,981 [grpc-default-executor-3] WARN  server.GrpcLogAppender (LogUtils.java:warn(134)) - d87f90a9-3605-42ff-a73f-b54839b7ec6f@group-457A954BF1FF->16f9aea5-9974-4547-813d-50b5e9cbac2d-AppendLogResponseHandler: Failed appendEntries: org.apache.ratis.thirdparty.io.grpc.StatusRuntimeException: UNAVAILABLE: io exception
2019-09-29 11:18:09,984 [grpc-default-executor-3] INFO  impl.FollowerInfo (FollowerInfo.java:lambda$new$0(51)) - d87f90a9-3605-42ff-a73f-b54839b7ec6f@group-457A954BF1FF->16f9aea5-9974-4547-813d-50b5e9cbac2d: nextIndex: updateUnconditionally 17 -> 16
2019-09-29 11:18:09,994 [RatisApplyTransactionExecutor 1] INFO  interfaces.Container (KeyValueContainer.java:flushAndSyncDB(386)) - Container 1 is synced with bcsId 14.
2019-09-29 11:18:09,994 [RatisApplyTransactionExecutor 1] INFO  interfaces.Container (KeyValueContainer.java:flushAndSyncDB(386)) - Container 1 is synced with bcsId 14.
2019-09-29 11:18:09,995 [grpc-default-executor-4] WARN  server.GrpcLogAppender (LogUtils.java:warn(134)) - d87f90a9-3605-42ff-a73f-b54839b7ec6f@group-457A954BF1FF->16f9aea5-9974-4547-813d-50b5e9cbac2d-AppendLogResponseHandler: Failed appendEntries: org.apache.ratis.thirdparty.io.grpc.StatusRuntimeException: UNAVAILABLE: io exception
2019-09-29 11:18:09,997 [grpc-default-executor-4] INFO  impl.FollowerInfo (FollowerInfo.java:lambda$new$0(51)) - d87f90a9-3605-42ff-a73f-b54839b7ec6f@group-457A954BF1FF->16f9aea5-9974-4547-813d-50b5e9cbac2d: nextIndex: updateUnconditionally 17 -> 16
2019-09-29 11:18:10,017 [RatisApplyTransactionExecutor 1] INFO  interfaces.Container (KeyValueContainer.java:close(335)) - Container 1 is closed with bcsId 14.
2019-09-29 11:18:10,019 [EventQueue-IncrementalContainerReportForIncrementalContainerReportHandler] INFO  container.IncrementalContainerReportHandler (AbstractContainerReportHandler.java:updateContainerState(176)) - Moving container #1 to CLOSED state, datanode d87f90a9-3605-42ff-a73f-b54839b7ec6f{ip: 192.168.30.19, host: pr-hdds-1569-lsfh5-224679870, networkLocation: /default-rack, certSerialId: null} reported CLOSED replica.
2019-09-29 11:18:10,030 [RatisApplyTransactionExecutor 1] INFO  interfaces.Container (KeyValueContainer.java:flushAndSyncDB(386)) - Container 1 is synced with bcsId 14.
2019-09-29 11:18:10,032 [RatisApplyTransactionExecutor 1] INFO  interfaces.Container (KeyValueContainer.java:flushAndSyncDB(386)) - Container 1 is synced with bcsId 14.
2019-09-29 11:18:10,058 [RatisApplyTransactionExecutor 1] INFO  interfaces.Container (KeyValueContainer.java:close(335)) - Container 1 is closed with bcsId 14.
2019-09-29 11:18:10,075 [grpc-default-executor-0] WARN  server.GrpcLogAppender (LogUtils.java:warn(134)) - 813e8ff3-5a9d-4177-a3ce-ff3f7795e702@group-ECC108AE71E7->16f9aea5-9974-4547-813d-50b5e9cbac2d-AppendLogResponseHandler: Failed appendEntries: org.apache.ratis.thirdparty.io.grpc.StatusRuntimeException: UNAVAILABLE: io exception
2019-09-29 11:18:10,077 [grpc-default-executor-0] INFO  impl.FollowerInfo (FollowerInfo.java:lambda$new$0(51)) - 813e8ff3-5a9d-4177-a3ce-ff3f7795e702@group-ECC108AE71E7->16f9aea5-9974-4547-813d-50b5e9cbac2d: nextIndex: updateUnconditionally 0 -> 0
2019-09-29 11:18:10,257 [grpc-default-executor-3] WARN  server.GrpcLogAppender (LogUtils.java:warn(134)) - d87f90a9-3605-42ff-a73f-b54839b7ec6f@group-04C128AFAA8A->16f9aea5-9974-4547-813d-50b5e9cbac2d-AppendLogResponseHandler: Failed appendEntries: org.apache.ratis.thirdparty.io.grpc.StatusRuntimeException: UNAVAILABLE: io exception
2019-09-29 11:18:10,259 [grpc-default-executor-3] INFO  impl.FollowerInfo (FollowerInfo.java:lambda$new$0(51)) - d87f90a9-3605-42ff-a73f-b54839b7ec6f@group-04C128AFAA8A->16f9aea5-9974-4547-813d-50b5e9cbac2d: nextIndex: updateUnconditionally 0 -> 0
2019-09-29 11:18:12,179 [grpc-default-executor-0] WARN  server.GrpcLogAppender (LogUtils.java:warn(134)) - d87f90a9-3605-42ff-a73f-b54839b7ec6f@group-3B8C7B1EF025->16f9aea5-9974-4547-813d-50b5e9cbac2d-AppendLogResponseHandler: Failed appendEntries: org.apache.ratis.thirdparty.io.grpc.StatusRuntimeException: UNAVAILABLE: io exception
2019-09-29 11:18:12,181 [grpc-default-executor-0] INFO  impl.FollowerInfo (FollowerInfo.java:lambda$new$0(51)) - d87f90a9-3605-42ff-a73f-b54839b7ec6f@group-3B8C7B1EF025->16f9aea5-9974-4547-813d-50b5e9cbac2d: nextIndex: updateUnconditionally 0 -> 0
2019-09-29 11:18:12,497 [grpc-default-executor-4] WARN  server.GrpcLogAppender (LogUtils.java:warn(134)) - d87f90a9-3605-42ff-a73f-b54839b7ec6f@group-457A954BF1FF->16f9aea5-9974-4547-813d-50b5e9cbac2d-AppendLogResponseHandler: Failed appendEntries: org.apache.ratis.thirdparty.io.grpc.StatusRuntimeException: UNAVAILABLE: io exception
2019-09-29 11:18:12,501 [grpc-default-executor-4] INFO  impl.FollowerInfo (FollowerInfo.java:lambda$new$0(51)) - d87f90a9-3605-42ff-a73f-b54839b7ec6f@group-457A954BF1FF->16f9aea5-9974-4547-813d-50b5e9cbac2d: nextIndex: updateUnconditionally 16 -> 15
2019-09-29 11:18:12,576 [grpc-default-executor-3] WARN  server.GrpcLogAppender (LogUtils.java:warn(134)) - 813e8ff3-5a9d-4177-a3ce-ff3f7795e702@group-ECC108AE71E7->16f9aea5-9974-4547-813d-50b5e9cbac2d-AppendLogResponseHandler: Failed appendEntries: org.apache.ratis.thirdparty.io.grpc.StatusRuntimeException: UNAVAILABLE: io exception
2019-09-29 11:18:12,579 [grpc-default-executor-3] INFO  impl.FollowerInfo (FollowerInfo.java:lambda$new$0(51)) - 813e8ff3-5a9d-4177-a3ce-ff3f7795e702@group-ECC108AE71E7->16f9aea5-9974-4547-813d-50b5e9cbac2d: nextIndex: updateUnconditionally 0 -> 0
2019-09-29 11:18:12,758 [grpc-default-executor-0] WARN  server.GrpcLogAppender (LogUtils.java:warn(134)) - d87f90a9-3605-42ff-a73f-b54839b7ec6f@group-04C128AFAA8A->16f9aea5-9974-4547-813d-50b5e9cbac2d-AppendLogResponseHandler: Failed appendEntries: org.apache.ratis.thirdparty.io.grpc.StatusRuntimeException: UNAVAILABLE: io exception
2019-09-29 11:18:12,762 [grpc-default-executor-0] INFO  impl.FollowerInfo (FollowerInfo.java:lambda$new$0(51)) - d87f90a9-3605-42ff-a73f-b54839b7ec6f@group-04C128AFAA8A->16f9aea5-9974-4547-813d-50b5e9cbac2d: nextIndex: updateUnconditionally 0 -> 0
2019-09-29 11:18:12,972 [EventQueue-StaleNodeForStaleNodeHandler] INFO  node.StaleNodeHandler (StaleNodeHandler.java:onMessage(58)) - Datanode 813e8ff3-5a9d-4177-a3ce-ff3f7795e702{ip: 192.168.30.19, host: pr-hdds-1569-lsfh5-224679870, networkLocation: /default-rack, certSerialId: null} moved to stale state. Finalizing its pipelines [PipelineID=28f27a46-2d5c-4860-a9ab-9c21ae147306, PipelineID=52951f0b-3bb2-4c3e-b5f0-3b8c7b1ef025, PipelineID=e85b9f54-76c3-4f5f-85ff-f32fa01037ab, PipelineID=ee592897-d3bf-4c96-a993-457a954bf1ff, PipelineID=374d0a6a-022b-4a73-8d4f-be528aa980c6, PipelineID=fa1601ec-24ed-4bd9-86d8-ecc108ae71e7, PipelineID=f74bfd06-a018-4261-af4e-04c128afaa8a, PipelineID=eba7c9f2-3785-45d8-898a-069bea507b86]
2019-09-29 11:18:12,972 [EventQueue-StaleNodeForStaleNodeHandler] INFO  pipeline.SCMPipelineManager (SCMPipelineManager.java:finalizeAndDestroyPipeline(341)) - destroying pipeline:Pipeline[ Id: 28f27a46-2d5c-4860-a9ab-9c21ae147306, Nodes: 813e8ff3-5a9d-4177-a3ce-ff3f7795e702{ip: 192.168.30.19, host: pr-hdds-1569-lsfh5-224679870, networkLocation: /default-rack, certSerialId: null}d87f90a9-3605-42ff-a73f-b54839b7ec6f{ip: 192.168.30.19, host: pr-hdds-1569-lsfh5-224679870, networkLocation: /default-rack, certSerialId: null}16f9aea5-9974-4547-813d-50b5e9cbac2d{ip: 192.168.30.19, host: pr-hdds-1569-lsfh5-224679870, networkLocation: /default-rack, certSerialId: null}, Type:RATIS, Factor:THREE, State:CLOSED]
2019-09-29 11:18:12,975 [EventQueue-StaleNodeForStaleNodeHandler] INFO  pipeline.SCMPipelineManager (SCMPipelineManager.java:finalizeAndDestroyPipeline(341)) - destroying pipeline:Pipeline[ Id: 52951f0b-3bb2-4c3e-b5f0-3b8c7b1ef025, Nodes: d87f90a9-3605-42ff-a73f-b54839b7ec6f{ip: 192.168.30.19, host: pr-hdds-1569-lsfh5-224679870, networkLocation: /default-rack, certSerialId: null}16f9aea5-9974-4547-813d-50b5e9cbac2d{ip: 192.168.30.19, host: pr-hdds-1569-lsfh5-224679870, networkLocation: /default-rack, certSerialId: null}813e8ff3-5a9d-4177-a3ce-ff3f7795e702{ip: 192.168.30.19, host: pr-hdds-1569-lsfh5-224679870, networkLocation: /default-rack, certSerialId: null}, Type:RATIS, Factor:THREE, State:CLOSED]
2019-09-29 11:18:12,975 [EventQueue-StaleNodeForStaleNodeHandler] INFO  pipeline.SCMPipelineManager (SCMPipelineManager.java:finalizeAndDestroyPipeline(341)) - destroying pipeline:Pipeline[ Id: e85b9f54-76c3-4f5f-85ff-f32fa01037ab, Nodes: 813e8ff3-5a9d-4177-a3ce-ff3f7795e702{ip: 192.168.30.19, host: pr-hdds-1569-lsfh5-224679870, networkLocation: /default-rack, certSerialId: null}, Type:RATIS, Factor:ONE, State:OPEN]
2019-09-29 11:18:12,976 [EventQueue-StaleNodeForStaleNodeHandler] INFO  pipeline.PipelineStateManager (PipelineStateManager.java:finalizePipeline(123)) - Pipeline Pipeline[ Id: e85b9f54-76c3-4f5f-85ff-f32fa01037ab, Nodes: 813e8ff3-5a9d-4177-a3ce-ff3f7795e702{ip: 192.168.30.19, host: pr-hdds-1569-lsfh5-224679870, networkLocation: /default-rack, certSerialId: null}, Type:RATIS, Factor:ONE, State:CLOSED] moved to CLOSED state
2019-09-29 11:18:12,976 [EventQueue-StaleNodeForStaleNodeHandler] INFO  pipeline.SCMPipelineManager (SCMPipelineManager.java:finalizeAndDestroyPipeline(341)) - destroying pipeline:Pipeline[ Id: ee592897-d3bf-4c96-a993-457a954bf1ff, Nodes: 16f9aea5-9974-4547-813d-50b5e9cbac2d{ip: 192.168.30.19, host: pr-hdds-1569-lsfh5-224679870, networkLocation: /default-rack, certSerialId: null}813e8ff3-5a9d-4177-a3ce-ff3f7795e702{ip: 192.168.30.19, host: pr-hdds-1569-lsfh5-224679870, networkLocation: /default-rack, certSerialId: null}d87f90a9-3605-42ff-a73f-b54839b7ec6f{ip: 192.168.30.19, host: pr-hdds-1569-lsfh5-224679870, networkLocation: /default-rack, certSerialId: null}, Type:RATIS, Factor:THREE, State:CLOSED]
2019-09-29 11:18:12,976 [EventQueue-StaleNodeForStaleNodeHandler] INFO  pipeline.SCMPipelineManager (SCMPipelineManager.java:finalizeAndDestroyPipeline(341)) - destroying pipeline:Pipeline[ Id: 374d0a6a-022b-4a73-8d4f-be528aa980c6, Nodes: 16f9aea5-9974-4547-813d-50b5e9cbac2d{ip: 192.168.30.19, host: pr-hdds-1569-lsfh5-224679870, networkLocation: /default-rack, certSerialId: null}813e8ff3-5a9d-4177-a3ce-ff3f7795e702{ip: 192.168.30.19, host: pr-hdds-1569-lsfh5-224679870, networkLocation: /default-rack, certSerialId: null}d87f90a9-3605-42ff-a73f-b54839b7ec6f{ip: 192.168.30.19, host: pr-hdds-1569-lsfh5-224679870, networkLocation: /default-rack, certSerialId: null}, Type:RATIS, Factor:THREE, State:CLOSED]
2019-09-29 11:18:12,976 [EventQueue-StaleNodeForStaleNodeHandler] INFO  pipeline.SCMPipelineManager (SCMPipelineManager.java:finalizeAndDestroyPipeline(341)) - destroying pipeline:Pipeline[ Id: fa1601ec-24ed-4bd9-86d8-ecc108ae71e7, Nodes: 16f9aea5-9974-4547-813d-50b5e9cbac2d{ip: 192.168.30.19, host: pr-hdds-1569-lsfh5-224679870, networkLocation: /default-rack, certSerialId: null}813e8ff3-5a9d-4177-a3ce-ff3f7795e702{ip: 192.168.30.19, host: pr-hdds-1569-lsfh5-224679870, networkLocation: /default-rack, certSerialId: null}d87f90a9-3605-42ff-a73f-b54839b7ec6f{ip: 192.168.30.19, host: pr-hdds-1569-lsfh5-224679870, networkLocation: /default-rack, certSerialId: null}, Type:RATIS, Factor:THREE, State:CLOSED]
2019-09-29 11:18:12,977 [EventQueue-StaleNodeForStaleNodeHandler] INFO  pipeline.SCMPipelineManager (SCMPipelineManager.java:finalizeAndDestroyPipeline(341)) - destroying pipeline:Pipeline[ Id: f74bfd06-a018-4261-af4e-04c128afaa8a, Nodes: d87f90a9-3605-42ff-a73f-b54839b7ec6f{ip: 192.168.30.19, host: pr-hdds-1569-lsfh5-224679870, networkLocation: /default-rack, certSerialId: null}16f9aea5-9974-4547-813d-50b5e9cbac2d{ip: 192.168.30.19, host: pr-hdds-1569-lsfh5-224679870, networkLocation: /default-rack, certSerialId: null}813e8ff3-5a9d-4177-a3ce-ff3f7795e702{ip: 192.168.30.19, host: pr-hdds-1569-lsfh5-224679870, networkLocation: /default-rack, certSerialId: null}, Type:RATIS, Factor:THREE, State:CLOSED]
2019-09-29 11:18:12,977 [EventQueue-StaleNodeForStaleNodeHandler] INFO  pipeline.SCMPipelineManager (SCMPipelineManager.java:finalizeAndDestroyPipeline(341)) - destroying pipeline:Pipeline[ Id: eba7c9f2-3785-45d8-898a-069bea507b86, Nodes: 813e8ff3-5a9d-4177-a3ce-ff3f7795e702{ip: 192.168.30.19, host: pr-hdds-1569-lsfh5-224679870, networkLocation: /default-rack, certSerialId: null}d87f90a9-3605-42ff-a73f-b54839b7ec6f{ip: 192.168.30.19, host: pr-hdds-1569-lsfh5-224679870, networkLocation: /default-rack, certSerialId: null}16f9aea5-9974-4547-813d-50b5e9cbac2d{ip: 192.168.30.19, host: pr-hdds-1569-lsfh5-224679870, networkLocation: /default-rack, certSerialId: null}, Type:RATIS, Factor:THREE, State:CLOSED]
2019-09-29 11:18:13,527 [Thread-495] INFO  impl.FollowerState (FollowerState.java:run(106)) - 813e8ff3-5a9d-4177-a3ce-ff3f7795e702:group-9C21AE147306 changes to CANDIDATE, lastRpcTime:7552, electionTimeout:5030ms
2019-09-29 11:18:13,531 [Thread-495] INFO  impl.RoleInfo (RoleInfo.java:shutdownFollowerState(121)) - 813e8ff3-5a9d-4177-a3ce-ff3f7795e702: shutdown FollowerState
2019-09-29 11:18:13,531 [Thread-495] INFO  impl.RaftServerImpl (RaftServerImpl.java:setRole(174)) - 813e8ff3-5a9d-4177-a3ce-ff3f7795e702@group-9C21AE147306: changes role from  FOLLOWER to CANDIDATE at term 1 for changeToCandidate
2019-09-29 11:18:13,531 [Thread-495] INFO  impl.RoleInfo (RoleInfo.java:updateAndGet(143)) - 813e8ff3-5a9d-4177-a3ce-ff3f7795e702: start LeaderElection
2019-09-29 11:18:13,534 [813e8ff3-5a9d-4177-a3ce-ff3f7795e702@group-9C21AE147306:LeaderElection27] INFO  impl.RaftServerImpl (ServerState.java:setLeader(253)) - 813e8ff3-5a9d-4177-a3ce-ff3f7795e702@group-9C21AE147306: change Leader from 16f9aea5-9974-4547-813d-50b5e9cbac2d to null at term 1 for initElection
2019-09-29 11:18:13,536 [Thread-481] INFO  impl.FollowerState (FollowerState.java:run(106)) - d87f90a9-3605-42ff-a73f-b54839b7ec6f:group-9C21AE147306 changes to CANDIDATE, lastRpcTime:7561, electionTimeout:5169ms
2019-09-29 11:18:13,536 [Thread-481] INFO  impl.RoleInfo (RoleInfo.java:shutdownFollowerState(121)) - d87f90a9-3605-42ff-a73f-b54839b7ec6f: shutdown FollowerState
2019-09-29 11:18:13,536 [Thread-481] INFO  impl.RaftServerImpl (RaftServerImpl.java:setRole(174)) - d87f90a9-3605-42ff-a73f-b54839b7ec6f@group-9C21AE147306: changes role from  FOLLOWER to CANDIDATE at term 1 for changeToCandidate
2019-09-29 11:18:13,537 [Thread-481] INFO  impl.RoleInfo (RoleInfo.java:updateAndGet(143)) - d87f90a9-3605-42ff-a73f-b54839b7ec6f: start LeaderElection
2019-09-29 11:18:13,539 [d87f90a9-3605-42ff-a73f-b54839b7ec6f@group-9C21AE147306:LeaderElection28] INFO  impl.RaftServerImpl (ServerState.java:setLeader(253)) - d87f90a9-3605-42ff-a73f-b54839b7ec6f@group-9C21AE147306: change Leader from 16f9aea5-9974-4547-813d-50b5e9cbac2d to null at term 1 for initElection
2019-09-29 11:18:13,560 [d87f90a9-3605-42ff-a73f-b54839b7ec6f@group-9C21AE147306:LeaderElection28] INFO  impl.LeaderElection (LeaderElection.java:askForVotes(182)) - d87f90a9-3605-42ff-a73f-b54839b7ec6f@group-9C21AE147306:LeaderElection28: begin an election at term 2 for 0: [d87f90a9-3605-42ff-a73f-b54839b7ec6f:192.168.30.19:44039, 813e8ff3-5a9d-4177-a3ce-ff3f7795e702:192.168.30.19:38815, 16f9aea5-9974-4547-813d-50b5e9cbac2d:192.168.30.19:34925], old=null
2019-09-29 11:18:13,560 [813e8ff3-5a9d-4177-a3ce-ff3f7795e702@group-9C21AE147306:LeaderElection27] INFO  impl.LeaderElection (LeaderElection.java:askForVotes(182)) - 813e8ff3-5a9d-4177-a3ce-ff3f7795e702@group-9C21AE147306:LeaderElection27: begin an election at term 2 for 0: [d87f90a9-3605-42ff-a73f-b54839b7ec6f:192.168.30.19:44039, 813e8ff3-5a9d-4177-a3ce-ff3f7795e702:192.168.30.19:38815, 16f9aea5-9974-4547-813d-50b5e9cbac2d:192.168.30.19:34925], old=null
2019-09-29 11:18:13,571 [813e8ff3-5a9d-4177-a3ce-ff3f7795e702@group-9C21AE147306:LeaderElection27] INFO  impl.LeaderElection (LogUtils.java:infoOrTrace(149)) - 813e8ff3-5a9d-4177-a3ce-ff3f7795e702@group-9C21AE147306:LeaderElection27 got exception when requesting votes: {}
java.util.concurrent.ExecutionException: org.apache.ratis.thirdparty.io.grpc.StatusRuntimeException: UNAVAILABLE: io exception
	at java.util.concurrent.FutureTask.report(FutureTask.java:122)
	at java.util.concurrent.FutureTask.get(FutureTask.java:192)
	at org.apache.ratis.server.impl.LeaderElection.waitForResults(LeaderElection.java:263)
	at org.apache.ratis.server.impl.LeaderElection.askForVotes(LeaderElection.java:201)
	at org.apache.ratis.server.impl.LeaderElection.run(LeaderElection.java:133)
	at java.lang.Thread.run(Thread.java:748)
Caused by: org.apache.ratis.thirdparty.io.grpc.StatusRuntimeException: UNAVAILABLE: io exception
	at org.apache.ratis.thirdparty.io.grpc.stub.ClientCalls.toStatusRuntimeException(ClientCalls.java:233)
	at org.apache.ratis.thirdparty.io.grpc.stub.ClientCalls.getUnchecked(ClientCalls.java:214)
	at org.apache.ratis.thirdparty.io.grpc.stub.ClientCalls.blockingUnaryCall(ClientCalls.java:139)
	at org.apache.ratis.proto.grpc.RaftServerProtocolServiceGrpc$RaftServerProtocolServiceBlockingStub.requestVote(RaftServerProtocolServiceGrpc.java:265)
	at org.apache.ratis.grpc.server.GrpcServerProtocolClient.requestVote(GrpcServerProtocolClient.java:90)
	at org.apache.ratis.grpc.server.GrpcService.requestVote(GrpcService.java:204)
	at org.apache.ratis.server.impl.LeaderElection.lambda$submitRequests$1(LeaderElection.java:238)
	at java.util.concurrent.FutureTask.run(FutureTask.java:266)
	at java.util.concurrent.Executors$RunnableAdapter.call(Executors.java:511)
	at java.util.concurrent.FutureTask.run(FutureTask.java:266)
	at java.util.concurrent.ThreadPoolExecutor.runWorker(ThreadPoolExecutor.java:1149)
	at java.util.concurrent.ThreadPoolExecutor$Worker.run(ThreadPoolExecutor.java:624)
	... 1 more
Caused by: org.apache.ratis.thirdparty.io.netty.channel.AbstractChannel$AnnotatedConnectException: Connection refused: /192.168.30.19:34925
	at sun.nio.ch.SocketChannelImpl.checkConnect(Native Method)
	at sun.nio.ch.SocketChannelImpl.finishConnect(SocketChannelImpl.java:717)
	at org.apache.ratis.thirdparty.io.netty.channel.socket.nio.NioSocketChannel.doFinishConnect(NioSocketChannel.java:327)
	at org.apache.ratis.thirdparty.io.netty.channel.nio.AbstractNioChannel$AbstractNioUnsafe.finishConnect(AbstractNioChannel.java:340)
	at org.apache.ratis.thirdparty.io.netty.channel.nio.NioEventLoop.processSelectedKey(NioEventLoop.java:632)
	at org.apache.ratis.thirdparty.io.netty.channel.nio.NioEventLoop.processSelectedKeysOptimized(NioEventLoop.java:579)
	at org.apache.ratis.thirdparty.io.netty.channel.nio.NioEventLoop.processSelectedKeys(NioEventLoop.java:496)
	at org.apache.ratis.thirdparty.io.netty.channel.nio.NioEventLoop.run(NioEventLoop.java:458)
	at org.apache.ratis.thirdparty.io.netty.util.concurrent.SingleThreadEventExecutor$5.run(SingleThreadEventExecutor.java:897)
	at org.apache.ratis.thirdparty.io.netty.util.concurrent.FastThreadLocalRunnable.run(FastThreadLocalRunnable.java:30)
	... 1 more
Caused by: java.net.ConnectException: Connection refused
	... 11 more
2019-09-29 11:18:13,571 [d87f90a9-3605-42ff-a73f-b54839b7ec6f@group-9C21AE147306:LeaderElection28] INFO  impl.LeaderElection (LogUtils.java:infoOrTrace(149)) - d87f90a9-3605-42ff-a73f-b54839b7ec6f@group-9C21AE147306:LeaderElection28 got exception when requesting votes: {}
java.util.concurrent.ExecutionException: org.apache.ratis.thirdparty.io.grpc.StatusRuntimeException: UNAVAILABLE: io exception
	at java.util.concurrent.FutureTask.report(FutureTask.java:122)
	at java.util.concurrent.FutureTask.get(FutureTask.java:192)
	at org.apache.ratis.server.impl.LeaderElection.waitForResults(LeaderElection.java:263)
	at org.apache.ratis.server.impl.LeaderElection.askForVotes(LeaderElection.java:201)
	at org.apache.ratis.server.impl.LeaderElection.run(LeaderElection.java:133)
	at java.lang.Thread.run(Thread.java:748)
Caused by: org.apache.ratis.thirdparty.io.grpc.StatusRuntimeException: UNAVAILABLE: io exception
	at org.apache.ratis.thirdparty.io.grpc.stub.ClientCalls.toStatusRuntimeException(ClientCalls.java:233)
	at org.apache.ratis.thirdparty.io.grpc.stub.ClientCalls.getUnchecked(ClientCalls.java:214)
	at org.apache.ratis.thirdparty.io.grpc.stub.ClientCalls.blockingUnaryCall(ClientCalls.java:139)
	at org.apache.ratis.proto.grpc.RaftServerProtocolServiceGrpc$RaftServerProtocolServiceBlockingStub.requestVote(RaftServerProtocolServiceGrpc.java:265)
	at org.apache.ratis.grpc.server.GrpcServerProtocolClient.requestVote(GrpcServerProtocolClient.java:90)
	at org.apache.ratis.grpc.server.GrpcService.requestVote(GrpcService.java:204)
	at org.apache.ratis.server.impl.LeaderElection.lambda$submitRequests$1(LeaderElection.java:238)
	at java.util.concurrent.FutureTask.run(FutureTask.java:266)
	at java.util.concurrent.Executors$RunnableAdapter.call(Executors.java:511)
	at java.util.concurrent.FutureTask.run(FutureTask.java:266)
	at java.util.concurrent.ThreadPoolExecutor.runWorker(ThreadPoolExecutor.java:1149)
	at java.util.concurrent.ThreadPoolExecutor$Worker.run(ThreadPoolExecutor.java:624)
	... 1 more
Caused by: org.apache.ratis.thirdparty.io.netty.channel.AbstractChannel$AnnotatedConnectException: Connection refused: /192.168.30.19:34925
	at sun.nio.ch.SocketChannelImpl.checkConnect(Native Method)
	at sun.nio.ch.SocketChannelImpl.finishConnect(SocketChannelImpl.java:717)
	at org.apache.ratis.thirdparty.io.netty.channel.socket.nio.NioSocketChannel.doFinishConnect(NioSocketChannel.java:327)
	at org.apache.ratis.thirdparty.io.netty.channel.nio.AbstractNioChannel$AbstractNioUnsafe.finishConnect(AbstractNioChannel.java:340)
	at org.apache.ratis.thirdparty.io.netty.channel.nio.NioEventLoop.processSelectedKey(NioEventLoop.java:632)
	at org.apache.ratis.thirdparty.io.netty.channel.nio.NioEventLoop.processSelectedKeysOptimized(NioEventLoop.java:579)
	at org.apache.ratis.thirdparty.io.netty.channel.nio.NioEventLoop.processSelectedKeys(NioEventLoop.java:496)
	at org.apache.ratis.thirdparty.io.netty.channel.nio.NioEventLoop.run(NioEventLoop.java:458)
	at org.apache.ratis.thirdparty.io.netty.util.concurrent.SingleThreadEventExecutor$5.run(SingleThreadEventExecutor.java:897)
	at org.apache.ratis.thirdparty.io.netty.util.concurrent.FastThreadLocalRunnable.run(FastThreadLocalRunnable.java:30)
	... 1 more
Caused by: java.net.ConnectException: Connection refused
	... 11 more
2019-09-29 11:18:13,576 [813e8ff3-5a9d-4177-a3ce-ff3f7795e702@group-9C21AE147306:LeaderElection27] INFO  impl.LeaderElection (LeaderElection.java:logAndReturn(56)) - 813e8ff3-5a9d-4177-a3ce-ff3f7795e702@group-9C21AE147306:LeaderElection27: Election REJECTED; received 1 response(s) [813e8ff3-5a9d-4177-a3ce-ff3f7795e702<-d87f90a9-3605-42ff-a73f-b54839b7ec6f#0:FAIL-t2] and 1 exception(s); 813e8ff3-5a9d-4177-a3ce-ff3f7795e702@group-9C21AE147306:t2, leader=null, voted=813e8ff3-5a9d-4177-a3ce-ff3f7795e702, raftlog=813e8ff3-5a9d-4177-a3ce-ff3f7795e702@group-9C21AE147306-SegmentedRaftLog:OPENED:c0,f0,i0, conf=0: [d87f90a9-3605-42ff-a73f-b54839b7ec6f:192.168.30.19:44039, 813e8ff3-5a9d-4177-a3ce-ff3f7795e702:192.168.30.19:38815, 16f9aea5-9974-4547-813d-50b5e9cbac2d:192.168.30.19:34925], old=null
2019-09-29 11:18:13,577 [d87f90a9-3605-42ff-a73f-b54839b7ec6f@group-9C21AE147306:LeaderElection28] INFO  impl.LeaderElection (LeaderElection.java:logAndReturn(56)) - d87f90a9-3605-42ff-a73f-b54839b7ec6f@group-9C21AE147306:LeaderElection28: Election REJECTED; received 1 response(s) [d87f90a9-3605-42ff-a73f-b54839b7ec6f<-813e8ff3-5a9d-4177-a3ce-ff3f7795e702#0:FAIL-t2] and 1 exception(s); d87f90a9-3605-42ff-a73f-b54839b7ec6f@group-9C21AE147306:t2, leader=null, voted=d87f90a9-3605-42ff-a73f-b54839b7ec6f, raftlog=d87f90a9-3605-42ff-a73f-b54839b7ec6f@group-9C21AE147306-SegmentedRaftLog:OPENED:c0,f0,i0, conf=0: [d87f90a9-3605-42ff-a73f-b54839b7ec6f:192.168.30.19:44039, 813e8ff3-5a9d-4177-a3ce-ff3f7795e702:192.168.30.19:38815, 16f9aea5-9974-4547-813d-50b5e9cbac2d:192.168.30.19:34925], old=null
2019-09-29 11:18:13,578 [813e8ff3-5a9d-4177-a3ce-ff3f7795e702@group-9C21AE147306:LeaderElection27] INFO  impl.LeaderElection (LogUtils.java:infoOrTrace(149)) -   Exception 0: {}
java.util.concurrent.ExecutionException: org.apache.ratis.thirdparty.io.grpc.StatusRuntimeException: UNAVAILABLE: io exception
	at java.util.concurrent.FutureTask.report(FutureTask.java:122)
	at java.util.concurrent.FutureTask.get(FutureTask.java:192)
	at org.apache.ratis.server.impl.LeaderElection.waitForResults(LeaderElection.java:263)
	at org.apache.ratis.server.impl.LeaderElection.askForVotes(LeaderElection.java:201)
	at org.apache.ratis.server.impl.LeaderElection.run(LeaderElection.java:133)
	at java.lang.Thread.run(Thread.java:748)
Caused by: org.apache.ratis.thirdparty.io.grpc.StatusRuntimeException: UNAVAILABLE: io exception
	at org.apache.ratis.thirdparty.io.grpc.stub.ClientCalls.toStatusRuntimeException(ClientCalls.java:233)
	at org.apache.ratis.thirdparty.io.grpc.stub.ClientCalls.getUnchecked(ClientCalls.java:214)
	at org.apache.ratis.thirdparty.io.grpc.stub.ClientCalls.blockingUnaryCall(ClientCalls.java:139)
	at org.apache.ratis.proto.grpc.RaftServerProtocolServiceGrpc$RaftServerProtocolServiceBlockingStub.requestVote(RaftServerProtocolServiceGrpc.java:265)
	at org.apache.ratis.grpc.server.GrpcServerProtocolClient.requestVote(GrpcServerProtocolClient.java:90)
	at org.apache.ratis.grpc.server.GrpcService.requestVote(GrpcService.java:204)
	at org.apache.ratis.server.impl.LeaderElection.lambda$submitRequests$1(LeaderElection.java:238)
	at java.util.concurrent.FutureTask.run(FutureTask.java:266)
	at java.util.concurrent.Executors$RunnableAdapter.call(Executors.java:511)
	at java.util.concurrent.FutureTask.run(FutureTask.java:266)
	at java.util.concurrent.ThreadPoolExecutor.runWorker(ThreadPoolExecutor.java:1149)
	at java.util.concurrent.ThreadPoolExecutor$Worker.run(ThreadPoolExecutor.java:624)
	... 1 more
Caused by: org.apache.ratis.thirdparty.io.netty.channel.AbstractChannel$AnnotatedConnectException: Connection refused: /192.168.30.19:34925
	at sun.nio.ch.SocketChannelImpl.checkConnect(Native Method)
	at sun.nio.ch.SocketChannelImpl.finishConnect(SocketChannelImpl.java:717)
	at org.apache.ratis.thirdparty.io.netty.channel.socket.nio.NioSocketChannel.doFinishConnect(NioSocketChannel.java:327)
	at org.apache.ratis.thirdparty.io.netty.channel.nio.AbstractNioChannel$AbstractNioUnsafe.finishConnect(AbstractNioChannel.java:340)
	at org.apache.ratis.thirdparty.io.netty.channel.nio.NioEventLoop.processSelectedKey(NioEventLoop.java:632)
	at org.apache.ratis.thirdparty.io.netty.channel.nio.NioEventLoop.processSelectedKeysOptimized(NioEventLoop.java:579)
	at org.apache.ratis.thirdparty.io.netty.channel.nio.NioEventLoop.processSelectedKeys(NioEventLoop.java:496)
	at org.apache.ratis.thirdparty.io.netty.channel.nio.NioEventLoop.run(NioEventLoop.java:458)
	at org.apache.ratis.thirdparty.io.netty.util.concurrent.SingleThreadEventExecutor$5.run(SingleThreadEventExecutor.java:897)
	at org.apache.ratis.thirdparty.io.netty.util.concurrent.FastThreadLocalRunnable.run(FastThreadLocalRunnable.java:30)
	... 1 more
Caused by: java.net.ConnectException: Connection refused
	... 11 more
2019-09-29 11:18:13,578 [d87f90a9-3605-42ff-a73f-b54839b7ec6f@group-9C21AE147306:LeaderElection28] INFO  impl.LeaderElection (LogUtils.java:infoOrTrace(149)) -   Exception 0: {}
java.util.concurrent.ExecutionException: org.apache.ratis.thirdparty.io.grpc.StatusRuntimeException: UNAVAILABLE: io exception
	at java.util.concurrent.FutureTask.report(FutureTask.java:122)
	at java.util.concurrent.FutureTask.get(FutureTask.java:192)
	at org.apache.ratis.server.impl.LeaderElection.waitForResults(LeaderElection.java:263)
	at org.apache.ratis.server.impl.LeaderElection.askForVotes(LeaderElection.java:201)
	at org.apache.ratis.server.impl.LeaderElection.run(LeaderElection.java:133)
	at java.lang.Thread.run(Thread.java:748)
Caused by: org.apache.ratis.thirdparty.io.grpc.StatusRuntimeException: UNAVAILABLE: io exception
	at org.apache.ratis.thirdparty.io.grpc.stub.ClientCalls.toStatusRuntimeException(ClientCalls.java:233)
	at org.apache.ratis.thirdparty.io.grpc.stub.ClientCalls.getUnchecked(ClientCalls.java:214)
	at org.apache.ratis.thirdparty.io.grpc.stub.ClientCalls.blockingUnaryCall(ClientCalls.java:139)
	at org.apache.ratis.proto.grpc.RaftServerProtocolServiceGrpc$RaftServerProtocolServiceBlockingStub.requestVote(RaftServerProtocolServiceGrpc.java:265)
	at org.apache.ratis.grpc.server.GrpcServerProtocolClient.requestVote(GrpcServerProtocolClient.java:90)
	at org.apache.ratis.grpc.server.GrpcService.requestVote(GrpcService.java:204)
	at org.apache.ratis.server.impl.LeaderElection.lambda$submitRequests$1(LeaderElection.java:238)
	at java.util.concurrent.FutureTask.run(FutureTask.java:266)
	at java.util.concurrent.Executors$RunnableAdapter.call(Executors.java:511)
	at java.util.concurrent.FutureTask.run(FutureTask.java:266)
	at java.util.concurrent.ThreadPoolExecutor.runWorker(ThreadPoolExecutor.java:1149)
	at java.util.concurrent.ThreadPoolExecutor$Worker.run(ThreadPoolExecutor.java:624)
	... 1 more
Caused by: org.apache.ratis.thirdparty.io.netty.channel.AbstractChannel$AnnotatedConnectException: Connection refused: /192.168.30.19:34925
	at sun.nio.ch.SocketChannelImpl.checkConnect(Native Method)
	at sun.nio.ch.SocketChannelImpl.finishConnect(SocketChannelImpl.java:717)
	at org.apache.ratis.thirdparty.io.netty.channel.socket.nio.NioSocketChannel.doFinishConnect(NioSocketChannel.java:327)
	at org.apache.ratis.thirdparty.io.netty.channel.nio.AbstractNioChannel$AbstractNioUnsafe.finishConnect(AbstractNioChannel.java:340)
	at org.apache.ratis.thirdparty.io.netty.channel.nio.NioEventLoop.processSelectedKey(NioEventLoop.java:632)
	at org.apache.ratis.thirdparty.io.netty.channel.nio.NioEventLoop.processSelectedKeysOptimized(NioEventLoop.java:579)
	at org.apache.ratis.thirdparty.io.netty.channel.nio.NioEventLoop.processSelectedKeys(NioEventLoop.java:496)
	at org.apache.ratis.thirdparty.io.netty.channel.nio.NioEventLoop.run(NioEventLoop.java:458)
	at org.apache.ratis.thirdparty.io.netty.util.concurrent.SingleThreadEventExecutor$5.run(SingleThreadEventExecutor.java:897)
	at org.apache.ratis.thirdparty.io.netty.util.concurrent.FastThreadLocalRunnable.run(FastThreadLocalRunnable.java:30)
	... 1 more
Caused by: java.net.ConnectException: Connection refused
	... 11 more
2019-09-29 11:18:13,582 [813e8ff3-5a9d-4177-a3ce-ff3f7795e702@group-9C21AE147306:LeaderElection27] INFO  impl.RaftServerImpl (RaftServerImpl.java:setRole(174)) - 813e8ff3-5a9d-4177-a3ce-ff3f7795e702@group-9C21AE147306: changes role from CANDIDATE to FOLLOWER at term 2 for DISCOVERED_A_NEW_TERM
2019-09-29 11:18:13,583 [d87f90a9-3605-42ff-a73f-b54839b7ec6f@group-9C21AE147306:LeaderElection28] INFO  impl.RaftServerImpl (RaftServerImpl.java:setRole(174)) - d87f90a9-3605-42ff-a73f-b54839b7ec6f@group-9C21AE147306: changes role from CANDIDATE to FOLLOWER at term 2 for DISCOVERED_A_NEW_TERM
2019-09-29 11:18:13,583 [813e8ff3-5a9d-4177-a3ce-ff3f7795e702@group-9C21AE147306:LeaderElection27] INFO  impl.RoleInfo (RoleInfo.java:shutdownLeaderElection(134)) - 813e8ff3-5a9d-4177-a3ce-ff3f7795e702: shutdown LeaderElection
2019-09-29 11:18:13,583 [d87f90a9-3605-42ff-a73f-b54839b7ec6f@group-9C21AE147306:LeaderElection28] INFO  impl.RoleInfo (RoleInfo.java:shutdownLeaderElection(134)) - d87f90a9-3605-42ff-a73f-b54839b7ec6f: shutdown LeaderElection
2019-09-29 11:18:13,583 [813e8ff3-5a9d-4177-a3ce-ff3f7795e702@group-9C21AE147306:LeaderElection27] INFO  impl.RoleInfo (RoleInfo.java:updateAndGet(143)) - 813e8ff3-5a9d-4177-a3ce-ff3f7795e702: start FollowerState
2019-09-29 11:18:13,583 [d87f90a9-3605-42ff-a73f-b54839b7ec6f@group-9C21AE147306:LeaderElection28] INFO  impl.RoleInfo (RoleInfo.java:updateAndGet(143)) - d87f90a9-3605-42ff-a73f-b54839b7ec6f: start FollowerState
2019-09-29 11:18:13,671 [main] INFO  ozoneimpl.OzoneContainer (OzoneContainer.java:stop(231)) - Attempting to stop container services.
2019-09-29 11:18:13,672 [main] INFO  impl.RaftServerProxy (RaftServerProxy.java:lambda$close$4(314)) - 813e8ff3-5a9d-4177-a3ce-ff3f7795e702: close
2019-09-29 11:18:13,673 [main] INFO  impl.RaftServerImpl (RaftServerImpl.java:lambda$shutdown$3(251)) - 813e8ff3-5a9d-4177-a3ce-ff3f7795e702@group-3B8C7B1EF025: shutdown
2019-09-29 11:18:13,673 [ForkJoinPool.commonPool-worker-0] INFO  impl.RaftServerImpl (RaftServerImpl.java:lambda$shutdown$3(251)) - 813e8ff3-5a9d-4177-a3ce-ff3f7795e702@group-F32FA01037AB: shutdown
2019-09-29 11:18:13,674 [main] INFO  util.JmxRegister (JmxRegister.java:unregister(73)) - Successfully un-registered JMX Bean with object name Ratis:service=RaftServer,group=group-3B8C7B1EF025,id=813e8ff3-5a9d-4177-a3ce-ff3f7795e702
2019-09-29 11:18:13,674 [main] INFO  impl.RoleInfo (RoleInfo.java:shutdownFollowerState(121)) - 813e8ff3-5a9d-4177-a3ce-ff3f7795e702: shutdown FollowerState
2019-09-29 11:18:13,674 [ForkJoinPool.commonPool-worker-0] INFO  util.JmxRegister (JmxRegister.java:unregister(73)) - Successfully un-registered JMX Bean with object name Ratis:service=RaftServer,group=group-F32FA01037AB,id=813e8ff3-5a9d-4177-a3ce-ff3f7795e702
2019-09-29 11:18:13,675 [Thread-519] INFO  impl.FollowerState (FollowerState.java:run(115)) - 813e8ff3-5a9d-4177-a3ce-ff3f7795e702: FollowerState was interrupted: java.lang.InterruptedException: sleep interrupted
2019-09-29 11:18:13,675 [main] INFO  impl.StateMachineUpdater (StateMachineUpdater.java:stopAndJoin(125)) - 813e8ff3-5a9d-4177-a3ce-ff3f7795e702@group-3B8C7B1EF025-StateMachineUpdater: set stopIndex = 0
2019-09-29 11:18:13,678 [main] INFO  impl.RaftServerImpl (ServerState.java:close(385)) - 813e8ff3-5a9d-4177-a3ce-ff3f7795e702@group-3B8C7B1EF025: closes. applyIndex: 0
2019-09-29 11:18:13,675 [ForkJoinPool.commonPool-worker-0] INFO  impl.RoleInfo (RoleInfo.java:shutdownLeaderState(104)) - 813e8ff3-5a9d-4177-a3ce-ff3f7795e702: shutdown LeaderState
2019-09-29 11:18:13,678 [813e8ff3-5a9d-4177-a3ce-ff3f7795e702@group-3B8C7B1EF025-SegmentedRaftLogWorker] INFO  segmented.SegmentedRaftLogWorker (SegmentedRaftLogWorker.java:run(313)) - 813e8ff3-5a9d-4177-a3ce-ff3f7795e702@group-3B8C7B1EF025-SegmentedRaftLogWorker was interrupted, exiting. There are 0 tasks remaining in the queue.
2019-09-29 11:18:13,679 [ForkJoinPool.commonPool-worker-0] INFO  impl.PendingRequests (PendingRequests.java:sendNotLeaderResponses(202)) - 813e8ff3-5a9d-4177-a3ce-ff3f7795e702-PendingRequests: sendNotLeaderResponses
2019-09-29 11:18:13,681 [main] INFO  segmented.SegmentedRaftLogWorker (SegmentedRaftLogWorker.java:close(228)) - 813e8ff3-5a9d-4177-a3ce-ff3f7795e702@group-3B8C7B1EF025-SegmentedRaftLogWorker close()
2019-09-29 11:18:13,681 [ForkJoinPool.commonPool-worker-0] INFO  impl.StateMachineUpdater (StateMachineUpdater.java:stopAndJoin(125)) - 813e8ff3-5a9d-4177-a3ce-ff3f7795e702@group-F32FA01037AB-StateMachineUpdater: set stopIndex = 0
2019-09-29 11:18:13,685 [main] INFO  impl.RaftServerImpl (RaftServerImpl.java:lambda$shutdown$3(251)) - 813e8ff3-5a9d-4177-a3ce-ff3f7795e702@group-9C21AE147306: shutdown
2019-09-29 11:18:13,685 [ForkJoinPool.commonPool-worker-0] INFO  impl.RaftServerImpl (ServerState.java:close(385)) - 813e8ff3-5a9d-4177-a3ce-ff3f7795e702@group-F32FA01037AB: closes. applyIndex: 0
2019-09-29 11:18:13,686 [main] INFO  util.JmxRegister (JmxRegister.java:unregister(73)) - Successfully un-registered JMX Bean with object name Ratis:service=RaftServer,group=group-9C21AE147306,id=813e8ff3-5a9d-4177-a3ce-ff3f7795e702
2019-09-29 11:18:13,686 [813e8ff3-5a9d-4177-a3ce-ff3f7795e702@group-F32FA01037AB-SegmentedRaftLogWorker] INFO  segmented.SegmentedRaftLogWorker (SegmentedRaftLogWorker.java:run(313)) - 813e8ff3-5a9d-4177-a3ce-ff3f7795e702@group-F32FA01037AB-SegmentedRaftLogWorker was interrupted, exiting. There are 0 tasks remaining in the queue.
2019-09-29 11:18:13,686 [main] INFO  impl.RoleInfo (RoleInfo.java:shutdownFollowerState(121)) - 813e8ff3-5a9d-4177-a3ce-ff3f7795e702: shutdown FollowerState
2019-09-29 11:18:13,689 [ForkJoinPool.commonPool-worker-0] INFO  segmented.SegmentedRaftLogWorker (SegmentedRaftLogWorker.java:close(228)) - 813e8ff3-5a9d-4177-a3ce-ff3f7795e702@group-F32FA01037AB-SegmentedRaftLogWorker close()
2019-09-29 11:18:13,689 [Thread-573] INFO  impl.FollowerState (FollowerState.java:run(115)) - 813e8ff3-5a9d-4177-a3ce-ff3f7795e702: FollowerState was interrupted: java.lang.InterruptedException: sleep interrupted
2019-09-29 11:18:13,689 [main] INFO  impl.StateMachineUpdater (StateMachineUpdater.java:stopAndJoin(125)) - 813e8ff3-5a9d-4177-a3ce-ff3f7795e702@group-9C21AE147306-StateMachineUpdater: set stopIndex = 0
2019-09-29 11:18:13,697 [ForkJoinPool.commonPool-worker-0] INFO  impl.RaftServerImpl (RaftServerImpl.java:lambda$shutdown$3(251)) - 813e8ff3-5a9d-4177-a3ce-ff3f7795e702@group-457A954BF1FF: shutdown
2019-09-29 11:18:13,700 [main] INFO  impl.RaftServerImpl (ServerState.java:close(385)) - 813e8ff3-5a9d-4177-a3ce-ff3f7795e702@group-9C21AE147306: closes. applyIndex: 0
2019-09-29 11:18:13,700 [ForkJoinPool.commonPool-worker-0] INFO  util.JmxRegister (JmxRegister.java:unregister(73)) - Successfully un-registered JMX Bean with object name Ratis:service=RaftServer,group=group-457A954BF1FF,id=813e8ff3-5a9d-4177-a3ce-ff3f7795e702
2019-09-29 11:18:13,700 [813e8ff3-5a9d-4177-a3ce-ff3f7795e702@group-9C21AE147306-SegmentedRaftLogWorker] INFO  segmented.SegmentedRaftLogWorker (SegmentedRaftLogWorker.java:run(313)) - 813e8ff3-5a9d-4177-a3ce-ff3f7795e702@group-9C21AE147306-SegmentedRaftLogWorker was interrupted, exiting. There are 0 tasks remaining in the queue.
2019-09-29 11:18:13,700 [ForkJoinPool.commonPool-worker-0] INFO  impl.RoleInfo (RoleInfo.java:shutdownFollowerState(121)) - 813e8ff3-5a9d-4177-a3ce-ff3f7795e702: shutdown FollowerState
2019-09-29 11:18:13,701 [main] INFO  segmented.SegmentedRaftLogWorker (SegmentedRaftLogWorker.java:close(228)) - 813e8ff3-5a9d-4177-a3ce-ff3f7795e702@group-9C21AE147306-SegmentedRaftLogWorker close()
2019-09-29 11:18:13,701 [813e8ff3-5a9d-4177-a3ce-ff3f7795e702@group-457A954BF1FF-StateMachineUpdater] INFO  ratis.ContainerStateMachine (ContainerStateMachine.java:takeSnapshot(289)) - group-457A954BF1FF: Taking a snapshot at:(t:1, i:17) file /workdir/hadoop-ozone/integration-test/target/test-dir/MiniOzoneClusterImpl-9adecfa3-4693-4b3b-b175-846bdd8f8c06/datanode-2/data/ratis/ee592897-d3bf-4c96-a993-457a954bf1ff/sm/snapshot.1_17
2019-09-29 11:18:13,701 [Thread-384] INFO  impl.FollowerState (FollowerState.java:run(115)) - 813e8ff3-5a9d-4177-a3ce-ff3f7795e702: FollowerState was interrupted: java.lang.InterruptedException: sleep interrupted
2019-09-29 11:18:13,701 [ForkJoinPool.commonPool-worker-0] INFO  impl.StateMachineUpdater (StateMachineUpdater.java:stopAndJoin(125)) - 813e8ff3-5a9d-4177-a3ce-ff3f7795e702@group-457A954BF1FF-StateMachineUpdater: set stopIndex = 18
2019-09-29 11:18:13,703 [main] INFO  impl.RaftServerImpl (RaftServerImpl.java:lambda$shutdown$3(251)) - 813e8ff3-5a9d-4177-a3ce-ff3f7795e702@group-BE528AA980C6: shutdown
2019-09-29 11:18:13,704 [main] INFO  util.JmxRegister (JmxRegister.java:unregister(73)) - Successfully un-registered JMX Bean with object name Ratis:service=RaftServer,group=group-BE528AA980C6,id=813e8ff3-5a9d-4177-a3ce-ff3f7795e702
2019-09-29 11:18:13,704 [main] INFO  impl.RoleInfo (RoleInfo.java:shutdownFollowerState(121)) - 813e8ff3-5a9d-4177-a3ce-ff3f7795e702: shutdown FollowerState
2019-09-29 11:18:13,704 [main] INFO  impl.StateMachineUpdater (StateMachineUpdater.java:stopAndJoin(125)) - 813e8ff3-5a9d-4177-a3ce-ff3f7795e702@group-BE528AA980C6-StateMachineUpdater: set stopIndex = 0
2019-09-29 11:18:13,705 [main] INFO  impl.RaftServerImpl (ServerState.java:close(385)) - 813e8ff3-5a9d-4177-a3ce-ff3f7795e702@group-BE528AA980C6: closes. applyIndex: 0
2019-09-29 11:18:13,704 [Thread-369] INFO  impl.FollowerState (FollowerState.java:run(115)) - 813e8ff3-5a9d-4177-a3ce-ff3f7795e702: FollowerState was interrupted: java.lang.InterruptedException: sleep interrupted
2019-09-29 11:18:13,705 [813e8ff3-5a9d-4177-a3ce-ff3f7795e702@group-BE528AA980C6-SegmentedRaftLogWorker] INFO  segmented.SegmentedRaftLogWorker (SegmentedRaftLogWorker.java:run(313)) - 813e8ff3-5a9d-4177-a3ce-ff3f7795e702@group-BE528AA980C6-SegmentedRaftLogWorker was interrupted, exiting. There are 0 tasks remaining in the queue.
2019-09-29 11:18:13,706 [main] INFO  segmented.SegmentedRaftLogWorker (SegmentedRaftLogWorker.java:close(228)) - 813e8ff3-5a9d-4177-a3ce-ff3f7795e702@group-BE528AA980C6-SegmentedRaftLogWorker close()
2019-09-29 11:18:13,708 [main] INFO  impl.RaftServerImpl (RaftServerImpl.java:lambda$shutdown$3(251)) - 813e8ff3-5a9d-4177-a3ce-ff3f7795e702@group-ECC108AE71E7: shutdown
2019-09-29 11:18:13,708 [main] INFO  util.JmxRegister (JmxRegister.java:unregister(73)) - Successfully un-registered JMX Bean with object name Ratis:service=RaftServer,group=group-ECC108AE71E7,id=813e8ff3-5a9d-4177-a3ce-ff3f7795e702
2019-09-29 11:18:13,708 [main] INFO  impl.RoleInfo (RoleInfo.java:shutdownLeaderState(104)) - 813e8ff3-5a9d-4177-a3ce-ff3f7795e702: shutdown LeaderState
2019-09-29 11:18:13,712 [main] INFO  impl.PendingRequests (PendingRequests.java:sendNotLeaderResponses(202)) - 813e8ff3-5a9d-4177-a3ce-ff3f7795e702-PendingRequests: sendNotLeaderResponses
2019-09-29 11:18:13,712 [org.apache.ratis.server.impl.LogAppender$AppenderDaemon$$Lambda$506/1412001111@f5a434d] WARN  server.GrpcLogAppender (GrpcLogAppender.java:mayWait(143)) - 813e8ff3-5a9d-4177-a3ce-ff3f7795e702@group-ECC108AE71E7->16f9aea5-9974-4547-813d-50b5e9cbac2d-GrpcLogAppender: Wait interrupted by java.lang.InterruptedException
2019-09-29 11:18:13,712 [org.apache.ratis.server.impl.LogAppender$AppenderDaemon$$Lambda$506/1412001111@2132e84f] WARN  server.GrpcLogAppender (GrpcLogAppender.java:mayWait(143)) - 813e8ff3-5a9d-4177-a3ce-ff3f7795e702@group-ECC108AE71E7->d87f90a9-3605-42ff-a73f-b54839b7ec6f-GrpcLogAppender: Wait interrupted by java.lang.InterruptedException
2019-09-29 11:18:13,712 [main] INFO  impl.StateMachineUpdater (StateMachineUpdater.java:stopAndJoin(125)) - 813e8ff3-5a9d-4177-a3ce-ff3f7795e702@group-ECC108AE71E7-StateMachineUpdater: set stopIndex = 0
2019-09-29 11:18:13,713 [main] INFO  impl.RaftServerImpl (ServerState.java:close(385)) - 813e8ff3-5a9d-4177-a3ce-ff3f7795e702@group-ECC108AE71E7: closes. applyIndex: 0
2019-09-29 11:18:13,713 [813e8ff3-5a9d-4177-a3ce-ff3f7795e702@group-ECC108AE71E7-SegmentedRaftLogWorker] INFO  segmented.SegmentedRaftLogWorker (SegmentedRaftLogWorker.java:run(313)) - 813e8ff3-5a9d-4177-a3ce-ff3f7795e702@group-ECC108AE71E7-SegmentedRaftLogWorker was interrupted, exiting. There are 0 tasks remaining in the queue.
2019-09-29 11:18:13,714 [main] INFO  segmented.SegmentedRaftLogWorker (SegmentedRaftLogWorker.java:close(228)) - 813e8ff3-5a9d-4177-a3ce-ff3f7795e702@group-ECC108AE71E7-SegmentedRaftLogWorker close()
2019-09-29 11:18:13,714 [grpc-default-executor-0] INFO  server.GrpcServerProtocolService (GrpcServerProtocolService.java:onCompleted(113)) - d87f90a9-3605-42ff-a73f-b54839b7ec6f: Completed APPEND_ENTRIES, lastRequest: 813e8ff3-5a9d-4177-a3ce-ff3f7795e702->d87f90a9-3605-42ff-a73f-b54839b7ec6f#5-t1, previous=(t:1, i:0), leaderCommit=0, initializing? false, entries: <empty>
2019-09-29 11:18:13,716 [main] INFO  impl.RaftServerImpl (RaftServerImpl.java:lambda$shutdown$3(251)) - 813e8ff3-5a9d-4177-a3ce-ff3f7795e702@group-04C128AFAA8A: shutdown
2019-09-29 11:18:13,716 [main] INFO  util.JmxRegister (JmxRegister.java:unregister(73)) - Successfully un-registered JMX Bean with object name Ratis:service=RaftServer,group=group-04C128AFAA8A,id=813e8ff3-5a9d-4177-a3ce-ff3f7795e702
2019-09-29 11:18:13,716 [main] INFO  impl.RoleInfo (RoleInfo.java:shutdownFollowerState(121)) - 813e8ff3-5a9d-4177-a3ce-ff3f7795e702: shutdown FollowerState
2019-09-29 11:18:13,717 [grpc-default-executor-0] INFO  server.GrpcLogAppender (GrpcLogAppender.java:onCompleted(293)) - 813e8ff3-5a9d-4177-a3ce-ff3f7795e702@group-ECC108AE71E7->d87f90a9-3605-42ff-a73f-b54839b7ec6f-AppendLogResponseHandler: follower responses appendEntries COMPLETED
2019-09-29 11:18:13,717 [Thread-431] INFO  impl.FollowerState (FollowerState.java:run(115)) - 813e8ff3-5a9d-4177-a3ce-ff3f7795e702: FollowerState was interrupted: java.lang.InterruptedException: sleep interrupted
2019-09-29 11:18:13,717 [main] INFO  impl.StateMachineUpdater (StateMachineUpdater.java:stopAndJoin(125)) - 813e8ff3-5a9d-4177-a3ce-ff3f7795e702@group-04C128AFAA8A-StateMachineUpdater: set stopIndex = 0
2019-09-29 11:18:13,721 [grpc-default-executor-0] INFO  impl.FollowerInfo (FollowerInfo.java:lambda$new$0(51)) - 813e8ff3-5a9d-4177-a3ce-ff3f7795e702@group-ECC108AE71E7->d87f90a9-3605-42ff-a73f-b54839b7ec6f: nextIndex: updateUnconditionally 1 -> 0
2019-09-29 11:18:13,721 [main] INFO  impl.RaftServerImpl (ServerState.java:close(385)) - 813e8ff3-5a9d-4177-a3ce-ff3f7795e702@group-04C128AFAA8A: closes. applyIndex: 0
2019-09-29 11:18:13,722 [813e8ff3-5a9d-4177-a3ce-ff3f7795e702@group-04C128AFAA8A-SegmentedRaftLogWorker] INFO  segmented.SegmentedRaftLogWorker (SegmentedRaftLogWorker.java:run(313)) - 813e8ff3-5a9d-4177-a3ce-ff3f7795e702@group-04C128AFAA8A-SegmentedRaftLogWorker was interrupted, exiting. There are 0 tasks remaining in the queue.
2019-09-29 11:18:13,726 [main] INFO  segmented.SegmentedRaftLogWorker (SegmentedRaftLogWorker.java:close(228)) - 813e8ff3-5a9d-4177-a3ce-ff3f7795e702@group-04C128AFAA8A-SegmentedRaftLogWorker close()
2019-09-29 11:18:13,728 [813e8ff3-5a9d-4177-a3ce-ff3f7795e702@group-457A954BF1FF-StateMachineUpdater] INFO  ratis.ContainerStateMachine (ContainerStateMachine.java:takeSnapshot(300)) - group-457A954BF1FF: Finished taking a snapshot at:(t:1, i:17) file:/workdir/hadoop-ozone/integration-test/target/test-dir/MiniOzoneClusterImpl-9adecfa3-4693-4b3b-b175-846bdd8f8c06/datanode-2/data/ratis/ee592897-d3bf-4c96-a993-457a954bf1ff/sm/snapshot.1_17 time:25
2019-09-29 11:18:13,728 [main] INFO  impl.RaftServerImpl (RaftServerImpl.java:lambda$shutdown$3(251)) - 813e8ff3-5a9d-4177-a3ce-ff3f7795e702@group-069BEA507B86: shutdown
2019-09-29 11:18:13,728 [813e8ff3-5a9d-4177-a3ce-ff3f7795e702@group-457A954BF1FF-StateMachineUpdater] INFO  impl.StateMachineUpdater (StateMachineUpdater.java:takeSnapshot(258)) - 813e8ff3-5a9d-4177-a3ce-ff3f7795e702@group-457A954BF1FF-StateMachineUpdater: Took a snapshot at index 17
2019-09-29 11:18:13,728 [main] INFO  util.JmxRegister (JmxRegister.java:unregister(73)) - Successfully un-registered JMX Bean with object name Ratis:service=RaftServer,group=group-069BEA507B86,id=813e8ff3-5a9d-4177-a3ce-ff3f7795e702
2019-09-29 11:18:13,729 [main] INFO  impl.RoleInfo (RoleInfo.java:shutdownFollowerState(121)) - 813e8ff3-5a9d-4177-a3ce-ff3f7795e702: shutdown FollowerState
2019-09-29 11:18:13,728 [813e8ff3-5a9d-4177-a3ce-ff3f7795e702@group-457A954BF1FF-StateMachineUpdater] INFO  impl.StateMachineUpdater (StateMachineUpdater.java:lambda$new$0(83)) - 813e8ff3-5a9d-4177-a3ce-ff3f7795e702@group-457A954BF1FF-StateMachineUpdater: snapshotIndex: updateIncreasingly -1 -> 17
2019-09-29 11:18:13,729 [main] INFO  impl.StateMachineUpdater (StateMachineUpdater.java:stopAndJoin(125)) - 813e8ff3-5a9d-4177-a3ce-ff3f7795e702@group-069BEA507B86-StateMachineUpdater: set stopIndex = -1
2019-09-29 11:18:13,730 [main] INFO  impl.RaftServerImpl (ServerState.java:close(385)) - 813e8ff3-5a9d-4177-a3ce-ff3f7795e702@group-069BEA507B86: closes. applyIndex: -1
2019-09-29 11:18:13,729 [Thread-547] INFO  impl.FollowerState (FollowerState.java:run(115)) - 813e8ff3-5a9d-4177-a3ce-ff3f7795e702: FollowerState was interrupted: java.lang.InterruptedException: sleep interrupted
2019-09-29 11:18:13,730 [813e8ff3-5a9d-4177-a3ce-ff3f7795e702@group-069BEA507B86-SegmentedRaftLogWorker] INFO  segmented.SegmentedRaftLogWorker (SegmentedRaftLogWorker.java:run(313)) - 813e8ff3-5a9d-4177-a3ce-ff3f7795e702@group-069BEA507B86-SegmentedRaftLogWorker was interrupted, exiting. There are 0 tasks remaining in the queue.
2019-09-29 11:18:13,730 [813e8ff3-5a9d-4177-a3ce-ff3f7795e702@group-457A954BF1FF-StateMachineUpdater] INFO  ratis.ContainerStateMachine (ContainerStateMachine.java:takeSnapshot(289)) - group-457A954BF1FF: Taking a snapshot at:(t:1, i:17) file /workdir/hadoop-ozone/integration-test/target/test-dir/MiniOzoneClusterImpl-9adecfa3-4693-4b3b-b175-846bdd8f8c06/datanode-2/data/ratis/ee592897-d3bf-4c96-a993-457a954bf1ff/sm/snapshot.1_17
2019-09-29 11:18:13,732 [main] INFO  segmented.SegmentedRaftLogWorker (SegmentedRaftLogWorker.java:close(228)) - 813e8ff3-5a9d-4177-a3ce-ff3f7795e702@group-069BEA507B86-SegmentedRaftLogWorker close()
2019-09-29 11:18:13,757 [813e8ff3-5a9d-4177-a3ce-ff3f7795e702@group-457A954BF1FF-StateMachineUpdater] INFO  ratis.ContainerStateMachine (ContainerStateMachine.java:takeSnapshot(300)) - group-457A954BF1FF: Finished taking a snapshot at:(t:1, i:17) file:/workdir/hadoop-ozone/integration-test/target/test-dir/MiniOzoneClusterImpl-9adecfa3-4693-4b3b-b175-846bdd8f8c06/datanode-2/data/ratis/ee592897-d3bf-4c96-a993-457a954bf1ff/sm/snapshot.1_17 time:26
2019-09-29 11:18:13,757 [813e8ff3-5a9d-4177-a3ce-ff3f7795e702@group-457A954BF1FF-StateMachineUpdater] INFO  impl.StateMachineUpdater (StateMachineUpdater.java:takeSnapshot(258)) - 813e8ff3-5a9d-4177-a3ce-ff3f7795e702@group-457A954BF1FF-StateMachineUpdater: Took a snapshot at index 17
2019-09-29 11:18:13,757 [813e8ff3-5a9d-4177-a3ce-ff3f7795e702@group-457A954BF1FF-StateMachineUpdater] INFO  impl.StateMachineUpdater (StateMachineUpdater.java:lambda$new$0(83)) - 813e8ff3-5a9d-4177-a3ce-ff3f7795e702@group-457A954BF1FF-StateMachineUpdater: snapshotIndex: updateIncreasingly 17 -> 17
2019-09-29 11:18:13,757 [ForkJoinPool.commonPool-worker-0] INFO  impl.RaftServerImpl (ServerState.java:close(385)) - 813e8ff3-5a9d-4177-a3ce-ff3f7795e702@group-457A954BF1FF: closes. applyIndex: 18
2019-09-29 11:18:13,758 [813e8ff3-5a9d-4177-a3ce-ff3f7795e702@group-457A954BF1FF-SegmentedRaftLogWorker] INFO  segmented.SegmentedRaftLogWorker (SegmentedRaftLogWorker.java:run(313)) - 813e8ff3-5a9d-4177-a3ce-ff3f7795e702@group-457A954BF1FF-SegmentedRaftLogWorker was interrupted, exiting. There are 0 tasks remaining in the queue.
2019-09-29 11:18:13,758 [ForkJoinPool.commonPool-worker-0] INFO  segmented.SegmentedRaftLogWorker (SegmentedRaftLogWorker.java:close(228)) - 813e8ff3-5a9d-4177-a3ce-ff3f7795e702@group-457A954BF1FF-SegmentedRaftLogWorker close()
2019-09-29 11:18:13,760 [main] INFO  server.GrpcService (GrpcService.java:closeImpl(164)) - 813e8ff3-5a9d-4177-a3ce-ff3f7795e702: shutdown server with port 38815 now
2019-09-29 11:18:13,767 [grpc-default-executor-4] WARN  server.GrpcServerProtocolService (LogUtils.java:warn(134)) - 813e8ff3-5a9d-4177-a3ce-ff3f7795e702: installSnapshot onError, lastRequest: d87f90a9-3605-42ff-a73f-b54839b7ec6f->813e8ff3-5a9d-4177-a3ce-ff3f7795e702#22-t1, previous=(t:1, i:18), leaderCommit=18, initializing? false, entries: <empty>: org.apache.ratis.thirdparty.io.grpc.StatusRuntimeException: CANCELLED: cancelled before receiving half close
2019-09-29 11:18:13,767 [grpc-default-executor-5] WARN  server.GrpcServerProtocolService (LogUtils.java:warn(134)) - 813e8ff3-5a9d-4177-a3ce-ff3f7795e702: installSnapshot onError, lastRequest: d87f90a9-3605-42ff-a73f-b54839b7ec6f->813e8ff3-5a9d-4177-a3ce-ff3f7795e702#5-t1, previous=(t:1, i:0), leaderCommit=0, initializing? false, entries: <empty>: org.apache.ratis.thirdparty.io.grpc.StatusRuntimeException: CANCELLED: cancelled before receiving half close
2019-09-29 11:18:13,767 [grpc-default-executor-6] WARN  server.GrpcServerProtocolService (LogUtils.java:warn(134)) - 813e8ff3-5a9d-4177-a3ce-ff3f7795e702: installSnapshot onError, lastRequest: d87f90a9-3605-42ff-a73f-b54839b7ec6f->813e8ff3-5a9d-4177-a3ce-ff3f7795e702#3-t2, previous=(t:2, i:0), leaderCommit=0, initializing? false, entries: <empty>: org.apache.ratis.thirdparty.io.grpc.StatusRuntimeException: CANCELLED: cancelled before receiving half close
2019-09-29 11:18:13,768 [grpc-default-executor-2] WARN  server.GrpcLogAppender (LogUtils.java:warn(134)) - d87f90a9-3605-42ff-a73f-b54839b7ec6f@group-3B8C7B1EF025->813e8ff3-5a9d-4177-a3ce-ff3f7795e702-AppendLogResponseHandler: Failed appendEntries: org.apache.ratis.thirdparty.io.grpc.StatusRuntimeException: CANCELLED: HTTP/2 error code: CANCEL
Received Rst Stream
2019-09-29 11:18:13,768 [grpc-default-executor-0] WARN  server.GrpcLogAppender (LogUtils.java:warn(134)) - d87f90a9-3605-42ff-a73f-b54839b7ec6f@group-04C128AFAA8A->813e8ff3-5a9d-4177-a3ce-ff3f7795e702-AppendLogResponseHandler: Failed appendEntries: org.apache.ratis.thirdparty.io.grpc.StatusRuntimeException: CANCELLED: HTTP/2 error code: CANCEL
Received Rst Stream
2019-09-29 11:18:13,768 [main] INFO  server.GrpcService (GrpcService.java:closeImpl(172)) - 813e8ff3-5a9d-4177-a3ce-ff3f7795e702: shutdown server with port 38815 successfully
2019-09-29 11:18:13,768 [grpc-default-executor-3] WARN  server.GrpcLogAppender (LogUtils.java:warn(134)) - d87f90a9-3605-42ff-a73f-b54839b7ec6f@group-457A954BF1FF->813e8ff3-5a9d-4177-a3ce-ff3f7795e702-AppendLogResponseHandler: Failed appendEntries: org.apache.ratis.thirdparty.io.grpc.StatusRuntimeException: CANCELLED: HTTP/2 error code: CANCEL
Received Rst Stream
2019-09-29 11:18:13,768 [grpc-default-executor-0] INFO  impl.FollowerInfo (FollowerInfo.java:lambda$new$0(51)) - d87f90a9-3605-42ff-a73f-b54839b7ec6f@group-04C128AFAA8A->813e8ff3-5a9d-4177-a3ce-ff3f7795e702: nextIndex: updateUnconditionally 1 -> 0
2019-09-29 11:18:13,768 [grpc-default-executor-2] INFO  impl.FollowerInfo (FollowerInfo.java:lambda$new$0(51)) - d87f90a9-3605-42ff-a73f-b54839b7ec6f@group-3B8C7B1EF025->813e8ff3-5a9d-4177-a3ce-ff3f7795e702: nextIndex: updateUnconditionally 1 -> 0
2019-09-29 11:18:13,769 [grpc-default-executor-3] INFO  impl.FollowerInfo (FollowerInfo.java:lambda$new$0(51)) - d87f90a9-3605-42ff-a73f-b54839b7ec6f@group-457A954BF1FF->813e8ff3-5a9d-4177-a3ce-ff3f7795e702: nextIndex: updateUnconditionally 19 -> 18
2019-09-29 11:18:13,770 [refreshUsed-/workdir/hadoop-ozone/integration-test/target/test-dir/MiniOzoneClusterImpl-9adecfa3-4693-4b3b-b175-846bdd8f8c06/datanode-2/data/containers] WARN  fs.CachingGetSpaceUsed (CachingGetSpaceUsed.java:run(183)) - Thread Interrupted waiting to refresh disk information: sleep interrupted
2019-09-29 11:18:13,792 [main] INFO  utils.BackgroundService (BackgroundService.java:shutdown(148)) - Shutting down service BlockDeletingService
2019-09-29 11:18:13,797 [main] INFO  statemachine.DatanodeStateMachine (DatanodeStateMachine.java:stopDaemon(395)) - Ozone container server stopped.
2019-09-29 11:18:13,799 [main] INFO  handler.ContextHandler (ContextHandler.java:doStop(910)) - Stopped o.e.j.w.WebAppContext@7ecec90d{/,null,UNAVAILABLE}{/hddsDatanode}
2019-09-29 11:18:13,799 [main] INFO  server.AbstractConnector (AbstractConnector.java:doStop(318)) - Stopped ServerConnector@588f63c{HTTP/1.1,[http/1.1]}{0.0.0.0:0}
2019-09-29 11:18:13,800 [main] INFO  handler.ContextHandler (ContextHandler.java:doStop(910)) - Stopped o.e.j.s.ServletContextHandler@712cfb63{/static,jar:file:/home/user/.m2/repository/org/apache/hadoop/hadoop-hdds-container-service/0.5.0-SNAPSHOT/hadoop-hdds-container-service-0.5.0-SNAPSHOT.jar!/webapps/static,UNAVAILABLE}
2019-09-29 11:18:13,800 [main] INFO  handler.ContextHandler (ContextHandler.java:doStop(910)) - Stopped o.e.j.s.ServletContextHandler@726aa968{/logs,file:///workdir/hadoop-ozone/integration-test/target/log,UNAVAILABLE}
11:18:13.808 [grpc-default-executor-5] ERROR DNAudit - user=null | ip=null | op=WRITE_CHUNK {blockData=conID: 1 locID: 102875521237909504 bcsId: 14} | ret=FAILURE
org.apache.hadoop.hdds.scm.container.common.helpers.ContainerNotOpenException: Container 1 in CLOSED state
	at org.apache.hadoop.ozone.container.common.impl.HddsDispatcher.validateContainerCommand(HddsDispatcher.java:434) ~[hadoop-hdds-container-service-0.5.0-SNAPSHOT.jar:?]
	at org.apache.hadoop.ozone.container.common.transport.server.ratis.ContainerStateMachine.startTransaction(ContainerStateMachine.java:315) ~[hadoop-hdds-container-service-0.5.0-SNAPSHOT.jar:?]
	at org.apache.ratis.server.impl.RaftServerImpl.submitClientRequestAsync(RaftServerImpl.java:573) ~[ratis-server-0.4.0.jar:0.4.0]
	at org.apache.ratis.server.impl.RaftServerProxy.lambda$submitClientRequestAsync$7(RaftServerProxy.java:333) ~[ratis-server-0.4.0.jar:0.4.0]
	at org.apache.ratis.server.impl.RaftServerProxy.lambda$null$5(RaftServerProxy.java:328) ~[ratis-server-0.4.0.jar:0.4.0]
	at org.apache.ratis.util.JavaUtils.callAsUnchecked(JavaUtils.java:109) ~[ratis-common-0.4.0.jar:0.4.0]
	at org.apache.ratis.server.impl.RaftServerProxy.lambda$submitRequest$6(RaftServerProxy.java:328) ~[ratis-server-0.4.0.jar:0.4.0]
	at java.util.concurrent.CompletableFuture.uniComposeStage(CompletableFuture.java:981) ~[?:1.8.0_212]
	at java.util.concurrent.CompletableFuture.thenCompose(CompletableFuture.java:2124) ~[?:1.8.0_212]
	at org.apache.ratis.server.impl.RaftServerProxy.submitRequest(RaftServerProxy.java:327) ~[ratis-server-0.4.0.jar:0.4.0]
	at org.apache.ratis.server.impl.RaftServerProxy.submitClientRequestAsync(RaftServerProxy.java:333) ~[ratis-server-0.4.0.jar:0.4.0]
	at org.apache.ratis.grpc.client.GrpcClientProtocolService$RequestStreamObserver.processClientRequest(GrpcClientProtocolService.java:220) ~[ratis-grpc-0.4.0.jar:0.4.0]
	at org.apache.ratis.grpc.client.GrpcClientProtocolService$OrderedRequestStreamObserver.processClientRequest(GrpcClientProtocolService.java:326) ~[ratis-grpc-0.4.0.jar:0.4.0]
	at org.apache.ratis.util.SlidingWindow$Server.processRequestsFromHead(SlidingWindow.java:429) [ratis-common-0.4.0.jar:0.4.0]
	at org.apache.ratis.util.SlidingWindow$Server.receivedRequest(SlidingWindow.java:421) [ratis-common-0.4.0.jar:0.4.0]
	at org.apache.ratis.grpc.client.GrpcClientProtocolService$OrderedRequestStreamObserver.processClientRequest(GrpcClientProtocolService.java:345) [ratis-grpc-0.4.0.jar:0.4.0]
	at org.apache.ratis.grpc.client.GrpcClientProtocolService$RequestStreamObserver.onNext(GrpcClientProtocolService.java:240) [ratis-grpc-0.4.0.jar:0.4.0]
	at org.apache.ratis.grpc.client.GrpcClientProtocolService$RequestStreamObserver.onNext(GrpcClientProtocolService.java:168) [ratis-grpc-0.4.0.jar:0.4.0]
	at org.apache.ratis.thirdparty.io.grpc.stub.ServerCalls$StreamingServerCallHandler$StreamingServerCallListener.onMessage(ServerCalls.java:248) [ratis-thirdparty-misc-0.2.0.jar:0.2.0]
	at org.apache.ratis.thirdparty.io.grpc.internal.ServerCallImpl$ServerStreamListenerImpl.messagesAvailable(ServerCallImpl.java:263) [ratis-thirdparty-misc-0.2.0.jar:0.2.0]
	at org.apache.ratis.thirdparty.io.grpc.internal.ServerImpl$JumpToApplicationThreadServerStreamListener$1MessagesAvailable.runInContext(ServerImpl.java:686) [ratis-thirdparty-misc-0.2.0.jar:0.2.0]
	at org.apache.ratis.thirdparty.io.grpc.internal.ContextRunnable.run(ContextRunnable.java:37) [ratis-thirdparty-misc-0.2.0.jar:0.2.0]
	at org.apache.ratis.thirdparty.io.grpc.internal.SerializingExecutor.run(SerializingExecutor.java:123) [ratis-thirdparty-misc-0.2.0.jar:0.2.0]
	at java.util.concurrent.ThreadPoolExecutor.runWorker(ThreadPoolExecutor.java:1149) [?:1.8.0_212]
	at java.util.concurrent.ThreadPoolExecutor$Worker.run(ThreadPoolExecutor.java:624) [?:1.8.0_212]
	at java.lang.Thread.run(Thread.java:748) [?:1.8.0_212]
11:18:13.850 [grpc-default-executor-5] ERROR DNAudit - user=null | ip=null | op=WRITE_CHUNK {blockData=conID: 1 locID: 102875521237909504 bcsId: 14} | ret=FAILURE
org.apache.hadoop.hdds.scm.container.common.helpers.ContainerNotOpenException: Container 1 in CLOSED state
	at org.apache.hadoop.ozone.container.common.impl.HddsDispatcher.validateContainerCommand(HddsDispatcher.java:434) ~[hadoop-hdds-container-service-0.5.0-SNAPSHOT.jar:?]
	at org.apache.hadoop.ozone.container.common.transport.server.ratis.ContainerStateMachine.startTransaction(ContainerStateMachine.java:315) ~[hadoop-hdds-container-service-0.5.0-SNAPSHOT.jar:?]
	at org.apache.ratis.server.impl.RaftServerImpl.submitClientRequestAsync(RaftServerImpl.java:573) ~[ratis-server-0.4.0.jar:0.4.0]
	at org.apache.ratis.server.impl.RaftServerProxy.lambda$submitClientRequestAsync$7(RaftServerProxy.java:333) ~[ratis-server-0.4.0.jar:0.4.0]
	at org.apache.ratis.server.impl.RaftServerProxy.lambda$null$5(RaftServerProxy.java:328) ~[ratis-server-0.4.0.jar:0.4.0]
	at org.apache.ratis.util.JavaUtils.callAsUnchecked(JavaUtils.java:109) ~[ratis-common-0.4.0.jar:0.4.0]
	at org.apache.ratis.server.impl.RaftServerProxy.lambda$submitRequest$6(RaftServerProxy.java:328) ~[ratis-server-0.4.0.jar:0.4.0]
	at java.util.concurrent.CompletableFuture.uniComposeStage(CompletableFuture.java:981) ~[?:1.8.0_212]
	at java.util.concurrent.CompletableFuture.thenCompose(CompletableFuture.java:2124) ~[?:1.8.0_212]
	at org.apache.ratis.server.impl.RaftServerProxy.submitRequest(RaftServerProxy.java:327) ~[ratis-server-0.4.0.jar:0.4.0]
	at org.apache.ratis.server.impl.RaftServerProxy.submitClientRequestAsync(RaftServerProxy.java:333) ~[ratis-server-0.4.0.jar:0.4.0]
	at org.apache.ratis.grpc.client.GrpcClientProtocolService$RequestStreamObserver.processClientRequest(GrpcClientProtocolService.java:220) ~[ratis-grpc-0.4.0.jar:0.4.0]
	at org.apache.ratis.grpc.client.GrpcClientProtocolService$OrderedRequestStreamObserver.processClientRequest(GrpcClientProtocolService.java:326) ~[ratis-grpc-0.4.0.jar:0.4.0]
	at org.apache.ratis.util.SlidingWindow$Server.processRequestsFromHead(SlidingWindow.java:429) [ratis-common-0.4.0.jar:0.4.0]
	at org.apache.ratis.util.SlidingWindow$Server.receivedRequest(SlidingWindow.java:421) [ratis-common-0.4.0.jar:0.4.0]
	at org.apache.ratis.grpc.client.GrpcClientProtocolService$OrderedRequestStreamObserver.processClientRequest(GrpcClientProtocolService.java:345) [ratis-grpc-0.4.0.jar:0.4.0]
	at org.apache.ratis.grpc.client.GrpcClientProtocolService$RequestStreamObserver.onNext(GrpcClientProtocolService.java:240) [ratis-grpc-0.4.0.jar:0.4.0]
	at org.apache.ratis.grpc.client.GrpcClientProtocolService$RequestStreamObserver.onNext(GrpcClientProtocolService.java:168) [ratis-grpc-0.4.0.jar:0.4.0]
	at org.apache.ratis.thirdparty.io.grpc.stub.ServerCalls$StreamingServerCallHandler$StreamingServerCallListener.onMessage(ServerCalls.java:248) [ratis-thirdparty-misc-0.2.0.jar:0.2.0]
	at org.apache.ratis.thirdparty.io.grpc.internal.ServerCallImpl$ServerStreamListenerImpl.messagesAvailable(ServerCallImpl.java:263) [ratis-thirdparty-misc-0.2.0.jar:0.2.0]
	at org.apache.ratis.thirdparty.io.grpc.internal.ServerImpl$JumpToApplicationThreadServerStreamListener$1MessagesAvailable.runInContext(ServerImpl.java:686) [ratis-thirdparty-misc-0.2.0.jar:0.2.0]
	at org.apache.ratis.thirdparty.io.grpc.internal.ContextRunnable.run(ContextRunnable.java:37) [ratis-thirdparty-misc-0.2.0.jar:0.2.0]
	at org.apache.ratis.thirdparty.io.grpc.internal.SerializingExecutor.run(SerializingExecutor.java:123) [ratis-thirdparty-misc-0.2.0.jar:0.2.0]
	at java.util.concurrent.ThreadPoolExecutor.runWorker(ThreadPoolExecutor.java:1149) [?:1.8.0_212]
	at java.util.concurrent.ThreadPoolExecutor$Worker.run(ThreadPoolExecutor.java:624) [?:1.8.0_212]
	at java.lang.Thread.run(Thread.java:748) [?:1.8.0_212]
11:18:13.864 [grpc-default-executor-5] ERROR DNAudit - user=null | ip=null | op=PUT_BLOCK {blockData=[blockId=conID: 1 locID: 102875521237909504 bcsId: 0,size=650]} | ret=FAILURE
org.apache.hadoop.hdds.scm.container.common.helpers.ContainerNotOpenException: Container 1 in CLOSED state
	at org.apache.hadoop.ozone.container.common.impl.HddsDispatcher.validateContainerCommand(HddsDispatcher.java:434) ~[hadoop-hdds-container-service-0.5.0-SNAPSHOT.jar:?]
	at org.apache.hadoop.ozone.container.common.transport.server.ratis.ContainerStateMachine.startTransaction(ContainerStateMachine.java:315) ~[hadoop-hdds-container-service-0.5.0-SNAPSHOT.jar:?]
	at org.apache.ratis.server.impl.RaftServerImpl.submitClientRequestAsync(RaftServerImpl.java:573) ~[ratis-server-0.4.0.jar:0.4.0]
	at org.apache.ratis.server.impl.RaftServerProxy.lambda$submitClientRequestAsync$7(RaftServerProxy.java:333) ~[ratis-server-0.4.0.jar:0.4.0]
	at org.apache.ratis.server.impl.RaftServerProxy.lambda$null$5(RaftServerProxy.java:328) ~[ratis-server-0.4.0.jar:0.4.0]
	at org.apache.ratis.util.JavaUtils.callAsUnchecked(JavaUtils.java:109) ~[ratis-common-0.4.0.jar:0.4.0]
	at org.apache.ratis.server.impl.RaftServerProxy.lambda$submitRequest$6(RaftServerProxy.java:328) ~[ratis-server-0.4.0.jar:0.4.0]
	at java.util.concurrent.CompletableFuture.uniComposeStage(CompletableFuture.java:981) ~[?:1.8.0_212]
	at java.util.concurrent.CompletableFuture.thenCompose(CompletableFuture.java:2124) ~[?:1.8.0_212]
	at org.apache.ratis.server.impl.RaftServerProxy.submitRequest(RaftServerProxy.java:327) ~[ratis-server-0.4.0.jar:0.4.0]
	at org.apache.ratis.server.impl.RaftServerProxy.submitClientRequestAsync(RaftServerProxy.java:333) ~[ratis-server-0.4.0.jar:0.4.0]
	at org.apache.ratis.grpc.client.GrpcClientProtocolService$RequestStreamObserver.processClientRequest(GrpcClientProtocolService.java:220) ~[ratis-grpc-0.4.0.jar:0.4.0]
	at org.apache.ratis.grpc.client.GrpcClientProtocolService$OrderedRequestStreamObserver.processClientRequest(GrpcClientProtocolService.java:326) ~[ratis-grpc-0.4.0.jar:0.4.0]
	at org.apache.ratis.util.SlidingWindow$Server.processRequestsFromHead(SlidingWindow.java:429) [ratis-common-0.4.0.jar:0.4.0]
	at org.apache.ratis.util.SlidingWindow$Server.receivedRequest(SlidingWindow.java:421) [ratis-common-0.4.0.jar:0.4.0]
	at org.apache.ratis.grpc.client.GrpcClientProtocolService$OrderedRequestStreamObserver.processClientRequest(GrpcClientProtocolService.java:345) [ratis-grpc-0.4.0.jar:0.4.0]
	at org.apache.ratis.grpc.client.GrpcClientProtocolService$RequestStreamObserver.onNext(GrpcClientProtocolService.java:240) [ratis-grpc-0.4.0.jar:0.4.0]
	at org.apache.ratis.grpc.client.GrpcClientProtocolService$RequestStreamObserver.onNext(GrpcClientProtocolService.java:168) [ratis-grpc-0.4.0.jar:0.4.0]
	at org.apache.ratis.thirdparty.io.grpc.stub.ServerCalls$StreamingServerCallHandler$StreamingServerCallListener.onMessage(ServerCalls.java:248) [ratis-thirdparty-misc-0.2.0.jar:0.2.0]
	at org.apache.ratis.thirdparty.io.grpc.internal.ServerCallImpl$ServerStreamListenerImpl.messagesAvailable(ServerCallImpl.java:263) [ratis-thirdparty-misc-0.2.0.jar:0.2.0]
	at org.apache.ratis.thirdparty.io.grpc.internal.ServerImpl$JumpToApplicationThreadServerStreamListener$1MessagesAvailable.runInContext(ServerImpl.java:686) [ratis-thirdparty-misc-0.2.0.jar:0.2.0]
	at org.apache.ratis.thirdparty.io.grpc.internal.ContextRunnable.run(ContextRunnable.java:37) [ratis-thirdparty-misc-0.2.0.jar:0.2.0]
	at org.apache.ratis.thirdparty.io.grpc.internal.SerializingExecutor.run(SerializingExecutor.java:123) [ratis-thirdparty-misc-0.2.0.jar:0.2.0]
	at java.util.concurrent.ThreadPoolExecutor.runWorker(ThreadPoolExecutor.java:1149) [?:1.8.0_212]
	at java.util.concurrent.ThreadPoolExecutor$Worker.run(ThreadPoolExecutor.java:624) [?:1.8.0_212]
	at java.lang.Thread.run(Thread.java:748) [?:1.8.0_212]
11:18:13.871 [grpc-default-executor-5] ERROR DNAudit - user=null | ip=null | op=WRITE_CHUNK {blockData=conID: 1 locID: 102875521237909504 bcsId: 14} | ret=FAILURE
org.apache.hadoop.hdds.scm.container.common.helpers.ContainerNotOpenException: Container 1 in CLOSED state
	at org.apache.hadoop.ozone.container.common.impl.HddsDispatcher.validateContainerCommand(HddsDispatcher.java:434) ~[hadoop-hdds-container-service-0.5.0-SNAPSHOT.jar:?]
	at org.apache.hadoop.ozone.container.common.transport.server.ratis.ContainerStateMachine.startTransaction(ContainerStateMachine.java:315) ~[hadoop-hdds-container-service-0.5.0-SNAPSHOT.jar:?]
	at org.apache.ratis.server.impl.RaftServerImpl.submitClientRequestAsync(RaftServerImpl.java:573) ~[ratis-server-0.4.0.jar:0.4.0]
	at org.apache.ratis.server.impl.RaftServerProxy.lambda$submitClientRequestAsync$7(RaftServerProxy.java:333) ~[ratis-server-0.4.0.jar:0.4.0]
	at org.apache.ratis.server.impl.RaftServerProxy.lambda$null$5(RaftServerProxy.java:328) ~[ratis-server-0.4.0.jar:0.4.0]
	at org.apache.ratis.util.JavaUtils.callAsUnchecked(JavaUtils.java:109) ~[ratis-common-0.4.0.jar:0.4.0]
	at org.apache.ratis.server.impl.RaftServerProxy.lambda$submitRequest$6(RaftServerProxy.java:328) ~[ratis-server-0.4.0.jar:0.4.0]
	at java.util.concurrent.CompletableFuture.uniComposeStage(CompletableFuture.java:981) ~[?:1.8.0_212]
	at java.util.concurrent.CompletableFuture.thenCompose(CompletableFuture.java:2124) ~[?:1.8.0_212]
	at org.apache.ratis.server.impl.RaftServerProxy.submitRequest(RaftServerProxy.java:327) ~[ratis-server-0.4.0.jar:0.4.0]
	at org.apache.ratis.server.impl.RaftServerProxy.submitClientRequestAsync(RaftServerProxy.java:333) ~[ratis-server-0.4.0.jar:0.4.0]
	at org.apache.ratis.grpc.client.GrpcClientProtocolService$RequestStreamObserver.processClientRequest(GrpcClientProtocolService.java:220) ~[ratis-grpc-0.4.0.jar:0.4.0]
	at org.apache.ratis.grpc.client.GrpcClientProtocolService$OrderedRequestStreamObserver.processClientRequest(GrpcClientProtocolService.java:326) ~[ratis-grpc-0.4.0.jar:0.4.0]
	at org.apache.ratis.util.SlidingWindow$Server.processRequestsFromHead(SlidingWindow.java:429) [ratis-common-0.4.0.jar:0.4.0]
	at org.apache.ratis.util.SlidingWindow$Server.receivedRequest(SlidingWindow.java:421) [ratis-common-0.4.0.jar:0.4.0]
	at org.apache.ratis.grpc.client.GrpcClientProtocolService$OrderedRequestStreamObserver.processClientRequest(GrpcClientProtocolService.java:345) [ratis-grpc-0.4.0.jar:0.4.0]
	at org.apache.ratis.grpc.client.GrpcClientProtocolService$RequestStreamObserver.onNext(GrpcClientProtocolService.java:240) [ratis-grpc-0.4.0.jar:0.4.0]
	at org.apache.ratis.grpc.client.GrpcClientProtocolService$RequestStreamObserver.onNext(GrpcClientProtocolService.java:168) [ratis-grpc-0.4.0.jar:0.4.0]
	at org.apache.ratis.thirdparty.io.grpc.stub.ServerCalls$StreamingServerCallHandler$StreamingServerCallListener.onMessage(ServerCalls.java:248) [ratis-thirdparty-misc-0.2.0.jar:0.2.0]
	at org.apache.ratis.thirdparty.io.grpc.internal.ServerCallImpl$ServerStreamListenerImpl.messagesAvailable(ServerCallImpl.java:263) [ratis-thirdparty-misc-0.2.0.jar:0.2.0]
	at org.apache.ratis.thirdparty.io.grpc.internal.ServerImpl$JumpToApplicationThreadServerStreamListener$1MessagesAvailable.runInContext(ServerImpl.java:686) [ratis-thirdparty-misc-0.2.0.jar:0.2.0]
	at org.apache.ratis.thirdparty.io.grpc.internal.ContextRunnable.run(ContextRunnable.java:37) [ratis-thirdparty-misc-0.2.0.jar:0.2.0]
	at org.apache.ratis.thirdparty.io.grpc.internal.SerializingExecutor.run(SerializingExecutor.java:123) [ratis-thirdparty-misc-0.2.0.jar:0.2.0]
	at java.util.concurrent.ThreadPoolExecutor.runWorker(ThreadPoolExecutor.java:1149) [?:1.8.0_212]
	at java.util.concurrent.ThreadPoolExecutor$Worker.run(ThreadPoolExecutor.java:624) [?:1.8.0_212]
	at java.lang.Thread.run(Thread.java:748) [?:1.8.0_212]
11:18:13.878 [grpc-default-executor-3] ERROR DNAudit - user=null | ip=null | op=WRITE_CHUNK {blockData=conID: 1 locID: 102875521237909504 bcsId: 14} | ret=FAILURE
org.apache.hadoop.hdds.scm.container.common.helpers.ContainerNotOpenException: Container 1 in CLOSED state
	at org.apache.hadoop.ozone.container.common.impl.HddsDispatcher.validateContainerCommand(HddsDispatcher.java:434) ~[hadoop-hdds-container-service-0.5.0-SNAPSHOT.jar:?]
	at org.apache.hadoop.ozone.container.common.transport.server.ratis.ContainerStateMachine.startTransaction(ContainerStateMachine.java:315) ~[hadoop-hdds-container-service-0.5.0-SNAPSHOT.jar:?]
	at org.apache.ratis.server.impl.RaftServerImpl.submitClientRequestAsync(RaftServerImpl.java:573) ~[ratis-server-0.4.0.jar:0.4.0]
	at org.apache.ratis.server.impl.RaftServerProxy.lambda$submitClientRequestAsync$7(RaftServerProxy.java:333) ~[ratis-server-0.4.0.jar:0.4.0]
	at org.apache.ratis.server.impl.RaftServerProxy.lambda$null$5(RaftServerProxy.java:328) ~[ratis-server-0.4.0.jar:0.4.0]
	at org.apache.ratis.util.JavaUtils.callAsUnchecked(JavaUtils.java:109) ~[ratis-common-0.4.0.jar:0.4.0]
	at org.apache.ratis.server.impl.RaftServerProxy.lambda$submitRequest$6(RaftServerProxy.java:328) ~[ratis-server-0.4.0.jar:0.4.0]
	at java.util.concurrent.CompletableFuture.uniComposeStage(CompletableFuture.java:981) ~[?:1.8.0_212]
	at java.util.concurrent.CompletableFuture.thenCompose(CompletableFuture.java:2124) ~[?:1.8.0_212]
	at org.apache.ratis.server.impl.RaftServerProxy.submitRequest(RaftServerProxy.java:327) ~[ratis-server-0.4.0.jar:0.4.0]
	at org.apache.ratis.server.impl.RaftServerProxy.submitClientRequestAsync(RaftServerProxy.java:333) ~[ratis-server-0.4.0.jar:0.4.0]
	at org.apache.ratis.grpc.client.GrpcClientProtocolService$RequestStreamObserver.processClientRequest(GrpcClientProtocolService.java:220) ~[ratis-grpc-0.4.0.jar:0.4.0]
	at org.apache.ratis.grpc.client.GrpcClientProtocolService$OrderedRequestStreamObserver.processClientRequest(GrpcClientProtocolService.java:326) ~[ratis-grpc-0.4.0.jar:0.4.0]
	at org.apache.ratis.util.SlidingWindow$Server.processRequestsFromHead(SlidingWindow.java:429) [ratis-common-0.4.0.jar:0.4.0]
	at org.apache.ratis.util.SlidingWindow$Server.receivedRequest(SlidingWindow.java:421) [ratis-common-0.4.0.jar:0.4.0]
	at org.apache.ratis.grpc.client.GrpcClientProtocolService$OrderedRequestStreamObserver.processClientRequest(GrpcClientProtocolService.java:345) [ratis-grpc-0.4.0.jar:0.4.0]
	at org.apache.ratis.grpc.client.GrpcClientProtocolService$RequestStreamObserver.onNext(GrpcClientProtocolService.java:240) [ratis-grpc-0.4.0.jar:0.4.0]
	at org.apache.ratis.grpc.client.GrpcClientProtocolService$RequestStreamObserver.onNext(GrpcClientProtocolService.java:168) [ratis-grpc-0.4.0.jar:0.4.0]
	at org.apache.ratis.thirdparty.io.grpc.stub.ServerCalls$StreamingServerCallHandler$StreamingServerCallListener.onMessage(ServerCalls.java:248) [ratis-thirdparty-misc-0.2.0.jar:0.2.0]
	at org.apache.ratis.thirdparty.io.grpc.internal.ServerCallImpl$ServerStreamListenerImpl.messagesAvailable(ServerCallImpl.java:263) [ratis-thirdparty-misc-0.2.0.jar:0.2.0]
	at org.apache.ratis.thirdparty.io.grpc.internal.ServerImpl$JumpToApplicationThreadServerStreamListener$1MessagesAvailable.runInContext(ServerImpl.java:686) [ratis-thirdparty-misc-0.2.0.jar:0.2.0]
	at org.apache.ratis.thirdparty.io.grpc.internal.ContextRunnable.run(ContextRunnable.java:37) [ratis-thirdparty-misc-0.2.0.jar:0.2.0]
	at org.apache.ratis.thirdparty.io.grpc.internal.SerializingExecutor.run(SerializingExecutor.java:123) [ratis-thirdparty-misc-0.2.0.jar:0.2.0]
	at java.util.concurrent.ThreadPoolExecutor.runWorker(ThreadPoolExecutor.java:1149) [?:1.8.0_212]
	at java.util.concurrent.ThreadPoolExecutor$Worker.run(ThreadPoolExecutor.java:624) [?:1.8.0_212]
	at java.lang.Thread.run(Thread.java:748) [?:1.8.0_212]
11:18:13.887 [grpc-default-executor-3] ERROR DNAudit - user=null | ip=null | op=PUT_BLOCK {blockData=[blockId=conID: 1 locID: 102875521237909504 bcsId: 0,size=800]} | ret=FAILURE
org.apache.hadoop.hdds.scm.container.common.helpers.ContainerNotOpenException: Container 1 in CLOSED state
	at org.apache.hadoop.ozone.container.common.impl.HddsDispatcher.validateContainerCommand(HddsDispatcher.java:434) ~[hadoop-hdds-container-service-0.5.0-SNAPSHOT.jar:?]
	at org.apache.hadoop.ozone.container.common.transport.server.ratis.ContainerStateMachine.startTransaction(ContainerStateMachine.java:315) ~[hadoop-hdds-container-service-0.5.0-SNAPSHOT.jar:?]
	at org.apache.ratis.server.impl.RaftServerImpl.submitClientRequestAsync(RaftServerImpl.java:573) ~[ratis-server-0.4.0.jar:0.4.0]
	at org.apache.ratis.server.impl.RaftServerProxy.lambda$submitClientRequestAsync$7(RaftServerProxy.java:333) ~[ratis-server-0.4.0.jar:0.4.0]
	at org.apache.ratis.server.impl.RaftServerProxy.lambda$null$5(RaftServerProxy.java:328) ~[ratis-server-0.4.0.jar:0.4.0]
	at org.apache.ratis.util.JavaUtils.callAsUnchecked(JavaUtils.java:109) ~[ratis-common-0.4.0.jar:0.4.0]
	at org.apache.ratis.server.impl.RaftServerProxy.lambda$submitRequest$6(RaftServerProxy.java:328) ~[ratis-server-0.4.0.jar:0.4.0]
	at java.util.concurrent.CompletableFuture.uniComposeStage(CompletableFuture.java:981) ~[?:1.8.0_212]
	at java.util.concurrent.CompletableFuture.thenCompose(CompletableFuture.java:2124) ~[?:1.8.0_212]
	at org.apache.ratis.server.impl.RaftServerProxy.submitRequest(RaftServerProxy.java:327) ~[ratis-server-0.4.0.jar:0.4.0]
	at org.apache.ratis.server.impl.RaftServerProxy.submitClientRequestAsync(RaftServerProxy.java:333) ~[ratis-server-0.4.0.jar:0.4.0]
	at org.apache.ratis.grpc.client.GrpcClientProtocolService$RequestStreamObserver.processClientRequest(GrpcClientProtocolService.java:220) ~[ratis-grpc-0.4.0.jar:0.4.0]
	at org.apache.ratis.grpc.client.GrpcClientProtocolService$OrderedRequestStreamObserver.processClientRequest(GrpcClientProtocolService.java:326) ~[ratis-grpc-0.4.0.jar:0.4.0]
	at org.apache.ratis.util.SlidingWindow$Server.processRequestsFromHead(SlidingWindow.java:429) [ratis-common-0.4.0.jar:0.4.0]
	at org.apache.ratis.util.SlidingWindow$Server.receivedRequest(SlidingWindow.java:421) [ratis-common-0.4.0.jar:0.4.0]
	at org.apache.ratis.grpc.client.GrpcClientProtocolService$OrderedRequestStreamObserver.processClientRequest(GrpcClientProtocolService.java:345) [ratis-grpc-0.4.0.jar:0.4.0]
	at org.apache.ratis.grpc.client.GrpcClientProtocolService$RequestStreamObserver.onNext(GrpcClientProtocolService.java:240) [ratis-grpc-0.4.0.jar:0.4.0]
	at org.apache.ratis.grpc.client.GrpcClientProtocolService$RequestStreamObserver.onNext(GrpcClientProtocolService.java:168) [ratis-grpc-0.4.0.jar:0.4.0]
	at org.apache.ratis.thirdparty.io.grpc.stub.ServerCalls$StreamingServerCallHandler$StreamingServerCallListener.onMessage(ServerCalls.java:248) [ratis-thirdparty-misc-0.2.0.jar:0.2.0]
	at org.apache.ratis.thirdparty.io.grpc.internal.ServerCallImpl$ServerStreamListenerImpl.messagesAvailable(ServerCallImpl.java:263) [ratis-thirdparty-misc-0.2.0.jar:0.2.0]
	at org.apache.ratis.thirdparty.io.grpc.internal.ServerImpl$JumpToApplicationThreadServerStreamListener$1MessagesAvailable.runInContext(ServerImpl.java:686) [ratis-thirdparty-misc-0.2.0.jar:0.2.0]
	at org.apache.ratis.thirdparty.io.grpc.internal.ContextRunnable.run(ContextRunnable.java:37) [ratis-thirdparty-misc-0.2.0.jar:0.2.0]
	at org.apache.ratis.thirdparty.io.grpc.internal.SerializingExecutor.run(SerializingExecutor.java:123) [ratis-thirdparty-misc-0.2.0.jar:0.2.0]
	at java.util.concurrent.ThreadPoolExecutor.runWorker(ThreadPoolExecutor.java:1149) [?:1.8.0_212]
	at java.util.concurrent.ThreadPoolExecutor$Worker.run(ThreadPoolExecutor.java:624) [?:1.8.0_212]
	at java.lang.Thread.run(Thread.java:748) [?:1.8.0_212]
2019-09-29 11:18:13,926 [IPC Server handler 11 on 37978] WARN  block.BlockManagerImpl (BlockManagerImpl.java:allocateBlock(192)) - Pipeline creation failed for type:RATIS factor:THREE. Datanodes may be used up.
org.apache.hadoop.hdds.scm.exceptions.SCMException: Pipeline number meets the limit: 14
	at org.apache.hadoop.hdds.scm.pipeline.SCMPipelineManager.createPipeline(SCMPipelineManager.java:174)
	at org.apache.hadoop.hdds.scm.block.BlockManagerImpl.allocateBlock(BlockManagerImpl.java:190)
	at org.apache.hadoop.hdds.scm.server.SCMBlockProtocolServer.allocateBlock(SCMBlockProtocolServer.java:182)
	at org.apache.hadoop.ozone.protocolPB.ScmBlockLocationProtocolServerSideTranslatorPB.allocateScmBlock(ScmBlockLocationProtocolServerSideTranslatorPB.java:183)
	at org.apache.hadoop.ozone.protocolPB.ScmBlockLocationProtocolServerSideTranslatorPB.processMessage(ScmBlockLocationProtocolServerSideTranslatorPB.java:141)
	at org.apache.hadoop.ozone.protocolPB.ScmBlockLocationProtocolServerSideTranslatorPB.send(ScmBlockLocationProtocolServerSideTranslatorPB.java:116)
	at org.apache.hadoop.hdds.protocol.proto.ScmBlockLocationProtocolProtos$ScmBlockLocationProtocolService$2.callBlockingMethod(ScmBlockLocationProtocolProtos.java:13157)
	at org.apache.hadoop.ipc.ProtobufRpcEngine$Server$ProtoBufRpcInvoker.call(ProtobufRpcEngine.java:524)
	at org.apache.hadoop.ipc.RPC$Server.call(RPC.java:1025)
	at org.apache.hadoop.ipc.Server$RpcCall.run(Server.java:876)
	at org.apache.hadoop.ipc.Server$RpcCall.run(Server.java:822)
	at java.security.AccessController.doPrivileged(Native Method)
	at javax.security.auth.Subject.doAs(Subject.java:422)
	at org.apache.hadoop.security.UserGroupInformation.doAs(UserGroupInformation.java:1730)
	at org.apache.hadoop.ipc.Server$Handler.run(Server.java:2682)
2019-09-29 11:18:13,927 [IPC Server handler 11 on 37978] ERROR block.BlockManagerImpl (BlockManagerImpl.java:allocateBlock(226)) - Unable to allocate a block for the size: 800, type: RATIS, factor: THREE
2019-09-29 11:18:13,931 [main] ERROR io.BlockOutputStreamEntryPool (BlockOutputStreamEntryPool.java:allocateBlockIfNeeded(299)) - Try to allocate more blocks for write failed, already allocated 0 blocks for this write.
INTERNAL_ERROR org.apache.hadoop.ozone.om.exceptions.OMException: Allocated 0 blocks. Requested 1 blocks
	at org.apache.hadoop.ozone.om.protocolPB.OzoneManagerProtocolClientSideTranslatorPB.handleError(OzoneManagerProtocolClientSideTranslatorPB.java:732)
	at org.apache.hadoop.ozone.om.protocolPB.OzoneManagerProtocolClientSideTranslatorPB.allocateBlock(OzoneManagerProtocolClientSideTranslatorPB.java:764)
	at sun.reflect.NativeMethodAccessorImpl.invoke0(Native Method)
	at sun.reflect.NativeMethodAccessorImpl.invoke(NativeMethodAccessorImpl.java:62)
	at sun.reflect.DelegatingMethodAccessorImpl.invoke(DelegatingMethodAccessorImpl.java:43)
	at java.lang.reflect.Method.invoke(Method.java:498)
	at org.apache.hadoop.hdds.tracing.TraceAllMethod.invoke(TraceAllMethod.java:66)
	at com.sun.proxy.$Proxy37.allocateBlock(Unknown Source)
	at org.apache.hadoop.ozone.client.io.BlockOutputStreamEntryPool.allocateNewBlock(BlockOutputStreamEntryPool.java:248)
	at org.apache.hadoop.ozone.client.io.BlockOutputStreamEntryPool.allocateBlockIfNeeded(BlockOutputStreamEntryPool.java:296)
	at org.apache.hadoop.ozone.client.io.KeyOutputStream.handleWrite(KeyOutputStream.java:198)
	at org.apache.hadoop.ozone.client.io.KeyOutputStream.handleRetry(KeyOutputStream.java:375)
	at org.apache.hadoop.ozone.client.io.KeyOutputStream.handleException(KeyOutputStream.java:324)
	at org.apache.hadoop.ozone.client.io.KeyOutputStream.handleFlushOrClose(KeyOutputStream.java:449)
	at org.apache.hadoop.ozone.client.io.KeyOutputStream.handleWrite(KeyOutputStream.java:232)
	at org.apache.hadoop.ozone.client.io.KeyOutputStream.write(KeyOutputStream.java:190)
	at org.apache.hadoop.ozone.client.io.OzoneOutputStream.write(OzoneOutputStream.java:49)
	at java.io.OutputStream.write(OutputStream.java:75)
	at org.apache.hadoop.ozone.client.rpc.TestBlockOutputStreamWithFailures.test2DatanodesFailure(TestBlockOutputStreamWithFailures.java:497)
	at sun.reflect.NativeMethodAccessorImpl.invoke0(Native Method)
	at sun.reflect.NativeMethodAccessorImpl.invoke(NativeMethodAccessorImpl.java:62)
	at sun.reflect.DelegatingMethodAccessorImpl.invoke(DelegatingMethodAccessorImpl.java:43)
	at java.lang.reflect.Method.invoke(Method.java:498)
	at org.junit.runners.model.FrameworkMethod$1.runReflectiveCall(FrameworkMethod.java:47)
	at org.junit.internal.runners.model.ReflectiveCallable.run(ReflectiveCallable.java:12)
	at org.junit.runners.model.FrameworkMethod.invokeExplosively(FrameworkMethod.java:44)
	at org.junit.internal.runners.statements.InvokeMethod.evaluate(InvokeMethod.java:17)
	at org.junit.internal.runners.statements.RunBefores.evaluate(RunBefores.java:26)
	at org.junit.internal.runners.statements.RunAfters.evaluate(RunAfters.java:27)
	at org.junit.runners.ParentRunner.runLeaf(ParentRunner.java:271)
	at org.junit.runners.BlockJUnit4ClassRunner.runChild(BlockJUnit4ClassRunner.java:70)
	at org.junit.runners.BlockJUnit4ClassRunner.runChild(BlockJUnit4ClassRunner.java:50)
	at org.junit.runners.ParentRunner$3.run(ParentRunner.java:238)
	at org.junit.runners.ParentRunner$1.schedule(ParentRunner.java:63)
	at org.junit.runners.ParentRunner.runChildren(ParentRunner.java:236)
	at org.junit.runners.ParentRunner.access$000(ParentRunner.java:53)
	at org.junit.runners.ParentRunner$2.evaluate(ParentRunner.java:229)
	at org.junit.runners.ParentRunner.run(ParentRunner.java:309)
	at org.apache.maven.surefire.junit4.JUnit4Provider.execute(JUnit4Provider.java:365)
	at org.apache.maven.surefire.junit4.JUnit4Provider.executeWithRerun(JUnit4Provider.java:273)
	at org.apache.maven.surefire.junit4.JUnit4Provider.executeTestSet(JUnit4Provider.java:238)
	at org.apache.maven.surefire.junit4.JUnit4Provider.invoke(JUnit4Provider.java:159)
	at org.apache.maven.surefire.booter.ForkedBooter.invokeProviderInSameClassLoader(ForkedBooter.java:384)
	at org.apache.maven.surefire.booter.ForkedBooter.runSuitesInProcess(ForkedBooter.java:345)
	at org.apache.maven.surefire.booter.ForkedBooter.execute(ForkedBooter.java:126)
	at org.apache.maven.surefire.booter.ForkedBooter.main(ForkedBooter.java:418)
2019-09-29 11:18:13,932 [main] INFO  ozone.MiniOzoneClusterImpl (MiniOzoneClusterImpl.java:shutdown(314)) - Shutting down the Mini Ozone Cluster
2019-09-29 11:18:13,933 [main] INFO  ozone.MiniOzoneClusterImpl (MiniOzoneClusterImpl.java:stop(330)) - Stopping the Mini Ozone Cluster
2019-09-29 11:18:13,933 [main] INFO  ozone.MiniOzoneClusterImpl (MiniOzoneClusterImpl.java:stopOM(400)) - Stopping the OzoneManager
2019-09-29 11:18:13,933 [main] INFO  ipc.Server (Server.java:stop(3082)) - Stopping server on 34365
2019-09-29 11:18:13,939 [main] INFO  ratis.OzoneManagerDoubleBuffer (OzoneManagerDoubleBuffer.java:stop(248)) - Stopping OMDoubleBuffer flush thread
2019-09-29 11:18:13,942 [IPC Server listener on 34365] INFO  ipc.Server (Server.java:run(1185)) - Stopping IPC Server listener on 34365
2019-09-29 11:18:13,945 [IPC Server Responder] INFO  ipc.Server (Server.java:run(1319)) - Stopping IPC Server Responder
2019-09-29 11:18:13,947 [OMDoubleBufferFlushThread] INFO  ratis.OzoneManagerDoubleBuffer (OzoneManagerDoubleBuffer.java:flushTransactions(191)) - OMDoubleBuffer flush thread OMDoubleBufferFlushThread is interrupted and will exit. OMDoubleBufferFlushThread
2019-09-29 11:18:13,955 [main] INFO  utils.BackgroundService (BackgroundService.java:shutdown(148)) - Shutting down service KeyDeletingService
2019-09-29 11:18:13,974 [main] INFO  handler.ContextHandler (ContextHandler.java:doStop(910)) - Stopped o.e.j.w.WebAppContext@415156bf{/,null,UNAVAILABLE}{/ozoneManager}
2019-09-29 11:18:13,975 [main] INFO  server.AbstractConnector (AbstractConnector.java:doStop(318)) - Stopped ServerConnector@393881f0{HTTP/1.1,[http/1.1]}{0.0.0.0:0}
2019-09-29 11:18:13,975 [main] INFO  handler.ContextHandler (ContextHandler.java:doStop(910)) - Stopped o.e.j.s.ServletContextHandler@3a627c80{/static,file:///workdir/hadoop-ozone/integration-test/target/test-classes/webapps/static,UNAVAILABLE}
2019-09-29 11:18:13,975 [main] INFO  handler.ContextHandler (ContextHandler.java:doStop(910)) - Stopped o.e.j.s.ServletContextHandler@20ed3303{/logs,file:///workdir/hadoop-ozone/integration-test/target/log,UNAVAILABLE}
2019-09-29 11:18:13,979 [main] INFO  ozone.MiniOzoneClusterImpl (MiniOzoneClusterImpl.java:stopDatanodes(377)) - Stopping the HddsDatanodes
2019-09-29 11:18:14,017 [Datanode State Machine Thread - 0] INFO  statemachine.DatanodeStateMachine (DatanodeStateMachine.java:lambda$startDaemon$0(350)) - Ozone container server started.
2019-09-29 11:18:14,344 [Datanode State Machine Thread - 0] INFO  statemachine.DatanodeStateMachine (DatanodeStateMachine.java:lambda$startDaemon$0(350)) - Ozone container server started.
2019-09-29 11:18:14,677 [grpc-default-executor-5] WARN  server.GrpcLogAppender (LogUtils.java:warn(134)) - d87f90a9-3605-42ff-a73f-b54839b7ec6f@group-3B8C7B1EF025->16f9aea5-9974-4547-813d-50b5e9cbac2d-AppendLogResponseHandler: Failed appendEntries: org.apache.ratis.thirdparty.io.grpc.StatusRuntimeException: UNAVAILABLE: io exception
2019-09-29 11:18:14,678 [grpc-default-executor-5] INFO  impl.FollowerInfo (FollowerInfo.java:lambda$new$0(51)) - d87f90a9-3605-42ff-a73f-b54839b7ec6f@group-3B8C7B1EF025->16f9aea5-9974-4547-813d-50b5e9cbac2d: nextIndex: updateUnconditionally 0 -> 0
2019-09-29 11:18:14,686 [grpc-default-executor-6] WARN  server.GrpcLogAppender (LogUtils.java:warn(134)) - d87f90a9-3605-42ff-a73f-b54839b7ec6f@group-3B8C7B1EF025->813e8ff3-5a9d-4177-a3ce-ff3f7795e702-AppendLogResponseHandler: Failed appendEntries: org.apache.ratis.thirdparty.io.grpc.StatusRuntimeException: UNAVAILABLE: io exception
2019-09-29 11:18:14,689 [grpc-default-executor-6] INFO  impl.FollowerInfo (FollowerInfo.java:lambda$new$0(51)) - d87f90a9-3605-42ff-a73f-b54839b7ec6f@group-3B8C7B1EF025->813e8ff3-5a9d-4177-a3ce-ff3f7795e702: nextIndex: updateUnconditionally 0 -> 0
2019-09-29 11:18:14,998 [grpc-default-executor-3] WARN  server.GrpcLogAppender (LogUtils.java:warn(134)) - d87f90a9-3605-42ff-a73f-b54839b7ec6f@group-457A954BF1FF->16f9aea5-9974-4547-813d-50b5e9cbac2d-AppendLogResponseHandler: Failed appendEntries: org.apache.ratis.thirdparty.io.grpc.StatusRuntimeException: UNAVAILABLE: io exception
2019-09-29 11:18:15,000 [grpc-default-executor-3] INFO  impl.FollowerInfo (FollowerInfo.java:lambda$new$0(51)) - d87f90a9-3605-42ff-a73f-b54839b7ec6f@group-457A954BF1FF->16f9aea5-9974-4547-813d-50b5e9cbac2d: nextIndex: updateUnconditionally 15 -> 14
2019-09-29 11:18:15,002 [grpc-default-executor-5] WARN  server.GrpcLogAppender (LogUtils.java:warn(134)) - d87f90a9-3605-42ff-a73f-b54839b7ec6f@group-457A954BF1FF->813e8ff3-5a9d-4177-a3ce-ff3f7795e702-AppendLogResponseHandler: Failed appendEntries: org.apache.ratis.thirdparty.io.grpc.StatusRuntimeException: UNAVAILABLE: io exception
2019-09-29 11:18:15,004 [grpc-default-executor-5] INFO  impl.FollowerInfo (FollowerInfo.java:lambda$new$0(51)) - d87f90a9-3605-42ff-a73f-b54839b7ec6f@group-457A954BF1FF->813e8ff3-5a9d-4177-a3ce-ff3f7795e702: nextIndex: updateUnconditionally 18 -> 17
2019-09-29 11:18:15,260 [grpc-default-executor-5] WARN  server.GrpcLogAppender (LogUtils.java:warn(134)) - d87f90a9-3605-42ff-a73f-b54839b7ec6f@group-04C128AFAA8A->16f9aea5-9974-4547-813d-50b5e9cbac2d-AppendLogResponseHandler: Failed appendEntries: org.apache.ratis.thirdparty.io.grpc.StatusRuntimeException: UNAVAILABLE: io exception
2019-09-29 11:18:15,262 [grpc-default-executor-5] INFO  impl.FollowerInfo (FollowerInfo.java:lambda$new$0(51)) - d87f90a9-3605-42ff-a73f-b54839b7ec6f@group-04C128AFAA8A->16f9aea5-9974-4547-813d-50b5e9cbac2d: nextIndex: updateUnconditionally 0 -> 0
2019-09-29 11:18:15,267 [grpc-default-executor-3] WARN  server.GrpcLogAppender (LogUtils.java:warn(134)) - d87f90a9-3605-42ff-a73f-b54839b7ec6f@group-04C128AFAA8A->813e8ff3-5a9d-4177-a3ce-ff3f7795e702-AppendLogResponseHandler: Failed appendEntries: org.apache.ratis.thirdparty.io.grpc.StatusRuntimeException: UNAVAILABLE: io exception
2019-09-29 11:18:15,269 [grpc-default-executor-3] INFO  impl.FollowerInfo (FollowerInfo.java:lambda$new$0(51)) - d87f90a9-3605-42ff-a73f-b54839b7ec6f@group-04C128AFAA8A->813e8ff3-5a9d-4177-a3ce-ff3f7795e702: nextIndex: updateUnconditionally 0 -> 0
2019-09-29 11:18:17,200 [grpc-default-executor-3] WARN  server.GrpcLogAppender (LogUtils.java:warn(134)) - d87f90a9-3605-42ff-a73f-b54839b7ec6f@group-3B8C7B1EF025->16f9aea5-9974-4547-813d-50b5e9cbac2d-AppendLogResponseHandler: Failed appendEntries: org.apache.ratis.thirdparty.io.grpc.StatusRuntimeException: UNAVAILABLE: io exception
2019-09-29 11:18:17,200 [grpc-default-executor-6] WARN  server.GrpcLogAppender (LogUtils.java:warn(134)) - d87f90a9-3605-42ff-a73f-b54839b7ec6f@group-3B8C7B1EF025->813e8ff3-5a9d-4177-a3ce-ff3f7795e702-AppendLogResponseHandler: Failed appendEntries: org.apache.ratis.thirdparty.io.grpc.StatusRuntimeException: UNAVAILABLE: io exception
2019-09-29 11:18:17,205 [grpc-default-executor-3] INFO  impl.FollowerInfo (FollowerInfo.java:lambda$new$0(51)) - d87f90a9-3605-42ff-a73f-b54839b7ec6f@group-3B8C7B1EF025->16f9aea5-9974-4547-813d-50b5e9cbac2d: nextIndex: updateUnconditionally 0 -> 0
2019-09-29 11:18:17,205 [grpc-default-executor-6] INFO  impl.FollowerInfo (FollowerInfo.java:lambda$new$0(51)) - d87f90a9-3605-42ff-a73f-b54839b7ec6f@group-3B8C7B1EF025->813e8ff3-5a9d-4177-a3ce-ff3f7795e702: nextIndex: updateUnconditionally 0 -> 0
2019-09-29 11:18:17,416 [Thread-366] INFO  impl.FollowerState (FollowerState.java:run(106)) - d87f90a9-3605-42ff-a73f-b54839b7ec6f:group-BE528AA980C6 changes to CANDIDATE, lastRpcTime:10096, electionTimeout:5063ms
2019-09-29 11:18:17,417 [Thread-366] INFO  impl.RoleInfo (RoleInfo.java:shutdownFollowerState(121)) - d87f90a9-3605-42ff-a73f-b54839b7ec6f: shutdown FollowerState
2019-09-29 11:18:17,417 [Thread-366] INFO  impl.RaftServerImpl (RaftServerImpl.java:setRole(174)) - d87f90a9-3605-42ff-a73f-b54839b7ec6f@group-BE528AA980C6: changes role from  FOLLOWER to CANDIDATE at term 1 for changeToCandidate
2019-09-29 11:18:17,418 [Thread-366] INFO  impl.RoleInfo (RoleInfo.java:updateAndGet(143)) - d87f90a9-3605-42ff-a73f-b54839b7ec6f: start LeaderElection
2019-09-29 11:18:17,418 [d87f90a9-3605-42ff-a73f-b54839b7ec6f@group-BE528AA980C6:LeaderElection29] INFO  impl.RaftServerImpl (ServerState.java:setLeader(253)) - d87f90a9-3605-42ff-a73f-b54839b7ec6f@group-BE528AA980C6: change Leader from 16f9aea5-9974-4547-813d-50b5e9cbac2d to null at term 1 for initElection
2019-09-29 11:18:17,443 [d87f90a9-3605-42ff-a73f-b54839b7ec6f@group-BE528AA980C6:LeaderElection29] INFO  impl.LeaderElection (LeaderElection.java:askForVotes(182)) - d87f90a9-3605-42ff-a73f-b54839b7ec6f@group-BE528AA980C6:LeaderElection29: begin an election at term 2 for 0: [d87f90a9-3605-42ff-a73f-b54839b7ec6f:192.168.30.19:44039, 16f9aea5-9974-4547-813d-50b5e9cbac2d:192.168.30.19:34925, 813e8ff3-5a9d-4177-a3ce-ff3f7795e702:192.168.30.19:38815], old=null
2019-09-29 11:18:17,448 [d87f90a9-3605-42ff-a73f-b54839b7ec6f@group-BE528AA980C6:LeaderElection29] INFO  impl.LeaderElection (LogUtils.java:infoOrTrace(149)) - d87f90a9-3605-42ff-a73f-b54839b7ec6f@group-BE528AA980C6:LeaderElection29 got exception when requesting votes: {}
java.util.concurrent.ExecutionException: org.apache.ratis.thirdparty.io.grpc.StatusRuntimeException: UNAVAILABLE: io exception
	at java.util.concurrent.FutureTask.report(FutureTask.java:122)
	at java.util.concurrent.FutureTask.get(FutureTask.java:192)
	at org.apache.ratis.server.impl.LeaderElection.waitForResults(LeaderElection.java:263)
	at org.apache.ratis.server.impl.LeaderElection.askForVotes(LeaderElection.java:201)
	at org.apache.ratis.server.impl.LeaderElection.run(LeaderElection.java:133)
	at java.lang.Thread.run(Thread.java:748)
Caused by: org.apache.ratis.thirdparty.io.grpc.StatusRuntimeException: UNAVAILABLE: io exception
	at org.apache.ratis.thirdparty.io.grpc.stub.ClientCalls.toStatusRuntimeException(ClientCalls.java:233)
	at org.apache.ratis.thirdparty.io.grpc.stub.ClientCalls.getUnchecked(ClientCalls.java:214)
	at org.apache.ratis.thirdparty.io.grpc.stub.ClientCalls.blockingUnaryCall(ClientCalls.java:139)
	at org.apache.ratis.proto.grpc.RaftServerProtocolServiceGrpc$RaftServerProtocolServiceBlockingStub.requestVote(RaftServerProtocolServiceGrpc.java:265)
	at org.apache.ratis.grpc.server.GrpcServerProtocolClient.requestVote(GrpcServerProtocolClient.java:90)
	at org.apache.ratis.grpc.server.GrpcService.requestVote(GrpcService.java:204)
	at org.apache.ratis.server.impl.LeaderElection.lambda$submitRequests$1(LeaderElection.java:238)
	at java.util.concurrent.FutureTask.run(FutureTask.java:266)
	at java.util.concurrent.Executors$RunnableAdapter.call(Executors.java:511)
	at java.util.concurrent.FutureTask.run(FutureTask.java:266)
	at java.util.concurrent.ThreadPoolExecutor.runWorker(ThreadPoolExecutor.java:1149)
	at java.util.concurrent.ThreadPoolExecutor$Worker.run(ThreadPoolExecutor.java:624)
	... 1 more
Caused by: org.apache.ratis.thirdparty.io.netty.channel.AbstractChannel$AnnotatedConnectException: Connection refused: /192.168.30.19:34925
	at sun.nio.ch.SocketChannelImpl.checkConnect(Native Method)
	at sun.nio.ch.SocketChannelImpl.finishConnect(SocketChannelImpl.java:717)
	at org.apache.ratis.thirdparty.io.netty.channel.socket.nio.NioSocketChannel.doFinishConnect(NioSocketChannel.java:327)
	at org.apache.ratis.thirdparty.io.netty.channel.nio.AbstractNioChannel$AbstractNioUnsafe.finishConnect(AbstractNioChannel.java:340)
	at org.apache.ratis.thirdparty.io.netty.channel.nio.NioEventLoop.processSelectedKey(NioEventLoop.java:632)
	at org.apache.ratis.thirdparty.io.netty.channel.nio.NioEventLoop.processSelectedKeysOptimized(NioEventLoop.java:579)
	at org.apache.ratis.thirdparty.io.netty.channel.nio.NioEventLoop.processSelectedKeys(NioEventLoop.java:496)
	at org.apache.ratis.thirdparty.io.netty.channel.nio.NioEventLoop.run(NioEventLoop.java:458)
	at org.apache.ratis.thirdparty.io.netty.util.concurrent.SingleThreadEventExecutor$5.run(SingleThreadEventExecutor.java:897)
	at org.apache.ratis.thirdparty.io.netty.util.concurrent.FastThreadLocalRunnable.run(FastThreadLocalRunnable.java:30)
	... 1 more
Caused by: java.net.ConnectException: Connection refused
	... 11 more
2019-09-29 11:18:17,451 [d87f90a9-3605-42ff-a73f-b54839b7ec6f@group-BE528AA980C6:LeaderElection29] INFO  impl.LeaderElection (LogUtils.java:infoOrTrace(149)) - d87f90a9-3605-42ff-a73f-b54839b7ec6f@group-BE528AA980C6:LeaderElection29 got exception when requesting votes: {}
java.util.concurrent.ExecutionException: org.apache.ratis.thirdparty.io.grpc.StatusRuntimeException: UNAVAILABLE: io exception
	at java.util.concurrent.FutureTask.report(FutureTask.java:122)
	at java.util.concurrent.FutureTask.get(FutureTask.java:192)
	at org.apache.ratis.server.impl.LeaderElection.waitForResults(LeaderElection.java:263)
	at org.apache.ratis.server.impl.LeaderElection.askForVotes(LeaderElection.java:201)
	at org.apache.ratis.server.impl.LeaderElection.run(LeaderElection.java:133)
	at java.lang.Thread.run(Thread.java:748)
Caused by: org.apache.ratis.thirdparty.io.grpc.StatusRuntimeException: UNAVAILABLE: io exception
	at org.apache.ratis.thirdparty.io.grpc.stub.ClientCalls.toStatusRuntimeException(ClientCalls.java:233)
	at org.apache.ratis.thirdparty.io.grpc.stub.ClientCalls.getUnchecked(ClientCalls.java:214)
	at org.apache.ratis.thirdparty.io.grpc.stub.ClientCalls.blockingUnaryCall(ClientCalls.java:139)
	at org.apache.ratis.proto.grpc.RaftServerProtocolServiceGrpc$RaftServerProtocolServiceBlockingStub.requestVote(RaftServerProtocolServiceGrpc.java:265)
	at org.apache.ratis.grpc.server.GrpcServerProtocolClient.requestVote(GrpcServerProtocolClient.java:90)
	at org.apache.ratis.grpc.server.GrpcService.requestVote(GrpcService.java:204)
	at org.apache.ratis.server.impl.LeaderElection.lambda$submitRequests$1(LeaderElection.java:238)
	at java.util.concurrent.FutureTask.run(FutureTask.java:266)
	at java.util.concurrent.Executors$RunnableAdapter.call(Executors.java:511)
	at java.util.concurrent.FutureTask.run(FutureTask.java:266)
	at java.util.concurrent.ThreadPoolExecutor.runWorker(ThreadPoolExecutor.java:1149)
	at java.util.concurrent.ThreadPoolExecutor$Worker.run(ThreadPoolExecutor.java:624)
	... 1 more
Caused by: org.apache.ratis.thirdparty.io.netty.channel.AbstractChannel$AnnotatedConnectException: Connection refused: /192.168.30.19:38815
	at sun.nio.ch.SocketChannelImpl.checkConnect(Native Method)
	at sun.nio.ch.SocketChannelImpl.finishConnect(SocketChannelImpl.java:717)
	at org.apache.ratis.thirdparty.io.netty.channel.socket.nio.NioSocketChannel.doFinishConnect(NioSocketChannel.java:327)
	at org.apache.ratis.thirdparty.io.netty.channel.nio.AbstractNioChannel$AbstractNioUnsafe.finishConnect(AbstractNioChannel.java:340)
	at org.apache.ratis.thirdparty.io.netty.channel.nio.NioEventLoop.processSelectedKey(NioEventLoop.java:632)
	at org.apache.ratis.thirdparty.io.netty.channel.nio.NioEventLoop.processSelectedKeysOptimized(NioEventLoop.java:579)
	at org.apache.ratis.thirdparty.io.netty.channel.nio.NioEventLoop.processSelectedKeys(NioEventLoop.java:496)
	at org.apache.ratis.thirdparty.io.netty.channel.nio.NioEventLoop.run(NioEventLoop.java:458)
	at org.apache.ratis.thirdparty.io.netty.util.concurrent.SingleThreadEventExecutor$5.run(SingleThreadEventExecutor.java:897)
	at org.apache.ratis.thirdparty.io.netty.util.concurrent.FastThreadLocalRunnable.run(FastThreadLocalRunnable.java:30)
	... 1 more
Caused by: java.net.ConnectException: Connection refused
	... 11 more
2019-09-29 11:18:17,454 [d87f90a9-3605-42ff-a73f-b54839b7ec6f@group-BE528AA980C6:LeaderElection29] INFO  impl.LeaderElection (LeaderElection.java:logAndReturn(56)) - d87f90a9-3605-42ff-a73f-b54839b7ec6f@group-BE528AA980C6:LeaderElection29: Election REJECTED; received 0 response(s) [] and 2 exception(s); d87f90a9-3605-42ff-a73f-b54839b7ec6f@group-BE528AA980C6:t2, leader=null, voted=d87f90a9-3605-42ff-a73f-b54839b7ec6f, raftlog=d87f90a9-3605-42ff-a73f-b54839b7ec6f@group-BE528AA980C6-SegmentedRaftLog:OPENED:c0,f0,i0, conf=0: [d87f90a9-3605-42ff-a73f-b54839b7ec6f:192.168.30.19:44039, 16f9aea5-9974-4547-813d-50b5e9cbac2d:192.168.30.19:34925, 813e8ff3-5a9d-4177-a3ce-ff3f7795e702:192.168.30.19:38815], old=null
2019-09-29 11:18:17,454 [d87f90a9-3605-42ff-a73f-b54839b7ec6f@group-BE528AA980C6:LeaderElection29] INFO  impl.LeaderElection (LogUtils.java:infoOrTrace(149)) -   Exception 0: {}
java.util.concurrent.ExecutionException: org.apache.ratis.thirdparty.io.grpc.StatusRuntimeException: UNAVAILABLE: io exception
	at java.util.concurrent.FutureTask.report(FutureTask.java:122)
	at java.util.concurrent.FutureTask.get(FutureTask.java:192)
	at org.apache.ratis.server.impl.LeaderElection.waitForResults(LeaderElection.java:263)
	at org.apache.ratis.server.impl.LeaderElection.askForVotes(LeaderElection.java:201)
	at org.apache.ratis.server.impl.LeaderElection.run(LeaderElection.java:133)
	at java.lang.Thread.run(Thread.java:748)
Caused by: org.apache.ratis.thirdparty.io.grpc.StatusRuntimeException: UNAVAILABLE: io exception
	at org.apache.ratis.thirdparty.io.grpc.stub.ClientCalls.toStatusRuntimeException(ClientCalls.java:233)
	at org.apache.ratis.thirdparty.io.grpc.stub.ClientCalls.getUnchecked(ClientCalls.java:214)
	at org.apache.ratis.thirdparty.io.grpc.stub.ClientCalls.blockingUnaryCall(ClientCalls.java:139)
	at org.apache.ratis.proto.grpc.RaftServerProtocolServiceGrpc$RaftServerProtocolServiceBlockingStub.requestVote(RaftServerProtocolServiceGrpc.java:265)
	at org.apache.ratis.grpc.server.GrpcServerProtocolClient.requestVote(GrpcServerProtocolClient.java:90)
	at org.apache.ratis.grpc.server.GrpcService.requestVote(GrpcService.java:204)
	at org.apache.ratis.server.impl.LeaderElection.lambda$submitRequests$1(LeaderElection.java:238)
	at java.util.concurrent.FutureTask.run(FutureTask.java:266)
	at java.util.concurrent.Executors$RunnableAdapter.call(Executors.java:511)
	at java.util.concurrent.FutureTask.run(FutureTask.java:266)
	at java.util.concurrent.ThreadPoolExecutor.runWorker(ThreadPoolExecutor.java:1149)
	at java.util.concurrent.ThreadPoolExecutor$Worker.run(ThreadPoolExecutor.java:624)
	... 1 more
Caused by: org.apache.ratis.thirdparty.io.netty.channel.AbstractChannel$AnnotatedConnectException: Connection refused: /192.168.30.19:34925
	at sun.nio.ch.SocketChannelImpl.checkConnect(Native Method)
	at sun.nio.ch.SocketChannelImpl.finishConnect(SocketChannelImpl.java:717)
	at org.apache.ratis.thirdparty.io.netty.channel.socket.nio.NioSocketChannel.doFinishConnect(NioSocketChannel.java:327)
	at org.apache.ratis.thirdparty.io.netty.channel.nio.AbstractNioChannel$AbstractNioUnsafe.finishConnect(AbstractNioChannel.java:340)
	at org.apache.ratis.thirdparty.io.netty.channel.nio.NioEventLoop.processSelectedKey(NioEventLoop.java:632)
	at org.apache.ratis.thirdparty.io.netty.channel.nio.NioEventLoop.processSelectedKeysOptimized(NioEventLoop.java:579)
	at org.apache.ratis.thirdparty.io.netty.channel.nio.NioEventLoop.processSelectedKeys(NioEventLoop.java:496)
	at org.apache.ratis.thirdparty.io.netty.channel.nio.NioEventLoop.run(NioEventLoop.java:458)
	at org.apache.ratis.thirdparty.io.netty.util.concurrent.SingleThreadEventExecutor$5.run(SingleThreadEventExecutor.java:897)
	at org.apache.ratis.thirdparty.io.netty.util.concurrent.FastThreadLocalRunnable.run(FastThreadLocalRunnable.java:30)
	... 1 more
Caused by: java.net.ConnectException: Connection refused
	... 11 more
2019-09-29 11:18:17,455 [d87f90a9-3605-42ff-a73f-b54839b7ec6f@group-BE528AA980C6:LeaderElection29] INFO  impl.LeaderElection (LogUtils.java:infoOrTrace(149)) -   Exception 1: {}
java.util.concurrent.ExecutionException: org.apache.ratis.thirdparty.io.grpc.StatusRuntimeException: UNAVAILABLE: io exception
	at java.util.concurrent.FutureTask.report(FutureTask.java:122)
	at java.util.concurrent.FutureTask.get(FutureTask.java:192)
	at org.apache.ratis.server.impl.LeaderElection.waitForResults(LeaderElection.java:263)
	at org.apache.ratis.server.impl.LeaderElection.askForVotes(LeaderElection.java:201)
	at org.apache.ratis.server.impl.LeaderElection.run(LeaderElection.java:133)
	at java.lang.Thread.run(Thread.java:748)
Caused by: org.apache.ratis.thirdparty.io.grpc.StatusRuntimeException: UNAVAILABLE: io exception
	at org.apache.ratis.thirdparty.io.grpc.stub.ClientCalls.toStatusRuntimeException(ClientCalls.java:233)
	at org.apache.ratis.thirdparty.io.grpc.stub.ClientCalls.getUnchecked(ClientCalls.java:214)
	at org.apache.ratis.thirdparty.io.grpc.stub.ClientCalls.blockingUnaryCall(ClientCalls.java:139)
	at org.apache.ratis.proto.grpc.RaftServerProtocolServiceGrpc$RaftServerProtocolServiceBlockingStub.requestVote(RaftServerProtocolServiceGrpc.java:265)
	at org.apache.ratis.grpc.server.GrpcServerProtocolClient.requestVote(GrpcServerProtocolClient.java:90)
	at org.apache.ratis.grpc.server.GrpcService.requestVote(GrpcService.java:204)
	at org.apache.ratis.server.impl.LeaderElection.lambda$submitRequests$1(LeaderElection.java:238)
	at java.util.concurrent.FutureTask.run(FutureTask.java:266)
	at java.util.concurrent.Executors$RunnableAdapter.call(Executors.java:511)
	at java.util.concurrent.FutureTask.run(FutureTask.java:266)
	at java.util.concurrent.ThreadPoolExecutor.runWorker(ThreadPoolExecutor.java:1149)
	at java.util.concurrent.ThreadPoolExecutor$Worker.run(ThreadPoolExecutor.java:624)
	... 1 more
Caused by: org.apache.ratis.thirdparty.io.netty.channel.AbstractChannel$AnnotatedConnectException: Connection refused: /192.168.30.19:38815
	at sun.nio.ch.SocketChannelImpl.checkConnect(Native Method)
	at sun.nio.ch.SocketChannelImpl.finishConnect(SocketChannelImpl.java:717)
	at org.apache.ratis.thirdparty.io.netty.channel.socket.nio.NioSocketChannel.doFinishConnect(NioSocketChannel.java:327)
	at org.apache.ratis.thirdparty.io.netty.channel.nio.AbstractNioChannel$AbstractNioUnsafe.finishConnect(AbstractNioChannel.java:340)
	at org.apache.ratis.thirdparty.io.netty.channel.nio.NioEventLoop.processSelectedKey(NioEventLoop.java:632)
	at org.apache.ratis.thirdparty.io.netty.channel.nio.NioEventLoop.processSelectedKeysOptimized(NioEventLoop.java:579)
	at org.apache.ratis.thirdparty.io.netty.channel.nio.NioEventLoop.processSelectedKeys(NioEventLoop.java:496)
	at org.apache.ratis.thirdparty.io.netty.channel.nio.NioEventLoop.run(NioEventLoop.java:458)
	at org.apache.ratis.thirdparty.io.netty.util.concurrent.SingleThreadEventExecutor$5.run(SingleThreadEventExecutor.java:897)
	at org.apache.ratis.thirdparty.io.netty.util.concurrent.FastThreadLocalRunnable.run(FastThreadLocalRunnable.java:30)
	... 1 more
Caused by: java.net.ConnectException: Connection refused
	... 11 more
2019-09-29 11:18:17,457 [d87f90a9-3605-42ff-a73f-b54839b7ec6f@group-BE528AA980C6:LeaderElection29] INFO  impl.RaftServerImpl (RaftServerImpl.java:setRole(174)) - d87f90a9-3605-42ff-a73f-b54839b7ec6f@group-BE528AA980C6: changes role from CANDIDATE to FOLLOWER at term 2 for DISCOVERED_A_NEW_TERM
2019-09-29 11:18:17,457 [d87f90a9-3605-42ff-a73f-b54839b7ec6f@group-BE528AA980C6:LeaderElection29] INFO  impl.RoleInfo (RoleInfo.java:shutdownLeaderElection(134)) - d87f90a9-3605-42ff-a73f-b54839b7ec6f: shutdown LeaderElection
2019-09-29 11:18:17,458 [d87f90a9-3605-42ff-a73f-b54839b7ec6f@group-BE528AA980C6:LeaderElection29] INFO  impl.RoleInfo (RoleInfo.java:updateAndGet(143)) - d87f90a9-3605-42ff-a73f-b54839b7ec6f: start FollowerState
2019-09-29 11:18:17,496 [grpc-default-executor-3] WARN  server.GrpcLogAppender (LogUtils.java:warn(134)) - d87f90a9-3605-42ff-a73f-b54839b7ec6f@group-457A954BF1FF->16f9aea5-9974-4547-813d-50b5e9cbac2d-AppendLogResponseHandler: Failed appendEntries: org.apache.ratis.thirdparty.io.grpc.StatusRuntimeException: UNAVAILABLE: io exception
2019-09-29 11:18:17,500 [grpc-default-executor-3] INFO  impl.FollowerInfo (FollowerInfo.java:lambda$new$0(51)) - d87f90a9-3605-42ff-a73f-b54839b7ec6f@group-457A954BF1FF->16f9aea5-9974-4547-813d-50b5e9cbac2d: nextIndex: updateUnconditionally 14 -> 13
2019-09-29 11:18:17,501 [grpc-default-executor-3] WARN  server.GrpcLogAppender (LogUtils.java:warn(134)) - d87f90a9-3605-42ff-a73f-b54839b7ec6f@group-457A954BF1FF->813e8ff3-5a9d-4177-a3ce-ff3f7795e702-AppendLogResponseHandler: Failed appendEntries: org.apache.ratis.thirdparty.io.grpc.StatusRuntimeException: UNAVAILABLE: io exception
2019-09-29 11:18:17,503 [grpc-default-executor-3] INFO  impl.FollowerInfo (FollowerInfo.java:lambda$new$0(51)) - d87f90a9-3605-42ff-a73f-b54839b7ec6f@group-457A954BF1FF->813e8ff3-5a9d-4177-a3ce-ff3f7795e702: nextIndex: updateUnconditionally 17 -> 16
2019-09-29 11:18:17,717 [Thread-398] INFO  impl.FollowerState (FollowerState.java:run(106)) - d87f90a9-3605-42ff-a73f-b54839b7ec6f:group-ECC108AE71E7 changes to CANDIDATE, lastRpcTime:5156, electionTimeout:5075ms
2019-09-29 11:18:17,718 [Thread-398] INFO  impl.RoleInfo (RoleInfo.java:shutdownFollowerState(121)) - d87f90a9-3605-42ff-a73f-b54839b7ec6f: shutdown FollowerState
2019-09-29 11:18:17,718 [Thread-398] INFO  impl.RaftServerImpl (RaftServerImpl.java:setRole(174)) - d87f90a9-3605-42ff-a73f-b54839b7ec6f@group-ECC108AE71E7: changes role from  FOLLOWER to CANDIDATE at term 1 for changeToCandidate
2019-09-29 11:18:17,720 [Thread-398] INFO  impl.RoleInfo (RoleInfo.java:updateAndGet(143)) - d87f90a9-3605-42ff-a73f-b54839b7ec6f: start LeaderElection
2019-09-29 11:18:17,721 [d87f90a9-3605-42ff-a73f-b54839b7ec6f@group-ECC108AE71E7:LeaderElection30] INFO  impl.RaftServerImpl (ServerState.java:setLeader(253)) - d87f90a9-3605-42ff-a73f-b54839b7ec6f@group-ECC108AE71E7: change Leader from 813e8ff3-5a9d-4177-a3ce-ff3f7795e702 to null at term 1 for initElection
2019-09-29 11:18:17,744 [d87f90a9-3605-42ff-a73f-b54839b7ec6f@group-ECC108AE71E7:LeaderElection30] INFO  impl.LeaderElection (LeaderElection.java:askForVotes(182)) - d87f90a9-3605-42ff-a73f-b54839b7ec6f@group-ECC108AE71E7:LeaderElection30: begin an election at term 2 for 0: [d87f90a9-3605-42ff-a73f-b54839b7ec6f:192.168.30.19:44039, 16f9aea5-9974-4547-813d-50b5e9cbac2d:192.168.30.19:34925, 813e8ff3-5a9d-4177-a3ce-ff3f7795e702:192.168.30.19:38815], old=null
2019-09-29 11:18:17,748 [d87f90a9-3605-42ff-a73f-b54839b7ec6f@group-ECC108AE71E7:LeaderElection30] INFO  impl.LeaderElection (LogUtils.java:infoOrTrace(149)) - d87f90a9-3605-42ff-a73f-b54839b7ec6f@group-ECC108AE71E7:LeaderElection30 got exception when requesting votes: {}
java.util.concurrent.ExecutionException: org.apache.ratis.thirdparty.io.grpc.StatusRuntimeException: UNAVAILABLE: io exception
	at java.util.concurrent.FutureTask.report(FutureTask.java:122)
	at java.util.concurrent.FutureTask.get(FutureTask.java:192)
	at org.apache.ratis.server.impl.LeaderElection.waitForResults(LeaderElection.java:263)
	at org.apache.ratis.server.impl.LeaderElection.askForVotes(LeaderElection.java:201)
	at org.apache.ratis.server.impl.LeaderElection.run(LeaderElection.java:133)
	at java.lang.Thread.run(Thread.java:748)
Caused by: org.apache.ratis.thirdparty.io.grpc.StatusRuntimeException: UNAVAILABLE: io exception
	at org.apache.ratis.thirdparty.io.grpc.stub.ClientCalls.toStatusRuntimeException(ClientCalls.java:233)
	at org.apache.ratis.thirdparty.io.grpc.stub.ClientCalls.getUnchecked(ClientCalls.java:214)
	at org.apache.ratis.thirdparty.io.grpc.stub.ClientCalls.blockingUnaryCall(ClientCalls.java:139)
	at org.apache.ratis.proto.grpc.RaftServerProtocolServiceGrpc$RaftServerProtocolServiceBlockingStub.requestVote(RaftServerProtocolServiceGrpc.java:265)
	at org.apache.ratis.grpc.server.GrpcServerProtocolClient.requestVote(GrpcServerProtocolClient.java:90)
	at org.apache.ratis.grpc.server.GrpcService.requestVote(GrpcService.java:204)
	at org.apache.ratis.server.impl.LeaderElection.lambda$submitRequests$1(LeaderElection.java:238)
	at java.util.concurrent.FutureTask.run(FutureTask.java:266)
	at java.util.concurrent.Executors$RunnableAdapter.call(Executors.java:511)
	at java.util.concurrent.FutureTask.run(FutureTask.java:266)
	at java.util.concurrent.ThreadPoolExecutor.runWorker(ThreadPoolExecutor.java:1149)
	at java.util.concurrent.ThreadPoolExecutor$Worker.run(ThreadPoolExecutor.java:624)
	... 1 more
Caused by: org.apache.ratis.thirdparty.io.netty.channel.AbstractChannel$AnnotatedConnectException: Connection refused: /192.168.30.19:34925
	at sun.nio.ch.SocketChannelImpl.checkConnect(Native Method)
	at sun.nio.ch.SocketChannelImpl.finishConnect(SocketChannelImpl.java:717)
	at org.apache.ratis.thirdparty.io.netty.channel.socket.nio.NioSocketChannel.doFinishConnect(NioSocketChannel.java:327)
	at org.apache.ratis.thirdparty.io.netty.channel.nio.AbstractNioChannel$AbstractNioUnsafe.finishConnect(AbstractNioChannel.java:340)
	at org.apache.ratis.thirdparty.io.netty.channel.nio.NioEventLoop.processSelectedKey(NioEventLoop.java:632)
	at org.apache.ratis.thirdparty.io.netty.channel.nio.NioEventLoop.processSelectedKeysOptimized(NioEventLoop.java:579)
	at org.apache.ratis.thirdparty.io.netty.channel.nio.NioEventLoop.processSelectedKeys(NioEventLoop.java:496)
	at org.apache.ratis.thirdparty.io.netty.channel.nio.NioEventLoop.run(NioEventLoop.java:458)
	at org.apache.ratis.thirdparty.io.netty.util.concurrent.SingleThreadEventExecutor$5.run(SingleThreadEventExecutor.java:897)
	at org.apache.ratis.thirdparty.io.netty.util.concurrent.FastThreadLocalRunnable.run(FastThreadLocalRunnable.java:30)
	... 1 more
Caused by: java.net.ConnectException: Connection refused
	... 11 more
2019-09-29 11:18:17,750 [d87f90a9-3605-42ff-a73f-b54839b7ec6f@group-ECC108AE71E7:LeaderElection30] INFO  impl.LeaderElection (LogUtils.java:infoOrTrace(149)) - d87f90a9-3605-42ff-a73f-b54839b7ec6f@group-ECC108AE71E7:LeaderElection30 got exception when requesting votes: {}
java.util.concurrent.ExecutionException: org.apache.ratis.thirdparty.io.grpc.StatusRuntimeException: UNAVAILABLE: io exception
	at java.util.concurrent.FutureTask.report(FutureTask.java:122)
	at java.util.concurrent.FutureTask.get(FutureTask.java:192)
	at org.apache.ratis.server.impl.LeaderElection.waitForResults(LeaderElection.java:263)
	at org.apache.ratis.server.impl.LeaderElection.askForVotes(LeaderElection.java:201)
	at org.apache.ratis.server.impl.LeaderElection.run(LeaderElection.java:133)
	at java.lang.Thread.run(Thread.java:748)
Caused by: org.apache.ratis.thirdparty.io.grpc.StatusRuntimeException: UNAVAILABLE: io exception
	at org.apache.ratis.thirdparty.io.grpc.stub.ClientCalls.toStatusRuntimeException(ClientCalls.java:233)
	at org.apache.ratis.thirdparty.io.grpc.stub.ClientCalls.getUnchecked(ClientCalls.java:214)
	at org.apache.ratis.thirdparty.io.grpc.stub.ClientCalls.blockingUnaryCall(ClientCalls.java:139)
	at org.apache.ratis.proto.grpc.RaftServerProtocolServiceGrpc$RaftServerProtocolServiceBlockingStub.requestVote(RaftServerProtocolServiceGrpc.java:265)
	at org.apache.ratis.grpc.server.GrpcServerProtocolClient.requestVote(GrpcServerProtocolClient.java:90)
	at org.apache.ratis.grpc.server.GrpcService.requestVote(GrpcService.java:204)
	at org.apache.ratis.server.impl.LeaderElection.lambda$submitRequests$1(LeaderElection.java:238)
	at java.util.concurrent.FutureTask.run(FutureTask.java:266)
	at java.util.concurrent.Executors$RunnableAdapter.call(Executors.java:511)
	at java.util.concurrent.FutureTask.run(FutureTask.java:266)
	at java.util.concurrent.ThreadPoolExecutor.runWorker(ThreadPoolExecutor.java:1149)
	at java.util.concurrent.ThreadPoolExecutor$Worker.run(ThreadPoolExecutor.java:624)
	... 1 more
Caused by: org.apache.ratis.thirdparty.io.netty.channel.AbstractChannel$AnnotatedConnectException: Connection refused: /192.168.30.19:38815
	at sun.nio.ch.SocketChannelImpl.checkConnect(Native Method)
	at sun.nio.ch.SocketChannelImpl.finishConnect(SocketChannelImpl.java:717)
	at org.apache.ratis.thirdparty.io.netty.channel.socket.nio.NioSocketChannel.doFinishConnect(NioSocketChannel.java:327)
	at org.apache.ratis.thirdparty.io.netty.channel.nio.AbstractNioChannel$AbstractNioUnsafe.finishConnect(AbstractNioChannel.java:340)
	at org.apache.ratis.thirdparty.io.netty.channel.nio.NioEventLoop.processSelectedKey(NioEventLoop.java:632)
	at org.apache.ratis.thirdparty.io.netty.channel.nio.NioEventLoop.processSelectedKeysOptimized(NioEventLoop.java:579)
	at org.apache.ratis.thirdparty.io.netty.channel.nio.NioEventLoop.processSelectedKeys(NioEventLoop.java:496)
	at org.apache.ratis.thirdparty.io.netty.channel.nio.NioEventLoop.run(NioEventLoop.java:458)
	at org.apache.ratis.thirdparty.io.netty.util.concurrent.SingleThreadEventExecutor$5.run(SingleThreadEventExecutor.java:897)
	at org.apache.ratis.thirdparty.io.netty.util.concurrent.FastThreadLocalRunnable.run(FastThreadLocalRunnable.java:30)
	... 1 more
Caused by: java.net.ConnectException: Connection refused
	... 11 more
2019-09-29 11:18:17,753 [d87f90a9-3605-42ff-a73f-b54839b7ec6f@group-ECC108AE71E7:LeaderElection30] INFO  impl.LeaderElection (LeaderElection.java:logAndReturn(56)) - d87f90a9-3605-42ff-a73f-b54839b7ec6f@group-ECC108AE71E7:LeaderElection30: Election REJECTED; received 0 response(s) [] and 2 exception(s); d87f90a9-3605-42ff-a73f-b54839b7ec6f@group-ECC108AE71E7:t2, leader=null, voted=d87f90a9-3605-42ff-a73f-b54839b7ec6f, raftlog=d87f90a9-3605-42ff-a73f-b54839b7ec6f@group-ECC108AE71E7-SegmentedRaftLog:OPENED:c0,f0,i0, conf=0: [d87f90a9-3605-42ff-a73f-b54839b7ec6f:192.168.30.19:44039, 16f9aea5-9974-4547-813d-50b5e9cbac2d:192.168.30.19:34925, 813e8ff3-5a9d-4177-a3ce-ff3f7795e702:192.168.30.19:38815], old=null
2019-09-29 11:18:17,753 [d87f90a9-3605-42ff-a73f-b54839b7ec6f@group-ECC108AE71E7:LeaderElection30] INFO  impl.LeaderElection (LogUtils.java:infoOrTrace(149)) -   Exception 0: {}
java.util.concurrent.ExecutionException: org.apache.ratis.thirdparty.io.grpc.StatusRuntimeException: UNAVAILABLE: io exception
	at java.util.concurrent.FutureTask.report(FutureTask.java:122)
	at java.util.concurrent.FutureTask.get(FutureTask.java:192)
	at org.apache.ratis.server.impl.LeaderElection.waitForResults(LeaderElection.java:263)
	at org.apache.ratis.server.impl.LeaderElection.askForVotes(LeaderElection.java:201)
	at org.apache.ratis.server.impl.LeaderElection.run(LeaderElection.java:133)
	at java.lang.Thread.run(Thread.java:748)
Caused by: org.apache.ratis.thirdparty.io.grpc.StatusRuntimeException: UNAVAILABLE: io exception
	at org.apache.ratis.thirdparty.io.grpc.stub.ClientCalls.toStatusRuntimeException(ClientCalls.java:233)
	at org.apache.ratis.thirdparty.io.grpc.stub.ClientCalls.getUnchecked(ClientCalls.java:214)
	at org.apache.ratis.thirdparty.io.grpc.stub.ClientCalls.blockingUnaryCall(ClientCalls.java:139)
	at org.apache.ratis.proto.grpc.RaftServerProtocolServiceGrpc$RaftServerProtocolServiceBlockingStub.requestVote(RaftServerProtocolServiceGrpc.java:265)
	at org.apache.ratis.grpc.server.GrpcServerProtocolClient.requestVote(GrpcServerProtocolClient.java:90)
	at org.apache.ratis.grpc.server.GrpcService.requestVote(GrpcService.java:204)
	at org.apache.ratis.server.impl.LeaderElection.lambda$submitRequests$1(LeaderElection.java:238)
	at java.util.concurrent.FutureTask.run(FutureTask.java:266)
	at java.util.concurrent.Executors$RunnableAdapter.call(Executors.java:511)
	at java.util.concurrent.FutureTask.run(FutureTask.java:266)
	at java.util.concurrent.ThreadPoolExecutor.runWorker(ThreadPoolExecutor.java:1149)
	at java.util.concurrent.ThreadPoolExecutor$Worker.run(ThreadPoolExecutor.java:624)
	... 1 more
Caused by: org.apache.ratis.thirdparty.io.netty.channel.AbstractChannel$AnnotatedConnectException: Connection refused: /192.168.30.19:34925
	at sun.nio.ch.SocketChannelImpl.checkConnect(Native Method)
	at sun.nio.ch.SocketChannelImpl.finishConnect(SocketChannelImpl.java:717)
	at org.apache.ratis.thirdparty.io.netty.channel.socket.nio.NioSocketChannel.doFinishConnect(NioSocketChannel.java:327)
	at org.apache.ratis.thirdparty.io.netty.channel.nio.AbstractNioChannel$AbstractNioUnsafe.finishConnect(AbstractNioChannel.java:340)
	at org.apache.ratis.thirdparty.io.netty.channel.nio.NioEventLoop.processSelectedKey(NioEventLoop.java:632)
	at org.apache.ratis.thirdparty.io.netty.channel.nio.NioEventLoop.processSelectedKeysOptimized(NioEventLoop.java:579)
	at org.apache.ratis.thirdparty.io.netty.channel.nio.NioEventLoop.processSelectedKeys(NioEventLoop.java:496)
	at org.apache.ratis.thirdparty.io.netty.channel.nio.NioEventLoop.run(NioEventLoop.java:458)
	at org.apache.ratis.thirdparty.io.netty.util.concurrent.SingleThreadEventExecutor$5.run(SingleThreadEventExecutor.java:897)
	at org.apache.ratis.thirdparty.io.netty.util.concurrent.FastThreadLocalRunnable.run(FastThreadLocalRunnable.java:30)
	... 1 more
Caused by: java.net.ConnectException: Connection refused
	... 11 more
2019-09-29 11:18:17,753 [d87f90a9-3605-42ff-a73f-b54839b7ec6f@group-ECC108AE71E7:LeaderElection30] INFO  impl.LeaderElection (LogUtils.java:infoOrTrace(149)) -   Exception 1: {}
java.util.concurrent.ExecutionException: org.apache.ratis.thirdparty.io.grpc.StatusRuntimeException: UNAVAILABLE: io exception
	at java.util.concurrent.FutureTask.report(FutureTask.java:122)
	at java.util.concurrent.FutureTask.get(FutureTask.java:192)
	at org.apache.ratis.server.impl.LeaderElection.waitForResults(LeaderElection.java:263)
	at org.apache.ratis.server.impl.LeaderElection.askForVotes(LeaderElection.java:201)
	at org.apache.ratis.server.impl.LeaderElection.run(LeaderElection.java:133)
	at java.lang.Thread.run(Thread.java:748)
Caused by: org.apache.ratis.thirdparty.io.grpc.StatusRuntimeException: UNAVAILABLE: io exception
	at org.apache.ratis.thirdparty.io.grpc.stub.ClientCalls.toStatusRuntimeException(ClientCalls.java:233)
	at org.apache.ratis.thirdparty.io.grpc.stub.ClientCalls.getUnchecked(ClientCalls.java:214)
	at org.apache.ratis.thirdparty.io.grpc.stub.ClientCalls.blockingUnaryCall(ClientCalls.java:139)
	at org.apache.ratis.proto.grpc.RaftServerProtocolServiceGrpc$RaftServerProtocolServiceBlockingStub.requestVote(RaftServerProtocolServiceGrpc.java:265)
	at org.apache.ratis.grpc.server.GrpcServerProtocolClient.requestVote(GrpcServerProtocolClient.java:90)
	at org.apache.ratis.grpc.server.GrpcService.requestVote(GrpcService.java:204)
	at org.apache.ratis.server.impl.LeaderElection.lambda$submitRequests$1(LeaderElection.java:238)
	at java.util.concurrent.FutureTask.run(FutureTask.java:266)
	at java.util.concurrent.Executors$RunnableAdapter.call(Executors.java:511)
	at java.util.concurrent.FutureTask.run(FutureTask.java:266)
	at java.util.concurrent.ThreadPoolExecutor.runWorker(ThreadPoolExecutor.java:1149)
	at java.util.concurrent.ThreadPoolExecutor$Worker.run(ThreadPoolExecutor.java:624)
	... 1 more
Caused by: org.apache.ratis.thirdparty.io.netty.channel.AbstractChannel$AnnotatedConnectException: Connection refused: /192.168.30.19:38815
	at sun.nio.ch.SocketChannelImpl.checkConnect(Native Method)
	at sun.nio.ch.SocketChannelImpl.finishConnect(SocketChannelImpl.java:717)
	at org.apache.ratis.thirdparty.io.netty.channel.socket.nio.NioSocketChannel.doFinishConnect(NioSocketChannel.java:327)
	at org.apache.ratis.thirdparty.io.netty.channel.nio.AbstractNioChannel$AbstractNioUnsafe.finishConnect(AbstractNioChannel.java:340)
	at org.apache.ratis.thirdparty.io.netty.channel.nio.NioEventLoop.processSelectedKey(NioEventLoop.java:632)
	at org.apache.ratis.thirdparty.io.netty.channel.nio.NioEventLoop.processSelectedKeysOptimized(NioEventLoop.java:579)
	at org.apache.ratis.thirdparty.io.netty.channel.nio.NioEventLoop.processSelectedKeys(NioEventLoop.java:496)
	at org.apache.ratis.thirdparty.io.netty.channel.nio.NioEventLoop.run(NioEventLoop.java:458)
	at org.apache.ratis.thirdparty.io.netty.util.concurrent.SingleThreadEventExecutor$5.run(SingleThreadEventExecutor.java:897)
	at org.apache.ratis.thirdparty.io.netty.util.concurrent.FastThreadLocalRunnable.run(FastThreadLocalRunnable.java:30)
	... 1 more
Caused by: java.net.ConnectException: Connection refused
	... 11 more
2019-09-29 11:18:17,754 [d87f90a9-3605-42ff-a73f-b54839b7ec6f@group-ECC108AE71E7:LeaderElection30] INFO  impl.RaftServerImpl (RaftServerImpl.java:setRole(174)) - d87f90a9-3605-42ff-a73f-b54839b7ec6f@group-ECC108AE71E7: changes role from CANDIDATE to FOLLOWER at term 2 for DISCOVERED_A_NEW_TERM
2019-09-29 11:18:17,755 [d87f90a9-3605-42ff-a73f-b54839b7ec6f@group-ECC108AE71E7:LeaderElection30] INFO  impl.RoleInfo (RoleInfo.java:shutdownLeaderElection(134)) - d87f90a9-3605-42ff-a73f-b54839b7ec6f: shutdown LeaderElection
2019-09-29 11:18:17,755 [d87f90a9-3605-42ff-a73f-b54839b7ec6f@group-ECC108AE71E7:LeaderElection30] INFO  impl.RoleInfo (RoleInfo.java:updateAndGet(143)) - d87f90a9-3605-42ff-a73f-b54839b7ec6f: start FollowerState
2019-09-29 11:18:17,758 [grpc-default-executor-3] WARN  server.GrpcLogAppender (LogUtils.java:warn(134)) - d87f90a9-3605-42ff-a73f-b54839b7ec6f@group-04C128AFAA8A->16f9aea5-9974-4547-813d-50b5e9cbac2d-AppendLogResponseHandler: Failed appendEntries: org.apache.ratis.thirdparty.io.grpc.StatusRuntimeException: UNAVAILABLE: io exception
2019-09-29 11:18:17,762 [grpc-default-executor-3] INFO  impl.FollowerInfo (FollowerInfo.java:lambda$new$0(51)) - d87f90a9-3605-42ff-a73f-b54839b7ec6f@group-04C128AFAA8A->16f9aea5-9974-4547-813d-50b5e9cbac2d: nextIndex: updateUnconditionally 0 -> 0
2019-09-29 11:18:17,765 [grpc-default-executor-3] WARN  server.GrpcLogAppender (LogUtils.java:warn(134)) - d87f90a9-3605-42ff-a73f-b54839b7ec6f@group-04C128AFAA8A->813e8ff3-5a9d-4177-a3ce-ff3f7795e702-AppendLogResponseHandler: Failed appendEntries: org.apache.ratis.thirdparty.io.grpc.StatusRuntimeException: UNAVAILABLE: io exception
2019-09-29 11:18:17,767 [grpc-default-executor-3] INFO  impl.FollowerInfo (FollowerInfo.java:lambda$new$0(51)) - d87f90a9-3605-42ff-a73f-b54839b7ec6f@group-04C128AFAA8A->813e8ff3-5a9d-4177-a3ce-ff3f7795e702: nextIndex: updateUnconditionally 0 -> 0
2019-09-29 11:18:17,846 [Thread-538] INFO  impl.FollowerState (FollowerState.java:run(106)) - d87f90a9-3605-42ff-a73f-b54839b7ec6f:group-069BEA507B86 changes to CANDIDATE, lastRpcTime:10036, electionTimeout:5115ms
2019-09-29 11:18:17,846 [Thread-538] INFO  impl.RoleInfo (RoleInfo.java:shutdownFollowerState(121)) - d87f90a9-3605-42ff-a73f-b54839b7ec6f: shutdown FollowerState
2019-09-29 11:18:17,846 [Thread-538] INFO  impl.RaftServerImpl (RaftServerImpl.java:setRole(174)) - d87f90a9-3605-42ff-a73f-b54839b7ec6f@group-069BEA507B86: changes role from  FOLLOWER to CANDIDATE at term 2 for changeToCandidate
2019-09-29 11:18:17,846 [Thread-538] INFO  impl.RoleInfo (RoleInfo.java:updateAndGet(143)) - d87f90a9-3605-42ff-a73f-b54839b7ec6f: start LeaderElection
2019-09-29 11:18:17,848 [d87f90a9-3605-42ff-a73f-b54839b7ec6f@group-069BEA507B86:LeaderElection31] INFO  impl.RaftServerImpl (ServerState.java:setLeader(253)) - d87f90a9-3605-42ff-a73f-b54839b7ec6f@group-069BEA507B86: change Leader from 16f9aea5-9974-4547-813d-50b5e9cbac2d to null at term 2 for initElection
2019-09-29 11:18:17,872 [d87f90a9-3605-42ff-a73f-b54839b7ec6f@group-069BEA507B86:LeaderElection31] INFO  impl.LeaderElection (LeaderElection.java:askForVotes(182)) - d87f90a9-3605-42ff-a73f-b54839b7ec6f@group-069BEA507B86:LeaderElection31: begin an election at term 3 for 0: [d87f90a9-3605-42ff-a73f-b54839b7ec6f:192.168.30.19:44039, 813e8ff3-5a9d-4177-a3ce-ff3f7795e702:192.168.30.19:38815, 16f9aea5-9974-4547-813d-50b5e9cbac2d:192.168.30.19:34925], old=null
2019-09-29 11:18:17,875 [d87f90a9-3605-42ff-a73f-b54839b7ec6f@group-069BEA507B86:LeaderElection31] INFO  impl.LeaderElection (LogUtils.java:infoOrTrace(149)) - d87f90a9-3605-42ff-a73f-b54839b7ec6f@group-069BEA507B86:LeaderElection31 got exception when requesting votes: {}
java.util.concurrent.ExecutionException: org.apache.ratis.thirdparty.io.grpc.StatusRuntimeException: UNAVAILABLE: io exception
	at java.util.concurrent.FutureTask.report(FutureTask.java:122)
	at java.util.concurrent.FutureTask.get(FutureTask.java:192)
	at org.apache.ratis.server.impl.LeaderElection.waitForResults(LeaderElection.java:263)
	at org.apache.ratis.server.impl.LeaderElection.askForVotes(LeaderElection.java:201)
	at org.apache.ratis.server.impl.LeaderElection.run(LeaderElection.java:133)
	at java.lang.Thread.run(Thread.java:748)
Caused by: org.apache.ratis.thirdparty.io.grpc.StatusRuntimeException: UNAVAILABLE: io exception
	at org.apache.ratis.thirdparty.io.grpc.stub.ClientCalls.toStatusRuntimeException(ClientCalls.java:233)
	at org.apache.ratis.thirdparty.io.grpc.stub.ClientCalls.getUnchecked(ClientCalls.java:214)
	at org.apache.ratis.thirdparty.io.grpc.stub.ClientCalls.blockingUnaryCall(ClientCalls.java:139)
	at org.apache.ratis.proto.grpc.RaftServerProtocolServiceGrpc$RaftServerProtocolServiceBlockingStub.requestVote(RaftServerProtocolServiceGrpc.java:265)
	at org.apache.ratis.grpc.server.GrpcServerProtocolClient.requestVote(GrpcServerProtocolClient.java:90)
	at org.apache.ratis.grpc.server.GrpcService.requestVote(GrpcService.java:204)
	at org.apache.ratis.server.impl.LeaderElection.lambda$submitRequests$1(LeaderElection.java:238)
	at java.util.concurrent.FutureTask.run(FutureTask.java:266)
	at java.util.concurrent.Executors$RunnableAdapter.call(Executors.java:511)
	at java.util.concurrent.FutureTask.run(FutureTask.java:266)
	at java.util.concurrent.ThreadPoolExecutor.runWorker(ThreadPoolExecutor.java:1149)
	at java.util.concurrent.ThreadPoolExecutor$Worker.run(ThreadPoolExecutor.java:624)
	... 1 more
Caused by: org.apache.ratis.thirdparty.io.netty.channel.AbstractChannel$AnnotatedConnectException: Connection refused: /192.168.30.19:34925
	at sun.nio.ch.SocketChannelImpl.checkConnect(Native Method)
	at sun.nio.ch.SocketChannelImpl.finishConnect(SocketChannelImpl.java:717)
	at org.apache.ratis.thirdparty.io.netty.channel.socket.nio.NioSocketChannel.doFinishConnect(NioSocketChannel.java:327)
	at org.apache.ratis.thirdparty.io.netty.channel.nio.AbstractNioChannel$AbstractNioUnsafe.finishConnect(AbstractNioChannel.java:340)
	at org.apache.ratis.thirdparty.io.netty.channel.nio.NioEventLoop.processSelectedKey(NioEventLoop.java:632)
	at org.apache.ratis.thirdparty.io.netty.channel.nio.NioEventLoop.processSelectedKeysOptimized(NioEventLoop.java:579)
	at org.apache.ratis.thirdparty.io.netty.channel.nio.NioEventLoop.processSelectedKeys(NioEventLoop.java:496)
	at org.apache.ratis.thirdparty.io.netty.channel.nio.NioEventLoop.run(NioEventLoop.java:458)
	at org.apache.ratis.thirdparty.io.netty.util.concurrent.SingleThreadEventExecutor$5.run(SingleThreadEventExecutor.java:897)
	at org.apache.ratis.thirdparty.io.netty.util.concurrent.FastThreadLocalRunnable.run(FastThreadLocalRunnable.java:30)
	... 1 more
Caused by: java.net.ConnectException: Connection refused
	... 11 more
2019-09-29 11:18:17,878 [d87f90a9-3605-42ff-a73f-b54839b7ec6f@group-069BEA507B86:LeaderElection31] INFO  impl.LeaderElection (LogUtils.java:infoOrTrace(149)) - d87f90a9-3605-42ff-a73f-b54839b7ec6f@group-069BEA507B86:LeaderElection31 got exception when requesting votes: {}
java.util.concurrent.ExecutionException: org.apache.ratis.thirdparty.io.grpc.StatusRuntimeException: UNAVAILABLE: io exception
	at java.util.concurrent.FutureTask.report(FutureTask.java:122)
	at java.util.concurrent.FutureTask.get(FutureTask.java:192)
	at org.apache.ratis.server.impl.LeaderElection.waitForResults(LeaderElection.java:263)
	at org.apache.ratis.server.impl.LeaderElection.askForVotes(LeaderElection.java:201)
	at org.apache.ratis.server.impl.LeaderElection.run(LeaderElection.java:133)
	at java.lang.Thread.run(Thread.java:748)
Caused by: org.apache.ratis.thirdparty.io.grpc.StatusRuntimeException: UNAVAILABLE: io exception
	at org.apache.ratis.thirdparty.io.grpc.stub.ClientCalls.toStatusRuntimeException(ClientCalls.java:233)
	at org.apache.ratis.thirdparty.io.grpc.stub.ClientCalls.getUnchecked(ClientCalls.java:214)
	at org.apache.ratis.thirdparty.io.grpc.stub.ClientCalls.blockingUnaryCall(ClientCalls.java:139)
	at org.apache.ratis.proto.grpc.RaftServerProtocolServiceGrpc$RaftServerProtocolServiceBlockingStub.requestVote(RaftServerProtocolServiceGrpc.java:265)
	at org.apache.ratis.grpc.server.GrpcServerProtocolClient.requestVote(GrpcServerProtocolClient.java:90)
	at org.apache.ratis.grpc.server.GrpcService.requestVote(GrpcService.java:204)
	at org.apache.ratis.server.impl.LeaderElection.lambda$submitRequests$1(LeaderElection.java:238)
	at java.util.concurrent.FutureTask.run(FutureTask.java:266)
	at java.util.concurrent.Executors$RunnableAdapter.call(Executors.java:511)
	at java.util.concurrent.FutureTask.run(FutureTask.java:266)
	at java.util.concurrent.ThreadPoolExecutor.runWorker(ThreadPoolExecutor.java:1149)
	at java.util.concurrent.ThreadPoolExecutor$Worker.run(ThreadPoolExecutor.java:624)
	... 1 more
Caused by: org.apache.ratis.thirdparty.io.netty.channel.AbstractChannel$AnnotatedConnectException: Connection refused: /192.168.30.19:38815
	at sun.nio.ch.SocketChannelImpl.checkConnect(Native Method)
	at sun.nio.ch.SocketChannelImpl.finishConnect(SocketChannelImpl.java:717)
	at org.apache.ratis.thirdparty.io.netty.channel.socket.nio.NioSocketChannel.doFinishConnect(NioSocketChannel.java:327)
	at org.apache.ratis.thirdparty.io.netty.channel.nio.AbstractNioChannel$AbstractNioUnsafe.finishConnect(AbstractNioChannel.java:340)
	at org.apache.ratis.thirdparty.io.netty.channel.nio.NioEventLoop.processSelectedKey(NioEventLoop.java:632)
	at org.apache.ratis.thirdparty.io.netty.channel.nio.NioEventLoop.processSelectedKeysOptimized(NioEventLoop.java:579)
	at org.apache.ratis.thirdparty.io.netty.channel.nio.NioEventLoop.processSelectedKeys(NioEventLoop.java:496)
	at org.apache.ratis.thirdparty.io.netty.channel.nio.NioEventLoop.run(NioEventLoop.java:458)
	at org.apache.ratis.thirdparty.io.netty.util.concurrent.SingleThreadEventExecutor$5.run(SingleThreadEventExecutor.java:897)
	at org.apache.ratis.thirdparty.io.netty.util.concurrent.FastThreadLocalRunnable.run(FastThreadLocalRunnable.java:30)
	... 1 more
Caused by: java.net.ConnectException: Connection refused
	... 11 more
2019-09-29 11:18:17,880 [d87f90a9-3605-42ff-a73f-b54839b7ec6f@group-069BEA507B86:LeaderElection31] INFO  impl.LeaderElection (LeaderElection.java:logAndReturn(56)) - d87f90a9-3605-42ff-a73f-b54839b7ec6f@group-069BEA507B86:LeaderElection31: Election REJECTED; received 0 response(s) [] and 2 exception(s); d87f90a9-3605-42ff-a73f-b54839b7ec6f@group-069BEA507B86:t3, leader=null, voted=d87f90a9-3605-42ff-a73f-b54839b7ec6f, raftlog=d87f90a9-3605-42ff-a73f-b54839b7ec6f@group-069BEA507B86-SegmentedRaftLog:OPENED:c-1,f0,i0, conf=0: [d87f90a9-3605-42ff-a73f-b54839b7ec6f:192.168.30.19:44039, 813e8ff3-5a9d-4177-a3ce-ff3f7795e702:192.168.30.19:38815, 16f9aea5-9974-4547-813d-50b5e9cbac2d:192.168.30.19:34925], old=null
2019-09-29 11:18:17,880 [d87f90a9-3605-42ff-a73f-b54839b7ec6f@group-069BEA507B86:LeaderElection31] INFO  impl.LeaderElection (LogUtils.java:infoOrTrace(149)) -   Exception 0: {}
java.util.concurrent.ExecutionException: org.apache.ratis.thirdparty.io.grpc.StatusRuntimeException: UNAVAILABLE: io exception
	at java.util.concurrent.FutureTask.report(FutureTask.java:122)
	at java.util.concurrent.FutureTask.get(FutureTask.java:192)
	at org.apache.ratis.server.impl.LeaderElection.waitForResults(LeaderElection.java:263)
	at org.apache.ratis.server.impl.LeaderElection.askForVotes(LeaderElection.java:201)
	at org.apache.ratis.server.impl.LeaderElection.run(LeaderElection.java:133)
	at java.lang.Thread.run(Thread.java:748)
Caused by: org.apache.ratis.thirdparty.io.grpc.StatusRuntimeException: UNAVAILABLE: io exception
	at org.apache.ratis.thirdparty.io.grpc.stub.ClientCalls.toStatusRuntimeException(ClientCalls.java:233)
	at org.apache.ratis.thirdparty.io.grpc.stub.ClientCalls.getUnchecked(ClientCalls.java:214)
	at org.apache.ratis.thirdparty.io.grpc.stub.ClientCalls.blockingUnaryCall(ClientCalls.java:139)
	at org.apache.ratis.proto.grpc.RaftServerProtocolServiceGrpc$RaftServerProtocolServiceBlockingStub.requestVote(RaftServerProtocolServiceGrpc.java:265)
	at org.apache.ratis.grpc.server.GrpcServerProtocolClient.requestVote(GrpcServerProtocolClient.java:90)
	at org.apache.ratis.grpc.server.GrpcService.requestVote(GrpcService.java:204)
	at org.apache.ratis.server.impl.LeaderElection.lambda$submitRequests$1(LeaderElection.java:238)
	at java.util.concurrent.FutureTask.run(FutureTask.java:266)
	at java.util.concurrent.Executors$RunnableAdapter.call(Executors.java:511)
	at java.util.concurrent.FutureTask.run(FutureTask.java:266)
	at java.util.concurrent.ThreadPoolExecutor.runWorker(ThreadPoolExecutor.java:1149)
	at java.util.concurrent.ThreadPoolExecutor$Worker.run(ThreadPoolExecutor.java:624)
	... 1 more
Caused by: org.apache.ratis.thirdparty.io.netty.channel.AbstractChannel$AnnotatedConnectException: Connection refused: /192.168.30.19:34925
	at sun.nio.ch.SocketChannelImpl.checkConnect(Native Method)
	at sun.nio.ch.SocketChannelImpl.finishConnect(SocketChannelImpl.java:717)
	at org.apache.ratis.thirdparty.io.netty.channel.socket.nio.NioSocketChannel.doFinishConnect(NioSocketChannel.java:327)
	at org.apache.ratis.thirdparty.io.netty.channel.nio.AbstractNioChannel$AbstractNioUnsafe.finishConnect(AbstractNioChannel.java:340)
	at org.apache.ratis.thirdparty.io.netty.channel.nio.NioEventLoop.processSelectedKey(NioEventLoop.java:632)
	at org.apache.ratis.thirdparty.io.netty.channel.nio.NioEventLoop.processSelectedKeysOptimized(NioEventLoop.java:579)
	at org.apache.ratis.thirdparty.io.netty.channel.nio.NioEventLoop.processSelectedKeys(NioEventLoop.java:496)
	at org.apache.ratis.thirdparty.io.netty.channel.nio.NioEventLoop.run(NioEventLoop.java:458)
	at org.apache.ratis.thirdparty.io.netty.util.concurrent.SingleThreadEventExecutor$5.run(SingleThreadEventExecutor.java:897)
	at org.apache.ratis.thirdparty.io.netty.util.concurrent.FastThreadLocalRunnable.run(FastThreadLocalRunnable.java:30)
	... 1 more
Caused by: java.net.ConnectException: Connection refused
	... 11 more
2019-09-29 11:18:17,881 [d87f90a9-3605-42ff-a73f-b54839b7ec6f@group-069BEA507B86:LeaderElection31] INFO  impl.LeaderElection (LogUtils.java:infoOrTrace(149)) -   Exception 1: {}
java.util.concurrent.ExecutionException: org.apache.ratis.thirdparty.io.grpc.StatusRuntimeException: UNAVAILABLE: io exception
	at java.util.concurrent.FutureTask.report(FutureTask.java:122)
	at java.util.concurrent.FutureTask.get(FutureTask.java:192)
	at org.apache.ratis.server.impl.LeaderElection.waitForResults(LeaderElection.java:263)
	at org.apache.ratis.server.impl.LeaderElection.askForVotes(LeaderElection.java:201)
	at org.apache.ratis.server.impl.LeaderElection.run(LeaderElection.java:133)
	at java.lang.Thread.run(Thread.java:748)
Caused by: org.apache.ratis.thirdparty.io.grpc.StatusRuntimeException: UNAVAILABLE: io exception
	at org.apache.ratis.thirdparty.io.grpc.stub.ClientCalls.toStatusRuntimeException(ClientCalls.java:233)
	at org.apache.ratis.thirdparty.io.grpc.stub.ClientCalls.getUnchecked(ClientCalls.java:214)
	at org.apache.ratis.thirdparty.io.grpc.stub.ClientCalls.blockingUnaryCall(ClientCalls.java:139)
	at org.apache.ratis.proto.grpc.RaftServerProtocolServiceGrpc$RaftServerProtocolServiceBlockingStub.requestVote(RaftServerProtocolServiceGrpc.java:265)
	at org.apache.ratis.grpc.server.GrpcServerProtocolClient.requestVote(GrpcServerProtocolClient.java:90)
	at org.apache.ratis.grpc.server.GrpcService.requestVote(GrpcService.java:204)
	at org.apache.ratis.server.impl.LeaderElection.lambda$submitRequests$1(LeaderElection.java:238)
	at java.util.concurrent.FutureTask.run(FutureTask.java:266)
	at java.util.concurrent.Executors$RunnableAdapter.call(Executors.java:511)
	at java.util.concurrent.FutureTask.run(FutureTask.java:266)
	at java.util.concurrent.ThreadPoolExecutor.runWorker(ThreadPoolExecutor.java:1149)
	at java.util.concurrent.ThreadPoolExecutor$Worker.run(ThreadPoolExecutor.java:624)
	... 1 more
Caused by: org.apache.ratis.thirdparty.io.netty.channel.AbstractChannel$AnnotatedConnectException: Connection refused: /192.168.30.19:38815
	at sun.nio.ch.SocketChannelImpl.checkConnect(Native Method)
	at sun.nio.ch.SocketChannelImpl.finishConnect(SocketChannelImpl.java:717)
	at org.apache.ratis.thirdparty.io.netty.channel.socket.nio.NioSocketChannel.doFinishConnect(NioSocketChannel.java:327)
	at org.apache.ratis.thirdparty.io.netty.channel.nio.AbstractNioChannel$AbstractNioUnsafe.finishConnect(AbstractNioChannel.java:340)
	at org.apache.ratis.thirdparty.io.netty.channel.nio.NioEventLoop.processSelectedKey(NioEventLoop.java:632)
	at org.apache.ratis.thirdparty.io.netty.channel.nio.NioEventLoop.processSelectedKeysOptimized(NioEventLoop.java:579)
	at org.apache.ratis.thirdparty.io.netty.channel.nio.NioEventLoop.processSelectedKeys(NioEventLoop.java:496)
	at org.apache.ratis.thirdparty.io.netty.channel.nio.NioEventLoop.run(NioEventLoop.java:458)
	at org.apache.ratis.thirdparty.io.netty.util.concurrent.SingleThreadEventExecutor$5.run(SingleThreadEventExecutor.java:897)
	at org.apache.ratis.thirdparty.io.netty.util.concurrent.FastThreadLocalRunnable.run(FastThreadLocalRunnable.java:30)
	... 1 more
Caused by: java.net.ConnectException: Connection refused
	... 11 more
2019-09-29 11:18:17,882 [d87f90a9-3605-42ff-a73f-b54839b7ec6f@group-069BEA507B86:LeaderElection31] INFO  impl.RaftServerImpl (RaftServerImpl.java:setRole(174)) - d87f90a9-3605-42ff-a73f-b54839b7ec6f@group-069BEA507B86: changes role from CANDIDATE to FOLLOWER at term 3 for DISCOVERED_A_NEW_TERM
2019-09-29 11:18:17,882 [d87f90a9-3605-42ff-a73f-b54839b7ec6f@group-069BEA507B86:LeaderElection31] INFO  impl.RoleInfo (RoleInfo.java:shutdownLeaderElection(134)) - d87f90a9-3605-42ff-a73f-b54839b7ec6f: shutdown LeaderElection
2019-09-29 11:18:17,882 [d87f90a9-3605-42ff-a73f-b54839b7ec6f@group-069BEA507B86:LeaderElection31] INFO  impl.RoleInfo (RoleInfo.java:updateAndGet(143)) - d87f90a9-3605-42ff-a73f-b54839b7ec6f: start FollowerState
2019-09-29 11:18:18,097 [EventQueue-StaleNodeForStaleNodeHandler] INFO  node.StaleNodeHandler (StaleNodeHandler.java:onMessage(58)) - Datanode d87f90a9-3605-42ff-a73f-b54839b7ec6f{ip: 192.168.30.19, host: pr-hdds-1569-lsfh5-224679870, networkLocation: /default-rack, certSerialId: null} moved to stale state. Finalizing its pipelines [PipelineID=28f27a46-2d5c-4860-a9ab-9c21ae147306, PipelineID=52951f0b-3bb2-4c3e-b5f0-3b8c7b1ef025, PipelineID=ee592897-d3bf-4c96-a993-457a954bf1ff, PipelineID=374d0a6a-022b-4a73-8d4f-be528aa980c6, PipelineID=5857e6c0-d830-4163-8c12-14a94c81cbe0, PipelineID=fa1601ec-24ed-4bd9-86d8-ecc108ae71e7, PipelineID=f74bfd06-a018-4261-af4e-04c128afaa8a, PipelineID=eba7c9f2-3785-45d8-898a-069bea507b86]
2019-09-29 11:18:18,099 [EventQueue-StaleNodeForStaleNodeHandler] INFO  pipeline.SCMPipelineManager (SCMPipelineManager.java:finalizeAndDestroyPipeline(341)) - destroying pipeline:Pipeline[ Id: 28f27a46-2d5c-4860-a9ab-9c21ae147306, Nodes: 813e8ff3-5a9d-4177-a3ce-ff3f7795e702{ip: 192.168.30.19, host: pr-hdds-1569-lsfh5-224679870, networkLocation: /default-rack, certSerialId: null}d87f90a9-3605-42ff-a73f-b54839b7ec6f{ip: 192.168.30.19, host: pr-hdds-1569-lsfh5-224679870, networkLocation: /default-rack, certSerialId: null}16f9aea5-9974-4547-813d-50b5e9cbac2d{ip: 192.168.30.19, host: pr-hdds-1569-lsfh5-224679870, networkLocation: /default-rack, certSerialId: null}, Type:RATIS, Factor:THREE, State:CLOSED]
2019-09-29 11:18:18,100 [EventQueue-StaleNodeForStaleNodeHandler] INFO  pipeline.SCMPipelineManager (SCMPipelineManager.java:finalizeAndDestroyPipeline(341)) - destroying pipeline:Pipeline[ Id: 52951f0b-3bb2-4c3e-b5f0-3b8c7b1ef025, Nodes: d87f90a9-3605-42ff-a73f-b54839b7ec6f{ip: 192.168.30.19, host: pr-hdds-1569-lsfh5-224679870, networkLocation: /default-rack, certSerialId: null}16f9aea5-9974-4547-813d-50b5e9cbac2d{ip: 192.168.30.19, host: pr-hdds-1569-lsfh5-224679870, networkLocation: /default-rack, certSerialId: null}813e8ff3-5a9d-4177-a3ce-ff3f7795e702{ip: 192.168.30.19, host: pr-hdds-1569-lsfh5-224679870, networkLocation: /default-rack, certSerialId: null}, Type:RATIS, Factor:THREE, State:CLOSED]
2019-09-29 11:18:18,100 [EventQueue-StaleNodeForStaleNodeHandler] INFO  pipeline.SCMPipelineManager (SCMPipelineManager.java:finalizeAndDestroyPipeline(341)) - destroying pipeline:Pipeline[ Id: ee592897-d3bf-4c96-a993-457a954bf1ff, Nodes: 16f9aea5-9974-4547-813d-50b5e9cbac2d{ip: 192.168.30.19, host: pr-hdds-1569-lsfh5-224679870, networkLocation: /default-rack, certSerialId: null}813e8ff3-5a9d-4177-a3ce-ff3f7795e702{ip: 192.168.30.19, host: pr-hdds-1569-lsfh5-224679870, networkLocation: /default-rack, certSerialId: null}d87f90a9-3605-42ff-a73f-b54839b7ec6f{ip: 192.168.30.19, host: pr-hdds-1569-lsfh5-224679870, networkLocation: /default-rack, certSerialId: null}, Type:RATIS, Factor:THREE, State:CLOSED]
2019-09-29 11:18:18,100 [EventQueue-StaleNodeForStaleNodeHandler] INFO  pipeline.SCMPipelineManager (SCMPipelineManager.java:finalizeAndDestroyPipeline(341)) - destroying pipeline:Pipeline[ Id: 374d0a6a-022b-4a73-8d4f-be528aa980c6, Nodes: 16f9aea5-9974-4547-813d-50b5e9cbac2d{ip: 192.168.30.19, host: pr-hdds-1569-lsfh5-224679870, networkLocation: /default-rack, certSerialId: null}813e8ff3-5a9d-4177-a3ce-ff3f7795e702{ip: 192.168.30.19, host: pr-hdds-1569-lsfh5-224679870, networkLocation: /default-rack, certSerialId: null}d87f90a9-3605-42ff-a73f-b54839b7ec6f{ip: 192.168.30.19, host: pr-hdds-1569-lsfh5-224679870, networkLocation: /default-rack, certSerialId: null}, Type:RATIS, Factor:THREE, State:CLOSED]
2019-09-29 11:18:18,100 [EventQueue-StaleNodeForStaleNodeHandler] INFO  pipeline.SCMPipelineManager (SCMPipelineManager.java:finalizeAndDestroyPipeline(341)) - destroying pipeline:Pipeline[ Id: 5857e6c0-d830-4163-8c12-14a94c81cbe0, Nodes: d87f90a9-3605-42ff-a73f-b54839b7ec6f{ip: 192.168.30.19, host: pr-hdds-1569-lsfh5-224679870, networkLocation: /default-rack, certSerialId: null}, Type:RATIS, Factor:ONE, State:OPEN]
2019-09-29 11:18:18,101 [EventQueue-StaleNodeForStaleNodeHandler] INFO  pipeline.PipelineStateManager (PipelineStateManager.java:finalizePipeline(123)) - Pipeline Pipeline[ Id: 5857e6c0-d830-4163-8c12-14a94c81cbe0, Nodes: d87f90a9-3605-42ff-a73f-b54839b7ec6f{ip: 192.168.30.19, host: pr-hdds-1569-lsfh5-224679870, networkLocation: /default-rack, certSerialId: null}, Type:RATIS, Factor:ONE, State:CLOSED] moved to CLOSED state
2019-09-29 11:18:18,101 [EventQueue-StaleNodeForStaleNodeHandler] INFO  pipeline.SCMPipelineManager (SCMPipelineManager.java:finalizeAndDestroyPipeline(341)) - destroying pipeline:Pipeline[ Id: fa1601ec-24ed-4bd9-86d8-ecc108ae71e7, Nodes: 16f9aea5-9974-4547-813d-50b5e9cbac2d{ip: 192.168.30.19, host: pr-hdds-1569-lsfh5-224679870, networkLocation: /default-rack, certSerialId: null}813e8ff3-5a9d-4177-a3ce-ff3f7795e702{ip: 192.168.30.19, host: pr-hdds-1569-lsfh5-224679870, networkLocation: /default-rack, certSerialId: null}d87f90a9-3605-42ff-a73f-b54839b7ec6f{ip: 192.168.30.19, host: pr-hdds-1569-lsfh5-224679870, networkLocation: /default-rack, certSerialId: null}, Type:RATIS, Factor:THREE, State:CLOSED]
2019-09-29 11:18:18,101 [EventQueue-StaleNodeForStaleNodeHandler] INFO  pipeline.SCMPipelineManager (SCMPipelineManager.java:finalizeAndDestroyPipeline(341)) - destroying pipeline:Pipeline[ Id: f74bfd06-a018-4261-af4e-04c128afaa8a, Nodes: d87f90a9-3605-42ff-a73f-b54839b7ec6f{ip: 192.168.30.19, host: pr-hdds-1569-lsfh5-224679870, networkLocation: /default-rack, certSerialId: null}16f9aea5-9974-4547-813d-50b5e9cbac2d{ip: 192.168.30.19, host: pr-hdds-1569-lsfh5-224679870, networkLocation: /default-rack, certSerialId: null}813e8ff3-5a9d-4177-a3ce-ff3f7795e702{ip: 192.168.30.19, host: pr-hdds-1569-lsfh5-224679870, networkLocation: /default-rack, certSerialId: null}, Type:RATIS, Factor:THREE, State:CLOSED]
2019-09-29 11:18:18,101 [EventQueue-StaleNodeForStaleNodeHandler] INFO  pipeline.SCMPipelineManager (SCMPipelineManager.java:finalizeAndDestroyPipeline(341)) - destroying pipeline:Pipeline[ Id: eba7c9f2-3785-45d8-898a-069bea507b86, Nodes: 813e8ff3-5a9d-4177-a3ce-ff3f7795e702{ip: 192.168.30.19, host: pr-hdds-1569-lsfh5-224679870, networkLocation: /default-rack, certSerialId: null}d87f90a9-3605-42ff-a73f-b54839b7ec6f{ip: 192.168.30.19, host: pr-hdds-1569-lsfh5-224679870, networkLocation: /default-rack, certSerialId: null}16f9aea5-9974-4547-813d-50b5e9cbac2d{ip: 192.168.30.19, host: pr-hdds-1569-lsfh5-224679870, networkLocation: /default-rack, certSerialId: null}, Type:RATIS, Factor:THREE, State:CLOSED]
2019-09-29 11:18:18,397 [EventQueue-StaleNodeForStaleNodeHandler] INFO  node.StaleNodeHandler (StaleNodeHandler.java:onMessage(58)) - Datanode 0545c36f-a0b4-4f79-aecb-0463d797a2ef{ip: 192.168.30.19, host: pr-hdds-1569-lsfh5-224679870, networkLocation: /default-rack, certSerialId: null} moved to stale state. Finalizing its pipelines [PipelineID=49a828f7-c2a0-4afe-88ef-60eac14da426]
2019-09-29 11:18:18,398 [EventQueue-StaleNodeForStaleNodeHandler] INFO  pipeline.SCMPipelineManager (SCMPipelineManager.java:finalizeAndDestroyPipeline(341)) - destroying pipeline:Pipeline[ Id: 49a828f7-c2a0-4afe-88ef-60eac14da426, Nodes: 0545c36f-a0b4-4f79-aecb-0463d797a2ef{ip: 192.168.30.19, host: pr-hdds-1569-lsfh5-224679870, networkLocation: /default-rack, certSerialId: null}, Type:RATIS, Factor:ONE, State:OPEN]
2019-09-29 11:18:18,398 [EventQueue-StaleNodeForStaleNodeHandler] INFO  pipeline.PipelineStateManager (PipelineStateManager.java:finalizePipeline(123)) - Pipeline Pipeline[ Id: 49a828f7-c2a0-4afe-88ef-60eac14da426, Nodes: 0545c36f-a0b4-4f79-aecb-0463d797a2ef{ip: 192.168.30.19, host: pr-hdds-1569-lsfh5-224679870, networkLocation: /default-rack, certSerialId: null}, Type:RATIS, Factor:ONE, State:CLOSED] moved to CLOSED state
2019-09-29 11:18:18,724 [Thread-574] INFO  impl.FollowerState (FollowerState.java:run(106)) - d87f90a9-3605-42ff-a73f-b54839b7ec6f:group-9C21AE147306 changes to CANDIDATE, lastRpcTime:5140, electionTimeout:5140ms
2019-09-29 11:18:18,730 [Thread-574] INFO  impl.RoleInfo (RoleInfo.java:shutdownFollowerState(121)) - d87f90a9-3605-42ff-a73f-b54839b7ec6f: shutdown FollowerState
2019-09-29 11:18:18,730 [Thread-574] INFO  impl.RaftServerImpl (RaftServerImpl.java:setRole(174)) - d87f90a9-3605-42ff-a73f-b54839b7ec6f@group-9C21AE147306: changes role from  FOLLOWER to CANDIDATE at term 2 for changeToCandidate
2019-09-29 11:18:18,730 [Thread-574] INFO  impl.RoleInfo (RoleInfo.java:updateAndGet(143)) - d87f90a9-3605-42ff-a73f-b54839b7ec6f: start LeaderElection
2019-09-29 11:18:18,756 [d87f90a9-3605-42ff-a73f-b54839b7ec6f@group-9C21AE147306:LeaderElection32] INFO  impl.LeaderElection (LeaderElection.java:askForVotes(182)) - d87f90a9-3605-42ff-a73f-b54839b7ec6f@group-9C21AE147306:LeaderElection32: begin an election at term 3 for 0: [d87f90a9-3605-42ff-a73f-b54839b7ec6f:192.168.30.19:44039, 813e8ff3-5a9d-4177-a3ce-ff3f7795e702:192.168.30.19:38815, 16f9aea5-9974-4547-813d-50b5e9cbac2d:192.168.30.19:34925], old=null
2019-09-29 11:18:18,758 [d87f90a9-3605-42ff-a73f-b54839b7ec6f@group-9C21AE147306:LeaderElection32] INFO  impl.LeaderElection (LogUtils.java:infoOrTrace(149)) - d87f90a9-3605-42ff-a73f-b54839b7ec6f@group-9C21AE147306:LeaderElection32 got exception when requesting votes: {}
java.util.concurrent.ExecutionException: org.apache.ratis.thirdparty.io.grpc.StatusRuntimeException: UNAVAILABLE: io exception
	at java.util.concurrent.FutureTask.report(FutureTask.java:122)
	at java.util.concurrent.FutureTask.get(FutureTask.java:192)
	at org.apache.ratis.server.impl.LeaderElection.waitForResults(LeaderElection.java:263)
	at org.apache.ratis.server.impl.LeaderElection.askForVotes(LeaderElection.java:201)
	at org.apache.ratis.server.impl.LeaderElection.run(LeaderElection.java:133)
	at java.lang.Thread.run(Thread.java:748)
Caused by: org.apache.ratis.thirdparty.io.grpc.StatusRuntimeException: UNAVAILABLE: io exception
	at org.apache.ratis.thirdparty.io.grpc.stub.ClientCalls.toStatusRuntimeException(ClientCalls.java:233)
	at org.apache.ratis.thirdparty.io.grpc.stub.ClientCalls.getUnchecked(ClientCalls.java:214)
	at org.apache.ratis.thirdparty.io.grpc.stub.ClientCalls.blockingUnaryCall(ClientCalls.java:139)
	at org.apache.ratis.proto.grpc.RaftServerProtocolServiceGrpc$RaftServerProtocolServiceBlockingStub.requestVote(RaftServerProtocolServiceGrpc.java:265)
	at org.apache.ratis.grpc.server.GrpcServerProtocolClient.requestVote(GrpcServerProtocolClient.java:90)
	at org.apache.ratis.grpc.server.GrpcService.requestVote(GrpcService.java:204)
	at org.apache.ratis.server.impl.LeaderElection.lambda$submitRequests$1(LeaderElection.java:238)
	at java.util.concurrent.FutureTask.run(FutureTask.java:266)
	at java.util.concurrent.Executors$RunnableAdapter.call(Executors.java:511)
	at java.util.concurrent.FutureTask.run(FutureTask.java:266)
	at java.util.concurrent.ThreadPoolExecutor.runWorker(ThreadPoolExecutor.java:1149)
	at java.util.concurrent.ThreadPoolExecutor$Worker.run(ThreadPoolExecutor.java:624)
	... 1 more
Caused by: org.apache.ratis.thirdparty.io.netty.channel.AbstractChannel$AnnotatedConnectException: Connection refused: /192.168.30.19:34925
	at sun.nio.ch.SocketChannelImpl.checkConnect(Native Method)
	at sun.nio.ch.SocketChannelImpl.finishConnect(SocketChannelImpl.java:717)
	at org.apache.ratis.thirdparty.io.netty.channel.socket.nio.NioSocketChannel.doFinishConnect(NioSocketChannel.java:327)
	at org.apache.ratis.thirdparty.io.netty.channel.nio.AbstractNioChannel$AbstractNioUnsafe.finishConnect(AbstractNioChannel.java:340)
	at org.apache.ratis.thirdparty.io.netty.channel.nio.NioEventLoop.processSelectedKey(NioEventLoop.java:632)
	at org.apache.ratis.thirdparty.io.netty.channel.nio.NioEventLoop.processSelectedKeysOptimized(NioEventLoop.java:579)
	at org.apache.ratis.thirdparty.io.netty.channel.nio.NioEventLoop.processSelectedKeys(NioEventLoop.java:496)
	at org.apache.ratis.thirdparty.io.netty.channel.nio.NioEventLoop.run(NioEventLoop.java:458)
	at org.apache.ratis.thirdparty.io.netty.util.concurrent.SingleThreadEventExecutor$5.run(SingleThreadEventExecutor.java:897)
	at org.apache.ratis.thirdparty.io.netty.util.concurrent.FastThreadLocalRunnable.run(FastThreadLocalRunnable.java:30)
	... 1 more
Caused by: java.net.ConnectException: Connection refused
	... 11 more
2019-09-29 11:18:18,760 [d87f90a9-3605-42ff-a73f-b54839b7ec6f@group-9C21AE147306:LeaderElection32] INFO  impl.LeaderElection (LogUtils.java:infoOrTrace(149)) - d87f90a9-3605-42ff-a73f-b54839b7ec6f@group-9C21AE147306:LeaderElection32 got exception when requesting votes: {}
java.util.concurrent.ExecutionException: org.apache.ratis.thirdparty.io.grpc.StatusRuntimeException: UNAVAILABLE: io exception
	at java.util.concurrent.FutureTask.report(FutureTask.java:122)
	at java.util.concurrent.FutureTask.get(FutureTask.java:192)
	at org.apache.ratis.server.impl.LeaderElection.waitForResults(LeaderElection.java:263)
	at org.apache.ratis.server.impl.LeaderElection.askForVotes(LeaderElection.java:201)
	at org.apache.ratis.server.impl.LeaderElection.run(LeaderElection.java:133)
	at java.lang.Thread.run(Thread.java:748)
Caused by: org.apache.ratis.thirdparty.io.grpc.StatusRuntimeException: UNAVAILABLE: io exception
	at org.apache.ratis.thirdparty.io.grpc.stub.ClientCalls.toStatusRuntimeException(ClientCalls.java:233)
	at org.apache.ratis.thirdparty.io.grpc.stub.ClientCalls.getUnchecked(ClientCalls.java:214)
	at org.apache.ratis.thirdparty.io.grpc.stub.ClientCalls.blockingUnaryCall(ClientCalls.java:139)
	at org.apache.ratis.proto.grpc.RaftServerProtocolServiceGrpc$RaftServerProtocolServiceBlockingStub.requestVote(RaftServerProtocolServiceGrpc.java:265)
	at org.apache.ratis.grpc.server.GrpcServerProtocolClient.requestVote(GrpcServerProtocolClient.java:90)
	at org.apache.ratis.grpc.server.GrpcService.requestVote(GrpcService.java:204)
	at org.apache.ratis.server.impl.LeaderElection.lambda$submitRequests$1(LeaderElection.java:238)
	at java.util.concurrent.FutureTask.run(FutureTask.java:266)
	at java.util.concurrent.Executors$RunnableAdapter.call(Executors.java:511)
	at java.util.concurrent.FutureTask.run(FutureTask.java:266)
	at java.util.concurrent.ThreadPoolExecutor.runWorker(ThreadPoolExecutor.java:1149)
	at java.util.concurrent.ThreadPoolExecutor$Worker.run(ThreadPoolExecutor.java:624)
	... 1 more
Caused by: org.apache.ratis.thirdparty.io.netty.channel.AbstractChannel$AnnotatedConnectException: Connection refused: /192.168.30.19:38815
	at sun.nio.ch.SocketChannelImpl.checkConnect(Native Method)
	at sun.nio.ch.SocketChannelImpl.finishConnect(SocketChannelImpl.java:717)
	at org.apache.ratis.thirdparty.io.netty.channel.socket.nio.NioSocketChannel.doFinishConnect(NioSocketChannel.java:327)
	at org.apache.ratis.thirdparty.io.netty.channel.nio.AbstractNioChannel$AbstractNioUnsafe.finishConnect(AbstractNioChannel.java:340)
	at org.apache.ratis.thirdparty.io.netty.channel.nio.NioEventLoop.processSelectedKey(NioEventLoop.java:632)
	at org.apache.ratis.thirdparty.io.netty.channel.nio.NioEventLoop.processSelectedKeysOptimized(NioEventLoop.java:579)
	at org.apache.ratis.thirdparty.io.netty.channel.nio.NioEventLoop.processSelectedKeys(NioEventLoop.java:496)
	at org.apache.ratis.thirdparty.io.netty.channel.nio.NioEventLoop.run(NioEventLoop.java:458)
	at org.apache.ratis.thirdparty.io.netty.util.concurrent.SingleThreadEventExecutor$5.run(SingleThreadEventExecutor.java:897)
	at org.apache.ratis.thirdparty.io.netty.util.concurrent.FastThreadLocalRunnable.run(FastThreadLocalRunnable.java:30)
	... 1 more
Caused by: java.net.ConnectException: Connection refused
	... 11 more
2019-09-29 11:18:18,762 [d87f90a9-3605-42ff-a73f-b54839b7ec6f@group-9C21AE147306:LeaderElection32] INFO  impl.LeaderElection (LeaderElection.java:logAndReturn(56)) - d87f90a9-3605-42ff-a73f-b54839b7ec6f@group-9C21AE147306:LeaderElection32: Election REJECTED; received 0 response(s) [] and 2 exception(s); d87f90a9-3605-42ff-a73f-b54839b7ec6f@group-9C21AE147306:t3, leader=null, voted=d87f90a9-3605-42ff-a73f-b54839b7ec6f, raftlog=d87f90a9-3605-42ff-a73f-b54839b7ec6f@group-9C21AE147306-SegmentedRaftLog:OPENED:c0,f0,i0, conf=0: [d87f90a9-3605-42ff-a73f-b54839b7ec6f:192.168.30.19:44039, 813e8ff3-5a9d-4177-a3ce-ff3f7795e702:192.168.30.19:38815, 16f9aea5-9974-4547-813d-50b5e9cbac2d:192.168.30.19:34925], old=null
2019-09-29 11:18:18,763 [d87f90a9-3605-42ff-a73f-b54839b7ec6f@group-9C21AE147306:LeaderElection32] INFO  impl.LeaderElection (LogUtils.java:infoOrTrace(149)) -   Exception 0: {}
java.util.concurrent.ExecutionException: org.apache.ratis.thirdparty.io.grpc.StatusRuntimeException: UNAVAILABLE: io exception
	at java.util.concurrent.FutureTask.report(FutureTask.java:122)
	at java.util.concurrent.FutureTask.get(FutureTask.java:192)
	at org.apache.ratis.server.impl.LeaderElection.waitForResults(LeaderElection.java:263)
	at org.apache.ratis.server.impl.LeaderElection.askForVotes(LeaderElection.java:201)
	at org.apache.ratis.server.impl.LeaderElection.run(LeaderElection.java:133)
	at java.lang.Thread.run(Thread.java:748)
Caused by: org.apache.ratis.thirdparty.io.grpc.StatusRuntimeException: UNAVAILABLE: io exception
	at org.apache.ratis.thirdparty.io.grpc.stub.ClientCalls.toStatusRuntimeException(ClientCalls.java:233)
	at org.apache.ratis.thirdparty.io.grpc.stub.ClientCalls.getUnchecked(ClientCalls.java:214)
	at org.apache.ratis.thirdparty.io.grpc.stub.ClientCalls.blockingUnaryCall(ClientCalls.java:139)
	at org.apache.ratis.proto.grpc.RaftServerProtocolServiceGrpc$RaftServerProtocolServiceBlockingStub.requestVote(RaftServerProtocolServiceGrpc.java:265)
	at org.apache.ratis.grpc.server.GrpcServerProtocolClient.requestVote(GrpcServerProtocolClient.java:90)
	at org.apache.ratis.grpc.server.GrpcService.requestVote(GrpcService.java:204)
	at org.apache.ratis.server.impl.LeaderElection.lambda$submitRequests$1(LeaderElection.java:238)
	at java.util.concurrent.FutureTask.run(FutureTask.java:266)
	at java.util.concurrent.Executors$RunnableAdapter.call(Executors.java:511)
	at java.util.concurrent.FutureTask.run(FutureTask.java:266)
	at java.util.concurrent.ThreadPoolExecutor.runWorker(ThreadPoolExecutor.java:1149)
	at java.util.concurrent.ThreadPoolExecutor$Worker.run(ThreadPoolExecutor.java:624)
	... 1 more
Caused by: org.apache.ratis.thirdparty.io.netty.channel.AbstractChannel$AnnotatedConnectException: Connection refused: /192.168.30.19:34925
	at sun.nio.ch.SocketChannelImpl.checkConnect(Native Method)
	at sun.nio.ch.SocketChannelImpl.finishConnect(SocketChannelImpl.java:717)
	at org.apache.ratis.thirdparty.io.netty.channel.socket.nio.NioSocketChannel.doFinishConnect(NioSocketChannel.java:327)
	at org.apache.ratis.thirdparty.io.netty.channel.nio.AbstractNioChannel$AbstractNioUnsafe.finishConnect(AbstractNioChannel.java:340)
	at org.apache.ratis.thirdparty.io.netty.channel.nio.NioEventLoop.processSelectedKey(NioEventLoop.java:632)
	at org.apache.ratis.thirdparty.io.netty.channel.nio.NioEventLoop.processSelectedKeysOptimized(NioEventLoop.java:579)
	at org.apache.ratis.thirdparty.io.netty.channel.nio.NioEventLoop.processSelectedKeys(NioEventLoop.java:496)
	at org.apache.ratis.thirdparty.io.netty.channel.nio.NioEventLoop.run(NioEventLoop.java:458)
	at org.apache.ratis.thirdparty.io.netty.util.concurrent.SingleThreadEventExecutor$5.run(SingleThreadEventExecutor.java:897)
	at org.apache.ratis.thirdparty.io.netty.util.concurrent.FastThreadLocalRunnable.run(FastThreadLocalRunnable.java:30)
	... 1 more
Caused by: java.net.ConnectException: Connection refused
	... 11 more
2019-09-29 11:18:18,763 [d87f90a9-3605-42ff-a73f-b54839b7ec6f@group-9C21AE147306:LeaderElection32] INFO  impl.LeaderElection (LogUtils.java:infoOrTrace(149)) -   Exception 1: {}
java.util.concurrent.ExecutionException: org.apache.ratis.thirdparty.io.grpc.StatusRuntimeException: UNAVAILABLE: io exception
	at java.util.concurrent.FutureTask.report(FutureTask.java:122)
	at java.util.concurrent.FutureTask.get(FutureTask.java:192)
	at org.apache.ratis.server.impl.LeaderElection.waitForResults(LeaderElection.java:263)
	at org.apache.ratis.server.impl.LeaderElection.askForVotes(LeaderElection.java:201)
	at org.apache.ratis.server.impl.LeaderElection.run(LeaderElection.java:133)
	at java.lang.Thread.run(Thread.java:748)
Caused by: org.apache.ratis.thirdparty.io.grpc.StatusRuntimeException: UNAVAILABLE: io exception
	at org.apache.ratis.thirdparty.io.grpc.stub.ClientCalls.toStatusRuntimeException(ClientCalls.java:233)
	at org.apache.ratis.thirdparty.io.grpc.stub.ClientCalls.getUnchecked(ClientCalls.java:214)
	at org.apache.ratis.thirdparty.io.grpc.stub.ClientCalls.blockingUnaryCall(ClientCalls.java:139)
	at org.apache.ratis.proto.grpc.RaftServerProtocolServiceGrpc$RaftServerProtocolServiceBlockingStub.requestVote(RaftServerProtocolServiceGrpc.java:265)
	at org.apache.ratis.grpc.server.GrpcServerProtocolClient.requestVote(GrpcServerProtocolClient.java:90)
	at org.apache.ratis.grpc.server.GrpcService.requestVote(GrpcService.java:204)
	at org.apache.ratis.server.impl.LeaderElection.lambda$submitRequests$1(LeaderElection.java:238)
	at java.util.concurrent.FutureTask.run(FutureTask.java:266)
	at java.util.concurrent.Executors$RunnableAdapter.call(Executors.java:511)
	at java.util.concurrent.FutureTask.run(FutureTask.java:266)
	at java.util.concurrent.ThreadPoolExecutor.runWorker(ThreadPoolExecutor.java:1149)
	at java.util.concurrent.ThreadPoolExecutor$Worker.run(ThreadPoolExecutor.java:624)
	... 1 more
Caused by: org.apache.ratis.thirdparty.io.netty.channel.AbstractChannel$AnnotatedConnectException: Connection refused: /192.168.30.19:38815
	at sun.nio.ch.SocketChannelImpl.checkConnect(Native Method)
	at sun.nio.ch.SocketChannelImpl.finishConnect(SocketChannelImpl.java:717)
	at org.apache.ratis.thirdparty.io.netty.channel.socket.nio.NioSocketChannel.doFinishConnect(NioSocketChannel.java:327)
	at org.apache.ratis.thirdparty.io.netty.channel.nio.AbstractNioChannel$AbstractNioUnsafe.finishConnect(AbstractNioChannel.java:340)
	at org.apache.ratis.thirdparty.io.netty.channel.nio.NioEventLoop.processSelectedKey(NioEventLoop.java:632)
	at org.apache.ratis.thirdparty.io.netty.channel.nio.NioEventLoop.processSelectedKeysOptimized(NioEventLoop.java:579)
	at org.apache.ratis.thirdparty.io.netty.channel.nio.NioEventLoop.processSelectedKeys(NioEventLoop.java:496)
	at org.apache.ratis.thirdparty.io.netty.channel.nio.NioEventLoop.run(NioEventLoop.java:458)
	at org.apache.ratis.thirdparty.io.netty.util.concurrent.SingleThreadEventExecutor$5.run(SingleThreadEventExecutor.java:897)
	at org.apache.ratis.thirdparty.io.netty.util.concurrent.FastThreadLocalRunnable.run(FastThreadLocalRunnable.java:30)
	... 1 more
Caused by: java.net.ConnectException: Connection refused
	... 11 more
2019-09-29 11:18:18,764 [d87f90a9-3605-42ff-a73f-b54839b7ec6f@group-9C21AE147306:LeaderElection32] INFO  impl.RaftServerImpl (RaftServerImpl.java:setRole(174)) - d87f90a9-3605-42ff-a73f-b54839b7ec6f@group-9C21AE147306: changes role from CANDIDATE to FOLLOWER at term 3 for DISCOVERED_A_NEW_TERM
2019-09-29 11:18:18,764 [d87f90a9-3605-42ff-a73f-b54839b7ec6f@group-9C21AE147306:LeaderElection32] INFO  impl.RoleInfo (RoleInfo.java:shutdownLeaderElection(134)) - d87f90a9-3605-42ff-a73f-b54839b7ec6f: shutdown LeaderElection
2019-09-29 11:18:18,764 [d87f90a9-3605-42ff-a73f-b54839b7ec6f@group-9C21AE147306:LeaderElection32] INFO  impl.RoleInfo (RoleInfo.java:updateAndGet(143)) - d87f90a9-3605-42ff-a73f-b54839b7ec6f: start FollowerState
2019-09-29 11:18:18,980 [main] INFO  ozoneimpl.OzoneContainer (OzoneContainer.java:stop(231)) - Attempting to stop container services.
2019-09-29 11:18:18,980 [ForkJoinPool.commonPool-worker-0] INFO  ozoneimpl.OzoneContainer (OzoneContainer.java:stop(231)) - Attempting to stop container services.
2019-09-29 11:18:18,983 [ForkJoinPool.commonPool-worker-0] INFO  impl.RaftServerProxy (RaftServerProxy.java:lambda$close$4(314)) - d87f90a9-3605-42ff-a73f-b54839b7ec6f: close
2019-09-29 11:18:18,983 [main] INFO  impl.RaftServerProxy (RaftServerProxy.java:lambda$close$4(314)) - 0545c36f-a0b4-4f79-aecb-0463d797a2ef: close
2019-09-29 11:18:18,984 [ForkJoinPool.commonPool-worker-0] INFO  impl.RaftServerImpl (RaftServerImpl.java:lambda$shutdown$3(251)) - d87f90a9-3605-42ff-a73f-b54839b7ec6f@group-3B8C7B1EF025: shutdown
2019-09-29 11:18:18,984 [main] INFO  impl.RaftServerImpl (RaftServerImpl.java:lambda$shutdown$3(251)) - 0545c36f-a0b4-4f79-aecb-0463d797a2ef@group-60EAC14DA426: shutdown
2019-09-29 11:18:18,984 [ForkJoinPool.commonPool-worker-0] INFO  util.JmxRegister (JmxRegister.java:unregister(73)) - Successfully un-registered JMX Bean with object name Ratis:service=RaftServer,group=group-3B8C7B1EF025,id=d87f90a9-3605-42ff-a73f-b54839b7ec6f
2019-09-29 11:18:18,984 [main] INFO  util.JmxRegister (JmxRegister.java:unregister(73)) - Successfully un-registered JMX Bean with object name Ratis:service=RaftServer,group=group-60EAC14DA426,id=0545c36f-a0b4-4f79-aecb-0463d797a2ef
2019-09-29 11:18:18,985 [ForkJoinPool.commonPool-worker-0] INFO  impl.RoleInfo (RoleInfo.java:shutdownLeaderState(104)) - d87f90a9-3605-42ff-a73f-b54839b7ec6f: shutdown LeaderState
2019-09-29 11:18:18,985 [main] INFO  impl.RoleInfo (RoleInfo.java:shutdownLeaderState(104)) - 0545c36f-a0b4-4f79-aecb-0463d797a2ef: shutdown LeaderState
2019-09-29 11:18:18,989 [org.apache.ratis.server.impl.LogAppender$AppenderDaemon$$Lambda$506/1412001111@d7c2324] WARN  server.GrpcLogAppender (GrpcLogAppender.java:mayWait(143)) - d87f90a9-3605-42ff-a73f-b54839b7ec6f@group-3B8C7B1EF025->16f9aea5-9974-4547-813d-50b5e9cbac2d-GrpcLogAppender: Wait interrupted by java.lang.InterruptedException
2019-09-29 11:18:18,989 [org.apache.ratis.server.impl.LogAppender$AppenderDaemon$$Lambda$506/1412001111@79776a93] WARN  server.GrpcLogAppender (GrpcLogAppender.java:mayWait(143)) - d87f90a9-3605-42ff-a73f-b54839b7ec6f@group-3B8C7B1EF025->813e8ff3-5a9d-4177-a3ce-ff3f7795e702-GrpcLogAppender: Wait interrupted by java.lang.InterruptedException
2019-09-29 11:18:18,989 [ForkJoinPool.commonPool-worker-0] INFO  impl.PendingRequests (PendingRequests.java:sendNotLeaderResponses(202)) - d87f90a9-3605-42ff-a73f-b54839b7ec6f-PendingRequests: sendNotLeaderResponses
2019-09-29 11:18:18,989 [main] INFO  impl.PendingRequests (PendingRequests.java:sendNotLeaderResponses(202)) - 0545c36f-a0b4-4f79-aecb-0463d797a2ef-PendingRequests: sendNotLeaderResponses
2019-09-29 11:18:18,990 [ForkJoinPool.commonPool-worker-0] INFO  impl.StateMachineUpdater (StateMachineUpdater.java:stopAndJoin(125)) - d87f90a9-3605-42ff-a73f-b54839b7ec6f@group-3B8C7B1EF025-StateMachineUpdater: set stopIndex = 0
2019-09-29 11:18:18,990 [main] INFO  impl.StateMachineUpdater (StateMachineUpdater.java:stopAndJoin(125)) - 0545c36f-a0b4-4f79-aecb-0463d797a2ef@group-60EAC14DA426-StateMachineUpdater: set stopIndex = 0
2019-09-29 11:18:18,991 [ForkJoinPool.commonPool-worker-0] INFO  impl.RaftServerImpl (ServerState.java:close(385)) - d87f90a9-3605-42ff-a73f-b54839b7ec6f@group-3B8C7B1EF025: closes. applyIndex: 0
2019-09-29 11:18:18,991 [main] INFO  impl.RaftServerImpl (ServerState.java:close(385)) - 0545c36f-a0b4-4f79-aecb-0463d797a2ef@group-60EAC14DA426: closes. applyIndex: 0
2019-09-29 11:18:18,991 [d87f90a9-3605-42ff-a73f-b54839b7ec6f@group-3B8C7B1EF025-SegmentedRaftLogWorker] INFO  segmented.SegmentedRaftLogWorker (SegmentedRaftLogWorker.java:run(313)) - d87f90a9-3605-42ff-a73f-b54839b7ec6f@group-3B8C7B1EF025-SegmentedRaftLogWorker was interrupted, exiting. There are 0 tasks remaining in the queue.
2019-09-29 11:18:18,992 [0545c36f-a0b4-4f79-aecb-0463d797a2ef@group-60EAC14DA426-SegmentedRaftLogWorker] INFO  segmented.SegmentedRaftLogWorker (SegmentedRaftLogWorker.java:run(313)) - 0545c36f-a0b4-4f79-aecb-0463d797a2ef@group-60EAC14DA426-SegmentedRaftLogWorker was interrupted, exiting. There are 0 tasks remaining in the queue.
2019-09-29 11:18:18,992 [ForkJoinPool.commonPool-worker-0] INFO  segmented.SegmentedRaftLogWorker (SegmentedRaftLogWorker.java:close(228)) - d87f90a9-3605-42ff-a73f-b54839b7ec6f@group-3B8C7B1EF025-SegmentedRaftLogWorker close()
2019-09-29 11:18:18,992 [main] INFO  segmented.SegmentedRaftLogWorker (SegmentedRaftLogWorker.java:close(228)) - 0545c36f-a0b4-4f79-aecb-0463d797a2ef@group-60EAC14DA426-SegmentedRaftLogWorker close()
2019-09-29 11:18:18,994 [ForkJoinPool.commonPool-worker-0] INFO  impl.RaftServerImpl (RaftServerImpl.java:lambda$shutdown$3(251)) - d87f90a9-3605-42ff-a73f-b54839b7ec6f@group-9C21AE147306: shutdown
2019-09-29 11:18:18,996 [main] INFO  server.GrpcService (GrpcService.java:closeImpl(164)) - 0545c36f-a0b4-4f79-aecb-0463d797a2ef: shutdown server with port 45994 now
2019-09-29 11:18:18,996 [ForkJoinPool.commonPool-worker-0] INFO  util.JmxRegister (JmxRegister.java:unregister(73)) - Successfully un-registered JMX Bean with object name Ratis:service=RaftServer,group=group-9C21AE147306,id=d87f90a9-3605-42ff-a73f-b54839b7ec6f
2019-09-29 11:18:18,996 [ForkJoinPool.commonPool-worker-0] INFO  impl.RoleInfo (RoleInfo.java:shutdownFollowerState(121)) - d87f90a9-3605-42ff-a73f-b54839b7ec6f: shutdown FollowerState
2019-09-29 11:18:18,998 [main] INFO  server.GrpcService (GrpcService.java:closeImpl(172)) - 0545c36f-a0b4-4f79-aecb-0463d797a2ef: shutdown server with port 45994 successfully
2019-09-29 11:18:18,998 [Thread-598] INFO  impl.FollowerState (FollowerState.java:run(115)) - d87f90a9-3605-42ff-a73f-b54839b7ec6f: FollowerState was interrupted: java.lang.InterruptedException: sleep interrupted
2019-09-29 11:18:18,998 [ForkJoinPool.commonPool-worker-0] INFO  impl.StateMachineUpdater (StateMachineUpdater.java:stopAndJoin(125)) - d87f90a9-3605-42ff-a73f-b54839b7ec6f@group-9C21AE147306-StateMachineUpdater: set stopIndex = 0
2019-09-29 11:18:18,999 [ForkJoinPool.commonPool-worker-0] INFO  impl.RaftServerImpl (ServerState.java:close(385)) - d87f90a9-3605-42ff-a73f-b54839b7ec6f@group-9C21AE147306: closes. applyIndex: 0
2019-09-29 11:18:19,001 [d87f90a9-3605-42ff-a73f-b54839b7ec6f@group-9C21AE147306-SegmentedRaftLogWorker] INFO  segmented.SegmentedRaftLogWorker (SegmentedRaftLogWorker.java:run(313)) - d87f90a9-3605-42ff-a73f-b54839b7ec6f@group-9C21AE147306-SegmentedRaftLogWorker was interrupted, exiting. There are 0 tasks remaining in the queue.
2019-09-29 11:18:19,002 [ForkJoinPool.commonPool-worker-0] INFO  segmented.SegmentedRaftLogWorker (SegmentedRaftLogWorker.java:close(228)) - d87f90a9-3605-42ff-a73f-b54839b7ec6f@group-9C21AE147306-SegmentedRaftLogWorker close()
2019-09-29 11:18:19,004 [ForkJoinPool.commonPool-worker-0] INFO  impl.RaftServerImpl (RaftServerImpl.java:lambda$shutdown$3(251)) - d87f90a9-3605-42ff-a73f-b54839b7ec6f@group-457A954BF1FF: shutdown
2019-09-29 11:18:19,004 [ForkJoinPool.commonPool-worker-0] INFO  util.JmxRegister (JmxRegister.java:unregister(73)) - Successfully un-registered JMX Bean with object name Ratis:service=RaftServer,group=group-457A954BF1FF,id=d87f90a9-3605-42ff-a73f-b54839b7ec6f
2019-09-29 11:18:19,004 [ForkJoinPool.commonPool-worker-0] INFO  impl.RoleInfo (RoleInfo.java:shutdownLeaderState(104)) - d87f90a9-3605-42ff-a73f-b54839b7ec6f: shutdown LeaderState
2019-09-29 11:18:19,004 [refreshUsed-/workdir/hadoop-ozone/integration-test/target/test-dir/MiniOzoneClusterImpl-9adecfa3-4693-4b3b-b175-846bdd8f8c06/datanode-4/data/containers] WARN  fs.CachingGetSpaceUsed (CachingGetSpaceUsed.java:run(183)) - Thread Interrupted waiting to refresh disk information: sleep interrupted
2019-09-29 11:18:19,008 [org.apache.ratis.server.impl.LogAppender$AppenderDaemon$$Lambda$506/1412001111@6ff99613] WARN  server.GrpcLogAppender (GrpcLogAppender.java:mayWait(143)) - d87f90a9-3605-42ff-a73f-b54839b7ec6f@group-457A954BF1FF->813e8ff3-5a9d-4177-a3ce-ff3f7795e702-GrpcLogAppender: Wait interrupted by java.lang.InterruptedException
2019-09-29 11:18:19,007 [ForkJoinPool.commonPool-worker-0] INFO  impl.PendingRequests (PendingRequests.java:sendNotLeaderResponses(202)) - d87f90a9-3605-42ff-a73f-b54839b7ec6f-PendingRequests: sendNotLeaderResponses
2019-09-29 11:18:19,008 [org.apache.ratis.server.impl.LogAppender$AppenderDaemon$$Lambda$506/1412001111@538ee033] WARN  server.GrpcLogAppender (GrpcLogAppender.java:mayWait(143)) - d87f90a9-3605-42ff-a73f-b54839b7ec6f@group-457A954BF1FF->16f9aea5-9974-4547-813d-50b5e9cbac2d-GrpcLogAppender: Wait interrupted by java.lang.InterruptedException
2019-09-29 11:18:19,017 [ForkJoinPool.commonPool-worker-0] INFO  impl.StateMachineUpdater (StateMachineUpdater.java:stopAndJoin(125)) - d87f90a9-3605-42ff-a73f-b54839b7ec6f@group-457A954BF1FF-StateMachineUpdater: set stopIndex = 18
2019-09-29 11:18:19,017 [d87f90a9-3605-42ff-a73f-b54839b7ec6f@group-457A954BF1FF-StateMachineUpdater] INFO  ratis.ContainerStateMachine (ContainerStateMachine.java:takeSnapshot(289)) - group-457A954BF1FF: Taking a snapshot at:(t:1, i:18) file /workdir/hadoop-ozone/integration-test/target/test-dir/MiniOzoneClusterImpl-9adecfa3-4693-4b3b-b175-846bdd8f8c06/datanode-1/data/ratis/ee592897-d3bf-4c96-a993-457a954bf1ff/sm/snapshot.1_18
2019-09-29 11:18:19,033 [main] INFO  utils.BackgroundService (BackgroundService.java:shutdown(148)) - Shutting down service BlockDeletingService
2019-09-29 11:18:19,039 [main] INFO  statemachine.DatanodeStateMachine (DatanodeStateMachine.java:stopDaemon(395)) - Ozone container server stopped.
2019-09-29 11:18:19,040 [main] INFO  handler.ContextHandler (ContextHandler.java:doStop(910)) - Stopped o.e.j.w.WebAppContext@934b52f{/,null,UNAVAILABLE}{/hddsDatanode}
2019-09-29 11:18:19,041 [main] INFO  server.AbstractConnector (AbstractConnector.java:doStop(318)) - Stopped ServerConnector@2630dbc4{HTTP/1.1,[http/1.1]}{0.0.0.0:0}
2019-09-29 11:18:19,042 [main] INFO  handler.ContextHandler (ContextHandler.java:doStop(910)) - Stopped o.e.j.s.ServletContextHandler@17fa1336{/static,jar:file:/home/user/.m2/repository/org/apache/hadoop/hadoop-hdds-container-service/0.5.0-SNAPSHOT/hadoop-hdds-container-service-0.5.0-SNAPSHOT.jar!/webapps/static,UNAVAILABLE}
2019-09-29 11:18:19,042 [main] INFO  handler.ContextHandler (ContextHandler.java:doStop(910)) - Stopped o.e.j.s.ServletContextHandler@1457fde{/logs,file:///workdir/hadoop-ozone/integration-test/target/log,UNAVAILABLE}
2019-09-29 11:18:19,049 [d87f90a9-3605-42ff-a73f-b54839b7ec6f@group-457A954BF1FF-StateMachineUpdater] INFO  ratis.ContainerStateMachine (ContainerStateMachine.java:takeSnapshot(300)) - group-457A954BF1FF: Finished taking a snapshot at:(t:1, i:18) file:/workdir/hadoop-ozone/integration-test/target/test-dir/MiniOzoneClusterImpl-9adecfa3-4693-4b3b-b175-846bdd8f8c06/datanode-1/data/ratis/ee592897-d3bf-4c96-a993-457a954bf1ff/sm/snapshot.1_18 time:32
2019-09-29 11:18:19,050 [d87f90a9-3605-42ff-a73f-b54839b7ec6f@group-457A954BF1FF-StateMachineUpdater] INFO  impl.StateMachineUpdater (StateMachineUpdater.java:takeSnapshot(258)) - d87f90a9-3605-42ff-a73f-b54839b7ec6f@group-457A954BF1FF-StateMachineUpdater: Took a snapshot at index 18
2019-09-29 11:18:19,050 [d87f90a9-3605-42ff-a73f-b54839b7ec6f@group-457A954BF1FF-StateMachineUpdater] INFO  impl.StateMachineUpdater (StateMachineUpdater.java:lambda$new$0(83)) - d87f90a9-3605-42ff-a73f-b54839b7ec6f@group-457A954BF1FF-StateMachineUpdater: snapshotIndex: updateIncreasingly -1 -> 18
2019-09-29 11:18:19,050 [ForkJoinPool.commonPool-worker-0] INFO  impl.RaftServerImpl (ServerState.java:close(385)) - d87f90a9-3605-42ff-a73f-b54839b7ec6f@group-457A954BF1FF: closes. applyIndex: 18
2019-09-29 11:18:19,051 [d87f90a9-3605-42ff-a73f-b54839b7ec6f@group-457A954BF1FF-SegmentedRaftLogWorker] INFO  segmented.SegmentedRaftLogWorker (SegmentedRaftLogWorker.java:run(313)) - d87f90a9-3605-42ff-a73f-b54839b7ec6f@group-457A954BF1FF-SegmentedRaftLogWorker was interrupted, exiting. There are 0 tasks remaining in the queue.
2019-09-29 11:18:19,051 [ForkJoinPool.commonPool-worker-0] INFO  segmented.SegmentedRaftLogWorker (SegmentedRaftLogWorker.java:close(228)) - d87f90a9-3605-42ff-a73f-b54839b7ec6f@group-457A954BF1FF-SegmentedRaftLogWorker close()
2019-09-29 11:18:19,061 [ForkJoinPool.commonPool-worker-0] INFO  impl.RaftServerImpl (RaftServerImpl.java:lambda$shutdown$3(251)) - d87f90a9-3605-42ff-a73f-b54839b7ec6f@group-BE528AA980C6: shutdown
2019-09-29 11:18:19,061 [ForkJoinPool.commonPool-worker-0] INFO  util.JmxRegister (JmxRegister.java:unregister(73)) - Successfully un-registered JMX Bean with object name Ratis:service=RaftServer,group=group-BE528AA980C6,id=d87f90a9-3605-42ff-a73f-b54839b7ec6f
2019-09-29 11:18:19,062 [ForkJoinPool.commonPool-worker-0] INFO  impl.RoleInfo (RoleInfo.java:shutdownFollowerState(121)) - d87f90a9-3605-42ff-a73f-b54839b7ec6f: shutdown FollowerState
2019-09-29 11:18:19,062 [ForkJoinPool.commonPool-worker-0] INFO  impl.StateMachineUpdater (StateMachineUpdater.java:stopAndJoin(125)) - d87f90a9-3605-42ff-a73f-b54839b7ec6f@group-BE528AA980C6-StateMachineUpdater: set stopIndex = 0
2019-09-29 11:18:19,062 [Thread-586] INFO  impl.FollowerState (FollowerState.java:run(115)) - d87f90a9-3605-42ff-a73f-b54839b7ec6f: FollowerState was interrupted: java.lang.InterruptedException: sleep interrupted
2019-09-29 11:18:19,063 [ForkJoinPool.commonPool-worker-0] INFO  impl.RaftServerImpl (ServerState.java:close(385)) - d87f90a9-3605-42ff-a73f-b54839b7ec6f@group-BE528AA980C6: closes. applyIndex: 0
2019-09-29 11:18:19,064 [d87f90a9-3605-42ff-a73f-b54839b7ec6f@group-BE528AA980C6-SegmentedRaftLogWorker] INFO  segmented.SegmentedRaftLogWorker (SegmentedRaftLogWorker.java:run(313)) - d87f90a9-3605-42ff-a73f-b54839b7ec6f@group-BE528AA980C6-SegmentedRaftLogWorker was interrupted, exiting. There are 0 tasks remaining in the queue.
2019-09-29 11:18:19,064 [ForkJoinPool.commonPool-worker-0] INFO  segmented.SegmentedRaftLogWorker (SegmentedRaftLogWorker.java:close(228)) - d87f90a9-3605-42ff-a73f-b54839b7ec6f@group-BE528AA980C6-SegmentedRaftLogWorker close()
2019-09-29 11:18:19,064 [ForkJoinPool.commonPool-worker-0] INFO  impl.RaftServerImpl (RaftServerImpl.java:lambda$shutdown$3(251)) - d87f90a9-3605-42ff-a73f-b54839b7ec6f@group-14A94C81CBE0: shutdown
2019-09-29 11:18:19,064 [ForkJoinPool.commonPool-worker-0] INFO  util.JmxRegister (JmxRegister.java:unregister(73)) - Successfully un-registered JMX Bean with object name Ratis:service=RaftServer,group=group-14A94C81CBE0,id=d87f90a9-3605-42ff-a73f-b54839b7ec6f
2019-09-29 11:18:19,065 [ForkJoinPool.commonPool-worker-0] INFO  impl.RoleInfo (RoleInfo.java:shutdownLeaderState(104)) - d87f90a9-3605-42ff-a73f-b54839b7ec6f: shutdown LeaderState
2019-09-29 11:18:19,065 [ForkJoinPool.commonPool-worker-0] INFO  impl.PendingRequests (PendingRequests.java:sendNotLeaderResponses(202)) - d87f90a9-3605-42ff-a73f-b54839b7ec6f-PendingRequests: sendNotLeaderResponses
2019-09-29 11:18:19,065 [ForkJoinPool.commonPool-worker-0] INFO  impl.StateMachineUpdater (StateMachineUpdater.java:stopAndJoin(125)) - d87f90a9-3605-42ff-a73f-b54839b7ec6f@group-14A94C81CBE0-StateMachineUpdater: set stopIndex = 0
2019-09-29 11:18:19,066 [ForkJoinPool.commonPool-worker-0] INFO  impl.RaftServerImpl (ServerState.java:close(385)) - d87f90a9-3605-42ff-a73f-b54839b7ec6f@group-14A94C81CBE0: closes. applyIndex: 0
2019-09-29 11:18:19,066 [d87f90a9-3605-42ff-a73f-b54839b7ec6f@group-14A94C81CBE0-SegmentedRaftLogWorker] INFO  segmented.SegmentedRaftLogWorker (SegmentedRaftLogWorker.java:run(313)) - d87f90a9-3605-42ff-a73f-b54839b7ec6f@group-14A94C81CBE0-SegmentedRaftLogWorker was interrupted, exiting. There are 0 tasks remaining in the queue.
2019-09-29 11:18:19,066 [ForkJoinPool.commonPool-worker-0] INFO  segmented.SegmentedRaftLogWorker (SegmentedRaftLogWorker.java:close(228)) - d87f90a9-3605-42ff-a73f-b54839b7ec6f@group-14A94C81CBE0-SegmentedRaftLogWorker close()
2019-09-29 11:18:19,067 [ForkJoinPool.commonPool-worker-0] INFO  impl.RaftServerImpl (RaftServerImpl.java:lambda$shutdown$3(251)) - d87f90a9-3605-42ff-a73f-b54839b7ec6f@group-ECC108AE71E7: shutdown
2019-09-29 11:18:19,067 [ForkJoinPool.commonPool-worker-0] INFO  util.JmxRegister (JmxRegister.java:unregister(73)) - Successfully un-registered JMX Bean with object name Ratis:service=RaftServer,group=group-ECC108AE71E7,id=d87f90a9-3605-42ff-a73f-b54839b7ec6f
2019-09-29 11:18:19,067 [ForkJoinPool.commonPool-worker-0] INFO  impl.RoleInfo (RoleInfo.java:shutdownFollowerState(121)) - d87f90a9-3605-42ff-a73f-b54839b7ec6f: shutdown FollowerState
2019-09-29 11:18:19,067 [ForkJoinPool.commonPool-worker-0] INFO  impl.StateMachineUpdater (StateMachineUpdater.java:stopAndJoin(125)) - d87f90a9-3605-42ff-a73f-b54839b7ec6f@group-ECC108AE71E7-StateMachineUpdater: set stopIndex = 0
2019-09-29 11:18:19,067 [Thread-590] INFO  impl.FollowerState (FollowerState.java:run(115)) - d87f90a9-3605-42ff-a73f-b54839b7ec6f: FollowerState was interrupted: java.lang.InterruptedException: sleep interrupted
2019-09-29 11:18:19,067 [ForkJoinPool.commonPool-worker-0] INFO  impl.RaftServerImpl (ServerState.java:close(385)) - d87f90a9-3605-42ff-a73f-b54839b7ec6f@group-ECC108AE71E7: closes. applyIndex: 0
2019-09-29 11:18:19,069 [d87f90a9-3605-42ff-a73f-b54839b7ec6f@group-ECC108AE71E7-SegmentedRaftLogWorker] INFO  segmented.SegmentedRaftLogWorker (SegmentedRaftLogWorker.java:run(313)) - d87f90a9-3605-42ff-a73f-b54839b7ec6f@group-ECC108AE71E7-SegmentedRaftLogWorker was interrupted, exiting. There are 0 tasks remaining in the queue.
2019-09-29 11:18:19,069 [ForkJoinPool.commonPool-worker-0] INFO  segmented.SegmentedRaftLogWorker (SegmentedRaftLogWorker.java:close(228)) - d87f90a9-3605-42ff-a73f-b54839b7ec6f@group-ECC108AE71E7-SegmentedRaftLogWorker close()
2019-09-29 11:18:19,069 [ForkJoinPool.commonPool-worker-0] INFO  impl.RaftServerImpl (RaftServerImpl.java:lambda$shutdown$3(251)) - d87f90a9-3605-42ff-a73f-b54839b7ec6f@group-04C128AFAA8A: shutdown
2019-09-29 11:18:19,070 [ForkJoinPool.commonPool-worker-0] INFO  util.JmxRegister (JmxRegister.java:unregister(73)) - Successfully un-registered JMX Bean with object name Ratis:service=RaftServer,group=group-04C128AFAA8A,id=d87f90a9-3605-42ff-a73f-b54839b7ec6f
2019-09-29 11:18:19,070 [ForkJoinPool.commonPool-worker-0] INFO  impl.RoleInfo (RoleInfo.java:shutdownLeaderState(104)) - d87f90a9-3605-42ff-a73f-b54839b7ec6f: shutdown LeaderState
2019-09-29 11:18:19,072 [ForkJoinPool.commonPool-worker-0] INFO  impl.PendingRequests (PendingRequests.java:sendNotLeaderResponses(202)) - d87f90a9-3605-42ff-a73f-b54839b7ec6f-PendingRequests: sendNotLeaderResponses
2019-09-29 11:18:19,072 [org.apache.ratis.server.impl.LogAppender$AppenderDaemon$$Lambda$506/1412001111@6267397d] WARN  server.GrpcLogAppender (GrpcLogAppender.java:mayWait(143)) - d87f90a9-3605-42ff-a73f-b54839b7ec6f@group-04C128AFAA8A->813e8ff3-5a9d-4177-a3ce-ff3f7795e702-GrpcLogAppender: Wait interrupted by java.lang.InterruptedException
2019-09-29 11:18:19,072 [org.apache.ratis.server.impl.LogAppender$AppenderDaemon$$Lambda$506/1412001111@76df4240] WARN  server.GrpcLogAppender (GrpcLogAppender.java:mayWait(143)) - d87f90a9-3605-42ff-a73f-b54839b7ec6f@group-04C128AFAA8A->16f9aea5-9974-4547-813d-50b5e9cbac2d-GrpcLogAppender: Wait interrupted by java.lang.InterruptedException
2019-09-29 11:18:19,072 [ForkJoinPool.commonPool-worker-0] INFO  impl.StateMachineUpdater (StateMachineUpdater.java:stopAndJoin(125)) - d87f90a9-3605-42ff-a73f-b54839b7ec6f@group-04C128AFAA8A-StateMachineUpdater: set stopIndex = 0
2019-09-29 11:18:19,073 [ForkJoinPool.commonPool-worker-0] INFO  impl.RaftServerImpl (ServerState.java:close(385)) - d87f90a9-3605-42ff-a73f-b54839b7ec6f@group-04C128AFAA8A: closes. applyIndex: 0
2019-09-29 11:18:19,073 [d87f90a9-3605-42ff-a73f-b54839b7ec6f@group-04C128AFAA8A-SegmentedRaftLogWorker] INFO  segmented.SegmentedRaftLogWorker (SegmentedRaftLogWorker.java:run(313)) - d87f90a9-3605-42ff-a73f-b54839b7ec6f@group-04C128AFAA8A-SegmentedRaftLogWorker was interrupted, exiting. There are 0 tasks remaining in the queue.
2019-09-29 11:18:19,073 [ForkJoinPool.commonPool-worker-0] INFO  segmented.SegmentedRaftLogWorker (SegmentedRaftLogWorker.java:close(228)) - d87f90a9-3605-42ff-a73f-b54839b7ec6f@group-04C128AFAA8A-SegmentedRaftLogWorker close()
2019-09-29 11:18:19,073 [ForkJoinPool.commonPool-worker-0] INFO  impl.RaftServerImpl (RaftServerImpl.java:lambda$shutdown$3(251)) - d87f90a9-3605-42ff-a73f-b54839b7ec6f@group-069BEA507B86: shutdown
2019-09-29 11:18:19,074 [ForkJoinPool.commonPool-worker-0] INFO  util.JmxRegister (JmxRegister.java:unregister(73)) - Successfully un-registered JMX Bean with object name Ratis:service=RaftServer,group=group-069BEA507B86,id=d87f90a9-3605-42ff-a73f-b54839b7ec6f
2019-09-29 11:18:19,074 [ForkJoinPool.commonPool-worker-0] INFO  impl.RoleInfo (RoleInfo.java:shutdownFollowerState(121)) - d87f90a9-3605-42ff-a73f-b54839b7ec6f: shutdown FollowerState
2019-09-29 11:18:19,074 [ForkJoinPool.commonPool-worker-0] INFO  impl.StateMachineUpdater (StateMachineUpdater.java:stopAndJoin(125)) - d87f90a9-3605-42ff-a73f-b54839b7ec6f@group-069BEA507B86-StateMachineUpdater: set stopIndex = -1
2019-09-29 11:18:19,074 [Thread-594] INFO  impl.FollowerState (FollowerState.java:run(115)) - d87f90a9-3605-42ff-a73f-b54839b7ec6f: FollowerState was interrupted: java.lang.InterruptedException: sleep interrupted
2019-09-29 11:18:19,074 [ForkJoinPool.commonPool-worker-0] INFO  impl.RaftServerImpl (ServerState.java:close(385)) - d87f90a9-3605-42ff-a73f-b54839b7ec6f@group-069BEA507B86: closes. applyIndex: -1
2019-09-29 11:18:19,076 [d87f90a9-3605-42ff-a73f-b54839b7ec6f@group-069BEA507B86-SegmentedRaftLogWorker] INFO  segmented.SegmentedRaftLogWorker (SegmentedRaftLogWorker.java:run(313)) - d87f90a9-3605-42ff-a73f-b54839b7ec6f@group-069BEA507B86-SegmentedRaftLogWorker was interrupted, exiting. There are 0 tasks remaining in the queue.
2019-09-29 11:18:19,076 [ForkJoinPool.commonPool-worker-0] INFO  segmented.SegmentedRaftLogWorker (SegmentedRaftLogWorker.java:close(228)) - d87f90a9-3605-42ff-a73f-b54839b7ec6f@group-069BEA507B86-SegmentedRaftLogWorker close()
2019-09-29 11:18:19,076 [ForkJoinPool.commonPool-worker-0] INFO  server.GrpcService (GrpcService.java:closeImpl(164)) - d87f90a9-3605-42ff-a73f-b54839b7ec6f: shutdown server with port 44039 now
2019-09-29 11:18:19,079 [ForkJoinPool.commonPool-worker-0] INFO  server.GrpcService (GrpcService.java:closeImpl(172)) - d87f90a9-3605-42ff-a73f-b54839b7ec6f: shutdown server with port 44039 successfully
2019-09-29 11:18:19,081 [grpc-default-executor-6] WARN  client.GrpcClientProtocolService (LogUtils.java:warn(134)) - 2-UnorderedRequestStreamObserver2: onError: org.apache.ratis.thirdparty.io.grpc.StatusRuntimeException: CANCELLED: cancelled before receiving half close
2019-09-29 11:18:19,088 [refreshUsed-/workdir/hadoop-ozone/integration-test/target/test-dir/MiniOzoneClusterImpl-9adecfa3-4693-4b3b-b175-846bdd8f8c06/datanode-1/data/containers] WARN  fs.CachingGetSpaceUsed (CachingGetSpaceUsed.java:run(183)) - Thread Interrupted waiting to refresh disk information: sleep interrupted
2019-09-29 11:18:19,106 [ForkJoinPool.commonPool-worker-0] INFO  utils.BackgroundService (BackgroundService.java:shutdown(148)) - Shutting down service BlockDeletingService
2019-09-29 11:18:19,108 [ForkJoinPool.commonPool-worker-0] INFO  statemachine.DatanodeStateMachine (DatanodeStateMachine.java:stopDaemon(395)) - Ozone container server stopped.
2019-09-29 11:18:19,112 [ForkJoinPool.commonPool-worker-0] INFO  handler.ContextHandler (ContextHandler.java:doStop(910)) - Stopped o.e.j.w.WebAppContext@337bbfdf{/,null,UNAVAILABLE}{/hddsDatanode}
2019-09-29 11:18:19,112 [ForkJoinPool.commonPool-worker-0] INFO  server.AbstractConnector (AbstractConnector.java:doStop(318)) - Stopped ServerConnector@52d97ab6{HTTP/1.1,[http/1.1]}{0.0.0.0:0}
2019-09-29 11:18:19,113 [ForkJoinPool.commonPool-worker-0] INFO  handler.ContextHandler (ContextHandler.java:doStop(910)) - Stopped o.e.j.s.ServletContextHandler@4b200971{/static,jar:file:/home/user/.m2/repository/org/apache/hadoop/hadoop-hdds-container-service/0.5.0-SNAPSHOT/hadoop-hdds-container-service-0.5.0-SNAPSHOT.jar!/webapps/static,UNAVAILABLE}
2019-09-29 11:18:19,114 [ForkJoinPool.commonPool-worker-0] INFO  handler.ContextHandler (ContextHandler.java:doStop(910)) - Stopped o.e.j.s.ServletContextHandler@a9f023e{/logs,file:///workdir/hadoop-ozone/integration-test/target/log,UNAVAILABLE}
2019-09-29 11:18:19,255 [Datanode State Machine Thread - 0] INFO  statemachine.DatanodeStateMachine (DatanodeStateMachine.java:lambda$startDaemon$0(350)) - Ozone container server started.
2019-09-29 11:18:20,047 [Datanode State Machine Thread - 0] INFO  statemachine.DatanodeStateMachine (DatanodeStateMachine.java:lambda$startDaemon$0(350)) - Ozone container server started.
2019-09-29 11:18:23,305 [EventQueue-StaleNodeForStaleNodeHandler] INFO  node.StaleNodeHandler (StaleNodeHandler.java:onMessage(58)) - Datanode 0015d375-f015-45cc-a030-fcc01a4a8fbf{ip: 192.168.30.19, host: pr-hdds-1569-lsfh5-224679870, networkLocation: /default-rack, certSerialId: null} moved to stale state. Finalizing its pipelines [PipelineID=49acddfa-36a1-4413-8a0e-c9a2a3528c90]
2019-09-29 11:18:23,305 [EventQueue-StaleNodeForStaleNodeHandler] INFO  pipeline.SCMPipelineManager (SCMPipelineManager.java:finalizeAndDestroyPipeline(341)) - destroying pipeline:Pipeline[ Id: 49acddfa-36a1-4413-8a0e-c9a2a3528c90, Nodes: 0015d375-f015-45cc-a030-fcc01a4a8fbf{ip: 192.168.30.19, host: pr-hdds-1569-lsfh5-224679870, networkLocation: /default-rack, certSerialId: null}, Type:RATIS, Factor:ONE, State:OPEN]
2019-09-29 11:18:23,306 [EventQueue-StaleNodeForStaleNodeHandler] INFO  pipeline.PipelineStateManager (PipelineStateManager.java:finalizePipeline(123)) - Pipeline Pipeline[ Id: 49acddfa-36a1-4413-8a0e-c9a2a3528c90, Nodes: 0015d375-f015-45cc-a030-fcc01a4a8fbf{ip: 192.168.30.19, host: pr-hdds-1569-lsfh5-224679870, networkLocation: /default-rack, certSerialId: null}, Type:RATIS, Factor:ONE, State:CLOSED] moved to CLOSED state
2019-09-29 11:18:24,044 [main] INFO  ozoneimpl.OzoneContainer (OzoneContainer.java:stop(231)) - Attempting to stop container services.
2019-09-29 11:18:24,045 [main] INFO  impl.RaftServerProxy (RaftServerProxy.java:lambda$close$4(314)) - 0015d375-f015-45cc-a030-fcc01a4a8fbf: close
2019-09-29 11:18:24,046 [main] INFO  impl.RaftServerImpl (RaftServerImpl.java:lambda$shutdown$3(251)) - 0015d375-f015-45cc-a030-fcc01a4a8fbf@group-C9A2A3528C90: shutdown
2019-09-29 11:18:24,046 [main] INFO  util.JmxRegister (JmxRegister.java:unregister(73)) - Successfully un-registered JMX Bean with object name Ratis:service=RaftServer,group=group-C9A2A3528C90,id=0015d375-f015-45cc-a030-fcc01a4a8fbf
2019-09-29 11:18:24,047 [main] INFO  impl.RoleInfo (RoleInfo.java:shutdownLeaderState(104)) - 0015d375-f015-45cc-a030-fcc01a4a8fbf: shutdown LeaderState
2019-09-29 11:18:24,047 [main] INFO  impl.PendingRequests (PendingRequests.java:sendNotLeaderResponses(202)) - 0015d375-f015-45cc-a030-fcc01a4a8fbf-PendingRequests: sendNotLeaderResponses
2019-09-29 11:18:24,048 [main] INFO  impl.StateMachineUpdater (StateMachineUpdater.java:stopAndJoin(125)) - 0015d375-f015-45cc-a030-fcc01a4a8fbf@group-C9A2A3528C90-StateMachineUpdater: set stopIndex = 0
2019-09-29 11:18:24,048 [main] INFO  impl.RaftServerImpl (ServerState.java:close(385)) - 0015d375-f015-45cc-a030-fcc01a4a8fbf@group-C9A2A3528C90: closes. applyIndex: 0
2019-09-29 11:18:24,049 [0015d375-f015-45cc-a030-fcc01a4a8fbf@group-C9A2A3528C90-SegmentedRaftLogWorker] INFO  segmented.SegmentedRaftLogWorker (SegmentedRaftLogWorker.java:run(313)) - 0015d375-f015-45cc-a030-fcc01a4a8fbf@group-C9A2A3528C90-SegmentedRaftLogWorker was interrupted, exiting. There are 0 tasks remaining in the queue.
2019-09-29 11:18:24,050 [main] INFO  segmented.SegmentedRaftLogWorker (SegmentedRaftLogWorker.java:close(228)) - 0015d375-f015-45cc-a030-fcc01a4a8fbf@group-C9A2A3528C90-SegmentedRaftLogWorker close()
2019-09-29 11:18:24,050 [main] INFO  server.GrpcService (GrpcService.java:closeImpl(164)) - 0015d375-f015-45cc-a030-fcc01a4a8fbf: shutdown server with port 33934 now
2019-09-29 11:18:24,054 [main] INFO  server.GrpcService (GrpcService.java:closeImpl(172)) - 0015d375-f015-45cc-a030-fcc01a4a8fbf: shutdown server with port 33934 successfully
2019-09-29 11:18:24,061 [refreshUsed-/workdir/hadoop-ozone/integration-test/target/test-dir/MiniOzoneClusterImpl-9adecfa3-4693-4b3b-b175-846bdd8f8c06/datanode-3/data/containers] WARN  fs.CachingGetSpaceUsed (CachingGetSpaceUsed.java:run(183)) - Thread Interrupted waiting to refresh disk information: sleep interrupted
2019-09-29 11:18:24,081 [main] INFO  utils.BackgroundService (BackgroundService.java:shutdown(148)) - Shutting down service BlockDeletingService
2019-09-29 11:18:24,086 [main] INFO  statemachine.DatanodeStateMachine (DatanodeStateMachine.java:stopDaemon(395)) - Ozone container server stopped.
2019-09-29 11:18:24,087 [main] INFO  handler.ContextHandler (ContextHandler.java:doStop(910)) - Stopped o.e.j.w.WebAppContext@715b886f{/,null,UNAVAILABLE}{/hddsDatanode}
2019-09-29 11:18:24,087 [main] INFO  server.AbstractConnector (AbstractConnector.java:doStop(318)) - Stopped ServerConnector@7fb29ca9{HTTP/1.1,[http/1.1]}{0.0.0.0:0}
2019-09-29 11:18:24,088 [main] INFO  handler.ContextHandler (ContextHandler.java:doStop(910)) - Stopped o.e.j.s.ServletContextHandler@762637be{/static,jar:file:/home/user/.m2/repository/org/apache/hadoop/hadoop-hdds-container-service/0.5.0-SNAPSHOT/hadoop-hdds-container-service-0.5.0-SNAPSHOT.jar!/webapps/static,UNAVAILABLE}
2019-09-29 11:18:24,088 [main] INFO  handler.ContextHandler (ContextHandler.java:doStop(910)) - Stopped o.e.j.s.ServletContextHandler@72f9f27c{/logs,file:///workdir/hadoop-ozone/integration-test/target/log,UNAVAILABLE}
2019-09-29 11:18:24,107 [EventQueue-StaleNodeForStaleNodeHandler] INFO  node.StaleNodeHandler (StaleNodeHandler.java:onMessage(58)) - Datanode b53779b9-e166-4f61-b57a-c7e45baab661{ip: 192.168.30.19, host: pr-hdds-1569-lsfh5-224679870, networkLocation: /default-rack, certSerialId: null} moved to stale state. Finalizing its pipelines [PipelineID=6de6529a-086d-4be6-8461-3268940fad0e]
2019-09-29 11:18:24,107 [EventQueue-StaleNodeForStaleNodeHandler] INFO  pipeline.SCMPipelineManager (SCMPipelineManager.java:finalizeAndDestroyPipeline(341)) - destroying pipeline:Pipeline[ Id: 6de6529a-086d-4be6-8461-3268940fad0e, Nodes: b53779b9-e166-4f61-b57a-c7e45baab661{ip: 192.168.30.19, host: pr-hdds-1569-lsfh5-224679870, networkLocation: /default-rack, certSerialId: null}, Type:RATIS, Factor:ONE, State:OPEN]
2019-09-29 11:18:24,107 [EventQueue-StaleNodeForStaleNodeHandler] INFO  pipeline.PipelineStateManager (PipelineStateManager.java:finalizePipeline(123)) - Pipeline Pipeline[ Id: 6de6529a-086d-4be6-8461-3268940fad0e, Nodes: b53779b9-e166-4f61-b57a-c7e45baab661{ip: 192.168.30.19, host: pr-hdds-1569-lsfh5-224679870, networkLocation: /default-rack, certSerialId: null}, Type:RATIS, Factor:ONE, State:CLOSED] moved to CLOSED state
2019-09-29 11:18:24,116 [ForkJoinPool.commonPool-worker-0] INFO  ozoneimpl.OzoneContainer (OzoneContainer.java:stop(231)) - Attempting to stop container services.
2019-09-29 11:18:24,117 [ForkJoinPool.commonPool-worker-0] INFO  impl.RaftServerProxy (RaftServerProxy.java:lambda$close$4(314)) - b53779b9-e166-4f61-b57a-c7e45baab661: close
2019-09-29 11:18:24,117 [ForkJoinPool.commonPool-worker-0] INFO  impl.RaftServerImpl (RaftServerImpl.java:lambda$shutdown$3(251)) - b53779b9-e166-4f61-b57a-c7e45baab661@group-3268940FAD0E: shutdown
2019-09-29 11:18:24,117 [ForkJoinPool.commonPool-worker-0] INFO  util.JmxRegister (JmxRegister.java:unregister(73)) - Successfully un-registered JMX Bean with object name Ratis:service=RaftServer,group=group-3268940FAD0E,id=b53779b9-e166-4f61-b57a-c7e45baab661
2019-09-29 11:18:24,117 [ForkJoinPool.commonPool-worker-0] INFO  impl.RoleInfo (RoleInfo.java:shutdownLeaderState(104)) - b53779b9-e166-4f61-b57a-c7e45baab661: shutdown LeaderState
2019-09-29 11:18:24,118 [ForkJoinPool.commonPool-worker-0] INFO  impl.PendingRequests (PendingRequests.java:sendNotLeaderResponses(202)) - b53779b9-e166-4f61-b57a-c7e45baab661-PendingRequests: sendNotLeaderResponses
2019-09-29 11:18:24,118 [ForkJoinPool.commonPool-worker-0] INFO  impl.StateMachineUpdater (StateMachineUpdater.java:stopAndJoin(125)) - b53779b9-e166-4f61-b57a-c7e45baab661@group-3268940FAD0E-StateMachineUpdater: set stopIndex = 0
2019-09-29 11:18:24,118 [ForkJoinPool.commonPool-worker-0] INFO  impl.RaftServerImpl (ServerState.java:close(385)) - b53779b9-e166-4f61-b57a-c7e45baab661@group-3268940FAD0E: closes. applyIndex: 0
2019-09-29 11:18:24,119 [b53779b9-e166-4f61-b57a-c7e45baab661@group-3268940FAD0E-SegmentedRaftLogWorker] INFO  segmented.SegmentedRaftLogWorker (SegmentedRaftLogWorker.java:run(313)) - b53779b9-e166-4f61-b57a-c7e45baab661@group-3268940FAD0E-SegmentedRaftLogWorker was interrupted, exiting. There are 0 tasks remaining in the queue.
2019-09-29 11:18:24,119 [ForkJoinPool.commonPool-worker-0] INFO  segmented.SegmentedRaftLogWorker (SegmentedRaftLogWorker.java:close(228)) - b53779b9-e166-4f61-b57a-c7e45baab661@group-3268940FAD0E-SegmentedRaftLogWorker close()
2019-09-29 11:18:24,119 [ForkJoinPool.commonPool-worker-0] INFO  server.GrpcService (GrpcService.java:closeImpl(164)) - b53779b9-e166-4f61-b57a-c7e45baab661: shutdown server with port 35579 now
2019-09-29 11:18:24,121 [ForkJoinPool.commonPool-worker-0] INFO  server.GrpcService (GrpcService.java:closeImpl(172)) - b53779b9-e166-4f61-b57a-c7e45baab661: shutdown server with port 35579 successfully
2019-09-29 11:18:24,122 [refreshUsed-/workdir/hadoop-ozone/integration-test/target/test-dir/MiniOzoneClusterImpl-9adecfa3-4693-4b3b-b175-846bdd8f8c06/datanode-0/data/containers] WARN  fs.CachingGetSpaceUsed (CachingGetSpaceUsed.java:run(183)) - Thread Interrupted waiting to refresh disk information: sleep interrupted
2019-09-29 11:18:24,138 [ForkJoinPool.commonPool-worker-0] INFO  utils.BackgroundService (BackgroundService.java:shutdown(148)) - Shutting down service BlockDeletingService
2019-09-29 11:18:24,142 [ForkJoinPool.commonPool-worker-0] INFO  statemachine.DatanodeStateMachine (DatanodeStateMachine.java:stopDaemon(395)) - Ozone container server stopped.
2019-09-29 11:18:24,159 [ForkJoinPool.commonPool-worker-0] INFO  handler.ContextHandler (ContextHandler.java:doStop(910)) - Stopped o.e.j.w.WebAppContext@5df778c3{/,null,UNAVAILABLE}{/hddsDatanode}
2019-09-29 11:18:24,160 [ForkJoinPool.commonPool-worker-0] INFO  server.AbstractConnector (AbstractConnector.java:doStop(318)) - Stopped ServerConnector@895416d{HTTP/1.1,[http/1.1]}{0.0.0.0:0}
2019-09-29 11:18:24,161 [ForkJoinPool.commonPool-worker-0] INFO  handler.ContextHandler (ContextHandler.java:doStop(910)) - Stopped o.e.j.s.ServletContextHandler@6403e24c{/static,jar:file:/home/user/.m2/repository/org/apache/hadoop/hadoop-hdds-container-service/0.5.0-SNAPSHOT/hadoop-hdds-container-service-0.5.0-SNAPSHOT.jar!/webapps/static,UNAVAILABLE}
2019-09-29 11:18:24,162 [ForkJoinPool.commonPool-worker-0] INFO  handler.ContextHandler (ContextHandler.java:doStop(910)) - Stopped o.e.j.s.ServletContextHandler@43045f9f{/logs,file:///workdir/hadoop-ozone/integration-test/target/log,UNAVAILABLE}
2019-09-29 11:18:24,522 [Datanode State Machine Thread - 0] INFO  statemachine.DatanodeStateMachine (DatanodeStateMachine.java:lambda$startDaemon$0(350)) - Ozone container server started.
2019-09-29 11:18:28,615 [EventQueue-StaleNodeForStaleNodeHandler] INFO  node.StaleNodeHandler (StaleNodeHandler.java:onMessage(58)) - Datanode 305a1411-9261-4938-b41f-95f0a67a7ebc{ip: 192.168.30.19, host: pr-hdds-1569-lsfh5-224679870, networkLocation: /default-rack, certSerialId: null} moved to stale state. Finalizing its pipelines [PipelineID=ba745aa9-20a0-403f-9ead-df4caef31081]
2019-09-29 11:18:28,617 [EventQueue-StaleNodeForStaleNodeHandler] INFO  pipeline.SCMPipelineManager (SCMPipelineManager.java:finalizeAndDestroyPipeline(341)) - destroying pipeline:Pipeline[ Id: ba745aa9-20a0-403f-9ead-df4caef31081, Nodes: 305a1411-9261-4938-b41f-95f0a67a7ebc{ip: 192.168.30.19, host: pr-hdds-1569-lsfh5-224679870, networkLocation: /default-rack, certSerialId: null}, Type:RATIS, Factor:ONE, State:OPEN]
2019-09-29 11:18:28,617 [EventQueue-StaleNodeForStaleNodeHandler] INFO  pipeline.PipelineStateManager (PipelineStateManager.java:finalizePipeline(123)) - Pipeline Pipeline[ Id: ba745aa9-20a0-403f-9ead-df4caef31081, Nodes: 305a1411-9261-4938-b41f-95f0a67a7ebc{ip: 192.168.30.19, host: pr-hdds-1569-lsfh5-224679870, networkLocation: /default-rack, certSerialId: null}, Type:RATIS, Factor:ONE, State:CLOSED] moved to CLOSED state
2019-09-29 11:18:29,091 [main] INFO  ozoneimpl.OzoneContainer (OzoneContainer.java:stop(231)) - Attempting to stop container services.
2019-09-29 11:18:29,093 [main] INFO  impl.RaftServerProxy (RaftServerProxy.java:lambda$close$4(314)) - 305a1411-9261-4938-b41f-95f0a67a7ebc: close
2019-09-29 11:18:29,093 [main] INFO  impl.RaftServerImpl (RaftServerImpl.java:lambda$shutdown$3(251)) - 305a1411-9261-4938-b41f-95f0a67a7ebc@group-DF4CAEF31081: shutdown
2019-09-29 11:18:29,093 [main] INFO  util.JmxRegister (JmxRegister.java:unregister(73)) - Successfully un-registered JMX Bean with object name Ratis:service=RaftServer,group=group-DF4CAEF31081,id=305a1411-9261-4938-b41f-95f0a67a7ebc
2019-09-29 11:18:29,094 [main] INFO  impl.RoleInfo (RoleInfo.java:shutdownLeaderState(104)) - 305a1411-9261-4938-b41f-95f0a67a7ebc: shutdown LeaderState
2019-09-29 11:18:29,094 [main] INFO  impl.PendingRequests (PendingRequests.java:sendNotLeaderResponses(202)) - 305a1411-9261-4938-b41f-95f0a67a7ebc-PendingRequests: sendNotLeaderResponses
2019-09-29 11:18:29,095 [main] INFO  impl.StateMachineUpdater (StateMachineUpdater.java:stopAndJoin(125)) - 305a1411-9261-4938-b41f-95f0a67a7ebc@group-DF4CAEF31081-StateMachineUpdater: set stopIndex = 0
2019-09-29 11:18:29,095 [main] INFO  impl.RaftServerImpl (ServerState.java:close(385)) - 305a1411-9261-4938-b41f-95f0a67a7ebc@group-DF4CAEF31081: closes. applyIndex: 0
2019-09-29 11:18:29,096 [305a1411-9261-4938-b41f-95f0a67a7ebc@group-DF4CAEF31081-SegmentedRaftLogWorker] INFO  segmented.SegmentedRaftLogWorker (SegmentedRaftLogWorker.java:run(313)) - 305a1411-9261-4938-b41f-95f0a67a7ebc@group-DF4CAEF31081-SegmentedRaftLogWorker was interrupted, exiting. There are 0 tasks remaining in the queue.
2019-09-29 11:18:29,096 [main] INFO  segmented.SegmentedRaftLogWorker (SegmentedRaftLogWorker.java:close(228)) - 305a1411-9261-4938-b41f-95f0a67a7ebc@group-DF4CAEF31081-SegmentedRaftLogWorker close()
2019-09-29 11:18:29,097 [main] INFO  server.GrpcService (GrpcService.java:closeImpl(164)) - 305a1411-9261-4938-b41f-95f0a67a7ebc: shutdown server with port 45009 now
2019-09-29 11:18:29,099 [main] INFO  server.GrpcService (GrpcService.java:closeImpl(172)) - 305a1411-9261-4938-b41f-95f0a67a7ebc: shutdown server with port 45009 successfully
2019-09-29 11:18:29,102 [refreshUsed-/workdir/hadoop-ozone/integration-test/target/test-dir/MiniOzoneClusterImpl-9adecfa3-4693-4b3b-b175-846bdd8f8c06/datanode-6/data/containers] WARN  fs.CachingGetSpaceUsed (CachingGetSpaceUsed.java:run(183)) - Thread Interrupted waiting to refresh disk information: sleep interrupted
2019-09-29 11:18:29,126 [main] INFO  utils.BackgroundService (BackgroundService.java:shutdown(148)) - Shutting down service BlockDeletingService
2019-09-29 11:18:29,130 [main] INFO  statemachine.DatanodeStateMachine (DatanodeStateMachine.java:stopDaemon(395)) - Ozone container server stopped.
2019-09-29 11:18:29,132 [main] INFO  handler.ContextHandler (ContextHandler.java:doStop(910)) - Stopped o.e.j.w.WebAppContext@648d0e6d{/,null,UNAVAILABLE}{/hddsDatanode}
2019-09-29 11:18:29,133 [main] INFO  server.AbstractConnector (AbstractConnector.java:doStop(318)) - Stopped ServerConnector@79e66b2f{HTTP/1.1,[http/1.1]}{0.0.0.0:0}
2019-09-29 11:18:29,133 [main] INFO  handler.ContextHandler (ContextHandler.java:doStop(910)) - Stopped o.e.j.s.ServletContextHandler@4437ac07{/static,jar:file:/home/user/.m2/repository/org/apache/hadoop/hadoop-hdds-container-service/0.5.0-SNAPSHOT/hadoop-hdds-container-service-0.5.0-SNAPSHOT.jar!/webapps/static,UNAVAILABLE}
2019-09-29 11:18:29,134 [main] INFO  handler.ContextHandler (ContextHandler.java:doStop(910)) - Stopped o.e.j.s.ServletContextHandler@66b59b7d{/logs,file:///workdir/hadoop-ozone/integration-test/target/log,UNAVAILABLE}
2019-09-29 11:18:29,135 [main] INFO  ozone.MiniOzoneClusterImpl (MiniOzoneClusterImpl.java:stopSCM(392)) - Stopping the StorageContainerManager
2019-09-29 11:18:29,135 [main] INFO  server.StorageContainerManager (StorageContainerManager.java:stop(808)) - Stopping Replication Manager Service.
2019-09-29 11:18:29,136 [main] INFO  container.ReplicationManager (ReplicationManager.java:stop(204)) - Stopping Replication Monitor Thread.
2019-09-29 11:18:29,136 [main] INFO  server.StorageContainerManager (StorageContainerManager.java:stop(815)) - Stopping Lease Manager of the command watchers
2019-09-29 11:18:29,136 [main] INFO  server.StorageContainerManager (StorageContainerManager.java:stop(822)) - Stopping datanode service RPC server
2019-09-29 11:18:29,137 [main] INFO  server.SCMDatanodeProtocolServer (SCMDatanodeProtocolServer.java:stop(367)) - Stopping the RPC server for DataNodes
2019-09-29 11:18:29,137 [main] INFO  ipc.Server (Server.java:stop(3082)) - Stopping server on 35836
2019-09-29 11:18:29,138 [IPC Server listener on 35836] INFO  ipc.Server (Server.java:run(1185)) - Stopping IPC Server listener on 35836
2019-09-29 11:18:29,139 [IPC Server Responder] INFO  ipc.Server (Server.java:run(1319)) - Stopping IPC Server Responder
2019-09-29 11:18:29,216 [SCM Heartbeat Processing Thread - 0] WARN  node.NodeStateManager (NodeStateManager.java:scheduleNextHealthCheck(655)) - Current Thread is interrupted, shutting down HB processing thread for Node Manager.
2019-09-29 11:18:29,216 [main] INFO  server.StorageContainerManager (StorageContainerManager.java:stop(830)) - Stopping block service RPC server
2019-09-29 11:18:29,216 [main] INFO  server.SCMBlockProtocolServer (SCMBlockProtocolServer.java:stop(155)) - Stopping the RPC server for Block Protocol
2019-09-29 11:18:29,217 [main] INFO  ipc.Server (Server.java:stop(3082)) - Stopping server on 37978
2019-09-29 11:18:29,218 [IPC Server listener on 37978] INFO  ipc.Server (Server.java:run(1185)) - Stopping IPC Server listener on 37978
2019-09-29 11:18:29,218 [main] INFO  server.StorageContainerManager (StorageContainerManager.java:stop(837)) - Stopping the StorageContainerLocationProtocol RPC server
2019-09-29 11:18:29,218 [IPC Server Responder] INFO  ipc.Server (Server.java:run(1319)) - Stopping IPC Server Responder
2019-09-29 11:18:29,219 [main] INFO  server.SCMClientProtocolServer (SCMClientProtocolServer.java:stop(159)) - Stopping the RPC server for Client Protocol
2019-09-29 11:18:29,219 [main] INFO  ipc.Server (Server.java:stop(3082)) - Stopping server on 41271
2019-09-29 11:18:29,220 [IPC Server listener on 41271] INFO  ipc.Server (Server.java:run(1185)) - Stopping IPC Server listener on 41271
2019-09-29 11:18:29,220 [main] INFO  server.StorageContainerManager (StorageContainerManager.java:stop(844)) - Stopping Storage Container Manager HTTP server.
2019-09-29 11:18:29,221 [IPC Server Responder] INFO  ipc.Server (Server.java:run(1319)) - Stopping IPC Server Responder
2019-09-29 11:18:29,222 [main] INFO  handler.ContextHandler (ContextHandler.java:doStop(910)) - Stopped o.e.j.w.WebAppContext@6db66836{/,null,UNAVAILABLE}{/scm}
2019-09-29 11:18:29,223 [main] INFO  server.AbstractConnector (AbstractConnector.java:doStop(318)) - Stopped ServerConnector@1ee4730{HTTP/1.1,[http/1.1]}{0.0.0.0:0}
2019-09-29 11:18:29,223 [main] INFO  handler.ContextHandler (ContextHandler.java:doStop(910)) - Stopped o.e.j.s.ServletContextHandler@43b6123e{/static,file:///workdir/hadoop-ozone/integration-test/target/test-classes/webapps/static,UNAVAILABLE}
2019-09-29 11:18:29,223 [main] INFO  handler.ContextHandler (ContextHandler.java:doStop(910)) - Stopped o.e.j.s.ServletContextHandler@4fce136b{/logs,file:///workdir/hadoop-ozone/integration-test/target/log,UNAVAILABLE}
2019-09-29 11:18:29,225 [main] INFO  server.StorageContainerManager (StorageContainerManager.java:stop(855)) - Stopping Block Manager Service.
2019-09-29 11:18:29,225 [main] INFO  utils.BackgroundService (BackgroundService.java:shutdown(148)) - Shutting down service SCMBlockDeletingService
2019-09-29 11:18:29,225 [main] INFO  utils.BackgroundService (BackgroundService.java:shutdown(148)) - Shutting down service SCMBlockDeletingService
2019-09-29 11:18:29,226 [main] INFO  server.StorageContainerManager (StorageContainerManager.java:stop(877)) - Stopping SCM Event Queue.
2019-09-29 11:18:29,233 [main] INFO  impl.MetricsSystemImpl (MetricsSystemImpl.java:stop(210)) - Stopping XceiverClientMetrics metrics system...
2019-09-29 11:18:29,243 [prometheus] INFO  impl.MetricsSinkAdapter (MetricsSinkAdapter.java:publishMetricsFromQueue(141)) - prometheus thread interrupted.
2019-09-29 11:18:29,244 [main] INFO  impl.MetricsSystemImpl (MetricsSystemImpl.java:stop(216)) - XceiverClientMetrics metrics system stopped.
]]></system-out>
    <system-err><![CDATA[ERROR StatusLogger No Log4j 2 configuration file found. Using default configuration (logging only errors to the console), or user programmatically provided configurations. Set system property 'log4j2.debug' to show Log4j 2 internal initialization logging. See https://logging.apache.org/log4j/2.x/manual/configuration.html for instructions on how to configure Log4j 2
Sep 29, 2019 11:18:08 AM org.apache.ratis.thirdparty.io.grpc.internal.SerializingExecutor run
SEVERE: Exception while executing runnable org.apache.ratis.thirdparty.io.grpc.internal.ServerImpl$JumpToApplicationThreadServerStreamListener$1Closed@b13062c
org.apache.ratis.thirdparty.io.grpc.StatusRuntimeException: CANCELLED: call already cancelled
	at org.apache.ratis.thirdparty.io.grpc.Status.asRuntimeException(Status.java:517)
	at org.apache.ratis.thirdparty.io.grpc.stub.ServerCalls$ServerCallStreamObserverImpl.onCompleted(ServerCalls.java:356)
	at org.apache.ratis.grpc.server.GrpcServerProtocolService$ServerRequestStreamObserver.onError(GrpcServerProtocolService.java:121)
	at org.apache.ratis.thirdparty.io.grpc.stub.ServerCalls$StreamingServerCallHandler$StreamingServerCallListener.onCancel(ServerCalls.java:269)
	at org.apache.ratis.thirdparty.io.grpc.internal.ServerCallImpl$ServerStreamListenerImpl.closed(ServerCallImpl.java:293)
	at org.apache.ratis.thirdparty.io.grpc.internal.ServerImpl$JumpToApplicationThreadServerStreamListener$1Closed.runInContext(ServerImpl.java:741)
	at org.apache.ratis.thirdparty.io.grpc.internal.ContextRunnable.run(ContextRunnable.java:37)
	at org.apache.ratis.thirdparty.io.grpc.internal.SerializingExecutor.run(SerializingExecutor.java:123)
	at java.util.concurrent.ThreadPoolExecutor.runWorker(ThreadPoolExecutor.java:1149)
	at java.util.concurrent.ThreadPoolExecutor$Worker.run(ThreadPoolExecutor.java:624)
	at java.lang.Thread.run(Thread.java:748)

Sep 29, 2019 11:18:08 AM org.apache.ratis.thirdparty.io.grpc.internal.SerializingExecutor run
SEVERE: Exception while executing runnable org.apache.ratis.thirdparty.io.grpc.internal.ServerImpl$JumpToApplicationThreadServerStreamListener$1Closed@3af23a91
org.apache.ratis.thirdparty.io.grpc.StatusRuntimeException: CANCELLED: call already cancelled
	at org.apache.ratis.thirdparty.io.grpc.Status.asRuntimeException(Status.java:517)
	at org.apache.ratis.thirdparty.io.grpc.stub.ServerCalls$ServerCallStreamObserverImpl.onCompleted(ServerCalls.java:356)
	at org.apache.ratis.grpc.server.GrpcServerProtocolService$ServerRequestStreamObserver.onError(GrpcServerProtocolService.java:121)
	at org.apache.ratis.thirdparty.io.grpc.stub.ServerCalls$StreamingServerCallHandler$StreamingServerCallListener.onCancel(ServerCalls.java:269)
	at org.apache.ratis.thirdparty.io.grpc.internal.ServerCallImpl$ServerStreamListenerImpl.closed(ServerCallImpl.java:293)
	at org.apache.ratis.thirdparty.io.grpc.internal.ServerImpl$JumpToApplicationThreadServerStreamListener$1Closed.runInContext(ServerImpl.java:741)
	at org.apache.ratis.thirdparty.io.grpc.internal.ContextRunnable.run(ContextRunnable.java:37)
	at org.apache.ratis.thirdparty.io.grpc.internal.SerializingExecutor.run(SerializingExecutor.java:123)
	at java.util.concurrent.ThreadPoolExecutor.runWorker(ThreadPoolExecutor.java:1149)
	at java.util.concurrent.ThreadPoolExecutor$Worker.run(ThreadPoolExecutor.java:624)
	at java.lang.Thread.run(Thread.java:748)

Sep 29, 2019 11:18:08 AM org.apache.ratis.thirdparty.io.grpc.internal.SerializingExecutor run
SEVERE: Exception while executing runnable org.apache.ratis.thirdparty.io.grpc.internal.ServerImpl$JumpToApplicationThreadServerStreamListener$1Closed@55a0cbb2
org.apache.ratis.thirdparty.io.grpc.StatusRuntimeException: CANCELLED: call already cancelled
	at org.apache.ratis.thirdparty.io.grpc.Status.asRuntimeException(Status.java:517)
	at org.apache.ratis.thirdparty.io.grpc.stub.ServerCalls$ServerCallStreamObserverImpl.onCompleted(ServerCalls.java:356)
	at org.apache.ratis.grpc.server.GrpcServerProtocolService$ServerRequestStreamObserver.onError(GrpcServerProtocolService.java:121)
	at org.apache.ratis.thirdparty.io.grpc.stub.ServerCalls$StreamingServerCallHandler$StreamingServerCallListener.onCancel(ServerCalls.java:269)
	at org.apache.ratis.thirdparty.io.grpc.internal.ServerCallImpl$ServerStreamListenerImpl.closed(ServerCallImpl.java:293)
	at org.apache.ratis.thirdparty.io.grpc.internal.ServerImpl$JumpToApplicationThreadServerStreamListener$1Closed.runInContext(ServerImpl.java:741)
	at org.apache.ratis.thirdparty.io.grpc.internal.ContextRunnable.run(ContextRunnable.java:37)
	at org.apache.ratis.thirdparty.io.grpc.internal.SerializingExecutor.run(SerializingExecutor.java:123)
	at java.util.concurrent.ThreadPoolExecutor.runWorker(ThreadPoolExecutor.java:1149)
	at java.util.concurrent.ThreadPoolExecutor$Worker.run(ThreadPoolExecutor.java:624)
	at java.lang.Thread.run(Thread.java:748)

Sep 29, 2019 11:18:08 AM org.apache.ratis.thirdparty.io.grpc.internal.SerializingExecutor run
SEVERE: Exception while executing runnable org.apache.ratis.thirdparty.io.grpc.internal.ServerImpl$JumpToApplicationThreadServerStreamListener$1Closed@15053648
org.apache.ratis.thirdparty.io.grpc.StatusRuntimeException: CANCELLED: call already cancelled
	at org.apache.ratis.thirdparty.io.grpc.Status.asRuntimeException(Status.java:517)
	at org.apache.ratis.thirdparty.io.grpc.stub.ServerCalls$ServerCallStreamObserverImpl.onCompleted(ServerCalls.java:356)
	at org.apache.ratis.grpc.server.GrpcServerProtocolService$ServerRequestStreamObserver.onError(GrpcServerProtocolService.java:121)
	at org.apache.ratis.thirdparty.io.grpc.stub.ServerCalls$StreamingServerCallHandler$StreamingServerCallListener.onCancel(ServerCalls.java:269)
	at org.apache.ratis.thirdparty.io.grpc.internal.ServerCallImpl$ServerStreamListenerImpl.closed(ServerCallImpl.java:293)
	at org.apache.ratis.thirdparty.io.grpc.internal.ServerImpl$JumpToApplicationThreadServerStreamListener$1Closed.runInContext(ServerImpl.java:741)
	at org.apache.ratis.thirdparty.io.grpc.internal.ContextRunnable.run(ContextRunnable.java:37)
	at org.apache.ratis.thirdparty.io.grpc.internal.SerializingExecutor.run(SerializingExecutor.java:123)
	at java.util.concurrent.ThreadPoolExecutor.runWorker(ThreadPoolExecutor.java:1149)
	at java.util.concurrent.ThreadPoolExecutor$Worker.run(ThreadPoolExecutor.java:624)
	at java.lang.Thread.run(Thread.java:748)

Sep 29, 2019 11:18:08 AM org.apache.ratis.thirdparty.io.grpc.internal.SerializingExecutor run
SEVERE: Exception while executing runnable org.apache.ratis.thirdparty.io.grpc.internal.ServerImpl$JumpToApplicationThreadServerStreamListener$1Closed@87a885a
org.apache.ratis.thirdparty.io.grpc.StatusRuntimeException: CANCELLED: call already cancelled
	at org.apache.ratis.thirdparty.io.grpc.Status.asRuntimeException(Status.java:517)
	at org.apache.ratis.thirdparty.io.grpc.stub.ServerCalls$ServerCallStreamObserverImpl.onCompleted(ServerCalls.java:356)
	at org.apache.ratis.grpc.server.GrpcServerProtocolService$ServerRequestStreamObserver.onError(GrpcServerProtocolService.java:121)
	at org.apache.ratis.thirdparty.io.grpc.stub.ServerCalls$StreamingServerCallHandler$StreamingServerCallListener.onCancel(ServerCalls.java:269)
	at org.apache.ratis.thirdparty.io.grpc.internal.ServerCallImpl$ServerStreamListenerImpl.closed(ServerCallImpl.java:293)
	at org.apache.ratis.thirdparty.io.grpc.internal.ServerImpl$JumpToApplicationThreadServerStreamListener$1Closed.runInContext(ServerImpl.java:741)
	at org.apache.ratis.thirdparty.io.grpc.internal.ContextRunnable.run(ContextRunnable.java:37)
	at org.apache.ratis.thirdparty.io.grpc.internal.SerializingExecutor.run(SerializingExecutor.java:123)
	at java.util.concurrent.ThreadPoolExecutor.runWorker(ThreadPoolExecutor.java:1149)
	at java.util.concurrent.ThreadPoolExecutor$Worker.run(ThreadPoolExecutor.java:624)
	at java.lang.Thread.run(Thread.java:748)

Sep 29, 2019 11:18:08 AM org.apache.ratis.thirdparty.io.grpc.internal.SerializingExecutor run
SEVERE: Exception while executing runnable org.apache.ratis.thirdparty.io.grpc.internal.ServerImpl$JumpToApplicationThreadServerStreamListener$1Closed@5bb649d0
org.apache.ratis.thirdparty.io.grpc.StatusRuntimeException: CANCELLED: call already cancelled
	at org.apache.ratis.thirdparty.io.grpc.Status.asRuntimeException(Status.java:517)
	at org.apache.ratis.thirdparty.io.grpc.stub.ServerCalls$ServerCallStreamObserverImpl.onCompleted(ServerCalls.java:356)
	at org.apache.ratis.grpc.server.GrpcServerProtocolService$ServerRequestStreamObserver.onError(GrpcServerProtocolService.java:121)
	at org.apache.ratis.thirdparty.io.grpc.stub.ServerCalls$StreamingServerCallHandler$StreamingServerCallListener.onCancel(ServerCalls.java:269)
	at org.apache.ratis.thirdparty.io.grpc.internal.ServerCallImpl$ServerStreamListenerImpl.closed(ServerCallImpl.java:293)
	at org.apache.ratis.thirdparty.io.grpc.internal.ServerImpl$JumpToApplicationThreadServerStreamListener$1Closed.runInContext(ServerImpl.java:741)
	at org.apache.ratis.thirdparty.io.grpc.internal.ContextRunnable.run(ContextRunnable.java:37)
	at org.apache.ratis.thirdparty.io.grpc.internal.SerializingExecutor.run(SerializingExecutor.java:123)
	at java.util.concurrent.ThreadPoolExecutor.runWorker(ThreadPoolExecutor.java:1149)
	at java.util.concurrent.ThreadPoolExecutor$Worker.run(ThreadPoolExecutor.java:624)
	at java.lang.Thread.run(Thread.java:748)

Sep 29, 2019 11:18:13 AM org.apache.ratis.thirdparty.io.grpc.internal.SerializingExecutor run
SEVERE: Exception while executing runnable org.apache.ratis.thirdparty.io.grpc.internal.ServerImpl$JumpToApplicationThreadServerStreamListener$1Closed@1b55191e
org.apache.ratis.thirdparty.io.grpc.StatusRuntimeException: CANCELLED: call already cancelled
	at org.apache.ratis.thirdparty.io.grpc.Status.asRuntimeException(Status.java:517)
	at org.apache.ratis.thirdparty.io.grpc.stub.ServerCalls$ServerCallStreamObserverImpl.onCompleted(ServerCalls.java:356)
	at org.apache.ratis.grpc.server.GrpcServerProtocolService$ServerRequestStreamObserver.onError(GrpcServerProtocolService.java:121)
	at org.apache.ratis.thirdparty.io.grpc.stub.ServerCalls$StreamingServerCallHandler$StreamingServerCallListener.onCancel(ServerCalls.java:269)
	at org.apache.ratis.thirdparty.io.grpc.internal.ServerCallImpl$ServerStreamListenerImpl.closed(ServerCallImpl.java:293)
	at org.apache.ratis.thirdparty.io.grpc.internal.ServerImpl$JumpToApplicationThreadServerStreamListener$1Closed.runInContext(ServerImpl.java:741)
	at org.apache.ratis.thirdparty.io.grpc.internal.ContextRunnable.run(ContextRunnable.java:37)
	at org.apache.ratis.thirdparty.io.grpc.internal.SerializingExecutor.run(SerializingExecutor.java:123)
	at java.util.concurrent.ThreadPoolExecutor.runWorker(ThreadPoolExecutor.java:1149)
	at java.util.concurrent.ThreadPoolExecutor$Worker.run(ThreadPoolExecutor.java:624)
	at java.lang.Thread.run(Thread.java:748)

Sep 29, 2019 11:18:13 AM org.apache.ratis.thirdparty.io.grpc.internal.SerializingExecutor run
SEVERE: Exception while executing runnable org.apache.ratis.thirdparty.io.grpc.internal.ServerImpl$JumpToApplicationThreadServerStreamListener$1Closed@7bcf30aa
org.apache.ratis.thirdparty.io.grpc.StatusRuntimeException: CANCELLED: call already cancelled
	at org.apache.ratis.thirdparty.io.grpc.Status.asRuntimeException(Status.java:517)
	at org.apache.ratis.thirdparty.io.grpc.stub.ServerCalls$ServerCallStreamObserverImpl.onCompleted(ServerCalls.java:356)
	at org.apache.ratis.grpc.server.GrpcServerProtocolService$ServerRequestStreamObserver.onError(GrpcServerProtocolService.java:121)
	at org.apache.ratis.thirdparty.io.grpc.stub.ServerCalls$StreamingServerCallHandler$StreamingServerCallListener.onCancel(ServerCalls.java:269)
	at org.apache.ratis.thirdparty.io.grpc.internal.ServerCallImpl$ServerStreamListenerImpl.closed(ServerCallImpl.java:293)
	at org.apache.ratis.thirdparty.io.grpc.internal.ServerImpl$JumpToApplicationThreadServerStreamListener$1Closed.runInContext(ServerImpl.java:741)
	at org.apache.ratis.thirdparty.io.grpc.internal.ContextRunnable.run(ContextRunnable.java:37)
	at org.apache.ratis.thirdparty.io.grpc.internal.SerializingExecutor.run(SerializingExecutor.java:123)
	at java.util.concurrent.ThreadPoolExecutor.runWorker(ThreadPoolExecutor.java:1149)
	at java.util.concurrent.ThreadPoolExecutor$Worker.run(ThreadPoolExecutor.java:624)
	at java.lang.Thread.run(Thread.java:748)

Sep 29, 2019 11:18:13 AM org.apache.ratis.thirdparty.io.grpc.internal.SerializingExecutor run
SEVERE: Exception while executing runnable org.apache.ratis.thirdparty.io.grpc.internal.ServerImpl$JumpToApplicationThreadServerStreamListener$1Closed@51e1ecf3
org.apache.ratis.thirdparty.io.grpc.StatusRuntimeException: CANCELLED: call already cancelled
	at org.apache.ratis.thirdparty.io.grpc.Status.asRuntimeException(Status.java:517)
	at org.apache.ratis.thirdparty.io.grpc.stub.ServerCalls$ServerCallStreamObserverImpl.onCompleted(ServerCalls.java:356)
	at org.apache.ratis.grpc.server.GrpcServerProtocolService$ServerRequestStreamObserver.onError(GrpcServerProtocolService.java:121)
	at org.apache.ratis.thirdparty.io.grpc.stub.ServerCalls$StreamingServerCallHandler$StreamingServerCallListener.onCancel(ServerCalls.java:269)
	at org.apache.ratis.thirdparty.io.grpc.internal.ServerCallImpl$ServerStreamListenerImpl.closed(ServerCallImpl.java:293)
	at org.apache.ratis.thirdparty.io.grpc.internal.ServerImpl$JumpToApplicationThreadServerStreamListener$1Closed.runInContext(ServerImpl.java:741)
	at org.apache.ratis.thirdparty.io.grpc.internal.ContextRunnable.run(ContextRunnable.java:37)
	at org.apache.ratis.thirdparty.io.grpc.internal.SerializingExecutor.run(SerializingExecutor.java:123)
	at java.util.concurrent.ThreadPoolExecutor.runWorker(ThreadPoolExecutor.java:1149)
	at java.util.concurrent.ThreadPoolExecutor$Worker.run(ThreadPoolExecutor.java:624)
	at java.lang.Thread.run(Thread.java:748)

]]></system-err>
  </testcase>
  <testcase name="testDatanodeFailureWithPreAllocation" classname="org.apache.hadoop.ozone.client.rpc.TestBlockOutputStreamWithFailures" time="223.067"/>
  <testcase name="testDatanodeFailureWithSingleNodeRatis" classname="org.apache.hadoop.ozone.client.rpc.TestBlockOutputStreamWithFailures" time="223.544"/>
  <testcase name="testWatchForCommitWithSingleNodeRatis" classname="org.apache.hadoop.ozone.client.rpc.TestBlockOutputStreamWithFailures" time="36.859"/>
  <testcase name="testWatchForCommitDatanodeFailure" classname="org.apache.hadoop.ozone.client.rpc.TestBlockOutputStreamWithFailures" time="39.817">
    <error message="Allocated 0 blocks. Requested 1 blocks" type="INTERNAL_ERROR org.apache.hadoop.ozone.om.exceptions.OMException">INTERNAL_ERROR org.apache.hadoop.ozone.om.exceptions.OMException: Allocated 0 blocks. Requested 1 blocks
	at org.apache.hadoop.ozone.om.protocolPB.OzoneManagerProtocolClientSideTranslatorPB.handleError(OzoneManagerProtocolClientSideTranslatorPB.java:732)
	at org.apache.hadoop.ozone.om.protocolPB.OzoneManagerProtocolClientSideTranslatorPB.allocateBlock(OzoneManagerProtocolClientSideTranslatorPB.java:764)
	at sun.reflect.NativeMethodAccessorImpl.invoke0(Native Method)
	at sun.reflect.NativeMethodAccessorImpl.invoke(NativeMethodAccessorImpl.java:62)
	at sun.reflect.DelegatingMethodAccessorImpl.invoke(DelegatingMethodAccessorImpl.java:43)
	at java.lang.reflect.Method.invoke(Method.java:498)
	at org.apache.hadoop.hdds.tracing.TraceAllMethod.invoke(TraceAllMethod.java:66)
	at com.sun.proxy.$Proxy37.allocateBlock(Unknown Source)
	at org.apache.hadoop.ozone.client.io.BlockOutputStreamEntryPool.allocateNewBlock(BlockOutputStreamEntryPool.java:248)
	at org.apache.hadoop.ozone.client.io.BlockOutputStreamEntryPool.allocateBlockIfNeeded(BlockOutputStreamEntryPool.java:296)
	at org.apache.hadoop.ozone.client.io.KeyOutputStream.handleWrite(KeyOutputStream.java:198)
	at org.apache.hadoop.ozone.client.io.KeyOutputStream.write(KeyOutputStream.java:190)
	at org.apache.hadoop.ozone.client.io.OzoneOutputStream.write(OzoneOutputStream.java:49)
	at java.io.OutputStream.write(OutputStream.java:75)
	at org.apache.hadoop.ozone.client.rpc.TestBlockOutputStreamWithFailures.testWatchForCommitDatanodeFailure(TestBlockOutputStreamWithFailures.java:363)
	at sun.reflect.NativeMethodAccessorImpl.invoke0(Native Method)
	at sun.reflect.NativeMethodAccessorImpl.invoke(NativeMethodAccessorImpl.java:62)
	at sun.reflect.DelegatingMethodAccessorImpl.invoke(DelegatingMethodAccessorImpl.java:43)
	at java.lang.reflect.Method.invoke(Method.java:498)
	at org.junit.runners.model.FrameworkMethod$1.runReflectiveCall(FrameworkMethod.java:47)
	at org.junit.internal.runners.model.ReflectiveCallable.run(ReflectiveCallable.java:12)
	at org.junit.runners.model.FrameworkMethod.invokeExplosively(FrameworkMethod.java:44)
	at org.junit.internal.runners.statements.InvokeMethod.evaluate(InvokeMethod.java:17)
	at org.junit.internal.runners.statements.RunBefores.evaluate(RunBefores.java:26)
	at org.junit.internal.runners.statements.RunAfters.evaluate(RunAfters.java:27)
	at org.junit.runners.ParentRunner.runLeaf(ParentRunner.java:271)
	at org.junit.runners.BlockJUnit4ClassRunner.runChild(BlockJUnit4ClassRunner.java:70)
	at org.junit.runners.BlockJUnit4ClassRunner.runChild(BlockJUnit4ClassRunner.java:50)
	at org.junit.runners.ParentRunner$3.run(ParentRunner.java:238)
	at org.junit.runners.ParentRunner$1.schedule(ParentRunner.java:63)
	at org.junit.runners.ParentRunner.runChildren(ParentRunner.java:236)
	at org.junit.runners.ParentRunner.access$000(ParentRunner.java:53)
	at org.junit.runners.ParentRunner$2.evaluate(ParentRunner.java:229)
	at org.junit.runners.ParentRunner.run(ParentRunner.java:309)
	at org.apache.maven.surefire.junit4.JUnit4Provider.execute(JUnit4Provider.java:365)
	at org.apache.maven.surefire.junit4.JUnit4Provider.executeWithRerun(JUnit4Provider.java:273)
	at org.apache.maven.surefire.junit4.JUnit4Provider.executeTestSet(JUnit4Provider.java:238)
	at org.apache.maven.surefire.junit4.JUnit4Provider.invoke(JUnit4Provider.java:159)
	at org.apache.maven.surefire.booter.ForkedBooter.invokeProviderInSameClassLoader(ForkedBooter.java:384)
	at org.apache.maven.surefire.booter.ForkedBooter.runSuitesInProcess(ForkedBooter.java:345)
	at org.apache.maven.surefire.booter.ForkedBooter.execute(ForkedBooter.java:126)
	at org.apache.maven.surefire.booter.ForkedBooter.main(ForkedBooter.java:418)
</error>
    <system-out><![CDATA[2019-09-29 11:26:32,790 [main] WARN  server.ServerUtils (ServerUtils.java:getScmDbDir(145)) - ozone.scm.db.dirs is not configured. We recommend adding this setting. Falling back to ozone.metadata.dirs instead.
2019-09-29 11:26:32,816 [main] WARN  server.ServerUtils (ServerUtils.java:getScmDbDir(145)) - ozone.scm.db.dirs is not configured. We recommend adding this setting. Falling back to ozone.metadata.dirs instead.
2019-09-29 11:26:32,816 [main] WARN  server.ServerUtils (ServerUtils.java:getScmDbDir(145)) - ozone.scm.db.dirs is not configured. We recommend adding this setting. Falling back to ozone.metadata.dirs instead.
2019-09-29 11:26:32,817 [main] INFO  db.DBStoreBuilder (DBStoreBuilder.java:addTable(110)) - using custom profile for table: deletedBlocks
2019-09-29 11:26:32,817 [main] INFO  db.DBStoreBuilder (DBStoreBuilder.java:processTables(161)) - Using default column profile:DBProfile.DISK for Table:deletedBlocks
2019-09-29 11:26:32,817 [main] INFO  db.DBStoreBuilder (DBStoreBuilder.java:addTable(110)) - using custom profile for table: validCerts
2019-09-29 11:26:32,818 [main] INFO  db.DBStoreBuilder (DBStoreBuilder.java:processTables(161)) - Using default column profile:DBProfile.DISK for Table:validCerts
2019-09-29 11:26:32,818 [main] INFO  db.DBStoreBuilder (DBStoreBuilder.java:addTable(110)) - using custom profile for table: revokedCerts
2019-09-29 11:26:32,818 [main] INFO  db.DBStoreBuilder (DBStoreBuilder.java:processTables(161)) - Using default column profile:DBProfile.DISK for Table:revokedCerts
2019-09-29 11:26:32,819 [main] INFO  db.DBStoreBuilder (DBStoreBuilder.java:addTable(110)) - using custom profile for table: default
2019-09-29 11:26:32,819 [main] INFO  db.DBStoreBuilder (DBStoreBuilder.java:processTables(167)) - Using default column profile:DBProfile.DISK for Table:default
2019-09-29 11:26:32,819 [main] INFO  db.DBStoreBuilder (DBStoreBuilder.java:getDbProfile(198)) - Using default options. DBProfile.DISK
2019-09-29 11:26:33,058 [main] INFO  net.NodeSchemaLoader (NodeSchemaLoader.java:loadSchemaFromFile(125)) - Loading file from sun.misc.CompoundEnumeration@51888019
2019-09-29 11:26:33,058 [main] INFO  net.NodeSchemaLoader (NodeSchemaLoader.java:loadSchema(171)) - Loading network topology layer schema file
2019-09-29 11:26:33,064 [main] INFO  node.SCMNodeManager (SCMNodeManager.java:<init>(114)) - Entering startup safe mode.
2019-09-29 11:26:33,065 [main] INFO  algorithms.ContainerPlacementPolicyFactory (ContainerPlacementPolicyFactory.java:getPolicy(59)) - Create container placement policy of type org.apache.hadoop.hdds.scm.container.placement.algorithms.SCMContainerPlacementRandom
2019-09-29 11:26:33,065 [main] WARN  server.ServerUtils (ServerUtils.java:getScmDbDir(145)) - ozone.scm.db.dirs is not configured. We recommend adding this setting. Falling back to ozone.metadata.dirs instead.
2019-09-29 11:26:33,167 [main] INFO  pipeline.SCMPipelineManager (SCMPipelineManager.java:initializePipelineState(137)) - No pipeline exists in current db
2019-09-29 11:26:33,168 [main] WARN  server.ServerUtils (ServerUtils.java:getScmDbDir(145)) - ozone.scm.db.dirs is not configured. We recommend adding this setting. Falling back to ozone.metadata.dirs instead.
2019-09-29 11:26:33,265 [main] WARN  events.EventQueue (EventQueue.java:fireEvent(183)) - No event handler registered for event TypedEvent{payloadType=SafeModeStatus, name='SafeModeStatus'}
2019-09-29 11:26:33,266 [main] INFO  ipc.CallQueueManager (CallQueueManager.java:<init>(84)) - Using callQueue: class java.util.concurrent.LinkedBlockingQueue, queueCapacity: 2000, scheduler: class org.apache.hadoop.ipc.DefaultRpcScheduler, ipcBackoff: false.
2019-09-29 11:26:33,267 [Socket Reader #1 for port 46808] INFO  ipc.Server (Server.java:run(1074)) - Starting Socket Reader #1 for port 46808
2019-09-29 11:26:33,271 [main] INFO  ipc.CallQueueManager (CallQueueManager.java:<init>(84)) - Using callQueue: class java.util.concurrent.LinkedBlockingQueue, queueCapacity: 2000, scheduler: class org.apache.hadoop.ipc.DefaultRpcScheduler, ipcBackoff: false.
2019-09-29 11:26:33,271 [Socket Reader #1 for port 43889] INFO  ipc.Server (Server.java:run(1074)) - Starting Socket Reader #1 for port 43889
2019-09-29 11:26:33,273 [main] INFO  ipc.CallQueueManager (CallQueueManager.java:<init>(84)) - Using callQueue: class java.util.concurrent.LinkedBlockingQueue, queueCapacity: 2000, scheduler: class org.apache.hadoop.ipc.DefaultRpcScheduler, ipcBackoff: false.
2019-09-29 11:26:33,274 [Socket Reader #1 for port 39600] INFO  ipc.Server (Server.java:run(1074)) - Starting Socket Reader #1 for port 39600
2019-09-29 11:26:33,278 [main] INFO  hdfs.DFSUtil (DFSUtil.java:httpServerTemplateForNNAndJN(1641)) - Starting Web-server for scm at: http://0.0.0.0:0
2019-09-29 11:26:33,280 [main] INFO  server.AuthenticationFilter (AuthenticationFilter.java:constructSecretProvider(240)) - Unable to initialize FileSignerSecretProvider, falling back to use random secrets.
2019-09-29 11:26:33,281 [main] WARN  http.HttpRequestLog (HttpRequestLog.java:getRequestLog(97)) - Jetty request log can only be enabled using Log4j
2019-09-29 11:26:33,284 [main] INFO  http.HttpServer2 (HttpServer2.java:addGlobalFilter(975)) - Added global filter 'safety' (class=org.apache.hadoop.http.HttpServer2$QuotingInputFilter)
2019-09-29 11:26:33,286 [main] INFO  http.HttpServer2 (HttpServer2.java:addFilter(948)) - Added filter static_user_filter (class=org.apache.hadoop.http.lib.StaticUserWebFilter$StaticUserFilter) to context scm
2019-09-29 11:26:33,286 [main] INFO  http.HttpServer2 (HttpServer2.java:addFilter(958)) - Added filter static_user_filter (class=org.apache.hadoop.http.lib.StaticUserWebFilter$StaticUserFilter) to context static
2019-09-29 11:26:33,286 [main] INFO  http.HttpServer2 (HttpServer2.java:addFilter(958)) - Added filter static_user_filter (class=org.apache.hadoop.http.lib.StaticUserWebFilter$StaticUserFilter) to context logs
2019-09-29 11:26:33,288 [main] INFO  server.StorageContainerManager (StorageContainerManager.java:start(770)) - StorageContainerLocationProtocol RPC server is listening at /0.0.0.0:39600
2019-09-29 11:26:33,292 [main] WARN  impl.MetricsConfig (MetricsConfig.java:loadFirst(134)) - Cannot locate configuration: tried hadoop-metrics2-storagecontainermanager.properties,hadoop-metrics2.properties
2019-09-29 11:26:33,293 [main] INFO  impl.MetricsSystemImpl (MetricsSystemImpl.java:startTimer(374)) - Scheduled Metric snapshot period at 10 second(s).
2019-09-29 11:26:33,293 [main] INFO  impl.MetricsSystemImpl (MetricsSystemImpl.java:start(191)) - StorageContainerManager metrics system started
2019-09-29 11:26:33,403 [main] INFO  lib.Interns (Interns.java:removeEldestEntry(50)) - Metrics intern cache overflow at 2011 for MetricsSystem={MetricsSystem=MetricsInfoImpl{name=MetricsSystem, description=MetricsSystem}, MetricsSystem record=MetricsInfoImpl{name=MetricsSystem, description=MetricsSystem record}}
2019-09-29 11:26:33,450 [main] WARN  impl.MetricsSystemImpl (MetricsSystemImpl.java:register(276)) - Sink prometheus already exists!
2019-09-29 11:26:33,548 [main] INFO  server.SCMClientProtocolServer (SCMClientProtocolServer.java:start(151)) - RPC server for Client  is listening at /0.0.0.0:39600
2019-09-29 11:26:33,549 [IPC Server Responder] INFO  ipc.Server (Server.java:run(1314)) - IPC Server Responder: starting
2019-09-29 11:26:33,550 [IPC Server listener on 39600] INFO  ipc.Server (Server.java:run(1153)) - IPC Server listener on 39600: starting
2019-09-29 11:26:33,554 [main] INFO  server.StorageContainerManager (StorageContainerManager.java:start(780)) - ScmBlockLocationProtocol RPC server is listening at /0.0.0.0:43889
2019-09-29 11:26:33,554 [main] INFO  server.SCMBlockProtocolServer (SCMBlockProtocolServer.java:start(146)) - RPC server for Block Protocol is listening at /0.0.0.0:43889
2019-09-29 11:26:33,555 [IPC Server Responder] INFO  ipc.Server (Server.java:run(1314)) - IPC Server Responder: starting
2019-09-29 11:26:33,556 [IPC Server listener on 43889] INFO  ipc.Server (Server.java:run(1153)) - IPC Server listener on 43889: starting
2019-09-29 11:26:33,559 [main] INFO  server.StorageContainerManager (StorageContainerManager.java:start(784)) - ScmDatanodeProtocl RPC server is listening at /0.0.0.0:46808
2019-09-29 11:26:33,559 [main] INFO  server.SCMDatanodeProtocolServer (SCMDatanodeProtocolServer.java:start(191)) - RPC server for DataNodes is listening at /0.0.0.0:46808
2019-09-29 11:26:33,559 [IPC Server Responder] INFO  ipc.Server (Server.java:run(1314)) - IPC Server Responder: starting
2019-09-29 11:26:33,560 [IPC Server listener on 46808] INFO  ipc.Server (Server.java:run(1153)) - IPC Server listener on 46808: starting
2019-09-29 11:26:33,564 [main] INFO  http.HttpServer2 (HttpServer2.java:bindListener(1191)) - Jetty bound to port 40026
2019-09-29 11:26:33,564 [main] INFO  server.Server (Server.java:doStart(351)) - jetty-9.3.25.v20180904, build timestamp: 2018-09-04T21:11:46Z, git hash: 3ce520221d0240229c862b122d2b06c12a625732
2019-09-29 11:26:33,566 [main] INFO  handler.ContextHandler (ContextHandler.java:doStart(781)) - Started o.e.j.s.ServletContextHandler@6b8b5020{/logs,file:///workdir/hadoop-ozone/integration-test/target/log,AVAILABLE}
2019-09-29 11:26:33,566 [main] INFO  handler.ContextHandler (ContextHandler.java:doStart(781)) - Started o.e.j.s.ServletContextHandler@5a7b309b{/static,file:///workdir/hadoop-ozone/integration-test/target/test-classes/webapps/static,AVAILABLE}
2019-09-29 11:26:33,570 [main] INFO  handler.ContextHandler (ContextHandler.java:doStart(781)) - Started o.e.j.w.WebAppContext@175c5c3a{/,file:///workdir/hadoop-ozone/integration-test/target/test-classes/webapps/scm/,AVAILABLE}{/scm}
2019-09-29 11:26:33,570 [main] INFO  server.AbstractConnector (AbstractConnector.java:doStart(278)) - Started ServerConnector@69a5c6be{HTTP/1.1,[http/1.1]}{0.0.0.0:40026}
2019-09-29 11:26:33,571 [main] INFO  server.Server (Server.java:doStart(419)) - Started @528159ms
2019-09-29 11:26:33,571 [main] WARN  impl.MetricsSystemImpl (MetricsSystemImpl.java:register(276)) - Sink prometheus already exists!
2019-09-29 11:26:33,572 [main] INFO  server.BaseHttpServer (BaseHttpServer.java:updateConnectorAddress(215)) - HTTP server of SCM is listening at http://0.0.0.0:40026
2019-09-29 11:26:33,574 [main] WARN  server.ServerUtils (ServerUtils.java:getDBPath(222)) - ozone.om.db.dirs is not configured. We recommend adding this setting. Falling back to ozone.metadata.dirs instead.
2019-09-29 11:26:33,574 [org.apache.hadoop.util.JvmPauseMonitor$Monitor@497ed877] INFO  util.JvmPauseMonitor (JvmPauseMonitor.java:run(188)) - Starting JVM pause monitor
2019-09-29 11:26:33,597 [main] WARN  server.ServerUtils (ServerUtils.java:getDBPath(222)) - ozone.om.db.dirs is not configured. We recommend adding this setting. Falling back to ozone.metadata.dirs instead.
2019-09-29 11:26:33,598 [main] WARN  server.ServerUtils (ServerUtils.java:getDBPath(222)) - ozone.om.db.dirs is not configured. We recommend adding this setting. Falling back to ozone.metadata.dirs instead.
2019-09-29 11:26:33,598 [main] INFO  om.OzoneManager (OzoneManager.java:setOMNodeDetails(652)) - OM Service ID is not set. Setting it to the default ID: omServiceIdDefault
2019-09-29 11:26:33,599 [main] INFO  om.OzoneManager (OzoneManager.java:setOMNodeDetails(658)) - OM Node ID is not set. Setting it to the OmStorage's OmID: 83ae1981-f7fe-4d9d-ba2b-1727b565e2ff
2019-09-29 11:26:33,599 [main] INFO  om.OzoneManager (OzoneManager.java:loadOMHAConfigs(609)) - Found matching OM address with OMServiceId: null, OMNodeId: null, RPC Address: localhost:0 and Ratis port: 9872
2019-09-29 11:26:33,607 [main] WARN  server.ServerUtils (ServerUtils.java:getDBPath(222)) - ozone.om.db.dirs is not configured. We recommend adding this setting. Falling back to ozone.metadata.dirs instead.
2019-09-29 11:26:33,608 [main] INFO  db.DBStoreBuilder (DBStoreBuilder.java:addTable(110)) - using custom profile for table: userTable
2019-09-29 11:26:33,608 [main] INFO  db.DBStoreBuilder (DBStoreBuilder.java:processTables(161)) - Using default column profile:DBProfile.DISK for Table:userTable
2019-09-29 11:26:33,609 [main] INFO  db.DBStoreBuilder (DBStoreBuilder.java:addTable(110)) - using custom profile for table: volumeTable
2019-09-29 11:26:33,609 [main] INFO  db.DBStoreBuilder (DBStoreBuilder.java:processTables(161)) - Using default column profile:DBProfile.DISK for Table:volumeTable
2019-09-29 11:26:33,609 [main] INFO  db.DBStoreBuilder (DBStoreBuilder.java:addTable(110)) - using custom profile for table: bucketTable
2019-09-29 11:26:33,609 [main] INFO  db.DBStoreBuilder (DBStoreBuilder.java:processTables(161)) - Using default column profile:DBProfile.DISK for Table:bucketTable
2019-09-29 11:26:33,610 [main] INFO  db.DBStoreBuilder (DBStoreBuilder.java:addTable(110)) - using custom profile for table: keyTable
2019-09-29 11:26:33,610 [main] INFO  db.DBStoreBuilder (DBStoreBuilder.java:processTables(161)) - Using default column profile:DBProfile.DISK for Table:keyTable
2019-09-29 11:26:33,610 [main] INFO  db.DBStoreBuilder (DBStoreBuilder.java:addTable(110)) - using custom profile for table: deletedTable
2019-09-29 11:26:33,610 [main] INFO  db.DBStoreBuilder (DBStoreBuilder.java:processTables(161)) - Using default column profile:DBProfile.DISK for Table:deletedTable
2019-09-29 11:26:33,611 [main] INFO  db.DBStoreBuilder (DBStoreBuilder.java:addTable(110)) - using custom profile for table: openKeyTable
2019-09-29 11:26:33,611 [main] INFO  db.DBStoreBuilder (DBStoreBuilder.java:processTables(161)) - Using default column profile:DBProfile.DISK for Table:openKeyTable
2019-09-29 11:26:33,611 [main] INFO  db.DBStoreBuilder (DBStoreBuilder.java:addTable(110)) - using custom profile for table: s3Table
2019-09-29 11:26:33,611 [main] INFO  db.DBStoreBuilder (DBStoreBuilder.java:processTables(161)) - Using default column profile:DBProfile.DISK for Table:s3Table
2019-09-29 11:26:33,612 [main] INFO  db.DBStoreBuilder (DBStoreBuilder.java:addTable(110)) - using custom profile for table: multipartInfoTable
2019-09-29 11:26:33,612 [main] INFO  db.DBStoreBuilder (DBStoreBuilder.java:processTables(161)) - Using default column profile:DBProfile.DISK for Table:multipartInfoTable
2019-09-29 11:26:33,612 [main] INFO  db.DBStoreBuilder (DBStoreBuilder.java:addTable(110)) - using custom profile for table: dTokenTable
2019-09-29 11:26:33,612 [main] INFO  db.DBStoreBuilder (DBStoreBuilder.java:processTables(161)) - Using default column profile:DBProfile.DISK for Table:dTokenTable
2019-09-29 11:26:33,613 [main] INFO  db.DBStoreBuilder (DBStoreBuilder.java:addTable(110)) - using custom profile for table: s3SecretTable
2019-09-29 11:26:33,613 [main] INFO  db.DBStoreBuilder (DBStoreBuilder.java:processTables(161)) - Using default column profile:DBProfile.DISK for Table:s3SecretTable
2019-09-29 11:26:33,613 [main] INFO  db.DBStoreBuilder (DBStoreBuilder.java:addTable(110)) - using custom profile for table: prefixTable
2019-09-29 11:26:33,614 [main] INFO  db.DBStoreBuilder (DBStoreBuilder.java:processTables(161)) - Using default column profile:DBProfile.DISK for Table:prefixTable
2019-09-29 11:26:33,614 [main] INFO  db.DBStoreBuilder (DBStoreBuilder.java:addTable(110)) - using custom profile for table: default
2019-09-29 11:26:33,614 [main] INFO  db.DBStoreBuilder (DBStoreBuilder.java:processTables(167)) - Using default column profile:DBProfile.DISK for Table:default
2019-09-29 11:26:33,614 [main] INFO  db.DBStoreBuilder (DBStoreBuilder.java:getDbProfile(198)) - Using default options. DBProfile.DISK
2019-09-29 11:26:34,346 [main] INFO  ipc.CallQueueManager (CallQueueManager.java:<init>(84)) - Using callQueue: class java.util.concurrent.LinkedBlockingQueue, queueCapacity: 2000, scheduler: class org.apache.hadoop.ipc.DefaultRpcScheduler, ipcBackoff: false.
2019-09-29 11:26:34,347 [Socket Reader #1 for port 36905] INFO  ipc.Server (Server.java:run(1074)) - Starting Socket Reader #1 for port 36905
2019-09-29 11:26:34,364 [main] INFO  om.OzoneManager (OzoneManager.java:start(1243)) - OzoneManager RPC server is listening at localhost/127.0.0.1:36905
2019-09-29 11:26:34,364 [main] INFO  impl.MetricsSystemImpl (MetricsSystemImpl.java:init(158)) - OzoneManager metrics system started (again)
2019-09-29 11:26:34,365 [IPC Server Responder] INFO  ipc.Server (Server.java:run(1314)) - IPC Server Responder: starting
2019-09-29 11:26:34,365 [IPC Server listener on 36905] INFO  ipc.Server (Server.java:run(1153)) - IPC Server listener on 36905: starting
2019-09-29 11:26:34,371 [main] INFO  hdfs.DFSUtil (DFSUtil.java:httpServerTemplateForNNAndJN(1641)) - Starting Web-server for ozoneManager at: http://0.0.0.0:0
2019-09-29 11:26:34,373 [main] INFO  server.AuthenticationFilter (AuthenticationFilter.java:constructSecretProvider(240)) - Unable to initialize FileSignerSecretProvider, falling back to use random secrets.
2019-09-29 11:26:34,373 [main] WARN  http.HttpRequestLog (HttpRequestLog.java:getRequestLog(97)) - Jetty request log can only be enabled using Log4j
2019-09-29 11:26:34,376 [main] INFO  http.HttpServer2 (HttpServer2.java:addGlobalFilter(975)) - Added global filter 'safety' (class=org.apache.hadoop.http.HttpServer2$QuotingInputFilter)
2019-09-29 11:26:34,376 [main] INFO  http.HttpServer2 (HttpServer2.java:addFilter(948)) - Added filter static_user_filter (class=org.apache.hadoop.http.lib.StaticUserWebFilter$StaticUserFilter) to context ozoneManager
2019-09-29 11:26:34,377 [main] INFO  http.HttpServer2 (HttpServer2.java:addFilter(958)) - Added filter static_user_filter (class=org.apache.hadoop.http.lib.StaticUserWebFilter$StaticUserFilter) to context static
2019-09-29 11:26:34,377 [main] INFO  http.HttpServer2 (HttpServer2.java:addFilter(958)) - Added filter static_user_filter (class=org.apache.hadoop.http.lib.StaticUserWebFilter$StaticUserFilter) to context logs
2019-09-29 11:26:34,378 [main] INFO  http.HttpServer2 (HttpServer2.java:bindListener(1191)) - Jetty bound to port 45025
2019-09-29 11:26:34,378 [main] INFO  server.Server (Server.java:doStart(351)) - jetty-9.3.25.v20180904, build timestamp: 2018-09-04T21:11:46Z, git hash: 3ce520221d0240229c862b122d2b06c12a625732
2019-09-29 11:26:34,380 [main] INFO  handler.ContextHandler (ContextHandler.java:doStart(781)) - Started o.e.j.s.ServletContextHandler@33eb0d4{/logs,file:///workdir/hadoop-ozone/integration-test/target/log,AVAILABLE}
2019-09-29 11:26:34,380 [main] INFO  handler.ContextHandler (ContextHandler.java:doStart(781)) - Started o.e.j.s.ServletContextHandler@a3cba3a{/static,file:///workdir/hadoop-ozone/integration-test/target/test-classes/webapps/static,AVAILABLE}
2019-09-29 11:26:34,385 [main] INFO  handler.ContextHandler (ContextHandler.java:doStart(781)) - Started o.e.j.w.WebAppContext@1e2445f6{/,file:///workdir/hadoop-ozone/integration-test/target/test-classes/webapps/ozoneManager/,AVAILABLE}{/ozoneManager}
2019-09-29 11:26:34,385 [main] INFO  server.AbstractConnector (AbstractConnector.java:doStart(278)) - Started ServerConnector@17ec335a{HTTP/1.1,[http/1.1]}{0.0.0.0:45025}
2019-09-29 11:26:34,386 [main] INFO  server.Server (Server.java:doStart(419)) - Started @528974ms
2019-09-29 11:26:34,387 [main] WARN  impl.MetricsSystemImpl (MetricsSystemImpl.java:register(276)) - Sink prometheus already exists!
2019-09-29 11:26:34,387 [main] INFO  server.BaseHttpServer (BaseHttpServer.java:updateConnectorAddress(215)) - HTTP server of OZONEMANAGER is listening at http://0.0.0.0:45025
2019-09-29 11:26:34,405 [main] INFO  impl.MetricsSystemImpl (MetricsSystemImpl.java:init(158)) - HddsDatanode metrics system started (again)
2019-09-29 11:26:34,410 [main] INFO  ozone.HddsDatanodeService (HddsDatanodeService.java:start(184)) - HddsDatanodeService host:pr-hdds-1569-lsfh5-224679870 ip:192.168.30.19
2019-09-29 11:26:34,416 [main] INFO  volume.HddsVolume (HddsVolume.java:<init>(176)) - Creating Volume: /workdir/hadoop-ozone/integration-test/target/test-dir/MiniOzoneClusterImpl-f848b852-1aaf-4c40-a29c-4c10b1dc7f95/datanode-0/data/containers/hdds of  storage type : DISK and capacity : 1482555576320
2019-09-29 11:26:34,417 [main] INFO  volume.VolumeSet (VolumeSet.java:initializeVolumeSet(170)) - Added Volume : /workdir/hadoop-ozone/integration-test/target/test-dir/MiniOzoneClusterImpl-f848b852-1aaf-4c40-a29c-4c10b1dc7f95/datanode-0/data/containers/hdds to VolumeSet
2019-09-29 11:26:34,417 [main] INFO  volume.ThrottledAsyncChecker (ThrottledAsyncChecker.java:schedule(139)) - Scheduling a check for org.apache.hadoop.ozone.container.common.volume.HddsVolume@454bcbbf
2019-09-29 11:26:34,419 [main] INFO  volume.HddsVolumeChecker (HddsVolumeChecker.java:checkAllVolumes(202)) - Scheduled health check for volume org.apache.hadoop.ozone.container.common.volume.HddsVolume@454bcbbf
2019-09-29 11:26:34,436 [main] INFO  impl.RaftServerProxy (ConfUtils.java:logGet(43)) - raft.rpc.type = GRPC (default)
2019-09-29 11:26:34,437 [main] INFO  grpc.GrpcFactory (GrpcFactory.java:checkPooledByteBufAllocatorUseCacheForAllThreads(45)) - PERFORMANCE WARNING: useCacheForAllThreads is true that may cause Netty to create a lot garbage objects and, as a result, trigger GC.
	It is recommended to disable useCacheForAllThreads by setting -Dorg.apache.ratis.thirdparty.io.netty.allocator.useCacheForAllThreads=false in command line.
2019-09-29 11:26:34,437 [main] INFO  grpc.GrpcConfigKeys$Server (ConfUtils.java:logGet(43)) - raft.grpc.server.port = 0 (default)
2019-09-29 11:26:34,437 [main] INFO  server.GrpcService (ConfUtils.java:logGet(43)) - raft.grpc.message.size.max = 33570816 (custom)
2019-09-29 11:26:34,437 [main] INFO  server.RaftServerConfigKeys (ConfUtils.java:logGet(43)) - raft.server.log.appender.buffer.byte-limit = 33554432 (custom)
2019-09-29 11:26:34,438 [main] INFO  server.GrpcService (ConfUtils.java:logGet(43)) - raft.grpc.flow.control.window = 1MB (=1048576) (default)
2019-09-29 11:26:34,438 [main] INFO  server.RaftServerConfigKeys (ConfUtils.java:logGet(43)) - raft.server.rpc.request.timeout = 3000ms (default)
2019-09-29 11:26:34,439 [main] INFO  server.RaftServerConfigKeys (ConfUtils.java:logGet(43)) - raft.server.storage.dir = [/workdir/hadoop-ozone/integration-test/target/test-dir/MiniOzoneClusterImpl-f848b852-1aaf-4c40-a29c-4c10b1dc7f95/datanode-0/data/ratis] (custom)
2019-09-29 11:26:34,440 [main] INFO  hdfs.DFSUtil (DFSUtil.java:httpServerTemplateForNNAndJN(1641)) - Starting Web-server for hddsDatanode at: http://0.0.0.0:0
2019-09-29 11:26:34,442 [main] INFO  server.AuthenticationFilter (AuthenticationFilter.java:constructSecretProvider(240)) - Unable to initialize FileSignerSecretProvider, falling back to use random secrets.
2019-09-29 11:26:34,442 [main] WARN  http.HttpRequestLog (HttpRequestLog.java:getRequestLog(97)) - Jetty request log can only be enabled using Log4j
2019-09-29 11:26:34,444 [main] INFO  http.HttpServer2 (HttpServer2.java:addGlobalFilter(975)) - Added global filter 'safety' (class=org.apache.hadoop.http.HttpServer2$QuotingInputFilter)
2019-09-29 11:26:34,444 [main] INFO  http.HttpServer2 (HttpServer2.java:addFilter(948)) - Added filter static_user_filter (class=org.apache.hadoop.http.lib.StaticUserWebFilter$StaticUserFilter) to context hddsDatanode
2019-09-29 11:26:34,444 [main] INFO  http.HttpServer2 (HttpServer2.java:addFilter(958)) - Added filter static_user_filter (class=org.apache.hadoop.http.lib.StaticUserWebFilter$StaticUserFilter) to context static
2019-09-29 11:26:34,445 [main] INFO  http.HttpServer2 (HttpServer2.java:addFilter(958)) - Added filter static_user_filter (class=org.apache.hadoop.http.lib.StaticUserWebFilter$StaticUserFilter) to context logs
2019-09-29 11:26:34,445 [main] INFO  http.HttpServer2 (HttpServer2.java:bindListener(1191)) - Jetty bound to port 44587
2019-09-29 11:26:34,446 [main] INFO  server.Server (Server.java:doStart(351)) - jetty-9.3.25.v20180904, build timestamp: 2018-09-04T21:11:46Z, git hash: 3ce520221d0240229c862b122d2b06c12a625732
2019-09-29 11:26:34,447 [main] INFO  handler.ContextHandler (ContextHandler.java:doStart(781)) - Started o.e.j.s.ServletContextHandler@4bc9ca97{/logs,file:///workdir/hadoop-ozone/integration-test/target/log,AVAILABLE}
2019-09-29 11:26:34,448 [main] INFO  handler.ContextHandler (ContextHandler.java:doStart(781)) - Started o.e.j.s.ServletContextHandler@147cc940{/static,jar:file:/home/user/.m2/repository/org/apache/hadoop/hadoop-hdds-container-service/0.5.0-SNAPSHOT/hadoop-hdds-container-service-0.5.0-SNAPSHOT.jar!/webapps/static,AVAILABLE}
2019-09-29 11:26:34,482 [main] INFO  handler.ContextHandler (ContextHandler.java:doStart(781)) - Started o.e.j.w.WebAppContext@47187f50{/,file:///tmp/jetty-0.0.0.0-44587-hddsDatanode-_-any-5587086175974838930.dir/webapp/,AVAILABLE}{/hddsDatanode}
2019-09-29 11:26:34,483 [main] INFO  server.AbstractConnector (AbstractConnector.java:doStart(278)) - Started ServerConnector@78116659{HTTP/1.1,[http/1.1]}{0.0.0.0:44587}
2019-09-29 11:26:34,484 [main] INFO  server.Server (Server.java:doStart(419)) - Started @529072ms
2019-09-29 11:26:34,485 [main] WARN  impl.MetricsSystemImpl (MetricsSystemImpl.java:register(276)) - Sink prometheus already exists!
2019-09-29 11:26:34,485 [main] INFO  server.BaseHttpServer (BaseHttpServer.java:updateConnectorAddress(215)) - HTTP server of HDDSDATANODE is listening at http://0.0.0.0:44587
2019-09-29 11:26:34,485 [main] INFO  impl.MetricsSystemImpl (MetricsSystemImpl.java:init(158)) - HddsDatanode metrics system started (again)
2019-09-29 11:26:34,490 [org.apache.hadoop.util.JvmPauseMonitor$Monitor@412b0f35] INFO  util.JvmPauseMonitor (JvmPauseMonitor.java:run(188)) - Starting JVM pause monitor
2019-09-29 11:26:34,491 [main] INFO  ozone.HddsDatanodeService (HddsDatanodeService.java:start(184)) - HddsDatanodeService host:pr-hdds-1569-lsfh5-224679870 ip:192.168.30.19
2019-09-29 11:26:34,493 [Datanode State Machine Thread - 0] INFO  datanode.InitDatanodeState (InitDatanodeState.java:persistContainerDatanodeDetails(140)) - DatanodeDetails is persisted to /workdir/hadoop-ozone/integration-test/target/test-dir/MiniOzoneClusterImpl-f848b852-1aaf-4c40-a29c-4c10b1dc7f95/datanode-0/meta/datanode.id
2019-09-29 11:26:34,499 [main] INFO  volume.HddsVolume (HddsVolume.java:<init>(176)) - Creating Volume: /workdir/hadoop-ozone/integration-test/target/test-dir/MiniOzoneClusterImpl-f848b852-1aaf-4c40-a29c-4c10b1dc7f95/datanode-1/data/containers/hdds of  storage type : DISK and capacity : 1482555576320
2019-09-29 11:26:34,499 [main] INFO  volume.VolumeSet (VolumeSet.java:initializeVolumeSet(170)) - Added Volume : /workdir/hadoop-ozone/integration-test/target/test-dir/MiniOzoneClusterImpl-f848b852-1aaf-4c40-a29c-4c10b1dc7f95/datanode-1/data/containers/hdds to VolumeSet
2019-09-29 11:26:34,499 [main] INFO  volume.ThrottledAsyncChecker (ThrottledAsyncChecker.java:schedule(139)) - Scheduling a check for org.apache.hadoop.ozone.container.common.volume.HddsVolume@19a5b637
2019-09-29 11:26:34,500 [main] INFO  volume.HddsVolumeChecker (HddsVolumeChecker.java:checkAllVolumes(202)) - Scheduled health check for volume org.apache.hadoop.ozone.container.common.volume.HddsVolume@19a5b637
2019-09-29 11:26:34,517 [main] INFO  impl.RaftServerProxy (ConfUtils.java:logGet(43)) - raft.rpc.type = GRPC (default)
2019-09-29 11:26:34,517 [main] INFO  grpc.GrpcFactory (GrpcFactory.java:checkPooledByteBufAllocatorUseCacheForAllThreads(45)) - PERFORMANCE WARNING: useCacheForAllThreads is true that may cause Netty to create a lot garbage objects and, as a result, trigger GC.
	It is recommended to disable useCacheForAllThreads by setting -Dorg.apache.ratis.thirdparty.io.netty.allocator.useCacheForAllThreads=false in command line.
2019-09-29 11:26:34,517 [main] INFO  grpc.GrpcConfigKeys$Server (ConfUtils.java:logGet(43)) - raft.grpc.server.port = 0 (default)
2019-09-29 11:26:34,517 [main] INFO  server.GrpcService (ConfUtils.java:logGet(43)) - raft.grpc.message.size.max = 33570816 (custom)
2019-09-29 11:26:34,517 [main] INFO  server.RaftServerConfigKeys (ConfUtils.java:logGet(43)) - raft.server.log.appender.buffer.byte-limit = 33554432 (custom)
2019-09-29 11:26:34,518 [main] INFO  server.GrpcService (ConfUtils.java:logGet(43)) - raft.grpc.flow.control.window = 1MB (=1048576) (default)
2019-09-29 11:26:34,518 [main] INFO  server.RaftServerConfigKeys (ConfUtils.java:logGet(43)) - raft.server.rpc.request.timeout = 3000ms (default)
2019-09-29 11:26:34,518 [main] INFO  server.RaftServerConfigKeys (ConfUtils.java:logGet(43)) - raft.server.storage.dir = [/workdir/hadoop-ozone/integration-test/target/test-dir/MiniOzoneClusterImpl-f848b852-1aaf-4c40-a29c-4c10b1dc7f95/datanode-1/data/ratis] (custom)
2019-09-29 11:26:34,519 [main] INFO  hdfs.DFSUtil (DFSUtil.java:httpServerTemplateForNNAndJN(1641)) - Starting Web-server for hddsDatanode at: http://0.0.0.0:0
2019-09-29 11:26:34,520 [main] INFO  server.AuthenticationFilter (AuthenticationFilter.java:constructSecretProvider(240)) - Unable to initialize FileSignerSecretProvider, falling back to use random secrets.
2019-09-29 11:26:34,521 [main] WARN  http.HttpRequestLog (HttpRequestLog.java:getRequestLog(97)) - Jetty request log can only be enabled using Log4j
2019-09-29 11:26:34,522 [main] INFO  http.HttpServer2 (HttpServer2.java:addGlobalFilter(975)) - Added global filter 'safety' (class=org.apache.hadoop.http.HttpServer2$QuotingInputFilter)
2019-09-29 11:26:34,523 [main] INFO  http.HttpServer2 (HttpServer2.java:addFilter(948)) - Added filter static_user_filter (class=org.apache.hadoop.http.lib.StaticUserWebFilter$StaticUserFilter) to context hddsDatanode
2019-09-29 11:26:34,523 [main] INFO  http.HttpServer2 (HttpServer2.java:addFilter(958)) - Added filter static_user_filter (class=org.apache.hadoop.http.lib.StaticUserWebFilter$StaticUserFilter) to context static
2019-09-29 11:26:34,523 [main] INFO  http.HttpServer2 (HttpServer2.java:addFilter(958)) - Added filter static_user_filter (class=org.apache.hadoop.http.lib.StaticUserWebFilter$StaticUserFilter) to context logs
2019-09-29 11:26:34,523 [main] INFO  http.HttpServer2 (HttpServer2.java:bindListener(1191)) - Jetty bound to port 41792
2019-09-29 11:26:34,524 [main] INFO  server.Server (Server.java:doStart(351)) - jetty-9.3.25.v20180904, build timestamp: 2018-09-04T21:11:46Z, git hash: 3ce520221d0240229c862b122d2b06c12a625732
2019-09-29 11:26:34,525 [main] INFO  handler.ContextHandler (ContextHandler.java:doStart(781)) - Started o.e.j.s.ServletContextHandler@1edfedf1{/logs,file:///workdir/hadoop-ozone/integration-test/target/log,AVAILABLE}
2019-09-29 11:26:34,525 [main] INFO  handler.ContextHandler (ContextHandler.java:doStart(781)) - Started o.e.j.s.ServletContextHandler@4c4c7d6c{/static,jar:file:/home/user/.m2/repository/org/apache/hadoop/hadoop-hdds-container-service/0.5.0-SNAPSHOT/hadoop-hdds-container-service-0.5.0-SNAPSHOT.jar!/webapps/static,AVAILABLE}
2019-09-29 11:26:34,555 [main] INFO  handler.ContextHandler (ContextHandler.java:doStart(781)) - Started o.e.j.w.WebAppContext@13f40d71{/,file:///tmp/jetty-0.0.0.0-41792-hddsDatanode-_-any-3449294588652765078.dir/webapp/,AVAILABLE}{/hddsDatanode}
2019-09-29 11:26:34,556 [main] INFO  server.AbstractConnector (AbstractConnector.java:doStart(278)) - Started ServerConnector@73a845cb{HTTP/1.1,[http/1.1]}{0.0.0.0:41792}
2019-09-29 11:26:34,557 [main] INFO  server.Server (Server.java:doStart(419)) - Started @529145ms
2019-09-29 11:26:34,557 [main] WARN  impl.MetricsSystemImpl (MetricsSystemImpl.java:register(276)) - Sink prometheus already exists!
2019-09-29 11:26:34,558 [main] INFO  server.BaseHttpServer (BaseHttpServer.java:updateConnectorAddress(215)) - HTTP server of HDDSDATANODE is listening at http://0.0.0.0:41792
2019-09-29 11:26:34,559 [main] INFO  impl.MetricsSystemImpl (MetricsSystemImpl.java:init(158)) - HddsDatanode metrics system started (again)
2019-09-29 11:26:34,564 [org.apache.hadoop.util.JvmPauseMonitor$Monitor@25e6d8c1] INFO  util.JvmPauseMonitor (JvmPauseMonitor.java:run(188)) - Starting JVM pause monitor
2019-09-29 11:26:34,566 [Datanode State Machine Thread - 0] INFO  datanode.InitDatanodeState (InitDatanodeState.java:persistContainerDatanodeDetails(140)) - DatanodeDetails is persisted to /workdir/hadoop-ozone/integration-test/target/test-dir/MiniOzoneClusterImpl-f848b852-1aaf-4c40-a29c-4c10b1dc7f95/datanode-1/meta/datanode.id
2019-09-29 11:26:34,566 [main] INFO  ozone.HddsDatanodeService (HddsDatanodeService.java:start(184)) - HddsDatanodeService host:pr-hdds-1569-lsfh5-224679870 ip:192.168.30.19
2019-09-29 11:26:34,573 [main] INFO  volume.HddsVolume (HddsVolume.java:<init>(176)) - Creating Volume: /workdir/hadoop-ozone/integration-test/target/test-dir/MiniOzoneClusterImpl-f848b852-1aaf-4c40-a29c-4c10b1dc7f95/datanode-2/data/containers/hdds of  storage type : DISK and capacity : 1482555576320
2019-09-29 11:26:34,574 [main] INFO  volume.VolumeSet (VolumeSet.java:initializeVolumeSet(170)) - Added Volume : /workdir/hadoop-ozone/integration-test/target/test-dir/MiniOzoneClusterImpl-f848b852-1aaf-4c40-a29c-4c10b1dc7f95/datanode-2/data/containers/hdds to VolumeSet
2019-09-29 11:26:34,574 [main] INFO  volume.ThrottledAsyncChecker (ThrottledAsyncChecker.java:schedule(139)) - Scheduling a check for org.apache.hadoop.ozone.container.common.volume.HddsVolume@2c7c0e36
2019-09-29 11:26:34,574 [main] INFO  volume.HddsVolumeChecker (HddsVolumeChecker.java:checkAllVolumes(202)) - Scheduled health check for volume org.apache.hadoop.ozone.container.common.volume.HddsVolume@2c7c0e36
2019-09-29 11:26:34,594 [main] INFO  impl.RaftServerProxy (ConfUtils.java:logGet(43)) - raft.rpc.type = GRPC (default)
2019-09-29 11:26:34,594 [main] INFO  grpc.GrpcFactory (GrpcFactory.java:checkPooledByteBufAllocatorUseCacheForAllThreads(45)) - PERFORMANCE WARNING: useCacheForAllThreads is true that may cause Netty to create a lot garbage objects and, as a result, trigger GC.
	It is recommended to disable useCacheForAllThreads by setting -Dorg.apache.ratis.thirdparty.io.netty.allocator.useCacheForAllThreads=false in command line.
2019-09-29 11:26:34,594 [main] INFO  grpc.GrpcConfigKeys$Server (ConfUtils.java:logGet(43)) - raft.grpc.server.port = 0 (default)
2019-09-29 11:26:34,595 [main] INFO  server.GrpcService (ConfUtils.java:logGet(43)) - raft.grpc.message.size.max = 33570816 (custom)
2019-09-29 11:26:34,595 [main] INFO  server.RaftServerConfigKeys (ConfUtils.java:logGet(43)) - raft.server.log.appender.buffer.byte-limit = 33554432 (custom)
2019-09-29 11:26:34,595 [main] INFO  server.GrpcService (ConfUtils.java:logGet(43)) - raft.grpc.flow.control.window = 1MB (=1048576) (default)
2019-09-29 11:26:34,595 [main] INFO  server.RaftServerConfigKeys (ConfUtils.java:logGet(43)) - raft.server.rpc.request.timeout = 3000ms (default)
2019-09-29 11:26:34,596 [main] INFO  server.RaftServerConfigKeys (ConfUtils.java:logGet(43)) - raft.server.storage.dir = [/workdir/hadoop-ozone/integration-test/target/test-dir/MiniOzoneClusterImpl-f848b852-1aaf-4c40-a29c-4c10b1dc7f95/datanode-2/data/ratis] (custom)
2019-09-29 11:26:34,597 [main] INFO  hdfs.DFSUtil (DFSUtil.java:httpServerTemplateForNNAndJN(1641)) - Starting Web-server for hddsDatanode at: http://0.0.0.0:0
2019-09-29 11:26:34,599 [main] INFO  server.AuthenticationFilter (AuthenticationFilter.java:constructSecretProvider(240)) - Unable to initialize FileSignerSecretProvider, falling back to use random secrets.
2019-09-29 11:26:34,599 [main] WARN  http.HttpRequestLog (HttpRequestLog.java:getRequestLog(97)) - Jetty request log can only be enabled using Log4j
2019-09-29 11:26:34,601 [main] INFO  http.HttpServer2 (HttpServer2.java:addGlobalFilter(975)) - Added global filter 'safety' (class=org.apache.hadoop.http.HttpServer2$QuotingInputFilter)
2019-09-29 11:26:34,602 [main] INFO  http.HttpServer2 (HttpServer2.java:addFilter(948)) - Added filter static_user_filter (class=org.apache.hadoop.http.lib.StaticUserWebFilter$StaticUserFilter) to context hddsDatanode
2019-09-29 11:26:34,602 [main] INFO  http.HttpServer2 (HttpServer2.java:addFilter(958)) - Added filter static_user_filter (class=org.apache.hadoop.http.lib.StaticUserWebFilter$StaticUserFilter) to context logs
2019-09-29 11:26:34,602 [main] INFO  http.HttpServer2 (HttpServer2.java:addFilter(958)) - Added filter static_user_filter (class=org.apache.hadoop.http.lib.StaticUserWebFilter$StaticUserFilter) to context static
2019-09-29 11:26:34,603 [main] INFO  http.HttpServer2 (HttpServer2.java:bindListener(1191)) - Jetty bound to port 42398
2019-09-29 11:26:34,603 [main] INFO  server.Server (Server.java:doStart(351)) - jetty-9.3.25.v20180904, build timestamp: 2018-09-04T21:11:46Z, git hash: 3ce520221d0240229c862b122d2b06c12a625732
2019-09-29 11:26:34,605 [main] INFO  handler.ContextHandler (ContextHandler.java:doStart(781)) - Started o.e.j.s.ServletContextHandler@6e3dd5ce{/logs,file:///workdir/hadoop-ozone/integration-test/target/log,AVAILABLE}
2019-09-29 11:26:34,606 [main] INFO  handler.ContextHandler (ContextHandler.java:doStart(781)) - Started o.e.j.s.ServletContextHandler@4ee8051c{/static,jar:file:/home/user/.m2/repository/org/apache/hadoop/hadoop-hdds-container-service/0.5.0-SNAPSHOT/hadoop-hdds-container-service-0.5.0-SNAPSHOT.jar!/webapps/static,AVAILABLE}
2019-09-29 11:26:34,644 [main] INFO  handler.ContextHandler (ContextHandler.java:doStart(781)) - Started o.e.j.w.WebAppContext@34009349{/,file:///tmp/jetty-0.0.0.0-42398-hddsDatanode-_-any-7304265474358521022.dir/webapp/,AVAILABLE}{/hddsDatanode}
2019-09-29 11:26:34,645 [main] INFO  server.AbstractConnector (AbstractConnector.java:doStart(278)) - Started ServerConnector@3f68a7f8{HTTP/1.1,[http/1.1]}{0.0.0.0:42398}
2019-09-29 11:26:34,647 [main] INFO  server.Server (Server.java:doStart(419)) - Started @529235ms
2019-09-29 11:26:34,647 [main] WARN  impl.MetricsSystemImpl (MetricsSystemImpl.java:register(276)) - Sink prometheus already exists!
2019-09-29 11:26:34,648 [main] INFO  server.BaseHttpServer (BaseHttpServer.java:updateConnectorAddress(215)) - HTTP server of HDDSDATANODE is listening at http://0.0.0.0:42398
2019-09-29 11:26:34,648 [main] INFO  impl.MetricsSystemImpl (MetricsSystemImpl.java:init(158)) - HddsDatanode metrics system started (again)
2019-09-29 11:26:34,654 [org.apache.hadoop.util.JvmPauseMonitor$Monitor@55416a07] INFO  util.JvmPauseMonitor (JvmPauseMonitor.java:run(188)) - Starting JVM pause monitor
2019-09-29 11:26:34,655 [main] INFO  ozone.HddsDatanodeService (HddsDatanodeService.java:start(184)) - HddsDatanodeService host:pr-hdds-1569-lsfh5-224679870 ip:192.168.30.19
2019-09-29 11:26:34,655 [Datanode State Machine Thread - 0] INFO  datanode.InitDatanodeState (InitDatanodeState.java:persistContainerDatanodeDetails(140)) - DatanodeDetails is persisted to /workdir/hadoop-ozone/integration-test/target/test-dir/MiniOzoneClusterImpl-f848b852-1aaf-4c40-a29c-4c10b1dc7f95/datanode-2/meta/datanode.id
2019-09-29 11:26:34,662 [main] INFO  volume.HddsVolume (HddsVolume.java:<init>(176)) - Creating Volume: /workdir/hadoop-ozone/integration-test/target/test-dir/MiniOzoneClusterImpl-f848b852-1aaf-4c40-a29c-4c10b1dc7f95/datanode-3/data/containers/hdds of  storage type : DISK and capacity : 1482555576320
2019-09-29 11:26:34,663 [main] INFO  volume.VolumeSet (VolumeSet.java:initializeVolumeSet(170)) - Added Volume : /workdir/hadoop-ozone/integration-test/target/test-dir/MiniOzoneClusterImpl-f848b852-1aaf-4c40-a29c-4c10b1dc7f95/datanode-3/data/containers/hdds to VolumeSet
2019-09-29 11:26:34,663 [main] INFO  volume.ThrottledAsyncChecker (ThrottledAsyncChecker.java:schedule(139)) - Scheduling a check for org.apache.hadoop.ozone.container.common.volume.HddsVolume@2abc55c4
2019-09-29 11:26:34,664 [main] INFO  volume.HddsVolumeChecker (HddsVolumeChecker.java:checkAllVolumes(202)) - Scheduled health check for volume org.apache.hadoop.ozone.container.common.volume.HddsVolume@2abc55c4
2019-09-29 11:26:34,683 [main] INFO  impl.RaftServerProxy (ConfUtils.java:logGet(43)) - raft.rpc.type = GRPC (default)
2019-09-29 11:26:34,683 [main] INFO  grpc.GrpcFactory (GrpcFactory.java:checkPooledByteBufAllocatorUseCacheForAllThreads(45)) - PERFORMANCE WARNING: useCacheForAllThreads is true that may cause Netty to create a lot garbage objects and, as a result, trigger GC.
	It is recommended to disable useCacheForAllThreads by setting -Dorg.apache.ratis.thirdparty.io.netty.allocator.useCacheForAllThreads=false in command line.
2019-09-29 11:26:34,683 [main] INFO  grpc.GrpcConfigKeys$Server (ConfUtils.java:logGet(43)) - raft.grpc.server.port = 0 (default)
2019-09-29 11:26:34,683 [main] INFO  server.GrpcService (ConfUtils.java:logGet(43)) - raft.grpc.message.size.max = 33570816 (custom)
2019-09-29 11:26:34,683 [main] INFO  server.RaftServerConfigKeys (ConfUtils.java:logGet(43)) - raft.server.log.appender.buffer.byte-limit = 33554432 (custom)
2019-09-29 11:26:34,684 [main] INFO  server.GrpcService (ConfUtils.java:logGet(43)) - raft.grpc.flow.control.window = 1MB (=1048576) (default)
2019-09-29 11:26:34,684 [main] INFO  server.RaftServerConfigKeys (ConfUtils.java:logGet(43)) - raft.server.rpc.request.timeout = 3000ms (default)
2019-09-29 11:26:34,684 [main] INFO  server.RaftServerConfigKeys (ConfUtils.java:logGet(43)) - raft.server.storage.dir = [/workdir/hadoop-ozone/integration-test/target/test-dir/MiniOzoneClusterImpl-f848b852-1aaf-4c40-a29c-4c10b1dc7f95/datanode-3/data/ratis] (custom)
2019-09-29 11:26:34,685 [main] INFO  hdfs.DFSUtil (DFSUtil.java:httpServerTemplateForNNAndJN(1641)) - Starting Web-server for hddsDatanode at: http://0.0.0.0:0
2019-09-29 11:26:34,686 [main] INFO  server.AuthenticationFilter (AuthenticationFilter.java:constructSecretProvider(240)) - Unable to initialize FileSignerSecretProvider, falling back to use random secrets.
2019-09-29 11:26:34,687 [main] WARN  http.HttpRequestLog (HttpRequestLog.java:getRequestLog(97)) - Jetty request log can only be enabled using Log4j
2019-09-29 11:26:34,688 [main] INFO  http.HttpServer2 (HttpServer2.java:addGlobalFilter(975)) - Added global filter 'safety' (class=org.apache.hadoop.http.HttpServer2$QuotingInputFilter)
2019-09-29 11:26:34,689 [main] INFO  http.HttpServer2 (HttpServer2.java:addFilter(948)) - Added filter static_user_filter (class=org.apache.hadoop.http.lib.StaticUserWebFilter$StaticUserFilter) to context hddsDatanode
2019-09-29 11:26:34,689 [main] INFO  http.HttpServer2 (HttpServer2.java:addFilter(958)) - Added filter static_user_filter (class=org.apache.hadoop.http.lib.StaticUserWebFilter$StaticUserFilter) to context static
2019-09-29 11:26:34,689 [main] INFO  http.HttpServer2 (HttpServer2.java:addFilter(958)) - Added filter static_user_filter (class=org.apache.hadoop.http.lib.StaticUserWebFilter$StaticUserFilter) to context logs
2019-09-29 11:26:34,690 [main] INFO  http.HttpServer2 (HttpServer2.java:bindListener(1191)) - Jetty bound to port 38420
2019-09-29 11:26:34,690 [main] INFO  server.Server (Server.java:doStart(351)) - jetty-9.3.25.v20180904, build timestamp: 2018-09-04T21:11:46Z, git hash: 3ce520221d0240229c862b122d2b06c12a625732
2019-09-29 11:26:34,691 [main] INFO  handler.ContextHandler (ContextHandler.java:doStart(781)) - Started o.e.j.s.ServletContextHandler@62ea8931{/logs,file:///workdir/hadoop-ozone/integration-test/target/log,AVAILABLE}
2019-09-29 11:26:34,692 [main] INFO  handler.ContextHandler (ContextHandler.java:doStart(781)) - Started o.e.j.s.ServletContextHandler@2f8c4fae{/static,jar:file:/home/user/.m2/repository/org/apache/hadoop/hadoop-hdds-container-service/0.5.0-SNAPSHOT/hadoop-hdds-container-service-0.5.0-SNAPSHOT.jar!/webapps/static,AVAILABLE}
2019-09-29 11:26:34,719 [main] INFO  handler.ContextHandler (ContextHandler.java:doStart(781)) - Started o.e.j.w.WebAppContext@1be52861{/,file:///tmp/jetty-0.0.0.0-38420-hddsDatanode-_-any-2170766283366250771.dir/webapp/,AVAILABLE}{/hddsDatanode}
2019-09-29 11:26:34,719 [main] INFO  server.AbstractConnector (AbstractConnector.java:doStart(278)) - Started ServerConnector@5fb5ad40{HTTP/1.1,[http/1.1]}{0.0.0.0:38420}
2019-09-29 11:26:34,721 [main] INFO  server.Server (Server.java:doStart(419)) - Started @529309ms
2019-09-29 11:26:34,721 [main] WARN  impl.MetricsSystemImpl (MetricsSystemImpl.java:register(276)) - Sink prometheus already exists!
2019-09-29 11:26:34,722 [main] INFO  server.BaseHttpServer (BaseHttpServer.java:updateConnectorAddress(215)) - HTTP server of HDDSDATANODE is listening at http://0.0.0.0:38420
2019-09-29 11:26:34,722 [main] INFO  impl.MetricsSystemImpl (MetricsSystemImpl.java:init(158)) - HddsDatanode metrics system started (again)
2019-09-29 11:26:34,727 [org.apache.hadoop.util.JvmPauseMonitor$Monitor@3762382e] INFO  util.JvmPauseMonitor (JvmPauseMonitor.java:run(188)) - Starting JVM pause monitor
2019-09-29 11:26:34,729 [main] INFO  ozone.HddsDatanodeService (HddsDatanodeService.java:start(184)) - HddsDatanodeService host:pr-hdds-1569-lsfh5-224679870 ip:192.168.30.19
2019-09-29 11:26:34,729 [Datanode State Machine Thread - 0] INFO  datanode.InitDatanodeState (InitDatanodeState.java:persistContainerDatanodeDetails(140)) - DatanodeDetails is persisted to /workdir/hadoop-ozone/integration-test/target/test-dir/MiniOzoneClusterImpl-f848b852-1aaf-4c40-a29c-4c10b1dc7f95/datanode-3/meta/datanode.id
2019-09-29 11:26:34,735 [main] INFO  volume.HddsVolume (HddsVolume.java:<init>(176)) - Creating Volume: /workdir/hadoop-ozone/integration-test/target/test-dir/MiniOzoneClusterImpl-f848b852-1aaf-4c40-a29c-4c10b1dc7f95/datanode-4/data/containers/hdds of  storage type : DISK and capacity : 1482555576320
2019-09-29 11:26:34,735 [main] INFO  volume.VolumeSet (VolumeSet.java:initializeVolumeSet(170)) - Added Volume : /workdir/hadoop-ozone/integration-test/target/test-dir/MiniOzoneClusterImpl-f848b852-1aaf-4c40-a29c-4c10b1dc7f95/datanode-4/data/containers/hdds to VolumeSet
2019-09-29 11:26:34,735 [main] INFO  volume.ThrottledAsyncChecker (ThrottledAsyncChecker.java:schedule(139)) - Scheduling a check for org.apache.hadoop.ozone.container.common.volume.HddsVolume@50cbcca7
2019-09-29 11:26:34,736 [main] INFO  volume.HddsVolumeChecker (HddsVolumeChecker.java:checkAllVolumes(202)) - Scheduled health check for volume org.apache.hadoop.ozone.container.common.volume.HddsVolume@50cbcca7
2019-09-29 11:26:34,750 [main] INFO  impl.RaftServerProxy (ConfUtils.java:logGet(43)) - raft.rpc.type = GRPC (default)
2019-09-29 11:26:34,750 [main] INFO  grpc.GrpcFactory (GrpcFactory.java:checkPooledByteBufAllocatorUseCacheForAllThreads(45)) - PERFORMANCE WARNING: useCacheForAllThreads is true that may cause Netty to create a lot garbage objects and, as a result, trigger GC.
	It is recommended to disable useCacheForAllThreads by setting -Dorg.apache.ratis.thirdparty.io.netty.allocator.useCacheForAllThreads=false in command line.
2019-09-29 11:26:34,750 [main] INFO  grpc.GrpcConfigKeys$Server (ConfUtils.java:logGet(43)) - raft.grpc.server.port = 0 (default)
2019-09-29 11:26:34,750 [main] INFO  server.GrpcService (ConfUtils.java:logGet(43)) - raft.grpc.message.size.max = 33570816 (custom)
2019-09-29 11:26:34,750 [main] INFO  server.RaftServerConfigKeys (ConfUtils.java:logGet(43)) - raft.server.log.appender.buffer.byte-limit = 33554432 (custom)
2019-09-29 11:26:34,751 [main] INFO  server.GrpcService (ConfUtils.java:logGet(43)) - raft.grpc.flow.control.window = 1MB (=1048576) (default)
2019-09-29 11:26:34,751 [main] INFO  server.RaftServerConfigKeys (ConfUtils.java:logGet(43)) - raft.server.rpc.request.timeout = 3000ms (default)
2019-09-29 11:26:34,751 [main] INFO  server.RaftServerConfigKeys (ConfUtils.java:logGet(43)) - raft.server.storage.dir = [/workdir/hadoop-ozone/integration-test/target/test-dir/MiniOzoneClusterImpl-f848b852-1aaf-4c40-a29c-4c10b1dc7f95/datanode-4/data/ratis] (custom)
2019-09-29 11:26:34,752 [main] INFO  hdfs.DFSUtil (DFSUtil.java:httpServerTemplateForNNAndJN(1641)) - Starting Web-server for hddsDatanode at: http://0.0.0.0:0
2019-09-29 11:26:34,753 [main] INFO  server.AuthenticationFilter (AuthenticationFilter.java:constructSecretProvider(240)) - Unable to initialize FileSignerSecretProvider, falling back to use random secrets.
2019-09-29 11:26:34,754 [main] WARN  http.HttpRequestLog (HttpRequestLog.java:getRequestLog(97)) - Jetty request log can only be enabled using Log4j
2019-09-29 11:26:34,755 [main] INFO  http.HttpServer2 (HttpServer2.java:addGlobalFilter(975)) - Added global filter 'safety' (class=org.apache.hadoop.http.HttpServer2$QuotingInputFilter)
2019-09-29 11:26:34,756 [main] INFO  http.HttpServer2 (HttpServer2.java:addFilter(948)) - Added filter static_user_filter (class=org.apache.hadoop.http.lib.StaticUserWebFilter$StaticUserFilter) to context hddsDatanode
2019-09-29 11:26:34,756 [main] INFO  http.HttpServer2 (HttpServer2.java:addFilter(958)) - Added filter static_user_filter (class=org.apache.hadoop.http.lib.StaticUserWebFilter$StaticUserFilter) to context static
2019-09-29 11:26:34,756 [main] INFO  http.HttpServer2 (HttpServer2.java:addFilter(958)) - Added filter static_user_filter (class=org.apache.hadoop.http.lib.StaticUserWebFilter$StaticUserFilter) to context logs
2019-09-29 11:26:34,756 [main] INFO  http.HttpServer2 (HttpServer2.java:bindListener(1191)) - Jetty bound to port 44097
2019-09-29 11:26:34,757 [main] INFO  server.Server (Server.java:doStart(351)) - jetty-9.3.25.v20180904, build timestamp: 2018-09-04T21:11:46Z, git hash: 3ce520221d0240229c862b122d2b06c12a625732
2019-09-29 11:26:34,758 [main] INFO  handler.ContextHandler (ContextHandler.java:doStart(781)) - Started o.e.j.s.ServletContextHandler@6f15f52a{/logs,file:///workdir/hadoop-ozone/integration-test/target/log,AVAILABLE}
2019-09-29 11:26:34,758 [main] INFO  handler.ContextHandler (ContextHandler.java:doStart(781)) - Started o.e.j.s.ServletContextHandler@341c6ac2{/static,jar:file:/home/user/.m2/repository/org/apache/hadoop/hadoop-hdds-container-service/0.5.0-SNAPSHOT/hadoop-hdds-container-service-0.5.0-SNAPSHOT.jar!/webapps/static,AVAILABLE}
2019-09-29 11:26:34,782 [main] INFO  handler.ContextHandler (ContextHandler.java:doStart(781)) - Started o.e.j.w.WebAppContext@4b28a7bf{/,file:///tmp/jetty-0.0.0.0-44097-hddsDatanode-_-any-5193163639600880027.dir/webapp/,AVAILABLE}{/hddsDatanode}
2019-09-29 11:26:34,782 [main] INFO  server.AbstractConnector (AbstractConnector.java:doStart(278)) - Started ServerConnector@d36c1c3{HTTP/1.1,[http/1.1]}{0.0.0.0:44097}
2019-09-29 11:26:34,782 [main] INFO  server.Server (Server.java:doStart(419)) - Started @529370ms
2019-09-29 11:26:34,784 [main] WARN  impl.MetricsSystemImpl (MetricsSystemImpl.java:register(276)) - Sink prometheus already exists!
2019-09-29 11:26:34,785 [main] INFO  server.BaseHttpServer (BaseHttpServer.java:updateConnectorAddress(215)) - HTTP server of HDDSDATANODE is listening at http://0.0.0.0:44097
2019-09-29 11:26:34,785 [main] INFO  impl.MetricsSystemImpl (MetricsSystemImpl.java:init(158)) - HddsDatanode metrics system started (again)
2019-09-29 11:26:34,791 [org.apache.hadoop.util.JvmPauseMonitor$Monitor@33cdb9d2] INFO  util.JvmPauseMonitor (JvmPauseMonitor.java:run(188)) - Starting JVM pause monitor
2019-09-29 11:26:34,792 [main] INFO  ozone.HddsDatanodeService (HddsDatanodeService.java:start(184)) - HddsDatanodeService host:pr-hdds-1569-lsfh5-224679870 ip:192.168.30.19
2019-09-29 11:26:34,793 [Datanode State Machine Thread - 0] INFO  datanode.InitDatanodeState (InitDatanodeState.java:persistContainerDatanodeDetails(140)) - DatanodeDetails is persisted to /workdir/hadoop-ozone/integration-test/target/test-dir/MiniOzoneClusterImpl-f848b852-1aaf-4c40-a29c-4c10b1dc7f95/datanode-4/meta/datanode.id
2019-09-29 11:26:34,799 [main] INFO  volume.HddsVolume (HddsVolume.java:<init>(176)) - Creating Volume: /workdir/hadoop-ozone/integration-test/target/test-dir/MiniOzoneClusterImpl-f848b852-1aaf-4c40-a29c-4c10b1dc7f95/datanode-5/data/containers/hdds of  storage type : DISK and capacity : 1482555576320
2019-09-29 11:26:34,800 [main] INFO  volume.VolumeSet (VolumeSet.java:initializeVolumeSet(170)) - Added Volume : /workdir/hadoop-ozone/integration-test/target/test-dir/MiniOzoneClusterImpl-f848b852-1aaf-4c40-a29c-4c10b1dc7f95/datanode-5/data/containers/hdds to VolumeSet
2019-09-29 11:26:34,800 [main] INFO  volume.ThrottledAsyncChecker (ThrottledAsyncChecker.java:schedule(139)) - Scheduling a check for org.apache.hadoop.ozone.container.common.volume.HddsVolume@1304e0d7
2019-09-29 11:26:34,800 [main] INFO  volume.HddsVolumeChecker (HddsVolumeChecker.java:checkAllVolumes(202)) - Scheduled health check for volume org.apache.hadoop.ozone.container.common.volume.HddsVolume@1304e0d7
2019-09-29 11:26:34,818 [main] INFO  impl.RaftServerProxy (ConfUtils.java:logGet(43)) - raft.rpc.type = GRPC (default)
2019-09-29 11:26:34,819 [main] INFO  grpc.GrpcFactory (GrpcFactory.java:checkPooledByteBufAllocatorUseCacheForAllThreads(45)) - PERFORMANCE WARNING: useCacheForAllThreads is true that may cause Netty to create a lot garbage objects and, as a result, trigger GC.
	It is recommended to disable useCacheForAllThreads by setting -Dorg.apache.ratis.thirdparty.io.netty.allocator.useCacheForAllThreads=false in command line.
2019-09-29 11:26:34,819 [main] INFO  grpc.GrpcConfigKeys$Server (ConfUtils.java:logGet(43)) - raft.grpc.server.port = 0 (default)
2019-09-29 11:26:34,819 [main] INFO  server.GrpcService (ConfUtils.java:logGet(43)) - raft.grpc.message.size.max = 33570816 (custom)
2019-09-29 11:26:34,819 [main] INFO  server.RaftServerConfigKeys (ConfUtils.java:logGet(43)) - raft.server.log.appender.buffer.byte-limit = 33554432 (custom)
2019-09-29 11:26:34,819 [main] INFO  server.GrpcService (ConfUtils.java:logGet(43)) - raft.grpc.flow.control.window = 1MB (=1048576) (default)
2019-09-29 11:26:34,820 [main] INFO  server.RaftServerConfigKeys (ConfUtils.java:logGet(43)) - raft.server.rpc.request.timeout = 3000ms (default)
2019-09-29 11:26:34,820 [main] INFO  server.RaftServerConfigKeys (ConfUtils.java:logGet(43)) - raft.server.storage.dir = [/workdir/hadoop-ozone/integration-test/target/test-dir/MiniOzoneClusterImpl-f848b852-1aaf-4c40-a29c-4c10b1dc7f95/datanode-5/data/ratis] (custom)
2019-09-29 11:26:34,822 [main] INFO  hdfs.DFSUtil (DFSUtil.java:httpServerTemplateForNNAndJN(1641)) - Starting Web-server for hddsDatanode at: http://0.0.0.0:0
2019-09-29 11:26:34,824 [main] INFO  server.AuthenticationFilter (AuthenticationFilter.java:constructSecretProvider(240)) - Unable to initialize FileSignerSecretProvider, falling back to use random secrets.
2019-09-29 11:26:34,824 [main] WARN  http.HttpRequestLog (HttpRequestLog.java:getRequestLog(97)) - Jetty request log can only be enabled using Log4j
2019-09-29 11:26:34,826 [main] INFO  http.HttpServer2 (HttpServer2.java:addGlobalFilter(975)) - Added global filter 'safety' (class=org.apache.hadoop.http.HttpServer2$QuotingInputFilter)
2019-09-29 11:26:34,827 [main] INFO  http.HttpServer2 (HttpServer2.java:addFilter(948)) - Added filter static_user_filter (class=org.apache.hadoop.http.lib.StaticUserWebFilter$StaticUserFilter) to context hddsDatanode
2019-09-29 11:26:34,827 [main] INFO  http.HttpServer2 (HttpServer2.java:addFilter(958)) - Added filter static_user_filter (class=org.apache.hadoop.http.lib.StaticUserWebFilter$StaticUserFilter) to context logs
2019-09-29 11:26:34,827 [main] INFO  http.HttpServer2 (HttpServer2.java:addFilter(958)) - Added filter static_user_filter (class=org.apache.hadoop.http.lib.StaticUserWebFilter$StaticUserFilter) to context static
2019-09-29 11:26:34,828 [main] INFO  http.HttpServer2 (HttpServer2.java:bindListener(1191)) - Jetty bound to port 46621
2019-09-29 11:26:34,828 [main] INFO  server.Server (Server.java:doStart(351)) - jetty-9.3.25.v20180904, build timestamp: 2018-09-04T21:11:46Z, git hash: 3ce520221d0240229c862b122d2b06c12a625732
2019-09-29 11:26:34,830 [main] INFO  handler.ContextHandler (ContextHandler.java:doStart(781)) - Started o.e.j.s.ServletContextHandler@c14e5a5{/logs,file:///workdir/hadoop-ozone/integration-test/target/log,AVAILABLE}
2019-09-29 11:26:34,830 [main] INFO  handler.ContextHandler (ContextHandler.java:doStart(781)) - Started o.e.j.s.ServletContextHandler@6206b4a7{/static,jar:file:/home/user/.m2/repository/org/apache/hadoop/hadoop-hdds-container-service/0.5.0-SNAPSHOT/hadoop-hdds-container-service-0.5.0-SNAPSHOT.jar!/webapps/static,AVAILABLE}
2019-09-29 11:26:34,855 [main] INFO  handler.ContextHandler (ContextHandler.java:doStart(781)) - Started o.e.j.w.WebAppContext@37314843{/,file:///tmp/jetty-0.0.0.0-46621-hddsDatanode-_-any-7079184972168260364.dir/webapp/,AVAILABLE}{/hddsDatanode}
2019-09-29 11:26:34,855 [main] INFO  server.AbstractConnector (AbstractConnector.java:doStart(278)) - Started ServerConnector@50122012{HTTP/1.1,[http/1.1]}{0.0.0.0:46621}
2019-09-29 11:26:34,858 [main] INFO  server.Server (Server.java:doStart(419)) - Started @529446ms
2019-09-29 11:26:34,858 [main] WARN  impl.MetricsSystemImpl (MetricsSystemImpl.java:register(276)) - Sink prometheus already exists!
2019-09-29 11:26:34,859 [main] INFO  server.BaseHttpServer (BaseHttpServer.java:updateConnectorAddress(215)) - HTTP server of HDDSDATANODE is listening at http://0.0.0.0:46621
2019-09-29 11:26:34,859 [main] INFO  impl.MetricsSystemImpl (MetricsSystemImpl.java:init(158)) - HddsDatanode metrics system started (again)
2019-09-29 11:26:34,866 [org.apache.hadoop.util.JvmPauseMonitor$Monitor@42914df4] INFO  util.JvmPauseMonitor (JvmPauseMonitor.java:run(188)) - Starting JVM pause monitor
2019-09-29 11:26:34,867 [main] INFO  ozone.HddsDatanodeService (HddsDatanodeService.java:start(184)) - HddsDatanodeService host:pr-hdds-1569-lsfh5-224679870 ip:192.168.30.19
2019-09-29 11:26:34,868 [Datanode State Machine Thread - 0] INFO  datanode.InitDatanodeState (InitDatanodeState.java:persistContainerDatanodeDetails(140)) - DatanodeDetails is persisted to /workdir/hadoop-ozone/integration-test/target/test-dir/MiniOzoneClusterImpl-f848b852-1aaf-4c40-a29c-4c10b1dc7f95/datanode-5/meta/datanode.id
2019-09-29 11:26:34,874 [main] INFO  volume.HddsVolume (HddsVolume.java:<init>(176)) - Creating Volume: /workdir/hadoop-ozone/integration-test/target/test-dir/MiniOzoneClusterImpl-f848b852-1aaf-4c40-a29c-4c10b1dc7f95/datanode-6/data/containers/hdds of  storage type : DISK and capacity : 1482555576320
2019-09-29 11:26:34,874 [main] INFO  volume.VolumeSet (VolumeSet.java:initializeVolumeSet(170)) - Added Volume : /workdir/hadoop-ozone/integration-test/target/test-dir/MiniOzoneClusterImpl-f848b852-1aaf-4c40-a29c-4c10b1dc7f95/datanode-6/data/containers/hdds to VolumeSet
2019-09-29 11:26:34,875 [main] INFO  volume.ThrottledAsyncChecker (ThrottledAsyncChecker.java:schedule(139)) - Scheduling a check for org.apache.hadoop.ozone.container.common.volume.HddsVolume@4ea1aa52
2019-09-29 11:26:34,875 [main] INFO  volume.HddsVolumeChecker (HddsVolumeChecker.java:checkAllVolumes(202)) - Scheduled health check for volume org.apache.hadoop.ozone.container.common.volume.HddsVolume@4ea1aa52
2019-09-29 11:26:34,896 [main] INFO  impl.RaftServerProxy (ConfUtils.java:logGet(43)) - raft.rpc.type = GRPC (default)
2019-09-29 11:26:34,896 [main] INFO  grpc.GrpcFactory (GrpcFactory.java:checkPooledByteBufAllocatorUseCacheForAllThreads(45)) - PERFORMANCE WARNING: useCacheForAllThreads is true that may cause Netty to create a lot garbage objects and, as a result, trigger GC.
	It is recommended to disable useCacheForAllThreads by setting -Dorg.apache.ratis.thirdparty.io.netty.allocator.useCacheForAllThreads=false in command line.
2019-09-29 11:26:34,896 [main] INFO  grpc.GrpcConfigKeys$Server (ConfUtils.java:logGet(43)) - raft.grpc.server.port = 0 (default)
2019-09-29 11:26:34,897 [main] INFO  server.GrpcService (ConfUtils.java:logGet(43)) - raft.grpc.message.size.max = 33570816 (custom)
2019-09-29 11:26:34,897 [main] INFO  server.RaftServerConfigKeys (ConfUtils.java:logGet(43)) - raft.server.log.appender.buffer.byte-limit = 33554432 (custom)
2019-09-29 11:26:34,897 [main] INFO  server.GrpcService (ConfUtils.java:logGet(43)) - raft.grpc.flow.control.window = 1MB (=1048576) (default)
2019-09-29 11:26:34,898 [main] INFO  server.RaftServerConfigKeys (ConfUtils.java:logGet(43)) - raft.server.rpc.request.timeout = 3000ms (default)
2019-09-29 11:26:34,898 [main] INFO  server.RaftServerConfigKeys (ConfUtils.java:logGet(43)) - raft.server.storage.dir = [/workdir/hadoop-ozone/integration-test/target/test-dir/MiniOzoneClusterImpl-f848b852-1aaf-4c40-a29c-4c10b1dc7f95/datanode-6/data/ratis] (custom)
2019-09-29 11:26:34,900 [main] INFO  hdfs.DFSUtil (DFSUtil.java:httpServerTemplateForNNAndJN(1641)) - Starting Web-server for hddsDatanode at: http://0.0.0.0:0
2019-09-29 11:26:34,901 [main] INFO  server.AuthenticationFilter (AuthenticationFilter.java:constructSecretProvider(240)) - Unable to initialize FileSignerSecretProvider, falling back to use random secrets.
2019-09-29 11:26:34,902 [main] WARN  http.HttpRequestLog (HttpRequestLog.java:getRequestLog(97)) - Jetty request log can only be enabled using Log4j
2019-09-29 11:26:34,904 [main] INFO  http.HttpServer2 (HttpServer2.java:addGlobalFilter(975)) - Added global filter 'safety' (class=org.apache.hadoop.http.HttpServer2$QuotingInputFilter)
2019-09-29 11:26:34,905 [main] INFO  http.HttpServer2 (HttpServer2.java:addFilter(948)) - Added filter static_user_filter (class=org.apache.hadoop.http.lib.StaticUserWebFilter$StaticUserFilter) to context hddsDatanode
2019-09-29 11:26:34,905 [main] INFO  http.HttpServer2 (HttpServer2.java:addFilter(958)) - Added filter static_user_filter (class=org.apache.hadoop.http.lib.StaticUserWebFilter$StaticUserFilter) to context static
2019-09-29 11:26:34,905 [main] INFO  http.HttpServer2 (HttpServer2.java:addFilter(958)) - Added filter static_user_filter (class=org.apache.hadoop.http.lib.StaticUserWebFilter$StaticUserFilter) to context logs
2019-09-29 11:26:34,906 [main] INFO  http.HttpServer2 (HttpServer2.java:bindListener(1191)) - Jetty bound to port 35298
2019-09-29 11:26:34,906 [main] INFO  server.Server (Server.java:doStart(351)) - jetty-9.3.25.v20180904, build timestamp: 2018-09-04T21:11:46Z, git hash: 3ce520221d0240229c862b122d2b06c12a625732
2019-09-29 11:26:34,907 [main] INFO  handler.ContextHandler (ContextHandler.java:doStart(781)) - Started o.e.j.s.ServletContextHandler@6af78a48{/logs,file:///workdir/hadoop-ozone/integration-test/target/log,AVAILABLE}
2019-09-29 11:26:34,908 [main] INFO  handler.ContextHandler (ContextHandler.java:doStart(781)) - Started o.e.j.s.ServletContextHandler@4c24f3a2{/static,jar:file:/home/user/.m2/repository/org/apache/hadoop/hadoop-hdds-container-service/0.5.0-SNAPSHOT/hadoop-hdds-container-service-0.5.0-SNAPSHOT.jar!/webapps/static,AVAILABLE}
2019-09-29 11:26:34,945 [main] INFO  handler.ContextHandler (ContextHandler.java:doStart(781)) - Started o.e.j.w.WebAppContext@23ad2d17{/,file:///tmp/jetty-0.0.0.0-35298-hddsDatanode-_-any-2936764270360107065.dir/webapp/,AVAILABLE}{/hddsDatanode}
2019-09-29 11:26:34,945 [main] INFO  server.AbstractConnector (AbstractConnector.java:doStart(278)) - Started ServerConnector@6bce4140{HTTP/1.1,[http/1.1]}{0.0.0.0:35298}
2019-09-29 11:26:34,952 [main] INFO  server.Server (Server.java:doStart(419)) - Started @529540ms
2019-09-29 11:26:34,952 [main] WARN  impl.MetricsSystemImpl (MetricsSystemImpl.java:register(276)) - Sink prometheus already exists!
2019-09-29 11:26:34,953 [main] INFO  server.BaseHttpServer (BaseHttpServer.java:updateConnectorAddress(215)) - HTTP server of HDDSDATANODE is listening at http://0.0.0.0:35298
2019-09-29 11:26:34,954 [main] INFO  ozone.MiniOzoneClusterImpl (MiniOzoneClusterImpl.java:lambda$waitForClusterToBeReady$0(147)) - Waiting for cluster to be ready. Got 0 of 7 DN Heartbeats.
2019-09-29 11:26:34,955 [org.apache.hadoop.util.JvmPauseMonitor$Monitor@57f043fd] INFO  util.JvmPauseMonitor (JvmPauseMonitor.java:run(188)) - Starting JVM pause monitor
2019-09-29 11:26:34,956 [Datanode State Machine Thread - 0] INFO  datanode.InitDatanodeState (InitDatanodeState.java:persistContainerDatanodeDetails(140)) - DatanodeDetails is persisted to /workdir/hadoop-ozone/integration-test/target/test-dir/MiniOzoneClusterImpl-f848b852-1aaf-4c40-a29c-4c10b1dc7f95/datanode-6/meta/datanode.id
2019-09-29 11:26:35,954 [main] INFO  ozone.MiniOzoneClusterImpl (MiniOzoneClusterImpl.java:lambda$waitForClusterToBeReady$0(147)) - Waiting for cluster to be ready. Got 0 of 7 DN Heartbeats.
2019-09-29 11:26:36,527 [Datanode State Machine Thread - 0] INFO  ozoneimpl.OzoneContainer (OzoneContainer.java:start(217)) - Attempting to start container services.
2019-09-29 11:26:36,527 [Datanode State Machine Thread - 0] INFO  ozoneimpl.OzoneContainer (OzoneContainer.java:startContainerScrub(179)) - Background container scanner has been disabled.
2019-09-29 11:26:36,527 [Datanode State Machine Thread - 0] INFO  ratis.XceiverServerRatis (XceiverServerRatis.java:start(411)) - Starting XceiverServerRatis 59ec8f59-497a-428b-8454-a1dbaa70abd6 at port 0
2019-09-29 11:26:36,533 [Datanode State Machine Thread - 0] INFO  impl.RaftServerProxy (RaftServerProxy.java:lambda$start$3(299)) - 59ec8f59-497a-428b-8454-a1dbaa70abd6: start RPC server
2019-09-29 11:26:36,536 [Datanode State Machine Thread - 0] INFO  server.GrpcService (GrpcService.java:startImpl(158)) - 59ec8f59-497a-428b-8454-a1dbaa70abd6: GrpcService started, listening on 0.0.0.0/0.0.0.0:34609
2019-09-29 11:26:36,536 [Datanode State Machine Thread - 0] INFO  ratis.XceiverServerRatis (XceiverServerRatis.java:start(421)) - XceiverServerRatis 59ec8f59-497a-428b-8454-a1dbaa70abd6 is started using port 34609
2019-09-29 11:26:36,537 [Datanode State Machine Thread - 0] INFO  server.XceiverServerGrpc (XceiverServerGrpc.java:start(149)) - XceiverServerGrpc 59ec8f59-497a-428b-8454-a1dbaa70abd6 is started using port 45916
2019-09-29 11:26:36,588 [Datanode State Machine Thread - 0] INFO  ozoneimpl.OzoneContainer (OzoneContainer.java:start(217)) - Attempting to start container services.
2019-09-29 11:26:36,589 [Datanode State Machine Thread - 0] INFO  ozoneimpl.OzoneContainer (OzoneContainer.java:startContainerScrub(179)) - Background container scanner has been disabled.
2019-09-29 11:26:36,589 [Datanode State Machine Thread - 0] INFO  ratis.XceiverServerRatis (XceiverServerRatis.java:start(411)) - Starting XceiverServerRatis d7821b28-18a7-4460-b735-be2c20024ab7 at port 0
2019-09-29 11:26:36,595 [Datanode State Machine Thread - 0] INFO  impl.RaftServerProxy (RaftServerProxy.java:lambda$start$3(299)) - d7821b28-18a7-4460-b735-be2c20024ab7: start RPC server
2019-09-29 11:26:36,596 [Datanode State Machine Thread - 0] INFO  server.GrpcService (GrpcService.java:startImpl(158)) - d7821b28-18a7-4460-b735-be2c20024ab7: GrpcService started, listening on 0.0.0.0/0.0.0.0:45148
2019-09-29 11:26:36,596 [Datanode State Machine Thread - 0] INFO  ratis.XceiverServerRatis (XceiverServerRatis.java:start(421)) - XceiverServerRatis d7821b28-18a7-4460-b735-be2c20024ab7 is started using port 45148
2019-09-29 11:26:36,599 [Datanode State Machine Thread - 0] INFO  server.XceiverServerGrpc (XceiverServerGrpc.java:start(149)) - XceiverServerGrpc d7821b28-18a7-4460-b735-be2c20024ab7 is started using port 38752
2019-09-29 11:26:36,680 [Datanode State Machine Thread - 0] INFO  ozoneimpl.OzoneContainer (OzoneContainer.java:start(217)) - Attempting to start container services.
2019-09-29 11:26:36,680 [Datanode State Machine Thread - 0] INFO  ozoneimpl.OzoneContainer (OzoneContainer.java:startContainerScrub(179)) - Background container scanner has been disabled.
2019-09-29 11:26:36,680 [Datanode State Machine Thread - 0] INFO  ratis.XceiverServerRatis (XceiverServerRatis.java:start(411)) - Starting XceiverServerRatis 266f4e38-b438-4944-8569-530d2ae5f6fc at port 0
2019-09-29 11:26:36,686 [Datanode State Machine Thread - 0] INFO  impl.RaftServerProxy (RaftServerProxy.java:lambda$start$3(299)) - 266f4e38-b438-4944-8569-530d2ae5f6fc: start RPC server
2019-09-29 11:26:36,689 [Datanode State Machine Thread - 0] INFO  server.GrpcService (GrpcService.java:startImpl(158)) - 266f4e38-b438-4944-8569-530d2ae5f6fc: GrpcService started, listening on 0.0.0.0/0.0.0.0:46645
2019-09-29 11:26:36,689 [Datanode State Machine Thread - 0] INFO  ratis.XceiverServerRatis (XceiverServerRatis.java:start(421)) - XceiverServerRatis 266f4e38-b438-4944-8569-530d2ae5f6fc is started using port 46645
2019-09-29 11:26:36,691 [Datanode State Machine Thread - 0] INFO  server.XceiverServerGrpc (XceiverServerGrpc.java:start(149)) - XceiverServerGrpc 266f4e38-b438-4944-8569-530d2ae5f6fc is started using port 46096
2019-09-29 11:26:36,760 [Datanode State Machine Thread - 0] INFO  ozoneimpl.OzoneContainer (OzoneContainer.java:start(217)) - Attempting to start container services.
2019-09-29 11:26:36,761 [Datanode State Machine Thread - 0] INFO  ozoneimpl.OzoneContainer (OzoneContainer.java:startContainerScrub(179)) - Background container scanner has been disabled.
2019-09-29 11:26:36,761 [Datanode State Machine Thread - 0] INFO  ratis.XceiverServerRatis (XceiverServerRatis.java:start(411)) - Starting XceiverServerRatis c5175ad5-525e-4c2e-832b-1ca15aa9c500 at port 0
2019-09-29 11:26:36,767 [Datanode State Machine Thread - 0] INFO  impl.RaftServerProxy (RaftServerProxy.java:lambda$start$3(299)) - c5175ad5-525e-4c2e-832b-1ca15aa9c500: start RPC server
2019-09-29 11:26:36,770 [Datanode State Machine Thread - 0] INFO  server.GrpcService (GrpcService.java:startImpl(158)) - c5175ad5-525e-4c2e-832b-1ca15aa9c500: GrpcService started, listening on 0.0.0.0/0.0.0.0:40504
2019-09-29 11:26:36,770 [Datanode State Machine Thread - 0] INFO  ratis.XceiverServerRatis (XceiverServerRatis.java:start(421)) - XceiverServerRatis c5175ad5-525e-4c2e-832b-1ca15aa9c500 is started using port 40504
2019-09-29 11:26:36,771 [Datanode State Machine Thread - 0] INFO  server.XceiverServerGrpc (XceiverServerGrpc.java:start(149)) - XceiverServerGrpc c5175ad5-525e-4c2e-832b-1ca15aa9c500 is started using port 35622
2019-09-29 11:26:36,814 [Datanode State Machine Thread - 0] INFO  ozoneimpl.OzoneContainer (OzoneContainer.java:start(217)) - Attempting to start container services.
2019-09-29 11:26:36,814 [Datanode State Machine Thread - 0] INFO  ozoneimpl.OzoneContainer (OzoneContainer.java:startContainerScrub(179)) - Background container scanner has been disabled.
2019-09-29 11:26:36,814 [Datanode State Machine Thread - 0] INFO  ratis.XceiverServerRatis (XceiverServerRatis.java:start(411)) - Starting XceiverServerRatis f44bf8a9-87e1-4667-ad7c-2a8437d94769 at port 0
2019-09-29 11:26:36,821 [Datanode State Machine Thread - 0] INFO  impl.RaftServerProxy (RaftServerProxy.java:lambda$start$3(299)) - f44bf8a9-87e1-4667-ad7c-2a8437d94769: start RPC server
2019-09-29 11:26:36,823 [Datanode State Machine Thread - 0] INFO  server.GrpcService (GrpcService.java:startImpl(158)) - f44bf8a9-87e1-4667-ad7c-2a8437d94769: GrpcService started, listening on 0.0.0.0/0.0.0.0:33034
2019-09-29 11:26:36,824 [Datanode State Machine Thread - 0] INFO  ratis.XceiverServerRatis (XceiverServerRatis.java:start(421)) - XceiverServerRatis f44bf8a9-87e1-4667-ad7c-2a8437d94769 is started using port 33034
2019-09-29 11:26:36,824 [Datanode State Machine Thread - 0] INFO  server.XceiverServerGrpc (XceiverServerGrpc.java:start(149)) - XceiverServerGrpc f44bf8a9-87e1-4667-ad7c-2a8437d94769 is started using port 45190
2019-09-29 11:26:36,890 [Datanode State Machine Thread - 0] INFO  ozoneimpl.OzoneContainer (OzoneContainer.java:start(217)) - Attempting to start container services.
2019-09-29 11:26:36,890 [Datanode State Machine Thread - 0] INFO  ozoneimpl.OzoneContainer (OzoneContainer.java:startContainerScrub(179)) - Background container scanner has been disabled.
2019-09-29 11:26:36,890 [Datanode State Machine Thread - 0] INFO  ratis.XceiverServerRatis (XceiverServerRatis.java:start(411)) - Starting XceiverServerRatis 4e0eb492-2f27-4933-a922-d474540ed45d at port 0
2019-09-29 11:26:36,895 [Datanode State Machine Thread - 0] INFO  impl.RaftServerProxy (RaftServerProxy.java:lambda$start$3(299)) - 4e0eb492-2f27-4933-a922-d474540ed45d: start RPC server
2019-09-29 11:26:36,898 [Datanode State Machine Thread - 0] INFO  server.GrpcService (GrpcService.java:startImpl(158)) - 4e0eb492-2f27-4933-a922-d474540ed45d: GrpcService started, listening on 0.0.0.0/0.0.0.0:40185
2019-09-29 11:26:36,898 [Datanode State Machine Thread - 0] INFO  ratis.XceiverServerRatis (XceiverServerRatis.java:start(421)) - XceiverServerRatis 4e0eb492-2f27-4933-a922-d474540ed45d is started using port 40185
2019-09-29 11:26:36,898 [Datanode State Machine Thread - 0] INFO  server.XceiverServerGrpc (XceiverServerGrpc.java:start(149)) - XceiverServerGrpc 4e0eb492-2f27-4933-a922-d474540ed45d is started using port 42161
2019-09-29 11:26:36,955 [main] INFO  ozone.MiniOzoneClusterImpl (MiniOzoneClusterImpl.java:lambda$waitForClusterToBeReady$0(147)) - Waiting for cluster to be ready. Got 0 of 7 DN Heartbeats.
2019-09-29 11:26:36,979 [Datanode State Machine Thread - 0] INFO  ozoneimpl.OzoneContainer (OzoneContainer.java:start(217)) - Attempting to start container services.
2019-09-29 11:26:36,979 [Datanode State Machine Thread - 0] INFO  ozoneimpl.OzoneContainer (OzoneContainer.java:startContainerScrub(179)) - Background container scanner has been disabled.
2019-09-29 11:26:36,979 [Datanode State Machine Thread - 0] INFO  ratis.XceiverServerRatis (XceiverServerRatis.java:start(411)) - Starting XceiverServerRatis d159c37b-b711-4359-a4a4-9378c4f165f9 at port 0
2019-09-29 11:26:36,985 [Datanode State Machine Thread - 0] INFO  impl.RaftServerProxy (RaftServerProxy.java:lambda$start$3(299)) - d159c37b-b711-4359-a4a4-9378c4f165f9: start RPC server
2019-09-29 11:26:36,986 [Datanode State Machine Thread - 0] INFO  server.GrpcService (GrpcService.java:startImpl(158)) - d159c37b-b711-4359-a4a4-9378c4f165f9: GrpcService started, listening on 0.0.0.0/0.0.0.0:42378
2019-09-29 11:26:36,986 [Datanode State Machine Thread - 0] INFO  ratis.XceiverServerRatis (XceiverServerRatis.java:start(421)) - XceiverServerRatis d159c37b-b711-4359-a4a4-9378c4f165f9 is started using port 42378
2019-09-29 11:26:36,996 [Datanode State Machine Thread - 0] INFO  server.XceiverServerGrpc (XceiverServerGrpc.java:start(149)) - XceiverServerGrpc d159c37b-b711-4359-a4a4-9378c4f165f9 is started using port 45626
2019-09-29 11:26:37,955 [main] INFO  ozone.MiniOzoneClusterImpl (MiniOzoneClusterImpl.java:lambda$waitForClusterToBeReady$0(147)) - Waiting for cluster to be ready. Got 0 of 7 DN Heartbeats.
2019-09-29 11:26:38,497 [IPC Server handler 6 on 46808] INFO  net.NetworkTopology (NetworkTopologyImpl.java:add(111)) - Added a new node: /default-rack/59ec8f59-497a-428b-8454-a1dbaa70abd6
2019-09-29 11:26:38,501 [IPC Server handler 6 on 46808] INFO  node.SCMNodeManager (SCMNodeManager.java:register(266)) - Registered Data node : 59ec8f59-497a-428b-8454-a1dbaa70abd6{ip: 192.168.30.19, host: pr-hdds-1569-lsfh5-224679870, networkLocation: /default-rack, certSerialId: null}
2019-09-29 11:26:38,502 [EventQueue-NodeRegistrationContainerReportForDataNodeSafeModeRule] INFO  safemode.SCMSafeModeManager (DataNodeSafeModeRule.java:process(71)) - SCM in safe mode. 1 DataNodes registered, 1 required.
2019-09-29 11:26:38,505 [EventQueue-NodeRegistrationContainerReportForDataNodeSafeModeRule] INFO  safemode.SCMSafeModeManager (SCMSafeModeManager.java:validateSafeModeExitRules(177)) - ScmSafeModeManager, all rules are successfully validated
2019-09-29 11:26:38,505 [EventQueue-NodeRegistrationContainerReportForDataNodeSafeModeRule] INFO  safemode.SCMSafeModeManager (SCMSafeModeManager.java:exitSafeMode(193)) - SCM exiting safe mode.
2019-09-29 11:26:38,515 [grpc-default-executor-19] INFO  impl.RaftServerProxy (RaftServerProxy.java:addNew(89)) - 59ec8f59-497a-428b-8454-a1dbaa70abd6: addNew group-0B6B9429C27D:[59ec8f59-497a-428b-8454-a1dbaa70abd6:192.168.30.19:34609] returns group-0B6B9429C27D:java.util.concurrent.CompletableFuture@5aedb4d0[Not completed]
2019-09-29 11:26:38,517 [pool-408-thread-1] INFO  impl.RaftServerImpl (RaftServerImpl.java:<init>(95)) - 59ec8f59-497a-428b-8454-a1dbaa70abd6: new RaftServerImpl for group-0B6B9429C27D:[59ec8f59-497a-428b-8454-a1dbaa70abd6:192.168.30.19:34609] with ContainerStateMachine:uninitialized
2019-09-29 11:26:38,517 [pool-408-thread-1] INFO  server.RaftServerConfigKeys (ConfUtils.java:logGet(43)) - raft.server.rpc.timeout.min = 5s (custom)
2019-09-29 11:26:38,517 [pool-408-thread-1] INFO  server.RaftServerConfigKeys (ConfUtils.java:logGet(43)) - raft.server.rpc.timeout.max = 5200ms (custom)
2019-09-29 11:26:38,518 [pool-408-thread-1] INFO  server.RaftServerConfigKeys (ConfUtils.java:logGet(43)) - raft.server.rpcslowness.timeout = 120s (custom)
2019-09-29 11:26:38,518 [pool-408-thread-1] INFO  server.RaftServerConfigKeys (ConfUtils.java:logGet(43)) - raft.server.sleep.deviation.threshold = 300 (default)
2019-09-29 11:26:38,518 [pool-408-thread-1] INFO  server.RaftServerConfigKeys (ConfUtils.java:logGet(43)) - raft.server.log.appender.install.snapshot.enabled = false (custom)
2019-09-29 11:26:38,518 [pool-408-thread-1] INFO  impl.RaftServerImpl (ServerState.java:<init>(103)) - 59ec8f59-497a-428b-8454-a1dbaa70abd6@group-0B6B9429C27D: ConfigurationManager, init=-1: [59ec8f59-497a-428b-8454-a1dbaa70abd6:192.168.30.19:34609], old=null, confs=<EMPTY_MAP>
2019-09-29 11:26:38,518 [pool-408-thread-1] INFO  server.RaftServerConfigKeys (ConfUtils.java:logGet(43)) - raft.server.storage.dir = [/workdir/hadoop-ozone/integration-test/target/test-dir/MiniOzoneClusterImpl-f848b852-1aaf-4c40-a29c-4c10b1dc7f95/datanode-0/data/ratis] (custom)
2019-09-29 11:26:38,519 [pool-408-thread-1] INFO  storage.RaftStorageDirectory (RaftStorageDirectory.java:analyzeStorage(246)) - The storage directory /workdir/hadoop-ozone/integration-test/target/test-dir/MiniOzoneClusterImpl-f848b852-1aaf-4c40-a29c-4c10b1dc7f95/datanode-0/data/ratis/865a4569-27b5-4d72-a980-0b6b9429c27d does not exist. Creating ...
2019-09-29 11:26:38,542 [pool-408-thread-1] INFO  storage.RaftStorageDirectory (RaftStorageDirectory.java:tryLock(328)) - Lock on /workdir/hadoop-ozone/integration-test/target/test-dir/MiniOzoneClusterImpl-f848b852-1aaf-4c40-a29c-4c10b1dc7f95/datanode-0/data/ratis/865a4569-27b5-4d72-a980-0b6b9429c27d/in_use.lock acquired by nodename 31535@pr-hdds-1569-lsfh5-224679870
2019-09-29 11:26:38,564 [pool-408-thread-1] INFO  storage.RaftStorage (RaftStorage.java:format(72)) - Storage directory /workdir/hadoop-ozone/integration-test/target/test-dir/MiniOzoneClusterImpl-f848b852-1aaf-4c40-a29c-4c10b1dc7f95/datanode-0/data/ratis/865a4569-27b5-4d72-a980-0b6b9429c27d has been successfully formatted.
2019-09-29 11:26:38,564 [pool-408-thread-1] INFO  ratis.ContainerStateMachine (ContainerStateMachine.java:loadSnapshot(230)) - group-0B6B9429C27D: The snapshot info is null. Setting the last applied indexto:(t:0, i:~)
2019-09-29 11:26:38,564 [pool-408-thread-1] INFO  server.RaftServerConfigKeys (ConfUtils.java:logGet(43)) - raft.server.notification.no-leader.timeout = 120s (custom)
2019-09-29 11:26:38,565 [pool-408-thread-1] INFO  server.RaftServerConfigKeys (ConfUtils.java:logGet(43)) - raft.server.log.use.memory = false (default)
2019-09-29 11:26:38,565 [pool-408-thread-1] INFO  server.RaftServerConfigKeys (ConfUtils.java:logGet(43)) - raft.server.log.purge.gap = 1000000 (custom)
2019-09-29 11:26:38,565 [pool-408-thread-1] INFO  server.RaftServerConfigKeys (ConfUtils.java:logGet(43)) - raft.server.log.appender.buffer.byte-limit = 33554432 (custom)
2019-09-29 11:26:38,565 [pool-408-thread-1] INFO  server.RaftServerConfigKeys (ConfUtils.java:logGet(43)) - raft.server.log.segment.size.max = 1048576 (custom)
2019-09-29 11:26:38,565 [pool-408-thread-1] INFO  server.RaftServerConfigKeys (ConfUtils.java:logGet(43)) - raft.server.log.segment.cache.num.max = 2 (custom)
2019-09-29 11:26:38,565 [IPC Server handler 1 on 46808] INFO  net.NetworkTopology (NetworkTopologyImpl.java:add(111)) - Added a new node: /default-rack/d7821b28-18a7-4460-b735-be2c20024ab7
2019-09-29 11:26:38,566 [pool-408-thread-1] INFO  segmented.SegmentedRaftLogWorker (SegmentedRaftLogWorker.java:<init>(172)) - new 59ec8f59-497a-428b-8454-a1dbaa70abd6@group-0B6B9429C27D-SegmentedRaftLogWorker for RaftStorage:Storage Directory /workdir/hadoop-ozone/integration-test/target/test-dir/MiniOzoneClusterImpl-f848b852-1aaf-4c40-a29c-4c10b1dc7f95/datanode-0/data/ratis/865a4569-27b5-4d72-a980-0b6b9429c27d
2019-09-29 11:26:38,566 [IPC Server handler 1 on 46808] INFO  node.SCMNodeManager (SCMNodeManager.java:register(266)) - Registered Data node : d7821b28-18a7-4460-b735-be2c20024ab7{ip: 192.168.30.19, host: pr-hdds-1569-lsfh5-224679870, networkLocation: /default-rack, certSerialId: null}
2019-09-29 11:26:38,568 [pool-408-thread-1] INFO  server.RaftServerConfigKeys (ConfUtils.java:logGet(43)) - raft.server.log.queue.byte-limit = 2147483647 (custom)
2019-09-29 11:26:38,568 [pool-408-thread-1] INFO  server.RaftServerConfigKeys (ConfUtils.java:logGet(43)) - raft.server.log.queue.element-limit = 1024 (custom)
2019-09-29 11:26:38,568 [pool-408-thread-1] INFO  server.RaftServerConfigKeys (ConfUtils.java:logGet(43)) - raft.server.log.segment.size.max = 1048576 (custom)
2019-09-29 11:26:38,569 [pool-408-thread-1] INFO  server.RaftServerConfigKeys (ConfUtils.java:logGet(43)) - raft.server.log.preallocated.size = 16384 (custom)
2019-09-29 11:26:38,569 [pool-408-thread-1] INFO  server.RaftServerConfigKeys (ConfUtils.java:logGet(43)) - raft.server.log.write.buffer.size = 33554432 (custom)
2019-09-29 11:26:38,569 [pool-408-thread-1] INFO  server.RaftServerConfigKeys (ConfUtils.java:logGet(43)) - raft.server.log.force.sync.num = 128 (default)
2019-09-29 11:26:38,569 [pool-408-thread-1] INFO  server.RaftServerConfigKeys (ConfUtils.java:logGet(43)) - raft.server.log.statemachine.data.sync = true (default)
2019-09-29 11:26:38,569 [pool-408-thread-1] INFO  server.RaftServerConfigKeys (ConfUtils.java:logGet(43)) - raft.server.log.statemachine.data.sync.timeout = 10s (default)
2019-09-29 11:26:38,569 [pool-408-thread-1] INFO  server.RaftServerConfigKeys (ConfUtils.java:logGet(43)) - raft.server.log.statemachine.data.sync.timeout.retry = -1 (default)
2019-09-29 11:26:38,569 [pool-408-thread-1] INFO  server.RaftServerConfigKeys (ConfUtils.java:logGet(43)) - raft.server.log.statemachine.data.caching.enabled = true (custom)
2019-09-29 11:26:38,570 [pool-408-thread-1] INFO  segmented.SegmentedRaftLogWorker (SegmentedRaftLogWorker.java:lambda$new$0(132)) - 59ec8f59-497a-428b-8454-a1dbaa70abd6@group-0B6B9429C27D-SegmentedRaftLogWorker: flushIndex: setUnconditionally 0 -> -1
2019-09-29 11:26:38,570 [pool-408-thread-1] INFO  server.RaftServerConfigKeys (ConfUtils.java:logGet(43)) - raft.server.snapshot.auto.trigger.enabled = true (custom)
2019-09-29 11:26:38,570 [pool-408-thread-1] INFO  server.RaftServerConfigKeys (ConfUtils.java:logGet(43)) - raft.server.snapshot.auto.trigger.threshold = 10000 (custom)
2019-09-29 11:26:38,571 [pool-408-thread-1] INFO  server.RaftServerConfigKeys (ConfUtils.java:logGet(43)) - raft.server.snapshot.retention.num.files = 5 (custom)
2019-09-29 11:26:38,571 [pool-408-thread-1] INFO  server.RaftServerConfigKeys (ConfUtils.java:logGet(43)) - raft.server.retrycache.expirytime = 600000ms (custom)
2019-09-29 11:26:38,572 [pool-408-thread-1] INFO  impl.RaftServerImpl (RaftServerImpl.java:start(185)) - 59ec8f59-497a-428b-8454-a1dbaa70abd6@group-0B6B9429C27D: start as a follower, conf=-1: [59ec8f59-497a-428b-8454-a1dbaa70abd6:192.168.30.19:34609], old=null
2019-09-29 11:26:38,572 [pool-408-thread-1] INFO  impl.RaftServerImpl (RaftServerImpl.java:setRole(174)) - 59ec8f59-497a-428b-8454-a1dbaa70abd6@group-0B6B9429C27D: changes role from      null to FOLLOWER at term 0 for startAsFollower
2019-09-29 11:26:38,573 [pool-408-thread-1] INFO  impl.RoleInfo (RoleInfo.java:updateAndGet(143)) - 59ec8f59-497a-428b-8454-a1dbaa70abd6: start FollowerState
2019-09-29 11:26:38,573 [pool-408-thread-1] INFO  util.JmxRegister (JmxRegister.java:tryRegister(44)) - Successfully registered JMX Bean with object name Ratis:service=RaftServer,group=group-0B6B9429C27D,id=59ec8f59-497a-428b-8454-a1dbaa70abd6
2019-09-29 11:26:38,576 [RatisPipelineUtilsThread] INFO  pipeline.PipelineStateManager (PipelineStateManager.java:addPipeline(56)) - Created pipeline Pipeline[ Id: 865a4569-27b5-4d72-a980-0b6b9429c27d, Nodes: 59ec8f59-497a-428b-8454-a1dbaa70abd6{ip: 192.168.30.19, host: pr-hdds-1569-lsfh5-224679870, networkLocation: /default-rack, certSerialId: null}, Type:RATIS, Factor:ONE, State:OPEN]
2019-09-29 11:26:38,582 [grpc-default-executor-19] INFO  impl.RaftServerProxy (RaftServerProxy.java:addNew(89)) - d7821b28-18a7-4460-b735-be2c20024ab7: addNew group-0B10E023A48A:[d7821b28-18a7-4460-b735-be2c20024ab7:192.168.30.19:45148] returns group-0B10E023A48A:java.util.concurrent.CompletableFuture@4b547f96[Not completed]
2019-09-29 11:26:38,583 [pool-418-thread-1] INFO  impl.RaftServerImpl (RaftServerImpl.java:<init>(95)) - d7821b28-18a7-4460-b735-be2c20024ab7: new RaftServerImpl for group-0B10E023A48A:[d7821b28-18a7-4460-b735-be2c20024ab7:192.168.30.19:45148] with ContainerStateMachine:uninitialized
2019-09-29 11:26:38,583 [pool-418-thread-1] INFO  server.RaftServerConfigKeys (ConfUtils.java:logGet(43)) - raft.server.rpc.timeout.min = 5s (custom)
2019-09-29 11:26:38,583 [pool-418-thread-1] INFO  server.RaftServerConfigKeys (ConfUtils.java:logGet(43)) - raft.server.rpc.timeout.max = 5200ms (custom)
2019-09-29 11:26:38,584 [pool-418-thread-1] INFO  server.RaftServerConfigKeys (ConfUtils.java:logGet(43)) - raft.server.rpcslowness.timeout = 120s (custom)
2019-09-29 11:26:38,584 [pool-418-thread-1] INFO  server.RaftServerConfigKeys (ConfUtils.java:logGet(43)) - raft.server.sleep.deviation.threshold = 300 (default)
2019-09-29 11:26:38,584 [pool-418-thread-1] INFO  server.RaftServerConfigKeys (ConfUtils.java:logGet(43)) - raft.server.log.appender.install.snapshot.enabled = false (custom)
2019-09-29 11:26:38,584 [pool-418-thread-1] INFO  impl.RaftServerImpl (ServerState.java:<init>(103)) - d7821b28-18a7-4460-b735-be2c20024ab7@group-0B10E023A48A: ConfigurationManager, init=-1: [d7821b28-18a7-4460-b735-be2c20024ab7:192.168.30.19:45148], old=null, confs=<EMPTY_MAP>
2019-09-29 11:26:38,584 [pool-418-thread-1] INFO  server.RaftServerConfigKeys (ConfUtils.java:logGet(43)) - raft.server.storage.dir = [/workdir/hadoop-ozone/integration-test/target/test-dir/MiniOzoneClusterImpl-f848b852-1aaf-4c40-a29c-4c10b1dc7f95/datanode-1/data/ratis] (custom)
2019-09-29 11:26:38,584 [pool-418-thread-1] INFO  storage.RaftStorageDirectory (RaftStorageDirectory.java:analyzeStorage(246)) - The storage directory /workdir/hadoop-ozone/integration-test/target/test-dir/MiniOzoneClusterImpl-f848b852-1aaf-4c40-a29c-4c10b1dc7f95/datanode-1/data/ratis/ba3cd4d5-439d-45a6-994b-0b10e023a48a does not exist. Creating ...
2019-09-29 11:26:38,608 [pool-418-thread-1] INFO  storage.RaftStorageDirectory (RaftStorageDirectory.java:tryLock(328)) - Lock on /workdir/hadoop-ozone/integration-test/target/test-dir/MiniOzoneClusterImpl-f848b852-1aaf-4c40-a29c-4c10b1dc7f95/datanode-1/data/ratis/ba3cd4d5-439d-45a6-994b-0b10e023a48a/in_use.lock acquired by nodename 31535@pr-hdds-1569-lsfh5-224679870
2019-09-29 11:26:38,630 [pool-418-thread-1] INFO  storage.RaftStorage (RaftStorage.java:format(72)) - Storage directory /workdir/hadoop-ozone/integration-test/target/test-dir/MiniOzoneClusterImpl-f848b852-1aaf-4c40-a29c-4c10b1dc7f95/datanode-1/data/ratis/ba3cd4d5-439d-45a6-994b-0b10e023a48a has been successfully formatted.
2019-09-29 11:26:38,631 [pool-418-thread-1] INFO  ratis.ContainerStateMachine (ContainerStateMachine.java:loadSnapshot(230)) - group-0B10E023A48A: The snapshot info is null. Setting the last applied indexto:(t:0, i:~)
2019-09-29 11:26:38,631 [pool-418-thread-1] INFO  server.RaftServerConfigKeys (ConfUtils.java:logGet(43)) - raft.server.notification.no-leader.timeout = 120s (custom)
2019-09-29 11:26:38,631 [pool-418-thread-1] INFO  server.RaftServerConfigKeys (ConfUtils.java:logGet(43)) - raft.server.log.use.memory = false (default)
2019-09-29 11:26:38,631 [pool-418-thread-1] INFO  server.RaftServerConfigKeys (ConfUtils.java:logGet(43)) - raft.server.log.purge.gap = 1000000 (custom)
2019-09-29 11:26:38,631 [pool-418-thread-1] INFO  server.RaftServerConfigKeys (ConfUtils.java:logGet(43)) - raft.server.log.appender.buffer.byte-limit = 33554432 (custom)
2019-09-29 11:26:38,631 [pool-418-thread-1] INFO  server.RaftServerConfigKeys (ConfUtils.java:logGet(43)) - raft.server.log.segment.size.max = 1048576 (custom)
2019-09-29 11:26:38,632 [pool-418-thread-1] INFO  server.RaftServerConfigKeys (ConfUtils.java:logGet(43)) - raft.server.log.segment.cache.num.max = 2 (custom)
2019-09-29 11:26:38,632 [pool-418-thread-1] INFO  segmented.SegmentedRaftLogWorker (SegmentedRaftLogWorker.java:<init>(172)) - new d7821b28-18a7-4460-b735-be2c20024ab7@group-0B10E023A48A-SegmentedRaftLogWorker for RaftStorage:Storage Directory /workdir/hadoop-ozone/integration-test/target/test-dir/MiniOzoneClusterImpl-f848b852-1aaf-4c40-a29c-4c10b1dc7f95/datanode-1/data/ratis/ba3cd4d5-439d-45a6-994b-0b10e023a48a
2019-09-29 11:26:38,633 [pool-418-thread-1] INFO  server.RaftServerConfigKeys (ConfUtils.java:logGet(43)) - raft.server.log.queue.byte-limit = 2147483647 (custom)
2019-09-29 11:26:38,633 [pool-418-thread-1] INFO  server.RaftServerConfigKeys (ConfUtils.java:logGet(43)) - raft.server.log.queue.element-limit = 1024 (custom)
2019-09-29 11:26:38,634 [pool-418-thread-1] INFO  server.RaftServerConfigKeys (ConfUtils.java:logGet(43)) - raft.server.log.segment.size.max = 1048576 (custom)
2019-09-29 11:26:38,634 [pool-418-thread-1] INFO  server.RaftServerConfigKeys (ConfUtils.java:logGet(43)) - raft.server.log.preallocated.size = 16384 (custom)
2019-09-29 11:26:38,634 [pool-418-thread-1] INFO  server.RaftServerConfigKeys (ConfUtils.java:logGet(43)) - raft.server.log.write.buffer.size = 33554432 (custom)
2019-09-29 11:26:38,634 [pool-418-thread-1] INFO  server.RaftServerConfigKeys (ConfUtils.java:logGet(43)) - raft.server.log.force.sync.num = 128 (default)
2019-09-29 11:26:38,634 [pool-418-thread-1] INFO  server.RaftServerConfigKeys (ConfUtils.java:logGet(43)) - raft.server.log.statemachine.data.sync = true (default)
2019-09-29 11:26:38,635 [pool-418-thread-1] INFO  server.RaftServerConfigKeys (ConfUtils.java:logGet(43)) - raft.server.log.statemachine.data.sync.timeout = 10s (default)
2019-09-29 11:26:38,635 [pool-418-thread-1] INFO  server.RaftServerConfigKeys (ConfUtils.java:logGet(43)) - raft.server.log.statemachine.data.sync.timeout.retry = -1 (default)
2019-09-29 11:26:38,635 [pool-418-thread-1] INFO  server.RaftServerConfigKeys (ConfUtils.java:logGet(43)) - raft.server.log.statemachine.data.caching.enabled = true (custom)
2019-09-29 11:26:38,635 [pool-418-thread-1] INFO  segmented.SegmentedRaftLogWorker (SegmentedRaftLogWorker.java:lambda$new$0(132)) - d7821b28-18a7-4460-b735-be2c20024ab7@group-0B10E023A48A-SegmentedRaftLogWorker: flushIndex: setUnconditionally 0 -> -1
2019-09-29 11:26:38,636 [pool-418-thread-1] INFO  server.RaftServerConfigKeys (ConfUtils.java:logGet(43)) - raft.server.snapshot.auto.trigger.enabled = true (custom)
2019-09-29 11:26:38,636 [pool-418-thread-1] INFO  server.RaftServerConfigKeys (ConfUtils.java:logGet(43)) - raft.server.snapshot.auto.trigger.threshold = 10000 (custom)
2019-09-29 11:26:38,636 [pool-418-thread-1] INFO  server.RaftServerConfigKeys (ConfUtils.java:logGet(43)) - raft.server.snapshot.retention.num.files = 5 (custom)
2019-09-29 11:26:38,636 [pool-418-thread-1] INFO  server.RaftServerConfigKeys (ConfUtils.java:logGet(43)) - raft.server.retrycache.expirytime = 600000ms (custom)
2019-09-29 11:26:38,638 [pool-418-thread-1] INFO  impl.RaftServerImpl (RaftServerImpl.java:start(185)) - d7821b28-18a7-4460-b735-be2c20024ab7@group-0B10E023A48A: start as a follower, conf=-1: [d7821b28-18a7-4460-b735-be2c20024ab7:192.168.30.19:45148], old=null
2019-09-29 11:26:38,638 [pool-418-thread-1] INFO  impl.RaftServerImpl (RaftServerImpl.java:setRole(174)) - d7821b28-18a7-4460-b735-be2c20024ab7@group-0B10E023A48A: changes role from      null to FOLLOWER at term 0 for startAsFollower
2019-09-29 11:26:38,638 [pool-418-thread-1] INFO  impl.RoleInfo (RoleInfo.java:updateAndGet(143)) - d7821b28-18a7-4460-b735-be2c20024ab7: start FollowerState
2019-09-29 11:26:38,638 [pool-418-thread-1] INFO  util.JmxRegister (JmxRegister.java:tryRegister(44)) - Successfully registered JMX Bean with object name Ratis:service=RaftServer,group=group-0B10E023A48A,id=d7821b28-18a7-4460-b735-be2c20024ab7
2019-09-29 11:26:38,640 [RatisPipelineUtilsThread] INFO  pipeline.PipelineStateManager (PipelineStateManager.java:addPipeline(56)) - Created pipeline Pipeline[ Id: ba3cd4d5-439d-45a6-994b-0b10e023a48a, Nodes: d7821b28-18a7-4460-b735-be2c20024ab7{ip: 192.168.30.19, host: pr-hdds-1569-lsfh5-224679870, networkLocation: /default-rack, certSerialId: null}, Type:RATIS, Factor:ONE, State:OPEN]
2019-09-29 11:26:38,640 [RatisPipelineUtilsThread] ERROR pipeline.SCMPipelineManager (SCMPipelineManager.java:createPipeline(188)) - Pipeline creation failed.
org.apache.hadoop.hdds.scm.exceptions.SCMException: Cannot create pipeline of factor 1 using 0 nodes.
	at org.apache.hadoop.hdds.scm.pipeline.RatisPipelineProvider.pickNodesNeverUsed(RatisPipelineProvider.java:113)
	at org.apache.hadoop.hdds.scm.pipeline.RatisPipelineProvider.create(RatisPipelineProvider.java:125)
	at org.apache.hadoop.hdds.scm.pipeline.PipelineFactory.create(PipelineFactory.java:58)
	at org.apache.hadoop.hdds.scm.pipeline.SCMPipelineManager.createPipeline(SCMPipelineManager.java:179)
	at org.apache.hadoop.hdds.scm.pipeline.BackgroundPipelineCreator.createPipelines(BackgroundPipelineCreator.java:100)
	at java.util.concurrent.Executors$RunnableAdapter.call(Executors.java:511)
	at java.util.concurrent.FutureTask.run(FutureTask.java:266)
	at java.util.concurrent.ScheduledThreadPoolExecutor$ScheduledFutureTask.access$201(ScheduledThreadPoolExecutor.java:180)
	at java.util.concurrent.ScheduledThreadPoolExecutor$ScheduledFutureTask.run(ScheduledThreadPoolExecutor.java:293)
	at java.util.concurrent.ThreadPoolExecutor.runWorker(ThreadPoolExecutor.java:1149)
	at java.util.concurrent.ThreadPoolExecutor$Worker.run(ThreadPoolExecutor.java:624)
	at java.lang.Thread.run(Thread.java:748)
2019-09-29 11:26:38,641 [RatisPipelineUtilsThread] ERROR pipeline.PipelinePlacementPolicy (PipelinePlacementPolicy.java:filterViableNodes(143)) - Not enough healthy nodes to allocate pipeline. 3  datanodes required. Found 2
2019-09-29 11:26:38,641 [RatisPipelineUtilsThread] ERROR pipeline.SCMPipelineManager (SCMPipelineManager.java:createPipeline(188)) - Pipeline creation failed.
org.apache.hadoop.hdds.scm.exceptions.SCMException: Not enough healthy nodes to allocate pipeline. 3  datanodes required. Found 2
	at org.apache.hadoop.hdds.scm.pipeline.PipelinePlacementPolicy.filterViableNodes(PipelinePlacementPolicy.java:144)
	at org.apache.hadoop.hdds.scm.pipeline.PipelinePlacementPolicy.chooseDatanodes(PipelinePlacementPolicy.java:185)
	at org.apache.hadoop.hdds.scm.pipeline.RatisPipelineProvider.create(RatisPipelineProvider.java:128)
	at org.apache.hadoop.hdds.scm.pipeline.PipelineFactory.create(PipelineFactory.java:58)
	at org.apache.hadoop.hdds.scm.pipeline.SCMPipelineManager.createPipeline(SCMPipelineManager.java:179)
	at org.apache.hadoop.hdds.scm.pipeline.BackgroundPipelineCreator.createPipelines(BackgroundPipelineCreator.java:100)
	at java.util.concurrent.Executors$RunnableAdapter.call(Executors.java:511)
	at java.util.concurrent.FutureTask.run(FutureTask.java:266)
	at java.util.concurrent.ScheduledThreadPoolExecutor$ScheduledFutureTask.access$201(ScheduledThreadPoolExecutor.java:180)
	at java.util.concurrent.ScheduledThreadPoolExecutor$ScheduledFutureTask.run(ScheduledThreadPoolExecutor.java:293)
	at java.util.concurrent.ThreadPoolExecutor.runWorker(ThreadPoolExecutor.java:1149)
	at java.util.concurrent.ThreadPoolExecutor$Worker.run(ThreadPoolExecutor.java:624)
	at java.lang.Thread.run(Thread.java:748)
2019-09-29 11:26:38,642 [RatisPipelineUtilsThread] ERROR pipeline.SCMPipelineManager (SCMPipelineManager.java:createPipeline(188)) - Pipeline creation failed.
org.apache.hadoop.hdds.scm.exceptions.SCMException: Cannot create pipeline of factor 1 using 0 nodes.
	at org.apache.hadoop.hdds.scm.pipeline.RatisPipelineProvider.pickNodesNeverUsed(RatisPipelineProvider.java:113)
	at org.apache.hadoop.hdds.scm.pipeline.RatisPipelineProvider.create(RatisPipelineProvider.java:125)
	at org.apache.hadoop.hdds.scm.pipeline.PipelineFactory.create(PipelineFactory.java:58)
	at org.apache.hadoop.hdds.scm.pipeline.SCMPipelineManager.createPipeline(SCMPipelineManager.java:179)
	at org.apache.hadoop.hdds.scm.pipeline.BackgroundPipelineCreator.createPipelines(BackgroundPipelineCreator.java:100)
	at org.apache.hadoop.hdds.scm.pipeline.BackgroundPipelineCreator.lambda$startFixedIntervalPipelineCreator$0(BackgroundPipelineCreator.java:70)
	at java.util.concurrent.Executors$RunnableAdapter.call(Executors.java:511)
	at java.util.concurrent.FutureTask.runAndReset(FutureTask.java:308)
	at java.util.concurrent.ScheduledThreadPoolExecutor$ScheduledFutureTask.access$301(ScheduledThreadPoolExecutor.java:180)
	at java.util.concurrent.ScheduledThreadPoolExecutor$ScheduledFutureTask.run(ScheduledThreadPoolExecutor.java:294)
	at java.util.concurrent.ThreadPoolExecutor.runWorker(ThreadPoolExecutor.java:1149)
	at java.util.concurrent.ThreadPoolExecutor$Worker.run(ThreadPoolExecutor.java:624)
	at java.lang.Thread.run(Thread.java:748)
2019-09-29 11:26:38,642 [RatisPipelineUtilsThread] ERROR pipeline.PipelinePlacementPolicy (PipelinePlacementPolicy.java:filterViableNodes(143)) - Not enough healthy nodes to allocate pipeline. 3  datanodes required. Found 2
2019-09-29 11:26:38,642 [RatisPipelineUtilsThread] ERROR pipeline.SCMPipelineManager (SCMPipelineManager.java:createPipeline(188)) - Pipeline creation failed.
org.apache.hadoop.hdds.scm.exceptions.SCMException: Not enough healthy nodes to allocate pipeline. 3  datanodes required. Found 2
	at org.apache.hadoop.hdds.scm.pipeline.PipelinePlacementPolicy.filterViableNodes(PipelinePlacementPolicy.java:144)
	at org.apache.hadoop.hdds.scm.pipeline.PipelinePlacementPolicy.chooseDatanodes(PipelinePlacementPolicy.java:185)
	at org.apache.hadoop.hdds.scm.pipeline.RatisPipelineProvider.create(RatisPipelineProvider.java:128)
	at org.apache.hadoop.hdds.scm.pipeline.PipelineFactory.create(PipelineFactory.java:58)
	at org.apache.hadoop.hdds.scm.pipeline.SCMPipelineManager.createPipeline(SCMPipelineManager.java:179)
	at org.apache.hadoop.hdds.scm.pipeline.BackgroundPipelineCreator.createPipelines(BackgroundPipelineCreator.java:100)
	at org.apache.hadoop.hdds.scm.pipeline.BackgroundPipelineCreator.lambda$startFixedIntervalPipelineCreator$0(BackgroundPipelineCreator.java:70)
	at java.util.concurrent.Executors$RunnableAdapter.call(Executors.java:511)
	at java.util.concurrent.FutureTask.runAndReset(FutureTask.java:308)
	at java.util.concurrent.ScheduledThreadPoolExecutor$ScheduledFutureTask.access$301(ScheduledThreadPoolExecutor.java:180)
	at java.util.concurrent.ScheduledThreadPoolExecutor$ScheduledFutureTask.run(ScheduledThreadPoolExecutor.java:294)
	at java.util.concurrent.ThreadPoolExecutor.runWorker(ThreadPoolExecutor.java:1149)
	at java.util.concurrent.ThreadPoolExecutor$Worker.run(ThreadPoolExecutor.java:624)
	at java.lang.Thread.run(Thread.java:748)
2019-09-29 11:26:38,653 [IPC Server handler 2 on 46808] INFO  net.NetworkTopology (NetworkTopologyImpl.java:add(111)) - Added a new node: /default-rack/266f4e38-b438-4944-8569-530d2ae5f6fc
2019-09-29 11:26:38,654 [IPC Server handler 2 on 46808] INFO  node.SCMNodeManager (SCMNodeManager.java:register(266)) - Registered Data node : 266f4e38-b438-4944-8569-530d2ae5f6fc{ip: 192.168.30.19, host: pr-hdds-1569-lsfh5-224679870, networkLocation: /default-rack, certSerialId: null}
2019-09-29 11:26:38,660 [grpc-default-executor-19] INFO  impl.RaftServerProxy (RaftServerProxy.java:addNew(89)) - 266f4e38-b438-4944-8569-530d2ae5f6fc: addNew group-4B0C29B2851B:[266f4e38-b438-4944-8569-530d2ae5f6fc:192.168.30.19:46645] returns group-4B0C29B2851B:java.util.concurrent.CompletableFuture@48f4149f[Not completed]
2019-09-29 11:26:38,661 [pool-428-thread-1] INFO  impl.RaftServerImpl (RaftServerImpl.java:<init>(95)) - 266f4e38-b438-4944-8569-530d2ae5f6fc: new RaftServerImpl for group-4B0C29B2851B:[266f4e38-b438-4944-8569-530d2ae5f6fc:192.168.30.19:46645] with ContainerStateMachine:uninitialized
2019-09-29 11:26:38,661 [pool-428-thread-1] INFO  server.RaftServerConfigKeys (ConfUtils.java:logGet(43)) - raft.server.rpc.timeout.min = 5s (custom)
2019-09-29 11:26:38,662 [pool-428-thread-1] INFO  server.RaftServerConfigKeys (ConfUtils.java:logGet(43)) - raft.server.rpc.timeout.max = 5200ms (custom)
2019-09-29 11:26:38,662 [pool-428-thread-1] INFO  server.RaftServerConfigKeys (ConfUtils.java:logGet(43)) - raft.server.rpcslowness.timeout = 120s (custom)
2019-09-29 11:26:38,662 [pool-428-thread-1] INFO  server.RaftServerConfigKeys (ConfUtils.java:logGet(43)) - raft.server.sleep.deviation.threshold = 300 (default)
2019-09-29 11:26:38,662 [pool-428-thread-1] INFO  server.RaftServerConfigKeys (ConfUtils.java:logGet(43)) - raft.server.log.appender.install.snapshot.enabled = false (custom)
2019-09-29 11:26:38,662 [pool-428-thread-1] INFO  impl.RaftServerImpl (ServerState.java:<init>(103)) - 266f4e38-b438-4944-8569-530d2ae5f6fc@group-4B0C29B2851B: ConfigurationManager, init=-1: [266f4e38-b438-4944-8569-530d2ae5f6fc:192.168.30.19:46645], old=null, confs=<EMPTY_MAP>
2019-09-29 11:26:38,662 [pool-428-thread-1] INFO  server.RaftServerConfigKeys (ConfUtils.java:logGet(43)) - raft.server.storage.dir = [/workdir/hadoop-ozone/integration-test/target/test-dir/MiniOzoneClusterImpl-f848b852-1aaf-4c40-a29c-4c10b1dc7f95/datanode-2/data/ratis] (custom)
2019-09-29 11:26:38,662 [pool-428-thread-1] INFO  storage.RaftStorageDirectory (RaftStorageDirectory.java:analyzeStorage(246)) - The storage directory /workdir/hadoop-ozone/integration-test/target/test-dir/MiniOzoneClusterImpl-f848b852-1aaf-4c40-a29c-4c10b1dc7f95/datanode-2/data/ratis/bf62e0f5-81be-4bc0-872a-4b0c29b2851b does not exist. Creating ...
2019-09-29 11:26:38,686 [pool-428-thread-1] INFO  storage.RaftStorageDirectory (RaftStorageDirectory.java:tryLock(328)) - Lock on /workdir/hadoop-ozone/integration-test/target/test-dir/MiniOzoneClusterImpl-f848b852-1aaf-4c40-a29c-4c10b1dc7f95/datanode-2/data/ratis/bf62e0f5-81be-4bc0-872a-4b0c29b2851b/in_use.lock acquired by nodename 31535@pr-hdds-1569-lsfh5-224679870
2019-09-29 11:26:38,711 [pool-428-thread-1] INFO  storage.RaftStorage (RaftStorage.java:format(72)) - Storage directory /workdir/hadoop-ozone/integration-test/target/test-dir/MiniOzoneClusterImpl-f848b852-1aaf-4c40-a29c-4c10b1dc7f95/datanode-2/data/ratis/bf62e0f5-81be-4bc0-872a-4b0c29b2851b has been successfully formatted.
2019-09-29 11:26:38,711 [pool-428-thread-1] INFO  ratis.ContainerStateMachine (ContainerStateMachine.java:loadSnapshot(230)) - group-4B0C29B2851B: The snapshot info is null. Setting the last applied indexto:(t:0, i:~)
2019-09-29 11:26:38,711 [pool-428-thread-1] INFO  server.RaftServerConfigKeys (ConfUtils.java:logGet(43)) - raft.server.notification.no-leader.timeout = 120s (custom)
2019-09-29 11:26:38,711 [pool-428-thread-1] INFO  server.RaftServerConfigKeys (ConfUtils.java:logGet(43)) - raft.server.log.use.memory = false (default)
2019-09-29 11:26:38,711 [pool-428-thread-1] INFO  server.RaftServerConfigKeys (ConfUtils.java:logGet(43)) - raft.server.log.purge.gap = 1000000 (custom)
2019-09-29 11:26:38,712 [pool-428-thread-1] INFO  server.RaftServerConfigKeys (ConfUtils.java:logGet(43)) - raft.server.log.appender.buffer.byte-limit = 33554432 (custom)
2019-09-29 11:26:38,712 [pool-428-thread-1] INFO  server.RaftServerConfigKeys (ConfUtils.java:logGet(43)) - raft.server.log.segment.size.max = 1048576 (custom)
2019-09-29 11:26:38,712 [pool-428-thread-1] INFO  server.RaftServerConfigKeys (ConfUtils.java:logGet(43)) - raft.server.log.segment.cache.num.max = 2 (custom)
2019-09-29 11:26:38,712 [pool-428-thread-1] INFO  segmented.SegmentedRaftLogWorker (SegmentedRaftLogWorker.java:<init>(172)) - new 266f4e38-b438-4944-8569-530d2ae5f6fc@group-4B0C29B2851B-SegmentedRaftLogWorker for RaftStorage:Storage Directory /workdir/hadoop-ozone/integration-test/target/test-dir/MiniOzoneClusterImpl-f848b852-1aaf-4c40-a29c-4c10b1dc7f95/datanode-2/data/ratis/bf62e0f5-81be-4bc0-872a-4b0c29b2851b
2019-09-29 11:26:38,713 [pool-428-thread-1] INFO  server.RaftServerConfigKeys (ConfUtils.java:logGet(43)) - raft.server.log.queue.byte-limit = 2147483647 (custom)
2019-09-29 11:26:38,713 [pool-428-thread-1] INFO  server.RaftServerConfigKeys (ConfUtils.java:logGet(43)) - raft.server.log.queue.element-limit = 1024 (custom)
2019-09-29 11:26:38,713 [pool-428-thread-1] INFO  server.RaftServerConfigKeys (ConfUtils.java:logGet(43)) - raft.server.log.segment.size.max = 1048576 (custom)
2019-09-29 11:26:38,713 [pool-428-thread-1] INFO  server.RaftServerConfigKeys (ConfUtils.java:logGet(43)) - raft.server.log.preallocated.size = 16384 (custom)
2019-09-29 11:26:38,713 [pool-428-thread-1] INFO  server.RaftServerConfigKeys (ConfUtils.java:logGet(43)) - raft.server.log.write.buffer.size = 33554432 (custom)
2019-09-29 11:26:38,714 [pool-428-thread-1] INFO  server.RaftServerConfigKeys (ConfUtils.java:logGet(43)) - raft.server.log.force.sync.num = 128 (default)
2019-09-29 11:26:38,714 [pool-428-thread-1] INFO  server.RaftServerConfigKeys (ConfUtils.java:logGet(43)) - raft.server.log.statemachine.data.sync = true (default)
2019-09-29 11:26:38,714 [pool-428-thread-1] INFO  server.RaftServerConfigKeys (ConfUtils.java:logGet(43)) - raft.server.log.statemachine.data.sync.timeout = 10s (default)
2019-09-29 11:26:38,714 [pool-428-thread-1] INFO  server.RaftServerConfigKeys (ConfUtils.java:logGet(43)) - raft.server.log.statemachine.data.sync.timeout.retry = -1 (default)
2019-09-29 11:26:38,714 [pool-428-thread-1] INFO  server.RaftServerConfigKeys (ConfUtils.java:logGet(43)) - raft.server.log.statemachine.data.caching.enabled = true (custom)
2019-09-29 11:26:38,714 [pool-428-thread-1] INFO  segmented.SegmentedRaftLogWorker (SegmentedRaftLogWorker.java:lambda$new$0(132)) - 266f4e38-b438-4944-8569-530d2ae5f6fc@group-4B0C29B2851B-SegmentedRaftLogWorker: flushIndex: setUnconditionally 0 -> -1
2019-09-29 11:26:38,714 [pool-428-thread-1] INFO  server.RaftServerConfigKeys (ConfUtils.java:logGet(43)) - raft.server.snapshot.auto.trigger.enabled = true (custom)
2019-09-29 11:26:38,714 [pool-428-thread-1] INFO  server.RaftServerConfigKeys (ConfUtils.java:logGet(43)) - raft.server.snapshot.auto.trigger.threshold = 10000 (custom)
2019-09-29 11:26:38,715 [pool-428-thread-1] INFO  server.RaftServerConfigKeys (ConfUtils.java:logGet(43)) - raft.server.snapshot.retention.num.files = 5 (custom)
2019-09-29 11:26:38,715 [pool-428-thread-1] INFO  server.RaftServerConfigKeys (ConfUtils.java:logGet(43)) - raft.server.retrycache.expirytime = 600000ms (custom)
2019-09-29 11:26:38,716 [pool-428-thread-1] INFO  impl.RaftServerImpl (RaftServerImpl.java:start(185)) - 266f4e38-b438-4944-8569-530d2ae5f6fc@group-4B0C29B2851B: start as a follower, conf=-1: [266f4e38-b438-4944-8569-530d2ae5f6fc:192.168.30.19:46645], old=null
2019-09-29 11:26:38,716 [pool-428-thread-1] INFO  impl.RaftServerImpl (RaftServerImpl.java:setRole(174)) - 266f4e38-b438-4944-8569-530d2ae5f6fc@group-4B0C29B2851B: changes role from      null to FOLLOWER at term 0 for startAsFollower
2019-09-29 11:26:38,716 [pool-428-thread-1] INFO  impl.RoleInfo (RoleInfo.java:updateAndGet(143)) - 266f4e38-b438-4944-8569-530d2ae5f6fc: start FollowerState
2019-09-29 11:26:38,716 [pool-428-thread-1] INFO  util.JmxRegister (JmxRegister.java:tryRegister(44)) - Successfully registered JMX Bean with object name Ratis:service=RaftServer,group=group-4B0C29B2851B,id=266f4e38-b438-4944-8569-530d2ae5f6fc
2019-09-29 11:26:38,719 [RatisPipelineUtilsThread] INFO  pipeline.PipelineStateManager (PipelineStateManager.java:addPipeline(56)) - Created pipeline Pipeline[ Id: bf62e0f5-81be-4bc0-872a-4b0c29b2851b, Nodes: 266f4e38-b438-4944-8569-530d2ae5f6fc{ip: 192.168.30.19, host: pr-hdds-1569-lsfh5-224679870, networkLocation: /default-rack, certSerialId: null}, Type:RATIS, Factor:ONE, State:OPEN]
2019-09-29 11:26:38,719 [RatisPipelineUtilsThread] ERROR pipeline.SCMPipelineManager (SCMPipelineManager.java:createPipeline(188)) - Pipeline creation failed.
org.apache.hadoop.hdds.scm.exceptions.SCMException: Cannot create pipeline of factor 1 using 0 nodes.
	at org.apache.hadoop.hdds.scm.pipeline.RatisPipelineProvider.pickNodesNeverUsed(RatisPipelineProvider.java:113)
	at org.apache.hadoop.hdds.scm.pipeline.RatisPipelineProvider.create(RatisPipelineProvider.java:125)
	at org.apache.hadoop.hdds.scm.pipeline.PipelineFactory.create(PipelineFactory.java:58)
	at org.apache.hadoop.hdds.scm.pipeline.SCMPipelineManager.createPipeline(SCMPipelineManager.java:179)
	at org.apache.hadoop.hdds.scm.pipeline.BackgroundPipelineCreator.createPipelines(BackgroundPipelineCreator.java:100)
	at java.util.concurrent.Executors$RunnableAdapter.call(Executors.java:511)
	at java.util.concurrent.FutureTask.run(FutureTask.java:266)
	at java.util.concurrent.ScheduledThreadPoolExecutor$ScheduledFutureTask.access$201(ScheduledThreadPoolExecutor.java:180)
	at java.util.concurrent.ScheduledThreadPoolExecutor$ScheduledFutureTask.run(ScheduledThreadPoolExecutor.java:293)
	at java.util.concurrent.ThreadPoolExecutor.runWorker(ThreadPoolExecutor.java:1149)
	at java.util.concurrent.ThreadPoolExecutor$Worker.run(ThreadPoolExecutor.java:624)
	at java.lang.Thread.run(Thread.java:748)
2019-09-29 11:26:38,729 [IPC Server handler 3 on 46808] INFO  net.NetworkTopology (NetworkTopologyImpl.java:add(111)) - Added a new node: /default-rack/c5175ad5-525e-4c2e-832b-1ca15aa9c500
2019-09-29 11:26:38,729 [IPC Server handler 3 on 46808] INFO  node.SCMNodeManager (SCMNodeManager.java:register(266)) - Registered Data node : c5175ad5-525e-4c2e-832b-1ca15aa9c500{ip: 192.168.30.19, host: pr-hdds-1569-lsfh5-224679870, networkLocation: /default-rack, certSerialId: null}
2019-09-29 11:26:38,729 [grpc-default-executor-26] INFO  impl.RaftServerProxy (RaftServerProxy.java:addNew(89)) - 59ec8f59-497a-428b-8454-a1dbaa70abd6: addNew group-0CD34D698E0C:[59ec8f59-497a-428b-8454-a1dbaa70abd6:192.168.30.19:34609, 266f4e38-b438-4944-8569-530d2ae5f6fc:192.168.30.19:46645, d7821b28-18a7-4460-b735-be2c20024ab7:192.168.30.19:45148] returns group-0CD34D698E0C:java.util.concurrent.CompletableFuture@68d3287a[Not completed]
2019-09-29 11:26:38,729 [grpc-default-executor-27] INFO  impl.RaftServerProxy (RaftServerProxy.java:addNew(89)) - d7821b28-18a7-4460-b735-be2c20024ab7: addNew group-0CD34D698E0C:[59ec8f59-497a-428b-8454-a1dbaa70abd6:192.168.30.19:34609, 266f4e38-b438-4944-8569-530d2ae5f6fc:192.168.30.19:46645, d7821b28-18a7-4460-b735-be2c20024ab7:192.168.30.19:45148] returns group-0CD34D698E0C:java.util.concurrent.CompletableFuture@75ca2c58[Not completed]
2019-09-29 11:26:38,730 [grpc-default-executor-26] INFO  impl.RaftServerProxy (RaftServerProxy.java:addNew(89)) - 266f4e38-b438-4944-8569-530d2ae5f6fc: addNew group-0CD34D698E0C:[59ec8f59-497a-428b-8454-a1dbaa70abd6:192.168.30.19:34609, 266f4e38-b438-4944-8569-530d2ae5f6fc:192.168.30.19:46645, d7821b28-18a7-4460-b735-be2c20024ab7:192.168.30.19:45148] returns group-0CD34D698E0C:java.util.concurrent.CompletableFuture@4f893fd[Not completed]
2019-09-29 11:26:38,730 [pool-408-thread-1] INFO  impl.RaftServerImpl (RaftServerImpl.java:<init>(95)) - 59ec8f59-497a-428b-8454-a1dbaa70abd6: new RaftServerImpl for group-0CD34D698E0C:[59ec8f59-497a-428b-8454-a1dbaa70abd6:192.168.30.19:34609, 266f4e38-b438-4944-8569-530d2ae5f6fc:192.168.30.19:46645, d7821b28-18a7-4460-b735-be2c20024ab7:192.168.30.19:45148] with ContainerStateMachine:uninitialized
2019-09-29 11:26:38,730 [pool-408-thread-1] INFO  server.RaftServerConfigKeys (ConfUtils.java:logGet(43)) - raft.server.rpc.timeout.min = 5s (custom)
2019-09-29 11:26:38,730 [pool-408-thread-1] INFO  server.RaftServerConfigKeys (ConfUtils.java:logGet(43)) - raft.server.rpc.timeout.max = 5200ms (custom)
2019-09-29 11:26:38,730 [pool-408-thread-1] INFO  server.RaftServerConfigKeys (ConfUtils.java:logGet(43)) - raft.server.rpcslowness.timeout = 120s (custom)
2019-09-29 11:26:38,731 [pool-408-thread-1] INFO  server.RaftServerConfigKeys (ConfUtils.java:logGet(43)) - raft.server.sleep.deviation.threshold = 300 (default)
2019-09-29 11:26:38,731 [pool-408-thread-1] INFO  server.RaftServerConfigKeys (ConfUtils.java:logGet(43)) - raft.server.log.appender.install.snapshot.enabled = false (custom)
2019-09-29 11:26:38,731 [pool-418-thread-1] INFO  impl.RaftServerImpl (RaftServerImpl.java:<init>(95)) - d7821b28-18a7-4460-b735-be2c20024ab7: new RaftServerImpl for group-0CD34D698E0C:[59ec8f59-497a-428b-8454-a1dbaa70abd6:192.168.30.19:34609, 266f4e38-b438-4944-8569-530d2ae5f6fc:192.168.30.19:46645, d7821b28-18a7-4460-b735-be2c20024ab7:192.168.30.19:45148] with ContainerStateMachine:uninitialized
2019-09-29 11:26:38,731 [pool-408-thread-1] INFO  impl.RaftServerImpl (ServerState.java:<init>(103)) - 59ec8f59-497a-428b-8454-a1dbaa70abd6@group-0CD34D698E0C: ConfigurationManager, init=-1: [59ec8f59-497a-428b-8454-a1dbaa70abd6:192.168.30.19:34609, 266f4e38-b438-4944-8569-530d2ae5f6fc:192.168.30.19:46645, d7821b28-18a7-4460-b735-be2c20024ab7:192.168.30.19:45148], old=null, confs=<EMPTY_MAP>
2019-09-29 11:26:38,731 [pool-418-thread-1] INFO  server.RaftServerConfigKeys (ConfUtils.java:logGet(43)) - raft.server.rpc.timeout.min = 5s (custom)
2019-09-29 11:26:38,731 [pool-408-thread-1] INFO  server.RaftServerConfigKeys (ConfUtils.java:logGet(43)) - raft.server.storage.dir = [/workdir/hadoop-ozone/integration-test/target/test-dir/MiniOzoneClusterImpl-f848b852-1aaf-4c40-a29c-4c10b1dc7f95/datanode-0/data/ratis] (custom)
2019-09-29 11:26:38,731 [pool-418-thread-1] INFO  server.RaftServerConfigKeys (ConfUtils.java:logGet(43)) - raft.server.rpc.timeout.max = 5200ms (custom)
2019-09-29 11:26:38,731 [pool-428-thread-1] INFO  impl.RaftServerImpl (RaftServerImpl.java:<init>(95)) - 266f4e38-b438-4944-8569-530d2ae5f6fc: new RaftServerImpl for group-0CD34D698E0C:[59ec8f59-497a-428b-8454-a1dbaa70abd6:192.168.30.19:34609, 266f4e38-b438-4944-8569-530d2ae5f6fc:192.168.30.19:46645, d7821b28-18a7-4460-b735-be2c20024ab7:192.168.30.19:45148] with ContainerStateMachine:uninitialized
2019-09-29 11:26:38,731 [pool-418-thread-1] INFO  server.RaftServerConfigKeys (ConfUtils.java:logGet(43)) - raft.server.rpcslowness.timeout = 120s (custom)
2019-09-29 11:26:38,731 [pool-408-thread-1] INFO  storage.RaftStorageDirectory (RaftStorageDirectory.java:analyzeStorage(246)) - The storage directory /workdir/hadoop-ozone/integration-test/target/test-dir/MiniOzoneClusterImpl-f848b852-1aaf-4c40-a29c-4c10b1dc7f95/datanode-0/data/ratis/34d49c9d-af83-4d29-8968-0cd34d698e0c does not exist. Creating ...
2019-09-29 11:26:38,732 [pool-418-thread-1] INFO  server.RaftServerConfigKeys (ConfUtils.java:logGet(43)) - raft.server.sleep.deviation.threshold = 300 (default)
2019-09-29 11:26:38,731 [pool-428-thread-1] INFO  server.RaftServerConfigKeys (ConfUtils.java:logGet(43)) - raft.server.rpc.timeout.min = 5s (custom)
2019-09-29 11:26:38,732 [pool-418-thread-1] INFO  server.RaftServerConfigKeys (ConfUtils.java:logGet(43)) - raft.server.log.appender.install.snapshot.enabled = false (custom)
2019-09-29 11:26:38,732 [pool-428-thread-1] INFO  server.RaftServerConfigKeys (ConfUtils.java:logGet(43)) - raft.server.rpc.timeout.max = 5200ms (custom)
2019-09-29 11:26:38,732 [pool-418-thread-1] INFO  impl.RaftServerImpl (ServerState.java:<init>(103)) - d7821b28-18a7-4460-b735-be2c20024ab7@group-0CD34D698E0C: ConfigurationManager, init=-1: [59ec8f59-497a-428b-8454-a1dbaa70abd6:192.168.30.19:34609, 266f4e38-b438-4944-8569-530d2ae5f6fc:192.168.30.19:46645, d7821b28-18a7-4460-b735-be2c20024ab7:192.168.30.19:45148], old=null, confs=<EMPTY_MAP>
2019-09-29 11:26:38,732 [pool-428-thread-1] INFO  server.RaftServerConfigKeys (ConfUtils.java:logGet(43)) - raft.server.rpcslowness.timeout = 120s (custom)
2019-09-29 11:26:38,732 [pool-418-thread-1] INFO  server.RaftServerConfigKeys (ConfUtils.java:logGet(43)) - raft.server.storage.dir = [/workdir/hadoop-ozone/integration-test/target/test-dir/MiniOzoneClusterImpl-f848b852-1aaf-4c40-a29c-4c10b1dc7f95/datanode-1/data/ratis] (custom)
2019-09-29 11:26:38,732 [pool-428-thread-1] INFO  server.RaftServerConfigKeys (ConfUtils.java:logGet(43)) - raft.server.sleep.deviation.threshold = 300 (default)
2019-09-29 11:26:38,733 [pool-428-thread-1] INFO  server.RaftServerConfigKeys (ConfUtils.java:logGet(43)) - raft.server.log.appender.install.snapshot.enabled = false (custom)
2019-09-29 11:26:38,733 [pool-418-thread-1] INFO  storage.RaftStorageDirectory (RaftStorageDirectory.java:analyzeStorage(246)) - The storage directory /workdir/hadoop-ozone/integration-test/target/test-dir/MiniOzoneClusterImpl-f848b852-1aaf-4c40-a29c-4c10b1dc7f95/datanode-1/data/ratis/34d49c9d-af83-4d29-8968-0cd34d698e0c does not exist. Creating ...
2019-09-29 11:26:38,733 [pool-428-thread-1] INFO  impl.RaftServerImpl (ServerState.java:<init>(103)) - 266f4e38-b438-4944-8569-530d2ae5f6fc@group-0CD34D698E0C: ConfigurationManager, init=-1: [59ec8f59-497a-428b-8454-a1dbaa70abd6:192.168.30.19:34609, 266f4e38-b438-4944-8569-530d2ae5f6fc:192.168.30.19:46645, d7821b28-18a7-4460-b735-be2c20024ab7:192.168.30.19:45148], old=null, confs=<EMPTY_MAP>
2019-09-29 11:26:38,733 [pool-428-thread-1] INFO  server.RaftServerConfigKeys (ConfUtils.java:logGet(43)) - raft.server.storage.dir = [/workdir/hadoop-ozone/integration-test/target/test-dir/MiniOzoneClusterImpl-f848b852-1aaf-4c40-a29c-4c10b1dc7f95/datanode-2/data/ratis] (custom)
2019-09-29 11:26:38,744 [pool-428-thread-1] INFO  storage.RaftStorageDirectory (RaftStorageDirectory.java:analyzeStorage(246)) - The storage directory /workdir/hadoop-ozone/integration-test/target/test-dir/MiniOzoneClusterImpl-f848b852-1aaf-4c40-a29c-4c10b1dc7f95/datanode-2/data/ratis/34d49c9d-af83-4d29-8968-0cd34d698e0c does not exist. Creating ...
2019-09-29 11:26:38,744 [pool-408-thread-1] INFO  storage.RaftStorageDirectory (RaftStorageDirectory.java:tryLock(328)) - Lock on /workdir/hadoop-ozone/integration-test/target/test-dir/MiniOzoneClusterImpl-f848b852-1aaf-4c40-a29c-4c10b1dc7f95/datanode-0/data/ratis/34d49c9d-af83-4d29-8968-0cd34d698e0c/in_use.lock acquired by nodename 31535@pr-hdds-1569-lsfh5-224679870
2019-09-29 11:26:38,757 [pool-418-thread-1] INFO  storage.RaftStorageDirectory (RaftStorageDirectory.java:tryLock(328)) - Lock on /workdir/hadoop-ozone/integration-test/target/test-dir/MiniOzoneClusterImpl-f848b852-1aaf-4c40-a29c-4c10b1dc7f95/datanode-1/data/ratis/34d49c9d-af83-4d29-8968-0cd34d698e0c/in_use.lock acquired by nodename 31535@pr-hdds-1569-lsfh5-224679870
2019-09-29 11:26:38,757 [pool-408-thread-1] INFO  storage.RaftStorage (RaftStorage.java:format(72)) - Storage directory /workdir/hadoop-ozone/integration-test/target/test-dir/MiniOzoneClusterImpl-f848b852-1aaf-4c40-a29c-4c10b1dc7f95/datanode-0/data/ratis/34d49c9d-af83-4d29-8968-0cd34d698e0c has been successfully formatted.
2019-09-29 11:26:38,757 [pool-428-thread-1] INFO  storage.RaftStorageDirectory (RaftStorageDirectory.java:tryLock(328)) - Lock on /workdir/hadoop-ozone/integration-test/target/test-dir/MiniOzoneClusterImpl-f848b852-1aaf-4c40-a29c-4c10b1dc7f95/datanode-2/data/ratis/34d49c9d-af83-4d29-8968-0cd34d698e0c/in_use.lock acquired by nodename 31535@pr-hdds-1569-lsfh5-224679870
2019-09-29 11:26:38,757 [pool-408-thread-1] INFO  ratis.ContainerStateMachine (ContainerStateMachine.java:loadSnapshot(230)) - group-0CD34D698E0C: The snapshot info is null. Setting the last applied indexto:(t:0, i:~)
2019-09-29 11:26:38,757 [pool-408-thread-1] INFO  server.RaftServerConfigKeys (ConfUtils.java:logGet(43)) - raft.server.notification.no-leader.timeout = 120s (custom)
2019-09-29 11:26:38,757 [pool-408-thread-1] INFO  server.RaftServerConfigKeys (ConfUtils.java:logGet(43)) - raft.server.log.use.memory = false (default)
2019-09-29 11:26:38,758 [pool-408-thread-1] INFO  server.RaftServerConfigKeys (ConfUtils.java:logGet(43)) - raft.server.log.purge.gap = 1000000 (custom)
2019-09-29 11:26:38,758 [pool-408-thread-1] INFO  server.RaftServerConfigKeys (ConfUtils.java:logGet(43)) - raft.server.log.appender.buffer.byte-limit = 33554432 (custom)
2019-09-29 11:26:38,758 [pool-408-thread-1] INFO  server.RaftServerConfigKeys (ConfUtils.java:logGet(43)) - raft.server.log.segment.size.max = 1048576 (custom)
2019-09-29 11:26:38,758 [pool-408-thread-1] INFO  server.RaftServerConfigKeys (ConfUtils.java:logGet(43)) - raft.server.log.segment.cache.num.max = 2 (custom)
2019-09-29 11:26:38,758 [pool-408-thread-1] INFO  segmented.SegmentedRaftLogWorker (SegmentedRaftLogWorker.java:<init>(172)) - new 59ec8f59-497a-428b-8454-a1dbaa70abd6@group-0CD34D698E0C-SegmentedRaftLogWorker for RaftStorage:Storage Directory /workdir/hadoop-ozone/integration-test/target/test-dir/MiniOzoneClusterImpl-f848b852-1aaf-4c40-a29c-4c10b1dc7f95/datanode-0/data/ratis/34d49c9d-af83-4d29-8968-0cd34d698e0c
2019-09-29 11:26:38,758 [pool-408-thread-1] INFO  server.RaftServerConfigKeys (ConfUtils.java:logGet(43)) - raft.server.log.queue.byte-limit = 2147483647 (custom)
2019-09-29 11:26:38,758 [pool-408-thread-1] INFO  server.RaftServerConfigKeys (ConfUtils.java:logGet(43)) - raft.server.log.queue.element-limit = 1024 (custom)
2019-09-29 11:26:38,759 [pool-408-thread-1] INFO  server.RaftServerConfigKeys (ConfUtils.java:logGet(43)) - raft.server.log.segment.size.max = 1048576 (custom)
2019-09-29 11:26:38,759 [pool-408-thread-1] INFO  server.RaftServerConfigKeys (ConfUtils.java:logGet(43)) - raft.server.log.preallocated.size = 16384 (custom)
2019-09-29 11:26:38,759 [pool-408-thread-1] INFO  server.RaftServerConfigKeys (ConfUtils.java:logGet(43)) - raft.server.log.write.buffer.size = 33554432 (custom)
2019-09-29 11:26:38,759 [pool-408-thread-1] INFO  server.RaftServerConfigKeys (ConfUtils.java:logGet(43)) - raft.server.log.force.sync.num = 128 (default)
2019-09-29 11:26:38,759 [pool-408-thread-1] INFO  server.RaftServerConfigKeys (ConfUtils.java:logGet(43)) - raft.server.log.statemachine.data.sync = true (default)
2019-09-29 11:26:38,759 [pool-408-thread-1] INFO  server.RaftServerConfigKeys (ConfUtils.java:logGet(43)) - raft.server.log.statemachine.data.sync.timeout = 10s (default)
2019-09-29 11:26:38,759 [pool-408-thread-1] INFO  server.RaftServerConfigKeys (ConfUtils.java:logGet(43)) - raft.server.log.statemachine.data.sync.timeout.retry = -1 (default)
2019-09-29 11:26:38,760 [pool-408-thread-1] INFO  server.RaftServerConfigKeys (ConfUtils.java:logGet(43)) - raft.server.log.statemachine.data.caching.enabled = true (custom)
2019-09-29 11:26:38,760 [pool-408-thread-1] INFO  segmented.SegmentedRaftLogWorker (SegmentedRaftLogWorker.java:lambda$new$0(132)) - 59ec8f59-497a-428b-8454-a1dbaa70abd6@group-0CD34D698E0C-SegmentedRaftLogWorker: flushIndex: setUnconditionally 0 -> -1
2019-09-29 11:26:38,760 [pool-408-thread-1] INFO  server.RaftServerConfigKeys (ConfUtils.java:logGet(43)) - raft.server.snapshot.auto.trigger.enabled = true (custom)
2019-09-29 11:26:38,760 [pool-408-thread-1] INFO  server.RaftServerConfigKeys (ConfUtils.java:logGet(43)) - raft.server.snapshot.auto.trigger.threshold = 10000 (custom)
2019-09-29 11:26:38,760 [pool-408-thread-1] INFO  server.RaftServerConfigKeys (ConfUtils.java:logGet(43)) - raft.server.snapshot.retention.num.files = 5 (custom)
2019-09-29 11:26:38,760 [pool-408-thread-1] INFO  server.RaftServerConfigKeys (ConfUtils.java:logGet(43)) - raft.server.retrycache.expirytime = 600000ms (custom)
2019-09-29 11:26:38,762 [pool-408-thread-1] INFO  impl.RaftServerImpl (RaftServerImpl.java:start(185)) - 59ec8f59-497a-428b-8454-a1dbaa70abd6@group-0CD34D698E0C: start as a follower, conf=-1: [59ec8f59-497a-428b-8454-a1dbaa70abd6:192.168.30.19:34609, 266f4e38-b438-4944-8569-530d2ae5f6fc:192.168.30.19:46645, d7821b28-18a7-4460-b735-be2c20024ab7:192.168.30.19:45148], old=null
2019-09-29 11:26:38,762 [pool-408-thread-1] INFO  impl.RaftServerImpl (RaftServerImpl.java:setRole(174)) - 59ec8f59-497a-428b-8454-a1dbaa70abd6@group-0CD34D698E0C: changes role from      null to FOLLOWER at term 0 for startAsFollower
2019-09-29 11:26:38,762 [pool-408-thread-1] INFO  impl.RoleInfo (RoleInfo.java:updateAndGet(143)) - 59ec8f59-497a-428b-8454-a1dbaa70abd6: start FollowerState
2019-09-29 11:26:38,763 [pool-408-thread-1] INFO  util.JmxRegister (JmxRegister.java:tryRegister(44)) - Successfully registered JMX Bean with object name Ratis:service=RaftServer,group=group-0CD34D698E0C,id=59ec8f59-497a-428b-8454-a1dbaa70abd6
2019-09-29 11:26:38,769 [pool-428-thread-1] INFO  storage.RaftStorage (RaftStorage.java:format(72)) - Storage directory /workdir/hadoop-ozone/integration-test/target/test-dir/MiniOzoneClusterImpl-f848b852-1aaf-4c40-a29c-4c10b1dc7f95/datanode-2/data/ratis/34d49c9d-af83-4d29-8968-0cd34d698e0c has been successfully formatted.
2019-09-29 11:26:38,769 [pool-418-thread-1] INFO  storage.RaftStorage (RaftStorage.java:format(72)) - Storage directory /workdir/hadoop-ozone/integration-test/target/test-dir/MiniOzoneClusterImpl-f848b852-1aaf-4c40-a29c-4c10b1dc7f95/datanode-1/data/ratis/34d49c9d-af83-4d29-8968-0cd34d698e0c has been successfully formatted.
2019-09-29 11:26:38,769 [pool-428-thread-1] INFO  ratis.ContainerStateMachine (ContainerStateMachine.java:loadSnapshot(230)) - group-0CD34D698E0C: The snapshot info is null. Setting the last applied indexto:(t:0, i:~)
2019-09-29 11:26:38,769 [pool-418-thread-1] INFO  ratis.ContainerStateMachine (ContainerStateMachine.java:loadSnapshot(230)) - group-0CD34D698E0C: The snapshot info is null. Setting the last applied indexto:(t:0, i:~)
2019-09-29 11:26:38,769 [pool-428-thread-1] INFO  server.RaftServerConfigKeys (ConfUtils.java:logGet(43)) - raft.server.notification.no-leader.timeout = 120s (custom)
2019-09-29 11:26:38,770 [pool-418-thread-1] INFO  server.RaftServerConfigKeys (ConfUtils.java:logGet(43)) - raft.server.notification.no-leader.timeout = 120s (custom)
2019-09-29 11:26:38,770 [pool-428-thread-1] INFO  server.RaftServerConfigKeys (ConfUtils.java:logGet(43)) - raft.server.log.use.memory = false (default)
2019-09-29 11:26:38,770 [pool-418-thread-1] INFO  server.RaftServerConfigKeys (ConfUtils.java:logGet(43)) - raft.server.log.use.memory = false (default)
2019-09-29 11:26:38,770 [pool-428-thread-1] INFO  server.RaftServerConfigKeys (ConfUtils.java:logGet(43)) - raft.server.log.purge.gap = 1000000 (custom)
2019-09-29 11:26:38,770 [pool-418-thread-1] INFO  server.RaftServerConfigKeys (ConfUtils.java:logGet(43)) - raft.server.log.purge.gap = 1000000 (custom)
2019-09-29 11:26:38,770 [pool-428-thread-1] INFO  server.RaftServerConfigKeys (ConfUtils.java:logGet(43)) - raft.server.log.appender.buffer.byte-limit = 33554432 (custom)
2019-09-29 11:26:38,770 [pool-418-thread-1] INFO  server.RaftServerConfigKeys (ConfUtils.java:logGet(43)) - raft.server.log.appender.buffer.byte-limit = 33554432 (custom)
2019-09-29 11:26:38,771 [pool-428-thread-1] INFO  server.RaftServerConfigKeys (ConfUtils.java:logGet(43)) - raft.server.log.segment.size.max = 1048576 (custom)
2019-09-29 11:26:38,771 [pool-418-thread-1] INFO  server.RaftServerConfigKeys (ConfUtils.java:logGet(43)) - raft.server.log.segment.size.max = 1048576 (custom)
2019-09-29 11:26:38,771 [pool-428-thread-1] INFO  server.RaftServerConfigKeys (ConfUtils.java:logGet(43)) - raft.server.log.segment.cache.num.max = 2 (custom)
2019-09-29 11:26:38,771 [pool-418-thread-1] INFO  server.RaftServerConfigKeys (ConfUtils.java:logGet(43)) - raft.server.log.segment.cache.num.max = 2 (custom)
2019-09-29 11:26:38,771 [pool-428-thread-1] INFO  segmented.SegmentedRaftLogWorker (SegmentedRaftLogWorker.java:<init>(172)) - new 266f4e38-b438-4944-8569-530d2ae5f6fc@group-0CD34D698E0C-SegmentedRaftLogWorker for RaftStorage:Storage Directory /workdir/hadoop-ozone/integration-test/target/test-dir/MiniOzoneClusterImpl-f848b852-1aaf-4c40-a29c-4c10b1dc7f95/datanode-2/data/ratis/34d49c9d-af83-4d29-8968-0cd34d698e0c
2019-09-29 11:26:38,771 [pool-418-thread-1] INFO  segmented.SegmentedRaftLogWorker (SegmentedRaftLogWorker.java:<init>(172)) - new d7821b28-18a7-4460-b735-be2c20024ab7@group-0CD34D698E0C-SegmentedRaftLogWorker for RaftStorage:Storage Directory /workdir/hadoop-ozone/integration-test/target/test-dir/MiniOzoneClusterImpl-f848b852-1aaf-4c40-a29c-4c10b1dc7f95/datanode-1/data/ratis/34d49c9d-af83-4d29-8968-0cd34d698e0c
2019-09-29 11:26:38,771 [pool-428-thread-1] INFO  server.RaftServerConfigKeys (ConfUtils.java:logGet(43)) - raft.server.log.queue.byte-limit = 2147483647 (custom)
2019-09-29 11:26:38,772 [pool-418-thread-1] INFO  server.RaftServerConfigKeys (ConfUtils.java:logGet(43)) - raft.server.log.queue.byte-limit = 2147483647 (custom)
2019-09-29 11:26:38,772 [pool-428-thread-1] INFO  server.RaftServerConfigKeys (ConfUtils.java:logGet(43)) - raft.server.log.queue.element-limit = 1024 (custom)
2019-09-29 11:26:38,772 [pool-418-thread-1] INFO  server.RaftServerConfigKeys (ConfUtils.java:logGet(43)) - raft.server.log.queue.element-limit = 1024 (custom)
2019-09-29 11:26:38,772 [pool-428-thread-1] INFO  server.RaftServerConfigKeys (ConfUtils.java:logGet(43)) - raft.server.log.segment.size.max = 1048576 (custom)
2019-09-29 11:26:38,772 [pool-418-thread-1] INFO  server.RaftServerConfigKeys (ConfUtils.java:logGet(43)) - raft.server.log.segment.size.max = 1048576 (custom)
2019-09-29 11:26:38,772 [pool-428-thread-1] INFO  server.RaftServerConfigKeys (ConfUtils.java:logGet(43)) - raft.server.log.preallocated.size = 16384 (custom)
2019-09-29 11:26:38,772 [pool-418-thread-1] INFO  server.RaftServerConfigKeys (ConfUtils.java:logGet(43)) - raft.server.log.preallocated.size = 16384 (custom)
2019-09-29 11:26:38,773 [pool-428-thread-1] INFO  server.RaftServerConfigKeys (ConfUtils.java:logGet(43)) - raft.server.log.write.buffer.size = 33554432 (custom)
2019-09-29 11:26:38,773 [pool-418-thread-1] INFO  server.RaftServerConfigKeys (ConfUtils.java:logGet(43)) - raft.server.log.write.buffer.size = 33554432 (custom)
2019-09-29 11:26:38,773 [pool-428-thread-1] INFO  server.RaftServerConfigKeys (ConfUtils.java:logGet(43)) - raft.server.log.force.sync.num = 128 (default)
2019-09-29 11:26:38,773 [pool-418-thread-1] INFO  server.RaftServerConfigKeys (ConfUtils.java:logGet(43)) - raft.server.log.force.sync.num = 128 (default)
2019-09-29 11:26:38,773 [pool-428-thread-1] INFO  server.RaftServerConfigKeys (ConfUtils.java:logGet(43)) - raft.server.log.statemachine.data.sync = true (default)
2019-09-29 11:26:38,773 [pool-418-thread-1] INFO  server.RaftServerConfigKeys (ConfUtils.java:logGet(43)) - raft.server.log.statemachine.data.sync = true (default)
2019-09-29 11:26:38,773 [pool-428-thread-1] INFO  server.RaftServerConfigKeys (ConfUtils.java:logGet(43)) - raft.server.log.statemachine.data.sync.timeout = 10s (default)
2019-09-29 11:26:38,774 [pool-418-thread-1] INFO  server.RaftServerConfigKeys (ConfUtils.java:logGet(43)) - raft.server.log.statemachine.data.sync.timeout = 10s (default)
2019-09-29 11:26:38,774 [pool-428-thread-1] INFO  server.RaftServerConfigKeys (ConfUtils.java:logGet(43)) - raft.server.log.statemachine.data.sync.timeout.retry = -1 (default)
2019-09-29 11:26:38,774 [pool-418-thread-1] INFO  server.RaftServerConfigKeys (ConfUtils.java:logGet(43)) - raft.server.log.statemachine.data.sync.timeout.retry = -1 (default)
2019-09-29 11:26:38,774 [pool-428-thread-1] INFO  server.RaftServerConfigKeys (ConfUtils.java:logGet(43)) - raft.server.log.statemachine.data.caching.enabled = true (custom)
2019-09-29 11:26:38,774 [pool-418-thread-1] INFO  server.RaftServerConfigKeys (ConfUtils.java:logGet(43)) - raft.server.log.statemachine.data.caching.enabled = true (custom)
2019-09-29 11:26:38,774 [pool-428-thread-1] INFO  segmented.SegmentedRaftLogWorker (SegmentedRaftLogWorker.java:lambda$new$0(132)) - 266f4e38-b438-4944-8569-530d2ae5f6fc@group-0CD34D698E0C-SegmentedRaftLogWorker: flushIndex: setUnconditionally 0 -> -1
2019-09-29 11:26:38,775 [pool-418-thread-1] INFO  segmented.SegmentedRaftLogWorker (SegmentedRaftLogWorker.java:lambda$new$0(132)) - d7821b28-18a7-4460-b735-be2c20024ab7@group-0CD34D698E0C-SegmentedRaftLogWorker: flushIndex: setUnconditionally 0 -> -1
2019-09-29 11:26:38,775 [pool-428-thread-1] INFO  server.RaftServerConfigKeys (ConfUtils.java:logGet(43)) - raft.server.snapshot.auto.trigger.enabled = true (custom)
2019-09-29 11:26:38,775 [pool-428-thread-1] INFO  server.RaftServerConfigKeys (ConfUtils.java:logGet(43)) - raft.server.snapshot.auto.trigger.threshold = 10000 (custom)
2019-09-29 11:26:38,775 [pool-418-thread-1] INFO  server.RaftServerConfigKeys (ConfUtils.java:logGet(43)) - raft.server.snapshot.auto.trigger.enabled = true (custom)
2019-09-29 11:26:38,775 [pool-428-thread-1] INFO  server.RaftServerConfigKeys (ConfUtils.java:logGet(43)) - raft.server.snapshot.retention.num.files = 5 (custom)
2019-09-29 11:26:38,775 [pool-418-thread-1] INFO  server.RaftServerConfigKeys (ConfUtils.java:logGet(43)) - raft.server.snapshot.auto.trigger.threshold = 10000 (custom)
2019-09-29 11:26:38,775 [pool-428-thread-1] INFO  server.RaftServerConfigKeys (ConfUtils.java:logGet(43)) - raft.server.retrycache.expirytime = 600000ms (custom)
2019-09-29 11:26:38,775 [pool-418-thread-1] INFO  server.RaftServerConfigKeys (ConfUtils.java:logGet(43)) - raft.server.snapshot.retention.num.files = 5 (custom)
2019-09-29 11:26:38,776 [pool-418-thread-1] INFO  server.RaftServerConfigKeys (ConfUtils.java:logGet(43)) - raft.server.retrycache.expirytime = 600000ms (custom)
2019-09-29 11:26:38,778 [pool-428-thread-1] INFO  impl.RaftServerImpl (RaftServerImpl.java:start(185)) - 266f4e38-b438-4944-8569-530d2ae5f6fc@group-0CD34D698E0C: start as a follower, conf=-1: [59ec8f59-497a-428b-8454-a1dbaa70abd6:192.168.30.19:34609, 266f4e38-b438-4944-8569-530d2ae5f6fc:192.168.30.19:46645, d7821b28-18a7-4460-b735-be2c20024ab7:192.168.30.19:45148], old=null
2019-09-29 11:26:38,778 [pool-428-thread-1] INFO  impl.RaftServerImpl (RaftServerImpl.java:setRole(174)) - 266f4e38-b438-4944-8569-530d2ae5f6fc@group-0CD34D698E0C: changes role from      null to FOLLOWER at term 0 for startAsFollower
2019-09-29 11:26:38,779 [pool-428-thread-1] INFO  impl.RoleInfo (RoleInfo.java:updateAndGet(143)) - 266f4e38-b438-4944-8569-530d2ae5f6fc: start FollowerState
2019-09-29 11:26:38,779 [pool-418-thread-1] INFO  impl.RaftServerImpl (RaftServerImpl.java:start(185)) - d7821b28-18a7-4460-b735-be2c20024ab7@group-0CD34D698E0C: start as a follower, conf=-1: [59ec8f59-497a-428b-8454-a1dbaa70abd6:192.168.30.19:34609, 266f4e38-b438-4944-8569-530d2ae5f6fc:192.168.30.19:46645, d7821b28-18a7-4460-b735-be2c20024ab7:192.168.30.19:45148], old=null
2019-09-29 11:26:38,779 [pool-418-thread-1] INFO  impl.RaftServerImpl (RaftServerImpl.java:setRole(174)) - d7821b28-18a7-4460-b735-be2c20024ab7@group-0CD34D698E0C: changes role from      null to FOLLOWER at term 0 for startAsFollower
2019-09-29 11:26:38,779 [pool-428-thread-1] INFO  util.JmxRegister (JmxRegister.java:tryRegister(44)) - Successfully registered JMX Bean with object name Ratis:service=RaftServer,group=group-0CD34D698E0C,id=266f4e38-b438-4944-8569-530d2ae5f6fc
2019-09-29 11:26:38,779 [pool-418-thread-1] INFO  impl.RoleInfo (RoleInfo.java:updateAndGet(143)) - d7821b28-18a7-4460-b735-be2c20024ab7: start FollowerState
2019-09-29 11:26:38,780 [pool-418-thread-1] INFO  util.JmxRegister (JmxRegister.java:tryRegister(44)) - Successfully registered JMX Bean with object name Ratis:service=RaftServer,group=group-0CD34D698E0C,id=d7821b28-18a7-4460-b735-be2c20024ab7
2019-09-29 11:26:38,781 [RatisPipelineUtilsThread] INFO  pipeline.PipelineStateManager (PipelineStateManager.java:addPipeline(56)) - Created pipeline Pipeline[ Id: 34d49c9d-af83-4d29-8968-0cd34d698e0c, Nodes: 266f4e38-b438-4944-8569-530d2ae5f6fc{ip: 192.168.30.19, host: pr-hdds-1569-lsfh5-224679870, networkLocation: /default-rack, certSerialId: null}59ec8f59-497a-428b-8454-a1dbaa70abd6{ip: 192.168.30.19, host: pr-hdds-1569-lsfh5-224679870, networkLocation: /default-rack, certSerialId: null}d7821b28-18a7-4460-b735-be2c20024ab7{ip: 192.168.30.19, host: pr-hdds-1569-lsfh5-224679870, networkLocation: /default-rack, certSerialId: null}, Type:RATIS, Factor:THREE, State:OPEN]
2019-09-29 11:26:38,788 [grpc-default-executor-19] INFO  impl.RaftServerProxy (RaftServerProxy.java:addNew(89)) - d7821b28-18a7-4460-b735-be2c20024ab7: addNew group-086DA515FD7E:[266f4e38-b438-4944-8569-530d2ae5f6fc:192.168.30.19:46645, d7821b28-18a7-4460-b735-be2c20024ab7:192.168.30.19:45148, c5175ad5-525e-4c2e-832b-1ca15aa9c500:192.168.30.19:40504] returns group-086DA515FD7E:java.util.concurrent.CompletableFuture@2d09a22a[Not completed]
2019-09-29 11:26:38,789 [grpc-default-executor-26] INFO  impl.RaftServerProxy (RaftServerProxy.java:addNew(89)) - 266f4e38-b438-4944-8569-530d2ae5f6fc: addNew group-086DA515FD7E:[266f4e38-b438-4944-8569-530d2ae5f6fc:192.168.30.19:46645, d7821b28-18a7-4460-b735-be2c20024ab7:192.168.30.19:45148, c5175ad5-525e-4c2e-832b-1ca15aa9c500:192.168.30.19:40504] returns group-086DA515FD7E:java.util.concurrent.CompletableFuture@a65df72[Not completed]
2019-09-29 11:26:38,792 [grpc-default-executor-27] INFO  impl.RaftServerProxy (RaftServerProxy.java:addNew(89)) - c5175ad5-525e-4c2e-832b-1ca15aa9c500: addNew group-086DA515FD7E:[266f4e38-b438-4944-8569-530d2ae5f6fc:192.168.30.19:46645, d7821b28-18a7-4460-b735-be2c20024ab7:192.168.30.19:45148, c5175ad5-525e-4c2e-832b-1ca15aa9c500:192.168.30.19:40504] returns group-086DA515FD7E:java.util.concurrent.CompletableFuture@17e45aa5[Not completed]
2019-09-29 11:26:38,793 [pool-418-thread-1] INFO  impl.RaftServerImpl (RaftServerImpl.java:<init>(95)) - d7821b28-18a7-4460-b735-be2c20024ab7: new RaftServerImpl for group-086DA515FD7E:[266f4e38-b438-4944-8569-530d2ae5f6fc:192.168.30.19:46645, d7821b28-18a7-4460-b735-be2c20024ab7:192.168.30.19:45148, c5175ad5-525e-4c2e-832b-1ca15aa9c500:192.168.30.19:40504] with ContainerStateMachine:uninitialized
2019-09-29 11:26:38,793 [IPC Server handler 5 on 46808] INFO  net.NetworkTopology (NetworkTopologyImpl.java:add(111)) - Added a new node: /default-rack/f44bf8a9-87e1-4667-ad7c-2a8437d94769
2019-09-29 11:26:38,793 [pool-418-thread-1] INFO  server.RaftServerConfigKeys (ConfUtils.java:logGet(43)) - raft.server.rpc.timeout.min = 5s (custom)
2019-09-29 11:26:38,793 [IPC Server handler 5 on 46808] INFO  node.SCMNodeManager (SCMNodeManager.java:register(266)) - Registered Data node : f44bf8a9-87e1-4667-ad7c-2a8437d94769{ip: 192.168.30.19, host: pr-hdds-1569-lsfh5-224679870, networkLocation: /default-rack, certSerialId: null}
2019-09-29 11:26:38,793 [pool-418-thread-1] INFO  server.RaftServerConfigKeys (ConfUtils.java:logGet(43)) - raft.server.rpc.timeout.max = 5200ms (custom)
2019-09-29 11:26:38,793 [pool-428-thread-1] INFO  impl.RaftServerImpl (RaftServerImpl.java:<init>(95)) - 266f4e38-b438-4944-8569-530d2ae5f6fc: new RaftServerImpl for group-086DA515FD7E:[266f4e38-b438-4944-8569-530d2ae5f6fc:192.168.30.19:46645, d7821b28-18a7-4460-b735-be2c20024ab7:192.168.30.19:45148, c5175ad5-525e-4c2e-832b-1ca15aa9c500:192.168.30.19:40504] with ContainerStateMachine:uninitialized
2019-09-29 11:26:38,793 [pool-418-thread-1] INFO  server.RaftServerConfigKeys (ConfUtils.java:logGet(43)) - raft.server.rpcslowness.timeout = 120s (custom)
2019-09-29 11:26:38,794 [pool-428-thread-1] INFO  server.RaftServerConfigKeys (ConfUtils.java:logGet(43)) - raft.server.rpc.timeout.min = 5s (custom)
2019-09-29 11:26:38,794 [pool-418-thread-1] INFO  server.RaftServerConfigKeys (ConfUtils.java:logGet(43)) - raft.server.sleep.deviation.threshold = 300 (default)
2019-09-29 11:26:38,794 [pool-428-thread-1] INFO  server.RaftServerConfigKeys (ConfUtils.java:logGet(43)) - raft.server.rpc.timeout.max = 5200ms (custom)
2019-09-29 11:26:38,794 [pool-438-thread-1] INFO  impl.RaftServerImpl (RaftServerImpl.java:<init>(95)) - c5175ad5-525e-4c2e-832b-1ca15aa9c500: new RaftServerImpl for group-086DA515FD7E:[266f4e38-b438-4944-8569-530d2ae5f6fc:192.168.30.19:46645, d7821b28-18a7-4460-b735-be2c20024ab7:192.168.30.19:45148, c5175ad5-525e-4c2e-832b-1ca15aa9c500:192.168.30.19:40504] with ContainerStateMachine:uninitialized
2019-09-29 11:26:38,794 [pool-418-thread-1] INFO  server.RaftServerConfigKeys (ConfUtils.java:logGet(43)) - raft.server.log.appender.install.snapshot.enabled = false (custom)
2019-09-29 11:26:38,794 [pool-438-thread-1] INFO  server.RaftServerConfigKeys (ConfUtils.java:logGet(43)) - raft.server.rpc.timeout.min = 5s (custom)
2019-09-29 11:26:38,794 [pool-428-thread-1] INFO  server.RaftServerConfigKeys (ConfUtils.java:logGet(43)) - raft.server.rpcslowness.timeout = 120s (custom)
2019-09-29 11:26:38,794 [pool-438-thread-1] INFO  server.RaftServerConfigKeys (ConfUtils.java:logGet(43)) - raft.server.rpc.timeout.max = 5200ms (custom)
2019-09-29 11:26:38,794 [pool-418-thread-1] INFO  impl.RaftServerImpl (ServerState.java:<init>(103)) - d7821b28-18a7-4460-b735-be2c20024ab7@group-086DA515FD7E: ConfigurationManager, init=-1: [266f4e38-b438-4944-8569-530d2ae5f6fc:192.168.30.19:46645, d7821b28-18a7-4460-b735-be2c20024ab7:192.168.30.19:45148, c5175ad5-525e-4c2e-832b-1ca15aa9c500:192.168.30.19:40504], old=null, confs=<EMPTY_MAP>
2019-09-29 11:26:38,795 [pool-438-thread-1] INFO  server.RaftServerConfigKeys (ConfUtils.java:logGet(43)) - raft.server.rpcslowness.timeout = 120s (custom)
2019-09-29 11:26:38,794 [pool-428-thread-1] INFO  server.RaftServerConfigKeys (ConfUtils.java:logGet(43)) - raft.server.sleep.deviation.threshold = 300 (default)
2019-09-29 11:26:38,795 [pool-438-thread-1] INFO  server.RaftServerConfigKeys (ConfUtils.java:logGet(43)) - raft.server.sleep.deviation.threshold = 300 (default)
2019-09-29 11:26:38,795 [pool-438-thread-1] INFO  server.RaftServerConfigKeys (ConfUtils.java:logGet(43)) - raft.server.log.appender.install.snapshot.enabled = false (custom)
2019-09-29 11:26:38,795 [pool-418-thread-1] INFO  server.RaftServerConfigKeys (ConfUtils.java:logGet(43)) - raft.server.storage.dir = [/workdir/hadoop-ozone/integration-test/target/test-dir/MiniOzoneClusterImpl-f848b852-1aaf-4c40-a29c-4c10b1dc7f95/datanode-1/data/ratis] (custom)
2019-09-29 11:26:38,795 [pool-438-thread-1] INFO  impl.RaftServerImpl (ServerState.java:<init>(103)) - c5175ad5-525e-4c2e-832b-1ca15aa9c500@group-086DA515FD7E: ConfigurationManager, init=-1: [266f4e38-b438-4944-8569-530d2ae5f6fc:192.168.30.19:46645, d7821b28-18a7-4460-b735-be2c20024ab7:192.168.30.19:45148, c5175ad5-525e-4c2e-832b-1ca15aa9c500:192.168.30.19:40504], old=null, confs=<EMPTY_MAP>
2019-09-29 11:26:38,795 [pool-428-thread-1] INFO  server.RaftServerConfigKeys (ConfUtils.java:logGet(43)) - raft.server.log.appender.install.snapshot.enabled = false (custom)
2019-09-29 11:26:38,795 [pool-418-thread-1] INFO  storage.RaftStorageDirectory (RaftStorageDirectory.java:analyzeStorage(246)) - The storage directory /workdir/hadoop-ozone/integration-test/target/test-dir/MiniOzoneClusterImpl-f848b852-1aaf-4c40-a29c-4c10b1dc7f95/datanode-1/data/ratis/67f5dee5-7be3-44d8-8082-086da515fd7e does not exist. Creating ...
2019-09-29 11:26:38,795 [pool-438-thread-1] INFO  server.RaftServerConfigKeys (ConfUtils.java:logGet(43)) - raft.server.storage.dir = [/workdir/hadoop-ozone/integration-test/target/test-dir/MiniOzoneClusterImpl-f848b852-1aaf-4c40-a29c-4c10b1dc7f95/datanode-3/data/ratis] (custom)
2019-09-29 11:26:38,796 [pool-428-thread-1] INFO  impl.RaftServerImpl (ServerState.java:<init>(103)) - 266f4e38-b438-4944-8569-530d2ae5f6fc@group-086DA515FD7E: ConfigurationManager, init=-1: [266f4e38-b438-4944-8569-530d2ae5f6fc:192.168.30.19:46645, d7821b28-18a7-4460-b735-be2c20024ab7:192.168.30.19:45148, c5175ad5-525e-4c2e-832b-1ca15aa9c500:192.168.30.19:40504], old=null, confs=<EMPTY_MAP>
2019-09-29 11:26:38,796 [pool-428-thread-1] INFO  server.RaftServerConfigKeys (ConfUtils.java:logGet(43)) - raft.server.storage.dir = [/workdir/hadoop-ozone/integration-test/target/test-dir/MiniOzoneClusterImpl-f848b852-1aaf-4c40-a29c-4c10b1dc7f95/datanode-2/data/ratis] (custom)
2019-09-29 11:26:38,796 [pool-438-thread-1] INFO  storage.RaftStorageDirectory (RaftStorageDirectory.java:analyzeStorage(246)) - The storage directory /workdir/hadoop-ozone/integration-test/target/test-dir/MiniOzoneClusterImpl-f848b852-1aaf-4c40-a29c-4c10b1dc7f95/datanode-3/data/ratis/67f5dee5-7be3-44d8-8082-086da515fd7e does not exist. Creating ...
2019-09-29 11:26:38,796 [pool-428-thread-1] INFO  storage.RaftStorageDirectory (RaftStorageDirectory.java:analyzeStorage(246)) - The storage directory /workdir/hadoop-ozone/integration-test/target/test-dir/MiniOzoneClusterImpl-f848b852-1aaf-4c40-a29c-4c10b1dc7f95/datanode-2/data/ratis/67f5dee5-7be3-44d8-8082-086da515fd7e does not exist. Creating ...
2019-09-29 11:26:38,830 [pool-418-thread-1] INFO  storage.RaftStorageDirectory (RaftStorageDirectory.java:tryLock(328)) - Lock on /workdir/hadoop-ozone/integration-test/target/test-dir/MiniOzoneClusterImpl-f848b852-1aaf-4c40-a29c-4c10b1dc7f95/datanode-1/data/ratis/67f5dee5-7be3-44d8-8082-086da515fd7e/in_use.lock acquired by nodename 31535@pr-hdds-1569-lsfh5-224679870
2019-09-29 11:26:38,830 [pool-438-thread-1] INFO  storage.RaftStorageDirectory (RaftStorageDirectory.java:tryLock(328)) - Lock on /workdir/hadoop-ozone/integration-test/target/test-dir/MiniOzoneClusterImpl-f848b852-1aaf-4c40-a29c-4c10b1dc7f95/datanode-3/data/ratis/67f5dee5-7be3-44d8-8082-086da515fd7e/in_use.lock acquired by nodename 31535@pr-hdds-1569-lsfh5-224679870
2019-09-29 11:26:38,830 [pool-428-thread-1] INFO  storage.RaftStorageDirectory (RaftStorageDirectory.java:tryLock(328)) - Lock on /workdir/hadoop-ozone/integration-test/target/test-dir/MiniOzoneClusterImpl-f848b852-1aaf-4c40-a29c-4c10b1dc7f95/datanode-2/data/ratis/67f5dee5-7be3-44d8-8082-086da515fd7e/in_use.lock acquired by nodename 31535@pr-hdds-1569-lsfh5-224679870
2019-09-29 11:26:38,856 [pool-428-thread-1] INFO  storage.RaftStorage (RaftStorage.java:format(72)) - Storage directory /workdir/hadoop-ozone/integration-test/target/test-dir/MiniOzoneClusterImpl-f848b852-1aaf-4c40-a29c-4c10b1dc7f95/datanode-2/data/ratis/67f5dee5-7be3-44d8-8082-086da515fd7e has been successfully formatted.
2019-09-29 11:26:38,856 [pool-418-thread-1] INFO  storage.RaftStorage (RaftStorage.java:format(72)) - Storage directory /workdir/hadoop-ozone/integration-test/target/test-dir/MiniOzoneClusterImpl-f848b852-1aaf-4c40-a29c-4c10b1dc7f95/datanode-1/data/ratis/67f5dee5-7be3-44d8-8082-086da515fd7e has been successfully formatted.
2019-09-29 11:26:38,856 [pool-438-thread-1] INFO  storage.RaftStorage (RaftStorage.java:format(72)) - Storage directory /workdir/hadoop-ozone/integration-test/target/test-dir/MiniOzoneClusterImpl-f848b852-1aaf-4c40-a29c-4c10b1dc7f95/datanode-3/data/ratis/67f5dee5-7be3-44d8-8082-086da515fd7e has been successfully formatted.
2019-09-29 11:26:38,856 [pool-418-thread-1] INFO  ratis.ContainerStateMachine (ContainerStateMachine.java:loadSnapshot(230)) - group-086DA515FD7E: The snapshot info is null. Setting the last applied indexto:(t:0, i:~)
2019-09-29 11:26:38,856 [pool-428-thread-1] INFO  ratis.ContainerStateMachine (ContainerStateMachine.java:loadSnapshot(230)) - group-086DA515FD7E: The snapshot info is null. Setting the last applied indexto:(t:0, i:~)
2019-09-29 11:26:38,856 [pool-418-thread-1] INFO  server.RaftServerConfigKeys (ConfUtils.java:logGet(43)) - raft.server.notification.no-leader.timeout = 120s (custom)
2019-09-29 11:26:38,856 [pool-438-thread-1] INFO  ratis.ContainerStateMachine (ContainerStateMachine.java:loadSnapshot(230)) - group-086DA515FD7E: The snapshot info is null. Setting the last applied indexto:(t:0, i:~)
2019-09-29 11:26:38,857 [pool-418-thread-1] INFO  server.RaftServerConfigKeys (ConfUtils.java:logGet(43)) - raft.server.log.use.memory = false (default)
2019-09-29 11:26:38,856 [pool-428-thread-1] INFO  server.RaftServerConfigKeys (ConfUtils.java:logGet(43)) - raft.server.notification.no-leader.timeout = 120s (custom)
2019-09-29 11:26:38,857 [pool-418-thread-1] INFO  server.RaftServerConfigKeys (ConfUtils.java:logGet(43)) - raft.server.log.purge.gap = 1000000 (custom)
2019-09-29 11:26:38,857 [pool-438-thread-1] INFO  server.RaftServerConfigKeys (ConfUtils.java:logGet(43)) - raft.server.notification.no-leader.timeout = 120s (custom)
2019-09-29 11:26:38,857 [pool-418-thread-1] INFO  server.RaftServerConfigKeys (ConfUtils.java:logGet(43)) - raft.server.log.appender.buffer.byte-limit = 33554432 (custom)
2019-09-29 11:26:38,857 [pool-428-thread-1] INFO  server.RaftServerConfigKeys (ConfUtils.java:logGet(43)) - raft.server.log.use.memory = false (default)
2019-09-29 11:26:38,857 [pool-418-thread-1] INFO  server.RaftServerConfigKeys (ConfUtils.java:logGet(43)) - raft.server.log.segment.size.max = 1048576 (custom)
2019-09-29 11:26:38,857 [pool-438-thread-1] INFO  server.RaftServerConfigKeys (ConfUtils.java:logGet(43)) - raft.server.log.use.memory = false (default)
2019-09-29 11:26:38,858 [pool-418-thread-1] INFO  server.RaftServerConfigKeys (ConfUtils.java:logGet(43)) - raft.server.log.segment.cache.num.max = 2 (custom)
2019-09-29 11:26:38,858 [pool-418-thread-1] INFO  segmented.SegmentedRaftLogWorker (SegmentedRaftLogWorker.java:<init>(172)) - new d7821b28-18a7-4460-b735-be2c20024ab7@group-086DA515FD7E-SegmentedRaftLogWorker for RaftStorage:Storage Directory /workdir/hadoop-ozone/integration-test/target/test-dir/MiniOzoneClusterImpl-f848b852-1aaf-4c40-a29c-4c10b1dc7f95/datanode-1/data/ratis/67f5dee5-7be3-44d8-8082-086da515fd7e
2019-09-29 11:26:38,857 [pool-428-thread-1] INFO  server.RaftServerConfigKeys (ConfUtils.java:logGet(43)) - raft.server.log.purge.gap = 1000000 (custom)
2019-09-29 11:26:38,858 [pool-418-thread-1] INFO  server.RaftServerConfigKeys (ConfUtils.java:logGet(43)) - raft.server.log.queue.byte-limit = 2147483647 (custom)
2019-09-29 11:26:38,858 [pool-418-thread-1] INFO  server.RaftServerConfigKeys (ConfUtils.java:logGet(43)) - raft.server.log.queue.element-limit = 1024 (custom)
2019-09-29 11:26:38,858 [pool-438-thread-1] INFO  server.RaftServerConfigKeys (ConfUtils.java:logGet(43)) - raft.server.log.purge.gap = 1000000 (custom)
2019-09-29 11:26:38,858 [pool-418-thread-1] INFO  server.RaftServerConfigKeys (ConfUtils.java:logGet(43)) - raft.server.log.segment.size.max = 1048576 (custom)
2019-09-29 11:26:38,858 [pool-428-thread-1] INFO  server.RaftServerConfigKeys (ConfUtils.java:logGet(43)) - raft.server.log.appender.buffer.byte-limit = 33554432 (custom)
2019-09-29 11:26:38,859 [pool-418-thread-1] INFO  server.RaftServerConfigKeys (ConfUtils.java:logGet(43)) - raft.server.log.preallocated.size = 16384 (custom)
2019-09-29 11:26:38,859 [pool-438-thread-1] INFO  server.RaftServerConfigKeys (ConfUtils.java:logGet(43)) - raft.server.log.appender.buffer.byte-limit = 33554432 (custom)
2019-09-29 11:26:38,859 [pool-418-thread-1] INFO  server.RaftServerConfigKeys (ConfUtils.java:logGet(43)) - raft.server.log.write.buffer.size = 33554432 (custom)
2019-09-29 11:26:38,859 [pool-418-thread-1] INFO  server.RaftServerConfigKeys (ConfUtils.java:logGet(43)) - raft.server.log.force.sync.num = 128 (default)
2019-09-29 11:26:38,859 [pool-428-thread-1] INFO  server.RaftServerConfigKeys (ConfUtils.java:logGet(43)) - raft.server.log.segment.size.max = 1048576 (custom)
2019-09-29 11:26:38,859 [pool-418-thread-1] INFO  server.RaftServerConfigKeys (ConfUtils.java:logGet(43)) - raft.server.log.statemachine.data.sync = true (default)
2019-09-29 11:26:38,859 [pool-438-thread-1] INFO  server.RaftServerConfigKeys (ConfUtils.java:logGet(43)) - raft.server.log.segment.size.max = 1048576 (custom)
2019-09-29 11:26:38,860 [pool-418-thread-1] INFO  server.RaftServerConfigKeys (ConfUtils.java:logGet(43)) - raft.server.log.statemachine.data.sync.timeout = 10s (default)
2019-09-29 11:26:38,859 [pool-428-thread-1] INFO  server.RaftServerConfigKeys (ConfUtils.java:logGet(43)) - raft.server.log.segment.cache.num.max = 2 (custom)
2019-09-29 11:26:38,860 [pool-418-thread-1] INFO  server.RaftServerConfigKeys (ConfUtils.java:logGet(43)) - raft.server.log.statemachine.data.sync.timeout.retry = -1 (default)
2019-09-29 11:26:38,860 [pool-438-thread-1] INFO  server.RaftServerConfigKeys (ConfUtils.java:logGet(43)) - raft.server.log.segment.cache.num.max = 2 (custom)
2019-09-29 11:26:38,860 [pool-418-thread-1] INFO  server.RaftServerConfigKeys (ConfUtils.java:logGet(43)) - raft.server.log.statemachine.data.caching.enabled = true (custom)
2019-09-29 11:26:38,860 [pool-428-thread-1] INFO  segmented.SegmentedRaftLogWorker (SegmentedRaftLogWorker.java:<init>(172)) - new 266f4e38-b438-4944-8569-530d2ae5f6fc@group-086DA515FD7E-SegmentedRaftLogWorker for RaftStorage:Storage Directory /workdir/hadoop-ozone/integration-test/target/test-dir/MiniOzoneClusterImpl-f848b852-1aaf-4c40-a29c-4c10b1dc7f95/datanode-2/data/ratis/67f5dee5-7be3-44d8-8082-086da515fd7e
2019-09-29 11:26:38,860 [pool-438-thread-1] INFO  segmented.SegmentedRaftLogWorker (SegmentedRaftLogWorker.java:<init>(172)) - new c5175ad5-525e-4c2e-832b-1ca15aa9c500@group-086DA515FD7E-SegmentedRaftLogWorker for RaftStorage:Storage Directory /workdir/hadoop-ozone/integration-test/target/test-dir/MiniOzoneClusterImpl-f848b852-1aaf-4c40-a29c-4c10b1dc7f95/datanode-3/data/ratis/67f5dee5-7be3-44d8-8082-086da515fd7e
2019-09-29 11:26:38,860 [pool-418-thread-1] INFO  segmented.SegmentedRaftLogWorker (SegmentedRaftLogWorker.java:lambda$new$0(132)) - d7821b28-18a7-4460-b735-be2c20024ab7@group-086DA515FD7E-SegmentedRaftLogWorker: flushIndex: setUnconditionally 0 -> -1
2019-09-29 11:26:38,860 [pool-428-thread-1] INFO  server.RaftServerConfigKeys (ConfUtils.java:logGet(43)) - raft.server.log.queue.byte-limit = 2147483647 (custom)
2019-09-29 11:26:38,861 [pool-428-thread-1] INFO  server.RaftServerConfigKeys (ConfUtils.java:logGet(43)) - raft.server.log.queue.element-limit = 1024 (custom)
2019-09-29 11:26:38,861 [pool-418-thread-1] INFO  server.RaftServerConfigKeys (ConfUtils.java:logGet(43)) - raft.server.snapshot.auto.trigger.enabled = true (custom)
2019-09-29 11:26:38,861 [pool-428-thread-1] INFO  server.RaftServerConfigKeys (ConfUtils.java:logGet(43)) - raft.server.log.segment.size.max = 1048576 (custom)
2019-09-29 11:26:38,861 [pool-418-thread-1] INFO  server.RaftServerConfigKeys (ConfUtils.java:logGet(43)) - raft.server.snapshot.auto.trigger.threshold = 10000 (custom)
2019-09-29 11:26:38,861 [pool-428-thread-1] INFO  server.RaftServerConfigKeys (ConfUtils.java:logGet(43)) - raft.server.log.preallocated.size = 16384 (custom)
2019-09-29 11:26:38,861 [pool-418-thread-1] INFO  server.RaftServerConfigKeys (ConfUtils.java:logGet(43)) - raft.server.snapshot.retention.num.files = 5 (custom)
2019-09-29 11:26:38,861 [pool-428-thread-1] INFO  server.RaftServerConfigKeys (ConfUtils.java:logGet(43)) - raft.server.log.write.buffer.size = 33554432 (custom)
2019-09-29 11:26:38,861 [pool-418-thread-1] INFO  server.RaftServerConfigKeys (ConfUtils.java:logGet(43)) - raft.server.retrycache.expirytime = 600000ms (custom)
2019-09-29 11:26:38,861 [pool-428-thread-1] INFO  server.RaftServerConfigKeys (ConfUtils.java:logGet(43)) - raft.server.log.force.sync.num = 128 (default)
2019-09-29 11:26:38,862 [pool-428-thread-1] INFO  server.RaftServerConfigKeys (ConfUtils.java:logGet(43)) - raft.server.log.statemachine.data.sync = true (default)
2019-09-29 11:26:38,862 [pool-428-thread-1] INFO  server.RaftServerConfigKeys (ConfUtils.java:logGet(43)) - raft.server.log.statemachine.data.sync.timeout = 10s (default)
2019-09-29 11:26:38,862 [pool-428-thread-1] INFO  server.RaftServerConfigKeys (ConfUtils.java:logGet(43)) - raft.server.log.statemachine.data.sync.timeout.retry = -1 (default)
2019-09-29 11:26:38,862 [pool-428-thread-1] INFO  server.RaftServerConfigKeys (ConfUtils.java:logGet(43)) - raft.server.log.statemachine.data.caching.enabled = true (custom)
2019-09-29 11:26:38,862 [pool-428-thread-1] INFO  segmented.SegmentedRaftLogWorker (SegmentedRaftLogWorker.java:lambda$new$0(132)) - 266f4e38-b438-4944-8569-530d2ae5f6fc@group-086DA515FD7E-SegmentedRaftLogWorker: flushIndex: setUnconditionally 0 -> -1
2019-09-29 11:26:38,862 [pool-438-thread-1] INFO  server.RaftServerConfigKeys (ConfUtils.java:logGet(43)) - raft.server.log.queue.byte-limit = 2147483647 (custom)
2019-09-29 11:26:38,862 [pool-428-thread-1] INFO  server.RaftServerConfigKeys (ConfUtils.java:logGet(43)) - raft.server.snapshot.auto.trigger.enabled = true (custom)
2019-09-29 11:26:38,863 [pool-438-thread-1] INFO  server.RaftServerConfigKeys (ConfUtils.java:logGet(43)) - raft.server.log.queue.element-limit = 1024 (custom)
2019-09-29 11:26:38,863 [pool-428-thread-1] INFO  server.RaftServerConfigKeys (ConfUtils.java:logGet(43)) - raft.server.snapshot.auto.trigger.threshold = 10000 (custom)
2019-09-29 11:26:38,863 [pool-428-thread-1] INFO  server.RaftServerConfigKeys (ConfUtils.java:logGet(43)) - raft.server.snapshot.retention.num.files = 5 (custom)
2019-09-29 11:26:38,863 [pool-438-thread-1] INFO  server.RaftServerConfigKeys (ConfUtils.java:logGet(43)) - raft.server.log.segment.size.max = 1048576 (custom)
2019-09-29 11:26:38,863 [pool-428-thread-1] INFO  server.RaftServerConfigKeys (ConfUtils.java:logGet(43)) - raft.server.retrycache.expirytime = 600000ms (custom)
2019-09-29 11:26:38,863 [pool-438-thread-1] INFO  server.RaftServerConfigKeys (ConfUtils.java:logGet(43)) - raft.server.log.preallocated.size = 16384 (custom)
2019-09-29 11:26:38,863 [pool-438-thread-1] INFO  server.RaftServerConfigKeys (ConfUtils.java:logGet(43)) - raft.server.log.write.buffer.size = 33554432 (custom)
2019-09-29 11:26:38,863 [pool-418-thread-1] INFO  impl.RaftServerImpl (RaftServerImpl.java:start(185)) - d7821b28-18a7-4460-b735-be2c20024ab7@group-086DA515FD7E: start as a follower, conf=-1: [266f4e38-b438-4944-8569-530d2ae5f6fc:192.168.30.19:46645, d7821b28-18a7-4460-b735-be2c20024ab7:192.168.30.19:45148, c5175ad5-525e-4c2e-832b-1ca15aa9c500:192.168.30.19:40504], old=null
2019-09-29 11:26:38,864 [pool-438-thread-1] INFO  server.RaftServerConfigKeys (ConfUtils.java:logGet(43)) - raft.server.log.force.sync.num = 128 (default)
2019-09-29 11:26:38,864 [pool-418-thread-1] INFO  impl.RaftServerImpl (RaftServerImpl.java:setRole(174)) - d7821b28-18a7-4460-b735-be2c20024ab7@group-086DA515FD7E: changes role from      null to FOLLOWER at term 0 for startAsFollower
2019-09-29 11:26:38,864 [pool-438-thread-1] INFO  server.RaftServerConfigKeys (ConfUtils.java:logGet(43)) - raft.server.log.statemachine.data.sync = true (default)
2019-09-29 11:26:38,864 [pool-418-thread-1] INFO  impl.RoleInfo (RoleInfo.java:updateAndGet(143)) - d7821b28-18a7-4460-b735-be2c20024ab7: start FollowerState
2019-09-29 11:26:38,864 [pool-438-thread-1] INFO  server.RaftServerConfigKeys (ConfUtils.java:logGet(43)) - raft.server.log.statemachine.data.sync.timeout = 10s (default)
2019-09-29 11:26:38,864 [pool-438-thread-1] INFO  server.RaftServerConfigKeys (ConfUtils.java:logGet(43)) - raft.server.log.statemachine.data.sync.timeout.retry = -1 (default)
2019-09-29 11:26:38,865 [pool-418-thread-1] INFO  util.JmxRegister (JmxRegister.java:tryRegister(44)) - Successfully registered JMX Bean with object name Ratis:service=RaftServer,group=group-086DA515FD7E,id=d7821b28-18a7-4460-b735-be2c20024ab7
2019-09-29 11:26:38,865 [pool-438-thread-1] INFO  server.RaftServerConfigKeys (ConfUtils.java:logGet(43)) - raft.server.log.statemachine.data.caching.enabled = true (custom)
2019-09-29 11:26:38,865 [pool-428-thread-1] INFO  impl.RaftServerImpl (RaftServerImpl.java:start(185)) - 266f4e38-b438-4944-8569-530d2ae5f6fc@group-086DA515FD7E: start as a follower, conf=-1: [266f4e38-b438-4944-8569-530d2ae5f6fc:192.168.30.19:46645, d7821b28-18a7-4460-b735-be2c20024ab7:192.168.30.19:45148, c5175ad5-525e-4c2e-832b-1ca15aa9c500:192.168.30.19:40504], old=null
2019-09-29 11:26:38,865 [pool-428-thread-1] INFO  impl.RaftServerImpl (RaftServerImpl.java:setRole(174)) - 266f4e38-b438-4944-8569-530d2ae5f6fc@group-086DA515FD7E: changes role from      null to FOLLOWER at term 0 for startAsFollower
2019-09-29 11:26:38,865 [pool-438-thread-1] INFO  segmented.SegmentedRaftLogWorker (SegmentedRaftLogWorker.java:lambda$new$0(132)) - c5175ad5-525e-4c2e-832b-1ca15aa9c500@group-086DA515FD7E-SegmentedRaftLogWorker: flushIndex: setUnconditionally 0 -> -1
2019-09-29 11:26:38,865 [pool-428-thread-1] INFO  impl.RoleInfo (RoleInfo.java:updateAndGet(143)) - 266f4e38-b438-4944-8569-530d2ae5f6fc: start FollowerState
2019-09-29 11:26:38,865 [pool-438-thread-1] INFO  server.RaftServerConfigKeys (ConfUtils.java:logGet(43)) - raft.server.snapshot.auto.trigger.enabled = true (custom)
2019-09-29 11:26:38,866 [pool-438-thread-1] INFO  server.RaftServerConfigKeys (ConfUtils.java:logGet(43)) - raft.server.snapshot.auto.trigger.threshold = 10000 (custom)
2019-09-29 11:26:38,866 [pool-428-thread-1] INFO  util.JmxRegister (JmxRegister.java:tryRegister(44)) - Successfully registered JMX Bean with object name Ratis:service=RaftServer,group=group-086DA515FD7E,id=266f4e38-b438-4944-8569-530d2ae5f6fc
2019-09-29 11:26:38,866 [pool-438-thread-1] INFO  server.RaftServerConfigKeys (ConfUtils.java:logGet(43)) - raft.server.snapshot.retention.num.files = 5 (custom)
2019-09-29 11:26:38,866 [pool-438-thread-1] INFO  server.RaftServerConfigKeys (ConfUtils.java:logGet(43)) - raft.server.retrycache.expirytime = 600000ms (custom)
2019-09-29 11:26:38,867 [IPC Server handler 4 on 46808] INFO  net.NetworkTopology (NetworkTopologyImpl.java:add(111)) - Added a new node: /default-rack/4e0eb492-2f27-4933-a922-d474540ed45d
2019-09-29 11:26:38,867 [IPC Server handler 4 on 46808] INFO  node.SCMNodeManager (SCMNodeManager.java:register(266)) - Registered Data node : 4e0eb492-2f27-4933-a922-d474540ed45d{ip: 192.168.30.19, host: pr-hdds-1569-lsfh5-224679870, networkLocation: /default-rack, certSerialId: null}
2019-09-29 11:26:38,868 [pool-438-thread-1] INFO  impl.RaftServerImpl (RaftServerImpl.java:start(185)) - c5175ad5-525e-4c2e-832b-1ca15aa9c500@group-086DA515FD7E: start as a follower, conf=-1: [266f4e38-b438-4944-8569-530d2ae5f6fc:192.168.30.19:46645, d7821b28-18a7-4460-b735-be2c20024ab7:192.168.30.19:45148, c5175ad5-525e-4c2e-832b-1ca15aa9c500:192.168.30.19:40504], old=null
2019-09-29 11:26:38,868 [pool-438-thread-1] INFO  impl.RaftServerImpl (RaftServerImpl.java:setRole(174)) - c5175ad5-525e-4c2e-832b-1ca15aa9c500@group-086DA515FD7E: changes role from      null to FOLLOWER at term 0 for startAsFollower
2019-09-29 11:26:38,868 [pool-438-thread-1] INFO  impl.RoleInfo (RoleInfo.java:updateAndGet(143)) - c5175ad5-525e-4c2e-832b-1ca15aa9c500: start FollowerState
2019-09-29 11:26:38,869 [pool-438-thread-1] INFO  util.JmxRegister (JmxRegister.java:tryRegister(44)) - Successfully registered JMX Bean with object name Ratis:service=RaftServer,group=group-086DA515FD7E,id=c5175ad5-525e-4c2e-832b-1ca15aa9c500
2019-09-29 11:26:38,871 [RatisPipelineUtilsThread] INFO  pipeline.PipelineStateManager (PipelineStateManager.java:addPipeline(56)) - Created pipeline Pipeline[ Id: 67f5dee5-7be3-44d8-8082-086da515fd7e, Nodes: 266f4e38-b438-4944-8569-530d2ae5f6fc{ip: 192.168.30.19, host: pr-hdds-1569-lsfh5-224679870, networkLocation: /default-rack, certSerialId: null}c5175ad5-525e-4c2e-832b-1ca15aa9c500{ip: 192.168.30.19, host: pr-hdds-1569-lsfh5-224679870, networkLocation: /default-rack, certSerialId: null}d7821b28-18a7-4460-b735-be2c20024ab7{ip: 192.168.30.19, host: pr-hdds-1569-lsfh5-224679870, networkLocation: /default-rack, certSerialId: null}, Type:RATIS, Factor:THREE, State:OPEN]
2019-09-29 11:26:38,878 [grpc-default-executor-19] INFO  impl.RaftServerProxy (RaftServerProxy.java:addNew(89)) - 266f4e38-b438-4944-8569-530d2ae5f6fc: addNew group-C452D2919BED:[266f4e38-b438-4944-8569-530d2ae5f6fc:192.168.30.19:46645, d7821b28-18a7-4460-b735-be2c20024ab7:192.168.30.19:45148, c5175ad5-525e-4c2e-832b-1ca15aa9c500:192.168.30.19:40504] returns group-C452D2919BED:java.util.concurrent.CompletableFuture@46d0db2c[Not completed]
2019-09-29 11:26:38,878 [grpc-default-executor-26] INFO  impl.RaftServerProxy (RaftServerProxy.java:addNew(89)) - d7821b28-18a7-4460-b735-be2c20024ab7: addNew group-C452D2919BED:[266f4e38-b438-4944-8569-530d2ae5f6fc:192.168.30.19:46645, d7821b28-18a7-4460-b735-be2c20024ab7:192.168.30.19:45148, c5175ad5-525e-4c2e-832b-1ca15aa9c500:192.168.30.19:40504] returns group-C452D2919BED:java.util.concurrent.CompletableFuture@3ba3a54a[Not completed]
2019-09-29 11:26:38,878 [grpc-default-executor-27] INFO  impl.RaftServerProxy (RaftServerProxy.java:addNew(89)) - c5175ad5-525e-4c2e-832b-1ca15aa9c500: addNew group-C452D2919BED:[266f4e38-b438-4944-8569-530d2ae5f6fc:192.168.30.19:46645, d7821b28-18a7-4460-b735-be2c20024ab7:192.168.30.19:45148, c5175ad5-525e-4c2e-832b-1ca15aa9c500:192.168.30.19:40504] returns group-C452D2919BED:java.util.concurrent.CompletableFuture@164c30bd[Not completed]
2019-09-29 11:26:38,880 [pool-428-thread-1] INFO  impl.RaftServerImpl (RaftServerImpl.java:<init>(95)) - 266f4e38-b438-4944-8569-530d2ae5f6fc: new RaftServerImpl for group-C452D2919BED:[266f4e38-b438-4944-8569-530d2ae5f6fc:192.168.30.19:46645, d7821b28-18a7-4460-b735-be2c20024ab7:192.168.30.19:45148, c5175ad5-525e-4c2e-832b-1ca15aa9c500:192.168.30.19:40504] with ContainerStateMachine:uninitialized
2019-09-29 11:26:38,880 [pool-428-thread-1] INFO  server.RaftServerConfigKeys (ConfUtils.java:logGet(43)) - raft.server.rpc.timeout.min = 5s (custom)
2019-09-29 11:26:38,880 [pool-428-thread-1] INFO  server.RaftServerConfigKeys (ConfUtils.java:logGet(43)) - raft.server.rpc.timeout.max = 5200ms (custom)
2019-09-29 11:26:38,880 [pool-428-thread-1] INFO  server.RaftServerConfigKeys (ConfUtils.java:logGet(43)) - raft.server.rpcslowness.timeout = 120s (custom)
2019-09-29 11:26:38,880 [pool-428-thread-1] INFO  server.RaftServerConfigKeys (ConfUtils.java:logGet(43)) - raft.server.sleep.deviation.threshold = 300 (default)
2019-09-29 11:26:38,880 [pool-428-thread-1] INFO  server.RaftServerConfigKeys (ConfUtils.java:logGet(43)) - raft.server.log.appender.install.snapshot.enabled = false (custom)
2019-09-29 11:26:38,880 [pool-428-thread-1] INFO  impl.RaftServerImpl (ServerState.java:<init>(103)) - 266f4e38-b438-4944-8569-530d2ae5f6fc@group-C452D2919BED: ConfigurationManager, init=-1: [266f4e38-b438-4944-8569-530d2ae5f6fc:192.168.30.19:46645, d7821b28-18a7-4460-b735-be2c20024ab7:192.168.30.19:45148, c5175ad5-525e-4c2e-832b-1ca15aa9c500:192.168.30.19:40504], old=null, confs=<EMPTY_MAP>
2019-09-29 11:26:38,880 [pool-438-thread-1] INFO  impl.RaftServerImpl (RaftServerImpl.java:<init>(95)) - c5175ad5-525e-4c2e-832b-1ca15aa9c500: new RaftServerImpl for group-C452D2919BED:[266f4e38-b438-4944-8569-530d2ae5f6fc:192.168.30.19:46645, d7821b28-18a7-4460-b735-be2c20024ab7:192.168.30.19:45148, c5175ad5-525e-4c2e-832b-1ca15aa9c500:192.168.30.19:40504] with ContainerStateMachine:uninitialized
2019-09-29 11:26:38,880 [pool-428-thread-1] INFO  server.RaftServerConfigKeys (ConfUtils.java:logGet(43)) - raft.server.storage.dir = [/workdir/hadoop-ozone/integration-test/target/test-dir/MiniOzoneClusterImpl-f848b852-1aaf-4c40-a29c-4c10b1dc7f95/datanode-2/data/ratis] (custom)
2019-09-29 11:26:38,880 [pool-438-thread-1] INFO  server.RaftServerConfigKeys (ConfUtils.java:logGet(43)) - raft.server.rpc.timeout.min = 5s (custom)
2019-09-29 11:26:38,880 [pool-438-thread-1] INFO  server.RaftServerConfigKeys (ConfUtils.java:logGet(43)) - raft.server.rpc.timeout.max = 5200ms (custom)
2019-09-29 11:26:38,880 [pool-428-thread-1] INFO  storage.RaftStorageDirectory (RaftStorageDirectory.java:analyzeStorage(246)) - The storage directory /workdir/hadoop-ozone/integration-test/target/test-dir/MiniOzoneClusterImpl-f848b852-1aaf-4c40-a29c-4c10b1dc7f95/datanode-2/data/ratis/c104329c-7c69-4532-a778-c452d2919bed does not exist. Creating ...
2019-09-29 11:26:38,881 [pool-418-thread-1] INFO  impl.RaftServerImpl (RaftServerImpl.java:<init>(95)) - d7821b28-18a7-4460-b735-be2c20024ab7: new RaftServerImpl for group-C452D2919BED:[266f4e38-b438-4944-8569-530d2ae5f6fc:192.168.30.19:46645, d7821b28-18a7-4460-b735-be2c20024ab7:192.168.30.19:45148, c5175ad5-525e-4c2e-832b-1ca15aa9c500:192.168.30.19:40504] with ContainerStateMachine:uninitialized
2019-09-29 11:26:38,881 [pool-438-thread-1] INFO  server.RaftServerConfigKeys (ConfUtils.java:logGet(43)) - raft.server.rpcslowness.timeout = 120s (custom)
2019-09-29 11:26:38,881 [pool-418-thread-1] INFO  server.RaftServerConfigKeys (ConfUtils.java:logGet(43)) - raft.server.rpc.timeout.min = 5s (custom)
2019-09-29 11:26:38,881 [pool-438-thread-1] INFO  server.RaftServerConfigKeys (ConfUtils.java:logGet(43)) - raft.server.sleep.deviation.threshold = 300 (default)
2019-09-29 11:26:38,881 [pool-418-thread-1] INFO  server.RaftServerConfigKeys (ConfUtils.java:logGet(43)) - raft.server.rpc.timeout.max = 5200ms (custom)
2019-09-29 11:26:38,881 [pool-438-thread-1] INFO  server.RaftServerConfigKeys (ConfUtils.java:logGet(43)) - raft.server.log.appender.install.snapshot.enabled = false (custom)
2019-09-29 11:26:38,881 [pool-418-thread-1] INFO  server.RaftServerConfigKeys (ConfUtils.java:logGet(43)) - raft.server.rpcslowness.timeout = 120s (custom)
2019-09-29 11:26:38,881 [pool-438-thread-1] INFO  impl.RaftServerImpl (ServerState.java:<init>(103)) - c5175ad5-525e-4c2e-832b-1ca15aa9c500@group-C452D2919BED: ConfigurationManager, init=-1: [266f4e38-b438-4944-8569-530d2ae5f6fc:192.168.30.19:46645, d7821b28-18a7-4460-b735-be2c20024ab7:192.168.30.19:45148, c5175ad5-525e-4c2e-832b-1ca15aa9c500:192.168.30.19:40504], old=null, confs=<EMPTY_MAP>
2019-09-29 11:26:38,881 [pool-418-thread-1] INFO  server.RaftServerConfigKeys (ConfUtils.java:logGet(43)) - raft.server.sleep.deviation.threshold = 300 (default)
2019-09-29 11:26:38,882 [pool-438-thread-1] INFO  server.RaftServerConfigKeys (ConfUtils.java:logGet(43)) - raft.server.storage.dir = [/workdir/hadoop-ozone/integration-test/target/test-dir/MiniOzoneClusterImpl-f848b852-1aaf-4c40-a29c-4c10b1dc7f95/datanode-3/data/ratis] (custom)
2019-09-29 11:26:38,882 [pool-418-thread-1] INFO  server.RaftServerConfigKeys (ConfUtils.java:logGet(43)) - raft.server.log.appender.install.snapshot.enabled = false (custom)
2019-09-29 11:26:38,882 [pool-418-thread-1] INFO  impl.RaftServerImpl (ServerState.java:<init>(103)) - d7821b28-18a7-4460-b735-be2c20024ab7@group-C452D2919BED: ConfigurationManager, init=-1: [266f4e38-b438-4944-8569-530d2ae5f6fc:192.168.30.19:46645, d7821b28-18a7-4460-b735-be2c20024ab7:192.168.30.19:45148, c5175ad5-525e-4c2e-832b-1ca15aa9c500:192.168.30.19:40504], old=null, confs=<EMPTY_MAP>
2019-09-29 11:26:38,882 [pool-438-thread-1] INFO  storage.RaftStorageDirectory (RaftStorageDirectory.java:analyzeStorage(246)) - The storage directory /workdir/hadoop-ozone/integration-test/target/test-dir/MiniOzoneClusterImpl-f848b852-1aaf-4c40-a29c-4c10b1dc7f95/datanode-3/data/ratis/c104329c-7c69-4532-a778-c452d2919bed does not exist. Creating ...
2019-09-29 11:26:38,882 [pool-418-thread-1] INFO  server.RaftServerConfigKeys (ConfUtils.java:logGet(43)) - raft.server.storage.dir = [/workdir/hadoop-ozone/integration-test/target/test-dir/MiniOzoneClusterImpl-f848b852-1aaf-4c40-a29c-4c10b1dc7f95/datanode-1/data/ratis] (custom)
2019-09-29 11:26:38,883 [pool-418-thread-1] INFO  storage.RaftStorageDirectory (RaftStorageDirectory.java:analyzeStorage(246)) - The storage directory /workdir/hadoop-ozone/integration-test/target/test-dir/MiniOzoneClusterImpl-f848b852-1aaf-4c40-a29c-4c10b1dc7f95/datanode-1/data/ratis/c104329c-7c69-4532-a778-c452d2919bed does not exist. Creating ...
2019-09-29 11:26:38,906 [pool-428-thread-1] INFO  storage.RaftStorageDirectory (RaftStorageDirectory.java:tryLock(328)) - Lock on /workdir/hadoop-ozone/integration-test/target/test-dir/MiniOzoneClusterImpl-f848b852-1aaf-4c40-a29c-4c10b1dc7f95/datanode-2/data/ratis/c104329c-7c69-4532-a778-c452d2919bed/in_use.lock acquired by nodename 31535@pr-hdds-1569-lsfh5-224679870
2019-09-29 11:26:38,906 [pool-418-thread-1] INFO  storage.RaftStorageDirectory (RaftStorageDirectory.java:tryLock(328)) - Lock on /workdir/hadoop-ozone/integration-test/target/test-dir/MiniOzoneClusterImpl-f848b852-1aaf-4c40-a29c-4c10b1dc7f95/datanode-1/data/ratis/c104329c-7c69-4532-a778-c452d2919bed/in_use.lock acquired by nodename 31535@pr-hdds-1569-lsfh5-224679870
2019-09-29 11:26:38,906 [pool-438-thread-1] INFO  storage.RaftStorageDirectory (RaftStorageDirectory.java:tryLock(328)) - Lock on /workdir/hadoop-ozone/integration-test/target/test-dir/MiniOzoneClusterImpl-f848b852-1aaf-4c40-a29c-4c10b1dc7f95/datanode-3/data/ratis/c104329c-7c69-4532-a778-c452d2919bed/in_use.lock acquired by nodename 31535@pr-hdds-1569-lsfh5-224679870
2019-09-29 11:26:38,932 [pool-428-thread-1] INFO  storage.RaftStorage (RaftStorage.java:format(72)) - Storage directory /workdir/hadoop-ozone/integration-test/target/test-dir/MiniOzoneClusterImpl-f848b852-1aaf-4c40-a29c-4c10b1dc7f95/datanode-2/data/ratis/c104329c-7c69-4532-a778-c452d2919bed has been successfully formatted.
2019-09-29 11:26:38,932 [pool-438-thread-1] INFO  storage.RaftStorage (RaftStorage.java:format(72)) - Storage directory /workdir/hadoop-ozone/integration-test/target/test-dir/MiniOzoneClusterImpl-f848b852-1aaf-4c40-a29c-4c10b1dc7f95/datanode-3/data/ratis/c104329c-7c69-4532-a778-c452d2919bed has been successfully formatted.
2019-09-29 11:26:38,932 [pool-418-thread-1] INFO  storage.RaftStorage (RaftStorage.java:format(72)) - Storage directory /workdir/hadoop-ozone/integration-test/target/test-dir/MiniOzoneClusterImpl-f848b852-1aaf-4c40-a29c-4c10b1dc7f95/datanode-1/data/ratis/c104329c-7c69-4532-a778-c452d2919bed has been successfully formatted.
2019-09-29 11:26:38,933 [pool-428-thread-1] INFO  ratis.ContainerStateMachine (ContainerStateMachine.java:loadSnapshot(230)) - group-C452D2919BED: The snapshot info is null. Setting the last applied indexto:(t:0, i:~)
2019-09-29 11:26:38,933 [pool-438-thread-1] INFO  ratis.ContainerStateMachine (ContainerStateMachine.java:loadSnapshot(230)) - group-C452D2919BED: The snapshot info is null. Setting the last applied indexto:(t:0, i:~)
2019-09-29 11:26:38,933 [pool-428-thread-1] INFO  server.RaftServerConfigKeys (ConfUtils.java:logGet(43)) - raft.server.notification.no-leader.timeout = 120s (custom)
2019-09-29 11:26:38,933 [pool-418-thread-1] INFO  ratis.ContainerStateMachine (ContainerStateMachine.java:loadSnapshot(230)) - group-C452D2919BED: The snapshot info is null. Setting the last applied indexto:(t:0, i:~)
2019-09-29 11:26:38,933 [pool-428-thread-1] INFO  server.RaftServerConfigKeys (ConfUtils.java:logGet(43)) - raft.server.log.use.memory = false (default)
2019-09-29 11:26:38,933 [pool-438-thread-1] INFO  server.RaftServerConfigKeys (ConfUtils.java:logGet(43)) - raft.server.notification.no-leader.timeout = 120s (custom)
2019-09-29 11:26:38,934 [pool-428-thread-1] INFO  server.RaftServerConfigKeys (ConfUtils.java:logGet(43)) - raft.server.log.purge.gap = 1000000 (custom)
2019-09-29 11:26:38,934 [pool-428-thread-1] INFO  server.RaftServerConfigKeys (ConfUtils.java:logGet(43)) - raft.server.log.appender.buffer.byte-limit = 33554432 (custom)
2019-09-29 11:26:38,933 [pool-418-thread-1] INFO  server.RaftServerConfigKeys (ConfUtils.java:logGet(43)) - raft.server.notification.no-leader.timeout = 120s (custom)
2019-09-29 11:26:38,934 [pool-428-thread-1] INFO  server.RaftServerConfigKeys (ConfUtils.java:logGet(43)) - raft.server.log.segment.size.max = 1048576 (custom)
2019-09-29 11:26:38,934 [pool-438-thread-1] INFO  server.RaftServerConfigKeys (ConfUtils.java:logGet(43)) - raft.server.log.use.memory = false (default)
2019-09-29 11:26:38,934 [pool-428-thread-1] INFO  server.RaftServerConfigKeys (ConfUtils.java:logGet(43)) - raft.server.log.segment.cache.num.max = 2 (custom)
2019-09-29 11:26:38,934 [pool-418-thread-1] INFO  server.RaftServerConfigKeys (ConfUtils.java:logGet(43)) - raft.server.log.use.memory = false (default)
2019-09-29 11:26:38,934 [pool-428-thread-1] INFO  segmented.SegmentedRaftLogWorker (SegmentedRaftLogWorker.java:<init>(172)) - new 266f4e38-b438-4944-8569-530d2ae5f6fc@group-C452D2919BED-SegmentedRaftLogWorker for RaftStorage:Storage Directory /workdir/hadoop-ozone/integration-test/target/test-dir/MiniOzoneClusterImpl-f848b852-1aaf-4c40-a29c-4c10b1dc7f95/datanode-2/data/ratis/c104329c-7c69-4532-a778-c452d2919bed
2019-09-29 11:26:38,934 [pool-438-thread-1] INFO  server.RaftServerConfigKeys (ConfUtils.java:logGet(43)) - raft.server.log.purge.gap = 1000000 (custom)
2019-09-29 11:26:38,935 [pool-428-thread-1] INFO  server.RaftServerConfigKeys (ConfUtils.java:logGet(43)) - raft.server.log.queue.byte-limit = 2147483647 (custom)
2019-09-29 11:26:38,935 [pool-418-thread-1] INFO  server.RaftServerConfigKeys (ConfUtils.java:logGet(43)) - raft.server.log.purge.gap = 1000000 (custom)
2019-09-29 11:26:38,935 [pool-428-thread-1] INFO  server.RaftServerConfigKeys (ConfUtils.java:logGet(43)) - raft.server.log.queue.element-limit = 1024 (custom)
2019-09-29 11:26:38,935 [pool-438-thread-1] INFO  server.RaftServerConfigKeys (ConfUtils.java:logGet(43)) - raft.server.log.appender.buffer.byte-limit = 33554432 (custom)
2019-09-29 11:26:38,935 [pool-428-thread-1] INFO  server.RaftServerConfigKeys (ConfUtils.java:logGet(43)) - raft.server.log.segment.size.max = 1048576 (custom)
2019-09-29 11:26:38,935 [pool-418-thread-1] INFO  server.RaftServerConfigKeys (ConfUtils.java:logGet(43)) - raft.server.log.appender.buffer.byte-limit = 33554432 (custom)
2019-09-29 11:26:38,935 [pool-428-thread-1] INFO  server.RaftServerConfigKeys (ConfUtils.java:logGet(43)) - raft.server.log.preallocated.size = 16384 (custom)
2019-09-29 11:26:38,935 [pool-438-thread-1] INFO  server.RaftServerConfigKeys (ConfUtils.java:logGet(43)) - raft.server.log.segment.size.max = 1048576 (custom)
2019-09-29 11:26:38,936 [pool-428-thread-1] INFO  server.RaftServerConfigKeys (ConfUtils.java:logGet(43)) - raft.server.log.write.buffer.size = 33554432 (custom)
2019-09-29 11:26:38,936 [pool-418-thread-1] INFO  server.RaftServerConfigKeys (ConfUtils.java:logGet(43)) - raft.server.log.segment.size.max = 1048576 (custom)
2019-09-29 11:26:38,936 [pool-428-thread-1] INFO  server.RaftServerConfigKeys (ConfUtils.java:logGet(43)) - raft.server.log.force.sync.num = 128 (default)
2019-09-29 11:26:38,936 [pool-438-thread-1] INFO  server.RaftServerConfigKeys (ConfUtils.java:logGet(43)) - raft.server.log.segment.cache.num.max = 2 (custom)
2019-09-29 11:26:38,936 [pool-428-thread-1] INFO  server.RaftServerConfigKeys (ConfUtils.java:logGet(43)) - raft.server.log.statemachine.data.sync = true (default)
2019-09-29 11:26:38,936 [pool-418-thread-1] INFO  server.RaftServerConfigKeys (ConfUtils.java:logGet(43)) - raft.server.log.segment.cache.num.max = 2 (custom)
2019-09-29 11:26:38,936 [pool-428-thread-1] INFO  server.RaftServerConfigKeys (ConfUtils.java:logGet(43)) - raft.server.log.statemachine.data.sync.timeout = 10s (default)
2019-09-29 11:26:38,936 [pool-438-thread-1] INFO  segmented.SegmentedRaftLogWorker (SegmentedRaftLogWorker.java:<init>(172)) - new c5175ad5-525e-4c2e-832b-1ca15aa9c500@group-C452D2919BED-SegmentedRaftLogWorker for RaftStorage:Storage Directory /workdir/hadoop-ozone/integration-test/target/test-dir/MiniOzoneClusterImpl-f848b852-1aaf-4c40-a29c-4c10b1dc7f95/datanode-3/data/ratis/c104329c-7c69-4532-a778-c452d2919bed
2019-09-29 11:26:38,937 [pool-428-thread-1] INFO  server.RaftServerConfigKeys (ConfUtils.java:logGet(43)) - raft.server.log.statemachine.data.sync.timeout.retry = -1 (default)
2019-09-29 11:26:38,936 [pool-418-thread-1] INFO  segmented.SegmentedRaftLogWorker (SegmentedRaftLogWorker.java:<init>(172)) - new d7821b28-18a7-4460-b735-be2c20024ab7@group-C452D2919BED-SegmentedRaftLogWorker for RaftStorage:Storage Directory /workdir/hadoop-ozone/integration-test/target/test-dir/MiniOzoneClusterImpl-f848b852-1aaf-4c40-a29c-4c10b1dc7f95/datanode-1/data/ratis/c104329c-7c69-4532-a778-c452d2919bed
2019-09-29 11:26:38,937 [pool-428-thread-1] INFO  server.RaftServerConfigKeys (ConfUtils.java:logGet(43)) - raft.server.log.statemachine.data.caching.enabled = true (custom)
2019-09-29 11:26:38,937 [pool-438-thread-1] INFO  server.RaftServerConfigKeys (ConfUtils.java:logGet(43)) - raft.server.log.queue.byte-limit = 2147483647 (custom)
2019-09-29 11:26:38,937 [pool-418-thread-1] INFO  server.RaftServerConfigKeys (ConfUtils.java:logGet(43)) - raft.server.log.queue.byte-limit = 2147483647 (custom)
2019-09-29 11:26:38,937 [pool-428-thread-1] INFO  segmented.SegmentedRaftLogWorker (SegmentedRaftLogWorker.java:lambda$new$0(132)) - 266f4e38-b438-4944-8569-530d2ae5f6fc@group-C452D2919BED-SegmentedRaftLogWorker: flushIndex: setUnconditionally 0 -> -1
2019-09-29 11:26:38,937 [pool-438-thread-1] INFO  server.RaftServerConfigKeys (ConfUtils.java:logGet(43)) - raft.server.log.queue.element-limit = 1024 (custom)
2019-09-29 11:26:38,937 [pool-418-thread-1] INFO  server.RaftServerConfigKeys (ConfUtils.java:logGet(43)) - raft.server.log.queue.element-limit = 1024 (custom)
2019-09-29 11:26:38,938 [pool-428-thread-1] INFO  server.RaftServerConfigKeys (ConfUtils.java:logGet(43)) - raft.server.snapshot.auto.trigger.enabled = true (custom)
2019-09-29 11:26:38,938 [pool-438-thread-1] INFO  server.RaftServerConfigKeys (ConfUtils.java:logGet(43)) - raft.server.log.segment.size.max = 1048576 (custom)
2019-09-29 11:26:38,938 [pool-428-thread-1] INFO  server.RaftServerConfigKeys (ConfUtils.java:logGet(43)) - raft.server.snapshot.auto.trigger.threshold = 10000 (custom)
2019-09-29 11:26:38,938 [pool-428-thread-1] INFO  server.RaftServerConfigKeys (ConfUtils.java:logGet(43)) - raft.server.snapshot.retention.num.files = 5 (custom)
2019-09-29 11:26:38,938 [pool-418-thread-1] INFO  server.RaftServerConfigKeys (ConfUtils.java:logGet(43)) - raft.server.log.segment.size.max = 1048576 (custom)
2019-09-29 11:26:38,938 [pool-428-thread-1] INFO  server.RaftServerConfigKeys (ConfUtils.java:logGet(43)) - raft.server.retrycache.expirytime = 600000ms (custom)
2019-09-29 11:26:38,938 [pool-438-thread-1] INFO  server.RaftServerConfigKeys (ConfUtils.java:logGet(43)) - raft.server.log.preallocated.size = 16384 (custom)
2019-09-29 11:26:38,938 [pool-418-thread-1] INFO  server.RaftServerConfigKeys (ConfUtils.java:logGet(43)) - raft.server.log.preallocated.size = 16384 (custom)
2019-09-29 11:26:38,939 [pool-438-thread-1] INFO  server.RaftServerConfigKeys (ConfUtils.java:logGet(43)) - raft.server.log.write.buffer.size = 33554432 (custom)
2019-09-29 11:26:38,939 [pool-418-thread-1] INFO  server.RaftServerConfigKeys (ConfUtils.java:logGet(43)) - raft.server.log.write.buffer.size = 33554432 (custom)
2019-09-29 11:26:38,939 [pool-438-thread-1] INFO  server.RaftServerConfigKeys (ConfUtils.java:logGet(43)) - raft.server.log.force.sync.num = 128 (default)
2019-09-29 11:26:38,939 [pool-418-thread-1] INFO  server.RaftServerConfigKeys (ConfUtils.java:logGet(43)) - raft.server.log.force.sync.num = 128 (default)
2019-09-29 11:26:38,939 [pool-438-thread-1] INFO  server.RaftServerConfigKeys (ConfUtils.java:logGet(43)) - raft.server.log.statemachine.data.sync = true (default)
2019-09-29 11:26:38,939 [pool-418-thread-1] INFO  server.RaftServerConfigKeys (ConfUtils.java:logGet(43)) - raft.server.log.statemachine.data.sync = true (default)
2019-09-29 11:26:38,939 [pool-438-thread-1] INFO  server.RaftServerConfigKeys (ConfUtils.java:logGet(43)) - raft.server.log.statemachine.data.sync.timeout = 10s (default)
2019-09-29 11:26:38,940 [pool-418-thread-1] INFO  server.RaftServerConfigKeys (ConfUtils.java:logGet(43)) - raft.server.log.statemachine.data.sync.timeout = 10s (default)
2019-09-29 11:26:38,940 [pool-428-thread-1] INFO  impl.RaftServerImpl (RaftServerImpl.java:start(185)) - 266f4e38-b438-4944-8569-530d2ae5f6fc@group-C452D2919BED: start as a follower, conf=-1: [266f4e38-b438-4944-8569-530d2ae5f6fc:192.168.30.19:46645, d7821b28-18a7-4460-b735-be2c20024ab7:192.168.30.19:45148, c5175ad5-525e-4c2e-832b-1ca15aa9c500:192.168.30.19:40504], old=null
2019-09-29 11:26:38,940 [pool-438-thread-1] INFO  server.RaftServerConfigKeys (ConfUtils.java:logGet(43)) - raft.server.log.statemachine.data.sync.timeout.retry = -1 (default)
2019-09-29 11:26:38,940 [pool-428-thread-1] INFO  impl.RaftServerImpl (RaftServerImpl.java:setRole(174)) - 266f4e38-b438-4944-8569-530d2ae5f6fc@group-C452D2919BED: changes role from      null to FOLLOWER at term 0 for startAsFollower
2019-09-29 11:26:38,940 [pool-418-thread-1] INFO  server.RaftServerConfigKeys (ConfUtils.java:logGet(43)) - raft.server.log.statemachine.data.sync.timeout.retry = -1 (default)
2019-09-29 11:26:38,940 [pool-428-thread-1] INFO  impl.RoleInfo (RoleInfo.java:updateAndGet(143)) - 266f4e38-b438-4944-8569-530d2ae5f6fc: start FollowerState
2019-09-29 11:26:38,940 [pool-438-thread-1] INFO  server.RaftServerConfigKeys (ConfUtils.java:logGet(43)) - raft.server.log.statemachine.data.caching.enabled = true (custom)
2019-09-29 11:26:38,940 [pool-418-thread-1] INFO  server.RaftServerConfigKeys (ConfUtils.java:logGet(43)) - raft.server.log.statemachine.data.caching.enabled = true (custom)
2019-09-29 11:26:38,941 [pool-438-thread-1] INFO  segmented.SegmentedRaftLogWorker (SegmentedRaftLogWorker.java:lambda$new$0(132)) - c5175ad5-525e-4c2e-832b-1ca15aa9c500@group-C452D2919BED-SegmentedRaftLogWorker: flushIndex: setUnconditionally 0 -> -1
2019-09-29 11:26:38,941 [pool-428-thread-1] INFO  util.JmxRegister (JmxRegister.java:tryRegister(44)) - Successfully registered JMX Bean with object name Ratis:service=RaftServer,group=group-C452D2919BED,id=266f4e38-b438-4944-8569-530d2ae5f6fc
2019-09-29 11:26:38,941 [pool-438-thread-1] INFO  server.RaftServerConfigKeys (ConfUtils.java:logGet(43)) - raft.server.snapshot.auto.trigger.enabled = true (custom)
2019-09-29 11:26:38,941 [pool-438-thread-1] INFO  server.RaftServerConfigKeys (ConfUtils.java:logGet(43)) - raft.server.snapshot.auto.trigger.threshold = 10000 (custom)
2019-09-29 11:26:38,941 [pool-418-thread-1] INFO  segmented.SegmentedRaftLogWorker (SegmentedRaftLogWorker.java:lambda$new$0(132)) - d7821b28-18a7-4460-b735-be2c20024ab7@group-C452D2919BED-SegmentedRaftLogWorker: flushIndex: setUnconditionally 0 -> -1
2019-09-29 11:26:38,941 [pool-438-thread-1] INFO  server.RaftServerConfigKeys (ConfUtils.java:logGet(43)) - raft.server.snapshot.retention.num.files = 5 (custom)
2019-09-29 11:26:38,942 [pool-438-thread-1] INFO  server.RaftServerConfigKeys (ConfUtils.java:logGet(43)) - raft.server.retrycache.expirytime = 600000ms (custom)
2019-09-29 11:26:38,942 [pool-418-thread-1] INFO  server.RaftServerConfigKeys (ConfUtils.java:logGet(43)) - raft.server.snapshot.auto.trigger.enabled = true (custom)
2019-09-29 11:26:38,942 [pool-418-thread-1] INFO  server.RaftServerConfigKeys (ConfUtils.java:logGet(43)) - raft.server.snapshot.auto.trigger.threshold = 10000 (custom)
2019-09-29 11:26:38,942 [pool-418-thread-1] INFO  server.RaftServerConfigKeys (ConfUtils.java:logGet(43)) - raft.server.snapshot.retention.num.files = 5 (custom)
2019-09-29 11:26:38,942 [pool-418-thread-1] INFO  server.RaftServerConfigKeys (ConfUtils.java:logGet(43)) - raft.server.retrycache.expirytime = 600000ms (custom)
2019-09-29 11:26:38,943 [pool-438-thread-1] INFO  impl.RaftServerImpl (RaftServerImpl.java:start(185)) - c5175ad5-525e-4c2e-832b-1ca15aa9c500@group-C452D2919BED: start as a follower, conf=-1: [266f4e38-b438-4944-8569-530d2ae5f6fc:192.168.30.19:46645, d7821b28-18a7-4460-b735-be2c20024ab7:192.168.30.19:45148, c5175ad5-525e-4c2e-832b-1ca15aa9c500:192.168.30.19:40504], old=null
2019-09-29 11:26:38,943 [pool-438-thread-1] INFO  impl.RaftServerImpl (RaftServerImpl.java:setRole(174)) - c5175ad5-525e-4c2e-832b-1ca15aa9c500@group-C452D2919BED: changes role from      null to FOLLOWER at term 0 for startAsFollower
2019-09-29 11:26:38,943 [pool-438-thread-1] INFO  impl.RoleInfo (RoleInfo.java:updateAndGet(143)) - c5175ad5-525e-4c2e-832b-1ca15aa9c500: start FollowerState
2019-09-29 11:26:38,943 [pool-438-thread-1] INFO  util.JmxRegister (JmxRegister.java:tryRegister(44)) - Successfully registered JMX Bean with object name Ratis:service=RaftServer,group=group-C452D2919BED,id=c5175ad5-525e-4c2e-832b-1ca15aa9c500
2019-09-29 11:26:38,944 [pool-418-thread-1] INFO  impl.RaftServerImpl (RaftServerImpl.java:start(185)) - d7821b28-18a7-4460-b735-be2c20024ab7@group-C452D2919BED: start as a follower, conf=-1: [266f4e38-b438-4944-8569-530d2ae5f6fc:192.168.30.19:46645, d7821b28-18a7-4460-b735-be2c20024ab7:192.168.30.19:45148, c5175ad5-525e-4c2e-832b-1ca15aa9c500:192.168.30.19:40504], old=null
2019-09-29 11:26:38,945 [pool-418-thread-1] INFO  impl.RaftServerImpl (RaftServerImpl.java:setRole(174)) - d7821b28-18a7-4460-b735-be2c20024ab7@group-C452D2919BED: changes role from      null to FOLLOWER at term 0 for startAsFollower
2019-09-29 11:26:38,945 [pool-418-thread-1] INFO  impl.RoleInfo (RoleInfo.java:updateAndGet(143)) - d7821b28-18a7-4460-b735-be2c20024ab7: start FollowerState
2019-09-29 11:26:38,945 [pool-418-thread-1] INFO  util.JmxRegister (JmxRegister.java:tryRegister(44)) - Successfully registered JMX Bean with object name Ratis:service=RaftServer,group=group-C452D2919BED,id=d7821b28-18a7-4460-b735-be2c20024ab7
2019-09-29 11:26:38,947 [RatisPipelineUtilsThread] INFO  pipeline.PipelineStateManager (PipelineStateManager.java:addPipeline(56)) - Created pipeline Pipeline[ Id: c104329c-7c69-4532-a778-c452d2919bed, Nodes: d7821b28-18a7-4460-b735-be2c20024ab7{ip: 192.168.30.19, host: pr-hdds-1569-lsfh5-224679870, networkLocation: /default-rack, certSerialId: null}c5175ad5-525e-4c2e-832b-1ca15aa9c500{ip: 192.168.30.19, host: pr-hdds-1569-lsfh5-224679870, networkLocation: /default-rack, certSerialId: null}266f4e38-b438-4944-8569-530d2ae5f6fc{ip: 192.168.30.19, host: pr-hdds-1569-lsfh5-224679870, networkLocation: /default-rack, certSerialId: null}, Type:RATIS, Factor:THREE, State:OPEN]
2019-09-29 11:26:38,951 [grpc-default-executor-26] INFO  impl.RaftServerProxy (RaftServerProxy.java:addNew(89)) - 266f4e38-b438-4944-8569-530d2ae5f6fc: addNew group-253DF9B988BF:[266f4e38-b438-4944-8569-530d2ae5f6fc:192.168.30.19:46645, d7821b28-18a7-4460-b735-be2c20024ab7:192.168.30.19:45148, c5175ad5-525e-4c2e-832b-1ca15aa9c500:192.168.30.19:40504] returns group-253DF9B988BF:java.util.concurrent.CompletableFuture@ea2ae2d[Not completed]
2019-09-29 11:26:38,951 [grpc-default-executor-19] INFO  impl.RaftServerProxy (RaftServerProxy.java:addNew(89)) - c5175ad5-525e-4c2e-832b-1ca15aa9c500: addNew group-253DF9B988BF:[266f4e38-b438-4944-8569-530d2ae5f6fc:192.168.30.19:46645, d7821b28-18a7-4460-b735-be2c20024ab7:192.168.30.19:45148, c5175ad5-525e-4c2e-832b-1ca15aa9c500:192.168.30.19:40504] returns group-253DF9B988BF:java.util.concurrent.CompletableFuture@78265585[Not completed]
2019-09-29 11:26:38,951 [grpc-default-executor-27] INFO  impl.RaftServerProxy (RaftServerProxy.java:addNew(89)) - d7821b28-18a7-4460-b735-be2c20024ab7: addNew group-253DF9B988BF:[266f4e38-b438-4944-8569-530d2ae5f6fc:192.168.30.19:46645, d7821b28-18a7-4460-b735-be2c20024ab7:192.168.30.19:45148, c5175ad5-525e-4c2e-832b-1ca15aa9c500:192.168.30.19:40504] returns group-253DF9B988BF:java.util.concurrent.CompletableFuture@303adf90[Not completed]
2019-09-29 11:26:38,952 [pool-428-thread-1] INFO  impl.RaftServerImpl (RaftServerImpl.java:<init>(95)) - 266f4e38-b438-4944-8569-530d2ae5f6fc: new RaftServerImpl for group-253DF9B988BF:[266f4e38-b438-4944-8569-530d2ae5f6fc:192.168.30.19:46645, d7821b28-18a7-4460-b735-be2c20024ab7:192.168.30.19:45148, c5175ad5-525e-4c2e-832b-1ca15aa9c500:192.168.30.19:40504] with ContainerStateMachine:uninitialized
2019-09-29 11:26:38,952 [pool-428-thread-1] INFO  server.RaftServerConfigKeys (ConfUtils.java:logGet(43)) - raft.server.rpc.timeout.min = 5s (custom)
2019-09-29 11:26:38,953 [pool-428-thread-1] INFO  server.RaftServerConfigKeys (ConfUtils.java:logGet(43)) - raft.server.rpc.timeout.max = 5200ms (custom)
2019-09-29 11:26:38,953 [pool-428-thread-1] INFO  server.RaftServerConfigKeys (ConfUtils.java:logGet(43)) - raft.server.rpcslowness.timeout = 120s (custom)
2019-09-29 11:26:38,953 [pool-428-thread-1] INFO  server.RaftServerConfigKeys (ConfUtils.java:logGet(43)) - raft.server.sleep.deviation.threshold = 300 (default)
2019-09-29 11:26:38,953 [pool-428-thread-1] INFO  server.RaftServerConfigKeys (ConfUtils.java:logGet(43)) - raft.server.log.appender.install.snapshot.enabled = false (custom)
2019-09-29 11:26:38,953 [pool-418-thread-1] INFO  impl.RaftServerImpl (RaftServerImpl.java:<init>(95)) - d7821b28-18a7-4460-b735-be2c20024ab7: new RaftServerImpl for group-253DF9B988BF:[266f4e38-b438-4944-8569-530d2ae5f6fc:192.168.30.19:46645, d7821b28-18a7-4460-b735-be2c20024ab7:192.168.30.19:45148, c5175ad5-525e-4c2e-832b-1ca15aa9c500:192.168.30.19:40504] with ContainerStateMachine:uninitialized
2019-09-29 11:26:38,953 [pool-428-thread-1] INFO  impl.RaftServerImpl (ServerState.java:<init>(103)) - 266f4e38-b438-4944-8569-530d2ae5f6fc@group-253DF9B988BF: ConfigurationManager, init=-1: [266f4e38-b438-4944-8569-530d2ae5f6fc:192.168.30.19:46645, d7821b28-18a7-4460-b735-be2c20024ab7:192.168.30.19:45148, c5175ad5-525e-4c2e-832b-1ca15aa9c500:192.168.30.19:40504], old=null, confs=<EMPTY_MAP>
2019-09-29 11:26:38,953 [pool-418-thread-1] INFO  server.RaftServerConfigKeys (ConfUtils.java:logGet(43)) - raft.server.rpc.timeout.min = 5s (custom)
2019-09-29 11:26:38,953 [pool-428-thread-1] INFO  server.RaftServerConfigKeys (ConfUtils.java:logGet(43)) - raft.server.storage.dir = [/workdir/hadoop-ozone/integration-test/target/test-dir/MiniOzoneClusterImpl-f848b852-1aaf-4c40-a29c-4c10b1dc7f95/datanode-2/data/ratis] (custom)
2019-09-29 11:26:38,953 [pool-438-thread-1] INFO  impl.RaftServerImpl (RaftServerImpl.java:<init>(95)) - c5175ad5-525e-4c2e-832b-1ca15aa9c500: new RaftServerImpl for group-253DF9B988BF:[266f4e38-b438-4944-8569-530d2ae5f6fc:192.168.30.19:46645, d7821b28-18a7-4460-b735-be2c20024ab7:192.168.30.19:45148, c5175ad5-525e-4c2e-832b-1ca15aa9c500:192.168.30.19:40504] with ContainerStateMachine:uninitialized
2019-09-29 11:26:38,953 [pool-418-thread-1] INFO  server.RaftServerConfigKeys (ConfUtils.java:logGet(43)) - raft.server.rpc.timeout.max = 5200ms (custom)
2019-09-29 11:26:38,954 [pool-428-thread-1] INFO  storage.RaftStorageDirectory (RaftStorageDirectory.java:analyzeStorage(246)) - The storage directory /workdir/hadoop-ozone/integration-test/target/test-dir/MiniOzoneClusterImpl-f848b852-1aaf-4c40-a29c-4c10b1dc7f95/datanode-2/data/ratis/7fecf4fb-f58b-499a-951d-253df9b988bf does not exist. Creating ...
2019-09-29 11:26:38,954 [pool-438-thread-1] INFO  server.RaftServerConfigKeys (ConfUtils.java:logGet(43)) - raft.server.rpc.timeout.min = 5s (custom)
2019-09-29 11:26:38,954 [pool-418-thread-1] INFO  server.RaftServerConfigKeys (ConfUtils.java:logGet(43)) - raft.server.rpcslowness.timeout = 120s (custom)
2019-09-29 11:26:38,954 [pool-438-thread-1] INFO  server.RaftServerConfigKeys (ConfUtils.java:logGet(43)) - raft.server.rpc.timeout.max = 5200ms (custom)
2019-09-29 11:26:38,954 [pool-418-thread-1] INFO  server.RaftServerConfigKeys (ConfUtils.java:logGet(43)) - raft.server.sleep.deviation.threshold = 300 (default)
2019-09-29 11:26:38,954 [pool-438-thread-1] INFO  server.RaftServerConfigKeys (ConfUtils.java:logGet(43)) - raft.server.rpcslowness.timeout = 120s (custom)
2019-09-29 11:26:38,954 [pool-418-thread-1] INFO  server.RaftServerConfigKeys (ConfUtils.java:logGet(43)) - raft.server.log.appender.install.snapshot.enabled = false (custom)
2019-09-29 11:26:38,954 [pool-438-thread-1] INFO  server.RaftServerConfigKeys (ConfUtils.java:logGet(43)) - raft.server.sleep.deviation.threshold = 300 (default)
2019-09-29 11:26:38,954 [pool-418-thread-1] INFO  impl.RaftServerImpl (ServerState.java:<init>(103)) - d7821b28-18a7-4460-b735-be2c20024ab7@group-253DF9B988BF: ConfigurationManager, init=-1: [266f4e38-b438-4944-8569-530d2ae5f6fc:192.168.30.19:46645, d7821b28-18a7-4460-b735-be2c20024ab7:192.168.30.19:45148, c5175ad5-525e-4c2e-832b-1ca15aa9c500:192.168.30.19:40504], old=null, confs=<EMPTY_MAP>
2019-09-29 11:26:38,954 [pool-438-thread-1] INFO  server.RaftServerConfigKeys (ConfUtils.java:logGet(43)) - raft.server.log.appender.install.snapshot.enabled = false (custom)
2019-09-29 11:26:38,955 [pool-418-thread-1] INFO  server.RaftServerConfigKeys (ConfUtils.java:logGet(43)) - raft.server.storage.dir = [/workdir/hadoop-ozone/integration-test/target/test-dir/MiniOzoneClusterImpl-f848b852-1aaf-4c40-a29c-4c10b1dc7f95/datanode-1/data/ratis] (custom)
2019-09-29 11:26:38,955 [pool-438-thread-1] INFO  impl.RaftServerImpl (ServerState.java:<init>(103)) - c5175ad5-525e-4c2e-832b-1ca15aa9c500@group-253DF9B988BF: ConfigurationManager, init=-1: [266f4e38-b438-4944-8569-530d2ae5f6fc:192.168.30.19:46645, d7821b28-18a7-4460-b735-be2c20024ab7:192.168.30.19:45148, c5175ad5-525e-4c2e-832b-1ca15aa9c500:192.168.30.19:40504], old=null, confs=<EMPTY_MAP>
2019-09-29 11:26:38,955 [pool-438-thread-1] INFO  server.RaftServerConfigKeys (ConfUtils.java:logGet(43)) - raft.server.storage.dir = [/workdir/hadoop-ozone/integration-test/target/test-dir/MiniOzoneClusterImpl-f848b852-1aaf-4c40-a29c-4c10b1dc7f95/datanode-3/data/ratis] (custom)
2019-09-29 11:26:38,955 [pool-418-thread-1] INFO  storage.RaftStorageDirectory (RaftStorageDirectory.java:analyzeStorage(246)) - The storage directory /workdir/hadoop-ozone/integration-test/target/test-dir/MiniOzoneClusterImpl-f848b852-1aaf-4c40-a29c-4c10b1dc7f95/datanode-1/data/ratis/7fecf4fb-f58b-499a-951d-253df9b988bf does not exist. Creating ...
2019-09-29 11:26:38,955 [pool-438-thread-1] INFO  storage.RaftStorageDirectory (RaftStorageDirectory.java:analyzeStorage(246)) - The storage directory /workdir/hadoop-ozone/integration-test/target/test-dir/MiniOzoneClusterImpl-f848b852-1aaf-4c40-a29c-4c10b1dc7f95/datanode-3/data/ratis/7fecf4fb-f58b-499a-951d-253df9b988bf does not exist. Creating ...
2019-09-29 11:26:38,956 [main] INFO  ozone.MiniOzoneClusterImpl (MiniOzoneClusterImpl.java:lambda$waitForClusterToBeReady$0(147)) - Waiting for cluster to be ready. Got 6 of 7 DN Heartbeats.
2019-09-29 11:26:38,957 [IPC Server handler 6 on 46808] INFO  net.NetworkTopology (NetworkTopologyImpl.java:add(111)) - Added a new node: /default-rack/d159c37b-b711-4359-a4a4-9378c4f165f9
2019-09-29 11:26:38,958 [IPC Server handler 6 on 46808] INFO  node.SCMNodeManager (SCMNodeManager.java:register(266)) - Registered Data node : d159c37b-b711-4359-a4a4-9378c4f165f9{ip: 192.168.30.19, host: pr-hdds-1569-lsfh5-224679870, networkLocation: /default-rack, certSerialId: null}
2019-09-29 11:26:38,975 [pool-438-thread-1] INFO  storage.RaftStorageDirectory (RaftStorageDirectory.java:tryLock(328)) - Lock on /workdir/hadoop-ozone/integration-test/target/test-dir/MiniOzoneClusterImpl-f848b852-1aaf-4c40-a29c-4c10b1dc7f95/datanode-3/data/ratis/7fecf4fb-f58b-499a-951d-253df9b988bf/in_use.lock acquired by nodename 31535@pr-hdds-1569-lsfh5-224679870
2019-09-29 11:26:38,975 [pool-428-thread-1] INFO  storage.RaftStorageDirectory (RaftStorageDirectory.java:tryLock(328)) - Lock on /workdir/hadoop-ozone/integration-test/target/test-dir/MiniOzoneClusterImpl-f848b852-1aaf-4c40-a29c-4c10b1dc7f95/datanode-2/data/ratis/7fecf4fb-f58b-499a-951d-253df9b988bf/in_use.lock acquired by nodename 31535@pr-hdds-1569-lsfh5-224679870
2019-09-29 11:26:38,975 [pool-418-thread-1] INFO  storage.RaftStorageDirectory (RaftStorageDirectory.java:tryLock(328)) - Lock on /workdir/hadoop-ozone/integration-test/target/test-dir/MiniOzoneClusterImpl-f848b852-1aaf-4c40-a29c-4c10b1dc7f95/datanode-1/data/ratis/7fecf4fb-f58b-499a-951d-253df9b988bf/in_use.lock acquired by nodename 31535@pr-hdds-1569-lsfh5-224679870
2019-09-29 11:26:39,000 [pool-438-thread-1] INFO  storage.RaftStorage (RaftStorage.java:format(72)) - Storage directory /workdir/hadoop-ozone/integration-test/target/test-dir/MiniOzoneClusterImpl-f848b852-1aaf-4c40-a29c-4c10b1dc7f95/datanode-3/data/ratis/7fecf4fb-f58b-499a-951d-253df9b988bf has been successfully formatted.
2019-09-29 11:26:39,000 [pool-418-thread-1] INFO  storage.RaftStorage (RaftStorage.java:format(72)) - Storage directory /workdir/hadoop-ozone/integration-test/target/test-dir/MiniOzoneClusterImpl-f848b852-1aaf-4c40-a29c-4c10b1dc7f95/datanode-1/data/ratis/7fecf4fb-f58b-499a-951d-253df9b988bf has been successfully formatted.
2019-09-29 11:26:39,000 [pool-428-thread-1] INFO  storage.RaftStorage (RaftStorage.java:format(72)) - Storage directory /workdir/hadoop-ozone/integration-test/target/test-dir/MiniOzoneClusterImpl-f848b852-1aaf-4c40-a29c-4c10b1dc7f95/datanode-2/data/ratis/7fecf4fb-f58b-499a-951d-253df9b988bf has been successfully formatted.
2019-09-29 11:26:39,001 [pool-418-thread-1] INFO  ratis.ContainerStateMachine (ContainerStateMachine.java:loadSnapshot(230)) - group-253DF9B988BF: The snapshot info is null. Setting the last applied indexto:(t:0, i:~)
2019-09-29 11:26:39,001 [pool-438-thread-1] INFO  ratis.ContainerStateMachine (ContainerStateMachine.java:loadSnapshot(230)) - group-253DF9B988BF: The snapshot info is null. Setting the last applied indexto:(t:0, i:~)
2019-09-29 11:26:39,001 [pool-418-thread-1] INFO  server.RaftServerConfigKeys (ConfUtils.java:logGet(43)) - raft.server.notification.no-leader.timeout = 120s (custom)
2019-09-29 11:26:39,001 [pool-428-thread-1] INFO  ratis.ContainerStateMachine (ContainerStateMachine.java:loadSnapshot(230)) - group-253DF9B988BF: The snapshot info is null. Setting the last applied indexto:(t:0, i:~)
2019-09-29 11:26:39,001 [pool-418-thread-1] INFO  server.RaftServerConfigKeys (ConfUtils.java:logGet(43)) - raft.server.log.use.memory = false (default)
2019-09-29 11:26:39,001 [pool-438-thread-1] INFO  server.RaftServerConfigKeys (ConfUtils.java:logGet(43)) - raft.server.notification.no-leader.timeout = 120s (custom)
2019-09-29 11:26:39,001 [pool-418-thread-1] INFO  server.RaftServerConfigKeys (ConfUtils.java:logGet(43)) - raft.server.log.purge.gap = 1000000 (custom)
2019-09-29 11:26:39,001 [pool-428-thread-1] INFO  server.RaftServerConfigKeys (ConfUtils.java:logGet(43)) - raft.server.notification.no-leader.timeout = 120s (custom)
2019-09-29 11:26:39,002 [pool-418-thread-1] INFO  server.RaftServerConfigKeys (ConfUtils.java:logGet(43)) - raft.server.log.appender.buffer.byte-limit = 33554432 (custom)
2019-09-29 11:26:39,001 [pool-438-thread-1] INFO  server.RaftServerConfigKeys (ConfUtils.java:logGet(43)) - raft.server.log.use.memory = false (default)
2019-09-29 11:26:39,002 [pool-418-thread-1] INFO  server.RaftServerConfigKeys (ConfUtils.java:logGet(43)) - raft.server.log.segment.size.max = 1048576 (custom)
2019-09-29 11:26:39,002 [pool-428-thread-1] INFO  server.RaftServerConfigKeys (ConfUtils.java:logGet(43)) - raft.server.log.use.memory = false (default)
2019-09-29 11:26:39,002 [pool-418-thread-1] INFO  server.RaftServerConfigKeys (ConfUtils.java:logGet(43)) - raft.server.log.segment.cache.num.max = 2 (custom)
2019-09-29 11:26:39,002 [pool-438-thread-1] INFO  server.RaftServerConfigKeys (ConfUtils.java:logGet(43)) - raft.server.log.purge.gap = 1000000 (custom)
2019-09-29 11:26:39,003 [pool-418-thread-1] INFO  segmented.SegmentedRaftLogWorker (SegmentedRaftLogWorker.java:<init>(172)) - new d7821b28-18a7-4460-b735-be2c20024ab7@group-253DF9B988BF-SegmentedRaftLogWorker for RaftStorage:Storage Directory /workdir/hadoop-ozone/integration-test/target/test-dir/MiniOzoneClusterImpl-f848b852-1aaf-4c40-a29c-4c10b1dc7f95/datanode-1/data/ratis/7fecf4fb-f58b-499a-951d-253df9b988bf
2019-09-29 11:26:39,002 [pool-428-thread-1] INFO  server.RaftServerConfigKeys (ConfUtils.java:logGet(43)) - raft.server.log.purge.gap = 1000000 (custom)
2019-09-29 11:26:39,003 [pool-418-thread-1] INFO  server.RaftServerConfigKeys (ConfUtils.java:logGet(43)) - raft.server.log.queue.byte-limit = 2147483647 (custom)
2019-09-29 11:26:39,003 [pool-418-thread-1] INFO  server.RaftServerConfigKeys (ConfUtils.java:logGet(43)) - raft.server.log.queue.element-limit = 1024 (custom)
2019-09-29 11:26:39,003 [pool-438-thread-1] INFO  server.RaftServerConfigKeys (ConfUtils.java:logGet(43)) - raft.server.log.appender.buffer.byte-limit = 33554432 (custom)
2019-09-29 11:26:39,003 [pool-418-thread-1] INFO  server.RaftServerConfigKeys (ConfUtils.java:logGet(43)) - raft.server.log.segment.size.max = 1048576 (custom)
2019-09-29 11:26:39,003 [pool-428-thread-1] INFO  server.RaftServerConfigKeys (ConfUtils.java:logGet(43)) - raft.server.log.appender.buffer.byte-limit = 33554432 (custom)
2019-09-29 11:26:39,004 [pool-418-thread-1] INFO  server.RaftServerConfigKeys (ConfUtils.java:logGet(43)) - raft.server.log.preallocated.size = 16384 (custom)
2019-09-29 11:26:39,004 [pool-438-thread-1] INFO  server.RaftServerConfigKeys (ConfUtils.java:logGet(43)) - raft.server.log.segment.size.max = 1048576 (custom)
2019-09-29 11:26:39,004 [pool-418-thread-1] INFO  server.RaftServerConfigKeys (ConfUtils.java:logGet(43)) - raft.server.log.write.buffer.size = 33554432 (custom)
2019-09-29 11:26:39,004 [pool-428-thread-1] INFO  server.RaftServerConfigKeys (ConfUtils.java:logGet(43)) - raft.server.log.segment.size.max = 1048576 (custom)
2019-09-29 11:26:39,004 [pool-418-thread-1] INFO  server.RaftServerConfigKeys (ConfUtils.java:logGet(43)) - raft.server.log.force.sync.num = 128 (default)
2019-09-29 11:26:39,004 [pool-438-thread-1] INFO  server.RaftServerConfigKeys (ConfUtils.java:logGet(43)) - raft.server.log.segment.cache.num.max = 2 (custom)
2019-09-29 11:26:39,005 [pool-418-thread-1] INFO  server.RaftServerConfigKeys (ConfUtils.java:logGet(43)) - raft.server.log.statemachine.data.sync = true (default)
2019-09-29 11:26:39,004 [pool-428-thread-1] INFO  server.RaftServerConfigKeys (ConfUtils.java:logGet(43)) - raft.server.log.segment.cache.num.max = 2 (custom)
2019-09-29 11:26:39,005 [pool-418-thread-1] INFO  server.RaftServerConfigKeys (ConfUtils.java:logGet(43)) - raft.server.log.statemachine.data.sync.timeout = 10s (default)
2019-09-29 11:26:39,005 [pool-418-thread-1] INFO  server.RaftServerConfigKeys (ConfUtils.java:logGet(43)) - raft.server.log.statemachine.data.sync.timeout.retry = -1 (default)
2019-09-29 11:26:39,005 [pool-438-thread-1] INFO  segmented.SegmentedRaftLogWorker (SegmentedRaftLogWorker.java:<init>(172)) - new c5175ad5-525e-4c2e-832b-1ca15aa9c500@group-253DF9B988BF-SegmentedRaftLogWorker for RaftStorage:Storage Directory /workdir/hadoop-ozone/integration-test/target/test-dir/MiniOzoneClusterImpl-f848b852-1aaf-4c40-a29c-4c10b1dc7f95/datanode-3/data/ratis/7fecf4fb-f58b-499a-951d-253df9b988bf
2019-09-29 11:26:39,005 [pool-418-thread-1] INFO  server.RaftServerConfigKeys (ConfUtils.java:logGet(43)) - raft.server.log.statemachine.data.caching.enabled = true (custom)
2019-09-29 11:26:39,005 [pool-428-thread-1] INFO  segmented.SegmentedRaftLogWorker (SegmentedRaftLogWorker.java:<init>(172)) - new 266f4e38-b438-4944-8569-530d2ae5f6fc@group-253DF9B988BF-SegmentedRaftLogWorker for RaftStorage:Storage Directory /workdir/hadoop-ozone/integration-test/target/test-dir/MiniOzoneClusterImpl-f848b852-1aaf-4c40-a29c-4c10b1dc7f95/datanode-2/data/ratis/7fecf4fb-f58b-499a-951d-253df9b988bf
2019-09-29 11:26:39,005 [pool-438-thread-1] INFO  server.RaftServerConfigKeys (ConfUtils.java:logGet(43)) - raft.server.log.queue.byte-limit = 2147483647 (custom)
2019-09-29 11:26:39,006 [pool-418-thread-1] INFO  segmented.SegmentedRaftLogWorker (SegmentedRaftLogWorker.java:lambda$new$0(132)) - d7821b28-18a7-4460-b735-be2c20024ab7@group-253DF9B988BF-SegmentedRaftLogWorker: flushIndex: setUnconditionally 0 -> -1
2019-09-29 11:26:39,006 [pool-428-thread-1] INFO  server.RaftServerConfigKeys (ConfUtils.java:logGet(43)) - raft.server.log.queue.byte-limit = 2147483647 (custom)
2019-09-29 11:26:39,006 [pool-418-thread-1] INFO  server.RaftServerConfigKeys (ConfUtils.java:logGet(43)) - raft.server.snapshot.auto.trigger.enabled = true (custom)
2019-09-29 11:26:39,006 [pool-438-thread-1] INFO  server.RaftServerConfigKeys (ConfUtils.java:logGet(43)) - raft.server.log.queue.element-limit = 1024 (custom)
2019-09-29 11:26:39,006 [pool-418-thread-1] INFO  server.RaftServerConfigKeys (ConfUtils.java:logGet(43)) - raft.server.snapshot.auto.trigger.threshold = 10000 (custom)
2019-09-29 11:26:39,006 [pool-428-thread-1] INFO  server.RaftServerConfigKeys (ConfUtils.java:logGet(43)) - raft.server.log.queue.element-limit = 1024 (custom)
2019-09-29 11:26:39,007 [pool-418-thread-1] INFO  server.RaftServerConfigKeys (ConfUtils.java:logGet(43)) - raft.server.snapshot.retention.num.files = 5 (custom)
2019-09-29 11:26:39,006 [pool-438-thread-1] INFO  server.RaftServerConfigKeys (ConfUtils.java:logGet(43)) - raft.server.log.segment.size.max = 1048576 (custom)
2019-09-29 11:26:39,007 [pool-418-thread-1] INFO  server.RaftServerConfigKeys (ConfUtils.java:logGet(43)) - raft.server.retrycache.expirytime = 600000ms (custom)
2019-09-29 11:26:39,007 [pool-428-thread-1] INFO  server.RaftServerConfigKeys (ConfUtils.java:logGet(43)) - raft.server.log.segment.size.max = 1048576 (custom)
2019-09-29 11:26:39,007 [pool-438-thread-1] INFO  server.RaftServerConfigKeys (ConfUtils.java:logGet(43)) - raft.server.log.preallocated.size = 16384 (custom)
2019-09-29 11:26:39,007 [pool-428-thread-1] INFO  server.RaftServerConfigKeys (ConfUtils.java:logGet(43)) - raft.server.log.preallocated.size = 16384 (custom)
2019-09-29 11:26:39,008 [pool-438-thread-1] INFO  server.RaftServerConfigKeys (ConfUtils.java:logGet(43)) - raft.server.log.write.buffer.size = 33554432 (custom)
2019-09-29 11:26:39,008 [pool-428-thread-1] INFO  server.RaftServerConfigKeys (ConfUtils.java:logGet(43)) - raft.server.log.write.buffer.size = 33554432 (custom)
2019-09-29 11:26:39,008 [pool-438-thread-1] INFO  server.RaftServerConfigKeys (ConfUtils.java:logGet(43)) - raft.server.log.force.sync.num = 128 (default)
2019-09-29 11:26:39,008 [pool-428-thread-1] INFO  server.RaftServerConfigKeys (ConfUtils.java:logGet(43)) - raft.server.log.force.sync.num = 128 (default)
2019-09-29 11:26:39,008 [pool-438-thread-1] INFO  server.RaftServerConfigKeys (ConfUtils.java:logGet(43)) - raft.server.log.statemachine.data.sync = true (default)
2019-09-29 11:26:39,008 [pool-428-thread-1] INFO  server.RaftServerConfigKeys (ConfUtils.java:logGet(43)) - raft.server.log.statemachine.data.sync = true (default)
2019-09-29 11:26:39,008 [pool-438-thread-1] INFO  server.RaftServerConfigKeys (ConfUtils.java:logGet(43)) - raft.server.log.statemachine.data.sync.timeout = 10s (default)
2019-09-29 11:26:39,008 [pool-428-thread-1] INFO  server.RaftServerConfigKeys (ConfUtils.java:logGet(43)) - raft.server.log.statemachine.data.sync.timeout = 10s (default)
2019-09-29 11:26:39,008 [pool-438-thread-1] INFO  server.RaftServerConfigKeys (ConfUtils.java:logGet(43)) - raft.server.log.statemachine.data.sync.timeout.retry = -1 (default)
2019-09-29 11:26:39,009 [pool-428-thread-1] INFO  server.RaftServerConfigKeys (ConfUtils.java:logGet(43)) - raft.server.log.statemachine.data.sync.timeout.retry = -1 (default)
2019-09-29 11:26:39,009 [pool-438-thread-1] INFO  server.RaftServerConfigKeys (ConfUtils.java:logGet(43)) - raft.server.log.statemachine.data.caching.enabled = true (custom)
2019-09-29 11:26:39,009 [pool-428-thread-1] INFO  server.RaftServerConfigKeys (ConfUtils.java:logGet(43)) - raft.server.log.statemachine.data.caching.enabled = true (custom)
2019-09-29 11:26:39,009 [pool-438-thread-1] INFO  segmented.SegmentedRaftLogWorker (SegmentedRaftLogWorker.java:lambda$new$0(132)) - c5175ad5-525e-4c2e-832b-1ca15aa9c500@group-253DF9B988BF-SegmentedRaftLogWorker: flushIndex: setUnconditionally 0 -> -1
2019-09-29 11:26:39,009 [pool-418-thread-1] INFO  impl.RaftServerImpl (RaftServerImpl.java:start(185)) - d7821b28-18a7-4460-b735-be2c20024ab7@group-253DF9B988BF: start as a follower, conf=-1: [266f4e38-b438-4944-8569-530d2ae5f6fc:192.168.30.19:46645, d7821b28-18a7-4460-b735-be2c20024ab7:192.168.30.19:45148, c5175ad5-525e-4c2e-832b-1ca15aa9c500:192.168.30.19:40504], old=null
2019-09-29 11:26:39,009 [pool-438-thread-1] INFO  server.RaftServerConfigKeys (ConfUtils.java:logGet(43)) - raft.server.snapshot.auto.trigger.enabled = true (custom)
2019-09-29 11:26:39,009 [pool-428-thread-1] INFO  segmented.SegmentedRaftLogWorker (SegmentedRaftLogWorker.java:lambda$new$0(132)) - 266f4e38-b438-4944-8569-530d2ae5f6fc@group-253DF9B988BF-SegmentedRaftLogWorker: flushIndex: setUnconditionally 0 -> -1
2019-09-29 11:26:39,009 [pool-438-thread-1] INFO  server.RaftServerConfigKeys (ConfUtils.java:logGet(43)) - raft.server.snapshot.auto.trigger.threshold = 10000 (custom)
2019-09-29 11:26:39,009 [pool-418-thread-1] INFO  impl.RaftServerImpl (RaftServerImpl.java:setRole(174)) - d7821b28-18a7-4460-b735-be2c20024ab7@group-253DF9B988BF: changes role from      null to FOLLOWER at term 0 for startAsFollower
2019-09-29 11:26:39,010 [pool-428-thread-1] INFO  server.RaftServerConfigKeys (ConfUtils.java:logGet(43)) - raft.server.snapshot.auto.trigger.enabled = true (custom)
2019-09-29 11:26:39,010 [pool-438-thread-1] INFO  server.RaftServerConfigKeys (ConfUtils.java:logGet(43)) - raft.server.snapshot.retention.num.files = 5 (custom)
2019-09-29 11:26:39,010 [pool-428-thread-1] INFO  server.RaftServerConfigKeys (ConfUtils.java:logGet(43)) - raft.server.snapshot.auto.trigger.threshold = 10000 (custom)
2019-09-29 11:26:39,010 [pool-418-thread-1] INFO  impl.RoleInfo (RoleInfo.java:updateAndGet(143)) - d7821b28-18a7-4460-b735-be2c20024ab7: start FollowerState
2019-09-29 11:26:39,010 [pool-428-thread-1] INFO  server.RaftServerConfigKeys (ConfUtils.java:logGet(43)) - raft.server.snapshot.retention.num.files = 5 (custom)
2019-09-29 11:26:39,010 [pool-438-thread-1] INFO  server.RaftServerConfigKeys (ConfUtils.java:logGet(43)) - raft.server.retrycache.expirytime = 600000ms (custom)
2019-09-29 11:26:39,010 [pool-428-thread-1] INFO  server.RaftServerConfigKeys (ConfUtils.java:logGet(43)) - raft.server.retrycache.expirytime = 600000ms (custom)
2019-09-29 11:26:39,011 [pool-418-thread-1] INFO  util.JmxRegister (JmxRegister.java:tryRegister(44)) - Successfully registered JMX Bean with object name Ratis:service=RaftServer,group=group-253DF9B988BF,id=d7821b28-18a7-4460-b735-be2c20024ab7
2019-09-29 11:26:39,013 [pool-438-thread-1] INFO  impl.RaftServerImpl (RaftServerImpl.java:start(185)) - c5175ad5-525e-4c2e-832b-1ca15aa9c500@group-253DF9B988BF: start as a follower, conf=-1: [266f4e38-b438-4944-8569-530d2ae5f6fc:192.168.30.19:46645, d7821b28-18a7-4460-b735-be2c20024ab7:192.168.30.19:45148, c5175ad5-525e-4c2e-832b-1ca15aa9c500:192.168.30.19:40504], old=null
2019-09-29 11:26:39,013 [pool-438-thread-1] INFO  impl.RaftServerImpl (RaftServerImpl.java:setRole(174)) - c5175ad5-525e-4c2e-832b-1ca15aa9c500@group-253DF9B988BF: changes role from      null to FOLLOWER at term 0 for startAsFollower
2019-09-29 11:26:39,013 [pool-438-thread-1] INFO  impl.RoleInfo (RoleInfo.java:updateAndGet(143)) - c5175ad5-525e-4c2e-832b-1ca15aa9c500: start FollowerState
2019-09-29 11:26:39,013 [pool-428-thread-1] INFO  impl.RaftServerImpl (RaftServerImpl.java:start(185)) - 266f4e38-b438-4944-8569-530d2ae5f6fc@group-253DF9B988BF: start as a follower, conf=-1: [266f4e38-b438-4944-8569-530d2ae5f6fc:192.168.30.19:46645, d7821b28-18a7-4460-b735-be2c20024ab7:192.168.30.19:45148, c5175ad5-525e-4c2e-832b-1ca15aa9c500:192.168.30.19:40504], old=null
2019-09-29 11:26:39,013 [pool-428-thread-1] INFO  impl.RaftServerImpl (RaftServerImpl.java:setRole(174)) - 266f4e38-b438-4944-8569-530d2ae5f6fc@group-253DF9B988BF: changes role from      null to FOLLOWER at term 0 for startAsFollower
2019-09-29 11:26:39,013 [pool-438-thread-1] INFO  util.JmxRegister (JmxRegister.java:tryRegister(44)) - Successfully registered JMX Bean with object name Ratis:service=RaftServer,group=group-253DF9B988BF,id=c5175ad5-525e-4c2e-832b-1ca15aa9c500
2019-09-29 11:26:39,013 [pool-428-thread-1] INFO  impl.RoleInfo (RoleInfo.java:updateAndGet(143)) - 266f4e38-b438-4944-8569-530d2ae5f6fc: start FollowerState
2019-09-29 11:26:39,014 [pool-428-thread-1] INFO  util.JmxRegister (JmxRegister.java:tryRegister(44)) - Successfully registered JMX Bean with object name Ratis:service=RaftServer,group=group-253DF9B988BF,id=266f4e38-b438-4944-8569-530d2ae5f6fc
2019-09-29 11:26:39,015 [RatisPipelineUtilsThread] INFO  pipeline.PipelineStateManager (PipelineStateManager.java:addPipeline(56)) - Created pipeline Pipeline[ Id: 7fecf4fb-f58b-499a-951d-253df9b988bf, Nodes: c5175ad5-525e-4c2e-832b-1ca15aa9c500{ip: 192.168.30.19, host: pr-hdds-1569-lsfh5-224679870, networkLocation: /default-rack, certSerialId: null}d7821b28-18a7-4460-b735-be2c20024ab7{ip: 192.168.30.19, host: pr-hdds-1569-lsfh5-224679870, networkLocation: /default-rack, certSerialId: null}266f4e38-b438-4944-8569-530d2ae5f6fc{ip: 192.168.30.19, host: pr-hdds-1569-lsfh5-224679870, networkLocation: /default-rack, certSerialId: null}, Type:RATIS, Factor:THREE, State:OPEN]
2019-09-29 11:26:39,019 [grpc-default-executor-26] INFO  impl.RaftServerProxy (RaftServerProxy.java:addNew(89)) - 266f4e38-b438-4944-8569-530d2ae5f6fc: addNew group-FBE960BC2EDC:[266f4e38-b438-4944-8569-530d2ae5f6fc:192.168.30.19:46645, d7821b28-18a7-4460-b735-be2c20024ab7:192.168.30.19:45148, c5175ad5-525e-4c2e-832b-1ca15aa9c500:192.168.30.19:40504] returns group-FBE960BC2EDC:java.util.concurrent.CompletableFuture@76e23ea5[Not completed]
2019-09-29 11:26:39,019 [grpc-default-executor-19] INFO  impl.RaftServerProxy (RaftServerProxy.java:addNew(89)) - c5175ad5-525e-4c2e-832b-1ca15aa9c500: addNew group-FBE960BC2EDC:[266f4e38-b438-4944-8569-530d2ae5f6fc:192.168.30.19:46645, d7821b28-18a7-4460-b735-be2c20024ab7:192.168.30.19:45148, c5175ad5-525e-4c2e-832b-1ca15aa9c500:192.168.30.19:40504] returns group-FBE960BC2EDC:java.util.concurrent.CompletableFuture@754c5b95[Not completed]
2019-09-29 11:26:39,019 [grpc-default-executor-27] INFO  impl.RaftServerProxy (RaftServerProxy.java:addNew(89)) - d7821b28-18a7-4460-b735-be2c20024ab7: addNew group-FBE960BC2EDC:[266f4e38-b438-4944-8569-530d2ae5f6fc:192.168.30.19:46645, d7821b28-18a7-4460-b735-be2c20024ab7:192.168.30.19:45148, c5175ad5-525e-4c2e-832b-1ca15aa9c500:192.168.30.19:40504] returns group-FBE960BC2EDC:java.util.concurrent.CompletableFuture@34783b13[Not completed]
2019-09-29 11:26:39,020 [pool-428-thread-1] INFO  impl.RaftServerImpl (RaftServerImpl.java:<init>(95)) - 266f4e38-b438-4944-8569-530d2ae5f6fc: new RaftServerImpl for group-FBE960BC2EDC:[266f4e38-b438-4944-8569-530d2ae5f6fc:192.168.30.19:46645, d7821b28-18a7-4460-b735-be2c20024ab7:192.168.30.19:45148, c5175ad5-525e-4c2e-832b-1ca15aa9c500:192.168.30.19:40504] with ContainerStateMachine:uninitialized
2019-09-29 11:26:39,020 [pool-428-thread-1] INFO  server.RaftServerConfigKeys (ConfUtils.java:logGet(43)) - raft.server.rpc.timeout.min = 5s (custom)
2019-09-29 11:26:39,020 [pool-428-thread-1] INFO  server.RaftServerConfigKeys (ConfUtils.java:logGet(43)) - raft.server.rpc.timeout.max = 5200ms (custom)
2019-09-29 11:26:39,020 [pool-428-thread-1] INFO  server.RaftServerConfigKeys (ConfUtils.java:logGet(43)) - raft.server.rpcslowness.timeout = 120s (custom)
2019-09-29 11:26:39,020 [pool-428-thread-1] INFO  server.RaftServerConfigKeys (ConfUtils.java:logGet(43)) - raft.server.sleep.deviation.threshold = 300 (default)
2019-09-29 11:26:39,021 [pool-428-thread-1] INFO  server.RaftServerConfigKeys (ConfUtils.java:logGet(43)) - raft.server.log.appender.install.snapshot.enabled = false (custom)
2019-09-29 11:26:39,021 [pool-418-thread-1] INFO  impl.RaftServerImpl (RaftServerImpl.java:<init>(95)) - d7821b28-18a7-4460-b735-be2c20024ab7: new RaftServerImpl for group-FBE960BC2EDC:[266f4e38-b438-4944-8569-530d2ae5f6fc:192.168.30.19:46645, d7821b28-18a7-4460-b735-be2c20024ab7:192.168.30.19:45148, c5175ad5-525e-4c2e-832b-1ca15aa9c500:192.168.30.19:40504] with ContainerStateMachine:uninitialized
2019-09-29 11:26:39,021 [pool-428-thread-1] INFO  impl.RaftServerImpl (ServerState.java:<init>(103)) - 266f4e38-b438-4944-8569-530d2ae5f6fc@group-FBE960BC2EDC: ConfigurationManager, init=-1: [266f4e38-b438-4944-8569-530d2ae5f6fc:192.168.30.19:46645, d7821b28-18a7-4460-b735-be2c20024ab7:192.168.30.19:45148, c5175ad5-525e-4c2e-832b-1ca15aa9c500:192.168.30.19:40504], old=null, confs=<EMPTY_MAP>
2019-09-29 11:26:39,021 [pool-418-thread-1] INFO  server.RaftServerConfigKeys (ConfUtils.java:logGet(43)) - raft.server.rpc.timeout.min = 5s (custom)
2019-09-29 11:26:39,021 [pool-428-thread-1] INFO  server.RaftServerConfigKeys (ConfUtils.java:logGet(43)) - raft.server.storage.dir = [/workdir/hadoop-ozone/integration-test/target/test-dir/MiniOzoneClusterImpl-f848b852-1aaf-4c40-a29c-4c10b1dc7f95/datanode-2/data/ratis] (custom)
2019-09-29 11:26:39,021 [pool-438-thread-1] INFO  impl.RaftServerImpl (RaftServerImpl.java:<init>(95)) - c5175ad5-525e-4c2e-832b-1ca15aa9c500: new RaftServerImpl for group-FBE960BC2EDC:[266f4e38-b438-4944-8569-530d2ae5f6fc:192.168.30.19:46645, d7821b28-18a7-4460-b735-be2c20024ab7:192.168.30.19:45148, c5175ad5-525e-4c2e-832b-1ca15aa9c500:192.168.30.19:40504] with ContainerStateMachine:uninitialized
2019-09-29 11:26:39,021 [pool-418-thread-1] INFO  server.RaftServerConfigKeys (ConfUtils.java:logGet(43)) - raft.server.rpc.timeout.max = 5200ms (custom)
2019-09-29 11:26:39,021 [pool-438-thread-1] INFO  server.RaftServerConfigKeys (ConfUtils.java:logGet(43)) - raft.server.rpc.timeout.min = 5s (custom)
2019-09-29 11:26:39,021 [pool-418-thread-1] INFO  server.RaftServerConfigKeys (ConfUtils.java:logGet(43)) - raft.server.rpcslowness.timeout = 120s (custom)
2019-09-29 11:26:39,021 [pool-428-thread-1] INFO  storage.RaftStorageDirectory (RaftStorageDirectory.java:analyzeStorage(246)) - The storage directory /workdir/hadoop-ozone/integration-test/target/test-dir/MiniOzoneClusterImpl-f848b852-1aaf-4c40-a29c-4c10b1dc7f95/datanode-2/data/ratis/32d77fcc-4182-4210-a715-fbe960bc2edc does not exist. Creating ...
2019-09-29 11:26:39,022 [pool-418-thread-1] INFO  server.RaftServerConfigKeys (ConfUtils.java:logGet(43)) - raft.server.sleep.deviation.threshold = 300 (default)
2019-09-29 11:26:39,022 [pool-418-thread-1] INFO  server.RaftServerConfigKeys (ConfUtils.java:logGet(43)) - raft.server.log.appender.install.snapshot.enabled = false (custom)
2019-09-29 11:26:39,021 [pool-438-thread-1] INFO  server.RaftServerConfigKeys (ConfUtils.java:logGet(43)) - raft.server.rpc.timeout.max = 5200ms (custom)
2019-09-29 11:26:39,022 [pool-418-thread-1] INFO  impl.RaftServerImpl (ServerState.java:<init>(103)) - d7821b28-18a7-4460-b735-be2c20024ab7@group-FBE960BC2EDC: ConfigurationManager, init=-1: [266f4e38-b438-4944-8569-530d2ae5f6fc:192.168.30.19:46645, d7821b28-18a7-4460-b735-be2c20024ab7:192.168.30.19:45148, c5175ad5-525e-4c2e-832b-1ca15aa9c500:192.168.30.19:40504], old=null, confs=<EMPTY_MAP>
2019-09-29 11:26:39,022 [pool-438-thread-1] INFO  server.RaftServerConfigKeys (ConfUtils.java:logGet(43)) - raft.server.rpcslowness.timeout = 120s (custom)
2019-09-29 11:26:39,022 [pool-418-thread-1] INFO  server.RaftServerConfigKeys (ConfUtils.java:logGet(43)) - raft.server.storage.dir = [/workdir/hadoop-ozone/integration-test/target/test-dir/MiniOzoneClusterImpl-f848b852-1aaf-4c40-a29c-4c10b1dc7f95/datanode-1/data/ratis] (custom)
2019-09-29 11:26:39,022 [pool-438-thread-1] INFO  server.RaftServerConfigKeys (ConfUtils.java:logGet(43)) - raft.server.sleep.deviation.threshold = 300 (default)
2019-09-29 11:26:39,022 [pool-438-thread-1] INFO  server.RaftServerConfigKeys (ConfUtils.java:logGet(43)) - raft.server.log.appender.install.snapshot.enabled = false (custom)
2019-09-29 11:26:39,023 [pool-438-thread-1] INFO  impl.RaftServerImpl (ServerState.java:<init>(103)) - c5175ad5-525e-4c2e-832b-1ca15aa9c500@group-FBE960BC2EDC: ConfigurationManager, init=-1: [266f4e38-b438-4944-8569-530d2ae5f6fc:192.168.30.19:46645, d7821b28-18a7-4460-b735-be2c20024ab7:192.168.30.19:45148, c5175ad5-525e-4c2e-832b-1ca15aa9c500:192.168.30.19:40504], old=null, confs=<EMPTY_MAP>
2019-09-29 11:26:39,023 [pool-418-thread-1] INFO  storage.RaftStorageDirectory (RaftStorageDirectory.java:analyzeStorage(246)) - The storage directory /workdir/hadoop-ozone/integration-test/target/test-dir/MiniOzoneClusterImpl-f848b852-1aaf-4c40-a29c-4c10b1dc7f95/datanode-1/data/ratis/32d77fcc-4182-4210-a715-fbe960bc2edc does not exist. Creating ...
2019-09-29 11:26:39,023 [pool-438-thread-1] INFO  server.RaftServerConfigKeys (ConfUtils.java:logGet(43)) - raft.server.storage.dir = [/workdir/hadoop-ozone/integration-test/target/test-dir/MiniOzoneClusterImpl-f848b852-1aaf-4c40-a29c-4c10b1dc7f95/datanode-3/data/ratis] (custom)
2019-09-29 11:26:39,023 [pool-438-thread-1] INFO  storage.RaftStorageDirectory (RaftStorageDirectory.java:analyzeStorage(246)) - The storage directory /workdir/hadoop-ozone/integration-test/target/test-dir/MiniOzoneClusterImpl-f848b852-1aaf-4c40-a29c-4c10b1dc7f95/datanode-3/data/ratis/32d77fcc-4182-4210-a715-fbe960bc2edc does not exist. Creating ...
2019-09-29 11:26:39,051 [pool-438-thread-1] INFO  storage.RaftStorageDirectory (RaftStorageDirectory.java:tryLock(328)) - Lock on /workdir/hadoop-ozone/integration-test/target/test-dir/MiniOzoneClusterImpl-f848b852-1aaf-4c40-a29c-4c10b1dc7f95/datanode-3/data/ratis/32d77fcc-4182-4210-a715-fbe960bc2edc/in_use.lock acquired by nodename 31535@pr-hdds-1569-lsfh5-224679870
2019-09-29 11:26:39,051 [pool-428-thread-1] INFO  storage.RaftStorageDirectory (RaftStorageDirectory.java:tryLock(328)) - Lock on /workdir/hadoop-ozone/integration-test/target/test-dir/MiniOzoneClusterImpl-f848b852-1aaf-4c40-a29c-4c10b1dc7f95/datanode-2/data/ratis/32d77fcc-4182-4210-a715-fbe960bc2edc/in_use.lock acquired by nodename 31535@pr-hdds-1569-lsfh5-224679870
2019-09-29 11:26:39,051 [pool-418-thread-1] INFO  storage.RaftStorageDirectory (RaftStorageDirectory.java:tryLock(328)) - Lock on /workdir/hadoop-ozone/integration-test/target/test-dir/MiniOzoneClusterImpl-f848b852-1aaf-4c40-a29c-4c10b1dc7f95/datanode-1/data/ratis/32d77fcc-4182-4210-a715-fbe960bc2edc/in_use.lock acquired by nodename 31535@pr-hdds-1569-lsfh5-224679870
2019-09-29 11:26:39,085 [pool-418-thread-1] INFO  storage.RaftStorage (RaftStorage.java:format(72)) - Storage directory /workdir/hadoop-ozone/integration-test/target/test-dir/MiniOzoneClusterImpl-f848b852-1aaf-4c40-a29c-4c10b1dc7f95/datanode-1/data/ratis/32d77fcc-4182-4210-a715-fbe960bc2edc has been successfully formatted.
2019-09-29 11:26:39,085 [pool-428-thread-1] INFO  storage.RaftStorage (RaftStorage.java:format(72)) - Storage directory /workdir/hadoop-ozone/integration-test/target/test-dir/MiniOzoneClusterImpl-f848b852-1aaf-4c40-a29c-4c10b1dc7f95/datanode-2/data/ratis/32d77fcc-4182-4210-a715-fbe960bc2edc has been successfully formatted.
2019-09-29 11:26:39,085 [pool-438-thread-1] INFO  storage.RaftStorage (RaftStorage.java:format(72)) - Storage directory /workdir/hadoop-ozone/integration-test/target/test-dir/MiniOzoneClusterImpl-f848b852-1aaf-4c40-a29c-4c10b1dc7f95/datanode-3/data/ratis/32d77fcc-4182-4210-a715-fbe960bc2edc has been successfully formatted.
2019-09-29 11:26:39,086 [pool-428-thread-1] INFO  ratis.ContainerStateMachine (ContainerStateMachine.java:loadSnapshot(230)) - group-FBE960BC2EDC: The snapshot info is null. Setting the last applied indexto:(t:0, i:~)
2019-09-29 11:26:39,085 [pool-418-thread-1] INFO  ratis.ContainerStateMachine (ContainerStateMachine.java:loadSnapshot(230)) - group-FBE960BC2EDC: The snapshot info is null. Setting the last applied indexto:(t:0, i:~)
2019-09-29 11:26:39,086 [pool-428-thread-1] INFO  server.RaftServerConfigKeys (ConfUtils.java:logGet(43)) - raft.server.notification.no-leader.timeout = 120s (custom)
2019-09-29 11:26:39,086 [pool-438-thread-1] INFO  ratis.ContainerStateMachine (ContainerStateMachine.java:loadSnapshot(230)) - group-FBE960BC2EDC: The snapshot info is null. Setting the last applied indexto:(t:0, i:~)
2019-09-29 11:26:39,086 [pool-428-thread-1] INFO  server.RaftServerConfigKeys (ConfUtils.java:logGet(43)) - raft.server.log.use.memory = false (default)
2019-09-29 11:26:39,086 [pool-418-thread-1] INFO  server.RaftServerConfigKeys (ConfUtils.java:logGet(43)) - raft.server.notification.no-leader.timeout = 120s (custom)
2019-09-29 11:26:39,086 [pool-428-thread-1] INFO  server.RaftServerConfigKeys (ConfUtils.java:logGet(43)) - raft.server.log.purge.gap = 1000000 (custom)
2019-09-29 11:26:39,086 [pool-438-thread-1] INFO  server.RaftServerConfigKeys (ConfUtils.java:logGet(43)) - raft.server.notification.no-leader.timeout = 120s (custom)
2019-09-29 11:26:39,087 [pool-428-thread-1] INFO  server.RaftServerConfigKeys (ConfUtils.java:logGet(43)) - raft.server.log.appender.buffer.byte-limit = 33554432 (custom)
2019-09-29 11:26:39,086 [pool-418-thread-1] INFO  server.RaftServerConfigKeys (ConfUtils.java:logGet(43)) - raft.server.log.use.memory = false (default)
2019-09-29 11:26:39,087 [pool-428-thread-1] INFO  server.RaftServerConfigKeys (ConfUtils.java:logGet(43)) - raft.server.log.segment.size.max = 1048576 (custom)
2019-09-29 11:26:39,087 [pool-438-thread-1] INFO  server.RaftServerConfigKeys (ConfUtils.java:logGet(43)) - raft.server.log.use.memory = false (default)
2019-09-29 11:26:39,087 [pool-428-thread-1] INFO  server.RaftServerConfigKeys (ConfUtils.java:logGet(43)) - raft.server.log.segment.cache.num.max = 2 (custom)
2019-09-29 11:26:39,087 [pool-418-thread-1] INFO  server.RaftServerConfigKeys (ConfUtils.java:logGet(43)) - raft.server.log.purge.gap = 1000000 (custom)
2019-09-29 11:26:39,088 [pool-428-thread-1] INFO  segmented.SegmentedRaftLogWorker (SegmentedRaftLogWorker.java:<init>(172)) - new 266f4e38-b438-4944-8569-530d2ae5f6fc@group-FBE960BC2EDC-SegmentedRaftLogWorker for RaftStorage:Storage Directory /workdir/hadoop-ozone/integration-test/target/test-dir/MiniOzoneClusterImpl-f848b852-1aaf-4c40-a29c-4c10b1dc7f95/datanode-2/data/ratis/32d77fcc-4182-4210-a715-fbe960bc2edc
2019-09-29 11:26:39,087 [pool-438-thread-1] INFO  server.RaftServerConfigKeys (ConfUtils.java:logGet(43)) - raft.server.log.purge.gap = 1000000 (custom)
2019-09-29 11:26:39,088 [pool-428-thread-1] INFO  server.RaftServerConfigKeys (ConfUtils.java:logGet(43)) - raft.server.log.queue.byte-limit = 2147483647 (custom)
2019-09-29 11:26:39,088 [pool-418-thread-1] INFO  server.RaftServerConfigKeys (ConfUtils.java:logGet(43)) - raft.server.log.appender.buffer.byte-limit = 33554432 (custom)
2019-09-29 11:26:39,088 [pool-428-thread-1] INFO  server.RaftServerConfigKeys (ConfUtils.java:logGet(43)) - raft.server.log.queue.element-limit = 1024 (custom)
2019-09-29 11:26:39,088 [pool-438-thread-1] INFO  server.RaftServerConfigKeys (ConfUtils.java:logGet(43)) - raft.server.log.appender.buffer.byte-limit = 33554432 (custom)
2019-09-29 11:26:39,088 [pool-428-thread-1] INFO  server.RaftServerConfigKeys (ConfUtils.java:logGet(43)) - raft.server.log.segment.size.max = 1048576 (custom)
2019-09-29 11:26:39,088 [pool-418-thread-1] INFO  server.RaftServerConfigKeys (ConfUtils.java:logGet(43)) - raft.server.log.segment.size.max = 1048576 (custom)
2019-09-29 11:26:39,089 [pool-428-thread-1] INFO  server.RaftServerConfigKeys (ConfUtils.java:logGet(43)) - raft.server.log.preallocated.size = 16384 (custom)
2019-09-29 11:26:39,088 [pool-438-thread-1] INFO  server.RaftServerConfigKeys (ConfUtils.java:logGet(43)) - raft.server.log.segment.size.max = 1048576 (custom)
2019-09-29 11:26:39,089 [pool-428-thread-1] INFO  server.RaftServerConfigKeys (ConfUtils.java:logGet(43)) - raft.server.log.write.buffer.size = 33554432 (custom)
2019-09-29 11:26:39,089 [pool-418-thread-1] INFO  server.RaftServerConfigKeys (ConfUtils.java:logGet(43)) - raft.server.log.segment.cache.num.max = 2 (custom)
2019-09-29 11:26:39,089 [pool-428-thread-1] INFO  server.RaftServerConfigKeys (ConfUtils.java:logGet(43)) - raft.server.log.force.sync.num = 128 (default)
2019-09-29 11:26:39,089 [pool-428-thread-1] INFO  server.RaftServerConfigKeys (ConfUtils.java:logGet(43)) - raft.server.log.statemachine.data.sync = true (default)
2019-09-29 11:26:39,089 [pool-438-thread-1] INFO  server.RaftServerConfigKeys (ConfUtils.java:logGet(43)) - raft.server.log.segment.cache.num.max = 2 (custom)
2019-09-29 11:26:39,090 [pool-428-thread-1] INFO  server.RaftServerConfigKeys (ConfUtils.java:logGet(43)) - raft.server.log.statemachine.data.sync.timeout = 10s (default)
2019-09-29 11:26:39,089 [pool-418-thread-1] INFO  segmented.SegmentedRaftLogWorker (SegmentedRaftLogWorker.java:<init>(172)) - new d7821b28-18a7-4460-b735-be2c20024ab7@group-FBE960BC2EDC-SegmentedRaftLogWorker for RaftStorage:Storage Directory /workdir/hadoop-ozone/integration-test/target/test-dir/MiniOzoneClusterImpl-f848b852-1aaf-4c40-a29c-4c10b1dc7f95/datanode-1/data/ratis/32d77fcc-4182-4210-a715-fbe960bc2edc
2019-09-29 11:26:39,090 [pool-428-thread-1] INFO  server.RaftServerConfigKeys (ConfUtils.java:logGet(43)) - raft.server.log.statemachine.data.sync.timeout.retry = -1 (default)
2019-09-29 11:26:39,090 [pool-438-thread-1] INFO  segmented.SegmentedRaftLogWorker (SegmentedRaftLogWorker.java:<init>(172)) - new c5175ad5-525e-4c2e-832b-1ca15aa9c500@group-FBE960BC2EDC-SegmentedRaftLogWorker for RaftStorage:Storage Directory /workdir/hadoop-ozone/integration-test/target/test-dir/MiniOzoneClusterImpl-f848b852-1aaf-4c40-a29c-4c10b1dc7f95/datanode-3/data/ratis/32d77fcc-4182-4210-a715-fbe960bc2edc
2019-09-29 11:26:39,090 [pool-428-thread-1] INFO  server.RaftServerConfigKeys (ConfUtils.java:logGet(43)) - raft.server.log.statemachine.data.caching.enabled = true (custom)
2019-09-29 11:26:39,090 [pool-418-thread-1] INFO  server.RaftServerConfigKeys (ConfUtils.java:logGet(43)) - raft.server.log.queue.byte-limit = 2147483647 (custom)
2019-09-29 11:26:39,090 [pool-438-thread-1] INFO  server.RaftServerConfigKeys (ConfUtils.java:logGet(43)) - raft.server.log.queue.byte-limit = 2147483647 (custom)
2019-09-29 11:26:39,090 [pool-428-thread-1] INFO  segmented.SegmentedRaftLogWorker (SegmentedRaftLogWorker.java:lambda$new$0(132)) - 266f4e38-b438-4944-8569-530d2ae5f6fc@group-FBE960BC2EDC-SegmentedRaftLogWorker: flushIndex: setUnconditionally 0 -> -1
2019-09-29 11:26:39,090 [pool-418-thread-1] INFO  server.RaftServerConfigKeys (ConfUtils.java:logGet(43)) - raft.server.log.queue.element-limit = 1024 (custom)
2019-09-29 11:26:39,091 [pool-438-thread-1] INFO  server.RaftServerConfigKeys (ConfUtils.java:logGet(43)) - raft.server.log.queue.element-limit = 1024 (custom)
2019-09-29 11:26:39,091 [pool-418-thread-1] INFO  server.RaftServerConfigKeys (ConfUtils.java:logGet(43)) - raft.server.log.segment.size.max = 1048576 (custom)
2019-09-29 11:26:39,091 [pool-428-thread-1] INFO  server.RaftServerConfigKeys (ConfUtils.java:logGet(43)) - raft.server.snapshot.auto.trigger.enabled = true (custom)
2019-09-29 11:26:39,091 [pool-418-thread-1] INFO  server.RaftServerConfigKeys (ConfUtils.java:logGet(43)) - raft.server.log.preallocated.size = 16384 (custom)
2019-09-29 11:26:39,091 [pool-438-thread-1] INFO  server.RaftServerConfigKeys (ConfUtils.java:logGet(43)) - raft.server.log.segment.size.max = 1048576 (custom)
2019-09-29 11:26:39,091 [pool-418-thread-1] INFO  server.RaftServerConfigKeys (ConfUtils.java:logGet(43)) - raft.server.log.write.buffer.size = 33554432 (custom)
2019-09-29 11:26:39,091 [pool-428-thread-1] INFO  server.RaftServerConfigKeys (ConfUtils.java:logGet(43)) - raft.server.snapshot.auto.trigger.threshold = 10000 (custom)
2019-09-29 11:26:39,092 [pool-418-thread-1] INFO  server.RaftServerConfigKeys (ConfUtils.java:logGet(43)) - raft.server.log.force.sync.num = 128 (default)
2019-09-29 11:26:39,092 [pool-418-thread-1] INFO  server.RaftServerConfigKeys (ConfUtils.java:logGet(43)) - raft.server.log.statemachine.data.sync = true (default)
2019-09-29 11:26:39,091 [pool-438-thread-1] INFO  server.RaftServerConfigKeys (ConfUtils.java:logGet(43)) - raft.server.log.preallocated.size = 16384 (custom)
2019-09-29 11:26:39,092 [pool-418-thread-1] INFO  server.RaftServerConfigKeys (ConfUtils.java:logGet(43)) - raft.server.log.statemachine.data.sync.timeout = 10s (default)
2019-09-29 11:26:39,092 [pool-418-thread-1] INFO  server.RaftServerConfigKeys (ConfUtils.java:logGet(43)) - raft.server.log.statemachine.data.sync.timeout.retry = -1 (default)
2019-09-29 11:26:39,092 [pool-428-thread-1] INFO  server.RaftServerConfigKeys (ConfUtils.java:logGet(43)) - raft.server.snapshot.retention.num.files = 5 (custom)
2019-09-29 11:26:39,092 [pool-418-thread-1] INFO  server.RaftServerConfigKeys (ConfUtils.java:logGet(43)) - raft.server.log.statemachine.data.caching.enabled = true (custom)
2019-09-29 11:26:39,092 [pool-438-thread-1] INFO  server.RaftServerConfigKeys (ConfUtils.java:logGet(43)) - raft.server.log.write.buffer.size = 33554432 (custom)
2019-09-29 11:26:39,093 [pool-418-thread-1] INFO  segmented.SegmentedRaftLogWorker (SegmentedRaftLogWorker.java:lambda$new$0(132)) - d7821b28-18a7-4460-b735-be2c20024ab7@group-FBE960BC2EDC-SegmentedRaftLogWorker: flushIndex: setUnconditionally 0 -> -1
2019-09-29 11:26:39,093 [pool-428-thread-1] INFO  server.RaftServerConfigKeys (ConfUtils.java:logGet(43)) - raft.server.retrycache.expirytime = 600000ms (custom)
2019-09-29 11:26:39,093 [pool-438-thread-1] INFO  server.RaftServerConfigKeys (ConfUtils.java:logGet(43)) - raft.server.log.force.sync.num = 128 (default)
2019-09-29 11:26:39,093 [pool-418-thread-1] INFO  server.RaftServerConfigKeys (ConfUtils.java:logGet(43)) - raft.server.snapshot.auto.trigger.enabled = true (custom)
2019-09-29 11:26:39,093 [pool-438-thread-1] INFO  server.RaftServerConfigKeys (ConfUtils.java:logGet(43)) - raft.server.log.statemachine.data.sync = true (default)
2019-09-29 11:26:39,093 [pool-418-thread-1] INFO  server.RaftServerConfigKeys (ConfUtils.java:logGet(43)) - raft.server.snapshot.auto.trigger.threshold = 10000 (custom)
2019-09-29 11:26:39,093 [pool-438-thread-1] INFO  server.RaftServerConfigKeys (ConfUtils.java:logGet(43)) - raft.server.log.statemachine.data.sync.timeout = 10s (default)
2019-09-29 11:26:39,094 [pool-418-thread-1] INFO  server.RaftServerConfigKeys (ConfUtils.java:logGet(43)) - raft.server.snapshot.retention.num.files = 5 (custom)
2019-09-29 11:26:39,094 [pool-438-thread-1] INFO  server.RaftServerConfigKeys (ConfUtils.java:logGet(43)) - raft.server.log.statemachine.data.sync.timeout.retry = -1 (default)
2019-09-29 11:26:39,094 [pool-418-thread-1] INFO  server.RaftServerConfigKeys (ConfUtils.java:logGet(43)) - raft.server.retrycache.expirytime = 600000ms (custom)
2019-09-29 11:26:39,094 [pool-438-thread-1] INFO  server.RaftServerConfigKeys (ConfUtils.java:logGet(43)) - raft.server.log.statemachine.data.caching.enabled = true (custom)
2019-09-29 11:26:39,094 [pool-428-thread-1] INFO  impl.RaftServerImpl (RaftServerImpl.java:start(185)) - 266f4e38-b438-4944-8569-530d2ae5f6fc@group-FBE960BC2EDC: start as a follower, conf=-1: [266f4e38-b438-4944-8569-530d2ae5f6fc:192.168.30.19:46645, d7821b28-18a7-4460-b735-be2c20024ab7:192.168.30.19:45148, c5175ad5-525e-4c2e-832b-1ca15aa9c500:192.168.30.19:40504], old=null
2019-09-29 11:26:39,095 [pool-428-thread-1] INFO  impl.RaftServerImpl (RaftServerImpl.java:setRole(174)) - 266f4e38-b438-4944-8569-530d2ae5f6fc@group-FBE960BC2EDC: changes role from      null to FOLLOWER at term 0 for startAsFollower
2019-09-29 11:26:39,095 [pool-438-thread-1] INFO  segmented.SegmentedRaftLogWorker (SegmentedRaftLogWorker.java:lambda$new$0(132)) - c5175ad5-525e-4c2e-832b-1ca15aa9c500@group-FBE960BC2EDC-SegmentedRaftLogWorker: flushIndex: setUnconditionally 0 -> -1
2019-09-29 11:26:39,095 [pool-428-thread-1] INFO  impl.RoleInfo (RoleInfo.java:updateAndGet(143)) - 266f4e38-b438-4944-8569-530d2ae5f6fc: start FollowerState
2019-09-29 11:26:39,095 [pool-438-thread-1] INFO  server.RaftServerConfigKeys (ConfUtils.java:logGet(43)) - raft.server.snapshot.auto.trigger.enabled = true (custom)
2019-09-29 11:26:39,095 [pool-438-thread-1] INFO  server.RaftServerConfigKeys (ConfUtils.java:logGet(43)) - raft.server.snapshot.auto.trigger.threshold = 10000 (custom)
2019-09-29 11:26:39,095 [pool-428-thread-1] INFO  util.JmxRegister (JmxRegister.java:tryRegister(44)) - Successfully registered JMX Bean with object name Ratis:service=RaftServer,group=group-FBE960BC2EDC,id=266f4e38-b438-4944-8569-530d2ae5f6fc
2019-09-29 11:26:39,095 [pool-438-thread-1] INFO  server.RaftServerConfigKeys (ConfUtils.java:logGet(43)) - raft.server.snapshot.retention.num.files = 5 (custom)
2019-09-29 11:26:39,095 [pool-438-thread-1] INFO  server.RaftServerConfigKeys (ConfUtils.java:logGet(43)) - raft.server.retrycache.expirytime = 600000ms (custom)
2019-09-29 11:26:39,096 [pool-418-thread-1] INFO  impl.RaftServerImpl (RaftServerImpl.java:start(185)) - d7821b28-18a7-4460-b735-be2c20024ab7@group-FBE960BC2EDC: start as a follower, conf=-1: [266f4e38-b438-4944-8569-530d2ae5f6fc:192.168.30.19:46645, d7821b28-18a7-4460-b735-be2c20024ab7:192.168.30.19:45148, c5175ad5-525e-4c2e-832b-1ca15aa9c500:192.168.30.19:40504], old=null
2019-09-29 11:26:39,096 [pool-418-thread-1] INFO  impl.RaftServerImpl (RaftServerImpl.java:setRole(174)) - d7821b28-18a7-4460-b735-be2c20024ab7@group-FBE960BC2EDC: changes role from      null to FOLLOWER at term 0 for startAsFollower
2019-09-29 11:26:39,096 [pool-418-thread-1] INFO  impl.RoleInfo (RoleInfo.java:updateAndGet(143)) - d7821b28-18a7-4460-b735-be2c20024ab7: start FollowerState
2019-09-29 11:26:39,096 [pool-418-thread-1] INFO  util.JmxRegister (JmxRegister.java:tryRegister(44)) - Successfully registered JMX Bean with object name Ratis:service=RaftServer,group=group-FBE960BC2EDC,id=d7821b28-18a7-4460-b735-be2c20024ab7
2019-09-29 11:26:39,098 [pool-438-thread-1] INFO  impl.RaftServerImpl (RaftServerImpl.java:start(185)) - c5175ad5-525e-4c2e-832b-1ca15aa9c500@group-FBE960BC2EDC: start as a follower, conf=-1: [266f4e38-b438-4944-8569-530d2ae5f6fc:192.168.30.19:46645, d7821b28-18a7-4460-b735-be2c20024ab7:192.168.30.19:45148, c5175ad5-525e-4c2e-832b-1ca15aa9c500:192.168.30.19:40504], old=null
2019-09-29 11:26:39,098 [pool-438-thread-1] INFO  impl.RaftServerImpl (RaftServerImpl.java:setRole(174)) - c5175ad5-525e-4c2e-832b-1ca15aa9c500@group-FBE960BC2EDC: changes role from      null to FOLLOWER at term 0 for startAsFollower
2019-09-29 11:26:39,098 [pool-438-thread-1] INFO  impl.RoleInfo (RoleInfo.java:updateAndGet(143)) - c5175ad5-525e-4c2e-832b-1ca15aa9c500: start FollowerState
2019-09-29 11:26:39,098 [pool-438-thread-1] INFO  util.JmxRegister (JmxRegister.java:tryRegister(44)) - Successfully registered JMX Bean with object name Ratis:service=RaftServer,group=group-FBE960BC2EDC,id=c5175ad5-525e-4c2e-832b-1ca15aa9c500
2019-09-29 11:26:39,100 [RatisPipelineUtilsThread] INFO  pipeline.PipelineStateManager (PipelineStateManager.java:addPipeline(56)) - Created pipeline Pipeline[ Id: 32d77fcc-4182-4210-a715-fbe960bc2edc, Nodes: 266f4e38-b438-4944-8569-530d2ae5f6fc{ip: 192.168.30.19, host: pr-hdds-1569-lsfh5-224679870, networkLocation: /default-rack, certSerialId: null}d7821b28-18a7-4460-b735-be2c20024ab7{ip: 192.168.30.19, host: pr-hdds-1569-lsfh5-224679870, networkLocation: /default-rack, certSerialId: null}c5175ad5-525e-4c2e-832b-1ca15aa9c500{ip: 192.168.30.19, host: pr-hdds-1569-lsfh5-224679870, networkLocation: /default-rack, certSerialId: null}, Type:RATIS, Factor:THREE, State:OPEN]
2019-09-29 11:26:39,108 [grpc-default-executor-19] INFO  impl.RaftServerProxy (RaftServerProxy.java:addNew(89)) - 266f4e38-b438-4944-8569-530d2ae5f6fc: addNew group-ACE69562662B:[266f4e38-b438-4944-8569-530d2ae5f6fc:192.168.30.19:46645, d7821b28-18a7-4460-b735-be2c20024ab7:192.168.30.19:45148, c5175ad5-525e-4c2e-832b-1ca15aa9c500:192.168.30.19:40504] returns group-ACE69562662B:java.util.concurrent.CompletableFuture@525d818d[Not completed]
2019-09-29 11:26:39,108 [grpc-default-executor-27] INFO  impl.RaftServerProxy (RaftServerProxy.java:addNew(89)) - c5175ad5-525e-4c2e-832b-1ca15aa9c500: addNew group-ACE69562662B:[266f4e38-b438-4944-8569-530d2ae5f6fc:192.168.30.19:46645, d7821b28-18a7-4460-b735-be2c20024ab7:192.168.30.19:45148, c5175ad5-525e-4c2e-832b-1ca15aa9c500:192.168.30.19:40504] returns group-ACE69562662B:java.util.concurrent.CompletableFuture@23f07995[Not completed]
2019-09-29 11:26:39,108 [grpc-default-executor-26] INFO  impl.RaftServerProxy (RaftServerProxy.java:addNew(89)) - d7821b28-18a7-4460-b735-be2c20024ab7: addNew group-ACE69562662B:[266f4e38-b438-4944-8569-530d2ae5f6fc:192.168.30.19:46645, d7821b28-18a7-4460-b735-be2c20024ab7:192.168.30.19:45148, c5175ad5-525e-4c2e-832b-1ca15aa9c500:192.168.30.19:40504] returns group-ACE69562662B:java.util.concurrent.CompletableFuture@4899e4b[Not completed]
2019-09-29 11:26:39,109 [pool-418-thread-1] INFO  impl.RaftServerImpl (RaftServerImpl.java:<init>(95)) - d7821b28-18a7-4460-b735-be2c20024ab7: new RaftServerImpl for group-ACE69562662B:[266f4e38-b438-4944-8569-530d2ae5f6fc:192.168.30.19:46645, d7821b28-18a7-4460-b735-be2c20024ab7:192.168.30.19:45148, c5175ad5-525e-4c2e-832b-1ca15aa9c500:192.168.30.19:40504] with ContainerStateMachine:uninitialized
2019-09-29 11:26:39,109 [pool-418-thread-1] INFO  server.RaftServerConfigKeys (ConfUtils.java:logGet(43)) - raft.server.rpc.timeout.min = 5s (custom)
2019-09-29 11:26:39,110 [pool-418-thread-1] INFO  server.RaftServerConfigKeys (ConfUtils.java:logGet(43)) - raft.server.rpc.timeout.max = 5200ms (custom)
2019-09-29 11:26:39,110 [pool-418-thread-1] INFO  server.RaftServerConfigKeys (ConfUtils.java:logGet(43)) - raft.server.rpcslowness.timeout = 120s (custom)
2019-09-29 11:26:39,110 [pool-418-thread-1] INFO  server.RaftServerConfigKeys (ConfUtils.java:logGet(43)) - raft.server.sleep.deviation.threshold = 300 (default)
2019-09-29 11:26:39,110 [pool-418-thread-1] INFO  server.RaftServerConfigKeys (ConfUtils.java:logGet(43)) - raft.server.log.appender.install.snapshot.enabled = false (custom)
2019-09-29 11:26:39,110 [pool-418-thread-1] INFO  impl.RaftServerImpl (ServerState.java:<init>(103)) - d7821b28-18a7-4460-b735-be2c20024ab7@group-ACE69562662B: ConfigurationManager, init=-1: [266f4e38-b438-4944-8569-530d2ae5f6fc:192.168.30.19:46645, d7821b28-18a7-4460-b735-be2c20024ab7:192.168.30.19:45148, c5175ad5-525e-4c2e-832b-1ca15aa9c500:192.168.30.19:40504], old=null, confs=<EMPTY_MAP>
2019-09-29 11:26:39,110 [pool-438-thread-1] INFO  impl.RaftServerImpl (RaftServerImpl.java:<init>(95)) - c5175ad5-525e-4c2e-832b-1ca15aa9c500: new RaftServerImpl for group-ACE69562662B:[266f4e38-b438-4944-8569-530d2ae5f6fc:192.168.30.19:46645, d7821b28-18a7-4460-b735-be2c20024ab7:192.168.30.19:45148, c5175ad5-525e-4c2e-832b-1ca15aa9c500:192.168.30.19:40504] with ContainerStateMachine:uninitialized
2019-09-29 11:26:39,110 [pool-418-thread-1] INFO  server.RaftServerConfigKeys (ConfUtils.java:logGet(43)) - raft.server.storage.dir = [/workdir/hadoop-ozone/integration-test/target/test-dir/MiniOzoneClusterImpl-f848b852-1aaf-4c40-a29c-4c10b1dc7f95/datanode-1/data/ratis] (custom)
2019-09-29 11:26:39,110 [pool-438-thread-1] INFO  server.RaftServerConfigKeys (ConfUtils.java:logGet(43)) - raft.server.rpc.timeout.min = 5s (custom)
2019-09-29 11:26:39,111 [pool-428-thread-1] INFO  impl.RaftServerImpl (RaftServerImpl.java:<init>(95)) - 266f4e38-b438-4944-8569-530d2ae5f6fc: new RaftServerImpl for group-ACE69562662B:[266f4e38-b438-4944-8569-530d2ae5f6fc:192.168.30.19:46645, d7821b28-18a7-4460-b735-be2c20024ab7:192.168.30.19:45148, c5175ad5-525e-4c2e-832b-1ca15aa9c500:192.168.30.19:40504] with ContainerStateMachine:uninitialized
2019-09-29 11:26:39,111 [pool-438-thread-1] INFO  server.RaftServerConfigKeys (ConfUtils.java:logGet(43)) - raft.server.rpc.timeout.max = 5200ms (custom)
2019-09-29 11:26:39,111 [pool-428-thread-1] INFO  server.RaftServerConfigKeys (ConfUtils.java:logGet(43)) - raft.server.rpc.timeout.min = 5s (custom)
2019-09-29 11:26:39,111 [pool-418-thread-1] INFO  storage.RaftStorageDirectory (RaftStorageDirectory.java:analyzeStorage(246)) - The storage directory /workdir/hadoop-ozone/integration-test/target/test-dir/MiniOzoneClusterImpl-f848b852-1aaf-4c40-a29c-4c10b1dc7f95/datanode-1/data/ratis/1946d8fd-26f7-4f70-b39b-ace69562662b does not exist. Creating ...
2019-09-29 11:26:39,111 [pool-428-thread-1] INFO  server.RaftServerConfigKeys (ConfUtils.java:logGet(43)) - raft.server.rpc.timeout.max = 5200ms (custom)
2019-09-29 11:26:39,111 [pool-438-thread-1] INFO  server.RaftServerConfigKeys (ConfUtils.java:logGet(43)) - raft.server.rpcslowness.timeout = 120s (custom)
2019-09-29 11:26:39,111 [pool-428-thread-1] INFO  server.RaftServerConfigKeys (ConfUtils.java:logGet(43)) - raft.server.rpcslowness.timeout = 120s (custom)
2019-09-29 11:26:39,111 [pool-438-thread-1] INFO  server.RaftServerConfigKeys (ConfUtils.java:logGet(43)) - raft.server.sleep.deviation.threshold = 300 (default)
2019-09-29 11:26:39,111 [pool-428-thread-1] INFO  server.RaftServerConfigKeys (ConfUtils.java:logGet(43)) - raft.server.sleep.deviation.threshold = 300 (default)
2019-09-29 11:26:39,111 [pool-438-thread-1] INFO  server.RaftServerConfigKeys (ConfUtils.java:logGet(43)) - raft.server.log.appender.install.snapshot.enabled = false (custom)
2019-09-29 11:26:39,112 [pool-428-thread-1] INFO  server.RaftServerConfigKeys (ConfUtils.java:logGet(43)) - raft.server.log.appender.install.snapshot.enabled = false (custom)
2019-09-29 11:26:39,112 [pool-438-thread-1] INFO  impl.RaftServerImpl (ServerState.java:<init>(103)) - c5175ad5-525e-4c2e-832b-1ca15aa9c500@group-ACE69562662B: ConfigurationManager, init=-1: [266f4e38-b438-4944-8569-530d2ae5f6fc:192.168.30.19:46645, d7821b28-18a7-4460-b735-be2c20024ab7:192.168.30.19:45148, c5175ad5-525e-4c2e-832b-1ca15aa9c500:192.168.30.19:40504], old=null, confs=<EMPTY_MAP>
2019-09-29 11:26:39,112 [pool-428-thread-1] INFO  impl.RaftServerImpl (ServerState.java:<init>(103)) - 266f4e38-b438-4944-8569-530d2ae5f6fc@group-ACE69562662B: ConfigurationManager, init=-1: [266f4e38-b438-4944-8569-530d2ae5f6fc:192.168.30.19:46645, d7821b28-18a7-4460-b735-be2c20024ab7:192.168.30.19:45148, c5175ad5-525e-4c2e-832b-1ca15aa9c500:192.168.30.19:40504], old=null, confs=<EMPTY_MAP>
2019-09-29 11:26:39,112 [pool-438-thread-1] INFO  server.RaftServerConfigKeys (ConfUtils.java:logGet(43)) - raft.server.storage.dir = [/workdir/hadoop-ozone/integration-test/target/test-dir/MiniOzoneClusterImpl-f848b852-1aaf-4c40-a29c-4c10b1dc7f95/datanode-3/data/ratis] (custom)
2019-09-29 11:26:39,112 [pool-428-thread-1] INFO  server.RaftServerConfigKeys (ConfUtils.java:logGet(43)) - raft.server.storage.dir = [/workdir/hadoop-ozone/integration-test/target/test-dir/MiniOzoneClusterImpl-f848b852-1aaf-4c40-a29c-4c10b1dc7f95/datanode-2/data/ratis] (custom)
2019-09-29 11:26:39,112 [pool-438-thread-1] INFO  storage.RaftStorageDirectory (RaftStorageDirectory.java:analyzeStorage(246)) - The storage directory /workdir/hadoop-ozone/integration-test/target/test-dir/MiniOzoneClusterImpl-f848b852-1aaf-4c40-a29c-4c10b1dc7f95/datanode-3/data/ratis/1946d8fd-26f7-4f70-b39b-ace69562662b does not exist. Creating ...
2019-09-29 11:26:39,112 [pool-428-thread-1] INFO  storage.RaftStorageDirectory (RaftStorageDirectory.java:analyzeStorage(246)) - The storage directory /workdir/hadoop-ozone/integration-test/target/test-dir/MiniOzoneClusterImpl-f848b852-1aaf-4c40-a29c-4c10b1dc7f95/datanode-2/data/ratis/1946d8fd-26f7-4f70-b39b-ace69562662b does not exist. Creating ...
2019-09-29 11:26:39,136 [pool-428-thread-1] INFO  storage.RaftStorageDirectory (RaftStorageDirectory.java:tryLock(328)) - Lock on /workdir/hadoop-ozone/integration-test/target/test-dir/MiniOzoneClusterImpl-f848b852-1aaf-4c40-a29c-4c10b1dc7f95/datanode-2/data/ratis/1946d8fd-26f7-4f70-b39b-ace69562662b/in_use.lock acquired by nodename 31535@pr-hdds-1569-lsfh5-224679870
2019-09-29 11:26:39,136 [pool-438-thread-1] INFO  storage.RaftStorageDirectory (RaftStorageDirectory.java:tryLock(328)) - Lock on /workdir/hadoop-ozone/integration-test/target/test-dir/MiniOzoneClusterImpl-f848b852-1aaf-4c40-a29c-4c10b1dc7f95/datanode-3/data/ratis/1946d8fd-26f7-4f70-b39b-ace69562662b/in_use.lock acquired by nodename 31535@pr-hdds-1569-lsfh5-224679870
2019-09-29 11:26:39,136 [pool-418-thread-1] INFO  storage.RaftStorageDirectory (RaftStorageDirectory.java:tryLock(328)) - Lock on /workdir/hadoop-ozone/integration-test/target/test-dir/MiniOzoneClusterImpl-f848b852-1aaf-4c40-a29c-4c10b1dc7f95/datanode-1/data/ratis/1946d8fd-26f7-4f70-b39b-ace69562662b/in_use.lock acquired by nodename 31535@pr-hdds-1569-lsfh5-224679870
2019-09-29 11:26:39,161 [pool-428-thread-1] INFO  storage.RaftStorage (RaftStorage.java:format(72)) - Storage directory /workdir/hadoop-ozone/integration-test/target/test-dir/MiniOzoneClusterImpl-f848b852-1aaf-4c40-a29c-4c10b1dc7f95/datanode-2/data/ratis/1946d8fd-26f7-4f70-b39b-ace69562662b has been successfully formatted.
2019-09-29 11:26:39,161 [pool-438-thread-1] INFO  storage.RaftStorage (RaftStorage.java:format(72)) - Storage directory /workdir/hadoop-ozone/integration-test/target/test-dir/MiniOzoneClusterImpl-f848b852-1aaf-4c40-a29c-4c10b1dc7f95/datanode-3/data/ratis/1946d8fd-26f7-4f70-b39b-ace69562662b has been successfully formatted.
2019-09-29 11:26:39,161 [pool-418-thread-1] INFO  storage.RaftStorage (RaftStorage.java:format(72)) - Storage directory /workdir/hadoop-ozone/integration-test/target/test-dir/MiniOzoneClusterImpl-f848b852-1aaf-4c40-a29c-4c10b1dc7f95/datanode-1/data/ratis/1946d8fd-26f7-4f70-b39b-ace69562662b has been successfully formatted.
2019-09-29 11:26:39,162 [pool-438-thread-1] INFO  ratis.ContainerStateMachine (ContainerStateMachine.java:loadSnapshot(230)) - group-ACE69562662B: The snapshot info is null. Setting the last applied indexto:(t:0, i:~)
2019-09-29 11:26:39,162 [pool-438-thread-1] INFO  server.RaftServerConfigKeys (ConfUtils.java:logGet(43)) - raft.server.notification.no-leader.timeout = 120s (custom)
2019-09-29 11:26:39,162 [pool-438-thread-1] INFO  server.RaftServerConfigKeys (ConfUtils.java:logGet(43)) - raft.server.log.use.memory = false (default)
2019-09-29 11:26:39,163 [pool-438-thread-1] INFO  server.RaftServerConfigKeys (ConfUtils.java:logGet(43)) - raft.server.log.purge.gap = 1000000 (custom)
2019-09-29 11:26:39,163 [pool-438-thread-1] INFO  server.RaftServerConfigKeys (ConfUtils.java:logGet(43)) - raft.server.log.appender.buffer.byte-limit = 33554432 (custom)
2019-09-29 11:26:39,163 [pool-438-thread-1] INFO  server.RaftServerConfigKeys (ConfUtils.java:logGet(43)) - raft.server.log.segment.size.max = 1048576 (custom)
2019-09-29 11:26:39,163 [pool-438-thread-1] INFO  server.RaftServerConfigKeys (ConfUtils.java:logGet(43)) - raft.server.log.segment.cache.num.max = 2 (custom)
2019-09-29 11:26:39,163 [pool-438-thread-1] INFO  segmented.SegmentedRaftLogWorker (SegmentedRaftLogWorker.java:<init>(172)) - new c5175ad5-525e-4c2e-832b-1ca15aa9c500@group-ACE69562662B-SegmentedRaftLogWorker for RaftStorage:Storage Directory /workdir/hadoop-ozone/integration-test/target/test-dir/MiniOzoneClusterImpl-f848b852-1aaf-4c40-a29c-4c10b1dc7f95/datanode-3/data/ratis/1946d8fd-26f7-4f70-b39b-ace69562662b
2019-09-29 11:26:39,164 [pool-438-thread-1] INFO  server.RaftServerConfigKeys (ConfUtils.java:logGet(43)) - raft.server.log.queue.byte-limit = 2147483647 (custom)
2019-09-29 11:26:39,164 [pool-438-thread-1] INFO  server.RaftServerConfigKeys (ConfUtils.java:logGet(43)) - raft.server.log.queue.element-limit = 1024 (custom)
2019-09-29 11:26:39,164 [pool-438-thread-1] INFO  server.RaftServerConfigKeys (ConfUtils.java:logGet(43)) - raft.server.log.segment.size.max = 1048576 (custom)
2019-09-29 11:26:39,164 [pool-438-thread-1] INFO  server.RaftServerConfigKeys (ConfUtils.java:logGet(43)) - raft.server.log.preallocated.size = 16384 (custom)
2019-09-29 11:26:39,164 [pool-438-thread-1] INFO  server.RaftServerConfigKeys (ConfUtils.java:logGet(43)) - raft.server.log.write.buffer.size = 33554432 (custom)
2019-09-29 11:26:39,165 [pool-438-thread-1] INFO  server.RaftServerConfigKeys (ConfUtils.java:logGet(43)) - raft.server.log.force.sync.num = 128 (default)
2019-09-29 11:26:39,165 [pool-438-thread-1] INFO  server.RaftServerConfigKeys (ConfUtils.java:logGet(43)) - raft.server.log.statemachine.data.sync = true (default)
2019-09-29 11:26:39,165 [pool-438-thread-1] INFO  server.RaftServerConfigKeys (ConfUtils.java:logGet(43)) - raft.server.log.statemachine.data.sync.timeout = 10s (default)
2019-09-29 11:26:39,165 [pool-438-thread-1] INFO  server.RaftServerConfigKeys (ConfUtils.java:logGet(43)) - raft.server.log.statemachine.data.sync.timeout.retry = -1 (default)
2019-09-29 11:26:39,162 [pool-428-thread-1] INFO  ratis.ContainerStateMachine (ContainerStateMachine.java:loadSnapshot(230)) - group-ACE69562662B: The snapshot info is null. Setting the last applied indexto:(t:0, i:~)
2019-09-29 11:26:39,166 [pool-438-thread-1] INFO  server.RaftServerConfigKeys (ConfUtils.java:logGet(43)) - raft.server.log.statemachine.data.caching.enabled = true (custom)
2019-09-29 11:26:39,162 [pool-418-thread-1] INFO  ratis.ContainerStateMachine (ContainerStateMachine.java:loadSnapshot(230)) - group-ACE69562662B: The snapshot info is null. Setting the last applied indexto:(t:0, i:~)
2019-09-29 11:26:39,166 [pool-438-thread-1] INFO  segmented.SegmentedRaftLogWorker (SegmentedRaftLogWorker.java:lambda$new$0(132)) - c5175ad5-525e-4c2e-832b-1ca15aa9c500@group-ACE69562662B-SegmentedRaftLogWorker: flushIndex: setUnconditionally 0 -> -1
2019-09-29 11:26:39,166 [pool-428-thread-1] INFO  server.RaftServerConfigKeys (ConfUtils.java:logGet(43)) - raft.server.notification.no-leader.timeout = 120s (custom)
2019-09-29 11:26:39,166 [pool-418-thread-1] INFO  server.RaftServerConfigKeys (ConfUtils.java:logGet(43)) - raft.server.notification.no-leader.timeout = 120s (custom)
2019-09-29 11:26:39,167 [pool-438-thread-1] INFO  server.RaftServerConfigKeys (ConfUtils.java:logGet(43)) - raft.server.snapshot.auto.trigger.enabled = true (custom)
2019-09-29 11:26:39,167 [pool-428-thread-1] INFO  server.RaftServerConfigKeys (ConfUtils.java:logGet(43)) - raft.server.log.use.memory = false (default)
2019-09-29 11:26:39,167 [pool-438-thread-1] INFO  server.RaftServerConfigKeys (ConfUtils.java:logGet(43)) - raft.server.snapshot.auto.trigger.threshold = 10000 (custom)
2019-09-29 11:26:39,167 [pool-418-thread-1] INFO  server.RaftServerConfigKeys (ConfUtils.java:logGet(43)) - raft.server.log.use.memory = false (default)
2019-09-29 11:26:39,167 [pool-438-thread-1] INFO  server.RaftServerConfigKeys (ConfUtils.java:logGet(43)) - raft.server.snapshot.retention.num.files = 5 (custom)
2019-09-29 11:26:39,167 [pool-428-thread-1] INFO  server.RaftServerConfigKeys (ConfUtils.java:logGet(43)) - raft.server.log.purge.gap = 1000000 (custom)
2019-09-29 11:26:39,168 [pool-438-thread-1] INFO  server.RaftServerConfigKeys (ConfUtils.java:logGet(43)) - raft.server.retrycache.expirytime = 600000ms (custom)
2019-09-29 11:26:39,168 [pool-418-thread-1] INFO  server.RaftServerConfigKeys (ConfUtils.java:logGet(43)) - raft.server.log.purge.gap = 1000000 (custom)
2019-09-29 11:26:39,168 [pool-428-thread-1] INFO  server.RaftServerConfigKeys (ConfUtils.java:logGet(43)) - raft.server.log.appender.buffer.byte-limit = 33554432 (custom)
2019-09-29 11:26:39,168 [pool-418-thread-1] INFO  server.RaftServerConfigKeys (ConfUtils.java:logGet(43)) - raft.server.log.appender.buffer.byte-limit = 33554432 (custom)
2019-09-29 11:26:39,169 [pool-428-thread-1] INFO  server.RaftServerConfigKeys (ConfUtils.java:logGet(43)) - raft.server.log.segment.size.max = 1048576 (custom)
2019-09-29 11:26:39,169 [pool-418-thread-1] INFO  server.RaftServerConfigKeys (ConfUtils.java:logGet(43)) - raft.server.log.segment.size.max = 1048576 (custom)
2019-09-29 11:26:39,169 [pool-428-thread-1] INFO  server.RaftServerConfigKeys (ConfUtils.java:logGet(43)) - raft.server.log.segment.cache.num.max = 2 (custom)
2019-09-29 11:26:39,169 [pool-418-thread-1] INFO  server.RaftServerConfigKeys (ConfUtils.java:logGet(43)) - raft.server.log.segment.cache.num.max = 2 (custom)
2019-09-29 11:26:39,169 [pool-428-thread-1] INFO  segmented.SegmentedRaftLogWorker (SegmentedRaftLogWorker.java:<init>(172)) - new 266f4e38-b438-4944-8569-530d2ae5f6fc@group-ACE69562662B-SegmentedRaftLogWorker for RaftStorage:Storage Directory /workdir/hadoop-ozone/integration-test/target/test-dir/MiniOzoneClusterImpl-f848b852-1aaf-4c40-a29c-4c10b1dc7f95/datanode-2/data/ratis/1946d8fd-26f7-4f70-b39b-ace69562662b
2019-09-29 11:26:39,170 [pool-418-thread-1] INFO  segmented.SegmentedRaftLogWorker (SegmentedRaftLogWorker.java:<init>(172)) - new d7821b28-18a7-4460-b735-be2c20024ab7@group-ACE69562662B-SegmentedRaftLogWorker for RaftStorage:Storage Directory /workdir/hadoop-ozone/integration-test/target/test-dir/MiniOzoneClusterImpl-f848b852-1aaf-4c40-a29c-4c10b1dc7f95/datanode-1/data/ratis/1946d8fd-26f7-4f70-b39b-ace69562662b
2019-09-29 11:26:39,170 [pool-418-thread-1] INFO  server.RaftServerConfigKeys (ConfUtils.java:logGet(43)) - raft.server.log.queue.byte-limit = 2147483647 (custom)
2019-09-29 11:26:39,170 [pool-428-thread-1] INFO  server.RaftServerConfigKeys (ConfUtils.java:logGet(43)) - raft.server.log.queue.byte-limit = 2147483647 (custom)
2019-09-29 11:26:39,170 [pool-418-thread-1] INFO  server.RaftServerConfigKeys (ConfUtils.java:logGet(43)) - raft.server.log.queue.element-limit = 1024 (custom)
2019-09-29 11:26:39,170 [pool-428-thread-1] INFO  server.RaftServerConfigKeys (ConfUtils.java:logGet(43)) - raft.server.log.queue.element-limit = 1024 (custom)
2019-09-29 11:26:39,171 [pool-418-thread-1] INFO  server.RaftServerConfigKeys (ConfUtils.java:logGet(43)) - raft.server.log.segment.size.max = 1048576 (custom)
2019-09-29 11:26:39,171 [pool-438-thread-1] INFO  impl.RaftServerImpl (RaftServerImpl.java:start(185)) - c5175ad5-525e-4c2e-832b-1ca15aa9c500@group-ACE69562662B: start as a follower, conf=-1: [266f4e38-b438-4944-8569-530d2ae5f6fc:192.168.30.19:46645, d7821b28-18a7-4460-b735-be2c20024ab7:192.168.30.19:45148, c5175ad5-525e-4c2e-832b-1ca15aa9c500:192.168.30.19:40504], old=null
2019-09-29 11:26:39,171 [pool-428-thread-1] INFO  server.RaftServerConfigKeys (ConfUtils.java:logGet(43)) - raft.server.log.segment.size.max = 1048576 (custom)
2019-09-29 11:26:39,171 [pool-438-thread-1] INFO  impl.RaftServerImpl (RaftServerImpl.java:setRole(174)) - c5175ad5-525e-4c2e-832b-1ca15aa9c500@group-ACE69562662B: changes role from      null to FOLLOWER at term 0 for startAsFollower
2019-09-29 11:26:39,171 [pool-418-thread-1] INFO  server.RaftServerConfigKeys (ConfUtils.java:logGet(43)) - raft.server.log.preallocated.size = 16384 (custom)
2019-09-29 11:26:39,172 [pool-438-thread-1] INFO  impl.RoleInfo (RoleInfo.java:updateAndGet(143)) - c5175ad5-525e-4c2e-832b-1ca15aa9c500: start FollowerState
2019-09-29 11:26:39,171 [pool-428-thread-1] INFO  server.RaftServerConfigKeys (ConfUtils.java:logGet(43)) - raft.server.log.preallocated.size = 16384 (custom)
2019-09-29 11:26:39,172 [pool-418-thread-1] INFO  server.RaftServerConfigKeys (ConfUtils.java:logGet(43)) - raft.server.log.write.buffer.size = 33554432 (custom)
2019-09-29 11:26:39,172 [pool-438-thread-1] INFO  util.JmxRegister (JmxRegister.java:tryRegister(44)) - Successfully registered JMX Bean with object name Ratis:service=RaftServer,group=group-ACE69562662B,id=c5175ad5-525e-4c2e-832b-1ca15aa9c500
2019-09-29 11:26:39,172 [pool-428-thread-1] INFO  server.RaftServerConfigKeys (ConfUtils.java:logGet(43)) - raft.server.log.write.buffer.size = 33554432 (custom)
2019-09-29 11:26:39,172 [pool-418-thread-1] INFO  server.RaftServerConfigKeys (ConfUtils.java:logGet(43)) - raft.server.log.force.sync.num = 128 (default)
2019-09-29 11:26:39,173 [pool-428-thread-1] INFO  server.RaftServerConfigKeys (ConfUtils.java:logGet(43)) - raft.server.log.force.sync.num = 128 (default)
2019-09-29 11:26:39,173 [pool-418-thread-1] INFO  server.RaftServerConfigKeys (ConfUtils.java:logGet(43)) - raft.server.log.statemachine.data.sync = true (default)
2019-09-29 11:26:39,173 [pool-428-thread-1] INFO  server.RaftServerConfigKeys (ConfUtils.java:logGet(43)) - raft.server.log.statemachine.data.sync = true (default)
2019-09-29 11:26:39,173 [pool-418-thread-1] INFO  server.RaftServerConfigKeys (ConfUtils.java:logGet(43)) - raft.server.log.statemachine.data.sync.timeout = 10s (default)
2019-09-29 11:26:39,174 [pool-428-thread-1] INFO  server.RaftServerConfigKeys (ConfUtils.java:logGet(43)) - raft.server.log.statemachine.data.sync.timeout = 10s (default)
2019-09-29 11:26:39,174 [pool-418-thread-1] INFO  server.RaftServerConfigKeys (ConfUtils.java:logGet(43)) - raft.server.log.statemachine.data.sync.timeout.retry = -1 (default)
2019-09-29 11:26:39,174 [pool-428-thread-1] INFO  server.RaftServerConfigKeys (ConfUtils.java:logGet(43)) - raft.server.log.statemachine.data.sync.timeout.retry = -1 (default)
2019-09-29 11:26:39,174 [pool-418-thread-1] INFO  server.RaftServerConfigKeys (ConfUtils.java:logGet(43)) - raft.server.log.statemachine.data.caching.enabled = true (custom)
2019-09-29 11:26:39,174 [pool-428-thread-1] INFO  server.RaftServerConfigKeys (ConfUtils.java:logGet(43)) - raft.server.log.statemachine.data.caching.enabled = true (custom)
2019-09-29 11:26:39,175 [pool-418-thread-1] INFO  segmented.SegmentedRaftLogWorker (SegmentedRaftLogWorker.java:lambda$new$0(132)) - d7821b28-18a7-4460-b735-be2c20024ab7@group-ACE69562662B-SegmentedRaftLogWorker: flushIndex: setUnconditionally 0 -> -1
2019-09-29 11:26:39,175 [pool-428-thread-1] INFO  segmented.SegmentedRaftLogWorker (SegmentedRaftLogWorker.java:lambda$new$0(132)) - 266f4e38-b438-4944-8569-530d2ae5f6fc@group-ACE69562662B-SegmentedRaftLogWorker: flushIndex: setUnconditionally 0 -> -1
2019-09-29 11:26:39,175 [pool-418-thread-1] INFO  server.RaftServerConfigKeys (ConfUtils.java:logGet(43)) - raft.server.snapshot.auto.trigger.enabled = true (custom)
2019-09-29 11:26:39,176 [pool-428-thread-1] INFO  server.RaftServerConfigKeys (ConfUtils.java:logGet(43)) - raft.server.snapshot.auto.trigger.enabled = true (custom)
2019-09-29 11:26:39,176 [pool-428-thread-1] INFO  server.RaftServerConfigKeys (ConfUtils.java:logGet(43)) - raft.server.snapshot.auto.trigger.threshold = 10000 (custom)
2019-09-29 11:26:39,176 [pool-428-thread-1] INFO  server.RaftServerConfigKeys (ConfUtils.java:logGet(43)) - raft.server.snapshot.retention.num.files = 5 (custom)
2019-09-29 11:26:39,176 [pool-418-thread-1] INFO  server.RaftServerConfigKeys (ConfUtils.java:logGet(43)) - raft.server.snapshot.auto.trigger.threshold = 10000 (custom)
2019-09-29 11:26:39,176 [pool-428-thread-1] INFO  server.RaftServerConfigKeys (ConfUtils.java:logGet(43)) - raft.server.retrycache.expirytime = 600000ms (custom)
2019-09-29 11:26:39,176 [pool-418-thread-1] INFO  server.RaftServerConfigKeys (ConfUtils.java:logGet(43)) - raft.server.snapshot.retention.num.files = 5 (custom)
2019-09-29 11:26:39,177 [pool-418-thread-1] INFO  server.RaftServerConfigKeys (ConfUtils.java:logGet(43)) - raft.server.retrycache.expirytime = 600000ms (custom)
2019-09-29 11:26:39,178 [pool-428-thread-1] INFO  impl.RaftServerImpl (RaftServerImpl.java:start(185)) - 266f4e38-b438-4944-8569-530d2ae5f6fc@group-ACE69562662B: start as a follower, conf=-1: [266f4e38-b438-4944-8569-530d2ae5f6fc:192.168.30.19:46645, d7821b28-18a7-4460-b735-be2c20024ab7:192.168.30.19:45148, c5175ad5-525e-4c2e-832b-1ca15aa9c500:192.168.30.19:40504], old=null
2019-09-29 11:26:39,178 [pool-428-thread-1] INFO  impl.RaftServerImpl (RaftServerImpl.java:setRole(174)) - 266f4e38-b438-4944-8569-530d2ae5f6fc@group-ACE69562662B: changes role from      null to FOLLOWER at term 0 for startAsFollower
2019-09-29 11:26:39,179 [pool-428-thread-1] INFO  impl.RoleInfo (RoleInfo.java:updateAndGet(143)) - 266f4e38-b438-4944-8569-530d2ae5f6fc: start FollowerState
2019-09-29 11:26:39,179 [pool-418-thread-1] INFO  impl.RaftServerImpl (RaftServerImpl.java:start(185)) - d7821b28-18a7-4460-b735-be2c20024ab7@group-ACE69562662B: start as a follower, conf=-1: [266f4e38-b438-4944-8569-530d2ae5f6fc:192.168.30.19:46645, d7821b28-18a7-4460-b735-be2c20024ab7:192.168.30.19:45148, c5175ad5-525e-4c2e-832b-1ca15aa9c500:192.168.30.19:40504], old=null
2019-09-29 11:26:39,189 [pool-428-thread-1] INFO  util.JmxRegister (JmxRegister.java:tryRegister(44)) - Successfully registered JMX Bean with object name Ratis:service=RaftServer,group=group-ACE69562662B,id=266f4e38-b438-4944-8569-530d2ae5f6fc
2019-09-29 11:26:39,190 [pool-418-thread-1] INFO  impl.RaftServerImpl (RaftServerImpl.java:setRole(174)) - d7821b28-18a7-4460-b735-be2c20024ab7@group-ACE69562662B: changes role from      null to FOLLOWER at term 0 for startAsFollower
2019-09-29 11:26:39,190 [pool-418-thread-1] INFO  impl.RoleInfo (RoleInfo.java:updateAndGet(143)) - d7821b28-18a7-4460-b735-be2c20024ab7: start FollowerState
2019-09-29 11:26:39,197 [pool-418-thread-1] INFO  util.JmxRegister (JmxRegister.java:tryRegister(44)) - Successfully registered JMX Bean with object name Ratis:service=RaftServer,group=group-ACE69562662B,id=d7821b28-18a7-4460-b735-be2c20024ab7
2019-09-29 11:26:39,199 [RatisPipelineUtilsThread] INFO  pipeline.PipelineStateManager (PipelineStateManager.java:addPipeline(56)) - Created pipeline Pipeline[ Id: 1946d8fd-26f7-4f70-b39b-ace69562662b, Nodes: 266f4e38-b438-4944-8569-530d2ae5f6fc{ip: 192.168.30.19, host: pr-hdds-1569-lsfh5-224679870, networkLocation: /default-rack, certSerialId: null}d7821b28-18a7-4460-b735-be2c20024ab7{ip: 192.168.30.19, host: pr-hdds-1569-lsfh5-224679870, networkLocation: /default-rack, certSerialId: null}c5175ad5-525e-4c2e-832b-1ca15aa9c500{ip: 192.168.30.19, host: pr-hdds-1569-lsfh5-224679870, networkLocation: /default-rack, certSerialId: null}, Type:RATIS, Factor:THREE, State:OPEN]
2019-09-29 11:26:39,202 [grpc-default-executor-19] INFO  impl.RaftServerProxy (RaftServerProxy.java:addNew(89)) - d7821b28-18a7-4460-b735-be2c20024ab7: addNew group-8E5314906F1B:[266f4e38-b438-4944-8569-530d2ae5f6fc:192.168.30.19:46645, d7821b28-18a7-4460-b735-be2c20024ab7:192.168.30.19:45148, c5175ad5-525e-4c2e-832b-1ca15aa9c500:192.168.30.19:40504] returns group-8E5314906F1B:java.util.concurrent.CompletableFuture@5f38e6ea[Not completed]
2019-09-29 11:26:39,202 [grpc-default-executor-27] INFO  impl.RaftServerProxy (RaftServerProxy.java:addNew(89)) - c5175ad5-525e-4c2e-832b-1ca15aa9c500: addNew group-8E5314906F1B:[266f4e38-b438-4944-8569-530d2ae5f6fc:192.168.30.19:46645, d7821b28-18a7-4460-b735-be2c20024ab7:192.168.30.19:45148, c5175ad5-525e-4c2e-832b-1ca15aa9c500:192.168.30.19:40504] returns group-8E5314906F1B:java.util.concurrent.CompletableFuture@2481703d[Not completed]
2019-09-29 11:26:39,202 [grpc-default-executor-26] INFO  impl.RaftServerProxy (RaftServerProxy.java:addNew(89)) - 266f4e38-b438-4944-8569-530d2ae5f6fc: addNew group-8E5314906F1B:[266f4e38-b438-4944-8569-530d2ae5f6fc:192.168.30.19:46645, d7821b28-18a7-4460-b735-be2c20024ab7:192.168.30.19:45148, c5175ad5-525e-4c2e-832b-1ca15aa9c500:192.168.30.19:40504] returns group-8E5314906F1B:java.util.concurrent.CompletableFuture@594ec5ed[Not completed]
2019-09-29 11:26:39,203 [pool-428-thread-1] INFO  impl.RaftServerImpl (RaftServerImpl.java:<init>(95)) - 266f4e38-b438-4944-8569-530d2ae5f6fc: new RaftServerImpl for group-8E5314906F1B:[266f4e38-b438-4944-8569-530d2ae5f6fc:192.168.30.19:46645, d7821b28-18a7-4460-b735-be2c20024ab7:192.168.30.19:45148, c5175ad5-525e-4c2e-832b-1ca15aa9c500:192.168.30.19:40504] with ContainerStateMachine:uninitialized
2019-09-29 11:26:39,203 [pool-428-thread-1] INFO  server.RaftServerConfigKeys (ConfUtils.java:logGet(43)) - raft.server.rpc.timeout.min = 5s (custom)
2019-09-29 11:26:39,203 [pool-428-thread-1] INFO  server.RaftServerConfigKeys (ConfUtils.java:logGet(43)) - raft.server.rpc.timeout.max = 5200ms (custom)
2019-09-29 11:26:39,204 [pool-428-thread-1] INFO  server.RaftServerConfigKeys (ConfUtils.java:logGet(43)) - raft.server.rpcslowness.timeout = 120s (custom)
2019-09-29 11:26:39,204 [pool-428-thread-1] INFO  server.RaftServerConfigKeys (ConfUtils.java:logGet(43)) - raft.server.sleep.deviation.threshold = 300 (default)
2019-09-29 11:26:39,204 [pool-428-thread-1] INFO  server.RaftServerConfigKeys (ConfUtils.java:logGet(43)) - raft.server.log.appender.install.snapshot.enabled = false (custom)
2019-09-29 11:26:39,204 [pool-428-thread-1] INFO  impl.RaftServerImpl (ServerState.java:<init>(103)) - 266f4e38-b438-4944-8569-530d2ae5f6fc@group-8E5314906F1B: ConfigurationManager, init=-1: [266f4e38-b438-4944-8569-530d2ae5f6fc:192.168.30.19:46645, d7821b28-18a7-4460-b735-be2c20024ab7:192.168.30.19:45148, c5175ad5-525e-4c2e-832b-1ca15aa9c500:192.168.30.19:40504], old=null, confs=<EMPTY_MAP>
2019-09-29 11:26:39,204 [pool-438-thread-1] INFO  impl.RaftServerImpl (RaftServerImpl.java:<init>(95)) - c5175ad5-525e-4c2e-832b-1ca15aa9c500: new RaftServerImpl for group-8E5314906F1B:[266f4e38-b438-4944-8569-530d2ae5f6fc:192.168.30.19:46645, d7821b28-18a7-4460-b735-be2c20024ab7:192.168.30.19:45148, c5175ad5-525e-4c2e-832b-1ca15aa9c500:192.168.30.19:40504] with ContainerStateMachine:uninitialized
2019-09-29 11:26:39,204 [pool-428-thread-1] INFO  server.RaftServerConfigKeys (ConfUtils.java:logGet(43)) - raft.server.storage.dir = [/workdir/hadoop-ozone/integration-test/target/test-dir/MiniOzoneClusterImpl-f848b852-1aaf-4c40-a29c-4c10b1dc7f95/datanode-2/data/ratis] (custom)
2019-09-29 11:26:39,204 [pool-438-thread-1] INFO  server.RaftServerConfigKeys (ConfUtils.java:logGet(43)) - raft.server.rpc.timeout.min = 5s (custom)
2019-09-29 11:26:39,204 [pool-438-thread-1] INFO  server.RaftServerConfigKeys (ConfUtils.java:logGet(43)) - raft.server.rpc.timeout.max = 5200ms (custom)
2019-09-29 11:26:39,204 [pool-428-thread-1] INFO  storage.RaftStorageDirectory (RaftStorageDirectory.java:analyzeStorage(246)) - The storage directory /workdir/hadoop-ozone/integration-test/target/test-dir/MiniOzoneClusterImpl-f848b852-1aaf-4c40-a29c-4c10b1dc7f95/datanode-2/data/ratis/3a8a0b3b-b4ef-44e9-bbdf-8e5314906f1b does not exist. Creating ...
2019-09-29 11:26:39,204 [pool-418-thread-1] INFO  impl.RaftServerImpl (RaftServerImpl.java:<init>(95)) - d7821b28-18a7-4460-b735-be2c20024ab7: new RaftServerImpl for group-8E5314906F1B:[266f4e38-b438-4944-8569-530d2ae5f6fc:192.168.30.19:46645, d7821b28-18a7-4460-b735-be2c20024ab7:192.168.30.19:45148, c5175ad5-525e-4c2e-832b-1ca15aa9c500:192.168.30.19:40504] with ContainerStateMachine:uninitialized
2019-09-29 11:26:39,204 [pool-438-thread-1] INFO  server.RaftServerConfigKeys (ConfUtils.java:logGet(43)) - raft.server.rpcslowness.timeout = 120s (custom)
2019-09-29 11:26:39,204 [pool-418-thread-1] INFO  server.RaftServerConfigKeys (ConfUtils.java:logGet(43)) - raft.server.rpc.timeout.min = 5s (custom)
2019-09-29 11:26:39,205 [pool-438-thread-1] INFO  server.RaftServerConfigKeys (ConfUtils.java:logGet(43)) - raft.server.sleep.deviation.threshold = 300 (default)
2019-09-29 11:26:39,205 [pool-418-thread-1] INFO  server.RaftServerConfigKeys (ConfUtils.java:logGet(43)) - raft.server.rpc.timeout.max = 5200ms (custom)
2019-09-29 11:26:39,205 [pool-438-thread-1] INFO  server.RaftServerConfigKeys (ConfUtils.java:logGet(43)) - raft.server.log.appender.install.snapshot.enabled = false (custom)
2019-09-29 11:26:39,205 [pool-418-thread-1] INFO  server.RaftServerConfigKeys (ConfUtils.java:logGet(43)) - raft.server.rpcslowness.timeout = 120s (custom)
2019-09-29 11:26:39,205 [pool-438-thread-1] INFO  impl.RaftServerImpl (ServerState.java:<init>(103)) - c5175ad5-525e-4c2e-832b-1ca15aa9c500@group-8E5314906F1B: ConfigurationManager, init=-1: [266f4e38-b438-4944-8569-530d2ae5f6fc:192.168.30.19:46645, d7821b28-18a7-4460-b735-be2c20024ab7:192.168.30.19:45148, c5175ad5-525e-4c2e-832b-1ca15aa9c500:192.168.30.19:40504], old=null, confs=<EMPTY_MAP>
2019-09-29 11:26:39,205 [pool-418-thread-1] INFO  server.RaftServerConfigKeys (ConfUtils.java:logGet(43)) - raft.server.sleep.deviation.threshold = 300 (default)
2019-09-29 11:26:39,205 [pool-438-thread-1] INFO  server.RaftServerConfigKeys (ConfUtils.java:logGet(43)) - raft.server.storage.dir = [/workdir/hadoop-ozone/integration-test/target/test-dir/MiniOzoneClusterImpl-f848b852-1aaf-4c40-a29c-4c10b1dc7f95/datanode-3/data/ratis] (custom)
2019-09-29 11:26:39,205 [pool-418-thread-1] INFO  server.RaftServerConfigKeys (ConfUtils.java:logGet(43)) - raft.server.log.appender.install.snapshot.enabled = false (custom)
2019-09-29 11:26:39,205 [pool-418-thread-1] INFO  impl.RaftServerImpl (ServerState.java:<init>(103)) - d7821b28-18a7-4460-b735-be2c20024ab7@group-8E5314906F1B: ConfigurationManager, init=-1: [266f4e38-b438-4944-8569-530d2ae5f6fc:192.168.30.19:46645, d7821b28-18a7-4460-b735-be2c20024ab7:192.168.30.19:45148, c5175ad5-525e-4c2e-832b-1ca15aa9c500:192.168.30.19:40504], old=null, confs=<EMPTY_MAP>
2019-09-29 11:26:39,206 [pool-418-thread-1] INFO  server.RaftServerConfigKeys (ConfUtils.java:logGet(43)) - raft.server.storage.dir = [/workdir/hadoop-ozone/integration-test/target/test-dir/MiniOzoneClusterImpl-f848b852-1aaf-4c40-a29c-4c10b1dc7f95/datanode-1/data/ratis] (custom)
2019-09-29 11:26:39,206 [pool-438-thread-1] INFO  storage.RaftStorageDirectory (RaftStorageDirectory.java:analyzeStorage(246)) - The storage directory /workdir/hadoop-ozone/integration-test/target/test-dir/MiniOzoneClusterImpl-f848b852-1aaf-4c40-a29c-4c10b1dc7f95/datanode-3/data/ratis/3a8a0b3b-b4ef-44e9-bbdf-8e5314906f1b does not exist. Creating ...
2019-09-29 11:26:39,206 [pool-418-thread-1] INFO  storage.RaftStorageDirectory (RaftStorageDirectory.java:analyzeStorage(246)) - The storage directory /workdir/hadoop-ozone/integration-test/target/test-dir/MiniOzoneClusterImpl-f848b852-1aaf-4c40-a29c-4c10b1dc7f95/datanode-1/data/ratis/3a8a0b3b-b4ef-44e9-bbdf-8e5314906f1b does not exist. Creating ...
2019-09-29 11:26:39,228 [pool-418-thread-1] INFO  storage.RaftStorageDirectory (RaftStorageDirectory.java:tryLock(328)) - Lock on /workdir/hadoop-ozone/integration-test/target/test-dir/MiniOzoneClusterImpl-f848b852-1aaf-4c40-a29c-4c10b1dc7f95/datanode-1/data/ratis/3a8a0b3b-b4ef-44e9-bbdf-8e5314906f1b/in_use.lock acquired by nodename 31535@pr-hdds-1569-lsfh5-224679870
2019-09-29 11:26:39,228 [pool-428-thread-1] INFO  storage.RaftStorageDirectory (RaftStorageDirectory.java:tryLock(328)) - Lock on /workdir/hadoop-ozone/integration-test/target/test-dir/MiniOzoneClusterImpl-f848b852-1aaf-4c40-a29c-4c10b1dc7f95/datanode-2/data/ratis/3a8a0b3b-b4ef-44e9-bbdf-8e5314906f1b/in_use.lock acquired by nodename 31535@pr-hdds-1569-lsfh5-224679870
2019-09-29 11:26:39,228 [pool-438-thread-1] INFO  storage.RaftStorageDirectory (RaftStorageDirectory.java:tryLock(328)) - Lock on /workdir/hadoop-ozone/integration-test/target/test-dir/MiniOzoneClusterImpl-f848b852-1aaf-4c40-a29c-4c10b1dc7f95/datanode-3/data/ratis/3a8a0b3b-b4ef-44e9-bbdf-8e5314906f1b/in_use.lock acquired by nodename 31535@pr-hdds-1569-lsfh5-224679870
2019-09-29 11:26:39,254 [pool-438-thread-1] INFO  storage.RaftStorage (RaftStorage.java:format(72)) - Storage directory /workdir/hadoop-ozone/integration-test/target/test-dir/MiniOzoneClusterImpl-f848b852-1aaf-4c40-a29c-4c10b1dc7f95/datanode-3/data/ratis/3a8a0b3b-b4ef-44e9-bbdf-8e5314906f1b has been successfully formatted.
2019-09-29 11:26:39,254 [pool-418-thread-1] INFO  storage.RaftStorage (RaftStorage.java:format(72)) - Storage directory /workdir/hadoop-ozone/integration-test/target/test-dir/MiniOzoneClusterImpl-f848b852-1aaf-4c40-a29c-4c10b1dc7f95/datanode-1/data/ratis/3a8a0b3b-b4ef-44e9-bbdf-8e5314906f1b has been successfully formatted.
2019-09-29 11:26:39,254 [pool-428-thread-1] INFO  storage.RaftStorage (RaftStorage.java:format(72)) - Storage directory /workdir/hadoop-ozone/integration-test/target/test-dir/MiniOzoneClusterImpl-f848b852-1aaf-4c40-a29c-4c10b1dc7f95/datanode-2/data/ratis/3a8a0b3b-b4ef-44e9-bbdf-8e5314906f1b has been successfully formatted.
2019-09-29 11:26:39,254 [pool-438-thread-1] INFO  ratis.ContainerStateMachine (ContainerStateMachine.java:loadSnapshot(230)) - group-8E5314906F1B: The snapshot info is null. Setting the last applied indexto:(t:0, i:~)
2019-09-29 11:26:39,255 [pool-418-thread-1] INFO  ratis.ContainerStateMachine (ContainerStateMachine.java:loadSnapshot(230)) - group-8E5314906F1B: The snapshot info is null. Setting the last applied indexto:(t:0, i:~)
2019-09-29 11:26:39,255 [pool-428-thread-1] INFO  ratis.ContainerStateMachine (ContainerStateMachine.java:loadSnapshot(230)) - group-8E5314906F1B: The snapshot info is null. Setting the last applied indexto:(t:0, i:~)
2019-09-29 11:26:39,255 [pool-418-thread-1] INFO  server.RaftServerConfigKeys (ConfUtils.java:logGet(43)) - raft.server.notification.no-leader.timeout = 120s (custom)
2019-09-29 11:26:39,255 [pool-438-thread-1] INFO  server.RaftServerConfigKeys (ConfUtils.java:logGet(43)) - raft.server.notification.no-leader.timeout = 120s (custom)
2019-09-29 11:26:39,255 [pool-418-thread-1] INFO  server.RaftServerConfigKeys (ConfUtils.java:logGet(43)) - raft.server.log.use.memory = false (default)
2019-09-29 11:26:39,255 [pool-428-thread-1] INFO  server.RaftServerConfigKeys (ConfUtils.java:logGet(43)) - raft.server.notification.no-leader.timeout = 120s (custom)
2019-09-29 11:26:39,256 [pool-418-thread-1] INFO  server.RaftServerConfigKeys (ConfUtils.java:logGet(43)) - raft.server.log.purge.gap = 1000000 (custom)
2019-09-29 11:26:39,255 [pool-438-thread-1] INFO  server.RaftServerConfigKeys (ConfUtils.java:logGet(43)) - raft.server.log.use.memory = false (default)
2019-09-29 11:26:39,256 [pool-418-thread-1] INFO  server.RaftServerConfigKeys (ConfUtils.java:logGet(43)) - raft.server.log.appender.buffer.byte-limit = 33554432 (custom)
2019-09-29 11:26:39,256 [pool-428-thread-1] INFO  server.RaftServerConfigKeys (ConfUtils.java:logGet(43)) - raft.server.log.use.memory = false (default)
2019-09-29 11:26:39,256 [pool-418-thread-1] INFO  server.RaftServerConfigKeys (ConfUtils.java:logGet(43)) - raft.server.log.segment.size.max = 1048576 (custom)
2019-09-29 11:26:39,256 [pool-438-thread-1] INFO  server.RaftServerConfigKeys (ConfUtils.java:logGet(43)) - raft.server.log.purge.gap = 1000000 (custom)
2019-09-29 11:26:39,256 [pool-418-thread-1] INFO  server.RaftServerConfigKeys (ConfUtils.java:logGet(43)) - raft.server.log.segment.cache.num.max = 2 (custom)
2019-09-29 11:26:39,256 [pool-428-thread-1] INFO  server.RaftServerConfigKeys (ConfUtils.java:logGet(43)) - raft.server.log.purge.gap = 1000000 (custom)
2019-09-29 11:26:39,257 [pool-418-thread-1] INFO  segmented.SegmentedRaftLogWorker (SegmentedRaftLogWorker.java:<init>(172)) - new d7821b28-18a7-4460-b735-be2c20024ab7@group-8E5314906F1B-SegmentedRaftLogWorker for RaftStorage:Storage Directory /workdir/hadoop-ozone/integration-test/target/test-dir/MiniOzoneClusterImpl-f848b852-1aaf-4c40-a29c-4c10b1dc7f95/datanode-1/data/ratis/3a8a0b3b-b4ef-44e9-bbdf-8e5314906f1b
2019-09-29 11:26:39,257 [pool-438-thread-1] INFO  server.RaftServerConfigKeys (ConfUtils.java:logGet(43)) - raft.server.log.appender.buffer.byte-limit = 33554432 (custom)
2019-09-29 11:26:39,257 [pool-418-thread-1] INFO  server.RaftServerConfigKeys (ConfUtils.java:logGet(43)) - raft.server.log.queue.byte-limit = 2147483647 (custom)
2019-09-29 11:26:39,257 [pool-428-thread-1] INFO  server.RaftServerConfigKeys (ConfUtils.java:logGet(43)) - raft.server.log.appender.buffer.byte-limit = 33554432 (custom)
2019-09-29 11:26:39,257 [pool-418-thread-1] INFO  server.RaftServerConfigKeys (ConfUtils.java:logGet(43)) - raft.server.log.queue.element-limit = 1024 (custom)
2019-09-29 11:26:39,257 [pool-438-thread-1] INFO  server.RaftServerConfigKeys (ConfUtils.java:logGet(43)) - raft.server.log.segment.size.max = 1048576 (custom)
2019-09-29 11:26:39,258 [pool-418-thread-1] INFO  server.RaftServerConfigKeys (ConfUtils.java:logGet(43)) - raft.server.log.segment.size.max = 1048576 (custom)
2019-09-29 11:26:39,258 [pool-418-thread-1] INFO  server.RaftServerConfigKeys (ConfUtils.java:logGet(43)) - raft.server.log.preallocated.size = 16384 (custom)
2019-09-29 11:26:39,257 [pool-428-thread-1] INFO  server.RaftServerConfigKeys (ConfUtils.java:logGet(43)) - raft.server.log.segment.size.max = 1048576 (custom)
2019-09-29 11:26:39,258 [pool-418-thread-1] INFO  server.RaftServerConfigKeys (ConfUtils.java:logGet(43)) - raft.server.log.write.buffer.size = 33554432 (custom)
2019-09-29 11:26:39,258 [pool-418-thread-1] INFO  server.RaftServerConfigKeys (ConfUtils.java:logGet(43)) - raft.server.log.force.sync.num = 128 (default)
2019-09-29 11:26:39,258 [pool-438-thread-1] INFO  server.RaftServerConfigKeys (ConfUtils.java:logGet(43)) - raft.server.log.segment.cache.num.max = 2 (custom)
2019-09-29 11:26:39,258 [pool-418-thread-1] INFO  server.RaftServerConfigKeys (ConfUtils.java:logGet(43)) - raft.server.log.statemachine.data.sync = true (default)
2019-09-29 11:26:39,259 [pool-418-thread-1] INFO  server.RaftServerConfigKeys (ConfUtils.java:logGet(43)) - raft.server.log.statemachine.data.sync.timeout = 10s (default)
2019-09-29 11:26:39,258 [pool-428-thread-1] INFO  server.RaftServerConfigKeys (ConfUtils.java:logGet(43)) - raft.server.log.segment.cache.num.max = 2 (custom)
2019-09-29 11:26:39,259 [pool-418-thread-1] INFO  server.RaftServerConfigKeys (ConfUtils.java:logGet(43)) - raft.server.log.statemachine.data.sync.timeout.retry = -1 (default)
2019-09-29 11:26:39,259 [pool-438-thread-1] INFO  segmented.SegmentedRaftLogWorker (SegmentedRaftLogWorker.java:<init>(172)) - new c5175ad5-525e-4c2e-832b-1ca15aa9c500@group-8E5314906F1B-SegmentedRaftLogWorker for RaftStorage:Storage Directory /workdir/hadoop-ozone/integration-test/target/test-dir/MiniOzoneClusterImpl-f848b852-1aaf-4c40-a29c-4c10b1dc7f95/datanode-3/data/ratis/3a8a0b3b-b4ef-44e9-bbdf-8e5314906f1b
2019-09-29 11:26:39,259 [pool-418-thread-1] INFO  server.RaftServerConfigKeys (ConfUtils.java:logGet(43)) - raft.server.log.statemachine.data.caching.enabled = true (custom)
2019-09-29 11:26:39,259 [pool-428-thread-1] INFO  segmented.SegmentedRaftLogWorker (SegmentedRaftLogWorker.java:<init>(172)) - new 266f4e38-b438-4944-8569-530d2ae5f6fc@group-8E5314906F1B-SegmentedRaftLogWorker for RaftStorage:Storage Directory /workdir/hadoop-ozone/integration-test/target/test-dir/MiniOzoneClusterImpl-f848b852-1aaf-4c40-a29c-4c10b1dc7f95/datanode-2/data/ratis/3a8a0b3b-b4ef-44e9-bbdf-8e5314906f1b
2019-09-29 11:26:39,260 [pool-418-thread-1] INFO  segmented.SegmentedRaftLogWorker (SegmentedRaftLogWorker.java:lambda$new$0(132)) - d7821b28-18a7-4460-b735-be2c20024ab7@group-8E5314906F1B-SegmentedRaftLogWorker: flushIndex: setUnconditionally 0 -> -1
2019-09-29 11:26:39,259 [pool-438-thread-1] INFO  server.RaftServerConfigKeys (ConfUtils.java:logGet(43)) - raft.server.log.queue.byte-limit = 2147483647 (custom)
2019-09-29 11:26:39,260 [pool-418-thread-1] INFO  server.RaftServerConfigKeys (ConfUtils.java:logGet(43)) - raft.server.snapshot.auto.trigger.enabled = true (custom)
2019-09-29 11:26:39,260 [pool-428-thread-1] INFO  server.RaftServerConfigKeys (ConfUtils.java:logGet(43)) - raft.server.log.queue.byte-limit = 2147483647 (custom)
2019-09-29 11:26:39,260 [pool-418-thread-1] INFO  server.RaftServerConfigKeys (ConfUtils.java:logGet(43)) - raft.server.snapshot.auto.trigger.threshold = 10000 (custom)
2019-09-29 11:26:39,260 [pool-438-thread-1] INFO  server.RaftServerConfigKeys (ConfUtils.java:logGet(43)) - raft.server.log.queue.element-limit = 1024 (custom)
2019-09-29 11:26:39,261 [pool-418-thread-1] INFO  server.RaftServerConfigKeys (ConfUtils.java:logGet(43)) - raft.server.snapshot.retention.num.files = 5 (custom)
2019-09-29 11:26:39,260 [pool-428-thread-1] INFO  server.RaftServerConfigKeys (ConfUtils.java:logGet(43)) - raft.server.log.queue.element-limit = 1024 (custom)
2019-09-29 11:26:39,261 [pool-418-thread-1] INFO  server.RaftServerConfigKeys (ConfUtils.java:logGet(43)) - raft.server.retrycache.expirytime = 600000ms (custom)
2019-09-29 11:26:39,261 [pool-438-thread-1] INFO  server.RaftServerConfigKeys (ConfUtils.java:logGet(43)) - raft.server.log.segment.size.max = 1048576 (custom)
2019-09-29 11:26:39,261 [pool-438-thread-1] INFO  server.RaftServerConfigKeys (ConfUtils.java:logGet(43)) - raft.server.log.preallocated.size = 16384 (custom)
2019-09-29 11:26:39,261 [pool-428-thread-1] INFO  server.RaftServerConfigKeys (ConfUtils.java:logGet(43)) - raft.server.log.segment.size.max = 1048576 (custom)
2019-09-29 11:26:39,261 [pool-438-thread-1] INFO  server.RaftServerConfigKeys (ConfUtils.java:logGet(43)) - raft.server.log.write.buffer.size = 33554432 (custom)
2019-09-29 11:26:39,262 [pool-428-thread-1] INFO  server.RaftServerConfigKeys (ConfUtils.java:logGet(43)) - raft.server.log.preallocated.size = 16384 (custom)
2019-09-29 11:26:39,262 [pool-438-thread-1] INFO  server.RaftServerConfigKeys (ConfUtils.java:logGet(43)) - raft.server.log.force.sync.num = 128 (default)
2019-09-29 11:26:39,262 [pool-428-thread-1] INFO  server.RaftServerConfigKeys (ConfUtils.java:logGet(43)) - raft.server.log.write.buffer.size = 33554432 (custom)
2019-09-29 11:26:39,262 [pool-438-thread-1] INFO  server.RaftServerConfigKeys (ConfUtils.java:logGet(43)) - raft.server.log.statemachine.data.sync = true (default)
2019-09-29 11:26:39,262 [pool-428-thread-1] INFO  server.RaftServerConfigKeys (ConfUtils.java:logGet(43)) - raft.server.log.force.sync.num = 128 (default)
2019-09-29 11:26:39,262 [pool-438-thread-1] INFO  server.RaftServerConfigKeys (ConfUtils.java:logGet(43)) - raft.server.log.statemachine.data.sync.timeout = 10s (default)
2019-09-29 11:26:39,262 [pool-428-thread-1] INFO  server.RaftServerConfigKeys (ConfUtils.java:logGet(43)) - raft.server.log.statemachine.data.sync = true (default)
2019-09-29 11:26:39,262 [pool-438-thread-1] INFO  server.RaftServerConfigKeys (ConfUtils.java:logGet(43)) - raft.server.log.statemachine.data.sync.timeout.retry = -1 (default)
2019-09-29 11:26:39,263 [pool-428-thread-1] INFO  server.RaftServerConfigKeys (ConfUtils.java:logGet(43)) - raft.server.log.statemachine.data.sync.timeout = 10s (default)
2019-09-29 11:26:39,263 [pool-438-thread-1] INFO  server.RaftServerConfigKeys (ConfUtils.java:logGet(43)) - raft.server.log.statemachine.data.caching.enabled = true (custom)
2019-09-29 11:26:39,263 [pool-428-thread-1] INFO  server.RaftServerConfigKeys (ConfUtils.java:logGet(43)) - raft.server.log.statemachine.data.sync.timeout.retry = -1 (default)
2019-09-29 11:26:39,263 [pool-438-thread-1] INFO  segmented.SegmentedRaftLogWorker (SegmentedRaftLogWorker.java:lambda$new$0(132)) - c5175ad5-525e-4c2e-832b-1ca15aa9c500@group-8E5314906F1B-SegmentedRaftLogWorker: flushIndex: setUnconditionally 0 -> -1
2019-09-29 11:26:39,263 [pool-418-thread-1] INFO  impl.RaftServerImpl (RaftServerImpl.java:start(185)) - d7821b28-18a7-4460-b735-be2c20024ab7@group-8E5314906F1B: start as a follower, conf=-1: [266f4e38-b438-4944-8569-530d2ae5f6fc:192.168.30.19:46645, d7821b28-18a7-4460-b735-be2c20024ab7:192.168.30.19:45148, c5175ad5-525e-4c2e-832b-1ca15aa9c500:192.168.30.19:40504], old=null
2019-09-29 11:26:39,263 [pool-438-thread-1] INFO  server.RaftServerConfigKeys (ConfUtils.java:logGet(43)) - raft.server.snapshot.auto.trigger.enabled = true (custom)
2019-09-29 11:26:39,263 [pool-428-thread-1] INFO  server.RaftServerConfigKeys (ConfUtils.java:logGet(43)) - raft.server.log.statemachine.data.caching.enabled = true (custom)
2019-09-29 11:26:39,264 [pool-438-thread-1] INFO  server.RaftServerConfigKeys (ConfUtils.java:logGet(43)) - raft.server.snapshot.auto.trigger.threshold = 10000 (custom)
2019-09-29 11:26:39,264 [pool-428-thread-1] INFO  segmented.SegmentedRaftLogWorker (SegmentedRaftLogWorker.java:lambda$new$0(132)) - 266f4e38-b438-4944-8569-530d2ae5f6fc@group-8E5314906F1B-SegmentedRaftLogWorker: flushIndex: setUnconditionally 0 -> -1
2019-09-29 11:26:39,264 [pool-418-thread-1] INFO  impl.RaftServerImpl (RaftServerImpl.java:setRole(174)) - d7821b28-18a7-4460-b735-be2c20024ab7@group-8E5314906F1B: changes role from      null to FOLLOWER at term 0 for startAsFollower
2019-09-29 11:26:39,264 [pool-428-thread-1] INFO  server.RaftServerConfigKeys (ConfUtils.java:logGet(43)) - raft.server.snapshot.auto.trigger.enabled = true (custom)
2019-09-29 11:26:39,264 [pool-438-thread-1] INFO  server.RaftServerConfigKeys (ConfUtils.java:logGet(43)) - raft.server.snapshot.retention.num.files = 5 (custom)
2019-09-29 11:26:39,265 [pool-428-thread-1] INFO  server.RaftServerConfigKeys (ConfUtils.java:logGet(43)) - raft.server.snapshot.auto.trigger.threshold = 10000 (custom)
2019-09-29 11:26:39,264 [pool-418-thread-1] INFO  impl.RoleInfo (RoleInfo.java:updateAndGet(143)) - d7821b28-18a7-4460-b735-be2c20024ab7: start FollowerState
2019-09-29 11:26:39,265 [pool-428-thread-1] INFO  server.RaftServerConfigKeys (ConfUtils.java:logGet(43)) - raft.server.snapshot.retention.num.files = 5 (custom)
2019-09-29 11:26:39,265 [pool-438-thread-1] INFO  server.RaftServerConfigKeys (ConfUtils.java:logGet(43)) - raft.server.retrycache.expirytime = 600000ms (custom)
2019-09-29 11:26:39,265 [pool-418-thread-1] INFO  util.JmxRegister (JmxRegister.java:tryRegister(44)) - Successfully registered JMX Bean with object name Ratis:service=RaftServer,group=group-8E5314906F1B,id=d7821b28-18a7-4460-b735-be2c20024ab7
2019-09-29 11:26:39,265 [pool-428-thread-1] INFO  server.RaftServerConfigKeys (ConfUtils.java:logGet(43)) - raft.server.retrycache.expirytime = 600000ms (custom)
2019-09-29 11:26:39,269 [pool-438-thread-1] INFO  impl.RaftServerImpl (RaftServerImpl.java:start(185)) - c5175ad5-525e-4c2e-832b-1ca15aa9c500@group-8E5314906F1B: start as a follower, conf=-1: [266f4e38-b438-4944-8569-530d2ae5f6fc:192.168.30.19:46645, d7821b28-18a7-4460-b735-be2c20024ab7:192.168.30.19:45148, c5175ad5-525e-4c2e-832b-1ca15aa9c500:192.168.30.19:40504], old=null
2019-09-29 11:26:39,269 [pool-428-thread-1] INFO  impl.RaftServerImpl (RaftServerImpl.java:start(185)) - 266f4e38-b438-4944-8569-530d2ae5f6fc@group-8E5314906F1B: start as a follower, conf=-1: [266f4e38-b438-4944-8569-530d2ae5f6fc:192.168.30.19:46645, d7821b28-18a7-4460-b735-be2c20024ab7:192.168.30.19:45148, c5175ad5-525e-4c2e-832b-1ca15aa9c500:192.168.30.19:40504], old=null
2019-09-29 11:26:39,269 [pool-428-thread-1] INFO  impl.RaftServerImpl (RaftServerImpl.java:setRole(174)) - 266f4e38-b438-4944-8569-530d2ae5f6fc@group-8E5314906F1B: changes role from      null to FOLLOWER at term 0 for startAsFollower
2019-09-29 11:26:39,269 [pool-438-thread-1] INFO  impl.RaftServerImpl (RaftServerImpl.java:setRole(174)) - c5175ad5-525e-4c2e-832b-1ca15aa9c500@group-8E5314906F1B: changes role from      null to FOLLOWER at term 0 for startAsFollower
2019-09-29 11:26:39,270 [pool-428-thread-1] INFO  impl.RoleInfo (RoleInfo.java:updateAndGet(143)) - 266f4e38-b438-4944-8569-530d2ae5f6fc: start FollowerState
2019-09-29 11:26:39,270 [pool-438-thread-1] INFO  impl.RoleInfo (RoleInfo.java:updateAndGet(143)) - c5175ad5-525e-4c2e-832b-1ca15aa9c500: start FollowerState
2019-09-29 11:26:39,270 [pool-428-thread-1] INFO  util.JmxRegister (JmxRegister.java:tryRegister(44)) - Successfully registered JMX Bean with object name Ratis:service=RaftServer,group=group-8E5314906F1B,id=266f4e38-b438-4944-8569-530d2ae5f6fc
2019-09-29 11:26:39,270 [pool-438-thread-1] INFO  util.JmxRegister (JmxRegister.java:tryRegister(44)) - Successfully registered JMX Bean with object name Ratis:service=RaftServer,group=group-8E5314906F1B,id=c5175ad5-525e-4c2e-832b-1ca15aa9c500
2019-09-29 11:26:39,273 [RatisPipelineUtilsThread] INFO  pipeline.PipelineStateManager (PipelineStateManager.java:addPipeline(56)) - Created pipeline Pipeline[ Id: 3a8a0b3b-b4ef-44e9-bbdf-8e5314906f1b, Nodes: 266f4e38-b438-4944-8569-530d2ae5f6fc{ip: 192.168.30.19, host: pr-hdds-1569-lsfh5-224679870, networkLocation: /default-rack, certSerialId: null}d7821b28-18a7-4460-b735-be2c20024ab7{ip: 192.168.30.19, host: pr-hdds-1569-lsfh5-224679870, networkLocation: /default-rack, certSerialId: null}c5175ad5-525e-4c2e-832b-1ca15aa9c500{ip: 192.168.30.19, host: pr-hdds-1569-lsfh5-224679870, networkLocation: /default-rack, certSerialId: null}, Type:RATIS, Factor:THREE, State:OPEN]
2019-09-29 11:26:39,276 [grpc-default-executor-26] INFO  impl.RaftServerProxy (RaftServerProxy.java:addNew(89)) - 266f4e38-b438-4944-8569-530d2ae5f6fc: addNew group-92AA78341D71:[266f4e38-b438-4944-8569-530d2ae5f6fc:192.168.30.19:46645, d7821b28-18a7-4460-b735-be2c20024ab7:192.168.30.19:45148, c5175ad5-525e-4c2e-832b-1ca15aa9c500:192.168.30.19:40504] returns group-92AA78341D71:java.util.concurrent.CompletableFuture@26db182[Not completed]
2019-09-29 11:26:39,279 [grpc-default-executor-27] INFO  impl.RaftServerProxy (RaftServerProxy.java:addNew(89)) - c5175ad5-525e-4c2e-832b-1ca15aa9c500: addNew group-92AA78341D71:[266f4e38-b438-4944-8569-530d2ae5f6fc:192.168.30.19:46645, d7821b28-18a7-4460-b735-be2c20024ab7:192.168.30.19:45148, c5175ad5-525e-4c2e-832b-1ca15aa9c500:192.168.30.19:40504] returns group-92AA78341D71:java.util.concurrent.CompletableFuture@46487aab[Not completed]
2019-09-29 11:26:39,279 [grpc-default-executor-19] INFO  impl.RaftServerProxy (RaftServerProxy.java:addNew(89)) - d7821b28-18a7-4460-b735-be2c20024ab7: addNew group-92AA78341D71:[266f4e38-b438-4944-8569-530d2ae5f6fc:192.168.30.19:46645, d7821b28-18a7-4460-b735-be2c20024ab7:192.168.30.19:45148, c5175ad5-525e-4c2e-832b-1ca15aa9c500:192.168.30.19:40504] returns group-92AA78341D71:java.util.concurrent.CompletableFuture@1292b345[Not completed]
2019-09-29 11:26:39,280 [pool-428-thread-1] INFO  impl.RaftServerImpl (RaftServerImpl.java:<init>(95)) - 266f4e38-b438-4944-8569-530d2ae5f6fc: new RaftServerImpl for group-92AA78341D71:[266f4e38-b438-4944-8569-530d2ae5f6fc:192.168.30.19:46645, d7821b28-18a7-4460-b735-be2c20024ab7:192.168.30.19:45148, c5175ad5-525e-4c2e-832b-1ca15aa9c500:192.168.30.19:40504] with ContainerStateMachine:uninitialized
2019-09-29 11:26:39,280 [pool-428-thread-1] INFO  server.RaftServerConfigKeys (ConfUtils.java:logGet(43)) - raft.server.rpc.timeout.min = 5s (custom)
2019-09-29 11:26:39,280 [pool-428-thread-1] INFO  server.RaftServerConfigKeys (ConfUtils.java:logGet(43)) - raft.server.rpc.timeout.max = 5200ms (custom)
2019-09-29 11:26:39,280 [pool-428-thread-1] INFO  server.RaftServerConfigKeys (ConfUtils.java:logGet(43)) - raft.server.rpcslowness.timeout = 120s (custom)
2019-09-29 11:26:39,280 [pool-428-thread-1] INFO  server.RaftServerConfigKeys (ConfUtils.java:logGet(43)) - raft.server.sleep.deviation.threshold = 300 (default)
2019-09-29 11:26:39,280 [pool-418-thread-1] INFO  impl.RaftServerImpl (RaftServerImpl.java:<init>(95)) - d7821b28-18a7-4460-b735-be2c20024ab7: new RaftServerImpl for group-92AA78341D71:[266f4e38-b438-4944-8569-530d2ae5f6fc:192.168.30.19:46645, d7821b28-18a7-4460-b735-be2c20024ab7:192.168.30.19:45148, c5175ad5-525e-4c2e-832b-1ca15aa9c500:192.168.30.19:40504] with ContainerStateMachine:uninitialized
2019-09-29 11:26:39,280 [pool-428-thread-1] INFO  server.RaftServerConfigKeys (ConfUtils.java:logGet(43)) - raft.server.log.appender.install.snapshot.enabled = false (custom)
2019-09-29 11:26:39,280 [pool-418-thread-1] INFO  server.RaftServerConfigKeys (ConfUtils.java:logGet(43)) - raft.server.rpc.timeout.min = 5s (custom)
2019-09-29 11:26:39,281 [pool-428-thread-1] INFO  impl.RaftServerImpl (ServerState.java:<init>(103)) - 266f4e38-b438-4944-8569-530d2ae5f6fc@group-92AA78341D71: ConfigurationManager, init=-1: [266f4e38-b438-4944-8569-530d2ae5f6fc:192.168.30.19:46645, d7821b28-18a7-4460-b735-be2c20024ab7:192.168.30.19:45148, c5175ad5-525e-4c2e-832b-1ca15aa9c500:192.168.30.19:40504], old=null, confs=<EMPTY_MAP>
2019-09-29 11:26:39,281 [pool-438-thread-1] INFO  impl.RaftServerImpl (RaftServerImpl.java:<init>(95)) - c5175ad5-525e-4c2e-832b-1ca15aa9c500: new RaftServerImpl for group-92AA78341D71:[266f4e38-b438-4944-8569-530d2ae5f6fc:192.168.30.19:46645, d7821b28-18a7-4460-b735-be2c20024ab7:192.168.30.19:45148, c5175ad5-525e-4c2e-832b-1ca15aa9c500:192.168.30.19:40504] with ContainerStateMachine:uninitialized
2019-09-29 11:26:39,281 [pool-418-thread-1] INFO  server.RaftServerConfigKeys (ConfUtils.java:logGet(43)) - raft.server.rpc.timeout.max = 5200ms (custom)
2019-09-29 11:26:39,281 [pool-438-thread-1] INFO  server.RaftServerConfigKeys (ConfUtils.java:logGet(43)) - raft.server.rpc.timeout.min = 5s (custom)
2019-09-29 11:26:39,281 [pool-428-thread-1] INFO  server.RaftServerConfigKeys (ConfUtils.java:logGet(43)) - raft.server.storage.dir = [/workdir/hadoop-ozone/integration-test/target/test-dir/MiniOzoneClusterImpl-f848b852-1aaf-4c40-a29c-4c10b1dc7f95/datanode-2/data/ratis] (custom)
2019-09-29 11:26:39,281 [pool-438-thread-1] INFO  server.RaftServerConfigKeys (ConfUtils.java:logGet(43)) - raft.server.rpc.timeout.max = 5200ms (custom)
2019-09-29 11:26:39,281 [pool-418-thread-1] INFO  server.RaftServerConfigKeys (ConfUtils.java:logGet(43)) - raft.server.rpcslowness.timeout = 120s (custom)
2019-09-29 11:26:39,281 [pool-438-thread-1] INFO  server.RaftServerConfigKeys (ConfUtils.java:logGet(43)) - raft.server.rpcslowness.timeout = 120s (custom)
2019-09-29 11:26:39,281 [pool-428-thread-1] INFO  storage.RaftStorageDirectory (RaftStorageDirectory.java:analyzeStorage(246)) - The storage directory /workdir/hadoop-ozone/integration-test/target/test-dir/MiniOzoneClusterImpl-f848b852-1aaf-4c40-a29c-4c10b1dc7f95/datanode-2/data/ratis/30201af2-7d9f-4699-a016-92aa78341d71 does not exist. Creating ...
2019-09-29 11:26:39,281 [pool-418-thread-1] INFO  server.RaftServerConfigKeys (ConfUtils.java:logGet(43)) - raft.server.sleep.deviation.threshold = 300 (default)
2019-09-29 11:26:39,281 [pool-438-thread-1] INFO  server.RaftServerConfigKeys (ConfUtils.java:logGet(43)) - raft.server.sleep.deviation.threshold = 300 (default)
2019-09-29 11:26:39,281 [pool-418-thread-1] INFO  server.RaftServerConfigKeys (ConfUtils.java:logGet(43)) - raft.server.log.appender.install.snapshot.enabled = false (custom)
2019-09-29 11:26:39,281 [pool-438-thread-1] INFO  server.RaftServerConfigKeys (ConfUtils.java:logGet(43)) - raft.server.log.appender.install.snapshot.enabled = false (custom)
2019-09-29 11:26:39,282 [pool-418-thread-1] INFO  impl.RaftServerImpl (ServerState.java:<init>(103)) - d7821b28-18a7-4460-b735-be2c20024ab7@group-92AA78341D71: ConfigurationManager, init=-1: [266f4e38-b438-4944-8569-530d2ae5f6fc:192.168.30.19:46645, d7821b28-18a7-4460-b735-be2c20024ab7:192.168.30.19:45148, c5175ad5-525e-4c2e-832b-1ca15aa9c500:192.168.30.19:40504], old=null, confs=<EMPTY_MAP>
2019-09-29 11:26:39,282 [pool-438-thread-1] INFO  impl.RaftServerImpl (ServerState.java:<init>(103)) - c5175ad5-525e-4c2e-832b-1ca15aa9c500@group-92AA78341D71: ConfigurationManager, init=-1: [266f4e38-b438-4944-8569-530d2ae5f6fc:192.168.30.19:46645, d7821b28-18a7-4460-b735-be2c20024ab7:192.168.30.19:45148, c5175ad5-525e-4c2e-832b-1ca15aa9c500:192.168.30.19:40504], old=null, confs=<EMPTY_MAP>
2019-09-29 11:26:39,282 [pool-418-thread-1] INFO  server.RaftServerConfigKeys (ConfUtils.java:logGet(43)) - raft.server.storage.dir = [/workdir/hadoop-ozone/integration-test/target/test-dir/MiniOzoneClusterImpl-f848b852-1aaf-4c40-a29c-4c10b1dc7f95/datanode-1/data/ratis] (custom)
2019-09-29 11:26:39,282 [pool-438-thread-1] INFO  server.RaftServerConfigKeys (ConfUtils.java:logGet(43)) - raft.server.storage.dir = [/workdir/hadoop-ozone/integration-test/target/test-dir/MiniOzoneClusterImpl-f848b852-1aaf-4c40-a29c-4c10b1dc7f95/datanode-3/data/ratis] (custom)
2019-09-29 11:26:39,282 [pool-418-thread-1] INFO  storage.RaftStorageDirectory (RaftStorageDirectory.java:analyzeStorage(246)) - The storage directory /workdir/hadoop-ozone/integration-test/target/test-dir/MiniOzoneClusterImpl-f848b852-1aaf-4c40-a29c-4c10b1dc7f95/datanode-1/data/ratis/30201af2-7d9f-4699-a016-92aa78341d71 does not exist. Creating ...
2019-09-29 11:26:39,282 [pool-438-thread-1] INFO  storage.RaftStorageDirectory (RaftStorageDirectory.java:analyzeStorage(246)) - The storage directory /workdir/hadoop-ozone/integration-test/target/test-dir/MiniOzoneClusterImpl-f848b852-1aaf-4c40-a29c-4c10b1dc7f95/datanode-3/data/ratis/30201af2-7d9f-4699-a016-92aa78341d71 does not exist. Creating ...
2019-09-29 11:26:39,305 [pool-428-thread-1] INFO  storage.RaftStorageDirectory (RaftStorageDirectory.java:tryLock(328)) - Lock on /workdir/hadoop-ozone/integration-test/target/test-dir/MiniOzoneClusterImpl-f848b852-1aaf-4c40-a29c-4c10b1dc7f95/datanode-2/data/ratis/30201af2-7d9f-4699-a016-92aa78341d71/in_use.lock acquired by nodename 31535@pr-hdds-1569-lsfh5-224679870
2019-09-29 11:26:39,305 [pool-438-thread-1] INFO  storage.RaftStorageDirectory (RaftStorageDirectory.java:tryLock(328)) - Lock on /workdir/hadoop-ozone/integration-test/target/test-dir/MiniOzoneClusterImpl-f848b852-1aaf-4c40-a29c-4c10b1dc7f95/datanode-3/data/ratis/30201af2-7d9f-4699-a016-92aa78341d71/in_use.lock acquired by nodename 31535@pr-hdds-1569-lsfh5-224679870
2019-09-29 11:26:39,305 [pool-418-thread-1] INFO  storage.RaftStorageDirectory (RaftStorageDirectory.java:tryLock(328)) - Lock on /workdir/hadoop-ozone/integration-test/target/test-dir/MiniOzoneClusterImpl-f848b852-1aaf-4c40-a29c-4c10b1dc7f95/datanode-1/data/ratis/30201af2-7d9f-4699-a016-92aa78341d71/in_use.lock acquired by nodename 31535@pr-hdds-1569-lsfh5-224679870
2019-09-29 11:26:39,330 [pool-428-thread-1] INFO  storage.RaftStorage (RaftStorage.java:format(72)) - Storage directory /workdir/hadoop-ozone/integration-test/target/test-dir/MiniOzoneClusterImpl-f848b852-1aaf-4c40-a29c-4c10b1dc7f95/datanode-2/data/ratis/30201af2-7d9f-4699-a016-92aa78341d71 has been successfully formatted.
2019-09-29 11:26:39,330 [pool-418-thread-1] INFO  storage.RaftStorage (RaftStorage.java:format(72)) - Storage directory /workdir/hadoop-ozone/integration-test/target/test-dir/MiniOzoneClusterImpl-f848b852-1aaf-4c40-a29c-4c10b1dc7f95/datanode-1/data/ratis/30201af2-7d9f-4699-a016-92aa78341d71 has been successfully formatted.
2019-09-29 11:26:39,330 [pool-438-thread-1] INFO  storage.RaftStorage (RaftStorage.java:format(72)) - Storage directory /workdir/hadoop-ozone/integration-test/target/test-dir/MiniOzoneClusterImpl-f848b852-1aaf-4c40-a29c-4c10b1dc7f95/datanode-3/data/ratis/30201af2-7d9f-4699-a016-92aa78341d71 has been successfully formatted.
2019-09-29 11:26:39,331 [pool-418-thread-1] INFO  ratis.ContainerStateMachine (ContainerStateMachine.java:loadSnapshot(230)) - group-92AA78341D71: The snapshot info is null. Setting the last applied indexto:(t:0, i:~)
2019-09-29 11:26:39,331 [pool-428-thread-1] INFO  ratis.ContainerStateMachine (ContainerStateMachine.java:loadSnapshot(230)) - group-92AA78341D71: The snapshot info is null. Setting the last applied indexto:(t:0, i:~)
2019-09-29 11:26:39,331 [pool-418-thread-1] INFO  server.RaftServerConfigKeys (ConfUtils.java:logGet(43)) - raft.server.notification.no-leader.timeout = 120s (custom)
2019-09-29 11:26:39,331 [pool-438-thread-1] INFO  ratis.ContainerStateMachine (ContainerStateMachine.java:loadSnapshot(230)) - group-92AA78341D71: The snapshot info is null. Setting the last applied indexto:(t:0, i:~)
2019-09-29 11:26:39,331 [pool-418-thread-1] INFO  server.RaftServerConfigKeys (ConfUtils.java:logGet(43)) - raft.server.log.use.memory = false (default)
2019-09-29 11:26:39,331 [pool-428-thread-1] INFO  server.RaftServerConfigKeys (ConfUtils.java:logGet(43)) - raft.server.notification.no-leader.timeout = 120s (custom)
2019-09-29 11:26:39,332 [pool-418-thread-1] INFO  server.RaftServerConfigKeys (ConfUtils.java:logGet(43)) - raft.server.log.purge.gap = 1000000 (custom)
2019-09-29 11:26:39,332 [pool-418-thread-1] INFO  server.RaftServerConfigKeys (ConfUtils.java:logGet(43)) - raft.server.log.appender.buffer.byte-limit = 33554432 (custom)
2019-09-29 11:26:39,331 [pool-438-thread-1] INFO  server.RaftServerConfigKeys (ConfUtils.java:logGet(43)) - raft.server.notification.no-leader.timeout = 120s (custom)
2019-09-29 11:26:39,332 [pool-418-thread-1] INFO  server.RaftServerConfigKeys (ConfUtils.java:logGet(43)) - raft.server.log.segment.size.max = 1048576 (custom)
2019-09-29 11:26:39,332 [pool-428-thread-1] INFO  server.RaftServerConfigKeys (ConfUtils.java:logGet(43)) - raft.server.log.use.memory = false (default)
2019-09-29 11:26:39,332 [pool-418-thread-1] INFO  server.RaftServerConfigKeys (ConfUtils.java:logGet(43)) - raft.server.log.segment.cache.num.max = 2 (custom)
2019-09-29 11:26:39,332 [pool-438-thread-1] INFO  server.RaftServerConfigKeys (ConfUtils.java:logGet(43)) - raft.server.log.use.memory = false (default)
2019-09-29 11:26:39,333 [pool-418-thread-1] INFO  segmented.SegmentedRaftLogWorker (SegmentedRaftLogWorker.java:<init>(172)) - new d7821b28-18a7-4460-b735-be2c20024ab7@group-92AA78341D71-SegmentedRaftLogWorker for RaftStorage:Storage Directory /workdir/hadoop-ozone/integration-test/target/test-dir/MiniOzoneClusterImpl-f848b852-1aaf-4c40-a29c-4c10b1dc7f95/datanode-1/data/ratis/30201af2-7d9f-4699-a016-92aa78341d71
2019-09-29 11:26:39,333 [pool-418-thread-1] INFO  server.RaftServerConfigKeys (ConfUtils.java:logGet(43)) - raft.server.log.queue.byte-limit = 2147483647 (custom)
2019-09-29 11:26:39,332 [pool-428-thread-1] INFO  server.RaftServerConfigKeys (ConfUtils.java:logGet(43)) - raft.server.log.purge.gap = 1000000 (custom)
2019-09-29 11:26:39,333 [pool-418-thread-1] INFO  server.RaftServerConfigKeys (ConfUtils.java:logGet(43)) - raft.server.log.queue.element-limit = 1024 (custom)
2019-09-29 11:26:39,333 [pool-438-thread-1] INFO  server.RaftServerConfigKeys (ConfUtils.java:logGet(43)) - raft.server.log.purge.gap = 1000000 (custom)
2019-09-29 11:26:39,333 [pool-418-thread-1] INFO  server.RaftServerConfigKeys (ConfUtils.java:logGet(43)) - raft.server.log.segment.size.max = 1048576 (custom)
2019-09-29 11:26:39,333 [pool-428-thread-1] INFO  server.RaftServerConfigKeys (ConfUtils.java:logGet(43)) - raft.server.log.appender.buffer.byte-limit = 33554432 (custom)
2019-09-29 11:26:39,334 [pool-418-thread-1] INFO  server.RaftServerConfigKeys (ConfUtils.java:logGet(43)) - raft.server.log.preallocated.size = 16384 (custom)
2019-09-29 11:26:39,334 [pool-418-thread-1] INFO  server.RaftServerConfigKeys (ConfUtils.java:logGet(43)) - raft.server.log.write.buffer.size = 33554432 (custom)
2019-09-29 11:26:39,333 [pool-438-thread-1] INFO  server.RaftServerConfigKeys (ConfUtils.java:logGet(43)) - raft.server.log.appender.buffer.byte-limit = 33554432 (custom)
2019-09-29 11:26:39,334 [pool-418-thread-1] INFO  server.RaftServerConfigKeys (ConfUtils.java:logGet(43)) - raft.server.log.force.sync.num = 128 (default)
2019-09-29 11:26:39,334 [pool-418-thread-1] INFO  server.RaftServerConfigKeys (ConfUtils.java:logGet(43)) - raft.server.log.statemachine.data.sync = true (default)
2019-09-29 11:26:39,334 [pool-428-thread-1] INFO  server.RaftServerConfigKeys (ConfUtils.java:logGet(43)) - raft.server.log.segment.size.max = 1048576 (custom)
2019-09-29 11:26:39,334 [pool-418-thread-1] INFO  server.RaftServerConfigKeys (ConfUtils.java:logGet(43)) - raft.server.log.statemachine.data.sync.timeout = 10s (default)
2019-09-29 11:26:39,334 [pool-438-thread-1] INFO  server.RaftServerConfigKeys (ConfUtils.java:logGet(43)) - raft.server.log.segment.size.max = 1048576 (custom)
2019-09-29 11:26:39,335 [pool-418-thread-1] INFO  server.RaftServerConfigKeys (ConfUtils.java:logGet(43)) - raft.server.log.statemachine.data.sync.timeout.retry = -1 (default)
2019-09-29 11:26:39,335 [pool-428-thread-1] INFO  server.RaftServerConfigKeys (ConfUtils.java:logGet(43)) - raft.server.log.segment.cache.num.max = 2 (custom)
2019-09-29 11:26:39,335 [pool-418-thread-1] INFO  server.RaftServerConfigKeys (ConfUtils.java:logGet(43)) - raft.server.log.statemachine.data.caching.enabled = true (custom)
2019-09-29 11:26:39,335 [pool-438-thread-1] INFO  server.RaftServerConfigKeys (ConfUtils.java:logGet(43)) - raft.server.log.segment.cache.num.max = 2 (custom)
2019-09-29 11:26:39,335 [pool-428-thread-1] INFO  segmented.SegmentedRaftLogWorker (SegmentedRaftLogWorker.java:<init>(172)) - new 266f4e38-b438-4944-8569-530d2ae5f6fc@group-92AA78341D71-SegmentedRaftLogWorker for RaftStorage:Storage Directory /workdir/hadoop-ozone/integration-test/target/test-dir/MiniOzoneClusterImpl-f848b852-1aaf-4c40-a29c-4c10b1dc7f95/datanode-2/data/ratis/30201af2-7d9f-4699-a016-92aa78341d71
2019-09-29 11:26:39,335 [pool-418-thread-1] INFO  segmented.SegmentedRaftLogWorker (SegmentedRaftLogWorker.java:lambda$new$0(132)) - d7821b28-18a7-4460-b735-be2c20024ab7@group-92AA78341D71-SegmentedRaftLogWorker: flushIndex: setUnconditionally 0 -> -1
2019-09-29 11:26:39,335 [pool-438-thread-1] INFO  segmented.SegmentedRaftLogWorker (SegmentedRaftLogWorker.java:<init>(172)) - new c5175ad5-525e-4c2e-832b-1ca15aa9c500@group-92AA78341D71-SegmentedRaftLogWorker for RaftStorage:Storage Directory /workdir/hadoop-ozone/integration-test/target/test-dir/MiniOzoneClusterImpl-f848b852-1aaf-4c40-a29c-4c10b1dc7f95/datanode-3/data/ratis/30201af2-7d9f-4699-a016-92aa78341d71
2019-09-29 11:26:39,336 [pool-428-thread-1] INFO  server.RaftServerConfigKeys (ConfUtils.java:logGet(43)) - raft.server.log.queue.byte-limit = 2147483647 (custom)
2019-09-29 11:26:39,336 [pool-438-thread-1] INFO  server.RaftServerConfigKeys (ConfUtils.java:logGet(43)) - raft.server.log.queue.byte-limit = 2147483647 (custom)
2019-09-29 11:26:39,336 [pool-418-thread-1] INFO  server.RaftServerConfigKeys (ConfUtils.java:logGet(43)) - raft.server.snapshot.auto.trigger.enabled = true (custom)
2019-09-29 11:26:39,336 [pool-438-thread-1] INFO  server.RaftServerConfigKeys (ConfUtils.java:logGet(43)) - raft.server.log.queue.element-limit = 1024 (custom)
2019-09-29 11:26:39,336 [pool-428-thread-1] INFO  server.RaftServerConfigKeys (ConfUtils.java:logGet(43)) - raft.server.log.queue.element-limit = 1024 (custom)
2019-09-29 11:26:39,336 [pool-438-thread-1] INFO  server.RaftServerConfigKeys (ConfUtils.java:logGet(43)) - raft.server.log.segment.size.max = 1048576 (custom)
2019-09-29 11:26:39,336 [pool-418-thread-1] INFO  server.RaftServerConfigKeys (ConfUtils.java:logGet(43)) - raft.server.snapshot.auto.trigger.threshold = 10000 (custom)
2019-09-29 11:26:39,337 [pool-438-thread-1] INFO  server.RaftServerConfigKeys (ConfUtils.java:logGet(43)) - raft.server.log.preallocated.size = 16384 (custom)
2019-09-29 11:26:39,337 [pool-428-thread-1] INFO  server.RaftServerConfigKeys (ConfUtils.java:logGet(43)) - raft.server.log.segment.size.max = 1048576 (custom)
2019-09-29 11:26:39,337 [pool-438-thread-1] INFO  server.RaftServerConfigKeys (ConfUtils.java:logGet(43)) - raft.server.log.write.buffer.size = 33554432 (custom)
2019-09-29 11:26:39,337 [pool-418-thread-1] INFO  server.RaftServerConfigKeys (ConfUtils.java:logGet(43)) - raft.server.snapshot.retention.num.files = 5 (custom)
2019-09-29 11:26:39,337 [pool-438-thread-1] INFO  server.RaftServerConfigKeys (ConfUtils.java:logGet(43)) - raft.server.log.force.sync.num = 128 (default)
2019-09-29 11:26:39,337 [pool-428-thread-1] INFO  server.RaftServerConfigKeys (ConfUtils.java:logGet(43)) - raft.server.log.preallocated.size = 16384 (custom)
2019-09-29 11:26:39,337 [pool-438-thread-1] INFO  server.RaftServerConfigKeys (ConfUtils.java:logGet(43)) - raft.server.log.statemachine.data.sync = true (default)
2019-09-29 11:26:39,337 [pool-418-thread-1] INFO  server.RaftServerConfigKeys (ConfUtils.java:logGet(43)) - raft.server.retrycache.expirytime = 600000ms (custom)
2019-09-29 11:26:39,338 [pool-438-thread-1] INFO  server.RaftServerConfigKeys (ConfUtils.java:logGet(43)) - raft.server.log.statemachine.data.sync.timeout = 10s (default)
2019-09-29 11:26:39,338 [pool-428-thread-1] INFO  server.RaftServerConfigKeys (ConfUtils.java:logGet(43)) - raft.server.log.write.buffer.size = 33554432 (custom)
2019-09-29 11:26:39,338 [pool-438-thread-1] INFO  server.RaftServerConfigKeys (ConfUtils.java:logGet(43)) - raft.server.log.statemachine.data.sync.timeout.retry = -1 (default)
2019-09-29 11:26:39,338 [pool-428-thread-1] INFO  server.RaftServerConfigKeys (ConfUtils.java:logGet(43)) - raft.server.log.force.sync.num = 128 (default)
2019-09-29 11:26:39,338 [pool-438-thread-1] INFO  server.RaftServerConfigKeys (ConfUtils.java:logGet(43)) - raft.server.log.statemachine.data.caching.enabled = true (custom)
2019-09-29 11:26:39,338 [pool-428-thread-1] INFO  server.RaftServerConfigKeys (ConfUtils.java:logGet(43)) - raft.server.log.statemachine.data.sync = true (default)
2019-09-29 11:26:39,339 [pool-438-thread-1] INFO  segmented.SegmentedRaftLogWorker (SegmentedRaftLogWorker.java:lambda$new$0(132)) - c5175ad5-525e-4c2e-832b-1ca15aa9c500@group-92AA78341D71-SegmentedRaftLogWorker: flushIndex: setUnconditionally 0 -> -1
2019-09-29 11:26:39,339 [pool-428-thread-1] INFO  server.RaftServerConfigKeys (ConfUtils.java:logGet(43)) - raft.server.log.statemachine.data.sync.timeout = 10s (default)
2019-09-29 11:26:39,339 [pool-438-thread-1] INFO  server.RaftServerConfigKeys (ConfUtils.java:logGet(43)) - raft.server.snapshot.auto.trigger.enabled = true (custom)
2019-09-29 11:26:39,339 [pool-428-thread-1] INFO  server.RaftServerConfigKeys (ConfUtils.java:logGet(43)) - raft.server.log.statemachine.data.sync.timeout.retry = -1 (default)
2019-09-29 11:26:39,339 [pool-438-thread-1] INFO  server.RaftServerConfigKeys (ConfUtils.java:logGet(43)) - raft.server.snapshot.auto.trigger.threshold = 10000 (custom)
2019-09-29 11:26:39,339 [pool-428-thread-1] INFO  server.RaftServerConfigKeys (ConfUtils.java:logGet(43)) - raft.server.log.statemachine.data.caching.enabled = true (custom)
2019-09-29 11:26:39,339 [pool-418-thread-1] INFO  impl.RaftServerImpl (RaftServerImpl.java:start(185)) - d7821b28-18a7-4460-b735-be2c20024ab7@group-92AA78341D71: start as a follower, conf=-1: [266f4e38-b438-4944-8569-530d2ae5f6fc:192.168.30.19:46645, d7821b28-18a7-4460-b735-be2c20024ab7:192.168.30.19:45148, c5175ad5-525e-4c2e-832b-1ca15aa9c500:192.168.30.19:40504], old=null
2019-09-29 11:26:39,339 [pool-438-thread-1] INFO  server.RaftServerConfigKeys (ConfUtils.java:logGet(43)) - raft.server.snapshot.retention.num.files = 5 (custom)
2019-09-29 11:26:39,340 [pool-418-thread-1] INFO  impl.RaftServerImpl (RaftServerImpl.java:setRole(174)) - d7821b28-18a7-4460-b735-be2c20024ab7@group-92AA78341D71: changes role from      null to FOLLOWER at term 0 for startAsFollower
2019-09-29 11:26:39,340 [pool-428-thread-1] INFO  segmented.SegmentedRaftLogWorker (SegmentedRaftLogWorker.java:lambda$new$0(132)) - 266f4e38-b438-4944-8569-530d2ae5f6fc@group-92AA78341D71-SegmentedRaftLogWorker: flushIndex: setUnconditionally 0 -> -1
2019-09-29 11:26:39,340 [pool-418-thread-1] INFO  impl.RoleInfo (RoleInfo.java:updateAndGet(143)) - d7821b28-18a7-4460-b735-be2c20024ab7: start FollowerState
2019-09-29 11:26:39,340 [pool-438-thread-1] INFO  server.RaftServerConfigKeys (ConfUtils.java:logGet(43)) - raft.server.retrycache.expirytime = 600000ms (custom)
2019-09-29 11:26:39,340 [pool-428-thread-1] INFO  server.RaftServerConfigKeys (ConfUtils.java:logGet(43)) - raft.server.snapshot.auto.trigger.enabled = true (custom)
2019-09-29 11:26:39,341 [pool-418-thread-1] INFO  util.JmxRegister (JmxRegister.java:tryRegister(44)) - Successfully registered JMX Bean with object name Ratis:service=RaftServer,group=group-92AA78341D71,id=d7821b28-18a7-4460-b735-be2c20024ab7
2019-09-29 11:26:39,341 [pool-428-thread-1] INFO  server.RaftServerConfigKeys (ConfUtils.java:logGet(43)) - raft.server.snapshot.auto.trigger.threshold = 10000 (custom)
2019-09-29 11:26:39,341 [pool-428-thread-1] INFO  server.RaftServerConfigKeys (ConfUtils.java:logGet(43)) - raft.server.snapshot.retention.num.files = 5 (custom)
2019-09-29 11:26:39,341 [pool-428-thread-1] INFO  server.RaftServerConfigKeys (ConfUtils.java:logGet(43)) - raft.server.retrycache.expirytime = 600000ms (custom)
2019-09-29 11:26:39,342 [pool-438-thread-1] INFO  impl.RaftServerImpl (RaftServerImpl.java:start(185)) - c5175ad5-525e-4c2e-832b-1ca15aa9c500@group-92AA78341D71: start as a follower, conf=-1: [266f4e38-b438-4944-8569-530d2ae5f6fc:192.168.30.19:46645, d7821b28-18a7-4460-b735-be2c20024ab7:192.168.30.19:45148, c5175ad5-525e-4c2e-832b-1ca15aa9c500:192.168.30.19:40504], old=null
2019-09-29 11:26:39,342 [pool-438-thread-1] INFO  impl.RaftServerImpl (RaftServerImpl.java:setRole(174)) - c5175ad5-525e-4c2e-832b-1ca15aa9c500@group-92AA78341D71: changes role from      null to FOLLOWER at term 0 for startAsFollower
2019-09-29 11:26:39,342 [pool-438-thread-1] INFO  impl.RoleInfo (RoleInfo.java:updateAndGet(143)) - c5175ad5-525e-4c2e-832b-1ca15aa9c500: start FollowerState
2019-09-29 11:26:39,343 [pool-438-thread-1] INFO  util.JmxRegister (JmxRegister.java:tryRegister(44)) - Successfully registered JMX Bean with object name Ratis:service=RaftServer,group=group-92AA78341D71,id=c5175ad5-525e-4c2e-832b-1ca15aa9c500
2019-09-29 11:26:39,343 [pool-428-thread-1] INFO  impl.RaftServerImpl (RaftServerImpl.java:start(185)) - 266f4e38-b438-4944-8569-530d2ae5f6fc@group-92AA78341D71: start as a follower, conf=-1: [266f4e38-b438-4944-8569-530d2ae5f6fc:192.168.30.19:46645, d7821b28-18a7-4460-b735-be2c20024ab7:192.168.30.19:45148, c5175ad5-525e-4c2e-832b-1ca15aa9c500:192.168.30.19:40504], old=null
2019-09-29 11:26:39,343 [pool-428-thread-1] INFO  impl.RaftServerImpl (RaftServerImpl.java:setRole(174)) - 266f4e38-b438-4944-8569-530d2ae5f6fc@group-92AA78341D71: changes role from      null to FOLLOWER at term 0 for startAsFollower
2019-09-29 11:26:39,343 [pool-428-thread-1] INFO  impl.RoleInfo (RoleInfo.java:updateAndGet(143)) - 266f4e38-b438-4944-8569-530d2ae5f6fc: start FollowerState
2019-09-29 11:26:39,344 [pool-428-thread-1] INFO  util.JmxRegister (JmxRegister.java:tryRegister(44)) - Successfully registered JMX Bean with object name Ratis:service=RaftServer,group=group-92AA78341D71,id=266f4e38-b438-4944-8569-530d2ae5f6fc
2019-09-29 11:26:39,345 [RatisPipelineUtilsThread] INFO  pipeline.PipelineStateManager (PipelineStateManager.java:addPipeline(56)) - Created pipeline Pipeline[ Id: 30201af2-7d9f-4699-a016-92aa78341d71, Nodes: 266f4e38-b438-4944-8569-530d2ae5f6fc{ip: 192.168.30.19, host: pr-hdds-1569-lsfh5-224679870, networkLocation: /default-rack, certSerialId: null}d7821b28-18a7-4460-b735-be2c20024ab7{ip: 192.168.30.19, host: pr-hdds-1569-lsfh5-224679870, networkLocation: /default-rack, certSerialId: null}c5175ad5-525e-4c2e-832b-1ca15aa9c500{ip: 192.168.30.19, host: pr-hdds-1569-lsfh5-224679870, networkLocation: /default-rack, certSerialId: null}, Type:RATIS, Factor:THREE, State:OPEN]
2019-09-29 11:26:39,353 [grpc-default-executor-26] INFO  impl.RaftServerProxy (RaftServerProxy.java:addNew(89)) - d7821b28-18a7-4460-b735-be2c20024ab7: addNew group-42C9F9716FCF:[266f4e38-b438-4944-8569-530d2ae5f6fc:192.168.30.19:46645, d7821b28-18a7-4460-b735-be2c20024ab7:192.168.30.19:45148, c5175ad5-525e-4c2e-832b-1ca15aa9c500:192.168.30.19:40504] returns group-42C9F9716FCF:java.util.concurrent.CompletableFuture@6549cd5d[Not completed]
2019-09-29 11:26:39,353 [grpc-default-executor-19] INFO  impl.RaftServerProxy (RaftServerProxy.java:addNew(89)) - c5175ad5-525e-4c2e-832b-1ca15aa9c500: addNew group-42C9F9716FCF:[266f4e38-b438-4944-8569-530d2ae5f6fc:192.168.30.19:46645, d7821b28-18a7-4460-b735-be2c20024ab7:192.168.30.19:45148, c5175ad5-525e-4c2e-832b-1ca15aa9c500:192.168.30.19:40504] returns group-42C9F9716FCF:java.util.concurrent.CompletableFuture@3eea13cb[Not completed]
2019-09-29 11:26:39,353 [grpc-default-executor-27] INFO  impl.RaftServerProxy (RaftServerProxy.java:addNew(89)) - 266f4e38-b438-4944-8569-530d2ae5f6fc: addNew group-42C9F9716FCF:[266f4e38-b438-4944-8569-530d2ae5f6fc:192.168.30.19:46645, d7821b28-18a7-4460-b735-be2c20024ab7:192.168.30.19:45148, c5175ad5-525e-4c2e-832b-1ca15aa9c500:192.168.30.19:40504] returns group-42C9F9716FCF:java.util.concurrent.CompletableFuture@1b0c24a5[Not completed]
2019-09-29 11:26:39,354 [pool-418-thread-1] INFO  impl.RaftServerImpl (RaftServerImpl.java:<init>(95)) - d7821b28-18a7-4460-b735-be2c20024ab7: new RaftServerImpl for group-42C9F9716FCF:[266f4e38-b438-4944-8569-530d2ae5f6fc:192.168.30.19:46645, d7821b28-18a7-4460-b735-be2c20024ab7:192.168.30.19:45148, c5175ad5-525e-4c2e-832b-1ca15aa9c500:192.168.30.19:40504] with ContainerStateMachine:uninitialized
2019-09-29 11:26:39,354 [pool-418-thread-1] INFO  server.RaftServerConfigKeys (ConfUtils.java:logGet(43)) - raft.server.rpc.timeout.min = 5s (custom)
2019-09-29 11:26:39,354 [pool-418-thread-1] INFO  server.RaftServerConfigKeys (ConfUtils.java:logGet(43)) - raft.server.rpc.timeout.max = 5200ms (custom)
2019-09-29 11:26:39,354 [pool-418-thread-1] INFO  server.RaftServerConfigKeys (ConfUtils.java:logGet(43)) - raft.server.rpcslowness.timeout = 120s (custom)
2019-09-29 11:26:39,354 [pool-418-thread-1] INFO  server.RaftServerConfigKeys (ConfUtils.java:logGet(43)) - raft.server.sleep.deviation.threshold = 300 (default)
2019-09-29 11:26:39,355 [pool-418-thread-1] INFO  server.RaftServerConfigKeys (ConfUtils.java:logGet(43)) - raft.server.log.appender.install.snapshot.enabled = false (custom)
2019-09-29 11:26:39,355 [pool-418-thread-1] INFO  impl.RaftServerImpl (ServerState.java:<init>(103)) - d7821b28-18a7-4460-b735-be2c20024ab7@group-42C9F9716FCF: ConfigurationManager, init=-1: [266f4e38-b438-4944-8569-530d2ae5f6fc:192.168.30.19:46645, d7821b28-18a7-4460-b735-be2c20024ab7:192.168.30.19:45148, c5175ad5-525e-4c2e-832b-1ca15aa9c500:192.168.30.19:40504], old=null, confs=<EMPTY_MAP>
2019-09-29 11:26:39,355 [pool-438-thread-1] INFO  impl.RaftServerImpl (RaftServerImpl.java:<init>(95)) - c5175ad5-525e-4c2e-832b-1ca15aa9c500: new RaftServerImpl for group-42C9F9716FCF:[266f4e38-b438-4944-8569-530d2ae5f6fc:192.168.30.19:46645, d7821b28-18a7-4460-b735-be2c20024ab7:192.168.30.19:45148, c5175ad5-525e-4c2e-832b-1ca15aa9c500:192.168.30.19:40504] with ContainerStateMachine:uninitialized
2019-09-29 11:26:39,355 [pool-418-thread-1] INFO  server.RaftServerConfigKeys (ConfUtils.java:logGet(43)) - raft.server.storage.dir = [/workdir/hadoop-ozone/integration-test/target/test-dir/MiniOzoneClusterImpl-f848b852-1aaf-4c40-a29c-4c10b1dc7f95/datanode-1/data/ratis] (custom)
2019-09-29 11:26:39,355 [pool-438-thread-1] INFO  server.RaftServerConfigKeys (ConfUtils.java:logGet(43)) - raft.server.rpc.timeout.min = 5s (custom)
2019-09-29 11:26:39,355 [pool-438-thread-1] INFO  server.RaftServerConfigKeys (ConfUtils.java:logGet(43)) - raft.server.rpc.timeout.max = 5200ms (custom)
2019-09-29 11:26:39,355 [pool-418-thread-1] INFO  storage.RaftStorageDirectory (RaftStorageDirectory.java:analyzeStorage(246)) - The storage directory /workdir/hadoop-ozone/integration-test/target/test-dir/MiniOzoneClusterImpl-f848b852-1aaf-4c40-a29c-4c10b1dc7f95/datanode-1/data/ratis/744628ef-d102-4b54-8099-42c9f9716fcf does not exist. Creating ...
2019-09-29 11:26:39,355 [pool-428-thread-1] INFO  impl.RaftServerImpl (RaftServerImpl.java:<init>(95)) - 266f4e38-b438-4944-8569-530d2ae5f6fc: new RaftServerImpl for group-42C9F9716FCF:[266f4e38-b438-4944-8569-530d2ae5f6fc:192.168.30.19:46645, d7821b28-18a7-4460-b735-be2c20024ab7:192.168.30.19:45148, c5175ad5-525e-4c2e-832b-1ca15aa9c500:192.168.30.19:40504] with ContainerStateMachine:uninitialized
2019-09-29 11:26:39,355 [pool-438-thread-1] INFO  server.RaftServerConfigKeys (ConfUtils.java:logGet(43)) - raft.server.rpcslowness.timeout = 120s (custom)
2019-09-29 11:26:39,355 [pool-428-thread-1] INFO  server.RaftServerConfigKeys (ConfUtils.java:logGet(43)) - raft.server.rpc.timeout.min = 5s (custom)
2019-09-29 11:26:39,356 [pool-438-thread-1] INFO  server.RaftServerConfigKeys (ConfUtils.java:logGet(43)) - raft.server.sleep.deviation.threshold = 300 (default)
2019-09-29 11:26:39,356 [pool-428-thread-1] INFO  server.RaftServerConfigKeys (ConfUtils.java:logGet(43)) - raft.server.rpc.timeout.max = 5200ms (custom)
2019-09-29 11:26:39,356 [pool-438-thread-1] INFO  server.RaftServerConfigKeys (ConfUtils.java:logGet(43)) - raft.server.log.appender.install.snapshot.enabled = false (custom)
2019-09-29 11:26:39,356 [pool-428-thread-1] INFO  server.RaftServerConfigKeys (ConfUtils.java:logGet(43)) - raft.server.rpcslowness.timeout = 120s (custom)
2019-09-29 11:26:39,356 [pool-438-thread-1] INFO  impl.RaftServerImpl (ServerState.java:<init>(103)) - c5175ad5-525e-4c2e-832b-1ca15aa9c500@group-42C9F9716FCF: ConfigurationManager, init=-1: [266f4e38-b438-4944-8569-530d2ae5f6fc:192.168.30.19:46645, d7821b28-18a7-4460-b735-be2c20024ab7:192.168.30.19:45148, c5175ad5-525e-4c2e-832b-1ca15aa9c500:192.168.30.19:40504], old=null, confs=<EMPTY_MAP>
2019-09-29 11:26:39,356 [pool-428-thread-1] INFO  server.RaftServerConfigKeys (ConfUtils.java:logGet(43)) - raft.server.sleep.deviation.threshold = 300 (default)
2019-09-29 11:26:39,356 [pool-438-thread-1] INFO  server.RaftServerConfigKeys (ConfUtils.java:logGet(43)) - raft.server.storage.dir = [/workdir/hadoop-ozone/integration-test/target/test-dir/MiniOzoneClusterImpl-f848b852-1aaf-4c40-a29c-4c10b1dc7f95/datanode-3/data/ratis] (custom)
2019-09-29 11:26:39,356 [pool-428-thread-1] INFO  server.RaftServerConfigKeys (ConfUtils.java:logGet(43)) - raft.server.log.appender.install.snapshot.enabled = false (custom)
2019-09-29 11:26:39,357 [pool-428-thread-1] INFO  impl.RaftServerImpl (ServerState.java:<init>(103)) - 266f4e38-b438-4944-8569-530d2ae5f6fc@group-42C9F9716FCF: ConfigurationManager, init=-1: [266f4e38-b438-4944-8569-530d2ae5f6fc:192.168.30.19:46645, d7821b28-18a7-4460-b735-be2c20024ab7:192.168.30.19:45148, c5175ad5-525e-4c2e-832b-1ca15aa9c500:192.168.30.19:40504], old=null, confs=<EMPTY_MAP>
2019-09-29 11:26:39,357 [pool-438-thread-1] INFO  storage.RaftStorageDirectory (RaftStorageDirectory.java:analyzeStorage(246)) - The storage directory /workdir/hadoop-ozone/integration-test/target/test-dir/MiniOzoneClusterImpl-f848b852-1aaf-4c40-a29c-4c10b1dc7f95/datanode-3/data/ratis/744628ef-d102-4b54-8099-42c9f9716fcf does not exist. Creating ...
2019-09-29 11:26:39,357 [pool-428-thread-1] INFO  server.RaftServerConfigKeys (ConfUtils.java:logGet(43)) - raft.server.storage.dir = [/workdir/hadoop-ozone/integration-test/target/test-dir/MiniOzoneClusterImpl-f848b852-1aaf-4c40-a29c-4c10b1dc7f95/datanode-2/data/ratis] (custom)
2019-09-29 11:26:39,357 [pool-428-thread-1] INFO  storage.RaftStorageDirectory (RaftStorageDirectory.java:analyzeStorage(246)) - The storage directory /workdir/hadoop-ozone/integration-test/target/test-dir/MiniOzoneClusterImpl-f848b852-1aaf-4c40-a29c-4c10b1dc7f95/datanode-2/data/ratis/744628ef-d102-4b54-8099-42c9f9716fcf does not exist. Creating ...
2019-09-29 11:26:39,381 [pool-418-thread-1] INFO  storage.RaftStorageDirectory (RaftStorageDirectory.java:tryLock(328)) - Lock on /workdir/hadoop-ozone/integration-test/target/test-dir/MiniOzoneClusterImpl-f848b852-1aaf-4c40-a29c-4c10b1dc7f95/datanode-1/data/ratis/744628ef-d102-4b54-8099-42c9f9716fcf/in_use.lock acquired by nodename 31535@pr-hdds-1569-lsfh5-224679870
2019-09-29 11:26:39,381 [pool-428-thread-1] INFO  storage.RaftStorageDirectory (RaftStorageDirectory.java:tryLock(328)) - Lock on /workdir/hadoop-ozone/integration-test/target/test-dir/MiniOzoneClusterImpl-f848b852-1aaf-4c40-a29c-4c10b1dc7f95/datanode-2/data/ratis/744628ef-d102-4b54-8099-42c9f9716fcf/in_use.lock acquired by nodename 31535@pr-hdds-1569-lsfh5-224679870
2019-09-29 11:26:39,381 [pool-438-thread-1] INFO  storage.RaftStorageDirectory (RaftStorageDirectory.java:tryLock(328)) - Lock on /workdir/hadoop-ozone/integration-test/target/test-dir/MiniOzoneClusterImpl-f848b852-1aaf-4c40-a29c-4c10b1dc7f95/datanode-3/data/ratis/744628ef-d102-4b54-8099-42c9f9716fcf/in_use.lock acquired by nodename 31535@pr-hdds-1569-lsfh5-224679870
2019-09-29 11:26:39,407 [pool-438-thread-1] INFO  storage.RaftStorage (RaftStorage.java:format(72)) - Storage directory /workdir/hadoop-ozone/integration-test/target/test-dir/MiniOzoneClusterImpl-f848b852-1aaf-4c40-a29c-4c10b1dc7f95/datanode-3/data/ratis/744628ef-d102-4b54-8099-42c9f9716fcf has been successfully formatted.
2019-09-29 11:26:39,407 [pool-418-thread-1] INFO  storage.RaftStorage (RaftStorage.java:format(72)) - Storage directory /workdir/hadoop-ozone/integration-test/target/test-dir/MiniOzoneClusterImpl-f848b852-1aaf-4c40-a29c-4c10b1dc7f95/datanode-1/data/ratis/744628ef-d102-4b54-8099-42c9f9716fcf has been successfully formatted.
2019-09-29 11:26:39,407 [pool-428-thread-1] INFO  storage.RaftStorage (RaftStorage.java:format(72)) - Storage directory /workdir/hadoop-ozone/integration-test/target/test-dir/MiniOzoneClusterImpl-f848b852-1aaf-4c40-a29c-4c10b1dc7f95/datanode-2/data/ratis/744628ef-d102-4b54-8099-42c9f9716fcf has been successfully formatted.
2019-09-29 11:26:39,407 [pool-418-thread-1] INFO  ratis.ContainerStateMachine (ContainerStateMachine.java:loadSnapshot(230)) - group-42C9F9716FCF: The snapshot info is null. Setting the last applied indexto:(t:0, i:~)
2019-09-29 11:26:39,407 [pool-438-thread-1] INFO  ratis.ContainerStateMachine (ContainerStateMachine.java:loadSnapshot(230)) - group-42C9F9716FCF: The snapshot info is null. Setting the last applied indexto:(t:0, i:~)
2019-09-29 11:26:39,407 [pool-418-thread-1] INFO  server.RaftServerConfigKeys (ConfUtils.java:logGet(43)) - raft.server.notification.no-leader.timeout = 120s (custom)
2019-09-29 11:26:39,407 [pool-428-thread-1] INFO  ratis.ContainerStateMachine (ContainerStateMachine.java:loadSnapshot(230)) - group-42C9F9716FCF: The snapshot info is null. Setting the last applied indexto:(t:0, i:~)
2019-09-29 11:26:39,407 [pool-418-thread-1] INFO  server.RaftServerConfigKeys (ConfUtils.java:logGet(43)) - raft.server.log.use.memory = false (default)
2019-09-29 11:26:39,407 [pool-438-thread-1] INFO  server.RaftServerConfigKeys (ConfUtils.java:logGet(43)) - raft.server.notification.no-leader.timeout = 120s (custom)
2019-09-29 11:26:39,408 [pool-418-thread-1] INFO  server.RaftServerConfigKeys (ConfUtils.java:logGet(43)) - raft.server.log.purge.gap = 1000000 (custom)
2019-09-29 11:26:39,408 [pool-428-thread-1] INFO  server.RaftServerConfigKeys (ConfUtils.java:logGet(43)) - raft.server.notification.no-leader.timeout = 120s (custom)
2019-09-29 11:26:39,408 [pool-418-thread-1] INFO  server.RaftServerConfigKeys (ConfUtils.java:logGet(43)) - raft.server.log.appender.buffer.byte-limit = 33554432 (custom)
2019-09-29 11:26:39,408 [pool-438-thread-1] INFO  server.RaftServerConfigKeys (ConfUtils.java:logGet(43)) - raft.server.log.use.memory = false (default)
2019-09-29 11:26:39,409 [pool-418-thread-1] INFO  server.RaftServerConfigKeys (ConfUtils.java:logGet(43)) - raft.server.log.segment.size.max = 1048576 (custom)
2019-09-29 11:26:39,408 [pool-428-thread-1] INFO  server.RaftServerConfigKeys (ConfUtils.java:logGet(43)) - raft.server.log.use.memory = false (default)
2019-09-29 11:26:39,409 [pool-418-thread-1] INFO  server.RaftServerConfigKeys (ConfUtils.java:logGet(43)) - raft.server.log.segment.cache.num.max = 2 (custom)
2019-09-29 11:26:39,409 [pool-438-thread-1] INFO  server.RaftServerConfigKeys (ConfUtils.java:logGet(43)) - raft.server.log.purge.gap = 1000000 (custom)
2019-09-29 11:26:39,409 [pool-418-thread-1] INFO  segmented.SegmentedRaftLogWorker (SegmentedRaftLogWorker.java:<init>(172)) - new d7821b28-18a7-4460-b735-be2c20024ab7@group-42C9F9716FCF-SegmentedRaftLogWorker for RaftStorage:Storage Directory /workdir/hadoop-ozone/integration-test/target/test-dir/MiniOzoneClusterImpl-f848b852-1aaf-4c40-a29c-4c10b1dc7f95/datanode-1/data/ratis/744628ef-d102-4b54-8099-42c9f9716fcf
2019-09-29 11:26:39,409 [pool-428-thread-1] INFO  server.RaftServerConfigKeys (ConfUtils.java:logGet(43)) - raft.server.log.purge.gap = 1000000 (custom)
2019-09-29 11:26:39,409 [pool-418-thread-1] INFO  server.RaftServerConfigKeys (ConfUtils.java:logGet(43)) - raft.server.log.queue.byte-limit = 2147483647 (custom)
2019-09-29 11:26:39,410 [pool-418-thread-1] INFO  server.RaftServerConfigKeys (ConfUtils.java:logGet(43)) - raft.server.log.queue.element-limit = 1024 (custom)
2019-09-29 11:26:39,409 [pool-438-thread-1] INFO  server.RaftServerConfigKeys (ConfUtils.java:logGet(43)) - raft.server.log.appender.buffer.byte-limit = 33554432 (custom)
2019-09-29 11:26:39,410 [pool-418-thread-1] INFO  server.RaftServerConfigKeys (ConfUtils.java:logGet(43)) - raft.server.log.segment.size.max = 1048576 (custom)
2019-09-29 11:26:39,410 [pool-428-thread-1] INFO  server.RaftServerConfigKeys (ConfUtils.java:logGet(43)) - raft.server.log.appender.buffer.byte-limit = 33554432 (custom)
2019-09-29 11:26:39,410 [pool-418-thread-1] INFO  server.RaftServerConfigKeys (ConfUtils.java:logGet(43)) - raft.server.log.preallocated.size = 16384 (custom)
2019-09-29 11:26:39,410 [pool-438-thread-1] INFO  server.RaftServerConfigKeys (ConfUtils.java:logGet(43)) - raft.server.log.segment.size.max = 1048576 (custom)
2019-09-29 11:26:39,411 [pool-418-thread-1] INFO  server.RaftServerConfigKeys (ConfUtils.java:logGet(43)) - raft.server.log.write.buffer.size = 33554432 (custom)
2019-09-29 11:26:39,410 [pool-428-thread-1] INFO  server.RaftServerConfigKeys (ConfUtils.java:logGet(43)) - raft.server.log.segment.size.max = 1048576 (custom)
2019-09-29 11:26:39,411 [pool-418-thread-1] INFO  server.RaftServerConfigKeys (ConfUtils.java:logGet(43)) - raft.server.log.force.sync.num = 128 (default)
2019-09-29 11:26:39,411 [pool-438-thread-1] INFO  server.RaftServerConfigKeys (ConfUtils.java:logGet(43)) - raft.server.log.segment.cache.num.max = 2 (custom)
2019-09-29 11:26:39,411 [pool-418-thread-1] INFO  server.RaftServerConfigKeys (ConfUtils.java:logGet(43)) - raft.server.log.statemachine.data.sync = true (default)
2019-09-29 11:26:39,411 [pool-428-thread-1] INFO  server.RaftServerConfigKeys (ConfUtils.java:logGet(43)) - raft.server.log.segment.cache.num.max = 2 (custom)
2019-09-29 11:26:39,412 [pool-418-thread-1] INFO  server.RaftServerConfigKeys (ConfUtils.java:logGet(43)) - raft.server.log.statemachine.data.sync.timeout = 10s (default)
2019-09-29 11:26:39,412 [pool-418-thread-1] INFO  server.RaftServerConfigKeys (ConfUtils.java:logGet(43)) - raft.server.log.statemachine.data.sync.timeout.retry = -1 (default)
2019-09-29 11:26:39,411 [pool-438-thread-1] INFO  segmented.SegmentedRaftLogWorker (SegmentedRaftLogWorker.java:<init>(172)) - new c5175ad5-525e-4c2e-832b-1ca15aa9c500@group-42C9F9716FCF-SegmentedRaftLogWorker for RaftStorage:Storage Directory /workdir/hadoop-ozone/integration-test/target/test-dir/MiniOzoneClusterImpl-f848b852-1aaf-4c40-a29c-4c10b1dc7f95/datanode-3/data/ratis/744628ef-d102-4b54-8099-42c9f9716fcf
2019-09-29 11:26:39,412 [pool-418-thread-1] INFO  server.RaftServerConfigKeys (ConfUtils.java:logGet(43)) - raft.server.log.statemachine.data.caching.enabled = true (custom)
2019-09-29 11:26:39,412 [pool-428-thread-1] INFO  segmented.SegmentedRaftLogWorker (SegmentedRaftLogWorker.java:<init>(172)) - new 266f4e38-b438-4944-8569-530d2ae5f6fc@group-42C9F9716FCF-SegmentedRaftLogWorker for RaftStorage:Storage Directory /workdir/hadoop-ozone/integration-test/target/test-dir/MiniOzoneClusterImpl-f848b852-1aaf-4c40-a29c-4c10b1dc7f95/datanode-2/data/ratis/744628ef-d102-4b54-8099-42c9f9716fcf
2019-09-29 11:26:39,413 [pool-418-thread-1] INFO  segmented.SegmentedRaftLogWorker (SegmentedRaftLogWorker.java:lambda$new$0(132)) - d7821b28-18a7-4460-b735-be2c20024ab7@group-42C9F9716FCF-SegmentedRaftLogWorker: flushIndex: setUnconditionally 0 -> -1
2019-09-29 11:26:39,412 [pool-438-thread-1] INFO  server.RaftServerConfigKeys (ConfUtils.java:logGet(43)) - raft.server.log.queue.byte-limit = 2147483647 (custom)
2019-09-29 11:26:39,413 [pool-428-thread-1] INFO  server.RaftServerConfigKeys (ConfUtils.java:logGet(43)) - raft.server.log.queue.byte-limit = 2147483647 (custom)
2019-09-29 11:26:39,413 [pool-418-thread-1] INFO  server.RaftServerConfigKeys (ConfUtils.java:logGet(43)) - raft.server.snapshot.auto.trigger.enabled = true (custom)
2019-09-29 11:26:39,413 [pool-418-thread-1] INFO  server.RaftServerConfigKeys (ConfUtils.java:logGet(43)) - raft.server.snapshot.auto.trigger.threshold = 10000 (custom)
2019-09-29 11:26:39,413 [pool-438-thread-1] INFO  server.RaftServerConfigKeys (ConfUtils.java:logGet(43)) - raft.server.log.queue.element-limit = 1024 (custom)
2019-09-29 11:26:39,413 [pool-418-thread-1] INFO  server.RaftServerConfigKeys (ConfUtils.java:logGet(43)) - raft.server.snapshot.retention.num.files = 5 (custom)
2019-09-29 11:26:39,413 [pool-428-thread-1] INFO  server.RaftServerConfigKeys (ConfUtils.java:logGet(43)) - raft.server.log.queue.element-limit = 1024 (custom)
2019-09-29 11:26:39,414 [pool-418-thread-1] INFO  server.RaftServerConfigKeys (ConfUtils.java:logGet(43)) - raft.server.retrycache.expirytime = 600000ms (custom)
2019-09-29 11:26:39,414 [pool-438-thread-1] INFO  server.RaftServerConfigKeys (ConfUtils.java:logGet(43)) - raft.server.log.segment.size.max = 1048576 (custom)
2019-09-29 11:26:39,414 [pool-428-thread-1] INFO  server.RaftServerConfigKeys (ConfUtils.java:logGet(43)) - raft.server.log.segment.size.max = 1048576 (custom)
2019-09-29 11:26:39,414 [pool-438-thread-1] INFO  server.RaftServerConfigKeys (ConfUtils.java:logGet(43)) - raft.server.log.preallocated.size = 16384 (custom)
2019-09-29 11:26:39,414 [pool-428-thread-1] INFO  server.RaftServerConfigKeys (ConfUtils.java:logGet(43)) - raft.server.log.preallocated.size = 16384 (custom)
2019-09-29 11:26:39,414 [pool-438-thread-1] INFO  server.RaftServerConfigKeys (ConfUtils.java:logGet(43)) - raft.server.log.write.buffer.size = 33554432 (custom)
2019-09-29 11:26:39,415 [pool-428-thread-1] INFO  server.RaftServerConfigKeys (ConfUtils.java:logGet(43)) - raft.server.log.write.buffer.size = 33554432 (custom)
2019-09-29 11:26:39,415 [pool-428-thread-1] INFO  server.RaftServerConfigKeys (ConfUtils.java:logGet(43)) - raft.server.log.force.sync.num = 128 (default)
2019-09-29 11:26:39,415 [pool-438-thread-1] INFO  server.RaftServerConfigKeys (ConfUtils.java:logGet(43)) - raft.server.log.force.sync.num = 128 (default)
2019-09-29 11:26:39,415 [pool-428-thread-1] INFO  server.RaftServerConfigKeys (ConfUtils.java:logGet(43)) - raft.server.log.statemachine.data.sync = true (default)
2019-09-29 11:26:39,415 [pool-438-thread-1] INFO  server.RaftServerConfigKeys (ConfUtils.java:logGet(43)) - raft.server.log.statemachine.data.sync = true (default)
2019-09-29 11:26:39,415 [pool-428-thread-1] INFO  server.RaftServerConfigKeys (ConfUtils.java:logGet(43)) - raft.server.log.statemachine.data.sync.timeout = 10s (default)
2019-09-29 11:26:39,416 [pool-438-thread-1] INFO  server.RaftServerConfigKeys (ConfUtils.java:logGet(43)) - raft.server.log.statemachine.data.sync.timeout = 10s (default)
2019-09-29 11:26:39,416 [pool-428-thread-1] INFO  server.RaftServerConfigKeys (ConfUtils.java:logGet(43)) - raft.server.log.statemachine.data.sync.timeout.retry = -1 (default)
2019-09-29 11:26:39,416 [pool-418-thread-1] INFO  impl.RaftServerImpl (RaftServerImpl.java:start(185)) - d7821b28-18a7-4460-b735-be2c20024ab7@group-42C9F9716FCF: start as a follower, conf=-1: [266f4e38-b438-4944-8569-530d2ae5f6fc:192.168.30.19:46645, d7821b28-18a7-4460-b735-be2c20024ab7:192.168.30.19:45148, c5175ad5-525e-4c2e-832b-1ca15aa9c500:192.168.30.19:40504], old=null
2019-09-29 11:26:39,416 [pool-428-thread-1] INFO  server.RaftServerConfigKeys (ConfUtils.java:logGet(43)) - raft.server.log.statemachine.data.caching.enabled = true (custom)
2019-09-29 11:26:39,416 [pool-438-thread-1] INFO  server.RaftServerConfigKeys (ConfUtils.java:logGet(43)) - raft.server.log.statemachine.data.sync.timeout.retry = -1 (default)
2019-09-29 11:26:39,416 [pool-418-thread-1] INFO  impl.RaftServerImpl (RaftServerImpl.java:setRole(174)) - d7821b28-18a7-4460-b735-be2c20024ab7@group-42C9F9716FCF: changes role from      null to FOLLOWER at term 0 for startAsFollower
2019-09-29 11:26:39,417 [pool-438-thread-1] INFO  server.RaftServerConfigKeys (ConfUtils.java:logGet(43)) - raft.server.log.statemachine.data.caching.enabled = true (custom)
2019-09-29 11:26:39,417 [pool-428-thread-1] INFO  segmented.SegmentedRaftLogWorker (SegmentedRaftLogWorker.java:lambda$new$0(132)) - 266f4e38-b438-4944-8569-530d2ae5f6fc@group-42C9F9716FCF-SegmentedRaftLogWorker: flushIndex: setUnconditionally 0 -> -1
2019-09-29 11:26:39,417 [pool-438-thread-1] INFO  segmented.SegmentedRaftLogWorker (SegmentedRaftLogWorker.java:lambda$new$0(132)) - c5175ad5-525e-4c2e-832b-1ca15aa9c500@group-42C9F9716FCF-SegmentedRaftLogWorker: flushIndex: setUnconditionally 0 -> -1
2019-09-29 11:26:39,417 [pool-418-thread-1] INFO  impl.RoleInfo (RoleInfo.java:updateAndGet(143)) - d7821b28-18a7-4460-b735-be2c20024ab7: start FollowerState
2019-09-29 11:26:39,417 [pool-428-thread-1] INFO  server.RaftServerConfigKeys (ConfUtils.java:logGet(43)) - raft.server.snapshot.auto.trigger.enabled = true (custom)
2019-09-29 11:26:39,417 [pool-438-thread-1] INFO  server.RaftServerConfigKeys (ConfUtils.java:logGet(43)) - raft.server.snapshot.auto.trigger.enabled = true (custom)
2019-09-29 11:26:39,418 [pool-418-thread-1] INFO  util.JmxRegister (JmxRegister.java:tryRegister(44)) - Successfully registered JMX Bean with object name Ratis:service=RaftServer,group=group-42C9F9716FCF,id=d7821b28-18a7-4460-b735-be2c20024ab7
2019-09-29 11:26:39,417 [pool-428-thread-1] INFO  server.RaftServerConfigKeys (ConfUtils.java:logGet(43)) - raft.server.snapshot.auto.trigger.threshold = 10000 (custom)
2019-09-29 11:26:39,418 [pool-438-thread-1] INFO  server.RaftServerConfigKeys (ConfUtils.java:logGet(43)) - raft.server.snapshot.auto.trigger.threshold = 10000 (custom)
2019-09-29 11:26:39,418 [pool-428-thread-1] INFO  server.RaftServerConfigKeys (ConfUtils.java:logGet(43)) - raft.server.snapshot.retention.num.files = 5 (custom)
2019-09-29 11:26:39,418 [pool-438-thread-1] INFO  server.RaftServerConfigKeys (ConfUtils.java:logGet(43)) - raft.server.snapshot.retention.num.files = 5 (custom)
2019-09-29 11:26:39,418 [pool-428-thread-1] INFO  server.RaftServerConfigKeys (ConfUtils.java:logGet(43)) - raft.server.retrycache.expirytime = 600000ms (custom)
2019-09-29 11:26:39,418 [pool-438-thread-1] INFO  server.RaftServerConfigKeys (ConfUtils.java:logGet(43)) - raft.server.retrycache.expirytime = 600000ms (custom)
2019-09-29 11:26:39,421 [pool-428-thread-1] INFO  impl.RaftServerImpl (RaftServerImpl.java:start(185)) - 266f4e38-b438-4944-8569-530d2ae5f6fc@group-42C9F9716FCF: start as a follower, conf=-1: [266f4e38-b438-4944-8569-530d2ae5f6fc:192.168.30.19:46645, d7821b28-18a7-4460-b735-be2c20024ab7:192.168.30.19:45148, c5175ad5-525e-4c2e-832b-1ca15aa9c500:192.168.30.19:40504], old=null
2019-09-29 11:26:39,421 [pool-428-thread-1] INFO  impl.RaftServerImpl (RaftServerImpl.java:setRole(174)) - 266f4e38-b438-4944-8569-530d2ae5f6fc@group-42C9F9716FCF: changes role from      null to FOLLOWER at term 0 for startAsFollower
2019-09-29 11:26:39,421 [pool-438-thread-1] INFO  impl.RaftServerImpl (RaftServerImpl.java:start(185)) - c5175ad5-525e-4c2e-832b-1ca15aa9c500@group-42C9F9716FCF: start as a follower, conf=-1: [266f4e38-b438-4944-8569-530d2ae5f6fc:192.168.30.19:46645, d7821b28-18a7-4460-b735-be2c20024ab7:192.168.30.19:45148, c5175ad5-525e-4c2e-832b-1ca15aa9c500:192.168.30.19:40504], old=null
2019-09-29 11:26:39,421 [pool-428-thread-1] INFO  impl.RoleInfo (RoleInfo.java:updateAndGet(143)) - 266f4e38-b438-4944-8569-530d2ae5f6fc: start FollowerState
2019-09-29 11:26:39,421 [pool-438-thread-1] INFO  impl.RaftServerImpl (RaftServerImpl.java:setRole(174)) - c5175ad5-525e-4c2e-832b-1ca15aa9c500@group-42C9F9716FCF: changes role from      null to FOLLOWER at term 0 for startAsFollower
2019-09-29 11:26:39,422 [pool-438-thread-1] INFO  impl.RoleInfo (RoleInfo.java:updateAndGet(143)) - c5175ad5-525e-4c2e-832b-1ca15aa9c500: start FollowerState
2019-09-29 11:26:39,422 [pool-428-thread-1] INFO  util.JmxRegister (JmxRegister.java:tryRegister(44)) - Successfully registered JMX Bean with object name Ratis:service=RaftServer,group=group-42C9F9716FCF,id=266f4e38-b438-4944-8569-530d2ae5f6fc
2019-09-29 11:26:39,422 [pool-438-thread-1] INFO  util.JmxRegister (JmxRegister.java:tryRegister(44)) - Successfully registered JMX Bean with object name Ratis:service=RaftServer,group=group-42C9F9716FCF,id=c5175ad5-525e-4c2e-832b-1ca15aa9c500
2019-09-29 11:26:39,424 [RatisPipelineUtilsThread] INFO  pipeline.PipelineStateManager (PipelineStateManager.java:addPipeline(56)) - Created pipeline Pipeline[ Id: 744628ef-d102-4b54-8099-42c9f9716fcf, Nodes: d7821b28-18a7-4460-b735-be2c20024ab7{ip: 192.168.30.19, host: pr-hdds-1569-lsfh5-224679870, networkLocation: /default-rack, certSerialId: null}266f4e38-b438-4944-8569-530d2ae5f6fc{ip: 192.168.30.19, host: pr-hdds-1569-lsfh5-224679870, networkLocation: /default-rack, certSerialId: null}c5175ad5-525e-4c2e-832b-1ca15aa9c500{ip: 192.168.30.19, host: pr-hdds-1569-lsfh5-224679870, networkLocation: /default-rack, certSerialId: null}, Type:RATIS, Factor:THREE, State:OPEN]
2019-09-29 11:26:39,432 [grpc-default-executor-26] INFO  impl.RaftServerProxy (RaftServerProxy.java:addNew(89)) - c5175ad5-525e-4c2e-832b-1ca15aa9c500: addNew group-0F923E1C8F14:[266f4e38-b438-4944-8569-530d2ae5f6fc:192.168.30.19:46645, d7821b28-18a7-4460-b735-be2c20024ab7:192.168.30.19:45148, c5175ad5-525e-4c2e-832b-1ca15aa9c500:192.168.30.19:40504] returns group-0F923E1C8F14:java.util.concurrent.CompletableFuture@30894b56[Not completed]
2019-09-29 11:26:39,432 [grpc-default-executor-19] INFO  impl.RaftServerProxy (RaftServerProxy.java:addNew(89)) - d7821b28-18a7-4460-b735-be2c20024ab7: addNew group-0F923E1C8F14:[266f4e38-b438-4944-8569-530d2ae5f6fc:192.168.30.19:46645, d7821b28-18a7-4460-b735-be2c20024ab7:192.168.30.19:45148, c5175ad5-525e-4c2e-832b-1ca15aa9c500:192.168.30.19:40504] returns group-0F923E1C8F14:java.util.concurrent.CompletableFuture@7d29ee5c[Not completed]
2019-09-29 11:26:39,432 [grpc-default-executor-27] INFO  impl.RaftServerProxy (RaftServerProxy.java:addNew(89)) - 266f4e38-b438-4944-8569-530d2ae5f6fc: addNew group-0F923E1C8F14:[266f4e38-b438-4944-8569-530d2ae5f6fc:192.168.30.19:46645, d7821b28-18a7-4460-b735-be2c20024ab7:192.168.30.19:45148, c5175ad5-525e-4c2e-832b-1ca15aa9c500:192.168.30.19:40504] returns group-0F923E1C8F14:java.util.concurrent.CompletableFuture@5cdbbdf3[Not completed]
2019-09-29 11:26:39,433 [pool-418-thread-1] INFO  impl.RaftServerImpl (RaftServerImpl.java:<init>(95)) - d7821b28-18a7-4460-b735-be2c20024ab7: new RaftServerImpl for group-0F923E1C8F14:[266f4e38-b438-4944-8569-530d2ae5f6fc:192.168.30.19:46645, d7821b28-18a7-4460-b735-be2c20024ab7:192.168.30.19:45148, c5175ad5-525e-4c2e-832b-1ca15aa9c500:192.168.30.19:40504] with ContainerStateMachine:uninitialized
2019-09-29 11:26:39,433 [pool-418-thread-1] INFO  server.RaftServerConfigKeys (ConfUtils.java:logGet(43)) - raft.server.rpc.timeout.min = 5s (custom)
2019-09-29 11:26:39,433 [pool-418-thread-1] INFO  server.RaftServerConfigKeys (ConfUtils.java:logGet(43)) - raft.server.rpc.timeout.max = 5200ms (custom)
2019-09-29 11:26:39,433 [pool-418-thread-1] INFO  server.RaftServerConfigKeys (ConfUtils.java:logGet(43)) - raft.server.rpcslowness.timeout = 120s (custom)
2019-09-29 11:26:39,433 [pool-418-thread-1] INFO  server.RaftServerConfigKeys (ConfUtils.java:logGet(43)) - raft.server.sleep.deviation.threshold = 300 (default)
2019-09-29 11:26:39,433 [pool-428-thread-1] INFO  impl.RaftServerImpl (RaftServerImpl.java:<init>(95)) - 266f4e38-b438-4944-8569-530d2ae5f6fc: new RaftServerImpl for group-0F923E1C8F14:[266f4e38-b438-4944-8569-530d2ae5f6fc:192.168.30.19:46645, d7821b28-18a7-4460-b735-be2c20024ab7:192.168.30.19:45148, c5175ad5-525e-4c2e-832b-1ca15aa9c500:192.168.30.19:40504] with ContainerStateMachine:uninitialized
2019-09-29 11:26:39,433 [pool-418-thread-1] INFO  server.RaftServerConfigKeys (ConfUtils.java:logGet(43)) - raft.server.log.appender.install.snapshot.enabled = false (custom)
2019-09-29 11:26:39,434 [pool-428-thread-1] INFO  server.RaftServerConfigKeys (ConfUtils.java:logGet(43)) - raft.server.rpc.timeout.min = 5s (custom)
2019-09-29 11:26:39,434 [pool-418-thread-1] INFO  impl.RaftServerImpl (ServerState.java:<init>(103)) - d7821b28-18a7-4460-b735-be2c20024ab7@group-0F923E1C8F14: ConfigurationManager, init=-1: [266f4e38-b438-4944-8569-530d2ae5f6fc:192.168.30.19:46645, d7821b28-18a7-4460-b735-be2c20024ab7:192.168.30.19:45148, c5175ad5-525e-4c2e-832b-1ca15aa9c500:192.168.30.19:40504], old=null, confs=<EMPTY_MAP>
2019-09-29 11:26:39,434 [pool-438-thread-1] INFO  impl.RaftServerImpl (RaftServerImpl.java:<init>(95)) - c5175ad5-525e-4c2e-832b-1ca15aa9c500: new RaftServerImpl for group-0F923E1C8F14:[266f4e38-b438-4944-8569-530d2ae5f6fc:192.168.30.19:46645, d7821b28-18a7-4460-b735-be2c20024ab7:192.168.30.19:45148, c5175ad5-525e-4c2e-832b-1ca15aa9c500:192.168.30.19:40504] with ContainerStateMachine:uninitialized
2019-09-29 11:26:39,434 [pool-428-thread-1] INFO  server.RaftServerConfigKeys (ConfUtils.java:logGet(43)) - raft.server.rpc.timeout.max = 5200ms (custom)
2019-09-29 11:26:39,434 [pool-438-thread-1] INFO  server.RaftServerConfigKeys (ConfUtils.java:logGet(43)) - raft.server.rpc.timeout.min = 5s (custom)
2019-09-29 11:26:39,434 [pool-418-thread-1] INFO  server.RaftServerConfigKeys (ConfUtils.java:logGet(43)) - raft.server.storage.dir = [/workdir/hadoop-ozone/integration-test/target/test-dir/MiniOzoneClusterImpl-f848b852-1aaf-4c40-a29c-4c10b1dc7f95/datanode-1/data/ratis] (custom)
2019-09-29 11:26:39,434 [pool-438-thread-1] INFO  server.RaftServerConfigKeys (ConfUtils.java:logGet(43)) - raft.server.rpc.timeout.max = 5200ms (custom)
2019-09-29 11:26:39,434 [pool-428-thread-1] INFO  server.RaftServerConfigKeys (ConfUtils.java:logGet(43)) - raft.server.rpcslowness.timeout = 120s (custom)
2019-09-29 11:26:39,434 [pool-438-thread-1] INFO  server.RaftServerConfigKeys (ConfUtils.java:logGet(43)) - raft.server.rpcslowness.timeout = 120s (custom)
2019-09-29 11:26:39,435 [pool-428-thread-1] INFO  server.RaftServerConfigKeys (ConfUtils.java:logGet(43)) - raft.server.sleep.deviation.threshold = 300 (default)
2019-09-29 11:26:39,435 [pool-418-thread-1] INFO  storage.RaftStorageDirectory (RaftStorageDirectory.java:analyzeStorage(246)) - The storage directory /workdir/hadoop-ozone/integration-test/target/test-dir/MiniOzoneClusterImpl-f848b852-1aaf-4c40-a29c-4c10b1dc7f95/datanode-1/data/ratis/cd57b1db-4d38-4f1f-9bb0-0f923e1c8f14 does not exist. Creating ...
2019-09-29 11:26:39,435 [pool-428-thread-1] INFO  server.RaftServerConfigKeys (ConfUtils.java:logGet(43)) - raft.server.log.appender.install.snapshot.enabled = false (custom)
2019-09-29 11:26:39,435 [pool-438-thread-1] INFO  server.RaftServerConfigKeys (ConfUtils.java:logGet(43)) - raft.server.sleep.deviation.threshold = 300 (default)
2019-09-29 11:26:39,435 [pool-428-thread-1] INFO  impl.RaftServerImpl (ServerState.java:<init>(103)) - 266f4e38-b438-4944-8569-530d2ae5f6fc@group-0F923E1C8F14: ConfigurationManager, init=-1: [266f4e38-b438-4944-8569-530d2ae5f6fc:192.168.30.19:46645, d7821b28-18a7-4460-b735-be2c20024ab7:192.168.30.19:45148, c5175ad5-525e-4c2e-832b-1ca15aa9c500:192.168.30.19:40504], old=null, confs=<EMPTY_MAP>
2019-09-29 11:26:39,435 [pool-438-thread-1] INFO  server.RaftServerConfigKeys (ConfUtils.java:logGet(43)) - raft.server.log.appender.install.snapshot.enabled = false (custom)
2019-09-29 11:26:39,435 [pool-428-thread-1] INFO  server.RaftServerConfigKeys (ConfUtils.java:logGet(43)) - raft.server.storage.dir = [/workdir/hadoop-ozone/integration-test/target/test-dir/MiniOzoneClusterImpl-f848b852-1aaf-4c40-a29c-4c10b1dc7f95/datanode-2/data/ratis] (custom)
2019-09-29 11:26:39,435 [pool-438-thread-1] INFO  impl.RaftServerImpl (ServerState.java:<init>(103)) - c5175ad5-525e-4c2e-832b-1ca15aa9c500@group-0F923E1C8F14: ConfigurationManager, init=-1: [266f4e38-b438-4944-8569-530d2ae5f6fc:192.168.30.19:46645, d7821b28-18a7-4460-b735-be2c20024ab7:192.168.30.19:45148, c5175ad5-525e-4c2e-832b-1ca15aa9c500:192.168.30.19:40504], old=null, confs=<EMPTY_MAP>
2019-09-29 11:26:39,436 [pool-438-thread-1] INFO  server.RaftServerConfigKeys (ConfUtils.java:logGet(43)) - raft.server.storage.dir = [/workdir/hadoop-ozone/integration-test/target/test-dir/MiniOzoneClusterImpl-f848b852-1aaf-4c40-a29c-4c10b1dc7f95/datanode-3/data/ratis] (custom)
2019-09-29 11:26:39,436 [pool-428-thread-1] INFO  storage.RaftStorageDirectory (RaftStorageDirectory.java:analyzeStorage(246)) - The storage directory /workdir/hadoop-ozone/integration-test/target/test-dir/MiniOzoneClusterImpl-f848b852-1aaf-4c40-a29c-4c10b1dc7f95/datanode-2/data/ratis/cd57b1db-4d38-4f1f-9bb0-0f923e1c8f14 does not exist. Creating ...
2019-09-29 11:26:39,436 [pool-438-thread-1] INFO  storage.RaftStorageDirectory (RaftStorageDirectory.java:analyzeStorage(246)) - The storage directory /workdir/hadoop-ozone/integration-test/target/test-dir/MiniOzoneClusterImpl-f848b852-1aaf-4c40-a29c-4c10b1dc7f95/datanode-3/data/ratis/cd57b1db-4d38-4f1f-9bb0-0f923e1c8f14 does not exist. Creating ...
2019-09-29 11:26:39,457 [pool-418-thread-1] INFO  storage.RaftStorageDirectory (RaftStorageDirectory.java:tryLock(328)) - Lock on /workdir/hadoop-ozone/integration-test/target/test-dir/MiniOzoneClusterImpl-f848b852-1aaf-4c40-a29c-4c10b1dc7f95/datanode-1/data/ratis/cd57b1db-4d38-4f1f-9bb0-0f923e1c8f14/in_use.lock acquired by nodename 31535@pr-hdds-1569-lsfh5-224679870
2019-09-29 11:26:39,457 [pool-428-thread-1] INFO  storage.RaftStorageDirectory (RaftStorageDirectory.java:tryLock(328)) - Lock on /workdir/hadoop-ozone/integration-test/target/test-dir/MiniOzoneClusterImpl-f848b852-1aaf-4c40-a29c-4c10b1dc7f95/datanode-2/data/ratis/cd57b1db-4d38-4f1f-9bb0-0f923e1c8f14/in_use.lock acquired by nodename 31535@pr-hdds-1569-lsfh5-224679870
2019-09-29 11:26:39,457 [pool-438-thread-1] INFO  storage.RaftStorageDirectory (RaftStorageDirectory.java:tryLock(328)) - Lock on /workdir/hadoop-ozone/integration-test/target/test-dir/MiniOzoneClusterImpl-f848b852-1aaf-4c40-a29c-4c10b1dc7f95/datanode-3/data/ratis/cd57b1db-4d38-4f1f-9bb0-0f923e1c8f14/in_use.lock acquired by nodename 31535@pr-hdds-1569-lsfh5-224679870
2019-09-29 11:26:39,483 [pool-428-thread-1] INFO  storage.RaftStorage (RaftStorage.java:format(72)) - Storage directory /workdir/hadoop-ozone/integration-test/target/test-dir/MiniOzoneClusterImpl-f848b852-1aaf-4c40-a29c-4c10b1dc7f95/datanode-2/data/ratis/cd57b1db-4d38-4f1f-9bb0-0f923e1c8f14 has been successfully formatted.
2019-09-29 11:26:39,483 [pool-418-thread-1] INFO  storage.RaftStorage (RaftStorage.java:format(72)) - Storage directory /workdir/hadoop-ozone/integration-test/target/test-dir/MiniOzoneClusterImpl-f848b852-1aaf-4c40-a29c-4c10b1dc7f95/datanode-1/data/ratis/cd57b1db-4d38-4f1f-9bb0-0f923e1c8f14 has been successfully formatted.
2019-09-29 11:26:39,483 [pool-438-thread-1] INFO  storage.RaftStorage (RaftStorage.java:format(72)) - Storage directory /workdir/hadoop-ozone/integration-test/target/test-dir/MiniOzoneClusterImpl-f848b852-1aaf-4c40-a29c-4c10b1dc7f95/datanode-3/data/ratis/cd57b1db-4d38-4f1f-9bb0-0f923e1c8f14 has been successfully formatted.
2019-09-29 11:26:39,484 [pool-418-thread-1] INFO  ratis.ContainerStateMachine (ContainerStateMachine.java:loadSnapshot(230)) - group-0F923E1C8F14: The snapshot info is null. Setting the last applied indexto:(t:0, i:~)
2019-09-29 11:26:39,484 [pool-428-thread-1] INFO  ratis.ContainerStateMachine (ContainerStateMachine.java:loadSnapshot(230)) - group-0F923E1C8F14: The snapshot info is null. Setting the last applied indexto:(t:0, i:~)
2019-09-29 11:26:39,484 [pool-418-thread-1] INFO  server.RaftServerConfigKeys (ConfUtils.java:logGet(43)) - raft.server.notification.no-leader.timeout = 120s (custom)
2019-09-29 11:26:39,484 [pool-438-thread-1] INFO  ratis.ContainerStateMachine (ContainerStateMachine.java:loadSnapshot(230)) - group-0F923E1C8F14: The snapshot info is null. Setting the last applied indexto:(t:0, i:~)
2019-09-29 11:26:39,485 [pool-418-thread-1] INFO  server.RaftServerConfigKeys (ConfUtils.java:logGet(43)) - raft.server.log.use.memory = false (default)
2019-09-29 11:26:39,485 [pool-428-thread-1] INFO  server.RaftServerConfigKeys (ConfUtils.java:logGet(43)) - raft.server.notification.no-leader.timeout = 120s (custom)
2019-09-29 11:26:39,485 [pool-418-thread-1] INFO  server.RaftServerConfigKeys (ConfUtils.java:logGet(43)) - raft.server.log.purge.gap = 1000000 (custom)
2019-09-29 11:26:39,485 [pool-438-thread-1] INFO  server.RaftServerConfigKeys (ConfUtils.java:logGet(43)) - raft.server.notification.no-leader.timeout = 120s (custom)
2019-09-29 11:26:39,486 [pool-418-thread-1] INFO  server.RaftServerConfigKeys (ConfUtils.java:logGet(43)) - raft.server.log.appender.buffer.byte-limit = 33554432 (custom)
2019-09-29 11:26:39,485 [pool-428-thread-1] INFO  server.RaftServerConfigKeys (ConfUtils.java:logGet(43)) - raft.server.log.use.memory = false (default)
2019-09-29 11:26:39,486 [pool-418-thread-1] INFO  server.RaftServerConfigKeys (ConfUtils.java:logGet(43)) - raft.server.log.segment.size.max = 1048576 (custom)
2019-09-29 11:26:39,486 [pool-438-thread-1] INFO  server.RaftServerConfigKeys (ConfUtils.java:logGet(43)) - raft.server.log.use.memory = false (default)
2019-09-29 11:26:39,486 [pool-418-thread-1] INFO  server.RaftServerConfigKeys (ConfUtils.java:logGet(43)) - raft.server.log.segment.cache.num.max = 2 (custom)
2019-09-29 11:26:39,486 [pool-428-thread-1] INFO  server.RaftServerConfigKeys (ConfUtils.java:logGet(43)) - raft.server.log.purge.gap = 1000000 (custom)
2019-09-29 11:26:39,486 [pool-418-thread-1] INFO  segmented.SegmentedRaftLogWorker (SegmentedRaftLogWorker.java:<init>(172)) - new d7821b28-18a7-4460-b735-be2c20024ab7@group-0F923E1C8F14-SegmentedRaftLogWorker for RaftStorage:Storage Directory /workdir/hadoop-ozone/integration-test/target/test-dir/MiniOzoneClusterImpl-f848b852-1aaf-4c40-a29c-4c10b1dc7f95/datanode-1/data/ratis/cd57b1db-4d38-4f1f-9bb0-0f923e1c8f14
2019-09-29 11:26:39,486 [pool-438-thread-1] INFO  server.RaftServerConfigKeys (ConfUtils.java:logGet(43)) - raft.server.log.purge.gap = 1000000 (custom)
2019-09-29 11:26:39,487 [pool-418-thread-1] INFO  server.RaftServerConfigKeys (ConfUtils.java:logGet(43)) - raft.server.log.queue.byte-limit = 2147483647 (custom)
2019-09-29 11:26:39,487 [pool-428-thread-1] INFO  server.RaftServerConfigKeys (ConfUtils.java:logGet(43)) - raft.server.log.appender.buffer.byte-limit = 33554432 (custom)
2019-09-29 11:26:39,487 [pool-418-thread-1] INFO  server.RaftServerConfigKeys (ConfUtils.java:logGet(43)) - raft.server.log.queue.element-limit = 1024 (custom)
2019-09-29 11:26:39,487 [pool-438-thread-1] INFO  server.RaftServerConfigKeys (ConfUtils.java:logGet(43)) - raft.server.log.appender.buffer.byte-limit = 33554432 (custom)
2019-09-29 11:26:39,487 [pool-418-thread-1] INFO  server.RaftServerConfigKeys (ConfUtils.java:logGet(43)) - raft.server.log.segment.size.max = 1048576 (custom)
2019-09-29 11:26:39,487 [pool-428-thread-1] INFO  server.RaftServerConfigKeys (ConfUtils.java:logGet(43)) - raft.server.log.segment.size.max = 1048576 (custom)
2019-09-29 11:26:39,488 [pool-418-thread-1] INFO  server.RaftServerConfigKeys (ConfUtils.java:logGet(43)) - raft.server.log.preallocated.size = 16384 (custom)
2019-09-29 11:26:39,487 [pool-438-thread-1] INFO  server.RaftServerConfigKeys (ConfUtils.java:logGet(43)) - raft.server.log.segment.size.max = 1048576 (custom)
2019-09-29 11:26:39,488 [pool-418-thread-1] INFO  server.RaftServerConfigKeys (ConfUtils.java:logGet(43)) - raft.server.log.write.buffer.size = 33554432 (custom)
2019-09-29 11:26:39,488 [pool-428-thread-1] INFO  server.RaftServerConfigKeys (ConfUtils.java:logGet(43)) - raft.server.log.segment.cache.num.max = 2 (custom)
2019-09-29 11:26:39,488 [pool-418-thread-1] INFO  server.RaftServerConfigKeys (ConfUtils.java:logGet(43)) - raft.server.log.force.sync.num = 128 (default)
2019-09-29 11:26:39,488 [pool-438-thread-1] INFO  server.RaftServerConfigKeys (ConfUtils.java:logGet(43)) - raft.server.log.segment.cache.num.max = 2 (custom)
2019-09-29 11:26:39,488 [pool-418-thread-1] INFO  server.RaftServerConfigKeys (ConfUtils.java:logGet(43)) - raft.server.log.statemachine.data.sync = true (default)
2019-09-29 11:26:39,488 [pool-428-thread-1] INFO  segmented.SegmentedRaftLogWorker (SegmentedRaftLogWorker.java:<init>(172)) - new 266f4e38-b438-4944-8569-530d2ae5f6fc@group-0F923E1C8F14-SegmentedRaftLogWorker for RaftStorage:Storage Directory /workdir/hadoop-ozone/integration-test/target/test-dir/MiniOzoneClusterImpl-f848b852-1aaf-4c40-a29c-4c10b1dc7f95/datanode-2/data/ratis/cd57b1db-4d38-4f1f-9bb0-0f923e1c8f14
2019-09-29 11:26:39,489 [pool-418-thread-1] INFO  server.RaftServerConfigKeys (ConfUtils.java:logGet(43)) - raft.server.log.statemachine.data.sync.timeout = 10s (default)
2019-09-29 11:26:39,489 [pool-438-thread-1] INFO  segmented.SegmentedRaftLogWorker (SegmentedRaftLogWorker.java:<init>(172)) - new c5175ad5-525e-4c2e-832b-1ca15aa9c500@group-0F923E1C8F14-SegmentedRaftLogWorker for RaftStorage:Storage Directory /workdir/hadoop-ozone/integration-test/target/test-dir/MiniOzoneClusterImpl-f848b852-1aaf-4c40-a29c-4c10b1dc7f95/datanode-3/data/ratis/cd57b1db-4d38-4f1f-9bb0-0f923e1c8f14
2019-09-29 11:26:39,489 [pool-418-thread-1] INFO  server.RaftServerConfigKeys (ConfUtils.java:logGet(43)) - raft.server.log.statemachine.data.sync.timeout.retry = -1 (default)
2019-09-29 11:26:39,489 [pool-428-thread-1] INFO  server.RaftServerConfigKeys (ConfUtils.java:logGet(43)) - raft.server.log.queue.byte-limit = 2147483647 (custom)
2019-09-29 11:26:39,490 [pool-418-thread-1] INFO  server.RaftServerConfigKeys (ConfUtils.java:logGet(43)) - raft.server.log.statemachine.data.caching.enabled = true (custom)
2019-09-29 11:26:39,490 [pool-438-thread-1] INFO  server.RaftServerConfigKeys (ConfUtils.java:logGet(43)) - raft.server.log.queue.byte-limit = 2147483647 (custom)
2019-09-29 11:26:39,490 [pool-428-thread-1] INFO  server.RaftServerConfigKeys (ConfUtils.java:logGet(43)) - raft.server.log.queue.element-limit = 1024 (custom)
2019-09-29 11:26:39,490 [pool-418-thread-1] INFO  segmented.SegmentedRaftLogWorker (SegmentedRaftLogWorker.java:lambda$new$0(132)) - d7821b28-18a7-4460-b735-be2c20024ab7@group-0F923E1C8F14-SegmentedRaftLogWorker: flushIndex: setUnconditionally 0 -> -1
2019-09-29 11:26:39,490 [pool-438-thread-1] INFO  server.RaftServerConfigKeys (ConfUtils.java:logGet(43)) - raft.server.log.queue.element-limit = 1024 (custom)
2019-09-29 11:26:39,490 [pool-428-thread-1] INFO  server.RaftServerConfigKeys (ConfUtils.java:logGet(43)) - raft.server.log.segment.size.max = 1048576 (custom)
2019-09-29 11:26:39,491 [pool-418-thread-1] INFO  server.RaftServerConfigKeys (ConfUtils.java:logGet(43)) - raft.server.snapshot.auto.trigger.enabled = true (custom)
2019-09-29 11:26:39,491 [pool-438-thread-1] INFO  server.RaftServerConfigKeys (ConfUtils.java:logGet(43)) - raft.server.log.segment.size.max = 1048576 (custom)
2019-09-29 11:26:39,491 [pool-418-thread-1] INFO  server.RaftServerConfigKeys (ConfUtils.java:logGet(43)) - raft.server.snapshot.auto.trigger.threshold = 10000 (custom)
2019-09-29 11:26:39,491 [pool-428-thread-1] INFO  server.RaftServerConfigKeys (ConfUtils.java:logGet(43)) - raft.server.log.preallocated.size = 16384 (custom)
2019-09-29 11:26:39,491 [pool-418-thread-1] INFO  server.RaftServerConfigKeys (ConfUtils.java:logGet(43)) - raft.server.snapshot.retention.num.files = 5 (custom)
2019-09-29 11:26:39,491 [pool-438-thread-1] INFO  server.RaftServerConfigKeys (ConfUtils.java:logGet(43)) - raft.server.log.preallocated.size = 16384 (custom)
2019-09-29 11:26:39,491 [pool-418-thread-1] INFO  server.RaftServerConfigKeys (ConfUtils.java:logGet(43)) - raft.server.retrycache.expirytime = 600000ms (custom)
2019-09-29 11:26:39,491 [pool-428-thread-1] INFO  server.RaftServerConfigKeys (ConfUtils.java:logGet(43)) - raft.server.log.write.buffer.size = 33554432 (custom)
2019-09-29 11:26:39,491 [pool-438-thread-1] INFO  server.RaftServerConfigKeys (ConfUtils.java:logGet(43)) - raft.server.log.write.buffer.size = 33554432 (custom)
2019-09-29 11:26:39,492 [pool-428-thread-1] INFO  server.RaftServerConfigKeys (ConfUtils.java:logGet(43)) - raft.server.log.force.sync.num = 128 (default)
2019-09-29 11:26:39,492 [pool-438-thread-1] INFO  server.RaftServerConfigKeys (ConfUtils.java:logGet(43)) - raft.server.log.force.sync.num = 128 (default)
2019-09-29 11:26:39,492 [pool-428-thread-1] INFO  server.RaftServerConfigKeys (ConfUtils.java:logGet(43)) - raft.server.log.statemachine.data.sync = true (default)
2019-09-29 11:26:39,492 [pool-438-thread-1] INFO  server.RaftServerConfigKeys (ConfUtils.java:logGet(43)) - raft.server.log.statemachine.data.sync = true (default)
2019-09-29 11:26:39,492 [pool-428-thread-1] INFO  server.RaftServerConfigKeys (ConfUtils.java:logGet(43)) - raft.server.log.statemachine.data.sync.timeout = 10s (default)
2019-09-29 11:26:39,492 [pool-438-thread-1] INFO  server.RaftServerConfigKeys (ConfUtils.java:logGet(43)) - raft.server.log.statemachine.data.sync.timeout = 10s (default)
2019-09-29 11:26:39,492 [pool-428-thread-1] INFO  server.RaftServerConfigKeys (ConfUtils.java:logGet(43)) - raft.server.log.statemachine.data.sync.timeout.retry = -1 (default)
2019-09-29 11:26:39,493 [pool-438-thread-1] INFO  server.RaftServerConfigKeys (ConfUtils.java:logGet(43)) - raft.server.log.statemachine.data.sync.timeout.retry = -1 (default)
2019-09-29 11:26:39,493 [pool-428-thread-1] INFO  server.RaftServerConfigKeys (ConfUtils.java:logGet(43)) - raft.server.log.statemachine.data.caching.enabled = true (custom)
2019-09-29 11:26:39,493 [pool-438-thread-1] INFO  server.RaftServerConfigKeys (ConfUtils.java:logGet(43)) - raft.server.log.statemachine.data.caching.enabled = true (custom)
2019-09-29 11:26:39,493 [pool-428-thread-1] INFO  segmented.SegmentedRaftLogWorker (SegmentedRaftLogWorker.java:lambda$new$0(132)) - 266f4e38-b438-4944-8569-530d2ae5f6fc@group-0F923E1C8F14-SegmentedRaftLogWorker: flushIndex: setUnconditionally 0 -> -1
2019-09-29 11:26:39,493 [pool-438-thread-1] INFO  segmented.SegmentedRaftLogWorker (SegmentedRaftLogWorker.java:lambda$new$0(132)) - c5175ad5-525e-4c2e-832b-1ca15aa9c500@group-0F923E1C8F14-SegmentedRaftLogWorker: flushIndex: setUnconditionally 0 -> -1
2019-09-29 11:26:39,493 [pool-418-thread-1] INFO  impl.RaftServerImpl (RaftServerImpl.java:start(185)) - d7821b28-18a7-4460-b735-be2c20024ab7@group-0F923E1C8F14: start as a follower, conf=-1: [266f4e38-b438-4944-8569-530d2ae5f6fc:192.168.30.19:46645, d7821b28-18a7-4460-b735-be2c20024ab7:192.168.30.19:45148, c5175ad5-525e-4c2e-832b-1ca15aa9c500:192.168.30.19:40504], old=null
2019-09-29 11:26:39,493 [pool-438-thread-1] INFO  server.RaftServerConfigKeys (ConfUtils.java:logGet(43)) - raft.server.snapshot.auto.trigger.enabled = true (custom)
2019-09-29 11:26:39,493 [pool-428-thread-1] INFO  server.RaftServerConfigKeys (ConfUtils.java:logGet(43)) - raft.server.snapshot.auto.trigger.enabled = true (custom)
2019-09-29 11:26:39,494 [pool-438-thread-1] INFO  server.RaftServerConfigKeys (ConfUtils.java:logGet(43)) - raft.server.snapshot.auto.trigger.threshold = 10000 (custom)
2019-09-29 11:26:39,493 [pool-418-thread-1] INFO  impl.RaftServerImpl (RaftServerImpl.java:setRole(174)) - d7821b28-18a7-4460-b735-be2c20024ab7@group-0F923E1C8F14: changes role from      null to FOLLOWER at term 0 for startAsFollower
2019-09-29 11:26:39,494 [pool-438-thread-1] INFO  server.RaftServerConfigKeys (ConfUtils.java:logGet(43)) - raft.server.snapshot.retention.num.files = 5 (custom)
2019-09-29 11:26:39,494 [pool-428-thread-1] INFO  server.RaftServerConfigKeys (ConfUtils.java:logGet(43)) - raft.server.snapshot.auto.trigger.threshold = 10000 (custom)
2019-09-29 11:26:39,494 [pool-438-thread-1] INFO  server.RaftServerConfigKeys (ConfUtils.java:logGet(43)) - raft.server.retrycache.expirytime = 600000ms (custom)
2019-09-29 11:26:39,494 [pool-418-thread-1] INFO  impl.RoleInfo (RoleInfo.java:updateAndGet(143)) - d7821b28-18a7-4460-b735-be2c20024ab7: start FollowerState
2019-09-29 11:26:39,494 [pool-428-thread-1] INFO  server.RaftServerConfigKeys (ConfUtils.java:logGet(43)) - raft.server.snapshot.retention.num.files = 5 (custom)
2019-09-29 11:26:39,495 [pool-428-thread-1] INFO  server.RaftServerConfigKeys (ConfUtils.java:logGet(43)) - raft.server.retrycache.expirytime = 600000ms (custom)
2019-09-29 11:26:39,495 [pool-418-thread-1] INFO  util.JmxRegister (JmxRegister.java:tryRegister(44)) - Successfully registered JMX Bean with object name Ratis:service=RaftServer,group=group-0F923E1C8F14,id=d7821b28-18a7-4460-b735-be2c20024ab7
2019-09-29 11:26:39,495 [pool-438-thread-1] INFO  impl.RaftServerImpl (RaftServerImpl.java:start(185)) - c5175ad5-525e-4c2e-832b-1ca15aa9c500@group-0F923E1C8F14: start as a follower, conf=-1: [266f4e38-b438-4944-8569-530d2ae5f6fc:192.168.30.19:46645, d7821b28-18a7-4460-b735-be2c20024ab7:192.168.30.19:45148, c5175ad5-525e-4c2e-832b-1ca15aa9c500:192.168.30.19:40504], old=null
2019-09-29 11:26:39,495 [pool-438-thread-1] INFO  impl.RaftServerImpl (RaftServerImpl.java:setRole(174)) - c5175ad5-525e-4c2e-832b-1ca15aa9c500@group-0F923E1C8F14: changes role from      null to FOLLOWER at term 0 for startAsFollower
2019-09-29 11:26:39,496 [pool-438-thread-1] INFO  impl.RoleInfo (RoleInfo.java:updateAndGet(143)) - c5175ad5-525e-4c2e-832b-1ca15aa9c500: start FollowerState
2019-09-29 11:26:39,496 [pool-438-thread-1] INFO  util.JmxRegister (JmxRegister.java:tryRegister(44)) - Successfully registered JMX Bean with object name Ratis:service=RaftServer,group=group-0F923E1C8F14,id=c5175ad5-525e-4c2e-832b-1ca15aa9c500
2019-09-29 11:26:39,497 [pool-428-thread-1] INFO  impl.RaftServerImpl (RaftServerImpl.java:start(185)) - 266f4e38-b438-4944-8569-530d2ae5f6fc@group-0F923E1C8F14: start as a follower, conf=-1: [266f4e38-b438-4944-8569-530d2ae5f6fc:192.168.30.19:46645, d7821b28-18a7-4460-b735-be2c20024ab7:192.168.30.19:45148, c5175ad5-525e-4c2e-832b-1ca15aa9c500:192.168.30.19:40504], old=null
2019-09-29 11:26:39,497 [pool-428-thread-1] INFO  impl.RaftServerImpl (RaftServerImpl.java:setRole(174)) - 266f4e38-b438-4944-8569-530d2ae5f6fc@group-0F923E1C8F14: changes role from      null to FOLLOWER at term 0 for startAsFollower
2019-09-29 11:26:39,497 [pool-428-thread-1] INFO  impl.RoleInfo (RoleInfo.java:updateAndGet(143)) - 266f4e38-b438-4944-8569-530d2ae5f6fc: start FollowerState
2019-09-29 11:26:39,498 [pool-428-thread-1] INFO  util.JmxRegister (JmxRegister.java:tryRegister(44)) - Successfully registered JMX Bean with object name Ratis:service=RaftServer,group=group-0F923E1C8F14,id=266f4e38-b438-4944-8569-530d2ae5f6fc
2019-09-29 11:26:39,499 [RatisPipelineUtilsThread] INFO  pipeline.PipelineStateManager (PipelineStateManager.java:addPipeline(56)) - Created pipeline Pipeline[ Id: cd57b1db-4d38-4f1f-9bb0-0f923e1c8f14, Nodes: d7821b28-18a7-4460-b735-be2c20024ab7{ip: 192.168.30.19, host: pr-hdds-1569-lsfh5-224679870, networkLocation: /default-rack, certSerialId: null}266f4e38-b438-4944-8569-530d2ae5f6fc{ip: 192.168.30.19, host: pr-hdds-1569-lsfh5-224679870, networkLocation: /default-rack, certSerialId: null}c5175ad5-525e-4c2e-832b-1ca15aa9c500{ip: 192.168.30.19, host: pr-hdds-1569-lsfh5-224679870, networkLocation: /default-rack, certSerialId: null}, Type:RATIS, Factor:THREE, State:OPEN]
2019-09-29 11:26:39,507 [grpc-default-executor-26] INFO  impl.RaftServerProxy (RaftServerProxy.java:addNew(89)) - c5175ad5-525e-4c2e-832b-1ca15aa9c500: addNew group-A84C2D9C10C5:[266f4e38-b438-4944-8569-530d2ae5f6fc:192.168.30.19:46645, d7821b28-18a7-4460-b735-be2c20024ab7:192.168.30.19:45148, c5175ad5-525e-4c2e-832b-1ca15aa9c500:192.168.30.19:40504] returns group-A84C2D9C10C5:java.util.concurrent.CompletableFuture@69366645[Not completed]
2019-09-29 11:26:39,507 [grpc-default-executor-19] INFO  impl.RaftServerProxy (RaftServerProxy.java:addNew(89)) - 266f4e38-b438-4944-8569-530d2ae5f6fc: addNew group-A84C2D9C10C5:[266f4e38-b438-4944-8569-530d2ae5f6fc:192.168.30.19:46645, d7821b28-18a7-4460-b735-be2c20024ab7:192.168.30.19:45148, c5175ad5-525e-4c2e-832b-1ca15aa9c500:192.168.30.19:40504] returns group-A84C2D9C10C5:java.util.concurrent.CompletableFuture@58f72982[Not completed]
2019-09-29 11:26:39,507 [grpc-default-executor-27] INFO  impl.RaftServerProxy (RaftServerProxy.java:addNew(89)) - d7821b28-18a7-4460-b735-be2c20024ab7: addNew group-A84C2D9C10C5:[266f4e38-b438-4944-8569-530d2ae5f6fc:192.168.30.19:46645, d7821b28-18a7-4460-b735-be2c20024ab7:192.168.30.19:45148, c5175ad5-525e-4c2e-832b-1ca15aa9c500:192.168.30.19:40504] returns group-A84C2D9C10C5:java.util.concurrent.CompletableFuture@fd6706f[Not completed]
2019-09-29 11:26:39,508 [pool-428-thread-1] INFO  impl.RaftServerImpl (RaftServerImpl.java:<init>(95)) - 266f4e38-b438-4944-8569-530d2ae5f6fc: new RaftServerImpl for group-A84C2D9C10C5:[266f4e38-b438-4944-8569-530d2ae5f6fc:192.168.30.19:46645, d7821b28-18a7-4460-b735-be2c20024ab7:192.168.30.19:45148, c5175ad5-525e-4c2e-832b-1ca15aa9c500:192.168.30.19:40504] with ContainerStateMachine:uninitialized
2019-09-29 11:26:39,508 [pool-428-thread-1] INFO  server.RaftServerConfigKeys (ConfUtils.java:logGet(43)) - raft.server.rpc.timeout.min = 5s (custom)
2019-09-29 11:26:39,508 [pool-428-thread-1] INFO  server.RaftServerConfigKeys (ConfUtils.java:logGet(43)) - raft.server.rpc.timeout.max = 5200ms (custom)
2019-09-29 11:26:39,508 [pool-428-thread-1] INFO  server.RaftServerConfigKeys (ConfUtils.java:logGet(43)) - raft.server.rpcslowness.timeout = 120s (custom)
2019-09-29 11:26:39,508 [pool-428-thread-1] INFO  server.RaftServerConfigKeys (ConfUtils.java:logGet(43)) - raft.server.sleep.deviation.threshold = 300 (default)
2019-09-29 11:26:39,508 [pool-428-thread-1] INFO  server.RaftServerConfigKeys (ConfUtils.java:logGet(43)) - raft.server.log.appender.install.snapshot.enabled = false (custom)
2019-09-29 11:26:39,508 [pool-418-thread-1] INFO  impl.RaftServerImpl (RaftServerImpl.java:<init>(95)) - d7821b28-18a7-4460-b735-be2c20024ab7: new RaftServerImpl for group-A84C2D9C10C5:[266f4e38-b438-4944-8569-530d2ae5f6fc:192.168.30.19:46645, d7821b28-18a7-4460-b735-be2c20024ab7:192.168.30.19:45148, c5175ad5-525e-4c2e-832b-1ca15aa9c500:192.168.30.19:40504] with ContainerStateMachine:uninitialized
2019-09-29 11:26:39,509 [pool-428-thread-1] INFO  impl.RaftServerImpl (ServerState.java:<init>(103)) - 266f4e38-b438-4944-8569-530d2ae5f6fc@group-A84C2D9C10C5: ConfigurationManager, init=-1: [266f4e38-b438-4944-8569-530d2ae5f6fc:192.168.30.19:46645, d7821b28-18a7-4460-b735-be2c20024ab7:192.168.30.19:45148, c5175ad5-525e-4c2e-832b-1ca15aa9c500:192.168.30.19:40504], old=null, confs=<EMPTY_MAP>
2019-09-29 11:26:39,509 [pool-418-thread-1] INFO  server.RaftServerConfigKeys (ConfUtils.java:logGet(43)) - raft.server.rpc.timeout.min = 5s (custom)
2019-09-29 11:26:39,509 [pool-438-thread-1] INFO  impl.RaftServerImpl (RaftServerImpl.java:<init>(95)) - c5175ad5-525e-4c2e-832b-1ca15aa9c500: new RaftServerImpl for group-A84C2D9C10C5:[266f4e38-b438-4944-8569-530d2ae5f6fc:192.168.30.19:46645, d7821b28-18a7-4460-b735-be2c20024ab7:192.168.30.19:45148, c5175ad5-525e-4c2e-832b-1ca15aa9c500:192.168.30.19:40504] with ContainerStateMachine:uninitialized
2019-09-29 11:26:39,509 [pool-428-thread-1] INFO  server.RaftServerConfigKeys (ConfUtils.java:logGet(43)) - raft.server.storage.dir = [/workdir/hadoop-ozone/integration-test/target/test-dir/MiniOzoneClusterImpl-f848b852-1aaf-4c40-a29c-4c10b1dc7f95/datanode-2/data/ratis] (custom)
2019-09-29 11:26:39,509 [pool-438-thread-1] INFO  server.RaftServerConfigKeys (ConfUtils.java:logGet(43)) - raft.server.rpc.timeout.min = 5s (custom)
2019-09-29 11:26:39,509 [pool-418-thread-1] INFO  server.RaftServerConfigKeys (ConfUtils.java:logGet(43)) - raft.server.rpc.timeout.max = 5200ms (custom)
2019-09-29 11:26:39,509 [pool-438-thread-1] INFO  server.RaftServerConfigKeys (ConfUtils.java:logGet(43)) - raft.server.rpc.timeout.max = 5200ms (custom)
2019-09-29 11:26:39,509 [pool-428-thread-1] INFO  storage.RaftStorageDirectory (RaftStorageDirectory.java:analyzeStorage(246)) - The storage directory /workdir/hadoop-ozone/integration-test/target/test-dir/MiniOzoneClusterImpl-f848b852-1aaf-4c40-a29c-4c10b1dc7f95/datanode-2/data/ratis/6d78998e-d786-44e3-90c6-a84c2d9c10c5 does not exist. Creating ...
2019-09-29 11:26:39,509 [pool-418-thread-1] INFO  server.RaftServerConfigKeys (ConfUtils.java:logGet(43)) - raft.server.rpcslowness.timeout = 120s (custom)
2019-09-29 11:26:39,509 [pool-438-thread-1] INFO  server.RaftServerConfigKeys (ConfUtils.java:logGet(43)) - raft.server.rpcslowness.timeout = 120s (custom)
2019-09-29 11:26:39,509 [pool-418-thread-1] INFO  server.RaftServerConfigKeys (ConfUtils.java:logGet(43)) - raft.server.sleep.deviation.threshold = 300 (default)
2019-09-29 11:26:39,509 [pool-438-thread-1] INFO  server.RaftServerConfigKeys (ConfUtils.java:logGet(43)) - raft.server.sleep.deviation.threshold = 300 (default)
2019-09-29 11:26:39,510 [pool-418-thread-1] INFO  server.RaftServerConfigKeys (ConfUtils.java:logGet(43)) - raft.server.log.appender.install.snapshot.enabled = false (custom)
2019-09-29 11:26:39,510 [pool-438-thread-1] INFO  server.RaftServerConfigKeys (ConfUtils.java:logGet(43)) - raft.server.log.appender.install.snapshot.enabled = false (custom)
2019-09-29 11:26:39,510 [pool-418-thread-1] INFO  impl.RaftServerImpl (ServerState.java:<init>(103)) - d7821b28-18a7-4460-b735-be2c20024ab7@group-A84C2D9C10C5: ConfigurationManager, init=-1: [266f4e38-b438-4944-8569-530d2ae5f6fc:192.168.30.19:46645, d7821b28-18a7-4460-b735-be2c20024ab7:192.168.30.19:45148, c5175ad5-525e-4c2e-832b-1ca15aa9c500:192.168.30.19:40504], old=null, confs=<EMPTY_MAP>
2019-09-29 11:26:39,510 [pool-438-thread-1] INFO  impl.RaftServerImpl (ServerState.java:<init>(103)) - c5175ad5-525e-4c2e-832b-1ca15aa9c500@group-A84C2D9C10C5: ConfigurationManager, init=-1: [266f4e38-b438-4944-8569-530d2ae5f6fc:192.168.30.19:46645, d7821b28-18a7-4460-b735-be2c20024ab7:192.168.30.19:45148, c5175ad5-525e-4c2e-832b-1ca15aa9c500:192.168.30.19:40504], old=null, confs=<EMPTY_MAP>
2019-09-29 11:26:39,510 [pool-418-thread-1] INFO  server.RaftServerConfigKeys (ConfUtils.java:logGet(43)) - raft.server.storage.dir = [/workdir/hadoop-ozone/integration-test/target/test-dir/MiniOzoneClusterImpl-f848b852-1aaf-4c40-a29c-4c10b1dc7f95/datanode-1/data/ratis] (custom)
2019-09-29 11:26:39,510 [pool-438-thread-1] INFO  server.RaftServerConfigKeys (ConfUtils.java:logGet(43)) - raft.server.storage.dir = [/workdir/hadoop-ozone/integration-test/target/test-dir/MiniOzoneClusterImpl-f848b852-1aaf-4c40-a29c-4c10b1dc7f95/datanode-3/data/ratis] (custom)
2019-09-29 11:26:39,510 [pool-418-thread-1] INFO  storage.RaftStorageDirectory (RaftStorageDirectory.java:analyzeStorage(246)) - The storage directory /workdir/hadoop-ozone/integration-test/target/test-dir/MiniOzoneClusterImpl-f848b852-1aaf-4c40-a29c-4c10b1dc7f95/datanode-1/data/ratis/6d78998e-d786-44e3-90c6-a84c2d9c10c5 does not exist. Creating ...
2019-09-29 11:26:39,510 [pool-438-thread-1] INFO  storage.RaftStorageDirectory (RaftStorageDirectory.java:analyzeStorage(246)) - The storage directory /workdir/hadoop-ozone/integration-test/target/test-dir/MiniOzoneClusterImpl-f848b852-1aaf-4c40-a29c-4c10b1dc7f95/datanode-3/data/ratis/6d78998e-d786-44e3-90c6-a84c2d9c10c5 does not exist. Creating ...
2019-09-29 11:26:39,534 [pool-418-thread-1] INFO  storage.RaftStorageDirectory (RaftStorageDirectory.java:tryLock(328)) - Lock on /workdir/hadoop-ozone/integration-test/target/test-dir/MiniOzoneClusterImpl-f848b852-1aaf-4c40-a29c-4c10b1dc7f95/datanode-1/data/ratis/6d78998e-d786-44e3-90c6-a84c2d9c10c5/in_use.lock acquired by nodename 31535@pr-hdds-1569-lsfh5-224679870
2019-09-29 11:26:39,534 [pool-428-thread-1] INFO  storage.RaftStorageDirectory (RaftStorageDirectory.java:tryLock(328)) - Lock on /workdir/hadoop-ozone/integration-test/target/test-dir/MiniOzoneClusterImpl-f848b852-1aaf-4c40-a29c-4c10b1dc7f95/datanode-2/data/ratis/6d78998e-d786-44e3-90c6-a84c2d9c10c5/in_use.lock acquired by nodename 31535@pr-hdds-1569-lsfh5-224679870
2019-09-29 11:26:39,534 [pool-438-thread-1] INFO  storage.RaftStorageDirectory (RaftStorageDirectory.java:tryLock(328)) - Lock on /workdir/hadoop-ozone/integration-test/target/test-dir/MiniOzoneClusterImpl-f848b852-1aaf-4c40-a29c-4c10b1dc7f95/datanode-3/data/ratis/6d78998e-d786-44e3-90c6-a84c2d9c10c5/in_use.lock acquired by nodename 31535@pr-hdds-1569-lsfh5-224679870
2019-09-29 11:26:39,560 [pool-418-thread-1] INFO  storage.RaftStorage (RaftStorage.java:format(72)) - Storage directory /workdir/hadoop-ozone/integration-test/target/test-dir/MiniOzoneClusterImpl-f848b852-1aaf-4c40-a29c-4c10b1dc7f95/datanode-1/data/ratis/6d78998e-d786-44e3-90c6-a84c2d9c10c5 has been successfully formatted.
2019-09-29 11:26:39,560 [pool-438-thread-1] INFO  storage.RaftStorage (RaftStorage.java:format(72)) - Storage directory /workdir/hadoop-ozone/integration-test/target/test-dir/MiniOzoneClusterImpl-f848b852-1aaf-4c40-a29c-4c10b1dc7f95/datanode-3/data/ratis/6d78998e-d786-44e3-90c6-a84c2d9c10c5 has been successfully formatted.
2019-09-29 11:26:39,560 [pool-428-thread-1] INFO  storage.RaftStorage (RaftStorage.java:format(72)) - Storage directory /workdir/hadoop-ozone/integration-test/target/test-dir/MiniOzoneClusterImpl-f848b852-1aaf-4c40-a29c-4c10b1dc7f95/datanode-2/data/ratis/6d78998e-d786-44e3-90c6-a84c2d9c10c5 has been successfully formatted.
2019-09-29 11:26:39,560 [pool-438-thread-1] INFO  ratis.ContainerStateMachine (ContainerStateMachine.java:loadSnapshot(230)) - group-A84C2D9C10C5: The snapshot info is null. Setting the last applied indexto:(t:0, i:~)
2019-09-29 11:26:39,560 [pool-428-thread-1] INFO  ratis.ContainerStateMachine (ContainerStateMachine.java:loadSnapshot(230)) - group-A84C2D9C10C5: The snapshot info is null. Setting the last applied indexto:(t:0, i:~)
2019-09-29 11:26:39,560 [pool-418-thread-1] INFO  ratis.ContainerStateMachine (ContainerStateMachine.java:loadSnapshot(230)) - group-A84C2D9C10C5: The snapshot info is null. Setting the last applied indexto:(t:0, i:~)
2019-09-29 11:26:39,560 [pool-428-thread-1] INFO  server.RaftServerConfigKeys (ConfUtils.java:logGet(43)) - raft.server.notification.no-leader.timeout = 120s (custom)
2019-09-29 11:26:39,560 [pool-438-thread-1] INFO  server.RaftServerConfigKeys (ConfUtils.java:logGet(43)) - raft.server.notification.no-leader.timeout = 120s (custom)
2019-09-29 11:26:39,561 [pool-428-thread-1] INFO  server.RaftServerConfigKeys (ConfUtils.java:logGet(43)) - raft.server.log.use.memory = false (default)
2019-09-29 11:26:39,561 [pool-418-thread-1] INFO  server.RaftServerConfigKeys (ConfUtils.java:logGet(43)) - raft.server.notification.no-leader.timeout = 120s (custom)
2019-09-29 11:26:39,561 [pool-428-thread-1] INFO  server.RaftServerConfigKeys (ConfUtils.java:logGet(43)) - raft.server.log.purge.gap = 1000000 (custom)
2019-09-29 11:26:39,561 [pool-438-thread-1] INFO  server.RaftServerConfigKeys (ConfUtils.java:logGet(43)) - raft.server.log.use.memory = false (default)
2019-09-29 11:26:39,561 [pool-428-thread-1] INFO  server.RaftServerConfigKeys (ConfUtils.java:logGet(43)) - raft.server.log.appender.buffer.byte-limit = 33554432 (custom)
2019-09-29 11:26:39,561 [pool-418-thread-1] INFO  server.RaftServerConfigKeys (ConfUtils.java:logGet(43)) - raft.server.log.use.memory = false (default)
2019-09-29 11:26:39,562 [pool-428-thread-1] INFO  server.RaftServerConfigKeys (ConfUtils.java:logGet(43)) - raft.server.log.segment.size.max = 1048576 (custom)
2019-09-29 11:26:39,561 [pool-438-thread-1] INFO  server.RaftServerConfigKeys (ConfUtils.java:logGet(43)) - raft.server.log.purge.gap = 1000000 (custom)
2019-09-29 11:26:39,562 [pool-428-thread-1] INFO  server.RaftServerConfigKeys (ConfUtils.java:logGet(43)) - raft.server.log.segment.cache.num.max = 2 (custom)
2019-09-29 11:26:39,562 [pool-418-thread-1] INFO  server.RaftServerConfigKeys (ConfUtils.java:logGet(43)) - raft.server.log.purge.gap = 1000000 (custom)
2019-09-29 11:26:39,562 [pool-428-thread-1] INFO  segmented.SegmentedRaftLogWorker (SegmentedRaftLogWorker.java:<init>(172)) - new 266f4e38-b438-4944-8569-530d2ae5f6fc@group-A84C2D9C10C5-SegmentedRaftLogWorker for RaftStorage:Storage Directory /workdir/hadoop-ozone/integration-test/target/test-dir/MiniOzoneClusterImpl-f848b852-1aaf-4c40-a29c-4c10b1dc7f95/datanode-2/data/ratis/6d78998e-d786-44e3-90c6-a84c2d9c10c5
2019-09-29 11:26:39,562 [pool-438-thread-1] INFO  server.RaftServerConfigKeys (ConfUtils.java:logGet(43)) - raft.server.log.appender.buffer.byte-limit = 33554432 (custom)
2019-09-29 11:26:39,562 [pool-428-thread-1] INFO  server.RaftServerConfigKeys (ConfUtils.java:logGet(43)) - raft.server.log.queue.byte-limit = 2147483647 (custom)
2019-09-29 11:26:39,563 [pool-428-thread-1] INFO  server.RaftServerConfigKeys (ConfUtils.java:logGet(43)) - raft.server.log.queue.element-limit = 1024 (custom)
2019-09-29 11:26:39,562 [pool-418-thread-1] INFO  server.RaftServerConfigKeys (ConfUtils.java:logGet(43)) - raft.server.log.appender.buffer.byte-limit = 33554432 (custom)
2019-09-29 11:26:39,563 [pool-428-thread-1] INFO  server.RaftServerConfigKeys (ConfUtils.java:logGet(43)) - raft.server.log.segment.size.max = 1048576 (custom)
2019-09-29 11:26:39,563 [pool-438-thread-1] INFO  server.RaftServerConfigKeys (ConfUtils.java:logGet(43)) - raft.server.log.segment.size.max = 1048576 (custom)
2019-09-29 11:26:39,563 [pool-428-thread-1] INFO  server.RaftServerConfigKeys (ConfUtils.java:logGet(43)) - raft.server.log.preallocated.size = 16384 (custom)
2019-09-29 11:26:39,563 [pool-418-thread-1] INFO  server.RaftServerConfigKeys (ConfUtils.java:logGet(43)) - raft.server.log.segment.size.max = 1048576 (custom)
2019-09-29 11:26:39,564 [pool-428-thread-1] INFO  server.RaftServerConfigKeys (ConfUtils.java:logGet(43)) - raft.server.log.write.buffer.size = 33554432 (custom)
2019-09-29 11:26:39,564 [pool-428-thread-1] INFO  server.RaftServerConfigKeys (ConfUtils.java:logGet(43)) - raft.server.log.force.sync.num = 128 (default)
2019-09-29 11:26:39,563 [pool-438-thread-1] INFO  server.RaftServerConfigKeys (ConfUtils.java:logGet(43)) - raft.server.log.segment.cache.num.max = 2 (custom)
2019-09-29 11:26:39,564 [pool-428-thread-1] INFO  server.RaftServerConfigKeys (ConfUtils.java:logGet(43)) - raft.server.log.statemachine.data.sync = true (default)
2019-09-29 11:26:39,564 [pool-418-thread-1] INFO  server.RaftServerConfigKeys (ConfUtils.java:logGet(43)) - raft.server.log.segment.cache.num.max = 2 (custom)
2019-09-29 11:26:39,564 [pool-428-thread-1] INFO  server.RaftServerConfigKeys (ConfUtils.java:logGet(43)) - raft.server.log.statemachine.data.sync.timeout = 10s (default)
2019-09-29 11:26:39,564 [pool-438-thread-1] INFO  segmented.SegmentedRaftLogWorker (SegmentedRaftLogWorker.java:<init>(172)) - new c5175ad5-525e-4c2e-832b-1ca15aa9c500@group-A84C2D9C10C5-SegmentedRaftLogWorker for RaftStorage:Storage Directory /workdir/hadoop-ozone/integration-test/target/test-dir/MiniOzoneClusterImpl-f848b852-1aaf-4c40-a29c-4c10b1dc7f95/datanode-3/data/ratis/6d78998e-d786-44e3-90c6-a84c2d9c10c5
2019-09-29 11:26:39,565 [pool-428-thread-1] INFO  server.RaftServerConfigKeys (ConfUtils.java:logGet(43)) - raft.server.log.statemachine.data.sync.timeout.retry = -1 (default)
2019-09-29 11:26:39,565 [pool-418-thread-1] INFO  segmented.SegmentedRaftLogWorker (SegmentedRaftLogWorker.java:<init>(172)) - new d7821b28-18a7-4460-b735-be2c20024ab7@group-A84C2D9C10C5-SegmentedRaftLogWorker for RaftStorage:Storage Directory /workdir/hadoop-ozone/integration-test/target/test-dir/MiniOzoneClusterImpl-f848b852-1aaf-4c40-a29c-4c10b1dc7f95/datanode-1/data/ratis/6d78998e-d786-44e3-90c6-a84c2d9c10c5
2019-09-29 11:26:39,565 [pool-428-thread-1] INFO  server.RaftServerConfigKeys (ConfUtils.java:logGet(43)) - raft.server.log.statemachine.data.caching.enabled = true (custom)
2019-09-29 11:26:39,565 [pool-438-thread-1] INFO  server.RaftServerConfigKeys (ConfUtils.java:logGet(43)) - raft.server.log.queue.byte-limit = 2147483647 (custom)
2019-09-29 11:26:39,565 [pool-418-thread-1] INFO  server.RaftServerConfigKeys (ConfUtils.java:logGet(43)) - raft.server.log.queue.byte-limit = 2147483647 (custom)
2019-09-29 11:26:39,565 [pool-438-thread-1] INFO  server.RaftServerConfigKeys (ConfUtils.java:logGet(43)) - raft.server.log.queue.element-limit = 1024 (custom)
2019-09-29 11:26:39,565 [pool-428-thread-1] INFO  segmented.SegmentedRaftLogWorker (SegmentedRaftLogWorker.java:lambda$new$0(132)) - 266f4e38-b438-4944-8569-530d2ae5f6fc@group-A84C2D9C10C5-SegmentedRaftLogWorker: flushIndex: setUnconditionally 0 -> -1
2019-09-29 11:26:39,566 [pool-438-thread-1] INFO  server.RaftServerConfigKeys (ConfUtils.java:logGet(43)) - raft.server.log.segment.size.max = 1048576 (custom)
2019-09-29 11:26:39,566 [pool-418-thread-1] INFO  server.RaftServerConfigKeys (ConfUtils.java:logGet(43)) - raft.server.log.queue.element-limit = 1024 (custom)
2019-09-29 11:26:39,566 [pool-428-thread-1] INFO  server.RaftServerConfigKeys (ConfUtils.java:logGet(43)) - raft.server.snapshot.auto.trigger.enabled = true (custom)
2019-09-29 11:26:39,566 [pool-438-thread-1] INFO  server.RaftServerConfigKeys (ConfUtils.java:logGet(43)) - raft.server.log.preallocated.size = 16384 (custom)
2019-09-29 11:26:39,566 [pool-428-thread-1] INFO  server.RaftServerConfigKeys (ConfUtils.java:logGet(43)) - raft.server.snapshot.auto.trigger.threshold = 10000 (custom)
2019-09-29 11:26:39,566 [pool-418-thread-1] INFO  server.RaftServerConfigKeys (ConfUtils.java:logGet(43)) - raft.server.log.segment.size.max = 1048576 (custom)
2019-09-29 11:26:39,567 [pool-428-thread-1] INFO  server.RaftServerConfigKeys (ConfUtils.java:logGet(43)) - raft.server.snapshot.retention.num.files = 5 (custom)
2019-09-29 11:26:39,567 [pool-438-thread-1] INFO  server.RaftServerConfigKeys (ConfUtils.java:logGet(43)) - raft.server.log.write.buffer.size = 33554432 (custom)
2019-09-29 11:26:39,567 [pool-428-thread-1] INFO  server.RaftServerConfigKeys (ConfUtils.java:logGet(43)) - raft.server.retrycache.expirytime = 600000ms (custom)
2019-09-29 11:26:39,567 [pool-418-thread-1] INFO  server.RaftServerConfigKeys (ConfUtils.java:logGet(43)) - raft.server.log.preallocated.size = 16384 (custom)
2019-09-29 11:26:39,567 [pool-438-thread-1] INFO  server.RaftServerConfigKeys (ConfUtils.java:logGet(43)) - raft.server.log.force.sync.num = 128 (default)
2019-09-29 11:26:39,567 [pool-418-thread-1] INFO  server.RaftServerConfigKeys (ConfUtils.java:logGet(43)) - raft.server.log.write.buffer.size = 33554432 (custom)
2019-09-29 11:26:39,568 [pool-438-thread-1] INFO  server.RaftServerConfigKeys (ConfUtils.java:logGet(43)) - raft.server.log.statemachine.data.sync = true (default)
2019-09-29 11:26:39,568 [pool-418-thread-1] INFO  server.RaftServerConfigKeys (ConfUtils.java:logGet(43)) - raft.server.log.force.sync.num = 128 (default)
2019-09-29 11:26:39,568 [pool-438-thread-1] INFO  server.RaftServerConfigKeys (ConfUtils.java:logGet(43)) - raft.server.log.statemachine.data.sync.timeout = 10s (default)
2019-09-29 11:26:39,568 [pool-418-thread-1] INFO  server.RaftServerConfigKeys (ConfUtils.java:logGet(43)) - raft.server.log.statemachine.data.sync = true (default)
2019-09-29 11:26:39,568 [pool-438-thread-1] INFO  server.RaftServerConfigKeys (ConfUtils.java:logGet(43)) - raft.server.log.statemachine.data.sync.timeout.retry = -1 (default)
2019-09-29 11:26:39,568 [pool-418-thread-1] INFO  server.RaftServerConfigKeys (ConfUtils.java:logGet(43)) - raft.server.log.statemachine.data.sync.timeout = 10s (default)
2019-09-29 11:26:39,568 [pool-438-thread-1] INFO  server.RaftServerConfigKeys (ConfUtils.java:logGet(43)) - raft.server.log.statemachine.data.caching.enabled = true (custom)
2019-09-29 11:26:39,569 [pool-418-thread-1] INFO  server.RaftServerConfigKeys (ConfUtils.java:logGet(43)) - raft.server.log.statemachine.data.sync.timeout.retry = -1 (default)
2019-09-29 11:26:39,569 [pool-418-thread-1] INFO  server.RaftServerConfigKeys (ConfUtils.java:logGet(43)) - raft.server.log.statemachine.data.caching.enabled = true (custom)
2019-09-29 11:26:39,569 [pool-438-thread-1] INFO  segmented.SegmentedRaftLogWorker (SegmentedRaftLogWorker.java:lambda$new$0(132)) - c5175ad5-525e-4c2e-832b-1ca15aa9c500@group-A84C2D9C10C5-SegmentedRaftLogWorker: flushIndex: setUnconditionally 0 -> -1
2019-09-29 11:26:39,569 [pool-418-thread-1] INFO  segmented.SegmentedRaftLogWorker (SegmentedRaftLogWorker.java:lambda$new$0(132)) - d7821b28-18a7-4460-b735-be2c20024ab7@group-A84C2D9C10C5-SegmentedRaftLogWorker: flushIndex: setUnconditionally 0 -> -1
2019-09-29 11:26:39,569 [pool-428-thread-1] INFO  impl.RaftServerImpl (RaftServerImpl.java:start(185)) - 266f4e38-b438-4944-8569-530d2ae5f6fc@group-A84C2D9C10C5: start as a follower, conf=-1: [266f4e38-b438-4944-8569-530d2ae5f6fc:192.168.30.19:46645, d7821b28-18a7-4460-b735-be2c20024ab7:192.168.30.19:45148, c5175ad5-525e-4c2e-832b-1ca15aa9c500:192.168.30.19:40504], old=null
2019-09-29 11:26:39,569 [pool-438-thread-1] INFO  server.RaftServerConfigKeys (ConfUtils.java:logGet(43)) - raft.server.snapshot.auto.trigger.enabled = true (custom)
2019-09-29 11:26:39,569 [pool-418-thread-1] INFO  server.RaftServerConfigKeys (ConfUtils.java:logGet(43)) - raft.server.snapshot.auto.trigger.enabled = true (custom)
2019-09-29 11:26:39,569 [pool-428-thread-1] INFO  impl.RaftServerImpl (RaftServerImpl.java:setRole(174)) - 266f4e38-b438-4944-8569-530d2ae5f6fc@group-A84C2D9C10C5: changes role from      null to FOLLOWER at term 0 for startAsFollower
2019-09-29 11:26:39,570 [pool-418-thread-1] INFO  server.RaftServerConfigKeys (ConfUtils.java:logGet(43)) - raft.server.snapshot.auto.trigger.threshold = 10000 (custom)
2019-09-29 11:26:39,570 [pool-438-thread-1] INFO  server.RaftServerConfigKeys (ConfUtils.java:logGet(43)) - raft.server.snapshot.auto.trigger.threshold = 10000 (custom)
2019-09-29 11:26:39,570 [pool-418-thread-1] INFO  server.RaftServerConfigKeys (ConfUtils.java:logGet(43)) - raft.server.snapshot.retention.num.files = 5 (custom)
2019-09-29 11:26:39,570 [pool-428-thread-1] INFO  impl.RoleInfo (RoleInfo.java:updateAndGet(143)) - 266f4e38-b438-4944-8569-530d2ae5f6fc: start FollowerState
2019-09-29 11:26:39,570 [pool-418-thread-1] INFO  server.RaftServerConfigKeys (ConfUtils.java:logGet(43)) - raft.server.retrycache.expirytime = 600000ms (custom)
2019-09-29 11:26:39,570 [pool-438-thread-1] INFO  server.RaftServerConfigKeys (ConfUtils.java:logGet(43)) - raft.server.snapshot.retention.num.files = 5 (custom)
2019-09-29 11:26:39,571 [pool-428-thread-1] INFO  util.JmxRegister (JmxRegister.java:tryRegister(44)) - Successfully registered JMX Bean with object name Ratis:service=RaftServer,group=group-A84C2D9C10C5,id=266f4e38-b438-4944-8569-530d2ae5f6fc
2019-09-29 11:26:39,571 [pool-438-thread-1] INFO  server.RaftServerConfigKeys (ConfUtils.java:logGet(43)) - raft.server.retrycache.expirytime = 600000ms (custom)
2019-09-29 11:26:39,573 [pool-418-thread-1] INFO  impl.RaftServerImpl (RaftServerImpl.java:start(185)) - d7821b28-18a7-4460-b735-be2c20024ab7@group-A84C2D9C10C5: start as a follower, conf=-1: [266f4e38-b438-4944-8569-530d2ae5f6fc:192.168.30.19:46645, d7821b28-18a7-4460-b735-be2c20024ab7:192.168.30.19:45148, c5175ad5-525e-4c2e-832b-1ca15aa9c500:192.168.30.19:40504], old=null
2019-09-29 11:26:39,573 [pool-418-thread-1] INFO  impl.RaftServerImpl (RaftServerImpl.java:setRole(174)) - d7821b28-18a7-4460-b735-be2c20024ab7@group-A84C2D9C10C5: changes role from      null to FOLLOWER at term 0 for startAsFollower
2019-09-29 11:26:39,573 [pool-418-thread-1] INFO  impl.RoleInfo (RoleInfo.java:updateAndGet(143)) - d7821b28-18a7-4460-b735-be2c20024ab7: start FollowerState
2019-09-29 11:26:39,573 [pool-438-thread-1] INFO  impl.RaftServerImpl (RaftServerImpl.java:start(185)) - c5175ad5-525e-4c2e-832b-1ca15aa9c500@group-A84C2D9C10C5: start as a follower, conf=-1: [266f4e38-b438-4944-8569-530d2ae5f6fc:192.168.30.19:46645, d7821b28-18a7-4460-b735-be2c20024ab7:192.168.30.19:45148, c5175ad5-525e-4c2e-832b-1ca15aa9c500:192.168.30.19:40504], old=null
2019-09-29 11:26:39,574 [pool-418-thread-1] INFO  util.JmxRegister (JmxRegister.java:tryRegister(44)) - Successfully registered JMX Bean with object name Ratis:service=RaftServer,group=group-A84C2D9C10C5,id=d7821b28-18a7-4460-b735-be2c20024ab7
2019-09-29 11:26:39,574 [pool-438-thread-1] INFO  impl.RaftServerImpl (RaftServerImpl.java:setRole(174)) - c5175ad5-525e-4c2e-832b-1ca15aa9c500@group-A84C2D9C10C5: changes role from      null to FOLLOWER at term 0 for startAsFollower
2019-09-29 11:26:39,574 [pool-438-thread-1] INFO  impl.RoleInfo (RoleInfo.java:updateAndGet(143)) - c5175ad5-525e-4c2e-832b-1ca15aa9c500: start FollowerState
2019-09-29 11:26:39,575 [pool-438-thread-1] INFO  util.JmxRegister (JmxRegister.java:tryRegister(44)) - Successfully registered JMX Bean with object name Ratis:service=RaftServer,group=group-A84C2D9C10C5,id=c5175ad5-525e-4c2e-832b-1ca15aa9c500
2019-09-29 11:26:39,577 [RatisPipelineUtilsThread] INFO  pipeline.PipelineStateManager (PipelineStateManager.java:addPipeline(56)) - Created pipeline Pipeline[ Id: 6d78998e-d786-44e3-90c6-a84c2d9c10c5, Nodes: 266f4e38-b438-4944-8569-530d2ae5f6fc{ip: 192.168.30.19, host: pr-hdds-1569-lsfh5-224679870, networkLocation: /default-rack, certSerialId: null}d7821b28-18a7-4460-b735-be2c20024ab7{ip: 192.168.30.19, host: pr-hdds-1569-lsfh5-224679870, networkLocation: /default-rack, certSerialId: null}c5175ad5-525e-4c2e-832b-1ca15aa9c500{ip: 192.168.30.19, host: pr-hdds-1569-lsfh5-224679870, networkLocation: /default-rack, certSerialId: null}, Type:RATIS, Factor:THREE, State:OPEN]
2019-09-29 11:26:39,956 [main] INFO  ozone.MiniOzoneClusterImpl (MiniOzoneClusterImpl.java:lambda$waitForClusterToBeReady$0(147)) - Cluster is ready. Got 7 of 7 DN Heartbeats.
2019-09-29 11:26:40,007 [main] INFO  rpc.RpcClient (RpcClient.java:createVolume(276)) - Creating Volume: testblockoutputstream, with jenkins1000 as owner.
2019-09-29 11:26:40,012 [IPC Server handler 1 on 36905] INFO  volume.OMVolumeCreateRequest (OMVolumeCreateRequest.java:validateAndUpdateCache(189)) - created volume:testblockoutputstream for user:jenkins1000
2019-09-29 11:26:40,033 [main] INFO  rpc.RpcClient (RpcClient.java:createBucket(415)) - Creating Bucket: testblockoutputstream/testblockoutputstream, with Versioning false and Storage Type set to DISK and Encryption set to false 
2019-09-29 11:26:41,507 [Thread-5921] INFO  container.ReplicationManager (ReplicationManager.java:start(163)) - Starting Replication Monitor Thread.
2019-09-29 11:26:41,513 [ReplicationMonitor] INFO  container.ReplicationManager (ReplicationManager.java:run(226)) - Replication Monitor Thread took 0 milliseconds for processing 1 containers.
2019-09-29 11:26:43,694 [Thread-5923] INFO  impl.FollowerState (FollowerState.java:run(106)) - 59ec8f59-497a-428b-8454-a1dbaa70abd6:group-0B6B9429C27D changes to CANDIDATE, lastRpcTime:5121, electionTimeout:5121ms
2019-09-29 11:26:43,695 [Thread-5923] INFO  impl.RoleInfo (RoleInfo.java:shutdownFollowerState(121)) - 59ec8f59-497a-428b-8454-a1dbaa70abd6: shutdown FollowerState
2019-09-29 11:26:43,695 [Thread-5923] INFO  impl.RaftServerImpl (RaftServerImpl.java:setRole(174)) - 59ec8f59-497a-428b-8454-a1dbaa70abd6@group-0B6B9429C27D: changes role from  FOLLOWER to CANDIDATE at term 0 for changeToCandidate
2019-09-29 11:26:43,695 [Thread-5923] INFO  impl.RoleInfo (RoleInfo.java:updateAndGet(143)) - 59ec8f59-497a-428b-8454-a1dbaa70abd6: start LeaderElection
2019-09-29 11:26:43,731 [59ec8f59-497a-428b-8454-a1dbaa70abd6@group-0B6B9429C27D:LeaderElection115] INFO  impl.LeaderElection (LeaderElection.java:askForVotes(182)) - 59ec8f59-497a-428b-8454-a1dbaa70abd6@group-0B6B9429C27D:LeaderElection115: begin an election at term 1 for -1: [59ec8f59-497a-428b-8454-a1dbaa70abd6:192.168.30.19:34609], old=null
2019-09-29 11:26:43,731 [59ec8f59-497a-428b-8454-a1dbaa70abd6@group-0B6B9429C27D:LeaderElection115] INFO  impl.RoleInfo (RoleInfo.java:shutdownLeaderElection(134)) - 59ec8f59-497a-428b-8454-a1dbaa70abd6: shutdown LeaderElection
2019-09-29 11:26:43,731 [59ec8f59-497a-428b-8454-a1dbaa70abd6@group-0B6B9429C27D:LeaderElection115] INFO  impl.RaftServerImpl (RaftServerImpl.java:setRole(174)) - 59ec8f59-497a-428b-8454-a1dbaa70abd6@group-0B6B9429C27D: changes role from CANDIDATE to LEADER at term 1 for changeToLeader
2019-09-29 11:26:43,732 [59ec8f59-497a-428b-8454-a1dbaa70abd6@group-0B6B9429C27D:LeaderElection115] INFO  impl.RaftServerImpl (ServerState.java:setLeader(253)) - 59ec8f59-497a-428b-8454-a1dbaa70abd6@group-0B6B9429C27D: change Leader from null to 59ec8f59-497a-428b-8454-a1dbaa70abd6 at term 1 for becomeLeader, leader elected after 5167ms
2019-09-29 11:26:43,732 [59ec8f59-497a-428b-8454-a1dbaa70abd6@group-0B6B9429C27D:LeaderElection115] INFO  server.RaftServerConfigKeys (ConfUtils.java:logGet(43)) - raft.server.staging.catchup.gap = 1000 (default)
2019-09-29 11:26:43,732 [59ec8f59-497a-428b-8454-a1dbaa70abd6@group-0B6B9429C27D:LeaderElection115] INFO  server.RaftServerConfigKeys (ConfUtils.java:logGet(43)) - raft.server.rpc.sleep.time = 25ms (default)
2019-09-29 11:26:43,732 [59ec8f59-497a-428b-8454-a1dbaa70abd6@group-0B6B9429C27D:LeaderElection115] INFO  server.RaftServerConfigKeys (ConfUtils.java:logGet(43)) - raft.server.write.element-limit = 4096 (default)
2019-09-29 11:26:43,732 [59ec8f59-497a-428b-8454-a1dbaa70abd6@group-0B6B9429C27D:LeaderElection115] INFO  server.RaftServerConfigKeys (ConfUtils.java:logGet(43)) - raft.server.watch.timeout = 10s (default)
2019-09-29 11:26:43,733 [59ec8f59-497a-428b-8454-a1dbaa70abd6@group-0B6B9429C27D:LeaderElection115] INFO  server.RaftServerConfigKeys (ConfUtils.java:logGet(43)) - raft.server.watch.timeout.denomination = 1s (default)
2019-09-29 11:26:43,733 [59ec8f59-497a-428b-8454-a1dbaa70abd6@group-0B6B9429C27D:LeaderElection115] INFO  server.RaftServerConfigKeys (ConfUtils.java:logGet(43)) - raft.server.watch.element-limit = 65536 (default)
2019-09-29 11:26:43,735 [59ec8f59-497a-428b-8454-a1dbaa70abd6@group-0B6B9429C27D:LeaderElection115] INFO  impl.RoleInfo (RoleInfo.java:updateAndGet(143)) - 59ec8f59-497a-428b-8454-a1dbaa70abd6: start LeaderState
2019-09-29 11:26:43,735 [59ec8f59-497a-428b-8454-a1dbaa70abd6@group-0B6B9429C27D:LeaderElection115] INFO  segmented.SegmentedRaftLogWorker (SegmentedRaftLogWorker.java:startLogSegment(380)) - 59ec8f59-497a-428b-8454-a1dbaa70abd6@group-0B6B9429C27D-SegmentedRaftLogWorker: Starting segment from index:0
2019-09-29 11:26:43,736 [59ec8f59-497a-428b-8454-a1dbaa70abd6@group-0B6B9429C27D:LeaderElection115] INFO  impl.RaftServerImpl (ServerState.java:setRaftConf(354)) - 59ec8f59-497a-428b-8454-a1dbaa70abd6@group-0B6B9429C27D: set configuration 0: [59ec8f59-497a-428b-8454-a1dbaa70abd6:192.168.30.19:34609], old=null at 0
2019-09-29 11:26:43,793 [59ec8f59-497a-428b-8454-a1dbaa70abd6@group-0B6B9429C27D-SegmentedRaftLogWorker] INFO  segmented.SegmentedRaftLogWorker (SegmentedRaftLogWorker.java:execute(569)) - 59ec8f59-497a-428b-8454-a1dbaa70abd6@group-0B6B9429C27D-SegmentedRaftLogWorker: created new log segment /workdir/hadoop-ozone/integration-test/target/test-dir/MiniOzoneClusterImpl-f848b852-1aaf-4c40-a29c-4c10b1dc7f95/datanode-0/data/ratis/865a4569-27b5-4d72-a980-0b6b9429c27d/current/log_inprogress_0
2019-09-29 11:26:43,811 [Thread-5926] INFO  impl.FollowerState (FollowerState.java:run(106)) - d7821b28-18a7-4460-b735-be2c20024ab7:group-0B10E023A48A changes to CANDIDATE, lastRpcTime:5172, electionTimeout:5172ms
2019-09-29 11:26:43,811 [Thread-5926] INFO  impl.RoleInfo (RoleInfo.java:shutdownFollowerState(121)) - d7821b28-18a7-4460-b735-be2c20024ab7: shutdown FollowerState
2019-09-29 11:26:43,811 [Thread-5926] INFO  impl.RaftServerImpl (RaftServerImpl.java:setRole(174)) - d7821b28-18a7-4460-b735-be2c20024ab7@group-0B10E023A48A: changes role from  FOLLOWER to CANDIDATE at term 0 for changeToCandidate
2019-09-29 11:26:43,811 [Thread-5926] INFO  impl.RoleInfo (RoleInfo.java:updateAndGet(143)) - d7821b28-18a7-4460-b735-be2c20024ab7: start LeaderElection
2019-09-29 11:26:43,815 [Thread-5936] INFO  impl.FollowerState (FollowerState.java:run(106)) - 266f4e38-b438-4944-8569-530d2ae5f6fc:group-0CD34D698E0C changes to CANDIDATE, lastRpcTime:5036, electionTimeout:5036ms
2019-09-29 11:26:43,815 [Thread-5936] INFO  impl.RoleInfo (RoleInfo.java:shutdownFollowerState(121)) - 266f4e38-b438-4944-8569-530d2ae5f6fc: shutdown FollowerState
2019-09-29 11:26:43,815 [Thread-5936] INFO  impl.RaftServerImpl (RaftServerImpl.java:setRole(174)) - 266f4e38-b438-4944-8569-530d2ae5f6fc@group-0CD34D698E0C: changes role from  FOLLOWER to CANDIDATE at term 0 for changeToCandidate
2019-09-29 11:26:43,816 [Thread-5936] INFO  impl.RoleInfo (RoleInfo.java:updateAndGet(143)) - 266f4e38-b438-4944-8569-530d2ae5f6fc: start LeaderElection
2019-09-29 11:26:43,831 [Thread-5929] INFO  impl.FollowerState (FollowerState.java:run(106)) - 266f4e38-b438-4944-8569-530d2ae5f6fc:group-4B0C29B2851B changes to CANDIDATE, lastRpcTime:5114, electionTimeout:5114ms
2019-09-29 11:26:43,831 [Thread-5929] INFO  impl.RoleInfo (RoleInfo.java:shutdownFollowerState(121)) - 266f4e38-b438-4944-8569-530d2ae5f6fc: shutdown FollowerState
2019-09-29 11:26:43,831 [Thread-5929] INFO  impl.RaftServerImpl (RaftServerImpl.java:setRole(174)) - 266f4e38-b438-4944-8569-530d2ae5f6fc@group-4B0C29B2851B: changes role from  FOLLOWER to CANDIDATE at term 0 for changeToCandidate
2019-09-29 11:26:43,831 [Thread-5929] INFO  impl.RoleInfo (RoleInfo.java:updateAndGet(143)) - 266f4e38-b438-4944-8569-530d2ae5f6fc: start LeaderElection
2019-09-29 11:26:43,838 [d7821b28-18a7-4460-b735-be2c20024ab7@group-0B10E023A48A:LeaderElection116] INFO  impl.LeaderElection (LeaderElection.java:askForVotes(182)) - d7821b28-18a7-4460-b735-be2c20024ab7@group-0B10E023A48A:LeaderElection116: begin an election at term 1 for -1: [d7821b28-18a7-4460-b735-be2c20024ab7:192.168.30.19:45148], old=null
2019-09-29 11:26:43,838 [266f4e38-b438-4944-8569-530d2ae5f6fc@group-0CD34D698E0C:LeaderElection117] INFO  impl.LeaderElection (LeaderElection.java:askForVotes(182)) - 266f4e38-b438-4944-8569-530d2ae5f6fc@group-0CD34D698E0C:LeaderElection117: begin an election at term 1 for -1: [59ec8f59-497a-428b-8454-a1dbaa70abd6:192.168.30.19:34609, 266f4e38-b438-4944-8569-530d2ae5f6fc:192.168.30.19:46645, d7821b28-18a7-4460-b735-be2c20024ab7:192.168.30.19:45148], old=null
2019-09-29 11:26:43,838 [d7821b28-18a7-4460-b735-be2c20024ab7@group-0B10E023A48A:LeaderElection116] INFO  impl.RoleInfo (RoleInfo.java:shutdownLeaderElection(134)) - d7821b28-18a7-4460-b735-be2c20024ab7: shutdown LeaderElection
2019-09-29 11:26:43,839 [d7821b28-18a7-4460-b735-be2c20024ab7@group-0B10E023A48A:LeaderElection116] INFO  impl.RaftServerImpl (RaftServerImpl.java:setRole(174)) - d7821b28-18a7-4460-b735-be2c20024ab7@group-0B10E023A48A: changes role from CANDIDATE to LEADER at term 1 for changeToLeader
2019-09-29 11:26:43,839 [d7821b28-18a7-4460-b735-be2c20024ab7@group-0B10E023A48A:LeaderElection116] INFO  impl.RaftServerImpl (ServerState.java:setLeader(253)) - d7821b28-18a7-4460-b735-be2c20024ab7@group-0B10E023A48A: change Leader from null to d7821b28-18a7-4460-b735-be2c20024ab7 at term 1 for becomeLeader, leader elected after 5208ms
2019-09-29 11:26:43,839 [d7821b28-18a7-4460-b735-be2c20024ab7@group-0B10E023A48A:LeaderElection116] INFO  server.RaftServerConfigKeys (ConfUtils.java:logGet(43)) - raft.server.staging.catchup.gap = 1000 (default)
2019-09-29 11:26:43,839 [d7821b28-18a7-4460-b735-be2c20024ab7@group-0B10E023A48A:LeaderElection116] INFO  server.RaftServerConfigKeys (ConfUtils.java:logGet(43)) - raft.server.rpc.sleep.time = 25ms (default)
2019-09-29 11:26:43,839 [d7821b28-18a7-4460-b735-be2c20024ab7@group-0B10E023A48A:LeaderElection116] INFO  server.RaftServerConfigKeys (ConfUtils.java:logGet(43)) - raft.server.write.element-limit = 4096 (default)
2019-09-29 11:26:43,839 [d7821b28-18a7-4460-b735-be2c20024ab7@group-0B10E023A48A:LeaderElection116] INFO  server.RaftServerConfigKeys (ConfUtils.java:logGet(43)) - raft.server.watch.timeout = 10s (default)
2019-09-29 11:26:43,840 [d7821b28-18a7-4460-b735-be2c20024ab7@group-0B10E023A48A:LeaderElection116] INFO  server.RaftServerConfigKeys (ConfUtils.java:logGet(43)) - raft.server.watch.timeout.denomination = 1s (default)
2019-09-29 11:26:43,840 [d7821b28-18a7-4460-b735-be2c20024ab7@group-0B10E023A48A:LeaderElection116] INFO  server.RaftServerConfigKeys (ConfUtils.java:logGet(43)) - raft.server.watch.element-limit = 65536 (default)
2019-09-29 11:26:43,841 [d7821b28-18a7-4460-b735-be2c20024ab7@group-0B10E023A48A:LeaderElection116] INFO  impl.RoleInfo (RoleInfo.java:updateAndGet(143)) - d7821b28-18a7-4460-b735-be2c20024ab7: start LeaderState
2019-09-29 11:26:43,844 [grpc-default-executor-19] INFO  impl.RaftServerImpl (RaftServerImpl.java:setRole(174)) - 59ec8f59-497a-428b-8454-a1dbaa70abd6@group-0CD34D698E0C: changes role from  FOLLOWER to FOLLOWER at term 1 for recognizeCandidate:266f4e38-b438-4944-8569-530d2ae5f6fc
2019-09-29 11:26:43,846 [grpc-default-executor-27] INFO  impl.RaftServerImpl (RaftServerImpl.java:setRole(174)) - d7821b28-18a7-4460-b735-be2c20024ab7@group-0CD34D698E0C: changes role from  FOLLOWER to FOLLOWER at term 1 for recognizeCandidate:266f4e38-b438-4944-8569-530d2ae5f6fc
2019-09-29 11:26:43,844 [d7821b28-18a7-4460-b735-be2c20024ab7@group-0B10E023A48A:LeaderElection116] INFO  segmented.SegmentedRaftLogWorker (SegmentedRaftLogWorker.java:startLogSegment(380)) - d7821b28-18a7-4460-b735-be2c20024ab7@group-0B10E023A48A-SegmentedRaftLogWorker: Starting segment from index:0
2019-09-29 11:26:43,846 [grpc-default-executor-27] INFO  impl.RoleInfo (RoleInfo.java:shutdownFollowerState(121)) - d7821b28-18a7-4460-b735-be2c20024ab7: shutdown FollowerState
2019-09-29 11:26:43,846 [grpc-default-executor-19] INFO  impl.RoleInfo (RoleInfo.java:shutdownFollowerState(121)) - 59ec8f59-497a-428b-8454-a1dbaa70abd6: shutdown FollowerState
2019-09-29 11:26:43,846 [d7821b28-18a7-4460-b735-be2c20024ab7@group-0B10E023A48A:LeaderElection116] INFO  impl.RaftServerImpl (ServerState.java:setRaftConf(354)) - d7821b28-18a7-4460-b735-be2c20024ab7@group-0B10E023A48A: set configuration 0: [d7821b28-18a7-4460-b735-be2c20024ab7:192.168.30.19:45148], old=null at 0
2019-09-29 11:26:43,846 [grpc-default-executor-27] INFO  impl.RoleInfo (RoleInfo.java:updateAndGet(143)) - d7821b28-18a7-4460-b735-be2c20024ab7: start FollowerState
2019-09-29 11:26:43,847 [Thread-5932] INFO  impl.FollowerState (FollowerState.java:run(115)) - 59ec8f59-497a-428b-8454-a1dbaa70abd6: FollowerState was interrupted: java.lang.InterruptedException: sleep interrupted
2019-09-29 11:26:43,846 [Thread-5937] INFO  impl.FollowerState (FollowerState.java:run(115)) - d7821b28-18a7-4460-b735-be2c20024ab7: FollowerState was interrupted: java.lang.InterruptedException: sleep interrupted
2019-09-29 11:26:43,846 [grpc-default-executor-19] INFO  impl.RoleInfo (RoleInfo.java:updateAndGet(143)) - 59ec8f59-497a-428b-8454-a1dbaa70abd6: start FollowerState
2019-09-29 11:26:43,860 [266f4e38-b438-4944-8569-530d2ae5f6fc@group-4B0C29B2851B:LeaderElection118] INFO  impl.LeaderElection (LeaderElection.java:askForVotes(182)) - 266f4e38-b438-4944-8569-530d2ae5f6fc@group-4B0C29B2851B:LeaderElection118: begin an election at term 1 for -1: [266f4e38-b438-4944-8569-530d2ae5f6fc:192.168.30.19:46645], old=null
2019-09-29 11:26:43,861 [266f4e38-b438-4944-8569-530d2ae5f6fc@group-4B0C29B2851B:LeaderElection118] INFO  impl.RoleInfo (RoleInfo.java:shutdownLeaderElection(134)) - 266f4e38-b438-4944-8569-530d2ae5f6fc: shutdown LeaderElection
2019-09-29 11:26:43,861 [266f4e38-b438-4944-8569-530d2ae5f6fc@group-4B0C29B2851B:LeaderElection118] INFO  impl.RaftServerImpl (RaftServerImpl.java:setRole(174)) - 266f4e38-b438-4944-8569-530d2ae5f6fc@group-4B0C29B2851B: changes role from CANDIDATE to LEADER at term 1 for changeToLeader
2019-09-29 11:26:43,861 [266f4e38-b438-4944-8569-530d2ae5f6fc@group-4B0C29B2851B:LeaderElection118] INFO  impl.RaftServerImpl (ServerState.java:setLeader(253)) - 266f4e38-b438-4944-8569-530d2ae5f6fc@group-4B0C29B2851B: change Leader from null to 266f4e38-b438-4944-8569-530d2ae5f6fc at term 1 for becomeLeader, leader elected after 5149ms
2019-09-29 11:26:43,861 [266f4e38-b438-4944-8569-530d2ae5f6fc@group-4B0C29B2851B:LeaderElection118] INFO  server.RaftServerConfigKeys (ConfUtils.java:logGet(43)) - raft.server.staging.catchup.gap = 1000 (default)
2019-09-29 11:26:43,861 [266f4e38-b438-4944-8569-530d2ae5f6fc@group-0CD34D698E0C:LeaderElection117] INFO  impl.LeaderElection (LeaderElection.java:logAndReturn(56)) - 266f4e38-b438-4944-8569-530d2ae5f6fc@group-0CD34D698E0C:LeaderElection117: Election PASSED; received 1 response(s) [266f4e38-b438-4944-8569-530d2ae5f6fc<-d7821b28-18a7-4460-b735-be2c20024ab7#0:OK-t1] and 0 exception(s); 266f4e38-b438-4944-8569-530d2ae5f6fc@group-0CD34D698E0C:t1, leader=null, voted=266f4e38-b438-4944-8569-530d2ae5f6fc, raftlog=266f4e38-b438-4944-8569-530d2ae5f6fc@group-0CD34D698E0C-SegmentedRaftLog:OPENED:c-1,f-1,i0, conf=-1: [59ec8f59-497a-428b-8454-a1dbaa70abd6:192.168.30.19:34609, 266f4e38-b438-4944-8569-530d2ae5f6fc:192.168.30.19:46645, d7821b28-18a7-4460-b735-be2c20024ab7:192.168.30.19:45148], old=null
2019-09-29 11:26:43,861 [266f4e38-b438-4944-8569-530d2ae5f6fc@group-4B0C29B2851B:LeaderElection118] INFO  server.RaftServerConfigKeys (ConfUtils.java:logGet(43)) - raft.server.rpc.sleep.time = 25ms (default)
2019-09-29 11:26:43,861 [266f4e38-b438-4944-8569-530d2ae5f6fc@group-0CD34D698E0C:LeaderElection117] INFO  impl.RoleInfo (RoleInfo.java:shutdownLeaderElection(134)) - 266f4e38-b438-4944-8569-530d2ae5f6fc: shutdown LeaderElection
2019-09-29 11:26:43,862 [266f4e38-b438-4944-8569-530d2ae5f6fc@group-4B0C29B2851B:LeaderElection118] INFO  server.RaftServerConfigKeys (ConfUtils.java:logGet(43)) - raft.server.write.element-limit = 4096 (default)
2019-09-29 11:26:43,862 [266f4e38-b438-4944-8569-530d2ae5f6fc@group-0CD34D698E0C:LeaderElection117] INFO  impl.RaftServerImpl (RaftServerImpl.java:setRole(174)) - 266f4e38-b438-4944-8569-530d2ae5f6fc@group-0CD34D698E0C: changes role from CANDIDATE to LEADER at term 1 for changeToLeader
2019-09-29 11:26:43,862 [266f4e38-b438-4944-8569-530d2ae5f6fc@group-4B0C29B2851B:LeaderElection118] INFO  server.RaftServerConfigKeys (ConfUtils.java:logGet(43)) - raft.server.watch.timeout = 10s (default)
2019-09-29 11:26:43,862 [266f4e38-b438-4944-8569-530d2ae5f6fc@group-0CD34D698E0C:LeaderElection117] INFO  impl.RaftServerImpl (ServerState.java:setLeader(253)) - 266f4e38-b438-4944-8569-530d2ae5f6fc@group-0CD34D698E0C: change Leader from null to 266f4e38-b438-4944-8569-530d2ae5f6fc at term 1 for becomeLeader, leader elected after 5092ms
2019-09-29 11:26:43,862 [266f4e38-b438-4944-8569-530d2ae5f6fc@group-4B0C29B2851B:LeaderElection118] INFO  server.RaftServerConfigKeys (ConfUtils.java:logGet(43)) - raft.server.watch.timeout.denomination = 1s (default)
2019-09-29 11:26:43,862 [266f4e38-b438-4944-8569-530d2ae5f6fc@group-0CD34D698E0C:LeaderElection117] INFO  server.RaftServerConfigKeys (ConfUtils.java:logGet(43)) - raft.server.staging.catchup.gap = 1000 (default)
2019-09-29 11:26:43,862 [266f4e38-b438-4944-8569-530d2ae5f6fc@group-4B0C29B2851B:LeaderElection118] INFO  server.RaftServerConfigKeys (ConfUtils.java:logGet(43)) - raft.server.watch.element-limit = 65536 (default)
2019-09-29 11:26:43,862 [266f4e38-b438-4944-8569-530d2ae5f6fc@group-0CD34D698E0C:LeaderElection117] INFO  server.RaftServerConfigKeys (ConfUtils.java:logGet(43)) - raft.server.rpc.sleep.time = 25ms (default)
2019-09-29 11:26:43,862 [266f4e38-b438-4944-8569-530d2ae5f6fc@group-0CD34D698E0C:LeaderElection117] INFO  server.RaftServerConfigKeys (ConfUtils.java:logGet(43)) - raft.server.write.element-limit = 4096 (default)
2019-09-29 11:26:43,862 [266f4e38-b438-4944-8569-530d2ae5f6fc@group-0CD34D698E0C:LeaderElection117] INFO  server.RaftServerConfigKeys (ConfUtils.java:logGet(43)) - raft.server.watch.timeout = 10s (default)
2019-09-29 11:26:43,862 [266f4e38-b438-4944-8569-530d2ae5f6fc@group-0CD34D698E0C:LeaderElection117] INFO  server.RaftServerConfigKeys (ConfUtils.java:logGet(43)) - raft.server.watch.timeout.denomination = 1s (default)
2019-09-29 11:26:43,863 [266f4e38-b438-4944-8569-530d2ae5f6fc@group-0CD34D698E0C:LeaderElection117] INFO  server.RaftServerConfigKeys (ConfUtils.java:logGet(43)) - raft.server.watch.element-limit = 65536 (default)
2019-09-29 11:26:43,864 [266f4e38-b438-4944-8569-530d2ae5f6fc@group-4B0C29B2851B:LeaderElection118] INFO  impl.RoleInfo (RoleInfo.java:updateAndGet(143)) - 266f4e38-b438-4944-8569-530d2ae5f6fc: start LeaderState
2019-09-29 11:26:43,864 [266f4e38-b438-4944-8569-530d2ae5f6fc@group-4B0C29B2851B:LeaderElection118] INFO  segmented.SegmentedRaftLogWorker (SegmentedRaftLogWorker.java:startLogSegment(380)) - 266f4e38-b438-4944-8569-530d2ae5f6fc@group-4B0C29B2851B-SegmentedRaftLogWorker: Starting segment from index:0
2019-09-29 11:26:43,864 [266f4e38-b438-4944-8569-530d2ae5f6fc@group-4B0C29B2851B:LeaderElection118] INFO  impl.RaftServerImpl (ServerState.java:setRaftConf(354)) - 266f4e38-b438-4944-8569-530d2ae5f6fc@group-4B0C29B2851B: set configuration 0: [266f4e38-b438-4944-8569-530d2ae5f6fc:192.168.30.19:46645], old=null at 0
2019-09-29 11:26:43,864 [266f4e38-b438-4944-8569-530d2ae5f6fc@group-0CD34D698E0C:LeaderElection117] INFO  server.RaftServerConfigKeys (ConfUtils.java:logGet(43)) - raft.server.log.appender.snapshot.chunk.size.max = 16MB (=16777216) (default)
2019-09-29 11:26:43,865 [266f4e38-b438-4944-8569-530d2ae5f6fc@group-0CD34D698E0C:LeaderElection117] INFO  server.RaftServerConfigKeys (ConfUtils.java:logGet(43)) - raft.server.log.appender.buffer.byte-limit = 33554432 (custom)
2019-09-29 11:26:43,865 [266f4e38-b438-4944-8569-530d2ae5f6fc@group-0CD34D698E0C:LeaderElection117] INFO  server.RaftServerConfigKeys (ConfUtils.java:logGet(43)) - raft.server.log.appender.buffer.element-limit = 1 (custom)
2019-09-29 11:26:43,865 [266f4e38-b438-4944-8569-530d2ae5f6fc@group-0CD34D698E0C:LeaderElection117] INFO  grpc.GrpcConfigKeys$Server (ConfUtils.java:logGet(43)) - raft.grpc.server.leader.outstanding.appends.max = 128 (default)
2019-09-29 11:26:43,865 [266f4e38-b438-4944-8569-530d2ae5f6fc@group-0CD34D698E0C:LeaderElection117] INFO  server.RaftServerConfigKeys (ConfUtils.java:logGet(43)) - raft.server.rpc.request.timeout = 3000ms (default)
2019-09-29 11:26:43,865 [266f4e38-b438-4944-8569-530d2ae5f6fc@group-0CD34D698E0C:LeaderElection117] INFO  server.RaftServerConfigKeys (ConfUtils.java:logGet(43)) - raft.server.log.appender.install.snapshot.enabled = false (custom)
2019-09-29 11:26:43,865 [266f4e38-b438-4944-8569-530d2ae5f6fc@group-0CD34D698E0C:LeaderElection117] INFO  server.RaftServerConfigKeys (ConfUtils.java:logGet(43)) - raft.server.log.appender.snapshot.chunk.size.max = 16MB (=16777216) (default)
2019-09-29 11:26:43,866 [266f4e38-b438-4944-8569-530d2ae5f6fc@group-0CD34D698E0C:LeaderElection117] INFO  server.RaftServerConfigKeys (ConfUtils.java:logGet(43)) - raft.server.log.appender.buffer.byte-limit = 33554432 (custom)
2019-09-29 11:26:43,866 [266f4e38-b438-4944-8569-530d2ae5f6fc@group-0CD34D698E0C:LeaderElection117] INFO  server.RaftServerConfigKeys (ConfUtils.java:logGet(43)) - raft.server.log.appender.buffer.element-limit = 1 (custom)
2019-09-29 11:26:43,866 [266f4e38-b438-4944-8569-530d2ae5f6fc@group-0CD34D698E0C:LeaderElection117] INFO  grpc.GrpcConfigKeys$Server (ConfUtils.java:logGet(43)) - raft.grpc.server.leader.outstanding.appends.max = 128 (default)
2019-09-29 11:26:43,866 [266f4e38-b438-4944-8569-530d2ae5f6fc@group-0CD34D698E0C:LeaderElection117] INFO  server.RaftServerConfigKeys (ConfUtils.java:logGet(43)) - raft.server.rpc.request.timeout = 3000ms (default)
2019-09-29 11:26:43,866 [266f4e38-b438-4944-8569-530d2ae5f6fc@group-0CD34D698E0C:LeaderElection117] INFO  server.RaftServerConfigKeys (ConfUtils.java:logGet(43)) - raft.server.log.appender.install.snapshot.enabled = false (custom)
2019-09-29 11:26:43,866 [266f4e38-b438-4944-8569-530d2ae5f6fc@group-0CD34D698E0C:LeaderElection117] INFO  impl.RoleInfo (RoleInfo.java:updateAndGet(143)) - 266f4e38-b438-4944-8569-530d2ae5f6fc: start LeaderState
2019-09-29 11:26:43,866 [266f4e38-b438-4944-8569-530d2ae5f6fc@group-0CD34D698E0C:LeaderElection117] INFO  segmented.SegmentedRaftLogWorker (SegmentedRaftLogWorker.java:startLogSegment(380)) - 266f4e38-b438-4944-8569-530d2ae5f6fc@group-0CD34D698E0C-SegmentedRaftLogWorker: Starting segment from index:0
2019-09-29 11:26:43,867 [266f4e38-b438-4944-8569-530d2ae5f6fc@group-0CD34D698E0C:LeaderElection117] INFO  impl.RaftServerImpl (ServerState.java:setRaftConf(354)) - 266f4e38-b438-4944-8569-530d2ae5f6fc@group-0CD34D698E0C: set configuration 0: [59ec8f59-497a-428b-8454-a1dbaa70abd6:192.168.30.19:34609, 266f4e38-b438-4944-8569-530d2ae5f6fc:192.168.30.19:46645, d7821b28-18a7-4460-b735-be2c20024ab7:192.168.30.19:45148], old=null at 0
2019-09-29 11:26:43,868 [grpc-default-executor-19] INFO  impl.RaftServerImpl (ServerState.java:setLeader(253)) - 59ec8f59-497a-428b-8454-a1dbaa70abd6@group-0CD34D698E0C: change Leader from null to 266f4e38-b438-4944-8569-530d2ae5f6fc at term 1 for appendEntries, leader elected after 5110ms
2019-09-29 11:26:43,869 [grpc-default-executor-19] INFO  impl.RaftServerImpl (ServerState.java:setLeader(253)) - d7821b28-18a7-4460-b735-be2c20024ab7@group-0CD34D698E0C: change Leader from null to 266f4e38-b438-4944-8569-530d2ae5f6fc at term 1 for appendEntries, leader elected after 5098ms
2019-09-29 11:26:43,870 [grpc-default-executor-19] INFO  impl.RaftServerImpl (ServerState.java:setRaftConf(354)) - 59ec8f59-497a-428b-8454-a1dbaa70abd6@group-0CD34D698E0C: set configuration 0: [59ec8f59-497a-428b-8454-a1dbaa70abd6:192.168.30.19:34609, 266f4e38-b438-4944-8569-530d2ae5f6fc:192.168.30.19:46645, d7821b28-18a7-4460-b735-be2c20024ab7:192.168.30.19:45148], old=null at 0
2019-09-29 11:26:43,870 [grpc-default-executor-19] INFO  segmented.SegmentedRaftLogWorker (SegmentedRaftLogWorker.java:startLogSegment(380)) - 59ec8f59-497a-428b-8454-a1dbaa70abd6@group-0CD34D698E0C-SegmentedRaftLogWorker: Starting segment from index:0
2019-09-29 11:26:43,871 [grpc-default-executor-27] INFO  impl.RaftServerImpl (ServerState.java:setRaftConf(354)) - d7821b28-18a7-4460-b735-be2c20024ab7@group-0CD34D698E0C: set configuration 0: [59ec8f59-497a-428b-8454-a1dbaa70abd6:192.168.30.19:34609, 266f4e38-b438-4944-8569-530d2ae5f6fc:192.168.30.19:46645, d7821b28-18a7-4460-b735-be2c20024ab7:192.168.30.19:45148], old=null at 0
2019-09-29 11:26:43,871 [grpc-default-executor-27] INFO  segmented.SegmentedRaftLogWorker (SegmentedRaftLogWorker.java:startLogSegment(380)) - d7821b28-18a7-4460-b735-be2c20024ab7@group-0CD34D698E0C-SegmentedRaftLogWorker: Starting segment from index:0
2019-09-29 11:26:43,877 [Thread-5944] INFO  impl.FollowerState (FollowerState.java:run(106)) - 266f4e38-b438-4944-8569-530d2ae5f6fc:group-086DA515FD7E changes to CANDIDATE, lastRpcTime:5011, electionTimeout:5011ms
2019-09-29 11:26:43,877 [Thread-5944] INFO  impl.RoleInfo (RoleInfo.java:shutdownFollowerState(121)) - 266f4e38-b438-4944-8569-530d2ae5f6fc: shutdown FollowerState
2019-09-29 11:26:43,877 [Thread-5944] INFO  impl.RaftServerImpl (RaftServerImpl.java:setRole(174)) - 266f4e38-b438-4944-8569-530d2ae5f6fc@group-086DA515FD7E: changes role from  FOLLOWER to CANDIDATE at term 0 for changeToCandidate
2019-09-29 11:26:43,877 [Thread-5944] INFO  impl.RoleInfo (RoleInfo.java:updateAndGet(143)) - 266f4e38-b438-4944-8569-530d2ae5f6fc: start LeaderElection
2019-09-29 11:26:43,909 [Thread-5942] INFO  impl.FollowerState (FollowerState.java:run(106)) - d7821b28-18a7-4460-b735-be2c20024ab7:group-086DA515FD7E changes to CANDIDATE, lastRpcTime:5045, electionTimeout:5035ms
2019-09-29 11:26:43,910 [Thread-5942] INFO  impl.RoleInfo (RoleInfo.java:shutdownFollowerState(121)) - d7821b28-18a7-4460-b735-be2c20024ab7: shutdown FollowerState
2019-09-29 11:26:43,910 [Thread-5942] INFO  impl.RaftServerImpl (RaftServerImpl.java:setRole(174)) - d7821b28-18a7-4460-b735-be2c20024ab7@group-086DA515FD7E: changes role from  FOLLOWER to CANDIDATE at term 0 for changeToCandidate
2019-09-29 11:26:43,910 [Thread-5942] INFO  impl.RoleInfo (RoleInfo.java:updateAndGet(143)) - d7821b28-18a7-4460-b735-be2c20024ab7: start LeaderElection
2019-09-29 11:26:43,933 [59ec8f59-497a-428b-8454-a1dbaa70abd6@group-0CD34D698E0C-SegmentedRaftLogWorker] INFO  segmented.SegmentedRaftLogWorker (SegmentedRaftLogWorker.java:execute(569)) - 59ec8f59-497a-428b-8454-a1dbaa70abd6@group-0CD34D698E0C-SegmentedRaftLogWorker: created new log segment /workdir/hadoop-ozone/integration-test/target/test-dir/MiniOzoneClusterImpl-f848b852-1aaf-4c40-a29c-4c10b1dc7f95/datanode-0/data/ratis/34d49c9d-af83-4d29-8968-0cd34d698e0c/current/log_inprogress_0
2019-09-29 11:26:43,933 [d7821b28-18a7-4460-b735-be2c20024ab7@group-0CD34D698E0C-SegmentedRaftLogWorker] INFO  segmented.SegmentedRaftLogWorker (SegmentedRaftLogWorker.java:execute(569)) - d7821b28-18a7-4460-b735-be2c20024ab7@group-0CD34D698E0C-SegmentedRaftLogWorker: created new log segment /workdir/hadoop-ozone/integration-test/target/test-dir/MiniOzoneClusterImpl-f848b852-1aaf-4c40-a29c-4c10b1dc7f95/datanode-1/data/ratis/34d49c9d-af83-4d29-8968-0cd34d698e0c/current/log_inprogress_0
2019-09-29 11:26:43,933 [266f4e38-b438-4944-8569-530d2ae5f6fc@group-086DA515FD7E:LeaderElection119] INFO  impl.LeaderElection (LeaderElection.java:askForVotes(182)) - 266f4e38-b438-4944-8569-530d2ae5f6fc@group-086DA515FD7E:LeaderElection119: begin an election at term 1 for -1: [266f4e38-b438-4944-8569-530d2ae5f6fc:192.168.30.19:46645, d7821b28-18a7-4460-b735-be2c20024ab7:192.168.30.19:45148, c5175ad5-525e-4c2e-832b-1ca15aa9c500:192.168.30.19:40504], old=null
2019-09-29 11:26:43,933 [d7821b28-18a7-4460-b735-be2c20024ab7@group-086DA515FD7E:LeaderElection120] INFO  impl.LeaderElection (LeaderElection.java:askForVotes(182)) - d7821b28-18a7-4460-b735-be2c20024ab7@group-086DA515FD7E:LeaderElection120: begin an election at term 1 for -1: [266f4e38-b438-4944-8569-530d2ae5f6fc:192.168.30.19:46645, d7821b28-18a7-4460-b735-be2c20024ab7:192.168.30.19:45148, c5175ad5-525e-4c2e-832b-1ca15aa9c500:192.168.30.19:40504], old=null
2019-09-29 11:26:43,933 [266f4e38-b438-4944-8569-530d2ae5f6fc@group-4B0C29B2851B-SegmentedRaftLogWorker] INFO  segmented.SegmentedRaftLogWorker (SegmentedRaftLogWorker.java:execute(569)) - 266f4e38-b438-4944-8569-530d2ae5f6fc@group-4B0C29B2851B-SegmentedRaftLogWorker: created new log segment /workdir/hadoop-ozone/integration-test/target/test-dir/MiniOzoneClusterImpl-f848b852-1aaf-4c40-a29c-4c10b1dc7f95/datanode-2/data/ratis/bf62e0f5-81be-4bc0-872a-4b0c29b2851b/current/log_inprogress_0
2019-09-29 11:26:43,933 [266f4e38-b438-4944-8569-530d2ae5f6fc@group-0CD34D698E0C-SegmentedRaftLogWorker] INFO  segmented.SegmentedRaftLogWorker (SegmentedRaftLogWorker.java:execute(569)) - 266f4e38-b438-4944-8569-530d2ae5f6fc@group-0CD34D698E0C-SegmentedRaftLogWorker: created new log segment /workdir/hadoop-ozone/integration-test/target/test-dir/MiniOzoneClusterImpl-f848b852-1aaf-4c40-a29c-4c10b1dc7f95/datanode-2/data/ratis/34d49c9d-af83-4d29-8968-0cd34d698e0c/current/log_inprogress_0
2019-09-29 11:26:43,933 [d7821b28-18a7-4460-b735-be2c20024ab7@group-0B10E023A48A-SegmentedRaftLogWorker] INFO  segmented.SegmentedRaftLogWorker (SegmentedRaftLogWorker.java:execute(569)) - d7821b28-18a7-4460-b735-be2c20024ab7@group-0B10E023A48A-SegmentedRaftLogWorker: created new log segment /workdir/hadoop-ozone/integration-test/target/test-dir/MiniOzoneClusterImpl-f848b852-1aaf-4c40-a29c-4c10b1dc7f95/datanode-1/data/ratis/ba3cd4d5-439d-45a6-994b-0b10e023a48a/current/log_inprogress_0
2019-09-29 11:26:43,940 [grpc-default-executor-26] INFO  impl.RaftServerImpl (RaftServerImpl.java:setRole(174)) - c5175ad5-525e-4c2e-832b-1ca15aa9c500@group-086DA515FD7E: changes role from  FOLLOWER to FOLLOWER at term 1 for recognizeCandidate:266f4e38-b438-4944-8569-530d2ae5f6fc
2019-09-29 11:26:43,940 [grpc-default-executor-26] INFO  impl.RoleInfo (RoleInfo.java:shutdownFollowerState(121)) - c5175ad5-525e-4c2e-832b-1ca15aa9c500: shutdown FollowerState
2019-09-29 11:26:43,940 [grpc-default-executor-26] INFO  impl.RoleInfo (RoleInfo.java:updateAndGet(143)) - c5175ad5-525e-4c2e-832b-1ca15aa9c500: start FollowerState
2019-09-29 11:26:43,940 [Thread-5947] INFO  impl.FollowerState (FollowerState.java:run(115)) - c5175ad5-525e-4c2e-832b-1ca15aa9c500: FollowerState was interrupted: java.lang.InterruptedException: sleep interrupted
2019-09-29 11:26:43,955 [266f4e38-b438-4944-8569-530d2ae5f6fc@group-086DA515FD7E:LeaderElection119] INFO  impl.LeaderElection (LeaderElection.java:logAndReturn(56)) - 266f4e38-b438-4944-8569-530d2ae5f6fc@group-086DA515FD7E:LeaderElection119: Election PASSED; received 2 response(s) [266f4e38-b438-4944-8569-530d2ae5f6fc<-d7821b28-18a7-4460-b735-be2c20024ab7#0:FAIL-t1, 266f4e38-b438-4944-8569-530d2ae5f6fc<-c5175ad5-525e-4c2e-832b-1ca15aa9c500#0:OK-t1] and 0 exception(s); 266f4e38-b438-4944-8569-530d2ae5f6fc@group-086DA515FD7E:t1, leader=null, voted=266f4e38-b438-4944-8569-530d2ae5f6fc, raftlog=266f4e38-b438-4944-8569-530d2ae5f6fc@group-086DA515FD7E-SegmentedRaftLog:OPENED:c-1,f-1,i0, conf=-1: [266f4e38-b438-4944-8569-530d2ae5f6fc:192.168.30.19:46645, d7821b28-18a7-4460-b735-be2c20024ab7:192.168.30.19:45148, c5175ad5-525e-4c2e-832b-1ca15aa9c500:192.168.30.19:40504], old=null
2019-09-29 11:26:43,955 [d7821b28-18a7-4460-b735-be2c20024ab7@group-086DA515FD7E:LeaderElection120] INFO  impl.LeaderElection (LeaderElection.java:logAndReturn(56)) - d7821b28-18a7-4460-b735-be2c20024ab7@group-086DA515FD7E:LeaderElection120: Election REJECTED; received 2 response(s) [d7821b28-18a7-4460-b735-be2c20024ab7<-266f4e38-b438-4944-8569-530d2ae5f6fc#0:FAIL-t1, d7821b28-18a7-4460-b735-be2c20024ab7<-c5175ad5-525e-4c2e-832b-1ca15aa9c500#0:FAIL-t1] and 0 exception(s); d7821b28-18a7-4460-b735-be2c20024ab7@group-086DA515FD7E:t1, leader=null, voted=d7821b28-18a7-4460-b735-be2c20024ab7, raftlog=d7821b28-18a7-4460-b735-be2c20024ab7@group-086DA515FD7E-SegmentedRaftLog:OPENED:c-1,f-1,i0, conf=-1: [266f4e38-b438-4944-8569-530d2ae5f6fc:192.168.30.19:46645, d7821b28-18a7-4460-b735-be2c20024ab7:192.168.30.19:45148, c5175ad5-525e-4c2e-832b-1ca15aa9c500:192.168.30.19:40504], old=null
2019-09-29 11:26:43,955 [266f4e38-b438-4944-8569-530d2ae5f6fc@group-086DA515FD7E:LeaderElection119] INFO  impl.RoleInfo (RoleInfo.java:shutdownLeaderElection(134)) - 266f4e38-b438-4944-8569-530d2ae5f6fc: shutdown LeaderElection
2019-09-29 11:26:43,955 [d7821b28-18a7-4460-b735-be2c20024ab7@group-086DA515FD7E:LeaderElection120] INFO  impl.RaftServerImpl (RaftServerImpl.java:setRole(174)) - d7821b28-18a7-4460-b735-be2c20024ab7@group-086DA515FD7E: changes role from CANDIDATE to FOLLOWER at term 1 for DISCOVERED_A_NEW_TERM
2019-09-29 11:26:43,956 [d7821b28-18a7-4460-b735-be2c20024ab7@group-086DA515FD7E:LeaderElection120] INFO  impl.RoleInfo (RoleInfo.java:shutdownLeaderElection(134)) - d7821b28-18a7-4460-b735-be2c20024ab7: shutdown LeaderElection
2019-09-29 11:26:43,955 [266f4e38-b438-4944-8569-530d2ae5f6fc@group-086DA515FD7E:LeaderElection119] INFO  impl.RaftServerImpl (RaftServerImpl.java:setRole(174)) - 266f4e38-b438-4944-8569-530d2ae5f6fc@group-086DA515FD7E: changes role from CANDIDATE to LEADER at term 1 for changeToLeader
2019-09-29 11:26:43,956 [d7821b28-18a7-4460-b735-be2c20024ab7@group-086DA515FD7E:LeaderElection120] INFO  impl.RoleInfo (RoleInfo.java:updateAndGet(143)) - d7821b28-18a7-4460-b735-be2c20024ab7: start FollowerState
2019-09-29 11:26:43,956 [266f4e38-b438-4944-8569-530d2ae5f6fc@group-086DA515FD7E:LeaderElection119] INFO  impl.RaftServerImpl (ServerState.java:setLeader(253)) - 266f4e38-b438-4944-8569-530d2ae5f6fc@group-086DA515FD7E: change Leader from null to 266f4e38-b438-4944-8569-530d2ae5f6fc at term 1 for becomeLeader, leader elected after 5099ms
2019-09-29 11:26:43,956 [266f4e38-b438-4944-8569-530d2ae5f6fc@group-086DA515FD7E:LeaderElection119] INFO  server.RaftServerConfigKeys (ConfUtils.java:logGet(43)) - raft.server.staging.catchup.gap = 1000 (default)
2019-09-29 11:26:43,956 [266f4e38-b438-4944-8569-530d2ae5f6fc@group-086DA515FD7E:LeaderElection119] INFO  server.RaftServerConfigKeys (ConfUtils.java:logGet(43)) - raft.server.rpc.sleep.time = 25ms (default)
2019-09-29 11:26:43,956 [266f4e38-b438-4944-8569-530d2ae5f6fc@group-086DA515FD7E:LeaderElection119] INFO  server.RaftServerConfigKeys (ConfUtils.java:logGet(43)) - raft.server.write.element-limit = 4096 (default)
2019-09-29 11:26:43,956 [266f4e38-b438-4944-8569-530d2ae5f6fc@group-086DA515FD7E:LeaderElection119] INFO  server.RaftServerConfigKeys (ConfUtils.java:logGet(43)) - raft.server.watch.timeout = 10s (default)
2019-09-29 11:26:43,957 [266f4e38-b438-4944-8569-530d2ae5f6fc@group-086DA515FD7E:LeaderElection119] INFO  server.RaftServerConfigKeys (ConfUtils.java:logGet(43)) - raft.server.watch.timeout.denomination = 1s (default)
2019-09-29 11:26:43,957 [266f4e38-b438-4944-8569-530d2ae5f6fc@group-086DA515FD7E:LeaderElection119] INFO  server.RaftServerConfigKeys (ConfUtils.java:logGet(43)) - raft.server.watch.element-limit = 65536 (default)
2019-09-29 11:26:43,959 [266f4e38-b438-4944-8569-530d2ae5f6fc@group-086DA515FD7E:LeaderElection119] INFO  server.RaftServerConfigKeys (ConfUtils.java:logGet(43)) - raft.server.log.appender.snapshot.chunk.size.max = 16MB (=16777216) (default)
2019-09-29 11:26:43,959 [266f4e38-b438-4944-8569-530d2ae5f6fc@group-086DA515FD7E:LeaderElection119] INFO  server.RaftServerConfigKeys (ConfUtils.java:logGet(43)) - raft.server.log.appender.buffer.byte-limit = 33554432 (custom)
2019-09-29 11:26:43,960 [266f4e38-b438-4944-8569-530d2ae5f6fc@group-086DA515FD7E:LeaderElection119] INFO  server.RaftServerConfigKeys (ConfUtils.java:logGet(43)) - raft.server.log.appender.buffer.element-limit = 1 (custom)
2019-09-29 11:26:43,960 [266f4e38-b438-4944-8569-530d2ae5f6fc@group-086DA515FD7E:LeaderElection119] INFO  grpc.GrpcConfigKeys$Server (ConfUtils.java:logGet(43)) - raft.grpc.server.leader.outstanding.appends.max = 128 (default)
2019-09-29 11:26:43,960 [266f4e38-b438-4944-8569-530d2ae5f6fc@group-086DA515FD7E:LeaderElection119] INFO  server.RaftServerConfigKeys (ConfUtils.java:logGet(43)) - raft.server.rpc.request.timeout = 3000ms (default)
2019-09-29 11:26:43,960 [266f4e38-b438-4944-8569-530d2ae5f6fc@group-086DA515FD7E:LeaderElection119] INFO  server.RaftServerConfigKeys (ConfUtils.java:logGet(43)) - raft.server.log.appender.install.snapshot.enabled = false (custom)
2019-09-29 11:26:43,960 [266f4e38-b438-4944-8569-530d2ae5f6fc@group-086DA515FD7E:LeaderElection119] INFO  server.RaftServerConfigKeys (ConfUtils.java:logGet(43)) - raft.server.log.appender.snapshot.chunk.size.max = 16MB (=16777216) (default)
2019-09-29 11:26:43,960 [266f4e38-b438-4944-8569-530d2ae5f6fc@group-086DA515FD7E:LeaderElection119] INFO  server.RaftServerConfigKeys (ConfUtils.java:logGet(43)) - raft.server.log.appender.buffer.byte-limit = 33554432 (custom)
2019-09-29 11:26:43,961 [266f4e38-b438-4944-8569-530d2ae5f6fc@group-086DA515FD7E:LeaderElection119] INFO  server.RaftServerConfigKeys (ConfUtils.java:logGet(43)) - raft.server.log.appender.buffer.element-limit = 1 (custom)
2019-09-29 11:26:43,961 [266f4e38-b438-4944-8569-530d2ae5f6fc@group-086DA515FD7E:LeaderElection119] INFO  grpc.GrpcConfigKeys$Server (ConfUtils.java:logGet(43)) - raft.grpc.server.leader.outstanding.appends.max = 128 (default)
2019-09-29 11:26:43,961 [266f4e38-b438-4944-8569-530d2ae5f6fc@group-086DA515FD7E:LeaderElection119] INFO  server.RaftServerConfigKeys (ConfUtils.java:logGet(43)) - raft.server.rpc.request.timeout = 3000ms (default)
2019-09-29 11:26:43,961 [266f4e38-b438-4944-8569-530d2ae5f6fc@group-086DA515FD7E:LeaderElection119] INFO  server.RaftServerConfigKeys (ConfUtils.java:logGet(43)) - raft.server.log.appender.install.snapshot.enabled = false (custom)
2019-09-29 11:26:43,961 [266f4e38-b438-4944-8569-530d2ae5f6fc@group-086DA515FD7E:LeaderElection119] INFO  impl.RoleInfo (RoleInfo.java:updateAndGet(143)) - 266f4e38-b438-4944-8569-530d2ae5f6fc: start LeaderState
2019-09-29 11:26:43,961 [266f4e38-b438-4944-8569-530d2ae5f6fc@group-086DA515FD7E:LeaderElection119] INFO  segmented.SegmentedRaftLogWorker (SegmentedRaftLogWorker.java:startLogSegment(380)) - 266f4e38-b438-4944-8569-530d2ae5f6fc@group-086DA515FD7E-SegmentedRaftLogWorker: Starting segment from index:0
2019-09-29 11:26:43,962 [266f4e38-b438-4944-8569-530d2ae5f6fc@group-086DA515FD7E:LeaderElection119] INFO  impl.RaftServerImpl (ServerState.java:setRaftConf(354)) - 266f4e38-b438-4944-8569-530d2ae5f6fc@group-086DA515FD7E: set configuration 0: [266f4e38-b438-4944-8569-530d2ae5f6fc:192.168.30.19:46645, d7821b28-18a7-4460-b735-be2c20024ab7:192.168.30.19:45148, c5175ad5-525e-4c2e-832b-1ca15aa9c500:192.168.30.19:40504], old=null at 0
2019-09-29 11:26:43,963 [grpc-default-executor-26] INFO  impl.RaftServerImpl (ServerState.java:setLeader(253)) - c5175ad5-525e-4c2e-832b-1ca15aa9c500@group-086DA515FD7E: change Leader from null to 266f4e38-b438-4944-8569-530d2ae5f6fc at term 1 for appendEntries, leader elected after 5106ms
2019-09-29 11:26:43,963 [grpc-default-executor-19] INFO  impl.RaftServerImpl (ServerState.java:setLeader(253)) - d7821b28-18a7-4460-b735-be2c20024ab7@group-086DA515FD7E: change Leader from null to 266f4e38-b438-4944-8569-530d2ae5f6fc at term 1 for appendEntries, leader elected after 5106ms
2019-09-29 11:26:43,965 [grpc-default-executor-26] INFO  impl.RaftServerImpl (ServerState.java:setRaftConf(354)) - d7821b28-18a7-4460-b735-be2c20024ab7@group-086DA515FD7E: set configuration 0: [266f4e38-b438-4944-8569-530d2ae5f6fc:192.168.30.19:46645, d7821b28-18a7-4460-b735-be2c20024ab7:192.168.30.19:45148, c5175ad5-525e-4c2e-832b-1ca15aa9c500:192.168.30.19:40504], old=null at 0
2019-09-29 11:26:43,965 [grpc-default-executor-19] INFO  impl.RaftServerImpl (ServerState.java:setRaftConf(354)) - c5175ad5-525e-4c2e-832b-1ca15aa9c500@group-086DA515FD7E: set configuration 0: [266f4e38-b438-4944-8569-530d2ae5f6fc:192.168.30.19:46645, d7821b28-18a7-4460-b735-be2c20024ab7:192.168.30.19:45148, c5175ad5-525e-4c2e-832b-1ca15aa9c500:192.168.30.19:40504], old=null at 0
2019-09-29 11:26:43,965 [grpc-default-executor-26] INFO  segmented.SegmentedRaftLogWorker (SegmentedRaftLogWorker.java:startLogSegment(380)) - d7821b28-18a7-4460-b735-be2c20024ab7@group-086DA515FD7E-SegmentedRaftLogWorker: Starting segment from index:0
2019-09-29 11:26:43,965 [grpc-default-executor-19] INFO  segmented.SegmentedRaftLogWorker (SegmentedRaftLogWorker.java:startLogSegment(380)) - c5175ad5-525e-4c2e-832b-1ca15aa9c500@group-086DA515FD7E-SegmentedRaftLogWorker: Starting segment from index:0
2019-09-29 11:26:44,011 [Thread-5954] INFO  impl.FollowerState (FollowerState.java:run(106)) - c5175ad5-525e-4c2e-832b-1ca15aa9c500:group-C452D2919BED changes to CANDIDATE, lastRpcTime:5067, electionTimeout:5067ms
2019-09-29 11:26:44,011 [Thread-5954] INFO  impl.RoleInfo (RoleInfo.java:shutdownFollowerState(121)) - c5175ad5-525e-4c2e-832b-1ca15aa9c500: shutdown FollowerState
2019-09-29 11:26:44,011 [Thread-5954] INFO  impl.RaftServerImpl (RaftServerImpl.java:setRole(174)) - c5175ad5-525e-4c2e-832b-1ca15aa9c500@group-C452D2919BED: changes role from  FOLLOWER to CANDIDATE at term 0 for changeToCandidate
2019-09-29 11:26:44,011 [Thread-5954] INFO  impl.RoleInfo (RoleInfo.java:updateAndGet(143)) - c5175ad5-525e-4c2e-832b-1ca15aa9c500: start LeaderElection
2019-09-29 11:26:44,013 [c5175ad5-525e-4c2e-832b-1ca15aa9c500@group-086DA515FD7E-SegmentedRaftLogWorker] INFO  segmented.SegmentedRaftLogWorker (SegmentedRaftLogWorker.java:execute(569)) - c5175ad5-525e-4c2e-832b-1ca15aa9c500@group-086DA515FD7E-SegmentedRaftLogWorker: created new log segment /workdir/hadoop-ozone/integration-test/target/test-dir/MiniOzoneClusterImpl-f848b852-1aaf-4c40-a29c-4c10b1dc7f95/datanode-3/data/ratis/67f5dee5-7be3-44d8-8082-086da515fd7e/current/log_inprogress_0
2019-09-29 11:26:44,013 [266f4e38-b438-4944-8569-530d2ae5f6fc@group-086DA515FD7E-SegmentedRaftLogWorker] INFO  segmented.SegmentedRaftLogWorker (SegmentedRaftLogWorker.java:execute(569)) - 266f4e38-b438-4944-8569-530d2ae5f6fc@group-086DA515FD7E-SegmentedRaftLogWorker: created new log segment /workdir/hadoop-ozone/integration-test/target/test-dir/MiniOzoneClusterImpl-f848b852-1aaf-4c40-a29c-4c10b1dc7f95/datanode-2/data/ratis/67f5dee5-7be3-44d8-8082-086da515fd7e/current/log_inprogress_0
2019-09-29 11:26:44,013 [d7821b28-18a7-4460-b735-be2c20024ab7@group-086DA515FD7E-SegmentedRaftLogWorker] INFO  segmented.SegmentedRaftLogWorker (SegmentedRaftLogWorker.java:execute(569)) - d7821b28-18a7-4460-b735-be2c20024ab7@group-086DA515FD7E-SegmentedRaftLogWorker: created new log segment /workdir/hadoop-ozone/integration-test/target/test-dir/MiniOzoneClusterImpl-f848b852-1aaf-4c40-a29c-4c10b1dc7f95/datanode-1/data/ratis/67f5dee5-7be3-44d8-8082-086da515fd7e/current/log_inprogress_0
2019-09-29 11:26:44,196 [Thread-5959] INFO  impl.FollowerState (FollowerState.java:run(106)) - d7821b28-18a7-4460-b735-be2c20024ab7:group-253DF9B988BF changes to CANDIDATE, lastRpcTime:5185, electionTimeout:5163ms
2019-09-29 11:26:44,196 [Thread-5964] INFO  impl.FollowerState (FollowerState.java:run(106)) - 266f4e38-b438-4944-8569-530d2ae5f6fc:group-253DF9B988BF changes to CANDIDATE, lastRpcTime:5182, electionTimeout:5123ms
2019-09-29 11:26:44,196 [Thread-5950] INFO  impl.FollowerState (FollowerState.java:run(106)) - 266f4e38-b438-4944-8569-530d2ae5f6fc:group-C452D2919BED changes to CANDIDATE, lastRpcTime:5255, electionTimeout:5168ms
2019-09-29 11:26:44,196 [Thread-5963] INFO  impl.FollowerState (FollowerState.java:run(106)) - c5175ad5-525e-4c2e-832b-1ca15aa9c500:group-253DF9B988BF changes to CANDIDATE, lastRpcTime:5182, electionTimeout:5150ms
2019-09-29 11:26:44,196 [Thread-5956] INFO  impl.FollowerState (FollowerState.java:run(106)) - d7821b28-18a7-4460-b735-be2c20024ab7:group-C452D2919BED changes to CANDIDATE, lastRpcTime:5250, electionTimeout:5198ms
2019-09-29 11:26:44,220 [Thread-5963] INFO  impl.RoleInfo (RoleInfo.java:shutdownFollowerState(121)) - c5175ad5-525e-4c2e-832b-1ca15aa9c500: shutdown FollowerState
2019-09-29 11:26:44,209 [Thread-5950] INFO  impl.RoleInfo (RoleInfo.java:shutdownFollowerState(121)) - 266f4e38-b438-4944-8569-530d2ae5f6fc: shutdown FollowerState
2019-09-29 11:26:44,209 [Thread-5982] INFO  impl.FollowerState (FollowerState.java:run(106)) - d7821b28-18a7-4460-b735-be2c20024ab7:group-ACE69562662B changes to CANDIDATE, lastRpcTime:5012, electionTimeout:5003ms
2019-09-29 11:26:44,203 [Thread-5964] INFO  impl.RoleInfo (RoleInfo.java:shutdownFollowerState(121)) - 266f4e38-b438-4944-8569-530d2ae5f6fc: shutdown FollowerState
2019-09-29 11:26:44,203 [Thread-5959] INFO  impl.RoleInfo (RoleInfo.java:shutdownFollowerState(121)) - d7821b28-18a7-4460-b735-be2c20024ab7: shutdown FollowerState
2019-09-29 11:26:44,221 [Thread-5959] INFO  impl.RaftServerImpl (RaftServerImpl.java:setRole(174)) - d7821b28-18a7-4460-b735-be2c20024ab7@group-253DF9B988BF: changes role from  FOLLOWER to CANDIDATE at term 0 for changeToCandidate
2019-09-29 11:26:44,202 [c5175ad5-525e-4c2e-832b-1ca15aa9c500@group-C452D2919BED:LeaderElection121] INFO  impl.LeaderElection (LeaderElection.java:askForVotes(182)) - c5175ad5-525e-4c2e-832b-1ca15aa9c500@group-C452D2919BED:LeaderElection121: begin an election at term 1 for -1: [266f4e38-b438-4944-8569-530d2ae5f6fc:192.168.30.19:46645, d7821b28-18a7-4460-b735-be2c20024ab7:192.168.30.19:45148, c5175ad5-525e-4c2e-832b-1ca15aa9c500:192.168.30.19:40504], old=null
2019-09-29 11:26:44,202 [Thread-5969] INFO  impl.FollowerState (FollowerState.java:run(106)) - 266f4e38-b438-4944-8569-530d2ae5f6fc:group-FBE960BC2EDC changes to CANDIDATE, lastRpcTime:5107, electionTimeout:5105ms
2019-09-29 11:26:44,221 [Thread-5959] INFO  impl.RoleInfo (RoleInfo.java:updateAndGet(143)) - d7821b28-18a7-4460-b735-be2c20024ab7: start LeaderElection
2019-09-29 11:26:44,221 [Thread-5964] INFO  impl.RaftServerImpl (RaftServerImpl.java:setRole(174)) - 266f4e38-b438-4944-8569-530d2ae5f6fc@group-253DF9B988BF: changes role from  FOLLOWER to CANDIDATE at term 0 for changeToCandidate
2019-09-29 11:26:44,221 [Thread-5982] INFO  impl.RoleInfo (RoleInfo.java:shutdownFollowerState(121)) - d7821b28-18a7-4460-b735-be2c20024ab7: shutdown FollowerState
2019-09-29 11:26:44,221 [Thread-5950] INFO  impl.RaftServerImpl (RaftServerImpl.java:setRole(174)) - 266f4e38-b438-4944-8569-530d2ae5f6fc@group-C452D2919BED: changes role from  FOLLOWER to CANDIDATE at term 0 for changeToCandidate
2019-09-29 11:26:44,220 [Thread-5963] INFO  impl.RaftServerImpl (RaftServerImpl.java:setRole(174)) - c5175ad5-525e-4c2e-832b-1ca15aa9c500@group-253DF9B988BF: changes role from  FOLLOWER to CANDIDATE at term 0 for changeToCandidate
2019-09-29 11:26:44,220 [Thread-5956] INFO  impl.RoleInfo (RoleInfo.java:shutdownFollowerState(121)) - d7821b28-18a7-4460-b735-be2c20024ab7: shutdown FollowerState
2019-09-29 11:26:44,239 [Thread-5972] INFO  impl.FollowerState (FollowerState.java:run(106)) - d7821b28-18a7-4460-b735-be2c20024ab7:group-FBE960BC2EDC changes to CANDIDATE, lastRpcTime:5142, electionTimeout:5140ms
2019-09-29 11:26:44,227 [Thread-5963] INFO  impl.RoleInfo (RoleInfo.java:updateAndGet(143)) - c5175ad5-525e-4c2e-832b-1ca15aa9c500: start LeaderElection
2019-09-29 11:26:44,222 [Thread-5950] INFO  impl.RoleInfo (RoleInfo.java:updateAndGet(143)) - 266f4e38-b438-4944-8569-530d2ae5f6fc: start LeaderElection
2019-09-29 11:26:44,222 [Thread-5982] INFO  impl.RaftServerImpl (RaftServerImpl.java:setRole(174)) - d7821b28-18a7-4460-b735-be2c20024ab7@group-ACE69562662B: changes role from  FOLLOWER to CANDIDATE at term 0 for changeToCandidate
2019-09-29 11:26:44,222 [Thread-5964] INFO  impl.RoleInfo (RoleInfo.java:updateAndGet(143)) - 266f4e38-b438-4944-8569-530d2ae5f6fc: start LeaderElection
2019-09-29 11:26:44,221 [Thread-5969] INFO  impl.RoleInfo (RoleInfo.java:shutdownFollowerState(121)) - 266f4e38-b438-4944-8569-530d2ae5f6fc: shutdown FollowerState
2019-09-29 11:26:44,301 [Thread-5982] INFO  impl.RoleInfo (RoleInfo.java:updateAndGet(143)) - d7821b28-18a7-4460-b735-be2c20024ab7: start LeaderElection
2019-09-29 11:26:44,301 [Thread-5956] INFO  impl.RaftServerImpl (RaftServerImpl.java:setRole(174)) - d7821b28-18a7-4460-b735-be2c20024ab7@group-C452D2919BED: changes role from  FOLLOWER to CANDIDATE at term 0 for changeToCandidate
2019-09-29 11:26:44,301 [Thread-5972] INFO  impl.RoleInfo (RoleInfo.java:shutdownFollowerState(121)) - d7821b28-18a7-4460-b735-be2c20024ab7: shutdown FollowerState
2019-09-29 11:26:44,260 [Thread-5981] INFO  impl.FollowerState (FollowerState.java:run(106)) - 266f4e38-b438-4944-8569-530d2ae5f6fc:group-ACE69562662B changes to CANDIDATE, lastRpcTime:5081, electionTimeout:5063ms
2019-09-29 11:26:44,302 [Thread-5974] INFO  impl.FollowerState (FollowerState.java:run(106)) - c5175ad5-525e-4c2e-832b-1ca15aa9c500:group-FBE960BC2EDC changes to CANDIDATE, lastRpcTime:5203, electionTimeout:5186ms
2019-09-29 11:26:44,302 [Thread-5972] INFO  impl.RaftServerImpl (RaftServerImpl.java:setRole(174)) - d7821b28-18a7-4460-b735-be2c20024ab7@group-FBE960BC2EDC: changes role from  FOLLOWER to CANDIDATE at term 0 for changeToCandidate
2019-09-29 11:26:44,301 [Thread-5969] INFO  impl.RaftServerImpl (RaftServerImpl.java:setRole(174)) - 266f4e38-b438-4944-8569-530d2ae5f6fc@group-FBE960BC2EDC: changes role from  FOLLOWER to CANDIDATE at term 0 for changeToCandidate
2019-09-29 11:26:44,308 [Thread-5969] INFO  impl.RoleInfo (RoleInfo.java:updateAndGet(143)) - 266f4e38-b438-4944-8569-530d2ae5f6fc: start LeaderElection
2019-09-29 11:26:44,308 [Thread-5974] INFO  impl.RoleInfo (RoleInfo.java:shutdownFollowerState(121)) - c5175ad5-525e-4c2e-832b-1ca15aa9c500: shutdown FollowerState
2019-09-29 11:26:44,305 [Thread-5981] INFO  impl.RoleInfo (RoleInfo.java:shutdownFollowerState(121)) - 266f4e38-b438-4944-8569-530d2ae5f6fc: shutdown FollowerState
2019-09-29 11:26:44,305 [Thread-5956] INFO  impl.RoleInfo (RoleInfo.java:updateAndGet(143)) - d7821b28-18a7-4460-b735-be2c20024ab7: start LeaderElection
2019-09-29 11:26:44,314 [Thread-5981] INFO  impl.RaftServerImpl (RaftServerImpl.java:setRole(174)) - 266f4e38-b438-4944-8569-530d2ae5f6fc@group-ACE69562662B: changes role from  FOLLOWER to CANDIDATE at term 0 for changeToCandidate
2019-09-29 11:26:44,311 [Thread-5974] INFO  impl.RaftServerImpl (RaftServerImpl.java:setRole(174)) - c5175ad5-525e-4c2e-832b-1ca15aa9c500@group-FBE960BC2EDC: changes role from  FOLLOWER to CANDIDATE at term 0 for changeToCandidate
2019-09-29 11:26:44,308 [Thread-5972] INFO  impl.RoleInfo (RoleInfo.java:updateAndGet(143)) - d7821b28-18a7-4460-b735-be2c20024ab7: start LeaderElection
2019-09-29 11:26:44,314 [Thread-5974] INFO  impl.RoleInfo (RoleInfo.java:updateAndGet(143)) - c5175ad5-525e-4c2e-832b-1ca15aa9c500: start LeaderElection
2019-09-29 11:26:44,314 [Thread-5981] INFO  impl.RoleInfo (RoleInfo.java:updateAndGet(143)) - 266f4e38-b438-4944-8569-530d2ae5f6fc: start LeaderElection
2019-09-29 11:26:44,332 [266f4e38-b438-4944-8569-530d2ae5f6fc@group-C452D2919BED:LeaderElection124] INFO  impl.LeaderElection (LeaderElection.java:askForVotes(182)) - 266f4e38-b438-4944-8569-530d2ae5f6fc@group-C452D2919BED:LeaderElection124: begin an election at term 1 for -1: [266f4e38-b438-4944-8569-530d2ae5f6fc:192.168.30.19:46645, d7821b28-18a7-4460-b735-be2c20024ab7:192.168.30.19:45148, c5175ad5-525e-4c2e-832b-1ca15aa9c500:192.168.30.19:40504], old=null
2019-09-29 11:26:44,332 [c5175ad5-525e-4c2e-832b-1ca15aa9c500@group-253DF9B988BF:LeaderElection125] INFO  impl.LeaderElection (LeaderElection.java:askForVotes(182)) - c5175ad5-525e-4c2e-832b-1ca15aa9c500@group-253DF9B988BF:LeaderElection125: begin an election at term 1 for -1: [266f4e38-b438-4944-8569-530d2ae5f6fc:192.168.30.19:46645, d7821b28-18a7-4460-b735-be2c20024ab7:192.168.30.19:45148, c5175ad5-525e-4c2e-832b-1ca15aa9c500:192.168.30.19:40504], old=null
2019-09-29 11:26:44,332 [d7821b28-18a7-4460-b735-be2c20024ab7@group-253DF9B988BF:LeaderElection122] INFO  impl.LeaderElection (LeaderElection.java:askForVotes(182)) - d7821b28-18a7-4460-b735-be2c20024ab7@group-253DF9B988BF:LeaderElection122: begin an election at term 1 for -1: [266f4e38-b438-4944-8569-530d2ae5f6fc:192.168.30.19:46645, d7821b28-18a7-4460-b735-be2c20024ab7:192.168.30.19:45148, c5175ad5-525e-4c2e-832b-1ca15aa9c500:192.168.30.19:40504], old=null
2019-09-29 11:26:44,356 [c5175ad5-525e-4c2e-832b-1ca15aa9c500@group-FBE960BC2EDC:LeaderElection131] INFO  impl.LeaderElection (LeaderElection.java:askForVotes(182)) - c5175ad5-525e-4c2e-832b-1ca15aa9c500@group-FBE960BC2EDC:LeaderElection131: begin an election at term 1 for -1: [266f4e38-b438-4944-8569-530d2ae5f6fc:192.168.30.19:46645, d7821b28-18a7-4460-b735-be2c20024ab7:192.168.30.19:45148, c5175ad5-525e-4c2e-832b-1ca15aa9c500:192.168.30.19:40504], old=null
2019-09-29 11:26:44,357 [266f4e38-b438-4944-8569-530d2ae5f6fc@group-253DF9B988BF:LeaderElection123] INFO  impl.LeaderElection (LeaderElection.java:askForVotes(182)) - 266f4e38-b438-4944-8569-530d2ae5f6fc@group-253DF9B988BF:LeaderElection123: begin an election at term 1 for -1: [266f4e38-b438-4944-8569-530d2ae5f6fc:192.168.30.19:46645, d7821b28-18a7-4460-b735-be2c20024ab7:192.168.30.19:45148, c5175ad5-525e-4c2e-832b-1ca15aa9c500:192.168.30.19:40504], old=null
2019-09-29 11:26:44,357 [d7821b28-18a7-4460-b735-be2c20024ab7@group-FBE960BC2EDC:LeaderElection128] INFO  impl.LeaderElection (LeaderElection.java:askForVotes(182)) - d7821b28-18a7-4460-b735-be2c20024ab7@group-FBE960BC2EDC:LeaderElection128: begin an election at term 1 for -1: [266f4e38-b438-4944-8569-530d2ae5f6fc:192.168.30.19:46645, d7821b28-18a7-4460-b735-be2c20024ab7:192.168.30.19:45148, c5175ad5-525e-4c2e-832b-1ca15aa9c500:192.168.30.19:40504], old=null
2019-09-29 11:26:44,356 [d7821b28-18a7-4460-b735-be2c20024ab7@group-C452D2919BED:LeaderElection127] INFO  impl.LeaderElection (LeaderElection.java:askForVotes(182)) - d7821b28-18a7-4460-b735-be2c20024ab7@group-C452D2919BED:LeaderElection127: begin an election at term 1 for -1: [266f4e38-b438-4944-8569-530d2ae5f6fc:192.168.30.19:46645, d7821b28-18a7-4460-b735-be2c20024ab7:192.168.30.19:45148, c5175ad5-525e-4c2e-832b-1ca15aa9c500:192.168.30.19:40504], old=null
2019-09-29 11:26:44,357 [266f4e38-b438-4944-8569-530d2ae5f6fc@group-C452D2919BED:LeaderElection124] INFO  impl.LeaderElection (LeaderElection.java:logAndReturn(56)) - 266f4e38-b438-4944-8569-530d2ae5f6fc@group-C452D2919BED:LeaderElection124: Election REJECTED; received 2 response(s) [266f4e38-b438-4944-8569-530d2ae5f6fc<-d7821b28-18a7-4460-b735-be2c20024ab7#0:FAIL-t1, 266f4e38-b438-4944-8569-530d2ae5f6fc<-c5175ad5-525e-4c2e-832b-1ca15aa9c500#0:FAIL-t1] and 0 exception(s); 266f4e38-b438-4944-8569-530d2ae5f6fc@group-C452D2919BED:t1, leader=null, voted=266f4e38-b438-4944-8569-530d2ae5f6fc, raftlog=266f4e38-b438-4944-8569-530d2ae5f6fc@group-C452D2919BED-SegmentedRaftLog:OPENED:c-1,f-1,i0, conf=-1: [266f4e38-b438-4944-8569-530d2ae5f6fc:192.168.30.19:46645, d7821b28-18a7-4460-b735-be2c20024ab7:192.168.30.19:45148, c5175ad5-525e-4c2e-832b-1ca15aa9c500:192.168.30.19:40504], old=null
2019-09-29 11:26:44,357 [c5175ad5-525e-4c2e-832b-1ca15aa9c500@group-253DF9B988BF:LeaderElection125] INFO  impl.LeaderElection (LeaderElection.java:logAndReturn(56)) - c5175ad5-525e-4c2e-832b-1ca15aa9c500@group-253DF9B988BF:LeaderElection125: Election REJECTED; received 2 response(s) [c5175ad5-525e-4c2e-832b-1ca15aa9c500<-266f4e38-b438-4944-8569-530d2ae5f6fc#0:FAIL-t1, c5175ad5-525e-4c2e-832b-1ca15aa9c500<-d7821b28-18a7-4460-b735-be2c20024ab7#0:FAIL-t1] and 0 exception(s); c5175ad5-525e-4c2e-832b-1ca15aa9c500@group-253DF9B988BF:t1, leader=null, voted=c5175ad5-525e-4c2e-832b-1ca15aa9c500, raftlog=c5175ad5-525e-4c2e-832b-1ca15aa9c500@group-253DF9B988BF-SegmentedRaftLog:OPENED:c-1,f-1,i0, conf=-1: [266f4e38-b438-4944-8569-530d2ae5f6fc:192.168.30.19:46645, d7821b28-18a7-4460-b735-be2c20024ab7:192.168.30.19:45148, c5175ad5-525e-4c2e-832b-1ca15aa9c500:192.168.30.19:40504], old=null
2019-09-29 11:26:44,357 [d7821b28-18a7-4460-b735-be2c20024ab7@group-ACE69562662B:LeaderElection126] INFO  impl.LeaderElection (LeaderElection.java:askForVotes(182)) - d7821b28-18a7-4460-b735-be2c20024ab7@group-ACE69562662B:LeaderElection126: begin an election at term 1 for -1: [266f4e38-b438-4944-8569-530d2ae5f6fc:192.168.30.19:46645, d7821b28-18a7-4460-b735-be2c20024ab7:192.168.30.19:45148, c5175ad5-525e-4c2e-832b-1ca15aa9c500:192.168.30.19:40504], old=null
2019-09-29 11:26:44,356 [266f4e38-b438-4944-8569-530d2ae5f6fc@group-FBE960BC2EDC:LeaderElection129] INFO  impl.LeaderElection (LeaderElection.java:askForVotes(182)) - 266f4e38-b438-4944-8569-530d2ae5f6fc@group-FBE960BC2EDC:LeaderElection129: begin an election at term 1 for -1: [266f4e38-b438-4944-8569-530d2ae5f6fc:192.168.30.19:46645, d7821b28-18a7-4460-b735-be2c20024ab7:192.168.30.19:45148, c5175ad5-525e-4c2e-832b-1ca15aa9c500:192.168.30.19:40504], old=null
2019-09-29 11:26:44,356 [266f4e38-b438-4944-8569-530d2ae5f6fc@group-ACE69562662B:LeaderElection130] INFO  impl.LeaderElection (LeaderElection.java:askForVotes(182)) - 266f4e38-b438-4944-8569-530d2ae5f6fc@group-ACE69562662B:LeaderElection130: begin an election at term 1 for -1: [266f4e38-b438-4944-8569-530d2ae5f6fc:192.168.30.19:46645, d7821b28-18a7-4460-b735-be2c20024ab7:192.168.30.19:45148, c5175ad5-525e-4c2e-832b-1ca15aa9c500:192.168.30.19:40504], old=null
2019-09-29 11:26:44,357 [266f4e38-b438-4944-8569-530d2ae5f6fc@group-C452D2919BED:LeaderElection124] INFO  impl.RaftServerImpl (RaftServerImpl.java:setRole(174)) - 266f4e38-b438-4944-8569-530d2ae5f6fc@group-C452D2919BED: changes role from CANDIDATE to FOLLOWER at term 1 for DISCOVERED_A_NEW_TERM
2019-09-29 11:26:44,357 [c5175ad5-525e-4c2e-832b-1ca15aa9c500@group-C452D2919BED:LeaderElection121] INFO  impl.LeaderElection (LeaderElection.java:logAndReturn(56)) - c5175ad5-525e-4c2e-832b-1ca15aa9c500@group-C452D2919BED:LeaderElection121: Election REJECTED; received 2 response(s) [c5175ad5-525e-4c2e-832b-1ca15aa9c500<-266f4e38-b438-4944-8569-530d2ae5f6fc#0:FAIL-t1, c5175ad5-525e-4c2e-832b-1ca15aa9c500<-d7821b28-18a7-4460-b735-be2c20024ab7#0:FAIL-t1] and 0 exception(s); c5175ad5-525e-4c2e-832b-1ca15aa9c500@group-C452D2919BED:t1, leader=null, voted=c5175ad5-525e-4c2e-832b-1ca15aa9c500, raftlog=c5175ad5-525e-4c2e-832b-1ca15aa9c500@group-C452D2919BED-SegmentedRaftLog:OPENED:c-1,f-1,i0, conf=-1: [266f4e38-b438-4944-8569-530d2ae5f6fc:192.168.30.19:46645, d7821b28-18a7-4460-b735-be2c20024ab7:192.168.30.19:45148, c5175ad5-525e-4c2e-832b-1ca15aa9c500:192.168.30.19:40504], old=null
2019-09-29 11:26:44,357 [d7821b28-18a7-4460-b735-be2c20024ab7@group-253DF9B988BF:LeaderElection122] INFO  impl.LeaderElection (LeaderElection.java:logAndReturn(56)) - d7821b28-18a7-4460-b735-be2c20024ab7@group-253DF9B988BF:LeaderElection122: Election REJECTED; received 2 response(s) [d7821b28-18a7-4460-b735-be2c20024ab7<-266f4e38-b438-4944-8569-530d2ae5f6fc#0:FAIL-t1, d7821b28-18a7-4460-b735-be2c20024ab7<-c5175ad5-525e-4c2e-832b-1ca15aa9c500#0:FAIL-t1] and 0 exception(s); d7821b28-18a7-4460-b735-be2c20024ab7@group-253DF9B988BF:t1, leader=null, voted=d7821b28-18a7-4460-b735-be2c20024ab7, raftlog=d7821b28-18a7-4460-b735-be2c20024ab7@group-253DF9B988BF-SegmentedRaftLog:OPENED:c-1,f-1,i0, conf=-1: [266f4e38-b438-4944-8569-530d2ae5f6fc:192.168.30.19:46645, d7821b28-18a7-4460-b735-be2c20024ab7:192.168.30.19:45148, c5175ad5-525e-4c2e-832b-1ca15aa9c500:192.168.30.19:40504], old=null
2019-09-29 11:26:44,358 [c5175ad5-525e-4c2e-832b-1ca15aa9c500@group-C452D2919BED:LeaderElection121] INFO  impl.RaftServerImpl (RaftServerImpl.java:setRole(174)) - c5175ad5-525e-4c2e-832b-1ca15aa9c500@group-C452D2919BED: changes role from CANDIDATE to FOLLOWER at term 1 for DISCOVERED_A_NEW_TERM
2019-09-29 11:26:44,358 [266f4e38-b438-4944-8569-530d2ae5f6fc@group-C452D2919BED:LeaderElection124] INFO  impl.RoleInfo (RoleInfo.java:shutdownLeaderElection(134)) - 266f4e38-b438-4944-8569-530d2ae5f6fc: shutdown LeaderElection
2019-09-29 11:26:44,359 [c5175ad5-525e-4c2e-832b-1ca15aa9c500@group-C452D2919BED:LeaderElection121] INFO  impl.RoleInfo (RoleInfo.java:shutdownLeaderElection(134)) - c5175ad5-525e-4c2e-832b-1ca15aa9c500: shutdown LeaderElection
2019-09-29 11:26:44,359 [d7821b28-18a7-4460-b735-be2c20024ab7@group-253DF9B988BF:LeaderElection122] INFO  impl.RaftServerImpl (RaftServerImpl.java:setRole(174)) - d7821b28-18a7-4460-b735-be2c20024ab7@group-253DF9B988BF: changes role from CANDIDATE to FOLLOWER at term 1 for DISCOVERED_A_NEW_TERM
2019-09-29 11:26:44,359 [c5175ad5-525e-4c2e-832b-1ca15aa9c500@group-253DF9B988BF:LeaderElection125] INFO  impl.RaftServerImpl (RaftServerImpl.java:setRole(174)) - c5175ad5-525e-4c2e-832b-1ca15aa9c500@group-253DF9B988BF: changes role from CANDIDATE to FOLLOWER at term 1 for DISCOVERED_A_NEW_TERM
2019-09-29 11:26:44,359 [266f4e38-b438-4944-8569-530d2ae5f6fc@group-C452D2919BED:LeaderElection124] INFO  impl.RoleInfo (RoleInfo.java:updateAndGet(143)) - 266f4e38-b438-4944-8569-530d2ae5f6fc: start FollowerState
2019-09-29 11:26:44,359 [c5175ad5-525e-4c2e-832b-1ca15aa9c500@group-C452D2919BED:LeaderElection121] INFO  impl.RoleInfo (RoleInfo.java:updateAndGet(143)) - c5175ad5-525e-4c2e-832b-1ca15aa9c500: start FollowerState
2019-09-29 11:26:44,360 [266f4e38-b438-4944-8569-530d2ae5f6fc@group-253DF9B988BF:LeaderElection123] INFO  impl.LeaderElection (LeaderElection.java:logAndReturn(56)) - 266f4e38-b438-4944-8569-530d2ae5f6fc@group-253DF9B988BF:LeaderElection123: Election REJECTED; received 2 response(s) [266f4e38-b438-4944-8569-530d2ae5f6fc<-d7821b28-18a7-4460-b735-be2c20024ab7#0:FAIL-t1, 266f4e38-b438-4944-8569-530d2ae5f6fc<-c5175ad5-525e-4c2e-832b-1ca15aa9c500#0:FAIL-t1] and 0 exception(s); 266f4e38-b438-4944-8569-530d2ae5f6fc@group-253DF9B988BF:t1, leader=null, voted=266f4e38-b438-4944-8569-530d2ae5f6fc, raftlog=266f4e38-b438-4944-8569-530d2ae5f6fc@group-253DF9B988BF-SegmentedRaftLog:OPENED:c-1,f-1,i0, conf=-1: [266f4e38-b438-4944-8569-530d2ae5f6fc:192.168.30.19:46645, d7821b28-18a7-4460-b735-be2c20024ab7:192.168.30.19:45148, c5175ad5-525e-4c2e-832b-1ca15aa9c500:192.168.30.19:40504], old=null
2019-09-29 11:26:44,359 [c5175ad5-525e-4c2e-832b-1ca15aa9c500@group-253DF9B988BF:LeaderElection125] INFO  impl.RoleInfo (RoleInfo.java:shutdownLeaderElection(134)) - c5175ad5-525e-4c2e-832b-1ca15aa9c500: shutdown LeaderElection
2019-09-29 11:26:44,359 [d7821b28-18a7-4460-b735-be2c20024ab7@group-253DF9B988BF:LeaderElection122] INFO  impl.RoleInfo (RoleInfo.java:shutdownLeaderElection(134)) - d7821b28-18a7-4460-b735-be2c20024ab7: shutdown LeaderElection
2019-09-29 11:26:44,360 [c5175ad5-525e-4c2e-832b-1ca15aa9c500@group-253DF9B988BF:LeaderElection125] INFO  impl.RoleInfo (RoleInfo.java:updateAndGet(143)) - c5175ad5-525e-4c2e-832b-1ca15aa9c500: start FollowerState
2019-09-29 11:26:44,360 [266f4e38-b438-4944-8569-530d2ae5f6fc@group-253DF9B988BF:LeaderElection123] INFO  impl.RaftServerImpl (RaftServerImpl.java:setRole(174)) - 266f4e38-b438-4944-8569-530d2ae5f6fc@group-253DF9B988BF: changes role from CANDIDATE to FOLLOWER at term 1 for DISCOVERED_A_NEW_TERM
2019-09-29 11:26:44,360 [d7821b28-18a7-4460-b735-be2c20024ab7@group-253DF9B988BF:LeaderElection122] INFO  impl.RoleInfo (RoleInfo.java:updateAndGet(143)) - d7821b28-18a7-4460-b735-be2c20024ab7: start FollowerState
2019-09-29 11:26:44,364 [266f4e38-b438-4944-8569-530d2ae5f6fc@group-253DF9B988BF:LeaderElection123] INFO  impl.RoleInfo (RoleInfo.java:shutdownLeaderElection(134)) - 266f4e38-b438-4944-8569-530d2ae5f6fc: shutdown LeaderElection
2019-09-29 11:26:44,364 [266f4e38-b438-4944-8569-530d2ae5f6fc@group-253DF9B988BF:LeaderElection123] INFO  impl.RoleInfo (RoleInfo.java:updateAndGet(143)) - 266f4e38-b438-4944-8569-530d2ae5f6fc: start FollowerState
2019-09-29 11:26:44,364 [c5175ad5-525e-4c2e-832b-1ca15aa9c500@group-FBE960BC2EDC:LeaderElection131] INFO  impl.LeaderElection (LeaderElection.java:logAndReturn(56)) - c5175ad5-525e-4c2e-832b-1ca15aa9c500@group-FBE960BC2EDC:LeaderElection131: Election REJECTED; received 2 response(s) [c5175ad5-525e-4c2e-832b-1ca15aa9c500<-266f4e38-b438-4944-8569-530d2ae5f6fc#0:FAIL-t1, c5175ad5-525e-4c2e-832b-1ca15aa9c500<-d7821b28-18a7-4460-b735-be2c20024ab7#0:FAIL-t1] and 0 exception(s); c5175ad5-525e-4c2e-832b-1ca15aa9c500@group-FBE960BC2EDC:t1, leader=null, voted=c5175ad5-525e-4c2e-832b-1ca15aa9c500, raftlog=c5175ad5-525e-4c2e-832b-1ca15aa9c500@group-FBE960BC2EDC-SegmentedRaftLog:OPENED:c-1,f-1,i0, conf=-1: [266f4e38-b438-4944-8569-530d2ae5f6fc:192.168.30.19:46645, d7821b28-18a7-4460-b735-be2c20024ab7:192.168.30.19:45148, c5175ad5-525e-4c2e-832b-1ca15aa9c500:192.168.30.19:40504], old=null
2019-09-29 11:26:44,364 [grpc-default-executor-19] INFO  impl.RaftServerImpl (RaftServerImpl.java:setRole(174)) - c5175ad5-525e-4c2e-832b-1ca15aa9c500@group-ACE69562662B: changes role from  FOLLOWER to FOLLOWER at term 1 for recognizeCandidate:266f4e38-b438-4944-8569-530d2ae5f6fc
2019-09-29 11:26:44,365 [c5175ad5-525e-4c2e-832b-1ca15aa9c500@group-FBE960BC2EDC:LeaderElection131] INFO  impl.RaftServerImpl (RaftServerImpl.java:setRole(174)) - c5175ad5-525e-4c2e-832b-1ca15aa9c500@group-FBE960BC2EDC: changes role from CANDIDATE to FOLLOWER at term 1 for DISCOVERED_A_NEW_TERM
2019-09-29 11:26:44,365 [grpc-default-executor-19] INFO  impl.RoleInfo (RoleInfo.java:shutdownFollowerState(121)) - c5175ad5-525e-4c2e-832b-1ca15aa9c500: shutdown FollowerState
2019-09-29 11:26:44,365 [d7821b28-18a7-4460-b735-be2c20024ab7@group-FBE960BC2EDC:LeaderElection128] INFO  impl.LeaderElection (LeaderElection.java:logAndReturn(56)) - d7821b28-18a7-4460-b735-be2c20024ab7@group-FBE960BC2EDC:LeaderElection128: Election REJECTED; received 2 response(s) [d7821b28-18a7-4460-b735-be2c20024ab7<-266f4e38-b438-4944-8569-530d2ae5f6fc#0:FAIL-t1, d7821b28-18a7-4460-b735-be2c20024ab7<-c5175ad5-525e-4c2e-832b-1ca15aa9c500#0:FAIL-t1] and 0 exception(s); d7821b28-18a7-4460-b735-be2c20024ab7@group-FBE960BC2EDC:t1, leader=null, voted=d7821b28-18a7-4460-b735-be2c20024ab7, raftlog=d7821b28-18a7-4460-b735-be2c20024ab7@group-FBE960BC2EDC-SegmentedRaftLog:OPENED:c-1,f-1,i0, conf=-1: [266f4e38-b438-4944-8569-530d2ae5f6fc:192.168.30.19:46645, d7821b28-18a7-4460-b735-be2c20024ab7:192.168.30.19:45148, c5175ad5-525e-4c2e-832b-1ca15aa9c500:192.168.30.19:40504], old=null
2019-09-29 11:26:44,365 [d7821b28-18a7-4460-b735-be2c20024ab7@group-C452D2919BED:LeaderElection127] INFO  impl.LeaderElection (LeaderElection.java:logAndReturn(56)) - d7821b28-18a7-4460-b735-be2c20024ab7@group-C452D2919BED:LeaderElection127: Election REJECTED; received 2 response(s) [d7821b28-18a7-4460-b735-be2c20024ab7<-266f4e38-b438-4944-8569-530d2ae5f6fc#0:FAIL-t1, d7821b28-18a7-4460-b735-be2c20024ab7<-c5175ad5-525e-4c2e-832b-1ca15aa9c500#0:FAIL-t1] and 0 exception(s); d7821b28-18a7-4460-b735-be2c20024ab7@group-C452D2919BED:t1, leader=null, voted=d7821b28-18a7-4460-b735-be2c20024ab7, raftlog=d7821b28-18a7-4460-b735-be2c20024ab7@group-C452D2919BED-SegmentedRaftLog:OPENED:c-1,f-1,i0, conf=-1: [266f4e38-b438-4944-8569-530d2ae5f6fc:192.168.30.19:46645, d7821b28-18a7-4460-b735-be2c20024ab7:192.168.30.19:45148, c5175ad5-525e-4c2e-832b-1ca15aa9c500:192.168.30.19:40504], old=null
2019-09-29 11:26:44,365 [c5175ad5-525e-4c2e-832b-1ca15aa9c500@group-FBE960BC2EDC:LeaderElection131] INFO  impl.RoleInfo (RoleInfo.java:shutdownLeaderElection(134)) - c5175ad5-525e-4c2e-832b-1ca15aa9c500: shutdown LeaderElection
2019-09-29 11:26:44,366 [d7821b28-18a7-4460-b735-be2c20024ab7@group-C452D2919BED:LeaderElection127] INFO  impl.RaftServerImpl (RaftServerImpl.java:setRole(174)) - d7821b28-18a7-4460-b735-be2c20024ab7@group-C452D2919BED: changes role from CANDIDATE to FOLLOWER at term 1 for DISCOVERED_A_NEW_TERM
2019-09-29 11:26:44,365 [Thread-5977] INFO  impl.FollowerState (FollowerState.java:run(115)) - c5175ad5-525e-4c2e-832b-1ca15aa9c500: FollowerState was interrupted: java.lang.InterruptedException: sleep interrupted
2019-09-29 11:26:44,365 [d7821b28-18a7-4460-b735-be2c20024ab7@group-FBE960BC2EDC:LeaderElection128] INFO  impl.RaftServerImpl (RaftServerImpl.java:setRole(174)) - d7821b28-18a7-4460-b735-be2c20024ab7@group-FBE960BC2EDC: changes role from CANDIDATE to FOLLOWER at term 1 for DISCOVERED_A_NEW_TERM
2019-09-29 11:26:44,366 [d7821b28-18a7-4460-b735-be2c20024ab7@group-FBE960BC2EDC:LeaderElection128] INFO  impl.RoleInfo (RoleInfo.java:shutdownLeaderElection(134)) - d7821b28-18a7-4460-b735-be2c20024ab7: shutdown LeaderElection
2019-09-29 11:26:44,365 [grpc-default-executor-19] INFO  impl.RoleInfo (RoleInfo.java:updateAndGet(143)) - c5175ad5-525e-4c2e-832b-1ca15aa9c500: start FollowerState
2019-09-29 11:26:44,366 [d7821b28-18a7-4460-b735-be2c20024ab7@group-FBE960BC2EDC:LeaderElection128] INFO  impl.RoleInfo (RoleInfo.java:updateAndGet(143)) - d7821b28-18a7-4460-b735-be2c20024ab7: start FollowerState
2019-09-29 11:26:44,366 [d7821b28-18a7-4460-b735-be2c20024ab7@group-C452D2919BED:LeaderElection127] INFO  impl.RoleInfo (RoleInfo.java:shutdownLeaderElection(134)) - d7821b28-18a7-4460-b735-be2c20024ab7: shutdown LeaderElection
2019-09-29 11:26:44,366 [c5175ad5-525e-4c2e-832b-1ca15aa9c500@group-FBE960BC2EDC:LeaderElection131] INFO  impl.RoleInfo (RoleInfo.java:updateAndGet(143)) - c5175ad5-525e-4c2e-832b-1ca15aa9c500: start FollowerState
2019-09-29 11:26:44,366 [d7821b28-18a7-4460-b735-be2c20024ab7@group-C452D2919BED:LeaderElection127] INFO  impl.RoleInfo (RoleInfo.java:updateAndGet(143)) - d7821b28-18a7-4460-b735-be2c20024ab7: start FollowerState
2019-09-29 11:26:44,367 [266f4e38-b438-4944-8569-530d2ae5f6fc@group-FBE960BC2EDC:LeaderElection129] INFO  impl.LeaderElection (LeaderElection.java:logAndReturn(56)) - 266f4e38-b438-4944-8569-530d2ae5f6fc@group-FBE960BC2EDC:LeaderElection129: Election REJECTED; received 2 response(s) [266f4e38-b438-4944-8569-530d2ae5f6fc<-d7821b28-18a7-4460-b735-be2c20024ab7#0:FAIL-t1, 266f4e38-b438-4944-8569-530d2ae5f6fc<-c5175ad5-525e-4c2e-832b-1ca15aa9c500#0:FAIL-t1] and 0 exception(s); 266f4e38-b438-4944-8569-530d2ae5f6fc@group-FBE960BC2EDC:t1, leader=null, voted=266f4e38-b438-4944-8569-530d2ae5f6fc, raftlog=266f4e38-b438-4944-8569-530d2ae5f6fc@group-FBE960BC2EDC-SegmentedRaftLog:OPENED:c-1,f-1,i0, conf=-1: [266f4e38-b438-4944-8569-530d2ae5f6fc:192.168.30.19:46645, d7821b28-18a7-4460-b735-be2c20024ab7:192.168.30.19:45148, c5175ad5-525e-4c2e-832b-1ca15aa9c500:192.168.30.19:40504], old=null
2019-09-29 11:26:44,367 [266f4e38-b438-4944-8569-530d2ae5f6fc@group-FBE960BC2EDC:LeaderElection129] INFO  impl.RaftServerImpl (RaftServerImpl.java:setRole(174)) - 266f4e38-b438-4944-8569-530d2ae5f6fc@group-FBE960BC2EDC: changes role from CANDIDATE to FOLLOWER at term 1 for DISCOVERED_A_NEW_TERM
2019-09-29 11:26:44,367 [266f4e38-b438-4944-8569-530d2ae5f6fc@group-FBE960BC2EDC:LeaderElection129] INFO  impl.RoleInfo (RoleInfo.java:shutdownLeaderElection(134)) - 266f4e38-b438-4944-8569-530d2ae5f6fc: shutdown LeaderElection
2019-09-29 11:26:44,367 [266f4e38-b438-4944-8569-530d2ae5f6fc@group-FBE960BC2EDC:LeaderElection129] INFO  impl.RoleInfo (RoleInfo.java:updateAndGet(143)) - 266f4e38-b438-4944-8569-530d2ae5f6fc: start FollowerState
2019-09-29 11:26:44,378 [Thread-5991] INFO  impl.FollowerState (FollowerState.java:run(106)) - c5175ad5-525e-4c2e-832b-1ca15aa9c500:group-8E5314906F1B changes to CANDIDATE, lastRpcTime:5108, electionTimeout:5108ms
2019-09-29 11:26:44,379 [Thread-5991] INFO  impl.RoleInfo (RoleInfo.java:shutdownFollowerState(121)) - c5175ad5-525e-4c2e-832b-1ca15aa9c500: shutdown FollowerState
2019-09-29 11:26:44,379 [Thread-5991] INFO  impl.RaftServerImpl (RaftServerImpl.java:setRole(174)) - c5175ad5-525e-4c2e-832b-1ca15aa9c500@group-8E5314906F1B: changes role from  FOLLOWER to CANDIDATE at term 0 for changeToCandidate
2019-09-29 11:26:44,379 [Thread-5991] INFO  impl.RoleInfo (RoleInfo.java:updateAndGet(143)) - c5175ad5-525e-4c2e-832b-1ca15aa9c500: start LeaderElection
2019-09-29 11:26:44,394 [Thread-5999] INFO  impl.FollowerState (FollowerState.java:run(106)) - c5175ad5-525e-4c2e-832b-1ca15aa9c500:group-92AA78341D71 changes to CANDIDATE, lastRpcTime:5051, electionTimeout:5048ms
2019-09-29 11:26:44,394 [Thread-5999] INFO  impl.RoleInfo (RoleInfo.java:shutdownFollowerState(121)) - c5175ad5-525e-4c2e-832b-1ca15aa9c500: shutdown FollowerState
2019-09-29 11:26:44,394 [Thread-5999] INFO  impl.RaftServerImpl (RaftServerImpl.java:setRole(174)) - c5175ad5-525e-4c2e-832b-1ca15aa9c500@group-92AA78341D71: changes role from  FOLLOWER to CANDIDATE at term 0 for changeToCandidate
2019-09-29 11:26:44,394 [d7821b28-18a7-4460-b735-be2c20024ab7@group-ACE69562662B:LeaderElection126] INFO  impl.LeaderElection (LeaderElection.java:logAndReturn(56)) - d7821b28-18a7-4460-b735-be2c20024ab7@group-ACE69562662B:LeaderElection126: Election REJECTED; received 2 response(s) [d7821b28-18a7-4460-b735-be2c20024ab7<-266f4e38-b438-4944-8569-530d2ae5f6fc#0:FAIL-t1, d7821b28-18a7-4460-b735-be2c20024ab7<-c5175ad5-525e-4c2e-832b-1ca15aa9c500#0:FAIL-t1] and 0 exception(s); d7821b28-18a7-4460-b735-be2c20024ab7@group-ACE69562662B:t1, leader=null, voted=d7821b28-18a7-4460-b735-be2c20024ab7, raftlog=d7821b28-18a7-4460-b735-be2c20024ab7@group-ACE69562662B-SegmentedRaftLog:OPENED:c-1,f-1,i0, conf=-1: [266f4e38-b438-4944-8569-530d2ae5f6fc:192.168.30.19:46645, d7821b28-18a7-4460-b735-be2c20024ab7:192.168.30.19:45148, c5175ad5-525e-4c2e-832b-1ca15aa9c500:192.168.30.19:40504], old=null
2019-09-29 11:26:44,394 [Thread-5999] INFO  impl.RoleInfo (RoleInfo.java:updateAndGet(143)) - c5175ad5-525e-4c2e-832b-1ca15aa9c500: start LeaderElection
2019-09-29 11:26:44,394 [266f4e38-b438-4944-8569-530d2ae5f6fc@group-ACE69562662B:LeaderElection130] INFO  impl.LeaderElection (LeaderElection.java:logAndReturn(56)) - 266f4e38-b438-4944-8569-530d2ae5f6fc@group-ACE69562662B:LeaderElection130: Election PASSED; received 2 response(s) [266f4e38-b438-4944-8569-530d2ae5f6fc<-d7821b28-18a7-4460-b735-be2c20024ab7#0:FAIL-t1, 266f4e38-b438-4944-8569-530d2ae5f6fc<-c5175ad5-525e-4c2e-832b-1ca15aa9c500#0:OK-t1] and 0 exception(s); 266f4e38-b438-4944-8569-530d2ae5f6fc@group-ACE69562662B:t1, leader=null, voted=266f4e38-b438-4944-8569-530d2ae5f6fc, raftlog=266f4e38-b438-4944-8569-530d2ae5f6fc@group-ACE69562662B-SegmentedRaftLog:OPENED:c-1,f-1,i0, conf=-1: [266f4e38-b438-4944-8569-530d2ae5f6fc:192.168.30.19:46645, d7821b28-18a7-4460-b735-be2c20024ab7:192.168.30.19:45148, c5175ad5-525e-4c2e-832b-1ca15aa9c500:192.168.30.19:40504], old=null
2019-09-29 11:26:44,394 [d7821b28-18a7-4460-b735-be2c20024ab7@group-ACE69562662B:LeaderElection126] INFO  impl.RaftServerImpl (RaftServerImpl.java:setRole(174)) - d7821b28-18a7-4460-b735-be2c20024ab7@group-ACE69562662B: changes role from CANDIDATE to FOLLOWER at term 1 for DISCOVERED_A_NEW_TERM
2019-09-29 11:26:44,395 [d7821b28-18a7-4460-b735-be2c20024ab7@group-ACE69562662B:LeaderElection126] INFO  impl.RoleInfo (RoleInfo.java:shutdownLeaderElection(134)) - d7821b28-18a7-4460-b735-be2c20024ab7: shutdown LeaderElection
2019-09-29 11:26:44,395 [266f4e38-b438-4944-8569-530d2ae5f6fc@group-ACE69562662B:LeaderElection130] INFO  impl.RoleInfo (RoleInfo.java:shutdownLeaderElection(134)) - 266f4e38-b438-4944-8569-530d2ae5f6fc: shutdown LeaderElection
2019-09-29 11:26:44,395 [d7821b28-18a7-4460-b735-be2c20024ab7@group-ACE69562662B:LeaderElection126] INFO  impl.RoleInfo (RoleInfo.java:updateAndGet(143)) - d7821b28-18a7-4460-b735-be2c20024ab7: start FollowerState
2019-09-29 11:26:44,395 [266f4e38-b438-4944-8569-530d2ae5f6fc@group-ACE69562662B:LeaderElection130] INFO  impl.RaftServerImpl (RaftServerImpl.java:setRole(174)) - 266f4e38-b438-4944-8569-530d2ae5f6fc@group-ACE69562662B: changes role from CANDIDATE to LEADER at term 1 for changeToLeader
2019-09-29 11:26:44,395 [266f4e38-b438-4944-8569-530d2ae5f6fc@group-ACE69562662B:LeaderElection130] INFO  impl.RaftServerImpl (ServerState.java:setLeader(253)) - 266f4e38-b438-4944-8569-530d2ae5f6fc@group-ACE69562662B: change Leader from null to 266f4e38-b438-4944-8569-530d2ae5f6fc at term 1 for becomeLeader, leader elected after 5229ms
2019-09-29 11:26:44,395 [266f4e38-b438-4944-8569-530d2ae5f6fc@group-ACE69562662B:LeaderElection130] INFO  server.RaftServerConfigKeys (ConfUtils.java:logGet(43)) - raft.server.staging.catchup.gap = 1000 (default)
2019-09-29 11:26:44,395 [266f4e38-b438-4944-8569-530d2ae5f6fc@group-ACE69562662B:LeaderElection130] INFO  server.RaftServerConfigKeys (ConfUtils.java:logGet(43)) - raft.server.rpc.sleep.time = 25ms (default)
2019-09-29 11:26:44,395 [266f4e38-b438-4944-8569-530d2ae5f6fc@group-ACE69562662B:LeaderElection130] INFO  server.RaftServerConfigKeys (ConfUtils.java:logGet(43)) - raft.server.write.element-limit = 4096 (default)
2019-09-29 11:26:44,396 [266f4e38-b438-4944-8569-530d2ae5f6fc@group-ACE69562662B:LeaderElection130] INFO  server.RaftServerConfigKeys (ConfUtils.java:logGet(43)) - raft.server.watch.timeout = 10s (default)
2019-09-29 11:26:44,396 [266f4e38-b438-4944-8569-530d2ae5f6fc@group-ACE69562662B:LeaderElection130] INFO  server.RaftServerConfigKeys (ConfUtils.java:logGet(43)) - raft.server.watch.timeout.denomination = 1s (default)
2019-09-29 11:26:44,396 [266f4e38-b438-4944-8569-530d2ae5f6fc@group-ACE69562662B:LeaderElection130] INFO  server.RaftServerConfigKeys (ConfUtils.java:logGet(43)) - raft.server.watch.element-limit = 65536 (default)
2019-09-29 11:26:44,397 [266f4e38-b438-4944-8569-530d2ae5f6fc@group-ACE69562662B:LeaderElection130] INFO  server.RaftServerConfigKeys (ConfUtils.java:logGet(43)) - raft.server.log.appender.snapshot.chunk.size.max = 16MB (=16777216) (default)
2019-09-29 11:26:44,397 [266f4e38-b438-4944-8569-530d2ae5f6fc@group-ACE69562662B:LeaderElection130] INFO  server.RaftServerConfigKeys (ConfUtils.java:logGet(43)) - raft.server.log.appender.buffer.byte-limit = 33554432 (custom)
2019-09-29 11:26:44,397 [266f4e38-b438-4944-8569-530d2ae5f6fc@group-ACE69562662B:LeaderElection130] INFO  server.RaftServerConfigKeys (ConfUtils.java:logGet(43)) - raft.server.log.appender.buffer.element-limit = 1 (custom)
2019-09-29 11:26:44,397 [266f4e38-b438-4944-8569-530d2ae5f6fc@group-ACE69562662B:LeaderElection130] INFO  grpc.GrpcConfigKeys$Server (ConfUtils.java:logGet(43)) - raft.grpc.server.leader.outstanding.appends.max = 128 (default)
2019-09-29 11:26:44,397 [266f4e38-b438-4944-8569-530d2ae5f6fc@group-ACE69562662B:LeaderElection130] INFO  server.RaftServerConfigKeys (ConfUtils.java:logGet(43)) - raft.server.rpc.request.timeout = 3000ms (default)
2019-09-29 11:26:44,397 [266f4e38-b438-4944-8569-530d2ae5f6fc@group-ACE69562662B:LeaderElection130] INFO  server.RaftServerConfigKeys (ConfUtils.java:logGet(43)) - raft.server.log.appender.install.snapshot.enabled = false (custom)
2019-09-29 11:26:44,398 [266f4e38-b438-4944-8569-530d2ae5f6fc@group-ACE69562662B:LeaderElection130] INFO  server.RaftServerConfigKeys (ConfUtils.java:logGet(43)) - raft.server.log.appender.snapshot.chunk.size.max = 16MB (=16777216) (default)
2019-09-29 11:26:44,398 [266f4e38-b438-4944-8569-530d2ae5f6fc@group-ACE69562662B:LeaderElection130] INFO  server.RaftServerConfigKeys (ConfUtils.java:logGet(43)) - raft.server.log.appender.buffer.byte-limit = 33554432 (custom)
2019-09-29 11:26:44,398 [266f4e38-b438-4944-8569-530d2ae5f6fc@group-ACE69562662B:LeaderElection130] INFO  server.RaftServerConfigKeys (ConfUtils.java:logGet(43)) - raft.server.log.appender.buffer.element-limit = 1 (custom)
2019-09-29 11:26:44,398 [266f4e38-b438-4944-8569-530d2ae5f6fc@group-ACE69562662B:LeaderElection130] INFO  grpc.GrpcConfigKeys$Server (ConfUtils.java:logGet(43)) - raft.grpc.server.leader.outstanding.appends.max = 128 (default)
2019-09-29 11:26:44,398 [266f4e38-b438-4944-8569-530d2ae5f6fc@group-ACE69562662B:LeaderElection130] INFO  server.RaftServerConfigKeys (ConfUtils.java:logGet(43)) - raft.server.rpc.request.timeout = 3000ms (default)
2019-09-29 11:26:44,398 [266f4e38-b438-4944-8569-530d2ae5f6fc@group-ACE69562662B:LeaderElection130] INFO  server.RaftServerConfigKeys (ConfUtils.java:logGet(43)) - raft.server.log.appender.install.snapshot.enabled = false (custom)
2019-09-29 11:26:44,398 [266f4e38-b438-4944-8569-530d2ae5f6fc@group-ACE69562662B:LeaderElection130] INFO  impl.RoleInfo (RoleInfo.java:updateAndGet(143)) - 266f4e38-b438-4944-8569-530d2ae5f6fc: start LeaderState
2019-09-29 11:26:44,398 [266f4e38-b438-4944-8569-530d2ae5f6fc@group-ACE69562662B:LeaderElection130] INFO  segmented.SegmentedRaftLogWorker (SegmentedRaftLogWorker.java:startLogSegment(380)) - 266f4e38-b438-4944-8569-530d2ae5f6fc@group-ACE69562662B-SegmentedRaftLogWorker: Starting segment from index:0
2019-09-29 11:26:44,399 [266f4e38-b438-4944-8569-530d2ae5f6fc@group-ACE69562662B:LeaderElection130] INFO  impl.RaftServerImpl (ServerState.java:setRaftConf(354)) - 266f4e38-b438-4944-8569-530d2ae5f6fc@group-ACE69562662B: set configuration 0: [266f4e38-b438-4944-8569-530d2ae5f6fc:192.168.30.19:46645, d7821b28-18a7-4460-b735-be2c20024ab7:192.168.30.19:45148, c5175ad5-525e-4c2e-832b-1ca15aa9c500:192.168.30.19:40504], old=null at 0
2019-09-29 11:26:44,439 [Thread-6004] INFO  impl.FollowerState (FollowerState.java:run(106)) - d7821b28-18a7-4460-b735-be2c20024ab7:group-42C9F9716FCF changes to CANDIDATE, lastRpcTime:5022, electionTimeout:5008ms
2019-09-29 11:26:44,439 [Thread-6004] INFO  impl.RoleInfo (RoleInfo.java:shutdownFollowerState(121)) - d7821b28-18a7-4460-b735-be2c20024ab7: shutdown FollowerState
2019-09-29 11:26:44,439 [Thread-5986] INFO  impl.FollowerState (FollowerState.java:run(106)) - d7821b28-18a7-4460-b735-be2c20024ab7:group-8E5314906F1B changes to CANDIDATE, lastRpcTime:5175, electionTimeout:5142ms
2019-09-29 11:26:44,440 [Thread-6004] INFO  impl.RaftServerImpl (RaftServerImpl.java:setRole(174)) - d7821b28-18a7-4460-b735-be2c20024ab7@group-42C9F9716FCF: changes role from  FOLLOWER to CANDIDATE at term 0 for changeToCandidate
2019-09-29 11:26:44,440 [c5175ad5-525e-4c2e-832b-1ca15aa9c500@group-8E5314906F1B:LeaderElection132] INFO  impl.LeaderElection (LeaderElection.java:askForVotes(182)) - c5175ad5-525e-4c2e-832b-1ca15aa9c500@group-8E5314906F1B:LeaderElection132: begin an election at term 1 for -1: [266f4e38-b438-4944-8569-530d2ae5f6fc:192.168.30.19:46645, d7821b28-18a7-4460-b735-be2c20024ab7:192.168.30.19:45148, c5175ad5-525e-4c2e-832b-1ca15aa9c500:192.168.30.19:40504], old=null
2019-09-29 11:26:44,440 [Thread-6004] INFO  impl.RoleInfo (RoleInfo.java:updateAndGet(143)) - d7821b28-18a7-4460-b735-be2c20024ab7: start LeaderElection
2019-09-29 11:26:44,440 [Thread-5986] INFO  impl.RoleInfo (RoleInfo.java:shutdownFollowerState(121)) - d7821b28-18a7-4460-b735-be2c20024ab7: shutdown FollowerState
2019-09-29 11:26:44,440 [Thread-5986] INFO  impl.RaftServerImpl (RaftServerImpl.java:setRole(174)) - d7821b28-18a7-4460-b735-be2c20024ab7@group-8E5314906F1B: changes role from  FOLLOWER to CANDIDATE at term 0 for changeToCandidate
2019-09-29 11:26:44,440 [grpc-default-executor-19] INFO  impl.RaftServerImpl (ServerState.java:setLeader(253)) - d7821b28-18a7-4460-b735-be2c20024ab7@group-ACE69562662B: change Leader from null to 266f4e38-b438-4944-8569-530d2ae5f6fc at term 1 for appendEntries, leader elected after 5273ms
2019-09-29 11:26:44,440 [grpc-default-executor-15] INFO  impl.RaftServerImpl (ServerState.java:setLeader(253)) - c5175ad5-525e-4c2e-832b-1ca15aa9c500@group-ACE69562662B: change Leader from null to 266f4e38-b438-4944-8569-530d2ae5f6fc at term 1 for appendEntries, leader elected after 5277ms
2019-09-29 11:26:44,441 [Thread-5986] INFO  impl.RoleInfo (RoleInfo.java:updateAndGet(143)) - d7821b28-18a7-4460-b735-be2c20024ab7: start LeaderElection
2019-09-29 11:26:44,442 [grpc-default-executor-15] INFO  impl.RaftServerImpl (RaftServerImpl.java:setRole(174)) - 266f4e38-b438-4944-8569-530d2ae5f6fc@group-8E5314906F1B: changes role from  FOLLOWER to FOLLOWER at term 1 for recognizeCandidate:c5175ad5-525e-4c2e-832b-1ca15aa9c500
2019-09-29 11:26:44,442 [grpc-default-executor-15] INFO  impl.RoleInfo (RoleInfo.java:shutdownFollowerState(121)) - 266f4e38-b438-4944-8569-530d2ae5f6fc: shutdown FollowerState
2019-09-29 11:26:44,442 [grpc-default-executor-15] INFO  impl.RoleInfo (RoleInfo.java:updateAndGet(143)) - 266f4e38-b438-4944-8569-530d2ae5f6fc: start FollowerState
2019-09-29 11:26:44,442 [Thread-5990] INFO  impl.FollowerState (FollowerState.java:run(115)) - 266f4e38-b438-4944-8569-530d2ae5f6fc: FollowerState was interrupted: java.lang.InterruptedException: sleep interrupted
2019-09-29 11:26:44,442 [grpc-default-executor-26] INFO  impl.RaftServerImpl (ServerState.java:setRaftConf(354)) - d7821b28-18a7-4460-b735-be2c20024ab7@group-ACE69562662B: set configuration 0: [266f4e38-b438-4944-8569-530d2ae5f6fc:192.168.30.19:46645, d7821b28-18a7-4460-b735-be2c20024ab7:192.168.30.19:45148, c5175ad5-525e-4c2e-832b-1ca15aa9c500:192.168.30.19:40504], old=null at 0
2019-09-29 11:26:44,442 [grpc-default-executor-14] INFO  impl.RaftServerImpl (ServerState.java:setRaftConf(354)) - c5175ad5-525e-4c2e-832b-1ca15aa9c500@group-ACE69562662B: set configuration 0: [266f4e38-b438-4944-8569-530d2ae5f6fc:192.168.30.19:46645, d7821b28-18a7-4460-b735-be2c20024ab7:192.168.30.19:45148, c5175ad5-525e-4c2e-832b-1ca15aa9c500:192.168.30.19:40504], old=null at 0
2019-09-29 11:26:44,443 [grpc-default-executor-26] INFO  segmented.SegmentedRaftLogWorker (SegmentedRaftLogWorker.java:startLogSegment(380)) - d7821b28-18a7-4460-b735-be2c20024ab7@group-ACE69562662B-SegmentedRaftLogWorker: Starting segment from index:0
2019-09-29 11:26:44,443 [grpc-default-executor-14] INFO  segmented.SegmentedRaftLogWorker (SegmentedRaftLogWorker.java:startLogSegment(380)) - c5175ad5-525e-4c2e-832b-1ca15aa9c500@group-ACE69562662B-SegmentedRaftLogWorker: Starting segment from index:0
2019-09-29 11:26:44,467 [Thread-6001] INFO  impl.FollowerState (FollowerState.java:run(106)) - 266f4e38-b438-4944-8569-530d2ae5f6fc:group-92AA78341D71 changes to CANDIDATE, lastRpcTime:5123, electionTimeout:5123ms
2019-09-29 11:26:44,467 [Thread-6001] INFO  impl.RoleInfo (RoleInfo.java:shutdownFollowerState(121)) - 266f4e38-b438-4944-8569-530d2ae5f6fc: shutdown FollowerState
2019-09-29 11:26:44,467 [266f4e38-b438-4944-8569-530d2ae5f6fc@group-ACE69562662B-SegmentedRaftLogWorker] INFO  segmented.SegmentedRaftLogWorker (SegmentedRaftLogWorker.java:execute(569)) - 266f4e38-b438-4944-8569-530d2ae5f6fc@group-ACE69562662B-SegmentedRaftLogWorker: created new log segment /workdir/hadoop-ozone/integration-test/target/test-dir/MiniOzoneClusterImpl-f848b852-1aaf-4c40-a29c-4c10b1dc7f95/datanode-2/data/ratis/1946d8fd-26f7-4f70-b39b-ace69562662b/current/log_inprogress_0
2019-09-29 11:26:44,467 [d7821b28-18a7-4460-b735-be2c20024ab7@group-42C9F9716FCF:LeaderElection134] INFO  impl.LeaderElection (LeaderElection.java:askForVotes(182)) - d7821b28-18a7-4460-b735-be2c20024ab7@group-42C9F9716FCF:LeaderElection134: begin an election at term 1 for -1: [266f4e38-b438-4944-8569-530d2ae5f6fc:192.168.30.19:46645, d7821b28-18a7-4460-b735-be2c20024ab7:192.168.30.19:45148, c5175ad5-525e-4c2e-832b-1ca15aa9c500:192.168.30.19:40504], old=null
2019-09-29 11:26:44,467 [Thread-6001] INFO  impl.RaftServerImpl (RaftServerImpl.java:setRole(174)) - 266f4e38-b438-4944-8569-530d2ae5f6fc@group-92AA78341D71: changes role from  FOLLOWER to CANDIDATE at term 0 for changeToCandidate
2019-09-29 11:26:44,467 [d7821b28-18a7-4460-b735-be2c20024ab7@group-8E5314906F1B:LeaderElection135] INFO  impl.LeaderElection (LeaderElection.java:askForVotes(182)) - d7821b28-18a7-4460-b735-be2c20024ab7@group-8E5314906F1B:LeaderElection135: begin an election at term 1 for -1: [266f4e38-b438-4944-8569-530d2ae5f6fc:192.168.30.19:46645, d7821b28-18a7-4460-b735-be2c20024ab7:192.168.30.19:45148, c5175ad5-525e-4c2e-832b-1ca15aa9c500:192.168.30.19:40504], old=null
2019-09-29 11:26:44,467 [c5175ad5-525e-4c2e-832b-1ca15aa9c500@group-92AA78341D71:LeaderElection133] INFO  impl.LeaderElection (LeaderElection.java:askForVotes(182)) - c5175ad5-525e-4c2e-832b-1ca15aa9c500@group-92AA78341D71:LeaderElection133: begin an election at term 1 for -1: [266f4e38-b438-4944-8569-530d2ae5f6fc:192.168.30.19:46645, d7821b28-18a7-4460-b735-be2c20024ab7:192.168.30.19:45148, c5175ad5-525e-4c2e-832b-1ca15aa9c500:192.168.30.19:40504], old=null
2019-09-29 11:26:44,482 [Thread-6001] INFO  impl.RoleInfo (RoleInfo.java:updateAndGet(143)) - 266f4e38-b438-4944-8569-530d2ae5f6fc: start LeaderElection
2019-09-29 11:26:44,482 [c5175ad5-525e-4c2e-832b-1ca15aa9c500@group-8E5314906F1B:LeaderElection132] INFO  impl.LeaderElection (LeaderElection.java:logAndReturn(56)) - c5175ad5-525e-4c2e-832b-1ca15aa9c500@group-8E5314906F1B:LeaderElection132: Election PASSED; received 2 response(s) [c5175ad5-525e-4c2e-832b-1ca15aa9c500<-266f4e38-b438-4944-8569-530d2ae5f6fc#0:OK-t1, c5175ad5-525e-4c2e-832b-1ca15aa9c500<-d7821b28-18a7-4460-b735-be2c20024ab7#0:FAIL-t1] and 0 exception(s); c5175ad5-525e-4c2e-832b-1ca15aa9c500@group-8E5314906F1B:t1, leader=null, voted=c5175ad5-525e-4c2e-832b-1ca15aa9c500, raftlog=c5175ad5-525e-4c2e-832b-1ca15aa9c500@group-8E5314906F1B-SegmentedRaftLog:OPENED:c-1,f-1,i0, conf=-1: [266f4e38-b438-4944-8569-530d2ae5f6fc:192.168.30.19:46645, d7821b28-18a7-4460-b735-be2c20024ab7:192.168.30.19:45148, c5175ad5-525e-4c2e-832b-1ca15aa9c500:192.168.30.19:40504], old=null
2019-09-29 11:26:44,482 [c5175ad5-525e-4c2e-832b-1ca15aa9c500@group-8E5314906F1B:LeaderElection132] INFO  impl.RoleInfo (RoleInfo.java:shutdownLeaderElection(134)) - c5175ad5-525e-4c2e-832b-1ca15aa9c500: shutdown LeaderElection
2019-09-29 11:26:44,483 [c5175ad5-525e-4c2e-832b-1ca15aa9c500@group-8E5314906F1B:LeaderElection132] INFO  impl.RaftServerImpl (RaftServerImpl.java:setRole(174)) - c5175ad5-525e-4c2e-832b-1ca15aa9c500@group-8E5314906F1B: changes role from CANDIDATE to LEADER at term 1 for changeToLeader
2019-09-29 11:26:44,483 [grpc-default-executor-19] INFO  impl.RaftServerImpl (RaftServerImpl.java:setRole(174)) - 266f4e38-b438-4944-8569-530d2ae5f6fc@group-42C9F9716FCF: changes role from  FOLLOWER to FOLLOWER at term 1 for recognizeCandidate:d7821b28-18a7-4460-b735-be2c20024ab7
2019-09-29 11:26:44,483 [c5175ad5-525e-4c2e-832b-1ca15aa9c500@group-8E5314906F1B:LeaderElection132] INFO  impl.RaftServerImpl (ServerState.java:setLeader(253)) - c5175ad5-525e-4c2e-832b-1ca15aa9c500@group-8E5314906F1B: change Leader from null to c5175ad5-525e-4c2e-832b-1ca15aa9c500 at term 1 for becomeLeader, leader elected after 5228ms
2019-09-29 11:26:44,483 [grpc-default-executor-19] INFO  impl.RoleInfo (RoleInfo.java:shutdownFollowerState(121)) - 266f4e38-b438-4944-8569-530d2ae5f6fc: shutdown FollowerState
2019-09-29 11:26:44,483 [c5175ad5-525e-4c2e-832b-1ca15aa9c500@group-8E5314906F1B:LeaderElection132] INFO  server.RaftServerConfigKeys (ConfUtils.java:logGet(43)) - raft.server.staging.catchup.gap = 1000 (default)
2019-09-29 11:26:44,483 [Thread-6008] INFO  impl.FollowerState (FollowerState.java:run(115)) - 266f4e38-b438-4944-8569-530d2ae5f6fc: FollowerState was interrupted: java.lang.InterruptedException: sleep interrupted
2019-09-29 11:26:44,483 [grpc-default-executor-19] INFO  impl.RoleInfo (RoleInfo.java:updateAndGet(143)) - 266f4e38-b438-4944-8569-530d2ae5f6fc: start FollowerState
2019-09-29 11:26:44,483 [c5175ad5-525e-4c2e-832b-1ca15aa9c500@group-8E5314906F1B:LeaderElection132] INFO  server.RaftServerConfigKeys (ConfUtils.java:logGet(43)) - raft.server.rpc.sleep.time = 25ms (default)
2019-09-29 11:26:44,484 [c5175ad5-525e-4c2e-832b-1ca15aa9c500@group-8E5314906F1B:LeaderElection132] INFO  server.RaftServerConfigKeys (ConfUtils.java:logGet(43)) - raft.server.write.element-limit = 4096 (default)
2019-09-29 11:26:44,484 [c5175ad5-525e-4c2e-832b-1ca15aa9c500@group-8E5314906F1B:LeaderElection132] INFO  server.RaftServerConfigKeys (ConfUtils.java:logGet(43)) - raft.server.watch.timeout = 10s (default)
2019-09-29 11:26:44,484 [c5175ad5-525e-4c2e-832b-1ca15aa9c500@group-8E5314906F1B:LeaderElection132] INFO  server.RaftServerConfigKeys (ConfUtils.java:logGet(43)) - raft.server.watch.timeout.denomination = 1s (default)
2019-09-29 11:26:44,484 [grpc-default-executor-27] INFO  impl.RaftServerImpl (RaftServerImpl.java:setRole(174)) - c5175ad5-525e-4c2e-832b-1ca15aa9c500@group-42C9F9716FCF: changes role from  FOLLOWER to FOLLOWER at term 1 for recognizeCandidate:d7821b28-18a7-4460-b735-be2c20024ab7
2019-09-29 11:26:44,484 [grpc-default-executor-14] INFO  impl.RaftServerImpl (RaftServerImpl.java:setRole(174)) - d7821b28-18a7-4460-b735-be2c20024ab7@group-92AA78341D71: changes role from  FOLLOWER to FOLLOWER at term 1 for recognizeCandidate:c5175ad5-525e-4c2e-832b-1ca15aa9c500
2019-09-29 11:26:44,484 [grpc-default-executor-27] INFO  impl.RoleInfo (RoleInfo.java:shutdownFollowerState(121)) - c5175ad5-525e-4c2e-832b-1ca15aa9c500: shutdown FollowerState
2019-09-29 11:26:44,484 [c5175ad5-525e-4c2e-832b-1ca15aa9c500@group-8E5314906F1B:LeaderElection132] INFO  server.RaftServerConfigKeys (ConfUtils.java:logGet(43)) - raft.server.watch.element-limit = 65536 (default)
2019-09-29 11:26:44,485 [Thread-6009] INFO  impl.FollowerState (FollowerState.java:run(115)) - c5175ad5-525e-4c2e-832b-1ca15aa9c500: FollowerState was interrupted: java.lang.InterruptedException: sleep interrupted
2019-09-29 11:26:44,485 [grpc-default-executor-27] INFO  impl.RoleInfo (RoleInfo.java:updateAndGet(143)) - c5175ad5-525e-4c2e-832b-1ca15aa9c500: start FollowerState
2019-09-29 11:26:44,485 [grpc-default-executor-14] INFO  impl.RoleInfo (RoleInfo.java:shutdownFollowerState(121)) - d7821b28-18a7-4460-b735-be2c20024ab7: shutdown FollowerState
2019-09-29 11:26:44,485 [grpc-default-executor-14] INFO  impl.RoleInfo (RoleInfo.java:updateAndGet(143)) - d7821b28-18a7-4460-b735-be2c20024ab7: start FollowerState
2019-09-29 11:26:44,485 [Thread-5996] INFO  impl.FollowerState (FollowerState.java:run(115)) - d7821b28-18a7-4460-b735-be2c20024ab7: FollowerState was interrupted: java.lang.InterruptedException: sleep interrupted
2019-09-29 11:26:44,486 [c5175ad5-525e-4c2e-832b-1ca15aa9c500@group-8E5314906F1B:LeaderElection132] INFO  server.RaftServerConfigKeys (ConfUtils.java:logGet(43)) - raft.server.log.appender.snapshot.chunk.size.max = 16MB (=16777216) (default)
2019-09-29 11:26:44,487 [c5175ad5-525e-4c2e-832b-1ca15aa9c500@group-8E5314906F1B:LeaderElection132] INFO  server.RaftServerConfigKeys (ConfUtils.java:logGet(43)) - raft.server.log.appender.buffer.byte-limit = 33554432 (custom)
2019-09-29 11:26:44,487 [c5175ad5-525e-4c2e-832b-1ca15aa9c500@group-8E5314906F1B:LeaderElection132] INFO  server.RaftServerConfigKeys (ConfUtils.java:logGet(43)) - raft.server.log.appender.buffer.element-limit = 1 (custom)
2019-09-29 11:26:44,487 [c5175ad5-525e-4c2e-832b-1ca15aa9c500@group-8E5314906F1B:LeaderElection132] INFO  grpc.GrpcConfigKeys$Server (ConfUtils.java:logGet(43)) - raft.grpc.server.leader.outstanding.appends.max = 128 (default)
2019-09-29 11:26:44,487 [c5175ad5-525e-4c2e-832b-1ca15aa9c500@group-8E5314906F1B:LeaderElection132] INFO  server.RaftServerConfigKeys (ConfUtils.java:logGet(43)) - raft.server.rpc.request.timeout = 3000ms (default)
2019-09-29 11:26:44,487 [c5175ad5-525e-4c2e-832b-1ca15aa9c500@group-8E5314906F1B:LeaderElection132] INFO  server.RaftServerConfigKeys (ConfUtils.java:logGet(43)) - raft.server.log.appender.install.snapshot.enabled = false (custom)
2019-09-29 11:26:44,488 [c5175ad5-525e-4c2e-832b-1ca15aa9c500@group-8E5314906F1B:LeaderElection132] INFO  server.RaftServerConfigKeys (ConfUtils.java:logGet(43)) - raft.server.log.appender.snapshot.chunk.size.max = 16MB (=16777216) (default)
2019-09-29 11:26:44,488 [c5175ad5-525e-4c2e-832b-1ca15aa9c500@group-8E5314906F1B:LeaderElection132] INFO  server.RaftServerConfigKeys (ConfUtils.java:logGet(43)) - raft.server.log.appender.buffer.byte-limit = 33554432 (custom)
2019-09-29 11:26:44,488 [c5175ad5-525e-4c2e-832b-1ca15aa9c500@group-8E5314906F1B:LeaderElection132] INFO  server.RaftServerConfigKeys (ConfUtils.java:logGet(43)) - raft.server.log.appender.buffer.element-limit = 1 (custom)
2019-09-29 11:26:44,488 [c5175ad5-525e-4c2e-832b-1ca15aa9c500@group-8E5314906F1B:LeaderElection132] INFO  grpc.GrpcConfigKeys$Server (ConfUtils.java:logGet(43)) - raft.grpc.server.leader.outstanding.appends.max = 128 (default)
2019-09-29 11:26:44,488 [c5175ad5-525e-4c2e-832b-1ca15aa9c500@group-8E5314906F1B:LeaderElection132] INFO  server.RaftServerConfigKeys (ConfUtils.java:logGet(43)) - raft.server.rpc.request.timeout = 3000ms (default)
2019-09-29 11:26:44,488 [c5175ad5-525e-4c2e-832b-1ca15aa9c500@group-8E5314906F1B:LeaderElection132] INFO  server.RaftServerConfigKeys (ConfUtils.java:logGet(43)) - raft.server.log.appender.install.snapshot.enabled = false (custom)
2019-09-29 11:26:44,489 [c5175ad5-525e-4c2e-832b-1ca15aa9c500@group-8E5314906F1B:LeaderElection132] INFO  impl.RoleInfo (RoleInfo.java:updateAndGet(143)) - c5175ad5-525e-4c2e-832b-1ca15aa9c500: start LeaderState
2019-09-29 11:26:44,489 [c5175ad5-525e-4c2e-832b-1ca15aa9c500@group-8E5314906F1B:LeaderElection132] INFO  segmented.SegmentedRaftLogWorker (SegmentedRaftLogWorker.java:startLogSegment(380)) - c5175ad5-525e-4c2e-832b-1ca15aa9c500@group-8E5314906F1B-SegmentedRaftLogWorker: Starting segment from index:0
2019-09-29 11:26:44,490 [c5175ad5-525e-4c2e-832b-1ca15aa9c500@group-8E5314906F1B:LeaderElection132] INFO  impl.RaftServerImpl (ServerState.java:setRaftConf(354)) - c5175ad5-525e-4c2e-832b-1ca15aa9c500@group-8E5314906F1B: set configuration 0: [266f4e38-b438-4944-8569-530d2ae5f6fc:192.168.30.19:46645, d7821b28-18a7-4460-b735-be2c20024ab7:192.168.30.19:45148, c5175ad5-525e-4c2e-832b-1ca15aa9c500:192.168.30.19:40504], old=null at 0
2019-09-29 11:26:44,518 [grpc-default-executor-26] INFO  impl.RaftServerImpl (RaftServerImpl.java:requestVote(758)) - c5175ad5-525e-4c2e-832b-1ca15aa9c500@group-8E5314906F1B-   LEADER: Withhold vote from candidate d7821b28-18a7-4460-b735-be2c20024ab7 with term 1. State: leader=c5175ad5-525e-4c2e-832b-1ca15aa9c500, term=1, lastRpcElapsed=null
2019-09-29 11:26:44,519 [d7821b28-18a7-4460-b735-be2c20024ab7@group-ACE69562662B-SegmentedRaftLogWorker] INFO  segmented.SegmentedRaftLogWorker (SegmentedRaftLogWorker.java:execute(569)) - d7821b28-18a7-4460-b735-be2c20024ab7@group-ACE69562662B-SegmentedRaftLogWorker: created new log segment /workdir/hadoop-ozone/integration-test/target/test-dir/MiniOzoneClusterImpl-f848b852-1aaf-4c40-a29c-4c10b1dc7f95/datanode-1/data/ratis/1946d8fd-26f7-4f70-b39b-ace69562662b/current/log_inprogress_0
2019-09-29 11:26:44,519 [266f4e38-b438-4944-8569-530d2ae5f6fc@group-92AA78341D71:LeaderElection136] INFO  impl.LeaderElection (LeaderElection.java:askForVotes(182)) - 266f4e38-b438-4944-8569-530d2ae5f6fc@group-92AA78341D71:LeaderElection136: begin an election at term 1 for -1: [266f4e38-b438-4944-8569-530d2ae5f6fc:192.168.30.19:46645, d7821b28-18a7-4460-b735-be2c20024ab7:192.168.30.19:45148, c5175ad5-525e-4c2e-832b-1ca15aa9c500:192.168.30.19:40504], old=null
2019-09-29 11:26:44,521 [Thread-6013] INFO  impl.FollowerState (FollowerState.java:run(106)) - d7821b28-18a7-4460-b735-be2c20024ab7:group-0F923E1C8F14 changes to CANDIDATE, lastRpcTime:5027, electionTimeout:5001ms
2019-09-29 11:26:44,519 [c5175ad5-525e-4c2e-832b-1ca15aa9c500@group-ACE69562662B-SegmentedRaftLogWorker] INFO  segmented.SegmentedRaftLogWorker (SegmentedRaftLogWorker.java:execute(569)) - c5175ad5-525e-4c2e-832b-1ca15aa9c500@group-ACE69562662B-SegmentedRaftLogWorker: created new log segment /workdir/hadoop-ozone/integration-test/target/test-dir/MiniOzoneClusterImpl-f848b852-1aaf-4c40-a29c-4c10b1dc7f95/datanode-3/data/ratis/1946d8fd-26f7-4f70-b39b-ace69562662b/current/log_inprogress_0
2019-09-29 11:26:44,523 [Thread-6013] INFO  impl.RoleInfo (RoleInfo.java:shutdownFollowerState(121)) - d7821b28-18a7-4460-b735-be2c20024ab7: shutdown FollowerState
2019-09-29 11:26:44,523 [d7821b28-18a7-4460-b735-be2c20024ab7@group-42C9F9716FCF:LeaderElection134] INFO  impl.LeaderElection (LeaderElection.java:logAndReturn(56)) - d7821b28-18a7-4460-b735-be2c20024ab7@group-42C9F9716FCF:LeaderElection134: Election PASSED; received 1 response(s) [d7821b28-18a7-4460-b735-be2c20024ab7<-266f4e38-b438-4944-8569-530d2ae5f6fc#0:OK-t1] and 0 exception(s); d7821b28-18a7-4460-b735-be2c20024ab7@group-42C9F9716FCF:t1, leader=null, voted=d7821b28-18a7-4460-b735-be2c20024ab7, raftlog=d7821b28-18a7-4460-b735-be2c20024ab7@group-42C9F9716FCF-SegmentedRaftLog:OPENED:c-1,f-1,i0, conf=-1: [266f4e38-b438-4944-8569-530d2ae5f6fc:192.168.30.19:46645, d7821b28-18a7-4460-b735-be2c20024ab7:192.168.30.19:45148, c5175ad5-525e-4c2e-832b-1ca15aa9c500:192.168.30.19:40504], old=null
2019-09-29 11:26:44,523 [c5175ad5-525e-4c2e-832b-1ca15aa9c500@group-92AA78341D71:LeaderElection133] INFO  impl.LeaderElection (LeaderElection.java:logAndReturn(56)) - c5175ad5-525e-4c2e-832b-1ca15aa9c500@group-92AA78341D71:LeaderElection133: Election PASSED; received 1 response(s) [c5175ad5-525e-4c2e-832b-1ca15aa9c500<-d7821b28-18a7-4460-b735-be2c20024ab7#0:OK-t1] and 0 exception(s); c5175ad5-525e-4c2e-832b-1ca15aa9c500@group-92AA78341D71:t1, leader=null, voted=c5175ad5-525e-4c2e-832b-1ca15aa9c500, raftlog=c5175ad5-525e-4c2e-832b-1ca15aa9c500@group-92AA78341D71-SegmentedRaftLog:OPENED:c-1,f-1,i0, conf=-1: [266f4e38-b438-4944-8569-530d2ae5f6fc:192.168.30.19:46645, d7821b28-18a7-4460-b735-be2c20024ab7:192.168.30.19:45148, c5175ad5-525e-4c2e-832b-1ca15aa9c500:192.168.30.19:40504], old=null
2019-09-29 11:26:44,523 [d7821b28-18a7-4460-b735-be2c20024ab7@group-42C9F9716FCF:LeaderElection134] INFO  impl.RoleInfo (RoleInfo.java:shutdownLeaderElection(134)) - d7821b28-18a7-4460-b735-be2c20024ab7: shutdown LeaderElection
2019-09-29 11:26:44,523 [Thread-6013] INFO  impl.RaftServerImpl (RaftServerImpl.java:setRole(174)) - d7821b28-18a7-4460-b735-be2c20024ab7@group-0F923E1C8F14: changes role from  FOLLOWER to CANDIDATE at term 0 for changeToCandidate
2019-09-29 11:26:44,523 [d7821b28-18a7-4460-b735-be2c20024ab7@group-8E5314906F1B:LeaderElection135] INFO  impl.LeaderElection (LeaderElection.java:logAndReturn(56)) - d7821b28-18a7-4460-b735-be2c20024ab7@group-8E5314906F1B:LeaderElection135: Election REJECTED; received 2 response(s) [d7821b28-18a7-4460-b735-be2c20024ab7<-266f4e38-b438-4944-8569-530d2ae5f6fc#0:FAIL-t1, d7821b28-18a7-4460-b735-be2c20024ab7<-c5175ad5-525e-4c2e-832b-1ca15aa9c500#0:FAIL-t1] and 0 exception(s); d7821b28-18a7-4460-b735-be2c20024ab7@group-8E5314906F1B:t1, leader=null, voted=d7821b28-18a7-4460-b735-be2c20024ab7, raftlog=d7821b28-18a7-4460-b735-be2c20024ab7@group-8E5314906F1B-SegmentedRaftLog:OPENED:c-1,f-1,i0, conf=-1: [266f4e38-b438-4944-8569-530d2ae5f6fc:192.168.30.19:46645, d7821b28-18a7-4460-b735-be2c20024ab7:192.168.30.19:45148, c5175ad5-525e-4c2e-832b-1ca15aa9c500:192.168.30.19:40504], old=null
2019-09-29 11:26:44,523 [grpc-default-executor-15] INFO  impl.RaftServerImpl (ServerState.java:setLeader(253)) - 266f4e38-b438-4944-8569-530d2ae5f6fc@group-8E5314906F1B: change Leader from null to c5175ad5-525e-4c2e-832b-1ca15aa9c500 at term 1 for appendEntries, leader elected after 5268ms
2019-09-29 11:26:44,523 [d7821b28-18a7-4460-b735-be2c20024ab7@group-42C9F9716FCF:LeaderElection134] INFO  impl.RaftServerImpl (RaftServerImpl.java:setRole(174)) - d7821b28-18a7-4460-b735-be2c20024ab7@group-42C9F9716FCF: changes role from CANDIDATE to LEADER at term 1 for changeToLeader
2019-09-29 11:26:44,523 [c5175ad5-525e-4c2e-832b-1ca15aa9c500@group-92AA78341D71:LeaderElection133] INFO  impl.RoleInfo (RoleInfo.java:shutdownLeaderElection(134)) - c5175ad5-525e-4c2e-832b-1ca15aa9c500: shutdown LeaderElection
2019-09-29 11:26:44,524 [d7821b28-18a7-4460-b735-be2c20024ab7@group-42C9F9716FCF:LeaderElection134] INFO  impl.RaftServerImpl (ServerState.java:setLeader(253)) - d7821b28-18a7-4460-b735-be2c20024ab7@group-42C9F9716FCF: change Leader from null to d7821b28-18a7-4460-b735-be2c20024ab7 at term 1 for becomeLeader, leader elected after 5116ms
2019-09-29 11:26:44,523 [Thread-6013] INFO  impl.RoleInfo (RoleInfo.java:updateAndGet(143)) - d7821b28-18a7-4460-b735-be2c20024ab7: start LeaderElection
2019-09-29 11:26:44,523 [grpc-default-executor-14] INFO  impl.RaftServerImpl (RaftServerImpl.java:setRole(174)) - d7821b28-18a7-4460-b735-be2c20024ab7@group-8E5314906F1B: changes role from CANDIDATE to FOLLOWER at term 1 for appendEntries
2019-09-29 11:26:44,527 [grpc-default-executor-14] INFO  impl.RoleInfo (RoleInfo.java:shutdownLeaderElection(134)) - d7821b28-18a7-4460-b735-be2c20024ab7: shutdown LeaderElection
2019-09-29 11:26:44,524 [d7821b28-18a7-4460-b735-be2c20024ab7@group-42C9F9716FCF:LeaderElection134] INFO  server.RaftServerConfigKeys (ConfUtils.java:logGet(43)) - raft.server.staging.catchup.gap = 1000 (default)
2019-09-29 11:26:44,524 [c5175ad5-525e-4c2e-832b-1ca15aa9c500@group-92AA78341D71:LeaderElection133] INFO  impl.RaftServerImpl (RaftServerImpl.java:setRole(174)) - c5175ad5-525e-4c2e-832b-1ca15aa9c500@group-92AA78341D71: changes role from CANDIDATE to LEADER at term 1 for changeToLeader
2019-09-29 11:26:44,527 [d7821b28-18a7-4460-b735-be2c20024ab7@group-42C9F9716FCF:LeaderElection134] INFO  server.RaftServerConfigKeys (ConfUtils.java:logGet(43)) - raft.server.rpc.sleep.time = 25ms (default)
2019-09-29 11:26:44,527 [grpc-default-executor-14] INFO  impl.RoleInfo (RoleInfo.java:updateAndGet(143)) - d7821b28-18a7-4460-b735-be2c20024ab7: start FollowerState
2019-09-29 11:26:44,530 [grpc-default-executor-26] INFO  impl.RaftServerImpl (ServerState.java:setRaftConf(354)) - 266f4e38-b438-4944-8569-530d2ae5f6fc@group-8E5314906F1B: set configuration 0: [266f4e38-b438-4944-8569-530d2ae5f6fc:192.168.30.19:46645, d7821b28-18a7-4460-b735-be2c20024ab7:192.168.30.19:45148, c5175ad5-525e-4c2e-832b-1ca15aa9c500:192.168.30.19:40504], old=null at 0
2019-09-29 11:26:44,527 [d7821b28-18a7-4460-b735-be2c20024ab7@group-42C9F9716FCF:LeaderElection134] INFO  server.RaftServerConfigKeys (ConfUtils.java:logGet(43)) - raft.server.write.element-limit = 4096 (default)
2019-09-29 11:26:44,527 [c5175ad5-525e-4c2e-832b-1ca15aa9c500@group-92AA78341D71:LeaderElection133] INFO  impl.RaftServerImpl (ServerState.java:setLeader(253)) - c5175ad5-525e-4c2e-832b-1ca15aa9c500@group-92AA78341D71: change Leader from null to c5175ad5-525e-4c2e-832b-1ca15aa9c500 at term 1 for becomeLeader, leader elected after 5195ms
2019-09-29 11:26:44,530 [d7821b28-18a7-4460-b735-be2c20024ab7@group-42C9F9716FCF:LeaderElection134] INFO  server.RaftServerConfigKeys (ConfUtils.java:logGet(43)) - raft.server.watch.timeout = 10s (default)
2019-09-29 11:26:44,530 [grpc-default-executor-26] INFO  segmented.SegmentedRaftLogWorker (SegmentedRaftLogWorker.java:startLogSegment(380)) - 266f4e38-b438-4944-8569-530d2ae5f6fc@group-8E5314906F1B-SegmentedRaftLogWorker: Starting segment from index:0
2019-09-29 11:26:44,530 [grpc-default-executor-14] INFO  impl.RaftServerImpl (ServerState.java:setLeader(253)) - d7821b28-18a7-4460-b735-be2c20024ab7@group-8E5314906F1B: change Leader from null to c5175ad5-525e-4c2e-832b-1ca15aa9c500 at term 1 for appendEntries, leader elected after 5275ms
2019-09-29 11:26:44,531 [d7821b28-18a7-4460-b735-be2c20024ab7@group-42C9F9716FCF:LeaderElection134] INFO  server.RaftServerConfigKeys (ConfUtils.java:logGet(43)) - raft.server.watch.timeout.denomination = 1s (default)
2019-09-29 11:26:44,531 [c5175ad5-525e-4c2e-832b-1ca15aa9c500@group-92AA78341D71:LeaderElection133] INFO  server.RaftServerConfigKeys (ConfUtils.java:logGet(43)) - raft.server.staging.catchup.gap = 1000 (default)
2019-09-29 11:26:44,531 [d7821b28-18a7-4460-b735-be2c20024ab7@group-42C9F9716FCF:LeaderElection134] INFO  server.RaftServerConfigKeys (ConfUtils.java:logGet(43)) - raft.server.watch.element-limit = 65536 (default)
2019-09-29 11:26:44,531 [c5175ad5-525e-4c2e-832b-1ca15aa9c500@group-92AA78341D71:LeaderElection133] INFO  server.RaftServerConfigKeys (ConfUtils.java:logGet(43)) - raft.server.rpc.sleep.time = 25ms (default)
2019-09-29 11:26:44,531 [c5175ad5-525e-4c2e-832b-1ca15aa9c500@group-92AA78341D71:LeaderElection133] INFO  server.RaftServerConfigKeys (ConfUtils.java:logGet(43)) - raft.server.write.element-limit = 4096 (default)
2019-09-29 11:26:44,531 [c5175ad5-525e-4c2e-832b-1ca15aa9c500@group-92AA78341D71:LeaderElection133] INFO  server.RaftServerConfigKeys (ConfUtils.java:logGet(43)) - raft.server.watch.timeout = 10s (default)
2019-09-29 11:26:44,532 [c5175ad5-525e-4c2e-832b-1ca15aa9c500@group-92AA78341D71:LeaderElection133] INFO  server.RaftServerConfigKeys (ConfUtils.java:logGet(43)) - raft.server.watch.timeout.denomination = 1s (default)
2019-09-29 11:26:44,532 [c5175ad5-525e-4c2e-832b-1ca15aa9c500@group-92AA78341D71:LeaderElection133] INFO  server.RaftServerConfigKeys (ConfUtils.java:logGet(43)) - raft.server.watch.element-limit = 65536 (default)
2019-09-29 11:26:44,532 [grpc-default-executor-14] INFO  impl.RaftServerImpl (ServerState.java:setRaftConf(354)) - d7821b28-18a7-4460-b735-be2c20024ab7@group-8E5314906F1B: set configuration 0: [266f4e38-b438-4944-8569-530d2ae5f6fc:192.168.30.19:46645, d7821b28-18a7-4460-b735-be2c20024ab7:192.168.30.19:45148, c5175ad5-525e-4c2e-832b-1ca15aa9c500:192.168.30.19:40504], old=null at 0
2019-09-29 11:26:44,532 [grpc-default-executor-14] INFO  segmented.SegmentedRaftLogWorker (SegmentedRaftLogWorker.java:startLogSegment(380)) - d7821b28-18a7-4460-b735-be2c20024ab7@group-8E5314906F1B-SegmentedRaftLogWorker: Starting segment from index:0
2019-09-29 11:26:44,533 [d7821b28-18a7-4460-b735-be2c20024ab7@group-42C9F9716FCF:LeaderElection134] INFO  server.RaftServerConfigKeys (ConfUtils.java:logGet(43)) - raft.server.log.appender.snapshot.chunk.size.max = 16MB (=16777216) (default)
2019-09-29 11:26:44,533 [c5175ad5-525e-4c2e-832b-1ca15aa9c500@group-92AA78341D71:LeaderElection133] INFO  server.RaftServerConfigKeys (ConfUtils.java:logGet(43)) - raft.server.log.appender.snapshot.chunk.size.max = 16MB (=16777216) (default)
2019-09-29 11:26:44,533 [d7821b28-18a7-4460-b735-be2c20024ab7@group-42C9F9716FCF:LeaderElection134] INFO  server.RaftServerConfigKeys (ConfUtils.java:logGet(43)) - raft.server.log.appender.buffer.byte-limit = 33554432 (custom)
2019-09-29 11:26:44,533 [c5175ad5-525e-4c2e-832b-1ca15aa9c500@group-92AA78341D71:LeaderElection133] INFO  server.RaftServerConfigKeys (ConfUtils.java:logGet(43)) - raft.server.log.appender.buffer.byte-limit = 33554432 (custom)
2019-09-29 11:26:44,533 [d7821b28-18a7-4460-b735-be2c20024ab7@group-42C9F9716FCF:LeaderElection134] INFO  server.RaftServerConfigKeys (ConfUtils.java:logGet(43)) - raft.server.log.appender.buffer.element-limit = 1 (custom)
2019-09-29 11:26:44,533 [c5175ad5-525e-4c2e-832b-1ca15aa9c500@group-92AA78341D71:LeaderElection133] INFO  server.RaftServerConfigKeys (ConfUtils.java:logGet(43)) - raft.server.log.appender.buffer.element-limit = 1 (custom)
2019-09-29 11:26:44,533 [d7821b28-18a7-4460-b735-be2c20024ab7@group-42C9F9716FCF:LeaderElection134] INFO  grpc.GrpcConfigKeys$Server (ConfUtils.java:logGet(43)) - raft.grpc.server.leader.outstanding.appends.max = 128 (default)
2019-09-29 11:26:44,533 [c5175ad5-525e-4c2e-832b-1ca15aa9c500@group-92AA78341D71:LeaderElection133] INFO  grpc.GrpcConfigKeys$Server (ConfUtils.java:logGet(43)) - raft.grpc.server.leader.outstanding.appends.max = 128 (default)
2019-09-29 11:26:44,534 [d7821b28-18a7-4460-b735-be2c20024ab7@group-42C9F9716FCF:LeaderElection134] INFO  server.RaftServerConfigKeys (ConfUtils.java:logGet(43)) - raft.server.rpc.request.timeout = 3000ms (default)
2019-09-29 11:26:44,534 [c5175ad5-525e-4c2e-832b-1ca15aa9c500@group-92AA78341D71:LeaderElection133] INFO  server.RaftServerConfigKeys (ConfUtils.java:logGet(43)) - raft.server.rpc.request.timeout = 3000ms (default)
2019-09-29 11:26:44,534 [d7821b28-18a7-4460-b735-be2c20024ab7@group-42C9F9716FCF:LeaderElection134] INFO  server.RaftServerConfigKeys (ConfUtils.java:logGet(43)) - raft.server.log.appender.install.snapshot.enabled = false (custom)
2019-09-29 11:26:44,534 [c5175ad5-525e-4c2e-832b-1ca15aa9c500@group-92AA78341D71:LeaderElection133] INFO  server.RaftServerConfigKeys (ConfUtils.java:logGet(43)) - raft.server.log.appender.install.snapshot.enabled = false (custom)
2019-09-29 11:26:44,534 [d7821b28-18a7-4460-b735-be2c20024ab7@group-42C9F9716FCF:LeaderElection134] INFO  server.RaftServerConfigKeys (ConfUtils.java:logGet(43)) - raft.server.log.appender.snapshot.chunk.size.max = 16MB (=16777216) (default)
2019-09-29 11:26:44,534 [c5175ad5-525e-4c2e-832b-1ca15aa9c500@group-92AA78341D71:LeaderElection133] INFO  server.RaftServerConfigKeys (ConfUtils.java:logGet(43)) - raft.server.log.appender.snapshot.chunk.size.max = 16MB (=16777216) (default)
2019-09-29 11:26:44,534 [d7821b28-18a7-4460-b735-be2c20024ab7@group-42C9F9716FCF:LeaderElection134] INFO  server.RaftServerConfigKeys (ConfUtils.java:logGet(43)) - raft.server.log.appender.buffer.byte-limit = 33554432 (custom)
2019-09-29 11:26:44,534 [c5175ad5-525e-4c2e-832b-1ca15aa9c500@group-92AA78341D71:LeaderElection133] INFO  server.RaftServerConfigKeys (ConfUtils.java:logGet(43)) - raft.server.log.appender.buffer.byte-limit = 33554432 (custom)
2019-09-29 11:26:44,534 [d7821b28-18a7-4460-b735-be2c20024ab7@group-42C9F9716FCF:LeaderElection134] INFO  server.RaftServerConfigKeys (ConfUtils.java:logGet(43)) - raft.server.log.appender.buffer.element-limit = 1 (custom)
2019-09-29 11:26:44,535 [c5175ad5-525e-4c2e-832b-1ca15aa9c500@group-92AA78341D71:LeaderElection133] INFO  server.RaftServerConfigKeys (ConfUtils.java:logGet(43)) - raft.server.log.appender.buffer.element-limit = 1 (custom)
2019-09-29 11:26:44,535 [d7821b28-18a7-4460-b735-be2c20024ab7@group-42C9F9716FCF:LeaderElection134] INFO  grpc.GrpcConfigKeys$Server (ConfUtils.java:logGet(43)) - raft.grpc.server.leader.outstanding.appends.max = 128 (default)
2019-09-29 11:26:44,535 [c5175ad5-525e-4c2e-832b-1ca15aa9c500@group-92AA78341D71:LeaderElection133] INFO  grpc.GrpcConfigKeys$Server (ConfUtils.java:logGet(43)) - raft.grpc.server.leader.outstanding.appends.max = 128 (default)
2019-09-29 11:26:44,535 [d7821b28-18a7-4460-b735-be2c20024ab7@group-42C9F9716FCF:LeaderElection134] INFO  server.RaftServerConfigKeys (ConfUtils.java:logGet(43)) - raft.server.rpc.request.timeout = 3000ms (default)
2019-09-29 11:26:44,535 [c5175ad5-525e-4c2e-832b-1ca15aa9c500@group-92AA78341D71:LeaderElection133] INFO  server.RaftServerConfigKeys (ConfUtils.java:logGet(43)) - raft.server.rpc.request.timeout = 3000ms (default)
2019-09-29 11:26:44,535 [d7821b28-18a7-4460-b735-be2c20024ab7@group-42C9F9716FCF:LeaderElection134] INFO  server.RaftServerConfigKeys (ConfUtils.java:logGet(43)) - raft.server.log.appender.install.snapshot.enabled = false (custom)
2019-09-29 11:26:44,535 [c5175ad5-525e-4c2e-832b-1ca15aa9c500@group-92AA78341D71:LeaderElection133] INFO  server.RaftServerConfigKeys (ConfUtils.java:logGet(43)) - raft.server.log.appender.install.snapshot.enabled = false (custom)
2019-09-29 11:26:44,535 [d7821b28-18a7-4460-b735-be2c20024ab7@group-42C9F9716FCF:LeaderElection134] INFO  impl.RoleInfo (RoleInfo.java:updateAndGet(143)) - d7821b28-18a7-4460-b735-be2c20024ab7: start LeaderState
2019-09-29 11:26:44,535 [c5175ad5-525e-4c2e-832b-1ca15aa9c500@group-92AA78341D71:LeaderElection133] INFO  impl.RoleInfo (RoleInfo.java:updateAndGet(143)) - c5175ad5-525e-4c2e-832b-1ca15aa9c500: start LeaderState
2019-09-29 11:26:44,536 [d7821b28-18a7-4460-b735-be2c20024ab7@group-42C9F9716FCF:LeaderElection134] INFO  segmented.SegmentedRaftLogWorker (SegmentedRaftLogWorker.java:startLogSegment(380)) - d7821b28-18a7-4460-b735-be2c20024ab7@group-42C9F9716FCF-SegmentedRaftLogWorker: Starting segment from index:0
2019-09-29 11:26:44,536 [c5175ad5-525e-4c2e-832b-1ca15aa9c500@group-92AA78341D71:LeaderElection133] INFO  segmented.SegmentedRaftLogWorker (SegmentedRaftLogWorker.java:startLogSegment(380)) - c5175ad5-525e-4c2e-832b-1ca15aa9c500@group-92AA78341D71-SegmentedRaftLogWorker: Starting segment from index:0
2019-09-29 11:26:44,536 [d7821b28-18a7-4460-b735-be2c20024ab7@group-42C9F9716FCF:LeaderElection134] INFO  impl.RaftServerImpl (ServerState.java:setRaftConf(354)) - d7821b28-18a7-4460-b735-be2c20024ab7@group-42C9F9716FCF: set configuration 0: [266f4e38-b438-4944-8569-530d2ae5f6fc:192.168.30.19:46645, d7821b28-18a7-4460-b735-be2c20024ab7:192.168.30.19:45148, c5175ad5-525e-4c2e-832b-1ca15aa9c500:192.168.30.19:40504], old=null at 0
2019-09-29 11:26:44,579 [c5175ad5-525e-4c2e-832b-1ca15aa9c500@group-8E5314906F1B-SegmentedRaftLogWorker] INFO  segmented.SegmentedRaftLogWorker (SegmentedRaftLogWorker.java:execute(569)) - c5175ad5-525e-4c2e-832b-1ca15aa9c500@group-8E5314906F1B-SegmentedRaftLogWorker: created new log segment /workdir/hadoop-ozone/integration-test/target/test-dir/MiniOzoneClusterImpl-f848b852-1aaf-4c40-a29c-4c10b1dc7f95/datanode-3/data/ratis/3a8a0b3b-b4ef-44e9-bbdf-8e5314906f1b/current/log_inprogress_0
2019-09-29 11:26:44,579 [d7821b28-18a7-4460-b735-be2c20024ab7@group-0F923E1C8F14:LeaderElection137] INFO  impl.LeaderElection (LeaderElection.java:askForVotes(182)) - d7821b28-18a7-4460-b735-be2c20024ab7@group-0F923E1C8F14:LeaderElection137: begin an election at term 1 for -1: [266f4e38-b438-4944-8569-530d2ae5f6fc:192.168.30.19:46645, d7821b28-18a7-4460-b735-be2c20024ab7:192.168.30.19:45148, c5175ad5-525e-4c2e-832b-1ca15aa9c500:192.168.30.19:40504], old=null
2019-09-29 11:26:44,579 [c5175ad5-525e-4c2e-832b-1ca15aa9c500@group-92AA78341D71:LeaderElection133] INFO  impl.RaftServerImpl (ServerState.java:setRaftConf(354)) - c5175ad5-525e-4c2e-832b-1ca15aa9c500@group-92AA78341D71: set configuration 0: [266f4e38-b438-4944-8569-530d2ae5f6fc:192.168.30.19:46645, d7821b28-18a7-4460-b735-be2c20024ab7:192.168.30.19:45148, c5175ad5-525e-4c2e-832b-1ca15aa9c500:192.168.30.19:40504], old=null at 0
2019-09-29 11:26:44,580 [grpc-default-executor-15] INFO  impl.RaftServerImpl (RaftServerImpl.java:requestVote(758)) - c5175ad5-525e-4c2e-832b-1ca15aa9c500@group-92AA78341D71-   LEADER: Withhold vote from candidate 266f4e38-b438-4944-8569-530d2ae5f6fc with term 1. State: leader=c5175ad5-525e-4c2e-832b-1ca15aa9c500, term=1, lastRpcElapsed=null
2019-09-29 11:26:44,582 [grpc-default-executor-15] INFO  impl.RaftServerImpl (ServerState.java:setLeader(253)) - 266f4e38-b438-4944-8569-530d2ae5f6fc@group-42C9F9716FCF: change Leader from null to d7821b28-18a7-4460-b735-be2c20024ab7 at term 1 for appendEntries, leader elected after 5174ms
2019-09-29 11:26:44,583 [266f4e38-b438-4944-8569-530d2ae5f6fc@group-92AA78341D71:LeaderElection136] INFO  impl.LeaderElection (LeaderElection.java:logAndReturn(56)) - 266f4e38-b438-4944-8569-530d2ae5f6fc@group-92AA78341D71:LeaderElection136: Election REJECTED; received 2 response(s) [266f4e38-b438-4944-8569-530d2ae5f6fc<-d7821b28-18a7-4460-b735-be2c20024ab7#0:FAIL-t1, 266f4e38-b438-4944-8569-530d2ae5f6fc<-c5175ad5-525e-4c2e-832b-1ca15aa9c500#0:FAIL-t1] and 0 exception(s); 266f4e38-b438-4944-8569-530d2ae5f6fc@group-92AA78341D71:t1, leader=null, voted=266f4e38-b438-4944-8569-530d2ae5f6fc, raftlog=266f4e38-b438-4944-8569-530d2ae5f6fc@group-92AA78341D71-SegmentedRaftLog:OPENED:c-1,f-1,i0, conf=-1: [266f4e38-b438-4944-8569-530d2ae5f6fc:192.168.30.19:46645, d7821b28-18a7-4460-b735-be2c20024ab7:192.168.30.19:45148, c5175ad5-525e-4c2e-832b-1ca15aa9c500:192.168.30.19:40504], old=null
2019-09-29 11:26:44,583 [grpc-default-executor-26] INFO  impl.RaftServerImpl (ServerState.java:setLeader(253)) - c5175ad5-525e-4c2e-832b-1ca15aa9c500@group-42C9F9716FCF: change Leader from null to d7821b28-18a7-4460-b735-be2c20024ab7 at term 1 for appendEntries, leader elected after 5175ms
2019-09-29 11:26:44,583 [266f4e38-b438-4944-8569-530d2ae5f6fc@group-92AA78341D71:LeaderElection136] INFO  impl.RaftServerImpl (RaftServerImpl.java:setRole(174)) - 266f4e38-b438-4944-8569-530d2ae5f6fc@group-92AA78341D71: changes role from CANDIDATE to FOLLOWER at term 1 for DISCOVERED_A_NEW_TERM
2019-09-29 11:26:44,583 [266f4e38-b438-4944-8569-530d2ae5f6fc@group-92AA78341D71:LeaderElection136] INFO  impl.RoleInfo (RoleInfo.java:shutdownLeaderElection(134)) - 266f4e38-b438-4944-8569-530d2ae5f6fc: shutdown LeaderElection
2019-09-29 11:26:44,583 [266f4e38-b438-4944-8569-530d2ae5f6fc@group-92AA78341D71:LeaderElection136] INFO  impl.RoleInfo (RoleInfo.java:updateAndGet(143)) - 266f4e38-b438-4944-8569-530d2ae5f6fc: start FollowerState
2019-09-29 11:26:44,584 [grpc-default-executor-26] INFO  impl.RaftServerImpl (RaftServerImpl.java:setRole(174)) - 266f4e38-b438-4944-8569-530d2ae5f6fc@group-0F923E1C8F14: changes role from  FOLLOWER to FOLLOWER at term 1 for recognizeCandidate:d7821b28-18a7-4460-b735-be2c20024ab7
2019-09-29 11:26:44,584 [grpc-default-executor-15] INFO  impl.RaftServerImpl (ServerState.java:setLeader(253)) - 266f4e38-b438-4944-8569-530d2ae5f6fc@group-92AA78341D71: change Leader from null to c5175ad5-525e-4c2e-832b-1ca15aa9c500 at term 1 for appendEntries, leader elected after 5252ms
2019-09-29 11:26:44,584 [grpc-default-executor-14] INFO  impl.RaftServerImpl (ServerState.java:setLeader(253)) - d7821b28-18a7-4460-b735-be2c20024ab7@group-92AA78341D71: change Leader from null to c5175ad5-525e-4c2e-832b-1ca15aa9c500 at term 1 for appendEntries, leader elected after 5252ms
2019-09-29 11:26:44,584 [grpc-default-executor-19] INFO  impl.RaftServerImpl (ServerState.java:setRaftConf(354)) - 266f4e38-b438-4944-8569-530d2ae5f6fc@group-42C9F9716FCF: set configuration 0: [266f4e38-b438-4944-8569-530d2ae5f6fc:192.168.30.19:46645, d7821b28-18a7-4460-b735-be2c20024ab7:192.168.30.19:45148, c5175ad5-525e-4c2e-832b-1ca15aa9c500:192.168.30.19:40504], old=null at 0
2019-09-29 11:26:44,584 [grpc-default-executor-27] INFO  impl.RaftServerImpl (RaftServerImpl.java:setRole(174)) - c5175ad5-525e-4c2e-832b-1ca15aa9c500@group-0F923E1C8F14: changes role from  FOLLOWER to FOLLOWER at term 1 for recognizeCandidate:d7821b28-18a7-4460-b735-be2c20024ab7
2019-09-29 11:26:44,587 [grpc-default-executor-27] INFO  impl.RoleInfo (RoleInfo.java:shutdownFollowerState(121)) - c5175ad5-525e-4c2e-832b-1ca15aa9c500: shutdown FollowerState
2019-09-29 11:26:44,584 [grpc-default-executor-26] INFO  impl.RoleInfo (RoleInfo.java:shutdownFollowerState(121)) - 266f4e38-b438-4944-8569-530d2ae5f6fc: shutdown FollowerState
2019-09-29 11:26:44,587 [grpc-default-executor-27] INFO  impl.RoleInfo (RoleInfo.java:updateAndGet(143)) - c5175ad5-525e-4c2e-832b-1ca15aa9c500: start FollowerState
2019-09-29 11:26:44,587 [grpc-default-executor-19] INFO  segmented.SegmentedRaftLogWorker (SegmentedRaftLogWorker.java:startLogSegment(380)) - 266f4e38-b438-4944-8569-530d2ae5f6fc@group-42C9F9716FCF-SegmentedRaftLogWorker: Starting segment from index:0
2019-09-29 11:26:44,586 [grpc-default-executor-15] INFO  impl.RaftServerImpl (ServerState.java:setRaftConf(354)) - c5175ad5-525e-4c2e-832b-1ca15aa9c500@group-42C9F9716FCF: set configuration 0: [266f4e38-b438-4944-8569-530d2ae5f6fc:192.168.30.19:46645, d7821b28-18a7-4460-b735-be2c20024ab7:192.168.30.19:45148, c5175ad5-525e-4c2e-832b-1ca15aa9c500:192.168.30.19:40504], old=null at 0
2019-09-29 11:26:44,587 [grpc-default-executor-14] INFO  impl.RaftServerImpl (ServerState.java:setRaftConf(354)) - 266f4e38-b438-4944-8569-530d2ae5f6fc@group-92AA78341D71: set configuration 0: [266f4e38-b438-4944-8569-530d2ae5f6fc:192.168.30.19:46645, d7821b28-18a7-4460-b735-be2c20024ab7:192.168.30.19:45148, c5175ad5-525e-4c2e-832b-1ca15aa9c500:192.168.30.19:40504], old=null at 0
2019-09-29 11:26:44,587 [Thread-6019] INFO  impl.FollowerState (FollowerState.java:run(115)) - 266f4e38-b438-4944-8569-530d2ae5f6fc: FollowerState was interrupted: java.lang.InterruptedException: sleep interrupted
2019-09-29 11:26:44,587 [grpc-default-executor-26] INFO  impl.RoleInfo (RoleInfo.java:updateAndGet(143)) - 266f4e38-b438-4944-8569-530d2ae5f6fc: start FollowerState
2019-09-29 11:26:44,587 [Thread-6017] INFO  impl.FollowerState (FollowerState.java:run(115)) - c5175ad5-525e-4c2e-832b-1ca15aa9c500: FollowerState was interrupted: java.lang.InterruptedException: sleep interrupted
2019-09-29 11:26:44,588 [grpc-default-executor-19] INFO  impl.RaftServerImpl (ServerState.java:setRaftConf(354)) - d7821b28-18a7-4460-b735-be2c20024ab7@group-92AA78341D71: set configuration 0: [266f4e38-b438-4944-8569-530d2ae5f6fc:192.168.30.19:46645, d7821b28-18a7-4460-b735-be2c20024ab7:192.168.30.19:45148, c5175ad5-525e-4c2e-832b-1ca15aa9c500:192.168.30.19:40504], old=null at 0
2019-09-29 11:26:44,588 [grpc-default-executor-14] INFO  segmented.SegmentedRaftLogWorker (SegmentedRaftLogWorker.java:startLogSegment(380)) - 266f4e38-b438-4944-8569-530d2ae5f6fc@group-92AA78341D71-SegmentedRaftLogWorker: Starting segment from index:0
2019-09-29 11:26:44,587 [grpc-default-executor-15] INFO  segmented.SegmentedRaftLogWorker (SegmentedRaftLogWorker.java:startLogSegment(380)) - c5175ad5-525e-4c2e-832b-1ca15aa9c500@group-42C9F9716FCF-SegmentedRaftLogWorker: Starting segment from index:0
2019-09-29 11:26:44,588 [grpc-default-executor-19] INFO  segmented.SegmentedRaftLogWorker (SegmentedRaftLogWorker.java:startLogSegment(380)) - d7821b28-18a7-4460-b735-be2c20024ab7@group-92AA78341D71-SegmentedRaftLogWorker: Starting segment from index:0
2019-09-29 11:26:44,603 [266f4e38-b438-4944-8569-530d2ae5f6fc@group-8E5314906F1B-SegmentedRaftLogWorker] INFO  segmented.SegmentedRaftLogWorker (SegmentedRaftLogWorker.java:execute(569)) - 266f4e38-b438-4944-8569-530d2ae5f6fc@group-8E5314906F1B-SegmentedRaftLogWorker: created new log segment /workdir/hadoop-ozone/integration-test/target/test-dir/MiniOzoneClusterImpl-f848b852-1aaf-4c40-a29c-4c10b1dc7f95/datanode-2/data/ratis/3a8a0b3b-b4ef-44e9-bbdf-8e5314906f1b/current/log_inprogress_0
2019-09-29 11:26:44,603 [d7821b28-18a7-4460-b735-be2c20024ab7@group-42C9F9716FCF-SegmentedRaftLogWorker] INFO  segmented.SegmentedRaftLogWorker (SegmentedRaftLogWorker.java:execute(569)) - d7821b28-18a7-4460-b735-be2c20024ab7@group-42C9F9716FCF-SegmentedRaftLogWorker: created new log segment /workdir/hadoop-ozone/integration-test/target/test-dir/MiniOzoneClusterImpl-f848b852-1aaf-4c40-a29c-4c10b1dc7f95/datanode-1/data/ratis/744628ef-d102-4b54-8099-42c9f9716fcf/current/log_inprogress_0
2019-09-29 11:26:44,603 [d7821b28-18a7-4460-b735-be2c20024ab7@group-8E5314906F1B-SegmentedRaftLogWorker] INFO  segmented.SegmentedRaftLogWorker (SegmentedRaftLogWorker.java:execute(569)) - d7821b28-18a7-4460-b735-be2c20024ab7@group-8E5314906F1B-SegmentedRaftLogWorker: created new log segment /workdir/hadoop-ozone/integration-test/target/test-dir/MiniOzoneClusterImpl-f848b852-1aaf-4c40-a29c-4c10b1dc7f95/datanode-1/data/ratis/3a8a0b3b-b4ef-44e9-bbdf-8e5314906f1b/current/log_inprogress_0
2019-09-29 11:26:44,603 [c5175ad5-525e-4c2e-832b-1ca15aa9c500@group-92AA78341D71-SegmentedRaftLogWorker] INFO  segmented.SegmentedRaftLogWorker (SegmentedRaftLogWorker.java:execute(569)) - c5175ad5-525e-4c2e-832b-1ca15aa9c500@group-92AA78341D71-SegmentedRaftLogWorker: created new log segment /workdir/hadoop-ozone/integration-test/target/test-dir/MiniOzoneClusterImpl-f848b852-1aaf-4c40-a29c-4c10b1dc7f95/datanode-3/data/ratis/30201af2-7d9f-4699-a016-92aa78341d71/current/log_inprogress_0
2019-09-29 11:26:44,604 [d7821b28-18a7-4460-b735-be2c20024ab7@group-0F923E1C8F14:LeaderElection137] INFO  impl.LeaderElection (LeaderElection.java:logAndReturn(56)) - d7821b28-18a7-4460-b735-be2c20024ab7@group-0F923E1C8F14:LeaderElection137: Election PASSED; received 1 response(s) [d7821b28-18a7-4460-b735-be2c20024ab7<-c5175ad5-525e-4c2e-832b-1ca15aa9c500#0:OK-t1] and 0 exception(s); d7821b28-18a7-4460-b735-be2c20024ab7@group-0F923E1C8F14:t1, leader=null, voted=d7821b28-18a7-4460-b735-be2c20024ab7, raftlog=d7821b28-18a7-4460-b735-be2c20024ab7@group-0F923E1C8F14-SegmentedRaftLog:OPENED:c-1,f-1,i0, conf=-1: [266f4e38-b438-4944-8569-530d2ae5f6fc:192.168.30.19:46645, d7821b28-18a7-4460-b735-be2c20024ab7:192.168.30.19:45148, c5175ad5-525e-4c2e-832b-1ca15aa9c500:192.168.30.19:40504], old=null
2019-09-29 11:26:44,604 [d7821b28-18a7-4460-b735-be2c20024ab7@group-0F923E1C8F14:LeaderElection137] INFO  impl.RoleInfo (RoleInfo.java:shutdownLeaderElection(134)) - d7821b28-18a7-4460-b735-be2c20024ab7: shutdown LeaderElection
2019-09-29 11:26:44,604 [d7821b28-18a7-4460-b735-be2c20024ab7@group-0F923E1C8F14:LeaderElection137] INFO  impl.RaftServerImpl (RaftServerImpl.java:setRole(174)) - d7821b28-18a7-4460-b735-be2c20024ab7@group-0F923E1C8F14: changes role from CANDIDATE to LEADER at term 1 for changeToLeader
2019-09-29 11:26:44,604 [d7821b28-18a7-4460-b735-be2c20024ab7@group-0F923E1C8F14:LeaderElection137] INFO  impl.RaftServerImpl (ServerState.java:setLeader(253)) - d7821b28-18a7-4460-b735-be2c20024ab7@group-0F923E1C8F14: change Leader from null to d7821b28-18a7-4460-b735-be2c20024ab7 at term 1 for becomeLeader, leader elected after 5119ms
2019-09-29 11:26:44,604 [d7821b28-18a7-4460-b735-be2c20024ab7@group-0F923E1C8F14:LeaderElection137] INFO  server.RaftServerConfigKeys (ConfUtils.java:logGet(43)) - raft.server.staging.catchup.gap = 1000 (default)
2019-09-29 11:26:44,604 [d7821b28-18a7-4460-b735-be2c20024ab7@group-0F923E1C8F14:LeaderElection137] INFO  server.RaftServerConfigKeys (ConfUtils.java:logGet(43)) - raft.server.rpc.sleep.time = 25ms (default)
2019-09-29 11:26:44,604 [d7821b28-18a7-4460-b735-be2c20024ab7@group-0F923E1C8F14:LeaderElection137] INFO  server.RaftServerConfigKeys (ConfUtils.java:logGet(43)) - raft.server.write.element-limit = 4096 (default)
2019-09-29 11:26:44,604 [d7821b28-18a7-4460-b735-be2c20024ab7@group-0F923E1C8F14:LeaderElection137] INFO  server.RaftServerConfigKeys (ConfUtils.java:logGet(43)) - raft.server.watch.timeout = 10s (default)
2019-09-29 11:26:44,605 [d7821b28-18a7-4460-b735-be2c20024ab7@group-0F923E1C8F14:LeaderElection137] INFO  server.RaftServerConfigKeys (ConfUtils.java:logGet(43)) - raft.server.watch.timeout.denomination = 1s (default)
2019-09-29 11:26:44,605 [d7821b28-18a7-4460-b735-be2c20024ab7@group-0F923E1C8F14:LeaderElection137] INFO  server.RaftServerConfigKeys (ConfUtils.java:logGet(43)) - raft.server.watch.element-limit = 65536 (default)
2019-09-29 11:26:44,606 [d7821b28-18a7-4460-b735-be2c20024ab7@group-0F923E1C8F14:LeaderElection137] INFO  server.RaftServerConfigKeys (ConfUtils.java:logGet(43)) - raft.server.log.appender.snapshot.chunk.size.max = 16MB (=16777216) (default)
2019-09-29 11:26:44,606 [d7821b28-18a7-4460-b735-be2c20024ab7@group-0F923E1C8F14:LeaderElection137] INFO  server.RaftServerConfigKeys (ConfUtils.java:logGet(43)) - raft.server.log.appender.buffer.byte-limit = 33554432 (custom)
2019-09-29 11:26:44,606 [d7821b28-18a7-4460-b735-be2c20024ab7@group-0F923E1C8F14:LeaderElection137] INFO  server.RaftServerConfigKeys (ConfUtils.java:logGet(43)) - raft.server.log.appender.buffer.element-limit = 1 (custom)
2019-09-29 11:26:44,606 [d7821b28-18a7-4460-b735-be2c20024ab7@group-0F923E1C8F14:LeaderElection137] INFO  grpc.GrpcConfigKeys$Server (ConfUtils.java:logGet(43)) - raft.grpc.server.leader.outstanding.appends.max = 128 (default)
2019-09-29 11:26:44,606 [d7821b28-18a7-4460-b735-be2c20024ab7@group-0F923E1C8F14:LeaderElection137] INFO  server.RaftServerConfigKeys (ConfUtils.java:logGet(43)) - raft.server.rpc.request.timeout = 3000ms (default)
2019-09-29 11:26:44,606 [d7821b28-18a7-4460-b735-be2c20024ab7@group-0F923E1C8F14:LeaderElection137] INFO  server.RaftServerConfigKeys (ConfUtils.java:logGet(43)) - raft.server.log.appender.install.snapshot.enabled = false (custom)
2019-09-29 11:26:44,607 [d7821b28-18a7-4460-b735-be2c20024ab7@group-0F923E1C8F14:LeaderElection137] INFO  server.RaftServerConfigKeys (ConfUtils.java:logGet(43)) - raft.server.log.appender.snapshot.chunk.size.max = 16MB (=16777216) (default)
2019-09-29 11:26:44,607 [d7821b28-18a7-4460-b735-be2c20024ab7@group-0F923E1C8F14:LeaderElection137] INFO  server.RaftServerConfigKeys (ConfUtils.java:logGet(43)) - raft.server.log.appender.buffer.byte-limit = 33554432 (custom)
2019-09-29 11:26:44,607 [d7821b28-18a7-4460-b735-be2c20024ab7@group-0F923E1C8F14:LeaderElection137] INFO  server.RaftServerConfigKeys (ConfUtils.java:logGet(43)) - raft.server.log.appender.buffer.element-limit = 1 (custom)
2019-09-29 11:26:44,607 [d7821b28-18a7-4460-b735-be2c20024ab7@group-0F923E1C8F14:LeaderElection137] INFO  grpc.GrpcConfigKeys$Server (ConfUtils.java:logGet(43)) - raft.grpc.server.leader.outstanding.appends.max = 128 (default)
2019-09-29 11:26:44,607 [d7821b28-18a7-4460-b735-be2c20024ab7@group-0F923E1C8F14:LeaderElection137] INFO  server.RaftServerConfigKeys (ConfUtils.java:logGet(43)) - raft.server.rpc.request.timeout = 3000ms (default)
2019-09-29 11:26:44,607 [d7821b28-18a7-4460-b735-be2c20024ab7@group-0F923E1C8F14:LeaderElection137] INFO  server.RaftServerConfigKeys (ConfUtils.java:logGet(43)) - raft.server.log.appender.install.snapshot.enabled = false (custom)
2019-09-29 11:26:44,607 [d7821b28-18a7-4460-b735-be2c20024ab7@group-0F923E1C8F14:LeaderElection137] INFO  impl.RoleInfo (RoleInfo.java:updateAndGet(143)) - d7821b28-18a7-4460-b735-be2c20024ab7: start LeaderState
2019-09-29 11:26:44,607 [d7821b28-18a7-4460-b735-be2c20024ab7@group-0F923E1C8F14:LeaderElection137] INFO  segmented.SegmentedRaftLogWorker (SegmentedRaftLogWorker.java:startLogSegment(380)) - d7821b28-18a7-4460-b735-be2c20024ab7@group-0F923E1C8F14-SegmentedRaftLogWorker: Starting segment from index:0
2019-09-29 11:26:44,608 [d7821b28-18a7-4460-b735-be2c20024ab7@group-0F923E1C8F14:LeaderElection137] INFO  impl.RaftServerImpl (ServerState.java:setRaftConf(354)) - d7821b28-18a7-4460-b735-be2c20024ab7@group-0F923E1C8F14: set configuration 0: [266f4e38-b438-4944-8569-530d2ae5f6fc:192.168.30.19:46645, d7821b28-18a7-4460-b735-be2c20024ab7:192.168.30.19:45148, c5175ad5-525e-4c2e-832b-1ca15aa9c500:192.168.30.19:40504], old=null at 0
2019-09-29 11:26:44,637 [grpc-default-executor-26] INFO  impl.RaftServerImpl (ServerState.java:setLeader(253)) - 266f4e38-b438-4944-8569-530d2ae5f6fc@group-0F923E1C8F14: change Leader from null to d7821b28-18a7-4460-b735-be2c20024ab7 at term 1 for appendEntries, leader elected after 5152ms
2019-09-29 11:26:44,638 [grpc-default-executor-27] INFO  impl.RaftServerImpl (ServerState.java:setLeader(253)) - c5175ad5-525e-4c2e-832b-1ca15aa9c500@group-0F923E1C8F14: change Leader from null to d7821b28-18a7-4460-b735-be2c20024ab7 at term 1 for appendEntries, leader elected after 5152ms
2019-09-29 11:26:44,641 [grpc-default-executor-27] INFO  impl.RaftServerImpl (ServerState.java:setRaftConf(354)) - 266f4e38-b438-4944-8569-530d2ae5f6fc@group-0F923E1C8F14: set configuration 0: [266f4e38-b438-4944-8569-530d2ae5f6fc:192.168.30.19:46645, d7821b28-18a7-4460-b735-be2c20024ab7:192.168.30.19:45148, c5175ad5-525e-4c2e-832b-1ca15aa9c500:192.168.30.19:40504], old=null at 0
2019-09-29 11:26:44,642 [grpc-default-executor-27] INFO  segmented.SegmentedRaftLogWorker (SegmentedRaftLogWorker.java:startLogSegment(380)) - 266f4e38-b438-4944-8569-530d2ae5f6fc@group-0F923E1C8F14-SegmentedRaftLogWorker: Starting segment from index:0
2019-09-29 11:26:44,645 [grpc-default-executor-26] INFO  impl.RaftServerImpl (ServerState.java:setRaftConf(354)) - c5175ad5-525e-4c2e-832b-1ca15aa9c500@group-0F923E1C8F14: set configuration 0: [266f4e38-b438-4944-8569-530d2ae5f6fc:192.168.30.19:46645, d7821b28-18a7-4460-b735-be2c20024ab7:192.168.30.19:45148, c5175ad5-525e-4c2e-832b-1ca15aa9c500:192.168.30.19:40504], old=null at 0
2019-09-29 11:26:44,645 [grpc-default-executor-26] INFO  segmented.SegmentedRaftLogWorker (SegmentedRaftLogWorker.java:startLogSegment(380)) - c5175ad5-525e-4c2e-832b-1ca15aa9c500@group-0F923E1C8F14-SegmentedRaftLogWorker: Starting segment from index:0
2019-09-29 11:26:44,662 [266f4e38-b438-4944-8569-530d2ae5f6fc@group-42C9F9716FCF-SegmentedRaftLogWorker] INFO  segmented.SegmentedRaftLogWorker (SegmentedRaftLogWorker.java:execute(569)) - 266f4e38-b438-4944-8569-530d2ae5f6fc@group-42C9F9716FCF-SegmentedRaftLogWorker: created new log segment /workdir/hadoop-ozone/integration-test/target/test-dir/MiniOzoneClusterImpl-f848b852-1aaf-4c40-a29c-4c10b1dc7f95/datanode-2/data/ratis/744628ef-d102-4b54-8099-42c9f9716fcf/current/log_inprogress_0
2019-09-29 11:26:44,662 [d7821b28-18a7-4460-b735-be2c20024ab7@group-92AA78341D71-SegmentedRaftLogWorker] INFO  segmented.SegmentedRaftLogWorker (SegmentedRaftLogWorker.java:execute(569)) - d7821b28-18a7-4460-b735-be2c20024ab7@group-92AA78341D71-SegmentedRaftLogWorker: created new log segment /workdir/hadoop-ozone/integration-test/target/test-dir/MiniOzoneClusterImpl-f848b852-1aaf-4c40-a29c-4c10b1dc7f95/datanode-1/data/ratis/30201af2-7d9f-4699-a016-92aa78341d71/current/log_inprogress_0
2019-09-29 11:26:44,662 [c5175ad5-525e-4c2e-832b-1ca15aa9c500@group-42C9F9716FCF-SegmentedRaftLogWorker] INFO  segmented.SegmentedRaftLogWorker (SegmentedRaftLogWorker.java:execute(569)) - c5175ad5-525e-4c2e-832b-1ca15aa9c500@group-42C9F9716FCF-SegmentedRaftLogWorker: created new log segment /workdir/hadoop-ozone/integration-test/target/test-dir/MiniOzoneClusterImpl-f848b852-1aaf-4c40-a29c-4c10b1dc7f95/datanode-3/data/ratis/744628ef-d102-4b54-8099-42c9f9716fcf/current/log_inprogress_0
2019-09-29 11:26:44,662 [d7821b28-18a7-4460-b735-be2c20024ab7@group-0F923E1C8F14-SegmentedRaftLogWorker] INFO  segmented.SegmentedRaftLogWorker (SegmentedRaftLogWorker.java:execute(569)) - d7821b28-18a7-4460-b735-be2c20024ab7@group-0F923E1C8F14-SegmentedRaftLogWorker: created new log segment /workdir/hadoop-ozone/integration-test/target/test-dir/MiniOzoneClusterImpl-f848b852-1aaf-4c40-a29c-4c10b1dc7f95/datanode-1/data/ratis/cd57b1db-4d38-4f1f-9bb0-0f923e1c8f14/current/log_inprogress_0
2019-09-29 11:26:44,662 [266f4e38-b438-4944-8569-530d2ae5f6fc@group-92AA78341D71-SegmentedRaftLogWorker] INFO  segmented.SegmentedRaftLogWorker (SegmentedRaftLogWorker.java:execute(569)) - 266f4e38-b438-4944-8569-530d2ae5f6fc@group-92AA78341D71-SegmentedRaftLogWorker: created new log segment /workdir/hadoop-ozone/integration-test/target/test-dir/MiniOzoneClusterImpl-f848b852-1aaf-4c40-a29c-4c10b1dc7f95/datanode-2/data/ratis/30201af2-7d9f-4699-a016-92aa78341d71/current/log_inprogress_0
2019-09-29 11:26:44,684 [Thread-6026] INFO  impl.FollowerState (FollowerState.java:run(106)) - d7821b28-18a7-4460-b735-be2c20024ab7:group-A84C2D9C10C5 changes to CANDIDATE, lastRpcTime:5110, electionTimeout:5110ms
2019-09-29 11:26:44,684 [Thread-6026] INFO  impl.RoleInfo (RoleInfo.java:shutdownFollowerState(121)) - d7821b28-18a7-4460-b735-be2c20024ab7: shutdown FollowerState
2019-09-29 11:26:44,684 [Thread-6026] INFO  impl.RaftServerImpl (RaftServerImpl.java:setRole(174)) - d7821b28-18a7-4460-b735-be2c20024ab7@group-A84C2D9C10C5: changes role from  FOLLOWER to CANDIDATE at term 0 for changeToCandidate
2019-09-29 11:26:44,684 [Thread-6026] INFO  impl.RoleInfo (RoleInfo.java:updateAndGet(143)) - d7821b28-18a7-4460-b735-be2c20024ab7: start LeaderElection
2019-09-29 11:26:44,702 [Thread-6022] INFO  impl.FollowerState (FollowerState.java:run(106)) - 266f4e38-b438-4944-8569-530d2ae5f6fc:group-A84C2D9C10C5 changes to CANDIDATE, lastRpcTime:5131, electionTimeout:5131ms
2019-09-29 11:26:44,702 [Thread-6022] INFO  impl.RoleInfo (RoleInfo.java:shutdownFollowerState(121)) - 266f4e38-b438-4944-8569-530d2ae5f6fc: shutdown FollowerState
2019-09-29 11:26:44,702 [Thread-6022] INFO  impl.RaftServerImpl (RaftServerImpl.java:setRole(174)) - 266f4e38-b438-4944-8569-530d2ae5f6fc@group-A84C2D9C10C5: changes role from  FOLLOWER to CANDIDATE at term 0 for changeToCandidate
2019-09-29 11:26:44,702 [Thread-6022] INFO  impl.RoleInfo (RoleInfo.java:updateAndGet(143)) - 266f4e38-b438-4944-8569-530d2ae5f6fc: start LeaderElection
2019-09-29 11:26:44,704 [266f4e38-b438-4944-8569-530d2ae5f6fc@group-0F923E1C8F14-SegmentedRaftLogWorker] INFO  segmented.SegmentedRaftLogWorker (SegmentedRaftLogWorker.java:execute(569)) - 266f4e38-b438-4944-8569-530d2ae5f6fc@group-0F923E1C8F14-SegmentedRaftLogWorker: created new log segment /workdir/hadoop-ozone/integration-test/target/test-dir/MiniOzoneClusterImpl-f848b852-1aaf-4c40-a29c-4c10b1dc7f95/datanode-2/data/ratis/cd57b1db-4d38-4f1f-9bb0-0f923e1c8f14/current/log_inprogress_0
2019-09-29 11:26:44,704 [d7821b28-18a7-4460-b735-be2c20024ab7@group-A84C2D9C10C5:LeaderElection138] INFO  impl.LeaderElection (LeaderElection.java:askForVotes(182)) - d7821b28-18a7-4460-b735-be2c20024ab7@group-A84C2D9C10C5:LeaderElection138: begin an election at term 1 for -1: [266f4e38-b438-4944-8569-530d2ae5f6fc:192.168.30.19:46645, d7821b28-18a7-4460-b735-be2c20024ab7:192.168.30.19:45148, c5175ad5-525e-4c2e-832b-1ca15aa9c500:192.168.30.19:40504], old=null
2019-09-29 11:26:44,704 [c5175ad5-525e-4c2e-832b-1ca15aa9c500@group-0F923E1C8F14-SegmentedRaftLogWorker] INFO  segmented.SegmentedRaftLogWorker (SegmentedRaftLogWorker.java:execute(569)) - c5175ad5-525e-4c2e-832b-1ca15aa9c500@group-0F923E1C8F14-SegmentedRaftLogWorker: created new log segment /workdir/hadoop-ozone/integration-test/target/test-dir/MiniOzoneClusterImpl-f848b852-1aaf-4c40-a29c-4c10b1dc7f95/datanode-3/data/ratis/cd57b1db-4d38-4f1f-9bb0-0f923e1c8f14/current/log_inprogress_0
2019-09-29 11:26:44,706 [grpc-default-executor-27] INFO  impl.RaftServerImpl (RaftServerImpl.java:setRole(174)) - c5175ad5-525e-4c2e-832b-1ca15aa9c500@group-A84C2D9C10C5: changes role from  FOLLOWER to FOLLOWER at term 1 for recognizeCandidate:d7821b28-18a7-4460-b735-be2c20024ab7
2019-09-29 11:26:44,706 [grpc-default-executor-27] INFO  impl.RoleInfo (RoleInfo.java:shutdownFollowerState(121)) - c5175ad5-525e-4c2e-832b-1ca15aa9c500: shutdown FollowerState
2019-09-29 11:26:44,706 [grpc-default-executor-27] INFO  impl.RoleInfo (RoleInfo.java:updateAndGet(143)) - c5175ad5-525e-4c2e-832b-1ca15aa9c500: start FollowerState
2019-09-29 11:26:44,707 [Thread-6028] INFO  impl.FollowerState (FollowerState.java:run(115)) - c5175ad5-525e-4c2e-832b-1ca15aa9c500: FollowerState was interrupted: java.lang.InterruptedException: sleep interrupted
2019-09-29 11:26:44,730 [266f4e38-b438-4944-8569-530d2ae5f6fc@group-A84C2D9C10C5:LeaderElection139] INFO  impl.LeaderElection (LeaderElection.java:askForVotes(182)) - 266f4e38-b438-4944-8569-530d2ae5f6fc@group-A84C2D9C10C5:LeaderElection139: begin an election at term 1 for -1: [266f4e38-b438-4944-8569-530d2ae5f6fc:192.168.30.19:46645, d7821b28-18a7-4460-b735-be2c20024ab7:192.168.30.19:45148, c5175ad5-525e-4c2e-832b-1ca15aa9c500:192.168.30.19:40504], old=null
2019-09-29 11:26:44,734 [d7821b28-18a7-4460-b735-be2c20024ab7@group-A84C2D9C10C5:LeaderElection138] INFO  impl.LeaderElection (LeaderElection.java:logAndReturn(56)) - d7821b28-18a7-4460-b735-be2c20024ab7@group-A84C2D9C10C5:LeaderElection138: Election PASSED; received 1 response(s) [d7821b28-18a7-4460-b735-be2c20024ab7<-c5175ad5-525e-4c2e-832b-1ca15aa9c500#0:OK-t1] and 0 exception(s); d7821b28-18a7-4460-b735-be2c20024ab7@group-A84C2D9C10C5:t1, leader=null, voted=d7821b28-18a7-4460-b735-be2c20024ab7, raftlog=d7821b28-18a7-4460-b735-be2c20024ab7@group-A84C2D9C10C5-SegmentedRaftLog:OPENED:c-1,f-1,i0, conf=-1: [266f4e38-b438-4944-8569-530d2ae5f6fc:192.168.30.19:46645, d7821b28-18a7-4460-b735-be2c20024ab7:192.168.30.19:45148, c5175ad5-525e-4c2e-832b-1ca15aa9c500:192.168.30.19:40504], old=null
2019-09-29 11:26:44,734 [d7821b28-18a7-4460-b735-be2c20024ab7@group-A84C2D9C10C5:LeaderElection138] INFO  impl.RoleInfo (RoleInfo.java:shutdownLeaderElection(134)) - d7821b28-18a7-4460-b735-be2c20024ab7: shutdown LeaderElection
2019-09-29 11:26:44,735 [d7821b28-18a7-4460-b735-be2c20024ab7@group-A84C2D9C10C5:LeaderElection138] INFO  impl.RaftServerImpl (RaftServerImpl.java:setRole(174)) - d7821b28-18a7-4460-b735-be2c20024ab7@group-A84C2D9C10C5: changes role from CANDIDATE to LEADER at term 1 for changeToLeader
2019-09-29 11:26:44,735 [d7821b28-18a7-4460-b735-be2c20024ab7@group-A84C2D9C10C5:LeaderElection138] INFO  impl.RaftServerImpl (ServerState.java:setLeader(253)) - d7821b28-18a7-4460-b735-be2c20024ab7@group-A84C2D9C10C5: change Leader from null to d7821b28-18a7-4460-b735-be2c20024ab7 at term 1 for becomeLeader, leader elected after 5174ms
2019-09-29 11:26:44,735 [d7821b28-18a7-4460-b735-be2c20024ab7@group-A84C2D9C10C5:LeaderElection138] INFO  server.RaftServerConfigKeys (ConfUtils.java:logGet(43)) - raft.server.staging.catchup.gap = 1000 (default)
2019-09-29 11:26:44,735 [d7821b28-18a7-4460-b735-be2c20024ab7@group-A84C2D9C10C5:LeaderElection138] INFO  server.RaftServerConfigKeys (ConfUtils.java:logGet(43)) - raft.server.rpc.sleep.time = 25ms (default)
2019-09-29 11:26:44,735 [d7821b28-18a7-4460-b735-be2c20024ab7@group-A84C2D9C10C5:LeaderElection138] INFO  server.RaftServerConfigKeys (ConfUtils.java:logGet(43)) - raft.server.write.element-limit = 4096 (default)
2019-09-29 11:26:44,735 [d7821b28-18a7-4460-b735-be2c20024ab7@group-A84C2D9C10C5:LeaderElection138] INFO  server.RaftServerConfigKeys (ConfUtils.java:logGet(43)) - raft.server.watch.timeout = 10s (default)
2019-09-29 11:26:44,735 [d7821b28-18a7-4460-b735-be2c20024ab7@group-A84C2D9C10C5:LeaderElection138] INFO  server.RaftServerConfigKeys (ConfUtils.java:logGet(43)) - raft.server.watch.timeout.denomination = 1s (default)
2019-09-29 11:26:44,735 [d7821b28-18a7-4460-b735-be2c20024ab7@group-A84C2D9C10C5:LeaderElection138] INFO  server.RaftServerConfigKeys (ConfUtils.java:logGet(43)) - raft.server.watch.element-limit = 65536 (default)
2019-09-29 11:26:44,736 [d7821b28-18a7-4460-b735-be2c20024ab7@group-A84C2D9C10C5:LeaderElection138] INFO  server.RaftServerConfigKeys (ConfUtils.java:logGet(43)) - raft.server.log.appender.snapshot.chunk.size.max = 16MB (=16777216) (default)
2019-09-29 11:26:44,736 [d7821b28-18a7-4460-b735-be2c20024ab7@group-A84C2D9C10C5:LeaderElection138] INFO  server.RaftServerConfigKeys (ConfUtils.java:logGet(43)) - raft.server.log.appender.buffer.byte-limit = 33554432 (custom)
2019-09-29 11:26:44,736 [d7821b28-18a7-4460-b735-be2c20024ab7@group-A84C2D9C10C5:LeaderElection138] INFO  server.RaftServerConfigKeys (ConfUtils.java:logGet(43)) - raft.server.log.appender.buffer.element-limit = 1 (custom)
2019-09-29 11:26:44,737 [d7821b28-18a7-4460-b735-be2c20024ab7@group-A84C2D9C10C5:LeaderElection138] INFO  grpc.GrpcConfigKeys$Server (ConfUtils.java:logGet(43)) - raft.grpc.server.leader.outstanding.appends.max = 128 (default)
2019-09-29 11:26:44,737 [d7821b28-18a7-4460-b735-be2c20024ab7@group-A84C2D9C10C5:LeaderElection138] INFO  server.RaftServerConfigKeys (ConfUtils.java:logGet(43)) - raft.server.rpc.request.timeout = 3000ms (default)
2019-09-29 11:26:44,737 [d7821b28-18a7-4460-b735-be2c20024ab7@group-A84C2D9C10C5:LeaderElection138] INFO  server.RaftServerConfigKeys (ConfUtils.java:logGet(43)) - raft.server.log.appender.install.snapshot.enabled = false (custom)
2019-09-29 11:26:44,737 [d7821b28-18a7-4460-b735-be2c20024ab7@group-A84C2D9C10C5:LeaderElection138] INFO  server.RaftServerConfigKeys (ConfUtils.java:logGet(43)) - raft.server.log.appender.snapshot.chunk.size.max = 16MB (=16777216) (default)
2019-09-29 11:26:44,737 [d7821b28-18a7-4460-b735-be2c20024ab7@group-A84C2D9C10C5:LeaderElection138] INFO  server.RaftServerConfigKeys (ConfUtils.java:logGet(43)) - raft.server.log.appender.buffer.byte-limit = 33554432 (custom)
2019-09-29 11:26:44,737 [d7821b28-18a7-4460-b735-be2c20024ab7@group-A84C2D9C10C5:LeaderElection138] INFO  server.RaftServerConfigKeys (ConfUtils.java:logGet(43)) - raft.server.log.appender.buffer.element-limit = 1 (custom)
2019-09-29 11:26:44,737 [d7821b28-18a7-4460-b735-be2c20024ab7@group-A84C2D9C10C5:LeaderElection138] INFO  grpc.GrpcConfigKeys$Server (ConfUtils.java:logGet(43)) - raft.grpc.server.leader.outstanding.appends.max = 128 (default)
2019-09-29 11:26:44,737 [d7821b28-18a7-4460-b735-be2c20024ab7@group-A84C2D9C10C5:LeaderElection138] INFO  server.RaftServerConfigKeys (ConfUtils.java:logGet(43)) - raft.server.rpc.request.timeout = 3000ms (default)
2019-09-29 11:26:44,737 [d7821b28-18a7-4460-b735-be2c20024ab7@group-A84C2D9C10C5:LeaderElection138] INFO  server.RaftServerConfigKeys (ConfUtils.java:logGet(43)) - raft.server.log.appender.install.snapshot.enabled = false (custom)
2019-09-29 11:26:44,738 [d7821b28-18a7-4460-b735-be2c20024ab7@group-A84C2D9C10C5:LeaderElection138] INFO  impl.RoleInfo (RoleInfo.java:updateAndGet(143)) - d7821b28-18a7-4460-b735-be2c20024ab7: start LeaderState
2019-09-29 11:26:44,738 [d7821b28-18a7-4460-b735-be2c20024ab7@group-A84C2D9C10C5:LeaderElection138] INFO  segmented.SegmentedRaftLogWorker (SegmentedRaftLogWorker.java:startLogSegment(380)) - d7821b28-18a7-4460-b735-be2c20024ab7@group-A84C2D9C10C5-SegmentedRaftLogWorker: Starting segment from index:0
2019-09-29 11:26:44,738 [d7821b28-18a7-4460-b735-be2c20024ab7@group-A84C2D9C10C5:LeaderElection138] INFO  impl.RaftServerImpl (ServerState.java:setRaftConf(354)) - d7821b28-18a7-4460-b735-be2c20024ab7@group-A84C2D9C10C5: set configuration 0: [266f4e38-b438-4944-8569-530d2ae5f6fc:192.168.30.19:46645, d7821b28-18a7-4460-b735-be2c20024ab7:192.168.30.19:45148, c5175ad5-525e-4c2e-832b-1ca15aa9c500:192.168.30.19:40504], old=null at 0
2019-09-29 11:26:44,764 [grpc-default-executor-26] INFO  impl.RaftServerImpl (RaftServerImpl.java:requestVote(758)) - d7821b28-18a7-4460-b735-be2c20024ab7@group-A84C2D9C10C5-   LEADER: Withhold vote from candidate 266f4e38-b438-4944-8569-530d2ae5f6fc with term 1. State: leader=d7821b28-18a7-4460-b735-be2c20024ab7, term=1, lastRpcElapsed=null
2019-09-29 11:26:44,765 [266f4e38-b438-4944-8569-530d2ae5f6fc@group-A84C2D9C10C5:LeaderElection139] INFO  impl.LeaderElection (LeaderElection.java:logAndReturn(56)) - 266f4e38-b438-4944-8569-530d2ae5f6fc@group-A84C2D9C10C5:LeaderElection139: Election REJECTED; received 2 response(s) [266f4e38-b438-4944-8569-530d2ae5f6fc<-d7821b28-18a7-4460-b735-be2c20024ab7#0:FAIL-t1, 266f4e38-b438-4944-8569-530d2ae5f6fc<-c5175ad5-525e-4c2e-832b-1ca15aa9c500#0:FAIL-t1] and 0 exception(s); 266f4e38-b438-4944-8569-530d2ae5f6fc@group-A84C2D9C10C5:t1, leader=null, voted=266f4e38-b438-4944-8569-530d2ae5f6fc, raftlog=266f4e38-b438-4944-8569-530d2ae5f6fc@group-A84C2D9C10C5-SegmentedRaftLog:OPENED:c-1,f-1,i0, conf=-1: [266f4e38-b438-4944-8569-530d2ae5f6fc:192.168.30.19:46645, d7821b28-18a7-4460-b735-be2c20024ab7:192.168.30.19:45148, c5175ad5-525e-4c2e-832b-1ca15aa9c500:192.168.30.19:40504], old=null
2019-09-29 11:26:44,765 [266f4e38-b438-4944-8569-530d2ae5f6fc@group-A84C2D9C10C5:LeaderElection139] INFO  impl.RaftServerImpl (RaftServerImpl.java:setRole(174)) - 266f4e38-b438-4944-8569-530d2ae5f6fc@group-A84C2D9C10C5: changes role from CANDIDATE to FOLLOWER at term 1 for DISCOVERED_A_NEW_TERM
2019-09-29 11:26:44,765 [266f4e38-b438-4944-8569-530d2ae5f6fc@group-A84C2D9C10C5:LeaderElection139] INFO  impl.RoleInfo (RoleInfo.java:shutdownLeaderElection(134)) - 266f4e38-b438-4944-8569-530d2ae5f6fc: shutdown LeaderElection
2019-09-29 11:26:44,766 [grpc-default-executor-26] INFO  impl.RaftServerImpl (ServerState.java:setLeader(253)) - c5175ad5-525e-4c2e-832b-1ca15aa9c500@group-A84C2D9C10C5: change Leader from null to d7821b28-18a7-4460-b735-be2c20024ab7 at term 1 for appendEntries, leader elected after 5205ms
2019-09-29 11:26:44,766 [266f4e38-b438-4944-8569-530d2ae5f6fc@group-A84C2D9C10C5:LeaderElection139] INFO  impl.RoleInfo (RoleInfo.java:updateAndGet(143)) - 266f4e38-b438-4944-8569-530d2ae5f6fc: start FollowerState
2019-09-29 11:26:44,766 [grpc-default-executor-27] INFO  impl.RaftServerImpl (ServerState.java:setLeader(253)) - 266f4e38-b438-4944-8569-530d2ae5f6fc@group-A84C2D9C10C5: change Leader from null to d7821b28-18a7-4460-b735-be2c20024ab7 at term 1 for appendEntries, leader elected after 5205ms
2019-09-29 11:26:44,769 [grpc-default-executor-26] INFO  impl.RaftServerImpl (ServerState.java:setRaftConf(354)) - c5175ad5-525e-4c2e-832b-1ca15aa9c500@group-A84C2D9C10C5: set configuration 0: [266f4e38-b438-4944-8569-530d2ae5f6fc:192.168.30.19:46645, d7821b28-18a7-4460-b735-be2c20024ab7:192.168.30.19:45148, c5175ad5-525e-4c2e-832b-1ca15aa9c500:192.168.30.19:40504], old=null at 0
2019-09-29 11:26:44,769 [grpc-default-executor-26] INFO  segmented.SegmentedRaftLogWorker (SegmentedRaftLogWorker.java:startLogSegment(380)) - c5175ad5-525e-4c2e-832b-1ca15aa9c500@group-A84C2D9C10C5-SegmentedRaftLogWorker: Starting segment from index:0
2019-09-29 11:26:44,769 [grpc-default-executor-26] INFO  impl.RaftServerImpl (ServerState.java:setRaftConf(354)) - 266f4e38-b438-4944-8569-530d2ae5f6fc@group-A84C2D9C10C5: set configuration 0: [266f4e38-b438-4944-8569-530d2ae5f6fc:192.168.30.19:46645, d7821b28-18a7-4460-b735-be2c20024ab7:192.168.30.19:45148, c5175ad5-525e-4c2e-832b-1ca15aa9c500:192.168.30.19:40504], old=null at 0
2019-09-29 11:26:44,770 [grpc-default-executor-26] INFO  segmented.SegmentedRaftLogWorker (SegmentedRaftLogWorker.java:startLogSegment(380)) - 266f4e38-b438-4944-8569-530d2ae5f6fc@group-A84C2D9C10C5-SegmentedRaftLogWorker: Starting segment from index:0
2019-09-29 11:26:44,788 [d7821b28-18a7-4460-b735-be2c20024ab7@group-A84C2D9C10C5-SegmentedRaftLogWorker] INFO  segmented.SegmentedRaftLogWorker (SegmentedRaftLogWorker.java:execute(569)) - d7821b28-18a7-4460-b735-be2c20024ab7@group-A84C2D9C10C5-SegmentedRaftLogWorker: created new log segment /workdir/hadoop-ozone/integration-test/target/test-dir/MiniOzoneClusterImpl-f848b852-1aaf-4c40-a29c-4c10b1dc7f95/datanode-1/data/ratis/6d78998e-d786-44e3-90c6-a84c2d9c10c5/current/log_inprogress_0
2019-09-29 11:26:44,814 [266f4e38-b438-4944-8569-530d2ae5f6fc@group-A84C2D9C10C5-SegmentedRaftLogWorker] INFO  segmented.SegmentedRaftLogWorker (SegmentedRaftLogWorker.java:execute(569)) - 266f4e38-b438-4944-8569-530d2ae5f6fc@group-A84C2D9C10C5-SegmentedRaftLogWorker: created new log segment /workdir/hadoop-ozone/integration-test/target/test-dir/MiniOzoneClusterImpl-f848b852-1aaf-4c40-a29c-4c10b1dc7f95/datanode-2/data/ratis/6d78998e-d786-44e3-90c6-a84c2d9c10c5/current/log_inprogress_0
2019-09-29 11:26:44,814 [c5175ad5-525e-4c2e-832b-1ca15aa9c500@group-A84C2D9C10C5-SegmentedRaftLogWorker] INFO  segmented.SegmentedRaftLogWorker (SegmentedRaftLogWorker.java:execute(569)) - c5175ad5-525e-4c2e-832b-1ca15aa9c500@group-A84C2D9C10C5-SegmentedRaftLogWorker: created new log segment /workdir/hadoop-ozone/integration-test/target/test-dir/MiniOzoneClusterImpl-f848b852-1aaf-4c40-a29c-4c10b1dc7f95/datanode-3/data/ratis/6d78998e-d786-44e3-90c6-a84c2d9c10c5/current/log_inprogress_0
2019-09-29 11:26:49,366 [Thread-6117] INFO  impl.FollowerState (FollowerState.java:run(106)) - d7821b28-18a7-4460-b735-be2c20024ab7:group-253DF9B988BF changes to CANDIDATE, lastRpcTime:5005, electionTimeout:5001ms
2019-09-29 11:26:49,367 [Thread-6117] INFO  impl.RoleInfo (RoleInfo.java:shutdownFollowerState(121)) - d7821b28-18a7-4460-b735-be2c20024ab7: shutdown FollowerState
2019-09-29 11:26:49,367 [Thread-6117] INFO  impl.RaftServerImpl (RaftServerImpl.java:setRole(174)) - d7821b28-18a7-4460-b735-be2c20024ab7@group-253DF9B988BF: changes role from  FOLLOWER to CANDIDATE at term 1 for changeToCandidate
2019-09-29 11:26:49,367 [Thread-6117] INFO  impl.RoleInfo (RoleInfo.java:updateAndGet(143)) - d7821b28-18a7-4460-b735-be2c20024ab7: start LeaderElection
2019-09-29 11:26:49,388 [Thread-6118] INFO  impl.FollowerState (FollowerState.java:run(106)) - 266f4e38-b438-4944-8569-530d2ae5f6fc:group-253DF9B988BF changes to CANDIDATE, lastRpcTime:5023, electionTimeout:5023ms
2019-09-29 11:26:49,388 [Thread-6118] INFO  impl.RoleInfo (RoleInfo.java:shutdownFollowerState(121)) - 266f4e38-b438-4944-8569-530d2ae5f6fc: shutdown FollowerState
2019-09-29 11:26:49,388 [Thread-6118] INFO  impl.RaftServerImpl (RaftServerImpl.java:setRole(174)) - 266f4e38-b438-4944-8569-530d2ae5f6fc@group-253DF9B988BF: changes role from  FOLLOWER to CANDIDATE at term 1 for changeToCandidate
2019-09-29 11:26:49,389 [Thread-6118] INFO  impl.RoleInfo (RoleInfo.java:updateAndGet(143)) - 266f4e38-b438-4944-8569-530d2ae5f6fc: start LeaderElection
2019-09-29 11:26:49,392 [Thread-6120] INFO  impl.FollowerState (FollowerState.java:run(106)) - c5175ad5-525e-4c2e-832b-1ca15aa9c500:group-FBE960BC2EDC changes to CANDIDATE, lastRpcTime:5026, electionTimeout:5025ms
2019-09-29 11:26:49,393 [d7821b28-18a7-4460-b735-be2c20024ab7@group-253DF9B988BF:LeaderElection140] INFO  impl.LeaderElection (LeaderElection.java:askForVotes(182)) - d7821b28-18a7-4460-b735-be2c20024ab7@group-253DF9B988BF:LeaderElection140: begin an election at term 2 for -1: [266f4e38-b438-4944-8569-530d2ae5f6fc:192.168.30.19:46645, d7821b28-18a7-4460-b735-be2c20024ab7:192.168.30.19:45148, c5175ad5-525e-4c2e-832b-1ca15aa9c500:192.168.30.19:40504], old=null
2019-09-29 11:26:49,393 [Thread-6120] INFO  impl.RoleInfo (RoleInfo.java:shutdownFollowerState(121)) - c5175ad5-525e-4c2e-832b-1ca15aa9c500: shutdown FollowerState
2019-09-29 11:26:49,393 [Thread-6120] INFO  impl.RaftServerImpl (RaftServerImpl.java:setRole(174)) - c5175ad5-525e-4c2e-832b-1ca15aa9c500@group-FBE960BC2EDC: changes role from  FOLLOWER to CANDIDATE at term 1 for changeToCandidate
2019-09-29 11:26:49,393 [Thread-6120] INFO  impl.RoleInfo (RoleInfo.java:updateAndGet(143)) - c5175ad5-525e-4c2e-832b-1ca15aa9c500: start LeaderElection
2019-09-29 11:26:49,395 [grpc-default-executor-26] INFO  impl.RaftServerImpl (RaftServerImpl.java:setRole(174)) - c5175ad5-525e-4c2e-832b-1ca15aa9c500@group-253DF9B988BF: changes role from  FOLLOWER to FOLLOWER at term 2 for recognizeCandidate:d7821b28-18a7-4460-b735-be2c20024ab7
2019-09-29 11:26:49,395 [grpc-default-executor-26] INFO  impl.RoleInfo (RoleInfo.java:shutdownFollowerState(121)) - c5175ad5-525e-4c2e-832b-1ca15aa9c500: shutdown FollowerState
2019-09-29 11:26:49,395 [grpc-default-executor-26] INFO  impl.RoleInfo (RoleInfo.java:updateAndGet(143)) - c5175ad5-525e-4c2e-832b-1ca15aa9c500: start FollowerState
2019-09-29 11:26:49,396 [Thread-6116] INFO  impl.FollowerState (FollowerState.java:run(115)) - c5175ad5-525e-4c2e-832b-1ca15aa9c500: FollowerState was interrupted: java.lang.InterruptedException: sleep interrupted
2019-09-29 11:26:49,416 [c5175ad5-525e-4c2e-832b-1ca15aa9c500@group-FBE960BC2EDC:LeaderElection142] INFO  impl.LeaderElection (LeaderElection.java:askForVotes(182)) - c5175ad5-525e-4c2e-832b-1ca15aa9c500@group-FBE960BC2EDC:LeaderElection142: begin an election at term 2 for -1: [266f4e38-b438-4944-8569-530d2ae5f6fc:192.168.30.19:46645, d7821b28-18a7-4460-b735-be2c20024ab7:192.168.30.19:45148, c5175ad5-525e-4c2e-832b-1ca15aa9c500:192.168.30.19:40504], old=null
2019-09-29 11:26:49,416 [266f4e38-b438-4944-8569-530d2ae5f6fc@group-253DF9B988BF:LeaderElection141] INFO  impl.LeaderElection (LeaderElection.java:askForVotes(182)) - 266f4e38-b438-4944-8569-530d2ae5f6fc@group-253DF9B988BF:LeaderElection141: begin an election at term 2 for -1: [266f4e38-b438-4944-8569-530d2ae5f6fc:192.168.30.19:46645, d7821b28-18a7-4460-b735-be2c20024ab7:192.168.30.19:45148, c5175ad5-525e-4c2e-832b-1ca15aa9c500:192.168.30.19:40504], old=null
2019-09-29 11:26:49,417 [d7821b28-18a7-4460-b735-be2c20024ab7@group-253DF9B988BF:LeaderElection140] INFO  impl.LeaderElection (LeaderElection.java:logAndReturn(56)) - d7821b28-18a7-4460-b735-be2c20024ab7@group-253DF9B988BF:LeaderElection140: Election PASSED; received 1 response(s) [d7821b28-18a7-4460-b735-be2c20024ab7<-c5175ad5-525e-4c2e-832b-1ca15aa9c500#0:OK-t2] and 0 exception(s); d7821b28-18a7-4460-b735-be2c20024ab7@group-253DF9B988BF:t2, leader=null, voted=d7821b28-18a7-4460-b735-be2c20024ab7, raftlog=d7821b28-18a7-4460-b735-be2c20024ab7@group-253DF9B988BF-SegmentedRaftLog:OPENED:c-1,f-1,i0, conf=-1: [266f4e38-b438-4944-8569-530d2ae5f6fc:192.168.30.19:46645, d7821b28-18a7-4460-b735-be2c20024ab7:192.168.30.19:45148, c5175ad5-525e-4c2e-832b-1ca15aa9c500:192.168.30.19:40504], old=null
2019-09-29 11:26:49,417 [d7821b28-18a7-4460-b735-be2c20024ab7@group-253DF9B988BF:LeaderElection140] INFO  impl.RoleInfo (RoleInfo.java:shutdownLeaderElection(134)) - d7821b28-18a7-4460-b735-be2c20024ab7: shutdown LeaderElection
2019-09-29 11:26:49,418 [d7821b28-18a7-4460-b735-be2c20024ab7@group-253DF9B988BF:LeaderElection140] INFO  impl.RaftServerImpl (RaftServerImpl.java:setRole(174)) - d7821b28-18a7-4460-b735-be2c20024ab7@group-253DF9B988BF: changes role from CANDIDATE to LEADER at term 2 for changeToLeader
2019-09-29 11:26:49,418 [grpc-default-executor-19] INFO  impl.RaftServerImpl (RaftServerImpl.java:setRole(174)) - 266f4e38-b438-4944-8569-530d2ae5f6fc@group-FBE960BC2EDC: changes role from  FOLLOWER to FOLLOWER at term 2 for recognizeCandidate:c5175ad5-525e-4c2e-832b-1ca15aa9c500
2019-09-29 11:26:49,418 [d7821b28-18a7-4460-b735-be2c20024ab7@group-253DF9B988BF:LeaderElection140] INFO  impl.RaftServerImpl (ServerState.java:setLeader(253)) - d7821b28-18a7-4460-b735-be2c20024ab7@group-253DF9B988BF: change Leader from null to d7821b28-18a7-4460-b735-be2c20024ab7 at term 2 for becomeLeader, leader elected after 10416ms
2019-09-29 11:26:49,418 [grpc-default-executor-19] INFO  impl.RoleInfo (RoleInfo.java:shutdownFollowerState(121)) - 266f4e38-b438-4944-8569-530d2ae5f6fc: shutdown FollowerState
2019-09-29 11:26:49,418 [grpc-default-executor-19] INFO  impl.RoleInfo (RoleInfo.java:updateAndGet(143)) - 266f4e38-b438-4944-8569-530d2ae5f6fc: start FollowerState
2019-09-29 11:26:49,418 [Thread-6123] INFO  impl.FollowerState (FollowerState.java:run(115)) - 266f4e38-b438-4944-8569-530d2ae5f6fc: FollowerState was interrupted: java.lang.InterruptedException: sleep interrupted
2019-09-29 11:26:49,418 [d7821b28-18a7-4460-b735-be2c20024ab7@group-253DF9B988BF:LeaderElection140] INFO  server.RaftServerConfigKeys (ConfUtils.java:logGet(43)) - raft.server.staging.catchup.gap = 1000 (default)
2019-09-29 11:26:49,418 [grpc-default-executor-15] INFO  impl.RaftServerImpl (RaftServerImpl.java:setRole(174)) - d7821b28-18a7-4460-b735-be2c20024ab7@group-FBE960BC2EDC: changes role from  FOLLOWER to FOLLOWER at term 2 for recognizeCandidate:c5175ad5-525e-4c2e-832b-1ca15aa9c500
2019-09-29 11:26:49,419 [d7821b28-18a7-4460-b735-be2c20024ab7@group-253DF9B988BF:LeaderElection140] INFO  server.RaftServerConfigKeys (ConfUtils.java:logGet(43)) - raft.server.rpc.sleep.time = 25ms (default)
2019-09-29 11:26:49,419 [grpc-default-executor-15] INFO  impl.RoleInfo (RoleInfo.java:shutdownFollowerState(121)) - d7821b28-18a7-4460-b735-be2c20024ab7: shutdown FollowerState
2019-09-29 11:26:49,419 [d7821b28-18a7-4460-b735-be2c20024ab7@group-253DF9B988BF:LeaderElection140] INFO  server.RaftServerConfigKeys (ConfUtils.java:logGet(43)) - raft.server.write.element-limit = 4096 (default)
2019-09-29 11:26:49,419 [grpc-default-executor-15] INFO  impl.RoleInfo (RoleInfo.java:updateAndGet(143)) - d7821b28-18a7-4460-b735-be2c20024ab7: start FollowerState
2019-09-29 11:26:49,419 [Thread-6121] INFO  impl.FollowerState (FollowerState.java:run(115)) - d7821b28-18a7-4460-b735-be2c20024ab7: FollowerState was interrupted: java.lang.InterruptedException: sleep interrupted
2019-09-29 11:26:49,419 [d7821b28-18a7-4460-b735-be2c20024ab7@group-253DF9B988BF:LeaderElection140] INFO  server.RaftServerConfigKeys (ConfUtils.java:logGet(43)) - raft.server.watch.timeout = 10s (default)
2019-09-29 11:26:49,420 [d7821b28-18a7-4460-b735-be2c20024ab7@group-253DF9B988BF:LeaderElection140] INFO  server.RaftServerConfigKeys (ConfUtils.java:logGet(43)) - raft.server.watch.timeout.denomination = 1s (default)
2019-09-29 11:26:49,420 [d7821b28-18a7-4460-b735-be2c20024ab7@group-253DF9B988BF:LeaderElection140] INFO  server.RaftServerConfigKeys (ConfUtils.java:logGet(43)) - raft.server.watch.element-limit = 65536 (default)
2019-09-29 11:26:49,424 [d7821b28-18a7-4460-b735-be2c20024ab7@group-253DF9B988BF:LeaderElection140] INFO  server.RaftServerConfigKeys (ConfUtils.java:logGet(43)) - raft.server.log.appender.snapshot.chunk.size.max = 16MB (=16777216) (default)
2019-09-29 11:26:49,424 [d7821b28-18a7-4460-b735-be2c20024ab7@group-253DF9B988BF:LeaderElection140] INFO  server.RaftServerConfigKeys (ConfUtils.java:logGet(43)) - raft.server.log.appender.buffer.byte-limit = 33554432 (custom)
2019-09-29 11:26:49,424 [d7821b28-18a7-4460-b735-be2c20024ab7@group-253DF9B988BF:LeaderElection140] INFO  server.RaftServerConfigKeys (ConfUtils.java:logGet(43)) - raft.server.log.appender.buffer.element-limit = 1 (custom)
2019-09-29 11:26:49,425 [d7821b28-18a7-4460-b735-be2c20024ab7@group-253DF9B988BF:LeaderElection140] INFO  grpc.GrpcConfigKeys$Server (ConfUtils.java:logGet(43)) - raft.grpc.server.leader.outstanding.appends.max = 128 (default)
2019-09-29 11:26:49,425 [d7821b28-18a7-4460-b735-be2c20024ab7@group-253DF9B988BF:LeaderElection140] INFO  server.RaftServerConfigKeys (ConfUtils.java:logGet(43)) - raft.server.rpc.request.timeout = 3000ms (default)
2019-09-29 11:26:49,425 [d7821b28-18a7-4460-b735-be2c20024ab7@group-253DF9B988BF:LeaderElection140] INFO  server.RaftServerConfigKeys (ConfUtils.java:logGet(43)) - raft.server.log.appender.install.snapshot.enabled = false (custom)
2019-09-29 11:26:49,425 [d7821b28-18a7-4460-b735-be2c20024ab7@group-253DF9B988BF:LeaderElection140] INFO  server.RaftServerConfigKeys (ConfUtils.java:logGet(43)) - raft.server.log.appender.snapshot.chunk.size.max = 16MB (=16777216) (default)
2019-09-29 11:26:49,425 [d7821b28-18a7-4460-b735-be2c20024ab7@group-253DF9B988BF:LeaderElection140] INFO  server.RaftServerConfigKeys (ConfUtils.java:logGet(43)) - raft.server.log.appender.buffer.byte-limit = 33554432 (custom)
2019-09-29 11:26:49,426 [d7821b28-18a7-4460-b735-be2c20024ab7@group-253DF9B988BF:LeaderElection140] INFO  server.RaftServerConfigKeys (ConfUtils.java:logGet(43)) - raft.server.log.appender.buffer.element-limit = 1 (custom)
2019-09-29 11:26:49,426 [d7821b28-18a7-4460-b735-be2c20024ab7@group-253DF9B988BF:LeaderElection140] INFO  grpc.GrpcConfigKeys$Server (ConfUtils.java:logGet(43)) - raft.grpc.server.leader.outstanding.appends.max = 128 (default)
2019-09-29 11:26:49,426 [d7821b28-18a7-4460-b735-be2c20024ab7@group-253DF9B988BF:LeaderElection140] INFO  server.RaftServerConfigKeys (ConfUtils.java:logGet(43)) - raft.server.rpc.request.timeout = 3000ms (default)
2019-09-29 11:26:49,426 [d7821b28-18a7-4460-b735-be2c20024ab7@group-253DF9B988BF:LeaderElection140] INFO  server.RaftServerConfigKeys (ConfUtils.java:logGet(43)) - raft.server.log.appender.install.snapshot.enabled = false (custom)
2019-09-29 11:26:49,426 [d7821b28-18a7-4460-b735-be2c20024ab7@group-253DF9B988BF:LeaderElection140] INFO  impl.RoleInfo (RoleInfo.java:updateAndGet(143)) - d7821b28-18a7-4460-b735-be2c20024ab7: start LeaderState
2019-09-29 11:26:49,427 [d7821b28-18a7-4460-b735-be2c20024ab7@group-253DF9B988BF:LeaderElection140] INFO  segmented.SegmentedRaftLogWorker (SegmentedRaftLogWorker.java:startLogSegment(380)) - d7821b28-18a7-4460-b735-be2c20024ab7@group-253DF9B988BF-SegmentedRaftLogWorker: Starting segment from index:0
2019-09-29 11:26:49,428 [d7821b28-18a7-4460-b735-be2c20024ab7@group-253DF9B988BF:LeaderElection140] INFO  impl.RaftServerImpl (ServerState.java:setRaftConf(354)) - d7821b28-18a7-4460-b735-be2c20024ab7@group-253DF9B988BF: set configuration 0: [266f4e38-b438-4944-8569-530d2ae5f6fc:192.168.30.19:46645, d7821b28-18a7-4460-b735-be2c20024ab7:192.168.30.19:45148, c5175ad5-525e-4c2e-832b-1ca15aa9c500:192.168.30.19:40504], old=null at 0
2019-09-29 11:26:49,428 [grpc-default-executor-27] INFO  impl.RaftServerImpl (RaftServerImpl.java:requestVote(758)) - d7821b28-18a7-4460-b735-be2c20024ab7@group-253DF9B988BF-   LEADER: Withhold vote from candidate 266f4e38-b438-4944-8569-530d2ae5f6fc with term 2. State: leader=d7821b28-18a7-4460-b735-be2c20024ab7, term=2, lastRpcElapsed=null
2019-09-29 11:26:49,428 [grpc-default-executor-26] INFO  impl.RaftServerImpl (RaftServerImpl.java:setRole(174)) - 266f4e38-b438-4944-8569-530d2ae5f6fc@group-253DF9B988BF: changes role from CANDIDATE to FOLLOWER at term 2 for appendEntries
2019-09-29 11:26:49,428 [grpc-default-executor-27] INFO  impl.RaftServerImpl (ServerState.java:setLeader(253)) - c5175ad5-525e-4c2e-832b-1ca15aa9c500@group-253DF9B988BF: change Leader from null to d7821b28-18a7-4460-b735-be2c20024ab7 at term 2 for appendEntries, leader elected after 10427ms
2019-09-29 11:26:49,429 [266f4e38-b438-4944-8569-530d2ae5f6fc@group-253DF9B988BF:LeaderElection141] INFO  impl.LeaderElection (LeaderElection.java:logAndReturn(56)) - 266f4e38-b438-4944-8569-530d2ae5f6fc@group-253DF9B988BF:LeaderElection141: Election REJECTED; received 2 response(s) [266f4e38-b438-4944-8569-530d2ae5f6fc<-d7821b28-18a7-4460-b735-be2c20024ab7#0:FAIL-t2, 266f4e38-b438-4944-8569-530d2ae5f6fc<-c5175ad5-525e-4c2e-832b-1ca15aa9c500#0:FAIL-t2] and 0 exception(s); 266f4e38-b438-4944-8569-530d2ae5f6fc@group-253DF9B988BF:t2, leader=null, voted=266f4e38-b438-4944-8569-530d2ae5f6fc, raftlog=266f4e38-b438-4944-8569-530d2ae5f6fc@group-253DF9B988BF-SegmentedRaftLog:OPENED:c-1,f-1,i0, conf=-1: [266f4e38-b438-4944-8569-530d2ae5f6fc:192.168.30.19:46645, d7821b28-18a7-4460-b735-be2c20024ab7:192.168.30.19:45148, c5175ad5-525e-4c2e-832b-1ca15aa9c500:192.168.30.19:40504], old=null
2019-09-29 11:26:49,429 [grpc-default-executor-26] INFO  impl.RoleInfo (RoleInfo.java:shutdownLeaderElection(134)) - 266f4e38-b438-4944-8569-530d2ae5f6fc: shutdown LeaderElection
2019-09-29 11:26:49,429 [grpc-default-executor-26] INFO  impl.RoleInfo (RoleInfo.java:updateAndGet(143)) - 266f4e38-b438-4944-8569-530d2ae5f6fc: start FollowerState
2019-09-29 11:26:49,429 [grpc-default-executor-26] INFO  impl.RaftServerImpl (ServerState.java:setLeader(253)) - 266f4e38-b438-4944-8569-530d2ae5f6fc@group-253DF9B988BF: change Leader from null to d7821b28-18a7-4460-b735-be2c20024ab7 at term 2 for appendEntries, leader elected after 10428ms
2019-09-29 11:26:49,431 [grpc-default-executor-26] INFO  impl.RaftServerImpl (ServerState.java:setRaftConf(354)) - c5175ad5-525e-4c2e-832b-1ca15aa9c500@group-253DF9B988BF: set configuration 0: [266f4e38-b438-4944-8569-530d2ae5f6fc:192.168.30.19:46645, d7821b28-18a7-4460-b735-be2c20024ab7:192.168.30.19:45148, c5175ad5-525e-4c2e-832b-1ca15aa9c500:192.168.30.19:40504], old=null at 0
2019-09-29 11:26:49,431 [grpc-default-executor-26] INFO  segmented.SegmentedRaftLogWorker (SegmentedRaftLogWorker.java:startLogSegment(380)) - c5175ad5-525e-4c2e-832b-1ca15aa9c500@group-253DF9B988BF-SegmentedRaftLogWorker: Starting segment from index:0
2019-09-29 11:26:49,431 [grpc-default-executor-27] INFO  impl.RaftServerImpl (ServerState.java:setRaftConf(354)) - 266f4e38-b438-4944-8569-530d2ae5f6fc@group-253DF9B988BF: set configuration 0: [266f4e38-b438-4944-8569-530d2ae5f6fc:192.168.30.19:46645, d7821b28-18a7-4460-b735-be2c20024ab7:192.168.30.19:45148, c5175ad5-525e-4c2e-832b-1ca15aa9c500:192.168.30.19:40504], old=null at 0
2019-09-29 11:26:49,431 [grpc-default-executor-27] INFO  segmented.SegmentedRaftLogWorker (SegmentedRaftLogWorker.java:startLogSegment(380)) - 266f4e38-b438-4944-8569-530d2ae5f6fc@group-253DF9B988BF-SegmentedRaftLogWorker: Starting segment from index:0
2019-09-29 11:26:49,442 [c5175ad5-525e-4c2e-832b-1ca15aa9c500@group-FBE960BC2EDC:LeaderElection142] INFO  impl.LeaderElection (LeaderElection.java:logAndReturn(56)) - c5175ad5-525e-4c2e-832b-1ca15aa9c500@group-FBE960BC2EDC:LeaderElection142: Election PASSED; received 1 response(s) [c5175ad5-525e-4c2e-832b-1ca15aa9c500<-266f4e38-b438-4944-8569-530d2ae5f6fc#0:OK-t2] and 0 exception(s); c5175ad5-525e-4c2e-832b-1ca15aa9c500@group-FBE960BC2EDC:t2, leader=null, voted=c5175ad5-525e-4c2e-832b-1ca15aa9c500, raftlog=c5175ad5-525e-4c2e-832b-1ca15aa9c500@group-FBE960BC2EDC-SegmentedRaftLog:OPENED:c-1,f-1,i0, conf=-1: [266f4e38-b438-4944-8569-530d2ae5f6fc:192.168.30.19:46645, d7821b28-18a7-4460-b735-be2c20024ab7:192.168.30.19:45148, c5175ad5-525e-4c2e-832b-1ca15aa9c500:192.168.30.19:40504], old=null
2019-09-29 11:26:49,443 [c5175ad5-525e-4c2e-832b-1ca15aa9c500@group-FBE960BC2EDC:LeaderElection142] INFO  impl.RoleInfo (RoleInfo.java:shutdownLeaderElection(134)) - c5175ad5-525e-4c2e-832b-1ca15aa9c500: shutdown LeaderElection
2019-09-29 11:26:49,443 [c5175ad5-525e-4c2e-832b-1ca15aa9c500@group-FBE960BC2EDC:LeaderElection142] INFO  impl.RaftServerImpl (RaftServerImpl.java:setRole(174)) - c5175ad5-525e-4c2e-832b-1ca15aa9c500@group-FBE960BC2EDC: changes role from CANDIDATE to LEADER at term 2 for changeToLeader
2019-09-29 11:26:49,443 [c5175ad5-525e-4c2e-832b-1ca15aa9c500@group-FBE960BC2EDC:LeaderElection142] INFO  impl.RaftServerImpl (ServerState.java:setLeader(253)) - c5175ad5-525e-4c2e-832b-1ca15aa9c500@group-FBE960BC2EDC: change Leader from null to c5175ad5-525e-4c2e-832b-1ca15aa9c500 at term 2 for becomeLeader, leader elected after 10356ms
2019-09-29 11:26:49,443 [c5175ad5-525e-4c2e-832b-1ca15aa9c500@group-FBE960BC2EDC:LeaderElection142] INFO  server.RaftServerConfigKeys (ConfUtils.java:logGet(43)) - raft.server.staging.catchup.gap = 1000 (default)
2019-09-29 11:26:49,443 [c5175ad5-525e-4c2e-832b-1ca15aa9c500@group-FBE960BC2EDC:LeaderElection142] INFO  server.RaftServerConfigKeys (ConfUtils.java:logGet(43)) - raft.server.rpc.sleep.time = 25ms (default)
2019-09-29 11:26:49,443 [c5175ad5-525e-4c2e-832b-1ca15aa9c500@group-FBE960BC2EDC:LeaderElection142] INFO  server.RaftServerConfigKeys (ConfUtils.java:logGet(43)) - raft.server.write.element-limit = 4096 (default)
2019-09-29 11:26:49,443 [c5175ad5-525e-4c2e-832b-1ca15aa9c500@group-FBE960BC2EDC:LeaderElection142] INFO  server.RaftServerConfigKeys (ConfUtils.java:logGet(43)) - raft.server.watch.timeout = 10s (default)
2019-09-29 11:26:49,444 [c5175ad5-525e-4c2e-832b-1ca15aa9c500@group-FBE960BC2EDC:LeaderElection142] INFO  server.RaftServerConfigKeys (ConfUtils.java:logGet(43)) - raft.server.watch.timeout.denomination = 1s (default)
2019-09-29 11:26:49,444 [c5175ad5-525e-4c2e-832b-1ca15aa9c500@group-FBE960BC2EDC:LeaderElection142] INFO  server.RaftServerConfigKeys (ConfUtils.java:logGet(43)) - raft.server.watch.element-limit = 65536 (default)
2019-09-29 11:26:49,445 [c5175ad5-525e-4c2e-832b-1ca15aa9c500@group-FBE960BC2EDC:LeaderElection142] INFO  server.RaftServerConfigKeys (ConfUtils.java:logGet(43)) - raft.server.log.appender.snapshot.chunk.size.max = 16MB (=16777216) (default)
2019-09-29 11:26:49,446 [c5175ad5-525e-4c2e-832b-1ca15aa9c500@group-FBE960BC2EDC:LeaderElection142] INFO  server.RaftServerConfigKeys (ConfUtils.java:logGet(43)) - raft.server.log.appender.buffer.byte-limit = 33554432 (custom)
2019-09-29 11:26:49,446 [c5175ad5-525e-4c2e-832b-1ca15aa9c500@group-FBE960BC2EDC:LeaderElection142] INFO  server.RaftServerConfigKeys (ConfUtils.java:logGet(43)) - raft.server.log.appender.buffer.element-limit = 1 (custom)
2019-09-29 11:26:49,446 [c5175ad5-525e-4c2e-832b-1ca15aa9c500@group-FBE960BC2EDC:LeaderElection142] INFO  grpc.GrpcConfigKeys$Server (ConfUtils.java:logGet(43)) - raft.grpc.server.leader.outstanding.appends.max = 128 (default)
2019-09-29 11:26:49,446 [c5175ad5-525e-4c2e-832b-1ca15aa9c500@group-FBE960BC2EDC:LeaderElection142] INFO  server.RaftServerConfigKeys (ConfUtils.java:logGet(43)) - raft.server.rpc.request.timeout = 3000ms (default)
2019-09-29 11:26:49,446 [c5175ad5-525e-4c2e-832b-1ca15aa9c500@group-FBE960BC2EDC:LeaderElection142] INFO  server.RaftServerConfigKeys (ConfUtils.java:logGet(43)) - raft.server.log.appender.install.snapshot.enabled = false (custom)
2019-09-29 11:26:49,446 [c5175ad5-525e-4c2e-832b-1ca15aa9c500@group-FBE960BC2EDC:LeaderElection142] INFO  server.RaftServerConfigKeys (ConfUtils.java:logGet(43)) - raft.server.log.appender.snapshot.chunk.size.max = 16MB (=16777216) (default)
2019-09-29 11:26:49,447 [c5175ad5-525e-4c2e-832b-1ca15aa9c500@group-FBE960BC2EDC:LeaderElection142] INFO  server.RaftServerConfigKeys (ConfUtils.java:logGet(43)) - raft.server.log.appender.buffer.byte-limit = 33554432 (custom)
2019-09-29 11:26:49,447 [c5175ad5-525e-4c2e-832b-1ca15aa9c500@group-FBE960BC2EDC:LeaderElection142] INFO  server.RaftServerConfigKeys (ConfUtils.java:logGet(43)) - raft.server.log.appender.buffer.element-limit = 1 (custom)
2019-09-29 11:26:49,447 [c5175ad5-525e-4c2e-832b-1ca15aa9c500@group-FBE960BC2EDC:LeaderElection142] INFO  grpc.GrpcConfigKeys$Server (ConfUtils.java:logGet(43)) - raft.grpc.server.leader.outstanding.appends.max = 128 (default)
2019-09-29 11:26:49,447 [c5175ad5-525e-4c2e-832b-1ca15aa9c500@group-FBE960BC2EDC:LeaderElection142] INFO  server.RaftServerConfigKeys (ConfUtils.java:logGet(43)) - raft.server.rpc.request.timeout = 3000ms (default)
2019-09-29 11:26:49,447 [c5175ad5-525e-4c2e-832b-1ca15aa9c500@group-FBE960BC2EDC:LeaderElection142] INFO  server.RaftServerConfigKeys (ConfUtils.java:logGet(43)) - raft.server.log.appender.install.snapshot.enabled = false (custom)
2019-09-29 11:26:49,447 [c5175ad5-525e-4c2e-832b-1ca15aa9c500@group-FBE960BC2EDC:LeaderElection142] INFO  impl.RoleInfo (RoleInfo.java:updateAndGet(143)) - c5175ad5-525e-4c2e-832b-1ca15aa9c500: start LeaderState
2019-09-29 11:26:49,447 [c5175ad5-525e-4c2e-832b-1ca15aa9c500@group-FBE960BC2EDC:LeaderElection142] INFO  segmented.SegmentedRaftLogWorker (SegmentedRaftLogWorker.java:startLogSegment(380)) - c5175ad5-525e-4c2e-832b-1ca15aa9c500@group-FBE960BC2EDC-SegmentedRaftLogWorker: Starting segment from index:0
2019-09-29 11:26:49,448 [c5175ad5-525e-4c2e-832b-1ca15aa9c500@group-FBE960BC2EDC:LeaderElection142] INFO  impl.RaftServerImpl (ServerState.java:setRaftConf(354)) - c5175ad5-525e-4c2e-832b-1ca15aa9c500@group-FBE960BC2EDC: set configuration 0: [266f4e38-b438-4944-8569-530d2ae5f6fc:192.168.30.19:46645, d7821b28-18a7-4460-b735-be2c20024ab7:192.168.30.19:45148, c5175ad5-525e-4c2e-832b-1ca15aa9c500:192.168.30.19:40504], old=null at 0
2019-09-29 11:26:49,449 [grpc-default-executor-19] INFO  impl.RaftServerImpl (ServerState.java:setLeader(253)) - 266f4e38-b438-4944-8569-530d2ae5f6fc@group-FBE960BC2EDC: change Leader from null to c5175ad5-525e-4c2e-832b-1ca15aa9c500 at term 2 for appendEntries, leader elected after 10363ms
2019-09-29 11:26:49,449 [grpc-default-executor-15] INFO  impl.RaftServerImpl (ServerState.java:setLeader(253)) - d7821b28-18a7-4460-b735-be2c20024ab7@group-FBE960BC2EDC: change Leader from null to c5175ad5-525e-4c2e-832b-1ca15aa9c500 at term 2 for appendEntries, leader elected after 10363ms
2019-09-29 11:26:49,450 [grpc-default-executor-15] INFO  impl.RaftServerImpl (ServerState.java:setRaftConf(354)) - 266f4e38-b438-4944-8569-530d2ae5f6fc@group-FBE960BC2EDC: set configuration 0: [266f4e38-b438-4944-8569-530d2ae5f6fc:192.168.30.19:46645, d7821b28-18a7-4460-b735-be2c20024ab7:192.168.30.19:45148, c5175ad5-525e-4c2e-832b-1ca15aa9c500:192.168.30.19:40504], old=null at 0
2019-09-29 11:26:49,451 [grpc-default-executor-19] INFO  impl.RaftServerImpl (ServerState.java:setRaftConf(354)) - d7821b28-18a7-4460-b735-be2c20024ab7@group-FBE960BC2EDC: set configuration 0: [266f4e38-b438-4944-8569-530d2ae5f6fc:192.168.30.19:46645, d7821b28-18a7-4460-b735-be2c20024ab7:192.168.30.19:45148, c5175ad5-525e-4c2e-832b-1ca15aa9c500:192.168.30.19:40504], old=null at 0
2019-09-29 11:26:49,451 [grpc-default-executor-15] INFO  segmented.SegmentedRaftLogWorker (SegmentedRaftLogWorker.java:startLogSegment(380)) - 266f4e38-b438-4944-8569-530d2ae5f6fc@group-FBE960BC2EDC-SegmentedRaftLogWorker: Starting segment from index:0
2019-09-29 11:26:49,451 [grpc-default-executor-19] INFO  segmented.SegmentedRaftLogWorker (SegmentedRaftLogWorker.java:startLogSegment(380)) - d7821b28-18a7-4460-b735-be2c20024ab7@group-FBE960BC2EDC-SegmentedRaftLogWorker: Starting segment from index:0
2019-09-29 11:26:49,451 [Thread-6115] INFO  impl.FollowerState (FollowerState.java:run(106)) - c5175ad5-525e-4c2e-832b-1ca15aa9c500:group-C452D2919BED changes to CANDIDATE, lastRpcTime:5092, electionTimeout:5091ms
2019-09-29 11:26:49,451 [Thread-6115] INFO  impl.RoleInfo (RoleInfo.java:shutdownFollowerState(121)) - c5175ad5-525e-4c2e-832b-1ca15aa9c500: shutdown FollowerState
2019-09-29 11:26:49,451 [Thread-6115] INFO  impl.RaftServerImpl (RaftServerImpl.java:setRole(174)) - c5175ad5-525e-4c2e-832b-1ca15aa9c500@group-C452D2919BED: changes role from  FOLLOWER to CANDIDATE at term 1 for changeToCandidate
2019-09-29 11:26:49,451 [Thread-6115] INFO  impl.RoleInfo (RoleInfo.java:updateAndGet(143)) - c5175ad5-525e-4c2e-832b-1ca15aa9c500: start LeaderElection
2019-09-29 11:26:49,477 [d7821b28-18a7-4460-b735-be2c20024ab7@group-253DF9B988BF-SegmentedRaftLogWorker] INFO  segmented.SegmentedRaftLogWorker (SegmentedRaftLogWorker.java:execute(569)) - d7821b28-18a7-4460-b735-be2c20024ab7@group-253DF9B988BF-SegmentedRaftLogWorker: created new log segment /workdir/hadoop-ozone/integration-test/target/test-dir/MiniOzoneClusterImpl-f848b852-1aaf-4c40-a29c-4c10b1dc7f95/datanode-1/data/ratis/7fecf4fb-f58b-499a-951d-253df9b988bf/current/log_inprogress_0
2019-09-29 11:26:49,477 [c5175ad5-525e-4c2e-832b-1ca15aa9c500@group-C452D2919BED:LeaderElection143] INFO  impl.LeaderElection (LeaderElection.java:askForVotes(182)) - c5175ad5-525e-4c2e-832b-1ca15aa9c500@group-C452D2919BED:LeaderElection143: begin an election at term 2 for -1: [266f4e38-b438-4944-8569-530d2ae5f6fc:192.168.30.19:46645, d7821b28-18a7-4460-b735-be2c20024ab7:192.168.30.19:45148, c5175ad5-525e-4c2e-832b-1ca15aa9c500:192.168.30.19:40504], old=null
2019-09-29 11:26:49,479 [grpc-default-executor-19] INFO  impl.RaftServerImpl (RaftServerImpl.java:setRole(174)) - 266f4e38-b438-4944-8569-530d2ae5f6fc@group-C452D2919BED: changes role from  FOLLOWER to FOLLOWER at term 2 for recognizeCandidate:c5175ad5-525e-4c2e-832b-1ca15aa9c500
2019-09-29 11:26:49,479 [grpc-default-executor-27] INFO  impl.RaftServerImpl (RaftServerImpl.java:setRole(174)) - d7821b28-18a7-4460-b735-be2c20024ab7@group-C452D2919BED: changes role from  FOLLOWER to FOLLOWER at term 2 for recognizeCandidate:c5175ad5-525e-4c2e-832b-1ca15aa9c500
2019-09-29 11:26:49,480 [grpc-default-executor-19] INFO  impl.RoleInfo (RoleInfo.java:shutdownFollowerState(121)) - 266f4e38-b438-4944-8569-530d2ae5f6fc: shutdown FollowerState
2019-09-29 11:26:49,480 [grpc-default-executor-27] INFO  impl.RoleInfo (RoleInfo.java:shutdownFollowerState(121)) - d7821b28-18a7-4460-b735-be2c20024ab7: shutdown FollowerState
2019-09-29 11:26:49,480 [grpc-default-executor-19] INFO  impl.RoleInfo (RoleInfo.java:updateAndGet(143)) - 266f4e38-b438-4944-8569-530d2ae5f6fc: start FollowerState
2019-09-29 11:26:49,480 [Thread-6113] INFO  impl.FollowerState (FollowerState.java:run(115)) - 266f4e38-b438-4944-8569-530d2ae5f6fc: FollowerState was interrupted: java.lang.InterruptedException: sleep interrupted
2019-09-29 11:26:49,480 [grpc-default-executor-27] INFO  impl.RoleInfo (RoleInfo.java:updateAndGet(143)) - d7821b28-18a7-4460-b735-be2c20024ab7: start FollowerState
2019-09-29 11:26:49,480 [Thread-6122] INFO  impl.FollowerState (FollowerState.java:run(115)) - d7821b28-18a7-4460-b735-be2c20024ab7: FollowerState was interrupted: java.lang.InterruptedException: sleep interrupted
2019-09-29 11:26:49,489 [c5175ad5-525e-4c2e-832b-1ca15aa9c500@group-FBE960BC2EDC-SegmentedRaftLogWorker] INFO  segmented.SegmentedRaftLogWorker (SegmentedRaftLogWorker.java:execute(569)) - c5175ad5-525e-4c2e-832b-1ca15aa9c500@group-FBE960BC2EDC-SegmentedRaftLogWorker: created new log segment /workdir/hadoop-ozone/integration-test/target/test-dir/MiniOzoneClusterImpl-f848b852-1aaf-4c40-a29c-4c10b1dc7f95/datanode-3/data/ratis/32d77fcc-4182-4210-a715-fbe960bc2edc/current/log_inprogress_0
2019-09-29 11:26:49,489 [266f4e38-b438-4944-8569-530d2ae5f6fc@group-FBE960BC2EDC-SegmentedRaftLogWorker] INFO  segmented.SegmentedRaftLogWorker (SegmentedRaftLogWorker.java:execute(569)) - 266f4e38-b438-4944-8569-530d2ae5f6fc@group-FBE960BC2EDC-SegmentedRaftLogWorker: created new log segment /workdir/hadoop-ozone/integration-test/target/test-dir/MiniOzoneClusterImpl-f848b852-1aaf-4c40-a29c-4c10b1dc7f95/datanode-2/data/ratis/32d77fcc-4182-4210-a715-fbe960bc2edc/current/log_inprogress_0
2019-09-29 11:26:49,502 [d7821b28-18a7-4460-b735-be2c20024ab7@group-FBE960BC2EDC-SegmentedRaftLogWorker] INFO  segmented.SegmentedRaftLogWorker (SegmentedRaftLogWorker.java:execute(569)) - d7821b28-18a7-4460-b735-be2c20024ab7@group-FBE960BC2EDC-SegmentedRaftLogWorker: created new log segment /workdir/hadoop-ozone/integration-test/target/test-dir/MiniOzoneClusterImpl-f848b852-1aaf-4c40-a29c-4c10b1dc7f95/datanode-1/data/ratis/32d77fcc-4182-4210-a715-fbe960bc2edc/current/log_inprogress_0
2019-09-29 11:26:49,502 [c5175ad5-525e-4c2e-832b-1ca15aa9c500@group-253DF9B988BF-SegmentedRaftLogWorker] INFO  segmented.SegmentedRaftLogWorker (SegmentedRaftLogWorker.java:execute(569)) - c5175ad5-525e-4c2e-832b-1ca15aa9c500@group-253DF9B988BF-SegmentedRaftLogWorker: created new log segment /workdir/hadoop-ozone/integration-test/target/test-dir/MiniOzoneClusterImpl-f848b852-1aaf-4c40-a29c-4c10b1dc7f95/datanode-3/data/ratis/7fecf4fb-f58b-499a-951d-253df9b988bf/current/log_inprogress_0
2019-09-29 11:26:49,502 [266f4e38-b438-4944-8569-530d2ae5f6fc@group-253DF9B988BF-SegmentedRaftLogWorker] INFO  segmented.SegmentedRaftLogWorker (SegmentedRaftLogWorker.java:execute(569)) - 266f4e38-b438-4944-8569-530d2ae5f6fc@group-253DF9B988BF-SegmentedRaftLogWorker: created new log segment /workdir/hadoop-ozone/integration-test/target/test-dir/MiniOzoneClusterImpl-f848b852-1aaf-4c40-a29c-4c10b1dc7f95/datanode-2/data/ratis/7fecf4fb-f58b-499a-951d-253df9b988bf/current/log_inprogress_0
2019-09-29 11:26:49,502 [c5175ad5-525e-4c2e-832b-1ca15aa9c500@group-C452D2919BED:LeaderElection143] INFO  impl.LeaderElection (LeaderElection.java:logAndReturn(56)) - c5175ad5-525e-4c2e-832b-1ca15aa9c500@group-C452D2919BED:LeaderElection143: Election PASSED; received 1 response(s) [c5175ad5-525e-4c2e-832b-1ca15aa9c500<-d7821b28-18a7-4460-b735-be2c20024ab7#0:OK-t2] and 0 exception(s); c5175ad5-525e-4c2e-832b-1ca15aa9c500@group-C452D2919BED:t2, leader=null, voted=c5175ad5-525e-4c2e-832b-1ca15aa9c500, raftlog=c5175ad5-525e-4c2e-832b-1ca15aa9c500@group-C452D2919BED-SegmentedRaftLog:OPENED:c-1,f-1,i0, conf=-1: [266f4e38-b438-4944-8569-530d2ae5f6fc:192.168.30.19:46645, d7821b28-18a7-4460-b735-be2c20024ab7:192.168.30.19:45148, c5175ad5-525e-4c2e-832b-1ca15aa9c500:192.168.30.19:40504], old=null
2019-09-29 11:26:49,502 [c5175ad5-525e-4c2e-832b-1ca15aa9c500@group-C452D2919BED:LeaderElection143] INFO  impl.RoleInfo (RoleInfo.java:shutdownLeaderElection(134)) - c5175ad5-525e-4c2e-832b-1ca15aa9c500: shutdown LeaderElection
2019-09-29 11:26:49,503 [c5175ad5-525e-4c2e-832b-1ca15aa9c500@group-C452D2919BED:LeaderElection143] INFO  impl.RaftServerImpl (RaftServerImpl.java:setRole(174)) - c5175ad5-525e-4c2e-832b-1ca15aa9c500@group-C452D2919BED: changes role from CANDIDATE to LEADER at term 2 for changeToLeader
2019-09-29 11:26:49,503 [c5175ad5-525e-4c2e-832b-1ca15aa9c500@group-C452D2919BED:LeaderElection143] INFO  impl.RaftServerImpl (ServerState.java:setLeader(253)) - c5175ad5-525e-4c2e-832b-1ca15aa9c500@group-C452D2919BED: change Leader from null to c5175ad5-525e-4c2e-832b-1ca15aa9c500 at term 2 for becomeLeader, leader elected after 10569ms
2019-09-29 11:26:49,503 [c5175ad5-525e-4c2e-832b-1ca15aa9c500@group-C452D2919BED:LeaderElection143] INFO  server.RaftServerConfigKeys (ConfUtils.java:logGet(43)) - raft.server.staging.catchup.gap = 1000 (default)
2019-09-29 11:26:49,503 [c5175ad5-525e-4c2e-832b-1ca15aa9c500@group-C452D2919BED:LeaderElection143] INFO  server.RaftServerConfigKeys (ConfUtils.java:logGet(43)) - raft.server.rpc.sleep.time = 25ms (default)
2019-09-29 11:26:49,503 [c5175ad5-525e-4c2e-832b-1ca15aa9c500@group-C452D2919BED:LeaderElection143] INFO  server.RaftServerConfigKeys (ConfUtils.java:logGet(43)) - raft.server.write.element-limit = 4096 (default)
2019-09-29 11:26:49,503 [c5175ad5-525e-4c2e-832b-1ca15aa9c500@group-C452D2919BED:LeaderElection143] INFO  server.RaftServerConfigKeys (ConfUtils.java:logGet(43)) - raft.server.watch.timeout = 10s (default)
2019-09-29 11:26:49,503 [c5175ad5-525e-4c2e-832b-1ca15aa9c500@group-C452D2919BED:LeaderElection143] INFO  server.RaftServerConfigKeys (ConfUtils.java:logGet(43)) - raft.server.watch.timeout.denomination = 1s (default)
2019-09-29 11:26:49,503 [c5175ad5-525e-4c2e-832b-1ca15aa9c500@group-C452D2919BED:LeaderElection143] INFO  server.RaftServerConfigKeys (ConfUtils.java:logGet(43)) - raft.server.watch.element-limit = 65536 (default)
2019-09-29 11:26:49,505 [c5175ad5-525e-4c2e-832b-1ca15aa9c500@group-C452D2919BED:LeaderElection143] INFO  server.RaftServerConfigKeys (ConfUtils.java:logGet(43)) - raft.server.log.appender.snapshot.chunk.size.max = 16MB (=16777216) (default)
2019-09-29 11:26:49,505 [c5175ad5-525e-4c2e-832b-1ca15aa9c500@group-C452D2919BED:LeaderElection143] INFO  server.RaftServerConfigKeys (ConfUtils.java:logGet(43)) - raft.server.log.appender.buffer.byte-limit = 33554432 (custom)
2019-09-29 11:26:49,505 [c5175ad5-525e-4c2e-832b-1ca15aa9c500@group-C452D2919BED:LeaderElection143] INFO  server.RaftServerConfigKeys (ConfUtils.java:logGet(43)) - raft.server.log.appender.buffer.element-limit = 1 (custom)
2019-09-29 11:26:49,505 [c5175ad5-525e-4c2e-832b-1ca15aa9c500@group-C452D2919BED:LeaderElection143] INFO  grpc.GrpcConfigKeys$Server (ConfUtils.java:logGet(43)) - raft.grpc.server.leader.outstanding.appends.max = 128 (default)
2019-09-29 11:26:49,505 [c5175ad5-525e-4c2e-832b-1ca15aa9c500@group-C452D2919BED:LeaderElection143] INFO  server.RaftServerConfigKeys (ConfUtils.java:logGet(43)) - raft.server.rpc.request.timeout = 3000ms (default)
2019-09-29 11:26:49,505 [c5175ad5-525e-4c2e-832b-1ca15aa9c500@group-C452D2919BED:LeaderElection143] INFO  server.RaftServerConfigKeys (ConfUtils.java:logGet(43)) - raft.server.log.appender.install.snapshot.enabled = false (custom)
2019-09-29 11:26:49,506 [c5175ad5-525e-4c2e-832b-1ca15aa9c500@group-C452D2919BED:LeaderElection143] INFO  server.RaftServerConfigKeys (ConfUtils.java:logGet(43)) - raft.server.log.appender.snapshot.chunk.size.max = 16MB (=16777216) (default)
2019-09-29 11:26:49,506 [c5175ad5-525e-4c2e-832b-1ca15aa9c500@group-C452D2919BED:LeaderElection143] INFO  server.RaftServerConfigKeys (ConfUtils.java:logGet(43)) - raft.server.log.appender.buffer.byte-limit = 33554432 (custom)
2019-09-29 11:26:49,506 [c5175ad5-525e-4c2e-832b-1ca15aa9c500@group-C452D2919BED:LeaderElection143] INFO  server.RaftServerConfigKeys (ConfUtils.java:logGet(43)) - raft.server.log.appender.buffer.element-limit = 1 (custom)
2019-09-29 11:26:49,506 [c5175ad5-525e-4c2e-832b-1ca15aa9c500@group-C452D2919BED:LeaderElection143] INFO  grpc.GrpcConfigKeys$Server (ConfUtils.java:logGet(43)) - raft.grpc.server.leader.outstanding.appends.max = 128 (default)
2019-09-29 11:26:49,506 [c5175ad5-525e-4c2e-832b-1ca15aa9c500@group-C452D2919BED:LeaderElection143] INFO  server.RaftServerConfigKeys (ConfUtils.java:logGet(43)) - raft.server.rpc.request.timeout = 3000ms (default)
2019-09-29 11:26:49,506 [c5175ad5-525e-4c2e-832b-1ca15aa9c500@group-C452D2919BED:LeaderElection143] INFO  server.RaftServerConfigKeys (ConfUtils.java:logGet(43)) - raft.server.log.appender.install.snapshot.enabled = false (custom)
2019-09-29 11:26:49,506 [c5175ad5-525e-4c2e-832b-1ca15aa9c500@group-C452D2919BED:LeaderElection143] INFO  impl.RoleInfo (RoleInfo.java:updateAndGet(143)) - c5175ad5-525e-4c2e-832b-1ca15aa9c500: start LeaderState
2019-09-29 11:26:49,506 [c5175ad5-525e-4c2e-832b-1ca15aa9c500@group-C452D2919BED:LeaderElection143] INFO  segmented.SegmentedRaftLogWorker (SegmentedRaftLogWorker.java:startLogSegment(380)) - c5175ad5-525e-4c2e-832b-1ca15aa9c500@group-C452D2919BED-SegmentedRaftLogWorker: Starting segment from index:0
2019-09-29 11:26:49,507 [c5175ad5-525e-4c2e-832b-1ca15aa9c500@group-C452D2919BED:LeaderElection143] INFO  impl.RaftServerImpl (ServerState.java:setRaftConf(354)) - c5175ad5-525e-4c2e-832b-1ca15aa9c500@group-C452D2919BED: set configuration 0: [266f4e38-b438-4944-8569-530d2ae5f6fc:192.168.30.19:46645, d7821b28-18a7-4460-b735-be2c20024ab7:192.168.30.19:45148, c5175ad5-525e-4c2e-832b-1ca15aa9c500:192.168.30.19:40504], old=null at 0
2019-09-29 11:26:49,507 [grpc-default-executor-19] INFO  impl.RaftServerImpl (ServerState.java:setLeader(253)) - 266f4e38-b438-4944-8569-530d2ae5f6fc@group-C452D2919BED: change Leader from null to c5175ad5-525e-4c2e-832b-1ca15aa9c500 at term 2 for appendEntries, leader elected after 10574ms
2019-09-29 11:26:49,508 [grpc-default-executor-19] INFO  impl.RaftServerImpl (ServerState.java:setLeader(253)) - d7821b28-18a7-4460-b735-be2c20024ab7@group-C452D2919BED: change Leader from null to c5175ad5-525e-4c2e-832b-1ca15aa9c500 at term 2 for appendEntries, leader elected after 10574ms
2019-09-29 11:26:49,509 [grpc-default-executor-19] INFO  impl.RaftServerImpl (ServerState.java:setRaftConf(354)) - 266f4e38-b438-4944-8569-530d2ae5f6fc@group-C452D2919BED: set configuration 0: [266f4e38-b438-4944-8569-530d2ae5f6fc:192.168.30.19:46645, d7821b28-18a7-4460-b735-be2c20024ab7:192.168.30.19:45148, c5175ad5-525e-4c2e-832b-1ca15aa9c500:192.168.30.19:40504], old=null at 0
2019-09-29 11:26:49,509 [grpc-default-executor-19] INFO  segmented.SegmentedRaftLogWorker (SegmentedRaftLogWorker.java:startLogSegment(380)) - 266f4e38-b438-4944-8569-530d2ae5f6fc@group-C452D2919BED-SegmentedRaftLogWorker: Starting segment from index:0
2019-09-29 11:26:49,509 [grpc-default-executor-27] INFO  impl.RaftServerImpl (ServerState.java:setRaftConf(354)) - d7821b28-18a7-4460-b735-be2c20024ab7@group-C452D2919BED: set configuration 0: [266f4e38-b438-4944-8569-530d2ae5f6fc:192.168.30.19:46645, d7821b28-18a7-4460-b735-be2c20024ab7:192.168.30.19:45148, c5175ad5-525e-4c2e-832b-1ca15aa9c500:192.168.30.19:40504], old=null at 0
2019-09-29 11:26:49,509 [grpc-default-executor-27] INFO  segmented.SegmentedRaftLogWorker (SegmentedRaftLogWorker.java:startLogSegment(380)) - d7821b28-18a7-4460-b735-be2c20024ab7@group-C452D2919BED-SegmentedRaftLogWorker: Starting segment from index:0
2019-09-29 11:26:49,549 [266f4e38-b438-4944-8569-530d2ae5f6fc@group-C452D2919BED-SegmentedRaftLogWorker] INFO  segmented.SegmentedRaftLogWorker (SegmentedRaftLogWorker.java:execute(569)) - 266f4e38-b438-4944-8569-530d2ae5f6fc@group-C452D2919BED-SegmentedRaftLogWorker: created new log segment /workdir/hadoop-ozone/integration-test/target/test-dir/MiniOzoneClusterImpl-f848b852-1aaf-4c40-a29c-4c10b1dc7f95/datanode-2/data/ratis/c104329c-7c69-4532-a778-c452d2919bed/current/log_inprogress_0
2019-09-29 11:26:49,549 [c5175ad5-525e-4c2e-832b-1ca15aa9c500@group-C452D2919BED-SegmentedRaftLogWorker] INFO  segmented.SegmentedRaftLogWorker (SegmentedRaftLogWorker.java:execute(569)) - c5175ad5-525e-4c2e-832b-1ca15aa9c500@group-C452D2919BED-SegmentedRaftLogWorker: created new log segment /workdir/hadoop-ozone/integration-test/target/test-dir/MiniOzoneClusterImpl-f848b852-1aaf-4c40-a29c-4c10b1dc7f95/datanode-3/data/ratis/c104329c-7c69-4532-a778-c452d2919bed/current/log_inprogress_0
2019-09-29 11:26:49,577 [d7821b28-18a7-4460-b735-be2c20024ab7@group-C452D2919BED-SegmentedRaftLogWorker] INFO  segmented.SegmentedRaftLogWorker (SegmentedRaftLogWorker.java:execute(569)) - d7821b28-18a7-4460-b735-be2c20024ab7@group-C452D2919BED-SegmentedRaftLogWorker: created new log segment /workdir/hadoop-ozone/integration-test/target/test-dir/MiniOzoneClusterImpl-f848b852-1aaf-4c40-a29c-4c10b1dc7f95/datanode-1/data/ratis/c104329c-7c69-4532-a778-c452d2919bed/current/log_inprogress_0
2019-09-29 11:26:51,561 [Datanode State Machine Thread - 0] INFO  statemachine.DatanodeStateMachine (DatanodeStateMachine.java:lambda$startDaemon$0(350)) - Ozone container server started.
2019-09-29 11:26:55,655 [EventQueue-StaleNodeForStaleNodeHandler] INFO  node.StaleNodeHandler (StaleNodeHandler.java:onMessage(58)) - Datanode d7821b28-18a7-4460-b735-be2c20024ab7{ip: 192.168.30.19, host: pr-hdds-1569-lsfh5-224679870, networkLocation: /default-rack, certSerialId: null} moved to stale state. Finalizing its pipelines [PipelineID=7fecf4fb-f58b-499a-951d-253df9b988bf, PipelineID=ba3cd4d5-439d-45a6-994b-0b10e023a48a, PipelineID=6d78998e-d786-44e3-90c6-a84c2d9c10c5, PipelineID=cd57b1db-4d38-4f1f-9bb0-0f923e1c8f14, PipelineID=1946d8fd-26f7-4f70-b39b-ace69562662b, PipelineID=30201af2-7d9f-4699-a016-92aa78341d71, PipelineID=67f5dee5-7be3-44d8-8082-086da515fd7e, PipelineID=3a8a0b3b-b4ef-44e9-bbdf-8e5314906f1b, PipelineID=744628ef-d102-4b54-8099-42c9f9716fcf, PipelineID=c104329c-7c69-4532-a778-c452d2919bed, PipelineID=32d77fcc-4182-4210-a715-fbe960bc2edc, PipelineID=34d49c9d-af83-4d29-8968-0cd34d698e0c]
2019-09-29 11:26:55,656 [EventQueue-StaleNodeForStaleNodeHandler] INFO  pipeline.SCMPipelineManager (SCMPipelineManager.java:finalizeAndDestroyPipeline(341)) - destroying pipeline:Pipeline[ Id: 7fecf4fb-f58b-499a-951d-253df9b988bf, Nodes: c5175ad5-525e-4c2e-832b-1ca15aa9c500{ip: 192.168.30.19, host: pr-hdds-1569-lsfh5-224679870, networkLocation: /default-rack, certSerialId: null}d7821b28-18a7-4460-b735-be2c20024ab7{ip: 192.168.30.19, host: pr-hdds-1569-lsfh5-224679870, networkLocation: /default-rack, certSerialId: null}266f4e38-b438-4944-8569-530d2ae5f6fc{ip: 192.168.30.19, host: pr-hdds-1569-lsfh5-224679870, networkLocation: /default-rack, certSerialId: null}, Type:RATIS, Factor:THREE, State:OPEN]
2019-09-29 11:26:55,656 [EventQueue-StaleNodeForStaleNodeHandler] INFO  pipeline.PipelineStateManager (PipelineStateManager.java:finalizePipeline(123)) - Pipeline Pipeline[ Id: 7fecf4fb-f58b-499a-951d-253df9b988bf, Nodes: c5175ad5-525e-4c2e-832b-1ca15aa9c500{ip: 192.168.30.19, host: pr-hdds-1569-lsfh5-224679870, networkLocation: /default-rack, certSerialId: null}d7821b28-18a7-4460-b735-be2c20024ab7{ip: 192.168.30.19, host: pr-hdds-1569-lsfh5-224679870, networkLocation: /default-rack, certSerialId: null}266f4e38-b438-4944-8569-530d2ae5f6fc{ip: 192.168.30.19, host: pr-hdds-1569-lsfh5-224679870, networkLocation: /default-rack, certSerialId: null}, Type:RATIS, Factor:THREE, State:CLOSED] moved to CLOSED state
2019-09-29 11:26:55,657 [EventQueue-StaleNodeForStaleNodeHandler] INFO  pipeline.SCMPipelineManager (SCMPipelineManager.java:finalizeAndDestroyPipeline(341)) - destroying pipeline:Pipeline[ Id: ba3cd4d5-439d-45a6-994b-0b10e023a48a, Nodes: d7821b28-18a7-4460-b735-be2c20024ab7{ip: 192.168.30.19, host: pr-hdds-1569-lsfh5-224679870, networkLocation: /default-rack, certSerialId: null}, Type:RATIS, Factor:ONE, State:OPEN]
2019-09-29 11:26:55,657 [EventQueue-StaleNodeForStaleNodeHandler] INFO  pipeline.PipelineStateManager (PipelineStateManager.java:finalizePipeline(123)) - Pipeline Pipeline[ Id: ba3cd4d5-439d-45a6-994b-0b10e023a48a, Nodes: d7821b28-18a7-4460-b735-be2c20024ab7{ip: 192.168.30.19, host: pr-hdds-1569-lsfh5-224679870, networkLocation: /default-rack, certSerialId: null}, Type:RATIS, Factor:ONE, State:CLOSED] moved to CLOSED state
2019-09-29 11:26:55,657 [EventQueue-StaleNodeForStaleNodeHandler] INFO  pipeline.SCMPipelineManager (SCMPipelineManager.java:finalizeAndDestroyPipeline(341)) - destroying pipeline:Pipeline[ Id: 6d78998e-d786-44e3-90c6-a84c2d9c10c5, Nodes: 266f4e38-b438-4944-8569-530d2ae5f6fc{ip: 192.168.30.19, host: pr-hdds-1569-lsfh5-224679870, networkLocation: /default-rack, certSerialId: null}d7821b28-18a7-4460-b735-be2c20024ab7{ip: 192.168.30.19, host: pr-hdds-1569-lsfh5-224679870, networkLocation: /default-rack, certSerialId: null}c5175ad5-525e-4c2e-832b-1ca15aa9c500{ip: 192.168.30.19, host: pr-hdds-1569-lsfh5-224679870, networkLocation: /default-rack, certSerialId: null}, Type:RATIS, Factor:THREE, State:OPEN]
2019-09-29 11:26:55,657 [EventQueue-StaleNodeForStaleNodeHandler] INFO  pipeline.PipelineStateManager (PipelineStateManager.java:finalizePipeline(123)) - Pipeline Pipeline[ Id: 6d78998e-d786-44e3-90c6-a84c2d9c10c5, Nodes: 266f4e38-b438-4944-8569-530d2ae5f6fc{ip: 192.168.30.19, host: pr-hdds-1569-lsfh5-224679870, networkLocation: /default-rack, certSerialId: null}d7821b28-18a7-4460-b735-be2c20024ab7{ip: 192.168.30.19, host: pr-hdds-1569-lsfh5-224679870, networkLocation: /default-rack, certSerialId: null}c5175ad5-525e-4c2e-832b-1ca15aa9c500{ip: 192.168.30.19, host: pr-hdds-1569-lsfh5-224679870, networkLocation: /default-rack, certSerialId: null}, Type:RATIS, Factor:THREE, State:CLOSED] moved to CLOSED state
2019-09-29 11:26:55,658 [EventQueue-StaleNodeForStaleNodeHandler] INFO  pipeline.SCMPipelineManager (SCMPipelineManager.java:finalizeAndDestroyPipeline(341)) - destroying pipeline:Pipeline[ Id: cd57b1db-4d38-4f1f-9bb0-0f923e1c8f14, Nodes: d7821b28-18a7-4460-b735-be2c20024ab7{ip: 192.168.30.19, host: pr-hdds-1569-lsfh5-224679870, networkLocation: /default-rack, certSerialId: null}266f4e38-b438-4944-8569-530d2ae5f6fc{ip: 192.168.30.19, host: pr-hdds-1569-lsfh5-224679870, networkLocation: /default-rack, certSerialId: null}c5175ad5-525e-4c2e-832b-1ca15aa9c500{ip: 192.168.30.19, host: pr-hdds-1569-lsfh5-224679870, networkLocation: /default-rack, certSerialId: null}, Type:RATIS, Factor:THREE, State:OPEN]
2019-09-29 11:26:55,658 [EventQueue-StaleNodeForStaleNodeHandler] INFO  pipeline.PipelineStateManager (PipelineStateManager.java:finalizePipeline(123)) - Pipeline Pipeline[ Id: cd57b1db-4d38-4f1f-9bb0-0f923e1c8f14, Nodes: d7821b28-18a7-4460-b735-be2c20024ab7{ip: 192.168.30.19, host: pr-hdds-1569-lsfh5-224679870, networkLocation: /default-rack, certSerialId: null}266f4e38-b438-4944-8569-530d2ae5f6fc{ip: 192.168.30.19, host: pr-hdds-1569-lsfh5-224679870, networkLocation: /default-rack, certSerialId: null}c5175ad5-525e-4c2e-832b-1ca15aa9c500{ip: 192.168.30.19, host: pr-hdds-1569-lsfh5-224679870, networkLocation: /default-rack, certSerialId: null}, Type:RATIS, Factor:THREE, State:CLOSED] moved to CLOSED state
2019-09-29 11:26:55,658 [EventQueue-StaleNodeForStaleNodeHandler] INFO  pipeline.SCMPipelineManager (SCMPipelineManager.java:finalizeAndDestroyPipeline(341)) - destroying pipeline:Pipeline[ Id: 1946d8fd-26f7-4f70-b39b-ace69562662b, Nodes: 266f4e38-b438-4944-8569-530d2ae5f6fc{ip: 192.168.30.19, host: pr-hdds-1569-lsfh5-224679870, networkLocation: /default-rack, certSerialId: null}d7821b28-18a7-4460-b735-be2c20024ab7{ip: 192.168.30.19, host: pr-hdds-1569-lsfh5-224679870, networkLocation: /default-rack, certSerialId: null}c5175ad5-525e-4c2e-832b-1ca15aa9c500{ip: 192.168.30.19, host: pr-hdds-1569-lsfh5-224679870, networkLocation: /default-rack, certSerialId: null}, Type:RATIS, Factor:THREE, State:OPEN]
2019-09-29 11:26:55,658 [EventQueue-StaleNodeForStaleNodeHandler] INFO  pipeline.PipelineStateManager (PipelineStateManager.java:finalizePipeline(123)) - Pipeline Pipeline[ Id: 1946d8fd-26f7-4f70-b39b-ace69562662b, Nodes: 266f4e38-b438-4944-8569-530d2ae5f6fc{ip: 192.168.30.19, host: pr-hdds-1569-lsfh5-224679870, networkLocation: /default-rack, certSerialId: null}d7821b28-18a7-4460-b735-be2c20024ab7{ip: 192.168.30.19, host: pr-hdds-1569-lsfh5-224679870, networkLocation: /default-rack, certSerialId: null}c5175ad5-525e-4c2e-832b-1ca15aa9c500{ip: 192.168.30.19, host: pr-hdds-1569-lsfh5-224679870, networkLocation: /default-rack, certSerialId: null}, Type:RATIS, Factor:THREE, State:CLOSED] moved to CLOSED state
2019-09-29 11:26:55,658 [EventQueue-StaleNodeForStaleNodeHandler] INFO  pipeline.SCMPipelineManager (SCMPipelineManager.java:finalizeAndDestroyPipeline(341)) - destroying pipeline:Pipeline[ Id: 30201af2-7d9f-4699-a016-92aa78341d71, Nodes: 266f4e38-b438-4944-8569-530d2ae5f6fc{ip: 192.168.30.19, host: pr-hdds-1569-lsfh5-224679870, networkLocation: /default-rack, certSerialId: null}d7821b28-18a7-4460-b735-be2c20024ab7{ip: 192.168.30.19, host: pr-hdds-1569-lsfh5-224679870, networkLocation: /default-rack, certSerialId: null}c5175ad5-525e-4c2e-832b-1ca15aa9c500{ip: 192.168.30.19, host: pr-hdds-1569-lsfh5-224679870, networkLocation: /default-rack, certSerialId: null}, Type:RATIS, Factor:THREE, State:OPEN]
2019-09-29 11:26:55,659 [EventQueue-StaleNodeForStaleNodeHandler] INFO  pipeline.PipelineStateManager (PipelineStateManager.java:finalizePipeline(123)) - Pipeline Pipeline[ Id: 30201af2-7d9f-4699-a016-92aa78341d71, Nodes: 266f4e38-b438-4944-8569-530d2ae5f6fc{ip: 192.168.30.19, host: pr-hdds-1569-lsfh5-224679870, networkLocation: /default-rack, certSerialId: null}d7821b28-18a7-4460-b735-be2c20024ab7{ip: 192.168.30.19, host: pr-hdds-1569-lsfh5-224679870, networkLocation: /default-rack, certSerialId: null}c5175ad5-525e-4c2e-832b-1ca15aa9c500{ip: 192.168.30.19, host: pr-hdds-1569-lsfh5-224679870, networkLocation: /default-rack, certSerialId: null}, Type:RATIS, Factor:THREE, State:CLOSED] moved to CLOSED state
2019-09-29 11:26:55,659 [EventQueue-StaleNodeForStaleNodeHandler] INFO  pipeline.SCMPipelineManager (SCMPipelineManager.java:finalizeAndDestroyPipeline(341)) - destroying pipeline:Pipeline[ Id: 67f5dee5-7be3-44d8-8082-086da515fd7e, Nodes: 266f4e38-b438-4944-8569-530d2ae5f6fc{ip: 192.168.30.19, host: pr-hdds-1569-lsfh5-224679870, networkLocation: /default-rack, certSerialId: null}c5175ad5-525e-4c2e-832b-1ca15aa9c500{ip: 192.168.30.19, host: pr-hdds-1569-lsfh5-224679870, networkLocation: /default-rack, certSerialId: null}d7821b28-18a7-4460-b735-be2c20024ab7{ip: 192.168.30.19, host: pr-hdds-1569-lsfh5-224679870, networkLocation: /default-rack, certSerialId: null}, Type:RATIS, Factor:THREE, State:OPEN]
2019-09-29 11:26:55,659 [EventQueue-StaleNodeForStaleNodeHandler] INFO  pipeline.PipelineStateManager (PipelineStateManager.java:finalizePipeline(123)) - Pipeline Pipeline[ Id: 67f5dee5-7be3-44d8-8082-086da515fd7e, Nodes: 266f4e38-b438-4944-8569-530d2ae5f6fc{ip: 192.168.30.19, host: pr-hdds-1569-lsfh5-224679870, networkLocation: /default-rack, certSerialId: null}c5175ad5-525e-4c2e-832b-1ca15aa9c500{ip: 192.168.30.19, host: pr-hdds-1569-lsfh5-224679870, networkLocation: /default-rack, certSerialId: null}d7821b28-18a7-4460-b735-be2c20024ab7{ip: 192.168.30.19, host: pr-hdds-1569-lsfh5-224679870, networkLocation: /default-rack, certSerialId: null}, Type:RATIS, Factor:THREE, State:CLOSED] moved to CLOSED state
2019-09-29 11:26:55,659 [EventQueue-StaleNodeForStaleNodeHandler] INFO  pipeline.SCMPipelineManager (SCMPipelineManager.java:finalizeAndDestroyPipeline(341)) - destroying pipeline:Pipeline[ Id: 3a8a0b3b-b4ef-44e9-bbdf-8e5314906f1b, Nodes: 266f4e38-b438-4944-8569-530d2ae5f6fc{ip: 192.168.30.19, host: pr-hdds-1569-lsfh5-224679870, networkLocation: /default-rack, certSerialId: null}d7821b28-18a7-4460-b735-be2c20024ab7{ip: 192.168.30.19, host: pr-hdds-1569-lsfh5-224679870, networkLocation: /default-rack, certSerialId: null}c5175ad5-525e-4c2e-832b-1ca15aa9c500{ip: 192.168.30.19, host: pr-hdds-1569-lsfh5-224679870, networkLocation: /default-rack, certSerialId: null}, Type:RATIS, Factor:THREE, State:OPEN]
2019-09-29 11:26:55,659 [EventQueue-StaleNodeForStaleNodeHandler] INFO  pipeline.PipelineStateManager (PipelineStateManager.java:finalizePipeline(123)) - Pipeline Pipeline[ Id: 3a8a0b3b-b4ef-44e9-bbdf-8e5314906f1b, Nodes: 266f4e38-b438-4944-8569-530d2ae5f6fc{ip: 192.168.30.19, host: pr-hdds-1569-lsfh5-224679870, networkLocation: /default-rack, certSerialId: null}d7821b28-18a7-4460-b735-be2c20024ab7{ip: 192.168.30.19, host: pr-hdds-1569-lsfh5-224679870, networkLocation: /default-rack, certSerialId: null}c5175ad5-525e-4c2e-832b-1ca15aa9c500{ip: 192.168.30.19, host: pr-hdds-1569-lsfh5-224679870, networkLocation: /default-rack, certSerialId: null}, Type:RATIS, Factor:THREE, State:CLOSED] moved to CLOSED state
2019-09-29 11:26:55,660 [EventQueue-StaleNodeForStaleNodeHandler] INFO  pipeline.SCMPipelineManager (SCMPipelineManager.java:finalizeAndDestroyPipeline(341)) - destroying pipeline:Pipeline[ Id: 744628ef-d102-4b54-8099-42c9f9716fcf, Nodes: d7821b28-18a7-4460-b735-be2c20024ab7{ip: 192.168.30.19, host: pr-hdds-1569-lsfh5-224679870, networkLocation: /default-rack, certSerialId: null}266f4e38-b438-4944-8569-530d2ae5f6fc{ip: 192.168.30.19, host: pr-hdds-1569-lsfh5-224679870, networkLocation: /default-rack, certSerialId: null}c5175ad5-525e-4c2e-832b-1ca15aa9c500{ip: 192.168.30.19, host: pr-hdds-1569-lsfh5-224679870, networkLocation: /default-rack, certSerialId: null}, Type:RATIS, Factor:THREE, State:OPEN]
2019-09-29 11:26:55,660 [EventQueue-StaleNodeForStaleNodeHandler] INFO  pipeline.PipelineStateManager (PipelineStateManager.java:finalizePipeline(123)) - Pipeline Pipeline[ Id: 744628ef-d102-4b54-8099-42c9f9716fcf, Nodes: d7821b28-18a7-4460-b735-be2c20024ab7{ip: 192.168.30.19, host: pr-hdds-1569-lsfh5-224679870, networkLocation: /default-rack, certSerialId: null}266f4e38-b438-4944-8569-530d2ae5f6fc{ip: 192.168.30.19, host: pr-hdds-1569-lsfh5-224679870, networkLocation: /default-rack, certSerialId: null}c5175ad5-525e-4c2e-832b-1ca15aa9c500{ip: 192.168.30.19, host: pr-hdds-1569-lsfh5-224679870, networkLocation: /default-rack, certSerialId: null}, Type:RATIS, Factor:THREE, State:CLOSED] moved to CLOSED state
2019-09-29 11:26:55,660 [EventQueue-StaleNodeForStaleNodeHandler] INFO  pipeline.SCMPipelineManager (SCMPipelineManager.java:finalizeAndDestroyPipeline(341)) - destroying pipeline:Pipeline[ Id: c104329c-7c69-4532-a778-c452d2919bed, Nodes: d7821b28-18a7-4460-b735-be2c20024ab7{ip: 192.168.30.19, host: pr-hdds-1569-lsfh5-224679870, networkLocation: /default-rack, certSerialId: null}c5175ad5-525e-4c2e-832b-1ca15aa9c500{ip: 192.168.30.19, host: pr-hdds-1569-lsfh5-224679870, networkLocation: /default-rack, certSerialId: null}266f4e38-b438-4944-8569-530d2ae5f6fc{ip: 192.168.30.19, host: pr-hdds-1569-lsfh5-224679870, networkLocation: /default-rack, certSerialId: null}, Type:RATIS, Factor:THREE, State:OPEN]
2019-09-29 11:26:55,660 [EventQueue-StaleNodeForStaleNodeHandler] INFO  pipeline.PipelineStateManager (PipelineStateManager.java:finalizePipeline(123)) - Pipeline Pipeline[ Id: c104329c-7c69-4532-a778-c452d2919bed, Nodes: d7821b28-18a7-4460-b735-be2c20024ab7{ip: 192.168.30.19, host: pr-hdds-1569-lsfh5-224679870, networkLocation: /default-rack, certSerialId: null}c5175ad5-525e-4c2e-832b-1ca15aa9c500{ip: 192.168.30.19, host: pr-hdds-1569-lsfh5-224679870, networkLocation: /default-rack, certSerialId: null}266f4e38-b438-4944-8569-530d2ae5f6fc{ip: 192.168.30.19, host: pr-hdds-1569-lsfh5-224679870, networkLocation: /default-rack, certSerialId: null}, Type:RATIS, Factor:THREE, State:CLOSED] moved to CLOSED state
2019-09-29 11:26:55,661 [EventQueue-StaleNodeForStaleNodeHandler] INFO  pipeline.SCMPipelineManager (SCMPipelineManager.java:finalizeAndDestroyPipeline(341)) - destroying pipeline:Pipeline[ Id: 32d77fcc-4182-4210-a715-fbe960bc2edc, Nodes: 266f4e38-b438-4944-8569-530d2ae5f6fc{ip: 192.168.30.19, host: pr-hdds-1569-lsfh5-224679870, networkLocation: /default-rack, certSerialId: null}d7821b28-18a7-4460-b735-be2c20024ab7{ip: 192.168.30.19, host: pr-hdds-1569-lsfh5-224679870, networkLocation: /default-rack, certSerialId: null}c5175ad5-525e-4c2e-832b-1ca15aa9c500{ip: 192.168.30.19, host: pr-hdds-1569-lsfh5-224679870, networkLocation: /default-rack, certSerialId: null}, Type:RATIS, Factor:THREE, State:OPEN]
2019-09-29 11:26:55,661 [EventQueue-CloseContainerForCloseContainerEventHandler] INFO  container.CloseContainerEventHandler (CloseContainerEventHandler.java:onMessage(61)) - Close container Event triggered for container : #1
2019-09-29 11:26:55,661 [EventQueue-StaleNodeForStaleNodeHandler] INFO  pipeline.PipelineStateManager (PipelineStateManager.java:finalizePipeline(123)) - Pipeline Pipeline[ Id: 32d77fcc-4182-4210-a715-fbe960bc2edc, Nodes: 266f4e38-b438-4944-8569-530d2ae5f6fc{ip: 192.168.30.19, host: pr-hdds-1569-lsfh5-224679870, networkLocation: /default-rack, certSerialId: null}d7821b28-18a7-4460-b735-be2c20024ab7{ip: 192.168.30.19, host: pr-hdds-1569-lsfh5-224679870, networkLocation: /default-rack, certSerialId: null}c5175ad5-525e-4c2e-832b-1ca15aa9c500{ip: 192.168.30.19, host: pr-hdds-1569-lsfh5-224679870, networkLocation: /default-rack, certSerialId: null}, Type:RATIS, Factor:THREE, State:CLOSED] moved to CLOSED state
2019-09-29 11:26:55,661 [EventQueue-StaleNodeForStaleNodeHandler] INFO  pipeline.SCMPipelineManager (SCMPipelineManager.java:finalizeAndDestroyPipeline(341)) - destroying pipeline:Pipeline[ Id: 34d49c9d-af83-4d29-8968-0cd34d698e0c, Nodes: 266f4e38-b438-4944-8569-530d2ae5f6fc{ip: 192.168.30.19, host: pr-hdds-1569-lsfh5-224679870, networkLocation: /default-rack, certSerialId: null}59ec8f59-497a-428b-8454-a1dbaa70abd6{ip: 192.168.30.19, host: pr-hdds-1569-lsfh5-224679870, networkLocation: /default-rack, certSerialId: null}d7821b28-18a7-4460-b735-be2c20024ab7{ip: 192.168.30.19, host: pr-hdds-1569-lsfh5-224679870, networkLocation: /default-rack, certSerialId: null}, Type:RATIS, Factor:THREE, State:OPEN]
2019-09-29 11:26:55,661 [EventQueue-StaleNodeForStaleNodeHandler] INFO  pipeline.PipelineStateManager (PipelineStateManager.java:finalizePipeline(123)) - Pipeline Pipeline[ Id: 34d49c9d-af83-4d29-8968-0cd34d698e0c, Nodes: 266f4e38-b438-4944-8569-530d2ae5f6fc{ip: 192.168.30.19, host: pr-hdds-1569-lsfh5-224679870, networkLocation: /default-rack, certSerialId: null}59ec8f59-497a-428b-8454-a1dbaa70abd6{ip: 192.168.30.19, host: pr-hdds-1569-lsfh5-224679870, networkLocation: /default-rack, certSerialId: null}d7821b28-18a7-4460-b735-be2c20024ab7{ip: 192.168.30.19, host: pr-hdds-1569-lsfh5-224679870, networkLocation: /default-rack, certSerialId: null}, Type:RATIS, Factor:THREE, State:CLOSED] moved to CLOSED state
2019-09-29 11:26:55,888 [main] INFO  ozoneimpl.OzoneContainer (OzoneContainer.java:stop(231)) - Attempting to stop container services.
2019-09-29 11:26:55,890 [main] INFO  impl.RaftServerProxy (RaftServerProxy.java:lambda$close$4(314)) - d7821b28-18a7-4460-b735-be2c20024ab7: close
2019-09-29 11:26:55,899 [main] INFO  impl.RaftServerImpl (RaftServerImpl.java:lambda$shutdown$3(251)) - d7821b28-18a7-4460-b735-be2c20024ab7@group-ACE69562662B: shutdown
2019-09-29 11:26:55,899 [ForkJoinPool.commonPool-worker-1] INFO  impl.RaftServerImpl (RaftServerImpl.java:lambda$shutdown$3(251)) - d7821b28-18a7-4460-b735-be2c20024ab7@group-8E5314906F1B: shutdown
2019-09-29 11:26:55,899 [main] INFO  util.JmxRegister (JmxRegister.java:unregister(73)) - Successfully un-registered JMX Bean with object name Ratis:service=RaftServer,group=group-ACE69562662B,id=d7821b28-18a7-4460-b735-be2c20024ab7
2019-09-29 11:26:55,900 [ForkJoinPool.commonPool-worker-1] INFO  util.JmxRegister (JmxRegister.java:unregister(73)) - Successfully un-registered JMX Bean with object name Ratis:service=RaftServer,group=group-8E5314906F1B,id=d7821b28-18a7-4460-b735-be2c20024ab7
2019-09-29 11:26:55,900 [main] INFO  impl.RoleInfo (RoleInfo.java:shutdownFollowerState(121)) - d7821b28-18a7-4460-b735-be2c20024ab7: shutdown FollowerState
2019-09-29 11:26:55,900 [ForkJoinPool.commonPool-worker-1] INFO  impl.RoleInfo (RoleInfo.java:shutdownFollowerState(121)) - d7821b28-18a7-4460-b735-be2c20024ab7: shutdown FollowerState
2019-09-29 11:26:55,901 [main] INFO  impl.StateMachineUpdater (StateMachineUpdater.java:stopAndJoin(125)) - d7821b28-18a7-4460-b735-be2c20024ab7@group-ACE69562662B-StateMachineUpdater: set stopIndex = 0
2019-09-29 11:26:55,901 [Thread-6158] INFO  impl.FollowerState (FollowerState.java:run(115)) - d7821b28-18a7-4460-b735-be2c20024ab7: FollowerState was interrupted: java.lang.InterruptedException: sleep interrupted
2019-09-29 11:26:55,901 [Thread-6126] INFO  impl.FollowerState (FollowerState.java:run(115)) - d7821b28-18a7-4460-b735-be2c20024ab7: FollowerState was interrupted: java.lang.InterruptedException: sleep interrupted
2019-09-29 11:26:55,901 [ForkJoinPool.commonPool-worker-1] INFO  impl.StateMachineUpdater (StateMachineUpdater.java:stopAndJoin(125)) - d7821b28-18a7-4460-b735-be2c20024ab7@group-8E5314906F1B-StateMachineUpdater: set stopIndex = 0
2019-09-29 11:26:55,901 [main] INFO  impl.RaftServerImpl (ServerState.java:close(385)) - d7821b28-18a7-4460-b735-be2c20024ab7@group-ACE69562662B: closes. applyIndex: 0
2019-09-29 11:26:55,902 [ForkJoinPool.commonPool-worker-1] INFO  impl.RaftServerImpl (ServerState.java:close(385)) - d7821b28-18a7-4460-b735-be2c20024ab7@group-8E5314906F1B: closes. applyIndex: 0
2019-09-29 11:26:55,902 [d7821b28-18a7-4460-b735-be2c20024ab7@group-ACE69562662B-SegmentedRaftLogWorker] INFO  segmented.SegmentedRaftLogWorker (SegmentedRaftLogWorker.java:run(313)) - d7821b28-18a7-4460-b735-be2c20024ab7@group-ACE69562662B-SegmentedRaftLogWorker was interrupted, exiting. There are 0 tasks remaining in the queue.
2019-09-29 11:26:55,902 [d7821b28-18a7-4460-b735-be2c20024ab7@group-8E5314906F1B-SegmentedRaftLogWorker] INFO  segmented.SegmentedRaftLogWorker (SegmentedRaftLogWorker.java:run(313)) - d7821b28-18a7-4460-b735-be2c20024ab7@group-8E5314906F1B-SegmentedRaftLogWorker was interrupted, exiting. There are 0 tasks remaining in the queue.
2019-09-29 11:26:55,914 [main] INFO  segmented.SegmentedRaftLogWorker (SegmentedRaftLogWorker.java:close(228)) - d7821b28-18a7-4460-b735-be2c20024ab7@group-ACE69562662B-SegmentedRaftLogWorker close()
2019-09-29 11:26:55,914 [ForkJoinPool.commonPool-worker-1] INFO  segmented.SegmentedRaftLogWorker (SegmentedRaftLogWorker.java:close(228)) - d7821b28-18a7-4460-b735-be2c20024ab7@group-8E5314906F1B-SegmentedRaftLogWorker close()
2019-09-29 11:26:55,919 [main] INFO  impl.RaftServerImpl (RaftServerImpl.java:lambda$shutdown$3(251)) - d7821b28-18a7-4460-b735-be2c20024ab7@group-92AA78341D71: shutdown
2019-09-29 11:26:55,924 [ForkJoinPool.commonPool-worker-1] INFO  impl.RaftServerImpl (RaftServerImpl.java:lambda$shutdown$3(251)) - d7821b28-18a7-4460-b735-be2c20024ab7@group-42C9F9716FCF: shutdown
2019-09-29 11:26:55,924 [main] INFO  util.JmxRegister (JmxRegister.java:unregister(73)) - Successfully un-registered JMX Bean with object name Ratis:service=RaftServer,group=group-92AA78341D71,id=d7821b28-18a7-4460-b735-be2c20024ab7
2019-09-29 11:26:55,925 [main] INFO  impl.RoleInfo (RoleInfo.java:shutdownFollowerState(121)) - d7821b28-18a7-4460-b735-be2c20024ab7: shutdown FollowerState
2019-09-29 11:26:55,924 [ForkJoinPool.commonPool-worker-1] INFO  util.JmxRegister (JmxRegister.java:unregister(73)) - Successfully un-registered JMX Bean with object name Ratis:service=RaftServer,group=group-42C9F9716FCF,id=d7821b28-18a7-4460-b735-be2c20024ab7
2019-09-29 11:26:55,925 [Thread-6149] INFO  impl.FollowerState (FollowerState.java:run(115)) - d7821b28-18a7-4460-b735-be2c20024ab7: FollowerState was interrupted: java.lang.InterruptedException: sleep interrupted
2019-09-29 11:26:55,925 [main] INFO  impl.StateMachineUpdater (StateMachineUpdater.java:stopAndJoin(125)) - d7821b28-18a7-4460-b735-be2c20024ab7@group-92AA78341D71-StateMachineUpdater: set stopIndex = 0
2019-09-29 11:26:55,926 [main] INFO  impl.RaftServerImpl (ServerState.java:close(385)) - d7821b28-18a7-4460-b735-be2c20024ab7@group-92AA78341D71: closes. applyIndex: 0
2019-09-29 11:26:55,925 [ForkJoinPool.commonPool-worker-1] INFO  impl.RoleInfo (RoleInfo.java:shutdownLeaderState(104)) - d7821b28-18a7-4460-b735-be2c20024ab7: shutdown LeaderState
2019-09-29 11:26:55,926 [d7821b28-18a7-4460-b735-be2c20024ab7@group-92AA78341D71-SegmentedRaftLogWorker] INFO  segmented.SegmentedRaftLogWorker (SegmentedRaftLogWorker.java:run(313)) - d7821b28-18a7-4460-b735-be2c20024ab7@group-92AA78341D71-SegmentedRaftLogWorker was interrupted, exiting. There are 0 tasks remaining in the queue.
2019-09-29 11:26:55,931 [org.apache.ratis.server.impl.LogAppender$AppenderDaemon$$Lambda$506/1412001111@efceddc] WARN  server.GrpcLogAppender (GrpcLogAppender.java:mayWait(143)) - d7821b28-18a7-4460-b735-be2c20024ab7@group-42C9F9716FCF->c5175ad5-525e-4c2e-832b-1ca15aa9c500-GrpcLogAppender: Wait interrupted by java.lang.InterruptedException
2019-09-29 11:26:55,931 [ForkJoinPool.commonPool-worker-1] INFO  impl.PendingRequests (PendingRequests.java:sendNotLeaderResponses(202)) - d7821b28-18a7-4460-b735-be2c20024ab7-PendingRequests: sendNotLeaderResponses
2019-09-29 11:26:55,933 [main] INFO  segmented.SegmentedRaftLogWorker (SegmentedRaftLogWorker.java:close(228)) - d7821b28-18a7-4460-b735-be2c20024ab7@group-92AA78341D71-SegmentedRaftLogWorker close()
2019-09-29 11:26:55,931 [org.apache.ratis.server.impl.LogAppender$AppenderDaemon$$Lambda$506/1412001111@8b2dcab] WARN  server.GrpcLogAppender (GrpcLogAppender.java:mayWait(143)) - d7821b28-18a7-4460-b735-be2c20024ab7@group-42C9F9716FCF->266f4e38-b438-4944-8569-530d2ae5f6fc-GrpcLogAppender: Wait interrupted by java.lang.InterruptedException
2019-09-29 11:26:55,939 [grpc-default-executor-15] INFO  server.GrpcServerProtocolService (GrpcServerProtocolService.java:onCompleted(113)) - c5175ad5-525e-4c2e-832b-1ca15aa9c500: Completed APPEND_ENTRIES, lastRequest: d7821b28-18a7-4460-b735-be2c20024ab7->c5175ad5-525e-4c2e-832b-1ca15aa9c500#5-t1, previous=(t:1, i:0), leaderCommit=0, initializing? false, entries: <empty>
2019-09-29 11:26:55,938 [main] INFO  impl.RaftServerImpl (RaftServerImpl.java:lambda$shutdown$3(251)) - d7821b28-18a7-4460-b735-be2c20024ab7@group-086DA515FD7E: shutdown
2019-09-29 11:26:55,934 [ForkJoinPool.commonPool-worker-1] INFO  impl.StateMachineUpdater (StateMachineUpdater.java:stopAndJoin(125)) - d7821b28-18a7-4460-b735-be2c20024ab7@group-42C9F9716FCF-StateMachineUpdater: set stopIndex = 0
2019-09-29 11:26:55,939 [main] INFO  util.JmxRegister (JmxRegister.java:unregister(73)) - Successfully un-registered JMX Bean with object name Ratis:service=RaftServer,group=group-086DA515FD7E,id=d7821b28-18a7-4460-b735-be2c20024ab7
2019-09-29 11:26:55,939 [grpc-default-executor-15] INFO  server.GrpcLogAppender (GrpcLogAppender.java:onCompleted(293)) - d7821b28-18a7-4460-b735-be2c20024ab7@group-42C9F9716FCF->c5175ad5-525e-4c2e-832b-1ca15aa9c500-AppendLogResponseHandler: follower responses appendEntries COMPLETED
2019-09-29 11:26:55,939 [grpc-default-executor-27] INFO  server.GrpcServerProtocolService (GrpcServerProtocolService.java:onCompleted(113)) - 266f4e38-b438-4944-8569-530d2ae5f6fc: Completed APPEND_ENTRIES, lastRequest: d7821b28-18a7-4460-b735-be2c20024ab7->266f4e38-b438-4944-8569-530d2ae5f6fc#5-t1, previous=(t:1, i:0), leaderCommit=0, initializing? false, entries: <empty>
2019-09-29 11:26:55,940 [main] INFO  impl.RoleInfo (RoleInfo.java:shutdownFollowerState(121)) - d7821b28-18a7-4460-b735-be2c20024ab7: shutdown FollowerState
2019-09-29 11:26:55,941 [grpc-default-executor-27] WARN  server.GrpcLogAppender (LogUtils.java:warn(134)) - d7821b28-18a7-4460-b735-be2c20024ab7@group-0F923E1C8F14->c5175ad5-525e-4c2e-832b-1ca15aa9c500-AppendLogResponseHandler: Failed appendEntries: org.apache.ratis.thirdparty.io.grpc.StatusRuntimeException: UNAVAILABLE: Channel shutdownNow invoked
2019-09-29 11:26:55,940 [ForkJoinPool.commonPool-worker-1] INFO  impl.RaftServerImpl (ServerState.java:close(385)) - d7821b28-18a7-4460-b735-be2c20024ab7@group-42C9F9716FCF: closes. applyIndex: 0
2019-09-29 11:26:55,941 [grpc-default-executor-27] INFO  impl.FollowerInfo (FollowerInfo.java:lambda$new$0(51)) - d7821b28-18a7-4460-b735-be2c20024ab7@group-0F923E1C8F14->c5175ad5-525e-4c2e-832b-1ca15aa9c500: nextIndex: updateUnconditionally 1 -> 0
2019-09-29 11:26:55,941 [Thread-6069] INFO  impl.FollowerState (FollowerState.java:run(115)) - d7821b28-18a7-4460-b735-be2c20024ab7: FollowerState was interrupted: java.lang.InterruptedException: sleep interrupted
2019-09-29 11:26:55,941 [grpc-default-executor-14] WARN  server.GrpcLogAppender (LogUtils.java:warn(134)) - d7821b28-18a7-4460-b735-be2c20024ab7@group-253DF9B988BF->c5175ad5-525e-4c2e-832b-1ca15aa9c500-AppendLogResponseHandler: Failed appendEntries: org.apache.ratis.thirdparty.io.grpc.StatusRuntimeException: UNAVAILABLE: Channel shutdownNow invoked
2019-09-29 11:26:55,941 [grpc-default-executor-26] WARN  server.GrpcLogAppender (LogUtils.java:warn(134)) - d7821b28-18a7-4460-b735-be2c20024ab7@group-A84C2D9C10C5->c5175ad5-525e-4c2e-832b-1ca15aa9c500-AppendLogResponseHandler: Failed appendEntries: org.apache.ratis.thirdparty.io.grpc.StatusRuntimeException: UNAVAILABLE: Channel shutdownNow invoked
2019-09-29 11:26:55,941 [main] INFO  impl.StateMachineUpdater (StateMachineUpdater.java:stopAndJoin(125)) - d7821b28-18a7-4460-b735-be2c20024ab7@group-086DA515FD7E-StateMachineUpdater: set stopIndex = 0
2019-09-29 11:26:55,942 [main] INFO  impl.RaftServerImpl (ServerState.java:close(385)) - d7821b28-18a7-4460-b735-be2c20024ab7@group-086DA515FD7E: closes. applyIndex: 0
2019-09-29 11:26:55,940 [grpc-default-executor-19] INFO  server.GrpcLogAppender (GrpcLogAppender.java:onCompleted(293)) - d7821b28-18a7-4460-b735-be2c20024ab7@group-42C9F9716FCF->266f4e38-b438-4944-8569-530d2ae5f6fc-AppendLogResponseHandler: follower responses appendEntries COMPLETED
2019-09-29 11:26:55,940 [grpc-default-executor-15] INFO  impl.FollowerInfo (FollowerInfo.java:lambda$new$0(51)) - d7821b28-18a7-4460-b735-be2c20024ab7@group-42C9F9716FCF->c5175ad5-525e-4c2e-832b-1ca15aa9c500: nextIndex: updateUnconditionally 1 -> 0
2019-09-29 11:26:55,943 [grpc-default-executor-20] WARN  server.GrpcLogAppender (LogUtils.java:warn(134)) - d7821b28-18a7-4460-b735-be2c20024ab7@group-253DF9B988BF->266f4e38-b438-4944-8569-530d2ae5f6fc-AppendLogResponseHandler: Failed appendEntries: org.apache.ratis.thirdparty.io.grpc.StatusRuntimeException: UNAVAILABLE: Channel shutdownNow invoked
2019-09-29 11:26:55,943 [grpc-default-executor-22] WARN  server.GrpcLogAppender (LogUtils.java:warn(134)) - d7821b28-18a7-4460-b735-be2c20024ab7@group-A84C2D9C10C5->266f4e38-b438-4944-8569-530d2ae5f6fc-AppendLogResponseHandler: Failed appendEntries: org.apache.ratis.thirdparty.io.grpc.StatusRuntimeException: UNAVAILABLE: Channel shutdownNow invoked
2019-09-29 11:26:55,943 [grpc-default-executor-27] WARN  server.GrpcLogAppender (LogUtils.java:warn(134)) - d7821b28-18a7-4460-b735-be2c20024ab7@group-0F923E1C8F14->266f4e38-b438-4944-8569-530d2ae5f6fc-AppendLogResponseHandler: Failed appendEntries: org.apache.ratis.thirdparty.io.grpc.StatusRuntimeException: UNAVAILABLE: Channel shutdownNow invoked
2019-09-29 11:26:55,943 [grpc-default-executor-19] INFO  impl.FollowerInfo (FollowerInfo.java:lambda$new$0(51)) - d7821b28-18a7-4460-b735-be2c20024ab7@group-42C9F9716FCF->266f4e38-b438-4944-8569-530d2ae5f6fc: nextIndex: updateUnconditionally 1 -> 0
2019-09-29 11:26:55,943 [d7821b28-18a7-4460-b735-be2c20024ab7@group-086DA515FD7E-SegmentedRaftLogWorker] INFO  segmented.SegmentedRaftLogWorker (SegmentedRaftLogWorker.java:run(313)) - d7821b28-18a7-4460-b735-be2c20024ab7@group-086DA515FD7E-SegmentedRaftLogWorker was interrupted, exiting. There are 0 tasks remaining in the queue.
2019-09-29 11:26:55,942 [grpc-default-executor-26] INFO  impl.FollowerInfo (FollowerInfo.java:lambda$new$0(51)) - d7821b28-18a7-4460-b735-be2c20024ab7@group-A84C2D9C10C5->c5175ad5-525e-4c2e-832b-1ca15aa9c500: nextIndex: updateUnconditionally 1 -> 0
2019-09-29 11:26:55,942 [grpc-default-executor-14] INFO  impl.FollowerInfo (FollowerInfo.java:lambda$new$0(51)) - d7821b28-18a7-4460-b735-be2c20024ab7@group-253DF9B988BF->c5175ad5-525e-4c2e-832b-1ca15aa9c500: nextIndex: updateUnconditionally 1 -> 0
2019-09-29 11:26:55,942 [grpc-default-executor-28] WARN  server.GrpcServerProtocolService (LogUtils.java:warn(134)) - c5175ad5-525e-4c2e-832b-1ca15aa9c500: installSnapshot onError, lastRequest: d7821b28-18a7-4460-b735-be2c20024ab7->c5175ad5-525e-4c2e-832b-1ca15aa9c500#5-t1, previous=(t:1, i:0), leaderCommit=0, initializing? false, entries: <empty>: org.apache.ratis.thirdparty.io.grpc.StatusRuntimeException: CANCELLED: cancelled before receiving half close
2019-09-29 11:26:55,941 [grpc-default-executor-21] WARN  server.GrpcServerProtocolService (LogUtils.java:warn(134)) - c5175ad5-525e-4c2e-832b-1ca15aa9c500: installSnapshot onError, lastRequest: d7821b28-18a7-4460-b735-be2c20024ab7->c5175ad5-525e-4c2e-832b-1ca15aa9c500#5-t1, previous=(t:1, i:0), leaderCommit=0, initializing? false, entries: <empty>: org.apache.ratis.thirdparty.io.grpc.StatusRuntimeException: CANCELLED: cancelled before receiving half close
2019-09-29 11:26:55,941 [d7821b28-18a7-4460-b735-be2c20024ab7@group-42C9F9716FCF-SegmentedRaftLogWorker] INFO  segmented.SegmentedRaftLogWorker (SegmentedRaftLogWorker.java:run(313)) - d7821b28-18a7-4460-b735-be2c20024ab7@group-42C9F9716FCF-SegmentedRaftLogWorker was interrupted, exiting. There are 0 tasks remaining in the queue.
2019-09-29 11:26:55,941 [grpc-default-executor-2] WARN  server.GrpcServerProtocolService (LogUtils.java:warn(134)) - c5175ad5-525e-4c2e-832b-1ca15aa9c500: installSnapshot onError, lastRequest: d7821b28-18a7-4460-b735-be2c20024ab7->c5175ad5-525e-4c2e-832b-1ca15aa9c500#3-t2, previous=(t:2, i:0), leaderCommit=0, initializing? false, entries: <empty>: org.apache.ratis.thirdparty.io.grpc.StatusRuntimeException: CANCELLED: cancelled before receiving half close
2019-09-29 11:26:55,950 [ForkJoinPool.commonPool-worker-1] INFO  segmented.SegmentedRaftLogWorker (SegmentedRaftLogWorker.java:close(228)) - d7821b28-18a7-4460-b735-be2c20024ab7@group-42C9F9716FCF-SegmentedRaftLogWorker close()
2019-09-29 11:26:55,947 [main] INFO  segmented.SegmentedRaftLogWorker (SegmentedRaftLogWorker.java:close(228)) - d7821b28-18a7-4460-b735-be2c20024ab7@group-086DA515FD7E-SegmentedRaftLogWorker close()
2019-09-29 11:26:55,944 [grpc-default-executor-27] INFO  impl.FollowerInfo (FollowerInfo.java:lambda$new$0(51)) - d7821b28-18a7-4460-b735-be2c20024ab7@group-0F923E1C8F14->266f4e38-b438-4944-8569-530d2ae5f6fc: nextIndex: updateUnconditionally 1 -> 0
2019-09-29 11:26:55,944 [grpc-default-executor-22] INFO  impl.FollowerInfo (FollowerInfo.java:lambda$new$0(51)) - d7821b28-18a7-4460-b735-be2c20024ab7@group-A84C2D9C10C5->266f4e38-b438-4944-8569-530d2ae5f6fc: nextIndex: updateUnconditionally 1 -> 0
2019-09-29 11:26:55,943 [grpc-default-executor-24] WARN  server.GrpcServerProtocolService (LogUtils.java:warn(134)) - 266f4e38-b438-4944-8569-530d2ae5f6fc: installSnapshot onError, lastRequest: d7821b28-18a7-4460-b735-be2c20024ab7->266f4e38-b438-4944-8569-530d2ae5f6fc#3-t2, previous=(t:2, i:0), leaderCommit=0, initializing? false, entries: <empty>: org.apache.ratis.thirdparty.io.grpc.StatusRuntimeException: CANCELLED: cancelled before receiving half close
2019-09-29 11:26:55,943 [grpc-default-executor-25] WARN  server.GrpcServerProtocolService (LogUtils.java:warn(134)) - 266f4e38-b438-4944-8569-530d2ae5f6fc: installSnapshot onError, lastRequest: d7821b28-18a7-4460-b735-be2c20024ab7->266f4e38-b438-4944-8569-530d2ae5f6fc#5-t1, previous=(t:1, i:0), leaderCommit=0, initializing? false, entries: <empty>: org.apache.ratis.thirdparty.io.grpc.StatusRuntimeException: CANCELLED: cancelled before receiving half close
2019-09-29 11:26:55,943 [grpc-default-executor-17] WARN  server.GrpcServerProtocolService (LogUtils.java:warn(134)) - 266f4e38-b438-4944-8569-530d2ae5f6fc: installSnapshot onError, lastRequest: d7821b28-18a7-4460-b735-be2c20024ab7->266f4e38-b438-4944-8569-530d2ae5f6fc#5-t1, previous=(t:1, i:0), leaderCommit=0, initializing? false, entries: <empty>: org.apache.ratis.thirdparty.io.grpc.StatusRuntimeException: CANCELLED: cancelled before receiving half close
2019-09-29 11:26:55,943 [grpc-default-executor-20] INFO  impl.FollowerInfo (FollowerInfo.java:lambda$new$0(51)) - d7821b28-18a7-4460-b735-be2c20024ab7@group-253DF9B988BF->266f4e38-b438-4944-8569-530d2ae5f6fc: nextIndex: updateUnconditionally 1 -> 0
2019-09-29 11:26:55,958 [main] INFO  impl.RaftServerImpl (RaftServerImpl.java:lambda$shutdown$3(251)) - d7821b28-18a7-4460-b735-be2c20024ab7@group-253DF9B988BF: shutdown
2019-09-29 11:26:55,954 [ForkJoinPool.commonPool-worker-1] INFO  impl.RaftServerImpl (RaftServerImpl.java:lambda$shutdown$3(251)) - d7821b28-18a7-4460-b735-be2c20024ab7@group-C452D2919BED: shutdown
2019-09-29 11:26:55,960 [main] INFO  util.JmxRegister (JmxRegister.java:unregister(73)) - Successfully un-registered JMX Bean with object name Ratis:service=RaftServer,group=group-253DF9B988BF,id=d7821b28-18a7-4460-b735-be2c20024ab7
2019-09-29 11:26:55,960 [ForkJoinPool.commonPool-worker-1] INFO  util.JmxRegister (JmxRegister.java:unregister(73)) - Successfully un-registered JMX Bean with object name Ratis:service=RaftServer,group=group-C452D2919BED,id=d7821b28-18a7-4460-b735-be2c20024ab7
2019-09-29 11:26:55,961 [main] INFO  impl.RoleInfo (RoleInfo.java:shutdownLeaderState(104)) - d7821b28-18a7-4460-b735-be2c20024ab7: shutdown LeaderState
2019-09-29 11:26:55,961 [ForkJoinPool.commonPool-worker-1] INFO  impl.RoleInfo (RoleInfo.java:shutdownFollowerState(121)) - d7821b28-18a7-4460-b735-be2c20024ab7: shutdown FollowerState
2019-09-29 11:26:55,965 [org.apache.ratis.server.impl.LogAppender$AppenderDaemon$$Lambda$506/1412001111@72af617a] WARN  server.GrpcLogAppender (GrpcLogAppender.java:mayWait(143)) - d7821b28-18a7-4460-b735-be2c20024ab7@group-253DF9B988BF->266f4e38-b438-4944-8569-530d2ae5f6fc-GrpcLogAppender: Wait interrupted by java.lang.InterruptedException
2019-09-29 11:26:55,966 [d7821b28-18a7-4460-b735-be2c20024ab7@group-C452D2919BED-StateMachineUpdater] INFO  ratis.ContainerStateMachine (ContainerStateMachine.java:takeSnapshot(289)) - group-C452D2919BED: Taking a snapshot at:(t:2, i:13) file /workdir/hadoop-ozone/integration-test/target/test-dir/MiniOzoneClusterImpl-f848b852-1aaf-4c40-a29c-4c10b1dc7f95/datanode-1/data/ratis/c104329c-7c69-4532-a778-c452d2919bed/sm/snapshot.2_13
2019-09-29 11:26:55,965 [org.apache.ratis.server.impl.LogAppender$AppenderDaemon$$Lambda$506/1412001111@63fff4fe] WARN  server.GrpcLogAppender (GrpcLogAppender.java:mayWait(143)) - d7821b28-18a7-4460-b735-be2c20024ab7@group-253DF9B988BF->c5175ad5-525e-4c2e-832b-1ca15aa9c500-GrpcLogAppender: Wait interrupted by java.lang.InterruptedException
2019-09-29 11:26:55,965 [main] INFO  impl.PendingRequests (PendingRequests.java:sendNotLeaderResponses(202)) - d7821b28-18a7-4460-b735-be2c20024ab7-PendingRequests: sendNotLeaderResponses
2019-09-29 11:26:55,966 [Thread-6274] INFO  impl.FollowerState (FollowerState.java:run(115)) - d7821b28-18a7-4460-b735-be2c20024ab7: FollowerState was interrupted: java.lang.InterruptedException: sleep interrupted
2019-09-29 11:26:55,966 [main] INFO  impl.StateMachineUpdater (StateMachineUpdater.java:stopAndJoin(125)) - d7821b28-18a7-4460-b735-be2c20024ab7@group-253DF9B988BF-StateMachineUpdater: set stopIndex = 0
2019-09-29 11:26:55,967 [main] INFO  impl.RaftServerImpl (ServerState.java:close(385)) - d7821b28-18a7-4460-b735-be2c20024ab7@group-253DF9B988BF: closes. applyIndex: 0
2019-09-29 11:26:55,966 [ForkJoinPool.commonPool-worker-1] INFO  impl.StateMachineUpdater (StateMachineUpdater.java:stopAndJoin(125)) - d7821b28-18a7-4460-b735-be2c20024ab7@group-C452D2919BED-StateMachineUpdater: set stopIndex = 15
2019-09-29 11:26:55,967 [d7821b28-18a7-4460-b735-be2c20024ab7@group-253DF9B988BF-SegmentedRaftLogWorker] INFO  segmented.SegmentedRaftLogWorker (SegmentedRaftLogWorker.java:run(313)) - d7821b28-18a7-4460-b735-be2c20024ab7@group-253DF9B988BF-SegmentedRaftLogWorker was interrupted, exiting. There are 0 tasks remaining in the queue.
2019-09-29 11:26:55,969 [main] INFO  segmented.SegmentedRaftLogWorker (SegmentedRaftLogWorker.java:close(228)) - d7821b28-18a7-4460-b735-be2c20024ab7@group-253DF9B988BF-SegmentedRaftLogWorker close()
2019-09-29 11:26:55,973 [main] INFO  impl.RaftServerImpl (RaftServerImpl.java:lambda$shutdown$3(251)) - d7821b28-18a7-4460-b735-be2c20024ab7@group-0B10E023A48A: shutdown
2019-09-29 11:26:55,973 [main] INFO  util.JmxRegister (JmxRegister.java:unregister(73)) - Successfully un-registered JMX Bean with object name Ratis:service=RaftServer,group=group-0B10E023A48A,id=d7821b28-18a7-4460-b735-be2c20024ab7
2019-09-29 11:26:55,973 [main] INFO  impl.RoleInfo (RoleInfo.java:shutdownLeaderState(104)) - d7821b28-18a7-4460-b735-be2c20024ab7: shutdown LeaderState
2019-09-29 11:26:55,974 [main] INFO  impl.PendingRequests (PendingRequests.java:sendNotLeaderResponses(202)) - d7821b28-18a7-4460-b735-be2c20024ab7-PendingRequests: sendNotLeaderResponses
2019-09-29 11:26:55,974 [main] INFO  impl.StateMachineUpdater (StateMachineUpdater.java:stopAndJoin(125)) - d7821b28-18a7-4460-b735-be2c20024ab7@group-0B10E023A48A-StateMachineUpdater: set stopIndex = 0
2019-09-29 11:26:55,974 [main] INFO  impl.RaftServerImpl (ServerState.java:close(385)) - d7821b28-18a7-4460-b735-be2c20024ab7@group-0B10E023A48A: closes. applyIndex: 0
2019-09-29 11:26:55,974 [d7821b28-18a7-4460-b735-be2c20024ab7@group-0B10E023A48A-SegmentedRaftLogWorker] INFO  segmented.SegmentedRaftLogWorker (SegmentedRaftLogWorker.java:run(313)) - d7821b28-18a7-4460-b735-be2c20024ab7@group-0B10E023A48A-SegmentedRaftLogWorker was interrupted, exiting. There are 0 tasks remaining in the queue.
2019-09-29 11:26:55,977 [main] INFO  segmented.SegmentedRaftLogWorker (SegmentedRaftLogWorker.java:close(228)) - d7821b28-18a7-4460-b735-be2c20024ab7@group-0B10E023A48A-SegmentedRaftLogWorker close()
2019-09-29 11:26:55,980 [main] INFO  impl.RaftServerImpl (RaftServerImpl.java:lambda$shutdown$3(251)) - d7821b28-18a7-4460-b735-be2c20024ab7@group-A84C2D9C10C5: shutdown
2019-09-29 11:26:55,981 [main] INFO  util.JmxRegister (JmxRegister.java:unregister(73)) - Successfully un-registered JMX Bean with object name Ratis:service=RaftServer,group=group-A84C2D9C10C5,id=d7821b28-18a7-4460-b735-be2c20024ab7
2019-09-29 11:26:55,981 [main] INFO  impl.RoleInfo (RoleInfo.java:shutdownLeaderState(104)) - d7821b28-18a7-4460-b735-be2c20024ab7: shutdown LeaderState
2019-09-29 11:26:55,994 [org.apache.ratis.server.impl.LogAppender$AppenderDaemon$$Lambda$506/1412001111@52a7e21c] WARN  server.GrpcLogAppender (GrpcLogAppender.java:mayWait(143)) - d7821b28-18a7-4460-b735-be2c20024ab7@group-A84C2D9C10C5->c5175ad5-525e-4c2e-832b-1ca15aa9c500-GrpcLogAppender: Wait interrupted by java.lang.InterruptedException
2019-09-29 11:26:55,994 [main] INFO  impl.PendingRequests (PendingRequests.java:sendNotLeaderResponses(202)) - d7821b28-18a7-4460-b735-be2c20024ab7-PendingRequests: sendNotLeaderResponses
2019-09-29 11:26:55,995 [org.apache.ratis.server.impl.LogAppender$AppenderDaemon$$Lambda$506/1412001111@bf95c4a] WARN  server.GrpcLogAppender (GrpcLogAppender.java:mayWait(143)) - d7821b28-18a7-4460-b735-be2c20024ab7@group-A84C2D9C10C5->266f4e38-b438-4944-8569-530d2ae5f6fc-GrpcLogAppender: Wait interrupted by java.lang.InterruptedException
2019-09-29 11:26:55,995 [d7821b28-18a7-4460-b735-be2c20024ab7@group-C452D2919BED-StateMachineUpdater] INFO  ratis.ContainerStateMachine (ContainerStateMachine.java:takeSnapshot(300)) - group-C452D2919BED: Finished taking a snapshot at:(t:2, i:13) file:/workdir/hadoop-ozone/integration-test/target/test-dir/MiniOzoneClusterImpl-f848b852-1aaf-4c40-a29c-4c10b1dc7f95/datanode-1/data/ratis/c104329c-7c69-4532-a778-c452d2919bed/sm/snapshot.2_13 time:29
2019-09-29 11:26:55,995 [main] INFO  impl.StateMachineUpdater (StateMachineUpdater.java:stopAndJoin(125)) - d7821b28-18a7-4460-b735-be2c20024ab7@group-A84C2D9C10C5-StateMachineUpdater: set stopIndex = 0
2019-09-29 11:26:55,995 [d7821b28-18a7-4460-b735-be2c20024ab7@group-C452D2919BED-StateMachineUpdater] INFO  impl.StateMachineUpdater (StateMachineUpdater.java:takeSnapshot(258)) - d7821b28-18a7-4460-b735-be2c20024ab7@group-C452D2919BED-StateMachineUpdater: Took a snapshot at index 13
2019-09-29 11:26:55,995 [main] INFO  impl.RaftServerImpl (ServerState.java:close(385)) - d7821b28-18a7-4460-b735-be2c20024ab7@group-A84C2D9C10C5: closes. applyIndex: 0
2019-09-29 11:26:55,995 [d7821b28-18a7-4460-b735-be2c20024ab7@group-C452D2919BED-StateMachineUpdater] INFO  impl.StateMachineUpdater (StateMachineUpdater.java:lambda$new$0(83)) - d7821b28-18a7-4460-b735-be2c20024ab7@group-C452D2919BED-StateMachineUpdater: snapshotIndex: updateIncreasingly -1 -> 13
2019-09-29 11:26:55,996 [d7821b28-18a7-4460-b735-be2c20024ab7@group-A84C2D9C10C5-SegmentedRaftLogWorker] INFO  segmented.SegmentedRaftLogWorker (SegmentedRaftLogWorker.java:run(313)) - d7821b28-18a7-4460-b735-be2c20024ab7@group-A84C2D9C10C5-SegmentedRaftLogWorker was interrupted, exiting. There are 0 tasks remaining in the queue.
2019-09-29 11:26:55,998 [main] INFO  segmented.SegmentedRaftLogWorker (SegmentedRaftLogWorker.java:close(228)) - d7821b28-18a7-4460-b735-be2c20024ab7@group-A84C2D9C10C5-SegmentedRaftLogWorker close()
2019-09-29 11:26:56,002 [main] INFO  impl.RaftServerImpl (RaftServerImpl.java:lambda$shutdown$3(251)) - d7821b28-18a7-4460-b735-be2c20024ab7@group-0F923E1C8F14: shutdown
2019-09-29 11:26:56,002 [d7821b28-18a7-4460-b735-be2c20024ab7@group-C452D2919BED-StateMachineUpdater] INFO  ratis.ContainerStateMachine (ContainerStateMachine.java:takeSnapshot(289)) - group-C452D2919BED: Taking a snapshot at:(t:2, i:13) file /workdir/hadoop-ozone/integration-test/target/test-dir/MiniOzoneClusterImpl-f848b852-1aaf-4c40-a29c-4c10b1dc7f95/datanode-1/data/ratis/c104329c-7c69-4532-a778-c452d2919bed/sm/snapshot.2_13
2019-09-29 11:26:56,003 [main] INFO  util.JmxRegister (JmxRegister.java:unregister(73)) - Successfully un-registered JMX Bean with object name Ratis:service=RaftServer,group=group-0F923E1C8F14,id=d7821b28-18a7-4460-b735-be2c20024ab7
2019-09-29 11:26:56,003 [main] INFO  impl.RoleInfo (RoleInfo.java:shutdownLeaderState(104)) - d7821b28-18a7-4460-b735-be2c20024ab7: shutdown LeaderState
2019-09-29 11:26:56,003 [main] INFO  impl.PendingRequests (PendingRequests.java:sendNotLeaderResponses(202)) - d7821b28-18a7-4460-b735-be2c20024ab7-PendingRequests: sendNotLeaderResponses
2019-09-29 11:26:56,003 [org.apache.ratis.server.impl.LogAppender$AppenderDaemon$$Lambda$506/1412001111@20a87693] WARN  server.GrpcLogAppender (GrpcLogAppender.java:mayWait(143)) - d7821b28-18a7-4460-b735-be2c20024ab7@group-0F923E1C8F14->c5175ad5-525e-4c2e-832b-1ca15aa9c500-GrpcLogAppender: Wait interrupted by java.lang.InterruptedException
2019-09-29 11:26:56,003 [org.apache.ratis.server.impl.LogAppender$AppenderDaemon$$Lambda$506/1412001111@c4703e7] WARN  server.GrpcLogAppender (GrpcLogAppender.java:mayWait(143)) - d7821b28-18a7-4460-b735-be2c20024ab7@group-0F923E1C8F14->266f4e38-b438-4944-8569-530d2ae5f6fc-GrpcLogAppender: Wait interrupted by java.lang.InterruptedException
2019-09-29 11:26:56,003 [main] INFO  impl.StateMachineUpdater (StateMachineUpdater.java:stopAndJoin(125)) - d7821b28-18a7-4460-b735-be2c20024ab7@group-0F923E1C8F14-StateMachineUpdater: set stopIndex = 0
2019-09-29 11:26:56,004 [main] INFO  impl.RaftServerImpl (ServerState.java:close(385)) - d7821b28-18a7-4460-b735-be2c20024ab7@group-0F923E1C8F14: closes. applyIndex: 0
2019-09-29 11:26:56,004 [d7821b28-18a7-4460-b735-be2c20024ab7@group-0F923E1C8F14-SegmentedRaftLogWorker] INFO  segmented.SegmentedRaftLogWorker (SegmentedRaftLogWorker.java:run(313)) - d7821b28-18a7-4460-b735-be2c20024ab7@group-0F923E1C8F14-SegmentedRaftLogWorker was interrupted, exiting. There are 0 tasks remaining in the queue.
2019-09-29 11:26:56,006 [main] INFO  segmented.SegmentedRaftLogWorker (SegmentedRaftLogWorker.java:close(228)) - d7821b28-18a7-4460-b735-be2c20024ab7@group-0F923E1C8F14-SegmentedRaftLogWorker close()
2019-09-29 11:26:56,010 [main] INFO  impl.RaftServerImpl (RaftServerImpl.java:lambda$shutdown$3(251)) - d7821b28-18a7-4460-b735-be2c20024ab7@group-0CD34D698E0C: shutdown
2019-09-29 11:26:56,010 [main] INFO  util.JmxRegister (JmxRegister.java:unregister(73)) - Successfully un-registered JMX Bean with object name Ratis:service=RaftServer,group=group-0CD34D698E0C,id=d7821b28-18a7-4460-b735-be2c20024ab7
2019-09-29 11:26:56,010 [main] INFO  impl.RoleInfo (RoleInfo.java:shutdownFollowerState(121)) - d7821b28-18a7-4460-b735-be2c20024ab7: shutdown FollowerState
2019-09-29 11:26:56,011 [main] INFO  impl.StateMachineUpdater (StateMachineUpdater.java:stopAndJoin(125)) - d7821b28-18a7-4460-b735-be2c20024ab7@group-0CD34D698E0C-StateMachineUpdater: set stopIndex = 0
2019-09-29 11:26:56,011 [Thread-6050] INFO  impl.FollowerState (FollowerState.java:run(115)) - d7821b28-18a7-4460-b735-be2c20024ab7: FollowerState was interrupted: java.lang.InterruptedException: sleep interrupted
2019-09-29 11:26:56,011 [main] INFO  impl.RaftServerImpl (ServerState.java:close(385)) - d7821b28-18a7-4460-b735-be2c20024ab7@group-0CD34D698E0C: closes. applyIndex: 0
2019-09-29 11:26:56,011 [d7821b28-18a7-4460-b735-be2c20024ab7@group-0CD34D698E0C-SegmentedRaftLogWorker] INFO  segmented.SegmentedRaftLogWorker (SegmentedRaftLogWorker.java:run(313)) - d7821b28-18a7-4460-b735-be2c20024ab7@group-0CD34D698E0C-SegmentedRaftLogWorker was interrupted, exiting. There are 0 tasks remaining in the queue.
2019-09-29 11:26:56,013 [main] INFO  segmented.SegmentedRaftLogWorker (SegmentedRaftLogWorker.java:close(228)) - d7821b28-18a7-4460-b735-be2c20024ab7@group-0CD34D698E0C-SegmentedRaftLogWorker close()
2019-09-29 11:26:56,026 [d7821b28-18a7-4460-b735-be2c20024ab7@group-C452D2919BED-StateMachineUpdater] INFO  ratis.ContainerStateMachine (ContainerStateMachine.java:takeSnapshot(300)) - group-C452D2919BED: Finished taking a snapshot at:(t:2, i:13) file:/workdir/hadoop-ozone/integration-test/target/test-dir/MiniOzoneClusterImpl-f848b852-1aaf-4c40-a29c-4c10b1dc7f95/datanode-1/data/ratis/c104329c-7c69-4532-a778-c452d2919bed/sm/snapshot.2_13 time:27
2019-09-29 11:26:56,026 [d7821b28-18a7-4460-b735-be2c20024ab7@group-C452D2919BED-StateMachineUpdater] INFO  impl.StateMachineUpdater (StateMachineUpdater.java:takeSnapshot(258)) - d7821b28-18a7-4460-b735-be2c20024ab7@group-C452D2919BED-StateMachineUpdater: Took a snapshot at index 13
2019-09-29 11:26:56,026 [d7821b28-18a7-4460-b735-be2c20024ab7@group-C452D2919BED-StateMachineUpdater] INFO  impl.StateMachineUpdater (StateMachineUpdater.java:lambda$new$0(83)) - d7821b28-18a7-4460-b735-be2c20024ab7@group-C452D2919BED-StateMachineUpdater: snapshotIndex: updateIncreasingly 13 -> 13
2019-09-29 11:26:56,026 [ForkJoinPool.commonPool-worker-1] INFO  impl.RaftServerImpl (ServerState.java:close(385)) - d7821b28-18a7-4460-b735-be2c20024ab7@group-C452D2919BED: closes. applyIndex: 15
2019-09-29 11:26:56,026 [d7821b28-18a7-4460-b735-be2c20024ab7@group-C452D2919BED-SegmentedRaftLogWorker] INFO  segmented.SegmentedRaftLogWorker (SegmentedRaftLogWorker.java:run(313)) - d7821b28-18a7-4460-b735-be2c20024ab7@group-C452D2919BED-SegmentedRaftLogWorker was interrupted, exiting. There are 0 tasks remaining in the queue.
2019-09-29 11:26:56,027 [ForkJoinPool.commonPool-worker-1] INFO  segmented.SegmentedRaftLogWorker (SegmentedRaftLogWorker.java:close(228)) - d7821b28-18a7-4460-b735-be2c20024ab7@group-C452D2919BED-SegmentedRaftLogWorker close()
2019-09-29 11:26:56,029 [ForkJoinPool.commonPool-worker-1] INFO  impl.RaftServerImpl (RaftServerImpl.java:lambda$shutdown$3(251)) - d7821b28-18a7-4460-b735-be2c20024ab7@group-FBE960BC2EDC: shutdown
2019-09-29 11:26:56,029 [ForkJoinPool.commonPool-worker-1] INFO  util.JmxRegister (JmxRegister.java:unregister(73)) - Successfully un-registered JMX Bean with object name Ratis:service=RaftServer,group=group-FBE960BC2EDC,id=d7821b28-18a7-4460-b735-be2c20024ab7
2019-09-29 11:26:56,029 [ForkJoinPool.commonPool-worker-1] INFO  impl.RoleInfo (RoleInfo.java:shutdownFollowerState(121)) - d7821b28-18a7-4460-b735-be2c20024ab7: shutdown FollowerState
2019-09-29 11:26:56,029 [ForkJoinPool.commonPool-worker-1] INFO  impl.StateMachineUpdater (StateMachineUpdater.java:stopAndJoin(125)) - d7821b28-18a7-4460-b735-be2c20024ab7@group-FBE960BC2EDC-StateMachineUpdater: set stopIndex = 0
2019-09-29 11:26:56,029 [Thread-6255] INFO  impl.FollowerState (FollowerState.java:run(115)) - d7821b28-18a7-4460-b735-be2c20024ab7: FollowerState was interrupted: java.lang.InterruptedException: sleep interrupted
2019-09-29 11:26:56,029 [ForkJoinPool.commonPool-worker-1] INFO  impl.RaftServerImpl (ServerState.java:close(385)) - d7821b28-18a7-4460-b735-be2c20024ab7@group-FBE960BC2EDC: closes. applyIndex: 0
2019-09-29 11:26:56,029 [d7821b28-18a7-4460-b735-be2c20024ab7@group-FBE960BC2EDC-SegmentedRaftLogWorker] INFO  segmented.SegmentedRaftLogWorker (SegmentedRaftLogWorker.java:run(313)) - d7821b28-18a7-4460-b735-be2c20024ab7@group-FBE960BC2EDC-SegmentedRaftLogWorker was interrupted, exiting. There are 0 tasks remaining in the queue.
2019-09-29 11:26:56,029 [ForkJoinPool.commonPool-worker-1] INFO  segmented.SegmentedRaftLogWorker (SegmentedRaftLogWorker.java:close(228)) - d7821b28-18a7-4460-b735-be2c20024ab7@group-FBE960BC2EDC-SegmentedRaftLogWorker close()
2019-09-29 11:26:56,031 [main] INFO  server.GrpcService (GrpcService.java:closeImpl(164)) - d7821b28-18a7-4460-b735-be2c20024ab7: shutdown server with port 45148 now
2019-09-29 11:26:56,032 [grpc-default-executor-17] WARN  server.GrpcServerProtocolService (LogUtils.java:warn(134)) - d7821b28-18a7-4460-b735-be2c20024ab7: installSnapshot onError, lastRequest: 266f4e38-b438-4944-8569-530d2ae5f6fc->d7821b28-18a7-4460-b735-be2c20024ab7#5-t1, previous=(t:1, i:0), leaderCommit=0, initializing? false, entries: <empty>: org.apache.ratis.thirdparty.io.grpc.StatusRuntimeException: CANCELLED: cancelled before receiving half close
2019-09-29 11:26:56,032 [grpc-default-executor-20] WARN  server.GrpcServerProtocolService (LogUtils.java:warn(134)) - d7821b28-18a7-4460-b735-be2c20024ab7: installSnapshot onError, lastRequest: 266f4e38-b438-4944-8569-530d2ae5f6fc->d7821b28-18a7-4460-b735-be2c20024ab7#5-t1, previous=(t:1, i:0), leaderCommit=0, initializing? false, entries: <empty>: org.apache.ratis.thirdparty.io.grpc.StatusRuntimeException: CANCELLED: cancelled before receiving half close
2019-09-29 11:26:56,032 [grpc-default-executor-2] WARN  server.GrpcLogAppender (LogUtils.java:warn(134)) - 266f4e38-b438-4944-8569-530d2ae5f6fc@group-ACE69562662B->d7821b28-18a7-4460-b735-be2c20024ab7-AppendLogResponseHandler: Failed appendEntries: org.apache.ratis.thirdparty.io.grpc.StatusRuntimeException: CANCELLED: HTTP/2 error code: CANCEL
Received Rst Stream
2019-09-29 11:26:56,032 [grpc-default-executor-22] WARN  server.GrpcLogAppender (LogUtils.java:warn(134)) - 266f4e38-b438-4944-8569-530d2ae5f6fc@group-086DA515FD7E->d7821b28-18a7-4460-b735-be2c20024ab7-AppendLogResponseHandler: Failed appendEntries: org.apache.ratis.thirdparty.io.grpc.StatusRuntimeException: CANCELLED: HTTP/2 error code: CANCEL
Received Rst Stream
2019-09-29 11:26:56,040 [grpc-default-executor-25] WARN  server.GrpcLogAppender (LogUtils.java:warn(134)) - c5175ad5-525e-4c2e-832b-1ca15aa9c500@group-92AA78341D71->d7821b28-18a7-4460-b735-be2c20024ab7-AppendLogResponseHandler: Failed appendEntries: org.apache.ratis.thirdparty.io.grpc.StatusRuntimeException: CANCELLED: HTTP/2 error code: CANCEL
Received Rst Stream
2019-09-29 11:26:56,032 [grpc-default-executor-24] WARN  server.GrpcLogAppender (LogUtils.java:warn(134)) - 266f4e38-b438-4944-8569-530d2ae5f6fc@group-0CD34D698E0C->d7821b28-18a7-4460-b735-be2c20024ab7-AppendLogResponseHandler: Failed appendEntries: org.apache.ratis.thirdparty.io.grpc.StatusRuntimeException: CANCELLED: HTTP/2 error code: CANCEL
Received Rst Stream
2019-09-29 11:26:56,041 [grpc-default-executor-24] INFO  impl.FollowerInfo (FollowerInfo.java:lambda$new$0(51)) - 266f4e38-b438-4944-8569-530d2ae5f6fc@group-0CD34D698E0C->d7821b28-18a7-4460-b735-be2c20024ab7: nextIndex: updateUnconditionally 1 -> 0
2019-09-29 11:26:56,032 [grpc-default-executor-21] WARN  server.GrpcServerProtocolService (LogUtils.java:warn(134)) - d7821b28-18a7-4460-b735-be2c20024ab7: installSnapshot onError, lastRequest: 266f4e38-b438-4944-8569-530d2ae5f6fc->d7821b28-18a7-4460-b735-be2c20024ab7#5-t1, previous=(t:1, i:0), leaderCommit=0, initializing? false, entries: <empty>: org.apache.ratis.thirdparty.io.grpc.StatusRuntimeException: CANCELLED: cancelled before receiving half close
2019-09-29 11:26:56,041 [grpc-default-executor-25] INFO  impl.FollowerInfo (FollowerInfo.java:lambda$new$0(51)) - c5175ad5-525e-4c2e-832b-1ca15aa9c500@group-92AA78341D71->d7821b28-18a7-4460-b735-be2c20024ab7: nextIndex: updateUnconditionally 1 -> 0
2019-09-29 11:26:56,041 [grpc-default-executor-22] INFO  impl.FollowerInfo (FollowerInfo.java:lambda$new$0(51)) - 266f4e38-b438-4944-8569-530d2ae5f6fc@group-086DA515FD7E->d7821b28-18a7-4460-b735-be2c20024ab7: nextIndex: updateUnconditionally 1 -> 0
2019-09-29 11:26:56,040 [grpc-default-executor-15] WARN  server.GrpcLogAppender (LogUtils.java:warn(134)) - c5175ad5-525e-4c2e-832b-1ca15aa9c500@group-C452D2919BED->d7821b28-18a7-4460-b735-be2c20024ab7-AppendLogResponseHandler: Failed appendEntries: org.apache.ratis.thirdparty.io.grpc.StatusRuntimeException: CANCELLED: HTTP/2 error code: CANCEL
Received Rst Stream
2019-09-29 11:26:56,040 [main] INFO  server.GrpcService (GrpcService.java:closeImpl(172)) - d7821b28-18a7-4460-b735-be2c20024ab7: shutdown server with port 45148 successfully
2019-09-29 11:26:56,040 [grpc-default-executor-14] WARN  server.GrpcLogAppender (LogUtils.java:warn(134)) - c5175ad5-525e-4c2e-832b-1ca15aa9c500@group-FBE960BC2EDC->d7821b28-18a7-4460-b735-be2c20024ab7-AppendLogResponseHandler: Failed appendEntries: org.apache.ratis.thirdparty.io.grpc.StatusRuntimeException: CANCELLED: HTTP/2 error code: CANCEL
Received Rst Stream
2019-09-29 11:26:56,040 [grpc-default-executor-17] WARN  server.GrpcLogAppender (LogUtils.java:warn(134)) - c5175ad5-525e-4c2e-832b-1ca15aa9c500@group-8E5314906F1B->d7821b28-18a7-4460-b735-be2c20024ab7-AppendLogResponseHandler: Failed appendEntries: org.apache.ratis.thirdparty.io.grpc.StatusRuntimeException: CANCELLED: HTTP/2 error code: CANCEL
Received Rst Stream
2019-09-29 11:26:56,040 [grpc-default-executor-2] INFO  impl.FollowerInfo (FollowerInfo.java:lambda$new$0(51)) - 266f4e38-b438-4944-8569-530d2ae5f6fc@group-ACE69562662B->d7821b28-18a7-4460-b735-be2c20024ab7: nextIndex: updateUnconditionally 1 -> 0
2019-09-29 11:26:56,040 [grpc-default-executor-27] WARN  server.GrpcServerProtocolService (LogUtils.java:warn(134)) - d7821b28-18a7-4460-b735-be2c20024ab7: installSnapshot onError, lastRequest: c5175ad5-525e-4c2e-832b-1ca15aa9c500->d7821b28-18a7-4460-b735-be2c20024ab7#5-t1, previous=(t:1, i:0), leaderCommit=0, initializing? false, entries: <empty>: org.apache.ratis.thirdparty.io.grpc.StatusRuntimeException: CANCELLED: cancelled before receiving half close
2019-09-29 11:26:56,040 [grpc-default-executor-19] WARN  server.GrpcServerProtocolService (LogUtils.java:warn(134)) - d7821b28-18a7-4460-b735-be2c20024ab7: installSnapshot onError, lastRequest: c5175ad5-525e-4c2e-832b-1ca15aa9c500->d7821b28-18a7-4460-b735-be2c20024ab7#18-t2, previous=(t:2, i:15), leaderCommit=15, initializing? false, entries: <empty>: org.apache.ratis.thirdparty.io.grpc.StatusRuntimeException: CANCELLED: cancelled before receiving half close
2019-09-29 11:26:56,040 [grpc-default-executor-28] WARN  server.GrpcServerProtocolService (LogUtils.java:warn(134)) - d7821b28-18a7-4460-b735-be2c20024ab7: installSnapshot onError, lastRequest: c5175ad5-525e-4c2e-832b-1ca15aa9c500->d7821b28-18a7-4460-b735-be2c20024ab7#5-t1, previous=(t:1, i:0), leaderCommit=0, initializing? false, entries: <empty>: org.apache.ratis.thirdparty.io.grpc.StatusRuntimeException: CANCELLED: cancelled before receiving half close
2019-09-29 11:26:56,040 [grpc-default-executor-26] WARN  server.GrpcServerProtocolService (LogUtils.java:warn(134)) - d7821b28-18a7-4460-b735-be2c20024ab7: installSnapshot onError, lastRequest: c5175ad5-525e-4c2e-832b-1ca15aa9c500->d7821b28-18a7-4460-b735-be2c20024ab7#3-t2, previous=(t:2, i:0), leaderCommit=0, initializing? false, entries: <empty>: org.apache.ratis.thirdparty.io.grpc.StatusRuntimeException: CANCELLED: cancelled before receiving half close
2019-09-29 11:26:56,042 [grpc-default-executor-17] INFO  impl.FollowerInfo (FollowerInfo.java:lambda$new$0(51)) - c5175ad5-525e-4c2e-832b-1ca15aa9c500@group-8E5314906F1B->d7821b28-18a7-4460-b735-be2c20024ab7: nextIndex: updateUnconditionally 1 -> 0
2019-09-29 11:26:56,042 [grpc-default-executor-14] INFO  impl.FollowerInfo (FollowerInfo.java:lambda$new$0(51)) - c5175ad5-525e-4c2e-832b-1ca15aa9c500@group-FBE960BC2EDC->d7821b28-18a7-4460-b735-be2c20024ab7: nextIndex: updateUnconditionally 1 -> 0
2019-09-29 11:26:56,042 [grpc-default-executor-15] INFO  impl.FollowerInfo (FollowerInfo.java:lambda$new$0(51)) - c5175ad5-525e-4c2e-832b-1ca15aa9c500@group-C452D2919BED->d7821b28-18a7-4460-b735-be2c20024ab7: nextIndex: updateUnconditionally 16 -> 15
2019-09-29 11:26:56,044 [refreshUsed-/workdir/hadoop-ozone/integration-test/target/test-dir/MiniOzoneClusterImpl-f848b852-1aaf-4c40-a29c-4c10b1dc7f95/datanode-1/data/containers] WARN  fs.CachingGetSpaceUsed (CachingGetSpaceUsed.java:run(183)) - Thread Interrupted waiting to refresh disk information: sleep interrupted
2019-09-29 11:26:56,062 [main] INFO  utils.BackgroundService (BackgroundService.java:shutdown(148)) - Shutting down service BlockDeletingService
2019-09-29 11:26:56,070 [main] INFO  statemachine.DatanodeStateMachine (DatanodeStateMachine.java:stopDaemon(395)) - Ozone container server stopped.
2019-09-29 11:26:56,071 [main] INFO  handler.ContextHandler (ContextHandler.java:doStop(910)) - Stopped o.e.j.w.WebAppContext@13f40d71{/,null,UNAVAILABLE}{/hddsDatanode}
2019-09-29 11:26:56,072 [main] INFO  server.AbstractConnector (AbstractConnector.java:doStop(318)) - Stopped ServerConnector@73a845cb{HTTP/1.1,[http/1.1]}{0.0.0.0:0}
2019-09-29 11:26:56,072 [main] INFO  handler.ContextHandler (ContextHandler.java:doStop(910)) - Stopped o.e.j.s.ServletContextHandler@4c4c7d6c{/static,jar:file:/home/user/.m2/repository/org/apache/hadoop/hadoop-hdds-container-service/0.5.0-SNAPSHOT/hadoop-hdds-container-service-0.5.0-SNAPSHOT.jar!/webapps/static,UNAVAILABLE}
2019-09-29 11:26:56,072 [main] INFO  handler.ContextHandler (ContextHandler.java:doStop(910)) - Stopped o.e.j.s.ServletContextHandler@1edfedf1{/logs,file:///workdir/hadoop-ozone/integration-test/target/log,UNAVAILABLE}
2019-09-29 11:26:56,077 [grpc-default-executor-28] WARN  server.GrpcLogAppender (LogUtils.java:warn(134)) - c5175ad5-525e-4c2e-832b-1ca15aa9c500@group-C452D2919BED->d7821b28-18a7-4460-b735-be2c20024ab7-AppendLogResponseHandler: Failed appendEntries: org.apache.ratis.thirdparty.io.grpc.StatusRuntimeException: UNAVAILABLE: io exception
2019-09-29 11:26:56,077 [grpc-default-executor-28] INFO  impl.FollowerInfo (FollowerInfo.java:lambda$new$0(51)) - c5175ad5-525e-4c2e-832b-1ca15aa9c500@group-C452D2919BED->d7821b28-18a7-4460-b735-be2c20024ab7: nextIndex: updateUnconditionally 16 -> 15
2019-09-29 11:26:56,080 [grpc-default-executor-15] WARN  server.GrpcLogAppender (LogUtils.java:warn(134)) - c5175ad5-525e-4c2e-832b-1ca15aa9c500@group-C452D2919BED->d7821b28-18a7-4460-b735-be2c20024ab7-AppendLogResponseHandler: Failed appendEntries: org.apache.ratis.thirdparty.io.grpc.StatusRuntimeException: UNAVAILABLE: io exception
2019-09-29 11:26:56,081 [grpc-default-executor-15] INFO  impl.FollowerInfo (FollowerInfo.java:lambda$new$0(51)) - c5175ad5-525e-4c2e-832b-1ca15aa9c500@group-C452D2919BED->d7821b28-18a7-4460-b735-be2c20024ab7: nextIndex: updateUnconditionally 16 -> 15
2019-09-29 11:26:56,084 [grpc-default-executor-15] WARN  server.GrpcLogAppender (LogUtils.java:warn(134)) - c5175ad5-525e-4c2e-832b-1ca15aa9c500@group-C452D2919BED->d7821b28-18a7-4460-b735-be2c20024ab7-AppendLogResponseHandler: Failed appendEntries: org.apache.ratis.thirdparty.io.grpc.StatusRuntimeException: UNAVAILABLE: io exception
2019-09-29 11:26:56,084 [grpc-default-executor-15] INFO  impl.FollowerInfo (FollowerInfo.java:lambda$new$0(51)) - c5175ad5-525e-4c2e-832b-1ca15aa9c500@group-C452D2919BED->d7821b28-18a7-4460-b735-be2c20024ab7: nextIndex: updateUnconditionally 16 -> 15
2019-09-29 11:26:56,090 [grpc-default-executor-19] WARN  server.GrpcLogAppender (LogUtils.java:warn(134)) - c5175ad5-525e-4c2e-832b-1ca15aa9c500@group-C452D2919BED->d7821b28-18a7-4460-b735-be2c20024ab7-AppendLogResponseHandler: Failed appendEntries: org.apache.ratis.thirdparty.io.grpc.StatusRuntimeException: UNAVAILABLE: io exception
2019-09-29 11:26:56,090 [grpc-default-executor-19] INFO  impl.FollowerInfo (FollowerInfo.java:lambda$new$0(51)) - c5175ad5-525e-4c2e-832b-1ca15aa9c500@group-C452D2919BED->d7821b28-18a7-4460-b735-be2c20024ab7: nextIndex: updateUnconditionally 16 -> 15
2019-09-29 11:26:56,095 [grpc-default-executor-28] WARN  server.GrpcLogAppender (LogUtils.java:warn(134)) - c5175ad5-525e-4c2e-832b-1ca15aa9c500@group-C452D2919BED->d7821b28-18a7-4460-b735-be2c20024ab7-AppendLogResponseHandler: Failed appendEntries: org.apache.ratis.thirdparty.io.grpc.StatusRuntimeException: UNAVAILABLE: io exception
2019-09-29 11:26:56,095 [grpc-default-executor-28] INFO  impl.FollowerInfo (FollowerInfo.java:lambda$new$0(51)) - c5175ad5-525e-4c2e-832b-1ca15aa9c500@group-C452D2919BED->d7821b28-18a7-4460-b735-be2c20024ab7: nextIndex: updateUnconditionally 16 -> 15
2019-09-29 11:26:56,097 [grpc-default-executor-19] WARN  server.GrpcLogAppender (LogUtils.java:warn(134)) - c5175ad5-525e-4c2e-832b-1ca15aa9c500@group-C452D2919BED->d7821b28-18a7-4460-b735-be2c20024ab7-AppendLogResponseHandler: Failed appendEntries: org.apache.ratis.thirdparty.io.grpc.StatusRuntimeException: UNAVAILABLE: io exception
2019-09-29 11:26:56,097 [grpc-default-executor-19] INFO  impl.FollowerInfo (FollowerInfo.java:lambda$new$0(51)) - c5175ad5-525e-4c2e-832b-1ca15aa9c500@group-C452D2919BED->d7821b28-18a7-4460-b735-be2c20024ab7: nextIndex: updateUnconditionally 16 -> 15
2019-09-29 11:26:56,116 [grpc-default-executor-28] WARN  server.GrpcLogAppender (LogUtils.java:warn(134)) - c5175ad5-525e-4c2e-832b-1ca15aa9c500@group-C452D2919BED->d7821b28-18a7-4460-b735-be2c20024ab7-AppendLogResponseHandler: Failed appendEntries: org.apache.ratis.thirdparty.io.grpc.StatusRuntimeException: UNAVAILABLE: io exception
2019-09-29 11:26:56,116 [grpc-default-executor-28] INFO  impl.FollowerInfo (FollowerInfo.java:lambda$new$0(51)) - c5175ad5-525e-4c2e-832b-1ca15aa9c500@group-C452D2919BED->d7821b28-18a7-4460-b735-be2c20024ab7: nextIndex: updateUnconditionally 16 -> 15
2019-09-29 11:26:56,444 [grpc-default-executor-15] WARN  server.GrpcLogAppender (LogUtils.java:warn(134)) - 266f4e38-b438-4944-8569-530d2ae5f6fc@group-0CD34D698E0C->d7821b28-18a7-4460-b735-be2c20024ab7-AppendLogResponseHandler: Failed appendEntries: org.apache.ratis.thirdparty.io.grpc.StatusRuntimeException: UNAVAILABLE: io exception
2019-09-29 11:26:56,444 [grpc-default-executor-15] INFO  impl.FollowerInfo (FollowerInfo.java:lambda$new$0(51)) - 266f4e38-b438-4944-8569-530d2ae5f6fc@group-0CD34D698E0C->d7821b28-18a7-4460-b735-be2c20024ab7: nextIndex: updateUnconditionally 0 -> 0
2019-09-29 11:26:56,711 [grpc-default-executor-28] WARN  server.GrpcLogAppender (LogUtils.java:warn(134)) - 266f4e38-b438-4944-8569-530d2ae5f6fc@group-086DA515FD7E->d7821b28-18a7-4460-b735-be2c20024ab7-AppendLogResponseHandler: Failed appendEntries: org.apache.ratis.thirdparty.io.grpc.StatusRuntimeException: UNAVAILABLE: io exception
2019-09-29 11:26:56,711 [grpc-default-executor-28] INFO  impl.FollowerInfo (FollowerInfo.java:lambda$new$0(51)) - 266f4e38-b438-4944-8569-530d2ae5f6fc@group-086DA515FD7E->d7821b28-18a7-4460-b735-be2c20024ab7: nextIndex: updateUnconditionally 0 -> 0
2019-09-29 11:26:57,007 [grpc-default-executor-15] WARN  server.GrpcLogAppender (LogUtils.java:warn(134)) - c5175ad5-525e-4c2e-832b-1ca15aa9c500@group-FBE960BC2EDC->d7821b28-18a7-4460-b735-be2c20024ab7-AppendLogResponseHandler: Failed appendEntries: org.apache.ratis.thirdparty.io.grpc.StatusRuntimeException: UNAVAILABLE: io exception
2019-09-29 11:26:57,008 [grpc-default-executor-15] INFO  impl.FollowerInfo (FollowerInfo.java:lambda$new$0(51)) - c5175ad5-525e-4c2e-832b-1ca15aa9c500@group-FBE960BC2EDC->d7821b28-18a7-4460-b735-be2c20024ab7: nextIndex: updateUnconditionally 0 -> 0
2019-09-29 11:26:57,038 [grpc-default-executor-28] WARN  server.GrpcLogAppender (LogUtils.java:warn(134)) - 266f4e38-b438-4944-8569-530d2ae5f6fc@group-ACE69562662B->d7821b28-18a7-4460-b735-be2c20024ab7-AppendLogResponseHandler: Failed appendEntries: org.apache.ratis.thirdparty.io.grpc.StatusRuntimeException: UNAVAILABLE: io exception
2019-09-29 11:26:57,038 [grpc-default-executor-28] INFO  impl.FollowerInfo (FollowerInfo.java:lambda$new$0(51)) - 266f4e38-b438-4944-8569-530d2ae5f6fc@group-ACE69562662B->d7821b28-18a7-4460-b735-be2c20024ab7: nextIndex: updateUnconditionally 0 -> 0
2019-09-29 11:26:57,100 [main] WARN  scm.XceiverClientRatis (XceiverClientRatis.java:watchForCommit(292)) - 3 way commit failed on pipeline Pipeline[ Id: c104329c-7c69-4532-a778-c452d2919bed, Nodes: d7821b28-18a7-4460-b735-be2c20024ab7{ip: 192.168.30.19, host: pr-hdds-1569-lsfh5-224679870, networkLocation: /default-rack, certSerialId: null}c5175ad5-525e-4c2e-832b-1ca15aa9c500{ip: 192.168.30.19, host: pr-hdds-1569-lsfh5-224679870, networkLocation: /default-rack, certSerialId: null}266f4e38-b438-4944-8569-530d2ae5f6fc{ip: 192.168.30.19, host: pr-hdds-1569-lsfh5-224679870, networkLocation: /default-rack, certSerialId: null}, Type:RATIS, Factor:THREE, State:OPEN]
java.util.concurrent.TimeoutException
	at java.util.concurrent.CompletableFuture.timedGet(CompletableFuture.java:1771)
	at java.util.concurrent.CompletableFuture.get(CompletableFuture.java:1915)
	at org.apache.hadoop.hdds.scm.XceiverClientRatis.watchForCommit(XceiverClientRatis.java:289)
	at org.apache.hadoop.hdds.scm.storage.CommitWatcher.watchForCommit(CommitWatcher.java:194)
	at org.apache.hadoop.hdds.scm.storage.CommitWatcher.watchOnLastIndex(CommitWatcher.java:157)
	at org.apache.hadoop.hdds.scm.storage.BlockOutputStream.watchForCommit(BlockOutputStream.java:347)
	at org.apache.hadoop.hdds.scm.storage.BlockOutputStream.handleFlush(BlockOutputStream.java:479)
	at org.apache.hadoop.hdds.scm.storage.BlockOutputStream.close(BlockOutputStream.java:493)
	at org.apache.hadoop.ozone.client.io.BlockOutputStreamEntry.close(BlockOutputStreamEntry.java:143)
	at org.apache.hadoop.ozone.client.io.KeyOutputStream.handleFlushOrClose(KeyOutputStream.java:439)
	at org.apache.hadoop.ozone.client.io.KeyOutputStream.handleWrite(KeyOutputStream.java:232)
	at org.apache.hadoop.ozone.client.io.KeyOutputStream.write(KeyOutputStream.java:190)
	at org.apache.hadoop.ozone.client.io.OzoneOutputStream.write(OzoneOutputStream.java:49)
	at java.io.OutputStream.write(OutputStream.java:75)
	at org.apache.hadoop.ozone.client.rpc.TestBlockOutputStreamWithFailures.testWatchForCommitDatanodeFailure(TestBlockOutputStreamWithFailures.java:363)
	at sun.reflect.NativeMethodAccessorImpl.invoke0(Native Method)
	at sun.reflect.NativeMethodAccessorImpl.invoke(NativeMethodAccessorImpl.java:62)
	at sun.reflect.DelegatingMethodAccessorImpl.invoke(DelegatingMethodAccessorImpl.java:43)
	at java.lang.reflect.Method.invoke(Method.java:498)
	at org.junit.runners.model.FrameworkMethod$1.runReflectiveCall(FrameworkMethod.java:47)
	at org.junit.internal.runners.model.ReflectiveCallable.run(ReflectiveCallable.java:12)
	at org.junit.runners.model.FrameworkMethod.invokeExplosively(FrameworkMethod.java:44)
	at org.junit.internal.runners.statements.InvokeMethod.evaluate(InvokeMethod.java:17)
	at org.junit.internal.runners.statements.RunBefores.evaluate(RunBefores.java:26)
	at org.junit.internal.runners.statements.RunAfters.evaluate(RunAfters.java:27)
	at org.junit.runners.ParentRunner.runLeaf(ParentRunner.java:271)
	at org.junit.runners.BlockJUnit4ClassRunner.runChild(BlockJUnit4ClassRunner.java:70)
	at org.junit.runners.BlockJUnit4ClassRunner.runChild(BlockJUnit4ClassRunner.java:50)
	at org.junit.runners.ParentRunner$3.run(ParentRunner.java:238)
	at org.junit.runners.ParentRunner$1.schedule(ParentRunner.java:63)
	at org.junit.runners.ParentRunner.runChildren(ParentRunner.java:236)
	at org.junit.runners.ParentRunner.access$000(ParentRunner.java:53)
	at org.junit.runners.ParentRunner$2.evaluate(ParentRunner.java:229)
	at org.junit.runners.ParentRunner.run(ParentRunner.java:309)
	at org.apache.maven.surefire.junit4.JUnit4Provider.execute(JUnit4Provider.java:365)
	at org.apache.maven.surefire.junit4.JUnit4Provider.executeWithRerun(JUnit4Provider.java:273)
	at org.apache.maven.surefire.junit4.JUnit4Provider.executeTestSet(JUnit4Provider.java:238)
	at org.apache.maven.surefire.junit4.JUnit4Provider.invoke(JUnit4Provider.java:159)
	at org.apache.maven.surefire.booter.ForkedBooter.invokeProviderInSameClassLoader(ForkedBooter.java:384)
	at org.apache.maven.surefire.booter.ForkedBooter.runSuitesInProcess(ForkedBooter.java:345)
	at org.apache.maven.surefire.booter.ForkedBooter.execute(ForkedBooter.java:126)
	at org.apache.maven.surefire.booter.ForkedBooter.main(ForkedBooter.java:418)
2019-09-29 11:26:57,106 [main] INFO  scm.XceiverClientRatis (XceiverClientRatis.java:lambda$watchForCommit$7(310)) - Could not commit index 21 on pipeline Pipeline[ Id: c104329c-7c69-4532-a778-c452d2919bed, Nodes: d7821b28-18a7-4460-b735-be2c20024ab7{ip: 192.168.30.19, host: pr-hdds-1569-lsfh5-224679870, networkLocation: /default-rack, certSerialId: null}c5175ad5-525e-4c2e-832b-1ca15aa9c500{ip: 192.168.30.19, host: pr-hdds-1569-lsfh5-224679870, networkLocation: /default-rack, certSerialId: null}266f4e38-b438-4944-8569-530d2ae5f6fc{ip: 192.168.30.19, host: pr-hdds-1569-lsfh5-224679870, networkLocation: /default-rack, certSerialId: null}, Type:RATIS, Factor:THREE, State:OPEN] to all the nodes. Server d7821b28-18a7-4460-b735-be2c20024ab7 has failed. Committed by majority.
2019-09-29 11:26:57,107 [main] WARN  storage.BlockOutputStream (BlockOutputStream.java:watchForCommit(353)) - Failed to commit BlockId conID: 1 locID: 102875555433283596 bcsId: 21 on Pipeline[ Id: c104329c-7c69-4532-a778-c452d2919bed, Nodes: d7821b28-18a7-4460-b735-be2c20024ab7{ip: 192.168.30.19, host: pr-hdds-1569-lsfh5-224679870, networkLocation: /default-rack, certSerialId: null}c5175ad5-525e-4c2e-832b-1ca15aa9c500{ip: 192.168.30.19, host: pr-hdds-1569-lsfh5-224679870, networkLocation: /default-rack, certSerialId: null}266f4e38-b438-4944-8569-530d2ae5f6fc{ip: 192.168.30.19, host: pr-hdds-1569-lsfh5-224679870, networkLocation: /default-rack, certSerialId: null}, Type:RATIS, Factor:THREE, State:OPEN]. Failed nodes: [d7821b28-18a7-4460-b735-be2c20024ab7{ip: null, host: null, networkLocation: /default-rack, certSerialId: null}]
2019-09-29 11:26:57,137 [IPC Server handler 7 on 43889] WARN  block.BlockManagerImpl (BlockManagerImpl.java:allocateBlock(192)) - Pipeline creation failed for type:RATIS factor:THREE. Datanodes may be used up.
org.apache.hadoop.hdds.scm.exceptions.SCMException: Pipeline number meets the limit: 14
	at org.apache.hadoop.hdds.scm.pipeline.SCMPipelineManager.createPipeline(SCMPipelineManager.java:174)
	at org.apache.hadoop.hdds.scm.block.BlockManagerImpl.allocateBlock(BlockManagerImpl.java:190)
	at org.apache.hadoop.hdds.scm.server.SCMBlockProtocolServer.allocateBlock(SCMBlockProtocolServer.java:182)
	at org.apache.hadoop.ozone.protocolPB.ScmBlockLocationProtocolServerSideTranslatorPB.allocateScmBlock(ScmBlockLocationProtocolServerSideTranslatorPB.java:183)
	at org.apache.hadoop.ozone.protocolPB.ScmBlockLocationProtocolServerSideTranslatorPB.processMessage(ScmBlockLocationProtocolServerSideTranslatorPB.java:141)
	at org.apache.hadoop.ozone.protocolPB.ScmBlockLocationProtocolServerSideTranslatorPB.send(ScmBlockLocationProtocolServerSideTranslatorPB.java:116)
	at org.apache.hadoop.hdds.protocol.proto.ScmBlockLocationProtocolProtos$ScmBlockLocationProtocolService$2.callBlockingMethod(ScmBlockLocationProtocolProtos.java:13157)
	at org.apache.hadoop.ipc.ProtobufRpcEngine$Server$ProtoBufRpcInvoker.call(ProtobufRpcEngine.java:524)
	at org.apache.hadoop.ipc.RPC$Server.call(RPC.java:1025)
	at org.apache.hadoop.ipc.Server$RpcCall.run(Server.java:876)
	at org.apache.hadoop.ipc.Server$RpcCall.run(Server.java:822)
	at java.security.AccessController.doPrivileged(Native Method)
	at javax.security.auth.Subject.doAs(Subject.java:422)
	at org.apache.hadoop.security.UserGroupInformation.doAs(UserGroupInformation.java:1730)
	at org.apache.hadoop.ipc.Server$Handler.run(Server.java:2682)
2019-09-29 11:26:57,138 [IPC Server handler 7 on 43889] ERROR block.BlockManagerImpl (BlockManagerImpl.java:allocateBlock(226)) - Unable to allocate a block for the size: 800, type: RATIS, factor: THREE
2019-09-29 11:26:57,139 [main] ERROR io.BlockOutputStreamEntryPool (BlockOutputStreamEntryPool.java:allocateBlockIfNeeded(299)) - Try to allocate more blocks for write failed, already allocated 0 blocks for this write.
INTERNAL_ERROR org.apache.hadoop.ozone.om.exceptions.OMException: Allocated 0 blocks. Requested 1 blocks
	at org.apache.hadoop.ozone.om.protocolPB.OzoneManagerProtocolClientSideTranslatorPB.handleError(OzoneManagerProtocolClientSideTranslatorPB.java:732)
	at org.apache.hadoop.ozone.om.protocolPB.OzoneManagerProtocolClientSideTranslatorPB.allocateBlock(OzoneManagerProtocolClientSideTranslatorPB.java:764)
	at sun.reflect.NativeMethodAccessorImpl.invoke0(Native Method)
	at sun.reflect.NativeMethodAccessorImpl.invoke(NativeMethodAccessorImpl.java:62)
	at sun.reflect.DelegatingMethodAccessorImpl.invoke(DelegatingMethodAccessorImpl.java:43)
	at java.lang.reflect.Method.invoke(Method.java:498)
	at org.apache.hadoop.hdds.tracing.TraceAllMethod.invoke(TraceAllMethod.java:66)
	at com.sun.proxy.$Proxy37.allocateBlock(Unknown Source)
	at org.apache.hadoop.ozone.client.io.BlockOutputStreamEntryPool.allocateNewBlock(BlockOutputStreamEntryPool.java:248)
	at org.apache.hadoop.ozone.client.io.BlockOutputStreamEntryPool.allocateBlockIfNeeded(BlockOutputStreamEntryPool.java:296)
	at org.apache.hadoop.ozone.client.io.KeyOutputStream.handleWrite(KeyOutputStream.java:198)
	at org.apache.hadoop.ozone.client.io.KeyOutputStream.write(KeyOutputStream.java:190)
	at org.apache.hadoop.ozone.client.io.OzoneOutputStream.write(OzoneOutputStream.java:49)
	at java.io.OutputStream.write(OutputStream.java:75)
	at org.apache.hadoop.ozone.client.rpc.TestBlockOutputStreamWithFailures.testWatchForCommitDatanodeFailure(TestBlockOutputStreamWithFailures.java:363)
	at sun.reflect.NativeMethodAccessorImpl.invoke0(Native Method)
	at sun.reflect.NativeMethodAccessorImpl.invoke(NativeMethodAccessorImpl.java:62)
	at sun.reflect.DelegatingMethodAccessorImpl.invoke(DelegatingMethodAccessorImpl.java:43)
	at java.lang.reflect.Method.invoke(Method.java:498)
	at org.junit.runners.model.FrameworkMethod$1.runReflectiveCall(FrameworkMethod.java:47)
	at org.junit.internal.runners.model.ReflectiveCallable.run(ReflectiveCallable.java:12)
	at org.junit.runners.model.FrameworkMethod.invokeExplosively(FrameworkMethod.java:44)
	at org.junit.internal.runners.statements.InvokeMethod.evaluate(InvokeMethod.java:17)
	at org.junit.internal.runners.statements.RunBefores.evaluate(RunBefores.java:26)
	at org.junit.internal.runners.statements.RunAfters.evaluate(RunAfters.java:27)
	at org.junit.runners.ParentRunner.runLeaf(ParentRunner.java:271)
	at org.junit.runners.BlockJUnit4ClassRunner.runChild(BlockJUnit4ClassRunner.java:70)
	at org.junit.runners.BlockJUnit4ClassRunner.runChild(BlockJUnit4ClassRunner.java:50)
	at org.junit.runners.ParentRunner$3.run(ParentRunner.java:238)
	at org.junit.runners.ParentRunner$1.schedule(ParentRunner.java:63)
	at org.junit.runners.ParentRunner.runChildren(ParentRunner.java:236)
	at org.junit.runners.ParentRunner.access$000(ParentRunner.java:53)
	at org.junit.runners.ParentRunner$2.evaluate(ParentRunner.java:229)
	at org.junit.runners.ParentRunner.run(ParentRunner.java:309)
	at org.apache.maven.surefire.junit4.JUnit4Provider.execute(JUnit4Provider.java:365)
	at org.apache.maven.surefire.junit4.JUnit4Provider.executeWithRerun(JUnit4Provider.java:273)
	at org.apache.maven.surefire.junit4.JUnit4Provider.executeTestSet(JUnit4Provider.java:238)
	at org.apache.maven.surefire.junit4.JUnit4Provider.invoke(JUnit4Provider.java:159)
	at org.apache.maven.surefire.booter.ForkedBooter.invokeProviderInSameClassLoader(ForkedBooter.java:384)
	at org.apache.maven.surefire.booter.ForkedBooter.runSuitesInProcess(ForkedBooter.java:345)
	at org.apache.maven.surefire.booter.ForkedBooter.execute(ForkedBooter.java:126)
	at org.apache.maven.surefire.booter.ForkedBooter.main(ForkedBooter.java:418)
2019-09-29 11:26:57,140 [main] INFO  ozone.MiniOzoneClusterImpl (MiniOzoneClusterImpl.java:shutdown(314)) - Shutting down the Mini Ozone Cluster
2019-09-29 11:26:57,140 [main] INFO  ozone.MiniOzoneClusterImpl (MiniOzoneClusterImpl.java:stop(330)) - Stopping the Mini Ozone Cluster
2019-09-29 11:26:57,140 [main] INFO  ozone.MiniOzoneClusterImpl (MiniOzoneClusterImpl.java:stopOM(400)) - Stopping the OzoneManager
2019-09-29 11:26:57,141 [main] INFO  ipc.Server (Server.java:stop(3082)) - Stopping server on 36905
2019-09-29 11:26:57,177 [IPC Server listener on 36905] INFO  ipc.Server (Server.java:run(1185)) - Stopping IPC Server listener on 36905
2019-09-29 11:26:57,177 [main] INFO  ratis.OzoneManagerDoubleBuffer (OzoneManagerDoubleBuffer.java:stop(248)) - Stopping OMDoubleBuffer flush thread
2019-09-29 11:26:57,177 [grpc-default-executor-19] WARN  server.GrpcLogAppender (LogUtils.java:warn(134)) - c5175ad5-525e-4c2e-832b-1ca15aa9c500@group-8E5314906F1B->d7821b28-18a7-4460-b735-be2c20024ab7-AppendLogResponseHandler: Failed appendEntries: org.apache.ratis.thirdparty.io.grpc.StatusRuntimeException: UNAVAILABLE: io exception
2019-09-29 11:26:57,177 [IPC Server Responder] INFO  ipc.Server (Server.java:run(1319)) - Stopping IPC Server Responder
2019-09-29 11:26:57,180 [grpc-default-executor-19] INFO  impl.FollowerInfo (FollowerInfo.java:lambda$new$0(51)) - c5175ad5-525e-4c2e-832b-1ca15aa9c500@group-8E5314906F1B->d7821b28-18a7-4460-b735-be2c20024ab7: nextIndex: updateUnconditionally 0 -> 0
2019-09-29 11:26:57,180 [OMDoubleBufferFlushThread] INFO  ratis.OzoneManagerDoubleBuffer (OzoneManagerDoubleBuffer.java:flushTransactions(191)) - OMDoubleBuffer flush thread OMDoubleBufferFlushThread is interrupted and will exit. OMDoubleBufferFlushThread
2019-09-29 11:26:57,181 [main] INFO  utils.BackgroundService (BackgroundService.java:shutdown(148)) - Shutting down service KeyDeletingService
2019-09-29 11:26:57,183 [main] INFO  handler.ContextHandler (ContextHandler.java:doStop(910)) - Stopped o.e.j.w.WebAppContext@1e2445f6{/,null,UNAVAILABLE}{/ozoneManager}
2019-09-29 11:26:57,183 [main] INFO  server.AbstractConnector (AbstractConnector.java:doStop(318)) - Stopped ServerConnector@17ec335a{HTTP/1.1,[http/1.1]}{0.0.0.0:0}
2019-09-29 11:26:57,184 [main] INFO  handler.ContextHandler (ContextHandler.java:doStop(910)) - Stopped o.e.j.s.ServletContextHandler@a3cba3a{/static,file:///workdir/hadoop-ozone/integration-test/target/test-classes/webapps/static,UNAVAILABLE}
2019-09-29 11:26:57,184 [main] INFO  handler.ContextHandler (ContextHandler.java:doStop(910)) - Stopped o.e.j.s.ServletContextHandler@33eb0d4{/logs,file:///workdir/hadoop-ozone/integration-test/target/log,UNAVAILABLE}
2019-09-29 11:26:57,188 [main] INFO  ozone.MiniOzoneClusterImpl (MiniOzoneClusterImpl.java:stopDatanodes(377)) - Stopping the HddsDatanodes
2019-09-29 11:26:57,190 [grpc-default-executor-15] WARN  server.GrpcLogAppender (LogUtils.java:warn(134)) - c5175ad5-525e-4c2e-832b-1ca15aa9c500@group-92AA78341D71->d7821b28-18a7-4460-b735-be2c20024ab7-AppendLogResponseHandler: Failed appendEntries: org.apache.ratis.thirdparty.io.grpc.StatusRuntimeException: UNAVAILABLE: io exception
2019-09-29 11:26:57,191 [grpc-default-executor-15] INFO  impl.FollowerInfo (FollowerInfo.java:lambda$new$0(51)) - c5175ad5-525e-4c2e-832b-1ca15aa9c500@group-92AA78341D71->d7821b28-18a7-4460-b735-be2c20024ab7: nextIndex: updateUnconditionally 0 -> 0
2019-09-29 11:26:57,562 [Datanode State Machine Thread - 0] INFO  statemachine.DatanodeStateMachine (DatanodeStateMachine.java:lambda$startDaemon$0(350)) - Ozone container server started.
2019-09-29 11:26:57,792 [Datanode State Machine Thread - 0] INFO  statemachine.DatanodeStateMachine (DatanodeStateMachine.java:lambda$startDaemon$0(350)) - Ozone container server started.
2019-09-29 11:26:58,592 [grpc-default-executor-28] WARN  server.GrpcLogAppender (LogUtils.java:warn(134)) - c5175ad5-525e-4c2e-832b-1ca15aa9c500@group-C452D2919BED->d7821b28-18a7-4460-b735-be2c20024ab7-AppendLogResponseHandler: Failed appendEntries: org.apache.ratis.thirdparty.io.grpc.StatusRuntimeException: UNAVAILABLE: io exception
2019-09-29 11:26:58,592 [grpc-default-executor-28] INFO  impl.FollowerInfo (FollowerInfo.java:lambda$new$0(51)) - c5175ad5-525e-4c2e-832b-1ca15aa9c500@group-C452D2919BED->d7821b28-18a7-4460-b735-be2c20024ab7: nextIndex: updateUnconditionally 16 -> 15
2019-09-29 11:26:58,603 [grpc-default-executor-19] WARN  server.GrpcLogAppender (LogUtils.java:warn(134)) - c5175ad5-525e-4c2e-832b-1ca15aa9c500@group-C452D2919BED->d7821b28-18a7-4460-b735-be2c20024ab7-AppendLogResponseHandler: Failed appendEntries: org.apache.ratis.thirdparty.io.grpc.StatusRuntimeException: UNAVAILABLE: io exception
2019-09-29 11:26:58,603 [grpc-default-executor-19] INFO  impl.FollowerInfo (FollowerInfo.java:lambda$new$0(51)) - c5175ad5-525e-4c2e-832b-1ca15aa9c500@group-C452D2919BED->d7821b28-18a7-4460-b735-be2c20024ab7: nextIndex: updateUnconditionally 16 -> 15
2019-09-29 11:26:58,615 [grpc-default-executor-19] WARN  server.GrpcLogAppender (LogUtils.java:warn(134)) - c5175ad5-525e-4c2e-832b-1ca15aa9c500@group-C452D2919BED->d7821b28-18a7-4460-b735-be2c20024ab7-AppendLogResponseHandler: Failed appendEntries: org.apache.ratis.thirdparty.io.grpc.StatusRuntimeException: UNAVAILABLE: io exception
2019-09-29 11:26:58,615 [grpc-default-executor-19] INFO  impl.FollowerInfo (FollowerInfo.java:lambda$new$0(51)) - c5175ad5-525e-4c2e-832b-1ca15aa9c500@group-C452D2919BED->d7821b28-18a7-4460-b735-be2c20024ab7: nextIndex: updateUnconditionally 16 -> 15
2019-09-29 11:26:58,617 [RatisApplyTransactionExecutor 1] INFO  interfaces.Container (KeyValueContainer.java:flushAndSyncDB(386)) - Container 1 is synced with bcsId 21.
2019-09-29 11:26:58,617 [RatisApplyTransactionExecutor 1] INFO  interfaces.Container (KeyValueContainer.java:flushAndSyncDB(386)) - Container 1 is synced with bcsId 21.
2019-09-29 11:26:58,638 [RatisApplyTransactionExecutor 1] INFO  interfaces.Container (KeyValueContainer.java:close(335)) - Container 1 is closed with bcsId 21.
2019-09-29 11:26:58,639 [EventQueue-IncrementalContainerReportForIncrementalContainerReportHandler] INFO  container.IncrementalContainerReportHandler (AbstractContainerReportHandler.java:updateContainerState(176)) - Moving container #1 to CLOSED state, datanode c5175ad5-525e-4c2e-832b-1ca15aa9c500{ip: 192.168.30.19, host: pr-hdds-1569-lsfh5-224679870, networkLocation: /default-rack, certSerialId: null} reported CLOSED replica.
2019-09-29 11:26:58,651 [RatisApplyTransactionExecutor 1] INFO  interfaces.Container (KeyValueContainer.java:flushAndSyncDB(386)) - Container 1 is synced with bcsId 21.
2019-09-29 11:26:58,651 [RatisApplyTransactionExecutor 1] INFO  interfaces.Container (KeyValueContainer.java:flushAndSyncDB(386)) - Container 1 is synced with bcsId 21.
2019-09-29 11:26:58,675 [RatisApplyTransactionExecutor 1] INFO  interfaces.Container (KeyValueContainer.java:close(335)) - Container 1 is closed with bcsId 21.
2019-09-29 11:26:58,944 [grpc-default-executor-26] WARN  server.GrpcLogAppender (LogUtils.java:warn(134)) - 266f4e38-b438-4944-8569-530d2ae5f6fc@group-0CD34D698E0C->d7821b28-18a7-4460-b735-be2c20024ab7-AppendLogResponseHandler: Failed appendEntries: org.apache.ratis.thirdparty.io.grpc.StatusRuntimeException: UNAVAILABLE: io exception
2019-09-29 11:26:58,944 [grpc-default-executor-26] INFO  impl.FollowerInfo (FollowerInfo.java:lambda$new$0(51)) - 266f4e38-b438-4944-8569-530d2ae5f6fc@group-0CD34D698E0C->d7821b28-18a7-4460-b735-be2c20024ab7: nextIndex: updateUnconditionally 0 -> 0
2019-09-29 11:26:59,212 [grpc-default-executor-15] WARN  server.GrpcLogAppender (LogUtils.java:warn(134)) - 266f4e38-b438-4944-8569-530d2ae5f6fc@group-086DA515FD7E->d7821b28-18a7-4460-b735-be2c20024ab7-AppendLogResponseHandler: Failed appendEntries: org.apache.ratis.thirdparty.io.grpc.StatusRuntimeException: UNAVAILABLE: io exception
2019-09-29 11:26:59,212 [grpc-default-executor-15] INFO  impl.FollowerInfo (FollowerInfo.java:lambda$new$0(51)) - 266f4e38-b438-4944-8569-530d2ae5f6fc@group-086DA515FD7E->d7821b28-18a7-4460-b735-be2c20024ab7: nextIndex: updateUnconditionally 0 -> 0
2019-09-29 11:26:59,508 [grpc-default-executor-19] WARN  server.GrpcLogAppender (LogUtils.java:warn(134)) - c5175ad5-525e-4c2e-832b-1ca15aa9c500@group-FBE960BC2EDC->d7821b28-18a7-4460-b735-be2c20024ab7-AppendLogResponseHandler: Failed appendEntries: org.apache.ratis.thirdparty.io.grpc.StatusRuntimeException: UNAVAILABLE: io exception
2019-09-29 11:26:59,508 [grpc-default-executor-19] INFO  impl.FollowerInfo (FollowerInfo.java:lambda$new$0(51)) - c5175ad5-525e-4c2e-832b-1ca15aa9c500@group-FBE960BC2EDC->d7821b28-18a7-4460-b735-be2c20024ab7: nextIndex: updateUnconditionally 0 -> 0
2019-09-29 11:26:59,540 [grpc-default-executor-15] WARN  server.GrpcLogAppender (LogUtils.java:warn(134)) - 266f4e38-b438-4944-8569-530d2ae5f6fc@group-ACE69562662B->d7821b28-18a7-4460-b735-be2c20024ab7-AppendLogResponseHandler: Failed appendEntries: org.apache.ratis.thirdparty.io.grpc.StatusRuntimeException: UNAVAILABLE: io exception
2019-09-29 11:26:59,540 [grpc-default-executor-15] INFO  impl.FollowerInfo (FollowerInfo.java:lambda$new$0(51)) - 266f4e38-b438-4944-8569-530d2ae5f6fc@group-ACE69562662B->d7821b28-18a7-4460-b735-be2c20024ab7: nextIndex: updateUnconditionally 0 -> 0
2019-09-29 11:26:59,599 [Thread-6261] INFO  impl.FollowerState (FollowerState.java:run(106)) - 266f4e38-b438-4944-8569-530d2ae5f6fc:group-253DF9B988BF changes to CANDIDATE, lastRpcTime:5091, electionTimeout:5043ms
2019-09-29 11:26:59,599 [Thread-6261] INFO  impl.RoleInfo (RoleInfo.java:shutdownFollowerState(121)) - 266f4e38-b438-4944-8569-530d2ae5f6fc: shutdown FollowerState
2019-09-29 11:26:59,599 [Thread-6261] INFO  impl.RaftServerImpl (RaftServerImpl.java:setRole(174)) - 266f4e38-b438-4944-8569-530d2ae5f6fc@group-253DF9B988BF: changes role from  FOLLOWER to CANDIDATE at term 2 for changeToCandidate
2019-09-29 11:26:59,599 [Thread-6261] INFO  impl.RoleInfo (RoleInfo.java:updateAndGet(143)) - 266f4e38-b438-4944-8569-530d2ae5f6fc: start LeaderElection
2019-09-29 11:26:59,600 [266f4e38-b438-4944-8569-530d2ae5f6fc@group-253DF9B988BF:LeaderElection144] INFO  impl.RaftServerImpl (ServerState.java:setLeader(253)) - 266f4e38-b438-4944-8569-530d2ae5f6fc@group-253DF9B988BF: change Leader from d7821b28-18a7-4460-b735-be2c20024ab7 to null at term 2 for initElection
2019-09-29 11:26:59,624 [266f4e38-b438-4944-8569-530d2ae5f6fc@group-253DF9B988BF:LeaderElection144] INFO  impl.LeaderElection (LeaderElection.java:askForVotes(182)) - 266f4e38-b438-4944-8569-530d2ae5f6fc@group-253DF9B988BF:LeaderElection144: begin an election at term 3 for 0: [266f4e38-b438-4944-8569-530d2ae5f6fc:192.168.30.19:46645, d7821b28-18a7-4460-b735-be2c20024ab7:192.168.30.19:45148, c5175ad5-525e-4c2e-832b-1ca15aa9c500:192.168.30.19:40504], old=null
2019-09-29 11:26:59,626 [266f4e38-b438-4944-8569-530d2ae5f6fc@group-253DF9B988BF:LeaderElection144] INFO  impl.LeaderElection (LogUtils.java:infoOrTrace(149)) - 266f4e38-b438-4944-8569-530d2ae5f6fc@group-253DF9B988BF:LeaderElection144 got exception when requesting votes: {}
java.util.concurrent.ExecutionException: org.apache.ratis.thirdparty.io.grpc.StatusRuntimeException: UNAVAILABLE: io exception
	at java.util.concurrent.FutureTask.report(FutureTask.java:122)
	at java.util.concurrent.FutureTask.get(FutureTask.java:192)
	at org.apache.ratis.server.impl.LeaderElection.waitForResults(LeaderElection.java:263)
	at org.apache.ratis.server.impl.LeaderElection.askForVotes(LeaderElection.java:201)
	at org.apache.ratis.server.impl.LeaderElection.run(LeaderElection.java:133)
	at java.lang.Thread.run(Thread.java:748)
Caused by: org.apache.ratis.thirdparty.io.grpc.StatusRuntimeException: UNAVAILABLE: io exception
	at org.apache.ratis.thirdparty.io.grpc.stub.ClientCalls.toStatusRuntimeException(ClientCalls.java:233)
	at org.apache.ratis.thirdparty.io.grpc.stub.ClientCalls.getUnchecked(ClientCalls.java:214)
	at org.apache.ratis.thirdparty.io.grpc.stub.ClientCalls.blockingUnaryCall(ClientCalls.java:139)
	at org.apache.ratis.proto.grpc.RaftServerProtocolServiceGrpc$RaftServerProtocolServiceBlockingStub.requestVote(RaftServerProtocolServiceGrpc.java:265)
	at org.apache.ratis.grpc.server.GrpcServerProtocolClient.requestVote(GrpcServerProtocolClient.java:90)
	at org.apache.ratis.grpc.server.GrpcService.requestVote(GrpcService.java:204)
	at org.apache.ratis.server.impl.LeaderElection.lambda$submitRequests$1(LeaderElection.java:238)
	at java.util.concurrent.FutureTask.run(FutureTask.java:266)
	at java.util.concurrent.Executors$RunnableAdapter.call(Executors.java:511)
	at java.util.concurrent.FutureTask.run(FutureTask.java:266)
	at java.util.concurrent.ThreadPoolExecutor.runWorker(ThreadPoolExecutor.java:1149)
	at java.util.concurrent.ThreadPoolExecutor$Worker.run(ThreadPoolExecutor.java:624)
	... 1 more
Caused by: org.apache.ratis.thirdparty.io.netty.channel.AbstractChannel$AnnotatedConnectException: Connection refused: /192.168.30.19:45148
	at sun.nio.ch.SocketChannelImpl.checkConnect(Native Method)
	at sun.nio.ch.SocketChannelImpl.finishConnect(SocketChannelImpl.java:717)
	at org.apache.ratis.thirdparty.io.netty.channel.socket.nio.NioSocketChannel.doFinishConnect(NioSocketChannel.java:327)
	at org.apache.ratis.thirdparty.io.netty.channel.nio.AbstractNioChannel$AbstractNioUnsafe.finishConnect(AbstractNioChannel.java:340)
	at org.apache.ratis.thirdparty.io.netty.channel.nio.NioEventLoop.processSelectedKey(NioEventLoop.java:632)
	at org.apache.ratis.thirdparty.io.netty.channel.nio.NioEventLoop.processSelectedKeysOptimized(NioEventLoop.java:579)
	at org.apache.ratis.thirdparty.io.netty.channel.nio.NioEventLoop.processSelectedKeys(NioEventLoop.java:496)
	at org.apache.ratis.thirdparty.io.netty.channel.nio.NioEventLoop.run(NioEventLoop.java:458)
	at org.apache.ratis.thirdparty.io.netty.util.concurrent.SingleThreadEventExecutor$5.run(SingleThreadEventExecutor.java:897)
	at org.apache.ratis.thirdparty.io.netty.util.concurrent.FastThreadLocalRunnable.run(FastThreadLocalRunnable.java:30)
	... 1 more
Caused by: java.net.ConnectException: Connection refused
	... 11 more
2019-09-29 11:26:59,626 [grpc-default-executor-15] INFO  impl.RaftServerImpl (ServerState.java:setLeader(253)) - c5175ad5-525e-4c2e-832b-1ca15aa9c500@group-253DF9B988BF: change Leader from d7821b28-18a7-4460-b735-be2c20024ab7 to null at term 3 for updateCurrentTerm
2019-09-29 11:26:59,629 [grpc-default-executor-15] INFO  impl.RaftServerImpl (RaftServerImpl.java:setRole(174)) - c5175ad5-525e-4c2e-832b-1ca15aa9c500@group-253DF9B988BF: changes role from  FOLLOWER to FOLLOWER at term 3 for recognizeCandidate:266f4e38-b438-4944-8569-530d2ae5f6fc
2019-09-29 11:26:59,629 [grpc-default-executor-15] INFO  impl.RoleInfo (RoleInfo.java:shutdownFollowerState(121)) - c5175ad5-525e-4c2e-832b-1ca15aa9c500: shutdown FollowerState
2019-09-29 11:26:59,629 [grpc-default-executor-15] INFO  impl.RoleInfo (RoleInfo.java:updateAndGet(143)) - c5175ad5-525e-4c2e-832b-1ca15aa9c500: start FollowerState
2019-09-29 11:26:59,629 [Thread-6248] INFO  impl.FollowerState (FollowerState.java:run(115)) - c5175ad5-525e-4c2e-832b-1ca15aa9c500: FollowerState was interrupted: java.lang.InterruptedException: sleep interrupted
2019-09-29 11:26:59,653 [266f4e38-b438-4944-8569-530d2ae5f6fc@group-253DF9B988BF:LeaderElection144] INFO  impl.LeaderElection (LeaderElection.java:logAndReturn(56)) - 266f4e38-b438-4944-8569-530d2ae5f6fc@group-253DF9B988BF:LeaderElection144: Election PASSED; received 1 response(s) [266f4e38-b438-4944-8569-530d2ae5f6fc<-c5175ad5-525e-4c2e-832b-1ca15aa9c500#0:OK-t3] and 1 exception(s); 266f4e38-b438-4944-8569-530d2ae5f6fc@group-253DF9B988BF:t3, leader=null, voted=266f4e38-b438-4944-8569-530d2ae5f6fc, raftlog=266f4e38-b438-4944-8569-530d2ae5f6fc@group-253DF9B988BF-SegmentedRaftLog:OPENED:c0,f0,i0, conf=0: [266f4e38-b438-4944-8569-530d2ae5f6fc:192.168.30.19:46645, d7821b28-18a7-4460-b735-be2c20024ab7:192.168.30.19:45148, c5175ad5-525e-4c2e-832b-1ca15aa9c500:192.168.30.19:40504], old=null
2019-09-29 11:26:59,653 [266f4e38-b438-4944-8569-530d2ae5f6fc@group-253DF9B988BF:LeaderElection144] INFO  impl.LeaderElection (LogUtils.java:infoOrTrace(149)) -   Exception 0: {}
java.util.concurrent.ExecutionException: org.apache.ratis.thirdparty.io.grpc.StatusRuntimeException: UNAVAILABLE: io exception
	at java.util.concurrent.FutureTask.report(FutureTask.java:122)
	at java.util.concurrent.FutureTask.get(FutureTask.java:192)
	at org.apache.ratis.server.impl.LeaderElection.waitForResults(LeaderElection.java:263)
	at org.apache.ratis.server.impl.LeaderElection.askForVotes(LeaderElection.java:201)
	at org.apache.ratis.server.impl.LeaderElection.run(LeaderElection.java:133)
	at java.lang.Thread.run(Thread.java:748)
Caused by: org.apache.ratis.thirdparty.io.grpc.StatusRuntimeException: UNAVAILABLE: io exception
	at org.apache.ratis.thirdparty.io.grpc.stub.ClientCalls.toStatusRuntimeException(ClientCalls.java:233)
	at org.apache.ratis.thirdparty.io.grpc.stub.ClientCalls.getUnchecked(ClientCalls.java:214)
	at org.apache.ratis.thirdparty.io.grpc.stub.ClientCalls.blockingUnaryCall(ClientCalls.java:139)
	at org.apache.ratis.proto.grpc.RaftServerProtocolServiceGrpc$RaftServerProtocolServiceBlockingStub.requestVote(RaftServerProtocolServiceGrpc.java:265)
	at org.apache.ratis.grpc.server.GrpcServerProtocolClient.requestVote(GrpcServerProtocolClient.java:90)
	at org.apache.ratis.grpc.server.GrpcService.requestVote(GrpcService.java:204)
	at org.apache.ratis.server.impl.LeaderElection.lambda$submitRequests$1(LeaderElection.java:238)
	at java.util.concurrent.FutureTask.run(FutureTask.java:266)
	at java.util.concurrent.Executors$RunnableAdapter.call(Executors.java:511)
	at java.util.concurrent.FutureTask.run(FutureTask.java:266)
	at java.util.concurrent.ThreadPoolExecutor.runWorker(ThreadPoolExecutor.java:1149)
	at java.util.concurrent.ThreadPoolExecutor$Worker.run(ThreadPoolExecutor.java:624)
	... 1 more
Caused by: org.apache.ratis.thirdparty.io.netty.channel.AbstractChannel$AnnotatedConnectException: Connection refused: /192.168.30.19:45148
	at sun.nio.ch.SocketChannelImpl.checkConnect(Native Method)
	at sun.nio.ch.SocketChannelImpl.finishConnect(SocketChannelImpl.java:717)
	at org.apache.ratis.thirdparty.io.netty.channel.socket.nio.NioSocketChannel.doFinishConnect(NioSocketChannel.java:327)
	at org.apache.ratis.thirdparty.io.netty.channel.nio.AbstractNioChannel$AbstractNioUnsafe.finishConnect(AbstractNioChannel.java:340)
	at org.apache.ratis.thirdparty.io.netty.channel.nio.NioEventLoop.processSelectedKey(NioEventLoop.java:632)
	at org.apache.ratis.thirdparty.io.netty.channel.nio.NioEventLoop.processSelectedKeysOptimized(NioEventLoop.java:579)
	at org.apache.ratis.thirdparty.io.netty.channel.nio.NioEventLoop.processSelectedKeys(NioEventLoop.java:496)
	at org.apache.ratis.thirdparty.io.netty.channel.nio.NioEventLoop.run(NioEventLoop.java:458)
	at org.apache.ratis.thirdparty.io.netty.util.concurrent.SingleThreadEventExecutor$5.run(SingleThreadEventExecutor.java:897)
	at org.apache.ratis.thirdparty.io.netty.util.concurrent.FastThreadLocalRunnable.run(FastThreadLocalRunnable.java:30)
	... 1 more
Caused by: java.net.ConnectException: Connection refused
	... 11 more
2019-09-29 11:26:59,654 [266f4e38-b438-4944-8569-530d2ae5f6fc@group-253DF9B988BF:LeaderElection144] INFO  impl.RoleInfo (RoleInfo.java:shutdownLeaderElection(134)) - 266f4e38-b438-4944-8569-530d2ae5f6fc: shutdown LeaderElection
2019-09-29 11:26:59,654 [266f4e38-b438-4944-8569-530d2ae5f6fc@group-253DF9B988BF:LeaderElection144] INFO  impl.RaftServerImpl (RaftServerImpl.java:setRole(174)) - 266f4e38-b438-4944-8569-530d2ae5f6fc@group-253DF9B988BF: changes role from CANDIDATE to LEADER at term 3 for changeToLeader
2019-09-29 11:26:59,654 [266f4e38-b438-4944-8569-530d2ae5f6fc@group-253DF9B988BF:LeaderElection144] INFO  impl.RaftServerImpl (ServerState.java:setLeader(253)) - 266f4e38-b438-4944-8569-530d2ae5f6fc@group-253DF9B988BF: change Leader from null to 266f4e38-b438-4944-8569-530d2ae5f6fc at term 3 for becomeLeader, leader elected after 54ms
2019-09-29 11:26:59,654 [266f4e38-b438-4944-8569-530d2ae5f6fc@group-253DF9B988BF:LeaderElection144] INFO  server.RaftServerConfigKeys (ConfUtils.java:logGet(43)) - raft.server.staging.catchup.gap = 1000 (default)
2019-09-29 11:26:59,654 [266f4e38-b438-4944-8569-530d2ae5f6fc@group-253DF9B988BF:LeaderElection144] INFO  server.RaftServerConfigKeys (ConfUtils.java:logGet(43)) - raft.server.rpc.sleep.time = 25ms (default)
2019-09-29 11:26:59,654 [266f4e38-b438-4944-8569-530d2ae5f6fc@group-253DF9B988BF:LeaderElection144] INFO  server.RaftServerConfigKeys (ConfUtils.java:logGet(43)) - raft.server.write.element-limit = 4096 (default)
2019-09-29 11:26:59,654 [266f4e38-b438-4944-8569-530d2ae5f6fc@group-253DF9B988BF:LeaderElection144] INFO  server.RaftServerConfigKeys (ConfUtils.java:logGet(43)) - raft.server.watch.timeout = 10s (default)
2019-09-29 11:26:59,655 [266f4e38-b438-4944-8569-530d2ae5f6fc@group-253DF9B988BF:LeaderElection144] INFO  server.RaftServerConfigKeys (ConfUtils.java:logGet(43)) - raft.server.watch.timeout.denomination = 1s (default)
2019-09-29 11:26:59,655 [266f4e38-b438-4944-8569-530d2ae5f6fc@group-253DF9B988BF:LeaderElection144] INFO  server.RaftServerConfigKeys (ConfUtils.java:logGet(43)) - raft.server.watch.element-limit = 65536 (default)
2019-09-29 11:26:59,656 [266f4e38-b438-4944-8569-530d2ae5f6fc@group-253DF9B988BF:LeaderElection144] INFO  server.RaftServerConfigKeys (ConfUtils.java:logGet(43)) - raft.server.log.appender.snapshot.chunk.size.max = 16MB (=16777216) (default)
2019-09-29 11:26:59,657 [266f4e38-b438-4944-8569-530d2ae5f6fc@group-253DF9B988BF:LeaderElection144] INFO  server.RaftServerConfigKeys (ConfUtils.java:logGet(43)) - raft.server.log.appender.buffer.byte-limit = 33554432 (custom)
2019-09-29 11:26:59,657 [266f4e38-b438-4944-8569-530d2ae5f6fc@group-253DF9B988BF:LeaderElection144] INFO  server.RaftServerConfigKeys (ConfUtils.java:logGet(43)) - raft.server.log.appender.buffer.element-limit = 1 (custom)
2019-09-29 11:26:59,657 [266f4e38-b438-4944-8569-530d2ae5f6fc@group-253DF9B988BF:LeaderElection144] INFO  grpc.GrpcConfigKeys$Server (ConfUtils.java:logGet(43)) - raft.grpc.server.leader.outstanding.appends.max = 128 (default)
2019-09-29 11:26:59,657 [266f4e38-b438-4944-8569-530d2ae5f6fc@group-253DF9B988BF:LeaderElection144] INFO  server.RaftServerConfigKeys (ConfUtils.java:logGet(43)) - raft.server.rpc.request.timeout = 3000ms (default)
2019-09-29 11:26:59,657 [266f4e38-b438-4944-8569-530d2ae5f6fc@group-253DF9B988BF:LeaderElection144] INFO  server.RaftServerConfigKeys (ConfUtils.java:logGet(43)) - raft.server.log.appender.install.snapshot.enabled = false (custom)
2019-09-29 11:26:59,657 [266f4e38-b438-4944-8569-530d2ae5f6fc@group-253DF9B988BF:LeaderElection144] INFO  server.RaftServerConfigKeys (ConfUtils.java:logGet(43)) - raft.server.log.appender.snapshot.chunk.size.max = 16MB (=16777216) (default)
2019-09-29 11:26:59,658 [266f4e38-b438-4944-8569-530d2ae5f6fc@group-253DF9B988BF:LeaderElection144] INFO  server.RaftServerConfigKeys (ConfUtils.java:logGet(43)) - raft.server.log.appender.buffer.byte-limit = 33554432 (custom)
2019-09-29 11:26:59,658 [266f4e38-b438-4944-8569-530d2ae5f6fc@group-253DF9B988BF:LeaderElection144] INFO  server.RaftServerConfigKeys (ConfUtils.java:logGet(43)) - raft.server.log.appender.buffer.element-limit = 1 (custom)
2019-09-29 11:26:59,658 [266f4e38-b438-4944-8569-530d2ae5f6fc@group-253DF9B988BF:LeaderElection144] INFO  grpc.GrpcConfigKeys$Server (ConfUtils.java:logGet(43)) - raft.grpc.server.leader.outstanding.appends.max = 128 (default)
2019-09-29 11:26:59,658 [266f4e38-b438-4944-8569-530d2ae5f6fc@group-253DF9B988BF:LeaderElection144] INFO  server.RaftServerConfigKeys (ConfUtils.java:logGet(43)) - raft.server.rpc.request.timeout = 3000ms (default)
2019-09-29 11:26:59,658 [266f4e38-b438-4944-8569-530d2ae5f6fc@group-253DF9B988BF:LeaderElection144] INFO  server.RaftServerConfigKeys (ConfUtils.java:logGet(43)) - raft.server.log.appender.install.snapshot.enabled = false (custom)
2019-09-29 11:26:59,658 [266f4e38-b438-4944-8569-530d2ae5f6fc@group-253DF9B988BF:LeaderElection144] INFO  impl.RoleInfo (RoleInfo.java:updateAndGet(143)) - 266f4e38-b438-4944-8569-530d2ae5f6fc: start LeaderState
2019-09-29 11:26:59,659 [266f4e38-b438-4944-8569-530d2ae5f6fc@group-253DF9B988BF:LeaderElection144] INFO  segmented.SegmentedRaftLogWorker (SegmentedRaftLogWorker.java:rollLogSegment(385)) - 266f4e38-b438-4944-8569-530d2ae5f6fc@group-253DF9B988BF-SegmentedRaftLogWorker: Rolling segment log-0_0 to index:0
2019-09-29 11:26:59,659 [266f4e38-b438-4944-8569-530d2ae5f6fc@group-253DF9B988BF-SegmentedRaftLogWorker] INFO  segmented.SegmentedRaftLogWorker (SegmentedRaftLogWorker.java:execute(526)) - 266f4e38-b438-4944-8569-530d2ae5f6fc@group-253DF9B988BF-SegmentedRaftLogWorker: Rolled log segment from /workdir/hadoop-ozone/integration-test/target/test-dir/MiniOzoneClusterImpl-f848b852-1aaf-4c40-a29c-4c10b1dc7f95/datanode-2/data/ratis/7fecf4fb-f58b-499a-951d-253df9b988bf/current/log_inprogress_0 to /workdir/hadoop-ozone/integration-test/target/test-dir/MiniOzoneClusterImpl-f848b852-1aaf-4c40-a29c-4c10b1dc7f95/datanode-2/data/ratis/7fecf4fb-f58b-499a-951d-253df9b988bf/current/log_0-0
2019-09-29 11:26:59,659 [266f4e38-b438-4944-8569-530d2ae5f6fc@group-253DF9B988BF:LeaderElection144] INFO  impl.RaftServerImpl (ServerState.java:setRaftConf(354)) - 266f4e38-b438-4944-8569-530d2ae5f6fc@group-253DF9B988BF: set configuration 1: [266f4e38-b438-4944-8569-530d2ae5f6fc:192.168.30.19:46645, d7821b28-18a7-4460-b735-be2c20024ab7:192.168.30.19:45148, c5175ad5-525e-4c2e-832b-1ca15aa9c500:192.168.30.19:40504], old=null at 1
2019-09-29 11:26:59,660 [grpc-default-executor-15] WARN  server.GrpcLogAppender (LogUtils.java:warn(134)) - 266f4e38-b438-4944-8569-530d2ae5f6fc@group-253DF9B988BF->d7821b28-18a7-4460-b735-be2c20024ab7-AppendLogResponseHandler: Failed appendEntries: org.apache.ratis.thirdparty.io.grpc.StatusRuntimeException: UNAVAILABLE: io exception
2019-09-29 11:26:59,660 [grpc-default-executor-15] INFO  impl.FollowerInfo (FollowerInfo.java:lambda$new$0(51)) - 266f4e38-b438-4944-8569-530d2ae5f6fc@group-253DF9B988BF->d7821b28-18a7-4460-b735-be2c20024ab7: nextIndex: updateUnconditionally 1 -> 0
2019-09-29 11:26:59,660 [grpc-default-executor-15] INFO  impl.RaftServerImpl (ServerState.java:setLeader(253)) - c5175ad5-525e-4c2e-832b-1ca15aa9c500@group-253DF9B988BF: change Leader from null to 266f4e38-b438-4944-8569-530d2ae5f6fc at term 3 for appendEntries, leader elected after 34ms
2019-09-29 11:26:59,662 [grpc-default-executor-26] INFO  impl.RaftServerImpl (ServerState.java:setRaftConf(354)) - c5175ad5-525e-4c2e-832b-1ca15aa9c500@group-253DF9B988BF: set configuration 1: [266f4e38-b438-4944-8569-530d2ae5f6fc:192.168.30.19:46645, d7821b28-18a7-4460-b735-be2c20024ab7:192.168.30.19:45148, c5175ad5-525e-4c2e-832b-1ca15aa9c500:192.168.30.19:40504], old=null at 1
2019-09-29 11:26:59,662 [grpc-default-executor-26] INFO  segmented.SegmentedRaftLogWorker (SegmentedRaftLogWorker.java:rollLogSegment(385)) - c5175ad5-525e-4c2e-832b-1ca15aa9c500@group-253DF9B988BF-SegmentedRaftLogWorker: Rolling segment log-0_0 to index:0
2019-09-29 11:26:59,662 [grpc-default-executor-28] WARN  server.GrpcLogAppender (LogUtils.java:warn(134)) - c5175ad5-525e-4c2e-832b-1ca15aa9c500@group-8E5314906F1B->d7821b28-18a7-4460-b735-be2c20024ab7-AppendLogResponseHandler: Failed appendEntries: org.apache.ratis.thirdparty.io.grpc.StatusRuntimeException: UNAVAILABLE: io exception
2019-09-29 11:26:59,663 [grpc-default-executor-28] INFO  impl.FollowerInfo (FollowerInfo.java:lambda$new$0(51)) - c5175ad5-525e-4c2e-832b-1ca15aa9c500@group-8E5314906F1B->d7821b28-18a7-4460-b735-be2c20024ab7: nextIndex: updateUnconditionally 0 -> 0
2019-09-29 11:26:59,663 [c5175ad5-525e-4c2e-832b-1ca15aa9c500@group-253DF9B988BF-SegmentedRaftLogWorker] INFO  segmented.SegmentedRaftLogWorker (SegmentedRaftLogWorker.java:execute(526)) - c5175ad5-525e-4c2e-832b-1ca15aa9c500@group-253DF9B988BF-SegmentedRaftLogWorker: Rolled log segment from /workdir/hadoop-ozone/integration-test/target/test-dir/MiniOzoneClusterImpl-f848b852-1aaf-4c40-a29c-4c10b1dc7f95/datanode-3/data/ratis/7fecf4fb-f58b-499a-951d-253df9b988bf/current/log_inprogress_0 to /workdir/hadoop-ozone/integration-test/target/test-dir/MiniOzoneClusterImpl-f848b852-1aaf-4c40-a29c-4c10b1dc7f95/datanode-3/data/ratis/7fecf4fb-f58b-499a-951d-253df9b988bf/current/log_0-0
2019-09-29 11:26:59,691 [grpc-default-executor-19] WARN  server.GrpcLogAppender (LogUtils.java:warn(134)) - c5175ad5-525e-4c2e-832b-1ca15aa9c500@group-92AA78341D71->d7821b28-18a7-4460-b735-be2c20024ab7-AppendLogResponseHandler: Failed appendEntries: org.apache.ratis.thirdparty.io.grpc.StatusRuntimeException: UNAVAILABLE: io exception
2019-09-29 11:26:59,691 [grpc-default-executor-19] INFO  impl.FollowerInfo (FollowerInfo.java:lambda$new$0(51)) - c5175ad5-525e-4c2e-832b-1ca15aa9c500@group-92AA78341D71->d7821b28-18a7-4460-b735-be2c20024ab7: nextIndex: updateUnconditionally 0 -> 0
2019-09-29 11:26:59,710 [266f4e38-b438-4944-8569-530d2ae5f6fc@group-253DF9B988BF-SegmentedRaftLogWorker] INFO  segmented.SegmentedRaftLogWorker (SegmentedRaftLogWorker.java:execute(569)) - 266f4e38-b438-4944-8569-530d2ae5f6fc@group-253DF9B988BF-SegmentedRaftLogWorker: created new log segment /workdir/hadoop-ozone/integration-test/target/test-dir/MiniOzoneClusterImpl-f848b852-1aaf-4c40-a29c-4c10b1dc7f95/datanode-2/data/ratis/7fecf4fb-f58b-499a-951d-253df9b988bf/current/log_inprogress_1
2019-09-29 11:26:59,732 [c5175ad5-525e-4c2e-832b-1ca15aa9c500@group-253DF9B988BF-SegmentedRaftLogWorker] INFO  segmented.SegmentedRaftLogWorker (SegmentedRaftLogWorker.java:execute(569)) - c5175ad5-525e-4c2e-832b-1ca15aa9c500@group-253DF9B988BF-SegmentedRaftLogWorker: created new log segment /workdir/hadoop-ozone/integration-test/target/test-dir/MiniOzoneClusterImpl-f848b852-1aaf-4c40-a29c-4c10b1dc7f95/datanode-3/data/ratis/7fecf4fb-f58b-499a-951d-253df9b988bf/current/log_inprogress_1
2019-09-29 11:26:59,745 [grpc-default-executor-28] WARN  server.GrpcLogAppender (LogUtils.java:warn(134)) - 266f4e38-b438-4944-8569-530d2ae5f6fc@group-253DF9B988BF->d7821b28-18a7-4460-b735-be2c20024ab7-AppendLogResponseHandler: Failed appendEntries: org.apache.ratis.thirdparty.io.grpc.StatusRuntimeException: UNAVAILABLE: io exception
2019-09-29 11:26:59,746 [grpc-default-executor-28] INFO  impl.FollowerInfo (FollowerInfo.java:lambda$new$0(51)) - 266f4e38-b438-4944-8569-530d2ae5f6fc@group-253DF9B988BF->d7821b28-18a7-4460-b735-be2c20024ab7: nextIndex: updateUnconditionally 1 -> 0
2019-09-29 11:26:59,757 [grpc-default-executor-19] WARN  server.GrpcLogAppender (LogUtils.java:warn(134)) - 266f4e38-b438-4944-8569-530d2ae5f6fc@group-253DF9B988BF->d7821b28-18a7-4460-b735-be2c20024ab7-AppendLogResponseHandler: Failed appendEntries: org.apache.ratis.thirdparty.io.grpc.StatusRuntimeException: UNAVAILABLE: io exception
2019-09-29 11:26:59,757 [grpc-default-executor-19] INFO  impl.FollowerInfo (FollowerInfo.java:lambda$new$0(51)) - 266f4e38-b438-4944-8569-530d2ae5f6fc@group-253DF9B988BF->d7821b28-18a7-4460-b735-be2c20024ab7: nextIndex: updateUnconditionally 1 -> 0
2019-09-29 11:26:59,842 [Thread-6180] INFO  impl.FollowerState (FollowerState.java:run(106)) - 266f4e38-b438-4944-8569-530d2ae5f6fc:group-0F923E1C8F14 changes to CANDIDATE, lastRpcTime:5122, electionTimeout:5059ms
2019-09-29 11:26:59,843 [Thread-6180] INFO  impl.RoleInfo (RoleInfo.java:shutdownFollowerState(121)) - 266f4e38-b438-4944-8569-530d2ae5f6fc: shutdown FollowerState
2019-09-29 11:26:59,843 [Thread-6180] INFO  impl.RaftServerImpl (RaftServerImpl.java:setRole(174)) - 266f4e38-b438-4944-8569-530d2ae5f6fc@group-0F923E1C8F14: changes role from  FOLLOWER to CANDIDATE at term 1 for changeToCandidate
2019-09-29 11:26:59,843 [Thread-6180] INFO  impl.RoleInfo (RoleInfo.java:updateAndGet(143)) - 266f4e38-b438-4944-8569-530d2ae5f6fc: start LeaderElection
2019-09-29 11:26:59,843 [266f4e38-b438-4944-8569-530d2ae5f6fc@group-0F923E1C8F14:LeaderElection145] INFO  impl.RaftServerImpl (ServerState.java:setLeader(253)) - 266f4e38-b438-4944-8569-530d2ae5f6fc@group-0F923E1C8F14: change Leader from d7821b28-18a7-4460-b735-be2c20024ab7 to null at term 1 for initElection
2019-09-29 11:26:59,866 [266f4e38-b438-4944-8569-530d2ae5f6fc@group-0F923E1C8F14:LeaderElection145] INFO  impl.LeaderElection (LeaderElection.java:askForVotes(182)) - 266f4e38-b438-4944-8569-530d2ae5f6fc@group-0F923E1C8F14:LeaderElection145: begin an election at term 2 for 0: [266f4e38-b438-4944-8569-530d2ae5f6fc:192.168.30.19:46645, d7821b28-18a7-4460-b735-be2c20024ab7:192.168.30.19:45148, c5175ad5-525e-4c2e-832b-1ca15aa9c500:192.168.30.19:40504], old=null
2019-09-29 11:26:59,868 [266f4e38-b438-4944-8569-530d2ae5f6fc@group-0F923E1C8F14:LeaderElection145] INFO  impl.LeaderElection (LogUtils.java:infoOrTrace(149)) - 266f4e38-b438-4944-8569-530d2ae5f6fc@group-0F923E1C8F14:LeaderElection145 got exception when requesting votes: {}
java.util.concurrent.ExecutionException: org.apache.ratis.thirdparty.io.grpc.StatusRuntimeException: UNAVAILABLE: io exception
	at java.util.concurrent.FutureTask.report(FutureTask.java:122)
	at java.util.concurrent.FutureTask.get(FutureTask.java:192)
	at org.apache.ratis.server.impl.LeaderElection.waitForResults(LeaderElection.java:263)
	at org.apache.ratis.server.impl.LeaderElection.askForVotes(LeaderElection.java:201)
	at org.apache.ratis.server.impl.LeaderElection.run(LeaderElection.java:133)
	at java.lang.Thread.run(Thread.java:748)
Caused by: org.apache.ratis.thirdparty.io.grpc.StatusRuntimeException: UNAVAILABLE: io exception
	at org.apache.ratis.thirdparty.io.grpc.stub.ClientCalls.toStatusRuntimeException(ClientCalls.java:233)
	at org.apache.ratis.thirdparty.io.grpc.stub.ClientCalls.getUnchecked(ClientCalls.java:214)
	at org.apache.ratis.thirdparty.io.grpc.stub.ClientCalls.blockingUnaryCall(ClientCalls.java:139)
	at org.apache.ratis.proto.grpc.RaftServerProtocolServiceGrpc$RaftServerProtocolServiceBlockingStub.requestVote(RaftServerProtocolServiceGrpc.java:265)
	at org.apache.ratis.grpc.server.GrpcServerProtocolClient.requestVote(GrpcServerProtocolClient.java:90)
	at org.apache.ratis.grpc.server.GrpcService.requestVote(GrpcService.java:204)
	at org.apache.ratis.server.impl.LeaderElection.lambda$submitRequests$1(LeaderElection.java:238)
	at java.util.concurrent.FutureTask.run(FutureTask.java:266)
	at java.util.concurrent.Executors$RunnableAdapter.call(Executors.java:511)
	at java.util.concurrent.FutureTask.run(FutureTask.java:266)
	at java.util.concurrent.ThreadPoolExecutor.runWorker(ThreadPoolExecutor.java:1149)
	at java.util.concurrent.ThreadPoolExecutor$Worker.run(ThreadPoolExecutor.java:624)
	... 1 more
Caused by: org.apache.ratis.thirdparty.io.netty.channel.AbstractChannel$AnnotatedConnectException: Connection refused: /192.168.30.19:45148
	at sun.nio.ch.SocketChannelImpl.checkConnect(Native Method)
	at sun.nio.ch.SocketChannelImpl.finishConnect(SocketChannelImpl.java:717)
	at org.apache.ratis.thirdparty.io.netty.channel.socket.nio.NioSocketChannel.doFinishConnect(NioSocketChannel.java:327)
	at org.apache.ratis.thirdparty.io.netty.channel.nio.AbstractNioChannel$AbstractNioUnsafe.finishConnect(AbstractNioChannel.java:340)
	at org.apache.ratis.thirdparty.io.netty.channel.nio.NioEventLoop.processSelectedKey(NioEventLoop.java:632)
	at org.apache.ratis.thirdparty.io.netty.channel.nio.NioEventLoop.processSelectedKeysOptimized(NioEventLoop.java:579)
	at org.apache.ratis.thirdparty.io.netty.channel.nio.NioEventLoop.processSelectedKeys(NioEventLoop.java:496)
	at org.apache.ratis.thirdparty.io.netty.channel.nio.NioEventLoop.run(NioEventLoop.java:458)
	at org.apache.ratis.thirdparty.io.netty.util.concurrent.SingleThreadEventExecutor$5.run(SingleThreadEventExecutor.java:897)
	at org.apache.ratis.thirdparty.io.netty.util.concurrent.FastThreadLocalRunnable.run(FastThreadLocalRunnable.java:30)
	... 1 more
Caused by: java.net.ConnectException: Connection refused
	... 11 more
2019-09-29 11:26:59,868 [grpc-default-executor-19] INFO  impl.RaftServerImpl (ServerState.java:setLeader(253)) - c5175ad5-525e-4c2e-832b-1ca15aa9c500@group-0F923E1C8F14: change Leader from d7821b28-18a7-4460-b735-be2c20024ab7 to null at term 2 for updateCurrentTerm
2019-09-29 11:26:59,874 [grpc-default-executor-19] INFO  impl.RaftServerImpl (RaftServerImpl.java:setRole(174)) - c5175ad5-525e-4c2e-832b-1ca15aa9c500@group-0F923E1C8F14: changes role from  FOLLOWER to FOLLOWER at term 2 for recognizeCandidate:266f4e38-b438-4944-8569-530d2ae5f6fc
2019-09-29 11:26:59,874 [grpc-default-executor-19] INFO  impl.RoleInfo (RoleInfo.java:shutdownFollowerState(121)) - c5175ad5-525e-4c2e-832b-1ca15aa9c500: shutdown FollowerState
2019-09-29 11:26:59,874 [grpc-default-executor-19] INFO  impl.RoleInfo (RoleInfo.java:updateAndGet(143)) - c5175ad5-525e-4c2e-832b-1ca15aa9c500: start FollowerState
2019-09-29 11:26:59,874 [Thread-6179] INFO  impl.FollowerState (FollowerState.java:run(115)) - c5175ad5-525e-4c2e-832b-1ca15aa9c500: FollowerState was interrupted: java.lang.InterruptedException: sleep interrupted
2019-09-29 11:26:59,893 [Thread-6146] INFO  impl.FollowerState (FollowerState.java:run(106)) - 266f4e38-b438-4944-8569-530d2ae5f6fc:group-42C9F9716FCF changes to CANDIDATE, lastRpcTime:5206, electionTimeout:5075ms
2019-09-29 11:26:59,894 [Thread-6146] INFO  impl.RoleInfo (RoleInfo.java:shutdownFollowerState(121)) - 266f4e38-b438-4944-8569-530d2ae5f6fc: shutdown FollowerState
2019-09-29 11:26:59,894 [Thread-6146] INFO  impl.RaftServerImpl (RaftServerImpl.java:setRole(174)) - 266f4e38-b438-4944-8569-530d2ae5f6fc@group-42C9F9716FCF: changes role from  FOLLOWER to CANDIDATE at term 1 for changeToCandidate
2019-09-29 11:26:59,894 [Thread-6146] INFO  impl.RoleInfo (RoleInfo.java:updateAndGet(143)) - 266f4e38-b438-4944-8569-530d2ae5f6fc: start LeaderElection
2019-09-29 11:26:59,894 [266f4e38-b438-4944-8569-530d2ae5f6fc@group-42C9F9716FCF:LeaderElection146] INFO  impl.RaftServerImpl (ServerState.java:setLeader(253)) - 266f4e38-b438-4944-8569-530d2ae5f6fc@group-42C9F9716FCF: change Leader from d7821b28-18a7-4460-b735-be2c20024ab7 to null at term 1 for initElection
2019-09-29 11:26:59,909 [266f4e38-b438-4944-8569-530d2ae5f6fc@group-0F923E1C8F14:LeaderElection145] INFO  impl.LeaderElection (LeaderElection.java:logAndReturn(56)) - 266f4e38-b438-4944-8569-530d2ae5f6fc@group-0F923E1C8F14:LeaderElection145: Election PASSED; received 1 response(s) [266f4e38-b438-4944-8569-530d2ae5f6fc<-c5175ad5-525e-4c2e-832b-1ca15aa9c500#0:OK-t2] and 1 exception(s); 266f4e38-b438-4944-8569-530d2ae5f6fc@group-0F923E1C8F14:t2, leader=null, voted=266f4e38-b438-4944-8569-530d2ae5f6fc, raftlog=266f4e38-b438-4944-8569-530d2ae5f6fc@group-0F923E1C8F14-SegmentedRaftLog:OPENED:c0,f0,i0, conf=0: [266f4e38-b438-4944-8569-530d2ae5f6fc:192.168.30.19:46645, d7821b28-18a7-4460-b735-be2c20024ab7:192.168.30.19:45148, c5175ad5-525e-4c2e-832b-1ca15aa9c500:192.168.30.19:40504], old=null
2019-09-29 11:26:59,909 [266f4e38-b438-4944-8569-530d2ae5f6fc@group-0F923E1C8F14:LeaderElection145] INFO  impl.LeaderElection (LogUtils.java:infoOrTrace(149)) -   Exception 0: {}
java.util.concurrent.ExecutionException: org.apache.ratis.thirdparty.io.grpc.StatusRuntimeException: UNAVAILABLE: io exception
	at java.util.concurrent.FutureTask.report(FutureTask.java:122)
	at java.util.concurrent.FutureTask.get(FutureTask.java:192)
	at org.apache.ratis.server.impl.LeaderElection.waitForResults(LeaderElection.java:263)
	at org.apache.ratis.server.impl.LeaderElection.askForVotes(LeaderElection.java:201)
	at org.apache.ratis.server.impl.LeaderElection.run(LeaderElection.java:133)
	at java.lang.Thread.run(Thread.java:748)
Caused by: org.apache.ratis.thirdparty.io.grpc.StatusRuntimeException: UNAVAILABLE: io exception
	at org.apache.ratis.thirdparty.io.grpc.stub.ClientCalls.toStatusRuntimeException(ClientCalls.java:233)
	at org.apache.ratis.thirdparty.io.grpc.stub.ClientCalls.getUnchecked(ClientCalls.java:214)
	at org.apache.ratis.thirdparty.io.grpc.stub.ClientCalls.blockingUnaryCall(ClientCalls.java:139)
	at org.apache.ratis.proto.grpc.RaftServerProtocolServiceGrpc$RaftServerProtocolServiceBlockingStub.requestVote(RaftServerProtocolServiceGrpc.java:265)
	at org.apache.ratis.grpc.server.GrpcServerProtocolClient.requestVote(GrpcServerProtocolClient.java:90)
	at org.apache.ratis.grpc.server.GrpcService.requestVote(GrpcService.java:204)
	at org.apache.ratis.server.impl.LeaderElection.lambda$submitRequests$1(LeaderElection.java:238)
	at java.util.concurrent.FutureTask.run(FutureTask.java:266)
	at java.util.concurrent.Executors$RunnableAdapter.call(Executors.java:511)
	at java.util.concurrent.FutureTask.run(FutureTask.java:266)
	at java.util.concurrent.ThreadPoolExecutor.runWorker(ThreadPoolExecutor.java:1149)
	at java.util.concurrent.ThreadPoolExecutor$Worker.run(ThreadPoolExecutor.java:624)
	... 1 more
Caused by: org.apache.ratis.thirdparty.io.netty.channel.AbstractChannel$AnnotatedConnectException: Connection refused: /192.168.30.19:45148
	at sun.nio.ch.SocketChannelImpl.checkConnect(Native Method)
	at sun.nio.ch.SocketChannelImpl.finishConnect(SocketChannelImpl.java:717)
	at org.apache.ratis.thirdparty.io.netty.channel.socket.nio.NioSocketChannel.doFinishConnect(NioSocketChannel.java:327)
	at org.apache.ratis.thirdparty.io.netty.channel.nio.AbstractNioChannel$AbstractNioUnsafe.finishConnect(AbstractNioChannel.java:340)
	at org.apache.ratis.thirdparty.io.netty.channel.nio.NioEventLoop.processSelectedKey(NioEventLoop.java:632)
	at org.apache.ratis.thirdparty.io.netty.channel.nio.NioEventLoop.processSelectedKeysOptimized(NioEventLoop.java:579)
	at org.apache.ratis.thirdparty.io.netty.channel.nio.NioEventLoop.processSelectedKeys(NioEventLoop.java:496)
	at org.apache.ratis.thirdparty.io.netty.channel.nio.NioEventLoop.run(NioEventLoop.java:458)
	at org.apache.ratis.thirdparty.io.netty.util.concurrent.SingleThreadEventExecutor$5.run(SingleThreadEventExecutor.java:897)
	at org.apache.ratis.thirdparty.io.netty.util.concurrent.FastThreadLocalRunnable.run(FastThreadLocalRunnable.java:30)
	... 1 more
Caused by: java.net.ConnectException: Connection refused
	... 11 more
2019-09-29 11:26:59,910 [266f4e38-b438-4944-8569-530d2ae5f6fc@group-0F923E1C8F14:LeaderElection145] INFO  impl.RoleInfo (RoleInfo.java:shutdownLeaderElection(134)) - 266f4e38-b438-4944-8569-530d2ae5f6fc: shutdown LeaderElection
2019-09-29 11:26:59,910 [266f4e38-b438-4944-8569-530d2ae5f6fc@group-0F923E1C8F14:LeaderElection145] INFO  impl.RaftServerImpl (RaftServerImpl.java:setRole(174)) - 266f4e38-b438-4944-8569-530d2ae5f6fc@group-0F923E1C8F14: changes role from CANDIDATE to LEADER at term 2 for changeToLeader
2019-09-29 11:26:59,910 [266f4e38-b438-4944-8569-530d2ae5f6fc@group-0F923E1C8F14:LeaderElection145] INFO  impl.RaftServerImpl (ServerState.java:setLeader(253)) - 266f4e38-b438-4944-8569-530d2ae5f6fc@group-0F923E1C8F14: change Leader from null to 266f4e38-b438-4944-8569-530d2ae5f6fc at term 2 for becomeLeader, leader elected after 66ms
2019-09-29 11:26:59,910 [266f4e38-b438-4944-8569-530d2ae5f6fc@group-0F923E1C8F14:LeaderElection145] INFO  server.RaftServerConfigKeys (ConfUtils.java:logGet(43)) - raft.server.staging.catchup.gap = 1000 (default)
2019-09-29 11:26:59,910 [266f4e38-b438-4944-8569-530d2ae5f6fc@group-0F923E1C8F14:LeaderElection145] INFO  server.RaftServerConfigKeys (ConfUtils.java:logGet(43)) - raft.server.rpc.sleep.time = 25ms (default)
2019-09-29 11:26:59,910 [266f4e38-b438-4944-8569-530d2ae5f6fc@group-0F923E1C8F14:LeaderElection145] INFO  server.RaftServerConfigKeys (ConfUtils.java:logGet(43)) - raft.server.write.element-limit = 4096 (default)
2019-09-29 11:26:59,910 [266f4e38-b438-4944-8569-530d2ae5f6fc@group-0F923E1C8F14:LeaderElection145] INFO  server.RaftServerConfigKeys (ConfUtils.java:logGet(43)) - raft.server.watch.timeout = 10s (default)
2019-09-29 11:26:59,910 [266f4e38-b438-4944-8569-530d2ae5f6fc@group-0F923E1C8F14:LeaderElection145] INFO  server.RaftServerConfigKeys (ConfUtils.java:logGet(43)) - raft.server.watch.timeout.denomination = 1s (default)
2019-09-29 11:26:59,910 [266f4e38-b438-4944-8569-530d2ae5f6fc@group-0F923E1C8F14:LeaderElection145] INFO  server.RaftServerConfigKeys (ConfUtils.java:logGet(43)) - raft.server.watch.element-limit = 65536 (default)
2019-09-29 11:26:59,912 [266f4e38-b438-4944-8569-530d2ae5f6fc@group-0F923E1C8F14:LeaderElection145] INFO  server.RaftServerConfigKeys (ConfUtils.java:logGet(43)) - raft.server.log.appender.snapshot.chunk.size.max = 16MB (=16777216) (default)
2019-09-29 11:26:59,912 [266f4e38-b438-4944-8569-530d2ae5f6fc@group-0F923E1C8F14:LeaderElection145] INFO  server.RaftServerConfigKeys (ConfUtils.java:logGet(43)) - raft.server.log.appender.buffer.byte-limit = 33554432 (custom)
2019-09-29 11:26:59,912 [266f4e38-b438-4944-8569-530d2ae5f6fc@group-0F923E1C8F14:LeaderElection145] INFO  server.RaftServerConfigKeys (ConfUtils.java:logGet(43)) - raft.server.log.appender.buffer.element-limit = 1 (custom)
2019-09-29 11:26:59,912 [266f4e38-b438-4944-8569-530d2ae5f6fc@group-0F923E1C8F14:LeaderElection145] INFO  grpc.GrpcConfigKeys$Server (ConfUtils.java:logGet(43)) - raft.grpc.server.leader.outstanding.appends.max = 128 (default)
2019-09-29 11:26:59,912 [266f4e38-b438-4944-8569-530d2ae5f6fc@group-0F923E1C8F14:LeaderElection145] INFO  server.RaftServerConfigKeys (ConfUtils.java:logGet(43)) - raft.server.rpc.request.timeout = 3000ms (default)
2019-09-29 11:26:59,912 [266f4e38-b438-4944-8569-530d2ae5f6fc@group-0F923E1C8F14:LeaderElection145] INFO  server.RaftServerConfigKeys (ConfUtils.java:logGet(43)) - raft.server.log.appender.install.snapshot.enabled = false (custom)
2019-09-29 11:26:59,912 [266f4e38-b438-4944-8569-530d2ae5f6fc@group-0F923E1C8F14:LeaderElection145] INFO  server.RaftServerConfigKeys (ConfUtils.java:logGet(43)) - raft.server.log.appender.snapshot.chunk.size.max = 16MB (=16777216) (default)
2019-09-29 11:26:59,912 [266f4e38-b438-4944-8569-530d2ae5f6fc@group-0F923E1C8F14:LeaderElection145] INFO  server.RaftServerConfigKeys (ConfUtils.java:logGet(43)) - raft.server.log.appender.buffer.byte-limit = 33554432 (custom)
2019-09-29 11:26:59,913 [266f4e38-b438-4944-8569-530d2ae5f6fc@group-0F923E1C8F14:LeaderElection145] INFO  server.RaftServerConfigKeys (ConfUtils.java:logGet(43)) - raft.server.log.appender.buffer.element-limit = 1 (custom)
2019-09-29 11:26:59,913 [266f4e38-b438-4944-8569-530d2ae5f6fc@group-0F923E1C8F14:LeaderElection145] INFO  grpc.GrpcConfigKeys$Server (ConfUtils.java:logGet(43)) - raft.grpc.server.leader.outstanding.appends.max = 128 (default)
2019-09-29 11:26:59,913 [266f4e38-b438-4944-8569-530d2ae5f6fc@group-0F923E1C8F14:LeaderElection145] INFO  server.RaftServerConfigKeys (ConfUtils.java:logGet(43)) - raft.server.rpc.request.timeout = 3000ms (default)
2019-09-29 11:26:59,913 [266f4e38-b438-4944-8569-530d2ae5f6fc@group-0F923E1C8F14:LeaderElection145] INFO  server.RaftServerConfigKeys (ConfUtils.java:logGet(43)) - raft.server.log.appender.install.snapshot.enabled = false (custom)
2019-09-29 11:26:59,913 [266f4e38-b438-4944-8569-530d2ae5f6fc@group-0F923E1C8F14:LeaderElection145] INFO  impl.RoleInfo (RoleInfo.java:updateAndGet(143)) - 266f4e38-b438-4944-8569-530d2ae5f6fc: start LeaderState
2019-09-29 11:26:59,913 [266f4e38-b438-4944-8569-530d2ae5f6fc@group-0F923E1C8F14:LeaderElection145] INFO  segmented.SegmentedRaftLogWorker (SegmentedRaftLogWorker.java:rollLogSegment(385)) - 266f4e38-b438-4944-8569-530d2ae5f6fc@group-0F923E1C8F14-SegmentedRaftLogWorker: Rolling segment log-0_0 to index:0
2019-09-29 11:26:59,914 [266f4e38-b438-4944-8569-530d2ae5f6fc@group-0F923E1C8F14:LeaderElection145] INFO  impl.RaftServerImpl (ServerState.java:setRaftConf(354)) - 266f4e38-b438-4944-8569-530d2ae5f6fc@group-0F923E1C8F14: set configuration 1: [266f4e38-b438-4944-8569-530d2ae5f6fc:192.168.30.19:46645, d7821b28-18a7-4460-b735-be2c20024ab7:192.168.30.19:45148, c5175ad5-525e-4c2e-832b-1ca15aa9c500:192.168.30.19:40504], old=null at 1
2019-09-29 11:26:59,914 [grpc-default-executor-19] WARN  server.GrpcLogAppender (LogUtils.java:warn(134)) - 266f4e38-b438-4944-8569-530d2ae5f6fc@group-0F923E1C8F14->d7821b28-18a7-4460-b735-be2c20024ab7-AppendLogResponseHandler: Failed appendEntries: org.apache.ratis.thirdparty.io.grpc.StatusRuntimeException: UNAVAILABLE: io exception
2019-09-29 11:26:59,916 [grpc-default-executor-19] INFO  impl.FollowerInfo (FollowerInfo.java:lambda$new$0(51)) - 266f4e38-b438-4944-8569-530d2ae5f6fc@group-0F923E1C8F14->d7821b28-18a7-4460-b735-be2c20024ab7: nextIndex: updateUnconditionally 1 -> 0
2019-09-29 11:26:59,924 [grpc-default-executor-26] INFO  impl.RaftServerImpl (ServerState.java:setLeader(253)) - c5175ad5-525e-4c2e-832b-1ca15aa9c500@group-0F923E1C8F14: change Leader from null to 266f4e38-b438-4944-8569-530d2ae5f6fc at term 2 for appendEntries, leader elected after 55ms
2019-09-29 11:26:59,925 [grpc-default-executor-26] INFO  impl.RaftServerImpl (ServerState.java:setRaftConf(354)) - c5175ad5-525e-4c2e-832b-1ca15aa9c500@group-0F923E1C8F14: set configuration 1: [266f4e38-b438-4944-8569-530d2ae5f6fc:192.168.30.19:46645, d7821b28-18a7-4460-b735-be2c20024ab7:192.168.30.19:45148, c5175ad5-525e-4c2e-832b-1ca15aa9c500:192.168.30.19:40504], old=null at 1
2019-09-29 11:26:59,926 [grpc-default-executor-26] INFO  segmented.SegmentedRaftLogWorker (SegmentedRaftLogWorker.java:rollLogSegment(385)) - c5175ad5-525e-4c2e-832b-1ca15aa9c500@group-0F923E1C8F14-SegmentedRaftLogWorker: Rolling segment log-0_0 to index:0
2019-09-29 11:26:59,926 [grpc-default-executor-15] WARN  server.GrpcLogAppender (LogUtils.java:warn(134)) - 266f4e38-b438-4944-8569-530d2ae5f6fc@group-0F923E1C8F14->d7821b28-18a7-4460-b735-be2c20024ab7-AppendLogResponseHandler: Failed appendEntries: org.apache.ratis.thirdparty.io.grpc.StatusRuntimeException: UNAVAILABLE: io exception
2019-09-29 11:26:59,926 [grpc-default-executor-15] INFO  impl.FollowerInfo (FollowerInfo.java:lambda$new$0(51)) - 266f4e38-b438-4944-8569-530d2ae5f6fc@group-0F923E1C8F14->d7821b28-18a7-4460-b735-be2c20024ab7: nextIndex: updateUnconditionally 1 -> 0
2019-09-29 11:26:59,926 [c5175ad5-525e-4c2e-832b-1ca15aa9c500@group-0F923E1C8F14-SegmentedRaftLogWorker] INFO  segmented.SegmentedRaftLogWorker (SegmentedRaftLogWorker.java:execute(526)) - c5175ad5-525e-4c2e-832b-1ca15aa9c500@group-0F923E1C8F14-SegmentedRaftLogWorker: Rolled log segment from /workdir/hadoop-ozone/integration-test/target/test-dir/MiniOzoneClusterImpl-f848b852-1aaf-4c40-a29c-4c10b1dc7f95/datanode-3/data/ratis/cd57b1db-4d38-4f1f-9bb0-0f923e1c8f14/current/log_inprogress_0 to /workdir/hadoop-ozone/integration-test/target/test-dir/MiniOzoneClusterImpl-f848b852-1aaf-4c40-a29c-4c10b1dc7f95/datanode-3/data/ratis/cd57b1db-4d38-4f1f-9bb0-0f923e1c8f14/current/log_0-0
2019-09-29 11:26:59,926 [266f4e38-b438-4944-8569-530d2ae5f6fc@group-0F923E1C8F14-SegmentedRaftLogWorker] INFO  segmented.SegmentedRaftLogWorker (SegmentedRaftLogWorker.java:execute(526)) - 266f4e38-b438-4944-8569-530d2ae5f6fc@group-0F923E1C8F14-SegmentedRaftLogWorker: Rolled log segment from /workdir/hadoop-ozone/integration-test/target/test-dir/MiniOzoneClusterImpl-f848b852-1aaf-4c40-a29c-4c10b1dc7f95/datanode-2/data/ratis/cd57b1db-4d38-4f1f-9bb0-0f923e1c8f14/current/log_inprogress_0 to /workdir/hadoop-ozone/integration-test/target/test-dir/MiniOzoneClusterImpl-f848b852-1aaf-4c40-a29c-4c10b1dc7f95/datanode-2/data/ratis/cd57b1db-4d38-4f1f-9bb0-0f923e1c8f14/current/log_0-0
2019-09-29 11:27:00,561 [Thread-6208] WARN  util.JavaUtils (JavaUtils.java:sleep(250)) - Unexpected long sleep: sleep(5115ms) actually took 5473ms which is over the threshold 300ms
2019-09-29 11:27:00,562 [Thread-6198] WARN  util.JavaUtils (JavaUtils.java:sleep(250)) - Unexpected long sleep: sleep(5123ms) actually took 5613ms which is over the threshold 300ms
2019-09-29 11:27:00,564 [Thread-6176] WARN  util.JavaUtils (JavaUtils.java:sleep(250)) - Unexpected long sleep: sleep(5154ms) actually took 5788ms which is over the threshold 300ms
2019-09-29 11:27:00,564 [266f4e38-b438-4944-8569-530d2ae5f6fc@group-42C9F9716FCF:LeaderElection146] INFO  impl.LeaderElection (LeaderElection.java:askForVotes(182)) - 266f4e38-b438-4944-8569-530d2ae5f6fc@group-42C9F9716FCF:LeaderElection146: begin an election at term 2 for 0: [266f4e38-b438-4944-8569-530d2ae5f6fc:192.168.30.19:46645, d7821b28-18a7-4460-b735-be2c20024ab7:192.168.30.19:45148, c5175ad5-525e-4c2e-832b-1ca15aa9c500:192.168.30.19:40504], old=null
2019-09-29 11:27:00,698 [c5175ad5-525e-4c2e-832b-1ca15aa9c500@group-0F923E1C8F14-SegmentedRaftLogWorker] INFO  segmented.SegmentedRaftLogWorker (SegmentedRaftLogWorker.java:execute(569)) - c5175ad5-525e-4c2e-832b-1ca15aa9c500@group-0F923E1C8F14-SegmentedRaftLogWorker: created new log segment /workdir/hadoop-ozone/integration-test/target/test-dir/MiniOzoneClusterImpl-f848b852-1aaf-4c40-a29c-4c10b1dc7f95/datanode-3/data/ratis/cd57b1db-4d38-4f1f-9bb0-0f923e1c8f14/current/log_inprogress_1
2019-09-29 11:27:00,816 [grpc-default-executor-15] INFO  impl.RaftServerImpl (ServerState.java:setLeader(253)) - c5175ad5-525e-4c2e-832b-1ca15aa9c500@group-42C9F9716FCF: change Leader from d7821b28-18a7-4460-b735-be2c20024ab7 to null at term 2 for updateCurrentTerm
2019-09-29 11:27:00,816 [grpc-default-executor-15] INFO  impl.RaftServerImpl (RaftServerImpl.java:setRole(174)) - c5175ad5-525e-4c2e-832b-1ca15aa9c500@group-42C9F9716FCF: changes role from  FOLLOWER to FOLLOWER at term 2 for recognizeCandidate:266f4e38-b438-4944-8569-530d2ae5f6fc
2019-09-29 11:27:00,819 [grpc-default-executor-15] INFO  impl.RoleInfo (RoleInfo.java:shutdownFollowerState(121)) - c5175ad5-525e-4c2e-832b-1ca15aa9c500: shutdown FollowerState
2019-09-29 11:27:00,819 [grpc-default-executor-15] INFO  impl.RoleInfo (RoleInfo.java:updateAndGet(143)) - c5175ad5-525e-4c2e-832b-1ca15aa9c500: start FollowerState
2019-09-29 11:27:00,819 [Thread-6148] INFO  impl.FollowerState (FollowerState.java:run(115)) - c5175ad5-525e-4c2e-832b-1ca15aa9c500: FollowerState was interrupted: java.lang.InterruptedException: sleep interrupted
2019-09-29 11:27:00,824 [266f4e38-b438-4944-8569-530d2ae5f6fc@group-42C9F9716FCF:LeaderElection146] INFO  impl.LeaderElection (LogUtils.java:infoOrTrace(149)) - 266f4e38-b438-4944-8569-530d2ae5f6fc@group-42C9F9716FCF:LeaderElection146 got exception when requesting votes: {}
java.util.concurrent.ExecutionException: org.apache.ratis.thirdparty.io.grpc.StatusRuntimeException: UNAVAILABLE: io exception
	at java.util.concurrent.FutureTask.report(FutureTask.java:122)
	at java.util.concurrent.FutureTask.get(FutureTask.java:192)
	at org.apache.ratis.server.impl.LeaderElection.waitForResults(LeaderElection.java:263)
	at org.apache.ratis.server.impl.LeaderElection.askForVotes(LeaderElection.java:201)
	at org.apache.ratis.server.impl.LeaderElection.run(LeaderElection.java:133)
	at java.lang.Thread.run(Thread.java:748)
Caused by: org.apache.ratis.thirdparty.io.grpc.StatusRuntimeException: UNAVAILABLE: io exception
	at org.apache.ratis.thirdparty.io.grpc.stub.ClientCalls.toStatusRuntimeException(ClientCalls.java:233)
	at org.apache.ratis.thirdparty.io.grpc.stub.ClientCalls.getUnchecked(ClientCalls.java:214)
	at org.apache.ratis.thirdparty.io.grpc.stub.ClientCalls.blockingUnaryCall(ClientCalls.java:139)
	at org.apache.ratis.proto.grpc.RaftServerProtocolServiceGrpc$RaftServerProtocolServiceBlockingStub.requestVote(RaftServerProtocolServiceGrpc.java:265)
	at org.apache.ratis.grpc.server.GrpcServerProtocolClient.requestVote(GrpcServerProtocolClient.java:90)
	at org.apache.ratis.grpc.server.GrpcService.requestVote(GrpcService.java:204)
	at org.apache.ratis.server.impl.LeaderElection.lambda$submitRequests$1(LeaderElection.java:238)
	at java.util.concurrent.FutureTask.run(FutureTask.java:266)
	at java.util.concurrent.Executors$RunnableAdapter.call(Executors.java:511)
	at java.util.concurrent.FutureTask.run(FutureTask.java:266)
	at java.util.concurrent.ThreadPoolExecutor.runWorker(ThreadPoolExecutor.java:1149)
	at java.util.concurrent.ThreadPoolExecutor$Worker.run(ThreadPoolExecutor.java:624)
	... 1 more
Caused by: org.apache.ratis.thirdparty.io.netty.channel.AbstractChannel$AnnotatedConnectException: Connection refused: /192.168.30.19:45148
	at sun.nio.ch.SocketChannelImpl.checkConnect(Native Method)
	at sun.nio.ch.SocketChannelImpl.finishConnect(SocketChannelImpl.java:717)
	at org.apache.ratis.thirdparty.io.netty.channel.socket.nio.NioSocketChannel.doFinishConnect(NioSocketChannel.java:327)
	at org.apache.ratis.thirdparty.io.netty.channel.nio.AbstractNioChannel$AbstractNioUnsafe.finishConnect(AbstractNioChannel.java:340)
	at org.apache.ratis.thirdparty.io.netty.channel.nio.NioEventLoop.processSelectedKey(NioEventLoop.java:632)
	at org.apache.ratis.thirdparty.io.netty.channel.nio.NioEventLoop.processSelectedKeysOptimized(NioEventLoop.java:579)
	at org.apache.ratis.thirdparty.io.netty.channel.nio.NioEventLoop.processSelectedKeys(NioEventLoop.java:496)
	at org.apache.ratis.thirdparty.io.netty.channel.nio.NioEventLoop.run(NioEventLoop.java:458)
	at org.apache.ratis.thirdparty.io.netty.util.concurrent.SingleThreadEventExecutor$5.run(SingleThreadEventExecutor.java:897)
	at org.apache.ratis.thirdparty.io.netty.util.concurrent.FastThreadLocalRunnable.run(FastThreadLocalRunnable.java:30)
	... 1 more
Caused by: java.net.ConnectException: Connection refused
	... 11 more
2019-09-29 11:27:00,827 [266f4e38-b438-4944-8569-530d2ae5f6fc@group-0F923E1C8F14-SegmentedRaftLogWorker] INFO  segmented.SegmentedRaftLogWorker (SegmentedRaftLogWorker.java:execute(569)) - 266f4e38-b438-4944-8569-530d2ae5f6fc@group-0F923E1C8F14-SegmentedRaftLogWorker: created new log segment /workdir/hadoop-ozone/integration-test/target/test-dir/MiniOzoneClusterImpl-f848b852-1aaf-4c40-a29c-4c10b1dc7f95/datanode-2/data/ratis/cd57b1db-4d38-4f1f-9bb0-0f923e1c8f14/current/log_inprogress_1
2019-09-29 11:27:00,834 [grpc-default-executor-26] WARN  server.GrpcLogAppender (LogUtils.java:warn(134)) - 266f4e38-b438-4944-8569-530d2ae5f6fc@group-0F923E1C8F14->d7821b28-18a7-4460-b735-be2c20024ab7-AppendLogResponseHandler: Failed appendEntries: org.apache.ratis.thirdparty.io.grpc.StatusRuntimeException: UNAVAILABLE: io exception
2019-09-29 11:27:00,835 [grpc-default-executor-26] INFO  impl.FollowerInfo (FollowerInfo.java:lambda$new$0(51)) - 266f4e38-b438-4944-8569-530d2ae5f6fc@group-0F923E1C8F14->d7821b28-18a7-4460-b735-be2c20024ab7: nextIndex: updateUnconditionally 1 -> 0
2019-09-29 11:27:00,845 [266f4e38-b438-4944-8569-530d2ae5f6fc@group-42C9F9716FCF:LeaderElection146] INFO  impl.LeaderElection (LeaderElection.java:logAndReturn(56)) - 266f4e38-b438-4944-8569-530d2ae5f6fc@group-42C9F9716FCF:LeaderElection146: Election PASSED; received 1 response(s) [266f4e38-b438-4944-8569-530d2ae5f6fc<-c5175ad5-525e-4c2e-832b-1ca15aa9c500#0:OK-t2] and 1 exception(s); 266f4e38-b438-4944-8569-530d2ae5f6fc@group-42C9F9716FCF:t2, leader=null, voted=266f4e38-b438-4944-8569-530d2ae5f6fc, raftlog=266f4e38-b438-4944-8569-530d2ae5f6fc@group-42C9F9716FCF-SegmentedRaftLog:OPENED:c0,f0,i0, conf=0: [266f4e38-b438-4944-8569-530d2ae5f6fc:192.168.30.19:46645, d7821b28-18a7-4460-b735-be2c20024ab7:192.168.30.19:45148, c5175ad5-525e-4c2e-832b-1ca15aa9c500:192.168.30.19:40504], old=null
2019-09-29 11:27:00,845 [266f4e38-b438-4944-8569-530d2ae5f6fc@group-42C9F9716FCF:LeaderElection146] INFO  impl.LeaderElection (LogUtils.java:infoOrTrace(149)) -   Exception 0: {}
java.util.concurrent.ExecutionException: org.apache.ratis.thirdparty.io.grpc.StatusRuntimeException: UNAVAILABLE: io exception
	at java.util.concurrent.FutureTask.report(FutureTask.java:122)
	at java.util.concurrent.FutureTask.get(FutureTask.java:192)
	at org.apache.ratis.server.impl.LeaderElection.waitForResults(LeaderElection.java:263)
	at org.apache.ratis.server.impl.LeaderElection.askForVotes(LeaderElection.java:201)
	at org.apache.ratis.server.impl.LeaderElection.run(LeaderElection.java:133)
	at java.lang.Thread.run(Thread.java:748)
Caused by: org.apache.ratis.thirdparty.io.grpc.StatusRuntimeException: UNAVAILABLE: io exception
	at org.apache.ratis.thirdparty.io.grpc.stub.ClientCalls.toStatusRuntimeException(ClientCalls.java:233)
	at org.apache.ratis.thirdparty.io.grpc.stub.ClientCalls.getUnchecked(ClientCalls.java:214)
	at org.apache.ratis.thirdparty.io.grpc.stub.ClientCalls.blockingUnaryCall(ClientCalls.java:139)
	at org.apache.ratis.proto.grpc.RaftServerProtocolServiceGrpc$RaftServerProtocolServiceBlockingStub.requestVote(RaftServerProtocolServiceGrpc.java:265)
	at org.apache.ratis.grpc.server.GrpcServerProtocolClient.requestVote(GrpcServerProtocolClient.java:90)
	at org.apache.ratis.grpc.server.GrpcService.requestVote(GrpcService.java:204)
	at org.apache.ratis.server.impl.LeaderElection.lambda$submitRequests$1(LeaderElection.java:238)
	at java.util.concurrent.FutureTask.run(FutureTask.java:266)
	at java.util.concurrent.Executors$RunnableAdapter.call(Executors.java:511)
	at java.util.concurrent.FutureTask.run(FutureTask.java:266)
	at java.util.concurrent.ThreadPoolExecutor.runWorker(ThreadPoolExecutor.java:1149)
	at java.util.concurrent.ThreadPoolExecutor$Worker.run(ThreadPoolExecutor.java:624)
	... 1 more
Caused by: org.apache.ratis.thirdparty.io.netty.channel.AbstractChannel$AnnotatedConnectException: Connection refused: /192.168.30.19:45148
	at sun.nio.ch.SocketChannelImpl.checkConnect(Native Method)
	at sun.nio.ch.SocketChannelImpl.finishConnect(SocketChannelImpl.java:717)
	at org.apache.ratis.thirdparty.io.netty.channel.socket.nio.NioSocketChannel.doFinishConnect(NioSocketChannel.java:327)
	at org.apache.ratis.thirdparty.io.netty.channel.nio.AbstractNioChannel$AbstractNioUnsafe.finishConnect(AbstractNioChannel.java:340)
	at org.apache.ratis.thirdparty.io.netty.channel.nio.NioEventLoop.processSelectedKey(NioEventLoop.java:632)
	at org.apache.ratis.thirdparty.io.netty.channel.nio.NioEventLoop.processSelectedKeysOptimized(NioEventLoop.java:579)
	at org.apache.ratis.thirdparty.io.netty.channel.nio.NioEventLoop.processSelectedKeys(NioEventLoop.java:496)
	at org.apache.ratis.thirdparty.io.netty.channel.nio.NioEventLoop.run(NioEventLoop.java:458)
	at org.apache.ratis.thirdparty.io.netty.util.concurrent.SingleThreadEventExecutor$5.run(SingleThreadEventExecutor.java:897)
	at org.apache.ratis.thirdparty.io.netty.util.concurrent.FastThreadLocalRunnable.run(FastThreadLocalRunnable.java:30)
	... 1 more
Caused by: java.net.ConnectException: Connection refused
	... 11 more
2019-09-29 11:27:00,845 [266f4e38-b438-4944-8569-530d2ae5f6fc@group-42C9F9716FCF:LeaderElection146] INFO  impl.RoleInfo (RoleInfo.java:shutdownLeaderElection(134)) - 266f4e38-b438-4944-8569-530d2ae5f6fc: shutdown LeaderElection
2019-09-29 11:27:00,845 [266f4e38-b438-4944-8569-530d2ae5f6fc@group-42C9F9716FCF:LeaderElection146] INFO  impl.RaftServerImpl (RaftServerImpl.java:setRole(174)) - 266f4e38-b438-4944-8569-530d2ae5f6fc@group-42C9F9716FCF: changes role from CANDIDATE to LEADER at term 2 for changeToLeader
2019-09-29 11:27:00,845 [266f4e38-b438-4944-8569-530d2ae5f6fc@group-42C9F9716FCF:LeaderElection146] INFO  impl.RaftServerImpl (ServerState.java:setLeader(253)) - 266f4e38-b438-4944-8569-530d2ae5f6fc@group-42C9F9716FCF: change Leader from null to 266f4e38-b438-4944-8569-530d2ae5f6fc at term 2 for becomeLeader, leader elected after 951ms
2019-09-29 11:27:00,845 [266f4e38-b438-4944-8569-530d2ae5f6fc@group-42C9F9716FCF:LeaderElection146] INFO  server.RaftServerConfigKeys (ConfUtils.java:logGet(43)) - raft.server.staging.catchup.gap = 1000 (default)
2019-09-29 11:27:00,846 [266f4e38-b438-4944-8569-530d2ae5f6fc@group-42C9F9716FCF:LeaderElection146] INFO  server.RaftServerConfigKeys (ConfUtils.java:logGet(43)) - raft.server.rpc.sleep.time = 25ms (default)
2019-09-29 11:27:00,846 [266f4e38-b438-4944-8569-530d2ae5f6fc@group-42C9F9716FCF:LeaderElection146] INFO  server.RaftServerConfigKeys (ConfUtils.java:logGet(43)) - raft.server.write.element-limit = 4096 (default)
2019-09-29 11:27:00,846 [266f4e38-b438-4944-8569-530d2ae5f6fc@group-42C9F9716FCF:LeaderElection146] INFO  server.RaftServerConfigKeys (ConfUtils.java:logGet(43)) - raft.server.watch.timeout = 10s (default)
2019-09-29 11:27:00,846 [266f4e38-b438-4944-8569-530d2ae5f6fc@group-42C9F9716FCF:LeaderElection146] INFO  server.RaftServerConfigKeys (ConfUtils.java:logGet(43)) - raft.server.watch.timeout.denomination = 1s (default)
2019-09-29 11:27:00,846 [266f4e38-b438-4944-8569-530d2ae5f6fc@group-42C9F9716FCF:LeaderElection146] INFO  server.RaftServerConfigKeys (ConfUtils.java:logGet(43)) - raft.server.watch.element-limit = 65536 (default)
2019-09-29 11:27:00,848 [266f4e38-b438-4944-8569-530d2ae5f6fc@group-42C9F9716FCF:LeaderElection146] INFO  server.RaftServerConfigKeys (ConfUtils.java:logGet(43)) - raft.server.log.appender.snapshot.chunk.size.max = 16MB (=16777216) (default)
2019-09-29 11:27:00,848 [266f4e38-b438-4944-8569-530d2ae5f6fc@group-42C9F9716FCF:LeaderElection146] INFO  server.RaftServerConfigKeys (ConfUtils.java:logGet(43)) - raft.server.log.appender.buffer.byte-limit = 33554432 (custom)
2019-09-29 11:27:00,848 [266f4e38-b438-4944-8569-530d2ae5f6fc@group-42C9F9716FCF:LeaderElection146] INFO  server.RaftServerConfigKeys (ConfUtils.java:logGet(43)) - raft.server.log.appender.buffer.element-limit = 1 (custom)
2019-09-29 11:27:00,848 [266f4e38-b438-4944-8569-530d2ae5f6fc@group-42C9F9716FCF:LeaderElection146] INFO  grpc.GrpcConfigKeys$Server (ConfUtils.java:logGet(43)) - raft.grpc.server.leader.outstanding.appends.max = 128 (default)
2019-09-29 11:27:00,849 [grpc-default-executor-19] WARN  server.GrpcLogAppender (LogUtils.java:warn(134)) - 266f4e38-b438-4944-8569-530d2ae5f6fc@group-0F923E1C8F14->d7821b28-18a7-4460-b735-be2c20024ab7-AppendLogResponseHandler: Failed appendEntries: org.apache.ratis.thirdparty.io.grpc.StatusRuntimeException: UNAVAILABLE: io exception
2019-09-29 11:27:00,849 [266f4e38-b438-4944-8569-530d2ae5f6fc@group-42C9F9716FCF:LeaderElection146] INFO  server.RaftServerConfigKeys (ConfUtils.java:logGet(43)) - raft.server.rpc.request.timeout = 3000ms (default)
2019-09-29 11:27:00,849 [grpc-default-executor-19] INFO  impl.FollowerInfo (FollowerInfo.java:lambda$new$0(51)) - 266f4e38-b438-4944-8569-530d2ae5f6fc@group-0F923E1C8F14->d7821b28-18a7-4460-b735-be2c20024ab7: nextIndex: updateUnconditionally 1 -> 0
2019-09-29 11:27:00,849 [266f4e38-b438-4944-8569-530d2ae5f6fc@group-42C9F9716FCF:LeaderElection146] INFO  server.RaftServerConfigKeys (ConfUtils.java:logGet(43)) - raft.server.log.appender.install.snapshot.enabled = false (custom)
2019-09-29 11:27:00,849 [266f4e38-b438-4944-8569-530d2ae5f6fc@group-42C9F9716FCF:LeaderElection146] INFO  server.RaftServerConfigKeys (ConfUtils.java:logGet(43)) - raft.server.log.appender.snapshot.chunk.size.max = 16MB (=16777216) (default)
2019-09-29 11:27:00,849 [266f4e38-b438-4944-8569-530d2ae5f6fc@group-42C9F9716FCF:LeaderElection146] INFO  server.RaftServerConfigKeys (ConfUtils.java:logGet(43)) - raft.server.log.appender.buffer.byte-limit = 33554432 (custom)
2019-09-29 11:27:00,849 [266f4e38-b438-4944-8569-530d2ae5f6fc@group-42C9F9716FCF:LeaderElection146] INFO  server.RaftServerConfigKeys (ConfUtils.java:logGet(43)) - raft.server.log.appender.buffer.element-limit = 1 (custom)
2019-09-29 11:27:00,849 [266f4e38-b438-4944-8569-530d2ae5f6fc@group-42C9F9716FCF:LeaderElection146] INFO  grpc.GrpcConfigKeys$Server (ConfUtils.java:logGet(43)) - raft.grpc.server.leader.outstanding.appends.max = 128 (default)
2019-09-29 11:27:00,850 [266f4e38-b438-4944-8569-530d2ae5f6fc@group-42C9F9716FCF:LeaderElection146] INFO  server.RaftServerConfigKeys (ConfUtils.java:logGet(43)) - raft.server.rpc.request.timeout = 3000ms (default)
2019-09-29 11:27:00,850 [266f4e38-b438-4944-8569-530d2ae5f6fc@group-42C9F9716FCF:LeaderElection146] INFO  server.RaftServerConfigKeys (ConfUtils.java:logGet(43)) - raft.server.log.appender.install.snapshot.enabled = false (custom)
2019-09-29 11:27:00,850 [266f4e38-b438-4944-8569-530d2ae5f6fc@group-42C9F9716FCF:LeaderElection146] INFO  impl.RoleInfo (RoleInfo.java:updateAndGet(143)) - 266f4e38-b438-4944-8569-530d2ae5f6fc: start LeaderState
2019-09-29 11:27:00,850 [266f4e38-b438-4944-8569-530d2ae5f6fc@group-42C9F9716FCF:LeaderElection146] INFO  segmented.SegmentedRaftLogWorker (SegmentedRaftLogWorker.java:rollLogSegment(385)) - 266f4e38-b438-4944-8569-530d2ae5f6fc@group-42C9F9716FCF-SegmentedRaftLogWorker: Rolling segment log-0_0 to index:0
2019-09-29 11:27:00,851 [266f4e38-b438-4944-8569-530d2ae5f6fc@group-42C9F9716FCF-SegmentedRaftLogWorker] INFO  segmented.SegmentedRaftLogWorker (SegmentedRaftLogWorker.java:execute(526)) - 266f4e38-b438-4944-8569-530d2ae5f6fc@group-42C9F9716FCF-SegmentedRaftLogWorker: Rolled log segment from /workdir/hadoop-ozone/integration-test/target/test-dir/MiniOzoneClusterImpl-f848b852-1aaf-4c40-a29c-4c10b1dc7f95/datanode-2/data/ratis/744628ef-d102-4b54-8099-42c9f9716fcf/current/log_inprogress_0 to /workdir/hadoop-ozone/integration-test/target/test-dir/MiniOzoneClusterImpl-f848b852-1aaf-4c40-a29c-4c10b1dc7f95/datanode-2/data/ratis/744628ef-d102-4b54-8099-42c9f9716fcf/current/log_0-0
2019-09-29 11:27:00,851 [266f4e38-b438-4944-8569-530d2ae5f6fc@group-42C9F9716FCF:LeaderElection146] INFO  impl.RaftServerImpl (ServerState.java:setRaftConf(354)) - 266f4e38-b438-4944-8569-530d2ae5f6fc@group-42C9F9716FCF: set configuration 1: [266f4e38-b438-4944-8569-530d2ae5f6fc:192.168.30.19:46645, d7821b28-18a7-4460-b735-be2c20024ab7:192.168.30.19:45148, c5175ad5-525e-4c2e-832b-1ca15aa9c500:192.168.30.19:40504], old=null at 1
2019-09-29 11:27:00,851 [grpc-default-executor-26] WARN  server.GrpcLogAppender (LogUtils.java:warn(134)) - 266f4e38-b438-4944-8569-530d2ae5f6fc@group-42C9F9716FCF->d7821b28-18a7-4460-b735-be2c20024ab7-AppendLogResponseHandler: Failed appendEntries: org.apache.ratis.thirdparty.io.grpc.StatusRuntimeException: UNAVAILABLE: io exception
2019-09-29 11:27:00,852 [grpc-default-executor-19] INFO  impl.RaftServerImpl (ServerState.java:setLeader(253)) - c5175ad5-525e-4c2e-832b-1ca15aa9c500@group-42C9F9716FCF: change Leader from null to 266f4e38-b438-4944-8569-530d2ae5f6fc at term 2 for appendEntries, leader elected after 35ms
2019-09-29 11:27:00,852 [grpc-default-executor-26] INFO  impl.FollowerInfo (FollowerInfo.java:lambda$new$0(51)) - 266f4e38-b438-4944-8569-530d2ae5f6fc@group-42C9F9716FCF->d7821b28-18a7-4460-b735-be2c20024ab7: nextIndex: updateUnconditionally 1 -> 0
2019-09-29 11:27:00,853 [grpc-default-executor-19] INFO  impl.RaftServerImpl (ServerState.java:setRaftConf(354)) - c5175ad5-525e-4c2e-832b-1ca15aa9c500@group-42C9F9716FCF: set configuration 1: [266f4e38-b438-4944-8569-530d2ae5f6fc:192.168.30.19:46645, d7821b28-18a7-4460-b735-be2c20024ab7:192.168.30.19:45148, c5175ad5-525e-4c2e-832b-1ca15aa9c500:192.168.30.19:40504], old=null at 1
2019-09-29 11:27:00,853 [grpc-default-executor-19] INFO  segmented.SegmentedRaftLogWorker (SegmentedRaftLogWorker.java:rollLogSegment(385)) - c5175ad5-525e-4c2e-832b-1ca15aa9c500@group-42C9F9716FCF-SegmentedRaftLogWorker: Rolling segment log-0_0 to index:0
2019-09-29 11:27:00,853 [c5175ad5-525e-4c2e-832b-1ca15aa9c500@group-42C9F9716FCF-SegmentedRaftLogWorker] INFO  segmented.SegmentedRaftLogWorker (SegmentedRaftLogWorker.java:execute(526)) - c5175ad5-525e-4c2e-832b-1ca15aa9c500@group-42C9F9716FCF-SegmentedRaftLogWorker: Rolled log segment from /workdir/hadoop-ozone/integration-test/target/test-dir/MiniOzoneClusterImpl-f848b852-1aaf-4c40-a29c-4c10b1dc7f95/datanode-3/data/ratis/744628ef-d102-4b54-8099-42c9f9716fcf/current/log_inprogress_0 to /workdir/hadoop-ozone/integration-test/target/test-dir/MiniOzoneClusterImpl-f848b852-1aaf-4c40-a29c-4c10b1dc7f95/datanode-3/data/ratis/744628ef-d102-4b54-8099-42c9f9716fcf/current/log_0-0
2019-09-29 11:27:00,903 [266f4e38-b438-4944-8569-530d2ae5f6fc@group-42C9F9716FCF-SegmentedRaftLogWorker] INFO  segmented.SegmentedRaftLogWorker (SegmentedRaftLogWorker.java:execute(569)) - 266f4e38-b438-4944-8569-530d2ae5f6fc@group-42C9F9716FCF-SegmentedRaftLogWorker: created new log segment /workdir/hadoop-ozone/integration-test/target/test-dir/MiniOzoneClusterImpl-f848b852-1aaf-4c40-a29c-4c10b1dc7f95/datanode-2/data/ratis/744628ef-d102-4b54-8099-42c9f9716fcf/current/log_inprogress_1
2019-09-29 11:27:00,903 [c5175ad5-525e-4c2e-832b-1ca15aa9c500@group-42C9F9716FCF-SegmentedRaftLogWorker] INFO  segmented.SegmentedRaftLogWorker (SegmentedRaftLogWorker.java:execute(569)) - c5175ad5-525e-4c2e-832b-1ca15aa9c500@group-42C9F9716FCF-SegmentedRaftLogWorker: created new log segment /workdir/hadoop-ozone/integration-test/target/test-dir/MiniOzoneClusterImpl-f848b852-1aaf-4c40-a29c-4c10b1dc7f95/datanode-3/data/ratis/744628ef-d102-4b54-8099-42c9f9716fcf/current/log_inprogress_1
2019-09-29 11:27:00,916 [grpc-default-executor-26] WARN  server.GrpcLogAppender (LogUtils.java:warn(134)) - 266f4e38-b438-4944-8569-530d2ae5f6fc@group-42C9F9716FCF->d7821b28-18a7-4460-b735-be2c20024ab7-AppendLogResponseHandler: Failed appendEntries: org.apache.ratis.thirdparty.io.grpc.StatusRuntimeException: UNAVAILABLE: io exception
2019-09-29 11:27:00,917 [grpc-default-executor-26] INFO  impl.FollowerInfo (FollowerInfo.java:lambda$new$0(51)) - 266f4e38-b438-4944-8569-530d2ae5f6fc@group-42C9F9716FCF->d7821b28-18a7-4460-b735-be2c20024ab7: nextIndex: updateUnconditionally 1 -> 0
2019-09-29 11:27:00,918 [grpc-default-executor-15] WARN  server.GrpcLogAppender (LogUtils.java:warn(134)) - 266f4e38-b438-4944-8569-530d2ae5f6fc@group-42C9F9716FCF->d7821b28-18a7-4460-b735-be2c20024ab7-AppendLogResponseHandler: Failed appendEntries: org.apache.ratis.thirdparty.io.grpc.StatusRuntimeException: UNAVAILABLE: io exception
2019-09-29 11:27:00,919 [grpc-default-executor-15] INFO  impl.FollowerInfo (FollowerInfo.java:lambda$new$0(51)) - 266f4e38-b438-4944-8569-530d2ae5f6fc@group-42C9F9716FCF->d7821b28-18a7-4460-b735-be2c20024ab7: nextIndex: updateUnconditionally 1 -> 0
2019-09-29 11:27:01,115 [grpc-default-executor-19] WARN  server.GrpcLogAppender (LogUtils.java:warn(134)) - c5175ad5-525e-4c2e-832b-1ca15aa9c500@group-C452D2919BED->d7821b28-18a7-4460-b735-be2c20024ab7-AppendLogResponseHandler: Failed appendEntries: org.apache.ratis.thirdparty.io.grpc.StatusRuntimeException: UNAVAILABLE: io exception
2019-09-29 11:27:01,116 [grpc-default-executor-19] INFO  impl.FollowerInfo (FollowerInfo.java:lambda$new$0(51)) - c5175ad5-525e-4c2e-832b-1ca15aa9c500@group-C452D2919BED->d7821b28-18a7-4460-b735-be2c20024ab7: nextIndex: updateUnconditionally 15 -> 14
2019-09-29 11:27:01,445 [grpc-default-executor-15] WARN  server.GrpcLogAppender (LogUtils.java:warn(134)) - 266f4e38-b438-4944-8569-530d2ae5f6fc@group-0CD34D698E0C->d7821b28-18a7-4460-b735-be2c20024ab7-AppendLogResponseHandler: Failed appendEntries: org.apache.ratis.thirdparty.io.grpc.StatusRuntimeException: UNAVAILABLE: io exception
2019-09-29 11:27:01,445 [grpc-default-executor-15] INFO  impl.FollowerInfo (FollowerInfo.java:lambda$new$0(51)) - 266f4e38-b438-4944-8569-530d2ae5f6fc@group-0CD34D698E0C->d7821b28-18a7-4460-b735-be2c20024ab7: nextIndex: updateUnconditionally 0 -> 0
2019-09-29 11:27:01,575 [EventQueue-StaleNodeForStaleNodeHandler] INFO  node.StaleNodeHandler (StaleNodeHandler.java:onMessage(58)) - Datanode 266f4e38-b438-4944-8569-530d2ae5f6fc{ip: 192.168.30.19, host: pr-hdds-1569-lsfh5-224679870, networkLocation: /default-rack, certSerialId: null} moved to stale state. Finalizing its pipelines [PipelineID=7fecf4fb-f58b-499a-951d-253df9b988bf, PipelineID=6d78998e-d786-44e3-90c6-a84c2d9c10c5, PipelineID=cd57b1db-4d38-4f1f-9bb0-0f923e1c8f14, PipelineID=bf62e0f5-81be-4bc0-872a-4b0c29b2851b, PipelineID=1946d8fd-26f7-4f70-b39b-ace69562662b, PipelineID=30201af2-7d9f-4699-a016-92aa78341d71, PipelineID=67f5dee5-7be3-44d8-8082-086da515fd7e, PipelineID=3a8a0b3b-b4ef-44e9-bbdf-8e5314906f1b, PipelineID=744628ef-d102-4b54-8099-42c9f9716fcf, PipelineID=c104329c-7c69-4532-a778-c452d2919bed, PipelineID=32d77fcc-4182-4210-a715-fbe960bc2edc, PipelineID=34d49c9d-af83-4d29-8968-0cd34d698e0c]
2019-09-29 11:27:01,575 [EventQueue-StaleNodeForStaleNodeHandler] INFO  pipeline.SCMPipelineManager (SCMPipelineManager.java:finalizeAndDestroyPipeline(341)) - destroying pipeline:Pipeline[ Id: 7fecf4fb-f58b-499a-951d-253df9b988bf, Nodes: c5175ad5-525e-4c2e-832b-1ca15aa9c500{ip: 192.168.30.19, host: pr-hdds-1569-lsfh5-224679870, networkLocation: /default-rack, certSerialId: null}d7821b28-18a7-4460-b735-be2c20024ab7{ip: 192.168.30.19, host: pr-hdds-1569-lsfh5-224679870, networkLocation: /default-rack, certSerialId: null}266f4e38-b438-4944-8569-530d2ae5f6fc{ip: 192.168.30.19, host: pr-hdds-1569-lsfh5-224679870, networkLocation: /default-rack, certSerialId: null}, Type:RATIS, Factor:THREE, State:CLOSED]
2019-09-29 11:27:01,576 [EventQueue-StaleNodeForStaleNodeHandler] INFO  pipeline.SCMPipelineManager (SCMPipelineManager.java:finalizeAndDestroyPipeline(341)) - destroying pipeline:Pipeline[ Id: 6d78998e-d786-44e3-90c6-a84c2d9c10c5, Nodes: 266f4e38-b438-4944-8569-530d2ae5f6fc{ip: 192.168.30.19, host: pr-hdds-1569-lsfh5-224679870, networkLocation: /default-rack, certSerialId: null}d7821b28-18a7-4460-b735-be2c20024ab7{ip: 192.168.30.19, host: pr-hdds-1569-lsfh5-224679870, networkLocation: /default-rack, certSerialId: null}c5175ad5-525e-4c2e-832b-1ca15aa9c500{ip: 192.168.30.19, host: pr-hdds-1569-lsfh5-224679870, networkLocation: /default-rack, certSerialId: null}, Type:RATIS, Factor:THREE, State:CLOSED]
2019-09-29 11:27:01,576 [EventQueue-StaleNodeForStaleNodeHandler] INFO  pipeline.SCMPipelineManager (SCMPipelineManager.java:finalizeAndDestroyPipeline(341)) - destroying pipeline:Pipeline[ Id: cd57b1db-4d38-4f1f-9bb0-0f923e1c8f14, Nodes: d7821b28-18a7-4460-b735-be2c20024ab7{ip: 192.168.30.19, host: pr-hdds-1569-lsfh5-224679870, networkLocation: /default-rack, certSerialId: null}266f4e38-b438-4944-8569-530d2ae5f6fc{ip: 192.168.30.19, host: pr-hdds-1569-lsfh5-224679870, networkLocation: /default-rack, certSerialId: null}c5175ad5-525e-4c2e-832b-1ca15aa9c500{ip: 192.168.30.19, host: pr-hdds-1569-lsfh5-224679870, networkLocation: /default-rack, certSerialId: null}, Type:RATIS, Factor:THREE, State:CLOSED]
2019-09-29 11:27:01,576 [EventQueue-StaleNodeForStaleNodeHandler] INFO  pipeline.SCMPipelineManager (SCMPipelineManager.java:finalizeAndDestroyPipeline(341)) - destroying pipeline:Pipeline[ Id: bf62e0f5-81be-4bc0-872a-4b0c29b2851b, Nodes: 266f4e38-b438-4944-8569-530d2ae5f6fc{ip: 192.168.30.19, host: pr-hdds-1569-lsfh5-224679870, networkLocation: /default-rack, certSerialId: null}, Type:RATIS, Factor:ONE, State:OPEN]
2019-09-29 11:27:01,576 [EventQueue-StaleNodeForStaleNodeHandler] INFO  pipeline.PipelineStateManager (PipelineStateManager.java:finalizePipeline(123)) - Pipeline Pipeline[ Id: bf62e0f5-81be-4bc0-872a-4b0c29b2851b, Nodes: 266f4e38-b438-4944-8569-530d2ae5f6fc{ip: 192.168.30.19, host: pr-hdds-1569-lsfh5-224679870, networkLocation: /default-rack, certSerialId: null}, Type:RATIS, Factor:ONE, State:CLOSED] moved to CLOSED state
2019-09-29 11:27:01,576 [EventQueue-StaleNodeForStaleNodeHandler] INFO  pipeline.SCMPipelineManager (SCMPipelineManager.java:finalizeAndDestroyPipeline(341)) - destroying pipeline:Pipeline[ Id: 1946d8fd-26f7-4f70-b39b-ace69562662b, Nodes: 266f4e38-b438-4944-8569-530d2ae5f6fc{ip: 192.168.30.19, host: pr-hdds-1569-lsfh5-224679870, networkLocation: /default-rack, certSerialId: null}d7821b28-18a7-4460-b735-be2c20024ab7{ip: 192.168.30.19, host: pr-hdds-1569-lsfh5-224679870, networkLocation: /default-rack, certSerialId: null}c5175ad5-525e-4c2e-832b-1ca15aa9c500{ip: 192.168.30.19, host: pr-hdds-1569-lsfh5-224679870, networkLocation: /default-rack, certSerialId: null}, Type:RATIS, Factor:THREE, State:CLOSED]
2019-09-29 11:27:01,576 [EventQueue-StaleNodeForStaleNodeHandler] INFO  pipeline.SCMPipelineManager (SCMPipelineManager.java:finalizeAndDestroyPipeline(341)) - destroying pipeline:Pipeline[ Id: 30201af2-7d9f-4699-a016-92aa78341d71, Nodes: 266f4e38-b438-4944-8569-530d2ae5f6fc{ip: 192.168.30.19, host: pr-hdds-1569-lsfh5-224679870, networkLocation: /default-rack, certSerialId: null}d7821b28-18a7-4460-b735-be2c20024ab7{ip: 192.168.30.19, host: pr-hdds-1569-lsfh5-224679870, networkLocation: /default-rack, certSerialId: null}c5175ad5-525e-4c2e-832b-1ca15aa9c500{ip: 192.168.30.19, host: pr-hdds-1569-lsfh5-224679870, networkLocation: /default-rack, certSerialId: null}, Type:RATIS, Factor:THREE, State:CLOSED]
2019-09-29 11:27:01,576 [EventQueue-StaleNodeForStaleNodeHandler] INFO  pipeline.SCMPipelineManager (SCMPipelineManager.java:finalizeAndDestroyPipeline(341)) - destroying pipeline:Pipeline[ Id: 67f5dee5-7be3-44d8-8082-086da515fd7e, Nodes: 266f4e38-b438-4944-8569-530d2ae5f6fc{ip: 192.168.30.19, host: pr-hdds-1569-lsfh5-224679870, networkLocation: /default-rack, certSerialId: null}c5175ad5-525e-4c2e-832b-1ca15aa9c500{ip: 192.168.30.19, host: pr-hdds-1569-lsfh5-224679870, networkLocation: /default-rack, certSerialId: null}d7821b28-18a7-4460-b735-be2c20024ab7{ip: 192.168.30.19, host: pr-hdds-1569-lsfh5-224679870, networkLocation: /default-rack, certSerialId: null}, Type:RATIS, Factor:THREE, State:CLOSED]
2019-09-29 11:27:01,576 [EventQueue-StaleNodeForStaleNodeHandler] INFO  pipeline.SCMPipelineManager (SCMPipelineManager.java:finalizeAndDestroyPipeline(341)) - destroying pipeline:Pipeline[ Id: 3a8a0b3b-b4ef-44e9-bbdf-8e5314906f1b, Nodes: 266f4e38-b438-4944-8569-530d2ae5f6fc{ip: 192.168.30.19, host: pr-hdds-1569-lsfh5-224679870, networkLocation: /default-rack, certSerialId: null}d7821b28-18a7-4460-b735-be2c20024ab7{ip: 192.168.30.19, host: pr-hdds-1569-lsfh5-224679870, networkLocation: /default-rack, certSerialId: null}c5175ad5-525e-4c2e-832b-1ca15aa9c500{ip: 192.168.30.19, host: pr-hdds-1569-lsfh5-224679870, networkLocation: /default-rack, certSerialId: null}, Type:RATIS, Factor:THREE, State:CLOSED]
2019-09-29 11:27:01,577 [EventQueue-StaleNodeForStaleNodeHandler] INFO  pipeline.SCMPipelineManager (SCMPipelineManager.java:finalizeAndDestroyPipeline(341)) - destroying pipeline:Pipeline[ Id: 744628ef-d102-4b54-8099-42c9f9716fcf, Nodes: d7821b28-18a7-4460-b735-be2c20024ab7{ip: 192.168.30.19, host: pr-hdds-1569-lsfh5-224679870, networkLocation: /default-rack, certSerialId: null}266f4e38-b438-4944-8569-530d2ae5f6fc{ip: 192.168.30.19, host: pr-hdds-1569-lsfh5-224679870, networkLocation: /default-rack, certSerialId: null}c5175ad5-525e-4c2e-832b-1ca15aa9c500{ip: 192.168.30.19, host: pr-hdds-1569-lsfh5-224679870, networkLocation: /default-rack, certSerialId: null}, Type:RATIS, Factor:THREE, State:CLOSED]
2019-09-29 11:27:01,577 [EventQueue-StaleNodeForStaleNodeHandler] INFO  pipeline.SCMPipelineManager (SCMPipelineManager.java:finalizeAndDestroyPipeline(341)) - destroying pipeline:Pipeline[ Id: c104329c-7c69-4532-a778-c452d2919bed, Nodes: d7821b28-18a7-4460-b735-be2c20024ab7{ip: 192.168.30.19, host: pr-hdds-1569-lsfh5-224679870, networkLocation: /default-rack, certSerialId: null}c5175ad5-525e-4c2e-832b-1ca15aa9c500{ip: 192.168.30.19, host: pr-hdds-1569-lsfh5-224679870, networkLocation: /default-rack, certSerialId: null}266f4e38-b438-4944-8569-530d2ae5f6fc{ip: 192.168.30.19, host: pr-hdds-1569-lsfh5-224679870, networkLocation: /default-rack, certSerialId: null}, Type:RATIS, Factor:THREE, State:CLOSED]
2019-09-29 11:27:01,577 [EventQueue-StaleNodeForStaleNodeHandler] INFO  pipeline.SCMPipelineManager (SCMPipelineManager.java:finalizeAndDestroyPipeline(341)) - destroying pipeline:Pipeline[ Id: 32d77fcc-4182-4210-a715-fbe960bc2edc, Nodes: 266f4e38-b438-4944-8569-530d2ae5f6fc{ip: 192.168.30.19, host: pr-hdds-1569-lsfh5-224679870, networkLocation: /default-rack, certSerialId: null}d7821b28-18a7-4460-b735-be2c20024ab7{ip: 192.168.30.19, host: pr-hdds-1569-lsfh5-224679870, networkLocation: /default-rack, certSerialId: null}c5175ad5-525e-4c2e-832b-1ca15aa9c500{ip: 192.168.30.19, host: pr-hdds-1569-lsfh5-224679870, networkLocation: /default-rack, certSerialId: null}, Type:RATIS, Factor:THREE, State:CLOSED]
2019-09-29 11:27:01,577 [EventQueue-StaleNodeForStaleNodeHandler] INFO  pipeline.SCMPipelineManager (SCMPipelineManager.java:finalizeAndDestroyPipeline(341)) - destroying pipeline:Pipeline[ Id: 34d49c9d-af83-4d29-8968-0cd34d698e0c, Nodes: 266f4e38-b438-4944-8569-530d2ae5f6fc{ip: 192.168.30.19, host: pr-hdds-1569-lsfh5-224679870, networkLocation: /default-rack, certSerialId: null}59ec8f59-497a-428b-8454-a1dbaa70abd6{ip: 192.168.30.19, host: pr-hdds-1569-lsfh5-224679870, networkLocation: /default-rack, certSerialId: null}d7821b28-18a7-4460-b735-be2c20024ab7{ip: 192.168.30.19, host: pr-hdds-1569-lsfh5-224679870, networkLocation: /default-rack, certSerialId: null}, Type:RATIS, Factor:THREE, State:CLOSED]
2019-09-29 11:27:01,712 [grpc-default-executor-26] WARN  server.GrpcLogAppender (LogUtils.java:warn(134)) - 266f4e38-b438-4944-8569-530d2ae5f6fc@group-086DA515FD7E->d7821b28-18a7-4460-b735-be2c20024ab7-AppendLogResponseHandler: Failed appendEntries: org.apache.ratis.thirdparty.io.grpc.StatusRuntimeException: UNAVAILABLE: io exception
2019-09-29 11:27:01,712 [grpc-default-executor-26] INFO  impl.FollowerInfo (FollowerInfo.java:lambda$new$0(51)) - 266f4e38-b438-4944-8569-530d2ae5f6fc@group-086DA515FD7E->d7821b28-18a7-4460-b735-be2c20024ab7: nextIndex: updateUnconditionally 0 -> 0
2019-09-29 11:27:01,875 [EventQueue-StaleNodeForStaleNodeHandler] INFO  node.StaleNodeHandler (StaleNodeHandler.java:onMessage(58)) - Datanode f44bf8a9-87e1-4667-ad7c-2a8437d94769{ip: 192.168.30.19, host: pr-hdds-1569-lsfh5-224679870, networkLocation: /default-rack, certSerialId: null} moved to stale state. Finalizing its pipelines []
2019-09-29 11:27:02,008 [grpc-default-executor-19] WARN  server.GrpcLogAppender (LogUtils.java:warn(134)) - c5175ad5-525e-4c2e-832b-1ca15aa9c500@group-FBE960BC2EDC->d7821b28-18a7-4460-b735-be2c20024ab7-AppendLogResponseHandler: Failed appendEntries: org.apache.ratis.thirdparty.io.grpc.StatusRuntimeException: UNAVAILABLE: io exception
2019-09-29 11:27:02,009 [grpc-default-executor-19] INFO  impl.FollowerInfo (FollowerInfo.java:lambda$new$0(51)) - c5175ad5-525e-4c2e-832b-1ca15aa9c500@group-FBE960BC2EDC->d7821b28-18a7-4460-b735-be2c20024ab7: nextIndex: updateUnconditionally 0 -> 0
2019-09-29 11:27:02,040 [grpc-default-executor-19] WARN  server.GrpcLogAppender (LogUtils.java:warn(134)) - 266f4e38-b438-4944-8569-530d2ae5f6fc@group-ACE69562662B->d7821b28-18a7-4460-b735-be2c20024ab7-AppendLogResponseHandler: Failed appendEntries: org.apache.ratis.thirdparty.io.grpc.StatusRuntimeException: UNAVAILABLE: io exception
2019-09-29 11:27:02,041 [grpc-default-executor-19] INFO  impl.FollowerInfo (FollowerInfo.java:lambda$new$0(51)) - 266f4e38-b438-4944-8569-530d2ae5f6fc@group-ACE69562662B->d7821b28-18a7-4460-b735-be2c20024ab7: nextIndex: updateUnconditionally 0 -> 0
2019-09-29 11:27:02,163 [grpc-default-executor-15] WARN  server.GrpcLogAppender (LogUtils.java:warn(134)) - c5175ad5-525e-4c2e-832b-1ca15aa9c500@group-8E5314906F1B->d7821b28-18a7-4460-b735-be2c20024ab7-AppendLogResponseHandler: Failed appendEntries: org.apache.ratis.thirdparty.io.grpc.StatusRuntimeException: UNAVAILABLE: io exception
2019-09-29 11:27:02,164 [grpc-default-executor-15] INFO  impl.FollowerInfo (FollowerInfo.java:lambda$new$0(51)) - c5175ad5-525e-4c2e-832b-1ca15aa9c500@group-8E5314906F1B->d7821b28-18a7-4460-b735-be2c20024ab7: nextIndex: updateUnconditionally 0 -> 0
2019-09-29 11:27:02,190 [main] INFO  ozoneimpl.OzoneContainer (OzoneContainer.java:stop(231)) - Attempting to stop container services.
2019-09-29 11:27:02,191 [main] INFO  impl.RaftServerProxy (RaftServerProxy.java:lambda$close$4(314)) - f44bf8a9-87e1-4667-ad7c-2a8437d94769: close
2019-09-29 11:27:02,190 [ForkJoinPool.commonPool-worker-1] INFO  ozoneimpl.OzoneContainer (OzoneContainer.java:stop(231)) - Attempting to stop container services.
2019-09-29 11:27:02,194 [main] INFO  server.GrpcService (GrpcService.java:closeImpl(164)) - f44bf8a9-87e1-4667-ad7c-2a8437d94769: shutdown server with port 33034 now
2019-09-29 11:27:02,195 [grpc-default-executor-26] WARN  server.GrpcLogAppender (LogUtils.java:warn(134)) - c5175ad5-525e-4c2e-832b-1ca15aa9c500@group-92AA78341D71->d7821b28-18a7-4460-b735-be2c20024ab7-AppendLogResponseHandler: Failed appendEntries: org.apache.ratis.thirdparty.io.grpc.StatusRuntimeException: UNAVAILABLE: io exception
2019-09-29 11:27:02,195 [ForkJoinPool.commonPool-worker-1] INFO  impl.RaftServerProxy (RaftServerProxy.java:lambda$close$4(314)) - 266f4e38-b438-4944-8569-530d2ae5f6fc: close
2019-09-29 11:27:02,195 [main] INFO  server.GrpcService (GrpcService.java:closeImpl(172)) - f44bf8a9-87e1-4667-ad7c-2a8437d94769: shutdown server with port 33034 successfully
2019-09-29 11:27:02,195 [ForkJoinPool.commonPool-worker-1] INFO  impl.RaftServerImpl (RaftServerImpl.java:lambda$shutdown$3(251)) - 266f4e38-b438-4944-8569-530d2ae5f6fc@group-ACE69562662B: shutdown
2019-09-29 11:27:02,195 [grpc-default-executor-26] INFO  impl.FollowerInfo (FollowerInfo.java:lambda$new$0(51)) - c5175ad5-525e-4c2e-832b-1ca15aa9c500@group-92AA78341D71->d7821b28-18a7-4460-b735-be2c20024ab7: nextIndex: updateUnconditionally 0 -> 0
2019-09-29 11:27:02,196 [ForkJoinPool.commonPool-worker-1] INFO  util.JmxRegister (JmxRegister.java:unregister(73)) - Successfully un-registered JMX Bean with object name Ratis:service=RaftServer,group=group-ACE69562662B,id=266f4e38-b438-4944-8569-530d2ae5f6fc
2019-09-29 11:27:02,196 [ForkJoinPool.commonPool-worker-1] INFO  impl.RoleInfo (RoleInfo.java:shutdownLeaderState(104)) - 266f4e38-b438-4944-8569-530d2ae5f6fc: shutdown LeaderState
2019-09-29 11:27:02,196 [ForkJoinPool.commonPool-worker-1] INFO  impl.PendingRequests (PendingRequests.java:sendNotLeaderResponses(202)) - 266f4e38-b438-4944-8569-530d2ae5f6fc-PendingRequests: sendNotLeaderResponses
2019-09-29 11:27:02,197 [org.apache.ratis.server.impl.LogAppender$AppenderDaemon$$Lambda$506/1412001111@5f83dfe7] WARN  server.GrpcLogAppender (GrpcLogAppender.java:mayWait(143)) - 266f4e38-b438-4944-8569-530d2ae5f6fc@group-ACE69562662B->c5175ad5-525e-4c2e-832b-1ca15aa9c500-GrpcLogAppender: Wait interrupted by java.lang.InterruptedException
2019-09-29 11:27:02,196 [org.apache.ratis.server.impl.LogAppender$AppenderDaemon$$Lambda$506/1412001111@7ec8e966] WARN  server.GrpcLogAppender (GrpcLogAppender.java:mayWait(143)) - 266f4e38-b438-4944-8569-530d2ae5f6fc@group-ACE69562662B->d7821b28-18a7-4460-b735-be2c20024ab7-GrpcLogAppender: Wait interrupted by java.lang.InterruptedException
2019-09-29 11:27:02,197 [ForkJoinPool.commonPool-worker-1] INFO  impl.StateMachineUpdater (StateMachineUpdater.java:stopAndJoin(125)) - 266f4e38-b438-4944-8569-530d2ae5f6fc@group-ACE69562662B-StateMachineUpdater: set stopIndex = 0
2019-09-29 11:27:02,198 [grpc-default-executor-26] INFO  server.GrpcServerProtocolService (GrpcServerProtocolService.java:onCompleted(113)) - c5175ad5-525e-4c2e-832b-1ca15aa9c500: Completed APPEND_ENTRIES, lastRequest: 266f4e38-b438-4944-8569-530d2ae5f6fc->c5175ad5-525e-4c2e-832b-1ca15aa9c500#8-t1, previous=(t:1, i:0), leaderCommit=0, initializing? false, entries: <empty>
2019-09-29 11:27:02,198 [refreshUsed-/workdir/hadoop-ozone/integration-test/target/test-dir/MiniOzoneClusterImpl-f848b852-1aaf-4c40-a29c-4c10b1dc7f95/datanode-4/data/containers] WARN  fs.CachingGetSpaceUsed (CachingGetSpaceUsed.java:run(183)) - Thread Interrupted waiting to refresh disk information: sleep interrupted
2019-09-29 11:27:02,198 [ForkJoinPool.commonPool-worker-1] INFO  impl.RaftServerImpl (ServerState.java:close(385)) - 266f4e38-b438-4944-8569-530d2ae5f6fc@group-ACE69562662B: closes. applyIndex: 0
2019-09-29 11:27:02,198 [grpc-default-executor-26] INFO  server.GrpcLogAppender (GrpcLogAppender.java:onCompleted(293)) - 266f4e38-b438-4944-8569-530d2ae5f6fc@group-ACE69562662B->c5175ad5-525e-4c2e-832b-1ca15aa9c500-AppendLogResponseHandler: follower responses appendEntries COMPLETED
2019-09-29 11:27:02,200 [266f4e38-b438-4944-8569-530d2ae5f6fc@group-ACE69562662B-SegmentedRaftLogWorker] INFO  segmented.SegmentedRaftLogWorker (SegmentedRaftLogWorker.java:run(313)) - 266f4e38-b438-4944-8569-530d2ae5f6fc@group-ACE69562662B-SegmentedRaftLogWorker was interrupted, exiting. There are 0 tasks remaining in the queue.
2019-09-29 11:27:02,201 [grpc-default-executor-26] INFO  impl.FollowerInfo (FollowerInfo.java:lambda$new$0(51)) - 266f4e38-b438-4944-8569-530d2ae5f6fc@group-ACE69562662B->c5175ad5-525e-4c2e-832b-1ca15aa9c500: nextIndex: updateUnconditionally 1 -> 0
2019-09-29 11:27:02,201 [ForkJoinPool.commonPool-worker-1] INFO  segmented.SegmentedRaftLogWorker (SegmentedRaftLogWorker.java:close(228)) - 266f4e38-b438-4944-8569-530d2ae5f6fc@group-ACE69562662B-SegmentedRaftLogWorker close()
2019-09-29 11:27:02,201 [grpc-default-executor-28] WARN  server.GrpcLogAppender (LogUtils.java:warn(134)) - 266f4e38-b438-4944-8569-530d2ae5f6fc@group-0F923E1C8F14->c5175ad5-525e-4c2e-832b-1ca15aa9c500-AppendLogResponseHandler: Failed appendEntries: org.apache.ratis.thirdparty.io.grpc.StatusRuntimeException: UNAVAILABLE: Channel shutdownNow invoked
2019-09-29 11:27:02,201 [grpc-default-executor-26] WARN  server.GrpcLogAppender (LogUtils.java:warn(134)) - 266f4e38-b438-4944-8569-530d2ae5f6fc@group-42C9F9716FCF->c5175ad5-525e-4c2e-832b-1ca15aa9c500-AppendLogResponseHandler: Failed appendEntries: org.apache.ratis.thirdparty.io.grpc.StatusRuntimeException: UNAVAILABLE: Channel shutdownNow invoked
2019-09-29 11:27:02,201 [grpc-default-executor-15] WARN  server.GrpcLogAppender (LogUtils.java:warn(134)) - 266f4e38-b438-4944-8569-530d2ae5f6fc@group-253DF9B988BF->c5175ad5-525e-4c2e-832b-1ca15aa9c500-AppendLogResponseHandler: Failed appendEntries: org.apache.ratis.thirdparty.io.grpc.StatusRuntimeException: UNAVAILABLE: Channel shutdownNow invoked
2019-09-29 11:27:02,201 [grpc-default-executor-19] WARN  server.GrpcLogAppender (LogUtils.java:warn(134)) - 266f4e38-b438-4944-8569-530d2ae5f6fc@group-086DA515FD7E->c5175ad5-525e-4c2e-832b-1ca15aa9c500-AppendLogResponseHandler: Failed appendEntries: org.apache.ratis.thirdparty.io.grpc.StatusRuntimeException: UNAVAILABLE: Channel shutdownNow invoked
2019-09-29 11:27:02,205 [grpc-default-executor-15] INFO  impl.FollowerInfo (FollowerInfo.java:lambda$new$0(51)) - 266f4e38-b438-4944-8569-530d2ae5f6fc@group-253DF9B988BF->c5175ad5-525e-4c2e-832b-1ca15aa9c500: nextIndex: updateUnconditionally 3 -> 2
2019-09-29 11:27:02,205 [grpc-default-executor-26] INFO  impl.FollowerInfo (FollowerInfo.java:lambda$new$0(51)) - 266f4e38-b438-4944-8569-530d2ae5f6fc@group-42C9F9716FCF->c5175ad5-525e-4c2e-832b-1ca15aa9c500: nextIndex: updateUnconditionally 3 -> 2
2019-09-29 11:27:02,205 [grpc-default-executor-25] WARN  server.GrpcServerProtocolService (LogUtils.java:warn(134)) - c5175ad5-525e-4c2e-832b-1ca15aa9c500: installSnapshot onError, lastRequest: 266f4e38-b438-4944-8569-530d2ae5f6fc->c5175ad5-525e-4c2e-832b-1ca15aa9c500#2-t2, previous=(t:2, i:1), leaderCommit=1, initializing? false, entries: size=1, first=(t:2, i:2), METADATAENTRY(c1): org.apache.ratis.thirdparty.io.grpc.StatusRuntimeException: CANCELLED: cancelled before receiving half close
2019-09-29 11:27:02,205 [grpc-default-executor-28] INFO  impl.FollowerInfo (FollowerInfo.java:lambda$new$0(51)) - 266f4e38-b438-4944-8569-530d2ae5f6fc@group-0F923E1C8F14->c5175ad5-525e-4c2e-832b-1ca15aa9c500: nextIndex: updateUnconditionally 3 -> 2
2019-09-29 11:27:02,205 [grpc-default-executor-21] WARN  server.GrpcServerProtocolService (LogUtils.java:warn(134)) - c5175ad5-525e-4c2e-832b-1ca15aa9c500: installSnapshot onError, lastRequest: 266f4e38-b438-4944-8569-530d2ae5f6fc->c5175ad5-525e-4c2e-832b-1ca15aa9c500#2-t2, previous=(t:2, i:1), leaderCommit=1, initializing? false, entries: size=1, first=(t:2, i:2), METADATAENTRY(c1): org.apache.ratis.thirdparty.io.grpc.StatusRuntimeException: CANCELLED: cancelled before receiving half close
2019-09-29 11:27:02,205 [grpc-default-executor-2] WARN  server.GrpcServerProtocolService (LogUtils.java:warn(134)) - c5175ad5-525e-4c2e-832b-1ca15aa9c500: installSnapshot onError, lastRequest: 266f4e38-b438-4944-8569-530d2ae5f6fc->c5175ad5-525e-4c2e-832b-1ca15aa9c500#2-t3, previous=(t:3, i:1), leaderCommit=1, initializing? false, entries: size=1, first=(t:3, i:2), METADATAENTRY(c1): org.apache.ratis.thirdparty.io.grpc.StatusRuntimeException: CANCELLED: cancelled before receiving half close
2019-09-29 11:27:02,205 [ForkJoinPool.commonPool-worker-1] INFO  impl.RaftServerImpl (RaftServerImpl.java:lambda$shutdown$3(251)) - 266f4e38-b438-4944-8569-530d2ae5f6fc@group-92AA78341D71: shutdown
2019-09-29 11:27:02,201 [grpc-default-executor-14] WARN  server.GrpcServerProtocolService (LogUtils.java:warn(134)) - c5175ad5-525e-4c2e-832b-1ca15aa9c500: installSnapshot onError, lastRequest: 266f4e38-b438-4944-8569-530d2ae5f6fc->c5175ad5-525e-4c2e-832b-1ca15aa9c500#8-t1, previous=(t:1, i:0), leaderCommit=0, initializing? false, entries: <empty>: org.apache.ratis.thirdparty.io.grpc.StatusRuntimeException: CANCELLED: cancelled before receiving half close
2019-09-29 11:27:02,207 [ForkJoinPool.commonPool-worker-1] INFO  util.JmxRegister (JmxRegister.java:unregister(73)) - Successfully un-registered JMX Bean with object name Ratis:service=RaftServer,group=group-92AA78341D71,id=266f4e38-b438-4944-8569-530d2ae5f6fc
2019-09-29 11:27:02,207 [ForkJoinPool.commonPool-worker-1] INFO  impl.RoleInfo (RoleInfo.java:shutdownFollowerState(121)) - 266f4e38-b438-4944-8569-530d2ae5f6fc: shutdown FollowerState
2019-09-29 11:27:02,205 [grpc-default-executor-19] INFO  impl.FollowerInfo (FollowerInfo.java:lambda$new$0(51)) - 266f4e38-b438-4944-8569-530d2ae5f6fc@group-086DA515FD7E->c5175ad5-525e-4c2e-832b-1ca15aa9c500: nextIndex: updateUnconditionally 1 -> 0
2019-09-29 11:27:02,207 [Thread-6176] INFO  impl.FollowerState (FollowerState.java:run(115)) - 266f4e38-b438-4944-8569-530d2ae5f6fc: FollowerState was interrupted: java.lang.InterruptedException: sleep interrupted
2019-09-29 11:27:02,207 [ForkJoinPool.commonPool-worker-1] INFO  impl.StateMachineUpdater (StateMachineUpdater.java:stopAndJoin(125)) - 266f4e38-b438-4944-8569-530d2ae5f6fc@group-92AA78341D71-StateMachineUpdater: set stopIndex = 0
2019-09-29 11:27:02,208 [ForkJoinPool.commonPool-worker-1] INFO  impl.RaftServerImpl (ServerState.java:close(385)) - 266f4e38-b438-4944-8569-530d2ae5f6fc@group-92AA78341D71: closes. applyIndex: 0
2019-09-29 11:27:02,208 [266f4e38-b438-4944-8569-530d2ae5f6fc@group-92AA78341D71-SegmentedRaftLogWorker] INFO  segmented.SegmentedRaftLogWorker (SegmentedRaftLogWorker.java:run(313)) - 266f4e38-b438-4944-8569-530d2ae5f6fc@group-92AA78341D71-SegmentedRaftLogWorker was interrupted, exiting. There are 0 tasks remaining in the queue.
2019-09-29 11:27:02,209 [ForkJoinPool.commonPool-worker-1] INFO  segmented.SegmentedRaftLogWorker (SegmentedRaftLogWorker.java:close(228)) - 266f4e38-b438-4944-8569-530d2ae5f6fc@group-92AA78341D71-SegmentedRaftLogWorker close()
2019-09-29 11:27:02,212 [ForkJoinPool.commonPool-worker-1] INFO  impl.RaftServerImpl (RaftServerImpl.java:lambda$shutdown$3(251)) - 266f4e38-b438-4944-8569-530d2ae5f6fc@group-086DA515FD7E: shutdown
2019-09-29 11:27:02,212 [ForkJoinPool.commonPool-worker-1] INFO  util.JmxRegister (JmxRegister.java:unregister(73)) - Successfully un-registered JMX Bean with object name Ratis:service=RaftServer,group=group-086DA515FD7E,id=266f4e38-b438-4944-8569-530d2ae5f6fc
2019-09-29 11:27:02,212 [ForkJoinPool.commonPool-worker-1] INFO  impl.RoleInfo (RoleInfo.java:shutdownLeaderState(104)) - 266f4e38-b438-4944-8569-530d2ae5f6fc: shutdown LeaderState
2019-09-29 11:27:02,212 [ForkJoinPool.commonPool-worker-1] INFO  impl.PendingRequests (PendingRequests.java:sendNotLeaderResponses(202)) - 266f4e38-b438-4944-8569-530d2ae5f6fc-PendingRequests: sendNotLeaderResponses
2019-09-29 11:27:02,212 [org.apache.ratis.server.impl.LogAppender$AppenderDaemon$$Lambda$506/1412001111@7fff3f57] WARN  server.GrpcLogAppender (GrpcLogAppender.java:mayWait(143)) - 266f4e38-b438-4944-8569-530d2ae5f6fc@group-086DA515FD7E->c5175ad5-525e-4c2e-832b-1ca15aa9c500-GrpcLogAppender: Wait interrupted by java.lang.InterruptedException
2019-09-29 11:27:02,212 [org.apache.ratis.server.impl.LogAppender$AppenderDaemon$$Lambda$506/1412001111@260ce2ea] WARN  server.GrpcLogAppender (GrpcLogAppender.java:mayWait(143)) - 266f4e38-b438-4944-8569-530d2ae5f6fc@group-086DA515FD7E->d7821b28-18a7-4460-b735-be2c20024ab7-GrpcLogAppender: Wait interrupted by java.lang.InterruptedException
2019-09-29 11:27:02,213 [ForkJoinPool.commonPool-worker-1] INFO  impl.StateMachineUpdater (StateMachineUpdater.java:stopAndJoin(125)) - 266f4e38-b438-4944-8569-530d2ae5f6fc@group-086DA515FD7E-StateMachineUpdater: set stopIndex = 0
2019-09-29 11:27:02,213 [ForkJoinPool.commonPool-worker-1] INFO  impl.RaftServerImpl (ServerState.java:close(385)) - 266f4e38-b438-4944-8569-530d2ae5f6fc@group-086DA515FD7E: closes. applyIndex: 0
2019-09-29 11:27:02,213 [266f4e38-b438-4944-8569-530d2ae5f6fc@group-086DA515FD7E-SegmentedRaftLogWorker] INFO  segmented.SegmentedRaftLogWorker (SegmentedRaftLogWorker.java:run(313)) - 266f4e38-b438-4944-8569-530d2ae5f6fc@group-086DA515FD7E-SegmentedRaftLogWorker was interrupted, exiting. There are 0 tasks remaining in the queue.
2019-09-29 11:27:02,214 [ForkJoinPool.commonPool-worker-1] INFO  segmented.SegmentedRaftLogWorker (SegmentedRaftLogWorker.java:close(228)) - 266f4e38-b438-4944-8569-530d2ae5f6fc@group-086DA515FD7E-SegmentedRaftLogWorker close()
2019-09-29 11:27:02,216 [ForkJoinPool.commonPool-worker-1] INFO  impl.RaftServerImpl (RaftServerImpl.java:lambda$shutdown$3(251)) - 266f4e38-b438-4944-8569-530d2ae5f6fc@group-253DF9B988BF: shutdown
2019-09-29 11:27:02,217 [ForkJoinPool.commonPool-worker-1] INFO  util.JmxRegister (JmxRegister.java:unregister(73)) - Successfully un-registered JMX Bean with object name Ratis:service=RaftServer,group=group-253DF9B988BF,id=266f4e38-b438-4944-8569-530d2ae5f6fc
2019-09-29 11:27:02,217 [ForkJoinPool.commonPool-worker-1] INFO  impl.RoleInfo (RoleInfo.java:shutdownLeaderState(104)) - 266f4e38-b438-4944-8569-530d2ae5f6fc: shutdown LeaderState
2019-09-29 11:27:02,222 [ForkJoinPool.commonPool-worker-1] INFO  impl.PendingRequests (PendingRequests.java:sendNotLeaderResponses(202)) - 266f4e38-b438-4944-8569-530d2ae5f6fc-PendingRequests: sendNotLeaderResponses
2019-09-29 11:27:02,222 [org.apache.ratis.server.impl.LogAppender$AppenderDaemon$$Lambda$506/1412001111@5ac99433] WARN  server.GrpcLogAppender (GrpcLogAppender.java:mayWait(143)) - 266f4e38-b438-4944-8569-530d2ae5f6fc@group-253DF9B988BF->d7821b28-18a7-4460-b735-be2c20024ab7-GrpcLogAppender: Wait interrupted by java.lang.InterruptedException
2019-09-29 11:27:02,222 [org.apache.ratis.server.impl.LogAppender$AppenderDaemon$$Lambda$506/1412001111@23c2fe77] WARN  server.GrpcLogAppender (GrpcLogAppender.java:mayWait(143)) - 266f4e38-b438-4944-8569-530d2ae5f6fc@group-253DF9B988BF->c5175ad5-525e-4c2e-832b-1ca15aa9c500-GrpcLogAppender: Wait interrupted by java.lang.InterruptedException
2019-09-29 11:27:02,227 [ForkJoinPool.commonPool-worker-1] INFO  impl.StateMachineUpdater (StateMachineUpdater.java:stopAndJoin(125)) - 266f4e38-b438-4944-8569-530d2ae5f6fc@group-253DF9B988BF-StateMachineUpdater: set stopIndex = 2
2019-09-29 11:27:02,227 [ForkJoinPool.commonPool-worker-1] INFO  impl.RaftServerImpl (ServerState.java:close(385)) - 266f4e38-b438-4944-8569-530d2ae5f6fc@group-253DF9B988BF: closes. applyIndex: 2
2019-09-29 11:27:02,227 [266f4e38-b438-4944-8569-530d2ae5f6fc@group-253DF9B988BF-SegmentedRaftLogWorker] INFO  segmented.SegmentedRaftLogWorker (SegmentedRaftLogWorker.java:run(313)) - 266f4e38-b438-4944-8569-530d2ae5f6fc@group-253DF9B988BF-SegmentedRaftLogWorker was interrupted, exiting. There are 0 tasks remaining in the queue.
2019-09-29 11:27:02,230 [ForkJoinPool.commonPool-worker-1] INFO  segmented.SegmentedRaftLogWorker (SegmentedRaftLogWorker.java:close(228)) - 266f4e38-b438-4944-8569-530d2ae5f6fc@group-253DF9B988BF-SegmentedRaftLogWorker close()
2019-09-29 11:27:02,232 [ForkJoinPool.commonPool-worker-1] INFO  impl.RaftServerImpl (RaftServerImpl.java:lambda$shutdown$3(251)) - 266f4e38-b438-4944-8569-530d2ae5f6fc@group-A84C2D9C10C5: shutdown
2019-09-29 11:27:02,232 [ForkJoinPool.commonPool-worker-1] INFO  util.JmxRegister (JmxRegister.java:unregister(73)) - Successfully un-registered JMX Bean with object name Ratis:service=RaftServer,group=group-A84C2D9C10C5,id=266f4e38-b438-4944-8569-530d2ae5f6fc
2019-09-29 11:27:02,232 [ForkJoinPool.commonPool-worker-1] INFO  impl.RoleInfo (RoleInfo.java:shutdownFollowerState(121)) - 266f4e38-b438-4944-8569-530d2ae5f6fc: shutdown FollowerState
2019-09-29 11:27:02,233 [ForkJoinPool.commonPool-worker-1] INFO  impl.StateMachineUpdater (StateMachineUpdater.java:stopAndJoin(125)) - 266f4e38-b438-4944-8569-530d2ae5f6fc@group-A84C2D9C10C5-StateMachineUpdater: set stopIndex = 0
2019-09-29 11:27:02,233 [Thread-6208] INFO  impl.FollowerState (FollowerState.java:run(115)) - 266f4e38-b438-4944-8569-530d2ae5f6fc: FollowerState was interrupted: java.lang.InterruptedException: sleep interrupted
2019-09-29 11:27:02,233 [ForkJoinPool.commonPool-worker-1] INFO  impl.RaftServerImpl (ServerState.java:close(385)) - 266f4e38-b438-4944-8569-530d2ae5f6fc@group-A84C2D9C10C5: closes. applyIndex: 0
2019-09-29 11:27:02,233 [266f4e38-b438-4944-8569-530d2ae5f6fc@group-A84C2D9C10C5-SegmentedRaftLogWorker] INFO  segmented.SegmentedRaftLogWorker (SegmentedRaftLogWorker.java:run(313)) - 266f4e38-b438-4944-8569-530d2ae5f6fc@group-A84C2D9C10C5-SegmentedRaftLogWorker was interrupted, exiting. There are 0 tasks remaining in the queue.
2019-09-29 11:27:02,233 [ForkJoinPool.commonPool-worker-1] INFO  segmented.SegmentedRaftLogWorker (SegmentedRaftLogWorker.java:close(228)) - 266f4e38-b438-4944-8569-530d2ae5f6fc@group-A84C2D9C10C5-SegmentedRaftLogWorker close()
2019-09-29 11:27:02,236 [ForkJoinPool.commonPool-worker-1] INFO  impl.RaftServerImpl (RaftServerImpl.java:lambda$shutdown$3(251)) - 266f4e38-b438-4944-8569-530d2ae5f6fc@group-0F923E1C8F14: shutdown
2019-09-29 11:27:02,236 [ForkJoinPool.commonPool-worker-1] INFO  util.JmxRegister (JmxRegister.java:unregister(73)) - Successfully un-registered JMX Bean with object name Ratis:service=RaftServer,group=group-0F923E1C8F14,id=266f4e38-b438-4944-8569-530d2ae5f6fc
2019-09-29 11:27:02,236 [ForkJoinPool.commonPool-worker-1] INFO  impl.RoleInfo (RoleInfo.java:shutdownLeaderState(104)) - 266f4e38-b438-4944-8569-530d2ae5f6fc: shutdown LeaderState
2019-09-29 11:27:02,241 [ForkJoinPool.commonPool-worker-1] INFO  impl.PendingRequests (PendingRequests.java:sendNotLeaderResponses(202)) - 266f4e38-b438-4944-8569-530d2ae5f6fc-PendingRequests: sendNotLeaderResponses
2019-09-29 11:27:02,241 [org.apache.ratis.server.impl.LogAppender$AppenderDaemon$$Lambda$506/1412001111@3c47cbe3] WARN  server.GrpcLogAppender (GrpcLogAppender.java:mayWait(143)) - 266f4e38-b438-4944-8569-530d2ae5f6fc@group-0F923E1C8F14->c5175ad5-525e-4c2e-832b-1ca15aa9c500-GrpcLogAppender: Wait interrupted by java.lang.InterruptedException
2019-09-29 11:27:02,245 [ForkJoinPool.commonPool-worker-1] INFO  impl.StateMachineUpdater (StateMachineUpdater.java:stopAndJoin(125)) - 266f4e38-b438-4944-8569-530d2ae5f6fc@group-0F923E1C8F14-StateMachineUpdater: set stopIndex = 2
2019-09-29 11:27:02,245 [org.apache.ratis.server.impl.LogAppender$AppenderDaemon$$Lambda$506/1412001111@65f55c71] WARN  server.GrpcLogAppender (GrpcLogAppender.java:mayWait(143)) - 266f4e38-b438-4944-8569-530d2ae5f6fc@group-0F923E1C8F14->d7821b28-18a7-4460-b735-be2c20024ab7-GrpcLogAppender: Wait interrupted by java.lang.InterruptedException
2019-09-29 11:27:02,245 [ForkJoinPool.commonPool-worker-1] INFO  impl.RaftServerImpl (ServerState.java:close(385)) - 266f4e38-b438-4944-8569-530d2ae5f6fc@group-0F923E1C8F14: closes. applyIndex: 2
2019-09-29 11:27:02,246 [266f4e38-b438-4944-8569-530d2ae5f6fc@group-0F923E1C8F14-SegmentedRaftLogWorker] INFO  segmented.SegmentedRaftLogWorker (SegmentedRaftLogWorker.java:run(313)) - 266f4e38-b438-4944-8569-530d2ae5f6fc@group-0F923E1C8F14-SegmentedRaftLogWorker was interrupted, exiting. There are 0 tasks remaining in the queue.
2019-09-29 11:27:02,248 [ForkJoinPool.commonPool-worker-1] INFO  segmented.SegmentedRaftLogWorker (SegmentedRaftLogWorker.java:close(228)) - 266f4e38-b438-4944-8569-530d2ae5f6fc@group-0F923E1C8F14-SegmentedRaftLogWorker close()
2019-09-29 11:27:02,250 [ForkJoinPool.commonPool-worker-1] INFO  impl.RaftServerImpl (RaftServerImpl.java:lambda$shutdown$3(251)) - 266f4e38-b438-4944-8569-530d2ae5f6fc@group-4B0C29B2851B: shutdown
2019-09-29 11:27:02,251 [ForkJoinPool.commonPool-worker-1] INFO  util.JmxRegister (JmxRegister.java:unregister(73)) - Successfully un-registered JMX Bean with object name Ratis:service=RaftServer,group=group-4B0C29B2851B,id=266f4e38-b438-4944-8569-530d2ae5f6fc
2019-09-29 11:27:02,251 [ForkJoinPool.commonPool-worker-1] INFO  impl.RoleInfo (RoleInfo.java:shutdownLeaderState(104)) - 266f4e38-b438-4944-8569-530d2ae5f6fc: shutdown LeaderState
2019-09-29 11:27:02,251 [ForkJoinPool.commonPool-worker-1] INFO  impl.PendingRequests (PendingRequests.java:sendNotLeaderResponses(202)) - 266f4e38-b438-4944-8569-530d2ae5f6fc-PendingRequests: sendNotLeaderResponses
2019-09-29 11:27:02,251 [ForkJoinPool.commonPool-worker-1] INFO  impl.StateMachineUpdater (StateMachineUpdater.java:stopAndJoin(125)) - 266f4e38-b438-4944-8569-530d2ae5f6fc@group-4B0C29B2851B-StateMachineUpdater: set stopIndex = 0
2019-09-29 11:27:02,251 [ForkJoinPool.commonPool-worker-1] INFO  impl.RaftServerImpl (ServerState.java:close(385)) - 266f4e38-b438-4944-8569-530d2ae5f6fc@group-4B0C29B2851B: closes. applyIndex: 0
2019-09-29 11:27:02,252 [266f4e38-b438-4944-8569-530d2ae5f6fc@group-4B0C29B2851B-SegmentedRaftLogWorker] INFO  segmented.SegmentedRaftLogWorker (SegmentedRaftLogWorker.java:run(313)) - 266f4e38-b438-4944-8569-530d2ae5f6fc@group-4B0C29B2851B-SegmentedRaftLogWorker was interrupted, exiting. There are 0 tasks remaining in the queue.
2019-09-29 11:27:02,252 [ForkJoinPool.commonPool-worker-1] INFO  segmented.SegmentedRaftLogWorker (SegmentedRaftLogWorker.java:close(228)) - 266f4e38-b438-4944-8569-530d2ae5f6fc@group-4B0C29B2851B-SegmentedRaftLogWorker close()
2019-09-29 11:27:02,254 [ForkJoinPool.commonPool-worker-1] INFO  impl.RaftServerImpl (RaftServerImpl.java:lambda$shutdown$3(251)) - 266f4e38-b438-4944-8569-530d2ae5f6fc@group-8E5314906F1B: shutdown
2019-09-29 11:27:02,254 [ForkJoinPool.commonPool-worker-1] INFO  util.JmxRegister (JmxRegister.java:unregister(73)) - Successfully un-registered JMX Bean with object name Ratis:service=RaftServer,group=group-8E5314906F1B,id=266f4e38-b438-4944-8569-530d2ae5f6fc
2019-09-29 11:27:02,254 [ForkJoinPool.commonPool-worker-1] INFO  impl.RoleInfo (RoleInfo.java:shutdownFollowerState(121)) - 266f4e38-b438-4944-8569-530d2ae5f6fc: shutdown FollowerState
2019-09-29 11:27:02,255 [ForkJoinPool.commonPool-worker-1] INFO  impl.StateMachineUpdater (StateMachineUpdater.java:stopAndJoin(125)) - 266f4e38-b438-4944-8569-530d2ae5f6fc@group-8E5314906F1B-StateMachineUpdater: set stopIndex = 0
2019-09-29 11:27:02,255 [Thread-6138] INFO  impl.FollowerState (FollowerState.java:run(115)) - 266f4e38-b438-4944-8569-530d2ae5f6fc: FollowerState was interrupted: java.lang.InterruptedException: sleep interrupted
2019-09-29 11:27:02,255 [ForkJoinPool.commonPool-worker-1] INFO  impl.RaftServerImpl (ServerState.java:close(385)) - 266f4e38-b438-4944-8569-530d2ae5f6fc@group-8E5314906F1B: closes. applyIndex: 0
2019-09-29 11:27:02,255 [266f4e38-b438-4944-8569-530d2ae5f6fc@group-8E5314906F1B-SegmentedRaftLogWorker] INFO  segmented.SegmentedRaftLogWorker (SegmentedRaftLogWorker.java:run(313)) - 266f4e38-b438-4944-8569-530d2ae5f6fc@group-8E5314906F1B-SegmentedRaftLogWorker was interrupted, exiting. There are 0 tasks remaining in the queue.
2019-09-29 11:27:02,255 [ForkJoinPool.commonPool-worker-1] INFO  segmented.SegmentedRaftLogWorker (SegmentedRaftLogWorker.java:close(228)) - 266f4e38-b438-4944-8569-530d2ae5f6fc@group-8E5314906F1B-SegmentedRaftLogWorker close()
2019-09-29 11:27:02,267 [ForkJoinPool.commonPool-worker-1] INFO  impl.RaftServerImpl (RaftServerImpl.java:lambda$shutdown$3(251)) - 266f4e38-b438-4944-8569-530d2ae5f6fc@group-42C9F9716FCF: shutdown
2019-09-29 11:27:02,267 [ForkJoinPool.commonPool-worker-1] INFO  util.JmxRegister (JmxRegister.java:unregister(73)) - Successfully un-registered JMX Bean with object name Ratis:service=RaftServer,group=group-42C9F9716FCF,id=266f4e38-b438-4944-8569-530d2ae5f6fc
2019-09-29 11:27:02,267 [ForkJoinPool.commonPool-worker-1] INFO  impl.RoleInfo (RoleInfo.java:shutdownLeaderState(104)) - 266f4e38-b438-4944-8569-530d2ae5f6fc: shutdown LeaderState
2019-09-29 11:27:02,272 [ForkJoinPool.commonPool-worker-1] INFO  impl.PendingRequests (PendingRequests.java:sendNotLeaderResponses(202)) - 266f4e38-b438-4944-8569-530d2ae5f6fc-PendingRequests: sendNotLeaderResponses
2019-09-29 11:27:02,272 [org.apache.ratis.server.impl.LogAppender$AppenderDaemon$$Lambda$506/1412001111@7b97d741] WARN  server.GrpcLogAppender (GrpcLogAppender.java:mayWait(143)) - 266f4e38-b438-4944-8569-530d2ae5f6fc@group-42C9F9716FCF->d7821b28-18a7-4460-b735-be2c20024ab7-GrpcLogAppender: Wait interrupted by java.lang.InterruptedException
2019-09-29 11:27:02,279 [ForkJoinPool.commonPool-worker-1] INFO  impl.StateMachineUpdater (StateMachineUpdater.java:stopAndJoin(125)) - 266f4e38-b438-4944-8569-530d2ae5f6fc@group-42C9F9716FCF-StateMachineUpdater: set stopIndex = 2
2019-09-29 11:27:02,279 [ForkJoinPool.commonPool-worker-1] INFO  impl.RaftServerImpl (ServerState.java:close(385)) - 266f4e38-b438-4944-8569-530d2ae5f6fc@group-42C9F9716FCF: closes. applyIndex: 2
2019-09-29 11:27:02,272 [org.apache.ratis.server.impl.LogAppender$AppenderDaemon$$Lambda$506/1412001111@5b3316cc] WARN  server.GrpcLogAppender (GrpcLogAppender.java:mayWait(143)) - 266f4e38-b438-4944-8569-530d2ae5f6fc@group-42C9F9716FCF->c5175ad5-525e-4c2e-832b-1ca15aa9c500-GrpcLogAppender: Wait interrupted by java.lang.InterruptedException
2019-09-29 11:27:02,280 [266f4e38-b438-4944-8569-530d2ae5f6fc@group-42C9F9716FCF-SegmentedRaftLogWorker] INFO  segmented.SegmentedRaftLogWorker (SegmentedRaftLogWorker.java:run(313)) - 266f4e38-b438-4944-8569-530d2ae5f6fc@group-42C9F9716FCF-SegmentedRaftLogWorker was interrupted, exiting. There are 0 tasks remaining in the queue.
2019-09-29 11:27:02,282 [ForkJoinPool.commonPool-worker-1] INFO  segmented.SegmentedRaftLogWorker (SegmentedRaftLogWorker.java:close(228)) - 266f4e38-b438-4944-8569-530d2ae5f6fc@group-42C9F9716FCF-SegmentedRaftLogWorker close()
2019-09-29 11:27:02,282 [ForkJoinPool.commonPool-worker-1] INFO  impl.RaftServerImpl (RaftServerImpl.java:lambda$shutdown$3(251)) - 266f4e38-b438-4944-8569-530d2ae5f6fc@group-C452D2919BED: shutdown
2019-09-29 11:27:02,282 [ForkJoinPool.commonPool-worker-1] INFO  util.JmxRegister (JmxRegister.java:unregister(73)) - Successfully un-registered JMX Bean with object name Ratis:service=RaftServer,group=group-C452D2919BED,id=266f4e38-b438-4944-8569-530d2ae5f6fc
2019-09-29 11:27:02,283 [ForkJoinPool.commonPool-worker-1] INFO  impl.RoleInfo (RoleInfo.java:shutdownFollowerState(121)) - 266f4e38-b438-4944-8569-530d2ae5f6fc: shutdown FollowerState
2019-09-29 11:27:02,283 [ForkJoinPool.commonPool-worker-1] INFO  impl.StateMachineUpdater (StateMachineUpdater.java:stopAndJoin(125)) - 266f4e38-b438-4944-8569-530d2ae5f6fc@group-C452D2919BED-StateMachineUpdater: set stopIndex = 28
2019-09-29 11:27:02,283 [266f4e38-b438-4944-8569-530d2ae5f6fc@group-C452D2919BED-StateMachineUpdater] INFO  ratis.ContainerStateMachine (ContainerStateMachine.java:takeSnapshot(289)) - group-C452D2919BED: Taking a snapshot at:(t:2, i:27) file /workdir/hadoop-ozone/integration-test/target/test-dir/MiniOzoneClusterImpl-f848b852-1aaf-4c40-a29c-4c10b1dc7f95/datanode-2/data/ratis/c104329c-7c69-4532-a778-c452d2919bed/sm/snapshot.2_27
2019-09-29 11:27:02,283 [Thread-6273] INFO  impl.FollowerState (FollowerState.java:run(115)) - 266f4e38-b438-4944-8569-530d2ae5f6fc: FollowerState was interrupted: java.lang.InterruptedException: sleep interrupted
2019-09-29 11:27:02,283 [main] INFO  utils.BackgroundService (BackgroundService.java:shutdown(148)) - Shutting down service BlockDeletingService
2019-09-29 11:27:02,290 [main] INFO  statemachine.DatanodeStateMachine (DatanodeStateMachine.java:stopDaemon(395)) - Ozone container server stopped.
2019-09-29 11:27:02,291 [main] INFO  handler.ContextHandler (ContextHandler.java:doStop(910)) - Stopped o.e.j.w.WebAppContext@4b28a7bf{/,null,UNAVAILABLE}{/hddsDatanode}
2019-09-29 11:27:02,292 [main] INFO  server.AbstractConnector (AbstractConnector.java:doStop(318)) - Stopped ServerConnector@d36c1c3{HTTP/1.1,[http/1.1]}{0.0.0.0:0}
2019-09-29 11:27:02,292 [main] INFO  handler.ContextHandler (ContextHandler.java:doStop(910)) - Stopped o.e.j.s.ServletContextHandler@341c6ac2{/static,jar:file:/home/user/.m2/repository/org/apache/hadoop/hadoop-hdds-container-service/0.5.0-SNAPSHOT/hadoop-hdds-container-service-0.5.0-SNAPSHOT.jar!/webapps/static,UNAVAILABLE}
2019-09-29 11:27:02,292 [main] INFO  handler.ContextHandler (ContextHandler.java:doStop(910)) - Stopped o.e.j.s.ServletContextHandler@6f15f52a{/logs,file:///workdir/hadoop-ozone/integration-test/target/log,UNAVAILABLE}
2019-09-29 11:27:02,312 [266f4e38-b438-4944-8569-530d2ae5f6fc@group-C452D2919BED-StateMachineUpdater] INFO  ratis.ContainerStateMachine (ContainerStateMachine.java:takeSnapshot(300)) - group-C452D2919BED: Finished taking a snapshot at:(t:2, i:27) file:/workdir/hadoop-ozone/integration-test/target/test-dir/MiniOzoneClusterImpl-f848b852-1aaf-4c40-a29c-4c10b1dc7f95/datanode-2/data/ratis/c104329c-7c69-4532-a778-c452d2919bed/sm/snapshot.2_27 time:29
2019-09-29 11:27:02,313 [266f4e38-b438-4944-8569-530d2ae5f6fc@group-C452D2919BED-StateMachineUpdater] INFO  impl.StateMachineUpdater (StateMachineUpdater.java:takeSnapshot(258)) - 266f4e38-b438-4944-8569-530d2ae5f6fc@group-C452D2919BED-StateMachineUpdater: Took a snapshot at index 27
2019-09-29 11:27:02,313 [266f4e38-b438-4944-8569-530d2ae5f6fc@group-C452D2919BED-StateMachineUpdater] INFO  impl.StateMachineUpdater (StateMachineUpdater.java:lambda$new$0(83)) - 266f4e38-b438-4944-8569-530d2ae5f6fc@group-C452D2919BED-StateMachineUpdater: snapshotIndex: updateIncreasingly -1 -> 27
2019-09-29 11:27:02,313 [266f4e38-b438-4944-8569-530d2ae5f6fc@group-C452D2919BED-StateMachineUpdater] INFO  ratis.ContainerStateMachine (ContainerStateMachine.java:takeSnapshot(289)) - group-C452D2919BED: Taking a snapshot at:(t:2, i:27) file /workdir/hadoop-ozone/integration-test/target/test-dir/MiniOzoneClusterImpl-f848b852-1aaf-4c40-a29c-4c10b1dc7f95/datanode-2/data/ratis/c104329c-7c69-4532-a778-c452d2919bed/sm/snapshot.2_27
2019-09-29 11:27:02,338 [266f4e38-b438-4944-8569-530d2ae5f6fc@group-C452D2919BED-StateMachineUpdater] INFO  ratis.ContainerStateMachine (ContainerStateMachine.java:takeSnapshot(300)) - group-C452D2919BED: Finished taking a snapshot at:(t:2, i:27) file:/workdir/hadoop-ozone/integration-test/target/test-dir/MiniOzoneClusterImpl-f848b852-1aaf-4c40-a29c-4c10b1dc7f95/datanode-2/data/ratis/c104329c-7c69-4532-a778-c452d2919bed/sm/snapshot.2_27 time:25
2019-09-29 11:27:02,338 [266f4e38-b438-4944-8569-530d2ae5f6fc@group-C452D2919BED-StateMachineUpdater] INFO  impl.StateMachineUpdater (StateMachineUpdater.java:takeSnapshot(258)) - 266f4e38-b438-4944-8569-530d2ae5f6fc@group-C452D2919BED-StateMachineUpdater: Took a snapshot at index 27
2019-09-29 11:27:02,338 [266f4e38-b438-4944-8569-530d2ae5f6fc@group-C452D2919BED-StateMachineUpdater] INFO  impl.StateMachineUpdater (StateMachineUpdater.java:lambda$new$0(83)) - 266f4e38-b438-4944-8569-530d2ae5f6fc@group-C452D2919BED-StateMachineUpdater: snapshotIndex: updateIncreasingly 27 -> 27
2019-09-29 11:27:02,338 [ForkJoinPool.commonPool-worker-1] INFO  impl.RaftServerImpl (ServerState.java:close(385)) - 266f4e38-b438-4944-8569-530d2ae5f6fc@group-C452D2919BED: closes. applyIndex: 28
2019-09-29 11:27:02,339 [266f4e38-b438-4944-8569-530d2ae5f6fc@group-C452D2919BED-SegmentedRaftLogWorker] INFO  segmented.SegmentedRaftLogWorker (SegmentedRaftLogWorker.java:run(313)) - 266f4e38-b438-4944-8569-530d2ae5f6fc@group-C452D2919BED-SegmentedRaftLogWorker was interrupted, exiting. There are 0 tasks remaining in the queue.
2019-09-29 11:27:02,342 [ForkJoinPool.commonPool-worker-1] INFO  segmented.SegmentedRaftLogWorker (SegmentedRaftLogWorker.java:close(228)) - 266f4e38-b438-4944-8569-530d2ae5f6fc@group-C452D2919BED-SegmentedRaftLogWorker close()
2019-09-29 11:27:02,342 [ForkJoinPool.commonPool-worker-1] INFO  impl.RaftServerImpl (RaftServerImpl.java:lambda$shutdown$3(251)) - 266f4e38-b438-4944-8569-530d2ae5f6fc@group-FBE960BC2EDC: shutdown
2019-09-29 11:27:02,342 [ForkJoinPool.commonPool-worker-1] INFO  util.JmxRegister (JmxRegister.java:unregister(73)) - Successfully un-registered JMX Bean with object name Ratis:service=RaftServer,group=group-FBE960BC2EDC,id=266f4e38-b438-4944-8569-530d2ae5f6fc
2019-09-29 11:27:02,342 [ForkJoinPool.commonPool-worker-1] INFO  impl.RoleInfo (RoleInfo.java:shutdownFollowerState(121)) - 266f4e38-b438-4944-8569-530d2ae5f6fc: shutdown FollowerState
2019-09-29 11:27:02,343 [ForkJoinPool.commonPool-worker-1] INFO  impl.StateMachineUpdater (StateMachineUpdater.java:stopAndJoin(125)) - 266f4e38-b438-4944-8569-530d2ae5f6fc@group-FBE960BC2EDC-StateMachineUpdater: set stopIndex = 0
2019-09-29 11:27:02,343 [Thread-6253] INFO  impl.FollowerState (FollowerState.java:run(115)) - 266f4e38-b438-4944-8569-530d2ae5f6fc: FollowerState was interrupted: java.lang.InterruptedException: sleep interrupted
2019-09-29 11:27:02,343 [ForkJoinPool.commonPool-worker-1] INFO  impl.RaftServerImpl (ServerState.java:close(385)) - 266f4e38-b438-4944-8569-530d2ae5f6fc@group-FBE960BC2EDC: closes. applyIndex: 0
2019-09-29 11:27:02,343 [266f4e38-b438-4944-8569-530d2ae5f6fc@group-FBE960BC2EDC-SegmentedRaftLogWorker] INFO  segmented.SegmentedRaftLogWorker (SegmentedRaftLogWorker.java:run(313)) - 266f4e38-b438-4944-8569-530d2ae5f6fc@group-FBE960BC2EDC-SegmentedRaftLogWorker was interrupted, exiting. There are 0 tasks remaining in the queue.
2019-09-29 11:27:02,344 [ForkJoinPool.commonPool-worker-1] INFO  segmented.SegmentedRaftLogWorker (SegmentedRaftLogWorker.java:close(228)) - 266f4e38-b438-4944-8569-530d2ae5f6fc@group-FBE960BC2EDC-SegmentedRaftLogWorker close()
2019-09-29 11:27:02,344 [ForkJoinPool.commonPool-worker-1] INFO  impl.RaftServerImpl (RaftServerImpl.java:lambda$shutdown$3(251)) - 266f4e38-b438-4944-8569-530d2ae5f6fc@group-0CD34D698E0C: shutdown
2019-09-29 11:27:02,344 [ForkJoinPool.commonPool-worker-1] INFO  util.JmxRegister (JmxRegister.java:unregister(73)) - Successfully un-registered JMX Bean with object name Ratis:service=RaftServer,group=group-0CD34D698E0C,id=266f4e38-b438-4944-8569-530d2ae5f6fc
2019-09-29 11:27:02,344 [ForkJoinPool.commonPool-worker-1] INFO  impl.RoleInfo (RoleInfo.java:shutdownLeaderState(104)) - 266f4e38-b438-4944-8569-530d2ae5f6fc: shutdown LeaderState
2019-09-29 11:27:02,345 [ForkJoinPool.commonPool-worker-1] INFO  impl.PendingRequests (PendingRequests.java:sendNotLeaderResponses(202)) - 266f4e38-b438-4944-8569-530d2ae5f6fc-PendingRequests: sendNotLeaderResponses
2019-09-29 11:27:02,345 [org.apache.ratis.server.impl.LogAppender$AppenderDaemon$$Lambda$506/1412001111@5acbd578] WARN  server.GrpcLogAppender (GrpcLogAppender.java:mayWait(143)) - 266f4e38-b438-4944-8569-530d2ae5f6fc@group-0CD34D698E0C->59ec8f59-497a-428b-8454-a1dbaa70abd6-GrpcLogAppender: Wait interrupted by java.lang.InterruptedException
2019-09-29 11:27:02,345 [org.apache.ratis.server.impl.LogAppender$AppenderDaemon$$Lambda$506/1412001111@467a683f] WARN  server.GrpcLogAppender (GrpcLogAppender.java:mayWait(143)) - 266f4e38-b438-4944-8569-530d2ae5f6fc@group-0CD34D698E0C->d7821b28-18a7-4460-b735-be2c20024ab7-GrpcLogAppender: Wait interrupted by java.lang.InterruptedException
2019-09-29 11:27:02,345 [ForkJoinPool.commonPool-worker-1] INFO  impl.StateMachineUpdater (StateMachineUpdater.java:stopAndJoin(125)) - 266f4e38-b438-4944-8569-530d2ae5f6fc@group-0CD34D698E0C-StateMachineUpdater: set stopIndex = 0
2019-09-29 11:27:02,345 [ForkJoinPool.commonPool-worker-1] INFO  impl.RaftServerImpl (ServerState.java:close(385)) - 266f4e38-b438-4944-8569-530d2ae5f6fc@group-0CD34D698E0C: closes. applyIndex: 0
2019-09-29 11:27:02,345 [grpc-default-executor-19] INFO  server.GrpcServerProtocolService (GrpcServerProtocolService.java:onCompleted(113)) - 59ec8f59-497a-428b-8454-a1dbaa70abd6: Completed APPEND_ENTRIES, lastRequest: 266f4e38-b438-4944-8569-530d2ae5f6fc->59ec8f59-497a-428b-8454-a1dbaa70abd6#8-t1, previous=(t:1, i:0), leaderCommit=0, initializing? false, entries: <empty>
2019-09-29 11:27:02,346 [266f4e38-b438-4944-8569-530d2ae5f6fc@group-0CD34D698E0C-SegmentedRaftLogWorker] INFO  segmented.SegmentedRaftLogWorker (SegmentedRaftLogWorker.java:run(313)) - 266f4e38-b438-4944-8569-530d2ae5f6fc@group-0CD34D698E0C-SegmentedRaftLogWorker was interrupted, exiting. There are 0 tasks remaining in the queue.
2019-09-29 11:27:02,346 [ForkJoinPool.commonPool-worker-1] INFO  segmented.SegmentedRaftLogWorker (SegmentedRaftLogWorker.java:close(228)) - 266f4e38-b438-4944-8569-530d2ae5f6fc@group-0CD34D698E0C-SegmentedRaftLogWorker close()
2019-09-29 11:27:02,346 [grpc-default-executor-19] INFO  server.GrpcLogAppender (GrpcLogAppender.java:onCompleted(293)) - 266f4e38-b438-4944-8569-530d2ae5f6fc@group-0CD34D698E0C->59ec8f59-497a-428b-8454-a1dbaa70abd6-AppendLogResponseHandler: follower responses appendEntries COMPLETED
2019-09-29 11:27:02,346 [ForkJoinPool.commonPool-worker-1] INFO  server.GrpcService (GrpcService.java:closeImpl(164)) - 266f4e38-b438-4944-8569-530d2ae5f6fc: shutdown server with port 46645 now
2019-09-29 11:27:02,347 [grpc-default-executor-19] INFO  impl.FollowerInfo (FollowerInfo.java:lambda$new$0(51)) - 266f4e38-b438-4944-8569-530d2ae5f6fc@group-0CD34D698E0C->59ec8f59-497a-428b-8454-a1dbaa70abd6: nextIndex: updateUnconditionally 1 -> 0
2019-09-29 11:27:02,347 [grpc-default-executor-14] WARN  server.GrpcServerProtocolService (LogUtils.java:warn(134)) - 266f4e38-b438-4944-8569-530d2ae5f6fc: installSnapshot onError, lastRequest: c5175ad5-525e-4c2e-832b-1ca15aa9c500->266f4e38-b438-4944-8569-530d2ae5f6fc#8-t1, previous=(t:1, i:0), leaderCommit=0, initializing? false, entries: <empty>: org.apache.ratis.thirdparty.io.grpc.StatusRuntimeException: CANCELLED: cancelled before receiving half close
2019-09-29 11:27:02,347 [grpc-default-executor-2] WARN  server.GrpcServerProtocolService (LogUtils.java:warn(134)) - 266f4e38-b438-4944-8569-530d2ae5f6fc: installSnapshot onError, lastRequest: c5175ad5-525e-4c2e-832b-1ca15aa9c500->266f4e38-b438-4944-8569-530d2ae5f6fc#32-t2, previous=(t:2, i:28), leaderCommit=28, initializing? false, entries: <empty>: org.apache.ratis.thirdparty.io.grpc.StatusRuntimeException: CANCELLED: cancelled before receiving half close
2019-09-29 11:27:02,347 [ForkJoinPool.commonPool-worker-1] INFO  server.GrpcService (GrpcService.java:closeImpl(172)) - 266f4e38-b438-4944-8569-530d2ae5f6fc: shutdown server with port 46645 successfully
2019-09-29 11:27:02,347 [grpc-default-executor-15] WARN  server.GrpcLogAppender (LogUtils.java:warn(134)) - c5175ad5-525e-4c2e-832b-1ca15aa9c500@group-C452D2919BED->266f4e38-b438-4944-8569-530d2ae5f6fc-AppendLogResponseHandler: Failed appendEntries: org.apache.ratis.thirdparty.io.grpc.StatusRuntimeException: CANCELLED: HTTP/2 error code: CANCEL
Received Rst Stream
2019-09-29 11:27:02,347 [grpc-default-executor-26] WARN  server.GrpcLogAppender (LogUtils.java:warn(134)) - c5175ad5-525e-4c2e-832b-1ca15aa9c500@group-FBE960BC2EDC->266f4e38-b438-4944-8569-530d2ae5f6fc-AppendLogResponseHandler: Failed appendEntries: org.apache.ratis.thirdparty.io.grpc.StatusRuntimeException: CANCELLED: HTTP/2 error code: CANCEL
Received Rst Stream
2019-09-29 11:27:02,347 [grpc-default-executor-25] WARN  server.GrpcServerProtocolService (LogUtils.java:warn(134)) - 266f4e38-b438-4944-8569-530d2ae5f6fc: installSnapshot onError, lastRequest: c5175ad5-525e-4c2e-832b-1ca15aa9c500->266f4e38-b438-4944-8569-530d2ae5f6fc#8-t1, previous=(t:1, i:0), leaderCommit=0, initializing? false, entries: <empty>: org.apache.ratis.thirdparty.io.grpc.StatusRuntimeException: CANCELLED: cancelled before receiving half close
2019-09-29 11:27:02,347 [grpc-default-executor-21] WARN  server.GrpcServerProtocolService (LogUtils.java:warn(134)) - 266f4e38-b438-4944-8569-530d2ae5f6fc: installSnapshot onError, lastRequest: c5175ad5-525e-4c2e-832b-1ca15aa9c500->266f4e38-b438-4944-8569-530d2ae5f6fc#6-t2, previous=(t:2, i:0), leaderCommit=0, initializing? false, entries: <empty>: org.apache.ratis.thirdparty.io.grpc.StatusRuntimeException: CANCELLED: cancelled before receiving half close
2019-09-29 11:27:02,348 [grpc-default-executor-26] INFO  impl.FollowerInfo (FollowerInfo.java:lambda$new$0(51)) - c5175ad5-525e-4c2e-832b-1ca15aa9c500@group-FBE960BC2EDC->266f4e38-b438-4944-8569-530d2ae5f6fc: nextIndex: updateUnconditionally 1 -> 0
2019-09-29 11:27:02,348 [grpc-default-executor-15] INFO  impl.FollowerInfo (FollowerInfo.java:lambda$new$0(51)) - c5175ad5-525e-4c2e-832b-1ca15aa9c500@group-C452D2919BED->266f4e38-b438-4944-8569-530d2ae5f6fc: nextIndex: updateUnconditionally 29 -> 28
2019-09-29 11:27:02,348 [grpc-default-executor-28] WARN  server.GrpcLogAppender (LogUtils.java:warn(134)) - c5175ad5-525e-4c2e-832b-1ca15aa9c500@group-92AA78341D71->266f4e38-b438-4944-8569-530d2ae5f6fc-AppendLogResponseHandler: Failed appendEntries: org.apache.ratis.thirdparty.io.grpc.StatusRuntimeException: CANCELLED: HTTP/2 error code: CANCEL
Received Rst Stream
2019-09-29 11:27:02,348 [grpc-default-executor-19] WARN  server.GrpcLogAppender (LogUtils.java:warn(134)) - c5175ad5-525e-4c2e-832b-1ca15aa9c500@group-8E5314906F1B->266f4e38-b438-4944-8569-530d2ae5f6fc-AppendLogResponseHandler: Failed appendEntries: org.apache.ratis.thirdparty.io.grpc.StatusRuntimeException: CANCELLED: HTTP/2 error code: CANCEL
Received Rst Stream
2019-09-29 11:27:02,349 [grpc-default-executor-28] INFO  impl.FollowerInfo (FollowerInfo.java:lambda$new$0(51)) - c5175ad5-525e-4c2e-832b-1ca15aa9c500@group-92AA78341D71->266f4e38-b438-4944-8569-530d2ae5f6fc: nextIndex: updateUnconditionally 1 -> 0
2019-09-29 11:27:02,349 [refreshUsed-/workdir/hadoop-ozone/integration-test/target/test-dir/MiniOzoneClusterImpl-f848b852-1aaf-4c40-a29c-4c10b1dc7f95/datanode-2/data/containers] WARN  fs.CachingGetSpaceUsed (CachingGetSpaceUsed.java:run(183)) - Thread Interrupted waiting to refresh disk information: sleep interrupted
2019-09-29 11:27:02,349 [grpc-default-executor-19] INFO  impl.FollowerInfo (FollowerInfo.java:lambda$new$0(51)) - c5175ad5-525e-4c2e-832b-1ca15aa9c500@group-8E5314906F1B->266f4e38-b438-4944-8569-530d2ae5f6fc: nextIndex: updateUnconditionally 1 -> 0
2019-09-29 11:27:02,365 [ForkJoinPool.commonPool-worker-1] INFO  utils.BackgroundService (BackgroundService.java:shutdown(148)) - Shutting down service BlockDeletingService
2019-09-29 11:27:02,373 [ForkJoinPool.commonPool-worker-1] INFO  statemachine.DatanodeStateMachine (DatanodeStateMachine.java:stopDaemon(395)) - Ozone container server stopped.
2019-09-29 11:27:02,380 [ForkJoinPool.commonPool-worker-1] INFO  handler.ContextHandler (ContextHandler.java:doStop(910)) - Stopped o.e.j.w.WebAppContext@34009349{/,null,UNAVAILABLE}{/hddsDatanode}
2019-09-29 11:27:02,381 [ForkJoinPool.commonPool-worker-1] INFO  server.AbstractConnector (AbstractConnector.java:doStop(318)) - Stopped ServerConnector@3f68a7f8{HTTP/1.1,[http/1.1]}{0.0.0.0:0}
2019-09-29 11:27:02,383 [ForkJoinPool.commonPool-worker-1] INFO  handler.ContextHandler (ContextHandler.java:doStop(910)) - Stopped o.e.j.s.ServletContextHandler@4ee8051c{/static,jar:file:/home/user/.m2/repository/org/apache/hadoop/hadoop-hdds-container-service/0.5.0-SNAPSHOT/hadoop-hdds-container-service-0.5.0-SNAPSHOT.jar!/webapps/static,UNAVAILABLE}
2019-09-29 11:27:02,386 [ForkJoinPool.commonPool-worker-1] INFO  handler.ContextHandler (ContextHandler.java:doStop(910)) - Stopped o.e.j.s.ServletContextHandler@6e3dd5ce{/logs,file:///workdir/hadoop-ozone/integration-test/target/log,UNAVAILABLE}
2019-09-29 11:27:02,564 [Datanode State Machine Thread - 0] INFO  statemachine.DatanodeStateMachine (DatanodeStateMachine.java:lambda$startDaemon$0(350)) - Ozone container server started.
2019-09-29 11:27:02,664 [Datanode State Machine Thread - 0] INFO  statemachine.DatanodeStateMachine (DatanodeStateMachine.java:lambda$startDaemon$0(350)) - Ozone container server started.
2019-09-29 11:27:03,616 [grpc-default-executor-28] WARN  server.GrpcLogAppender (LogUtils.java:warn(134)) - c5175ad5-525e-4c2e-832b-1ca15aa9c500@group-C452D2919BED->d7821b28-18a7-4460-b735-be2c20024ab7-AppendLogResponseHandler: Failed appendEntries: org.apache.ratis.thirdparty.io.grpc.StatusRuntimeException: UNAVAILABLE: io exception
2019-09-29 11:27:03,616 [grpc-default-executor-26] WARN  server.GrpcLogAppender (LogUtils.java:warn(134)) - c5175ad5-525e-4c2e-832b-1ca15aa9c500@group-C452D2919BED->266f4e38-b438-4944-8569-530d2ae5f6fc-AppendLogResponseHandler: Failed appendEntries: org.apache.ratis.thirdparty.io.grpc.StatusRuntimeException: UNAVAILABLE: io exception
2019-09-29 11:27:03,617 [grpc-default-executor-28] INFO  impl.FollowerInfo (FollowerInfo.java:lambda$new$0(51)) - c5175ad5-525e-4c2e-832b-1ca15aa9c500@group-C452D2919BED->d7821b28-18a7-4460-b735-be2c20024ab7: nextIndex: updateUnconditionally 14 -> 13
2019-09-29 11:27:03,617 [grpc-default-executor-26] INFO  impl.FollowerInfo (FollowerInfo.java:lambda$new$0(51)) - c5175ad5-525e-4c2e-832b-1ca15aa9c500@group-C452D2919BED->266f4e38-b438-4944-8569-530d2ae5f6fc: nextIndex: updateUnconditionally 28 -> 27
2019-09-29 11:27:04,500 [grpc-default-executor-26] WARN  server.GrpcLogAppender (LogUtils.java:warn(134)) - c5175ad5-525e-4c2e-832b-1ca15aa9c500@group-FBE960BC2EDC->266f4e38-b438-4944-8569-530d2ae5f6fc-AppendLogResponseHandler: Failed appendEntries: org.apache.ratis.thirdparty.io.grpc.StatusRuntimeException: UNAVAILABLE: io exception
2019-09-29 11:27:04,501 [grpc-default-executor-26] INFO  impl.FollowerInfo (FollowerInfo.java:lambda$new$0(51)) - c5175ad5-525e-4c2e-832b-1ca15aa9c500@group-FBE960BC2EDC->266f4e38-b438-4944-8569-530d2ae5f6fc: nextIndex: updateUnconditionally 0 -> 0
2019-09-29 11:27:04,508 [grpc-default-executor-21] WARN  server.GrpcLogAppender (LogUtils.java:warn(134)) - c5175ad5-525e-4c2e-832b-1ca15aa9c500@group-FBE960BC2EDC->d7821b28-18a7-4460-b735-be2c20024ab7-AppendLogResponseHandler: Failed appendEntries: org.apache.ratis.thirdparty.io.grpc.StatusRuntimeException: UNAVAILABLE: io exception
2019-09-29 11:27:04,509 [grpc-default-executor-21] INFO  impl.FollowerInfo (FollowerInfo.java:lambda$new$0(51)) - c5175ad5-525e-4c2e-832b-1ca15aa9c500@group-FBE960BC2EDC->d7821b28-18a7-4460-b735-be2c20024ab7: nextIndex: updateUnconditionally 0 -> 0
2019-09-29 11:27:04,663 [grpc-default-executor-28] WARN  server.GrpcLogAppender (LogUtils.java:warn(134)) - c5175ad5-525e-4c2e-832b-1ca15aa9c500@group-8E5314906F1B->d7821b28-18a7-4460-b735-be2c20024ab7-AppendLogResponseHandler: Failed appendEntries: org.apache.ratis.thirdparty.io.grpc.StatusRuntimeException: UNAVAILABLE: io exception
2019-09-29 11:27:04,663 [grpc-default-executor-28] INFO  impl.FollowerInfo (FollowerInfo.java:lambda$new$0(51)) - c5175ad5-525e-4c2e-832b-1ca15aa9c500@group-8E5314906F1B->d7821b28-18a7-4460-b735-be2c20024ab7: nextIndex: updateUnconditionally 0 -> 0
2019-09-29 11:27:04,685 [grpc-default-executor-26] WARN  server.GrpcLogAppender (LogUtils.java:warn(134)) - c5175ad5-525e-4c2e-832b-1ca15aa9c500@group-8E5314906F1B->266f4e38-b438-4944-8569-530d2ae5f6fc-AppendLogResponseHandler: Failed appendEntries: org.apache.ratis.thirdparty.io.grpc.StatusRuntimeException: UNAVAILABLE: io exception
2019-09-29 11:27:04,685 [grpc-default-executor-26] INFO  impl.FollowerInfo (FollowerInfo.java:lambda$new$0(51)) - c5175ad5-525e-4c2e-832b-1ca15aa9c500@group-8E5314906F1B->266f4e38-b438-4944-8569-530d2ae5f6fc: nextIndex: updateUnconditionally 0 -> 0
2019-09-29 11:27:04,692 [grpc-default-executor-21] WARN  server.GrpcLogAppender (LogUtils.java:warn(134)) - c5175ad5-525e-4c2e-832b-1ca15aa9c500@group-92AA78341D71->d7821b28-18a7-4460-b735-be2c20024ab7-AppendLogResponseHandler: Failed appendEntries: org.apache.ratis.thirdparty.io.grpc.StatusRuntimeException: UNAVAILABLE: io exception
2019-09-29 11:27:04,692 [grpc-default-executor-21] INFO  impl.FollowerInfo (FollowerInfo.java:lambda$new$0(51)) - c5175ad5-525e-4c2e-832b-1ca15aa9c500@group-92AA78341D71->d7821b28-18a7-4460-b735-be2c20024ab7: nextIndex: updateUnconditionally 0 -> 0
2019-09-29 11:27:04,697 [grpc-default-executor-28] WARN  server.GrpcLogAppender (LogUtils.java:warn(134)) - c5175ad5-525e-4c2e-832b-1ca15aa9c500@group-92AA78341D71->266f4e38-b438-4944-8569-530d2ae5f6fc-AppendLogResponseHandler: Failed appendEntries: org.apache.ratis.thirdparty.io.grpc.StatusRuntimeException: UNAVAILABLE: io exception
2019-09-29 11:27:04,698 [grpc-default-executor-28] INFO  impl.FollowerInfo (FollowerInfo.java:lambda$new$0(51)) - c5175ad5-525e-4c2e-832b-1ca15aa9c500@group-92AA78341D71->266f4e38-b438-4944-8569-530d2ae5f6fc: nextIndex: updateUnconditionally 0 -> 0
2019-09-29 11:27:05,628 [Thread-6198] INFO  impl.FollowerState (FollowerState.java:run(106)) - c5175ad5-525e-4c2e-832b-1ca15aa9c500:group-A84C2D9C10C5 changes to CANDIDATE, lastRpcTime:10790, electionTimeout:5065ms
2019-09-29 11:27:05,628 [Thread-6198] INFO  impl.RoleInfo (RoleInfo.java:shutdownFollowerState(121)) - c5175ad5-525e-4c2e-832b-1ca15aa9c500: shutdown FollowerState
2019-09-29 11:27:05,628 [Thread-6198] INFO  impl.RaftServerImpl (RaftServerImpl.java:setRole(174)) - c5175ad5-525e-4c2e-832b-1ca15aa9c500@group-A84C2D9C10C5: changes role from  FOLLOWER to CANDIDATE at term 1 for changeToCandidate
2019-09-29 11:27:05,628 [Thread-6198] INFO  impl.RoleInfo (RoleInfo.java:updateAndGet(143)) - c5175ad5-525e-4c2e-832b-1ca15aa9c500: start LeaderElection
2019-09-29 11:27:05,629 [c5175ad5-525e-4c2e-832b-1ca15aa9c500@group-A84C2D9C10C5:LeaderElection147] INFO  impl.RaftServerImpl (ServerState.java:setLeader(253)) - c5175ad5-525e-4c2e-832b-1ca15aa9c500@group-A84C2D9C10C5: change Leader from d7821b28-18a7-4460-b735-be2c20024ab7 to null at term 1 for initElection
2019-09-29 11:27:05,653 [c5175ad5-525e-4c2e-832b-1ca15aa9c500@group-A84C2D9C10C5:LeaderElection147] INFO  impl.LeaderElection (LeaderElection.java:askForVotes(182)) - c5175ad5-525e-4c2e-832b-1ca15aa9c500@group-A84C2D9C10C5:LeaderElection147: begin an election at term 2 for 0: [266f4e38-b438-4944-8569-530d2ae5f6fc:192.168.30.19:46645, d7821b28-18a7-4460-b735-be2c20024ab7:192.168.30.19:45148, c5175ad5-525e-4c2e-832b-1ca15aa9c500:192.168.30.19:40504], old=null
2019-09-29 11:27:05,655 [c5175ad5-525e-4c2e-832b-1ca15aa9c500@group-A84C2D9C10C5:LeaderElection147] INFO  impl.LeaderElection (LogUtils.java:infoOrTrace(149)) - c5175ad5-525e-4c2e-832b-1ca15aa9c500@group-A84C2D9C10C5:LeaderElection147 got exception when requesting votes: {}
java.util.concurrent.ExecutionException: org.apache.ratis.thirdparty.io.grpc.StatusRuntimeException: UNAVAILABLE: io exception
	at java.util.concurrent.FutureTask.report(FutureTask.java:122)
	at java.util.concurrent.FutureTask.get(FutureTask.java:192)
	at org.apache.ratis.server.impl.LeaderElection.waitForResults(LeaderElection.java:263)
	at org.apache.ratis.server.impl.LeaderElection.askForVotes(LeaderElection.java:201)
	at org.apache.ratis.server.impl.LeaderElection.run(LeaderElection.java:133)
	at java.lang.Thread.run(Thread.java:748)
Caused by: org.apache.ratis.thirdparty.io.grpc.StatusRuntimeException: UNAVAILABLE: io exception
	at org.apache.ratis.thirdparty.io.grpc.stub.ClientCalls.toStatusRuntimeException(ClientCalls.java:233)
	at org.apache.ratis.thirdparty.io.grpc.stub.ClientCalls.getUnchecked(ClientCalls.java:214)
	at org.apache.ratis.thirdparty.io.grpc.stub.ClientCalls.blockingUnaryCall(ClientCalls.java:139)
	at org.apache.ratis.proto.grpc.RaftServerProtocolServiceGrpc$RaftServerProtocolServiceBlockingStub.requestVote(RaftServerProtocolServiceGrpc.java:265)
	at org.apache.ratis.grpc.server.GrpcServerProtocolClient.requestVote(GrpcServerProtocolClient.java:90)
	at org.apache.ratis.grpc.server.GrpcService.requestVote(GrpcService.java:204)
	at org.apache.ratis.server.impl.LeaderElection.lambda$submitRequests$1(LeaderElection.java:238)
	at java.util.concurrent.FutureTask.run(FutureTask.java:266)
	at java.util.concurrent.Executors$RunnableAdapter.call(Executors.java:511)
	at java.util.concurrent.FutureTask.run(FutureTask.java:266)
	at java.util.concurrent.ThreadPoolExecutor.runWorker(ThreadPoolExecutor.java:1149)
	at java.util.concurrent.ThreadPoolExecutor$Worker.run(ThreadPoolExecutor.java:624)
	... 1 more
Caused by: org.apache.ratis.thirdparty.io.netty.channel.AbstractChannel$AnnotatedConnectException: Connection refused: /192.168.30.19:46645
	at sun.nio.ch.SocketChannelImpl.checkConnect(Native Method)
	at sun.nio.ch.SocketChannelImpl.finishConnect(SocketChannelImpl.java:717)
	at org.apache.ratis.thirdparty.io.netty.channel.socket.nio.NioSocketChannel.doFinishConnect(NioSocketChannel.java:327)
	at org.apache.ratis.thirdparty.io.netty.channel.nio.AbstractNioChannel$AbstractNioUnsafe.finishConnect(AbstractNioChannel.java:340)
	at org.apache.ratis.thirdparty.io.netty.channel.nio.NioEventLoop.processSelectedKey(NioEventLoop.java:632)
	at org.apache.ratis.thirdparty.io.netty.channel.nio.NioEventLoop.processSelectedKeysOptimized(NioEventLoop.java:579)
	at org.apache.ratis.thirdparty.io.netty.channel.nio.NioEventLoop.processSelectedKeys(NioEventLoop.java:496)
	at org.apache.ratis.thirdparty.io.netty.channel.nio.NioEventLoop.run(NioEventLoop.java:458)
	at org.apache.ratis.thirdparty.io.netty.util.concurrent.SingleThreadEventExecutor$5.run(SingleThreadEventExecutor.java:897)
	at org.apache.ratis.thirdparty.io.netty.util.concurrent.FastThreadLocalRunnable.run(FastThreadLocalRunnable.java:30)
	... 1 more
Caused by: java.net.ConnectException: Connection refused
	... 11 more
2019-09-29 11:27:05,659 [c5175ad5-525e-4c2e-832b-1ca15aa9c500@group-A84C2D9C10C5:LeaderElection147] INFO  impl.LeaderElection (LogUtils.java:infoOrTrace(149)) - c5175ad5-525e-4c2e-832b-1ca15aa9c500@group-A84C2D9C10C5:LeaderElection147 got exception when requesting votes: {}
java.util.concurrent.ExecutionException: org.apache.ratis.thirdparty.io.grpc.StatusRuntimeException: UNAVAILABLE: io exception
	at java.util.concurrent.FutureTask.report(FutureTask.java:122)
	at java.util.concurrent.FutureTask.get(FutureTask.java:192)
	at org.apache.ratis.server.impl.LeaderElection.waitForResults(LeaderElection.java:263)
	at org.apache.ratis.server.impl.LeaderElection.askForVotes(LeaderElection.java:201)
	at org.apache.ratis.server.impl.LeaderElection.run(LeaderElection.java:133)
	at java.lang.Thread.run(Thread.java:748)
Caused by: org.apache.ratis.thirdparty.io.grpc.StatusRuntimeException: UNAVAILABLE: io exception
	at org.apache.ratis.thirdparty.io.grpc.stub.ClientCalls.toStatusRuntimeException(ClientCalls.java:233)
	at org.apache.ratis.thirdparty.io.grpc.stub.ClientCalls.getUnchecked(ClientCalls.java:214)
	at org.apache.ratis.thirdparty.io.grpc.stub.ClientCalls.blockingUnaryCall(ClientCalls.java:139)
	at org.apache.ratis.proto.grpc.RaftServerProtocolServiceGrpc$RaftServerProtocolServiceBlockingStub.requestVote(RaftServerProtocolServiceGrpc.java:265)
	at org.apache.ratis.grpc.server.GrpcServerProtocolClient.requestVote(GrpcServerProtocolClient.java:90)
	at org.apache.ratis.grpc.server.GrpcService.requestVote(GrpcService.java:204)
	at org.apache.ratis.server.impl.LeaderElection.lambda$submitRequests$1(LeaderElection.java:238)
	at java.util.concurrent.FutureTask.run(FutureTask.java:266)
	at java.util.concurrent.Executors$RunnableAdapter.call(Executors.java:511)
	at java.util.concurrent.FutureTask.run(FutureTask.java:266)
	at java.util.concurrent.ThreadPoolExecutor.runWorker(ThreadPoolExecutor.java:1149)
	at java.util.concurrent.ThreadPoolExecutor$Worker.run(ThreadPoolExecutor.java:624)
	... 1 more
Caused by: org.apache.ratis.thirdparty.io.netty.channel.AbstractChannel$AnnotatedConnectException: Connection refused: /192.168.30.19:45148
	at sun.nio.ch.SocketChannelImpl.checkConnect(Native Method)
	at sun.nio.ch.SocketChannelImpl.finishConnect(SocketChannelImpl.java:717)
	at org.apache.ratis.thirdparty.io.netty.channel.socket.nio.NioSocketChannel.doFinishConnect(NioSocketChannel.java:327)
	at org.apache.ratis.thirdparty.io.netty.channel.nio.AbstractNioChannel$AbstractNioUnsafe.finishConnect(AbstractNioChannel.java:340)
	at org.apache.ratis.thirdparty.io.netty.channel.nio.NioEventLoop.processSelectedKey(NioEventLoop.java:632)
	at org.apache.ratis.thirdparty.io.netty.channel.nio.NioEventLoop.processSelectedKeysOptimized(NioEventLoop.java:579)
	at org.apache.ratis.thirdparty.io.netty.channel.nio.NioEventLoop.processSelectedKeys(NioEventLoop.java:496)
	at org.apache.ratis.thirdparty.io.netty.channel.nio.NioEventLoop.run(NioEventLoop.java:458)
	at org.apache.ratis.thirdparty.io.netty.util.concurrent.SingleThreadEventExecutor$5.run(SingleThreadEventExecutor.java:897)
	at org.apache.ratis.thirdparty.io.netty.util.concurrent.FastThreadLocalRunnable.run(FastThreadLocalRunnable.java:30)
	... 1 more
Caused by: java.net.ConnectException: Connection refused
	... 11 more
2019-09-29 11:27:05,662 [c5175ad5-525e-4c2e-832b-1ca15aa9c500@group-A84C2D9C10C5:LeaderElection147] INFO  impl.LeaderElection (LeaderElection.java:logAndReturn(56)) - c5175ad5-525e-4c2e-832b-1ca15aa9c500@group-A84C2D9C10C5:LeaderElection147: Election REJECTED; received 0 response(s) [] and 2 exception(s); c5175ad5-525e-4c2e-832b-1ca15aa9c500@group-A84C2D9C10C5:t2, leader=null, voted=c5175ad5-525e-4c2e-832b-1ca15aa9c500, raftlog=c5175ad5-525e-4c2e-832b-1ca15aa9c500@group-A84C2D9C10C5-SegmentedRaftLog:OPENED:c0,f0,i0, conf=0: [266f4e38-b438-4944-8569-530d2ae5f6fc:192.168.30.19:46645, d7821b28-18a7-4460-b735-be2c20024ab7:192.168.30.19:45148, c5175ad5-525e-4c2e-832b-1ca15aa9c500:192.168.30.19:40504], old=null
2019-09-29 11:27:05,662 [c5175ad5-525e-4c2e-832b-1ca15aa9c500@group-A84C2D9C10C5:LeaderElection147] INFO  impl.LeaderElection (LogUtils.java:infoOrTrace(149)) -   Exception 0: {}
java.util.concurrent.ExecutionException: org.apache.ratis.thirdparty.io.grpc.StatusRuntimeException: UNAVAILABLE: io exception
	at java.util.concurrent.FutureTask.report(FutureTask.java:122)
	at java.util.concurrent.FutureTask.get(FutureTask.java:192)
	at org.apache.ratis.server.impl.LeaderElection.waitForResults(LeaderElection.java:263)
	at org.apache.ratis.server.impl.LeaderElection.askForVotes(LeaderElection.java:201)
	at org.apache.ratis.server.impl.LeaderElection.run(LeaderElection.java:133)
	at java.lang.Thread.run(Thread.java:748)
Caused by: org.apache.ratis.thirdparty.io.grpc.StatusRuntimeException: UNAVAILABLE: io exception
	at org.apache.ratis.thirdparty.io.grpc.stub.ClientCalls.toStatusRuntimeException(ClientCalls.java:233)
	at org.apache.ratis.thirdparty.io.grpc.stub.ClientCalls.getUnchecked(ClientCalls.java:214)
	at org.apache.ratis.thirdparty.io.grpc.stub.ClientCalls.blockingUnaryCall(ClientCalls.java:139)
	at org.apache.ratis.proto.grpc.RaftServerProtocolServiceGrpc$RaftServerProtocolServiceBlockingStub.requestVote(RaftServerProtocolServiceGrpc.java:265)
	at org.apache.ratis.grpc.server.GrpcServerProtocolClient.requestVote(GrpcServerProtocolClient.java:90)
	at org.apache.ratis.grpc.server.GrpcService.requestVote(GrpcService.java:204)
	at org.apache.ratis.server.impl.LeaderElection.lambda$submitRequests$1(LeaderElection.java:238)
	at java.util.concurrent.FutureTask.run(FutureTask.java:266)
	at java.util.concurrent.Executors$RunnableAdapter.call(Executors.java:511)
	at java.util.concurrent.FutureTask.run(FutureTask.java:266)
	at java.util.concurrent.ThreadPoolExecutor.runWorker(ThreadPoolExecutor.java:1149)
	at java.util.concurrent.ThreadPoolExecutor$Worker.run(ThreadPoolExecutor.java:624)
	... 1 more
Caused by: org.apache.ratis.thirdparty.io.netty.channel.AbstractChannel$AnnotatedConnectException: Connection refused: /192.168.30.19:46645
	at sun.nio.ch.SocketChannelImpl.checkConnect(Native Method)
	at sun.nio.ch.SocketChannelImpl.finishConnect(SocketChannelImpl.java:717)
	at org.apache.ratis.thirdparty.io.netty.channel.socket.nio.NioSocketChannel.doFinishConnect(NioSocketChannel.java:327)
	at org.apache.ratis.thirdparty.io.netty.channel.nio.AbstractNioChannel$AbstractNioUnsafe.finishConnect(AbstractNioChannel.java:340)
	at org.apache.ratis.thirdparty.io.netty.channel.nio.NioEventLoop.processSelectedKey(NioEventLoop.java:632)
	at org.apache.ratis.thirdparty.io.netty.channel.nio.NioEventLoop.processSelectedKeysOptimized(NioEventLoop.java:579)
	at org.apache.ratis.thirdparty.io.netty.channel.nio.NioEventLoop.processSelectedKeys(NioEventLoop.java:496)
	at org.apache.ratis.thirdparty.io.netty.channel.nio.NioEventLoop.run(NioEventLoop.java:458)
	at org.apache.ratis.thirdparty.io.netty.util.concurrent.SingleThreadEventExecutor$5.run(SingleThreadEventExecutor.java:897)
	at org.apache.ratis.thirdparty.io.netty.util.concurrent.FastThreadLocalRunnable.run(FastThreadLocalRunnable.java:30)
	... 1 more
Caused by: java.net.ConnectException: Connection refused
	... 11 more
2019-09-29 11:27:05,662 [c5175ad5-525e-4c2e-832b-1ca15aa9c500@group-A84C2D9C10C5:LeaderElection147] INFO  impl.LeaderElection (LogUtils.java:infoOrTrace(149)) -   Exception 1: {}
java.util.concurrent.ExecutionException: org.apache.ratis.thirdparty.io.grpc.StatusRuntimeException: UNAVAILABLE: io exception
	at java.util.concurrent.FutureTask.report(FutureTask.java:122)
	at java.util.concurrent.FutureTask.get(FutureTask.java:192)
	at org.apache.ratis.server.impl.LeaderElection.waitForResults(LeaderElection.java:263)
	at org.apache.ratis.server.impl.LeaderElection.askForVotes(LeaderElection.java:201)
	at org.apache.ratis.server.impl.LeaderElection.run(LeaderElection.java:133)
	at java.lang.Thread.run(Thread.java:748)
Caused by: org.apache.ratis.thirdparty.io.grpc.StatusRuntimeException: UNAVAILABLE: io exception
	at org.apache.ratis.thirdparty.io.grpc.stub.ClientCalls.toStatusRuntimeException(ClientCalls.java:233)
	at org.apache.ratis.thirdparty.io.grpc.stub.ClientCalls.getUnchecked(ClientCalls.java:214)
	at org.apache.ratis.thirdparty.io.grpc.stub.ClientCalls.blockingUnaryCall(ClientCalls.java:139)
	at org.apache.ratis.proto.grpc.RaftServerProtocolServiceGrpc$RaftServerProtocolServiceBlockingStub.requestVote(RaftServerProtocolServiceGrpc.java:265)
	at org.apache.ratis.grpc.server.GrpcServerProtocolClient.requestVote(GrpcServerProtocolClient.java:90)
	at org.apache.ratis.grpc.server.GrpcService.requestVote(GrpcService.java:204)
	at org.apache.ratis.server.impl.LeaderElection.lambda$submitRequests$1(LeaderElection.java:238)
	at java.util.concurrent.FutureTask.run(FutureTask.java:266)
	at java.util.concurrent.Executors$RunnableAdapter.call(Executors.java:511)
	at java.util.concurrent.FutureTask.run(FutureTask.java:266)
	at java.util.concurrent.ThreadPoolExecutor.runWorker(ThreadPoolExecutor.java:1149)
	at java.util.concurrent.ThreadPoolExecutor$Worker.run(ThreadPoolExecutor.java:624)
	... 1 more
Caused by: org.apache.ratis.thirdparty.io.netty.channel.AbstractChannel$AnnotatedConnectException: Connection refused: /192.168.30.19:45148
	at sun.nio.ch.SocketChannelImpl.checkConnect(Native Method)
	at sun.nio.ch.SocketChannelImpl.finishConnect(SocketChannelImpl.java:717)
	at org.apache.ratis.thirdparty.io.netty.channel.socket.nio.NioSocketChannel.doFinishConnect(NioSocketChannel.java:327)
	at org.apache.ratis.thirdparty.io.netty.channel.nio.AbstractNioChannel$AbstractNioUnsafe.finishConnect(AbstractNioChannel.java:340)
	at org.apache.ratis.thirdparty.io.netty.channel.nio.NioEventLoop.processSelectedKey(NioEventLoop.java:632)
	at org.apache.ratis.thirdparty.io.netty.channel.nio.NioEventLoop.processSelectedKeysOptimized(NioEventLoop.java:579)
	at org.apache.ratis.thirdparty.io.netty.channel.nio.NioEventLoop.processSelectedKeys(NioEventLoop.java:496)
	at org.apache.ratis.thirdparty.io.netty.channel.nio.NioEventLoop.run(NioEventLoop.java:458)
	at org.apache.ratis.thirdparty.io.netty.util.concurrent.SingleThreadEventExecutor$5.run(SingleThreadEventExecutor.java:897)
	at org.apache.ratis.thirdparty.io.netty.util.concurrent.FastThreadLocalRunnable.run(FastThreadLocalRunnable.java:30)
	... 1 more
Caused by: java.net.ConnectException: Connection refused
	... 11 more
2019-09-29 11:27:05,662 [c5175ad5-525e-4c2e-832b-1ca15aa9c500@group-A84C2D9C10C5:LeaderElection147] INFO  impl.RaftServerImpl (RaftServerImpl.java:setRole(174)) - c5175ad5-525e-4c2e-832b-1ca15aa9c500@group-A84C2D9C10C5: changes role from CANDIDATE to FOLLOWER at term 2 for DISCOVERED_A_NEW_TERM
2019-09-29 11:27:05,662 [c5175ad5-525e-4c2e-832b-1ca15aa9c500@group-A84C2D9C10C5:LeaderElection147] INFO  impl.RoleInfo (RoleInfo.java:shutdownLeaderElection(134)) - c5175ad5-525e-4c2e-832b-1ca15aa9c500: shutdown LeaderElection
2019-09-29 11:27:05,663 [c5175ad5-525e-4c2e-832b-1ca15aa9c500@group-A84C2D9C10C5:LeaderElection147] INFO  impl.RoleInfo (RoleInfo.java:updateAndGet(143)) - c5175ad5-525e-4c2e-832b-1ca15aa9c500: start FollowerState
2019-09-29 11:27:06,115 [grpc-default-executor-28] WARN  server.GrpcLogAppender (LogUtils.java:warn(134)) - c5175ad5-525e-4c2e-832b-1ca15aa9c500@group-C452D2919BED->d7821b28-18a7-4460-b735-be2c20024ab7-AppendLogResponseHandler: Failed appendEntries: org.apache.ratis.thirdparty.io.grpc.StatusRuntimeException: UNAVAILABLE: io exception
2019-09-29 11:27:06,116 [grpc-default-executor-21] WARN  server.GrpcLogAppender (LogUtils.java:warn(134)) - c5175ad5-525e-4c2e-832b-1ca15aa9c500@group-C452D2919BED->266f4e38-b438-4944-8569-530d2ae5f6fc-AppendLogResponseHandler: Failed appendEntries: org.apache.ratis.thirdparty.io.grpc.StatusRuntimeException: UNAVAILABLE: io exception
2019-09-29 11:27:06,116 [grpc-default-executor-28] INFO  impl.FollowerInfo (FollowerInfo.java:lambda$new$0(51)) - c5175ad5-525e-4c2e-832b-1ca15aa9c500@group-C452D2919BED->d7821b28-18a7-4460-b735-be2c20024ab7: nextIndex: updateUnconditionally 13 -> 12
2019-09-29 11:27:06,116 [grpc-default-executor-21] INFO  impl.FollowerInfo (FollowerInfo.java:lambda$new$0(51)) - c5175ad5-525e-4c2e-832b-1ca15aa9c500@group-C452D2919BED->266f4e38-b438-4944-8569-530d2ae5f6fc: nextIndex: updateUnconditionally 27 -> 26
2019-09-29 11:27:06,564 [Thread-6477] INFO  client.GrpcClientProtocolService (GrpcClientProtocolService.java:lambda$processClientRequest$0(278)) - Failed RaftClientRequest:client-6337657804DB->c5175ad5-525e-4c2e-832b-1ca15aa9c500@group-C452D2919BED, cid=272, seq=0, Watch-ALL_COMMITTED(21), Message:<EMPTY>, reply=RaftClientReply:client-6337657804DB->c5175ad5-525e-4c2e-832b-1ca15aa9c500@group-C452D2919BED, cid=272, FAILED org.apache.ratis.protocol.NotReplicatedException: Request with call Id 272 and log index 21 is not yet replicated to ALL_COMMITTED, logIndex=21, commits[c5175ad5-525e-4c2e-832b-1ca15aa9c500:c28, 266f4e38-b438-4944-8569-530d2ae5f6fc:c28, d7821b28-18a7-4460-b735-be2c20024ab7:c15]
2019-09-29 11:27:06,589 [EventQueue-StaleNodeForStaleNodeHandler] INFO  node.StaleNodeHandler (StaleNodeHandler.java:onMessage(58)) - Datanode 59ec8f59-497a-428b-8454-a1dbaa70abd6{ip: 192.168.30.19, host: pr-hdds-1569-lsfh5-224679870, networkLocation: /default-rack, certSerialId: null} moved to stale state. Finalizing its pipelines [PipelineID=865a4569-27b5-4d72-a980-0b6b9429c27d, PipelineID=34d49c9d-af83-4d29-8968-0cd34d698e0c]
2019-09-29 11:27:06,589 [EventQueue-StaleNodeForStaleNodeHandler] INFO  pipeline.SCMPipelineManager (SCMPipelineManager.java:finalizeAndDestroyPipeline(341)) - destroying pipeline:Pipeline[ Id: 865a4569-27b5-4d72-a980-0b6b9429c27d, Nodes: 59ec8f59-497a-428b-8454-a1dbaa70abd6{ip: 192.168.30.19, host: pr-hdds-1569-lsfh5-224679870, networkLocation: /default-rack, certSerialId: null}, Type:RATIS, Factor:ONE, State:OPEN]
2019-09-29 11:27:06,590 [EventQueue-StaleNodeForStaleNodeHandler] INFO  pipeline.PipelineStateManager (PipelineStateManager.java:finalizePipeline(123)) - Pipeline Pipeline[ Id: 865a4569-27b5-4d72-a980-0b6b9429c27d, Nodes: 59ec8f59-497a-428b-8454-a1dbaa70abd6{ip: 192.168.30.19, host: pr-hdds-1569-lsfh5-224679870, networkLocation: /default-rack, certSerialId: null}, Type:RATIS, Factor:ONE, State:CLOSED] moved to CLOSED state
2019-09-29 11:27:06,590 [EventQueue-StaleNodeForStaleNodeHandler] INFO  pipeline.SCMPipelineManager (SCMPipelineManager.java:finalizeAndDestroyPipeline(341)) - destroying pipeline:Pipeline[ Id: 34d49c9d-af83-4d29-8968-0cd34d698e0c, Nodes: 266f4e38-b438-4944-8569-530d2ae5f6fc{ip: 192.168.30.19, host: pr-hdds-1569-lsfh5-224679870, networkLocation: /default-rack, certSerialId: null}59ec8f59-497a-428b-8454-a1dbaa70abd6{ip: 192.168.30.19, host: pr-hdds-1569-lsfh5-224679870, networkLocation: /default-rack, certSerialId: null}d7821b28-18a7-4460-b735-be2c20024ab7{ip: 192.168.30.19, host: pr-hdds-1569-lsfh5-224679870, networkLocation: /default-rack, certSerialId: null}, Type:RATIS, Factor:THREE, State:CLOSED]
2019-09-29 11:27:06,689 [EventQueue-StaleNodeForStaleNodeHandler] INFO  node.StaleNodeHandler (StaleNodeHandler.java:onMessage(58)) - Datanode c5175ad5-525e-4c2e-832b-1ca15aa9c500{ip: 192.168.30.19, host: pr-hdds-1569-lsfh5-224679870, networkLocation: /default-rack, certSerialId: null} moved to stale state. Finalizing its pipelines [PipelineID=7fecf4fb-f58b-499a-951d-253df9b988bf, PipelineID=3a8a0b3b-b4ef-44e9-bbdf-8e5314906f1b, PipelineID=6d78998e-d786-44e3-90c6-a84c2d9c10c5, PipelineID=744628ef-d102-4b54-8099-42c9f9716fcf, PipelineID=cd57b1db-4d38-4f1f-9bb0-0f923e1c8f14, PipelineID=c104329c-7c69-4532-a778-c452d2919bed, PipelineID=32d77fcc-4182-4210-a715-fbe960bc2edc, PipelineID=1946d8fd-26f7-4f70-b39b-ace69562662b, PipelineID=30201af2-7d9f-4699-a016-92aa78341d71, PipelineID=67f5dee5-7be3-44d8-8082-086da515fd7e]
2019-09-29 11:27:06,690 [EventQueue-StaleNodeForStaleNodeHandler] INFO  pipeline.SCMPipelineManager (SCMPipelineManager.java:finalizeAndDestroyPipeline(341)) - destroying pipeline:Pipeline[ Id: 7fecf4fb-f58b-499a-951d-253df9b988bf, Nodes: c5175ad5-525e-4c2e-832b-1ca15aa9c500{ip: 192.168.30.19, host: pr-hdds-1569-lsfh5-224679870, networkLocation: /default-rack, certSerialId: null}d7821b28-18a7-4460-b735-be2c20024ab7{ip: 192.168.30.19, host: pr-hdds-1569-lsfh5-224679870, networkLocation: /default-rack, certSerialId: null}266f4e38-b438-4944-8569-530d2ae5f6fc{ip: 192.168.30.19, host: pr-hdds-1569-lsfh5-224679870, networkLocation: /default-rack, certSerialId: null}, Type:RATIS, Factor:THREE, State:CLOSED]
2019-09-29 11:27:06,690 [EventQueue-StaleNodeForStaleNodeHandler] INFO  pipeline.SCMPipelineManager (SCMPipelineManager.java:finalizeAndDestroyPipeline(341)) - destroying pipeline:Pipeline[ Id: 3a8a0b3b-b4ef-44e9-bbdf-8e5314906f1b, Nodes: 266f4e38-b438-4944-8569-530d2ae5f6fc{ip: 192.168.30.19, host: pr-hdds-1569-lsfh5-224679870, networkLocation: /default-rack, certSerialId: null}d7821b28-18a7-4460-b735-be2c20024ab7{ip: 192.168.30.19, host: pr-hdds-1569-lsfh5-224679870, networkLocation: /default-rack, certSerialId: null}c5175ad5-525e-4c2e-832b-1ca15aa9c500{ip: 192.168.30.19, host: pr-hdds-1569-lsfh5-224679870, networkLocation: /default-rack, certSerialId: null}, Type:RATIS, Factor:THREE, State:CLOSED]
2019-09-29 11:27:06,690 [EventQueue-StaleNodeForStaleNodeHandler] INFO  pipeline.SCMPipelineManager (SCMPipelineManager.java:finalizeAndDestroyPipeline(341)) - destroying pipeline:Pipeline[ Id: 6d78998e-d786-44e3-90c6-a84c2d9c10c5, Nodes: 266f4e38-b438-4944-8569-530d2ae5f6fc{ip: 192.168.30.19, host: pr-hdds-1569-lsfh5-224679870, networkLocation: /default-rack, certSerialId: null}d7821b28-18a7-4460-b735-be2c20024ab7{ip: 192.168.30.19, host: pr-hdds-1569-lsfh5-224679870, networkLocation: /default-rack, certSerialId: null}c5175ad5-525e-4c2e-832b-1ca15aa9c500{ip: 192.168.30.19, host: pr-hdds-1569-lsfh5-224679870, networkLocation: /default-rack, certSerialId: null}, Type:RATIS, Factor:THREE, State:CLOSED]
2019-09-29 11:27:06,690 [EventQueue-StaleNodeForStaleNodeHandler] INFO  pipeline.SCMPipelineManager (SCMPipelineManager.java:finalizeAndDestroyPipeline(341)) - destroying pipeline:Pipeline[ Id: 744628ef-d102-4b54-8099-42c9f9716fcf, Nodes: d7821b28-18a7-4460-b735-be2c20024ab7{ip: 192.168.30.19, host: pr-hdds-1569-lsfh5-224679870, networkLocation: /default-rack, certSerialId: null}266f4e38-b438-4944-8569-530d2ae5f6fc{ip: 192.168.30.19, host: pr-hdds-1569-lsfh5-224679870, networkLocation: /default-rack, certSerialId: null}c5175ad5-525e-4c2e-832b-1ca15aa9c500{ip: 192.168.30.19, host: pr-hdds-1569-lsfh5-224679870, networkLocation: /default-rack, certSerialId: null}, Type:RATIS, Factor:THREE, State:CLOSED]
2019-09-29 11:27:06,690 [EventQueue-StaleNodeForStaleNodeHandler] INFO  pipeline.SCMPipelineManager (SCMPipelineManager.java:finalizeAndDestroyPipeline(341)) - destroying pipeline:Pipeline[ Id: cd57b1db-4d38-4f1f-9bb0-0f923e1c8f14, Nodes: d7821b28-18a7-4460-b735-be2c20024ab7{ip: 192.168.30.19, host: pr-hdds-1569-lsfh5-224679870, networkLocation: /default-rack, certSerialId: null}266f4e38-b438-4944-8569-530d2ae5f6fc{ip: 192.168.30.19, host: pr-hdds-1569-lsfh5-224679870, networkLocation: /default-rack, certSerialId: null}c5175ad5-525e-4c2e-832b-1ca15aa9c500{ip: 192.168.30.19, host: pr-hdds-1569-lsfh5-224679870, networkLocation: /default-rack, certSerialId: null}, Type:RATIS, Factor:THREE, State:CLOSED]
2019-09-29 11:27:06,691 [EventQueue-StaleNodeForStaleNodeHandler] INFO  pipeline.SCMPipelineManager (SCMPipelineManager.java:finalizeAndDestroyPipeline(341)) - destroying pipeline:Pipeline[ Id: c104329c-7c69-4532-a778-c452d2919bed, Nodes: d7821b28-18a7-4460-b735-be2c20024ab7{ip: 192.168.30.19, host: pr-hdds-1569-lsfh5-224679870, networkLocation: /default-rack, certSerialId: null}c5175ad5-525e-4c2e-832b-1ca15aa9c500{ip: 192.168.30.19, host: pr-hdds-1569-lsfh5-224679870, networkLocation: /default-rack, certSerialId: null}266f4e38-b438-4944-8569-530d2ae5f6fc{ip: 192.168.30.19, host: pr-hdds-1569-lsfh5-224679870, networkLocation: /default-rack, certSerialId: null}, Type:RATIS, Factor:THREE, State:CLOSED]
2019-09-29 11:27:06,691 [EventQueue-StaleNodeForStaleNodeHandler] INFO  pipeline.SCMPipelineManager (SCMPipelineManager.java:finalizeAndDestroyPipeline(341)) - destroying pipeline:Pipeline[ Id: 32d77fcc-4182-4210-a715-fbe960bc2edc, Nodes: 266f4e38-b438-4944-8569-530d2ae5f6fc{ip: 192.168.30.19, host: pr-hdds-1569-lsfh5-224679870, networkLocation: /default-rack, certSerialId: null}d7821b28-18a7-4460-b735-be2c20024ab7{ip: 192.168.30.19, host: pr-hdds-1569-lsfh5-224679870, networkLocation: /default-rack, certSerialId: null}c5175ad5-525e-4c2e-832b-1ca15aa9c500{ip: 192.168.30.19, host: pr-hdds-1569-lsfh5-224679870, networkLocation: /default-rack, certSerialId: null}, Type:RATIS, Factor:THREE, State:CLOSED]
2019-09-29 11:27:06,691 [EventQueue-StaleNodeForStaleNodeHandler] INFO  pipeline.SCMPipelineManager (SCMPipelineManager.java:finalizeAndDestroyPipeline(341)) - destroying pipeline:Pipeline[ Id: 1946d8fd-26f7-4f70-b39b-ace69562662b, Nodes: 266f4e38-b438-4944-8569-530d2ae5f6fc{ip: 192.168.30.19, host: pr-hdds-1569-lsfh5-224679870, networkLocation: /default-rack, certSerialId: null}d7821b28-18a7-4460-b735-be2c20024ab7{ip: 192.168.30.19, host: pr-hdds-1569-lsfh5-224679870, networkLocation: /default-rack, certSerialId: null}c5175ad5-525e-4c2e-832b-1ca15aa9c500{ip: 192.168.30.19, host: pr-hdds-1569-lsfh5-224679870, networkLocation: /default-rack, certSerialId: null}, Type:RATIS, Factor:THREE, State:CLOSED]
2019-09-29 11:27:06,691 [EventQueue-StaleNodeForStaleNodeHandler] INFO  pipeline.SCMPipelineManager (SCMPipelineManager.java:finalizeAndDestroyPipeline(341)) - destroying pipeline:Pipeline[ Id: 30201af2-7d9f-4699-a016-92aa78341d71, Nodes: 266f4e38-b438-4944-8569-530d2ae5f6fc{ip: 192.168.30.19, host: pr-hdds-1569-lsfh5-224679870, networkLocation: /default-rack, certSerialId: null}d7821b28-18a7-4460-b735-be2c20024ab7{ip: 192.168.30.19, host: pr-hdds-1569-lsfh5-224679870, networkLocation: /default-rack, certSerialId: null}c5175ad5-525e-4c2e-832b-1ca15aa9c500{ip: 192.168.30.19, host: pr-hdds-1569-lsfh5-224679870, networkLocation: /default-rack, certSerialId: null}, Type:RATIS, Factor:THREE, State:CLOSED]
2019-09-29 11:27:06,691 [EventQueue-StaleNodeForStaleNodeHandler] INFO  pipeline.SCMPipelineManager (SCMPipelineManager.java:finalizeAndDestroyPipeline(341)) - destroying pipeline:Pipeline[ Id: 67f5dee5-7be3-44d8-8082-086da515fd7e, Nodes: 266f4e38-b438-4944-8569-530d2ae5f6fc{ip: 192.168.30.19, host: pr-hdds-1569-lsfh5-224679870, networkLocation: /default-rack, certSerialId: null}c5175ad5-525e-4c2e-832b-1ca15aa9c500{ip: 192.168.30.19, host: pr-hdds-1569-lsfh5-224679870, networkLocation: /default-rack, certSerialId: null}d7821b28-18a7-4460-b735-be2c20024ab7{ip: 192.168.30.19, host: pr-hdds-1569-lsfh5-224679870, networkLocation: /default-rack, certSerialId: null}, Type:RATIS, Factor:THREE, State:CLOSED]
2019-09-29 11:27:07,001 [grpc-default-executor-26] WARN  server.GrpcLogAppender (LogUtils.java:warn(134)) - c5175ad5-525e-4c2e-832b-1ca15aa9c500@group-FBE960BC2EDC->266f4e38-b438-4944-8569-530d2ae5f6fc-AppendLogResponseHandler: Failed appendEntries: org.apache.ratis.thirdparty.io.grpc.StatusRuntimeException: UNAVAILABLE: io exception
2019-09-29 11:27:07,001 [grpc-default-executor-26] INFO  impl.FollowerInfo (FollowerInfo.java:lambda$new$0(51)) - c5175ad5-525e-4c2e-832b-1ca15aa9c500@group-FBE960BC2EDC->266f4e38-b438-4944-8569-530d2ae5f6fc: nextIndex: updateUnconditionally 0 -> 0
2019-09-29 11:27:07,009 [grpc-default-executor-28] WARN  server.GrpcLogAppender (LogUtils.java:warn(134)) - c5175ad5-525e-4c2e-832b-1ca15aa9c500@group-FBE960BC2EDC->d7821b28-18a7-4460-b735-be2c20024ab7-AppendLogResponseHandler: Failed appendEntries: org.apache.ratis.thirdparty.io.grpc.StatusRuntimeException: UNAVAILABLE: io exception
2019-09-29 11:27:07,009 [grpc-default-executor-28] INFO  impl.FollowerInfo (FollowerInfo.java:lambda$new$0(51)) - c5175ad5-525e-4c2e-832b-1ca15aa9c500@group-FBE960BC2EDC->d7821b28-18a7-4460-b735-be2c20024ab7: nextIndex: updateUnconditionally 0 -> 0
2019-09-29 11:27:07,164 [grpc-default-executor-28] WARN  server.GrpcLogAppender (LogUtils.java:warn(134)) - c5175ad5-525e-4c2e-832b-1ca15aa9c500@group-8E5314906F1B->d7821b28-18a7-4460-b735-be2c20024ab7-AppendLogResponseHandler: Failed appendEntries: org.apache.ratis.thirdparty.io.grpc.StatusRuntimeException: UNAVAILABLE: io exception
2019-09-29 11:27:07,164 [grpc-default-executor-28] INFO  impl.FollowerInfo (FollowerInfo.java:lambda$new$0(51)) - c5175ad5-525e-4c2e-832b-1ca15aa9c500@group-8E5314906F1B->d7821b28-18a7-4460-b735-be2c20024ab7: nextIndex: updateUnconditionally 0 -> 0
2019-09-29 11:27:07,185 [grpc-default-executor-28] WARN  server.GrpcLogAppender (LogUtils.java:warn(134)) - c5175ad5-525e-4c2e-832b-1ca15aa9c500@group-8E5314906F1B->266f4e38-b438-4944-8569-530d2ae5f6fc-AppendLogResponseHandler: Failed appendEntries: org.apache.ratis.thirdparty.io.grpc.StatusRuntimeException: UNAVAILABLE: io exception
2019-09-29 11:27:07,185 [grpc-default-executor-28] INFO  impl.FollowerInfo (FollowerInfo.java:lambda$new$0(51)) - c5175ad5-525e-4c2e-832b-1ca15aa9c500@group-8E5314906F1B->266f4e38-b438-4944-8569-530d2ae5f6fc: nextIndex: updateUnconditionally 0 -> 0
2019-09-29 11:27:07,192 [grpc-default-executor-28] WARN  server.GrpcLogAppender (LogUtils.java:warn(134)) - c5175ad5-525e-4c2e-832b-1ca15aa9c500@group-92AA78341D71->d7821b28-18a7-4460-b735-be2c20024ab7-AppendLogResponseHandler: Failed appendEntries: org.apache.ratis.thirdparty.io.grpc.StatusRuntimeException: UNAVAILABLE: io exception
2019-09-29 11:27:07,192 [grpc-default-executor-28] INFO  impl.FollowerInfo (FollowerInfo.java:lambda$new$0(51)) - c5175ad5-525e-4c2e-832b-1ca15aa9c500@group-92AA78341D71->d7821b28-18a7-4460-b735-be2c20024ab7: nextIndex: updateUnconditionally 0 -> 0
2019-09-29 11:27:07,197 [grpc-default-executor-28] WARN  server.GrpcLogAppender (LogUtils.java:warn(134)) - c5175ad5-525e-4c2e-832b-1ca15aa9c500@group-92AA78341D71->266f4e38-b438-4944-8569-530d2ae5f6fc-AppendLogResponseHandler: Failed appendEntries: org.apache.ratis.thirdparty.io.grpc.StatusRuntimeException: UNAVAILABLE: io exception
2019-09-29 11:27:07,197 [grpc-default-executor-28] INFO  impl.FollowerInfo (FollowerInfo.java:lambda$new$0(51)) - c5175ad5-525e-4c2e-832b-1ca15aa9c500@group-92AA78341D71->266f4e38-b438-4944-8569-530d2ae5f6fc: nextIndex: updateUnconditionally 0 -> 0
2019-09-29 11:27:07,296 [main] INFO  ozoneimpl.OzoneContainer (OzoneContainer.java:stop(231)) - Attempting to stop container services.
2019-09-29 11:27:07,298 [main] INFO  impl.RaftServerProxy (RaftServerProxy.java:lambda$close$4(314)) - c5175ad5-525e-4c2e-832b-1ca15aa9c500: close
2019-09-29 11:27:07,298 [main] INFO  impl.RaftServerImpl (RaftServerImpl.java:lambda$shutdown$3(251)) - c5175ad5-525e-4c2e-832b-1ca15aa9c500@group-C452D2919BED: shutdown
2019-09-29 11:27:07,299 [main] INFO  util.JmxRegister (JmxRegister.java:unregister(73)) - Successfully un-registered JMX Bean with object name Ratis:service=RaftServer,group=group-C452D2919BED,id=c5175ad5-525e-4c2e-832b-1ca15aa9c500
2019-09-29 11:27:07,299 [main] INFO  impl.RoleInfo (RoleInfo.java:shutdownLeaderState(104)) - c5175ad5-525e-4c2e-832b-1ca15aa9c500: shutdown LeaderState
2019-09-29 11:27:07,300 [org.apache.ratis.server.impl.LogAppender$AppenderDaemon$$Lambda$506/1412001111@751d99f6] WARN  server.GrpcLogAppender (GrpcLogAppender.java:mayWait(143)) - c5175ad5-525e-4c2e-832b-1ca15aa9c500@group-C452D2919BED->d7821b28-18a7-4460-b735-be2c20024ab7-GrpcLogAppender: Wait interrupted by java.lang.InterruptedException
2019-09-29 11:27:07,300 [main] INFO  impl.PendingRequests (PendingRequests.java:sendNotLeaderResponses(202)) - c5175ad5-525e-4c2e-832b-1ca15aa9c500-PendingRequests: sendNotLeaderResponses
2019-09-29 11:27:07,300 [org.apache.ratis.server.impl.LogAppender$AppenderDaemon$$Lambda$506/1412001111@10dbff7] WARN  server.GrpcLogAppender (GrpcLogAppender.java:mayWait(143)) - c5175ad5-525e-4c2e-832b-1ca15aa9c500@group-C452D2919BED->266f4e38-b438-4944-8569-530d2ae5f6fc-GrpcLogAppender: Wait interrupted by java.lang.InterruptedException
2019-09-29 11:27:07,302 [Thread-6479] INFO  client.GrpcClientProtocolService (GrpcClientProtocolService.java:lambda$processClientRequest$0(278)) - Failed RaftClientRequest:client-6337657804DB->c5175ad5-525e-4c2e-832b-1ca15aa9c500@group-C452D2919BED, cid=272, seq=0, Watch-ALL_COMMITTED(21), Message:<EMPTY>, reply=RaftClientReply:client-6337657804DB->c5175ad5-525e-4c2e-832b-1ca15aa9c500@group-C452D2919BED, cid=272, FAILED org.apache.ratis.protocol.NotLeaderException: Server c5175ad5-525e-4c2e-832b-1ca15aa9c500@group-C452D2919BED is not the leader, logIndex=0, commits[c5175ad5-525e-4c2e-832b-1ca15aa9c500:c28]
2019-09-29 11:27:07,302 [c5175ad5-525e-4c2e-832b-1ca15aa9c500@group-C452D2919BED-StateMachineUpdater] INFO  ratis.ContainerStateMachine (ContainerStateMachine.java:takeSnapshot(289)) - group-C452D2919BED: Taking a snapshot at:(t:2, i:28) file /workdir/hadoop-ozone/integration-test/target/test-dir/MiniOzoneClusterImpl-f848b852-1aaf-4c40-a29c-4c10b1dc7f95/datanode-3/data/ratis/c104329c-7c69-4532-a778-c452d2919bed/sm/snapshot.2_28
2019-09-29 11:27:07,302 [Thread-6480] INFO  client.GrpcClientProtocolService (GrpcClientProtocolService.java:lambda$processClientRequest$0(278)) - Failed RaftClientRequest:client-6337657804DB->c5175ad5-525e-4c2e-832b-1ca15aa9c500@group-C452D2919BED, cid=272, seq=0, Watch-ALL_COMMITTED(21), Message:<EMPTY>, reply=RaftClientReply:client-6337657804DB->c5175ad5-525e-4c2e-832b-1ca15aa9c500@group-C452D2919BED, cid=272, FAILED org.apache.ratis.protocol.NotLeaderException: Server c5175ad5-525e-4c2e-832b-1ca15aa9c500@group-C452D2919BED is not the leader, logIndex=0, commits[c5175ad5-525e-4c2e-832b-1ca15aa9c500:c28]
2019-09-29 11:27:07,302 [main] INFO  impl.StateMachineUpdater (StateMachineUpdater.java:stopAndJoin(125)) - c5175ad5-525e-4c2e-832b-1ca15aa9c500@group-C452D2919BED-StateMachineUpdater: set stopIndex = 28
2019-09-29 11:27:07,325 [c5175ad5-525e-4c2e-832b-1ca15aa9c500@group-C452D2919BED-StateMachineUpdater] INFO  ratis.ContainerStateMachine (ContainerStateMachine.java:takeSnapshot(300)) - group-C452D2919BED: Finished taking a snapshot at:(t:2, i:28) file:/workdir/hadoop-ozone/integration-test/target/test-dir/MiniOzoneClusterImpl-f848b852-1aaf-4c40-a29c-4c10b1dc7f95/datanode-3/data/ratis/c104329c-7c69-4532-a778-c452d2919bed/sm/snapshot.2_28 time:23
2019-09-29 11:27:07,325 [c5175ad5-525e-4c2e-832b-1ca15aa9c500@group-C452D2919BED-StateMachineUpdater] INFO  impl.StateMachineUpdater (StateMachineUpdater.java:takeSnapshot(258)) - c5175ad5-525e-4c2e-832b-1ca15aa9c500@group-C452D2919BED-StateMachineUpdater: Took a snapshot at index 28
2019-09-29 11:27:07,325 [c5175ad5-525e-4c2e-832b-1ca15aa9c500@group-C452D2919BED-StateMachineUpdater] INFO  impl.StateMachineUpdater (StateMachineUpdater.java:lambda$new$0(83)) - c5175ad5-525e-4c2e-832b-1ca15aa9c500@group-C452D2919BED-StateMachineUpdater: snapshotIndex: updateIncreasingly -1 -> 28
2019-09-29 11:27:07,325 [main] INFO  impl.RaftServerImpl (ServerState.java:close(385)) - c5175ad5-525e-4c2e-832b-1ca15aa9c500@group-C452D2919BED: closes. applyIndex: 28
2019-09-29 11:27:07,326 [c5175ad5-525e-4c2e-832b-1ca15aa9c500@group-C452D2919BED-SegmentedRaftLogWorker] INFO  segmented.SegmentedRaftLogWorker (SegmentedRaftLogWorker.java:run(313)) - c5175ad5-525e-4c2e-832b-1ca15aa9c500@group-C452D2919BED-SegmentedRaftLogWorker was interrupted, exiting. There are 0 tasks remaining in the queue.
2019-09-29 11:27:07,331 [main] INFO  segmented.SegmentedRaftLogWorker (SegmentedRaftLogWorker.java:close(228)) - c5175ad5-525e-4c2e-832b-1ca15aa9c500@group-C452D2919BED-SegmentedRaftLogWorker close()
2019-09-29 11:27:07,331 [main] INFO  impl.RaftServerImpl (RaftServerImpl.java:lambda$shutdown$3(251)) - c5175ad5-525e-4c2e-832b-1ca15aa9c500@group-FBE960BC2EDC: shutdown
2019-09-29 11:27:07,332 [main] INFO  util.JmxRegister (JmxRegister.java:unregister(73)) - Successfully un-registered JMX Bean with object name Ratis:service=RaftServer,group=group-FBE960BC2EDC,id=c5175ad5-525e-4c2e-832b-1ca15aa9c500
2019-09-29 11:27:07,332 [main] INFO  impl.RoleInfo (RoleInfo.java:shutdownLeaderState(104)) - c5175ad5-525e-4c2e-832b-1ca15aa9c500: shutdown LeaderState
2019-09-29 11:27:07,332 [main] INFO  impl.PendingRequests (PendingRequests.java:sendNotLeaderResponses(202)) - c5175ad5-525e-4c2e-832b-1ca15aa9c500-PendingRequests: sendNotLeaderResponses
2019-09-29 11:27:07,332 [org.apache.ratis.server.impl.LogAppender$AppenderDaemon$$Lambda$506/1412001111@51cb6570] WARN  server.GrpcLogAppender (GrpcLogAppender.java:mayWait(143)) - c5175ad5-525e-4c2e-832b-1ca15aa9c500@group-FBE960BC2EDC->d7821b28-18a7-4460-b735-be2c20024ab7-GrpcLogAppender: Wait interrupted by java.lang.InterruptedException
2019-09-29 11:27:07,332 [org.apache.ratis.server.impl.LogAppender$AppenderDaemon$$Lambda$506/1412001111@31931b6] WARN  server.GrpcLogAppender (GrpcLogAppender.java:mayWait(143)) - c5175ad5-525e-4c2e-832b-1ca15aa9c500@group-FBE960BC2EDC->266f4e38-b438-4944-8569-530d2ae5f6fc-GrpcLogAppender: Wait interrupted by java.lang.InterruptedException
2019-09-29 11:27:07,333 [main] INFO  impl.StateMachineUpdater (StateMachineUpdater.java:stopAndJoin(125)) - c5175ad5-525e-4c2e-832b-1ca15aa9c500@group-FBE960BC2EDC-StateMachineUpdater: set stopIndex = 0
2019-09-29 11:27:07,333 [main] INFO  impl.RaftServerImpl (ServerState.java:close(385)) - c5175ad5-525e-4c2e-832b-1ca15aa9c500@group-FBE960BC2EDC: closes. applyIndex: 0
2019-09-29 11:27:07,334 [c5175ad5-525e-4c2e-832b-1ca15aa9c500@group-FBE960BC2EDC-SegmentedRaftLogWorker] INFO  segmented.SegmentedRaftLogWorker (SegmentedRaftLogWorker.java:run(313)) - c5175ad5-525e-4c2e-832b-1ca15aa9c500@group-FBE960BC2EDC-SegmentedRaftLogWorker was interrupted, exiting. There are 0 tasks remaining in the queue.
2019-09-29 11:27:07,334 [main] INFO  segmented.SegmentedRaftLogWorker (SegmentedRaftLogWorker.java:close(228)) - c5175ad5-525e-4c2e-832b-1ca15aa9c500@group-FBE960BC2EDC-SegmentedRaftLogWorker close()
2019-09-29 11:27:07,334 [main] INFO  impl.RaftServerImpl (RaftServerImpl.java:lambda$shutdown$3(251)) - c5175ad5-525e-4c2e-832b-1ca15aa9c500@group-253DF9B988BF: shutdown
2019-09-29 11:27:07,335 [main] INFO  util.JmxRegister (JmxRegister.java:unregister(73)) - Successfully un-registered JMX Bean with object name Ratis:service=RaftServer,group=group-253DF9B988BF,id=c5175ad5-525e-4c2e-832b-1ca15aa9c500
2019-09-29 11:27:07,335 [main] INFO  impl.RoleInfo (RoleInfo.java:shutdownFollowerState(121)) - c5175ad5-525e-4c2e-832b-1ca15aa9c500: shutdown FollowerState
2019-09-29 11:27:07,335 [main] INFO  impl.StateMachineUpdater (StateMachineUpdater.java:stopAndJoin(125)) - c5175ad5-525e-4c2e-832b-1ca15aa9c500@group-253DF9B988BF-StateMachineUpdater: set stopIndex = 1
2019-09-29 11:27:07,336 [main] INFO  impl.RaftServerImpl (ServerState.java:close(385)) - c5175ad5-525e-4c2e-832b-1ca15aa9c500@group-253DF9B988BF: closes. applyIndex: 1
2019-09-29 11:27:07,335 [Thread-6430] INFO  impl.FollowerState (FollowerState.java:run(115)) - c5175ad5-525e-4c2e-832b-1ca15aa9c500: FollowerState was interrupted: java.lang.InterruptedException: sleep interrupted
2019-09-29 11:27:07,336 [c5175ad5-525e-4c2e-832b-1ca15aa9c500@group-253DF9B988BF-SegmentedRaftLogWorker] INFO  segmented.SegmentedRaftLogWorker (SegmentedRaftLogWorker.java:run(313)) - c5175ad5-525e-4c2e-832b-1ca15aa9c500@group-253DF9B988BF-SegmentedRaftLogWorker was interrupted, exiting. There are 0 tasks remaining in the queue.
2019-09-29 11:27:07,338 [main] INFO  segmented.SegmentedRaftLogWorker (SegmentedRaftLogWorker.java:close(228)) - c5175ad5-525e-4c2e-832b-1ca15aa9c500@group-253DF9B988BF-SegmentedRaftLogWorker close()
2019-09-29 11:27:07,338 [main] INFO  impl.RaftServerImpl (RaftServerImpl.java:lambda$shutdown$3(251)) - c5175ad5-525e-4c2e-832b-1ca15aa9c500@group-8E5314906F1B: shutdown
2019-09-29 11:27:07,339 [main] INFO  util.JmxRegister (JmxRegister.java:unregister(73)) - Successfully un-registered JMX Bean with object name Ratis:service=RaftServer,group=group-8E5314906F1B,id=c5175ad5-525e-4c2e-832b-1ca15aa9c500
2019-09-29 11:27:07,339 [main] INFO  impl.RoleInfo (RoleInfo.java:shutdownLeaderState(104)) - c5175ad5-525e-4c2e-832b-1ca15aa9c500: shutdown LeaderState
2019-09-29 11:27:07,339 [main] INFO  impl.PendingRequests (PendingRequests.java:sendNotLeaderResponses(202)) - c5175ad5-525e-4c2e-832b-1ca15aa9c500-PendingRequests: sendNotLeaderResponses
2019-09-29 11:27:07,339 [org.apache.ratis.server.impl.LogAppender$AppenderDaemon$$Lambda$506/1412001111@4771d246] WARN  server.GrpcLogAppender (GrpcLogAppender.java:mayWait(143)) - c5175ad5-525e-4c2e-832b-1ca15aa9c500@group-8E5314906F1B->d7821b28-18a7-4460-b735-be2c20024ab7-GrpcLogAppender: Wait interrupted by java.lang.InterruptedException
2019-09-29 11:27:07,339 [org.apache.ratis.server.impl.LogAppender$AppenderDaemon$$Lambda$506/1412001111@1a6bf426] WARN  server.GrpcLogAppender (GrpcLogAppender.java:mayWait(143)) - c5175ad5-525e-4c2e-832b-1ca15aa9c500@group-8E5314906F1B->266f4e38-b438-4944-8569-530d2ae5f6fc-GrpcLogAppender: Wait interrupted by java.lang.InterruptedException
2019-09-29 11:27:07,340 [main] INFO  impl.StateMachineUpdater (StateMachineUpdater.java:stopAndJoin(125)) - c5175ad5-525e-4c2e-832b-1ca15aa9c500@group-8E5314906F1B-StateMachineUpdater: set stopIndex = 0
2019-09-29 11:27:07,340 [main] INFO  impl.RaftServerImpl (ServerState.java:close(385)) - c5175ad5-525e-4c2e-832b-1ca15aa9c500@group-8E5314906F1B: closes. applyIndex: 0
2019-09-29 11:27:07,340 [c5175ad5-525e-4c2e-832b-1ca15aa9c500@group-8E5314906F1B-SegmentedRaftLogWorker] INFO  segmented.SegmentedRaftLogWorker (SegmentedRaftLogWorker.java:run(313)) - c5175ad5-525e-4c2e-832b-1ca15aa9c500@group-8E5314906F1B-SegmentedRaftLogWorker was interrupted, exiting. There are 0 tasks remaining in the queue.
2019-09-29 11:27:07,341 [main] INFO  segmented.SegmentedRaftLogWorker (SegmentedRaftLogWorker.java:close(228)) - c5175ad5-525e-4c2e-832b-1ca15aa9c500@group-8E5314906F1B-SegmentedRaftLogWorker close()
2019-09-29 11:27:07,341 [main] INFO  impl.RaftServerImpl (RaftServerImpl.java:lambda$shutdown$3(251)) - c5175ad5-525e-4c2e-832b-1ca15aa9c500@group-A84C2D9C10C5: shutdown
2019-09-29 11:27:07,341 [main] INFO  util.JmxRegister (JmxRegister.java:unregister(73)) - Successfully un-registered JMX Bean with object name Ratis:service=RaftServer,group=group-A84C2D9C10C5,id=c5175ad5-525e-4c2e-832b-1ca15aa9c500
2019-09-29 11:27:07,342 [main] INFO  impl.RoleInfo (RoleInfo.java:shutdownFollowerState(121)) - c5175ad5-525e-4c2e-832b-1ca15aa9c500: shutdown FollowerState
2019-09-29 11:27:07,342 [main] INFO  impl.StateMachineUpdater (StateMachineUpdater.java:stopAndJoin(125)) - c5175ad5-525e-4c2e-832b-1ca15aa9c500@group-A84C2D9C10C5-StateMachineUpdater: set stopIndex = 0
2019-09-29 11:27:07,342 [Thread-6476] INFO  impl.FollowerState (FollowerState.java:run(115)) - c5175ad5-525e-4c2e-832b-1ca15aa9c500: FollowerState was interrupted: java.lang.InterruptedException: sleep interrupted
2019-09-29 11:27:07,342 [main] INFO  impl.RaftServerImpl (ServerState.java:close(385)) - c5175ad5-525e-4c2e-832b-1ca15aa9c500@group-A84C2D9C10C5: closes. applyIndex: 0
2019-09-29 11:27:07,343 [c5175ad5-525e-4c2e-832b-1ca15aa9c500@group-A84C2D9C10C5-SegmentedRaftLogWorker] INFO  segmented.SegmentedRaftLogWorker (SegmentedRaftLogWorker.java:run(313)) - c5175ad5-525e-4c2e-832b-1ca15aa9c500@group-A84C2D9C10C5-SegmentedRaftLogWorker was interrupted, exiting. There are 0 tasks remaining in the queue.
2019-09-29 11:27:07,343 [main] INFO  segmented.SegmentedRaftLogWorker (SegmentedRaftLogWorker.java:close(228)) - c5175ad5-525e-4c2e-832b-1ca15aa9c500@group-A84C2D9C10C5-SegmentedRaftLogWorker close()
2019-09-29 11:27:07,343 [main] INFO  impl.RaftServerImpl (RaftServerImpl.java:lambda$shutdown$3(251)) - c5175ad5-525e-4c2e-832b-1ca15aa9c500@group-42C9F9716FCF: shutdown
2019-09-29 11:27:07,344 [main] INFO  util.JmxRegister (JmxRegister.java:unregister(73)) - Successfully un-registered JMX Bean with object name Ratis:service=RaftServer,group=group-42C9F9716FCF,id=c5175ad5-525e-4c2e-832b-1ca15aa9c500
2019-09-29 11:27:07,344 [main] INFO  impl.RoleInfo (RoleInfo.java:shutdownFollowerState(121)) - c5175ad5-525e-4c2e-832b-1ca15aa9c500: shutdown FollowerState
2019-09-29 11:27:07,344 [main] INFO  impl.StateMachineUpdater (StateMachineUpdater.java:stopAndJoin(125)) - c5175ad5-525e-4c2e-832b-1ca15aa9c500@group-42C9F9716FCF-StateMachineUpdater: set stopIndex = 1
2019-09-29 11:27:07,344 [Thread-6455] INFO  impl.FollowerState (FollowerState.java:run(115)) - c5175ad5-525e-4c2e-832b-1ca15aa9c500: FollowerState was interrupted: java.lang.InterruptedException: sleep interrupted
2019-09-29 11:27:07,345 [main] INFO  impl.RaftServerImpl (ServerState.java:close(385)) - c5175ad5-525e-4c2e-832b-1ca15aa9c500@group-42C9F9716FCF: closes. applyIndex: 1
2019-09-29 11:27:07,345 [c5175ad5-525e-4c2e-832b-1ca15aa9c500@group-42C9F9716FCF-SegmentedRaftLogWorker] INFO  segmented.SegmentedRaftLogWorker (SegmentedRaftLogWorker.java:run(313)) - c5175ad5-525e-4c2e-832b-1ca15aa9c500@group-42C9F9716FCF-SegmentedRaftLogWorker was interrupted, exiting. There are 0 tasks remaining in the queue.
2019-09-29 11:27:07,347 [main] INFO  segmented.SegmentedRaftLogWorker (SegmentedRaftLogWorker.java:close(228)) - c5175ad5-525e-4c2e-832b-1ca15aa9c500@group-42C9F9716FCF-SegmentedRaftLogWorker close()
2019-09-29 11:27:07,347 [main] INFO  impl.RaftServerImpl (RaftServerImpl.java:lambda$shutdown$3(251)) - c5175ad5-525e-4c2e-832b-1ca15aa9c500@group-0F923E1C8F14: shutdown
2019-09-29 11:27:07,347 [main] INFO  util.JmxRegister (JmxRegister.java:unregister(73)) - Successfully un-registered JMX Bean with object name Ratis:service=RaftServer,group=group-0F923E1C8F14,id=c5175ad5-525e-4c2e-832b-1ca15aa9c500
2019-09-29 11:27:07,347 [main] INFO  impl.RoleInfo (RoleInfo.java:shutdownFollowerState(121)) - c5175ad5-525e-4c2e-832b-1ca15aa9c500: shutdown FollowerState
2019-09-29 11:27:07,348 [main] INFO  impl.StateMachineUpdater (StateMachineUpdater.java:stopAndJoin(125)) - c5175ad5-525e-4c2e-832b-1ca15aa9c500@group-0F923E1C8F14-StateMachineUpdater: set stopIndex = 1
2019-09-29 11:27:07,348 [Thread-6444] INFO  impl.FollowerState (FollowerState.java:run(115)) - c5175ad5-525e-4c2e-832b-1ca15aa9c500: FollowerState was interrupted: java.lang.InterruptedException: sleep interrupted
2019-09-29 11:27:07,348 [main] INFO  impl.RaftServerImpl (ServerState.java:close(385)) - c5175ad5-525e-4c2e-832b-1ca15aa9c500@group-0F923E1C8F14: closes. applyIndex: 1
2019-09-29 11:27:07,348 [c5175ad5-525e-4c2e-832b-1ca15aa9c500@group-0F923E1C8F14-SegmentedRaftLogWorker] INFO  segmented.SegmentedRaftLogWorker (SegmentedRaftLogWorker.java:run(313)) - c5175ad5-525e-4c2e-832b-1ca15aa9c500@group-0F923E1C8F14-SegmentedRaftLogWorker was interrupted, exiting. There are 0 tasks remaining in the queue.
2019-09-29 11:27:07,350 [main] INFO  segmented.SegmentedRaftLogWorker (SegmentedRaftLogWorker.java:close(228)) - c5175ad5-525e-4c2e-832b-1ca15aa9c500@group-0F923E1C8F14-SegmentedRaftLogWorker close()
2019-09-29 11:27:07,350 [main] INFO  impl.RaftServerImpl (RaftServerImpl.java:lambda$shutdown$3(251)) - c5175ad5-525e-4c2e-832b-1ca15aa9c500@group-ACE69562662B: shutdown
2019-09-29 11:27:07,350 [main] INFO  util.JmxRegister (JmxRegister.java:unregister(73)) - Successfully un-registered JMX Bean with object name Ratis:service=RaftServer,group=group-ACE69562662B,id=c5175ad5-525e-4c2e-832b-1ca15aa9c500
2019-09-29 11:27:07,351 [main] INFO  impl.RoleInfo (RoleInfo.java:shutdownFollowerState(121)) - c5175ad5-525e-4c2e-832b-1ca15aa9c500: shutdown FollowerState
2019-09-29 11:27:07,351 [main] INFO  impl.StateMachineUpdater (StateMachineUpdater.java:stopAndJoin(125)) - c5175ad5-525e-4c2e-832b-1ca15aa9c500@group-ACE69562662B-StateMachineUpdater: set stopIndex = 0
2019-09-29 11:27:07,351 [Thread-6119] INFO  impl.FollowerState (FollowerState.java:run(115)) - c5175ad5-525e-4c2e-832b-1ca15aa9c500: FollowerState was interrupted: java.lang.InterruptedException: sleep interrupted
2019-09-29 11:27:07,351 [main] INFO  impl.RaftServerImpl (ServerState.java:close(385)) - c5175ad5-525e-4c2e-832b-1ca15aa9c500@group-ACE69562662B: closes. applyIndex: 0
2019-09-29 11:27:07,352 [c5175ad5-525e-4c2e-832b-1ca15aa9c500@group-ACE69562662B-SegmentedRaftLogWorker] INFO  segmented.SegmentedRaftLogWorker (SegmentedRaftLogWorker.java:run(313)) - c5175ad5-525e-4c2e-832b-1ca15aa9c500@group-ACE69562662B-SegmentedRaftLogWorker was interrupted, exiting. There are 0 tasks remaining in the queue.
2019-09-29 11:27:07,352 [main] INFO  segmented.SegmentedRaftLogWorker (SegmentedRaftLogWorker.java:close(228)) - c5175ad5-525e-4c2e-832b-1ca15aa9c500@group-ACE69562662B-SegmentedRaftLogWorker close()
2019-09-29 11:27:07,352 [main] INFO  impl.RaftServerImpl (RaftServerImpl.java:lambda$shutdown$3(251)) - c5175ad5-525e-4c2e-832b-1ca15aa9c500@group-92AA78341D71: shutdown
2019-09-29 11:27:07,353 [main] INFO  util.JmxRegister (JmxRegister.java:unregister(73)) - Successfully un-registered JMX Bean with object name Ratis:service=RaftServer,group=group-92AA78341D71,id=c5175ad5-525e-4c2e-832b-1ca15aa9c500
2019-09-29 11:27:07,353 [main] INFO  impl.RoleInfo (RoleInfo.java:shutdownLeaderState(104)) - c5175ad5-525e-4c2e-832b-1ca15aa9c500: shutdown LeaderState
2019-09-29 11:27:07,353 [main] INFO  impl.PendingRequests (PendingRequests.java:sendNotLeaderResponses(202)) - c5175ad5-525e-4c2e-832b-1ca15aa9c500-PendingRequests: sendNotLeaderResponses
2019-09-29 11:27:07,353 [org.apache.ratis.server.impl.LogAppender$AppenderDaemon$$Lambda$506/1412001111@1905dfd3] WARN  server.GrpcLogAppender (GrpcLogAppender.java:mayWait(143)) - c5175ad5-525e-4c2e-832b-1ca15aa9c500@group-92AA78341D71->d7821b28-18a7-4460-b735-be2c20024ab7-GrpcLogAppender: Wait interrupted by java.lang.InterruptedException
2019-09-29 11:27:07,353 [org.apache.ratis.server.impl.LogAppender$AppenderDaemon$$Lambda$506/1412001111@5ec0317a] WARN  server.GrpcLogAppender (GrpcLogAppender.java:mayWait(143)) - c5175ad5-525e-4c2e-832b-1ca15aa9c500@group-92AA78341D71->266f4e38-b438-4944-8569-530d2ae5f6fc-GrpcLogAppender: Wait interrupted by java.lang.InterruptedException
2019-09-29 11:27:07,354 [main] INFO  impl.StateMachineUpdater (StateMachineUpdater.java:stopAndJoin(125)) - c5175ad5-525e-4c2e-832b-1ca15aa9c500@group-92AA78341D71-StateMachineUpdater: set stopIndex = 0
2019-09-29 11:27:07,354 [main] INFO  impl.RaftServerImpl (ServerState.java:close(385)) - c5175ad5-525e-4c2e-832b-1ca15aa9c500@group-92AA78341D71: closes. applyIndex: 0
2019-09-29 11:27:07,355 [c5175ad5-525e-4c2e-832b-1ca15aa9c500@group-92AA78341D71-SegmentedRaftLogWorker] INFO  segmented.SegmentedRaftLogWorker (SegmentedRaftLogWorker.java:run(313)) - c5175ad5-525e-4c2e-832b-1ca15aa9c500@group-92AA78341D71-SegmentedRaftLogWorker was interrupted, exiting. There are 0 tasks remaining in the queue.
2019-09-29 11:27:07,355 [main] INFO  segmented.SegmentedRaftLogWorker (SegmentedRaftLogWorker.java:close(228)) - c5175ad5-525e-4c2e-832b-1ca15aa9c500@group-92AA78341D71-SegmentedRaftLogWorker close()
2019-09-29 11:27:07,355 [main] INFO  impl.RaftServerImpl (RaftServerImpl.java:lambda$shutdown$3(251)) - c5175ad5-525e-4c2e-832b-1ca15aa9c500@group-086DA515FD7E: shutdown
2019-09-29 11:27:07,355 [main] INFO  util.JmxRegister (JmxRegister.java:unregister(73)) - Successfully un-registered JMX Bean with object name Ratis:service=RaftServer,group=group-086DA515FD7E,id=c5175ad5-525e-4c2e-832b-1ca15aa9c500
2019-09-29 11:27:07,355 [main] INFO  impl.RoleInfo (RoleInfo.java:shutdownFollowerState(121)) - c5175ad5-525e-4c2e-832b-1ca15aa9c500: shutdown FollowerState
2019-09-29 11:27:07,356 [main] INFO  impl.StateMachineUpdater (StateMachineUpdater.java:stopAndJoin(125)) - c5175ad5-525e-4c2e-832b-1ca15aa9c500@group-086DA515FD7E-StateMachineUpdater: set stopIndex = 0
2019-09-29 11:27:07,356 [main] INFO  impl.RaftServerImpl (ServerState.java:close(385)) - c5175ad5-525e-4c2e-832b-1ca15aa9c500@group-086DA515FD7E: closes. applyIndex: 0
2019-09-29 11:27:07,356 [Thread-6068] INFO  impl.FollowerState (FollowerState.java:run(115)) - c5175ad5-525e-4c2e-832b-1ca15aa9c500: FollowerState was interrupted: java.lang.InterruptedException: sleep interrupted
2019-09-29 11:27:07,356 [c5175ad5-525e-4c2e-832b-1ca15aa9c500@group-086DA515FD7E-SegmentedRaftLogWorker] INFO  segmented.SegmentedRaftLogWorker (SegmentedRaftLogWorker.java:run(313)) - c5175ad5-525e-4c2e-832b-1ca15aa9c500@group-086DA515FD7E-SegmentedRaftLogWorker was interrupted, exiting. There are 0 tasks remaining in the queue.
2019-09-29 11:27:07,357 [main] INFO  segmented.SegmentedRaftLogWorker (SegmentedRaftLogWorker.java:close(228)) - c5175ad5-525e-4c2e-832b-1ca15aa9c500@group-086DA515FD7E-SegmentedRaftLogWorker close()
2019-09-29 11:27:07,357 [main] INFO  server.GrpcService (GrpcService.java:closeImpl(164)) - c5175ad5-525e-4c2e-832b-1ca15aa9c500: shutdown server with port 40504 now
2019-09-29 11:27:07,358 [grpc-default-executor-28] WARN  client.GrpcClientProtocolService (LogUtils.java:warn(134)) - 4-UnorderedRequestStreamObserver4: onError: org.apache.ratis.thirdparty.io.grpc.StatusRuntimeException: CANCELLED: cancelled before receiving half close
2019-09-29 11:27:07,358 [main] INFO  server.GrpcService (GrpcService.java:closeImpl(172)) - c5175ad5-525e-4c2e-832b-1ca15aa9c500: shutdown server with port 40504 successfully
2019-09-29 11:27:07,360 [refreshUsed-/workdir/hadoop-ozone/integration-test/target/test-dir/MiniOzoneClusterImpl-f848b852-1aaf-4c40-a29c-4c10b1dc7f95/datanode-3/data/containers] WARN  fs.CachingGetSpaceUsed (CachingGetSpaceUsed.java:run(183)) - Thread Interrupted waiting to refresh disk information: sleep interrupted
2019-09-29 11:27:07,375 [main] INFO  utils.BackgroundService (BackgroundService.java:shutdown(148)) - Shutting down service BlockDeletingService
2019-09-29 11:27:07,380 [main] INFO  statemachine.DatanodeStateMachine (DatanodeStateMachine.java:stopDaemon(395)) - Ozone container server stopped.
2019-09-29 11:27:07,381 [main] INFO  handler.ContextHandler (ContextHandler.java:doStop(910)) - Stopped o.e.j.w.WebAppContext@1be52861{/,null,UNAVAILABLE}{/hddsDatanode}
2019-09-29 11:27:07,382 [main] INFO  server.AbstractConnector (AbstractConnector.java:doStop(318)) - Stopped ServerConnector@5fb5ad40{HTTP/1.1,[http/1.1]}{0.0.0.0:0}
2019-09-29 11:27:07,382 [main] INFO  handler.ContextHandler (ContextHandler.java:doStop(910)) - Stopped o.e.j.s.ServletContextHandler@2f8c4fae{/static,jar:file:/home/user/.m2/repository/org/apache/hadoop/hadoop-hdds-container-service/0.5.0-SNAPSHOT/hadoop-hdds-container-service-0.5.0-SNAPSHOT.jar!/webapps/static,UNAVAILABLE}
2019-09-29 11:27:07,383 [main] INFO  handler.ContextHandler (ContextHandler.java:doStop(910)) - Stopped o.e.j.s.ServletContextHandler@62ea8931{/logs,file:///workdir/hadoop-ozone/integration-test/target/log,UNAVAILABLE}
2019-09-29 11:27:07,387 [ForkJoinPool.commonPool-worker-1] INFO  ozoneimpl.OzoneContainer (OzoneContainer.java:stop(231)) - Attempting to stop container services.
2019-09-29 11:27:07,388 [ForkJoinPool.commonPool-worker-1] INFO  impl.RaftServerProxy (RaftServerProxy.java:lambda$close$4(314)) - 59ec8f59-497a-428b-8454-a1dbaa70abd6: close
2019-09-29 11:27:07,388 [ForkJoinPool.commonPool-worker-1] INFO  impl.RaftServerImpl (RaftServerImpl.java:lambda$shutdown$3(251)) - 59ec8f59-497a-428b-8454-a1dbaa70abd6@group-0B6B9429C27D: shutdown
2019-09-29 11:27:07,388 [ForkJoinPool.commonPool-worker-1] INFO  util.JmxRegister (JmxRegister.java:unregister(73)) - Successfully un-registered JMX Bean with object name Ratis:service=RaftServer,group=group-0B6B9429C27D,id=59ec8f59-497a-428b-8454-a1dbaa70abd6
2019-09-29 11:27:07,388 [ForkJoinPool.commonPool-worker-1] INFO  impl.RoleInfo (RoleInfo.java:shutdownLeaderState(104)) - 59ec8f59-497a-428b-8454-a1dbaa70abd6: shutdown LeaderState
2019-09-29 11:27:07,389 [ForkJoinPool.commonPool-worker-1] INFO  impl.PendingRequests (PendingRequests.java:sendNotLeaderResponses(202)) - 59ec8f59-497a-428b-8454-a1dbaa70abd6-PendingRequests: sendNotLeaderResponses
2019-09-29 11:27:07,389 [ForkJoinPool.commonPool-worker-1] INFO  impl.StateMachineUpdater (StateMachineUpdater.java:stopAndJoin(125)) - 59ec8f59-497a-428b-8454-a1dbaa70abd6@group-0B6B9429C27D-StateMachineUpdater: set stopIndex = 0
2019-09-29 11:27:07,389 [ForkJoinPool.commonPool-worker-1] INFO  impl.RaftServerImpl (ServerState.java:close(385)) - 59ec8f59-497a-428b-8454-a1dbaa70abd6@group-0B6B9429C27D: closes. applyIndex: 0
2019-09-29 11:27:07,390 [59ec8f59-497a-428b-8454-a1dbaa70abd6@group-0B6B9429C27D-SegmentedRaftLogWorker] INFO  segmented.SegmentedRaftLogWorker (SegmentedRaftLogWorker.java:run(313)) - 59ec8f59-497a-428b-8454-a1dbaa70abd6@group-0B6B9429C27D-SegmentedRaftLogWorker was interrupted, exiting. There are 0 tasks remaining in the queue.
2019-09-29 11:27:07,390 [ForkJoinPool.commonPool-worker-1] INFO  segmented.SegmentedRaftLogWorker (SegmentedRaftLogWorker.java:close(228)) - 59ec8f59-497a-428b-8454-a1dbaa70abd6@group-0B6B9429C27D-SegmentedRaftLogWorker close()
2019-09-29 11:27:07,390 [ForkJoinPool.commonPool-worker-1] INFO  impl.RaftServerImpl (RaftServerImpl.java:lambda$shutdown$3(251)) - 59ec8f59-497a-428b-8454-a1dbaa70abd6@group-0CD34D698E0C: shutdown
2019-09-29 11:27:07,391 [ForkJoinPool.commonPool-worker-1] INFO  util.JmxRegister (JmxRegister.java:unregister(73)) - Successfully un-registered JMX Bean with object name Ratis:service=RaftServer,group=group-0CD34D698E0C,id=59ec8f59-497a-428b-8454-a1dbaa70abd6
2019-09-29 11:27:07,391 [ForkJoinPool.commonPool-worker-1] INFO  impl.RoleInfo (RoleInfo.java:shutdownFollowerState(121)) - 59ec8f59-497a-428b-8454-a1dbaa70abd6: shutdown FollowerState
2019-09-29 11:27:07,391 [ForkJoinPool.commonPool-worker-1] INFO  impl.StateMachineUpdater (StateMachineUpdater.java:stopAndJoin(125)) - 59ec8f59-497a-428b-8454-a1dbaa70abd6@group-0CD34D698E0C-StateMachineUpdater: set stopIndex = 0
2019-09-29 11:27:07,391 [Thread-6051] INFO  impl.FollowerState (FollowerState.java:run(115)) - 59ec8f59-497a-428b-8454-a1dbaa70abd6: FollowerState was interrupted: java.lang.InterruptedException: sleep interrupted
2019-09-29 11:27:07,391 [ForkJoinPool.commonPool-worker-1] INFO  impl.RaftServerImpl (ServerState.java:close(385)) - 59ec8f59-497a-428b-8454-a1dbaa70abd6@group-0CD34D698E0C: closes. applyIndex: 0
2019-09-29 11:27:07,392 [59ec8f59-497a-428b-8454-a1dbaa70abd6@group-0CD34D698E0C-SegmentedRaftLogWorker] INFO  segmented.SegmentedRaftLogWorker (SegmentedRaftLogWorker.java:run(313)) - 59ec8f59-497a-428b-8454-a1dbaa70abd6@group-0CD34D698E0C-SegmentedRaftLogWorker was interrupted, exiting. There are 0 tasks remaining in the queue.
2019-09-29 11:27:07,392 [ForkJoinPool.commonPool-worker-1] INFO  segmented.SegmentedRaftLogWorker (SegmentedRaftLogWorker.java:close(228)) - 59ec8f59-497a-428b-8454-a1dbaa70abd6@group-0CD34D698E0C-SegmentedRaftLogWorker close()
2019-09-29 11:27:07,392 [ForkJoinPool.commonPool-worker-1] INFO  server.GrpcService (GrpcService.java:closeImpl(164)) - 59ec8f59-497a-428b-8454-a1dbaa70abd6: shutdown server with port 34609 now
2019-09-29 11:27:07,393 [ForkJoinPool.commonPool-worker-1] INFO  server.GrpcService (GrpcService.java:closeImpl(172)) - 59ec8f59-497a-428b-8454-a1dbaa70abd6: shutdown server with port 34609 successfully
2019-09-29 11:27:07,394 [refreshUsed-/workdir/hadoop-ozone/integration-test/target/test-dir/MiniOzoneClusterImpl-f848b852-1aaf-4c40-a29c-4c10b1dc7f95/datanode-0/data/containers] WARN  fs.CachingGetSpaceUsed (CachingGetSpaceUsed.java:run(183)) - Thread Interrupted waiting to refresh disk information: sleep interrupted
2019-09-29 11:27:07,407 [ForkJoinPool.commonPool-worker-1] INFO  utils.BackgroundService (BackgroundService.java:shutdown(148)) - Shutting down service BlockDeletingService
2019-09-29 11:27:07,412 [ForkJoinPool.commonPool-worker-1] INFO  statemachine.DatanodeStateMachine (DatanodeStateMachine.java:stopDaemon(395)) - Ozone container server stopped.
2019-09-29 11:27:07,416 [ForkJoinPool.commonPool-worker-1] INFO  handler.ContextHandler (ContextHandler.java:doStop(910)) - Stopped o.e.j.w.WebAppContext@47187f50{/,null,UNAVAILABLE}{/hddsDatanode}
2019-09-29 11:27:07,417 [ForkJoinPool.commonPool-worker-1] INFO  server.AbstractConnector (AbstractConnector.java:doStop(318)) - Stopped ServerConnector@78116659{HTTP/1.1,[http/1.1]}{0.0.0.0:0}
2019-09-29 11:27:07,418 [ForkJoinPool.commonPool-worker-1] INFO  handler.ContextHandler (ContextHandler.java:doStop(910)) - Stopped o.e.j.s.ServletContextHandler@147cc940{/static,jar:file:/home/user/.m2/repository/org/apache/hadoop/hadoop-hdds-container-service/0.5.0-SNAPSHOT/hadoop-hdds-container-service-0.5.0-SNAPSHOT.jar!/webapps/static,UNAVAILABLE}
2019-09-29 11:27:07,420 [ForkJoinPool.commonPool-worker-1] INFO  handler.ContextHandler (ContextHandler.java:doStop(910)) - Stopped o.e.j.s.ServletContextHandler@4bc9ca97{/logs,file:///workdir/hadoop-ozone/integration-test/target/log,UNAVAILABLE}
2019-09-29 11:27:07,568 [Datanode State Machine Thread - 0] INFO  statemachine.DatanodeStateMachine (DatanodeStateMachine.java:lambda$startDaemon$0(350)) - Ozone container server started.
2019-09-29 11:27:07,875 [Datanode State Machine Thread - 0] INFO  statemachine.DatanodeStateMachine (DatanodeStateMachine.java:lambda$startDaemon$0(350)) - Ozone container server started.
2019-09-29 11:27:11,596 [EventQueue-StaleNodeForStaleNodeHandler] INFO  node.StaleNodeHandler (StaleNodeHandler.java:onMessage(58)) - Datanode d159c37b-b711-4359-a4a4-9378c4f165f9{ip: 192.168.30.19, host: pr-hdds-1569-lsfh5-224679870, networkLocation: /default-rack, certSerialId: null} moved to stale state. Finalizing its pipelines []
2019-09-29 11:27:11,896 [EventQueue-StaleNodeForStaleNodeHandler] INFO  node.StaleNodeHandler (StaleNodeHandler.java:onMessage(58)) - Datanode 4e0eb492-2f27-4933-a922-d474540ed45d{ip: 192.168.30.19, host: pr-hdds-1569-lsfh5-224679870, networkLocation: /default-rack, certSerialId: null} moved to stale state. Finalizing its pipelines []
2019-09-29 11:27:12,385 [main] INFO  ozoneimpl.OzoneContainer (OzoneContainer.java:stop(231)) - Attempting to stop container services.
2019-09-29 11:27:12,387 [main] INFO  impl.RaftServerProxy (RaftServerProxy.java:lambda$close$4(314)) - d159c37b-b711-4359-a4a4-9378c4f165f9: close
2019-09-29 11:27:12,393 [main] INFO  server.GrpcService (GrpcService.java:closeImpl(164)) - d159c37b-b711-4359-a4a4-9378c4f165f9: shutdown server with port 42378 now
2019-09-29 11:27:12,394 [main] INFO  server.GrpcService (GrpcService.java:closeImpl(172)) - d159c37b-b711-4359-a4a4-9378c4f165f9: shutdown server with port 42378 successfully
2019-09-29 11:27:12,408 [refreshUsed-/workdir/hadoop-ozone/integration-test/target/test-dir/MiniOzoneClusterImpl-f848b852-1aaf-4c40-a29c-4c10b1dc7f95/datanode-6/data/containers] WARN  fs.CachingGetSpaceUsed (CachingGetSpaceUsed.java:run(183)) - Thread Interrupted waiting to refresh disk information: sleep interrupted
2019-09-29 11:27:12,421 [ForkJoinPool.commonPool-worker-1] INFO  ozoneimpl.OzoneContainer (OzoneContainer.java:stop(231)) - Attempting to stop container services.
2019-09-29 11:27:12,421 [ForkJoinPool.commonPool-worker-1] INFO  impl.RaftServerProxy (RaftServerProxy.java:lambda$close$4(314)) - 4e0eb492-2f27-4933-a922-d474540ed45d: close
2019-09-29 11:27:12,423 [ForkJoinPool.commonPool-worker-1] INFO  server.GrpcService (GrpcService.java:closeImpl(164)) - 4e0eb492-2f27-4933-a922-d474540ed45d: shutdown server with port 40185 now
2019-09-29 11:27:12,424 [ForkJoinPool.commonPool-worker-1] INFO  server.GrpcService (GrpcService.java:closeImpl(172)) - 4e0eb492-2f27-4933-a922-d474540ed45d: shutdown server with port 40185 successfully
2019-09-29 11:27:12,426 [refreshUsed-/workdir/hadoop-ozone/integration-test/target/test-dir/MiniOzoneClusterImpl-f848b852-1aaf-4c40-a29c-4c10b1dc7f95/datanode-5/data/containers] WARN  fs.CachingGetSpaceUsed (CachingGetSpaceUsed.java:run(183)) - Thread Interrupted waiting to refresh disk information: sleep interrupted
2019-09-29 11:27:12,431 [main] INFO  utils.BackgroundService (BackgroundService.java:shutdown(148)) - Shutting down service BlockDeletingService
2019-09-29 11:27:12,436 [main] INFO  statemachine.DatanodeStateMachine (DatanodeStateMachine.java:stopDaemon(395)) - Ozone container server stopped.
2019-09-29 11:27:12,438 [main] INFO  handler.ContextHandler (ContextHandler.java:doStop(910)) - Stopped o.e.j.w.WebAppContext@23ad2d17{/,null,UNAVAILABLE}{/hddsDatanode}
2019-09-29 11:27:12,440 [main] INFO  server.AbstractConnector (AbstractConnector.java:doStop(318)) - Stopped ServerConnector@6bce4140{HTTP/1.1,[http/1.1]}{0.0.0.0:0}
2019-09-29 11:27:12,440 [main] INFO  handler.ContextHandler (ContextHandler.java:doStop(910)) - Stopped o.e.j.s.ServletContextHandler@4c24f3a2{/static,jar:file:/home/user/.m2/repository/org/apache/hadoop/hadoop-hdds-container-service/0.5.0-SNAPSHOT/hadoop-hdds-container-service-0.5.0-SNAPSHOT.jar!/webapps/static,UNAVAILABLE}
2019-09-29 11:27:12,441 [main] INFO  handler.ContextHandler (ContextHandler.java:doStop(910)) - Stopped o.e.j.s.ServletContextHandler@6af78a48{/logs,file:///workdir/hadoop-ozone/integration-test/target/log,UNAVAILABLE}
2019-09-29 11:27:12,443 [ForkJoinPool.commonPool-worker-1] INFO  utils.BackgroundService (BackgroundService.java:shutdown(148)) - Shutting down service BlockDeletingService
2019-09-29 11:27:12,449 [ForkJoinPool.commonPool-worker-1] INFO  statemachine.DatanodeStateMachine (DatanodeStateMachine.java:stopDaemon(395)) - Ozone container server stopped.
2019-09-29 11:27:12,452 [ForkJoinPool.commonPool-worker-1] INFO  handler.ContextHandler (ContextHandler.java:doStop(910)) - Stopped o.e.j.w.WebAppContext@37314843{/,null,UNAVAILABLE}{/hddsDatanode}
2019-09-29 11:27:12,453 [ForkJoinPool.commonPool-worker-1] INFO  server.AbstractConnector (AbstractConnector.java:doStop(318)) - Stopped ServerConnector@50122012{HTTP/1.1,[http/1.1]}{0.0.0.0:0}
2019-09-29 11:27:12,454 [ForkJoinPool.commonPool-worker-1] INFO  handler.ContextHandler (ContextHandler.java:doStop(910)) - Stopped o.e.j.s.ServletContextHandler@6206b4a7{/static,jar:file:/home/user/.m2/repository/org/apache/hadoop/hadoop-hdds-container-service/0.5.0-SNAPSHOT/hadoop-hdds-container-service-0.5.0-SNAPSHOT.jar!/webapps/static,UNAVAILABLE}
2019-09-29 11:27:12,456 [ForkJoinPool.commonPool-worker-1] INFO  handler.ContextHandler (ContextHandler.java:doStop(910)) - Stopped o.e.j.s.ServletContextHandler@c14e5a5{/logs,file:///workdir/hadoop-ozone/integration-test/target/log,UNAVAILABLE}
2019-09-29 11:27:12,456 [main] INFO  ozone.MiniOzoneClusterImpl (MiniOzoneClusterImpl.java:stopSCM(392)) - Stopping the StorageContainerManager
2019-09-29 11:27:12,457 [main] INFO  server.StorageContainerManager (StorageContainerManager.java:stop(808)) - Stopping Replication Manager Service.
2019-09-29 11:27:12,457 [main] INFO  container.ReplicationManager (ReplicationManager.java:stop(204)) - Stopping Replication Monitor Thread.
2019-09-29 11:27:12,457 [main] INFO  server.StorageContainerManager (StorageContainerManager.java:stop(815)) - Stopping Lease Manager of the command watchers
2019-09-29 11:27:12,457 [main] INFO  server.StorageContainerManager (StorageContainerManager.java:stop(822)) - Stopping datanode service RPC server
2019-09-29 11:27:12,458 [main] INFO  server.SCMDatanodeProtocolServer (SCMDatanodeProtocolServer.java:stop(367)) - Stopping the RPC server for DataNodes
2019-09-29 11:27:12,458 [main] INFO  ipc.Server (Server.java:stop(3082)) - Stopping server on 46808
2019-09-29 11:27:12,460 [IPC Server listener on 46808] INFO  ipc.Server (Server.java:run(1185)) - Stopping IPC Server listener on 46808
2019-09-29 11:27:12,461 [IPC Server Responder] INFO  ipc.Server (Server.java:run(1319)) - Stopping IPC Server Responder
2019-09-29 11:27:12,497 [SCM Heartbeat Processing Thread - 0] WARN  node.NodeStateManager (NodeStateManager.java:scheduleNextHealthCheck(655)) - Current Thread is interrupted, shutting down HB processing thread for Node Manager.
2019-09-29 11:27:12,497 [main] INFO  server.StorageContainerManager (StorageContainerManager.java:stop(830)) - Stopping block service RPC server
2019-09-29 11:27:12,497 [main] INFO  server.SCMBlockProtocolServer (SCMBlockProtocolServer.java:stop(155)) - Stopping the RPC server for Block Protocol
2019-09-29 11:27:12,497 [main] INFO  ipc.Server (Server.java:stop(3082)) - Stopping server on 43889
2019-09-29 11:27:12,500 [IPC Server listener on 43889] INFO  ipc.Server (Server.java:run(1185)) - Stopping IPC Server listener on 43889
2019-09-29 11:27:12,500 [main] INFO  server.StorageContainerManager (StorageContainerManager.java:stop(837)) - Stopping the StorageContainerLocationProtocol RPC server
2019-09-29 11:27:12,500 [IPC Server Responder] INFO  ipc.Server (Server.java:run(1319)) - Stopping IPC Server Responder
2019-09-29 11:27:12,501 [main] INFO  server.SCMClientProtocolServer (SCMClientProtocolServer.java:stop(159)) - Stopping the RPC server for Client Protocol
2019-09-29 11:27:12,502 [main] INFO  ipc.Server (Server.java:stop(3082)) - Stopping server on 39600
2019-09-29 11:27:12,504 [IPC Server listener on 39600] INFO  ipc.Server (Server.java:run(1185)) - Stopping IPC Server listener on 39600
2019-09-29 11:27:12,504 [main] INFO  server.StorageContainerManager (StorageContainerManager.java:stop(844)) - Stopping Storage Container Manager HTTP server.
2019-09-29 11:27:12,505 [IPC Server Responder] INFO  ipc.Server (Server.java:run(1319)) - Stopping IPC Server Responder
2019-09-29 11:27:12,506 [main] INFO  handler.ContextHandler (ContextHandler.java:doStop(910)) - Stopped o.e.j.w.WebAppContext@175c5c3a{/,null,UNAVAILABLE}{/scm}
2019-09-29 11:27:12,507 [main] INFO  server.AbstractConnector (AbstractConnector.java:doStop(318)) - Stopped ServerConnector@69a5c6be{HTTP/1.1,[http/1.1]}{0.0.0.0:0}
2019-09-29 11:27:12,507 [main] INFO  handler.ContextHandler (ContextHandler.java:doStop(910)) - Stopped o.e.j.s.ServletContextHandler@5a7b309b{/static,file:///workdir/hadoop-ozone/integration-test/target/test-classes/webapps/static,UNAVAILABLE}
2019-09-29 11:27:12,508 [main] INFO  handler.ContextHandler (ContextHandler.java:doStop(910)) - Stopped o.e.j.s.ServletContextHandler@6b8b5020{/logs,file:///workdir/hadoop-ozone/integration-test/target/log,UNAVAILABLE}
2019-09-29 11:27:12,508 [main] INFO  server.StorageContainerManager (StorageContainerManager.java:stop(855)) - Stopping Block Manager Service.
2019-09-29 11:27:12,509 [main] INFO  utils.BackgroundService (BackgroundService.java:shutdown(148)) - Shutting down service SCMBlockDeletingService
2019-09-29 11:27:12,509 [main] INFO  utils.BackgroundService (BackgroundService.java:shutdown(148)) - Shutting down service SCMBlockDeletingService
2019-09-29 11:27:12,509 [main] INFO  server.StorageContainerManager (StorageContainerManager.java:stop(877)) - Stopping SCM Event Queue.
2019-09-29 11:27:12,514 [main] INFO  impl.MetricsSystemImpl (MetricsSystemImpl.java:stop(210)) - Stopping HddsDatanode metrics system...
2019-09-29 11:27:12,547 [main] INFO  impl.MetricsSystemImpl (MetricsSystemImpl.java:stop(216)) - HddsDatanode metrics system stopped.
]]></system-out>
    <system-err><![CDATA[Sep 29, 2019 11:26:55 AM org.apache.ratis.thirdparty.io.grpc.internal.SerializingExecutor run
SEVERE: Exception while executing runnable org.apache.ratis.thirdparty.io.grpc.internal.ServerImpl$JumpToApplicationThreadServerStreamListener$1Closed@6f0e323f
org.apache.ratis.thirdparty.io.grpc.StatusRuntimeException: CANCELLED: call already cancelled
	at org.apache.ratis.thirdparty.io.grpc.Status.asRuntimeException(Status.java:517)
	at org.apache.ratis.thirdparty.io.grpc.stub.ServerCalls$ServerCallStreamObserverImpl.onCompleted(ServerCalls.java:356)
	at org.apache.ratis.grpc.server.GrpcServerProtocolService$ServerRequestStreamObserver.onError(GrpcServerProtocolService.java:121)
	at org.apache.ratis.thirdparty.io.grpc.stub.ServerCalls$StreamingServerCallHandler$StreamingServerCallListener.onCancel(ServerCalls.java:269)
	at org.apache.ratis.thirdparty.io.grpc.internal.ServerCallImpl$ServerStreamListenerImpl.closed(ServerCallImpl.java:293)
	at org.apache.ratis.thirdparty.io.grpc.internal.ServerImpl$JumpToApplicationThreadServerStreamListener$1Closed.runInContext(ServerImpl.java:741)
	at org.apache.ratis.thirdparty.io.grpc.internal.ContextRunnable.run(ContextRunnable.java:37)
	at org.apache.ratis.thirdparty.io.grpc.internal.SerializingExecutor.run(SerializingExecutor.java:123)
	at java.util.concurrent.ThreadPoolExecutor.runWorker(ThreadPoolExecutor.java:1149)
	at java.util.concurrent.ThreadPoolExecutor$Worker.run(ThreadPoolExecutor.java:624)
	at java.lang.Thread.run(Thread.java:748)

Sep 29, 2019 11:26:55 AM org.apache.ratis.thirdparty.io.grpc.internal.SerializingExecutor run
SEVERE: Exception while executing runnable org.apache.ratis.thirdparty.io.grpc.internal.ServerImpl$JumpToApplicationThreadServerStreamListener$1Closed@33e7c133
org.apache.ratis.thirdparty.io.grpc.StatusRuntimeException: CANCELLED: call already cancelled
	at org.apache.ratis.thirdparty.io.grpc.Status.asRuntimeException(Status.java:517)
	at org.apache.ratis.thirdparty.io.grpc.stub.ServerCalls$ServerCallStreamObserverImpl.onCompleted(ServerCalls.java:356)
	at org.apache.ratis.grpc.server.GrpcServerProtocolService$ServerRequestStreamObserver.onError(GrpcServerProtocolService.java:121)
	at org.apache.ratis.thirdparty.io.grpc.stub.ServerCalls$StreamingServerCallHandler$StreamingServerCallListener.onCancel(ServerCalls.java:269)
	at org.apache.ratis.thirdparty.io.grpc.internal.ServerCallImpl$ServerStreamListenerImpl.closed(ServerCallImpl.java:293)
	at org.apache.ratis.thirdparty.io.grpc.internal.ServerImpl$JumpToApplicationThreadServerStreamListener$1Closed.runInContext(ServerImpl.java:741)
	at org.apache.ratis.thirdparty.io.grpc.internal.ContextRunnable.run(ContextRunnable.java:37)
	at org.apache.ratis.thirdparty.io.grpc.internal.SerializingExecutor.run(SerializingExecutor.java:123)
	at java.util.concurrent.ThreadPoolExecutor.runWorker(ThreadPoolExecutor.java:1149)
	at java.util.concurrent.ThreadPoolExecutor$Worker.run(ThreadPoolExecutor.java:624)
	at java.lang.Thread.run(Thread.java:748)

Sep 29, 2019 11:26:55 AM org.apache.ratis.thirdparty.io.grpc.internal.SerializingExecutor run
SEVERE: Exception while executing runnable org.apache.ratis.thirdparty.io.grpc.internal.ServerImpl$JumpToApplicationThreadServerStreamListener$1Closed@4676be0a
org.apache.ratis.thirdparty.io.grpc.StatusRuntimeException: CANCELLED: call already cancelled
	at org.apache.ratis.thirdparty.io.grpc.Status.asRuntimeException(Status.java:517)
	at org.apache.ratis.thirdparty.io.grpc.stub.ServerCalls$ServerCallStreamObserverImpl.onCompleted(ServerCalls.java:356)
	at org.apache.ratis.grpc.server.GrpcServerProtocolService$ServerRequestStreamObserver.onError(GrpcServerProtocolService.java:121)
	at org.apache.ratis.thirdparty.io.grpc.stub.ServerCalls$StreamingServerCallHandler$StreamingServerCallListener.onCancel(ServerCalls.java:269)
	at org.apache.ratis.thirdparty.io.grpc.internal.ServerCallImpl$ServerStreamListenerImpl.closed(ServerCallImpl.java:293)
	at org.apache.ratis.thirdparty.io.grpc.internal.ServerImpl$JumpToApplicationThreadServerStreamListener$1Closed.runInContext(ServerImpl.java:741)
	at org.apache.ratis.thirdparty.io.grpc.internal.ContextRunnable.run(ContextRunnable.java:37)
	at org.apache.ratis.thirdparty.io.grpc.internal.SerializingExecutor.run(SerializingExecutor.java:123)
	at java.util.concurrent.ThreadPoolExecutor.runWorker(ThreadPoolExecutor.java:1149)
	at java.util.concurrent.ThreadPoolExecutor$Worker.run(ThreadPoolExecutor.java:624)
	at java.lang.Thread.run(Thread.java:748)

Sep 29, 2019 11:26:55 AM org.apache.ratis.thirdparty.io.grpc.internal.SerializingExecutor run
SEVERE: Exception while executing runnable org.apache.ratis.thirdparty.io.grpc.internal.ServerImpl$JumpToApplicationThreadServerStreamListener$1Closed@4e39ade0
org.apache.ratis.thirdparty.io.grpc.StatusRuntimeException: CANCELLED: call already cancelled
	at org.apache.ratis.thirdparty.io.grpc.Status.asRuntimeException(Status.java:517)
	at org.apache.ratis.thirdparty.io.grpc.stub.ServerCalls$ServerCallStreamObserverImpl.onCompleted(ServerCalls.java:356)
	at org.apache.ratis.grpc.server.GrpcServerProtocolService$ServerRequestStreamObserver.onError(GrpcServerProtocolService.java:121)
	at org.apache.ratis.thirdparty.io.grpc.stub.ServerCalls$StreamingServerCallHandler$StreamingServerCallListener.onCancel(ServerCalls.java:269)
	at org.apache.ratis.thirdparty.io.grpc.internal.ServerCallImpl$ServerStreamListenerImpl.closed(ServerCallImpl.java:293)
	at org.apache.ratis.thirdparty.io.grpc.internal.ServerImpl$JumpToApplicationThreadServerStreamListener$1Closed.runInContext(ServerImpl.java:741)
	at org.apache.ratis.thirdparty.io.grpc.internal.ContextRunnable.run(ContextRunnable.java:37)
	at org.apache.ratis.thirdparty.io.grpc.internal.SerializingExecutor.run(SerializingExecutor.java:123)
	at java.util.concurrent.ThreadPoolExecutor.runWorker(ThreadPoolExecutor.java:1149)
	at java.util.concurrent.ThreadPoolExecutor$Worker.run(ThreadPoolExecutor.java:624)
	at java.lang.Thread.run(Thread.java:748)

Sep 29, 2019 11:26:55 AM org.apache.ratis.thirdparty.io.grpc.internal.SerializingExecutor run
SEVERE: Exception while executing runnable org.apache.ratis.thirdparty.io.grpc.internal.ServerImpl$JumpToApplicationThreadServerStreamListener$1Closed@664c1c33
org.apache.ratis.thirdparty.io.grpc.StatusRuntimeException: CANCELLED: call already cancelled
	at org.apache.ratis.thirdparty.io.grpc.Status.asRuntimeException(Status.java:517)
	at org.apache.ratis.thirdparty.io.grpc.stub.ServerCalls$ServerCallStreamObserverImpl.onCompleted(ServerCalls.java:356)
	at org.apache.ratis.grpc.server.GrpcServerProtocolService$ServerRequestStreamObserver.onError(GrpcServerProtocolService.java:121)
	at org.apache.ratis.thirdparty.io.grpc.stub.ServerCalls$StreamingServerCallHandler$StreamingServerCallListener.onCancel(ServerCalls.java:269)
	at org.apache.ratis.thirdparty.io.grpc.internal.ServerCallImpl$ServerStreamListenerImpl.closed(ServerCallImpl.java:293)
	at org.apache.ratis.thirdparty.io.grpc.internal.ServerImpl$JumpToApplicationThreadServerStreamListener$1Closed.runInContext(ServerImpl.java:741)
	at org.apache.ratis.thirdparty.io.grpc.internal.ContextRunnable.run(ContextRunnable.java:37)
	at org.apache.ratis.thirdparty.io.grpc.internal.SerializingExecutor.run(SerializingExecutor.java:123)
	at java.util.concurrent.ThreadPoolExecutor.runWorker(ThreadPoolExecutor.java:1149)
	at java.util.concurrent.ThreadPoolExecutor$Worker.run(ThreadPoolExecutor.java:624)
	at java.lang.Thread.run(Thread.java:748)

Sep 29, 2019 11:26:55 AM org.apache.ratis.thirdparty.io.grpc.internal.SerializingExecutor run
SEVERE: Exception while executing runnable org.apache.ratis.thirdparty.io.grpc.internal.ServerImpl$JumpToApplicationThreadServerStreamListener$1Closed@5005381e
org.apache.ratis.thirdparty.io.grpc.StatusRuntimeException: CANCELLED: call already cancelled
	at org.apache.ratis.thirdparty.io.grpc.Status.asRuntimeException(Status.java:517)
	at org.apache.ratis.thirdparty.io.grpc.stub.ServerCalls$ServerCallStreamObserverImpl.onCompleted(ServerCalls.java:356)
	at org.apache.ratis.grpc.server.GrpcServerProtocolService$ServerRequestStreamObserver.onError(GrpcServerProtocolService.java:121)
	at org.apache.ratis.thirdparty.io.grpc.stub.ServerCalls$StreamingServerCallHandler$StreamingServerCallListener.onCancel(ServerCalls.java:269)
	at org.apache.ratis.thirdparty.io.grpc.internal.ServerCallImpl$ServerStreamListenerImpl.closed(ServerCallImpl.java:293)
	at org.apache.ratis.thirdparty.io.grpc.internal.ServerImpl$JumpToApplicationThreadServerStreamListener$1Closed.runInContext(ServerImpl.java:741)
	at org.apache.ratis.thirdparty.io.grpc.internal.ContextRunnable.run(ContextRunnable.java:37)
	at org.apache.ratis.thirdparty.io.grpc.internal.SerializingExecutor.run(SerializingExecutor.java:123)
	at java.util.concurrent.ThreadPoolExecutor.runWorker(ThreadPoolExecutor.java:1149)
	at java.util.concurrent.ThreadPoolExecutor$Worker.run(ThreadPoolExecutor.java:624)
	at java.lang.Thread.run(Thread.java:748)

Sep 29, 2019 11:26:56 AM org.apache.ratis.thirdparty.io.grpc.internal.SerializingExecutor run
SEVERE: Exception while executing runnable org.apache.ratis.thirdparty.io.grpc.internal.ServerImpl$JumpToApplicationThreadServerStreamListener$1Closed@62155f1b
org.apache.ratis.thirdparty.io.grpc.StatusRuntimeException: CANCELLED: call already cancelled
	at org.apache.ratis.thirdparty.io.grpc.Status.asRuntimeException(Status.java:517)
	at org.apache.ratis.thirdparty.io.grpc.stub.ServerCalls$ServerCallStreamObserverImpl.onCompleted(ServerCalls.java:356)
	at org.apache.ratis.grpc.server.GrpcServerProtocolService$ServerRequestStreamObserver.onError(GrpcServerProtocolService.java:121)
	at org.apache.ratis.thirdparty.io.grpc.stub.ServerCalls$StreamingServerCallHandler$StreamingServerCallListener.onCancel(ServerCalls.java:269)
	at org.apache.ratis.thirdparty.io.grpc.internal.ServerCallImpl$ServerStreamListenerImpl.closed(ServerCallImpl.java:293)
	at org.apache.ratis.thirdparty.io.grpc.internal.ServerImpl$JumpToApplicationThreadServerStreamListener$1Closed.runInContext(ServerImpl.java:741)
	at org.apache.ratis.thirdparty.io.grpc.internal.ContextRunnable.run(ContextRunnable.java:37)
	at org.apache.ratis.thirdparty.io.grpc.internal.SerializingExecutor.run(SerializingExecutor.java:123)
	at java.util.concurrent.ThreadPoolExecutor.runWorker(ThreadPoolExecutor.java:1149)
	at java.util.concurrent.ThreadPoolExecutor$Worker.run(ThreadPoolExecutor.java:624)
	at java.lang.Thread.run(Thread.java:748)

Sep 29, 2019 11:26:56 AM org.apache.ratis.thirdparty.io.grpc.internal.SerializingExecutor run
SEVERE: Exception while executing runnable org.apache.ratis.thirdparty.io.grpc.internal.ServerImpl$JumpToApplicationThreadServerStreamListener$1Closed@592e07d3
org.apache.ratis.thirdparty.io.grpc.StatusRuntimeException: CANCELLED: call already cancelled
	at org.apache.ratis.thirdparty.io.grpc.Status.asRuntimeException(Status.java:517)
	at org.apache.ratis.thirdparty.io.grpc.stub.ServerCalls$ServerCallStreamObserverImpl.onCompleted(ServerCalls.java:356)
	at org.apache.ratis.grpc.server.GrpcServerProtocolService$ServerRequestStreamObserver.onError(GrpcServerProtocolService.java:121)
	at org.apache.ratis.thirdparty.io.grpc.stub.ServerCalls$StreamingServerCallHandler$StreamingServerCallListener.onCancel(ServerCalls.java:269)
	at org.apache.ratis.thirdparty.io.grpc.internal.ServerCallImpl$ServerStreamListenerImpl.closed(ServerCallImpl.java:293)
	at org.apache.ratis.thirdparty.io.grpc.internal.ServerImpl$JumpToApplicationThreadServerStreamListener$1Closed.runInContext(ServerImpl.java:741)
	at org.apache.ratis.thirdparty.io.grpc.internal.ContextRunnable.run(ContextRunnable.java:37)
	at org.apache.ratis.thirdparty.io.grpc.internal.SerializingExecutor.run(SerializingExecutor.java:123)
	at java.util.concurrent.ThreadPoolExecutor.runWorker(ThreadPoolExecutor.java:1149)
	at java.util.concurrent.ThreadPoolExecutor$Worker.run(ThreadPoolExecutor.java:624)
	at java.lang.Thread.run(Thread.java:748)

Sep 29, 2019 11:26:56 AM org.apache.ratis.thirdparty.io.grpc.internal.SerializingExecutor run
SEVERE: Exception while executing runnable org.apache.ratis.thirdparty.io.grpc.internal.ServerImpl$JumpToApplicationThreadServerStreamListener$1Closed@6cc6bffc
org.apache.ratis.thirdparty.io.grpc.StatusRuntimeException: CANCELLED: call already cancelled
	at org.apache.ratis.thirdparty.io.grpc.Status.asRuntimeException(Status.java:517)
	at org.apache.ratis.thirdparty.io.grpc.stub.ServerCalls$ServerCallStreamObserverImpl.onCompleted(ServerCalls.java:356)
	at org.apache.ratis.grpc.server.GrpcServerProtocolService$ServerRequestStreamObserver.onError(GrpcServerProtocolService.java:121)
	at org.apache.ratis.thirdparty.io.grpc.stub.ServerCalls$StreamingServerCallHandler$StreamingServerCallListener.onCancel(ServerCalls.java:269)
	at org.apache.ratis.thirdparty.io.grpc.internal.ServerCallImpl$ServerStreamListenerImpl.closed(ServerCallImpl.java:293)
	at org.apache.ratis.thirdparty.io.grpc.internal.ServerImpl$JumpToApplicationThreadServerStreamListener$1Closed.runInContext(ServerImpl.java:741)
	at org.apache.ratis.thirdparty.io.grpc.internal.ContextRunnable.run(ContextRunnable.java:37)
	at org.apache.ratis.thirdparty.io.grpc.internal.SerializingExecutor.run(SerializingExecutor.java:123)
	at java.util.concurrent.ThreadPoolExecutor.runWorker(ThreadPoolExecutor.java:1149)
	at java.util.concurrent.ThreadPoolExecutor$Worker.run(ThreadPoolExecutor.java:624)
	at java.lang.Thread.run(Thread.java:748)

Sep 29, 2019 11:26:56 AM org.apache.ratis.thirdparty.io.grpc.internal.SerializingExecutor run
SEVERE: Exception while executing runnable org.apache.ratis.thirdparty.io.grpc.internal.ServerImpl$JumpToApplicationThreadServerStreamListener$1Closed@71c68dba
org.apache.ratis.thirdparty.io.grpc.StatusRuntimeException: CANCELLED: call already cancelled
	at org.apache.ratis.thirdparty.io.grpc.Status.asRuntimeException(Status.java:517)
	at org.apache.ratis.thirdparty.io.grpc.stub.ServerCalls$ServerCallStreamObserverImpl.onCompleted(ServerCalls.java:356)
	at org.apache.ratis.grpc.server.GrpcServerProtocolService$ServerRequestStreamObserver.onError(GrpcServerProtocolService.java:121)
	at org.apache.ratis.thirdparty.io.grpc.stub.ServerCalls$StreamingServerCallHandler$StreamingServerCallListener.onCancel(ServerCalls.java:269)
	at org.apache.ratis.thirdparty.io.grpc.internal.ServerCallImpl$ServerStreamListenerImpl.closed(ServerCallImpl.java:293)
	at org.apache.ratis.thirdparty.io.grpc.internal.ServerImpl$JumpToApplicationThreadServerStreamListener$1Closed.runInContext(ServerImpl.java:741)
	at org.apache.ratis.thirdparty.io.grpc.internal.ContextRunnable.run(ContextRunnable.java:37)
	at org.apache.ratis.thirdparty.io.grpc.internal.SerializingExecutor.run(SerializingExecutor.java:123)
	at java.util.concurrent.ThreadPoolExecutor.runWorker(ThreadPoolExecutor.java:1149)
	at java.util.concurrent.ThreadPoolExecutor$Worker.run(ThreadPoolExecutor.java:624)
	at java.lang.Thread.run(Thread.java:748)

Sep 29, 2019 11:26:56 AM org.apache.ratis.thirdparty.io.grpc.internal.SerializingExecutor run
SEVERE: Exception while executing runnable org.apache.ratis.thirdparty.io.grpc.internal.ServerImpl$JumpToApplicationThreadServerStreamListener$1Closed@4db6eaa
org.apache.ratis.thirdparty.io.grpc.StatusRuntimeException: CANCELLED: call already cancelled
	at org.apache.ratis.thirdparty.io.grpc.Status.asRuntimeException(Status.java:517)
	at org.apache.ratis.thirdparty.io.grpc.stub.ServerCalls$ServerCallStreamObserverImpl.onCompleted(ServerCalls.java:356)
	at org.apache.ratis.grpc.server.GrpcServerProtocolService$ServerRequestStreamObserver.onError(GrpcServerProtocolService.java:121)
	at org.apache.ratis.thirdparty.io.grpc.stub.ServerCalls$StreamingServerCallHandler$StreamingServerCallListener.onCancel(ServerCalls.java:269)
	at org.apache.ratis.thirdparty.io.grpc.internal.ServerCallImpl$ServerStreamListenerImpl.closed(ServerCallImpl.java:293)
	at org.apache.ratis.thirdparty.io.grpc.internal.ServerImpl$JumpToApplicationThreadServerStreamListener$1Closed.runInContext(ServerImpl.java:741)
	at org.apache.ratis.thirdparty.io.grpc.internal.ContextRunnable.run(ContextRunnable.java:37)
	at org.apache.ratis.thirdparty.io.grpc.internal.SerializingExecutor.run(SerializingExecutor.java:123)
	at java.util.concurrent.ThreadPoolExecutor.runWorker(ThreadPoolExecutor.java:1149)
	at java.util.concurrent.ThreadPoolExecutor$Worker.run(ThreadPoolExecutor.java:624)
	at java.lang.Thread.run(Thread.java:748)

Sep 29, 2019 11:26:56 AM org.apache.ratis.thirdparty.io.grpc.internal.SerializingExecutor run
SEVERE: Exception while executing runnable org.apache.ratis.thirdparty.io.grpc.internal.ServerImpl$JumpToApplicationThreadServerStreamListener$1Closed@267e06d3
org.apache.ratis.thirdparty.io.grpc.StatusRuntimeException: CANCELLED: call already cancelled
	at org.apache.ratis.thirdparty.io.grpc.Status.asRuntimeException(Status.java:517)
	at org.apache.ratis.thirdparty.io.grpc.stub.ServerCalls$ServerCallStreamObserverImpl.onCompleted(ServerCalls.java:356)
	at org.apache.ratis.grpc.server.GrpcServerProtocolService$ServerRequestStreamObserver.onError(GrpcServerProtocolService.java:121)
	at org.apache.ratis.thirdparty.io.grpc.stub.ServerCalls$StreamingServerCallHandler$StreamingServerCallListener.onCancel(ServerCalls.java:269)
	at org.apache.ratis.thirdparty.io.grpc.internal.ServerCallImpl$ServerStreamListenerImpl.closed(ServerCallImpl.java:293)
	at org.apache.ratis.thirdparty.io.grpc.internal.ServerImpl$JumpToApplicationThreadServerStreamListener$1Closed.runInContext(ServerImpl.java:741)
	at org.apache.ratis.thirdparty.io.grpc.internal.ContextRunnable.run(ContextRunnable.java:37)
	at org.apache.ratis.thirdparty.io.grpc.internal.SerializingExecutor.run(SerializingExecutor.java:123)
	at java.util.concurrent.ThreadPoolExecutor.runWorker(ThreadPoolExecutor.java:1149)
	at java.util.concurrent.ThreadPoolExecutor$Worker.run(ThreadPoolExecutor.java:624)
	at java.lang.Thread.run(Thread.java:748)

Sep 29, 2019 11:26:56 AM org.apache.ratis.thirdparty.io.grpc.internal.SerializingExecutor run
SEVERE: Exception while executing runnable org.apache.ratis.thirdparty.io.grpc.internal.ServerImpl$JumpToApplicationThreadServerStreamListener$1Closed@1dcabed2
org.apache.ratis.thirdparty.io.grpc.StatusRuntimeException: CANCELLED: call already cancelled
	at org.apache.ratis.thirdparty.io.grpc.Status.asRuntimeException(Status.java:517)
	at org.apache.ratis.thirdparty.io.grpc.stub.ServerCalls$ServerCallStreamObserverImpl.onCompleted(ServerCalls.java:356)
	at org.apache.ratis.grpc.server.GrpcServerProtocolService$ServerRequestStreamObserver.onError(GrpcServerProtocolService.java:121)
	at org.apache.ratis.thirdparty.io.grpc.stub.ServerCalls$StreamingServerCallHandler$StreamingServerCallListener.onCancel(ServerCalls.java:269)
	at org.apache.ratis.thirdparty.io.grpc.internal.ServerCallImpl$ServerStreamListenerImpl.closed(ServerCallImpl.java:293)
	at org.apache.ratis.thirdparty.io.grpc.internal.ServerImpl$JumpToApplicationThreadServerStreamListener$1Closed.runInContext(ServerImpl.java:741)
	at org.apache.ratis.thirdparty.io.grpc.internal.ContextRunnable.run(ContextRunnable.java:37)
	at org.apache.ratis.thirdparty.io.grpc.internal.SerializingExecutor.run(SerializingExecutor.java:123)
	at java.util.concurrent.ThreadPoolExecutor.runWorker(ThreadPoolExecutor.java:1149)
	at java.util.concurrent.ThreadPoolExecutor$Worker.run(ThreadPoolExecutor.java:624)
	at java.lang.Thread.run(Thread.java:748)

Sep 29, 2019 11:27:00 AM org.apache.ratis.thirdparty.io.grpc.internal.ManagedChannelOrphanWrapper$ManagedChannelReference cleanQueue
SEVERE: *~*~*~ Channel ManagedChannelImpl{logId=2937, target=192.168.30.19:42412} was not shutdown properly!!! ~*~*~*
    Make sure to call shutdown()/shutdownNow() and wait until awaitTermination() returns true.
java.lang.RuntimeException: ManagedChannel allocation site
	at org.apache.ratis.thirdparty.io.grpc.internal.ManagedChannelOrphanWrapper$ManagedChannelReference.<init>(ManagedChannelOrphanWrapper.java:103)
	at org.apache.ratis.thirdparty.io.grpc.internal.ManagedChannelOrphanWrapper.<init>(ManagedChannelOrphanWrapper.java:53)
	at org.apache.ratis.thirdparty.io.grpc.internal.ManagedChannelOrphanWrapper.<init>(ManagedChannelOrphanWrapper.java:44)
	at org.apache.ratis.thirdparty.io.grpc.internal.AbstractManagedChannelImplBuilder.build(AbstractManagedChannelImplBuilder.java:411)
	at org.apache.ratis.grpc.client.GrpcClientProtocolClient.<init>(GrpcClientProtocolClient.java:127)
	at org.apache.ratis.grpc.client.GrpcClientRpc.lambda$new$0(GrpcClientRpc.java:55)
	at org.apache.ratis.util.PeerProxyMap$PeerAndProxy.lambda$getProxy$0(PeerProxyMap.java:61)
	at org.apache.ratis.util.LifeCycle.startAndTransition(LifeCycle.java:202)
	at org.apache.ratis.util.PeerProxyMap$PeerAndProxy.getProxy(PeerProxyMap.java:60)
	at org.apache.ratis.util.PeerProxyMap.getProxy(PeerProxyMap.java:108)
	at org.apache.ratis.grpc.client.GrpcClientRpc.sendRequestAsync(GrpcClientRpc.java:66)
	at org.apache.ratis.client.impl.OrderedAsync.sendRequest(OrderedAsync.java:208)
	at org.apache.ratis.client.impl.OrderedAsync.sendRequestWithRetry(OrderedAsync.java:169)
	at org.apache.ratis.util.SlidingWindow$Client.sendOrDelayRequest(SlidingWindow.java:278)
	at org.apache.ratis.util.SlidingWindow$Client.retry(SlidingWindow.java:294)
	at org.apache.ratis.client.impl.OrderedAsync.lambda$scheduleWithTimeout$7(OrderedAsync.java:195)
	at org.apache.ratis.util.TimeoutScheduler.lambda$onTimeout$0(TimeoutScheduler.java:113)
	at org.apache.ratis.util.TimeoutScheduler.lambda$onTimeout$1(TimeoutScheduler.java:133)
	at org.apache.ratis.util.LogUtils.runAndLog(LogUtils.java:50)
	at org.apache.ratis.util.LogUtils$1.run(LogUtils.java:91)
	at java.util.concurrent.Executors$RunnableAdapter.call(Executors.java:511)
	at java.util.concurrent.FutureTask.run(FutureTask.java:266)
	at java.util.concurrent.ScheduledThreadPoolExecutor$ScheduledFutureTask.access$201(ScheduledThreadPoolExecutor.java:180)
	at java.util.concurrent.ScheduledThreadPoolExecutor$ScheduledFutureTask.run(ScheduledThreadPoolExecutor.java:293)
	at java.util.concurrent.ThreadPoolExecutor.runWorker(ThreadPoolExecutor.java:1149)
	at java.util.concurrent.ThreadPoolExecutor$Worker.run(ThreadPoolExecutor.java:624)
	at java.lang.Thread.run(Thread.java:748)

Sep 29, 2019 11:27:00 AM org.apache.ratis.thirdparty.io.grpc.internal.ManagedChannelOrphanWrapper$ManagedChannelReference cleanQueue
SEVERE: *~*~*~ Channel ManagedChannelImpl{logId=2952, target=192.168.30.19:40972} was not shutdown properly!!! ~*~*~*
    Make sure to call shutdown()/shutdownNow() and wait until awaitTermination() returns true.
java.lang.RuntimeException: ManagedChannel allocation site
	at org.apache.ratis.thirdparty.io.grpc.internal.ManagedChannelOrphanWrapper$ManagedChannelReference.<init>(ManagedChannelOrphanWrapper.java:103)
	at org.apache.ratis.thirdparty.io.grpc.internal.ManagedChannelOrphanWrapper.<init>(ManagedChannelOrphanWrapper.java:53)
	at org.apache.ratis.thirdparty.io.grpc.internal.ManagedChannelOrphanWrapper.<init>(ManagedChannelOrphanWrapper.java:44)
	at org.apache.ratis.thirdparty.io.grpc.internal.AbstractManagedChannelImplBuilder.build(AbstractManagedChannelImplBuilder.java:411)
	at org.apache.hadoop.hdds.scm.XceiverClientGrpc.connectToDatanode(XceiverClientGrpc.java:181)
	at org.apache.hadoop.hdds.scm.XceiverClientGrpc.reconnect(XceiverClientGrpc.java:429)
	at org.apache.hadoop.hdds.scm.XceiverClientGrpc.sendCommandAsync(XceiverClientGrpc.java:378)
	at org.apache.hadoop.hdds.scm.XceiverClientGrpc.sendCommandWithRetry(XceiverClientGrpc.java:291)
	at org.apache.hadoop.hdds.scm.XceiverClientGrpc.sendCommandWithTraceIDAndRetry(XceiverClientGrpc.java:257)
	at org.apache.hadoop.hdds.scm.XceiverClientGrpc.sendCommand(XceiverClientGrpc.java:240)
	at org.apache.hadoop.hdds.scm.storage.ContainerProtocolCalls.getBlock(ContainerProtocolCalls.java:118)
	at org.apache.hadoop.hdds.scm.storage.BlockInputStream.getChunkInfos(BlockInputStream.java:167)
	at org.apache.hadoop.hdds.scm.storage.BlockInputStream.initialize(BlockInputStream.java:118)
	at org.apache.hadoop.hdds.scm.storage.BlockInputStream.read(BlockInputStream.java:222)
	at org.apache.hadoop.ozone.client.io.KeyInputStream.read(KeyInputStream.java:171)
	at org.apache.hadoop.ozone.client.io.OzoneInputStream.read(OzoneInputStream.java:47)
	at java.io.InputStream.read(InputStream.java:101)
	at org.apache.hadoop.ozone.container.ContainerTestHelper.validateData(ContainerTestHelper.java:714)
	at org.apache.hadoop.ozone.client.rpc.TestBlockOutputStreamWithFailures.validateData(TestBlockOutputStreamWithFailures.java:1216)
	at org.apache.hadoop.ozone.client.rpc.TestBlockOutputStreamWithFailures.testWatchForCommitWithSingleNodeRatis(TestBlockOutputStreamWithFailures.java:918)
	at sun.reflect.NativeMethodAccessorImpl.invoke0(Native Method)
	at sun.reflect.NativeMethodAccessorImpl.invoke(NativeMethodAccessorImpl.java:62)
	at sun.reflect.DelegatingMethodAccessorImpl.invoke(DelegatingMethodAccessorImpl.java:43)
	at java.lang.reflect.Method.invoke(Method.java:498)
	at org.junit.runners.model.FrameworkMethod$1.runReflectiveCall(FrameworkMethod.java:47)
	at org.junit.internal.runners.model.ReflectiveCallable.run(ReflectiveCallable.java:12)
	at org.junit.runners.model.FrameworkMethod.invokeExplosively(FrameworkMethod.java:44)
	at org.junit.internal.runners.statements.InvokeMethod.evaluate(InvokeMethod.java:17)
	at org.junit.internal.runners.statements.RunBefores.evaluate(RunBefores.java:26)
	at org.junit.internal.runners.statements.RunAfters.evaluate(RunAfters.java:27)
	at org.junit.runners.ParentRunner.runLeaf(ParentRunner.java:271)
	at org.junit.runners.BlockJUnit4ClassRunner.runChild(BlockJUnit4ClassRunner.java:70)
	at org.junit.runners.BlockJUnit4ClassRunner.runChild(BlockJUnit4ClassRunner.java:50)
	at org.junit.runners.ParentRunner$3.run(ParentRunner.java:238)
	at org.junit.runners.ParentRunner$1.schedule(ParentRunner.java:63)
	at org.junit.runners.ParentRunner.runChildren(ParentRunner.java:236)
	at org.junit.runners.ParentRunner.access$000(ParentRunner.java:53)
	at org.junit.runners.ParentRunner$2.evaluate(ParentRunner.java:229)
	at org.junit.runners.ParentRunner.run(ParentRunner.java:309)
	at org.apache.maven.surefire.junit4.JUnit4Provider.execute(JUnit4Provider.java:365)
	at org.apache.maven.surefire.junit4.JUnit4Provider.executeWithRerun(JUnit4Provider.java:273)
	at org.apache.maven.surefire.junit4.JUnit4Provider.executeTestSet(JUnit4Provider.java:238)
	at org.apache.maven.surefire.junit4.JUnit4Provider.invoke(JUnit4Provider.java:159)
	at org.apache.maven.surefire.booter.ForkedBooter.invokeProviderInSameClassLoader(ForkedBooter.java:384)
	at org.apache.maven.surefire.booter.ForkedBooter.runSuitesInProcess(ForkedBooter.java:345)
	at org.apache.maven.surefire.booter.ForkedBooter.execute(ForkedBooter.java:126)
	at org.apache.maven.surefire.booter.ForkedBooter.main(ForkedBooter.java:418)

Sep 29, 2019 11:27:00 AM org.apache.ratis.thirdparty.io.grpc.internal.ManagedChannelOrphanWrapper$ManagedChannelReference cleanQueue
SEVERE: *~*~*~ Channel ManagedChannelImpl{logId=2947, target=192.168.30.19:41563} was not shutdown properly!!! ~*~*~*
    Make sure to call shutdown()/shutdownNow() and wait until awaitTermination() returns true.
java.lang.RuntimeException: ManagedChannel allocation site
	at org.apache.ratis.thirdparty.io.grpc.internal.ManagedChannelOrphanWrapper$ManagedChannelReference.<init>(ManagedChannelOrphanWrapper.java:103)
	at org.apache.ratis.thirdparty.io.grpc.internal.ManagedChannelOrphanWrapper.<init>(ManagedChannelOrphanWrapper.java:53)
	at org.apache.ratis.thirdparty.io.grpc.internal.ManagedChannelOrphanWrapper.<init>(ManagedChannelOrphanWrapper.java:44)
	at org.apache.ratis.thirdparty.io.grpc.internal.AbstractManagedChannelImplBuilder.build(AbstractManagedChannelImplBuilder.java:411)
	at org.apache.hadoop.hdds.scm.XceiverClientGrpc.connectToDatanode(XceiverClientGrpc.java:181)
	at org.apache.hadoop.hdds.scm.XceiverClientGrpc.reconnect(XceiverClientGrpc.java:429)
	at org.apache.hadoop.hdds.scm.XceiverClientGrpc.sendCommandAsync(XceiverClientGrpc.java:378)
	at org.apache.hadoop.hdds.scm.XceiverClientGrpc.sendCommandWithRetry(XceiverClientGrpc.java:291)
	at org.apache.hadoop.hdds.scm.XceiverClientGrpc.sendCommandWithTraceIDAndRetry(XceiverClientGrpc.java:257)
	at org.apache.hadoop.hdds.scm.XceiverClientGrpc.sendCommand(XceiverClientGrpc.java:240)
	at org.apache.hadoop.hdds.scm.storage.ContainerProtocolCalls.getBlock(ContainerProtocolCalls.java:118)
	at org.apache.hadoop.hdds.scm.storage.BlockInputStream.getChunkInfos(BlockInputStream.java:167)
	at org.apache.hadoop.hdds.scm.storage.BlockInputStream.initialize(BlockInputStream.java:118)
	at org.apache.hadoop.hdds.scm.storage.BlockInputStream.read(BlockInputStream.java:222)
	at org.apache.hadoop.ozone.client.io.KeyInputStream.read(KeyInputStream.java:171)
	at org.apache.hadoop.ozone.client.io.OzoneInputStream.read(OzoneInputStream.java:47)
	at java.io.InputStream.read(InputStream.java:101)
	at org.apache.hadoop.ozone.container.ContainerTestHelper.validateData(ContainerTestHelper.java:714)
	at org.apache.hadoop.ozone.client.rpc.TestBlockOutputStreamWithFailures.validateData(TestBlockOutputStreamWithFailures.java:1216)
	at org.apache.hadoop.ozone.client.rpc.TestBlockOutputStreamWithFailures.testWatchForCommitWithSingleNodeRatis(TestBlockOutputStreamWithFailures.java:918)
	at sun.reflect.NativeMethodAccessorImpl.invoke0(Native Method)
	at sun.reflect.NativeMethodAccessorImpl.invoke(NativeMethodAccessorImpl.java:62)
	at sun.reflect.DelegatingMethodAccessorImpl.invoke(DelegatingMethodAccessorImpl.java:43)
	at java.lang.reflect.Method.invoke(Method.java:498)
	at org.junit.runners.model.FrameworkMethod$1.runReflectiveCall(FrameworkMethod.java:47)
	at org.junit.internal.runners.model.ReflectiveCallable.run(ReflectiveCallable.java:12)
	at org.junit.runners.model.FrameworkMethod.invokeExplosively(FrameworkMethod.java:44)
	at org.junit.internal.runners.statements.InvokeMethod.evaluate(InvokeMethod.java:17)
	at org.junit.internal.runners.statements.RunBefores.evaluate(RunBefores.java:26)
	at org.junit.internal.runners.statements.RunAfters.evaluate(RunAfters.java:27)
	at org.junit.runners.ParentRunner.runLeaf(ParentRunner.java:271)
	at org.junit.runners.BlockJUnit4ClassRunner.runChild(BlockJUnit4ClassRunner.java:70)
	at org.junit.runners.BlockJUnit4ClassRunner.runChild(BlockJUnit4ClassRunner.java:50)
	at org.junit.runners.ParentRunner$3.run(ParentRunner.java:238)
	at org.junit.runners.ParentRunner$1.schedule(ParentRunner.java:63)
	at org.junit.runners.ParentRunner.runChildren(ParentRunner.java:236)
	at org.junit.runners.ParentRunner.access$000(ParentRunner.java:53)
	at org.junit.runners.ParentRunner$2.evaluate(ParentRunner.java:229)
	at org.junit.runners.ParentRunner.run(ParentRunner.java:309)
	at org.apache.maven.surefire.junit4.JUnit4Provider.execute(JUnit4Provider.java:365)
	at org.apache.maven.surefire.junit4.JUnit4Provider.executeWithRerun(JUnit4Provider.java:273)
	at org.apache.maven.surefire.junit4.JUnit4Provider.executeTestSet(JUnit4Provider.java:238)
	at org.apache.maven.surefire.junit4.JUnit4Provider.invoke(JUnit4Provider.java:159)
	at org.apache.maven.surefire.booter.ForkedBooter.invokeProviderInSameClassLoader(ForkedBooter.java:384)
	at org.apache.maven.surefire.booter.ForkedBooter.runSuitesInProcess(ForkedBooter.java:345)
	at org.apache.maven.surefire.booter.ForkedBooter.execute(ForkedBooter.java:126)
	at org.apache.maven.surefire.booter.ForkedBooter.main(ForkedBooter.java:418)

Sep 29, 2019 11:27:00 AM org.apache.ratis.thirdparty.io.grpc.internal.ManagedChannelOrphanWrapper$ManagedChannelReference cleanQueue
SEVERE: *~*~*~ Channel ManagedChannelImpl{logId=2942, target=192.168.30.19:36805} was not shutdown properly!!! ~*~*~*
    Make sure to call shutdown()/shutdownNow() and wait until awaitTermination() returns true.
java.lang.RuntimeException: ManagedChannel allocation site
	at org.apache.ratis.thirdparty.io.grpc.internal.ManagedChannelOrphanWrapper$ManagedChannelReference.<init>(ManagedChannelOrphanWrapper.java:103)
	at org.apache.ratis.thirdparty.io.grpc.internal.ManagedChannelOrphanWrapper.<init>(ManagedChannelOrphanWrapper.java:53)
	at org.apache.ratis.thirdparty.io.grpc.internal.ManagedChannelOrphanWrapper.<init>(ManagedChannelOrphanWrapper.java:44)
	at org.apache.ratis.thirdparty.io.grpc.internal.AbstractManagedChannelImplBuilder.build(AbstractManagedChannelImplBuilder.java:411)
	at org.apache.ratis.grpc.client.GrpcClientProtocolClient.<init>(GrpcClientProtocolClient.java:127)
	at org.apache.ratis.grpc.client.GrpcClientRpc.lambda$new$0(GrpcClientRpc.java:55)
	at org.apache.ratis.util.PeerProxyMap$PeerAndProxy.lambda$getProxy$0(PeerProxyMap.java:61)
	at org.apache.ratis.util.LifeCycle.startAndTransition(LifeCycle.java:202)
	at org.apache.ratis.util.PeerProxyMap$PeerAndProxy.getProxy(PeerProxyMap.java:60)
	at org.apache.ratis.util.PeerProxyMap.getProxy(PeerProxyMap.java:108)
	at org.apache.ratis.grpc.client.GrpcClientRpc.sendRequestAsync(GrpcClientRpc.java:66)
	at org.apache.ratis.client.impl.OrderedAsync.sendRequest(OrderedAsync.java:208)
	at org.apache.ratis.client.impl.OrderedAsync.sendRequestWithRetry(OrderedAsync.java:169)
	at org.apache.ratis.util.SlidingWindow$Client.sendOrDelayRequest(SlidingWindow.java:278)
	at org.apache.ratis.util.SlidingWindow$Client.submitNewRequest(SlidingWindow.java:257)
	at org.apache.ratis.client.impl.OrderedAsync.send(OrderedAsync.java:155)
	at org.apache.ratis.client.impl.RaftClientImpl.sendAsync(RaftClientImpl.java:144)
	at org.apache.ratis.client.impl.RaftClientImpl.sendAsync(RaftClientImpl.java:124)
	at org.apache.hadoop.hdds.scm.XceiverClientRatis.sendRequestAsync(XceiverClientRatis.java:234)
	at org.apache.hadoop.hdds.scm.XceiverClientRatis.sendCommandAsync(XceiverClientRatis.java:332)
	at org.apache.hadoop.hdds.scm.storage.ContainerProtocolCalls.writeChunkAsync(ContainerProtocolCalls.java:310)
	at org.apache.hadoop.hdds.scm.storage.BlockOutputStream.writeChunkToContainer(BlockOutputStream.java:601)
	at org.apache.hadoop.hdds.scm.storage.BlockOutputStream.writeChunk(BlockOutputStream.java:459)
	at org.apache.hadoop.hdds.scm.storage.BlockOutputStream.writeOnRetry(BlockOutputStream.java:285)
	at org.apache.hadoop.ozone.client.io.BlockOutputStreamEntry.writeOnRetry(BlockOutputStreamEntry.java:200)
	at org.apache.hadoop.ozone.client.io.KeyOutputStream.handleWrite(KeyOutputStream.java:206)
	at org.apache.hadoop.ozone.client.io.KeyOutputStream.handleRetry(KeyOutputStream.java:375)
	at org.apache.hadoop.ozone.client.io.KeyOutputStream.handleException(KeyOutputStream.java:324)
	at org.apache.hadoop.ozone.client.io.KeyOutputStream.handleFlushOrClose(KeyOutputStream.java:449)
	at org.apache.hadoop.ozone.client.io.KeyOutputStream.handleWrite(KeyOutputStream.java:232)
	at org.apache.hadoop.ozone.client.io.KeyOutputStream.write(KeyOutputStream.java:190)
	at org.apache.hadoop.ozone.client.io.OzoneOutputStream.write(OzoneOutputStream.java:49)
	at java.io.OutputStream.write(OutputStream.java:75)
	at org.apache.hadoop.ozone.client.rpc.TestBlockOutputStreamWithFailures.testWatchForCommitWithSingleNodeRatis(TestBlockOutputStreamWithFailures.java:885)
	at sun.reflect.NativeMethodAccessorImpl.invoke0(Native Method)
	at sun.reflect.NativeMethodAccessorImpl.invoke(NativeMethodAccessorImpl.java:62)
	at sun.reflect.DelegatingMethodAccessorImpl.invoke(DelegatingMethodAccessorImpl.java:43)
	at java.lang.reflect.Method.invoke(Method.java:498)
	at org.junit.runners.model.FrameworkMethod$1.runReflectiveCall(FrameworkMethod.java:47)
	at org.junit.internal.runners.model.ReflectiveCallable.run(ReflectiveCallable.java:12)
	at org.junit.runners.model.FrameworkMethod.invokeExplosively(FrameworkMethod.java:44)
	at org.junit.internal.runners.statements.InvokeMethod.evaluate(InvokeMethod.java:17)
	at org.junit.internal.runners.statements.RunBefores.evaluate(RunBefores.java:26)
	at org.junit.internal.runners.statements.RunAfters.evaluate(RunAfters.java:27)
	at org.junit.runners.ParentRunner.runLeaf(ParentRunner.java:271)
	at org.junit.runners.BlockJUnit4ClassRunner.runChild(BlockJUnit4ClassRunner.java:70)
	at org.junit.runners.BlockJUnit4ClassRunner.runChild(BlockJUnit4ClassRunner.java:50)
	at org.junit.runners.ParentRunner$3.run(ParentRunner.java:238)
	at org.junit.runners.ParentRunner$1.schedule(ParentRunner.java:63)
	at org.junit.runners.ParentRunner.runChildren(ParentRunner.java:236)
	at org.junit.runners.ParentRunner.access$000(ParentRunner.java:53)
	at org.junit.runners.ParentRunner$2.evaluate(ParentRunner.java:229)
	at org.junit.runners.ParentRunner.run(ParentRunner.java:309)
	at org.apache.maven.surefire.junit4.JUnit4Provider.execute(JUnit4Provider.java:365)
	at org.apache.maven.surefire.junit4.JUnit4Provider.executeWithRerun(JUnit4Provider.java:273)
	at org.apache.maven.surefire.junit4.JUnit4Provider.executeTestSet(JUnit4Provider.java:238)
	at org.apache.maven.surefire.junit4.JUnit4Provider.invoke(JUnit4Provider.java:159)
	at org.apache.maven.surefire.booter.ForkedBooter.invokeProviderInSameClassLoader(ForkedBooter.java:384)
	at org.apache.maven.surefire.booter.ForkedBooter.runSuitesInProcess(ForkedBooter.java:345)
	at org.apache.maven.surefire.booter.ForkedBooter.execute(ForkedBooter.java:126)
	at org.apache.maven.surefire.booter.ForkedBooter.main(ForkedBooter.java:418)

Sep 29, 2019 11:27:02 AM org.apache.ratis.thirdparty.io.grpc.internal.SerializingExecutor run
SEVERE: Exception while executing runnable org.apache.ratis.thirdparty.io.grpc.internal.ServerImpl$JumpToApplicationThreadServerStreamListener$1Closed@28dc5984
org.apache.ratis.thirdparty.io.grpc.StatusRuntimeException: CANCELLED: call already cancelled
	at org.apache.ratis.thirdparty.io.grpc.Status.asRuntimeException(Status.java:517)
	at org.apache.ratis.thirdparty.io.grpc.stub.ServerCalls$ServerCallStreamObserverImpl.onCompleted(ServerCalls.java:356)
	at org.apache.ratis.grpc.server.GrpcServerProtocolService$ServerRequestStreamObserver.onError(GrpcServerProtocolService.java:121)
	at org.apache.ratis.thirdparty.io.grpc.stub.ServerCalls$StreamingServerCallHandler$StreamingServerCallListener.onCancel(ServerCalls.java:269)
	at org.apache.ratis.thirdparty.io.grpc.internal.ServerCallImpl$ServerStreamListenerImpl.closed(ServerCallImpl.java:293)
	at org.apache.ratis.thirdparty.io.grpc.internal.ServerImpl$JumpToApplicationThreadServerStreamListener$1Closed.runInContext(ServerImpl.java:741)
	at org.apache.ratis.thirdparty.io.grpc.internal.ContextRunnable.run(ContextRunnable.java:37)
	at org.apache.ratis.thirdparty.io.grpc.internal.SerializingExecutor.run(SerializingExecutor.java:123)
	at java.util.concurrent.ThreadPoolExecutor.runWorker(ThreadPoolExecutor.java:1149)
	at java.util.concurrent.ThreadPoolExecutor$Worker.run(ThreadPoolExecutor.java:624)
	at java.lang.Thread.run(Thread.java:748)

Sep 29, 2019 11:27:02 AM org.apache.ratis.thirdparty.io.grpc.internal.SerializingExecutor run
SEVERE: Exception while executing runnable org.apache.ratis.thirdparty.io.grpc.internal.ServerImpl$JumpToApplicationThreadServerStreamListener$1Closed@6b91aa81
org.apache.ratis.thirdparty.io.grpc.StatusRuntimeException: CANCELLED: call already cancelled
	at org.apache.ratis.thirdparty.io.grpc.Status.asRuntimeException(Status.java:517)
	at org.apache.ratis.thirdparty.io.grpc.stub.ServerCalls$ServerCallStreamObserverImpl.onCompleted(ServerCalls.java:356)
	at org.apache.ratis.grpc.server.GrpcServerProtocolService$ServerRequestStreamObserver.onError(GrpcServerProtocolService.java:121)
	at org.apache.ratis.thirdparty.io.grpc.stub.ServerCalls$StreamingServerCallHandler$StreamingServerCallListener.onCancel(ServerCalls.java:269)
	at org.apache.ratis.thirdparty.io.grpc.internal.ServerCallImpl$ServerStreamListenerImpl.closed(ServerCallImpl.java:293)
	at org.apache.ratis.thirdparty.io.grpc.internal.ServerImpl$JumpToApplicationThreadServerStreamListener$1Closed.runInContext(ServerImpl.java:741)
	at org.apache.ratis.thirdparty.io.grpc.internal.ContextRunnable.run(ContextRunnable.java:37)
	at org.apache.ratis.thirdparty.io.grpc.internal.SerializingExecutor.run(SerializingExecutor.java:123)
	at java.util.concurrent.ThreadPoolExecutor.runWorker(ThreadPoolExecutor.java:1149)
	at java.util.concurrent.ThreadPoolExecutor$Worker.run(ThreadPoolExecutor.java:624)
	at java.lang.Thread.run(Thread.java:748)

Sep 29, 2019 11:27:02 AM org.apache.ratis.thirdparty.io.grpc.internal.SerializingExecutor run
SEVERE: Exception while executing runnable org.apache.ratis.thirdparty.io.grpc.internal.ServerImpl$JumpToApplicationThreadServerStreamListener$1Closed@47d7dcc5
org.apache.ratis.thirdparty.io.grpc.StatusRuntimeException: CANCELLED: call already cancelled
	at org.apache.ratis.thirdparty.io.grpc.Status.asRuntimeException(Status.java:517)
	at org.apache.ratis.thirdparty.io.grpc.stub.ServerCalls$ServerCallStreamObserverImpl.onCompleted(ServerCalls.java:356)
	at org.apache.ratis.grpc.server.GrpcServerProtocolService$ServerRequestStreamObserver.onError(GrpcServerProtocolService.java:121)
	at org.apache.ratis.thirdparty.io.grpc.stub.ServerCalls$StreamingServerCallHandler$StreamingServerCallListener.onCancel(ServerCalls.java:269)
	at org.apache.ratis.thirdparty.io.grpc.internal.ServerCallImpl$ServerStreamListenerImpl.closed(ServerCallImpl.java:293)
	at org.apache.ratis.thirdparty.io.grpc.internal.ServerImpl$JumpToApplicationThreadServerStreamListener$1Closed.runInContext(ServerImpl.java:741)
	at org.apache.ratis.thirdparty.io.grpc.internal.ContextRunnable.run(ContextRunnable.java:37)
	at org.apache.ratis.thirdparty.io.grpc.internal.SerializingExecutor.run(SerializingExecutor.java:123)
	at java.util.concurrent.ThreadPoolExecutor.runWorker(ThreadPoolExecutor.java:1149)
	at java.util.concurrent.ThreadPoolExecutor$Worker.run(ThreadPoolExecutor.java:624)
	at java.lang.Thread.run(Thread.java:748)

Sep 29, 2019 11:27:02 AM org.apache.ratis.thirdparty.io.grpc.internal.SerializingExecutor run
SEVERE: Exception while executing runnable org.apache.ratis.thirdparty.io.grpc.internal.ServerImpl$JumpToApplicationThreadServerStreamListener$1Closed@649bb245
org.apache.ratis.thirdparty.io.grpc.StatusRuntimeException: CANCELLED: call already cancelled
	at org.apache.ratis.thirdparty.io.grpc.Status.asRuntimeException(Status.java:517)
	at org.apache.ratis.thirdparty.io.grpc.stub.ServerCalls$ServerCallStreamObserverImpl.onCompleted(ServerCalls.java:356)
	at org.apache.ratis.grpc.server.GrpcServerProtocolService$ServerRequestStreamObserver.onError(GrpcServerProtocolService.java:121)
	at org.apache.ratis.thirdparty.io.grpc.stub.ServerCalls$StreamingServerCallHandler$StreamingServerCallListener.onCancel(ServerCalls.java:269)
	at org.apache.ratis.thirdparty.io.grpc.internal.ServerCallImpl$ServerStreamListenerImpl.closed(ServerCallImpl.java:293)
	at org.apache.ratis.thirdparty.io.grpc.internal.ServerImpl$JumpToApplicationThreadServerStreamListener$1Closed.runInContext(ServerImpl.java:741)
	at org.apache.ratis.thirdparty.io.grpc.internal.ContextRunnable.run(ContextRunnable.java:37)
	at org.apache.ratis.thirdparty.io.grpc.internal.SerializingExecutor.run(SerializingExecutor.java:123)
	at java.util.concurrent.ThreadPoolExecutor.runWorker(ThreadPoolExecutor.java:1149)
	at java.util.concurrent.ThreadPoolExecutor$Worker.run(ThreadPoolExecutor.java:624)
	at java.lang.Thread.run(Thread.java:748)

Sep 29, 2019 11:27:02 AM org.apache.ratis.thirdparty.io.grpc.internal.SerializingExecutor run
SEVERE: Exception while executing runnable org.apache.ratis.thirdparty.io.grpc.internal.ServerImpl$JumpToApplicationThreadServerStreamListener$1Closed@3247268b
org.apache.ratis.thirdparty.io.grpc.StatusRuntimeException: CANCELLED: call already cancelled
	at org.apache.ratis.thirdparty.io.grpc.Status.asRuntimeException(Status.java:517)
	at org.apache.ratis.thirdparty.io.grpc.stub.ServerCalls$ServerCallStreamObserverImpl.onCompleted(ServerCalls.java:356)
	at org.apache.ratis.grpc.server.GrpcServerProtocolService$ServerRequestStreamObserver.onError(GrpcServerProtocolService.java:121)
	at org.apache.ratis.thirdparty.io.grpc.stub.ServerCalls$StreamingServerCallHandler$StreamingServerCallListener.onCancel(ServerCalls.java:269)
	at org.apache.ratis.thirdparty.io.grpc.internal.ServerCallImpl$ServerStreamListenerImpl.closed(ServerCallImpl.java:293)
	at org.apache.ratis.thirdparty.io.grpc.internal.ServerImpl$JumpToApplicationThreadServerStreamListener$1Closed.runInContext(ServerImpl.java:741)
	at org.apache.ratis.thirdparty.io.grpc.internal.ContextRunnable.run(ContextRunnable.java:37)
	at org.apache.ratis.thirdparty.io.grpc.internal.SerializingExecutor.run(SerializingExecutor.java:123)
	at java.util.concurrent.ThreadPoolExecutor.runWorker(ThreadPoolExecutor.java:1149)
	at java.util.concurrent.ThreadPoolExecutor$Worker.run(ThreadPoolExecutor.java:624)
	at java.lang.Thread.run(Thread.java:748)

Sep 29, 2019 11:27:02 AM org.apache.ratis.thirdparty.io.grpc.internal.SerializingExecutor run
SEVERE: Exception while executing runnable org.apache.ratis.thirdparty.io.grpc.internal.ServerImpl$JumpToApplicationThreadServerStreamListener$1Closed@2e18df37
org.apache.ratis.thirdparty.io.grpc.StatusRuntimeException: CANCELLED: call already cancelled
	at org.apache.ratis.thirdparty.io.grpc.Status.asRuntimeException(Status.java:517)
	at org.apache.ratis.thirdparty.io.grpc.stub.ServerCalls$ServerCallStreamObserverImpl.onCompleted(ServerCalls.java:356)
	at org.apache.ratis.grpc.server.GrpcServerProtocolService$ServerRequestStreamObserver.onError(GrpcServerProtocolService.java:121)
	at org.apache.ratis.thirdparty.io.grpc.stub.ServerCalls$StreamingServerCallHandler$StreamingServerCallListener.onCancel(ServerCalls.java:269)
	at org.apache.ratis.thirdparty.io.grpc.internal.ServerCallImpl$ServerStreamListenerImpl.closed(ServerCallImpl.java:293)
	at org.apache.ratis.thirdparty.io.grpc.internal.ServerImpl$JumpToApplicationThreadServerStreamListener$1Closed.runInContext(ServerImpl.java:741)
	at org.apache.ratis.thirdparty.io.grpc.internal.ContextRunnable.run(ContextRunnable.java:37)
	at org.apache.ratis.thirdparty.io.grpc.internal.SerializingExecutor.run(SerializingExecutor.java:123)
	at java.util.concurrent.ThreadPoolExecutor.runWorker(ThreadPoolExecutor.java:1149)
	at java.util.concurrent.ThreadPoolExecutor$Worker.run(ThreadPoolExecutor.java:624)
	at java.lang.Thread.run(Thread.java:748)

Sep 29, 2019 11:27:02 AM org.apache.ratis.thirdparty.io.grpc.internal.SerializingExecutor run
SEVERE: Exception while executing runnable org.apache.ratis.thirdparty.io.grpc.internal.ServerImpl$JumpToApplicationThreadServerStreamListener$1Closed@602ae9e0
org.apache.ratis.thirdparty.io.grpc.StatusRuntimeException: CANCELLED: call already cancelled
	at org.apache.ratis.thirdparty.io.grpc.Status.asRuntimeException(Status.java:517)
	at org.apache.ratis.thirdparty.io.grpc.stub.ServerCalls$ServerCallStreamObserverImpl.onCompleted(ServerCalls.java:356)
	at org.apache.ratis.grpc.server.GrpcServerProtocolService$ServerRequestStreamObserver.onError(GrpcServerProtocolService.java:121)
	at org.apache.ratis.thirdparty.io.grpc.stub.ServerCalls$StreamingServerCallHandler$StreamingServerCallListener.onCancel(ServerCalls.java:269)
	at org.apache.ratis.thirdparty.io.grpc.internal.ServerCallImpl$ServerStreamListenerImpl.closed(ServerCallImpl.java:293)
	at org.apache.ratis.thirdparty.io.grpc.internal.ServerImpl$JumpToApplicationThreadServerStreamListener$1Closed.runInContext(ServerImpl.java:741)
	at org.apache.ratis.thirdparty.io.grpc.internal.ContextRunnable.run(ContextRunnable.java:37)
	at org.apache.ratis.thirdparty.io.grpc.internal.SerializingExecutor.run(SerializingExecutor.java:123)
	at java.util.concurrent.ThreadPoolExecutor.runWorker(ThreadPoolExecutor.java:1149)
	at java.util.concurrent.ThreadPoolExecutor$Worker.run(ThreadPoolExecutor.java:624)
	at java.lang.Thread.run(Thread.java:748)

Sep 29, 2019 11:27:02 AM org.apache.ratis.thirdparty.io.grpc.internal.SerializingExecutor run
SEVERE: Exception while executing runnable org.apache.ratis.thirdparty.io.grpc.internal.ServerImpl$JumpToApplicationThreadServerStreamListener$1Closed@16672efa
org.apache.ratis.thirdparty.io.grpc.StatusRuntimeException: CANCELLED: call already cancelled
	at org.apache.ratis.thirdparty.io.grpc.Status.asRuntimeException(Status.java:517)
	at org.apache.ratis.thirdparty.io.grpc.stub.ServerCalls$ServerCallStreamObserverImpl.onCompleted(ServerCalls.java:356)
	at org.apache.ratis.grpc.server.GrpcServerProtocolService$ServerRequestStreamObserver.onError(GrpcServerProtocolService.java:121)
	at org.apache.ratis.thirdparty.io.grpc.stub.ServerCalls$StreamingServerCallHandler$StreamingServerCallListener.onCancel(ServerCalls.java:269)
	at org.apache.ratis.thirdparty.io.grpc.internal.ServerCallImpl$ServerStreamListenerImpl.closed(ServerCallImpl.java:293)
	at org.apache.ratis.thirdparty.io.grpc.internal.ServerImpl$JumpToApplicationThreadServerStreamListener$1Closed.runInContext(ServerImpl.java:741)
	at org.apache.ratis.thirdparty.io.grpc.internal.ContextRunnable.run(ContextRunnable.java:37)
	at org.apache.ratis.thirdparty.io.grpc.internal.SerializingExecutor.run(SerializingExecutor.java:123)
	at java.util.concurrent.ThreadPoolExecutor.runWorker(ThreadPoolExecutor.java:1149)
	at java.util.concurrent.ThreadPoolExecutor$Worker.run(ThreadPoolExecutor.java:624)
	at java.lang.Thread.run(Thread.java:748)

]]></system-err>
  </testcase>
  <testcase name="testFailureWithPrimeSizedData" classname="org.apache.hadoop.ozone.client.rpc.TestBlockOutputStreamWithFailures" time="35.849"/>
  <testcase name="testWatchForCommitWithCloseContainerException" classname="org.apache.hadoop.ozone.client.rpc.TestBlockOutputStreamWithFailures" time="38.013"/>
  <testcase name="testExceptionDuringClose" classname="org.apache.hadoop.ozone.client.rpc.TestBlockOutputStreamWithFailures" time="40.336"/>
</testsuite>