<?xml version="1.0" encoding="UTF-8"?>
<testsuite xmlns:xsi="http://www.w3.org/2001/XMLSchema-instance" xsi:noNamespaceSchemaLocation="https://maven.apache.org/surefire/maven-surefire-plugin/xsd/surefire-test-report.xsd" name="org.apache.hadoop.ozone.scm.TestXceiverClientManager" time="71.906" tests="4" errors="4" skipped="0" failures="0">
  <properties>
    <property name="awt.toolkit" value="sun.awt.X11.XToolkit"/>
    <property name="file.encoding.pkg" value="sun.io"/>
    <property name="java.specification.version" value="1.8"/>
    <property name="sun.cpu.isalist" value=""/>
    <property name="sun.jnu.encoding" value="UTF-8"/>
    <property name="java.class.path" value="/workdir/hadoop-ozone/integration-test/target/test-classes:/workdir/hadoop-ozone/integration-test/target/classes:/home/user/.m2/repository/org/apache/hadoop/hadoop-ozone-common/0.5.0-SNAPSHOT/hadoop-ozone-common-0.5.0-SNAPSHOT.jar:/home/user/.m2/repository/org/apache/commons/commons-compress/1.4.1/commons-compress-1.4.1.jar:/home/user/.m2/repository/org/tukaani/xz/1.0/xz-1.0.jar:/home/user/.m2/repository/org/apache/hadoop/hadoop-common/3.2.0/hadoop-common-3.2.0.jar:/home/user/.m2/repository/org/apache/hadoop/hadoop-hdfs/3.2.0/hadoop-hdfs-3.2.0.jar:/home/user/.m2/repository/org/apache/hadoop/hadoop-hdfs-client/3.2.0/hadoop-hdfs-client-3.2.0.jar:/home/user/.m2/repository/com/fasterxml/jackson/core/jackson-annotations/2.9.9/jackson-annotations-2.9.9.jar:/home/user/.m2/repository/org/apache/hadoop/hadoop-hdds-common/0.5.0-SNAPSHOT/hadoop-hdds-common-0.5.0-SNAPSHOT.jar:/home/user/.m2/repository/javax/annotation/javax.annotation-api/1.2/javax.annotation-api-1.2.jar:/home/user/.m2/repository/org/apache/ratis/ratis-server/0.4.0/ratis-server-0.4.0.jar:/home/user/.m2/repository/org/apache/ratis/ratis-thirdparty-misc/0.2.0/ratis-thirdparty-misc-0.2.0.jar:/home/user/.m2/repository/org/apache/ratis/ratis-proto/0.4.0/ratis-proto-0.4.0.jar:/home/user/.m2/repository/org/apache/ratis/ratis-common/0.4.0/ratis-common-0.4.0.jar:/home/user/.m2/repository/org/apache/ratis/ratis-client/0.4.0/ratis-client-0.4.0.jar:/home/user/.m2/repository/org/apache/ratis/ratis-metrics/0.4.0/ratis-metrics-0.4.0.jar:/home/user/.m2/repository/com/github/joshelser/dropwizard-metrics-hadoop-metrics2-reporter/0.1.2/dropwizard-metrics-hadoop-metrics2-reporter-0.1.2.jar:/home/user/.m2/repository/io/dropwizard/metrics/metrics-jvm/3.2.5/metrics-jvm-3.2.5.jar:/home/user/.m2/repository/io/dropwizard/metrics/metrics-ganglia/3.2.5/metrics-ganglia-3.2.5.jar:/home/user/.m2/repository/info/ganglia/gmetric4j/gmetric4j/1.0.7/gmetric4j-1.0.7.jar:/home/user/.m2/repository/org/apache/ratis/ratis-netty/0.4.0/ratis-netty-0.4.0.jar:/home/user/.m2/repository/org/apache/ratis/ratis-grpc/0.4.0/ratis-grpc-0.4.0.jar:/home/user/.m2/repository/org/rocksdb/rocksdbjni/6.0.1/rocksdbjni-6.0.1.jar:/home/user/.m2/repository/org/apache/logging/log4j/log4j-api/2.11.0/log4j-api-2.11.0.jar:/home/user/.m2/repository/org/apache/logging/log4j/log4j-core/2.11.0/log4j-core-2.11.0.jar:/home/user/.m2/repository/com/lmax/disruptor/3.4.2/disruptor-3.4.2.jar:/home/user/.m2/repository/org/apache/commons/commons-pool2/2.6.0/commons-pool2-2.6.0.jar:/home/user/.m2/repository/org/bouncycastle/bcpkix-jdk15on/1.60/bcpkix-jdk15on-1.60.jar:/home/user/.m2/repository/commons-validator/commons-validator/1.6/commons-validator-1.6.jar:/home/user/.m2/repository/commons-digester/commons-digester/1.8.1/commons-digester-1.8.1.jar:/home/user/.m2/repository/io/jaegertracing/jaeger-client/0.34.0/jaeger-client-0.34.0.jar:/home/user/.m2/repository/io/jaegertracing/jaeger-thrift/0.34.0/jaeger-thrift-0.34.0.jar:/home/user/.m2/repository/org/apache/thrift/libthrift/0.12.0/libthrift-0.12.0.jar:/home/user/.m2/repository/com/squareup/okhttp3/okhttp/3.9.0/okhttp-3.9.0.jar:/home/user/.m2/repository/com/squareup/okio/okio/1.13.0/okio-1.13.0.jar:/home/user/.m2/repository/io/jaegertracing/jaeger-core/0.34.0/jaeger-core-0.34.0.jar:/home/user/.m2/repository/io/jaegertracing/jaeger-tracerresolver/0.34.0/jaeger-tracerresolver-0.34.0.jar:/home/user/.m2/repository/io/opentracing/contrib/opentracing-tracerresolver/0.1.5/opentracing-tracerresolver-0.1.5.jar:/home/user/.m2/repository/io/opentracing/opentracing-util/0.31.0/opentracing-util-0.31.0.jar:/home/user/.m2/repository/io/opentracing/opentracing-api/0.31.0/opentracing-api-0.31.0.jar:/home/user/.m2/repository/io/opentracing/opentracing-noop/0.31.0/opentracing-noop-0.31.0.jar:/home/user/.m2/repository/org/apache/hadoop/hadoop-hdds-server-framework/0.5.0-SNAPSHOT/hadoop-hdds-server-framework-0.5.0-SNAPSHOT.jar:/home/user/.m2/repository/org/apache/hadoop/hadoop-hdds-container-service/0.5.0-SNAPSHOT/hadoop-hdds-container-service-0.5.0-SNAPSHOT.jar:/home/user/.m2/repository/org/apache/hadoop/hadoop-hdds-client/0.5.0-SNAPSHOT/hadoop-hdds-client-0.5.0-SNAPSHOT.jar:/home/user/.m2/repository/org/apache/hadoop/hadoop-hdds-tools/0.5.0-SNAPSHOT/hadoop-hdds-tools-0.5.0-SNAPSHOT.jar:/home/user/.m2/repository/org/apache/hadoop/hadoop-hdds-server-scm/0.5.0-SNAPSHOT/hadoop-hdds-server-scm-0.5.0-SNAPSHOT.jar:/home/user/.m2/repository/org/apache/hadoop/hadoop-hdds-docs/0.5.0-SNAPSHOT/hadoop-hdds-docs-0.5.0-SNAPSHOT.jar:/home/user/.m2/repository/io/dropwizard/metrics/metrics-core/3.2.4/metrics-core-3.2.4.jar:/home/user/.m2/repository/org/hamcrest/hamcrest-all/1.3/hamcrest-all-1.3.jar:/home/user/.m2/repository/org/bouncycastle/bcprov-jdk15on/1.60/bcprov-jdk15on-1.60.jar:/home/user/.m2/repository/info/picocli/picocli/3.9.6/picocli-3.9.6.jar:/home/user/.m2/repository/com/google/protobuf/protobuf-java/2.5.0/protobuf-java-2.5.0.jar:/home/user/.m2/repository/com/google/guava/guava/11.0.2/guava-11.0.2.jar:/home/user/.m2/repository/org/apache/hadoop/hadoop-ozone-ozone-manager/0.5.0-SNAPSHOT/hadoop-ozone-ozone-manager-0.5.0-SNAPSHOT.jar:/home/user/.m2/repository/org/apache/hadoop/hadoop-minikdc/3.2.0/hadoop-minikdc-3.2.0.jar:/home/user/.m2/repository/commons-io/commons-io/2.5/commons-io-2.5.jar:/home/user/.m2/repository/org/apache/kerby/kerb-simplekdc/1.0.1/kerb-simplekdc-1.0.1.jar:/home/user/.m2/repository/org/apache/kerby/kerb-client/1.0.1/kerb-client-1.0.1.jar:/home/user/.m2/repository/org/apache/kerby/kerby-config/1.0.1/kerby-config-1.0.1.jar:/home/user/.m2/repository/org/apache/kerby/kerb-core/1.0.1/kerb-core-1.0.1.jar:/home/user/.m2/repository/org/apache/kerby/kerby-pkix/1.0.1/kerby-pkix-1.0.1.jar:/home/user/.m2/repository/org/apache/kerby/kerby-asn1/1.0.1/kerby-asn1-1.0.1.jar:/home/user/.m2/repository/org/apache/kerby/kerby-util/1.0.1/kerby-util-1.0.1.jar:/home/user/.m2/repository/org/apache/kerby/kerb-common/1.0.1/kerb-common-1.0.1.jar:/home/user/.m2/repository/org/apache/kerby/kerb-crypto/1.0.1/kerb-crypto-1.0.1.jar:/home/user/.m2/repository/org/apache/kerby/kerb-util/1.0.1/kerb-util-1.0.1.jar:/home/user/.m2/repository/org/apache/kerby/token-provider/1.0.1/token-provider-1.0.1.jar:/home/user/.m2/repository/org/apache/kerby/kerb-admin/1.0.1/kerb-admin-1.0.1.jar:/home/user/.m2/repository/org/apache/kerby/kerb-server/1.0.1/kerb-server-1.0.1.jar:/home/user/.m2/repository/org/apache/kerby/kerb-identity/1.0.1/kerb-identity-1.0.1.jar:/home/user/.m2/repository/org/apache/kerby/kerby-xdr/1.0.1/kerby-xdr-1.0.1.jar:/home/user/.m2/repository/org/slf4j/slf4j-log4j12/1.7.25/slf4j-log4j12-1.7.25.jar:/home/user/.m2/repository/org/apache/hadoop/hadoop-ozone-s3gateway/0.5.0-SNAPSHOT/hadoop-ozone-s3gateway-0.5.0-SNAPSHOT.jar:/home/user/.m2/repository/org/jboss/weld/servlet/weld-servlet/2.4.7.Final/weld-servlet-2.4.7.Final.jar:/home/user/.m2/repository/org/glassfish/jersey/containers/jersey-container-servlet-core/2.27/jersey-container-servlet-core-2.27.jar:/home/user/.m2/repository/org/glassfish/hk2/external/javax.inject/2.5.0-b42/javax.inject-2.5.0-b42.jar:/home/user/.m2/repository/org/glassfish/jersey/core/jersey-common/2.27/jersey-common-2.27.jar:/home/user/.m2/repository/org/glassfish/hk2/osgi-resource-locator/1.0.1/osgi-resource-locator-1.0.1.jar:/home/user/.m2/repository/javax/ws/rs/javax.ws.rs-api/2.1/javax.ws.rs-api-2.1.jar:/home/user/.m2/repository/org/glassfish/jersey/ext/cdi/jersey-cdi1x/2.27/jersey-cdi1x-2.27.jar:/home/user/.m2/repository/org/glassfish/jersey/inject/jersey-hk2/2.27/jersey-hk2-2.27.jar:/home/user/.m2/repository/org/glassfish/hk2/hk2-locator/2.5.0-b42/hk2-locator-2.5.0-b42.jar:/home/user/.m2/repository/org/javassist/javassist/3.22.0-CR2/javassist-3.22.0-CR2.jar:/home/user/.m2/repository/org/glassfish/hk2/hk2-api/2.5.0/hk2-api-2.5.0.jar:/home/user/.m2/repository/org/glassfish/hk2/external/jakarta.inject/2.5.0/jakarta.inject-2.5.0.jar:/home/user/.m2/repository/org/glassfish/hk2/hk2-utils/2.5.0/hk2-utils-2.5.0.jar:/home/user/.m2/repository/jakarta/annotation/jakarta.annotation-api/1.3.4/jakarta.annotation-api-1.3.4.jar:/home/user/.m2/repository/org/glassfish/hk2/external/aopalliance-repackaged/2.5.0/aopalliance-repackaged-2.5.0.jar:/home/user/.m2/repository/com/fasterxml/jackson/dataformat/jackson-dataformat-xml/2.9.0/jackson-dataformat-xml-2.9.0.jar:/home/user/.m2/repository/com/fasterxml/jackson/core/jackson-core/2.9.9/jackson-core-2.9.9.jar:/home/user/.m2/repository/com/fasterxml/jackson/module/jackson-module-jaxb-annotations/2.9.9/jackson-module-jaxb-annotations-2.9.9.jar:/home/user/.m2/repository/javax/enterprise/cdi-api/1.2/cdi-api-1.2.jar:/home/user/.m2/repository/javax/el/javax.el-api/3.0.0/javax.el-api-3.0.0.jar:/home/user/.m2/repository/javax/interceptor/javax.interceptor-api/1.2/javax.interceptor-api-1.2.jar:/home/user/.m2/repository/javax/inject/javax.inject/1/javax.inject-1.jar:/home/user/.m2/repository/com/sun/xml/bind/jaxb-impl/2.3.0.1/jaxb-impl-2.3.0.1.jar:/home/user/.m2/repository/com/sun/xml/bind/jaxb-core/2.3.0.1/jaxb-core-2.3.0.1.jar:/home/user/.m2/repository/javax/xml/bind/jaxb-api/2.3.0/jaxb-api-2.3.0.jar:/home/user/.m2/repository/javax/activation/activation/1.1.1/activation-1.1.1.jar:/home/user/.m2/repository/org/apache/hadoop/hadoop-ozone-csi/0.5.0-SNAPSHOT/hadoop-ozone-csi-0.5.0-SNAPSHOT.jar:/home/user/.m2/repository/com/google/protobuf/protobuf-java-util/3.5.1/protobuf-java-util-3.5.1.jar:/home/user/.m2/repository/org/apache/hadoop/hadoop-hdds-config/0.5.0-SNAPSHOT/hadoop-hdds-config-0.5.0-SNAPSHOT.jar:/home/user/.m2/repository/io/grpc/grpc-netty/1.17.1/grpc-netty-1.17.1.jar:/home/user/.m2/repository/io/grpc/grpc-core/1.17.1/grpc-core-1.17.1.jar:/home/user/.m2/repository/io/grpc/grpc-context/1.17.1/grpc-context-1.17.1.jar:/home/user/.m2/repository/com/google/errorprone/error_prone_annotations/2.2.0/error_prone_annotations-2.2.0.jar:/home/user/.m2/repository/org/codehaus/mojo/animal-sniffer-annotations/1.17/animal-sniffer-annotations-1.17.jar:/home/user/.m2/repository/io/opencensus/opencensus-api/0.17.0/opencensus-api-0.17.0.jar:/home/user/.m2/repository/io/opencensus/opencensus-contrib-grpc-metrics/0.17.0/opencensus-contrib-grpc-metrics-0.17.0.jar:/home/user/.m2/repository/io/netty/netty-codec-http2/4.1.30.Final/netty-codec-http2-4.1.30.Final.jar:/home/user/.m2/repository/io/netty/netty-codec-http/4.1.30.Final/netty-codec-http-4.1.30.Final.jar:/home/user/.m2/repository/io/netty/netty-codec/4.1.30.Final/netty-codec-4.1.30.Final.jar:/home/user/.m2/repository/io/netty/netty-handler/4.1.30.Final/netty-handler-4.1.30.Final.jar:/home/user/.m2/repository/io/netty/netty-handler-proxy/4.1.30.Final/netty-handler-proxy-4.1.30.Final.jar:/home/user/.m2/repository/io/netty/netty-codec-socks/4.1.30.Final/netty-codec-socks-4.1.30.Final.jar:/home/user/.m2/repository/io/netty/netty-transport-native-epoll/4.1.30.Final/netty-transport-native-epoll-4.1.30.Final.jar:/home/user/.m2/repository/io/netty/netty-common/4.1.30.Final/netty-common-4.1.30.Final.jar:/home/user/.m2/repository/io/netty/netty-buffer/4.1.30.Final/netty-buffer-4.1.30.Final.jar:/home/user/.m2/repository/io/netty/netty-transport/4.1.30.Final/netty-transport-4.1.30.Final.jar:/home/user/.m2/repository/io/netty/netty-resolver/4.1.30.Final/netty-resolver-4.1.30.Final.jar:/home/user/.m2/repository/io/netty/netty-transport-native-unix-common/4.1.30.Final/netty-transport-native-unix-common-4.1.30.Final.jar:/home/user/.m2/repository/io/grpc/grpc-protobuf/1.17.1/grpc-protobuf-1.17.1.jar:/home/user/.m2/repository/com/google/api/grpc/proto-google-common-protos/1.0.0/proto-google-common-protos-1.0.0.jar:/home/user/.m2/repository/io/grpc/grpc-protobuf-lite/1.17.1/grpc-protobuf-lite-1.17.1.jar:/home/user/.m2/repository/io/grpc/grpc-stub/1.17.1/grpc-stub-1.17.1.jar:/home/user/.m2/repository/org/apache/hadoop/hadoop-ozone-recon/0.5.0-SNAPSHOT/hadoop-ozone-recon-0.5.0-SNAPSHOT.jar:/home/user/.m2/repository/org/apache/hadoop/hadoop-ozone-reconcodegen/0.5.0-SNAPSHOT/hadoop-ozone-reconcodegen-0.5.0-SNAPSHOT.jar:/home/user/.m2/repository/com/google/inject/extensions/guice-multibindings/4.0/guice-multibindings-4.0.jar:/home/user/.m2/repository/com/google/inject/guice/4.0/guice-4.0.jar:/home/user/.m2/repository/aopalliance/aopalliance/1.0/aopalliance-1.0.jar:/home/user/.m2/repository/com/google/inject/extensions/guice-servlet/4.0/guice-servlet-4.0.jar:/home/user/.m2/repository/org/glassfish/jersey/containers/jersey-container-servlet/2.27/jersey-container-servlet-2.27.jar:/home/user/.m2/repository/org/glassfish/hk2/guice-bridge/2.5.0/guice-bridge-2.5.0.jar:/home/user/.m2/repository/org/glassfish/jersey/core/jersey-server/2.27/jersey-server-2.27.jar:/home/user/.m2/repository/org/glassfish/jersey/core/jersey-client/2.27/jersey-client-2.27.jar:/home/user/.m2/repository/org/glassfish/jersey/media/jersey-media-jaxb/2.27/jersey-media-jaxb-2.27.jar:/home/user/.m2/repository/javax/validation/validation-api/1.1.0.Final/validation-api-1.1.0.Final.jar:/home/user/.m2/repository/org/glassfish/jersey/media/jersey-media-json-jackson/2.27/jersey-media-json-jackson-2.27.jar:/home/user/.m2/repository/org/glassfish/jersey/ext/jersey-entity-filtering/2.27/jersey-entity-filtering-2.27.jar:/home/user/.m2/repository/com/google/inject/extensions/guice-assistedinject/4.0/guice-assistedinject-4.0.jar:/home/user/.m2/repository/org/jooq/jooq/3.11.10/jooq-3.11.10.jar:/home/user/.m2/repository/org/jooq/jooq-meta/3.11.10/jooq-meta-3.11.10.jar:/home/user/.m2/repository/org/jooq/jooq-codegen/3.11.10/jooq-codegen-3.11.10.jar:/home/user/.m2/repository/com/jolbox/bonecp/0.8.0.RELEASE/bonecp-0.8.0.RELEASE.jar:/home/user/.m2/repository/org/xerial/sqlite-jdbc/3.25.2/sqlite-jdbc-3.25.2.jar:/home/user/.m2/repository/org/springframework/spring-jdbc/5.1.3.RELEASE/spring-jdbc-5.1.3.RELEASE.jar:/home/user/.m2/repository/org/springframework/spring-beans/5.1.3.RELEASE/spring-beans-5.1.3.RELEASE.jar:/home/user/.m2/repository/org/springframework/spring-core/5.1.3.RELEASE/spring-core-5.1.3.RELEASE.jar:/home/user/.m2/repository/org/springframework/spring-jcl/5.1.3.RELEASE/spring-jcl-5.1.3.RELEASE.jar:/home/user/.m2/repository/org/springframework/spring-tx/5.1.3.RELEASE/spring-tx-5.1.3.RELEASE.jar:/home/user/.m2/repository/org/apache/hadoop/hadoop-ozone-client/0.5.0-SNAPSHOT/hadoop-ozone-client-0.5.0-SNAPSHOT.jar:/home/user/.m2/repository/commons-lang/commons-lang/2.6/commons-lang-2.6.jar:/home/user/.m2/repository/org/apache/hadoop/hadoop-ozone-ozone-manager/0.5.0-SNAPSHOT/hadoop-ozone-ozone-manager-0.5.0-SNAPSHOT-tests.jar:/home/user/.m2/repository/junit/junit/4.11/junit-4.11.jar:/home/user/.m2/repository/org/hamcrest/hamcrest-core/1.3/hamcrest-core-1.3.jar:/home/user/.m2/repository/org/openjdk/jmh/jmh-core/1.19/jmh-core-1.19.jar:/home/user/.m2/repository/net/sf/jopt-simple/jopt-simple/4.6/jopt-simple-4.6.jar:/home/user/.m2/repository/org/apache/commons/commons-math3/3.1.1/commons-math3-3.1.1.jar:/home/user/.m2/repository/org/openjdk/jmh/jmh-generator-annprocess/1.19/jmh-generator-annprocess-1.19.jar:/home/user/.m2/repository/org/mockito/mockito-all/1.8.5/mockito-all-1.8.5.jar:/home/user/.m2/repository/org/apache/hadoop/hadoop-kms/3.2.0/hadoop-kms-3.2.0.jar:/home/user/.m2/repository/org/apache/hadoop/hadoop-auth/3.2.0/hadoop-auth-3.2.0.jar:/home/user/.m2/repository/com/nimbusds/nimbus-jose-jwt/4.41.1/nimbus-jose-jwt-4.41.1.jar:/home/user/.m2/repository/com/github/stephenc/jcip/jcip-annotations/1.0-1/jcip-annotations-1.0-1.jar:/home/user/.m2/repository/net/minidev/json-smart/2.3/json-smart-2.3.jar:/home/user/.m2/repository/net/minidev/accessors-smart/1.2/accessors-smart-1.2.jar:/home/user/.m2/repository/org/ow2/asm/asm/5.0.4/asm-5.0.4.jar:/home/user/.m2/repository/org/apache/curator/curator-framework/2.12.0/curator-framework-2.12.0.jar:/home/user/.m2/repository/com/sun/jersey/jersey-core/1.19/jersey-core-1.19.jar:/home/user/.m2/repository/javax/ws/rs/jsr311-api/1.1.1/jsr311-api-1.1.1.jar:/home/user/.m2/repository/com/sun/jersey/jersey-server/1.19/jersey-server-1.19.jar:/home/user/.m2/repository/javax/servlet/javax.servlet-api/3.1.0/javax.servlet-api-3.1.0.jar:/home/user/.m2/repository/org/eclipse/jetty/jetty-server/9.3.25.v20180904/jetty-server-9.3.25.v20180904.jar:/home/user/.m2/repository/org/eclipse/jetty/jetty-http/9.3.25.v20180904/jetty-http-9.3.25.v20180904.jar:/home/user/.m2/repository/org/eclipse/jetty/jetty-io/9.3.25.v20180904/jetty-io-9.3.25.v20180904.jar:/home/user/.m2/repository/org/eclipse/jetty/jetty-webapp/9.3.25.v20180904/jetty-webapp-9.3.25.v20180904.jar:/home/user/.m2/repository/org/eclipse/jetty/jetty-xml/9.3.25.v20180904/jetty-xml-9.3.25.v20180904.jar:/home/user/.m2/repository/log4j/log4j/1.2.17/log4j-1.2.17.jar:/home/user/.m2/repository/org/slf4j/slf4j-api/1.7.25/slf4j-api-1.7.25.jar:/home/user/.m2/repository/org/slf4j/jul-to-slf4j/1.7.25/jul-to-slf4j-1.7.25.jar:/home/user/.m2/repository/org/eclipse/jetty/jetty-util/9.3.25.v20180904/jetty-util-9.3.25.v20180904.jar:/home/user/.m2/repository/com/fasterxml/jackson/core/jackson-databind/2.9.9/jackson-databind-2.9.9.jar:/home/user/.m2/repository/org/apache/hadoop/hadoop-kms/3.2.0/hadoop-kms-3.2.0-tests.jar:/home/user/.m2/repository/org/apache/hadoop/hadoop-hdds-server-scm/0.5.0-SNAPSHOT/hadoop-hdds-server-scm-0.5.0-SNAPSHOT-tests.jar:/home/user/.m2/repository/org/apache/hadoop/hadoop-hdds-container-service/0.5.0-SNAPSHOT/hadoop-hdds-container-service-0.5.0-SNAPSHOT-tests.jar:/home/user/.m2/repository/org/yaml/snakeyaml/1.16/snakeyaml-1.16.jar:/home/user/.m2/repository/org/apache/hadoop/hadoop-common/3.2.0/hadoop-common-3.2.0-tests.jar:/home/user/.m2/repository/org/apache/hadoop/hadoop-annotations/3.2.0/hadoop-annotations-3.2.0.jar:/usr/lib/jvm/java-1.8-openjdk/jre/../lib/tools.jar:/home/user/.m2/repository/commons-cli/commons-cli/1.2/commons-cli-1.2.jar:/home/user/.m2/repository/org/apache/httpcomponents/httpclient/4.5.2/httpclient-4.5.2.jar:/home/user/.m2/repository/org/apache/httpcomponents/httpcore/4.4.4/httpcore-4.4.4.jar:/home/user/.m2/repository/commons-codec/commons-codec/1.11/commons-codec-1.11.jar:/home/user/.m2/repository/commons-net/commons-net/3.6/commons-net-3.6.jar:/home/user/.m2/repository/commons-collections/commons-collections/3.2.2/commons-collections-3.2.2.jar:/home/user/.m2/repository/org/eclipse/jetty/jetty-servlet/9.3.25.v20180904/jetty-servlet-9.3.25.v20180904.jar:/home/user/.m2/repository/org/eclipse/jetty/jetty-security/9.3.25.v20180904/jetty-security-9.3.25.v20180904.jar:/home/user/.m2/repository/javax/servlet/jsp/jsp-api/2.1/jsp-api-2.1.jar:/home/user/.m2/repository/com/sun/jersey/jersey-servlet/1.19/jersey-servlet-1.19.jar:/home/user/.m2/repository/com/sun/jersey/jersey-json/1.19/jersey-json-1.19.jar:/home/user/.m2/repository/org/codehaus/jettison/jettison/1.1/jettison-1.1.jar:/home/user/.m2/repository/org/codehaus/jackson/jackson-core-asl/1.9.13/jackson-core-asl-1.9.13.jar:/home/user/.m2/repository/org/codehaus/jackson/jackson-mapper-asl/1.9.13/jackson-mapper-asl-1.9.13.jar:/home/user/.m2/repository/org/codehaus/jackson/jackson-jaxrs/1.9.13/jackson-jaxrs-1.9.13.jar:/home/user/.m2/repository/org/codehaus/jackson/jackson-xc/1.9.13/jackson-xc-1.9.13.jar:/home/user/.m2/repository/commons-logging/commons-logging/1.1.3/commons-logging-1.1.3.jar:/home/user/.m2/repository/commons-beanutils/commons-beanutils/1.9.4/commons-beanutils-1.9.4.jar:/home/user/.m2/repository/org/apache/commons/commons-configuration2/2.1.1/commons-configuration2-2.1.1.jar:/home/user/.m2/repository/org/apache/commons/commons-lang3/3.7/commons-lang3-3.7.jar:/home/user/.m2/repository/org/apache/commons/commons-text/1.4/commons-text-1.4.jar:/home/user/.m2/repository/org/apache/avro/avro/1.7.7/avro-1.7.7.jar:/home/user/.m2/repository/com/thoughtworks/paranamer/paranamer/2.3/paranamer-2.3.jar:/home/user/.m2/repository/org/xerial/snappy/snappy-java/1.0.5/snappy-java-1.0.5.jar:/home/user/.m2/repository/com/google/re2j/re2j/1.1/re2j-1.1.jar:/home/user/.m2/repository/com/google/code/gson/gson/2.2.4/gson-2.2.4.jar:/home/user/.m2/repository/com/jcraft/jsch/0.1.54/jsch-0.1.54.jar:/home/user/.m2/repository/org/apache/curator/curator-client/2.12.0/curator-client-2.12.0.jar:/home/user/.m2/repository/org/apache/curator/curator-recipes/2.12.0/curator-recipes-2.12.0.jar:/home/user/.m2/repository/com/google/code/findbugs/jsr305/3.0.0/jsr305-3.0.0.jar:/home/user/.m2/repository/org/apache/htrace/htrace-core4/4.1.0-incubating/htrace-core4-4.1.0-incubating.jar:/home/user/.m2/repository/org/apache/zookeeper/zookeeper/3.4.13/zookeeper-3.4.13.jar:/home/user/.m2/repository/jline/jline/0.9.94/jline-0.9.94.jar:/home/user/.m2/repository/org/apache/yetus/audience-annotations/0.5.0/audience-annotations-0.5.0.jar:/home/user/.m2/repository/org/codehaus/woodstox/stax2-api/3.1.4/stax2-api-3.1.4.jar:/home/user/.m2/repository/com/fasterxml/woodstox/woodstox-core/5.0.3/woodstox-core-5.0.3.jar:/home/user/.m2/repository/dnsjava/dnsjava/2.1.7/dnsjava-2.1.7.jar:/home/user/.m2/repository/org/apache/hadoop/hadoop-hdfs/3.2.0/hadoop-hdfs-3.2.0-tests.jar:/home/user/.m2/repository/org/eclipse/jetty/jetty-util-ajax/9.3.25.v20180904/jetty-util-ajax-9.3.25.v20180904.jar:/home/user/.m2/repository/commons-daemon/commons-daemon/1.0.13/commons-daemon-1.0.13.jar:/home/user/.m2/repository/io/netty/netty/3.10.5.Final/netty-3.10.5.Final.jar:/home/user/.m2/repository/io/netty/netty-all/4.0.52.Final/netty-all-4.0.52.Final.jar:/home/user/.m2/repository/org/fusesource/leveldbjni/leveldbjni-all/1.8/leveldbjni-all-1.8.jar:"/>
    <property name="java.vm.vendor" value="IcedTea"/>
    <property name="sun.arch.data.model" value="64"/>
    <property name="test.build.dir" value="/workdir/hadoop-ozone/integration-test/target/test-dir"/>
    <property name="test.cache.data" value=""/>
    <property name="java.vendor.url" value="https://icedtea.classpath.org"/>
    <property name="user.timezone" value=""/>
    <property name="java.vm.specification.version" value="1.8"/>
    <property name="os.name" value="Linux"/>
    <property name="test.build.data" value="/workdir/hadoop-ozone/integration-test/target/test-dir"/>
    <property name="user.country" value="US"/>
    <property name="sun.java.launcher" value="SUN_STANDARD"/>
    <property name="sun.boot.library.path" value="/usr/lib/jvm/java-1.8-openjdk/jre/lib/amd64"/>
    <property name="sun.java.command" value="/workdir/hadoop-ozone/integration-test/target/surefire/surefirebooter857266573335677135.jar /workdir/hadoop-ozone/integration-test/target/surefire 2019-09-29T10-30-13_313-jvmRun1 surefire6133717032913988129tmp surefire_642123715298453507215tmp"/>
    <property name="test" value="!TestMiniChaosOzoneCluster"/>
    <property name="surefire.test.class.path" value="/workdir/hadoop-ozone/integration-test/target/test-classes:/workdir/hadoop-ozone/integration-test/target/classes:/home/user/.m2/repository/org/apache/hadoop/hadoop-ozone-common/0.5.0-SNAPSHOT/hadoop-ozone-common-0.5.0-SNAPSHOT.jar:/home/user/.m2/repository/org/apache/commons/commons-compress/1.4.1/commons-compress-1.4.1.jar:/home/user/.m2/repository/org/tukaani/xz/1.0/xz-1.0.jar:/home/user/.m2/repository/org/apache/hadoop/hadoop-common/3.2.0/hadoop-common-3.2.0.jar:/home/user/.m2/repository/org/apache/hadoop/hadoop-hdfs/3.2.0/hadoop-hdfs-3.2.0.jar:/home/user/.m2/repository/org/apache/hadoop/hadoop-hdfs-client/3.2.0/hadoop-hdfs-client-3.2.0.jar:/home/user/.m2/repository/com/fasterxml/jackson/core/jackson-annotations/2.9.9/jackson-annotations-2.9.9.jar:/home/user/.m2/repository/org/apache/hadoop/hadoop-hdds-common/0.5.0-SNAPSHOT/hadoop-hdds-common-0.5.0-SNAPSHOT.jar:/home/user/.m2/repository/javax/annotation/javax.annotation-api/1.2/javax.annotation-api-1.2.jar:/home/user/.m2/repository/org/apache/ratis/ratis-server/0.4.0/ratis-server-0.4.0.jar:/home/user/.m2/repository/org/apache/ratis/ratis-thirdparty-misc/0.2.0/ratis-thirdparty-misc-0.2.0.jar:/home/user/.m2/repository/org/apache/ratis/ratis-proto/0.4.0/ratis-proto-0.4.0.jar:/home/user/.m2/repository/org/apache/ratis/ratis-common/0.4.0/ratis-common-0.4.0.jar:/home/user/.m2/repository/org/apache/ratis/ratis-client/0.4.0/ratis-client-0.4.0.jar:/home/user/.m2/repository/org/apache/ratis/ratis-metrics/0.4.0/ratis-metrics-0.4.0.jar:/home/user/.m2/repository/com/github/joshelser/dropwizard-metrics-hadoop-metrics2-reporter/0.1.2/dropwizard-metrics-hadoop-metrics2-reporter-0.1.2.jar:/home/user/.m2/repository/io/dropwizard/metrics/metrics-jvm/3.2.5/metrics-jvm-3.2.5.jar:/home/user/.m2/repository/io/dropwizard/metrics/metrics-ganglia/3.2.5/metrics-ganglia-3.2.5.jar:/home/user/.m2/repository/info/ganglia/gmetric4j/gmetric4j/1.0.7/gmetric4j-1.0.7.jar:/home/user/.m2/repository/org/apache/ratis/ratis-netty/0.4.0/ratis-netty-0.4.0.jar:/home/user/.m2/repository/org/apache/ratis/ratis-grpc/0.4.0/ratis-grpc-0.4.0.jar:/home/user/.m2/repository/org/rocksdb/rocksdbjni/6.0.1/rocksdbjni-6.0.1.jar:/home/user/.m2/repository/org/apache/logging/log4j/log4j-api/2.11.0/log4j-api-2.11.0.jar:/home/user/.m2/repository/org/apache/logging/log4j/log4j-core/2.11.0/log4j-core-2.11.0.jar:/home/user/.m2/repository/com/lmax/disruptor/3.4.2/disruptor-3.4.2.jar:/home/user/.m2/repository/org/apache/commons/commons-pool2/2.6.0/commons-pool2-2.6.0.jar:/home/user/.m2/repository/org/bouncycastle/bcpkix-jdk15on/1.60/bcpkix-jdk15on-1.60.jar:/home/user/.m2/repository/commons-validator/commons-validator/1.6/commons-validator-1.6.jar:/home/user/.m2/repository/commons-digester/commons-digester/1.8.1/commons-digester-1.8.1.jar:/home/user/.m2/repository/io/jaegertracing/jaeger-client/0.34.0/jaeger-client-0.34.0.jar:/home/user/.m2/repository/io/jaegertracing/jaeger-thrift/0.34.0/jaeger-thrift-0.34.0.jar:/home/user/.m2/repository/org/apache/thrift/libthrift/0.12.0/libthrift-0.12.0.jar:/home/user/.m2/repository/com/squareup/okhttp3/okhttp/3.9.0/okhttp-3.9.0.jar:/home/user/.m2/repository/com/squareup/okio/okio/1.13.0/okio-1.13.0.jar:/home/user/.m2/repository/io/jaegertracing/jaeger-core/0.34.0/jaeger-core-0.34.0.jar:/home/user/.m2/repository/io/jaegertracing/jaeger-tracerresolver/0.34.0/jaeger-tracerresolver-0.34.0.jar:/home/user/.m2/repository/io/opentracing/contrib/opentracing-tracerresolver/0.1.5/opentracing-tracerresolver-0.1.5.jar:/home/user/.m2/repository/io/opentracing/opentracing-util/0.31.0/opentracing-util-0.31.0.jar:/home/user/.m2/repository/io/opentracing/opentracing-api/0.31.0/opentracing-api-0.31.0.jar:/home/user/.m2/repository/io/opentracing/opentracing-noop/0.31.0/opentracing-noop-0.31.0.jar:/home/user/.m2/repository/org/apache/hadoop/hadoop-hdds-server-framework/0.5.0-SNAPSHOT/hadoop-hdds-server-framework-0.5.0-SNAPSHOT.jar:/home/user/.m2/repository/org/apache/hadoop/hadoop-hdds-container-service/0.5.0-SNAPSHOT/hadoop-hdds-container-service-0.5.0-SNAPSHOT.jar:/home/user/.m2/repository/org/apache/hadoop/hadoop-hdds-client/0.5.0-SNAPSHOT/hadoop-hdds-client-0.5.0-SNAPSHOT.jar:/home/user/.m2/repository/org/apache/hadoop/hadoop-hdds-tools/0.5.0-SNAPSHOT/hadoop-hdds-tools-0.5.0-SNAPSHOT.jar:/home/user/.m2/repository/org/apache/hadoop/hadoop-hdds-server-scm/0.5.0-SNAPSHOT/hadoop-hdds-server-scm-0.5.0-SNAPSHOT.jar:/home/user/.m2/repository/org/apache/hadoop/hadoop-hdds-docs/0.5.0-SNAPSHOT/hadoop-hdds-docs-0.5.0-SNAPSHOT.jar:/home/user/.m2/repository/io/dropwizard/metrics/metrics-core/3.2.4/metrics-core-3.2.4.jar:/home/user/.m2/repository/org/hamcrest/hamcrest-all/1.3/hamcrest-all-1.3.jar:/home/user/.m2/repository/org/bouncycastle/bcprov-jdk15on/1.60/bcprov-jdk15on-1.60.jar:/home/user/.m2/repository/info/picocli/picocli/3.9.6/picocli-3.9.6.jar:/home/user/.m2/repository/com/google/protobuf/protobuf-java/2.5.0/protobuf-java-2.5.0.jar:/home/user/.m2/repository/com/google/guava/guava/11.0.2/guava-11.0.2.jar:/home/user/.m2/repository/org/apache/hadoop/hadoop-ozone-ozone-manager/0.5.0-SNAPSHOT/hadoop-ozone-ozone-manager-0.5.0-SNAPSHOT.jar:/home/user/.m2/repository/org/apache/hadoop/hadoop-minikdc/3.2.0/hadoop-minikdc-3.2.0.jar:/home/user/.m2/repository/commons-io/commons-io/2.5/commons-io-2.5.jar:/home/user/.m2/repository/org/apache/kerby/kerb-simplekdc/1.0.1/kerb-simplekdc-1.0.1.jar:/home/user/.m2/repository/org/apache/kerby/kerb-client/1.0.1/kerb-client-1.0.1.jar:/home/user/.m2/repository/org/apache/kerby/kerby-config/1.0.1/kerby-config-1.0.1.jar:/home/user/.m2/repository/org/apache/kerby/kerb-core/1.0.1/kerb-core-1.0.1.jar:/home/user/.m2/repository/org/apache/kerby/kerby-pkix/1.0.1/kerby-pkix-1.0.1.jar:/home/user/.m2/repository/org/apache/kerby/kerby-asn1/1.0.1/kerby-asn1-1.0.1.jar:/home/user/.m2/repository/org/apache/kerby/kerby-util/1.0.1/kerby-util-1.0.1.jar:/home/user/.m2/repository/org/apache/kerby/kerb-common/1.0.1/kerb-common-1.0.1.jar:/home/user/.m2/repository/org/apache/kerby/kerb-crypto/1.0.1/kerb-crypto-1.0.1.jar:/home/user/.m2/repository/org/apache/kerby/kerb-util/1.0.1/kerb-util-1.0.1.jar:/home/user/.m2/repository/org/apache/kerby/token-provider/1.0.1/token-provider-1.0.1.jar:/home/user/.m2/repository/org/apache/kerby/kerb-admin/1.0.1/kerb-admin-1.0.1.jar:/home/user/.m2/repository/org/apache/kerby/kerb-server/1.0.1/kerb-server-1.0.1.jar:/home/user/.m2/repository/org/apache/kerby/kerb-identity/1.0.1/kerb-identity-1.0.1.jar:/home/user/.m2/repository/org/apache/kerby/kerby-xdr/1.0.1/kerby-xdr-1.0.1.jar:/home/user/.m2/repository/org/slf4j/slf4j-log4j12/1.7.25/slf4j-log4j12-1.7.25.jar:/home/user/.m2/repository/org/apache/hadoop/hadoop-ozone-s3gateway/0.5.0-SNAPSHOT/hadoop-ozone-s3gateway-0.5.0-SNAPSHOT.jar:/home/user/.m2/repository/org/jboss/weld/servlet/weld-servlet/2.4.7.Final/weld-servlet-2.4.7.Final.jar:/home/user/.m2/repository/org/glassfish/jersey/containers/jersey-container-servlet-core/2.27/jersey-container-servlet-core-2.27.jar:/home/user/.m2/repository/org/glassfish/hk2/external/javax.inject/2.5.0-b42/javax.inject-2.5.0-b42.jar:/home/user/.m2/repository/org/glassfish/jersey/core/jersey-common/2.27/jersey-common-2.27.jar:/home/user/.m2/repository/org/glassfish/hk2/osgi-resource-locator/1.0.1/osgi-resource-locator-1.0.1.jar:/home/user/.m2/repository/javax/ws/rs/javax.ws.rs-api/2.1/javax.ws.rs-api-2.1.jar:/home/user/.m2/repository/org/glassfish/jersey/ext/cdi/jersey-cdi1x/2.27/jersey-cdi1x-2.27.jar:/home/user/.m2/repository/org/glassfish/jersey/inject/jersey-hk2/2.27/jersey-hk2-2.27.jar:/home/user/.m2/repository/org/glassfish/hk2/hk2-locator/2.5.0-b42/hk2-locator-2.5.0-b42.jar:/home/user/.m2/repository/org/javassist/javassist/3.22.0-CR2/javassist-3.22.0-CR2.jar:/home/user/.m2/repository/org/glassfish/hk2/hk2-api/2.5.0/hk2-api-2.5.0.jar:/home/user/.m2/repository/org/glassfish/hk2/external/jakarta.inject/2.5.0/jakarta.inject-2.5.0.jar:/home/user/.m2/repository/org/glassfish/hk2/hk2-utils/2.5.0/hk2-utils-2.5.0.jar:/home/user/.m2/repository/jakarta/annotation/jakarta.annotation-api/1.3.4/jakarta.annotation-api-1.3.4.jar:/home/user/.m2/repository/org/glassfish/hk2/external/aopalliance-repackaged/2.5.0/aopalliance-repackaged-2.5.0.jar:/home/user/.m2/repository/com/fasterxml/jackson/dataformat/jackson-dataformat-xml/2.9.0/jackson-dataformat-xml-2.9.0.jar:/home/user/.m2/repository/com/fasterxml/jackson/core/jackson-core/2.9.9/jackson-core-2.9.9.jar:/home/user/.m2/repository/com/fasterxml/jackson/module/jackson-module-jaxb-annotations/2.9.9/jackson-module-jaxb-annotations-2.9.9.jar:/home/user/.m2/repository/javax/enterprise/cdi-api/1.2/cdi-api-1.2.jar:/home/user/.m2/repository/javax/el/javax.el-api/3.0.0/javax.el-api-3.0.0.jar:/home/user/.m2/repository/javax/interceptor/javax.interceptor-api/1.2/javax.interceptor-api-1.2.jar:/home/user/.m2/repository/javax/inject/javax.inject/1/javax.inject-1.jar:/home/user/.m2/repository/com/sun/xml/bind/jaxb-impl/2.3.0.1/jaxb-impl-2.3.0.1.jar:/home/user/.m2/repository/com/sun/xml/bind/jaxb-core/2.3.0.1/jaxb-core-2.3.0.1.jar:/home/user/.m2/repository/javax/xml/bind/jaxb-api/2.3.0/jaxb-api-2.3.0.jar:/home/user/.m2/repository/javax/activation/activation/1.1.1/activation-1.1.1.jar:/home/user/.m2/repository/org/apache/hadoop/hadoop-ozone-csi/0.5.0-SNAPSHOT/hadoop-ozone-csi-0.5.0-SNAPSHOT.jar:/home/user/.m2/repository/com/google/protobuf/protobuf-java-util/3.5.1/protobuf-java-util-3.5.1.jar:/home/user/.m2/repository/org/apache/hadoop/hadoop-hdds-config/0.5.0-SNAPSHOT/hadoop-hdds-config-0.5.0-SNAPSHOT.jar:/home/user/.m2/repository/io/grpc/grpc-netty/1.17.1/grpc-netty-1.17.1.jar:/home/user/.m2/repository/io/grpc/grpc-core/1.17.1/grpc-core-1.17.1.jar:/home/user/.m2/repository/io/grpc/grpc-context/1.17.1/grpc-context-1.17.1.jar:/home/user/.m2/repository/com/google/errorprone/error_prone_annotations/2.2.0/error_prone_annotations-2.2.0.jar:/home/user/.m2/repository/org/codehaus/mojo/animal-sniffer-annotations/1.17/animal-sniffer-annotations-1.17.jar:/home/user/.m2/repository/io/opencensus/opencensus-api/0.17.0/opencensus-api-0.17.0.jar:/home/user/.m2/repository/io/opencensus/opencensus-contrib-grpc-metrics/0.17.0/opencensus-contrib-grpc-metrics-0.17.0.jar:/home/user/.m2/repository/io/netty/netty-codec-http2/4.1.30.Final/netty-codec-http2-4.1.30.Final.jar:/home/user/.m2/repository/io/netty/netty-codec-http/4.1.30.Final/netty-codec-http-4.1.30.Final.jar:/home/user/.m2/repository/io/netty/netty-codec/4.1.30.Final/netty-codec-4.1.30.Final.jar:/home/user/.m2/repository/io/netty/netty-handler/4.1.30.Final/netty-handler-4.1.30.Final.jar:/home/user/.m2/repository/io/netty/netty-handler-proxy/4.1.30.Final/netty-handler-proxy-4.1.30.Final.jar:/home/user/.m2/repository/io/netty/netty-codec-socks/4.1.30.Final/netty-codec-socks-4.1.30.Final.jar:/home/user/.m2/repository/io/netty/netty-transport-native-epoll/4.1.30.Final/netty-transport-native-epoll-4.1.30.Final.jar:/home/user/.m2/repository/io/netty/netty-common/4.1.30.Final/netty-common-4.1.30.Final.jar:/home/user/.m2/repository/io/netty/netty-buffer/4.1.30.Final/netty-buffer-4.1.30.Final.jar:/home/user/.m2/repository/io/netty/netty-transport/4.1.30.Final/netty-transport-4.1.30.Final.jar:/home/user/.m2/repository/io/netty/netty-resolver/4.1.30.Final/netty-resolver-4.1.30.Final.jar:/home/user/.m2/repository/io/netty/netty-transport-native-unix-common/4.1.30.Final/netty-transport-native-unix-common-4.1.30.Final.jar:/home/user/.m2/repository/io/grpc/grpc-protobuf/1.17.1/grpc-protobuf-1.17.1.jar:/home/user/.m2/repository/com/google/api/grpc/proto-google-common-protos/1.0.0/proto-google-common-protos-1.0.0.jar:/home/user/.m2/repository/io/grpc/grpc-protobuf-lite/1.17.1/grpc-protobuf-lite-1.17.1.jar:/home/user/.m2/repository/io/grpc/grpc-stub/1.17.1/grpc-stub-1.17.1.jar:/home/user/.m2/repository/org/apache/hadoop/hadoop-ozone-recon/0.5.0-SNAPSHOT/hadoop-ozone-recon-0.5.0-SNAPSHOT.jar:/home/user/.m2/repository/org/apache/hadoop/hadoop-ozone-reconcodegen/0.5.0-SNAPSHOT/hadoop-ozone-reconcodegen-0.5.0-SNAPSHOT.jar:/home/user/.m2/repository/com/google/inject/extensions/guice-multibindings/4.0/guice-multibindings-4.0.jar:/home/user/.m2/repository/com/google/inject/guice/4.0/guice-4.0.jar:/home/user/.m2/repository/aopalliance/aopalliance/1.0/aopalliance-1.0.jar:/home/user/.m2/repository/com/google/inject/extensions/guice-servlet/4.0/guice-servlet-4.0.jar:/home/user/.m2/repository/org/glassfish/jersey/containers/jersey-container-servlet/2.27/jersey-container-servlet-2.27.jar:/home/user/.m2/repository/org/glassfish/hk2/guice-bridge/2.5.0/guice-bridge-2.5.0.jar:/home/user/.m2/repository/org/glassfish/jersey/core/jersey-server/2.27/jersey-server-2.27.jar:/home/user/.m2/repository/org/glassfish/jersey/core/jersey-client/2.27/jersey-client-2.27.jar:/home/user/.m2/repository/org/glassfish/jersey/media/jersey-media-jaxb/2.27/jersey-media-jaxb-2.27.jar:/home/user/.m2/repository/javax/validation/validation-api/1.1.0.Final/validation-api-1.1.0.Final.jar:/home/user/.m2/repository/org/glassfish/jersey/media/jersey-media-json-jackson/2.27/jersey-media-json-jackson-2.27.jar:/home/user/.m2/repository/org/glassfish/jersey/ext/jersey-entity-filtering/2.27/jersey-entity-filtering-2.27.jar:/home/user/.m2/repository/com/google/inject/extensions/guice-assistedinject/4.0/guice-assistedinject-4.0.jar:/home/user/.m2/repository/org/jooq/jooq/3.11.10/jooq-3.11.10.jar:/home/user/.m2/repository/org/jooq/jooq-meta/3.11.10/jooq-meta-3.11.10.jar:/home/user/.m2/repository/org/jooq/jooq-codegen/3.11.10/jooq-codegen-3.11.10.jar:/home/user/.m2/repository/com/jolbox/bonecp/0.8.0.RELEASE/bonecp-0.8.0.RELEASE.jar:/home/user/.m2/repository/org/xerial/sqlite-jdbc/3.25.2/sqlite-jdbc-3.25.2.jar:/home/user/.m2/repository/org/springframework/spring-jdbc/5.1.3.RELEASE/spring-jdbc-5.1.3.RELEASE.jar:/home/user/.m2/repository/org/springframework/spring-beans/5.1.3.RELEASE/spring-beans-5.1.3.RELEASE.jar:/home/user/.m2/repository/org/springframework/spring-core/5.1.3.RELEASE/spring-core-5.1.3.RELEASE.jar:/home/user/.m2/repository/org/springframework/spring-jcl/5.1.3.RELEASE/spring-jcl-5.1.3.RELEASE.jar:/home/user/.m2/repository/org/springframework/spring-tx/5.1.3.RELEASE/spring-tx-5.1.3.RELEASE.jar:/home/user/.m2/repository/org/apache/hadoop/hadoop-ozone-client/0.5.0-SNAPSHOT/hadoop-ozone-client-0.5.0-SNAPSHOT.jar:/home/user/.m2/repository/commons-lang/commons-lang/2.6/commons-lang-2.6.jar:/home/user/.m2/repository/org/apache/hadoop/hadoop-ozone-ozone-manager/0.5.0-SNAPSHOT/hadoop-ozone-ozone-manager-0.5.0-SNAPSHOT-tests.jar:/home/user/.m2/repository/junit/junit/4.11/junit-4.11.jar:/home/user/.m2/repository/org/hamcrest/hamcrest-core/1.3/hamcrest-core-1.3.jar:/home/user/.m2/repository/org/openjdk/jmh/jmh-core/1.19/jmh-core-1.19.jar:/home/user/.m2/repository/net/sf/jopt-simple/jopt-simple/4.6/jopt-simple-4.6.jar:/home/user/.m2/repository/org/apache/commons/commons-math3/3.1.1/commons-math3-3.1.1.jar:/home/user/.m2/repository/org/openjdk/jmh/jmh-generator-annprocess/1.19/jmh-generator-annprocess-1.19.jar:/home/user/.m2/repository/org/mockito/mockito-all/1.8.5/mockito-all-1.8.5.jar:/home/user/.m2/repository/org/apache/hadoop/hadoop-kms/3.2.0/hadoop-kms-3.2.0.jar:/home/user/.m2/repository/org/apache/hadoop/hadoop-auth/3.2.0/hadoop-auth-3.2.0.jar:/home/user/.m2/repository/com/nimbusds/nimbus-jose-jwt/4.41.1/nimbus-jose-jwt-4.41.1.jar:/home/user/.m2/repository/com/github/stephenc/jcip/jcip-annotations/1.0-1/jcip-annotations-1.0-1.jar:/home/user/.m2/repository/net/minidev/json-smart/2.3/json-smart-2.3.jar:/home/user/.m2/repository/net/minidev/accessors-smart/1.2/accessors-smart-1.2.jar:/home/user/.m2/repository/org/ow2/asm/asm/5.0.4/asm-5.0.4.jar:/home/user/.m2/repository/org/apache/curator/curator-framework/2.12.0/curator-framework-2.12.0.jar:/home/user/.m2/repository/com/sun/jersey/jersey-core/1.19/jersey-core-1.19.jar:/home/user/.m2/repository/javax/ws/rs/jsr311-api/1.1.1/jsr311-api-1.1.1.jar:/home/user/.m2/repository/com/sun/jersey/jersey-server/1.19/jersey-server-1.19.jar:/home/user/.m2/repository/javax/servlet/javax.servlet-api/3.1.0/javax.servlet-api-3.1.0.jar:/home/user/.m2/repository/org/eclipse/jetty/jetty-server/9.3.25.v20180904/jetty-server-9.3.25.v20180904.jar:/home/user/.m2/repository/org/eclipse/jetty/jetty-http/9.3.25.v20180904/jetty-http-9.3.25.v20180904.jar:/home/user/.m2/repository/org/eclipse/jetty/jetty-io/9.3.25.v20180904/jetty-io-9.3.25.v20180904.jar:/home/user/.m2/repository/org/eclipse/jetty/jetty-webapp/9.3.25.v20180904/jetty-webapp-9.3.25.v20180904.jar:/home/user/.m2/repository/org/eclipse/jetty/jetty-xml/9.3.25.v20180904/jetty-xml-9.3.25.v20180904.jar:/home/user/.m2/repository/log4j/log4j/1.2.17/log4j-1.2.17.jar:/home/user/.m2/repository/org/slf4j/slf4j-api/1.7.25/slf4j-api-1.7.25.jar:/home/user/.m2/repository/org/slf4j/jul-to-slf4j/1.7.25/jul-to-slf4j-1.7.25.jar:/home/user/.m2/repository/org/eclipse/jetty/jetty-util/9.3.25.v20180904/jetty-util-9.3.25.v20180904.jar:/home/user/.m2/repository/com/fasterxml/jackson/core/jackson-databind/2.9.9/jackson-databind-2.9.9.jar:/home/user/.m2/repository/org/apache/hadoop/hadoop-kms/3.2.0/hadoop-kms-3.2.0-tests.jar:/home/user/.m2/repository/org/apache/hadoop/hadoop-hdds-server-scm/0.5.0-SNAPSHOT/hadoop-hdds-server-scm-0.5.0-SNAPSHOT-tests.jar:/home/user/.m2/repository/org/apache/hadoop/hadoop-hdds-container-service/0.5.0-SNAPSHOT/hadoop-hdds-container-service-0.5.0-SNAPSHOT-tests.jar:/home/user/.m2/repository/org/yaml/snakeyaml/1.16/snakeyaml-1.16.jar:/home/user/.m2/repository/org/apache/hadoop/hadoop-common/3.2.0/hadoop-common-3.2.0-tests.jar:/home/user/.m2/repository/org/apache/hadoop/hadoop-annotations/3.2.0/hadoop-annotations-3.2.0.jar:/usr/lib/jvm/java-1.8-openjdk/jre/../lib/tools.jar:/home/user/.m2/repository/commons-cli/commons-cli/1.2/commons-cli-1.2.jar:/home/user/.m2/repository/org/apache/httpcomponents/httpclient/4.5.2/httpclient-4.5.2.jar:/home/user/.m2/repository/org/apache/httpcomponents/httpcore/4.4.4/httpcore-4.4.4.jar:/home/user/.m2/repository/commons-codec/commons-codec/1.11/commons-codec-1.11.jar:/home/user/.m2/repository/commons-net/commons-net/3.6/commons-net-3.6.jar:/home/user/.m2/repository/commons-collections/commons-collections/3.2.2/commons-collections-3.2.2.jar:/home/user/.m2/repository/org/eclipse/jetty/jetty-servlet/9.3.25.v20180904/jetty-servlet-9.3.25.v20180904.jar:/home/user/.m2/repository/org/eclipse/jetty/jetty-security/9.3.25.v20180904/jetty-security-9.3.25.v20180904.jar:/home/user/.m2/repository/javax/servlet/jsp/jsp-api/2.1/jsp-api-2.1.jar:/home/user/.m2/repository/com/sun/jersey/jersey-servlet/1.19/jersey-servlet-1.19.jar:/home/user/.m2/repository/com/sun/jersey/jersey-json/1.19/jersey-json-1.19.jar:/home/user/.m2/repository/org/codehaus/jettison/jettison/1.1/jettison-1.1.jar:/home/user/.m2/repository/org/codehaus/jackson/jackson-core-asl/1.9.13/jackson-core-asl-1.9.13.jar:/home/user/.m2/repository/org/codehaus/jackson/jackson-mapper-asl/1.9.13/jackson-mapper-asl-1.9.13.jar:/home/user/.m2/repository/org/codehaus/jackson/jackson-jaxrs/1.9.13/jackson-jaxrs-1.9.13.jar:/home/user/.m2/repository/org/codehaus/jackson/jackson-xc/1.9.13/jackson-xc-1.9.13.jar:/home/user/.m2/repository/commons-logging/commons-logging/1.1.3/commons-logging-1.1.3.jar:/home/user/.m2/repository/commons-beanutils/commons-beanutils/1.9.4/commons-beanutils-1.9.4.jar:/home/user/.m2/repository/org/apache/commons/commons-configuration2/2.1.1/commons-configuration2-2.1.1.jar:/home/user/.m2/repository/org/apache/commons/commons-lang3/3.7/commons-lang3-3.7.jar:/home/user/.m2/repository/org/apache/commons/commons-text/1.4/commons-text-1.4.jar:/home/user/.m2/repository/org/apache/avro/avro/1.7.7/avro-1.7.7.jar:/home/user/.m2/repository/com/thoughtworks/paranamer/paranamer/2.3/paranamer-2.3.jar:/home/user/.m2/repository/org/xerial/snappy/snappy-java/1.0.5/snappy-java-1.0.5.jar:/home/user/.m2/repository/com/google/re2j/re2j/1.1/re2j-1.1.jar:/home/user/.m2/repository/com/google/code/gson/gson/2.2.4/gson-2.2.4.jar:/home/user/.m2/repository/com/jcraft/jsch/0.1.54/jsch-0.1.54.jar:/home/user/.m2/repository/org/apache/curator/curator-client/2.12.0/curator-client-2.12.0.jar:/home/user/.m2/repository/org/apache/curator/curator-recipes/2.12.0/curator-recipes-2.12.0.jar:/home/user/.m2/repository/com/google/code/findbugs/jsr305/3.0.0/jsr305-3.0.0.jar:/home/user/.m2/repository/org/apache/htrace/htrace-core4/4.1.0-incubating/htrace-core4-4.1.0-incubating.jar:/home/user/.m2/repository/org/apache/zookeeper/zookeeper/3.4.13/zookeeper-3.4.13.jar:/home/user/.m2/repository/jline/jline/0.9.94/jline-0.9.94.jar:/home/user/.m2/repository/org/apache/yetus/audience-annotations/0.5.0/audience-annotations-0.5.0.jar:/home/user/.m2/repository/org/codehaus/woodstox/stax2-api/3.1.4/stax2-api-3.1.4.jar:/home/user/.m2/repository/com/fasterxml/woodstox/woodstox-core/5.0.3/woodstox-core-5.0.3.jar:/home/user/.m2/repository/dnsjava/dnsjava/2.1.7/dnsjava-2.1.7.jar:/home/user/.m2/repository/org/apache/hadoop/hadoop-hdfs/3.2.0/hadoop-hdfs-3.2.0-tests.jar:/home/user/.m2/repository/org/eclipse/jetty/jetty-util-ajax/9.3.25.v20180904/jetty-util-ajax-9.3.25.v20180904.jar:/home/user/.m2/repository/commons-daemon/commons-daemon/1.0.13/commons-daemon-1.0.13.jar:/home/user/.m2/repository/io/netty/netty/3.10.5.Final/netty-3.10.5.Final.jar:/home/user/.m2/repository/io/netty/netty-all/4.0.52.Final/netty-all-4.0.52.Final.jar:/home/user/.m2/repository/org/fusesource/leveldbjni/leveldbjni-all/1.8/leveldbjni-all-1.8.jar:"/>
    <property name="sun.cpu.endian" value="little"/>
    <property name="user.home" value="/home/user"/>
    <property name="user.language" value="en"/>
    <property name="java.specification.vendor" value="Oracle Corporation"/>
    <property name="java.home" value="/usr/lib/jvm/java-1.8-openjdk/jre"/>
    <property name="java.security.krb5.conf" value="/workdir/hadoop-ozone/integration-test/target/test-classes/krb5.conf"/>
    <property name="basedir" value="/workdir/hadoop-ozone/integration-test"/>
    <property name="file.separator" value="/"/>
    <property name="line.separator" value="&#10;"/>
    <property name="java.vm.specification.vendor" value="Oracle Corporation"/>
    <property name="java.specification.name" value="Java Platform API Specification"/>
    <property name="java.awt.graphicsenv" value="sun.awt.X11GraphicsEnvironment"/>
    <property name="surefire.real.class.path" value="/workdir/hadoop-ozone/integration-test/target/surefire/surefirebooter857266573335677135.jar"/>
    <property name="hadoop.log.dir" value="/workdir/hadoop-ozone/integration-test/target/log"/>
    <property name="sun.boot.class.path" value="/usr/lib/jvm/java-1.8-openjdk/jre/lib/resources.jar:/usr/lib/jvm/java-1.8-openjdk/jre/lib/rt.jar:/usr/lib/jvm/java-1.8-openjdk/jre/lib/sunrsasign.jar:/usr/lib/jvm/java-1.8-openjdk/jre/lib/jsse.jar:/usr/lib/jvm/java-1.8-openjdk/jre/lib/jce.jar:/usr/lib/jvm/java-1.8-openjdk/jre/lib/charsets.jar:/usr/lib/jvm/java-1.8-openjdk/jre/lib/jfr.jar:/usr/lib/jvm/java-1.8-openjdk/jre/classes"/>
    <property name="sun.management.compiler" value="HotSpot 64-Bit Tiered Compilers"/>
    <property name="java.runtime.version" value="1.8.0_212-b04"/>
    <property name="java.net.preferIPv4Stack" value="true"/>
    <property name="user.name" value="jenkins1000"/>
    <property name="path.separator" value=":"/>
    <property name="java.security.egd" value="file:///dev/urandom"/>
    <property name="os.version" value="3.10.0-957.12.2.el7.x86_64"/>
    <property name="java.endorsed.dirs" value="/usr/lib/jvm/java-1.8-openjdk/jre/lib/endorsed"/>
    <property name="java.runtime.name" value="OpenJDK Runtime Environment"/>
    <property name="file.encoding" value="UTF-8"/>
    <property name="java.vm.name" value="OpenJDK 64-Bit Server VM"/>
    <property name="test.build.webapps" value=""/>
    <property name="localRepository" value="/home/user/.m2/repository"/>
    <property name="java.vendor.url.bug" value="https://icedtea.classpath.org/bugzilla"/>
    <property name="java.io.tmpdir" value="/tmp"/>
    <property name="require.test.libhadoop" value=""/>
    <property name="java.version" value="1.8.0_212"/>
    <property name="user.dir" value="/workdir/hadoop-ozone/integration-test"/>
    <property name="os.arch" value="amd64"/>
    <property name="java.vm.specification.name" value="Java Virtual Machine Specification"/>
    <property name="test.build.classes" value="/workdir/hadoop-ozone/integration-test/target/test-classes"/>
    <property name="java.awt.printerjob" value="sun.print.PSPrinterJob"/>
    <property name="sun.os.patch.level" value="unknown"/>
    <property name="hadoop.tmp.dir" value="/workdir/hadoop-ozone/integration-test/target/tmp"/>
    <property name="java.library.path" value="/usr/lib/jvm/java-1.8-openjdk/jre/lib/amd64/server:/usr/lib/jvm/java-1.8-openjdk/jre/lib/amd64:/usr/lib/jvm/java-1.8-openjdk/jre/../lib/amd64:/workdir/hadoop-ozone/integration-test/target/native/target/usr/local/lib:/workdir/hadoop-ozone/integration-test/../../hadoop-common-project/hadoop-common/target/native/target/usr/local/lib:/usr/java/packages/lib/amd64:/usr/lib64:/lib64:/lib:/usr/lib"/>
    <property name="java.vm.info" value="mixed mode"/>
    <property name="java.vendor" value="IcedTea"/>
    <property name="java.vm.version" value="25.212-b04"/>
    <property name="java.ext.dirs" value="/usr/lib/jvm/java-1.8-openjdk/jre/lib/ext:/usr/java/packages/lib/ext"/>
    <property name="sun.io.unicode.encoding" value="UnicodeLittle"/>
    <property name="java.class.version" value="52.0"/>
  </properties>
  <testcase name="testFreeByReference" classname="org.apache.hadoop.ozone.scm.TestXceiverClientManager" time="20.737">
    <error message="Could not allocate container. Cannot get any matching pipeline for Type:STAND_ALONE, Factor:ONE, State:PipelineState.OPEN&#10;	at org.apache.hadoop.hdds.scm.container.ContainerStateManager.allocateContainer(ContainerStateManager.java:260)&#10;	at org.apache.hadoop.hdds.scm.container.SCMContainerManager.allocateContainer(SCMContainerManager.java:247)&#10;	at org.apache.hadoop.hdds.scm.server.SCMClientProtocolServer.allocateContainer(SCMClientProtocolServer.java:186)&#10;	at org.apache.hadoop.ozone.protocolPB.StorageContainerLocationProtocolServerSideTranslatorPB.allocateContainer(StorageContainerLocationProtocolServerSideTranslatorPB.java:123)&#10;	at org.apache.hadoop.hdds.protocol.proto.StorageContainerLocationProtocolProtos$StorageContainerLocationProtocolService$2.callBlockingMethod(StorageContainerLocationProtocolProtos.java:21239)&#10;	at org.apache.hadoop.ipc.ProtobufRpcEngine$Server$ProtoBufRpcInvoker.call(ProtobufRpcEngine.java:524)&#10;	at org.apache.hadoop.ipc.RPC$Server.call(RPC.java:1025)&#10;	at org.apache.hadoop.ipc.Server$RpcCall.run(Server.java:876)&#10;	at org.apache.hadoop.ipc.Server$RpcCall.run(Server.java:822)&#10;	at java.security.AccessController.doPrivileged(Native Method)&#10;	at javax.security.auth.Subject.doAs(Subject.java:422)&#10;	at org.apache.hadoop.security.UserGroupInformation.doAs(UserGroupInformation.java:1730)&#10;	at org.apache.hadoop.ipc.Server$Handler.run(Server.java:2682)&#10;" type="org.apache.hadoop.ipc.RemoteException(java.io.IOException)">org.apache.hadoop.ipc.RemoteException(java.io.IOException): Could not allocate container. Cannot get any matching pipeline for Type:STAND_ALONE, Factor:ONE, State:PipelineState.OPEN
	at org.apache.hadoop.hdds.scm.container.ContainerStateManager.allocateContainer(ContainerStateManager.java:260)
	at org.apache.hadoop.hdds.scm.container.SCMContainerManager.allocateContainer(SCMContainerManager.java:247)
	at org.apache.hadoop.hdds.scm.server.SCMClientProtocolServer.allocateContainer(SCMClientProtocolServer.java:186)
	at org.apache.hadoop.ozone.protocolPB.StorageContainerLocationProtocolServerSideTranslatorPB.allocateContainer(StorageContainerLocationProtocolServerSideTranslatorPB.java:123)
	at org.apache.hadoop.hdds.protocol.proto.StorageContainerLocationProtocolProtos$StorageContainerLocationProtocolService$2.callBlockingMethod(StorageContainerLocationProtocolProtos.java:21239)
	at org.apache.hadoop.ipc.ProtobufRpcEngine$Server$ProtoBufRpcInvoker.call(ProtobufRpcEngine.java:524)
	at org.apache.hadoop.ipc.RPC$Server.call(RPC.java:1025)
	at org.apache.hadoop.ipc.Server$RpcCall.run(Server.java:876)
	at org.apache.hadoop.ipc.Server$RpcCall.run(Server.java:822)
	at java.security.AccessController.doPrivileged(Native Method)
	at javax.security.auth.Subject.doAs(Subject.java:422)
	at org.apache.hadoop.security.UserGroupInformation.doAs(UserGroupInformation.java:1730)
	at org.apache.hadoop.ipc.Server$Handler.run(Server.java:2682)

	at org.apache.hadoop.ipc.Client.getRpcResponse(Client.java:1511)
	at org.apache.hadoop.ipc.Client.call(Client.java:1457)
	at org.apache.hadoop.ipc.Client.call(Client.java:1367)
	at org.apache.hadoop.ipc.ProtobufRpcEngine$Invoker.invoke(ProtobufRpcEngine.java:228)
	at org.apache.hadoop.ipc.ProtobufRpcEngine$Invoker.invoke(ProtobufRpcEngine.java:116)
	at com.sun.proxy.$Proxy25.allocateContainer(Unknown Source)
	at org.apache.hadoop.hdds.scm.protocolPB.StorageContainerLocationProtocolClientSideTranslatorPB.allocateContainer(StorageContainerLocationProtocolClientSideTranslatorPB.java:127)
	at org.apache.hadoop.ozone.scm.TestXceiverClientManager.testFreeByReference(TestXceiverClientManager.java:123)
	at sun.reflect.NativeMethodAccessorImpl.invoke0(Native Method)
	at sun.reflect.NativeMethodAccessorImpl.invoke(NativeMethodAccessorImpl.java:62)
	at sun.reflect.DelegatingMethodAccessorImpl.invoke(DelegatingMethodAccessorImpl.java:43)
	at java.lang.reflect.Method.invoke(Method.java:498)
	at org.junit.runners.model.FrameworkMethod$1.runReflectiveCall(FrameworkMethod.java:47)
	at org.junit.internal.runners.model.ReflectiveCallable.run(ReflectiveCallable.java:12)
	at org.junit.runners.model.FrameworkMethod.invokeExplosively(FrameworkMethod.java:44)
	at org.junit.internal.runners.statements.InvokeMethod.evaluate(InvokeMethod.java:17)
	at org.junit.internal.runners.statements.RunBefores.evaluate(RunBefores.java:26)
	at org.junit.internal.runners.statements.RunAfters.evaluate(RunAfters.java:27)
	at org.junit.rules.ExpectedException$ExpectedExceptionStatement.evaluate(ExpectedException.java:168)
	at org.junit.rules.RunRules.evaluate(RunRules.java:20)
	at org.junit.runners.ParentRunner.runLeaf(ParentRunner.java:271)
	at org.junit.runners.BlockJUnit4ClassRunner.runChild(BlockJUnit4ClassRunner.java:70)
	at org.junit.runners.BlockJUnit4ClassRunner.runChild(BlockJUnit4ClassRunner.java:50)
	at org.junit.runners.ParentRunner$3.run(ParentRunner.java:238)
	at org.junit.runners.ParentRunner$1.schedule(ParentRunner.java:63)
	at org.junit.runners.ParentRunner.runChildren(ParentRunner.java:236)
	at org.junit.runners.ParentRunner.access$000(ParentRunner.java:53)
	at org.junit.runners.ParentRunner$2.evaluate(ParentRunner.java:229)
	at org.junit.runners.ParentRunner.run(ParentRunner.java:309)
	at org.apache.maven.surefire.junit4.JUnit4Provider.execute(JUnit4Provider.java:365)
	at org.apache.maven.surefire.junit4.JUnit4Provider.executeWithRerun(JUnit4Provider.java:273)
	at org.apache.maven.surefire.junit4.JUnit4Provider.executeTestSet(JUnit4Provider.java:238)
	at org.apache.maven.surefire.junit4.JUnit4Provider.invoke(JUnit4Provider.java:159)
	at org.apache.maven.surefire.booter.ForkedBooter.invokeProviderInSameClassLoader(ForkedBooter.java:384)
	at org.apache.maven.surefire.booter.ForkedBooter.runSuitesInProcess(ForkedBooter.java:345)
	at org.apache.maven.surefire.booter.ForkedBooter.execute(ForkedBooter.java:126)
	at org.apache.maven.surefire.booter.ForkedBooter.main(ForkedBooter.java:418)
</error>
    <system-out><![CDATA[2019-09-29 11:43:49,682 [main] WARN  server.ServerUtils (ServerUtils.java:getScmDbDir(145)) - ozone.scm.db.dirs is not configured. We recommend adding this setting. Falling back to ozone.metadata.dirs instead.
2019-09-29 11:43:49,789 [main] WARN  server.ServerUtils (ServerUtils.java:getScmDbDir(145)) - ozone.scm.db.dirs is not configured. We recommend adding this setting. Falling back to ozone.metadata.dirs instead.
2019-09-29 11:43:49,793 [main] WARN  server.ServerUtils (ServerUtils.java:getScmDbDir(145)) - ozone.scm.db.dirs is not configured. We recommend adding this setting. Falling back to ozone.metadata.dirs instead.
2019-09-29 11:43:49,811 [main] INFO  util.log (Log.java:initialized(192)) - Logging initialized @929ms
2019-09-29 11:43:49,916 [main] INFO  db.DBStoreBuilder (DBStoreBuilder.java:addTable(110)) - using custom profile for table: deletedBlocks
2019-09-29 11:43:49,916 [main] INFO  db.DBStoreBuilder (DBStoreBuilder.java:processTables(161)) - Using default column profile:DBProfile.DISK for Table:deletedBlocks
2019-09-29 11:43:49,917 [main] INFO  db.DBStoreBuilder (DBStoreBuilder.java:addTable(110)) - using custom profile for table: validCerts
2019-09-29 11:43:49,917 [main] INFO  db.DBStoreBuilder (DBStoreBuilder.java:processTables(161)) - Using default column profile:DBProfile.DISK for Table:validCerts
2019-09-29 11:43:49,918 [main] INFO  db.DBStoreBuilder (DBStoreBuilder.java:addTable(110)) - using custom profile for table: revokedCerts
2019-09-29 11:43:49,918 [main] INFO  db.DBStoreBuilder (DBStoreBuilder.java:processTables(161)) - Using default column profile:DBProfile.DISK for Table:revokedCerts
2019-09-29 11:43:49,930 [main] INFO  db.DBStoreBuilder (DBStoreBuilder.java:addTable(110)) - using custom profile for table: default
2019-09-29 11:43:49,931 [main] INFO  db.DBStoreBuilder (DBStoreBuilder.java:processTables(167)) - Using default column profile:DBProfile.DISK for Table:default
2019-09-29 11:43:49,932 [main] INFO  db.DBStoreBuilder (DBStoreBuilder.java:getDbProfile(198)) - Using default options. DBProfile.DISK
2019-09-29 11:43:50,292 [main] INFO  net.NodeSchemaLoader (NodeSchemaLoader.java:loadSchemaFromFile(125)) - Loading file from sun.misc.CompoundEnumeration@71d44a3
2019-09-29 11:43:50,295 [main] INFO  net.NodeSchemaLoader (NodeSchemaLoader.java:loadSchema(171)) - Loading network topology layer schema file
2019-09-29 11:43:50,370 [main] WARN  server.ServerUtils (ServerUtils.java:sanitizeUserArgs(70)) - ozone.scm.stale.node.interval value = 300000 is larger than max = 100000 based on the key value of ozone.scm.heartbeat.thread.interval, reset to the max value 100000.
2019-09-29 11:43:50,372 [main] WARN  server.ServerUtils (ServerUtils.java:sanitizeUserArgs(70)) - ozone.scm.stale.node.interval value = 300000 is larger than max = 100000 based on the key value of ozone.scm.heartbeat.thread.interval, reset to the max value 100000.
2019-09-29 11:43:50,375 [main] INFO  node.SCMNodeManager (SCMNodeManager.java:<init>(114)) - Entering startup safe mode.
2019-09-29 11:43:50,458 [main] INFO  algorithms.ContainerPlacementPolicyFactory (ContainerPlacementPolicyFactory.java:getPolicy(59)) - Create container placement policy of type org.apache.hadoop.hdds.scm.container.placement.algorithms.SCMContainerPlacementRandom
2019-09-29 11:43:50,481 [main] WARN  server.ServerUtils (ServerUtils.java:getScmDbDir(145)) - ozone.scm.db.dirs is not configured. We recommend adding this setting. Falling back to ozone.metadata.dirs instead.
2019-09-29 11:43:50,603 [main] INFO  pipeline.SCMPipelineManager (SCMPipelineManager.java:initializePipelineState(137)) - No pipeline exists in current db
2019-09-29 11:43:50,606 [main] WARN  server.ServerUtils (ServerUtils.java:getScmDbDir(145)) - ozone.scm.db.dirs is not configured. We recommend adding this setting. Falling back to ozone.metadata.dirs instead.
2019-09-29 11:43:50,755 [main] WARN  events.EventQueue (EventQueue.java:fireEvent(183)) - No event handler registered for event TypedEvent{payloadType=SafeModeStatus, name='SafeModeStatus'}
2019-09-29 11:43:51,151 [main] INFO  ipc.CallQueueManager (CallQueueManager.java:<init>(84)) - Using callQueue: class java.util.concurrent.LinkedBlockingQueue, queueCapacity: 2000, scheduler: class org.apache.hadoop.ipc.DefaultRpcScheduler, ipcBackoff: false.
2019-09-29 11:43:51,181 [Socket Reader #1 for port 34452] INFO  ipc.Server (Server.java:run(1074)) - Starting Socket Reader #1 for port 34452
2019-09-29 11:43:51,322 [main] INFO  ipc.CallQueueManager (CallQueueManager.java:<init>(84)) - Using callQueue: class java.util.concurrent.LinkedBlockingQueue, queueCapacity: 2000, scheduler: class org.apache.hadoop.ipc.DefaultRpcScheduler, ipcBackoff: false.
2019-09-29 11:43:51,323 [Socket Reader #1 for port 42118] INFO  ipc.Server (Server.java:run(1074)) - Starting Socket Reader #1 for port 42118
2019-09-29 11:43:51,330 [main] INFO  ipc.CallQueueManager (CallQueueManager.java:<init>(84)) - Using callQueue: class java.util.concurrent.LinkedBlockingQueue, queueCapacity: 2000, scheduler: class org.apache.hadoop.ipc.DefaultRpcScheduler, ipcBackoff: false.
2019-09-29 11:43:51,331 [Socket Reader #1 for port 46716] INFO  ipc.Server (Server.java:run(1074)) - Starting Socket Reader #1 for port 46716
2019-09-29 11:43:51,350 [main] INFO  hdfs.DFSUtil (DFSUtil.java:httpServerTemplateForNNAndJN(1641)) - Starting Web-server for scm at: http://0.0.0.0:0
2019-09-29 11:43:51,489 [main] INFO  server.AuthenticationFilter (AuthenticationFilter.java:constructSecretProvider(240)) - Unable to initialize FileSignerSecretProvider, falling back to use random secrets.
2019-09-29 11:43:51,497 [main] WARN  http.HttpRequestLog (HttpRequestLog.java:getRequestLog(97)) - Jetty request log can only be enabled using Log4j
2019-09-29 11:43:51,505 [main] INFO  http.HttpServer2 (HttpServer2.java:addGlobalFilter(975)) - Added global filter 'safety' (class=org.apache.hadoop.http.HttpServer2$QuotingInputFilter)
2019-09-29 11:43:51,508 [main] INFO  http.HttpServer2 (HttpServer2.java:addFilter(948)) - Added filter static_user_filter (class=org.apache.hadoop.http.lib.StaticUserWebFilter$StaticUserFilter) to context scm
2019-09-29 11:43:51,508 [main] INFO  http.HttpServer2 (HttpServer2.java:addFilter(958)) - Added filter static_user_filter (class=org.apache.hadoop.http.lib.StaticUserWebFilter$StaticUserFilter) to context static
2019-09-29 11:43:51,508 [main] INFO  http.HttpServer2 (HttpServer2.java:addFilter(958)) - Added filter static_user_filter (class=org.apache.hadoop.http.lib.StaticUserWebFilter$StaticUserFilter) to context logs
2019-09-29 11:43:51,539 [main] INFO  server.StorageContainerManager (StorageContainerManager.java:start(770)) - StorageContainerLocationProtocol RPC server is listening at /0.0.0.0:46716
2019-09-29 11:43:51,602 [main] WARN  impl.MetricsConfig (MetricsConfig.java:loadFirst(134)) - Cannot locate configuration: tried hadoop-metrics2-storagecontainermanager.properties,hadoop-metrics2.properties
2019-09-29 11:43:51,619 [main] INFO  impl.MetricsSystemImpl (MetricsSystemImpl.java:startTimer(374)) - Scheduled Metric snapshot period at 10 second(s).
2019-09-29 11:43:51,619 [main] INFO  impl.MetricsSystemImpl (MetricsSystemImpl.java:start(191)) - StorageContainerManager metrics system started
2019-09-29 11:43:51,842 [main] INFO  server.SCMClientProtocolServer (SCMClientProtocolServer.java:start(151)) - RPC server for Client  is listening at /0.0.0.0:46716
2019-09-29 11:43:51,842 [IPC Server Responder] INFO  ipc.Server (Server.java:run(1314)) - IPC Server Responder: starting
2019-09-29 11:43:51,842 [IPC Server listener on 46716] INFO  ipc.Server (Server.java:run(1153)) - IPC Server listener on 46716: starting
2019-09-29 11:43:51,845 [main] INFO  server.StorageContainerManager (StorageContainerManager.java:start(780)) - ScmBlockLocationProtocol RPC server is listening at /0.0.0.0:42118
2019-09-29 11:43:51,847 [main] INFO  server.SCMBlockProtocolServer (SCMBlockProtocolServer.java:start(146)) - RPC server for Block Protocol is listening at /0.0.0.0:42118
2019-09-29 11:43:51,847 [IPC Server Responder] INFO  ipc.Server (Server.java:run(1314)) - IPC Server Responder: starting
2019-09-29 11:43:51,847 [IPC Server listener on 42118] INFO  ipc.Server (Server.java:run(1153)) - IPC Server listener on 42118: starting
2019-09-29 11:43:51,850 [main] INFO  server.StorageContainerManager (StorageContainerManager.java:start(784)) - ScmDatanodeProtocl RPC server is listening at /0.0.0.0:34452
2019-09-29 11:43:51,850 [main] INFO  server.SCMDatanodeProtocolServer (SCMDatanodeProtocolServer.java:start(191)) - RPC server for DataNodes is listening at /0.0.0.0:34452
2019-09-29 11:43:51,851 [IPC Server Responder] INFO  ipc.Server (Server.java:run(1314)) - IPC Server Responder: starting
2019-09-29 11:43:51,851 [IPC Server listener on 34452] INFO  ipc.Server (Server.java:run(1153)) - IPC Server listener on 34452: starting
2019-09-29 11:43:51,855 [main] INFO  http.HttpServer2 (HttpServer2.java:bindListener(1191)) - Jetty bound to port 39857
2019-09-29 11:43:51,856 [main] INFO  server.Server (Server.java:doStart(351)) - jetty-9.3.25.v20180904, build timestamp: 2018-09-04T21:11:46Z, git hash: 3ce520221d0240229c862b122d2b06c12a625732
2019-09-29 11:43:51,888 [main] INFO  handler.ContextHandler (ContextHandler.java:doStart(781)) - Started o.e.j.s.ServletContextHandler@615091b8{/logs,file:///workdir/hadoop-ozone/integration-test/target/log,AVAILABLE}
2019-09-29 11:43:51,889 [main] INFO  handler.ContextHandler (ContextHandler.java:doStart(781)) - Started o.e.j.s.ServletContextHandler@4aa83f4f{/static,file:///workdir/hadoop-ozone/integration-test/target/test-classes/webapps/static,AVAILABLE}
2019-09-29 11:43:51,916 [main] INFO  handler.ContextHandler (ContextHandler.java:doStart(781)) - Started o.e.j.w.WebAppContext@27e0f2f5{/,file:///workdir/hadoop-ozone/integration-test/target/test-classes/webapps/scm/,AVAILABLE}{/scm}
2019-09-29 11:43:51,920 [main] INFO  server.AbstractConnector (AbstractConnector.java:doStart(278)) - Started ServerConnector@3dd69f5a{HTTP/1.1,[http/1.1]}{0.0.0.0:39857}
2019-09-29 11:43:51,920 [main] INFO  server.Server (Server.java:doStart(419)) - Started @3038ms
2019-09-29 11:43:51,922 [main] INFO  impl.MetricsSinkAdapter (MetricsSinkAdapter.java:start(204)) - Sink prometheus started
2019-09-29 11:43:51,923 [main] INFO  impl.MetricsSystemImpl (MetricsSystemImpl.java:registerSink(301)) - Registered sink prometheus
2019-09-29 11:43:51,924 [main] INFO  server.BaseHttpServer (BaseHttpServer.java:updateConnectorAddress(215)) - HTTP server of SCM is listening at http://0.0.0.0:39857
2019-09-29 11:43:51,928 [org.apache.hadoop.util.JvmPauseMonitor$Monitor@7fb9f71f] INFO  util.JvmPauseMonitor (JvmPauseMonitor.java:run(188)) - Starting JVM pause monitor
2019-09-29 11:43:51,930 [main] WARN  server.ServerUtils (ServerUtils.java:getDBPath(222)) - ozone.om.db.dirs is not configured. We recommend adding this setting. Falling back to ozone.metadata.dirs instead.
2019-09-29 11:43:52,027 [main] WARN  server.ServerUtils (ServerUtils.java:getDBPath(222)) - ozone.om.db.dirs is not configured. We recommend adding this setting. Falling back to ozone.metadata.dirs instead.
2019-09-29 11:43:52,028 [main] WARN  server.ServerUtils (ServerUtils.java:getDBPath(222)) - ozone.om.db.dirs is not configured. We recommend adding this setting. Falling back to ozone.metadata.dirs instead.
2019-09-29 11:43:52,029 [main] INFO  om.OzoneManager (OzoneManager.java:setOMNodeDetails(652)) - OM Service ID is not set. Setting it to the default ID: omServiceIdDefault
2019-09-29 11:43:52,029 [main] INFO  om.OzoneManager (OzoneManager.java:setOMNodeDetails(658)) - OM Node ID is not set. Setting it to the OmStorage's OmID: 9fcaeac1-1f89-4ed3-bb8c-034dc8f333c2
2019-09-29 11:43:52,030 [main] INFO  om.OzoneManager (OzoneManager.java:loadOMHAConfigs(609)) - Found matching OM address with OMServiceId: null, OMNodeId: null, RPC Address: localhost:0 and Ratis port: 9872
2019-09-29 11:43:52,658 [main] WARN  server.ServerUtils (ServerUtils.java:getDBPath(222)) - ozone.om.db.dirs is not configured. We recommend adding this setting. Falling back to ozone.metadata.dirs instead.
2019-09-29 11:43:52,664 [main] INFO  db.DBStoreBuilder (DBStoreBuilder.java:addTable(110)) - using custom profile for table: userTable
2019-09-29 11:43:52,664 [main] INFO  db.DBStoreBuilder (DBStoreBuilder.java:processTables(161)) - Using default column profile:DBProfile.DISK for Table:userTable
2019-09-29 11:43:52,665 [main] INFO  db.DBStoreBuilder (DBStoreBuilder.java:addTable(110)) - using custom profile for table: volumeTable
2019-09-29 11:43:52,665 [main] INFO  db.DBStoreBuilder (DBStoreBuilder.java:processTables(161)) - Using default column profile:DBProfile.DISK for Table:volumeTable
2019-09-29 11:43:52,665 [main] INFO  db.DBStoreBuilder (DBStoreBuilder.java:addTable(110)) - using custom profile for table: bucketTable
2019-09-29 11:43:52,665 [main] INFO  db.DBStoreBuilder (DBStoreBuilder.java:processTables(161)) - Using default column profile:DBProfile.DISK for Table:bucketTable
2019-09-29 11:43:52,665 [main] INFO  db.DBStoreBuilder (DBStoreBuilder.java:addTable(110)) - using custom profile for table: keyTable
2019-09-29 11:43:52,666 [main] INFO  db.DBStoreBuilder (DBStoreBuilder.java:processTables(161)) - Using default column profile:DBProfile.DISK for Table:keyTable
2019-09-29 11:43:52,666 [main] INFO  db.DBStoreBuilder (DBStoreBuilder.java:addTable(110)) - using custom profile for table: deletedTable
2019-09-29 11:43:52,666 [main] INFO  db.DBStoreBuilder (DBStoreBuilder.java:processTables(161)) - Using default column profile:DBProfile.DISK for Table:deletedTable
2019-09-29 11:43:52,666 [main] INFO  db.DBStoreBuilder (DBStoreBuilder.java:addTable(110)) - using custom profile for table: openKeyTable
2019-09-29 11:43:52,666 [main] INFO  db.DBStoreBuilder (DBStoreBuilder.java:processTables(161)) - Using default column profile:DBProfile.DISK for Table:openKeyTable
2019-09-29 11:43:52,667 [main] INFO  db.DBStoreBuilder (DBStoreBuilder.java:addTable(110)) - using custom profile for table: s3Table
2019-09-29 11:43:52,667 [main] INFO  db.DBStoreBuilder (DBStoreBuilder.java:processTables(161)) - Using default column profile:DBProfile.DISK for Table:s3Table
2019-09-29 11:43:52,667 [main] INFO  db.DBStoreBuilder (DBStoreBuilder.java:addTable(110)) - using custom profile for table: multipartInfoTable
2019-09-29 11:43:52,667 [main] INFO  db.DBStoreBuilder (DBStoreBuilder.java:processTables(161)) - Using default column profile:DBProfile.DISK for Table:multipartInfoTable
2019-09-29 11:43:52,667 [main] INFO  db.DBStoreBuilder (DBStoreBuilder.java:addTable(110)) - using custom profile for table: dTokenTable
2019-09-29 11:43:52,667 [main] INFO  db.DBStoreBuilder (DBStoreBuilder.java:processTables(161)) - Using default column profile:DBProfile.DISK for Table:dTokenTable
2019-09-29 11:43:52,668 [main] INFO  db.DBStoreBuilder (DBStoreBuilder.java:addTable(110)) - using custom profile for table: s3SecretTable
2019-09-29 11:43:52,668 [main] INFO  db.DBStoreBuilder (DBStoreBuilder.java:processTables(161)) - Using default column profile:DBProfile.DISK for Table:s3SecretTable
2019-09-29 11:43:52,668 [main] INFO  db.DBStoreBuilder (DBStoreBuilder.java:addTable(110)) - using custom profile for table: prefixTable
2019-09-29 11:43:52,668 [main] INFO  db.DBStoreBuilder (DBStoreBuilder.java:processTables(161)) - Using default column profile:DBProfile.DISK for Table:prefixTable
2019-09-29 11:43:52,669 [main] INFO  db.DBStoreBuilder (DBStoreBuilder.java:addTable(110)) - using custom profile for table: default
2019-09-29 11:43:52,669 [main] INFO  db.DBStoreBuilder (DBStoreBuilder.java:processTables(167)) - Using default column profile:DBProfile.DISK for Table:default
2019-09-29 11:43:52,669 [main] INFO  db.DBStoreBuilder (DBStoreBuilder.java:getDbProfile(198)) - Using default options. DBProfile.DISK
2019-09-29 11:43:53,323 [main] INFO  ipc.CallQueueManager (CallQueueManager.java:<init>(84)) - Using callQueue: class java.util.concurrent.LinkedBlockingQueue, queueCapacity: 2000, scheduler: class org.apache.hadoop.ipc.DefaultRpcScheduler, ipcBackoff: false.
2019-09-29 11:43:53,324 [Socket Reader #1 for port 44327] INFO  ipc.Server (Server.java:run(1074)) - Starting Socket Reader #1 for port 44327
2019-09-29 11:43:53,346 [main] INFO  om.OzoneManager (OzoneManager.java:start(1243)) - OzoneManager RPC server is listening at localhost/127.0.0.1:44327
2019-09-29 11:43:53,346 [main] INFO  impl.MetricsSystemImpl (MetricsSystemImpl.java:init(158)) - OzoneManager metrics system started (again)
2019-09-29 11:43:53,347 [IPC Server Responder] INFO  ipc.Server (Server.java:run(1314)) - IPC Server Responder: starting
2019-09-29 11:43:53,348 [IPC Server listener on 44327] INFO  ipc.Server (Server.java:run(1153)) - IPC Server listener on 44327: starting
2019-09-29 11:43:53,353 [main] INFO  hdfs.DFSUtil (DFSUtil.java:httpServerTemplateForNNAndJN(1641)) - Starting Web-server for ozoneManager at: http://0.0.0.0:0
2019-09-29 11:43:53,355 [main] INFO  server.AuthenticationFilter (AuthenticationFilter.java:constructSecretProvider(240)) - Unable to initialize FileSignerSecretProvider, falling back to use random secrets.
2019-09-29 11:43:53,355 [main] WARN  http.HttpRequestLog (HttpRequestLog.java:getRequestLog(97)) - Jetty request log can only be enabled using Log4j
2019-09-29 11:43:53,357 [main] INFO  http.HttpServer2 (HttpServer2.java:addGlobalFilter(975)) - Added global filter 'safety' (class=org.apache.hadoop.http.HttpServer2$QuotingInputFilter)
2019-09-29 11:43:53,358 [main] INFO  http.HttpServer2 (HttpServer2.java:addFilter(948)) - Added filter static_user_filter (class=org.apache.hadoop.http.lib.StaticUserWebFilter$StaticUserFilter) to context ozoneManager
2019-09-29 11:43:53,358 [main] INFO  http.HttpServer2 (HttpServer2.java:addFilter(958)) - Added filter static_user_filter (class=org.apache.hadoop.http.lib.StaticUserWebFilter$StaticUserFilter) to context logs
2019-09-29 11:43:53,359 [main] INFO  http.HttpServer2 (HttpServer2.java:addFilter(958)) - Added filter static_user_filter (class=org.apache.hadoop.http.lib.StaticUserWebFilter$StaticUserFilter) to context static
2019-09-29 11:43:53,361 [main] INFO  http.HttpServer2 (HttpServer2.java:bindListener(1191)) - Jetty bound to port 33155
2019-09-29 11:43:53,361 [main] INFO  server.Server (Server.java:doStart(351)) - jetty-9.3.25.v20180904, build timestamp: 2018-09-04T21:11:46Z, git hash: 3ce520221d0240229c862b122d2b06c12a625732
2019-09-29 11:43:53,363 [main] INFO  handler.ContextHandler (ContextHandler.java:doStart(781)) - Started o.e.j.s.ServletContextHandler@57540fd0{/logs,file:///workdir/hadoop-ozone/integration-test/target/log,AVAILABLE}
2019-09-29 11:43:53,364 [main] INFO  handler.ContextHandler (ContextHandler.java:doStart(781)) - Started o.e.j.s.ServletContextHandler@58cec85b{/static,file:///workdir/hadoop-ozone/integration-test/target/test-classes/webapps/static,AVAILABLE}
2019-09-29 11:43:53,368 [main] INFO  handler.ContextHandler (ContextHandler.java:doStart(781)) - Started o.e.j.w.WebAppContext@7df60067{/,file:///workdir/hadoop-ozone/integration-test/target/test-classes/webapps/ozoneManager/,AVAILABLE}{/ozoneManager}
2019-09-29 11:43:53,369 [main] INFO  server.AbstractConnector (AbstractConnector.java:doStart(278)) - Started ServerConnector@1cbb3d3b{HTTP/1.1,[http/1.1]}{0.0.0.0:33155}
2019-09-29 11:43:53,369 [main] INFO  server.Server (Server.java:doStart(419)) - Started @4487ms
2019-09-29 11:43:53,370 [main] WARN  impl.MetricsSystemImpl (MetricsSystemImpl.java:register(276)) - Sink prometheus already exists!
2019-09-29 11:43:53,371 [main] INFO  server.BaseHttpServer (BaseHttpServer.java:updateConnectorAddress(215)) - HTTP server of OZONEMANAGER is listening at http://0.0.0.0:33155
2019-09-29 11:43:53,675 [main] INFO  impl.MetricsSystemImpl (MetricsSystemImpl.java:init(158)) - HddsDatanode metrics system started (again)
2019-09-29 11:43:53,722 [main] INFO  ozone.HddsDatanodeService (HddsDatanodeService.java:start(184)) - HddsDatanodeService host:pr-hdds-1569-lsfh5-224679870 ip:192.168.30.19
2019-09-29 11:43:53,753 [main] INFO  volume.HddsVolume (HddsVolume.java:<init>(176)) - Creating Volume: /workdir/hadoop-ozone/integration-test/target/test-dir/MiniOzoneClusterImpl-31fc3349-fe2e-414b-bea4-2e2b27fa534b/datanode-0/data/containers/hdds of  storage type : DISK and capacity : 1482555576320
2019-09-29 11:43:53,755 [main] INFO  volume.VolumeSet (VolumeSet.java:initializeVolumeSet(170)) - Added Volume : /workdir/hadoop-ozone/integration-test/target/test-dir/MiniOzoneClusterImpl-31fc3349-fe2e-414b-bea4-2e2b27fa534b/datanode-0/data/containers/hdds to VolumeSet
2019-09-29 11:43:53,757 [main] INFO  volume.ThrottledAsyncChecker (ThrottledAsyncChecker.java:schedule(139)) - Scheduling a check for org.apache.hadoop.ozone.container.common.volume.HddsVolume@26a4551a
2019-09-29 11:43:53,774 [main] INFO  volume.HddsVolumeChecker (HddsVolumeChecker.java:checkAllVolumes(202)) - Scheduled health check for volume org.apache.hadoop.ozone.container.common.volume.HddsVolume@26a4551a
2019-09-29 11:43:53,909 [main] INFO  impl.RaftServerProxy (ConfUtils.java:logGet(43)) - raft.rpc.type = GRPC (default)
2019-09-29 11:43:53,998 [main] INFO  grpc.GrpcFactory (GrpcFactory.java:checkPooledByteBufAllocatorUseCacheForAllThreads(45)) - PERFORMANCE WARNING: useCacheForAllThreads is true that may cause Netty to create a lot garbage objects and, as a result, trigger GC.
	It is recommended to disable useCacheForAllThreads by setting -Dorg.apache.ratis.thirdparty.io.netty.allocator.useCacheForAllThreads=false in command line.
2019-09-29 11:43:54,004 [main] INFO  grpc.GrpcConfigKeys$Server (ConfUtils.java:logGet(43)) - raft.grpc.server.port = 0 (default)
2019-09-29 11:43:54,005 [main] INFO  server.GrpcService (ConfUtils.java:logGet(43)) - raft.grpc.message.size.max = 33570816 (custom)
2019-09-29 11:43:54,007 [main] INFO  server.RaftServerConfigKeys (ConfUtils.java:logGet(43)) - raft.server.log.appender.buffer.byte-limit = 33554432 (custom)
2019-09-29 11:43:54,008 [main] INFO  server.GrpcService (ConfUtils.java:logGet(43)) - raft.grpc.flow.control.window = 1MB (=1048576) (default)
2019-09-29 11:43:54,009 [main] INFO  server.RaftServerConfigKeys (ConfUtils.java:logGet(43)) - raft.server.rpc.request.timeout = 3000ms (default)
2019-09-29 11:43:54,168 [main] INFO  server.RaftServerConfigKeys (ConfUtils.java:logGet(43)) - raft.server.storage.dir = [/workdir/hadoop-ozone/integration-test/target/test-dir/MiniOzoneClusterImpl-31fc3349-fe2e-414b-bea4-2e2b27fa534b/datanode-0/data/ratis] (custom)
2019-09-29 11:43:54,219 [main] INFO  hdfs.DFSUtil (DFSUtil.java:httpServerTemplateForNNAndJN(1641)) - Starting Web-server for hddsDatanode at: http://0.0.0.0:0
2019-09-29 11:43:54,222 [main] INFO  server.AuthenticationFilter (AuthenticationFilter.java:constructSecretProvider(240)) - Unable to initialize FileSignerSecretProvider, falling back to use random secrets.
2019-09-29 11:43:54,223 [main] WARN  http.HttpRequestLog (HttpRequestLog.java:getRequestLog(97)) - Jetty request log can only be enabled using Log4j
2019-09-29 11:43:54,226 [main] INFO  http.HttpServer2 (HttpServer2.java:addGlobalFilter(975)) - Added global filter 'safety' (class=org.apache.hadoop.http.HttpServer2$QuotingInputFilter)
2019-09-29 11:43:54,227 [main] INFO  http.HttpServer2 (HttpServer2.java:addFilter(948)) - Added filter static_user_filter (class=org.apache.hadoop.http.lib.StaticUserWebFilter$StaticUserFilter) to context hddsDatanode
2019-09-29 11:43:54,227 [main] INFO  http.HttpServer2 (HttpServer2.java:addFilter(958)) - Added filter static_user_filter (class=org.apache.hadoop.http.lib.StaticUserWebFilter$StaticUserFilter) to context static
2019-09-29 11:43:54,228 [main] INFO  http.HttpServer2 (HttpServer2.java:addFilter(958)) - Added filter static_user_filter (class=org.apache.hadoop.http.lib.StaticUserWebFilter$StaticUserFilter) to context logs
2019-09-29 11:43:54,229 [main] INFO  http.HttpServer2 (HttpServer2.java:bindListener(1191)) - Jetty bound to port 39377
2019-09-29 11:43:54,229 [main] INFO  server.Server (Server.java:doStart(351)) - jetty-9.3.25.v20180904, build timestamp: 2018-09-04T21:11:46Z, git hash: 3ce520221d0240229c862b122d2b06c12a625732
2019-09-29 11:43:54,232 [main] INFO  handler.ContextHandler (ContextHandler.java:doStart(781)) - Started o.e.j.s.ServletContextHandler@433348bc{/logs,file:///workdir/hadoop-ozone/integration-test/target/log,AVAILABLE}
2019-09-29 11:43:54,233 [main] INFO  handler.ContextHandler (ContextHandler.java:doStart(781)) - Started o.e.j.s.ServletContextHandler@102ecc22{/static,jar:file:/home/user/.m2/repository/org/apache/hadoop/hadoop-hdds-container-service/0.5.0-SNAPSHOT/hadoop-hdds-container-service-0.5.0-SNAPSHOT.jar!/webapps/static,AVAILABLE}
2019-09-29 11:43:54,280 [main] INFO  handler.ContextHandler (ContextHandler.java:doStart(781)) - Started o.e.j.w.WebAppContext@7aac8884{/,file:///tmp/jetty-0.0.0.0-39377-hddsDatanode-_-any-1430124236674989052.dir/webapp/,AVAILABLE}{/hddsDatanode}
2019-09-29 11:43:54,280 [main] INFO  server.AbstractConnector (AbstractConnector.java:doStart(278)) - Started ServerConnector@a66e580{HTTP/1.1,[http/1.1]}{0.0.0.0:39377}
2019-09-29 11:43:54,281 [main] INFO  server.Server (Server.java:doStart(419)) - Started @5399ms
2019-09-29 11:43:54,283 [main] WARN  impl.MetricsSystemImpl (MetricsSystemImpl.java:register(276)) - Sink prometheus already exists!
2019-09-29 11:43:54,284 [main] INFO  server.BaseHttpServer (BaseHttpServer.java:updateConnectorAddress(215)) - HTTP server of HDDSDATANODE is listening at http://0.0.0.0:39377
2019-09-29 11:43:54,285 [main] INFO  impl.MetricsSystemImpl (MetricsSystemImpl.java:init(158)) - HddsDatanode metrics system started (again)
2019-09-29 11:43:54,288 [main] INFO  ozone.HddsDatanodeService (HddsDatanodeService.java:start(184)) - HddsDatanodeService host:pr-hdds-1569-lsfh5-224679870 ip:192.168.30.19
2019-09-29 11:43:54,291 [org.apache.hadoop.util.JvmPauseMonitor$Monitor@76b5f717] INFO  util.JvmPauseMonitor (JvmPauseMonitor.java:run(188)) - Starting JVM pause monitor
2019-09-29 11:43:54,297 [main] INFO  volume.HddsVolume (HddsVolume.java:<init>(176)) - Creating Volume: /workdir/hadoop-ozone/integration-test/target/test-dir/MiniOzoneClusterImpl-31fc3349-fe2e-414b-bea4-2e2b27fa534b/datanode-1/data/containers/hdds of  storage type : DISK and capacity : 1482555576320
2019-09-29 11:43:54,298 [main] INFO  volume.VolumeSet (VolumeSet.java:initializeVolumeSet(170)) - Added Volume : /workdir/hadoop-ozone/integration-test/target/test-dir/MiniOzoneClusterImpl-31fc3349-fe2e-414b-bea4-2e2b27fa534b/datanode-1/data/containers/hdds to VolumeSet
2019-09-29 11:43:54,298 [main] INFO  volume.ThrottledAsyncChecker (ThrottledAsyncChecker.java:schedule(139)) - Scheduling a check for org.apache.hadoop.ozone.container.common.volume.HddsVolume@117525fe
2019-09-29 11:43:54,299 [main] INFO  volume.HddsVolumeChecker (HddsVolumeChecker.java:checkAllVolumes(202)) - Scheduled health check for volume org.apache.hadoop.ozone.container.common.volume.HddsVolume@117525fe
2019-09-29 11:43:54,314 [main] INFO  impl.RaftServerProxy (ConfUtils.java:logGet(43)) - raft.rpc.type = GRPC (default)
2019-09-29 11:43:54,315 [main] INFO  grpc.GrpcFactory (GrpcFactory.java:checkPooledByteBufAllocatorUseCacheForAllThreads(45)) - PERFORMANCE WARNING: useCacheForAllThreads is true that may cause Netty to create a lot garbage objects and, as a result, trigger GC.
	It is recommended to disable useCacheForAllThreads by setting -Dorg.apache.ratis.thirdparty.io.netty.allocator.useCacheForAllThreads=false in command line.
2019-09-29 11:43:54,315 [main] INFO  grpc.GrpcConfigKeys$Server (ConfUtils.java:logGet(43)) - raft.grpc.server.port = 0 (default)
2019-09-29 11:43:54,315 [main] INFO  server.GrpcService (ConfUtils.java:logGet(43)) - raft.grpc.message.size.max = 33570816 (custom)
2019-09-29 11:43:54,315 [main] INFO  server.RaftServerConfigKeys (ConfUtils.java:logGet(43)) - raft.server.log.appender.buffer.byte-limit = 33554432 (custom)
2019-09-29 11:43:54,316 [main] INFO  server.GrpcService (ConfUtils.java:logGet(43)) - raft.grpc.flow.control.window = 1MB (=1048576) (default)
2019-09-29 11:43:54,316 [main] INFO  server.RaftServerConfigKeys (ConfUtils.java:logGet(43)) - raft.server.rpc.request.timeout = 3000ms (default)
2019-09-29 11:43:54,316 [main] INFO  server.RaftServerConfigKeys (ConfUtils.java:logGet(43)) - raft.server.storage.dir = [/workdir/hadoop-ozone/integration-test/target/test-dir/MiniOzoneClusterImpl-31fc3349-fe2e-414b-bea4-2e2b27fa534b/datanode-1/data/ratis] (custom)
2019-09-29 11:43:54,318 [main] INFO  hdfs.DFSUtil (DFSUtil.java:httpServerTemplateForNNAndJN(1641)) - Starting Web-server for hddsDatanode at: http://0.0.0.0:0
2019-09-29 11:43:54,319 [main] INFO  server.AuthenticationFilter (AuthenticationFilter.java:constructSecretProvider(240)) - Unable to initialize FileSignerSecretProvider, falling back to use random secrets.
2019-09-29 11:43:54,320 [main] WARN  http.HttpRequestLog (HttpRequestLog.java:getRequestLog(97)) - Jetty request log can only be enabled using Log4j
2019-09-29 11:43:54,321 [main] INFO  http.HttpServer2 (HttpServer2.java:addGlobalFilter(975)) - Added global filter 'safety' (class=org.apache.hadoop.http.HttpServer2$QuotingInputFilter)
2019-09-29 11:43:54,322 [main] INFO  http.HttpServer2 (HttpServer2.java:addFilter(948)) - Added filter static_user_filter (class=org.apache.hadoop.http.lib.StaticUserWebFilter$StaticUserFilter) to context hddsDatanode
2019-09-29 11:43:54,322 [main] INFO  http.HttpServer2 (HttpServer2.java:addFilter(958)) - Added filter static_user_filter (class=org.apache.hadoop.http.lib.StaticUserWebFilter$StaticUserFilter) to context logs
2019-09-29 11:43:54,322 [main] INFO  http.HttpServer2 (HttpServer2.java:addFilter(958)) - Added filter static_user_filter (class=org.apache.hadoop.http.lib.StaticUserWebFilter$StaticUserFilter) to context static
2019-09-29 11:43:54,323 [main] INFO  http.HttpServer2 (HttpServer2.java:bindListener(1191)) - Jetty bound to port 42956
2019-09-29 11:43:54,324 [main] INFO  server.Server (Server.java:doStart(351)) - jetty-9.3.25.v20180904, build timestamp: 2018-09-04T21:11:46Z, git hash: 3ce520221d0240229c862b122d2b06c12a625732
2019-09-29 11:43:54,329 [main] INFO  handler.ContextHandler (ContextHandler.java:doStart(781)) - Started o.e.j.s.ServletContextHandler@77774571{/logs,file:///workdir/hadoop-ozone/integration-test/target/log,AVAILABLE}
2019-09-29 11:43:54,329 [main] INFO  handler.ContextHandler (ContextHandler.java:doStart(781)) - Started o.e.j.s.ServletContextHandler@6cd64ee8{/static,jar:file:/home/user/.m2/repository/org/apache/hadoop/hadoop-hdds-container-service/0.5.0-SNAPSHOT/hadoop-hdds-container-service-0.5.0-SNAPSHOT.jar!/webapps/static,AVAILABLE}
2019-09-29 11:43:54,361 [main] INFO  handler.ContextHandler (ContextHandler.java:doStart(781)) - Started o.e.j.w.WebAppContext@5e519ad3{/,file:///tmp/jetty-0.0.0.0-42956-hddsDatanode-_-any-4139921370966212514.dir/webapp/,AVAILABLE}{/hddsDatanode}
2019-09-29 11:43:54,362 [main] INFO  server.AbstractConnector (AbstractConnector.java:doStart(278)) - Started ServerConnector@7bc44ce8{HTTP/1.1,[http/1.1]}{0.0.0.0:42956}
2019-09-29 11:43:54,362 [main] INFO  server.Server (Server.java:doStart(419)) - Started @5480ms
2019-09-29 11:43:54,364 [main] WARN  impl.MetricsSystemImpl (MetricsSystemImpl.java:register(276)) - Sink prometheus already exists!
2019-09-29 11:43:54,365 [main] INFO  server.BaseHttpServer (BaseHttpServer.java:updateConnectorAddress(215)) - HTTP server of HDDSDATANODE is listening at http://0.0.0.0:42956
2019-09-29 11:43:54,365 [main] INFO  impl.MetricsSystemImpl (MetricsSystemImpl.java:init(158)) - HddsDatanode metrics system started (again)
2019-09-29 11:43:54,368 [main] INFO  ozone.HddsDatanodeService (HddsDatanodeService.java:start(184)) - HddsDatanodeService host:pr-hdds-1569-lsfh5-224679870 ip:192.168.30.19
2019-09-29 11:43:54,368 [org.apache.hadoop.util.JvmPauseMonitor$Monitor@2e58ecda] INFO  util.JvmPauseMonitor (JvmPauseMonitor.java:run(188)) - Starting JVM pause monitor
2019-09-29 11:43:54,377 [main] INFO  volume.HddsVolume (HddsVolume.java:<init>(176)) - Creating Volume: /workdir/hadoop-ozone/integration-test/target/test-dir/MiniOzoneClusterImpl-31fc3349-fe2e-414b-bea4-2e2b27fa534b/datanode-2/data/containers/hdds of  storage type : DISK and capacity : 1482555576320
2019-09-29 11:43:54,378 [main] INFO  volume.VolumeSet (VolumeSet.java:initializeVolumeSet(170)) - Added Volume : /workdir/hadoop-ozone/integration-test/target/test-dir/MiniOzoneClusterImpl-31fc3349-fe2e-414b-bea4-2e2b27fa534b/datanode-2/data/containers/hdds to VolumeSet
2019-09-29 11:43:54,378 [main] INFO  volume.ThrottledAsyncChecker (ThrottledAsyncChecker.java:schedule(139)) - Scheduling a check for org.apache.hadoop.ozone.container.common.volume.HddsVolume@467b684d
2019-09-29 11:43:54,379 [main] INFO  volume.HddsVolumeChecker (HddsVolumeChecker.java:checkAllVolumes(202)) - Scheduled health check for volume org.apache.hadoop.ozone.container.common.volume.HddsVolume@467b684d
2019-09-29 11:43:54,396 [main] INFO  impl.RaftServerProxy (ConfUtils.java:logGet(43)) - raft.rpc.type = GRPC (default)
2019-09-29 11:43:54,396 [main] INFO  grpc.GrpcFactory (GrpcFactory.java:checkPooledByteBufAllocatorUseCacheForAllThreads(45)) - PERFORMANCE WARNING: useCacheForAllThreads is true that may cause Netty to create a lot garbage objects and, as a result, trigger GC.
	It is recommended to disable useCacheForAllThreads by setting -Dorg.apache.ratis.thirdparty.io.netty.allocator.useCacheForAllThreads=false in command line.
2019-09-29 11:43:54,396 [main] INFO  grpc.GrpcConfigKeys$Server (ConfUtils.java:logGet(43)) - raft.grpc.server.port = 0 (default)
2019-09-29 11:43:54,397 [main] INFO  server.GrpcService (ConfUtils.java:logGet(43)) - raft.grpc.message.size.max = 33570816 (custom)
2019-09-29 11:43:54,397 [main] INFO  server.RaftServerConfigKeys (ConfUtils.java:logGet(43)) - raft.server.log.appender.buffer.byte-limit = 33554432 (custom)
2019-09-29 11:43:54,397 [main] INFO  server.GrpcService (ConfUtils.java:logGet(43)) - raft.grpc.flow.control.window = 1MB (=1048576) (default)
2019-09-29 11:43:54,398 [main] INFO  server.RaftServerConfigKeys (ConfUtils.java:logGet(43)) - raft.server.rpc.request.timeout = 3000ms (default)
2019-09-29 11:43:54,398 [main] INFO  server.RaftServerConfigKeys (ConfUtils.java:logGet(43)) - raft.server.storage.dir = [/workdir/hadoop-ozone/integration-test/target/test-dir/MiniOzoneClusterImpl-31fc3349-fe2e-414b-bea4-2e2b27fa534b/datanode-2/data/ratis] (custom)
2019-09-29 11:43:54,401 [main] INFO  hdfs.DFSUtil (DFSUtil.java:httpServerTemplateForNNAndJN(1641)) - Starting Web-server for hddsDatanode at: http://0.0.0.0:0
2019-09-29 11:43:54,402 [main] INFO  server.AuthenticationFilter (AuthenticationFilter.java:constructSecretProvider(240)) - Unable to initialize FileSignerSecretProvider, falling back to use random secrets.
2019-09-29 11:43:54,402 [main] WARN  http.HttpRequestLog (HttpRequestLog.java:getRequestLog(97)) - Jetty request log can only be enabled using Log4j
2019-09-29 11:43:54,404 [main] INFO  http.HttpServer2 (HttpServer2.java:addGlobalFilter(975)) - Added global filter 'safety' (class=org.apache.hadoop.http.HttpServer2$QuotingInputFilter)
2019-09-29 11:43:54,404 [main] INFO  http.HttpServer2 (HttpServer2.java:addFilter(948)) - Added filter static_user_filter (class=org.apache.hadoop.http.lib.StaticUserWebFilter$StaticUserFilter) to context hddsDatanode
2019-09-29 11:43:54,405 [main] INFO  http.HttpServer2 (HttpServer2.java:addFilter(958)) - Added filter static_user_filter (class=org.apache.hadoop.http.lib.StaticUserWebFilter$StaticUserFilter) to context static
2019-09-29 11:43:54,405 [main] INFO  http.HttpServer2 (HttpServer2.java:addFilter(958)) - Added filter static_user_filter (class=org.apache.hadoop.http.lib.StaticUserWebFilter$StaticUserFilter) to context logs
2019-09-29 11:43:54,405 [main] INFO  http.HttpServer2 (HttpServer2.java:bindListener(1191)) - Jetty bound to port 39611
2019-09-29 11:43:54,406 [main] INFO  server.Server (Server.java:doStart(351)) - jetty-9.3.25.v20180904, build timestamp: 2018-09-04T21:11:46Z, git hash: 3ce520221d0240229c862b122d2b06c12a625732
2019-09-29 11:43:54,407 [main] INFO  handler.ContextHandler (ContextHandler.java:doStart(781)) - Started o.e.j.s.ServletContextHandler@4d95a72e{/logs,file:///workdir/hadoop-ozone/integration-test/target/log,AVAILABLE}
2019-09-29 11:43:54,408 [main] INFO  handler.ContextHandler (ContextHandler.java:doStart(781)) - Started o.e.j.s.ServletContextHandler@77b919a3{/static,jar:file:/home/user/.m2/repository/org/apache/hadoop/hadoop-hdds-container-service/0.5.0-SNAPSHOT/hadoop-hdds-container-service-0.5.0-SNAPSHOT.jar!/webapps/static,AVAILABLE}
2019-09-29 11:43:54,437 [main] INFO  handler.ContextHandler (ContextHandler.java:doStart(781)) - Started o.e.j.w.WebAppContext@59cda16e{/,file:///tmp/jetty-0.0.0.0-39611-hddsDatanode-_-any-1048557927724832736.dir/webapp/,AVAILABLE}{/hddsDatanode}
2019-09-29 11:43:54,438 [main] INFO  server.AbstractConnector (AbstractConnector.java:doStart(278)) - Started ServerConnector@5dd903be{HTTP/1.1,[http/1.1]}{0.0.0.0:39611}
2019-09-29 11:43:54,438 [main] INFO  server.Server (Server.java:doStart(419)) - Started @5556ms
2019-09-29 11:43:54,438 [main] WARN  impl.MetricsSystemImpl (MetricsSystemImpl.java:register(276)) - Sink prometheus already exists!
2019-09-29 11:43:54,439 [main] INFO  server.BaseHttpServer (BaseHttpServer.java:updateConnectorAddress(215)) - HTTP server of HDDSDATANODE is listening at http://0.0.0.0:39611
2019-09-29 11:43:54,443 [main] INFO  ozone.MiniOzoneClusterImpl (MiniOzoneClusterImpl.java:lambda$waitForClusterToBeReady$0(147)) - Waiting for cluster to be ready. Got 0 of 3 DN Heartbeats.
2019-09-29 11:43:54,446 [org.apache.hadoop.util.JvmPauseMonitor$Monitor@a85aa59] INFO  util.JvmPauseMonitor (JvmPauseMonitor.java:run(188)) - Starting JVM pause monitor
2019-09-29 11:43:54,457 [Datanode State Machine Thread - 0] INFO  datanode.InitDatanodeState (InitDatanodeState.java:persistContainerDatanodeDetails(140)) - DatanodeDetails is persisted to /workdir/hadoop-ozone/integration-test/target/test-dir/MiniOzoneClusterImpl-31fc3349-fe2e-414b-bea4-2e2b27fa534b/datanode-0/meta/datanode.id
2019-09-29 11:43:54,462 [Datanode State Machine Thread - 0] INFO  datanode.InitDatanodeState (InitDatanodeState.java:persistContainerDatanodeDetails(140)) - DatanodeDetails is persisted to /workdir/hadoop-ozone/integration-test/target/test-dir/MiniOzoneClusterImpl-31fc3349-fe2e-414b-bea4-2e2b27fa534b/datanode-2/meta/datanode.id
2019-09-29 11:43:54,464 [Datanode State Machine Thread - 0] INFO  datanode.InitDatanodeState (InitDatanodeState.java:persistContainerDatanodeDetails(140)) - DatanodeDetails is persisted to /workdir/hadoop-ozone/integration-test/target/test-dir/MiniOzoneClusterImpl-31fc3349-fe2e-414b-bea4-2e2b27fa534b/datanode-1/meta/datanode.id
2019-09-29 11:43:55,445 [main] INFO  ozone.MiniOzoneClusterImpl (MiniOzoneClusterImpl.java:lambda$waitForClusterToBeReady$0(147)) - Waiting for cluster to be ready. Got 0 of 3 DN Heartbeats.
2019-09-29 11:43:56,363 [Datanode State Machine Thread - 0] INFO  ozoneimpl.OzoneContainer (OzoneContainer.java:start(217)) - Attempting to start container services.
2019-09-29 11:43:56,365 [Datanode State Machine Thread - 0] INFO  ozoneimpl.OzoneContainer (OzoneContainer.java:startContainerScrub(179)) - Background container scanner has been disabled.
2019-09-29 11:43:56,366 [Datanode State Machine Thread - 0] INFO  ratis.XceiverServerRatis (XceiverServerRatis.java:start(411)) - Starting XceiverServerRatis b7c508c5-e37a-4d0e-b7eb-98108d799f0d at port 0
2019-09-29 11:43:56,392 [Datanode State Machine Thread - 0] INFO  impl.RaftServerProxy (RaftServerProxy.java:lambda$start$3(299)) - b7c508c5-e37a-4d0e-b7eb-98108d799f0d: start RPC server
2019-09-29 11:43:56,397 [Datanode State Machine Thread - 0] INFO  ozoneimpl.OzoneContainer (OzoneContainer.java:start(217)) - Attempting to start container services.
2019-09-29 11:43:56,403 [Datanode State Machine Thread - 0] INFO  ozoneimpl.OzoneContainer (OzoneContainer.java:startContainerScrub(179)) - Background container scanner has been disabled.
2019-09-29 11:43:56,404 [Datanode State Machine Thread - 0] INFO  ratis.XceiverServerRatis (XceiverServerRatis.java:start(411)) - Starting XceiverServerRatis 3bd61832-dea9-4a87-aaaf-f0ad989178d6 at port 0
2019-09-29 11:43:56,412 [Datanode State Machine Thread - 0] INFO  impl.RaftServerProxy (RaftServerProxy.java:lambda$start$3(299)) - 3bd61832-dea9-4a87-aaaf-f0ad989178d6: start RPC server
2019-09-29 11:43:56,446 [main] INFO  ozone.MiniOzoneClusterImpl (MiniOzoneClusterImpl.java:lambda$waitForClusterToBeReady$0(147)) - Waiting for cluster to be ready. Got 0 of 3 DN Heartbeats.
2019-09-29 11:43:56,471 [Datanode State Machine Thread - 0] INFO  ozoneimpl.OzoneContainer (OzoneContainer.java:start(217)) - Attempting to start container services.
2019-09-29 11:43:56,473 [Datanode State Machine Thread - 0] INFO  ozoneimpl.OzoneContainer (OzoneContainer.java:startContainerScrub(179)) - Background container scanner has been disabled.
2019-09-29 11:43:56,474 [Datanode State Machine Thread - 0] INFO  ratis.XceiverServerRatis (XceiverServerRatis.java:start(411)) - Starting XceiverServerRatis 817e45eb-0e91-4002-a0d2-e698414f3877 at port 0
2019-09-29 11:43:56,482 [Datanode State Machine Thread - 0] INFO  impl.RaftServerProxy (RaftServerProxy.java:lambda$start$3(299)) - 817e45eb-0e91-4002-a0d2-e698414f3877: start RPC server
2019-09-29 11:43:56,546 [Datanode State Machine Thread - 0] INFO  server.GrpcService (GrpcService.java:startImpl(158)) - 3bd61832-dea9-4a87-aaaf-f0ad989178d6: GrpcService started, listening on 0.0.0.0/0.0.0.0:35182
2019-09-29 11:43:56,546 [Datanode State Machine Thread - 0] INFO  server.GrpcService (GrpcService.java:startImpl(158)) - 817e45eb-0e91-4002-a0d2-e698414f3877: GrpcService started, listening on 0.0.0.0/0.0.0.0:45322
2019-09-29 11:43:56,546 [Datanode State Machine Thread - 0] INFO  server.GrpcService (GrpcService.java:startImpl(158)) - b7c508c5-e37a-4d0e-b7eb-98108d799f0d: GrpcService started, listening on 0.0.0.0/0.0.0.0:40798
2019-09-29 11:43:56,548 [Datanode State Machine Thread - 0] INFO  ratis.XceiverServerRatis (XceiverServerRatis.java:start(421)) - XceiverServerRatis 817e45eb-0e91-4002-a0d2-e698414f3877 is started using port 45322
2019-09-29 11:43:56,548 [Datanode State Machine Thread - 0] INFO  ratis.XceiverServerRatis (XceiverServerRatis.java:start(421)) - XceiverServerRatis 3bd61832-dea9-4a87-aaaf-f0ad989178d6 is started using port 35182
2019-09-29 11:43:56,548 [Datanode State Machine Thread - 0] INFO  ratis.XceiverServerRatis (XceiverServerRatis.java:start(421)) - XceiverServerRatis b7c508c5-e37a-4d0e-b7eb-98108d799f0d is started using port 40798
2019-09-29 11:43:56,556 [Datanode State Machine Thread - 0] INFO  server.XceiverServerGrpc (XceiverServerGrpc.java:start(149)) - XceiverServerGrpc b7c508c5-e37a-4d0e-b7eb-98108d799f0d is started using port 42914
2019-09-29 11:43:56,556 [Datanode State Machine Thread - 0] INFO  server.XceiverServerGrpc (XceiverServerGrpc.java:start(149)) - XceiverServerGrpc 817e45eb-0e91-4002-a0d2-e698414f3877 is started using port 38906
2019-09-29 11:43:56,556 [Datanode State Machine Thread - 0] INFO  server.XceiverServerGrpc (XceiverServerGrpc.java:start(149)) - XceiverServerGrpc 3bd61832-dea9-4a87-aaaf-f0ad989178d6 is started using port 46353
2019-09-29 11:43:57,446 [main] INFO  ozone.MiniOzoneClusterImpl (MiniOzoneClusterImpl.java:lambda$waitForClusterToBeReady$0(147)) - Waiting for cluster to be ready. Got 0 of 3 DN Heartbeats.
2019-09-29 11:43:58,333 [IPC Server handler 0 on 34452] INFO  net.NetworkTopology (NetworkTopologyImpl.java:add(111)) - Added a new node: /default-rack/b7c508c5-e37a-4d0e-b7eb-98108d799f0d
2019-09-29 11:43:58,334 [IPC Server handler 0 on 34452] INFO  node.SCMNodeManager (SCMNodeManager.java:register(266)) - Registered Data node : b7c508c5-e37a-4d0e-b7eb-98108d799f0d{ip: 192.168.30.19, host: pr-hdds-1569-lsfh5-224679870, networkLocation: /default-rack, certSerialId: null}
2019-09-29 11:43:58,340 [EventQueue-NodeRegistrationContainerReportForDataNodeSafeModeRule] INFO  safemode.SCMSafeModeManager (DataNodeSafeModeRule.java:process(71)) - SCM in safe mode. 1 DataNodes registered, 1 required.
2019-09-29 11:43:58,340 [EventQueue-NodeRegistrationContainerReportForDataNodeSafeModeRule] INFO  safemode.SCMSafeModeManager (SCMSafeModeManager.java:validateSafeModeExitRules(177)) - ScmSafeModeManager, all rules are successfully validated
2019-09-29 11:43:58,340 [EventQueue-NodeRegistrationContainerReportForDataNodeSafeModeRule] INFO  safemode.SCMSafeModeManager (SCMSafeModeManager.java:exitSafeMode(193)) - SCM exiting safe mode.
2019-09-29 11:43:58,371 [IPC Server handler 1 on 34452] INFO  net.NetworkTopology (NetworkTopologyImpl.java:add(111)) - Added a new node: /default-rack/3bd61832-dea9-4a87-aaaf-f0ad989178d6
2019-09-29 11:43:58,371 [IPC Server handler 1 on 34452] INFO  node.SCMNodeManager (SCMNodeManager.java:register(266)) - Registered Data node : 3bd61832-dea9-4a87-aaaf-f0ad989178d6{ip: 192.168.30.19, host: pr-hdds-1569-lsfh5-224679870, networkLocation: /default-rack, certSerialId: null}
2019-09-29 11:43:58,447 [main] INFO  ozone.MiniOzoneClusterImpl (MiniOzoneClusterImpl.java:lambda$waitForClusterToBeReady$0(147)) - Waiting for cluster to be ready. Got 2 of 3 DN Heartbeats.
2019-09-29 11:43:58,449 [IPC Server handler 4 on 34452] INFO  net.NetworkTopology (NetworkTopologyImpl.java:add(111)) - Added a new node: /default-rack/817e45eb-0e91-4002-a0d2-e698414f3877
2019-09-29 11:43:58,450 [IPC Server handler 4 on 34452] INFO  node.SCMNodeManager (SCMNodeManager.java:register(266)) - Registered Data node : 817e45eb-0e91-4002-a0d2-e698414f3877{ip: 192.168.30.19, host: pr-hdds-1569-lsfh5-224679870, networkLocation: /default-rack, certSerialId: null}
2019-09-29 11:43:58,820 [grpc-default-executor-0] INFO  impl.RaftServerProxy (RaftServerProxy.java:addNew(89)) - b7c508c5-e37a-4d0e-b7eb-98108d799f0d: addNew group-DE5989AE61FF:[b7c508c5-e37a-4d0e-b7eb-98108d799f0d:192.168.30.19:40798] returns group-DE5989AE61FF:java.util.concurrent.CompletableFuture@10b41826[Not completed]
2019-09-29 11:43:58,836 [pool-27-thread-1] INFO  impl.RaftServerImpl (RaftServerImpl.java:<init>(95)) - b7c508c5-e37a-4d0e-b7eb-98108d799f0d: new RaftServerImpl for group-DE5989AE61FF:[b7c508c5-e37a-4d0e-b7eb-98108d799f0d:192.168.30.19:40798] with ContainerStateMachine:uninitialized
2019-09-29 11:43:58,839 [pool-27-thread-1] INFO  server.RaftServerConfigKeys (ConfUtils.java:logGet(43)) - raft.server.rpc.timeout.min = 5s (custom)
2019-09-29 11:43:58,840 [pool-27-thread-1] INFO  server.RaftServerConfigKeys (ConfUtils.java:logGet(43)) - raft.server.rpc.timeout.max = 5200ms (custom)
2019-09-29 11:43:58,840 [pool-27-thread-1] INFO  server.RaftServerConfigKeys (ConfUtils.java:logGet(43)) - raft.server.rpcslowness.timeout = 120s (custom)
2019-09-29 11:43:58,841 [pool-27-thread-1] INFO  server.RaftServerConfigKeys (ConfUtils.java:logGet(43)) - raft.server.sleep.deviation.threshold = 300 (default)
2019-09-29 11:43:58,842 [pool-27-thread-1] INFO  server.RaftServerConfigKeys (ConfUtils.java:logGet(43)) - raft.server.log.appender.install.snapshot.enabled = false (custom)
2019-09-29 11:43:58,850 [pool-27-thread-1] INFO  impl.RaftServerImpl (ServerState.java:<init>(103)) - b7c508c5-e37a-4d0e-b7eb-98108d799f0d@group-DE5989AE61FF: ConfigurationManager, init=-1: [b7c508c5-e37a-4d0e-b7eb-98108d799f0d:192.168.30.19:40798], old=null, confs=<EMPTY_MAP>
2019-09-29 11:43:58,851 [pool-27-thread-1] INFO  server.RaftServerConfigKeys (ConfUtils.java:logGet(43)) - raft.server.storage.dir = [/workdir/hadoop-ozone/integration-test/target/test-dir/MiniOzoneClusterImpl-31fc3349-fe2e-414b-bea4-2e2b27fa534b/datanode-0/data/ratis] (custom)
2019-09-29 11:43:58,858 [pool-27-thread-1] INFO  storage.RaftStorageDirectory (RaftStorageDirectory.java:analyzeStorage(246)) - The storage directory /workdir/hadoop-ozone/integration-test/target/test-dir/MiniOzoneClusterImpl-31fc3349-fe2e-414b-bea4-2e2b27fa534b/datanode-0/data/ratis/adef147d-3389-4914-8469-de5989ae61ff does not exist. Creating ...
2019-09-29 11:43:58,890 [pool-27-thread-1] INFO  storage.RaftStorageDirectory (RaftStorageDirectory.java:tryLock(328)) - Lock on /workdir/hadoop-ozone/integration-test/target/test-dir/MiniOzoneClusterImpl-31fc3349-fe2e-414b-bea4-2e2b27fa534b/datanode-0/data/ratis/adef147d-3389-4914-8469-de5989ae61ff/in_use.lock acquired by nodename 15611@pr-hdds-1569-lsfh5-224679870
2019-09-29 11:43:58,916 [pool-27-thread-1] INFO  storage.RaftStorage (RaftStorage.java:format(72)) - Storage directory /workdir/hadoop-ozone/integration-test/target/test-dir/MiniOzoneClusterImpl-31fc3349-fe2e-414b-bea4-2e2b27fa534b/datanode-0/data/ratis/adef147d-3389-4914-8469-de5989ae61ff has been successfully formatted.
2019-09-29 11:43:58,920 [pool-27-thread-1] INFO  ratis.ContainerStateMachine (ContainerStateMachine.java:loadSnapshot(230)) - group-DE5989AE61FF: The snapshot info is null. Setting the last applied indexto:(t:0, i:~)
2019-09-29 11:43:58,920 [pool-27-thread-1] INFO  server.RaftServerConfigKeys (ConfUtils.java:logGet(43)) - raft.server.notification.no-leader.timeout = 120s (custom)
2019-09-29 11:43:58,923 [pool-27-thread-1] INFO  server.RaftServerConfigKeys (ConfUtils.java:logGet(43)) - raft.server.log.use.memory = false (default)
2019-09-29 11:43:58,931 [pool-27-thread-1] INFO  server.RaftServerConfigKeys (ConfUtils.java:logGet(43)) - raft.server.log.purge.gap = 1000000 (custom)
2019-09-29 11:43:58,931 [pool-27-thread-1] INFO  server.RaftServerConfigKeys (ConfUtils.java:logGet(43)) - raft.server.log.appender.buffer.byte-limit = 33554432 (custom)
2019-09-29 11:43:58,934 [pool-27-thread-1] INFO  server.RaftServerConfigKeys (ConfUtils.java:logGet(43)) - raft.server.log.segment.size.max = 1048576 (custom)
2019-09-29 11:43:58,940 [pool-27-thread-1] INFO  server.RaftServerConfigKeys (ConfUtils.java:logGet(43)) - raft.server.log.segment.cache.num.max = 2 (custom)
2019-09-29 11:43:58,947 [pool-27-thread-1] INFO  segmented.SegmentedRaftLogWorker (SegmentedRaftLogWorker.java:<init>(172)) - new b7c508c5-e37a-4d0e-b7eb-98108d799f0d@group-DE5989AE61FF-SegmentedRaftLogWorker for RaftStorage:Storage Directory /workdir/hadoop-ozone/integration-test/target/test-dir/MiniOzoneClusterImpl-31fc3349-fe2e-414b-bea4-2e2b27fa534b/datanode-0/data/ratis/adef147d-3389-4914-8469-de5989ae61ff
2019-09-29 11:43:58,949 [pool-27-thread-1] INFO  impl.MetricsSystemImpl (MetricsSystemImpl.java:init(158)) - ratis metrics system started (again)
2019-09-29 11:43:58,956 [pool-27-thread-1] INFO  metrics.MetricRegistries (MetricRegistriesLoader.java:load(64)) - Loaded MetricRegistries class org.apache.ratis.metrics.impl.MetricRegistriesImpl
2019-09-29 11:43:58,990 [pool-27-thread-1] INFO  server.RaftServerConfigKeys (ConfUtils.java:logGet(43)) - raft.server.log.queue.byte-limit = 2147483647 (custom)
2019-09-29 11:43:58,990 [pool-27-thread-1] INFO  server.RaftServerConfigKeys (ConfUtils.java:logGet(43)) - raft.server.log.queue.element-limit = 1024 (custom)
2019-09-29 11:43:58,993 [pool-27-thread-1] INFO  server.RaftServerConfigKeys (ConfUtils.java:logGet(43)) - raft.server.log.segment.size.max = 1048576 (custom)
2019-09-29 11:43:58,994 [pool-27-thread-1] INFO  server.RaftServerConfigKeys (ConfUtils.java:logGet(43)) - raft.server.log.preallocated.size = 16384 (custom)
2019-09-29 11:43:58,995 [pool-27-thread-1] INFO  server.RaftServerConfigKeys (ConfUtils.java:logGet(43)) - raft.server.log.write.buffer.size = 33554432 (custom)
2019-09-29 11:43:58,995 [pool-27-thread-1] INFO  server.RaftServerConfigKeys (ConfUtils.java:logGet(43)) - raft.server.log.force.sync.num = 128 (default)
2019-09-29 11:43:58,996 [pool-27-thread-1] INFO  server.RaftServerConfigKeys (ConfUtils.java:logGet(43)) - raft.server.log.statemachine.data.sync = true (default)
2019-09-29 11:43:58,996 [pool-27-thread-1] INFO  server.RaftServerConfigKeys (ConfUtils.java:logGet(43)) - raft.server.log.statemachine.data.sync.timeout = 10s (default)
2019-09-29 11:43:58,997 [pool-27-thread-1] INFO  server.RaftServerConfigKeys (ConfUtils.java:logGet(43)) - raft.server.log.statemachine.data.sync.timeout.retry = -1 (default)
2019-09-29 11:43:59,005 [pool-27-thread-1] INFO  server.RaftServerConfigKeys (ConfUtils.java:logGet(43)) - raft.server.log.statemachine.data.caching.enabled = true (custom)
2019-09-29 11:43:59,009 [pool-27-thread-1] INFO  segmented.SegmentedRaftLogWorker (SegmentedRaftLogWorker.java:lambda$new$0(132)) - b7c508c5-e37a-4d0e-b7eb-98108d799f0d@group-DE5989AE61FF-SegmentedRaftLogWorker: flushIndex: setUnconditionally 0 -> -1
2019-09-29 11:43:59,013 [pool-27-thread-1] INFO  server.RaftServerConfigKeys (ConfUtils.java:logGet(43)) - raft.server.snapshot.auto.trigger.enabled = true (custom)
2019-09-29 11:43:59,014 [pool-27-thread-1] INFO  server.RaftServerConfigKeys (ConfUtils.java:logGet(43)) - raft.server.snapshot.auto.trigger.threshold = 10000 (custom)
2019-09-29 11:43:59,014 [pool-27-thread-1] INFO  server.RaftServerConfigKeys (ConfUtils.java:logGet(43)) - raft.server.snapshot.retention.num.files = 5 (custom)
2019-09-29 11:43:59,015 [pool-27-thread-1] INFO  server.RaftServerConfigKeys (ConfUtils.java:logGet(43)) - raft.server.retrycache.expirytime = 600000ms (custom)
2019-09-29 11:43:59,038 [pool-27-thread-1] INFO  impl.RaftServerImpl (RaftServerImpl.java:start(185)) - b7c508c5-e37a-4d0e-b7eb-98108d799f0d@group-DE5989AE61FF: start as a follower, conf=-1: [b7c508c5-e37a-4d0e-b7eb-98108d799f0d:192.168.30.19:40798], old=null
2019-09-29 11:43:59,039 [pool-27-thread-1] INFO  impl.RaftServerImpl (RaftServerImpl.java:setRole(174)) - b7c508c5-e37a-4d0e-b7eb-98108d799f0d@group-DE5989AE61FF: changes role from      null to FOLLOWER at term 0 for startAsFollower
2019-09-29 11:43:59,040 [pool-27-thread-1] INFO  impl.RoleInfo (RoleInfo.java:updateAndGet(143)) - b7c508c5-e37a-4d0e-b7eb-98108d799f0d: start FollowerState
2019-09-29 11:43:59,042 [pool-27-thread-1] INFO  util.JmxRegister (JmxRegister.java:tryRegister(44)) - Successfully registered JMX Bean with object name Ratis:service=RaftServer,group=group-DE5989AE61FF,id=b7c508c5-e37a-4d0e-b7eb-98108d799f0d
2019-09-29 11:43:59,105 [RatisPipelineUtilsThread] INFO  pipeline.PipelineStateManager (PipelineStateManager.java:addPipeline(56)) - Created pipeline Pipeline[ Id: adef147d-3389-4914-8469-de5989ae61ff, Nodes: b7c508c5-e37a-4d0e-b7eb-98108d799f0d{ip: 192.168.30.19, host: pr-hdds-1569-lsfh5-224679870, networkLocation: /default-rack, certSerialId: null}, Type:RATIS, Factor:ONE, State:OPEN]
2019-09-29 11:43:59,123 [grpc-default-executor-0] INFO  impl.RaftServerProxy (RaftServerProxy.java:addNew(89)) - 817e45eb-0e91-4002-a0d2-e698414f3877: addNew group-8C807482A4B8:[817e45eb-0e91-4002-a0d2-e698414f3877:192.168.30.19:45322] returns group-8C807482A4B8:java.util.concurrent.CompletableFuture@5d9e95e5[Not completed]
2019-09-29 11:43:59,146 [pool-47-thread-1] INFO  impl.RaftServerImpl (RaftServerImpl.java:<init>(95)) - 817e45eb-0e91-4002-a0d2-e698414f3877: new RaftServerImpl for group-8C807482A4B8:[817e45eb-0e91-4002-a0d2-e698414f3877:192.168.30.19:45322] with ContainerStateMachine:uninitialized
2019-09-29 11:43:59,148 [pool-47-thread-1] INFO  server.RaftServerConfigKeys (ConfUtils.java:logGet(43)) - raft.server.rpc.timeout.min = 5s (custom)
2019-09-29 11:43:59,148 [pool-47-thread-1] INFO  server.RaftServerConfigKeys (ConfUtils.java:logGet(43)) - raft.server.rpc.timeout.max = 5200ms (custom)
2019-09-29 11:43:59,148 [pool-47-thread-1] INFO  server.RaftServerConfigKeys (ConfUtils.java:logGet(43)) - raft.server.rpcslowness.timeout = 120s (custom)
2019-09-29 11:43:59,148 [pool-47-thread-1] INFO  server.RaftServerConfigKeys (ConfUtils.java:logGet(43)) - raft.server.sleep.deviation.threshold = 300 (default)
2019-09-29 11:43:59,148 [pool-47-thread-1] INFO  server.RaftServerConfigKeys (ConfUtils.java:logGet(43)) - raft.server.log.appender.install.snapshot.enabled = false (custom)
2019-09-29 11:43:59,148 [pool-47-thread-1] INFO  impl.RaftServerImpl (ServerState.java:<init>(103)) - 817e45eb-0e91-4002-a0d2-e698414f3877@group-8C807482A4B8: ConfigurationManager, init=-1: [817e45eb-0e91-4002-a0d2-e698414f3877:192.168.30.19:45322], old=null, confs=<EMPTY_MAP>
2019-09-29 11:43:59,148 [pool-47-thread-1] INFO  server.RaftServerConfigKeys (ConfUtils.java:logGet(43)) - raft.server.storage.dir = [/workdir/hadoop-ozone/integration-test/target/test-dir/MiniOzoneClusterImpl-31fc3349-fe2e-414b-bea4-2e2b27fa534b/datanode-2/data/ratis] (custom)
2019-09-29 11:43:59,149 [pool-47-thread-1] INFO  storage.RaftStorageDirectory (RaftStorageDirectory.java:analyzeStorage(246)) - The storage directory /workdir/hadoop-ozone/integration-test/target/test-dir/MiniOzoneClusterImpl-31fc3349-fe2e-414b-bea4-2e2b27fa534b/datanode-2/data/ratis/bb0e87d0-744a-4667-bf8a-8c807482a4b8 does not exist. Creating ...
2019-09-29 11:43:59,175 [pool-47-thread-1] INFO  storage.RaftStorageDirectory (RaftStorageDirectory.java:tryLock(328)) - Lock on /workdir/hadoop-ozone/integration-test/target/test-dir/MiniOzoneClusterImpl-31fc3349-fe2e-414b-bea4-2e2b27fa534b/datanode-2/data/ratis/bb0e87d0-744a-4667-bf8a-8c807482a4b8/in_use.lock acquired by nodename 15611@pr-hdds-1569-lsfh5-224679870
2019-09-29 11:43:59,192 [pool-47-thread-1] INFO  storage.RaftStorage (RaftStorage.java:format(72)) - Storage directory /workdir/hadoop-ozone/integration-test/target/test-dir/MiniOzoneClusterImpl-31fc3349-fe2e-414b-bea4-2e2b27fa534b/datanode-2/data/ratis/bb0e87d0-744a-4667-bf8a-8c807482a4b8 has been successfully formatted.
2019-09-29 11:43:59,193 [pool-47-thread-1] INFO  ratis.ContainerStateMachine (ContainerStateMachine.java:loadSnapshot(230)) - group-8C807482A4B8: The snapshot info is null. Setting the last applied indexto:(t:0, i:~)
2019-09-29 11:43:59,194 [pool-47-thread-1] INFO  server.RaftServerConfigKeys (ConfUtils.java:logGet(43)) - raft.server.notification.no-leader.timeout = 120s (custom)
2019-09-29 11:43:59,195 [pool-47-thread-1] INFO  server.RaftServerConfigKeys (ConfUtils.java:logGet(43)) - raft.server.log.use.memory = false (default)
2019-09-29 11:43:59,195 [pool-47-thread-1] INFO  server.RaftServerConfigKeys (ConfUtils.java:logGet(43)) - raft.server.log.purge.gap = 1000000 (custom)
2019-09-29 11:43:59,195 [pool-47-thread-1] INFO  server.RaftServerConfigKeys (ConfUtils.java:logGet(43)) - raft.server.log.appender.buffer.byte-limit = 33554432 (custom)
2019-09-29 11:43:59,195 [pool-47-thread-1] INFO  server.RaftServerConfigKeys (ConfUtils.java:logGet(43)) - raft.server.log.segment.size.max = 1048576 (custom)
2019-09-29 11:43:59,196 [pool-47-thread-1] INFO  server.RaftServerConfigKeys (ConfUtils.java:logGet(43)) - raft.server.log.segment.cache.num.max = 2 (custom)
2019-09-29 11:43:59,196 [pool-47-thread-1] INFO  segmented.SegmentedRaftLogWorker (SegmentedRaftLogWorker.java:<init>(172)) - new 817e45eb-0e91-4002-a0d2-e698414f3877@group-8C807482A4B8-SegmentedRaftLogWorker for RaftStorage:Storage Directory /workdir/hadoop-ozone/integration-test/target/test-dir/MiniOzoneClusterImpl-31fc3349-fe2e-414b-bea4-2e2b27fa534b/datanode-2/data/ratis/bb0e87d0-744a-4667-bf8a-8c807482a4b8
2019-09-29 11:43:59,204 [pool-47-thread-1] INFO  server.RaftServerConfigKeys (ConfUtils.java:logGet(43)) - raft.server.log.queue.byte-limit = 2147483647 (custom)
2019-09-29 11:43:59,204 [pool-47-thread-1] INFO  server.RaftServerConfigKeys (ConfUtils.java:logGet(43)) - raft.server.log.queue.element-limit = 1024 (custom)
2019-09-29 11:43:59,204 [pool-47-thread-1] INFO  server.RaftServerConfigKeys (ConfUtils.java:logGet(43)) - raft.server.log.segment.size.max = 1048576 (custom)
2019-09-29 11:43:59,205 [pool-47-thread-1] INFO  server.RaftServerConfigKeys (ConfUtils.java:logGet(43)) - raft.server.log.preallocated.size = 16384 (custom)
2019-09-29 11:43:59,205 [pool-47-thread-1] INFO  server.RaftServerConfigKeys (ConfUtils.java:logGet(43)) - raft.server.log.write.buffer.size = 33554432 (custom)
2019-09-29 11:43:59,205 [pool-47-thread-1] INFO  server.RaftServerConfigKeys (ConfUtils.java:logGet(43)) - raft.server.log.force.sync.num = 128 (default)
2019-09-29 11:43:59,205 [pool-47-thread-1] INFO  server.RaftServerConfigKeys (ConfUtils.java:logGet(43)) - raft.server.log.statemachine.data.sync = true (default)
2019-09-29 11:43:59,206 [pool-47-thread-1] INFO  server.RaftServerConfigKeys (ConfUtils.java:logGet(43)) - raft.server.log.statemachine.data.sync.timeout = 10s (default)
2019-09-29 11:43:59,206 [pool-47-thread-1] INFO  server.RaftServerConfigKeys (ConfUtils.java:logGet(43)) - raft.server.log.statemachine.data.sync.timeout.retry = -1 (default)
2019-09-29 11:43:59,206 [pool-47-thread-1] INFO  server.RaftServerConfigKeys (ConfUtils.java:logGet(43)) - raft.server.log.statemachine.data.caching.enabled = true (custom)
2019-09-29 11:43:59,207 [pool-47-thread-1] INFO  segmented.SegmentedRaftLogWorker (SegmentedRaftLogWorker.java:lambda$new$0(132)) - 817e45eb-0e91-4002-a0d2-e698414f3877@group-8C807482A4B8-SegmentedRaftLogWorker: flushIndex: setUnconditionally 0 -> -1
2019-09-29 11:43:59,207 [pool-47-thread-1] INFO  server.RaftServerConfigKeys (ConfUtils.java:logGet(43)) - raft.server.snapshot.auto.trigger.enabled = true (custom)
2019-09-29 11:43:59,207 [pool-47-thread-1] INFO  server.RaftServerConfigKeys (ConfUtils.java:logGet(43)) - raft.server.snapshot.auto.trigger.threshold = 10000 (custom)
2019-09-29 11:43:59,207 [pool-47-thread-1] INFO  server.RaftServerConfigKeys (ConfUtils.java:logGet(43)) - raft.server.snapshot.retention.num.files = 5 (custom)
2019-09-29 11:43:59,208 [pool-47-thread-1] INFO  server.RaftServerConfigKeys (ConfUtils.java:logGet(43)) - raft.server.retrycache.expirytime = 600000ms (custom)
2019-09-29 11:43:59,215 [pool-47-thread-1] INFO  impl.RaftServerImpl (RaftServerImpl.java:start(185)) - 817e45eb-0e91-4002-a0d2-e698414f3877@group-8C807482A4B8: start as a follower, conf=-1: [817e45eb-0e91-4002-a0d2-e698414f3877:192.168.30.19:45322], old=null
2019-09-29 11:43:59,215 [pool-47-thread-1] INFO  impl.RaftServerImpl (RaftServerImpl.java:setRole(174)) - 817e45eb-0e91-4002-a0d2-e698414f3877@group-8C807482A4B8: changes role from      null to FOLLOWER at term 0 for startAsFollower
2019-09-29 11:43:59,215 [pool-47-thread-1] INFO  impl.RoleInfo (RoleInfo.java:updateAndGet(143)) - 817e45eb-0e91-4002-a0d2-e698414f3877: start FollowerState
2019-09-29 11:43:59,217 [pool-47-thread-1] INFO  util.JmxRegister (JmxRegister.java:tryRegister(44)) - Successfully registered JMX Bean with object name Ratis:service=RaftServer,group=group-8C807482A4B8,id=817e45eb-0e91-4002-a0d2-e698414f3877
2019-09-29 11:43:59,229 [RatisPipelineUtilsThread] INFO  pipeline.PipelineStateManager (PipelineStateManager.java:addPipeline(56)) - Created pipeline Pipeline[ Id: bb0e87d0-744a-4667-bf8a-8c807482a4b8, Nodes: 817e45eb-0e91-4002-a0d2-e698414f3877{ip: 192.168.30.19, host: pr-hdds-1569-lsfh5-224679870, networkLocation: /default-rack, certSerialId: null}, Type:RATIS, Factor:ONE, State:OPEN]
2019-09-29 11:43:59,247 [grpc-default-executor-0] INFO  impl.RaftServerProxy (RaftServerProxy.java:addNew(89)) - 3bd61832-dea9-4a87-aaaf-f0ad989178d6: addNew group-C16C322EBBDD:[3bd61832-dea9-4a87-aaaf-f0ad989178d6:192.168.30.19:35182] returns group-C16C322EBBDD:java.util.concurrent.CompletableFuture@4baf4992[Not completed]
2019-09-29 11:43:59,262 [pool-37-thread-1] INFO  impl.RaftServerImpl (RaftServerImpl.java:<init>(95)) - 3bd61832-dea9-4a87-aaaf-f0ad989178d6: new RaftServerImpl for group-C16C322EBBDD:[3bd61832-dea9-4a87-aaaf-f0ad989178d6:192.168.30.19:35182] with ContainerStateMachine:uninitialized
2019-09-29 11:43:59,262 [pool-37-thread-1] INFO  server.RaftServerConfigKeys (ConfUtils.java:logGet(43)) - raft.server.rpc.timeout.min = 5s (custom)
2019-09-29 11:43:59,263 [pool-37-thread-1] INFO  server.RaftServerConfigKeys (ConfUtils.java:logGet(43)) - raft.server.rpc.timeout.max = 5200ms (custom)
2019-09-29 11:43:59,263 [pool-37-thread-1] INFO  server.RaftServerConfigKeys (ConfUtils.java:logGet(43)) - raft.server.rpcslowness.timeout = 120s (custom)
2019-09-29 11:43:59,263 [pool-37-thread-1] INFO  server.RaftServerConfigKeys (ConfUtils.java:logGet(43)) - raft.server.sleep.deviation.threshold = 300 (default)
2019-09-29 11:43:59,263 [pool-37-thread-1] INFO  server.RaftServerConfigKeys (ConfUtils.java:logGet(43)) - raft.server.log.appender.install.snapshot.enabled = false (custom)
2019-09-29 11:43:59,263 [pool-37-thread-1] INFO  impl.RaftServerImpl (ServerState.java:<init>(103)) - 3bd61832-dea9-4a87-aaaf-f0ad989178d6@group-C16C322EBBDD: ConfigurationManager, init=-1: [3bd61832-dea9-4a87-aaaf-f0ad989178d6:192.168.30.19:35182], old=null, confs=<EMPTY_MAP>
2019-09-29 11:43:59,263 [pool-37-thread-1] INFO  server.RaftServerConfigKeys (ConfUtils.java:logGet(43)) - raft.server.storage.dir = [/workdir/hadoop-ozone/integration-test/target/test-dir/MiniOzoneClusterImpl-31fc3349-fe2e-414b-bea4-2e2b27fa534b/datanode-1/data/ratis] (custom)
2019-09-29 11:43:59,264 [pool-37-thread-1] INFO  storage.RaftStorageDirectory (RaftStorageDirectory.java:analyzeStorage(246)) - The storage directory /workdir/hadoop-ozone/integration-test/target/test-dir/MiniOzoneClusterImpl-31fc3349-fe2e-414b-bea4-2e2b27fa534b/datanode-1/data/ratis/7601d24a-d228-40a2-ae64-c16c322ebbdd does not exist. Creating ...
2019-09-29 11:43:59,292 [pool-37-thread-1] INFO  storage.RaftStorageDirectory (RaftStorageDirectory.java:tryLock(328)) - Lock on /workdir/hadoop-ozone/integration-test/target/test-dir/MiniOzoneClusterImpl-31fc3349-fe2e-414b-bea4-2e2b27fa534b/datanode-1/data/ratis/7601d24a-d228-40a2-ae64-c16c322ebbdd/in_use.lock acquired by nodename 15611@pr-hdds-1569-lsfh5-224679870
2019-09-29 11:43:59,317 [pool-37-thread-1] INFO  storage.RaftStorage (RaftStorage.java:format(72)) - Storage directory /workdir/hadoop-ozone/integration-test/target/test-dir/MiniOzoneClusterImpl-31fc3349-fe2e-414b-bea4-2e2b27fa534b/datanode-1/data/ratis/7601d24a-d228-40a2-ae64-c16c322ebbdd has been successfully formatted.
2019-09-29 11:43:59,318 [pool-37-thread-1] INFO  ratis.ContainerStateMachine (ContainerStateMachine.java:loadSnapshot(230)) - group-C16C322EBBDD: The snapshot info is null. Setting the last applied indexto:(t:0, i:~)
2019-09-29 11:43:59,318 [pool-37-thread-1] INFO  server.RaftServerConfigKeys (ConfUtils.java:logGet(43)) - raft.server.notification.no-leader.timeout = 120s (custom)
2019-09-29 11:43:59,318 [pool-37-thread-1] INFO  server.RaftServerConfigKeys (ConfUtils.java:logGet(43)) - raft.server.log.use.memory = false (default)
2019-09-29 11:43:59,318 [pool-37-thread-1] INFO  server.RaftServerConfigKeys (ConfUtils.java:logGet(43)) - raft.server.log.purge.gap = 1000000 (custom)
2019-09-29 11:43:59,319 [pool-37-thread-1] INFO  server.RaftServerConfigKeys (ConfUtils.java:logGet(43)) - raft.server.log.appender.buffer.byte-limit = 33554432 (custom)
2019-09-29 11:43:59,319 [pool-37-thread-1] INFO  server.RaftServerConfigKeys (ConfUtils.java:logGet(43)) - raft.server.log.segment.size.max = 1048576 (custom)
2019-09-29 11:43:59,319 [pool-37-thread-1] INFO  server.RaftServerConfigKeys (ConfUtils.java:logGet(43)) - raft.server.log.segment.cache.num.max = 2 (custom)
2019-09-29 11:43:59,319 [pool-37-thread-1] INFO  segmented.SegmentedRaftLogWorker (SegmentedRaftLogWorker.java:<init>(172)) - new 3bd61832-dea9-4a87-aaaf-f0ad989178d6@group-C16C322EBBDD-SegmentedRaftLogWorker for RaftStorage:Storage Directory /workdir/hadoop-ozone/integration-test/target/test-dir/MiniOzoneClusterImpl-31fc3349-fe2e-414b-bea4-2e2b27fa534b/datanode-1/data/ratis/7601d24a-d228-40a2-ae64-c16c322ebbdd
2019-09-29 11:43:59,336 [pool-37-thread-1] INFO  server.RaftServerConfigKeys (ConfUtils.java:logGet(43)) - raft.server.log.queue.byte-limit = 2147483647 (custom)
2019-09-29 11:43:59,336 [pool-37-thread-1] INFO  server.RaftServerConfigKeys (ConfUtils.java:logGet(43)) - raft.server.log.queue.element-limit = 1024 (custom)
2019-09-29 11:43:59,337 [pool-37-thread-1] INFO  server.RaftServerConfigKeys (ConfUtils.java:logGet(43)) - raft.server.log.segment.size.max = 1048576 (custom)
2019-09-29 11:43:59,337 [pool-37-thread-1] INFO  server.RaftServerConfigKeys (ConfUtils.java:logGet(43)) - raft.server.log.preallocated.size = 16384 (custom)
2019-09-29 11:43:59,337 [pool-37-thread-1] INFO  server.RaftServerConfigKeys (ConfUtils.java:logGet(43)) - raft.server.log.write.buffer.size = 33554432 (custom)
2019-09-29 11:43:59,337 [pool-37-thread-1] INFO  server.RaftServerConfigKeys (ConfUtils.java:logGet(43)) - raft.server.log.force.sync.num = 128 (default)
2019-09-29 11:43:59,337 [pool-37-thread-1] INFO  server.RaftServerConfigKeys (ConfUtils.java:logGet(43)) - raft.server.log.statemachine.data.sync = true (default)
2019-09-29 11:43:59,338 [pool-37-thread-1] INFO  server.RaftServerConfigKeys (ConfUtils.java:logGet(43)) - raft.server.log.statemachine.data.sync.timeout = 10s (default)
2019-09-29 11:43:59,338 [pool-37-thread-1] INFO  server.RaftServerConfigKeys (ConfUtils.java:logGet(43)) - raft.server.log.statemachine.data.sync.timeout.retry = -1 (default)
2019-09-29 11:43:59,338 [pool-37-thread-1] INFO  server.RaftServerConfigKeys (ConfUtils.java:logGet(43)) - raft.server.log.statemachine.data.caching.enabled = true (custom)
2019-09-29 11:43:59,339 [pool-37-thread-1] INFO  segmented.SegmentedRaftLogWorker (SegmentedRaftLogWorker.java:lambda$new$0(132)) - 3bd61832-dea9-4a87-aaaf-f0ad989178d6@group-C16C322EBBDD-SegmentedRaftLogWorker: flushIndex: setUnconditionally 0 -> -1
2019-09-29 11:43:59,339 [pool-37-thread-1] INFO  server.RaftServerConfigKeys (ConfUtils.java:logGet(43)) - raft.server.snapshot.auto.trigger.enabled = true (custom)
2019-09-29 11:43:59,339 [pool-37-thread-1] INFO  server.RaftServerConfigKeys (ConfUtils.java:logGet(43)) - raft.server.snapshot.auto.trigger.threshold = 10000 (custom)
2019-09-29 11:43:59,339 [pool-37-thread-1] INFO  server.RaftServerConfigKeys (ConfUtils.java:logGet(43)) - raft.server.snapshot.retention.num.files = 5 (custom)
2019-09-29 11:43:59,340 [pool-37-thread-1] INFO  server.RaftServerConfigKeys (ConfUtils.java:logGet(43)) - raft.server.retrycache.expirytime = 600000ms (custom)
2019-09-29 11:43:59,345 [pool-37-thread-1] INFO  impl.RaftServerImpl (RaftServerImpl.java:start(185)) - 3bd61832-dea9-4a87-aaaf-f0ad989178d6@group-C16C322EBBDD: start as a follower, conf=-1: [3bd61832-dea9-4a87-aaaf-f0ad989178d6:192.168.30.19:35182], old=null
2019-09-29 11:43:59,345 [pool-37-thread-1] INFO  impl.RaftServerImpl (RaftServerImpl.java:setRole(174)) - 3bd61832-dea9-4a87-aaaf-f0ad989178d6@group-C16C322EBBDD: changes role from      null to FOLLOWER at term 0 for startAsFollower
2019-09-29 11:43:59,345 [pool-37-thread-1] INFO  impl.RoleInfo (RoleInfo.java:updateAndGet(143)) - 3bd61832-dea9-4a87-aaaf-f0ad989178d6: start FollowerState
2019-09-29 11:43:59,346 [pool-37-thread-1] INFO  util.JmxRegister (JmxRegister.java:tryRegister(44)) - Successfully registered JMX Bean with object name Ratis:service=RaftServer,group=group-C16C322EBBDD,id=3bd61832-dea9-4a87-aaaf-f0ad989178d6
2019-09-29 11:43:59,357 [RatisPipelineUtilsThread] INFO  pipeline.PipelineStateManager (PipelineStateManager.java:addPipeline(56)) - Created pipeline Pipeline[ Id: 7601d24a-d228-40a2-ae64-c16c322ebbdd, Nodes: 3bd61832-dea9-4a87-aaaf-f0ad989178d6{ip: 192.168.30.19, host: pr-hdds-1569-lsfh5-224679870, networkLocation: /default-rack, certSerialId: null}, Type:RATIS, Factor:ONE, State:OPEN]
2019-09-29 11:43:59,361 [RatisPipelineUtilsThread] ERROR pipeline.SCMPipelineManager (SCMPipelineManager.java:createPipeline(188)) - Pipeline creation failed.
org.apache.hadoop.hdds.scm.exceptions.SCMException: Cannot create pipeline of factor 1 using 0 nodes.
	at org.apache.hadoop.hdds.scm.pipeline.RatisPipelineProvider.pickNodesNeverUsed(RatisPipelineProvider.java:113)
	at org.apache.hadoop.hdds.scm.pipeline.RatisPipelineProvider.create(RatisPipelineProvider.java:125)
	at org.apache.hadoop.hdds.scm.pipeline.PipelineFactory.create(PipelineFactory.java:58)
	at org.apache.hadoop.hdds.scm.pipeline.SCMPipelineManager.createPipeline(SCMPipelineManager.java:179)
	at org.apache.hadoop.hdds.scm.pipeline.BackgroundPipelineCreator.createPipelines(BackgroundPipelineCreator.java:100)
	at java.util.concurrent.Executors$RunnableAdapter.call(Executors.java:511)
	at java.util.concurrent.FutureTask.run(FutureTask.java:266)
	at java.util.concurrent.ScheduledThreadPoolExecutor$ScheduledFutureTask.access$201(ScheduledThreadPoolExecutor.java:180)
	at java.util.concurrent.ScheduledThreadPoolExecutor$ScheduledFutureTask.run(ScheduledThreadPoolExecutor.java:293)
	at java.util.concurrent.ThreadPoolExecutor.runWorker(ThreadPoolExecutor.java:1149)
	at java.util.concurrent.ThreadPoolExecutor$Worker.run(ThreadPoolExecutor.java:624)
	at java.lang.Thread.run(Thread.java:748)
2019-09-29 11:43:59,406 [grpc-default-executor-1] INFO  impl.RaftServerProxy (RaftServerProxy.java:addNew(89)) - b7c508c5-e37a-4d0e-b7eb-98108d799f0d: addNew group-80653AF4A773:[817e45eb-0e91-4002-a0d2-e698414f3877:192.168.30.19:45322, b7c508c5-e37a-4d0e-b7eb-98108d799f0d:192.168.30.19:40798, 3bd61832-dea9-4a87-aaaf-f0ad989178d6:192.168.30.19:35182] returns group-80653AF4A773:java.util.concurrent.CompletableFuture@4c2c94e0[Not completed]
2019-09-29 11:43:59,409 [grpc-default-executor-2] INFO  impl.RaftServerProxy (RaftServerProxy.java:addNew(89)) - 3bd61832-dea9-4a87-aaaf-f0ad989178d6: addNew group-80653AF4A773:[817e45eb-0e91-4002-a0d2-e698414f3877:192.168.30.19:45322, b7c508c5-e37a-4d0e-b7eb-98108d799f0d:192.168.30.19:40798, 3bd61832-dea9-4a87-aaaf-f0ad989178d6:192.168.30.19:35182] returns group-80653AF4A773:java.util.concurrent.CompletableFuture@3f87d787[Not completed]
2019-09-29 11:43:59,411 [grpc-default-executor-2] INFO  impl.RaftServerProxy (RaftServerProxy.java:addNew(89)) - 817e45eb-0e91-4002-a0d2-e698414f3877: addNew group-80653AF4A773:[817e45eb-0e91-4002-a0d2-e698414f3877:192.168.30.19:45322, b7c508c5-e37a-4d0e-b7eb-98108d799f0d:192.168.30.19:40798, 3bd61832-dea9-4a87-aaaf-f0ad989178d6:192.168.30.19:35182] returns group-80653AF4A773:java.util.concurrent.CompletableFuture@7a854e13[Not completed]
2019-09-29 11:43:59,411 [pool-27-thread-1] INFO  impl.RaftServerImpl (RaftServerImpl.java:<init>(95)) - b7c508c5-e37a-4d0e-b7eb-98108d799f0d: new RaftServerImpl for group-80653AF4A773:[817e45eb-0e91-4002-a0d2-e698414f3877:192.168.30.19:45322, b7c508c5-e37a-4d0e-b7eb-98108d799f0d:192.168.30.19:40798, 3bd61832-dea9-4a87-aaaf-f0ad989178d6:192.168.30.19:35182] with ContainerStateMachine:uninitialized
2019-09-29 11:43:59,412 [pool-27-thread-1] INFO  server.RaftServerConfigKeys (ConfUtils.java:logGet(43)) - raft.server.rpc.timeout.min = 5s (custom)
2019-09-29 11:43:59,412 [pool-27-thread-1] INFO  server.RaftServerConfigKeys (ConfUtils.java:logGet(43)) - raft.server.rpc.timeout.max = 5200ms (custom)
2019-09-29 11:43:59,412 [pool-27-thread-1] INFO  server.RaftServerConfigKeys (ConfUtils.java:logGet(43)) - raft.server.rpcslowness.timeout = 120s (custom)
2019-09-29 11:43:59,412 [pool-27-thread-1] INFO  server.RaftServerConfigKeys (ConfUtils.java:logGet(43)) - raft.server.sleep.deviation.threshold = 300 (default)
2019-09-29 11:43:59,412 [pool-37-thread-1] INFO  impl.RaftServerImpl (RaftServerImpl.java:<init>(95)) - 3bd61832-dea9-4a87-aaaf-f0ad989178d6: new RaftServerImpl for group-80653AF4A773:[817e45eb-0e91-4002-a0d2-e698414f3877:192.168.30.19:45322, b7c508c5-e37a-4d0e-b7eb-98108d799f0d:192.168.30.19:40798, 3bd61832-dea9-4a87-aaaf-f0ad989178d6:192.168.30.19:35182] with ContainerStateMachine:uninitialized
2019-09-29 11:43:59,413 [pool-27-thread-1] INFO  server.RaftServerConfigKeys (ConfUtils.java:logGet(43)) - raft.server.log.appender.install.snapshot.enabled = false (custom)
2019-09-29 11:43:59,413 [pool-37-thread-1] INFO  server.RaftServerConfigKeys (ConfUtils.java:logGet(43)) - raft.server.rpc.timeout.min = 5s (custom)
2019-09-29 11:43:59,413 [pool-27-thread-1] INFO  impl.RaftServerImpl (ServerState.java:<init>(103)) - b7c508c5-e37a-4d0e-b7eb-98108d799f0d@group-80653AF4A773: ConfigurationManager, init=-1: [817e45eb-0e91-4002-a0d2-e698414f3877:192.168.30.19:45322, b7c508c5-e37a-4d0e-b7eb-98108d799f0d:192.168.30.19:40798, 3bd61832-dea9-4a87-aaaf-f0ad989178d6:192.168.30.19:35182], old=null, confs=<EMPTY_MAP>
2019-09-29 11:43:59,413 [pool-37-thread-1] INFO  server.RaftServerConfigKeys (ConfUtils.java:logGet(43)) - raft.server.rpc.timeout.max = 5200ms (custom)
2019-09-29 11:43:59,413 [pool-27-thread-1] INFO  server.RaftServerConfigKeys (ConfUtils.java:logGet(43)) - raft.server.storage.dir = [/workdir/hadoop-ozone/integration-test/target/test-dir/MiniOzoneClusterImpl-31fc3349-fe2e-414b-bea4-2e2b27fa534b/datanode-0/data/ratis] (custom)
2019-09-29 11:43:59,413 [pool-47-thread-1] INFO  impl.RaftServerImpl (RaftServerImpl.java:<init>(95)) - 817e45eb-0e91-4002-a0d2-e698414f3877: new RaftServerImpl for group-80653AF4A773:[817e45eb-0e91-4002-a0d2-e698414f3877:192.168.30.19:45322, b7c508c5-e37a-4d0e-b7eb-98108d799f0d:192.168.30.19:40798, 3bd61832-dea9-4a87-aaaf-f0ad989178d6:192.168.30.19:35182] with ContainerStateMachine:uninitialized
2019-09-29 11:43:59,413 [pool-37-thread-1] INFO  server.RaftServerConfigKeys (ConfUtils.java:logGet(43)) - raft.server.rpcslowness.timeout = 120s (custom)
2019-09-29 11:43:59,413 [pool-47-thread-1] INFO  server.RaftServerConfigKeys (ConfUtils.java:logGet(43)) - raft.server.rpc.timeout.min = 5s (custom)
2019-09-29 11:43:59,413 [pool-27-thread-1] INFO  storage.RaftStorageDirectory (RaftStorageDirectory.java:analyzeStorage(246)) - The storage directory /workdir/hadoop-ozone/integration-test/target/test-dir/MiniOzoneClusterImpl-31fc3349-fe2e-414b-bea4-2e2b27fa534b/datanode-0/data/ratis/97ae07c5-fdf5-4e35-be24-80653af4a773 does not exist. Creating ...
2019-09-29 11:43:59,414 [pool-47-thread-1] INFO  server.RaftServerConfigKeys (ConfUtils.java:logGet(43)) - raft.server.rpc.timeout.max = 5200ms (custom)
2019-09-29 11:43:59,414 [pool-37-thread-1] INFO  server.RaftServerConfigKeys (ConfUtils.java:logGet(43)) - raft.server.sleep.deviation.threshold = 300 (default)
2019-09-29 11:43:59,414 [pool-47-thread-1] INFO  server.RaftServerConfigKeys (ConfUtils.java:logGet(43)) - raft.server.rpcslowness.timeout = 120s (custom)
2019-09-29 11:43:59,414 [pool-37-thread-1] INFO  server.RaftServerConfigKeys (ConfUtils.java:logGet(43)) - raft.server.log.appender.install.snapshot.enabled = false (custom)
2019-09-29 11:43:59,414 [pool-47-thread-1] INFO  server.RaftServerConfigKeys (ConfUtils.java:logGet(43)) - raft.server.sleep.deviation.threshold = 300 (default)
2019-09-29 11:43:59,414 [pool-37-thread-1] INFO  impl.RaftServerImpl (ServerState.java:<init>(103)) - 3bd61832-dea9-4a87-aaaf-f0ad989178d6@group-80653AF4A773: ConfigurationManager, init=-1: [817e45eb-0e91-4002-a0d2-e698414f3877:192.168.30.19:45322, b7c508c5-e37a-4d0e-b7eb-98108d799f0d:192.168.30.19:40798, 3bd61832-dea9-4a87-aaaf-f0ad989178d6:192.168.30.19:35182], old=null, confs=<EMPTY_MAP>
2019-09-29 11:43:59,415 [pool-47-thread-1] INFO  server.RaftServerConfigKeys (ConfUtils.java:logGet(43)) - raft.server.log.appender.install.snapshot.enabled = false (custom)
2019-09-29 11:43:59,415 [pool-37-thread-1] INFO  server.RaftServerConfigKeys (ConfUtils.java:logGet(43)) - raft.server.storage.dir = [/workdir/hadoop-ozone/integration-test/target/test-dir/MiniOzoneClusterImpl-31fc3349-fe2e-414b-bea4-2e2b27fa534b/datanode-1/data/ratis] (custom)
2019-09-29 11:43:59,415 [pool-47-thread-1] INFO  impl.RaftServerImpl (ServerState.java:<init>(103)) - 817e45eb-0e91-4002-a0d2-e698414f3877@group-80653AF4A773: ConfigurationManager, init=-1: [817e45eb-0e91-4002-a0d2-e698414f3877:192.168.30.19:45322, b7c508c5-e37a-4d0e-b7eb-98108d799f0d:192.168.30.19:40798, 3bd61832-dea9-4a87-aaaf-f0ad989178d6:192.168.30.19:35182], old=null, confs=<EMPTY_MAP>
2019-09-29 11:43:59,415 [pool-37-thread-1] INFO  storage.RaftStorageDirectory (RaftStorageDirectory.java:analyzeStorage(246)) - The storage directory /workdir/hadoop-ozone/integration-test/target/test-dir/MiniOzoneClusterImpl-31fc3349-fe2e-414b-bea4-2e2b27fa534b/datanode-1/data/ratis/97ae07c5-fdf5-4e35-be24-80653af4a773 does not exist. Creating ...
2019-09-29 11:43:59,415 [pool-47-thread-1] INFO  server.RaftServerConfigKeys (ConfUtils.java:logGet(43)) - raft.server.storage.dir = [/workdir/hadoop-ozone/integration-test/target/test-dir/MiniOzoneClusterImpl-31fc3349-fe2e-414b-bea4-2e2b27fa534b/datanode-2/data/ratis] (custom)
2019-09-29 11:43:59,416 [pool-47-thread-1] INFO  storage.RaftStorageDirectory (RaftStorageDirectory.java:analyzeStorage(246)) - The storage directory /workdir/hadoop-ozone/integration-test/target/test-dir/MiniOzoneClusterImpl-31fc3349-fe2e-414b-bea4-2e2b27fa534b/datanode-2/data/ratis/97ae07c5-fdf5-4e35-be24-80653af4a773 does not exist. Creating ...
2019-09-29 11:43:59,443 [pool-27-thread-1] INFO  storage.RaftStorageDirectory (RaftStorageDirectory.java:tryLock(328)) - Lock on /workdir/hadoop-ozone/integration-test/target/test-dir/MiniOzoneClusterImpl-31fc3349-fe2e-414b-bea4-2e2b27fa534b/datanode-0/data/ratis/97ae07c5-fdf5-4e35-be24-80653af4a773/in_use.lock acquired by nodename 15611@pr-hdds-1569-lsfh5-224679870
2019-09-29 11:43:59,443 [pool-37-thread-1] INFO  storage.RaftStorageDirectory (RaftStorageDirectory.java:tryLock(328)) - Lock on /workdir/hadoop-ozone/integration-test/target/test-dir/MiniOzoneClusterImpl-31fc3349-fe2e-414b-bea4-2e2b27fa534b/datanode-1/data/ratis/97ae07c5-fdf5-4e35-be24-80653af4a773/in_use.lock acquired by nodename 15611@pr-hdds-1569-lsfh5-224679870
2019-09-29 11:43:59,443 [pool-47-thread-1] INFO  storage.RaftStorageDirectory (RaftStorageDirectory.java:tryLock(328)) - Lock on /workdir/hadoop-ozone/integration-test/target/test-dir/MiniOzoneClusterImpl-31fc3349-fe2e-414b-bea4-2e2b27fa534b/datanode-2/data/ratis/97ae07c5-fdf5-4e35-be24-80653af4a773/in_use.lock acquired by nodename 15611@pr-hdds-1569-lsfh5-224679870
2019-09-29 11:43:59,447 [main] INFO  ozone.MiniOzoneClusterImpl (MiniOzoneClusterImpl.java:lambda$waitForClusterToBeReady$0(147)) - Cluster is ready. Got 3 of 3 DN Heartbeats.
2019-09-29 11:43:59,448 [main] INFO  ozone.MiniOzoneClusterImpl (MiniOzoneClusterImpl.java:getStorageContainerLocationClient(234)) - Creating StorageContainerLocationProtocol RPC client with address /0.0.0.0:46716
2019-09-29 11:43:59,470 [pool-27-thread-1] INFO  storage.RaftStorage (RaftStorage.java:format(72)) - Storage directory /workdir/hadoop-ozone/integration-test/target/test-dir/MiniOzoneClusterImpl-31fc3349-fe2e-414b-bea4-2e2b27fa534b/datanode-0/data/ratis/97ae07c5-fdf5-4e35-be24-80653af4a773 has been successfully formatted.
2019-09-29 11:43:59,470 [pool-47-thread-1] INFO  storage.RaftStorage (RaftStorage.java:format(72)) - Storage directory /workdir/hadoop-ozone/integration-test/target/test-dir/MiniOzoneClusterImpl-31fc3349-fe2e-414b-bea4-2e2b27fa534b/datanode-2/data/ratis/97ae07c5-fdf5-4e35-be24-80653af4a773 has been successfully formatted.
2019-09-29 11:43:59,471 [pool-27-thread-1] INFO  ratis.ContainerStateMachine (ContainerStateMachine.java:loadSnapshot(230)) - group-80653AF4A773: The snapshot info is null. Setting the last applied indexto:(t:0, i:~)
2019-09-29 11:43:59,470 [pool-37-thread-1] INFO  storage.RaftStorage (RaftStorage.java:format(72)) - Storage directory /workdir/hadoop-ozone/integration-test/target/test-dir/MiniOzoneClusterImpl-31fc3349-fe2e-414b-bea4-2e2b27fa534b/datanode-1/data/ratis/97ae07c5-fdf5-4e35-be24-80653af4a773 has been successfully formatted.
2019-09-29 11:43:59,472 [pool-47-thread-1] INFO  ratis.ContainerStateMachine (ContainerStateMachine.java:loadSnapshot(230)) - group-80653AF4A773: The snapshot info is null. Setting the last applied indexto:(t:0, i:~)
2019-09-29 11:43:59,472 [pool-27-thread-1] INFO  server.RaftServerConfigKeys (ConfUtils.java:logGet(43)) - raft.server.notification.no-leader.timeout = 120s (custom)
2019-09-29 11:43:59,472 [pool-47-thread-1] INFO  server.RaftServerConfigKeys (ConfUtils.java:logGet(43)) - raft.server.notification.no-leader.timeout = 120s (custom)
2019-09-29 11:43:59,472 [pool-37-thread-1] INFO  ratis.ContainerStateMachine (ContainerStateMachine.java:loadSnapshot(230)) - group-80653AF4A773: The snapshot info is null. Setting the last applied indexto:(t:0, i:~)
2019-09-29 11:43:59,473 [pool-47-thread-1] INFO  server.RaftServerConfigKeys (ConfUtils.java:logGet(43)) - raft.server.log.use.memory = false (default)
2019-09-29 11:43:59,472 [pool-27-thread-1] INFO  server.RaftServerConfigKeys (ConfUtils.java:logGet(43)) - raft.server.log.use.memory = false (default)
2019-09-29 11:43:59,473 [pool-47-thread-1] INFO  server.RaftServerConfigKeys (ConfUtils.java:logGet(43)) - raft.server.log.purge.gap = 1000000 (custom)
2019-09-29 11:43:59,473 [pool-37-thread-1] INFO  server.RaftServerConfigKeys (ConfUtils.java:logGet(43)) - raft.server.notification.no-leader.timeout = 120s (custom)
2019-09-29 11:43:59,473 [pool-47-thread-1] INFO  server.RaftServerConfigKeys (ConfUtils.java:logGet(43)) - raft.server.log.appender.buffer.byte-limit = 33554432 (custom)
2019-09-29 11:43:59,473 [pool-27-thread-1] INFO  server.RaftServerConfigKeys (ConfUtils.java:logGet(43)) - raft.server.log.purge.gap = 1000000 (custom)
2019-09-29 11:43:59,474 [pool-47-thread-1] INFO  server.RaftServerConfigKeys (ConfUtils.java:logGet(43)) - raft.server.log.segment.size.max = 1048576 (custom)
2019-09-29 11:43:59,474 [pool-37-thread-1] INFO  server.RaftServerConfigKeys (ConfUtils.java:logGet(43)) - raft.server.log.use.memory = false (default)
2019-09-29 11:43:59,474 [pool-47-thread-1] INFO  server.RaftServerConfigKeys (ConfUtils.java:logGet(43)) - raft.server.log.segment.cache.num.max = 2 (custom)
2019-09-29 11:43:59,474 [pool-27-thread-1] INFO  server.RaftServerConfigKeys (ConfUtils.java:logGet(43)) - raft.server.log.appender.buffer.byte-limit = 33554432 (custom)
2019-09-29 11:43:59,474 [pool-47-thread-1] INFO  segmented.SegmentedRaftLogWorker (SegmentedRaftLogWorker.java:<init>(172)) - new 817e45eb-0e91-4002-a0d2-e698414f3877@group-80653AF4A773-SegmentedRaftLogWorker for RaftStorage:Storage Directory /workdir/hadoop-ozone/integration-test/target/test-dir/MiniOzoneClusterImpl-31fc3349-fe2e-414b-bea4-2e2b27fa534b/datanode-2/data/ratis/97ae07c5-fdf5-4e35-be24-80653af4a773
2019-09-29 11:43:59,474 [pool-37-thread-1] INFO  server.RaftServerConfigKeys (ConfUtils.java:logGet(43)) - raft.server.log.purge.gap = 1000000 (custom)
2019-09-29 11:43:59,475 [pool-47-thread-1] INFO  server.RaftServerConfigKeys (ConfUtils.java:logGet(43)) - raft.server.log.queue.byte-limit = 2147483647 (custom)
2019-09-29 11:43:59,474 [pool-27-thread-1] INFO  server.RaftServerConfigKeys (ConfUtils.java:logGet(43)) - raft.server.log.segment.size.max = 1048576 (custom)
2019-09-29 11:43:59,475 [pool-47-thread-1] INFO  server.RaftServerConfigKeys (ConfUtils.java:logGet(43)) - raft.server.log.queue.element-limit = 1024 (custom)
2019-09-29 11:43:59,475 [pool-37-thread-1] INFO  server.RaftServerConfigKeys (ConfUtils.java:logGet(43)) - raft.server.log.appender.buffer.byte-limit = 33554432 (custom)
2019-09-29 11:43:59,475 [pool-47-thread-1] INFO  server.RaftServerConfigKeys (ConfUtils.java:logGet(43)) - raft.server.log.segment.size.max = 1048576 (custom)
2019-09-29 11:43:59,475 [pool-27-thread-1] INFO  server.RaftServerConfigKeys (ConfUtils.java:logGet(43)) - raft.server.log.segment.cache.num.max = 2 (custom)
2019-09-29 11:43:59,475 [pool-47-thread-1] INFO  server.RaftServerConfigKeys (ConfUtils.java:logGet(43)) - raft.server.log.preallocated.size = 16384 (custom)
2019-09-29 11:43:59,475 [pool-37-thread-1] INFO  server.RaftServerConfigKeys (ConfUtils.java:logGet(43)) - raft.server.log.segment.size.max = 1048576 (custom)
2019-09-29 11:43:59,476 [pool-47-thread-1] INFO  server.RaftServerConfigKeys (ConfUtils.java:logGet(43)) - raft.server.log.write.buffer.size = 33554432 (custom)
2019-09-29 11:43:59,476 [pool-27-thread-1] INFO  segmented.SegmentedRaftLogWorker (SegmentedRaftLogWorker.java:<init>(172)) - new b7c508c5-e37a-4d0e-b7eb-98108d799f0d@group-80653AF4A773-SegmentedRaftLogWorker for RaftStorage:Storage Directory /workdir/hadoop-ozone/integration-test/target/test-dir/MiniOzoneClusterImpl-31fc3349-fe2e-414b-bea4-2e2b27fa534b/datanode-0/data/ratis/97ae07c5-fdf5-4e35-be24-80653af4a773
2019-09-29 11:43:59,476 [pool-47-thread-1] INFO  server.RaftServerConfigKeys (ConfUtils.java:logGet(43)) - raft.server.log.force.sync.num = 128 (default)
2019-09-29 11:43:59,476 [pool-37-thread-1] INFO  server.RaftServerConfigKeys (ConfUtils.java:logGet(43)) - raft.server.log.segment.cache.num.max = 2 (custom)
2019-09-29 11:43:59,476 [pool-47-thread-1] INFO  server.RaftServerConfigKeys (ConfUtils.java:logGet(43)) - raft.server.log.statemachine.data.sync = true (default)
2019-09-29 11:43:59,476 [pool-27-thread-1] INFO  server.RaftServerConfigKeys (ConfUtils.java:logGet(43)) - raft.server.log.queue.byte-limit = 2147483647 (custom)
2019-09-29 11:43:59,477 [pool-47-thread-1] INFO  server.RaftServerConfigKeys (ConfUtils.java:logGet(43)) - raft.server.log.statemachine.data.sync.timeout = 10s (default)
2019-09-29 11:43:59,476 [pool-37-thread-1] INFO  segmented.SegmentedRaftLogWorker (SegmentedRaftLogWorker.java:<init>(172)) - new 3bd61832-dea9-4a87-aaaf-f0ad989178d6@group-80653AF4A773-SegmentedRaftLogWorker for RaftStorage:Storage Directory /workdir/hadoop-ozone/integration-test/target/test-dir/MiniOzoneClusterImpl-31fc3349-fe2e-414b-bea4-2e2b27fa534b/datanode-1/data/ratis/97ae07c5-fdf5-4e35-be24-80653af4a773
2019-09-29 11:43:59,477 [pool-47-thread-1] INFO  server.RaftServerConfigKeys (ConfUtils.java:logGet(43)) - raft.server.log.statemachine.data.sync.timeout.retry = -1 (default)
2019-09-29 11:43:59,477 [pool-27-thread-1] INFO  server.RaftServerConfigKeys (ConfUtils.java:logGet(43)) - raft.server.log.queue.element-limit = 1024 (custom)
2019-09-29 11:43:59,477 [pool-37-thread-1] INFO  server.RaftServerConfigKeys (ConfUtils.java:logGet(43)) - raft.server.log.queue.byte-limit = 2147483647 (custom)
2019-09-29 11:43:59,477 [pool-27-thread-1] INFO  server.RaftServerConfigKeys (ConfUtils.java:logGet(43)) - raft.server.log.segment.size.max = 1048576 (custom)
2019-09-29 11:43:59,477 [pool-47-thread-1] INFO  server.RaftServerConfigKeys (ConfUtils.java:logGet(43)) - raft.server.log.statemachine.data.caching.enabled = true (custom)
2019-09-29 11:43:59,478 [pool-27-thread-1] INFO  server.RaftServerConfigKeys (ConfUtils.java:logGet(43)) - raft.server.log.preallocated.size = 16384 (custom)
2019-09-29 11:43:59,477 [pool-37-thread-1] INFO  server.RaftServerConfigKeys (ConfUtils.java:logGet(43)) - raft.server.log.queue.element-limit = 1024 (custom)
2019-09-29 11:43:59,482 [pool-27-thread-1] INFO  server.RaftServerConfigKeys (ConfUtils.java:logGet(43)) - raft.server.log.write.buffer.size = 33554432 (custom)
2019-09-29 11:43:59,479 [pool-47-thread-1] INFO  segmented.SegmentedRaftLogWorker (SegmentedRaftLogWorker.java:lambda$new$0(132)) - 817e45eb-0e91-4002-a0d2-e698414f3877@group-80653AF4A773-SegmentedRaftLogWorker: flushIndex: setUnconditionally 0 -> -1
2019-09-29 11:43:59,482 [pool-27-thread-1] INFO  server.RaftServerConfigKeys (ConfUtils.java:logGet(43)) - raft.server.log.force.sync.num = 128 (default)
2019-09-29 11:43:59,482 [pool-37-thread-1] INFO  server.RaftServerConfigKeys (ConfUtils.java:logGet(43)) - raft.server.log.segment.size.max = 1048576 (custom)
2019-09-29 11:43:59,483 [pool-27-thread-1] INFO  server.RaftServerConfigKeys (ConfUtils.java:logGet(43)) - raft.server.log.statemachine.data.sync = true (default)
2019-09-29 11:43:59,483 [pool-47-thread-1] INFO  server.RaftServerConfigKeys (ConfUtils.java:logGet(43)) - raft.server.snapshot.auto.trigger.enabled = true (custom)
2019-09-29 11:43:59,483 [pool-27-thread-1] INFO  server.RaftServerConfigKeys (ConfUtils.java:logGet(43)) - raft.server.log.statemachine.data.sync.timeout = 10s (default)
2019-09-29 11:43:59,483 [pool-37-thread-1] INFO  server.RaftServerConfigKeys (ConfUtils.java:logGet(43)) - raft.server.log.preallocated.size = 16384 (custom)
2019-09-29 11:43:59,483 [pool-27-thread-1] INFO  server.RaftServerConfigKeys (ConfUtils.java:logGet(43)) - raft.server.log.statemachine.data.sync.timeout.retry = -1 (default)
2019-09-29 11:43:59,483 [pool-47-thread-1] INFO  server.RaftServerConfigKeys (ConfUtils.java:logGet(43)) - raft.server.snapshot.auto.trigger.threshold = 10000 (custom)
2019-09-29 11:43:59,484 [pool-27-thread-1] INFO  server.RaftServerConfigKeys (ConfUtils.java:logGet(43)) - raft.server.log.statemachine.data.caching.enabled = true (custom)
2019-09-29 11:43:59,484 [pool-37-thread-1] INFO  server.RaftServerConfigKeys (ConfUtils.java:logGet(43)) - raft.server.log.write.buffer.size = 33554432 (custom)
2019-09-29 11:43:59,484 [pool-47-thread-1] INFO  server.RaftServerConfigKeys (ConfUtils.java:logGet(43)) - raft.server.snapshot.retention.num.files = 5 (custom)
2019-09-29 11:43:59,484 [pool-27-thread-1] INFO  segmented.SegmentedRaftLogWorker (SegmentedRaftLogWorker.java:lambda$new$0(132)) - b7c508c5-e37a-4d0e-b7eb-98108d799f0d@group-80653AF4A773-SegmentedRaftLogWorker: flushIndex: setUnconditionally 0 -> -1
2019-09-29 11:43:59,484 [pool-37-thread-1] INFO  server.RaftServerConfigKeys (ConfUtils.java:logGet(43)) - raft.server.log.force.sync.num = 128 (default)
2019-09-29 11:43:59,484 [pool-47-thread-1] INFO  server.RaftServerConfigKeys (ConfUtils.java:logGet(43)) - raft.server.retrycache.expirytime = 600000ms (custom)
2019-09-29 11:43:59,485 [pool-37-thread-1] INFO  server.RaftServerConfigKeys (ConfUtils.java:logGet(43)) - raft.server.log.statemachine.data.sync = true (default)
2019-09-29 11:43:59,485 [pool-27-thread-1] INFO  server.RaftServerConfigKeys (ConfUtils.java:logGet(43)) - raft.server.snapshot.auto.trigger.enabled = true (custom)
2019-09-29 11:43:59,485 [pool-37-thread-1] INFO  server.RaftServerConfigKeys (ConfUtils.java:logGet(43)) - raft.server.log.statemachine.data.sync.timeout = 10s (default)
2019-09-29 11:43:59,485 [pool-27-thread-1] INFO  server.RaftServerConfigKeys (ConfUtils.java:logGet(43)) - raft.server.snapshot.auto.trigger.threshold = 10000 (custom)
2019-09-29 11:43:59,485 [pool-37-thread-1] INFO  server.RaftServerConfigKeys (ConfUtils.java:logGet(43)) - raft.server.log.statemachine.data.sync.timeout.retry = -1 (default)
2019-09-29 11:43:59,485 [pool-27-thread-1] INFO  server.RaftServerConfigKeys (ConfUtils.java:logGet(43)) - raft.server.snapshot.retention.num.files = 5 (custom)
2019-09-29 11:43:59,486 [pool-37-thread-1] INFO  server.RaftServerConfigKeys (ConfUtils.java:logGet(43)) - raft.server.log.statemachine.data.caching.enabled = true (custom)
2019-09-29 11:43:59,486 [pool-27-thread-1] INFO  server.RaftServerConfigKeys (ConfUtils.java:logGet(43)) - raft.server.retrycache.expirytime = 600000ms (custom)
2019-09-29 11:43:59,486 [pool-37-thread-1] INFO  segmented.SegmentedRaftLogWorker (SegmentedRaftLogWorker.java:lambda$new$0(132)) - 3bd61832-dea9-4a87-aaaf-f0ad989178d6@group-80653AF4A773-SegmentedRaftLogWorker: flushIndex: setUnconditionally 0 -> -1
2019-09-29 11:43:59,487 [pool-37-thread-1] INFO  server.RaftServerConfigKeys (ConfUtils.java:logGet(43)) - raft.server.snapshot.auto.trigger.enabled = true (custom)
2019-09-29 11:43:59,487 [pool-37-thread-1] INFO  server.RaftServerConfigKeys (ConfUtils.java:logGet(43)) - raft.server.snapshot.auto.trigger.threshold = 10000 (custom)
2019-09-29 11:43:59,487 [pool-37-thread-1] INFO  server.RaftServerConfigKeys (ConfUtils.java:logGet(43)) - raft.server.snapshot.retention.num.files = 5 (custom)
2019-09-29 11:43:59,487 [pool-37-thread-1] INFO  server.RaftServerConfigKeys (ConfUtils.java:logGet(43)) - raft.server.retrycache.expirytime = 600000ms (custom)
2019-09-29 11:43:59,490 [pool-47-thread-1] INFO  impl.RaftServerImpl (RaftServerImpl.java:start(185)) - 817e45eb-0e91-4002-a0d2-e698414f3877@group-80653AF4A773: start as a follower, conf=-1: [817e45eb-0e91-4002-a0d2-e698414f3877:192.168.30.19:45322, b7c508c5-e37a-4d0e-b7eb-98108d799f0d:192.168.30.19:40798, 3bd61832-dea9-4a87-aaaf-f0ad989178d6:192.168.30.19:35182], old=null
2019-09-29 11:43:59,491 [pool-47-thread-1] INFO  impl.RaftServerImpl (RaftServerImpl.java:setRole(174)) - 817e45eb-0e91-4002-a0d2-e698414f3877@group-80653AF4A773: changes role from      null to FOLLOWER at term 0 for startAsFollower
2019-09-29 11:43:59,491 [pool-47-thread-1] INFO  impl.RoleInfo (RoleInfo.java:updateAndGet(143)) - 817e45eb-0e91-4002-a0d2-e698414f3877: start FollowerState
2019-09-29 11:43:59,491 [pool-47-thread-1] INFO  util.JmxRegister (JmxRegister.java:tryRegister(44)) - Successfully registered JMX Bean with object name Ratis:service=RaftServer,group=group-80653AF4A773,id=817e45eb-0e91-4002-a0d2-e698414f3877
2019-09-29 11:43:59,492 [pool-27-thread-1] INFO  impl.RaftServerImpl (RaftServerImpl.java:start(185)) - b7c508c5-e37a-4d0e-b7eb-98108d799f0d@group-80653AF4A773: start as a follower, conf=-1: [817e45eb-0e91-4002-a0d2-e698414f3877:192.168.30.19:45322, b7c508c5-e37a-4d0e-b7eb-98108d799f0d:192.168.30.19:40798, 3bd61832-dea9-4a87-aaaf-f0ad989178d6:192.168.30.19:35182], old=null
2019-09-29 11:43:59,494 [pool-27-thread-1] INFO  impl.RaftServerImpl (RaftServerImpl.java:setRole(174)) - b7c508c5-e37a-4d0e-b7eb-98108d799f0d@group-80653AF4A773: changes role from      null to FOLLOWER at term 0 for startAsFollower
2019-09-29 11:43:59,495 [pool-27-thread-1] INFO  impl.RoleInfo (RoleInfo.java:updateAndGet(143)) - b7c508c5-e37a-4d0e-b7eb-98108d799f0d: start FollowerState
2019-09-29 11:43:59,496 [pool-37-thread-1] INFO  impl.RaftServerImpl (RaftServerImpl.java:start(185)) - 3bd61832-dea9-4a87-aaaf-f0ad989178d6@group-80653AF4A773: start as a follower, conf=-1: [817e45eb-0e91-4002-a0d2-e698414f3877:192.168.30.19:45322, b7c508c5-e37a-4d0e-b7eb-98108d799f0d:192.168.30.19:40798, 3bd61832-dea9-4a87-aaaf-f0ad989178d6:192.168.30.19:35182], old=null
2019-09-29 11:43:59,496 [pool-27-thread-1] INFO  util.JmxRegister (JmxRegister.java:tryRegister(44)) - Successfully registered JMX Bean with object name Ratis:service=RaftServer,group=group-80653AF4A773,id=b7c508c5-e37a-4d0e-b7eb-98108d799f0d
2019-09-29 11:43:59,496 [pool-37-thread-1] INFO  impl.RaftServerImpl (RaftServerImpl.java:setRole(174)) - 3bd61832-dea9-4a87-aaaf-f0ad989178d6@group-80653AF4A773: changes role from      null to FOLLOWER at term 0 for startAsFollower
2019-09-29 11:43:59,498 [pool-37-thread-1] INFO  impl.RoleInfo (RoleInfo.java:updateAndGet(143)) - 3bd61832-dea9-4a87-aaaf-f0ad989178d6: start FollowerState
2019-09-29 11:43:59,499 [pool-37-thread-1] INFO  util.JmxRegister (JmxRegister.java:tryRegister(44)) - Successfully registered JMX Bean with object name Ratis:service=RaftServer,group=group-80653AF4A773,id=3bd61832-dea9-4a87-aaaf-f0ad989178d6
2019-09-29 11:43:59,521 [RatisPipelineUtilsThread] INFO  pipeline.PipelineStateManager (PipelineStateManager.java:addPipeline(56)) - Created pipeline Pipeline[ Id: 97ae07c5-fdf5-4e35-be24-80653af4a773, Nodes: 3bd61832-dea9-4a87-aaaf-f0ad989178d6{ip: 192.168.30.19, host: pr-hdds-1569-lsfh5-224679870, networkLocation: /default-rack, certSerialId: null}817e45eb-0e91-4002-a0d2-e698414f3877{ip: 192.168.30.19, host: pr-hdds-1569-lsfh5-224679870, networkLocation: /default-rack, certSerialId: null}b7c508c5-e37a-4d0e-b7eb-98108d799f0d{ip: 192.168.30.19, host: pr-hdds-1569-lsfh5-224679870, networkLocation: /default-rack, certSerialId: null}, Type:RATIS, Factor:THREE, State:OPEN]
2019-09-29 11:43:59,546 [grpc-default-executor-0] INFO  impl.RaftServerProxy (RaftServerProxy.java:addNew(89)) - 817e45eb-0e91-4002-a0d2-e698414f3877: addNew group-99EA72A8CB25:[817e45eb-0e91-4002-a0d2-e698414f3877:192.168.30.19:45322, b7c508c5-e37a-4d0e-b7eb-98108d799f0d:192.168.30.19:40798, 3bd61832-dea9-4a87-aaaf-f0ad989178d6:192.168.30.19:35182] returns group-99EA72A8CB25:java.util.concurrent.CompletableFuture@7dd52d5b[Not completed]
2019-09-29 11:43:59,548 [grpc-default-executor-0] INFO  impl.RaftServerProxy (RaftServerProxy.java:addNew(89)) - b7c508c5-e37a-4d0e-b7eb-98108d799f0d: addNew group-99EA72A8CB25:[817e45eb-0e91-4002-a0d2-e698414f3877:192.168.30.19:45322, b7c508c5-e37a-4d0e-b7eb-98108d799f0d:192.168.30.19:40798, 3bd61832-dea9-4a87-aaaf-f0ad989178d6:192.168.30.19:35182] returns group-99EA72A8CB25:java.util.concurrent.CompletableFuture@4c0708aa[Not completed]
2019-09-29 11:43:59,550 [pool-47-thread-1] INFO  impl.RaftServerImpl (RaftServerImpl.java:<init>(95)) - 817e45eb-0e91-4002-a0d2-e698414f3877: new RaftServerImpl for group-99EA72A8CB25:[817e45eb-0e91-4002-a0d2-e698414f3877:192.168.30.19:45322, b7c508c5-e37a-4d0e-b7eb-98108d799f0d:192.168.30.19:40798, 3bd61832-dea9-4a87-aaaf-f0ad989178d6:192.168.30.19:35182] with ContainerStateMachine:uninitialized
2019-09-29 11:43:59,551 [grpc-default-executor-0] INFO  impl.RaftServerProxy (RaftServerProxy.java:addNew(89)) - 3bd61832-dea9-4a87-aaaf-f0ad989178d6: addNew group-99EA72A8CB25:[817e45eb-0e91-4002-a0d2-e698414f3877:192.168.30.19:45322, b7c508c5-e37a-4d0e-b7eb-98108d799f0d:192.168.30.19:40798, 3bd61832-dea9-4a87-aaaf-f0ad989178d6:192.168.30.19:35182] returns group-99EA72A8CB25:java.util.concurrent.CompletableFuture@100977a1[Not completed]
2019-09-29 11:43:59,551 [pool-47-thread-1] INFO  server.RaftServerConfigKeys (ConfUtils.java:logGet(43)) - raft.server.rpc.timeout.min = 5s (custom)
2019-09-29 11:43:59,551 [pool-47-thread-1] INFO  server.RaftServerConfigKeys (ConfUtils.java:logGet(43)) - raft.server.rpc.timeout.max = 5200ms (custom)
2019-09-29 11:43:59,551 [pool-47-thread-1] INFO  server.RaftServerConfigKeys (ConfUtils.java:logGet(43)) - raft.server.rpcslowness.timeout = 120s (custom)
2019-09-29 11:43:59,551 [pool-47-thread-1] INFO  server.RaftServerConfigKeys (ConfUtils.java:logGet(43)) - raft.server.sleep.deviation.threshold = 300 (default)
2019-09-29 11:43:59,552 [pool-47-thread-1] INFO  server.RaftServerConfigKeys (ConfUtils.java:logGet(43)) - raft.server.log.appender.install.snapshot.enabled = false (custom)
2019-09-29 11:43:59,552 [pool-47-thread-1] INFO  impl.RaftServerImpl (ServerState.java:<init>(103)) - 817e45eb-0e91-4002-a0d2-e698414f3877@group-99EA72A8CB25: ConfigurationManager, init=-1: [817e45eb-0e91-4002-a0d2-e698414f3877:192.168.30.19:45322, b7c508c5-e37a-4d0e-b7eb-98108d799f0d:192.168.30.19:40798, 3bd61832-dea9-4a87-aaaf-f0ad989178d6:192.168.30.19:35182], old=null, confs=<EMPTY_MAP>
2019-09-29 11:43:59,552 [pool-27-thread-1] INFO  impl.RaftServerImpl (RaftServerImpl.java:<init>(95)) - b7c508c5-e37a-4d0e-b7eb-98108d799f0d: new RaftServerImpl for group-99EA72A8CB25:[817e45eb-0e91-4002-a0d2-e698414f3877:192.168.30.19:45322, b7c508c5-e37a-4d0e-b7eb-98108d799f0d:192.168.30.19:40798, 3bd61832-dea9-4a87-aaaf-f0ad989178d6:192.168.30.19:35182] with ContainerStateMachine:uninitialized
2019-09-29 11:43:59,552 [pool-47-thread-1] INFO  server.RaftServerConfigKeys (ConfUtils.java:logGet(43)) - raft.server.storage.dir = [/workdir/hadoop-ozone/integration-test/target/test-dir/MiniOzoneClusterImpl-31fc3349-fe2e-414b-bea4-2e2b27fa534b/datanode-2/data/ratis] (custom)
2019-09-29 11:43:59,552 [pool-27-thread-1] INFO  server.RaftServerConfigKeys (ConfUtils.java:logGet(43)) - raft.server.rpc.timeout.min = 5s (custom)
2019-09-29 11:43:59,552 [pool-27-thread-1] INFO  server.RaftServerConfigKeys (ConfUtils.java:logGet(43)) - raft.server.rpc.timeout.max = 5200ms (custom)
2019-09-29 11:43:59,553 [pool-47-thread-1] INFO  storage.RaftStorageDirectory (RaftStorageDirectory.java:analyzeStorage(246)) - The storage directory /workdir/hadoop-ozone/integration-test/target/test-dir/MiniOzoneClusterImpl-31fc3349-fe2e-414b-bea4-2e2b27fa534b/datanode-2/data/ratis/8629319d-23f2-46f4-84a2-99ea72a8cb25 does not exist. Creating ...
2019-09-29 11:43:59,553 [pool-27-thread-1] INFO  server.RaftServerConfigKeys (ConfUtils.java:logGet(43)) - raft.server.rpcslowness.timeout = 120s (custom)
2019-09-29 11:43:59,553 [pool-37-thread-1] INFO  impl.RaftServerImpl (RaftServerImpl.java:<init>(95)) - 3bd61832-dea9-4a87-aaaf-f0ad989178d6: new RaftServerImpl for group-99EA72A8CB25:[817e45eb-0e91-4002-a0d2-e698414f3877:192.168.30.19:45322, b7c508c5-e37a-4d0e-b7eb-98108d799f0d:192.168.30.19:40798, 3bd61832-dea9-4a87-aaaf-f0ad989178d6:192.168.30.19:35182] with ContainerStateMachine:uninitialized
2019-09-29 11:43:59,553 [pool-27-thread-1] INFO  server.RaftServerConfigKeys (ConfUtils.java:logGet(43)) - raft.server.sleep.deviation.threshold = 300 (default)
2019-09-29 11:43:59,553 [pool-37-thread-1] INFO  server.RaftServerConfigKeys (ConfUtils.java:logGet(43)) - raft.server.rpc.timeout.min = 5s (custom)
2019-09-29 11:43:59,553 [pool-27-thread-1] INFO  server.RaftServerConfigKeys (ConfUtils.java:logGet(43)) - raft.server.log.appender.install.snapshot.enabled = false (custom)
2019-09-29 11:43:59,553 [pool-37-thread-1] INFO  server.RaftServerConfigKeys (ConfUtils.java:logGet(43)) - raft.server.rpc.timeout.max = 5200ms (custom)
2019-09-29 11:43:59,554 [pool-27-thread-1] INFO  impl.RaftServerImpl (ServerState.java:<init>(103)) - b7c508c5-e37a-4d0e-b7eb-98108d799f0d@group-99EA72A8CB25: ConfigurationManager, init=-1: [817e45eb-0e91-4002-a0d2-e698414f3877:192.168.30.19:45322, b7c508c5-e37a-4d0e-b7eb-98108d799f0d:192.168.30.19:40798, 3bd61832-dea9-4a87-aaaf-f0ad989178d6:192.168.30.19:35182], old=null, confs=<EMPTY_MAP>
2019-09-29 11:43:59,554 [pool-37-thread-1] INFO  server.RaftServerConfigKeys (ConfUtils.java:logGet(43)) - raft.server.rpcslowness.timeout = 120s (custom)
2019-09-29 11:43:59,554 [pool-27-thread-1] INFO  server.RaftServerConfigKeys (ConfUtils.java:logGet(43)) - raft.server.storage.dir = [/workdir/hadoop-ozone/integration-test/target/test-dir/MiniOzoneClusterImpl-31fc3349-fe2e-414b-bea4-2e2b27fa534b/datanode-0/data/ratis] (custom)
2019-09-29 11:43:59,554 [pool-37-thread-1] INFO  server.RaftServerConfigKeys (ConfUtils.java:logGet(43)) - raft.server.sleep.deviation.threshold = 300 (default)
2019-09-29 11:43:59,555 [pool-37-thread-1] INFO  server.RaftServerConfigKeys (ConfUtils.java:logGet(43)) - raft.server.log.appender.install.snapshot.enabled = false (custom)
2019-09-29 11:43:59,555 [pool-27-thread-1] INFO  storage.RaftStorageDirectory (RaftStorageDirectory.java:analyzeStorage(246)) - The storage directory /workdir/hadoop-ozone/integration-test/target/test-dir/MiniOzoneClusterImpl-31fc3349-fe2e-414b-bea4-2e2b27fa534b/datanode-0/data/ratis/8629319d-23f2-46f4-84a2-99ea72a8cb25 does not exist. Creating ...
2019-09-29 11:43:59,555 [pool-37-thread-1] INFO  impl.RaftServerImpl (ServerState.java:<init>(103)) - 3bd61832-dea9-4a87-aaaf-f0ad989178d6@group-99EA72A8CB25: ConfigurationManager, init=-1: [817e45eb-0e91-4002-a0d2-e698414f3877:192.168.30.19:45322, b7c508c5-e37a-4d0e-b7eb-98108d799f0d:192.168.30.19:40798, 3bd61832-dea9-4a87-aaaf-f0ad989178d6:192.168.30.19:35182], old=null, confs=<EMPTY_MAP>
2019-09-29 11:43:59,555 [pool-37-thread-1] INFO  server.RaftServerConfigKeys (ConfUtils.java:logGet(43)) - raft.server.storage.dir = [/workdir/hadoop-ozone/integration-test/target/test-dir/MiniOzoneClusterImpl-31fc3349-fe2e-414b-bea4-2e2b27fa534b/datanode-1/data/ratis] (custom)
2019-09-29 11:43:59,555 [pool-37-thread-1] INFO  storage.RaftStorageDirectory (RaftStorageDirectory.java:analyzeStorage(246)) - The storage directory /workdir/hadoop-ozone/integration-test/target/test-dir/MiniOzoneClusterImpl-31fc3349-fe2e-414b-bea4-2e2b27fa534b/datanode-1/data/ratis/8629319d-23f2-46f4-84a2-99ea72a8cb25 does not exist. Creating ...
2019-09-29 11:43:59,578 [pool-37-thread-1] INFO  storage.RaftStorageDirectory (RaftStorageDirectory.java:tryLock(328)) - Lock on /workdir/hadoop-ozone/integration-test/target/test-dir/MiniOzoneClusterImpl-31fc3349-fe2e-414b-bea4-2e2b27fa534b/datanode-1/data/ratis/8629319d-23f2-46f4-84a2-99ea72a8cb25/in_use.lock acquired by nodename 15611@pr-hdds-1569-lsfh5-224679870
2019-09-29 11:43:59,578 [pool-27-thread-1] INFO  storage.RaftStorageDirectory (RaftStorageDirectory.java:tryLock(328)) - Lock on /workdir/hadoop-ozone/integration-test/target/test-dir/MiniOzoneClusterImpl-31fc3349-fe2e-414b-bea4-2e2b27fa534b/datanode-0/data/ratis/8629319d-23f2-46f4-84a2-99ea72a8cb25/in_use.lock acquired by nodename 15611@pr-hdds-1569-lsfh5-224679870
2019-09-29 11:43:59,578 [pool-47-thread-1] INFO  storage.RaftStorageDirectory (RaftStorageDirectory.java:tryLock(328)) - Lock on /workdir/hadoop-ozone/integration-test/target/test-dir/MiniOzoneClusterImpl-31fc3349-fe2e-414b-bea4-2e2b27fa534b/datanode-2/data/ratis/8629319d-23f2-46f4-84a2-99ea72a8cb25/in_use.lock acquired by nodename 15611@pr-hdds-1569-lsfh5-224679870
2019-09-29 11:43:59,603 [pool-27-thread-1] INFO  storage.RaftStorage (RaftStorage.java:format(72)) - Storage directory /workdir/hadoop-ozone/integration-test/target/test-dir/MiniOzoneClusterImpl-31fc3349-fe2e-414b-bea4-2e2b27fa534b/datanode-0/data/ratis/8629319d-23f2-46f4-84a2-99ea72a8cb25 has been successfully formatted.
2019-09-29 11:43:59,603 [pool-37-thread-1] INFO  storage.RaftStorage (RaftStorage.java:format(72)) - Storage directory /workdir/hadoop-ozone/integration-test/target/test-dir/MiniOzoneClusterImpl-31fc3349-fe2e-414b-bea4-2e2b27fa534b/datanode-1/data/ratis/8629319d-23f2-46f4-84a2-99ea72a8cb25 has been successfully formatted.
2019-09-29 11:43:59,604 [pool-27-thread-1] INFO  ratis.ContainerStateMachine (ContainerStateMachine.java:loadSnapshot(230)) - group-99EA72A8CB25: The snapshot info is null. Setting the last applied indexto:(t:0, i:~)
2019-09-29 11:43:59,603 [pool-47-thread-1] INFO  storage.RaftStorage (RaftStorage.java:format(72)) - Storage directory /workdir/hadoop-ozone/integration-test/target/test-dir/MiniOzoneClusterImpl-31fc3349-fe2e-414b-bea4-2e2b27fa534b/datanode-2/data/ratis/8629319d-23f2-46f4-84a2-99ea72a8cb25 has been successfully formatted.
2019-09-29 11:43:59,604 [pool-27-thread-1] INFO  server.RaftServerConfigKeys (ConfUtils.java:logGet(43)) - raft.server.notification.no-leader.timeout = 120s (custom)
2019-09-29 11:43:59,604 [pool-37-thread-1] INFO  ratis.ContainerStateMachine (ContainerStateMachine.java:loadSnapshot(230)) - group-99EA72A8CB25: The snapshot info is null. Setting the last applied indexto:(t:0, i:~)
2019-09-29 11:43:59,604 [pool-47-thread-1] INFO  ratis.ContainerStateMachine (ContainerStateMachine.java:loadSnapshot(230)) - group-99EA72A8CB25: The snapshot info is null. Setting the last applied indexto:(t:0, i:~)
2019-09-29 11:43:59,604 [pool-27-thread-1] INFO  server.RaftServerConfigKeys (ConfUtils.java:logGet(43)) - raft.server.log.use.memory = false (default)
2019-09-29 11:43:59,605 [pool-47-thread-1] INFO  server.RaftServerConfigKeys (ConfUtils.java:logGet(43)) - raft.server.notification.no-leader.timeout = 120s (custom)
2019-09-29 11:43:59,605 [pool-37-thread-1] INFO  server.RaftServerConfigKeys (ConfUtils.java:logGet(43)) - raft.server.notification.no-leader.timeout = 120s (custom)
2019-09-29 11:43:59,605 [pool-47-thread-1] INFO  server.RaftServerConfigKeys (ConfUtils.java:logGet(43)) - raft.server.log.use.memory = false (default)
2019-09-29 11:43:59,605 [pool-27-thread-1] INFO  server.RaftServerConfigKeys (ConfUtils.java:logGet(43)) - raft.server.log.purge.gap = 1000000 (custom)
2019-09-29 11:43:59,605 [pool-47-thread-1] INFO  server.RaftServerConfigKeys (ConfUtils.java:logGet(43)) - raft.server.log.purge.gap = 1000000 (custom)
2019-09-29 11:43:59,605 [pool-37-thread-1] INFO  server.RaftServerConfigKeys (ConfUtils.java:logGet(43)) - raft.server.log.use.memory = false (default)
2019-09-29 11:43:59,606 [pool-47-thread-1] INFO  server.RaftServerConfigKeys (ConfUtils.java:logGet(43)) - raft.server.log.appender.buffer.byte-limit = 33554432 (custom)
2019-09-29 11:43:59,606 [pool-27-thread-1] INFO  server.RaftServerConfigKeys (ConfUtils.java:logGet(43)) - raft.server.log.appender.buffer.byte-limit = 33554432 (custom)
2019-09-29 11:43:59,606 [pool-47-thread-1] INFO  server.RaftServerConfigKeys (ConfUtils.java:logGet(43)) - raft.server.log.segment.size.max = 1048576 (custom)
2019-09-29 11:43:59,606 [pool-37-thread-1] INFO  server.RaftServerConfigKeys (ConfUtils.java:logGet(43)) - raft.server.log.purge.gap = 1000000 (custom)
2019-09-29 11:43:59,607 [pool-47-thread-1] INFO  server.RaftServerConfigKeys (ConfUtils.java:logGet(43)) - raft.server.log.segment.cache.num.max = 2 (custom)
2019-09-29 11:43:59,606 [pool-27-thread-1] INFO  server.RaftServerConfigKeys (ConfUtils.java:logGet(43)) - raft.server.log.segment.size.max = 1048576 (custom)
2019-09-29 11:43:59,607 [pool-47-thread-1] INFO  segmented.SegmentedRaftLogWorker (SegmentedRaftLogWorker.java:<init>(172)) - new 817e45eb-0e91-4002-a0d2-e698414f3877@group-99EA72A8CB25-SegmentedRaftLogWorker for RaftStorage:Storage Directory /workdir/hadoop-ozone/integration-test/target/test-dir/MiniOzoneClusterImpl-31fc3349-fe2e-414b-bea4-2e2b27fa534b/datanode-2/data/ratis/8629319d-23f2-46f4-84a2-99ea72a8cb25
2019-09-29 11:43:59,607 [pool-37-thread-1] INFO  server.RaftServerConfigKeys (ConfUtils.java:logGet(43)) - raft.server.log.appender.buffer.byte-limit = 33554432 (custom)
2019-09-29 11:43:59,607 [pool-47-thread-1] INFO  server.RaftServerConfigKeys (ConfUtils.java:logGet(43)) - raft.server.log.queue.byte-limit = 2147483647 (custom)
2019-09-29 11:43:59,607 [pool-27-thread-1] INFO  server.RaftServerConfigKeys (ConfUtils.java:logGet(43)) - raft.server.log.segment.cache.num.max = 2 (custom)
2019-09-29 11:43:59,608 [pool-47-thread-1] INFO  server.RaftServerConfigKeys (ConfUtils.java:logGet(43)) - raft.server.log.queue.element-limit = 1024 (custom)
2019-09-29 11:43:59,608 [pool-37-thread-1] INFO  server.RaftServerConfigKeys (ConfUtils.java:logGet(43)) - raft.server.log.segment.size.max = 1048576 (custom)
2019-09-29 11:43:59,608 [pool-47-thread-1] INFO  server.RaftServerConfigKeys (ConfUtils.java:logGet(43)) - raft.server.log.segment.size.max = 1048576 (custom)
2019-09-29 11:43:59,608 [pool-27-thread-1] INFO  segmented.SegmentedRaftLogWorker (SegmentedRaftLogWorker.java:<init>(172)) - new b7c508c5-e37a-4d0e-b7eb-98108d799f0d@group-99EA72A8CB25-SegmentedRaftLogWorker for RaftStorage:Storage Directory /workdir/hadoop-ozone/integration-test/target/test-dir/MiniOzoneClusterImpl-31fc3349-fe2e-414b-bea4-2e2b27fa534b/datanode-0/data/ratis/8629319d-23f2-46f4-84a2-99ea72a8cb25
2019-09-29 11:43:59,608 [pool-47-thread-1] INFO  server.RaftServerConfigKeys (ConfUtils.java:logGet(43)) - raft.server.log.preallocated.size = 16384 (custom)
2019-09-29 11:43:59,608 [pool-37-thread-1] INFO  server.RaftServerConfigKeys (ConfUtils.java:logGet(43)) - raft.server.log.segment.cache.num.max = 2 (custom)
2019-09-29 11:43:59,609 [pool-47-thread-1] INFO  server.RaftServerConfigKeys (ConfUtils.java:logGet(43)) - raft.server.log.write.buffer.size = 33554432 (custom)
2019-09-29 11:43:59,609 [pool-27-thread-1] INFO  server.RaftServerConfigKeys (ConfUtils.java:logGet(43)) - raft.server.log.queue.byte-limit = 2147483647 (custom)
2019-09-29 11:43:59,609 [pool-47-thread-1] INFO  server.RaftServerConfigKeys (ConfUtils.java:logGet(43)) - raft.server.log.force.sync.num = 128 (default)
2019-09-29 11:43:59,609 [pool-37-thread-1] INFO  segmented.SegmentedRaftLogWorker (SegmentedRaftLogWorker.java:<init>(172)) - new 3bd61832-dea9-4a87-aaaf-f0ad989178d6@group-99EA72A8CB25-SegmentedRaftLogWorker for RaftStorage:Storage Directory /workdir/hadoop-ozone/integration-test/target/test-dir/MiniOzoneClusterImpl-31fc3349-fe2e-414b-bea4-2e2b27fa534b/datanode-1/data/ratis/8629319d-23f2-46f4-84a2-99ea72a8cb25
2019-09-29 11:43:59,610 [pool-47-thread-1] INFO  server.RaftServerConfigKeys (ConfUtils.java:logGet(43)) - raft.server.log.statemachine.data.sync = true (default)
2019-09-29 11:43:59,609 [pool-27-thread-1] INFO  server.RaftServerConfigKeys (ConfUtils.java:logGet(43)) - raft.server.log.queue.element-limit = 1024 (custom)
2019-09-29 11:43:59,610 [pool-47-thread-1] INFO  server.RaftServerConfigKeys (ConfUtils.java:logGet(43)) - raft.server.log.statemachine.data.sync.timeout = 10s (default)
2019-09-29 11:43:59,610 [pool-37-thread-1] INFO  server.RaftServerConfigKeys (ConfUtils.java:logGet(43)) - raft.server.log.queue.byte-limit = 2147483647 (custom)
2019-09-29 11:43:59,610 [pool-47-thread-1] INFO  server.RaftServerConfigKeys (ConfUtils.java:logGet(43)) - raft.server.log.statemachine.data.sync.timeout.retry = -1 (default)
2019-09-29 11:43:59,610 [pool-27-thread-1] INFO  server.RaftServerConfigKeys (ConfUtils.java:logGet(43)) - raft.server.log.segment.size.max = 1048576 (custom)
2019-09-29 11:43:59,611 [pool-47-thread-1] INFO  server.RaftServerConfigKeys (ConfUtils.java:logGet(43)) - raft.server.log.statemachine.data.caching.enabled = true (custom)
2019-09-29 11:43:59,611 [pool-37-thread-1] INFO  server.RaftServerConfigKeys (ConfUtils.java:logGet(43)) - raft.server.log.queue.element-limit = 1024 (custom)
2019-09-29 11:43:59,611 [pool-27-thread-1] INFO  server.RaftServerConfigKeys (ConfUtils.java:logGet(43)) - raft.server.log.preallocated.size = 16384 (custom)
2019-09-29 11:43:59,611 [pool-37-thread-1] INFO  server.RaftServerConfigKeys (ConfUtils.java:logGet(43)) - raft.server.log.segment.size.max = 1048576 (custom)
2019-09-29 11:43:59,611 [pool-47-thread-1] INFO  segmented.SegmentedRaftLogWorker (SegmentedRaftLogWorker.java:lambda$new$0(132)) - 817e45eb-0e91-4002-a0d2-e698414f3877@group-99EA72A8CB25-SegmentedRaftLogWorker: flushIndex: setUnconditionally 0 -> -1
2019-09-29 11:43:59,612 [pool-37-thread-1] INFO  server.RaftServerConfigKeys (ConfUtils.java:logGet(43)) - raft.server.log.preallocated.size = 16384 (custom)
2019-09-29 11:43:59,611 [pool-27-thread-1] INFO  server.RaftServerConfigKeys (ConfUtils.java:logGet(43)) - raft.server.log.write.buffer.size = 33554432 (custom)
2019-09-29 11:43:59,612 [pool-37-thread-1] INFO  server.RaftServerConfigKeys (ConfUtils.java:logGet(43)) - raft.server.log.write.buffer.size = 33554432 (custom)
2019-09-29 11:43:59,612 [pool-47-thread-1] INFO  server.RaftServerConfigKeys (ConfUtils.java:logGet(43)) - raft.server.snapshot.auto.trigger.enabled = true (custom)
2019-09-29 11:43:59,613 [pool-37-thread-1] INFO  server.RaftServerConfigKeys (ConfUtils.java:logGet(43)) - raft.server.log.force.sync.num = 128 (default)
2019-09-29 11:43:59,612 [pool-27-thread-1] INFO  server.RaftServerConfigKeys (ConfUtils.java:logGet(43)) - raft.server.log.force.sync.num = 128 (default)
2019-09-29 11:43:59,613 [pool-37-thread-1] INFO  server.RaftServerConfigKeys (ConfUtils.java:logGet(43)) - raft.server.log.statemachine.data.sync = true (default)
2019-09-29 11:43:59,613 [pool-47-thread-1] INFO  server.RaftServerConfigKeys (ConfUtils.java:logGet(43)) - raft.server.snapshot.auto.trigger.threshold = 10000 (custom)
2019-09-29 11:43:59,613 [pool-37-thread-1] INFO  server.RaftServerConfigKeys (ConfUtils.java:logGet(43)) - raft.server.log.statemachine.data.sync.timeout = 10s (default)
2019-09-29 11:43:59,613 [pool-27-thread-1] INFO  server.RaftServerConfigKeys (ConfUtils.java:logGet(43)) - raft.server.log.statemachine.data.sync = true (default)
2019-09-29 11:43:59,614 [pool-37-thread-1] INFO  server.RaftServerConfigKeys (ConfUtils.java:logGet(43)) - raft.server.log.statemachine.data.sync.timeout.retry = -1 (default)
2019-09-29 11:43:59,614 [pool-47-thread-1] INFO  server.RaftServerConfigKeys (ConfUtils.java:logGet(43)) - raft.server.snapshot.retention.num.files = 5 (custom)
2019-09-29 11:43:59,614 [pool-27-thread-1] INFO  server.RaftServerConfigKeys (ConfUtils.java:logGet(43)) - raft.server.log.statemachine.data.sync.timeout = 10s (default)
2019-09-29 11:43:59,615 [pool-47-thread-1] INFO  server.RaftServerConfigKeys (ConfUtils.java:logGet(43)) - raft.server.retrycache.expirytime = 600000ms (custom)
2019-09-29 11:43:59,614 [pool-37-thread-1] INFO  server.RaftServerConfigKeys (ConfUtils.java:logGet(43)) - raft.server.log.statemachine.data.caching.enabled = true (custom)
2019-09-29 11:43:59,615 [pool-27-thread-1] INFO  server.RaftServerConfigKeys (ConfUtils.java:logGet(43)) - raft.server.log.statemachine.data.sync.timeout.retry = -1 (default)
2019-09-29 11:43:59,615 [pool-37-thread-1] INFO  segmented.SegmentedRaftLogWorker (SegmentedRaftLogWorker.java:lambda$new$0(132)) - 3bd61832-dea9-4a87-aaaf-f0ad989178d6@group-99EA72A8CB25-SegmentedRaftLogWorker: flushIndex: setUnconditionally 0 -> -1
2019-09-29 11:43:59,615 [pool-27-thread-1] INFO  server.RaftServerConfigKeys (ConfUtils.java:logGet(43)) - raft.server.log.statemachine.data.caching.enabled = true (custom)
2019-09-29 11:43:59,616 [pool-37-thread-1] INFO  server.RaftServerConfigKeys (ConfUtils.java:logGet(43)) - raft.server.snapshot.auto.trigger.enabled = true (custom)
2019-09-29 11:43:59,616 [pool-27-thread-1] INFO  segmented.SegmentedRaftLogWorker (SegmentedRaftLogWorker.java:lambda$new$0(132)) - b7c508c5-e37a-4d0e-b7eb-98108d799f0d@group-99EA72A8CB25-SegmentedRaftLogWorker: flushIndex: setUnconditionally 0 -> -1
2019-09-29 11:43:59,616 [pool-37-thread-1] INFO  server.RaftServerConfigKeys (ConfUtils.java:logGet(43)) - raft.server.snapshot.auto.trigger.threshold = 10000 (custom)
2019-09-29 11:43:59,616 [pool-27-thread-1] INFO  server.RaftServerConfigKeys (ConfUtils.java:logGet(43)) - raft.server.snapshot.auto.trigger.enabled = true (custom)
2019-09-29 11:43:59,616 [pool-37-thread-1] INFO  server.RaftServerConfigKeys (ConfUtils.java:logGet(43)) - raft.server.snapshot.retention.num.files = 5 (custom)
2019-09-29 11:43:59,616 [pool-27-thread-1] INFO  server.RaftServerConfigKeys (ConfUtils.java:logGet(43)) - raft.server.snapshot.auto.trigger.threshold = 10000 (custom)
2019-09-29 11:43:59,617 [pool-37-thread-1] INFO  server.RaftServerConfigKeys (ConfUtils.java:logGet(43)) - raft.server.retrycache.expirytime = 600000ms (custom)
2019-09-29 11:43:59,617 [pool-27-thread-1] INFO  server.RaftServerConfigKeys (ConfUtils.java:logGet(43)) - raft.server.snapshot.retention.num.files = 5 (custom)
2019-09-29 11:43:59,617 [pool-27-thread-1] INFO  server.RaftServerConfigKeys (ConfUtils.java:logGet(43)) - raft.server.retrycache.expirytime = 600000ms (custom)
2019-09-29 11:43:59,620 [pool-47-thread-1] INFO  impl.RaftServerImpl (RaftServerImpl.java:start(185)) - 817e45eb-0e91-4002-a0d2-e698414f3877@group-99EA72A8CB25: start as a follower, conf=-1: [817e45eb-0e91-4002-a0d2-e698414f3877:192.168.30.19:45322, b7c508c5-e37a-4d0e-b7eb-98108d799f0d:192.168.30.19:40798, 3bd61832-dea9-4a87-aaaf-f0ad989178d6:192.168.30.19:35182], old=null
2019-09-29 11:43:59,620 [pool-47-thread-1] INFO  impl.RaftServerImpl (RaftServerImpl.java:setRole(174)) - 817e45eb-0e91-4002-a0d2-e698414f3877@group-99EA72A8CB25: changes role from      null to FOLLOWER at term 0 for startAsFollower
2019-09-29 11:43:59,621 [pool-47-thread-1] INFO  impl.RoleInfo (RoleInfo.java:updateAndGet(143)) - 817e45eb-0e91-4002-a0d2-e698414f3877: start FollowerState
2019-09-29 11:43:59,621 [pool-47-thread-1] INFO  util.JmxRegister (JmxRegister.java:tryRegister(44)) - Successfully registered JMX Bean with object name Ratis:service=RaftServer,group=group-99EA72A8CB25,id=817e45eb-0e91-4002-a0d2-e698414f3877
2019-09-29 11:43:59,624 [pool-37-thread-1] INFO  impl.RaftServerImpl (RaftServerImpl.java:start(185)) - 3bd61832-dea9-4a87-aaaf-f0ad989178d6@group-99EA72A8CB25: start as a follower, conf=-1: [817e45eb-0e91-4002-a0d2-e698414f3877:192.168.30.19:45322, b7c508c5-e37a-4d0e-b7eb-98108d799f0d:192.168.30.19:40798, 3bd61832-dea9-4a87-aaaf-f0ad989178d6:192.168.30.19:35182], old=null
2019-09-29 11:43:59,624 [pool-27-thread-1] INFO  impl.RaftServerImpl (RaftServerImpl.java:start(185)) - b7c508c5-e37a-4d0e-b7eb-98108d799f0d@group-99EA72A8CB25: start as a follower, conf=-1: [817e45eb-0e91-4002-a0d2-e698414f3877:192.168.30.19:45322, b7c508c5-e37a-4d0e-b7eb-98108d799f0d:192.168.30.19:40798, 3bd61832-dea9-4a87-aaaf-f0ad989178d6:192.168.30.19:35182], old=null
2019-09-29 11:43:59,626 [pool-37-thread-1] INFO  impl.RaftServerImpl (RaftServerImpl.java:setRole(174)) - 3bd61832-dea9-4a87-aaaf-f0ad989178d6@group-99EA72A8CB25: changes role from      null to FOLLOWER at term 0 for startAsFollower
2019-09-29 11:43:59,626 [pool-27-thread-1] INFO  impl.RaftServerImpl (RaftServerImpl.java:setRole(174)) - b7c508c5-e37a-4d0e-b7eb-98108d799f0d@group-99EA72A8CB25: changes role from      null to FOLLOWER at term 0 for startAsFollower
2019-09-29 11:43:59,627 [pool-37-thread-1] INFO  impl.RoleInfo (RoleInfo.java:updateAndGet(143)) - 3bd61832-dea9-4a87-aaaf-f0ad989178d6: start FollowerState
2019-09-29 11:43:59,627 [pool-27-thread-1] INFO  impl.RoleInfo (RoleInfo.java:updateAndGet(143)) - b7c508c5-e37a-4d0e-b7eb-98108d799f0d: start FollowerState
2019-09-29 11:43:59,631 [pool-37-thread-1] INFO  util.JmxRegister (JmxRegister.java:tryRegister(44)) - Successfully registered JMX Bean with object name Ratis:service=RaftServer,group=group-99EA72A8CB25,id=3bd61832-dea9-4a87-aaaf-f0ad989178d6
2019-09-29 11:43:59,632 [pool-27-thread-1] INFO  util.JmxRegister (JmxRegister.java:tryRegister(44)) - Successfully registered JMX Bean with object name Ratis:service=RaftServer,group=group-99EA72A8CB25,id=b7c508c5-e37a-4d0e-b7eb-98108d799f0d
2019-09-29 11:43:59,645 [RatisPipelineUtilsThread] INFO  pipeline.PipelineStateManager (PipelineStateManager.java:addPipeline(56)) - Created pipeline Pipeline[ Id: 8629319d-23f2-46f4-84a2-99ea72a8cb25, Nodes: 3bd61832-dea9-4a87-aaaf-f0ad989178d6{ip: 192.168.30.19, host: pr-hdds-1569-lsfh5-224679870, networkLocation: /default-rack, certSerialId: null}b7c508c5-e37a-4d0e-b7eb-98108d799f0d{ip: 192.168.30.19, host: pr-hdds-1569-lsfh5-224679870, networkLocation: /default-rack, certSerialId: null}817e45eb-0e91-4002-a0d2-e698414f3877{ip: 192.168.30.19, host: pr-hdds-1569-lsfh5-224679870, networkLocation: /default-rack, certSerialId: null}, Type:RATIS, Factor:THREE, State:OPEN]
2019-09-29 11:43:59,666 [grpc-default-executor-1] INFO  impl.RaftServerProxy (RaftServerProxy.java:addNew(89)) - b7c508c5-e37a-4d0e-b7eb-98108d799f0d: addNew group-31B6648D9D3C:[817e45eb-0e91-4002-a0d2-e698414f3877:192.168.30.19:45322, b7c508c5-e37a-4d0e-b7eb-98108d799f0d:192.168.30.19:40798, 3bd61832-dea9-4a87-aaaf-f0ad989178d6:192.168.30.19:35182] returns group-31B6648D9D3C:java.util.concurrent.CompletableFuture@420645f[Not completed]
2019-09-29 11:43:59,666 [grpc-default-executor-2] INFO  impl.RaftServerProxy (RaftServerProxy.java:addNew(89)) - 817e45eb-0e91-4002-a0d2-e698414f3877: addNew group-31B6648D9D3C:[817e45eb-0e91-4002-a0d2-e698414f3877:192.168.30.19:45322, b7c508c5-e37a-4d0e-b7eb-98108d799f0d:192.168.30.19:40798, 3bd61832-dea9-4a87-aaaf-f0ad989178d6:192.168.30.19:35182] returns group-31B6648D9D3C:java.util.concurrent.CompletableFuture@4a8f8bc8[Not completed]
2019-09-29 11:43:59,666 [grpc-default-executor-0] INFO  impl.RaftServerProxy (RaftServerProxy.java:addNew(89)) - 3bd61832-dea9-4a87-aaaf-f0ad989178d6: addNew group-31B6648D9D3C:[817e45eb-0e91-4002-a0d2-e698414f3877:192.168.30.19:45322, b7c508c5-e37a-4d0e-b7eb-98108d799f0d:192.168.30.19:40798, 3bd61832-dea9-4a87-aaaf-f0ad989178d6:192.168.30.19:35182] returns group-31B6648D9D3C:java.util.concurrent.CompletableFuture@3b0b3a5d[Not completed]
2019-09-29 11:43:59,669 [pool-27-thread-1] INFO  impl.RaftServerImpl (RaftServerImpl.java:<init>(95)) - b7c508c5-e37a-4d0e-b7eb-98108d799f0d: new RaftServerImpl for group-31B6648D9D3C:[817e45eb-0e91-4002-a0d2-e698414f3877:192.168.30.19:45322, b7c508c5-e37a-4d0e-b7eb-98108d799f0d:192.168.30.19:40798, 3bd61832-dea9-4a87-aaaf-f0ad989178d6:192.168.30.19:35182] with ContainerStateMachine:uninitialized
2019-09-29 11:43:59,669 [pool-27-thread-1] INFO  server.RaftServerConfigKeys (ConfUtils.java:logGet(43)) - raft.server.rpc.timeout.min = 5s (custom)
2019-09-29 11:43:59,669 [pool-27-thread-1] INFO  server.RaftServerConfigKeys (ConfUtils.java:logGet(43)) - raft.server.rpc.timeout.max = 5200ms (custom)
2019-09-29 11:43:59,669 [pool-27-thread-1] INFO  server.RaftServerConfigKeys (ConfUtils.java:logGet(43)) - raft.server.rpcslowness.timeout = 120s (custom)
2019-09-29 11:43:59,670 [pool-27-thread-1] INFO  server.RaftServerConfigKeys (ConfUtils.java:logGet(43)) - raft.server.sleep.deviation.threshold = 300 (default)
2019-09-29 11:43:59,670 [pool-27-thread-1] INFO  server.RaftServerConfigKeys (ConfUtils.java:logGet(43)) - raft.server.log.appender.install.snapshot.enabled = false (custom)
2019-09-29 11:43:59,670 [pool-27-thread-1] INFO  impl.RaftServerImpl (ServerState.java:<init>(103)) - b7c508c5-e37a-4d0e-b7eb-98108d799f0d@group-31B6648D9D3C: ConfigurationManager, init=-1: [817e45eb-0e91-4002-a0d2-e698414f3877:192.168.30.19:45322, b7c508c5-e37a-4d0e-b7eb-98108d799f0d:192.168.30.19:40798, 3bd61832-dea9-4a87-aaaf-f0ad989178d6:192.168.30.19:35182], old=null, confs=<EMPTY_MAP>
2019-09-29 11:43:59,670 [pool-47-thread-1] INFO  impl.RaftServerImpl (RaftServerImpl.java:<init>(95)) - 817e45eb-0e91-4002-a0d2-e698414f3877: new RaftServerImpl for group-31B6648D9D3C:[817e45eb-0e91-4002-a0d2-e698414f3877:192.168.30.19:45322, b7c508c5-e37a-4d0e-b7eb-98108d799f0d:192.168.30.19:40798, 3bd61832-dea9-4a87-aaaf-f0ad989178d6:192.168.30.19:35182] with ContainerStateMachine:uninitialized
2019-09-29 11:43:59,670 [pool-27-thread-1] INFO  server.RaftServerConfigKeys (ConfUtils.java:logGet(43)) - raft.server.storage.dir = [/workdir/hadoop-ozone/integration-test/target/test-dir/MiniOzoneClusterImpl-31fc3349-fe2e-414b-bea4-2e2b27fa534b/datanode-0/data/ratis] (custom)
2019-09-29 11:43:59,670 [pool-47-thread-1] INFO  server.RaftServerConfigKeys (ConfUtils.java:logGet(43)) - raft.server.rpc.timeout.min = 5s (custom)
2019-09-29 11:43:59,671 [pool-47-thread-1] INFO  server.RaftServerConfigKeys (ConfUtils.java:logGet(43)) - raft.server.rpc.timeout.max = 5200ms (custom)
2019-09-29 11:43:59,671 [pool-27-thread-1] INFO  storage.RaftStorageDirectory (RaftStorageDirectory.java:analyzeStorage(246)) - The storage directory /workdir/hadoop-ozone/integration-test/target/test-dir/MiniOzoneClusterImpl-31fc3349-fe2e-414b-bea4-2e2b27fa534b/datanode-0/data/ratis/e52e9f30-012f-4ed7-ad9b-31b6648d9d3c does not exist. Creating ...
2019-09-29 11:43:59,671 [pool-47-thread-1] INFO  server.RaftServerConfigKeys (ConfUtils.java:logGet(43)) - raft.server.rpcslowness.timeout = 120s (custom)
2019-09-29 11:43:59,671 [pool-37-thread-1] INFO  impl.RaftServerImpl (RaftServerImpl.java:<init>(95)) - 3bd61832-dea9-4a87-aaaf-f0ad989178d6: new RaftServerImpl for group-31B6648D9D3C:[817e45eb-0e91-4002-a0d2-e698414f3877:192.168.30.19:45322, b7c508c5-e37a-4d0e-b7eb-98108d799f0d:192.168.30.19:40798, 3bd61832-dea9-4a87-aaaf-f0ad989178d6:192.168.30.19:35182] with ContainerStateMachine:uninitialized
2019-09-29 11:43:59,671 [pool-47-thread-1] INFO  server.RaftServerConfigKeys (ConfUtils.java:logGet(43)) - raft.server.sleep.deviation.threshold = 300 (default)
2019-09-29 11:43:59,671 [pool-37-thread-1] INFO  server.RaftServerConfigKeys (ConfUtils.java:logGet(43)) - raft.server.rpc.timeout.min = 5s (custom)
2019-09-29 11:43:59,671 [pool-47-thread-1] INFO  server.RaftServerConfigKeys (ConfUtils.java:logGet(43)) - raft.server.log.appender.install.snapshot.enabled = false (custom)
2019-09-29 11:43:59,672 [pool-37-thread-1] INFO  server.RaftServerConfigKeys (ConfUtils.java:logGet(43)) - raft.server.rpc.timeout.max = 5200ms (custom)
2019-09-29 11:43:59,672 [pool-47-thread-1] INFO  impl.RaftServerImpl (ServerState.java:<init>(103)) - 817e45eb-0e91-4002-a0d2-e698414f3877@group-31B6648D9D3C: ConfigurationManager, init=-1: [817e45eb-0e91-4002-a0d2-e698414f3877:192.168.30.19:45322, b7c508c5-e37a-4d0e-b7eb-98108d799f0d:192.168.30.19:40798, 3bd61832-dea9-4a87-aaaf-f0ad989178d6:192.168.30.19:35182], old=null, confs=<EMPTY_MAP>
2019-09-29 11:43:59,672 [pool-37-thread-1] INFO  server.RaftServerConfigKeys (ConfUtils.java:logGet(43)) - raft.server.rpcslowness.timeout = 120s (custom)
2019-09-29 11:43:59,672 [pool-47-thread-1] INFO  server.RaftServerConfigKeys (ConfUtils.java:logGet(43)) - raft.server.storage.dir = [/workdir/hadoop-ozone/integration-test/target/test-dir/MiniOzoneClusterImpl-31fc3349-fe2e-414b-bea4-2e2b27fa534b/datanode-2/data/ratis] (custom)
2019-09-29 11:43:59,672 [pool-37-thread-1] INFO  server.RaftServerConfigKeys (ConfUtils.java:logGet(43)) - raft.server.sleep.deviation.threshold = 300 (default)
2019-09-29 11:43:59,672 [pool-37-thread-1] INFO  server.RaftServerConfigKeys (ConfUtils.java:logGet(43)) - raft.server.log.appender.install.snapshot.enabled = false (custom)
2019-09-29 11:43:59,672 [pool-47-thread-1] INFO  storage.RaftStorageDirectory (RaftStorageDirectory.java:analyzeStorage(246)) - The storage directory /workdir/hadoop-ozone/integration-test/target/test-dir/MiniOzoneClusterImpl-31fc3349-fe2e-414b-bea4-2e2b27fa534b/datanode-2/data/ratis/e52e9f30-012f-4ed7-ad9b-31b6648d9d3c does not exist. Creating ...
2019-09-29 11:43:59,672 [pool-37-thread-1] INFO  impl.RaftServerImpl (ServerState.java:<init>(103)) - 3bd61832-dea9-4a87-aaaf-f0ad989178d6@group-31B6648D9D3C: ConfigurationManager, init=-1: [817e45eb-0e91-4002-a0d2-e698414f3877:192.168.30.19:45322, b7c508c5-e37a-4d0e-b7eb-98108d799f0d:192.168.30.19:40798, 3bd61832-dea9-4a87-aaaf-f0ad989178d6:192.168.30.19:35182], old=null, confs=<EMPTY_MAP>
2019-09-29 11:43:59,673 [pool-37-thread-1] INFO  server.RaftServerConfigKeys (ConfUtils.java:logGet(43)) - raft.server.storage.dir = [/workdir/hadoop-ozone/integration-test/target/test-dir/MiniOzoneClusterImpl-31fc3349-fe2e-414b-bea4-2e2b27fa534b/datanode-1/data/ratis] (custom)
2019-09-29 11:43:59,673 [pool-37-thread-1] INFO  storage.RaftStorageDirectory (RaftStorageDirectory.java:analyzeStorage(246)) - The storage directory /workdir/hadoop-ozone/integration-test/target/test-dir/MiniOzoneClusterImpl-31fc3349-fe2e-414b-bea4-2e2b27fa534b/datanode-1/data/ratis/e52e9f30-012f-4ed7-ad9b-31b6648d9d3c does not exist. Creating ...
2019-09-29 11:43:59,696 [pool-27-thread-1] INFO  storage.RaftStorageDirectory (RaftStorageDirectory.java:tryLock(328)) - Lock on /workdir/hadoop-ozone/integration-test/target/test-dir/MiniOzoneClusterImpl-31fc3349-fe2e-414b-bea4-2e2b27fa534b/datanode-0/data/ratis/e52e9f30-012f-4ed7-ad9b-31b6648d9d3c/in_use.lock acquired by nodename 15611@pr-hdds-1569-lsfh5-224679870
2019-09-29 11:43:59,696 [pool-47-thread-1] INFO  storage.RaftStorageDirectory (RaftStorageDirectory.java:tryLock(328)) - Lock on /workdir/hadoop-ozone/integration-test/target/test-dir/MiniOzoneClusterImpl-31fc3349-fe2e-414b-bea4-2e2b27fa534b/datanode-2/data/ratis/e52e9f30-012f-4ed7-ad9b-31b6648d9d3c/in_use.lock acquired by nodename 15611@pr-hdds-1569-lsfh5-224679870
2019-09-29 11:43:59,696 [pool-37-thread-1] INFO  storage.RaftStorageDirectory (RaftStorageDirectory.java:tryLock(328)) - Lock on /workdir/hadoop-ozone/integration-test/target/test-dir/MiniOzoneClusterImpl-31fc3349-fe2e-414b-bea4-2e2b27fa534b/datanode-1/data/ratis/e52e9f30-012f-4ed7-ad9b-31b6648d9d3c/in_use.lock acquired by nodename 15611@pr-hdds-1569-lsfh5-224679870
2019-09-29 11:43:59,721 [pool-27-thread-1] INFO  storage.RaftStorage (RaftStorage.java:format(72)) - Storage directory /workdir/hadoop-ozone/integration-test/target/test-dir/MiniOzoneClusterImpl-31fc3349-fe2e-414b-bea4-2e2b27fa534b/datanode-0/data/ratis/e52e9f30-012f-4ed7-ad9b-31b6648d9d3c has been successfully formatted.
2019-09-29 11:43:59,721 [pool-37-thread-1] INFO  storage.RaftStorage (RaftStorage.java:format(72)) - Storage directory /workdir/hadoop-ozone/integration-test/target/test-dir/MiniOzoneClusterImpl-31fc3349-fe2e-414b-bea4-2e2b27fa534b/datanode-1/data/ratis/e52e9f30-012f-4ed7-ad9b-31b6648d9d3c has been successfully formatted.
2019-09-29 11:43:59,722 [pool-27-thread-1] INFO  ratis.ContainerStateMachine (ContainerStateMachine.java:loadSnapshot(230)) - group-31B6648D9D3C: The snapshot info is null. Setting the last applied indexto:(t:0, i:~)
2019-09-29 11:43:59,721 [pool-47-thread-1] INFO  storage.RaftStorage (RaftStorage.java:format(72)) - Storage directory /workdir/hadoop-ozone/integration-test/target/test-dir/MiniOzoneClusterImpl-31fc3349-fe2e-414b-bea4-2e2b27fa534b/datanode-2/data/ratis/e52e9f30-012f-4ed7-ad9b-31b6648d9d3c has been successfully formatted.
2019-09-29 11:43:59,722 [pool-37-thread-1] INFO  ratis.ContainerStateMachine (ContainerStateMachine.java:loadSnapshot(230)) - group-31B6648D9D3C: The snapshot info is null. Setting the last applied indexto:(t:0, i:~)
2019-09-29 11:43:59,722 [pool-27-thread-1] INFO  server.RaftServerConfigKeys (ConfUtils.java:logGet(43)) - raft.server.notification.no-leader.timeout = 120s (custom)
2019-09-29 11:43:59,723 [pool-37-thread-1] INFO  server.RaftServerConfigKeys (ConfUtils.java:logGet(43)) - raft.server.notification.no-leader.timeout = 120s (custom)
2019-09-29 11:43:59,723 [pool-47-thread-1] INFO  ratis.ContainerStateMachine (ContainerStateMachine.java:loadSnapshot(230)) - group-31B6648D9D3C: The snapshot info is null. Setting the last applied indexto:(t:0, i:~)
2019-09-29 11:43:59,723 [pool-37-thread-1] INFO  server.RaftServerConfigKeys (ConfUtils.java:logGet(43)) - raft.server.log.use.memory = false (default)
2019-09-29 11:43:59,723 [pool-27-thread-1] INFO  server.RaftServerConfigKeys (ConfUtils.java:logGet(43)) - raft.server.log.use.memory = false (default)
2019-09-29 11:43:59,723 [pool-37-thread-1] INFO  server.RaftServerConfigKeys (ConfUtils.java:logGet(43)) - raft.server.log.purge.gap = 1000000 (custom)
2019-09-29 11:43:59,723 [pool-47-thread-1] INFO  server.RaftServerConfigKeys (ConfUtils.java:logGet(43)) - raft.server.notification.no-leader.timeout = 120s (custom)
2019-09-29 11:43:59,724 [pool-37-thread-1] INFO  server.RaftServerConfigKeys (ConfUtils.java:logGet(43)) - raft.server.log.appender.buffer.byte-limit = 33554432 (custom)
2019-09-29 11:43:59,723 [pool-27-thread-1] INFO  server.RaftServerConfigKeys (ConfUtils.java:logGet(43)) - raft.server.log.purge.gap = 1000000 (custom)
2019-09-29 11:43:59,724 [pool-37-thread-1] INFO  server.RaftServerConfigKeys (ConfUtils.java:logGet(43)) - raft.server.log.segment.size.max = 1048576 (custom)
2019-09-29 11:43:59,724 [pool-47-thread-1] INFO  server.RaftServerConfigKeys (ConfUtils.java:logGet(43)) - raft.server.log.use.memory = false (default)
2019-09-29 11:43:59,724 [pool-37-thread-1] INFO  server.RaftServerConfigKeys (ConfUtils.java:logGet(43)) - raft.server.log.segment.cache.num.max = 2 (custom)
2019-09-29 11:43:59,724 [pool-27-thread-1] INFO  server.RaftServerConfigKeys (ConfUtils.java:logGet(43)) - raft.server.log.appender.buffer.byte-limit = 33554432 (custom)
2019-09-29 11:43:59,725 [pool-37-thread-1] INFO  segmented.SegmentedRaftLogWorker (SegmentedRaftLogWorker.java:<init>(172)) - new 3bd61832-dea9-4a87-aaaf-f0ad989178d6@group-31B6648D9D3C-SegmentedRaftLogWorker for RaftStorage:Storage Directory /workdir/hadoop-ozone/integration-test/target/test-dir/MiniOzoneClusterImpl-31fc3349-fe2e-414b-bea4-2e2b27fa534b/datanode-1/data/ratis/e52e9f30-012f-4ed7-ad9b-31b6648d9d3c
2019-09-29 11:43:59,724 [pool-47-thread-1] INFO  server.RaftServerConfigKeys (ConfUtils.java:logGet(43)) - raft.server.log.purge.gap = 1000000 (custom)
2019-09-29 11:43:59,725 [pool-37-thread-1] INFO  server.RaftServerConfigKeys (ConfUtils.java:logGet(43)) - raft.server.log.queue.byte-limit = 2147483647 (custom)
2019-09-29 11:43:59,725 [pool-27-thread-1] INFO  server.RaftServerConfigKeys (ConfUtils.java:logGet(43)) - raft.server.log.segment.size.max = 1048576 (custom)
2019-09-29 11:43:59,725 [pool-37-thread-1] INFO  server.RaftServerConfigKeys (ConfUtils.java:logGet(43)) - raft.server.log.queue.element-limit = 1024 (custom)
2019-09-29 11:43:59,725 [pool-47-thread-1] INFO  server.RaftServerConfigKeys (ConfUtils.java:logGet(43)) - raft.server.log.appender.buffer.byte-limit = 33554432 (custom)
2019-09-29 11:43:59,726 [pool-37-thread-1] INFO  server.RaftServerConfigKeys (ConfUtils.java:logGet(43)) - raft.server.log.segment.size.max = 1048576 (custom)
2019-09-29 11:43:59,725 [pool-27-thread-1] INFO  server.RaftServerConfigKeys (ConfUtils.java:logGet(43)) - raft.server.log.segment.cache.num.max = 2 (custom)
2019-09-29 11:43:59,726 [pool-37-thread-1] INFO  server.RaftServerConfigKeys (ConfUtils.java:logGet(43)) - raft.server.log.preallocated.size = 16384 (custom)
2019-09-29 11:43:59,726 [pool-47-thread-1] INFO  server.RaftServerConfigKeys (ConfUtils.java:logGet(43)) - raft.server.log.segment.size.max = 1048576 (custom)
2019-09-29 11:43:59,726 [pool-37-thread-1] INFO  server.RaftServerConfigKeys (ConfUtils.java:logGet(43)) - raft.server.log.write.buffer.size = 33554432 (custom)
2019-09-29 11:43:59,726 [pool-27-thread-1] INFO  segmented.SegmentedRaftLogWorker (SegmentedRaftLogWorker.java:<init>(172)) - new b7c508c5-e37a-4d0e-b7eb-98108d799f0d@group-31B6648D9D3C-SegmentedRaftLogWorker for RaftStorage:Storage Directory /workdir/hadoop-ozone/integration-test/target/test-dir/MiniOzoneClusterImpl-31fc3349-fe2e-414b-bea4-2e2b27fa534b/datanode-0/data/ratis/e52e9f30-012f-4ed7-ad9b-31b6648d9d3c
2019-09-29 11:43:59,727 [pool-37-thread-1] INFO  server.RaftServerConfigKeys (ConfUtils.java:logGet(43)) - raft.server.log.force.sync.num = 128 (default)
2019-09-29 11:43:59,727 [pool-47-thread-1] INFO  server.RaftServerConfigKeys (ConfUtils.java:logGet(43)) - raft.server.log.segment.cache.num.max = 2 (custom)
2019-09-29 11:43:59,727 [pool-37-thread-1] INFO  server.RaftServerConfigKeys (ConfUtils.java:logGet(43)) - raft.server.log.statemachine.data.sync = true (default)
2019-09-29 11:43:59,727 [pool-27-thread-1] INFO  server.RaftServerConfigKeys (ConfUtils.java:logGet(43)) - raft.server.log.queue.byte-limit = 2147483647 (custom)
2019-09-29 11:43:59,727 [pool-37-thread-1] INFO  server.RaftServerConfigKeys (ConfUtils.java:logGet(43)) - raft.server.log.statemachine.data.sync.timeout = 10s (default)
2019-09-29 11:43:59,727 [pool-47-thread-1] INFO  segmented.SegmentedRaftLogWorker (SegmentedRaftLogWorker.java:<init>(172)) - new 817e45eb-0e91-4002-a0d2-e698414f3877@group-31B6648D9D3C-SegmentedRaftLogWorker for RaftStorage:Storage Directory /workdir/hadoop-ozone/integration-test/target/test-dir/MiniOzoneClusterImpl-31fc3349-fe2e-414b-bea4-2e2b27fa534b/datanode-2/data/ratis/e52e9f30-012f-4ed7-ad9b-31b6648d9d3c
2019-09-29 11:43:59,728 [pool-37-thread-1] INFO  server.RaftServerConfigKeys (ConfUtils.java:logGet(43)) - raft.server.log.statemachine.data.sync.timeout.retry = -1 (default)
2019-09-29 11:43:59,728 [pool-27-thread-1] INFO  server.RaftServerConfigKeys (ConfUtils.java:logGet(43)) - raft.server.log.queue.element-limit = 1024 (custom)
2019-09-29 11:43:59,728 [pool-37-thread-1] INFO  server.RaftServerConfigKeys (ConfUtils.java:logGet(43)) - raft.server.log.statemachine.data.caching.enabled = true (custom)
2019-09-29 11:43:59,728 [pool-47-thread-1] INFO  server.RaftServerConfigKeys (ConfUtils.java:logGet(43)) - raft.server.log.queue.byte-limit = 2147483647 (custom)
2019-09-29 11:43:59,728 [pool-27-thread-1] INFO  server.RaftServerConfigKeys (ConfUtils.java:logGet(43)) - raft.server.log.segment.size.max = 1048576 (custom)
2019-09-29 11:43:59,729 [pool-47-thread-1] INFO  server.RaftServerConfigKeys (ConfUtils.java:logGet(43)) - raft.server.log.queue.element-limit = 1024 (custom)
2019-09-29 11:43:59,729 [pool-27-thread-1] INFO  server.RaftServerConfigKeys (ConfUtils.java:logGet(43)) - raft.server.log.preallocated.size = 16384 (custom)
2019-09-29 11:43:59,729 [pool-37-thread-1] INFO  segmented.SegmentedRaftLogWorker (SegmentedRaftLogWorker.java:lambda$new$0(132)) - 3bd61832-dea9-4a87-aaaf-f0ad989178d6@group-31B6648D9D3C-SegmentedRaftLogWorker: flushIndex: setUnconditionally 0 -> -1
2019-09-29 11:43:59,729 [pool-27-thread-1] INFO  server.RaftServerConfigKeys (ConfUtils.java:logGet(43)) - raft.server.log.write.buffer.size = 33554432 (custom)
2019-09-29 11:43:59,729 [pool-47-thread-1] INFO  server.RaftServerConfigKeys (ConfUtils.java:logGet(43)) - raft.server.log.segment.size.max = 1048576 (custom)
2019-09-29 11:43:59,729 [pool-37-thread-1] INFO  server.RaftServerConfigKeys (ConfUtils.java:logGet(43)) - raft.server.snapshot.auto.trigger.enabled = true (custom)
2019-09-29 11:43:59,729 [pool-27-thread-1] INFO  server.RaftServerConfigKeys (ConfUtils.java:logGet(43)) - raft.server.log.force.sync.num = 128 (default)
2019-09-29 11:43:59,730 [pool-37-thread-1] INFO  server.RaftServerConfigKeys (ConfUtils.java:logGet(43)) - raft.server.snapshot.auto.trigger.threshold = 10000 (custom)
2019-09-29 11:43:59,730 [pool-47-thread-1] INFO  server.RaftServerConfigKeys (ConfUtils.java:logGet(43)) - raft.server.log.preallocated.size = 16384 (custom)
2019-09-29 11:43:59,730 [pool-37-thread-1] INFO  server.RaftServerConfigKeys (ConfUtils.java:logGet(43)) - raft.server.snapshot.retention.num.files = 5 (custom)
2019-09-29 11:43:59,730 [pool-27-thread-1] INFO  server.RaftServerConfigKeys (ConfUtils.java:logGet(43)) - raft.server.log.statemachine.data.sync = true (default)
2019-09-29 11:43:59,730 [pool-37-thread-1] INFO  server.RaftServerConfigKeys (ConfUtils.java:logGet(43)) - raft.server.retrycache.expirytime = 600000ms (custom)
2019-09-29 11:43:59,730 [pool-47-thread-1] INFO  server.RaftServerConfigKeys (ConfUtils.java:logGet(43)) - raft.server.log.write.buffer.size = 33554432 (custom)
2019-09-29 11:43:59,731 [pool-27-thread-1] INFO  server.RaftServerConfigKeys (ConfUtils.java:logGet(43)) - raft.server.log.statemachine.data.sync.timeout = 10s (default)
2019-09-29 11:43:59,731 [pool-47-thread-1] INFO  server.RaftServerConfigKeys (ConfUtils.java:logGet(43)) - raft.server.log.force.sync.num = 128 (default)
2019-09-29 11:43:59,731 [pool-27-thread-1] INFO  server.RaftServerConfigKeys (ConfUtils.java:logGet(43)) - raft.server.log.statemachine.data.sync.timeout.retry = -1 (default)
2019-09-29 11:43:59,731 [pool-47-thread-1] INFO  server.RaftServerConfigKeys (ConfUtils.java:logGet(43)) - raft.server.log.statemachine.data.sync = true (default)
2019-09-29 11:43:59,731 [pool-27-thread-1] INFO  server.RaftServerConfigKeys (ConfUtils.java:logGet(43)) - raft.server.log.statemachine.data.caching.enabled = true (custom)
2019-09-29 11:43:59,731 [pool-47-thread-1] INFO  server.RaftServerConfigKeys (ConfUtils.java:logGet(43)) - raft.server.log.statemachine.data.sync.timeout = 10s (default)
2019-09-29 11:43:59,732 [pool-47-thread-1] INFO  server.RaftServerConfigKeys (ConfUtils.java:logGet(43)) - raft.server.log.statemachine.data.sync.timeout.retry = -1 (default)
2019-09-29 11:43:59,732 [pool-27-thread-1] INFO  segmented.SegmentedRaftLogWorker (SegmentedRaftLogWorker.java:lambda$new$0(132)) - b7c508c5-e37a-4d0e-b7eb-98108d799f0d@group-31B6648D9D3C-SegmentedRaftLogWorker: flushIndex: setUnconditionally 0 -> -1
2019-09-29 11:43:59,732 [pool-47-thread-1] INFO  server.RaftServerConfigKeys (ConfUtils.java:logGet(43)) - raft.server.log.statemachine.data.caching.enabled = true (custom)
2019-09-29 11:43:59,732 [pool-27-thread-1] INFO  server.RaftServerConfigKeys (ConfUtils.java:logGet(43)) - raft.server.snapshot.auto.trigger.enabled = true (custom)
2019-09-29 11:43:59,732 [pool-47-thread-1] INFO  segmented.SegmentedRaftLogWorker (SegmentedRaftLogWorker.java:lambda$new$0(132)) - 817e45eb-0e91-4002-a0d2-e698414f3877@group-31B6648D9D3C-SegmentedRaftLogWorker: flushIndex: setUnconditionally 0 -> -1
2019-09-29 11:43:59,732 [pool-27-thread-1] INFO  server.RaftServerConfigKeys (ConfUtils.java:logGet(43)) - raft.server.snapshot.auto.trigger.threshold = 10000 (custom)
2019-09-29 11:43:59,733 [pool-47-thread-1] INFO  server.RaftServerConfigKeys (ConfUtils.java:logGet(43)) - raft.server.snapshot.auto.trigger.enabled = true (custom)
2019-09-29 11:43:59,733 [pool-27-thread-1] INFO  server.RaftServerConfigKeys (ConfUtils.java:logGet(43)) - raft.server.snapshot.retention.num.files = 5 (custom)
2019-09-29 11:43:59,733 [pool-47-thread-1] INFO  server.RaftServerConfigKeys (ConfUtils.java:logGet(43)) - raft.server.snapshot.auto.trigger.threshold = 10000 (custom)
2019-09-29 11:43:59,733 [pool-27-thread-1] INFO  server.RaftServerConfigKeys (ConfUtils.java:logGet(43)) - raft.server.retrycache.expirytime = 600000ms (custom)
2019-09-29 11:43:59,733 [pool-47-thread-1] INFO  server.RaftServerConfigKeys (ConfUtils.java:logGet(43)) - raft.server.snapshot.retention.num.files = 5 (custom)
2019-09-29 11:43:59,734 [pool-47-thread-1] INFO  server.RaftServerConfigKeys (ConfUtils.java:logGet(43)) - raft.server.retrycache.expirytime = 600000ms (custom)
2019-09-29 11:43:59,735 [pool-37-thread-1] INFO  impl.RaftServerImpl (RaftServerImpl.java:start(185)) - 3bd61832-dea9-4a87-aaaf-f0ad989178d6@group-31B6648D9D3C: start as a follower, conf=-1: [817e45eb-0e91-4002-a0d2-e698414f3877:192.168.30.19:45322, b7c508c5-e37a-4d0e-b7eb-98108d799f0d:192.168.30.19:40798, 3bd61832-dea9-4a87-aaaf-f0ad989178d6:192.168.30.19:35182], old=null
2019-09-29 11:43:59,736 [pool-37-thread-1] INFO  impl.RaftServerImpl (RaftServerImpl.java:setRole(174)) - 3bd61832-dea9-4a87-aaaf-f0ad989178d6@group-31B6648D9D3C: changes role from      null to FOLLOWER at term 0 for startAsFollower
2019-09-29 11:43:59,736 [pool-37-thread-1] INFO  impl.RoleInfo (RoleInfo.java:updateAndGet(143)) - 3bd61832-dea9-4a87-aaaf-f0ad989178d6: start FollowerState
2019-09-29 11:43:59,736 [pool-37-thread-1] INFO  util.JmxRegister (JmxRegister.java:tryRegister(44)) - Successfully registered JMX Bean with object name Ratis:service=RaftServer,group=group-31B6648D9D3C,id=3bd61832-dea9-4a87-aaaf-f0ad989178d6
2019-09-29 11:43:59,738 [pool-27-thread-1] INFO  impl.RaftServerImpl (RaftServerImpl.java:start(185)) - b7c508c5-e37a-4d0e-b7eb-98108d799f0d@group-31B6648D9D3C: start as a follower, conf=-1: [817e45eb-0e91-4002-a0d2-e698414f3877:192.168.30.19:45322, b7c508c5-e37a-4d0e-b7eb-98108d799f0d:192.168.30.19:40798, 3bd61832-dea9-4a87-aaaf-f0ad989178d6:192.168.30.19:35182], old=null
2019-09-29 11:43:59,738 [pool-27-thread-1] INFO  impl.RaftServerImpl (RaftServerImpl.java:setRole(174)) - b7c508c5-e37a-4d0e-b7eb-98108d799f0d@group-31B6648D9D3C: changes role from      null to FOLLOWER at term 0 for startAsFollower
2019-09-29 11:43:59,738 [pool-27-thread-1] INFO  impl.RoleInfo (RoleInfo.java:updateAndGet(143)) - b7c508c5-e37a-4d0e-b7eb-98108d799f0d: start FollowerState
2019-09-29 11:43:59,738 [pool-47-thread-1] INFO  impl.RaftServerImpl (RaftServerImpl.java:start(185)) - 817e45eb-0e91-4002-a0d2-e698414f3877@group-31B6648D9D3C: start as a follower, conf=-1: [817e45eb-0e91-4002-a0d2-e698414f3877:192.168.30.19:45322, b7c508c5-e37a-4d0e-b7eb-98108d799f0d:192.168.30.19:40798, 3bd61832-dea9-4a87-aaaf-f0ad989178d6:192.168.30.19:35182], old=null
2019-09-29 11:43:59,739 [pool-47-thread-1] INFO  impl.RaftServerImpl (RaftServerImpl.java:setRole(174)) - 817e45eb-0e91-4002-a0d2-e698414f3877@group-31B6648D9D3C: changes role from      null to FOLLOWER at term 0 for startAsFollower
2019-09-29 11:43:59,739 [pool-27-thread-1] INFO  util.JmxRegister (JmxRegister.java:tryRegister(44)) - Successfully registered JMX Bean with object name Ratis:service=RaftServer,group=group-31B6648D9D3C,id=b7c508c5-e37a-4d0e-b7eb-98108d799f0d
2019-09-29 11:43:59,739 [pool-47-thread-1] INFO  impl.RoleInfo (RoleInfo.java:updateAndGet(143)) - 817e45eb-0e91-4002-a0d2-e698414f3877: start FollowerState
2019-09-29 11:43:59,739 [pool-47-thread-1] INFO  util.JmxRegister (JmxRegister.java:tryRegister(44)) - Successfully registered JMX Bean with object name Ratis:service=RaftServer,group=group-31B6648D9D3C,id=817e45eb-0e91-4002-a0d2-e698414f3877
2019-09-29 11:43:59,755 [RatisPipelineUtilsThread] INFO  pipeline.PipelineStateManager (PipelineStateManager.java:addPipeline(56)) - Created pipeline Pipeline[ Id: e52e9f30-012f-4ed7-ad9b-31b6648d9d3c, Nodes: 3bd61832-dea9-4a87-aaaf-f0ad989178d6{ip: 192.168.30.19, host: pr-hdds-1569-lsfh5-224679870, networkLocation: /default-rack, certSerialId: null}817e45eb-0e91-4002-a0d2-e698414f3877{ip: 192.168.30.19, host: pr-hdds-1569-lsfh5-224679870, networkLocation: /default-rack, certSerialId: null}b7c508c5-e37a-4d0e-b7eb-98108d799f0d{ip: 192.168.30.19, host: pr-hdds-1569-lsfh5-224679870, networkLocation: /default-rack, certSerialId: null}, Type:RATIS, Factor:THREE, State:OPEN]
2019-09-29 11:43:59,756 [IPC Server handler 0 on 46716] INFO  ipc.Server (Server.java:logException(2726)) - IPC Server handler 0 on 46716, call Call#7 Retry#0 org.apache.hadoop.hdds.scm.protocol.StorageContainerLocationProtocol.allocateContainer from 192.168.30.19:53068
java.io.IOException: Could not allocate container. Cannot get any matching pipeline for Type:STAND_ALONE, Factor:ONE, State:PipelineState.OPEN
	at org.apache.hadoop.hdds.scm.container.ContainerStateManager.allocateContainer(ContainerStateManager.java:260)
	at org.apache.hadoop.hdds.scm.container.SCMContainerManager.allocateContainer(SCMContainerManager.java:247)
	at org.apache.hadoop.hdds.scm.server.SCMClientProtocolServer.allocateContainer(SCMClientProtocolServer.java:186)
	at org.apache.hadoop.ozone.protocolPB.StorageContainerLocationProtocolServerSideTranslatorPB.allocateContainer(StorageContainerLocationProtocolServerSideTranslatorPB.java:123)
	at org.apache.hadoop.hdds.protocol.proto.StorageContainerLocationProtocolProtos$StorageContainerLocationProtocolService$2.callBlockingMethod(StorageContainerLocationProtocolProtos.java:21239)
	at org.apache.hadoop.ipc.ProtobufRpcEngine$Server$ProtoBufRpcInvoker.call(ProtobufRpcEngine.java:524)
	at org.apache.hadoop.ipc.RPC$Server.call(RPC.java:1025)
	at org.apache.hadoop.ipc.Server$RpcCall.run(Server.java:876)
	at org.apache.hadoop.ipc.Server$RpcCall.run(Server.java:822)
	at java.security.AccessController.doPrivileged(Native Method)
	at javax.security.auth.Subject.doAs(Subject.java:422)
	at org.apache.hadoop.security.UserGroupInformation.doAs(UserGroupInformation.java:1730)
	at org.apache.hadoop.ipc.Server$Handler.run(Server.java:2682)
2019-09-29 11:43:59,760 [main] INFO  ozone.MiniOzoneClusterImpl (MiniOzoneClusterImpl.java:shutdown(314)) - Shutting down the Mini Ozone Cluster
2019-09-29 11:43:59,761 [main] INFO  ozone.MiniOzoneClusterImpl (MiniOzoneClusterImpl.java:stop(330)) - Stopping the Mini Ozone Cluster
2019-09-29 11:43:59,762 [main] INFO  ozone.MiniOzoneClusterImpl (MiniOzoneClusterImpl.java:stopOM(400)) - Stopping the OzoneManager
2019-09-29 11:43:59,762 [main] INFO  ipc.Server (Server.java:stop(3082)) - Stopping server on 44327
2019-09-29 11:43:59,772 [IPC Server listener on 44327] INFO  ipc.Server (Server.java:run(1185)) - Stopping IPC Server listener on 44327
2019-09-29 11:43:59,774 [main] INFO  ratis.OzoneManagerDoubleBuffer (OzoneManagerDoubleBuffer.java:stop(248)) - Stopping OMDoubleBuffer flush thread
2019-09-29 11:43:59,774 [IPC Server Responder] INFO  ipc.Server (Server.java:run(1319)) - Stopping IPC Server Responder
2019-09-29 11:43:59,780 [OMDoubleBufferFlushThread] INFO  ratis.OzoneManagerDoubleBuffer (OzoneManagerDoubleBuffer.java:flushTransactions(191)) - OMDoubleBuffer flush thread OMDoubleBufferFlushThread is interrupted and will exit. OMDoubleBufferFlushThread
2019-09-29 11:43:59,784 [main] INFO  utils.BackgroundService (BackgroundService.java:shutdown(148)) - Shutting down service KeyDeletingService
2019-09-29 11:43:59,788 [main] INFO  handler.ContextHandler (ContextHandler.java:doStop(910)) - Stopped o.e.j.w.WebAppContext@7df60067{/,null,UNAVAILABLE}{/ozoneManager}
2019-09-29 11:43:59,794 [main] INFO  server.AbstractConnector (AbstractConnector.java:doStop(318)) - Stopped ServerConnector@1cbb3d3b{HTTP/1.1,[http/1.1]}{0.0.0.0:0}
2019-09-29 11:43:59,795 [main] INFO  handler.ContextHandler (ContextHandler.java:doStop(910)) - Stopped o.e.j.s.ServletContextHandler@58cec85b{/static,file:///workdir/hadoop-ozone/integration-test/target/test-classes/webapps/static,UNAVAILABLE}
2019-09-29 11:43:59,795 [main] INFO  handler.ContextHandler (ContextHandler.java:doStop(910)) - Stopped o.e.j.s.ServletContextHandler@57540fd0{/logs,file:///workdir/hadoop-ozone/integration-test/target/log,UNAVAILABLE}
2019-09-29 11:43:59,799 [main] INFO  ozone.MiniOzoneClusterImpl (MiniOzoneClusterImpl.java:stopDatanodes(377)) - Stopping the HddsDatanodes
2019-09-29 11:44:00,291 [Datanode State Machine Thread - 0] INFO  statemachine.DatanodeStateMachine (DatanodeStateMachine.java:lambda$startDaemon$0(350)) - Ozone container server started.
2019-09-29 11:44:00,368 [Datanode State Machine Thread - 0] INFO  statemachine.DatanodeStateMachine (DatanodeStateMachine.java:lambda$startDaemon$0(350)) - Ozone container server started.
2019-09-29 11:44:01,347 [Thread-178] INFO  container.ReplicationManager (ReplicationManager.java:start(163)) - Starting Replication Monitor Thread.
2019-09-29 11:44:01,350 [ReplicationMonitor] INFO  container.ReplicationManager (ReplicationManager.java:run(226)) - Replication Monitor Thread took 0 milliseconds for processing 0 containers.
2019-09-29 11:44:04,144 [Thread-180] INFO  impl.FollowerState (FollowerState.java:run(106)) - b7c508c5-e37a-4d0e-b7eb-98108d799f0d:group-DE5989AE61FF changes to CANDIDATE, lastRpcTime:5103, electionTimeout:5103ms
2019-09-29 11:44:04,147 [Thread-180] INFO  impl.RoleInfo (RoleInfo.java:shutdownFollowerState(121)) - b7c508c5-e37a-4d0e-b7eb-98108d799f0d: shutdown FollowerState
2019-09-29 11:44:04,147 [Thread-180] INFO  impl.RaftServerImpl (RaftServerImpl.java:setRole(174)) - b7c508c5-e37a-4d0e-b7eb-98108d799f0d@group-DE5989AE61FF: changes role from  FOLLOWER to CANDIDATE at term 0 for changeToCandidate
2019-09-29 11:44:04,153 [Thread-180] INFO  impl.RoleInfo (RoleInfo.java:updateAndGet(143)) - b7c508c5-e37a-4d0e-b7eb-98108d799f0d: start LeaderElection
2019-09-29 11:44:04,182 [b7c508c5-e37a-4d0e-b7eb-98108d799f0d@group-DE5989AE61FF:LeaderElection1] INFO  impl.LeaderElection (LeaderElection.java:askForVotes(182)) - b7c508c5-e37a-4d0e-b7eb-98108d799f0d@group-DE5989AE61FF:LeaderElection1: begin an election at term 1 for -1: [b7c508c5-e37a-4d0e-b7eb-98108d799f0d:192.168.30.19:40798], old=null
2019-09-29 11:44:04,183 [b7c508c5-e37a-4d0e-b7eb-98108d799f0d@group-DE5989AE61FF:LeaderElection1] INFO  impl.RoleInfo (RoleInfo.java:shutdownLeaderElection(134)) - b7c508c5-e37a-4d0e-b7eb-98108d799f0d: shutdown LeaderElection
2019-09-29 11:44:04,184 [b7c508c5-e37a-4d0e-b7eb-98108d799f0d@group-DE5989AE61FF:LeaderElection1] INFO  impl.RaftServerImpl (RaftServerImpl.java:setRole(174)) - b7c508c5-e37a-4d0e-b7eb-98108d799f0d@group-DE5989AE61FF: changes role from CANDIDATE to LEADER at term 1 for changeToLeader
2019-09-29 11:44:04,184 [b7c508c5-e37a-4d0e-b7eb-98108d799f0d@group-DE5989AE61FF:LeaderElection1] INFO  impl.RaftServerImpl (ServerState.java:setLeader(253)) - b7c508c5-e37a-4d0e-b7eb-98108d799f0d@group-DE5989AE61FF: change Leader from null to b7c508c5-e37a-4d0e-b7eb-98108d799f0d at term 1 for becomeLeader, leader elected after 5264ms
2019-09-29 11:44:04,192 [b7c508c5-e37a-4d0e-b7eb-98108d799f0d@group-DE5989AE61FF:LeaderElection1] INFO  server.RaftServerConfigKeys (ConfUtils.java:logGet(43)) - raft.server.staging.catchup.gap = 1000 (default)
2019-09-29 11:44:04,192 [b7c508c5-e37a-4d0e-b7eb-98108d799f0d@group-DE5989AE61FF:LeaderElection1] INFO  server.RaftServerConfigKeys (ConfUtils.java:logGet(43)) - raft.server.rpc.sleep.time = 25ms (default)
2019-09-29 11:44:04,196 [b7c508c5-e37a-4d0e-b7eb-98108d799f0d@group-DE5989AE61FF:LeaderElection1] INFO  server.RaftServerConfigKeys (ConfUtils.java:logGet(43)) - raft.server.write.element-limit = 4096 (default)
2019-09-29 11:44:04,199 [b7c508c5-e37a-4d0e-b7eb-98108d799f0d@group-DE5989AE61FF:LeaderElection1] INFO  server.RaftServerConfigKeys (ConfUtils.java:logGet(43)) - raft.server.watch.timeout = 10s (default)
2019-09-29 11:44:04,199 [b7c508c5-e37a-4d0e-b7eb-98108d799f0d@group-DE5989AE61FF:LeaderElection1] INFO  server.RaftServerConfigKeys (ConfUtils.java:logGet(43)) - raft.server.watch.timeout.denomination = 1s (default)
2019-09-29 11:44:04,200 [b7c508c5-e37a-4d0e-b7eb-98108d799f0d@group-DE5989AE61FF:LeaderElection1] INFO  server.RaftServerConfigKeys (ConfUtils.java:logGet(43)) - raft.server.watch.element-limit = 65536 (default)
2019-09-29 11:44:04,215 [b7c508c5-e37a-4d0e-b7eb-98108d799f0d@group-DE5989AE61FF:LeaderElection1] INFO  impl.RoleInfo (RoleInfo.java:updateAndGet(143)) - b7c508c5-e37a-4d0e-b7eb-98108d799f0d: start LeaderState
2019-09-29 11:44:04,238 [b7c508c5-e37a-4d0e-b7eb-98108d799f0d@group-DE5989AE61FF:LeaderElection1] INFO  segmented.SegmentedRaftLogWorker (SegmentedRaftLogWorker.java:startLogSegment(380)) - b7c508c5-e37a-4d0e-b7eb-98108d799f0d@group-DE5989AE61FF-SegmentedRaftLogWorker: Starting segment from index:0
2019-09-29 11:44:04,247 [b7c508c5-e37a-4d0e-b7eb-98108d799f0d@group-DE5989AE61FF:LeaderElection1] INFO  impl.RaftServerImpl (ServerState.java:setRaftConf(354)) - b7c508c5-e37a-4d0e-b7eb-98108d799f0d@group-DE5989AE61FF: set configuration 0: [b7c508c5-e37a-4d0e-b7eb-98108d799f0d:192.168.30.19:40798], old=null at 0
2019-09-29 11:44:04,366 [Thread-183] INFO  impl.FollowerState (FollowerState.java:run(106)) - 817e45eb-0e91-4002-a0d2-e698414f3877:group-8C807482A4B8 changes to CANDIDATE, lastRpcTime:5150, electionTimeout:5149ms
2019-09-29 11:44:04,367 [Thread-183] INFO  impl.RoleInfo (RoleInfo.java:shutdownFollowerState(121)) - 817e45eb-0e91-4002-a0d2-e698414f3877: shutdown FollowerState
2019-09-29 11:44:04,368 [Thread-183] INFO  impl.RaftServerImpl (RaftServerImpl.java:setRole(174)) - 817e45eb-0e91-4002-a0d2-e698414f3877@group-8C807482A4B8: changes role from  FOLLOWER to CANDIDATE at term 0 for changeToCandidate
2019-09-29 11:44:04,368 [Thread-183] INFO  impl.RoleInfo (RoleInfo.java:updateAndGet(143)) - 817e45eb-0e91-4002-a0d2-e698414f3877: start LeaderElection
2019-09-29 11:44:04,394 [817e45eb-0e91-4002-a0d2-e698414f3877@group-8C807482A4B8:LeaderElection2] INFO  impl.LeaderElection (LeaderElection.java:askForVotes(182)) - 817e45eb-0e91-4002-a0d2-e698414f3877@group-8C807482A4B8:LeaderElection2: begin an election at term 1 for -1: [817e45eb-0e91-4002-a0d2-e698414f3877:192.168.30.19:45322], old=null
2019-09-29 11:44:04,394 [817e45eb-0e91-4002-a0d2-e698414f3877@group-8C807482A4B8:LeaderElection2] INFO  impl.RoleInfo (RoleInfo.java:shutdownLeaderElection(134)) - 817e45eb-0e91-4002-a0d2-e698414f3877: shutdown LeaderElection
2019-09-29 11:44:04,394 [817e45eb-0e91-4002-a0d2-e698414f3877@group-8C807482A4B8:LeaderElection2] INFO  impl.RaftServerImpl (RaftServerImpl.java:setRole(174)) - 817e45eb-0e91-4002-a0d2-e698414f3877@group-8C807482A4B8: changes role from CANDIDATE to LEADER at term 1 for changeToLeader
2019-09-29 11:44:04,394 [817e45eb-0e91-4002-a0d2-e698414f3877@group-8C807482A4B8:LeaderElection2] INFO  impl.RaftServerImpl (ServerState.java:setLeader(253)) - 817e45eb-0e91-4002-a0d2-e698414f3877@group-8C807482A4B8: change Leader from null to 817e45eb-0e91-4002-a0d2-e698414f3877 at term 1 for becomeLeader, leader elected after 5199ms
2019-09-29 11:44:04,394 [817e45eb-0e91-4002-a0d2-e698414f3877@group-8C807482A4B8:LeaderElection2] INFO  server.RaftServerConfigKeys (ConfUtils.java:logGet(43)) - raft.server.staging.catchup.gap = 1000 (default)
2019-09-29 11:44:04,395 [817e45eb-0e91-4002-a0d2-e698414f3877@group-8C807482A4B8:LeaderElection2] INFO  server.RaftServerConfigKeys (ConfUtils.java:logGet(43)) - raft.server.rpc.sleep.time = 25ms (default)
2019-09-29 11:44:04,395 [817e45eb-0e91-4002-a0d2-e698414f3877@group-8C807482A4B8:LeaderElection2] INFO  server.RaftServerConfigKeys (ConfUtils.java:logGet(43)) - raft.server.write.element-limit = 4096 (default)
2019-09-29 11:44:04,395 [817e45eb-0e91-4002-a0d2-e698414f3877@group-8C807482A4B8:LeaderElection2] INFO  server.RaftServerConfigKeys (ConfUtils.java:logGet(43)) - raft.server.watch.timeout = 10s (default)
2019-09-29 11:44:04,395 [817e45eb-0e91-4002-a0d2-e698414f3877@group-8C807482A4B8:LeaderElection2] INFO  server.RaftServerConfigKeys (ConfUtils.java:logGet(43)) - raft.server.watch.timeout.denomination = 1s (default)
2019-09-29 11:44:04,395 [817e45eb-0e91-4002-a0d2-e698414f3877@group-8C807482A4B8:LeaderElection2] INFO  server.RaftServerConfigKeys (ConfUtils.java:logGet(43)) - raft.server.watch.element-limit = 65536 (default)
2019-09-29 11:44:04,399 [817e45eb-0e91-4002-a0d2-e698414f3877@group-8C807482A4B8:LeaderElection2] INFO  impl.RoleInfo (RoleInfo.java:updateAndGet(143)) - 817e45eb-0e91-4002-a0d2-e698414f3877: start LeaderState
2019-09-29 11:44:04,399 [817e45eb-0e91-4002-a0d2-e698414f3877@group-8C807482A4B8:LeaderElection2] INFO  segmented.SegmentedRaftLogWorker (SegmentedRaftLogWorker.java:startLogSegment(380)) - 817e45eb-0e91-4002-a0d2-e698414f3877@group-8C807482A4B8-SegmentedRaftLogWorker: Starting segment from index:0
2019-09-29 11:44:04,400 [817e45eb-0e91-4002-a0d2-e698414f3877@group-8C807482A4B8:LeaderElection2] INFO  impl.RaftServerImpl (ServerState.java:setRaftConf(354)) - 817e45eb-0e91-4002-a0d2-e698414f3877@group-8C807482A4B8: set configuration 0: [817e45eb-0e91-4002-a0d2-e698414f3877:192.168.30.19:45322], old=null at 0
2019-09-29 11:44:04,460 [817e45eb-0e91-4002-a0d2-e698414f3877@group-8C807482A4B8-SegmentedRaftLogWorker] INFO  segmented.SegmentedRaftLogWorker (SegmentedRaftLogWorker.java:execute(569)) - 817e45eb-0e91-4002-a0d2-e698414f3877@group-8C807482A4B8-SegmentedRaftLogWorker: created new log segment /workdir/hadoop-ozone/integration-test/target/test-dir/MiniOzoneClusterImpl-31fc3349-fe2e-414b-bea4-2e2b27fa534b/datanode-2/data/ratis/bb0e87d0-744a-4667-bf8a-8c807482a4b8/current/log_inprogress_0
2019-09-29 11:44:04,460 [b7c508c5-e37a-4d0e-b7eb-98108d799f0d@group-DE5989AE61FF-SegmentedRaftLogWorker] INFO  segmented.SegmentedRaftLogWorker (SegmentedRaftLogWorker.java:execute(569)) - b7c508c5-e37a-4d0e-b7eb-98108d799f0d@group-DE5989AE61FF-SegmentedRaftLogWorker: created new log segment /workdir/hadoop-ozone/integration-test/target/test-dir/MiniOzoneClusterImpl-31fc3349-fe2e-414b-bea4-2e2b27fa534b/datanode-0/data/ratis/adef147d-3389-4914-8469-de5989ae61ff/current/log_inprogress_0
2019-09-29 11:44:04,504 [Thread-194] INFO  impl.FollowerState (FollowerState.java:run(106)) - b7c508c5-e37a-4d0e-b7eb-98108d799f0d:group-80653AF4A773 changes to CANDIDATE, lastRpcTime:5008, electionTimeout:5008ms
2019-09-29 11:44:04,504 [Thread-194] INFO  impl.RoleInfo (RoleInfo.java:shutdownFollowerState(121)) - b7c508c5-e37a-4d0e-b7eb-98108d799f0d: shutdown FollowerState
2019-09-29 11:44:04,504 [Thread-194] INFO  impl.RaftServerImpl (RaftServerImpl.java:setRole(174)) - b7c508c5-e37a-4d0e-b7eb-98108d799f0d@group-80653AF4A773: changes role from  FOLLOWER to CANDIDATE at term 0 for changeToCandidate
2019-09-29 11:44:04,504 [Thread-194] INFO  impl.RoleInfo (RoleInfo.java:updateAndGet(143)) - b7c508c5-e37a-4d0e-b7eb-98108d799f0d: start LeaderElection
2019-09-29 11:44:04,506 [Thread-186] INFO  impl.FollowerState (FollowerState.java:run(106)) - 3bd61832-dea9-4a87-aaaf-f0ad989178d6:group-C16C322EBBDD changes to CANDIDATE, lastRpcTime:5160, electionTimeout:5160ms
2019-09-29 11:44:04,507 [Thread-186] INFO  impl.RoleInfo (RoleInfo.java:shutdownFollowerState(121)) - 3bd61832-dea9-4a87-aaaf-f0ad989178d6: shutdown FollowerState
2019-09-29 11:44:04,507 [Thread-186] INFO  impl.RaftServerImpl (RaftServerImpl.java:setRole(174)) - 3bd61832-dea9-4a87-aaaf-f0ad989178d6@group-C16C322EBBDD: changes role from  FOLLOWER to CANDIDATE at term 0 for changeToCandidate
2019-09-29 11:44:04,507 [Thread-186] INFO  impl.RoleInfo (RoleInfo.java:updateAndGet(143)) - 3bd61832-dea9-4a87-aaaf-f0ad989178d6: start LeaderElection
2019-09-29 11:44:04,521 [Thread-195] INFO  impl.FollowerState (FollowerState.java:run(106)) - 3bd61832-dea9-4a87-aaaf-f0ad989178d6:group-80653AF4A773 changes to CANDIDATE, lastRpcTime:5022, electionTimeout:5022ms
2019-09-29 11:44:04,521 [Thread-195] INFO  impl.RoleInfo (RoleInfo.java:shutdownFollowerState(121)) - 3bd61832-dea9-4a87-aaaf-f0ad989178d6: shutdown FollowerState
2019-09-29 11:44:04,521 [Thread-195] INFO  impl.RaftServerImpl (RaftServerImpl.java:setRole(174)) - 3bd61832-dea9-4a87-aaaf-f0ad989178d6@group-80653AF4A773: changes role from  FOLLOWER to CANDIDATE at term 0 for changeToCandidate
2019-09-29 11:44:04,522 [Thread-195] INFO  impl.RoleInfo (RoleInfo.java:updateAndGet(143)) - 3bd61832-dea9-4a87-aaaf-f0ad989178d6: start LeaderElection
2019-09-29 11:44:04,535 [b7c508c5-e37a-4d0e-b7eb-98108d799f0d@group-80653AF4A773:LeaderElection3] INFO  impl.LeaderElection (LeaderElection.java:askForVotes(182)) - b7c508c5-e37a-4d0e-b7eb-98108d799f0d@group-80653AF4A773:LeaderElection3: begin an election at term 1 for -1: [817e45eb-0e91-4002-a0d2-e698414f3877:192.168.30.19:45322, b7c508c5-e37a-4d0e-b7eb-98108d799f0d:192.168.30.19:40798, 3bd61832-dea9-4a87-aaaf-f0ad989178d6:192.168.30.19:35182], old=null
2019-09-29 11:44:04,534 [3bd61832-dea9-4a87-aaaf-f0ad989178d6@group-C16C322EBBDD:LeaderElection4] INFO  impl.LeaderElection (LeaderElection.java:askForVotes(182)) - 3bd61832-dea9-4a87-aaaf-f0ad989178d6@group-C16C322EBBDD:LeaderElection4: begin an election at term 1 for -1: [3bd61832-dea9-4a87-aaaf-f0ad989178d6:192.168.30.19:35182], old=null
2019-09-29 11:44:04,535 [3bd61832-dea9-4a87-aaaf-f0ad989178d6@group-C16C322EBBDD:LeaderElection4] INFO  impl.RoleInfo (RoleInfo.java:shutdownLeaderElection(134)) - 3bd61832-dea9-4a87-aaaf-f0ad989178d6: shutdown LeaderElection
2019-09-29 11:44:04,535 [3bd61832-dea9-4a87-aaaf-f0ad989178d6@group-C16C322EBBDD:LeaderElection4] INFO  impl.RaftServerImpl (RaftServerImpl.java:setRole(174)) - 3bd61832-dea9-4a87-aaaf-f0ad989178d6@group-C16C322EBBDD: changes role from CANDIDATE to LEADER at term 1 for changeToLeader
2019-09-29 11:44:04,535 [3bd61832-dea9-4a87-aaaf-f0ad989178d6@group-C16C322EBBDD:LeaderElection4] INFO  impl.RaftServerImpl (ServerState.java:setLeader(253)) - 3bd61832-dea9-4a87-aaaf-f0ad989178d6@group-C16C322EBBDD: change Leader from null to 3bd61832-dea9-4a87-aaaf-f0ad989178d6 at term 1 for becomeLeader, leader elected after 5217ms
2019-09-29 11:44:04,536 [3bd61832-dea9-4a87-aaaf-f0ad989178d6@group-C16C322EBBDD:LeaderElection4] INFO  server.RaftServerConfigKeys (ConfUtils.java:logGet(43)) - raft.server.staging.catchup.gap = 1000 (default)
2019-09-29 11:44:04,536 [3bd61832-dea9-4a87-aaaf-f0ad989178d6@group-C16C322EBBDD:LeaderElection4] INFO  server.RaftServerConfigKeys (ConfUtils.java:logGet(43)) - raft.server.rpc.sleep.time = 25ms (default)
2019-09-29 11:44:04,536 [3bd61832-dea9-4a87-aaaf-f0ad989178d6@group-C16C322EBBDD:LeaderElection4] INFO  server.RaftServerConfigKeys (ConfUtils.java:logGet(43)) - raft.server.write.element-limit = 4096 (default)
2019-09-29 11:44:04,536 [3bd61832-dea9-4a87-aaaf-f0ad989178d6@group-C16C322EBBDD:LeaderElection4] INFO  server.RaftServerConfigKeys (ConfUtils.java:logGet(43)) - raft.server.watch.timeout = 10s (default)
2019-09-29 11:44:04,536 [3bd61832-dea9-4a87-aaaf-f0ad989178d6@group-C16C322EBBDD:LeaderElection4] INFO  server.RaftServerConfigKeys (ConfUtils.java:logGet(43)) - raft.server.watch.timeout.denomination = 1s (default)
2019-09-29 11:44:04,537 [3bd61832-dea9-4a87-aaaf-f0ad989178d6@group-C16C322EBBDD:LeaderElection4] INFO  server.RaftServerConfigKeys (ConfUtils.java:logGet(43)) - raft.server.watch.element-limit = 65536 (default)
2019-09-29 11:44:04,540 [3bd61832-dea9-4a87-aaaf-f0ad989178d6@group-C16C322EBBDD:LeaderElection4] INFO  impl.RoleInfo (RoleInfo.java:updateAndGet(143)) - 3bd61832-dea9-4a87-aaaf-f0ad989178d6: start LeaderState
2019-09-29 11:44:04,541 [3bd61832-dea9-4a87-aaaf-f0ad989178d6@group-C16C322EBBDD:LeaderElection4] INFO  segmented.SegmentedRaftLogWorker (SegmentedRaftLogWorker.java:startLogSegment(380)) - 3bd61832-dea9-4a87-aaaf-f0ad989178d6@group-C16C322EBBDD-SegmentedRaftLogWorker: Starting segment from index:0
2019-09-29 11:44:04,542 [3bd61832-dea9-4a87-aaaf-f0ad989178d6@group-C16C322EBBDD:LeaderElection4] INFO  impl.RaftServerImpl (ServerState.java:setRaftConf(354)) - 3bd61832-dea9-4a87-aaaf-f0ad989178d6@group-C16C322EBBDD: set configuration 0: [3bd61832-dea9-4a87-aaaf-f0ad989178d6:192.168.30.19:35182], old=null at 0
2019-09-29 11:44:04,577 [3bd61832-dea9-4a87-aaaf-f0ad989178d6@group-80653AF4A773:LeaderElection5] INFO  impl.LeaderElection (LeaderElection.java:askForVotes(182)) - 3bd61832-dea9-4a87-aaaf-f0ad989178d6@group-80653AF4A773:LeaderElection5: begin an election at term 1 for -1: [817e45eb-0e91-4002-a0d2-e698414f3877:192.168.30.19:45322, b7c508c5-e37a-4d0e-b7eb-98108d799f0d:192.168.30.19:40798, 3bd61832-dea9-4a87-aaaf-f0ad989178d6:192.168.30.19:35182], old=null
2019-09-29 11:44:04,600 [3bd61832-dea9-4a87-aaaf-f0ad989178d6@group-C16C322EBBDD-SegmentedRaftLogWorker] INFO  segmented.SegmentedRaftLogWorker (SegmentedRaftLogWorker.java:execute(569)) - 3bd61832-dea9-4a87-aaaf-f0ad989178d6@group-C16C322EBBDD-SegmentedRaftLogWorker: created new log segment /workdir/hadoop-ozone/integration-test/target/test-dir/MiniOzoneClusterImpl-31fc3349-fe2e-414b-bea4-2e2b27fa534b/datanode-1/data/ratis/7601d24a-d228-40a2-ae64-c16c322ebbdd/current/log_inprogress_0
2019-09-29 11:44:04,601 [grpc-default-executor-3] INFO  impl.RaftServerImpl (RaftServerImpl.java:setRole(174)) - 817e45eb-0e91-4002-a0d2-e698414f3877@group-80653AF4A773: changes role from  FOLLOWER to FOLLOWER at term 1 for recognizeCandidate:b7c508c5-e37a-4d0e-b7eb-98108d799f0d
2019-09-29 11:44:04,601 [grpc-default-executor-3] INFO  impl.RoleInfo (RoleInfo.java:shutdownFollowerState(121)) - 817e45eb-0e91-4002-a0d2-e698414f3877: shutdown FollowerState
2019-09-29 11:44:04,602 [grpc-default-executor-3] INFO  impl.RoleInfo (RoleInfo.java:updateAndGet(143)) - 817e45eb-0e91-4002-a0d2-e698414f3877: start FollowerState
2019-09-29 11:44:04,602 [Thread-192] INFO  impl.FollowerState (FollowerState.java:run(115)) - 817e45eb-0e91-4002-a0d2-e698414f3877: FollowerState was interrupted: java.lang.InterruptedException: sleep interrupted
2019-09-29 11:44:04,629 [3bd61832-dea9-4a87-aaaf-f0ad989178d6@group-80653AF4A773:LeaderElection5] INFO  impl.LeaderElection (LeaderElection.java:logAndReturn(56)) - 3bd61832-dea9-4a87-aaaf-f0ad989178d6@group-80653AF4A773:LeaderElection5: Election REJECTED; received 2 response(s) [3bd61832-dea9-4a87-aaaf-f0ad989178d6<-817e45eb-0e91-4002-a0d2-e698414f3877#0:FAIL-t1, 3bd61832-dea9-4a87-aaaf-f0ad989178d6<-b7c508c5-e37a-4d0e-b7eb-98108d799f0d#0:FAIL-t1] and 0 exception(s); 3bd61832-dea9-4a87-aaaf-f0ad989178d6@group-80653AF4A773:t1, leader=null, voted=3bd61832-dea9-4a87-aaaf-f0ad989178d6, raftlog=3bd61832-dea9-4a87-aaaf-f0ad989178d6@group-80653AF4A773-SegmentedRaftLog:OPENED:c-1,f-1,i0, conf=-1: [817e45eb-0e91-4002-a0d2-e698414f3877:192.168.30.19:45322, b7c508c5-e37a-4d0e-b7eb-98108d799f0d:192.168.30.19:40798, 3bd61832-dea9-4a87-aaaf-f0ad989178d6:192.168.30.19:35182], old=null
2019-09-29 11:44:04,629 [b7c508c5-e37a-4d0e-b7eb-98108d799f0d@group-80653AF4A773:LeaderElection3] INFO  impl.LeaderElection (LeaderElection.java:logAndReturn(56)) - b7c508c5-e37a-4d0e-b7eb-98108d799f0d@group-80653AF4A773:LeaderElection3: Election PASSED; received 2 response(s) [b7c508c5-e37a-4d0e-b7eb-98108d799f0d<-817e45eb-0e91-4002-a0d2-e698414f3877#0:OK-t1, b7c508c5-e37a-4d0e-b7eb-98108d799f0d<-3bd61832-dea9-4a87-aaaf-f0ad989178d6#0:FAIL-t1] and 0 exception(s); b7c508c5-e37a-4d0e-b7eb-98108d799f0d@group-80653AF4A773:t1, leader=null, voted=b7c508c5-e37a-4d0e-b7eb-98108d799f0d, raftlog=b7c508c5-e37a-4d0e-b7eb-98108d799f0d@group-80653AF4A773-SegmentedRaftLog:OPENED:c-1,f-1,i0, conf=-1: [817e45eb-0e91-4002-a0d2-e698414f3877:192.168.30.19:45322, b7c508c5-e37a-4d0e-b7eb-98108d799f0d:192.168.30.19:40798, 3bd61832-dea9-4a87-aaaf-f0ad989178d6:192.168.30.19:35182], old=null
2019-09-29 11:44:04,629 [3bd61832-dea9-4a87-aaaf-f0ad989178d6@group-80653AF4A773:LeaderElection5] INFO  impl.RaftServerImpl (RaftServerImpl.java:setRole(174)) - 3bd61832-dea9-4a87-aaaf-f0ad989178d6@group-80653AF4A773: changes role from CANDIDATE to FOLLOWER at term 1 for DISCOVERED_A_NEW_TERM
2019-09-29 11:44:04,632 [b7c508c5-e37a-4d0e-b7eb-98108d799f0d@group-80653AF4A773:LeaderElection3] INFO  impl.RoleInfo (RoleInfo.java:shutdownLeaderElection(134)) - b7c508c5-e37a-4d0e-b7eb-98108d799f0d: shutdown LeaderElection
2019-09-29 11:44:04,635 [3bd61832-dea9-4a87-aaaf-f0ad989178d6@group-80653AF4A773:LeaderElection5] INFO  impl.RoleInfo (RoleInfo.java:shutdownLeaderElection(134)) - 3bd61832-dea9-4a87-aaaf-f0ad989178d6: shutdown LeaderElection
2019-09-29 11:44:04,636 [b7c508c5-e37a-4d0e-b7eb-98108d799f0d@group-80653AF4A773:LeaderElection3] INFO  impl.RaftServerImpl (RaftServerImpl.java:setRole(174)) - b7c508c5-e37a-4d0e-b7eb-98108d799f0d@group-80653AF4A773: changes role from CANDIDATE to LEADER at term 1 for changeToLeader
2019-09-29 11:44:04,636 [3bd61832-dea9-4a87-aaaf-f0ad989178d6@group-80653AF4A773:LeaderElection5] INFO  impl.RoleInfo (RoleInfo.java:updateAndGet(143)) - 3bd61832-dea9-4a87-aaaf-f0ad989178d6: start FollowerState
2019-09-29 11:44:04,636 [b7c508c5-e37a-4d0e-b7eb-98108d799f0d@group-80653AF4A773:LeaderElection3] INFO  impl.RaftServerImpl (ServerState.java:setLeader(253)) - b7c508c5-e37a-4d0e-b7eb-98108d799f0d@group-80653AF4A773: change Leader from null to b7c508c5-e37a-4d0e-b7eb-98108d799f0d at term 1 for becomeLeader, leader elected after 5164ms
2019-09-29 11:44:04,638 [b7c508c5-e37a-4d0e-b7eb-98108d799f0d@group-80653AF4A773:LeaderElection3] INFO  server.RaftServerConfigKeys (ConfUtils.java:logGet(43)) - raft.server.staging.catchup.gap = 1000 (default)
2019-09-29 11:44:04,638 [b7c508c5-e37a-4d0e-b7eb-98108d799f0d@group-80653AF4A773:LeaderElection3] INFO  server.RaftServerConfigKeys (ConfUtils.java:logGet(43)) - raft.server.rpc.sleep.time = 25ms (default)
2019-09-29 11:44:04,638 [b7c508c5-e37a-4d0e-b7eb-98108d799f0d@group-80653AF4A773:LeaderElection3] INFO  server.RaftServerConfigKeys (ConfUtils.java:logGet(43)) - raft.server.write.element-limit = 4096 (default)
2019-09-29 11:44:04,638 [b7c508c5-e37a-4d0e-b7eb-98108d799f0d@group-80653AF4A773:LeaderElection3] INFO  server.RaftServerConfigKeys (ConfUtils.java:logGet(43)) - raft.server.watch.timeout = 10s (default)
2019-09-29 11:44:04,638 [b7c508c5-e37a-4d0e-b7eb-98108d799f0d@group-80653AF4A773:LeaderElection3] INFO  server.RaftServerConfigKeys (ConfUtils.java:logGet(43)) - raft.server.watch.timeout.denomination = 1s (default)
2019-09-29 11:44:04,639 [b7c508c5-e37a-4d0e-b7eb-98108d799f0d@group-80653AF4A773:LeaderElection3] INFO  server.RaftServerConfigKeys (ConfUtils.java:logGet(43)) - raft.server.watch.element-limit = 65536 (default)
2019-09-29 11:44:04,644 [b7c508c5-e37a-4d0e-b7eb-98108d799f0d@group-80653AF4A773:LeaderElection3] INFO  server.RaftServerConfigKeys (ConfUtils.java:logGet(43)) - raft.server.log.appender.snapshot.chunk.size.max = 16MB (=16777216) (default)
2019-09-29 11:44:04,644 [b7c508c5-e37a-4d0e-b7eb-98108d799f0d@group-80653AF4A773:LeaderElection3] INFO  server.RaftServerConfigKeys (ConfUtils.java:logGet(43)) - raft.server.log.appender.buffer.byte-limit = 33554432 (custom)
2019-09-29 11:44:04,645 [b7c508c5-e37a-4d0e-b7eb-98108d799f0d@group-80653AF4A773:LeaderElection3] INFO  server.RaftServerConfigKeys (ConfUtils.java:logGet(43)) - raft.server.log.appender.buffer.element-limit = 1 (custom)
2019-09-29 11:44:04,649 [b7c508c5-e37a-4d0e-b7eb-98108d799f0d@group-80653AF4A773:LeaderElection3] INFO  grpc.GrpcConfigKeys$Server (ConfUtils.java:logGet(43)) - raft.grpc.server.leader.outstanding.appends.max = 128 (default)
2019-09-29 11:44:04,653 [b7c508c5-e37a-4d0e-b7eb-98108d799f0d@group-80653AF4A773:LeaderElection3] INFO  server.RaftServerConfigKeys (ConfUtils.java:logGet(43)) - raft.server.rpc.request.timeout = 3000ms (default)
2019-09-29 11:44:04,653 [b7c508c5-e37a-4d0e-b7eb-98108d799f0d@group-80653AF4A773:LeaderElection3] INFO  server.RaftServerConfigKeys (ConfUtils.java:logGet(43)) - raft.server.log.appender.install.snapshot.enabled = false (custom)
2019-09-29 11:44:04,655 [b7c508c5-e37a-4d0e-b7eb-98108d799f0d@group-80653AF4A773:LeaderElection3] INFO  server.RaftServerConfigKeys (ConfUtils.java:logGet(43)) - raft.server.log.appender.snapshot.chunk.size.max = 16MB (=16777216) (default)
2019-09-29 11:44:04,655 [b7c508c5-e37a-4d0e-b7eb-98108d799f0d@group-80653AF4A773:LeaderElection3] INFO  server.RaftServerConfigKeys (ConfUtils.java:logGet(43)) - raft.server.log.appender.buffer.byte-limit = 33554432 (custom)
2019-09-29 11:44:04,655 [b7c508c5-e37a-4d0e-b7eb-98108d799f0d@group-80653AF4A773:LeaderElection3] INFO  server.RaftServerConfigKeys (ConfUtils.java:logGet(43)) - raft.server.log.appender.buffer.element-limit = 1 (custom)
2019-09-29 11:44:04,655 [b7c508c5-e37a-4d0e-b7eb-98108d799f0d@group-80653AF4A773:LeaderElection3] INFO  grpc.GrpcConfigKeys$Server (ConfUtils.java:logGet(43)) - raft.grpc.server.leader.outstanding.appends.max = 128 (default)
2019-09-29 11:44:04,656 [b7c508c5-e37a-4d0e-b7eb-98108d799f0d@group-80653AF4A773:LeaderElection3] INFO  server.RaftServerConfigKeys (ConfUtils.java:logGet(43)) - raft.server.rpc.request.timeout = 3000ms (default)
2019-09-29 11:44:04,656 [b7c508c5-e37a-4d0e-b7eb-98108d799f0d@group-80653AF4A773:LeaderElection3] INFO  server.RaftServerConfigKeys (ConfUtils.java:logGet(43)) - raft.server.log.appender.install.snapshot.enabled = false (custom)
2019-09-29 11:44:04,659 [b7c508c5-e37a-4d0e-b7eb-98108d799f0d@group-80653AF4A773:LeaderElection3] INFO  impl.RoleInfo (RoleInfo.java:updateAndGet(143)) - b7c508c5-e37a-4d0e-b7eb-98108d799f0d: start LeaderState
2019-09-29 11:44:04,659 [b7c508c5-e37a-4d0e-b7eb-98108d799f0d@group-80653AF4A773:LeaderElection3] INFO  segmented.SegmentedRaftLogWorker (SegmentedRaftLogWorker.java:startLogSegment(380)) - b7c508c5-e37a-4d0e-b7eb-98108d799f0d@group-80653AF4A773-SegmentedRaftLogWorker: Starting segment from index:0
2019-09-29 11:44:04,660 [b7c508c5-e37a-4d0e-b7eb-98108d799f0d@group-80653AF4A773:LeaderElection3] INFO  impl.RaftServerImpl (ServerState.java:setRaftConf(354)) - b7c508c5-e37a-4d0e-b7eb-98108d799f0d@group-80653AF4A773: set configuration 0: [817e45eb-0e91-4002-a0d2-e698414f3877:192.168.30.19:45322, b7c508c5-e37a-4d0e-b7eb-98108d799f0d:192.168.30.19:40798, 3bd61832-dea9-4a87-aaaf-f0ad989178d6:192.168.30.19:35182], old=null at 0
2019-09-29 11:44:04,720 [grpc-default-executor-0] INFO  impl.RaftServerImpl (ServerState.java:setLeader(253)) - 817e45eb-0e91-4002-a0d2-e698414f3877@group-80653AF4A773: change Leader from null to b7c508c5-e37a-4d0e-b7eb-98108d799f0d at term 1 for appendEntries, leader elected after 5247ms
2019-09-29 11:44:04,720 [grpc-default-executor-3] INFO  impl.RaftServerImpl (ServerState.java:setLeader(253)) - 3bd61832-dea9-4a87-aaaf-f0ad989178d6@group-80653AF4A773: change Leader from null to b7c508c5-e37a-4d0e-b7eb-98108d799f0d at term 1 for appendEntries, leader elected after 5246ms
2019-09-29 11:44:04,725 [b7c508c5-e37a-4d0e-b7eb-98108d799f0d@group-80653AF4A773-SegmentedRaftLogWorker] INFO  segmented.SegmentedRaftLogWorker (SegmentedRaftLogWorker.java:execute(569)) - b7c508c5-e37a-4d0e-b7eb-98108d799f0d@group-80653AF4A773-SegmentedRaftLogWorker: created new log segment /workdir/hadoop-ozone/integration-test/target/test-dir/MiniOzoneClusterImpl-31fc3349-fe2e-414b-bea4-2e2b27fa534b/datanode-0/data/ratis/97ae07c5-fdf5-4e35-be24-80653af4a773/current/log_inprogress_0
2019-09-29 11:44:04,751 [grpc-default-executor-0] INFO  impl.RaftServerImpl (ServerState.java:setRaftConf(354)) - 817e45eb-0e91-4002-a0d2-e698414f3877@group-80653AF4A773: set configuration 0: [817e45eb-0e91-4002-a0d2-e698414f3877:192.168.30.19:45322, b7c508c5-e37a-4d0e-b7eb-98108d799f0d:192.168.30.19:40798, 3bd61832-dea9-4a87-aaaf-f0ad989178d6:192.168.30.19:35182], old=null at 0
2019-09-29 11:44:04,751 [grpc-default-executor-3] INFO  impl.RaftServerImpl (ServerState.java:setRaftConf(354)) - 3bd61832-dea9-4a87-aaaf-f0ad989178d6@group-80653AF4A773: set configuration 0: [817e45eb-0e91-4002-a0d2-e698414f3877:192.168.30.19:45322, b7c508c5-e37a-4d0e-b7eb-98108d799f0d:192.168.30.19:40798, 3bd61832-dea9-4a87-aaaf-f0ad989178d6:192.168.30.19:35182], old=null at 0
2019-09-29 11:44:04,751 [grpc-default-executor-0] INFO  segmented.SegmentedRaftLogWorker (SegmentedRaftLogWorker.java:startLogSegment(380)) - 817e45eb-0e91-4002-a0d2-e698414f3877@group-80653AF4A773-SegmentedRaftLogWorker: Starting segment from index:0
2019-09-29 11:44:04,751 [grpc-default-executor-3] INFO  segmented.SegmentedRaftLogWorker (SegmentedRaftLogWorker.java:startLogSegment(380)) - 3bd61832-dea9-4a87-aaaf-f0ad989178d6@group-80653AF4A773-SegmentedRaftLogWorker: Starting segment from index:0
2019-09-29 11:44:04,756 [Thread-203] INFO  impl.FollowerState (FollowerState.java:run(106)) - 3bd61832-dea9-4a87-aaaf-f0ad989178d6:group-99EA72A8CB25 changes to CANDIDATE, lastRpcTime:5129, electionTimeout:5125ms
2019-09-29 11:44:04,757 [Thread-203] INFO  impl.RoleInfo (RoleInfo.java:shutdownFollowerState(121)) - 3bd61832-dea9-4a87-aaaf-f0ad989178d6: shutdown FollowerState
2019-09-29 11:44:04,757 [Thread-203] INFO  impl.RaftServerImpl (RaftServerImpl.java:setRole(174)) - 3bd61832-dea9-4a87-aaaf-f0ad989178d6@group-99EA72A8CB25: changes role from  FOLLOWER to CANDIDATE at term 0 for changeToCandidate
2019-09-29 11:44:04,757 [Thread-203] INFO  impl.RoleInfo (RoleInfo.java:updateAndGet(143)) - 3bd61832-dea9-4a87-aaaf-f0ad989178d6: start LeaderElection
2019-09-29 11:44:04,789 [Thread-204] INFO  impl.FollowerState (FollowerState.java:run(106)) - b7c508c5-e37a-4d0e-b7eb-98108d799f0d:group-99EA72A8CB25 changes to CANDIDATE, lastRpcTime:5161, electionTimeout:5154ms
2019-09-29 11:44:04,789 [Thread-213] INFO  impl.FollowerState (FollowerState.java:run(106)) - 817e45eb-0e91-4002-a0d2-e698414f3877:group-31B6648D9D3C changes to CANDIDATE, lastRpcTime:5049, electionTimeout:5028ms
2019-09-29 11:44:04,790 [Thread-204] INFO  impl.RoleInfo (RoleInfo.java:shutdownFollowerState(121)) - b7c508c5-e37a-4d0e-b7eb-98108d799f0d: shutdown FollowerState
2019-09-29 11:44:04,790 [Thread-213] INFO  impl.RoleInfo (RoleInfo.java:shutdownFollowerState(121)) - 817e45eb-0e91-4002-a0d2-e698414f3877: shutdown FollowerState
2019-09-29 11:44:04,790 [Thread-204] INFO  impl.RaftServerImpl (RaftServerImpl.java:setRole(174)) - b7c508c5-e37a-4d0e-b7eb-98108d799f0d@group-99EA72A8CB25: changes role from  FOLLOWER to CANDIDATE at term 0 for changeToCandidate
2019-09-29 11:44:04,790 [Thread-213] INFO  impl.RaftServerImpl (RaftServerImpl.java:setRole(174)) - 817e45eb-0e91-4002-a0d2-e698414f3877@group-31B6648D9D3C: changes role from  FOLLOWER to CANDIDATE at term 0 for changeToCandidate
2019-09-29 11:44:04,791 [Thread-204] INFO  impl.RoleInfo (RoleInfo.java:updateAndGet(143)) - b7c508c5-e37a-4d0e-b7eb-98108d799f0d: start LeaderElection
2019-09-29 11:44:04,791 [Thread-213] INFO  impl.RoleInfo (RoleInfo.java:updateAndGet(143)) - 817e45eb-0e91-4002-a0d2-e698414f3877: start LeaderElection
2019-09-29 11:44:04,795 [Thread-201] INFO  impl.FollowerState (FollowerState.java:run(106)) - 817e45eb-0e91-4002-a0d2-e698414f3877:group-99EA72A8CB25 changes to CANDIDATE, lastRpcTime:5174, electionTimeout:5172ms
2019-09-29 11:44:04,795 [Thread-201] INFO  impl.RoleInfo (RoleInfo.java:shutdownFollowerState(121)) - 817e45eb-0e91-4002-a0d2-e698414f3877: shutdown FollowerState
2019-09-29 11:44:04,796 [Thread-201] INFO  impl.RaftServerImpl (RaftServerImpl.java:setRole(174)) - 817e45eb-0e91-4002-a0d2-e698414f3877@group-99EA72A8CB25: changes role from  FOLLOWER to CANDIDATE at term 0 for changeToCandidate
2019-09-29 11:44:04,796 [Thread-201] INFO  impl.RoleInfo (RoleInfo.java:updateAndGet(143)) - 817e45eb-0e91-4002-a0d2-e698414f3877: start LeaderElection
2019-09-29 11:44:04,801 [ForkJoinPool.commonPool-worker-1] INFO  ozoneimpl.OzoneContainer (OzoneContainer.java:stop(231)) - Attempting to stop container services.
2019-09-29 11:44:04,801 [main] INFO  ozoneimpl.OzoneContainer (OzoneContainer.java:stop(231)) - Attempting to stop container services.
2019-09-29 11:44:04,802 [ForkJoinPool.commonPool-worker-1] INFO  impl.RaftServerProxy (RaftServerProxy.java:lambda$close$4(314)) - b7c508c5-e37a-4d0e-b7eb-98108d799f0d: close
2019-09-29 11:44:04,802 [main] INFO  impl.RaftServerProxy (RaftServerProxy.java:lambda$close$4(314)) - 3bd61832-dea9-4a87-aaaf-f0ad989178d6: close
2019-09-29 11:44:04,804 [ForkJoinPool.commonPool-worker-1] INFO  impl.RaftServerImpl (RaftServerImpl.java:lambda$shutdown$3(251)) - b7c508c5-e37a-4d0e-b7eb-98108d799f0d@group-99EA72A8CB25: shutdown
2019-09-29 11:44:04,804 [main] INFO  impl.RaftServerImpl (RaftServerImpl.java:lambda$shutdown$3(251)) - 3bd61832-dea9-4a87-aaaf-f0ad989178d6@group-99EA72A8CB25: shutdown
2019-09-29 11:44:04,804 [ForkJoinPool.commonPool-worker-1] INFO  util.JmxRegister (JmxRegister.java:unregister(73)) - Successfully un-registered JMX Bean with object name Ratis:service=RaftServer,group=group-99EA72A8CB25,id=b7c508c5-e37a-4d0e-b7eb-98108d799f0d
2019-09-29 11:44:04,805 [main] INFO  util.JmxRegister (JmxRegister.java:unregister(73)) - Successfully un-registered JMX Bean with object name Ratis:service=RaftServer,group=group-99EA72A8CB25,id=3bd61832-dea9-4a87-aaaf-f0ad989178d6
2019-09-29 11:44:04,805 [ForkJoinPool.commonPool-worker-1] INFO  impl.RoleInfo (RoleInfo.java:shutdownLeaderElection(134)) - b7c508c5-e37a-4d0e-b7eb-98108d799f0d: shutdown LeaderElection
2019-09-29 11:44:04,805 [main] INFO  impl.RoleInfo (RoleInfo.java:shutdownLeaderElection(134)) - 3bd61832-dea9-4a87-aaaf-f0ad989178d6: shutdown LeaderElection
2019-09-29 11:44:04,806 [ForkJoinPool.commonPool-worker-1] INFO  impl.StateMachineUpdater (StateMachineUpdater.java:stopAndJoin(125)) - b7c508c5-e37a-4d0e-b7eb-98108d799f0d@group-99EA72A8CB25-StateMachineUpdater: set stopIndex = -1
2019-09-29 11:44:04,806 [main] INFO  impl.StateMachineUpdater (StateMachineUpdater.java:stopAndJoin(125)) - 3bd61832-dea9-4a87-aaaf-f0ad989178d6@group-99EA72A8CB25-StateMachineUpdater: set stopIndex = -1
2019-09-29 11:44:04,808 [ForkJoinPool.commonPool-worker-1] INFO  impl.RaftServerImpl (ServerState.java:close(385)) - b7c508c5-e37a-4d0e-b7eb-98108d799f0d@group-99EA72A8CB25: closes. applyIndex: -1
2019-09-29 11:44:04,809 [main] INFO  impl.RaftServerImpl (ServerState.java:close(385)) - 3bd61832-dea9-4a87-aaaf-f0ad989178d6@group-99EA72A8CB25: closes. applyIndex: -1
2019-09-29 11:44:04,810 [b7c508c5-e37a-4d0e-b7eb-98108d799f0d@group-99EA72A8CB25-SegmentedRaftLogWorker] INFO  segmented.SegmentedRaftLogWorker (SegmentedRaftLogWorker.java:run(313)) - b7c508c5-e37a-4d0e-b7eb-98108d799f0d@group-99EA72A8CB25-SegmentedRaftLogWorker was interrupted, exiting. There are 0 tasks remaining in the queue.
2019-09-29 11:44:04,811 [3bd61832-dea9-4a87-aaaf-f0ad989178d6@group-99EA72A8CB25-SegmentedRaftLogWorker] INFO  segmented.SegmentedRaftLogWorker (SegmentedRaftLogWorker.java:run(313)) - 3bd61832-dea9-4a87-aaaf-f0ad989178d6@group-99EA72A8CB25-SegmentedRaftLogWorker was interrupted, exiting. There are 0 tasks remaining in the queue.
2019-09-29 11:44:04,811 [ForkJoinPool.commonPool-worker-1] INFO  segmented.SegmentedRaftLogWorker (SegmentedRaftLogWorker.java:close(228)) - b7c508c5-e37a-4d0e-b7eb-98108d799f0d@group-99EA72A8CB25-SegmentedRaftLogWorker close()
2019-09-29 11:44:04,811 [main] INFO  segmented.SegmentedRaftLogWorker (SegmentedRaftLogWorker.java:close(228)) - 3bd61832-dea9-4a87-aaaf-f0ad989178d6@group-99EA72A8CB25-SegmentedRaftLogWorker close()
2019-09-29 11:44:04,820 [3bd61832-dea9-4a87-aaaf-f0ad989178d6@group-80653AF4A773-SegmentedRaftLogWorker] INFO  segmented.SegmentedRaftLogWorker (SegmentedRaftLogWorker.java:execute(569)) - 3bd61832-dea9-4a87-aaaf-f0ad989178d6@group-80653AF4A773-SegmentedRaftLogWorker: created new log segment /workdir/hadoop-ozone/integration-test/target/test-dir/MiniOzoneClusterImpl-31fc3349-fe2e-414b-bea4-2e2b27fa534b/datanode-1/data/ratis/97ae07c5-fdf5-4e35-be24-80653af4a773/current/log_inprogress_0
2019-09-29 11:44:04,820 [817e45eb-0e91-4002-a0d2-e698414f3877@group-80653AF4A773-SegmentedRaftLogWorker] INFO  segmented.SegmentedRaftLogWorker (SegmentedRaftLogWorker.java:execute(569)) - 817e45eb-0e91-4002-a0d2-e698414f3877@group-80653AF4A773-SegmentedRaftLogWorker: created new log segment /workdir/hadoop-ozone/integration-test/target/test-dir/MiniOzoneClusterImpl-31fc3349-fe2e-414b-bea4-2e2b27fa534b/datanode-2/data/ratis/97ae07c5-fdf5-4e35-be24-80653af4a773/current/log_inprogress_0
2019-09-29 11:44:04,820 [3bd61832-dea9-4a87-aaaf-f0ad989178d6@group-99EA72A8CB25:LeaderElection6] INFO  impl.LeaderElection (LeaderElection.java:askForVotes(182)) - 3bd61832-dea9-4a87-aaaf-f0ad989178d6@group-99EA72A8CB25:LeaderElection6: begin an election at term 1 for -1: [817e45eb-0e91-4002-a0d2-e698414f3877:192.168.30.19:45322, b7c508c5-e37a-4d0e-b7eb-98108d799f0d:192.168.30.19:40798, 3bd61832-dea9-4a87-aaaf-f0ad989178d6:192.168.30.19:35182], old=null
2019-09-29 11:44:04,820 [817e45eb-0e91-4002-a0d2-e698414f3877@group-31B6648D9D3C:LeaderElection8] INFO  impl.LeaderElection (LeaderElection.java:askForVotes(182)) - 817e45eb-0e91-4002-a0d2-e698414f3877@group-31B6648D9D3C:LeaderElection8: begin an election at term 1 for -1: [817e45eb-0e91-4002-a0d2-e698414f3877:192.168.30.19:45322, b7c508c5-e37a-4d0e-b7eb-98108d799f0d:192.168.30.19:40798, 3bd61832-dea9-4a87-aaaf-f0ad989178d6:192.168.30.19:35182], old=null
2019-09-29 11:44:04,820 [ForkJoinPool.commonPool-worker-1] INFO  impl.RaftServerImpl (RaftServerImpl.java:lambda$shutdown$3(251)) - b7c508c5-e37a-4d0e-b7eb-98108d799f0d@group-31B6648D9D3C: shutdown
2019-09-29 11:44:04,820 [b7c508c5-e37a-4d0e-b7eb-98108d799f0d@group-99EA72A8CB25:LeaderElection7] INFO  impl.LeaderElection (LeaderElection.java:askForVotes(182)) - b7c508c5-e37a-4d0e-b7eb-98108d799f0d@group-99EA72A8CB25:LeaderElection7: begin an election at term 1 for -1: [817e45eb-0e91-4002-a0d2-e698414f3877:192.168.30.19:45322, b7c508c5-e37a-4d0e-b7eb-98108d799f0d:192.168.30.19:40798, 3bd61832-dea9-4a87-aaaf-f0ad989178d6:192.168.30.19:35182], old=null
2019-09-29 11:44:04,820 [817e45eb-0e91-4002-a0d2-e698414f3877@group-99EA72A8CB25:LeaderElection9] INFO  impl.LeaderElection (LeaderElection.java:askForVotes(182)) - 817e45eb-0e91-4002-a0d2-e698414f3877@group-99EA72A8CB25:LeaderElection9: begin an election at term 1 for -1: [817e45eb-0e91-4002-a0d2-e698414f3877:192.168.30.19:45322, b7c508c5-e37a-4d0e-b7eb-98108d799f0d:192.168.30.19:40798, 3bd61832-dea9-4a87-aaaf-f0ad989178d6:192.168.30.19:35182], old=null
2019-09-29 11:44:04,820 [main] INFO  impl.RaftServerImpl (RaftServerImpl.java:lambda$shutdown$3(251)) - 3bd61832-dea9-4a87-aaaf-f0ad989178d6@group-C16C322EBBDD: shutdown
2019-09-29 11:44:04,821 [b7c508c5-e37a-4d0e-b7eb-98108d799f0d@group-99EA72A8CB25:LeaderElection7] INFO  impl.LeaderElection (LogUtils.java:infoOrTrace(149)) - Failed b7c508c5-e37a-4d0e-b7eb-98108d799f0d@group-99EA72A8CB25:LeaderElection7, state=CLOSING: {}
java.lang.IllegalArgumentException: b7c508c5-e37a-4d0e-b7eb-98108d799f0d@group-99EA72A8CB25-SegmentedRaftLog is expected to be opened but it is CLOSED
	at org.apache.ratis.util.OpenCloseState.assertOpen(OpenCloseState.java:63)
	at org.apache.ratis.server.raftlog.RaftLog.checkLogState(RaftLog.java:102)
	at org.apache.ratis.server.raftlog.segmented.SegmentedRaftLog.getLastEntryTermIndex(SegmentedRaftLog.java:324)
	at org.apache.ratis.server.impl.LeaderElection.askForVotes(LeaderElection.java:184)
	at org.apache.ratis.server.impl.LeaderElection.run(LeaderElection.java:133)
	at java.lang.Thread.run(Thread.java:748)
Caused by: org.apache.ratis.util.OpenCloseState$CloseTrace: Close b7c508c5-e37a-4d0e-b7eb-98108d799f0d@group-99EA72A8CB25-SegmentedRaftLog
	at org.apache.ratis.util.OpenCloseState.lambda$close$1(OpenCloseState.java:109)
	at java.util.concurrent.atomic.AtomicReference.getAndUpdate(AtomicReference.java:160)
	at org.apache.ratis.util.OpenCloseState.close(OpenCloseState.java:109)
	at org.apache.ratis.server.raftlog.RaftLog.close(RaftLog.java:437)
	at org.apache.ratis.server.raftlog.segmented.SegmentedRaftLog.close(SegmentedRaftLog.java:476)
	at org.apache.ratis.server.impl.ServerState.close(ServerState.java:387)
	at org.apache.ratis.server.impl.RaftServerImpl.lambda$shutdown$3(RaftServerImpl.java:273)
	at org.apache.ratis.util.LifeCycle.lambda$checkStateAndClose$2(LifeCycle.java:231)
	at org.apache.ratis.util.LifeCycle.checkStateAndClose(LifeCycle.java:251)
	at org.apache.ratis.util.LifeCycle.checkStateAndClose(LifeCycle.java:229)
	at org.apache.ratis.server.impl.RaftServerImpl.shutdown(RaftServerImpl.java:250)
	at org.apache.ratis.server.impl.RaftServerProxy$ImplMap.lambda$close$0(RaftServerProxy.java:107)
	at java.util.stream.ForEachOps$ForEachOp$OfRef.accept(ForEachOps.java:184)
	at java.util.stream.ReferencePipeline$3$1.accept(ReferencePipeline.java:193)
	at java.util.concurrent.ConcurrentHashMap$ValueSpliterator.forEachRemaining(ConcurrentHashMap.java:3566)
	at java.util.stream.AbstractPipeline.copyInto(AbstractPipeline.java:482)
	at java.util.stream.ForEachOps$ForEachTask.compute(ForEachOps.java:291)
	at java.util.concurrent.CountedCompleter.exec(CountedCompleter.java:731)
	at java.util.concurrent.ForkJoinTask.doExec(ForkJoinTask.java:289)
	at java.util.concurrent.ForkJoinTask.doInvoke(ForkJoinTask.java:401)
	at java.util.concurrent.ForkJoinTask.invoke(ForkJoinTask.java:734)
	at java.util.stream.ForEachOps$ForEachOp.evaluateParallel(ForEachOps.java:160)
	at java.util.stream.ForEachOps$ForEachOp$OfRef.evaluateParallel(ForEachOps.java:174)
	at java.util.stream.AbstractPipeline.evaluate(AbstractPipeline.java:233)
	at java.util.stream.ReferencePipeline.forEach(ReferencePipeline.java:418)
	at org.apache.ratis.server.impl.RaftServerProxy$ImplMap.close(RaftServerProxy.java:107)
	at org.apache.ratis.server.impl.RaftServerProxy.lambda$close$4(RaftServerProxy.java:315)
	at org.apache.ratis.util.LifeCycle.lambda$checkStateAndClose$2(LifeCycle.java:231)
	at org.apache.ratis.util.LifeCycle.checkStateAndClose(LifeCycle.java:251)
	at org.apache.ratis.util.LifeCycle.checkStateAndClose(LifeCycle.java:229)
	at org.apache.ratis.server.impl.RaftServerProxy.close(RaftServerProxy.java:313)
	at org.apache.hadoop.ozone.container.common.transport.server.ratis.XceiverServerRatis.stop(XceiverServerRatis.java:441)
	at org.apache.hadoop.ozone.container.ozoneimpl.OzoneContainer.stop(OzoneContainer.java:233)
	at org.apache.hadoop.ozone.container.common.statemachine.DatanodeStateMachine.close(DatanodeStateMachine.java:270)
	at org.apache.hadoop.ozone.container.common.statemachine.DatanodeStateMachine.stopDaemon(DatanodeStateMachine.java:394)
	at org.apache.hadoop.ozone.HddsDatanodeService.stop(HddsDatanodeService.java:457)
	at org.apache.hadoop.ozone.MiniOzoneClusterImpl.stopDatanode(MiniOzoneClusterImpl.java:385)
	at java.util.stream.ForEachOps$ForEachOp$OfRef.accept(ForEachOps.java:184)
	at java.util.ArrayList$ArrayListSpliterator.forEachRemaining(ArrayList.java:1382)
	at java.util.stream.AbstractPipeline.copyInto(AbstractPipeline.java:482)
	at java.util.stream.ForEachOps$ForEachTask.compute(ForEachOps.java:291)
	at java.util.concurrent.CountedCompleter.exec(CountedCompleter.java:731)
	at java.util.concurrent.ForkJoinTask.doExec(ForkJoinTask.java:289)
	at java.util.concurrent.ForkJoinPool$WorkQueue.runTask(ForkJoinPool.java:1056)
	at java.util.concurrent.ForkJoinPool.runWorker(ForkJoinPool.java:1692)
	at java.util.concurrent.ForkJoinWorkerThread.run(ForkJoinWorkerThread.java:157)
2019-09-29 11:44:04,821 [3bd61832-dea9-4a87-aaaf-f0ad989178d6@group-99EA72A8CB25:LeaderElection6] INFO  impl.LeaderElection (LogUtils.java:infoOrTrace(149)) - Failed 3bd61832-dea9-4a87-aaaf-f0ad989178d6@group-99EA72A8CB25:LeaderElection6, state=CLOSING: {}
java.lang.IllegalArgumentException: 3bd61832-dea9-4a87-aaaf-f0ad989178d6@group-99EA72A8CB25-SegmentedRaftLog is expected to be opened but it is CLOSED
	at org.apache.ratis.util.OpenCloseState.assertOpen(OpenCloseState.java:63)
	at org.apache.ratis.server.raftlog.RaftLog.checkLogState(RaftLog.java:102)
	at org.apache.ratis.server.raftlog.segmented.SegmentedRaftLog.getLastEntryTermIndex(SegmentedRaftLog.java:324)
	at org.apache.ratis.server.impl.LeaderElection.askForVotes(LeaderElection.java:184)
	at org.apache.ratis.server.impl.LeaderElection.run(LeaderElection.java:133)
	at java.lang.Thread.run(Thread.java:748)
Caused by: org.apache.ratis.util.OpenCloseState$CloseTrace: Close 3bd61832-dea9-4a87-aaaf-f0ad989178d6@group-99EA72A8CB25-SegmentedRaftLog
	at org.apache.ratis.util.OpenCloseState.lambda$close$1(OpenCloseState.java:109)
	at java.util.concurrent.atomic.AtomicReference.getAndUpdate(AtomicReference.java:160)
	at org.apache.ratis.util.OpenCloseState.close(OpenCloseState.java:109)
	at org.apache.ratis.server.raftlog.RaftLog.close(RaftLog.java:437)
	at org.apache.ratis.server.raftlog.segmented.SegmentedRaftLog.close(SegmentedRaftLog.java:476)
	at org.apache.ratis.server.impl.ServerState.close(ServerState.java:387)
	at org.apache.ratis.server.impl.RaftServerImpl.lambda$shutdown$3(RaftServerImpl.java:273)
	at org.apache.ratis.util.LifeCycle.lambda$checkStateAndClose$2(LifeCycle.java:231)
	at org.apache.ratis.util.LifeCycle.checkStateAndClose(LifeCycle.java:251)
	at org.apache.ratis.util.LifeCycle.checkStateAndClose(LifeCycle.java:229)
	at org.apache.ratis.server.impl.RaftServerImpl.shutdown(RaftServerImpl.java:250)
	at org.apache.ratis.server.impl.RaftServerProxy$ImplMap.lambda$close$0(RaftServerProxy.java:107)
	at java.util.stream.ForEachOps$ForEachOp$OfRef.accept(ForEachOps.java:184)
	at java.util.stream.ReferencePipeline$3$1.accept(ReferencePipeline.java:193)
	at java.util.concurrent.ConcurrentHashMap$ValueSpliterator.forEachRemaining(ConcurrentHashMap.java:3566)
	at java.util.stream.AbstractPipeline.copyInto(AbstractPipeline.java:482)
	at java.util.stream.ForEachOps$ForEachTask.compute(ForEachOps.java:291)
	at java.util.concurrent.CountedCompleter.exec(CountedCompleter.java:731)
	at java.util.concurrent.ForkJoinTask.doExec(ForkJoinTask.java:289)
	at java.util.concurrent.ForkJoinTask.doInvoke(ForkJoinTask.java:401)
	at java.util.concurrent.ForkJoinTask.invoke(ForkJoinTask.java:734)
	at java.util.stream.ForEachOps$ForEachOp.evaluateParallel(ForEachOps.java:160)
	at java.util.stream.ForEachOps$ForEachOp$OfRef.evaluateParallel(ForEachOps.java:174)
	at java.util.stream.AbstractPipeline.evaluate(AbstractPipeline.java:233)
	at java.util.stream.ReferencePipeline.forEach(ReferencePipeline.java:418)
	at org.apache.ratis.server.impl.RaftServerProxy$ImplMap.close(RaftServerProxy.java:107)
	at org.apache.ratis.server.impl.RaftServerProxy.lambda$close$4(RaftServerProxy.java:315)
	at org.apache.ratis.util.LifeCycle.lambda$checkStateAndClose$2(LifeCycle.java:231)
	at org.apache.ratis.util.LifeCycle.checkStateAndClose(LifeCycle.java:251)
	at org.apache.ratis.util.LifeCycle.checkStateAndClose(LifeCycle.java:229)
	at org.apache.ratis.server.impl.RaftServerProxy.close(RaftServerProxy.java:313)
	at org.apache.hadoop.ozone.container.common.transport.server.ratis.XceiverServerRatis.stop(XceiverServerRatis.java:441)
	at org.apache.hadoop.ozone.container.ozoneimpl.OzoneContainer.stop(OzoneContainer.java:233)
	at org.apache.hadoop.ozone.container.common.statemachine.DatanodeStateMachine.close(DatanodeStateMachine.java:270)
	at org.apache.hadoop.ozone.container.common.statemachine.DatanodeStateMachine.stopDaemon(DatanodeStateMachine.java:394)
	at org.apache.hadoop.ozone.HddsDatanodeService.stop(HddsDatanodeService.java:457)
	at org.apache.hadoop.ozone.MiniOzoneClusterImpl.stopDatanode(MiniOzoneClusterImpl.java:385)
	at java.util.stream.ForEachOps$ForEachOp$OfRef.accept(ForEachOps.java:184)
	at java.util.ArrayList$ArrayListSpliterator.forEachRemaining(ArrayList.java:1382)
	at java.util.stream.AbstractPipeline.copyInto(AbstractPipeline.java:482)
	at java.util.stream.ForEachOps$ForEachTask.compute(ForEachOps.java:291)
	at java.util.concurrent.CountedCompleter.exec(CountedCompleter.java:731)
	at java.util.concurrent.ForkJoinTask.doExec(ForkJoinTask.java:289)
	at java.util.concurrent.ForkJoinTask.doInvoke(ForkJoinTask.java:401)
	at java.util.concurrent.ForkJoinTask.invoke(ForkJoinTask.java:734)
	at java.util.stream.ForEachOps$ForEachOp.evaluateParallel(ForEachOps.java:160)
	at java.util.stream.ForEachOps$ForEachOp$OfRef.evaluateParallel(ForEachOps.java:174)
	at java.util.stream.AbstractPipeline.evaluate(AbstractPipeline.java:233)
	at java.util.stream.ReferencePipeline.forEach(ReferencePipeline.java:418)
	at java.util.stream.ReferencePipeline$Head.forEach(ReferencePipeline.java:583)
	at org.apache.hadoop.ozone.MiniOzoneClusterImpl.stopDatanodes(MiniOzoneClusterImpl.java:379)
	at org.apache.hadoop.ozone.MiniOzoneClusterImpl.stop(MiniOzoneClusterImpl.java:332)
	at org.apache.hadoop.ozone.MiniOzoneClusterImpl.shutdown(MiniOzoneClusterImpl.java:319)
	at org.apache.hadoop.ozone.scm.TestXceiverClientManager.shutdown(TestXceiverClientManager.java:71)
	at sun.reflect.NativeMethodAccessorImpl.invoke0(Native Method)
	at sun.reflect.NativeMethodAccessorImpl.invoke(NativeMethodAccessorImpl.java:62)
	at sun.reflect.DelegatingMethodAccessorImpl.invoke(DelegatingMethodAccessorImpl.java:43)
	at java.lang.reflect.Method.invoke(Method.java:498)
	at org.junit.runners.model.FrameworkMethod$1.runReflectiveCall(FrameworkMethod.java:47)
	at org.junit.internal.runners.model.ReflectiveCallable.run(ReflectiveCallable.java:12)
	at org.junit.runners.model.FrameworkMethod.invokeExplosively(FrameworkMethod.java:44)
	at org.junit.internal.runners.statements.RunAfters.evaluate(RunAfters.java:33)
	at org.junit.rules.ExpectedException$ExpectedExceptionStatement.evaluate(ExpectedException.java:168)
	at org.junit.rules.RunRules.evaluate(RunRules.java:20)
	at org.junit.runners.ParentRunner.runLeaf(ParentRunner.java:271)
	at org.junit.runners.BlockJUnit4ClassRunner.runChild(BlockJUnit4ClassRunner.java:70)
	at org.junit.runners.BlockJUnit4ClassRunner.runChild(BlockJUnit4ClassRunner.java:50)
	at org.junit.runners.ParentRunner$3.run(ParentRunner.java:238)
	at org.junit.runners.ParentRunner$1.schedule(ParentRunner.java:63)
	at org.junit.runners.ParentRunner.runChildren(ParentRunner.java:236)
	at org.junit.runners.ParentRunner.access$000(ParentRunner.java:53)
	at org.junit.runners.ParentRunner$2.evaluate(ParentRunner.java:229)
	at org.junit.runners.ParentRunner.run(ParentRunner.java:309)
	at org.apache.maven.surefire.junit4.JUnit4Provider.execute(JUnit4Provider.java:365)
	at org.apache.maven.surefire.junit4.JUnit4Provider.executeWithRerun(JUnit4Provider.java:273)
	at org.apache.maven.surefire.junit4.JUnit4Provider.executeTestSet(JUnit4Provider.java:238)
	at org.apache.maven.surefire.junit4.JUnit4Provider.invoke(JUnit4Provider.java:159)
	at org.apache.maven.surefire.booter.ForkedBooter.invokeProviderInSameClassLoader(ForkedBooter.java:384)
	at org.apache.maven.surefire.booter.ForkedBooter.runSuitesInProcess(ForkedBooter.java:345)
	at org.apache.maven.surefire.booter.ForkedBooter.execute(ForkedBooter.java:126)
	at org.apache.maven.surefire.booter.ForkedBooter.main(ForkedBooter.java:418)
2019-09-29 11:44:04,831 [3bd61832-dea9-4a87-aaaf-f0ad989178d6@group-99EA72A8CB25:LeaderElection6] INFO  impl.LeaderElection (LeaderElection.java:run(140)) - 3bd61832-dea9-4a87-aaaf-f0ad989178d6@group-99EA72A8CB25:LeaderElection6: IllegalArgumentException is safely ignored since this is already CLOSING
2019-09-29 11:44:04,821 [ForkJoinPool.commonPool-worker-1] INFO  util.JmxRegister (JmxRegister.java:unregister(73)) - Successfully un-registered JMX Bean with object name Ratis:service=RaftServer,group=group-31B6648D9D3C,id=b7c508c5-e37a-4d0e-b7eb-98108d799f0d
2019-09-29 11:44:04,832 [ForkJoinPool.commonPool-worker-1] INFO  impl.RoleInfo (RoleInfo.java:shutdownFollowerState(121)) - b7c508c5-e37a-4d0e-b7eb-98108d799f0d: shutdown FollowerState
2019-09-29 11:44:04,825 [b7c508c5-e37a-4d0e-b7eb-98108d799f0d@group-99EA72A8CB25:LeaderElection7] INFO  impl.LeaderElection (LeaderElection.java:run(140)) - b7c508c5-e37a-4d0e-b7eb-98108d799f0d@group-99EA72A8CB25:LeaderElection7: IllegalArgumentException is safely ignored since this is already CLOSING
2019-09-29 11:44:04,832 [ForkJoinPool.commonPool-worker-1] INFO  impl.StateMachineUpdater (StateMachineUpdater.java:stopAndJoin(125)) - b7c508c5-e37a-4d0e-b7eb-98108d799f0d@group-31B6648D9D3C-StateMachineUpdater: set stopIndex = -1
2019-09-29 11:44:04,821 [main] INFO  util.JmxRegister (JmxRegister.java:unregister(73)) - Successfully un-registered JMX Bean with object name Ratis:service=RaftServer,group=group-C16C322EBBDD,id=3bd61832-dea9-4a87-aaaf-f0ad989178d6
2019-09-29 11:44:04,835 [ForkJoinPool.commonPool-worker-1] INFO  impl.RaftServerImpl (ServerState.java:close(385)) - b7c508c5-e37a-4d0e-b7eb-98108d799f0d@group-31B6648D9D3C: closes. applyIndex: -1
2019-09-29 11:44:04,834 [Thread-212] INFO  impl.FollowerState (FollowerState.java:run(115)) - b7c508c5-e37a-4d0e-b7eb-98108d799f0d: FollowerState was interrupted: java.lang.InterruptedException: sleep interrupted
2019-09-29 11:44:04,836 [b7c508c5-e37a-4d0e-b7eb-98108d799f0d@group-31B6648D9D3C-SegmentedRaftLogWorker] INFO  segmented.SegmentedRaftLogWorker (SegmentedRaftLogWorker.java:run(313)) - b7c508c5-e37a-4d0e-b7eb-98108d799f0d@group-31B6648D9D3C-SegmentedRaftLogWorker was interrupted, exiting. There are 0 tasks remaining in the queue.
2019-09-29 11:44:04,835 [main] INFO  impl.RoleInfo (RoleInfo.java:shutdownLeaderState(104)) - 3bd61832-dea9-4a87-aaaf-f0ad989178d6: shutdown LeaderState
2019-09-29 11:44:04,837 [ForkJoinPool.commonPool-worker-1] INFO  segmented.SegmentedRaftLogWorker (SegmentedRaftLogWorker.java:close(228)) - b7c508c5-e37a-4d0e-b7eb-98108d799f0d@group-31B6648D9D3C-SegmentedRaftLogWorker close()
2019-09-29 11:44:04,840 [ForkJoinPool.commonPool-worker-1] INFO  impl.RaftServerImpl (RaftServerImpl.java:lambda$shutdown$3(251)) - b7c508c5-e37a-4d0e-b7eb-98108d799f0d@group-80653AF4A773: shutdown
2019-09-29 11:44:04,840 [ForkJoinPool.commonPool-worker-1] INFO  util.JmxRegister (JmxRegister.java:unregister(73)) - Successfully un-registered JMX Bean with object name Ratis:service=RaftServer,group=group-80653AF4A773,id=b7c508c5-e37a-4d0e-b7eb-98108d799f0d
2019-09-29 11:44:04,840 [ForkJoinPool.commonPool-worker-1] INFO  impl.RoleInfo (RoleInfo.java:shutdownLeaderState(104)) - b7c508c5-e37a-4d0e-b7eb-98108d799f0d: shutdown LeaderState
2019-09-29 11:44:04,840 [main] INFO  impl.PendingRequests (PendingRequests.java:sendNotLeaderResponses(202)) - 3bd61832-dea9-4a87-aaaf-f0ad989178d6-PendingRequests: sendNotLeaderResponses
2019-09-29 11:44:04,843 [org.apache.ratis.server.impl.LogAppender$AppenderDaemon$$Lambda$398/167337190@505b990] WARN  server.GrpcLogAppender (GrpcLogAppender.java:mayWait(143)) - b7c508c5-e37a-4d0e-b7eb-98108d799f0d@group-80653AF4A773->3bd61832-dea9-4a87-aaaf-f0ad989178d6-GrpcLogAppender: Wait interrupted by java.lang.InterruptedException
2019-09-29 11:44:04,843 [org.apache.ratis.server.impl.LogAppender$AppenderDaemon$$Lambda$398/167337190@e43cf2a] WARN  server.GrpcLogAppender (GrpcLogAppender.java:mayWait(143)) - b7c508c5-e37a-4d0e-b7eb-98108d799f0d@group-80653AF4A773->817e45eb-0e91-4002-a0d2-e698414f3877-GrpcLogAppender: Wait interrupted by java.lang.InterruptedException
2019-09-29 11:44:04,842 [ForkJoinPool.commonPool-worker-1] INFO  impl.PendingRequests (PendingRequests.java:sendNotLeaderResponses(202)) - b7c508c5-e37a-4d0e-b7eb-98108d799f0d-PendingRequests: sendNotLeaderResponses
2019-09-29 11:44:04,855 [grpc-default-executor-1] INFO  impl.RaftServerImpl (RaftServerImpl.java:setRole(174)) - 3bd61832-dea9-4a87-aaaf-f0ad989178d6@group-31B6648D9D3C: changes role from  FOLLOWER to FOLLOWER at term 1 for recognizeCandidate:817e45eb-0e91-4002-a0d2-e698414f3877
2019-09-29 11:44:04,855 [main] INFO  impl.StateMachineUpdater (StateMachineUpdater.java:stopAndJoin(125)) - 3bd61832-dea9-4a87-aaaf-f0ad989178d6@group-C16C322EBBDD-StateMachineUpdater: set stopIndex = 0
2019-09-29 11:44:04,855 [ForkJoinPool.commonPool-worker-1] INFO  impl.StateMachineUpdater (StateMachineUpdater.java:stopAndJoin(125)) - b7c508c5-e37a-4d0e-b7eb-98108d799f0d@group-80653AF4A773-StateMachineUpdater: set stopIndex = 0
2019-09-29 11:44:04,855 [grpc-default-executor-1] INFO  impl.RoleInfo (RoleInfo.java:shutdownFollowerState(121)) - 3bd61832-dea9-4a87-aaaf-f0ad989178d6: shutdown FollowerState
2019-09-29 11:44:04,858 [main] INFO  impl.RaftServerImpl (ServerState.java:close(385)) - 3bd61832-dea9-4a87-aaaf-f0ad989178d6@group-C16C322EBBDD: closes. applyIndex: 0
2019-09-29 11:44:04,858 [grpc-default-executor-3] WARN  server.GrpcServerProtocolService (LogUtils.java:warn(134)) - 3bd61832-dea9-4a87-aaaf-f0ad989178d6: Failed requestVote 817e45eb-0e91-4002-a0d2-e698414f3877->3bd61832-dea9-4a87-aaaf-f0ad989178d6#0: org.apache.ratis.protocol.ServerNotReadyException: 3bd61832-dea9-4a87-aaaf-f0ad989178d6@group-99EA72A8CB25 is not in [RUNNING]: current state is CLOSED
2019-09-29 11:44:04,857 [ForkJoinPool.commonPool-worker-1] INFO  impl.RaftServerImpl (ServerState.java:close(385)) - b7c508c5-e37a-4d0e-b7eb-98108d799f0d@group-80653AF4A773: closes. applyIndex: 0
2019-09-29 11:44:04,859 [3bd61832-dea9-4a87-aaaf-f0ad989178d6@group-C16C322EBBDD-SegmentedRaftLogWorker] INFO  segmented.SegmentedRaftLogWorker (SegmentedRaftLogWorker.java:run(313)) - 3bd61832-dea9-4a87-aaaf-f0ad989178d6@group-C16C322EBBDD-SegmentedRaftLogWorker was interrupted, exiting. There are 0 tasks remaining in the queue.
2019-09-29 11:44:04,859 [grpc-default-executor-0] WARN  server.GrpcServerProtocolService (LogUtils.java:warn(134)) - b7c508c5-e37a-4d0e-b7eb-98108d799f0d: Failed requestVote 817e45eb-0e91-4002-a0d2-e698414f3877->b7c508c5-e37a-4d0e-b7eb-98108d799f0d#0: org.apache.ratis.protocol.ServerNotReadyException: b7c508c5-e37a-4d0e-b7eb-98108d799f0d@group-99EA72A8CB25 is not in [RUNNING]: current state is CLOSED
2019-09-29 11:44:04,858 [grpc-default-executor-2] WARN  server.GrpcServerProtocolService (LogUtils.java:warn(134)) - b7c508c5-e37a-4d0e-b7eb-98108d799f0d: Failed requestVote 817e45eb-0e91-4002-a0d2-e698414f3877->b7c508c5-e37a-4d0e-b7eb-98108d799f0d#0: org.apache.ratis.protocol.ServerNotReadyException: b7c508c5-e37a-4d0e-b7eb-98108d799f0d@group-31B6648D9D3C is not in [RUNNING]: current state is CLOSED
2019-09-29 11:44:04,858 [Thread-210] INFO  impl.FollowerState (FollowerState.java:run(115)) - 3bd61832-dea9-4a87-aaaf-f0ad989178d6: FollowerState was interrupted: java.lang.InterruptedException: sleep interrupted
2019-09-29 11:44:04,858 [grpc-default-executor-1] INFO  impl.RoleInfo (RoleInfo.java:updateAndGet(143)) - 3bd61832-dea9-4a87-aaaf-f0ad989178d6: start FollowerState
2019-09-29 11:44:04,861 [main] INFO  segmented.SegmentedRaftLogWorker (SegmentedRaftLogWorker.java:close(228)) - 3bd61832-dea9-4a87-aaaf-f0ad989178d6@group-C16C322EBBDD-SegmentedRaftLogWorker close()
2019-09-29 11:44:04,859 [b7c508c5-e37a-4d0e-b7eb-98108d799f0d@group-80653AF4A773-SegmentedRaftLogWorker] INFO  segmented.SegmentedRaftLogWorker (SegmentedRaftLogWorker.java:run(313)) - b7c508c5-e37a-4d0e-b7eb-98108d799f0d@group-80653AF4A773-SegmentedRaftLogWorker was interrupted, exiting. There are 0 tasks remaining in the queue.
2019-09-29 11:44:04,864 [main] INFO  impl.RaftServerImpl (RaftServerImpl.java:lambda$shutdown$3(251)) - 3bd61832-dea9-4a87-aaaf-f0ad989178d6@group-31B6648D9D3C: shutdown
2019-09-29 11:44:04,862 [grpc-default-executor-5] INFO  server.GrpcServerProtocolService (GrpcServerProtocolService.java:onCompleted(113)) - 3bd61832-dea9-4a87-aaaf-f0ad989178d6: Completed APPEND_ENTRIES, lastRequest: b7c508c5-e37a-4d0e-b7eb-98108d799f0d->3bd61832-dea9-4a87-aaaf-f0ad989178d6#1-t1, previous=(t:0, i:0), leaderCommit=0, initializing? false, entries: size=1, first=(t:1, i:0), CONFIGURATIONENTRY
2019-09-29 11:44:04,862 [grpc-default-executor-4] INFO  server.GrpcServerProtocolService (GrpcServerProtocolService.java:onCompleted(113)) - 817e45eb-0e91-4002-a0d2-e698414f3877: Completed APPEND_ENTRIES, lastRequest: b7c508c5-e37a-4d0e-b7eb-98108d799f0d->817e45eb-0e91-4002-a0d2-e698414f3877#1-t1, previous=(t:0, i:0), leaderCommit=0, initializing? false, entries: size=1, first=(t:1, i:0), CONFIGURATIONENTRY
2019-09-29 11:44:04,865 [main] INFO  util.JmxRegister (JmxRegister.java:unregister(73)) - Successfully un-registered JMX Bean with object name Ratis:service=RaftServer,group=group-31B6648D9D3C,id=3bd61832-dea9-4a87-aaaf-f0ad989178d6
2019-09-29 11:44:04,865 [ForkJoinPool.commonPool-worker-1] INFO  segmented.SegmentedRaftLogWorker (SegmentedRaftLogWorker.java:close(228)) - b7c508c5-e37a-4d0e-b7eb-98108d799f0d@group-80653AF4A773-SegmentedRaftLogWorker close()
2019-09-29 11:44:04,866 [main] INFO  impl.RoleInfo (RoleInfo.java:shutdownFollowerState(121)) - 3bd61832-dea9-4a87-aaaf-f0ad989178d6: shutdown FollowerState
2019-09-29 11:44:04,868 [ForkJoinPool.commonPool-worker-1] INFO  impl.RaftServerImpl (RaftServerImpl.java:lambda$shutdown$3(251)) - b7c508c5-e37a-4d0e-b7eb-98108d799f0d@group-DE5989AE61FF: shutdown
2019-09-29 11:44:04,868 [Thread-248] INFO  impl.FollowerState (FollowerState.java:run(115)) - 3bd61832-dea9-4a87-aaaf-f0ad989178d6: FollowerState was interrupted: java.lang.InterruptedException: sleep interrupted
2019-09-29 11:44:04,868 [main] INFO  impl.StateMachineUpdater (StateMachineUpdater.java:stopAndJoin(125)) - 3bd61832-dea9-4a87-aaaf-f0ad989178d6@group-31B6648D9D3C-StateMachineUpdater: set stopIndex = -1
2019-09-29 11:44:04,872 [main] INFO  impl.RaftServerImpl (ServerState.java:close(385)) - 3bd61832-dea9-4a87-aaaf-f0ad989178d6@group-31B6648D9D3C: closes. applyIndex: -1
2019-09-29 11:44:04,872 [ForkJoinPool.commonPool-worker-1] INFO  util.JmxRegister (JmxRegister.java:unregister(73)) - Successfully un-registered JMX Bean with object name Ratis:service=RaftServer,group=group-DE5989AE61FF,id=b7c508c5-e37a-4d0e-b7eb-98108d799f0d
2019-09-29 11:44:04,873 [3bd61832-dea9-4a87-aaaf-f0ad989178d6@group-31B6648D9D3C-SegmentedRaftLogWorker] INFO  segmented.SegmentedRaftLogWorker (SegmentedRaftLogWorker.java:run(313)) - 3bd61832-dea9-4a87-aaaf-f0ad989178d6@group-31B6648D9D3C-SegmentedRaftLogWorker was interrupted, exiting. There are 0 tasks remaining in the queue.
2019-09-29 11:44:04,872 [grpc-default-executor-5] INFO  server.GrpcLogAppender (GrpcLogAppender.java:onCompleted(293)) - b7c508c5-e37a-4d0e-b7eb-98108d799f0d@group-80653AF4A773->817e45eb-0e91-4002-a0d2-e698414f3877-AppendLogResponseHandler: follower responses appendEntries COMPLETED
2019-09-29 11:44:04,872 [grpc-default-executor-4] INFO  server.GrpcLogAppender (GrpcLogAppender.java:onCompleted(293)) - b7c508c5-e37a-4d0e-b7eb-98108d799f0d@group-80653AF4A773->3bd61832-dea9-4a87-aaaf-f0ad989178d6-AppendLogResponseHandler: follower responses appendEntries COMPLETED
2019-09-29 11:44:04,873 [main] INFO  segmented.SegmentedRaftLogWorker (SegmentedRaftLogWorker.java:close(228)) - 3bd61832-dea9-4a87-aaaf-f0ad989178d6@group-31B6648D9D3C-SegmentedRaftLogWorker close()
2019-09-29 11:44:04,873 [ForkJoinPool.commonPool-worker-1] INFO  impl.RoleInfo (RoleInfo.java:shutdownLeaderState(104)) - b7c508c5-e37a-4d0e-b7eb-98108d799f0d: shutdown LeaderState
2019-09-29 11:44:04,877 [main] INFO  impl.RaftServerImpl (RaftServerImpl.java:lambda$shutdown$3(251)) - 3bd61832-dea9-4a87-aaaf-f0ad989178d6@group-80653AF4A773: shutdown
2019-09-29 11:44:04,877 [ForkJoinPool.commonPool-worker-1] INFO  impl.PendingRequests (PendingRequests.java:sendNotLeaderResponses(202)) - b7c508c5-e37a-4d0e-b7eb-98108d799f0d-PendingRequests: sendNotLeaderResponses
2019-09-29 11:44:04,877 [main] INFO  util.JmxRegister (JmxRegister.java:unregister(73)) - Successfully un-registered JMX Bean with object name Ratis:service=RaftServer,group=group-80653AF4A773,id=3bd61832-dea9-4a87-aaaf-f0ad989178d6
2019-09-29 11:44:04,877 [ForkJoinPool.commonPool-worker-1] INFO  impl.StateMachineUpdater (StateMachineUpdater.java:stopAndJoin(125)) - b7c508c5-e37a-4d0e-b7eb-98108d799f0d@group-DE5989AE61FF-StateMachineUpdater: set stopIndex = 0
2019-09-29 11:44:04,878 [grpc-default-executor-4] INFO  impl.FollowerInfo (FollowerInfo.java:lambda$new$0(51)) - b7c508c5-e37a-4d0e-b7eb-98108d799f0d@group-80653AF4A773->3bd61832-dea9-4a87-aaaf-f0ad989178d6: nextIndex: updateUnconditionally 1 -> 0
2019-09-29 11:44:04,878 [grpc-default-executor-5] INFO  impl.FollowerInfo (FollowerInfo.java:lambda$new$0(51)) - b7c508c5-e37a-4d0e-b7eb-98108d799f0d@group-80653AF4A773->817e45eb-0e91-4002-a0d2-e698414f3877: nextIndex: updateUnconditionally 1 -> 0
2019-09-29 11:44:04,878 [main] INFO  impl.RoleInfo (RoleInfo.java:shutdownFollowerState(121)) - 3bd61832-dea9-4a87-aaaf-f0ad989178d6: shutdown FollowerState
2019-09-29 11:44:04,880 [ForkJoinPool.commonPool-worker-1] INFO  impl.RaftServerImpl (ServerState.java:close(385)) - b7c508c5-e37a-4d0e-b7eb-98108d799f0d@group-DE5989AE61FF: closes. applyIndex: 0
2019-09-29 11:44:04,881 [Thread-230] INFO  impl.FollowerState (FollowerState.java:run(115)) - 3bd61832-dea9-4a87-aaaf-f0ad989178d6: FollowerState was interrupted: java.lang.InterruptedException: sleep interrupted
2019-09-29 11:44:04,881 [main] INFO  impl.StateMachineUpdater (StateMachineUpdater.java:stopAndJoin(125)) - 3bd61832-dea9-4a87-aaaf-f0ad989178d6@group-80653AF4A773-StateMachineUpdater: set stopIndex = 0
2019-09-29 11:44:04,883 [main] INFO  impl.RaftServerImpl (ServerState.java:close(385)) - 3bd61832-dea9-4a87-aaaf-f0ad989178d6@group-80653AF4A773: closes. applyIndex: 0
2019-09-29 11:44:04,881 [b7c508c5-e37a-4d0e-b7eb-98108d799f0d@group-DE5989AE61FF-SegmentedRaftLogWorker] INFO  segmented.SegmentedRaftLogWorker (SegmentedRaftLogWorker.java:run(313)) - b7c508c5-e37a-4d0e-b7eb-98108d799f0d@group-DE5989AE61FF-SegmentedRaftLogWorker was interrupted, exiting. There are 0 tasks remaining in the queue.
2019-09-29 11:44:04,883 [3bd61832-dea9-4a87-aaaf-f0ad989178d6@group-80653AF4A773-SegmentedRaftLogWorker] INFO  segmented.SegmentedRaftLogWorker (SegmentedRaftLogWorker.java:run(313)) - 3bd61832-dea9-4a87-aaaf-f0ad989178d6@group-80653AF4A773-SegmentedRaftLogWorker was interrupted, exiting. There are 0 tasks remaining in the queue.
2019-09-29 11:44:04,885 [ForkJoinPool.commonPool-worker-1] INFO  segmented.SegmentedRaftLogWorker (SegmentedRaftLogWorker.java:close(228)) - b7c508c5-e37a-4d0e-b7eb-98108d799f0d@group-DE5989AE61FF-SegmentedRaftLogWorker close()
2019-09-29 11:44:04,885 [main] INFO  segmented.SegmentedRaftLogWorker (SegmentedRaftLogWorker.java:close(228)) - 3bd61832-dea9-4a87-aaaf-f0ad989178d6@group-80653AF4A773-SegmentedRaftLogWorker close()
2019-09-29 11:44:04,887 [ForkJoinPool.commonPool-worker-1] INFO  server.GrpcService (GrpcService.java:closeImpl(164)) - b7c508c5-e37a-4d0e-b7eb-98108d799f0d: shutdown server with port 40798 now
2019-09-29 11:44:04,888 [main] INFO  server.GrpcService (GrpcService.java:closeImpl(164)) - 3bd61832-dea9-4a87-aaaf-f0ad989178d6: shutdown server with port 35182 now
2019-09-29 11:44:04,896 [main] INFO  server.GrpcService (GrpcService.java:closeImpl(172)) - 3bd61832-dea9-4a87-aaaf-f0ad989178d6: shutdown server with port 35182 successfully
2019-09-29 11:44:04,903 [ForkJoinPool.commonPool-worker-1] INFO  server.GrpcService (GrpcService.java:closeImpl(172)) - b7c508c5-e37a-4d0e-b7eb-98108d799f0d: shutdown server with port 40798 successfully
2019-09-29 11:44:04,904 [817e45eb-0e91-4002-a0d2-e698414f3877@group-31B6648D9D3C:LeaderElection8] INFO  impl.LeaderElection (LogUtils.java:infoOrTrace(149)) - 817e45eb-0e91-4002-a0d2-e698414f3877@group-31B6648D9D3C:LeaderElection8 got exception when requesting votes: {}
java.util.concurrent.ExecutionException: org.apache.ratis.thirdparty.io.grpc.StatusRuntimeException: CANCELLED: HTTP/2 error code: CANCEL
Received Rst Stream
	at java.util.concurrent.FutureTask.report(FutureTask.java:122)
	at java.util.concurrent.FutureTask.get(FutureTask.java:192)
	at org.apache.ratis.server.impl.LeaderElection.waitForResults(LeaderElection.java:263)
	at org.apache.ratis.server.impl.LeaderElection.askForVotes(LeaderElection.java:201)
	at org.apache.ratis.server.impl.LeaderElection.run(LeaderElection.java:133)
	at java.lang.Thread.run(Thread.java:748)
Caused by: org.apache.ratis.thirdparty.io.grpc.StatusRuntimeException: CANCELLED: HTTP/2 error code: CANCEL
Received Rst Stream
	at org.apache.ratis.thirdparty.io.grpc.stub.ClientCalls.toStatusRuntimeException(ClientCalls.java:233)
	at org.apache.ratis.thirdparty.io.grpc.stub.ClientCalls.getUnchecked(ClientCalls.java:214)
	at org.apache.ratis.thirdparty.io.grpc.stub.ClientCalls.blockingUnaryCall(ClientCalls.java:139)
	at org.apache.ratis.proto.grpc.RaftServerProtocolServiceGrpc$RaftServerProtocolServiceBlockingStub.requestVote(RaftServerProtocolServiceGrpc.java:265)
	at org.apache.ratis.grpc.server.GrpcServerProtocolClient.requestVote(GrpcServerProtocolClient.java:90)
	at org.apache.ratis.grpc.server.GrpcService.requestVote(GrpcService.java:204)
	at org.apache.ratis.server.impl.LeaderElection.lambda$submitRequests$1(LeaderElection.java:238)
	at java.util.concurrent.FutureTask.run(FutureTask.java:266)
	at java.util.concurrent.Executors$RunnableAdapter.call(Executors.java:511)
	at java.util.concurrent.FutureTask.run(FutureTask.java:266)
	at java.util.concurrent.ThreadPoolExecutor.runWorker(ThreadPoolExecutor.java:1149)
	at java.util.concurrent.ThreadPoolExecutor$Worker.run(ThreadPoolExecutor.java:624)
	... 1 more
2019-09-29 11:44:04,906 [refreshUsed-/workdir/hadoop-ozone/integration-test/target/test-dir/MiniOzoneClusterImpl-31fc3349-fe2e-414b-bea4-2e2b27fa534b/datanode-0/data/containers] WARN  fs.CachingGetSpaceUsed (CachingGetSpaceUsed.java:run(183)) - Thread Interrupted waiting to refresh disk information: sleep interrupted
2019-09-29 11:44:04,906 [817e45eb-0e91-4002-a0d2-e698414f3877@group-31B6648D9D3C:LeaderElection8] INFO  impl.LeaderElection (LogUtils.java:infoOrTrace(149)) - 817e45eb-0e91-4002-a0d2-e698414f3877@group-31B6648D9D3C:LeaderElection8 got exception when requesting votes: {}
java.util.concurrent.ExecutionException: org.apache.ratis.thirdparty.io.grpc.StatusRuntimeException: CANCELLED: HTTP/2 error code: CANCEL
Received Rst Stream
	at java.util.concurrent.FutureTask.report(FutureTask.java:122)
	at java.util.concurrent.FutureTask.get(FutureTask.java:192)
	at org.apache.ratis.server.impl.LeaderElection.waitForResults(LeaderElection.java:263)
	at org.apache.ratis.server.impl.LeaderElection.askForVotes(LeaderElection.java:201)
	at org.apache.ratis.server.impl.LeaderElection.run(LeaderElection.java:133)
	at java.lang.Thread.run(Thread.java:748)
Caused by: org.apache.ratis.thirdparty.io.grpc.StatusRuntimeException: CANCELLED: HTTP/2 error code: CANCEL
Received Rst Stream
	at org.apache.ratis.thirdparty.io.grpc.stub.ClientCalls.toStatusRuntimeException(ClientCalls.java:233)
	at org.apache.ratis.thirdparty.io.grpc.stub.ClientCalls.getUnchecked(ClientCalls.java:214)
	at org.apache.ratis.thirdparty.io.grpc.stub.ClientCalls.blockingUnaryCall(ClientCalls.java:139)
	at org.apache.ratis.proto.grpc.RaftServerProtocolServiceGrpc$RaftServerProtocolServiceBlockingStub.requestVote(RaftServerProtocolServiceGrpc.java:265)
	at org.apache.ratis.grpc.server.GrpcServerProtocolClient.requestVote(GrpcServerProtocolClient.java:90)
	at org.apache.ratis.grpc.server.GrpcService.requestVote(GrpcService.java:204)
	at org.apache.ratis.server.impl.LeaderElection.lambda$submitRequests$1(LeaderElection.java:238)
	at java.util.concurrent.FutureTask.run(FutureTask.java:266)
	at java.util.concurrent.Executors$RunnableAdapter.call(Executors.java:511)
	at java.util.concurrent.FutureTask.run(FutureTask.java:266)
	at java.util.concurrent.ThreadPoolExecutor.runWorker(ThreadPoolExecutor.java:1149)
	at java.util.concurrent.ThreadPoolExecutor$Worker.run(ThreadPoolExecutor.java:624)
	... 1 more
2019-09-29 11:44:04,904 [817e45eb-0e91-4002-a0d2-e698414f3877@group-99EA72A8CB25:LeaderElection9] INFO  impl.LeaderElection (LogUtils.java:infoOrTrace(149)) - 817e45eb-0e91-4002-a0d2-e698414f3877@group-99EA72A8CB25:LeaderElection9 got exception when requesting votes: {}
java.util.concurrent.ExecutionException: org.apache.ratis.thirdparty.io.grpc.StatusRuntimeException: CANCELLED: HTTP/2 error code: CANCEL
Received Rst Stream
	at java.util.concurrent.FutureTask.report(FutureTask.java:122)
	at java.util.concurrent.FutureTask.get(FutureTask.java:192)
	at org.apache.ratis.server.impl.LeaderElection.waitForResults(LeaderElection.java:263)
	at org.apache.ratis.server.impl.LeaderElection.askForVotes(LeaderElection.java:201)
	at org.apache.ratis.server.impl.LeaderElection.run(LeaderElection.java:133)
	at java.lang.Thread.run(Thread.java:748)
Caused by: org.apache.ratis.thirdparty.io.grpc.StatusRuntimeException: CANCELLED: HTTP/2 error code: CANCEL
Received Rst Stream
	at org.apache.ratis.thirdparty.io.grpc.stub.ClientCalls.toStatusRuntimeException(ClientCalls.java:233)
	at org.apache.ratis.thirdparty.io.grpc.stub.ClientCalls.getUnchecked(ClientCalls.java:214)
	at org.apache.ratis.thirdparty.io.grpc.stub.ClientCalls.blockingUnaryCall(ClientCalls.java:139)
	at org.apache.ratis.proto.grpc.RaftServerProtocolServiceGrpc$RaftServerProtocolServiceBlockingStub.requestVote(RaftServerProtocolServiceGrpc.java:265)
	at org.apache.ratis.grpc.server.GrpcServerProtocolClient.requestVote(GrpcServerProtocolClient.java:90)
	at org.apache.ratis.grpc.server.GrpcService.requestVote(GrpcService.java:204)
	at org.apache.ratis.server.impl.LeaderElection.lambda$submitRequests$1(LeaderElection.java:238)
	at java.util.concurrent.FutureTask.run(FutureTask.java:266)
	at java.util.concurrent.Executors$RunnableAdapter.call(Executors.java:511)
	at java.util.concurrent.FutureTask.run(FutureTask.java:266)
	at java.util.concurrent.ThreadPoolExecutor.runWorker(ThreadPoolExecutor.java:1149)
	at java.util.concurrent.ThreadPoolExecutor$Worker.run(ThreadPoolExecutor.java:624)
	... 1 more
2019-09-29 11:44:04,911 [refreshUsed-/workdir/hadoop-ozone/integration-test/target/test-dir/MiniOzoneClusterImpl-31fc3349-fe2e-414b-bea4-2e2b27fa534b/datanode-1/data/containers] WARN  fs.CachingGetSpaceUsed (CachingGetSpaceUsed.java:run(183)) - Thread Interrupted waiting to refresh disk information: sleep interrupted
2019-09-29 11:44:04,910 [817e45eb-0e91-4002-a0d2-e698414f3877@group-31B6648D9D3C:LeaderElection8] INFO  impl.LeaderElection (LeaderElection.java:logAndReturn(56)) - 817e45eb-0e91-4002-a0d2-e698414f3877@group-31B6648D9D3C:LeaderElection8: Election REJECTED; received 0 response(s) [] and 2 exception(s); 817e45eb-0e91-4002-a0d2-e698414f3877@group-31B6648D9D3C:t1, leader=null, voted=817e45eb-0e91-4002-a0d2-e698414f3877, raftlog=817e45eb-0e91-4002-a0d2-e698414f3877@group-31B6648D9D3C-SegmentedRaftLog:OPENED:c-1,f-1,i0, conf=-1: [817e45eb-0e91-4002-a0d2-e698414f3877:192.168.30.19:45322, b7c508c5-e37a-4d0e-b7eb-98108d799f0d:192.168.30.19:40798, 3bd61832-dea9-4a87-aaaf-f0ad989178d6:192.168.30.19:35182], old=null
2019-09-29 11:44:04,915 [817e45eb-0e91-4002-a0d2-e698414f3877@group-99EA72A8CB25:LeaderElection9] INFO  impl.LeaderElection (LogUtils.java:infoOrTrace(149)) - 817e45eb-0e91-4002-a0d2-e698414f3877@group-99EA72A8CB25:LeaderElection9 got exception when requesting votes: {}
java.util.concurrent.ExecutionException: org.apache.ratis.thirdparty.io.grpc.StatusRuntimeException: CANCELLED: HTTP/2 error code: CANCEL
Received Rst Stream
	at java.util.concurrent.FutureTask.report(FutureTask.java:122)
	at java.util.concurrent.FutureTask.get(FutureTask.java:192)
	at org.apache.ratis.server.impl.LeaderElection.waitForResults(LeaderElection.java:263)
	at org.apache.ratis.server.impl.LeaderElection.askForVotes(LeaderElection.java:201)
	at org.apache.ratis.server.impl.LeaderElection.run(LeaderElection.java:133)
	at java.lang.Thread.run(Thread.java:748)
Caused by: org.apache.ratis.thirdparty.io.grpc.StatusRuntimeException: CANCELLED: HTTP/2 error code: CANCEL
Received Rst Stream
	at org.apache.ratis.thirdparty.io.grpc.stub.ClientCalls.toStatusRuntimeException(ClientCalls.java:233)
	at org.apache.ratis.thirdparty.io.grpc.stub.ClientCalls.getUnchecked(ClientCalls.java:214)
	at org.apache.ratis.thirdparty.io.grpc.stub.ClientCalls.blockingUnaryCall(ClientCalls.java:139)
	at org.apache.ratis.proto.grpc.RaftServerProtocolServiceGrpc$RaftServerProtocolServiceBlockingStub.requestVote(RaftServerProtocolServiceGrpc.java:265)
	at org.apache.ratis.grpc.server.GrpcServerProtocolClient.requestVote(GrpcServerProtocolClient.java:90)
	at org.apache.ratis.grpc.server.GrpcService.requestVote(GrpcService.java:204)
	at org.apache.ratis.server.impl.LeaderElection.lambda$submitRequests$1(LeaderElection.java:238)
	at java.util.concurrent.FutureTask.run(FutureTask.java:266)
	at java.util.concurrent.Executors$RunnableAdapter.call(Executors.java:511)
	at java.util.concurrent.FutureTask.run(FutureTask.java:266)
	at java.util.concurrent.ThreadPoolExecutor.runWorker(ThreadPoolExecutor.java:1149)
	at java.util.concurrent.ThreadPoolExecutor$Worker.run(ThreadPoolExecutor.java:624)
	... 1 more
2019-09-29 11:44:04,918 [817e45eb-0e91-4002-a0d2-e698414f3877@group-31B6648D9D3C:LeaderElection8] INFO  impl.LeaderElection (LogUtils.java:infoOrTrace(149)) -   Exception 0: {}
java.util.concurrent.ExecutionException: org.apache.ratis.thirdparty.io.grpc.StatusRuntimeException: CANCELLED: HTTP/2 error code: CANCEL
Received Rst Stream
	at java.util.concurrent.FutureTask.report(FutureTask.java:122)
	at java.util.concurrent.FutureTask.get(FutureTask.java:192)
	at org.apache.ratis.server.impl.LeaderElection.waitForResults(LeaderElection.java:263)
	at org.apache.ratis.server.impl.LeaderElection.askForVotes(LeaderElection.java:201)
	at org.apache.ratis.server.impl.LeaderElection.run(LeaderElection.java:133)
	at java.lang.Thread.run(Thread.java:748)
Caused by: org.apache.ratis.thirdparty.io.grpc.StatusRuntimeException: CANCELLED: HTTP/2 error code: CANCEL
Received Rst Stream
	at org.apache.ratis.thirdparty.io.grpc.stub.ClientCalls.toStatusRuntimeException(ClientCalls.java:233)
	at org.apache.ratis.thirdparty.io.grpc.stub.ClientCalls.getUnchecked(ClientCalls.java:214)
	at org.apache.ratis.thirdparty.io.grpc.stub.ClientCalls.blockingUnaryCall(ClientCalls.java:139)
	at org.apache.ratis.proto.grpc.RaftServerProtocolServiceGrpc$RaftServerProtocolServiceBlockingStub.requestVote(RaftServerProtocolServiceGrpc.java:265)
	at org.apache.ratis.grpc.server.GrpcServerProtocolClient.requestVote(GrpcServerProtocolClient.java:90)
	at org.apache.ratis.grpc.server.GrpcService.requestVote(GrpcService.java:204)
	at org.apache.ratis.server.impl.LeaderElection.lambda$submitRequests$1(LeaderElection.java:238)
	at java.util.concurrent.FutureTask.run(FutureTask.java:266)
	at java.util.concurrent.Executors$RunnableAdapter.call(Executors.java:511)
	at java.util.concurrent.FutureTask.run(FutureTask.java:266)
	at java.util.concurrent.ThreadPoolExecutor.runWorker(ThreadPoolExecutor.java:1149)
	at java.util.concurrent.ThreadPoolExecutor$Worker.run(ThreadPoolExecutor.java:624)
	... 1 more
2019-09-29 11:44:04,919 [817e45eb-0e91-4002-a0d2-e698414f3877@group-99EA72A8CB25:LeaderElection9] INFO  impl.LeaderElection (LeaderElection.java:logAndReturn(56)) - 817e45eb-0e91-4002-a0d2-e698414f3877@group-99EA72A8CB25:LeaderElection9: Election REJECTED; received 0 response(s) [] and 2 exception(s); 817e45eb-0e91-4002-a0d2-e698414f3877@group-99EA72A8CB25:t1, leader=null, voted=817e45eb-0e91-4002-a0d2-e698414f3877, raftlog=817e45eb-0e91-4002-a0d2-e698414f3877@group-99EA72A8CB25-SegmentedRaftLog:OPENED:c-1,f-1,i0, conf=-1: [817e45eb-0e91-4002-a0d2-e698414f3877:192.168.30.19:45322, b7c508c5-e37a-4d0e-b7eb-98108d799f0d:192.168.30.19:40798, 3bd61832-dea9-4a87-aaaf-f0ad989178d6:192.168.30.19:35182], old=null
2019-09-29 11:44:04,919 [817e45eb-0e91-4002-a0d2-e698414f3877@group-31B6648D9D3C:LeaderElection8] INFO  impl.LeaderElection (LogUtils.java:infoOrTrace(149)) -   Exception 1: {}
java.util.concurrent.ExecutionException: org.apache.ratis.thirdparty.io.grpc.StatusRuntimeException: CANCELLED: HTTP/2 error code: CANCEL
Received Rst Stream
	at java.util.concurrent.FutureTask.report(FutureTask.java:122)
	at java.util.concurrent.FutureTask.get(FutureTask.java:192)
	at org.apache.ratis.server.impl.LeaderElection.waitForResults(LeaderElection.java:263)
	at org.apache.ratis.server.impl.LeaderElection.askForVotes(LeaderElection.java:201)
	at org.apache.ratis.server.impl.LeaderElection.run(LeaderElection.java:133)
	at java.lang.Thread.run(Thread.java:748)
Caused by: org.apache.ratis.thirdparty.io.grpc.StatusRuntimeException: CANCELLED: HTTP/2 error code: CANCEL
Received Rst Stream
	at org.apache.ratis.thirdparty.io.grpc.stub.ClientCalls.toStatusRuntimeException(ClientCalls.java:233)
	at org.apache.ratis.thirdparty.io.grpc.stub.ClientCalls.getUnchecked(ClientCalls.java:214)
	at org.apache.ratis.thirdparty.io.grpc.stub.ClientCalls.blockingUnaryCall(ClientCalls.java:139)
	at org.apache.ratis.proto.grpc.RaftServerProtocolServiceGrpc$RaftServerProtocolServiceBlockingStub.requestVote(RaftServerProtocolServiceGrpc.java:265)
	at org.apache.ratis.grpc.server.GrpcServerProtocolClient.requestVote(GrpcServerProtocolClient.java:90)
	at org.apache.ratis.grpc.server.GrpcService.requestVote(GrpcService.java:204)
	at org.apache.ratis.server.impl.LeaderElection.lambda$submitRequests$1(LeaderElection.java:238)
	at java.util.concurrent.FutureTask.run(FutureTask.java:266)
	at java.util.concurrent.Executors$RunnableAdapter.call(Executors.java:511)
	at java.util.concurrent.FutureTask.run(FutureTask.java:266)
	at java.util.concurrent.ThreadPoolExecutor.runWorker(ThreadPoolExecutor.java:1149)
	at java.util.concurrent.ThreadPoolExecutor$Worker.run(ThreadPoolExecutor.java:624)
	... 1 more
2019-09-29 11:44:04,920 [817e45eb-0e91-4002-a0d2-e698414f3877@group-99EA72A8CB25:LeaderElection9] INFO  impl.LeaderElection (LogUtils.java:infoOrTrace(149)) -   Exception 0: {}
java.util.concurrent.ExecutionException: org.apache.ratis.thirdparty.io.grpc.StatusRuntimeException: CANCELLED: HTTP/2 error code: CANCEL
Received Rst Stream
	at java.util.concurrent.FutureTask.report(FutureTask.java:122)
	at java.util.concurrent.FutureTask.get(FutureTask.java:192)
	at org.apache.ratis.server.impl.LeaderElection.waitForResults(LeaderElection.java:263)
	at org.apache.ratis.server.impl.LeaderElection.askForVotes(LeaderElection.java:201)
	at org.apache.ratis.server.impl.LeaderElection.run(LeaderElection.java:133)
	at java.lang.Thread.run(Thread.java:748)
Caused by: org.apache.ratis.thirdparty.io.grpc.StatusRuntimeException: CANCELLED: HTTP/2 error code: CANCEL
Received Rst Stream
	at org.apache.ratis.thirdparty.io.grpc.stub.ClientCalls.toStatusRuntimeException(ClientCalls.java:233)
	at org.apache.ratis.thirdparty.io.grpc.stub.ClientCalls.getUnchecked(ClientCalls.java:214)
	at org.apache.ratis.thirdparty.io.grpc.stub.ClientCalls.blockingUnaryCall(ClientCalls.java:139)
	at org.apache.ratis.proto.grpc.RaftServerProtocolServiceGrpc$RaftServerProtocolServiceBlockingStub.requestVote(RaftServerProtocolServiceGrpc.java:265)
	at org.apache.ratis.grpc.server.GrpcServerProtocolClient.requestVote(GrpcServerProtocolClient.java:90)
	at org.apache.ratis.grpc.server.GrpcService.requestVote(GrpcService.java:204)
	at org.apache.ratis.server.impl.LeaderElection.lambda$submitRequests$1(LeaderElection.java:238)
	at java.util.concurrent.FutureTask.run(FutureTask.java:266)
	at java.util.concurrent.Executors$RunnableAdapter.call(Executors.java:511)
	at java.util.concurrent.FutureTask.run(FutureTask.java:266)
	at java.util.concurrent.ThreadPoolExecutor.runWorker(ThreadPoolExecutor.java:1149)
	at java.util.concurrent.ThreadPoolExecutor$Worker.run(ThreadPoolExecutor.java:624)
	... 1 more
2019-09-29 11:44:04,921 [817e45eb-0e91-4002-a0d2-e698414f3877@group-31B6648D9D3C:LeaderElection8] INFO  impl.RaftServerImpl (RaftServerImpl.java:setRole(174)) - 817e45eb-0e91-4002-a0d2-e698414f3877@group-31B6648D9D3C: changes role from CANDIDATE to FOLLOWER at term 1 for DISCOVERED_A_NEW_TERM
2019-09-29 11:44:04,921 [817e45eb-0e91-4002-a0d2-e698414f3877@group-99EA72A8CB25:LeaderElection9] INFO  impl.LeaderElection (LogUtils.java:infoOrTrace(149)) -   Exception 1: {}
java.util.concurrent.ExecutionException: org.apache.ratis.thirdparty.io.grpc.StatusRuntimeException: CANCELLED: HTTP/2 error code: CANCEL
Received Rst Stream
	at java.util.concurrent.FutureTask.report(FutureTask.java:122)
	at java.util.concurrent.FutureTask.get(FutureTask.java:192)
	at org.apache.ratis.server.impl.LeaderElection.waitForResults(LeaderElection.java:263)
	at org.apache.ratis.server.impl.LeaderElection.askForVotes(LeaderElection.java:201)
	at org.apache.ratis.server.impl.LeaderElection.run(LeaderElection.java:133)
	at java.lang.Thread.run(Thread.java:748)
Caused by: org.apache.ratis.thirdparty.io.grpc.StatusRuntimeException: CANCELLED: HTTP/2 error code: CANCEL
Received Rst Stream
	at org.apache.ratis.thirdparty.io.grpc.stub.ClientCalls.toStatusRuntimeException(ClientCalls.java:233)
	at org.apache.ratis.thirdparty.io.grpc.stub.ClientCalls.getUnchecked(ClientCalls.java:214)
	at org.apache.ratis.thirdparty.io.grpc.stub.ClientCalls.blockingUnaryCall(ClientCalls.java:139)
	at org.apache.ratis.proto.grpc.RaftServerProtocolServiceGrpc$RaftServerProtocolServiceBlockingStub.requestVote(RaftServerProtocolServiceGrpc.java:265)
	at org.apache.ratis.grpc.server.GrpcServerProtocolClient.requestVote(GrpcServerProtocolClient.java:90)
	at org.apache.ratis.grpc.server.GrpcService.requestVote(GrpcService.java:204)
	at org.apache.ratis.server.impl.LeaderElection.lambda$submitRequests$1(LeaderElection.java:238)
	at java.util.concurrent.FutureTask.run(FutureTask.java:266)
	at java.util.concurrent.Executors$RunnableAdapter.call(Executors.java:511)
	at java.util.concurrent.FutureTask.run(FutureTask.java:266)
	at java.util.concurrent.ThreadPoolExecutor.runWorker(ThreadPoolExecutor.java:1149)
	at java.util.concurrent.ThreadPoolExecutor$Worker.run(ThreadPoolExecutor.java:624)
	... 1 more
2019-09-29 11:44:04,921 [817e45eb-0e91-4002-a0d2-e698414f3877@group-31B6648D9D3C:LeaderElection8] INFO  impl.RoleInfo (RoleInfo.java:shutdownLeaderElection(134)) - 817e45eb-0e91-4002-a0d2-e698414f3877: shutdown LeaderElection
2019-09-29 11:44:04,921 [817e45eb-0e91-4002-a0d2-e698414f3877@group-99EA72A8CB25:LeaderElection9] INFO  impl.RaftServerImpl (RaftServerImpl.java:setRole(174)) - 817e45eb-0e91-4002-a0d2-e698414f3877@group-99EA72A8CB25: changes role from CANDIDATE to FOLLOWER at term 1 for DISCOVERED_A_NEW_TERM
2019-09-29 11:44:04,921 [817e45eb-0e91-4002-a0d2-e698414f3877@group-99EA72A8CB25:LeaderElection9] INFO  impl.RoleInfo (RoleInfo.java:shutdownLeaderElection(134)) - 817e45eb-0e91-4002-a0d2-e698414f3877: shutdown LeaderElection
2019-09-29 11:44:04,922 [817e45eb-0e91-4002-a0d2-e698414f3877@group-31B6648D9D3C:LeaderElection8] INFO  impl.RoleInfo (RoleInfo.java:updateAndGet(143)) - 817e45eb-0e91-4002-a0d2-e698414f3877: start FollowerState
2019-09-29 11:44:04,922 [817e45eb-0e91-4002-a0d2-e698414f3877@group-99EA72A8CB25:LeaderElection9] INFO  impl.RoleInfo (RoleInfo.java:updateAndGet(143)) - 817e45eb-0e91-4002-a0d2-e698414f3877: start FollowerState
2019-09-29 11:44:04,931 [main] INFO  utils.BackgroundService (BackgroundService.java:shutdown(148)) - Shutting down service BlockDeletingService
2019-09-29 11:44:04,931 [ForkJoinPool.commonPool-worker-1] INFO  utils.BackgroundService (BackgroundService.java:shutdown(148)) - Shutting down service BlockDeletingService
2019-09-29 11:44:04,934 [main] INFO  statemachine.DatanodeStateMachine (DatanodeStateMachine.java:stopDaemon(395)) - Ozone container server stopped.
2019-09-29 11:44:04,934 [ForkJoinPool.commonPool-worker-1] INFO  statemachine.DatanodeStateMachine (DatanodeStateMachine.java:stopDaemon(395)) - Ozone container server stopped.
2019-09-29 11:44:04,936 [main] INFO  handler.ContextHandler (ContextHandler.java:doStop(910)) - Stopped o.e.j.w.WebAppContext@5e519ad3{/,null,UNAVAILABLE}{/hddsDatanode}
2019-09-29 11:44:04,936 [ForkJoinPool.commonPool-worker-1] INFO  handler.ContextHandler (ContextHandler.java:doStop(910)) - Stopped o.e.j.w.WebAppContext@7aac8884{/,null,UNAVAILABLE}{/hddsDatanode}
2019-09-29 11:44:04,937 [main] INFO  server.AbstractConnector (AbstractConnector.java:doStop(318)) - Stopped ServerConnector@7bc44ce8{HTTP/1.1,[http/1.1]}{0.0.0.0:0}
2019-09-29 11:44:04,937 [ForkJoinPool.commonPool-worker-1] INFO  server.AbstractConnector (AbstractConnector.java:doStop(318)) - Stopped ServerConnector@a66e580{HTTP/1.1,[http/1.1]}{0.0.0.0:0}
2019-09-29 11:44:04,937 [main] INFO  handler.ContextHandler (ContextHandler.java:doStop(910)) - Stopped o.e.j.s.ServletContextHandler@6cd64ee8{/static,jar:file:/home/user/.m2/repository/org/apache/hadoop/hadoop-hdds-container-service/0.5.0-SNAPSHOT/hadoop-hdds-container-service-0.5.0-SNAPSHOT.jar!/webapps/static,UNAVAILABLE}
2019-09-29 11:44:04,938 [ForkJoinPool.commonPool-worker-1] INFO  handler.ContextHandler (ContextHandler.java:doStop(910)) - Stopped o.e.j.s.ServletContextHandler@102ecc22{/static,jar:file:/home/user/.m2/repository/org/apache/hadoop/hadoop-hdds-container-service/0.5.0-SNAPSHOT/hadoop-hdds-container-service-0.5.0-SNAPSHOT.jar!/webapps/static,UNAVAILABLE}
2019-09-29 11:44:04,938 [main] INFO  handler.ContextHandler (ContextHandler.java:doStop(910)) - Stopped o.e.j.s.ServletContextHandler@77774571{/logs,file:///workdir/hadoop-ozone/integration-test/target/log,UNAVAILABLE}
2019-09-29 11:44:04,939 [ForkJoinPool.commonPool-worker-1] INFO  handler.ContextHandler (ContextHandler.java:doStop(910)) - Stopped o.e.j.s.ServletContextHandler@433348bc{/logs,file:///workdir/hadoop-ozone/integration-test/target/log,UNAVAILABLE}
2019-09-29 11:44:05,448 [Datanode State Machine Thread - 0] INFO  statemachine.DatanodeStateMachine (DatanodeStateMachine.java:lambda$startDaemon$0(350)) - Ozone container server started.
2019-09-29 11:44:09,938 [Thread-250] INFO  impl.FollowerState (FollowerState.java:run(106)) - 817e45eb-0e91-4002-a0d2-e698414f3877:group-99EA72A8CB25 changes to CANDIDATE, lastRpcTime:5016, electionTimeout:5016ms
2019-09-29 11:44:09,939 [Thread-250] INFO  impl.RoleInfo (RoleInfo.java:shutdownFollowerState(121)) - 817e45eb-0e91-4002-a0d2-e698414f3877: shutdown FollowerState
2019-09-29 11:44:09,939 [Thread-250] INFO  impl.RaftServerImpl (RaftServerImpl.java:setRole(174)) - 817e45eb-0e91-4002-a0d2-e698414f3877@group-99EA72A8CB25: changes role from  FOLLOWER to CANDIDATE at term 1 for changeToCandidate
2019-09-29 11:44:09,939 [Thread-250] INFO  impl.RoleInfo (RoleInfo.java:updateAndGet(143)) - 817e45eb-0e91-4002-a0d2-e698414f3877: start LeaderElection
2019-09-29 11:44:09,941 [main] INFO  ozoneimpl.OzoneContainer (OzoneContainer.java:stop(231)) - Attempting to stop container services.
2019-09-29 11:44:09,942 [main] INFO  impl.RaftServerProxy (RaftServerProxy.java:lambda$close$4(314)) - 817e45eb-0e91-4002-a0d2-e698414f3877: close
2019-09-29 11:44:09,943 [main] INFO  impl.RaftServerImpl (RaftServerImpl.java:lambda$shutdown$3(251)) - 817e45eb-0e91-4002-a0d2-e698414f3877@group-99EA72A8CB25: shutdown
2019-09-29 11:44:09,943 [ForkJoinPool.commonPool-worker-0] INFO  impl.RaftServerImpl (RaftServerImpl.java:lambda$shutdown$3(251)) - 817e45eb-0e91-4002-a0d2-e698414f3877@group-31B6648D9D3C: shutdown
2019-09-29 11:44:09,943 [main] INFO  util.JmxRegister (JmxRegister.java:unregister(73)) - Successfully un-registered JMX Bean with object name Ratis:service=RaftServer,group=group-99EA72A8CB25,id=817e45eb-0e91-4002-a0d2-e698414f3877
2019-09-29 11:44:09,943 [ForkJoinPool.commonPool-worker-0] INFO  util.JmxRegister (JmxRegister.java:unregister(73)) - Successfully un-registered JMX Bean with object name Ratis:service=RaftServer,group=group-31B6648D9D3C,id=817e45eb-0e91-4002-a0d2-e698414f3877
2019-09-29 11:44:09,944 [main] INFO  impl.RoleInfo (RoleInfo.java:shutdownLeaderElection(134)) - 817e45eb-0e91-4002-a0d2-e698414f3877: shutdown LeaderElection
2019-09-29 11:44:09,944 [ForkJoinPool.commonPool-worker-0] INFO  impl.RoleInfo (RoleInfo.java:shutdownFollowerState(121)) - 817e45eb-0e91-4002-a0d2-e698414f3877: shutdown FollowerState
2019-09-29 11:44:09,944 [main] INFO  impl.StateMachineUpdater (StateMachineUpdater.java:stopAndJoin(125)) - 817e45eb-0e91-4002-a0d2-e698414f3877@group-99EA72A8CB25-StateMachineUpdater: set stopIndex = -1
2019-09-29 11:44:09,945 [Thread-249] INFO  impl.FollowerState (FollowerState.java:run(115)) - 817e45eb-0e91-4002-a0d2-e698414f3877: FollowerState was interrupted: java.lang.InterruptedException: sleep interrupted
2019-09-29 11:44:09,945 [ForkJoinPool.commonPool-worker-0] INFO  impl.StateMachineUpdater (StateMachineUpdater.java:stopAndJoin(125)) - 817e45eb-0e91-4002-a0d2-e698414f3877@group-31B6648D9D3C-StateMachineUpdater: set stopIndex = -1
2019-09-29 11:44:09,946 [ForkJoinPool.commonPool-worker-0] INFO  impl.RaftServerImpl (ServerState.java:close(385)) - 817e45eb-0e91-4002-a0d2-e698414f3877@group-31B6648D9D3C: closes. applyIndex: -1
2019-09-29 11:44:09,945 [main] INFO  impl.RaftServerImpl (ServerState.java:close(385)) - 817e45eb-0e91-4002-a0d2-e698414f3877@group-99EA72A8CB25: closes. applyIndex: -1
2019-09-29 11:44:09,946 [817e45eb-0e91-4002-a0d2-e698414f3877@group-31B6648D9D3C-SegmentedRaftLogWorker] INFO  segmented.SegmentedRaftLogWorker (SegmentedRaftLogWorker.java:run(313)) - 817e45eb-0e91-4002-a0d2-e698414f3877@group-31B6648D9D3C-SegmentedRaftLogWorker was interrupted, exiting. There are 0 tasks remaining in the queue.
2019-09-29 11:44:09,947 [817e45eb-0e91-4002-a0d2-e698414f3877@group-99EA72A8CB25-SegmentedRaftLogWorker] INFO  segmented.SegmentedRaftLogWorker (SegmentedRaftLogWorker.java:run(313)) - 817e45eb-0e91-4002-a0d2-e698414f3877@group-99EA72A8CB25-SegmentedRaftLogWorker was interrupted, exiting. There are 0 tasks remaining in the queue.
2019-09-29 11:44:09,947 [ForkJoinPool.commonPool-worker-0] INFO  segmented.SegmentedRaftLogWorker (SegmentedRaftLogWorker.java:close(228)) - 817e45eb-0e91-4002-a0d2-e698414f3877@group-31B6648D9D3C-SegmentedRaftLogWorker close()
2019-09-29 11:44:09,947 [main] INFO  segmented.SegmentedRaftLogWorker (SegmentedRaftLogWorker.java:close(228)) - 817e45eb-0e91-4002-a0d2-e698414f3877@group-99EA72A8CB25-SegmentedRaftLogWorker close()
2019-09-29 11:44:09,949 [ForkJoinPool.commonPool-worker-0] INFO  impl.RaftServerImpl (RaftServerImpl.java:lambda$shutdown$3(251)) - 817e45eb-0e91-4002-a0d2-e698414f3877@group-80653AF4A773: shutdown
2019-09-29 11:44:09,951 [ForkJoinPool.commonPool-worker-0] INFO  util.JmxRegister (JmxRegister.java:unregister(73)) - Successfully un-registered JMX Bean with object name Ratis:service=RaftServer,group=group-80653AF4A773,id=817e45eb-0e91-4002-a0d2-e698414f3877
2019-09-29 11:44:09,951 [main] INFO  impl.RaftServerImpl (RaftServerImpl.java:lambda$shutdown$3(251)) - 817e45eb-0e91-4002-a0d2-e698414f3877@group-8C807482A4B8: shutdown
2019-09-29 11:44:09,951 [ForkJoinPool.commonPool-worker-0] INFO  impl.RoleInfo (RoleInfo.java:shutdownFollowerState(121)) - 817e45eb-0e91-4002-a0d2-e698414f3877: shutdown FollowerState
2019-09-29 11:44:09,951 [main] INFO  util.JmxRegister (JmxRegister.java:unregister(73)) - Successfully un-registered JMX Bean with object name Ratis:service=RaftServer,group=group-8C807482A4B8,id=817e45eb-0e91-4002-a0d2-e698414f3877
2019-09-29 11:44:09,952 [Thread-229] INFO  impl.FollowerState (FollowerState.java:run(115)) - 817e45eb-0e91-4002-a0d2-e698414f3877: FollowerState was interrupted: java.lang.InterruptedException: sleep interrupted
2019-09-29 11:44:09,951 [ForkJoinPool.commonPool-worker-0] INFO  impl.StateMachineUpdater (StateMachineUpdater.java:stopAndJoin(125)) - 817e45eb-0e91-4002-a0d2-e698414f3877@group-80653AF4A773-StateMachineUpdater: set stopIndex = 0
2019-09-29 11:44:09,953 [ForkJoinPool.commonPool-worker-0] INFO  impl.RaftServerImpl (ServerState.java:close(385)) - 817e45eb-0e91-4002-a0d2-e698414f3877@group-80653AF4A773: closes. applyIndex: 0
2019-09-29 11:44:09,952 [main] INFO  impl.RoleInfo (RoleInfo.java:shutdownLeaderState(104)) - 817e45eb-0e91-4002-a0d2-e698414f3877: shutdown LeaderState
2019-09-29 11:44:09,953 [817e45eb-0e91-4002-a0d2-e698414f3877@group-80653AF4A773-SegmentedRaftLogWorker] INFO  segmented.SegmentedRaftLogWorker (SegmentedRaftLogWorker.java:run(313)) - 817e45eb-0e91-4002-a0d2-e698414f3877@group-80653AF4A773-SegmentedRaftLogWorker was interrupted, exiting. There are 0 tasks remaining in the queue.
2019-09-29 11:44:09,954 [main] INFO  impl.PendingRequests (PendingRequests.java:sendNotLeaderResponses(202)) - 817e45eb-0e91-4002-a0d2-e698414f3877-PendingRequests: sendNotLeaderResponses
2019-09-29 11:44:09,955 [main] INFO  impl.StateMachineUpdater (StateMachineUpdater.java:stopAndJoin(125)) - 817e45eb-0e91-4002-a0d2-e698414f3877@group-8C807482A4B8-StateMachineUpdater: set stopIndex = 0
2019-09-29 11:44:09,955 [main] INFO  impl.RaftServerImpl (ServerState.java:close(385)) - 817e45eb-0e91-4002-a0d2-e698414f3877@group-8C807482A4B8: closes. applyIndex: 0
2019-09-29 11:44:09,956 [817e45eb-0e91-4002-a0d2-e698414f3877@group-8C807482A4B8-SegmentedRaftLogWorker] INFO  segmented.SegmentedRaftLogWorker (SegmentedRaftLogWorker.java:run(313)) - 817e45eb-0e91-4002-a0d2-e698414f3877@group-8C807482A4B8-SegmentedRaftLogWorker was interrupted, exiting. There are 0 tasks remaining in the queue.
2019-09-29 11:44:09,961 [ForkJoinPool.commonPool-worker-0] INFO  segmented.SegmentedRaftLogWorker (SegmentedRaftLogWorker.java:close(228)) - 817e45eb-0e91-4002-a0d2-e698414f3877@group-80653AF4A773-SegmentedRaftLogWorker close()
2019-09-29 11:44:09,961 [main] INFO  segmented.SegmentedRaftLogWorker (SegmentedRaftLogWorker.java:close(228)) - 817e45eb-0e91-4002-a0d2-e698414f3877@group-8C807482A4B8-SegmentedRaftLogWorker close()
2019-09-29 11:44:09,964 [main] INFO  server.GrpcService (GrpcService.java:closeImpl(164)) - 817e45eb-0e91-4002-a0d2-e698414f3877: shutdown server with port 45322 now
2019-09-29 11:44:09,966 [main] INFO  server.GrpcService (GrpcService.java:closeImpl(172)) - 817e45eb-0e91-4002-a0d2-e698414f3877: shutdown server with port 45322 successfully
2019-09-29 11:44:09,969 [refreshUsed-/workdir/hadoop-ozone/integration-test/target/test-dir/MiniOzoneClusterImpl-31fc3349-fe2e-414b-bea4-2e2b27fa534b/datanode-2/data/containers] WARN  fs.CachingGetSpaceUsed (CachingGetSpaceUsed.java:run(183)) - Thread Interrupted waiting to refresh disk information: sleep interrupted
2019-09-29 11:44:09,986 [817e45eb-0e91-4002-a0d2-e698414f3877@group-99EA72A8CB25:LeaderElection10] INFO  impl.LeaderElection (LeaderElection.java:askForVotes(182)) - 817e45eb-0e91-4002-a0d2-e698414f3877@group-99EA72A8CB25:LeaderElection10: begin an election at term 2 for -1: [817e45eb-0e91-4002-a0d2-e698414f3877:192.168.30.19:45322, b7c508c5-e37a-4d0e-b7eb-98108d799f0d:192.168.30.19:40798, 3bd61832-dea9-4a87-aaaf-f0ad989178d6:192.168.30.19:35182], old=null
2019-09-29 11:44:09,987 [817e45eb-0e91-4002-a0d2-e698414f3877@group-99EA72A8CB25:LeaderElection10] INFO  impl.LeaderElection (LogUtils.java:infoOrTrace(149)) - Failed 817e45eb-0e91-4002-a0d2-e698414f3877@group-99EA72A8CB25:LeaderElection10, state=CLOSING: {}
java.lang.IllegalArgumentException: 817e45eb-0e91-4002-a0d2-e698414f3877@group-99EA72A8CB25-SegmentedRaftLog is expected to be opened but it is CLOSED
	at org.apache.ratis.util.OpenCloseState.assertOpen(OpenCloseState.java:63)
	at org.apache.ratis.server.raftlog.RaftLog.checkLogState(RaftLog.java:102)
	at org.apache.ratis.server.raftlog.segmented.SegmentedRaftLog.getLastEntryTermIndex(SegmentedRaftLog.java:324)
	at org.apache.ratis.server.impl.LeaderElection.askForVotes(LeaderElection.java:184)
	at org.apache.ratis.server.impl.LeaderElection.run(LeaderElection.java:133)
	at java.lang.Thread.run(Thread.java:748)
Caused by: org.apache.ratis.util.OpenCloseState$CloseTrace: Close 817e45eb-0e91-4002-a0d2-e698414f3877@group-99EA72A8CB25-SegmentedRaftLog
	at org.apache.ratis.util.OpenCloseState.lambda$close$1(OpenCloseState.java:109)
	at java.util.concurrent.atomic.AtomicReference.getAndUpdate(AtomicReference.java:160)
	at org.apache.ratis.util.OpenCloseState.close(OpenCloseState.java:109)
	at org.apache.ratis.server.raftlog.RaftLog.close(RaftLog.java:437)
	at org.apache.ratis.server.raftlog.segmented.SegmentedRaftLog.close(SegmentedRaftLog.java:476)
	at org.apache.ratis.server.impl.ServerState.close(ServerState.java:387)
	at org.apache.ratis.server.impl.RaftServerImpl.lambda$shutdown$3(RaftServerImpl.java:273)
	at org.apache.ratis.util.LifeCycle.lambda$checkStateAndClose$2(LifeCycle.java:231)
	at org.apache.ratis.util.LifeCycle.checkStateAndClose(LifeCycle.java:251)
	at org.apache.ratis.util.LifeCycle.checkStateAndClose(LifeCycle.java:229)
	at org.apache.ratis.server.impl.RaftServerImpl.shutdown(RaftServerImpl.java:250)
	at org.apache.ratis.server.impl.RaftServerProxy$ImplMap.lambda$close$0(RaftServerProxy.java:107)
	at java.util.stream.ForEachOps$ForEachOp$OfRef.accept(ForEachOps.java:184)
	at java.util.stream.ReferencePipeline$3$1.accept(ReferencePipeline.java:193)
	at java.util.concurrent.ConcurrentHashMap$ValueSpliterator.forEachRemaining(ConcurrentHashMap.java:3566)
	at java.util.stream.AbstractPipeline.copyInto(AbstractPipeline.java:482)
	at java.util.stream.ForEachOps$ForEachTask.compute(ForEachOps.java:291)
	at java.util.concurrent.CountedCompleter.exec(CountedCompleter.java:731)
	at java.util.concurrent.ForkJoinTask.doExec(ForkJoinTask.java:289)
	at java.util.concurrent.ForkJoinTask.doInvoke(ForkJoinTask.java:401)
	at java.util.concurrent.ForkJoinTask.invoke(ForkJoinTask.java:734)
	at java.util.stream.ForEachOps$ForEachOp.evaluateParallel(ForEachOps.java:160)
	at java.util.stream.ForEachOps$ForEachOp$OfRef.evaluateParallel(ForEachOps.java:174)
	at java.util.stream.AbstractPipeline.evaluate(AbstractPipeline.java:233)
	at java.util.stream.ReferencePipeline.forEach(ReferencePipeline.java:418)
	at org.apache.ratis.server.impl.RaftServerProxy$ImplMap.close(RaftServerProxy.java:107)
	at org.apache.ratis.server.impl.RaftServerProxy.lambda$close$4(RaftServerProxy.java:315)
	at org.apache.ratis.util.LifeCycle.lambda$checkStateAndClose$2(LifeCycle.java:231)
	at org.apache.ratis.util.LifeCycle.checkStateAndClose(LifeCycle.java:251)
	at org.apache.ratis.util.LifeCycle.checkStateAndClose(LifeCycle.java:229)
	at org.apache.ratis.server.impl.RaftServerProxy.close(RaftServerProxy.java:313)
	at org.apache.hadoop.ozone.container.common.transport.server.ratis.XceiverServerRatis.stop(XceiverServerRatis.java:441)
	at org.apache.hadoop.ozone.container.ozoneimpl.OzoneContainer.stop(OzoneContainer.java:233)
	at org.apache.hadoop.ozone.container.common.statemachine.DatanodeStateMachine.close(DatanodeStateMachine.java:270)
	at org.apache.hadoop.ozone.container.common.statemachine.DatanodeStateMachine.stopDaemon(DatanodeStateMachine.java:394)
	at org.apache.hadoop.ozone.HddsDatanodeService.stop(HddsDatanodeService.java:457)
	at org.apache.hadoop.ozone.MiniOzoneClusterImpl.stopDatanode(MiniOzoneClusterImpl.java:385)
	at java.util.stream.ForEachOps$ForEachOp$OfRef.accept(ForEachOps.java:184)
	at java.util.ArrayList$ArrayListSpliterator.forEachRemaining(ArrayList.java:1382)
	at java.util.stream.AbstractPipeline.copyInto(AbstractPipeline.java:482)
	at java.util.stream.ForEachOps$ForEachTask.compute(ForEachOps.java:291)
	at java.util.concurrent.CountedCompleter.exec(CountedCompleter.java:731)
	at java.util.concurrent.ForkJoinTask.doExec(ForkJoinTask.java:289)
	at java.util.concurrent.ForkJoinPool.helpComplete(ForkJoinPool.java:1870)
	at java.util.concurrent.ForkJoinPool.externalHelpComplete(ForkJoinPool.java:2467)
	at java.util.concurrent.ForkJoinTask.externalAwaitDone(ForkJoinTask.java:324)
	at java.util.concurrent.ForkJoinTask.doInvoke(ForkJoinTask.java:405)
	at java.util.concurrent.ForkJoinTask.invoke(ForkJoinTask.java:734)
	at java.util.stream.ForEachOps$ForEachOp.evaluateParallel(ForEachOps.java:160)
	at java.util.stream.ForEachOps$ForEachOp$OfRef.evaluateParallel(ForEachOps.java:174)
	at java.util.stream.AbstractPipeline.evaluate(AbstractPipeline.java:233)
	at java.util.stream.ReferencePipeline.forEach(ReferencePipeline.java:418)
	at java.util.stream.ReferencePipeline$Head.forEach(ReferencePipeline.java:583)
	at org.apache.hadoop.ozone.MiniOzoneClusterImpl.stopDatanodes(MiniOzoneClusterImpl.java:379)
	at org.apache.hadoop.ozone.MiniOzoneClusterImpl.stop(MiniOzoneClusterImpl.java:332)
	at org.apache.hadoop.ozone.MiniOzoneClusterImpl.shutdown(MiniOzoneClusterImpl.java:319)
	at org.apache.hadoop.ozone.scm.TestXceiverClientManager.shutdown(TestXceiverClientManager.java:71)
	at sun.reflect.NativeMethodAccessorImpl.invoke0(Native Method)
	at sun.reflect.NativeMethodAccessorImpl.invoke(NativeMethodAccessorImpl.java:62)
	at sun.reflect.DelegatingMethodAccessorImpl.invoke(DelegatingMethodAccessorImpl.java:43)
	at java.lang.reflect.Method.invoke(Method.java:498)
	at org.junit.runners.model.FrameworkMethod$1.runReflectiveCall(FrameworkMethod.java:47)
	at org.junit.internal.runners.model.ReflectiveCallable.run(ReflectiveCallable.java:12)
	at org.junit.runners.model.FrameworkMethod.invokeExplosively(FrameworkMethod.java:44)
	at org.junit.internal.runners.statements.RunAfters.evaluate(RunAfters.java:33)
	at org.junit.rules.ExpectedException$ExpectedExceptionStatement.evaluate(ExpectedException.java:168)
	at org.junit.rules.RunRules.evaluate(RunRules.java:20)
	at org.junit.runners.ParentRunner.runLeaf(ParentRunner.java:271)
	at org.junit.runners.BlockJUnit4ClassRunner.runChild(BlockJUnit4ClassRunner.java:70)
	at org.junit.runners.BlockJUnit4ClassRunner.runChild(BlockJUnit4ClassRunner.java:50)
	at org.junit.runners.ParentRunner$3.run(ParentRunner.java:238)
	at org.junit.runners.ParentRunner$1.schedule(ParentRunner.java:63)
	at org.junit.runners.ParentRunner.runChildren(ParentRunner.java:236)
	at org.junit.runners.ParentRunner.access$000(ParentRunner.java:53)
	at org.junit.runners.ParentRunner$2.evaluate(ParentRunner.java:229)
	at org.junit.runners.ParentRunner.run(ParentRunner.java:309)
	at org.apache.maven.surefire.junit4.JUnit4Provider.execute(JUnit4Provider.java:365)
	at org.apache.maven.surefire.junit4.JUnit4Provider.executeWithRerun(JUnit4Provider.java:273)
	at org.apache.maven.surefire.junit4.JUnit4Provider.executeTestSet(JUnit4Provider.java:238)
	at org.apache.maven.surefire.junit4.JUnit4Provider.invoke(JUnit4Provider.java:159)
	at org.apache.maven.surefire.booter.ForkedBooter.invokeProviderInSameClassLoader(ForkedBooter.java:384)
	at org.apache.maven.surefire.booter.ForkedBooter.runSuitesInProcess(ForkedBooter.java:345)
	at org.apache.maven.surefire.booter.ForkedBooter.execute(ForkedBooter.java:126)
	at org.apache.maven.surefire.booter.ForkedBooter.main(ForkedBooter.java:418)
2019-09-29 11:44:09,989 [817e45eb-0e91-4002-a0d2-e698414f3877@group-99EA72A8CB25:LeaderElection10] INFO  impl.LeaderElection (LeaderElection.java:run(140)) - 817e45eb-0e91-4002-a0d2-e698414f3877@group-99EA72A8CB25:LeaderElection10: IllegalArgumentException is safely ignored since this is already CLOSING
2019-09-29 11:44:09,990 [main] INFO  utils.BackgroundService (BackgroundService.java:shutdown(148)) - Shutting down service BlockDeletingService
2019-09-29 11:44:09,992 [main] INFO  statemachine.DatanodeStateMachine (DatanodeStateMachine.java:stopDaemon(395)) - Ozone container server stopped.
2019-09-29 11:44:09,994 [main] INFO  handler.ContextHandler (ContextHandler.java:doStop(910)) - Stopped o.e.j.w.WebAppContext@59cda16e{/,null,UNAVAILABLE}{/hddsDatanode}
2019-09-29 11:44:09,994 [main] INFO  server.AbstractConnector (AbstractConnector.java:doStop(318)) - Stopped ServerConnector@5dd903be{HTTP/1.1,[http/1.1]}{0.0.0.0:0}
2019-09-29 11:44:09,995 [main] INFO  handler.ContextHandler (ContextHandler.java:doStop(910)) - Stopped o.e.j.s.ServletContextHandler@77b919a3{/static,jar:file:/home/user/.m2/repository/org/apache/hadoop/hadoop-hdds-container-service/0.5.0-SNAPSHOT/hadoop-hdds-container-service-0.5.0-SNAPSHOT.jar!/webapps/static,UNAVAILABLE}
2019-09-29 11:44:09,995 [main] INFO  handler.ContextHandler (ContextHandler.java:doStop(910)) - Stopped o.e.j.s.ServletContextHandler@4d95a72e{/logs,file:///workdir/hadoop-ozone/integration-test/target/log,UNAVAILABLE}
2019-09-29 11:44:09,997 [main] INFO  ozone.MiniOzoneClusterImpl (MiniOzoneClusterImpl.java:stopSCM(392)) - Stopping the StorageContainerManager
2019-09-29 11:44:09,997 [main] INFO  server.StorageContainerManager (StorageContainerManager.java:stop(808)) - Stopping Replication Manager Service.
2019-09-29 11:44:09,997 [main] INFO  container.ReplicationManager (ReplicationManager.java:stop(204)) - Stopping Replication Monitor Thread.
2019-09-29 11:44:09,997 [main] INFO  server.StorageContainerManager (StorageContainerManager.java:stop(815)) - Stopping Lease Manager of the command watchers
2019-09-29 11:44:09,998 [main] INFO  server.StorageContainerManager (StorageContainerManager.java:stop(822)) - Stopping datanode service RPC server
2019-09-29 11:44:09,998 [main] INFO  server.SCMDatanodeProtocolServer (SCMDatanodeProtocolServer.java:stop(367)) - Stopping the RPC server for DataNodes
2019-09-29 11:44:09,998 [main] INFO  ipc.Server (Server.java:stop(3082)) - Stopping server on 34452
2019-09-29 11:44:09,999 [IPC Server listener on 34452] INFO  ipc.Server (Server.java:run(1185)) - Stopping IPC Server listener on 34452
2019-09-29 11:44:09,999 [IPC Server Responder] INFO  ipc.Server (Server.java:run(1319)) - Stopping IPC Server Responder
2019-09-29 11:44:10,005 [SCM Heartbeat Processing Thread - 0] WARN  node.NodeStateManager (NodeStateManager.java:scheduleNextHealthCheck(655)) - Current Thread is interrupted, shutting down HB processing thread for Node Manager.
2019-09-29 11:44:10,006 [main] INFO  server.StorageContainerManager (StorageContainerManager.java:stop(830)) - Stopping block service RPC server
2019-09-29 11:44:10,006 [main] INFO  server.SCMBlockProtocolServer (SCMBlockProtocolServer.java:stop(155)) - Stopping the RPC server for Block Protocol
2019-09-29 11:44:10,006 [main] INFO  ipc.Server (Server.java:stop(3082)) - Stopping server on 42118
2019-09-29 11:44:10,007 [IPC Server listener on 42118] INFO  ipc.Server (Server.java:run(1185)) - Stopping IPC Server listener on 42118
2019-09-29 11:44:10,007 [main] INFO  server.StorageContainerManager (StorageContainerManager.java:stop(837)) - Stopping the StorageContainerLocationProtocol RPC server
2019-09-29 11:44:10,007 [IPC Server Responder] INFO  ipc.Server (Server.java:run(1319)) - Stopping IPC Server Responder
2019-09-29 11:44:10,007 [main] INFO  server.SCMClientProtocolServer (SCMClientProtocolServer.java:stop(159)) - Stopping the RPC server for Client Protocol
2019-09-29 11:44:10,009 [main] INFO  ipc.Server (Server.java:stop(3082)) - Stopping server on 46716
2019-09-29 11:44:10,009 [main] INFO  server.StorageContainerManager (StorageContainerManager.java:stop(844)) - Stopping Storage Container Manager HTTP server.
2019-09-29 11:44:10,010 [IPC Server Responder] INFO  ipc.Server (Server.java:run(1319)) - Stopping IPC Server Responder
2019-09-29 11:44:10,010 [IPC Server listener on 46716] INFO  ipc.Server (Server.java:run(1185)) - Stopping IPC Server listener on 46716
2019-09-29 11:44:10,011 [main] INFO  handler.ContextHandler (ContextHandler.java:doStop(910)) - Stopped o.e.j.w.WebAppContext@27e0f2f5{/,null,UNAVAILABLE}{/scm}
2019-09-29 11:44:10,012 [main] INFO  server.AbstractConnector (AbstractConnector.java:doStop(318)) - Stopped ServerConnector@3dd69f5a{HTTP/1.1,[http/1.1]}{0.0.0.0:0}
2019-09-29 11:44:10,012 [main] INFO  handler.ContextHandler (ContextHandler.java:doStop(910)) - Stopped o.e.j.s.ServletContextHandler@4aa83f4f{/static,file:///workdir/hadoop-ozone/integration-test/target/test-classes/webapps/static,UNAVAILABLE}
2019-09-29 11:44:10,013 [main] INFO  handler.ContextHandler (ContextHandler.java:doStop(910)) - Stopped o.e.j.s.ServletContextHandler@615091b8{/logs,file:///workdir/hadoop-ozone/integration-test/target/log,UNAVAILABLE}
2019-09-29 11:44:10,013 [main] INFO  server.StorageContainerManager (StorageContainerManager.java:stop(855)) - Stopping Block Manager Service.
2019-09-29 11:44:10,014 [main] INFO  utils.BackgroundService (BackgroundService.java:shutdown(148)) - Shutting down service SCMBlockDeletingService
2019-09-29 11:44:10,014 [main] INFO  utils.BackgroundService (BackgroundService.java:shutdown(148)) - Shutting down service SCMBlockDeletingService
2019-09-29 11:44:10,015 [main] INFO  server.StorageContainerManager (StorageContainerManager.java:stop(877)) - Stopping SCM Event Queue.
2019-09-29 11:44:10,021 [main] INFO  impl.MetricsSystemImpl (MetricsSystemImpl.java:stop(210)) - Stopping ratis metrics system...
2019-09-29 11:44:10,029 [prometheus] INFO  impl.MetricsSinkAdapter (MetricsSinkAdapter.java:publishMetricsFromQueue(141)) - prometheus thread interrupted.
2019-09-29 11:44:10,029 [main] INFO  impl.MetricsSystemImpl (MetricsSystemImpl.java:stop(216)) - ratis metrics system stopped.
]]></system-out>
    <system-err><![CDATA[ERROR StatusLogger No Log4j 2 configuration file found. Using default configuration (logging only errors to the console), or user programmatically provided configurations. Set system property 'log4j2.debug' to show Log4j 2 internal initialization logging. See https://logging.apache.org/log4j/2.x/manual/configuration.html for instructions on how to configure Log4j 2
]]></system-err>
  </testcase>
  <testcase name="testFreeByEviction" classname="org.apache.hadoop.ozone.scm.TestXceiverClientManager" time="17.206">
    <error message="Could not allocate container. Cannot get any matching pipeline for Type:STAND_ALONE, Factor:ONE, State:PipelineState.OPEN&#10;	at org.apache.hadoop.hdds.scm.container.ContainerStateManager.allocateContainer(ContainerStateManager.java:260)&#10;	at org.apache.hadoop.hdds.scm.container.SCMContainerManager.allocateContainer(SCMContainerManager.java:247)&#10;	at org.apache.hadoop.hdds.scm.server.SCMClientProtocolServer.allocateContainer(SCMClientProtocolServer.java:186)&#10;	at org.apache.hadoop.ozone.protocolPB.StorageContainerLocationProtocolServerSideTranslatorPB.allocateContainer(StorageContainerLocationProtocolServerSideTranslatorPB.java:123)&#10;	at org.apache.hadoop.hdds.protocol.proto.StorageContainerLocationProtocolProtos$StorageContainerLocationProtocolService$2.callBlockingMethod(StorageContainerLocationProtocolProtos.java:21239)&#10;	at org.apache.hadoop.ipc.ProtobufRpcEngine$Server$ProtoBufRpcInvoker.call(ProtobufRpcEngine.java:524)&#10;	at org.apache.hadoop.ipc.RPC$Server.call(RPC.java:1025)&#10;	at org.apache.hadoop.ipc.Server$RpcCall.run(Server.java:876)&#10;	at org.apache.hadoop.ipc.Server$RpcCall.run(Server.java:822)&#10;	at java.security.AccessController.doPrivileged(Native Method)&#10;	at javax.security.auth.Subject.doAs(Subject.java:422)&#10;	at org.apache.hadoop.security.UserGroupInformation.doAs(UserGroupInformation.java:1730)&#10;	at org.apache.hadoop.ipc.Server$Handler.run(Server.java:2682)&#10;" type="org.apache.hadoop.ipc.RemoteException(java.io.IOException)">org.apache.hadoop.ipc.RemoteException(java.io.IOException): Could not allocate container. Cannot get any matching pipeline for Type:STAND_ALONE, Factor:ONE, State:PipelineState.OPEN
	at org.apache.hadoop.hdds.scm.container.ContainerStateManager.allocateContainer(ContainerStateManager.java:260)
	at org.apache.hadoop.hdds.scm.container.SCMContainerManager.allocateContainer(SCMContainerManager.java:247)
	at org.apache.hadoop.hdds.scm.server.SCMClientProtocolServer.allocateContainer(SCMClientProtocolServer.java:186)
	at org.apache.hadoop.ozone.protocolPB.StorageContainerLocationProtocolServerSideTranslatorPB.allocateContainer(StorageContainerLocationProtocolServerSideTranslatorPB.java:123)
	at org.apache.hadoop.hdds.protocol.proto.StorageContainerLocationProtocolProtos$StorageContainerLocationProtocolService$2.callBlockingMethod(StorageContainerLocationProtocolProtos.java:21239)
	at org.apache.hadoop.ipc.ProtobufRpcEngine$Server$ProtoBufRpcInvoker.call(ProtobufRpcEngine.java:524)
	at org.apache.hadoop.ipc.RPC$Server.call(RPC.java:1025)
	at org.apache.hadoop.ipc.Server$RpcCall.run(Server.java:876)
	at org.apache.hadoop.ipc.Server$RpcCall.run(Server.java:822)
	at java.security.AccessController.doPrivileged(Native Method)
	at javax.security.auth.Subject.doAs(Subject.java:422)
	at org.apache.hadoop.security.UserGroupInformation.doAs(UserGroupInformation.java:1730)
	at org.apache.hadoop.ipc.Server$Handler.run(Server.java:2682)

	at org.apache.hadoop.ipc.Client.getRpcResponse(Client.java:1511)
	at org.apache.hadoop.ipc.Client.call(Client.java:1457)
	at org.apache.hadoop.ipc.Client.call(Client.java:1367)
	at org.apache.hadoop.ipc.ProtobufRpcEngine$Invoker.invoke(ProtobufRpcEngine.java:228)
	at org.apache.hadoop.ipc.ProtobufRpcEngine$Invoker.invoke(ProtobufRpcEngine.java:116)
	at com.sun.proxy.$Proxy25.allocateContainer(Unknown Source)
	at org.apache.hadoop.hdds.scm.protocolPB.StorageContainerLocationProtocolClientSideTranslatorPB.allocateContainer(StorageContainerLocationProtocolClientSideTranslatorPB.java:127)
	at org.apache.hadoop.ozone.scm.TestXceiverClientManager.testFreeByEviction(TestXceiverClientManager.java:181)
	at sun.reflect.NativeMethodAccessorImpl.invoke0(Native Method)
	at sun.reflect.NativeMethodAccessorImpl.invoke(NativeMethodAccessorImpl.java:62)
	at sun.reflect.DelegatingMethodAccessorImpl.invoke(DelegatingMethodAccessorImpl.java:43)
	at java.lang.reflect.Method.invoke(Method.java:498)
	at org.junit.runners.model.FrameworkMethod$1.runReflectiveCall(FrameworkMethod.java:47)
	at org.junit.internal.runners.model.ReflectiveCallable.run(ReflectiveCallable.java:12)
	at org.junit.runners.model.FrameworkMethod.invokeExplosively(FrameworkMethod.java:44)
	at org.junit.internal.runners.statements.InvokeMethod.evaluate(InvokeMethod.java:17)
	at org.junit.internal.runners.statements.RunBefores.evaluate(RunBefores.java:26)
	at org.junit.internal.runners.statements.RunAfters.evaluate(RunAfters.java:27)
	at org.junit.rules.ExpectedException$ExpectedExceptionStatement.evaluate(ExpectedException.java:168)
	at org.junit.rules.RunRules.evaluate(RunRules.java:20)
	at org.junit.runners.ParentRunner.runLeaf(ParentRunner.java:271)
	at org.junit.runners.BlockJUnit4ClassRunner.runChild(BlockJUnit4ClassRunner.java:70)
	at org.junit.runners.BlockJUnit4ClassRunner.runChild(BlockJUnit4ClassRunner.java:50)
	at org.junit.runners.ParentRunner$3.run(ParentRunner.java:238)
	at org.junit.runners.ParentRunner$1.schedule(ParentRunner.java:63)
	at org.junit.runners.ParentRunner.runChildren(ParentRunner.java:236)
	at org.junit.runners.ParentRunner.access$000(ParentRunner.java:53)
	at org.junit.runners.ParentRunner$2.evaluate(ParentRunner.java:229)
	at org.junit.runners.ParentRunner.run(ParentRunner.java:309)
	at org.apache.maven.surefire.junit4.JUnit4Provider.execute(JUnit4Provider.java:365)
	at org.apache.maven.surefire.junit4.JUnit4Provider.executeWithRerun(JUnit4Provider.java:273)
	at org.apache.maven.surefire.junit4.JUnit4Provider.executeTestSet(JUnit4Provider.java:238)
	at org.apache.maven.surefire.junit4.JUnit4Provider.invoke(JUnit4Provider.java:159)
	at org.apache.maven.surefire.booter.ForkedBooter.invokeProviderInSameClassLoader(ForkedBooter.java:384)
	at org.apache.maven.surefire.booter.ForkedBooter.runSuitesInProcess(ForkedBooter.java:345)
	at org.apache.maven.surefire.booter.ForkedBooter.execute(ForkedBooter.java:126)
	at org.apache.maven.surefire.booter.ForkedBooter.main(ForkedBooter.java:418)
</error>
    <system-out><![CDATA[2019-09-29 11:44:10,087 [main] WARN  server.ServerUtils (ServerUtils.java:getScmDbDir(145)) - ozone.scm.db.dirs is not configured. We recommend adding this setting. Falling back to ozone.metadata.dirs instead.
2019-09-29 11:44:10,113 [main] WARN  server.ServerUtils (ServerUtils.java:getScmDbDir(145)) - ozone.scm.db.dirs is not configured. We recommend adding this setting. Falling back to ozone.metadata.dirs instead.
2019-09-29 11:44:10,114 [main] WARN  server.ServerUtils (ServerUtils.java:getScmDbDir(145)) - ozone.scm.db.dirs is not configured. We recommend adding this setting. Falling back to ozone.metadata.dirs instead.
2019-09-29 11:44:10,114 [main] INFO  db.DBStoreBuilder (DBStoreBuilder.java:addTable(110)) - using custom profile for table: deletedBlocks
2019-09-29 11:44:10,115 [main] INFO  db.DBStoreBuilder (DBStoreBuilder.java:processTables(161)) - Using default column profile:DBProfile.DISK for Table:deletedBlocks
2019-09-29 11:44:10,115 [main] INFO  db.DBStoreBuilder (DBStoreBuilder.java:addTable(110)) - using custom profile for table: validCerts
2019-09-29 11:44:10,115 [main] INFO  db.DBStoreBuilder (DBStoreBuilder.java:processTables(161)) - Using default column profile:DBProfile.DISK for Table:validCerts
2019-09-29 11:44:10,116 [main] INFO  db.DBStoreBuilder (DBStoreBuilder.java:addTable(110)) - using custom profile for table: revokedCerts
2019-09-29 11:44:10,116 [main] INFO  db.DBStoreBuilder (DBStoreBuilder.java:processTables(161)) - Using default column profile:DBProfile.DISK for Table:revokedCerts
2019-09-29 11:44:10,116 [main] INFO  db.DBStoreBuilder (DBStoreBuilder.java:addTable(110)) - using custom profile for table: default
2019-09-29 11:44:10,116 [main] INFO  db.DBStoreBuilder (DBStoreBuilder.java:processTables(167)) - Using default column profile:DBProfile.DISK for Table:default
2019-09-29 11:44:10,117 [main] INFO  db.DBStoreBuilder (DBStoreBuilder.java:getDbProfile(198)) - Using default options. DBProfile.DISK
2019-09-29 11:44:10,390 [main] INFO  net.NodeSchemaLoader (NodeSchemaLoader.java:loadSchemaFromFile(125)) - Loading file from sun.misc.CompoundEnumeration@1352434e
2019-09-29 11:44:10,390 [main] INFO  net.NodeSchemaLoader (NodeSchemaLoader.java:loadSchema(171)) - Loading network topology layer schema file
2019-09-29 11:44:10,393 [main] WARN  server.ServerUtils (ServerUtils.java:sanitizeUserArgs(70)) - ozone.scm.stale.node.interval value = 300000 is larger than max = 100000 based on the key value of ozone.scm.heartbeat.thread.interval, reset to the max value 100000.
2019-09-29 11:44:10,394 [main] WARN  server.ServerUtils (ServerUtils.java:sanitizeUserArgs(70)) - ozone.scm.stale.node.interval value = 300000 is larger than max = 100000 based on the key value of ozone.scm.heartbeat.thread.interval, reset to the max value 100000.
2019-09-29 11:44:10,394 [main] INFO  node.SCMNodeManager (SCMNodeManager.java:<init>(114)) - Entering startup safe mode.
2019-09-29 11:44:10,395 [main] INFO  algorithms.ContainerPlacementPolicyFactory (ContainerPlacementPolicyFactory.java:getPolicy(59)) - Create container placement policy of type org.apache.hadoop.hdds.scm.container.placement.algorithms.SCMContainerPlacementRandom
2019-09-29 11:44:10,395 [main] WARN  server.ServerUtils (ServerUtils.java:getScmDbDir(145)) - ozone.scm.db.dirs is not configured. We recommend adding this setting. Falling back to ozone.metadata.dirs instead.
2019-09-29 11:44:10,506 [main] INFO  pipeline.SCMPipelineManager (SCMPipelineManager.java:initializePipelineState(137)) - No pipeline exists in current db
2019-09-29 11:44:10,508 [main] WARN  server.ServerUtils (ServerUtils.java:getScmDbDir(145)) - ozone.scm.db.dirs is not configured. We recommend adding this setting. Falling back to ozone.metadata.dirs instead.
2019-09-29 11:44:10,613 [main] WARN  events.EventQueue (EventQueue.java:fireEvent(183)) - No event handler registered for event TypedEvent{payloadType=SafeModeStatus, name='SafeModeStatus'}
2019-09-29 11:44:10,614 [main] INFO  ipc.CallQueueManager (CallQueueManager.java:<init>(84)) - Using callQueue: class java.util.concurrent.LinkedBlockingQueue, queueCapacity: 2000, scheduler: class org.apache.hadoop.ipc.DefaultRpcScheduler, ipcBackoff: false.
2019-09-29 11:44:10,616 [Socket Reader #1 for port 42197] INFO  ipc.Server (Server.java:run(1074)) - Starting Socket Reader #1 for port 42197
2019-09-29 11:44:10,618 [main] INFO  ipc.CallQueueManager (CallQueueManager.java:<init>(84)) - Using callQueue: class java.util.concurrent.LinkedBlockingQueue, queueCapacity: 2000, scheduler: class org.apache.hadoop.ipc.DefaultRpcScheduler, ipcBackoff: false.
2019-09-29 11:44:10,619 [Socket Reader #1 for port 39391] INFO  ipc.Server (Server.java:run(1074)) - Starting Socket Reader #1 for port 39391
2019-09-29 11:44:10,620 [main] INFO  ipc.CallQueueManager (CallQueueManager.java:<init>(84)) - Using callQueue: class java.util.concurrent.LinkedBlockingQueue, queueCapacity: 2000, scheduler: class org.apache.hadoop.ipc.DefaultRpcScheduler, ipcBackoff: false.
2019-09-29 11:44:10,621 [Socket Reader #1 for port 41338] INFO  ipc.Server (Server.java:run(1074)) - Starting Socket Reader #1 for port 41338
2019-09-29 11:44:10,624 [main] INFO  hdfs.DFSUtil (DFSUtil.java:httpServerTemplateForNNAndJN(1641)) - Starting Web-server for scm at: http://0.0.0.0:0
2019-09-29 11:44:10,626 [main] INFO  server.AuthenticationFilter (AuthenticationFilter.java:constructSecretProvider(240)) - Unable to initialize FileSignerSecretProvider, falling back to use random secrets.
2019-09-29 11:44:10,627 [main] WARN  http.HttpRequestLog (HttpRequestLog.java:getRequestLog(97)) - Jetty request log can only be enabled using Log4j
2019-09-29 11:44:10,629 [main] INFO  http.HttpServer2 (HttpServer2.java:addGlobalFilter(975)) - Added global filter 'safety' (class=org.apache.hadoop.http.HttpServer2$QuotingInputFilter)
2019-09-29 11:44:10,630 [main] INFO  http.HttpServer2 (HttpServer2.java:addFilter(948)) - Added filter static_user_filter (class=org.apache.hadoop.http.lib.StaticUserWebFilter$StaticUserFilter) to context scm
2019-09-29 11:44:10,630 [main] INFO  http.HttpServer2 (HttpServer2.java:addFilter(958)) - Added filter static_user_filter (class=org.apache.hadoop.http.lib.StaticUserWebFilter$StaticUserFilter) to context logs
2019-09-29 11:44:10,631 [main] INFO  http.HttpServer2 (HttpServer2.java:addFilter(958)) - Added filter static_user_filter (class=org.apache.hadoop.http.lib.StaticUserWebFilter$StaticUserFilter) to context static
2019-09-29 11:44:10,634 [main] INFO  server.StorageContainerManager (StorageContainerManager.java:start(770)) - StorageContainerLocationProtocol RPC server is listening at /0.0.0.0:41338
2019-09-29 11:44:10,636 [main] WARN  impl.MetricsConfig (MetricsConfig.java:loadFirst(134)) - Cannot locate configuration: tried hadoop-metrics2-storagecontainermanager.properties,hadoop-metrics2.properties
2019-09-29 11:44:10,638 [main] INFO  impl.MetricsSystemImpl (MetricsSystemImpl.java:startTimer(374)) - Scheduled Metric snapshot period at 10 second(s).
2019-09-29 11:44:10,638 [main] INFO  impl.MetricsSystemImpl (MetricsSystemImpl.java:start(191)) - StorageContainerManager metrics system started
2019-09-29 11:44:10,670 [main] WARN  impl.MetricsSystemImpl (MetricsSystemImpl.java:register(276)) - Sink prometheus already exists!
2019-09-29 11:44:10,683 [main] INFO  server.SCMClientProtocolServer (SCMClientProtocolServer.java:start(151)) - RPC server for Client  is listening at /0.0.0.0:41338
2019-09-29 11:44:10,684 [IPC Server Responder] INFO  ipc.Server (Server.java:run(1314)) - IPC Server Responder: starting
2019-09-29 11:44:10,684 [IPC Server listener on 41338] INFO  ipc.Server (Server.java:run(1153)) - IPC Server listener on 41338: starting
2019-09-29 11:44:10,687 [main] INFO  server.StorageContainerManager (StorageContainerManager.java:start(780)) - ScmBlockLocationProtocol RPC server is listening at /0.0.0.0:39391
2019-09-29 11:44:10,688 [main] INFO  server.SCMBlockProtocolServer (SCMBlockProtocolServer.java:start(146)) - RPC server for Block Protocol is listening at /0.0.0.0:39391
2019-09-29 11:44:10,689 [IPC Server Responder] INFO  ipc.Server (Server.java:run(1314)) - IPC Server Responder: starting
2019-09-29 11:44:10,689 [IPC Server listener on 39391] INFO  ipc.Server (Server.java:run(1153)) - IPC Server listener on 39391: starting
2019-09-29 11:44:10,692 [main] INFO  server.StorageContainerManager (StorageContainerManager.java:start(784)) - ScmDatanodeProtocl RPC server is listening at /0.0.0.0:42197
2019-09-29 11:44:10,692 [main] INFO  server.SCMDatanodeProtocolServer (SCMDatanodeProtocolServer.java:start(191)) - RPC server for DataNodes is listening at /0.0.0.0:42197
2019-09-29 11:44:10,693 [IPC Server Responder] INFO  ipc.Server (Server.java:run(1314)) - IPC Server Responder: starting
2019-09-29 11:44:10,693 [IPC Server listener on 42197] INFO  ipc.Server (Server.java:run(1153)) - IPC Server listener on 42197: starting
2019-09-29 11:44:10,697 [main] INFO  http.HttpServer2 (HttpServer2.java:bindListener(1191)) - Jetty bound to port 39383
2019-09-29 11:44:10,697 [main] INFO  server.Server (Server.java:doStart(351)) - jetty-9.3.25.v20180904, build timestamp: 2018-09-04T21:11:46Z, git hash: 3ce520221d0240229c862b122d2b06c12a625732
2019-09-29 11:44:10,699 [main] INFO  handler.ContextHandler (ContextHandler.java:doStart(781)) - Started o.e.j.s.ServletContextHandler@272ce069{/logs,file:///workdir/hadoop-ozone/integration-test/target/log,AVAILABLE}
2019-09-29 11:44:10,700 [main] INFO  handler.ContextHandler (ContextHandler.java:doStart(781)) - Started o.e.j.s.ServletContextHandler@1c26273d{/static,file:///workdir/hadoop-ozone/integration-test/target/test-classes/webapps/static,AVAILABLE}
2019-09-29 11:44:10,705 [main] INFO  handler.ContextHandler (ContextHandler.java:doStart(781)) - Started o.e.j.w.WebAppContext@a2341c6{/,file:///workdir/hadoop-ozone/integration-test/target/test-classes/webapps/scm/,AVAILABLE}{/scm}
2019-09-29 11:44:10,706 [main] INFO  server.AbstractConnector (AbstractConnector.java:doStart(278)) - Started ServerConnector@6e4c0d8c{HTTP/1.1,[http/1.1]}{0.0.0.0:39383}
2019-09-29 11:44:10,707 [main] INFO  server.Server (Server.java:doStart(419)) - Started @21825ms
2019-09-29 11:44:10,707 [main] WARN  impl.MetricsSystemImpl (MetricsSystemImpl.java:register(276)) - Sink prometheus already exists!
2019-09-29 11:44:10,708 [main] INFO  server.BaseHttpServer (BaseHttpServer.java:updateConnectorAddress(215)) - HTTP server of SCM is listening at http://0.0.0.0:39383
2019-09-29 11:44:10,708 [main] WARN  server.ServerUtils (ServerUtils.java:getDBPath(222)) - ozone.om.db.dirs is not configured. We recommend adding this setting. Falling back to ozone.metadata.dirs instead.
2019-09-29 11:44:10,709 [org.apache.hadoop.util.JvmPauseMonitor$Monitor@64db4967] INFO  util.JvmPauseMonitor (JvmPauseMonitor.java:run(188)) - Starting JVM pause monitor
2019-09-29 11:44:10,732 [main] WARN  server.ServerUtils (ServerUtils.java:getDBPath(222)) - ozone.om.db.dirs is not configured. We recommend adding this setting. Falling back to ozone.metadata.dirs instead.
2019-09-29 11:44:10,733 [main] WARN  server.ServerUtils (ServerUtils.java:getDBPath(222)) - ozone.om.db.dirs is not configured. We recommend adding this setting. Falling back to ozone.metadata.dirs instead.
2019-09-29 11:44:10,733 [main] INFO  om.OzoneManager (OzoneManager.java:setOMNodeDetails(652)) - OM Service ID is not set. Setting it to the default ID: omServiceIdDefault
2019-09-29 11:44:10,733 [main] INFO  om.OzoneManager (OzoneManager.java:setOMNodeDetails(658)) - OM Node ID is not set. Setting it to the OmStorage's OmID: dac5a799-a62e-43f0-aacf-b5ece3518c55
2019-09-29 11:44:10,734 [main] INFO  om.OzoneManager (OzoneManager.java:loadOMHAConfigs(609)) - Found matching OM address with OMServiceId: null, OMNodeId: null, RPC Address: localhost:0 and Ratis port: 9872
2019-09-29 11:44:10,745 [main] WARN  server.ServerUtils (ServerUtils.java:getDBPath(222)) - ozone.om.db.dirs is not configured. We recommend adding this setting. Falling back to ozone.metadata.dirs instead.
2019-09-29 11:44:10,745 [main] INFO  db.DBStoreBuilder (DBStoreBuilder.java:addTable(110)) - using custom profile for table: userTable
2019-09-29 11:44:10,745 [main] INFO  db.DBStoreBuilder (DBStoreBuilder.java:processTables(161)) - Using default column profile:DBProfile.DISK for Table:userTable
2019-09-29 11:44:10,746 [main] INFO  db.DBStoreBuilder (DBStoreBuilder.java:addTable(110)) - using custom profile for table: volumeTable
2019-09-29 11:44:10,746 [main] INFO  db.DBStoreBuilder (DBStoreBuilder.java:processTables(161)) - Using default column profile:DBProfile.DISK for Table:volumeTable
2019-09-29 11:44:10,746 [main] INFO  db.DBStoreBuilder (DBStoreBuilder.java:addTable(110)) - using custom profile for table: bucketTable
2019-09-29 11:44:10,746 [main] INFO  db.DBStoreBuilder (DBStoreBuilder.java:processTables(161)) - Using default column profile:DBProfile.DISK for Table:bucketTable
2019-09-29 11:44:10,747 [main] INFO  db.DBStoreBuilder (DBStoreBuilder.java:addTable(110)) - using custom profile for table: keyTable
2019-09-29 11:44:10,747 [main] INFO  db.DBStoreBuilder (DBStoreBuilder.java:processTables(161)) - Using default column profile:DBProfile.DISK for Table:keyTable
2019-09-29 11:44:10,747 [main] INFO  db.DBStoreBuilder (DBStoreBuilder.java:addTable(110)) - using custom profile for table: deletedTable
2019-09-29 11:44:10,747 [main] INFO  db.DBStoreBuilder (DBStoreBuilder.java:processTables(161)) - Using default column profile:DBProfile.DISK for Table:deletedTable
2019-09-29 11:44:10,747 [main] INFO  db.DBStoreBuilder (DBStoreBuilder.java:addTable(110)) - using custom profile for table: openKeyTable
2019-09-29 11:44:10,748 [main] INFO  db.DBStoreBuilder (DBStoreBuilder.java:processTables(161)) - Using default column profile:DBProfile.DISK for Table:openKeyTable
2019-09-29 11:44:10,748 [main] INFO  db.DBStoreBuilder (DBStoreBuilder.java:addTable(110)) - using custom profile for table: s3Table
2019-09-29 11:44:10,748 [main] INFO  db.DBStoreBuilder (DBStoreBuilder.java:processTables(161)) - Using default column profile:DBProfile.DISK for Table:s3Table
2019-09-29 11:44:10,748 [main] INFO  db.DBStoreBuilder (DBStoreBuilder.java:addTable(110)) - using custom profile for table: multipartInfoTable
2019-09-29 11:44:10,748 [main] INFO  db.DBStoreBuilder (DBStoreBuilder.java:processTables(161)) - Using default column profile:DBProfile.DISK for Table:multipartInfoTable
2019-09-29 11:44:10,749 [main] INFO  db.DBStoreBuilder (DBStoreBuilder.java:addTable(110)) - using custom profile for table: dTokenTable
2019-09-29 11:44:10,749 [main] INFO  db.DBStoreBuilder (DBStoreBuilder.java:processTables(161)) - Using default column profile:DBProfile.DISK for Table:dTokenTable
2019-09-29 11:44:10,749 [main] INFO  db.DBStoreBuilder (DBStoreBuilder.java:addTable(110)) - using custom profile for table: s3SecretTable
2019-09-29 11:44:10,749 [main] INFO  db.DBStoreBuilder (DBStoreBuilder.java:processTables(161)) - Using default column profile:DBProfile.DISK for Table:s3SecretTable
2019-09-29 11:44:10,749 [main] INFO  db.DBStoreBuilder (DBStoreBuilder.java:addTable(110)) - using custom profile for table: prefixTable
2019-09-29 11:44:10,750 [main] INFO  db.DBStoreBuilder (DBStoreBuilder.java:processTables(161)) - Using default column profile:DBProfile.DISK for Table:prefixTable
2019-09-29 11:44:10,750 [main] INFO  db.DBStoreBuilder (DBStoreBuilder.java:addTable(110)) - using custom profile for table: default
2019-09-29 11:44:10,750 [main] INFO  db.DBStoreBuilder (DBStoreBuilder.java:processTables(167)) - Using default column profile:DBProfile.DISK for Table:default
2019-09-29 11:44:10,750 [main] INFO  db.DBStoreBuilder (DBStoreBuilder.java:getDbProfile(198)) - Using default options. DBProfile.DISK
2019-09-29 11:44:11,505 [main] INFO  ipc.CallQueueManager (CallQueueManager.java:<init>(84)) - Using callQueue: class java.util.concurrent.LinkedBlockingQueue, queueCapacity: 2000, scheduler: class org.apache.hadoop.ipc.DefaultRpcScheduler, ipcBackoff: false.
2019-09-29 11:44:11,506 [Socket Reader #1 for port 45903] INFO  ipc.Server (Server.java:run(1074)) - Starting Socket Reader #1 for port 45903
2019-09-29 11:44:11,532 [main] INFO  om.OzoneManager (OzoneManager.java:start(1243)) - OzoneManager RPC server is listening at localhost/127.0.0.1:45903
2019-09-29 11:44:11,532 [main] INFO  impl.MetricsSystemImpl (MetricsSystemImpl.java:init(158)) - OzoneManager metrics system started (again)
2019-09-29 11:44:11,533 [IPC Server Responder] INFO  ipc.Server (Server.java:run(1314)) - IPC Server Responder: starting
2019-09-29 11:44:11,533 [IPC Server listener on 45903] INFO  ipc.Server (Server.java:run(1153)) - IPC Server listener on 45903: starting
2019-09-29 11:44:11,538 [main] INFO  hdfs.DFSUtil (DFSUtil.java:httpServerTemplateForNNAndJN(1641)) - Starting Web-server for ozoneManager at: http://0.0.0.0:0
2019-09-29 11:44:11,540 [main] INFO  server.AuthenticationFilter (AuthenticationFilter.java:constructSecretProvider(240)) - Unable to initialize FileSignerSecretProvider, falling back to use random secrets.
2019-09-29 11:44:11,541 [main] WARN  http.HttpRequestLog (HttpRequestLog.java:getRequestLog(97)) - Jetty request log can only be enabled using Log4j
2019-09-29 11:44:11,544 [main] INFO  http.HttpServer2 (HttpServer2.java:addGlobalFilter(975)) - Added global filter 'safety' (class=org.apache.hadoop.http.HttpServer2$QuotingInputFilter)
2019-09-29 11:44:11,545 [main] INFO  http.HttpServer2 (HttpServer2.java:addFilter(948)) - Added filter static_user_filter (class=org.apache.hadoop.http.lib.StaticUserWebFilter$StaticUserFilter) to context ozoneManager
2019-09-29 11:44:11,545 [main] INFO  http.HttpServer2 (HttpServer2.java:addFilter(958)) - Added filter static_user_filter (class=org.apache.hadoop.http.lib.StaticUserWebFilter$StaticUserFilter) to context static
2019-09-29 11:44:11,546 [main] INFO  http.HttpServer2 (HttpServer2.java:addFilter(958)) - Added filter static_user_filter (class=org.apache.hadoop.http.lib.StaticUserWebFilter$StaticUserFilter) to context logs
2019-09-29 11:44:11,547 [main] INFO  http.HttpServer2 (HttpServer2.java:bindListener(1191)) - Jetty bound to port 41791
2019-09-29 11:44:11,547 [main] INFO  server.Server (Server.java:doStart(351)) - jetty-9.3.25.v20180904, build timestamp: 2018-09-04T21:11:46Z, git hash: 3ce520221d0240229c862b122d2b06c12a625732
2019-09-29 11:44:11,550 [main] INFO  handler.ContextHandler (ContextHandler.java:doStart(781)) - Started o.e.j.s.ServletContextHandler@60e9c3a5{/logs,file:///workdir/hadoop-ozone/integration-test/target/log,AVAILABLE}
2019-09-29 11:44:11,551 [main] INFO  handler.ContextHandler (ContextHandler.java:doStart(781)) - Started o.e.j.s.ServletContextHandler@459f703f{/static,file:///workdir/hadoop-ozone/integration-test/target/test-classes/webapps/static,AVAILABLE}
2019-09-29 11:44:11,558 [main] INFO  handler.ContextHandler (ContextHandler.java:doStart(781)) - Started o.e.j.w.WebAppContext@176f7f3b{/,file:///workdir/hadoop-ozone/integration-test/target/test-classes/webapps/ozoneManager/,AVAILABLE}{/ozoneManager}
2019-09-29 11:44:11,559 [main] INFO  server.AbstractConnector (AbstractConnector.java:doStart(278)) - Started ServerConnector@30ca0779{HTTP/1.1,[http/1.1]}{0.0.0.0:41791}
2019-09-29 11:44:11,560 [main] INFO  server.Server (Server.java:doStart(419)) - Started @22678ms
2019-09-29 11:44:11,560 [main] WARN  impl.MetricsSystemImpl (MetricsSystemImpl.java:register(276)) - Sink prometheus already exists!
2019-09-29 11:44:11,561 [main] INFO  server.BaseHttpServer (BaseHttpServer.java:updateConnectorAddress(215)) - HTTP server of OZONEMANAGER is listening at http://0.0.0.0:41791
2019-09-29 11:44:11,573 [main] INFO  impl.MetricsSystemImpl (MetricsSystemImpl.java:init(158)) - HddsDatanode metrics system started (again)
2019-09-29 11:44:11,575 [main] INFO  ozone.HddsDatanodeService (HddsDatanodeService.java:start(184)) - HddsDatanodeService host:pr-hdds-1569-lsfh5-224679870 ip:192.168.30.19
2019-09-29 11:44:11,582 [main] INFO  volume.HddsVolume (HddsVolume.java:<init>(176)) - Creating Volume: /workdir/hadoop-ozone/integration-test/target/test-dir/MiniOzoneClusterImpl-b053464a-6ba9-4d5b-990c-93e7f610e587/datanode-0/data/containers/hdds of  storage type : DISK and capacity : 1482555576320
2019-09-29 11:44:11,583 [main] INFO  volume.VolumeSet (VolumeSet.java:initializeVolumeSet(170)) - Added Volume : /workdir/hadoop-ozone/integration-test/target/test-dir/MiniOzoneClusterImpl-b053464a-6ba9-4d5b-990c-93e7f610e587/datanode-0/data/containers/hdds to VolumeSet
2019-09-29 11:44:11,583 [main] INFO  volume.ThrottledAsyncChecker (ThrottledAsyncChecker.java:schedule(139)) - Scheduling a check for org.apache.hadoop.ozone.container.common.volume.HddsVolume@1937eaff
2019-09-29 11:44:11,584 [main] INFO  volume.HddsVolumeChecker (HddsVolumeChecker.java:checkAllVolumes(202)) - Scheduled health check for volume org.apache.hadoop.ozone.container.common.volume.HddsVolume@1937eaff
2019-09-29 11:44:11,602 [main] INFO  impl.RaftServerProxy (ConfUtils.java:logGet(43)) - raft.rpc.type = GRPC (default)
2019-09-29 11:44:11,603 [main] INFO  grpc.GrpcFactory (GrpcFactory.java:checkPooledByteBufAllocatorUseCacheForAllThreads(45)) - PERFORMANCE WARNING: useCacheForAllThreads is true that may cause Netty to create a lot garbage objects and, as a result, trigger GC.
	It is recommended to disable useCacheForAllThreads by setting -Dorg.apache.ratis.thirdparty.io.netty.allocator.useCacheForAllThreads=false in command line.
2019-09-29 11:44:11,603 [main] INFO  grpc.GrpcConfigKeys$Server (ConfUtils.java:logGet(43)) - raft.grpc.server.port = 0 (default)
2019-09-29 11:44:11,604 [main] INFO  server.GrpcService (ConfUtils.java:logGet(43)) - raft.grpc.message.size.max = 33570816 (custom)
2019-09-29 11:44:11,604 [main] INFO  server.RaftServerConfigKeys (ConfUtils.java:logGet(43)) - raft.server.log.appender.buffer.byte-limit = 33554432 (custom)
2019-09-29 11:44:11,605 [main] INFO  server.GrpcService (ConfUtils.java:logGet(43)) - raft.grpc.flow.control.window = 1MB (=1048576) (default)
2019-09-29 11:44:11,605 [main] INFO  server.RaftServerConfigKeys (ConfUtils.java:logGet(43)) - raft.server.rpc.request.timeout = 3000ms (default)
2019-09-29 11:44:11,606 [main] INFO  server.RaftServerConfigKeys (ConfUtils.java:logGet(43)) - raft.server.storage.dir = [/workdir/hadoop-ozone/integration-test/target/test-dir/MiniOzoneClusterImpl-b053464a-6ba9-4d5b-990c-93e7f610e587/datanode-0/data/ratis] (custom)
2019-09-29 11:44:11,607 [main] INFO  hdfs.DFSUtil (DFSUtil.java:httpServerTemplateForNNAndJN(1641)) - Starting Web-server for hddsDatanode at: http://0.0.0.0:0
2019-09-29 11:44:11,609 [main] INFO  server.AuthenticationFilter (AuthenticationFilter.java:constructSecretProvider(240)) - Unable to initialize FileSignerSecretProvider, falling back to use random secrets.
2019-09-29 11:44:11,609 [main] WARN  http.HttpRequestLog (HttpRequestLog.java:getRequestLog(97)) - Jetty request log can only be enabled using Log4j
2019-09-29 11:44:11,611 [main] INFO  http.HttpServer2 (HttpServer2.java:addGlobalFilter(975)) - Added global filter 'safety' (class=org.apache.hadoop.http.HttpServer2$QuotingInputFilter)
2019-09-29 11:44:11,612 [main] INFO  http.HttpServer2 (HttpServer2.java:addFilter(948)) - Added filter static_user_filter (class=org.apache.hadoop.http.lib.StaticUserWebFilter$StaticUserFilter) to context hddsDatanode
2019-09-29 11:44:11,612 [main] INFO  http.HttpServer2 (HttpServer2.java:addFilter(958)) - Added filter static_user_filter (class=org.apache.hadoop.http.lib.StaticUserWebFilter$StaticUserFilter) to context logs
2019-09-29 11:44:11,612 [main] INFO  http.HttpServer2 (HttpServer2.java:addFilter(958)) - Added filter static_user_filter (class=org.apache.hadoop.http.lib.StaticUserWebFilter$StaticUserFilter) to context static
2019-09-29 11:44:11,613 [main] INFO  http.HttpServer2 (HttpServer2.java:bindListener(1191)) - Jetty bound to port 44780
2019-09-29 11:44:11,613 [main] INFO  server.Server (Server.java:doStart(351)) - jetty-9.3.25.v20180904, build timestamp: 2018-09-04T21:11:46Z, git hash: 3ce520221d0240229c862b122d2b06c12a625732
2019-09-29 11:44:11,615 [main] INFO  handler.ContextHandler (ContextHandler.java:doStart(781)) - Started o.e.j.s.ServletContextHandler@57562473{/logs,file:///workdir/hadoop-ozone/integration-test/target/log,AVAILABLE}
2019-09-29 11:44:11,616 [main] INFO  handler.ContextHandler (ContextHandler.java:doStart(781)) - Started o.e.j.s.ServletContextHandler@424de326{/static,jar:file:/home/user/.m2/repository/org/apache/hadoop/hadoop-hdds-container-service/0.5.0-SNAPSHOT/hadoop-hdds-container-service-0.5.0-SNAPSHOT.jar!/webapps/static,AVAILABLE}
2019-09-29 11:44:11,651 [main] INFO  handler.ContextHandler (ContextHandler.java:doStart(781)) - Started o.e.j.w.WebAppContext@6fa13e6{/,file:///tmp/jetty-0.0.0.0-44780-hddsDatanode-_-any-2915212270492840970.dir/webapp/,AVAILABLE}{/hddsDatanode}
2019-09-29 11:44:11,651 [main] INFO  server.AbstractConnector (AbstractConnector.java:doStart(278)) - Started ServerConnector@3af7d855{HTTP/1.1,[http/1.1]}{0.0.0.0:44780}
2019-09-29 11:44:11,652 [main] INFO  server.Server (Server.java:doStart(419)) - Started @22770ms
2019-09-29 11:44:11,652 [main] WARN  impl.MetricsSystemImpl (MetricsSystemImpl.java:register(276)) - Sink prometheus already exists!
2019-09-29 11:44:11,653 [main] INFO  server.BaseHttpServer (BaseHttpServer.java:updateConnectorAddress(215)) - HTTP server of HDDSDATANODE is listening at http://0.0.0.0:44780
2019-09-29 11:44:11,653 [main] INFO  impl.MetricsSystemImpl (MetricsSystemImpl.java:init(158)) - HddsDatanode metrics system started (again)
2019-09-29 11:44:11,656 [main] INFO  ozone.HddsDatanodeService (HddsDatanodeService.java:start(184)) - HddsDatanodeService host:pr-hdds-1569-lsfh5-224679870 ip:192.168.30.19
2019-09-29 11:44:11,656 [org.apache.hadoop.util.JvmPauseMonitor$Monitor@53c91ba2] INFO  util.JvmPauseMonitor (JvmPauseMonitor.java:run(188)) - Starting JVM pause monitor
2019-09-29 11:44:11,659 [Datanode State Machine Thread - 0] INFO  datanode.InitDatanodeState (InitDatanodeState.java:persistContainerDatanodeDetails(140)) - DatanodeDetails is persisted to /workdir/hadoop-ozone/integration-test/target/test-dir/MiniOzoneClusterImpl-b053464a-6ba9-4d5b-990c-93e7f610e587/datanode-0/meta/datanode.id
2019-09-29 11:44:11,663 [main] INFO  volume.HddsVolume (HddsVolume.java:<init>(176)) - Creating Volume: /workdir/hadoop-ozone/integration-test/target/test-dir/MiniOzoneClusterImpl-b053464a-6ba9-4d5b-990c-93e7f610e587/datanode-1/data/containers/hdds of  storage type : DISK and capacity : 1482555576320
2019-09-29 11:44:11,663 [main] INFO  volume.VolumeSet (VolumeSet.java:initializeVolumeSet(170)) - Added Volume : /workdir/hadoop-ozone/integration-test/target/test-dir/MiniOzoneClusterImpl-b053464a-6ba9-4d5b-990c-93e7f610e587/datanode-1/data/containers/hdds to VolumeSet
2019-09-29 11:44:11,663 [main] INFO  volume.ThrottledAsyncChecker (ThrottledAsyncChecker.java:schedule(139)) - Scheduling a check for org.apache.hadoop.ozone.container.common.volume.HddsVolume@4f5b08d
2019-09-29 11:44:11,664 [main] INFO  volume.HddsVolumeChecker (HddsVolumeChecker.java:checkAllVolumes(202)) - Scheduled health check for volume org.apache.hadoop.ozone.container.common.volume.HddsVolume@4f5b08d
2019-09-29 11:44:11,677 [main] INFO  impl.RaftServerProxy (ConfUtils.java:logGet(43)) - raft.rpc.type = GRPC (default)
2019-09-29 11:44:11,677 [main] INFO  grpc.GrpcFactory (GrpcFactory.java:checkPooledByteBufAllocatorUseCacheForAllThreads(45)) - PERFORMANCE WARNING: useCacheForAllThreads is true that may cause Netty to create a lot garbage objects and, as a result, trigger GC.
	It is recommended to disable useCacheForAllThreads by setting -Dorg.apache.ratis.thirdparty.io.netty.allocator.useCacheForAllThreads=false in command line.
2019-09-29 11:44:11,677 [main] INFO  grpc.GrpcConfigKeys$Server (ConfUtils.java:logGet(43)) - raft.grpc.server.port = 0 (default)
2019-09-29 11:44:11,677 [main] INFO  server.GrpcService (ConfUtils.java:logGet(43)) - raft.grpc.message.size.max = 33570816 (custom)
2019-09-29 11:44:11,678 [main] INFO  server.RaftServerConfigKeys (ConfUtils.java:logGet(43)) - raft.server.log.appender.buffer.byte-limit = 33554432 (custom)
2019-09-29 11:44:11,678 [main] INFO  server.GrpcService (ConfUtils.java:logGet(43)) - raft.grpc.flow.control.window = 1MB (=1048576) (default)
2019-09-29 11:44:11,678 [main] INFO  server.RaftServerConfigKeys (ConfUtils.java:logGet(43)) - raft.server.rpc.request.timeout = 3000ms (default)
2019-09-29 11:44:11,678 [main] INFO  server.RaftServerConfigKeys (ConfUtils.java:logGet(43)) - raft.server.storage.dir = [/workdir/hadoop-ozone/integration-test/target/test-dir/MiniOzoneClusterImpl-b053464a-6ba9-4d5b-990c-93e7f610e587/datanode-1/data/ratis] (custom)
2019-09-29 11:44:11,680 [main] INFO  hdfs.DFSUtil (DFSUtil.java:httpServerTemplateForNNAndJN(1641)) - Starting Web-server for hddsDatanode at: http://0.0.0.0:0
2019-09-29 11:44:11,681 [main] INFO  server.AuthenticationFilter (AuthenticationFilter.java:constructSecretProvider(240)) - Unable to initialize FileSignerSecretProvider, falling back to use random secrets.
2019-09-29 11:44:11,681 [main] WARN  http.HttpRequestLog (HttpRequestLog.java:getRequestLog(97)) - Jetty request log can only be enabled using Log4j
2019-09-29 11:44:11,683 [main] INFO  http.HttpServer2 (HttpServer2.java:addGlobalFilter(975)) - Added global filter 'safety' (class=org.apache.hadoop.http.HttpServer2$QuotingInputFilter)
2019-09-29 11:44:11,683 [main] INFO  http.HttpServer2 (HttpServer2.java:addFilter(948)) - Added filter static_user_filter (class=org.apache.hadoop.http.lib.StaticUserWebFilter$StaticUserFilter) to context hddsDatanode
2019-09-29 11:44:11,683 [main] INFO  http.HttpServer2 (HttpServer2.java:addFilter(958)) - Added filter static_user_filter (class=org.apache.hadoop.http.lib.StaticUserWebFilter$StaticUserFilter) to context static
2019-09-29 11:44:11,683 [main] INFO  http.HttpServer2 (HttpServer2.java:addFilter(958)) - Added filter static_user_filter (class=org.apache.hadoop.http.lib.StaticUserWebFilter$StaticUserFilter) to context logs
2019-09-29 11:44:11,684 [main] INFO  http.HttpServer2 (HttpServer2.java:bindListener(1191)) - Jetty bound to port 41742
2019-09-29 11:44:11,684 [main] INFO  server.Server (Server.java:doStart(351)) - jetty-9.3.25.v20180904, build timestamp: 2018-09-04T21:11:46Z, git hash: 3ce520221d0240229c862b122d2b06c12a625732
2019-09-29 11:44:11,686 [main] INFO  handler.ContextHandler (ContextHandler.java:doStart(781)) - Started o.e.j.s.ServletContextHandler@1e0a864d{/logs,file:///workdir/hadoop-ozone/integration-test/target/log,AVAILABLE}
2019-09-29 11:44:11,686 [main] INFO  handler.ContextHandler (ContextHandler.java:doStart(781)) - Started o.e.j.s.ServletContextHandler@3e67f5f2{/static,jar:file:/home/user/.m2/repository/org/apache/hadoop/hadoop-hdds-container-service/0.5.0-SNAPSHOT/hadoop-hdds-container-service-0.5.0-SNAPSHOT.jar!/webapps/static,AVAILABLE}
2019-09-29 11:44:11,715 [main] INFO  handler.ContextHandler (ContextHandler.java:doStart(781)) - Started o.e.j.w.WebAppContext@30f74e79{/,file:///tmp/jetty-0.0.0.0-41742-hddsDatanode-_-any-7525792294631719714.dir/webapp/,AVAILABLE}{/hddsDatanode}
2019-09-29 11:44:11,715 [main] INFO  server.AbstractConnector (AbstractConnector.java:doStart(278)) - Started ServerConnector@2c88a3e8{HTTP/1.1,[http/1.1]}{0.0.0.0:41742}
2019-09-29 11:44:11,716 [main] INFO  server.Server (Server.java:doStart(419)) - Started @22834ms
2019-09-29 11:44:11,716 [main] WARN  impl.MetricsSystemImpl (MetricsSystemImpl.java:register(276)) - Sink prometheus already exists!
2019-09-29 11:44:11,717 [main] INFO  server.BaseHttpServer (BaseHttpServer.java:updateConnectorAddress(215)) - HTTP server of HDDSDATANODE is listening at http://0.0.0.0:41742
2019-09-29 11:44:11,717 [main] INFO  impl.MetricsSystemImpl (MetricsSystemImpl.java:init(158)) - HddsDatanode metrics system started (again)
2019-09-29 11:44:11,721 [main] INFO  ozone.HddsDatanodeService (HddsDatanodeService.java:start(184)) - HddsDatanodeService host:pr-hdds-1569-lsfh5-224679870 ip:192.168.30.19
2019-09-29 11:44:11,721 [org.apache.hadoop.util.JvmPauseMonitor$Monitor@65c006e5] INFO  util.JvmPauseMonitor (JvmPauseMonitor.java:run(188)) - Starting JVM pause monitor
2019-09-29 11:44:11,725 [Datanode State Machine Thread - 0] INFO  datanode.InitDatanodeState (InitDatanodeState.java:persistContainerDatanodeDetails(140)) - DatanodeDetails is persisted to /workdir/hadoop-ozone/integration-test/target/test-dir/MiniOzoneClusterImpl-b053464a-6ba9-4d5b-990c-93e7f610e587/datanode-1/meta/datanode.id
2019-09-29 11:44:11,731 [main] INFO  volume.HddsVolume (HddsVolume.java:<init>(176)) - Creating Volume: /workdir/hadoop-ozone/integration-test/target/test-dir/MiniOzoneClusterImpl-b053464a-6ba9-4d5b-990c-93e7f610e587/datanode-2/data/containers/hdds of  storage type : DISK and capacity : 1482555576320
2019-09-29 11:44:11,731 [main] INFO  volume.VolumeSet (VolumeSet.java:initializeVolumeSet(170)) - Added Volume : /workdir/hadoop-ozone/integration-test/target/test-dir/MiniOzoneClusterImpl-b053464a-6ba9-4d5b-990c-93e7f610e587/datanode-2/data/containers/hdds to VolumeSet
2019-09-29 11:44:11,731 [main] INFO  volume.ThrottledAsyncChecker (ThrottledAsyncChecker.java:schedule(139)) - Scheduling a check for org.apache.hadoop.ozone.container.common.volume.HddsVolume@17dd671f
2019-09-29 11:44:11,731 [main] INFO  volume.HddsVolumeChecker (HddsVolumeChecker.java:checkAllVolumes(202)) - Scheduled health check for volume org.apache.hadoop.ozone.container.common.volume.HddsVolume@17dd671f
2019-09-29 11:44:11,744 [main] INFO  impl.RaftServerProxy (ConfUtils.java:logGet(43)) - raft.rpc.type = GRPC (default)
2019-09-29 11:44:11,745 [main] INFO  grpc.GrpcFactory (GrpcFactory.java:checkPooledByteBufAllocatorUseCacheForAllThreads(45)) - PERFORMANCE WARNING: useCacheForAllThreads is true that may cause Netty to create a lot garbage objects and, as a result, trigger GC.
	It is recommended to disable useCacheForAllThreads by setting -Dorg.apache.ratis.thirdparty.io.netty.allocator.useCacheForAllThreads=false in command line.
2019-09-29 11:44:11,745 [main] INFO  grpc.GrpcConfigKeys$Server (ConfUtils.java:logGet(43)) - raft.grpc.server.port = 0 (default)
2019-09-29 11:44:11,745 [main] INFO  server.GrpcService (ConfUtils.java:logGet(43)) - raft.grpc.message.size.max = 33570816 (custom)
2019-09-29 11:44:11,745 [main] INFO  server.RaftServerConfigKeys (ConfUtils.java:logGet(43)) - raft.server.log.appender.buffer.byte-limit = 33554432 (custom)
2019-09-29 11:44:11,745 [main] INFO  server.GrpcService (ConfUtils.java:logGet(43)) - raft.grpc.flow.control.window = 1MB (=1048576) (default)
2019-09-29 11:44:11,746 [main] INFO  server.RaftServerConfigKeys (ConfUtils.java:logGet(43)) - raft.server.rpc.request.timeout = 3000ms (default)
2019-09-29 11:44:11,746 [main] INFO  server.RaftServerConfigKeys (ConfUtils.java:logGet(43)) - raft.server.storage.dir = [/workdir/hadoop-ozone/integration-test/target/test-dir/MiniOzoneClusterImpl-b053464a-6ba9-4d5b-990c-93e7f610e587/datanode-2/data/ratis] (custom)
2019-09-29 11:44:11,747 [main] INFO  hdfs.DFSUtil (DFSUtil.java:httpServerTemplateForNNAndJN(1641)) - Starting Web-server for hddsDatanode at: http://0.0.0.0:0
2019-09-29 11:44:11,748 [main] INFO  server.AuthenticationFilter (AuthenticationFilter.java:constructSecretProvider(240)) - Unable to initialize FileSignerSecretProvider, falling back to use random secrets.
2019-09-29 11:44:11,749 [main] WARN  http.HttpRequestLog (HttpRequestLog.java:getRequestLog(97)) - Jetty request log can only be enabled using Log4j
2019-09-29 11:44:11,750 [main] INFO  http.HttpServer2 (HttpServer2.java:addGlobalFilter(975)) - Added global filter 'safety' (class=org.apache.hadoop.http.HttpServer2$QuotingInputFilter)
2019-09-29 11:44:11,750 [main] INFO  http.HttpServer2 (HttpServer2.java:addFilter(948)) - Added filter static_user_filter (class=org.apache.hadoop.http.lib.StaticUserWebFilter$StaticUserFilter) to context hddsDatanode
2019-09-29 11:44:11,751 [main] INFO  http.HttpServer2 (HttpServer2.java:addFilter(958)) - Added filter static_user_filter (class=org.apache.hadoop.http.lib.StaticUserWebFilter$StaticUserFilter) to context logs
2019-09-29 11:44:11,751 [main] INFO  http.HttpServer2 (HttpServer2.java:addFilter(958)) - Added filter static_user_filter (class=org.apache.hadoop.http.lib.StaticUserWebFilter$StaticUserFilter) to context static
2019-09-29 11:44:11,751 [main] INFO  http.HttpServer2 (HttpServer2.java:bindListener(1191)) - Jetty bound to port 34207
2019-09-29 11:44:11,752 [main] INFO  server.Server (Server.java:doStart(351)) - jetty-9.3.25.v20180904, build timestamp: 2018-09-04T21:11:46Z, git hash: 3ce520221d0240229c862b122d2b06c12a625732
2019-09-29 11:44:11,898 [main] INFO  handler.ContextHandler (ContextHandler.java:doStart(781)) - Started o.e.j.s.ServletContextHandler@2d4608a6{/logs,file:///workdir/hadoop-ozone/integration-test/target/log,AVAILABLE}
2019-09-29 11:44:11,899 [main] INFO  handler.ContextHandler (ContextHandler.java:doStart(781)) - Started o.e.j.s.ServletContextHandler@2a8a4e0c{/static,jar:file:/home/user/.m2/repository/org/apache/hadoop/hadoop-hdds-container-service/0.5.0-SNAPSHOT/hadoop-hdds-container-service-0.5.0-SNAPSHOT.jar!/webapps/static,AVAILABLE}
2019-09-29 11:44:11,954 [main] INFO  handler.ContextHandler (ContextHandler.java:doStart(781)) - Started o.e.j.w.WebAppContext@f5b6e78{/,file:///tmp/jetty-0.0.0.0-34207-hddsDatanode-_-any-1229113142357866018.dir/webapp/,AVAILABLE}{/hddsDatanode}
2019-09-29 11:44:11,955 [main] INFO  server.AbstractConnector (AbstractConnector.java:doStart(278)) - Started ServerConnector@4b4eced1{HTTP/1.1,[http/1.1]}{0.0.0.0:34207}
2019-09-29 11:44:11,955 [main] INFO  server.Server (Server.java:doStart(419)) - Started @23073ms
2019-09-29 11:44:11,956 [main] WARN  impl.MetricsSystemImpl (MetricsSystemImpl.java:register(276)) - Sink prometheus already exists!
2019-09-29 11:44:11,956 [main] INFO  server.BaseHttpServer (BaseHttpServer.java:updateConnectorAddress(215)) - HTTP server of HDDSDATANODE is listening at http://0.0.0.0:34207
2019-09-29 11:44:11,957 [main] INFO  ozone.MiniOzoneClusterImpl (MiniOzoneClusterImpl.java:lambda$waitForClusterToBeReady$0(147)) - Waiting for cluster to be ready. Got 0 of 3 DN Heartbeats.
2019-09-29 11:44:11,959 [org.apache.hadoop.util.JvmPauseMonitor$Monitor@5b6d264f] INFO  util.JvmPauseMonitor (JvmPauseMonitor.java:run(188)) - Starting JVM pause monitor
2019-09-29 11:44:11,963 [Datanode State Machine Thread - 0] INFO  datanode.InitDatanodeState (InitDatanodeState.java:persistContainerDatanodeDetails(140)) - DatanodeDetails is persisted to /workdir/hadoop-ozone/integration-test/target/test-dir/MiniOzoneClusterImpl-b053464a-6ba9-4d5b-990c-93e7f610e587/datanode-2/meta/datanode.id
2019-09-29 11:44:12,957 [main] INFO  ozone.MiniOzoneClusterImpl (MiniOzoneClusterImpl.java:lambda$waitForClusterToBeReady$0(147)) - Waiting for cluster to be ready. Got 0 of 3 DN Heartbeats.
2019-09-29 11:44:13,687 [Datanode State Machine Thread - 0] INFO  ozoneimpl.OzoneContainer (OzoneContainer.java:start(217)) - Attempting to start container services.
2019-09-29 11:44:13,687 [Datanode State Machine Thread - 0] INFO  ozoneimpl.OzoneContainer (OzoneContainer.java:startContainerScrub(179)) - Background container scanner has been disabled.
2019-09-29 11:44:13,687 [Datanode State Machine Thread - 0] INFO  ratis.XceiverServerRatis (XceiverServerRatis.java:start(411)) - Starting XceiverServerRatis 0e6a41e5-20ff-4149-94ab-fd732a1cc964 at port 0
2019-09-29 11:44:13,696 [Datanode State Machine Thread - 0] INFO  impl.RaftServerProxy (RaftServerProxy.java:lambda$start$3(299)) - 0e6a41e5-20ff-4149-94ab-fd732a1cc964: start RPC server
2019-09-29 11:44:13,699 [Datanode State Machine Thread - 0] INFO  server.GrpcService (GrpcService.java:startImpl(158)) - 0e6a41e5-20ff-4149-94ab-fd732a1cc964: GrpcService started, listening on 0.0.0.0/0.0.0.0:39877
2019-09-29 11:44:13,699 [Datanode State Machine Thread - 0] INFO  ratis.XceiverServerRatis (XceiverServerRatis.java:start(421)) - XceiverServerRatis 0e6a41e5-20ff-4149-94ab-fd732a1cc964 is started using port 39877
2019-09-29 11:44:13,700 [Datanode State Machine Thread - 0] INFO  server.XceiverServerGrpc (XceiverServerGrpc.java:start(149)) - XceiverServerGrpc 0e6a41e5-20ff-4149-94ab-fd732a1cc964 is started using port 41941
2019-09-29 11:44:13,749 [Datanode State Machine Thread - 0] INFO  ozoneimpl.OzoneContainer (OzoneContainer.java:start(217)) - Attempting to start container services.
2019-09-29 11:44:13,749 [Datanode State Machine Thread - 0] INFO  ozoneimpl.OzoneContainer (OzoneContainer.java:startContainerScrub(179)) - Background container scanner has been disabled.
2019-09-29 11:44:13,749 [Datanode State Machine Thread - 0] INFO  ratis.XceiverServerRatis (XceiverServerRatis.java:start(411)) - Starting XceiverServerRatis 80fc131e-7449-4337-bbfe-0af46756e553 at port 0
2019-09-29 11:44:13,754 [Datanode State Machine Thread - 0] INFO  impl.RaftServerProxy (RaftServerProxy.java:lambda$start$3(299)) - 80fc131e-7449-4337-bbfe-0af46756e553: start RPC server
2019-09-29 11:44:13,755 [Datanode State Machine Thread - 0] INFO  server.GrpcService (GrpcService.java:startImpl(158)) - 80fc131e-7449-4337-bbfe-0af46756e553: GrpcService started, listening on 0.0.0.0/0.0.0.0:42357
2019-09-29 11:44:13,755 [Datanode State Machine Thread - 0] INFO  ratis.XceiverServerRatis (XceiverServerRatis.java:start(421)) - XceiverServerRatis 80fc131e-7449-4337-bbfe-0af46756e553 is started using port 42357
2019-09-29 11:44:13,756 [Datanode State Machine Thread - 0] INFO  server.XceiverServerGrpc (XceiverServerGrpc.java:start(149)) - XceiverServerGrpc 80fc131e-7449-4337-bbfe-0af46756e553 is started using port 36207
2019-09-29 11:44:13,957 [main] INFO  ozone.MiniOzoneClusterImpl (MiniOzoneClusterImpl.java:lambda$waitForClusterToBeReady$0(147)) - Waiting for cluster to be ready. Got 0 of 3 DN Heartbeats.
2019-09-29 11:44:13,988 [Datanode State Machine Thread - 0] INFO  ozoneimpl.OzoneContainer (OzoneContainer.java:start(217)) - Attempting to start container services.
2019-09-29 11:44:13,991 [Datanode State Machine Thread - 0] INFO  ozoneimpl.OzoneContainer (OzoneContainer.java:startContainerScrub(179)) - Background container scanner has been disabled.
2019-09-29 11:44:13,991 [Datanode State Machine Thread - 0] INFO  ratis.XceiverServerRatis (XceiverServerRatis.java:start(411)) - Starting XceiverServerRatis 6041ccb3-4e57-4349-bebe-d2cf5d4f01d1 at port 0
2019-09-29 11:44:13,997 [Datanode State Machine Thread - 0] INFO  impl.RaftServerProxy (RaftServerProxy.java:lambda$start$3(299)) - 6041ccb3-4e57-4349-bebe-d2cf5d4f01d1: start RPC server
2019-09-29 11:44:13,998 [Datanode State Machine Thread - 0] INFO  server.GrpcService (GrpcService.java:startImpl(158)) - 6041ccb3-4e57-4349-bebe-d2cf5d4f01d1: GrpcService started, listening on 0.0.0.0/0.0.0.0:40679
2019-09-29 11:44:13,998 [Datanode State Machine Thread - 0] INFO  ratis.XceiverServerRatis (XceiverServerRatis.java:start(421)) - XceiverServerRatis 6041ccb3-4e57-4349-bebe-d2cf5d4f01d1 is started using port 40679
2019-09-29 11:44:13,999 [Datanode State Machine Thread - 0] INFO  server.XceiverServerGrpc (XceiverServerGrpc.java:start(149)) - XceiverServerGrpc 6041ccb3-4e57-4349-bebe-d2cf5d4f01d1 is started using port 46565
2019-09-29 11:44:14,958 [main] INFO  ozone.MiniOzoneClusterImpl (MiniOzoneClusterImpl.java:lambda$waitForClusterToBeReady$0(147)) - Waiting for cluster to be ready. Got 0 of 3 DN Heartbeats.
2019-09-29 11:44:15,661 [IPC Server handler 2 on 42197] INFO  net.NetworkTopology (NetworkTopologyImpl.java:add(111)) - Added a new node: /default-rack/0e6a41e5-20ff-4149-94ab-fd732a1cc964
2019-09-29 11:44:15,663 [IPC Server handler 2 on 42197] INFO  node.SCMNodeManager (SCMNodeManager.java:register(266)) - Registered Data node : 0e6a41e5-20ff-4149-94ab-fd732a1cc964{ip: 192.168.30.19, host: pr-hdds-1569-lsfh5-224679870, networkLocation: /default-rack, certSerialId: null}
2019-09-29 11:44:15,664 [EventQueue-NodeRegistrationContainerReportForDataNodeSafeModeRule] INFO  safemode.SCMSafeModeManager (DataNodeSafeModeRule.java:process(71)) - SCM in safe mode. 1 DataNodes registered, 1 required.
2019-09-29 11:44:15,666 [EventQueue-NodeRegistrationContainerReportForContainerSafeModeRule] INFO  safemode.SCMSafeModeManager (SCMSafeModeManager.java:validateSafeModeExitRules(177)) - ScmSafeModeManager, all rules are successfully validated
2019-09-29 11:44:15,666 [EventQueue-NodeRegistrationContainerReportForContainerSafeModeRule] INFO  safemode.SCMSafeModeManager (SCMSafeModeManager.java:exitSafeMode(193)) - SCM exiting safe mode.
2019-09-29 11:44:15,701 [grpc-default-executor-0] INFO  impl.RaftServerProxy (RaftServerProxy.java:addNew(89)) - 0e6a41e5-20ff-4149-94ab-fd732a1cc964: addNew group-928B82A8D3B2:[0e6a41e5-20ff-4149-94ab-fd732a1cc964:192.168.30.19:39877] returns group-928B82A8D3B2:java.util.concurrent.CompletableFuture@664bd74e[Not completed]
2019-09-29 11:44:15,706 [pool-77-thread-1] INFO  impl.RaftServerImpl (RaftServerImpl.java:<init>(95)) - 0e6a41e5-20ff-4149-94ab-fd732a1cc964: new RaftServerImpl for group-928B82A8D3B2:[0e6a41e5-20ff-4149-94ab-fd732a1cc964:192.168.30.19:39877] with ContainerStateMachine:uninitialized
2019-09-29 11:44:15,707 [pool-77-thread-1] INFO  server.RaftServerConfigKeys (ConfUtils.java:logGet(43)) - raft.server.rpc.timeout.min = 5s (custom)
2019-09-29 11:44:15,707 [pool-77-thread-1] INFO  server.RaftServerConfigKeys (ConfUtils.java:logGet(43)) - raft.server.rpc.timeout.max = 5200ms (custom)
2019-09-29 11:44:15,707 [pool-77-thread-1] INFO  server.RaftServerConfigKeys (ConfUtils.java:logGet(43)) - raft.server.rpcslowness.timeout = 120s (custom)
2019-09-29 11:44:15,707 [pool-77-thread-1] INFO  server.RaftServerConfigKeys (ConfUtils.java:logGet(43)) - raft.server.sleep.deviation.threshold = 300 (default)
2019-09-29 11:44:15,707 [pool-77-thread-1] INFO  server.RaftServerConfigKeys (ConfUtils.java:logGet(43)) - raft.server.log.appender.install.snapshot.enabled = false (custom)
2019-09-29 11:44:15,708 [pool-77-thread-1] INFO  impl.RaftServerImpl (ServerState.java:<init>(103)) - 0e6a41e5-20ff-4149-94ab-fd732a1cc964@group-928B82A8D3B2: ConfigurationManager, init=-1: [0e6a41e5-20ff-4149-94ab-fd732a1cc964:192.168.30.19:39877], old=null, confs=<EMPTY_MAP>
2019-09-29 11:44:15,708 [pool-77-thread-1] INFO  server.RaftServerConfigKeys (ConfUtils.java:logGet(43)) - raft.server.storage.dir = [/workdir/hadoop-ozone/integration-test/target/test-dir/MiniOzoneClusterImpl-b053464a-6ba9-4d5b-990c-93e7f610e587/datanode-0/data/ratis] (custom)
2019-09-29 11:44:15,709 [pool-77-thread-1] INFO  storage.RaftStorageDirectory (RaftStorageDirectory.java:analyzeStorage(246)) - The storage directory /workdir/hadoop-ozone/integration-test/target/test-dir/MiniOzoneClusterImpl-b053464a-6ba9-4d5b-990c-93e7f610e587/datanode-0/data/ratis/0112fbab-f803-48ad-a846-928b82a8d3b2 does not exist. Creating ...
2019-09-29 11:44:15,724 [IPC Server handler 0 on 42197] INFO  net.NetworkTopology (NetworkTopologyImpl.java:add(111)) - Added a new node: /default-rack/80fc131e-7449-4337-bbfe-0af46756e553
2019-09-29 11:44:15,725 [IPC Server handler 0 on 42197] INFO  node.SCMNodeManager (SCMNodeManager.java:register(266)) - Registered Data node : 80fc131e-7449-4337-bbfe-0af46756e553{ip: 192.168.30.19, host: pr-hdds-1569-lsfh5-224679870, networkLocation: /default-rack, certSerialId: null}
2019-09-29 11:44:15,734 [pool-77-thread-1] INFO  storage.RaftStorageDirectory (RaftStorageDirectory.java:tryLock(328)) - Lock on /workdir/hadoop-ozone/integration-test/target/test-dir/MiniOzoneClusterImpl-b053464a-6ba9-4d5b-990c-93e7f610e587/datanode-0/data/ratis/0112fbab-f803-48ad-a846-928b82a8d3b2/in_use.lock acquired by nodename 15611@pr-hdds-1569-lsfh5-224679870
2019-09-29 11:44:15,758 [pool-77-thread-1] INFO  storage.RaftStorage (RaftStorage.java:format(72)) - Storage directory /workdir/hadoop-ozone/integration-test/target/test-dir/MiniOzoneClusterImpl-b053464a-6ba9-4d5b-990c-93e7f610e587/datanode-0/data/ratis/0112fbab-f803-48ad-a846-928b82a8d3b2 has been successfully formatted.
2019-09-29 11:44:15,758 [pool-77-thread-1] INFO  ratis.ContainerStateMachine (ContainerStateMachine.java:loadSnapshot(230)) - group-928B82A8D3B2: The snapshot info is null. Setting the last applied indexto:(t:0, i:~)
2019-09-29 11:44:15,758 [pool-77-thread-1] INFO  server.RaftServerConfigKeys (ConfUtils.java:logGet(43)) - raft.server.notification.no-leader.timeout = 120s (custom)
2019-09-29 11:44:15,759 [pool-77-thread-1] INFO  server.RaftServerConfigKeys (ConfUtils.java:logGet(43)) - raft.server.log.use.memory = false (default)
2019-09-29 11:44:15,759 [pool-77-thread-1] INFO  server.RaftServerConfigKeys (ConfUtils.java:logGet(43)) - raft.server.log.purge.gap = 1000000 (custom)
2019-09-29 11:44:15,759 [pool-77-thread-1] INFO  server.RaftServerConfigKeys (ConfUtils.java:logGet(43)) - raft.server.log.appender.buffer.byte-limit = 33554432 (custom)
2019-09-29 11:44:15,760 [pool-77-thread-1] INFO  server.RaftServerConfigKeys (ConfUtils.java:logGet(43)) - raft.server.log.segment.size.max = 1048576 (custom)
2019-09-29 11:44:15,760 [pool-77-thread-1] INFO  server.RaftServerConfigKeys (ConfUtils.java:logGet(43)) - raft.server.log.segment.cache.num.max = 2 (custom)
2019-09-29 11:44:15,760 [pool-77-thread-1] INFO  segmented.SegmentedRaftLogWorker (SegmentedRaftLogWorker.java:<init>(172)) - new 0e6a41e5-20ff-4149-94ab-fd732a1cc964@group-928B82A8D3B2-SegmentedRaftLogWorker for RaftStorage:Storage Directory /workdir/hadoop-ozone/integration-test/target/test-dir/MiniOzoneClusterImpl-b053464a-6ba9-4d5b-990c-93e7f610e587/datanode-0/data/ratis/0112fbab-f803-48ad-a846-928b82a8d3b2
2019-09-29 11:44:15,764 [pool-77-thread-1] INFO  server.RaftServerConfigKeys (ConfUtils.java:logGet(43)) - raft.server.log.queue.byte-limit = 2147483647 (custom)
2019-09-29 11:44:15,764 [pool-77-thread-1] INFO  server.RaftServerConfigKeys (ConfUtils.java:logGet(43)) - raft.server.log.queue.element-limit = 1024 (custom)
2019-09-29 11:44:15,764 [pool-77-thread-1] INFO  server.RaftServerConfigKeys (ConfUtils.java:logGet(43)) - raft.server.log.segment.size.max = 1048576 (custom)
2019-09-29 11:44:15,765 [pool-77-thread-1] INFO  server.RaftServerConfigKeys (ConfUtils.java:logGet(43)) - raft.server.log.preallocated.size = 16384 (custom)
2019-09-29 11:44:15,765 [pool-77-thread-1] INFO  server.RaftServerConfigKeys (ConfUtils.java:logGet(43)) - raft.server.log.write.buffer.size = 33554432 (custom)
2019-09-29 11:44:15,765 [pool-77-thread-1] INFO  server.RaftServerConfigKeys (ConfUtils.java:logGet(43)) - raft.server.log.force.sync.num = 128 (default)
2019-09-29 11:44:15,765 [pool-77-thread-1] INFO  server.RaftServerConfigKeys (ConfUtils.java:logGet(43)) - raft.server.log.statemachine.data.sync = true (default)
2019-09-29 11:44:15,765 [pool-77-thread-1] INFO  server.RaftServerConfigKeys (ConfUtils.java:logGet(43)) - raft.server.log.statemachine.data.sync.timeout = 10s (default)
2019-09-29 11:44:15,766 [pool-77-thread-1] INFO  server.RaftServerConfigKeys (ConfUtils.java:logGet(43)) - raft.server.log.statemachine.data.sync.timeout.retry = -1 (default)
2019-09-29 11:44:15,766 [pool-77-thread-1] INFO  server.RaftServerConfigKeys (ConfUtils.java:logGet(43)) - raft.server.log.statemachine.data.caching.enabled = true (custom)
2019-09-29 11:44:15,767 [pool-77-thread-1] INFO  segmented.SegmentedRaftLogWorker (SegmentedRaftLogWorker.java:lambda$new$0(132)) - 0e6a41e5-20ff-4149-94ab-fd732a1cc964@group-928B82A8D3B2-SegmentedRaftLogWorker: flushIndex: setUnconditionally 0 -> -1
2019-09-29 11:44:15,767 [pool-77-thread-1] INFO  server.RaftServerConfigKeys (ConfUtils.java:logGet(43)) - raft.server.snapshot.auto.trigger.enabled = true (custom)
2019-09-29 11:44:15,768 [pool-77-thread-1] INFO  server.RaftServerConfigKeys (ConfUtils.java:logGet(43)) - raft.server.snapshot.auto.trigger.threshold = 10000 (custom)
2019-09-29 11:44:15,768 [pool-77-thread-1] INFO  server.RaftServerConfigKeys (ConfUtils.java:logGet(43)) - raft.server.snapshot.retention.num.files = 5 (custom)
2019-09-29 11:44:15,768 [pool-77-thread-1] INFO  server.RaftServerConfigKeys (ConfUtils.java:logGet(43)) - raft.server.retrycache.expirytime = 600000ms (custom)
2019-09-29 11:44:15,772 [pool-77-thread-1] INFO  impl.RaftServerImpl (RaftServerImpl.java:start(185)) - 0e6a41e5-20ff-4149-94ab-fd732a1cc964@group-928B82A8D3B2: start as a follower, conf=-1: [0e6a41e5-20ff-4149-94ab-fd732a1cc964:192.168.30.19:39877], old=null
2019-09-29 11:44:15,772 [pool-77-thread-1] INFO  impl.RaftServerImpl (RaftServerImpl.java:setRole(174)) - 0e6a41e5-20ff-4149-94ab-fd732a1cc964@group-928B82A8D3B2: changes role from      null to FOLLOWER at term 0 for startAsFollower
2019-09-29 11:44:15,772 [pool-77-thread-1] INFO  impl.RoleInfo (RoleInfo.java:updateAndGet(143)) - 0e6a41e5-20ff-4149-94ab-fd732a1cc964: start FollowerState
2019-09-29 11:44:15,774 [pool-77-thread-1] INFO  util.JmxRegister (JmxRegister.java:tryRegister(44)) - Successfully registered JMX Bean with object name Ratis:service=RaftServer,group=group-928B82A8D3B2,id=0e6a41e5-20ff-4149-94ab-fd732a1cc964
2019-09-29 11:44:15,788 [RatisPipelineUtilsThread] INFO  pipeline.PipelineStateManager (PipelineStateManager.java:addPipeline(56)) - Created pipeline Pipeline[ Id: 0112fbab-f803-48ad-a846-928b82a8d3b2, Nodes: 0e6a41e5-20ff-4149-94ab-fd732a1cc964{ip: 192.168.30.19, host: pr-hdds-1569-lsfh5-224679870, networkLocation: /default-rack, certSerialId: null}, Type:RATIS, Factor:ONE, State:OPEN]
2019-09-29 11:44:15,807 [grpc-default-executor-0] INFO  impl.RaftServerProxy (RaftServerProxy.java:addNew(89)) - 80fc131e-7449-4337-bbfe-0af46756e553: addNew group-86C2A47DAA8F:[80fc131e-7449-4337-bbfe-0af46756e553:192.168.30.19:42357] returns group-86C2A47DAA8F:java.util.concurrent.CompletableFuture@3ead693d[Not completed]
2019-09-29 11:44:15,811 [pool-87-thread-1] INFO  impl.RaftServerImpl (RaftServerImpl.java:<init>(95)) - 80fc131e-7449-4337-bbfe-0af46756e553: new RaftServerImpl for group-86C2A47DAA8F:[80fc131e-7449-4337-bbfe-0af46756e553:192.168.30.19:42357] with ContainerStateMachine:uninitialized
2019-09-29 11:44:15,812 [pool-87-thread-1] INFO  server.RaftServerConfigKeys (ConfUtils.java:logGet(43)) - raft.server.rpc.timeout.min = 5s (custom)
2019-09-29 11:44:15,812 [pool-87-thread-1] INFO  server.RaftServerConfigKeys (ConfUtils.java:logGet(43)) - raft.server.rpc.timeout.max = 5200ms (custom)
2019-09-29 11:44:15,812 [pool-87-thread-1] INFO  server.RaftServerConfigKeys (ConfUtils.java:logGet(43)) - raft.server.rpcslowness.timeout = 120s (custom)
2019-09-29 11:44:15,812 [pool-87-thread-1] INFO  server.RaftServerConfigKeys (ConfUtils.java:logGet(43)) - raft.server.sleep.deviation.threshold = 300 (default)
2019-09-29 11:44:15,812 [pool-87-thread-1] INFO  server.RaftServerConfigKeys (ConfUtils.java:logGet(43)) - raft.server.log.appender.install.snapshot.enabled = false (custom)
2019-09-29 11:44:15,813 [pool-87-thread-1] INFO  impl.RaftServerImpl (ServerState.java:<init>(103)) - 80fc131e-7449-4337-bbfe-0af46756e553@group-86C2A47DAA8F: ConfigurationManager, init=-1: [80fc131e-7449-4337-bbfe-0af46756e553:192.168.30.19:42357], old=null, confs=<EMPTY_MAP>
2019-09-29 11:44:15,813 [pool-87-thread-1] INFO  server.RaftServerConfigKeys (ConfUtils.java:logGet(43)) - raft.server.storage.dir = [/workdir/hadoop-ozone/integration-test/target/test-dir/MiniOzoneClusterImpl-b053464a-6ba9-4d5b-990c-93e7f610e587/datanode-1/data/ratis] (custom)
2019-09-29 11:44:15,813 [pool-87-thread-1] INFO  storage.RaftStorageDirectory (RaftStorageDirectory.java:analyzeStorage(246)) - The storage directory /workdir/hadoop-ozone/integration-test/target/test-dir/MiniOzoneClusterImpl-b053464a-6ba9-4d5b-990c-93e7f610e587/datanode-1/data/ratis/884c9608-1f4c-465a-a06a-86c2a47daa8f does not exist. Creating ...
2019-09-29 11:44:15,836 [pool-87-thread-1] INFO  storage.RaftStorageDirectory (RaftStorageDirectory.java:tryLock(328)) - Lock on /workdir/hadoop-ozone/integration-test/target/test-dir/MiniOzoneClusterImpl-b053464a-6ba9-4d5b-990c-93e7f610e587/datanode-1/data/ratis/884c9608-1f4c-465a-a06a-86c2a47daa8f/in_use.lock acquired by nodename 15611@pr-hdds-1569-lsfh5-224679870
2019-09-29 11:44:15,860 [pool-87-thread-1] INFO  storage.RaftStorage (RaftStorage.java:format(72)) - Storage directory /workdir/hadoop-ozone/integration-test/target/test-dir/MiniOzoneClusterImpl-b053464a-6ba9-4d5b-990c-93e7f610e587/datanode-1/data/ratis/884c9608-1f4c-465a-a06a-86c2a47daa8f has been successfully formatted.
2019-09-29 11:44:15,860 [pool-87-thread-1] INFO  ratis.ContainerStateMachine (ContainerStateMachine.java:loadSnapshot(230)) - group-86C2A47DAA8F: The snapshot info is null. Setting the last applied indexto:(t:0, i:~)
2019-09-29 11:44:15,860 [pool-87-thread-1] INFO  server.RaftServerConfigKeys (ConfUtils.java:logGet(43)) - raft.server.notification.no-leader.timeout = 120s (custom)
2019-09-29 11:44:15,860 [pool-87-thread-1] INFO  server.RaftServerConfigKeys (ConfUtils.java:logGet(43)) - raft.server.log.use.memory = false (default)
2019-09-29 11:44:15,861 [pool-87-thread-1] INFO  server.RaftServerConfigKeys (ConfUtils.java:logGet(43)) - raft.server.log.purge.gap = 1000000 (custom)
2019-09-29 11:44:15,861 [pool-87-thread-1] INFO  server.RaftServerConfigKeys (ConfUtils.java:logGet(43)) - raft.server.log.appender.buffer.byte-limit = 33554432 (custom)
2019-09-29 11:44:15,861 [pool-87-thread-1] INFO  server.RaftServerConfigKeys (ConfUtils.java:logGet(43)) - raft.server.log.segment.size.max = 1048576 (custom)
2019-09-29 11:44:15,861 [pool-87-thread-1] INFO  server.RaftServerConfigKeys (ConfUtils.java:logGet(43)) - raft.server.log.segment.cache.num.max = 2 (custom)
2019-09-29 11:44:15,861 [pool-87-thread-1] INFO  segmented.SegmentedRaftLogWorker (SegmentedRaftLogWorker.java:<init>(172)) - new 80fc131e-7449-4337-bbfe-0af46756e553@group-86C2A47DAA8F-SegmentedRaftLogWorker for RaftStorage:Storage Directory /workdir/hadoop-ozone/integration-test/target/test-dir/MiniOzoneClusterImpl-b053464a-6ba9-4d5b-990c-93e7f610e587/datanode-1/data/ratis/884c9608-1f4c-465a-a06a-86c2a47daa8f
2019-09-29 11:44:15,864 [pool-87-thread-1] INFO  server.RaftServerConfigKeys (ConfUtils.java:logGet(43)) - raft.server.log.queue.byte-limit = 2147483647 (custom)
2019-09-29 11:44:15,865 [pool-87-thread-1] INFO  server.RaftServerConfigKeys (ConfUtils.java:logGet(43)) - raft.server.log.queue.element-limit = 1024 (custom)
2019-09-29 11:44:15,865 [pool-87-thread-1] INFO  server.RaftServerConfigKeys (ConfUtils.java:logGet(43)) - raft.server.log.segment.size.max = 1048576 (custom)
2019-09-29 11:44:15,865 [pool-87-thread-1] INFO  server.RaftServerConfigKeys (ConfUtils.java:logGet(43)) - raft.server.log.preallocated.size = 16384 (custom)
2019-09-29 11:44:15,865 [pool-87-thread-1] INFO  server.RaftServerConfigKeys (ConfUtils.java:logGet(43)) - raft.server.log.write.buffer.size = 33554432 (custom)
2019-09-29 11:44:15,866 [pool-87-thread-1] INFO  server.RaftServerConfigKeys (ConfUtils.java:logGet(43)) - raft.server.log.force.sync.num = 128 (default)
2019-09-29 11:44:15,866 [pool-87-thread-1] INFO  server.RaftServerConfigKeys (ConfUtils.java:logGet(43)) - raft.server.log.statemachine.data.sync = true (default)
2019-09-29 11:44:15,866 [pool-87-thread-1] INFO  server.RaftServerConfigKeys (ConfUtils.java:logGet(43)) - raft.server.log.statemachine.data.sync.timeout = 10s (default)
2019-09-29 11:44:15,866 [pool-87-thread-1] INFO  server.RaftServerConfigKeys (ConfUtils.java:logGet(43)) - raft.server.log.statemachine.data.sync.timeout.retry = -1 (default)
2019-09-29 11:44:15,867 [pool-87-thread-1] INFO  server.RaftServerConfigKeys (ConfUtils.java:logGet(43)) - raft.server.log.statemachine.data.caching.enabled = true (custom)
2019-09-29 11:44:15,867 [pool-87-thread-1] INFO  segmented.SegmentedRaftLogWorker (SegmentedRaftLogWorker.java:lambda$new$0(132)) - 80fc131e-7449-4337-bbfe-0af46756e553@group-86C2A47DAA8F-SegmentedRaftLogWorker: flushIndex: setUnconditionally 0 -> -1
2019-09-29 11:44:15,867 [pool-87-thread-1] INFO  server.RaftServerConfigKeys (ConfUtils.java:logGet(43)) - raft.server.snapshot.auto.trigger.enabled = true (custom)
2019-09-29 11:44:15,868 [pool-87-thread-1] INFO  server.RaftServerConfigKeys (ConfUtils.java:logGet(43)) - raft.server.snapshot.auto.trigger.threshold = 10000 (custom)
2019-09-29 11:44:15,868 [pool-87-thread-1] INFO  server.RaftServerConfigKeys (ConfUtils.java:logGet(43)) - raft.server.snapshot.retention.num.files = 5 (custom)
2019-09-29 11:44:15,868 [pool-87-thread-1] INFO  server.RaftServerConfigKeys (ConfUtils.java:logGet(43)) - raft.server.retrycache.expirytime = 600000ms (custom)
2019-09-29 11:44:15,871 [pool-87-thread-1] INFO  impl.RaftServerImpl (RaftServerImpl.java:start(185)) - 80fc131e-7449-4337-bbfe-0af46756e553@group-86C2A47DAA8F: start as a follower, conf=-1: [80fc131e-7449-4337-bbfe-0af46756e553:192.168.30.19:42357], old=null
2019-09-29 11:44:15,871 [pool-87-thread-1] INFO  impl.RaftServerImpl (RaftServerImpl.java:setRole(174)) - 80fc131e-7449-4337-bbfe-0af46756e553@group-86C2A47DAA8F: changes role from      null to FOLLOWER at term 0 for startAsFollower
2019-09-29 11:44:15,872 [pool-87-thread-1] INFO  impl.RoleInfo (RoleInfo.java:updateAndGet(143)) - 80fc131e-7449-4337-bbfe-0af46756e553: start FollowerState
2019-09-29 11:44:15,872 [pool-87-thread-1] INFO  util.JmxRegister (JmxRegister.java:tryRegister(44)) - Successfully registered JMX Bean with object name Ratis:service=RaftServer,group=group-86C2A47DAA8F,id=80fc131e-7449-4337-bbfe-0af46756e553
2019-09-29 11:44:15,878 [RatisPipelineUtilsThread] INFO  pipeline.PipelineStateManager (PipelineStateManager.java:addPipeline(56)) - Created pipeline Pipeline[ Id: 884c9608-1f4c-465a-a06a-86c2a47daa8f, Nodes: 80fc131e-7449-4337-bbfe-0af46756e553{ip: 192.168.30.19, host: pr-hdds-1569-lsfh5-224679870, networkLocation: /default-rack, certSerialId: null}, Type:RATIS, Factor:ONE, State:OPEN]
2019-09-29 11:44:15,878 [RatisPipelineUtilsThread] ERROR pipeline.SCMPipelineManager (SCMPipelineManager.java:createPipeline(188)) - Pipeline creation failed.
org.apache.hadoop.hdds.scm.exceptions.SCMException: Cannot create pipeline of factor 1 using 0 nodes.
	at org.apache.hadoop.hdds.scm.pipeline.RatisPipelineProvider.pickNodesNeverUsed(RatisPipelineProvider.java:113)
	at org.apache.hadoop.hdds.scm.pipeline.RatisPipelineProvider.create(RatisPipelineProvider.java:125)
	at org.apache.hadoop.hdds.scm.pipeline.PipelineFactory.create(PipelineFactory.java:58)
	at org.apache.hadoop.hdds.scm.pipeline.SCMPipelineManager.createPipeline(SCMPipelineManager.java:179)
	at org.apache.hadoop.hdds.scm.pipeline.BackgroundPipelineCreator.createPipelines(BackgroundPipelineCreator.java:100)
	at java.util.concurrent.Executors$RunnableAdapter.call(Executors.java:511)
	at java.util.concurrent.FutureTask.run(FutureTask.java:266)
	at java.util.concurrent.ScheduledThreadPoolExecutor$ScheduledFutureTask.access$201(ScheduledThreadPoolExecutor.java:180)
	at java.util.concurrent.ScheduledThreadPoolExecutor$ScheduledFutureTask.run(ScheduledThreadPoolExecutor.java:293)
	at java.util.concurrent.ThreadPoolExecutor.runWorker(ThreadPoolExecutor.java:1149)
	at java.util.concurrent.ThreadPoolExecutor$Worker.run(ThreadPoolExecutor.java:624)
	at java.lang.Thread.run(Thread.java:748)
2019-09-29 11:44:15,879 [RatisPipelineUtilsThread] ERROR pipeline.PipelinePlacementPolicy (PipelinePlacementPolicy.java:filterViableNodes(143)) - Not enough healthy nodes to allocate pipeline. 3  datanodes required. Found 2
2019-09-29 11:44:15,880 [RatisPipelineUtilsThread] ERROR pipeline.SCMPipelineManager (SCMPipelineManager.java:createPipeline(188)) - Pipeline creation failed.
org.apache.hadoop.hdds.scm.exceptions.SCMException: Not enough healthy nodes to allocate pipeline. 3  datanodes required. Found 2
	at org.apache.hadoop.hdds.scm.pipeline.PipelinePlacementPolicy.filterViableNodes(PipelinePlacementPolicy.java:144)
	at org.apache.hadoop.hdds.scm.pipeline.PipelinePlacementPolicy.chooseDatanodes(PipelinePlacementPolicy.java:185)
	at org.apache.hadoop.hdds.scm.pipeline.RatisPipelineProvider.create(RatisPipelineProvider.java:128)
	at org.apache.hadoop.hdds.scm.pipeline.PipelineFactory.create(PipelineFactory.java:58)
	at org.apache.hadoop.hdds.scm.pipeline.SCMPipelineManager.createPipeline(SCMPipelineManager.java:179)
	at org.apache.hadoop.hdds.scm.pipeline.BackgroundPipelineCreator.createPipelines(BackgroundPipelineCreator.java:100)
	at java.util.concurrent.Executors$RunnableAdapter.call(Executors.java:511)
	at java.util.concurrent.FutureTask.run(FutureTask.java:266)
	at java.util.concurrent.ScheduledThreadPoolExecutor$ScheduledFutureTask.access$201(ScheduledThreadPoolExecutor.java:180)
	at java.util.concurrent.ScheduledThreadPoolExecutor$ScheduledFutureTask.run(ScheduledThreadPoolExecutor.java:293)
	at java.util.concurrent.ThreadPoolExecutor.runWorker(ThreadPoolExecutor.java:1149)
	at java.util.concurrent.ThreadPoolExecutor$Worker.run(ThreadPoolExecutor.java:624)
	at java.lang.Thread.run(Thread.java:748)
2019-09-29 11:44:15,880 [RatisPipelineUtilsThread] ERROR pipeline.SCMPipelineManager (SCMPipelineManager.java:createPipeline(188)) - Pipeline creation failed.
org.apache.hadoop.hdds.scm.exceptions.SCMException: Cannot create pipeline of factor 1 using 0 nodes.
	at org.apache.hadoop.hdds.scm.pipeline.RatisPipelineProvider.pickNodesNeverUsed(RatisPipelineProvider.java:113)
	at org.apache.hadoop.hdds.scm.pipeline.RatisPipelineProvider.create(RatisPipelineProvider.java:125)
	at org.apache.hadoop.hdds.scm.pipeline.PipelineFactory.create(PipelineFactory.java:58)
	at org.apache.hadoop.hdds.scm.pipeline.SCMPipelineManager.createPipeline(SCMPipelineManager.java:179)
	at org.apache.hadoop.hdds.scm.pipeline.BackgroundPipelineCreator.createPipelines(BackgroundPipelineCreator.java:100)
	at org.apache.hadoop.hdds.scm.pipeline.BackgroundPipelineCreator.lambda$startFixedIntervalPipelineCreator$0(BackgroundPipelineCreator.java:70)
	at java.util.concurrent.Executors$RunnableAdapter.call(Executors.java:511)
	at java.util.concurrent.FutureTask.runAndReset(FutureTask.java:308)
	at java.util.concurrent.ScheduledThreadPoolExecutor$ScheduledFutureTask.access$301(ScheduledThreadPoolExecutor.java:180)
	at java.util.concurrent.ScheduledThreadPoolExecutor$ScheduledFutureTask.run(ScheduledThreadPoolExecutor.java:294)
	at java.util.concurrent.ThreadPoolExecutor.runWorker(ThreadPoolExecutor.java:1149)
	at java.util.concurrent.ThreadPoolExecutor$Worker.run(ThreadPoolExecutor.java:624)
	at java.lang.Thread.run(Thread.java:748)
2019-09-29 11:44:15,881 [RatisPipelineUtilsThread] ERROR pipeline.PipelinePlacementPolicy (PipelinePlacementPolicy.java:filterViableNodes(143)) - Not enough healthy nodes to allocate pipeline. 3  datanodes required. Found 2
2019-09-29 11:44:15,881 [RatisPipelineUtilsThread] ERROR pipeline.SCMPipelineManager (SCMPipelineManager.java:createPipeline(188)) - Pipeline creation failed.
org.apache.hadoop.hdds.scm.exceptions.SCMException: Not enough healthy nodes to allocate pipeline. 3  datanodes required. Found 2
	at org.apache.hadoop.hdds.scm.pipeline.PipelinePlacementPolicy.filterViableNodes(PipelinePlacementPolicy.java:144)
	at org.apache.hadoop.hdds.scm.pipeline.PipelinePlacementPolicy.chooseDatanodes(PipelinePlacementPolicy.java:185)
	at org.apache.hadoop.hdds.scm.pipeline.RatisPipelineProvider.create(RatisPipelineProvider.java:128)
	at org.apache.hadoop.hdds.scm.pipeline.PipelineFactory.create(PipelineFactory.java:58)
	at org.apache.hadoop.hdds.scm.pipeline.SCMPipelineManager.createPipeline(SCMPipelineManager.java:179)
	at org.apache.hadoop.hdds.scm.pipeline.BackgroundPipelineCreator.createPipelines(BackgroundPipelineCreator.java:100)
	at org.apache.hadoop.hdds.scm.pipeline.BackgroundPipelineCreator.lambda$startFixedIntervalPipelineCreator$0(BackgroundPipelineCreator.java:70)
	at java.util.concurrent.Executors$RunnableAdapter.call(Executors.java:511)
	at java.util.concurrent.FutureTask.runAndReset(FutureTask.java:308)
	at java.util.concurrent.ScheduledThreadPoolExecutor$ScheduledFutureTask.access$301(ScheduledThreadPoolExecutor.java:180)
	at java.util.concurrent.ScheduledThreadPoolExecutor$ScheduledFutureTask.run(ScheduledThreadPoolExecutor.java:294)
	at java.util.concurrent.ThreadPoolExecutor.runWorker(ThreadPoolExecutor.java:1149)
	at java.util.concurrent.ThreadPoolExecutor$Worker.run(ThreadPoolExecutor.java:624)
	at java.lang.Thread.run(Thread.java:748)
2019-09-29 11:44:15,959 [main] INFO  ozone.MiniOzoneClusterImpl (MiniOzoneClusterImpl.java:lambda$waitForClusterToBeReady$0(147)) - Waiting for cluster to be ready. Got 2 of 3 DN Heartbeats.
2019-09-29 11:44:15,962 [IPC Server handler 1 on 42197] INFO  net.NetworkTopology (NetworkTopologyImpl.java:add(111)) - Added a new node: /default-rack/6041ccb3-4e57-4349-bebe-d2cf5d4f01d1
2019-09-29 11:44:15,962 [IPC Server handler 1 on 42197] INFO  node.SCMNodeManager (SCMNodeManager.java:register(266)) - Registered Data node : 6041ccb3-4e57-4349-bebe-d2cf5d4f01d1{ip: 192.168.30.19, host: pr-hdds-1569-lsfh5-224679870, networkLocation: /default-rack, certSerialId: null}
2019-09-29 11:44:15,973 [grpc-default-executor-0] INFO  impl.RaftServerProxy (RaftServerProxy.java:addNew(89)) - 6041ccb3-4e57-4349-bebe-d2cf5d4f01d1: addNew group-7E9153B79F34:[6041ccb3-4e57-4349-bebe-d2cf5d4f01d1:192.168.30.19:40679] returns group-7E9153B79F34:java.util.concurrent.CompletableFuture@7098a9ff[Not completed]
2019-09-29 11:44:15,976 [pool-97-thread-1] INFO  impl.RaftServerImpl (RaftServerImpl.java:<init>(95)) - 6041ccb3-4e57-4349-bebe-d2cf5d4f01d1: new RaftServerImpl for group-7E9153B79F34:[6041ccb3-4e57-4349-bebe-d2cf5d4f01d1:192.168.30.19:40679] with ContainerStateMachine:uninitialized
2019-09-29 11:44:15,977 [pool-97-thread-1] INFO  server.RaftServerConfigKeys (ConfUtils.java:logGet(43)) - raft.server.rpc.timeout.min = 5s (custom)
2019-09-29 11:44:15,977 [pool-97-thread-1] INFO  server.RaftServerConfigKeys (ConfUtils.java:logGet(43)) - raft.server.rpc.timeout.max = 5200ms (custom)
2019-09-29 11:44:15,978 [pool-97-thread-1] INFO  server.RaftServerConfigKeys (ConfUtils.java:logGet(43)) - raft.server.rpcslowness.timeout = 120s (custom)
2019-09-29 11:44:15,978 [pool-97-thread-1] INFO  server.RaftServerConfigKeys (ConfUtils.java:logGet(43)) - raft.server.sleep.deviation.threshold = 300 (default)
2019-09-29 11:44:15,978 [pool-97-thread-1] INFO  server.RaftServerConfigKeys (ConfUtils.java:logGet(43)) - raft.server.log.appender.install.snapshot.enabled = false (custom)
2019-09-29 11:44:15,978 [pool-97-thread-1] INFO  impl.RaftServerImpl (ServerState.java:<init>(103)) - 6041ccb3-4e57-4349-bebe-d2cf5d4f01d1@group-7E9153B79F34: ConfigurationManager, init=-1: [6041ccb3-4e57-4349-bebe-d2cf5d4f01d1:192.168.30.19:40679], old=null, confs=<EMPTY_MAP>
2019-09-29 11:44:15,978 [pool-97-thread-1] INFO  server.RaftServerConfigKeys (ConfUtils.java:logGet(43)) - raft.server.storage.dir = [/workdir/hadoop-ozone/integration-test/target/test-dir/MiniOzoneClusterImpl-b053464a-6ba9-4d5b-990c-93e7f610e587/datanode-2/data/ratis] (custom)
2019-09-29 11:44:15,979 [pool-97-thread-1] INFO  storage.RaftStorageDirectory (RaftStorageDirectory.java:analyzeStorage(246)) - The storage directory /workdir/hadoop-ozone/integration-test/target/test-dir/MiniOzoneClusterImpl-b053464a-6ba9-4d5b-990c-93e7f610e587/datanode-2/data/ratis/56ad9e25-9acd-4d5d-ad86-7e9153b79f34 does not exist. Creating ...
2019-09-29 11:44:16,020 [pool-97-thread-1] INFO  storage.RaftStorageDirectory (RaftStorageDirectory.java:tryLock(328)) - Lock on /workdir/hadoop-ozone/integration-test/target/test-dir/MiniOzoneClusterImpl-b053464a-6ba9-4d5b-990c-93e7f610e587/datanode-2/data/ratis/56ad9e25-9acd-4d5d-ad86-7e9153b79f34/in_use.lock acquired by nodename 15611@pr-hdds-1569-lsfh5-224679870
2019-09-29 11:44:16,043 [pool-97-thread-1] INFO  storage.RaftStorage (RaftStorage.java:format(72)) - Storage directory /workdir/hadoop-ozone/integration-test/target/test-dir/MiniOzoneClusterImpl-b053464a-6ba9-4d5b-990c-93e7f610e587/datanode-2/data/ratis/56ad9e25-9acd-4d5d-ad86-7e9153b79f34 has been successfully formatted.
2019-09-29 11:44:16,044 [pool-97-thread-1] INFO  ratis.ContainerStateMachine (ContainerStateMachine.java:loadSnapshot(230)) - group-7E9153B79F34: The snapshot info is null. Setting the last applied indexto:(t:0, i:~)
2019-09-29 11:44:16,044 [pool-97-thread-1] INFO  server.RaftServerConfigKeys (ConfUtils.java:logGet(43)) - raft.server.notification.no-leader.timeout = 120s (custom)
2019-09-29 11:44:16,044 [pool-97-thread-1] INFO  server.RaftServerConfigKeys (ConfUtils.java:logGet(43)) - raft.server.log.use.memory = false (default)
2019-09-29 11:44:16,044 [pool-97-thread-1] INFO  server.RaftServerConfigKeys (ConfUtils.java:logGet(43)) - raft.server.log.purge.gap = 1000000 (custom)
2019-09-29 11:44:16,045 [pool-97-thread-1] INFO  server.RaftServerConfigKeys (ConfUtils.java:logGet(43)) - raft.server.log.appender.buffer.byte-limit = 33554432 (custom)
2019-09-29 11:44:16,045 [pool-97-thread-1] INFO  server.RaftServerConfigKeys (ConfUtils.java:logGet(43)) - raft.server.log.segment.size.max = 1048576 (custom)
2019-09-29 11:44:16,045 [pool-97-thread-1] INFO  server.RaftServerConfigKeys (ConfUtils.java:logGet(43)) - raft.server.log.segment.cache.num.max = 2 (custom)
2019-09-29 11:44:16,045 [pool-97-thread-1] INFO  segmented.SegmentedRaftLogWorker (SegmentedRaftLogWorker.java:<init>(172)) - new 6041ccb3-4e57-4349-bebe-d2cf5d4f01d1@group-7E9153B79F34-SegmentedRaftLogWorker for RaftStorage:Storage Directory /workdir/hadoop-ozone/integration-test/target/test-dir/MiniOzoneClusterImpl-b053464a-6ba9-4d5b-990c-93e7f610e587/datanode-2/data/ratis/56ad9e25-9acd-4d5d-ad86-7e9153b79f34
2019-09-29 11:44:16,049 [pool-97-thread-1] INFO  server.RaftServerConfigKeys (ConfUtils.java:logGet(43)) - raft.server.log.queue.byte-limit = 2147483647 (custom)
2019-09-29 11:44:16,049 [pool-97-thread-1] INFO  server.RaftServerConfigKeys (ConfUtils.java:logGet(43)) - raft.server.log.queue.element-limit = 1024 (custom)
2019-09-29 11:44:16,050 [pool-97-thread-1] INFO  server.RaftServerConfigKeys (ConfUtils.java:logGet(43)) - raft.server.log.segment.size.max = 1048576 (custom)
2019-09-29 11:44:16,050 [pool-97-thread-1] INFO  server.RaftServerConfigKeys (ConfUtils.java:logGet(43)) - raft.server.log.preallocated.size = 16384 (custom)
2019-09-29 11:44:16,050 [pool-97-thread-1] INFO  server.RaftServerConfigKeys (ConfUtils.java:logGet(43)) - raft.server.log.write.buffer.size = 33554432 (custom)
2019-09-29 11:44:16,050 [pool-97-thread-1] INFO  server.RaftServerConfigKeys (ConfUtils.java:logGet(43)) - raft.server.log.force.sync.num = 128 (default)
2019-09-29 11:44:16,050 [pool-97-thread-1] INFO  server.RaftServerConfigKeys (ConfUtils.java:logGet(43)) - raft.server.log.statemachine.data.sync = true (default)
2019-09-29 11:44:16,051 [pool-97-thread-1] INFO  server.RaftServerConfigKeys (ConfUtils.java:logGet(43)) - raft.server.log.statemachine.data.sync.timeout = 10s (default)
2019-09-29 11:44:16,051 [pool-97-thread-1] INFO  server.RaftServerConfigKeys (ConfUtils.java:logGet(43)) - raft.server.log.statemachine.data.sync.timeout.retry = -1 (default)
2019-09-29 11:44:16,051 [pool-97-thread-1] INFO  server.RaftServerConfigKeys (ConfUtils.java:logGet(43)) - raft.server.log.statemachine.data.caching.enabled = true (custom)
2019-09-29 11:44:16,052 [pool-97-thread-1] INFO  segmented.SegmentedRaftLogWorker (SegmentedRaftLogWorker.java:lambda$new$0(132)) - 6041ccb3-4e57-4349-bebe-d2cf5d4f01d1@group-7E9153B79F34-SegmentedRaftLogWorker: flushIndex: setUnconditionally 0 -> -1
2019-09-29 11:44:16,052 [pool-97-thread-1] INFO  server.RaftServerConfigKeys (ConfUtils.java:logGet(43)) - raft.server.snapshot.auto.trigger.enabled = true (custom)
2019-09-29 11:44:16,052 [pool-97-thread-1] INFO  server.RaftServerConfigKeys (ConfUtils.java:logGet(43)) - raft.server.snapshot.auto.trigger.threshold = 10000 (custom)
2019-09-29 11:44:16,053 [pool-97-thread-1] INFO  server.RaftServerConfigKeys (ConfUtils.java:logGet(43)) - raft.server.snapshot.retention.num.files = 5 (custom)
2019-09-29 11:44:16,053 [pool-97-thread-1] INFO  server.RaftServerConfigKeys (ConfUtils.java:logGet(43)) - raft.server.retrycache.expirytime = 600000ms (custom)
2019-09-29 11:44:16,056 [pool-97-thread-1] INFO  impl.RaftServerImpl (RaftServerImpl.java:start(185)) - 6041ccb3-4e57-4349-bebe-d2cf5d4f01d1@group-7E9153B79F34: start as a follower, conf=-1: [6041ccb3-4e57-4349-bebe-d2cf5d4f01d1:192.168.30.19:40679], old=null
2019-09-29 11:44:16,057 [pool-97-thread-1] INFO  impl.RaftServerImpl (RaftServerImpl.java:setRole(174)) - 6041ccb3-4e57-4349-bebe-d2cf5d4f01d1@group-7E9153B79F34: changes role from      null to FOLLOWER at term 0 for startAsFollower
2019-09-29 11:44:16,057 [pool-97-thread-1] INFO  impl.RoleInfo (RoleInfo.java:updateAndGet(143)) - 6041ccb3-4e57-4349-bebe-d2cf5d4f01d1: start FollowerState
2019-09-29 11:44:16,057 [pool-97-thread-1] INFO  util.JmxRegister (JmxRegister.java:tryRegister(44)) - Successfully registered JMX Bean with object name Ratis:service=RaftServer,group=group-7E9153B79F34,id=6041ccb3-4e57-4349-bebe-d2cf5d4f01d1
2019-09-29 11:44:16,063 [RatisPipelineUtilsThread] INFO  pipeline.PipelineStateManager (PipelineStateManager.java:addPipeline(56)) - Created pipeline Pipeline[ Id: 56ad9e25-9acd-4d5d-ad86-7e9153b79f34, Nodes: 6041ccb3-4e57-4349-bebe-d2cf5d4f01d1{ip: 192.168.30.19, host: pr-hdds-1569-lsfh5-224679870, networkLocation: /default-rack, certSerialId: null}, Type:RATIS, Factor:ONE, State:OPEN]
2019-09-29 11:44:16,064 [RatisPipelineUtilsThread] ERROR pipeline.SCMPipelineManager (SCMPipelineManager.java:createPipeline(188)) - Pipeline creation failed.
org.apache.hadoop.hdds.scm.exceptions.SCMException: Cannot create pipeline of factor 1 using 0 nodes.
	at org.apache.hadoop.hdds.scm.pipeline.RatisPipelineProvider.pickNodesNeverUsed(RatisPipelineProvider.java:113)
	at org.apache.hadoop.hdds.scm.pipeline.RatisPipelineProvider.create(RatisPipelineProvider.java:125)
	at org.apache.hadoop.hdds.scm.pipeline.PipelineFactory.create(PipelineFactory.java:58)
	at org.apache.hadoop.hdds.scm.pipeline.SCMPipelineManager.createPipeline(SCMPipelineManager.java:179)
	at org.apache.hadoop.hdds.scm.pipeline.BackgroundPipelineCreator.createPipelines(BackgroundPipelineCreator.java:100)
	at java.util.concurrent.Executors$RunnableAdapter.call(Executors.java:511)
	at java.util.concurrent.FutureTask.run(FutureTask.java:266)
	at java.util.concurrent.ScheduledThreadPoolExecutor$ScheduledFutureTask.access$201(ScheduledThreadPoolExecutor.java:180)
	at java.util.concurrent.ScheduledThreadPoolExecutor$ScheduledFutureTask.run(ScheduledThreadPoolExecutor.java:293)
	at java.util.concurrent.ThreadPoolExecutor.runWorker(ThreadPoolExecutor.java:1149)
	at java.util.concurrent.ThreadPoolExecutor$Worker.run(ThreadPoolExecutor.java:624)
	at java.lang.Thread.run(Thread.java:748)
2019-09-29 11:44:16,092 [grpc-default-executor-2] INFO  impl.RaftServerProxy (RaftServerProxy.java:addNew(89)) - 0e6a41e5-20ff-4149-94ab-fd732a1cc964: addNew group-22495A40CA1B:[80fc131e-7449-4337-bbfe-0af46756e553:192.168.30.19:42357, 0e6a41e5-20ff-4149-94ab-fd732a1cc964:192.168.30.19:39877, 6041ccb3-4e57-4349-bebe-d2cf5d4f01d1:192.168.30.19:40679] returns group-22495A40CA1B:java.util.concurrent.CompletableFuture@6fd3de5e[Not completed]
2019-09-29 11:44:16,094 [grpc-default-executor-1] INFO  impl.RaftServerProxy (RaftServerProxy.java:addNew(89)) - 6041ccb3-4e57-4349-bebe-d2cf5d4f01d1: addNew group-22495A40CA1B:[80fc131e-7449-4337-bbfe-0af46756e553:192.168.30.19:42357, 0e6a41e5-20ff-4149-94ab-fd732a1cc964:192.168.30.19:39877, 6041ccb3-4e57-4349-bebe-d2cf5d4f01d1:192.168.30.19:40679] returns group-22495A40CA1B:java.util.concurrent.CompletableFuture@7a4e2ab6[Not completed]
2019-09-29 11:44:16,095 [grpc-default-executor-2] INFO  impl.RaftServerProxy (RaftServerProxy.java:addNew(89)) - 80fc131e-7449-4337-bbfe-0af46756e553: addNew group-22495A40CA1B:[80fc131e-7449-4337-bbfe-0af46756e553:192.168.30.19:42357, 0e6a41e5-20ff-4149-94ab-fd732a1cc964:192.168.30.19:39877, 6041ccb3-4e57-4349-bebe-d2cf5d4f01d1:192.168.30.19:40679] returns group-22495A40CA1B:java.util.concurrent.CompletableFuture@2ad14dc0[Not completed]
2019-09-29 11:44:16,095 [pool-77-thread-1] INFO  impl.RaftServerImpl (RaftServerImpl.java:<init>(95)) - 0e6a41e5-20ff-4149-94ab-fd732a1cc964: new RaftServerImpl for group-22495A40CA1B:[80fc131e-7449-4337-bbfe-0af46756e553:192.168.30.19:42357, 0e6a41e5-20ff-4149-94ab-fd732a1cc964:192.168.30.19:39877, 6041ccb3-4e57-4349-bebe-d2cf5d4f01d1:192.168.30.19:40679] with ContainerStateMachine:uninitialized
2019-09-29 11:44:16,096 [pool-77-thread-1] INFO  server.RaftServerConfigKeys (ConfUtils.java:logGet(43)) - raft.server.rpc.timeout.min = 5s (custom)
2019-09-29 11:44:16,096 [pool-77-thread-1] INFO  server.RaftServerConfigKeys (ConfUtils.java:logGet(43)) - raft.server.rpc.timeout.max = 5200ms (custom)
2019-09-29 11:44:16,096 [pool-77-thread-1] INFO  server.RaftServerConfigKeys (ConfUtils.java:logGet(43)) - raft.server.rpcslowness.timeout = 120s (custom)
2019-09-29 11:44:16,096 [pool-77-thread-1] INFO  server.RaftServerConfigKeys (ConfUtils.java:logGet(43)) - raft.server.sleep.deviation.threshold = 300 (default)
2019-09-29 11:44:16,096 [pool-77-thread-1] INFO  server.RaftServerConfigKeys (ConfUtils.java:logGet(43)) - raft.server.log.appender.install.snapshot.enabled = false (custom)
2019-09-29 11:44:16,096 [pool-87-thread-1] INFO  impl.RaftServerImpl (RaftServerImpl.java:<init>(95)) - 80fc131e-7449-4337-bbfe-0af46756e553: new RaftServerImpl for group-22495A40CA1B:[80fc131e-7449-4337-bbfe-0af46756e553:192.168.30.19:42357, 0e6a41e5-20ff-4149-94ab-fd732a1cc964:192.168.30.19:39877, 6041ccb3-4e57-4349-bebe-d2cf5d4f01d1:192.168.30.19:40679] with ContainerStateMachine:uninitialized
2019-09-29 11:44:16,097 [pool-77-thread-1] INFO  impl.RaftServerImpl (ServerState.java:<init>(103)) - 0e6a41e5-20ff-4149-94ab-fd732a1cc964@group-22495A40CA1B: ConfigurationManager, init=-1: [80fc131e-7449-4337-bbfe-0af46756e553:192.168.30.19:42357, 0e6a41e5-20ff-4149-94ab-fd732a1cc964:192.168.30.19:39877, 6041ccb3-4e57-4349-bebe-d2cf5d4f01d1:192.168.30.19:40679], old=null, confs=<EMPTY_MAP>
2019-09-29 11:44:16,097 [pool-87-thread-1] INFO  server.RaftServerConfigKeys (ConfUtils.java:logGet(43)) - raft.server.rpc.timeout.min = 5s (custom)
2019-09-29 11:44:16,097 [pool-77-thread-1] INFO  server.RaftServerConfigKeys (ConfUtils.java:logGet(43)) - raft.server.storage.dir = [/workdir/hadoop-ozone/integration-test/target/test-dir/MiniOzoneClusterImpl-b053464a-6ba9-4d5b-990c-93e7f610e587/datanode-0/data/ratis] (custom)
2019-09-29 11:44:16,097 [pool-87-thread-1] INFO  server.RaftServerConfigKeys (ConfUtils.java:logGet(43)) - raft.server.rpc.timeout.max = 5200ms (custom)
2019-09-29 11:44:16,097 [pool-87-thread-1] INFO  server.RaftServerConfigKeys (ConfUtils.java:logGet(43)) - raft.server.rpcslowness.timeout = 120s (custom)
2019-09-29 11:44:16,097 [pool-87-thread-1] INFO  server.RaftServerConfigKeys (ConfUtils.java:logGet(43)) - raft.server.sleep.deviation.threshold = 300 (default)
2019-09-29 11:44:16,097 [pool-97-thread-1] INFO  impl.RaftServerImpl (RaftServerImpl.java:<init>(95)) - 6041ccb3-4e57-4349-bebe-d2cf5d4f01d1: new RaftServerImpl for group-22495A40CA1B:[80fc131e-7449-4337-bbfe-0af46756e553:192.168.30.19:42357, 0e6a41e5-20ff-4149-94ab-fd732a1cc964:192.168.30.19:39877, 6041ccb3-4e57-4349-bebe-d2cf5d4f01d1:192.168.30.19:40679] with ContainerStateMachine:uninitialized
2019-09-29 11:44:16,097 [pool-77-thread-1] INFO  storage.RaftStorageDirectory (RaftStorageDirectory.java:analyzeStorage(246)) - The storage directory /workdir/hadoop-ozone/integration-test/target/test-dir/MiniOzoneClusterImpl-b053464a-6ba9-4d5b-990c-93e7f610e587/datanode-0/data/ratis/6d091f0d-7185-434e-b2ed-22495a40ca1b does not exist. Creating ...
2019-09-29 11:44:16,098 [pool-97-thread-1] INFO  server.RaftServerConfigKeys (ConfUtils.java:logGet(43)) - raft.server.rpc.timeout.min = 5s (custom)
2019-09-29 11:44:16,098 [pool-87-thread-1] INFO  server.RaftServerConfigKeys (ConfUtils.java:logGet(43)) - raft.server.log.appender.install.snapshot.enabled = false (custom)
2019-09-29 11:44:16,098 [pool-97-thread-1] INFO  server.RaftServerConfigKeys (ConfUtils.java:logGet(43)) - raft.server.rpc.timeout.max = 5200ms (custom)
2019-09-29 11:44:16,098 [pool-87-thread-1] INFO  impl.RaftServerImpl (ServerState.java:<init>(103)) - 80fc131e-7449-4337-bbfe-0af46756e553@group-22495A40CA1B: ConfigurationManager, init=-1: [80fc131e-7449-4337-bbfe-0af46756e553:192.168.30.19:42357, 0e6a41e5-20ff-4149-94ab-fd732a1cc964:192.168.30.19:39877, 6041ccb3-4e57-4349-bebe-d2cf5d4f01d1:192.168.30.19:40679], old=null, confs=<EMPTY_MAP>
2019-09-29 11:44:16,098 [pool-97-thread-1] INFO  server.RaftServerConfigKeys (ConfUtils.java:logGet(43)) - raft.server.rpcslowness.timeout = 120s (custom)
2019-09-29 11:44:16,099 [pool-87-thread-1] INFO  server.RaftServerConfigKeys (ConfUtils.java:logGet(43)) - raft.server.storage.dir = [/workdir/hadoop-ozone/integration-test/target/test-dir/MiniOzoneClusterImpl-b053464a-6ba9-4d5b-990c-93e7f610e587/datanode-1/data/ratis] (custom)
2019-09-29 11:44:16,099 [pool-97-thread-1] INFO  server.RaftServerConfigKeys (ConfUtils.java:logGet(43)) - raft.server.sleep.deviation.threshold = 300 (default)
2019-09-29 11:44:16,099 [pool-97-thread-1] INFO  server.RaftServerConfigKeys (ConfUtils.java:logGet(43)) - raft.server.log.appender.install.snapshot.enabled = false (custom)
2019-09-29 11:44:16,099 [pool-87-thread-1] INFO  storage.RaftStorageDirectory (RaftStorageDirectory.java:analyzeStorage(246)) - The storage directory /workdir/hadoop-ozone/integration-test/target/test-dir/MiniOzoneClusterImpl-b053464a-6ba9-4d5b-990c-93e7f610e587/datanode-1/data/ratis/6d091f0d-7185-434e-b2ed-22495a40ca1b does not exist. Creating ...
2019-09-29 11:44:16,099 [pool-97-thread-1] INFO  impl.RaftServerImpl (ServerState.java:<init>(103)) - 6041ccb3-4e57-4349-bebe-d2cf5d4f01d1@group-22495A40CA1B: ConfigurationManager, init=-1: [80fc131e-7449-4337-bbfe-0af46756e553:192.168.30.19:42357, 0e6a41e5-20ff-4149-94ab-fd732a1cc964:192.168.30.19:39877, 6041ccb3-4e57-4349-bebe-d2cf5d4f01d1:192.168.30.19:40679], old=null, confs=<EMPTY_MAP>
2019-09-29 11:44:16,099 [pool-97-thread-1] INFO  server.RaftServerConfigKeys (ConfUtils.java:logGet(43)) - raft.server.storage.dir = [/workdir/hadoop-ozone/integration-test/target/test-dir/MiniOzoneClusterImpl-b053464a-6ba9-4d5b-990c-93e7f610e587/datanode-2/data/ratis] (custom)
2019-09-29 11:44:16,100 [pool-97-thread-1] INFO  storage.RaftStorageDirectory (RaftStorageDirectory.java:analyzeStorage(246)) - The storage directory /workdir/hadoop-ozone/integration-test/target/test-dir/MiniOzoneClusterImpl-b053464a-6ba9-4d5b-990c-93e7f610e587/datanode-2/data/ratis/6d091f0d-7185-434e-b2ed-22495a40ca1b does not exist. Creating ...
2019-09-29 11:44:16,121 [pool-97-thread-1] INFO  storage.RaftStorageDirectory (RaftStorageDirectory.java:tryLock(328)) - Lock on /workdir/hadoop-ozone/integration-test/target/test-dir/MiniOzoneClusterImpl-b053464a-6ba9-4d5b-990c-93e7f610e587/datanode-2/data/ratis/6d091f0d-7185-434e-b2ed-22495a40ca1b/in_use.lock acquired by nodename 15611@pr-hdds-1569-lsfh5-224679870
2019-09-29 11:44:16,121 [pool-87-thread-1] INFO  storage.RaftStorageDirectory (RaftStorageDirectory.java:tryLock(328)) - Lock on /workdir/hadoop-ozone/integration-test/target/test-dir/MiniOzoneClusterImpl-b053464a-6ba9-4d5b-990c-93e7f610e587/datanode-1/data/ratis/6d091f0d-7185-434e-b2ed-22495a40ca1b/in_use.lock acquired by nodename 15611@pr-hdds-1569-lsfh5-224679870
2019-09-29 11:44:16,121 [pool-77-thread-1] INFO  storage.RaftStorageDirectory (RaftStorageDirectory.java:tryLock(328)) - Lock on /workdir/hadoop-ozone/integration-test/target/test-dir/MiniOzoneClusterImpl-b053464a-6ba9-4d5b-990c-93e7f610e587/datanode-0/data/ratis/6d091f0d-7185-434e-b2ed-22495a40ca1b/in_use.lock acquired by nodename 15611@pr-hdds-1569-lsfh5-224679870
2019-09-29 11:44:16,159 [pool-97-thread-1] INFO  storage.RaftStorage (RaftStorage.java:format(72)) - Storage directory /workdir/hadoop-ozone/integration-test/target/test-dir/MiniOzoneClusterImpl-b053464a-6ba9-4d5b-990c-93e7f610e587/datanode-2/data/ratis/6d091f0d-7185-434e-b2ed-22495a40ca1b has been successfully formatted.
2019-09-29 11:44:16,159 [pool-77-thread-1] INFO  storage.RaftStorage (RaftStorage.java:format(72)) - Storage directory /workdir/hadoop-ozone/integration-test/target/test-dir/MiniOzoneClusterImpl-b053464a-6ba9-4d5b-990c-93e7f610e587/datanode-0/data/ratis/6d091f0d-7185-434e-b2ed-22495a40ca1b has been successfully formatted.
2019-09-29 11:44:16,159 [pool-97-thread-1] INFO  ratis.ContainerStateMachine (ContainerStateMachine.java:loadSnapshot(230)) - group-22495A40CA1B: The snapshot info is null. Setting the last applied indexto:(t:0, i:~)
2019-09-29 11:44:16,159 [pool-87-thread-1] INFO  storage.RaftStorage (RaftStorage.java:format(72)) - Storage directory /workdir/hadoop-ozone/integration-test/target/test-dir/MiniOzoneClusterImpl-b053464a-6ba9-4d5b-990c-93e7f610e587/datanode-1/data/ratis/6d091f0d-7185-434e-b2ed-22495a40ca1b has been successfully formatted.
2019-09-29 11:44:16,159 [pool-97-thread-1] INFO  server.RaftServerConfigKeys (ConfUtils.java:logGet(43)) - raft.server.notification.no-leader.timeout = 120s (custom)
2019-09-29 11:44:16,160 [pool-87-thread-1] INFO  ratis.ContainerStateMachine (ContainerStateMachine.java:loadSnapshot(230)) - group-22495A40CA1B: The snapshot info is null. Setting the last applied indexto:(t:0, i:~)
2019-09-29 11:44:16,159 [pool-77-thread-1] INFO  ratis.ContainerStateMachine (ContainerStateMachine.java:loadSnapshot(230)) - group-22495A40CA1B: The snapshot info is null. Setting the last applied indexto:(t:0, i:~)
2019-09-29 11:44:16,160 [pool-87-thread-1] INFO  server.RaftServerConfigKeys (ConfUtils.java:logGet(43)) - raft.server.notification.no-leader.timeout = 120s (custom)
2019-09-29 11:44:16,160 [pool-97-thread-1] INFO  server.RaftServerConfigKeys (ConfUtils.java:logGet(43)) - raft.server.log.use.memory = false (default)
2019-09-29 11:44:16,160 [pool-87-thread-1] INFO  server.RaftServerConfigKeys (ConfUtils.java:logGet(43)) - raft.server.log.use.memory = false (default)
2019-09-29 11:44:16,160 [pool-77-thread-1] INFO  server.RaftServerConfigKeys (ConfUtils.java:logGet(43)) - raft.server.notification.no-leader.timeout = 120s (custom)
2019-09-29 11:44:16,161 [pool-87-thread-1] INFO  server.RaftServerConfigKeys (ConfUtils.java:logGet(43)) - raft.server.log.purge.gap = 1000000 (custom)
2019-09-29 11:44:16,161 [pool-97-thread-1] INFO  server.RaftServerConfigKeys (ConfUtils.java:logGet(43)) - raft.server.log.purge.gap = 1000000 (custom)
2019-09-29 11:44:16,161 [pool-87-thread-1] INFO  server.RaftServerConfigKeys (ConfUtils.java:logGet(43)) - raft.server.log.appender.buffer.byte-limit = 33554432 (custom)
2019-09-29 11:44:16,161 [pool-77-thread-1] INFO  server.RaftServerConfigKeys (ConfUtils.java:logGet(43)) - raft.server.log.use.memory = false (default)
2019-09-29 11:44:16,161 [pool-87-thread-1] INFO  server.RaftServerConfigKeys (ConfUtils.java:logGet(43)) - raft.server.log.segment.size.max = 1048576 (custom)
2019-09-29 11:44:16,161 [pool-97-thread-1] INFO  server.RaftServerConfigKeys (ConfUtils.java:logGet(43)) - raft.server.log.appender.buffer.byte-limit = 33554432 (custom)
2019-09-29 11:44:16,162 [pool-87-thread-1] INFO  server.RaftServerConfigKeys (ConfUtils.java:logGet(43)) - raft.server.log.segment.cache.num.max = 2 (custom)
2019-09-29 11:44:16,162 [pool-77-thread-1] INFO  server.RaftServerConfigKeys (ConfUtils.java:logGet(43)) - raft.server.log.purge.gap = 1000000 (custom)
2019-09-29 11:44:16,162 [pool-87-thread-1] INFO  segmented.SegmentedRaftLogWorker (SegmentedRaftLogWorker.java:<init>(172)) - new 80fc131e-7449-4337-bbfe-0af46756e553@group-22495A40CA1B-SegmentedRaftLogWorker for RaftStorage:Storage Directory /workdir/hadoop-ozone/integration-test/target/test-dir/MiniOzoneClusterImpl-b053464a-6ba9-4d5b-990c-93e7f610e587/datanode-1/data/ratis/6d091f0d-7185-434e-b2ed-22495a40ca1b
2019-09-29 11:44:16,162 [pool-97-thread-1] INFO  server.RaftServerConfigKeys (ConfUtils.java:logGet(43)) - raft.server.log.segment.size.max = 1048576 (custom)
2019-09-29 11:44:16,162 [pool-87-thread-1] INFO  server.RaftServerConfigKeys (ConfUtils.java:logGet(43)) - raft.server.log.queue.byte-limit = 2147483647 (custom)
2019-09-29 11:44:16,162 [pool-77-thread-1] INFO  server.RaftServerConfigKeys (ConfUtils.java:logGet(43)) - raft.server.log.appender.buffer.byte-limit = 33554432 (custom)
2019-09-29 11:44:16,163 [pool-87-thread-1] INFO  server.RaftServerConfigKeys (ConfUtils.java:logGet(43)) - raft.server.log.queue.element-limit = 1024 (custom)
2019-09-29 11:44:16,163 [pool-97-thread-1] INFO  server.RaftServerConfigKeys (ConfUtils.java:logGet(43)) - raft.server.log.segment.cache.num.max = 2 (custom)
2019-09-29 11:44:16,163 [pool-87-thread-1] INFO  server.RaftServerConfigKeys (ConfUtils.java:logGet(43)) - raft.server.log.segment.size.max = 1048576 (custom)
2019-09-29 11:44:16,163 [pool-77-thread-1] INFO  server.RaftServerConfigKeys (ConfUtils.java:logGet(43)) - raft.server.log.segment.size.max = 1048576 (custom)
2019-09-29 11:44:16,164 [pool-87-thread-1] INFO  server.RaftServerConfigKeys (ConfUtils.java:logGet(43)) - raft.server.log.preallocated.size = 16384 (custom)
2019-09-29 11:44:16,163 [pool-97-thread-1] INFO  segmented.SegmentedRaftLogWorker (SegmentedRaftLogWorker.java:<init>(172)) - new 6041ccb3-4e57-4349-bebe-d2cf5d4f01d1@group-22495A40CA1B-SegmentedRaftLogWorker for RaftStorage:Storage Directory /workdir/hadoop-ozone/integration-test/target/test-dir/MiniOzoneClusterImpl-b053464a-6ba9-4d5b-990c-93e7f610e587/datanode-2/data/ratis/6d091f0d-7185-434e-b2ed-22495a40ca1b
2019-09-29 11:44:16,164 [pool-87-thread-1] INFO  server.RaftServerConfigKeys (ConfUtils.java:logGet(43)) - raft.server.log.write.buffer.size = 33554432 (custom)
2019-09-29 11:44:16,164 [pool-77-thread-1] INFO  server.RaftServerConfigKeys (ConfUtils.java:logGet(43)) - raft.server.log.segment.cache.num.max = 2 (custom)
2019-09-29 11:44:16,164 [pool-87-thread-1] INFO  server.RaftServerConfigKeys (ConfUtils.java:logGet(43)) - raft.server.log.force.sync.num = 128 (default)
2019-09-29 11:44:16,164 [pool-97-thread-1] INFO  server.RaftServerConfigKeys (ConfUtils.java:logGet(43)) - raft.server.log.queue.byte-limit = 2147483647 (custom)
2019-09-29 11:44:16,165 [pool-87-thread-1] INFO  server.RaftServerConfigKeys (ConfUtils.java:logGet(43)) - raft.server.log.statemachine.data.sync = true (default)
2019-09-29 11:44:16,164 [pool-77-thread-1] INFO  segmented.SegmentedRaftLogWorker (SegmentedRaftLogWorker.java:<init>(172)) - new 0e6a41e5-20ff-4149-94ab-fd732a1cc964@group-22495A40CA1B-SegmentedRaftLogWorker for RaftStorage:Storage Directory /workdir/hadoop-ozone/integration-test/target/test-dir/MiniOzoneClusterImpl-b053464a-6ba9-4d5b-990c-93e7f610e587/datanode-0/data/ratis/6d091f0d-7185-434e-b2ed-22495a40ca1b
2019-09-29 11:44:16,165 [pool-87-thread-1] INFO  server.RaftServerConfigKeys (ConfUtils.java:logGet(43)) - raft.server.log.statemachine.data.sync.timeout = 10s (default)
2019-09-29 11:44:16,165 [pool-97-thread-1] INFO  server.RaftServerConfigKeys (ConfUtils.java:logGet(43)) - raft.server.log.queue.element-limit = 1024 (custom)
2019-09-29 11:44:16,165 [pool-87-thread-1] INFO  server.RaftServerConfigKeys (ConfUtils.java:logGet(43)) - raft.server.log.statemachine.data.sync.timeout.retry = -1 (default)
2019-09-29 11:44:16,165 [pool-77-thread-1] INFO  server.RaftServerConfigKeys (ConfUtils.java:logGet(43)) - raft.server.log.queue.byte-limit = 2147483647 (custom)
2019-09-29 11:44:16,166 [pool-87-thread-1] INFO  server.RaftServerConfigKeys (ConfUtils.java:logGet(43)) - raft.server.log.statemachine.data.caching.enabled = true (custom)
2019-09-29 11:44:16,165 [pool-97-thread-1] INFO  server.RaftServerConfigKeys (ConfUtils.java:logGet(43)) - raft.server.log.segment.size.max = 1048576 (custom)
2019-09-29 11:44:16,166 [pool-77-thread-1] INFO  server.RaftServerConfigKeys (ConfUtils.java:logGet(43)) - raft.server.log.queue.element-limit = 1024 (custom)
2019-09-29 11:44:16,166 [pool-87-thread-1] INFO  segmented.SegmentedRaftLogWorker (SegmentedRaftLogWorker.java:lambda$new$0(132)) - 80fc131e-7449-4337-bbfe-0af46756e553@group-22495A40CA1B-SegmentedRaftLogWorker: flushIndex: setUnconditionally 0 -> -1
2019-09-29 11:44:16,166 [pool-97-thread-1] INFO  server.RaftServerConfigKeys (ConfUtils.java:logGet(43)) - raft.server.log.preallocated.size = 16384 (custom)
2019-09-29 11:44:16,166 [pool-77-thread-1] INFO  server.RaftServerConfigKeys (ConfUtils.java:logGet(43)) - raft.server.log.segment.size.max = 1048576 (custom)
2019-09-29 11:44:16,167 [pool-87-thread-1] INFO  server.RaftServerConfigKeys (ConfUtils.java:logGet(43)) - raft.server.snapshot.auto.trigger.enabled = true (custom)
2019-09-29 11:44:16,167 [pool-97-thread-1] INFO  server.RaftServerConfigKeys (ConfUtils.java:logGet(43)) - raft.server.log.write.buffer.size = 33554432 (custom)
2019-09-29 11:44:16,167 [pool-87-thread-1] INFO  server.RaftServerConfigKeys (ConfUtils.java:logGet(43)) - raft.server.snapshot.auto.trigger.threshold = 10000 (custom)
2019-09-29 11:44:16,167 [pool-77-thread-1] INFO  server.RaftServerConfigKeys (ConfUtils.java:logGet(43)) - raft.server.log.preallocated.size = 16384 (custom)
2019-09-29 11:44:16,167 [pool-87-thread-1] INFO  server.RaftServerConfigKeys (ConfUtils.java:logGet(43)) - raft.server.snapshot.retention.num.files = 5 (custom)
2019-09-29 11:44:16,167 [pool-97-thread-1] INFO  server.RaftServerConfigKeys (ConfUtils.java:logGet(43)) - raft.server.log.force.sync.num = 128 (default)
2019-09-29 11:44:16,167 [pool-77-thread-1] INFO  server.RaftServerConfigKeys (ConfUtils.java:logGet(43)) - raft.server.log.write.buffer.size = 33554432 (custom)
2019-09-29 11:44:16,168 [pool-87-thread-1] INFO  server.RaftServerConfigKeys (ConfUtils.java:logGet(43)) - raft.server.retrycache.expirytime = 600000ms (custom)
2019-09-29 11:44:16,168 [pool-97-thread-1] INFO  server.RaftServerConfigKeys (ConfUtils.java:logGet(43)) - raft.server.log.statemachine.data.sync = true (default)
2019-09-29 11:44:16,168 [pool-77-thread-1] INFO  server.RaftServerConfigKeys (ConfUtils.java:logGet(43)) - raft.server.log.force.sync.num = 128 (default)
2019-09-29 11:44:16,168 [pool-97-thread-1] INFO  server.RaftServerConfigKeys (ConfUtils.java:logGet(43)) - raft.server.log.statemachine.data.sync.timeout = 10s (default)
2019-09-29 11:44:16,168 [pool-77-thread-1] INFO  server.RaftServerConfigKeys (ConfUtils.java:logGet(43)) - raft.server.log.statemachine.data.sync = true (default)
2019-09-29 11:44:16,168 [pool-97-thread-1] INFO  server.RaftServerConfigKeys (ConfUtils.java:logGet(43)) - raft.server.log.statemachine.data.sync.timeout.retry = -1 (default)
2019-09-29 11:44:16,169 [pool-77-thread-1] INFO  server.RaftServerConfigKeys (ConfUtils.java:logGet(43)) - raft.server.log.statemachine.data.sync.timeout = 10s (default)
2019-09-29 11:44:16,169 [pool-97-thread-1] INFO  server.RaftServerConfigKeys (ConfUtils.java:logGet(43)) - raft.server.log.statemachine.data.caching.enabled = true (custom)
2019-09-29 11:44:16,169 [pool-77-thread-1] INFO  server.RaftServerConfigKeys (ConfUtils.java:logGet(43)) - raft.server.log.statemachine.data.sync.timeout.retry = -1 (default)
2019-09-29 11:44:16,169 [pool-97-thread-1] INFO  segmented.SegmentedRaftLogWorker (SegmentedRaftLogWorker.java:lambda$new$0(132)) - 6041ccb3-4e57-4349-bebe-d2cf5d4f01d1@group-22495A40CA1B-SegmentedRaftLogWorker: flushIndex: setUnconditionally 0 -> -1
2019-09-29 11:44:16,169 [pool-77-thread-1] INFO  server.RaftServerConfigKeys (ConfUtils.java:logGet(43)) - raft.server.log.statemachine.data.caching.enabled = true (custom)
2019-09-29 11:44:16,170 [pool-97-thread-1] INFO  server.RaftServerConfigKeys (ConfUtils.java:logGet(43)) - raft.server.snapshot.auto.trigger.enabled = true (custom)
2019-09-29 11:44:16,170 [pool-97-thread-1] INFO  server.RaftServerConfigKeys (ConfUtils.java:logGet(43)) - raft.server.snapshot.auto.trigger.threshold = 10000 (custom)
2019-09-29 11:44:16,170 [pool-77-thread-1] INFO  segmented.SegmentedRaftLogWorker (SegmentedRaftLogWorker.java:lambda$new$0(132)) - 0e6a41e5-20ff-4149-94ab-fd732a1cc964@group-22495A40CA1B-SegmentedRaftLogWorker: flushIndex: setUnconditionally 0 -> -1
2019-09-29 11:44:16,170 [pool-97-thread-1] INFO  server.RaftServerConfigKeys (ConfUtils.java:logGet(43)) - raft.server.snapshot.retention.num.files = 5 (custom)
2019-09-29 11:44:16,170 [pool-77-thread-1] INFO  server.RaftServerConfigKeys (ConfUtils.java:logGet(43)) - raft.server.snapshot.auto.trigger.enabled = true (custom)
2019-09-29 11:44:16,170 [pool-97-thread-1] INFO  server.RaftServerConfigKeys (ConfUtils.java:logGet(43)) - raft.server.retrycache.expirytime = 600000ms (custom)
2019-09-29 11:44:16,170 [pool-77-thread-1] INFO  server.RaftServerConfigKeys (ConfUtils.java:logGet(43)) - raft.server.snapshot.auto.trigger.threshold = 10000 (custom)
2019-09-29 11:44:16,171 [pool-77-thread-1] INFO  server.RaftServerConfigKeys (ConfUtils.java:logGet(43)) - raft.server.snapshot.retention.num.files = 5 (custom)
2019-09-29 11:44:16,171 [pool-77-thread-1] INFO  server.RaftServerConfigKeys (ConfUtils.java:logGet(43)) - raft.server.retrycache.expirytime = 600000ms (custom)
2019-09-29 11:44:16,171 [pool-87-thread-1] INFO  impl.RaftServerImpl (RaftServerImpl.java:start(185)) - 80fc131e-7449-4337-bbfe-0af46756e553@group-22495A40CA1B: start as a follower, conf=-1: [80fc131e-7449-4337-bbfe-0af46756e553:192.168.30.19:42357, 0e6a41e5-20ff-4149-94ab-fd732a1cc964:192.168.30.19:39877, 6041ccb3-4e57-4349-bebe-d2cf5d4f01d1:192.168.30.19:40679], old=null
2019-09-29 11:44:16,171 [pool-87-thread-1] INFO  impl.RaftServerImpl (RaftServerImpl.java:setRole(174)) - 80fc131e-7449-4337-bbfe-0af46756e553@group-22495A40CA1B: changes role from      null to FOLLOWER at term 0 for startAsFollower
2019-09-29 11:44:16,172 [pool-87-thread-1] INFO  impl.RoleInfo (RoleInfo.java:updateAndGet(143)) - 80fc131e-7449-4337-bbfe-0af46756e553: start FollowerState
2019-09-29 11:44:16,172 [pool-87-thread-1] INFO  util.JmxRegister (JmxRegister.java:tryRegister(44)) - Successfully registered JMX Bean with object name Ratis:service=RaftServer,group=group-22495A40CA1B,id=80fc131e-7449-4337-bbfe-0af46756e553
2019-09-29 11:44:16,173 [pool-97-thread-1] INFO  impl.RaftServerImpl (RaftServerImpl.java:start(185)) - 6041ccb3-4e57-4349-bebe-d2cf5d4f01d1@group-22495A40CA1B: start as a follower, conf=-1: [80fc131e-7449-4337-bbfe-0af46756e553:192.168.30.19:42357, 0e6a41e5-20ff-4149-94ab-fd732a1cc964:192.168.30.19:39877, 6041ccb3-4e57-4349-bebe-d2cf5d4f01d1:192.168.30.19:40679], old=null
2019-09-29 11:44:16,173 [pool-97-thread-1] INFO  impl.RaftServerImpl (RaftServerImpl.java:setRole(174)) - 6041ccb3-4e57-4349-bebe-d2cf5d4f01d1@group-22495A40CA1B: changes role from      null to FOLLOWER at term 0 for startAsFollower
2019-09-29 11:44:16,174 [pool-97-thread-1] INFO  impl.RoleInfo (RoleInfo.java:updateAndGet(143)) - 6041ccb3-4e57-4349-bebe-d2cf5d4f01d1: start FollowerState
2019-09-29 11:44:16,174 [pool-97-thread-1] INFO  util.JmxRegister (JmxRegister.java:tryRegister(44)) - Successfully registered JMX Bean with object name Ratis:service=RaftServer,group=group-22495A40CA1B,id=6041ccb3-4e57-4349-bebe-d2cf5d4f01d1
2019-09-29 11:44:16,176 [pool-77-thread-1] INFO  impl.RaftServerImpl (RaftServerImpl.java:start(185)) - 0e6a41e5-20ff-4149-94ab-fd732a1cc964@group-22495A40CA1B: start as a follower, conf=-1: [80fc131e-7449-4337-bbfe-0af46756e553:192.168.30.19:42357, 0e6a41e5-20ff-4149-94ab-fd732a1cc964:192.168.30.19:39877, 6041ccb3-4e57-4349-bebe-d2cf5d4f01d1:192.168.30.19:40679], old=null
2019-09-29 11:44:16,176 [pool-77-thread-1] INFO  impl.RaftServerImpl (RaftServerImpl.java:setRole(174)) - 0e6a41e5-20ff-4149-94ab-fd732a1cc964@group-22495A40CA1B: changes role from      null to FOLLOWER at term 0 for startAsFollower
2019-09-29 11:44:16,176 [pool-77-thread-1] INFO  impl.RoleInfo (RoleInfo.java:updateAndGet(143)) - 0e6a41e5-20ff-4149-94ab-fd732a1cc964: start FollowerState
2019-09-29 11:44:16,177 [pool-77-thread-1] INFO  util.JmxRegister (JmxRegister.java:tryRegister(44)) - Successfully registered JMX Bean with object name Ratis:service=RaftServer,group=group-22495A40CA1B,id=0e6a41e5-20ff-4149-94ab-fd732a1cc964
2019-09-29 11:44:16,183 [RatisPipelineUtilsThread] INFO  pipeline.PipelineStateManager (PipelineStateManager.java:addPipeline(56)) - Created pipeline Pipeline[ Id: 6d091f0d-7185-434e-b2ed-22495a40ca1b, Nodes: 0e6a41e5-20ff-4149-94ab-fd732a1cc964{ip: 192.168.30.19, host: pr-hdds-1569-lsfh5-224679870, networkLocation: /default-rack, certSerialId: null}80fc131e-7449-4337-bbfe-0af46756e553{ip: 192.168.30.19, host: pr-hdds-1569-lsfh5-224679870, networkLocation: /default-rack, certSerialId: null}6041ccb3-4e57-4349-bebe-d2cf5d4f01d1{ip: 192.168.30.19, host: pr-hdds-1569-lsfh5-224679870, networkLocation: /default-rack, certSerialId: null}, Type:RATIS, Factor:THREE, State:OPEN]
2019-09-29 11:44:16,197 [grpc-default-executor-0] INFO  impl.RaftServerProxy (RaftServerProxy.java:addNew(89)) - 80fc131e-7449-4337-bbfe-0af46756e553: addNew group-59E51D913EDB:[80fc131e-7449-4337-bbfe-0af46756e553:192.168.30.19:42357, 0e6a41e5-20ff-4149-94ab-fd732a1cc964:192.168.30.19:39877, 6041ccb3-4e57-4349-bebe-d2cf5d4f01d1:192.168.30.19:40679] returns group-59E51D913EDB:java.util.concurrent.CompletableFuture@4b2a553d[Not completed]
2019-09-29 11:44:16,198 [grpc-default-executor-0] INFO  impl.RaftServerProxy (RaftServerProxy.java:addNew(89)) - 6041ccb3-4e57-4349-bebe-d2cf5d4f01d1: addNew group-59E51D913EDB:[80fc131e-7449-4337-bbfe-0af46756e553:192.168.30.19:42357, 0e6a41e5-20ff-4149-94ab-fd732a1cc964:192.168.30.19:39877, 6041ccb3-4e57-4349-bebe-d2cf5d4f01d1:192.168.30.19:40679] returns group-59E51D913EDB:java.util.concurrent.CompletableFuture@7e48daf6[Not completed]
2019-09-29 11:44:16,200 [grpc-default-executor-0] INFO  impl.RaftServerProxy (RaftServerProxy.java:addNew(89)) - 0e6a41e5-20ff-4149-94ab-fd732a1cc964: addNew group-59E51D913EDB:[80fc131e-7449-4337-bbfe-0af46756e553:192.168.30.19:42357, 0e6a41e5-20ff-4149-94ab-fd732a1cc964:192.168.30.19:39877, 6041ccb3-4e57-4349-bebe-d2cf5d4f01d1:192.168.30.19:40679] returns group-59E51D913EDB:java.util.concurrent.CompletableFuture@15183c2d[Not completed]
2019-09-29 11:44:16,200 [pool-87-thread-1] INFO  impl.RaftServerImpl (RaftServerImpl.java:<init>(95)) - 80fc131e-7449-4337-bbfe-0af46756e553: new RaftServerImpl for group-59E51D913EDB:[80fc131e-7449-4337-bbfe-0af46756e553:192.168.30.19:42357, 0e6a41e5-20ff-4149-94ab-fd732a1cc964:192.168.30.19:39877, 6041ccb3-4e57-4349-bebe-d2cf5d4f01d1:192.168.30.19:40679] with ContainerStateMachine:uninitialized
2019-09-29 11:44:16,201 [pool-87-thread-1] INFO  server.RaftServerConfigKeys (ConfUtils.java:logGet(43)) - raft.server.rpc.timeout.min = 5s (custom)
2019-09-29 11:44:16,202 [pool-87-thread-1] INFO  server.RaftServerConfigKeys (ConfUtils.java:logGet(43)) - raft.server.rpc.timeout.max = 5200ms (custom)
2019-09-29 11:44:16,202 [pool-97-thread-1] INFO  impl.RaftServerImpl (RaftServerImpl.java:<init>(95)) - 6041ccb3-4e57-4349-bebe-d2cf5d4f01d1: new RaftServerImpl for group-59E51D913EDB:[80fc131e-7449-4337-bbfe-0af46756e553:192.168.30.19:42357, 0e6a41e5-20ff-4149-94ab-fd732a1cc964:192.168.30.19:39877, 6041ccb3-4e57-4349-bebe-d2cf5d4f01d1:192.168.30.19:40679] with ContainerStateMachine:uninitialized
2019-09-29 11:44:16,202 [pool-87-thread-1] INFO  server.RaftServerConfigKeys (ConfUtils.java:logGet(43)) - raft.server.rpcslowness.timeout = 120s (custom)
2019-09-29 11:44:16,202 [pool-97-thread-1] INFO  server.RaftServerConfigKeys (ConfUtils.java:logGet(43)) - raft.server.rpc.timeout.min = 5s (custom)
2019-09-29 11:44:16,202 [pool-87-thread-1] INFO  server.RaftServerConfigKeys (ConfUtils.java:logGet(43)) - raft.server.sleep.deviation.threshold = 300 (default)
2019-09-29 11:44:16,202 [pool-97-thread-1] INFO  server.RaftServerConfigKeys (ConfUtils.java:logGet(43)) - raft.server.rpc.timeout.max = 5200ms (custom)
2019-09-29 11:44:16,202 [pool-87-thread-1] INFO  server.RaftServerConfigKeys (ConfUtils.java:logGet(43)) - raft.server.log.appender.install.snapshot.enabled = false (custom)
2019-09-29 11:44:16,202 [pool-97-thread-1] INFO  server.RaftServerConfigKeys (ConfUtils.java:logGet(43)) - raft.server.rpcslowness.timeout = 120s (custom)
2019-09-29 11:44:16,202 [pool-87-thread-1] INFO  impl.RaftServerImpl (ServerState.java:<init>(103)) - 80fc131e-7449-4337-bbfe-0af46756e553@group-59E51D913EDB: ConfigurationManager, init=-1: [80fc131e-7449-4337-bbfe-0af46756e553:192.168.30.19:42357, 0e6a41e5-20ff-4149-94ab-fd732a1cc964:192.168.30.19:39877, 6041ccb3-4e57-4349-bebe-d2cf5d4f01d1:192.168.30.19:40679], old=null, confs=<EMPTY_MAP>
2019-09-29 11:44:16,202 [pool-77-thread-1] INFO  impl.RaftServerImpl (RaftServerImpl.java:<init>(95)) - 0e6a41e5-20ff-4149-94ab-fd732a1cc964: new RaftServerImpl for group-59E51D913EDB:[80fc131e-7449-4337-bbfe-0af46756e553:192.168.30.19:42357, 0e6a41e5-20ff-4149-94ab-fd732a1cc964:192.168.30.19:39877, 6041ccb3-4e57-4349-bebe-d2cf5d4f01d1:192.168.30.19:40679] with ContainerStateMachine:uninitialized
2019-09-29 11:44:16,202 [pool-97-thread-1] INFO  server.RaftServerConfigKeys (ConfUtils.java:logGet(43)) - raft.server.sleep.deviation.threshold = 300 (default)
2019-09-29 11:44:16,203 [pool-77-thread-1] INFO  server.RaftServerConfigKeys (ConfUtils.java:logGet(43)) - raft.server.rpc.timeout.min = 5s (custom)
2019-09-29 11:44:16,203 [pool-87-thread-1] INFO  server.RaftServerConfigKeys (ConfUtils.java:logGet(43)) - raft.server.storage.dir = [/workdir/hadoop-ozone/integration-test/target/test-dir/MiniOzoneClusterImpl-b053464a-6ba9-4d5b-990c-93e7f610e587/datanode-1/data/ratis] (custom)
2019-09-29 11:44:16,203 [pool-77-thread-1] INFO  server.RaftServerConfigKeys (ConfUtils.java:logGet(43)) - raft.server.rpc.timeout.max = 5200ms (custom)
2019-09-29 11:44:16,203 [pool-97-thread-1] INFO  server.RaftServerConfigKeys (ConfUtils.java:logGet(43)) - raft.server.log.appender.install.snapshot.enabled = false (custom)
2019-09-29 11:44:16,203 [pool-77-thread-1] INFO  server.RaftServerConfigKeys (ConfUtils.java:logGet(43)) - raft.server.rpcslowness.timeout = 120s (custom)
2019-09-29 11:44:16,203 [pool-87-thread-1] INFO  storage.RaftStorageDirectory (RaftStorageDirectory.java:analyzeStorage(246)) - The storage directory /workdir/hadoop-ozone/integration-test/target/test-dir/MiniOzoneClusterImpl-b053464a-6ba9-4d5b-990c-93e7f610e587/datanode-1/data/ratis/18e5074d-aac5-4316-bcaa-59e51d913edb does not exist. Creating ...
2019-09-29 11:44:16,203 [pool-97-thread-1] INFO  impl.RaftServerImpl (ServerState.java:<init>(103)) - 6041ccb3-4e57-4349-bebe-d2cf5d4f01d1@group-59E51D913EDB: ConfigurationManager, init=-1: [80fc131e-7449-4337-bbfe-0af46756e553:192.168.30.19:42357, 0e6a41e5-20ff-4149-94ab-fd732a1cc964:192.168.30.19:39877, 6041ccb3-4e57-4349-bebe-d2cf5d4f01d1:192.168.30.19:40679], old=null, confs=<EMPTY_MAP>
2019-09-29 11:44:16,203 [pool-77-thread-1] INFO  server.RaftServerConfigKeys (ConfUtils.java:logGet(43)) - raft.server.sleep.deviation.threshold = 300 (default)
2019-09-29 11:44:16,204 [pool-97-thread-1] INFO  server.RaftServerConfigKeys (ConfUtils.java:logGet(43)) - raft.server.storage.dir = [/workdir/hadoop-ozone/integration-test/target/test-dir/MiniOzoneClusterImpl-b053464a-6ba9-4d5b-990c-93e7f610e587/datanode-2/data/ratis] (custom)
2019-09-29 11:44:16,204 [pool-77-thread-1] INFO  server.RaftServerConfigKeys (ConfUtils.java:logGet(43)) - raft.server.log.appender.install.snapshot.enabled = false (custom)
2019-09-29 11:44:16,204 [pool-77-thread-1] INFO  impl.RaftServerImpl (ServerState.java:<init>(103)) - 0e6a41e5-20ff-4149-94ab-fd732a1cc964@group-59E51D913EDB: ConfigurationManager, init=-1: [80fc131e-7449-4337-bbfe-0af46756e553:192.168.30.19:42357, 0e6a41e5-20ff-4149-94ab-fd732a1cc964:192.168.30.19:39877, 6041ccb3-4e57-4349-bebe-d2cf5d4f01d1:192.168.30.19:40679], old=null, confs=<EMPTY_MAP>
2019-09-29 11:44:16,204 [pool-97-thread-1] INFO  storage.RaftStorageDirectory (RaftStorageDirectory.java:analyzeStorage(246)) - The storage directory /workdir/hadoop-ozone/integration-test/target/test-dir/MiniOzoneClusterImpl-b053464a-6ba9-4d5b-990c-93e7f610e587/datanode-2/data/ratis/18e5074d-aac5-4316-bcaa-59e51d913edb does not exist. Creating ...
2019-09-29 11:44:16,204 [pool-77-thread-1] INFO  server.RaftServerConfigKeys (ConfUtils.java:logGet(43)) - raft.server.storage.dir = [/workdir/hadoop-ozone/integration-test/target/test-dir/MiniOzoneClusterImpl-b053464a-6ba9-4d5b-990c-93e7f610e587/datanode-0/data/ratis] (custom)
2019-09-29 11:44:16,205 [pool-77-thread-1] INFO  storage.RaftStorageDirectory (RaftStorageDirectory.java:analyzeStorage(246)) - The storage directory /workdir/hadoop-ozone/integration-test/target/test-dir/MiniOzoneClusterImpl-b053464a-6ba9-4d5b-990c-93e7f610e587/datanode-0/data/ratis/18e5074d-aac5-4316-bcaa-59e51d913edb does not exist. Creating ...
2019-09-29 11:44:16,226 [pool-97-thread-1] INFO  storage.RaftStorageDirectory (RaftStorageDirectory.java:tryLock(328)) - Lock on /workdir/hadoop-ozone/integration-test/target/test-dir/MiniOzoneClusterImpl-b053464a-6ba9-4d5b-990c-93e7f610e587/datanode-2/data/ratis/18e5074d-aac5-4316-bcaa-59e51d913edb/in_use.lock acquired by nodename 15611@pr-hdds-1569-lsfh5-224679870
2019-09-29 11:44:16,226 [pool-77-thread-1] INFO  storage.RaftStorageDirectory (RaftStorageDirectory.java:tryLock(328)) - Lock on /workdir/hadoop-ozone/integration-test/target/test-dir/MiniOzoneClusterImpl-b053464a-6ba9-4d5b-990c-93e7f610e587/datanode-0/data/ratis/18e5074d-aac5-4316-bcaa-59e51d913edb/in_use.lock acquired by nodename 15611@pr-hdds-1569-lsfh5-224679870
2019-09-29 11:44:16,226 [pool-87-thread-1] INFO  storage.RaftStorageDirectory (RaftStorageDirectory.java:tryLock(328)) - Lock on /workdir/hadoop-ozone/integration-test/target/test-dir/MiniOzoneClusterImpl-b053464a-6ba9-4d5b-990c-93e7f610e587/datanode-1/data/ratis/18e5074d-aac5-4316-bcaa-59e51d913edb/in_use.lock acquired by nodename 15611@pr-hdds-1569-lsfh5-224679870
2019-09-29 11:44:16,252 [pool-97-thread-1] INFO  storage.RaftStorage (RaftStorage.java:format(72)) - Storage directory /workdir/hadoop-ozone/integration-test/target/test-dir/MiniOzoneClusterImpl-b053464a-6ba9-4d5b-990c-93e7f610e587/datanode-2/data/ratis/18e5074d-aac5-4316-bcaa-59e51d913edb has been successfully formatted.
2019-09-29 11:44:16,252 [pool-77-thread-1] INFO  storage.RaftStorage (RaftStorage.java:format(72)) - Storage directory /workdir/hadoop-ozone/integration-test/target/test-dir/MiniOzoneClusterImpl-b053464a-6ba9-4d5b-990c-93e7f610e587/datanode-0/data/ratis/18e5074d-aac5-4316-bcaa-59e51d913edb has been successfully formatted.
2019-09-29 11:44:16,252 [pool-87-thread-1] INFO  storage.RaftStorage (RaftStorage.java:format(72)) - Storage directory /workdir/hadoop-ozone/integration-test/target/test-dir/MiniOzoneClusterImpl-b053464a-6ba9-4d5b-990c-93e7f610e587/datanode-1/data/ratis/18e5074d-aac5-4316-bcaa-59e51d913edb has been successfully formatted.
2019-09-29 11:44:16,252 [pool-97-thread-1] INFO  ratis.ContainerStateMachine (ContainerStateMachine.java:loadSnapshot(230)) - group-59E51D913EDB: The snapshot info is null. Setting the last applied indexto:(t:0, i:~)
2019-09-29 11:44:16,252 [pool-77-thread-1] INFO  ratis.ContainerStateMachine (ContainerStateMachine.java:loadSnapshot(230)) - group-59E51D913EDB: The snapshot info is null. Setting the last applied indexto:(t:0, i:~)
2019-09-29 11:44:16,252 [pool-97-thread-1] INFO  server.RaftServerConfigKeys (ConfUtils.java:logGet(43)) - raft.server.notification.no-leader.timeout = 120s (custom)
2019-09-29 11:44:16,252 [pool-87-thread-1] INFO  ratis.ContainerStateMachine (ContainerStateMachine.java:loadSnapshot(230)) - group-59E51D913EDB: The snapshot info is null. Setting the last applied indexto:(t:0, i:~)
2019-09-29 11:44:16,253 [pool-97-thread-1] INFO  server.RaftServerConfigKeys (ConfUtils.java:logGet(43)) - raft.server.log.use.memory = false (default)
2019-09-29 11:44:16,253 [pool-77-thread-1] INFO  server.RaftServerConfigKeys (ConfUtils.java:logGet(43)) - raft.server.notification.no-leader.timeout = 120s (custom)
2019-09-29 11:44:16,253 [pool-97-thread-1] INFO  server.RaftServerConfigKeys (ConfUtils.java:logGet(43)) - raft.server.log.purge.gap = 1000000 (custom)
2019-09-29 11:44:16,253 [pool-87-thread-1] INFO  server.RaftServerConfigKeys (ConfUtils.java:logGet(43)) - raft.server.notification.no-leader.timeout = 120s (custom)
2019-09-29 11:44:16,253 [pool-97-thread-1] INFO  server.RaftServerConfigKeys (ConfUtils.java:logGet(43)) - raft.server.log.appender.buffer.byte-limit = 33554432 (custom)
2019-09-29 11:44:16,253 [pool-77-thread-1] INFO  server.RaftServerConfigKeys (ConfUtils.java:logGet(43)) - raft.server.log.use.memory = false (default)
2019-09-29 11:44:16,254 [pool-97-thread-1] INFO  server.RaftServerConfigKeys (ConfUtils.java:logGet(43)) - raft.server.log.segment.size.max = 1048576 (custom)
2019-09-29 11:44:16,253 [pool-87-thread-1] INFO  server.RaftServerConfigKeys (ConfUtils.java:logGet(43)) - raft.server.log.use.memory = false (default)
2019-09-29 11:44:16,254 [pool-97-thread-1] INFO  server.RaftServerConfigKeys (ConfUtils.java:logGet(43)) - raft.server.log.segment.cache.num.max = 2 (custom)
2019-09-29 11:44:16,254 [pool-77-thread-1] INFO  server.RaftServerConfigKeys (ConfUtils.java:logGet(43)) - raft.server.log.purge.gap = 1000000 (custom)
2019-09-29 11:44:16,254 [pool-97-thread-1] INFO  segmented.SegmentedRaftLogWorker (SegmentedRaftLogWorker.java:<init>(172)) - new 6041ccb3-4e57-4349-bebe-d2cf5d4f01d1@group-59E51D913EDB-SegmentedRaftLogWorker for RaftStorage:Storage Directory /workdir/hadoop-ozone/integration-test/target/test-dir/MiniOzoneClusterImpl-b053464a-6ba9-4d5b-990c-93e7f610e587/datanode-2/data/ratis/18e5074d-aac5-4316-bcaa-59e51d913edb
2019-09-29 11:44:16,254 [pool-87-thread-1] INFO  server.RaftServerConfigKeys (ConfUtils.java:logGet(43)) - raft.server.log.purge.gap = 1000000 (custom)
2019-09-29 11:44:16,254 [pool-97-thread-1] INFO  server.RaftServerConfigKeys (ConfUtils.java:logGet(43)) - raft.server.log.queue.byte-limit = 2147483647 (custom)
2019-09-29 11:44:16,255 [pool-97-thread-1] INFO  server.RaftServerConfigKeys (ConfUtils.java:logGet(43)) - raft.server.log.queue.element-limit = 1024 (custom)
2019-09-29 11:44:16,254 [pool-77-thread-1] INFO  server.RaftServerConfigKeys (ConfUtils.java:logGet(43)) - raft.server.log.appender.buffer.byte-limit = 33554432 (custom)
2019-09-29 11:44:16,255 [pool-97-thread-1] INFO  server.RaftServerConfigKeys (ConfUtils.java:logGet(43)) - raft.server.log.segment.size.max = 1048576 (custom)
2019-09-29 11:44:16,255 [pool-87-thread-1] INFO  server.RaftServerConfigKeys (ConfUtils.java:logGet(43)) - raft.server.log.appender.buffer.byte-limit = 33554432 (custom)
2019-09-29 11:44:16,255 [pool-97-thread-1] INFO  server.RaftServerConfigKeys (ConfUtils.java:logGet(43)) - raft.server.log.preallocated.size = 16384 (custom)
2019-09-29 11:44:16,255 [pool-77-thread-1] INFO  server.RaftServerConfigKeys (ConfUtils.java:logGet(43)) - raft.server.log.segment.size.max = 1048576 (custom)
2019-09-29 11:44:16,255 [pool-97-thread-1] INFO  server.RaftServerConfigKeys (ConfUtils.java:logGet(43)) - raft.server.log.write.buffer.size = 33554432 (custom)
2019-09-29 11:44:16,256 [pool-97-thread-1] INFO  server.RaftServerConfigKeys (ConfUtils.java:logGet(43)) - raft.server.log.force.sync.num = 128 (default)
2019-09-29 11:44:16,255 [pool-87-thread-1] INFO  server.RaftServerConfigKeys (ConfUtils.java:logGet(43)) - raft.server.log.segment.size.max = 1048576 (custom)
2019-09-29 11:44:16,256 [pool-97-thread-1] INFO  server.RaftServerConfigKeys (ConfUtils.java:logGet(43)) - raft.server.log.statemachine.data.sync = true (default)
2019-09-29 11:44:16,256 [pool-77-thread-1] INFO  server.RaftServerConfigKeys (ConfUtils.java:logGet(43)) - raft.server.log.segment.cache.num.max = 2 (custom)
2019-09-29 11:44:16,256 [pool-97-thread-1] INFO  server.RaftServerConfigKeys (ConfUtils.java:logGet(43)) - raft.server.log.statemachine.data.sync.timeout = 10s (default)
2019-09-29 11:44:16,256 [pool-87-thread-1] INFO  server.RaftServerConfigKeys (ConfUtils.java:logGet(43)) - raft.server.log.segment.cache.num.max = 2 (custom)
2019-09-29 11:44:16,257 [pool-97-thread-1] INFO  server.RaftServerConfigKeys (ConfUtils.java:logGet(43)) - raft.server.log.statemachine.data.sync.timeout.retry = -1 (default)
2019-09-29 11:44:16,256 [pool-77-thread-1] INFO  segmented.SegmentedRaftLogWorker (SegmentedRaftLogWorker.java:<init>(172)) - new 0e6a41e5-20ff-4149-94ab-fd732a1cc964@group-59E51D913EDB-SegmentedRaftLogWorker for RaftStorage:Storage Directory /workdir/hadoop-ozone/integration-test/target/test-dir/MiniOzoneClusterImpl-b053464a-6ba9-4d5b-990c-93e7f610e587/datanode-0/data/ratis/18e5074d-aac5-4316-bcaa-59e51d913edb
2019-09-29 11:44:16,257 [pool-97-thread-1] INFO  server.RaftServerConfigKeys (ConfUtils.java:logGet(43)) - raft.server.log.statemachine.data.caching.enabled = true (custom)
2019-09-29 11:44:16,257 [pool-87-thread-1] INFO  segmented.SegmentedRaftLogWorker (SegmentedRaftLogWorker.java:<init>(172)) - new 80fc131e-7449-4337-bbfe-0af46756e553@group-59E51D913EDB-SegmentedRaftLogWorker for RaftStorage:Storage Directory /workdir/hadoop-ozone/integration-test/target/test-dir/MiniOzoneClusterImpl-b053464a-6ba9-4d5b-990c-93e7f610e587/datanode-1/data/ratis/18e5074d-aac5-4316-bcaa-59e51d913edb
2019-09-29 11:44:16,257 [pool-77-thread-1] INFO  server.RaftServerConfigKeys (ConfUtils.java:logGet(43)) - raft.server.log.queue.byte-limit = 2147483647 (custom)
2019-09-29 11:44:16,257 [pool-87-thread-1] INFO  server.RaftServerConfigKeys (ConfUtils.java:logGet(43)) - raft.server.log.queue.byte-limit = 2147483647 (custom)
2019-09-29 11:44:16,257 [pool-97-thread-1] INFO  segmented.SegmentedRaftLogWorker (SegmentedRaftLogWorker.java:lambda$new$0(132)) - 6041ccb3-4e57-4349-bebe-d2cf5d4f01d1@group-59E51D913EDB-SegmentedRaftLogWorker: flushIndex: setUnconditionally 0 -> -1
2019-09-29 11:44:16,258 [pool-87-thread-1] INFO  server.RaftServerConfigKeys (ConfUtils.java:logGet(43)) - raft.server.log.queue.element-limit = 1024 (custom)
2019-09-29 11:44:16,258 [pool-77-thread-1] INFO  server.RaftServerConfigKeys (ConfUtils.java:logGet(43)) - raft.server.log.queue.element-limit = 1024 (custom)
2019-09-29 11:44:16,258 [pool-87-thread-1] INFO  server.RaftServerConfigKeys (ConfUtils.java:logGet(43)) - raft.server.log.segment.size.max = 1048576 (custom)
2019-09-29 11:44:16,258 [pool-97-thread-1] INFO  server.RaftServerConfigKeys (ConfUtils.java:logGet(43)) - raft.server.snapshot.auto.trigger.enabled = true (custom)
2019-09-29 11:44:16,259 [pool-87-thread-1] INFO  server.RaftServerConfigKeys (ConfUtils.java:logGet(43)) - raft.server.log.preallocated.size = 16384 (custom)
2019-09-29 11:44:16,258 [pool-77-thread-1] INFO  server.RaftServerConfigKeys (ConfUtils.java:logGet(43)) - raft.server.log.segment.size.max = 1048576 (custom)
2019-09-29 11:44:16,259 [pool-87-thread-1] INFO  server.RaftServerConfigKeys (ConfUtils.java:logGet(43)) - raft.server.log.write.buffer.size = 33554432 (custom)
2019-09-29 11:44:16,259 [pool-97-thread-1] INFO  server.RaftServerConfigKeys (ConfUtils.java:logGet(43)) - raft.server.snapshot.auto.trigger.threshold = 10000 (custom)
2019-09-29 11:44:16,259 [pool-87-thread-1] INFO  server.RaftServerConfigKeys (ConfUtils.java:logGet(43)) - raft.server.log.force.sync.num = 128 (default)
2019-09-29 11:44:16,259 [pool-77-thread-1] INFO  server.RaftServerConfigKeys (ConfUtils.java:logGet(43)) - raft.server.log.preallocated.size = 16384 (custom)
2019-09-29 11:44:16,259 [pool-87-thread-1] INFO  server.RaftServerConfigKeys (ConfUtils.java:logGet(43)) - raft.server.log.statemachine.data.sync = true (default)
2019-09-29 11:44:16,259 [pool-97-thread-1] INFO  server.RaftServerConfigKeys (ConfUtils.java:logGet(43)) - raft.server.snapshot.retention.num.files = 5 (custom)
2019-09-29 11:44:16,260 [pool-87-thread-1] INFO  server.RaftServerConfigKeys (ConfUtils.java:logGet(43)) - raft.server.log.statemachine.data.sync.timeout = 10s (default)
2019-09-29 11:44:16,260 [pool-77-thread-1] INFO  server.RaftServerConfigKeys (ConfUtils.java:logGet(43)) - raft.server.log.write.buffer.size = 33554432 (custom)
2019-09-29 11:44:16,260 [pool-87-thread-1] INFO  server.RaftServerConfigKeys (ConfUtils.java:logGet(43)) - raft.server.log.statemachine.data.sync.timeout.retry = -1 (default)
2019-09-29 11:44:16,260 [pool-97-thread-1] INFO  server.RaftServerConfigKeys (ConfUtils.java:logGet(43)) - raft.server.retrycache.expirytime = 600000ms (custom)
2019-09-29 11:44:16,261 [pool-87-thread-1] INFO  server.RaftServerConfigKeys (ConfUtils.java:logGet(43)) - raft.server.log.statemachine.data.caching.enabled = true (custom)
2019-09-29 11:44:16,260 [pool-77-thread-1] INFO  server.RaftServerConfigKeys (ConfUtils.java:logGet(43)) - raft.server.log.force.sync.num = 128 (default)
2019-09-29 11:44:16,269 [pool-87-thread-1] INFO  segmented.SegmentedRaftLogWorker (SegmentedRaftLogWorker.java:lambda$new$0(132)) - 80fc131e-7449-4337-bbfe-0af46756e553@group-59E51D913EDB-SegmentedRaftLogWorker: flushIndex: setUnconditionally 0 -> -1
2019-09-29 11:44:16,270 [pool-77-thread-1] INFO  server.RaftServerConfigKeys (ConfUtils.java:logGet(43)) - raft.server.log.statemachine.data.sync = true (default)
2019-09-29 11:44:16,270 [pool-87-thread-1] INFO  server.RaftServerConfigKeys (ConfUtils.java:logGet(43)) - raft.server.snapshot.auto.trigger.enabled = true (custom)
2019-09-29 11:44:16,270 [pool-77-thread-1] INFO  server.RaftServerConfigKeys (ConfUtils.java:logGet(43)) - raft.server.log.statemachine.data.sync.timeout = 10s (default)
2019-09-29 11:44:16,270 [pool-87-thread-1] INFO  server.RaftServerConfigKeys (ConfUtils.java:logGet(43)) - raft.server.snapshot.auto.trigger.threshold = 10000 (custom)
2019-09-29 11:44:16,270 [pool-77-thread-1] INFO  server.RaftServerConfigKeys (ConfUtils.java:logGet(43)) - raft.server.log.statemachine.data.sync.timeout.retry = -1 (default)
2019-09-29 11:44:16,270 [pool-87-thread-1] INFO  server.RaftServerConfigKeys (ConfUtils.java:logGet(43)) - raft.server.snapshot.retention.num.files = 5 (custom)
2019-09-29 11:44:16,271 [pool-77-thread-1] INFO  server.RaftServerConfigKeys (ConfUtils.java:logGet(43)) - raft.server.log.statemachine.data.caching.enabled = true (custom)
2019-09-29 11:44:16,271 [pool-87-thread-1] INFO  server.RaftServerConfigKeys (ConfUtils.java:logGet(43)) - raft.server.retrycache.expirytime = 600000ms (custom)
2019-09-29 11:44:16,271 [pool-77-thread-1] INFO  segmented.SegmentedRaftLogWorker (SegmentedRaftLogWorker.java:lambda$new$0(132)) - 0e6a41e5-20ff-4149-94ab-fd732a1cc964@group-59E51D913EDB-SegmentedRaftLogWorker: flushIndex: setUnconditionally 0 -> -1
2019-09-29 11:44:16,272 [pool-77-thread-1] INFO  server.RaftServerConfigKeys (ConfUtils.java:logGet(43)) - raft.server.snapshot.auto.trigger.enabled = true (custom)
2019-09-29 11:44:16,272 [pool-77-thread-1] INFO  server.RaftServerConfigKeys (ConfUtils.java:logGet(43)) - raft.server.snapshot.auto.trigger.threshold = 10000 (custom)
2019-09-29 11:44:16,272 [pool-77-thread-1] INFO  server.RaftServerConfigKeys (ConfUtils.java:logGet(43)) - raft.server.snapshot.retention.num.files = 5 (custom)
2019-09-29 11:44:16,272 [pool-77-thread-1] INFO  server.RaftServerConfigKeys (ConfUtils.java:logGet(43)) - raft.server.retrycache.expirytime = 600000ms (custom)
2019-09-29 11:44:16,273 [pool-97-thread-1] INFO  impl.RaftServerImpl (RaftServerImpl.java:start(185)) - 6041ccb3-4e57-4349-bebe-d2cf5d4f01d1@group-59E51D913EDB: start as a follower, conf=-1: [80fc131e-7449-4337-bbfe-0af46756e553:192.168.30.19:42357, 0e6a41e5-20ff-4149-94ab-fd732a1cc964:192.168.30.19:39877, 6041ccb3-4e57-4349-bebe-d2cf5d4f01d1:192.168.30.19:40679], old=null
2019-09-29 11:44:16,273 [pool-97-thread-1] INFO  impl.RaftServerImpl (RaftServerImpl.java:setRole(174)) - 6041ccb3-4e57-4349-bebe-d2cf5d4f01d1@group-59E51D913EDB: changes role from      null to FOLLOWER at term 0 for startAsFollower
2019-09-29 11:44:16,273 [pool-97-thread-1] INFO  impl.RoleInfo (RoleInfo.java:updateAndGet(143)) - 6041ccb3-4e57-4349-bebe-d2cf5d4f01d1: start FollowerState
2019-09-29 11:44:16,274 [pool-97-thread-1] INFO  util.JmxRegister (JmxRegister.java:tryRegister(44)) - Successfully registered JMX Bean with object name Ratis:service=RaftServer,group=group-59E51D913EDB,id=6041ccb3-4e57-4349-bebe-d2cf5d4f01d1
2019-09-29 11:44:16,274 [pool-87-thread-1] INFO  impl.RaftServerImpl (RaftServerImpl.java:start(185)) - 80fc131e-7449-4337-bbfe-0af46756e553@group-59E51D913EDB: start as a follower, conf=-1: [80fc131e-7449-4337-bbfe-0af46756e553:192.168.30.19:42357, 0e6a41e5-20ff-4149-94ab-fd732a1cc964:192.168.30.19:39877, 6041ccb3-4e57-4349-bebe-d2cf5d4f01d1:192.168.30.19:40679], old=null
2019-09-29 11:44:16,275 [pool-87-thread-1] INFO  impl.RaftServerImpl (RaftServerImpl.java:setRole(174)) - 80fc131e-7449-4337-bbfe-0af46756e553@group-59E51D913EDB: changes role from      null to FOLLOWER at term 0 for startAsFollower
2019-09-29 11:44:16,275 [pool-87-thread-1] INFO  impl.RoleInfo (RoleInfo.java:updateAndGet(143)) - 80fc131e-7449-4337-bbfe-0af46756e553: start FollowerState
2019-09-29 11:44:16,279 [pool-87-thread-1] INFO  util.JmxRegister (JmxRegister.java:tryRegister(44)) - Successfully registered JMX Bean with object name Ratis:service=RaftServer,group=group-59E51D913EDB,id=80fc131e-7449-4337-bbfe-0af46756e553
2019-09-29 11:44:16,284 [pool-77-thread-1] INFO  impl.RaftServerImpl (RaftServerImpl.java:start(185)) - 0e6a41e5-20ff-4149-94ab-fd732a1cc964@group-59E51D913EDB: start as a follower, conf=-1: [80fc131e-7449-4337-bbfe-0af46756e553:192.168.30.19:42357, 0e6a41e5-20ff-4149-94ab-fd732a1cc964:192.168.30.19:39877, 6041ccb3-4e57-4349-bebe-d2cf5d4f01d1:192.168.30.19:40679], old=null
2019-09-29 11:44:16,284 [pool-77-thread-1] INFO  impl.RaftServerImpl (RaftServerImpl.java:setRole(174)) - 0e6a41e5-20ff-4149-94ab-fd732a1cc964@group-59E51D913EDB: changes role from      null to FOLLOWER at term 0 for startAsFollower
2019-09-29 11:44:16,284 [pool-77-thread-1] INFO  impl.RoleInfo (RoleInfo.java:updateAndGet(143)) - 0e6a41e5-20ff-4149-94ab-fd732a1cc964: start FollowerState
2019-09-29 11:44:16,285 [pool-77-thread-1] INFO  util.JmxRegister (JmxRegister.java:tryRegister(44)) - Successfully registered JMX Bean with object name Ratis:service=RaftServer,group=group-59E51D913EDB,id=0e6a41e5-20ff-4149-94ab-fd732a1cc964
2019-09-29 11:44:16,292 [RatisPipelineUtilsThread] INFO  pipeline.PipelineStateManager (PipelineStateManager.java:addPipeline(56)) - Created pipeline Pipeline[ Id: 18e5074d-aac5-4316-bcaa-59e51d913edb, Nodes: 80fc131e-7449-4337-bbfe-0af46756e553{ip: 192.168.30.19, host: pr-hdds-1569-lsfh5-224679870, networkLocation: /default-rack, certSerialId: null}0e6a41e5-20ff-4149-94ab-fd732a1cc964{ip: 192.168.30.19, host: pr-hdds-1569-lsfh5-224679870, networkLocation: /default-rack, certSerialId: null}6041ccb3-4e57-4349-bebe-d2cf5d4f01d1{ip: 192.168.30.19, host: pr-hdds-1569-lsfh5-224679870, networkLocation: /default-rack, certSerialId: null}, Type:RATIS, Factor:THREE, State:OPEN]
2019-09-29 11:44:16,306 [grpc-default-executor-0] INFO  impl.RaftServerProxy (RaftServerProxy.java:addNew(89)) - 0e6a41e5-20ff-4149-94ab-fd732a1cc964: addNew group-21171D7A6486:[80fc131e-7449-4337-bbfe-0af46756e553:192.168.30.19:42357, 0e6a41e5-20ff-4149-94ab-fd732a1cc964:192.168.30.19:39877, 6041ccb3-4e57-4349-bebe-d2cf5d4f01d1:192.168.30.19:40679] returns group-21171D7A6486:java.util.concurrent.CompletableFuture@586a4606[Not completed]
2019-09-29 11:44:16,306 [grpc-default-executor-1] INFO  impl.RaftServerProxy (RaftServerProxy.java:addNew(89)) - 6041ccb3-4e57-4349-bebe-d2cf5d4f01d1: addNew group-21171D7A6486:[80fc131e-7449-4337-bbfe-0af46756e553:192.168.30.19:42357, 0e6a41e5-20ff-4149-94ab-fd732a1cc964:192.168.30.19:39877, 6041ccb3-4e57-4349-bebe-d2cf5d4f01d1:192.168.30.19:40679] returns group-21171D7A6486:java.util.concurrent.CompletableFuture@eb92772[Not completed]
2019-09-29 11:44:16,310 [grpc-default-executor-0] INFO  impl.RaftServerProxy (RaftServerProxy.java:addNew(89)) - 80fc131e-7449-4337-bbfe-0af46756e553: addNew group-21171D7A6486:[80fc131e-7449-4337-bbfe-0af46756e553:192.168.30.19:42357, 0e6a41e5-20ff-4149-94ab-fd732a1cc964:192.168.30.19:39877, 6041ccb3-4e57-4349-bebe-d2cf5d4f01d1:192.168.30.19:40679] returns group-21171D7A6486:java.util.concurrent.CompletableFuture@604db897[Not completed]
2019-09-29 11:44:16,311 [pool-77-thread-1] INFO  impl.RaftServerImpl (RaftServerImpl.java:<init>(95)) - 0e6a41e5-20ff-4149-94ab-fd732a1cc964: new RaftServerImpl for group-21171D7A6486:[80fc131e-7449-4337-bbfe-0af46756e553:192.168.30.19:42357, 0e6a41e5-20ff-4149-94ab-fd732a1cc964:192.168.30.19:39877, 6041ccb3-4e57-4349-bebe-d2cf5d4f01d1:192.168.30.19:40679] with ContainerStateMachine:uninitialized
2019-09-29 11:44:16,311 [pool-77-thread-1] INFO  server.RaftServerConfigKeys (ConfUtils.java:logGet(43)) - raft.server.rpc.timeout.min = 5s (custom)
2019-09-29 11:44:16,311 [pool-77-thread-1] INFO  server.RaftServerConfigKeys (ConfUtils.java:logGet(43)) - raft.server.rpc.timeout.max = 5200ms (custom)
2019-09-29 11:44:16,311 [pool-77-thread-1] INFO  server.RaftServerConfigKeys (ConfUtils.java:logGet(43)) - raft.server.rpcslowness.timeout = 120s (custom)
2019-09-29 11:44:16,312 [pool-77-thread-1] INFO  server.RaftServerConfigKeys (ConfUtils.java:logGet(43)) - raft.server.sleep.deviation.threshold = 300 (default)
2019-09-29 11:44:16,312 [pool-77-thread-1] INFO  server.RaftServerConfigKeys (ConfUtils.java:logGet(43)) - raft.server.log.appender.install.snapshot.enabled = false (custom)
2019-09-29 11:44:16,312 [pool-87-thread-1] INFO  impl.RaftServerImpl (RaftServerImpl.java:<init>(95)) - 80fc131e-7449-4337-bbfe-0af46756e553: new RaftServerImpl for group-21171D7A6486:[80fc131e-7449-4337-bbfe-0af46756e553:192.168.30.19:42357, 0e6a41e5-20ff-4149-94ab-fd732a1cc964:192.168.30.19:39877, 6041ccb3-4e57-4349-bebe-d2cf5d4f01d1:192.168.30.19:40679] with ContainerStateMachine:uninitialized
2019-09-29 11:44:16,312 [pool-77-thread-1] INFO  impl.RaftServerImpl (ServerState.java:<init>(103)) - 0e6a41e5-20ff-4149-94ab-fd732a1cc964@group-21171D7A6486: ConfigurationManager, init=-1: [80fc131e-7449-4337-bbfe-0af46756e553:192.168.30.19:42357, 0e6a41e5-20ff-4149-94ab-fd732a1cc964:192.168.30.19:39877, 6041ccb3-4e57-4349-bebe-d2cf5d4f01d1:192.168.30.19:40679], old=null, confs=<EMPTY_MAP>
2019-09-29 11:44:16,312 [pool-87-thread-1] INFO  server.RaftServerConfigKeys (ConfUtils.java:logGet(43)) - raft.server.rpc.timeout.min = 5s (custom)
2019-09-29 11:44:16,312 [pool-77-thread-1] INFO  server.RaftServerConfigKeys (ConfUtils.java:logGet(43)) - raft.server.storage.dir = [/workdir/hadoop-ozone/integration-test/target/test-dir/MiniOzoneClusterImpl-b053464a-6ba9-4d5b-990c-93e7f610e587/datanode-0/data/ratis] (custom)
2019-09-29 11:44:16,312 [pool-87-thread-1] INFO  server.RaftServerConfigKeys (ConfUtils.java:logGet(43)) - raft.server.rpc.timeout.max = 5200ms (custom)
2019-09-29 11:44:16,313 [pool-87-thread-1] INFO  server.RaftServerConfigKeys (ConfUtils.java:logGet(43)) - raft.server.rpcslowness.timeout = 120s (custom)
2019-09-29 11:44:16,313 [pool-97-thread-1] INFO  impl.RaftServerImpl (RaftServerImpl.java:<init>(95)) - 6041ccb3-4e57-4349-bebe-d2cf5d4f01d1: new RaftServerImpl for group-21171D7A6486:[80fc131e-7449-4337-bbfe-0af46756e553:192.168.30.19:42357, 0e6a41e5-20ff-4149-94ab-fd732a1cc964:192.168.30.19:39877, 6041ccb3-4e57-4349-bebe-d2cf5d4f01d1:192.168.30.19:40679] with ContainerStateMachine:uninitialized
2019-09-29 11:44:16,313 [pool-77-thread-1] INFO  storage.RaftStorageDirectory (RaftStorageDirectory.java:analyzeStorage(246)) - The storage directory /workdir/hadoop-ozone/integration-test/target/test-dir/MiniOzoneClusterImpl-b053464a-6ba9-4d5b-990c-93e7f610e587/datanode-0/data/ratis/85934413-379f-481f-9074-21171d7a6486 does not exist. Creating ...
2019-09-29 11:44:16,313 [pool-87-thread-1] INFO  server.RaftServerConfigKeys (ConfUtils.java:logGet(43)) - raft.server.sleep.deviation.threshold = 300 (default)
2019-09-29 11:44:16,313 [pool-97-thread-1] INFO  server.RaftServerConfigKeys (ConfUtils.java:logGet(43)) - raft.server.rpc.timeout.min = 5s (custom)
2019-09-29 11:44:16,313 [pool-87-thread-1] INFO  server.RaftServerConfigKeys (ConfUtils.java:logGet(43)) - raft.server.log.appender.install.snapshot.enabled = false (custom)
2019-09-29 11:44:16,313 [pool-97-thread-1] INFO  server.RaftServerConfigKeys (ConfUtils.java:logGet(43)) - raft.server.rpc.timeout.max = 5200ms (custom)
2019-09-29 11:44:16,313 [pool-87-thread-1] INFO  impl.RaftServerImpl (ServerState.java:<init>(103)) - 80fc131e-7449-4337-bbfe-0af46756e553@group-21171D7A6486: ConfigurationManager, init=-1: [80fc131e-7449-4337-bbfe-0af46756e553:192.168.30.19:42357, 0e6a41e5-20ff-4149-94ab-fd732a1cc964:192.168.30.19:39877, 6041ccb3-4e57-4349-bebe-d2cf5d4f01d1:192.168.30.19:40679], old=null, confs=<EMPTY_MAP>
2019-09-29 11:44:16,314 [pool-97-thread-1] INFO  server.RaftServerConfigKeys (ConfUtils.java:logGet(43)) - raft.server.rpcslowness.timeout = 120s (custom)
2019-09-29 11:44:16,314 [pool-87-thread-1] INFO  server.RaftServerConfigKeys (ConfUtils.java:logGet(43)) - raft.server.storage.dir = [/workdir/hadoop-ozone/integration-test/target/test-dir/MiniOzoneClusterImpl-b053464a-6ba9-4d5b-990c-93e7f610e587/datanode-1/data/ratis] (custom)
2019-09-29 11:44:16,314 [pool-97-thread-1] INFO  server.RaftServerConfigKeys (ConfUtils.java:logGet(43)) - raft.server.sleep.deviation.threshold = 300 (default)
2019-09-29 11:44:16,314 [pool-97-thread-1] INFO  server.RaftServerConfigKeys (ConfUtils.java:logGet(43)) - raft.server.log.appender.install.snapshot.enabled = false (custom)
2019-09-29 11:44:16,314 [pool-97-thread-1] INFO  impl.RaftServerImpl (ServerState.java:<init>(103)) - 6041ccb3-4e57-4349-bebe-d2cf5d4f01d1@group-21171D7A6486: ConfigurationManager, init=-1: [80fc131e-7449-4337-bbfe-0af46756e553:192.168.30.19:42357, 0e6a41e5-20ff-4149-94ab-fd732a1cc964:192.168.30.19:39877, 6041ccb3-4e57-4349-bebe-d2cf5d4f01d1:192.168.30.19:40679], old=null, confs=<EMPTY_MAP>
2019-09-29 11:44:16,314 [pool-87-thread-1] INFO  storage.RaftStorageDirectory (RaftStorageDirectory.java:analyzeStorage(246)) - The storage directory /workdir/hadoop-ozone/integration-test/target/test-dir/MiniOzoneClusterImpl-b053464a-6ba9-4d5b-990c-93e7f610e587/datanode-1/data/ratis/85934413-379f-481f-9074-21171d7a6486 does not exist. Creating ...
2019-09-29 11:44:16,314 [pool-97-thread-1] INFO  server.RaftServerConfigKeys (ConfUtils.java:logGet(43)) - raft.server.storage.dir = [/workdir/hadoop-ozone/integration-test/target/test-dir/MiniOzoneClusterImpl-b053464a-6ba9-4d5b-990c-93e7f610e587/datanode-2/data/ratis] (custom)
2019-09-29 11:44:16,315 [pool-97-thread-1] INFO  storage.RaftStorageDirectory (RaftStorageDirectory.java:analyzeStorage(246)) - The storage directory /workdir/hadoop-ozone/integration-test/target/test-dir/MiniOzoneClusterImpl-b053464a-6ba9-4d5b-990c-93e7f610e587/datanode-2/data/ratis/85934413-379f-481f-9074-21171d7a6486 does not exist. Creating ...
2019-09-29 11:44:16,344 [pool-87-thread-1] INFO  storage.RaftStorageDirectory (RaftStorageDirectory.java:tryLock(328)) - Lock on /workdir/hadoop-ozone/integration-test/target/test-dir/MiniOzoneClusterImpl-b053464a-6ba9-4d5b-990c-93e7f610e587/datanode-1/data/ratis/85934413-379f-481f-9074-21171d7a6486/in_use.lock acquired by nodename 15611@pr-hdds-1569-lsfh5-224679870
2019-09-29 11:44:16,344 [pool-97-thread-1] INFO  storage.RaftStorageDirectory (RaftStorageDirectory.java:tryLock(328)) - Lock on /workdir/hadoop-ozone/integration-test/target/test-dir/MiniOzoneClusterImpl-b053464a-6ba9-4d5b-990c-93e7f610e587/datanode-2/data/ratis/85934413-379f-481f-9074-21171d7a6486/in_use.lock acquired by nodename 15611@pr-hdds-1569-lsfh5-224679870
2019-09-29 11:44:16,344 [pool-77-thread-1] INFO  storage.RaftStorageDirectory (RaftStorageDirectory.java:tryLock(328)) - Lock on /workdir/hadoop-ozone/integration-test/target/test-dir/MiniOzoneClusterImpl-b053464a-6ba9-4d5b-990c-93e7f610e587/datanode-0/data/ratis/85934413-379f-481f-9074-21171d7a6486/in_use.lock acquired by nodename 15611@pr-hdds-1569-lsfh5-224679870
2019-09-29 11:44:16,370 [pool-77-thread-1] INFO  storage.RaftStorage (RaftStorage.java:format(72)) - Storage directory /workdir/hadoop-ozone/integration-test/target/test-dir/MiniOzoneClusterImpl-b053464a-6ba9-4d5b-990c-93e7f610e587/datanode-0/data/ratis/85934413-379f-481f-9074-21171d7a6486 has been successfully formatted.
2019-09-29 11:44:16,370 [pool-97-thread-1] INFO  storage.RaftStorage (RaftStorage.java:format(72)) - Storage directory /workdir/hadoop-ozone/integration-test/target/test-dir/MiniOzoneClusterImpl-b053464a-6ba9-4d5b-990c-93e7f610e587/datanode-2/data/ratis/85934413-379f-481f-9074-21171d7a6486 has been successfully formatted.
2019-09-29 11:44:16,370 [pool-87-thread-1] INFO  storage.RaftStorage (RaftStorage.java:format(72)) - Storage directory /workdir/hadoop-ozone/integration-test/target/test-dir/MiniOzoneClusterImpl-b053464a-6ba9-4d5b-990c-93e7f610e587/datanode-1/data/ratis/85934413-379f-481f-9074-21171d7a6486 has been successfully formatted.
2019-09-29 11:44:16,370 [pool-97-thread-1] INFO  ratis.ContainerStateMachine (ContainerStateMachine.java:loadSnapshot(230)) - group-21171D7A6486: The snapshot info is null. Setting the last applied indexto:(t:0, i:~)
2019-09-29 11:44:16,370 [pool-77-thread-1] INFO  ratis.ContainerStateMachine (ContainerStateMachine.java:loadSnapshot(230)) - group-21171D7A6486: The snapshot info is null. Setting the last applied indexto:(t:0, i:~)
2019-09-29 11:44:16,371 [pool-97-thread-1] INFO  server.RaftServerConfigKeys (ConfUtils.java:logGet(43)) - raft.server.notification.no-leader.timeout = 120s (custom)
2019-09-29 11:44:16,371 [pool-87-thread-1] INFO  ratis.ContainerStateMachine (ContainerStateMachine.java:loadSnapshot(230)) - group-21171D7A6486: The snapshot info is null. Setting the last applied indexto:(t:0, i:~)
2019-09-29 11:44:16,371 [pool-97-thread-1] INFO  server.RaftServerConfigKeys (ConfUtils.java:logGet(43)) - raft.server.log.use.memory = false (default)
2019-09-29 11:44:16,371 [pool-77-thread-1] INFO  server.RaftServerConfigKeys (ConfUtils.java:logGet(43)) - raft.server.notification.no-leader.timeout = 120s (custom)
2019-09-29 11:44:16,371 [pool-97-thread-1] INFO  server.RaftServerConfigKeys (ConfUtils.java:logGet(43)) - raft.server.log.purge.gap = 1000000 (custom)
2019-09-29 11:44:16,371 [pool-87-thread-1] INFO  server.RaftServerConfigKeys (ConfUtils.java:logGet(43)) - raft.server.notification.no-leader.timeout = 120s (custom)
2019-09-29 11:44:16,372 [pool-97-thread-1] INFO  server.RaftServerConfigKeys (ConfUtils.java:logGet(43)) - raft.server.log.appender.buffer.byte-limit = 33554432 (custom)
2019-09-29 11:44:16,371 [pool-77-thread-1] INFO  server.RaftServerConfigKeys (ConfUtils.java:logGet(43)) - raft.server.log.use.memory = false (default)
2019-09-29 11:44:16,372 [pool-97-thread-1] INFO  server.RaftServerConfigKeys (ConfUtils.java:logGet(43)) - raft.server.log.segment.size.max = 1048576 (custom)
2019-09-29 11:44:16,372 [pool-87-thread-1] INFO  server.RaftServerConfigKeys (ConfUtils.java:logGet(43)) - raft.server.log.use.memory = false (default)
2019-09-29 11:44:16,372 [pool-97-thread-1] INFO  server.RaftServerConfigKeys (ConfUtils.java:logGet(43)) - raft.server.log.segment.cache.num.max = 2 (custom)
2019-09-29 11:44:16,372 [pool-77-thread-1] INFO  server.RaftServerConfigKeys (ConfUtils.java:logGet(43)) - raft.server.log.purge.gap = 1000000 (custom)
2019-09-29 11:44:16,372 [pool-97-thread-1] INFO  segmented.SegmentedRaftLogWorker (SegmentedRaftLogWorker.java:<init>(172)) - new 6041ccb3-4e57-4349-bebe-d2cf5d4f01d1@group-21171D7A6486-SegmentedRaftLogWorker for RaftStorage:Storage Directory /workdir/hadoop-ozone/integration-test/target/test-dir/MiniOzoneClusterImpl-b053464a-6ba9-4d5b-990c-93e7f610e587/datanode-2/data/ratis/85934413-379f-481f-9074-21171d7a6486
2019-09-29 11:44:16,372 [pool-87-thread-1] INFO  server.RaftServerConfigKeys (ConfUtils.java:logGet(43)) - raft.server.log.purge.gap = 1000000 (custom)
2019-09-29 11:44:16,373 [pool-97-thread-1] INFO  server.RaftServerConfigKeys (ConfUtils.java:logGet(43)) - raft.server.log.queue.byte-limit = 2147483647 (custom)
2019-09-29 11:44:16,373 [pool-77-thread-1] INFO  server.RaftServerConfigKeys (ConfUtils.java:logGet(43)) - raft.server.log.appender.buffer.byte-limit = 33554432 (custom)
2019-09-29 11:44:16,373 [pool-97-thread-1] INFO  server.RaftServerConfigKeys (ConfUtils.java:logGet(43)) - raft.server.log.queue.element-limit = 1024 (custom)
2019-09-29 11:44:16,373 [pool-87-thread-1] INFO  server.RaftServerConfigKeys (ConfUtils.java:logGet(43)) - raft.server.log.appender.buffer.byte-limit = 33554432 (custom)
2019-09-29 11:44:16,373 [pool-97-thread-1] INFO  server.RaftServerConfigKeys (ConfUtils.java:logGet(43)) - raft.server.log.segment.size.max = 1048576 (custom)
2019-09-29 11:44:16,373 [pool-77-thread-1] INFO  server.RaftServerConfigKeys (ConfUtils.java:logGet(43)) - raft.server.log.segment.size.max = 1048576 (custom)
2019-09-29 11:44:16,374 [pool-97-thread-1] INFO  server.RaftServerConfigKeys (ConfUtils.java:logGet(43)) - raft.server.log.preallocated.size = 16384 (custom)
2019-09-29 11:44:16,373 [pool-87-thread-1] INFO  server.RaftServerConfigKeys (ConfUtils.java:logGet(43)) - raft.server.log.segment.size.max = 1048576 (custom)
2019-09-29 11:44:16,374 [pool-97-thread-1] INFO  server.RaftServerConfigKeys (ConfUtils.java:logGet(43)) - raft.server.log.write.buffer.size = 33554432 (custom)
2019-09-29 11:44:16,374 [pool-77-thread-1] INFO  server.RaftServerConfigKeys (ConfUtils.java:logGet(43)) - raft.server.log.segment.cache.num.max = 2 (custom)
2019-09-29 11:44:16,374 [pool-97-thread-1] INFO  server.RaftServerConfigKeys (ConfUtils.java:logGet(43)) - raft.server.log.force.sync.num = 128 (default)
2019-09-29 11:44:16,374 [pool-87-thread-1] INFO  server.RaftServerConfigKeys (ConfUtils.java:logGet(43)) - raft.server.log.segment.cache.num.max = 2 (custom)
2019-09-29 11:44:16,374 [pool-97-thread-1] INFO  server.RaftServerConfigKeys (ConfUtils.java:logGet(43)) - raft.server.log.statemachine.data.sync = true (default)
2019-09-29 11:44:16,374 [pool-77-thread-1] INFO  segmented.SegmentedRaftLogWorker (SegmentedRaftLogWorker.java:<init>(172)) - new 0e6a41e5-20ff-4149-94ab-fd732a1cc964@group-21171D7A6486-SegmentedRaftLogWorker for RaftStorage:Storage Directory /workdir/hadoop-ozone/integration-test/target/test-dir/MiniOzoneClusterImpl-b053464a-6ba9-4d5b-990c-93e7f610e587/datanode-0/data/ratis/85934413-379f-481f-9074-21171d7a6486
2019-09-29 11:44:16,375 [pool-97-thread-1] INFO  server.RaftServerConfigKeys (ConfUtils.java:logGet(43)) - raft.server.log.statemachine.data.sync.timeout = 10s (default)
2019-09-29 11:44:16,375 [pool-87-thread-1] INFO  segmented.SegmentedRaftLogWorker (SegmentedRaftLogWorker.java:<init>(172)) - new 80fc131e-7449-4337-bbfe-0af46756e553@group-21171D7A6486-SegmentedRaftLogWorker for RaftStorage:Storage Directory /workdir/hadoop-ozone/integration-test/target/test-dir/MiniOzoneClusterImpl-b053464a-6ba9-4d5b-990c-93e7f610e587/datanode-1/data/ratis/85934413-379f-481f-9074-21171d7a6486
2019-09-29 11:44:16,375 [pool-97-thread-1] INFO  server.RaftServerConfigKeys (ConfUtils.java:logGet(43)) - raft.server.log.statemachine.data.sync.timeout.retry = -1 (default)
2019-09-29 11:44:16,375 [pool-77-thread-1] INFO  server.RaftServerConfigKeys (ConfUtils.java:logGet(43)) - raft.server.log.queue.byte-limit = 2147483647 (custom)
2019-09-29 11:44:16,375 [pool-97-thread-1] INFO  server.RaftServerConfigKeys (ConfUtils.java:logGet(43)) - raft.server.log.statemachine.data.caching.enabled = true (custom)
2019-09-29 11:44:16,375 [pool-87-thread-1] INFO  server.RaftServerConfigKeys (ConfUtils.java:logGet(43)) - raft.server.log.queue.byte-limit = 2147483647 (custom)
2019-09-29 11:44:16,376 [pool-77-thread-1] INFO  server.RaftServerConfigKeys (ConfUtils.java:logGet(43)) - raft.server.log.queue.element-limit = 1024 (custom)
2019-09-29 11:44:16,376 [pool-97-thread-1] INFO  segmented.SegmentedRaftLogWorker (SegmentedRaftLogWorker.java:lambda$new$0(132)) - 6041ccb3-4e57-4349-bebe-d2cf5d4f01d1@group-21171D7A6486-SegmentedRaftLogWorker: flushIndex: setUnconditionally 0 -> -1
2019-09-29 11:44:16,376 [pool-87-thread-1] INFO  server.RaftServerConfigKeys (ConfUtils.java:logGet(43)) - raft.server.log.queue.element-limit = 1024 (custom)
2019-09-29 11:44:16,376 [pool-77-thread-1] INFO  server.RaftServerConfigKeys (ConfUtils.java:logGet(43)) - raft.server.log.segment.size.max = 1048576 (custom)
2019-09-29 11:44:16,376 [pool-87-thread-1] INFO  server.RaftServerConfigKeys (ConfUtils.java:logGet(43)) - raft.server.log.segment.size.max = 1048576 (custom)
2019-09-29 11:44:16,376 [pool-97-thread-1] INFO  server.RaftServerConfigKeys (ConfUtils.java:logGet(43)) - raft.server.snapshot.auto.trigger.enabled = true (custom)
2019-09-29 11:44:16,377 [pool-87-thread-1] INFO  server.RaftServerConfigKeys (ConfUtils.java:logGet(43)) - raft.server.log.preallocated.size = 16384 (custom)
2019-09-29 11:44:16,376 [pool-77-thread-1] INFO  server.RaftServerConfigKeys (ConfUtils.java:logGet(43)) - raft.server.log.preallocated.size = 16384 (custom)
2019-09-29 11:44:16,377 [pool-87-thread-1] INFO  server.RaftServerConfigKeys (ConfUtils.java:logGet(43)) - raft.server.log.write.buffer.size = 33554432 (custom)
2019-09-29 11:44:16,377 [pool-97-thread-1] INFO  server.RaftServerConfigKeys (ConfUtils.java:logGet(43)) - raft.server.snapshot.auto.trigger.threshold = 10000 (custom)
2019-09-29 11:44:16,377 [pool-87-thread-1] INFO  server.RaftServerConfigKeys (ConfUtils.java:logGet(43)) - raft.server.log.force.sync.num = 128 (default)
2019-09-29 11:44:16,377 [pool-77-thread-1] INFO  server.RaftServerConfigKeys (ConfUtils.java:logGet(43)) - raft.server.log.write.buffer.size = 33554432 (custom)
2019-09-29 11:44:16,377 [pool-87-thread-1] INFO  server.RaftServerConfigKeys (ConfUtils.java:logGet(43)) - raft.server.log.statemachine.data.sync = true (default)
2019-09-29 11:44:16,377 [pool-97-thread-1] INFO  server.RaftServerConfigKeys (ConfUtils.java:logGet(43)) - raft.server.snapshot.retention.num.files = 5 (custom)
2019-09-29 11:44:16,378 [pool-87-thread-1] INFO  server.RaftServerConfigKeys (ConfUtils.java:logGet(43)) - raft.server.log.statemachine.data.sync.timeout = 10s (default)
2019-09-29 11:44:16,378 [pool-77-thread-1] INFO  server.RaftServerConfigKeys (ConfUtils.java:logGet(43)) - raft.server.log.force.sync.num = 128 (default)
2019-09-29 11:44:16,378 [pool-87-thread-1] INFO  server.RaftServerConfigKeys (ConfUtils.java:logGet(43)) - raft.server.log.statemachine.data.sync.timeout.retry = -1 (default)
2019-09-29 11:44:16,378 [pool-97-thread-1] INFO  server.RaftServerConfigKeys (ConfUtils.java:logGet(43)) - raft.server.retrycache.expirytime = 600000ms (custom)
2019-09-29 11:44:16,378 [pool-87-thread-1] INFO  server.RaftServerConfigKeys (ConfUtils.java:logGet(43)) - raft.server.log.statemachine.data.caching.enabled = true (custom)
2019-09-29 11:44:16,378 [pool-77-thread-1] INFO  server.RaftServerConfigKeys (ConfUtils.java:logGet(43)) - raft.server.log.statemachine.data.sync = true (default)
2019-09-29 11:44:16,379 [pool-77-thread-1] INFO  server.RaftServerConfigKeys (ConfUtils.java:logGet(43)) - raft.server.log.statemachine.data.sync.timeout = 10s (default)
2019-09-29 11:44:16,379 [pool-87-thread-1] INFO  segmented.SegmentedRaftLogWorker (SegmentedRaftLogWorker.java:lambda$new$0(132)) - 80fc131e-7449-4337-bbfe-0af46756e553@group-21171D7A6486-SegmentedRaftLogWorker: flushIndex: setUnconditionally 0 -> -1
2019-09-29 11:44:16,379 [pool-77-thread-1] INFO  server.RaftServerConfigKeys (ConfUtils.java:logGet(43)) - raft.server.log.statemachine.data.sync.timeout.retry = -1 (default)
2019-09-29 11:44:16,379 [pool-87-thread-1] INFO  server.RaftServerConfigKeys (ConfUtils.java:logGet(43)) - raft.server.snapshot.auto.trigger.enabled = true (custom)
2019-09-29 11:44:16,380 [pool-77-thread-1] INFO  server.RaftServerConfigKeys (ConfUtils.java:logGet(43)) - raft.server.log.statemachine.data.caching.enabled = true (custom)
2019-09-29 11:44:16,380 [pool-87-thread-1] INFO  server.RaftServerConfigKeys (ConfUtils.java:logGet(43)) - raft.server.snapshot.auto.trigger.threshold = 10000 (custom)
2019-09-29 11:44:16,380 [pool-87-thread-1] INFO  server.RaftServerConfigKeys (ConfUtils.java:logGet(43)) - raft.server.snapshot.retention.num.files = 5 (custom)
2019-09-29 11:44:16,380 [pool-77-thread-1] INFO  segmented.SegmentedRaftLogWorker (SegmentedRaftLogWorker.java:lambda$new$0(132)) - 0e6a41e5-20ff-4149-94ab-fd732a1cc964@group-21171D7A6486-SegmentedRaftLogWorker: flushIndex: setUnconditionally 0 -> -1
2019-09-29 11:44:16,380 [pool-87-thread-1] INFO  server.RaftServerConfigKeys (ConfUtils.java:logGet(43)) - raft.server.retrycache.expirytime = 600000ms (custom)
2019-09-29 11:44:16,380 [pool-77-thread-1] INFO  server.RaftServerConfigKeys (ConfUtils.java:logGet(43)) - raft.server.snapshot.auto.trigger.enabled = true (custom)
2019-09-29 11:44:16,381 [pool-77-thread-1] INFO  server.RaftServerConfigKeys (ConfUtils.java:logGet(43)) - raft.server.snapshot.auto.trigger.threshold = 10000 (custom)
2019-09-29 11:44:16,381 [pool-77-thread-1] INFO  server.RaftServerConfigKeys (ConfUtils.java:logGet(43)) - raft.server.snapshot.retention.num.files = 5 (custom)
2019-09-29 11:44:16,381 [pool-77-thread-1] INFO  server.RaftServerConfigKeys (ConfUtils.java:logGet(43)) - raft.server.retrycache.expirytime = 600000ms (custom)
2019-09-29 11:44:16,382 [pool-97-thread-1] INFO  impl.RaftServerImpl (RaftServerImpl.java:start(185)) - 6041ccb3-4e57-4349-bebe-d2cf5d4f01d1@group-21171D7A6486: start as a follower, conf=-1: [80fc131e-7449-4337-bbfe-0af46756e553:192.168.30.19:42357, 0e6a41e5-20ff-4149-94ab-fd732a1cc964:192.168.30.19:39877, 6041ccb3-4e57-4349-bebe-d2cf5d4f01d1:192.168.30.19:40679], old=null
2019-09-29 11:44:16,382 [pool-97-thread-1] INFO  impl.RaftServerImpl (RaftServerImpl.java:setRole(174)) - 6041ccb3-4e57-4349-bebe-d2cf5d4f01d1@group-21171D7A6486: changes role from      null to FOLLOWER at term 0 for startAsFollower
2019-09-29 11:44:16,382 [pool-97-thread-1] INFO  impl.RoleInfo (RoleInfo.java:updateAndGet(143)) - 6041ccb3-4e57-4349-bebe-d2cf5d4f01d1: start FollowerState
2019-09-29 11:44:16,382 [pool-97-thread-1] INFO  util.JmxRegister (JmxRegister.java:tryRegister(44)) - Successfully registered JMX Bean with object name Ratis:service=RaftServer,group=group-21171D7A6486,id=6041ccb3-4e57-4349-bebe-d2cf5d4f01d1
2019-09-29 11:44:16,383 [pool-87-thread-1] INFO  impl.RaftServerImpl (RaftServerImpl.java:start(185)) - 80fc131e-7449-4337-bbfe-0af46756e553@group-21171D7A6486: start as a follower, conf=-1: [80fc131e-7449-4337-bbfe-0af46756e553:192.168.30.19:42357, 0e6a41e5-20ff-4149-94ab-fd732a1cc964:192.168.30.19:39877, 6041ccb3-4e57-4349-bebe-d2cf5d4f01d1:192.168.30.19:40679], old=null
2019-09-29 11:44:16,383 [pool-87-thread-1] INFO  impl.RaftServerImpl (RaftServerImpl.java:setRole(174)) - 80fc131e-7449-4337-bbfe-0af46756e553@group-21171D7A6486: changes role from      null to FOLLOWER at term 0 for startAsFollower
2019-09-29 11:44:16,384 [pool-87-thread-1] INFO  impl.RoleInfo (RoleInfo.java:updateAndGet(143)) - 80fc131e-7449-4337-bbfe-0af46756e553: start FollowerState
2019-09-29 11:44:16,384 [pool-87-thread-1] INFO  util.JmxRegister (JmxRegister.java:tryRegister(44)) - Successfully registered JMX Bean with object name Ratis:service=RaftServer,group=group-21171D7A6486,id=80fc131e-7449-4337-bbfe-0af46756e553
2019-09-29 11:44:16,386 [pool-77-thread-1] INFO  impl.RaftServerImpl (RaftServerImpl.java:start(185)) - 0e6a41e5-20ff-4149-94ab-fd732a1cc964@group-21171D7A6486: start as a follower, conf=-1: [80fc131e-7449-4337-bbfe-0af46756e553:192.168.30.19:42357, 0e6a41e5-20ff-4149-94ab-fd732a1cc964:192.168.30.19:39877, 6041ccb3-4e57-4349-bebe-d2cf5d4f01d1:192.168.30.19:40679], old=null
2019-09-29 11:44:16,386 [pool-77-thread-1] INFO  impl.RaftServerImpl (RaftServerImpl.java:setRole(174)) - 0e6a41e5-20ff-4149-94ab-fd732a1cc964@group-21171D7A6486: changes role from      null to FOLLOWER at term 0 for startAsFollower
2019-09-29 11:44:16,387 [pool-77-thread-1] INFO  impl.RoleInfo (RoleInfo.java:updateAndGet(143)) - 0e6a41e5-20ff-4149-94ab-fd732a1cc964: start FollowerState
2019-09-29 11:44:16,387 [pool-77-thread-1] INFO  util.JmxRegister (JmxRegister.java:tryRegister(44)) - Successfully registered JMX Bean with object name Ratis:service=RaftServer,group=group-21171D7A6486,id=0e6a41e5-20ff-4149-94ab-fd732a1cc964
2019-09-29 11:44:16,393 [RatisPipelineUtilsThread] INFO  pipeline.PipelineStateManager (PipelineStateManager.java:addPipeline(56)) - Created pipeline Pipeline[ Id: 85934413-379f-481f-9074-21171d7a6486, Nodes: 0e6a41e5-20ff-4149-94ab-fd732a1cc964{ip: 192.168.30.19, host: pr-hdds-1569-lsfh5-224679870, networkLocation: /default-rack, certSerialId: null}6041ccb3-4e57-4349-bebe-d2cf5d4f01d1{ip: 192.168.30.19, host: pr-hdds-1569-lsfh5-224679870, networkLocation: /default-rack, certSerialId: null}80fc131e-7449-4337-bbfe-0af46756e553{ip: 192.168.30.19, host: pr-hdds-1569-lsfh5-224679870, networkLocation: /default-rack, certSerialId: null}, Type:RATIS, Factor:THREE, State:OPEN]
2019-09-29 11:44:16,959 [main] INFO  ozone.MiniOzoneClusterImpl (MiniOzoneClusterImpl.java:lambda$waitForClusterToBeReady$0(147)) - Cluster is ready. Got 3 of 3 DN Heartbeats.
2019-09-29 11:44:16,960 [main] INFO  ozone.MiniOzoneClusterImpl (MiniOzoneClusterImpl.java:getStorageContainerLocationClient(234)) - Creating StorageContainerLocationProtocol RPC client with address /0.0.0.0:41338
2019-09-29 11:44:16,997 [IPC Server handler 0 on 41338] INFO  ipc.Server (Server.java:logException(2726)) - IPC Server handler 0 on 41338, call Call#20 Retry#0 org.apache.hadoop.hdds.scm.protocol.StorageContainerLocationProtocol.allocateContainer from 192.168.30.19:43644
java.io.IOException: Could not allocate container. Cannot get any matching pipeline for Type:STAND_ALONE, Factor:ONE, State:PipelineState.OPEN
	at org.apache.hadoop.hdds.scm.container.ContainerStateManager.allocateContainer(ContainerStateManager.java:260)
	at org.apache.hadoop.hdds.scm.container.SCMContainerManager.allocateContainer(SCMContainerManager.java:247)
	at org.apache.hadoop.hdds.scm.server.SCMClientProtocolServer.allocateContainer(SCMClientProtocolServer.java:186)
	at org.apache.hadoop.ozone.protocolPB.StorageContainerLocationProtocolServerSideTranslatorPB.allocateContainer(StorageContainerLocationProtocolServerSideTranslatorPB.java:123)
	at org.apache.hadoop.hdds.protocol.proto.StorageContainerLocationProtocolProtos$StorageContainerLocationProtocolService$2.callBlockingMethod(StorageContainerLocationProtocolProtos.java:21239)
	at org.apache.hadoop.ipc.ProtobufRpcEngine$Server$ProtoBufRpcInvoker.call(ProtobufRpcEngine.java:524)
	at org.apache.hadoop.ipc.RPC$Server.call(RPC.java:1025)
	at org.apache.hadoop.ipc.Server$RpcCall.run(Server.java:876)
	at org.apache.hadoop.ipc.Server$RpcCall.run(Server.java:822)
	at java.security.AccessController.doPrivileged(Native Method)
	at javax.security.auth.Subject.doAs(Subject.java:422)
	at org.apache.hadoop.security.UserGroupInformation.doAs(UserGroupInformation.java:1730)
	at org.apache.hadoop.ipc.Server$Handler.run(Server.java:2682)
2019-09-29 11:44:17,001 [main] INFO  ozone.MiniOzoneClusterImpl (MiniOzoneClusterImpl.java:shutdown(314)) - Shutting down the Mini Ozone Cluster
2019-09-29 11:44:17,001 [main] INFO  ozone.MiniOzoneClusterImpl (MiniOzoneClusterImpl.java:stop(330)) - Stopping the Mini Ozone Cluster
2019-09-29 11:44:17,001 [main] INFO  ozone.MiniOzoneClusterImpl (MiniOzoneClusterImpl.java:stopOM(400)) - Stopping the OzoneManager
2019-09-29 11:44:17,002 [main] INFO  ipc.Server (Server.java:stop(3082)) - Stopping server on 45903
2019-09-29 11:44:17,017 [IPC Server listener on 45903] INFO  ipc.Server (Server.java:run(1185)) - Stopping IPC Server listener on 45903
2019-09-29 11:44:17,017 [main] INFO  ratis.OzoneManagerDoubleBuffer (OzoneManagerDoubleBuffer.java:stop(248)) - Stopping OMDoubleBuffer flush thread
2019-09-29 11:44:17,021 [IPC Server Responder] INFO  ipc.Server (Server.java:run(1319)) - Stopping IPC Server Responder
2019-09-29 11:44:17,023 [OMDoubleBufferFlushThread] INFO  ratis.OzoneManagerDoubleBuffer (OzoneManagerDoubleBuffer.java:flushTransactions(191)) - OMDoubleBuffer flush thread OMDoubleBufferFlushThread is interrupted and will exit. OMDoubleBufferFlushThread
2019-09-29 11:44:17,023 [main] INFO  utils.BackgroundService (BackgroundService.java:shutdown(148)) - Shutting down service KeyDeletingService
2019-09-29 11:44:17,025 [main] INFO  handler.ContextHandler (ContextHandler.java:doStop(910)) - Stopped o.e.j.w.WebAppContext@176f7f3b{/,null,UNAVAILABLE}{/ozoneManager}
2019-09-29 11:44:17,026 [main] INFO  server.AbstractConnector (AbstractConnector.java:doStop(318)) - Stopped ServerConnector@30ca0779{HTTP/1.1,[http/1.1]}{0.0.0.0:0}
2019-09-29 11:44:17,027 [main] INFO  handler.ContextHandler (ContextHandler.java:doStop(910)) - Stopped o.e.j.s.ServletContextHandler@459f703f{/static,file:///workdir/hadoop-ozone/integration-test/target/test-classes/webapps/static,UNAVAILABLE}
2019-09-29 11:44:17,027 [main] INFO  handler.ContextHandler (ContextHandler.java:doStop(910)) - Stopped o.e.j.s.ServletContextHandler@60e9c3a5{/logs,file:///workdir/hadoop-ozone/integration-test/target/log,UNAVAILABLE}
2019-09-29 11:44:17,032 [main] INFO  ozone.MiniOzoneClusterImpl (MiniOzoneClusterImpl.java:stopDatanodes(377)) - Stopping the HddsDatanodes
2019-09-29 11:44:17,657 [Datanode State Machine Thread - 0] INFO  statemachine.DatanodeStateMachine (DatanodeStateMachine.java:lambda$startDaemon$0(350)) - Ozone container server started.
2019-09-29 11:44:17,721 [Datanode State Machine Thread - 0] INFO  statemachine.DatanodeStateMachine (DatanodeStateMachine.java:lambda$startDaemon$0(350)) - Ozone container server started.
2019-09-29 11:44:18,670 [Thread-423] INFO  container.ReplicationManager (ReplicationManager.java:start(163)) - Starting Replication Monitor Thread.
2019-09-29 11:44:18,672 [ReplicationMonitor] INFO  container.ReplicationManager (ReplicationManager.java:run(226)) - Replication Monitor Thread took 0 milliseconds for processing 0 containers.
2019-09-29 11:44:20,903 [Thread-425] INFO  impl.FollowerState (FollowerState.java:run(106)) - 0e6a41e5-20ff-4149-94ab-fd732a1cc964:group-928B82A8D3B2 changes to CANDIDATE, lastRpcTime:5130, electionTimeout:5130ms
2019-09-29 11:44:20,903 [Thread-425] INFO  impl.RoleInfo (RoleInfo.java:shutdownFollowerState(121)) - 0e6a41e5-20ff-4149-94ab-fd732a1cc964: shutdown FollowerState
2019-09-29 11:44:20,904 [Thread-425] INFO  impl.RaftServerImpl (RaftServerImpl.java:setRole(174)) - 0e6a41e5-20ff-4149-94ab-fd732a1cc964@group-928B82A8D3B2: changes role from  FOLLOWER to CANDIDATE at term 0 for changeToCandidate
2019-09-29 11:44:20,904 [Thread-425] INFO  impl.RoleInfo (RoleInfo.java:updateAndGet(143)) - 0e6a41e5-20ff-4149-94ab-fd732a1cc964: start LeaderElection
2019-09-29 11:44:20,930 [0e6a41e5-20ff-4149-94ab-fd732a1cc964@group-928B82A8D3B2:LeaderElection11] INFO  impl.LeaderElection (LeaderElection.java:askForVotes(182)) - 0e6a41e5-20ff-4149-94ab-fd732a1cc964@group-928B82A8D3B2:LeaderElection11: begin an election at term 1 for -1: [0e6a41e5-20ff-4149-94ab-fd732a1cc964:192.168.30.19:39877], old=null
2019-09-29 11:44:20,931 [0e6a41e5-20ff-4149-94ab-fd732a1cc964@group-928B82A8D3B2:LeaderElection11] INFO  impl.RoleInfo (RoleInfo.java:shutdownLeaderElection(134)) - 0e6a41e5-20ff-4149-94ab-fd732a1cc964: shutdown LeaderElection
2019-09-29 11:44:20,931 [0e6a41e5-20ff-4149-94ab-fd732a1cc964@group-928B82A8D3B2:LeaderElection11] INFO  impl.RaftServerImpl (RaftServerImpl.java:setRole(174)) - 0e6a41e5-20ff-4149-94ab-fd732a1cc964@group-928B82A8D3B2: changes role from CANDIDATE to LEADER at term 1 for changeToLeader
2019-09-29 11:44:20,931 [0e6a41e5-20ff-4149-94ab-fd732a1cc964@group-928B82A8D3B2:LeaderElection11] INFO  impl.RaftServerImpl (ServerState.java:setLeader(253)) - 0e6a41e5-20ff-4149-94ab-fd732a1cc964@group-928B82A8D3B2: change Leader from null to 0e6a41e5-20ff-4149-94ab-fd732a1cc964 at term 1 for becomeLeader, leader elected after 5172ms
2019-09-29 11:44:20,932 [0e6a41e5-20ff-4149-94ab-fd732a1cc964@group-928B82A8D3B2:LeaderElection11] INFO  server.RaftServerConfigKeys (ConfUtils.java:logGet(43)) - raft.server.staging.catchup.gap = 1000 (default)
2019-09-29 11:44:20,932 [0e6a41e5-20ff-4149-94ab-fd732a1cc964@group-928B82A8D3B2:LeaderElection11] INFO  server.RaftServerConfigKeys (ConfUtils.java:logGet(43)) - raft.server.rpc.sleep.time = 25ms (default)
2019-09-29 11:44:20,933 [0e6a41e5-20ff-4149-94ab-fd732a1cc964@group-928B82A8D3B2:LeaderElection11] INFO  server.RaftServerConfigKeys (ConfUtils.java:logGet(43)) - raft.server.write.element-limit = 4096 (default)
2019-09-29 11:44:20,933 [0e6a41e5-20ff-4149-94ab-fd732a1cc964@group-928B82A8D3B2:LeaderElection11] INFO  server.RaftServerConfigKeys (ConfUtils.java:logGet(43)) - raft.server.watch.timeout = 10s (default)
2019-09-29 11:44:20,933 [0e6a41e5-20ff-4149-94ab-fd732a1cc964@group-928B82A8D3B2:LeaderElection11] INFO  server.RaftServerConfigKeys (ConfUtils.java:logGet(43)) - raft.server.watch.timeout.denomination = 1s (default)
2019-09-29 11:44:20,933 [0e6a41e5-20ff-4149-94ab-fd732a1cc964@group-928B82A8D3B2:LeaderElection11] INFO  server.RaftServerConfigKeys (ConfUtils.java:logGet(43)) - raft.server.watch.element-limit = 65536 (default)
2019-09-29 11:44:20,936 [0e6a41e5-20ff-4149-94ab-fd732a1cc964@group-928B82A8D3B2:LeaderElection11] INFO  impl.RoleInfo (RoleInfo.java:updateAndGet(143)) - 0e6a41e5-20ff-4149-94ab-fd732a1cc964: start LeaderState
2019-09-29 11:44:20,937 [0e6a41e5-20ff-4149-94ab-fd732a1cc964@group-928B82A8D3B2:LeaderElection11] INFO  segmented.SegmentedRaftLogWorker (SegmentedRaftLogWorker.java:startLogSegment(380)) - 0e6a41e5-20ff-4149-94ab-fd732a1cc964@group-928B82A8D3B2-SegmentedRaftLogWorker: Starting segment from index:0
2019-09-29 11:44:20,938 [0e6a41e5-20ff-4149-94ab-fd732a1cc964@group-928B82A8D3B2:LeaderElection11] INFO  impl.RaftServerImpl (ServerState.java:setRaftConf(354)) - 0e6a41e5-20ff-4149-94ab-fd732a1cc964@group-928B82A8D3B2: set configuration 0: [0e6a41e5-20ff-4149-94ab-fd732a1cc964:192.168.30.19:39877], old=null at 0
2019-09-29 11:44:20,974 [Thread-428] INFO  impl.FollowerState (FollowerState.java:run(106)) - 80fc131e-7449-4337-bbfe-0af46756e553:group-86C2A47DAA8F changes to CANDIDATE, lastRpcTime:5102, electionTimeout:5102ms
2019-09-29 11:44:20,974 [Thread-428] INFO  impl.RoleInfo (RoleInfo.java:shutdownFollowerState(121)) - 80fc131e-7449-4337-bbfe-0af46756e553: shutdown FollowerState
2019-09-29 11:44:20,975 [Thread-428] INFO  impl.RaftServerImpl (RaftServerImpl.java:setRole(174)) - 80fc131e-7449-4337-bbfe-0af46756e553@group-86C2A47DAA8F: changes role from  FOLLOWER to CANDIDATE at term 0 for changeToCandidate
2019-09-29 11:44:20,975 [Thread-428] INFO  impl.RoleInfo (RoleInfo.java:updateAndGet(143)) - 80fc131e-7449-4337-bbfe-0af46756e553: start LeaderElection
2019-09-29 11:44:20,984 [0e6a41e5-20ff-4149-94ab-fd732a1cc964@group-928B82A8D3B2-SegmentedRaftLogWorker] INFO  segmented.SegmentedRaftLogWorker (SegmentedRaftLogWorker.java:execute(569)) - 0e6a41e5-20ff-4149-94ab-fd732a1cc964@group-928B82A8D3B2-SegmentedRaftLogWorker: created new log segment /workdir/hadoop-ozone/integration-test/target/test-dir/MiniOzoneClusterImpl-b053464a-6ba9-4d5b-990c-93e7f610e587/datanode-0/data/ratis/0112fbab-f803-48ad-a846-928b82a8d3b2/current/log_inprogress_0
2019-09-29 11:44:21,007 [80fc131e-7449-4337-bbfe-0af46756e553@group-86C2A47DAA8F:LeaderElection12] INFO  impl.LeaderElection (LeaderElection.java:askForVotes(182)) - 80fc131e-7449-4337-bbfe-0af46756e553@group-86C2A47DAA8F:LeaderElection12: begin an election at term 1 for -1: [80fc131e-7449-4337-bbfe-0af46756e553:192.168.30.19:42357], old=null
2019-09-29 11:44:21,007 [80fc131e-7449-4337-bbfe-0af46756e553@group-86C2A47DAA8F:LeaderElection12] INFO  impl.RoleInfo (RoleInfo.java:shutdownLeaderElection(134)) - 80fc131e-7449-4337-bbfe-0af46756e553: shutdown LeaderElection
2019-09-29 11:44:21,007 [80fc131e-7449-4337-bbfe-0af46756e553@group-86C2A47DAA8F:LeaderElection12] INFO  impl.RaftServerImpl (RaftServerImpl.java:setRole(174)) - 80fc131e-7449-4337-bbfe-0af46756e553@group-86C2A47DAA8F: changes role from CANDIDATE to LEADER at term 1 for changeToLeader
2019-09-29 11:44:21,008 [80fc131e-7449-4337-bbfe-0af46756e553@group-86C2A47DAA8F:LeaderElection12] INFO  impl.RaftServerImpl (ServerState.java:setLeader(253)) - 80fc131e-7449-4337-bbfe-0af46756e553@group-86C2A47DAA8F: change Leader from null to 80fc131e-7449-4337-bbfe-0af46756e553 at term 1 for becomeLeader, leader elected after 5147ms
2019-09-29 11:44:21,009 [80fc131e-7449-4337-bbfe-0af46756e553@group-86C2A47DAA8F:LeaderElection12] INFO  server.RaftServerConfigKeys (ConfUtils.java:logGet(43)) - raft.server.staging.catchup.gap = 1000 (default)
2019-09-29 11:44:21,009 [80fc131e-7449-4337-bbfe-0af46756e553@group-86C2A47DAA8F:LeaderElection12] INFO  server.RaftServerConfigKeys (ConfUtils.java:logGet(43)) - raft.server.rpc.sleep.time = 25ms (default)
2019-09-29 11:44:21,009 [80fc131e-7449-4337-bbfe-0af46756e553@group-86C2A47DAA8F:LeaderElection12] INFO  server.RaftServerConfigKeys (ConfUtils.java:logGet(43)) - raft.server.write.element-limit = 4096 (default)
2019-09-29 11:44:21,010 [80fc131e-7449-4337-bbfe-0af46756e553@group-86C2A47DAA8F:LeaderElection12] INFO  server.RaftServerConfigKeys (ConfUtils.java:logGet(43)) - raft.server.watch.timeout = 10s (default)
2019-09-29 11:44:21,010 [80fc131e-7449-4337-bbfe-0af46756e553@group-86C2A47DAA8F:LeaderElection12] INFO  server.RaftServerConfigKeys (ConfUtils.java:logGet(43)) - raft.server.watch.timeout.denomination = 1s (default)
2019-09-29 11:44:21,010 [80fc131e-7449-4337-bbfe-0af46756e553@group-86C2A47DAA8F:LeaderElection12] INFO  server.RaftServerConfigKeys (ConfUtils.java:logGet(43)) - raft.server.watch.element-limit = 65536 (default)
2019-09-29 11:44:21,013 [80fc131e-7449-4337-bbfe-0af46756e553@group-86C2A47DAA8F:LeaderElection12] INFO  impl.RoleInfo (RoleInfo.java:updateAndGet(143)) - 80fc131e-7449-4337-bbfe-0af46756e553: start LeaderState
2019-09-29 11:44:21,013 [80fc131e-7449-4337-bbfe-0af46756e553@group-86C2A47DAA8F:LeaderElection12] INFO  segmented.SegmentedRaftLogWorker (SegmentedRaftLogWorker.java:startLogSegment(380)) - 80fc131e-7449-4337-bbfe-0af46756e553@group-86C2A47DAA8F-SegmentedRaftLogWorker: Starting segment from index:0
2019-09-29 11:44:21,014 [80fc131e-7449-4337-bbfe-0af46756e553@group-86C2A47DAA8F:LeaderElection12] INFO  impl.RaftServerImpl (ServerState.java:setRaftConf(354)) - 80fc131e-7449-4337-bbfe-0af46756e553@group-86C2A47DAA8F: set configuration 0: [80fc131e-7449-4337-bbfe-0af46756e553:192.168.30.19:42357], old=null at 0
2019-09-29 11:44:21,068 [80fc131e-7449-4337-bbfe-0af46756e553@group-86C2A47DAA8F-SegmentedRaftLogWorker] INFO  segmented.SegmentedRaftLogWorker (SegmentedRaftLogWorker.java:execute(569)) - 80fc131e-7449-4337-bbfe-0af46756e553@group-86C2A47DAA8F-SegmentedRaftLogWorker: created new log segment /workdir/hadoop-ozone/integration-test/target/test-dir/MiniOzoneClusterImpl-b053464a-6ba9-4d5b-990c-93e7f610e587/datanode-1/data/ratis/884c9608-1f4c-465a-a06a-86c2a47daa8f/current/log_inprogress_0
2019-09-29 11:44:21,132 [Thread-431] INFO  impl.FollowerState (FollowerState.java:run(106)) - 6041ccb3-4e57-4349-bebe-d2cf5d4f01d1:group-7E9153B79F34 changes to CANDIDATE, lastRpcTime:5074, electionTimeout:5074ms
2019-09-29 11:44:21,132 [Thread-431] INFO  impl.RoleInfo (RoleInfo.java:shutdownFollowerState(121)) - 6041ccb3-4e57-4349-bebe-d2cf5d4f01d1: shutdown FollowerState
2019-09-29 11:44:21,132 [Thread-431] INFO  impl.RaftServerImpl (RaftServerImpl.java:setRole(174)) - 6041ccb3-4e57-4349-bebe-d2cf5d4f01d1@group-7E9153B79F34: changes role from  FOLLOWER to CANDIDATE at term 0 for changeToCandidate
2019-09-29 11:44:21,132 [Thread-431] INFO  impl.RoleInfo (RoleInfo.java:updateAndGet(143)) - 6041ccb3-4e57-4349-bebe-d2cf5d4f01d1: start LeaderElection
2019-09-29 11:44:21,160 [6041ccb3-4e57-4349-bebe-d2cf5d4f01d1@group-7E9153B79F34:LeaderElection13] INFO  impl.LeaderElection (LeaderElection.java:askForVotes(182)) - 6041ccb3-4e57-4349-bebe-d2cf5d4f01d1@group-7E9153B79F34:LeaderElection13: begin an election at term 1 for -1: [6041ccb3-4e57-4349-bebe-d2cf5d4f01d1:192.168.30.19:40679], old=null
2019-09-29 11:44:21,160 [6041ccb3-4e57-4349-bebe-d2cf5d4f01d1@group-7E9153B79F34:LeaderElection13] INFO  impl.RoleInfo (RoleInfo.java:shutdownLeaderElection(134)) - 6041ccb3-4e57-4349-bebe-d2cf5d4f01d1: shutdown LeaderElection
2019-09-29 11:44:21,160 [6041ccb3-4e57-4349-bebe-d2cf5d4f01d1@group-7E9153B79F34:LeaderElection13] INFO  impl.RaftServerImpl (RaftServerImpl.java:setRole(174)) - 6041ccb3-4e57-4349-bebe-d2cf5d4f01d1@group-7E9153B79F34: changes role from CANDIDATE to LEADER at term 1 for changeToLeader
2019-09-29 11:44:21,160 [6041ccb3-4e57-4349-bebe-d2cf5d4f01d1@group-7E9153B79F34:LeaderElection13] INFO  impl.RaftServerImpl (ServerState.java:setLeader(253)) - 6041ccb3-4e57-4349-bebe-d2cf5d4f01d1@group-7E9153B79F34: change Leader from null to 6041ccb3-4e57-4349-bebe-d2cf5d4f01d1 at term 1 for becomeLeader, leader elected after 5116ms
2019-09-29 11:44:21,160 [6041ccb3-4e57-4349-bebe-d2cf5d4f01d1@group-7E9153B79F34:LeaderElection13] INFO  server.RaftServerConfigKeys (ConfUtils.java:logGet(43)) - raft.server.staging.catchup.gap = 1000 (default)
2019-09-29 11:44:21,161 [6041ccb3-4e57-4349-bebe-d2cf5d4f01d1@group-7E9153B79F34:LeaderElection13] INFO  server.RaftServerConfigKeys (ConfUtils.java:logGet(43)) - raft.server.rpc.sleep.time = 25ms (default)
2019-09-29 11:44:21,161 [6041ccb3-4e57-4349-bebe-d2cf5d4f01d1@group-7E9153B79F34:LeaderElection13] INFO  server.RaftServerConfigKeys (ConfUtils.java:logGet(43)) - raft.server.write.element-limit = 4096 (default)
2019-09-29 11:44:21,161 [6041ccb3-4e57-4349-bebe-d2cf5d4f01d1@group-7E9153B79F34:LeaderElection13] INFO  server.RaftServerConfigKeys (ConfUtils.java:logGet(43)) - raft.server.watch.timeout = 10s (default)
2019-09-29 11:44:21,161 [6041ccb3-4e57-4349-bebe-d2cf5d4f01d1@group-7E9153B79F34:LeaderElection13] INFO  server.RaftServerConfigKeys (ConfUtils.java:logGet(43)) - raft.server.watch.timeout.denomination = 1s (default)
2019-09-29 11:44:21,161 [6041ccb3-4e57-4349-bebe-d2cf5d4f01d1@group-7E9153B79F34:LeaderElection13] INFO  server.RaftServerConfigKeys (ConfUtils.java:logGet(43)) - raft.server.watch.element-limit = 65536 (default)
2019-09-29 11:44:21,164 [6041ccb3-4e57-4349-bebe-d2cf5d4f01d1@group-7E9153B79F34:LeaderElection13] INFO  impl.RoleInfo (RoleInfo.java:updateAndGet(143)) - 6041ccb3-4e57-4349-bebe-d2cf5d4f01d1: start LeaderState
2019-09-29 11:44:21,164 [6041ccb3-4e57-4349-bebe-d2cf5d4f01d1@group-7E9153B79F34:LeaderElection13] INFO  segmented.SegmentedRaftLogWorker (SegmentedRaftLogWorker.java:startLogSegment(380)) - 6041ccb3-4e57-4349-bebe-d2cf5d4f01d1@group-7E9153B79F34-SegmentedRaftLogWorker: Starting segment from index:0
2019-09-29 11:44:21,165 [6041ccb3-4e57-4349-bebe-d2cf5d4f01d1@group-7E9153B79F34:LeaderElection13] INFO  impl.RaftServerImpl (ServerState.java:setRaftConf(354)) - 6041ccb3-4e57-4349-bebe-d2cf5d4f01d1@group-7E9153B79F34: set configuration 0: [6041ccb3-4e57-4349-bebe-d2cf5d4f01d1:192.168.30.19:40679], old=null at 0
2019-09-29 11:44:21,197 [Thread-440] INFO  impl.FollowerState (FollowerState.java:run(106)) - 0e6a41e5-20ff-4149-94ab-fd732a1cc964:group-22495A40CA1B changes to CANDIDATE, lastRpcTime:5020, electionTimeout:5012ms
2019-09-29 11:44:21,197 [Thread-440] INFO  impl.RoleInfo (RoleInfo.java:shutdownFollowerState(121)) - 0e6a41e5-20ff-4149-94ab-fd732a1cc964: shutdown FollowerState
2019-09-29 11:44:21,198 [Thread-440] INFO  impl.RaftServerImpl (RaftServerImpl.java:setRole(174)) - 0e6a41e5-20ff-4149-94ab-fd732a1cc964@group-22495A40CA1B: changes role from  FOLLOWER to CANDIDATE at term 0 for changeToCandidate
2019-09-29 11:44:21,198 [Thread-440] INFO  impl.RoleInfo (RoleInfo.java:updateAndGet(143)) - 0e6a41e5-20ff-4149-94ab-fd732a1cc964: start LeaderElection
2019-09-29 11:44:21,218 [6041ccb3-4e57-4349-bebe-d2cf5d4f01d1@group-7E9153B79F34-SegmentedRaftLogWorker] INFO  segmented.SegmentedRaftLogWorker (SegmentedRaftLogWorker.java:execute(569)) - 6041ccb3-4e57-4349-bebe-d2cf5d4f01d1@group-7E9153B79F34-SegmentedRaftLogWorker: created new log segment /workdir/hadoop-ozone/integration-test/target/test-dir/MiniOzoneClusterImpl-b053464a-6ba9-4d5b-990c-93e7f610e587/datanode-2/data/ratis/56ad9e25-9acd-4d5d-ad86-7e9153b79f34/current/log_inprogress_0
2019-09-29 11:44:21,218 [0e6a41e5-20ff-4149-94ab-fd732a1cc964@group-22495A40CA1B:LeaderElection14] INFO  impl.LeaderElection (LeaderElection.java:askForVotes(182)) - 0e6a41e5-20ff-4149-94ab-fd732a1cc964@group-22495A40CA1B:LeaderElection14: begin an election at term 1 for -1: [80fc131e-7449-4337-bbfe-0af46756e553:192.168.30.19:42357, 0e6a41e5-20ff-4149-94ab-fd732a1cc964:192.168.30.19:39877, 6041ccb3-4e57-4349-bebe-d2cf5d4f01d1:192.168.30.19:40679], old=null
2019-09-29 11:44:21,229 [grpc-default-executor-1] INFO  impl.RaftServerImpl (RaftServerImpl.java:setRole(174)) - 80fc131e-7449-4337-bbfe-0af46756e553@group-22495A40CA1B: changes role from  FOLLOWER to FOLLOWER at term 1 for recognizeCandidate:0e6a41e5-20ff-4149-94ab-fd732a1cc964
2019-09-29 11:44:21,230 [grpc-default-executor-0] INFO  impl.RaftServerImpl (RaftServerImpl.java:setRole(174)) - 6041ccb3-4e57-4349-bebe-d2cf5d4f01d1@group-22495A40CA1B: changes role from  FOLLOWER to FOLLOWER at term 1 for recognizeCandidate:0e6a41e5-20ff-4149-94ab-fd732a1cc964
2019-09-29 11:44:21,230 [grpc-default-executor-1] INFO  impl.RoleInfo (RoleInfo.java:shutdownFollowerState(121)) - 80fc131e-7449-4337-bbfe-0af46756e553: shutdown FollowerState
2019-09-29 11:44:21,230 [grpc-default-executor-0] INFO  impl.RoleInfo (RoleInfo.java:shutdownFollowerState(121)) - 6041ccb3-4e57-4349-bebe-d2cf5d4f01d1: shutdown FollowerState
2019-09-29 11:44:21,231 [grpc-default-executor-1] INFO  impl.RoleInfo (RoleInfo.java:updateAndGet(143)) - 80fc131e-7449-4337-bbfe-0af46756e553: start FollowerState
2019-09-29 11:44:21,231 [Thread-438] INFO  impl.FollowerState (FollowerState.java:run(115)) - 6041ccb3-4e57-4349-bebe-d2cf5d4f01d1: FollowerState was interrupted: java.lang.InterruptedException: sleep interrupted
2019-09-29 11:44:21,231 [grpc-default-executor-0] INFO  impl.RoleInfo (RoleInfo.java:updateAndGet(143)) - 6041ccb3-4e57-4349-bebe-d2cf5d4f01d1: start FollowerState
2019-09-29 11:44:21,231 [Thread-436] INFO  impl.FollowerState (FollowerState.java:run(115)) - 80fc131e-7449-4337-bbfe-0af46756e553: FollowerState was interrupted: java.lang.InterruptedException: sleep interrupted
2019-09-29 11:44:21,261 [0e6a41e5-20ff-4149-94ab-fd732a1cc964@group-22495A40CA1B:LeaderElection14] INFO  impl.LeaderElection (LeaderElection.java:logAndReturn(56)) - 0e6a41e5-20ff-4149-94ab-fd732a1cc964@group-22495A40CA1B:LeaderElection14: Election PASSED; received 1 response(s) [0e6a41e5-20ff-4149-94ab-fd732a1cc964<-6041ccb3-4e57-4349-bebe-d2cf5d4f01d1#0:OK-t1] and 0 exception(s); 0e6a41e5-20ff-4149-94ab-fd732a1cc964@group-22495A40CA1B:t1, leader=null, voted=0e6a41e5-20ff-4149-94ab-fd732a1cc964, raftlog=0e6a41e5-20ff-4149-94ab-fd732a1cc964@group-22495A40CA1B-SegmentedRaftLog:OPENED:c-1,f-1,i0, conf=-1: [80fc131e-7449-4337-bbfe-0af46756e553:192.168.30.19:42357, 0e6a41e5-20ff-4149-94ab-fd732a1cc964:192.168.30.19:39877, 6041ccb3-4e57-4349-bebe-d2cf5d4f01d1:192.168.30.19:40679], old=null
2019-09-29 11:44:21,262 [0e6a41e5-20ff-4149-94ab-fd732a1cc964@group-22495A40CA1B:LeaderElection14] INFO  impl.RoleInfo (RoleInfo.java:shutdownLeaderElection(134)) - 0e6a41e5-20ff-4149-94ab-fd732a1cc964: shutdown LeaderElection
2019-09-29 11:44:21,263 [0e6a41e5-20ff-4149-94ab-fd732a1cc964@group-22495A40CA1B:LeaderElection14] INFO  impl.RaftServerImpl (RaftServerImpl.java:setRole(174)) - 0e6a41e5-20ff-4149-94ab-fd732a1cc964@group-22495A40CA1B: changes role from CANDIDATE to LEADER at term 1 for changeToLeader
2019-09-29 11:44:21,263 [0e6a41e5-20ff-4149-94ab-fd732a1cc964@group-22495A40CA1B:LeaderElection14] INFO  impl.RaftServerImpl (ServerState.java:setLeader(253)) - 0e6a41e5-20ff-4149-94ab-fd732a1cc964@group-22495A40CA1B: change Leader from null to 0e6a41e5-20ff-4149-94ab-fd732a1cc964 at term 1 for becomeLeader, leader elected after 5102ms
2019-09-29 11:44:21,263 [0e6a41e5-20ff-4149-94ab-fd732a1cc964@group-22495A40CA1B:LeaderElection14] INFO  server.RaftServerConfigKeys (ConfUtils.java:logGet(43)) - raft.server.staging.catchup.gap = 1000 (default)
2019-09-29 11:44:21,263 [0e6a41e5-20ff-4149-94ab-fd732a1cc964@group-22495A40CA1B:LeaderElection14] INFO  server.RaftServerConfigKeys (ConfUtils.java:logGet(43)) - raft.server.rpc.sleep.time = 25ms (default)
2019-09-29 11:44:21,264 [0e6a41e5-20ff-4149-94ab-fd732a1cc964@group-22495A40CA1B:LeaderElection14] INFO  server.RaftServerConfigKeys (ConfUtils.java:logGet(43)) - raft.server.write.element-limit = 4096 (default)
2019-09-29 11:44:21,264 [0e6a41e5-20ff-4149-94ab-fd732a1cc964@group-22495A40CA1B:LeaderElection14] INFO  server.RaftServerConfigKeys (ConfUtils.java:logGet(43)) - raft.server.watch.timeout = 10s (default)
2019-09-29 11:44:21,264 [0e6a41e5-20ff-4149-94ab-fd732a1cc964@group-22495A40CA1B:LeaderElection14] INFO  server.RaftServerConfigKeys (ConfUtils.java:logGet(43)) - raft.server.watch.timeout.denomination = 1s (default)
2019-09-29 11:44:21,264 [0e6a41e5-20ff-4149-94ab-fd732a1cc964@group-22495A40CA1B:LeaderElection14] INFO  server.RaftServerConfigKeys (ConfUtils.java:logGet(43)) - raft.server.watch.element-limit = 65536 (default)
2019-09-29 11:44:21,268 [0e6a41e5-20ff-4149-94ab-fd732a1cc964@group-22495A40CA1B:LeaderElection14] INFO  server.RaftServerConfigKeys (ConfUtils.java:logGet(43)) - raft.server.log.appender.snapshot.chunk.size.max = 16MB (=16777216) (default)
2019-09-29 11:44:21,268 [0e6a41e5-20ff-4149-94ab-fd732a1cc964@group-22495A40CA1B:LeaderElection14] INFO  server.RaftServerConfigKeys (ConfUtils.java:logGet(43)) - raft.server.log.appender.buffer.byte-limit = 33554432 (custom)
2019-09-29 11:44:21,268 [0e6a41e5-20ff-4149-94ab-fd732a1cc964@group-22495A40CA1B:LeaderElection14] INFO  server.RaftServerConfigKeys (ConfUtils.java:logGet(43)) - raft.server.log.appender.buffer.element-limit = 1 (custom)
2019-09-29 11:44:21,269 [0e6a41e5-20ff-4149-94ab-fd732a1cc964@group-22495A40CA1B:LeaderElection14] INFO  grpc.GrpcConfigKeys$Server (ConfUtils.java:logGet(43)) - raft.grpc.server.leader.outstanding.appends.max = 128 (default)
2019-09-29 11:44:21,269 [0e6a41e5-20ff-4149-94ab-fd732a1cc964@group-22495A40CA1B:LeaderElection14] INFO  server.RaftServerConfigKeys (ConfUtils.java:logGet(43)) - raft.server.rpc.request.timeout = 3000ms (default)
2019-09-29 11:44:21,269 [0e6a41e5-20ff-4149-94ab-fd732a1cc964@group-22495A40CA1B:LeaderElection14] INFO  server.RaftServerConfigKeys (ConfUtils.java:logGet(43)) - raft.server.log.appender.install.snapshot.enabled = false (custom)
2019-09-29 11:44:21,270 [0e6a41e5-20ff-4149-94ab-fd732a1cc964@group-22495A40CA1B:LeaderElection14] INFO  server.RaftServerConfigKeys (ConfUtils.java:logGet(43)) - raft.server.log.appender.snapshot.chunk.size.max = 16MB (=16777216) (default)
2019-09-29 11:44:21,270 [0e6a41e5-20ff-4149-94ab-fd732a1cc964@group-22495A40CA1B:LeaderElection14] INFO  server.RaftServerConfigKeys (ConfUtils.java:logGet(43)) - raft.server.log.appender.buffer.byte-limit = 33554432 (custom)
2019-09-29 11:44:21,270 [0e6a41e5-20ff-4149-94ab-fd732a1cc964@group-22495A40CA1B:LeaderElection14] INFO  server.RaftServerConfigKeys (ConfUtils.java:logGet(43)) - raft.server.log.appender.buffer.element-limit = 1 (custom)
2019-09-29 11:44:21,270 [0e6a41e5-20ff-4149-94ab-fd732a1cc964@group-22495A40CA1B:LeaderElection14] INFO  grpc.GrpcConfigKeys$Server (ConfUtils.java:logGet(43)) - raft.grpc.server.leader.outstanding.appends.max = 128 (default)
2019-09-29 11:44:21,270 [0e6a41e5-20ff-4149-94ab-fd732a1cc964@group-22495A40CA1B:LeaderElection14] INFO  server.RaftServerConfigKeys (ConfUtils.java:logGet(43)) - raft.server.rpc.request.timeout = 3000ms (default)
2019-09-29 11:44:21,271 [0e6a41e5-20ff-4149-94ab-fd732a1cc964@group-22495A40CA1B:LeaderElection14] INFO  server.RaftServerConfigKeys (ConfUtils.java:logGet(43)) - raft.server.log.appender.install.snapshot.enabled = false (custom)
2019-09-29 11:44:21,271 [0e6a41e5-20ff-4149-94ab-fd732a1cc964@group-22495A40CA1B:LeaderElection14] INFO  impl.RoleInfo (RoleInfo.java:updateAndGet(143)) - 0e6a41e5-20ff-4149-94ab-fd732a1cc964: start LeaderState
2019-09-29 11:44:21,271 [0e6a41e5-20ff-4149-94ab-fd732a1cc964@group-22495A40CA1B:LeaderElection14] INFO  segmented.SegmentedRaftLogWorker (SegmentedRaftLogWorker.java:startLogSegment(380)) - 0e6a41e5-20ff-4149-94ab-fd732a1cc964@group-22495A40CA1B-SegmentedRaftLogWorker: Starting segment from index:0
2019-09-29 11:44:21,272 [0e6a41e5-20ff-4149-94ab-fd732a1cc964@group-22495A40CA1B:LeaderElection14] INFO  impl.RaftServerImpl (ServerState.java:setRaftConf(354)) - 0e6a41e5-20ff-4149-94ab-fd732a1cc964@group-22495A40CA1B: set configuration 0: [80fc131e-7449-4337-bbfe-0af46756e553:192.168.30.19:42357, 0e6a41e5-20ff-4149-94ab-fd732a1cc964:192.168.30.19:39877, 6041ccb3-4e57-4349-bebe-d2cf5d4f01d1:192.168.30.19:40679], old=null at 0
2019-09-29 11:44:21,303 [grpc-default-executor-1] INFO  impl.RaftServerImpl (ServerState.java:setLeader(253)) - 80fc131e-7449-4337-bbfe-0af46756e553@group-22495A40CA1B: change Leader from null to 0e6a41e5-20ff-4149-94ab-fd732a1cc964 at term 1 for appendEntries, leader elected after 5142ms
2019-09-29 11:44:21,304 [grpc-default-executor-0] INFO  impl.RaftServerImpl (ServerState.java:setLeader(253)) - 6041ccb3-4e57-4349-bebe-d2cf5d4f01d1@group-22495A40CA1B: change Leader from null to 0e6a41e5-20ff-4149-94ab-fd732a1cc964 at term 1 for appendEntries, leader elected after 5144ms
2019-09-29 11:44:21,310 [grpc-default-executor-1] INFO  impl.RaftServerImpl (ServerState.java:setRaftConf(354)) - 80fc131e-7449-4337-bbfe-0af46756e553@group-22495A40CA1B: set configuration 0: [80fc131e-7449-4337-bbfe-0af46756e553:192.168.30.19:42357, 0e6a41e5-20ff-4149-94ab-fd732a1cc964:192.168.30.19:39877, 6041ccb3-4e57-4349-bebe-d2cf5d4f01d1:192.168.30.19:40679], old=null at 0
2019-09-29 11:44:21,310 [grpc-default-executor-0] INFO  impl.RaftServerImpl (ServerState.java:setRaftConf(354)) - 6041ccb3-4e57-4349-bebe-d2cf5d4f01d1@group-22495A40CA1B: set configuration 0: [80fc131e-7449-4337-bbfe-0af46756e553:192.168.30.19:42357, 0e6a41e5-20ff-4149-94ab-fd732a1cc964:192.168.30.19:39877, 6041ccb3-4e57-4349-bebe-d2cf5d4f01d1:192.168.30.19:40679], old=null at 0
2019-09-29 11:44:21,310 [grpc-default-executor-1] INFO  segmented.SegmentedRaftLogWorker (SegmentedRaftLogWorker.java:startLogSegment(380)) - 80fc131e-7449-4337-bbfe-0af46756e553@group-22495A40CA1B-SegmentedRaftLogWorker: Starting segment from index:0
2019-09-29 11:44:21,310 [grpc-default-executor-0] INFO  segmented.SegmentedRaftLogWorker (SegmentedRaftLogWorker.java:startLogSegment(380)) - 6041ccb3-4e57-4349-bebe-d2cf5d4f01d1@group-22495A40CA1B-SegmentedRaftLogWorker: Starting segment from index:0
2019-09-29 11:44:21,332 [0e6a41e5-20ff-4149-94ab-fd732a1cc964@group-22495A40CA1B-SegmentedRaftLogWorker] INFO  segmented.SegmentedRaftLogWorker (SegmentedRaftLogWorker.java:execute(569)) - 0e6a41e5-20ff-4149-94ab-fd732a1cc964@group-22495A40CA1B-SegmentedRaftLogWorker: created new log segment /workdir/hadoop-ozone/integration-test/target/test-dir/MiniOzoneClusterImpl-b053464a-6ba9-4d5b-990c-93e7f610e587/datanode-0/data/ratis/6d091f0d-7185-434e-b2ed-22495a40ca1b/current/log_inprogress_0
2019-09-29 11:44:21,371 [Thread-445] INFO  impl.FollowerState (FollowerState.java:run(106)) - 6041ccb3-4e57-4349-bebe-d2cf5d4f01d1:group-59E51D913EDB changes to CANDIDATE, lastRpcTime:5097, electionTimeout:5097ms
2019-09-29 11:44:21,371 [Thread-445] INFO  impl.RoleInfo (RoleInfo.java:shutdownFollowerState(121)) - 6041ccb3-4e57-4349-bebe-d2cf5d4f01d1: shutdown FollowerState
2019-09-29 11:44:21,372 [Thread-445] INFO  impl.RaftServerImpl (RaftServerImpl.java:setRole(174)) - 6041ccb3-4e57-4349-bebe-d2cf5d4f01d1@group-59E51D913EDB: changes role from  FOLLOWER to CANDIDATE at term 0 for changeToCandidate
2019-09-29 11:44:21,372 [Thread-445] INFO  impl.RoleInfo (RoleInfo.java:updateAndGet(143)) - 6041ccb3-4e57-4349-bebe-d2cf5d4f01d1: start LeaderElection
2019-09-29 11:44:21,379 [Thread-449] INFO  impl.FollowerState (FollowerState.java:run(106)) - 0e6a41e5-20ff-4149-94ab-fd732a1cc964:group-59E51D913EDB changes to CANDIDATE, lastRpcTime:5094, electionTimeout:5094ms
2019-09-29 11:44:21,379 [Thread-449] INFO  impl.RoleInfo (RoleInfo.java:shutdownFollowerState(121)) - 0e6a41e5-20ff-4149-94ab-fd732a1cc964: shutdown FollowerState
2019-09-29 11:44:21,379 [Thread-449] INFO  impl.RaftServerImpl (RaftServerImpl.java:setRole(174)) - 0e6a41e5-20ff-4149-94ab-fd732a1cc964@group-59E51D913EDB: changes role from  FOLLOWER to CANDIDATE at term 0 for changeToCandidate
2019-09-29 11:44:21,379 [Thread-449] INFO  impl.RoleInfo (RoleInfo.java:updateAndGet(143)) - 0e6a41e5-20ff-4149-94ab-fd732a1cc964: start LeaderElection
2019-09-29 11:44:21,382 [6041ccb3-4e57-4349-bebe-d2cf5d4f01d1@group-22495A40CA1B-SegmentedRaftLogWorker] INFO  segmented.SegmentedRaftLogWorker (SegmentedRaftLogWorker.java:execute(569)) - 6041ccb3-4e57-4349-bebe-d2cf5d4f01d1@group-22495A40CA1B-SegmentedRaftLogWorker: created new log segment /workdir/hadoop-ozone/integration-test/target/test-dir/MiniOzoneClusterImpl-b053464a-6ba9-4d5b-990c-93e7f610e587/datanode-2/data/ratis/6d091f0d-7185-434e-b2ed-22495a40ca1b/current/log_inprogress_0
2019-09-29 11:44:21,382 [80fc131e-7449-4337-bbfe-0af46756e553@group-22495A40CA1B-SegmentedRaftLogWorker] INFO  segmented.SegmentedRaftLogWorker (SegmentedRaftLogWorker.java:execute(569)) - 80fc131e-7449-4337-bbfe-0af46756e553@group-22495A40CA1B-SegmentedRaftLogWorker: created new log segment /workdir/hadoop-ozone/integration-test/target/test-dir/MiniOzoneClusterImpl-b053464a-6ba9-4d5b-990c-93e7f610e587/datanode-1/data/ratis/6d091f0d-7185-434e-b2ed-22495a40ca1b/current/log_inprogress_0
2019-09-29 11:44:21,408 [6041ccb3-4e57-4349-bebe-d2cf5d4f01d1@group-59E51D913EDB:LeaderElection15] INFO  impl.LeaderElection (LeaderElection.java:askForVotes(182)) - 6041ccb3-4e57-4349-bebe-d2cf5d4f01d1@group-59E51D913EDB:LeaderElection15: begin an election at term 1 for -1: [80fc131e-7449-4337-bbfe-0af46756e553:192.168.30.19:42357, 0e6a41e5-20ff-4149-94ab-fd732a1cc964:192.168.30.19:39877, 6041ccb3-4e57-4349-bebe-d2cf5d4f01d1:192.168.30.19:40679], old=null
2019-09-29 11:44:21,416 [0e6a41e5-20ff-4149-94ab-fd732a1cc964@group-59E51D913EDB:LeaderElection16] INFO  impl.LeaderElection (LeaderElection.java:askForVotes(182)) - 0e6a41e5-20ff-4149-94ab-fd732a1cc964@group-59E51D913EDB:LeaderElection16: begin an election at term 1 for -1: [80fc131e-7449-4337-bbfe-0af46756e553:192.168.30.19:42357, 0e6a41e5-20ff-4149-94ab-fd732a1cc964:192.168.30.19:39877, 6041ccb3-4e57-4349-bebe-d2cf5d4f01d1:192.168.30.19:40679], old=null
2019-09-29 11:44:21,424 [grpc-default-executor-1] INFO  impl.RaftServerImpl (RaftServerImpl.java:setRole(174)) - 80fc131e-7449-4337-bbfe-0af46756e553@group-59E51D913EDB: changes role from  FOLLOWER to FOLLOWER at term 1 for recognizeCandidate:6041ccb3-4e57-4349-bebe-d2cf5d4f01d1
2019-09-29 11:44:21,424 [Thread-456] INFO  impl.FollowerState (FollowerState.java:run(106)) - 80fc131e-7449-4337-bbfe-0af46756e553:group-21171D7A6486 changes to CANDIDATE, lastRpcTime:5040, electionTimeout:5036ms
2019-09-29 11:44:21,424 [grpc-default-executor-1] INFO  impl.RoleInfo (RoleInfo.java:shutdownFollowerState(121)) - 80fc131e-7449-4337-bbfe-0af46756e553: shutdown FollowerState
2019-09-29 11:44:21,425 [Thread-456] INFO  impl.RoleInfo (RoleInfo.java:shutdownFollowerState(121)) - 80fc131e-7449-4337-bbfe-0af46756e553: shutdown FollowerState
2019-09-29 11:44:21,425 [Thread-447] INFO  impl.FollowerState (FollowerState.java:run(115)) - 80fc131e-7449-4337-bbfe-0af46756e553: FollowerState was interrupted: java.lang.InterruptedException: sleep interrupted
2019-09-29 11:44:21,425 [grpc-default-executor-1] INFO  impl.RoleInfo (RoleInfo.java:updateAndGet(143)) - 80fc131e-7449-4337-bbfe-0af46756e553: start FollowerState
2019-09-29 11:44:21,425 [Thread-456] INFO  impl.RaftServerImpl (RaftServerImpl.java:setRole(174)) - 80fc131e-7449-4337-bbfe-0af46756e553@group-21171D7A6486: changes role from  FOLLOWER to CANDIDATE at term 0 for changeToCandidate
2019-09-29 11:44:21,427 [Thread-456] INFO  impl.RoleInfo (RoleInfo.java:updateAndGet(143)) - 80fc131e-7449-4337-bbfe-0af46756e553: start LeaderElection
2019-09-29 11:44:21,447 [Thread-458] INFO  impl.FollowerState (FollowerState.java:run(106)) - 0e6a41e5-20ff-4149-94ab-fd732a1cc964:group-21171D7A6486 changes to CANDIDATE, lastRpcTime:5060, electionTimeout:5060ms
2019-09-29 11:44:21,447 [Thread-458] INFO  impl.RoleInfo (RoleInfo.java:shutdownFollowerState(121)) - 0e6a41e5-20ff-4149-94ab-fd732a1cc964: shutdown FollowerState
2019-09-29 11:44:21,448 [Thread-458] INFO  impl.RaftServerImpl (RaftServerImpl.java:setRole(174)) - 0e6a41e5-20ff-4149-94ab-fd732a1cc964@group-21171D7A6486: changes role from  FOLLOWER to CANDIDATE at term 0 for changeToCandidate
2019-09-29 11:44:21,448 [Thread-458] INFO  impl.RoleInfo (RoleInfo.java:updateAndGet(143)) - 0e6a41e5-20ff-4149-94ab-fd732a1cc964: start LeaderElection
2019-09-29 11:44:21,458 [80fc131e-7449-4337-bbfe-0af46756e553@group-21171D7A6486:LeaderElection17] INFO  impl.LeaderElection (LeaderElection.java:askForVotes(182)) - 80fc131e-7449-4337-bbfe-0af46756e553@group-21171D7A6486:LeaderElection17: begin an election at term 1 for -1: [80fc131e-7449-4337-bbfe-0af46756e553:192.168.30.19:42357, 0e6a41e5-20ff-4149-94ab-fd732a1cc964:192.168.30.19:39877, 6041ccb3-4e57-4349-bebe-d2cf5d4f01d1:192.168.30.19:40679], old=null
2019-09-29 11:44:21,461 [Thread-454] INFO  impl.FollowerState (FollowerState.java:run(106)) - 6041ccb3-4e57-4349-bebe-d2cf5d4f01d1:group-21171D7A6486 changes to CANDIDATE, lastRpcTime:5079, electionTimeout:5078ms
2019-09-29 11:44:21,462 [Thread-454] INFO  impl.RoleInfo (RoleInfo.java:shutdownFollowerState(121)) - 6041ccb3-4e57-4349-bebe-d2cf5d4f01d1: shutdown FollowerState
2019-09-29 11:44:21,464 [Thread-454] INFO  impl.RaftServerImpl (RaftServerImpl.java:setRole(174)) - 6041ccb3-4e57-4349-bebe-d2cf5d4f01d1@group-21171D7A6486: changes role from  FOLLOWER to CANDIDATE at term 0 for changeToCandidate
2019-09-29 11:44:21,464 [Thread-454] INFO  impl.RoleInfo (RoleInfo.java:updateAndGet(143)) - 6041ccb3-4e57-4349-bebe-d2cf5d4f01d1: start LeaderElection
2019-09-29 11:44:21,464 [6041ccb3-4e57-4349-bebe-d2cf5d4f01d1@group-59E51D913EDB:LeaderElection15] INFO  impl.LeaderElection (LeaderElection.java:logAndReturn(56)) - 6041ccb3-4e57-4349-bebe-d2cf5d4f01d1@group-59E51D913EDB:LeaderElection15: Election PASSED; received 2 response(s) [6041ccb3-4e57-4349-bebe-d2cf5d4f01d1<-80fc131e-7449-4337-bbfe-0af46756e553#0:OK-t1, 6041ccb3-4e57-4349-bebe-d2cf5d4f01d1<-0e6a41e5-20ff-4149-94ab-fd732a1cc964#0:FAIL-t1] and 0 exception(s); 6041ccb3-4e57-4349-bebe-d2cf5d4f01d1@group-59E51D913EDB:t1, leader=null, voted=6041ccb3-4e57-4349-bebe-d2cf5d4f01d1, raftlog=6041ccb3-4e57-4349-bebe-d2cf5d4f01d1@group-59E51D913EDB-SegmentedRaftLog:OPENED:c-1,f-1,i0, conf=-1: [80fc131e-7449-4337-bbfe-0af46756e553:192.168.30.19:42357, 0e6a41e5-20ff-4149-94ab-fd732a1cc964:192.168.30.19:39877, 6041ccb3-4e57-4349-bebe-d2cf5d4f01d1:192.168.30.19:40679], old=null
2019-09-29 11:44:21,464 [0e6a41e5-20ff-4149-94ab-fd732a1cc964@group-59E51D913EDB:LeaderElection16] INFO  impl.LeaderElection (LeaderElection.java:logAndReturn(56)) - 0e6a41e5-20ff-4149-94ab-fd732a1cc964@group-59E51D913EDB:LeaderElection16: Election REJECTED; received 2 response(s) [0e6a41e5-20ff-4149-94ab-fd732a1cc964<-80fc131e-7449-4337-bbfe-0af46756e553#0:FAIL-t1, 0e6a41e5-20ff-4149-94ab-fd732a1cc964<-6041ccb3-4e57-4349-bebe-d2cf5d4f01d1#0:FAIL-t1] and 0 exception(s); 0e6a41e5-20ff-4149-94ab-fd732a1cc964@group-59E51D913EDB:t1, leader=null, voted=0e6a41e5-20ff-4149-94ab-fd732a1cc964, raftlog=0e6a41e5-20ff-4149-94ab-fd732a1cc964@group-59E51D913EDB-SegmentedRaftLog:OPENED:c-1,f-1,i0, conf=-1: [80fc131e-7449-4337-bbfe-0af46756e553:192.168.30.19:42357, 0e6a41e5-20ff-4149-94ab-fd732a1cc964:192.168.30.19:39877, 6041ccb3-4e57-4349-bebe-d2cf5d4f01d1:192.168.30.19:40679], old=null
2019-09-29 11:44:21,465 [6041ccb3-4e57-4349-bebe-d2cf5d4f01d1@group-59E51D913EDB:LeaderElection15] INFO  impl.RoleInfo (RoleInfo.java:shutdownLeaderElection(134)) - 6041ccb3-4e57-4349-bebe-d2cf5d4f01d1: shutdown LeaderElection
2019-09-29 11:44:21,468 [6041ccb3-4e57-4349-bebe-d2cf5d4f01d1@group-59E51D913EDB:LeaderElection15] INFO  impl.RaftServerImpl (RaftServerImpl.java:setRole(174)) - 6041ccb3-4e57-4349-bebe-d2cf5d4f01d1@group-59E51D913EDB: changes role from CANDIDATE to LEADER at term 1 for changeToLeader
2019-09-29 11:44:21,468 [0e6a41e5-20ff-4149-94ab-fd732a1cc964@group-59E51D913EDB:LeaderElection16] INFO  impl.RaftServerImpl (RaftServerImpl.java:setRole(174)) - 0e6a41e5-20ff-4149-94ab-fd732a1cc964@group-59E51D913EDB: changes role from CANDIDATE to FOLLOWER at term 1 for DISCOVERED_A_NEW_TERM
2019-09-29 11:44:21,470 [6041ccb3-4e57-4349-bebe-d2cf5d4f01d1@group-59E51D913EDB:LeaderElection15] INFO  impl.RaftServerImpl (ServerState.java:setLeader(253)) - 6041ccb3-4e57-4349-bebe-d2cf5d4f01d1@group-59E51D913EDB: change Leader from null to 6041ccb3-4e57-4349-bebe-d2cf5d4f01d1 at term 1 for becomeLeader, leader elected after 5216ms
2019-09-29 11:44:21,471 [0e6a41e5-20ff-4149-94ab-fd732a1cc964@group-59E51D913EDB:LeaderElection16] INFO  impl.RoleInfo (RoleInfo.java:shutdownLeaderElection(134)) - 0e6a41e5-20ff-4149-94ab-fd732a1cc964: shutdown LeaderElection
2019-09-29 11:44:21,471 [6041ccb3-4e57-4349-bebe-d2cf5d4f01d1@group-59E51D913EDB:LeaderElection15] INFO  server.RaftServerConfigKeys (ConfUtils.java:logGet(43)) - raft.server.staging.catchup.gap = 1000 (default)
2019-09-29 11:44:21,471 [0e6a41e5-20ff-4149-94ab-fd732a1cc964@group-59E51D913EDB:LeaderElection16] INFO  impl.RoleInfo (RoleInfo.java:updateAndGet(143)) - 0e6a41e5-20ff-4149-94ab-fd732a1cc964: start FollowerState
2019-09-29 11:44:21,471 [6041ccb3-4e57-4349-bebe-d2cf5d4f01d1@group-59E51D913EDB:LeaderElection15] INFO  server.RaftServerConfigKeys (ConfUtils.java:logGet(43)) - raft.server.rpc.sleep.time = 25ms (default)
2019-09-29 11:44:21,472 [6041ccb3-4e57-4349-bebe-d2cf5d4f01d1@group-59E51D913EDB:LeaderElection15] INFO  server.RaftServerConfigKeys (ConfUtils.java:logGet(43)) - raft.server.write.element-limit = 4096 (default)
2019-09-29 11:44:21,473 [6041ccb3-4e57-4349-bebe-d2cf5d4f01d1@group-59E51D913EDB:LeaderElection15] INFO  server.RaftServerConfigKeys (ConfUtils.java:logGet(43)) - raft.server.watch.timeout = 10s (default)
2019-09-29 11:44:21,473 [6041ccb3-4e57-4349-bebe-d2cf5d4f01d1@group-59E51D913EDB:LeaderElection15] INFO  server.RaftServerConfigKeys (ConfUtils.java:logGet(43)) - raft.server.watch.timeout.denomination = 1s (default)
2019-09-29 11:44:21,473 [6041ccb3-4e57-4349-bebe-d2cf5d4f01d1@group-59E51D913EDB:LeaderElection15] INFO  server.RaftServerConfigKeys (ConfUtils.java:logGet(43)) - raft.server.watch.element-limit = 65536 (default)
2019-09-29 11:44:21,478 [0e6a41e5-20ff-4149-94ab-fd732a1cc964@group-21171D7A6486:LeaderElection18] INFO  impl.LeaderElection (LeaderElection.java:askForVotes(182)) - 0e6a41e5-20ff-4149-94ab-fd732a1cc964@group-21171D7A6486:LeaderElection18: begin an election at term 1 for -1: [80fc131e-7449-4337-bbfe-0af46756e553:192.168.30.19:42357, 0e6a41e5-20ff-4149-94ab-fd732a1cc964:192.168.30.19:39877, 6041ccb3-4e57-4349-bebe-d2cf5d4f01d1:192.168.30.19:40679], old=null
2019-09-29 11:44:21,482 [6041ccb3-4e57-4349-bebe-d2cf5d4f01d1@group-59E51D913EDB:LeaderElection15] INFO  server.RaftServerConfigKeys (ConfUtils.java:logGet(43)) - raft.server.log.appender.snapshot.chunk.size.max = 16MB (=16777216) (default)
2019-09-29 11:44:21,482 [6041ccb3-4e57-4349-bebe-d2cf5d4f01d1@group-59E51D913EDB:LeaderElection15] INFO  server.RaftServerConfigKeys (ConfUtils.java:logGet(43)) - raft.server.log.appender.buffer.byte-limit = 33554432 (custom)
2019-09-29 11:44:21,482 [6041ccb3-4e57-4349-bebe-d2cf5d4f01d1@group-59E51D913EDB:LeaderElection15] INFO  server.RaftServerConfigKeys (ConfUtils.java:logGet(43)) - raft.server.log.appender.buffer.element-limit = 1 (custom)
2019-09-29 11:44:21,482 [6041ccb3-4e57-4349-bebe-d2cf5d4f01d1@group-59E51D913EDB:LeaderElection15] INFO  grpc.GrpcConfigKeys$Server (ConfUtils.java:logGet(43)) - raft.grpc.server.leader.outstanding.appends.max = 128 (default)
2019-09-29 11:44:21,483 [6041ccb3-4e57-4349-bebe-d2cf5d4f01d1@group-59E51D913EDB:LeaderElection15] INFO  server.RaftServerConfigKeys (ConfUtils.java:logGet(43)) - raft.server.rpc.request.timeout = 3000ms (default)
2019-09-29 11:44:21,485 [6041ccb3-4e57-4349-bebe-d2cf5d4f01d1@group-59E51D913EDB:LeaderElection15] INFO  server.RaftServerConfigKeys (ConfUtils.java:logGet(43)) - raft.server.log.appender.install.snapshot.enabled = false (custom)
2019-09-29 11:44:21,485 [6041ccb3-4e57-4349-bebe-d2cf5d4f01d1@group-59E51D913EDB:LeaderElection15] INFO  server.RaftServerConfigKeys (ConfUtils.java:logGet(43)) - raft.server.log.appender.snapshot.chunk.size.max = 16MB (=16777216) (default)
2019-09-29 11:44:21,485 [6041ccb3-4e57-4349-bebe-d2cf5d4f01d1@group-59E51D913EDB:LeaderElection15] INFO  server.RaftServerConfigKeys (ConfUtils.java:logGet(43)) - raft.server.log.appender.buffer.byte-limit = 33554432 (custom)
2019-09-29 11:44:21,485 [6041ccb3-4e57-4349-bebe-d2cf5d4f01d1@group-59E51D913EDB:LeaderElection15] INFO  server.RaftServerConfigKeys (ConfUtils.java:logGet(43)) - raft.server.log.appender.buffer.element-limit = 1 (custom)
2019-09-29 11:44:21,485 [6041ccb3-4e57-4349-bebe-d2cf5d4f01d1@group-59E51D913EDB:LeaderElection15] INFO  grpc.GrpcConfigKeys$Server (ConfUtils.java:logGet(43)) - raft.grpc.server.leader.outstanding.appends.max = 128 (default)
2019-09-29 11:44:21,486 [6041ccb3-4e57-4349-bebe-d2cf5d4f01d1@group-59E51D913EDB:LeaderElection15] INFO  server.RaftServerConfigKeys (ConfUtils.java:logGet(43)) - raft.server.rpc.request.timeout = 3000ms (default)
2019-09-29 11:44:21,486 [6041ccb3-4e57-4349-bebe-d2cf5d4f01d1@group-59E51D913EDB:LeaderElection15] INFO  server.RaftServerConfigKeys (ConfUtils.java:logGet(43)) - raft.server.log.appender.install.snapshot.enabled = false (custom)
2019-09-29 11:44:21,486 [6041ccb3-4e57-4349-bebe-d2cf5d4f01d1@group-59E51D913EDB:LeaderElection15] INFO  impl.RoleInfo (RoleInfo.java:updateAndGet(143)) - 6041ccb3-4e57-4349-bebe-d2cf5d4f01d1: start LeaderState
2019-09-29 11:44:21,486 [6041ccb3-4e57-4349-bebe-d2cf5d4f01d1@group-59E51D913EDB:LeaderElection15] INFO  segmented.SegmentedRaftLogWorker (SegmentedRaftLogWorker.java:startLogSegment(380)) - 6041ccb3-4e57-4349-bebe-d2cf5d4f01d1@group-59E51D913EDB-SegmentedRaftLogWorker: Starting segment from index:0
2019-09-29 11:44:21,487 [6041ccb3-4e57-4349-bebe-d2cf5d4f01d1@group-59E51D913EDB:LeaderElection15] INFO  impl.RaftServerImpl (ServerState.java:setRaftConf(354)) - 6041ccb3-4e57-4349-bebe-d2cf5d4f01d1@group-59E51D913EDB: set configuration 0: [80fc131e-7449-4337-bbfe-0af46756e553:192.168.30.19:42357, 0e6a41e5-20ff-4149-94ab-fd732a1cc964:192.168.30.19:39877, 6041ccb3-4e57-4349-bebe-d2cf5d4f01d1:192.168.30.19:40679], old=null at 0
2019-09-29 11:44:21,521 [6041ccb3-4e57-4349-bebe-d2cf5d4f01d1@group-21171D7A6486:LeaderElection19] INFO  impl.LeaderElection (LeaderElection.java:askForVotes(182)) - 6041ccb3-4e57-4349-bebe-d2cf5d4f01d1@group-21171D7A6486:LeaderElection19: begin an election at term 1 for -1: [80fc131e-7449-4337-bbfe-0af46756e553:192.168.30.19:42357, 0e6a41e5-20ff-4149-94ab-fd732a1cc964:192.168.30.19:39877, 6041ccb3-4e57-4349-bebe-d2cf5d4f01d1:192.168.30.19:40679], old=null
2019-09-29 11:44:21,526 [80fc131e-7449-4337-bbfe-0af46756e553@group-21171D7A6486:LeaderElection17] INFO  impl.LeaderElection (LeaderElection.java:logAndReturn(56)) - 80fc131e-7449-4337-bbfe-0af46756e553@group-21171D7A6486:LeaderElection17: Election REJECTED; received 2 response(s) [80fc131e-7449-4337-bbfe-0af46756e553<-0e6a41e5-20ff-4149-94ab-fd732a1cc964#0:FAIL-t1, 80fc131e-7449-4337-bbfe-0af46756e553<-6041ccb3-4e57-4349-bebe-d2cf5d4f01d1#0:FAIL-t1] and 0 exception(s); 80fc131e-7449-4337-bbfe-0af46756e553@group-21171D7A6486:t1, leader=null, voted=80fc131e-7449-4337-bbfe-0af46756e553, raftlog=80fc131e-7449-4337-bbfe-0af46756e553@group-21171D7A6486-SegmentedRaftLog:OPENED:c-1,f-1,i0, conf=-1: [80fc131e-7449-4337-bbfe-0af46756e553:192.168.30.19:42357, 0e6a41e5-20ff-4149-94ab-fd732a1cc964:192.168.30.19:39877, 6041ccb3-4e57-4349-bebe-d2cf5d4f01d1:192.168.30.19:40679], old=null
2019-09-29 11:44:21,529 [80fc131e-7449-4337-bbfe-0af46756e553@group-21171D7A6486:LeaderElection17] INFO  impl.RaftServerImpl (RaftServerImpl.java:setRole(174)) - 80fc131e-7449-4337-bbfe-0af46756e553@group-21171D7A6486: changes role from CANDIDATE to FOLLOWER at term 1 for DISCOVERED_A_NEW_TERM
2019-09-29 11:44:21,529 [grpc-default-executor-1] INFO  impl.RaftServerImpl (ServerState.java:setLeader(253)) - 80fc131e-7449-4337-bbfe-0af46756e553@group-59E51D913EDB: change Leader from null to 6041ccb3-4e57-4349-bebe-d2cf5d4f01d1 at term 1 for appendEntries, leader elected after 5275ms
2019-09-29 11:44:21,529 [80fc131e-7449-4337-bbfe-0af46756e553@group-21171D7A6486:LeaderElection17] INFO  impl.RoleInfo (RoleInfo.java:shutdownLeaderElection(134)) - 80fc131e-7449-4337-bbfe-0af46756e553: shutdown LeaderElection
2019-09-29 11:44:21,529 [0e6a41e5-20ff-4149-94ab-fd732a1cc964@group-21171D7A6486:LeaderElection18] INFO  impl.LeaderElection (LeaderElection.java:logAndReturn(56)) - 0e6a41e5-20ff-4149-94ab-fd732a1cc964@group-21171D7A6486:LeaderElection18: Election REJECTED; received 2 response(s) [0e6a41e5-20ff-4149-94ab-fd732a1cc964<-80fc131e-7449-4337-bbfe-0af46756e553#0:FAIL-t1, 0e6a41e5-20ff-4149-94ab-fd732a1cc964<-6041ccb3-4e57-4349-bebe-d2cf5d4f01d1#0:FAIL-t1] and 0 exception(s); 0e6a41e5-20ff-4149-94ab-fd732a1cc964@group-21171D7A6486:t1, leader=null, voted=0e6a41e5-20ff-4149-94ab-fd732a1cc964, raftlog=0e6a41e5-20ff-4149-94ab-fd732a1cc964@group-21171D7A6486-SegmentedRaftLog:OPENED:c-1,f-1,i0, conf=-1: [80fc131e-7449-4337-bbfe-0af46756e553:192.168.30.19:42357, 0e6a41e5-20ff-4149-94ab-fd732a1cc964:192.168.30.19:39877, 6041ccb3-4e57-4349-bebe-d2cf5d4f01d1:192.168.30.19:40679], old=null
2019-09-29 11:44:21,531 [80fc131e-7449-4337-bbfe-0af46756e553@group-21171D7A6486:LeaderElection17] INFO  impl.RoleInfo (RoleInfo.java:updateAndGet(143)) - 80fc131e-7449-4337-bbfe-0af46756e553: start FollowerState
2019-09-29 11:44:21,531 [0e6a41e5-20ff-4149-94ab-fd732a1cc964@group-21171D7A6486:LeaderElection18] INFO  impl.RaftServerImpl (RaftServerImpl.java:setRole(174)) - 0e6a41e5-20ff-4149-94ab-fd732a1cc964@group-21171D7A6486: changes role from CANDIDATE to FOLLOWER at term 1 for DISCOVERED_A_NEW_TERM
2019-09-29 11:44:21,533 [0e6a41e5-20ff-4149-94ab-fd732a1cc964@group-21171D7A6486:LeaderElection18] INFO  impl.RoleInfo (RoleInfo.java:shutdownLeaderElection(134)) - 0e6a41e5-20ff-4149-94ab-fd732a1cc964: shutdown LeaderElection
2019-09-29 11:44:21,533 [0e6a41e5-20ff-4149-94ab-fd732a1cc964@group-21171D7A6486:LeaderElection18] INFO  impl.RoleInfo (RoleInfo.java:updateAndGet(143)) - 0e6a41e5-20ff-4149-94ab-fd732a1cc964: start FollowerState
2019-09-29 11:44:21,534 [grpc-default-executor-3] INFO  impl.RaftServerImpl (ServerState.java:setLeader(253)) - 0e6a41e5-20ff-4149-94ab-fd732a1cc964@group-59E51D913EDB: change Leader from null to 6041ccb3-4e57-4349-bebe-d2cf5d4f01d1 at term 1 for appendEntries, leader elected after 5280ms
2019-09-29 11:44:21,535 [6041ccb3-4e57-4349-bebe-d2cf5d4f01d1@group-59E51D913EDB-SegmentedRaftLogWorker] INFO  segmented.SegmentedRaftLogWorker (SegmentedRaftLogWorker.java:execute(569)) - 6041ccb3-4e57-4349-bebe-d2cf5d4f01d1@group-59E51D913EDB-SegmentedRaftLogWorker: created new log segment /workdir/hadoop-ozone/integration-test/target/test-dir/MiniOzoneClusterImpl-b053464a-6ba9-4d5b-990c-93e7f610e587/datanode-2/data/ratis/18e5074d-aac5-4316-bcaa-59e51d913edb/current/log_inprogress_0
2019-09-29 11:44:21,537 [6041ccb3-4e57-4349-bebe-d2cf5d4f01d1@group-21171D7A6486:LeaderElection19] INFO  impl.LeaderElection (LeaderElection.java:logAndReturn(56)) - 6041ccb3-4e57-4349-bebe-d2cf5d4f01d1@group-21171D7A6486:LeaderElection19: Election REJECTED; received 2 response(s) [6041ccb3-4e57-4349-bebe-d2cf5d4f01d1<-80fc131e-7449-4337-bbfe-0af46756e553#0:FAIL-t1, 6041ccb3-4e57-4349-bebe-d2cf5d4f01d1<-0e6a41e5-20ff-4149-94ab-fd732a1cc964#0:FAIL-t1] and 0 exception(s); 6041ccb3-4e57-4349-bebe-d2cf5d4f01d1@group-21171D7A6486:t1, leader=null, voted=6041ccb3-4e57-4349-bebe-d2cf5d4f01d1, raftlog=6041ccb3-4e57-4349-bebe-d2cf5d4f01d1@group-21171D7A6486-SegmentedRaftLog:OPENED:c-1,f-1,i0, conf=-1: [80fc131e-7449-4337-bbfe-0af46756e553:192.168.30.19:42357, 0e6a41e5-20ff-4149-94ab-fd732a1cc964:192.168.30.19:39877, 6041ccb3-4e57-4349-bebe-d2cf5d4f01d1:192.168.30.19:40679], old=null
2019-09-29 11:44:21,537 [6041ccb3-4e57-4349-bebe-d2cf5d4f01d1@group-21171D7A6486:LeaderElection19] INFO  impl.RaftServerImpl (RaftServerImpl.java:setRole(174)) - 6041ccb3-4e57-4349-bebe-d2cf5d4f01d1@group-21171D7A6486: changes role from CANDIDATE to FOLLOWER at term 1 for DISCOVERED_A_NEW_TERM
2019-09-29 11:44:21,540 [6041ccb3-4e57-4349-bebe-d2cf5d4f01d1@group-21171D7A6486:LeaderElection19] INFO  impl.RoleInfo (RoleInfo.java:shutdownLeaderElection(134)) - 6041ccb3-4e57-4349-bebe-d2cf5d4f01d1: shutdown LeaderElection
2019-09-29 11:44:21,540 [6041ccb3-4e57-4349-bebe-d2cf5d4f01d1@group-21171D7A6486:LeaderElection19] INFO  impl.RoleInfo (RoleInfo.java:updateAndGet(143)) - 6041ccb3-4e57-4349-bebe-d2cf5d4f01d1: start FollowerState
2019-09-29 11:44:21,542 [grpc-default-executor-3] INFO  impl.RaftServerImpl (ServerState.java:setRaftConf(354)) - 80fc131e-7449-4337-bbfe-0af46756e553@group-59E51D913EDB: set configuration 0: [80fc131e-7449-4337-bbfe-0af46756e553:192.168.30.19:42357, 0e6a41e5-20ff-4149-94ab-fd732a1cc964:192.168.30.19:39877, 6041ccb3-4e57-4349-bebe-d2cf5d4f01d1:192.168.30.19:40679], old=null at 0
2019-09-29 11:44:21,543 [grpc-default-executor-0] INFO  impl.RaftServerImpl (ServerState.java:setRaftConf(354)) - 0e6a41e5-20ff-4149-94ab-fd732a1cc964@group-59E51D913EDB: set configuration 0: [80fc131e-7449-4337-bbfe-0af46756e553:192.168.30.19:42357, 0e6a41e5-20ff-4149-94ab-fd732a1cc964:192.168.30.19:39877, 6041ccb3-4e57-4349-bebe-d2cf5d4f01d1:192.168.30.19:40679], old=null at 0
2019-09-29 11:44:21,543 [grpc-default-executor-3] INFO  segmented.SegmentedRaftLogWorker (SegmentedRaftLogWorker.java:startLogSegment(380)) - 80fc131e-7449-4337-bbfe-0af46756e553@group-59E51D913EDB-SegmentedRaftLogWorker: Starting segment from index:0
2019-09-29 11:44:21,543 [grpc-default-executor-0] INFO  segmented.SegmentedRaftLogWorker (SegmentedRaftLogWorker.java:startLogSegment(380)) - 0e6a41e5-20ff-4149-94ab-fd732a1cc964@group-59E51D913EDB-SegmentedRaftLogWorker: Starting segment from index:0
2019-09-29 11:44:21,594 [0e6a41e5-20ff-4149-94ab-fd732a1cc964@group-59E51D913EDB-SegmentedRaftLogWorker] INFO  segmented.SegmentedRaftLogWorker (SegmentedRaftLogWorker.java:execute(569)) - 0e6a41e5-20ff-4149-94ab-fd732a1cc964@group-59E51D913EDB-SegmentedRaftLogWorker: created new log segment /workdir/hadoop-ozone/integration-test/target/test-dir/MiniOzoneClusterImpl-b053464a-6ba9-4d5b-990c-93e7f610e587/datanode-0/data/ratis/18e5074d-aac5-4316-bcaa-59e51d913edb/current/log_inprogress_0
2019-09-29 11:44:21,611 [80fc131e-7449-4337-bbfe-0af46756e553@group-59E51D913EDB-SegmentedRaftLogWorker] INFO  segmented.SegmentedRaftLogWorker (SegmentedRaftLogWorker.java:execute(569)) - 80fc131e-7449-4337-bbfe-0af46756e553@group-59E51D913EDB-SegmentedRaftLogWorker: created new log segment /workdir/hadoop-ozone/integration-test/target/test-dir/MiniOzoneClusterImpl-b053464a-6ba9-4d5b-990c-93e7f610e587/datanode-1/data/ratis/18e5074d-aac5-4316-bcaa-59e51d913edb/current/log_inprogress_0
2019-09-29 11:44:22,033 [ForkJoinPool.commonPool-worker-1] INFO  ozoneimpl.OzoneContainer (OzoneContainer.java:stop(231)) - Attempting to stop container services.
2019-09-29 11:44:22,033 [main] INFO  ozoneimpl.OzoneContainer (OzoneContainer.java:stop(231)) - Attempting to stop container services.
2019-09-29 11:44:22,034 [ForkJoinPool.commonPool-worker-1] INFO  impl.RaftServerProxy (RaftServerProxy.java:lambda$close$4(314)) - 0e6a41e5-20ff-4149-94ab-fd732a1cc964: close
2019-09-29 11:44:22,035 [main] INFO  impl.RaftServerProxy (RaftServerProxy.java:lambda$close$4(314)) - 80fc131e-7449-4337-bbfe-0af46756e553: close
2019-09-29 11:44:22,035 [ForkJoinPool.commonPool-worker-1] INFO  impl.RaftServerImpl (RaftServerImpl.java:lambda$shutdown$3(251)) - 0e6a41e5-20ff-4149-94ab-fd732a1cc964@group-928B82A8D3B2: shutdown
2019-09-29 11:44:22,035 [main] INFO  impl.RaftServerImpl (RaftServerImpl.java:lambda$shutdown$3(251)) - 80fc131e-7449-4337-bbfe-0af46756e553@group-22495A40CA1B: shutdown
2019-09-29 11:44:22,035 [ForkJoinPool.commonPool-worker-1] INFO  util.JmxRegister (JmxRegister.java:unregister(73)) - Successfully un-registered JMX Bean with object name Ratis:service=RaftServer,group=group-928B82A8D3B2,id=0e6a41e5-20ff-4149-94ab-fd732a1cc964
2019-09-29 11:44:22,036 [main] INFO  util.JmxRegister (JmxRegister.java:unregister(73)) - Successfully un-registered JMX Bean with object name Ratis:service=RaftServer,group=group-22495A40CA1B,id=80fc131e-7449-4337-bbfe-0af46756e553
2019-09-29 11:44:22,036 [ForkJoinPool.commonPool-worker-1] INFO  impl.RoleInfo (RoleInfo.java:shutdownLeaderState(104)) - 0e6a41e5-20ff-4149-94ab-fd732a1cc964: shutdown LeaderState
2019-09-29 11:44:22,036 [main] INFO  impl.RoleInfo (RoleInfo.java:shutdownFollowerState(121)) - 80fc131e-7449-4337-bbfe-0af46756e553: shutdown FollowerState
2019-09-29 11:44:22,037 [ForkJoinPool.commonPool-worker-1] INFO  impl.PendingRequests (PendingRequests.java:sendNotLeaderResponses(202)) - 0e6a41e5-20ff-4149-94ab-fd732a1cc964-PendingRequests: sendNotLeaderResponses
2019-09-29 11:44:22,037 [Thread-471] INFO  impl.FollowerState (FollowerState.java:run(115)) - 80fc131e-7449-4337-bbfe-0af46756e553: FollowerState was interrupted: java.lang.InterruptedException: sleep interrupted
2019-09-29 11:44:22,037 [main] INFO  impl.StateMachineUpdater (StateMachineUpdater.java:stopAndJoin(125)) - 80fc131e-7449-4337-bbfe-0af46756e553@group-22495A40CA1B-StateMachineUpdater: set stopIndex = -1
2019-09-29 11:44:22,039 [ForkJoinPool.commonPool-worker-1] INFO  impl.StateMachineUpdater (StateMachineUpdater.java:stopAndJoin(125)) - 0e6a41e5-20ff-4149-94ab-fd732a1cc964@group-928B82A8D3B2-StateMachineUpdater: set stopIndex = 0
2019-09-29 11:44:22,040 [main] INFO  impl.RaftServerImpl (ServerState.java:close(385)) - 80fc131e-7449-4337-bbfe-0af46756e553@group-22495A40CA1B: closes. applyIndex: -1
2019-09-29 11:44:22,040 [ForkJoinPool.commonPool-worker-1] INFO  impl.RaftServerImpl (ServerState.java:close(385)) - 0e6a41e5-20ff-4149-94ab-fd732a1cc964@group-928B82A8D3B2: closes. applyIndex: 0
2019-09-29 11:44:22,041 [80fc131e-7449-4337-bbfe-0af46756e553@group-22495A40CA1B-SegmentedRaftLogWorker] INFO  segmented.SegmentedRaftLogWorker (SegmentedRaftLogWorker.java:run(313)) - 80fc131e-7449-4337-bbfe-0af46756e553@group-22495A40CA1B-SegmentedRaftLogWorker was interrupted, exiting. There are 0 tasks remaining in the queue.
2019-09-29 11:44:22,041 [0e6a41e5-20ff-4149-94ab-fd732a1cc964@group-928B82A8D3B2-SegmentedRaftLogWorker] INFO  segmented.SegmentedRaftLogWorker (SegmentedRaftLogWorker.java:run(313)) - 0e6a41e5-20ff-4149-94ab-fd732a1cc964@group-928B82A8D3B2-SegmentedRaftLogWorker was interrupted, exiting. There are 0 tasks remaining in the queue.
2019-09-29 11:44:22,042 [main] INFO  segmented.SegmentedRaftLogWorker (SegmentedRaftLogWorker.java:close(228)) - 80fc131e-7449-4337-bbfe-0af46756e553@group-22495A40CA1B-SegmentedRaftLogWorker close()
2019-09-29 11:44:22,047 [ForkJoinPool.commonPool-worker-1] INFO  segmented.SegmentedRaftLogWorker (SegmentedRaftLogWorker.java:close(228)) - 0e6a41e5-20ff-4149-94ab-fd732a1cc964@group-928B82A8D3B2-SegmentedRaftLogWorker close()
2019-09-29 11:44:22,049 [main] INFO  impl.RaftServerImpl (RaftServerImpl.java:lambda$shutdown$3(251)) - 80fc131e-7449-4337-bbfe-0af46756e553@group-86C2A47DAA8F: shutdown
2019-09-29 11:44:22,050 [ForkJoinPool.commonPool-worker-1] INFO  impl.RaftServerImpl (RaftServerImpl.java:lambda$shutdown$3(251)) - 0e6a41e5-20ff-4149-94ab-fd732a1cc964@group-22495A40CA1B: shutdown
2019-09-29 11:44:22,050 [main] INFO  util.JmxRegister (JmxRegister.java:unregister(73)) - Successfully un-registered JMX Bean with object name Ratis:service=RaftServer,group=group-86C2A47DAA8F,id=80fc131e-7449-4337-bbfe-0af46756e553
2019-09-29 11:44:22,051 [ForkJoinPool.commonPool-worker-1] INFO  util.JmxRegister (JmxRegister.java:unregister(73)) - Successfully un-registered JMX Bean with object name Ratis:service=RaftServer,group=group-22495A40CA1B,id=0e6a41e5-20ff-4149-94ab-fd732a1cc964
2019-09-29 11:44:22,051 [main] INFO  impl.RoleInfo (RoleInfo.java:shutdownLeaderState(104)) - 80fc131e-7449-4337-bbfe-0af46756e553: shutdown LeaderState
2019-09-29 11:44:22,051 [ForkJoinPool.commonPool-worker-1] INFO  impl.RoleInfo (RoleInfo.java:shutdownLeaderState(104)) - 0e6a41e5-20ff-4149-94ab-fd732a1cc964: shutdown LeaderState
2019-09-29 11:44:22,052 [main] INFO  impl.PendingRequests (PendingRequests.java:sendNotLeaderResponses(202)) - 80fc131e-7449-4337-bbfe-0af46756e553-PendingRequests: sendNotLeaderResponses
2019-09-29 11:44:22,054 [org.apache.ratis.server.impl.LogAppender$AppenderDaemon$$Lambda$398/167337190@158a8274] WARN  server.GrpcLogAppender (GrpcLogAppender.java:mayWait(143)) - 0e6a41e5-20ff-4149-94ab-fd732a1cc964@group-22495A40CA1B->80fc131e-7449-4337-bbfe-0af46756e553-GrpcLogAppender: Wait interrupted by java.lang.InterruptedException
2019-09-29 11:44:22,054 [org.apache.ratis.server.impl.LogAppender$AppenderDaemon$$Lambda$398/167337190@4cc8fe41] WARN  server.GrpcLogAppender (GrpcLogAppender.java:mayWait(143)) - 0e6a41e5-20ff-4149-94ab-fd732a1cc964@group-22495A40CA1B->6041ccb3-4e57-4349-bebe-d2cf5d4f01d1-GrpcLogAppender: Wait interrupted by java.lang.InterruptedException
2019-09-29 11:44:22,054 [ForkJoinPool.commonPool-worker-1] INFO  impl.PendingRequests (PendingRequests.java:sendNotLeaderResponses(202)) - 0e6a41e5-20ff-4149-94ab-fd732a1cc964-PendingRequests: sendNotLeaderResponses
2019-09-29 11:44:22,055 [main] INFO  impl.StateMachineUpdater (StateMachineUpdater.java:stopAndJoin(125)) - 80fc131e-7449-4337-bbfe-0af46756e553@group-86C2A47DAA8F-StateMachineUpdater: set stopIndex = 0
2019-09-29 11:44:22,055 [main] INFO  impl.RaftServerImpl (ServerState.java:close(385)) - 80fc131e-7449-4337-bbfe-0af46756e553@group-86C2A47DAA8F: closes. applyIndex: 0
2019-09-29 11:44:22,055 [ForkJoinPool.commonPool-worker-1] INFO  impl.StateMachineUpdater (StateMachineUpdater.java:stopAndJoin(125)) - 0e6a41e5-20ff-4149-94ab-fd732a1cc964@group-22495A40CA1B-StateMachineUpdater: set stopIndex = 0
2019-09-29 11:44:22,056 [80fc131e-7449-4337-bbfe-0af46756e553@group-86C2A47DAA8F-SegmentedRaftLogWorker] INFO  segmented.SegmentedRaftLogWorker (SegmentedRaftLogWorker.java:run(313)) - 80fc131e-7449-4337-bbfe-0af46756e553@group-86C2A47DAA8F-SegmentedRaftLogWorker was interrupted, exiting. There are 0 tasks remaining in the queue.
2019-09-29 11:44:22,056 [grpc-default-executor-3] INFO  server.GrpcServerProtocolService (GrpcServerProtocolService.java:onCompleted(113)) - 6041ccb3-4e57-4349-bebe-d2cf5d4f01d1: Completed APPEND_ENTRIES, lastRequest: 0e6a41e5-20ff-4149-94ab-fd732a1cc964->6041ccb3-4e57-4349-bebe-d2cf5d4f01d1#1-t1, previous=(t:0, i:0), leaderCommit=-1, initializing? false, entries: size=1, first=(t:1, i:0), CONFIGURATIONENTRY
2019-09-29 11:44:22,056 [grpc-default-executor-0] INFO  server.GrpcServerProtocolService (GrpcServerProtocolService.java:onCompleted(113)) - 80fc131e-7449-4337-bbfe-0af46756e553: Completed APPEND_ENTRIES, lastRequest: 0e6a41e5-20ff-4149-94ab-fd732a1cc964->80fc131e-7449-4337-bbfe-0af46756e553#1-t1, previous=(t:0, i:0), leaderCommit=-1, initializing? false, entries: size=1, first=(t:1, i:0), CONFIGURATIONENTRY
2019-09-29 11:44:22,056 [main] INFO  segmented.SegmentedRaftLogWorker (SegmentedRaftLogWorker.java:close(228)) - 80fc131e-7449-4337-bbfe-0af46756e553@group-86C2A47DAA8F-SegmentedRaftLogWorker close()
2019-09-29 11:44:22,056 [ForkJoinPool.commonPool-worker-1] INFO  impl.RaftServerImpl (ServerState.java:close(385)) - 0e6a41e5-20ff-4149-94ab-fd732a1cc964@group-22495A40CA1B: closes. applyIndex: 0
2019-09-29 11:44:22,058 [main] INFO  impl.RaftServerImpl (RaftServerImpl.java:lambda$shutdown$3(251)) - 80fc131e-7449-4337-bbfe-0af46756e553@group-59E51D913EDB: shutdown
2019-09-29 11:44:22,059 [grpc-default-executor-3] INFO  server.GrpcLogAppender (GrpcLogAppender.java:onCompleted(293)) - 0e6a41e5-20ff-4149-94ab-fd732a1cc964@group-22495A40CA1B->80fc131e-7449-4337-bbfe-0af46756e553-AppendLogResponseHandler: follower responses appendEntries COMPLETED
2019-09-29 11:44:22,059 [0e6a41e5-20ff-4149-94ab-fd732a1cc964@group-22495A40CA1B-SegmentedRaftLogWorker] INFO  segmented.SegmentedRaftLogWorker (SegmentedRaftLogWorker.java:run(313)) - 0e6a41e5-20ff-4149-94ab-fd732a1cc964@group-22495A40CA1B-SegmentedRaftLogWorker was interrupted, exiting. There are 0 tasks remaining in the queue.
2019-09-29 11:44:22,058 [grpc-default-executor-0] INFO  server.GrpcLogAppender (GrpcLogAppender.java:onCompleted(293)) - 0e6a41e5-20ff-4149-94ab-fd732a1cc964@group-22495A40CA1B->6041ccb3-4e57-4349-bebe-d2cf5d4f01d1-AppendLogResponseHandler: follower responses appendEntries COMPLETED
2019-09-29 11:44:22,061 [grpc-default-executor-3] INFO  impl.FollowerInfo (FollowerInfo.java:lambda$new$0(51)) - 0e6a41e5-20ff-4149-94ab-fd732a1cc964@group-22495A40CA1B->80fc131e-7449-4337-bbfe-0af46756e553: nextIndex: updateUnconditionally 1 -> 0
2019-09-29 11:44:22,061 [ForkJoinPool.commonPool-worker-1] INFO  segmented.SegmentedRaftLogWorker (SegmentedRaftLogWorker.java:close(228)) - 0e6a41e5-20ff-4149-94ab-fd732a1cc964@group-22495A40CA1B-SegmentedRaftLogWorker close()
2019-09-29 11:44:22,059 [main] INFO  util.JmxRegister (JmxRegister.java:unregister(73)) - Successfully un-registered JMX Bean with object name Ratis:service=RaftServer,group=group-59E51D913EDB,id=80fc131e-7449-4337-bbfe-0af46756e553
2019-09-29 11:44:22,064 [ForkJoinPool.commonPool-worker-1] INFO  impl.RaftServerImpl (RaftServerImpl.java:lambda$shutdown$3(251)) - 0e6a41e5-20ff-4149-94ab-fd732a1cc964@group-59E51D913EDB: shutdown
2019-09-29 11:44:22,062 [grpc-default-executor-0] INFO  impl.FollowerInfo (FollowerInfo.java:lambda$new$0(51)) - 0e6a41e5-20ff-4149-94ab-fd732a1cc964@group-22495A40CA1B->6041ccb3-4e57-4349-bebe-d2cf5d4f01d1: nextIndex: updateUnconditionally 1 -> 0
2019-09-29 11:44:22,064 [ForkJoinPool.commonPool-worker-1] INFO  util.JmxRegister (JmxRegister.java:unregister(73)) - Successfully un-registered JMX Bean with object name Ratis:service=RaftServer,group=group-59E51D913EDB,id=0e6a41e5-20ff-4149-94ab-fd732a1cc964
2019-09-29 11:44:22,064 [main] INFO  impl.RoleInfo (RoleInfo.java:shutdownFollowerState(121)) - 80fc131e-7449-4337-bbfe-0af46756e553: shutdown FollowerState
2019-09-29 11:44:22,065 [ForkJoinPool.commonPool-worker-1] INFO  impl.RoleInfo (RoleInfo.java:shutdownFollowerState(121)) - 0e6a41e5-20ff-4149-94ab-fd732a1cc964: shutdown FollowerState
2019-09-29 11:44:22,065 [Thread-488] INFO  impl.FollowerState (FollowerState.java:run(115)) - 80fc131e-7449-4337-bbfe-0af46756e553: FollowerState was interrupted: java.lang.InterruptedException: sleep interrupted
2019-09-29 11:44:22,065 [main] INFO  impl.StateMachineUpdater (StateMachineUpdater.java:stopAndJoin(125)) - 80fc131e-7449-4337-bbfe-0af46756e553@group-59E51D913EDB-StateMachineUpdater: set stopIndex = 0
2019-09-29 11:44:22,067 [main] INFO  impl.RaftServerImpl (ServerState.java:close(385)) - 80fc131e-7449-4337-bbfe-0af46756e553@group-59E51D913EDB: closes. applyIndex: 0
2019-09-29 11:44:22,065 [Thread-494] INFO  impl.FollowerState (FollowerState.java:run(115)) - 0e6a41e5-20ff-4149-94ab-fd732a1cc964: FollowerState was interrupted: java.lang.InterruptedException: sleep interrupted
2019-09-29 11:44:22,065 [ForkJoinPool.commonPool-worker-1] INFO  impl.StateMachineUpdater (StateMachineUpdater.java:stopAndJoin(125)) - 0e6a41e5-20ff-4149-94ab-fd732a1cc964@group-59E51D913EDB-StateMachineUpdater: set stopIndex = 0
2019-09-29 11:44:22,067 [80fc131e-7449-4337-bbfe-0af46756e553@group-59E51D913EDB-SegmentedRaftLogWorker] INFO  segmented.SegmentedRaftLogWorker (SegmentedRaftLogWorker.java:run(313)) - 80fc131e-7449-4337-bbfe-0af46756e553@group-59E51D913EDB-SegmentedRaftLogWorker was interrupted, exiting. There are 0 tasks remaining in the queue.
2019-09-29 11:44:22,069 [ForkJoinPool.commonPool-worker-1] INFO  impl.RaftServerImpl (ServerState.java:close(385)) - 0e6a41e5-20ff-4149-94ab-fd732a1cc964@group-59E51D913EDB: closes. applyIndex: 0
2019-09-29 11:44:22,069 [main] INFO  segmented.SegmentedRaftLogWorker (SegmentedRaftLogWorker.java:close(228)) - 80fc131e-7449-4337-bbfe-0af46756e553@group-59E51D913EDB-SegmentedRaftLogWorker close()
2019-09-29 11:44:22,069 [0e6a41e5-20ff-4149-94ab-fd732a1cc964@group-59E51D913EDB-SegmentedRaftLogWorker] INFO  segmented.SegmentedRaftLogWorker (SegmentedRaftLogWorker.java:run(313)) - 0e6a41e5-20ff-4149-94ab-fd732a1cc964@group-59E51D913EDB-SegmentedRaftLogWorker was interrupted, exiting. There are 0 tasks remaining in the queue.
2019-09-29 11:44:22,071 [main] INFO  impl.RaftServerImpl (RaftServerImpl.java:lambda$shutdown$3(251)) - 80fc131e-7449-4337-bbfe-0af46756e553@group-21171D7A6486: shutdown
2019-09-29 11:44:22,071 [ForkJoinPool.commonPool-worker-1] INFO  segmented.SegmentedRaftLogWorker (SegmentedRaftLogWorker.java:close(228)) - 0e6a41e5-20ff-4149-94ab-fd732a1cc964@group-59E51D913EDB-SegmentedRaftLogWorker close()
2019-09-29 11:44:22,071 [main] INFO  util.JmxRegister (JmxRegister.java:unregister(73)) - Successfully un-registered JMX Bean with object name Ratis:service=RaftServer,group=group-21171D7A6486,id=80fc131e-7449-4337-bbfe-0af46756e553
2019-09-29 11:44:22,073 [ForkJoinPool.commonPool-worker-1] INFO  impl.RaftServerImpl (RaftServerImpl.java:lambda$shutdown$3(251)) - 0e6a41e5-20ff-4149-94ab-fd732a1cc964@group-21171D7A6486: shutdown
2019-09-29 11:44:22,073 [main] INFO  impl.RoleInfo (RoleInfo.java:shutdownFollowerState(121)) - 80fc131e-7449-4337-bbfe-0af46756e553: shutdown FollowerState
2019-09-29 11:44:22,073 [ForkJoinPool.commonPool-worker-1] INFO  util.JmxRegister (JmxRegister.java:unregister(73)) - Successfully un-registered JMX Bean with object name Ratis:service=RaftServer,group=group-21171D7A6486,id=0e6a41e5-20ff-4149-94ab-fd732a1cc964
2019-09-29 11:44:22,074 [Thread-505] INFO  impl.FollowerState (FollowerState.java:run(115)) - 80fc131e-7449-4337-bbfe-0af46756e553: FollowerState was interrupted: java.lang.InterruptedException: sleep interrupted
2019-09-29 11:44:22,073 [main] INFO  impl.StateMachineUpdater (StateMachineUpdater.java:stopAndJoin(125)) - 80fc131e-7449-4337-bbfe-0af46756e553@group-21171D7A6486-StateMachineUpdater: set stopIndex = -1
2019-09-29 11:44:22,074 [ForkJoinPool.commonPool-worker-1] INFO  impl.RoleInfo (RoleInfo.java:shutdownFollowerState(121)) - 0e6a41e5-20ff-4149-94ab-fd732a1cc964: shutdown FollowerState
2019-09-29 11:44:22,076 [main] INFO  impl.RaftServerImpl (ServerState.java:close(385)) - 80fc131e-7449-4337-bbfe-0af46756e553@group-21171D7A6486: closes. applyIndex: -1
2019-09-29 11:44:22,076 [Thread-506] INFO  impl.FollowerState (FollowerState.java:run(115)) - 0e6a41e5-20ff-4149-94ab-fd732a1cc964: FollowerState was interrupted: java.lang.InterruptedException: sleep interrupted
2019-09-29 11:44:22,076 [ForkJoinPool.commonPool-worker-1] INFO  impl.StateMachineUpdater (StateMachineUpdater.java:stopAndJoin(125)) - 0e6a41e5-20ff-4149-94ab-fd732a1cc964@group-21171D7A6486-StateMachineUpdater: set stopIndex = -1
2019-09-29 11:44:22,076 [80fc131e-7449-4337-bbfe-0af46756e553@group-21171D7A6486-SegmentedRaftLogWorker] INFO  segmented.SegmentedRaftLogWorker (SegmentedRaftLogWorker.java:run(313)) - 80fc131e-7449-4337-bbfe-0af46756e553@group-21171D7A6486-SegmentedRaftLogWorker was interrupted, exiting. There are 0 tasks remaining in the queue.
2019-09-29 11:44:22,078 [ForkJoinPool.commonPool-worker-1] INFO  impl.RaftServerImpl (ServerState.java:close(385)) - 0e6a41e5-20ff-4149-94ab-fd732a1cc964@group-21171D7A6486: closes. applyIndex: -1
2019-09-29 11:44:22,078 [main] INFO  segmented.SegmentedRaftLogWorker (SegmentedRaftLogWorker.java:close(228)) - 80fc131e-7449-4337-bbfe-0af46756e553@group-21171D7A6486-SegmentedRaftLogWorker close()
2019-09-29 11:44:22,078 [0e6a41e5-20ff-4149-94ab-fd732a1cc964@group-21171D7A6486-SegmentedRaftLogWorker] INFO  segmented.SegmentedRaftLogWorker (SegmentedRaftLogWorker.java:run(313)) - 0e6a41e5-20ff-4149-94ab-fd732a1cc964@group-21171D7A6486-SegmentedRaftLogWorker was interrupted, exiting. There are 0 tasks remaining in the queue.
2019-09-29 11:44:22,080 [ForkJoinPool.commonPool-worker-1] INFO  segmented.SegmentedRaftLogWorker (SegmentedRaftLogWorker.java:close(228)) - 0e6a41e5-20ff-4149-94ab-fd732a1cc964@group-21171D7A6486-SegmentedRaftLogWorker close()
2019-09-29 11:44:22,080 [main] INFO  server.GrpcService (GrpcService.java:closeImpl(164)) - 80fc131e-7449-4337-bbfe-0af46756e553: shutdown server with port 42357 now
2019-09-29 11:44:22,084 [ForkJoinPool.commonPool-worker-1] INFO  server.GrpcService (GrpcService.java:closeImpl(164)) - 0e6a41e5-20ff-4149-94ab-fd732a1cc964: shutdown server with port 39877 now
2019-09-29 11:44:22,089 [ForkJoinPool.commonPool-worker-1] INFO  server.GrpcService (GrpcService.java:closeImpl(172)) - 0e6a41e5-20ff-4149-94ab-fd732a1cc964: shutdown server with port 39877 successfully
2019-09-29 11:44:22,089 [main] INFO  server.GrpcService (GrpcService.java:closeImpl(172)) - 80fc131e-7449-4337-bbfe-0af46756e553: shutdown server with port 42357 successfully
2019-09-29 11:44:22,090 [grpc-default-executor-2] WARN  server.GrpcLogAppender (LogUtils.java:warn(134)) - 6041ccb3-4e57-4349-bebe-d2cf5d4f01d1@group-59E51D913EDB->80fc131e-7449-4337-bbfe-0af46756e553-AppendLogResponseHandler: Failed appendEntries: org.apache.ratis.thirdparty.io.grpc.StatusRuntimeException: CANCELLED: HTTP/2 error code: CANCEL
Received Rst Stream
2019-09-29 11:44:22,090 [grpc-default-executor-0] WARN  server.GrpcServerProtocolService (LogUtils.java:warn(134)) - 80fc131e-7449-4337-bbfe-0af46756e553: installSnapshot onError, lastRequest: 6041ccb3-4e57-4349-bebe-d2cf5d4f01d1->80fc131e-7449-4337-bbfe-0af46756e553#1-t1, previous=(t:0, i:0), leaderCommit=0, initializing? false, entries: size=1, first=(t:1, i:0), CONFIGURATIONENTRY: org.apache.ratis.thirdparty.io.grpc.StatusRuntimeException: CANCELLED: cancelled before receiving half close
2019-09-29 11:44:22,090 [grpc-default-executor-1] WARN  server.GrpcServerProtocolService (LogUtils.java:warn(134)) - 0e6a41e5-20ff-4149-94ab-fd732a1cc964: installSnapshot onError, lastRequest: 6041ccb3-4e57-4349-bebe-d2cf5d4f01d1->0e6a41e5-20ff-4149-94ab-fd732a1cc964#1-t1, previous=(t:0, i:0), leaderCommit=0, initializing? false, entries: size=1, first=(t:1, i:0), CONFIGURATIONENTRY: org.apache.ratis.thirdparty.io.grpc.StatusRuntimeException: CANCELLED: cancelled before receiving half close
2019-09-29 11:44:22,090 [grpc-default-executor-3] WARN  server.GrpcLogAppender (LogUtils.java:warn(134)) - 6041ccb3-4e57-4349-bebe-d2cf5d4f01d1@group-59E51D913EDB->0e6a41e5-20ff-4149-94ab-fd732a1cc964-AppendLogResponseHandler: Failed appendEntries: org.apache.ratis.thirdparty.io.grpc.StatusRuntimeException: CANCELLED: HTTP/2 error code: CANCEL
Received Rst Stream
2019-09-29 11:44:22,092 [grpc-default-executor-2] INFO  impl.FollowerInfo (FollowerInfo.java:lambda$new$0(51)) - 6041ccb3-4e57-4349-bebe-d2cf5d4f01d1@group-59E51D913EDB->80fc131e-7449-4337-bbfe-0af46756e553: nextIndex: updateUnconditionally 1 -> 0
2019-09-29 11:44:22,094 [grpc-default-executor-3] INFO  impl.FollowerInfo (FollowerInfo.java:lambda$new$0(51)) - 6041ccb3-4e57-4349-bebe-d2cf5d4f01d1@group-59E51D913EDB->0e6a41e5-20ff-4149-94ab-fd732a1cc964: nextIndex: updateUnconditionally 1 -> 0
2019-09-29 11:44:22,097 [refreshUsed-/workdir/hadoop-ozone/integration-test/target/test-dir/MiniOzoneClusterImpl-b053464a-6ba9-4d5b-990c-93e7f610e587/datanode-1/data/containers] WARN  fs.CachingGetSpaceUsed (CachingGetSpaceUsed.java:run(183)) - Thread Interrupted waiting to refresh disk information: sleep interrupted
2019-09-29 11:44:22,097 [refreshUsed-/workdir/hadoop-ozone/integration-test/target/test-dir/MiniOzoneClusterImpl-b053464a-6ba9-4d5b-990c-93e7f610e587/datanode-0/data/containers] WARN  fs.CachingGetSpaceUsed (CachingGetSpaceUsed.java:run(183)) - Thread Interrupted waiting to refresh disk information: sleep interrupted
2019-09-29 11:44:22,122 [main] INFO  utils.BackgroundService (BackgroundService.java:shutdown(148)) - Shutting down service BlockDeletingService
2019-09-29 11:44:22,125 [main] INFO  statemachine.DatanodeStateMachine (DatanodeStateMachine.java:stopDaemon(395)) - Ozone container server stopped.
2019-09-29 11:44:22,126 [ForkJoinPool.commonPool-worker-1] INFO  utils.BackgroundService (BackgroundService.java:shutdown(148)) - Shutting down service BlockDeletingService
2019-09-29 11:44:22,129 [ForkJoinPool.commonPool-worker-1] INFO  statemachine.DatanodeStateMachine (DatanodeStateMachine.java:stopDaemon(395)) - Ozone container server stopped.
2019-09-29 11:44:22,129 [main] INFO  handler.ContextHandler (ContextHandler.java:doStop(910)) - Stopped o.e.j.w.WebAppContext@30f74e79{/,null,UNAVAILABLE}{/hddsDatanode}
2019-09-29 11:44:22,132 [ForkJoinPool.commonPool-worker-1] INFO  handler.ContextHandler (ContextHandler.java:doStop(910)) - Stopped o.e.j.w.WebAppContext@6fa13e6{/,null,UNAVAILABLE}{/hddsDatanode}
2019-09-29 11:44:22,132 [main] INFO  server.AbstractConnector (AbstractConnector.java:doStop(318)) - Stopped ServerConnector@2c88a3e8{HTTP/1.1,[http/1.1]}{0.0.0.0:0}
2019-09-29 11:44:22,133 [main] INFO  handler.ContextHandler (ContextHandler.java:doStop(910)) - Stopped o.e.j.s.ServletContextHandler@3e67f5f2{/static,jar:file:/home/user/.m2/repository/org/apache/hadoop/hadoop-hdds-container-service/0.5.0-SNAPSHOT/hadoop-hdds-container-service-0.5.0-SNAPSHOT.jar!/webapps/static,UNAVAILABLE}
2019-09-29 11:44:22,133 [ForkJoinPool.commonPool-worker-1] INFO  server.AbstractConnector (AbstractConnector.java:doStop(318)) - Stopped ServerConnector@3af7d855{HTTP/1.1,[http/1.1]}{0.0.0.0:0}
2019-09-29 11:44:22,133 [main] INFO  handler.ContextHandler (ContextHandler.java:doStop(910)) - Stopped o.e.j.s.ServletContextHandler@1e0a864d{/logs,file:///workdir/hadoop-ozone/integration-test/target/log,UNAVAILABLE}
2019-09-29 11:44:22,134 [ForkJoinPool.commonPool-worker-1] INFO  handler.ContextHandler (ContextHandler.java:doStop(910)) - Stopped o.e.j.s.ServletContextHandler@424de326{/static,jar:file:/home/user/.m2/repository/org/apache/hadoop/hadoop-hdds-container-service/0.5.0-SNAPSHOT/hadoop-hdds-container-service-0.5.0-SNAPSHOT.jar!/webapps/static,UNAVAILABLE}
2019-09-29 11:44:22,136 [ForkJoinPool.commonPool-worker-1] INFO  handler.ContextHandler (ContextHandler.java:doStop(910)) - Stopped o.e.j.s.ServletContextHandler@57562473{/logs,file:///workdir/hadoop-ozone/integration-test/target/log,UNAVAILABLE}
2019-09-29 11:44:22,962 [Datanode State Machine Thread - 0] INFO  statemachine.DatanodeStateMachine (DatanodeStateMachine.java:lambda$startDaemon$0(350)) - Ozone container server started.
2019-09-29 11:44:24,115 [grpc-default-executor-1] WARN  server.GrpcLogAppender (LogUtils.java:warn(134)) - 6041ccb3-4e57-4349-bebe-d2cf5d4f01d1@group-59E51D913EDB->0e6a41e5-20ff-4149-94ab-fd732a1cc964-AppendLogResponseHandler: Failed appendEntries: org.apache.ratis.thirdparty.io.grpc.StatusRuntimeException: UNAVAILABLE: io exception
2019-09-29 11:44:24,117 [grpc-default-executor-1] INFO  impl.FollowerInfo (FollowerInfo.java:lambda$new$0(51)) - 6041ccb3-4e57-4349-bebe-d2cf5d4f01d1@group-59E51D913EDB->0e6a41e5-20ff-4149-94ab-fd732a1cc964: nextIndex: updateUnconditionally 0 -> 0
2019-09-29 11:44:24,120 [grpc-default-executor-3] WARN  server.GrpcLogAppender (LogUtils.java:warn(134)) - 6041ccb3-4e57-4349-bebe-d2cf5d4f01d1@group-59E51D913EDB->80fc131e-7449-4337-bbfe-0af46756e553-AppendLogResponseHandler: Failed appendEntries: org.apache.ratis.thirdparty.io.grpc.StatusRuntimeException: UNAVAILABLE: io exception
2019-09-29 11:44:24,121 [grpc-default-executor-3] INFO  impl.FollowerInfo (FollowerInfo.java:lambda$new$0(51)) - 6041ccb3-4e57-4349-bebe-d2cf5d4f01d1@group-59E51D913EDB->80fc131e-7449-4337-bbfe-0af46756e553: nextIndex: updateUnconditionally 0 -> 0
2019-09-29 11:44:26,611 [grpc-default-executor-1] WARN  server.GrpcLogAppender (LogUtils.java:warn(134)) - 6041ccb3-4e57-4349-bebe-d2cf5d4f01d1@group-59E51D913EDB->0e6a41e5-20ff-4149-94ab-fd732a1cc964-AppendLogResponseHandler: Failed appendEntries: org.apache.ratis.thirdparty.io.grpc.StatusRuntimeException: UNAVAILABLE: io exception
2019-09-29 11:44:26,612 [grpc-default-executor-1] INFO  impl.FollowerInfo (FollowerInfo.java:lambda$new$0(51)) - 6041ccb3-4e57-4349-bebe-d2cf5d4f01d1@group-59E51D913EDB->0e6a41e5-20ff-4149-94ab-fd732a1cc964: nextIndex: updateUnconditionally 0 -> 0
2019-09-29 11:44:26,621 [grpc-default-executor-0] WARN  server.GrpcLogAppender (LogUtils.java:warn(134)) - 6041ccb3-4e57-4349-bebe-d2cf5d4f01d1@group-59E51D913EDB->80fc131e-7449-4337-bbfe-0af46756e553-AppendLogResponseHandler: Failed appendEntries: org.apache.ratis.thirdparty.io.grpc.StatusRuntimeException: UNAVAILABLE: io exception
2019-09-29 11:44:26,622 [grpc-default-executor-0] INFO  impl.FollowerInfo (FollowerInfo.java:lambda$new$0(51)) - 6041ccb3-4e57-4349-bebe-d2cf5d4f01d1@group-59E51D913EDB->80fc131e-7449-4337-bbfe-0af46756e553: nextIndex: updateUnconditionally 0 -> 0
2019-09-29 11:44:26,723 [Thread-508] INFO  impl.FollowerState (FollowerState.java:run(106)) - 6041ccb3-4e57-4349-bebe-d2cf5d4f01d1:group-21171D7A6486 changes to CANDIDATE, lastRpcTime:5182, electionTimeout:5182ms
2019-09-29 11:44:26,723 [Thread-508] INFO  impl.RoleInfo (RoleInfo.java:shutdownFollowerState(121)) - 6041ccb3-4e57-4349-bebe-d2cf5d4f01d1: shutdown FollowerState
2019-09-29 11:44:26,723 [Thread-508] INFO  impl.RaftServerImpl (RaftServerImpl.java:setRole(174)) - 6041ccb3-4e57-4349-bebe-d2cf5d4f01d1@group-21171D7A6486: changes role from  FOLLOWER to CANDIDATE at term 1 for changeToCandidate
2019-09-29 11:44:26,724 [Thread-508] INFO  impl.RoleInfo (RoleInfo.java:updateAndGet(143)) - 6041ccb3-4e57-4349-bebe-d2cf5d4f01d1: start LeaderElection
2019-09-29 11:44:26,759 [6041ccb3-4e57-4349-bebe-d2cf5d4f01d1@group-21171D7A6486:LeaderElection20] INFO  impl.LeaderElection (LeaderElection.java:askForVotes(182)) - 6041ccb3-4e57-4349-bebe-d2cf5d4f01d1@group-21171D7A6486:LeaderElection20: begin an election at term 2 for -1: [80fc131e-7449-4337-bbfe-0af46756e553:192.168.30.19:42357, 0e6a41e5-20ff-4149-94ab-fd732a1cc964:192.168.30.19:39877, 6041ccb3-4e57-4349-bebe-d2cf5d4f01d1:192.168.30.19:40679], old=null
2019-09-29 11:44:26,762 [6041ccb3-4e57-4349-bebe-d2cf5d4f01d1@group-21171D7A6486:LeaderElection20] INFO  impl.LeaderElection (LogUtils.java:infoOrTrace(149)) - 6041ccb3-4e57-4349-bebe-d2cf5d4f01d1@group-21171D7A6486:LeaderElection20 got exception when requesting votes: {}
java.util.concurrent.ExecutionException: org.apache.ratis.thirdparty.io.grpc.StatusRuntimeException: UNAVAILABLE: io exception
	at java.util.concurrent.FutureTask.report(FutureTask.java:122)
	at java.util.concurrent.FutureTask.get(FutureTask.java:192)
	at org.apache.ratis.server.impl.LeaderElection.waitForResults(LeaderElection.java:263)
	at org.apache.ratis.server.impl.LeaderElection.askForVotes(LeaderElection.java:201)
	at org.apache.ratis.server.impl.LeaderElection.run(LeaderElection.java:133)
	at java.lang.Thread.run(Thread.java:748)
Caused by: org.apache.ratis.thirdparty.io.grpc.StatusRuntimeException: UNAVAILABLE: io exception
	at org.apache.ratis.thirdparty.io.grpc.stub.ClientCalls.toStatusRuntimeException(ClientCalls.java:233)
	at org.apache.ratis.thirdparty.io.grpc.stub.ClientCalls.getUnchecked(ClientCalls.java:214)
	at org.apache.ratis.thirdparty.io.grpc.stub.ClientCalls.blockingUnaryCall(ClientCalls.java:139)
	at org.apache.ratis.proto.grpc.RaftServerProtocolServiceGrpc$RaftServerProtocolServiceBlockingStub.requestVote(RaftServerProtocolServiceGrpc.java:265)
	at org.apache.ratis.grpc.server.GrpcServerProtocolClient.requestVote(GrpcServerProtocolClient.java:90)
	at org.apache.ratis.grpc.server.GrpcService.requestVote(GrpcService.java:204)
	at org.apache.ratis.server.impl.LeaderElection.lambda$submitRequests$1(LeaderElection.java:238)
	at java.util.concurrent.FutureTask.run(FutureTask.java:266)
	at java.util.concurrent.Executors$RunnableAdapter.call(Executors.java:511)
	at java.util.concurrent.FutureTask.run(FutureTask.java:266)
	at java.util.concurrent.ThreadPoolExecutor.runWorker(ThreadPoolExecutor.java:1149)
	at java.util.concurrent.ThreadPoolExecutor$Worker.run(ThreadPoolExecutor.java:624)
	... 1 more
Caused by: org.apache.ratis.thirdparty.io.netty.channel.AbstractChannel$AnnotatedConnectException: Connection refused: /192.168.30.19:42357
	at sun.nio.ch.SocketChannelImpl.checkConnect(Native Method)
	at sun.nio.ch.SocketChannelImpl.finishConnect(SocketChannelImpl.java:717)
	at org.apache.ratis.thirdparty.io.netty.channel.socket.nio.NioSocketChannel.doFinishConnect(NioSocketChannel.java:327)
	at org.apache.ratis.thirdparty.io.netty.channel.nio.AbstractNioChannel$AbstractNioUnsafe.finishConnect(AbstractNioChannel.java:340)
	at org.apache.ratis.thirdparty.io.netty.channel.nio.NioEventLoop.processSelectedKey(NioEventLoop.java:632)
	at org.apache.ratis.thirdparty.io.netty.channel.nio.NioEventLoop.processSelectedKeysOptimized(NioEventLoop.java:579)
	at org.apache.ratis.thirdparty.io.netty.channel.nio.NioEventLoop.processSelectedKeys(NioEventLoop.java:496)
	at org.apache.ratis.thirdparty.io.netty.channel.nio.NioEventLoop.run(NioEventLoop.java:458)
	at org.apache.ratis.thirdparty.io.netty.util.concurrent.SingleThreadEventExecutor$5.run(SingleThreadEventExecutor.java:897)
	at org.apache.ratis.thirdparty.io.netty.util.concurrent.FastThreadLocalRunnable.run(FastThreadLocalRunnable.java:30)
	... 1 more
Caused by: java.net.ConnectException: Connection refused
	... 11 more
2019-09-29 11:44:26,764 [6041ccb3-4e57-4349-bebe-d2cf5d4f01d1@group-21171D7A6486:LeaderElection20] INFO  impl.LeaderElection (LogUtils.java:infoOrTrace(149)) - 6041ccb3-4e57-4349-bebe-d2cf5d4f01d1@group-21171D7A6486:LeaderElection20 got exception when requesting votes: {}
java.util.concurrent.ExecutionException: org.apache.ratis.thirdparty.io.grpc.StatusRuntimeException: UNAVAILABLE: io exception
	at java.util.concurrent.FutureTask.report(FutureTask.java:122)
	at java.util.concurrent.FutureTask.get(FutureTask.java:192)
	at org.apache.ratis.server.impl.LeaderElection.waitForResults(LeaderElection.java:263)
	at org.apache.ratis.server.impl.LeaderElection.askForVotes(LeaderElection.java:201)
	at org.apache.ratis.server.impl.LeaderElection.run(LeaderElection.java:133)
	at java.lang.Thread.run(Thread.java:748)
Caused by: org.apache.ratis.thirdparty.io.grpc.StatusRuntimeException: UNAVAILABLE: io exception
	at org.apache.ratis.thirdparty.io.grpc.stub.ClientCalls.toStatusRuntimeException(ClientCalls.java:233)
	at org.apache.ratis.thirdparty.io.grpc.stub.ClientCalls.getUnchecked(ClientCalls.java:214)
	at org.apache.ratis.thirdparty.io.grpc.stub.ClientCalls.blockingUnaryCall(ClientCalls.java:139)
	at org.apache.ratis.proto.grpc.RaftServerProtocolServiceGrpc$RaftServerProtocolServiceBlockingStub.requestVote(RaftServerProtocolServiceGrpc.java:265)
	at org.apache.ratis.grpc.server.GrpcServerProtocolClient.requestVote(GrpcServerProtocolClient.java:90)
	at org.apache.ratis.grpc.server.GrpcService.requestVote(GrpcService.java:204)
	at org.apache.ratis.server.impl.LeaderElection.lambda$submitRequests$1(LeaderElection.java:238)
	at java.util.concurrent.FutureTask.run(FutureTask.java:266)
	at java.util.concurrent.Executors$RunnableAdapter.call(Executors.java:511)
	at java.util.concurrent.FutureTask.run(FutureTask.java:266)
	at java.util.concurrent.ThreadPoolExecutor.runWorker(ThreadPoolExecutor.java:1149)
	at java.util.concurrent.ThreadPoolExecutor$Worker.run(ThreadPoolExecutor.java:624)
	... 1 more
Caused by: org.apache.ratis.thirdparty.io.netty.channel.AbstractChannel$AnnotatedConnectException: Connection refused: /192.168.30.19:39877
	at sun.nio.ch.SocketChannelImpl.checkConnect(Native Method)
	at sun.nio.ch.SocketChannelImpl.finishConnect(SocketChannelImpl.java:717)
	at org.apache.ratis.thirdparty.io.netty.channel.socket.nio.NioSocketChannel.doFinishConnect(NioSocketChannel.java:327)
	at org.apache.ratis.thirdparty.io.netty.channel.nio.AbstractNioChannel$AbstractNioUnsafe.finishConnect(AbstractNioChannel.java:340)
	at org.apache.ratis.thirdparty.io.netty.channel.nio.NioEventLoop.processSelectedKey(NioEventLoop.java:632)
	at org.apache.ratis.thirdparty.io.netty.channel.nio.NioEventLoop.processSelectedKeysOptimized(NioEventLoop.java:579)
	at org.apache.ratis.thirdparty.io.netty.channel.nio.NioEventLoop.processSelectedKeys(NioEventLoop.java:496)
	at org.apache.ratis.thirdparty.io.netty.channel.nio.NioEventLoop.run(NioEventLoop.java:458)
	at org.apache.ratis.thirdparty.io.netty.util.concurrent.SingleThreadEventExecutor$5.run(SingleThreadEventExecutor.java:897)
	at org.apache.ratis.thirdparty.io.netty.util.concurrent.FastThreadLocalRunnable.run(FastThreadLocalRunnable.java:30)
	... 1 more
Caused by: java.net.ConnectException: Connection refused
	... 11 more
2019-09-29 11:44:26,766 [6041ccb3-4e57-4349-bebe-d2cf5d4f01d1@group-21171D7A6486:LeaderElection20] INFO  impl.LeaderElection (LeaderElection.java:logAndReturn(56)) - 6041ccb3-4e57-4349-bebe-d2cf5d4f01d1@group-21171D7A6486:LeaderElection20: Election REJECTED; received 0 response(s) [] and 2 exception(s); 6041ccb3-4e57-4349-bebe-d2cf5d4f01d1@group-21171D7A6486:t2, leader=null, voted=6041ccb3-4e57-4349-bebe-d2cf5d4f01d1, raftlog=6041ccb3-4e57-4349-bebe-d2cf5d4f01d1@group-21171D7A6486-SegmentedRaftLog:OPENED:c-1,f-1,i0, conf=-1: [80fc131e-7449-4337-bbfe-0af46756e553:192.168.30.19:42357, 0e6a41e5-20ff-4149-94ab-fd732a1cc964:192.168.30.19:39877, 6041ccb3-4e57-4349-bebe-d2cf5d4f01d1:192.168.30.19:40679], old=null
2019-09-29 11:44:26,767 [6041ccb3-4e57-4349-bebe-d2cf5d4f01d1@group-21171D7A6486:LeaderElection20] INFO  impl.LeaderElection (LogUtils.java:infoOrTrace(149)) -   Exception 0: {}
java.util.concurrent.ExecutionException: org.apache.ratis.thirdparty.io.grpc.StatusRuntimeException: UNAVAILABLE: io exception
	at java.util.concurrent.FutureTask.report(FutureTask.java:122)
	at java.util.concurrent.FutureTask.get(FutureTask.java:192)
	at org.apache.ratis.server.impl.LeaderElection.waitForResults(LeaderElection.java:263)
	at org.apache.ratis.server.impl.LeaderElection.askForVotes(LeaderElection.java:201)
	at org.apache.ratis.server.impl.LeaderElection.run(LeaderElection.java:133)
	at java.lang.Thread.run(Thread.java:748)
Caused by: org.apache.ratis.thirdparty.io.grpc.StatusRuntimeException: UNAVAILABLE: io exception
	at org.apache.ratis.thirdparty.io.grpc.stub.ClientCalls.toStatusRuntimeException(ClientCalls.java:233)
	at org.apache.ratis.thirdparty.io.grpc.stub.ClientCalls.getUnchecked(ClientCalls.java:214)
	at org.apache.ratis.thirdparty.io.grpc.stub.ClientCalls.blockingUnaryCall(ClientCalls.java:139)
	at org.apache.ratis.proto.grpc.RaftServerProtocolServiceGrpc$RaftServerProtocolServiceBlockingStub.requestVote(RaftServerProtocolServiceGrpc.java:265)
	at org.apache.ratis.grpc.server.GrpcServerProtocolClient.requestVote(GrpcServerProtocolClient.java:90)
	at org.apache.ratis.grpc.server.GrpcService.requestVote(GrpcService.java:204)
	at org.apache.ratis.server.impl.LeaderElection.lambda$submitRequests$1(LeaderElection.java:238)
	at java.util.concurrent.FutureTask.run(FutureTask.java:266)
	at java.util.concurrent.Executors$RunnableAdapter.call(Executors.java:511)
	at java.util.concurrent.FutureTask.run(FutureTask.java:266)
	at java.util.concurrent.ThreadPoolExecutor.runWorker(ThreadPoolExecutor.java:1149)
	at java.util.concurrent.ThreadPoolExecutor$Worker.run(ThreadPoolExecutor.java:624)
	... 1 more
Caused by: org.apache.ratis.thirdparty.io.netty.channel.AbstractChannel$AnnotatedConnectException: Connection refused: /192.168.30.19:42357
	at sun.nio.ch.SocketChannelImpl.checkConnect(Native Method)
	at sun.nio.ch.SocketChannelImpl.finishConnect(SocketChannelImpl.java:717)
	at org.apache.ratis.thirdparty.io.netty.channel.socket.nio.NioSocketChannel.doFinishConnect(NioSocketChannel.java:327)
	at org.apache.ratis.thirdparty.io.netty.channel.nio.AbstractNioChannel$AbstractNioUnsafe.finishConnect(AbstractNioChannel.java:340)
	at org.apache.ratis.thirdparty.io.netty.channel.nio.NioEventLoop.processSelectedKey(NioEventLoop.java:632)
	at org.apache.ratis.thirdparty.io.netty.channel.nio.NioEventLoop.processSelectedKeysOptimized(NioEventLoop.java:579)
	at org.apache.ratis.thirdparty.io.netty.channel.nio.NioEventLoop.processSelectedKeys(NioEventLoop.java:496)
	at org.apache.ratis.thirdparty.io.netty.channel.nio.NioEventLoop.run(NioEventLoop.java:458)
	at org.apache.ratis.thirdparty.io.netty.util.concurrent.SingleThreadEventExecutor$5.run(SingleThreadEventExecutor.java:897)
	at org.apache.ratis.thirdparty.io.netty.util.concurrent.FastThreadLocalRunnable.run(FastThreadLocalRunnable.java:30)
	... 1 more
Caused by: java.net.ConnectException: Connection refused
	... 11 more
2019-09-29 11:44:26,767 [6041ccb3-4e57-4349-bebe-d2cf5d4f01d1@group-21171D7A6486:LeaderElection20] INFO  impl.LeaderElection (LogUtils.java:infoOrTrace(149)) -   Exception 1: {}
java.util.concurrent.ExecutionException: org.apache.ratis.thirdparty.io.grpc.StatusRuntimeException: UNAVAILABLE: io exception
	at java.util.concurrent.FutureTask.report(FutureTask.java:122)
	at java.util.concurrent.FutureTask.get(FutureTask.java:192)
	at org.apache.ratis.server.impl.LeaderElection.waitForResults(LeaderElection.java:263)
	at org.apache.ratis.server.impl.LeaderElection.askForVotes(LeaderElection.java:201)
	at org.apache.ratis.server.impl.LeaderElection.run(LeaderElection.java:133)
	at java.lang.Thread.run(Thread.java:748)
Caused by: org.apache.ratis.thirdparty.io.grpc.StatusRuntimeException: UNAVAILABLE: io exception
	at org.apache.ratis.thirdparty.io.grpc.stub.ClientCalls.toStatusRuntimeException(ClientCalls.java:233)
	at org.apache.ratis.thirdparty.io.grpc.stub.ClientCalls.getUnchecked(ClientCalls.java:214)
	at org.apache.ratis.thirdparty.io.grpc.stub.ClientCalls.blockingUnaryCall(ClientCalls.java:139)
	at org.apache.ratis.proto.grpc.RaftServerProtocolServiceGrpc$RaftServerProtocolServiceBlockingStub.requestVote(RaftServerProtocolServiceGrpc.java:265)
	at org.apache.ratis.grpc.server.GrpcServerProtocolClient.requestVote(GrpcServerProtocolClient.java:90)
	at org.apache.ratis.grpc.server.GrpcService.requestVote(GrpcService.java:204)
	at org.apache.ratis.server.impl.LeaderElection.lambda$submitRequests$1(LeaderElection.java:238)
	at java.util.concurrent.FutureTask.run(FutureTask.java:266)
	at java.util.concurrent.Executors$RunnableAdapter.call(Executors.java:511)
	at java.util.concurrent.FutureTask.run(FutureTask.java:266)
	at java.util.concurrent.ThreadPoolExecutor.runWorker(ThreadPoolExecutor.java:1149)
	at java.util.concurrent.ThreadPoolExecutor$Worker.run(ThreadPoolExecutor.java:624)
	... 1 more
Caused by: org.apache.ratis.thirdparty.io.netty.channel.AbstractChannel$AnnotatedConnectException: Connection refused: /192.168.30.19:39877
	at sun.nio.ch.SocketChannelImpl.checkConnect(Native Method)
	at sun.nio.ch.SocketChannelImpl.finishConnect(SocketChannelImpl.java:717)
	at org.apache.ratis.thirdparty.io.netty.channel.socket.nio.NioSocketChannel.doFinishConnect(NioSocketChannel.java:327)
	at org.apache.ratis.thirdparty.io.netty.channel.nio.AbstractNioChannel$AbstractNioUnsafe.finishConnect(AbstractNioChannel.java:340)
	at org.apache.ratis.thirdparty.io.netty.channel.nio.NioEventLoop.processSelectedKey(NioEventLoop.java:632)
	at org.apache.ratis.thirdparty.io.netty.channel.nio.NioEventLoop.processSelectedKeysOptimized(NioEventLoop.java:579)
	at org.apache.ratis.thirdparty.io.netty.channel.nio.NioEventLoop.processSelectedKeys(NioEventLoop.java:496)
	at org.apache.ratis.thirdparty.io.netty.channel.nio.NioEventLoop.run(NioEventLoop.java:458)
	at org.apache.ratis.thirdparty.io.netty.util.concurrent.SingleThreadEventExecutor$5.run(SingleThreadEventExecutor.java:897)
	at org.apache.ratis.thirdparty.io.netty.util.concurrent.FastThreadLocalRunnable.run(FastThreadLocalRunnable.java:30)
	... 1 more
Caused by: java.net.ConnectException: Connection refused
	... 11 more
2019-09-29 11:44:26,768 [6041ccb3-4e57-4349-bebe-d2cf5d4f01d1@group-21171D7A6486:LeaderElection20] INFO  impl.RaftServerImpl (RaftServerImpl.java:setRole(174)) - 6041ccb3-4e57-4349-bebe-d2cf5d4f01d1@group-21171D7A6486: changes role from CANDIDATE to FOLLOWER at term 2 for DISCOVERED_A_NEW_TERM
2019-09-29 11:44:26,768 [6041ccb3-4e57-4349-bebe-d2cf5d4f01d1@group-21171D7A6486:LeaderElection20] INFO  impl.RoleInfo (RoleInfo.java:shutdownLeaderElection(134)) - 6041ccb3-4e57-4349-bebe-d2cf5d4f01d1: shutdown LeaderElection
2019-09-29 11:44:26,769 [6041ccb3-4e57-4349-bebe-d2cf5d4f01d1@group-21171D7A6486:LeaderElection20] INFO  impl.RoleInfo (RoleInfo.java:updateAndGet(143)) - 6041ccb3-4e57-4349-bebe-d2cf5d4f01d1: start FollowerState
2019-09-29 11:44:27,137 [main] INFO  ozoneimpl.OzoneContainer (OzoneContainer.java:stop(231)) - Attempting to stop container services.
2019-09-29 11:44:27,138 [main] INFO  impl.RaftServerProxy (RaftServerProxy.java:lambda$close$4(314)) - 6041ccb3-4e57-4349-bebe-d2cf5d4f01d1: close
2019-09-29 11:44:27,139 [main] INFO  impl.RaftServerImpl (RaftServerImpl.java:lambda$shutdown$3(251)) - 6041ccb3-4e57-4349-bebe-d2cf5d4f01d1@group-22495A40CA1B: shutdown
2019-09-29 11:44:27,139 [ForkJoinPool.commonPool-worker-0] INFO  impl.RaftServerImpl (RaftServerImpl.java:lambda$shutdown$3(251)) - 6041ccb3-4e57-4349-bebe-d2cf5d4f01d1@group-7E9153B79F34: shutdown
2019-09-29 11:44:27,139 [main] INFO  util.JmxRegister (JmxRegister.java:unregister(73)) - Successfully un-registered JMX Bean with object name Ratis:service=RaftServer,group=group-22495A40CA1B,id=6041ccb3-4e57-4349-bebe-d2cf5d4f01d1
2019-09-29 11:44:27,140 [ForkJoinPool.commonPool-worker-0] INFO  util.JmxRegister (JmxRegister.java:unregister(73)) - Successfully un-registered JMX Bean with object name Ratis:service=RaftServer,group=group-7E9153B79F34,id=6041ccb3-4e57-4349-bebe-d2cf5d4f01d1
2019-09-29 11:44:27,140 [main] INFO  impl.RoleInfo (RoleInfo.java:shutdownFollowerState(121)) - 6041ccb3-4e57-4349-bebe-d2cf5d4f01d1: shutdown FollowerState
2019-09-29 11:44:27,140 [ForkJoinPool.commonPool-worker-0] INFO  impl.RoleInfo (RoleInfo.java:shutdownLeaderState(104)) - 6041ccb3-4e57-4349-bebe-d2cf5d4f01d1: shutdown LeaderState
2019-09-29 11:44:27,141 [Thread-472] INFO  impl.FollowerState (FollowerState.java:run(115)) - 6041ccb3-4e57-4349-bebe-d2cf5d4f01d1: FollowerState was interrupted: java.lang.InterruptedException: sleep interrupted
2019-09-29 11:44:27,141 [main] INFO  impl.StateMachineUpdater (StateMachineUpdater.java:stopAndJoin(125)) - 6041ccb3-4e57-4349-bebe-d2cf5d4f01d1@group-22495A40CA1B-StateMachineUpdater: set stopIndex = -1
2019-09-29 11:44:27,142 [main] INFO  impl.RaftServerImpl (ServerState.java:close(385)) - 6041ccb3-4e57-4349-bebe-d2cf5d4f01d1@group-22495A40CA1B: closes. applyIndex: -1
2019-09-29 11:44:27,141 [ForkJoinPool.commonPool-worker-0] INFO  impl.PendingRequests (PendingRequests.java:sendNotLeaderResponses(202)) - 6041ccb3-4e57-4349-bebe-d2cf5d4f01d1-PendingRequests: sendNotLeaderResponses
2019-09-29 11:44:27,143 [6041ccb3-4e57-4349-bebe-d2cf5d4f01d1@group-22495A40CA1B-SegmentedRaftLogWorker] INFO  segmented.SegmentedRaftLogWorker (SegmentedRaftLogWorker.java:run(313)) - 6041ccb3-4e57-4349-bebe-d2cf5d4f01d1@group-22495A40CA1B-SegmentedRaftLogWorker was interrupted, exiting. There are 0 tasks remaining in the queue.
2019-09-29 11:44:27,143 [ForkJoinPool.commonPool-worker-0] INFO  impl.StateMachineUpdater (StateMachineUpdater.java:stopAndJoin(125)) - 6041ccb3-4e57-4349-bebe-d2cf5d4f01d1@group-7E9153B79F34-StateMachineUpdater: set stopIndex = 0
2019-09-29 11:44:27,143 [main] INFO  segmented.SegmentedRaftLogWorker (SegmentedRaftLogWorker.java:close(228)) - 6041ccb3-4e57-4349-bebe-d2cf5d4f01d1@group-22495A40CA1B-SegmentedRaftLogWorker close()
2019-09-29 11:44:27,143 [ForkJoinPool.commonPool-worker-0] INFO  impl.RaftServerImpl (ServerState.java:close(385)) - 6041ccb3-4e57-4349-bebe-d2cf5d4f01d1@group-7E9153B79F34: closes. applyIndex: 0
2019-09-29 11:44:27,144 [6041ccb3-4e57-4349-bebe-d2cf5d4f01d1@group-7E9153B79F34-SegmentedRaftLogWorker] INFO  segmented.SegmentedRaftLogWorker (SegmentedRaftLogWorker.java:run(313)) - 6041ccb3-4e57-4349-bebe-d2cf5d4f01d1@group-7E9153B79F34-SegmentedRaftLogWorker was interrupted, exiting. There are 0 tasks remaining in the queue.
2019-09-29 11:44:27,144 [ForkJoinPool.commonPool-worker-0] INFO  segmented.SegmentedRaftLogWorker (SegmentedRaftLogWorker.java:close(228)) - 6041ccb3-4e57-4349-bebe-d2cf5d4f01d1@group-7E9153B79F34-SegmentedRaftLogWorker close()
2019-09-29 11:44:27,145 [ForkJoinPool.commonPool-worker-0] INFO  impl.RaftServerImpl (RaftServerImpl.java:lambda$shutdown$3(251)) - 6041ccb3-4e57-4349-bebe-d2cf5d4f01d1@group-59E51D913EDB: shutdown
2019-09-29 11:44:27,145 [ForkJoinPool.commonPool-worker-0] INFO  util.JmxRegister (JmxRegister.java:unregister(73)) - Successfully un-registered JMX Bean with object name Ratis:service=RaftServer,group=group-59E51D913EDB,id=6041ccb3-4e57-4349-bebe-d2cf5d4f01d1
2019-09-29 11:44:27,145 [ForkJoinPool.commonPool-worker-0] INFO  impl.RoleInfo (RoleInfo.java:shutdownLeaderState(104)) - 6041ccb3-4e57-4349-bebe-d2cf5d4f01d1: shutdown LeaderState
2019-09-29 11:44:27,147 [ForkJoinPool.commonPool-worker-0] INFO  impl.PendingRequests (PendingRequests.java:sendNotLeaderResponses(202)) - 6041ccb3-4e57-4349-bebe-d2cf5d4f01d1-PendingRequests: sendNotLeaderResponses
2019-09-29 11:44:27,147 [org.apache.ratis.server.impl.LogAppender$AppenderDaemon$$Lambda$398/167337190@4218e6ed] WARN  server.GrpcLogAppender (GrpcLogAppender.java:mayWait(143)) - 6041ccb3-4e57-4349-bebe-d2cf5d4f01d1@group-59E51D913EDB->0e6a41e5-20ff-4149-94ab-fd732a1cc964-GrpcLogAppender: Wait interrupted by java.lang.InterruptedException
2019-09-29 11:44:27,147 [org.apache.ratis.server.impl.LogAppender$AppenderDaemon$$Lambda$398/167337190@6a4b59a3] WARN  server.GrpcLogAppender (GrpcLogAppender.java:mayWait(143)) - 6041ccb3-4e57-4349-bebe-d2cf5d4f01d1@group-59E51D913EDB->80fc131e-7449-4337-bbfe-0af46756e553-GrpcLogAppender: Wait interrupted by java.lang.InterruptedException
2019-09-29 11:44:27,147 [ForkJoinPool.commonPool-worker-0] INFO  impl.StateMachineUpdater (StateMachineUpdater.java:stopAndJoin(125)) - 6041ccb3-4e57-4349-bebe-d2cf5d4f01d1@group-59E51D913EDB-StateMachineUpdater: set stopIndex = 0
2019-09-29 11:44:27,147 [ForkJoinPool.commonPool-worker-0] INFO  impl.RaftServerImpl (ServerState.java:close(385)) - 6041ccb3-4e57-4349-bebe-d2cf5d4f01d1@group-59E51D913EDB: closes. applyIndex: 0
2019-09-29 11:44:27,148 [6041ccb3-4e57-4349-bebe-d2cf5d4f01d1@group-59E51D913EDB-SegmentedRaftLogWorker] INFO  segmented.SegmentedRaftLogWorker (SegmentedRaftLogWorker.java:run(313)) - 6041ccb3-4e57-4349-bebe-d2cf5d4f01d1@group-59E51D913EDB-SegmentedRaftLogWorker was interrupted, exiting. There are 0 tasks remaining in the queue.
2019-09-29 11:44:27,148 [ForkJoinPool.commonPool-worker-0] INFO  segmented.SegmentedRaftLogWorker (SegmentedRaftLogWorker.java:close(228)) - 6041ccb3-4e57-4349-bebe-d2cf5d4f01d1@group-59E51D913EDB-SegmentedRaftLogWorker close()
2019-09-29 11:44:27,148 [ForkJoinPool.commonPool-worker-0] INFO  impl.RaftServerImpl (RaftServerImpl.java:lambda$shutdown$3(251)) - 6041ccb3-4e57-4349-bebe-d2cf5d4f01d1@group-21171D7A6486: shutdown
2019-09-29 11:44:27,148 [ForkJoinPool.commonPool-worker-0] INFO  util.JmxRegister (JmxRegister.java:unregister(73)) - Successfully un-registered JMX Bean with object name Ratis:service=RaftServer,group=group-21171D7A6486,id=6041ccb3-4e57-4349-bebe-d2cf5d4f01d1
2019-09-29 11:44:27,149 [ForkJoinPool.commonPool-worker-0] INFO  impl.RoleInfo (RoleInfo.java:shutdownFollowerState(121)) - 6041ccb3-4e57-4349-bebe-d2cf5d4f01d1: shutdown FollowerState
2019-09-29 11:44:27,149 [ForkJoinPool.commonPool-worker-0] INFO  impl.StateMachineUpdater (StateMachineUpdater.java:stopAndJoin(125)) - 6041ccb3-4e57-4349-bebe-d2cf5d4f01d1@group-21171D7A6486-StateMachineUpdater: set stopIndex = -1
2019-09-29 11:44:27,149 [Thread-514] INFO  impl.FollowerState (FollowerState.java:run(115)) - 6041ccb3-4e57-4349-bebe-d2cf5d4f01d1: FollowerState was interrupted: java.lang.InterruptedException: sleep interrupted
2019-09-29 11:44:27,149 [ForkJoinPool.commonPool-worker-0] INFO  impl.RaftServerImpl (ServerState.java:close(385)) - 6041ccb3-4e57-4349-bebe-d2cf5d4f01d1@group-21171D7A6486: closes. applyIndex: -1
2019-09-29 11:44:27,150 [6041ccb3-4e57-4349-bebe-d2cf5d4f01d1@group-21171D7A6486-SegmentedRaftLogWorker] INFO  segmented.SegmentedRaftLogWorker (SegmentedRaftLogWorker.java:run(313)) - 6041ccb3-4e57-4349-bebe-d2cf5d4f01d1@group-21171D7A6486-SegmentedRaftLogWorker was interrupted, exiting. There are 0 tasks remaining in the queue.
2019-09-29 11:44:27,150 [ForkJoinPool.commonPool-worker-0] INFO  segmented.SegmentedRaftLogWorker (SegmentedRaftLogWorker.java:close(228)) - 6041ccb3-4e57-4349-bebe-d2cf5d4f01d1@group-21171D7A6486-SegmentedRaftLogWorker close()
2019-09-29 11:44:27,151 [main] INFO  server.GrpcService (GrpcService.java:closeImpl(164)) - 6041ccb3-4e57-4349-bebe-d2cf5d4f01d1: shutdown server with port 40679 now
2019-09-29 11:44:27,153 [main] INFO  server.GrpcService (GrpcService.java:closeImpl(172)) - 6041ccb3-4e57-4349-bebe-d2cf5d4f01d1: shutdown server with port 40679 successfully
2019-09-29 11:44:27,158 [refreshUsed-/workdir/hadoop-ozone/integration-test/target/test-dir/MiniOzoneClusterImpl-b053464a-6ba9-4d5b-990c-93e7f610e587/datanode-2/data/containers] WARN  fs.CachingGetSpaceUsed (CachingGetSpaceUsed.java:run(183)) - Thread Interrupted waiting to refresh disk information: sleep interrupted
2019-09-29 11:44:27,174 [main] INFO  utils.BackgroundService (BackgroundService.java:shutdown(148)) - Shutting down service BlockDeletingService
2019-09-29 11:44:27,177 [main] INFO  statemachine.DatanodeStateMachine (DatanodeStateMachine.java:stopDaemon(395)) - Ozone container server stopped.
2019-09-29 11:44:27,178 [main] INFO  handler.ContextHandler (ContextHandler.java:doStop(910)) - Stopped o.e.j.w.WebAppContext@f5b6e78{/,null,UNAVAILABLE}{/hddsDatanode}
2019-09-29 11:44:27,179 [main] INFO  server.AbstractConnector (AbstractConnector.java:doStop(318)) - Stopped ServerConnector@4b4eced1{HTTP/1.1,[http/1.1]}{0.0.0.0:0}
2019-09-29 11:44:27,179 [main] INFO  handler.ContextHandler (ContextHandler.java:doStop(910)) - Stopped o.e.j.s.ServletContextHandler@2a8a4e0c{/static,jar:file:/home/user/.m2/repository/org/apache/hadoop/hadoop-hdds-container-service/0.5.0-SNAPSHOT/hadoop-hdds-container-service-0.5.0-SNAPSHOT.jar!/webapps/static,UNAVAILABLE}
2019-09-29 11:44:27,180 [main] INFO  handler.ContextHandler (ContextHandler.java:doStop(910)) - Stopped o.e.j.s.ServletContextHandler@2d4608a6{/logs,file:///workdir/hadoop-ozone/integration-test/target/log,UNAVAILABLE}
2019-09-29 11:44:27,182 [main] INFO  ozone.MiniOzoneClusterImpl (MiniOzoneClusterImpl.java:stopSCM(392)) - Stopping the StorageContainerManager
2019-09-29 11:44:27,182 [main] INFO  server.StorageContainerManager (StorageContainerManager.java:stop(808)) - Stopping Replication Manager Service.
2019-09-29 11:44:27,182 [main] INFO  container.ReplicationManager (ReplicationManager.java:stop(204)) - Stopping Replication Monitor Thread.
2019-09-29 11:44:27,182 [main] INFO  server.StorageContainerManager (StorageContainerManager.java:stop(815)) - Stopping Lease Manager of the command watchers
2019-09-29 11:44:27,183 [main] INFO  server.StorageContainerManager (StorageContainerManager.java:stop(822)) - Stopping datanode service RPC server
2019-09-29 11:44:27,183 [main] INFO  server.SCMDatanodeProtocolServer (SCMDatanodeProtocolServer.java:stop(367)) - Stopping the RPC server for DataNodes
2019-09-29 11:44:27,183 [main] INFO  ipc.Server (Server.java:stop(3082)) - Stopping server on 42197
2019-09-29 11:44:27,186 [IPC Server listener on 42197] INFO  ipc.Server (Server.java:run(1185)) - Stopping IPC Server listener on 42197
2019-09-29 11:44:27,187 [IPC Server Responder] INFO  ipc.Server (Server.java:run(1319)) - Stopping IPC Server Responder
2019-09-29 11:44:27,231 [SCM Heartbeat Processing Thread - 0] WARN  node.NodeStateManager (NodeStateManager.java:scheduleNextHealthCheck(655)) - Current Thread is interrupted, shutting down HB processing thread for Node Manager.
2019-09-29 11:44:27,232 [main] INFO  server.StorageContainerManager (StorageContainerManager.java:stop(830)) - Stopping block service RPC server
2019-09-29 11:44:27,232 [main] INFO  server.SCMBlockProtocolServer (SCMBlockProtocolServer.java:stop(155)) - Stopping the RPC server for Block Protocol
2019-09-29 11:44:27,232 [main] INFO  ipc.Server (Server.java:stop(3082)) - Stopping server on 39391
2019-09-29 11:44:27,234 [IPC Server listener on 39391] INFO  ipc.Server (Server.java:run(1185)) - Stopping IPC Server listener on 39391
2019-09-29 11:44:27,234 [main] INFO  server.StorageContainerManager (StorageContainerManager.java:stop(837)) - Stopping the StorageContainerLocationProtocol RPC server
2019-09-29 11:44:27,235 [main] INFO  server.SCMClientProtocolServer (SCMClientProtocolServer.java:stop(159)) - Stopping the RPC server for Client Protocol
2019-09-29 11:44:27,235 [main] INFO  ipc.Server (Server.java:stop(3082)) - Stopping server on 41338
2019-09-29 11:44:27,235 [IPC Server Responder] INFO  ipc.Server (Server.java:run(1319)) - Stopping IPC Server Responder
2019-09-29 11:44:27,239 [main] INFO  server.StorageContainerManager (StorageContainerManager.java:stop(844)) - Stopping Storage Container Manager HTTP server.
2019-09-29 11:44:27,239 [IPC Server listener on 41338] INFO  ipc.Server (Server.java:run(1185)) - Stopping IPC Server listener on 41338
2019-09-29 11:44:27,240 [IPC Server Responder] INFO  ipc.Server (Server.java:run(1319)) - Stopping IPC Server Responder
2019-09-29 11:44:27,242 [main] INFO  handler.ContextHandler (ContextHandler.java:doStop(910)) - Stopped o.e.j.w.WebAppContext@a2341c6{/,null,UNAVAILABLE}{/scm}
2019-09-29 11:44:27,242 [main] INFO  server.AbstractConnector (AbstractConnector.java:doStop(318)) - Stopped ServerConnector@6e4c0d8c{HTTP/1.1,[http/1.1]}{0.0.0.0:0}
2019-09-29 11:44:27,243 [main] INFO  handler.ContextHandler (ContextHandler.java:doStop(910)) - Stopped o.e.j.s.ServletContextHandler@1c26273d{/static,file:///workdir/hadoop-ozone/integration-test/target/test-classes/webapps/static,UNAVAILABLE}
2019-09-29 11:44:27,243 [main] INFO  handler.ContextHandler (ContextHandler.java:doStop(910)) - Stopped o.e.j.s.ServletContextHandler@272ce069{/logs,file:///workdir/hadoop-ozone/integration-test/target/log,UNAVAILABLE}
2019-09-29 11:44:27,245 [main] INFO  server.StorageContainerManager (StorageContainerManager.java:stop(855)) - Stopping Block Manager Service.
2019-09-29 11:44:27,246 [main] INFO  utils.BackgroundService (BackgroundService.java:shutdown(148)) - Shutting down service SCMBlockDeletingService
2019-09-29 11:44:27,246 [main] INFO  utils.BackgroundService (BackgroundService.java:shutdown(148)) - Shutting down service SCMBlockDeletingService
2019-09-29 11:44:27,247 [main] INFO  server.StorageContainerManager (StorageContainerManager.java:stop(877)) - Stopping SCM Event Queue.
2019-09-29 11:44:27,251 [main] INFO  impl.MetricsSystemImpl (MetricsSystemImpl.java:stop(210)) - Stopping HddsDatanode metrics system...
2019-09-29 11:44:27,262 [main] INFO  impl.MetricsSystemImpl (MetricsSystemImpl.java:stop(216)) - HddsDatanode metrics system stopped.
]]></system-out>
    <system-err><![CDATA[Sep 29, 2019 11:44:22 AM org.apache.ratis.thirdparty.io.grpc.internal.SerializingExecutor run
SEVERE: Exception while executing runnable org.apache.ratis.thirdparty.io.grpc.internal.ServerImpl$JumpToApplicationThreadServerStreamListener$1Closed@1e2dcdfb
org.apache.ratis.thirdparty.io.grpc.StatusRuntimeException: CANCELLED: call already cancelled
	at org.apache.ratis.thirdparty.io.grpc.Status.asRuntimeException(Status.java:517)
	at org.apache.ratis.thirdparty.io.grpc.stub.ServerCalls$ServerCallStreamObserverImpl.onCompleted(ServerCalls.java:356)
	at org.apache.ratis.grpc.server.GrpcServerProtocolService$ServerRequestStreamObserver.onError(GrpcServerProtocolService.java:121)
	at org.apache.ratis.thirdparty.io.grpc.stub.ServerCalls$StreamingServerCallHandler$StreamingServerCallListener.onCancel(ServerCalls.java:269)
	at org.apache.ratis.thirdparty.io.grpc.internal.ServerCallImpl$ServerStreamListenerImpl.closed(ServerCallImpl.java:293)
	at org.apache.ratis.thirdparty.io.grpc.internal.ServerImpl$JumpToApplicationThreadServerStreamListener$1Closed.runInContext(ServerImpl.java:741)
	at org.apache.ratis.thirdparty.io.grpc.internal.ContextRunnable.run(ContextRunnable.java:37)
	at org.apache.ratis.thirdparty.io.grpc.internal.SerializingExecutor.run(SerializingExecutor.java:123)
	at java.util.concurrent.ThreadPoolExecutor.runWorker(ThreadPoolExecutor.java:1149)
	at java.util.concurrent.ThreadPoolExecutor$Worker.run(ThreadPoolExecutor.java:624)
	at java.lang.Thread.run(Thread.java:748)

Sep 29, 2019 11:44:22 AM org.apache.ratis.thirdparty.io.grpc.internal.SerializingExecutor run
SEVERE: Exception while executing runnable org.apache.ratis.thirdparty.io.grpc.internal.ServerImpl$JumpToApplicationThreadServerStreamListener$1Closed@d54202a
org.apache.ratis.thirdparty.io.grpc.StatusRuntimeException: CANCELLED: call already cancelled
	at org.apache.ratis.thirdparty.io.grpc.Status.asRuntimeException(Status.java:517)
	at org.apache.ratis.thirdparty.io.grpc.stub.ServerCalls$ServerCallStreamObserverImpl.onCompleted(ServerCalls.java:356)
	at org.apache.ratis.grpc.server.GrpcServerProtocolService$ServerRequestStreamObserver.onError(GrpcServerProtocolService.java:121)
	at org.apache.ratis.thirdparty.io.grpc.stub.ServerCalls$StreamingServerCallHandler$StreamingServerCallListener.onCancel(ServerCalls.java:269)
	at org.apache.ratis.thirdparty.io.grpc.internal.ServerCallImpl$ServerStreamListenerImpl.closed(ServerCallImpl.java:293)
	at org.apache.ratis.thirdparty.io.grpc.internal.ServerImpl$JumpToApplicationThreadServerStreamListener$1Closed.runInContext(ServerImpl.java:741)
	at org.apache.ratis.thirdparty.io.grpc.internal.ContextRunnable.run(ContextRunnable.java:37)
	at org.apache.ratis.thirdparty.io.grpc.internal.SerializingExecutor.run(SerializingExecutor.java:123)
	at java.util.concurrent.ThreadPoolExecutor.runWorker(ThreadPoolExecutor.java:1149)
	at java.util.concurrent.ThreadPoolExecutor$Worker.run(ThreadPoolExecutor.java:624)
	at java.lang.Thread.run(Thread.java:748)

]]></system-err>
  </testcase>
  <testcase name="testCaching" classname="org.apache.hadoop.ozone.scm.TestXceiverClientManager" time="16.979">
    <error message="Could not allocate container. Cannot get any matching pipeline for Type:STAND_ALONE, Factor:ONE, State:PipelineState.OPEN&#10;	at org.apache.hadoop.hdds.scm.container.ContainerStateManager.allocateContainer(ContainerStateManager.java:260)&#10;	at org.apache.hadoop.hdds.scm.container.SCMContainerManager.allocateContainer(SCMContainerManager.java:247)&#10;	at org.apache.hadoop.hdds.scm.server.SCMClientProtocolServer.allocateContainer(SCMClientProtocolServer.java:186)&#10;	at org.apache.hadoop.ozone.protocolPB.StorageContainerLocationProtocolServerSideTranslatorPB.allocateContainer(StorageContainerLocationProtocolServerSideTranslatorPB.java:123)&#10;	at org.apache.hadoop.hdds.protocol.proto.StorageContainerLocationProtocolProtos$StorageContainerLocationProtocolService$2.callBlockingMethod(StorageContainerLocationProtocolProtos.java:21239)&#10;	at org.apache.hadoop.ipc.ProtobufRpcEngine$Server$ProtoBufRpcInvoker.call(ProtobufRpcEngine.java:524)&#10;	at org.apache.hadoop.ipc.RPC$Server.call(RPC.java:1025)&#10;	at org.apache.hadoop.ipc.Server$RpcCall.run(Server.java:876)&#10;	at org.apache.hadoop.ipc.Server$RpcCall.run(Server.java:822)&#10;	at java.security.AccessController.doPrivileged(Native Method)&#10;	at javax.security.auth.Subject.doAs(Subject.java:422)&#10;	at org.apache.hadoop.security.UserGroupInformation.doAs(UserGroupInformation.java:1730)&#10;	at org.apache.hadoop.ipc.Server$Handler.run(Server.java:2682)&#10;" type="org.apache.hadoop.ipc.RemoteException(java.io.IOException)">org.apache.hadoop.ipc.RemoteException(java.io.IOException): Could not allocate container. Cannot get any matching pipeline for Type:STAND_ALONE, Factor:ONE, State:PipelineState.OPEN
	at org.apache.hadoop.hdds.scm.container.ContainerStateManager.allocateContainer(ContainerStateManager.java:260)
	at org.apache.hadoop.hdds.scm.container.SCMContainerManager.allocateContainer(SCMContainerManager.java:247)
	at org.apache.hadoop.hdds.scm.server.SCMClientProtocolServer.allocateContainer(SCMClientProtocolServer.java:186)
	at org.apache.hadoop.ozone.protocolPB.StorageContainerLocationProtocolServerSideTranslatorPB.allocateContainer(StorageContainerLocationProtocolServerSideTranslatorPB.java:123)
	at org.apache.hadoop.hdds.protocol.proto.StorageContainerLocationProtocolProtos$StorageContainerLocationProtocolService$2.callBlockingMethod(StorageContainerLocationProtocolProtos.java:21239)
	at org.apache.hadoop.ipc.ProtobufRpcEngine$Server$ProtoBufRpcInvoker.call(ProtobufRpcEngine.java:524)
	at org.apache.hadoop.ipc.RPC$Server.call(RPC.java:1025)
	at org.apache.hadoop.ipc.Server$RpcCall.run(Server.java:876)
	at org.apache.hadoop.ipc.Server$RpcCall.run(Server.java:822)
	at java.security.AccessController.doPrivileged(Native Method)
	at javax.security.auth.Subject.doAs(Subject.java:422)
	at org.apache.hadoop.security.UserGroupInformation.doAs(UserGroupInformation.java:1730)
	at org.apache.hadoop.ipc.Server$Handler.run(Server.java:2682)

	at org.apache.hadoop.ipc.Client.getRpcResponse(Client.java:1511)
	at org.apache.hadoop.ipc.Client.call(Client.java:1457)
	at org.apache.hadoop.ipc.Client.call(Client.java:1367)
	at org.apache.hadoop.ipc.ProtobufRpcEngine$Invoker.invoke(ProtobufRpcEngine.java:228)
	at org.apache.hadoop.ipc.ProtobufRpcEngine$Invoker.invoke(ProtobufRpcEngine.java:116)
	at com.sun.proxy.$Proxy25.allocateContainer(Unknown Source)
	at org.apache.hadoop.hdds.scm.protocolPB.StorageContainerLocationProtocolClientSideTranslatorPB.allocateContainer(StorageContainerLocationProtocolClientSideTranslatorPB.java:127)
	at org.apache.hadoop.ozone.scm.TestXceiverClientManager.testCaching(TestXceiverClientManager.java:86)
	at sun.reflect.NativeMethodAccessorImpl.invoke0(Native Method)
	at sun.reflect.NativeMethodAccessorImpl.invoke(NativeMethodAccessorImpl.java:62)
	at sun.reflect.DelegatingMethodAccessorImpl.invoke(DelegatingMethodAccessorImpl.java:43)
	at java.lang.reflect.Method.invoke(Method.java:498)
	at org.junit.runners.model.FrameworkMethod$1.runReflectiveCall(FrameworkMethod.java:47)
	at org.junit.internal.runners.model.ReflectiveCallable.run(ReflectiveCallable.java:12)
	at org.junit.runners.model.FrameworkMethod.invokeExplosively(FrameworkMethod.java:44)
	at org.junit.internal.runners.statements.InvokeMethod.evaluate(InvokeMethod.java:17)
	at org.junit.internal.runners.statements.RunBefores.evaluate(RunBefores.java:26)
	at org.junit.internal.runners.statements.RunAfters.evaluate(RunAfters.java:27)
	at org.junit.rules.ExpectedException$ExpectedExceptionStatement.evaluate(ExpectedException.java:168)
	at org.junit.rules.RunRules.evaluate(RunRules.java:20)
	at org.junit.runners.ParentRunner.runLeaf(ParentRunner.java:271)
	at org.junit.runners.BlockJUnit4ClassRunner.runChild(BlockJUnit4ClassRunner.java:70)
	at org.junit.runners.BlockJUnit4ClassRunner.runChild(BlockJUnit4ClassRunner.java:50)
	at org.junit.runners.ParentRunner$3.run(ParentRunner.java:238)
	at org.junit.runners.ParentRunner$1.schedule(ParentRunner.java:63)
	at org.junit.runners.ParentRunner.runChildren(ParentRunner.java:236)
	at org.junit.runners.ParentRunner.access$000(ParentRunner.java:53)
	at org.junit.runners.ParentRunner$2.evaluate(ParentRunner.java:229)
	at org.junit.runners.ParentRunner.run(ParentRunner.java:309)
	at org.apache.maven.surefire.junit4.JUnit4Provider.execute(JUnit4Provider.java:365)
	at org.apache.maven.surefire.junit4.JUnit4Provider.executeWithRerun(JUnit4Provider.java:273)
	at org.apache.maven.surefire.junit4.JUnit4Provider.executeTestSet(JUnit4Provider.java:238)
	at org.apache.maven.surefire.junit4.JUnit4Provider.invoke(JUnit4Provider.java:159)
	at org.apache.maven.surefire.booter.ForkedBooter.invokeProviderInSameClassLoader(ForkedBooter.java:384)
	at org.apache.maven.surefire.booter.ForkedBooter.runSuitesInProcess(ForkedBooter.java:345)
	at org.apache.maven.surefire.booter.ForkedBooter.execute(ForkedBooter.java:126)
	at org.apache.maven.surefire.booter.ForkedBooter.main(ForkedBooter.java:418)
</error>
    <system-out><![CDATA[2019-09-29 11:44:27,293 [main] WARN  server.ServerUtils (ServerUtils.java:getScmDbDir(145)) - ozone.scm.db.dirs is not configured. We recommend adding this setting. Falling back to ozone.metadata.dirs instead.
2019-09-29 11:44:27,321 [main] WARN  server.ServerUtils (ServerUtils.java:getScmDbDir(145)) - ozone.scm.db.dirs is not configured. We recommend adding this setting. Falling back to ozone.metadata.dirs instead.
2019-09-29 11:44:27,321 [main] WARN  server.ServerUtils (ServerUtils.java:getScmDbDir(145)) - ozone.scm.db.dirs is not configured. We recommend adding this setting. Falling back to ozone.metadata.dirs instead.
2019-09-29 11:44:27,322 [main] INFO  db.DBStoreBuilder (DBStoreBuilder.java:addTable(110)) - using custom profile for table: deletedBlocks
2019-09-29 11:44:27,322 [main] INFO  db.DBStoreBuilder (DBStoreBuilder.java:processTables(161)) - Using default column profile:DBProfile.DISK for Table:deletedBlocks
2019-09-29 11:44:27,322 [main] INFO  db.DBStoreBuilder (DBStoreBuilder.java:addTable(110)) - using custom profile for table: validCerts
2019-09-29 11:44:27,322 [main] INFO  db.DBStoreBuilder (DBStoreBuilder.java:processTables(161)) - Using default column profile:DBProfile.DISK for Table:validCerts
2019-09-29 11:44:27,323 [main] INFO  db.DBStoreBuilder (DBStoreBuilder.java:addTable(110)) - using custom profile for table: revokedCerts
2019-09-29 11:44:27,323 [main] INFO  db.DBStoreBuilder (DBStoreBuilder.java:processTables(161)) - Using default column profile:DBProfile.DISK for Table:revokedCerts
2019-09-29 11:44:27,323 [main] INFO  db.DBStoreBuilder (DBStoreBuilder.java:addTable(110)) - using custom profile for table: default
2019-09-29 11:44:27,323 [main] INFO  db.DBStoreBuilder (DBStoreBuilder.java:processTables(167)) - Using default column profile:DBProfile.DISK for Table:default
2019-09-29 11:44:27,324 [main] INFO  db.DBStoreBuilder (DBStoreBuilder.java:getDbProfile(198)) - Using default options. DBProfile.DISK
2019-09-29 11:44:27,575 [main] INFO  net.NodeSchemaLoader (NodeSchemaLoader.java:loadSchemaFromFile(125)) - Loading file from sun.misc.CompoundEnumeration@71e35c4
2019-09-29 11:44:27,575 [main] INFO  net.NodeSchemaLoader (NodeSchemaLoader.java:loadSchema(171)) - Loading network topology layer schema file
2019-09-29 11:44:27,581 [main] WARN  server.ServerUtils (ServerUtils.java:sanitizeUserArgs(70)) - ozone.scm.stale.node.interval value = 300000 is larger than max = 100000 based on the key value of ozone.scm.heartbeat.thread.interval, reset to the max value 100000.
2019-09-29 11:44:27,581 [main] WARN  server.ServerUtils (ServerUtils.java:sanitizeUserArgs(70)) - ozone.scm.stale.node.interval value = 300000 is larger than max = 100000 based on the key value of ozone.scm.heartbeat.thread.interval, reset to the max value 100000.
2019-09-29 11:44:27,582 [main] INFO  node.SCMNodeManager (SCMNodeManager.java:<init>(114)) - Entering startup safe mode.
2019-09-29 11:44:27,582 [main] INFO  algorithms.ContainerPlacementPolicyFactory (ContainerPlacementPolicyFactory.java:getPolicy(59)) - Create container placement policy of type org.apache.hadoop.hdds.scm.container.placement.algorithms.SCMContainerPlacementRandom
2019-09-29 11:44:27,583 [main] WARN  server.ServerUtils (ServerUtils.java:getScmDbDir(145)) - ozone.scm.db.dirs is not configured. We recommend adding this setting. Falling back to ozone.metadata.dirs instead.
2019-09-29 11:44:27,696 [main] INFO  pipeline.SCMPipelineManager (SCMPipelineManager.java:initializePipelineState(137)) - No pipeline exists in current db
2019-09-29 11:44:27,696 [main] WARN  server.ServerUtils (ServerUtils.java:getScmDbDir(145)) - ozone.scm.db.dirs is not configured. We recommend adding this setting. Falling back to ozone.metadata.dirs instead.
2019-09-29 11:44:27,798 [main] WARN  events.EventQueue (EventQueue.java:fireEvent(183)) - No event handler registered for event TypedEvent{payloadType=SafeModeStatus, name='SafeModeStatus'}
2019-09-29 11:44:27,800 [main] INFO  ipc.CallQueueManager (CallQueueManager.java:<init>(84)) - Using callQueue: class java.util.concurrent.LinkedBlockingQueue, queueCapacity: 2000, scheduler: class org.apache.hadoop.ipc.DefaultRpcScheduler, ipcBackoff: false.
2019-09-29 11:44:27,801 [Socket Reader #1 for port 41011] INFO  ipc.Server (Server.java:run(1074)) - Starting Socket Reader #1 for port 41011
2019-09-29 11:44:27,803 [main] INFO  ipc.CallQueueManager (CallQueueManager.java:<init>(84)) - Using callQueue: class java.util.concurrent.LinkedBlockingQueue, queueCapacity: 2000, scheduler: class org.apache.hadoop.ipc.DefaultRpcScheduler, ipcBackoff: false.
2019-09-29 11:44:27,804 [Socket Reader #1 for port 39494] INFO  ipc.Server (Server.java:run(1074)) - Starting Socket Reader #1 for port 39494
2019-09-29 11:44:27,805 [main] INFO  ipc.CallQueueManager (CallQueueManager.java:<init>(84)) - Using callQueue: class java.util.concurrent.LinkedBlockingQueue, queueCapacity: 2000, scheduler: class org.apache.hadoop.ipc.DefaultRpcScheduler, ipcBackoff: false.
2019-09-29 11:44:27,806 [Socket Reader #1 for port 35218] INFO  ipc.Server (Server.java:run(1074)) - Starting Socket Reader #1 for port 35218
2019-09-29 11:44:27,808 [main] INFO  hdfs.DFSUtil (DFSUtil.java:httpServerTemplateForNNAndJN(1641)) - Starting Web-server for scm at: http://0.0.0.0:0
2019-09-29 11:44:27,811 [main] INFO  server.AuthenticationFilter (AuthenticationFilter.java:constructSecretProvider(240)) - Unable to initialize FileSignerSecretProvider, falling back to use random secrets.
2019-09-29 11:44:27,812 [main] WARN  http.HttpRequestLog (HttpRequestLog.java:getRequestLog(97)) - Jetty request log can only be enabled using Log4j
2019-09-29 11:44:27,814 [main] INFO  http.HttpServer2 (HttpServer2.java:addGlobalFilter(975)) - Added global filter 'safety' (class=org.apache.hadoop.http.HttpServer2$QuotingInputFilter)
2019-09-29 11:44:27,815 [main] INFO  http.HttpServer2 (HttpServer2.java:addFilter(948)) - Added filter static_user_filter (class=org.apache.hadoop.http.lib.StaticUserWebFilter$StaticUserFilter) to context scm
2019-09-29 11:44:27,816 [main] INFO  http.HttpServer2 (HttpServer2.java:addFilter(958)) - Added filter static_user_filter (class=org.apache.hadoop.http.lib.StaticUserWebFilter$StaticUserFilter) to context static
2019-09-29 11:44:27,816 [main] INFO  http.HttpServer2 (HttpServer2.java:addFilter(958)) - Added filter static_user_filter (class=org.apache.hadoop.http.lib.StaticUserWebFilter$StaticUserFilter) to context logs
2019-09-29 11:44:27,819 [main] INFO  server.StorageContainerManager (StorageContainerManager.java:start(770)) - StorageContainerLocationProtocol RPC server is listening at /0.0.0.0:35218
2019-09-29 11:44:27,821 [main] WARN  impl.MetricsConfig (MetricsConfig.java:loadFirst(134)) - Cannot locate configuration: tried hadoop-metrics2-storagecontainermanager.properties,hadoop-metrics2.properties
2019-09-29 11:44:27,822 [main] INFO  impl.MetricsSystemImpl (MetricsSystemImpl.java:startTimer(374)) - Scheduled Metric snapshot period at 10 second(s).
2019-09-29 11:44:27,822 [main] INFO  impl.MetricsSystemImpl (MetricsSystemImpl.java:start(191)) - StorageContainerManager metrics system started
2019-09-29 11:44:27,874 [main] WARN  impl.MetricsSystemImpl (MetricsSystemImpl.java:register(276)) - Sink prometheus already exists!
2019-09-29 11:44:27,881 [main] INFO  server.SCMClientProtocolServer (SCMClientProtocolServer.java:start(151)) - RPC server for Client  is listening at /0.0.0.0:35218
2019-09-29 11:44:27,882 [IPC Server Responder] INFO  ipc.Server (Server.java:run(1314)) - IPC Server Responder: starting
2019-09-29 11:44:27,883 [IPC Server listener on 35218] INFO  ipc.Server (Server.java:run(1153)) - IPC Server listener on 35218: starting
2019-09-29 11:44:27,885 [main] INFO  server.StorageContainerManager (StorageContainerManager.java:start(780)) - ScmBlockLocationProtocol RPC server is listening at /0.0.0.0:39494
2019-09-29 11:44:27,886 [main] INFO  server.SCMBlockProtocolServer (SCMBlockProtocolServer.java:start(146)) - RPC server for Block Protocol is listening at /0.0.0.0:39494
2019-09-29 11:44:27,886 [IPC Server Responder] INFO  ipc.Server (Server.java:run(1314)) - IPC Server Responder: starting
2019-09-29 11:44:27,886 [IPC Server listener on 39494] INFO  ipc.Server (Server.java:run(1153)) - IPC Server listener on 39494: starting
2019-09-29 11:44:27,890 [main] INFO  server.StorageContainerManager (StorageContainerManager.java:start(784)) - ScmDatanodeProtocl RPC server is listening at /0.0.0.0:41011
2019-09-29 11:44:27,890 [main] INFO  server.SCMDatanodeProtocolServer (SCMDatanodeProtocolServer.java:start(191)) - RPC server for DataNodes is listening at /0.0.0.0:41011
2019-09-29 11:44:27,890 [IPC Server Responder] INFO  ipc.Server (Server.java:run(1314)) - IPC Server Responder: starting
2019-09-29 11:44:27,890 [IPC Server listener on 41011] INFO  ipc.Server (Server.java:run(1153)) - IPC Server listener on 41011: starting
2019-09-29 11:44:27,894 [main] INFO  http.HttpServer2 (HttpServer2.java:bindListener(1191)) - Jetty bound to port 32951
2019-09-29 11:44:27,894 [main] INFO  server.Server (Server.java:doStart(351)) - jetty-9.3.25.v20180904, build timestamp: 2018-09-04T21:11:46Z, git hash: 3ce520221d0240229c862b122d2b06c12a625732
2019-09-29 11:44:27,896 [main] INFO  handler.ContextHandler (ContextHandler.java:doStart(781)) - Started o.e.j.s.ServletContextHandler@6a2c717f{/logs,file:///workdir/hadoop-ozone/integration-test/target/log,AVAILABLE}
2019-09-29 11:44:27,897 [main] INFO  handler.ContextHandler (ContextHandler.java:doStart(781)) - Started o.e.j.s.ServletContextHandler@60d40ff4{/static,file:///workdir/hadoop-ozone/integration-test/target/test-classes/webapps/static,AVAILABLE}
2019-09-29 11:44:27,902 [main] INFO  handler.ContextHandler (ContextHandler.java:doStart(781)) - Started o.e.j.w.WebAppContext@6c6017b9{/,file:///workdir/hadoop-ozone/integration-test/target/test-classes/webapps/scm/,AVAILABLE}{/scm}
2019-09-29 11:44:27,902 [main] INFO  server.AbstractConnector (AbstractConnector.java:doStart(278)) - Started ServerConnector@4730e0f0{HTTP/1.1,[http/1.1]}{0.0.0.0:32951}
2019-09-29 11:44:27,903 [main] INFO  server.Server (Server.java:doStart(419)) - Started @39021ms
2019-09-29 11:44:27,903 [main] WARN  impl.MetricsSystemImpl (MetricsSystemImpl.java:register(276)) - Sink prometheus already exists!
2019-09-29 11:44:27,905 [main] INFO  server.BaseHttpServer (BaseHttpServer.java:updateConnectorAddress(215)) - HTTP server of SCM is listening at http://0.0.0.0:32951
2019-09-29 11:44:27,905 [main] WARN  server.ServerUtils (ServerUtils.java:getDBPath(222)) - ozone.om.db.dirs is not configured. We recommend adding this setting. Falling back to ozone.metadata.dirs instead.
2019-09-29 11:44:27,905 [org.apache.hadoop.util.JvmPauseMonitor$Monitor@1b7332a7] INFO  util.JvmPauseMonitor (JvmPauseMonitor.java:run(188)) - Starting JVM pause monitor
2019-09-29 11:44:27,930 [main] WARN  server.ServerUtils (ServerUtils.java:getDBPath(222)) - ozone.om.db.dirs is not configured. We recommend adding this setting. Falling back to ozone.metadata.dirs instead.
2019-09-29 11:44:27,930 [main] WARN  server.ServerUtils (ServerUtils.java:getDBPath(222)) - ozone.om.db.dirs is not configured. We recommend adding this setting. Falling back to ozone.metadata.dirs instead.
2019-09-29 11:44:27,931 [main] INFO  om.OzoneManager (OzoneManager.java:setOMNodeDetails(652)) - OM Service ID is not set. Setting it to the default ID: omServiceIdDefault
2019-09-29 11:44:27,931 [main] INFO  om.OzoneManager (OzoneManager.java:setOMNodeDetails(658)) - OM Node ID is not set. Setting it to the OmStorage's OmID: 5b6b4010-526e-463d-970d-c70cbeb2219b
2019-09-29 11:44:27,931 [main] INFO  om.OzoneManager (OzoneManager.java:loadOMHAConfigs(609)) - Found matching OM address with OMServiceId: null, OMNodeId: null, RPC Address: localhost:0 and Ratis port: 9872
2019-09-29 11:44:27,941 [main] WARN  server.ServerUtils (ServerUtils.java:getDBPath(222)) - ozone.om.db.dirs is not configured. We recommend adding this setting. Falling back to ozone.metadata.dirs instead.
2019-09-29 11:44:27,941 [main] INFO  db.DBStoreBuilder (DBStoreBuilder.java:addTable(110)) - using custom profile for table: userTable
2019-09-29 11:44:27,942 [main] INFO  db.DBStoreBuilder (DBStoreBuilder.java:processTables(161)) - Using default column profile:DBProfile.DISK for Table:userTable
2019-09-29 11:44:27,942 [main] INFO  db.DBStoreBuilder (DBStoreBuilder.java:addTable(110)) - using custom profile for table: volumeTable
2019-09-29 11:44:27,942 [main] INFO  db.DBStoreBuilder (DBStoreBuilder.java:processTables(161)) - Using default column profile:DBProfile.DISK for Table:volumeTable
2019-09-29 11:44:27,942 [main] INFO  db.DBStoreBuilder (DBStoreBuilder.java:addTable(110)) - using custom profile for table: bucketTable
2019-09-29 11:44:27,943 [main] INFO  db.DBStoreBuilder (DBStoreBuilder.java:processTables(161)) - Using default column profile:DBProfile.DISK for Table:bucketTable
2019-09-29 11:44:27,943 [main] INFO  db.DBStoreBuilder (DBStoreBuilder.java:addTable(110)) - using custom profile for table: keyTable
2019-09-29 11:44:27,943 [main] INFO  db.DBStoreBuilder (DBStoreBuilder.java:processTables(161)) - Using default column profile:DBProfile.DISK for Table:keyTable
2019-09-29 11:44:27,944 [main] INFO  db.DBStoreBuilder (DBStoreBuilder.java:addTable(110)) - using custom profile for table: deletedTable
2019-09-29 11:44:27,944 [main] INFO  db.DBStoreBuilder (DBStoreBuilder.java:processTables(161)) - Using default column profile:DBProfile.DISK for Table:deletedTable
2019-09-29 11:44:27,944 [main] INFO  db.DBStoreBuilder (DBStoreBuilder.java:addTable(110)) - using custom profile for table: openKeyTable
2019-09-29 11:44:27,944 [main] INFO  db.DBStoreBuilder (DBStoreBuilder.java:processTables(161)) - Using default column profile:DBProfile.DISK for Table:openKeyTable
2019-09-29 11:44:27,945 [main] INFO  db.DBStoreBuilder (DBStoreBuilder.java:addTable(110)) - using custom profile for table: s3Table
2019-09-29 11:44:27,945 [main] INFO  db.DBStoreBuilder (DBStoreBuilder.java:processTables(161)) - Using default column profile:DBProfile.DISK for Table:s3Table
2019-09-29 11:44:27,945 [main] INFO  db.DBStoreBuilder (DBStoreBuilder.java:addTable(110)) - using custom profile for table: multipartInfoTable
2019-09-29 11:44:27,945 [main] INFO  db.DBStoreBuilder (DBStoreBuilder.java:processTables(161)) - Using default column profile:DBProfile.DISK for Table:multipartInfoTable
2019-09-29 11:44:27,946 [main] INFO  db.DBStoreBuilder (DBStoreBuilder.java:addTable(110)) - using custom profile for table: dTokenTable
2019-09-29 11:44:27,946 [main] INFO  db.DBStoreBuilder (DBStoreBuilder.java:processTables(161)) - Using default column profile:DBProfile.DISK for Table:dTokenTable
2019-09-29 11:44:27,946 [main] INFO  db.DBStoreBuilder (DBStoreBuilder.java:addTable(110)) - using custom profile for table: s3SecretTable
2019-09-29 11:44:27,946 [main] INFO  db.DBStoreBuilder (DBStoreBuilder.java:processTables(161)) - Using default column profile:DBProfile.DISK for Table:s3SecretTable
2019-09-29 11:44:27,947 [main] INFO  db.DBStoreBuilder (DBStoreBuilder.java:addTable(110)) - using custom profile for table: prefixTable
2019-09-29 11:44:27,947 [main] INFO  db.DBStoreBuilder (DBStoreBuilder.java:processTables(161)) - Using default column profile:DBProfile.DISK for Table:prefixTable
2019-09-29 11:44:27,947 [main] INFO  db.DBStoreBuilder (DBStoreBuilder.java:addTable(110)) - using custom profile for table: default
2019-09-29 11:44:27,948 [main] INFO  db.DBStoreBuilder (DBStoreBuilder.java:processTables(167)) - Using default column profile:DBProfile.DISK for Table:default
2019-09-29 11:44:27,948 [main] INFO  db.DBStoreBuilder (DBStoreBuilder.java:getDbProfile(198)) - Using default options. DBProfile.DISK
2019-09-29 11:44:28,708 [main] INFO  ipc.CallQueueManager (CallQueueManager.java:<init>(84)) - Using callQueue: class java.util.concurrent.LinkedBlockingQueue, queueCapacity: 2000, scheduler: class org.apache.hadoop.ipc.DefaultRpcScheduler, ipcBackoff: false.
2019-09-29 11:44:28,709 [Socket Reader #1 for port 41450] INFO  ipc.Server (Server.java:run(1074)) - Starting Socket Reader #1 for port 41450
2019-09-29 11:44:28,724 [main] INFO  om.OzoneManager (OzoneManager.java:start(1243)) - OzoneManager RPC server is listening at localhost/127.0.0.1:41450
2019-09-29 11:44:28,724 [main] INFO  impl.MetricsSystemImpl (MetricsSystemImpl.java:init(158)) - OzoneManager metrics system started (again)
2019-09-29 11:44:28,725 [IPC Server listener on 41450] INFO  ipc.Server (Server.java:run(1153)) - IPC Server listener on 41450: starting
2019-09-29 11:44:28,725 [IPC Server Responder] INFO  ipc.Server (Server.java:run(1314)) - IPC Server Responder: starting
2019-09-29 11:44:28,730 [main] INFO  hdfs.DFSUtil (DFSUtil.java:httpServerTemplateForNNAndJN(1641)) - Starting Web-server for ozoneManager at: http://0.0.0.0:0
2019-09-29 11:44:28,731 [main] INFO  server.AuthenticationFilter (AuthenticationFilter.java:constructSecretProvider(240)) - Unable to initialize FileSignerSecretProvider, falling back to use random secrets.
2019-09-29 11:44:28,732 [main] WARN  http.HttpRequestLog (HttpRequestLog.java:getRequestLog(97)) - Jetty request log can only be enabled using Log4j
2019-09-29 11:44:28,734 [main] INFO  http.HttpServer2 (HttpServer2.java:addGlobalFilter(975)) - Added global filter 'safety' (class=org.apache.hadoop.http.HttpServer2$QuotingInputFilter)
2019-09-29 11:44:28,735 [main] INFO  http.HttpServer2 (HttpServer2.java:addFilter(948)) - Added filter static_user_filter (class=org.apache.hadoop.http.lib.StaticUserWebFilter$StaticUserFilter) to context ozoneManager
2019-09-29 11:44:28,735 [main] INFO  http.HttpServer2 (HttpServer2.java:addFilter(958)) - Added filter static_user_filter (class=org.apache.hadoop.http.lib.StaticUserWebFilter$StaticUserFilter) to context logs
2019-09-29 11:44:28,736 [main] INFO  http.HttpServer2 (HttpServer2.java:addFilter(958)) - Added filter static_user_filter (class=org.apache.hadoop.http.lib.StaticUserWebFilter$StaticUserFilter) to context static
2019-09-29 11:44:28,737 [main] INFO  http.HttpServer2 (HttpServer2.java:bindListener(1191)) - Jetty bound to port 40475
2019-09-29 11:44:28,737 [main] INFO  server.Server (Server.java:doStart(351)) - jetty-9.3.25.v20180904, build timestamp: 2018-09-04T21:11:46Z, git hash: 3ce520221d0240229c862b122d2b06c12a625732
2019-09-29 11:44:28,739 [main] INFO  handler.ContextHandler (ContextHandler.java:doStart(781)) - Started o.e.j.s.ServletContextHandler@6add8e3f{/logs,file:///workdir/hadoop-ozone/integration-test/target/log,AVAILABLE}
2019-09-29 11:44:28,740 [main] INFO  handler.ContextHandler (ContextHandler.java:doStart(781)) - Started o.e.j.s.ServletContextHandler@48904d5a{/static,file:///workdir/hadoop-ozone/integration-test/target/test-classes/webapps/static,AVAILABLE}
2019-09-29 11:44:28,746 [main] INFO  handler.ContextHandler (ContextHandler.java:doStart(781)) - Started o.e.j.w.WebAppContext@39e69ea7{/,file:///workdir/hadoop-ozone/integration-test/target/test-classes/webapps/ozoneManager/,AVAILABLE}{/ozoneManager}
2019-09-29 11:44:28,746 [main] INFO  server.AbstractConnector (AbstractConnector.java:doStart(278)) - Started ServerConnector@490c7a83{HTTP/1.1,[http/1.1]}{0.0.0.0:40475}
2019-09-29 11:44:28,747 [main] INFO  server.Server (Server.java:doStart(419)) - Started @39865ms
2019-09-29 11:44:28,747 [main] WARN  impl.MetricsSystemImpl (MetricsSystemImpl.java:register(276)) - Sink prometheus already exists!
2019-09-29 11:44:28,748 [main] INFO  server.BaseHttpServer (BaseHttpServer.java:updateConnectorAddress(215)) - HTTP server of OZONEMANAGER is listening at http://0.0.0.0:40475
2019-09-29 11:44:28,758 [main] INFO  impl.MetricsSystemImpl (MetricsSystemImpl.java:init(158)) - HddsDatanode metrics system started (again)
2019-09-29 11:44:28,760 [main] INFO  ozone.HddsDatanodeService (HddsDatanodeService.java:start(184)) - HddsDatanodeService host:pr-hdds-1569-lsfh5-224679870 ip:192.168.30.19
2019-09-29 11:44:28,766 [main] INFO  volume.HddsVolume (HddsVolume.java:<init>(176)) - Creating Volume: /workdir/hadoop-ozone/integration-test/target/test-dir/MiniOzoneClusterImpl-f85df494-bc24-4745-9cc1-2be7fe2eb31a/datanode-0/data/containers/hdds of  storage type : DISK and capacity : 1482555576320
2019-09-29 11:44:28,767 [main] INFO  volume.VolumeSet (VolumeSet.java:initializeVolumeSet(170)) - Added Volume : /workdir/hadoop-ozone/integration-test/target/test-dir/MiniOzoneClusterImpl-f85df494-bc24-4745-9cc1-2be7fe2eb31a/datanode-0/data/containers/hdds to VolumeSet
2019-09-29 11:44:28,767 [main] INFO  volume.ThrottledAsyncChecker (ThrottledAsyncChecker.java:schedule(139)) - Scheduling a check for org.apache.hadoop.ozone.container.common.volume.HddsVolume@31e76a8d
2019-09-29 11:44:28,768 [main] INFO  volume.HddsVolumeChecker (HddsVolumeChecker.java:checkAllVolumes(202)) - Scheduled health check for volume org.apache.hadoop.ozone.container.common.volume.HddsVolume@31e76a8d
2019-09-29 11:44:28,783 [main] INFO  impl.RaftServerProxy (ConfUtils.java:logGet(43)) - raft.rpc.type = GRPC (default)
2019-09-29 11:44:28,783 [main] INFO  grpc.GrpcFactory (GrpcFactory.java:checkPooledByteBufAllocatorUseCacheForAllThreads(45)) - PERFORMANCE WARNING: useCacheForAllThreads is true that may cause Netty to create a lot garbage objects and, as a result, trigger GC.
	It is recommended to disable useCacheForAllThreads by setting -Dorg.apache.ratis.thirdparty.io.netty.allocator.useCacheForAllThreads=false in command line.
2019-09-29 11:44:28,783 [main] INFO  grpc.GrpcConfigKeys$Server (ConfUtils.java:logGet(43)) - raft.grpc.server.port = 0 (default)
2019-09-29 11:44:28,783 [main] INFO  server.GrpcService (ConfUtils.java:logGet(43)) - raft.grpc.message.size.max = 33570816 (custom)
2019-09-29 11:44:28,784 [main] INFO  server.RaftServerConfigKeys (ConfUtils.java:logGet(43)) - raft.server.log.appender.buffer.byte-limit = 33554432 (custom)
2019-09-29 11:44:28,784 [main] INFO  server.GrpcService (ConfUtils.java:logGet(43)) - raft.grpc.flow.control.window = 1MB (=1048576) (default)
2019-09-29 11:44:28,784 [main] INFO  server.RaftServerConfigKeys (ConfUtils.java:logGet(43)) - raft.server.rpc.request.timeout = 3000ms (default)
2019-09-29 11:44:28,785 [main] INFO  server.RaftServerConfigKeys (ConfUtils.java:logGet(43)) - raft.server.storage.dir = [/workdir/hadoop-ozone/integration-test/target/test-dir/MiniOzoneClusterImpl-f85df494-bc24-4745-9cc1-2be7fe2eb31a/datanode-0/data/ratis] (custom)
2019-09-29 11:44:28,786 [main] INFO  hdfs.DFSUtil (DFSUtil.java:httpServerTemplateForNNAndJN(1641)) - Starting Web-server for hddsDatanode at: http://0.0.0.0:0
2019-09-29 11:44:28,788 [main] INFO  server.AuthenticationFilter (AuthenticationFilter.java:constructSecretProvider(240)) - Unable to initialize FileSignerSecretProvider, falling back to use random secrets.
2019-09-29 11:44:28,788 [main] WARN  http.HttpRequestLog (HttpRequestLog.java:getRequestLog(97)) - Jetty request log can only be enabled using Log4j
2019-09-29 11:44:28,790 [main] INFO  http.HttpServer2 (HttpServer2.java:addGlobalFilter(975)) - Added global filter 'safety' (class=org.apache.hadoop.http.HttpServer2$QuotingInputFilter)
2019-09-29 11:44:28,790 [main] INFO  http.HttpServer2 (HttpServer2.java:addFilter(948)) - Added filter static_user_filter (class=org.apache.hadoop.http.lib.StaticUserWebFilter$StaticUserFilter) to context hddsDatanode
2019-09-29 11:44:28,790 [main] INFO  http.HttpServer2 (HttpServer2.java:addFilter(958)) - Added filter static_user_filter (class=org.apache.hadoop.http.lib.StaticUserWebFilter$StaticUserFilter) to context static
2019-09-29 11:44:28,791 [main] INFO  http.HttpServer2 (HttpServer2.java:addFilter(958)) - Added filter static_user_filter (class=org.apache.hadoop.http.lib.StaticUserWebFilter$StaticUserFilter) to context logs
2019-09-29 11:44:28,791 [main] INFO  http.HttpServer2 (HttpServer2.java:bindListener(1191)) - Jetty bound to port 42883
2019-09-29 11:44:28,791 [main] INFO  server.Server (Server.java:doStart(351)) - jetty-9.3.25.v20180904, build timestamp: 2018-09-04T21:11:46Z, git hash: 3ce520221d0240229c862b122d2b06c12a625732
2019-09-29 11:44:28,793 [main] INFO  handler.ContextHandler (ContextHandler.java:doStart(781)) - Started o.e.j.s.ServletContextHandler@7e7fe6d{/logs,file:///workdir/hadoop-ozone/integration-test/target/log,AVAILABLE}
2019-09-29 11:44:28,794 [main] INFO  handler.ContextHandler (ContextHandler.java:doStart(781)) - Started o.e.j.s.ServletContextHandler@24386839{/static,jar:file:/home/user/.m2/repository/org/apache/hadoop/hadoop-hdds-container-service/0.5.0-SNAPSHOT/hadoop-hdds-container-service-0.5.0-SNAPSHOT.jar!/webapps/static,AVAILABLE}
2019-09-29 11:44:28,825 [main] INFO  handler.ContextHandler (ContextHandler.java:doStart(781)) - Started o.e.j.w.WebAppContext@521bb1a4{/,file:///tmp/jetty-0.0.0.0-42883-hddsDatanode-_-any-7222341600697715869.dir/webapp/,AVAILABLE}{/hddsDatanode}
2019-09-29 11:44:28,825 [main] INFO  server.AbstractConnector (AbstractConnector.java:doStart(278)) - Started ServerConnector@35f3a22c{HTTP/1.1,[http/1.1]}{0.0.0.0:42883}
2019-09-29 11:44:28,826 [main] INFO  server.Server (Server.java:doStart(419)) - Started @39944ms
2019-09-29 11:44:28,827 [main] WARN  impl.MetricsSystemImpl (MetricsSystemImpl.java:register(276)) - Sink prometheus already exists!
2019-09-29 11:44:28,827 [main] INFO  server.BaseHttpServer (BaseHttpServer.java:updateConnectorAddress(215)) - HTTP server of HDDSDATANODE is listening at http://0.0.0.0:42883
2019-09-29 11:44:28,827 [main] INFO  impl.MetricsSystemImpl (MetricsSystemImpl.java:init(158)) - HddsDatanode metrics system started (again)
2019-09-29 11:44:28,831 [main] INFO  ozone.HddsDatanodeService (HddsDatanodeService.java:start(184)) - HddsDatanodeService host:pr-hdds-1569-lsfh5-224679870 ip:192.168.30.19
2019-09-29 11:44:28,831 [org.apache.hadoop.util.JvmPauseMonitor$Monitor@190640c8] INFO  util.JvmPauseMonitor (JvmPauseMonitor.java:run(188)) - Starting JVM pause monitor
2019-09-29 11:44:28,835 [Datanode State Machine Thread - 0] INFO  datanode.InitDatanodeState (InitDatanodeState.java:persistContainerDatanodeDetails(140)) - DatanodeDetails is persisted to /workdir/hadoop-ozone/integration-test/target/test-dir/MiniOzoneClusterImpl-f85df494-bc24-4745-9cc1-2be7fe2eb31a/datanode-0/meta/datanode.id
2019-09-29 11:44:28,837 [main] INFO  volume.HddsVolume (HddsVolume.java:<init>(176)) - Creating Volume: /workdir/hadoop-ozone/integration-test/target/test-dir/MiniOzoneClusterImpl-f85df494-bc24-4745-9cc1-2be7fe2eb31a/datanode-1/data/containers/hdds of  storage type : DISK and capacity : 1482555576320
2019-09-29 11:44:28,837 [main] INFO  volume.VolumeSet (VolumeSet.java:initializeVolumeSet(170)) - Added Volume : /workdir/hadoop-ozone/integration-test/target/test-dir/MiniOzoneClusterImpl-f85df494-bc24-4745-9cc1-2be7fe2eb31a/datanode-1/data/containers/hdds to VolumeSet
2019-09-29 11:44:28,837 [main] INFO  volume.ThrottledAsyncChecker (ThrottledAsyncChecker.java:schedule(139)) - Scheduling a check for org.apache.hadoop.ozone.container.common.volume.HddsVolume@2be95d31
2019-09-29 11:44:28,838 [main] INFO  volume.HddsVolumeChecker (HddsVolumeChecker.java:checkAllVolumes(202)) - Scheduled health check for volume org.apache.hadoop.ozone.container.common.volume.HddsVolume@2be95d31
2019-09-29 11:44:28,850 [main] INFO  impl.RaftServerProxy (ConfUtils.java:logGet(43)) - raft.rpc.type = GRPC (default)
2019-09-29 11:44:28,850 [main] INFO  grpc.GrpcFactory (GrpcFactory.java:checkPooledByteBufAllocatorUseCacheForAllThreads(45)) - PERFORMANCE WARNING: useCacheForAllThreads is true that may cause Netty to create a lot garbage objects and, as a result, trigger GC.
	It is recommended to disable useCacheForAllThreads by setting -Dorg.apache.ratis.thirdparty.io.netty.allocator.useCacheForAllThreads=false in command line.
2019-09-29 11:44:28,851 [main] INFO  grpc.GrpcConfigKeys$Server (ConfUtils.java:logGet(43)) - raft.grpc.server.port = 0 (default)
2019-09-29 11:44:28,851 [main] INFO  server.GrpcService (ConfUtils.java:logGet(43)) - raft.grpc.message.size.max = 33570816 (custom)
2019-09-29 11:44:28,851 [main] INFO  server.RaftServerConfigKeys (ConfUtils.java:logGet(43)) - raft.server.log.appender.buffer.byte-limit = 33554432 (custom)
2019-09-29 11:44:28,851 [main] INFO  server.GrpcService (ConfUtils.java:logGet(43)) - raft.grpc.flow.control.window = 1MB (=1048576) (default)
2019-09-29 11:44:28,851 [main] INFO  server.RaftServerConfigKeys (ConfUtils.java:logGet(43)) - raft.server.rpc.request.timeout = 3000ms (default)
2019-09-29 11:44:28,852 [main] INFO  server.RaftServerConfigKeys (ConfUtils.java:logGet(43)) - raft.server.storage.dir = [/workdir/hadoop-ozone/integration-test/target/test-dir/MiniOzoneClusterImpl-f85df494-bc24-4745-9cc1-2be7fe2eb31a/datanode-1/data/ratis] (custom)
2019-09-29 11:44:28,853 [main] INFO  hdfs.DFSUtil (DFSUtil.java:httpServerTemplateForNNAndJN(1641)) - Starting Web-server for hddsDatanode at: http://0.0.0.0:0
2019-09-29 11:44:28,854 [main] INFO  server.AuthenticationFilter (AuthenticationFilter.java:constructSecretProvider(240)) - Unable to initialize FileSignerSecretProvider, falling back to use random secrets.
2019-09-29 11:44:28,855 [main] WARN  http.HttpRequestLog (HttpRequestLog.java:getRequestLog(97)) - Jetty request log can only be enabled using Log4j
2019-09-29 11:44:28,856 [main] INFO  http.HttpServer2 (HttpServer2.java:addGlobalFilter(975)) - Added global filter 'safety' (class=org.apache.hadoop.http.HttpServer2$QuotingInputFilter)
2019-09-29 11:44:28,856 [main] INFO  http.HttpServer2 (HttpServer2.java:addFilter(948)) - Added filter static_user_filter (class=org.apache.hadoop.http.lib.StaticUserWebFilter$StaticUserFilter) to context hddsDatanode
2019-09-29 11:44:28,857 [main] INFO  http.HttpServer2 (HttpServer2.java:addFilter(958)) - Added filter static_user_filter (class=org.apache.hadoop.http.lib.StaticUserWebFilter$StaticUserFilter) to context static
2019-09-29 11:44:28,857 [main] INFO  http.HttpServer2 (HttpServer2.java:addFilter(958)) - Added filter static_user_filter (class=org.apache.hadoop.http.lib.StaticUserWebFilter$StaticUserFilter) to context logs
2019-09-29 11:44:28,857 [main] INFO  http.HttpServer2 (HttpServer2.java:bindListener(1191)) - Jetty bound to port 41804
2019-09-29 11:44:28,858 [main] INFO  server.Server (Server.java:doStart(351)) - jetty-9.3.25.v20180904, build timestamp: 2018-09-04T21:11:46Z, git hash: 3ce520221d0240229c862b122d2b06c12a625732
2019-09-29 11:44:28,859 [main] INFO  handler.ContextHandler (ContextHandler.java:doStart(781)) - Started o.e.j.s.ServletContextHandler@6232ffdb{/logs,file:///workdir/hadoop-ozone/integration-test/target/log,AVAILABLE}
2019-09-29 11:44:28,860 [main] INFO  handler.ContextHandler (ContextHandler.java:doStart(781)) - Started o.e.j.s.ServletContextHandler@37d28f02{/static,jar:file:/home/user/.m2/repository/org/apache/hadoop/hadoop-hdds-container-service/0.5.0-SNAPSHOT/hadoop-hdds-container-service-0.5.0-SNAPSHOT.jar!/webapps/static,AVAILABLE}
2019-09-29 11:44:28,887 [main] INFO  handler.ContextHandler (ContextHandler.java:doStart(781)) - Started o.e.j.w.WebAppContext@c017175{/,file:///tmp/jetty-0.0.0.0-41804-hddsDatanode-_-any-623409610049245728.dir/webapp/,AVAILABLE}{/hddsDatanode}
2019-09-29 11:44:28,888 [main] INFO  server.AbstractConnector (AbstractConnector.java:doStart(278)) - Started ServerConnector@559cedee{HTTP/1.1,[http/1.1]}{0.0.0.0:41804}
2019-09-29 11:44:28,889 [main] INFO  server.Server (Server.java:doStart(419)) - Started @40007ms
2019-09-29 11:44:28,889 [main] WARN  impl.MetricsSystemImpl (MetricsSystemImpl.java:register(276)) - Sink prometheus already exists!
2019-09-29 11:44:28,890 [main] INFO  server.BaseHttpServer (BaseHttpServer.java:updateConnectorAddress(215)) - HTTP server of HDDSDATANODE is listening at http://0.0.0.0:41804
2019-09-29 11:44:28,890 [main] INFO  impl.MetricsSystemImpl (MetricsSystemImpl.java:init(158)) - HddsDatanode metrics system started (again)
2019-09-29 11:44:28,895 [org.apache.hadoop.util.JvmPauseMonitor$Monitor@4c9248c3] INFO  util.JvmPauseMonitor (JvmPauseMonitor.java:run(188)) - Starting JVM pause monitor
2019-09-29 11:44:28,897 [Datanode State Machine Thread - 0] INFO  datanode.InitDatanodeState (InitDatanodeState.java:persistContainerDatanodeDetails(140)) - DatanodeDetails is persisted to /workdir/hadoop-ozone/integration-test/target/test-dir/MiniOzoneClusterImpl-f85df494-bc24-4745-9cc1-2be7fe2eb31a/datanode-1/meta/datanode.id
2019-09-29 11:44:28,897 [main] INFO  ozone.HddsDatanodeService (HddsDatanodeService.java:start(184)) - HddsDatanodeService host:pr-hdds-1569-lsfh5-224679870 ip:192.168.30.19
2019-09-29 11:44:28,903 [main] INFO  volume.HddsVolume (HddsVolume.java:<init>(176)) - Creating Volume: /workdir/hadoop-ozone/integration-test/target/test-dir/MiniOzoneClusterImpl-f85df494-bc24-4745-9cc1-2be7fe2eb31a/datanode-2/data/containers/hdds of  storage type : DISK and capacity : 1482555576320
2019-09-29 11:44:28,904 [main] INFO  volume.VolumeSet (VolumeSet.java:initializeVolumeSet(170)) - Added Volume : /workdir/hadoop-ozone/integration-test/target/test-dir/MiniOzoneClusterImpl-f85df494-bc24-4745-9cc1-2be7fe2eb31a/datanode-2/data/containers/hdds to VolumeSet
2019-09-29 11:44:28,904 [main] INFO  volume.ThrottledAsyncChecker (ThrottledAsyncChecker.java:schedule(139)) - Scheduling a check for org.apache.hadoop.ozone.container.common.volume.HddsVolume@3a790e40
2019-09-29 11:44:28,905 [main] INFO  volume.HddsVolumeChecker (HddsVolumeChecker.java:checkAllVolumes(202)) - Scheduled health check for volume org.apache.hadoop.ozone.container.common.volume.HddsVolume@3a790e40
2019-09-29 11:44:28,923 [main] INFO  impl.RaftServerProxy (ConfUtils.java:logGet(43)) - raft.rpc.type = GRPC (default)
2019-09-29 11:44:28,923 [main] INFO  grpc.GrpcFactory (GrpcFactory.java:checkPooledByteBufAllocatorUseCacheForAllThreads(45)) - PERFORMANCE WARNING: useCacheForAllThreads is true that may cause Netty to create a lot garbage objects and, as a result, trigger GC.
	It is recommended to disable useCacheForAllThreads by setting -Dorg.apache.ratis.thirdparty.io.netty.allocator.useCacheForAllThreads=false in command line.
2019-09-29 11:44:28,923 [main] INFO  grpc.GrpcConfigKeys$Server (ConfUtils.java:logGet(43)) - raft.grpc.server.port = 0 (default)
2019-09-29 11:44:28,924 [main] INFO  server.GrpcService (ConfUtils.java:logGet(43)) - raft.grpc.message.size.max = 33570816 (custom)
2019-09-29 11:44:28,924 [main] INFO  server.RaftServerConfigKeys (ConfUtils.java:logGet(43)) - raft.server.log.appender.buffer.byte-limit = 33554432 (custom)
2019-09-29 11:44:28,924 [main] INFO  server.GrpcService (ConfUtils.java:logGet(43)) - raft.grpc.flow.control.window = 1MB (=1048576) (default)
2019-09-29 11:44:28,924 [main] INFO  server.RaftServerConfigKeys (ConfUtils.java:logGet(43)) - raft.server.rpc.request.timeout = 3000ms (default)
2019-09-29 11:44:28,925 [main] INFO  server.RaftServerConfigKeys (ConfUtils.java:logGet(43)) - raft.server.storage.dir = [/workdir/hadoop-ozone/integration-test/target/test-dir/MiniOzoneClusterImpl-f85df494-bc24-4745-9cc1-2be7fe2eb31a/datanode-2/data/ratis] (custom)
2019-09-29 11:44:28,927 [main] INFO  hdfs.DFSUtil (DFSUtil.java:httpServerTemplateForNNAndJN(1641)) - Starting Web-server for hddsDatanode at: http://0.0.0.0:0
2019-09-29 11:44:28,928 [main] INFO  server.AuthenticationFilter (AuthenticationFilter.java:constructSecretProvider(240)) - Unable to initialize FileSignerSecretProvider, falling back to use random secrets.
2019-09-29 11:44:28,929 [main] WARN  http.HttpRequestLog (HttpRequestLog.java:getRequestLog(97)) - Jetty request log can only be enabled using Log4j
2019-09-29 11:44:28,930 [main] INFO  http.HttpServer2 (HttpServer2.java:addGlobalFilter(975)) - Added global filter 'safety' (class=org.apache.hadoop.http.HttpServer2$QuotingInputFilter)
2019-09-29 11:44:28,931 [main] INFO  http.HttpServer2 (HttpServer2.java:addFilter(948)) - Added filter static_user_filter (class=org.apache.hadoop.http.lib.StaticUserWebFilter$StaticUserFilter) to context hddsDatanode
2019-09-29 11:44:28,931 [main] INFO  http.HttpServer2 (HttpServer2.java:addFilter(958)) - Added filter static_user_filter (class=org.apache.hadoop.http.lib.StaticUserWebFilter$StaticUserFilter) to context static
2019-09-29 11:44:28,932 [main] INFO  http.HttpServer2 (HttpServer2.java:addFilter(958)) - Added filter static_user_filter (class=org.apache.hadoop.http.lib.StaticUserWebFilter$StaticUserFilter) to context logs
2019-09-29 11:44:28,933 [main] INFO  http.HttpServer2 (HttpServer2.java:bindListener(1191)) - Jetty bound to port 34636
2019-09-29 11:44:28,933 [main] INFO  server.Server (Server.java:doStart(351)) - jetty-9.3.25.v20180904, build timestamp: 2018-09-04T21:11:46Z, git hash: 3ce520221d0240229c862b122d2b06c12a625732
2019-09-29 11:44:28,935 [main] INFO  handler.ContextHandler (ContextHandler.java:doStart(781)) - Started o.e.j.s.ServletContextHandler@77ab22be{/logs,file:///workdir/hadoop-ozone/integration-test/target/log,AVAILABLE}
2019-09-29 11:44:28,936 [main] INFO  handler.ContextHandler (ContextHandler.java:doStart(781)) - Started o.e.j.s.ServletContextHandler@1b6924cb{/static,jar:file:/home/user/.m2/repository/org/apache/hadoop/hadoop-hdds-container-service/0.5.0-SNAPSHOT/hadoop-hdds-container-service-0.5.0-SNAPSHOT.jar!/webapps/static,AVAILABLE}
2019-09-29 11:44:28,969 [main] INFO  handler.ContextHandler (ContextHandler.java:doStart(781)) - Started o.e.j.w.WebAppContext@4ee25d80{/,file:///tmp/jetty-0.0.0.0-34636-hddsDatanode-_-any-1776454331264732214.dir/webapp/,AVAILABLE}{/hddsDatanode}
2019-09-29 11:44:28,971 [main] INFO  server.AbstractConnector (AbstractConnector.java:doStart(278)) - Started ServerConnector@16a35bd{HTTP/1.1,[http/1.1]}{0.0.0.0:34636}
2019-09-29 11:44:28,971 [main] INFO  server.Server (Server.java:doStart(419)) - Started @40089ms
2019-09-29 11:44:28,971 [main] WARN  impl.MetricsSystemImpl (MetricsSystemImpl.java:register(276)) - Sink prometheus already exists!
2019-09-29 11:44:28,972 [main] INFO  server.BaseHttpServer (BaseHttpServer.java:updateConnectorAddress(215)) - HTTP server of HDDSDATANODE is listening at http://0.0.0.0:34636
2019-09-29 11:44:28,972 [main] INFO  ozone.MiniOzoneClusterImpl (MiniOzoneClusterImpl.java:lambda$waitForClusterToBeReady$0(147)) - Waiting for cluster to be ready. Got 0 of 3 DN Heartbeats.
2019-09-29 11:44:28,974 [org.apache.hadoop.util.JvmPauseMonitor$Monitor@2f6705a6] INFO  util.JvmPauseMonitor (JvmPauseMonitor.java:run(188)) - Starting JVM pause monitor
2019-09-29 11:44:28,977 [Datanode State Machine Thread - 0] INFO  datanode.InitDatanodeState (InitDatanodeState.java:persistContainerDatanodeDetails(140)) - DatanodeDetails is persisted to /workdir/hadoop-ozone/integration-test/target/test-dir/MiniOzoneClusterImpl-f85df494-bc24-4745-9cc1-2be7fe2eb31a/datanode-2/meta/datanode.id
2019-09-29 11:44:29,973 [main] INFO  ozone.MiniOzoneClusterImpl (MiniOzoneClusterImpl.java:lambda$waitForClusterToBeReady$0(147)) - Waiting for cluster to be ready. Got 0 of 3 DN Heartbeats.
2019-09-29 11:44:30,863 [Datanode State Machine Thread - 0] INFO  ozoneimpl.OzoneContainer (OzoneContainer.java:start(217)) - Attempting to start container services.
2019-09-29 11:44:30,863 [Datanode State Machine Thread - 0] INFO  ozoneimpl.OzoneContainer (OzoneContainer.java:startContainerScrub(179)) - Background container scanner has been disabled.
2019-09-29 11:44:30,864 [Datanode State Machine Thread - 0] INFO  ratis.XceiverServerRatis (XceiverServerRatis.java:start(411)) - Starting XceiverServerRatis ebf51826-b858-4785-b052-bdc821d89ef7 at port 0
2019-09-29 11:44:30,870 [Datanode State Machine Thread - 0] INFO  impl.RaftServerProxy (RaftServerProxy.java:lambda$start$3(299)) - ebf51826-b858-4785-b052-bdc821d89ef7: start RPC server
2019-09-29 11:44:30,873 [Datanode State Machine Thread - 0] INFO  server.GrpcService (GrpcService.java:startImpl(158)) - ebf51826-b858-4785-b052-bdc821d89ef7: GrpcService started, listening on 0.0.0.0/0.0.0.0:44511
2019-09-29 11:44:30,873 [Datanode State Machine Thread - 0] INFO  ratis.XceiverServerRatis (XceiverServerRatis.java:start(421)) - XceiverServerRatis ebf51826-b858-4785-b052-bdc821d89ef7 is started using port 44511
2019-09-29 11:44:30,873 [Datanode State Machine Thread - 0] INFO  server.XceiverServerGrpc (XceiverServerGrpc.java:start(149)) - XceiverServerGrpc ebf51826-b858-4785-b052-bdc821d89ef7 is started using port 45355
2019-09-29 11:44:30,922 [Datanode State Machine Thread - 0] INFO  ozoneimpl.OzoneContainer (OzoneContainer.java:start(217)) - Attempting to start container services.
2019-09-29 11:44:30,922 [Datanode State Machine Thread - 0] INFO  ozoneimpl.OzoneContainer (OzoneContainer.java:startContainerScrub(179)) - Background container scanner has been disabled.
2019-09-29 11:44:30,922 [Datanode State Machine Thread - 0] INFO  ratis.XceiverServerRatis (XceiverServerRatis.java:start(411)) - Starting XceiverServerRatis 53f715b3-55a1-45fa-b787-d79dd980c516 at port 0
2019-09-29 11:44:30,929 [Datanode State Machine Thread - 0] INFO  impl.RaftServerProxy (RaftServerProxy.java:lambda$start$3(299)) - 53f715b3-55a1-45fa-b787-d79dd980c516: start RPC server
2019-09-29 11:44:30,930 [Datanode State Machine Thread - 0] INFO  server.GrpcService (GrpcService.java:startImpl(158)) - 53f715b3-55a1-45fa-b787-d79dd980c516: GrpcService started, listening on 0.0.0.0/0.0.0.0:44952
2019-09-29 11:44:30,930 [Datanode State Machine Thread - 0] INFO  ratis.XceiverServerRatis (XceiverServerRatis.java:start(421)) - XceiverServerRatis 53f715b3-55a1-45fa-b787-d79dd980c516 is started using port 44952
2019-09-29 11:44:30,931 [Datanode State Machine Thread - 0] INFO  server.XceiverServerGrpc (XceiverServerGrpc.java:start(149)) - XceiverServerGrpc 53f715b3-55a1-45fa-b787-d79dd980c516 is started using port 45654
2019-09-29 11:44:30,973 [main] INFO  ozone.MiniOzoneClusterImpl (MiniOzoneClusterImpl.java:lambda$waitForClusterToBeReady$0(147)) - Waiting for cluster to be ready. Got 0 of 3 DN Heartbeats.
2019-09-29 11:44:31,001 [Datanode State Machine Thread - 0] INFO  ozoneimpl.OzoneContainer (OzoneContainer.java:start(217)) - Attempting to start container services.
2019-09-29 11:44:31,002 [Datanode State Machine Thread - 0] INFO  ozoneimpl.OzoneContainer (OzoneContainer.java:startContainerScrub(179)) - Background container scanner has been disabled.
2019-09-29 11:44:31,002 [Datanode State Machine Thread - 0] INFO  ratis.XceiverServerRatis (XceiverServerRatis.java:start(411)) - Starting XceiverServerRatis aaa5c692-9016-4656-9306-cdc445513dc5 at port 0
2019-09-29 11:44:31,008 [Datanode State Machine Thread - 0] INFO  impl.RaftServerProxy (RaftServerProxy.java:lambda$start$3(299)) - aaa5c692-9016-4656-9306-cdc445513dc5: start RPC server
2019-09-29 11:44:31,009 [Datanode State Machine Thread - 0] INFO  server.GrpcService (GrpcService.java:startImpl(158)) - aaa5c692-9016-4656-9306-cdc445513dc5: GrpcService started, listening on 0.0.0.0/0.0.0.0:34286
2019-09-29 11:44:31,010 [Datanode State Machine Thread - 0] INFO  ratis.XceiverServerRatis (XceiverServerRatis.java:start(421)) - XceiverServerRatis aaa5c692-9016-4656-9306-cdc445513dc5 is started using port 34286
2019-09-29 11:44:31,010 [Datanode State Machine Thread - 0] INFO  server.XceiverServerGrpc (XceiverServerGrpc.java:start(149)) - XceiverServerGrpc aaa5c692-9016-4656-9306-cdc445513dc5 is started using port 40206
2019-09-29 11:44:31,974 [main] INFO  ozone.MiniOzoneClusterImpl (MiniOzoneClusterImpl.java:lambda$waitForClusterToBeReady$0(147)) - Waiting for cluster to be ready. Got 0 of 3 DN Heartbeats.
2019-09-29 11:44:32,837 [IPC Server handler 11 on 41011] INFO  net.NetworkTopology (NetworkTopologyImpl.java:add(111)) - Added a new node: /default-rack/ebf51826-b858-4785-b052-bdc821d89ef7
2019-09-29 11:44:32,839 [IPC Server handler 11 on 41011] INFO  node.SCMNodeManager (SCMNodeManager.java:register(266)) - Registered Data node : ebf51826-b858-4785-b052-bdc821d89ef7{ip: 192.168.30.19, host: pr-hdds-1569-lsfh5-224679870, networkLocation: /default-rack, certSerialId: null}
2019-09-29 11:44:32,840 [EventQueue-NodeRegistrationContainerReportForDataNodeSafeModeRule] INFO  safemode.SCMSafeModeManager (DataNodeSafeModeRule.java:process(71)) - SCM in safe mode. 1 DataNodes registered, 1 required.
2019-09-29 11:44:32,841 [EventQueue-NodeRegistrationContainerReportForDataNodeSafeModeRule] INFO  safemode.SCMSafeModeManager (SCMSafeModeManager.java:validateSafeModeExitRules(177)) - ScmSafeModeManager, all rules are successfully validated
2019-09-29 11:44:32,841 [EventQueue-NodeRegistrationContainerReportForDataNodeSafeModeRule] INFO  safemode.SCMSafeModeManager (SCMSafeModeManager.java:exitSafeMode(193)) - SCM exiting safe mode.
2019-09-29 11:44:32,859 [grpc-default-executor-0] INFO  impl.RaftServerProxy (RaftServerProxy.java:addNew(89)) - ebf51826-b858-4785-b052-bdc821d89ef7: addNew group-1785C3B4B301:[ebf51826-b858-4785-b052-bdc821d89ef7:192.168.30.19:44511] returns group-1785C3B4B301:java.util.concurrent.CompletableFuture@5b3edc6c[Not completed]
2019-09-29 11:44:32,860 [pool-127-thread-1] INFO  impl.RaftServerImpl (RaftServerImpl.java:<init>(95)) - ebf51826-b858-4785-b052-bdc821d89ef7: new RaftServerImpl for group-1785C3B4B301:[ebf51826-b858-4785-b052-bdc821d89ef7:192.168.30.19:44511] with ContainerStateMachine:uninitialized
2019-09-29 11:44:32,861 [pool-127-thread-1] INFO  server.RaftServerConfigKeys (ConfUtils.java:logGet(43)) - raft.server.rpc.timeout.min = 5s (custom)
2019-09-29 11:44:32,861 [pool-127-thread-1] INFO  server.RaftServerConfigKeys (ConfUtils.java:logGet(43)) - raft.server.rpc.timeout.max = 5200ms (custom)
2019-09-29 11:44:32,861 [pool-127-thread-1] INFO  server.RaftServerConfigKeys (ConfUtils.java:logGet(43)) - raft.server.rpcslowness.timeout = 120s (custom)
2019-09-29 11:44:32,861 [pool-127-thread-1] INFO  server.RaftServerConfigKeys (ConfUtils.java:logGet(43)) - raft.server.sleep.deviation.threshold = 300 (default)
2019-09-29 11:44:32,861 [pool-127-thread-1] INFO  server.RaftServerConfigKeys (ConfUtils.java:logGet(43)) - raft.server.log.appender.install.snapshot.enabled = false (custom)
2019-09-29 11:44:32,861 [pool-127-thread-1] INFO  impl.RaftServerImpl (ServerState.java:<init>(103)) - ebf51826-b858-4785-b052-bdc821d89ef7@group-1785C3B4B301: ConfigurationManager, init=-1: [ebf51826-b858-4785-b052-bdc821d89ef7:192.168.30.19:44511], old=null, confs=<EMPTY_MAP>
2019-09-29 11:44:32,862 [pool-127-thread-1] INFO  server.RaftServerConfigKeys (ConfUtils.java:logGet(43)) - raft.server.storage.dir = [/workdir/hadoop-ozone/integration-test/target/test-dir/MiniOzoneClusterImpl-f85df494-bc24-4745-9cc1-2be7fe2eb31a/datanode-0/data/ratis] (custom)
2019-09-29 11:44:32,862 [pool-127-thread-1] INFO  storage.RaftStorageDirectory (RaftStorageDirectory.java:analyzeStorage(246)) - The storage directory /workdir/hadoop-ozone/integration-test/target/test-dir/MiniOzoneClusterImpl-f85df494-bc24-4745-9cc1-2be7fe2eb31a/datanode-0/data/ratis/13df2f57-7c1a-4c49-8357-1785c3b4b301 does not exist. Creating ...
2019-09-29 11:44:32,897 [pool-127-thread-1] INFO  storage.RaftStorageDirectory (RaftStorageDirectory.java:tryLock(328)) - Lock on /workdir/hadoop-ozone/integration-test/target/test-dir/MiniOzoneClusterImpl-f85df494-bc24-4745-9cc1-2be7fe2eb31a/datanode-0/data/ratis/13df2f57-7c1a-4c49-8357-1785c3b4b301/in_use.lock acquired by nodename 15611@pr-hdds-1569-lsfh5-224679870
2019-09-29 11:44:32,898 [IPC Server handler 0 on 41011] INFO  net.NetworkTopology (NetworkTopologyImpl.java:add(111)) - Added a new node: /default-rack/53f715b3-55a1-45fa-b787-d79dd980c516
2019-09-29 11:44:32,898 [IPC Server handler 0 on 41011] INFO  node.SCMNodeManager (SCMNodeManager.java:register(266)) - Registered Data node : 53f715b3-55a1-45fa-b787-d79dd980c516{ip: 192.168.30.19, host: pr-hdds-1569-lsfh5-224679870, networkLocation: /default-rack, certSerialId: null}
2019-09-29 11:44:32,922 [pool-127-thread-1] INFO  storage.RaftStorage (RaftStorage.java:format(72)) - Storage directory /workdir/hadoop-ozone/integration-test/target/test-dir/MiniOzoneClusterImpl-f85df494-bc24-4745-9cc1-2be7fe2eb31a/datanode-0/data/ratis/13df2f57-7c1a-4c49-8357-1785c3b4b301 has been successfully formatted.
2019-09-29 11:44:32,923 [pool-127-thread-1] INFO  ratis.ContainerStateMachine (ContainerStateMachine.java:loadSnapshot(230)) - group-1785C3B4B301: The snapshot info is null. Setting the last applied indexto:(t:0, i:~)
2019-09-29 11:44:32,923 [pool-127-thread-1] INFO  server.RaftServerConfigKeys (ConfUtils.java:logGet(43)) - raft.server.notification.no-leader.timeout = 120s (custom)
2019-09-29 11:44:32,923 [pool-127-thread-1] INFO  server.RaftServerConfigKeys (ConfUtils.java:logGet(43)) - raft.server.log.use.memory = false (default)
2019-09-29 11:44:32,923 [pool-127-thread-1] INFO  server.RaftServerConfigKeys (ConfUtils.java:logGet(43)) - raft.server.log.purge.gap = 1000000 (custom)
2019-09-29 11:44:32,924 [pool-127-thread-1] INFO  server.RaftServerConfigKeys (ConfUtils.java:logGet(43)) - raft.server.log.appender.buffer.byte-limit = 33554432 (custom)
2019-09-29 11:44:32,924 [pool-127-thread-1] INFO  server.RaftServerConfigKeys (ConfUtils.java:logGet(43)) - raft.server.log.segment.size.max = 1048576 (custom)
2019-09-29 11:44:32,924 [pool-127-thread-1] INFO  server.RaftServerConfigKeys (ConfUtils.java:logGet(43)) - raft.server.log.segment.cache.num.max = 2 (custom)
2019-09-29 11:44:32,924 [pool-127-thread-1] INFO  segmented.SegmentedRaftLogWorker (SegmentedRaftLogWorker.java:<init>(172)) - new ebf51826-b858-4785-b052-bdc821d89ef7@group-1785C3B4B301-SegmentedRaftLogWorker for RaftStorage:Storage Directory /workdir/hadoop-ozone/integration-test/target/test-dir/MiniOzoneClusterImpl-f85df494-bc24-4745-9cc1-2be7fe2eb31a/datanode-0/data/ratis/13df2f57-7c1a-4c49-8357-1785c3b4b301
2019-09-29 11:44:32,927 [pool-127-thread-1] INFO  server.RaftServerConfigKeys (ConfUtils.java:logGet(43)) - raft.server.log.queue.byte-limit = 2147483647 (custom)
2019-09-29 11:44:32,927 [pool-127-thread-1] INFO  server.RaftServerConfigKeys (ConfUtils.java:logGet(43)) - raft.server.log.queue.element-limit = 1024 (custom)
2019-09-29 11:44:32,928 [pool-127-thread-1] INFO  server.RaftServerConfigKeys (ConfUtils.java:logGet(43)) - raft.server.log.segment.size.max = 1048576 (custom)
2019-09-29 11:44:32,928 [pool-127-thread-1] INFO  server.RaftServerConfigKeys (ConfUtils.java:logGet(43)) - raft.server.log.preallocated.size = 16384 (custom)
2019-09-29 11:44:32,928 [pool-127-thread-1] INFO  server.RaftServerConfigKeys (ConfUtils.java:logGet(43)) - raft.server.log.write.buffer.size = 33554432 (custom)
2019-09-29 11:44:32,928 [pool-127-thread-1] INFO  server.RaftServerConfigKeys (ConfUtils.java:logGet(43)) - raft.server.log.force.sync.num = 128 (default)
2019-09-29 11:44:32,928 [pool-127-thread-1] INFO  server.RaftServerConfigKeys (ConfUtils.java:logGet(43)) - raft.server.log.statemachine.data.sync = true (default)
2019-09-29 11:44:32,928 [pool-127-thread-1] INFO  server.RaftServerConfigKeys (ConfUtils.java:logGet(43)) - raft.server.log.statemachine.data.sync.timeout = 10s (default)
2019-09-29 11:44:32,929 [pool-127-thread-1] INFO  server.RaftServerConfigKeys (ConfUtils.java:logGet(43)) - raft.server.log.statemachine.data.sync.timeout.retry = -1 (default)
2019-09-29 11:44:32,929 [pool-127-thread-1] INFO  server.RaftServerConfigKeys (ConfUtils.java:logGet(43)) - raft.server.log.statemachine.data.caching.enabled = true (custom)
2019-09-29 11:44:32,929 [pool-127-thread-1] INFO  segmented.SegmentedRaftLogWorker (SegmentedRaftLogWorker.java:lambda$new$0(132)) - ebf51826-b858-4785-b052-bdc821d89ef7@group-1785C3B4B301-SegmentedRaftLogWorker: flushIndex: setUnconditionally 0 -> -1
2019-09-29 11:44:32,930 [pool-127-thread-1] INFO  server.RaftServerConfigKeys (ConfUtils.java:logGet(43)) - raft.server.snapshot.auto.trigger.enabled = true (custom)
2019-09-29 11:44:32,930 [pool-127-thread-1] INFO  server.RaftServerConfigKeys (ConfUtils.java:logGet(43)) - raft.server.snapshot.auto.trigger.threshold = 10000 (custom)
2019-09-29 11:44:32,930 [pool-127-thread-1] INFO  server.RaftServerConfigKeys (ConfUtils.java:logGet(43)) - raft.server.snapshot.retention.num.files = 5 (custom)
2019-09-29 11:44:32,930 [pool-127-thread-1] INFO  server.RaftServerConfigKeys (ConfUtils.java:logGet(43)) - raft.server.retrycache.expirytime = 600000ms (custom)
2019-09-29 11:44:32,933 [pool-127-thread-1] INFO  impl.RaftServerImpl (RaftServerImpl.java:start(185)) - ebf51826-b858-4785-b052-bdc821d89ef7@group-1785C3B4B301: start as a follower, conf=-1: [ebf51826-b858-4785-b052-bdc821d89ef7:192.168.30.19:44511], old=null
2019-09-29 11:44:32,933 [pool-127-thread-1] INFO  impl.RaftServerImpl (RaftServerImpl.java:setRole(174)) - ebf51826-b858-4785-b052-bdc821d89ef7@group-1785C3B4B301: changes role from      null to FOLLOWER at term 0 for startAsFollower
2019-09-29 11:44:32,934 [pool-127-thread-1] INFO  impl.RoleInfo (RoleInfo.java:updateAndGet(143)) - ebf51826-b858-4785-b052-bdc821d89ef7: start FollowerState
2019-09-29 11:44:32,934 [pool-127-thread-1] INFO  util.JmxRegister (JmxRegister.java:tryRegister(44)) - Successfully registered JMX Bean with object name Ratis:service=RaftServer,group=group-1785C3B4B301,id=ebf51826-b858-4785-b052-bdc821d89ef7
2019-09-29 11:44:32,943 [RatisPipelineUtilsThread] INFO  pipeline.PipelineStateManager (PipelineStateManager.java:addPipeline(56)) - Created pipeline Pipeline[ Id: 13df2f57-7c1a-4c49-8357-1785c3b4b301, Nodes: ebf51826-b858-4785-b052-bdc821d89ef7{ip: 192.168.30.19, host: pr-hdds-1569-lsfh5-224679870, networkLocation: /default-rack, certSerialId: null}, Type:RATIS, Factor:ONE, State:OPEN]
2019-09-29 11:44:32,953 [grpc-default-executor-0] INFO  impl.RaftServerProxy (RaftServerProxy.java:addNew(89)) - 53f715b3-55a1-45fa-b787-d79dd980c516: addNew group-5139DF49A10B:[53f715b3-55a1-45fa-b787-d79dd980c516:192.168.30.19:44952] returns group-5139DF49A10B:java.util.concurrent.CompletableFuture@1661403f[Not completed]
2019-09-29 11:44:32,954 [pool-137-thread-1] INFO  impl.RaftServerImpl (RaftServerImpl.java:<init>(95)) - 53f715b3-55a1-45fa-b787-d79dd980c516: new RaftServerImpl for group-5139DF49A10B:[53f715b3-55a1-45fa-b787-d79dd980c516:192.168.30.19:44952] with ContainerStateMachine:uninitialized
2019-09-29 11:44:32,955 [pool-137-thread-1] INFO  server.RaftServerConfigKeys (ConfUtils.java:logGet(43)) - raft.server.rpc.timeout.min = 5s (custom)
2019-09-29 11:44:32,955 [pool-137-thread-1] INFO  server.RaftServerConfigKeys (ConfUtils.java:logGet(43)) - raft.server.rpc.timeout.max = 5200ms (custom)
2019-09-29 11:44:32,955 [pool-137-thread-1] INFO  server.RaftServerConfigKeys (ConfUtils.java:logGet(43)) - raft.server.rpcslowness.timeout = 120s (custom)
2019-09-29 11:44:32,955 [pool-137-thread-1] INFO  server.RaftServerConfigKeys (ConfUtils.java:logGet(43)) - raft.server.sleep.deviation.threshold = 300 (default)
2019-09-29 11:44:32,955 [pool-137-thread-1] INFO  server.RaftServerConfigKeys (ConfUtils.java:logGet(43)) - raft.server.log.appender.install.snapshot.enabled = false (custom)
2019-09-29 11:44:32,956 [pool-137-thread-1] INFO  impl.RaftServerImpl (ServerState.java:<init>(103)) - 53f715b3-55a1-45fa-b787-d79dd980c516@group-5139DF49A10B: ConfigurationManager, init=-1: [53f715b3-55a1-45fa-b787-d79dd980c516:192.168.30.19:44952], old=null, confs=<EMPTY_MAP>
2019-09-29 11:44:32,956 [pool-137-thread-1] INFO  server.RaftServerConfigKeys (ConfUtils.java:logGet(43)) - raft.server.storage.dir = [/workdir/hadoop-ozone/integration-test/target/test-dir/MiniOzoneClusterImpl-f85df494-bc24-4745-9cc1-2be7fe2eb31a/datanode-1/data/ratis] (custom)
2019-09-29 11:44:32,956 [pool-137-thread-1] INFO  storage.RaftStorageDirectory (RaftStorageDirectory.java:analyzeStorage(246)) - The storage directory /workdir/hadoop-ozone/integration-test/target/test-dir/MiniOzoneClusterImpl-f85df494-bc24-4745-9cc1-2be7fe2eb31a/datanode-1/data/ratis/b7c9cebd-438d-45de-b147-5139df49a10b does not exist. Creating ...
2019-09-29 11:44:32,974 [main] INFO  ozone.MiniOzoneClusterImpl (MiniOzoneClusterImpl.java:lambda$waitForClusterToBeReady$0(147)) - Waiting for cluster to be ready. Got 2 of 3 DN Heartbeats.
2019-09-29 11:44:32,976 [IPC Server handler 9 on 41011] INFO  net.NetworkTopology (NetworkTopologyImpl.java:add(111)) - Added a new node: /default-rack/aaa5c692-9016-4656-9306-cdc445513dc5
2019-09-29 11:44:32,977 [IPC Server handler 9 on 41011] INFO  node.SCMNodeManager (SCMNodeManager.java:register(266)) - Registered Data node : aaa5c692-9016-4656-9306-cdc445513dc5{ip: 192.168.30.19, host: pr-hdds-1569-lsfh5-224679870, networkLocation: /default-rack, certSerialId: null}
2019-09-29 11:44:32,981 [pool-137-thread-1] INFO  storage.RaftStorageDirectory (RaftStorageDirectory.java:tryLock(328)) - Lock on /workdir/hadoop-ozone/integration-test/target/test-dir/MiniOzoneClusterImpl-f85df494-bc24-4745-9cc1-2be7fe2eb31a/datanode-1/data/ratis/b7c9cebd-438d-45de-b147-5139df49a10b/in_use.lock acquired by nodename 15611@pr-hdds-1569-lsfh5-224679870
2019-09-29 11:44:33,007 [pool-137-thread-1] INFO  storage.RaftStorage (RaftStorage.java:format(72)) - Storage directory /workdir/hadoop-ozone/integration-test/target/test-dir/MiniOzoneClusterImpl-f85df494-bc24-4745-9cc1-2be7fe2eb31a/datanode-1/data/ratis/b7c9cebd-438d-45de-b147-5139df49a10b has been successfully formatted.
2019-09-29 11:44:33,007 [pool-137-thread-1] INFO  ratis.ContainerStateMachine (ContainerStateMachine.java:loadSnapshot(230)) - group-5139DF49A10B: The snapshot info is null. Setting the last applied indexto:(t:0, i:~)
2019-09-29 11:44:33,007 [pool-137-thread-1] INFO  server.RaftServerConfigKeys (ConfUtils.java:logGet(43)) - raft.server.notification.no-leader.timeout = 120s (custom)
2019-09-29 11:44:33,007 [pool-137-thread-1] INFO  server.RaftServerConfigKeys (ConfUtils.java:logGet(43)) - raft.server.log.use.memory = false (default)
2019-09-29 11:44:33,008 [pool-137-thread-1] INFO  server.RaftServerConfigKeys (ConfUtils.java:logGet(43)) - raft.server.log.purge.gap = 1000000 (custom)
2019-09-29 11:44:33,008 [pool-137-thread-1] INFO  server.RaftServerConfigKeys (ConfUtils.java:logGet(43)) - raft.server.log.appender.buffer.byte-limit = 33554432 (custom)
2019-09-29 11:44:33,008 [pool-137-thread-1] INFO  server.RaftServerConfigKeys (ConfUtils.java:logGet(43)) - raft.server.log.segment.size.max = 1048576 (custom)
2019-09-29 11:44:33,008 [pool-137-thread-1] INFO  server.RaftServerConfigKeys (ConfUtils.java:logGet(43)) - raft.server.log.segment.cache.num.max = 2 (custom)
2019-09-29 11:44:33,008 [pool-137-thread-1] INFO  segmented.SegmentedRaftLogWorker (SegmentedRaftLogWorker.java:<init>(172)) - new 53f715b3-55a1-45fa-b787-d79dd980c516@group-5139DF49A10B-SegmentedRaftLogWorker for RaftStorage:Storage Directory /workdir/hadoop-ozone/integration-test/target/test-dir/MiniOzoneClusterImpl-f85df494-bc24-4745-9cc1-2be7fe2eb31a/datanode-1/data/ratis/b7c9cebd-438d-45de-b147-5139df49a10b
2019-09-29 11:44:33,010 [pool-137-thread-1] INFO  server.RaftServerConfigKeys (ConfUtils.java:logGet(43)) - raft.server.log.queue.byte-limit = 2147483647 (custom)
2019-09-29 11:44:33,010 [pool-137-thread-1] INFO  server.RaftServerConfigKeys (ConfUtils.java:logGet(43)) - raft.server.log.queue.element-limit = 1024 (custom)
2019-09-29 11:44:33,011 [pool-137-thread-1] INFO  server.RaftServerConfigKeys (ConfUtils.java:logGet(43)) - raft.server.log.segment.size.max = 1048576 (custom)
2019-09-29 11:44:33,011 [pool-137-thread-1] INFO  server.RaftServerConfigKeys (ConfUtils.java:logGet(43)) - raft.server.log.preallocated.size = 16384 (custom)
2019-09-29 11:44:33,011 [pool-137-thread-1] INFO  server.RaftServerConfigKeys (ConfUtils.java:logGet(43)) - raft.server.log.write.buffer.size = 33554432 (custom)
2019-09-29 11:44:33,011 [pool-137-thread-1] INFO  server.RaftServerConfigKeys (ConfUtils.java:logGet(43)) - raft.server.log.force.sync.num = 128 (default)
2019-09-29 11:44:33,011 [pool-137-thread-1] INFO  server.RaftServerConfigKeys (ConfUtils.java:logGet(43)) - raft.server.log.statemachine.data.sync = true (default)
2019-09-29 11:44:33,011 [pool-137-thread-1] INFO  server.RaftServerConfigKeys (ConfUtils.java:logGet(43)) - raft.server.log.statemachine.data.sync.timeout = 10s (default)
2019-09-29 11:44:33,012 [pool-137-thread-1] INFO  server.RaftServerConfigKeys (ConfUtils.java:logGet(43)) - raft.server.log.statemachine.data.sync.timeout.retry = -1 (default)
2019-09-29 11:44:33,012 [pool-137-thread-1] INFO  server.RaftServerConfigKeys (ConfUtils.java:logGet(43)) - raft.server.log.statemachine.data.caching.enabled = true (custom)
2019-09-29 11:44:33,012 [pool-137-thread-1] INFO  segmented.SegmentedRaftLogWorker (SegmentedRaftLogWorker.java:lambda$new$0(132)) - 53f715b3-55a1-45fa-b787-d79dd980c516@group-5139DF49A10B-SegmentedRaftLogWorker: flushIndex: setUnconditionally 0 -> -1
2019-09-29 11:44:33,012 [pool-137-thread-1] INFO  server.RaftServerConfigKeys (ConfUtils.java:logGet(43)) - raft.server.snapshot.auto.trigger.enabled = true (custom)
2019-09-29 11:44:33,013 [pool-137-thread-1] INFO  server.RaftServerConfigKeys (ConfUtils.java:logGet(43)) - raft.server.snapshot.auto.trigger.threshold = 10000 (custom)
2019-09-29 11:44:33,013 [pool-137-thread-1] INFO  server.RaftServerConfigKeys (ConfUtils.java:logGet(43)) - raft.server.snapshot.retention.num.files = 5 (custom)
2019-09-29 11:44:33,013 [pool-137-thread-1] INFO  server.RaftServerConfigKeys (ConfUtils.java:logGet(43)) - raft.server.retrycache.expirytime = 600000ms (custom)
2019-09-29 11:44:33,015 [pool-137-thread-1] INFO  impl.RaftServerImpl (RaftServerImpl.java:start(185)) - 53f715b3-55a1-45fa-b787-d79dd980c516@group-5139DF49A10B: start as a follower, conf=-1: [53f715b3-55a1-45fa-b787-d79dd980c516:192.168.30.19:44952], old=null
2019-09-29 11:44:33,015 [pool-137-thread-1] INFO  impl.RaftServerImpl (RaftServerImpl.java:setRole(174)) - 53f715b3-55a1-45fa-b787-d79dd980c516@group-5139DF49A10B: changes role from      null to FOLLOWER at term 0 for startAsFollower
2019-09-29 11:44:33,015 [pool-137-thread-1] INFO  impl.RoleInfo (RoleInfo.java:updateAndGet(143)) - 53f715b3-55a1-45fa-b787-d79dd980c516: start FollowerState
2019-09-29 11:44:33,016 [pool-137-thread-1] INFO  util.JmxRegister (JmxRegister.java:tryRegister(44)) - Successfully registered JMX Bean with object name Ratis:service=RaftServer,group=group-5139DF49A10B,id=53f715b3-55a1-45fa-b787-d79dd980c516
2019-09-29 11:44:33,020 [RatisPipelineUtilsThread] INFO  pipeline.PipelineStateManager (PipelineStateManager.java:addPipeline(56)) - Created pipeline Pipeline[ Id: b7c9cebd-438d-45de-b147-5139df49a10b, Nodes: 53f715b3-55a1-45fa-b787-d79dd980c516{ip: 192.168.30.19, host: pr-hdds-1569-lsfh5-224679870, networkLocation: /default-rack, certSerialId: null}, Type:RATIS, Factor:ONE, State:OPEN]
2019-09-29 11:44:33,028 [grpc-default-executor-0] INFO  impl.RaftServerProxy (RaftServerProxy.java:addNew(89)) - aaa5c692-9016-4656-9306-cdc445513dc5: addNew group-52D40B576B17:[aaa5c692-9016-4656-9306-cdc445513dc5:192.168.30.19:34286] returns group-52D40B576B17:java.util.concurrent.CompletableFuture@1119148b[Not completed]
2019-09-29 11:44:33,030 [pool-147-thread-1] INFO  impl.RaftServerImpl (RaftServerImpl.java:<init>(95)) - aaa5c692-9016-4656-9306-cdc445513dc5: new RaftServerImpl for group-52D40B576B17:[aaa5c692-9016-4656-9306-cdc445513dc5:192.168.30.19:34286] with ContainerStateMachine:uninitialized
2019-09-29 11:44:33,030 [pool-147-thread-1] INFO  server.RaftServerConfigKeys (ConfUtils.java:logGet(43)) - raft.server.rpc.timeout.min = 5s (custom)
2019-09-29 11:44:33,030 [pool-147-thread-1] INFO  server.RaftServerConfigKeys (ConfUtils.java:logGet(43)) - raft.server.rpc.timeout.max = 5200ms (custom)
2019-09-29 11:44:33,030 [pool-147-thread-1] INFO  server.RaftServerConfigKeys (ConfUtils.java:logGet(43)) - raft.server.rpcslowness.timeout = 120s (custom)
2019-09-29 11:44:33,030 [pool-147-thread-1] INFO  server.RaftServerConfigKeys (ConfUtils.java:logGet(43)) - raft.server.sleep.deviation.threshold = 300 (default)
2019-09-29 11:44:33,030 [pool-147-thread-1] INFO  server.RaftServerConfigKeys (ConfUtils.java:logGet(43)) - raft.server.log.appender.install.snapshot.enabled = false (custom)
2019-09-29 11:44:33,030 [pool-147-thread-1] INFO  impl.RaftServerImpl (ServerState.java:<init>(103)) - aaa5c692-9016-4656-9306-cdc445513dc5@group-52D40B576B17: ConfigurationManager, init=-1: [aaa5c692-9016-4656-9306-cdc445513dc5:192.168.30.19:34286], old=null, confs=<EMPTY_MAP>
2019-09-29 11:44:33,030 [pool-147-thread-1] INFO  server.RaftServerConfigKeys (ConfUtils.java:logGet(43)) - raft.server.storage.dir = [/workdir/hadoop-ozone/integration-test/target/test-dir/MiniOzoneClusterImpl-f85df494-bc24-4745-9cc1-2be7fe2eb31a/datanode-2/data/ratis] (custom)
2019-09-29 11:44:33,031 [pool-147-thread-1] INFO  storage.RaftStorageDirectory (RaftStorageDirectory.java:analyzeStorage(246)) - The storage directory /workdir/hadoop-ozone/integration-test/target/test-dir/MiniOzoneClusterImpl-f85df494-bc24-4745-9cc1-2be7fe2eb31a/datanode-2/data/ratis/0c1f99b6-9271-4c57-a906-52d40b576b17 does not exist. Creating ...
2019-09-29 11:44:33,057 [pool-147-thread-1] INFO  storage.RaftStorageDirectory (RaftStorageDirectory.java:tryLock(328)) - Lock on /workdir/hadoop-ozone/integration-test/target/test-dir/MiniOzoneClusterImpl-f85df494-bc24-4745-9cc1-2be7fe2eb31a/datanode-2/data/ratis/0c1f99b6-9271-4c57-a906-52d40b576b17/in_use.lock acquired by nodename 15611@pr-hdds-1569-lsfh5-224679870
2019-09-29 11:44:33,082 [pool-147-thread-1] INFO  storage.RaftStorage (RaftStorage.java:format(72)) - Storage directory /workdir/hadoop-ozone/integration-test/target/test-dir/MiniOzoneClusterImpl-f85df494-bc24-4745-9cc1-2be7fe2eb31a/datanode-2/data/ratis/0c1f99b6-9271-4c57-a906-52d40b576b17 has been successfully formatted.
2019-09-29 11:44:33,083 [pool-147-thread-1] INFO  ratis.ContainerStateMachine (ContainerStateMachine.java:loadSnapshot(230)) - group-52D40B576B17: The snapshot info is null. Setting the last applied indexto:(t:0, i:~)
2019-09-29 11:44:33,083 [pool-147-thread-1] INFO  server.RaftServerConfigKeys (ConfUtils.java:logGet(43)) - raft.server.notification.no-leader.timeout = 120s (custom)
2019-09-29 11:44:33,083 [pool-147-thread-1] INFO  server.RaftServerConfigKeys (ConfUtils.java:logGet(43)) - raft.server.log.use.memory = false (default)
2019-09-29 11:44:33,083 [pool-147-thread-1] INFO  server.RaftServerConfigKeys (ConfUtils.java:logGet(43)) - raft.server.log.purge.gap = 1000000 (custom)
2019-09-29 11:44:33,083 [pool-147-thread-1] INFO  server.RaftServerConfigKeys (ConfUtils.java:logGet(43)) - raft.server.log.appender.buffer.byte-limit = 33554432 (custom)
2019-09-29 11:44:33,083 [pool-147-thread-1] INFO  server.RaftServerConfigKeys (ConfUtils.java:logGet(43)) - raft.server.log.segment.size.max = 1048576 (custom)
2019-09-29 11:44:33,083 [pool-147-thread-1] INFO  server.RaftServerConfigKeys (ConfUtils.java:logGet(43)) - raft.server.log.segment.cache.num.max = 2 (custom)
2019-09-29 11:44:33,083 [pool-147-thread-1] INFO  segmented.SegmentedRaftLogWorker (SegmentedRaftLogWorker.java:<init>(172)) - new aaa5c692-9016-4656-9306-cdc445513dc5@group-52D40B576B17-SegmentedRaftLogWorker for RaftStorage:Storage Directory /workdir/hadoop-ozone/integration-test/target/test-dir/MiniOzoneClusterImpl-f85df494-bc24-4745-9cc1-2be7fe2eb31a/datanode-2/data/ratis/0c1f99b6-9271-4c57-a906-52d40b576b17
2019-09-29 11:44:33,085 [pool-147-thread-1] INFO  server.RaftServerConfigKeys (ConfUtils.java:logGet(43)) - raft.server.log.queue.byte-limit = 2147483647 (custom)
2019-09-29 11:44:33,085 [pool-147-thread-1] INFO  server.RaftServerConfigKeys (ConfUtils.java:logGet(43)) - raft.server.log.queue.element-limit = 1024 (custom)
2019-09-29 11:44:33,086 [pool-147-thread-1] INFO  server.RaftServerConfigKeys (ConfUtils.java:logGet(43)) - raft.server.log.segment.size.max = 1048576 (custom)
2019-09-29 11:44:33,086 [pool-147-thread-1] INFO  server.RaftServerConfigKeys (ConfUtils.java:logGet(43)) - raft.server.log.preallocated.size = 16384 (custom)
2019-09-29 11:44:33,086 [pool-147-thread-1] INFO  server.RaftServerConfigKeys (ConfUtils.java:logGet(43)) - raft.server.log.write.buffer.size = 33554432 (custom)
2019-09-29 11:44:33,086 [pool-147-thread-1] INFO  server.RaftServerConfigKeys (ConfUtils.java:logGet(43)) - raft.server.log.force.sync.num = 128 (default)
2019-09-29 11:44:33,086 [pool-147-thread-1] INFO  server.RaftServerConfigKeys (ConfUtils.java:logGet(43)) - raft.server.log.statemachine.data.sync = true (default)
2019-09-29 11:44:33,086 [pool-147-thread-1] INFO  server.RaftServerConfigKeys (ConfUtils.java:logGet(43)) - raft.server.log.statemachine.data.sync.timeout = 10s (default)
2019-09-29 11:44:33,086 [pool-147-thread-1] INFO  server.RaftServerConfigKeys (ConfUtils.java:logGet(43)) - raft.server.log.statemachine.data.sync.timeout.retry = -1 (default)
2019-09-29 11:44:33,087 [pool-147-thread-1] INFO  server.RaftServerConfigKeys (ConfUtils.java:logGet(43)) - raft.server.log.statemachine.data.caching.enabled = true (custom)
2019-09-29 11:44:33,087 [pool-147-thread-1] INFO  segmented.SegmentedRaftLogWorker (SegmentedRaftLogWorker.java:lambda$new$0(132)) - aaa5c692-9016-4656-9306-cdc445513dc5@group-52D40B576B17-SegmentedRaftLogWorker: flushIndex: setUnconditionally 0 -> -1
2019-09-29 11:44:33,087 [pool-147-thread-1] INFO  server.RaftServerConfigKeys (ConfUtils.java:logGet(43)) - raft.server.snapshot.auto.trigger.enabled = true (custom)
2019-09-29 11:44:33,087 [pool-147-thread-1] INFO  server.RaftServerConfigKeys (ConfUtils.java:logGet(43)) - raft.server.snapshot.auto.trigger.threshold = 10000 (custom)
2019-09-29 11:44:33,087 [pool-147-thread-1] INFO  server.RaftServerConfigKeys (ConfUtils.java:logGet(43)) - raft.server.snapshot.retention.num.files = 5 (custom)
2019-09-29 11:44:33,088 [pool-147-thread-1] INFO  server.RaftServerConfigKeys (ConfUtils.java:logGet(43)) - raft.server.retrycache.expirytime = 600000ms (custom)
2019-09-29 11:44:33,089 [pool-147-thread-1] INFO  impl.RaftServerImpl (RaftServerImpl.java:start(185)) - aaa5c692-9016-4656-9306-cdc445513dc5@group-52D40B576B17: start as a follower, conf=-1: [aaa5c692-9016-4656-9306-cdc445513dc5:192.168.30.19:34286], old=null
2019-09-29 11:44:33,090 [pool-147-thread-1] INFO  impl.RaftServerImpl (RaftServerImpl.java:setRole(174)) - aaa5c692-9016-4656-9306-cdc445513dc5@group-52D40B576B17: changes role from      null to FOLLOWER at term 0 for startAsFollower
2019-09-29 11:44:33,090 [pool-147-thread-1] INFO  impl.RoleInfo (RoleInfo.java:updateAndGet(143)) - aaa5c692-9016-4656-9306-cdc445513dc5: start FollowerState
2019-09-29 11:44:33,090 [pool-147-thread-1] INFO  util.JmxRegister (JmxRegister.java:tryRegister(44)) - Successfully registered JMX Bean with object name Ratis:service=RaftServer,group=group-52D40B576B17,id=aaa5c692-9016-4656-9306-cdc445513dc5
2019-09-29 11:44:33,094 [RatisPipelineUtilsThread] INFO  pipeline.PipelineStateManager (PipelineStateManager.java:addPipeline(56)) - Created pipeline Pipeline[ Id: 0c1f99b6-9271-4c57-a906-52d40b576b17, Nodes: aaa5c692-9016-4656-9306-cdc445513dc5{ip: 192.168.30.19, host: pr-hdds-1569-lsfh5-224679870, networkLocation: /default-rack, certSerialId: null}, Type:RATIS, Factor:ONE, State:OPEN]
2019-09-29 11:44:33,095 [RatisPipelineUtilsThread] ERROR pipeline.SCMPipelineManager (SCMPipelineManager.java:createPipeline(188)) - Pipeline creation failed.
org.apache.hadoop.hdds.scm.exceptions.SCMException: Cannot create pipeline of factor 1 using 0 nodes.
	at org.apache.hadoop.hdds.scm.pipeline.RatisPipelineProvider.pickNodesNeverUsed(RatisPipelineProvider.java:113)
	at org.apache.hadoop.hdds.scm.pipeline.RatisPipelineProvider.create(RatisPipelineProvider.java:125)
	at org.apache.hadoop.hdds.scm.pipeline.PipelineFactory.create(PipelineFactory.java:58)
	at org.apache.hadoop.hdds.scm.pipeline.SCMPipelineManager.createPipeline(SCMPipelineManager.java:179)
	at org.apache.hadoop.hdds.scm.pipeline.BackgroundPipelineCreator.createPipelines(BackgroundPipelineCreator.java:100)
	at java.util.concurrent.Executors$RunnableAdapter.call(Executors.java:511)
	at java.util.concurrent.FutureTask.run(FutureTask.java:266)
	at java.util.concurrent.ScheduledThreadPoolExecutor$ScheduledFutureTask.access$201(ScheduledThreadPoolExecutor.java:180)
	at java.util.concurrent.ScheduledThreadPoolExecutor$ScheduledFutureTask.run(ScheduledThreadPoolExecutor.java:293)
	at java.util.concurrent.ThreadPoolExecutor.runWorker(ThreadPoolExecutor.java:1149)
	at java.util.concurrent.ThreadPoolExecutor$Worker.run(ThreadPoolExecutor.java:624)
	at java.lang.Thread.run(Thread.java:748)
2019-09-29 11:44:33,108 [grpc-default-executor-2] INFO  impl.RaftServerProxy (RaftServerProxy.java:addNew(89)) - ebf51826-b858-4785-b052-bdc821d89ef7: addNew group-0C392EE50FFF:[ebf51826-b858-4785-b052-bdc821d89ef7:192.168.30.19:44511, aaa5c692-9016-4656-9306-cdc445513dc5:192.168.30.19:34286, 53f715b3-55a1-45fa-b787-d79dd980c516:192.168.30.19:44952] returns group-0C392EE50FFF:java.util.concurrent.CompletableFuture@7c32d3c8[Not completed]
2019-09-29 11:44:33,110 [pool-127-thread-1] INFO  impl.RaftServerImpl (RaftServerImpl.java:<init>(95)) - ebf51826-b858-4785-b052-bdc821d89ef7: new RaftServerImpl for group-0C392EE50FFF:[ebf51826-b858-4785-b052-bdc821d89ef7:192.168.30.19:44511, aaa5c692-9016-4656-9306-cdc445513dc5:192.168.30.19:34286, 53f715b3-55a1-45fa-b787-d79dd980c516:192.168.30.19:44952] with ContainerStateMachine:uninitialized
2019-09-29 11:44:33,110 [pool-127-thread-1] INFO  server.RaftServerConfigKeys (ConfUtils.java:logGet(43)) - raft.server.rpc.timeout.min = 5s (custom)
2019-09-29 11:44:33,110 [grpc-default-executor-2] INFO  impl.RaftServerProxy (RaftServerProxy.java:addNew(89)) - 53f715b3-55a1-45fa-b787-d79dd980c516: addNew group-0C392EE50FFF:[ebf51826-b858-4785-b052-bdc821d89ef7:192.168.30.19:44511, aaa5c692-9016-4656-9306-cdc445513dc5:192.168.30.19:34286, 53f715b3-55a1-45fa-b787-d79dd980c516:192.168.30.19:44952] returns group-0C392EE50FFF:java.util.concurrent.CompletableFuture@3930422a[Not completed]
2019-09-29 11:44:33,110 [pool-127-thread-1] INFO  server.RaftServerConfigKeys (ConfUtils.java:logGet(43)) - raft.server.rpc.timeout.max = 5200ms (custom)
2019-09-29 11:44:33,110 [grpc-default-executor-1] INFO  impl.RaftServerProxy (RaftServerProxy.java:addNew(89)) - aaa5c692-9016-4656-9306-cdc445513dc5: addNew group-0C392EE50FFF:[ebf51826-b858-4785-b052-bdc821d89ef7:192.168.30.19:44511, aaa5c692-9016-4656-9306-cdc445513dc5:192.168.30.19:34286, 53f715b3-55a1-45fa-b787-d79dd980c516:192.168.30.19:44952] returns group-0C392EE50FFF:java.util.concurrent.CompletableFuture@7507955d[Not completed]
2019-09-29 11:44:33,111 [pool-127-thread-1] INFO  server.RaftServerConfigKeys (ConfUtils.java:logGet(43)) - raft.server.rpcslowness.timeout = 120s (custom)
2019-09-29 11:44:33,111 [pool-127-thread-1] INFO  server.RaftServerConfigKeys (ConfUtils.java:logGet(43)) - raft.server.sleep.deviation.threshold = 300 (default)
2019-09-29 11:44:33,111 [pool-127-thread-1] INFO  server.RaftServerConfigKeys (ConfUtils.java:logGet(43)) - raft.server.log.appender.install.snapshot.enabled = false (custom)
2019-09-29 11:44:33,111 [pool-137-thread-1] INFO  impl.RaftServerImpl (RaftServerImpl.java:<init>(95)) - 53f715b3-55a1-45fa-b787-d79dd980c516: new RaftServerImpl for group-0C392EE50FFF:[ebf51826-b858-4785-b052-bdc821d89ef7:192.168.30.19:44511, aaa5c692-9016-4656-9306-cdc445513dc5:192.168.30.19:34286, 53f715b3-55a1-45fa-b787-d79dd980c516:192.168.30.19:44952] with ContainerStateMachine:uninitialized
2019-09-29 11:44:33,111 [pool-127-thread-1] INFO  impl.RaftServerImpl (ServerState.java:<init>(103)) - ebf51826-b858-4785-b052-bdc821d89ef7@group-0C392EE50FFF: ConfigurationManager, init=-1: [ebf51826-b858-4785-b052-bdc821d89ef7:192.168.30.19:44511, aaa5c692-9016-4656-9306-cdc445513dc5:192.168.30.19:34286, 53f715b3-55a1-45fa-b787-d79dd980c516:192.168.30.19:44952], old=null, confs=<EMPTY_MAP>
2019-09-29 11:44:33,112 [pool-137-thread-1] INFO  server.RaftServerConfigKeys (ConfUtils.java:logGet(43)) - raft.server.rpc.timeout.min = 5s (custom)
2019-09-29 11:44:33,112 [pool-127-thread-1] INFO  server.RaftServerConfigKeys (ConfUtils.java:logGet(43)) - raft.server.storage.dir = [/workdir/hadoop-ozone/integration-test/target/test-dir/MiniOzoneClusterImpl-f85df494-bc24-4745-9cc1-2be7fe2eb31a/datanode-0/data/ratis] (custom)
2019-09-29 11:44:33,112 [pool-137-thread-1] INFO  server.RaftServerConfigKeys (ConfUtils.java:logGet(43)) - raft.server.rpc.timeout.max = 5200ms (custom)
2019-09-29 11:44:33,112 [pool-137-thread-1] INFO  server.RaftServerConfigKeys (ConfUtils.java:logGet(43)) - raft.server.rpcslowness.timeout = 120s (custom)
2019-09-29 11:44:33,112 [pool-137-thread-1] INFO  server.RaftServerConfigKeys (ConfUtils.java:logGet(43)) - raft.server.sleep.deviation.threshold = 300 (default)
2019-09-29 11:44:33,112 [pool-127-thread-1] INFO  storage.RaftStorageDirectory (RaftStorageDirectory.java:analyzeStorage(246)) - The storage directory /workdir/hadoop-ozone/integration-test/target/test-dir/MiniOzoneClusterImpl-f85df494-bc24-4745-9cc1-2be7fe2eb31a/datanode-0/data/ratis/4f21fc69-969d-45ba-98de-0c392ee50fff does not exist. Creating ...
2019-09-29 11:44:33,112 [pool-137-thread-1] INFO  server.RaftServerConfigKeys (ConfUtils.java:logGet(43)) - raft.server.log.appender.install.snapshot.enabled = false (custom)
2019-09-29 11:44:33,112 [pool-137-thread-1] INFO  impl.RaftServerImpl (ServerState.java:<init>(103)) - 53f715b3-55a1-45fa-b787-d79dd980c516@group-0C392EE50FFF: ConfigurationManager, init=-1: [ebf51826-b858-4785-b052-bdc821d89ef7:192.168.30.19:44511, aaa5c692-9016-4656-9306-cdc445513dc5:192.168.30.19:34286, 53f715b3-55a1-45fa-b787-d79dd980c516:192.168.30.19:44952], old=null, confs=<EMPTY_MAP>
2019-09-29 11:44:33,112 [pool-147-thread-1] INFO  impl.RaftServerImpl (RaftServerImpl.java:<init>(95)) - aaa5c692-9016-4656-9306-cdc445513dc5: new RaftServerImpl for group-0C392EE50FFF:[ebf51826-b858-4785-b052-bdc821d89ef7:192.168.30.19:44511, aaa5c692-9016-4656-9306-cdc445513dc5:192.168.30.19:34286, 53f715b3-55a1-45fa-b787-d79dd980c516:192.168.30.19:44952] with ContainerStateMachine:uninitialized
2019-09-29 11:44:33,113 [pool-137-thread-1] INFO  server.RaftServerConfigKeys (ConfUtils.java:logGet(43)) - raft.server.storage.dir = [/workdir/hadoop-ozone/integration-test/target/test-dir/MiniOzoneClusterImpl-f85df494-bc24-4745-9cc1-2be7fe2eb31a/datanode-1/data/ratis] (custom)
2019-09-29 11:44:33,113 [pool-147-thread-1] INFO  server.RaftServerConfigKeys (ConfUtils.java:logGet(43)) - raft.server.rpc.timeout.min = 5s (custom)
2019-09-29 11:44:33,113 [pool-137-thread-1] INFO  storage.RaftStorageDirectory (RaftStorageDirectory.java:analyzeStorage(246)) - The storage directory /workdir/hadoop-ozone/integration-test/target/test-dir/MiniOzoneClusterImpl-f85df494-bc24-4745-9cc1-2be7fe2eb31a/datanode-1/data/ratis/4f21fc69-969d-45ba-98de-0c392ee50fff does not exist. Creating ...
2019-09-29 11:44:33,113 [pool-147-thread-1] INFO  server.RaftServerConfigKeys (ConfUtils.java:logGet(43)) - raft.server.rpc.timeout.max = 5200ms (custom)
2019-09-29 11:44:33,113 [pool-147-thread-1] INFO  server.RaftServerConfigKeys (ConfUtils.java:logGet(43)) - raft.server.rpcslowness.timeout = 120s (custom)
2019-09-29 11:44:33,113 [pool-147-thread-1] INFO  server.RaftServerConfigKeys (ConfUtils.java:logGet(43)) - raft.server.sleep.deviation.threshold = 300 (default)
2019-09-29 11:44:33,113 [pool-147-thread-1] INFO  server.RaftServerConfigKeys (ConfUtils.java:logGet(43)) - raft.server.log.appender.install.snapshot.enabled = false (custom)
2019-09-29 11:44:33,114 [pool-147-thread-1] INFO  impl.RaftServerImpl (ServerState.java:<init>(103)) - aaa5c692-9016-4656-9306-cdc445513dc5@group-0C392EE50FFF: ConfigurationManager, init=-1: [ebf51826-b858-4785-b052-bdc821d89ef7:192.168.30.19:44511, aaa5c692-9016-4656-9306-cdc445513dc5:192.168.30.19:34286, 53f715b3-55a1-45fa-b787-d79dd980c516:192.168.30.19:44952], old=null, confs=<EMPTY_MAP>
2019-09-29 11:44:33,114 [pool-147-thread-1] INFO  server.RaftServerConfigKeys (ConfUtils.java:logGet(43)) - raft.server.storage.dir = [/workdir/hadoop-ozone/integration-test/target/test-dir/MiniOzoneClusterImpl-f85df494-bc24-4745-9cc1-2be7fe2eb31a/datanode-2/data/ratis] (custom)
2019-09-29 11:44:33,114 [pool-147-thread-1] INFO  storage.RaftStorageDirectory (RaftStorageDirectory.java:analyzeStorage(246)) - The storage directory /workdir/hadoop-ozone/integration-test/target/test-dir/MiniOzoneClusterImpl-f85df494-bc24-4745-9cc1-2be7fe2eb31a/datanode-2/data/ratis/4f21fc69-969d-45ba-98de-0c392ee50fff does not exist. Creating ...
2019-09-29 11:44:33,141 [pool-137-thread-1] INFO  storage.RaftStorageDirectory (RaftStorageDirectory.java:tryLock(328)) - Lock on /workdir/hadoop-ozone/integration-test/target/test-dir/MiniOzoneClusterImpl-f85df494-bc24-4745-9cc1-2be7fe2eb31a/datanode-1/data/ratis/4f21fc69-969d-45ba-98de-0c392ee50fff/in_use.lock acquired by nodename 15611@pr-hdds-1569-lsfh5-224679870
2019-09-29 11:44:33,141 [pool-127-thread-1] INFO  storage.RaftStorageDirectory (RaftStorageDirectory.java:tryLock(328)) - Lock on /workdir/hadoop-ozone/integration-test/target/test-dir/MiniOzoneClusterImpl-f85df494-bc24-4745-9cc1-2be7fe2eb31a/datanode-0/data/ratis/4f21fc69-969d-45ba-98de-0c392ee50fff/in_use.lock acquired by nodename 15611@pr-hdds-1569-lsfh5-224679870
2019-09-29 11:44:33,141 [pool-147-thread-1] INFO  storage.RaftStorageDirectory (RaftStorageDirectory.java:tryLock(328)) - Lock on /workdir/hadoop-ozone/integration-test/target/test-dir/MiniOzoneClusterImpl-f85df494-bc24-4745-9cc1-2be7fe2eb31a/datanode-2/data/ratis/4f21fc69-969d-45ba-98de-0c392ee50fff/in_use.lock acquired by nodename 15611@pr-hdds-1569-lsfh5-224679870
2019-09-29 11:44:33,159 [pool-137-thread-1] INFO  storage.RaftStorage (RaftStorage.java:format(72)) - Storage directory /workdir/hadoop-ozone/integration-test/target/test-dir/MiniOzoneClusterImpl-f85df494-bc24-4745-9cc1-2be7fe2eb31a/datanode-1/data/ratis/4f21fc69-969d-45ba-98de-0c392ee50fff has been successfully formatted.
2019-09-29 11:44:33,159 [pool-147-thread-1] INFO  storage.RaftStorage (RaftStorage.java:format(72)) - Storage directory /workdir/hadoop-ozone/integration-test/target/test-dir/MiniOzoneClusterImpl-f85df494-bc24-4745-9cc1-2be7fe2eb31a/datanode-2/data/ratis/4f21fc69-969d-45ba-98de-0c392ee50fff has been successfully formatted.
2019-09-29 11:44:33,159 [pool-127-thread-1] INFO  storage.RaftStorage (RaftStorage.java:format(72)) - Storage directory /workdir/hadoop-ozone/integration-test/target/test-dir/MiniOzoneClusterImpl-f85df494-bc24-4745-9cc1-2be7fe2eb31a/datanode-0/data/ratis/4f21fc69-969d-45ba-98de-0c392ee50fff has been successfully formatted.
2019-09-29 11:44:33,159 [pool-137-thread-1] INFO  ratis.ContainerStateMachine (ContainerStateMachine.java:loadSnapshot(230)) - group-0C392EE50FFF: The snapshot info is null. Setting the last applied indexto:(t:0, i:~)
2019-09-29 11:44:33,159 [pool-147-thread-1] INFO  ratis.ContainerStateMachine (ContainerStateMachine.java:loadSnapshot(230)) - group-0C392EE50FFF: The snapshot info is null. Setting the last applied indexto:(t:0, i:~)
2019-09-29 11:44:33,159 [pool-127-thread-1] INFO  ratis.ContainerStateMachine (ContainerStateMachine.java:loadSnapshot(230)) - group-0C392EE50FFF: The snapshot info is null. Setting the last applied indexto:(t:0, i:~)
2019-09-29 11:44:33,159 [pool-137-thread-1] INFO  server.RaftServerConfigKeys (ConfUtils.java:logGet(43)) - raft.server.notification.no-leader.timeout = 120s (custom)
2019-09-29 11:44:33,160 [pool-127-thread-1] INFO  server.RaftServerConfigKeys (ConfUtils.java:logGet(43)) - raft.server.notification.no-leader.timeout = 120s (custom)
2019-09-29 11:44:33,159 [pool-147-thread-1] INFO  server.RaftServerConfigKeys (ConfUtils.java:logGet(43)) - raft.server.notification.no-leader.timeout = 120s (custom)
2019-09-29 11:44:33,160 [pool-127-thread-1] INFO  server.RaftServerConfigKeys (ConfUtils.java:logGet(43)) - raft.server.log.use.memory = false (default)
2019-09-29 11:44:33,160 [pool-137-thread-1] INFO  server.RaftServerConfigKeys (ConfUtils.java:logGet(43)) - raft.server.log.use.memory = false (default)
2019-09-29 11:44:33,160 [pool-127-thread-1] INFO  server.RaftServerConfigKeys (ConfUtils.java:logGet(43)) - raft.server.log.purge.gap = 1000000 (custom)
2019-09-29 11:44:33,160 [pool-147-thread-1] INFO  server.RaftServerConfigKeys (ConfUtils.java:logGet(43)) - raft.server.log.use.memory = false (default)
2019-09-29 11:44:33,160 [pool-127-thread-1] INFO  server.RaftServerConfigKeys (ConfUtils.java:logGet(43)) - raft.server.log.appender.buffer.byte-limit = 33554432 (custom)
2019-09-29 11:44:33,160 [pool-137-thread-1] INFO  server.RaftServerConfigKeys (ConfUtils.java:logGet(43)) - raft.server.log.purge.gap = 1000000 (custom)
2019-09-29 11:44:33,161 [pool-127-thread-1] INFO  server.RaftServerConfigKeys (ConfUtils.java:logGet(43)) - raft.server.log.segment.size.max = 1048576 (custom)
2019-09-29 11:44:33,160 [pool-147-thread-1] INFO  server.RaftServerConfigKeys (ConfUtils.java:logGet(43)) - raft.server.log.purge.gap = 1000000 (custom)
2019-09-29 11:44:33,161 [pool-127-thread-1] INFO  server.RaftServerConfigKeys (ConfUtils.java:logGet(43)) - raft.server.log.segment.cache.num.max = 2 (custom)
2019-09-29 11:44:33,161 [pool-137-thread-1] INFO  server.RaftServerConfigKeys (ConfUtils.java:logGet(43)) - raft.server.log.appender.buffer.byte-limit = 33554432 (custom)
2019-09-29 11:44:33,161 [pool-127-thread-1] INFO  segmented.SegmentedRaftLogWorker (SegmentedRaftLogWorker.java:<init>(172)) - new ebf51826-b858-4785-b052-bdc821d89ef7@group-0C392EE50FFF-SegmentedRaftLogWorker for RaftStorage:Storage Directory /workdir/hadoop-ozone/integration-test/target/test-dir/MiniOzoneClusterImpl-f85df494-bc24-4745-9cc1-2be7fe2eb31a/datanode-0/data/ratis/4f21fc69-969d-45ba-98de-0c392ee50fff
2019-09-29 11:44:33,161 [pool-147-thread-1] INFO  server.RaftServerConfigKeys (ConfUtils.java:logGet(43)) - raft.server.log.appender.buffer.byte-limit = 33554432 (custom)
2019-09-29 11:44:33,161 [pool-127-thread-1] INFO  server.RaftServerConfigKeys (ConfUtils.java:logGet(43)) - raft.server.log.queue.byte-limit = 2147483647 (custom)
2019-09-29 11:44:33,161 [pool-137-thread-1] INFO  server.RaftServerConfigKeys (ConfUtils.java:logGet(43)) - raft.server.log.segment.size.max = 1048576 (custom)
2019-09-29 11:44:33,162 [pool-127-thread-1] INFO  server.RaftServerConfigKeys (ConfUtils.java:logGet(43)) - raft.server.log.queue.element-limit = 1024 (custom)
2019-09-29 11:44:33,162 [pool-147-thread-1] INFO  server.RaftServerConfigKeys (ConfUtils.java:logGet(43)) - raft.server.log.segment.size.max = 1048576 (custom)
2019-09-29 11:44:33,162 [pool-127-thread-1] INFO  server.RaftServerConfigKeys (ConfUtils.java:logGet(43)) - raft.server.log.segment.size.max = 1048576 (custom)
2019-09-29 11:44:33,162 [pool-137-thread-1] INFO  server.RaftServerConfigKeys (ConfUtils.java:logGet(43)) - raft.server.log.segment.cache.num.max = 2 (custom)
2019-09-29 11:44:33,162 [pool-127-thread-1] INFO  server.RaftServerConfigKeys (ConfUtils.java:logGet(43)) - raft.server.log.preallocated.size = 16384 (custom)
2019-09-29 11:44:33,162 [pool-147-thread-1] INFO  server.RaftServerConfigKeys (ConfUtils.java:logGet(43)) - raft.server.log.segment.cache.num.max = 2 (custom)
2019-09-29 11:44:33,163 [pool-127-thread-1] INFO  server.RaftServerConfigKeys (ConfUtils.java:logGet(43)) - raft.server.log.write.buffer.size = 33554432 (custom)
2019-09-29 11:44:33,162 [pool-137-thread-1] INFO  segmented.SegmentedRaftLogWorker (SegmentedRaftLogWorker.java:<init>(172)) - new 53f715b3-55a1-45fa-b787-d79dd980c516@group-0C392EE50FFF-SegmentedRaftLogWorker for RaftStorage:Storage Directory /workdir/hadoop-ozone/integration-test/target/test-dir/MiniOzoneClusterImpl-f85df494-bc24-4745-9cc1-2be7fe2eb31a/datanode-1/data/ratis/4f21fc69-969d-45ba-98de-0c392ee50fff
2019-09-29 11:44:33,163 [pool-127-thread-1] INFO  server.RaftServerConfigKeys (ConfUtils.java:logGet(43)) - raft.server.log.force.sync.num = 128 (default)
2019-09-29 11:44:33,163 [pool-147-thread-1] INFO  segmented.SegmentedRaftLogWorker (SegmentedRaftLogWorker.java:<init>(172)) - new aaa5c692-9016-4656-9306-cdc445513dc5@group-0C392EE50FFF-SegmentedRaftLogWorker for RaftStorage:Storage Directory /workdir/hadoop-ozone/integration-test/target/test-dir/MiniOzoneClusterImpl-f85df494-bc24-4745-9cc1-2be7fe2eb31a/datanode-2/data/ratis/4f21fc69-969d-45ba-98de-0c392ee50fff
2019-09-29 11:44:33,163 [pool-127-thread-1] INFO  server.RaftServerConfigKeys (ConfUtils.java:logGet(43)) - raft.server.log.statemachine.data.sync = true (default)
2019-09-29 11:44:33,163 [pool-137-thread-1] INFO  server.RaftServerConfigKeys (ConfUtils.java:logGet(43)) - raft.server.log.queue.byte-limit = 2147483647 (custom)
2019-09-29 11:44:33,163 [pool-147-thread-1] INFO  server.RaftServerConfigKeys (ConfUtils.java:logGet(43)) - raft.server.log.queue.byte-limit = 2147483647 (custom)
2019-09-29 11:44:33,164 [pool-127-thread-1] INFO  server.RaftServerConfigKeys (ConfUtils.java:logGet(43)) - raft.server.log.statemachine.data.sync.timeout = 10s (default)
2019-09-29 11:44:33,164 [pool-137-thread-1] INFO  server.RaftServerConfigKeys (ConfUtils.java:logGet(43)) - raft.server.log.queue.element-limit = 1024 (custom)
2019-09-29 11:44:33,164 [pool-127-thread-1] INFO  server.RaftServerConfigKeys (ConfUtils.java:logGet(43)) - raft.server.log.statemachine.data.sync.timeout.retry = -1 (default)
2019-09-29 11:44:33,164 [pool-147-thread-1] INFO  server.RaftServerConfigKeys (ConfUtils.java:logGet(43)) - raft.server.log.queue.element-limit = 1024 (custom)
2019-09-29 11:44:33,164 [pool-127-thread-1] INFO  server.RaftServerConfigKeys (ConfUtils.java:logGet(43)) - raft.server.log.statemachine.data.caching.enabled = true (custom)
2019-09-29 11:44:33,164 [pool-137-thread-1] INFO  server.RaftServerConfigKeys (ConfUtils.java:logGet(43)) - raft.server.log.segment.size.max = 1048576 (custom)
2019-09-29 11:44:33,164 [pool-147-thread-1] INFO  server.RaftServerConfigKeys (ConfUtils.java:logGet(43)) - raft.server.log.segment.size.max = 1048576 (custom)
2019-09-29 11:44:33,164 [pool-137-thread-1] INFO  server.RaftServerConfigKeys (ConfUtils.java:logGet(43)) - raft.server.log.preallocated.size = 16384 (custom)
2019-09-29 11:44:33,165 [pool-127-thread-1] INFO  segmented.SegmentedRaftLogWorker (SegmentedRaftLogWorker.java:lambda$new$0(132)) - ebf51826-b858-4785-b052-bdc821d89ef7@group-0C392EE50FFF-SegmentedRaftLogWorker: flushIndex: setUnconditionally 0 -> -1
2019-09-29 11:44:33,165 [pool-147-thread-1] INFO  server.RaftServerConfigKeys (ConfUtils.java:logGet(43)) - raft.server.log.preallocated.size = 16384 (custom)
2019-09-29 11:44:33,165 [pool-137-thread-1] INFO  server.RaftServerConfigKeys (ConfUtils.java:logGet(43)) - raft.server.log.write.buffer.size = 33554432 (custom)
2019-09-29 11:44:33,165 [pool-147-thread-1] INFO  server.RaftServerConfigKeys (ConfUtils.java:logGet(43)) - raft.server.log.write.buffer.size = 33554432 (custom)
2019-09-29 11:44:33,165 [pool-127-thread-1] INFO  server.RaftServerConfigKeys (ConfUtils.java:logGet(43)) - raft.server.snapshot.auto.trigger.enabled = true (custom)
2019-09-29 11:44:33,165 [pool-147-thread-1] INFO  server.RaftServerConfigKeys (ConfUtils.java:logGet(43)) - raft.server.log.force.sync.num = 128 (default)
2019-09-29 11:44:33,165 [pool-137-thread-1] INFO  server.RaftServerConfigKeys (ConfUtils.java:logGet(43)) - raft.server.log.force.sync.num = 128 (default)
2019-09-29 11:44:33,166 [pool-147-thread-1] INFO  server.RaftServerConfigKeys (ConfUtils.java:logGet(43)) - raft.server.log.statemachine.data.sync = true (default)
2019-09-29 11:44:33,165 [pool-127-thread-1] INFO  server.RaftServerConfigKeys (ConfUtils.java:logGet(43)) - raft.server.snapshot.auto.trigger.threshold = 10000 (custom)
2019-09-29 11:44:33,166 [pool-147-thread-1] INFO  server.RaftServerConfigKeys (ConfUtils.java:logGet(43)) - raft.server.log.statemachine.data.sync.timeout = 10s (default)
2019-09-29 11:44:33,166 [pool-137-thread-1] INFO  server.RaftServerConfigKeys (ConfUtils.java:logGet(43)) - raft.server.log.statemachine.data.sync = true (default)
2019-09-29 11:44:33,166 [pool-147-thread-1] INFO  server.RaftServerConfigKeys (ConfUtils.java:logGet(43)) - raft.server.log.statemachine.data.sync.timeout.retry = -1 (default)
2019-09-29 11:44:33,166 [pool-127-thread-1] INFO  server.RaftServerConfigKeys (ConfUtils.java:logGet(43)) - raft.server.snapshot.retention.num.files = 5 (custom)
2019-09-29 11:44:33,166 [pool-137-thread-1] INFO  server.RaftServerConfigKeys (ConfUtils.java:logGet(43)) - raft.server.log.statemachine.data.sync.timeout = 10s (default)
2019-09-29 11:44:33,167 [pool-127-thread-1] INFO  server.RaftServerConfigKeys (ConfUtils.java:logGet(43)) - raft.server.retrycache.expirytime = 600000ms (custom)
2019-09-29 11:44:33,167 [pool-147-thread-1] INFO  server.RaftServerConfigKeys (ConfUtils.java:logGet(43)) - raft.server.log.statemachine.data.caching.enabled = true (custom)
2019-09-29 11:44:33,167 [pool-137-thread-1] INFO  server.RaftServerConfigKeys (ConfUtils.java:logGet(43)) - raft.server.log.statemachine.data.sync.timeout.retry = -1 (default)
2019-09-29 11:44:33,167 [pool-137-thread-1] INFO  server.RaftServerConfigKeys (ConfUtils.java:logGet(43)) - raft.server.log.statemachine.data.caching.enabled = true (custom)
2019-09-29 11:44:33,167 [pool-147-thread-1] INFO  segmented.SegmentedRaftLogWorker (SegmentedRaftLogWorker.java:lambda$new$0(132)) - aaa5c692-9016-4656-9306-cdc445513dc5@group-0C392EE50FFF-SegmentedRaftLogWorker: flushIndex: setUnconditionally 0 -> -1
2019-09-29 11:44:33,167 [pool-137-thread-1] INFO  segmented.SegmentedRaftLogWorker (SegmentedRaftLogWorker.java:lambda$new$0(132)) - 53f715b3-55a1-45fa-b787-d79dd980c516@group-0C392EE50FFF-SegmentedRaftLogWorker: flushIndex: setUnconditionally 0 -> -1
2019-09-29 11:44:33,168 [pool-147-thread-1] INFO  server.RaftServerConfigKeys (ConfUtils.java:logGet(43)) - raft.server.snapshot.auto.trigger.enabled = true (custom)
2019-09-29 11:44:33,168 [pool-137-thread-1] INFO  server.RaftServerConfigKeys (ConfUtils.java:logGet(43)) - raft.server.snapshot.auto.trigger.enabled = true (custom)
2019-09-29 11:44:33,168 [pool-147-thread-1] INFO  server.RaftServerConfigKeys (ConfUtils.java:logGet(43)) - raft.server.snapshot.auto.trigger.threshold = 10000 (custom)
2019-09-29 11:44:33,168 [pool-137-thread-1] INFO  server.RaftServerConfigKeys (ConfUtils.java:logGet(43)) - raft.server.snapshot.auto.trigger.threshold = 10000 (custom)
2019-09-29 11:44:33,168 [pool-147-thread-1] INFO  server.RaftServerConfigKeys (ConfUtils.java:logGet(43)) - raft.server.snapshot.retention.num.files = 5 (custom)
2019-09-29 11:44:33,168 [pool-137-thread-1] INFO  server.RaftServerConfigKeys (ConfUtils.java:logGet(43)) - raft.server.snapshot.retention.num.files = 5 (custom)
2019-09-29 11:44:33,168 [pool-147-thread-1] INFO  server.RaftServerConfigKeys (ConfUtils.java:logGet(43)) - raft.server.retrycache.expirytime = 600000ms (custom)
2019-09-29 11:44:33,168 [pool-137-thread-1] INFO  server.RaftServerConfigKeys (ConfUtils.java:logGet(43)) - raft.server.retrycache.expirytime = 600000ms (custom)
2019-09-29 11:44:33,170 [pool-127-thread-1] INFO  impl.RaftServerImpl (RaftServerImpl.java:start(185)) - ebf51826-b858-4785-b052-bdc821d89ef7@group-0C392EE50FFF: start as a follower, conf=-1: [ebf51826-b858-4785-b052-bdc821d89ef7:192.168.30.19:44511, aaa5c692-9016-4656-9306-cdc445513dc5:192.168.30.19:34286, 53f715b3-55a1-45fa-b787-d79dd980c516:192.168.30.19:44952], old=null
2019-09-29 11:44:33,170 [pool-127-thread-1] INFO  impl.RaftServerImpl (RaftServerImpl.java:setRole(174)) - ebf51826-b858-4785-b052-bdc821d89ef7@group-0C392EE50FFF: changes role from      null to FOLLOWER at term 0 for startAsFollower
2019-09-29 11:44:33,170 [pool-127-thread-1] INFO  impl.RoleInfo (RoleInfo.java:updateAndGet(143)) - ebf51826-b858-4785-b052-bdc821d89ef7: start FollowerState
2019-09-29 11:44:33,171 [pool-127-thread-1] INFO  util.JmxRegister (JmxRegister.java:tryRegister(44)) - Successfully registered JMX Bean with object name Ratis:service=RaftServer,group=group-0C392EE50FFF,id=ebf51826-b858-4785-b052-bdc821d89ef7
2019-09-29 11:44:33,171 [pool-137-thread-1] INFO  impl.RaftServerImpl (RaftServerImpl.java:start(185)) - 53f715b3-55a1-45fa-b787-d79dd980c516@group-0C392EE50FFF: start as a follower, conf=-1: [ebf51826-b858-4785-b052-bdc821d89ef7:192.168.30.19:44511, aaa5c692-9016-4656-9306-cdc445513dc5:192.168.30.19:34286, 53f715b3-55a1-45fa-b787-d79dd980c516:192.168.30.19:44952], old=null
2019-09-29 11:44:33,172 [pool-137-thread-1] INFO  impl.RaftServerImpl (RaftServerImpl.java:setRole(174)) - 53f715b3-55a1-45fa-b787-d79dd980c516@group-0C392EE50FFF: changes role from      null to FOLLOWER at term 0 for startAsFollower
2019-09-29 11:44:33,172 [pool-137-thread-1] INFO  impl.RoleInfo (RoleInfo.java:updateAndGet(143)) - 53f715b3-55a1-45fa-b787-d79dd980c516: start FollowerState
2019-09-29 11:44:33,172 [pool-137-thread-1] INFO  util.JmxRegister (JmxRegister.java:tryRegister(44)) - Successfully registered JMX Bean with object name Ratis:service=RaftServer,group=group-0C392EE50FFF,id=53f715b3-55a1-45fa-b787-d79dd980c516
2019-09-29 11:44:33,172 [pool-147-thread-1] INFO  impl.RaftServerImpl (RaftServerImpl.java:start(185)) - aaa5c692-9016-4656-9306-cdc445513dc5@group-0C392EE50FFF: start as a follower, conf=-1: [ebf51826-b858-4785-b052-bdc821d89ef7:192.168.30.19:44511, aaa5c692-9016-4656-9306-cdc445513dc5:192.168.30.19:34286, 53f715b3-55a1-45fa-b787-d79dd980c516:192.168.30.19:44952], old=null
2019-09-29 11:44:33,174 [pool-147-thread-1] INFO  impl.RaftServerImpl (RaftServerImpl.java:setRole(174)) - aaa5c692-9016-4656-9306-cdc445513dc5@group-0C392EE50FFF: changes role from      null to FOLLOWER at term 0 for startAsFollower
2019-09-29 11:44:33,174 [pool-147-thread-1] INFO  impl.RoleInfo (RoleInfo.java:updateAndGet(143)) - aaa5c692-9016-4656-9306-cdc445513dc5: start FollowerState
2019-09-29 11:44:33,176 [pool-147-thread-1] INFO  util.JmxRegister (JmxRegister.java:tryRegister(44)) - Successfully registered JMX Bean with object name Ratis:service=RaftServer,group=group-0C392EE50FFF,id=aaa5c692-9016-4656-9306-cdc445513dc5
2019-09-29 11:44:33,183 [RatisPipelineUtilsThread] INFO  pipeline.PipelineStateManager (PipelineStateManager.java:addPipeline(56)) - Created pipeline Pipeline[ Id: 4f21fc69-969d-45ba-98de-0c392ee50fff, Nodes: ebf51826-b858-4785-b052-bdc821d89ef7{ip: 192.168.30.19, host: pr-hdds-1569-lsfh5-224679870, networkLocation: /default-rack, certSerialId: null}aaa5c692-9016-4656-9306-cdc445513dc5{ip: 192.168.30.19, host: pr-hdds-1569-lsfh5-224679870, networkLocation: /default-rack, certSerialId: null}53f715b3-55a1-45fa-b787-d79dd980c516{ip: 192.168.30.19, host: pr-hdds-1569-lsfh5-224679870, networkLocation: /default-rack, certSerialId: null}, Type:RATIS, Factor:THREE, State:OPEN]
2019-09-29 11:44:33,190 [grpc-default-executor-2] INFO  impl.RaftServerProxy (RaftServerProxy.java:addNew(89)) - aaa5c692-9016-4656-9306-cdc445513dc5: addNew group-ADD4B9C1C873:[ebf51826-b858-4785-b052-bdc821d89ef7:192.168.30.19:44511, aaa5c692-9016-4656-9306-cdc445513dc5:192.168.30.19:34286, 53f715b3-55a1-45fa-b787-d79dd980c516:192.168.30.19:44952] returns group-ADD4B9C1C873:java.util.concurrent.CompletableFuture@8c3bc5e[Not completed]
2019-09-29 11:44:33,190 [grpc-default-executor-0] INFO  impl.RaftServerProxy (RaftServerProxy.java:addNew(89)) - ebf51826-b858-4785-b052-bdc821d89ef7: addNew group-ADD4B9C1C873:[ebf51826-b858-4785-b052-bdc821d89ef7:192.168.30.19:44511, aaa5c692-9016-4656-9306-cdc445513dc5:192.168.30.19:34286, 53f715b3-55a1-45fa-b787-d79dd980c516:192.168.30.19:44952] returns group-ADD4B9C1C873:java.util.concurrent.CompletableFuture@b3180d2[Not completed]
2019-09-29 11:44:33,192 [grpc-default-executor-1] INFO  impl.RaftServerProxy (RaftServerProxy.java:addNew(89)) - 53f715b3-55a1-45fa-b787-d79dd980c516: addNew group-ADD4B9C1C873:[ebf51826-b858-4785-b052-bdc821d89ef7:192.168.30.19:44511, aaa5c692-9016-4656-9306-cdc445513dc5:192.168.30.19:34286, 53f715b3-55a1-45fa-b787-d79dd980c516:192.168.30.19:44952] returns group-ADD4B9C1C873:java.util.concurrent.CompletableFuture@308b8b22[Not completed]
2019-09-29 11:44:33,193 [pool-147-thread-1] INFO  impl.RaftServerImpl (RaftServerImpl.java:<init>(95)) - aaa5c692-9016-4656-9306-cdc445513dc5: new RaftServerImpl for group-ADD4B9C1C873:[ebf51826-b858-4785-b052-bdc821d89ef7:192.168.30.19:44511, aaa5c692-9016-4656-9306-cdc445513dc5:192.168.30.19:34286, 53f715b3-55a1-45fa-b787-d79dd980c516:192.168.30.19:44952] with ContainerStateMachine:uninitialized
2019-09-29 11:44:33,193 [pool-147-thread-1] INFO  server.RaftServerConfigKeys (ConfUtils.java:logGet(43)) - raft.server.rpc.timeout.min = 5s (custom)
2019-09-29 11:44:33,193 [pool-147-thread-1] INFO  server.RaftServerConfigKeys (ConfUtils.java:logGet(43)) - raft.server.rpc.timeout.max = 5200ms (custom)
2019-09-29 11:44:33,193 [pool-147-thread-1] INFO  server.RaftServerConfigKeys (ConfUtils.java:logGet(43)) - raft.server.rpcslowness.timeout = 120s (custom)
2019-09-29 11:44:33,194 [pool-147-thread-1] INFO  server.RaftServerConfigKeys (ConfUtils.java:logGet(43)) - raft.server.sleep.deviation.threshold = 300 (default)
2019-09-29 11:44:33,194 [pool-147-thread-1] INFO  server.RaftServerConfigKeys (ConfUtils.java:logGet(43)) - raft.server.log.appender.install.snapshot.enabled = false (custom)
2019-09-29 11:44:33,194 [pool-127-thread-1] INFO  impl.RaftServerImpl (RaftServerImpl.java:<init>(95)) - ebf51826-b858-4785-b052-bdc821d89ef7: new RaftServerImpl for group-ADD4B9C1C873:[ebf51826-b858-4785-b052-bdc821d89ef7:192.168.30.19:44511, aaa5c692-9016-4656-9306-cdc445513dc5:192.168.30.19:34286, 53f715b3-55a1-45fa-b787-d79dd980c516:192.168.30.19:44952] with ContainerStateMachine:uninitialized
2019-09-29 11:44:33,194 [pool-147-thread-1] INFO  impl.RaftServerImpl (ServerState.java:<init>(103)) - aaa5c692-9016-4656-9306-cdc445513dc5@group-ADD4B9C1C873: ConfigurationManager, init=-1: [ebf51826-b858-4785-b052-bdc821d89ef7:192.168.30.19:44511, aaa5c692-9016-4656-9306-cdc445513dc5:192.168.30.19:34286, 53f715b3-55a1-45fa-b787-d79dd980c516:192.168.30.19:44952], old=null, confs=<EMPTY_MAP>
2019-09-29 11:44:33,194 [pool-127-thread-1] INFO  server.RaftServerConfigKeys (ConfUtils.java:logGet(43)) - raft.server.rpc.timeout.min = 5s (custom)
2019-09-29 11:44:33,194 [pool-137-thread-1] INFO  impl.RaftServerImpl (RaftServerImpl.java:<init>(95)) - 53f715b3-55a1-45fa-b787-d79dd980c516: new RaftServerImpl for group-ADD4B9C1C873:[ebf51826-b858-4785-b052-bdc821d89ef7:192.168.30.19:44511, aaa5c692-9016-4656-9306-cdc445513dc5:192.168.30.19:34286, 53f715b3-55a1-45fa-b787-d79dd980c516:192.168.30.19:44952] with ContainerStateMachine:uninitialized
2019-09-29 11:44:33,194 [pool-127-thread-1] INFO  server.RaftServerConfigKeys (ConfUtils.java:logGet(43)) - raft.server.rpc.timeout.max = 5200ms (custom)
2019-09-29 11:44:33,194 [pool-147-thread-1] INFO  server.RaftServerConfigKeys (ConfUtils.java:logGet(43)) - raft.server.storage.dir = [/workdir/hadoop-ozone/integration-test/target/test-dir/MiniOzoneClusterImpl-f85df494-bc24-4745-9cc1-2be7fe2eb31a/datanode-2/data/ratis] (custom)
2019-09-29 11:44:33,195 [pool-127-thread-1] INFO  server.RaftServerConfigKeys (ConfUtils.java:logGet(43)) - raft.server.rpcslowness.timeout = 120s (custom)
2019-09-29 11:44:33,194 [pool-137-thread-1] INFO  server.RaftServerConfigKeys (ConfUtils.java:logGet(43)) - raft.server.rpc.timeout.min = 5s (custom)
2019-09-29 11:44:33,195 [pool-127-thread-1] INFO  server.RaftServerConfigKeys (ConfUtils.java:logGet(43)) - raft.server.sleep.deviation.threshold = 300 (default)
2019-09-29 11:44:33,195 [pool-147-thread-1] INFO  storage.RaftStorageDirectory (RaftStorageDirectory.java:analyzeStorage(246)) - The storage directory /workdir/hadoop-ozone/integration-test/target/test-dir/MiniOzoneClusterImpl-f85df494-bc24-4745-9cc1-2be7fe2eb31a/datanode-2/data/ratis/00105b33-041f-447c-9348-add4b9c1c873 does not exist. Creating ...
2019-09-29 11:44:33,195 [pool-137-thread-1] INFO  server.RaftServerConfigKeys (ConfUtils.java:logGet(43)) - raft.server.rpc.timeout.max = 5200ms (custom)
2019-09-29 11:44:33,195 [pool-127-thread-1] INFO  server.RaftServerConfigKeys (ConfUtils.java:logGet(43)) - raft.server.log.appender.install.snapshot.enabled = false (custom)
2019-09-29 11:44:33,195 [pool-137-thread-1] INFO  server.RaftServerConfigKeys (ConfUtils.java:logGet(43)) - raft.server.rpcslowness.timeout = 120s (custom)
2019-09-29 11:44:33,195 [pool-127-thread-1] INFO  impl.RaftServerImpl (ServerState.java:<init>(103)) - ebf51826-b858-4785-b052-bdc821d89ef7@group-ADD4B9C1C873: ConfigurationManager, init=-1: [ebf51826-b858-4785-b052-bdc821d89ef7:192.168.30.19:44511, aaa5c692-9016-4656-9306-cdc445513dc5:192.168.30.19:34286, 53f715b3-55a1-45fa-b787-d79dd980c516:192.168.30.19:44952], old=null, confs=<EMPTY_MAP>
2019-09-29 11:44:33,195 [pool-137-thread-1] INFO  server.RaftServerConfigKeys (ConfUtils.java:logGet(43)) - raft.server.sleep.deviation.threshold = 300 (default)
2019-09-29 11:44:33,196 [pool-127-thread-1] INFO  server.RaftServerConfigKeys (ConfUtils.java:logGet(43)) - raft.server.storage.dir = [/workdir/hadoop-ozone/integration-test/target/test-dir/MiniOzoneClusterImpl-f85df494-bc24-4745-9cc1-2be7fe2eb31a/datanode-0/data/ratis] (custom)
2019-09-29 11:44:33,196 [pool-137-thread-1] INFO  server.RaftServerConfigKeys (ConfUtils.java:logGet(43)) - raft.server.log.appender.install.snapshot.enabled = false (custom)
2019-09-29 11:44:33,196 [pool-137-thread-1] INFO  impl.RaftServerImpl (ServerState.java:<init>(103)) - 53f715b3-55a1-45fa-b787-d79dd980c516@group-ADD4B9C1C873: ConfigurationManager, init=-1: [ebf51826-b858-4785-b052-bdc821d89ef7:192.168.30.19:44511, aaa5c692-9016-4656-9306-cdc445513dc5:192.168.30.19:34286, 53f715b3-55a1-45fa-b787-d79dd980c516:192.168.30.19:44952], old=null, confs=<EMPTY_MAP>
2019-09-29 11:44:33,196 [pool-137-thread-1] INFO  server.RaftServerConfigKeys (ConfUtils.java:logGet(43)) - raft.server.storage.dir = [/workdir/hadoop-ozone/integration-test/target/test-dir/MiniOzoneClusterImpl-f85df494-bc24-4745-9cc1-2be7fe2eb31a/datanode-1/data/ratis] (custom)
2019-09-29 11:44:33,196 [pool-127-thread-1] INFO  storage.RaftStorageDirectory (RaftStorageDirectory.java:analyzeStorage(246)) - The storage directory /workdir/hadoop-ozone/integration-test/target/test-dir/MiniOzoneClusterImpl-f85df494-bc24-4745-9cc1-2be7fe2eb31a/datanode-0/data/ratis/00105b33-041f-447c-9348-add4b9c1c873 does not exist. Creating ...
2019-09-29 11:44:33,196 [pool-137-thread-1] INFO  storage.RaftStorageDirectory (RaftStorageDirectory.java:analyzeStorage(246)) - The storage directory /workdir/hadoop-ozone/integration-test/target/test-dir/MiniOzoneClusterImpl-f85df494-bc24-4745-9cc1-2be7fe2eb31a/datanode-1/data/ratis/00105b33-041f-447c-9348-add4b9c1c873 does not exist. Creating ...
2019-09-29 11:44:33,218 [pool-127-thread-1] INFO  storage.RaftStorageDirectory (RaftStorageDirectory.java:tryLock(328)) - Lock on /workdir/hadoop-ozone/integration-test/target/test-dir/MiniOzoneClusterImpl-f85df494-bc24-4745-9cc1-2be7fe2eb31a/datanode-0/data/ratis/00105b33-041f-447c-9348-add4b9c1c873/in_use.lock acquired by nodename 15611@pr-hdds-1569-lsfh5-224679870
2019-09-29 11:44:33,218 [pool-137-thread-1] INFO  storage.RaftStorageDirectory (RaftStorageDirectory.java:tryLock(328)) - Lock on /workdir/hadoop-ozone/integration-test/target/test-dir/MiniOzoneClusterImpl-f85df494-bc24-4745-9cc1-2be7fe2eb31a/datanode-1/data/ratis/00105b33-041f-447c-9348-add4b9c1c873/in_use.lock acquired by nodename 15611@pr-hdds-1569-lsfh5-224679870
2019-09-29 11:44:33,218 [pool-147-thread-1] INFO  storage.RaftStorageDirectory (RaftStorageDirectory.java:tryLock(328)) - Lock on /workdir/hadoop-ozone/integration-test/target/test-dir/MiniOzoneClusterImpl-f85df494-bc24-4745-9cc1-2be7fe2eb31a/datanode-2/data/ratis/00105b33-041f-447c-9348-add4b9c1c873/in_use.lock acquired by nodename 15611@pr-hdds-1569-lsfh5-224679870
2019-09-29 11:44:33,243 [pool-137-thread-1] INFO  storage.RaftStorage (RaftStorage.java:format(72)) - Storage directory /workdir/hadoop-ozone/integration-test/target/test-dir/MiniOzoneClusterImpl-f85df494-bc24-4745-9cc1-2be7fe2eb31a/datanode-1/data/ratis/00105b33-041f-447c-9348-add4b9c1c873 has been successfully formatted.
2019-09-29 11:44:33,243 [pool-147-thread-1] INFO  storage.RaftStorage (RaftStorage.java:format(72)) - Storage directory /workdir/hadoop-ozone/integration-test/target/test-dir/MiniOzoneClusterImpl-f85df494-bc24-4745-9cc1-2be7fe2eb31a/datanode-2/data/ratis/00105b33-041f-447c-9348-add4b9c1c873 has been successfully formatted.
2019-09-29 11:44:33,243 [pool-127-thread-1] INFO  storage.RaftStorage (RaftStorage.java:format(72)) - Storage directory /workdir/hadoop-ozone/integration-test/target/test-dir/MiniOzoneClusterImpl-f85df494-bc24-4745-9cc1-2be7fe2eb31a/datanode-0/data/ratis/00105b33-041f-447c-9348-add4b9c1c873 has been successfully formatted.
2019-09-29 11:44:33,244 [pool-137-thread-1] INFO  ratis.ContainerStateMachine (ContainerStateMachine.java:loadSnapshot(230)) - group-ADD4B9C1C873: The snapshot info is null. Setting the last applied indexto:(t:0, i:~)
2019-09-29 11:44:33,244 [pool-147-thread-1] INFO  ratis.ContainerStateMachine (ContainerStateMachine.java:loadSnapshot(230)) - group-ADD4B9C1C873: The snapshot info is null. Setting the last applied indexto:(t:0, i:~)
2019-09-29 11:44:33,244 [pool-137-thread-1] INFO  server.RaftServerConfigKeys (ConfUtils.java:logGet(43)) - raft.server.notification.no-leader.timeout = 120s (custom)
2019-09-29 11:44:33,244 [pool-127-thread-1] INFO  ratis.ContainerStateMachine (ContainerStateMachine.java:loadSnapshot(230)) - group-ADD4B9C1C873: The snapshot info is null. Setting the last applied indexto:(t:0, i:~)
2019-09-29 11:44:33,244 [pool-137-thread-1] INFO  server.RaftServerConfigKeys (ConfUtils.java:logGet(43)) - raft.server.log.use.memory = false (default)
2019-09-29 11:44:33,244 [pool-147-thread-1] INFO  server.RaftServerConfigKeys (ConfUtils.java:logGet(43)) - raft.server.notification.no-leader.timeout = 120s (custom)
2019-09-29 11:44:33,245 [pool-137-thread-1] INFO  server.RaftServerConfigKeys (ConfUtils.java:logGet(43)) - raft.server.log.purge.gap = 1000000 (custom)
2019-09-29 11:44:33,245 [pool-127-thread-1] INFO  server.RaftServerConfigKeys (ConfUtils.java:logGet(43)) - raft.server.notification.no-leader.timeout = 120s (custom)
2019-09-29 11:44:33,245 [pool-137-thread-1] INFO  server.RaftServerConfigKeys (ConfUtils.java:logGet(43)) - raft.server.log.appender.buffer.byte-limit = 33554432 (custom)
2019-09-29 11:44:33,245 [pool-147-thread-1] INFO  server.RaftServerConfigKeys (ConfUtils.java:logGet(43)) - raft.server.log.use.memory = false (default)
2019-09-29 11:44:33,246 [pool-137-thread-1] INFO  server.RaftServerConfigKeys (ConfUtils.java:logGet(43)) - raft.server.log.segment.size.max = 1048576 (custom)
2019-09-29 11:44:33,245 [pool-127-thread-1] INFO  server.RaftServerConfigKeys (ConfUtils.java:logGet(43)) - raft.server.log.use.memory = false (default)
2019-09-29 11:44:33,246 [pool-137-thread-1] INFO  server.RaftServerConfigKeys (ConfUtils.java:logGet(43)) - raft.server.log.segment.cache.num.max = 2 (custom)
2019-09-29 11:44:33,246 [pool-147-thread-1] INFO  server.RaftServerConfigKeys (ConfUtils.java:logGet(43)) - raft.server.log.purge.gap = 1000000 (custom)
2019-09-29 11:44:33,246 [pool-137-thread-1] INFO  segmented.SegmentedRaftLogWorker (SegmentedRaftLogWorker.java:<init>(172)) - new 53f715b3-55a1-45fa-b787-d79dd980c516@group-ADD4B9C1C873-SegmentedRaftLogWorker for RaftStorage:Storage Directory /workdir/hadoop-ozone/integration-test/target/test-dir/MiniOzoneClusterImpl-f85df494-bc24-4745-9cc1-2be7fe2eb31a/datanode-1/data/ratis/00105b33-041f-447c-9348-add4b9c1c873
2019-09-29 11:44:33,246 [pool-127-thread-1] INFO  server.RaftServerConfigKeys (ConfUtils.java:logGet(43)) - raft.server.log.purge.gap = 1000000 (custom)
2019-09-29 11:44:33,247 [pool-137-thread-1] INFO  server.RaftServerConfigKeys (ConfUtils.java:logGet(43)) - raft.server.log.queue.byte-limit = 2147483647 (custom)
2019-09-29 11:44:33,246 [pool-147-thread-1] INFO  server.RaftServerConfigKeys (ConfUtils.java:logGet(43)) - raft.server.log.appender.buffer.byte-limit = 33554432 (custom)
2019-09-29 11:44:33,247 [pool-137-thread-1] INFO  server.RaftServerConfigKeys (ConfUtils.java:logGet(43)) - raft.server.log.queue.element-limit = 1024 (custom)
2019-09-29 11:44:33,247 [pool-127-thread-1] INFO  server.RaftServerConfigKeys (ConfUtils.java:logGet(43)) - raft.server.log.appender.buffer.byte-limit = 33554432 (custom)
2019-09-29 11:44:33,247 [pool-137-thread-1] INFO  server.RaftServerConfigKeys (ConfUtils.java:logGet(43)) - raft.server.log.segment.size.max = 1048576 (custom)
2019-09-29 11:44:33,247 [pool-147-thread-1] INFO  server.RaftServerConfigKeys (ConfUtils.java:logGet(43)) - raft.server.log.segment.size.max = 1048576 (custom)
2019-09-29 11:44:33,248 [pool-137-thread-1] INFO  server.RaftServerConfigKeys (ConfUtils.java:logGet(43)) - raft.server.log.preallocated.size = 16384 (custom)
2019-09-29 11:44:33,247 [pool-127-thread-1] INFO  server.RaftServerConfigKeys (ConfUtils.java:logGet(43)) - raft.server.log.segment.size.max = 1048576 (custom)
2019-09-29 11:44:33,248 [pool-137-thread-1] INFO  server.RaftServerConfigKeys (ConfUtils.java:logGet(43)) - raft.server.log.write.buffer.size = 33554432 (custom)
2019-09-29 11:44:33,248 [pool-147-thread-1] INFO  server.RaftServerConfigKeys (ConfUtils.java:logGet(43)) - raft.server.log.segment.cache.num.max = 2 (custom)
2019-09-29 11:44:33,248 [pool-137-thread-1] INFO  server.RaftServerConfigKeys (ConfUtils.java:logGet(43)) - raft.server.log.force.sync.num = 128 (default)
2019-09-29 11:44:33,248 [pool-127-thread-1] INFO  server.RaftServerConfigKeys (ConfUtils.java:logGet(43)) - raft.server.log.segment.cache.num.max = 2 (custom)
2019-09-29 11:44:33,249 [pool-137-thread-1] INFO  server.RaftServerConfigKeys (ConfUtils.java:logGet(43)) - raft.server.log.statemachine.data.sync = true (default)
2019-09-29 11:44:33,248 [pool-147-thread-1] INFO  segmented.SegmentedRaftLogWorker (SegmentedRaftLogWorker.java:<init>(172)) - new aaa5c692-9016-4656-9306-cdc445513dc5@group-ADD4B9C1C873-SegmentedRaftLogWorker for RaftStorage:Storage Directory /workdir/hadoop-ozone/integration-test/target/test-dir/MiniOzoneClusterImpl-f85df494-bc24-4745-9cc1-2be7fe2eb31a/datanode-2/data/ratis/00105b33-041f-447c-9348-add4b9c1c873
2019-09-29 11:44:33,249 [pool-137-thread-1] INFO  server.RaftServerConfigKeys (ConfUtils.java:logGet(43)) - raft.server.log.statemachine.data.sync.timeout = 10s (default)
2019-09-29 11:44:33,249 [pool-137-thread-1] INFO  server.RaftServerConfigKeys (ConfUtils.java:logGet(43)) - raft.server.log.statemachine.data.sync.timeout.retry = -1 (default)
2019-09-29 11:44:33,249 [pool-127-thread-1] INFO  segmented.SegmentedRaftLogWorker (SegmentedRaftLogWorker.java:<init>(172)) - new ebf51826-b858-4785-b052-bdc821d89ef7@group-ADD4B9C1C873-SegmentedRaftLogWorker for RaftStorage:Storage Directory /workdir/hadoop-ozone/integration-test/target/test-dir/MiniOzoneClusterImpl-f85df494-bc24-4745-9cc1-2be7fe2eb31a/datanode-0/data/ratis/00105b33-041f-447c-9348-add4b9c1c873
2019-09-29 11:44:33,250 [pool-137-thread-1] INFO  server.RaftServerConfigKeys (ConfUtils.java:logGet(43)) - raft.server.log.statemachine.data.caching.enabled = true (custom)
2019-09-29 11:44:33,249 [pool-147-thread-1] INFO  server.RaftServerConfigKeys (ConfUtils.java:logGet(43)) - raft.server.log.queue.byte-limit = 2147483647 (custom)
2019-09-29 11:44:33,250 [pool-127-thread-1] INFO  server.RaftServerConfigKeys (ConfUtils.java:logGet(43)) - raft.server.log.queue.byte-limit = 2147483647 (custom)
2019-09-29 11:44:33,250 [pool-147-thread-1] INFO  server.RaftServerConfigKeys (ConfUtils.java:logGet(43)) - raft.server.log.queue.element-limit = 1024 (custom)
2019-09-29 11:44:33,250 [pool-137-thread-1] INFO  segmented.SegmentedRaftLogWorker (SegmentedRaftLogWorker.java:lambda$new$0(132)) - 53f715b3-55a1-45fa-b787-d79dd980c516@group-ADD4B9C1C873-SegmentedRaftLogWorker: flushIndex: setUnconditionally 0 -> -1
2019-09-29 11:44:33,250 [pool-147-thread-1] INFO  server.RaftServerConfigKeys (ConfUtils.java:logGet(43)) - raft.server.log.segment.size.max = 1048576 (custom)
2019-09-29 11:44:33,250 [pool-127-thread-1] INFO  server.RaftServerConfigKeys (ConfUtils.java:logGet(43)) - raft.server.log.queue.element-limit = 1024 (custom)
2019-09-29 11:44:33,251 [pool-147-thread-1] INFO  server.RaftServerConfigKeys (ConfUtils.java:logGet(43)) - raft.server.log.preallocated.size = 16384 (custom)
2019-09-29 11:44:33,251 [pool-137-thread-1] INFO  server.RaftServerConfigKeys (ConfUtils.java:logGet(43)) - raft.server.snapshot.auto.trigger.enabled = true (custom)
2019-09-29 11:44:33,251 [pool-147-thread-1] INFO  server.RaftServerConfigKeys (ConfUtils.java:logGet(43)) - raft.server.log.write.buffer.size = 33554432 (custom)
2019-09-29 11:44:33,251 [pool-147-thread-1] INFO  server.RaftServerConfigKeys (ConfUtils.java:logGet(43)) - raft.server.log.force.sync.num = 128 (default)
2019-09-29 11:44:33,251 [pool-127-thread-1] INFO  server.RaftServerConfigKeys (ConfUtils.java:logGet(43)) - raft.server.log.segment.size.max = 1048576 (custom)
2019-09-29 11:44:33,252 [pool-147-thread-1] INFO  server.RaftServerConfigKeys (ConfUtils.java:logGet(43)) - raft.server.log.statemachine.data.sync = true (default)
2019-09-29 11:44:33,251 [pool-137-thread-1] INFO  server.RaftServerConfigKeys (ConfUtils.java:logGet(43)) - raft.server.snapshot.auto.trigger.threshold = 10000 (custom)
2019-09-29 11:44:33,252 [pool-147-thread-1] INFO  server.RaftServerConfigKeys (ConfUtils.java:logGet(43)) - raft.server.log.statemachine.data.sync.timeout = 10s (default)
2019-09-29 11:44:33,252 [pool-127-thread-1] INFO  server.RaftServerConfigKeys (ConfUtils.java:logGet(43)) - raft.server.log.preallocated.size = 16384 (custom)
2019-09-29 11:44:33,252 [pool-147-thread-1] INFO  server.RaftServerConfigKeys (ConfUtils.java:logGet(43)) - raft.server.log.statemachine.data.sync.timeout.retry = -1 (default)
2019-09-29 11:44:33,252 [pool-137-thread-1] INFO  server.RaftServerConfigKeys (ConfUtils.java:logGet(43)) - raft.server.snapshot.retention.num.files = 5 (custom)
2019-09-29 11:44:33,253 [pool-147-thread-1] INFO  server.RaftServerConfigKeys (ConfUtils.java:logGet(43)) - raft.server.log.statemachine.data.caching.enabled = true (custom)
2019-09-29 11:44:33,253 [pool-127-thread-1] INFO  server.RaftServerConfigKeys (ConfUtils.java:logGet(43)) - raft.server.log.write.buffer.size = 33554432 (custom)
2019-09-29 11:44:33,253 [pool-137-thread-1] INFO  server.RaftServerConfigKeys (ConfUtils.java:logGet(43)) - raft.server.retrycache.expirytime = 600000ms (custom)
2019-09-29 11:44:33,253 [pool-127-thread-1] INFO  server.RaftServerConfigKeys (ConfUtils.java:logGet(43)) - raft.server.log.force.sync.num = 128 (default)
2019-09-29 11:44:33,253 [pool-147-thread-1] INFO  segmented.SegmentedRaftLogWorker (SegmentedRaftLogWorker.java:lambda$new$0(132)) - aaa5c692-9016-4656-9306-cdc445513dc5@group-ADD4B9C1C873-SegmentedRaftLogWorker: flushIndex: setUnconditionally 0 -> -1
2019-09-29 11:44:33,254 [pool-127-thread-1] INFO  server.RaftServerConfigKeys (ConfUtils.java:logGet(43)) - raft.server.log.statemachine.data.sync = true (default)
2019-09-29 11:44:33,254 [pool-147-thread-1] INFO  server.RaftServerConfigKeys (ConfUtils.java:logGet(43)) - raft.server.snapshot.auto.trigger.enabled = true (custom)
2019-09-29 11:44:33,254 [pool-127-thread-1] INFO  server.RaftServerConfigKeys (ConfUtils.java:logGet(43)) - raft.server.log.statemachine.data.sync.timeout = 10s (default)
2019-09-29 11:44:33,255 [pool-147-thread-1] INFO  server.RaftServerConfigKeys (ConfUtils.java:logGet(43)) - raft.server.snapshot.auto.trigger.threshold = 10000 (custom)
2019-09-29 11:44:33,255 [pool-127-thread-1] INFO  server.RaftServerConfigKeys (ConfUtils.java:logGet(43)) - raft.server.log.statemachine.data.sync.timeout.retry = -1 (default)
2019-09-29 11:44:33,255 [pool-147-thread-1] INFO  server.RaftServerConfigKeys (ConfUtils.java:logGet(43)) - raft.server.snapshot.retention.num.files = 5 (custom)
2019-09-29 11:44:33,255 [pool-127-thread-1] INFO  server.RaftServerConfigKeys (ConfUtils.java:logGet(43)) - raft.server.log.statemachine.data.caching.enabled = true (custom)
2019-09-29 11:44:33,255 [pool-147-thread-1] INFO  server.RaftServerConfigKeys (ConfUtils.java:logGet(43)) - raft.server.retrycache.expirytime = 600000ms (custom)
2019-09-29 11:44:33,256 [pool-127-thread-1] INFO  segmented.SegmentedRaftLogWorker (SegmentedRaftLogWorker.java:lambda$new$0(132)) - ebf51826-b858-4785-b052-bdc821d89ef7@group-ADD4B9C1C873-SegmentedRaftLogWorker: flushIndex: setUnconditionally 0 -> -1
2019-09-29 11:44:33,256 [pool-127-thread-1] INFO  server.RaftServerConfigKeys (ConfUtils.java:logGet(43)) - raft.server.snapshot.auto.trigger.enabled = true (custom)
2019-09-29 11:44:33,256 [pool-127-thread-1] INFO  server.RaftServerConfigKeys (ConfUtils.java:logGet(43)) - raft.server.snapshot.auto.trigger.threshold = 10000 (custom)
2019-09-29 11:44:33,257 [pool-127-thread-1] INFO  server.RaftServerConfigKeys (ConfUtils.java:logGet(43)) - raft.server.snapshot.retention.num.files = 5 (custom)
2019-09-29 11:44:33,257 [pool-127-thread-1] INFO  server.RaftServerConfigKeys (ConfUtils.java:logGet(43)) - raft.server.retrycache.expirytime = 600000ms (custom)
2019-09-29 11:44:33,258 [pool-137-thread-1] INFO  impl.RaftServerImpl (RaftServerImpl.java:start(185)) - 53f715b3-55a1-45fa-b787-d79dd980c516@group-ADD4B9C1C873: start as a follower, conf=-1: [ebf51826-b858-4785-b052-bdc821d89ef7:192.168.30.19:44511, aaa5c692-9016-4656-9306-cdc445513dc5:192.168.30.19:34286, 53f715b3-55a1-45fa-b787-d79dd980c516:192.168.30.19:44952], old=null
2019-09-29 11:44:33,258 [pool-137-thread-1] INFO  impl.RaftServerImpl (RaftServerImpl.java:setRole(174)) - 53f715b3-55a1-45fa-b787-d79dd980c516@group-ADD4B9C1C873: changes role from      null to FOLLOWER at term 0 for startAsFollower
2019-09-29 11:44:33,258 [pool-137-thread-1] INFO  impl.RoleInfo (RoleInfo.java:updateAndGet(143)) - 53f715b3-55a1-45fa-b787-d79dd980c516: start FollowerState
2019-09-29 11:44:33,259 [pool-137-thread-1] INFO  util.JmxRegister (JmxRegister.java:tryRegister(44)) - Successfully registered JMX Bean with object name Ratis:service=RaftServer,group=group-ADD4B9C1C873,id=53f715b3-55a1-45fa-b787-d79dd980c516
2019-09-29 11:44:33,263 [pool-147-thread-1] INFO  impl.RaftServerImpl (RaftServerImpl.java:start(185)) - aaa5c692-9016-4656-9306-cdc445513dc5@group-ADD4B9C1C873: start as a follower, conf=-1: [ebf51826-b858-4785-b052-bdc821d89ef7:192.168.30.19:44511, aaa5c692-9016-4656-9306-cdc445513dc5:192.168.30.19:34286, 53f715b3-55a1-45fa-b787-d79dd980c516:192.168.30.19:44952], old=null
2019-09-29 11:44:33,263 [pool-147-thread-1] INFO  impl.RaftServerImpl (RaftServerImpl.java:setRole(174)) - aaa5c692-9016-4656-9306-cdc445513dc5@group-ADD4B9C1C873: changes role from      null to FOLLOWER at term 0 for startAsFollower
2019-09-29 11:44:33,263 [pool-147-thread-1] INFO  impl.RoleInfo (RoleInfo.java:updateAndGet(143)) - aaa5c692-9016-4656-9306-cdc445513dc5: start FollowerState
2019-09-29 11:44:33,264 [pool-127-thread-1] INFO  impl.RaftServerImpl (RaftServerImpl.java:start(185)) - ebf51826-b858-4785-b052-bdc821d89ef7@group-ADD4B9C1C873: start as a follower, conf=-1: [ebf51826-b858-4785-b052-bdc821d89ef7:192.168.30.19:44511, aaa5c692-9016-4656-9306-cdc445513dc5:192.168.30.19:34286, 53f715b3-55a1-45fa-b787-d79dd980c516:192.168.30.19:44952], old=null
2019-09-29 11:44:33,264 [pool-127-thread-1] INFO  impl.RaftServerImpl (RaftServerImpl.java:setRole(174)) - ebf51826-b858-4785-b052-bdc821d89ef7@group-ADD4B9C1C873: changes role from      null to FOLLOWER at term 0 for startAsFollower
2019-09-29 11:44:33,264 [pool-147-thread-1] INFO  util.JmxRegister (JmxRegister.java:tryRegister(44)) - Successfully registered JMX Bean with object name Ratis:service=RaftServer,group=group-ADD4B9C1C873,id=aaa5c692-9016-4656-9306-cdc445513dc5
2019-09-29 11:44:33,264 [pool-127-thread-1] INFO  impl.RoleInfo (RoleInfo.java:updateAndGet(143)) - ebf51826-b858-4785-b052-bdc821d89ef7: start FollowerState
2019-09-29 11:44:33,264 [pool-127-thread-1] INFO  util.JmxRegister (JmxRegister.java:tryRegister(44)) - Successfully registered JMX Bean with object name Ratis:service=RaftServer,group=group-ADD4B9C1C873,id=ebf51826-b858-4785-b052-bdc821d89ef7
2019-09-29 11:44:33,271 [RatisPipelineUtilsThread] INFO  pipeline.PipelineStateManager (PipelineStateManager.java:addPipeline(56)) - Created pipeline Pipeline[ Id: 00105b33-041f-447c-9348-add4b9c1c873, Nodes: ebf51826-b858-4785-b052-bdc821d89ef7{ip: 192.168.30.19, host: pr-hdds-1569-lsfh5-224679870, networkLocation: /default-rack, certSerialId: null}53f715b3-55a1-45fa-b787-d79dd980c516{ip: 192.168.30.19, host: pr-hdds-1569-lsfh5-224679870, networkLocation: /default-rack, certSerialId: null}aaa5c692-9016-4656-9306-cdc445513dc5{ip: 192.168.30.19, host: pr-hdds-1569-lsfh5-224679870, networkLocation: /default-rack, certSerialId: null}, Type:RATIS, Factor:THREE, State:OPEN]
2019-09-29 11:44:33,279 [grpc-default-executor-1] INFO  impl.RaftServerProxy (RaftServerProxy.java:addNew(89)) - aaa5c692-9016-4656-9306-cdc445513dc5: addNew group-018675EF265E:[ebf51826-b858-4785-b052-bdc821d89ef7:192.168.30.19:44511, aaa5c692-9016-4656-9306-cdc445513dc5:192.168.30.19:34286, 53f715b3-55a1-45fa-b787-d79dd980c516:192.168.30.19:44952] returns group-018675EF265E:java.util.concurrent.CompletableFuture@489b0791[Not completed]
2019-09-29 11:44:33,280 [grpc-default-executor-2] INFO  impl.RaftServerProxy (RaftServerProxy.java:addNew(89)) - ebf51826-b858-4785-b052-bdc821d89ef7: addNew group-018675EF265E:[ebf51826-b858-4785-b052-bdc821d89ef7:192.168.30.19:44511, aaa5c692-9016-4656-9306-cdc445513dc5:192.168.30.19:34286, 53f715b3-55a1-45fa-b787-d79dd980c516:192.168.30.19:44952] returns group-018675EF265E:java.util.concurrent.CompletableFuture@591fbd65[Not completed]
2019-09-29 11:44:33,281 [grpc-default-executor-0] INFO  impl.RaftServerProxy (RaftServerProxy.java:addNew(89)) - 53f715b3-55a1-45fa-b787-d79dd980c516: addNew group-018675EF265E:[ebf51826-b858-4785-b052-bdc821d89ef7:192.168.30.19:44511, aaa5c692-9016-4656-9306-cdc445513dc5:192.168.30.19:34286, 53f715b3-55a1-45fa-b787-d79dd980c516:192.168.30.19:44952] returns group-018675EF265E:java.util.concurrent.CompletableFuture@7162c8a0[Not completed]
2019-09-29 11:44:33,282 [pool-147-thread-1] INFO  impl.RaftServerImpl (RaftServerImpl.java:<init>(95)) - aaa5c692-9016-4656-9306-cdc445513dc5: new RaftServerImpl for group-018675EF265E:[ebf51826-b858-4785-b052-bdc821d89ef7:192.168.30.19:44511, aaa5c692-9016-4656-9306-cdc445513dc5:192.168.30.19:34286, 53f715b3-55a1-45fa-b787-d79dd980c516:192.168.30.19:44952] with ContainerStateMachine:uninitialized
2019-09-29 11:44:33,283 [pool-147-thread-1] INFO  server.RaftServerConfigKeys (ConfUtils.java:logGet(43)) - raft.server.rpc.timeout.min = 5s (custom)
2019-09-29 11:44:33,283 [pool-147-thread-1] INFO  server.RaftServerConfigKeys (ConfUtils.java:logGet(43)) - raft.server.rpc.timeout.max = 5200ms (custom)
2019-09-29 11:44:33,283 [pool-147-thread-1] INFO  server.RaftServerConfigKeys (ConfUtils.java:logGet(43)) - raft.server.rpcslowness.timeout = 120s (custom)
2019-09-29 11:44:33,283 [pool-147-thread-1] INFO  server.RaftServerConfigKeys (ConfUtils.java:logGet(43)) - raft.server.sleep.deviation.threshold = 300 (default)
2019-09-29 11:44:33,283 [pool-147-thread-1] INFO  server.RaftServerConfigKeys (ConfUtils.java:logGet(43)) - raft.server.log.appender.install.snapshot.enabled = false (custom)
2019-09-29 11:44:33,283 [pool-137-thread-1] INFO  impl.RaftServerImpl (RaftServerImpl.java:<init>(95)) - 53f715b3-55a1-45fa-b787-d79dd980c516: new RaftServerImpl for group-018675EF265E:[ebf51826-b858-4785-b052-bdc821d89ef7:192.168.30.19:44511, aaa5c692-9016-4656-9306-cdc445513dc5:192.168.30.19:34286, 53f715b3-55a1-45fa-b787-d79dd980c516:192.168.30.19:44952] with ContainerStateMachine:uninitialized
2019-09-29 11:44:33,283 [pool-147-thread-1] INFO  impl.RaftServerImpl (ServerState.java:<init>(103)) - aaa5c692-9016-4656-9306-cdc445513dc5@group-018675EF265E: ConfigurationManager, init=-1: [ebf51826-b858-4785-b052-bdc821d89ef7:192.168.30.19:44511, aaa5c692-9016-4656-9306-cdc445513dc5:192.168.30.19:34286, 53f715b3-55a1-45fa-b787-d79dd980c516:192.168.30.19:44952], old=null, confs=<EMPTY_MAP>
2019-09-29 11:44:33,284 [pool-137-thread-1] INFO  server.RaftServerConfigKeys (ConfUtils.java:logGet(43)) - raft.server.rpc.timeout.min = 5s (custom)
2019-09-29 11:44:33,284 [pool-147-thread-1] INFO  server.RaftServerConfigKeys (ConfUtils.java:logGet(43)) - raft.server.storage.dir = [/workdir/hadoop-ozone/integration-test/target/test-dir/MiniOzoneClusterImpl-f85df494-bc24-4745-9cc1-2be7fe2eb31a/datanode-2/data/ratis] (custom)
2019-09-29 11:44:33,284 [pool-137-thread-1] INFO  server.RaftServerConfigKeys (ConfUtils.java:logGet(43)) - raft.server.rpc.timeout.max = 5200ms (custom)
2019-09-29 11:44:33,284 [pool-127-thread-1] INFO  impl.RaftServerImpl (RaftServerImpl.java:<init>(95)) - ebf51826-b858-4785-b052-bdc821d89ef7: new RaftServerImpl for group-018675EF265E:[ebf51826-b858-4785-b052-bdc821d89ef7:192.168.30.19:44511, aaa5c692-9016-4656-9306-cdc445513dc5:192.168.30.19:34286, 53f715b3-55a1-45fa-b787-d79dd980c516:192.168.30.19:44952] with ContainerStateMachine:uninitialized
2019-09-29 11:44:33,284 [pool-137-thread-1] INFO  server.RaftServerConfigKeys (ConfUtils.java:logGet(43)) - raft.server.rpcslowness.timeout = 120s (custom)
2019-09-29 11:44:33,284 [pool-127-thread-1] INFO  server.RaftServerConfigKeys (ConfUtils.java:logGet(43)) - raft.server.rpc.timeout.min = 5s (custom)
2019-09-29 11:44:33,284 [pool-147-thread-1] INFO  storage.RaftStorageDirectory (RaftStorageDirectory.java:analyzeStorage(246)) - The storage directory /workdir/hadoop-ozone/integration-test/target/test-dir/MiniOzoneClusterImpl-f85df494-bc24-4745-9cc1-2be7fe2eb31a/datanode-2/data/ratis/97954c7b-b11b-4426-a002-018675ef265e does not exist. Creating ...
2019-09-29 11:44:33,285 [pool-127-thread-1] INFO  server.RaftServerConfigKeys (ConfUtils.java:logGet(43)) - raft.server.rpc.timeout.max = 5200ms (custom)
2019-09-29 11:44:33,284 [pool-137-thread-1] INFO  server.RaftServerConfigKeys (ConfUtils.java:logGet(43)) - raft.server.sleep.deviation.threshold = 300 (default)
2019-09-29 11:44:33,285 [pool-127-thread-1] INFO  server.RaftServerConfigKeys (ConfUtils.java:logGet(43)) - raft.server.rpcslowness.timeout = 120s (custom)
2019-09-29 11:44:33,285 [pool-137-thread-1] INFO  server.RaftServerConfigKeys (ConfUtils.java:logGet(43)) - raft.server.log.appender.install.snapshot.enabled = false (custom)
2019-09-29 11:44:33,285 [pool-127-thread-1] INFO  server.RaftServerConfigKeys (ConfUtils.java:logGet(43)) - raft.server.sleep.deviation.threshold = 300 (default)
2019-09-29 11:44:33,285 [pool-137-thread-1] INFO  impl.RaftServerImpl (ServerState.java:<init>(103)) - 53f715b3-55a1-45fa-b787-d79dd980c516@group-018675EF265E: ConfigurationManager, init=-1: [ebf51826-b858-4785-b052-bdc821d89ef7:192.168.30.19:44511, aaa5c692-9016-4656-9306-cdc445513dc5:192.168.30.19:34286, 53f715b3-55a1-45fa-b787-d79dd980c516:192.168.30.19:44952], old=null, confs=<EMPTY_MAP>
2019-09-29 11:44:33,285 [pool-127-thread-1] INFO  server.RaftServerConfigKeys (ConfUtils.java:logGet(43)) - raft.server.log.appender.install.snapshot.enabled = false (custom)
2019-09-29 11:44:33,285 [pool-137-thread-1] INFO  server.RaftServerConfigKeys (ConfUtils.java:logGet(43)) - raft.server.storage.dir = [/workdir/hadoop-ozone/integration-test/target/test-dir/MiniOzoneClusterImpl-f85df494-bc24-4745-9cc1-2be7fe2eb31a/datanode-1/data/ratis] (custom)
2019-09-29 11:44:33,286 [pool-127-thread-1] INFO  impl.RaftServerImpl (ServerState.java:<init>(103)) - ebf51826-b858-4785-b052-bdc821d89ef7@group-018675EF265E: ConfigurationManager, init=-1: [ebf51826-b858-4785-b052-bdc821d89ef7:192.168.30.19:44511, aaa5c692-9016-4656-9306-cdc445513dc5:192.168.30.19:34286, 53f715b3-55a1-45fa-b787-d79dd980c516:192.168.30.19:44952], old=null, confs=<EMPTY_MAP>
2019-09-29 11:44:33,286 [pool-127-thread-1] INFO  server.RaftServerConfigKeys (ConfUtils.java:logGet(43)) - raft.server.storage.dir = [/workdir/hadoop-ozone/integration-test/target/test-dir/MiniOzoneClusterImpl-f85df494-bc24-4745-9cc1-2be7fe2eb31a/datanode-0/data/ratis] (custom)
2019-09-29 11:44:33,286 [pool-137-thread-1] INFO  storage.RaftStorageDirectory (RaftStorageDirectory.java:analyzeStorage(246)) - The storage directory /workdir/hadoop-ozone/integration-test/target/test-dir/MiniOzoneClusterImpl-f85df494-bc24-4745-9cc1-2be7fe2eb31a/datanode-1/data/ratis/97954c7b-b11b-4426-a002-018675ef265e does not exist. Creating ...
2019-09-29 11:44:33,286 [pool-127-thread-1] INFO  storage.RaftStorageDirectory (RaftStorageDirectory.java:analyzeStorage(246)) - The storage directory /workdir/hadoop-ozone/integration-test/target/test-dir/MiniOzoneClusterImpl-f85df494-bc24-4745-9cc1-2be7fe2eb31a/datanode-0/data/ratis/97954c7b-b11b-4426-a002-018675ef265e does not exist. Creating ...
2019-09-29 11:44:33,311 [pool-137-thread-1] INFO  storage.RaftStorageDirectory (RaftStorageDirectory.java:tryLock(328)) - Lock on /workdir/hadoop-ozone/integration-test/target/test-dir/MiniOzoneClusterImpl-f85df494-bc24-4745-9cc1-2be7fe2eb31a/datanode-1/data/ratis/97954c7b-b11b-4426-a002-018675ef265e/in_use.lock acquired by nodename 15611@pr-hdds-1569-lsfh5-224679870
2019-09-29 11:44:33,311 [pool-127-thread-1] INFO  storage.RaftStorageDirectory (RaftStorageDirectory.java:tryLock(328)) - Lock on /workdir/hadoop-ozone/integration-test/target/test-dir/MiniOzoneClusterImpl-f85df494-bc24-4745-9cc1-2be7fe2eb31a/datanode-0/data/ratis/97954c7b-b11b-4426-a002-018675ef265e/in_use.lock acquired by nodename 15611@pr-hdds-1569-lsfh5-224679870
2019-09-29 11:44:33,311 [pool-147-thread-1] INFO  storage.RaftStorageDirectory (RaftStorageDirectory.java:tryLock(328)) - Lock on /workdir/hadoop-ozone/integration-test/target/test-dir/MiniOzoneClusterImpl-f85df494-bc24-4745-9cc1-2be7fe2eb31a/datanode-2/data/ratis/97954c7b-b11b-4426-a002-018675ef265e/in_use.lock acquired by nodename 15611@pr-hdds-1569-lsfh5-224679870
2019-09-29 11:44:33,337 [pool-127-thread-1] INFO  storage.RaftStorage (RaftStorage.java:format(72)) - Storage directory /workdir/hadoop-ozone/integration-test/target/test-dir/MiniOzoneClusterImpl-f85df494-bc24-4745-9cc1-2be7fe2eb31a/datanode-0/data/ratis/97954c7b-b11b-4426-a002-018675ef265e has been successfully formatted.
2019-09-29 11:44:33,337 [pool-147-thread-1] INFO  storage.RaftStorage (RaftStorage.java:format(72)) - Storage directory /workdir/hadoop-ozone/integration-test/target/test-dir/MiniOzoneClusterImpl-f85df494-bc24-4745-9cc1-2be7fe2eb31a/datanode-2/data/ratis/97954c7b-b11b-4426-a002-018675ef265e has been successfully formatted.
2019-09-29 11:44:33,337 [pool-137-thread-1] INFO  storage.RaftStorage (RaftStorage.java:format(72)) - Storage directory /workdir/hadoop-ozone/integration-test/target/test-dir/MiniOzoneClusterImpl-f85df494-bc24-4745-9cc1-2be7fe2eb31a/datanode-1/data/ratis/97954c7b-b11b-4426-a002-018675ef265e has been successfully formatted.
2019-09-29 11:44:33,337 [pool-147-thread-1] INFO  ratis.ContainerStateMachine (ContainerStateMachine.java:loadSnapshot(230)) - group-018675EF265E: The snapshot info is null. Setting the last applied indexto:(t:0, i:~)
2019-09-29 11:44:33,337 [pool-127-thread-1] INFO  ratis.ContainerStateMachine (ContainerStateMachine.java:loadSnapshot(230)) - group-018675EF265E: The snapshot info is null. Setting the last applied indexto:(t:0, i:~)
2019-09-29 11:44:33,338 [pool-147-thread-1] INFO  server.RaftServerConfigKeys (ConfUtils.java:logGet(43)) - raft.server.notification.no-leader.timeout = 120s (custom)
2019-09-29 11:44:33,338 [pool-137-thread-1] INFO  ratis.ContainerStateMachine (ContainerStateMachine.java:loadSnapshot(230)) - group-018675EF265E: The snapshot info is null. Setting the last applied indexto:(t:0, i:~)
2019-09-29 11:44:33,338 [pool-147-thread-1] INFO  server.RaftServerConfigKeys (ConfUtils.java:logGet(43)) - raft.server.log.use.memory = false (default)
2019-09-29 11:44:33,338 [pool-127-thread-1] INFO  server.RaftServerConfigKeys (ConfUtils.java:logGet(43)) - raft.server.notification.no-leader.timeout = 120s (custom)
2019-09-29 11:44:33,338 [pool-147-thread-1] INFO  server.RaftServerConfigKeys (ConfUtils.java:logGet(43)) - raft.server.log.purge.gap = 1000000 (custom)
2019-09-29 11:44:33,338 [pool-137-thread-1] INFO  server.RaftServerConfigKeys (ConfUtils.java:logGet(43)) - raft.server.notification.no-leader.timeout = 120s (custom)
2019-09-29 11:44:33,339 [pool-147-thread-1] INFO  server.RaftServerConfigKeys (ConfUtils.java:logGet(43)) - raft.server.log.appender.buffer.byte-limit = 33554432 (custom)
2019-09-29 11:44:33,338 [pool-127-thread-1] INFO  server.RaftServerConfigKeys (ConfUtils.java:logGet(43)) - raft.server.log.use.memory = false (default)
2019-09-29 11:44:33,339 [pool-147-thread-1] INFO  server.RaftServerConfigKeys (ConfUtils.java:logGet(43)) - raft.server.log.segment.size.max = 1048576 (custom)
2019-09-29 11:44:33,339 [pool-137-thread-1] INFO  server.RaftServerConfigKeys (ConfUtils.java:logGet(43)) - raft.server.log.use.memory = false (default)
2019-09-29 11:44:33,339 [pool-147-thread-1] INFO  server.RaftServerConfigKeys (ConfUtils.java:logGet(43)) - raft.server.log.segment.cache.num.max = 2 (custom)
2019-09-29 11:44:33,339 [pool-127-thread-1] INFO  server.RaftServerConfigKeys (ConfUtils.java:logGet(43)) - raft.server.log.purge.gap = 1000000 (custom)
2019-09-29 11:44:33,340 [pool-147-thread-1] INFO  segmented.SegmentedRaftLogWorker (SegmentedRaftLogWorker.java:<init>(172)) - new aaa5c692-9016-4656-9306-cdc445513dc5@group-018675EF265E-SegmentedRaftLogWorker for RaftStorage:Storage Directory /workdir/hadoop-ozone/integration-test/target/test-dir/MiniOzoneClusterImpl-f85df494-bc24-4745-9cc1-2be7fe2eb31a/datanode-2/data/ratis/97954c7b-b11b-4426-a002-018675ef265e
2019-09-29 11:44:33,339 [pool-137-thread-1] INFO  server.RaftServerConfigKeys (ConfUtils.java:logGet(43)) - raft.server.log.purge.gap = 1000000 (custom)
2019-09-29 11:44:33,340 [pool-147-thread-1] INFO  server.RaftServerConfigKeys (ConfUtils.java:logGet(43)) - raft.server.log.queue.byte-limit = 2147483647 (custom)
2019-09-29 11:44:33,340 [pool-147-thread-1] INFO  server.RaftServerConfigKeys (ConfUtils.java:logGet(43)) - raft.server.log.queue.element-limit = 1024 (custom)
2019-09-29 11:44:33,340 [pool-127-thread-1] INFO  server.RaftServerConfigKeys (ConfUtils.java:logGet(43)) - raft.server.log.appender.buffer.byte-limit = 33554432 (custom)
2019-09-29 11:44:33,340 [pool-147-thread-1] INFO  server.RaftServerConfigKeys (ConfUtils.java:logGet(43)) - raft.server.log.segment.size.max = 1048576 (custom)
2019-09-29 11:44:33,340 [pool-137-thread-1] INFO  server.RaftServerConfigKeys (ConfUtils.java:logGet(43)) - raft.server.log.appender.buffer.byte-limit = 33554432 (custom)
2019-09-29 11:44:33,341 [pool-147-thread-1] INFO  server.RaftServerConfigKeys (ConfUtils.java:logGet(43)) - raft.server.log.preallocated.size = 16384 (custom)
2019-09-29 11:44:33,341 [pool-127-thread-1] INFO  server.RaftServerConfigKeys (ConfUtils.java:logGet(43)) - raft.server.log.segment.size.max = 1048576 (custom)
2019-09-29 11:44:33,341 [pool-147-thread-1] INFO  server.RaftServerConfigKeys (ConfUtils.java:logGet(43)) - raft.server.log.write.buffer.size = 33554432 (custom)
2019-09-29 11:44:33,341 [pool-137-thread-1] INFO  server.RaftServerConfigKeys (ConfUtils.java:logGet(43)) - raft.server.log.segment.size.max = 1048576 (custom)
2019-09-29 11:44:33,341 [pool-147-thread-1] INFO  server.RaftServerConfigKeys (ConfUtils.java:logGet(43)) - raft.server.log.force.sync.num = 128 (default)
2019-09-29 11:44:33,341 [pool-127-thread-1] INFO  server.RaftServerConfigKeys (ConfUtils.java:logGet(43)) - raft.server.log.segment.cache.num.max = 2 (custom)
2019-09-29 11:44:33,342 [pool-147-thread-1] INFO  server.RaftServerConfigKeys (ConfUtils.java:logGet(43)) - raft.server.log.statemachine.data.sync = true (default)
2019-09-29 11:44:33,342 [pool-137-thread-1] INFO  server.RaftServerConfigKeys (ConfUtils.java:logGet(43)) - raft.server.log.segment.cache.num.max = 2 (custom)
2019-09-29 11:44:33,342 [pool-147-thread-1] INFO  server.RaftServerConfigKeys (ConfUtils.java:logGet(43)) - raft.server.log.statemachine.data.sync.timeout = 10s (default)
2019-09-29 11:44:33,342 [pool-127-thread-1] INFO  segmented.SegmentedRaftLogWorker (SegmentedRaftLogWorker.java:<init>(172)) - new ebf51826-b858-4785-b052-bdc821d89ef7@group-018675EF265E-SegmentedRaftLogWorker for RaftStorage:Storage Directory /workdir/hadoop-ozone/integration-test/target/test-dir/MiniOzoneClusterImpl-f85df494-bc24-4745-9cc1-2be7fe2eb31a/datanode-0/data/ratis/97954c7b-b11b-4426-a002-018675ef265e
2019-09-29 11:44:33,343 [pool-147-thread-1] INFO  server.RaftServerConfigKeys (ConfUtils.java:logGet(43)) - raft.server.log.statemachine.data.sync.timeout.retry = -1 (default)
2019-09-29 11:44:33,342 [pool-137-thread-1] INFO  segmented.SegmentedRaftLogWorker (SegmentedRaftLogWorker.java:<init>(172)) - new 53f715b3-55a1-45fa-b787-d79dd980c516@group-018675EF265E-SegmentedRaftLogWorker for RaftStorage:Storage Directory /workdir/hadoop-ozone/integration-test/target/test-dir/MiniOzoneClusterImpl-f85df494-bc24-4745-9cc1-2be7fe2eb31a/datanode-1/data/ratis/97954c7b-b11b-4426-a002-018675ef265e
2019-09-29 11:44:33,343 [pool-147-thread-1] INFO  server.RaftServerConfigKeys (ConfUtils.java:logGet(43)) - raft.server.log.statemachine.data.caching.enabled = true (custom)
2019-09-29 11:44:33,343 [pool-127-thread-1] INFO  server.RaftServerConfigKeys (ConfUtils.java:logGet(43)) - raft.server.log.queue.byte-limit = 2147483647 (custom)
2019-09-29 11:44:33,343 [pool-137-thread-1] INFO  server.RaftServerConfigKeys (ConfUtils.java:logGet(43)) - raft.server.log.queue.byte-limit = 2147483647 (custom)
2019-09-29 11:44:33,343 [pool-147-thread-1] INFO  segmented.SegmentedRaftLogWorker (SegmentedRaftLogWorker.java:lambda$new$0(132)) - aaa5c692-9016-4656-9306-cdc445513dc5@group-018675EF265E-SegmentedRaftLogWorker: flushIndex: setUnconditionally 0 -> -1
2019-09-29 11:44:33,343 [pool-127-thread-1] INFO  server.RaftServerConfigKeys (ConfUtils.java:logGet(43)) - raft.server.log.queue.element-limit = 1024 (custom)
2019-09-29 11:44:33,344 [pool-137-thread-1] INFO  server.RaftServerConfigKeys (ConfUtils.java:logGet(43)) - raft.server.log.queue.element-limit = 1024 (custom)
2019-09-29 11:44:33,344 [pool-127-thread-1] INFO  server.RaftServerConfigKeys (ConfUtils.java:logGet(43)) - raft.server.log.segment.size.max = 1048576 (custom)
2019-09-29 11:44:33,344 [pool-147-thread-1] INFO  server.RaftServerConfigKeys (ConfUtils.java:logGet(43)) - raft.server.snapshot.auto.trigger.enabled = true (custom)
2019-09-29 11:44:33,344 [pool-127-thread-1] INFO  server.RaftServerConfigKeys (ConfUtils.java:logGet(43)) - raft.server.log.preallocated.size = 16384 (custom)
2019-09-29 11:44:33,344 [pool-137-thread-1] INFO  server.RaftServerConfigKeys (ConfUtils.java:logGet(43)) - raft.server.log.segment.size.max = 1048576 (custom)
2019-09-29 11:44:33,345 [pool-127-thread-1] INFO  server.RaftServerConfigKeys (ConfUtils.java:logGet(43)) - raft.server.log.write.buffer.size = 33554432 (custom)
2019-09-29 11:44:33,345 [pool-147-thread-1] INFO  server.RaftServerConfigKeys (ConfUtils.java:logGet(43)) - raft.server.snapshot.auto.trigger.threshold = 10000 (custom)
2019-09-29 11:44:33,345 [pool-127-thread-1] INFO  server.RaftServerConfigKeys (ConfUtils.java:logGet(43)) - raft.server.log.force.sync.num = 128 (default)
2019-09-29 11:44:33,345 [pool-137-thread-1] INFO  server.RaftServerConfigKeys (ConfUtils.java:logGet(43)) - raft.server.log.preallocated.size = 16384 (custom)
2019-09-29 11:44:33,345 [pool-127-thread-1] INFO  server.RaftServerConfigKeys (ConfUtils.java:logGet(43)) - raft.server.log.statemachine.data.sync = true (default)
2019-09-29 11:44:33,345 [pool-147-thread-1] INFO  server.RaftServerConfigKeys (ConfUtils.java:logGet(43)) - raft.server.snapshot.retention.num.files = 5 (custom)
2019-09-29 11:44:33,346 [pool-127-thread-1] INFO  server.RaftServerConfigKeys (ConfUtils.java:logGet(43)) - raft.server.log.statemachine.data.sync.timeout = 10s (default)
2019-09-29 11:44:33,346 [pool-137-thread-1] INFO  server.RaftServerConfigKeys (ConfUtils.java:logGet(43)) - raft.server.log.write.buffer.size = 33554432 (custom)
2019-09-29 11:44:33,346 [pool-127-thread-1] INFO  server.RaftServerConfigKeys (ConfUtils.java:logGet(43)) - raft.server.log.statemachine.data.sync.timeout.retry = -1 (default)
2019-09-29 11:44:33,346 [pool-147-thread-1] INFO  server.RaftServerConfigKeys (ConfUtils.java:logGet(43)) - raft.server.retrycache.expirytime = 600000ms (custom)
2019-09-29 11:44:33,347 [pool-127-thread-1] INFO  server.RaftServerConfigKeys (ConfUtils.java:logGet(43)) - raft.server.log.statemachine.data.caching.enabled = true (custom)
2019-09-29 11:44:33,346 [pool-137-thread-1] INFO  server.RaftServerConfigKeys (ConfUtils.java:logGet(43)) - raft.server.log.force.sync.num = 128 (default)
2019-09-29 11:44:33,347 [pool-127-thread-1] INFO  segmented.SegmentedRaftLogWorker (SegmentedRaftLogWorker.java:lambda$new$0(132)) - ebf51826-b858-4785-b052-bdc821d89ef7@group-018675EF265E-SegmentedRaftLogWorker: flushIndex: setUnconditionally 0 -> -1
2019-09-29 11:44:33,347 [pool-137-thread-1] INFO  server.RaftServerConfigKeys (ConfUtils.java:logGet(43)) - raft.server.log.statemachine.data.sync = true (default)
2019-09-29 11:44:33,347 [pool-137-thread-1] INFO  server.RaftServerConfigKeys (ConfUtils.java:logGet(43)) - raft.server.log.statemachine.data.sync.timeout = 10s (default)
2019-09-29 11:44:33,348 [pool-127-thread-1] INFO  server.RaftServerConfigKeys (ConfUtils.java:logGet(43)) - raft.server.snapshot.auto.trigger.enabled = true (custom)
2019-09-29 11:44:33,348 [pool-137-thread-1] INFO  server.RaftServerConfigKeys (ConfUtils.java:logGet(43)) - raft.server.log.statemachine.data.sync.timeout.retry = -1 (default)
2019-09-29 11:44:33,348 [pool-127-thread-1] INFO  server.RaftServerConfigKeys (ConfUtils.java:logGet(43)) - raft.server.snapshot.auto.trigger.threshold = 10000 (custom)
2019-09-29 11:44:33,348 [pool-137-thread-1] INFO  server.RaftServerConfigKeys (ConfUtils.java:logGet(43)) - raft.server.log.statemachine.data.caching.enabled = true (custom)
2019-09-29 11:44:33,348 [pool-127-thread-1] INFO  server.RaftServerConfigKeys (ConfUtils.java:logGet(43)) - raft.server.snapshot.retention.num.files = 5 (custom)
2019-09-29 11:44:33,349 [pool-127-thread-1] INFO  server.RaftServerConfigKeys (ConfUtils.java:logGet(43)) - raft.server.retrycache.expirytime = 600000ms (custom)
2019-09-29 11:44:33,349 [pool-137-thread-1] INFO  segmented.SegmentedRaftLogWorker (SegmentedRaftLogWorker.java:lambda$new$0(132)) - 53f715b3-55a1-45fa-b787-d79dd980c516@group-018675EF265E-SegmentedRaftLogWorker: flushIndex: setUnconditionally 0 -> -1
2019-09-29 11:44:33,349 [pool-147-thread-1] INFO  impl.RaftServerImpl (RaftServerImpl.java:start(185)) - aaa5c692-9016-4656-9306-cdc445513dc5@group-018675EF265E: start as a follower, conf=-1: [ebf51826-b858-4785-b052-bdc821d89ef7:192.168.30.19:44511, aaa5c692-9016-4656-9306-cdc445513dc5:192.168.30.19:34286, 53f715b3-55a1-45fa-b787-d79dd980c516:192.168.30.19:44952], old=null
2019-09-29 11:44:33,349 [pool-137-thread-1] INFO  server.RaftServerConfigKeys (ConfUtils.java:logGet(43)) - raft.server.snapshot.auto.trigger.enabled = true (custom)
2019-09-29 11:44:33,349 [pool-147-thread-1] INFO  impl.RaftServerImpl (RaftServerImpl.java:setRole(174)) - aaa5c692-9016-4656-9306-cdc445513dc5@group-018675EF265E: changes role from      null to FOLLOWER at term 0 for startAsFollower
2019-09-29 11:44:33,350 [pool-137-thread-1] INFO  server.RaftServerConfigKeys (ConfUtils.java:logGet(43)) - raft.server.snapshot.auto.trigger.threshold = 10000 (custom)
2019-09-29 11:44:33,350 [pool-147-thread-1] INFO  impl.RoleInfo (RoleInfo.java:updateAndGet(143)) - aaa5c692-9016-4656-9306-cdc445513dc5: start FollowerState
2019-09-29 11:44:33,350 [pool-137-thread-1] INFO  server.RaftServerConfigKeys (ConfUtils.java:logGet(43)) - raft.server.snapshot.retention.num.files = 5 (custom)
2019-09-29 11:44:33,350 [pool-147-thread-1] INFO  util.JmxRegister (JmxRegister.java:tryRegister(44)) - Successfully registered JMX Bean with object name Ratis:service=RaftServer,group=group-018675EF265E,id=aaa5c692-9016-4656-9306-cdc445513dc5
2019-09-29 11:44:33,350 [pool-137-thread-1] INFO  server.RaftServerConfigKeys (ConfUtils.java:logGet(43)) - raft.server.retrycache.expirytime = 600000ms (custom)
2019-09-29 11:44:33,351 [pool-127-thread-1] INFO  impl.RaftServerImpl (RaftServerImpl.java:start(185)) - ebf51826-b858-4785-b052-bdc821d89ef7@group-018675EF265E: start as a follower, conf=-1: [ebf51826-b858-4785-b052-bdc821d89ef7:192.168.30.19:44511, aaa5c692-9016-4656-9306-cdc445513dc5:192.168.30.19:34286, 53f715b3-55a1-45fa-b787-d79dd980c516:192.168.30.19:44952], old=null
2019-09-29 11:44:33,352 [pool-127-thread-1] INFO  impl.RaftServerImpl (RaftServerImpl.java:setRole(174)) - ebf51826-b858-4785-b052-bdc821d89ef7@group-018675EF265E: changes role from      null to FOLLOWER at term 0 for startAsFollower
2019-09-29 11:44:33,352 [pool-127-thread-1] INFO  impl.RoleInfo (RoleInfo.java:updateAndGet(143)) - ebf51826-b858-4785-b052-bdc821d89ef7: start FollowerState
2019-09-29 11:44:33,354 [pool-127-thread-1] INFO  util.JmxRegister (JmxRegister.java:tryRegister(44)) - Successfully registered JMX Bean with object name Ratis:service=RaftServer,group=group-018675EF265E,id=ebf51826-b858-4785-b052-bdc821d89ef7
2019-09-29 11:44:33,358 [pool-137-thread-1] INFO  impl.RaftServerImpl (RaftServerImpl.java:start(185)) - 53f715b3-55a1-45fa-b787-d79dd980c516@group-018675EF265E: start as a follower, conf=-1: [ebf51826-b858-4785-b052-bdc821d89ef7:192.168.30.19:44511, aaa5c692-9016-4656-9306-cdc445513dc5:192.168.30.19:34286, 53f715b3-55a1-45fa-b787-d79dd980c516:192.168.30.19:44952], old=null
2019-09-29 11:44:33,358 [pool-137-thread-1] INFO  impl.RaftServerImpl (RaftServerImpl.java:setRole(174)) - 53f715b3-55a1-45fa-b787-d79dd980c516@group-018675EF265E: changes role from      null to FOLLOWER at term 0 for startAsFollower
2019-09-29 11:44:33,358 [pool-137-thread-1] INFO  impl.RoleInfo (RoleInfo.java:updateAndGet(143)) - 53f715b3-55a1-45fa-b787-d79dd980c516: start FollowerState
2019-09-29 11:44:33,359 [pool-137-thread-1] INFO  util.JmxRegister (JmxRegister.java:tryRegister(44)) - Successfully registered JMX Bean with object name Ratis:service=RaftServer,group=group-018675EF265E,id=53f715b3-55a1-45fa-b787-d79dd980c516
2019-09-29 11:44:33,363 [RatisPipelineUtilsThread] INFO  pipeline.PipelineStateManager (PipelineStateManager.java:addPipeline(56)) - Created pipeline Pipeline[ Id: 97954c7b-b11b-4426-a002-018675ef265e, Nodes: ebf51826-b858-4785-b052-bdc821d89ef7{ip: 192.168.30.19, host: pr-hdds-1569-lsfh5-224679870, networkLocation: /default-rack, certSerialId: null}53f715b3-55a1-45fa-b787-d79dd980c516{ip: 192.168.30.19, host: pr-hdds-1569-lsfh5-224679870, networkLocation: /default-rack, certSerialId: null}aaa5c692-9016-4656-9306-cdc445513dc5{ip: 192.168.30.19, host: pr-hdds-1569-lsfh5-224679870, networkLocation: /default-rack, certSerialId: null}, Type:RATIS, Factor:THREE, State:OPEN]
2019-09-29 11:44:33,976 [main] INFO  ozone.MiniOzoneClusterImpl (MiniOzoneClusterImpl.java:lambda$waitForClusterToBeReady$0(147)) - Cluster is ready. Got 3 of 3 DN Heartbeats.
2019-09-29 11:44:33,976 [main] INFO  ozone.MiniOzoneClusterImpl (MiniOzoneClusterImpl.java:getStorageContainerLocationClient(234)) - Creating StorageContainerLocationProtocol RPC client with address /0.0.0.0:35218
2019-09-29 11:44:34,005 [IPC Server handler 2 on 35218] INFO  ipc.Server (Server.java:logException(2726)) - IPC Server handler 2 on 35218, call Call#33 Retry#0 org.apache.hadoop.hdds.scm.protocol.StorageContainerLocationProtocol.allocateContainer from 192.168.30.19:43464
java.io.IOException: Could not allocate container. Cannot get any matching pipeline for Type:STAND_ALONE, Factor:ONE, State:PipelineState.OPEN
	at org.apache.hadoop.hdds.scm.container.ContainerStateManager.allocateContainer(ContainerStateManager.java:260)
	at org.apache.hadoop.hdds.scm.container.SCMContainerManager.allocateContainer(SCMContainerManager.java:247)
	at org.apache.hadoop.hdds.scm.server.SCMClientProtocolServer.allocateContainer(SCMClientProtocolServer.java:186)
	at org.apache.hadoop.ozone.protocolPB.StorageContainerLocationProtocolServerSideTranslatorPB.allocateContainer(StorageContainerLocationProtocolServerSideTranslatorPB.java:123)
	at org.apache.hadoop.hdds.protocol.proto.StorageContainerLocationProtocolProtos$StorageContainerLocationProtocolService$2.callBlockingMethod(StorageContainerLocationProtocolProtos.java:21239)
	at org.apache.hadoop.ipc.ProtobufRpcEngine$Server$ProtoBufRpcInvoker.call(ProtobufRpcEngine.java:524)
	at org.apache.hadoop.ipc.RPC$Server.call(RPC.java:1025)
	at org.apache.hadoop.ipc.Server$RpcCall.run(Server.java:876)
	at org.apache.hadoop.ipc.Server$RpcCall.run(Server.java:822)
	at java.security.AccessController.doPrivileged(Native Method)
	at javax.security.auth.Subject.doAs(Subject.java:422)
	at org.apache.hadoop.security.UserGroupInformation.doAs(UserGroupInformation.java:1730)
	at org.apache.hadoop.ipc.Server$Handler.run(Server.java:2682)
2019-09-29 11:44:34,015 [main] INFO  ozone.MiniOzoneClusterImpl (MiniOzoneClusterImpl.java:shutdown(314)) - Shutting down the Mini Ozone Cluster
2019-09-29 11:44:34,016 [main] INFO  ozone.MiniOzoneClusterImpl (MiniOzoneClusterImpl.java:stop(330)) - Stopping the Mini Ozone Cluster
2019-09-29 11:44:34,016 [main] INFO  ozone.MiniOzoneClusterImpl (MiniOzoneClusterImpl.java:stopOM(400)) - Stopping the OzoneManager
2019-09-29 11:44:34,017 [main] INFO  ipc.Server (Server.java:stop(3082)) - Stopping server on 41450
2019-09-29 11:44:34,020 [IPC Server listener on 41450] INFO  ipc.Server (Server.java:run(1185)) - Stopping IPC Server listener on 41450
2019-09-29 11:44:34,020 [main] INFO  ratis.OzoneManagerDoubleBuffer (OzoneManagerDoubleBuffer.java:stop(248)) - Stopping OMDoubleBuffer flush thread
2019-09-29 11:44:34,020 [IPC Server Responder] INFO  ipc.Server (Server.java:run(1319)) - Stopping IPC Server Responder
2019-09-29 11:44:34,022 [OMDoubleBufferFlushThread] INFO  ratis.OzoneManagerDoubleBuffer (OzoneManagerDoubleBuffer.java:flushTransactions(191)) - OMDoubleBuffer flush thread OMDoubleBufferFlushThread is interrupted and will exit. OMDoubleBufferFlushThread
2019-09-29 11:44:34,023 [main] INFO  utils.BackgroundService (BackgroundService.java:shutdown(148)) - Shutting down service KeyDeletingService
2019-09-29 11:44:34,024 [main] INFO  handler.ContextHandler (ContextHandler.java:doStop(910)) - Stopped o.e.j.w.WebAppContext@39e69ea7{/,null,UNAVAILABLE}{/ozoneManager}
2019-09-29 11:44:34,024 [main] INFO  server.AbstractConnector (AbstractConnector.java:doStop(318)) - Stopped ServerConnector@490c7a83{HTTP/1.1,[http/1.1]}{0.0.0.0:0}
2019-09-29 11:44:34,025 [main] INFO  handler.ContextHandler (ContextHandler.java:doStop(910)) - Stopped o.e.j.s.ServletContextHandler@48904d5a{/static,file:///workdir/hadoop-ozone/integration-test/target/test-classes/webapps/static,UNAVAILABLE}
2019-09-29 11:44:34,025 [main] INFO  handler.ContextHandler (ContextHandler.java:doStop(910)) - Stopped o.e.j.s.ServletContextHandler@6add8e3f{/logs,file:///workdir/hadoop-ozone/integration-test/target/log,UNAVAILABLE}
2019-09-29 11:44:34,027 [main] INFO  ozone.MiniOzoneClusterImpl (MiniOzoneClusterImpl.java:stopDatanodes(377)) - Stopping the HddsDatanodes
2019-09-29 11:44:34,831 [Datanode State Machine Thread - 0] INFO  statemachine.DatanodeStateMachine (DatanodeStateMachine.java:lambda$startDaemon$0(350)) - Ozone container server started.
2019-09-29 11:44:34,895 [Datanode State Machine Thread - 0] INFO  statemachine.DatanodeStateMachine (DatanodeStateMachine.java:lambda$startDaemon$0(350)) - Ozone container server started.
2019-09-29 11:44:35,843 [Thread-686] INFO  container.ReplicationManager (ReplicationManager.java:start(163)) - Starting Replication Monitor Thread.
2019-09-29 11:44:35,846 [ReplicationMonitor] INFO  container.ReplicationManager (ReplicationManager.java:run(226)) - Replication Monitor Thread took 0 milliseconds for processing 0 containers.
2019-09-29 11:44:38,104 [Thread-688] INFO  impl.FollowerState (FollowerState.java:run(106)) - ebf51826-b858-4785-b052-bdc821d89ef7:group-1785C3B4B301 changes to CANDIDATE, lastRpcTime:5170, electionTimeout:5170ms
2019-09-29 11:44:38,105 [Thread-688] INFO  impl.RoleInfo (RoleInfo.java:shutdownFollowerState(121)) - ebf51826-b858-4785-b052-bdc821d89ef7: shutdown FollowerState
2019-09-29 11:44:38,105 [Thread-688] INFO  impl.RaftServerImpl (RaftServerImpl.java:setRole(174)) - ebf51826-b858-4785-b052-bdc821d89ef7@group-1785C3B4B301: changes role from  FOLLOWER to CANDIDATE at term 0 for changeToCandidate
2019-09-29 11:44:38,105 [Thread-688] INFO  impl.RoleInfo (RoleInfo.java:updateAndGet(143)) - ebf51826-b858-4785-b052-bdc821d89ef7: start LeaderElection
2019-09-29 11:44:38,133 [ebf51826-b858-4785-b052-bdc821d89ef7@group-1785C3B4B301:LeaderElection21] INFO  impl.LeaderElection (LeaderElection.java:askForVotes(182)) - ebf51826-b858-4785-b052-bdc821d89ef7@group-1785C3B4B301:LeaderElection21: begin an election at term 1 for -1: [ebf51826-b858-4785-b052-bdc821d89ef7:192.168.30.19:44511], old=null
2019-09-29 11:44:38,133 [Thread-691] INFO  impl.FollowerState (FollowerState.java:run(106)) - 53f715b3-55a1-45fa-b787-d79dd980c516:group-5139DF49A10B changes to CANDIDATE, lastRpcTime:5117, electionTimeout:5117ms
2019-09-29 11:44:38,133 [ebf51826-b858-4785-b052-bdc821d89ef7@group-1785C3B4B301:LeaderElection21] INFO  impl.RoleInfo (RoleInfo.java:shutdownLeaderElection(134)) - ebf51826-b858-4785-b052-bdc821d89ef7: shutdown LeaderElection
2019-09-29 11:44:38,133 [Thread-691] INFO  impl.RoleInfo (RoleInfo.java:shutdownFollowerState(121)) - 53f715b3-55a1-45fa-b787-d79dd980c516: shutdown FollowerState
2019-09-29 11:44:38,133 [ebf51826-b858-4785-b052-bdc821d89ef7@group-1785C3B4B301:LeaderElection21] INFO  impl.RaftServerImpl (RaftServerImpl.java:setRole(174)) - ebf51826-b858-4785-b052-bdc821d89ef7@group-1785C3B4B301: changes role from CANDIDATE to LEADER at term 1 for changeToLeader
2019-09-29 11:44:38,134 [ebf51826-b858-4785-b052-bdc821d89ef7@group-1785C3B4B301:LeaderElection21] INFO  impl.RaftServerImpl (ServerState.java:setLeader(253)) - ebf51826-b858-4785-b052-bdc821d89ef7@group-1785C3B4B301: change Leader from null to ebf51826-b858-4785-b052-bdc821d89ef7 at term 1 for becomeLeader, leader elected after 5210ms
2019-09-29 11:44:38,133 [Thread-691] INFO  impl.RaftServerImpl (RaftServerImpl.java:setRole(174)) - 53f715b3-55a1-45fa-b787-d79dd980c516@group-5139DF49A10B: changes role from  FOLLOWER to CANDIDATE at term 0 for changeToCandidate
2019-09-29 11:44:38,134 [ebf51826-b858-4785-b052-bdc821d89ef7@group-1785C3B4B301:LeaderElection21] INFO  server.RaftServerConfigKeys (ConfUtils.java:logGet(43)) - raft.server.staging.catchup.gap = 1000 (default)
2019-09-29 11:44:38,134 [Thread-691] INFO  impl.RoleInfo (RoleInfo.java:updateAndGet(143)) - 53f715b3-55a1-45fa-b787-d79dd980c516: start LeaderElection
2019-09-29 11:44:38,134 [ebf51826-b858-4785-b052-bdc821d89ef7@group-1785C3B4B301:LeaderElection21] INFO  server.RaftServerConfigKeys (ConfUtils.java:logGet(43)) - raft.server.rpc.sleep.time = 25ms (default)
2019-09-29 11:44:38,135 [ebf51826-b858-4785-b052-bdc821d89ef7@group-1785C3B4B301:LeaderElection21] INFO  server.RaftServerConfigKeys (ConfUtils.java:logGet(43)) - raft.server.write.element-limit = 4096 (default)
2019-09-29 11:44:38,138 [ebf51826-b858-4785-b052-bdc821d89ef7@group-1785C3B4B301:LeaderElection21] INFO  server.RaftServerConfigKeys (ConfUtils.java:logGet(43)) - raft.server.watch.timeout = 10s (default)
2019-09-29 11:44:38,138 [ebf51826-b858-4785-b052-bdc821d89ef7@group-1785C3B4B301:LeaderElection21] INFO  server.RaftServerConfigKeys (ConfUtils.java:logGet(43)) - raft.server.watch.timeout.denomination = 1s (default)
2019-09-29 11:44:38,138 [ebf51826-b858-4785-b052-bdc821d89ef7@group-1785C3B4B301:LeaderElection21] INFO  server.RaftServerConfigKeys (ConfUtils.java:logGet(43)) - raft.server.watch.element-limit = 65536 (default)
2019-09-29 11:44:38,141 [ebf51826-b858-4785-b052-bdc821d89ef7@group-1785C3B4B301:LeaderElection21] INFO  impl.RoleInfo (RoleInfo.java:updateAndGet(143)) - ebf51826-b858-4785-b052-bdc821d89ef7: start LeaderState
2019-09-29 11:44:38,141 [ebf51826-b858-4785-b052-bdc821d89ef7@group-1785C3B4B301:LeaderElection21] INFO  segmented.SegmentedRaftLogWorker (SegmentedRaftLogWorker.java:startLogSegment(380)) - ebf51826-b858-4785-b052-bdc821d89ef7@group-1785C3B4B301-SegmentedRaftLogWorker: Starting segment from index:0
2019-09-29 11:44:38,142 [ebf51826-b858-4785-b052-bdc821d89ef7@group-1785C3B4B301:LeaderElection21] INFO  impl.RaftServerImpl (ServerState.java:setRaftConf(354)) - ebf51826-b858-4785-b052-bdc821d89ef7@group-1785C3B4B301: set configuration 0: [ebf51826-b858-4785-b052-bdc821d89ef7:192.168.30.19:44511], old=null at 0
2019-09-29 11:44:38,162 [53f715b3-55a1-45fa-b787-d79dd980c516@group-5139DF49A10B:LeaderElection22] INFO  impl.LeaderElection (LeaderElection.java:askForVotes(182)) - 53f715b3-55a1-45fa-b787-d79dd980c516@group-5139DF49A10B:LeaderElection22: begin an election at term 1 for -1: [53f715b3-55a1-45fa-b787-d79dd980c516:192.168.30.19:44952], old=null
2019-09-29 11:44:38,162 [53f715b3-55a1-45fa-b787-d79dd980c516@group-5139DF49A10B:LeaderElection22] INFO  impl.RoleInfo (RoleInfo.java:shutdownLeaderElection(134)) - 53f715b3-55a1-45fa-b787-d79dd980c516: shutdown LeaderElection
2019-09-29 11:44:38,163 [53f715b3-55a1-45fa-b787-d79dd980c516@group-5139DF49A10B:LeaderElection22] INFO  impl.RaftServerImpl (RaftServerImpl.java:setRole(174)) - 53f715b3-55a1-45fa-b787-d79dd980c516@group-5139DF49A10B: changes role from CANDIDATE to LEADER at term 1 for changeToLeader
2019-09-29 11:44:38,163 [53f715b3-55a1-45fa-b787-d79dd980c516@group-5139DF49A10B:LeaderElection22] INFO  impl.RaftServerImpl (ServerState.java:setLeader(253)) - 53f715b3-55a1-45fa-b787-d79dd980c516@group-5139DF49A10B: change Leader from null to 53f715b3-55a1-45fa-b787-d79dd980c516 at term 1 for becomeLeader, leader elected after 5155ms
2019-09-29 11:44:38,163 [53f715b3-55a1-45fa-b787-d79dd980c516@group-5139DF49A10B:LeaderElection22] INFO  server.RaftServerConfigKeys (ConfUtils.java:logGet(43)) - raft.server.staging.catchup.gap = 1000 (default)
2019-09-29 11:44:38,163 [53f715b3-55a1-45fa-b787-d79dd980c516@group-5139DF49A10B:LeaderElection22] INFO  server.RaftServerConfigKeys (ConfUtils.java:logGet(43)) - raft.server.rpc.sleep.time = 25ms (default)
2019-09-29 11:44:38,163 [53f715b3-55a1-45fa-b787-d79dd980c516@group-5139DF49A10B:LeaderElection22] INFO  server.RaftServerConfigKeys (ConfUtils.java:logGet(43)) - raft.server.write.element-limit = 4096 (default)
2019-09-29 11:44:38,163 [53f715b3-55a1-45fa-b787-d79dd980c516@group-5139DF49A10B:LeaderElection22] INFO  server.RaftServerConfigKeys (ConfUtils.java:logGet(43)) - raft.server.watch.timeout = 10s (default)
2019-09-29 11:44:38,164 [53f715b3-55a1-45fa-b787-d79dd980c516@group-5139DF49A10B:LeaderElection22] INFO  server.RaftServerConfigKeys (ConfUtils.java:logGet(43)) - raft.server.watch.timeout.denomination = 1s (default)
2019-09-29 11:44:38,164 [53f715b3-55a1-45fa-b787-d79dd980c516@group-5139DF49A10B:LeaderElection22] INFO  server.RaftServerConfigKeys (ConfUtils.java:logGet(43)) - raft.server.watch.element-limit = 65536 (default)
2019-09-29 11:44:38,166 [53f715b3-55a1-45fa-b787-d79dd980c516@group-5139DF49A10B:LeaderElection22] INFO  impl.RoleInfo (RoleInfo.java:updateAndGet(143)) - 53f715b3-55a1-45fa-b787-d79dd980c516: start LeaderState
2019-09-29 11:44:38,167 [53f715b3-55a1-45fa-b787-d79dd980c516@group-5139DF49A10B:LeaderElection22] INFO  segmented.SegmentedRaftLogWorker (SegmentedRaftLogWorker.java:startLogSegment(380)) - 53f715b3-55a1-45fa-b787-d79dd980c516@group-5139DF49A10B-SegmentedRaftLogWorker: Starting segment from index:0
2019-09-29 11:44:38,167 [53f715b3-55a1-45fa-b787-d79dd980c516@group-5139DF49A10B:LeaderElection22] INFO  impl.RaftServerImpl (ServerState.java:setRaftConf(354)) - 53f715b3-55a1-45fa-b787-d79dd980c516@group-5139DF49A10B: set configuration 0: [53f715b3-55a1-45fa-b787-d79dd980c516:192.168.30.19:44952], old=null at 0
2019-09-29 11:44:38,199 [ebf51826-b858-4785-b052-bdc821d89ef7@group-1785C3B4B301-SegmentedRaftLogWorker] INFO  segmented.SegmentedRaftLogWorker (SegmentedRaftLogWorker.java:execute(569)) - ebf51826-b858-4785-b052-bdc821d89ef7@group-1785C3B4B301-SegmentedRaftLogWorker: created new log segment /workdir/hadoop-ozone/integration-test/target/test-dir/MiniOzoneClusterImpl-f85df494-bc24-4745-9cc1-2be7fe2eb31a/datanode-0/data/ratis/13df2f57-7c1a-4c49-8357-1785c3b4b301/current/log_inprogress_0
2019-09-29 11:44:38,214 [53f715b3-55a1-45fa-b787-d79dd980c516@group-5139DF49A10B-SegmentedRaftLogWorker] INFO  segmented.SegmentedRaftLogWorker (SegmentedRaftLogWorker.java:execute(569)) - 53f715b3-55a1-45fa-b787-d79dd980c516@group-5139DF49A10B-SegmentedRaftLogWorker: created new log segment /workdir/hadoop-ozone/integration-test/target/test-dir/MiniOzoneClusterImpl-f85df494-bc24-4745-9cc1-2be7fe2eb31a/datanode-1/data/ratis/b7c9cebd-438d-45de-b147-5139df49a10b/current/log_inprogress_0
2019-09-29 11:44:38,247 [Thread-694] INFO  impl.FollowerState (FollowerState.java:run(106)) - aaa5c692-9016-4656-9306-cdc445513dc5:group-52D40B576B17 changes to CANDIDATE, lastRpcTime:5157, electionTimeout:5157ms
2019-09-29 11:44:38,247 [Thread-694] INFO  impl.RoleInfo (RoleInfo.java:shutdownFollowerState(121)) - aaa5c692-9016-4656-9306-cdc445513dc5: shutdown FollowerState
2019-09-29 11:44:38,248 [Thread-694] INFO  impl.RaftServerImpl (RaftServerImpl.java:setRole(174)) - aaa5c692-9016-4656-9306-cdc445513dc5@group-52D40B576B17: changes role from  FOLLOWER to CANDIDATE at term 0 for changeToCandidate
2019-09-29 11:44:38,248 [Thread-694] INFO  impl.RoleInfo (RoleInfo.java:updateAndGet(143)) - aaa5c692-9016-4656-9306-cdc445513dc5: start LeaderElection
2019-09-29 11:44:38,265 [Thread-699] INFO  impl.FollowerState (FollowerState.java:run(106)) - ebf51826-b858-4785-b052-bdc821d89ef7:group-0C392EE50FFF changes to CANDIDATE, lastRpcTime:5094, electionTimeout:5094ms
2019-09-29 11:44:38,265 [Thread-699] INFO  impl.RoleInfo (RoleInfo.java:shutdownFollowerState(121)) - ebf51826-b858-4785-b052-bdc821d89ef7: shutdown FollowerState
2019-09-29 11:44:38,265 [Thread-699] INFO  impl.RaftServerImpl (RaftServerImpl.java:setRole(174)) - ebf51826-b858-4785-b052-bdc821d89ef7@group-0C392EE50FFF: changes role from  FOLLOWER to CANDIDATE at term 0 for changeToCandidate
2019-09-29 11:44:38,265 [Thread-699] INFO  impl.RoleInfo (RoleInfo.java:updateAndGet(143)) - ebf51826-b858-4785-b052-bdc821d89ef7: start LeaderElection
2019-09-29 11:44:38,274 [aaa5c692-9016-4656-9306-cdc445513dc5@group-52D40B576B17:LeaderElection23] INFO  impl.LeaderElection (LeaderElection.java:askForVotes(182)) - aaa5c692-9016-4656-9306-cdc445513dc5@group-52D40B576B17:LeaderElection23: begin an election at term 1 for -1: [aaa5c692-9016-4656-9306-cdc445513dc5:192.168.30.19:34286], old=null
2019-09-29 11:44:38,274 [aaa5c692-9016-4656-9306-cdc445513dc5@group-52D40B576B17:LeaderElection23] INFO  impl.RoleInfo (RoleInfo.java:shutdownLeaderElection(134)) - aaa5c692-9016-4656-9306-cdc445513dc5: shutdown LeaderElection
2019-09-29 11:44:38,275 [aaa5c692-9016-4656-9306-cdc445513dc5@group-52D40B576B17:LeaderElection23] INFO  impl.RaftServerImpl (RaftServerImpl.java:setRole(174)) - aaa5c692-9016-4656-9306-cdc445513dc5@group-52D40B576B17: changes role from CANDIDATE to LEADER at term 1 for changeToLeader
2019-09-29 11:44:38,275 [aaa5c692-9016-4656-9306-cdc445513dc5@group-52D40B576B17:LeaderElection23] INFO  impl.RaftServerImpl (ServerState.java:setLeader(253)) - aaa5c692-9016-4656-9306-cdc445513dc5@group-52D40B576B17: change Leader from null to aaa5c692-9016-4656-9306-cdc445513dc5 at term 1 for becomeLeader, leader elected after 5191ms
2019-09-29 11:44:38,275 [aaa5c692-9016-4656-9306-cdc445513dc5@group-52D40B576B17:LeaderElection23] INFO  server.RaftServerConfigKeys (ConfUtils.java:logGet(43)) - raft.server.staging.catchup.gap = 1000 (default)
2019-09-29 11:44:38,275 [aaa5c692-9016-4656-9306-cdc445513dc5@group-52D40B576B17:LeaderElection23] INFO  server.RaftServerConfigKeys (ConfUtils.java:logGet(43)) - raft.server.rpc.sleep.time = 25ms (default)
2019-09-29 11:44:38,275 [aaa5c692-9016-4656-9306-cdc445513dc5@group-52D40B576B17:LeaderElection23] INFO  server.RaftServerConfigKeys (ConfUtils.java:logGet(43)) - raft.server.write.element-limit = 4096 (default)
2019-09-29 11:44:38,275 [aaa5c692-9016-4656-9306-cdc445513dc5@group-52D40B576B17:LeaderElection23] INFO  server.RaftServerConfigKeys (ConfUtils.java:logGet(43)) - raft.server.watch.timeout = 10s (default)
2019-09-29 11:44:38,276 [aaa5c692-9016-4656-9306-cdc445513dc5@group-52D40B576B17:LeaderElection23] INFO  server.RaftServerConfigKeys (ConfUtils.java:logGet(43)) - raft.server.watch.timeout.denomination = 1s (default)
2019-09-29 11:44:38,276 [aaa5c692-9016-4656-9306-cdc445513dc5@group-52D40B576B17:LeaderElection23] INFO  server.RaftServerConfigKeys (ConfUtils.java:logGet(43)) - raft.server.watch.element-limit = 65536 (default)
2019-09-29 11:44:38,278 [aaa5c692-9016-4656-9306-cdc445513dc5@group-52D40B576B17:LeaderElection23] INFO  impl.RoleInfo (RoleInfo.java:updateAndGet(143)) - aaa5c692-9016-4656-9306-cdc445513dc5: start LeaderState
2019-09-29 11:44:38,279 [aaa5c692-9016-4656-9306-cdc445513dc5@group-52D40B576B17:LeaderElection23] INFO  segmented.SegmentedRaftLogWorker (SegmentedRaftLogWorker.java:startLogSegment(380)) - aaa5c692-9016-4656-9306-cdc445513dc5@group-52D40B576B17-SegmentedRaftLogWorker: Starting segment from index:0
2019-09-29 11:44:38,279 [aaa5c692-9016-4656-9306-cdc445513dc5@group-52D40B576B17:LeaderElection23] INFO  impl.RaftServerImpl (ServerState.java:setRaftConf(354)) - aaa5c692-9016-4656-9306-cdc445513dc5@group-52D40B576B17: set configuration 0: [aaa5c692-9016-4656-9306-cdc445513dc5:192.168.30.19:34286], old=null at 0
2019-09-29 11:44:38,296 [ebf51826-b858-4785-b052-bdc821d89ef7@group-0C392EE50FFF:LeaderElection24] INFO  impl.LeaderElection (LeaderElection.java:askForVotes(182)) - ebf51826-b858-4785-b052-bdc821d89ef7@group-0C392EE50FFF:LeaderElection24: begin an election at term 1 for -1: [ebf51826-b858-4785-b052-bdc821d89ef7:192.168.30.19:44511, aaa5c692-9016-4656-9306-cdc445513dc5:192.168.30.19:34286, 53f715b3-55a1-45fa-b787-d79dd980c516:192.168.30.19:44952], old=null
2019-09-29 11:44:38,317 [grpc-default-executor-0] INFO  impl.RaftServerImpl (RaftServerImpl.java:setRole(174)) - aaa5c692-9016-4656-9306-cdc445513dc5@group-0C392EE50FFF: changes role from  FOLLOWER to FOLLOWER at term 1 for recognizeCandidate:ebf51826-b858-4785-b052-bdc821d89ef7
2019-09-29 11:44:38,318 [Thread-708] INFO  impl.FollowerState (FollowerState.java:run(106)) - 53f715b3-55a1-45fa-b787-d79dd980c516:group-ADD4B9C1C873 changes to CANDIDATE, lastRpcTime:5058, electionTimeout:5046ms
2019-09-29 11:44:38,318 [grpc-default-executor-0] INFO  impl.RoleInfo (RoleInfo.java:shutdownFollowerState(121)) - aaa5c692-9016-4656-9306-cdc445513dc5: shutdown FollowerState
2019-09-29 11:44:38,317 [grpc-default-executor-2] INFO  impl.RaftServerImpl (RaftServerImpl.java:setRole(174)) - 53f715b3-55a1-45fa-b787-d79dd980c516@group-0C392EE50FFF: changes role from  FOLLOWER to FOLLOWER at term 1 for recognizeCandidate:ebf51826-b858-4785-b052-bdc821d89ef7
2019-09-29 11:44:38,319 [grpc-default-executor-0] INFO  impl.RoleInfo (RoleInfo.java:updateAndGet(143)) - aaa5c692-9016-4656-9306-cdc445513dc5: start FollowerState
2019-09-29 11:44:38,318 [Thread-708] INFO  impl.RoleInfo (RoleInfo.java:shutdownFollowerState(121)) - 53f715b3-55a1-45fa-b787-d79dd980c516: shutdown FollowerState
2019-09-29 11:44:38,319 [grpc-default-executor-2] INFO  impl.RoleInfo (RoleInfo.java:shutdownFollowerState(121)) - 53f715b3-55a1-45fa-b787-d79dd980c516: shutdown FollowerState
2019-09-29 11:44:38,319 [Thread-708] INFO  impl.RaftServerImpl (RaftServerImpl.java:setRole(174)) - 53f715b3-55a1-45fa-b787-d79dd980c516@group-ADD4B9C1C873: changes role from  FOLLOWER to CANDIDATE at term 0 for changeToCandidate
2019-09-29 11:44:38,319 [Thread-701] INFO  impl.FollowerState (FollowerState.java:run(115)) - 53f715b3-55a1-45fa-b787-d79dd980c516: FollowerState was interrupted: java.lang.InterruptedException: sleep interrupted
2019-09-29 11:44:38,319 [grpc-default-executor-2] INFO  impl.RoleInfo (RoleInfo.java:updateAndGet(143)) - 53f715b3-55a1-45fa-b787-d79dd980c516: start FollowerState
2019-09-29 11:44:38,319 [Thread-708] INFO  impl.RoleInfo (RoleInfo.java:updateAndGet(143)) - 53f715b3-55a1-45fa-b787-d79dd980c516: start LeaderElection
2019-09-29 11:44:38,330 [aaa5c692-9016-4656-9306-cdc445513dc5@group-52D40B576B17-SegmentedRaftLogWorker] INFO  segmented.SegmentedRaftLogWorker (SegmentedRaftLogWorker.java:execute(569)) - aaa5c692-9016-4656-9306-cdc445513dc5@group-52D40B576B17-SegmentedRaftLogWorker: created new log segment /workdir/hadoop-ozone/integration-test/target/test-dir/MiniOzoneClusterImpl-f85df494-bc24-4745-9cc1-2be7fe2eb31a/datanode-2/data/ratis/0c1f99b6-9271-4c57-a906-52d40b576b17/current/log_inprogress_0
2019-09-29 11:44:38,330 [53f715b3-55a1-45fa-b787-d79dd980c516@group-ADD4B9C1C873:LeaderElection25] INFO  impl.LeaderElection (LeaderElection.java:askForVotes(182)) - 53f715b3-55a1-45fa-b787-d79dd980c516@group-ADD4B9C1C873:LeaderElection25: begin an election at term 1 for -1: [ebf51826-b858-4785-b052-bdc821d89ef7:192.168.30.19:44511, aaa5c692-9016-4656-9306-cdc445513dc5:192.168.30.19:34286, 53f715b3-55a1-45fa-b787-d79dd980c516:192.168.30.19:44952], old=null
2019-09-29 11:44:38,336 [ebf51826-b858-4785-b052-bdc821d89ef7@group-0C392EE50FFF:LeaderElection24] INFO  impl.LeaderElection (LeaderElection.java:logAndReturn(56)) - ebf51826-b858-4785-b052-bdc821d89ef7@group-0C392EE50FFF:LeaderElection24: Election PASSED; received 1 response(s) [ebf51826-b858-4785-b052-bdc821d89ef7<-53f715b3-55a1-45fa-b787-d79dd980c516#0:OK-t1] and 0 exception(s); ebf51826-b858-4785-b052-bdc821d89ef7@group-0C392EE50FFF:t1, leader=null, voted=ebf51826-b858-4785-b052-bdc821d89ef7, raftlog=ebf51826-b858-4785-b052-bdc821d89ef7@group-0C392EE50FFF-SegmentedRaftLog:OPENED:c-1,f-1,i0, conf=-1: [ebf51826-b858-4785-b052-bdc821d89ef7:192.168.30.19:44511, aaa5c692-9016-4656-9306-cdc445513dc5:192.168.30.19:34286, 53f715b3-55a1-45fa-b787-d79dd980c516:192.168.30.19:44952], old=null
2019-09-29 11:44:38,336 [ebf51826-b858-4785-b052-bdc821d89ef7@group-0C392EE50FFF:LeaderElection24] INFO  impl.RoleInfo (RoleInfo.java:shutdownLeaderElection(134)) - ebf51826-b858-4785-b052-bdc821d89ef7: shutdown LeaderElection
2019-09-29 11:44:38,336 [ebf51826-b858-4785-b052-bdc821d89ef7@group-0C392EE50FFF:LeaderElection24] INFO  impl.RaftServerImpl (RaftServerImpl.java:setRole(174)) - ebf51826-b858-4785-b052-bdc821d89ef7@group-0C392EE50FFF: changes role from CANDIDATE to LEADER at term 1 for changeToLeader
2019-09-29 11:44:38,337 [ebf51826-b858-4785-b052-bdc821d89ef7@group-0C392EE50FFF:LeaderElection24] INFO  impl.RaftServerImpl (ServerState.java:setLeader(253)) - ebf51826-b858-4785-b052-bdc821d89ef7@group-0C392EE50FFF: change Leader from null to ebf51826-b858-4785-b052-bdc821d89ef7 at term 1 for becomeLeader, leader elected after 5176ms
2019-09-29 11:44:38,337 [ebf51826-b858-4785-b052-bdc821d89ef7@group-0C392EE50FFF:LeaderElection24] INFO  server.RaftServerConfigKeys (ConfUtils.java:logGet(43)) - raft.server.staging.catchup.gap = 1000 (default)
2019-09-29 11:44:38,337 [ebf51826-b858-4785-b052-bdc821d89ef7@group-0C392EE50FFF:LeaderElection24] INFO  server.RaftServerConfigKeys (ConfUtils.java:logGet(43)) - raft.server.rpc.sleep.time = 25ms (default)
2019-09-29 11:44:38,337 [ebf51826-b858-4785-b052-bdc821d89ef7@group-0C392EE50FFF:LeaderElection24] INFO  server.RaftServerConfigKeys (ConfUtils.java:logGet(43)) - raft.server.write.element-limit = 4096 (default)
2019-09-29 11:44:38,337 [ebf51826-b858-4785-b052-bdc821d89ef7@group-0C392EE50FFF:LeaderElection24] INFO  server.RaftServerConfigKeys (ConfUtils.java:logGet(43)) - raft.server.watch.timeout = 10s (default)
2019-09-29 11:44:38,337 [ebf51826-b858-4785-b052-bdc821d89ef7@group-0C392EE50FFF:LeaderElection24] INFO  server.RaftServerConfigKeys (ConfUtils.java:logGet(43)) - raft.server.watch.timeout.denomination = 1s (default)
2019-09-29 11:44:38,338 [ebf51826-b858-4785-b052-bdc821d89ef7@group-0C392EE50FFF:LeaderElection24] INFO  server.RaftServerConfigKeys (ConfUtils.java:logGet(43)) - raft.server.watch.element-limit = 65536 (default)
2019-09-29 11:44:38,341 [grpc-default-executor-0] INFO  impl.RaftServerImpl (RaftServerImpl.java:setRole(174)) - aaa5c692-9016-4656-9306-cdc445513dc5@group-ADD4B9C1C873: changes role from  FOLLOWER to FOLLOWER at term 1 for recognizeCandidate:53f715b3-55a1-45fa-b787-d79dd980c516
2019-09-29 11:44:38,344 [grpc-default-executor-2] INFO  impl.RaftServerImpl (RaftServerImpl.java:setRole(174)) - ebf51826-b858-4785-b052-bdc821d89ef7@group-ADD4B9C1C873: changes role from  FOLLOWER to FOLLOWER at term 1 for recognizeCandidate:53f715b3-55a1-45fa-b787-d79dd980c516
2019-09-29 11:44:38,344 [grpc-default-executor-0] INFO  impl.RoleInfo (RoleInfo.java:shutdownFollowerState(121)) - aaa5c692-9016-4656-9306-cdc445513dc5: shutdown FollowerState
2019-09-29 11:44:38,344 [grpc-default-executor-2] INFO  impl.RoleInfo (RoleInfo.java:shutdownFollowerState(121)) - ebf51826-b858-4785-b052-bdc821d89ef7: shutdown FollowerState
2019-09-29 11:44:38,344 [Thread-710] INFO  impl.FollowerState (FollowerState.java:run(115)) - aaa5c692-9016-4656-9306-cdc445513dc5: FollowerState was interrupted: java.lang.InterruptedException: sleep interrupted
2019-09-29 11:44:38,344 [grpc-default-executor-0] INFO  impl.RoleInfo (RoleInfo.java:updateAndGet(143)) - aaa5c692-9016-4656-9306-cdc445513dc5: start FollowerState
2019-09-29 11:44:38,344 [Thread-711] INFO  impl.FollowerState (FollowerState.java:run(115)) - ebf51826-b858-4785-b052-bdc821d89ef7: FollowerState was interrupted: java.lang.InterruptedException: sleep interrupted
2019-09-29 11:44:38,344 [grpc-default-executor-2] INFO  impl.RoleInfo (RoleInfo.java:updateAndGet(143)) - ebf51826-b858-4785-b052-bdc821d89ef7: start FollowerState
2019-09-29 11:44:38,344 [ebf51826-b858-4785-b052-bdc821d89ef7@group-0C392EE50FFF:LeaderElection24] INFO  server.RaftServerConfigKeys (ConfUtils.java:logGet(43)) - raft.server.log.appender.snapshot.chunk.size.max = 16MB (=16777216) (default)
2019-09-29 11:44:38,348 [ebf51826-b858-4785-b052-bdc821d89ef7@group-0C392EE50FFF:LeaderElection24] INFO  server.RaftServerConfigKeys (ConfUtils.java:logGet(43)) - raft.server.log.appender.buffer.byte-limit = 33554432 (custom)
2019-09-29 11:44:38,348 [ebf51826-b858-4785-b052-bdc821d89ef7@group-0C392EE50FFF:LeaderElection24] INFO  server.RaftServerConfigKeys (ConfUtils.java:logGet(43)) - raft.server.log.appender.buffer.element-limit = 1 (custom)
2019-09-29 11:44:38,348 [ebf51826-b858-4785-b052-bdc821d89ef7@group-0C392EE50FFF:LeaderElection24] INFO  grpc.GrpcConfigKeys$Server (ConfUtils.java:logGet(43)) - raft.grpc.server.leader.outstanding.appends.max = 128 (default)
2019-09-29 11:44:38,348 [ebf51826-b858-4785-b052-bdc821d89ef7@group-0C392EE50FFF:LeaderElection24] INFO  server.RaftServerConfigKeys (ConfUtils.java:logGet(43)) - raft.server.rpc.request.timeout = 3000ms (default)
2019-09-29 11:44:38,349 [ebf51826-b858-4785-b052-bdc821d89ef7@group-0C392EE50FFF:LeaderElection24] INFO  server.RaftServerConfigKeys (ConfUtils.java:logGet(43)) - raft.server.log.appender.install.snapshot.enabled = false (custom)
2019-09-29 11:44:38,349 [ebf51826-b858-4785-b052-bdc821d89ef7@group-0C392EE50FFF:LeaderElection24] INFO  server.RaftServerConfigKeys (ConfUtils.java:logGet(43)) - raft.server.log.appender.snapshot.chunk.size.max = 16MB (=16777216) (default)
2019-09-29 11:44:38,349 [ebf51826-b858-4785-b052-bdc821d89ef7@group-0C392EE50FFF:LeaderElection24] INFO  server.RaftServerConfigKeys (ConfUtils.java:logGet(43)) - raft.server.log.appender.buffer.byte-limit = 33554432 (custom)
2019-09-29 11:44:38,349 [ebf51826-b858-4785-b052-bdc821d89ef7@group-0C392EE50FFF:LeaderElection24] INFO  server.RaftServerConfigKeys (ConfUtils.java:logGet(43)) - raft.server.log.appender.buffer.element-limit = 1 (custom)
2019-09-29 11:44:38,349 [ebf51826-b858-4785-b052-bdc821d89ef7@group-0C392EE50FFF:LeaderElection24] INFO  grpc.GrpcConfigKeys$Server (ConfUtils.java:logGet(43)) - raft.grpc.server.leader.outstanding.appends.max = 128 (default)
2019-09-29 11:44:38,350 [ebf51826-b858-4785-b052-bdc821d89ef7@group-0C392EE50FFF:LeaderElection24] INFO  server.RaftServerConfigKeys (ConfUtils.java:logGet(43)) - raft.server.rpc.request.timeout = 3000ms (default)
2019-09-29 11:44:38,350 [ebf51826-b858-4785-b052-bdc821d89ef7@group-0C392EE50FFF:LeaderElection24] INFO  server.RaftServerConfigKeys (ConfUtils.java:logGet(43)) - raft.server.log.appender.install.snapshot.enabled = false (custom)
2019-09-29 11:44:38,350 [ebf51826-b858-4785-b052-bdc821d89ef7@group-0C392EE50FFF:LeaderElection24] INFO  impl.RoleInfo (RoleInfo.java:updateAndGet(143)) - ebf51826-b858-4785-b052-bdc821d89ef7: start LeaderState
2019-09-29 11:44:38,350 [ebf51826-b858-4785-b052-bdc821d89ef7@group-0C392EE50FFF:LeaderElection24] INFO  segmented.SegmentedRaftLogWorker (SegmentedRaftLogWorker.java:startLogSegment(380)) - ebf51826-b858-4785-b052-bdc821d89ef7@group-0C392EE50FFF-SegmentedRaftLogWorker: Starting segment from index:0
2019-09-29 11:44:38,351 [ebf51826-b858-4785-b052-bdc821d89ef7@group-0C392EE50FFF:LeaderElection24] INFO  impl.RaftServerImpl (ServerState.java:setRaftConf(354)) - ebf51826-b858-4785-b052-bdc821d89ef7@group-0C392EE50FFF: set configuration 0: [ebf51826-b858-4785-b052-bdc821d89ef7:192.168.30.19:44511, aaa5c692-9016-4656-9306-cdc445513dc5:192.168.30.19:34286, 53f715b3-55a1-45fa-b787-d79dd980c516:192.168.30.19:44952], old=null at 0
2019-09-29 11:44:38,382 [Thread-716] INFO  impl.FollowerState (FollowerState.java:run(106)) - aaa5c692-9016-4656-9306-cdc445513dc5:group-018675EF265E changes to CANDIDATE, lastRpcTime:5032, electionTimeout:5017ms
2019-09-29 11:44:38,382 [Thread-716] INFO  impl.RoleInfo (RoleInfo.java:shutdownFollowerState(121)) - aaa5c692-9016-4656-9306-cdc445513dc5: shutdown FollowerState
2019-09-29 11:44:38,382 [Thread-716] INFO  impl.RaftServerImpl (RaftServerImpl.java:setRole(174)) - aaa5c692-9016-4656-9306-cdc445513dc5@group-018675EF265E: changes role from  FOLLOWER to CANDIDATE at term 0 for changeToCandidate
2019-09-29 11:44:38,383 [Thread-716] INFO  impl.RoleInfo (RoleInfo.java:updateAndGet(143)) - aaa5c692-9016-4656-9306-cdc445513dc5: start LeaderElection
2019-09-29 11:44:38,389 [53f715b3-55a1-45fa-b787-d79dd980c516@group-ADD4B9C1C873:LeaderElection25] INFO  impl.LeaderElection (LeaderElection.java:logAndReturn(56)) - 53f715b3-55a1-45fa-b787-d79dd980c516@group-ADD4B9C1C873:LeaderElection25: Election PASSED; received 1 response(s) [53f715b3-55a1-45fa-b787-d79dd980c516<-aaa5c692-9016-4656-9306-cdc445513dc5#0:OK-t1] and 0 exception(s); 53f715b3-55a1-45fa-b787-d79dd980c516@group-ADD4B9C1C873:t1, leader=null, voted=53f715b3-55a1-45fa-b787-d79dd980c516, raftlog=53f715b3-55a1-45fa-b787-d79dd980c516@group-ADD4B9C1C873-SegmentedRaftLog:OPENED:c-1,f-1,i0, conf=-1: [ebf51826-b858-4785-b052-bdc821d89ef7:192.168.30.19:44511, aaa5c692-9016-4656-9306-cdc445513dc5:192.168.30.19:34286, 53f715b3-55a1-45fa-b787-d79dd980c516:192.168.30.19:44952], old=null
2019-09-29 11:44:38,389 [grpc-default-executor-2] INFO  impl.RaftServerImpl (ServerState.java:setLeader(253)) - aaa5c692-9016-4656-9306-cdc445513dc5@group-0C392EE50FFF: change Leader from null to ebf51826-b858-4785-b052-bdc821d89ef7 at term 1 for appendEntries, leader elected after 5229ms
2019-09-29 11:44:38,390 [grpc-default-executor-0] INFO  impl.RaftServerImpl (ServerState.java:setLeader(253)) - 53f715b3-55a1-45fa-b787-d79dd980c516@group-0C392EE50FFF: change Leader from null to ebf51826-b858-4785-b052-bdc821d89ef7 at term 1 for appendEntries, leader elected after 5231ms
2019-09-29 11:44:38,389 [53f715b3-55a1-45fa-b787-d79dd980c516@group-ADD4B9C1C873:LeaderElection25] INFO  impl.RoleInfo (RoleInfo.java:shutdownLeaderElection(134)) - 53f715b3-55a1-45fa-b787-d79dd980c516: shutdown LeaderElection
2019-09-29 11:44:38,392 [53f715b3-55a1-45fa-b787-d79dd980c516@group-ADD4B9C1C873:LeaderElection25] INFO  impl.RaftServerImpl (RaftServerImpl.java:setRole(174)) - 53f715b3-55a1-45fa-b787-d79dd980c516@group-ADD4B9C1C873: changes role from CANDIDATE to LEADER at term 1 for changeToLeader
2019-09-29 11:44:38,392 [53f715b3-55a1-45fa-b787-d79dd980c516@group-ADD4B9C1C873:LeaderElection25] INFO  impl.RaftServerImpl (ServerState.java:setLeader(253)) - 53f715b3-55a1-45fa-b787-d79dd980c516@group-ADD4B9C1C873: change Leader from null to 53f715b3-55a1-45fa-b787-d79dd980c516 at term 1 for becomeLeader, leader elected after 5147ms
2019-09-29 11:44:38,392 [53f715b3-55a1-45fa-b787-d79dd980c516@group-ADD4B9C1C873:LeaderElection25] INFO  server.RaftServerConfigKeys (ConfUtils.java:logGet(43)) - raft.server.staging.catchup.gap = 1000 (default)
2019-09-29 11:44:38,392 [53f715b3-55a1-45fa-b787-d79dd980c516@group-ADD4B9C1C873:LeaderElection25] INFO  server.RaftServerConfigKeys (ConfUtils.java:logGet(43)) - raft.server.rpc.sleep.time = 25ms (default)
2019-09-29 11:44:38,393 [53f715b3-55a1-45fa-b787-d79dd980c516@group-ADD4B9C1C873:LeaderElection25] INFO  server.RaftServerConfigKeys (ConfUtils.java:logGet(43)) - raft.server.write.element-limit = 4096 (default)
2019-09-29 11:44:38,394 [53f715b3-55a1-45fa-b787-d79dd980c516@group-ADD4B9C1C873:LeaderElection25] INFO  server.RaftServerConfigKeys (ConfUtils.java:logGet(43)) - raft.server.watch.timeout = 10s (default)
2019-09-29 11:44:38,394 [53f715b3-55a1-45fa-b787-d79dd980c516@group-ADD4B9C1C873:LeaderElection25] INFO  server.RaftServerConfigKeys (ConfUtils.java:logGet(43)) - raft.server.watch.timeout.denomination = 1s (default)
2019-09-29 11:44:38,394 [53f715b3-55a1-45fa-b787-d79dd980c516@group-ADD4B9C1C873:LeaderElection25] INFO  server.RaftServerConfigKeys (ConfUtils.java:logGet(43)) - raft.server.watch.element-limit = 65536 (default)
2019-09-29 11:44:38,395 [grpc-default-executor-0] INFO  impl.RaftServerImpl (ServerState.java:setRaftConf(354)) - aaa5c692-9016-4656-9306-cdc445513dc5@group-0C392EE50FFF: set configuration 0: [ebf51826-b858-4785-b052-bdc821d89ef7:192.168.30.19:44511, aaa5c692-9016-4656-9306-cdc445513dc5:192.168.30.19:34286, 53f715b3-55a1-45fa-b787-d79dd980c516:192.168.30.19:44952], old=null at 0
2019-09-29 11:44:38,395 [grpc-default-executor-2] INFO  impl.RaftServerImpl (ServerState.java:setRaftConf(354)) - 53f715b3-55a1-45fa-b787-d79dd980c516@group-0C392EE50FFF: set configuration 0: [ebf51826-b858-4785-b052-bdc821d89ef7:192.168.30.19:44511, aaa5c692-9016-4656-9306-cdc445513dc5:192.168.30.19:34286, 53f715b3-55a1-45fa-b787-d79dd980c516:192.168.30.19:44952], old=null at 0
2019-09-29 11:44:38,395 [grpc-default-executor-0] INFO  segmented.SegmentedRaftLogWorker (SegmentedRaftLogWorker.java:startLogSegment(380)) - aaa5c692-9016-4656-9306-cdc445513dc5@group-0C392EE50FFF-SegmentedRaftLogWorker: Starting segment from index:0
2019-09-29 11:44:38,396 [grpc-default-executor-2] INFO  segmented.SegmentedRaftLogWorker (SegmentedRaftLogWorker.java:startLogSegment(380)) - 53f715b3-55a1-45fa-b787-d79dd980c516@group-0C392EE50FFF-SegmentedRaftLogWorker: Starting segment from index:0
2019-09-29 11:44:38,397 [53f715b3-55a1-45fa-b787-d79dd980c516@group-ADD4B9C1C873:LeaderElection25] INFO  server.RaftServerConfigKeys (ConfUtils.java:logGet(43)) - raft.server.log.appender.snapshot.chunk.size.max = 16MB (=16777216) (default)
2019-09-29 11:44:38,397 [53f715b3-55a1-45fa-b787-d79dd980c516@group-ADD4B9C1C873:LeaderElection25] INFO  server.RaftServerConfigKeys (ConfUtils.java:logGet(43)) - raft.server.log.appender.buffer.byte-limit = 33554432 (custom)
2019-09-29 11:44:38,397 [53f715b3-55a1-45fa-b787-d79dd980c516@group-ADD4B9C1C873:LeaderElection25] INFO  server.RaftServerConfigKeys (ConfUtils.java:logGet(43)) - raft.server.log.appender.buffer.element-limit = 1 (custom)
2019-09-29 11:44:38,397 [53f715b3-55a1-45fa-b787-d79dd980c516@group-ADD4B9C1C873:LeaderElection25] INFO  grpc.GrpcConfigKeys$Server (ConfUtils.java:logGet(43)) - raft.grpc.server.leader.outstanding.appends.max = 128 (default)
2019-09-29 11:44:38,397 [53f715b3-55a1-45fa-b787-d79dd980c516@group-ADD4B9C1C873:LeaderElection25] INFO  server.RaftServerConfigKeys (ConfUtils.java:logGet(43)) - raft.server.rpc.request.timeout = 3000ms (default)
2019-09-29 11:44:38,398 [53f715b3-55a1-45fa-b787-d79dd980c516@group-ADD4B9C1C873:LeaderElection25] INFO  server.RaftServerConfigKeys (ConfUtils.java:logGet(43)) - raft.server.log.appender.install.snapshot.enabled = false (custom)
2019-09-29 11:44:38,398 [53f715b3-55a1-45fa-b787-d79dd980c516@group-ADD4B9C1C873:LeaderElection25] INFO  server.RaftServerConfigKeys (ConfUtils.java:logGet(43)) - raft.server.log.appender.snapshot.chunk.size.max = 16MB (=16777216) (default)
2019-09-29 11:44:38,398 [53f715b3-55a1-45fa-b787-d79dd980c516@group-ADD4B9C1C873:LeaderElection25] INFO  server.RaftServerConfigKeys (ConfUtils.java:logGet(43)) - raft.server.log.appender.buffer.byte-limit = 33554432 (custom)
2019-09-29 11:44:38,398 [53f715b3-55a1-45fa-b787-d79dd980c516@group-ADD4B9C1C873:LeaderElection25] INFO  server.RaftServerConfigKeys (ConfUtils.java:logGet(43)) - raft.server.log.appender.buffer.element-limit = 1 (custom)
2019-09-29 11:44:38,398 [53f715b3-55a1-45fa-b787-d79dd980c516@group-ADD4B9C1C873:LeaderElection25] INFO  grpc.GrpcConfigKeys$Server (ConfUtils.java:logGet(43)) - raft.grpc.server.leader.outstanding.appends.max = 128 (default)
2019-09-29 11:44:38,399 [53f715b3-55a1-45fa-b787-d79dd980c516@group-ADD4B9C1C873:LeaderElection25] INFO  server.RaftServerConfigKeys (ConfUtils.java:logGet(43)) - raft.server.rpc.request.timeout = 3000ms (default)
2019-09-29 11:44:38,399 [53f715b3-55a1-45fa-b787-d79dd980c516@group-ADD4B9C1C873:LeaderElection25] INFO  server.RaftServerConfigKeys (ConfUtils.java:logGet(43)) - raft.server.log.appender.install.snapshot.enabled = false (custom)
2019-09-29 11:44:38,399 [53f715b3-55a1-45fa-b787-d79dd980c516@group-ADD4B9C1C873:LeaderElection25] INFO  impl.RoleInfo (RoleInfo.java:updateAndGet(143)) - 53f715b3-55a1-45fa-b787-d79dd980c516: start LeaderState
2019-09-29 11:44:38,399 [ebf51826-b858-4785-b052-bdc821d89ef7@group-0C392EE50FFF-SegmentedRaftLogWorker] INFO  segmented.SegmentedRaftLogWorker (SegmentedRaftLogWorker.java:execute(569)) - ebf51826-b858-4785-b052-bdc821d89ef7@group-0C392EE50FFF-SegmentedRaftLogWorker: created new log segment /workdir/hadoop-ozone/integration-test/target/test-dir/MiniOzoneClusterImpl-f85df494-bc24-4745-9cc1-2be7fe2eb31a/datanode-0/data/ratis/4f21fc69-969d-45ba-98de-0c392ee50fff/current/log_inprogress_0
2019-09-29 11:44:38,399 [53f715b3-55a1-45fa-b787-d79dd980c516@group-ADD4B9C1C873:LeaderElection25] INFO  segmented.SegmentedRaftLogWorker (SegmentedRaftLogWorker.java:startLogSegment(380)) - 53f715b3-55a1-45fa-b787-d79dd980c516@group-ADD4B9C1C873-SegmentedRaftLogWorker: Starting segment from index:0
2019-09-29 11:44:38,400 [53f715b3-55a1-45fa-b787-d79dd980c516@group-ADD4B9C1C873:LeaderElection25] INFO  impl.RaftServerImpl (ServerState.java:setRaftConf(354)) - 53f715b3-55a1-45fa-b787-d79dd980c516@group-ADD4B9C1C873: set configuration 0: [ebf51826-b858-4785-b052-bdc821d89ef7:192.168.30.19:44511, aaa5c692-9016-4656-9306-cdc445513dc5:192.168.30.19:34286, 53f715b3-55a1-45fa-b787-d79dd980c516:192.168.30.19:44952], old=null at 0
2019-09-29 11:44:38,433 [aaa5c692-9016-4656-9306-cdc445513dc5@group-018675EF265E:LeaderElection26] INFO  impl.LeaderElection (LeaderElection.java:askForVotes(182)) - aaa5c692-9016-4656-9306-cdc445513dc5@group-018675EF265E:LeaderElection26: begin an election at term 1 for -1: [ebf51826-b858-4785-b052-bdc821d89ef7:192.168.30.19:44511, aaa5c692-9016-4656-9306-cdc445513dc5:192.168.30.19:34286, 53f715b3-55a1-45fa-b787-d79dd980c516:192.168.30.19:44952], old=null
2019-09-29 11:44:38,433 [Thread-721] INFO  impl.FollowerState (FollowerState.java:run(106)) - 53f715b3-55a1-45fa-b787-d79dd980c516:group-018675EF265E changes to CANDIDATE, lastRpcTime:5074, electionTimeout:5042ms
2019-09-29 11:44:38,434 [Thread-721] INFO  impl.RoleInfo (RoleInfo.java:shutdownFollowerState(121)) - 53f715b3-55a1-45fa-b787-d79dd980c516: shutdown FollowerState
2019-09-29 11:44:38,434 [Thread-721] INFO  impl.RaftServerImpl (RaftServerImpl.java:setRole(174)) - 53f715b3-55a1-45fa-b787-d79dd980c516@group-018675EF265E: changes role from  FOLLOWER to CANDIDATE at term 0 for changeToCandidate
2019-09-29 11:44:38,434 [Thread-721] INFO  impl.RoleInfo (RoleInfo.java:updateAndGet(143)) - 53f715b3-55a1-45fa-b787-d79dd980c516: start LeaderElection
2019-09-29 11:44:38,462 [aaa5c692-9016-4656-9306-cdc445513dc5@group-0C392EE50FFF-SegmentedRaftLogWorker] INFO  segmented.SegmentedRaftLogWorker (SegmentedRaftLogWorker.java:execute(569)) - aaa5c692-9016-4656-9306-cdc445513dc5@group-0C392EE50FFF-SegmentedRaftLogWorker: created new log segment /workdir/hadoop-ozone/integration-test/target/test-dir/MiniOzoneClusterImpl-f85df494-bc24-4745-9cc1-2be7fe2eb31a/datanode-2/data/ratis/4f21fc69-969d-45ba-98de-0c392ee50fff/current/log_inprogress_0
2019-09-29 11:44:38,462 [53f715b3-55a1-45fa-b787-d79dd980c516@group-0C392EE50FFF-SegmentedRaftLogWorker] INFO  segmented.SegmentedRaftLogWorker (SegmentedRaftLogWorker.java:execute(569)) - 53f715b3-55a1-45fa-b787-d79dd980c516@group-0C392EE50FFF-SegmentedRaftLogWorker: created new log segment /workdir/hadoop-ozone/integration-test/target/test-dir/MiniOzoneClusterImpl-f85df494-bc24-4745-9cc1-2be7fe2eb31a/datanode-1/data/ratis/4f21fc69-969d-45ba-98de-0c392ee50fff/current/log_inprogress_0
2019-09-29 11:44:38,464 [grpc-default-executor-2] INFO  impl.RaftServerImpl (ServerState.java:setLeader(253)) - ebf51826-b858-4785-b052-bdc821d89ef7@group-ADD4B9C1C873: change Leader from null to 53f715b3-55a1-45fa-b787-d79dd980c516 at term 1 for appendEntries, leader elected after 5219ms
2019-09-29 11:44:38,467 [grpc-default-executor-3] INFO  impl.RaftServerImpl (ServerState.java:setLeader(253)) - aaa5c692-9016-4656-9306-cdc445513dc5@group-ADD4B9C1C873: change Leader from null to 53f715b3-55a1-45fa-b787-d79dd980c516 at term 1 for appendEntries, leader elected after 5222ms
2019-09-29 11:44:38,472 [grpc-default-executor-3] INFO  impl.RaftServerImpl (RaftServerImpl.java:setRole(174)) - ebf51826-b858-4785-b052-bdc821d89ef7@group-018675EF265E: changes role from  FOLLOWER to FOLLOWER at term 1 for recognizeCandidate:aaa5c692-9016-4656-9306-cdc445513dc5
2019-09-29 11:44:38,472 [grpc-default-executor-3] INFO  impl.RoleInfo (RoleInfo.java:shutdownFollowerState(121)) - ebf51826-b858-4785-b052-bdc821d89ef7: shutdown FollowerState
2019-09-29 11:44:38,472 [grpc-default-executor-2] INFO  impl.RaftServerImpl (ServerState.java:setRaftConf(354)) - aaa5c692-9016-4656-9306-cdc445513dc5@group-ADD4B9C1C873: set configuration 0: [ebf51826-b858-4785-b052-bdc821d89ef7:192.168.30.19:44511, aaa5c692-9016-4656-9306-cdc445513dc5:192.168.30.19:34286, 53f715b3-55a1-45fa-b787-d79dd980c516:192.168.30.19:44952], old=null at 0
2019-09-29 11:44:38,472 [grpc-default-executor-3] INFO  impl.RoleInfo (RoleInfo.java:updateAndGet(143)) - ebf51826-b858-4785-b052-bdc821d89ef7: start FollowerState
2019-09-29 11:44:38,472 [grpc-default-executor-2] INFO  segmented.SegmentedRaftLogWorker (SegmentedRaftLogWorker.java:startLogSegment(380)) - aaa5c692-9016-4656-9306-cdc445513dc5@group-ADD4B9C1C873-SegmentedRaftLogWorker: Starting segment from index:0
2019-09-29 11:44:38,472 [Thread-719] INFO  impl.FollowerState (FollowerState.java:run(115)) - ebf51826-b858-4785-b052-bdc821d89ef7: FollowerState was interrupted: java.lang.InterruptedException: sleep interrupted
2019-09-29 11:44:38,472 [grpc-default-executor-0] INFO  impl.RaftServerImpl (ServerState.java:setRaftConf(354)) - ebf51826-b858-4785-b052-bdc821d89ef7@group-ADD4B9C1C873: set configuration 0: [ebf51826-b858-4785-b052-bdc821d89ef7:192.168.30.19:44511, aaa5c692-9016-4656-9306-cdc445513dc5:192.168.30.19:34286, 53f715b3-55a1-45fa-b787-d79dd980c516:192.168.30.19:44952], old=null at 0
2019-09-29 11:44:38,478 [grpc-default-executor-0] INFO  segmented.SegmentedRaftLogWorker (SegmentedRaftLogWorker.java:startLogSegment(380)) - ebf51826-b858-4785-b052-bdc821d89ef7@group-ADD4B9C1C873-SegmentedRaftLogWorker: Starting segment from index:0
2019-09-29 11:44:38,511 [53f715b3-55a1-45fa-b787-d79dd980c516@group-ADD4B9C1C873-SegmentedRaftLogWorker] INFO  segmented.SegmentedRaftLogWorker (SegmentedRaftLogWorker.java:execute(569)) - 53f715b3-55a1-45fa-b787-d79dd980c516@group-ADD4B9C1C873-SegmentedRaftLogWorker: created new log segment /workdir/hadoop-ozone/integration-test/target/test-dir/MiniOzoneClusterImpl-f85df494-bc24-4745-9cc1-2be7fe2eb31a/datanode-1/data/ratis/00105b33-041f-447c-9348-add4b9c1c873/current/log_inprogress_0
2019-09-29 11:44:38,511 [53f715b3-55a1-45fa-b787-d79dd980c516@group-018675EF265E:LeaderElection27] INFO  impl.LeaderElection (LeaderElection.java:askForVotes(182)) - 53f715b3-55a1-45fa-b787-d79dd980c516@group-018675EF265E:LeaderElection27: begin an election at term 1 for -1: [ebf51826-b858-4785-b052-bdc821d89ef7:192.168.30.19:44511, aaa5c692-9016-4656-9306-cdc445513dc5:192.168.30.19:34286, 53f715b3-55a1-45fa-b787-d79dd980c516:192.168.30.19:44952], old=null
2019-09-29 11:44:38,517 [aaa5c692-9016-4656-9306-cdc445513dc5@group-018675EF265E:LeaderElection26] INFO  impl.LeaderElection (LeaderElection.java:logAndReturn(56)) - aaa5c692-9016-4656-9306-cdc445513dc5@group-018675EF265E:LeaderElection26: Election PASSED; received 2 response(s) [aaa5c692-9016-4656-9306-cdc445513dc5<-ebf51826-b858-4785-b052-bdc821d89ef7#0:OK-t1, aaa5c692-9016-4656-9306-cdc445513dc5<-53f715b3-55a1-45fa-b787-d79dd980c516#0:FAIL-t1] and 0 exception(s); aaa5c692-9016-4656-9306-cdc445513dc5@group-018675EF265E:t1, leader=null, voted=aaa5c692-9016-4656-9306-cdc445513dc5, raftlog=aaa5c692-9016-4656-9306-cdc445513dc5@group-018675EF265E-SegmentedRaftLog:OPENED:c-1,f-1,i0, conf=-1: [ebf51826-b858-4785-b052-bdc821d89ef7:192.168.30.19:44511, aaa5c692-9016-4656-9306-cdc445513dc5:192.168.30.19:34286, 53f715b3-55a1-45fa-b787-d79dd980c516:192.168.30.19:44952], old=null
2019-09-29 11:44:38,517 [aaa5c692-9016-4656-9306-cdc445513dc5@group-018675EF265E:LeaderElection26] INFO  impl.RoleInfo (RoleInfo.java:shutdownLeaderElection(134)) - aaa5c692-9016-4656-9306-cdc445513dc5: shutdown LeaderElection
2019-09-29 11:44:38,518 [aaa5c692-9016-4656-9306-cdc445513dc5@group-018675EF265E:LeaderElection26] INFO  impl.RaftServerImpl (RaftServerImpl.java:setRole(174)) - aaa5c692-9016-4656-9306-cdc445513dc5@group-018675EF265E: changes role from CANDIDATE to LEADER at term 1 for changeToLeader
2019-09-29 11:44:38,518 [aaa5c692-9016-4656-9306-cdc445513dc5@group-018675EF265E:LeaderElection26] INFO  impl.RaftServerImpl (ServerState.java:setLeader(253)) - aaa5c692-9016-4656-9306-cdc445513dc5@group-018675EF265E: change Leader from null to aaa5c692-9016-4656-9306-cdc445513dc5 at term 1 for becomeLeader, leader elected after 5180ms
2019-09-29 11:44:38,518 [aaa5c692-9016-4656-9306-cdc445513dc5@group-018675EF265E:LeaderElection26] INFO  server.RaftServerConfigKeys (ConfUtils.java:logGet(43)) - raft.server.staging.catchup.gap = 1000 (default)
2019-09-29 11:44:38,518 [aaa5c692-9016-4656-9306-cdc445513dc5@group-018675EF265E:LeaderElection26] INFO  server.RaftServerConfigKeys (ConfUtils.java:logGet(43)) - raft.server.rpc.sleep.time = 25ms (default)
2019-09-29 11:44:38,519 [aaa5c692-9016-4656-9306-cdc445513dc5@group-018675EF265E:LeaderElection26] INFO  server.RaftServerConfigKeys (ConfUtils.java:logGet(43)) - raft.server.write.element-limit = 4096 (default)
2019-09-29 11:44:38,519 [aaa5c692-9016-4656-9306-cdc445513dc5@group-018675EF265E:LeaderElection26] INFO  server.RaftServerConfigKeys (ConfUtils.java:logGet(43)) - raft.server.watch.timeout = 10s (default)
2019-09-29 11:44:38,519 [aaa5c692-9016-4656-9306-cdc445513dc5@group-018675EF265E:LeaderElection26] INFO  server.RaftServerConfigKeys (ConfUtils.java:logGet(43)) - raft.server.watch.timeout.denomination = 1s (default)
2019-09-29 11:44:38,519 [aaa5c692-9016-4656-9306-cdc445513dc5@group-018675EF265E:LeaderElection26] INFO  server.RaftServerConfigKeys (ConfUtils.java:logGet(43)) - raft.server.watch.element-limit = 65536 (default)
2019-09-29 11:44:38,523 [aaa5c692-9016-4656-9306-cdc445513dc5@group-018675EF265E:LeaderElection26] INFO  server.RaftServerConfigKeys (ConfUtils.java:logGet(43)) - raft.server.log.appender.snapshot.chunk.size.max = 16MB (=16777216) (default)
2019-09-29 11:44:38,523 [aaa5c692-9016-4656-9306-cdc445513dc5@group-018675EF265E:LeaderElection26] INFO  server.RaftServerConfigKeys (ConfUtils.java:logGet(43)) - raft.server.log.appender.buffer.byte-limit = 33554432 (custom)
2019-09-29 11:44:38,524 [aaa5c692-9016-4656-9306-cdc445513dc5@group-018675EF265E:LeaderElection26] INFO  server.RaftServerConfigKeys (ConfUtils.java:logGet(43)) - raft.server.log.appender.buffer.element-limit = 1 (custom)
2019-09-29 11:44:38,524 [aaa5c692-9016-4656-9306-cdc445513dc5@group-018675EF265E:LeaderElection26] INFO  grpc.GrpcConfigKeys$Server (ConfUtils.java:logGet(43)) - raft.grpc.server.leader.outstanding.appends.max = 128 (default)
2019-09-29 11:44:38,524 [aaa5c692-9016-4656-9306-cdc445513dc5@group-018675EF265E:LeaderElection26] INFO  server.RaftServerConfigKeys (ConfUtils.java:logGet(43)) - raft.server.rpc.request.timeout = 3000ms (default)
2019-09-29 11:44:38,524 [aaa5c692-9016-4656-9306-cdc445513dc5@group-018675EF265E:LeaderElection26] INFO  server.RaftServerConfigKeys (ConfUtils.java:logGet(43)) - raft.server.log.appender.install.snapshot.enabled = false (custom)
2019-09-29 11:44:38,524 [aaa5c692-9016-4656-9306-cdc445513dc5@group-018675EF265E:LeaderElection26] INFO  server.RaftServerConfigKeys (ConfUtils.java:logGet(43)) - raft.server.log.appender.snapshot.chunk.size.max = 16MB (=16777216) (default)
2019-09-29 11:44:38,525 [aaa5c692-9016-4656-9306-cdc445513dc5@group-018675EF265E:LeaderElection26] INFO  server.RaftServerConfigKeys (ConfUtils.java:logGet(43)) - raft.server.log.appender.buffer.byte-limit = 33554432 (custom)
2019-09-29 11:44:38,525 [aaa5c692-9016-4656-9306-cdc445513dc5@group-018675EF265E:LeaderElection26] INFO  server.RaftServerConfigKeys (ConfUtils.java:logGet(43)) - raft.server.log.appender.buffer.element-limit = 1 (custom)
2019-09-29 11:44:38,525 [aaa5c692-9016-4656-9306-cdc445513dc5@group-018675EF265E:LeaderElection26] INFO  grpc.GrpcConfigKeys$Server (ConfUtils.java:logGet(43)) - raft.grpc.server.leader.outstanding.appends.max = 128 (default)
2019-09-29 11:44:38,525 [aaa5c692-9016-4656-9306-cdc445513dc5@group-018675EF265E:LeaderElection26] INFO  server.RaftServerConfigKeys (ConfUtils.java:logGet(43)) - raft.server.rpc.request.timeout = 3000ms (default)
2019-09-29 11:44:38,526 [aaa5c692-9016-4656-9306-cdc445513dc5@group-018675EF265E:LeaderElection26] INFO  server.RaftServerConfigKeys (ConfUtils.java:logGet(43)) - raft.server.log.appender.install.snapshot.enabled = false (custom)
2019-09-29 11:44:38,526 [aaa5c692-9016-4656-9306-cdc445513dc5@group-018675EF265E:LeaderElection26] INFO  impl.RoleInfo (RoleInfo.java:updateAndGet(143)) - aaa5c692-9016-4656-9306-cdc445513dc5: start LeaderState
2019-09-29 11:44:38,526 [aaa5c692-9016-4656-9306-cdc445513dc5@group-018675EF265E:LeaderElection26] INFO  segmented.SegmentedRaftLogWorker (SegmentedRaftLogWorker.java:startLogSegment(380)) - aaa5c692-9016-4656-9306-cdc445513dc5@group-018675EF265E-SegmentedRaftLogWorker: Starting segment from index:0
2019-09-29 11:44:38,527 [aaa5c692-9016-4656-9306-cdc445513dc5@group-018675EF265E:LeaderElection26] INFO  impl.RaftServerImpl (ServerState.java:setRaftConf(354)) - aaa5c692-9016-4656-9306-cdc445513dc5@group-018675EF265E: set configuration 0: [ebf51826-b858-4785-b052-bdc821d89ef7:192.168.30.19:44511, aaa5c692-9016-4656-9306-cdc445513dc5:192.168.30.19:34286, 53f715b3-55a1-45fa-b787-d79dd980c516:192.168.30.19:44952], old=null at 0
2019-09-29 11:44:38,560 [ebf51826-b858-4785-b052-bdc821d89ef7@group-ADD4B9C1C873-SegmentedRaftLogWorker] INFO  segmented.SegmentedRaftLogWorker (SegmentedRaftLogWorker.java:execute(569)) - ebf51826-b858-4785-b052-bdc821d89ef7@group-ADD4B9C1C873-SegmentedRaftLogWorker: created new log segment /workdir/hadoop-ozone/integration-test/target/test-dir/MiniOzoneClusterImpl-f85df494-bc24-4745-9cc1-2be7fe2eb31a/datanode-0/data/ratis/00105b33-041f-447c-9348-add4b9c1c873/current/log_inprogress_0
2019-09-29 11:44:38,560 [aaa5c692-9016-4656-9306-cdc445513dc5@group-ADD4B9C1C873-SegmentedRaftLogWorker] INFO  segmented.SegmentedRaftLogWorker (SegmentedRaftLogWorker.java:execute(569)) - aaa5c692-9016-4656-9306-cdc445513dc5@group-ADD4B9C1C873-SegmentedRaftLogWorker: created new log segment /workdir/hadoop-ozone/integration-test/target/test-dir/MiniOzoneClusterImpl-f85df494-bc24-4745-9cc1-2be7fe2eb31a/datanode-2/data/ratis/00105b33-041f-447c-9348-add4b9c1c873/current/log_inprogress_0
2019-09-29 11:44:38,561 [grpc-default-executor-1] INFO  impl.RaftServerImpl (RaftServerImpl.java:requestVote(758)) - aaa5c692-9016-4656-9306-cdc445513dc5@group-018675EF265E-   LEADER: Withhold vote from candidate 53f715b3-55a1-45fa-b787-d79dd980c516 with term 1. State: leader=aaa5c692-9016-4656-9306-cdc445513dc5, term=1, lastRpcElapsed=null
2019-09-29 11:44:38,563 [53f715b3-55a1-45fa-b787-d79dd980c516@group-018675EF265E:LeaderElection27] INFO  impl.LeaderElection (LeaderElection.java:logAndReturn(56)) - 53f715b3-55a1-45fa-b787-d79dd980c516@group-018675EF265E:LeaderElection27: Election REJECTED; received 2 response(s) [53f715b3-55a1-45fa-b787-d79dd980c516<-ebf51826-b858-4785-b052-bdc821d89ef7#0:FAIL-t1, 53f715b3-55a1-45fa-b787-d79dd980c516<-aaa5c692-9016-4656-9306-cdc445513dc5#0:FAIL-t1] and 0 exception(s); 53f715b3-55a1-45fa-b787-d79dd980c516@group-018675EF265E:t1, leader=null, voted=53f715b3-55a1-45fa-b787-d79dd980c516, raftlog=53f715b3-55a1-45fa-b787-d79dd980c516@group-018675EF265E-SegmentedRaftLog:OPENED:c-1,f-1,i0, conf=-1: [ebf51826-b858-4785-b052-bdc821d89ef7:192.168.30.19:44511, aaa5c692-9016-4656-9306-cdc445513dc5:192.168.30.19:34286, 53f715b3-55a1-45fa-b787-d79dd980c516:192.168.30.19:44952], old=null
2019-09-29 11:44:38,564 [grpc-default-executor-0] INFO  impl.RaftServerImpl (RaftServerImpl.java:setRole(174)) - 53f715b3-55a1-45fa-b787-d79dd980c516@group-018675EF265E: changes role from CANDIDATE to FOLLOWER at term 1 for appendEntries
2019-09-29 11:44:38,564 [grpc-default-executor-0] INFO  impl.RoleInfo (RoleInfo.java:shutdownLeaderElection(134)) - 53f715b3-55a1-45fa-b787-d79dd980c516: shutdown LeaderElection
2019-09-29 11:44:38,564 [grpc-default-executor-1] INFO  impl.RaftServerImpl (ServerState.java:setLeader(253)) - ebf51826-b858-4785-b052-bdc821d89ef7@group-018675EF265E: change Leader from null to aaa5c692-9016-4656-9306-cdc445513dc5 at term 1 for appendEntries, leader elected after 5226ms
2019-09-29 11:44:38,566 [grpc-default-executor-0] INFO  impl.RoleInfo (RoleInfo.java:updateAndGet(143)) - 53f715b3-55a1-45fa-b787-d79dd980c516: start FollowerState
2019-09-29 11:44:38,566 [grpc-default-executor-0] INFO  impl.RaftServerImpl (ServerState.java:setLeader(253)) - 53f715b3-55a1-45fa-b787-d79dd980c516@group-018675EF265E: change Leader from null to aaa5c692-9016-4656-9306-cdc445513dc5 at term 1 for appendEntries, leader elected after 5228ms
2019-09-29 11:44:38,569 [grpc-default-executor-1] INFO  impl.RaftServerImpl (ServerState.java:setRaftConf(354)) - ebf51826-b858-4785-b052-bdc821d89ef7@group-018675EF265E: set configuration 0: [ebf51826-b858-4785-b052-bdc821d89ef7:192.168.30.19:44511, aaa5c692-9016-4656-9306-cdc445513dc5:192.168.30.19:34286, 53f715b3-55a1-45fa-b787-d79dd980c516:192.168.30.19:44952], old=null at 0
2019-09-29 11:44:38,570 [grpc-default-executor-1] INFO  segmented.SegmentedRaftLogWorker (SegmentedRaftLogWorker.java:startLogSegment(380)) - ebf51826-b858-4785-b052-bdc821d89ef7@group-018675EF265E-SegmentedRaftLogWorker: Starting segment from index:0
2019-09-29 11:44:38,570 [grpc-default-executor-0] INFO  impl.RaftServerImpl (ServerState.java:setRaftConf(354)) - 53f715b3-55a1-45fa-b787-d79dd980c516@group-018675EF265E: set configuration 0: [ebf51826-b858-4785-b052-bdc821d89ef7:192.168.30.19:44511, aaa5c692-9016-4656-9306-cdc445513dc5:192.168.30.19:34286, 53f715b3-55a1-45fa-b787-d79dd980c516:192.168.30.19:44952], old=null at 0
2019-09-29 11:44:38,571 [grpc-default-executor-0] INFO  segmented.SegmentedRaftLogWorker (SegmentedRaftLogWorker.java:startLogSegment(380)) - 53f715b3-55a1-45fa-b787-d79dd980c516@group-018675EF265E-SegmentedRaftLogWorker: Starting segment from index:0
2019-09-29 11:44:38,585 [aaa5c692-9016-4656-9306-cdc445513dc5@group-018675EF265E-SegmentedRaftLogWorker] INFO  segmented.SegmentedRaftLogWorker (SegmentedRaftLogWorker.java:execute(569)) - aaa5c692-9016-4656-9306-cdc445513dc5@group-018675EF265E-SegmentedRaftLogWorker: created new log segment /workdir/hadoop-ozone/integration-test/target/test-dir/MiniOzoneClusterImpl-f85df494-bc24-4745-9cc1-2be7fe2eb31a/datanode-2/data/ratis/97954c7b-b11b-4426-a002-018675ef265e/current/log_inprogress_0
2019-09-29 11:44:38,627 [ebf51826-b858-4785-b052-bdc821d89ef7@group-018675EF265E-SegmentedRaftLogWorker] INFO  segmented.SegmentedRaftLogWorker (SegmentedRaftLogWorker.java:execute(569)) - ebf51826-b858-4785-b052-bdc821d89ef7@group-018675EF265E-SegmentedRaftLogWorker: created new log segment /workdir/hadoop-ozone/integration-test/target/test-dir/MiniOzoneClusterImpl-f85df494-bc24-4745-9cc1-2be7fe2eb31a/datanode-0/data/ratis/97954c7b-b11b-4426-a002-018675ef265e/current/log_inprogress_0
2019-09-29 11:44:38,644 [53f715b3-55a1-45fa-b787-d79dd980c516@group-018675EF265E-SegmentedRaftLogWorker] INFO  segmented.SegmentedRaftLogWorker (SegmentedRaftLogWorker.java:execute(569)) - 53f715b3-55a1-45fa-b787-d79dd980c516@group-018675EF265E-SegmentedRaftLogWorker: created new log segment /workdir/hadoop-ozone/integration-test/target/test-dir/MiniOzoneClusterImpl-f85df494-bc24-4745-9cc1-2be7fe2eb31a/datanode-1/data/ratis/97954c7b-b11b-4426-a002-018675ef265e/current/log_inprogress_0
2019-09-29 11:44:39,028 [main] INFO  ozoneimpl.OzoneContainer (OzoneContainer.java:stop(231)) - Attempting to stop container services.
2019-09-29 11:44:39,028 [ForkJoinPool.commonPool-worker-1] INFO  ozoneimpl.OzoneContainer (OzoneContainer.java:stop(231)) - Attempting to stop container services.
2019-09-29 11:44:39,028 [main] INFO  impl.RaftServerProxy (RaftServerProxy.java:lambda$close$4(314)) - 53f715b3-55a1-45fa-b787-d79dd980c516: close
2019-09-29 11:44:39,029 [ForkJoinPool.commonPool-worker-1] INFO  impl.RaftServerProxy (RaftServerProxy.java:lambda$close$4(314)) - ebf51826-b858-4785-b052-bdc821d89ef7: close
2019-09-29 11:44:39,029 [main] INFO  impl.RaftServerImpl (RaftServerImpl.java:lambda$shutdown$3(251)) - 53f715b3-55a1-45fa-b787-d79dd980c516@group-018675EF265E: shutdown
2019-09-29 11:44:39,029 [ForkJoinPool.commonPool-worker-1] INFO  impl.RaftServerImpl (RaftServerImpl.java:lambda$shutdown$3(251)) - ebf51826-b858-4785-b052-bdc821d89ef7@group-018675EF265E: shutdown
2019-09-29 11:44:39,029 [main] INFO  util.JmxRegister (JmxRegister.java:unregister(73)) - Successfully un-registered JMX Bean with object name Ratis:service=RaftServer,group=group-018675EF265E,id=53f715b3-55a1-45fa-b787-d79dd980c516
2019-09-29 11:44:39,030 [ForkJoinPool.commonPool-worker-1] INFO  util.JmxRegister (JmxRegister.java:unregister(73)) - Successfully un-registered JMX Bean with object name Ratis:service=RaftServer,group=group-018675EF265E,id=ebf51826-b858-4785-b052-bdc821d89ef7
2019-09-29 11:44:39,030 [main] INFO  impl.RoleInfo (RoleInfo.java:shutdownFollowerState(121)) - 53f715b3-55a1-45fa-b787-d79dd980c516: shutdown FollowerState
2019-09-29 11:44:39,030 [ForkJoinPool.commonPool-worker-1] INFO  impl.RoleInfo (RoleInfo.java:shutdownFollowerState(121)) - ebf51826-b858-4785-b052-bdc821d89ef7: shutdown FollowerState
2019-09-29 11:44:39,031 [Thread-769] INFO  impl.FollowerState (FollowerState.java:run(115)) - 53f715b3-55a1-45fa-b787-d79dd980c516: FollowerState was interrupted: java.lang.InterruptedException: sleep interrupted
2019-09-29 11:44:39,031 [main] INFO  impl.StateMachineUpdater (StateMachineUpdater.java:stopAndJoin(125)) - 53f715b3-55a1-45fa-b787-d79dd980c516@group-018675EF265E-StateMachineUpdater: set stopIndex = -1
2019-09-29 11:44:39,032 [main] INFO  impl.RaftServerImpl (ServerState.java:close(385)) - 53f715b3-55a1-45fa-b787-d79dd980c516@group-018675EF265E: closes. applyIndex: -1
2019-09-29 11:44:39,031 [Thread-759] INFO  impl.FollowerState (FollowerState.java:run(115)) - ebf51826-b858-4785-b052-bdc821d89ef7: FollowerState was interrupted: java.lang.InterruptedException: sleep interrupted
2019-09-29 11:44:39,031 [ForkJoinPool.commonPool-worker-1] INFO  impl.StateMachineUpdater (StateMachineUpdater.java:stopAndJoin(125)) - ebf51826-b858-4785-b052-bdc821d89ef7@group-018675EF265E-StateMachineUpdater: set stopIndex = -1
2019-09-29 11:44:39,033 [ForkJoinPool.commonPool-worker-1] INFO  impl.RaftServerImpl (ServerState.java:close(385)) - ebf51826-b858-4785-b052-bdc821d89ef7@group-018675EF265E: closes. applyIndex: -1
2019-09-29 11:44:39,032 [53f715b3-55a1-45fa-b787-d79dd980c516@group-018675EF265E-SegmentedRaftLogWorker] INFO  segmented.SegmentedRaftLogWorker (SegmentedRaftLogWorker.java:run(313)) - 53f715b3-55a1-45fa-b787-d79dd980c516@group-018675EF265E-SegmentedRaftLogWorker was interrupted, exiting. There are 0 tasks remaining in the queue.
2019-09-29 11:44:39,033 [ebf51826-b858-4785-b052-bdc821d89ef7@group-018675EF265E-SegmentedRaftLogWorker] INFO  segmented.SegmentedRaftLogWorker (SegmentedRaftLogWorker.java:run(313)) - ebf51826-b858-4785-b052-bdc821d89ef7@group-018675EF265E-SegmentedRaftLogWorker was interrupted, exiting. There are 0 tasks remaining in the queue.
2019-09-29 11:44:39,036 [main] INFO  segmented.SegmentedRaftLogWorker (SegmentedRaftLogWorker.java:close(228)) - 53f715b3-55a1-45fa-b787-d79dd980c516@group-018675EF265E-SegmentedRaftLogWorker close()
2019-09-29 11:44:39,036 [ForkJoinPool.commonPool-worker-1] INFO  segmented.SegmentedRaftLogWorker (SegmentedRaftLogWorker.java:close(228)) - ebf51826-b858-4785-b052-bdc821d89ef7@group-018675EF265E-SegmentedRaftLogWorker close()
2019-09-29 11:44:39,040 [main] INFO  impl.RaftServerImpl (RaftServerImpl.java:lambda$shutdown$3(251)) - 53f715b3-55a1-45fa-b787-d79dd980c516@group-0C392EE50FFF: shutdown
2019-09-29 11:44:39,043 [ForkJoinPool.commonPool-worker-1] INFO  impl.RaftServerImpl (RaftServerImpl.java:lambda$shutdown$3(251)) - ebf51826-b858-4785-b052-bdc821d89ef7@group-0C392EE50FFF: shutdown
2019-09-29 11:44:39,043 [main] INFO  util.JmxRegister (JmxRegister.java:unregister(73)) - Successfully un-registered JMX Bean with object name Ratis:service=RaftServer,group=group-0C392EE50FFF,id=53f715b3-55a1-45fa-b787-d79dd980c516
2019-09-29 11:44:39,043 [ForkJoinPool.commonPool-worker-1] INFO  util.JmxRegister (JmxRegister.java:unregister(73)) - Successfully un-registered JMX Bean with object name Ratis:service=RaftServer,group=group-0C392EE50FFF,id=ebf51826-b858-4785-b052-bdc821d89ef7
2019-09-29 11:44:39,044 [main] INFO  impl.RoleInfo (RoleInfo.java:shutdownFollowerState(121)) - 53f715b3-55a1-45fa-b787-d79dd980c516: shutdown FollowerState
2019-09-29 11:44:39,044 [ForkJoinPool.commonPool-worker-1] INFO  impl.RoleInfo (RoleInfo.java:shutdownLeaderState(104)) - ebf51826-b858-4785-b052-bdc821d89ef7: shutdown LeaderState
2019-09-29 11:44:39,044 [Thread-735] INFO  impl.FollowerState (FollowerState.java:run(115)) - 53f715b3-55a1-45fa-b787-d79dd980c516: FollowerState was interrupted: java.lang.InterruptedException: sleep interrupted
2019-09-29 11:44:39,044 [main] INFO  impl.StateMachineUpdater (StateMachineUpdater.java:stopAndJoin(125)) - 53f715b3-55a1-45fa-b787-d79dd980c516@group-0C392EE50FFF-StateMachineUpdater: set stopIndex = -1
2019-09-29 11:44:39,047 [org.apache.ratis.server.impl.LogAppender$AppenderDaemon$$Lambda$398/167337190@207a6264] WARN  server.GrpcLogAppender (GrpcLogAppender.java:mayWait(143)) - ebf51826-b858-4785-b052-bdc821d89ef7@group-0C392EE50FFF->aaa5c692-9016-4656-9306-cdc445513dc5-GrpcLogAppender: Wait interrupted by java.lang.InterruptedException
2019-09-29 11:44:39,047 [org.apache.ratis.server.impl.LogAppender$AppenderDaemon$$Lambda$398/167337190@4b4fcbc7] WARN  server.GrpcLogAppender (GrpcLogAppender.java:mayWait(143)) - ebf51826-b858-4785-b052-bdc821d89ef7@group-0C392EE50FFF->53f715b3-55a1-45fa-b787-d79dd980c516-GrpcLogAppender: Wait interrupted by java.lang.InterruptedException
2019-09-29 11:44:39,047 [ForkJoinPool.commonPool-worker-1] INFO  impl.PendingRequests (PendingRequests.java:sendNotLeaderResponses(202)) - ebf51826-b858-4785-b052-bdc821d89ef7-PendingRequests: sendNotLeaderResponses
2019-09-29 11:44:39,048 [main] INFO  impl.RaftServerImpl (ServerState.java:close(385)) - 53f715b3-55a1-45fa-b787-d79dd980c516@group-0C392EE50FFF: closes. applyIndex: -1
2019-09-29 11:44:39,049 [grpc-default-executor-1] INFO  server.GrpcServerProtocolService (GrpcServerProtocolService.java:onCompleted(113)) - aaa5c692-9016-4656-9306-cdc445513dc5: Completed APPEND_ENTRIES, lastRequest: ebf51826-b858-4785-b052-bdc821d89ef7->aaa5c692-9016-4656-9306-cdc445513dc5#1-t1, previous=(t:0, i:0), leaderCommit=-1, initializing? false, entries: size=1, first=(t:1, i:0), CONFIGURATIONENTRY
2019-09-29 11:44:39,049 [ForkJoinPool.commonPool-worker-1] INFO  impl.StateMachineUpdater (StateMachineUpdater.java:stopAndJoin(125)) - ebf51826-b858-4785-b052-bdc821d89ef7@group-0C392EE50FFF-StateMachineUpdater: set stopIndex = 0
2019-09-29 11:44:39,050 [ForkJoinPool.commonPool-worker-1] INFO  impl.RaftServerImpl (ServerState.java:close(385)) - ebf51826-b858-4785-b052-bdc821d89ef7@group-0C392EE50FFF: closes. applyIndex: 0
2019-09-29 11:44:39,049 [53f715b3-55a1-45fa-b787-d79dd980c516@group-0C392EE50FFF-SegmentedRaftLogWorker] INFO  segmented.SegmentedRaftLogWorker (SegmentedRaftLogWorker.java:run(313)) - 53f715b3-55a1-45fa-b787-d79dd980c516@group-0C392EE50FFF-SegmentedRaftLogWorker was interrupted, exiting. There are 0 tasks remaining in the queue.
2019-09-29 11:44:39,049 [grpc-default-executor-0] INFO  server.GrpcServerProtocolService (GrpcServerProtocolService.java:onCompleted(113)) - 53f715b3-55a1-45fa-b787-d79dd980c516: Completed APPEND_ENTRIES, lastRequest: ebf51826-b858-4785-b052-bdc821d89ef7->53f715b3-55a1-45fa-b787-d79dd980c516#1-t1, previous=(t:0, i:0), leaderCommit=-1, initializing? false, entries: size=1, first=(t:1, i:0), CONFIGURATIONENTRY
2019-09-29 11:44:39,052 [grpc-default-executor-1] INFO  server.GrpcLogAppender (GrpcLogAppender.java:onCompleted(293)) - ebf51826-b858-4785-b052-bdc821d89ef7@group-0C392EE50FFF->aaa5c692-9016-4656-9306-cdc445513dc5-AppendLogResponseHandler: follower responses appendEntries COMPLETED
2019-09-29 11:44:39,052 [main] INFO  segmented.SegmentedRaftLogWorker (SegmentedRaftLogWorker.java:close(228)) - 53f715b3-55a1-45fa-b787-d79dd980c516@group-0C392EE50FFF-SegmentedRaftLogWorker close()
2019-09-29 11:44:39,050 [ebf51826-b858-4785-b052-bdc821d89ef7@group-0C392EE50FFF-SegmentedRaftLogWorker] INFO  segmented.SegmentedRaftLogWorker (SegmentedRaftLogWorker.java:run(313)) - ebf51826-b858-4785-b052-bdc821d89ef7@group-0C392EE50FFF-SegmentedRaftLogWorker was interrupted, exiting. There are 0 tasks remaining in the queue.
2019-09-29 11:44:39,057 [grpc-default-executor-0] INFO  server.GrpcLogAppender (GrpcLogAppender.java:onCompleted(293)) - ebf51826-b858-4785-b052-bdc821d89ef7@group-0C392EE50FFF->53f715b3-55a1-45fa-b787-d79dd980c516-AppendLogResponseHandler: follower responses appendEntries COMPLETED
2019-09-29 11:44:39,057 [main] INFO  impl.RaftServerImpl (RaftServerImpl.java:lambda$shutdown$3(251)) - 53f715b3-55a1-45fa-b787-d79dd980c516@group-5139DF49A10B: shutdown
2019-09-29 11:44:39,054 [grpc-default-executor-1] INFO  impl.FollowerInfo (FollowerInfo.java:lambda$new$0(51)) - ebf51826-b858-4785-b052-bdc821d89ef7@group-0C392EE50FFF->aaa5c692-9016-4656-9306-cdc445513dc5: nextIndex: updateUnconditionally 1 -> 0
2019-09-29 11:44:39,064 [main] INFO  util.JmxRegister (JmxRegister.java:unregister(73)) - Successfully un-registered JMX Bean with object name Ratis:service=RaftServer,group=group-5139DF49A10B,id=53f715b3-55a1-45fa-b787-d79dd980c516
2019-09-29 11:44:39,066 [main] INFO  impl.RoleInfo (RoleInfo.java:shutdownLeaderState(104)) - 53f715b3-55a1-45fa-b787-d79dd980c516: shutdown LeaderState
2019-09-29 11:44:39,064 [grpc-default-executor-0] INFO  impl.FollowerInfo (FollowerInfo.java:lambda$new$0(51)) - ebf51826-b858-4785-b052-bdc821d89ef7@group-0C392EE50FFF->53f715b3-55a1-45fa-b787-d79dd980c516: nextIndex: updateUnconditionally 1 -> 0
2019-09-29 11:44:39,059 [ForkJoinPool.commonPool-worker-1] INFO  segmented.SegmentedRaftLogWorker (SegmentedRaftLogWorker.java:close(228)) - ebf51826-b858-4785-b052-bdc821d89ef7@group-0C392EE50FFF-SegmentedRaftLogWorker close()
2019-09-29 11:44:39,067 [main] INFO  impl.PendingRequests (PendingRequests.java:sendNotLeaderResponses(202)) - 53f715b3-55a1-45fa-b787-d79dd980c516-PendingRequests: sendNotLeaderResponses
2019-09-29 11:44:39,070 [ForkJoinPool.commonPool-worker-1] INFO  impl.RaftServerImpl (RaftServerImpl.java:lambda$shutdown$3(251)) - ebf51826-b858-4785-b052-bdc821d89ef7@group-1785C3B4B301: shutdown
2019-09-29 11:44:39,071 [main] INFO  impl.StateMachineUpdater (StateMachineUpdater.java:stopAndJoin(125)) - 53f715b3-55a1-45fa-b787-d79dd980c516@group-5139DF49A10B-StateMachineUpdater: set stopIndex = 0
2019-09-29 11:44:39,071 [main] INFO  impl.RaftServerImpl (ServerState.java:close(385)) - 53f715b3-55a1-45fa-b787-d79dd980c516@group-5139DF49A10B: closes. applyIndex: 0
2019-09-29 11:44:39,071 [ForkJoinPool.commonPool-worker-1] INFO  util.JmxRegister (JmxRegister.java:unregister(73)) - Successfully un-registered JMX Bean with object name Ratis:service=RaftServer,group=group-1785C3B4B301,id=ebf51826-b858-4785-b052-bdc821d89ef7
2019-09-29 11:44:39,072 [53f715b3-55a1-45fa-b787-d79dd980c516@group-5139DF49A10B-SegmentedRaftLogWorker] INFO  segmented.SegmentedRaftLogWorker (SegmentedRaftLogWorker.java:run(313)) - 53f715b3-55a1-45fa-b787-d79dd980c516@group-5139DF49A10B-SegmentedRaftLogWorker was interrupted, exiting. There are 0 tasks remaining in the queue.
2019-09-29 11:44:39,072 [ForkJoinPool.commonPool-worker-1] INFO  impl.RoleInfo (RoleInfo.java:shutdownLeaderState(104)) - ebf51826-b858-4785-b052-bdc821d89ef7: shutdown LeaderState
2019-09-29 11:44:39,074 [main] INFO  segmented.SegmentedRaftLogWorker (SegmentedRaftLogWorker.java:close(228)) - 53f715b3-55a1-45fa-b787-d79dd980c516@group-5139DF49A10B-SegmentedRaftLogWorker close()
2019-09-29 11:44:39,074 [ForkJoinPool.commonPool-worker-1] INFO  impl.PendingRequests (PendingRequests.java:sendNotLeaderResponses(202)) - ebf51826-b858-4785-b052-bdc821d89ef7-PendingRequests: sendNotLeaderResponses
2019-09-29 11:44:39,077 [main] INFO  impl.RaftServerImpl (RaftServerImpl.java:lambda$shutdown$3(251)) - 53f715b3-55a1-45fa-b787-d79dd980c516@group-ADD4B9C1C873: shutdown
2019-09-29 11:44:39,077 [ForkJoinPool.commonPool-worker-1] INFO  impl.StateMachineUpdater (StateMachineUpdater.java:stopAndJoin(125)) - ebf51826-b858-4785-b052-bdc821d89ef7@group-1785C3B4B301-StateMachineUpdater: set stopIndex = 0
2019-09-29 11:44:39,078 [main] INFO  util.JmxRegister (JmxRegister.java:unregister(73)) - Successfully un-registered JMX Bean with object name Ratis:service=RaftServer,group=group-ADD4B9C1C873,id=53f715b3-55a1-45fa-b787-d79dd980c516
2019-09-29 11:44:39,078 [ForkJoinPool.commonPool-worker-1] INFO  impl.RaftServerImpl (ServerState.java:close(385)) - ebf51826-b858-4785-b052-bdc821d89ef7@group-1785C3B4B301: closes. applyIndex: 0
2019-09-29 11:44:39,078 [main] INFO  impl.RoleInfo (RoleInfo.java:shutdownLeaderState(104)) - 53f715b3-55a1-45fa-b787-d79dd980c516: shutdown LeaderState
2019-09-29 11:44:39,079 [ebf51826-b858-4785-b052-bdc821d89ef7@group-1785C3B4B301-SegmentedRaftLogWorker] INFO  segmented.SegmentedRaftLogWorker (SegmentedRaftLogWorker.java:run(313)) - ebf51826-b858-4785-b052-bdc821d89ef7@group-1785C3B4B301-SegmentedRaftLogWorker was interrupted, exiting. There are 0 tasks remaining in the queue.
2019-09-29 11:44:39,082 [main] INFO  impl.PendingRequests (PendingRequests.java:sendNotLeaderResponses(202)) - 53f715b3-55a1-45fa-b787-d79dd980c516-PendingRequests: sendNotLeaderResponses
2019-09-29 11:44:39,082 [org.apache.ratis.server.impl.LogAppender$AppenderDaemon$$Lambda$398/167337190@18227f02] WARN  server.GrpcLogAppender (GrpcLogAppender.java:mayWait(143)) - 53f715b3-55a1-45fa-b787-d79dd980c516@group-ADD4B9C1C873->aaa5c692-9016-4656-9306-cdc445513dc5-GrpcLogAppender: Wait interrupted by java.lang.InterruptedException
2019-09-29 11:44:39,084 [main] INFO  impl.StateMachineUpdater (StateMachineUpdater.java:stopAndJoin(125)) - 53f715b3-55a1-45fa-b787-d79dd980c516@group-ADD4B9C1C873-StateMachineUpdater: set stopIndex = 0
2019-09-29 11:44:39,084 [main] INFO  impl.RaftServerImpl (ServerState.java:close(385)) - 53f715b3-55a1-45fa-b787-d79dd980c516@group-ADD4B9C1C873: closes. applyIndex: 0
2019-09-29 11:44:39,083 [ForkJoinPool.commonPool-worker-1] INFO  segmented.SegmentedRaftLogWorker (SegmentedRaftLogWorker.java:close(228)) - ebf51826-b858-4785-b052-bdc821d89ef7@group-1785C3B4B301-SegmentedRaftLogWorker close()
2019-09-29 11:44:39,082 [org.apache.ratis.server.impl.LogAppender$AppenderDaemon$$Lambda$398/167337190@304015b7] WARN  server.GrpcLogAppender (GrpcLogAppender.java:mayWait(143)) - 53f715b3-55a1-45fa-b787-d79dd980c516@group-ADD4B9C1C873->ebf51826-b858-4785-b052-bdc821d89ef7-GrpcLogAppender: Wait interrupted by java.lang.InterruptedException
2019-09-29 11:44:39,085 [grpc-default-executor-0] INFO  server.GrpcServerProtocolService (GrpcServerProtocolService.java:onCompleted(113)) - aaa5c692-9016-4656-9306-cdc445513dc5: Completed APPEND_ENTRIES, lastRequest: 53f715b3-55a1-45fa-b787-d79dd980c516->aaa5c692-9016-4656-9306-cdc445513dc5#1-t1, previous=(t:0, i:0), leaderCommit=-1, initializing? false, entries: size=1, first=(t:1, i:0), CONFIGURATIONENTRY
2019-09-29 11:44:39,085 [53f715b3-55a1-45fa-b787-d79dd980c516@group-ADD4B9C1C873-SegmentedRaftLogWorker] INFO  segmented.SegmentedRaftLogWorker (SegmentedRaftLogWorker.java:run(313)) - 53f715b3-55a1-45fa-b787-d79dd980c516@group-ADD4B9C1C873-SegmentedRaftLogWorker was interrupted, exiting. There are 0 tasks remaining in the queue.
2019-09-29 11:44:39,088 [ForkJoinPool.commonPool-worker-1] INFO  impl.RaftServerImpl (RaftServerImpl.java:lambda$shutdown$3(251)) - ebf51826-b858-4785-b052-bdc821d89ef7@group-ADD4B9C1C873: shutdown
2019-09-29 11:44:39,089 [main] INFO  segmented.SegmentedRaftLogWorker (SegmentedRaftLogWorker.java:close(228)) - 53f715b3-55a1-45fa-b787-d79dd980c516@group-ADD4B9C1C873-SegmentedRaftLogWorker close()
2019-09-29 11:44:39,090 [grpc-default-executor-1] INFO  server.GrpcLogAppender (GrpcLogAppender.java:onCompleted(293)) - 53f715b3-55a1-45fa-b787-d79dd980c516@group-ADD4B9C1C873->aaa5c692-9016-4656-9306-cdc445513dc5-AppendLogResponseHandler: follower responses appendEntries COMPLETED
2019-09-29 11:44:39,090 [ForkJoinPool.commonPool-worker-1] INFO  util.JmxRegister (JmxRegister.java:unregister(73)) - Successfully un-registered JMX Bean with object name Ratis:service=RaftServer,group=group-ADD4B9C1C873,id=ebf51826-b858-4785-b052-bdc821d89ef7
2019-09-29 11:44:39,090 [grpc-default-executor-0] INFO  server.GrpcServerProtocolService (GrpcServerProtocolService.java:onCompleted(113)) - ebf51826-b858-4785-b052-bdc821d89ef7: Completed APPEND_ENTRIES, lastRequest: 53f715b3-55a1-45fa-b787-d79dd980c516->ebf51826-b858-4785-b052-bdc821d89ef7#1-t1, previous=(t:0, i:0), leaderCommit=-1, initializing? false, entries: size=1, first=(t:1, i:0), CONFIGURATIONENTRY
2019-09-29 11:44:39,093 [ForkJoinPool.commonPool-worker-1] INFO  impl.RoleInfo (RoleInfo.java:shutdownFollowerState(121)) - ebf51826-b858-4785-b052-bdc821d89ef7: shutdown FollowerState
2019-09-29 11:44:39,093 [grpc-default-executor-1] INFO  impl.FollowerInfo (FollowerInfo.java:lambda$new$0(51)) - 53f715b3-55a1-45fa-b787-d79dd980c516@group-ADD4B9C1C873->aaa5c692-9016-4656-9306-cdc445513dc5: nextIndex: updateUnconditionally 1 -> 0
2019-09-29 11:44:39,094 [grpc-default-executor-0] INFO  server.GrpcLogAppender (GrpcLogAppender.java:onCompleted(293)) - 53f715b3-55a1-45fa-b787-d79dd980c516@group-ADD4B9C1C873->ebf51826-b858-4785-b052-bdc821d89ef7-AppendLogResponseHandler: follower responses appendEntries COMPLETED
2019-09-29 11:44:39,093 [main] INFO  server.GrpcService (GrpcService.java:closeImpl(164)) - 53f715b3-55a1-45fa-b787-d79dd980c516: shutdown server with port 44952 now
2019-09-29 11:44:39,094 [grpc-default-executor-0] INFO  impl.FollowerInfo (FollowerInfo.java:lambda$new$0(51)) - 53f715b3-55a1-45fa-b787-d79dd980c516@group-ADD4B9C1C873->ebf51826-b858-4785-b052-bdc821d89ef7: nextIndex: updateUnconditionally 1 -> 0
2019-09-29 11:44:39,094 [Thread-741] INFO  impl.FollowerState (FollowerState.java:run(115)) - ebf51826-b858-4785-b052-bdc821d89ef7: FollowerState was interrupted: java.lang.InterruptedException: sleep interrupted
2019-09-29 11:44:39,093 [ForkJoinPool.commonPool-worker-1] INFO  impl.StateMachineUpdater (StateMachineUpdater.java:stopAndJoin(125)) - ebf51826-b858-4785-b052-bdc821d89ef7@group-ADD4B9C1C873-StateMachineUpdater: set stopIndex = -1
2019-09-29 11:44:39,095 [grpc-default-executor-1] WARN  server.GrpcServerProtocolService (LogUtils.java:warn(134)) - 53f715b3-55a1-45fa-b787-d79dd980c516: installSnapshot onError, lastRequest: aaa5c692-9016-4656-9306-cdc445513dc5->53f715b3-55a1-45fa-b787-d79dd980c516#1-t1, previous=(t:0, i:0), leaderCommit=-1, initializing? false, entries: size=1, first=(t:1, i:0), CONFIGURATIONENTRY: org.apache.ratis.thirdparty.io.grpc.StatusRuntimeException: CANCELLED: cancelled before receiving half close
2019-09-29 11:44:39,095 [ForkJoinPool.commonPool-worker-1] INFO  impl.RaftServerImpl (ServerState.java:close(385)) - ebf51826-b858-4785-b052-bdc821d89ef7@group-ADD4B9C1C873: closes. applyIndex: -1
2019-09-29 11:44:39,095 [main] INFO  server.GrpcService (GrpcService.java:closeImpl(172)) - 53f715b3-55a1-45fa-b787-d79dd980c516: shutdown server with port 44952 successfully
2019-09-29 11:44:39,096 [ebf51826-b858-4785-b052-bdc821d89ef7@group-ADD4B9C1C873-SegmentedRaftLogWorker] INFO  segmented.SegmentedRaftLogWorker (SegmentedRaftLogWorker.java:run(313)) - ebf51826-b858-4785-b052-bdc821d89ef7@group-ADD4B9C1C873-SegmentedRaftLogWorker was interrupted, exiting. There are 0 tasks remaining in the queue.
2019-09-29 11:44:39,095 [grpc-default-executor-0] WARN  server.GrpcLogAppender (LogUtils.java:warn(134)) - aaa5c692-9016-4656-9306-cdc445513dc5@group-018675EF265E->53f715b3-55a1-45fa-b787-d79dd980c516-AppendLogResponseHandler: Failed appendEntries: org.apache.ratis.thirdparty.io.grpc.StatusRuntimeException: CANCELLED: HTTP/2 error code: CANCEL
Received Rst Stream
2019-09-29 11:44:39,098 [ForkJoinPool.commonPool-worker-1] INFO  segmented.SegmentedRaftLogWorker (SegmentedRaftLogWorker.java:close(228)) - ebf51826-b858-4785-b052-bdc821d89ef7@group-ADD4B9C1C873-SegmentedRaftLogWorker close()
2019-09-29 11:44:39,098 [grpc-default-executor-0] INFO  impl.FollowerInfo (FollowerInfo.java:lambda$new$0(51)) - aaa5c692-9016-4656-9306-cdc445513dc5@group-018675EF265E->53f715b3-55a1-45fa-b787-d79dd980c516: nextIndex: updateUnconditionally 1 -> 0
2019-09-29 11:44:39,101 [ForkJoinPool.commonPool-worker-1] INFO  server.GrpcService (GrpcService.java:closeImpl(164)) - ebf51826-b858-4785-b052-bdc821d89ef7: shutdown server with port 44511 now
2019-09-29 11:44:39,102 [grpc-default-executor-1] WARN  server.GrpcServerProtocolService (LogUtils.java:warn(134)) - ebf51826-b858-4785-b052-bdc821d89ef7: installSnapshot onError, lastRequest: aaa5c692-9016-4656-9306-cdc445513dc5->ebf51826-b858-4785-b052-bdc821d89ef7#1-t1, previous=(t:0, i:0), leaderCommit=-1, initializing? false, entries: size=1, first=(t:1, i:0), CONFIGURATIONENTRY: org.apache.ratis.thirdparty.io.grpc.StatusRuntimeException: CANCELLED: cancelled before receiving half close
2019-09-29 11:44:39,102 [ForkJoinPool.commonPool-worker-1] INFO  server.GrpcService (GrpcService.java:closeImpl(172)) - ebf51826-b858-4785-b052-bdc821d89ef7: shutdown server with port 44511 successfully
2019-09-29 11:44:39,103 [grpc-default-executor-0] WARN  server.GrpcLogAppender (LogUtils.java:warn(134)) - aaa5c692-9016-4656-9306-cdc445513dc5@group-018675EF265E->ebf51826-b858-4785-b052-bdc821d89ef7-AppendLogResponseHandler: Failed appendEntries: org.apache.ratis.thirdparty.io.grpc.StatusRuntimeException: CANCELLED: HTTP/2 error code: CANCEL
Received Rst Stream
2019-09-29 11:44:39,105 [grpc-default-executor-0] INFO  impl.FollowerInfo (FollowerInfo.java:lambda$new$0(51)) - aaa5c692-9016-4656-9306-cdc445513dc5@group-018675EF265E->ebf51826-b858-4785-b052-bdc821d89ef7: nextIndex: updateUnconditionally 1 -> 0
2019-09-29 11:44:39,105 [refreshUsed-/workdir/hadoop-ozone/integration-test/target/test-dir/MiniOzoneClusterImpl-f85df494-bc24-4745-9cc1-2be7fe2eb31a/datanode-1/data/containers] WARN  fs.CachingGetSpaceUsed (CachingGetSpaceUsed.java:run(183)) - Thread Interrupted waiting to refresh disk information: sleep interrupted
2019-09-29 11:44:39,109 [refreshUsed-/workdir/hadoop-ozone/integration-test/target/test-dir/MiniOzoneClusterImpl-f85df494-bc24-4745-9cc1-2be7fe2eb31a/datanode-0/data/containers] WARN  fs.CachingGetSpaceUsed (CachingGetSpaceUsed.java:run(183)) - Thread Interrupted waiting to refresh disk information: sleep interrupted
2019-09-29 11:44:39,124 [main] INFO  utils.BackgroundService (BackgroundService.java:shutdown(148)) - Shutting down service BlockDeletingService
2019-09-29 11:44:39,128 [main] INFO  statemachine.DatanodeStateMachine (DatanodeStateMachine.java:stopDaemon(395)) - Ozone container server stopped.
2019-09-29 11:44:39,129 [main] INFO  handler.ContextHandler (ContextHandler.java:doStop(910)) - Stopped o.e.j.w.WebAppContext@c017175{/,null,UNAVAILABLE}{/hddsDatanode}
2019-09-29 11:44:39,130 [main] INFO  server.AbstractConnector (AbstractConnector.java:doStop(318)) - Stopped ServerConnector@559cedee{HTTP/1.1,[http/1.1]}{0.0.0.0:0}
2019-09-29 11:44:39,130 [main] INFO  handler.ContextHandler (ContextHandler.java:doStop(910)) - Stopped o.e.j.s.ServletContextHandler@37d28f02{/static,jar:file:/home/user/.m2/repository/org/apache/hadoop/hadoop-hdds-container-service/0.5.0-SNAPSHOT/hadoop-hdds-container-service-0.5.0-SNAPSHOT.jar!/webapps/static,UNAVAILABLE}
2019-09-29 11:44:39,131 [main] INFO  handler.ContextHandler (ContextHandler.java:doStop(910)) - Stopped o.e.j.s.ServletContextHandler@6232ffdb{/logs,file:///workdir/hadoop-ozone/integration-test/target/log,UNAVAILABLE}
2019-09-29 11:44:39,131 [ForkJoinPool.commonPool-worker-1] INFO  utils.BackgroundService (BackgroundService.java:shutdown(148)) - Shutting down service BlockDeletingService
2019-09-29 11:44:39,135 [ForkJoinPool.commonPool-worker-1] INFO  statemachine.DatanodeStateMachine (DatanodeStateMachine.java:stopDaemon(395)) - Ozone container server stopped.
2019-09-29 11:44:39,138 [ForkJoinPool.commonPool-worker-1] INFO  handler.ContextHandler (ContextHandler.java:doStop(910)) - Stopped o.e.j.w.WebAppContext@521bb1a4{/,null,UNAVAILABLE}{/hddsDatanode}
2019-09-29 11:44:39,139 [ForkJoinPool.commonPool-worker-1] INFO  server.AbstractConnector (AbstractConnector.java:doStop(318)) - Stopped ServerConnector@35f3a22c{HTTP/1.1,[http/1.1]}{0.0.0.0:0}
2019-09-29 11:44:39,140 [ForkJoinPool.commonPool-worker-1] INFO  handler.ContextHandler (ContextHandler.java:doStop(910)) - Stopped o.e.j.s.ServletContextHandler@24386839{/static,jar:file:/home/user/.m2/repository/org/apache/hadoop/hadoop-hdds-container-service/0.5.0-SNAPSHOT/hadoop-hdds-container-service-0.5.0-SNAPSHOT.jar!/webapps/static,UNAVAILABLE}
2019-09-29 11:44:39,141 [ForkJoinPool.commonPool-worker-1] INFO  handler.ContextHandler (ContextHandler.java:doStop(910)) - Stopped o.e.j.s.ServletContextHandler@7e7fe6d{/logs,file:///workdir/hadoop-ozone/integration-test/target/log,UNAVAILABLE}
2019-09-29 11:44:39,974 [Datanode State Machine Thread - 0] INFO  statemachine.DatanodeStateMachine (DatanodeStateMachine.java:lambda$startDaemon$0(350)) - Ozone container server started.
2019-09-29 11:44:41,137 [grpc-default-executor-1] WARN  server.GrpcLogAppender (LogUtils.java:warn(134)) - aaa5c692-9016-4656-9306-cdc445513dc5@group-018675EF265E->ebf51826-b858-4785-b052-bdc821d89ef7-AppendLogResponseHandler: Failed appendEntries: org.apache.ratis.thirdparty.io.grpc.StatusRuntimeException: UNAVAILABLE: io exception
2019-09-29 11:44:41,139 [grpc-default-executor-1] INFO  impl.FollowerInfo (FollowerInfo.java:lambda$new$0(51)) - aaa5c692-9016-4656-9306-cdc445513dc5@group-018675EF265E->ebf51826-b858-4785-b052-bdc821d89ef7: nextIndex: updateUnconditionally 0 -> 0
2019-09-29 11:44:41,161 [grpc-default-executor-3] WARN  server.GrpcLogAppender (LogUtils.java:warn(134)) - aaa5c692-9016-4656-9306-cdc445513dc5@group-018675EF265E->53f715b3-55a1-45fa-b787-d79dd980c516-AppendLogResponseHandler: Failed appendEntries: org.apache.ratis.thirdparty.io.grpc.StatusRuntimeException: UNAVAILABLE: io exception
2019-09-29 11:44:41,162 [grpc-default-executor-3] INFO  impl.FollowerInfo (FollowerInfo.java:lambda$new$0(51)) - aaa5c692-9016-4656-9306-cdc445513dc5@group-018675EF265E->53f715b3-55a1-45fa-b787-d79dd980c516: nextIndex: updateUnconditionally 0 -> 0
2019-09-29 11:44:43,638 [grpc-default-executor-0] WARN  server.GrpcLogAppender (LogUtils.java:warn(134)) - aaa5c692-9016-4656-9306-cdc445513dc5@group-018675EF265E->ebf51826-b858-4785-b052-bdc821d89ef7-AppendLogResponseHandler: Failed appendEntries: org.apache.ratis.thirdparty.io.grpc.StatusRuntimeException: UNAVAILABLE: io exception
2019-09-29 11:44:43,640 [grpc-default-executor-0] INFO  impl.FollowerInfo (FollowerInfo.java:lambda$new$0(51)) - aaa5c692-9016-4656-9306-cdc445513dc5@group-018675EF265E->ebf51826-b858-4785-b052-bdc821d89ef7: nextIndex: updateUnconditionally 0 -> 0
2019-09-29 11:44:43,661 [grpc-default-executor-1] WARN  server.GrpcLogAppender (LogUtils.java:warn(134)) - aaa5c692-9016-4656-9306-cdc445513dc5@group-018675EF265E->53f715b3-55a1-45fa-b787-d79dd980c516-AppendLogResponseHandler: Failed appendEntries: org.apache.ratis.thirdparty.io.grpc.StatusRuntimeException: UNAVAILABLE: io exception
2019-09-29 11:44:43,663 [grpc-default-executor-1] INFO  impl.FollowerInfo (FollowerInfo.java:lambda$new$0(51)) - aaa5c692-9016-4656-9306-cdc445513dc5@group-018675EF265E->53f715b3-55a1-45fa-b787-d79dd980c516: nextIndex: updateUnconditionally 0 -> 0
2019-09-29 11:44:44,133 [main] INFO  ozoneimpl.OzoneContainer (OzoneContainer.java:stop(231)) - Attempting to stop container services.
2019-09-29 11:44:44,134 [main] INFO  impl.RaftServerProxy (RaftServerProxy.java:lambda$close$4(314)) - aaa5c692-9016-4656-9306-cdc445513dc5: close
2019-09-29 11:44:44,134 [main] INFO  impl.RaftServerImpl (RaftServerImpl.java:lambda$shutdown$3(251)) - aaa5c692-9016-4656-9306-cdc445513dc5@group-018675EF265E: shutdown
2019-09-29 11:44:44,134 [ForkJoinPool.commonPool-worker-0] INFO  impl.RaftServerImpl (RaftServerImpl.java:lambda$shutdown$3(251)) - aaa5c692-9016-4656-9306-cdc445513dc5@group-52D40B576B17: shutdown
2019-09-29 11:44:44,135 [main] INFO  util.JmxRegister (JmxRegister.java:unregister(73)) - Successfully un-registered JMX Bean with object name Ratis:service=RaftServer,group=group-018675EF265E,id=aaa5c692-9016-4656-9306-cdc445513dc5
2019-09-29 11:44:44,135 [ForkJoinPool.commonPool-worker-0] INFO  util.JmxRegister (JmxRegister.java:unregister(73)) - Successfully un-registered JMX Bean with object name Ratis:service=RaftServer,group=group-52D40B576B17,id=aaa5c692-9016-4656-9306-cdc445513dc5
2019-09-29 11:44:44,135 [main] INFO  impl.RoleInfo (RoleInfo.java:shutdownLeaderState(104)) - aaa5c692-9016-4656-9306-cdc445513dc5: shutdown LeaderState
2019-09-29 11:44:44,135 [ForkJoinPool.commonPool-worker-0] INFO  impl.RoleInfo (RoleInfo.java:shutdownLeaderState(104)) - aaa5c692-9016-4656-9306-cdc445513dc5: shutdown LeaderState
2019-09-29 11:44:44,138 [main] INFO  impl.PendingRequests (PendingRequests.java:sendNotLeaderResponses(202)) - aaa5c692-9016-4656-9306-cdc445513dc5-PendingRequests: sendNotLeaderResponses
2019-09-29 11:44:44,138 [org.apache.ratis.server.impl.LogAppender$AppenderDaemon$$Lambda$398/167337190@315cc644] WARN  server.GrpcLogAppender (GrpcLogAppender.java:mayWait(143)) - aaa5c692-9016-4656-9306-cdc445513dc5@group-018675EF265E->ebf51826-b858-4785-b052-bdc821d89ef7-GrpcLogAppender: Wait interrupted by java.lang.InterruptedException
2019-09-29 11:44:44,138 [ForkJoinPool.commonPool-worker-0] INFO  impl.PendingRequests (PendingRequests.java:sendNotLeaderResponses(202)) - aaa5c692-9016-4656-9306-cdc445513dc5-PendingRequests: sendNotLeaderResponses
2019-09-29 11:44:44,138 [org.apache.ratis.server.impl.LogAppender$AppenderDaemon$$Lambda$398/167337190@7e5b7d51] WARN  server.GrpcLogAppender (GrpcLogAppender.java:mayWait(143)) - aaa5c692-9016-4656-9306-cdc445513dc5@group-018675EF265E->53f715b3-55a1-45fa-b787-d79dd980c516-GrpcLogAppender: Wait interrupted by java.lang.InterruptedException
2019-09-29 11:44:44,139 [ForkJoinPool.commonPool-worker-0] INFO  impl.StateMachineUpdater (StateMachineUpdater.java:stopAndJoin(125)) - aaa5c692-9016-4656-9306-cdc445513dc5@group-52D40B576B17-StateMachineUpdater: set stopIndex = 0
2019-09-29 11:44:44,139 [main] INFO  impl.StateMachineUpdater (StateMachineUpdater.java:stopAndJoin(125)) - aaa5c692-9016-4656-9306-cdc445513dc5@group-018675EF265E-StateMachineUpdater: set stopIndex = 0
2019-09-29 11:44:44,140 [ForkJoinPool.commonPool-worker-0] INFO  impl.RaftServerImpl (ServerState.java:close(385)) - aaa5c692-9016-4656-9306-cdc445513dc5@group-52D40B576B17: closes. applyIndex: 0
2019-09-29 11:44:44,140 [main] INFO  impl.RaftServerImpl (ServerState.java:close(385)) - aaa5c692-9016-4656-9306-cdc445513dc5@group-018675EF265E: closes. applyIndex: 0
2019-09-29 11:44:44,140 [aaa5c692-9016-4656-9306-cdc445513dc5@group-52D40B576B17-SegmentedRaftLogWorker] INFO  segmented.SegmentedRaftLogWorker (SegmentedRaftLogWorker.java:run(313)) - aaa5c692-9016-4656-9306-cdc445513dc5@group-52D40B576B17-SegmentedRaftLogWorker was interrupted, exiting. There are 0 tasks remaining in the queue.
2019-09-29 11:44:44,141 [aaa5c692-9016-4656-9306-cdc445513dc5@group-018675EF265E-SegmentedRaftLogWorker] INFO  segmented.SegmentedRaftLogWorker (SegmentedRaftLogWorker.java:run(313)) - aaa5c692-9016-4656-9306-cdc445513dc5@group-018675EF265E-SegmentedRaftLogWorker was interrupted, exiting. There are 0 tasks remaining in the queue.
2019-09-29 11:44:44,142 [ForkJoinPool.commonPool-worker-0] INFO  segmented.SegmentedRaftLogWorker (SegmentedRaftLogWorker.java:close(228)) - aaa5c692-9016-4656-9306-cdc445513dc5@group-52D40B576B17-SegmentedRaftLogWorker close()
2019-09-29 11:44:44,144 [ForkJoinPool.commonPool-worker-0] INFO  impl.RaftServerImpl (RaftServerImpl.java:lambda$shutdown$3(251)) - aaa5c692-9016-4656-9306-cdc445513dc5@group-ADD4B9C1C873: shutdown
2019-09-29 11:44:44,144 [ForkJoinPool.commonPool-worker-0] INFO  util.JmxRegister (JmxRegister.java:unregister(73)) - Successfully un-registered JMX Bean with object name Ratis:service=RaftServer,group=group-ADD4B9C1C873,id=aaa5c692-9016-4656-9306-cdc445513dc5
2019-09-29 11:44:44,145 [ForkJoinPool.commonPool-worker-0] INFO  impl.RoleInfo (RoleInfo.java:shutdownFollowerState(121)) - aaa5c692-9016-4656-9306-cdc445513dc5: shutdown FollowerState
2019-09-29 11:44:44,145 [ForkJoinPool.commonPool-worker-0] INFO  impl.StateMachineUpdater (StateMachineUpdater.java:stopAndJoin(125)) - aaa5c692-9016-4656-9306-cdc445513dc5@group-ADD4B9C1C873-StateMachineUpdater: set stopIndex = -1
2019-09-29 11:44:44,145 [Thread-740] INFO  impl.FollowerState (FollowerState.java:run(115)) - aaa5c692-9016-4656-9306-cdc445513dc5: FollowerState was interrupted: java.lang.InterruptedException: sleep interrupted
2019-09-29 11:44:44,145 [ForkJoinPool.commonPool-worker-0] INFO  impl.RaftServerImpl (ServerState.java:close(385)) - aaa5c692-9016-4656-9306-cdc445513dc5@group-ADD4B9C1C873: closes. applyIndex: -1
2019-09-29 11:44:44,146 [aaa5c692-9016-4656-9306-cdc445513dc5@group-ADD4B9C1C873-SegmentedRaftLogWorker] INFO  segmented.SegmentedRaftLogWorker (SegmentedRaftLogWorker.java:run(313)) - aaa5c692-9016-4656-9306-cdc445513dc5@group-ADD4B9C1C873-SegmentedRaftLogWorker was interrupted, exiting. There are 0 tasks remaining in the queue.
2019-09-29 11:44:44,154 [ForkJoinPool.commonPool-worker-0] INFO  segmented.SegmentedRaftLogWorker (SegmentedRaftLogWorker.java:close(228)) - aaa5c692-9016-4656-9306-cdc445513dc5@group-ADD4B9C1C873-SegmentedRaftLogWorker close()
2019-09-29 11:44:44,154 [main] INFO  segmented.SegmentedRaftLogWorker (SegmentedRaftLogWorker.java:close(228)) - aaa5c692-9016-4656-9306-cdc445513dc5@group-018675EF265E-SegmentedRaftLogWorker close()
2019-09-29 11:44:44,155 [ForkJoinPool.commonPool-worker-0] INFO  impl.RaftServerImpl (RaftServerImpl.java:lambda$shutdown$3(251)) - aaa5c692-9016-4656-9306-cdc445513dc5@group-0C392EE50FFF: shutdown
2019-09-29 11:44:44,156 [ForkJoinPool.commonPool-worker-0] INFO  util.JmxRegister (JmxRegister.java:unregister(73)) - Successfully un-registered JMX Bean with object name Ratis:service=RaftServer,group=group-0C392EE50FFF,id=aaa5c692-9016-4656-9306-cdc445513dc5
2019-09-29 11:44:44,156 [ForkJoinPool.commonPool-worker-0] INFO  impl.RoleInfo (RoleInfo.java:shutdownFollowerState(121)) - aaa5c692-9016-4656-9306-cdc445513dc5: shutdown FollowerState
2019-09-29 11:44:44,156 [ForkJoinPool.commonPool-worker-0] INFO  impl.StateMachineUpdater (StateMachineUpdater.java:stopAndJoin(125)) - aaa5c692-9016-4656-9306-cdc445513dc5@group-0C392EE50FFF-StateMachineUpdater: set stopIndex = -1
2019-09-29 11:44:44,156 [Thread-734] INFO  impl.FollowerState (FollowerState.java:run(115)) - aaa5c692-9016-4656-9306-cdc445513dc5: FollowerState was interrupted: java.lang.InterruptedException: sleep interrupted
2019-09-29 11:44:44,157 [ForkJoinPool.commonPool-worker-0] INFO  impl.RaftServerImpl (ServerState.java:close(385)) - aaa5c692-9016-4656-9306-cdc445513dc5@group-0C392EE50FFF: closes. applyIndex: -1
2019-09-29 11:44:44,157 [aaa5c692-9016-4656-9306-cdc445513dc5@group-0C392EE50FFF-SegmentedRaftLogWorker] INFO  segmented.SegmentedRaftLogWorker (SegmentedRaftLogWorker.java:run(313)) - aaa5c692-9016-4656-9306-cdc445513dc5@group-0C392EE50FFF-SegmentedRaftLogWorker was interrupted, exiting. There are 0 tasks remaining in the queue.
2019-09-29 11:44:44,157 [ForkJoinPool.commonPool-worker-0] INFO  segmented.SegmentedRaftLogWorker (SegmentedRaftLogWorker.java:close(228)) - aaa5c692-9016-4656-9306-cdc445513dc5@group-0C392EE50FFF-SegmentedRaftLogWorker close()
2019-09-29 11:44:44,158 [main] INFO  server.GrpcService (GrpcService.java:closeImpl(164)) - aaa5c692-9016-4656-9306-cdc445513dc5: shutdown server with port 34286 now
2019-09-29 11:44:44,159 [main] INFO  server.GrpcService (GrpcService.java:closeImpl(172)) - aaa5c692-9016-4656-9306-cdc445513dc5: shutdown server with port 34286 successfully
2019-09-29 11:44:44,161 [refreshUsed-/workdir/hadoop-ozone/integration-test/target/test-dir/MiniOzoneClusterImpl-f85df494-bc24-4745-9cc1-2be7fe2eb31a/datanode-2/data/containers] WARN  fs.CachingGetSpaceUsed (CachingGetSpaceUsed.java:run(183)) - Thread Interrupted waiting to refresh disk information: sleep interrupted
2019-09-29 11:44:44,180 [main] INFO  utils.BackgroundService (BackgroundService.java:shutdown(148)) - Shutting down service BlockDeletingService
2019-09-29 11:44:44,183 [main] INFO  statemachine.DatanodeStateMachine (DatanodeStateMachine.java:stopDaemon(395)) - Ozone container server stopped.
2019-09-29 11:44:44,184 [main] INFO  handler.ContextHandler (ContextHandler.java:doStop(910)) - Stopped o.e.j.w.WebAppContext@4ee25d80{/,null,UNAVAILABLE}{/hddsDatanode}
2019-09-29 11:44:44,184 [main] INFO  server.AbstractConnector (AbstractConnector.java:doStop(318)) - Stopped ServerConnector@16a35bd{HTTP/1.1,[http/1.1]}{0.0.0.0:0}
2019-09-29 11:44:44,185 [main] INFO  handler.ContextHandler (ContextHandler.java:doStop(910)) - Stopped o.e.j.s.ServletContextHandler@1b6924cb{/static,jar:file:/home/user/.m2/repository/org/apache/hadoop/hadoop-hdds-container-service/0.5.0-SNAPSHOT/hadoop-hdds-container-service-0.5.0-SNAPSHOT.jar!/webapps/static,UNAVAILABLE}
2019-09-29 11:44:44,185 [main] INFO  handler.ContextHandler (ContextHandler.java:doStop(910)) - Stopped o.e.j.s.ServletContextHandler@77ab22be{/logs,file:///workdir/hadoop-ozone/integration-test/target/log,UNAVAILABLE}
2019-09-29 11:44:44,186 [main] INFO  ozone.MiniOzoneClusterImpl (MiniOzoneClusterImpl.java:stopSCM(392)) - Stopping the StorageContainerManager
2019-09-29 11:44:44,186 [main] INFO  server.StorageContainerManager (StorageContainerManager.java:stop(808)) - Stopping Replication Manager Service.
2019-09-29 11:44:44,186 [main] INFO  container.ReplicationManager (ReplicationManager.java:stop(204)) - Stopping Replication Monitor Thread.
2019-09-29 11:44:44,186 [main] INFO  server.StorageContainerManager (StorageContainerManager.java:stop(815)) - Stopping Lease Manager of the command watchers
2019-09-29 11:44:44,187 [main] INFO  server.StorageContainerManager (StorageContainerManager.java:stop(822)) - Stopping datanode service RPC server
2019-09-29 11:44:44,187 [main] INFO  server.SCMDatanodeProtocolServer (SCMDatanodeProtocolServer.java:stop(367)) - Stopping the RPC server for DataNodes
2019-09-29 11:44:44,187 [main] INFO  ipc.Server (Server.java:stop(3082)) - Stopping server on 41011
2019-09-29 11:44:44,188 [IPC Server listener on 41011] INFO  ipc.Server (Server.java:run(1185)) - Stopping IPC Server listener on 41011
2019-09-29 11:44:44,188 [IPC Server Responder] INFO  ipc.Server (Server.java:run(1319)) - Stopping IPC Server Responder
2019-09-29 11:44:44,218 [SCM Heartbeat Processing Thread - 0] WARN  node.NodeStateManager (NodeStateManager.java:scheduleNextHealthCheck(655)) - Current Thread is interrupted, shutting down HB processing thread for Node Manager.
2019-09-29 11:44:44,219 [main] INFO  server.StorageContainerManager (StorageContainerManager.java:stop(830)) - Stopping block service RPC server
2019-09-29 11:44:44,219 [main] INFO  server.SCMBlockProtocolServer (SCMBlockProtocolServer.java:stop(155)) - Stopping the RPC server for Block Protocol
2019-09-29 11:44:44,219 [main] INFO  ipc.Server (Server.java:stop(3082)) - Stopping server on 39494
2019-09-29 11:44:44,220 [IPC Server listener on 39494] INFO  ipc.Server (Server.java:run(1185)) - Stopping IPC Server listener on 39494
2019-09-29 11:44:44,221 [main] INFO  server.StorageContainerManager (StorageContainerManager.java:stop(837)) - Stopping the StorageContainerLocationProtocol RPC server
2019-09-29 11:44:44,222 [main] INFO  server.SCMClientProtocolServer (SCMClientProtocolServer.java:stop(159)) - Stopping the RPC server for Client Protocol
2019-09-29 11:44:44,222 [main] INFO  ipc.Server (Server.java:stop(3082)) - Stopping server on 35218
2019-09-29 11:44:44,221 [IPC Server Responder] INFO  ipc.Server (Server.java:run(1319)) - Stopping IPC Server Responder
2019-09-29 11:44:44,224 [IPC Server listener on 35218] INFO  ipc.Server (Server.java:run(1185)) - Stopping IPC Server listener on 35218
2019-09-29 11:44:44,224 [main] INFO  server.StorageContainerManager (StorageContainerManager.java:stop(844)) - Stopping Storage Container Manager HTTP server.
2019-09-29 11:44:44,224 [IPC Server Responder] INFO  ipc.Server (Server.java:run(1319)) - Stopping IPC Server Responder
2019-09-29 11:44:44,227 [main] INFO  handler.ContextHandler (ContextHandler.java:doStop(910)) - Stopped o.e.j.w.WebAppContext@6c6017b9{/,null,UNAVAILABLE}{/scm}
2019-09-29 11:44:44,227 [main] INFO  server.AbstractConnector (AbstractConnector.java:doStop(318)) - Stopped ServerConnector@4730e0f0{HTTP/1.1,[http/1.1]}{0.0.0.0:0}
2019-09-29 11:44:44,228 [main] INFO  handler.ContextHandler (ContextHandler.java:doStop(910)) - Stopped o.e.j.s.ServletContextHandler@60d40ff4{/static,file:///workdir/hadoop-ozone/integration-test/target/test-classes/webapps/static,UNAVAILABLE}
2019-09-29 11:44:44,228 [main] INFO  handler.ContextHandler (ContextHandler.java:doStop(910)) - Stopped o.e.j.s.ServletContextHandler@6a2c717f{/logs,file:///workdir/hadoop-ozone/integration-test/target/log,UNAVAILABLE}
2019-09-29 11:44:44,229 [main] INFO  server.StorageContainerManager (StorageContainerManager.java:stop(855)) - Stopping Block Manager Service.
2019-09-29 11:44:44,230 [main] INFO  utils.BackgroundService (BackgroundService.java:shutdown(148)) - Shutting down service SCMBlockDeletingService
2019-09-29 11:44:44,230 [main] INFO  utils.BackgroundService (BackgroundService.java:shutdown(148)) - Shutting down service SCMBlockDeletingService
2019-09-29 11:44:44,231 [main] INFO  server.StorageContainerManager (StorageContainerManager.java:stop(877)) - Stopping SCM Event Queue.
2019-09-29 11:44:44,235 [main] INFO  impl.MetricsSystemImpl (MetricsSystemImpl.java:stop(210)) - Stopping HddsDatanode metrics system...
2019-09-29 11:44:44,242 [main] INFO  impl.MetricsSystemImpl (MetricsSystemImpl.java:stop(216)) - HddsDatanode metrics system stopped.
]]></system-out>
    <system-err><![CDATA[Sep 29, 2019 11:44:39 AM org.apache.ratis.thirdparty.io.grpc.internal.SerializingExecutor run
SEVERE: Exception while executing runnable org.apache.ratis.thirdparty.io.grpc.internal.ServerImpl$JumpToApplicationThreadServerStreamListener$1Closed@3c94b96a
org.apache.ratis.thirdparty.io.grpc.StatusRuntimeException: CANCELLED: call already cancelled
	at org.apache.ratis.thirdparty.io.grpc.Status.asRuntimeException(Status.java:517)
	at org.apache.ratis.thirdparty.io.grpc.stub.ServerCalls$ServerCallStreamObserverImpl.onCompleted(ServerCalls.java:356)
	at org.apache.ratis.grpc.server.GrpcServerProtocolService$ServerRequestStreamObserver.onError(GrpcServerProtocolService.java:121)
	at org.apache.ratis.thirdparty.io.grpc.stub.ServerCalls$StreamingServerCallHandler$StreamingServerCallListener.onCancel(ServerCalls.java:269)
	at org.apache.ratis.thirdparty.io.grpc.internal.ServerCallImpl$ServerStreamListenerImpl.closed(ServerCallImpl.java:293)
	at org.apache.ratis.thirdparty.io.grpc.internal.ServerImpl$JumpToApplicationThreadServerStreamListener$1Closed.runInContext(ServerImpl.java:741)
	at org.apache.ratis.thirdparty.io.grpc.internal.ContextRunnable.run(ContextRunnable.java:37)
	at org.apache.ratis.thirdparty.io.grpc.internal.SerializingExecutor.run(SerializingExecutor.java:123)
	at java.util.concurrent.ThreadPoolExecutor.runWorker(ThreadPoolExecutor.java:1149)
	at java.util.concurrent.ThreadPoolExecutor$Worker.run(ThreadPoolExecutor.java:624)
	at java.lang.Thread.run(Thread.java:748)

Sep 29, 2019 11:44:39 AM org.apache.ratis.thirdparty.io.grpc.internal.SerializingExecutor run
SEVERE: Exception while executing runnable org.apache.ratis.thirdparty.io.grpc.internal.ServerImpl$JumpToApplicationThreadServerStreamListener$1Closed@539f6aaa
org.apache.ratis.thirdparty.io.grpc.StatusRuntimeException: CANCELLED: call already cancelled
	at org.apache.ratis.thirdparty.io.grpc.Status.asRuntimeException(Status.java:517)
	at org.apache.ratis.thirdparty.io.grpc.stub.ServerCalls$ServerCallStreamObserverImpl.onCompleted(ServerCalls.java:356)
	at org.apache.ratis.grpc.server.GrpcServerProtocolService$ServerRequestStreamObserver.onError(GrpcServerProtocolService.java:121)
	at org.apache.ratis.thirdparty.io.grpc.stub.ServerCalls$StreamingServerCallHandler$StreamingServerCallListener.onCancel(ServerCalls.java:269)
	at org.apache.ratis.thirdparty.io.grpc.internal.ServerCallImpl$ServerStreamListenerImpl.closed(ServerCallImpl.java:293)
	at org.apache.ratis.thirdparty.io.grpc.internal.ServerImpl$JumpToApplicationThreadServerStreamListener$1Closed.runInContext(ServerImpl.java:741)
	at org.apache.ratis.thirdparty.io.grpc.internal.ContextRunnable.run(ContextRunnable.java:37)
	at org.apache.ratis.thirdparty.io.grpc.internal.SerializingExecutor.run(SerializingExecutor.java:123)
	at java.util.concurrent.ThreadPoolExecutor.runWorker(ThreadPoolExecutor.java:1149)
	at java.util.concurrent.ThreadPoolExecutor$Worker.run(ThreadPoolExecutor.java:624)
	at java.lang.Thread.run(Thread.java:748)

]]></system-err>
  </testcase>
  <testcase name="testFreeByRetryFailure" classname="org.apache.hadoop.ozone.scm.TestXceiverClientManager" time="16.911">
    <error message="Could not allocate container. Cannot get any matching pipeline for Type:STAND_ALONE, Factor:ONE, State:PipelineState.OPEN&#10;	at org.apache.hadoop.hdds.scm.container.ContainerStateManager.allocateContainer(ContainerStateManager.java:260)&#10;	at org.apache.hadoop.hdds.scm.container.SCMContainerManager.allocateContainer(SCMContainerManager.java:247)&#10;	at org.apache.hadoop.hdds.scm.server.SCMClientProtocolServer.allocateContainer(SCMClientProtocolServer.java:186)&#10;	at org.apache.hadoop.ozone.protocolPB.StorageContainerLocationProtocolServerSideTranslatorPB.allocateContainer(StorageContainerLocationProtocolServerSideTranslatorPB.java:123)&#10;	at org.apache.hadoop.hdds.protocol.proto.StorageContainerLocationProtocolProtos$StorageContainerLocationProtocolService$2.callBlockingMethod(StorageContainerLocationProtocolProtos.java:21239)&#10;	at org.apache.hadoop.ipc.ProtobufRpcEngine$Server$ProtoBufRpcInvoker.call(ProtobufRpcEngine.java:524)&#10;	at org.apache.hadoop.ipc.RPC$Server.call(RPC.java:1025)&#10;	at org.apache.hadoop.ipc.Server$RpcCall.run(Server.java:876)&#10;	at org.apache.hadoop.ipc.Server$RpcCall.run(Server.java:822)&#10;	at java.security.AccessController.doPrivileged(Native Method)&#10;	at javax.security.auth.Subject.doAs(Subject.java:422)&#10;	at org.apache.hadoop.security.UserGroupInformation.doAs(UserGroupInformation.java:1730)&#10;	at org.apache.hadoop.ipc.Server$Handler.run(Server.java:2682)&#10;" type="org.apache.hadoop.ipc.RemoteException(java.io.IOException)">org.apache.hadoop.ipc.RemoteException(java.io.IOException): Could not allocate container. Cannot get any matching pipeline for Type:STAND_ALONE, Factor:ONE, State:PipelineState.OPEN
	at org.apache.hadoop.hdds.scm.container.ContainerStateManager.allocateContainer(ContainerStateManager.java:260)
	at org.apache.hadoop.hdds.scm.container.SCMContainerManager.allocateContainer(SCMContainerManager.java:247)
	at org.apache.hadoop.hdds.scm.server.SCMClientProtocolServer.allocateContainer(SCMClientProtocolServer.java:186)
	at org.apache.hadoop.ozone.protocolPB.StorageContainerLocationProtocolServerSideTranslatorPB.allocateContainer(StorageContainerLocationProtocolServerSideTranslatorPB.java:123)
	at org.apache.hadoop.hdds.protocol.proto.StorageContainerLocationProtocolProtos$StorageContainerLocationProtocolService$2.callBlockingMethod(StorageContainerLocationProtocolProtos.java:21239)
	at org.apache.hadoop.ipc.ProtobufRpcEngine$Server$ProtoBufRpcInvoker.call(ProtobufRpcEngine.java:524)
	at org.apache.hadoop.ipc.RPC$Server.call(RPC.java:1025)
	at org.apache.hadoop.ipc.Server$RpcCall.run(Server.java:876)
	at org.apache.hadoop.ipc.Server$RpcCall.run(Server.java:822)
	at java.security.AccessController.doPrivileged(Native Method)
	at javax.security.auth.Subject.doAs(Subject.java:422)
	at org.apache.hadoop.security.UserGroupInformation.doAs(UserGroupInformation.java:1730)
	at org.apache.hadoop.ipc.Server$Handler.run(Server.java:2682)

	at org.apache.hadoop.ipc.Client.getRpcResponse(Client.java:1511)
	at org.apache.hadoop.ipc.Client.call(Client.java:1457)
	at org.apache.hadoop.ipc.Client.call(Client.java:1367)
	at org.apache.hadoop.ipc.ProtobufRpcEngine$Invoker.invoke(ProtobufRpcEngine.java:228)
	at org.apache.hadoop.ipc.ProtobufRpcEngine$Invoker.invoke(ProtobufRpcEngine.java:116)
	at com.sun.proxy.$Proxy25.allocateContainer(Unknown Source)
	at org.apache.hadoop.hdds.scm.protocolPB.StorageContainerLocationProtocolClientSideTranslatorPB.allocateContainer(StorageContainerLocationProtocolClientSideTranslatorPB.java:127)
	at org.apache.hadoop.ozone.scm.TestXceiverClientManager.testFreeByRetryFailure(TestXceiverClientManager.java:231)
	at sun.reflect.NativeMethodAccessorImpl.invoke0(Native Method)
	at sun.reflect.NativeMethodAccessorImpl.invoke(NativeMethodAccessorImpl.java:62)
	at sun.reflect.DelegatingMethodAccessorImpl.invoke(DelegatingMethodAccessorImpl.java:43)
	at java.lang.reflect.Method.invoke(Method.java:498)
	at org.junit.runners.model.FrameworkMethod$1.runReflectiveCall(FrameworkMethod.java:47)
	at org.junit.internal.runners.model.ReflectiveCallable.run(ReflectiveCallable.java:12)
	at org.junit.runners.model.FrameworkMethod.invokeExplosively(FrameworkMethod.java:44)
	at org.junit.internal.runners.statements.InvokeMethod.evaluate(InvokeMethod.java:17)
	at org.junit.internal.runners.statements.RunBefores.evaluate(RunBefores.java:26)
	at org.junit.internal.runners.statements.RunAfters.evaluate(RunAfters.java:27)
	at org.junit.rules.ExpectedException$ExpectedExceptionStatement.evaluate(ExpectedException.java:168)
	at org.junit.rules.RunRules.evaluate(RunRules.java:20)
	at org.junit.runners.ParentRunner.runLeaf(ParentRunner.java:271)
	at org.junit.runners.BlockJUnit4ClassRunner.runChild(BlockJUnit4ClassRunner.java:70)
	at org.junit.runners.BlockJUnit4ClassRunner.runChild(BlockJUnit4ClassRunner.java:50)
	at org.junit.runners.ParentRunner$3.run(ParentRunner.java:238)
	at org.junit.runners.ParentRunner$1.schedule(ParentRunner.java:63)
	at org.junit.runners.ParentRunner.runChildren(ParentRunner.java:236)
	at org.junit.runners.ParentRunner.access$000(ParentRunner.java:53)
	at org.junit.runners.ParentRunner$2.evaluate(ParentRunner.java:229)
	at org.junit.runners.ParentRunner.run(ParentRunner.java:309)
	at org.apache.maven.surefire.junit4.JUnit4Provider.execute(JUnit4Provider.java:365)
	at org.apache.maven.surefire.junit4.JUnit4Provider.executeWithRerun(JUnit4Provider.java:273)
	at org.apache.maven.surefire.junit4.JUnit4Provider.executeTestSet(JUnit4Provider.java:238)
	at org.apache.maven.surefire.junit4.JUnit4Provider.invoke(JUnit4Provider.java:159)
	at org.apache.maven.surefire.booter.ForkedBooter.invokeProviderInSameClassLoader(ForkedBooter.java:384)
	at org.apache.maven.surefire.booter.ForkedBooter.runSuitesInProcess(ForkedBooter.java:345)
	at org.apache.maven.surefire.booter.ForkedBooter.execute(ForkedBooter.java:126)
	at org.apache.maven.surefire.booter.ForkedBooter.main(ForkedBooter.java:418)
</error>
    <system-out><![CDATA[2019-09-29 11:44:44,277 [main] WARN  server.ServerUtils (ServerUtils.java:getScmDbDir(145)) - ozone.scm.db.dirs is not configured. We recommend adding this setting. Falling back to ozone.metadata.dirs instead.
2019-09-29 11:44:44,305 [main] WARN  server.ServerUtils (ServerUtils.java:getScmDbDir(145)) - ozone.scm.db.dirs is not configured. We recommend adding this setting. Falling back to ozone.metadata.dirs instead.
2019-09-29 11:44:44,306 [main] WARN  server.ServerUtils (ServerUtils.java:getScmDbDir(145)) - ozone.scm.db.dirs is not configured. We recommend adding this setting. Falling back to ozone.metadata.dirs instead.
2019-09-29 11:44:44,307 [main] INFO  db.DBStoreBuilder (DBStoreBuilder.java:addTable(110)) - using custom profile for table: deletedBlocks
2019-09-29 11:44:44,307 [main] INFO  db.DBStoreBuilder (DBStoreBuilder.java:processTables(161)) - Using default column profile:DBProfile.DISK for Table:deletedBlocks
2019-09-29 11:44:44,307 [main] INFO  db.DBStoreBuilder (DBStoreBuilder.java:addTable(110)) - using custom profile for table: validCerts
2019-09-29 11:44:44,308 [main] INFO  db.DBStoreBuilder (DBStoreBuilder.java:processTables(161)) - Using default column profile:DBProfile.DISK for Table:validCerts
2019-09-29 11:44:44,308 [main] INFO  db.DBStoreBuilder (DBStoreBuilder.java:addTable(110)) - using custom profile for table: revokedCerts
2019-09-29 11:44:44,308 [main] INFO  db.DBStoreBuilder (DBStoreBuilder.java:processTables(161)) - Using default column profile:DBProfile.DISK for Table:revokedCerts
2019-09-29 11:44:44,309 [main] INFO  db.DBStoreBuilder (DBStoreBuilder.java:addTable(110)) - using custom profile for table: default
2019-09-29 11:44:44,309 [main] INFO  db.DBStoreBuilder (DBStoreBuilder.java:processTables(167)) - Using default column profile:DBProfile.DISK for Table:default
2019-09-29 11:44:44,309 [main] INFO  db.DBStoreBuilder (DBStoreBuilder.java:getDbProfile(198)) - Using default options. DBProfile.DISK
2019-09-29 11:44:44,589 [main] INFO  net.NodeSchemaLoader (NodeSchemaLoader.java:loadSchemaFromFile(125)) - Loading file from sun.misc.CompoundEnumeration@7d70638
2019-09-29 11:44:44,589 [main] INFO  net.NodeSchemaLoader (NodeSchemaLoader.java:loadSchema(171)) - Loading network topology layer schema file
2019-09-29 11:44:44,594 [main] WARN  server.ServerUtils (ServerUtils.java:sanitizeUserArgs(70)) - ozone.scm.stale.node.interval value = 300000 is larger than max = 100000 based on the key value of ozone.scm.heartbeat.thread.interval, reset to the max value 100000.
2019-09-29 11:44:44,594 [main] WARN  server.ServerUtils (ServerUtils.java:sanitizeUserArgs(70)) - ozone.scm.stale.node.interval value = 300000 is larger than max = 100000 based on the key value of ozone.scm.heartbeat.thread.interval, reset to the max value 100000.
2019-09-29 11:44:44,595 [main] INFO  node.SCMNodeManager (SCMNodeManager.java:<init>(114)) - Entering startup safe mode.
2019-09-29 11:44:44,596 [main] INFO  algorithms.ContainerPlacementPolicyFactory (ContainerPlacementPolicyFactory.java:getPolicy(59)) - Create container placement policy of type org.apache.hadoop.hdds.scm.container.placement.algorithms.SCMContainerPlacementRandom
2019-09-29 11:44:44,596 [main] WARN  server.ServerUtils (ServerUtils.java:getScmDbDir(145)) - ozone.scm.db.dirs is not configured. We recommend adding this setting. Falling back to ozone.metadata.dirs instead.
2019-09-29 11:44:44,708 [main] INFO  pipeline.SCMPipelineManager (SCMPipelineManager.java:initializePipelineState(137)) - No pipeline exists in current db
2019-09-29 11:44:44,708 [main] WARN  server.ServerUtils (ServerUtils.java:getScmDbDir(145)) - ozone.scm.db.dirs is not configured. We recommend adding this setting. Falling back to ozone.metadata.dirs instead.
2019-09-29 11:44:44,813 [main] WARN  events.EventQueue (EventQueue.java:fireEvent(183)) - No event handler registered for event TypedEvent{payloadType=SafeModeStatus, name='SafeModeStatus'}
2019-09-29 11:44:44,814 [main] INFO  ipc.CallQueueManager (CallQueueManager.java:<init>(84)) - Using callQueue: class java.util.concurrent.LinkedBlockingQueue, queueCapacity: 2000, scheduler: class org.apache.hadoop.ipc.DefaultRpcScheduler, ipcBackoff: false.
2019-09-29 11:44:44,815 [Socket Reader #1 for port 40172] INFO  ipc.Server (Server.java:run(1074)) - Starting Socket Reader #1 for port 40172
2019-09-29 11:44:44,817 [main] INFO  ipc.CallQueueManager (CallQueueManager.java:<init>(84)) - Using callQueue: class java.util.concurrent.LinkedBlockingQueue, queueCapacity: 2000, scheduler: class org.apache.hadoop.ipc.DefaultRpcScheduler, ipcBackoff: false.
2019-09-29 11:44:44,818 [Socket Reader #1 for port 40309] INFO  ipc.Server (Server.java:run(1074)) - Starting Socket Reader #1 for port 40309
2019-09-29 11:44:44,820 [main] INFO  ipc.CallQueueManager (CallQueueManager.java:<init>(84)) - Using callQueue: class java.util.concurrent.LinkedBlockingQueue, queueCapacity: 2000, scheduler: class org.apache.hadoop.ipc.DefaultRpcScheduler, ipcBackoff: false.
2019-09-29 11:44:44,821 [Socket Reader #1 for port 42569] INFO  ipc.Server (Server.java:run(1074)) - Starting Socket Reader #1 for port 42569
2019-09-29 11:44:44,824 [main] INFO  hdfs.DFSUtil (DFSUtil.java:httpServerTemplateForNNAndJN(1641)) - Starting Web-server for scm at: http://0.0.0.0:0
2019-09-29 11:44:44,827 [main] INFO  server.AuthenticationFilter (AuthenticationFilter.java:constructSecretProvider(240)) - Unable to initialize FileSignerSecretProvider, falling back to use random secrets.
2019-09-29 11:44:44,828 [main] WARN  http.HttpRequestLog (HttpRequestLog.java:getRequestLog(97)) - Jetty request log can only be enabled using Log4j
2019-09-29 11:44:44,830 [main] INFO  http.HttpServer2 (HttpServer2.java:addGlobalFilter(975)) - Added global filter 'safety' (class=org.apache.hadoop.http.HttpServer2$QuotingInputFilter)
2019-09-29 11:44:44,832 [main] INFO  http.HttpServer2 (HttpServer2.java:addFilter(948)) - Added filter static_user_filter (class=org.apache.hadoop.http.lib.StaticUserWebFilter$StaticUserFilter) to context scm
2019-09-29 11:44:44,832 [main] INFO  http.HttpServer2 (HttpServer2.java:addFilter(958)) - Added filter static_user_filter (class=org.apache.hadoop.http.lib.StaticUserWebFilter$StaticUserFilter) to context logs
2019-09-29 11:44:44,832 [main] INFO  http.HttpServer2 (HttpServer2.java:addFilter(958)) - Added filter static_user_filter (class=org.apache.hadoop.http.lib.StaticUserWebFilter$StaticUserFilter) to context static
2019-09-29 11:44:44,836 [main] INFO  server.StorageContainerManager (StorageContainerManager.java:start(770)) - StorageContainerLocationProtocol RPC server is listening at /0.0.0.0:42569
2019-09-29 11:44:44,839 [main] WARN  impl.MetricsConfig (MetricsConfig.java:loadFirst(134)) - Cannot locate configuration: tried hadoop-metrics2-storagecontainermanager.properties,hadoop-metrics2.properties
2019-09-29 11:44:44,842 [main] INFO  impl.MetricsSystemImpl (MetricsSystemImpl.java:startTimer(374)) - Scheduled Metric snapshot period at 10 second(s).
2019-09-29 11:44:44,842 [main] INFO  impl.MetricsSystemImpl (MetricsSystemImpl.java:start(191)) - StorageContainerManager metrics system started
2019-09-29 11:44:44,915 [main] WARN  impl.MetricsSystemImpl (MetricsSystemImpl.java:register(276)) - Sink prometheus already exists!
2019-09-29 11:44:44,920 [main] INFO  server.SCMClientProtocolServer (SCMClientProtocolServer.java:start(151)) - RPC server for Client  is listening at /0.0.0.0:42569
2019-09-29 11:44:44,921 [IPC Server Responder] INFO  ipc.Server (Server.java:run(1314)) - IPC Server Responder: starting
2019-09-29 11:44:44,921 [IPC Server listener on 42569] INFO  ipc.Server (Server.java:run(1153)) - IPC Server listener on 42569: starting
2019-09-29 11:44:44,925 [main] INFO  server.StorageContainerManager (StorageContainerManager.java:start(780)) - ScmBlockLocationProtocol RPC server is listening at /0.0.0.0:40309
2019-09-29 11:44:44,925 [main] INFO  server.SCMBlockProtocolServer (SCMBlockProtocolServer.java:start(146)) - RPC server for Block Protocol is listening at /0.0.0.0:40309
2019-09-29 11:44:44,926 [IPC Server Responder] INFO  ipc.Server (Server.java:run(1314)) - IPC Server Responder: starting
2019-09-29 11:44:44,926 [IPC Server listener on 40309] INFO  ipc.Server (Server.java:run(1153)) - IPC Server listener on 40309: starting
2019-09-29 11:44:44,930 [main] INFO  server.StorageContainerManager (StorageContainerManager.java:start(784)) - ScmDatanodeProtocl RPC server is listening at /0.0.0.0:40172
2019-09-29 11:44:44,930 [main] INFO  server.SCMDatanodeProtocolServer (SCMDatanodeProtocolServer.java:start(191)) - RPC server for DataNodes is listening at /0.0.0.0:40172
2019-09-29 11:44:44,930 [IPC Server Responder] INFO  ipc.Server (Server.java:run(1314)) - IPC Server Responder: starting
2019-09-29 11:44:44,930 [IPC Server listener on 40172] INFO  ipc.Server (Server.java:run(1153)) - IPC Server listener on 40172: starting
2019-09-29 11:44:44,935 [main] INFO  http.HttpServer2 (HttpServer2.java:bindListener(1191)) - Jetty bound to port 39389
2019-09-29 11:44:44,935 [main] INFO  server.Server (Server.java:doStart(351)) - jetty-9.3.25.v20180904, build timestamp: 2018-09-04T21:11:46Z, git hash: 3ce520221d0240229c862b122d2b06c12a625732
2019-09-29 11:44:44,937 [main] INFO  handler.ContextHandler (ContextHandler.java:doStart(781)) - Started o.e.j.s.ServletContextHandler@7ff19c33{/logs,file:///workdir/hadoop-ozone/integration-test/target/log,AVAILABLE}
2019-09-29 11:44:44,938 [main] INFO  handler.ContextHandler (ContextHandler.java:doStart(781)) - Started o.e.j.s.ServletContextHandler@7cca01a8{/static,file:///workdir/hadoop-ozone/integration-test/target/test-classes/webapps/static,AVAILABLE}
2019-09-29 11:44:44,942 [main] INFO  handler.ContextHandler (ContextHandler.java:doStart(781)) - Started o.e.j.w.WebAppContext@7beae796{/,file:///workdir/hadoop-ozone/integration-test/target/test-classes/webapps/scm/,AVAILABLE}{/scm}
2019-09-29 11:44:44,943 [main] INFO  server.AbstractConnector (AbstractConnector.java:doStart(278)) - Started ServerConnector@6749fe50{HTTP/1.1,[http/1.1]}{0.0.0.0:39389}
2019-09-29 11:44:44,944 [main] INFO  server.Server (Server.java:doStart(419)) - Started @56061ms
2019-09-29 11:44:44,944 [main] WARN  impl.MetricsSystemImpl (MetricsSystemImpl.java:register(276)) - Sink prometheus already exists!
2019-09-29 11:44:44,944 [main] INFO  server.BaseHttpServer (BaseHttpServer.java:updateConnectorAddress(215)) - HTTP server of SCM is listening at http://0.0.0.0:39389
2019-09-29 11:44:44,945 [main] WARN  server.ServerUtils (ServerUtils.java:getDBPath(222)) - ozone.om.db.dirs is not configured. We recommend adding this setting. Falling back to ozone.metadata.dirs instead.
2019-09-29 11:44:44,945 [org.apache.hadoop.util.JvmPauseMonitor$Monitor@261db982] INFO  util.JvmPauseMonitor (JvmPauseMonitor.java:run(188)) - Starting JVM pause monitor
2019-09-29 11:44:44,969 [main] WARN  server.ServerUtils (ServerUtils.java:getDBPath(222)) - ozone.om.db.dirs is not configured. We recommend adding this setting. Falling back to ozone.metadata.dirs instead.
2019-09-29 11:44:44,969 [main] WARN  server.ServerUtils (ServerUtils.java:getDBPath(222)) - ozone.om.db.dirs is not configured. We recommend adding this setting. Falling back to ozone.metadata.dirs instead.
2019-09-29 11:44:44,970 [main] INFO  om.OzoneManager (OzoneManager.java:setOMNodeDetails(652)) - OM Service ID is not set. Setting it to the default ID: omServiceIdDefault
2019-09-29 11:44:44,970 [main] INFO  om.OzoneManager (OzoneManager.java:setOMNodeDetails(658)) - OM Node ID is not set. Setting it to the OmStorage's OmID: 0a107b27-cc44-4750-a8ee-f7a722362927
2019-09-29 11:44:44,970 [main] INFO  om.OzoneManager (OzoneManager.java:loadOMHAConfigs(609)) - Found matching OM address with OMServiceId: null, OMNodeId: null, RPC Address: localhost:0 and Ratis port: 9872
2019-09-29 11:44:44,976 [main] WARN  server.ServerUtils (ServerUtils.java:getDBPath(222)) - ozone.om.db.dirs is not configured. We recommend adding this setting. Falling back to ozone.metadata.dirs instead.
2019-09-29 11:44:44,977 [main] INFO  db.DBStoreBuilder (DBStoreBuilder.java:addTable(110)) - using custom profile for table: userTable
2019-09-29 11:44:44,977 [main] INFO  db.DBStoreBuilder (DBStoreBuilder.java:processTables(161)) - Using default column profile:DBProfile.DISK for Table:userTable
2019-09-29 11:44:44,977 [main] INFO  db.DBStoreBuilder (DBStoreBuilder.java:addTable(110)) - using custom profile for table: volumeTable
2019-09-29 11:44:44,977 [main] INFO  db.DBStoreBuilder (DBStoreBuilder.java:processTables(161)) - Using default column profile:DBProfile.DISK for Table:volumeTable
2019-09-29 11:44:44,977 [main] INFO  db.DBStoreBuilder (DBStoreBuilder.java:addTable(110)) - using custom profile for table: bucketTable
2019-09-29 11:44:44,978 [main] INFO  db.DBStoreBuilder (DBStoreBuilder.java:processTables(161)) - Using default column profile:DBProfile.DISK for Table:bucketTable
2019-09-29 11:44:44,978 [main] INFO  db.DBStoreBuilder (DBStoreBuilder.java:addTable(110)) - using custom profile for table: keyTable
2019-09-29 11:44:44,978 [main] INFO  db.DBStoreBuilder (DBStoreBuilder.java:processTables(161)) - Using default column profile:DBProfile.DISK for Table:keyTable
2019-09-29 11:44:44,978 [main] INFO  db.DBStoreBuilder (DBStoreBuilder.java:addTable(110)) - using custom profile for table: deletedTable
2019-09-29 11:44:44,978 [main] INFO  db.DBStoreBuilder (DBStoreBuilder.java:processTables(161)) - Using default column profile:DBProfile.DISK for Table:deletedTable
2019-09-29 11:44:44,978 [main] INFO  db.DBStoreBuilder (DBStoreBuilder.java:addTable(110)) - using custom profile for table: openKeyTable
2019-09-29 11:44:44,979 [main] INFO  db.DBStoreBuilder (DBStoreBuilder.java:processTables(161)) - Using default column profile:DBProfile.DISK for Table:openKeyTable
2019-09-29 11:44:44,979 [main] INFO  db.DBStoreBuilder (DBStoreBuilder.java:addTable(110)) - using custom profile for table: s3Table
2019-09-29 11:44:44,979 [main] INFO  db.DBStoreBuilder (DBStoreBuilder.java:processTables(161)) - Using default column profile:DBProfile.DISK for Table:s3Table
2019-09-29 11:44:44,979 [main] INFO  db.DBStoreBuilder (DBStoreBuilder.java:addTable(110)) - using custom profile for table: multipartInfoTable
2019-09-29 11:44:44,979 [main] INFO  db.DBStoreBuilder (DBStoreBuilder.java:processTables(161)) - Using default column profile:DBProfile.DISK for Table:multipartInfoTable
2019-09-29 11:44:44,979 [main] INFO  db.DBStoreBuilder (DBStoreBuilder.java:addTable(110)) - using custom profile for table: dTokenTable
2019-09-29 11:44:44,980 [main] INFO  db.DBStoreBuilder (DBStoreBuilder.java:processTables(161)) - Using default column profile:DBProfile.DISK for Table:dTokenTable
2019-09-29 11:44:44,980 [main] INFO  db.DBStoreBuilder (DBStoreBuilder.java:addTable(110)) - using custom profile for table: s3SecretTable
2019-09-29 11:44:44,980 [main] INFO  db.DBStoreBuilder (DBStoreBuilder.java:processTables(161)) - Using default column profile:DBProfile.DISK for Table:s3SecretTable
2019-09-29 11:44:44,980 [main] INFO  db.DBStoreBuilder (DBStoreBuilder.java:addTable(110)) - using custom profile for table: prefixTable
2019-09-29 11:44:44,980 [main] INFO  db.DBStoreBuilder (DBStoreBuilder.java:processTables(161)) - Using default column profile:DBProfile.DISK for Table:prefixTable
2019-09-29 11:44:44,981 [main] INFO  db.DBStoreBuilder (DBStoreBuilder.java:addTable(110)) - using custom profile for table: default
2019-09-29 11:44:44,981 [main] INFO  db.DBStoreBuilder (DBStoreBuilder.java:processTables(167)) - Using default column profile:DBProfile.DISK for Table:default
2019-09-29 11:44:44,981 [main] INFO  db.DBStoreBuilder (DBStoreBuilder.java:getDbProfile(198)) - Using default options. DBProfile.DISK
2019-09-29 11:44:45,624 [main] INFO  ipc.CallQueueManager (CallQueueManager.java:<init>(84)) - Using callQueue: class java.util.concurrent.LinkedBlockingQueue, queueCapacity: 2000, scheduler: class org.apache.hadoop.ipc.DefaultRpcScheduler, ipcBackoff: false.
2019-09-29 11:44:45,625 [Socket Reader #1 for port 33462] INFO  ipc.Server (Server.java:run(1074)) - Starting Socket Reader #1 for port 33462
2019-09-29 11:44:45,637 [main] INFO  om.OzoneManager (OzoneManager.java:start(1243)) - OzoneManager RPC server is listening at localhost/127.0.0.1:33462
2019-09-29 11:44:45,637 [main] INFO  impl.MetricsSystemImpl (MetricsSystemImpl.java:init(158)) - OzoneManager metrics system started (again)
2019-09-29 11:44:45,638 [IPC Server Responder] INFO  ipc.Server (Server.java:run(1314)) - IPC Server Responder: starting
2019-09-29 11:44:45,639 [IPC Server listener on 33462] INFO  ipc.Server (Server.java:run(1153)) - IPC Server listener on 33462: starting
2019-09-29 11:44:45,645 [main] INFO  hdfs.DFSUtil (DFSUtil.java:httpServerTemplateForNNAndJN(1641)) - Starting Web-server for ozoneManager at: http://0.0.0.0:0
2019-09-29 11:44:45,647 [main] INFO  server.AuthenticationFilter (AuthenticationFilter.java:constructSecretProvider(240)) - Unable to initialize FileSignerSecretProvider, falling back to use random secrets.
2019-09-29 11:44:45,647 [main] WARN  http.HttpRequestLog (HttpRequestLog.java:getRequestLog(97)) - Jetty request log can only be enabled using Log4j
2019-09-29 11:44:45,648 [main] INFO  http.HttpServer2 (HttpServer2.java:addGlobalFilter(975)) - Added global filter 'safety' (class=org.apache.hadoop.http.HttpServer2$QuotingInputFilter)
2019-09-29 11:44:45,649 [main] INFO  http.HttpServer2 (HttpServer2.java:addFilter(948)) - Added filter static_user_filter (class=org.apache.hadoop.http.lib.StaticUserWebFilter$StaticUserFilter) to context ozoneManager
2019-09-29 11:44:45,649 [main] INFO  http.HttpServer2 (HttpServer2.java:addFilter(958)) - Added filter static_user_filter (class=org.apache.hadoop.http.lib.StaticUserWebFilter$StaticUserFilter) to context logs
2019-09-29 11:44:45,649 [main] INFO  http.HttpServer2 (HttpServer2.java:addFilter(958)) - Added filter static_user_filter (class=org.apache.hadoop.http.lib.StaticUserWebFilter$StaticUserFilter) to context static
2019-09-29 11:44:45,650 [main] INFO  http.HttpServer2 (HttpServer2.java:bindListener(1191)) - Jetty bound to port 40439
2019-09-29 11:44:45,650 [main] INFO  server.Server (Server.java:doStart(351)) - jetty-9.3.25.v20180904, build timestamp: 2018-09-04T21:11:46Z, git hash: 3ce520221d0240229c862b122d2b06c12a625732
2019-09-29 11:44:45,652 [main] INFO  handler.ContextHandler (ContextHandler.java:doStart(781)) - Started o.e.j.s.ServletContextHandler@7fb53256{/logs,file:///workdir/hadoop-ozone/integration-test/target/log,AVAILABLE}
2019-09-29 11:44:45,652 [main] INFO  handler.ContextHandler (ContextHandler.java:doStart(781)) - Started o.e.j.s.ServletContextHandler@27329d2a{/static,file:///workdir/hadoop-ozone/integration-test/target/test-classes/webapps/static,AVAILABLE}
2019-09-29 11:44:45,656 [main] INFO  handler.ContextHandler (ContextHandler.java:doStart(781)) - Started o.e.j.w.WebAppContext@5e5aafc6{/,file:///workdir/hadoop-ozone/integration-test/target/test-classes/webapps/ozoneManager/,AVAILABLE}{/ozoneManager}
2019-09-29 11:44:45,656 [main] INFO  server.AbstractConnector (AbstractConnector.java:doStart(278)) - Started ServerConnector@542f6803{HTTP/1.1,[http/1.1]}{0.0.0.0:40439}
2019-09-29 11:44:45,657 [main] INFO  server.Server (Server.java:doStart(419)) - Started @56775ms
2019-09-29 11:44:45,657 [main] WARN  impl.MetricsSystemImpl (MetricsSystemImpl.java:register(276)) - Sink prometheus already exists!
2019-09-29 11:44:45,658 [main] INFO  server.BaseHttpServer (BaseHttpServer.java:updateConnectorAddress(215)) - HTTP server of OZONEMANAGER is listening at http://0.0.0.0:40439
2019-09-29 11:44:45,665 [main] INFO  impl.MetricsSystemImpl (MetricsSystemImpl.java:init(158)) - HddsDatanode metrics system started (again)
2019-09-29 11:44:45,667 [main] INFO  ozone.HddsDatanodeService (HddsDatanodeService.java:start(184)) - HddsDatanodeService host:pr-hdds-1569-lsfh5-224679870 ip:192.168.30.19
2019-09-29 11:44:45,673 [main] INFO  volume.HddsVolume (HddsVolume.java:<init>(176)) - Creating Volume: /workdir/hadoop-ozone/integration-test/target/test-dir/MiniOzoneClusterImpl-8b1f3dd2-5105-4ae3-bb3e-4bd60bc91d6f/datanode-0/data/containers/hdds of  storage type : DISK and capacity : 1482555576320
2019-09-29 11:44:45,674 [main] INFO  volume.VolumeSet (VolumeSet.java:initializeVolumeSet(170)) - Added Volume : /workdir/hadoop-ozone/integration-test/target/test-dir/MiniOzoneClusterImpl-8b1f3dd2-5105-4ae3-bb3e-4bd60bc91d6f/datanode-0/data/containers/hdds to VolumeSet
2019-09-29 11:44:45,674 [main] INFO  volume.ThrottledAsyncChecker (ThrottledAsyncChecker.java:schedule(139)) - Scheduling a check for org.apache.hadoop.ozone.container.common.volume.HddsVolume@19e0dffe
2019-09-29 11:44:45,674 [main] INFO  volume.HddsVolumeChecker (HddsVolumeChecker.java:checkAllVolumes(202)) - Scheduled health check for volume org.apache.hadoop.ozone.container.common.volume.HddsVolume@19e0dffe
2019-09-29 11:44:45,687 [main] INFO  impl.RaftServerProxy (ConfUtils.java:logGet(43)) - raft.rpc.type = GRPC (default)
2019-09-29 11:44:45,688 [main] INFO  grpc.GrpcFactory (GrpcFactory.java:checkPooledByteBufAllocatorUseCacheForAllThreads(45)) - PERFORMANCE WARNING: useCacheForAllThreads is true that may cause Netty to create a lot garbage objects and, as a result, trigger GC.
	It is recommended to disable useCacheForAllThreads by setting -Dorg.apache.ratis.thirdparty.io.netty.allocator.useCacheForAllThreads=false in command line.
2019-09-29 11:44:45,688 [main] INFO  grpc.GrpcConfigKeys$Server (ConfUtils.java:logGet(43)) - raft.grpc.server.port = 0 (default)
2019-09-29 11:44:45,688 [main] INFO  server.GrpcService (ConfUtils.java:logGet(43)) - raft.grpc.message.size.max = 33570816 (custom)
2019-09-29 11:44:45,688 [main] INFO  server.RaftServerConfigKeys (ConfUtils.java:logGet(43)) - raft.server.log.appender.buffer.byte-limit = 33554432 (custom)
2019-09-29 11:44:45,688 [main] INFO  server.GrpcService (ConfUtils.java:logGet(43)) - raft.grpc.flow.control.window = 1MB (=1048576) (default)
2019-09-29 11:44:45,689 [main] INFO  server.RaftServerConfigKeys (ConfUtils.java:logGet(43)) - raft.server.rpc.request.timeout = 3000ms (default)
2019-09-29 11:44:45,689 [main] INFO  server.RaftServerConfigKeys (ConfUtils.java:logGet(43)) - raft.server.storage.dir = [/workdir/hadoop-ozone/integration-test/target/test-dir/MiniOzoneClusterImpl-8b1f3dd2-5105-4ae3-bb3e-4bd60bc91d6f/datanode-0/data/ratis] (custom)
2019-09-29 11:44:45,691 [main] INFO  hdfs.DFSUtil (DFSUtil.java:httpServerTemplateForNNAndJN(1641)) - Starting Web-server for hddsDatanode at: http://0.0.0.0:0
2019-09-29 11:44:45,692 [main] INFO  server.AuthenticationFilter (AuthenticationFilter.java:constructSecretProvider(240)) - Unable to initialize FileSignerSecretProvider, falling back to use random secrets.
2019-09-29 11:44:45,692 [main] WARN  http.HttpRequestLog (HttpRequestLog.java:getRequestLog(97)) - Jetty request log can only be enabled using Log4j
2019-09-29 11:44:45,693 [main] INFO  http.HttpServer2 (HttpServer2.java:addGlobalFilter(975)) - Added global filter 'safety' (class=org.apache.hadoop.http.HttpServer2$QuotingInputFilter)
2019-09-29 11:44:45,694 [main] INFO  http.HttpServer2 (HttpServer2.java:addFilter(948)) - Added filter static_user_filter (class=org.apache.hadoop.http.lib.StaticUserWebFilter$StaticUserFilter) to context hddsDatanode
2019-09-29 11:44:45,694 [main] INFO  http.HttpServer2 (HttpServer2.java:addFilter(958)) - Added filter static_user_filter (class=org.apache.hadoop.http.lib.StaticUserWebFilter$StaticUserFilter) to context logs
2019-09-29 11:44:45,694 [main] INFO  http.HttpServer2 (HttpServer2.java:addFilter(958)) - Added filter static_user_filter (class=org.apache.hadoop.http.lib.StaticUserWebFilter$StaticUserFilter) to context static
2019-09-29 11:44:45,695 [main] INFO  http.HttpServer2 (HttpServer2.java:bindListener(1191)) - Jetty bound to port 42824
2019-09-29 11:44:45,695 [main] INFO  server.Server (Server.java:doStart(351)) - jetty-9.3.25.v20180904, build timestamp: 2018-09-04T21:11:46Z, git hash: 3ce520221d0240229c862b122d2b06c12a625732
2019-09-29 11:44:45,696 [main] INFO  handler.ContextHandler (ContextHandler.java:doStart(781)) - Started o.e.j.s.ServletContextHandler@7fc420b8{/logs,file:///workdir/hadoop-ozone/integration-test/target/log,AVAILABLE}
2019-09-29 11:44:45,697 [main] INFO  handler.ContextHandler (ContextHandler.java:doStart(781)) - Started o.e.j.s.ServletContextHandler@e38f0b7{/static,jar:file:/home/user/.m2/repository/org/apache/hadoop/hadoop-hdds-container-service/0.5.0-SNAPSHOT/hadoop-hdds-container-service-0.5.0-SNAPSHOT.jar!/webapps/static,AVAILABLE}
2019-09-29 11:44:45,724 [main] INFO  handler.ContextHandler (ContextHandler.java:doStart(781)) - Started o.e.j.w.WebAppContext@7377781e{/,file:///tmp/jetty-0.0.0.0-42824-hddsDatanode-_-any-8861085088040933826.dir/webapp/,AVAILABLE}{/hddsDatanode}
2019-09-29 11:44:45,724 [main] INFO  server.AbstractConnector (AbstractConnector.java:doStart(278)) - Started ServerConnector@31db34da{HTTP/1.1,[http/1.1]}{0.0.0.0:42824}
2019-09-29 11:44:45,725 [main] INFO  server.Server (Server.java:doStart(419)) - Started @56843ms
2019-09-29 11:44:45,726 [main] WARN  impl.MetricsSystemImpl (MetricsSystemImpl.java:register(276)) - Sink prometheus already exists!
2019-09-29 11:44:45,726 [main] INFO  server.BaseHttpServer (BaseHttpServer.java:updateConnectorAddress(215)) - HTTP server of HDDSDATANODE is listening at http://0.0.0.0:42824
2019-09-29 11:44:45,726 [main] INFO  impl.MetricsSystemImpl (MetricsSystemImpl.java:init(158)) - HddsDatanode metrics system started (again)
2019-09-29 11:44:45,729 [main] INFO  ozone.HddsDatanodeService (HddsDatanodeService.java:start(184)) - HddsDatanodeService host:pr-hdds-1569-lsfh5-224679870 ip:192.168.30.19
2019-09-29 11:44:45,729 [org.apache.hadoop.util.JvmPauseMonitor$Monitor@648047a3] INFO  util.JvmPauseMonitor (JvmPauseMonitor.java:run(188)) - Starting JVM pause monitor
2019-09-29 11:44:45,732 [Datanode State Machine Thread - 0] INFO  datanode.InitDatanodeState (InitDatanodeState.java:persistContainerDatanodeDetails(140)) - DatanodeDetails is persisted to /workdir/hadoop-ozone/integration-test/target/test-dir/MiniOzoneClusterImpl-8b1f3dd2-5105-4ae3-bb3e-4bd60bc91d6f/datanode-0/meta/datanode.id
2019-09-29 11:44:45,735 [main] INFO  volume.HddsVolume (HddsVolume.java:<init>(176)) - Creating Volume: /workdir/hadoop-ozone/integration-test/target/test-dir/MiniOzoneClusterImpl-8b1f3dd2-5105-4ae3-bb3e-4bd60bc91d6f/datanode-1/data/containers/hdds of  storage type : DISK and capacity : 1482555576320
2019-09-29 11:44:45,735 [main] INFO  volume.VolumeSet (VolumeSet.java:initializeVolumeSet(170)) - Added Volume : /workdir/hadoop-ozone/integration-test/target/test-dir/MiniOzoneClusterImpl-8b1f3dd2-5105-4ae3-bb3e-4bd60bc91d6f/datanode-1/data/containers/hdds to VolumeSet
2019-09-29 11:44:45,735 [main] INFO  volume.ThrottledAsyncChecker (ThrottledAsyncChecker.java:schedule(139)) - Scheduling a check for org.apache.hadoop.ozone.container.common.volume.HddsVolume@724aefc3
2019-09-29 11:44:45,736 [main] INFO  volume.HddsVolumeChecker (HddsVolumeChecker.java:checkAllVolumes(202)) - Scheduled health check for volume org.apache.hadoop.ozone.container.common.volume.HddsVolume@724aefc3
2019-09-29 11:44:45,756 [main] INFO  impl.RaftServerProxy (ConfUtils.java:logGet(43)) - raft.rpc.type = GRPC (default)
2019-09-29 11:44:45,756 [main] INFO  grpc.GrpcFactory (GrpcFactory.java:checkPooledByteBufAllocatorUseCacheForAllThreads(45)) - PERFORMANCE WARNING: useCacheForAllThreads is true that may cause Netty to create a lot garbage objects and, as a result, trigger GC.
	It is recommended to disable useCacheForAllThreads by setting -Dorg.apache.ratis.thirdparty.io.netty.allocator.useCacheForAllThreads=false in command line.
2019-09-29 11:44:45,756 [main] INFO  grpc.GrpcConfigKeys$Server (ConfUtils.java:logGet(43)) - raft.grpc.server.port = 0 (default)
2019-09-29 11:44:45,757 [main] INFO  server.GrpcService (ConfUtils.java:logGet(43)) - raft.grpc.message.size.max = 33570816 (custom)
2019-09-29 11:44:45,757 [main] INFO  server.RaftServerConfigKeys (ConfUtils.java:logGet(43)) - raft.server.log.appender.buffer.byte-limit = 33554432 (custom)
2019-09-29 11:44:45,757 [main] INFO  server.GrpcService (ConfUtils.java:logGet(43)) - raft.grpc.flow.control.window = 1MB (=1048576) (default)
2019-09-29 11:44:45,757 [main] INFO  server.RaftServerConfigKeys (ConfUtils.java:logGet(43)) - raft.server.rpc.request.timeout = 3000ms (default)
2019-09-29 11:44:45,758 [main] INFO  server.RaftServerConfigKeys (ConfUtils.java:logGet(43)) - raft.server.storage.dir = [/workdir/hadoop-ozone/integration-test/target/test-dir/MiniOzoneClusterImpl-8b1f3dd2-5105-4ae3-bb3e-4bd60bc91d6f/datanode-1/data/ratis] (custom)
2019-09-29 11:44:45,760 [main] INFO  hdfs.DFSUtil (DFSUtil.java:httpServerTemplateForNNAndJN(1641)) - Starting Web-server for hddsDatanode at: http://0.0.0.0:0
2019-09-29 11:44:45,761 [main] INFO  server.AuthenticationFilter (AuthenticationFilter.java:constructSecretProvider(240)) - Unable to initialize FileSignerSecretProvider, falling back to use random secrets.
2019-09-29 11:44:45,761 [main] WARN  http.HttpRequestLog (HttpRequestLog.java:getRequestLog(97)) - Jetty request log can only be enabled using Log4j
2019-09-29 11:44:45,763 [main] INFO  http.HttpServer2 (HttpServer2.java:addGlobalFilter(975)) - Added global filter 'safety' (class=org.apache.hadoop.http.HttpServer2$QuotingInputFilter)
2019-09-29 11:44:45,763 [main] INFO  http.HttpServer2 (HttpServer2.java:addFilter(948)) - Added filter static_user_filter (class=org.apache.hadoop.http.lib.StaticUserWebFilter$StaticUserFilter) to context hddsDatanode
2019-09-29 11:44:45,763 [main] INFO  http.HttpServer2 (HttpServer2.java:addFilter(958)) - Added filter static_user_filter (class=org.apache.hadoop.http.lib.StaticUserWebFilter$StaticUserFilter) to context static
2019-09-29 11:44:45,764 [main] INFO  http.HttpServer2 (HttpServer2.java:addFilter(958)) - Added filter static_user_filter (class=org.apache.hadoop.http.lib.StaticUserWebFilter$StaticUserFilter) to context logs
2019-09-29 11:44:45,764 [main] INFO  http.HttpServer2 (HttpServer2.java:bindListener(1191)) - Jetty bound to port 40600
2019-09-29 11:44:45,764 [main] INFO  server.Server (Server.java:doStart(351)) - jetty-9.3.25.v20180904, build timestamp: 2018-09-04T21:11:46Z, git hash: 3ce520221d0240229c862b122d2b06c12a625732
2019-09-29 11:44:45,766 [main] INFO  handler.ContextHandler (ContextHandler.java:doStart(781)) - Started o.e.j.s.ServletContextHandler@1084f78c{/logs,file:///workdir/hadoop-ozone/integration-test/target/log,AVAILABLE}
2019-09-29 11:44:45,766 [main] INFO  handler.ContextHandler (ContextHandler.java:doStart(781)) - Started o.e.j.s.ServletContextHandler@4aa11206{/static,jar:file:/home/user/.m2/repository/org/apache/hadoop/hadoop-hdds-container-service/0.5.0-SNAPSHOT/hadoop-hdds-container-service-0.5.0-SNAPSHOT.jar!/webapps/static,AVAILABLE}
2019-09-29 11:44:45,794 [main] INFO  handler.ContextHandler (ContextHandler.java:doStart(781)) - Started o.e.j.w.WebAppContext@2525a5b8{/,file:///tmp/jetty-0.0.0.0-40600-hddsDatanode-_-any-5074355309568120383.dir/webapp/,AVAILABLE}{/hddsDatanode}
2019-09-29 11:44:45,795 [main] INFO  server.AbstractConnector (AbstractConnector.java:doStart(278)) - Started ServerConnector@3458eca5{HTTP/1.1,[http/1.1]}{0.0.0.0:40600}
2019-09-29 11:44:45,796 [main] INFO  server.Server (Server.java:doStart(419)) - Started @56914ms
2019-09-29 11:44:45,796 [main] WARN  impl.MetricsSystemImpl (MetricsSystemImpl.java:register(276)) - Sink prometheus already exists!
2019-09-29 11:44:45,797 [main] INFO  server.BaseHttpServer (BaseHttpServer.java:updateConnectorAddress(215)) - HTTP server of HDDSDATANODE is listening at http://0.0.0.0:40600
2019-09-29 11:44:45,797 [main] INFO  impl.MetricsSystemImpl (MetricsSystemImpl.java:init(158)) - HddsDatanode metrics system started (again)
2019-09-29 11:44:45,799 [org.apache.hadoop.util.JvmPauseMonitor$Monitor@59178a22] INFO  util.JvmPauseMonitor (JvmPauseMonitor.java:run(188)) - Starting JVM pause monitor
2019-09-29 11:44:45,799 [main] INFO  ozone.HddsDatanodeService (HddsDatanodeService.java:start(184)) - HddsDatanodeService host:pr-hdds-1569-lsfh5-224679870 ip:192.168.30.19
2019-09-29 11:44:45,802 [Datanode State Machine Thread - 0] INFO  datanode.InitDatanodeState (InitDatanodeState.java:persistContainerDatanodeDetails(140)) - DatanodeDetails is persisted to /workdir/hadoop-ozone/integration-test/target/test-dir/MiniOzoneClusterImpl-8b1f3dd2-5105-4ae3-bb3e-4bd60bc91d6f/datanode-1/meta/datanode.id
2019-09-29 11:44:45,805 [main] INFO  volume.HddsVolume (HddsVolume.java:<init>(176)) - Creating Volume: /workdir/hadoop-ozone/integration-test/target/test-dir/MiniOzoneClusterImpl-8b1f3dd2-5105-4ae3-bb3e-4bd60bc91d6f/datanode-2/data/containers/hdds of  storage type : DISK and capacity : 1482555576320
2019-09-29 11:44:45,805 [main] INFO  volume.VolumeSet (VolumeSet.java:initializeVolumeSet(170)) - Added Volume : /workdir/hadoop-ozone/integration-test/target/test-dir/MiniOzoneClusterImpl-8b1f3dd2-5105-4ae3-bb3e-4bd60bc91d6f/datanode-2/data/containers/hdds to VolumeSet
2019-09-29 11:44:45,806 [main] INFO  volume.ThrottledAsyncChecker (ThrottledAsyncChecker.java:schedule(139)) - Scheduling a check for org.apache.hadoop.ozone.container.common.volume.HddsVolume@5d342959
2019-09-29 11:44:45,806 [main] INFO  volume.HddsVolumeChecker (HddsVolumeChecker.java:checkAllVolumes(202)) - Scheduled health check for volume org.apache.hadoop.ozone.container.common.volume.HddsVolume@5d342959
2019-09-29 11:44:45,824 [main] INFO  impl.RaftServerProxy (ConfUtils.java:logGet(43)) - raft.rpc.type = GRPC (default)
2019-09-29 11:44:45,824 [main] INFO  grpc.GrpcFactory (GrpcFactory.java:checkPooledByteBufAllocatorUseCacheForAllThreads(45)) - PERFORMANCE WARNING: useCacheForAllThreads is true that may cause Netty to create a lot garbage objects and, as a result, trigger GC.
	It is recommended to disable useCacheForAllThreads by setting -Dorg.apache.ratis.thirdparty.io.netty.allocator.useCacheForAllThreads=false in command line.
2019-09-29 11:44:45,825 [main] INFO  grpc.GrpcConfigKeys$Server (ConfUtils.java:logGet(43)) - raft.grpc.server.port = 0 (default)
2019-09-29 11:44:45,825 [main] INFO  server.GrpcService (ConfUtils.java:logGet(43)) - raft.grpc.message.size.max = 33570816 (custom)
2019-09-29 11:44:45,825 [main] INFO  server.RaftServerConfigKeys (ConfUtils.java:logGet(43)) - raft.server.log.appender.buffer.byte-limit = 33554432 (custom)
2019-09-29 11:44:45,826 [main] INFO  server.GrpcService (ConfUtils.java:logGet(43)) - raft.grpc.flow.control.window = 1MB (=1048576) (default)
2019-09-29 11:44:45,826 [main] INFO  server.RaftServerConfigKeys (ConfUtils.java:logGet(43)) - raft.server.rpc.request.timeout = 3000ms (default)
2019-09-29 11:44:45,826 [main] INFO  server.RaftServerConfigKeys (ConfUtils.java:logGet(43)) - raft.server.storage.dir = [/workdir/hadoop-ozone/integration-test/target/test-dir/MiniOzoneClusterImpl-8b1f3dd2-5105-4ae3-bb3e-4bd60bc91d6f/datanode-2/data/ratis] (custom)
2019-09-29 11:44:45,828 [main] INFO  hdfs.DFSUtil (DFSUtil.java:httpServerTemplateForNNAndJN(1641)) - Starting Web-server for hddsDatanode at: http://0.0.0.0:0
2019-09-29 11:44:45,829 [main] INFO  server.AuthenticationFilter (AuthenticationFilter.java:constructSecretProvider(240)) - Unable to initialize FileSignerSecretProvider, falling back to use random secrets.
2019-09-29 11:44:45,830 [main] WARN  http.HttpRequestLog (HttpRequestLog.java:getRequestLog(97)) - Jetty request log can only be enabled using Log4j
2019-09-29 11:44:45,832 [main] INFO  http.HttpServer2 (HttpServer2.java:addGlobalFilter(975)) - Added global filter 'safety' (class=org.apache.hadoop.http.HttpServer2$QuotingInputFilter)
2019-09-29 11:44:45,832 [main] INFO  http.HttpServer2 (HttpServer2.java:addFilter(948)) - Added filter static_user_filter (class=org.apache.hadoop.http.lib.StaticUserWebFilter$StaticUserFilter) to context hddsDatanode
2019-09-29 11:44:45,832 [main] INFO  http.HttpServer2 (HttpServer2.java:addFilter(958)) - Added filter static_user_filter (class=org.apache.hadoop.http.lib.StaticUserWebFilter$StaticUserFilter) to context static
2019-09-29 11:44:45,833 [main] INFO  http.HttpServer2 (HttpServer2.java:addFilter(958)) - Added filter static_user_filter (class=org.apache.hadoop.http.lib.StaticUserWebFilter$StaticUserFilter) to context logs
2019-09-29 11:44:45,833 [main] INFO  http.HttpServer2 (HttpServer2.java:bindListener(1191)) - Jetty bound to port 40075
2019-09-29 11:44:45,834 [main] INFO  server.Server (Server.java:doStart(351)) - jetty-9.3.25.v20180904, build timestamp: 2018-09-04T21:11:46Z, git hash: 3ce520221d0240229c862b122d2b06c12a625732
2019-09-29 11:44:45,835 [main] INFO  handler.ContextHandler (ContextHandler.java:doStart(781)) - Started o.e.j.s.ServletContextHandler@590f0c50{/logs,file:///workdir/hadoop-ozone/integration-test/target/log,AVAILABLE}
2019-09-29 11:44:45,836 [main] INFO  handler.ContextHandler (ContextHandler.java:doStart(781)) - Started o.e.j.s.ServletContextHandler@3a90c13c{/static,jar:file:/home/user/.m2/repository/org/apache/hadoop/hadoop-hdds-container-service/0.5.0-SNAPSHOT/hadoop-hdds-container-service-0.5.0-SNAPSHOT.jar!/webapps/static,AVAILABLE}
2019-09-29 11:44:45,872 [main] INFO  handler.ContextHandler (ContextHandler.java:doStart(781)) - Started o.e.j.w.WebAppContext@7eb200ce{/,file:///tmp/jetty-0.0.0.0-40075-hddsDatanode-_-any-840164919373991999.dir/webapp/,AVAILABLE}{/hddsDatanode}
2019-09-29 11:44:45,873 [main] INFO  server.AbstractConnector (AbstractConnector.java:doStart(278)) - Started ServerConnector@2ee83775{HTTP/1.1,[http/1.1]}{0.0.0.0:40075}
2019-09-29 11:44:45,874 [main] INFO  server.Server (Server.java:doStart(419)) - Started @56992ms
2019-09-29 11:44:45,874 [main] WARN  impl.MetricsSystemImpl (MetricsSystemImpl.java:register(276)) - Sink prometheus already exists!
2019-09-29 11:44:45,875 [main] INFO  server.BaseHttpServer (BaseHttpServer.java:updateConnectorAddress(215)) - HTTP server of HDDSDATANODE is listening at http://0.0.0.0:40075
2019-09-29 11:44:45,875 [main] INFO  ozone.MiniOzoneClusterImpl (MiniOzoneClusterImpl.java:lambda$waitForClusterToBeReady$0(147)) - Waiting for cluster to be ready. Got 0 of 3 DN Heartbeats.
2019-09-29 11:44:45,877 [org.apache.hadoop.util.JvmPauseMonitor$Monitor@7b6251b3] INFO  util.JvmPauseMonitor (JvmPauseMonitor.java:run(188)) - Starting JVM pause monitor
2019-09-29 11:44:45,880 [Datanode State Machine Thread - 0] INFO  datanode.InitDatanodeState (InitDatanodeState.java:persistContainerDatanodeDetails(140)) - DatanodeDetails is persisted to /workdir/hadoop-ozone/integration-test/target/test-dir/MiniOzoneClusterImpl-8b1f3dd2-5105-4ae3-bb3e-4bd60bc91d6f/datanode-2/meta/datanode.id
2019-09-29 11:44:46,876 [main] INFO  ozone.MiniOzoneClusterImpl (MiniOzoneClusterImpl.java:lambda$waitForClusterToBeReady$0(147)) - Waiting for cluster to be ready. Got 0 of 3 DN Heartbeats.
2019-09-29 11:44:47,766 [Datanode State Machine Thread - 0] INFO  ozoneimpl.OzoneContainer (OzoneContainer.java:start(217)) - Attempting to start container services.
2019-09-29 11:44:47,766 [Datanode State Machine Thread - 0] INFO  ozoneimpl.OzoneContainer (OzoneContainer.java:startContainerScrub(179)) - Background container scanner has been disabled.
2019-09-29 11:44:47,766 [Datanode State Machine Thread - 0] INFO  ratis.XceiverServerRatis (XceiverServerRatis.java:start(411)) - Starting XceiverServerRatis b35b170e-3ddc-451d-8d4a-e80dab005082 at port 0
2019-09-29 11:44:47,773 [Datanode State Machine Thread - 0] INFO  impl.RaftServerProxy (RaftServerProxy.java:lambda$start$3(299)) - b35b170e-3ddc-451d-8d4a-e80dab005082: start RPC server
2019-09-29 11:44:47,778 [Datanode State Machine Thread - 0] INFO  server.GrpcService (GrpcService.java:startImpl(158)) - b35b170e-3ddc-451d-8d4a-e80dab005082: GrpcService started, listening on 0.0.0.0/0.0.0.0:42590
2019-09-29 11:44:47,778 [Datanode State Machine Thread - 0] INFO  ratis.XceiverServerRatis (XceiverServerRatis.java:start(421)) - XceiverServerRatis b35b170e-3ddc-451d-8d4a-e80dab005082 is started using port 42590
2019-09-29 11:44:47,786 [Datanode State Machine Thread - 0] INFO  server.XceiverServerGrpc (XceiverServerGrpc.java:start(149)) - XceiverServerGrpc b35b170e-3ddc-451d-8d4a-e80dab005082 is started using port 40326
2019-09-29 11:44:47,825 [Datanode State Machine Thread - 0] INFO  ozoneimpl.OzoneContainer (OzoneContainer.java:start(217)) - Attempting to start container services.
2019-09-29 11:44:47,826 [Datanode State Machine Thread - 0] INFO  ozoneimpl.OzoneContainer (OzoneContainer.java:startContainerScrub(179)) - Background container scanner has been disabled.
2019-09-29 11:44:47,826 [Datanode State Machine Thread - 0] INFO  ratis.XceiverServerRatis (XceiverServerRatis.java:start(411)) - Starting XceiverServerRatis 071dc3e7-dc11-4fb4-9b42-17449d4a7d3f at port 0
2019-09-29 11:44:47,833 [Datanode State Machine Thread - 0] INFO  impl.RaftServerProxy (RaftServerProxy.java:lambda$start$3(299)) - 071dc3e7-dc11-4fb4-9b42-17449d4a7d3f: start RPC server
2019-09-29 11:44:47,835 [Datanode State Machine Thread - 0] INFO  server.GrpcService (GrpcService.java:startImpl(158)) - 071dc3e7-dc11-4fb4-9b42-17449d4a7d3f: GrpcService started, listening on 0.0.0.0/0.0.0.0:37562
2019-09-29 11:44:47,835 [Datanode State Machine Thread - 0] INFO  ratis.XceiverServerRatis (XceiverServerRatis.java:start(421)) - XceiverServerRatis 071dc3e7-dc11-4fb4-9b42-17449d4a7d3f is started using port 37562
2019-09-29 11:44:47,837 [Datanode State Machine Thread - 0] INFO  server.XceiverServerGrpc (XceiverServerGrpc.java:start(149)) - XceiverServerGrpc 071dc3e7-dc11-4fb4-9b42-17449d4a7d3f is started using port 35292
2019-09-29 11:44:47,877 [main] INFO  ozone.MiniOzoneClusterImpl (MiniOzoneClusterImpl.java:lambda$waitForClusterToBeReady$0(147)) - Waiting for cluster to be ready. Got 0 of 3 DN Heartbeats.
2019-09-29 11:44:47,904 [Datanode State Machine Thread - 0] INFO  ozoneimpl.OzoneContainer (OzoneContainer.java:start(217)) - Attempting to start container services.
2019-09-29 11:44:47,904 [Datanode State Machine Thread - 0] INFO  ozoneimpl.OzoneContainer (OzoneContainer.java:startContainerScrub(179)) - Background container scanner has been disabled.
2019-09-29 11:44:47,904 [Datanode State Machine Thread - 0] INFO  ratis.XceiverServerRatis (XceiverServerRatis.java:start(411)) - Starting XceiverServerRatis b1061e8e-5ad2-4165-ab2a-dfa7f8563df9 at port 0
2019-09-29 11:44:47,911 [Datanode State Machine Thread - 0] INFO  impl.RaftServerProxy (RaftServerProxy.java:lambda$start$3(299)) - b1061e8e-5ad2-4165-ab2a-dfa7f8563df9: start RPC server
2019-09-29 11:44:47,913 [Datanode State Machine Thread - 0] INFO  server.GrpcService (GrpcService.java:startImpl(158)) - b1061e8e-5ad2-4165-ab2a-dfa7f8563df9: GrpcService started, listening on 0.0.0.0/0.0.0.0:35438
2019-09-29 11:44:47,913 [Datanode State Machine Thread - 0] INFO  ratis.XceiverServerRatis (XceiverServerRatis.java:start(421)) - XceiverServerRatis b1061e8e-5ad2-4165-ab2a-dfa7f8563df9 is started using port 35438
2019-09-29 11:44:47,914 [Datanode State Machine Thread - 0] INFO  server.XceiverServerGrpc (XceiverServerGrpc.java:start(149)) - XceiverServerGrpc b1061e8e-5ad2-4165-ab2a-dfa7f8563df9 is started using port 42713
2019-09-29 11:44:48,877 [main] INFO  ozone.MiniOzoneClusterImpl (MiniOzoneClusterImpl.java:lambda$waitForClusterToBeReady$0(147)) - Waiting for cluster to be ready. Got 0 of 3 DN Heartbeats.
2019-09-29 11:44:49,735 [IPC Server handler 0 on 40172] INFO  net.NetworkTopology (NetworkTopologyImpl.java:add(111)) - Added a new node: /default-rack/b35b170e-3ddc-451d-8d4a-e80dab005082
2019-09-29 11:44:49,737 [IPC Server handler 0 on 40172] INFO  node.SCMNodeManager (SCMNodeManager.java:register(266)) - Registered Data node : b35b170e-3ddc-451d-8d4a-e80dab005082{ip: 192.168.30.19, host: pr-hdds-1569-lsfh5-224679870, networkLocation: /default-rack, certSerialId: null}
2019-09-29 11:44:49,738 [EventQueue-NodeRegistrationContainerReportForDataNodeSafeModeRule] INFO  safemode.SCMSafeModeManager (DataNodeSafeModeRule.java:process(71)) - SCM in safe mode. 1 DataNodes registered, 1 required.
2019-09-29 11:44:49,739 [EventQueue-NodeRegistrationContainerReportForDataNodeSafeModeRule] INFO  safemode.SCMSafeModeManager (SCMSafeModeManager.java:validateSafeModeExitRules(177)) - ScmSafeModeManager, all rules are successfully validated
2019-09-29 11:44:49,739 [EventQueue-NodeRegistrationContainerReportForDataNodeSafeModeRule] INFO  safemode.SCMSafeModeManager (SCMSafeModeManager.java:exitSafeMode(193)) - SCM exiting safe mode.
2019-09-29 11:44:49,756 [grpc-default-executor-0] INFO  impl.RaftServerProxy (RaftServerProxy.java:addNew(89)) - b35b170e-3ddc-451d-8d4a-e80dab005082: addNew group-0F2B69377D02:[b35b170e-3ddc-451d-8d4a-e80dab005082:192.168.30.19:42590] returns group-0F2B69377D02:java.util.concurrent.CompletableFuture@296679fc[Not completed]
2019-09-29 11:44:49,759 [pool-177-thread-1] INFO  impl.RaftServerImpl (RaftServerImpl.java:<init>(95)) - b35b170e-3ddc-451d-8d4a-e80dab005082: new RaftServerImpl for group-0F2B69377D02:[b35b170e-3ddc-451d-8d4a-e80dab005082:192.168.30.19:42590] with ContainerStateMachine:uninitialized
2019-09-29 11:44:49,759 [pool-177-thread-1] INFO  server.RaftServerConfigKeys (ConfUtils.java:logGet(43)) - raft.server.rpc.timeout.min = 5s (custom)
2019-09-29 11:44:49,759 [pool-177-thread-1] INFO  server.RaftServerConfigKeys (ConfUtils.java:logGet(43)) - raft.server.rpc.timeout.max = 5200ms (custom)
2019-09-29 11:44:49,759 [pool-177-thread-1] INFO  server.RaftServerConfigKeys (ConfUtils.java:logGet(43)) - raft.server.rpcslowness.timeout = 120s (custom)
2019-09-29 11:44:49,760 [pool-177-thread-1] INFO  server.RaftServerConfigKeys (ConfUtils.java:logGet(43)) - raft.server.sleep.deviation.threshold = 300 (default)
2019-09-29 11:44:49,760 [pool-177-thread-1] INFO  server.RaftServerConfigKeys (ConfUtils.java:logGet(43)) - raft.server.log.appender.install.snapshot.enabled = false (custom)
2019-09-29 11:44:49,760 [pool-177-thread-1] INFO  impl.RaftServerImpl (ServerState.java:<init>(103)) - b35b170e-3ddc-451d-8d4a-e80dab005082@group-0F2B69377D02: ConfigurationManager, init=-1: [b35b170e-3ddc-451d-8d4a-e80dab005082:192.168.30.19:42590], old=null, confs=<EMPTY_MAP>
2019-09-29 11:44:49,760 [pool-177-thread-1] INFO  server.RaftServerConfigKeys (ConfUtils.java:logGet(43)) - raft.server.storage.dir = [/workdir/hadoop-ozone/integration-test/target/test-dir/MiniOzoneClusterImpl-8b1f3dd2-5105-4ae3-bb3e-4bd60bc91d6f/datanode-0/data/ratis] (custom)
2019-09-29 11:44:49,761 [pool-177-thread-1] INFO  storage.RaftStorageDirectory (RaftStorageDirectory.java:analyzeStorage(246)) - The storage directory /workdir/hadoop-ozone/integration-test/target/test-dir/MiniOzoneClusterImpl-8b1f3dd2-5105-4ae3-bb3e-4bd60bc91d6f/datanode-0/data/ratis/6135bd8d-d93b-48b7-93a5-0f2b69377d02 does not exist. Creating ...
2019-09-29 11:44:49,798 [pool-177-thread-1] INFO  storage.RaftStorageDirectory (RaftStorageDirectory.java:tryLock(328)) - Lock on /workdir/hadoop-ozone/integration-test/target/test-dir/MiniOzoneClusterImpl-8b1f3dd2-5105-4ae3-bb3e-4bd60bc91d6f/datanode-0/data/ratis/6135bd8d-d93b-48b7-93a5-0f2b69377d02/in_use.lock acquired by nodename 15611@pr-hdds-1569-lsfh5-224679870
2019-09-29 11:44:49,802 [IPC Server handler 1 on 40172] INFO  net.NetworkTopology (NetworkTopologyImpl.java:add(111)) - Added a new node: /default-rack/071dc3e7-dc11-4fb4-9b42-17449d4a7d3f
2019-09-29 11:44:49,803 [IPC Server handler 1 on 40172] INFO  node.SCMNodeManager (SCMNodeManager.java:register(266)) - Registered Data node : 071dc3e7-dc11-4fb4-9b42-17449d4a7d3f{ip: 192.168.30.19, host: pr-hdds-1569-lsfh5-224679870, networkLocation: /default-rack, certSerialId: null}
2019-09-29 11:44:49,823 [pool-177-thread-1] INFO  storage.RaftStorage (RaftStorage.java:format(72)) - Storage directory /workdir/hadoop-ozone/integration-test/target/test-dir/MiniOzoneClusterImpl-8b1f3dd2-5105-4ae3-bb3e-4bd60bc91d6f/datanode-0/data/ratis/6135bd8d-d93b-48b7-93a5-0f2b69377d02 has been successfully formatted.
2019-09-29 11:44:49,823 [pool-177-thread-1] INFO  ratis.ContainerStateMachine (ContainerStateMachine.java:loadSnapshot(230)) - group-0F2B69377D02: The snapshot info is null. Setting the last applied indexto:(t:0, i:~)
2019-09-29 11:44:49,824 [pool-177-thread-1] INFO  server.RaftServerConfigKeys (ConfUtils.java:logGet(43)) - raft.server.notification.no-leader.timeout = 120s (custom)
2019-09-29 11:44:49,824 [pool-177-thread-1] INFO  server.RaftServerConfigKeys (ConfUtils.java:logGet(43)) - raft.server.log.use.memory = false (default)
2019-09-29 11:44:49,824 [pool-177-thread-1] INFO  server.RaftServerConfigKeys (ConfUtils.java:logGet(43)) - raft.server.log.purge.gap = 1000000 (custom)
2019-09-29 11:44:49,824 [pool-177-thread-1] INFO  server.RaftServerConfigKeys (ConfUtils.java:logGet(43)) - raft.server.log.appender.buffer.byte-limit = 33554432 (custom)
2019-09-29 11:44:49,824 [pool-177-thread-1] INFO  server.RaftServerConfigKeys (ConfUtils.java:logGet(43)) - raft.server.log.segment.size.max = 1048576 (custom)
2019-09-29 11:44:49,824 [pool-177-thread-1] INFO  server.RaftServerConfigKeys (ConfUtils.java:logGet(43)) - raft.server.log.segment.cache.num.max = 2 (custom)
2019-09-29 11:44:49,825 [pool-177-thread-1] INFO  segmented.SegmentedRaftLogWorker (SegmentedRaftLogWorker.java:<init>(172)) - new b35b170e-3ddc-451d-8d4a-e80dab005082@group-0F2B69377D02-SegmentedRaftLogWorker for RaftStorage:Storage Directory /workdir/hadoop-ozone/integration-test/target/test-dir/MiniOzoneClusterImpl-8b1f3dd2-5105-4ae3-bb3e-4bd60bc91d6f/datanode-0/data/ratis/6135bd8d-d93b-48b7-93a5-0f2b69377d02
2019-09-29 11:44:49,828 [pool-177-thread-1] INFO  server.RaftServerConfigKeys (ConfUtils.java:logGet(43)) - raft.server.log.queue.byte-limit = 2147483647 (custom)
2019-09-29 11:44:49,828 [pool-177-thread-1] INFO  server.RaftServerConfigKeys (ConfUtils.java:logGet(43)) - raft.server.log.queue.element-limit = 1024 (custom)
2019-09-29 11:44:49,828 [pool-177-thread-1] INFO  server.RaftServerConfigKeys (ConfUtils.java:logGet(43)) - raft.server.log.segment.size.max = 1048576 (custom)
2019-09-29 11:44:49,828 [pool-177-thread-1] INFO  server.RaftServerConfigKeys (ConfUtils.java:logGet(43)) - raft.server.log.preallocated.size = 16384 (custom)
2019-09-29 11:44:49,828 [pool-177-thread-1] INFO  server.RaftServerConfigKeys (ConfUtils.java:logGet(43)) - raft.server.log.write.buffer.size = 33554432 (custom)
2019-09-29 11:44:49,829 [pool-177-thread-1] INFO  server.RaftServerConfigKeys (ConfUtils.java:logGet(43)) - raft.server.log.force.sync.num = 128 (default)
2019-09-29 11:44:49,829 [pool-177-thread-1] INFO  server.RaftServerConfigKeys (ConfUtils.java:logGet(43)) - raft.server.log.statemachine.data.sync = true (default)
2019-09-29 11:44:49,829 [pool-177-thread-1] INFO  server.RaftServerConfigKeys (ConfUtils.java:logGet(43)) - raft.server.log.statemachine.data.sync.timeout = 10s (default)
2019-09-29 11:44:49,829 [pool-177-thread-1] INFO  server.RaftServerConfigKeys (ConfUtils.java:logGet(43)) - raft.server.log.statemachine.data.sync.timeout.retry = -1 (default)
2019-09-29 11:44:49,829 [pool-177-thread-1] INFO  server.RaftServerConfigKeys (ConfUtils.java:logGet(43)) - raft.server.log.statemachine.data.caching.enabled = true (custom)
2019-09-29 11:44:49,830 [pool-177-thread-1] INFO  segmented.SegmentedRaftLogWorker (SegmentedRaftLogWorker.java:lambda$new$0(132)) - b35b170e-3ddc-451d-8d4a-e80dab005082@group-0F2B69377D02-SegmentedRaftLogWorker: flushIndex: setUnconditionally 0 -> -1
2019-09-29 11:44:49,830 [pool-177-thread-1] INFO  server.RaftServerConfigKeys (ConfUtils.java:logGet(43)) - raft.server.snapshot.auto.trigger.enabled = true (custom)
2019-09-29 11:44:49,830 [pool-177-thread-1] INFO  server.RaftServerConfigKeys (ConfUtils.java:logGet(43)) - raft.server.snapshot.auto.trigger.threshold = 10000 (custom)
2019-09-29 11:44:49,830 [pool-177-thread-1] INFO  server.RaftServerConfigKeys (ConfUtils.java:logGet(43)) - raft.server.snapshot.retention.num.files = 5 (custom)
2019-09-29 11:44:49,831 [pool-177-thread-1] INFO  server.RaftServerConfigKeys (ConfUtils.java:logGet(43)) - raft.server.retrycache.expirytime = 600000ms (custom)
2019-09-29 11:44:49,833 [pool-177-thread-1] INFO  impl.RaftServerImpl (RaftServerImpl.java:start(185)) - b35b170e-3ddc-451d-8d4a-e80dab005082@group-0F2B69377D02: start as a follower, conf=-1: [b35b170e-3ddc-451d-8d4a-e80dab005082:192.168.30.19:42590], old=null
2019-09-29 11:44:49,834 [pool-177-thread-1] INFO  impl.RaftServerImpl (RaftServerImpl.java:setRole(174)) - b35b170e-3ddc-451d-8d4a-e80dab005082@group-0F2B69377D02: changes role from      null to FOLLOWER at term 0 for startAsFollower
2019-09-29 11:44:49,834 [pool-177-thread-1] INFO  impl.RoleInfo (RoleInfo.java:updateAndGet(143)) - b35b170e-3ddc-451d-8d4a-e80dab005082: start FollowerState
2019-09-29 11:44:49,834 [pool-177-thread-1] INFO  util.JmxRegister (JmxRegister.java:tryRegister(44)) - Successfully registered JMX Bean with object name Ratis:service=RaftServer,group=group-0F2B69377D02,id=b35b170e-3ddc-451d-8d4a-e80dab005082
2019-09-29 11:44:49,840 [RatisPipelineUtilsThread] INFO  pipeline.PipelineStateManager (PipelineStateManager.java:addPipeline(56)) - Created pipeline Pipeline[ Id: 6135bd8d-d93b-48b7-93a5-0f2b69377d02, Nodes: b35b170e-3ddc-451d-8d4a-e80dab005082{ip: 192.168.30.19, host: pr-hdds-1569-lsfh5-224679870, networkLocation: /default-rack, certSerialId: null}, Type:RATIS, Factor:ONE, State:OPEN]
2019-09-29 11:44:49,858 [grpc-default-executor-0] INFO  impl.RaftServerProxy (RaftServerProxy.java:addNew(89)) - 071dc3e7-dc11-4fb4-9b42-17449d4a7d3f: addNew group-3EC2EC913A29:[071dc3e7-dc11-4fb4-9b42-17449d4a7d3f:192.168.30.19:37562] returns group-3EC2EC913A29:java.util.concurrent.CompletableFuture@53faaca9[Not completed]
2019-09-29 11:44:49,860 [pool-187-thread-1] INFO  impl.RaftServerImpl (RaftServerImpl.java:<init>(95)) - 071dc3e7-dc11-4fb4-9b42-17449d4a7d3f: new RaftServerImpl for group-3EC2EC913A29:[071dc3e7-dc11-4fb4-9b42-17449d4a7d3f:192.168.30.19:37562] with ContainerStateMachine:uninitialized
2019-09-29 11:44:49,861 [pool-187-thread-1] INFO  server.RaftServerConfigKeys (ConfUtils.java:logGet(43)) - raft.server.rpc.timeout.min = 5s (custom)
2019-09-29 11:44:49,861 [pool-187-thread-1] INFO  server.RaftServerConfigKeys (ConfUtils.java:logGet(43)) - raft.server.rpc.timeout.max = 5200ms (custom)
2019-09-29 11:44:49,861 [pool-187-thread-1] INFO  server.RaftServerConfigKeys (ConfUtils.java:logGet(43)) - raft.server.rpcslowness.timeout = 120s (custom)
2019-09-29 11:44:49,861 [pool-187-thread-1] INFO  server.RaftServerConfigKeys (ConfUtils.java:logGet(43)) - raft.server.sleep.deviation.threshold = 300 (default)
2019-09-29 11:44:49,861 [pool-187-thread-1] INFO  server.RaftServerConfigKeys (ConfUtils.java:logGet(43)) - raft.server.log.appender.install.snapshot.enabled = false (custom)
2019-09-29 11:44:49,861 [pool-187-thread-1] INFO  impl.RaftServerImpl (ServerState.java:<init>(103)) - 071dc3e7-dc11-4fb4-9b42-17449d4a7d3f@group-3EC2EC913A29: ConfigurationManager, init=-1: [071dc3e7-dc11-4fb4-9b42-17449d4a7d3f:192.168.30.19:37562], old=null, confs=<EMPTY_MAP>
2019-09-29 11:44:49,862 [pool-187-thread-1] INFO  server.RaftServerConfigKeys (ConfUtils.java:logGet(43)) - raft.server.storage.dir = [/workdir/hadoop-ozone/integration-test/target/test-dir/MiniOzoneClusterImpl-8b1f3dd2-5105-4ae3-bb3e-4bd60bc91d6f/datanode-1/data/ratis] (custom)
2019-09-29 11:44:49,862 [pool-187-thread-1] INFO  storage.RaftStorageDirectory (RaftStorageDirectory.java:analyzeStorage(246)) - The storage directory /workdir/hadoop-ozone/integration-test/target/test-dir/MiniOzoneClusterImpl-8b1f3dd2-5105-4ae3-bb3e-4bd60bc91d6f/datanode-1/data/ratis/cd1698bf-9cd6-4643-8bdb-3ec2ec913a29 does not exist. Creating ...
2019-09-29 11:44:49,878 [main] INFO  ozone.MiniOzoneClusterImpl (MiniOzoneClusterImpl.java:lambda$waitForClusterToBeReady$0(147)) - Waiting for cluster to be ready. Got 2 of 3 DN Heartbeats.
2019-09-29 11:44:49,881 [IPC Server handler 2 on 40172] INFO  net.NetworkTopology (NetworkTopologyImpl.java:add(111)) - Added a new node: /default-rack/b1061e8e-5ad2-4165-ab2a-dfa7f8563df9
2019-09-29 11:44:49,881 [IPC Server handler 2 on 40172] INFO  node.SCMNodeManager (SCMNodeManager.java:register(266)) - Registered Data node : b1061e8e-5ad2-4165-ab2a-dfa7f8563df9{ip: 192.168.30.19, host: pr-hdds-1569-lsfh5-224679870, networkLocation: /default-rack, certSerialId: null}
2019-09-29 11:44:49,890 [pool-187-thread-1] INFO  storage.RaftStorageDirectory (RaftStorageDirectory.java:tryLock(328)) - Lock on /workdir/hadoop-ozone/integration-test/target/test-dir/MiniOzoneClusterImpl-8b1f3dd2-5105-4ae3-bb3e-4bd60bc91d6f/datanode-1/data/ratis/cd1698bf-9cd6-4643-8bdb-3ec2ec913a29/in_use.lock acquired by nodename 15611@pr-hdds-1569-lsfh5-224679870
2019-09-29 11:44:49,915 [pool-187-thread-1] INFO  storage.RaftStorage (RaftStorage.java:format(72)) - Storage directory /workdir/hadoop-ozone/integration-test/target/test-dir/MiniOzoneClusterImpl-8b1f3dd2-5105-4ae3-bb3e-4bd60bc91d6f/datanode-1/data/ratis/cd1698bf-9cd6-4643-8bdb-3ec2ec913a29 has been successfully formatted.
2019-09-29 11:44:49,916 [pool-187-thread-1] INFO  ratis.ContainerStateMachine (ContainerStateMachine.java:loadSnapshot(230)) - group-3EC2EC913A29: The snapshot info is null. Setting the last applied indexto:(t:0, i:~)
2019-09-29 11:44:49,916 [pool-187-thread-1] INFO  server.RaftServerConfigKeys (ConfUtils.java:logGet(43)) - raft.server.notification.no-leader.timeout = 120s (custom)
2019-09-29 11:44:49,916 [pool-187-thread-1] INFO  server.RaftServerConfigKeys (ConfUtils.java:logGet(43)) - raft.server.log.use.memory = false (default)
2019-09-29 11:44:49,916 [pool-187-thread-1] INFO  server.RaftServerConfigKeys (ConfUtils.java:logGet(43)) - raft.server.log.purge.gap = 1000000 (custom)
2019-09-29 11:44:49,916 [pool-187-thread-1] INFO  server.RaftServerConfigKeys (ConfUtils.java:logGet(43)) - raft.server.log.appender.buffer.byte-limit = 33554432 (custom)
2019-09-29 11:44:49,917 [pool-187-thread-1] INFO  server.RaftServerConfigKeys (ConfUtils.java:logGet(43)) - raft.server.log.segment.size.max = 1048576 (custom)
2019-09-29 11:44:49,917 [pool-187-thread-1] INFO  server.RaftServerConfigKeys (ConfUtils.java:logGet(43)) - raft.server.log.segment.cache.num.max = 2 (custom)
2019-09-29 11:44:49,917 [pool-187-thread-1] INFO  segmented.SegmentedRaftLogWorker (SegmentedRaftLogWorker.java:<init>(172)) - new 071dc3e7-dc11-4fb4-9b42-17449d4a7d3f@group-3EC2EC913A29-SegmentedRaftLogWorker for RaftStorage:Storage Directory /workdir/hadoop-ozone/integration-test/target/test-dir/MiniOzoneClusterImpl-8b1f3dd2-5105-4ae3-bb3e-4bd60bc91d6f/datanode-1/data/ratis/cd1698bf-9cd6-4643-8bdb-3ec2ec913a29
2019-09-29 11:44:49,919 [pool-187-thread-1] INFO  server.RaftServerConfigKeys (ConfUtils.java:logGet(43)) - raft.server.log.queue.byte-limit = 2147483647 (custom)
2019-09-29 11:44:49,919 [pool-187-thread-1] INFO  server.RaftServerConfigKeys (ConfUtils.java:logGet(43)) - raft.server.log.queue.element-limit = 1024 (custom)
2019-09-29 11:44:49,920 [pool-187-thread-1] INFO  server.RaftServerConfigKeys (ConfUtils.java:logGet(43)) - raft.server.log.segment.size.max = 1048576 (custom)
2019-09-29 11:44:49,920 [pool-187-thread-1] INFO  server.RaftServerConfigKeys (ConfUtils.java:logGet(43)) - raft.server.log.preallocated.size = 16384 (custom)
2019-09-29 11:44:49,920 [pool-187-thread-1] INFO  server.RaftServerConfigKeys (ConfUtils.java:logGet(43)) - raft.server.log.write.buffer.size = 33554432 (custom)
2019-09-29 11:44:49,920 [pool-187-thread-1] INFO  server.RaftServerConfigKeys (ConfUtils.java:logGet(43)) - raft.server.log.force.sync.num = 128 (default)
2019-09-29 11:44:49,920 [pool-187-thread-1] INFO  server.RaftServerConfigKeys (ConfUtils.java:logGet(43)) - raft.server.log.statemachine.data.sync = true (default)
2019-09-29 11:44:49,920 [pool-187-thread-1] INFO  server.RaftServerConfigKeys (ConfUtils.java:logGet(43)) - raft.server.log.statemachine.data.sync.timeout = 10s (default)
2019-09-29 11:44:49,920 [pool-187-thread-1] INFO  server.RaftServerConfigKeys (ConfUtils.java:logGet(43)) - raft.server.log.statemachine.data.sync.timeout.retry = -1 (default)
2019-09-29 11:44:49,921 [pool-187-thread-1] INFO  server.RaftServerConfigKeys (ConfUtils.java:logGet(43)) - raft.server.log.statemachine.data.caching.enabled = true (custom)
2019-09-29 11:44:49,921 [pool-187-thread-1] INFO  segmented.SegmentedRaftLogWorker (SegmentedRaftLogWorker.java:lambda$new$0(132)) - 071dc3e7-dc11-4fb4-9b42-17449d4a7d3f@group-3EC2EC913A29-SegmentedRaftLogWorker: flushIndex: setUnconditionally 0 -> -1
2019-09-29 11:44:49,921 [pool-187-thread-1] INFO  server.RaftServerConfigKeys (ConfUtils.java:logGet(43)) - raft.server.snapshot.auto.trigger.enabled = true (custom)
2019-09-29 11:44:49,921 [pool-187-thread-1] INFO  server.RaftServerConfigKeys (ConfUtils.java:logGet(43)) - raft.server.snapshot.auto.trigger.threshold = 10000 (custom)
2019-09-29 11:44:49,922 [pool-187-thread-1] INFO  server.RaftServerConfigKeys (ConfUtils.java:logGet(43)) - raft.server.snapshot.retention.num.files = 5 (custom)
2019-09-29 11:44:49,922 [pool-187-thread-1] INFO  server.RaftServerConfigKeys (ConfUtils.java:logGet(43)) - raft.server.retrycache.expirytime = 600000ms (custom)
2019-09-29 11:44:49,924 [pool-187-thread-1] INFO  impl.RaftServerImpl (RaftServerImpl.java:start(185)) - 071dc3e7-dc11-4fb4-9b42-17449d4a7d3f@group-3EC2EC913A29: start as a follower, conf=-1: [071dc3e7-dc11-4fb4-9b42-17449d4a7d3f:192.168.30.19:37562], old=null
2019-09-29 11:44:49,924 [pool-187-thread-1] INFO  impl.RaftServerImpl (RaftServerImpl.java:setRole(174)) - 071dc3e7-dc11-4fb4-9b42-17449d4a7d3f@group-3EC2EC913A29: changes role from      null to FOLLOWER at term 0 for startAsFollower
2019-09-29 11:44:49,924 [pool-187-thread-1] INFO  impl.RoleInfo (RoleInfo.java:updateAndGet(143)) - 071dc3e7-dc11-4fb4-9b42-17449d4a7d3f: start FollowerState
2019-09-29 11:44:49,925 [pool-187-thread-1] INFO  util.JmxRegister (JmxRegister.java:tryRegister(44)) - Successfully registered JMX Bean with object name Ratis:service=RaftServer,group=group-3EC2EC913A29,id=071dc3e7-dc11-4fb4-9b42-17449d4a7d3f
2019-09-29 11:44:49,934 [RatisPipelineUtilsThread] INFO  pipeline.PipelineStateManager (PipelineStateManager.java:addPipeline(56)) - Created pipeline Pipeline[ Id: cd1698bf-9cd6-4643-8bdb-3ec2ec913a29, Nodes: 071dc3e7-dc11-4fb4-9b42-17449d4a7d3f{ip: 192.168.30.19, host: pr-hdds-1569-lsfh5-224679870, networkLocation: /default-rack, certSerialId: null}, Type:RATIS, Factor:ONE, State:OPEN]
2019-09-29 11:44:49,942 [grpc-default-executor-0] INFO  impl.RaftServerProxy (RaftServerProxy.java:addNew(89)) - b1061e8e-5ad2-4165-ab2a-dfa7f8563df9: addNew group-2AB17D8E1642:[b1061e8e-5ad2-4165-ab2a-dfa7f8563df9:192.168.30.19:35438] returns group-2AB17D8E1642:java.util.concurrent.CompletableFuture@4e672268[Not completed]
2019-09-29 11:44:49,943 [pool-197-thread-1] INFO  impl.RaftServerImpl (RaftServerImpl.java:<init>(95)) - b1061e8e-5ad2-4165-ab2a-dfa7f8563df9: new RaftServerImpl for group-2AB17D8E1642:[b1061e8e-5ad2-4165-ab2a-dfa7f8563df9:192.168.30.19:35438] with ContainerStateMachine:uninitialized
2019-09-29 11:44:49,943 [pool-197-thread-1] INFO  server.RaftServerConfigKeys (ConfUtils.java:logGet(43)) - raft.server.rpc.timeout.min = 5s (custom)
2019-09-29 11:44:49,943 [pool-197-thread-1] INFO  server.RaftServerConfigKeys (ConfUtils.java:logGet(43)) - raft.server.rpc.timeout.max = 5200ms (custom)
2019-09-29 11:44:49,943 [pool-197-thread-1] INFO  server.RaftServerConfigKeys (ConfUtils.java:logGet(43)) - raft.server.rpcslowness.timeout = 120s (custom)
2019-09-29 11:44:49,944 [pool-197-thread-1] INFO  server.RaftServerConfigKeys (ConfUtils.java:logGet(43)) - raft.server.sleep.deviation.threshold = 300 (default)
2019-09-29 11:44:49,944 [pool-197-thread-1] INFO  server.RaftServerConfigKeys (ConfUtils.java:logGet(43)) - raft.server.log.appender.install.snapshot.enabled = false (custom)
2019-09-29 11:44:49,944 [pool-197-thread-1] INFO  impl.RaftServerImpl (ServerState.java:<init>(103)) - b1061e8e-5ad2-4165-ab2a-dfa7f8563df9@group-2AB17D8E1642: ConfigurationManager, init=-1: [b1061e8e-5ad2-4165-ab2a-dfa7f8563df9:192.168.30.19:35438], old=null, confs=<EMPTY_MAP>
2019-09-29 11:44:49,944 [pool-197-thread-1] INFO  server.RaftServerConfigKeys (ConfUtils.java:logGet(43)) - raft.server.storage.dir = [/workdir/hadoop-ozone/integration-test/target/test-dir/MiniOzoneClusterImpl-8b1f3dd2-5105-4ae3-bb3e-4bd60bc91d6f/datanode-2/data/ratis] (custom)
2019-09-29 11:44:49,944 [pool-197-thread-1] INFO  storage.RaftStorageDirectory (RaftStorageDirectory.java:analyzeStorage(246)) - The storage directory /workdir/hadoop-ozone/integration-test/target/test-dir/MiniOzoneClusterImpl-8b1f3dd2-5105-4ae3-bb3e-4bd60bc91d6f/datanode-2/data/ratis/e24e85aa-64dc-4908-baf0-2ab17d8e1642 does not exist. Creating ...
2019-09-29 11:44:49,966 [pool-197-thread-1] INFO  storage.RaftStorageDirectory (RaftStorageDirectory.java:tryLock(328)) - Lock on /workdir/hadoop-ozone/integration-test/target/test-dir/MiniOzoneClusterImpl-8b1f3dd2-5105-4ae3-bb3e-4bd60bc91d6f/datanode-2/data/ratis/e24e85aa-64dc-4908-baf0-2ab17d8e1642/in_use.lock acquired by nodename 15611@pr-hdds-1569-lsfh5-224679870
2019-09-29 11:44:49,990 [pool-197-thread-1] INFO  storage.RaftStorage (RaftStorage.java:format(72)) - Storage directory /workdir/hadoop-ozone/integration-test/target/test-dir/MiniOzoneClusterImpl-8b1f3dd2-5105-4ae3-bb3e-4bd60bc91d6f/datanode-2/data/ratis/e24e85aa-64dc-4908-baf0-2ab17d8e1642 has been successfully formatted.
2019-09-29 11:44:49,990 [pool-197-thread-1] INFO  ratis.ContainerStateMachine (ContainerStateMachine.java:loadSnapshot(230)) - group-2AB17D8E1642: The snapshot info is null. Setting the last applied indexto:(t:0, i:~)
2019-09-29 11:44:49,990 [pool-197-thread-1] INFO  server.RaftServerConfigKeys (ConfUtils.java:logGet(43)) - raft.server.notification.no-leader.timeout = 120s (custom)
2019-09-29 11:44:49,990 [pool-197-thread-1] INFO  server.RaftServerConfigKeys (ConfUtils.java:logGet(43)) - raft.server.log.use.memory = false (default)
2019-09-29 11:44:49,991 [pool-197-thread-1] INFO  server.RaftServerConfigKeys (ConfUtils.java:logGet(43)) - raft.server.log.purge.gap = 1000000 (custom)
2019-09-29 11:44:49,991 [pool-197-thread-1] INFO  server.RaftServerConfigKeys (ConfUtils.java:logGet(43)) - raft.server.log.appender.buffer.byte-limit = 33554432 (custom)
2019-09-29 11:44:49,991 [pool-197-thread-1] INFO  server.RaftServerConfigKeys (ConfUtils.java:logGet(43)) - raft.server.log.segment.size.max = 1048576 (custom)
2019-09-29 11:44:49,991 [pool-197-thread-1] INFO  server.RaftServerConfigKeys (ConfUtils.java:logGet(43)) - raft.server.log.segment.cache.num.max = 2 (custom)
2019-09-29 11:44:49,991 [pool-197-thread-1] INFO  segmented.SegmentedRaftLogWorker (SegmentedRaftLogWorker.java:<init>(172)) - new b1061e8e-5ad2-4165-ab2a-dfa7f8563df9@group-2AB17D8E1642-SegmentedRaftLogWorker for RaftStorage:Storage Directory /workdir/hadoop-ozone/integration-test/target/test-dir/MiniOzoneClusterImpl-8b1f3dd2-5105-4ae3-bb3e-4bd60bc91d6f/datanode-2/data/ratis/e24e85aa-64dc-4908-baf0-2ab17d8e1642
2019-09-29 11:44:49,994 [pool-197-thread-1] INFO  server.RaftServerConfigKeys (ConfUtils.java:logGet(43)) - raft.server.log.queue.byte-limit = 2147483647 (custom)
2019-09-29 11:44:49,994 [pool-197-thread-1] INFO  server.RaftServerConfigKeys (ConfUtils.java:logGet(43)) - raft.server.log.queue.element-limit = 1024 (custom)
2019-09-29 11:44:49,994 [pool-197-thread-1] INFO  server.RaftServerConfigKeys (ConfUtils.java:logGet(43)) - raft.server.log.segment.size.max = 1048576 (custom)
2019-09-29 11:44:49,994 [pool-197-thread-1] INFO  server.RaftServerConfigKeys (ConfUtils.java:logGet(43)) - raft.server.log.preallocated.size = 16384 (custom)
2019-09-29 11:44:49,994 [pool-197-thread-1] INFO  server.RaftServerConfigKeys (ConfUtils.java:logGet(43)) - raft.server.log.write.buffer.size = 33554432 (custom)
2019-09-29 11:44:49,994 [pool-197-thread-1] INFO  server.RaftServerConfigKeys (ConfUtils.java:logGet(43)) - raft.server.log.force.sync.num = 128 (default)
2019-09-29 11:44:49,995 [pool-197-thread-1] INFO  server.RaftServerConfigKeys (ConfUtils.java:logGet(43)) - raft.server.log.statemachine.data.sync = true (default)
2019-09-29 11:44:49,995 [pool-197-thread-1] INFO  server.RaftServerConfigKeys (ConfUtils.java:logGet(43)) - raft.server.log.statemachine.data.sync.timeout = 10s (default)
2019-09-29 11:44:49,995 [pool-197-thread-1] INFO  server.RaftServerConfigKeys (ConfUtils.java:logGet(43)) - raft.server.log.statemachine.data.sync.timeout.retry = -1 (default)
2019-09-29 11:44:49,995 [pool-197-thread-1] INFO  server.RaftServerConfigKeys (ConfUtils.java:logGet(43)) - raft.server.log.statemachine.data.caching.enabled = true (custom)
2019-09-29 11:44:49,995 [pool-197-thread-1] INFO  segmented.SegmentedRaftLogWorker (SegmentedRaftLogWorker.java:lambda$new$0(132)) - b1061e8e-5ad2-4165-ab2a-dfa7f8563df9@group-2AB17D8E1642-SegmentedRaftLogWorker: flushIndex: setUnconditionally 0 -> -1
2019-09-29 11:44:49,996 [pool-197-thread-1] INFO  server.RaftServerConfigKeys (ConfUtils.java:logGet(43)) - raft.server.snapshot.auto.trigger.enabled = true (custom)
2019-09-29 11:44:49,996 [pool-197-thread-1] INFO  server.RaftServerConfigKeys (ConfUtils.java:logGet(43)) - raft.server.snapshot.auto.trigger.threshold = 10000 (custom)
2019-09-29 11:44:49,996 [pool-197-thread-1] INFO  server.RaftServerConfigKeys (ConfUtils.java:logGet(43)) - raft.server.snapshot.retention.num.files = 5 (custom)
2019-09-29 11:44:49,996 [pool-197-thread-1] INFO  server.RaftServerConfigKeys (ConfUtils.java:logGet(43)) - raft.server.retrycache.expirytime = 600000ms (custom)
2019-09-29 11:44:49,998 [pool-197-thread-1] INFO  impl.RaftServerImpl (RaftServerImpl.java:start(185)) - b1061e8e-5ad2-4165-ab2a-dfa7f8563df9@group-2AB17D8E1642: start as a follower, conf=-1: [b1061e8e-5ad2-4165-ab2a-dfa7f8563df9:192.168.30.19:35438], old=null
2019-09-29 11:44:49,999 [pool-197-thread-1] INFO  impl.RaftServerImpl (RaftServerImpl.java:setRole(174)) - b1061e8e-5ad2-4165-ab2a-dfa7f8563df9@group-2AB17D8E1642: changes role from      null to FOLLOWER at term 0 for startAsFollower
2019-09-29 11:44:49,999 [pool-197-thread-1] INFO  impl.RoleInfo (RoleInfo.java:updateAndGet(143)) - b1061e8e-5ad2-4165-ab2a-dfa7f8563df9: start FollowerState
2019-09-29 11:44:49,999 [pool-197-thread-1] INFO  util.JmxRegister (JmxRegister.java:tryRegister(44)) - Successfully registered JMX Bean with object name Ratis:service=RaftServer,group=group-2AB17D8E1642,id=b1061e8e-5ad2-4165-ab2a-dfa7f8563df9
2019-09-29 11:44:50,004 [RatisPipelineUtilsThread] INFO  pipeline.PipelineStateManager (PipelineStateManager.java:addPipeline(56)) - Created pipeline Pipeline[ Id: e24e85aa-64dc-4908-baf0-2ab17d8e1642, Nodes: b1061e8e-5ad2-4165-ab2a-dfa7f8563df9{ip: 192.168.30.19, host: pr-hdds-1569-lsfh5-224679870, networkLocation: /default-rack, certSerialId: null}, Type:RATIS, Factor:ONE, State:OPEN]
2019-09-29 11:44:50,005 [RatisPipelineUtilsThread] ERROR pipeline.SCMPipelineManager (SCMPipelineManager.java:createPipeline(188)) - Pipeline creation failed.
org.apache.hadoop.hdds.scm.exceptions.SCMException: Cannot create pipeline of factor 1 using 0 nodes.
	at org.apache.hadoop.hdds.scm.pipeline.RatisPipelineProvider.pickNodesNeverUsed(RatisPipelineProvider.java:113)
	at org.apache.hadoop.hdds.scm.pipeline.RatisPipelineProvider.create(RatisPipelineProvider.java:125)
	at org.apache.hadoop.hdds.scm.pipeline.PipelineFactory.create(PipelineFactory.java:58)
	at org.apache.hadoop.hdds.scm.pipeline.SCMPipelineManager.createPipeline(SCMPipelineManager.java:179)
	at org.apache.hadoop.hdds.scm.pipeline.BackgroundPipelineCreator.createPipelines(BackgroundPipelineCreator.java:100)
	at java.util.concurrent.Executors$RunnableAdapter.call(Executors.java:511)
	at java.util.concurrent.FutureTask.run(FutureTask.java:266)
	at java.util.concurrent.ScheduledThreadPoolExecutor$ScheduledFutureTask.access$201(ScheduledThreadPoolExecutor.java:180)
	at java.util.concurrent.ScheduledThreadPoolExecutor$ScheduledFutureTask.run(ScheduledThreadPoolExecutor.java:293)
	at java.util.concurrent.ThreadPoolExecutor.runWorker(ThreadPoolExecutor.java:1149)
	at java.util.concurrent.ThreadPoolExecutor$Worker.run(ThreadPoolExecutor.java:624)
	at java.lang.Thread.run(Thread.java:748)
2019-09-29 11:44:50,016 [grpc-default-executor-2] INFO  impl.RaftServerProxy (RaftServerProxy.java:addNew(89)) - b35b170e-3ddc-451d-8d4a-e80dab005082: addNew group-F44C28CD0532:[071dc3e7-dc11-4fb4-9b42-17449d4a7d3f:192.168.30.19:37562, b35b170e-3ddc-451d-8d4a-e80dab005082:192.168.30.19:42590, b1061e8e-5ad2-4165-ab2a-dfa7f8563df9:192.168.30.19:35438] returns group-F44C28CD0532:java.util.concurrent.CompletableFuture@7ea60200[Not completed]
2019-09-29 11:44:50,016 [grpc-default-executor-1] INFO  impl.RaftServerProxy (RaftServerProxy.java:addNew(89)) - 071dc3e7-dc11-4fb4-9b42-17449d4a7d3f: addNew group-F44C28CD0532:[071dc3e7-dc11-4fb4-9b42-17449d4a7d3f:192.168.30.19:37562, b35b170e-3ddc-451d-8d4a-e80dab005082:192.168.30.19:42590, b1061e8e-5ad2-4165-ab2a-dfa7f8563df9:192.168.30.19:35438] returns group-F44C28CD0532:java.util.concurrent.CompletableFuture@48a9c042[Not completed]
2019-09-29 11:44:50,016 [grpc-default-executor-2] INFO  impl.RaftServerProxy (RaftServerProxy.java:addNew(89)) - b1061e8e-5ad2-4165-ab2a-dfa7f8563df9: addNew group-F44C28CD0532:[071dc3e7-dc11-4fb4-9b42-17449d4a7d3f:192.168.30.19:37562, b35b170e-3ddc-451d-8d4a-e80dab005082:192.168.30.19:42590, b1061e8e-5ad2-4165-ab2a-dfa7f8563df9:192.168.30.19:35438] returns group-F44C28CD0532:java.util.concurrent.CompletableFuture@3ba493b0[Not completed]
2019-09-29 11:44:50,017 [pool-187-thread-1] INFO  impl.RaftServerImpl (RaftServerImpl.java:<init>(95)) - 071dc3e7-dc11-4fb4-9b42-17449d4a7d3f: new RaftServerImpl for group-F44C28CD0532:[071dc3e7-dc11-4fb4-9b42-17449d4a7d3f:192.168.30.19:37562, b35b170e-3ddc-451d-8d4a-e80dab005082:192.168.30.19:42590, b1061e8e-5ad2-4165-ab2a-dfa7f8563df9:192.168.30.19:35438] with ContainerStateMachine:uninitialized
2019-09-29 11:44:50,017 [pool-187-thread-1] INFO  server.RaftServerConfigKeys (ConfUtils.java:logGet(43)) - raft.server.rpc.timeout.min = 5s (custom)
2019-09-29 11:44:50,017 [pool-187-thread-1] INFO  server.RaftServerConfigKeys (ConfUtils.java:logGet(43)) - raft.server.rpc.timeout.max = 5200ms (custom)
2019-09-29 11:44:50,018 [pool-187-thread-1] INFO  server.RaftServerConfigKeys (ConfUtils.java:logGet(43)) - raft.server.rpcslowness.timeout = 120s (custom)
2019-09-29 11:44:50,018 [pool-197-thread-1] INFO  impl.RaftServerImpl (RaftServerImpl.java:<init>(95)) - b1061e8e-5ad2-4165-ab2a-dfa7f8563df9: new RaftServerImpl for group-F44C28CD0532:[071dc3e7-dc11-4fb4-9b42-17449d4a7d3f:192.168.30.19:37562, b35b170e-3ddc-451d-8d4a-e80dab005082:192.168.30.19:42590, b1061e8e-5ad2-4165-ab2a-dfa7f8563df9:192.168.30.19:35438] with ContainerStateMachine:uninitialized
2019-09-29 11:44:50,018 [pool-187-thread-1] INFO  server.RaftServerConfigKeys (ConfUtils.java:logGet(43)) - raft.server.sleep.deviation.threshold = 300 (default)
2019-09-29 11:44:50,018 [pool-197-thread-1] INFO  server.RaftServerConfigKeys (ConfUtils.java:logGet(43)) - raft.server.rpc.timeout.min = 5s (custom)
2019-09-29 11:44:50,018 [pool-187-thread-1] INFO  server.RaftServerConfigKeys (ConfUtils.java:logGet(43)) - raft.server.log.appender.install.snapshot.enabled = false (custom)
2019-09-29 11:44:50,018 [pool-197-thread-1] INFO  server.RaftServerConfigKeys (ConfUtils.java:logGet(43)) - raft.server.rpc.timeout.max = 5200ms (custom)
2019-09-29 11:44:50,018 [pool-187-thread-1] INFO  impl.RaftServerImpl (ServerState.java:<init>(103)) - 071dc3e7-dc11-4fb4-9b42-17449d4a7d3f@group-F44C28CD0532: ConfigurationManager, init=-1: [071dc3e7-dc11-4fb4-9b42-17449d4a7d3f:192.168.30.19:37562, b35b170e-3ddc-451d-8d4a-e80dab005082:192.168.30.19:42590, b1061e8e-5ad2-4165-ab2a-dfa7f8563df9:192.168.30.19:35438], old=null, confs=<EMPTY_MAP>
2019-09-29 11:44:50,018 [pool-197-thread-1] INFO  server.RaftServerConfigKeys (ConfUtils.java:logGet(43)) - raft.server.rpcslowness.timeout = 120s (custom)
2019-09-29 11:44:50,018 [pool-187-thread-1] INFO  server.RaftServerConfigKeys (ConfUtils.java:logGet(43)) - raft.server.storage.dir = [/workdir/hadoop-ozone/integration-test/target/test-dir/MiniOzoneClusterImpl-8b1f3dd2-5105-4ae3-bb3e-4bd60bc91d6f/datanode-1/data/ratis] (custom)
2019-09-29 11:44:50,018 [pool-177-thread-1] INFO  impl.RaftServerImpl (RaftServerImpl.java:<init>(95)) - b35b170e-3ddc-451d-8d4a-e80dab005082: new RaftServerImpl for group-F44C28CD0532:[071dc3e7-dc11-4fb4-9b42-17449d4a7d3f:192.168.30.19:37562, b35b170e-3ddc-451d-8d4a-e80dab005082:192.168.30.19:42590, b1061e8e-5ad2-4165-ab2a-dfa7f8563df9:192.168.30.19:35438] with ContainerStateMachine:uninitialized
2019-09-29 11:44:50,018 [pool-197-thread-1] INFO  server.RaftServerConfigKeys (ConfUtils.java:logGet(43)) - raft.server.sleep.deviation.threshold = 300 (default)
2019-09-29 11:44:50,019 [pool-177-thread-1] INFO  server.RaftServerConfigKeys (ConfUtils.java:logGet(43)) - raft.server.rpc.timeout.min = 5s (custom)
2019-09-29 11:44:50,019 [pool-187-thread-1] INFO  storage.RaftStorageDirectory (RaftStorageDirectory.java:analyzeStorage(246)) - The storage directory /workdir/hadoop-ozone/integration-test/target/test-dir/MiniOzoneClusterImpl-8b1f3dd2-5105-4ae3-bb3e-4bd60bc91d6f/datanode-1/data/ratis/605c3941-d68c-4ebb-bd39-f44c28cd0532 does not exist. Creating ...
2019-09-29 11:44:50,019 [pool-197-thread-1] INFO  server.RaftServerConfigKeys (ConfUtils.java:logGet(43)) - raft.server.log.appender.install.snapshot.enabled = false (custom)
2019-09-29 11:44:50,019 [pool-177-thread-1] INFO  server.RaftServerConfigKeys (ConfUtils.java:logGet(43)) - raft.server.rpc.timeout.max = 5200ms (custom)
2019-09-29 11:44:50,019 [pool-197-thread-1] INFO  impl.RaftServerImpl (ServerState.java:<init>(103)) - b1061e8e-5ad2-4165-ab2a-dfa7f8563df9@group-F44C28CD0532: ConfigurationManager, init=-1: [071dc3e7-dc11-4fb4-9b42-17449d4a7d3f:192.168.30.19:37562, b35b170e-3ddc-451d-8d4a-e80dab005082:192.168.30.19:42590, b1061e8e-5ad2-4165-ab2a-dfa7f8563df9:192.168.30.19:35438], old=null, confs=<EMPTY_MAP>
2019-09-29 11:44:50,019 [pool-177-thread-1] INFO  server.RaftServerConfigKeys (ConfUtils.java:logGet(43)) - raft.server.rpcslowness.timeout = 120s (custom)
2019-09-29 11:44:50,019 [pool-197-thread-1] INFO  server.RaftServerConfigKeys (ConfUtils.java:logGet(43)) - raft.server.storage.dir = [/workdir/hadoop-ozone/integration-test/target/test-dir/MiniOzoneClusterImpl-8b1f3dd2-5105-4ae3-bb3e-4bd60bc91d6f/datanode-2/data/ratis] (custom)
2019-09-29 11:44:50,019 [pool-177-thread-1] INFO  server.RaftServerConfigKeys (ConfUtils.java:logGet(43)) - raft.server.sleep.deviation.threshold = 300 (default)
2019-09-29 11:44:50,020 [pool-177-thread-1] INFO  server.RaftServerConfigKeys (ConfUtils.java:logGet(43)) - raft.server.log.appender.install.snapshot.enabled = false (custom)
2019-09-29 11:44:50,020 [pool-197-thread-1] INFO  storage.RaftStorageDirectory (RaftStorageDirectory.java:analyzeStorage(246)) - The storage directory /workdir/hadoop-ozone/integration-test/target/test-dir/MiniOzoneClusterImpl-8b1f3dd2-5105-4ae3-bb3e-4bd60bc91d6f/datanode-2/data/ratis/605c3941-d68c-4ebb-bd39-f44c28cd0532 does not exist. Creating ...
2019-09-29 11:44:50,020 [pool-177-thread-1] INFO  impl.RaftServerImpl (ServerState.java:<init>(103)) - b35b170e-3ddc-451d-8d4a-e80dab005082@group-F44C28CD0532: ConfigurationManager, init=-1: [071dc3e7-dc11-4fb4-9b42-17449d4a7d3f:192.168.30.19:37562, b35b170e-3ddc-451d-8d4a-e80dab005082:192.168.30.19:42590, b1061e8e-5ad2-4165-ab2a-dfa7f8563df9:192.168.30.19:35438], old=null, confs=<EMPTY_MAP>
2019-09-29 11:44:50,020 [pool-177-thread-1] INFO  server.RaftServerConfigKeys (ConfUtils.java:logGet(43)) - raft.server.storage.dir = [/workdir/hadoop-ozone/integration-test/target/test-dir/MiniOzoneClusterImpl-8b1f3dd2-5105-4ae3-bb3e-4bd60bc91d6f/datanode-0/data/ratis] (custom)
2019-09-29 11:44:50,020 [pool-177-thread-1] INFO  storage.RaftStorageDirectory (RaftStorageDirectory.java:analyzeStorage(246)) - The storage directory /workdir/hadoop-ozone/integration-test/target/test-dir/MiniOzoneClusterImpl-8b1f3dd2-5105-4ae3-bb3e-4bd60bc91d6f/datanode-0/data/ratis/605c3941-d68c-4ebb-bd39-f44c28cd0532 does not exist. Creating ...
2019-09-29 11:44:50,044 [pool-187-thread-1] INFO  storage.RaftStorageDirectory (RaftStorageDirectory.java:tryLock(328)) - Lock on /workdir/hadoop-ozone/integration-test/target/test-dir/MiniOzoneClusterImpl-8b1f3dd2-5105-4ae3-bb3e-4bd60bc91d6f/datanode-1/data/ratis/605c3941-d68c-4ebb-bd39-f44c28cd0532/in_use.lock acquired by nodename 15611@pr-hdds-1569-lsfh5-224679870
2019-09-29 11:44:50,044 [pool-197-thread-1] INFO  storage.RaftStorageDirectory (RaftStorageDirectory.java:tryLock(328)) - Lock on /workdir/hadoop-ozone/integration-test/target/test-dir/MiniOzoneClusterImpl-8b1f3dd2-5105-4ae3-bb3e-4bd60bc91d6f/datanode-2/data/ratis/605c3941-d68c-4ebb-bd39-f44c28cd0532/in_use.lock acquired by nodename 15611@pr-hdds-1569-lsfh5-224679870
2019-09-29 11:44:50,044 [pool-177-thread-1] INFO  storage.RaftStorageDirectory (RaftStorageDirectory.java:tryLock(328)) - Lock on /workdir/hadoop-ozone/integration-test/target/test-dir/MiniOzoneClusterImpl-8b1f3dd2-5105-4ae3-bb3e-4bd60bc91d6f/datanode-0/data/ratis/605c3941-d68c-4ebb-bd39-f44c28cd0532/in_use.lock acquired by nodename 15611@pr-hdds-1569-lsfh5-224679870
2019-09-29 11:44:50,066 [pool-197-thread-1] INFO  storage.RaftStorage (RaftStorage.java:format(72)) - Storage directory /workdir/hadoop-ozone/integration-test/target/test-dir/MiniOzoneClusterImpl-8b1f3dd2-5105-4ae3-bb3e-4bd60bc91d6f/datanode-2/data/ratis/605c3941-d68c-4ebb-bd39-f44c28cd0532 has been successfully formatted.
2019-09-29 11:44:50,066 [pool-187-thread-1] INFO  storage.RaftStorage (RaftStorage.java:format(72)) - Storage directory /workdir/hadoop-ozone/integration-test/target/test-dir/MiniOzoneClusterImpl-8b1f3dd2-5105-4ae3-bb3e-4bd60bc91d6f/datanode-1/data/ratis/605c3941-d68c-4ebb-bd39-f44c28cd0532 has been successfully formatted.
2019-09-29 11:44:50,066 [pool-177-thread-1] INFO  storage.RaftStorage (RaftStorage.java:format(72)) - Storage directory /workdir/hadoop-ozone/integration-test/target/test-dir/MiniOzoneClusterImpl-8b1f3dd2-5105-4ae3-bb3e-4bd60bc91d6f/datanode-0/data/ratis/605c3941-d68c-4ebb-bd39-f44c28cd0532 has been successfully formatted.
2019-09-29 11:44:50,067 [pool-187-thread-1] INFO  ratis.ContainerStateMachine (ContainerStateMachine.java:loadSnapshot(230)) - group-F44C28CD0532: The snapshot info is null. Setting the last applied indexto:(t:0, i:~)
2019-09-29 11:44:50,067 [pool-197-thread-1] INFO  ratis.ContainerStateMachine (ContainerStateMachine.java:loadSnapshot(230)) - group-F44C28CD0532: The snapshot info is null. Setting the last applied indexto:(t:0, i:~)
2019-09-29 11:44:50,067 [pool-187-thread-1] INFO  server.RaftServerConfigKeys (ConfUtils.java:logGet(43)) - raft.server.notification.no-leader.timeout = 120s (custom)
2019-09-29 11:44:50,067 [pool-177-thread-1] INFO  ratis.ContainerStateMachine (ContainerStateMachine.java:loadSnapshot(230)) - group-F44C28CD0532: The snapshot info is null. Setting the last applied indexto:(t:0, i:~)
2019-09-29 11:44:50,067 [pool-187-thread-1] INFO  server.RaftServerConfigKeys (ConfUtils.java:logGet(43)) - raft.server.log.use.memory = false (default)
2019-09-29 11:44:50,067 [pool-197-thread-1] INFO  server.RaftServerConfigKeys (ConfUtils.java:logGet(43)) - raft.server.notification.no-leader.timeout = 120s (custom)
2019-09-29 11:44:50,068 [pool-187-thread-1] INFO  server.RaftServerConfigKeys (ConfUtils.java:logGet(43)) - raft.server.log.purge.gap = 1000000 (custom)
2019-09-29 11:44:50,067 [pool-177-thread-1] INFO  server.RaftServerConfigKeys (ConfUtils.java:logGet(43)) - raft.server.notification.no-leader.timeout = 120s (custom)
2019-09-29 11:44:50,068 [pool-187-thread-1] INFO  server.RaftServerConfigKeys (ConfUtils.java:logGet(43)) - raft.server.log.appender.buffer.byte-limit = 33554432 (custom)
2019-09-29 11:44:50,068 [pool-197-thread-1] INFO  server.RaftServerConfigKeys (ConfUtils.java:logGet(43)) - raft.server.log.use.memory = false (default)
2019-09-29 11:44:50,068 [pool-187-thread-1] INFO  server.RaftServerConfigKeys (ConfUtils.java:logGet(43)) - raft.server.log.segment.size.max = 1048576 (custom)
2019-09-29 11:44:50,068 [pool-177-thread-1] INFO  server.RaftServerConfigKeys (ConfUtils.java:logGet(43)) - raft.server.log.use.memory = false (default)
2019-09-29 11:44:50,069 [pool-187-thread-1] INFO  server.RaftServerConfigKeys (ConfUtils.java:logGet(43)) - raft.server.log.segment.cache.num.max = 2 (custom)
2019-09-29 11:44:50,069 [pool-197-thread-1] INFO  server.RaftServerConfigKeys (ConfUtils.java:logGet(43)) - raft.server.log.purge.gap = 1000000 (custom)
2019-09-29 11:44:50,069 [pool-187-thread-1] INFO  segmented.SegmentedRaftLogWorker (SegmentedRaftLogWorker.java:<init>(172)) - new 071dc3e7-dc11-4fb4-9b42-17449d4a7d3f@group-F44C28CD0532-SegmentedRaftLogWorker for RaftStorage:Storage Directory /workdir/hadoop-ozone/integration-test/target/test-dir/MiniOzoneClusterImpl-8b1f3dd2-5105-4ae3-bb3e-4bd60bc91d6f/datanode-1/data/ratis/605c3941-d68c-4ebb-bd39-f44c28cd0532
2019-09-29 11:44:50,069 [pool-177-thread-1] INFO  server.RaftServerConfigKeys (ConfUtils.java:logGet(43)) - raft.server.log.purge.gap = 1000000 (custom)
2019-09-29 11:44:50,069 [pool-187-thread-1] INFO  server.RaftServerConfigKeys (ConfUtils.java:logGet(43)) - raft.server.log.queue.byte-limit = 2147483647 (custom)
2019-09-29 11:44:50,069 [pool-197-thread-1] INFO  server.RaftServerConfigKeys (ConfUtils.java:logGet(43)) - raft.server.log.appender.buffer.byte-limit = 33554432 (custom)
2019-09-29 11:44:50,070 [pool-187-thread-1] INFO  server.RaftServerConfigKeys (ConfUtils.java:logGet(43)) - raft.server.log.queue.element-limit = 1024 (custom)
2019-09-29 11:44:50,070 [pool-177-thread-1] INFO  server.RaftServerConfigKeys (ConfUtils.java:logGet(43)) - raft.server.log.appender.buffer.byte-limit = 33554432 (custom)
2019-09-29 11:44:50,070 [pool-187-thread-1] INFO  server.RaftServerConfigKeys (ConfUtils.java:logGet(43)) - raft.server.log.segment.size.max = 1048576 (custom)
2019-09-29 11:44:50,070 [pool-197-thread-1] INFO  server.RaftServerConfigKeys (ConfUtils.java:logGet(43)) - raft.server.log.segment.size.max = 1048576 (custom)
2019-09-29 11:44:50,070 [pool-187-thread-1] INFO  server.RaftServerConfigKeys (ConfUtils.java:logGet(43)) - raft.server.log.preallocated.size = 16384 (custom)
2019-09-29 11:44:50,070 [pool-177-thread-1] INFO  server.RaftServerConfigKeys (ConfUtils.java:logGet(43)) - raft.server.log.segment.size.max = 1048576 (custom)
2019-09-29 11:44:50,071 [pool-187-thread-1] INFO  server.RaftServerConfigKeys (ConfUtils.java:logGet(43)) - raft.server.log.write.buffer.size = 33554432 (custom)
2019-09-29 11:44:50,071 [pool-197-thread-1] INFO  server.RaftServerConfigKeys (ConfUtils.java:logGet(43)) - raft.server.log.segment.cache.num.max = 2 (custom)
2019-09-29 11:44:50,071 [pool-187-thread-1] INFO  server.RaftServerConfigKeys (ConfUtils.java:logGet(43)) - raft.server.log.force.sync.num = 128 (default)
2019-09-29 11:44:50,071 [pool-177-thread-1] INFO  server.RaftServerConfigKeys (ConfUtils.java:logGet(43)) - raft.server.log.segment.cache.num.max = 2 (custom)
2019-09-29 11:44:50,071 [pool-187-thread-1] INFO  server.RaftServerConfigKeys (ConfUtils.java:logGet(43)) - raft.server.log.statemachine.data.sync = true (default)
2019-09-29 11:44:50,071 [pool-197-thread-1] INFO  segmented.SegmentedRaftLogWorker (SegmentedRaftLogWorker.java:<init>(172)) - new b1061e8e-5ad2-4165-ab2a-dfa7f8563df9@group-F44C28CD0532-SegmentedRaftLogWorker for RaftStorage:Storage Directory /workdir/hadoop-ozone/integration-test/target/test-dir/MiniOzoneClusterImpl-8b1f3dd2-5105-4ae3-bb3e-4bd60bc91d6f/datanode-2/data/ratis/605c3941-d68c-4ebb-bd39-f44c28cd0532
2019-09-29 11:44:50,072 [pool-187-thread-1] INFO  server.RaftServerConfigKeys (ConfUtils.java:logGet(43)) - raft.server.log.statemachine.data.sync.timeout = 10s (default)
2019-09-29 11:44:50,072 [pool-177-thread-1] INFO  segmented.SegmentedRaftLogWorker (SegmentedRaftLogWorker.java:<init>(172)) - new b35b170e-3ddc-451d-8d4a-e80dab005082@group-F44C28CD0532-SegmentedRaftLogWorker for RaftStorage:Storage Directory /workdir/hadoop-ozone/integration-test/target/test-dir/MiniOzoneClusterImpl-8b1f3dd2-5105-4ae3-bb3e-4bd60bc91d6f/datanode-0/data/ratis/605c3941-d68c-4ebb-bd39-f44c28cd0532
2019-09-29 11:44:50,072 [pool-187-thread-1] INFO  server.RaftServerConfigKeys (ConfUtils.java:logGet(43)) - raft.server.log.statemachine.data.sync.timeout.retry = -1 (default)
2019-09-29 11:44:50,072 [pool-197-thread-1] INFO  server.RaftServerConfigKeys (ConfUtils.java:logGet(43)) - raft.server.log.queue.byte-limit = 2147483647 (custom)
2019-09-29 11:44:50,072 [pool-187-thread-1] INFO  server.RaftServerConfigKeys (ConfUtils.java:logGet(43)) - raft.server.log.statemachine.data.caching.enabled = true (custom)
2019-09-29 11:44:50,072 [pool-177-thread-1] INFO  server.RaftServerConfigKeys (ConfUtils.java:logGet(43)) - raft.server.log.queue.byte-limit = 2147483647 (custom)
2019-09-29 11:44:50,073 [pool-197-thread-1] INFO  server.RaftServerConfigKeys (ConfUtils.java:logGet(43)) - raft.server.log.queue.element-limit = 1024 (custom)
2019-09-29 11:44:50,073 [pool-177-thread-1] INFO  server.RaftServerConfigKeys (ConfUtils.java:logGet(43)) - raft.server.log.queue.element-limit = 1024 (custom)
2019-09-29 11:44:50,073 [pool-187-thread-1] INFO  segmented.SegmentedRaftLogWorker (SegmentedRaftLogWorker.java:lambda$new$0(132)) - 071dc3e7-dc11-4fb4-9b42-17449d4a7d3f@group-F44C28CD0532-SegmentedRaftLogWorker: flushIndex: setUnconditionally 0 -> -1
2019-09-29 11:44:50,073 [pool-177-thread-1] INFO  server.RaftServerConfigKeys (ConfUtils.java:logGet(43)) - raft.server.log.segment.size.max = 1048576 (custom)
2019-09-29 11:44:50,073 [pool-197-thread-1] INFO  server.RaftServerConfigKeys (ConfUtils.java:logGet(43)) - raft.server.log.segment.size.max = 1048576 (custom)
2019-09-29 11:44:50,074 [pool-187-thread-1] INFO  server.RaftServerConfigKeys (ConfUtils.java:logGet(43)) - raft.server.snapshot.auto.trigger.enabled = true (custom)
2019-09-29 11:44:50,074 [pool-177-thread-1] INFO  server.RaftServerConfigKeys (ConfUtils.java:logGet(43)) - raft.server.log.preallocated.size = 16384 (custom)
2019-09-29 11:44:50,074 [pool-187-thread-1] INFO  server.RaftServerConfigKeys (ConfUtils.java:logGet(43)) - raft.server.snapshot.auto.trigger.threshold = 10000 (custom)
2019-09-29 11:44:50,074 [pool-197-thread-1] INFO  server.RaftServerConfigKeys (ConfUtils.java:logGet(43)) - raft.server.log.preallocated.size = 16384 (custom)
2019-09-29 11:44:50,074 [pool-187-thread-1] INFO  server.RaftServerConfigKeys (ConfUtils.java:logGet(43)) - raft.server.snapshot.retention.num.files = 5 (custom)
2019-09-29 11:44:50,074 [pool-177-thread-1] INFO  server.RaftServerConfigKeys (ConfUtils.java:logGet(43)) - raft.server.log.write.buffer.size = 33554432 (custom)
2019-09-29 11:44:50,075 [pool-187-thread-1] INFO  server.RaftServerConfigKeys (ConfUtils.java:logGet(43)) - raft.server.retrycache.expirytime = 600000ms (custom)
2019-09-29 11:44:50,074 [pool-197-thread-1] INFO  server.RaftServerConfigKeys (ConfUtils.java:logGet(43)) - raft.server.log.write.buffer.size = 33554432 (custom)
2019-09-29 11:44:50,075 [pool-177-thread-1] INFO  server.RaftServerConfigKeys (ConfUtils.java:logGet(43)) - raft.server.log.force.sync.num = 128 (default)
2019-09-29 11:44:50,075 [pool-197-thread-1] INFO  server.RaftServerConfigKeys (ConfUtils.java:logGet(43)) - raft.server.log.force.sync.num = 128 (default)
2019-09-29 11:44:50,075 [pool-177-thread-1] INFO  server.RaftServerConfigKeys (ConfUtils.java:logGet(43)) - raft.server.log.statemachine.data.sync = true (default)
2019-09-29 11:44:50,076 [pool-197-thread-1] INFO  server.RaftServerConfigKeys (ConfUtils.java:logGet(43)) - raft.server.log.statemachine.data.sync = true (default)
2019-09-29 11:44:50,076 [pool-177-thread-1] INFO  server.RaftServerConfigKeys (ConfUtils.java:logGet(43)) - raft.server.log.statemachine.data.sync.timeout = 10s (default)
2019-09-29 11:44:50,076 [pool-197-thread-1] INFO  server.RaftServerConfigKeys (ConfUtils.java:logGet(43)) - raft.server.log.statemachine.data.sync.timeout = 10s (default)
2019-09-29 11:44:50,076 [pool-177-thread-1] INFO  server.RaftServerConfigKeys (ConfUtils.java:logGet(43)) - raft.server.log.statemachine.data.sync.timeout.retry = -1 (default)
2019-09-29 11:44:50,076 [pool-197-thread-1] INFO  server.RaftServerConfigKeys (ConfUtils.java:logGet(43)) - raft.server.log.statemachine.data.sync.timeout.retry = -1 (default)
2019-09-29 11:44:50,077 [pool-177-thread-1] INFO  server.RaftServerConfigKeys (ConfUtils.java:logGet(43)) - raft.server.log.statemachine.data.caching.enabled = true (custom)
2019-09-29 11:44:50,077 [pool-197-thread-1] INFO  server.RaftServerConfigKeys (ConfUtils.java:logGet(43)) - raft.server.log.statemachine.data.caching.enabled = true (custom)
2019-09-29 11:44:50,077 [pool-177-thread-1] INFO  segmented.SegmentedRaftLogWorker (SegmentedRaftLogWorker.java:lambda$new$0(132)) - b35b170e-3ddc-451d-8d4a-e80dab005082@group-F44C28CD0532-SegmentedRaftLogWorker: flushIndex: setUnconditionally 0 -> -1
2019-09-29 11:44:50,077 [pool-197-thread-1] INFO  segmented.SegmentedRaftLogWorker (SegmentedRaftLogWorker.java:lambda$new$0(132)) - b1061e8e-5ad2-4165-ab2a-dfa7f8563df9@group-F44C28CD0532-SegmentedRaftLogWorker: flushIndex: setUnconditionally 0 -> -1
2019-09-29 11:44:50,078 [pool-177-thread-1] INFO  server.RaftServerConfigKeys (ConfUtils.java:logGet(43)) - raft.server.snapshot.auto.trigger.enabled = true (custom)
2019-09-29 11:44:50,078 [pool-197-thread-1] INFO  server.RaftServerConfigKeys (ConfUtils.java:logGet(43)) - raft.server.snapshot.auto.trigger.enabled = true (custom)
2019-09-29 11:44:50,078 [pool-177-thread-1] INFO  server.RaftServerConfigKeys (ConfUtils.java:logGet(43)) - raft.server.snapshot.auto.trigger.threshold = 10000 (custom)
2019-09-29 11:44:50,078 [pool-197-thread-1] INFO  server.RaftServerConfigKeys (ConfUtils.java:logGet(43)) - raft.server.snapshot.auto.trigger.threshold = 10000 (custom)
2019-09-29 11:44:50,078 [pool-177-thread-1] INFO  server.RaftServerConfigKeys (ConfUtils.java:logGet(43)) - raft.server.snapshot.retention.num.files = 5 (custom)
2019-09-29 11:44:50,078 [pool-197-thread-1] INFO  server.RaftServerConfigKeys (ConfUtils.java:logGet(43)) - raft.server.snapshot.retention.num.files = 5 (custom)
2019-09-29 11:44:50,079 [pool-177-thread-1] INFO  server.RaftServerConfigKeys (ConfUtils.java:logGet(43)) - raft.server.retrycache.expirytime = 600000ms (custom)
2019-09-29 11:44:50,079 [pool-187-thread-1] INFO  impl.RaftServerImpl (RaftServerImpl.java:start(185)) - 071dc3e7-dc11-4fb4-9b42-17449d4a7d3f@group-F44C28CD0532: start as a follower, conf=-1: [071dc3e7-dc11-4fb4-9b42-17449d4a7d3f:192.168.30.19:37562, b35b170e-3ddc-451d-8d4a-e80dab005082:192.168.30.19:42590, b1061e8e-5ad2-4165-ab2a-dfa7f8563df9:192.168.30.19:35438], old=null
2019-09-29 11:44:50,079 [pool-197-thread-1] INFO  server.RaftServerConfigKeys (ConfUtils.java:logGet(43)) - raft.server.retrycache.expirytime = 600000ms (custom)
2019-09-29 11:44:50,079 [pool-187-thread-1] INFO  impl.RaftServerImpl (RaftServerImpl.java:setRole(174)) - 071dc3e7-dc11-4fb4-9b42-17449d4a7d3f@group-F44C28CD0532: changes role from      null to FOLLOWER at term 0 for startAsFollower
2019-09-29 11:44:50,080 [pool-187-thread-1] INFO  impl.RoleInfo (RoleInfo.java:updateAndGet(143)) - 071dc3e7-dc11-4fb4-9b42-17449d4a7d3f: start FollowerState
2019-09-29 11:44:50,080 [pool-187-thread-1] INFO  util.JmxRegister (JmxRegister.java:tryRegister(44)) - Successfully registered JMX Bean with object name Ratis:service=RaftServer,group=group-F44C28CD0532,id=071dc3e7-dc11-4fb4-9b42-17449d4a7d3f
2019-09-29 11:44:50,085 [pool-177-thread-1] INFO  impl.RaftServerImpl (RaftServerImpl.java:start(185)) - b35b170e-3ddc-451d-8d4a-e80dab005082@group-F44C28CD0532: start as a follower, conf=-1: [071dc3e7-dc11-4fb4-9b42-17449d4a7d3f:192.168.30.19:37562, b35b170e-3ddc-451d-8d4a-e80dab005082:192.168.30.19:42590, b1061e8e-5ad2-4165-ab2a-dfa7f8563df9:192.168.30.19:35438], old=null
2019-09-29 11:44:50,085 [pool-197-thread-1] INFO  impl.RaftServerImpl (RaftServerImpl.java:start(185)) - b1061e8e-5ad2-4165-ab2a-dfa7f8563df9@group-F44C28CD0532: start as a follower, conf=-1: [071dc3e7-dc11-4fb4-9b42-17449d4a7d3f:192.168.30.19:37562, b35b170e-3ddc-451d-8d4a-e80dab005082:192.168.30.19:42590, b1061e8e-5ad2-4165-ab2a-dfa7f8563df9:192.168.30.19:35438], old=null
2019-09-29 11:44:50,085 [pool-177-thread-1] INFO  impl.RaftServerImpl (RaftServerImpl.java:setRole(174)) - b35b170e-3ddc-451d-8d4a-e80dab005082@group-F44C28CD0532: changes role from      null to FOLLOWER at term 0 for startAsFollower
2019-09-29 11:44:50,085 [pool-197-thread-1] INFO  impl.RaftServerImpl (RaftServerImpl.java:setRole(174)) - b1061e8e-5ad2-4165-ab2a-dfa7f8563df9@group-F44C28CD0532: changes role from      null to FOLLOWER at term 0 for startAsFollower
2019-09-29 11:44:50,085 [pool-177-thread-1] INFO  impl.RoleInfo (RoleInfo.java:updateAndGet(143)) - b35b170e-3ddc-451d-8d4a-e80dab005082: start FollowerState
2019-09-29 11:44:50,085 [pool-197-thread-1] INFO  impl.RoleInfo (RoleInfo.java:updateAndGet(143)) - b1061e8e-5ad2-4165-ab2a-dfa7f8563df9: start FollowerState
2019-09-29 11:44:50,086 [pool-177-thread-1] INFO  util.JmxRegister (JmxRegister.java:tryRegister(44)) - Successfully registered JMX Bean with object name Ratis:service=RaftServer,group=group-F44C28CD0532,id=b35b170e-3ddc-451d-8d4a-e80dab005082
2019-09-29 11:44:50,086 [pool-197-thread-1] INFO  util.JmxRegister (JmxRegister.java:tryRegister(44)) - Successfully registered JMX Bean with object name Ratis:service=RaftServer,group=group-F44C28CD0532,id=b1061e8e-5ad2-4165-ab2a-dfa7f8563df9
2019-09-29 11:44:50,094 [RatisPipelineUtilsThread] INFO  pipeline.PipelineStateManager (PipelineStateManager.java:addPipeline(56)) - Created pipeline Pipeline[ Id: 605c3941-d68c-4ebb-bd39-f44c28cd0532, Nodes: b1061e8e-5ad2-4165-ab2a-dfa7f8563df9{ip: 192.168.30.19, host: pr-hdds-1569-lsfh5-224679870, networkLocation: /default-rack, certSerialId: null}b35b170e-3ddc-451d-8d4a-e80dab005082{ip: 192.168.30.19, host: pr-hdds-1569-lsfh5-224679870, networkLocation: /default-rack, certSerialId: null}071dc3e7-dc11-4fb4-9b42-17449d4a7d3f{ip: 192.168.30.19, host: pr-hdds-1569-lsfh5-224679870, networkLocation: /default-rack, certSerialId: null}, Type:RATIS, Factor:THREE, State:OPEN]
2019-09-29 11:44:50,100 [grpc-default-executor-2] INFO  impl.RaftServerProxy (RaftServerProxy.java:addNew(89)) - b35b170e-3ddc-451d-8d4a-e80dab005082: addNew group-5273015377BC:[071dc3e7-dc11-4fb4-9b42-17449d4a7d3f:192.168.30.19:37562, b35b170e-3ddc-451d-8d4a-e80dab005082:192.168.30.19:42590, b1061e8e-5ad2-4165-ab2a-dfa7f8563df9:192.168.30.19:35438] returns group-5273015377BC:java.util.concurrent.CompletableFuture@a55eb91[Not completed]
2019-09-29 11:44:50,100 [grpc-default-executor-1] INFO  impl.RaftServerProxy (RaftServerProxy.java:addNew(89)) - b1061e8e-5ad2-4165-ab2a-dfa7f8563df9: addNew group-5273015377BC:[071dc3e7-dc11-4fb4-9b42-17449d4a7d3f:192.168.30.19:37562, b35b170e-3ddc-451d-8d4a-e80dab005082:192.168.30.19:42590, b1061e8e-5ad2-4165-ab2a-dfa7f8563df9:192.168.30.19:35438] returns group-5273015377BC:java.util.concurrent.CompletableFuture@426c758f[Not completed]
2019-09-29 11:44:50,102 [grpc-default-executor-0] INFO  impl.RaftServerProxy (RaftServerProxy.java:addNew(89)) - 071dc3e7-dc11-4fb4-9b42-17449d4a7d3f: addNew group-5273015377BC:[071dc3e7-dc11-4fb4-9b42-17449d4a7d3f:192.168.30.19:37562, b35b170e-3ddc-451d-8d4a-e80dab005082:192.168.30.19:42590, b1061e8e-5ad2-4165-ab2a-dfa7f8563df9:192.168.30.19:35438] returns group-5273015377BC:java.util.concurrent.CompletableFuture@4fa9b830[Not completed]
2019-09-29 11:44:50,103 [pool-177-thread-1] INFO  impl.RaftServerImpl (RaftServerImpl.java:<init>(95)) - b35b170e-3ddc-451d-8d4a-e80dab005082: new RaftServerImpl for group-5273015377BC:[071dc3e7-dc11-4fb4-9b42-17449d4a7d3f:192.168.30.19:37562, b35b170e-3ddc-451d-8d4a-e80dab005082:192.168.30.19:42590, b1061e8e-5ad2-4165-ab2a-dfa7f8563df9:192.168.30.19:35438] with ContainerStateMachine:uninitialized
2019-09-29 11:44:50,103 [pool-177-thread-1] INFO  server.RaftServerConfigKeys (ConfUtils.java:logGet(43)) - raft.server.rpc.timeout.min = 5s (custom)
2019-09-29 11:44:50,104 [pool-177-thread-1] INFO  server.RaftServerConfigKeys (ConfUtils.java:logGet(43)) - raft.server.rpc.timeout.max = 5200ms (custom)
2019-09-29 11:44:50,104 [pool-177-thread-1] INFO  server.RaftServerConfigKeys (ConfUtils.java:logGet(43)) - raft.server.rpcslowness.timeout = 120s (custom)
2019-09-29 11:44:50,104 [pool-187-thread-1] INFO  impl.RaftServerImpl (RaftServerImpl.java:<init>(95)) - 071dc3e7-dc11-4fb4-9b42-17449d4a7d3f: new RaftServerImpl for group-5273015377BC:[071dc3e7-dc11-4fb4-9b42-17449d4a7d3f:192.168.30.19:37562, b35b170e-3ddc-451d-8d4a-e80dab005082:192.168.30.19:42590, b1061e8e-5ad2-4165-ab2a-dfa7f8563df9:192.168.30.19:35438] with ContainerStateMachine:uninitialized
2019-09-29 11:44:50,104 [pool-177-thread-1] INFO  server.RaftServerConfigKeys (ConfUtils.java:logGet(43)) - raft.server.sleep.deviation.threshold = 300 (default)
2019-09-29 11:44:50,104 [pool-187-thread-1] INFO  server.RaftServerConfigKeys (ConfUtils.java:logGet(43)) - raft.server.rpc.timeout.min = 5s (custom)
2019-09-29 11:44:50,104 [pool-177-thread-1] INFO  server.RaftServerConfigKeys (ConfUtils.java:logGet(43)) - raft.server.log.appender.install.snapshot.enabled = false (custom)
2019-09-29 11:44:50,104 [pool-197-thread-1] INFO  impl.RaftServerImpl (RaftServerImpl.java:<init>(95)) - b1061e8e-5ad2-4165-ab2a-dfa7f8563df9: new RaftServerImpl for group-5273015377BC:[071dc3e7-dc11-4fb4-9b42-17449d4a7d3f:192.168.30.19:37562, b35b170e-3ddc-451d-8d4a-e80dab005082:192.168.30.19:42590, b1061e8e-5ad2-4165-ab2a-dfa7f8563df9:192.168.30.19:35438] with ContainerStateMachine:uninitialized
2019-09-29 11:44:50,104 [pool-187-thread-1] INFO  server.RaftServerConfigKeys (ConfUtils.java:logGet(43)) - raft.server.rpc.timeout.max = 5200ms (custom)
2019-09-29 11:44:50,105 [pool-197-thread-1] INFO  server.RaftServerConfigKeys (ConfUtils.java:logGet(43)) - raft.server.rpc.timeout.min = 5s (custom)
2019-09-29 11:44:50,105 [pool-177-thread-1] INFO  impl.RaftServerImpl (ServerState.java:<init>(103)) - b35b170e-3ddc-451d-8d4a-e80dab005082@group-5273015377BC: ConfigurationManager, init=-1: [071dc3e7-dc11-4fb4-9b42-17449d4a7d3f:192.168.30.19:37562, b35b170e-3ddc-451d-8d4a-e80dab005082:192.168.30.19:42590, b1061e8e-5ad2-4165-ab2a-dfa7f8563df9:192.168.30.19:35438], old=null, confs=<EMPTY_MAP>
2019-09-29 11:44:50,105 [pool-197-thread-1] INFO  server.RaftServerConfigKeys (ConfUtils.java:logGet(43)) - raft.server.rpc.timeout.max = 5200ms (custom)
2019-09-29 11:44:50,105 [pool-187-thread-1] INFO  server.RaftServerConfigKeys (ConfUtils.java:logGet(43)) - raft.server.rpcslowness.timeout = 120s (custom)
2019-09-29 11:44:50,105 [pool-197-thread-1] INFO  server.RaftServerConfigKeys (ConfUtils.java:logGet(43)) - raft.server.rpcslowness.timeout = 120s (custom)
2019-09-29 11:44:50,105 [pool-177-thread-1] INFO  server.RaftServerConfigKeys (ConfUtils.java:logGet(43)) - raft.server.storage.dir = [/workdir/hadoop-ozone/integration-test/target/test-dir/MiniOzoneClusterImpl-8b1f3dd2-5105-4ae3-bb3e-4bd60bc91d6f/datanode-0/data/ratis] (custom)
2019-09-29 11:44:50,105 [pool-197-thread-1] INFO  server.RaftServerConfigKeys (ConfUtils.java:logGet(43)) - raft.server.sleep.deviation.threshold = 300 (default)
2019-09-29 11:44:50,105 [pool-187-thread-1] INFO  server.RaftServerConfigKeys (ConfUtils.java:logGet(43)) - raft.server.sleep.deviation.threshold = 300 (default)
2019-09-29 11:44:50,106 [pool-197-thread-1] INFO  server.RaftServerConfigKeys (ConfUtils.java:logGet(43)) - raft.server.log.appender.install.snapshot.enabled = false (custom)
2019-09-29 11:44:50,106 [pool-187-thread-1] INFO  server.RaftServerConfigKeys (ConfUtils.java:logGet(43)) - raft.server.log.appender.install.snapshot.enabled = false (custom)
2019-09-29 11:44:50,106 [pool-177-thread-1] INFO  storage.RaftStorageDirectory (RaftStorageDirectory.java:analyzeStorage(246)) - The storage directory /workdir/hadoop-ozone/integration-test/target/test-dir/MiniOzoneClusterImpl-8b1f3dd2-5105-4ae3-bb3e-4bd60bc91d6f/datanode-0/data/ratis/87889405-7947-46e6-bbbd-5273015377bc does not exist. Creating ...
2019-09-29 11:44:50,106 [pool-187-thread-1] INFO  impl.RaftServerImpl (ServerState.java:<init>(103)) - 071dc3e7-dc11-4fb4-9b42-17449d4a7d3f@group-5273015377BC: ConfigurationManager, init=-1: [071dc3e7-dc11-4fb4-9b42-17449d4a7d3f:192.168.30.19:37562, b35b170e-3ddc-451d-8d4a-e80dab005082:192.168.30.19:42590, b1061e8e-5ad2-4165-ab2a-dfa7f8563df9:192.168.30.19:35438], old=null, confs=<EMPTY_MAP>
2019-09-29 11:44:50,106 [pool-197-thread-1] INFO  impl.RaftServerImpl (ServerState.java:<init>(103)) - b1061e8e-5ad2-4165-ab2a-dfa7f8563df9@group-5273015377BC: ConfigurationManager, init=-1: [071dc3e7-dc11-4fb4-9b42-17449d4a7d3f:192.168.30.19:37562, b35b170e-3ddc-451d-8d4a-e80dab005082:192.168.30.19:42590, b1061e8e-5ad2-4165-ab2a-dfa7f8563df9:192.168.30.19:35438], old=null, confs=<EMPTY_MAP>
2019-09-29 11:44:50,107 [pool-187-thread-1] INFO  server.RaftServerConfigKeys (ConfUtils.java:logGet(43)) - raft.server.storage.dir = [/workdir/hadoop-ozone/integration-test/target/test-dir/MiniOzoneClusterImpl-8b1f3dd2-5105-4ae3-bb3e-4bd60bc91d6f/datanode-1/data/ratis] (custom)
2019-09-29 11:44:50,107 [pool-197-thread-1] INFO  server.RaftServerConfigKeys (ConfUtils.java:logGet(43)) - raft.server.storage.dir = [/workdir/hadoop-ozone/integration-test/target/test-dir/MiniOzoneClusterImpl-8b1f3dd2-5105-4ae3-bb3e-4bd60bc91d6f/datanode-2/data/ratis] (custom)
2019-09-29 11:44:50,107 [pool-187-thread-1] INFO  storage.RaftStorageDirectory (RaftStorageDirectory.java:analyzeStorage(246)) - The storage directory /workdir/hadoop-ozone/integration-test/target/test-dir/MiniOzoneClusterImpl-8b1f3dd2-5105-4ae3-bb3e-4bd60bc91d6f/datanode-1/data/ratis/87889405-7947-46e6-bbbd-5273015377bc does not exist. Creating ...
2019-09-29 11:44:50,107 [pool-197-thread-1] INFO  storage.RaftStorageDirectory (RaftStorageDirectory.java:analyzeStorage(246)) - The storage directory /workdir/hadoop-ozone/integration-test/target/test-dir/MiniOzoneClusterImpl-8b1f3dd2-5105-4ae3-bb3e-4bd60bc91d6f/datanode-2/data/ratis/87889405-7947-46e6-bbbd-5273015377bc does not exist. Creating ...
2019-09-29 11:44:50,132 [pool-197-thread-1] INFO  storage.RaftStorageDirectory (RaftStorageDirectory.java:tryLock(328)) - Lock on /workdir/hadoop-ozone/integration-test/target/test-dir/MiniOzoneClusterImpl-8b1f3dd2-5105-4ae3-bb3e-4bd60bc91d6f/datanode-2/data/ratis/87889405-7947-46e6-bbbd-5273015377bc/in_use.lock acquired by nodename 15611@pr-hdds-1569-lsfh5-224679870
2019-09-29 11:44:50,132 [pool-177-thread-1] INFO  storage.RaftStorageDirectory (RaftStorageDirectory.java:tryLock(328)) - Lock on /workdir/hadoop-ozone/integration-test/target/test-dir/MiniOzoneClusterImpl-8b1f3dd2-5105-4ae3-bb3e-4bd60bc91d6f/datanode-0/data/ratis/87889405-7947-46e6-bbbd-5273015377bc/in_use.lock acquired by nodename 15611@pr-hdds-1569-lsfh5-224679870
2019-09-29 11:44:50,132 [pool-187-thread-1] INFO  storage.RaftStorageDirectory (RaftStorageDirectory.java:tryLock(328)) - Lock on /workdir/hadoop-ozone/integration-test/target/test-dir/MiniOzoneClusterImpl-8b1f3dd2-5105-4ae3-bb3e-4bd60bc91d6f/datanode-1/data/ratis/87889405-7947-46e6-bbbd-5273015377bc/in_use.lock acquired by nodename 15611@pr-hdds-1569-lsfh5-224679870
2019-09-29 11:44:50,156 [pool-197-thread-1] INFO  storage.RaftStorage (RaftStorage.java:format(72)) - Storage directory /workdir/hadoop-ozone/integration-test/target/test-dir/MiniOzoneClusterImpl-8b1f3dd2-5105-4ae3-bb3e-4bd60bc91d6f/datanode-2/data/ratis/87889405-7947-46e6-bbbd-5273015377bc has been successfully formatted.
2019-09-29 11:44:50,156 [pool-187-thread-1] INFO  storage.RaftStorage (RaftStorage.java:format(72)) - Storage directory /workdir/hadoop-ozone/integration-test/target/test-dir/MiniOzoneClusterImpl-8b1f3dd2-5105-4ae3-bb3e-4bd60bc91d6f/datanode-1/data/ratis/87889405-7947-46e6-bbbd-5273015377bc has been successfully formatted.
2019-09-29 11:44:50,156 [pool-197-thread-1] INFO  ratis.ContainerStateMachine (ContainerStateMachine.java:loadSnapshot(230)) - group-5273015377BC: The snapshot info is null. Setting the last applied indexto:(t:0, i:~)
2019-09-29 11:44:50,156 [pool-177-thread-1] INFO  storage.RaftStorage (RaftStorage.java:format(72)) - Storage directory /workdir/hadoop-ozone/integration-test/target/test-dir/MiniOzoneClusterImpl-8b1f3dd2-5105-4ae3-bb3e-4bd60bc91d6f/datanode-0/data/ratis/87889405-7947-46e6-bbbd-5273015377bc has been successfully formatted.
2019-09-29 11:44:50,156 [pool-197-thread-1] INFO  server.RaftServerConfigKeys (ConfUtils.java:logGet(43)) - raft.server.notification.no-leader.timeout = 120s (custom)
2019-09-29 11:44:50,156 [pool-187-thread-1] INFO  ratis.ContainerStateMachine (ContainerStateMachine.java:loadSnapshot(230)) - group-5273015377BC: The snapshot info is null. Setting the last applied indexto:(t:0, i:~)
2019-09-29 11:44:50,156 [pool-197-thread-1] INFO  server.RaftServerConfigKeys (ConfUtils.java:logGet(43)) - raft.server.log.use.memory = false (default)
2019-09-29 11:44:50,156 [pool-177-thread-1] INFO  ratis.ContainerStateMachine (ContainerStateMachine.java:loadSnapshot(230)) - group-5273015377BC: The snapshot info is null. Setting the last applied indexto:(t:0, i:~)
2019-09-29 11:44:50,157 [pool-197-thread-1] INFO  server.RaftServerConfigKeys (ConfUtils.java:logGet(43)) - raft.server.log.purge.gap = 1000000 (custom)
2019-09-29 11:44:50,157 [pool-187-thread-1] INFO  server.RaftServerConfigKeys (ConfUtils.java:logGet(43)) - raft.server.notification.no-leader.timeout = 120s (custom)
2019-09-29 11:44:50,157 [pool-197-thread-1] INFO  server.RaftServerConfigKeys (ConfUtils.java:logGet(43)) - raft.server.log.appender.buffer.byte-limit = 33554432 (custom)
2019-09-29 11:44:50,157 [pool-177-thread-1] INFO  server.RaftServerConfigKeys (ConfUtils.java:logGet(43)) - raft.server.notification.no-leader.timeout = 120s (custom)
2019-09-29 11:44:50,157 [pool-197-thread-1] INFO  server.RaftServerConfigKeys (ConfUtils.java:logGet(43)) - raft.server.log.segment.size.max = 1048576 (custom)
2019-09-29 11:44:50,157 [pool-187-thread-1] INFO  server.RaftServerConfigKeys (ConfUtils.java:logGet(43)) - raft.server.log.use.memory = false (default)
2019-09-29 11:44:50,158 [pool-197-thread-1] INFO  server.RaftServerConfigKeys (ConfUtils.java:logGet(43)) - raft.server.log.segment.cache.num.max = 2 (custom)
2019-09-29 11:44:50,157 [pool-177-thread-1] INFO  server.RaftServerConfigKeys (ConfUtils.java:logGet(43)) - raft.server.log.use.memory = false (default)
2019-09-29 11:44:50,158 [pool-197-thread-1] INFO  segmented.SegmentedRaftLogWorker (SegmentedRaftLogWorker.java:<init>(172)) - new b1061e8e-5ad2-4165-ab2a-dfa7f8563df9@group-5273015377BC-SegmentedRaftLogWorker for RaftStorage:Storage Directory /workdir/hadoop-ozone/integration-test/target/test-dir/MiniOzoneClusterImpl-8b1f3dd2-5105-4ae3-bb3e-4bd60bc91d6f/datanode-2/data/ratis/87889405-7947-46e6-bbbd-5273015377bc
2019-09-29 11:44:50,158 [pool-187-thread-1] INFO  server.RaftServerConfigKeys (ConfUtils.java:logGet(43)) - raft.server.log.purge.gap = 1000000 (custom)
2019-09-29 11:44:50,158 [pool-197-thread-1] INFO  server.RaftServerConfigKeys (ConfUtils.java:logGet(43)) - raft.server.log.queue.byte-limit = 2147483647 (custom)
2019-09-29 11:44:50,158 [pool-177-thread-1] INFO  server.RaftServerConfigKeys (ConfUtils.java:logGet(43)) - raft.server.log.purge.gap = 1000000 (custom)
2019-09-29 11:44:50,158 [pool-197-thread-1] INFO  server.RaftServerConfigKeys (ConfUtils.java:logGet(43)) - raft.server.log.queue.element-limit = 1024 (custom)
2019-09-29 11:44:50,158 [pool-187-thread-1] INFO  server.RaftServerConfigKeys (ConfUtils.java:logGet(43)) - raft.server.log.appender.buffer.byte-limit = 33554432 (custom)
2019-09-29 11:44:50,159 [pool-197-thread-1] INFO  server.RaftServerConfigKeys (ConfUtils.java:logGet(43)) - raft.server.log.segment.size.max = 1048576 (custom)
2019-09-29 11:44:50,159 [pool-177-thread-1] INFO  server.RaftServerConfigKeys (ConfUtils.java:logGet(43)) - raft.server.log.appender.buffer.byte-limit = 33554432 (custom)
2019-09-29 11:44:50,159 [pool-197-thread-1] INFO  server.RaftServerConfigKeys (ConfUtils.java:logGet(43)) - raft.server.log.preallocated.size = 16384 (custom)
2019-09-29 11:44:50,159 [pool-187-thread-1] INFO  server.RaftServerConfigKeys (ConfUtils.java:logGet(43)) - raft.server.log.segment.size.max = 1048576 (custom)
2019-09-29 11:44:50,159 [pool-197-thread-1] INFO  server.RaftServerConfigKeys (ConfUtils.java:logGet(43)) - raft.server.log.write.buffer.size = 33554432 (custom)
2019-09-29 11:44:50,159 [pool-177-thread-1] INFO  server.RaftServerConfigKeys (ConfUtils.java:logGet(43)) - raft.server.log.segment.size.max = 1048576 (custom)
2019-09-29 11:44:50,160 [pool-197-thread-1] INFO  server.RaftServerConfigKeys (ConfUtils.java:logGet(43)) - raft.server.log.force.sync.num = 128 (default)
2019-09-29 11:44:50,160 [pool-197-thread-1] INFO  server.RaftServerConfigKeys (ConfUtils.java:logGet(43)) - raft.server.log.statemachine.data.sync = true (default)
2019-09-29 11:44:50,159 [pool-187-thread-1] INFO  server.RaftServerConfigKeys (ConfUtils.java:logGet(43)) - raft.server.log.segment.cache.num.max = 2 (custom)
2019-09-29 11:44:50,160 [pool-197-thread-1] INFO  server.RaftServerConfigKeys (ConfUtils.java:logGet(43)) - raft.server.log.statemachine.data.sync.timeout = 10s (default)
2019-09-29 11:44:50,160 [pool-177-thread-1] INFO  server.RaftServerConfigKeys (ConfUtils.java:logGet(43)) - raft.server.log.segment.cache.num.max = 2 (custom)
2019-09-29 11:44:50,160 [pool-197-thread-1] INFO  server.RaftServerConfigKeys (ConfUtils.java:logGet(43)) - raft.server.log.statemachine.data.sync.timeout.retry = -1 (default)
2019-09-29 11:44:50,160 [pool-187-thread-1] INFO  segmented.SegmentedRaftLogWorker (SegmentedRaftLogWorker.java:<init>(172)) - new 071dc3e7-dc11-4fb4-9b42-17449d4a7d3f@group-5273015377BC-SegmentedRaftLogWorker for RaftStorage:Storage Directory /workdir/hadoop-ozone/integration-test/target/test-dir/MiniOzoneClusterImpl-8b1f3dd2-5105-4ae3-bb3e-4bd60bc91d6f/datanode-1/data/ratis/87889405-7947-46e6-bbbd-5273015377bc
2019-09-29 11:44:50,161 [pool-197-thread-1] INFO  server.RaftServerConfigKeys (ConfUtils.java:logGet(43)) - raft.server.log.statemachine.data.caching.enabled = true (custom)
2019-09-29 11:44:50,160 [pool-177-thread-1] INFO  segmented.SegmentedRaftLogWorker (SegmentedRaftLogWorker.java:<init>(172)) - new b35b170e-3ddc-451d-8d4a-e80dab005082@group-5273015377BC-SegmentedRaftLogWorker for RaftStorage:Storage Directory /workdir/hadoop-ozone/integration-test/target/test-dir/MiniOzoneClusterImpl-8b1f3dd2-5105-4ae3-bb3e-4bd60bc91d6f/datanode-0/data/ratis/87889405-7947-46e6-bbbd-5273015377bc
2019-09-29 11:44:50,161 [pool-187-thread-1] INFO  server.RaftServerConfigKeys (ConfUtils.java:logGet(43)) - raft.server.log.queue.byte-limit = 2147483647 (custom)
2019-09-29 11:44:50,161 [pool-197-thread-1] INFO  segmented.SegmentedRaftLogWorker (SegmentedRaftLogWorker.java:lambda$new$0(132)) - b1061e8e-5ad2-4165-ab2a-dfa7f8563df9@group-5273015377BC-SegmentedRaftLogWorker: flushIndex: setUnconditionally 0 -> -1
2019-09-29 11:44:50,161 [pool-177-thread-1] INFO  server.RaftServerConfigKeys (ConfUtils.java:logGet(43)) - raft.server.log.queue.byte-limit = 2147483647 (custom)
2019-09-29 11:44:50,161 [pool-187-thread-1] INFO  server.RaftServerConfigKeys (ConfUtils.java:logGet(43)) - raft.server.log.queue.element-limit = 1024 (custom)
2019-09-29 11:44:50,161 [pool-197-thread-1] INFO  server.RaftServerConfigKeys (ConfUtils.java:logGet(43)) - raft.server.snapshot.auto.trigger.enabled = true (custom)
2019-09-29 11:44:50,161 [pool-177-thread-1] INFO  server.RaftServerConfigKeys (ConfUtils.java:logGet(43)) - raft.server.log.queue.element-limit = 1024 (custom)
2019-09-29 11:44:50,162 [pool-197-thread-1] INFO  server.RaftServerConfigKeys (ConfUtils.java:logGet(43)) - raft.server.snapshot.auto.trigger.threshold = 10000 (custom)
2019-09-29 11:44:50,162 [pool-187-thread-1] INFO  server.RaftServerConfigKeys (ConfUtils.java:logGet(43)) - raft.server.log.segment.size.max = 1048576 (custom)
2019-09-29 11:44:50,162 [pool-197-thread-1] INFO  server.RaftServerConfigKeys (ConfUtils.java:logGet(43)) - raft.server.snapshot.retention.num.files = 5 (custom)
2019-09-29 11:44:50,162 [pool-177-thread-1] INFO  server.RaftServerConfigKeys (ConfUtils.java:logGet(43)) - raft.server.log.segment.size.max = 1048576 (custom)
2019-09-29 11:44:50,162 [pool-197-thread-1] INFO  server.RaftServerConfigKeys (ConfUtils.java:logGet(43)) - raft.server.retrycache.expirytime = 600000ms (custom)
2019-09-29 11:44:50,162 [pool-187-thread-1] INFO  server.RaftServerConfigKeys (ConfUtils.java:logGet(43)) - raft.server.log.preallocated.size = 16384 (custom)
2019-09-29 11:44:50,162 [pool-177-thread-1] INFO  server.RaftServerConfigKeys (ConfUtils.java:logGet(43)) - raft.server.log.preallocated.size = 16384 (custom)
2019-09-29 11:44:50,163 [pool-187-thread-1] INFO  server.RaftServerConfigKeys (ConfUtils.java:logGet(43)) - raft.server.log.write.buffer.size = 33554432 (custom)
2019-09-29 11:44:50,163 [pool-177-thread-1] INFO  server.RaftServerConfigKeys (ConfUtils.java:logGet(43)) - raft.server.log.write.buffer.size = 33554432 (custom)
2019-09-29 11:44:50,163 [pool-187-thread-1] INFO  server.RaftServerConfigKeys (ConfUtils.java:logGet(43)) - raft.server.log.force.sync.num = 128 (default)
2019-09-29 11:44:50,163 [pool-177-thread-1] INFO  server.RaftServerConfigKeys (ConfUtils.java:logGet(43)) - raft.server.log.force.sync.num = 128 (default)
2019-09-29 11:44:50,163 [pool-187-thread-1] INFO  server.RaftServerConfigKeys (ConfUtils.java:logGet(43)) - raft.server.log.statemachine.data.sync = true (default)
2019-09-29 11:44:50,163 [pool-177-thread-1] INFO  server.RaftServerConfigKeys (ConfUtils.java:logGet(43)) - raft.server.log.statemachine.data.sync = true (default)
2019-09-29 11:44:50,164 [pool-187-thread-1] INFO  server.RaftServerConfigKeys (ConfUtils.java:logGet(43)) - raft.server.log.statemachine.data.sync.timeout = 10s (default)
2019-09-29 11:44:50,164 [pool-177-thread-1] INFO  server.RaftServerConfigKeys (ConfUtils.java:logGet(43)) - raft.server.log.statemachine.data.sync.timeout = 10s (default)
2019-09-29 11:44:50,164 [pool-187-thread-1] INFO  server.RaftServerConfigKeys (ConfUtils.java:logGet(43)) - raft.server.log.statemachine.data.sync.timeout.retry = -1 (default)
2019-09-29 11:44:50,164 [pool-177-thread-1] INFO  server.RaftServerConfigKeys (ConfUtils.java:logGet(43)) - raft.server.log.statemachine.data.sync.timeout.retry = -1 (default)
2019-09-29 11:44:50,164 [pool-187-thread-1] INFO  server.RaftServerConfigKeys (ConfUtils.java:logGet(43)) - raft.server.log.statemachine.data.caching.enabled = true (custom)
2019-09-29 11:44:50,164 [pool-177-thread-1] INFO  server.RaftServerConfigKeys (ConfUtils.java:logGet(43)) - raft.server.log.statemachine.data.caching.enabled = true (custom)
2019-09-29 11:44:50,164 [pool-187-thread-1] INFO  segmented.SegmentedRaftLogWorker (SegmentedRaftLogWorker.java:lambda$new$0(132)) - 071dc3e7-dc11-4fb4-9b42-17449d4a7d3f@group-5273015377BC-SegmentedRaftLogWorker: flushIndex: setUnconditionally 0 -> -1
2019-09-29 11:44:50,165 [pool-177-thread-1] INFO  segmented.SegmentedRaftLogWorker (SegmentedRaftLogWorker.java:lambda$new$0(132)) - b35b170e-3ddc-451d-8d4a-e80dab005082@group-5273015377BC-SegmentedRaftLogWorker: flushIndex: setUnconditionally 0 -> -1
2019-09-29 11:44:50,165 [pool-187-thread-1] INFO  server.RaftServerConfigKeys (ConfUtils.java:logGet(43)) - raft.server.snapshot.auto.trigger.enabled = true (custom)
2019-09-29 11:44:50,165 [pool-177-thread-1] INFO  server.RaftServerConfigKeys (ConfUtils.java:logGet(43)) - raft.server.snapshot.auto.trigger.enabled = true (custom)
2019-09-29 11:44:50,165 [pool-197-thread-1] INFO  impl.RaftServerImpl (RaftServerImpl.java:start(185)) - b1061e8e-5ad2-4165-ab2a-dfa7f8563df9@group-5273015377BC: start as a follower, conf=-1: [071dc3e7-dc11-4fb4-9b42-17449d4a7d3f:192.168.30.19:37562, b35b170e-3ddc-451d-8d4a-e80dab005082:192.168.30.19:42590, b1061e8e-5ad2-4165-ab2a-dfa7f8563df9:192.168.30.19:35438], old=null
2019-09-29 11:44:50,165 [pool-177-thread-1] INFO  server.RaftServerConfigKeys (ConfUtils.java:logGet(43)) - raft.server.snapshot.auto.trigger.threshold = 10000 (custom)
2019-09-29 11:44:50,165 [pool-187-thread-1] INFO  server.RaftServerConfigKeys (ConfUtils.java:logGet(43)) - raft.server.snapshot.auto.trigger.threshold = 10000 (custom)
2019-09-29 11:44:50,165 [pool-177-thread-1] INFO  server.RaftServerConfigKeys (ConfUtils.java:logGet(43)) - raft.server.snapshot.retention.num.files = 5 (custom)
2019-09-29 11:44:50,165 [pool-197-thread-1] INFO  impl.RaftServerImpl (RaftServerImpl.java:setRole(174)) - b1061e8e-5ad2-4165-ab2a-dfa7f8563df9@group-5273015377BC: changes role from      null to FOLLOWER at term 0 for startAsFollower
2019-09-29 11:44:50,166 [pool-177-thread-1] INFO  server.RaftServerConfigKeys (ConfUtils.java:logGet(43)) - raft.server.retrycache.expirytime = 600000ms (custom)
2019-09-29 11:44:50,165 [pool-187-thread-1] INFO  server.RaftServerConfigKeys (ConfUtils.java:logGet(43)) - raft.server.snapshot.retention.num.files = 5 (custom)
2019-09-29 11:44:50,166 [pool-197-thread-1] INFO  impl.RoleInfo (RoleInfo.java:updateAndGet(143)) - b1061e8e-5ad2-4165-ab2a-dfa7f8563df9: start FollowerState
2019-09-29 11:44:50,166 [pool-187-thread-1] INFO  server.RaftServerConfigKeys (ConfUtils.java:logGet(43)) - raft.server.retrycache.expirytime = 600000ms (custom)
2019-09-29 11:44:50,166 [pool-197-thread-1] INFO  util.JmxRegister (JmxRegister.java:tryRegister(44)) - Successfully registered JMX Bean with object name Ratis:service=RaftServer,group=group-5273015377BC,id=b1061e8e-5ad2-4165-ab2a-dfa7f8563df9
2019-09-29 11:44:50,171 [pool-177-thread-1] INFO  impl.RaftServerImpl (RaftServerImpl.java:start(185)) - b35b170e-3ddc-451d-8d4a-e80dab005082@group-5273015377BC: start as a follower, conf=-1: [071dc3e7-dc11-4fb4-9b42-17449d4a7d3f:192.168.30.19:37562, b35b170e-3ddc-451d-8d4a-e80dab005082:192.168.30.19:42590, b1061e8e-5ad2-4165-ab2a-dfa7f8563df9:192.168.30.19:35438], old=null
2019-09-29 11:44:50,171 [pool-177-thread-1] INFO  impl.RaftServerImpl (RaftServerImpl.java:setRole(174)) - b35b170e-3ddc-451d-8d4a-e80dab005082@group-5273015377BC: changes role from      null to FOLLOWER at term 0 for startAsFollower
2019-09-29 11:44:50,171 [pool-187-thread-1] INFO  impl.RaftServerImpl (RaftServerImpl.java:start(185)) - 071dc3e7-dc11-4fb4-9b42-17449d4a7d3f@group-5273015377BC: start as a follower, conf=-1: [071dc3e7-dc11-4fb4-9b42-17449d4a7d3f:192.168.30.19:37562, b35b170e-3ddc-451d-8d4a-e80dab005082:192.168.30.19:42590, b1061e8e-5ad2-4165-ab2a-dfa7f8563df9:192.168.30.19:35438], old=null
2019-09-29 11:44:50,171 [pool-177-thread-1] INFO  impl.RoleInfo (RoleInfo.java:updateAndGet(143)) - b35b170e-3ddc-451d-8d4a-e80dab005082: start FollowerState
2019-09-29 11:44:50,171 [pool-187-thread-1] INFO  impl.RaftServerImpl (RaftServerImpl.java:setRole(174)) - 071dc3e7-dc11-4fb4-9b42-17449d4a7d3f@group-5273015377BC: changes role from      null to FOLLOWER at term 0 for startAsFollower
2019-09-29 11:44:50,171 [pool-187-thread-1] INFO  impl.RoleInfo (RoleInfo.java:updateAndGet(143)) - 071dc3e7-dc11-4fb4-9b42-17449d4a7d3f: start FollowerState
2019-09-29 11:44:50,171 [pool-177-thread-1] INFO  util.JmxRegister (JmxRegister.java:tryRegister(44)) - Successfully registered JMX Bean with object name Ratis:service=RaftServer,group=group-5273015377BC,id=b35b170e-3ddc-451d-8d4a-e80dab005082
2019-09-29 11:44:50,172 [pool-187-thread-1] INFO  util.JmxRegister (JmxRegister.java:tryRegister(44)) - Successfully registered JMX Bean with object name Ratis:service=RaftServer,group=group-5273015377BC,id=071dc3e7-dc11-4fb4-9b42-17449d4a7d3f
2019-09-29 11:44:50,178 [RatisPipelineUtilsThread] INFO  pipeline.PipelineStateManager (PipelineStateManager.java:addPipeline(56)) - Created pipeline Pipeline[ Id: 87889405-7947-46e6-bbbd-5273015377bc, Nodes: 071dc3e7-dc11-4fb4-9b42-17449d4a7d3f{ip: 192.168.30.19, host: pr-hdds-1569-lsfh5-224679870, networkLocation: /default-rack, certSerialId: null}b35b170e-3ddc-451d-8d4a-e80dab005082{ip: 192.168.30.19, host: pr-hdds-1569-lsfh5-224679870, networkLocation: /default-rack, certSerialId: null}b1061e8e-5ad2-4165-ab2a-dfa7f8563df9{ip: 192.168.30.19, host: pr-hdds-1569-lsfh5-224679870, networkLocation: /default-rack, certSerialId: null}, Type:RATIS, Factor:THREE, State:OPEN]
2019-09-29 11:44:50,187 [grpc-default-executor-1] INFO  impl.RaftServerProxy (RaftServerProxy.java:addNew(89)) - b35b170e-3ddc-451d-8d4a-e80dab005082: addNew group-40D403B745DE:[071dc3e7-dc11-4fb4-9b42-17449d4a7d3f:192.168.30.19:37562, b35b170e-3ddc-451d-8d4a-e80dab005082:192.168.30.19:42590, b1061e8e-5ad2-4165-ab2a-dfa7f8563df9:192.168.30.19:35438] returns group-40D403B745DE:java.util.concurrent.CompletableFuture@3a4162c8[Not completed]
2019-09-29 11:44:50,187 [grpc-default-executor-0] INFO  impl.RaftServerProxy (RaftServerProxy.java:addNew(89)) - 071dc3e7-dc11-4fb4-9b42-17449d4a7d3f: addNew group-40D403B745DE:[071dc3e7-dc11-4fb4-9b42-17449d4a7d3f:192.168.30.19:37562, b35b170e-3ddc-451d-8d4a-e80dab005082:192.168.30.19:42590, b1061e8e-5ad2-4165-ab2a-dfa7f8563df9:192.168.30.19:35438] returns group-40D403B745DE:java.util.concurrent.CompletableFuture@2e9412b[Not completed]
2019-09-29 11:44:50,187 [grpc-default-executor-2] INFO  impl.RaftServerProxy (RaftServerProxy.java:addNew(89)) - b1061e8e-5ad2-4165-ab2a-dfa7f8563df9: addNew group-40D403B745DE:[071dc3e7-dc11-4fb4-9b42-17449d4a7d3f:192.168.30.19:37562, b35b170e-3ddc-451d-8d4a-e80dab005082:192.168.30.19:42590, b1061e8e-5ad2-4165-ab2a-dfa7f8563df9:192.168.30.19:35438] returns group-40D403B745DE:java.util.concurrent.CompletableFuture@5b8b6cff[Not completed]
2019-09-29 11:44:50,190 [pool-197-thread-1] INFO  impl.RaftServerImpl (RaftServerImpl.java:<init>(95)) - b1061e8e-5ad2-4165-ab2a-dfa7f8563df9: new RaftServerImpl for group-40D403B745DE:[071dc3e7-dc11-4fb4-9b42-17449d4a7d3f:192.168.30.19:37562, b35b170e-3ddc-451d-8d4a-e80dab005082:192.168.30.19:42590, b1061e8e-5ad2-4165-ab2a-dfa7f8563df9:192.168.30.19:35438] with ContainerStateMachine:uninitialized
2019-09-29 11:44:50,190 [pool-197-thread-1] INFO  server.RaftServerConfigKeys (ConfUtils.java:logGet(43)) - raft.server.rpc.timeout.min = 5s (custom)
2019-09-29 11:44:50,190 [pool-197-thread-1] INFO  server.RaftServerConfigKeys (ConfUtils.java:logGet(43)) - raft.server.rpc.timeout.max = 5200ms (custom)
2019-09-29 11:44:50,190 [pool-197-thread-1] INFO  server.RaftServerConfigKeys (ConfUtils.java:logGet(43)) - raft.server.rpcslowness.timeout = 120s (custom)
2019-09-29 11:44:50,191 [pool-197-thread-1] INFO  server.RaftServerConfigKeys (ConfUtils.java:logGet(43)) - raft.server.sleep.deviation.threshold = 300 (default)
2019-09-29 11:44:50,191 [pool-187-thread-1] INFO  impl.RaftServerImpl (RaftServerImpl.java:<init>(95)) - 071dc3e7-dc11-4fb4-9b42-17449d4a7d3f: new RaftServerImpl for group-40D403B745DE:[071dc3e7-dc11-4fb4-9b42-17449d4a7d3f:192.168.30.19:37562, b35b170e-3ddc-451d-8d4a-e80dab005082:192.168.30.19:42590, b1061e8e-5ad2-4165-ab2a-dfa7f8563df9:192.168.30.19:35438] with ContainerStateMachine:uninitialized
2019-09-29 11:44:50,191 [pool-197-thread-1] INFO  server.RaftServerConfigKeys (ConfUtils.java:logGet(43)) - raft.server.log.appender.install.snapshot.enabled = false (custom)
2019-09-29 11:44:50,191 [pool-187-thread-1] INFO  server.RaftServerConfigKeys (ConfUtils.java:logGet(43)) - raft.server.rpc.timeout.min = 5s (custom)
2019-09-29 11:44:50,191 [pool-177-thread-1] INFO  impl.RaftServerImpl (RaftServerImpl.java:<init>(95)) - b35b170e-3ddc-451d-8d4a-e80dab005082: new RaftServerImpl for group-40D403B745DE:[071dc3e7-dc11-4fb4-9b42-17449d4a7d3f:192.168.30.19:37562, b35b170e-3ddc-451d-8d4a-e80dab005082:192.168.30.19:42590, b1061e8e-5ad2-4165-ab2a-dfa7f8563df9:192.168.30.19:35438] with ContainerStateMachine:uninitialized
2019-09-29 11:44:50,191 [pool-197-thread-1] INFO  impl.RaftServerImpl (ServerState.java:<init>(103)) - b1061e8e-5ad2-4165-ab2a-dfa7f8563df9@group-40D403B745DE: ConfigurationManager, init=-1: [071dc3e7-dc11-4fb4-9b42-17449d4a7d3f:192.168.30.19:37562, b35b170e-3ddc-451d-8d4a-e80dab005082:192.168.30.19:42590, b1061e8e-5ad2-4165-ab2a-dfa7f8563df9:192.168.30.19:35438], old=null, confs=<EMPTY_MAP>
2019-09-29 11:44:50,191 [pool-177-thread-1] INFO  server.RaftServerConfigKeys (ConfUtils.java:logGet(43)) - raft.server.rpc.timeout.min = 5s (custom)
2019-09-29 11:44:50,191 [pool-187-thread-1] INFO  server.RaftServerConfigKeys (ConfUtils.java:logGet(43)) - raft.server.rpc.timeout.max = 5200ms (custom)
2019-09-29 11:44:50,191 [pool-177-thread-1] INFO  server.RaftServerConfigKeys (ConfUtils.java:logGet(43)) - raft.server.rpc.timeout.max = 5200ms (custom)
2019-09-29 11:44:50,191 [pool-197-thread-1] INFO  server.RaftServerConfigKeys (ConfUtils.java:logGet(43)) - raft.server.storage.dir = [/workdir/hadoop-ozone/integration-test/target/test-dir/MiniOzoneClusterImpl-8b1f3dd2-5105-4ae3-bb3e-4bd60bc91d6f/datanode-2/data/ratis] (custom)
2019-09-29 11:44:50,192 [pool-177-thread-1] INFO  server.RaftServerConfigKeys (ConfUtils.java:logGet(43)) - raft.server.rpcslowness.timeout = 120s (custom)
2019-09-29 11:44:50,192 [pool-187-thread-1] INFO  server.RaftServerConfigKeys (ConfUtils.java:logGet(43)) - raft.server.rpcslowness.timeout = 120s (custom)
2019-09-29 11:44:50,192 [pool-177-thread-1] INFO  server.RaftServerConfigKeys (ConfUtils.java:logGet(43)) - raft.server.sleep.deviation.threshold = 300 (default)
2019-09-29 11:44:50,192 [pool-187-thread-1] INFO  server.RaftServerConfigKeys (ConfUtils.java:logGet(43)) - raft.server.sleep.deviation.threshold = 300 (default)
2019-09-29 11:44:50,192 [pool-197-thread-1] INFO  storage.RaftStorageDirectory (RaftStorageDirectory.java:analyzeStorage(246)) - The storage directory /workdir/hadoop-ozone/integration-test/target/test-dir/MiniOzoneClusterImpl-8b1f3dd2-5105-4ae3-bb3e-4bd60bc91d6f/datanode-2/data/ratis/cb8227eb-8838-4131-95ae-40d403b745de does not exist. Creating ...
2019-09-29 11:44:50,192 [pool-187-thread-1] INFO  server.RaftServerConfigKeys (ConfUtils.java:logGet(43)) - raft.server.log.appender.install.snapshot.enabled = false (custom)
2019-09-29 11:44:50,192 [pool-177-thread-1] INFO  server.RaftServerConfigKeys (ConfUtils.java:logGet(43)) - raft.server.log.appender.install.snapshot.enabled = false (custom)
2019-09-29 11:44:50,193 [pool-187-thread-1] INFO  impl.RaftServerImpl (ServerState.java:<init>(103)) - 071dc3e7-dc11-4fb4-9b42-17449d4a7d3f@group-40D403B745DE: ConfigurationManager, init=-1: [071dc3e7-dc11-4fb4-9b42-17449d4a7d3f:192.168.30.19:37562, b35b170e-3ddc-451d-8d4a-e80dab005082:192.168.30.19:42590, b1061e8e-5ad2-4165-ab2a-dfa7f8563df9:192.168.30.19:35438], old=null, confs=<EMPTY_MAP>
2019-09-29 11:44:50,193 [pool-177-thread-1] INFO  impl.RaftServerImpl (ServerState.java:<init>(103)) - b35b170e-3ddc-451d-8d4a-e80dab005082@group-40D403B745DE: ConfigurationManager, init=-1: [071dc3e7-dc11-4fb4-9b42-17449d4a7d3f:192.168.30.19:37562, b35b170e-3ddc-451d-8d4a-e80dab005082:192.168.30.19:42590, b1061e8e-5ad2-4165-ab2a-dfa7f8563df9:192.168.30.19:35438], old=null, confs=<EMPTY_MAP>
2019-09-29 11:44:50,193 [pool-187-thread-1] INFO  server.RaftServerConfigKeys (ConfUtils.java:logGet(43)) - raft.server.storage.dir = [/workdir/hadoop-ozone/integration-test/target/test-dir/MiniOzoneClusterImpl-8b1f3dd2-5105-4ae3-bb3e-4bd60bc91d6f/datanode-1/data/ratis] (custom)
2019-09-29 11:44:50,193 [pool-177-thread-1] INFO  server.RaftServerConfigKeys (ConfUtils.java:logGet(43)) - raft.server.storage.dir = [/workdir/hadoop-ozone/integration-test/target/test-dir/MiniOzoneClusterImpl-8b1f3dd2-5105-4ae3-bb3e-4bd60bc91d6f/datanode-0/data/ratis] (custom)
2019-09-29 11:44:50,193 [pool-187-thread-1] INFO  storage.RaftStorageDirectory (RaftStorageDirectory.java:analyzeStorage(246)) - The storage directory /workdir/hadoop-ozone/integration-test/target/test-dir/MiniOzoneClusterImpl-8b1f3dd2-5105-4ae3-bb3e-4bd60bc91d6f/datanode-1/data/ratis/cb8227eb-8838-4131-95ae-40d403b745de does not exist. Creating ...
2019-09-29 11:44:50,193 [pool-177-thread-1] INFO  storage.RaftStorageDirectory (RaftStorageDirectory.java:analyzeStorage(246)) - The storage directory /workdir/hadoop-ozone/integration-test/target/test-dir/MiniOzoneClusterImpl-8b1f3dd2-5105-4ae3-bb3e-4bd60bc91d6f/datanode-0/data/ratis/cb8227eb-8838-4131-95ae-40d403b745de does not exist. Creating ...
2019-09-29 11:44:50,215 [pool-187-thread-1] INFO  storage.RaftStorageDirectory (RaftStorageDirectory.java:tryLock(328)) - Lock on /workdir/hadoop-ozone/integration-test/target/test-dir/MiniOzoneClusterImpl-8b1f3dd2-5105-4ae3-bb3e-4bd60bc91d6f/datanode-1/data/ratis/cb8227eb-8838-4131-95ae-40d403b745de/in_use.lock acquired by nodename 15611@pr-hdds-1569-lsfh5-224679870
2019-09-29 11:44:50,215 [pool-177-thread-1] INFO  storage.RaftStorageDirectory (RaftStorageDirectory.java:tryLock(328)) - Lock on /workdir/hadoop-ozone/integration-test/target/test-dir/MiniOzoneClusterImpl-8b1f3dd2-5105-4ae3-bb3e-4bd60bc91d6f/datanode-0/data/ratis/cb8227eb-8838-4131-95ae-40d403b745de/in_use.lock acquired by nodename 15611@pr-hdds-1569-lsfh5-224679870
2019-09-29 11:44:50,215 [pool-197-thread-1] INFO  storage.RaftStorageDirectory (RaftStorageDirectory.java:tryLock(328)) - Lock on /workdir/hadoop-ozone/integration-test/target/test-dir/MiniOzoneClusterImpl-8b1f3dd2-5105-4ae3-bb3e-4bd60bc91d6f/datanode-2/data/ratis/cb8227eb-8838-4131-95ae-40d403b745de/in_use.lock acquired by nodename 15611@pr-hdds-1569-lsfh5-224679870
2019-09-29 11:44:50,239 [pool-197-thread-1] INFO  storage.RaftStorage (RaftStorage.java:format(72)) - Storage directory /workdir/hadoop-ozone/integration-test/target/test-dir/MiniOzoneClusterImpl-8b1f3dd2-5105-4ae3-bb3e-4bd60bc91d6f/datanode-2/data/ratis/cb8227eb-8838-4131-95ae-40d403b745de has been successfully formatted.
2019-09-29 11:44:50,239 [pool-177-thread-1] INFO  storage.RaftStorage (RaftStorage.java:format(72)) - Storage directory /workdir/hadoop-ozone/integration-test/target/test-dir/MiniOzoneClusterImpl-8b1f3dd2-5105-4ae3-bb3e-4bd60bc91d6f/datanode-0/data/ratis/cb8227eb-8838-4131-95ae-40d403b745de has been successfully formatted.
2019-09-29 11:44:50,239 [pool-187-thread-1] INFO  storage.RaftStorage (RaftStorage.java:format(72)) - Storage directory /workdir/hadoop-ozone/integration-test/target/test-dir/MiniOzoneClusterImpl-8b1f3dd2-5105-4ae3-bb3e-4bd60bc91d6f/datanode-1/data/ratis/cb8227eb-8838-4131-95ae-40d403b745de has been successfully formatted.
2019-09-29 11:44:50,240 [pool-177-thread-1] INFO  ratis.ContainerStateMachine (ContainerStateMachine.java:loadSnapshot(230)) - group-40D403B745DE: The snapshot info is null. Setting the last applied indexto:(t:0, i:~)
2019-09-29 11:44:50,240 [pool-187-thread-1] INFO  ratis.ContainerStateMachine (ContainerStateMachine.java:loadSnapshot(230)) - group-40D403B745DE: The snapshot info is null. Setting the last applied indexto:(t:0, i:~)
2019-09-29 11:44:50,240 [pool-197-thread-1] INFO  ratis.ContainerStateMachine (ContainerStateMachine.java:loadSnapshot(230)) - group-40D403B745DE: The snapshot info is null. Setting the last applied indexto:(t:0, i:~)
2019-09-29 11:44:50,240 [pool-187-thread-1] INFO  server.RaftServerConfigKeys (ConfUtils.java:logGet(43)) - raft.server.notification.no-leader.timeout = 120s (custom)
2019-09-29 11:44:50,240 [pool-177-thread-1] INFO  server.RaftServerConfigKeys (ConfUtils.java:logGet(43)) - raft.server.notification.no-leader.timeout = 120s (custom)
2019-09-29 11:44:50,240 [pool-187-thread-1] INFO  server.RaftServerConfigKeys (ConfUtils.java:logGet(43)) - raft.server.log.use.memory = false (default)
2019-09-29 11:44:50,240 [pool-197-thread-1] INFO  server.RaftServerConfigKeys (ConfUtils.java:logGet(43)) - raft.server.notification.no-leader.timeout = 120s (custom)
2019-09-29 11:44:50,241 [pool-187-thread-1] INFO  server.RaftServerConfigKeys (ConfUtils.java:logGet(43)) - raft.server.log.purge.gap = 1000000 (custom)
2019-09-29 11:44:50,241 [pool-187-thread-1] INFO  server.RaftServerConfigKeys (ConfUtils.java:logGet(43)) - raft.server.log.appender.buffer.byte-limit = 33554432 (custom)
2019-09-29 11:44:50,240 [pool-177-thread-1] INFO  server.RaftServerConfigKeys (ConfUtils.java:logGet(43)) - raft.server.log.use.memory = false (default)
2019-09-29 11:44:50,241 [pool-187-thread-1] INFO  server.RaftServerConfigKeys (ConfUtils.java:logGet(43)) - raft.server.log.segment.size.max = 1048576 (custom)
2019-09-29 11:44:50,241 [pool-197-thread-1] INFO  server.RaftServerConfigKeys (ConfUtils.java:logGet(43)) - raft.server.log.use.memory = false (default)
2019-09-29 11:44:50,241 [pool-187-thread-1] INFO  server.RaftServerConfigKeys (ConfUtils.java:logGet(43)) - raft.server.log.segment.cache.num.max = 2 (custom)
2019-09-29 11:44:50,241 [pool-177-thread-1] INFO  server.RaftServerConfigKeys (ConfUtils.java:logGet(43)) - raft.server.log.purge.gap = 1000000 (custom)
2019-09-29 11:44:50,242 [pool-187-thread-1] INFO  segmented.SegmentedRaftLogWorker (SegmentedRaftLogWorker.java:<init>(172)) - new 071dc3e7-dc11-4fb4-9b42-17449d4a7d3f@group-40D403B745DE-SegmentedRaftLogWorker for RaftStorage:Storage Directory /workdir/hadoop-ozone/integration-test/target/test-dir/MiniOzoneClusterImpl-8b1f3dd2-5105-4ae3-bb3e-4bd60bc91d6f/datanode-1/data/ratis/cb8227eb-8838-4131-95ae-40d403b745de
2019-09-29 11:44:50,241 [pool-197-thread-1] INFO  server.RaftServerConfigKeys (ConfUtils.java:logGet(43)) - raft.server.log.purge.gap = 1000000 (custom)
2019-09-29 11:44:50,242 [pool-187-thread-1] INFO  server.RaftServerConfigKeys (ConfUtils.java:logGet(43)) - raft.server.log.queue.byte-limit = 2147483647 (custom)
2019-09-29 11:44:50,242 [pool-177-thread-1] INFO  server.RaftServerConfigKeys (ConfUtils.java:logGet(43)) - raft.server.log.appender.buffer.byte-limit = 33554432 (custom)
2019-09-29 11:44:50,242 [pool-187-thread-1] INFO  server.RaftServerConfigKeys (ConfUtils.java:logGet(43)) - raft.server.log.queue.element-limit = 1024 (custom)
2019-09-29 11:44:50,242 [pool-197-thread-1] INFO  server.RaftServerConfigKeys (ConfUtils.java:logGet(43)) - raft.server.log.appender.buffer.byte-limit = 33554432 (custom)
2019-09-29 11:44:50,242 [pool-187-thread-1] INFO  server.RaftServerConfigKeys (ConfUtils.java:logGet(43)) - raft.server.log.segment.size.max = 1048576 (custom)
2019-09-29 11:44:50,242 [pool-177-thread-1] INFO  server.RaftServerConfigKeys (ConfUtils.java:logGet(43)) - raft.server.log.segment.size.max = 1048576 (custom)
2019-09-29 11:44:50,243 [pool-187-thread-1] INFO  server.RaftServerConfigKeys (ConfUtils.java:logGet(43)) - raft.server.log.preallocated.size = 16384 (custom)
2019-09-29 11:44:50,243 [pool-197-thread-1] INFO  server.RaftServerConfigKeys (ConfUtils.java:logGet(43)) - raft.server.log.segment.size.max = 1048576 (custom)
2019-09-29 11:44:50,243 [pool-187-thread-1] INFO  server.RaftServerConfigKeys (ConfUtils.java:logGet(43)) - raft.server.log.write.buffer.size = 33554432 (custom)
2019-09-29 11:44:50,243 [pool-177-thread-1] INFO  server.RaftServerConfigKeys (ConfUtils.java:logGet(43)) - raft.server.log.segment.cache.num.max = 2 (custom)
2019-09-29 11:44:50,243 [pool-187-thread-1] INFO  server.RaftServerConfigKeys (ConfUtils.java:logGet(43)) - raft.server.log.force.sync.num = 128 (default)
2019-09-29 11:44:50,243 [pool-197-thread-1] INFO  server.RaftServerConfigKeys (ConfUtils.java:logGet(43)) - raft.server.log.segment.cache.num.max = 2 (custom)
2019-09-29 11:44:50,244 [pool-187-thread-1] INFO  server.RaftServerConfigKeys (ConfUtils.java:logGet(43)) - raft.server.log.statemachine.data.sync = true (default)
2019-09-29 11:44:50,244 [pool-187-thread-1] INFO  server.RaftServerConfigKeys (ConfUtils.java:logGet(43)) - raft.server.log.statemachine.data.sync.timeout = 10s (default)
2019-09-29 11:44:50,243 [pool-177-thread-1] INFO  segmented.SegmentedRaftLogWorker (SegmentedRaftLogWorker.java:<init>(172)) - new b35b170e-3ddc-451d-8d4a-e80dab005082@group-40D403B745DE-SegmentedRaftLogWorker for RaftStorage:Storage Directory /workdir/hadoop-ozone/integration-test/target/test-dir/MiniOzoneClusterImpl-8b1f3dd2-5105-4ae3-bb3e-4bd60bc91d6f/datanode-0/data/ratis/cb8227eb-8838-4131-95ae-40d403b745de
2019-09-29 11:44:50,244 [pool-187-thread-1] INFO  server.RaftServerConfigKeys (ConfUtils.java:logGet(43)) - raft.server.log.statemachine.data.sync.timeout.retry = -1 (default)
2019-09-29 11:44:50,244 [pool-197-thread-1] INFO  segmented.SegmentedRaftLogWorker (SegmentedRaftLogWorker.java:<init>(172)) - new b1061e8e-5ad2-4165-ab2a-dfa7f8563df9@group-40D403B745DE-SegmentedRaftLogWorker for RaftStorage:Storage Directory /workdir/hadoop-ozone/integration-test/target/test-dir/MiniOzoneClusterImpl-8b1f3dd2-5105-4ae3-bb3e-4bd60bc91d6f/datanode-2/data/ratis/cb8227eb-8838-4131-95ae-40d403b745de
2019-09-29 11:44:50,244 [pool-187-thread-1] INFO  server.RaftServerConfigKeys (ConfUtils.java:logGet(43)) - raft.server.log.statemachine.data.caching.enabled = true (custom)
2019-09-29 11:44:50,244 [pool-177-thread-1] INFO  server.RaftServerConfigKeys (ConfUtils.java:logGet(43)) - raft.server.log.queue.byte-limit = 2147483647 (custom)
2019-09-29 11:44:50,245 [pool-197-thread-1] INFO  server.RaftServerConfigKeys (ConfUtils.java:logGet(43)) - raft.server.log.queue.byte-limit = 2147483647 (custom)
2019-09-29 11:44:50,245 [pool-177-thread-1] INFO  server.RaftServerConfigKeys (ConfUtils.java:logGet(43)) - raft.server.log.queue.element-limit = 1024 (custom)
2019-09-29 11:44:50,245 [pool-187-thread-1] INFO  segmented.SegmentedRaftLogWorker (SegmentedRaftLogWorker.java:lambda$new$0(132)) - 071dc3e7-dc11-4fb4-9b42-17449d4a7d3f@group-40D403B745DE-SegmentedRaftLogWorker: flushIndex: setUnconditionally 0 -> -1
2019-09-29 11:44:50,245 [pool-197-thread-1] INFO  server.RaftServerConfigKeys (ConfUtils.java:logGet(43)) - raft.server.log.queue.element-limit = 1024 (custom)
2019-09-29 11:44:50,245 [pool-177-thread-1] INFO  server.RaftServerConfigKeys (ConfUtils.java:logGet(43)) - raft.server.log.segment.size.max = 1048576 (custom)
2019-09-29 11:44:50,246 [pool-187-thread-1] INFO  server.RaftServerConfigKeys (ConfUtils.java:logGet(43)) - raft.server.snapshot.auto.trigger.enabled = true (custom)
2019-09-29 11:44:50,245 [pool-197-thread-1] INFO  server.RaftServerConfigKeys (ConfUtils.java:logGet(43)) - raft.server.log.segment.size.max = 1048576 (custom)
2019-09-29 11:44:50,246 [pool-187-thread-1] INFO  server.RaftServerConfigKeys (ConfUtils.java:logGet(43)) - raft.server.snapshot.auto.trigger.threshold = 10000 (custom)
2019-09-29 11:44:50,246 [pool-177-thread-1] INFO  server.RaftServerConfigKeys (ConfUtils.java:logGet(43)) - raft.server.log.preallocated.size = 16384 (custom)
2019-09-29 11:44:50,246 [pool-187-thread-1] INFO  server.RaftServerConfigKeys (ConfUtils.java:logGet(43)) - raft.server.snapshot.retention.num.files = 5 (custom)
2019-09-29 11:44:50,246 [pool-197-thread-1] INFO  server.RaftServerConfigKeys (ConfUtils.java:logGet(43)) - raft.server.log.preallocated.size = 16384 (custom)
2019-09-29 11:44:50,246 [pool-187-thread-1] INFO  server.RaftServerConfigKeys (ConfUtils.java:logGet(43)) - raft.server.retrycache.expirytime = 600000ms (custom)
2019-09-29 11:44:50,246 [pool-177-thread-1] INFO  server.RaftServerConfigKeys (ConfUtils.java:logGet(43)) - raft.server.log.write.buffer.size = 33554432 (custom)
2019-09-29 11:44:50,246 [pool-197-thread-1] INFO  server.RaftServerConfigKeys (ConfUtils.java:logGet(43)) - raft.server.log.write.buffer.size = 33554432 (custom)
2019-09-29 11:44:50,247 [pool-177-thread-1] INFO  server.RaftServerConfigKeys (ConfUtils.java:logGet(43)) - raft.server.log.force.sync.num = 128 (default)
2019-09-29 11:44:50,247 [pool-197-thread-1] INFO  server.RaftServerConfigKeys (ConfUtils.java:logGet(43)) - raft.server.log.force.sync.num = 128 (default)
2019-09-29 11:44:50,247 [pool-177-thread-1] INFO  server.RaftServerConfigKeys (ConfUtils.java:logGet(43)) - raft.server.log.statemachine.data.sync = true (default)
2019-09-29 11:44:50,247 [pool-197-thread-1] INFO  server.RaftServerConfigKeys (ConfUtils.java:logGet(43)) - raft.server.log.statemachine.data.sync = true (default)
2019-09-29 11:44:50,247 [pool-177-thread-1] INFO  server.RaftServerConfigKeys (ConfUtils.java:logGet(43)) - raft.server.log.statemachine.data.sync.timeout = 10s (default)
2019-09-29 11:44:50,247 [pool-197-thread-1] INFO  server.RaftServerConfigKeys (ConfUtils.java:logGet(43)) - raft.server.log.statemachine.data.sync.timeout = 10s (default)
2019-09-29 11:44:50,247 [pool-177-thread-1] INFO  server.RaftServerConfigKeys (ConfUtils.java:logGet(43)) - raft.server.log.statemachine.data.sync.timeout.retry = -1 (default)
2019-09-29 11:44:50,248 [pool-197-thread-1] INFO  server.RaftServerConfigKeys (ConfUtils.java:logGet(43)) - raft.server.log.statemachine.data.sync.timeout.retry = -1 (default)
2019-09-29 11:44:50,248 [pool-177-thread-1] INFO  server.RaftServerConfigKeys (ConfUtils.java:logGet(43)) - raft.server.log.statemachine.data.caching.enabled = true (custom)
2019-09-29 11:44:50,248 [pool-197-thread-1] INFO  server.RaftServerConfigKeys (ConfUtils.java:logGet(43)) - raft.server.log.statemachine.data.caching.enabled = true (custom)
2019-09-29 11:44:50,248 [pool-177-thread-1] INFO  segmented.SegmentedRaftLogWorker (SegmentedRaftLogWorker.java:lambda$new$0(132)) - b35b170e-3ddc-451d-8d4a-e80dab005082@group-40D403B745DE-SegmentedRaftLogWorker: flushIndex: setUnconditionally 0 -> -1
2019-09-29 11:44:50,248 [pool-197-thread-1] INFO  segmented.SegmentedRaftLogWorker (SegmentedRaftLogWorker.java:lambda$new$0(132)) - b1061e8e-5ad2-4165-ab2a-dfa7f8563df9@group-40D403B745DE-SegmentedRaftLogWorker: flushIndex: setUnconditionally 0 -> -1
2019-09-29 11:44:50,249 [pool-177-thread-1] INFO  server.RaftServerConfigKeys (ConfUtils.java:logGet(43)) - raft.server.snapshot.auto.trigger.enabled = true (custom)
2019-09-29 11:44:50,249 [pool-197-thread-1] INFO  server.RaftServerConfigKeys (ConfUtils.java:logGet(43)) - raft.server.snapshot.auto.trigger.enabled = true (custom)
2019-09-29 11:44:50,249 [pool-177-thread-1] INFO  server.RaftServerConfigKeys (ConfUtils.java:logGet(43)) - raft.server.snapshot.auto.trigger.threshold = 10000 (custom)
2019-09-29 11:44:50,249 [pool-197-thread-1] INFO  server.RaftServerConfigKeys (ConfUtils.java:logGet(43)) - raft.server.snapshot.auto.trigger.threshold = 10000 (custom)
2019-09-29 11:44:50,249 [pool-177-thread-1] INFO  server.RaftServerConfigKeys (ConfUtils.java:logGet(43)) - raft.server.snapshot.retention.num.files = 5 (custom)
2019-09-29 11:44:50,249 [pool-197-thread-1] INFO  server.RaftServerConfigKeys (ConfUtils.java:logGet(43)) - raft.server.snapshot.retention.num.files = 5 (custom)
2019-09-29 11:44:50,249 [pool-177-thread-1] INFO  server.RaftServerConfigKeys (ConfUtils.java:logGet(43)) - raft.server.retrycache.expirytime = 600000ms (custom)
2019-09-29 11:44:50,249 [pool-197-thread-1] INFO  server.RaftServerConfigKeys (ConfUtils.java:logGet(43)) - raft.server.retrycache.expirytime = 600000ms (custom)
2019-09-29 11:44:50,249 [pool-187-thread-1] INFO  impl.RaftServerImpl (RaftServerImpl.java:start(185)) - 071dc3e7-dc11-4fb4-9b42-17449d4a7d3f@group-40D403B745DE: start as a follower, conf=-1: [071dc3e7-dc11-4fb4-9b42-17449d4a7d3f:192.168.30.19:37562, b35b170e-3ddc-451d-8d4a-e80dab005082:192.168.30.19:42590, b1061e8e-5ad2-4165-ab2a-dfa7f8563df9:192.168.30.19:35438], old=null
2019-09-29 11:44:50,250 [pool-187-thread-1] INFO  impl.RaftServerImpl (RaftServerImpl.java:setRole(174)) - 071dc3e7-dc11-4fb4-9b42-17449d4a7d3f@group-40D403B745DE: changes role from      null to FOLLOWER at term 0 for startAsFollower
2019-09-29 11:44:50,250 [pool-187-thread-1] INFO  impl.RoleInfo (RoleInfo.java:updateAndGet(143)) - 071dc3e7-dc11-4fb4-9b42-17449d4a7d3f: start FollowerState
2019-09-29 11:44:50,250 [pool-187-thread-1] INFO  util.JmxRegister (JmxRegister.java:tryRegister(44)) - Successfully registered JMX Bean with object name Ratis:service=RaftServer,group=group-40D403B745DE,id=071dc3e7-dc11-4fb4-9b42-17449d4a7d3f
2019-09-29 11:44:50,254 [pool-177-thread-1] INFO  impl.RaftServerImpl (RaftServerImpl.java:start(185)) - b35b170e-3ddc-451d-8d4a-e80dab005082@group-40D403B745DE: start as a follower, conf=-1: [071dc3e7-dc11-4fb4-9b42-17449d4a7d3f:192.168.30.19:37562, b35b170e-3ddc-451d-8d4a-e80dab005082:192.168.30.19:42590, b1061e8e-5ad2-4165-ab2a-dfa7f8563df9:192.168.30.19:35438], old=null
2019-09-29 11:44:50,254 [pool-197-thread-1] INFO  impl.RaftServerImpl (RaftServerImpl.java:start(185)) - b1061e8e-5ad2-4165-ab2a-dfa7f8563df9@group-40D403B745DE: start as a follower, conf=-1: [071dc3e7-dc11-4fb4-9b42-17449d4a7d3f:192.168.30.19:37562, b35b170e-3ddc-451d-8d4a-e80dab005082:192.168.30.19:42590, b1061e8e-5ad2-4165-ab2a-dfa7f8563df9:192.168.30.19:35438], old=null
2019-09-29 11:44:50,254 [pool-177-thread-1] INFO  impl.RaftServerImpl (RaftServerImpl.java:setRole(174)) - b35b170e-3ddc-451d-8d4a-e80dab005082@group-40D403B745DE: changes role from      null to FOLLOWER at term 0 for startAsFollower
2019-09-29 11:44:50,254 [pool-197-thread-1] INFO  impl.RaftServerImpl (RaftServerImpl.java:setRole(174)) - b1061e8e-5ad2-4165-ab2a-dfa7f8563df9@group-40D403B745DE: changes role from      null to FOLLOWER at term 0 for startAsFollower
2019-09-29 11:44:50,254 [pool-177-thread-1] INFO  impl.RoleInfo (RoleInfo.java:updateAndGet(143)) - b35b170e-3ddc-451d-8d4a-e80dab005082: start FollowerState
2019-09-29 11:44:50,254 [pool-197-thread-1] INFO  impl.RoleInfo (RoleInfo.java:updateAndGet(143)) - b1061e8e-5ad2-4165-ab2a-dfa7f8563df9: start FollowerState
2019-09-29 11:44:50,255 [pool-177-thread-1] INFO  util.JmxRegister (JmxRegister.java:tryRegister(44)) - Successfully registered JMX Bean with object name Ratis:service=RaftServer,group=group-40D403B745DE,id=b35b170e-3ddc-451d-8d4a-e80dab005082
2019-09-29 11:44:50,255 [pool-197-thread-1] INFO  util.JmxRegister (JmxRegister.java:tryRegister(44)) - Successfully registered JMX Bean with object name Ratis:service=RaftServer,group=group-40D403B745DE,id=b1061e8e-5ad2-4165-ab2a-dfa7f8563df9
2019-09-29 11:44:50,261 [RatisPipelineUtilsThread] INFO  pipeline.PipelineStateManager (PipelineStateManager.java:addPipeline(56)) - Created pipeline Pipeline[ Id: cb8227eb-8838-4131-95ae-40d403b745de, Nodes: 071dc3e7-dc11-4fb4-9b42-17449d4a7d3f{ip: 192.168.30.19, host: pr-hdds-1569-lsfh5-224679870, networkLocation: /default-rack, certSerialId: null}b35b170e-3ddc-451d-8d4a-e80dab005082{ip: 192.168.30.19, host: pr-hdds-1569-lsfh5-224679870, networkLocation: /default-rack, certSerialId: null}b1061e8e-5ad2-4165-ab2a-dfa7f8563df9{ip: 192.168.30.19, host: pr-hdds-1569-lsfh5-224679870, networkLocation: /default-rack, certSerialId: null}, Type:RATIS, Factor:THREE, State:OPEN]
2019-09-29 11:44:50,878 [main] INFO  ozone.MiniOzoneClusterImpl (MiniOzoneClusterImpl.java:lambda$waitForClusterToBeReady$0(147)) - Cluster is ready. Got 3 of 3 DN Heartbeats.
2019-09-29 11:44:50,879 [main] INFO  ozone.MiniOzoneClusterImpl (MiniOzoneClusterImpl.java:getStorageContainerLocationClient(234)) - Creating StorageContainerLocationProtocol RPC client with address /0.0.0.0:42569
2019-09-29 11:44:50,906 [IPC Server handler 0 on 42569] INFO  ipc.Server (Server.java:logException(2726)) - IPC Server handler 0 on 42569, call Call#46 Retry#0 org.apache.hadoop.hdds.scm.protocol.StorageContainerLocationProtocol.allocateContainer from 192.168.30.19:38606
java.io.IOException: Could not allocate container. Cannot get any matching pipeline for Type:STAND_ALONE, Factor:ONE, State:PipelineState.OPEN
	at org.apache.hadoop.hdds.scm.container.ContainerStateManager.allocateContainer(ContainerStateManager.java:260)
	at org.apache.hadoop.hdds.scm.container.SCMContainerManager.allocateContainer(SCMContainerManager.java:247)
	at org.apache.hadoop.hdds.scm.server.SCMClientProtocolServer.allocateContainer(SCMClientProtocolServer.java:186)
	at org.apache.hadoop.ozone.protocolPB.StorageContainerLocationProtocolServerSideTranslatorPB.allocateContainer(StorageContainerLocationProtocolServerSideTranslatorPB.java:123)
	at org.apache.hadoop.hdds.protocol.proto.StorageContainerLocationProtocolProtos$StorageContainerLocationProtocolService$2.callBlockingMethod(StorageContainerLocationProtocolProtos.java:21239)
	at org.apache.hadoop.ipc.ProtobufRpcEngine$Server$ProtoBufRpcInvoker.call(ProtobufRpcEngine.java:524)
	at org.apache.hadoop.ipc.RPC$Server.call(RPC.java:1025)
	at org.apache.hadoop.ipc.Server$RpcCall.run(Server.java:876)
	at org.apache.hadoop.ipc.Server$RpcCall.run(Server.java:822)
	at java.security.AccessController.doPrivileged(Native Method)
	at javax.security.auth.Subject.doAs(Subject.java:422)
	at org.apache.hadoop.security.UserGroupInformation.doAs(UserGroupInformation.java:1730)
	at org.apache.hadoop.ipc.Server$Handler.run(Server.java:2682)
2019-09-29 11:44:50,909 [main] INFO  ozone.MiniOzoneClusterImpl (MiniOzoneClusterImpl.java:shutdown(314)) - Shutting down the Mini Ozone Cluster
2019-09-29 11:44:50,910 [main] INFO  ozone.MiniOzoneClusterImpl (MiniOzoneClusterImpl.java:stop(330)) - Stopping the Mini Ozone Cluster
2019-09-29 11:44:50,910 [main] INFO  ozone.MiniOzoneClusterImpl (MiniOzoneClusterImpl.java:stopOM(400)) - Stopping the OzoneManager
2019-09-29 11:44:50,910 [main] INFO  ipc.Server (Server.java:stop(3082)) - Stopping server on 33462
2019-09-29 11:44:50,913 [IPC Server listener on 33462] INFO  ipc.Server (Server.java:run(1185)) - Stopping IPC Server listener on 33462
2019-09-29 11:44:50,913 [IPC Server Responder] INFO  ipc.Server (Server.java:run(1319)) - Stopping IPC Server Responder
2019-09-29 11:44:50,914 [main] INFO  ratis.OzoneManagerDoubleBuffer (OzoneManagerDoubleBuffer.java:stop(248)) - Stopping OMDoubleBuffer flush thread
2019-09-29 11:44:50,916 [OMDoubleBufferFlushThread] INFO  ratis.OzoneManagerDoubleBuffer (OzoneManagerDoubleBuffer.java:flushTransactions(191)) - OMDoubleBuffer flush thread OMDoubleBufferFlushThread is interrupted and will exit. OMDoubleBufferFlushThread
2019-09-29 11:44:50,916 [main] INFO  utils.BackgroundService (BackgroundService.java:shutdown(148)) - Shutting down service KeyDeletingService
2019-09-29 11:44:50,917 [main] INFO  handler.ContextHandler (ContextHandler.java:doStop(910)) - Stopped o.e.j.w.WebAppContext@5e5aafc6{/,null,UNAVAILABLE}{/ozoneManager}
2019-09-29 11:44:50,918 [main] INFO  server.AbstractConnector (AbstractConnector.java:doStop(318)) - Stopped ServerConnector@542f6803{HTTP/1.1,[http/1.1]}{0.0.0.0:0}
2019-09-29 11:44:50,918 [main] INFO  handler.ContextHandler (ContextHandler.java:doStop(910)) - Stopped o.e.j.s.ServletContextHandler@27329d2a{/static,file:///workdir/hadoop-ozone/integration-test/target/test-classes/webapps/static,UNAVAILABLE}
2019-09-29 11:44:50,919 [main] INFO  handler.ContextHandler (ContextHandler.java:doStop(910)) - Stopped o.e.j.s.ServletContextHandler@7fb53256{/logs,file:///workdir/hadoop-ozone/integration-test/target/log,UNAVAILABLE}
2019-09-29 11:44:50,920 [main] INFO  ozone.MiniOzoneClusterImpl (MiniOzoneClusterImpl.java:stopDatanodes(377)) - Stopping the HddsDatanodes
2019-09-29 11:44:51,729 [Datanode State Machine Thread - 0] INFO  statemachine.DatanodeStateMachine (DatanodeStateMachine.java:lambda$startDaemon$0(350)) - Ozone container server started.
2019-09-29 11:44:51,799 [Datanode State Machine Thread - 0] INFO  statemachine.DatanodeStateMachine (DatanodeStateMachine.java:lambda$startDaemon$0(350)) - Ozone container server started.
2019-09-29 11:44:52,741 [Thread-947] INFO  container.ReplicationManager (ReplicationManager.java:start(163)) - Starting Replication Monitor Thread.
2019-09-29 11:44:52,744 [ReplicationMonitor] INFO  container.ReplicationManager (ReplicationManager.java:run(226)) - Replication Monitor Thread took 0 milliseconds for processing 0 containers.
2019-09-29 11:44:54,982 [Thread-949] INFO  impl.FollowerState (FollowerState.java:run(106)) - b35b170e-3ddc-451d-8d4a-e80dab005082:group-0F2B69377D02 changes to CANDIDATE, lastRpcTime:5148, electionTimeout:5148ms
2019-09-29 11:44:54,983 [Thread-949] INFO  impl.RoleInfo (RoleInfo.java:shutdownFollowerState(121)) - b35b170e-3ddc-451d-8d4a-e80dab005082: shutdown FollowerState
2019-09-29 11:44:54,983 [Thread-949] INFO  impl.RaftServerImpl (RaftServerImpl.java:setRole(174)) - b35b170e-3ddc-451d-8d4a-e80dab005082@group-0F2B69377D02: changes role from  FOLLOWER to CANDIDATE at term 0 for changeToCandidate
2019-09-29 11:44:54,983 [Thread-949] INFO  impl.RoleInfo (RoleInfo.java:updateAndGet(143)) - b35b170e-3ddc-451d-8d4a-e80dab005082: start LeaderElection
2019-09-29 11:44:55,012 [Thread-952] INFO  impl.FollowerState (FollowerState.java:run(106)) - 071dc3e7-dc11-4fb4-9b42-17449d4a7d3f:group-3EC2EC913A29 changes to CANDIDATE, lastRpcTime:5087, electionTimeout:5087ms
2019-09-29 11:44:55,012 [Thread-952] INFO  impl.RoleInfo (RoleInfo.java:shutdownFollowerState(121)) - 071dc3e7-dc11-4fb4-9b42-17449d4a7d3f: shutdown FollowerState
2019-09-29 11:44:55,012 [Thread-952] INFO  impl.RaftServerImpl (RaftServerImpl.java:setRole(174)) - 071dc3e7-dc11-4fb4-9b42-17449d4a7d3f@group-3EC2EC913A29: changes role from  FOLLOWER to CANDIDATE at term 0 for changeToCandidate
2019-09-29 11:44:55,012 [Thread-952] INFO  impl.RoleInfo (RoleInfo.java:updateAndGet(143)) - 071dc3e7-dc11-4fb4-9b42-17449d4a7d3f: start LeaderElection
2019-09-29 11:44:55,020 [b35b170e-3ddc-451d-8d4a-e80dab005082@group-0F2B69377D02:LeaderElection28] INFO  impl.LeaderElection (LeaderElection.java:askForVotes(182)) - b35b170e-3ddc-451d-8d4a-e80dab005082@group-0F2B69377D02:LeaderElection28: begin an election at term 1 for -1: [b35b170e-3ddc-451d-8d4a-e80dab005082:192.168.30.19:42590], old=null
2019-09-29 11:44:55,020 [b35b170e-3ddc-451d-8d4a-e80dab005082@group-0F2B69377D02:LeaderElection28] INFO  impl.RoleInfo (RoleInfo.java:shutdownLeaderElection(134)) - b35b170e-3ddc-451d-8d4a-e80dab005082: shutdown LeaderElection
2019-09-29 11:44:55,020 [b35b170e-3ddc-451d-8d4a-e80dab005082@group-0F2B69377D02:LeaderElection28] INFO  impl.RaftServerImpl (RaftServerImpl.java:setRole(174)) - b35b170e-3ddc-451d-8d4a-e80dab005082@group-0F2B69377D02: changes role from CANDIDATE to LEADER at term 1 for changeToLeader
2019-09-29 11:44:55,020 [b35b170e-3ddc-451d-8d4a-e80dab005082@group-0F2B69377D02:LeaderElection28] INFO  impl.RaftServerImpl (ServerState.java:setLeader(253)) - b35b170e-3ddc-451d-8d4a-e80dab005082@group-0F2B69377D02: change Leader from null to b35b170e-3ddc-451d-8d4a-e80dab005082 at term 1 for becomeLeader, leader elected after 5196ms
2019-09-29 11:44:55,020 [b35b170e-3ddc-451d-8d4a-e80dab005082@group-0F2B69377D02:LeaderElection28] INFO  server.RaftServerConfigKeys (ConfUtils.java:logGet(43)) - raft.server.staging.catchup.gap = 1000 (default)
2019-09-29 11:44:55,020 [b35b170e-3ddc-451d-8d4a-e80dab005082@group-0F2B69377D02:LeaderElection28] INFO  server.RaftServerConfigKeys (ConfUtils.java:logGet(43)) - raft.server.rpc.sleep.time = 25ms (default)
2019-09-29 11:44:55,021 [b35b170e-3ddc-451d-8d4a-e80dab005082@group-0F2B69377D02:LeaderElection28] INFO  server.RaftServerConfigKeys (ConfUtils.java:logGet(43)) - raft.server.write.element-limit = 4096 (default)
2019-09-29 11:44:55,021 [b35b170e-3ddc-451d-8d4a-e80dab005082@group-0F2B69377D02:LeaderElection28] INFO  server.RaftServerConfigKeys (ConfUtils.java:logGet(43)) - raft.server.watch.timeout = 10s (default)
2019-09-29 11:44:55,021 [b35b170e-3ddc-451d-8d4a-e80dab005082@group-0F2B69377D02:LeaderElection28] INFO  server.RaftServerConfigKeys (ConfUtils.java:logGet(43)) - raft.server.watch.timeout.denomination = 1s (default)
2019-09-29 11:44:55,021 [b35b170e-3ddc-451d-8d4a-e80dab005082@group-0F2B69377D02:LeaderElection28] INFO  server.RaftServerConfigKeys (ConfUtils.java:logGet(43)) - raft.server.watch.element-limit = 65536 (default)
2019-09-29 11:44:55,024 [b35b170e-3ddc-451d-8d4a-e80dab005082@group-0F2B69377D02:LeaderElection28] INFO  impl.RoleInfo (RoleInfo.java:updateAndGet(143)) - b35b170e-3ddc-451d-8d4a-e80dab005082: start LeaderState
2019-09-29 11:44:55,024 [b35b170e-3ddc-451d-8d4a-e80dab005082@group-0F2B69377D02:LeaderElection28] INFO  segmented.SegmentedRaftLogWorker (SegmentedRaftLogWorker.java:startLogSegment(380)) - b35b170e-3ddc-451d-8d4a-e80dab005082@group-0F2B69377D02-SegmentedRaftLogWorker: Starting segment from index:0
2019-09-29 11:44:55,025 [b35b170e-3ddc-451d-8d4a-e80dab005082@group-0F2B69377D02:LeaderElection28] INFO  impl.RaftServerImpl (ServerState.java:setRaftConf(354)) - b35b170e-3ddc-451d-8d4a-e80dab005082@group-0F2B69377D02: set configuration 0: [b35b170e-3ddc-451d-8d4a-e80dab005082:192.168.30.19:42590], old=null at 0
2019-09-29 11:44:55,039 [071dc3e7-dc11-4fb4-9b42-17449d4a7d3f@group-3EC2EC913A29:LeaderElection29] INFO  impl.LeaderElection (LeaderElection.java:askForVotes(182)) - 071dc3e7-dc11-4fb4-9b42-17449d4a7d3f@group-3EC2EC913A29:LeaderElection29: begin an election at term 1 for -1: [071dc3e7-dc11-4fb4-9b42-17449d4a7d3f:192.168.30.19:37562], old=null
2019-09-29 11:44:55,039 [071dc3e7-dc11-4fb4-9b42-17449d4a7d3f@group-3EC2EC913A29:LeaderElection29] INFO  impl.RoleInfo (RoleInfo.java:shutdownLeaderElection(134)) - 071dc3e7-dc11-4fb4-9b42-17449d4a7d3f: shutdown LeaderElection
2019-09-29 11:44:55,039 [071dc3e7-dc11-4fb4-9b42-17449d4a7d3f@group-3EC2EC913A29:LeaderElection29] INFO  impl.RaftServerImpl (RaftServerImpl.java:setRole(174)) - 071dc3e7-dc11-4fb4-9b42-17449d4a7d3f@group-3EC2EC913A29: changes role from CANDIDATE to LEADER at term 1 for changeToLeader
2019-09-29 11:44:55,039 [071dc3e7-dc11-4fb4-9b42-17449d4a7d3f@group-3EC2EC913A29:LeaderElection29] INFO  impl.RaftServerImpl (ServerState.java:setLeader(253)) - 071dc3e7-dc11-4fb4-9b42-17449d4a7d3f@group-3EC2EC913A29: change Leader from null to 071dc3e7-dc11-4fb4-9b42-17449d4a7d3f at term 1 for becomeLeader, leader elected after 5122ms
2019-09-29 11:44:55,039 [071dc3e7-dc11-4fb4-9b42-17449d4a7d3f@group-3EC2EC913A29:LeaderElection29] INFO  server.RaftServerConfigKeys (ConfUtils.java:logGet(43)) - raft.server.staging.catchup.gap = 1000 (default)
2019-09-29 11:44:55,039 [071dc3e7-dc11-4fb4-9b42-17449d4a7d3f@group-3EC2EC913A29:LeaderElection29] INFO  server.RaftServerConfigKeys (ConfUtils.java:logGet(43)) - raft.server.rpc.sleep.time = 25ms (default)
2019-09-29 11:44:55,039 [071dc3e7-dc11-4fb4-9b42-17449d4a7d3f@group-3EC2EC913A29:LeaderElection29] INFO  server.RaftServerConfigKeys (ConfUtils.java:logGet(43)) - raft.server.write.element-limit = 4096 (default)
2019-09-29 11:44:55,040 [071dc3e7-dc11-4fb4-9b42-17449d4a7d3f@group-3EC2EC913A29:LeaderElection29] INFO  server.RaftServerConfigKeys (ConfUtils.java:logGet(43)) - raft.server.watch.timeout = 10s (default)
2019-09-29 11:44:55,040 [071dc3e7-dc11-4fb4-9b42-17449d4a7d3f@group-3EC2EC913A29:LeaderElection29] INFO  server.RaftServerConfigKeys (ConfUtils.java:logGet(43)) - raft.server.watch.timeout.denomination = 1s (default)
2019-09-29 11:44:55,040 [071dc3e7-dc11-4fb4-9b42-17449d4a7d3f@group-3EC2EC913A29:LeaderElection29] INFO  server.RaftServerConfigKeys (ConfUtils.java:logGet(43)) - raft.server.watch.element-limit = 65536 (default)
2019-09-29 11:44:55,042 [071dc3e7-dc11-4fb4-9b42-17449d4a7d3f@group-3EC2EC913A29:LeaderElection29] INFO  impl.RoleInfo (RoleInfo.java:updateAndGet(143)) - 071dc3e7-dc11-4fb4-9b42-17449d4a7d3f: start LeaderState
2019-09-29 11:44:55,043 [071dc3e7-dc11-4fb4-9b42-17449d4a7d3f@group-3EC2EC913A29:LeaderElection29] INFO  segmented.SegmentedRaftLogWorker (SegmentedRaftLogWorker.java:startLogSegment(380)) - 071dc3e7-dc11-4fb4-9b42-17449d4a7d3f@group-3EC2EC913A29-SegmentedRaftLogWorker: Starting segment from index:0
2019-09-29 11:44:55,043 [071dc3e7-dc11-4fb4-9b42-17449d4a7d3f@group-3EC2EC913A29:LeaderElection29] INFO  impl.RaftServerImpl (ServerState.java:setRaftConf(354)) - 071dc3e7-dc11-4fb4-9b42-17449d4a7d3f@group-3EC2EC913A29: set configuration 0: [071dc3e7-dc11-4fb4-9b42-17449d4a7d3f:192.168.30.19:37562], old=null at 0
2019-09-29 11:44:55,083 [b35b170e-3ddc-451d-8d4a-e80dab005082@group-0F2B69377D02-SegmentedRaftLogWorker] INFO  segmented.SegmentedRaftLogWorker (SegmentedRaftLogWorker.java:execute(569)) - b35b170e-3ddc-451d-8d4a-e80dab005082@group-0F2B69377D02-SegmentedRaftLogWorker: created new log segment /workdir/hadoop-ozone/integration-test/target/test-dir/MiniOzoneClusterImpl-8b1f3dd2-5105-4ae3-bb3e-4bd60bc91d6f/datanode-0/data/ratis/6135bd8d-d93b-48b7-93a5-0f2b69377d02/current/log_inprogress_0
2019-09-29 11:44:55,089 [Thread-963] INFO  impl.FollowerState (FollowerState.java:run(106)) - b1061e8e-5ad2-4165-ab2a-dfa7f8563df9:group-F44C28CD0532 changes to CANDIDATE, lastRpcTime:5003, electionTimeout:5003ms
2019-09-29 11:44:55,089 [Thread-963] INFO  impl.RoleInfo (RoleInfo.java:shutdownFollowerState(121)) - b1061e8e-5ad2-4165-ab2a-dfa7f8563df9: shutdown FollowerState
2019-09-29 11:44:55,089 [Thread-963] INFO  impl.RaftServerImpl (RaftServerImpl.java:setRole(174)) - b1061e8e-5ad2-4165-ab2a-dfa7f8563df9@group-F44C28CD0532: changes role from  FOLLOWER to CANDIDATE at term 0 for changeToCandidate
2019-09-29 11:44:55,090 [Thread-963] INFO  impl.RoleInfo (RoleInfo.java:updateAndGet(143)) - b1061e8e-5ad2-4165-ab2a-dfa7f8563df9: start LeaderElection
2019-09-29 11:44:55,106 [071dc3e7-dc11-4fb4-9b42-17449d4a7d3f@group-3EC2EC913A29-SegmentedRaftLogWorker] INFO  segmented.SegmentedRaftLogWorker (SegmentedRaftLogWorker.java:execute(569)) - 071dc3e7-dc11-4fb4-9b42-17449d4a7d3f@group-3EC2EC913A29-SegmentedRaftLogWorker: created new log segment /workdir/hadoop-ozone/integration-test/target/test-dir/MiniOzoneClusterImpl-8b1f3dd2-5105-4ae3-bb3e-4bd60bc91d6f/datanode-1/data/ratis/cd1698bf-9cd6-4643-8bdb-3ec2ec913a29/current/log_inprogress_0
2019-09-29 11:44:55,128 [b1061e8e-5ad2-4165-ab2a-dfa7f8563df9@group-F44C28CD0532:LeaderElection30] INFO  impl.LeaderElection (LeaderElection.java:askForVotes(182)) - b1061e8e-5ad2-4165-ab2a-dfa7f8563df9@group-F44C28CD0532:LeaderElection30: begin an election at term 1 for -1: [071dc3e7-dc11-4fb4-9b42-17449d4a7d3f:192.168.30.19:37562, b35b170e-3ddc-451d-8d4a-e80dab005082:192.168.30.19:42590, b1061e8e-5ad2-4165-ab2a-dfa7f8563df9:192.168.30.19:35438], old=null
2019-09-29 11:44:55,137 [grpc-default-executor-0] INFO  impl.RaftServerImpl (RaftServerImpl.java:setRole(174)) - 071dc3e7-dc11-4fb4-9b42-17449d4a7d3f@group-F44C28CD0532: changes role from  FOLLOWER to FOLLOWER at term 1 for recognizeCandidate:b1061e8e-5ad2-4165-ab2a-dfa7f8563df9
2019-09-29 11:44:55,139 [grpc-default-executor-2] INFO  impl.RaftServerImpl (RaftServerImpl.java:setRole(174)) - b35b170e-3ddc-451d-8d4a-e80dab005082@group-F44C28CD0532: changes role from  FOLLOWER to FOLLOWER at term 1 for recognizeCandidate:b1061e8e-5ad2-4165-ab2a-dfa7f8563df9
2019-09-29 11:44:55,139 [grpc-default-executor-0] INFO  impl.RoleInfo (RoleInfo.java:shutdownFollowerState(121)) - 071dc3e7-dc11-4fb4-9b42-17449d4a7d3f: shutdown FollowerState
2019-09-29 11:44:55,139 [grpc-default-executor-2] INFO  impl.RoleInfo (RoleInfo.java:shutdownFollowerState(121)) - b35b170e-3ddc-451d-8d4a-e80dab005082: shutdown FollowerState
2019-09-29 11:44:55,139 [grpc-default-executor-0] INFO  impl.RoleInfo (RoleInfo.java:updateAndGet(143)) - 071dc3e7-dc11-4fb4-9b42-17449d4a7d3f: start FollowerState
2019-09-29 11:44:55,139 [Thread-962] INFO  impl.FollowerState (FollowerState.java:run(115)) - b35b170e-3ddc-451d-8d4a-e80dab005082: FollowerState was interrupted: java.lang.InterruptedException: sleep interrupted
2019-09-29 11:44:55,139 [Thread-960] INFO  impl.FollowerState (FollowerState.java:run(115)) - 071dc3e7-dc11-4fb4-9b42-17449d4a7d3f: FollowerState was interrupted: java.lang.InterruptedException: sleep interrupted
2019-09-29 11:44:55,139 [grpc-default-executor-2] INFO  impl.RoleInfo (RoleInfo.java:updateAndGet(143)) - b35b170e-3ddc-451d-8d4a-e80dab005082: start FollowerState
2019-09-29 11:44:55,168 [b1061e8e-5ad2-4165-ab2a-dfa7f8563df9@group-F44C28CD0532:LeaderElection30] INFO  impl.LeaderElection (LeaderElection.java:logAndReturn(56)) - b1061e8e-5ad2-4165-ab2a-dfa7f8563df9@group-F44C28CD0532:LeaderElection30: Election PASSED; received 1 response(s) [b1061e8e-5ad2-4165-ab2a-dfa7f8563df9<-b35b170e-3ddc-451d-8d4a-e80dab005082#0:OK-t1] and 0 exception(s); b1061e8e-5ad2-4165-ab2a-dfa7f8563df9@group-F44C28CD0532:t1, leader=null, voted=b1061e8e-5ad2-4165-ab2a-dfa7f8563df9, raftlog=b1061e8e-5ad2-4165-ab2a-dfa7f8563df9@group-F44C28CD0532-SegmentedRaftLog:OPENED:c-1,f-1,i0, conf=-1: [071dc3e7-dc11-4fb4-9b42-17449d4a7d3f:192.168.30.19:37562, b35b170e-3ddc-451d-8d4a-e80dab005082:192.168.30.19:42590, b1061e8e-5ad2-4165-ab2a-dfa7f8563df9:192.168.30.19:35438], old=null
2019-09-29 11:44:55,168 [b1061e8e-5ad2-4165-ab2a-dfa7f8563df9@group-F44C28CD0532:LeaderElection30] INFO  impl.RoleInfo (RoleInfo.java:shutdownLeaderElection(134)) - b1061e8e-5ad2-4165-ab2a-dfa7f8563df9: shutdown LeaderElection
2019-09-29 11:44:55,169 [b1061e8e-5ad2-4165-ab2a-dfa7f8563df9@group-F44C28CD0532:LeaderElection30] INFO  impl.RaftServerImpl (RaftServerImpl.java:setRole(174)) - b1061e8e-5ad2-4165-ab2a-dfa7f8563df9@group-F44C28CD0532: changes role from CANDIDATE to LEADER at term 1 for changeToLeader
2019-09-29 11:44:55,169 [b1061e8e-5ad2-4165-ab2a-dfa7f8563df9@group-F44C28CD0532:LeaderElection30] INFO  impl.RaftServerImpl (ServerState.java:setLeader(253)) - b1061e8e-5ad2-4165-ab2a-dfa7f8563df9@group-F44C28CD0532: change Leader from null to b1061e8e-5ad2-4165-ab2a-dfa7f8563df9 at term 1 for becomeLeader, leader elected after 5101ms
2019-09-29 11:44:55,169 [b1061e8e-5ad2-4165-ab2a-dfa7f8563df9@group-F44C28CD0532:LeaderElection30] INFO  server.RaftServerConfigKeys (ConfUtils.java:logGet(43)) - raft.server.staging.catchup.gap = 1000 (default)
2019-09-29 11:44:55,169 [b1061e8e-5ad2-4165-ab2a-dfa7f8563df9@group-F44C28CD0532:LeaderElection30] INFO  server.RaftServerConfigKeys (ConfUtils.java:logGet(43)) - raft.server.rpc.sleep.time = 25ms (default)
2019-09-29 11:44:55,170 [b1061e8e-5ad2-4165-ab2a-dfa7f8563df9@group-F44C28CD0532:LeaderElection30] INFO  server.RaftServerConfigKeys (ConfUtils.java:logGet(43)) - raft.server.write.element-limit = 4096 (default)
2019-09-29 11:44:55,170 [b1061e8e-5ad2-4165-ab2a-dfa7f8563df9@group-F44C28CD0532:LeaderElection30] INFO  server.RaftServerConfigKeys (ConfUtils.java:logGet(43)) - raft.server.watch.timeout = 10s (default)
2019-09-29 11:44:55,170 [b1061e8e-5ad2-4165-ab2a-dfa7f8563df9@group-F44C28CD0532:LeaderElection30] INFO  server.RaftServerConfigKeys (ConfUtils.java:logGet(43)) - raft.server.watch.timeout.denomination = 1s (default)
2019-09-29 11:44:55,170 [b1061e8e-5ad2-4165-ab2a-dfa7f8563df9@group-F44C28CD0532:LeaderElection30] INFO  server.RaftServerConfigKeys (ConfUtils.java:logGet(43)) - raft.server.watch.element-limit = 65536 (default)
2019-09-29 11:44:55,173 [b1061e8e-5ad2-4165-ab2a-dfa7f8563df9@group-F44C28CD0532:LeaderElection30] INFO  server.RaftServerConfigKeys (ConfUtils.java:logGet(43)) - raft.server.log.appender.snapshot.chunk.size.max = 16MB (=16777216) (default)
2019-09-29 11:44:55,174 [b1061e8e-5ad2-4165-ab2a-dfa7f8563df9@group-F44C28CD0532:LeaderElection30] INFO  server.RaftServerConfigKeys (ConfUtils.java:logGet(43)) - raft.server.log.appender.buffer.byte-limit = 33554432 (custom)
2019-09-29 11:44:55,174 [b1061e8e-5ad2-4165-ab2a-dfa7f8563df9@group-F44C28CD0532:LeaderElection30] INFO  server.RaftServerConfigKeys (ConfUtils.java:logGet(43)) - raft.server.log.appender.buffer.element-limit = 1 (custom)
2019-09-29 11:44:55,174 [b1061e8e-5ad2-4165-ab2a-dfa7f8563df9@group-F44C28CD0532:LeaderElection30] INFO  grpc.GrpcConfigKeys$Server (ConfUtils.java:logGet(43)) - raft.grpc.server.leader.outstanding.appends.max = 128 (default)
2019-09-29 11:44:55,175 [b1061e8e-5ad2-4165-ab2a-dfa7f8563df9@group-F44C28CD0532:LeaderElection30] INFO  server.RaftServerConfigKeys (ConfUtils.java:logGet(43)) - raft.server.rpc.request.timeout = 3000ms (default)
2019-09-29 11:44:55,175 [b1061e8e-5ad2-4165-ab2a-dfa7f8563df9@group-F44C28CD0532:LeaderElection30] INFO  server.RaftServerConfigKeys (ConfUtils.java:logGet(43)) - raft.server.log.appender.install.snapshot.enabled = false (custom)
2019-09-29 11:44:55,175 [b1061e8e-5ad2-4165-ab2a-dfa7f8563df9@group-F44C28CD0532:LeaderElection30] INFO  server.RaftServerConfigKeys (ConfUtils.java:logGet(43)) - raft.server.log.appender.snapshot.chunk.size.max = 16MB (=16777216) (default)
2019-09-29 11:44:55,175 [b1061e8e-5ad2-4165-ab2a-dfa7f8563df9@group-F44C28CD0532:LeaderElection30] INFO  server.RaftServerConfigKeys (ConfUtils.java:logGet(43)) - raft.server.log.appender.buffer.byte-limit = 33554432 (custom)
2019-09-29 11:44:55,176 [b1061e8e-5ad2-4165-ab2a-dfa7f8563df9@group-F44C28CD0532:LeaderElection30] INFO  server.RaftServerConfigKeys (ConfUtils.java:logGet(43)) - raft.server.log.appender.buffer.element-limit = 1 (custom)
2019-09-29 11:44:55,176 [b1061e8e-5ad2-4165-ab2a-dfa7f8563df9@group-F44C28CD0532:LeaderElection30] INFO  grpc.GrpcConfigKeys$Server (ConfUtils.java:logGet(43)) - raft.grpc.server.leader.outstanding.appends.max = 128 (default)
2019-09-29 11:44:55,176 [b1061e8e-5ad2-4165-ab2a-dfa7f8563df9@group-F44C28CD0532:LeaderElection30] INFO  server.RaftServerConfigKeys (ConfUtils.java:logGet(43)) - raft.server.rpc.request.timeout = 3000ms (default)
2019-09-29 11:44:55,176 [b1061e8e-5ad2-4165-ab2a-dfa7f8563df9@group-F44C28CD0532:LeaderElection30] INFO  server.RaftServerConfigKeys (ConfUtils.java:logGet(43)) - raft.server.log.appender.install.snapshot.enabled = false (custom)
2019-09-29 11:44:55,177 [b1061e8e-5ad2-4165-ab2a-dfa7f8563df9@group-F44C28CD0532:LeaderElection30] INFO  impl.RoleInfo (RoleInfo.java:updateAndGet(143)) - b1061e8e-5ad2-4165-ab2a-dfa7f8563df9: start LeaderState
2019-09-29 11:44:55,177 [b1061e8e-5ad2-4165-ab2a-dfa7f8563df9@group-F44C28CD0532:LeaderElection30] INFO  segmented.SegmentedRaftLogWorker (SegmentedRaftLogWorker.java:startLogSegment(380)) - b1061e8e-5ad2-4165-ab2a-dfa7f8563df9@group-F44C28CD0532-SegmentedRaftLogWorker: Starting segment from index:0
2019-09-29 11:44:55,177 [Thread-955] INFO  impl.FollowerState (FollowerState.java:run(106)) - b1061e8e-5ad2-4165-ab2a-dfa7f8563df9:group-2AB17D8E1642 changes to CANDIDATE, lastRpcTime:5178, electionTimeout:5178ms
2019-09-29 11:44:55,179 [Thread-955] INFO  impl.RoleInfo (RoleInfo.java:shutdownFollowerState(121)) - b1061e8e-5ad2-4165-ab2a-dfa7f8563df9: shutdown FollowerState
2019-09-29 11:44:55,179 [Thread-955] INFO  impl.RaftServerImpl (RaftServerImpl.java:setRole(174)) - b1061e8e-5ad2-4165-ab2a-dfa7f8563df9@group-2AB17D8E1642: changes role from  FOLLOWER to CANDIDATE at term 0 for changeToCandidate
2019-09-29 11:44:55,179 [Thread-955] INFO  impl.RoleInfo (RoleInfo.java:updateAndGet(143)) - b1061e8e-5ad2-4165-ab2a-dfa7f8563df9: start LeaderElection
2019-09-29 11:44:55,180 [b1061e8e-5ad2-4165-ab2a-dfa7f8563df9@group-F44C28CD0532:LeaderElection30] INFO  impl.RaftServerImpl (ServerState.java:setRaftConf(354)) - b1061e8e-5ad2-4165-ab2a-dfa7f8563df9@group-F44C28CD0532: set configuration 0: [071dc3e7-dc11-4fb4-9b42-17449d4a7d3f:192.168.30.19:37562, b35b170e-3ddc-451d-8d4a-e80dab005082:192.168.30.19:42590, b1061e8e-5ad2-4165-ab2a-dfa7f8563df9:192.168.30.19:35438], old=null at 0
2019-09-29 11:44:55,219 [grpc-default-executor-2] INFO  impl.RaftServerImpl (ServerState.java:setLeader(253)) - b35b170e-3ddc-451d-8d4a-e80dab005082@group-F44C28CD0532: change Leader from null to b1061e8e-5ad2-4165-ab2a-dfa7f8563df9 at term 1 for appendEntries, leader elected after 5151ms
2019-09-29 11:44:55,219 [grpc-default-executor-0] INFO  impl.RaftServerImpl (ServerState.java:setLeader(253)) - 071dc3e7-dc11-4fb4-9b42-17449d4a7d3f@group-F44C28CD0532: change Leader from null to b1061e8e-5ad2-4165-ab2a-dfa7f8563df9 at term 1 for appendEntries, leader elected after 5152ms
2019-09-29 11:44:55,226 [grpc-default-executor-0] INFO  impl.RaftServerImpl (ServerState.java:setRaftConf(354)) - b35b170e-3ddc-451d-8d4a-e80dab005082@group-F44C28CD0532: set configuration 0: [071dc3e7-dc11-4fb4-9b42-17449d4a7d3f:192.168.30.19:37562, b35b170e-3ddc-451d-8d4a-e80dab005082:192.168.30.19:42590, b1061e8e-5ad2-4165-ab2a-dfa7f8563df9:192.168.30.19:35438], old=null at 0
2019-09-29 11:44:55,226 [grpc-default-executor-2] INFO  impl.RaftServerImpl (ServerState.java:setRaftConf(354)) - 071dc3e7-dc11-4fb4-9b42-17449d4a7d3f@group-F44C28CD0532: set configuration 0: [071dc3e7-dc11-4fb4-9b42-17449d4a7d3f:192.168.30.19:37562, b35b170e-3ddc-451d-8d4a-e80dab005082:192.168.30.19:42590, b1061e8e-5ad2-4165-ab2a-dfa7f8563df9:192.168.30.19:35438], old=null at 0
2019-09-29 11:44:55,227 [grpc-default-executor-0] INFO  segmented.SegmentedRaftLogWorker (SegmentedRaftLogWorker.java:startLogSegment(380)) - b35b170e-3ddc-451d-8d4a-e80dab005082@group-F44C28CD0532-SegmentedRaftLogWorker: Starting segment from index:0
2019-09-29 11:44:55,227 [grpc-default-executor-2] INFO  segmented.SegmentedRaftLogWorker (SegmentedRaftLogWorker.java:startLogSegment(380)) - 071dc3e7-dc11-4fb4-9b42-17449d4a7d3f@group-F44C28CD0532-SegmentedRaftLogWorker: Starting segment from index:0
2019-09-29 11:44:55,237 [b1061e8e-5ad2-4165-ab2a-dfa7f8563df9@group-F44C28CD0532-SegmentedRaftLogWorker] INFO  segmented.SegmentedRaftLogWorker (SegmentedRaftLogWorker.java:execute(569)) - b1061e8e-5ad2-4165-ab2a-dfa7f8563df9@group-F44C28CD0532-SegmentedRaftLogWorker: created new log segment /workdir/hadoop-ozone/integration-test/target/test-dir/MiniOzoneClusterImpl-8b1f3dd2-5105-4ae3-bb3e-4bd60bc91d6f/datanode-2/data/ratis/605c3941-d68c-4ebb-bd39-f44c28cd0532/current/log_inprogress_0
2019-09-29 11:44:55,237 [b1061e8e-5ad2-4165-ab2a-dfa7f8563df9@group-2AB17D8E1642:LeaderElection31] INFO  impl.LeaderElection (LeaderElection.java:askForVotes(182)) - b1061e8e-5ad2-4165-ab2a-dfa7f8563df9@group-2AB17D8E1642:LeaderElection31: begin an election at term 1 for -1: [b1061e8e-5ad2-4165-ab2a-dfa7f8563df9:192.168.30.19:35438], old=null
2019-09-29 11:44:55,237 [b1061e8e-5ad2-4165-ab2a-dfa7f8563df9@group-2AB17D8E1642:LeaderElection31] INFO  impl.RoleInfo (RoleInfo.java:shutdownLeaderElection(134)) - b1061e8e-5ad2-4165-ab2a-dfa7f8563df9: shutdown LeaderElection
2019-09-29 11:44:55,237 [b1061e8e-5ad2-4165-ab2a-dfa7f8563df9@group-2AB17D8E1642:LeaderElection31] INFO  impl.RaftServerImpl (RaftServerImpl.java:setRole(174)) - b1061e8e-5ad2-4165-ab2a-dfa7f8563df9@group-2AB17D8E1642: changes role from CANDIDATE to LEADER at term 1 for changeToLeader
2019-09-29 11:44:55,237 [b1061e8e-5ad2-4165-ab2a-dfa7f8563df9@group-2AB17D8E1642:LeaderElection31] INFO  impl.RaftServerImpl (ServerState.java:setLeader(253)) - b1061e8e-5ad2-4165-ab2a-dfa7f8563df9@group-2AB17D8E1642: change Leader from null to b1061e8e-5ad2-4165-ab2a-dfa7f8563df9 at term 1 for becomeLeader, leader elected after 5247ms
2019-09-29 11:44:55,237 [b1061e8e-5ad2-4165-ab2a-dfa7f8563df9@group-2AB17D8E1642:LeaderElection31] INFO  server.RaftServerConfigKeys (ConfUtils.java:logGet(43)) - raft.server.staging.catchup.gap = 1000 (default)
2019-09-29 11:44:55,238 [b1061e8e-5ad2-4165-ab2a-dfa7f8563df9@group-2AB17D8E1642:LeaderElection31] INFO  server.RaftServerConfigKeys (ConfUtils.java:logGet(43)) - raft.server.rpc.sleep.time = 25ms (default)
2019-09-29 11:44:55,238 [b1061e8e-5ad2-4165-ab2a-dfa7f8563df9@group-2AB17D8E1642:LeaderElection31] INFO  server.RaftServerConfigKeys (ConfUtils.java:logGet(43)) - raft.server.write.element-limit = 4096 (default)
2019-09-29 11:44:55,238 [b1061e8e-5ad2-4165-ab2a-dfa7f8563df9@group-2AB17D8E1642:LeaderElection31] INFO  server.RaftServerConfigKeys (ConfUtils.java:logGet(43)) - raft.server.watch.timeout = 10s (default)
2019-09-29 11:44:55,238 [b1061e8e-5ad2-4165-ab2a-dfa7f8563df9@group-2AB17D8E1642:LeaderElection31] INFO  server.RaftServerConfigKeys (ConfUtils.java:logGet(43)) - raft.server.watch.timeout.denomination = 1s (default)
2019-09-29 11:44:55,238 [b1061e8e-5ad2-4165-ab2a-dfa7f8563df9@group-2AB17D8E1642:LeaderElection31] INFO  server.RaftServerConfigKeys (ConfUtils.java:logGet(43)) - raft.server.watch.element-limit = 65536 (default)
2019-09-29 11:44:55,241 [b1061e8e-5ad2-4165-ab2a-dfa7f8563df9@group-2AB17D8E1642:LeaderElection31] INFO  impl.RoleInfo (RoleInfo.java:updateAndGet(143)) - b1061e8e-5ad2-4165-ab2a-dfa7f8563df9: start LeaderState
2019-09-29 11:44:55,241 [b1061e8e-5ad2-4165-ab2a-dfa7f8563df9@group-2AB17D8E1642:LeaderElection31] INFO  segmented.SegmentedRaftLogWorker (SegmentedRaftLogWorker.java:startLogSegment(380)) - b1061e8e-5ad2-4165-ab2a-dfa7f8563df9@group-2AB17D8E1642-SegmentedRaftLogWorker: Starting segment from index:0
2019-09-29 11:44:55,242 [b1061e8e-5ad2-4165-ab2a-dfa7f8563df9@group-2AB17D8E1642:LeaderElection31] INFO  impl.RaftServerImpl (ServerState.java:setRaftConf(354)) - b1061e8e-5ad2-4165-ab2a-dfa7f8563df9@group-2AB17D8E1642: set configuration 0: [b1061e8e-5ad2-4165-ab2a-dfa7f8563df9:192.168.30.19:35438], old=null at 0
2019-09-29 11:44:55,243 [Thread-971] INFO  impl.FollowerState (FollowerState.java:run(106)) - b35b170e-3ddc-451d-8d4a-e80dab005082:group-5273015377BC changes to CANDIDATE, lastRpcTime:5071, electionTimeout:5071ms
2019-09-29 11:44:55,243 [Thread-971] INFO  impl.RoleInfo (RoleInfo.java:shutdownFollowerState(121)) - b35b170e-3ddc-451d-8d4a-e80dab005082: shutdown FollowerState
2019-09-29 11:44:55,243 [Thread-971] INFO  impl.RaftServerImpl (RaftServerImpl.java:setRole(174)) - b35b170e-3ddc-451d-8d4a-e80dab005082@group-5273015377BC: changes role from  FOLLOWER to CANDIDATE at term 0 for changeToCandidate
2019-09-29 11:44:55,244 [Thread-971] INFO  impl.RoleInfo (RoleInfo.java:updateAndGet(143)) - b35b170e-3ddc-451d-8d4a-e80dab005082: start LeaderElection
2019-09-29 11:44:55,296 [Thread-968] INFO  impl.FollowerState (FollowerState.java:run(106)) - b1061e8e-5ad2-4165-ab2a-dfa7f8563df9:group-5273015377BC changes to CANDIDATE, lastRpcTime:5129, electionTimeout:5129ms
2019-09-29 11:44:55,296 [Thread-968] INFO  impl.RoleInfo (RoleInfo.java:shutdownFollowerState(121)) - b1061e8e-5ad2-4165-ab2a-dfa7f8563df9: shutdown FollowerState
2019-09-29 11:44:55,296 [Thread-968] INFO  impl.RaftServerImpl (RaftServerImpl.java:setRole(174)) - b1061e8e-5ad2-4165-ab2a-dfa7f8563df9@group-5273015377BC: changes role from  FOLLOWER to CANDIDATE at term 0 for changeToCandidate
2019-09-29 11:44:55,296 [Thread-968] INFO  impl.RoleInfo (RoleInfo.java:updateAndGet(143)) - b1061e8e-5ad2-4165-ab2a-dfa7f8563df9: start LeaderElection
2019-09-29 11:44:55,312 [Thread-981] INFO  impl.FollowerState (FollowerState.java:run(106)) - b1061e8e-5ad2-4165-ab2a-dfa7f8563df9:group-40D403B745DE changes to CANDIDATE, lastRpcTime:5057, electionTimeout:5057ms
2019-09-29 11:44:55,312 [Thread-981] INFO  impl.RoleInfo (RoleInfo.java:shutdownFollowerState(121)) - b1061e8e-5ad2-4165-ab2a-dfa7f8563df9: shutdown FollowerState
2019-09-29 11:44:55,312 [Thread-981] INFO  impl.RaftServerImpl (RaftServerImpl.java:setRole(174)) - b1061e8e-5ad2-4165-ab2a-dfa7f8563df9@group-40D403B745DE: changes role from  FOLLOWER to CANDIDATE at term 0 for changeToCandidate
2019-09-29 11:44:55,312 [Thread-981] INFO  impl.RoleInfo (RoleInfo.java:updateAndGet(143)) - b1061e8e-5ad2-4165-ab2a-dfa7f8563df9: start LeaderElection
2019-09-29 11:44:55,314 [071dc3e7-dc11-4fb4-9b42-17449d4a7d3f@group-F44C28CD0532-SegmentedRaftLogWorker] INFO  segmented.SegmentedRaftLogWorker (SegmentedRaftLogWorker.java:execute(569)) - 071dc3e7-dc11-4fb4-9b42-17449d4a7d3f@group-F44C28CD0532-SegmentedRaftLogWorker: created new log segment /workdir/hadoop-ozone/integration-test/target/test-dir/MiniOzoneClusterImpl-8b1f3dd2-5105-4ae3-bb3e-4bd60bc91d6f/datanode-1/data/ratis/605c3941-d68c-4ebb-bd39-f44c28cd0532/current/log_inprogress_0
2019-09-29 11:44:55,314 [b35b170e-3ddc-451d-8d4a-e80dab005082@group-F44C28CD0532-SegmentedRaftLogWorker] INFO  segmented.SegmentedRaftLogWorker (SegmentedRaftLogWorker.java:execute(569)) - b35b170e-3ddc-451d-8d4a-e80dab005082@group-F44C28CD0532-SegmentedRaftLogWorker: created new log segment /workdir/hadoop-ozone/integration-test/target/test-dir/MiniOzoneClusterImpl-8b1f3dd2-5105-4ae3-bb3e-4bd60bc91d6f/datanode-0/data/ratis/605c3941-d68c-4ebb-bd39-f44c28cd0532/current/log_inprogress_0
2019-09-29 11:44:55,318 [b1061e8e-5ad2-4165-ab2a-dfa7f8563df9@group-2AB17D8E1642-SegmentedRaftLogWorker] INFO  segmented.SegmentedRaftLogWorker (SegmentedRaftLogWorker.java:execute(569)) - b1061e8e-5ad2-4165-ab2a-dfa7f8563df9@group-2AB17D8E1642-SegmentedRaftLogWorker: created new log segment /workdir/hadoop-ozone/integration-test/target/test-dir/MiniOzoneClusterImpl-8b1f3dd2-5105-4ae3-bb3e-4bd60bc91d6f/datanode-2/data/ratis/e24e85aa-64dc-4908-baf0-2ab17d8e1642/current/log_inprogress_0
2019-09-29 11:44:55,323 [b35b170e-3ddc-451d-8d4a-e80dab005082@group-5273015377BC:LeaderElection32] INFO  impl.LeaderElection (LeaderElection.java:askForVotes(182)) - b35b170e-3ddc-451d-8d4a-e80dab005082@group-5273015377BC:LeaderElection32: begin an election at term 1 for -1: [071dc3e7-dc11-4fb4-9b42-17449d4a7d3f:192.168.30.19:37562, b35b170e-3ddc-451d-8d4a-e80dab005082:192.168.30.19:42590, b1061e8e-5ad2-4165-ab2a-dfa7f8563df9:192.168.30.19:35438], old=null
2019-09-29 11:44:55,329 [grpc-default-executor-0] INFO  impl.RaftServerImpl (RaftServerImpl.java:setRole(174)) - 071dc3e7-dc11-4fb4-9b42-17449d4a7d3f@group-5273015377BC: changes role from  FOLLOWER to FOLLOWER at term 1 for recognizeCandidate:b35b170e-3ddc-451d-8d4a-e80dab005082
2019-09-29 11:44:55,330 [grpc-default-executor-0] INFO  impl.RoleInfo (RoleInfo.java:shutdownFollowerState(121)) - 071dc3e7-dc11-4fb4-9b42-17449d4a7d3f: shutdown FollowerState
2019-09-29 11:44:55,330 [grpc-default-executor-0] INFO  impl.RoleInfo (RoleInfo.java:updateAndGet(143)) - 071dc3e7-dc11-4fb4-9b42-17449d4a7d3f: start FollowerState
2019-09-29 11:44:55,330 [Thread-972] INFO  impl.FollowerState (FollowerState.java:run(115)) - 071dc3e7-dc11-4fb4-9b42-17449d4a7d3f: FollowerState was interrupted: java.lang.InterruptedException: sleep interrupted
2019-09-29 11:44:55,340 [b1061e8e-5ad2-4165-ab2a-dfa7f8563df9@group-5273015377BC:LeaderElection33] INFO  impl.LeaderElection (LeaderElection.java:askForVotes(182)) - b1061e8e-5ad2-4165-ab2a-dfa7f8563df9@group-5273015377BC:LeaderElection33: begin an election at term 1 for -1: [071dc3e7-dc11-4fb4-9b42-17449d4a7d3f:192.168.30.19:37562, b35b170e-3ddc-451d-8d4a-e80dab005082:192.168.30.19:42590, b1061e8e-5ad2-4165-ab2a-dfa7f8563df9:192.168.30.19:35438], old=null
2019-09-29 11:44:55,365 [b1061e8e-5ad2-4165-ab2a-dfa7f8563df9@group-40D403B745DE:LeaderElection34] INFO  impl.LeaderElection (LeaderElection.java:askForVotes(182)) - b1061e8e-5ad2-4165-ab2a-dfa7f8563df9@group-40D403B745DE:LeaderElection34: begin an election at term 1 for -1: [071dc3e7-dc11-4fb4-9b42-17449d4a7d3f:192.168.30.19:37562, b35b170e-3ddc-451d-8d4a-e80dab005082:192.168.30.19:42590, b1061e8e-5ad2-4165-ab2a-dfa7f8563df9:192.168.30.19:35438], old=null
2019-09-29 11:44:55,365 [Thread-978] INFO  impl.FollowerState (FollowerState.java:run(106)) - 071dc3e7-dc11-4fb4-9b42-17449d4a7d3f:group-40D403B745DE changes to CANDIDATE, lastRpcTime:5115, electionTimeout:5115ms
2019-09-29 11:44:55,366 [Thread-978] INFO  impl.RoleInfo (RoleInfo.java:shutdownFollowerState(121)) - 071dc3e7-dc11-4fb4-9b42-17449d4a7d3f: shutdown FollowerState
2019-09-29 11:44:55,366 [Thread-978] INFO  impl.RaftServerImpl (RaftServerImpl.java:setRole(174)) - 071dc3e7-dc11-4fb4-9b42-17449d4a7d3f@group-40D403B745DE: changes role from  FOLLOWER to CANDIDATE at term 0 for changeToCandidate
2019-09-29 11:44:55,366 [Thread-978] INFO  impl.RoleInfo (RoleInfo.java:updateAndGet(143)) - 071dc3e7-dc11-4fb4-9b42-17449d4a7d3f: start LeaderElection
2019-09-29 11:44:55,372 [grpc-default-executor-3] INFO  impl.RaftServerImpl (RaftServerImpl.java:setRole(174)) - b35b170e-3ddc-451d-8d4a-e80dab005082@group-40D403B745DE: changes role from  FOLLOWER to FOLLOWER at term 1 for recognizeCandidate:b1061e8e-5ad2-4165-ab2a-dfa7f8563df9
2019-09-29 11:44:55,373 [grpc-default-executor-3] INFO  impl.RoleInfo (RoleInfo.java:shutdownFollowerState(121)) - b35b170e-3ddc-451d-8d4a-e80dab005082: shutdown FollowerState
2019-09-29 11:44:55,373 [grpc-default-executor-3] INFO  impl.RoleInfo (RoleInfo.java:updateAndGet(143)) - b35b170e-3ddc-451d-8d4a-e80dab005082: start FollowerState
2019-09-29 11:44:55,373 [Thread-980] INFO  impl.FollowerState (FollowerState.java:run(115)) - b35b170e-3ddc-451d-8d4a-e80dab005082: FollowerState was interrupted: java.lang.InterruptedException: sleep interrupted
2019-09-29 11:44:55,376 [b35b170e-3ddc-451d-8d4a-e80dab005082@group-5273015377BC:LeaderElection32] INFO  impl.LeaderElection (LeaderElection.java:logAndReturn(56)) - b35b170e-3ddc-451d-8d4a-e80dab005082@group-5273015377BC:LeaderElection32: Election PASSED; received 2 response(s) [b35b170e-3ddc-451d-8d4a-e80dab005082<-071dc3e7-dc11-4fb4-9b42-17449d4a7d3f#0:OK-t1, b35b170e-3ddc-451d-8d4a-e80dab005082<-b1061e8e-5ad2-4165-ab2a-dfa7f8563df9#0:FAIL-t1] and 0 exception(s); b35b170e-3ddc-451d-8d4a-e80dab005082@group-5273015377BC:t1, leader=null, voted=b35b170e-3ddc-451d-8d4a-e80dab005082, raftlog=b35b170e-3ddc-451d-8d4a-e80dab005082@group-5273015377BC-SegmentedRaftLog:OPENED:c-1,f-1,i0, conf=-1: [071dc3e7-dc11-4fb4-9b42-17449d4a7d3f:192.168.30.19:37562, b35b170e-3ddc-451d-8d4a-e80dab005082:192.168.30.19:42590, b1061e8e-5ad2-4165-ab2a-dfa7f8563df9:192.168.30.19:35438], old=null
2019-09-29 11:44:55,376 [b35b170e-3ddc-451d-8d4a-e80dab005082@group-5273015377BC:LeaderElection32] INFO  impl.RoleInfo (RoleInfo.java:shutdownLeaderElection(134)) - b35b170e-3ddc-451d-8d4a-e80dab005082: shutdown LeaderElection
2019-09-29 11:44:55,376 [b35b170e-3ddc-451d-8d4a-e80dab005082@group-5273015377BC:LeaderElection32] INFO  impl.RaftServerImpl (RaftServerImpl.java:setRole(174)) - b35b170e-3ddc-451d-8d4a-e80dab005082@group-5273015377BC: changes role from CANDIDATE to LEADER at term 1 for changeToLeader
2019-09-29 11:44:55,376 [b1061e8e-5ad2-4165-ab2a-dfa7f8563df9@group-5273015377BC:LeaderElection33] INFO  impl.LeaderElection (LeaderElection.java:logAndReturn(56)) - b1061e8e-5ad2-4165-ab2a-dfa7f8563df9@group-5273015377BC:LeaderElection33: Election REJECTED; received 2 response(s) [b1061e8e-5ad2-4165-ab2a-dfa7f8563df9<-071dc3e7-dc11-4fb4-9b42-17449d4a7d3f#0:FAIL-t1, b1061e8e-5ad2-4165-ab2a-dfa7f8563df9<-b35b170e-3ddc-451d-8d4a-e80dab005082#0:FAIL-t1] and 0 exception(s); b1061e8e-5ad2-4165-ab2a-dfa7f8563df9@group-5273015377BC:t1, leader=null, voted=b1061e8e-5ad2-4165-ab2a-dfa7f8563df9, raftlog=b1061e8e-5ad2-4165-ab2a-dfa7f8563df9@group-5273015377BC-SegmentedRaftLog:OPENED:c-1,f-1,i0, conf=-1: [071dc3e7-dc11-4fb4-9b42-17449d4a7d3f:192.168.30.19:37562, b35b170e-3ddc-451d-8d4a-e80dab005082:192.168.30.19:42590, b1061e8e-5ad2-4165-ab2a-dfa7f8563df9:192.168.30.19:35438], old=null
2019-09-29 11:44:55,376 [b35b170e-3ddc-451d-8d4a-e80dab005082@group-5273015377BC:LeaderElection32] INFO  impl.RaftServerImpl (ServerState.java:setLeader(253)) - b35b170e-3ddc-451d-8d4a-e80dab005082@group-5273015377BC: change Leader from null to b35b170e-3ddc-451d-8d4a-e80dab005082 at term 1 for becomeLeader, leader elected after 5219ms
2019-09-29 11:44:55,378 [b1061e8e-5ad2-4165-ab2a-dfa7f8563df9@group-5273015377BC:LeaderElection33] INFO  impl.RaftServerImpl (RaftServerImpl.java:setRole(174)) - b1061e8e-5ad2-4165-ab2a-dfa7f8563df9@group-5273015377BC: changes role from CANDIDATE to FOLLOWER at term 1 for DISCOVERED_A_NEW_TERM
2019-09-29 11:44:55,379 [b35b170e-3ddc-451d-8d4a-e80dab005082@group-5273015377BC:LeaderElection32] INFO  server.RaftServerConfigKeys (ConfUtils.java:logGet(43)) - raft.server.staging.catchup.gap = 1000 (default)
2019-09-29 11:44:55,379 [b1061e8e-5ad2-4165-ab2a-dfa7f8563df9@group-5273015377BC:LeaderElection33] INFO  impl.RoleInfo (RoleInfo.java:shutdownLeaderElection(134)) - b1061e8e-5ad2-4165-ab2a-dfa7f8563df9: shutdown LeaderElection
2019-09-29 11:44:55,379 [b35b170e-3ddc-451d-8d4a-e80dab005082@group-5273015377BC:LeaderElection32] INFO  server.RaftServerConfigKeys (ConfUtils.java:logGet(43)) - raft.server.rpc.sleep.time = 25ms (default)
2019-09-29 11:44:55,379 [b1061e8e-5ad2-4165-ab2a-dfa7f8563df9@group-5273015377BC:LeaderElection33] INFO  impl.RoleInfo (RoleInfo.java:updateAndGet(143)) - b1061e8e-5ad2-4165-ab2a-dfa7f8563df9: start FollowerState
2019-09-29 11:44:55,379 [b35b170e-3ddc-451d-8d4a-e80dab005082@group-5273015377BC:LeaderElection32] INFO  server.RaftServerConfigKeys (ConfUtils.java:logGet(43)) - raft.server.write.element-limit = 4096 (default)
2019-09-29 11:44:55,379 [b35b170e-3ddc-451d-8d4a-e80dab005082@group-5273015377BC:LeaderElection32] INFO  server.RaftServerConfigKeys (ConfUtils.java:logGet(43)) - raft.server.watch.timeout = 10s (default)
2019-09-29 11:44:55,380 [b35b170e-3ddc-451d-8d4a-e80dab005082@group-5273015377BC:LeaderElection32] INFO  server.RaftServerConfigKeys (ConfUtils.java:logGet(43)) - raft.server.watch.timeout.denomination = 1s (default)
2019-09-29 11:44:55,380 [b35b170e-3ddc-451d-8d4a-e80dab005082@group-5273015377BC:LeaderElection32] INFO  server.RaftServerConfigKeys (ConfUtils.java:logGet(43)) - raft.server.watch.element-limit = 65536 (default)
2019-09-29 11:44:55,381 [b35b170e-3ddc-451d-8d4a-e80dab005082@group-5273015377BC:LeaderElection32] INFO  server.RaftServerConfigKeys (ConfUtils.java:logGet(43)) - raft.server.log.appender.snapshot.chunk.size.max = 16MB (=16777216) (default)
2019-09-29 11:44:55,381 [b35b170e-3ddc-451d-8d4a-e80dab005082@group-5273015377BC:LeaderElection32] INFO  server.RaftServerConfigKeys (ConfUtils.java:logGet(43)) - raft.server.log.appender.buffer.byte-limit = 33554432 (custom)
2019-09-29 11:44:55,381 [b35b170e-3ddc-451d-8d4a-e80dab005082@group-5273015377BC:LeaderElection32] INFO  server.RaftServerConfigKeys (ConfUtils.java:logGet(43)) - raft.server.log.appender.buffer.element-limit = 1 (custom)
2019-09-29 11:44:55,382 [b35b170e-3ddc-451d-8d4a-e80dab005082@group-5273015377BC:LeaderElection32] INFO  grpc.GrpcConfigKeys$Server (ConfUtils.java:logGet(43)) - raft.grpc.server.leader.outstanding.appends.max = 128 (default)
2019-09-29 11:44:55,382 [b35b170e-3ddc-451d-8d4a-e80dab005082@group-5273015377BC:LeaderElection32] INFO  server.RaftServerConfigKeys (ConfUtils.java:logGet(43)) - raft.server.rpc.request.timeout = 3000ms (default)
2019-09-29 11:44:55,382 [b35b170e-3ddc-451d-8d4a-e80dab005082@group-5273015377BC:LeaderElection32] INFO  server.RaftServerConfigKeys (ConfUtils.java:logGet(43)) - raft.server.log.appender.install.snapshot.enabled = false (custom)
2019-09-29 11:44:55,382 [b35b170e-3ddc-451d-8d4a-e80dab005082@group-5273015377BC:LeaderElection32] INFO  server.RaftServerConfigKeys (ConfUtils.java:logGet(43)) - raft.server.log.appender.snapshot.chunk.size.max = 16MB (=16777216) (default)
2019-09-29 11:44:55,382 [b35b170e-3ddc-451d-8d4a-e80dab005082@group-5273015377BC:LeaderElection32] INFO  server.RaftServerConfigKeys (ConfUtils.java:logGet(43)) - raft.server.log.appender.buffer.byte-limit = 33554432 (custom)
2019-09-29 11:44:55,382 [b35b170e-3ddc-451d-8d4a-e80dab005082@group-5273015377BC:LeaderElection32] INFO  server.RaftServerConfigKeys (ConfUtils.java:logGet(43)) - raft.server.log.appender.buffer.element-limit = 1 (custom)
2019-09-29 11:44:55,382 [b35b170e-3ddc-451d-8d4a-e80dab005082@group-5273015377BC:LeaderElection32] INFO  grpc.GrpcConfigKeys$Server (ConfUtils.java:logGet(43)) - raft.grpc.server.leader.outstanding.appends.max = 128 (default)
2019-09-29 11:44:55,383 [b35b170e-3ddc-451d-8d4a-e80dab005082@group-5273015377BC:LeaderElection32] INFO  server.RaftServerConfigKeys (ConfUtils.java:logGet(43)) - raft.server.rpc.request.timeout = 3000ms (default)
2019-09-29 11:44:55,383 [b35b170e-3ddc-451d-8d4a-e80dab005082@group-5273015377BC:LeaderElection32] INFO  server.RaftServerConfigKeys (ConfUtils.java:logGet(43)) - raft.server.log.appender.install.snapshot.enabled = false (custom)
2019-09-29 11:44:55,383 [b35b170e-3ddc-451d-8d4a-e80dab005082@group-5273015377BC:LeaderElection32] INFO  impl.RoleInfo (RoleInfo.java:updateAndGet(143)) - b35b170e-3ddc-451d-8d4a-e80dab005082: start LeaderState
2019-09-29 11:44:55,383 [b35b170e-3ddc-451d-8d4a-e80dab005082@group-5273015377BC:LeaderElection32] INFO  segmented.SegmentedRaftLogWorker (SegmentedRaftLogWorker.java:startLogSegment(380)) - b35b170e-3ddc-451d-8d4a-e80dab005082@group-5273015377BC-SegmentedRaftLogWorker: Starting segment from index:0
2019-09-29 11:44:55,384 [b35b170e-3ddc-451d-8d4a-e80dab005082@group-5273015377BC:LeaderElection32] INFO  impl.RaftServerImpl (ServerState.java:setRaftConf(354)) - b35b170e-3ddc-451d-8d4a-e80dab005082@group-5273015377BC: set configuration 0: [071dc3e7-dc11-4fb4-9b42-17449d4a7d3f:192.168.30.19:37562, b35b170e-3ddc-451d-8d4a-e80dab005082:192.168.30.19:42590, b1061e8e-5ad2-4165-ab2a-dfa7f8563df9:192.168.30.19:35438], old=null at 0
2019-09-29 11:44:55,386 [grpc-default-executor-0] INFO  impl.RaftServerImpl (ServerState.java:setLeader(253)) - b1061e8e-5ad2-4165-ab2a-dfa7f8563df9@group-5273015377BC: change Leader from null to b35b170e-3ddc-451d-8d4a-e80dab005082 at term 1 for appendEntries, leader elected after 5229ms
2019-09-29 11:44:55,386 [grpc-default-executor-2] INFO  impl.RaftServerImpl (ServerState.java:setLeader(253)) - 071dc3e7-dc11-4fb4-9b42-17449d4a7d3f@group-5273015377BC: change Leader from null to b35b170e-3ddc-451d-8d4a-e80dab005082 at term 1 for appendEntries, leader elected after 5229ms
2019-09-29 11:44:55,388 [grpc-default-executor-2] INFO  impl.RaftServerImpl (ServerState.java:setRaftConf(354)) - b1061e8e-5ad2-4165-ab2a-dfa7f8563df9@group-5273015377BC: set configuration 0: [071dc3e7-dc11-4fb4-9b42-17449d4a7d3f:192.168.30.19:37562, b35b170e-3ddc-451d-8d4a-e80dab005082:192.168.30.19:42590, b1061e8e-5ad2-4165-ab2a-dfa7f8563df9:192.168.30.19:35438], old=null at 0
2019-09-29 11:44:55,389 [grpc-default-executor-2] INFO  segmented.SegmentedRaftLogWorker (SegmentedRaftLogWorker.java:startLogSegment(380)) - b1061e8e-5ad2-4165-ab2a-dfa7f8563df9@group-5273015377BC-SegmentedRaftLogWorker: Starting segment from index:0
2019-09-29 11:44:55,389 [grpc-default-executor-0] INFO  impl.RaftServerImpl (ServerState.java:setRaftConf(354)) - 071dc3e7-dc11-4fb4-9b42-17449d4a7d3f@group-5273015377BC: set configuration 0: [071dc3e7-dc11-4fb4-9b42-17449d4a7d3f:192.168.30.19:37562, b35b170e-3ddc-451d-8d4a-e80dab005082:192.168.30.19:42590, b1061e8e-5ad2-4165-ab2a-dfa7f8563df9:192.168.30.19:35438], old=null at 0
2019-09-29 11:44:55,389 [grpc-default-executor-0] INFO  segmented.SegmentedRaftLogWorker (SegmentedRaftLogWorker.java:startLogSegment(380)) - 071dc3e7-dc11-4fb4-9b42-17449d4a7d3f@group-5273015377BC-SegmentedRaftLogWorker: Starting segment from index:0
2019-09-29 11:44:55,408 [071dc3e7-dc11-4fb4-9b42-17449d4a7d3f@group-40D403B745DE:LeaderElection35] INFO  impl.LeaderElection (LeaderElection.java:askForVotes(182)) - 071dc3e7-dc11-4fb4-9b42-17449d4a7d3f@group-40D403B745DE:LeaderElection35: begin an election at term 1 for -1: [071dc3e7-dc11-4fb4-9b42-17449d4a7d3f:192.168.30.19:37562, b35b170e-3ddc-451d-8d4a-e80dab005082:192.168.30.19:42590, b1061e8e-5ad2-4165-ab2a-dfa7f8563df9:192.168.30.19:35438], old=null
2019-09-29 11:44:55,431 [b1061e8e-5ad2-4165-ab2a-dfa7f8563df9@group-40D403B745DE:LeaderElection34] INFO  impl.LeaderElection (LeaderElection.java:logAndReturn(56)) - b1061e8e-5ad2-4165-ab2a-dfa7f8563df9@group-40D403B745DE:LeaderElection34: Election PASSED; received 2 response(s) [b1061e8e-5ad2-4165-ab2a-dfa7f8563df9<-071dc3e7-dc11-4fb4-9b42-17449d4a7d3f#0:FAIL-t1, b1061e8e-5ad2-4165-ab2a-dfa7f8563df9<-b35b170e-3ddc-451d-8d4a-e80dab005082#0:OK-t1] and 0 exception(s); b1061e8e-5ad2-4165-ab2a-dfa7f8563df9@group-40D403B745DE:t1, leader=null, voted=b1061e8e-5ad2-4165-ab2a-dfa7f8563df9, raftlog=b1061e8e-5ad2-4165-ab2a-dfa7f8563df9@group-40D403B745DE-SegmentedRaftLog:OPENED:c-1,f-1,i0, conf=-1: [071dc3e7-dc11-4fb4-9b42-17449d4a7d3f:192.168.30.19:37562, b35b170e-3ddc-451d-8d4a-e80dab005082:192.168.30.19:42590, b1061e8e-5ad2-4165-ab2a-dfa7f8563df9:192.168.30.19:35438], old=null
2019-09-29 11:44:55,431 [b1061e8e-5ad2-4165-ab2a-dfa7f8563df9@group-40D403B745DE:LeaderElection34] INFO  impl.RoleInfo (RoleInfo.java:shutdownLeaderElection(134)) - b1061e8e-5ad2-4165-ab2a-dfa7f8563df9: shutdown LeaderElection
2019-09-29 11:44:55,432 [b1061e8e-5ad2-4165-ab2a-dfa7f8563df9@group-40D403B745DE:LeaderElection34] INFO  impl.RaftServerImpl (RaftServerImpl.java:setRole(174)) - b1061e8e-5ad2-4165-ab2a-dfa7f8563df9@group-40D403B745DE: changes role from CANDIDATE to LEADER at term 1 for changeToLeader
2019-09-29 11:44:55,432 [b1061e8e-5ad2-4165-ab2a-dfa7f8563df9@group-40D403B745DE:LeaderElection34] INFO  impl.RaftServerImpl (ServerState.java:setLeader(253)) - b1061e8e-5ad2-4165-ab2a-dfa7f8563df9@group-40D403B745DE: change Leader from null to b1061e8e-5ad2-4165-ab2a-dfa7f8563df9 at term 1 for becomeLeader, leader elected after 5191ms
2019-09-29 11:44:55,432 [b1061e8e-5ad2-4165-ab2a-dfa7f8563df9@group-40D403B745DE:LeaderElection34] INFO  server.RaftServerConfigKeys (ConfUtils.java:logGet(43)) - raft.server.staging.catchup.gap = 1000 (default)
2019-09-29 11:44:55,432 [b1061e8e-5ad2-4165-ab2a-dfa7f8563df9@group-40D403B745DE:LeaderElection34] INFO  server.RaftServerConfigKeys (ConfUtils.java:logGet(43)) - raft.server.rpc.sleep.time = 25ms (default)
2019-09-29 11:44:55,432 [b1061e8e-5ad2-4165-ab2a-dfa7f8563df9@group-40D403B745DE:LeaderElection34] INFO  server.RaftServerConfigKeys (ConfUtils.java:logGet(43)) - raft.server.write.element-limit = 4096 (default)
2019-09-29 11:44:55,432 [b1061e8e-5ad2-4165-ab2a-dfa7f8563df9@group-40D403B745DE:LeaderElection34] INFO  server.RaftServerConfigKeys (ConfUtils.java:logGet(43)) - raft.server.watch.timeout = 10s (default)
2019-09-29 11:44:55,433 [b1061e8e-5ad2-4165-ab2a-dfa7f8563df9@group-40D403B745DE:LeaderElection34] INFO  server.RaftServerConfigKeys (ConfUtils.java:logGet(43)) - raft.server.watch.timeout.denomination = 1s (default)
2019-09-29 11:44:55,433 [b1061e8e-5ad2-4165-ab2a-dfa7f8563df9@group-40D403B745DE:LeaderElection34] INFO  server.RaftServerConfigKeys (ConfUtils.java:logGet(43)) - raft.server.watch.element-limit = 65536 (default)
2019-09-29 11:44:55,438 [b1061e8e-5ad2-4165-ab2a-dfa7f8563df9@group-40D403B745DE:LeaderElection34] INFO  server.RaftServerConfigKeys (ConfUtils.java:logGet(43)) - raft.server.log.appender.snapshot.chunk.size.max = 16MB (=16777216) (default)
2019-09-29 11:44:55,438 [b1061e8e-5ad2-4165-ab2a-dfa7f8563df9@group-40D403B745DE:LeaderElection34] INFO  server.RaftServerConfigKeys (ConfUtils.java:logGet(43)) - raft.server.log.appender.buffer.byte-limit = 33554432 (custom)
2019-09-29 11:44:55,438 [b1061e8e-5ad2-4165-ab2a-dfa7f8563df9@group-40D403B745DE:LeaderElection34] INFO  server.RaftServerConfigKeys (ConfUtils.java:logGet(43)) - raft.server.log.appender.buffer.element-limit = 1 (custom)
2019-09-29 11:44:55,438 [b1061e8e-5ad2-4165-ab2a-dfa7f8563df9@group-40D403B745DE:LeaderElection34] INFO  grpc.GrpcConfigKeys$Server (ConfUtils.java:logGet(43)) - raft.grpc.server.leader.outstanding.appends.max = 128 (default)
2019-09-29 11:44:55,439 [b1061e8e-5ad2-4165-ab2a-dfa7f8563df9@group-40D403B745DE:LeaderElection34] INFO  server.RaftServerConfigKeys (ConfUtils.java:logGet(43)) - raft.server.rpc.request.timeout = 3000ms (default)
2019-09-29 11:44:55,439 [b1061e8e-5ad2-4165-ab2a-dfa7f8563df9@group-40D403B745DE:LeaderElection34] INFO  server.RaftServerConfigKeys (ConfUtils.java:logGet(43)) - raft.server.log.appender.install.snapshot.enabled = false (custom)
2019-09-29 11:44:55,439 [b1061e8e-5ad2-4165-ab2a-dfa7f8563df9@group-40D403B745DE:LeaderElection34] INFO  server.RaftServerConfigKeys (ConfUtils.java:logGet(43)) - raft.server.log.appender.snapshot.chunk.size.max = 16MB (=16777216) (default)
2019-09-29 11:44:55,439 [b1061e8e-5ad2-4165-ab2a-dfa7f8563df9@group-40D403B745DE:LeaderElection34] INFO  server.RaftServerConfigKeys (ConfUtils.java:logGet(43)) - raft.server.log.appender.buffer.byte-limit = 33554432 (custom)
2019-09-29 11:44:55,440 [b1061e8e-5ad2-4165-ab2a-dfa7f8563df9@group-40D403B745DE:LeaderElection34] INFO  server.RaftServerConfigKeys (ConfUtils.java:logGet(43)) - raft.server.log.appender.buffer.element-limit = 1 (custom)
2019-09-29 11:44:55,440 [b1061e8e-5ad2-4165-ab2a-dfa7f8563df9@group-40D403B745DE:LeaderElection34] INFO  grpc.GrpcConfigKeys$Server (ConfUtils.java:logGet(43)) - raft.grpc.server.leader.outstanding.appends.max = 128 (default)
2019-09-29 11:44:55,440 [b1061e8e-5ad2-4165-ab2a-dfa7f8563df9@group-40D403B745DE:LeaderElection34] INFO  server.RaftServerConfigKeys (ConfUtils.java:logGet(43)) - raft.server.rpc.request.timeout = 3000ms (default)
2019-09-29 11:44:55,440 [b1061e8e-5ad2-4165-ab2a-dfa7f8563df9@group-40D403B745DE:LeaderElection34] INFO  server.RaftServerConfigKeys (ConfUtils.java:logGet(43)) - raft.server.log.appender.install.snapshot.enabled = false (custom)
2019-09-29 11:44:55,440 [b1061e8e-5ad2-4165-ab2a-dfa7f8563df9@group-40D403B745DE:LeaderElection34] INFO  impl.RoleInfo (RoleInfo.java:updateAndGet(143)) - b1061e8e-5ad2-4165-ab2a-dfa7f8563df9: start LeaderState
2019-09-29 11:44:55,441 [b1061e8e-5ad2-4165-ab2a-dfa7f8563df9@group-40D403B745DE:LeaderElection34] INFO  segmented.SegmentedRaftLogWorker (SegmentedRaftLogWorker.java:startLogSegment(380)) - b1061e8e-5ad2-4165-ab2a-dfa7f8563df9@group-40D403B745DE-SegmentedRaftLogWorker: Starting segment from index:0
2019-09-29 11:44:55,441 [b1061e8e-5ad2-4165-ab2a-dfa7f8563df9@group-40D403B745DE:LeaderElection34] INFO  impl.RaftServerImpl (ServerState.java:setRaftConf(354)) - b1061e8e-5ad2-4165-ab2a-dfa7f8563df9@group-40D403B745DE: set configuration 0: [071dc3e7-dc11-4fb4-9b42-17449d4a7d3f:192.168.30.19:37562, b35b170e-3ddc-451d-8d4a-e80dab005082:192.168.30.19:42590, b1061e8e-5ad2-4165-ab2a-dfa7f8563df9:192.168.30.19:35438], old=null at 0
2019-09-29 11:44:55,467 [b35b170e-3ddc-451d-8d4a-e80dab005082@group-5273015377BC-SegmentedRaftLogWorker] INFO  segmented.SegmentedRaftLogWorker (SegmentedRaftLogWorker.java:execute(569)) - b35b170e-3ddc-451d-8d4a-e80dab005082@group-5273015377BC-SegmentedRaftLogWorker: created new log segment /workdir/hadoop-ozone/integration-test/target/test-dir/MiniOzoneClusterImpl-8b1f3dd2-5105-4ae3-bb3e-4bd60bc91d6f/datanode-0/data/ratis/87889405-7947-46e6-bbbd-5273015377bc/current/log_inprogress_0
2019-09-29 11:44:55,467 [071dc3e7-dc11-4fb4-9b42-17449d4a7d3f@group-5273015377BC-SegmentedRaftLogWorker] INFO  segmented.SegmentedRaftLogWorker (SegmentedRaftLogWorker.java:execute(569)) - 071dc3e7-dc11-4fb4-9b42-17449d4a7d3f@group-5273015377BC-SegmentedRaftLogWorker: created new log segment /workdir/hadoop-ozone/integration-test/target/test-dir/MiniOzoneClusterImpl-8b1f3dd2-5105-4ae3-bb3e-4bd60bc91d6f/datanode-1/data/ratis/87889405-7947-46e6-bbbd-5273015377bc/current/log_inprogress_0
2019-09-29 11:44:55,467 [b1061e8e-5ad2-4165-ab2a-dfa7f8563df9@group-5273015377BC-SegmentedRaftLogWorker] INFO  segmented.SegmentedRaftLogWorker (SegmentedRaftLogWorker.java:execute(569)) - b1061e8e-5ad2-4165-ab2a-dfa7f8563df9@group-5273015377BC-SegmentedRaftLogWorker: created new log segment /workdir/hadoop-ozone/integration-test/target/test-dir/MiniOzoneClusterImpl-8b1f3dd2-5105-4ae3-bb3e-4bd60bc91d6f/datanode-2/data/ratis/87889405-7947-46e6-bbbd-5273015377bc/current/log_inprogress_0
2019-09-29 11:44:55,468 [grpc-default-executor-3] INFO  impl.RaftServerImpl (RaftServerImpl.java:requestVote(758)) - b1061e8e-5ad2-4165-ab2a-dfa7f8563df9@group-40D403B745DE-   LEADER: Withhold vote from candidate 071dc3e7-dc11-4fb4-9b42-17449d4a7d3f with term 1. State: leader=b1061e8e-5ad2-4165-ab2a-dfa7f8563df9, term=1, lastRpcElapsed=null
2019-09-29 11:44:55,469 [grpc-default-executor-0] INFO  impl.RaftServerImpl (ServerState.java:setLeader(253)) - b35b170e-3ddc-451d-8d4a-e80dab005082@group-40D403B745DE: change Leader from null to b1061e8e-5ad2-4165-ab2a-dfa7f8563df9 at term 1 for appendEntries, leader elected after 5229ms
2019-09-29 11:44:55,471 [071dc3e7-dc11-4fb4-9b42-17449d4a7d3f@group-40D403B745DE:LeaderElection35] INFO  impl.LeaderElection (LeaderElection.java:logAndReturn(56)) - 071dc3e7-dc11-4fb4-9b42-17449d4a7d3f@group-40D403B745DE:LeaderElection35: Election REJECTED; received 2 response(s) [071dc3e7-dc11-4fb4-9b42-17449d4a7d3f<-b35b170e-3ddc-451d-8d4a-e80dab005082#0:FAIL-t1, 071dc3e7-dc11-4fb4-9b42-17449d4a7d3f<-b1061e8e-5ad2-4165-ab2a-dfa7f8563df9#0:FAIL-t1] and 0 exception(s); 071dc3e7-dc11-4fb4-9b42-17449d4a7d3f@group-40D403B745DE:t1, leader=null, voted=071dc3e7-dc11-4fb4-9b42-17449d4a7d3f, raftlog=071dc3e7-dc11-4fb4-9b42-17449d4a7d3f@group-40D403B745DE-SegmentedRaftLog:OPENED:c-1,f-1,i0, conf=-1: [071dc3e7-dc11-4fb4-9b42-17449d4a7d3f:192.168.30.19:37562, b35b170e-3ddc-451d-8d4a-e80dab005082:192.168.30.19:42590, b1061e8e-5ad2-4165-ab2a-dfa7f8563df9:192.168.30.19:35438], old=null
2019-09-29 11:44:55,471 [grpc-default-executor-1] INFO  impl.RaftServerImpl (RaftServerImpl.java:setRole(174)) - 071dc3e7-dc11-4fb4-9b42-17449d4a7d3f@group-40D403B745DE: changes role from CANDIDATE to FOLLOWER at term 1 for appendEntries
2019-09-29 11:44:55,471 [grpc-default-executor-1] INFO  impl.RoleInfo (RoleInfo.java:shutdownLeaderElection(134)) - 071dc3e7-dc11-4fb4-9b42-17449d4a7d3f: shutdown LeaderElection
2019-09-29 11:44:55,471 [grpc-default-executor-1] INFO  impl.RoleInfo (RoleInfo.java:updateAndGet(143)) - 071dc3e7-dc11-4fb4-9b42-17449d4a7d3f: start FollowerState
2019-09-29 11:44:55,472 [grpc-default-executor-1] INFO  impl.RaftServerImpl (ServerState.java:setLeader(253)) - 071dc3e7-dc11-4fb4-9b42-17449d4a7d3f@group-40D403B745DE: change Leader from null to b1061e8e-5ad2-4165-ab2a-dfa7f8563df9 at term 1 for appendEntries, leader elected after 5231ms
2019-09-29 11:44:55,474 [grpc-default-executor-1] INFO  impl.RaftServerImpl (ServerState.java:setRaftConf(354)) - b35b170e-3ddc-451d-8d4a-e80dab005082@group-40D403B745DE: set configuration 0: [071dc3e7-dc11-4fb4-9b42-17449d4a7d3f:192.168.30.19:37562, b35b170e-3ddc-451d-8d4a-e80dab005082:192.168.30.19:42590, b1061e8e-5ad2-4165-ab2a-dfa7f8563df9:192.168.30.19:35438], old=null at 0
2019-09-29 11:44:55,475 [grpc-default-executor-1] INFO  segmented.SegmentedRaftLogWorker (SegmentedRaftLogWorker.java:startLogSegment(380)) - b35b170e-3ddc-451d-8d4a-e80dab005082@group-40D403B745DE-SegmentedRaftLogWorker: Starting segment from index:0
2019-09-29 11:44:55,475 [grpc-default-executor-0] INFO  impl.RaftServerImpl (ServerState.java:setRaftConf(354)) - 071dc3e7-dc11-4fb4-9b42-17449d4a7d3f@group-40D403B745DE: set configuration 0: [071dc3e7-dc11-4fb4-9b42-17449d4a7d3f:192.168.30.19:37562, b35b170e-3ddc-451d-8d4a-e80dab005082:192.168.30.19:42590, b1061e8e-5ad2-4165-ab2a-dfa7f8563df9:192.168.30.19:35438], old=null at 0
2019-09-29 11:44:55,502 [b1061e8e-5ad2-4165-ab2a-dfa7f8563df9@group-40D403B745DE-SegmentedRaftLogWorker] INFO  segmented.SegmentedRaftLogWorker (SegmentedRaftLogWorker.java:execute(569)) - b1061e8e-5ad2-4165-ab2a-dfa7f8563df9@group-40D403B745DE-SegmentedRaftLogWorker: created new log segment /workdir/hadoop-ozone/integration-test/target/test-dir/MiniOzoneClusterImpl-8b1f3dd2-5105-4ae3-bb3e-4bd60bc91d6f/datanode-2/data/ratis/cb8227eb-8838-4131-95ae-40d403b745de/current/log_inprogress_0
2019-09-29 11:44:55,503 [grpc-default-executor-0] INFO  segmented.SegmentedRaftLogWorker (SegmentedRaftLogWorker.java:startLogSegment(380)) - 071dc3e7-dc11-4fb4-9b42-17449d4a7d3f@group-40D403B745DE-SegmentedRaftLogWorker: Starting segment from index:0
2019-09-29 11:44:55,525 [b35b170e-3ddc-451d-8d4a-e80dab005082@group-40D403B745DE-SegmentedRaftLogWorker] INFO  segmented.SegmentedRaftLogWorker (SegmentedRaftLogWorker.java:execute(569)) - b35b170e-3ddc-451d-8d4a-e80dab005082@group-40D403B745DE-SegmentedRaftLogWorker: created new log segment /workdir/hadoop-ozone/integration-test/target/test-dir/MiniOzoneClusterImpl-8b1f3dd2-5105-4ae3-bb3e-4bd60bc91d6f/datanode-0/data/ratis/cb8227eb-8838-4131-95ae-40d403b745de/current/log_inprogress_0
2019-09-29 11:44:55,559 [071dc3e7-dc11-4fb4-9b42-17449d4a7d3f@group-40D403B745DE-SegmentedRaftLogWorker] INFO  segmented.SegmentedRaftLogWorker (SegmentedRaftLogWorker.java:execute(569)) - 071dc3e7-dc11-4fb4-9b42-17449d4a7d3f@group-40D403B745DE-SegmentedRaftLogWorker: created new log segment /workdir/hadoop-ozone/integration-test/target/test-dir/MiniOzoneClusterImpl-8b1f3dd2-5105-4ae3-bb3e-4bd60bc91d6f/datanode-1/data/ratis/cb8227eb-8838-4131-95ae-40d403b745de/current/log_inprogress_0
2019-09-29 11:44:55,921 [main] INFO  ozoneimpl.OzoneContainer (OzoneContainer.java:stop(231)) - Attempting to stop container services.
2019-09-29 11:44:55,921 [ForkJoinPool.commonPool-worker-1] INFO  ozoneimpl.OzoneContainer (OzoneContainer.java:stop(231)) - Attempting to stop container services.
2019-09-29 11:44:55,922 [main] INFO  impl.RaftServerProxy (RaftServerProxy.java:lambda$close$4(314)) - 071dc3e7-dc11-4fb4-9b42-17449d4a7d3f: close
2019-09-29 11:44:55,922 [ForkJoinPool.commonPool-worker-1] INFO  impl.RaftServerProxy (RaftServerProxy.java:lambda$close$4(314)) - b35b170e-3ddc-451d-8d4a-e80dab005082: close
2019-09-29 11:44:55,923 [main] INFO  impl.RaftServerImpl (RaftServerImpl.java:lambda$shutdown$3(251)) - 071dc3e7-dc11-4fb4-9b42-17449d4a7d3f@group-F44C28CD0532: shutdown
2019-09-29 11:44:55,923 [ForkJoinPool.commonPool-worker-1] INFO  impl.RaftServerImpl (RaftServerImpl.java:lambda$shutdown$3(251)) - b35b170e-3ddc-451d-8d4a-e80dab005082@group-F44C28CD0532: shutdown
2019-09-29 11:44:55,923 [main] INFO  util.JmxRegister (JmxRegister.java:unregister(73)) - Successfully un-registered JMX Bean with object name Ratis:service=RaftServer,group=group-F44C28CD0532,id=071dc3e7-dc11-4fb4-9b42-17449d4a7d3f
2019-09-29 11:44:55,923 [ForkJoinPool.commonPool-worker-1] INFO  util.JmxRegister (JmxRegister.java:unregister(73)) - Successfully un-registered JMX Bean with object name Ratis:service=RaftServer,group=group-F44C28CD0532,id=b35b170e-3ddc-451d-8d4a-e80dab005082
2019-09-29 11:44:55,924 [main] INFO  impl.RoleInfo (RoleInfo.java:shutdownFollowerState(121)) - 071dc3e7-dc11-4fb4-9b42-17449d4a7d3f: shutdown FollowerState
2019-09-29 11:44:55,924 [main] INFO  impl.StateMachineUpdater (StateMachineUpdater.java:stopAndJoin(125)) - 071dc3e7-dc11-4fb4-9b42-17449d4a7d3f@group-F44C28CD0532-StateMachineUpdater: set stopIndex = -1
2019-09-29 11:44:55,924 [ForkJoinPool.commonPool-worker-1] INFO  impl.RoleInfo (RoleInfo.java:shutdownFollowerState(121)) - b35b170e-3ddc-451d-8d4a-e80dab005082: shutdown FollowerState
2019-09-29 11:44:55,925 [main] INFO  impl.RaftServerImpl (ServerState.java:close(385)) - 071dc3e7-dc11-4fb4-9b42-17449d4a7d3f@group-F44C28CD0532: closes. applyIndex: -1
2019-09-29 11:44:55,925 [Thread-993] INFO  impl.FollowerState (FollowerState.java:run(115)) - 071dc3e7-dc11-4fb4-9b42-17449d4a7d3f: FollowerState was interrupted: java.lang.InterruptedException: sleep interrupted
2019-09-29 11:44:55,925 [Thread-994] INFO  impl.FollowerState (FollowerState.java:run(115)) - b35b170e-3ddc-451d-8d4a-e80dab005082: FollowerState was interrupted: java.lang.InterruptedException: sleep interrupted
2019-09-29 11:44:55,925 [ForkJoinPool.commonPool-worker-1] INFO  impl.StateMachineUpdater (StateMachineUpdater.java:stopAndJoin(125)) - b35b170e-3ddc-451d-8d4a-e80dab005082@group-F44C28CD0532-StateMachineUpdater: set stopIndex = -1
2019-09-29 11:44:55,926 [071dc3e7-dc11-4fb4-9b42-17449d4a7d3f@group-F44C28CD0532-SegmentedRaftLogWorker] INFO  segmented.SegmentedRaftLogWorker (SegmentedRaftLogWorker.java:run(313)) - 071dc3e7-dc11-4fb4-9b42-17449d4a7d3f@group-F44C28CD0532-SegmentedRaftLogWorker was interrupted, exiting. There are 0 tasks remaining in the queue.
2019-09-29 11:44:55,926 [ForkJoinPool.commonPool-worker-1] INFO  impl.RaftServerImpl (ServerState.java:close(385)) - b35b170e-3ddc-451d-8d4a-e80dab005082@group-F44C28CD0532: closes. applyIndex: -1
2019-09-29 11:44:55,927 [main] INFO  segmented.SegmentedRaftLogWorker (SegmentedRaftLogWorker.java:close(228)) - 071dc3e7-dc11-4fb4-9b42-17449d4a7d3f@group-F44C28CD0532-SegmentedRaftLogWorker close()
2019-09-29 11:44:55,927 [b35b170e-3ddc-451d-8d4a-e80dab005082@group-F44C28CD0532-SegmentedRaftLogWorker] INFO  segmented.SegmentedRaftLogWorker (SegmentedRaftLogWorker.java:run(313)) - b35b170e-3ddc-451d-8d4a-e80dab005082@group-F44C28CD0532-SegmentedRaftLogWorker was interrupted, exiting. There are 0 tasks remaining in the queue.
2019-09-29 11:44:55,929 [main] INFO  impl.RaftServerImpl (RaftServerImpl.java:lambda$shutdown$3(251)) - 071dc3e7-dc11-4fb4-9b42-17449d4a7d3f@group-40D403B745DE: shutdown
2019-09-29 11:44:55,929 [ForkJoinPool.commonPool-worker-1] INFO  segmented.SegmentedRaftLogWorker (SegmentedRaftLogWorker.java:close(228)) - b35b170e-3ddc-451d-8d4a-e80dab005082@group-F44C28CD0532-SegmentedRaftLogWorker close()
2019-09-29 11:44:55,929 [main] INFO  util.JmxRegister (JmxRegister.java:unregister(73)) - Successfully un-registered JMX Bean with object name Ratis:service=RaftServer,group=group-40D403B745DE,id=071dc3e7-dc11-4fb4-9b42-17449d4a7d3f
2019-09-29 11:44:55,931 [ForkJoinPool.commonPool-worker-1] INFO  impl.RaftServerImpl (RaftServerImpl.java:lambda$shutdown$3(251)) - b35b170e-3ddc-451d-8d4a-e80dab005082@group-40D403B745DE: shutdown
2019-09-29 11:44:55,932 [main] INFO  impl.RoleInfo (RoleInfo.java:shutdownFollowerState(121)) - 071dc3e7-dc11-4fb4-9b42-17449d4a7d3f: shutdown FollowerState
2019-09-29 11:44:55,932 [ForkJoinPool.commonPool-worker-1] INFO  util.JmxRegister (JmxRegister.java:unregister(73)) - Successfully un-registered JMX Bean with object name Ratis:service=RaftServer,group=group-40D403B745DE,id=b35b170e-3ddc-451d-8d4a-e80dab005082
2019-09-29 11:44:55,933 [Thread-1034] INFO  impl.FollowerState (FollowerState.java:run(115)) - 071dc3e7-dc11-4fb4-9b42-17449d4a7d3f: FollowerState was interrupted: java.lang.InterruptedException: sleep interrupted
2019-09-29 11:44:55,932 [main] INFO  impl.StateMachineUpdater (StateMachineUpdater.java:stopAndJoin(125)) - 071dc3e7-dc11-4fb4-9b42-17449d4a7d3f@group-40D403B745DE-StateMachineUpdater: set stopIndex = -1
2019-09-29 11:44:55,933 [main] INFO  impl.RaftServerImpl (ServerState.java:close(385)) - 071dc3e7-dc11-4fb4-9b42-17449d4a7d3f@group-40D403B745DE: closes. applyIndex: -1
2019-09-29 11:44:55,933 [ForkJoinPool.commonPool-worker-1] INFO  impl.RoleInfo (RoleInfo.java:shutdownFollowerState(121)) - b35b170e-3ddc-451d-8d4a-e80dab005082: shutdown FollowerState
2019-09-29 11:44:55,934 [071dc3e7-dc11-4fb4-9b42-17449d4a7d3f@group-40D403B745DE-SegmentedRaftLogWorker] INFO  segmented.SegmentedRaftLogWorker (SegmentedRaftLogWorker.java:run(313)) - 071dc3e7-dc11-4fb4-9b42-17449d4a7d3f@group-40D403B745DE-SegmentedRaftLogWorker was interrupted, exiting. There are 0 tasks remaining in the queue.
2019-09-29 11:44:55,934 [ForkJoinPool.commonPool-worker-1] INFO  impl.StateMachineUpdater (StateMachineUpdater.java:stopAndJoin(125)) - b35b170e-3ddc-451d-8d4a-e80dab005082@group-40D403B745DE-StateMachineUpdater: set stopIndex = -1
2019-09-29 11:44:55,934 [main] INFO  segmented.SegmentedRaftLogWorker (SegmentedRaftLogWorker.java:close(228)) - 071dc3e7-dc11-4fb4-9b42-17449d4a7d3f@group-40D403B745DE-SegmentedRaftLogWorker close()
2019-09-29 11:44:55,934 [Thread-1017] INFO  impl.FollowerState (FollowerState.java:run(115)) - b35b170e-3ddc-451d-8d4a-e80dab005082: FollowerState was interrupted: java.lang.InterruptedException: sleep interrupted
2019-09-29 11:44:55,937 [main] INFO  impl.RaftServerImpl (RaftServerImpl.java:lambda$shutdown$3(251)) - 071dc3e7-dc11-4fb4-9b42-17449d4a7d3f@group-3EC2EC913A29: shutdown
2019-09-29 11:44:55,935 [ForkJoinPool.commonPool-worker-1] INFO  impl.RaftServerImpl (ServerState.java:close(385)) - b35b170e-3ddc-451d-8d4a-e80dab005082@group-40D403B745DE: closes. applyIndex: -1
2019-09-29 11:44:55,937 [main] INFO  util.JmxRegister (JmxRegister.java:unregister(73)) - Successfully un-registered JMX Bean with object name Ratis:service=RaftServer,group=group-3EC2EC913A29,id=071dc3e7-dc11-4fb4-9b42-17449d4a7d3f
2019-09-29 11:44:55,938 [b35b170e-3ddc-451d-8d4a-e80dab005082@group-40D403B745DE-SegmentedRaftLogWorker] INFO  segmented.SegmentedRaftLogWorker (SegmentedRaftLogWorker.java:run(313)) - b35b170e-3ddc-451d-8d4a-e80dab005082@group-40D403B745DE-SegmentedRaftLogWorker was interrupted, exiting. There are 0 tasks remaining in the queue.
2019-09-29 11:44:55,938 [main] INFO  impl.RoleInfo (RoleInfo.java:shutdownLeaderState(104)) - 071dc3e7-dc11-4fb4-9b42-17449d4a7d3f: shutdown LeaderState
2019-09-29 11:44:55,938 [ForkJoinPool.commonPool-worker-1] INFO  segmented.SegmentedRaftLogWorker (SegmentedRaftLogWorker.java:close(228)) - b35b170e-3ddc-451d-8d4a-e80dab005082@group-40D403B745DE-SegmentedRaftLogWorker close()
2019-09-29 11:44:55,939 [main] INFO  impl.PendingRequests (PendingRequests.java:sendNotLeaderResponses(202)) - 071dc3e7-dc11-4fb4-9b42-17449d4a7d3f-PendingRequests: sendNotLeaderResponses
2019-09-29 11:44:55,941 [ForkJoinPool.commonPool-worker-1] INFO  impl.RaftServerImpl (RaftServerImpl.java:lambda$shutdown$3(251)) - b35b170e-3ddc-451d-8d4a-e80dab005082@group-5273015377BC: shutdown
2019-09-29 11:44:55,941 [main] INFO  impl.StateMachineUpdater (StateMachineUpdater.java:stopAndJoin(125)) - 071dc3e7-dc11-4fb4-9b42-17449d4a7d3f@group-3EC2EC913A29-StateMachineUpdater: set stopIndex = 0
2019-09-29 11:44:55,941 [ForkJoinPool.commonPool-worker-1] INFO  util.JmxRegister (JmxRegister.java:unregister(73)) - Successfully un-registered JMX Bean with object name Ratis:service=RaftServer,group=group-5273015377BC,id=b35b170e-3ddc-451d-8d4a-e80dab005082
2019-09-29 11:44:55,942 [main] INFO  impl.RaftServerImpl (ServerState.java:close(385)) - 071dc3e7-dc11-4fb4-9b42-17449d4a7d3f@group-3EC2EC913A29: closes. applyIndex: 0
2019-09-29 11:44:55,942 [ForkJoinPool.commonPool-worker-1] INFO  impl.RoleInfo (RoleInfo.java:shutdownLeaderState(104)) - b35b170e-3ddc-451d-8d4a-e80dab005082: shutdown LeaderState
2019-09-29 11:44:55,942 [071dc3e7-dc11-4fb4-9b42-17449d4a7d3f@group-3EC2EC913A29-SegmentedRaftLogWorker] INFO  segmented.SegmentedRaftLogWorker (SegmentedRaftLogWorker.java:run(313)) - 071dc3e7-dc11-4fb4-9b42-17449d4a7d3f@group-3EC2EC913A29-SegmentedRaftLogWorker was interrupted, exiting. There are 0 tasks remaining in the queue.
2019-09-29 11:44:55,945 [ForkJoinPool.commonPool-worker-1] INFO  impl.PendingRequests (PendingRequests.java:sendNotLeaderResponses(202)) - b35b170e-3ddc-451d-8d4a-e80dab005082-PendingRequests: sendNotLeaderResponses
2019-09-29 11:44:55,946 [main] INFO  segmented.SegmentedRaftLogWorker (SegmentedRaftLogWorker.java:close(228)) - 071dc3e7-dc11-4fb4-9b42-17449d4a7d3f@group-3EC2EC913A29-SegmentedRaftLogWorker close()
2019-09-29 11:44:55,946 [org.apache.ratis.server.impl.LogAppender$AppenderDaemon$$Lambda$398/167337190@1c8e6731] WARN  server.GrpcLogAppender (GrpcLogAppender.java:mayWait(143)) - b35b170e-3ddc-451d-8d4a-e80dab005082@group-5273015377BC->071dc3e7-dc11-4fb4-9b42-17449d4a7d3f-GrpcLogAppender: Wait interrupted by java.lang.InterruptedException
2019-09-29 11:44:55,946 [org.apache.ratis.server.impl.LogAppender$AppenderDaemon$$Lambda$398/167337190@6bc5f18d] WARN  server.GrpcLogAppender (GrpcLogAppender.java:mayWait(143)) - b35b170e-3ddc-451d-8d4a-e80dab005082@group-5273015377BC->b1061e8e-5ad2-4165-ab2a-dfa7f8563df9-GrpcLogAppender: Wait interrupted by java.lang.InterruptedException
2019-09-29 11:44:55,948 [main] INFO  impl.RaftServerImpl (RaftServerImpl.java:lambda$shutdown$3(251)) - 071dc3e7-dc11-4fb4-9b42-17449d4a7d3f@group-5273015377BC: shutdown
2019-09-29 11:44:55,946 [ForkJoinPool.commonPool-worker-1] INFO  impl.StateMachineUpdater (StateMachineUpdater.java:stopAndJoin(125)) - b35b170e-3ddc-451d-8d4a-e80dab005082@group-5273015377BC-StateMachineUpdater: set stopIndex = 0
2019-09-29 11:44:55,948 [main] INFO  util.JmxRegister (JmxRegister.java:unregister(73)) - Successfully un-registered JMX Bean with object name Ratis:service=RaftServer,group=group-5273015377BC,id=071dc3e7-dc11-4fb4-9b42-17449d4a7d3f
2019-09-29 11:44:55,949 [grpc-default-executor-1] INFO  server.GrpcServerProtocolService (GrpcServerProtocolService.java:onCompleted(113)) - b1061e8e-5ad2-4165-ab2a-dfa7f8563df9: Completed APPEND_ENTRIES, lastRequest: b35b170e-3ddc-451d-8d4a-e80dab005082->b1061e8e-5ad2-4165-ab2a-dfa7f8563df9#1-t1, previous=(t:0, i:0), leaderCommit=-1, initializing? false, entries: size=1, first=(t:1, i:0), CONFIGURATIONENTRY
2019-09-29 11:44:55,949 [ForkJoinPool.commonPool-worker-1] INFO  impl.RaftServerImpl (ServerState.java:close(385)) - b35b170e-3ddc-451d-8d4a-e80dab005082@group-5273015377BC: closes. applyIndex: 0
2019-09-29 11:44:55,949 [grpc-default-executor-0] INFO  server.GrpcServerProtocolService (GrpcServerProtocolService.java:onCompleted(113)) - 071dc3e7-dc11-4fb4-9b42-17449d4a7d3f: Completed APPEND_ENTRIES, lastRequest: b35b170e-3ddc-451d-8d4a-e80dab005082->071dc3e7-dc11-4fb4-9b42-17449d4a7d3f#1-t1, previous=(t:0, i:0), leaderCommit=-1, initializing? false, entries: size=1, first=(t:1, i:0), CONFIGURATIONENTRY
2019-09-29 11:44:55,950 [b35b170e-3ddc-451d-8d4a-e80dab005082@group-5273015377BC-SegmentedRaftLogWorker] INFO  segmented.SegmentedRaftLogWorker (SegmentedRaftLogWorker.java:run(313)) - b35b170e-3ddc-451d-8d4a-e80dab005082@group-5273015377BC-SegmentedRaftLogWorker was interrupted, exiting. There are 0 tasks remaining in the queue.
2019-09-29 11:44:55,949 [main] INFO  impl.RoleInfo (RoleInfo.java:shutdownFollowerState(121)) - 071dc3e7-dc11-4fb4-9b42-17449d4a7d3f: shutdown FollowerState
2019-09-29 11:44:55,950 [grpc-default-executor-0] INFO  server.GrpcLogAppender (GrpcLogAppender.java:onCompleted(293)) - b35b170e-3ddc-451d-8d4a-e80dab005082@group-5273015377BC->071dc3e7-dc11-4fb4-9b42-17449d4a7d3f-AppendLogResponseHandler: follower responses appendEntries COMPLETED
2019-09-29 11:44:55,950 [ForkJoinPool.commonPool-worker-1] INFO  segmented.SegmentedRaftLogWorker (SegmentedRaftLogWorker.java:close(228)) - b35b170e-3ddc-451d-8d4a-e80dab005082@group-5273015377BC-SegmentedRaftLogWorker close()
2019-09-29 11:44:55,950 [grpc-default-executor-1] INFO  server.GrpcLogAppender (GrpcLogAppender.java:onCompleted(293)) - b35b170e-3ddc-451d-8d4a-e80dab005082@group-5273015377BC->b1061e8e-5ad2-4165-ab2a-dfa7f8563df9-AppendLogResponseHandler: follower responses appendEntries COMPLETED
2019-09-29 11:44:55,954 [ForkJoinPool.commonPool-worker-1] INFO  impl.RaftServerImpl (RaftServerImpl.java:lambda$shutdown$3(251)) - b35b170e-3ddc-451d-8d4a-e80dab005082@group-0F2B69377D02: shutdown
2019-09-29 11:44:55,956 [ForkJoinPool.commonPool-worker-1] INFO  util.JmxRegister (JmxRegister.java:unregister(73)) - Successfully un-registered JMX Bean with object name Ratis:service=RaftServer,group=group-0F2B69377D02,id=b35b170e-3ddc-451d-8d4a-e80dab005082
2019-09-29 11:44:55,952 [grpc-default-executor-0] INFO  impl.FollowerInfo (FollowerInfo.java:lambda$new$0(51)) - b35b170e-3ddc-451d-8d4a-e80dab005082@group-5273015377BC->071dc3e7-dc11-4fb4-9b42-17449d4a7d3f: nextIndex: updateUnconditionally 1 -> 0
2019-09-29 11:44:55,951 [Thread-1011] INFO  impl.FollowerState (FollowerState.java:run(115)) - 071dc3e7-dc11-4fb4-9b42-17449d4a7d3f: FollowerState was interrupted: java.lang.InterruptedException: sleep interrupted
2019-09-29 11:44:55,950 [main] INFO  impl.StateMachineUpdater (StateMachineUpdater.java:stopAndJoin(125)) - 071dc3e7-dc11-4fb4-9b42-17449d4a7d3f@group-5273015377BC-StateMachineUpdater: set stopIndex = -1
2019-09-29 11:44:55,957 [ForkJoinPool.commonPool-worker-1] INFO  impl.RoleInfo (RoleInfo.java:shutdownLeaderState(104)) - b35b170e-3ddc-451d-8d4a-e80dab005082: shutdown LeaderState
2019-09-29 11:44:55,955 [grpc-default-executor-1] INFO  impl.FollowerInfo (FollowerInfo.java:lambda$new$0(51)) - b35b170e-3ddc-451d-8d4a-e80dab005082@group-5273015377BC->b1061e8e-5ad2-4165-ab2a-dfa7f8563df9: nextIndex: updateUnconditionally 1 -> 0
2019-09-29 11:44:55,958 [ForkJoinPool.commonPool-worker-1] INFO  impl.PendingRequests (PendingRequests.java:sendNotLeaderResponses(202)) - b35b170e-3ddc-451d-8d4a-e80dab005082-PendingRequests: sendNotLeaderResponses
2019-09-29 11:44:55,958 [main] INFO  impl.RaftServerImpl (ServerState.java:close(385)) - 071dc3e7-dc11-4fb4-9b42-17449d4a7d3f@group-5273015377BC: closes. applyIndex: -1
2019-09-29 11:44:55,959 [ForkJoinPool.commonPool-worker-1] INFO  impl.StateMachineUpdater (StateMachineUpdater.java:stopAndJoin(125)) - b35b170e-3ddc-451d-8d4a-e80dab005082@group-0F2B69377D02-StateMachineUpdater: set stopIndex = 0
2019-09-29 11:44:55,959 [ForkJoinPool.commonPool-worker-1] INFO  impl.RaftServerImpl (ServerState.java:close(385)) - b35b170e-3ddc-451d-8d4a-e80dab005082@group-0F2B69377D02: closes. applyIndex: 0
2019-09-29 11:44:55,959 [071dc3e7-dc11-4fb4-9b42-17449d4a7d3f@group-5273015377BC-SegmentedRaftLogWorker] INFO  segmented.SegmentedRaftLogWorker (SegmentedRaftLogWorker.java:run(313)) - 071dc3e7-dc11-4fb4-9b42-17449d4a7d3f@group-5273015377BC-SegmentedRaftLogWorker was interrupted, exiting. There are 0 tasks remaining in the queue.
2019-09-29 11:44:55,960 [b35b170e-3ddc-451d-8d4a-e80dab005082@group-0F2B69377D02-SegmentedRaftLogWorker] INFO  segmented.SegmentedRaftLogWorker (SegmentedRaftLogWorker.java:run(313)) - b35b170e-3ddc-451d-8d4a-e80dab005082@group-0F2B69377D02-SegmentedRaftLogWorker was interrupted, exiting. There are 0 tasks remaining in the queue.
2019-09-29 11:44:55,960 [main] INFO  segmented.SegmentedRaftLogWorker (SegmentedRaftLogWorker.java:close(228)) - 071dc3e7-dc11-4fb4-9b42-17449d4a7d3f@group-5273015377BC-SegmentedRaftLogWorker close()
2019-09-29 11:44:55,960 [ForkJoinPool.commonPool-worker-1] INFO  segmented.SegmentedRaftLogWorker (SegmentedRaftLogWorker.java:close(228)) - b35b170e-3ddc-451d-8d4a-e80dab005082@group-0F2B69377D02-SegmentedRaftLogWorker close()
2019-09-29 11:44:55,962 [main] INFO  server.GrpcService (GrpcService.java:closeImpl(164)) - 071dc3e7-dc11-4fb4-9b42-17449d4a7d3f: shutdown server with port 37562 now
2019-09-29 11:44:55,963 [ForkJoinPool.commonPool-worker-1] INFO  server.GrpcService (GrpcService.java:closeImpl(164)) - b35b170e-3ddc-451d-8d4a-e80dab005082: shutdown server with port 42590 now
2019-09-29 11:44:55,966 [grpc-default-executor-0] WARN  server.GrpcServerProtocolService (LogUtils.java:warn(134)) - 071dc3e7-dc11-4fb4-9b42-17449d4a7d3f: installSnapshot onError, lastRequest: b1061e8e-5ad2-4165-ab2a-dfa7f8563df9->071dc3e7-dc11-4fb4-9b42-17449d4a7d3f#1-t1, previous=(t:0, i:0), leaderCommit=-1, initializing? false, entries: size=1, first=(t:1, i:0), CONFIGURATIONENTRY: org.apache.ratis.thirdparty.io.grpc.StatusRuntimeException: CANCELLED: cancelled before receiving half close
2019-09-29 11:44:55,967 [main] INFO  server.GrpcService (GrpcService.java:closeImpl(172)) - 071dc3e7-dc11-4fb4-9b42-17449d4a7d3f: shutdown server with port 37562 successfully
2019-09-29 11:44:55,966 [grpc-default-executor-3] WARN  server.GrpcServerProtocolService (LogUtils.java:warn(134)) - 071dc3e7-dc11-4fb4-9b42-17449d4a7d3f: installSnapshot onError, lastRequest: b1061e8e-5ad2-4165-ab2a-dfa7f8563df9->071dc3e7-dc11-4fb4-9b42-17449d4a7d3f#1-t1, previous=(t:0, i:0), leaderCommit=-1, initializing? false, entries: size=1, first=(t:1, i:0), CONFIGURATIONENTRY: org.apache.ratis.thirdparty.io.grpc.StatusRuntimeException: CANCELLED: cancelled before receiving half close
2019-09-29 11:44:55,967 [grpc-default-executor-2] WARN  server.GrpcLogAppender (LogUtils.java:warn(134)) - b1061e8e-5ad2-4165-ab2a-dfa7f8563df9@group-40D403B745DE->071dc3e7-dc11-4fb4-9b42-17449d4a7d3f-AppendLogResponseHandler: Failed appendEntries: org.apache.ratis.thirdparty.io.grpc.StatusRuntimeException: CANCELLED: HTTP/2 error code: CANCEL
Received Rst Stream
2019-09-29 11:44:55,967 [grpc-default-executor-4] WARN  server.GrpcServerProtocolService (LogUtils.java:warn(134)) - b35b170e-3ddc-451d-8d4a-e80dab005082: installSnapshot onError, lastRequest: b1061e8e-5ad2-4165-ab2a-dfa7f8563df9->b35b170e-3ddc-451d-8d4a-e80dab005082#1-t1, previous=(t:0, i:0), leaderCommit=-1, initializing? false, entries: size=1, first=(t:1, i:0), CONFIGURATIONENTRY: org.apache.ratis.thirdparty.io.grpc.StatusRuntimeException: CANCELLED: cancelled before receiving half close
2019-09-29 11:44:55,967 [grpc-default-executor-5] WARN  server.GrpcLogAppender (LogUtils.java:warn(134)) - b1061e8e-5ad2-4165-ab2a-dfa7f8563df9@group-F44C28CD0532->071dc3e7-dc11-4fb4-9b42-17449d4a7d3f-AppendLogResponseHandler: Failed appendEntries: org.apache.ratis.thirdparty.io.grpc.StatusRuntimeException: CANCELLED: HTTP/2 error code: CANCEL
Received Rst Stream
2019-09-29 11:44:55,967 [grpc-default-executor-1] WARN  server.GrpcServerProtocolService (LogUtils.java:warn(134)) - b35b170e-3ddc-451d-8d4a-e80dab005082: installSnapshot onError, lastRequest: b1061e8e-5ad2-4165-ab2a-dfa7f8563df9->b35b170e-3ddc-451d-8d4a-e80dab005082#1-t1, previous=(t:0, i:0), leaderCommit=-1, initializing? false, entries: size=1, first=(t:1, i:0), CONFIGURATIONENTRY: org.apache.ratis.thirdparty.io.grpc.StatusRuntimeException: CANCELLED: cancelled before receiving half close
2019-09-29 11:44:55,969 [ForkJoinPool.commonPool-worker-1] INFO  server.GrpcService (GrpcService.java:closeImpl(172)) - b35b170e-3ddc-451d-8d4a-e80dab005082: shutdown server with port 42590 successfully
2019-09-29 11:44:55,969 [grpc-default-executor-5] INFO  impl.FollowerInfo (FollowerInfo.java:lambda$new$0(51)) - b1061e8e-5ad2-4165-ab2a-dfa7f8563df9@group-F44C28CD0532->071dc3e7-dc11-4fb4-9b42-17449d4a7d3f: nextIndex: updateUnconditionally 1 -> 0
2019-09-29 11:44:55,969 [grpc-default-executor-6] WARN  server.GrpcLogAppender (LogUtils.java:warn(134)) - b1061e8e-5ad2-4165-ab2a-dfa7f8563df9@group-F44C28CD0532->b35b170e-3ddc-451d-8d4a-e80dab005082-AppendLogResponseHandler: Failed appendEntries: org.apache.ratis.thirdparty.io.grpc.StatusRuntimeException: CANCELLED: HTTP/2 error code: CANCEL
Received Rst Stream
2019-09-29 11:44:55,969 [grpc-default-executor-2] INFO  impl.FollowerInfo (FollowerInfo.java:lambda$new$0(51)) - b1061e8e-5ad2-4165-ab2a-dfa7f8563df9@group-40D403B745DE->071dc3e7-dc11-4fb4-9b42-17449d4a7d3f: nextIndex: updateUnconditionally 1 -> 0
2019-09-29 11:44:55,972 [grpc-default-executor-6] INFO  impl.FollowerInfo (FollowerInfo.java:lambda$new$0(51)) - b1061e8e-5ad2-4165-ab2a-dfa7f8563df9@group-F44C28CD0532->b35b170e-3ddc-451d-8d4a-e80dab005082: nextIndex: updateUnconditionally 1 -> 0
2019-09-29 11:44:55,970 [refreshUsed-/workdir/hadoop-ozone/integration-test/target/test-dir/MiniOzoneClusterImpl-8b1f3dd2-5105-4ae3-bb3e-4bd60bc91d6f/datanode-1/data/containers] WARN  fs.CachingGetSpaceUsed (CachingGetSpaceUsed.java:run(183)) - Thread Interrupted waiting to refresh disk information: sleep interrupted
2019-09-29 11:44:55,970 [grpc-default-executor-7] WARN  server.GrpcLogAppender (LogUtils.java:warn(134)) - b1061e8e-5ad2-4165-ab2a-dfa7f8563df9@group-40D403B745DE->b35b170e-3ddc-451d-8d4a-e80dab005082-AppendLogResponseHandler: Failed appendEntries: org.apache.ratis.thirdparty.io.grpc.StatusRuntimeException: CANCELLED: HTTP/2 error code: CANCEL
Received Rst Stream
2019-09-29 11:44:55,973 [grpc-default-executor-7] INFO  impl.FollowerInfo (FollowerInfo.java:lambda$new$0(51)) - b1061e8e-5ad2-4165-ab2a-dfa7f8563df9@group-40D403B745DE->b35b170e-3ddc-451d-8d4a-e80dab005082: nextIndex: updateUnconditionally 1 -> 0
2019-09-29 11:44:55,973 [refreshUsed-/workdir/hadoop-ozone/integration-test/target/test-dir/MiniOzoneClusterImpl-8b1f3dd2-5105-4ae3-bb3e-4bd60bc91d6f/datanode-0/data/containers] WARN  fs.CachingGetSpaceUsed (CachingGetSpaceUsed.java:run(183)) - Thread Interrupted waiting to refresh disk information: sleep interrupted
2019-09-29 11:44:55,988 [main] INFO  utils.BackgroundService (BackgroundService.java:shutdown(148)) - Shutting down service BlockDeletingService
2019-09-29 11:44:55,992 [main] INFO  statemachine.DatanodeStateMachine (DatanodeStateMachine.java:stopDaemon(395)) - Ozone container server stopped.
2019-09-29 11:44:55,992 [main] INFO  handler.ContextHandler (ContextHandler.java:doStop(910)) - Stopped o.e.j.w.WebAppContext@2525a5b8{/,null,UNAVAILABLE}{/hddsDatanode}
2019-09-29 11:44:55,993 [main] INFO  server.AbstractConnector (AbstractConnector.java:doStop(318)) - Stopped ServerConnector@3458eca5{HTTP/1.1,[http/1.1]}{0.0.0.0:0}
2019-09-29 11:44:55,993 [ForkJoinPool.commonPool-worker-1] INFO  utils.BackgroundService (BackgroundService.java:shutdown(148)) - Shutting down service BlockDeletingService
2019-09-29 11:44:55,993 [main] INFO  handler.ContextHandler (ContextHandler.java:doStop(910)) - Stopped o.e.j.s.ServletContextHandler@4aa11206{/static,jar:file:/home/user/.m2/repository/org/apache/hadoop/hadoop-hdds-container-service/0.5.0-SNAPSHOT/hadoop-hdds-container-service-0.5.0-SNAPSHOT.jar!/webapps/static,UNAVAILABLE}
2019-09-29 11:44:55,996 [main] INFO  handler.ContextHandler (ContextHandler.java:doStop(910)) - Stopped o.e.j.s.ServletContextHandler@1084f78c{/logs,file:///workdir/hadoop-ozone/integration-test/target/log,UNAVAILABLE}
2019-09-29 11:44:55,996 [ForkJoinPool.commonPool-worker-1] INFO  statemachine.DatanodeStateMachine (DatanodeStateMachine.java:stopDaemon(395)) - Ozone container server stopped.
2019-09-29 11:44:56,000 [ForkJoinPool.commonPool-worker-1] INFO  handler.ContextHandler (ContextHandler.java:doStop(910)) - Stopped o.e.j.w.WebAppContext@7377781e{/,null,UNAVAILABLE}{/hddsDatanode}
2019-09-29 11:44:56,001 [ForkJoinPool.commonPool-worker-1] INFO  server.AbstractConnector (AbstractConnector.java:doStop(318)) - Stopped ServerConnector@31db34da{HTTP/1.1,[http/1.1]}{0.0.0.0:0}
2019-09-29 11:44:56,002 [ForkJoinPool.commonPool-worker-1] INFO  handler.ContextHandler (ContextHandler.java:doStop(910)) - Stopped o.e.j.s.ServletContextHandler@e38f0b7{/static,jar:file:/home/user/.m2/repository/org/apache/hadoop/hadoop-hdds-container-service/0.5.0-SNAPSHOT/hadoop-hdds-container-service-0.5.0-SNAPSHOT.jar!/webapps/static,UNAVAILABLE}
2019-09-29 11:44:56,003 [ForkJoinPool.commonPool-worker-1] INFO  handler.ContextHandler (ContextHandler.java:doStop(910)) - Stopped o.e.j.s.ServletContextHandler@7fc420b8{/logs,file:///workdir/hadoop-ozone/integration-test/target/log,UNAVAILABLE}
2019-09-29 11:44:56,877 [Datanode State Machine Thread - 0] INFO  statemachine.DatanodeStateMachine (DatanodeStateMachine.java:lambda$startDaemon$0(350)) - Ozone container server started.
2019-09-29 11:44:57,835 [grpc-default-executor-3] WARN  server.GrpcLogAppender (LogUtils.java:warn(134)) - b1061e8e-5ad2-4165-ab2a-dfa7f8563df9@group-F44C28CD0532->071dc3e7-dc11-4fb4-9b42-17449d4a7d3f-AppendLogResponseHandler: Failed appendEntries: org.apache.ratis.thirdparty.io.grpc.StatusRuntimeException: UNAVAILABLE: io exception
2019-09-29 11:44:57,838 [grpc-default-executor-3] INFO  impl.FollowerInfo (FollowerInfo.java:lambda$new$0(51)) - b1061e8e-5ad2-4165-ab2a-dfa7f8563df9@group-F44C28CD0532->071dc3e7-dc11-4fb4-9b42-17449d4a7d3f: nextIndex: updateUnconditionally 0 -> 0
2019-09-29 11:44:57,838 [grpc-default-executor-6] WARN  server.GrpcLogAppender (LogUtils.java:warn(134)) - b1061e8e-5ad2-4165-ab2a-dfa7f8563df9@group-F44C28CD0532->b35b170e-3ddc-451d-8d4a-e80dab005082-AppendLogResponseHandler: Failed appendEntries: org.apache.ratis.thirdparty.io.grpc.StatusRuntimeException: UNAVAILABLE: io exception
2019-09-29 11:44:57,839 [grpc-default-executor-6] INFO  impl.FollowerInfo (FollowerInfo.java:lambda$new$0(51)) - b1061e8e-5ad2-4165-ab2a-dfa7f8563df9@group-F44C28CD0532->b35b170e-3ddc-451d-8d4a-e80dab005082: nextIndex: updateUnconditionally 0 -> 0
2019-09-29 11:44:58,035 [grpc-default-executor-3] WARN  server.GrpcLogAppender (LogUtils.java:warn(134)) - b1061e8e-5ad2-4165-ab2a-dfa7f8563df9@group-40D403B745DE->b35b170e-3ddc-451d-8d4a-e80dab005082-AppendLogResponseHandler: Failed appendEntries: org.apache.ratis.thirdparty.io.grpc.StatusRuntimeException: UNAVAILABLE: io exception
2019-09-29 11:44:58,037 [grpc-default-executor-3] INFO  impl.FollowerInfo (FollowerInfo.java:lambda$new$0(51)) - b1061e8e-5ad2-4165-ab2a-dfa7f8563df9@group-40D403B745DE->b35b170e-3ddc-451d-8d4a-e80dab005082: nextIndex: updateUnconditionally 0 -> 0
2019-09-29 11:44:58,075 [grpc-default-executor-4] WARN  server.GrpcLogAppender (LogUtils.java:warn(134)) - b1061e8e-5ad2-4165-ab2a-dfa7f8563df9@group-40D403B745DE->071dc3e7-dc11-4fb4-9b42-17449d4a7d3f-AppendLogResponseHandler: Failed appendEntries: org.apache.ratis.thirdparty.io.grpc.StatusRuntimeException: UNAVAILABLE: io exception
2019-09-29 11:44:58,076 [grpc-default-executor-4] INFO  impl.FollowerInfo (FollowerInfo.java:lambda$new$0(51)) - b1061e8e-5ad2-4165-ab2a-dfa7f8563df9@group-40D403B745DE->071dc3e7-dc11-4fb4-9b42-17449d4a7d3f: nextIndex: updateUnconditionally 0 -> 0
2019-09-29 11:45:00,337 [grpc-default-executor-6] WARN  server.GrpcLogAppender (LogUtils.java:warn(134)) - b1061e8e-5ad2-4165-ab2a-dfa7f8563df9@group-F44C28CD0532->071dc3e7-dc11-4fb4-9b42-17449d4a7d3f-AppendLogResponseHandler: Failed appendEntries: org.apache.ratis.thirdparty.io.grpc.StatusRuntimeException: UNAVAILABLE: io exception
2019-09-29 11:45:00,338 [grpc-default-executor-7] WARN  server.GrpcLogAppender (LogUtils.java:warn(134)) - b1061e8e-5ad2-4165-ab2a-dfa7f8563df9@group-F44C28CD0532->b35b170e-3ddc-451d-8d4a-e80dab005082-AppendLogResponseHandler: Failed appendEntries: org.apache.ratis.thirdparty.io.grpc.StatusRuntimeException: UNAVAILABLE: io exception
2019-09-29 11:45:00,338 [grpc-default-executor-6] INFO  impl.FollowerInfo (FollowerInfo.java:lambda$new$0(51)) - b1061e8e-5ad2-4165-ab2a-dfa7f8563df9@group-F44C28CD0532->071dc3e7-dc11-4fb4-9b42-17449d4a7d3f: nextIndex: updateUnconditionally 0 -> 0
2019-09-29 11:45:00,340 [grpc-default-executor-7] INFO  impl.FollowerInfo (FollowerInfo.java:lambda$new$0(51)) - b1061e8e-5ad2-4165-ab2a-dfa7f8563df9@group-F44C28CD0532->b35b170e-3ddc-451d-8d4a-e80dab005082: nextIndex: updateUnconditionally 0 -> 0
2019-09-29 11:45:00,537 [grpc-default-executor-3] WARN  server.GrpcLogAppender (LogUtils.java:warn(134)) - b1061e8e-5ad2-4165-ab2a-dfa7f8563df9@group-40D403B745DE->b35b170e-3ddc-451d-8d4a-e80dab005082-AppendLogResponseHandler: Failed appendEntries: org.apache.ratis.thirdparty.io.grpc.StatusRuntimeException: UNAVAILABLE: io exception
2019-09-29 11:45:00,539 [grpc-default-executor-3] INFO  impl.FollowerInfo (FollowerInfo.java:lambda$new$0(51)) - b1061e8e-5ad2-4165-ab2a-dfa7f8563df9@group-40D403B745DE->b35b170e-3ddc-451d-8d4a-e80dab005082: nextIndex: updateUnconditionally 0 -> 0
2019-09-29 11:45:00,576 [grpc-default-executor-7] WARN  server.GrpcLogAppender (LogUtils.java:warn(134)) - b1061e8e-5ad2-4165-ab2a-dfa7f8563df9@group-40D403B745DE->071dc3e7-dc11-4fb4-9b42-17449d4a7d3f-AppendLogResponseHandler: Failed appendEntries: org.apache.ratis.thirdparty.io.grpc.StatusRuntimeException: UNAVAILABLE: io exception
2019-09-29 11:45:00,578 [grpc-default-executor-7] INFO  impl.FollowerInfo (FollowerInfo.java:lambda$new$0(51)) - b1061e8e-5ad2-4165-ab2a-dfa7f8563df9@group-40D403B745DE->071dc3e7-dc11-4fb4-9b42-17449d4a7d3f: nextIndex: updateUnconditionally 0 -> 0
2019-09-29 11:45:00,999 [main] INFO  ozoneimpl.OzoneContainer (OzoneContainer.java:stop(231)) - Attempting to stop container services.
2019-09-29 11:45:00,999 [main] INFO  impl.RaftServerProxy (RaftServerProxy.java:lambda$close$4(314)) - b1061e8e-5ad2-4165-ab2a-dfa7f8563df9: close
2019-09-29 11:45:01,000 [main] INFO  impl.RaftServerImpl (RaftServerImpl.java:lambda$shutdown$3(251)) - b1061e8e-5ad2-4165-ab2a-dfa7f8563df9@group-F44C28CD0532: shutdown
2019-09-29 11:45:01,000 [ForkJoinPool.commonPool-worker-0] INFO  impl.RaftServerImpl (RaftServerImpl.java:lambda$shutdown$3(251)) - b1061e8e-5ad2-4165-ab2a-dfa7f8563df9@group-2AB17D8E1642: shutdown
2019-09-29 11:45:01,001 [main] INFO  util.JmxRegister (JmxRegister.java:unregister(73)) - Successfully un-registered JMX Bean with object name Ratis:service=RaftServer,group=group-F44C28CD0532,id=b1061e8e-5ad2-4165-ab2a-dfa7f8563df9
2019-09-29 11:45:01,001 [ForkJoinPool.commonPool-worker-0] INFO  util.JmxRegister (JmxRegister.java:unregister(73)) - Successfully un-registered JMX Bean with object name Ratis:service=RaftServer,group=group-2AB17D8E1642,id=b1061e8e-5ad2-4165-ab2a-dfa7f8563df9
2019-09-29 11:45:01,001 [main] INFO  impl.RoleInfo (RoleInfo.java:shutdownLeaderState(104)) - b1061e8e-5ad2-4165-ab2a-dfa7f8563df9: shutdown LeaderState
2019-09-29 11:45:01,001 [ForkJoinPool.commonPool-worker-0] INFO  impl.RoleInfo (RoleInfo.java:shutdownLeaderState(104)) - b1061e8e-5ad2-4165-ab2a-dfa7f8563df9: shutdown LeaderState
2019-09-29 11:45:01,005 [org.apache.ratis.server.impl.LogAppender$AppenderDaemon$$Lambda$398/167337190@8bf184e] WARN  server.GrpcLogAppender (GrpcLogAppender.java:mayWait(143)) - b1061e8e-5ad2-4165-ab2a-dfa7f8563df9@group-F44C28CD0532->071dc3e7-dc11-4fb4-9b42-17449d4a7d3f-GrpcLogAppender: Wait interrupted by java.lang.InterruptedException
2019-09-29 11:45:01,005 [ForkJoinPool.commonPool-worker-0] INFO  impl.PendingRequests (PendingRequests.java:sendNotLeaderResponses(202)) - b1061e8e-5ad2-4165-ab2a-dfa7f8563df9-PendingRequests: sendNotLeaderResponses
2019-09-29 11:45:01,005 [main] INFO  impl.PendingRequests (PendingRequests.java:sendNotLeaderResponses(202)) - b1061e8e-5ad2-4165-ab2a-dfa7f8563df9-PendingRequests: sendNotLeaderResponses
2019-09-29 11:45:01,005 [org.apache.ratis.server.impl.LogAppender$AppenderDaemon$$Lambda$398/167337190@60b5e738] WARN  server.GrpcLogAppender (GrpcLogAppender.java:mayWait(143)) - b1061e8e-5ad2-4165-ab2a-dfa7f8563df9@group-F44C28CD0532->b35b170e-3ddc-451d-8d4a-e80dab005082-GrpcLogAppender: Wait interrupted by java.lang.InterruptedException
2019-09-29 11:45:01,005 [main] INFO  impl.StateMachineUpdater (StateMachineUpdater.java:stopAndJoin(125)) - b1061e8e-5ad2-4165-ab2a-dfa7f8563df9@group-F44C28CD0532-StateMachineUpdater: set stopIndex = 0
2019-09-29 11:45:01,006 [main] INFO  impl.RaftServerImpl (ServerState.java:close(385)) - b1061e8e-5ad2-4165-ab2a-dfa7f8563df9@group-F44C28CD0532: closes. applyIndex: 0
2019-09-29 11:45:01,005 [ForkJoinPool.commonPool-worker-0] INFO  impl.StateMachineUpdater (StateMachineUpdater.java:stopAndJoin(125)) - b1061e8e-5ad2-4165-ab2a-dfa7f8563df9@group-2AB17D8E1642-StateMachineUpdater: set stopIndex = 0
2019-09-29 11:45:01,007 [b1061e8e-5ad2-4165-ab2a-dfa7f8563df9@group-F44C28CD0532-SegmentedRaftLogWorker] INFO  segmented.SegmentedRaftLogWorker (SegmentedRaftLogWorker.java:run(313)) - b1061e8e-5ad2-4165-ab2a-dfa7f8563df9@group-F44C28CD0532-SegmentedRaftLogWorker was interrupted, exiting. There are 0 tasks remaining in the queue.
2019-09-29 11:45:01,007 [ForkJoinPool.commonPool-worker-0] INFO  impl.RaftServerImpl (ServerState.java:close(385)) - b1061e8e-5ad2-4165-ab2a-dfa7f8563df9@group-2AB17D8E1642: closes. applyIndex: 0
2019-09-29 11:45:01,007 [main] INFO  segmented.SegmentedRaftLogWorker (SegmentedRaftLogWorker.java:close(228)) - b1061e8e-5ad2-4165-ab2a-dfa7f8563df9@group-F44C28CD0532-SegmentedRaftLogWorker close()
2019-09-29 11:45:01,007 [b1061e8e-5ad2-4165-ab2a-dfa7f8563df9@group-2AB17D8E1642-SegmentedRaftLogWorker] INFO  segmented.SegmentedRaftLogWorker (SegmentedRaftLogWorker.java:run(313)) - b1061e8e-5ad2-4165-ab2a-dfa7f8563df9@group-2AB17D8E1642-SegmentedRaftLogWorker was interrupted, exiting. There are 0 tasks remaining in the queue.
2019-09-29 11:45:01,009 [main] INFO  impl.RaftServerImpl (RaftServerImpl.java:lambda$shutdown$3(251)) - b1061e8e-5ad2-4165-ab2a-dfa7f8563df9@group-40D403B745DE: shutdown
2019-09-29 11:45:01,009 [ForkJoinPool.commonPool-worker-0] INFO  segmented.SegmentedRaftLogWorker (SegmentedRaftLogWorker.java:close(228)) - b1061e8e-5ad2-4165-ab2a-dfa7f8563df9@group-2AB17D8E1642-SegmentedRaftLogWorker close()
2019-09-29 11:45:01,009 [main] INFO  util.JmxRegister (JmxRegister.java:unregister(73)) - Successfully un-registered JMX Bean with object name Ratis:service=RaftServer,group=group-40D403B745DE,id=b1061e8e-5ad2-4165-ab2a-dfa7f8563df9
2019-09-29 11:45:01,011 [main] INFO  impl.RoleInfo (RoleInfo.java:shutdownLeaderState(104)) - b1061e8e-5ad2-4165-ab2a-dfa7f8563df9: shutdown LeaderState
2019-09-29 11:45:01,010 [ForkJoinPool.commonPool-worker-0] INFO  impl.RaftServerImpl (RaftServerImpl.java:lambda$shutdown$3(251)) - b1061e8e-5ad2-4165-ab2a-dfa7f8563df9@group-5273015377BC: shutdown
2019-09-29 11:45:01,013 [ForkJoinPool.commonPool-worker-0] INFO  util.JmxRegister (JmxRegister.java:unregister(73)) - Successfully un-registered JMX Bean with object name Ratis:service=RaftServer,group=group-5273015377BC,id=b1061e8e-5ad2-4165-ab2a-dfa7f8563df9
2019-09-29 11:45:01,013 [org.apache.ratis.server.impl.LogAppender$AppenderDaemon$$Lambda$398/167337190@32557429] WARN  server.GrpcLogAppender (GrpcLogAppender.java:mayWait(143)) - b1061e8e-5ad2-4165-ab2a-dfa7f8563df9@group-40D403B745DE->b35b170e-3ddc-451d-8d4a-e80dab005082-GrpcLogAppender: Wait interrupted by java.lang.InterruptedException
2019-09-29 11:45:01,013 [org.apache.ratis.server.impl.LogAppender$AppenderDaemon$$Lambda$398/167337190@33754e1d] WARN  server.GrpcLogAppender (GrpcLogAppender.java:mayWait(143)) - b1061e8e-5ad2-4165-ab2a-dfa7f8563df9@group-40D403B745DE->071dc3e7-dc11-4fb4-9b42-17449d4a7d3f-GrpcLogAppender: Wait interrupted by java.lang.InterruptedException
2019-09-29 11:45:01,013 [main] INFO  impl.PendingRequests (PendingRequests.java:sendNotLeaderResponses(202)) - b1061e8e-5ad2-4165-ab2a-dfa7f8563df9-PendingRequests: sendNotLeaderResponses
2019-09-29 11:45:01,013 [ForkJoinPool.commonPool-worker-0] INFO  impl.RoleInfo (RoleInfo.java:shutdownFollowerState(121)) - b1061e8e-5ad2-4165-ab2a-dfa7f8563df9: shutdown FollowerState
2019-09-29 11:45:01,014 [main] INFO  impl.StateMachineUpdater (StateMachineUpdater.java:stopAndJoin(125)) - b1061e8e-5ad2-4165-ab2a-dfa7f8563df9@group-40D403B745DE-StateMachineUpdater: set stopIndex = 0
2019-09-29 11:45:01,014 [Thread-1018] INFO  impl.FollowerState (FollowerState.java:run(115)) - b1061e8e-5ad2-4165-ab2a-dfa7f8563df9: FollowerState was interrupted: java.lang.InterruptedException: sleep interrupted
2019-09-29 11:45:01,014 [ForkJoinPool.commonPool-worker-0] INFO  impl.StateMachineUpdater (StateMachineUpdater.java:stopAndJoin(125)) - b1061e8e-5ad2-4165-ab2a-dfa7f8563df9@group-5273015377BC-StateMachineUpdater: set stopIndex = -1
2019-09-29 11:45:01,015 [main] INFO  impl.RaftServerImpl (ServerState.java:close(385)) - b1061e8e-5ad2-4165-ab2a-dfa7f8563df9@group-40D403B745DE: closes. applyIndex: 0
2019-09-29 11:45:01,015 [ForkJoinPool.commonPool-worker-0] INFO  impl.RaftServerImpl (ServerState.java:close(385)) - b1061e8e-5ad2-4165-ab2a-dfa7f8563df9@group-5273015377BC: closes. applyIndex: -1
2019-09-29 11:45:01,016 [b1061e8e-5ad2-4165-ab2a-dfa7f8563df9@group-40D403B745DE-SegmentedRaftLogWorker] INFO  segmented.SegmentedRaftLogWorker (SegmentedRaftLogWorker.java:run(313)) - b1061e8e-5ad2-4165-ab2a-dfa7f8563df9@group-40D403B745DE-SegmentedRaftLogWorker was interrupted, exiting. There are 0 tasks remaining in the queue.
2019-09-29 11:45:01,016 [b1061e8e-5ad2-4165-ab2a-dfa7f8563df9@group-5273015377BC-SegmentedRaftLogWorker] INFO  segmented.SegmentedRaftLogWorker (SegmentedRaftLogWorker.java:run(313)) - b1061e8e-5ad2-4165-ab2a-dfa7f8563df9@group-5273015377BC-SegmentedRaftLogWorker was interrupted, exiting. There are 0 tasks remaining in the queue.
2019-09-29 11:45:01,016 [main] INFO  segmented.SegmentedRaftLogWorker (SegmentedRaftLogWorker.java:close(228)) - b1061e8e-5ad2-4165-ab2a-dfa7f8563df9@group-40D403B745DE-SegmentedRaftLogWorker close()
2019-09-29 11:45:01,016 [ForkJoinPool.commonPool-worker-0] INFO  segmented.SegmentedRaftLogWorker (SegmentedRaftLogWorker.java:close(228)) - b1061e8e-5ad2-4165-ab2a-dfa7f8563df9@group-5273015377BC-SegmentedRaftLogWorker close()
2019-09-29 11:45:01,018 [main] INFO  server.GrpcService (GrpcService.java:closeImpl(164)) - b1061e8e-5ad2-4165-ab2a-dfa7f8563df9: shutdown server with port 35438 now
2019-09-29 11:45:01,019 [main] INFO  server.GrpcService (GrpcService.java:closeImpl(172)) - b1061e8e-5ad2-4165-ab2a-dfa7f8563df9: shutdown server with port 35438 successfully
2019-09-29 11:45:01,021 [refreshUsed-/workdir/hadoop-ozone/integration-test/target/test-dir/MiniOzoneClusterImpl-8b1f3dd2-5105-4ae3-bb3e-4bd60bc91d6f/datanode-2/data/containers] WARN  fs.CachingGetSpaceUsed (CachingGetSpaceUsed.java:run(183)) - Thread Interrupted waiting to refresh disk information: sleep interrupted
2019-09-29 11:45:01,038 [main] INFO  utils.BackgroundService (BackgroundService.java:shutdown(148)) - Shutting down service BlockDeletingService
2019-09-29 11:45:01,040 [main] INFO  statemachine.DatanodeStateMachine (DatanodeStateMachine.java:stopDaemon(395)) - Ozone container server stopped.
2019-09-29 11:45:01,041 [main] INFO  handler.ContextHandler (ContextHandler.java:doStop(910)) - Stopped o.e.j.w.WebAppContext@7eb200ce{/,null,UNAVAILABLE}{/hddsDatanode}
2019-09-29 11:45:01,042 [main] INFO  server.AbstractConnector (AbstractConnector.java:doStop(318)) - Stopped ServerConnector@2ee83775{HTTP/1.1,[http/1.1]}{0.0.0.0:0}
2019-09-29 11:45:01,043 [main] INFO  handler.ContextHandler (ContextHandler.java:doStop(910)) - Stopped o.e.j.s.ServletContextHandler@3a90c13c{/static,jar:file:/home/user/.m2/repository/org/apache/hadoop/hadoop-hdds-container-service/0.5.0-SNAPSHOT/hadoop-hdds-container-service-0.5.0-SNAPSHOT.jar!/webapps/static,UNAVAILABLE}
2019-09-29 11:45:01,043 [main] INFO  handler.ContextHandler (ContextHandler.java:doStop(910)) - Stopped o.e.j.s.ServletContextHandler@590f0c50{/logs,file:///workdir/hadoop-ozone/integration-test/target/log,UNAVAILABLE}
2019-09-29 11:45:01,044 [main] INFO  ozone.MiniOzoneClusterImpl (MiniOzoneClusterImpl.java:stopSCM(392)) - Stopping the StorageContainerManager
2019-09-29 11:45:01,044 [main] INFO  server.StorageContainerManager (StorageContainerManager.java:stop(808)) - Stopping Replication Manager Service.
2019-09-29 11:45:01,044 [main] INFO  container.ReplicationManager (ReplicationManager.java:stop(204)) - Stopping Replication Monitor Thread.
2019-09-29 11:45:01,044 [main] INFO  server.StorageContainerManager (StorageContainerManager.java:stop(815)) - Stopping Lease Manager of the command watchers
2019-09-29 11:45:01,045 [main] INFO  server.StorageContainerManager (StorageContainerManager.java:stop(822)) - Stopping datanode service RPC server
2019-09-29 11:45:01,045 [main] INFO  server.SCMDatanodeProtocolServer (SCMDatanodeProtocolServer.java:stop(367)) - Stopping the RPC server for DataNodes
2019-09-29 11:45:01,045 [main] INFO  ipc.Server (Server.java:stop(3082)) - Stopping server on 40172
2019-09-29 11:45:01,046 [IPC Server listener on 40172] INFO  ipc.Server (Server.java:run(1185)) - Stopping IPC Server listener on 40172
2019-09-29 11:45:01,046 [IPC Server Responder] INFO  ipc.Server (Server.java:run(1319)) - Stopping IPC Server Responder
2019-09-29 11:45:01,140 [SCM Heartbeat Processing Thread - 0] WARN  node.NodeStateManager (NodeStateManager.java:scheduleNextHealthCheck(655)) - Current Thread is interrupted, shutting down HB processing thread for Node Manager.
2019-09-29 11:45:01,140 [main] INFO  server.StorageContainerManager (StorageContainerManager.java:stop(830)) - Stopping block service RPC server
2019-09-29 11:45:01,141 [main] INFO  server.SCMBlockProtocolServer (SCMBlockProtocolServer.java:stop(155)) - Stopping the RPC server for Block Protocol
2019-09-29 11:45:01,141 [main] INFO  ipc.Server (Server.java:stop(3082)) - Stopping server on 40309
2019-09-29 11:45:01,143 [main] INFO  server.StorageContainerManager (StorageContainerManager.java:stop(837)) - Stopping the StorageContainerLocationProtocol RPC server
2019-09-29 11:45:01,143 [IPC Server listener on 40309] INFO  ipc.Server (Server.java:run(1185)) - Stopping IPC Server listener on 40309
2019-09-29 11:45:01,143 [IPC Server Responder] INFO  ipc.Server (Server.java:run(1319)) - Stopping IPC Server Responder
2019-09-29 11:45:01,143 [main] INFO  server.SCMClientProtocolServer (SCMClientProtocolServer.java:stop(159)) - Stopping the RPC server for Client Protocol
2019-09-29 11:45:01,144 [main] INFO  ipc.Server (Server.java:stop(3082)) - Stopping server on 42569
2019-09-29 11:45:01,146 [IPC Server listener on 42569] INFO  ipc.Server (Server.java:run(1185)) - Stopping IPC Server listener on 42569
2019-09-29 11:45:01,146 [main] INFO  server.StorageContainerManager (StorageContainerManager.java:stop(844)) - Stopping Storage Container Manager HTTP server.
2019-09-29 11:45:01,147 [IPC Server Responder] INFO  ipc.Server (Server.java:run(1319)) - Stopping IPC Server Responder
2019-09-29 11:45:01,148 [main] INFO  handler.ContextHandler (ContextHandler.java:doStop(910)) - Stopped o.e.j.w.WebAppContext@7beae796{/,null,UNAVAILABLE}{/scm}
2019-09-29 11:45:01,148 [main] INFO  server.AbstractConnector (AbstractConnector.java:doStop(318)) - Stopped ServerConnector@6749fe50{HTTP/1.1,[http/1.1]}{0.0.0.0:0}
2019-09-29 11:45:01,148 [main] INFO  handler.ContextHandler (ContextHandler.java:doStop(910)) - Stopped o.e.j.s.ServletContextHandler@7cca01a8{/static,file:///workdir/hadoop-ozone/integration-test/target/test-classes/webapps/static,UNAVAILABLE}
2019-09-29 11:45:01,149 [main] INFO  handler.ContextHandler (ContextHandler.java:doStop(910)) - Stopped o.e.j.s.ServletContextHandler@7ff19c33{/logs,file:///workdir/hadoop-ozone/integration-test/target/log,UNAVAILABLE}
2019-09-29 11:45:01,150 [main] INFO  server.StorageContainerManager (StorageContainerManager.java:stop(855)) - Stopping Block Manager Service.
2019-09-29 11:45:01,150 [main] INFO  utils.BackgroundService (BackgroundService.java:shutdown(148)) - Shutting down service SCMBlockDeletingService
2019-09-29 11:45:01,150 [main] INFO  utils.BackgroundService (BackgroundService.java:shutdown(148)) - Shutting down service SCMBlockDeletingService
2019-09-29 11:45:01,151 [main] INFO  server.StorageContainerManager (StorageContainerManager.java:stop(877)) - Stopping SCM Event Queue.
2019-09-29 11:45:01,154 [main] INFO  impl.MetricsSystemImpl (MetricsSystemImpl.java:stop(210)) - Stopping HddsDatanode metrics system...
2019-09-29 11:45:01,159 [main] INFO  impl.MetricsSystemImpl (MetricsSystemImpl.java:stop(216)) - HddsDatanode metrics system stopped.
]]></system-out>
    <system-err><![CDATA[Sep 29, 2019 11:44:55 AM org.apache.ratis.thirdparty.io.grpc.internal.SerializingExecutor run
SEVERE: Exception while executing runnable org.apache.ratis.thirdparty.io.grpc.internal.ServerImpl$JumpToApplicationThreadServerStreamListener$1Closed@51fb8e83
org.apache.ratis.thirdparty.io.grpc.StatusRuntimeException: CANCELLED: call already cancelled
	at org.apache.ratis.thirdparty.io.grpc.Status.asRuntimeException(Status.java:517)
	at org.apache.ratis.thirdparty.io.grpc.stub.ServerCalls$ServerCallStreamObserverImpl.onCompleted(ServerCalls.java:356)
	at org.apache.ratis.grpc.server.GrpcServerProtocolService$ServerRequestStreamObserver.onError(GrpcServerProtocolService.java:121)
	at org.apache.ratis.thirdparty.io.grpc.stub.ServerCalls$StreamingServerCallHandler$StreamingServerCallListener.onCancel(ServerCalls.java:269)
	at org.apache.ratis.thirdparty.io.grpc.internal.ServerCallImpl$ServerStreamListenerImpl.closed(ServerCallImpl.java:293)
	at org.apache.ratis.thirdparty.io.grpc.internal.ServerImpl$JumpToApplicationThreadServerStreamListener$1Closed.runInContext(ServerImpl.java:741)
	at org.apache.ratis.thirdparty.io.grpc.internal.ContextRunnable.run(ContextRunnable.java:37)
	at org.apache.ratis.thirdparty.io.grpc.internal.SerializingExecutor.run(SerializingExecutor.java:123)
	at java.util.concurrent.ThreadPoolExecutor.runWorker(ThreadPoolExecutor.java:1149)
	at java.util.concurrent.ThreadPoolExecutor$Worker.run(ThreadPoolExecutor.java:624)
	at java.lang.Thread.run(Thread.java:748)

Sep 29, 2019 11:44:55 AM org.apache.ratis.thirdparty.io.grpc.internal.SerializingExecutor run
SEVERE: Exception while executing runnable org.apache.ratis.thirdparty.io.grpc.internal.ServerImpl$JumpToApplicationThreadServerStreamListener$1Closed@4c65684e
org.apache.ratis.thirdparty.io.grpc.StatusRuntimeException: CANCELLED: call already cancelled
	at org.apache.ratis.thirdparty.io.grpc.Status.asRuntimeException(Status.java:517)
	at org.apache.ratis.thirdparty.io.grpc.stub.ServerCalls$ServerCallStreamObserverImpl.onCompleted(ServerCalls.java:356)
	at org.apache.ratis.grpc.server.GrpcServerProtocolService$ServerRequestStreamObserver.onError(GrpcServerProtocolService.java:121)
	at org.apache.ratis.thirdparty.io.grpc.stub.ServerCalls$StreamingServerCallHandler$StreamingServerCallListener.onCancel(ServerCalls.java:269)
	at org.apache.ratis.thirdparty.io.grpc.internal.ServerCallImpl$ServerStreamListenerImpl.closed(ServerCallImpl.java:293)
	at org.apache.ratis.thirdparty.io.grpc.internal.ServerImpl$JumpToApplicationThreadServerStreamListener$1Closed.runInContext(ServerImpl.java:741)
	at org.apache.ratis.thirdparty.io.grpc.internal.ContextRunnable.run(ContextRunnable.java:37)
	at org.apache.ratis.thirdparty.io.grpc.internal.SerializingExecutor.run(SerializingExecutor.java:123)
	at java.util.concurrent.ThreadPoolExecutor.runWorker(ThreadPoolExecutor.java:1149)
	at java.util.concurrent.ThreadPoolExecutor$Worker.run(ThreadPoolExecutor.java:624)
	at java.lang.Thread.run(Thread.java:748)

Sep 29, 2019 11:44:55 AM org.apache.ratis.thirdparty.io.grpc.internal.SerializingExecutor run
SEVERE: Exception while executing runnable org.apache.ratis.thirdparty.io.grpc.internal.ServerImpl$JumpToApplicationThreadServerStreamListener$1Closed@4add835c
org.apache.ratis.thirdparty.io.grpc.StatusRuntimeException: CANCELLED: call already cancelled
	at org.apache.ratis.thirdparty.io.grpc.Status.asRuntimeException(Status.java:517)
	at org.apache.ratis.thirdparty.io.grpc.stub.ServerCalls$ServerCallStreamObserverImpl.onCompleted(ServerCalls.java:356)
	at org.apache.ratis.grpc.server.GrpcServerProtocolService$ServerRequestStreamObserver.onError(GrpcServerProtocolService.java:121)
	at org.apache.ratis.thirdparty.io.grpc.stub.ServerCalls$StreamingServerCallHandler$StreamingServerCallListener.onCancel(ServerCalls.java:269)
	at org.apache.ratis.thirdparty.io.grpc.internal.ServerCallImpl$ServerStreamListenerImpl.closed(ServerCallImpl.java:293)
	at org.apache.ratis.thirdparty.io.grpc.internal.ServerImpl$JumpToApplicationThreadServerStreamListener$1Closed.runInContext(ServerImpl.java:741)
	at org.apache.ratis.thirdparty.io.grpc.internal.ContextRunnable.run(ContextRunnable.java:37)
	at org.apache.ratis.thirdparty.io.grpc.internal.SerializingExecutor.run(SerializingExecutor.java:123)
	at java.util.concurrent.ThreadPoolExecutor.runWorker(ThreadPoolExecutor.java:1149)
	at java.util.concurrent.ThreadPoolExecutor$Worker.run(ThreadPoolExecutor.java:624)
	at java.lang.Thread.run(Thread.java:748)

Sep 29, 2019 11:44:55 AM org.apache.ratis.thirdparty.io.grpc.internal.SerializingExecutor run
SEVERE: Exception while executing runnable org.apache.ratis.thirdparty.io.grpc.internal.ServerImpl$JumpToApplicationThreadServerStreamListener$1Closed@bee9bdc
org.apache.ratis.thirdparty.io.grpc.StatusRuntimeException: CANCELLED: call already cancelled
	at org.apache.ratis.thirdparty.io.grpc.Status.asRuntimeException(Status.java:517)
	at org.apache.ratis.thirdparty.io.grpc.stub.ServerCalls$ServerCallStreamObserverImpl.onCompleted(ServerCalls.java:356)
	at org.apache.ratis.grpc.server.GrpcServerProtocolService$ServerRequestStreamObserver.onError(GrpcServerProtocolService.java:121)
	at org.apache.ratis.thirdparty.io.grpc.stub.ServerCalls$StreamingServerCallHandler$StreamingServerCallListener.onCancel(ServerCalls.java:269)
	at org.apache.ratis.thirdparty.io.grpc.internal.ServerCallImpl$ServerStreamListenerImpl.closed(ServerCallImpl.java:293)
	at org.apache.ratis.thirdparty.io.grpc.internal.ServerImpl$JumpToApplicationThreadServerStreamListener$1Closed.runInContext(ServerImpl.java:741)
	at org.apache.ratis.thirdparty.io.grpc.internal.ContextRunnable.run(ContextRunnable.java:37)
	at org.apache.ratis.thirdparty.io.grpc.internal.SerializingExecutor.run(SerializingExecutor.java:123)
	at java.util.concurrent.ThreadPoolExecutor.runWorker(ThreadPoolExecutor.java:1149)
	at java.util.concurrent.ThreadPoolExecutor$Worker.run(ThreadPoolExecutor.java:624)
	at java.lang.Thread.run(Thread.java:748)

]]></system-err>
  </testcase>
</testsuite>