<?xml version="1.0" encoding="UTF-8"?>
<testsuite xmlns:xsi="http://www.w3.org/2001/XMLSchema-instance" xsi:noNamespaceSchemaLocation="https://maven.apache.org/surefire/maven-surefire-plugin/xsd/surefire-test-report.xsd" name="org.apache.hadoop.ozone.client.rpc.Test2WayCommitInRatis" time="35.01" tests="1" errors="1" skipped="0" failures="0">
  <properties>
    <property name="awt.toolkit" value="sun.awt.X11.XToolkit"/>
    <property name="file.encoding.pkg" value="sun.io"/>
    <property name="java.specification.version" value="1.8"/>
    <property name="sun.cpu.isalist" value=""/>
    <property name="sun.jnu.encoding" value="UTF-8"/>
    <property name="java.class.path" value="/workdir/hadoop-ozone/integration-test/target/test-classes:/workdir/hadoop-ozone/integration-test/target/classes:/home/user/.m2/repository/org/apache/hadoop/hadoop-ozone-common/0.5.0-SNAPSHOT/hadoop-ozone-common-0.5.0-SNAPSHOT.jar:/home/user/.m2/repository/org/apache/commons/commons-compress/1.4.1/commons-compress-1.4.1.jar:/home/user/.m2/repository/org/tukaani/xz/1.0/xz-1.0.jar:/home/user/.m2/repository/org/apache/hadoop/hadoop-common/3.2.0/hadoop-common-3.2.0.jar:/home/user/.m2/repository/org/apache/hadoop/hadoop-hdfs/3.2.0/hadoop-hdfs-3.2.0.jar:/home/user/.m2/repository/org/apache/hadoop/hadoop-hdfs-client/3.2.0/hadoop-hdfs-client-3.2.0.jar:/home/user/.m2/repository/com/fasterxml/jackson/core/jackson-annotations/2.9.9/jackson-annotations-2.9.9.jar:/home/user/.m2/repository/org/apache/hadoop/hadoop-hdds-common/0.5.0-SNAPSHOT/hadoop-hdds-common-0.5.0-SNAPSHOT.jar:/home/user/.m2/repository/javax/annotation/javax.annotation-api/1.2/javax.annotation-api-1.2.jar:/home/user/.m2/repository/org/apache/ratis/ratis-server/0.4.0/ratis-server-0.4.0.jar:/home/user/.m2/repository/org/apache/ratis/ratis-thirdparty-misc/0.2.0/ratis-thirdparty-misc-0.2.0.jar:/home/user/.m2/repository/org/apache/ratis/ratis-proto/0.4.0/ratis-proto-0.4.0.jar:/home/user/.m2/repository/org/apache/ratis/ratis-common/0.4.0/ratis-common-0.4.0.jar:/home/user/.m2/repository/org/apache/ratis/ratis-client/0.4.0/ratis-client-0.4.0.jar:/home/user/.m2/repository/org/apache/ratis/ratis-metrics/0.4.0/ratis-metrics-0.4.0.jar:/home/user/.m2/repository/com/github/joshelser/dropwizard-metrics-hadoop-metrics2-reporter/0.1.2/dropwizard-metrics-hadoop-metrics2-reporter-0.1.2.jar:/home/user/.m2/repository/io/dropwizard/metrics/metrics-jvm/3.2.5/metrics-jvm-3.2.5.jar:/home/user/.m2/repository/io/dropwizard/metrics/metrics-ganglia/3.2.5/metrics-ganglia-3.2.5.jar:/home/user/.m2/repository/info/ganglia/gmetric4j/gmetric4j/1.0.7/gmetric4j-1.0.7.jar:/home/user/.m2/repository/org/apache/ratis/ratis-netty/0.4.0/ratis-netty-0.4.0.jar:/home/user/.m2/repository/org/apache/ratis/ratis-grpc/0.4.0/ratis-grpc-0.4.0.jar:/home/user/.m2/repository/org/rocksdb/rocksdbjni/6.0.1/rocksdbjni-6.0.1.jar:/home/user/.m2/repository/org/apache/logging/log4j/log4j-api/2.11.0/log4j-api-2.11.0.jar:/home/user/.m2/repository/org/apache/logging/log4j/log4j-core/2.11.0/log4j-core-2.11.0.jar:/home/user/.m2/repository/com/lmax/disruptor/3.4.2/disruptor-3.4.2.jar:/home/user/.m2/repository/org/apache/commons/commons-pool2/2.6.0/commons-pool2-2.6.0.jar:/home/user/.m2/repository/org/bouncycastle/bcpkix-jdk15on/1.60/bcpkix-jdk15on-1.60.jar:/home/user/.m2/repository/commons-validator/commons-validator/1.6/commons-validator-1.6.jar:/home/user/.m2/repository/commons-digester/commons-digester/1.8.1/commons-digester-1.8.1.jar:/home/user/.m2/repository/io/jaegertracing/jaeger-client/0.34.0/jaeger-client-0.34.0.jar:/home/user/.m2/repository/io/jaegertracing/jaeger-thrift/0.34.0/jaeger-thrift-0.34.0.jar:/home/user/.m2/repository/org/apache/thrift/libthrift/0.12.0/libthrift-0.12.0.jar:/home/user/.m2/repository/com/squareup/okhttp3/okhttp/3.9.0/okhttp-3.9.0.jar:/home/user/.m2/repository/com/squareup/okio/okio/1.13.0/okio-1.13.0.jar:/home/user/.m2/repository/io/jaegertracing/jaeger-core/0.34.0/jaeger-core-0.34.0.jar:/home/user/.m2/repository/io/jaegertracing/jaeger-tracerresolver/0.34.0/jaeger-tracerresolver-0.34.0.jar:/home/user/.m2/repository/io/opentracing/contrib/opentracing-tracerresolver/0.1.5/opentracing-tracerresolver-0.1.5.jar:/home/user/.m2/repository/io/opentracing/opentracing-util/0.31.0/opentracing-util-0.31.0.jar:/home/user/.m2/repository/io/opentracing/opentracing-api/0.31.0/opentracing-api-0.31.0.jar:/home/user/.m2/repository/io/opentracing/opentracing-noop/0.31.0/opentracing-noop-0.31.0.jar:/home/user/.m2/repository/org/apache/hadoop/hadoop-hdds-server-framework/0.5.0-SNAPSHOT/hadoop-hdds-server-framework-0.5.0-SNAPSHOT.jar:/home/user/.m2/repository/org/apache/hadoop/hadoop-hdds-container-service/0.5.0-SNAPSHOT/hadoop-hdds-container-service-0.5.0-SNAPSHOT.jar:/home/user/.m2/repository/org/apache/hadoop/hadoop-hdds-client/0.5.0-SNAPSHOT/hadoop-hdds-client-0.5.0-SNAPSHOT.jar:/home/user/.m2/repository/org/apache/hadoop/hadoop-hdds-tools/0.5.0-SNAPSHOT/hadoop-hdds-tools-0.5.0-SNAPSHOT.jar:/home/user/.m2/repository/org/apache/hadoop/hadoop-hdds-server-scm/0.5.0-SNAPSHOT/hadoop-hdds-server-scm-0.5.0-SNAPSHOT.jar:/home/user/.m2/repository/org/apache/hadoop/hadoop-hdds-docs/0.5.0-SNAPSHOT/hadoop-hdds-docs-0.5.0-SNAPSHOT.jar:/home/user/.m2/repository/io/dropwizard/metrics/metrics-core/3.2.4/metrics-core-3.2.4.jar:/home/user/.m2/repository/org/hamcrest/hamcrest-all/1.3/hamcrest-all-1.3.jar:/home/user/.m2/repository/org/bouncycastle/bcprov-jdk15on/1.60/bcprov-jdk15on-1.60.jar:/home/user/.m2/repository/info/picocli/picocli/3.9.6/picocli-3.9.6.jar:/home/user/.m2/repository/com/google/protobuf/protobuf-java/2.5.0/protobuf-java-2.5.0.jar:/home/user/.m2/repository/com/google/guava/guava/11.0.2/guava-11.0.2.jar:/home/user/.m2/repository/org/apache/hadoop/hadoop-ozone-ozone-manager/0.5.0-SNAPSHOT/hadoop-ozone-ozone-manager-0.5.0-SNAPSHOT.jar:/home/user/.m2/repository/org/apache/hadoop/hadoop-minikdc/3.2.0/hadoop-minikdc-3.2.0.jar:/home/user/.m2/repository/commons-io/commons-io/2.5/commons-io-2.5.jar:/home/user/.m2/repository/org/apache/kerby/kerb-simplekdc/1.0.1/kerb-simplekdc-1.0.1.jar:/home/user/.m2/repository/org/apache/kerby/kerb-client/1.0.1/kerb-client-1.0.1.jar:/home/user/.m2/repository/org/apache/kerby/kerby-config/1.0.1/kerby-config-1.0.1.jar:/home/user/.m2/repository/org/apache/kerby/kerb-core/1.0.1/kerb-core-1.0.1.jar:/home/user/.m2/repository/org/apache/kerby/kerby-pkix/1.0.1/kerby-pkix-1.0.1.jar:/home/user/.m2/repository/org/apache/kerby/kerby-asn1/1.0.1/kerby-asn1-1.0.1.jar:/home/user/.m2/repository/org/apache/kerby/kerby-util/1.0.1/kerby-util-1.0.1.jar:/home/user/.m2/repository/org/apache/kerby/kerb-common/1.0.1/kerb-common-1.0.1.jar:/home/user/.m2/repository/org/apache/kerby/kerb-crypto/1.0.1/kerb-crypto-1.0.1.jar:/home/user/.m2/repository/org/apache/kerby/kerb-util/1.0.1/kerb-util-1.0.1.jar:/home/user/.m2/repository/org/apache/kerby/token-provider/1.0.1/token-provider-1.0.1.jar:/home/user/.m2/repository/org/apache/kerby/kerb-admin/1.0.1/kerb-admin-1.0.1.jar:/home/user/.m2/repository/org/apache/kerby/kerb-server/1.0.1/kerb-server-1.0.1.jar:/home/user/.m2/repository/org/apache/kerby/kerb-identity/1.0.1/kerb-identity-1.0.1.jar:/home/user/.m2/repository/org/apache/kerby/kerby-xdr/1.0.1/kerby-xdr-1.0.1.jar:/home/user/.m2/repository/org/slf4j/slf4j-log4j12/1.7.25/slf4j-log4j12-1.7.25.jar:/home/user/.m2/repository/org/apache/hadoop/hadoop-ozone-s3gateway/0.5.0-SNAPSHOT/hadoop-ozone-s3gateway-0.5.0-SNAPSHOT.jar:/home/user/.m2/repository/org/jboss/weld/servlet/weld-servlet/2.4.7.Final/weld-servlet-2.4.7.Final.jar:/home/user/.m2/repository/org/glassfish/jersey/containers/jersey-container-servlet-core/2.27/jersey-container-servlet-core-2.27.jar:/home/user/.m2/repository/org/glassfish/hk2/external/javax.inject/2.5.0-b42/javax.inject-2.5.0-b42.jar:/home/user/.m2/repository/org/glassfish/jersey/core/jersey-common/2.27/jersey-common-2.27.jar:/home/user/.m2/repository/org/glassfish/hk2/osgi-resource-locator/1.0.1/osgi-resource-locator-1.0.1.jar:/home/user/.m2/repository/javax/ws/rs/javax.ws.rs-api/2.1/javax.ws.rs-api-2.1.jar:/home/user/.m2/repository/org/glassfish/jersey/ext/cdi/jersey-cdi1x/2.27/jersey-cdi1x-2.27.jar:/home/user/.m2/repository/org/glassfish/jersey/inject/jersey-hk2/2.27/jersey-hk2-2.27.jar:/home/user/.m2/repository/org/glassfish/hk2/hk2-locator/2.5.0-b42/hk2-locator-2.5.0-b42.jar:/home/user/.m2/repository/org/javassist/javassist/3.22.0-CR2/javassist-3.22.0-CR2.jar:/home/user/.m2/repository/org/glassfish/hk2/hk2-api/2.5.0/hk2-api-2.5.0.jar:/home/user/.m2/repository/org/glassfish/hk2/external/jakarta.inject/2.5.0/jakarta.inject-2.5.0.jar:/home/user/.m2/repository/org/glassfish/hk2/hk2-utils/2.5.0/hk2-utils-2.5.0.jar:/home/user/.m2/repository/jakarta/annotation/jakarta.annotation-api/1.3.4/jakarta.annotation-api-1.3.4.jar:/home/user/.m2/repository/org/glassfish/hk2/external/aopalliance-repackaged/2.5.0/aopalliance-repackaged-2.5.0.jar:/home/user/.m2/repository/com/fasterxml/jackson/dataformat/jackson-dataformat-xml/2.9.0/jackson-dataformat-xml-2.9.0.jar:/home/user/.m2/repository/com/fasterxml/jackson/core/jackson-core/2.9.9/jackson-core-2.9.9.jar:/home/user/.m2/repository/com/fasterxml/jackson/module/jackson-module-jaxb-annotations/2.9.9/jackson-module-jaxb-annotations-2.9.9.jar:/home/user/.m2/repository/javax/enterprise/cdi-api/1.2/cdi-api-1.2.jar:/home/user/.m2/repository/javax/el/javax.el-api/3.0.0/javax.el-api-3.0.0.jar:/home/user/.m2/repository/javax/interceptor/javax.interceptor-api/1.2/javax.interceptor-api-1.2.jar:/home/user/.m2/repository/javax/inject/javax.inject/1/javax.inject-1.jar:/home/user/.m2/repository/com/sun/xml/bind/jaxb-impl/2.3.0.1/jaxb-impl-2.3.0.1.jar:/home/user/.m2/repository/com/sun/xml/bind/jaxb-core/2.3.0.1/jaxb-core-2.3.0.1.jar:/home/user/.m2/repository/javax/xml/bind/jaxb-api/2.3.0/jaxb-api-2.3.0.jar:/home/user/.m2/repository/javax/activation/activation/1.1.1/activation-1.1.1.jar:/home/user/.m2/repository/org/apache/hadoop/hadoop-ozone-csi/0.5.0-SNAPSHOT/hadoop-ozone-csi-0.5.0-SNAPSHOT.jar:/home/user/.m2/repository/com/google/protobuf/protobuf-java-util/3.5.1/protobuf-java-util-3.5.1.jar:/home/user/.m2/repository/org/apache/hadoop/hadoop-hdds-config/0.5.0-SNAPSHOT/hadoop-hdds-config-0.5.0-SNAPSHOT.jar:/home/user/.m2/repository/io/grpc/grpc-netty/1.17.1/grpc-netty-1.17.1.jar:/home/user/.m2/repository/io/grpc/grpc-core/1.17.1/grpc-core-1.17.1.jar:/home/user/.m2/repository/io/grpc/grpc-context/1.17.1/grpc-context-1.17.1.jar:/home/user/.m2/repository/com/google/errorprone/error_prone_annotations/2.2.0/error_prone_annotations-2.2.0.jar:/home/user/.m2/repository/org/codehaus/mojo/animal-sniffer-annotations/1.17/animal-sniffer-annotations-1.17.jar:/home/user/.m2/repository/io/opencensus/opencensus-api/0.17.0/opencensus-api-0.17.0.jar:/home/user/.m2/repository/io/opencensus/opencensus-contrib-grpc-metrics/0.17.0/opencensus-contrib-grpc-metrics-0.17.0.jar:/home/user/.m2/repository/io/netty/netty-codec-http2/4.1.30.Final/netty-codec-http2-4.1.30.Final.jar:/home/user/.m2/repository/io/netty/netty-codec-http/4.1.30.Final/netty-codec-http-4.1.30.Final.jar:/home/user/.m2/repository/io/netty/netty-codec/4.1.30.Final/netty-codec-4.1.30.Final.jar:/home/user/.m2/repository/io/netty/netty-handler/4.1.30.Final/netty-handler-4.1.30.Final.jar:/home/user/.m2/repository/io/netty/netty-handler-proxy/4.1.30.Final/netty-handler-proxy-4.1.30.Final.jar:/home/user/.m2/repository/io/netty/netty-codec-socks/4.1.30.Final/netty-codec-socks-4.1.30.Final.jar:/home/user/.m2/repository/io/netty/netty-transport-native-epoll/4.1.30.Final/netty-transport-native-epoll-4.1.30.Final.jar:/home/user/.m2/repository/io/netty/netty-common/4.1.30.Final/netty-common-4.1.30.Final.jar:/home/user/.m2/repository/io/netty/netty-buffer/4.1.30.Final/netty-buffer-4.1.30.Final.jar:/home/user/.m2/repository/io/netty/netty-transport/4.1.30.Final/netty-transport-4.1.30.Final.jar:/home/user/.m2/repository/io/netty/netty-resolver/4.1.30.Final/netty-resolver-4.1.30.Final.jar:/home/user/.m2/repository/io/netty/netty-transport-native-unix-common/4.1.30.Final/netty-transport-native-unix-common-4.1.30.Final.jar:/home/user/.m2/repository/io/grpc/grpc-protobuf/1.17.1/grpc-protobuf-1.17.1.jar:/home/user/.m2/repository/com/google/api/grpc/proto-google-common-protos/1.0.0/proto-google-common-protos-1.0.0.jar:/home/user/.m2/repository/io/grpc/grpc-protobuf-lite/1.17.1/grpc-protobuf-lite-1.17.1.jar:/home/user/.m2/repository/io/grpc/grpc-stub/1.17.1/grpc-stub-1.17.1.jar:/home/user/.m2/repository/org/apache/hadoop/hadoop-ozone-recon/0.5.0-SNAPSHOT/hadoop-ozone-recon-0.5.0-SNAPSHOT.jar:/home/user/.m2/repository/org/apache/hadoop/hadoop-ozone-reconcodegen/0.5.0-SNAPSHOT/hadoop-ozone-reconcodegen-0.5.0-SNAPSHOT.jar:/home/user/.m2/repository/com/google/inject/extensions/guice-multibindings/4.0/guice-multibindings-4.0.jar:/home/user/.m2/repository/com/google/inject/guice/4.0/guice-4.0.jar:/home/user/.m2/repository/aopalliance/aopalliance/1.0/aopalliance-1.0.jar:/home/user/.m2/repository/com/google/inject/extensions/guice-servlet/4.0/guice-servlet-4.0.jar:/home/user/.m2/repository/org/glassfish/jersey/containers/jersey-container-servlet/2.27/jersey-container-servlet-2.27.jar:/home/user/.m2/repository/org/glassfish/hk2/guice-bridge/2.5.0/guice-bridge-2.5.0.jar:/home/user/.m2/repository/org/glassfish/jersey/core/jersey-server/2.27/jersey-server-2.27.jar:/home/user/.m2/repository/org/glassfish/jersey/core/jersey-client/2.27/jersey-client-2.27.jar:/home/user/.m2/repository/org/glassfish/jersey/media/jersey-media-jaxb/2.27/jersey-media-jaxb-2.27.jar:/home/user/.m2/repository/javax/validation/validation-api/1.1.0.Final/validation-api-1.1.0.Final.jar:/home/user/.m2/repository/org/glassfish/jersey/media/jersey-media-json-jackson/2.27/jersey-media-json-jackson-2.27.jar:/home/user/.m2/repository/org/glassfish/jersey/ext/jersey-entity-filtering/2.27/jersey-entity-filtering-2.27.jar:/home/user/.m2/repository/com/google/inject/extensions/guice-assistedinject/4.0/guice-assistedinject-4.0.jar:/home/user/.m2/repository/org/jooq/jooq/3.11.10/jooq-3.11.10.jar:/home/user/.m2/repository/org/jooq/jooq-meta/3.11.10/jooq-meta-3.11.10.jar:/home/user/.m2/repository/org/jooq/jooq-codegen/3.11.10/jooq-codegen-3.11.10.jar:/home/user/.m2/repository/com/jolbox/bonecp/0.8.0.RELEASE/bonecp-0.8.0.RELEASE.jar:/home/user/.m2/repository/org/xerial/sqlite-jdbc/3.25.2/sqlite-jdbc-3.25.2.jar:/home/user/.m2/repository/org/springframework/spring-jdbc/5.1.3.RELEASE/spring-jdbc-5.1.3.RELEASE.jar:/home/user/.m2/repository/org/springframework/spring-beans/5.1.3.RELEASE/spring-beans-5.1.3.RELEASE.jar:/home/user/.m2/repository/org/springframework/spring-core/5.1.3.RELEASE/spring-core-5.1.3.RELEASE.jar:/home/user/.m2/repository/org/springframework/spring-jcl/5.1.3.RELEASE/spring-jcl-5.1.3.RELEASE.jar:/home/user/.m2/repository/org/springframework/spring-tx/5.1.3.RELEASE/spring-tx-5.1.3.RELEASE.jar:/home/user/.m2/repository/org/apache/hadoop/hadoop-ozone-client/0.5.0-SNAPSHOT/hadoop-ozone-client-0.5.0-SNAPSHOT.jar:/home/user/.m2/repository/commons-lang/commons-lang/2.6/commons-lang-2.6.jar:/home/user/.m2/repository/org/apache/hadoop/hadoop-ozone-ozone-manager/0.5.0-SNAPSHOT/hadoop-ozone-ozone-manager-0.5.0-SNAPSHOT-tests.jar:/home/user/.m2/repository/junit/junit/4.11/junit-4.11.jar:/home/user/.m2/repository/org/hamcrest/hamcrest-core/1.3/hamcrest-core-1.3.jar:/home/user/.m2/repository/org/openjdk/jmh/jmh-core/1.19/jmh-core-1.19.jar:/home/user/.m2/repository/net/sf/jopt-simple/jopt-simple/4.6/jopt-simple-4.6.jar:/home/user/.m2/repository/org/apache/commons/commons-math3/3.1.1/commons-math3-3.1.1.jar:/home/user/.m2/repository/org/openjdk/jmh/jmh-generator-annprocess/1.19/jmh-generator-annprocess-1.19.jar:/home/user/.m2/repository/org/mockito/mockito-all/1.8.5/mockito-all-1.8.5.jar:/home/user/.m2/repository/org/apache/hadoop/hadoop-kms/3.2.0/hadoop-kms-3.2.0.jar:/home/user/.m2/repository/org/apache/hadoop/hadoop-auth/3.2.0/hadoop-auth-3.2.0.jar:/home/user/.m2/repository/com/nimbusds/nimbus-jose-jwt/4.41.1/nimbus-jose-jwt-4.41.1.jar:/home/user/.m2/repository/com/github/stephenc/jcip/jcip-annotations/1.0-1/jcip-annotations-1.0-1.jar:/home/user/.m2/repository/net/minidev/json-smart/2.3/json-smart-2.3.jar:/home/user/.m2/repository/net/minidev/accessors-smart/1.2/accessors-smart-1.2.jar:/home/user/.m2/repository/org/ow2/asm/asm/5.0.4/asm-5.0.4.jar:/home/user/.m2/repository/org/apache/curator/curator-framework/2.12.0/curator-framework-2.12.0.jar:/home/user/.m2/repository/com/sun/jersey/jersey-core/1.19/jersey-core-1.19.jar:/home/user/.m2/repository/javax/ws/rs/jsr311-api/1.1.1/jsr311-api-1.1.1.jar:/home/user/.m2/repository/com/sun/jersey/jersey-server/1.19/jersey-server-1.19.jar:/home/user/.m2/repository/javax/servlet/javax.servlet-api/3.1.0/javax.servlet-api-3.1.0.jar:/home/user/.m2/repository/org/eclipse/jetty/jetty-server/9.3.25.v20180904/jetty-server-9.3.25.v20180904.jar:/home/user/.m2/repository/org/eclipse/jetty/jetty-http/9.3.25.v20180904/jetty-http-9.3.25.v20180904.jar:/home/user/.m2/repository/org/eclipse/jetty/jetty-io/9.3.25.v20180904/jetty-io-9.3.25.v20180904.jar:/home/user/.m2/repository/org/eclipse/jetty/jetty-webapp/9.3.25.v20180904/jetty-webapp-9.3.25.v20180904.jar:/home/user/.m2/repository/org/eclipse/jetty/jetty-xml/9.3.25.v20180904/jetty-xml-9.3.25.v20180904.jar:/home/user/.m2/repository/log4j/log4j/1.2.17/log4j-1.2.17.jar:/home/user/.m2/repository/org/slf4j/slf4j-api/1.7.25/slf4j-api-1.7.25.jar:/home/user/.m2/repository/org/slf4j/jul-to-slf4j/1.7.25/jul-to-slf4j-1.7.25.jar:/home/user/.m2/repository/org/eclipse/jetty/jetty-util/9.3.25.v20180904/jetty-util-9.3.25.v20180904.jar:/home/user/.m2/repository/com/fasterxml/jackson/core/jackson-databind/2.9.9/jackson-databind-2.9.9.jar:/home/user/.m2/repository/org/apache/hadoop/hadoop-kms/3.2.0/hadoop-kms-3.2.0-tests.jar:/home/user/.m2/repository/org/apache/hadoop/hadoop-hdds-server-scm/0.5.0-SNAPSHOT/hadoop-hdds-server-scm-0.5.0-SNAPSHOT-tests.jar:/home/user/.m2/repository/org/apache/hadoop/hadoop-hdds-container-service/0.5.0-SNAPSHOT/hadoop-hdds-container-service-0.5.0-SNAPSHOT-tests.jar:/home/user/.m2/repository/org/yaml/snakeyaml/1.16/snakeyaml-1.16.jar:/home/user/.m2/repository/org/apache/hadoop/hadoop-common/3.2.0/hadoop-common-3.2.0-tests.jar:/home/user/.m2/repository/org/apache/hadoop/hadoop-annotations/3.2.0/hadoop-annotations-3.2.0.jar:/usr/lib/jvm/java-1.8-openjdk/jre/../lib/tools.jar:/home/user/.m2/repository/commons-cli/commons-cli/1.2/commons-cli-1.2.jar:/home/user/.m2/repository/org/apache/httpcomponents/httpclient/4.5.2/httpclient-4.5.2.jar:/home/user/.m2/repository/org/apache/httpcomponents/httpcore/4.4.4/httpcore-4.4.4.jar:/home/user/.m2/repository/commons-codec/commons-codec/1.11/commons-codec-1.11.jar:/home/user/.m2/repository/commons-net/commons-net/3.6/commons-net-3.6.jar:/home/user/.m2/repository/commons-collections/commons-collections/3.2.2/commons-collections-3.2.2.jar:/home/user/.m2/repository/org/eclipse/jetty/jetty-servlet/9.3.25.v20180904/jetty-servlet-9.3.25.v20180904.jar:/home/user/.m2/repository/org/eclipse/jetty/jetty-security/9.3.25.v20180904/jetty-security-9.3.25.v20180904.jar:/home/user/.m2/repository/javax/servlet/jsp/jsp-api/2.1/jsp-api-2.1.jar:/home/user/.m2/repository/com/sun/jersey/jersey-servlet/1.19/jersey-servlet-1.19.jar:/home/user/.m2/repository/com/sun/jersey/jersey-json/1.19/jersey-json-1.19.jar:/home/user/.m2/repository/org/codehaus/jettison/jettison/1.1/jettison-1.1.jar:/home/user/.m2/repository/org/codehaus/jackson/jackson-core-asl/1.9.13/jackson-core-asl-1.9.13.jar:/home/user/.m2/repository/org/codehaus/jackson/jackson-mapper-asl/1.9.13/jackson-mapper-asl-1.9.13.jar:/home/user/.m2/repository/org/codehaus/jackson/jackson-jaxrs/1.9.13/jackson-jaxrs-1.9.13.jar:/home/user/.m2/repository/org/codehaus/jackson/jackson-xc/1.9.13/jackson-xc-1.9.13.jar:/home/user/.m2/repository/commons-logging/commons-logging/1.1.3/commons-logging-1.1.3.jar:/home/user/.m2/repository/commons-beanutils/commons-beanutils/1.9.4/commons-beanutils-1.9.4.jar:/home/user/.m2/repository/org/apache/commons/commons-configuration2/2.1.1/commons-configuration2-2.1.1.jar:/home/user/.m2/repository/org/apache/commons/commons-lang3/3.7/commons-lang3-3.7.jar:/home/user/.m2/repository/org/apache/commons/commons-text/1.4/commons-text-1.4.jar:/home/user/.m2/repository/org/apache/avro/avro/1.7.7/avro-1.7.7.jar:/home/user/.m2/repository/com/thoughtworks/paranamer/paranamer/2.3/paranamer-2.3.jar:/home/user/.m2/repository/org/xerial/snappy/snappy-java/1.0.5/snappy-java-1.0.5.jar:/home/user/.m2/repository/com/google/re2j/re2j/1.1/re2j-1.1.jar:/home/user/.m2/repository/com/google/code/gson/gson/2.2.4/gson-2.2.4.jar:/home/user/.m2/repository/com/jcraft/jsch/0.1.54/jsch-0.1.54.jar:/home/user/.m2/repository/org/apache/curator/curator-client/2.12.0/curator-client-2.12.0.jar:/home/user/.m2/repository/org/apache/curator/curator-recipes/2.12.0/curator-recipes-2.12.0.jar:/home/user/.m2/repository/com/google/code/findbugs/jsr305/3.0.0/jsr305-3.0.0.jar:/home/user/.m2/repository/org/apache/htrace/htrace-core4/4.1.0-incubating/htrace-core4-4.1.0-incubating.jar:/home/user/.m2/repository/org/apache/zookeeper/zookeeper/3.4.13/zookeeper-3.4.13.jar:/home/user/.m2/repository/jline/jline/0.9.94/jline-0.9.94.jar:/home/user/.m2/repository/org/apache/yetus/audience-annotations/0.5.0/audience-annotations-0.5.0.jar:/home/user/.m2/repository/org/codehaus/woodstox/stax2-api/3.1.4/stax2-api-3.1.4.jar:/home/user/.m2/repository/com/fasterxml/woodstox/woodstox-core/5.0.3/woodstox-core-5.0.3.jar:/home/user/.m2/repository/dnsjava/dnsjava/2.1.7/dnsjava-2.1.7.jar:/home/user/.m2/repository/org/apache/hadoop/hadoop-hdfs/3.2.0/hadoop-hdfs-3.2.0-tests.jar:/home/user/.m2/repository/org/eclipse/jetty/jetty-util-ajax/9.3.25.v20180904/jetty-util-ajax-9.3.25.v20180904.jar:/home/user/.m2/repository/commons-daemon/commons-daemon/1.0.13/commons-daemon-1.0.13.jar:/home/user/.m2/repository/io/netty/netty/3.10.5.Final/netty-3.10.5.Final.jar:/home/user/.m2/repository/io/netty/netty-all/4.0.52.Final/netty-all-4.0.52.Final.jar:/home/user/.m2/repository/org/fusesource/leveldbjni/leveldbjni-all/1.8/leveldbjni-all-1.8.jar:"/>
    <property name="java.vm.vendor" value="IcedTea"/>
    <property name="sun.arch.data.model" value="64"/>
    <property name="test.build.dir" value="/workdir/hadoop-ozone/integration-test/target/test-dir"/>
    <property name="test.cache.data" value=""/>
    <property name="java.vendor.url" value="https://icedtea.classpath.org"/>
    <property name="user.timezone" value=""/>
    <property name="java.vm.specification.version" value="1.8"/>
    <property name="os.name" value="Linux"/>
    <property name="test.build.data" value="/workdir/hadoop-ozone/integration-test/target/test-dir"/>
    <property name="user.country" value="US"/>
    <property name="sun.java.launcher" value="SUN_STANDARD"/>
    <property name="sun.boot.library.path" value="/usr/lib/jvm/java-1.8-openjdk/jre/lib/amd64"/>
    <property name="sun.java.command" value="/workdir/hadoop-ozone/integration-test/target/surefire/surefirebooter4259221877046540912.jar /workdir/hadoop-ozone/integration-test/target/surefire 2019-09-29T10-30-13_313-jvmRun1 surefire8325347670123721134tmp surefire_491948675113850108474tmp"/>
    <property name="test" value="!TestMiniChaosOzoneCluster"/>
    <property name="surefire.test.class.path" value="/workdir/hadoop-ozone/integration-test/target/test-classes:/workdir/hadoop-ozone/integration-test/target/classes:/home/user/.m2/repository/org/apache/hadoop/hadoop-ozone-common/0.5.0-SNAPSHOT/hadoop-ozone-common-0.5.0-SNAPSHOT.jar:/home/user/.m2/repository/org/apache/commons/commons-compress/1.4.1/commons-compress-1.4.1.jar:/home/user/.m2/repository/org/tukaani/xz/1.0/xz-1.0.jar:/home/user/.m2/repository/org/apache/hadoop/hadoop-common/3.2.0/hadoop-common-3.2.0.jar:/home/user/.m2/repository/org/apache/hadoop/hadoop-hdfs/3.2.0/hadoop-hdfs-3.2.0.jar:/home/user/.m2/repository/org/apache/hadoop/hadoop-hdfs-client/3.2.0/hadoop-hdfs-client-3.2.0.jar:/home/user/.m2/repository/com/fasterxml/jackson/core/jackson-annotations/2.9.9/jackson-annotations-2.9.9.jar:/home/user/.m2/repository/org/apache/hadoop/hadoop-hdds-common/0.5.0-SNAPSHOT/hadoop-hdds-common-0.5.0-SNAPSHOT.jar:/home/user/.m2/repository/javax/annotation/javax.annotation-api/1.2/javax.annotation-api-1.2.jar:/home/user/.m2/repository/org/apache/ratis/ratis-server/0.4.0/ratis-server-0.4.0.jar:/home/user/.m2/repository/org/apache/ratis/ratis-thirdparty-misc/0.2.0/ratis-thirdparty-misc-0.2.0.jar:/home/user/.m2/repository/org/apache/ratis/ratis-proto/0.4.0/ratis-proto-0.4.0.jar:/home/user/.m2/repository/org/apache/ratis/ratis-common/0.4.0/ratis-common-0.4.0.jar:/home/user/.m2/repository/org/apache/ratis/ratis-client/0.4.0/ratis-client-0.4.0.jar:/home/user/.m2/repository/org/apache/ratis/ratis-metrics/0.4.0/ratis-metrics-0.4.0.jar:/home/user/.m2/repository/com/github/joshelser/dropwizard-metrics-hadoop-metrics2-reporter/0.1.2/dropwizard-metrics-hadoop-metrics2-reporter-0.1.2.jar:/home/user/.m2/repository/io/dropwizard/metrics/metrics-jvm/3.2.5/metrics-jvm-3.2.5.jar:/home/user/.m2/repository/io/dropwizard/metrics/metrics-ganglia/3.2.5/metrics-ganglia-3.2.5.jar:/home/user/.m2/repository/info/ganglia/gmetric4j/gmetric4j/1.0.7/gmetric4j-1.0.7.jar:/home/user/.m2/repository/org/apache/ratis/ratis-netty/0.4.0/ratis-netty-0.4.0.jar:/home/user/.m2/repository/org/apache/ratis/ratis-grpc/0.4.0/ratis-grpc-0.4.0.jar:/home/user/.m2/repository/org/rocksdb/rocksdbjni/6.0.1/rocksdbjni-6.0.1.jar:/home/user/.m2/repository/org/apache/logging/log4j/log4j-api/2.11.0/log4j-api-2.11.0.jar:/home/user/.m2/repository/org/apache/logging/log4j/log4j-core/2.11.0/log4j-core-2.11.0.jar:/home/user/.m2/repository/com/lmax/disruptor/3.4.2/disruptor-3.4.2.jar:/home/user/.m2/repository/org/apache/commons/commons-pool2/2.6.0/commons-pool2-2.6.0.jar:/home/user/.m2/repository/org/bouncycastle/bcpkix-jdk15on/1.60/bcpkix-jdk15on-1.60.jar:/home/user/.m2/repository/commons-validator/commons-validator/1.6/commons-validator-1.6.jar:/home/user/.m2/repository/commons-digester/commons-digester/1.8.1/commons-digester-1.8.1.jar:/home/user/.m2/repository/io/jaegertracing/jaeger-client/0.34.0/jaeger-client-0.34.0.jar:/home/user/.m2/repository/io/jaegertracing/jaeger-thrift/0.34.0/jaeger-thrift-0.34.0.jar:/home/user/.m2/repository/org/apache/thrift/libthrift/0.12.0/libthrift-0.12.0.jar:/home/user/.m2/repository/com/squareup/okhttp3/okhttp/3.9.0/okhttp-3.9.0.jar:/home/user/.m2/repository/com/squareup/okio/okio/1.13.0/okio-1.13.0.jar:/home/user/.m2/repository/io/jaegertracing/jaeger-core/0.34.0/jaeger-core-0.34.0.jar:/home/user/.m2/repository/io/jaegertracing/jaeger-tracerresolver/0.34.0/jaeger-tracerresolver-0.34.0.jar:/home/user/.m2/repository/io/opentracing/contrib/opentracing-tracerresolver/0.1.5/opentracing-tracerresolver-0.1.5.jar:/home/user/.m2/repository/io/opentracing/opentracing-util/0.31.0/opentracing-util-0.31.0.jar:/home/user/.m2/repository/io/opentracing/opentracing-api/0.31.0/opentracing-api-0.31.0.jar:/home/user/.m2/repository/io/opentracing/opentracing-noop/0.31.0/opentracing-noop-0.31.0.jar:/home/user/.m2/repository/org/apache/hadoop/hadoop-hdds-server-framework/0.5.0-SNAPSHOT/hadoop-hdds-server-framework-0.5.0-SNAPSHOT.jar:/home/user/.m2/repository/org/apache/hadoop/hadoop-hdds-container-service/0.5.0-SNAPSHOT/hadoop-hdds-container-service-0.5.0-SNAPSHOT.jar:/home/user/.m2/repository/org/apache/hadoop/hadoop-hdds-client/0.5.0-SNAPSHOT/hadoop-hdds-client-0.5.0-SNAPSHOT.jar:/home/user/.m2/repository/org/apache/hadoop/hadoop-hdds-tools/0.5.0-SNAPSHOT/hadoop-hdds-tools-0.5.0-SNAPSHOT.jar:/home/user/.m2/repository/org/apache/hadoop/hadoop-hdds-server-scm/0.5.0-SNAPSHOT/hadoop-hdds-server-scm-0.5.0-SNAPSHOT.jar:/home/user/.m2/repository/org/apache/hadoop/hadoop-hdds-docs/0.5.0-SNAPSHOT/hadoop-hdds-docs-0.5.0-SNAPSHOT.jar:/home/user/.m2/repository/io/dropwizard/metrics/metrics-core/3.2.4/metrics-core-3.2.4.jar:/home/user/.m2/repository/org/hamcrest/hamcrest-all/1.3/hamcrest-all-1.3.jar:/home/user/.m2/repository/org/bouncycastle/bcprov-jdk15on/1.60/bcprov-jdk15on-1.60.jar:/home/user/.m2/repository/info/picocli/picocli/3.9.6/picocli-3.9.6.jar:/home/user/.m2/repository/com/google/protobuf/protobuf-java/2.5.0/protobuf-java-2.5.0.jar:/home/user/.m2/repository/com/google/guava/guava/11.0.2/guava-11.0.2.jar:/home/user/.m2/repository/org/apache/hadoop/hadoop-ozone-ozone-manager/0.5.0-SNAPSHOT/hadoop-ozone-ozone-manager-0.5.0-SNAPSHOT.jar:/home/user/.m2/repository/org/apache/hadoop/hadoop-minikdc/3.2.0/hadoop-minikdc-3.2.0.jar:/home/user/.m2/repository/commons-io/commons-io/2.5/commons-io-2.5.jar:/home/user/.m2/repository/org/apache/kerby/kerb-simplekdc/1.0.1/kerb-simplekdc-1.0.1.jar:/home/user/.m2/repository/org/apache/kerby/kerb-client/1.0.1/kerb-client-1.0.1.jar:/home/user/.m2/repository/org/apache/kerby/kerby-config/1.0.1/kerby-config-1.0.1.jar:/home/user/.m2/repository/org/apache/kerby/kerb-core/1.0.1/kerb-core-1.0.1.jar:/home/user/.m2/repository/org/apache/kerby/kerby-pkix/1.0.1/kerby-pkix-1.0.1.jar:/home/user/.m2/repository/org/apache/kerby/kerby-asn1/1.0.1/kerby-asn1-1.0.1.jar:/home/user/.m2/repository/org/apache/kerby/kerby-util/1.0.1/kerby-util-1.0.1.jar:/home/user/.m2/repository/org/apache/kerby/kerb-common/1.0.1/kerb-common-1.0.1.jar:/home/user/.m2/repository/org/apache/kerby/kerb-crypto/1.0.1/kerb-crypto-1.0.1.jar:/home/user/.m2/repository/org/apache/kerby/kerb-util/1.0.1/kerb-util-1.0.1.jar:/home/user/.m2/repository/org/apache/kerby/token-provider/1.0.1/token-provider-1.0.1.jar:/home/user/.m2/repository/org/apache/kerby/kerb-admin/1.0.1/kerb-admin-1.0.1.jar:/home/user/.m2/repository/org/apache/kerby/kerb-server/1.0.1/kerb-server-1.0.1.jar:/home/user/.m2/repository/org/apache/kerby/kerb-identity/1.0.1/kerb-identity-1.0.1.jar:/home/user/.m2/repository/org/apache/kerby/kerby-xdr/1.0.1/kerby-xdr-1.0.1.jar:/home/user/.m2/repository/org/slf4j/slf4j-log4j12/1.7.25/slf4j-log4j12-1.7.25.jar:/home/user/.m2/repository/org/apache/hadoop/hadoop-ozone-s3gateway/0.5.0-SNAPSHOT/hadoop-ozone-s3gateway-0.5.0-SNAPSHOT.jar:/home/user/.m2/repository/org/jboss/weld/servlet/weld-servlet/2.4.7.Final/weld-servlet-2.4.7.Final.jar:/home/user/.m2/repository/org/glassfish/jersey/containers/jersey-container-servlet-core/2.27/jersey-container-servlet-core-2.27.jar:/home/user/.m2/repository/org/glassfish/hk2/external/javax.inject/2.5.0-b42/javax.inject-2.5.0-b42.jar:/home/user/.m2/repository/org/glassfish/jersey/core/jersey-common/2.27/jersey-common-2.27.jar:/home/user/.m2/repository/org/glassfish/hk2/osgi-resource-locator/1.0.1/osgi-resource-locator-1.0.1.jar:/home/user/.m2/repository/javax/ws/rs/javax.ws.rs-api/2.1/javax.ws.rs-api-2.1.jar:/home/user/.m2/repository/org/glassfish/jersey/ext/cdi/jersey-cdi1x/2.27/jersey-cdi1x-2.27.jar:/home/user/.m2/repository/org/glassfish/jersey/inject/jersey-hk2/2.27/jersey-hk2-2.27.jar:/home/user/.m2/repository/org/glassfish/hk2/hk2-locator/2.5.0-b42/hk2-locator-2.5.0-b42.jar:/home/user/.m2/repository/org/javassist/javassist/3.22.0-CR2/javassist-3.22.0-CR2.jar:/home/user/.m2/repository/org/glassfish/hk2/hk2-api/2.5.0/hk2-api-2.5.0.jar:/home/user/.m2/repository/org/glassfish/hk2/external/jakarta.inject/2.5.0/jakarta.inject-2.5.0.jar:/home/user/.m2/repository/org/glassfish/hk2/hk2-utils/2.5.0/hk2-utils-2.5.0.jar:/home/user/.m2/repository/jakarta/annotation/jakarta.annotation-api/1.3.4/jakarta.annotation-api-1.3.4.jar:/home/user/.m2/repository/org/glassfish/hk2/external/aopalliance-repackaged/2.5.0/aopalliance-repackaged-2.5.0.jar:/home/user/.m2/repository/com/fasterxml/jackson/dataformat/jackson-dataformat-xml/2.9.0/jackson-dataformat-xml-2.9.0.jar:/home/user/.m2/repository/com/fasterxml/jackson/core/jackson-core/2.9.9/jackson-core-2.9.9.jar:/home/user/.m2/repository/com/fasterxml/jackson/module/jackson-module-jaxb-annotations/2.9.9/jackson-module-jaxb-annotations-2.9.9.jar:/home/user/.m2/repository/javax/enterprise/cdi-api/1.2/cdi-api-1.2.jar:/home/user/.m2/repository/javax/el/javax.el-api/3.0.0/javax.el-api-3.0.0.jar:/home/user/.m2/repository/javax/interceptor/javax.interceptor-api/1.2/javax.interceptor-api-1.2.jar:/home/user/.m2/repository/javax/inject/javax.inject/1/javax.inject-1.jar:/home/user/.m2/repository/com/sun/xml/bind/jaxb-impl/2.3.0.1/jaxb-impl-2.3.0.1.jar:/home/user/.m2/repository/com/sun/xml/bind/jaxb-core/2.3.0.1/jaxb-core-2.3.0.1.jar:/home/user/.m2/repository/javax/xml/bind/jaxb-api/2.3.0/jaxb-api-2.3.0.jar:/home/user/.m2/repository/javax/activation/activation/1.1.1/activation-1.1.1.jar:/home/user/.m2/repository/org/apache/hadoop/hadoop-ozone-csi/0.5.0-SNAPSHOT/hadoop-ozone-csi-0.5.0-SNAPSHOT.jar:/home/user/.m2/repository/com/google/protobuf/protobuf-java-util/3.5.1/protobuf-java-util-3.5.1.jar:/home/user/.m2/repository/org/apache/hadoop/hadoop-hdds-config/0.5.0-SNAPSHOT/hadoop-hdds-config-0.5.0-SNAPSHOT.jar:/home/user/.m2/repository/io/grpc/grpc-netty/1.17.1/grpc-netty-1.17.1.jar:/home/user/.m2/repository/io/grpc/grpc-core/1.17.1/grpc-core-1.17.1.jar:/home/user/.m2/repository/io/grpc/grpc-context/1.17.1/grpc-context-1.17.1.jar:/home/user/.m2/repository/com/google/errorprone/error_prone_annotations/2.2.0/error_prone_annotations-2.2.0.jar:/home/user/.m2/repository/org/codehaus/mojo/animal-sniffer-annotations/1.17/animal-sniffer-annotations-1.17.jar:/home/user/.m2/repository/io/opencensus/opencensus-api/0.17.0/opencensus-api-0.17.0.jar:/home/user/.m2/repository/io/opencensus/opencensus-contrib-grpc-metrics/0.17.0/opencensus-contrib-grpc-metrics-0.17.0.jar:/home/user/.m2/repository/io/netty/netty-codec-http2/4.1.30.Final/netty-codec-http2-4.1.30.Final.jar:/home/user/.m2/repository/io/netty/netty-codec-http/4.1.30.Final/netty-codec-http-4.1.30.Final.jar:/home/user/.m2/repository/io/netty/netty-codec/4.1.30.Final/netty-codec-4.1.30.Final.jar:/home/user/.m2/repository/io/netty/netty-handler/4.1.30.Final/netty-handler-4.1.30.Final.jar:/home/user/.m2/repository/io/netty/netty-handler-proxy/4.1.30.Final/netty-handler-proxy-4.1.30.Final.jar:/home/user/.m2/repository/io/netty/netty-codec-socks/4.1.30.Final/netty-codec-socks-4.1.30.Final.jar:/home/user/.m2/repository/io/netty/netty-transport-native-epoll/4.1.30.Final/netty-transport-native-epoll-4.1.30.Final.jar:/home/user/.m2/repository/io/netty/netty-common/4.1.30.Final/netty-common-4.1.30.Final.jar:/home/user/.m2/repository/io/netty/netty-buffer/4.1.30.Final/netty-buffer-4.1.30.Final.jar:/home/user/.m2/repository/io/netty/netty-transport/4.1.30.Final/netty-transport-4.1.30.Final.jar:/home/user/.m2/repository/io/netty/netty-resolver/4.1.30.Final/netty-resolver-4.1.30.Final.jar:/home/user/.m2/repository/io/netty/netty-transport-native-unix-common/4.1.30.Final/netty-transport-native-unix-common-4.1.30.Final.jar:/home/user/.m2/repository/io/grpc/grpc-protobuf/1.17.1/grpc-protobuf-1.17.1.jar:/home/user/.m2/repository/com/google/api/grpc/proto-google-common-protos/1.0.0/proto-google-common-protos-1.0.0.jar:/home/user/.m2/repository/io/grpc/grpc-protobuf-lite/1.17.1/grpc-protobuf-lite-1.17.1.jar:/home/user/.m2/repository/io/grpc/grpc-stub/1.17.1/grpc-stub-1.17.1.jar:/home/user/.m2/repository/org/apache/hadoop/hadoop-ozone-recon/0.5.0-SNAPSHOT/hadoop-ozone-recon-0.5.0-SNAPSHOT.jar:/home/user/.m2/repository/org/apache/hadoop/hadoop-ozone-reconcodegen/0.5.0-SNAPSHOT/hadoop-ozone-reconcodegen-0.5.0-SNAPSHOT.jar:/home/user/.m2/repository/com/google/inject/extensions/guice-multibindings/4.0/guice-multibindings-4.0.jar:/home/user/.m2/repository/com/google/inject/guice/4.0/guice-4.0.jar:/home/user/.m2/repository/aopalliance/aopalliance/1.0/aopalliance-1.0.jar:/home/user/.m2/repository/com/google/inject/extensions/guice-servlet/4.0/guice-servlet-4.0.jar:/home/user/.m2/repository/org/glassfish/jersey/containers/jersey-container-servlet/2.27/jersey-container-servlet-2.27.jar:/home/user/.m2/repository/org/glassfish/hk2/guice-bridge/2.5.0/guice-bridge-2.5.0.jar:/home/user/.m2/repository/org/glassfish/jersey/core/jersey-server/2.27/jersey-server-2.27.jar:/home/user/.m2/repository/org/glassfish/jersey/core/jersey-client/2.27/jersey-client-2.27.jar:/home/user/.m2/repository/org/glassfish/jersey/media/jersey-media-jaxb/2.27/jersey-media-jaxb-2.27.jar:/home/user/.m2/repository/javax/validation/validation-api/1.1.0.Final/validation-api-1.1.0.Final.jar:/home/user/.m2/repository/org/glassfish/jersey/media/jersey-media-json-jackson/2.27/jersey-media-json-jackson-2.27.jar:/home/user/.m2/repository/org/glassfish/jersey/ext/jersey-entity-filtering/2.27/jersey-entity-filtering-2.27.jar:/home/user/.m2/repository/com/google/inject/extensions/guice-assistedinject/4.0/guice-assistedinject-4.0.jar:/home/user/.m2/repository/org/jooq/jooq/3.11.10/jooq-3.11.10.jar:/home/user/.m2/repository/org/jooq/jooq-meta/3.11.10/jooq-meta-3.11.10.jar:/home/user/.m2/repository/org/jooq/jooq-codegen/3.11.10/jooq-codegen-3.11.10.jar:/home/user/.m2/repository/com/jolbox/bonecp/0.8.0.RELEASE/bonecp-0.8.0.RELEASE.jar:/home/user/.m2/repository/org/xerial/sqlite-jdbc/3.25.2/sqlite-jdbc-3.25.2.jar:/home/user/.m2/repository/org/springframework/spring-jdbc/5.1.3.RELEASE/spring-jdbc-5.1.3.RELEASE.jar:/home/user/.m2/repository/org/springframework/spring-beans/5.1.3.RELEASE/spring-beans-5.1.3.RELEASE.jar:/home/user/.m2/repository/org/springframework/spring-core/5.1.3.RELEASE/spring-core-5.1.3.RELEASE.jar:/home/user/.m2/repository/org/springframework/spring-jcl/5.1.3.RELEASE/spring-jcl-5.1.3.RELEASE.jar:/home/user/.m2/repository/org/springframework/spring-tx/5.1.3.RELEASE/spring-tx-5.1.3.RELEASE.jar:/home/user/.m2/repository/org/apache/hadoop/hadoop-ozone-client/0.5.0-SNAPSHOT/hadoop-ozone-client-0.5.0-SNAPSHOT.jar:/home/user/.m2/repository/commons-lang/commons-lang/2.6/commons-lang-2.6.jar:/home/user/.m2/repository/org/apache/hadoop/hadoop-ozone-ozone-manager/0.5.0-SNAPSHOT/hadoop-ozone-ozone-manager-0.5.0-SNAPSHOT-tests.jar:/home/user/.m2/repository/junit/junit/4.11/junit-4.11.jar:/home/user/.m2/repository/org/hamcrest/hamcrest-core/1.3/hamcrest-core-1.3.jar:/home/user/.m2/repository/org/openjdk/jmh/jmh-core/1.19/jmh-core-1.19.jar:/home/user/.m2/repository/net/sf/jopt-simple/jopt-simple/4.6/jopt-simple-4.6.jar:/home/user/.m2/repository/org/apache/commons/commons-math3/3.1.1/commons-math3-3.1.1.jar:/home/user/.m2/repository/org/openjdk/jmh/jmh-generator-annprocess/1.19/jmh-generator-annprocess-1.19.jar:/home/user/.m2/repository/org/mockito/mockito-all/1.8.5/mockito-all-1.8.5.jar:/home/user/.m2/repository/org/apache/hadoop/hadoop-kms/3.2.0/hadoop-kms-3.2.0.jar:/home/user/.m2/repository/org/apache/hadoop/hadoop-auth/3.2.0/hadoop-auth-3.2.0.jar:/home/user/.m2/repository/com/nimbusds/nimbus-jose-jwt/4.41.1/nimbus-jose-jwt-4.41.1.jar:/home/user/.m2/repository/com/github/stephenc/jcip/jcip-annotations/1.0-1/jcip-annotations-1.0-1.jar:/home/user/.m2/repository/net/minidev/json-smart/2.3/json-smart-2.3.jar:/home/user/.m2/repository/net/minidev/accessors-smart/1.2/accessors-smart-1.2.jar:/home/user/.m2/repository/org/ow2/asm/asm/5.0.4/asm-5.0.4.jar:/home/user/.m2/repository/org/apache/curator/curator-framework/2.12.0/curator-framework-2.12.0.jar:/home/user/.m2/repository/com/sun/jersey/jersey-core/1.19/jersey-core-1.19.jar:/home/user/.m2/repository/javax/ws/rs/jsr311-api/1.1.1/jsr311-api-1.1.1.jar:/home/user/.m2/repository/com/sun/jersey/jersey-server/1.19/jersey-server-1.19.jar:/home/user/.m2/repository/javax/servlet/javax.servlet-api/3.1.0/javax.servlet-api-3.1.0.jar:/home/user/.m2/repository/org/eclipse/jetty/jetty-server/9.3.25.v20180904/jetty-server-9.3.25.v20180904.jar:/home/user/.m2/repository/org/eclipse/jetty/jetty-http/9.3.25.v20180904/jetty-http-9.3.25.v20180904.jar:/home/user/.m2/repository/org/eclipse/jetty/jetty-io/9.3.25.v20180904/jetty-io-9.3.25.v20180904.jar:/home/user/.m2/repository/org/eclipse/jetty/jetty-webapp/9.3.25.v20180904/jetty-webapp-9.3.25.v20180904.jar:/home/user/.m2/repository/org/eclipse/jetty/jetty-xml/9.3.25.v20180904/jetty-xml-9.3.25.v20180904.jar:/home/user/.m2/repository/log4j/log4j/1.2.17/log4j-1.2.17.jar:/home/user/.m2/repository/org/slf4j/slf4j-api/1.7.25/slf4j-api-1.7.25.jar:/home/user/.m2/repository/org/slf4j/jul-to-slf4j/1.7.25/jul-to-slf4j-1.7.25.jar:/home/user/.m2/repository/org/eclipse/jetty/jetty-util/9.3.25.v20180904/jetty-util-9.3.25.v20180904.jar:/home/user/.m2/repository/com/fasterxml/jackson/core/jackson-databind/2.9.9/jackson-databind-2.9.9.jar:/home/user/.m2/repository/org/apache/hadoop/hadoop-kms/3.2.0/hadoop-kms-3.2.0-tests.jar:/home/user/.m2/repository/org/apache/hadoop/hadoop-hdds-server-scm/0.5.0-SNAPSHOT/hadoop-hdds-server-scm-0.5.0-SNAPSHOT-tests.jar:/home/user/.m2/repository/org/apache/hadoop/hadoop-hdds-container-service/0.5.0-SNAPSHOT/hadoop-hdds-container-service-0.5.0-SNAPSHOT-tests.jar:/home/user/.m2/repository/org/yaml/snakeyaml/1.16/snakeyaml-1.16.jar:/home/user/.m2/repository/org/apache/hadoop/hadoop-common/3.2.0/hadoop-common-3.2.0-tests.jar:/home/user/.m2/repository/org/apache/hadoop/hadoop-annotations/3.2.0/hadoop-annotations-3.2.0.jar:/usr/lib/jvm/java-1.8-openjdk/jre/../lib/tools.jar:/home/user/.m2/repository/commons-cli/commons-cli/1.2/commons-cli-1.2.jar:/home/user/.m2/repository/org/apache/httpcomponents/httpclient/4.5.2/httpclient-4.5.2.jar:/home/user/.m2/repository/org/apache/httpcomponents/httpcore/4.4.4/httpcore-4.4.4.jar:/home/user/.m2/repository/commons-codec/commons-codec/1.11/commons-codec-1.11.jar:/home/user/.m2/repository/commons-net/commons-net/3.6/commons-net-3.6.jar:/home/user/.m2/repository/commons-collections/commons-collections/3.2.2/commons-collections-3.2.2.jar:/home/user/.m2/repository/org/eclipse/jetty/jetty-servlet/9.3.25.v20180904/jetty-servlet-9.3.25.v20180904.jar:/home/user/.m2/repository/org/eclipse/jetty/jetty-security/9.3.25.v20180904/jetty-security-9.3.25.v20180904.jar:/home/user/.m2/repository/javax/servlet/jsp/jsp-api/2.1/jsp-api-2.1.jar:/home/user/.m2/repository/com/sun/jersey/jersey-servlet/1.19/jersey-servlet-1.19.jar:/home/user/.m2/repository/com/sun/jersey/jersey-json/1.19/jersey-json-1.19.jar:/home/user/.m2/repository/org/codehaus/jettison/jettison/1.1/jettison-1.1.jar:/home/user/.m2/repository/org/codehaus/jackson/jackson-core-asl/1.9.13/jackson-core-asl-1.9.13.jar:/home/user/.m2/repository/org/codehaus/jackson/jackson-mapper-asl/1.9.13/jackson-mapper-asl-1.9.13.jar:/home/user/.m2/repository/org/codehaus/jackson/jackson-jaxrs/1.9.13/jackson-jaxrs-1.9.13.jar:/home/user/.m2/repository/org/codehaus/jackson/jackson-xc/1.9.13/jackson-xc-1.9.13.jar:/home/user/.m2/repository/commons-logging/commons-logging/1.1.3/commons-logging-1.1.3.jar:/home/user/.m2/repository/commons-beanutils/commons-beanutils/1.9.4/commons-beanutils-1.9.4.jar:/home/user/.m2/repository/org/apache/commons/commons-configuration2/2.1.1/commons-configuration2-2.1.1.jar:/home/user/.m2/repository/org/apache/commons/commons-lang3/3.7/commons-lang3-3.7.jar:/home/user/.m2/repository/org/apache/commons/commons-text/1.4/commons-text-1.4.jar:/home/user/.m2/repository/org/apache/avro/avro/1.7.7/avro-1.7.7.jar:/home/user/.m2/repository/com/thoughtworks/paranamer/paranamer/2.3/paranamer-2.3.jar:/home/user/.m2/repository/org/xerial/snappy/snappy-java/1.0.5/snappy-java-1.0.5.jar:/home/user/.m2/repository/com/google/re2j/re2j/1.1/re2j-1.1.jar:/home/user/.m2/repository/com/google/code/gson/gson/2.2.4/gson-2.2.4.jar:/home/user/.m2/repository/com/jcraft/jsch/0.1.54/jsch-0.1.54.jar:/home/user/.m2/repository/org/apache/curator/curator-client/2.12.0/curator-client-2.12.0.jar:/home/user/.m2/repository/org/apache/curator/curator-recipes/2.12.0/curator-recipes-2.12.0.jar:/home/user/.m2/repository/com/google/code/findbugs/jsr305/3.0.0/jsr305-3.0.0.jar:/home/user/.m2/repository/org/apache/htrace/htrace-core4/4.1.0-incubating/htrace-core4-4.1.0-incubating.jar:/home/user/.m2/repository/org/apache/zookeeper/zookeeper/3.4.13/zookeeper-3.4.13.jar:/home/user/.m2/repository/jline/jline/0.9.94/jline-0.9.94.jar:/home/user/.m2/repository/org/apache/yetus/audience-annotations/0.5.0/audience-annotations-0.5.0.jar:/home/user/.m2/repository/org/codehaus/woodstox/stax2-api/3.1.4/stax2-api-3.1.4.jar:/home/user/.m2/repository/com/fasterxml/woodstox/woodstox-core/5.0.3/woodstox-core-5.0.3.jar:/home/user/.m2/repository/dnsjava/dnsjava/2.1.7/dnsjava-2.1.7.jar:/home/user/.m2/repository/org/apache/hadoop/hadoop-hdfs/3.2.0/hadoop-hdfs-3.2.0-tests.jar:/home/user/.m2/repository/org/eclipse/jetty/jetty-util-ajax/9.3.25.v20180904/jetty-util-ajax-9.3.25.v20180904.jar:/home/user/.m2/repository/commons-daemon/commons-daemon/1.0.13/commons-daemon-1.0.13.jar:/home/user/.m2/repository/io/netty/netty/3.10.5.Final/netty-3.10.5.Final.jar:/home/user/.m2/repository/io/netty/netty-all/4.0.52.Final/netty-all-4.0.52.Final.jar:/home/user/.m2/repository/org/fusesource/leveldbjni/leveldbjni-all/1.8/leveldbjni-all-1.8.jar:"/>
    <property name="sun.cpu.endian" value="little"/>
    <property name="user.home" value="/home/user"/>
    <property name="user.language" value="en"/>
    <property name="java.specification.vendor" value="Oracle Corporation"/>
    <property name="java.home" value="/usr/lib/jvm/java-1.8-openjdk/jre"/>
    <property name="java.security.krb5.conf" value="/workdir/hadoop-ozone/integration-test/target/test-classes/krb5.conf"/>
    <property name="basedir" value="/workdir/hadoop-ozone/integration-test"/>
    <property name="file.separator" value="/"/>
    <property name="line.separator" value="&#10;"/>
    <property name="java.vm.specification.vendor" value="Oracle Corporation"/>
    <property name="java.specification.name" value="Java Platform API Specification"/>
    <property name="java.awt.graphicsenv" value="sun.awt.X11GraphicsEnvironment"/>
    <property name="surefire.real.class.path" value="/workdir/hadoop-ozone/integration-test/target/surefire/surefirebooter4259221877046540912.jar"/>
    <property name="hadoop.log.dir" value="/workdir/hadoop-ozone/integration-test/target/log"/>
    <property name="sun.boot.class.path" value="/usr/lib/jvm/java-1.8-openjdk/jre/lib/resources.jar:/usr/lib/jvm/java-1.8-openjdk/jre/lib/rt.jar:/usr/lib/jvm/java-1.8-openjdk/jre/lib/sunrsasign.jar:/usr/lib/jvm/java-1.8-openjdk/jre/lib/jsse.jar:/usr/lib/jvm/java-1.8-openjdk/jre/lib/jce.jar:/usr/lib/jvm/java-1.8-openjdk/jre/lib/charsets.jar:/usr/lib/jvm/java-1.8-openjdk/jre/lib/jfr.jar:/usr/lib/jvm/java-1.8-openjdk/jre/classes"/>
    <property name="sun.management.compiler" value="HotSpot 64-Bit Tiered Compilers"/>
    <property name="java.runtime.version" value="1.8.0_212-b04"/>
    <property name="java.net.preferIPv4Stack" value="true"/>
    <property name="user.name" value="jenkins1000"/>
    <property name="path.separator" value=":"/>
    <property name="java.security.egd" value="file:///dev/urandom"/>
    <property name="os.version" value="3.10.0-957.12.2.el7.x86_64"/>
    <property name="java.endorsed.dirs" value="/usr/lib/jvm/java-1.8-openjdk/jre/lib/endorsed"/>
    <property name="java.runtime.name" value="OpenJDK Runtime Environment"/>
    <property name="file.encoding" value="UTF-8"/>
    <property name="java.vm.name" value="OpenJDK 64-Bit Server VM"/>
    <property name="test.build.webapps" value=""/>
    <property name="localRepository" value="/home/user/.m2/repository"/>
    <property name="java.vendor.url.bug" value="https://icedtea.classpath.org/bugzilla"/>
    <property name="java.io.tmpdir" value="/tmp"/>
    <property name="require.test.libhadoop" value=""/>
    <property name="java.version" value="1.8.0_212"/>
    <property name="user.dir" value="/workdir/hadoop-ozone/integration-test"/>
    <property name="os.arch" value="amd64"/>
    <property name="java.vm.specification.name" value="Java Virtual Machine Specification"/>
    <property name="test.build.classes" value="/workdir/hadoop-ozone/integration-test/target/test-classes"/>
    <property name="java.awt.printerjob" value="sun.print.PSPrinterJob"/>
    <property name="sun.os.patch.level" value="unknown"/>
    <property name="hadoop.tmp.dir" value="/workdir/hadoop-ozone/integration-test/target/tmp"/>
    <property name="java.library.path" value="/usr/lib/jvm/java-1.8-openjdk/jre/lib/amd64/server:/usr/lib/jvm/java-1.8-openjdk/jre/lib/amd64:/usr/lib/jvm/java-1.8-openjdk/jre/../lib/amd64:/workdir/hadoop-ozone/integration-test/target/native/target/usr/local/lib:/workdir/hadoop-ozone/integration-test/../../hadoop-common-project/hadoop-common/target/native/target/usr/local/lib:/usr/java/packages/lib/amd64:/usr/lib64:/lib64:/lib:/usr/lib"/>
    <property name="java.vm.info" value="mixed mode"/>
    <property name="java.vendor" value="IcedTea"/>
    <property name="java.vm.version" value="25.212-b04"/>
    <property name="java.ext.dirs" value="/usr/lib/jvm/java-1.8-openjdk/jre/lib/ext:/usr/java/packages/lib/ext"/>
    <property name="sun.io.unicode.encoding" value="UnicodeLittle"/>
    <property name="java.class.version" value="52.0"/>
  </properties>
  <testcase name="test2WayCommitForRetryfailure" classname="org.apache.hadoop.ozone.client.rpc.Test2WayCommitInRatis" time="34.955">
    <error message="org.apache.ratis.protocol.RaftRetryFailureException: Failed RaftClientRequest:client-DD87F5F7B6DD-&gt;32d50e58-0e8b-44bb-a013-d28b85576746@group-F987CDCB05C7, cid=17, seq=2*, RW, org.apache.hadoop.hdds.scm.XceiverClientRatis$$Lambda$326/686717934@36774b5c for 20 attempts with RetryLimited(maxAttempts=20, sleepTime=1000ms)" type="java.util.concurrent.ExecutionException">java.util.concurrent.ExecutionException: org.apache.ratis.protocol.RaftRetryFailureException: Failed RaftClientRequest:client-DD87F5F7B6DD->32d50e58-0e8b-44bb-a013-d28b85576746@group-F987CDCB05C7, cid=17, seq=2*, RW, org.apache.hadoop.hdds.scm.XceiverClientRatis$$Lambda$326/686717934@36774b5c for 20 attempts with RetryLimited(maxAttempts=20, sleepTime=1000ms)
	at java.util.concurrent.CompletableFuture.reportGet(CompletableFuture.java:357)
	at java.util.concurrent.CompletableFuture.get(CompletableFuture.java:1895)
	at org.apache.hadoop.ozone.client.rpc.Test2WayCommitInRatis.test2WayCommitForRetryfailure(Test2WayCommitInRatis.java:145)
	at sun.reflect.NativeMethodAccessorImpl.invoke0(Native Method)
	at sun.reflect.NativeMethodAccessorImpl.invoke(NativeMethodAccessorImpl.java:62)
	at sun.reflect.DelegatingMethodAccessorImpl.invoke(DelegatingMethodAccessorImpl.java:43)
	at java.lang.reflect.Method.invoke(Method.java:498)
	at org.junit.runners.model.FrameworkMethod$1.runReflectiveCall(FrameworkMethod.java:47)
	at org.junit.internal.runners.model.ReflectiveCallable.run(ReflectiveCallable.java:12)
	at org.junit.runners.model.FrameworkMethod.invokeExplosively(FrameworkMethod.java:44)
	at org.junit.internal.runners.statements.InvokeMethod.evaluate(InvokeMethod.java:17)
	at org.junit.runners.ParentRunner.runLeaf(ParentRunner.java:271)
	at org.junit.runners.BlockJUnit4ClassRunner.runChild(BlockJUnit4ClassRunner.java:70)
	at org.junit.runners.BlockJUnit4ClassRunner.runChild(BlockJUnit4ClassRunner.java:50)
	at org.junit.runners.ParentRunner$3.run(ParentRunner.java:238)
	at org.junit.runners.ParentRunner$1.schedule(ParentRunner.java:63)
	at org.junit.runners.ParentRunner.runChildren(ParentRunner.java:236)
	at org.junit.runners.ParentRunner.access$000(ParentRunner.java:53)
	at org.junit.runners.ParentRunner$2.evaluate(ParentRunner.java:229)
	at org.junit.runners.ParentRunner.run(ParentRunner.java:309)
	at org.apache.maven.surefire.junit4.JUnit4Provider.execute(JUnit4Provider.java:365)
	at org.apache.maven.surefire.junit4.JUnit4Provider.executeWithRerun(JUnit4Provider.java:273)
	at org.apache.maven.surefire.junit4.JUnit4Provider.executeTestSet(JUnit4Provider.java:238)
	at org.apache.maven.surefire.junit4.JUnit4Provider.invoke(JUnit4Provider.java:159)
	at org.apache.maven.surefire.booter.ForkedBooter.invokeProviderInSameClassLoader(ForkedBooter.java:384)
	at org.apache.maven.surefire.booter.ForkedBooter.runSuitesInProcess(ForkedBooter.java:345)
	at org.apache.maven.surefire.booter.ForkedBooter.execute(ForkedBooter.java:126)
	at org.apache.maven.surefire.booter.ForkedBooter.main(ForkedBooter.java:418)
Caused by: org.apache.ratis.protocol.RaftRetryFailureException: Failed RaftClientRequest:client-DD87F5F7B6DD->32d50e58-0e8b-44bb-a013-d28b85576746@group-F987CDCB05C7, cid=17, seq=2*, RW, org.apache.hadoop.hdds.scm.XceiverClientRatis$$Lambda$326/686717934@36774b5c for 20 attempts with RetryLimited(maxAttempts=20, sleepTime=1000ms)
	at org.apache.ratis.client.impl.RaftClientImpl.noMoreRetries(RaftClientImpl.java:271)
	at org.apache.ratis.client.impl.OrderedAsync.handleAsyncRetryFailure(OrderedAsync.java:138)
	at org.apache.ratis.client.impl.OrderedAsync.lambda$sendRequest$10(OrderedAsync.java:230)
	at java.util.concurrent.CompletableFuture.uniExceptionally(CompletableFuture.java:870)
	at java.util.concurrent.CompletableFuture$UniExceptionally.tryFire(CompletableFuture.java:852)
	at java.util.concurrent.CompletableFuture.postComplete(CompletableFuture.java:474)
	at java.util.concurrent.CompletableFuture.completeExceptionally(CompletableFuture.java:1977)
	at org.apache.ratis.grpc.client.GrpcClientProtocolClient$AsyncStreamObservers.completeReplyExceptionally(GrpcClientProtocolClient.java:339)
	at org.apache.ratis.grpc.client.GrpcClientProtocolClient$AsyncStreamObservers.access$000(GrpcClientProtocolClient.java:255)
	at org.apache.ratis.grpc.client.GrpcClientProtocolClient$AsyncStreamObservers$1.onNext(GrpcClientProtocolClient.java:267)
	at org.apache.ratis.grpc.client.GrpcClientProtocolClient$AsyncStreamObservers$1.onNext(GrpcClientProtocolClient.java:258)
	at org.apache.ratis.thirdparty.io.grpc.stub.ClientCalls$StreamObserverToCallListenerAdapter.onMessage(ClientCalls.java:421)
	at org.apache.ratis.thirdparty.io.grpc.ForwardingClientCallListener.onMessage(ForwardingClientCallListener.java:33)
	at org.apache.ratis.thirdparty.io.grpc.ForwardingClientCallListener.onMessage(ForwardingClientCallListener.java:33)
	at org.apache.ratis.thirdparty.io.grpc.internal.ClientCallImpl$ClientStreamListenerImpl$1MessagesAvailable.runInContext(ClientCallImpl.java:519)
	at org.apache.ratis.thirdparty.io.grpc.internal.ContextRunnable.run(ContextRunnable.java:37)
	at org.apache.ratis.thirdparty.io.grpc.internal.SerializingExecutor.run(SerializingExecutor.java:123)
	at java.util.concurrent.ThreadPoolExecutor.runWorker(ThreadPoolExecutor.java:1149)
	at java.util.concurrent.ThreadPoolExecutor$Worker.run(ThreadPoolExecutor.java:624)
	at java.lang.Thread.run(Thread.java:748)
Caused by: org.apache.ratis.protocol.NotLeaderException: Server 32d50e58-0e8b-44bb-a013-d28b85576746@group-F987CDCB05C7 is not the leader
	at org.apache.ratis.client.impl.ClientProtoUtils.toRaftClientReply(ClientProtoUtils.java:243)
	at org.apache.ratis.grpc.client.GrpcClientProtocolClient$AsyncStreamObservers$1.onNext(GrpcClientProtocolClient.java:263)
	... 10 more
</error>
    <system-out><![CDATA[2019-09-29 11:07:48,175 [main] WARN  server.ServerUtils (ServerUtils.java:getScmDbDir(145)) - ozone.scm.db.dirs is not configured. We recommend adding this setting. Falling back to ozone.metadata.dirs instead.
2019-09-29 11:07:48,280 [main] WARN  server.ServerUtils (ServerUtils.java:getScmDbDir(145)) - ozone.scm.db.dirs is not configured. We recommend adding this setting. Falling back to ozone.metadata.dirs instead.
2019-09-29 11:07:48,282 [main] WARN  server.ServerUtils (ServerUtils.java:getScmDbDir(145)) - ozone.scm.db.dirs is not configured. We recommend adding this setting. Falling back to ozone.metadata.dirs instead.
2019-09-29 11:07:48,298 [main] INFO  util.log (Log.java:initialized(192)) - Logging initialized @764ms
2019-09-29 11:07:48,382 [main] INFO  db.DBStoreBuilder (DBStoreBuilder.java:addTable(110)) - using custom profile for table: deletedBlocks
2019-09-29 11:07:48,382 [main] INFO  db.DBStoreBuilder (DBStoreBuilder.java:processTables(161)) - Using default column profile:DBProfile.DISK for Table:deletedBlocks
2019-09-29 11:07:48,383 [main] INFO  db.DBStoreBuilder (DBStoreBuilder.java:addTable(110)) - using custom profile for table: validCerts
2019-09-29 11:07:48,383 [main] INFO  db.DBStoreBuilder (DBStoreBuilder.java:processTables(161)) - Using default column profile:DBProfile.DISK for Table:validCerts
2019-09-29 11:07:48,383 [main] INFO  db.DBStoreBuilder (DBStoreBuilder.java:addTable(110)) - using custom profile for table: revokedCerts
2019-09-29 11:07:48,383 [main] INFO  db.DBStoreBuilder (DBStoreBuilder.java:processTables(161)) - Using default column profile:DBProfile.DISK for Table:revokedCerts
2019-09-29 11:07:48,393 [main] INFO  db.DBStoreBuilder (DBStoreBuilder.java:addTable(110)) - using custom profile for table: default
2019-09-29 11:07:48,393 [main] INFO  db.DBStoreBuilder (DBStoreBuilder.java:processTables(167)) - Using default column profile:DBProfile.DISK for Table:default
2019-09-29 11:07:48,394 [main] INFO  db.DBStoreBuilder (DBStoreBuilder.java:getDbProfile(198)) - Using default options. DBProfile.DISK
2019-09-29 11:07:48,756 [main] INFO  net.NodeSchemaLoader (NodeSchemaLoader.java:loadSchemaFromFile(125)) - Loading file from sun.misc.CompoundEnumeration@77888435
2019-09-29 11:07:48,758 [main] INFO  net.NodeSchemaLoader (NodeSchemaLoader.java:loadSchema(171)) - Loading network topology layer schema file
2019-09-29 11:07:48,820 [main] WARN  server.ServerUtils (ServerUtils.java:sanitizeUserArgs(70)) - ozone.scm.stale.node.interval value = 300000 is larger than max = 100000 based on the key value of ozone.scm.heartbeat.thread.interval, reset to the max value 100000.
2019-09-29 11:07:48,823 [main] WARN  server.ServerUtils (ServerUtils.java:sanitizeUserArgs(70)) - ozone.scm.stale.node.interval value = 300000 is larger than max = 100000 based on the key value of ozone.scm.heartbeat.thread.interval, reset to the max value 100000.
2019-09-29 11:07:48,826 [main] INFO  node.SCMNodeManager (SCMNodeManager.java:<init>(114)) - Entering startup safe mode.
2019-09-29 11:07:48,909 [main] INFO  algorithms.ContainerPlacementPolicyFactory (ContainerPlacementPolicyFactory.java:getPolicy(59)) - Create container placement policy of type org.apache.hadoop.hdds.scm.container.placement.algorithms.SCMContainerPlacementRandom
2019-09-29 11:07:48,924 [main] WARN  server.ServerUtils (ServerUtils.java:getScmDbDir(145)) - ozone.scm.db.dirs is not configured. We recommend adding this setting. Falling back to ozone.metadata.dirs instead.
2019-09-29 11:07:49,039 [main] INFO  pipeline.SCMPipelineManager (SCMPipelineManager.java:initializePipelineState(137)) - No pipeline exists in current db
2019-09-29 11:07:49,042 [main] WARN  server.ServerUtils (ServerUtils.java:getScmDbDir(145)) - ozone.scm.db.dirs is not configured. We recommend adding this setting. Falling back to ozone.metadata.dirs instead.
2019-09-29 11:07:49,207 [main] WARN  events.EventQueue (EventQueue.java:fireEvent(183)) - No event handler registered for event TypedEvent{payloadType=SafeModeStatus, name='SafeModeStatus'}
2019-09-29 11:07:49,586 [main] INFO  ipc.CallQueueManager (CallQueueManager.java:<init>(84)) - Using callQueue: class java.util.concurrent.LinkedBlockingQueue, queueCapacity: 2000, scheduler: class org.apache.hadoop.ipc.DefaultRpcScheduler, ipcBackoff: false.
2019-09-29 11:07:49,616 [Socket Reader #1 for port 37269] INFO  ipc.Server (Server.java:run(1074)) - Starting Socket Reader #1 for port 37269
2019-09-29 11:07:49,801 [main] INFO  ipc.CallQueueManager (CallQueueManager.java:<init>(84)) - Using callQueue: class java.util.concurrent.LinkedBlockingQueue, queueCapacity: 2000, scheduler: class org.apache.hadoop.ipc.DefaultRpcScheduler, ipcBackoff: false.
2019-09-29 11:07:49,803 [Socket Reader #1 for port 40607] INFO  ipc.Server (Server.java:run(1074)) - Starting Socket Reader #1 for port 40607
2019-09-29 11:07:49,816 [main] INFO  ipc.CallQueueManager (CallQueueManager.java:<init>(84)) - Using callQueue: class java.util.concurrent.LinkedBlockingQueue, queueCapacity: 2000, scheduler: class org.apache.hadoop.ipc.DefaultRpcScheduler, ipcBackoff: false.
2019-09-29 11:07:49,817 [Socket Reader #1 for port 34923] INFO  ipc.Server (Server.java:run(1074)) - Starting Socket Reader #1 for port 34923
2019-09-29 11:07:49,847 [main] INFO  hdfs.DFSUtil (DFSUtil.java:httpServerTemplateForNNAndJN(1641)) - Starting Web-server for scm at: http://0.0.0.0:0
2019-09-29 11:07:50,004 [main] INFO  server.AuthenticationFilter (AuthenticationFilter.java:constructSecretProvider(240)) - Unable to initialize FileSignerSecretProvider, falling back to use random secrets.
2019-09-29 11:07:50,012 [main] WARN  http.HttpRequestLog (HttpRequestLog.java:getRequestLog(97)) - Jetty request log can only be enabled using Log4j
2019-09-29 11:07:50,020 [main] INFO  http.HttpServer2 (HttpServer2.java:addGlobalFilter(975)) - Added global filter 'safety' (class=org.apache.hadoop.http.HttpServer2$QuotingInputFilter)
2019-09-29 11:07:50,023 [main] INFO  http.HttpServer2 (HttpServer2.java:addFilter(948)) - Added filter static_user_filter (class=org.apache.hadoop.http.lib.StaticUserWebFilter$StaticUserFilter) to context scm
2019-09-29 11:07:50,023 [main] INFO  http.HttpServer2 (HttpServer2.java:addFilter(958)) - Added filter static_user_filter (class=org.apache.hadoop.http.lib.StaticUserWebFilter$StaticUserFilter) to context logs
2019-09-29 11:07:50,023 [main] INFO  http.HttpServer2 (HttpServer2.java:addFilter(958)) - Added filter static_user_filter (class=org.apache.hadoop.http.lib.StaticUserWebFilter$StaticUserFilter) to context static
2019-09-29 11:07:50,053 [main] INFO  server.StorageContainerManager (StorageContainerManager.java:start(770)) - StorageContainerLocationProtocol RPC server is listening at /0.0.0.0:34923
2019-09-29 11:07:50,138 [main] WARN  impl.MetricsConfig (MetricsConfig.java:loadFirst(134)) - Cannot locate configuration: tried hadoop-metrics2-storagecontainermanager.properties,hadoop-metrics2.properties
2019-09-29 11:07:50,155 [main] INFO  impl.MetricsSystemImpl (MetricsSystemImpl.java:startTimer(374)) - Scheduled Metric snapshot period at 10 second(s).
2019-09-29 11:07:50,155 [main] INFO  impl.MetricsSystemImpl (MetricsSystemImpl.java:start(191)) - StorageContainerManager metrics system started
2019-09-29 11:07:50,422 [main] INFO  server.SCMClientProtocolServer (SCMClientProtocolServer.java:start(151)) - RPC server for Client  is listening at /0.0.0.0:34923
2019-09-29 11:07:50,423 [IPC Server Responder] INFO  ipc.Server (Server.java:run(1314)) - IPC Server Responder: starting
2019-09-29 11:07:50,423 [IPC Server listener on 34923] INFO  ipc.Server (Server.java:run(1153)) - IPC Server listener on 34923: starting
2019-09-29 11:07:50,425 [main] INFO  server.StorageContainerManager (StorageContainerManager.java:start(780)) - ScmBlockLocationProtocol RPC server is listening at /0.0.0.0:40607
2019-09-29 11:07:50,427 [main] INFO  server.SCMBlockProtocolServer (SCMBlockProtocolServer.java:start(146)) - RPC server for Block Protocol is listening at /0.0.0.0:40607
2019-09-29 11:07:50,427 [IPC Server Responder] INFO  ipc.Server (Server.java:run(1314)) - IPC Server Responder: starting
2019-09-29 11:07:50,427 [IPC Server listener on 40607] INFO  ipc.Server (Server.java:run(1153)) - IPC Server listener on 40607: starting
2019-09-29 11:07:50,430 [main] INFO  server.StorageContainerManager (StorageContainerManager.java:start(784)) - ScmDatanodeProtocl RPC server is listening at /0.0.0.0:37269
2019-09-29 11:07:50,430 [main] INFO  server.SCMDatanodeProtocolServer (SCMDatanodeProtocolServer.java:start(191)) - RPC server for DataNodes is listening at /0.0.0.0:37269
2019-09-29 11:07:50,431 [IPC Server Responder] INFO  ipc.Server (Server.java:run(1314)) - IPC Server Responder: starting
2019-09-29 11:07:50,431 [IPC Server listener on 37269] INFO  ipc.Server (Server.java:run(1153)) - IPC Server listener on 37269: starting
2019-09-29 11:07:50,434 [main] INFO  http.HttpServer2 (HttpServer2.java:bindListener(1191)) - Jetty bound to port 36423
2019-09-29 11:07:50,436 [main] INFO  server.Server (Server.java:doStart(351)) - jetty-9.3.25.v20180904, build timestamp: 2018-09-04T21:11:46Z, git hash: 3ce520221d0240229c862b122d2b06c12a625732
2019-09-29 11:07:50,472 [main] INFO  handler.ContextHandler (ContextHandler.java:doStart(781)) - Started o.e.j.s.ServletContextHandler@3e821657{/logs,file:///workdir/hadoop-ozone/integration-test/target/log,AVAILABLE}
2019-09-29 11:07:50,472 [main] INFO  handler.ContextHandler (ContextHandler.java:doStart(781)) - Started o.e.j.s.ServletContextHandler@71cf1b07{/static,file:///workdir/hadoop-ozone/integration-test/target/test-classes/webapps/static,AVAILABLE}
2019-09-29 11:07:50,505 [main] INFO  handler.ContextHandler (ContextHandler.java:doStart(781)) - Started o.e.j.w.WebAppContext@69f63d95{/,file:///workdir/hadoop-ozone/integration-test/target/test-classes/webapps/scm/,AVAILABLE}{/scm}
2019-09-29 11:07:50,511 [main] INFO  server.AbstractConnector (AbstractConnector.java:doStart(278)) - Started ServerConnector@72c927f1{HTTP/1.1,[http/1.1]}{0.0.0.0:36423}
2019-09-29 11:07:50,511 [main] INFO  server.Server (Server.java:doStart(419)) - Started @2978ms
2019-09-29 11:07:50,513 [main] INFO  impl.MetricsSinkAdapter (MetricsSinkAdapter.java:start(204)) - Sink prometheus started
2019-09-29 11:07:50,514 [main] INFO  impl.MetricsSystemImpl (MetricsSystemImpl.java:registerSink(301)) - Registered sink prometheus
2019-09-29 11:07:50,515 [main] INFO  server.BaseHttpServer (BaseHttpServer.java:updateConnectorAddress(215)) - HTTP server of SCM is listening at http://0.0.0.0:36423
2019-09-29 11:07:50,521 [org.apache.hadoop.util.JvmPauseMonitor$Monitor@532721fd] INFO  util.JvmPauseMonitor (JvmPauseMonitor.java:run(188)) - Starting JVM pause monitor
2019-09-29 11:07:50,523 [main] WARN  server.ServerUtils (ServerUtils.java:getDBPath(222)) - ozone.om.db.dirs is not configured. We recommend adding this setting. Falling back to ozone.metadata.dirs instead.
2019-09-29 11:07:50,640 [main] WARN  server.ServerUtils (ServerUtils.java:getDBPath(222)) - ozone.om.db.dirs is not configured. We recommend adding this setting. Falling back to ozone.metadata.dirs instead.
2019-09-29 11:07:50,641 [main] WARN  server.ServerUtils (ServerUtils.java:getDBPath(222)) - ozone.om.db.dirs is not configured. We recommend adding this setting. Falling back to ozone.metadata.dirs instead.
2019-09-29 11:07:50,642 [main] INFO  om.OzoneManager (OzoneManager.java:setOMNodeDetails(652)) - OM Service ID is not set. Setting it to the default ID: omServiceIdDefault
2019-09-29 11:07:50,642 [main] INFO  om.OzoneManager (OzoneManager.java:setOMNodeDetails(658)) - OM Node ID is not set. Setting it to the OmStorage's OmID: eb8e0565-006d-456a-b286-a4a046dc401f
2019-09-29 11:07:50,643 [main] INFO  om.OzoneManager (OzoneManager.java:loadOMHAConfigs(609)) - Found matching OM address with OMServiceId: null, OMNodeId: null, RPC Address: localhost:0 and Ratis port: 9872
2019-09-29 11:07:51,380 [main] WARN  server.ServerUtils (ServerUtils.java:getDBPath(222)) - ozone.om.db.dirs is not configured. We recommend adding this setting. Falling back to ozone.metadata.dirs instead.
2019-09-29 11:07:51,387 [main] INFO  db.DBStoreBuilder (DBStoreBuilder.java:addTable(110)) - using custom profile for table: userTable
2019-09-29 11:07:51,388 [main] INFO  db.DBStoreBuilder (DBStoreBuilder.java:processTables(161)) - Using default column profile:DBProfile.DISK for Table:userTable
2019-09-29 11:07:51,388 [main] INFO  db.DBStoreBuilder (DBStoreBuilder.java:addTable(110)) - using custom profile for table: volumeTable
2019-09-29 11:07:51,388 [main] INFO  db.DBStoreBuilder (DBStoreBuilder.java:processTables(161)) - Using default column profile:DBProfile.DISK for Table:volumeTable
2019-09-29 11:07:51,388 [main] INFO  db.DBStoreBuilder (DBStoreBuilder.java:addTable(110)) - using custom profile for table: bucketTable
2019-09-29 11:07:51,389 [main] INFO  db.DBStoreBuilder (DBStoreBuilder.java:processTables(161)) - Using default column profile:DBProfile.DISK for Table:bucketTable
2019-09-29 11:07:51,389 [main] INFO  db.DBStoreBuilder (DBStoreBuilder.java:addTable(110)) - using custom profile for table: keyTable
2019-09-29 11:07:51,389 [main] INFO  db.DBStoreBuilder (DBStoreBuilder.java:processTables(161)) - Using default column profile:DBProfile.DISK for Table:keyTable
2019-09-29 11:07:51,389 [main] INFO  db.DBStoreBuilder (DBStoreBuilder.java:addTable(110)) - using custom profile for table: deletedTable
2019-09-29 11:07:51,390 [main] INFO  db.DBStoreBuilder (DBStoreBuilder.java:processTables(161)) - Using default column profile:DBProfile.DISK for Table:deletedTable
2019-09-29 11:07:51,390 [main] INFO  db.DBStoreBuilder (DBStoreBuilder.java:addTable(110)) - using custom profile for table: openKeyTable
2019-09-29 11:07:51,390 [main] INFO  db.DBStoreBuilder (DBStoreBuilder.java:processTables(161)) - Using default column profile:DBProfile.DISK for Table:openKeyTable
2019-09-29 11:07:51,391 [main] INFO  db.DBStoreBuilder (DBStoreBuilder.java:addTable(110)) - using custom profile for table: s3Table
2019-09-29 11:07:51,391 [main] INFO  db.DBStoreBuilder (DBStoreBuilder.java:processTables(161)) - Using default column profile:DBProfile.DISK for Table:s3Table
2019-09-29 11:07:51,391 [main] INFO  db.DBStoreBuilder (DBStoreBuilder.java:addTable(110)) - using custom profile for table: multipartInfoTable
2019-09-29 11:07:51,391 [main] INFO  db.DBStoreBuilder (DBStoreBuilder.java:processTables(161)) - Using default column profile:DBProfile.DISK for Table:multipartInfoTable
2019-09-29 11:07:51,392 [main] INFO  db.DBStoreBuilder (DBStoreBuilder.java:addTable(110)) - using custom profile for table: dTokenTable
2019-09-29 11:07:51,392 [main] INFO  db.DBStoreBuilder (DBStoreBuilder.java:processTables(161)) - Using default column profile:DBProfile.DISK for Table:dTokenTable
2019-09-29 11:07:51,392 [main] INFO  db.DBStoreBuilder (DBStoreBuilder.java:addTable(110)) - using custom profile for table: s3SecretTable
2019-09-29 11:07:51,392 [main] INFO  db.DBStoreBuilder (DBStoreBuilder.java:processTables(161)) - Using default column profile:DBProfile.DISK for Table:s3SecretTable
2019-09-29 11:07:51,393 [main] INFO  db.DBStoreBuilder (DBStoreBuilder.java:addTable(110)) - using custom profile for table: prefixTable
2019-09-29 11:07:51,393 [main] INFO  db.DBStoreBuilder (DBStoreBuilder.java:processTables(161)) - Using default column profile:DBProfile.DISK for Table:prefixTable
2019-09-29 11:07:51,393 [main] INFO  db.DBStoreBuilder (DBStoreBuilder.java:addTable(110)) - using custom profile for table: default
2019-09-29 11:07:51,393 [main] INFO  db.DBStoreBuilder (DBStoreBuilder.java:processTables(167)) - Using default column profile:DBProfile.DISK for Table:default
2019-09-29 11:07:51,393 [main] INFO  db.DBStoreBuilder (DBStoreBuilder.java:getDbProfile(198)) - Using default options. DBProfile.DISK
2019-09-29 11:07:52,088 [main] INFO  ipc.CallQueueManager (CallQueueManager.java:<init>(84)) - Using callQueue: class java.util.concurrent.LinkedBlockingQueue, queueCapacity: 2000, scheduler: class org.apache.hadoop.ipc.DefaultRpcScheduler, ipcBackoff: false.
2019-09-29 11:07:52,090 [Socket Reader #1 for port 42796] INFO  ipc.Server (Server.java:run(1074)) - Starting Socket Reader #1 for port 42796
2019-09-29 11:07:52,118 [main] INFO  om.OzoneManager (OzoneManager.java:start(1243)) - OzoneManager RPC server is listening at localhost/127.0.0.1:42796
2019-09-29 11:07:52,118 [main] INFO  impl.MetricsSystemImpl (MetricsSystemImpl.java:init(158)) - OzoneManager metrics system started (again)
2019-09-29 11:07:52,120 [IPC Server Responder] INFO  ipc.Server (Server.java:run(1314)) - IPC Server Responder: starting
2019-09-29 11:07:52,120 [IPC Server listener on 42796] INFO  ipc.Server (Server.java:run(1153)) - IPC Server listener on 42796: starting
2019-09-29 11:07:52,125 [main] INFO  hdfs.DFSUtil (DFSUtil.java:httpServerTemplateForNNAndJN(1641)) - Starting Web-server for ozoneManager at: http://0.0.0.0:0
2019-09-29 11:07:52,128 [main] INFO  server.AuthenticationFilter (AuthenticationFilter.java:constructSecretProvider(240)) - Unable to initialize FileSignerSecretProvider, falling back to use random secrets.
2019-09-29 11:07:52,129 [main] WARN  http.HttpRequestLog (HttpRequestLog.java:getRequestLog(97)) - Jetty request log can only be enabled using Log4j
2019-09-29 11:07:52,132 [main] INFO  http.HttpServer2 (HttpServer2.java:addGlobalFilter(975)) - Added global filter 'safety' (class=org.apache.hadoop.http.HttpServer2$QuotingInputFilter)
2019-09-29 11:07:52,134 [main] INFO  http.HttpServer2 (HttpServer2.java:addFilter(948)) - Added filter static_user_filter (class=org.apache.hadoop.http.lib.StaticUserWebFilter$StaticUserFilter) to context ozoneManager
2019-09-29 11:07:52,134 [main] INFO  http.HttpServer2 (HttpServer2.java:addFilter(958)) - Added filter static_user_filter (class=org.apache.hadoop.http.lib.StaticUserWebFilter$StaticUserFilter) to context static
2019-09-29 11:07:52,134 [main] INFO  http.HttpServer2 (HttpServer2.java:addFilter(958)) - Added filter static_user_filter (class=org.apache.hadoop.http.lib.StaticUserWebFilter$StaticUserFilter) to context logs
2019-09-29 11:07:52,137 [main] INFO  http.HttpServer2 (HttpServer2.java:bindListener(1191)) - Jetty bound to port 40944
2019-09-29 11:07:52,138 [main] INFO  server.Server (Server.java:doStart(351)) - jetty-9.3.25.v20180904, build timestamp: 2018-09-04T21:11:46Z, git hash: 3ce520221d0240229c862b122d2b06c12a625732
2019-09-29 11:07:52,140 [main] INFO  handler.ContextHandler (ContextHandler.java:doStart(781)) - Started o.e.j.s.ServletContextHandler@15923407{/logs,file:///workdir/hadoop-ozone/integration-test/target/log,AVAILABLE}
2019-09-29 11:07:52,141 [main] INFO  handler.ContextHandler (ContextHandler.java:doStart(781)) - Started o.e.j.s.ServletContextHandler@57540fd0{/static,file:///workdir/hadoop-ozone/integration-test/target/test-classes/webapps/static,AVAILABLE}
2019-09-29 11:07:52,148 [main] INFO  handler.ContextHandler (ContextHandler.java:doStart(781)) - Started o.e.j.w.WebAppContext@5b22b970{/,file:///workdir/hadoop-ozone/integration-test/target/test-classes/webapps/ozoneManager/,AVAILABLE}{/ozoneManager}
2019-09-29 11:07:52,150 [main] INFO  server.AbstractConnector (AbstractConnector.java:doStart(278)) - Started ServerConnector@22d1886d{HTTP/1.1,[http/1.1]}{0.0.0.0:40944}
2019-09-29 11:07:52,151 [main] INFO  server.Server (Server.java:doStart(419)) - Started @4617ms
2019-09-29 11:07:52,151 [main] WARN  impl.MetricsSystemImpl (MetricsSystemImpl.java:register(276)) - Sink prometheus already exists!
2019-09-29 11:07:52,153 [main] INFO  server.BaseHttpServer (BaseHttpServer.java:updateConnectorAddress(215)) - HTTP server of OZONEMANAGER is listening at http://0.0.0.0:40944
2019-09-29 11:07:52,531 [main] INFO  impl.MetricsSystemImpl (MetricsSystemImpl.java:init(158)) - HddsDatanode metrics system started (again)
2019-09-29 11:07:52,623 [main] INFO  ozone.HddsDatanodeService (HddsDatanodeService.java:start(184)) - HddsDatanodeService host:pr-hdds-1569-lsfh5-224679870 ip:192.168.30.19
2019-09-29 11:07:52,661 [main] INFO  volume.HddsVolume (HddsVolume.java:<init>(176)) - Creating Volume: /workdir/hadoop-ozone/integration-test/target/test-dir/MiniOzoneClusterImpl-3830d8fa-b618-494a-8595-70b28c2bfeb8/datanode-0/data/containers/hdds of  storage type : DISK and capacity : 1482555576320
2019-09-29 11:07:52,663 [main] INFO  volume.VolumeSet (VolumeSet.java:initializeVolumeSet(170)) - Added Volume : /workdir/hadoop-ozone/integration-test/target/test-dir/MiniOzoneClusterImpl-3830d8fa-b618-494a-8595-70b28c2bfeb8/datanode-0/data/containers/hdds to VolumeSet
2019-09-29 11:07:52,667 [main] INFO  volume.ThrottledAsyncChecker (ThrottledAsyncChecker.java:schedule(139)) - Scheduling a check for org.apache.hadoop.ozone.container.common.volume.HddsVolume@344426bf
2019-09-29 11:07:52,685 [main] INFO  volume.HddsVolumeChecker (HddsVolumeChecker.java:checkAllVolumes(202)) - Scheduled health check for volume org.apache.hadoop.ozone.container.common.volume.HddsVolume@344426bf
2019-09-29 11:07:52,800 [main] INFO  impl.RaftServerProxy (ConfUtils.java:logGet(43)) - raft.rpc.type = GRPC (default)
2019-09-29 11:07:52,866 [main] INFO  grpc.GrpcFactory (GrpcFactory.java:checkPooledByteBufAllocatorUseCacheForAllThreads(45)) - PERFORMANCE WARNING: useCacheForAllThreads is true that may cause Netty to create a lot garbage objects and, as a result, trigger GC.
	It is recommended to disable useCacheForAllThreads by setting -Dorg.apache.ratis.thirdparty.io.netty.allocator.useCacheForAllThreads=false in command line.
2019-09-29 11:07:52,871 [main] INFO  grpc.GrpcConfigKeys$Server (ConfUtils.java:logGet(43)) - raft.grpc.server.port = 0 (default)
2019-09-29 11:07:52,872 [main] INFO  server.GrpcService (ConfUtils.java:logGet(43)) - raft.grpc.message.size.max = 33570816 (custom)
2019-09-29 11:07:52,874 [main] INFO  server.RaftServerConfigKeys (ConfUtils.java:logGet(43)) - raft.server.log.appender.buffer.byte-limit = 33554432 (custom)
2019-09-29 11:07:52,874 [main] INFO  server.GrpcService (ConfUtils.java:logGet(43)) - raft.grpc.flow.control.window = 1MB (=1048576) (default)
2019-09-29 11:07:52,875 [main] INFO  server.RaftServerConfigKeys (ConfUtils.java:logGet(43)) - raft.server.rpc.request.timeout = 3000ms (default)
2019-09-29 11:07:53,092 [main] INFO  server.RaftServerConfigKeys (ConfUtils.java:logGet(43)) - raft.server.storage.dir = [/workdir/hadoop-ozone/integration-test/target/test-dir/MiniOzoneClusterImpl-3830d8fa-b618-494a-8595-70b28c2bfeb8/datanode-0/data/ratis] (custom)
2019-09-29 11:07:53,183 [main] INFO  hdfs.DFSUtil (DFSUtil.java:httpServerTemplateForNNAndJN(1641)) - Starting Web-server for hddsDatanode at: http://0.0.0.0:0
2019-09-29 11:07:53,186 [main] INFO  server.AuthenticationFilter (AuthenticationFilter.java:constructSecretProvider(240)) - Unable to initialize FileSignerSecretProvider, falling back to use random secrets.
2019-09-29 11:07:53,187 [main] WARN  http.HttpRequestLog (HttpRequestLog.java:getRequestLog(97)) - Jetty request log can only be enabled using Log4j
2019-09-29 11:07:53,189 [main] INFO  http.HttpServer2 (HttpServer2.java:addGlobalFilter(975)) - Added global filter 'safety' (class=org.apache.hadoop.http.HttpServer2$QuotingInputFilter)
2019-09-29 11:07:53,190 [main] INFO  http.HttpServer2 (HttpServer2.java:addFilter(948)) - Added filter static_user_filter (class=org.apache.hadoop.http.lib.StaticUserWebFilter$StaticUserFilter) to context hddsDatanode
2019-09-29 11:07:53,191 [main] INFO  http.HttpServer2 (HttpServer2.java:addFilter(958)) - Added filter static_user_filter (class=org.apache.hadoop.http.lib.StaticUserWebFilter$StaticUserFilter) to context static
2019-09-29 11:07:53,191 [main] INFO  http.HttpServer2 (HttpServer2.java:addFilter(958)) - Added filter static_user_filter (class=org.apache.hadoop.http.lib.StaticUserWebFilter$StaticUserFilter) to context logs
2019-09-29 11:07:53,192 [main] INFO  http.HttpServer2 (HttpServer2.java:bindListener(1191)) - Jetty bound to port 34183
2019-09-29 11:07:53,193 [main] INFO  server.Server (Server.java:doStart(351)) - jetty-9.3.25.v20180904, build timestamp: 2018-09-04T21:11:46Z, git hash: 3ce520221d0240229c862b122d2b06c12a625732
2019-09-29 11:07:53,195 [main] INFO  handler.ContextHandler (ContextHandler.java:doStart(781)) - Started o.e.j.s.ServletContextHandler@102ecc22{/logs,file:///workdir/hadoop-ozone/integration-test/target/log,AVAILABLE}
2019-09-29 11:07:53,196 [main] INFO  handler.ContextHandler (ContextHandler.java:doStart(781)) - Started o.e.j.s.ServletContextHandler@26dc9bd5{/static,jar:file:/home/user/.m2/repository/org/apache/hadoop/hadoop-hdds-container-service/0.5.0-SNAPSHOT/hadoop-hdds-container-service-0.5.0-SNAPSHOT.jar!/webapps/static,AVAILABLE}
2019-09-29 11:07:53,260 [main] INFO  handler.ContextHandler (ContextHandler.java:doStart(781)) - Started o.e.j.w.WebAppContext@5b852b49{/,file:///tmp/jetty-0.0.0.0-34183-hddsDatanode-_-any-8470855985658565174.dir/webapp/,AVAILABLE}{/hddsDatanode}
2019-09-29 11:07:53,261 [main] INFO  server.AbstractConnector (AbstractConnector.java:doStart(278)) - Started ServerConnector@cdb2d95{HTTP/1.1,[http/1.1]}{0.0.0.0:34183}
2019-09-29 11:07:53,263 [main] INFO  server.Server (Server.java:doStart(419)) - Started @5729ms
2019-09-29 11:07:53,264 [main] WARN  impl.MetricsSystemImpl (MetricsSystemImpl.java:register(276)) - Sink prometheus already exists!
2019-09-29 11:07:53,265 [main] INFO  server.BaseHttpServer (BaseHttpServer.java:updateConnectorAddress(215)) - HTTP server of HDDSDATANODE is listening at http://0.0.0.0:34183
2019-09-29 11:07:53,266 [main] INFO  impl.MetricsSystemImpl (MetricsSystemImpl.java:init(158)) - HddsDatanode metrics system started (again)
2019-09-29 11:07:53,272 [main] INFO  ozone.HddsDatanodeService (HddsDatanodeService.java:start(184)) - HddsDatanodeService host:pr-hdds-1569-lsfh5-224679870 ip:192.168.30.19
2019-09-29 11:07:53,272 [org.apache.hadoop.util.JvmPauseMonitor$Monitor@4ca87628] INFO  util.JvmPauseMonitor (JvmPauseMonitor.java:run(188)) - Starting JVM pause monitor
2019-09-29 11:07:53,283 [main] INFO  volume.HddsVolume (HddsVolume.java:<init>(176)) - Creating Volume: /workdir/hadoop-ozone/integration-test/target/test-dir/MiniOzoneClusterImpl-3830d8fa-b618-494a-8595-70b28c2bfeb8/datanode-1/data/containers/hdds of  storage type : DISK and capacity : 1482555576320
2019-09-29 11:07:53,284 [main] INFO  volume.VolumeSet (VolumeSet.java:initializeVolumeSet(170)) - Added Volume : /workdir/hadoop-ozone/integration-test/target/test-dir/MiniOzoneClusterImpl-3830d8fa-b618-494a-8595-70b28c2bfeb8/datanode-1/data/containers/hdds to VolumeSet
2019-09-29 11:07:53,284 [main] INFO  volume.ThrottledAsyncChecker (ThrottledAsyncChecker.java:schedule(139)) - Scheduling a check for org.apache.hadoop.ozone.container.common.volume.HddsVolume@46963479
2019-09-29 11:07:53,285 [main] INFO  volume.HddsVolumeChecker (HddsVolumeChecker.java:checkAllVolumes(202)) - Scheduled health check for volume org.apache.hadoop.ozone.container.common.volume.HddsVolume@46963479
2019-09-29 11:07:53,308 [main] INFO  impl.RaftServerProxy (ConfUtils.java:logGet(43)) - raft.rpc.type = GRPC (default)
2019-09-29 11:07:53,308 [main] INFO  grpc.GrpcFactory (GrpcFactory.java:checkPooledByteBufAllocatorUseCacheForAllThreads(45)) - PERFORMANCE WARNING: useCacheForAllThreads is true that may cause Netty to create a lot garbage objects and, as a result, trigger GC.
	It is recommended to disable useCacheForAllThreads by setting -Dorg.apache.ratis.thirdparty.io.netty.allocator.useCacheForAllThreads=false in command line.
2019-09-29 11:07:53,309 [main] INFO  grpc.GrpcConfigKeys$Server (ConfUtils.java:logGet(43)) - raft.grpc.server.port = 0 (default)
2019-09-29 11:07:53,309 [main] INFO  server.GrpcService (ConfUtils.java:logGet(43)) - raft.grpc.message.size.max = 33570816 (custom)
2019-09-29 11:07:53,310 [main] INFO  server.RaftServerConfigKeys (ConfUtils.java:logGet(43)) - raft.server.log.appender.buffer.byte-limit = 33554432 (custom)
2019-09-29 11:07:53,310 [main] INFO  server.GrpcService (ConfUtils.java:logGet(43)) - raft.grpc.flow.control.window = 1MB (=1048576) (default)
2019-09-29 11:07:53,310 [main] INFO  server.RaftServerConfigKeys (ConfUtils.java:logGet(43)) - raft.server.rpc.request.timeout = 3000ms (default)
2019-09-29 11:07:53,311 [main] INFO  server.RaftServerConfigKeys (ConfUtils.java:logGet(43)) - raft.server.storage.dir = [/workdir/hadoop-ozone/integration-test/target/test-dir/MiniOzoneClusterImpl-3830d8fa-b618-494a-8595-70b28c2bfeb8/datanode-1/data/ratis] (custom)
2019-09-29 11:07:53,313 [main] INFO  hdfs.DFSUtil (DFSUtil.java:httpServerTemplateForNNAndJN(1641)) - Starting Web-server for hddsDatanode at: http://0.0.0.0:0
2019-09-29 11:07:53,316 [main] INFO  server.AuthenticationFilter (AuthenticationFilter.java:constructSecretProvider(240)) - Unable to initialize FileSignerSecretProvider, falling back to use random secrets.
2019-09-29 11:07:53,317 [main] WARN  http.HttpRequestLog (HttpRequestLog.java:getRequestLog(97)) - Jetty request log can only be enabled using Log4j
2019-09-29 11:07:53,320 [main] INFO  http.HttpServer2 (HttpServer2.java:addGlobalFilter(975)) - Added global filter 'safety' (class=org.apache.hadoop.http.HttpServer2$QuotingInputFilter)
2019-09-29 11:07:53,321 [main] INFO  http.HttpServer2 (HttpServer2.java:addFilter(948)) - Added filter static_user_filter (class=org.apache.hadoop.http.lib.StaticUserWebFilter$StaticUserFilter) to context hddsDatanode
2019-09-29 11:07:53,321 [main] INFO  http.HttpServer2 (HttpServer2.java:addFilter(958)) - Added filter static_user_filter (class=org.apache.hadoop.http.lib.StaticUserWebFilter$StaticUserFilter) to context static
2019-09-29 11:07:53,321 [main] INFO  http.HttpServer2 (HttpServer2.java:addFilter(958)) - Added filter static_user_filter (class=org.apache.hadoop.http.lib.StaticUserWebFilter$StaticUserFilter) to context logs
2019-09-29 11:07:53,322 [main] INFO  http.HttpServer2 (HttpServer2.java:bindListener(1191)) - Jetty bound to port 46526
2019-09-29 11:07:53,323 [main] INFO  server.Server (Server.java:doStart(351)) - jetty-9.3.25.v20180904, build timestamp: 2018-09-04T21:11:46Z, git hash: 3ce520221d0240229c862b122d2b06c12a625732
2019-09-29 11:07:53,328 [main] INFO  handler.ContextHandler (ContextHandler.java:doStart(781)) - Started o.e.j.s.ServletContextHandler@620c8641{/logs,file:///workdir/hadoop-ozone/integration-test/target/log,AVAILABLE}
2019-09-29 11:07:53,329 [main] INFO  handler.ContextHandler (ContextHandler.java:doStart(781)) - Started o.e.j.s.ServletContextHandler@5460b754{/static,jar:file:/home/user/.m2/repository/org/apache/hadoop/hadoop-hdds-container-service/0.5.0-SNAPSHOT/hadoop-hdds-container-service-0.5.0-SNAPSHOT.jar!/webapps/static,AVAILABLE}
2019-09-29 11:07:53,375 [main] INFO  handler.ContextHandler (ContextHandler.java:doStart(781)) - Started o.e.j.w.WebAppContext@58472096{/,file:///tmp/jetty-0.0.0.0-46526-hddsDatanode-_-any-234010976688185046.dir/webapp/,AVAILABLE}{/hddsDatanode}
2019-09-29 11:07:53,377 [main] INFO  server.AbstractConnector (AbstractConnector.java:doStart(278)) - Started ServerConnector@a92be4f{HTTP/1.1,[http/1.1]}{0.0.0.0:46526}
2019-09-29 11:07:53,379 [main] INFO  server.Server (Server.java:doStart(419)) - Started @5846ms
2019-09-29 11:07:53,379 [main] WARN  impl.MetricsSystemImpl (MetricsSystemImpl.java:register(276)) - Sink prometheus already exists!
2019-09-29 11:07:53,380 [main] INFO  server.BaseHttpServer (BaseHttpServer.java:updateConnectorAddress(215)) - HTTP server of HDDSDATANODE is listening at http://0.0.0.0:46526
2019-09-29 11:07:53,381 [main] INFO  impl.MetricsSystemImpl (MetricsSystemImpl.java:init(158)) - HddsDatanode metrics system started (again)
2019-09-29 11:07:53,385 [org.apache.hadoop.util.JvmPauseMonitor$Monitor@5a211076] INFO  util.JvmPauseMonitor (JvmPauseMonitor.java:run(188)) - Starting JVM pause monitor
2019-09-29 11:07:53,386 [main] INFO  ozone.HddsDatanodeService (HddsDatanodeService.java:start(184)) - HddsDatanodeService host:pr-hdds-1569-lsfh5-224679870 ip:192.168.30.19
2019-09-29 11:07:53,396 [main] INFO  volume.HddsVolume (HddsVolume.java:<init>(176)) - Creating Volume: /workdir/hadoop-ozone/integration-test/target/test-dir/MiniOzoneClusterImpl-3830d8fa-b618-494a-8595-70b28c2bfeb8/datanode-2/data/containers/hdds of  storage type : DISK and capacity : 1482555576320
2019-09-29 11:07:53,396 [main] INFO  volume.VolumeSet (VolumeSet.java:initializeVolumeSet(170)) - Added Volume : /workdir/hadoop-ozone/integration-test/target/test-dir/MiniOzoneClusterImpl-3830d8fa-b618-494a-8595-70b28c2bfeb8/datanode-2/data/containers/hdds to VolumeSet
2019-09-29 11:07:53,397 [main] INFO  volume.ThrottledAsyncChecker (ThrottledAsyncChecker.java:schedule(139)) - Scheduling a check for org.apache.hadoop.ozone.container.common.volume.HddsVolume@611a990b
2019-09-29 11:07:53,398 [main] INFO  volume.HddsVolumeChecker (HddsVolumeChecker.java:checkAllVolumes(202)) - Scheduled health check for volume org.apache.hadoop.ozone.container.common.volume.HddsVolume@611a990b
2019-09-29 11:07:53,410 [Datanode State Machine Thread - 0] INFO  datanode.InitDatanodeState (InitDatanodeState.java:persistContainerDatanodeDetails(140)) - DatanodeDetails is persisted to /workdir/hadoop-ozone/integration-test/target/test-dir/MiniOzoneClusterImpl-3830d8fa-b618-494a-8595-70b28c2bfeb8/datanode-0/meta/datanode.id
2019-09-29 11:07:53,414 [Datanode State Machine Thread - 0] INFO  datanode.InitDatanodeState (InitDatanodeState.java:persistContainerDatanodeDetails(140)) - DatanodeDetails is persisted to /workdir/hadoop-ozone/integration-test/target/test-dir/MiniOzoneClusterImpl-3830d8fa-b618-494a-8595-70b28c2bfeb8/datanode-1/meta/datanode.id
2019-09-29 11:07:53,420 [main] INFO  impl.RaftServerProxy (ConfUtils.java:logGet(43)) - raft.rpc.type = GRPC (default)
2019-09-29 11:07:53,421 [main] INFO  grpc.GrpcFactory (GrpcFactory.java:checkPooledByteBufAllocatorUseCacheForAllThreads(45)) - PERFORMANCE WARNING: useCacheForAllThreads is true that may cause Netty to create a lot garbage objects and, as a result, trigger GC.
	It is recommended to disable useCacheForAllThreads by setting -Dorg.apache.ratis.thirdparty.io.netty.allocator.useCacheForAllThreads=false in command line.
2019-09-29 11:07:53,421 [main] INFO  grpc.GrpcConfigKeys$Server (ConfUtils.java:logGet(43)) - raft.grpc.server.port = 0 (default)
2019-09-29 11:07:53,421 [main] INFO  server.GrpcService (ConfUtils.java:logGet(43)) - raft.grpc.message.size.max = 33570816 (custom)
2019-09-29 11:07:53,422 [main] INFO  server.RaftServerConfigKeys (ConfUtils.java:logGet(43)) - raft.server.log.appender.buffer.byte-limit = 33554432 (custom)
2019-09-29 11:07:53,422 [main] INFO  server.GrpcService (ConfUtils.java:logGet(43)) - raft.grpc.flow.control.window = 1MB (=1048576) (default)
2019-09-29 11:07:53,422 [main] INFO  server.RaftServerConfigKeys (ConfUtils.java:logGet(43)) - raft.server.rpc.request.timeout = 3000ms (default)
2019-09-29 11:07:53,423 [main] INFO  server.RaftServerConfigKeys (ConfUtils.java:logGet(43)) - raft.server.storage.dir = [/workdir/hadoop-ozone/integration-test/target/test-dir/MiniOzoneClusterImpl-3830d8fa-b618-494a-8595-70b28c2bfeb8/datanode-2/data/ratis] (custom)
2019-09-29 11:07:53,426 [main] INFO  hdfs.DFSUtil (DFSUtil.java:httpServerTemplateForNNAndJN(1641)) - Starting Web-server for hddsDatanode at: http://0.0.0.0:0
2019-09-29 11:07:53,428 [main] INFO  server.AuthenticationFilter (AuthenticationFilter.java:constructSecretProvider(240)) - Unable to initialize FileSignerSecretProvider, falling back to use random secrets.
2019-09-29 11:07:53,429 [main] WARN  http.HttpRequestLog (HttpRequestLog.java:getRequestLog(97)) - Jetty request log can only be enabled using Log4j
2019-09-29 11:07:53,432 [main] INFO  http.HttpServer2 (HttpServer2.java:addGlobalFilter(975)) - Added global filter 'safety' (class=org.apache.hadoop.http.HttpServer2$QuotingInputFilter)
2019-09-29 11:07:53,433 [main] INFO  http.HttpServer2 (HttpServer2.java:addFilter(948)) - Added filter static_user_filter (class=org.apache.hadoop.http.lib.StaticUserWebFilter$StaticUserFilter) to context hddsDatanode
2019-09-29 11:07:53,434 [main] INFO  http.HttpServer2 (HttpServer2.java:addFilter(958)) - Added filter static_user_filter (class=org.apache.hadoop.http.lib.StaticUserWebFilter$StaticUserFilter) to context logs
2019-09-29 11:07:53,434 [main] INFO  http.HttpServer2 (HttpServer2.java:addFilter(958)) - Added filter static_user_filter (class=org.apache.hadoop.http.lib.StaticUserWebFilter$StaticUserFilter) to context static
2019-09-29 11:07:53,435 [main] INFO  http.HttpServer2 (HttpServer2.java:bindListener(1191)) - Jetty bound to port 41177
2019-09-29 11:07:53,436 [main] INFO  server.Server (Server.java:doStart(351)) - jetty-9.3.25.v20180904, build timestamp: 2018-09-04T21:11:46Z, git hash: 3ce520221d0240229c862b122d2b06c12a625732
2019-09-29 11:07:53,439 [main] INFO  handler.ContextHandler (ContextHandler.java:doStart(781)) - Started o.e.j.s.ServletContextHandler@5624657a{/logs,file:///workdir/hadoop-ozone/integration-test/target/log,AVAILABLE}
2019-09-29 11:07:53,440 [main] INFO  handler.ContextHandler (ContextHandler.java:doStart(781)) - Started o.e.j.s.ServletContextHandler@4d21c56e{/static,jar:file:/home/user/.m2/repository/org/apache/hadoop/hadoop-hdds-container-service/0.5.0-SNAPSHOT/hadoop-hdds-container-service-0.5.0-SNAPSHOT.jar!/webapps/static,AVAILABLE}
2019-09-29 11:07:53,484 [main] INFO  handler.ContextHandler (ContextHandler.java:doStart(781)) - Started o.e.j.w.WebAppContext@4a163575{/,file:///tmp/jetty-0.0.0.0-41177-hddsDatanode-_-any-5936099194798968523.dir/webapp/,AVAILABLE}{/hddsDatanode}
2019-09-29 11:07:53,485 [main] INFO  server.AbstractConnector (AbstractConnector.java:doStart(278)) - Started ServerConnector@7e642b88{HTTP/1.1,[http/1.1]}{0.0.0.0:41177}
2019-09-29 11:07:53,486 [main] INFO  server.Server (Server.java:doStart(419)) - Started @5952ms
2019-09-29 11:07:53,486 [main] WARN  impl.MetricsSystemImpl (MetricsSystemImpl.java:register(276)) - Sink prometheus already exists!
2019-09-29 11:07:53,488 [main] INFO  server.BaseHttpServer (BaseHttpServer.java:updateConnectorAddress(215)) - HTTP server of HDDSDATANODE is listening at http://0.0.0.0:41177
2019-09-29 11:07:53,489 [main] INFO  impl.MetricsSystemImpl (MetricsSystemImpl.java:init(158)) - HddsDatanode metrics system started (again)
2019-09-29 11:07:53,492 [org.apache.hadoop.util.JvmPauseMonitor$Monitor@6c81cb6b] INFO  util.JvmPauseMonitor (JvmPauseMonitor.java:run(188)) - Starting JVM pause monitor
2019-09-29 11:07:53,492 [main] INFO  ozone.HddsDatanodeService (HddsDatanodeService.java:start(184)) - HddsDatanodeService host:pr-hdds-1569-lsfh5-224679870 ip:192.168.30.19
2019-09-29 11:07:53,496 [Datanode State Machine Thread - 0] INFO  datanode.InitDatanodeState (InitDatanodeState.java:persistContainerDatanodeDetails(140)) - DatanodeDetails is persisted to /workdir/hadoop-ozone/integration-test/target/test-dir/MiniOzoneClusterImpl-3830d8fa-b618-494a-8595-70b28c2bfeb8/datanode-2/meta/datanode.id
2019-09-29 11:07:53,502 [main] INFO  volume.HddsVolume (HddsVolume.java:<init>(176)) - Creating Volume: /workdir/hadoop-ozone/integration-test/target/test-dir/MiniOzoneClusterImpl-3830d8fa-b618-494a-8595-70b28c2bfeb8/datanode-3/data/containers/hdds of  storage type : DISK and capacity : 1482555576320
2019-09-29 11:07:53,503 [main] INFO  volume.VolumeSet (VolumeSet.java:initializeVolumeSet(170)) - Added Volume : /workdir/hadoop-ozone/integration-test/target/test-dir/MiniOzoneClusterImpl-3830d8fa-b618-494a-8595-70b28c2bfeb8/datanode-3/data/containers/hdds to VolumeSet
2019-09-29 11:07:53,503 [main] INFO  volume.ThrottledAsyncChecker (ThrottledAsyncChecker.java:schedule(139)) - Scheduling a check for org.apache.hadoop.ozone.container.common.volume.HddsVolume@6540cf1d
2019-09-29 11:07:53,504 [main] INFO  volume.HddsVolumeChecker (HddsVolumeChecker.java:checkAllVolumes(202)) - Scheduled health check for volume org.apache.hadoop.ozone.container.common.volume.HddsVolume@6540cf1d
2019-09-29 11:07:53,522 [main] INFO  impl.RaftServerProxy (ConfUtils.java:logGet(43)) - raft.rpc.type = GRPC (default)
2019-09-29 11:07:53,523 [main] INFO  grpc.GrpcFactory (GrpcFactory.java:checkPooledByteBufAllocatorUseCacheForAllThreads(45)) - PERFORMANCE WARNING: useCacheForAllThreads is true that may cause Netty to create a lot garbage objects and, as a result, trigger GC.
	It is recommended to disable useCacheForAllThreads by setting -Dorg.apache.ratis.thirdparty.io.netty.allocator.useCacheForAllThreads=false in command line.
2019-09-29 11:07:53,523 [main] INFO  grpc.GrpcConfigKeys$Server (ConfUtils.java:logGet(43)) - raft.grpc.server.port = 0 (default)
2019-09-29 11:07:53,523 [main] INFO  server.GrpcService (ConfUtils.java:logGet(43)) - raft.grpc.message.size.max = 33570816 (custom)
2019-09-29 11:07:53,524 [main] INFO  server.RaftServerConfigKeys (ConfUtils.java:logGet(43)) - raft.server.log.appender.buffer.byte-limit = 33554432 (custom)
2019-09-29 11:07:53,524 [main] INFO  server.GrpcService (ConfUtils.java:logGet(43)) - raft.grpc.flow.control.window = 1MB (=1048576) (default)
2019-09-29 11:07:53,524 [main] INFO  server.RaftServerConfigKeys (ConfUtils.java:logGet(43)) - raft.server.rpc.request.timeout = 3000ms (default)
2019-09-29 11:07:53,525 [main] INFO  server.RaftServerConfigKeys (ConfUtils.java:logGet(43)) - raft.server.storage.dir = [/workdir/hadoop-ozone/integration-test/target/test-dir/MiniOzoneClusterImpl-3830d8fa-b618-494a-8595-70b28c2bfeb8/datanode-3/data/ratis] (custom)
2019-09-29 11:07:53,527 [main] INFO  hdfs.DFSUtil (DFSUtil.java:httpServerTemplateForNNAndJN(1641)) - Starting Web-server for hddsDatanode at: http://0.0.0.0:0
2019-09-29 11:07:53,529 [main] INFO  server.AuthenticationFilter (AuthenticationFilter.java:constructSecretProvider(240)) - Unable to initialize FileSignerSecretProvider, falling back to use random secrets.
2019-09-29 11:07:53,529 [main] WARN  http.HttpRequestLog (HttpRequestLog.java:getRequestLog(97)) - Jetty request log can only be enabled using Log4j
2019-09-29 11:07:53,531 [main] INFO  http.HttpServer2 (HttpServer2.java:addGlobalFilter(975)) - Added global filter 'safety' (class=org.apache.hadoop.http.HttpServer2$QuotingInputFilter)
2019-09-29 11:07:53,532 [main] INFO  http.HttpServer2 (HttpServer2.java:addFilter(948)) - Added filter static_user_filter (class=org.apache.hadoop.http.lib.StaticUserWebFilter$StaticUserFilter) to context hddsDatanode
2019-09-29 11:07:53,532 [main] INFO  http.HttpServer2 (HttpServer2.java:addFilter(958)) - Added filter static_user_filter (class=org.apache.hadoop.http.lib.StaticUserWebFilter$StaticUserFilter) to context static
2019-09-29 11:07:53,533 [main] INFO  http.HttpServer2 (HttpServer2.java:addFilter(958)) - Added filter static_user_filter (class=org.apache.hadoop.http.lib.StaticUserWebFilter$StaticUserFilter) to context logs
2019-09-29 11:07:53,534 [main] INFO  http.HttpServer2 (HttpServer2.java:bindListener(1191)) - Jetty bound to port 42927
2019-09-29 11:07:53,534 [main] INFO  server.Server (Server.java:doStart(351)) - jetty-9.3.25.v20180904, build timestamp: 2018-09-04T21:11:46Z, git hash: 3ce520221d0240229c862b122d2b06c12a625732
2019-09-29 11:07:53,539 [main] INFO  handler.ContextHandler (ContextHandler.java:doStart(781)) - Started o.e.j.s.ServletContextHandler@378cfecf{/logs,file:///workdir/hadoop-ozone/integration-test/target/log,AVAILABLE}
2019-09-29 11:07:53,540 [main] INFO  handler.ContextHandler (ContextHandler.java:doStart(781)) - Started o.e.j.s.ServletContextHandler@5e7c141d{/static,jar:file:/home/user/.m2/repository/org/apache/hadoop/hadoop-hdds-container-service/0.5.0-SNAPSHOT/hadoop-hdds-container-service-0.5.0-SNAPSHOT.jar!/webapps/static,AVAILABLE}
2019-09-29 11:07:53,588 [main] INFO  handler.ContextHandler (ContextHandler.java:doStart(781)) - Started o.e.j.w.WebAppContext@437486cd{/,file:///tmp/jetty-0.0.0.0-42927-hddsDatanode-_-any-2003884480995258322.dir/webapp/,AVAILABLE}{/hddsDatanode}
2019-09-29 11:07:53,590 [main] INFO  server.AbstractConnector (AbstractConnector.java:doStart(278)) - Started ServerConnector@15b642b9{HTTP/1.1,[http/1.1]}{0.0.0.0:42927}
2019-09-29 11:07:53,591 [main] INFO  server.Server (Server.java:doStart(419)) - Started @6058ms
2019-09-29 11:07:53,592 [main] WARN  impl.MetricsSystemImpl (MetricsSystemImpl.java:register(276)) - Sink prometheus already exists!
2019-09-29 11:07:53,593 [main] INFO  server.BaseHttpServer (BaseHttpServer.java:updateConnectorAddress(215)) - HTTP server of HDDSDATANODE is listening at http://0.0.0.0:42927
2019-09-29 11:07:53,593 [main] INFO  impl.MetricsSystemImpl (MetricsSystemImpl.java:init(158)) - HddsDatanode metrics system started (again)
2019-09-29 11:07:53,597 [org.apache.hadoop.util.JvmPauseMonitor$Monitor@17ba0a1b] INFO  util.JvmPauseMonitor (JvmPauseMonitor.java:run(188)) - Starting JVM pause monitor
2019-09-29 11:07:53,597 [main] INFO  ozone.HddsDatanodeService (HddsDatanodeService.java:start(184)) - HddsDatanodeService host:pr-hdds-1569-lsfh5-224679870 ip:192.168.30.19
2019-09-29 11:07:53,600 [Datanode State Machine Thread - 0] INFO  datanode.InitDatanodeState (InitDatanodeState.java:persistContainerDatanodeDetails(140)) - DatanodeDetails is persisted to /workdir/hadoop-ozone/integration-test/target/test-dir/MiniOzoneClusterImpl-3830d8fa-b618-494a-8595-70b28c2bfeb8/datanode-3/meta/datanode.id
2019-09-29 11:07:53,613 [main] INFO  volume.HddsVolume (HddsVolume.java:<init>(176)) - Creating Volume: /workdir/hadoop-ozone/integration-test/target/test-dir/MiniOzoneClusterImpl-3830d8fa-b618-494a-8595-70b28c2bfeb8/datanode-4/data/containers/hdds of  storage type : DISK and capacity : 1482555576320
2019-09-29 11:07:53,614 [main] INFO  volume.VolumeSet (VolumeSet.java:initializeVolumeSet(170)) - Added Volume : /workdir/hadoop-ozone/integration-test/target/test-dir/MiniOzoneClusterImpl-3830d8fa-b618-494a-8595-70b28c2bfeb8/datanode-4/data/containers/hdds to VolumeSet
2019-09-29 11:07:53,614 [main] INFO  volume.ThrottledAsyncChecker (ThrottledAsyncChecker.java:schedule(139)) - Scheduling a check for org.apache.hadoop.ozone.container.common.volume.HddsVolume@2f897dab
2019-09-29 11:07:53,615 [main] INFO  volume.HddsVolumeChecker (HddsVolumeChecker.java:checkAllVolumes(202)) - Scheduled health check for volume org.apache.hadoop.ozone.container.common.volume.HddsVolume@2f897dab
2019-09-29 11:07:53,634 [main] INFO  impl.RaftServerProxy (ConfUtils.java:logGet(43)) - raft.rpc.type = GRPC (default)
2019-09-29 11:07:53,634 [main] INFO  grpc.GrpcFactory (GrpcFactory.java:checkPooledByteBufAllocatorUseCacheForAllThreads(45)) - PERFORMANCE WARNING: useCacheForAllThreads is true that may cause Netty to create a lot garbage objects and, as a result, trigger GC.
	It is recommended to disable useCacheForAllThreads by setting -Dorg.apache.ratis.thirdparty.io.netty.allocator.useCacheForAllThreads=false in command line.
2019-09-29 11:07:53,634 [main] INFO  grpc.GrpcConfigKeys$Server (ConfUtils.java:logGet(43)) - raft.grpc.server.port = 0 (default)
2019-09-29 11:07:53,635 [main] INFO  server.GrpcService (ConfUtils.java:logGet(43)) - raft.grpc.message.size.max = 33570816 (custom)
2019-09-29 11:07:53,635 [main] INFO  server.RaftServerConfigKeys (ConfUtils.java:logGet(43)) - raft.server.log.appender.buffer.byte-limit = 33554432 (custom)
2019-09-29 11:07:53,635 [main] INFO  server.GrpcService (ConfUtils.java:logGet(43)) - raft.grpc.flow.control.window = 1MB (=1048576) (default)
2019-09-29 11:07:53,636 [main] INFO  server.RaftServerConfigKeys (ConfUtils.java:logGet(43)) - raft.server.rpc.request.timeout = 3000ms (default)
2019-09-29 11:07:53,636 [main] INFO  server.RaftServerConfigKeys (ConfUtils.java:logGet(43)) - raft.server.storage.dir = [/workdir/hadoop-ozone/integration-test/target/test-dir/MiniOzoneClusterImpl-3830d8fa-b618-494a-8595-70b28c2bfeb8/datanode-4/data/ratis] (custom)
2019-09-29 11:07:53,638 [main] INFO  hdfs.DFSUtil (DFSUtil.java:httpServerTemplateForNNAndJN(1641)) - Starting Web-server for hddsDatanode at: http://0.0.0.0:0
2019-09-29 11:07:53,640 [main] INFO  server.AuthenticationFilter (AuthenticationFilter.java:constructSecretProvider(240)) - Unable to initialize FileSignerSecretProvider, falling back to use random secrets.
2019-09-29 11:07:53,641 [main] WARN  http.HttpRequestLog (HttpRequestLog.java:getRequestLog(97)) - Jetty request log can only be enabled using Log4j
2019-09-29 11:07:53,643 [main] INFO  http.HttpServer2 (HttpServer2.java:addGlobalFilter(975)) - Added global filter 'safety' (class=org.apache.hadoop.http.HttpServer2$QuotingInputFilter)
2019-09-29 11:07:53,644 [main] INFO  http.HttpServer2 (HttpServer2.java:addFilter(948)) - Added filter static_user_filter (class=org.apache.hadoop.http.lib.StaticUserWebFilter$StaticUserFilter) to context hddsDatanode
2019-09-29 11:07:53,644 [main] INFO  http.HttpServer2 (HttpServer2.java:addFilter(958)) - Added filter static_user_filter (class=org.apache.hadoop.http.lib.StaticUserWebFilter$StaticUserFilter) to context logs
2019-09-29 11:07:53,645 [main] INFO  http.HttpServer2 (HttpServer2.java:addFilter(958)) - Added filter static_user_filter (class=org.apache.hadoop.http.lib.StaticUserWebFilter$StaticUserFilter) to context static
2019-09-29 11:07:53,646 [main] INFO  http.HttpServer2 (HttpServer2.java:bindListener(1191)) - Jetty bound to port 43767
2019-09-29 11:07:53,646 [main] INFO  server.Server (Server.java:doStart(351)) - jetty-9.3.25.v20180904, build timestamp: 2018-09-04T21:11:46Z, git hash: 3ce520221d0240229c862b122d2b06c12a625732
2019-09-29 11:07:53,649 [main] INFO  handler.ContextHandler (ContextHandler.java:doStart(781)) - Started o.e.j.s.ServletContextHandler@67e13bd0{/logs,file:///workdir/hadoop-ozone/integration-test/target/log,AVAILABLE}
2019-09-29 11:07:53,650 [main] INFO  handler.ContextHandler (ContextHandler.java:doStart(781)) - Started o.e.j.s.ServletContextHandler@2cae9b8{/static,jar:file:/home/user/.m2/repository/org/apache/hadoop/hadoop-hdds-container-service/0.5.0-SNAPSHOT/hadoop-hdds-container-service-0.5.0-SNAPSHOT.jar!/webapps/static,AVAILABLE}
2019-09-29 11:07:53,695 [main] INFO  handler.ContextHandler (ContextHandler.java:doStart(781)) - Started o.e.j.w.WebAppContext@53cf9c99{/,file:///tmp/jetty-0.0.0.0-43767-hddsDatanode-_-any-1243628095469696555.dir/webapp/,AVAILABLE}{/hddsDatanode}
2019-09-29 11:07:53,696 [main] INFO  server.AbstractConnector (AbstractConnector.java:doStart(278)) - Started ServerConnector@7b306b9f{HTTP/1.1,[http/1.1]}{0.0.0.0:43767}
2019-09-29 11:07:53,697 [main] INFO  server.Server (Server.java:doStart(419)) - Started @6163ms
2019-09-29 11:07:53,697 [main] WARN  impl.MetricsSystemImpl (MetricsSystemImpl.java:register(276)) - Sink prometheus already exists!
2019-09-29 11:07:53,698 [main] INFO  server.BaseHttpServer (BaseHttpServer.java:updateConnectorAddress(215)) - HTTP server of HDDSDATANODE is listening at http://0.0.0.0:43767
2019-09-29 11:07:53,699 [main] INFO  impl.MetricsSystemImpl (MetricsSystemImpl.java:init(158)) - HddsDatanode metrics system started (again)
2019-09-29 11:07:53,703 [org.apache.hadoop.util.JvmPauseMonitor$Monitor@29329bd8] INFO  util.JvmPauseMonitor (JvmPauseMonitor.java:run(188)) - Starting JVM pause monitor
2019-09-29 11:07:53,704 [main] INFO  ozone.HddsDatanodeService (HddsDatanodeService.java:start(184)) - HddsDatanodeService host:pr-hdds-1569-lsfh5-224679870 ip:192.168.30.19
2019-09-29 11:07:53,706 [Datanode State Machine Thread - 0] INFO  datanode.InitDatanodeState (InitDatanodeState.java:persistContainerDatanodeDetails(140)) - DatanodeDetails is persisted to /workdir/hadoop-ozone/integration-test/target/test-dir/MiniOzoneClusterImpl-3830d8fa-b618-494a-8595-70b28c2bfeb8/datanode-4/meta/datanode.id
2019-09-29 11:07:53,714 [main] INFO  volume.HddsVolume (HddsVolume.java:<init>(176)) - Creating Volume: /workdir/hadoop-ozone/integration-test/target/test-dir/MiniOzoneClusterImpl-3830d8fa-b618-494a-8595-70b28c2bfeb8/datanode-5/data/containers/hdds of  storage type : DISK and capacity : 1482555576320
2019-09-29 11:07:53,714 [main] INFO  volume.VolumeSet (VolumeSet.java:initializeVolumeSet(170)) - Added Volume : /workdir/hadoop-ozone/integration-test/target/test-dir/MiniOzoneClusterImpl-3830d8fa-b618-494a-8595-70b28c2bfeb8/datanode-5/data/containers/hdds to VolumeSet
2019-09-29 11:07:53,714 [main] INFO  volume.ThrottledAsyncChecker (ThrottledAsyncChecker.java:schedule(139)) - Scheduling a check for org.apache.hadoop.ozone.container.common.volume.HddsVolume@f1d0004
2019-09-29 11:07:53,715 [main] INFO  volume.HddsVolumeChecker (HddsVolumeChecker.java:checkAllVolumes(202)) - Scheduled health check for volume org.apache.hadoop.ozone.container.common.volume.HddsVolume@f1d0004
2019-09-29 11:07:53,738 [main] INFO  impl.RaftServerProxy (ConfUtils.java:logGet(43)) - raft.rpc.type = GRPC (default)
2019-09-29 11:07:53,738 [main] INFO  grpc.GrpcFactory (GrpcFactory.java:checkPooledByteBufAllocatorUseCacheForAllThreads(45)) - PERFORMANCE WARNING: useCacheForAllThreads is true that may cause Netty to create a lot garbage objects and, as a result, trigger GC.
	It is recommended to disable useCacheForAllThreads by setting -Dorg.apache.ratis.thirdparty.io.netty.allocator.useCacheForAllThreads=false in command line.
2019-09-29 11:07:53,739 [main] INFO  grpc.GrpcConfigKeys$Server (ConfUtils.java:logGet(43)) - raft.grpc.server.port = 0 (default)
2019-09-29 11:07:53,739 [main] INFO  server.GrpcService (ConfUtils.java:logGet(43)) - raft.grpc.message.size.max = 33570816 (custom)
2019-09-29 11:07:53,739 [main] INFO  server.RaftServerConfigKeys (ConfUtils.java:logGet(43)) - raft.server.log.appender.buffer.byte-limit = 33554432 (custom)
2019-09-29 11:07:53,740 [main] INFO  server.GrpcService (ConfUtils.java:logGet(43)) - raft.grpc.flow.control.window = 1MB (=1048576) (default)
2019-09-29 11:07:53,740 [main] INFO  server.RaftServerConfigKeys (ConfUtils.java:logGet(43)) - raft.server.rpc.request.timeout = 3000ms (default)
2019-09-29 11:07:53,741 [main] INFO  server.RaftServerConfigKeys (ConfUtils.java:logGet(43)) - raft.server.storage.dir = [/workdir/hadoop-ozone/integration-test/target/test-dir/MiniOzoneClusterImpl-3830d8fa-b618-494a-8595-70b28c2bfeb8/datanode-5/data/ratis] (custom)
2019-09-29 11:07:53,743 [main] INFO  hdfs.DFSUtil (DFSUtil.java:httpServerTemplateForNNAndJN(1641)) - Starting Web-server for hddsDatanode at: http://0.0.0.0:0
2019-09-29 11:07:53,745 [main] INFO  server.AuthenticationFilter (AuthenticationFilter.java:constructSecretProvider(240)) - Unable to initialize FileSignerSecretProvider, falling back to use random secrets.
2019-09-29 11:07:53,745 [main] WARN  http.HttpRequestLog (HttpRequestLog.java:getRequestLog(97)) - Jetty request log can only be enabled using Log4j
2019-09-29 11:07:53,747 [main] INFO  http.HttpServer2 (HttpServer2.java:addGlobalFilter(975)) - Added global filter 'safety' (class=org.apache.hadoop.http.HttpServer2$QuotingInputFilter)
2019-09-29 11:07:53,748 [main] INFO  http.HttpServer2 (HttpServer2.java:addFilter(948)) - Added filter static_user_filter (class=org.apache.hadoop.http.lib.StaticUserWebFilter$StaticUserFilter) to context hddsDatanode
2019-09-29 11:07:53,748 [main] INFO  http.HttpServer2 (HttpServer2.java:addFilter(958)) - Added filter static_user_filter (class=org.apache.hadoop.http.lib.StaticUserWebFilter$StaticUserFilter) to context logs
2019-09-29 11:07:53,749 [main] INFO  http.HttpServer2 (HttpServer2.java:addFilter(958)) - Added filter static_user_filter (class=org.apache.hadoop.http.lib.StaticUserWebFilter$StaticUserFilter) to context static
2019-09-29 11:07:53,750 [main] INFO  http.HttpServer2 (HttpServer2.java:bindListener(1191)) - Jetty bound to port 34693
2019-09-29 11:07:53,750 [main] INFO  server.Server (Server.java:doStart(351)) - jetty-9.3.25.v20180904, build timestamp: 2018-09-04T21:11:46Z, git hash: 3ce520221d0240229c862b122d2b06c12a625732
2019-09-29 11:07:53,752 [main] INFO  handler.ContextHandler (ContextHandler.java:doStart(781)) - Started o.e.j.s.ServletContextHandler@21505815{/logs,file:///workdir/hadoop-ozone/integration-test/target/log,AVAILABLE}
2019-09-29 11:07:53,753 [main] INFO  handler.ContextHandler (ContextHandler.java:doStart(781)) - Started o.e.j.s.ServletContextHandler@58fef7f7{/static,jar:file:/home/user/.m2/repository/org/apache/hadoop/hadoop-hdds-container-service/0.5.0-SNAPSHOT/hadoop-hdds-container-service-0.5.0-SNAPSHOT.jar!/webapps/static,AVAILABLE}
2019-09-29 11:07:53,788 [main] INFO  handler.ContextHandler (ContextHandler.java:doStart(781)) - Started o.e.j.w.WebAppContext@100c8b75{/,file:///tmp/jetty-0.0.0.0-34693-hddsDatanode-_-any-4123157290183152326.dir/webapp/,AVAILABLE}{/hddsDatanode}
2019-09-29 11:07:53,789 [main] INFO  server.AbstractConnector (AbstractConnector.java:doStart(278)) - Started ServerConnector@2bc378f7{HTTP/1.1,[http/1.1]}{0.0.0.0:34693}
2019-09-29 11:07:53,790 [main] INFO  server.Server (Server.java:doStart(419)) - Started @6256ms
2019-09-29 11:07:53,790 [main] WARN  impl.MetricsSystemImpl (MetricsSystemImpl.java:register(276)) - Sink prometheus already exists!
2019-09-29 11:07:53,790 [main] INFO  server.BaseHttpServer (BaseHttpServer.java:updateConnectorAddress(215)) - HTTP server of HDDSDATANODE is listening at http://0.0.0.0:34693
2019-09-29 11:07:53,791 [main] INFO  impl.MetricsSystemImpl (MetricsSystemImpl.java:init(158)) - HddsDatanode metrics system started (again)
2019-09-29 11:07:53,795 [org.apache.hadoop.util.JvmPauseMonitor$Monitor@20921129] INFO  util.JvmPauseMonitor (JvmPauseMonitor.java:run(188)) - Starting JVM pause monitor
2019-09-29 11:07:53,795 [main] INFO  ozone.HddsDatanodeService (HddsDatanodeService.java:start(184)) - HddsDatanodeService host:pr-hdds-1569-lsfh5-224679870 ip:192.168.30.19
2019-09-29 11:07:53,798 [Datanode State Machine Thread - 0] INFO  datanode.InitDatanodeState (InitDatanodeState.java:persistContainerDatanodeDetails(140)) - DatanodeDetails is persisted to /workdir/hadoop-ozone/integration-test/target/test-dir/MiniOzoneClusterImpl-3830d8fa-b618-494a-8595-70b28c2bfeb8/datanode-5/meta/datanode.id
2019-09-29 11:07:53,802 [main] INFO  volume.HddsVolume (HddsVolume.java:<init>(176)) - Creating Volume: /workdir/hadoop-ozone/integration-test/target/test-dir/MiniOzoneClusterImpl-3830d8fa-b618-494a-8595-70b28c2bfeb8/datanode-6/data/containers/hdds of  storage type : DISK and capacity : 1482555576320
2019-09-29 11:07:53,803 [main] INFO  volume.VolumeSet (VolumeSet.java:initializeVolumeSet(170)) - Added Volume : /workdir/hadoop-ozone/integration-test/target/test-dir/MiniOzoneClusterImpl-3830d8fa-b618-494a-8595-70b28c2bfeb8/datanode-6/data/containers/hdds to VolumeSet
2019-09-29 11:07:53,803 [main] INFO  volume.ThrottledAsyncChecker (ThrottledAsyncChecker.java:schedule(139)) - Scheduling a check for org.apache.hadoop.ozone.container.common.volume.HddsVolume@363c4251
2019-09-29 11:07:53,804 [main] INFO  volume.HddsVolumeChecker (HddsVolumeChecker.java:checkAllVolumes(202)) - Scheduled health check for volume org.apache.hadoop.ozone.container.common.volume.HddsVolume@363c4251
2019-09-29 11:07:53,822 [main] INFO  impl.RaftServerProxy (ConfUtils.java:logGet(43)) - raft.rpc.type = GRPC (default)
2019-09-29 11:07:53,822 [main] INFO  grpc.GrpcFactory (GrpcFactory.java:checkPooledByteBufAllocatorUseCacheForAllThreads(45)) - PERFORMANCE WARNING: useCacheForAllThreads is true that may cause Netty to create a lot garbage objects and, as a result, trigger GC.
	It is recommended to disable useCacheForAllThreads by setting -Dorg.apache.ratis.thirdparty.io.netty.allocator.useCacheForAllThreads=false in command line.
2019-09-29 11:07:53,822 [main] INFO  grpc.GrpcConfigKeys$Server (ConfUtils.java:logGet(43)) - raft.grpc.server.port = 0 (default)
2019-09-29 11:07:53,823 [main] INFO  server.GrpcService (ConfUtils.java:logGet(43)) - raft.grpc.message.size.max = 33570816 (custom)
2019-09-29 11:07:53,823 [main] INFO  server.RaftServerConfigKeys (ConfUtils.java:logGet(43)) - raft.server.log.appender.buffer.byte-limit = 33554432 (custom)
2019-09-29 11:07:53,823 [main] INFO  server.GrpcService (ConfUtils.java:logGet(43)) - raft.grpc.flow.control.window = 1MB (=1048576) (default)
2019-09-29 11:07:53,823 [main] INFO  server.RaftServerConfigKeys (ConfUtils.java:logGet(43)) - raft.server.rpc.request.timeout = 3000ms (default)
2019-09-29 11:07:53,824 [main] INFO  server.RaftServerConfigKeys (ConfUtils.java:logGet(43)) - raft.server.storage.dir = [/workdir/hadoop-ozone/integration-test/target/test-dir/MiniOzoneClusterImpl-3830d8fa-b618-494a-8595-70b28c2bfeb8/datanode-6/data/ratis] (custom)
2019-09-29 11:07:53,826 [main] INFO  hdfs.DFSUtil (DFSUtil.java:httpServerTemplateForNNAndJN(1641)) - Starting Web-server for hddsDatanode at: http://0.0.0.0:0
2019-09-29 11:07:53,827 [main] INFO  server.AuthenticationFilter (AuthenticationFilter.java:constructSecretProvider(240)) - Unable to initialize FileSignerSecretProvider, falling back to use random secrets.
2019-09-29 11:07:53,827 [main] WARN  http.HttpRequestLog (HttpRequestLog.java:getRequestLog(97)) - Jetty request log can only be enabled using Log4j
2019-09-29 11:07:53,829 [main] INFO  http.HttpServer2 (HttpServer2.java:addGlobalFilter(975)) - Added global filter 'safety' (class=org.apache.hadoop.http.HttpServer2$QuotingInputFilter)
2019-09-29 11:07:53,830 [main] INFO  http.HttpServer2 (HttpServer2.java:addFilter(948)) - Added filter static_user_filter (class=org.apache.hadoop.http.lib.StaticUserWebFilter$StaticUserFilter) to context hddsDatanode
2019-09-29 11:07:53,830 [main] INFO  http.HttpServer2 (HttpServer2.java:addFilter(958)) - Added filter static_user_filter (class=org.apache.hadoop.http.lib.StaticUserWebFilter$StaticUserFilter) to context logs
2019-09-29 11:07:53,830 [main] INFO  http.HttpServer2 (HttpServer2.java:addFilter(958)) - Added filter static_user_filter (class=org.apache.hadoop.http.lib.StaticUserWebFilter$StaticUserFilter) to context static
2019-09-29 11:07:53,831 [main] INFO  http.HttpServer2 (HttpServer2.java:bindListener(1191)) - Jetty bound to port 37226
2019-09-29 11:07:53,831 [main] INFO  server.Server (Server.java:doStart(351)) - jetty-9.3.25.v20180904, build timestamp: 2018-09-04T21:11:46Z, git hash: 3ce520221d0240229c862b122d2b06c12a625732
2019-09-29 11:07:53,833 [main] INFO  handler.ContextHandler (ContextHandler.java:doStart(781)) - Started o.e.j.s.ServletContextHandler@7c8c70d6{/logs,file:///workdir/hadoop-ozone/integration-test/target/log,AVAILABLE}
2019-09-29 11:07:53,833 [main] INFO  handler.ContextHandler (ContextHandler.java:doStart(781)) - Started o.e.j.s.ServletContextHandler@6edf29c1{/static,jar:file:/home/user/.m2/repository/org/apache/hadoop/hadoop-hdds-container-service/0.5.0-SNAPSHOT/hadoop-hdds-container-service-0.5.0-SNAPSHOT.jar!/webapps/static,AVAILABLE}
2019-09-29 11:07:53,864 [main] INFO  handler.ContextHandler (ContextHandler.java:doStart(781)) - Started o.e.j.w.WebAppContext@1e9469b8{/,file:///tmp/jetty-0.0.0.0-37226-hddsDatanode-_-any-8522997487097896733.dir/webapp/,AVAILABLE}{/hddsDatanode}
2019-09-29 11:07:53,864 [main] INFO  server.AbstractConnector (AbstractConnector.java:doStart(278)) - Started ServerConnector@5a08efdc{HTTP/1.1,[http/1.1]}{0.0.0.0:37226}
2019-09-29 11:07:53,865 [main] INFO  server.Server (Server.java:doStart(419)) - Started @6332ms
2019-09-29 11:07:53,865 [main] WARN  impl.MetricsSystemImpl (MetricsSystemImpl.java:register(276)) - Sink prometheus already exists!
2019-09-29 11:07:53,866 [main] INFO  server.BaseHttpServer (BaseHttpServer.java:updateConnectorAddress(215)) - HTTP server of HDDSDATANODE is listening at http://0.0.0.0:37226
2019-09-29 11:07:53,869 [main] INFO  ozone.MiniOzoneClusterImpl (MiniOzoneClusterImpl.java:lambda$waitForClusterToBeReady$0(147)) - Waiting for cluster to be ready. Got 0 of 7 DN Heartbeats.
2019-09-29 11:07:53,869 [org.apache.hadoop.util.JvmPauseMonitor$Monitor@10064a0e] INFO  util.JvmPauseMonitor (JvmPauseMonitor.java:run(188)) - Starting JVM pause monitor
2019-09-29 11:07:53,872 [Datanode State Machine Thread - 0] INFO  datanode.InitDatanodeState (InitDatanodeState.java:persistContainerDatanodeDetails(140)) - DatanodeDetails is persisted to /workdir/hadoop-ozone/integration-test/target/test-dir/MiniOzoneClusterImpl-3830d8fa-b618-494a-8595-70b28c2bfeb8/datanode-6/meta/datanode.id
2019-09-29 11:07:54,869 [main] INFO  ozone.MiniOzoneClusterImpl (MiniOzoneClusterImpl.java:lambda$waitForClusterToBeReady$0(147)) - Waiting for cluster to be ready. Got 0 of 7 DN Heartbeats.
2019-09-29 11:07:55,349 [Datanode State Machine Thread - 0] INFO  ozoneimpl.OzoneContainer (OzoneContainer.java:start(217)) - Attempting to start container services.
2019-09-29 11:07:55,353 [Datanode State Machine Thread - 0] INFO  ozoneimpl.OzoneContainer (OzoneContainer.java:startContainerScrub(179)) - Background container scanner has been disabled.
2019-09-29 11:07:55,354 [Datanode State Machine Thread - 0] INFO  ratis.XceiverServerRatis (XceiverServerRatis.java:start(411)) - Starting XceiverServerRatis 0231b0bd-9fb3-4849-a4a5-c8d03ad78392 at port 0
2019-09-29 11:07:55,379 [Datanode State Machine Thread - 0] INFO  impl.RaftServerProxy (RaftServerProxy.java:lambda$start$3(299)) - 0231b0bd-9fb3-4849-a4a5-c8d03ad78392: start RPC server
2019-09-29 11:07:55,412 [Datanode State Machine Thread - 0] INFO  ozoneimpl.OzoneContainer (OzoneContainer.java:start(217)) - Attempting to start container services.
2019-09-29 11:07:55,418 [Datanode State Machine Thread - 0] INFO  ozoneimpl.OzoneContainer (OzoneContainer.java:startContainerScrub(179)) - Background container scanner has been disabled.
2019-09-29 11:07:55,418 [Datanode State Machine Thread - 0] INFO  ratis.XceiverServerRatis (XceiverServerRatis.java:start(411)) - Starting XceiverServerRatis 32d50e58-0e8b-44bb-a013-d28b85576746 at port 0
2019-09-29 11:07:55,428 [Datanode State Machine Thread - 0] INFO  impl.RaftServerProxy (RaftServerProxy.java:lambda$start$3(299)) - 32d50e58-0e8b-44bb-a013-d28b85576746: start RPC server
2019-09-29 11:07:55,518 [Datanode State Machine Thread - 0] INFO  ozoneimpl.OzoneContainer (OzoneContainer.java:start(217)) - Attempting to start container services.
2019-09-29 11:07:55,522 [Datanode State Machine Thread - 0] INFO  ozoneimpl.OzoneContainer (OzoneContainer.java:startContainerScrub(179)) - Background container scanner has been disabled.
2019-09-29 11:07:55,522 [Datanode State Machine Thread - 0] INFO  ratis.XceiverServerRatis (XceiverServerRatis.java:start(411)) - Starting XceiverServerRatis 2e3f08f3-0baf-4b8e-a0dc-98d1a16dd160 at port 0
2019-09-29 11:07:55,537 [Datanode State Machine Thread - 0] INFO  impl.RaftServerProxy (RaftServerProxy.java:lambda$start$3(299)) - 2e3f08f3-0baf-4b8e-a0dc-98d1a16dd160: start RPC server
2019-09-29 11:07:55,553 [Datanode State Machine Thread - 0] INFO  server.GrpcService (GrpcService.java:startImpl(158)) - 32d50e58-0e8b-44bb-a013-d28b85576746: GrpcService started, listening on 0.0.0.0/0.0.0.0:35526
2019-09-29 11:07:55,553 [Datanode State Machine Thread - 0] INFO  server.GrpcService (GrpcService.java:startImpl(158)) - 0231b0bd-9fb3-4849-a4a5-c8d03ad78392: GrpcService started, listening on 0.0.0.0/0.0.0.0:39526
2019-09-29 11:07:55,554 [Datanode State Machine Thread - 0] INFO  ratis.XceiverServerRatis (XceiverServerRatis.java:start(421)) - XceiverServerRatis 32d50e58-0e8b-44bb-a013-d28b85576746 is started using port 35526
2019-09-29 11:07:55,553 [Datanode State Machine Thread - 0] INFO  server.GrpcService (GrpcService.java:startImpl(158)) - 2e3f08f3-0baf-4b8e-a0dc-98d1a16dd160: GrpcService started, listening on 0.0.0.0/0.0.0.0:43958
2019-09-29 11:07:55,555 [Datanode State Machine Thread - 0] INFO  ratis.XceiverServerRatis (XceiverServerRatis.java:start(421)) - XceiverServerRatis 0231b0bd-9fb3-4849-a4a5-c8d03ad78392 is started using port 39526
2019-09-29 11:07:55,555 [Datanode State Machine Thread - 0] INFO  ratis.XceiverServerRatis (XceiverServerRatis.java:start(421)) - XceiverServerRatis 2e3f08f3-0baf-4b8e-a0dc-98d1a16dd160 is started using port 43958
2019-09-29 11:07:55,563 [Datanode State Machine Thread - 0] INFO  server.XceiverServerGrpc (XceiverServerGrpc.java:start(149)) - XceiverServerGrpc 0231b0bd-9fb3-4849-a4a5-c8d03ad78392 is started using port 37981
2019-09-29 11:07:55,563 [Datanode State Machine Thread - 0] INFO  server.XceiverServerGrpc (XceiverServerGrpc.java:start(149)) - XceiverServerGrpc 32d50e58-0e8b-44bb-a013-d28b85576746 is started using port 38366
2019-09-29 11:07:55,563 [Datanode State Machine Thread - 0] INFO  server.XceiverServerGrpc (XceiverServerGrpc.java:start(149)) - XceiverServerGrpc 2e3f08f3-0baf-4b8e-a0dc-98d1a16dd160 is started using port 39574
2019-09-29 11:07:55,634 [Datanode State Machine Thread - 0] INFO  ozoneimpl.OzoneContainer (OzoneContainer.java:start(217)) - Attempting to start container services.
2019-09-29 11:07:55,634 [Datanode State Machine Thread - 0] INFO  ozoneimpl.OzoneContainer (OzoneContainer.java:startContainerScrub(179)) - Background container scanner has been disabled.
2019-09-29 11:07:55,634 [Datanode State Machine Thread - 0] INFO  ratis.XceiverServerRatis (XceiverServerRatis.java:start(411)) - Starting XceiverServerRatis b2a9bc99-8913-4a63-a45e-ee2fa957b1dc at port 0
2019-09-29 11:07:55,643 [Datanode State Machine Thread - 0] INFO  impl.RaftServerProxy (RaftServerProxy.java:lambda$start$3(299)) - b2a9bc99-8913-4a63-a45e-ee2fa957b1dc: start RPC server
2019-09-29 11:07:55,647 [Datanode State Machine Thread - 0] INFO  server.GrpcService (GrpcService.java:startImpl(158)) - b2a9bc99-8913-4a63-a45e-ee2fa957b1dc: GrpcService started, listening on 0.0.0.0/0.0.0.0:37835
2019-09-29 11:07:55,647 [Datanode State Machine Thread - 0] INFO  ratis.XceiverServerRatis (XceiverServerRatis.java:start(421)) - XceiverServerRatis b2a9bc99-8913-4a63-a45e-ee2fa957b1dc is started using port 37835
2019-09-29 11:07:55,650 [Datanode State Machine Thread - 0] INFO  server.XceiverServerGrpc (XceiverServerGrpc.java:start(149)) - XceiverServerGrpc b2a9bc99-8913-4a63-a45e-ee2fa957b1dc is started using port 45338
2019-09-29 11:07:55,730 [Datanode State Machine Thread - 0] INFO  ozoneimpl.OzoneContainer (OzoneContainer.java:start(217)) - Attempting to start container services.
2019-09-29 11:07:55,730 [Datanode State Machine Thread - 0] INFO  ozoneimpl.OzoneContainer (OzoneContainer.java:startContainerScrub(179)) - Background container scanner has been disabled.
2019-09-29 11:07:55,730 [Datanode State Machine Thread - 0] INFO  ratis.XceiverServerRatis (XceiverServerRatis.java:start(411)) - Starting XceiverServerRatis 1649af47-cb07-4d21-9f17-f86f43afaca3 at port 0
2019-09-29 11:07:55,740 [Datanode State Machine Thread - 0] INFO  impl.RaftServerProxy (RaftServerProxy.java:lambda$start$3(299)) - 1649af47-cb07-4d21-9f17-f86f43afaca3: start RPC server
2019-09-29 11:07:55,744 [Datanode State Machine Thread - 0] INFO  server.GrpcService (GrpcService.java:startImpl(158)) - 1649af47-cb07-4d21-9f17-f86f43afaca3: GrpcService started, listening on 0.0.0.0/0.0.0.0:46566
2019-09-29 11:07:55,744 [Datanode State Machine Thread - 0] INFO  ratis.XceiverServerRatis (XceiverServerRatis.java:start(421)) - XceiverServerRatis 1649af47-cb07-4d21-9f17-f86f43afaca3 is started using port 46566
2019-09-29 11:07:55,748 [Datanode State Machine Thread - 0] INFO  server.XceiverServerGrpc (XceiverServerGrpc.java:start(149)) - XceiverServerGrpc 1649af47-cb07-4d21-9f17-f86f43afaca3 is started using port 43530
2019-09-29 11:07:55,823 [Datanode State Machine Thread - 0] INFO  ozoneimpl.OzoneContainer (OzoneContainer.java:start(217)) - Attempting to start container services.
2019-09-29 11:07:55,823 [Datanode State Machine Thread - 0] INFO  ozoneimpl.OzoneContainer (OzoneContainer.java:startContainerScrub(179)) - Background container scanner has been disabled.
2019-09-29 11:07:55,823 [Datanode State Machine Thread - 0] INFO  ratis.XceiverServerRatis (XceiverServerRatis.java:start(411)) - Starting XceiverServerRatis 97806d94-bf03-4162-88de-2912f25217ae at port 0
2019-09-29 11:07:55,831 [Datanode State Machine Thread - 0] INFO  impl.RaftServerProxy (RaftServerProxy.java:lambda$start$3(299)) - 97806d94-bf03-4162-88de-2912f25217ae: start RPC server
2019-09-29 11:07:55,836 [Datanode State Machine Thread - 0] INFO  server.GrpcService (GrpcService.java:startImpl(158)) - 97806d94-bf03-4162-88de-2912f25217ae: GrpcService started, listening on 0.0.0.0/0.0.0.0:33042
2019-09-29 11:07:55,836 [Datanode State Machine Thread - 0] INFO  ratis.XceiverServerRatis (XceiverServerRatis.java:start(421)) - XceiverServerRatis 97806d94-bf03-4162-88de-2912f25217ae is started using port 33042
2019-09-29 11:07:55,840 [Datanode State Machine Thread - 0] INFO  server.XceiverServerGrpc (XceiverServerGrpc.java:start(149)) - XceiverServerGrpc 97806d94-bf03-4162-88de-2912f25217ae is started using port 34208
2019-09-29 11:07:55,869 [main] INFO  ozone.MiniOzoneClusterImpl (MiniOzoneClusterImpl.java:lambda$waitForClusterToBeReady$0(147)) - Waiting for cluster to be ready. Got 0 of 7 DN Heartbeats.
2019-09-29 11:07:55,906 [Datanode State Machine Thread - 0] INFO  ozoneimpl.OzoneContainer (OzoneContainer.java:start(217)) - Attempting to start container services.
2019-09-29 11:07:55,906 [Datanode State Machine Thread - 0] INFO  ozoneimpl.OzoneContainer (OzoneContainer.java:startContainerScrub(179)) - Background container scanner has been disabled.
2019-09-29 11:07:55,906 [Datanode State Machine Thread - 0] INFO  ratis.XceiverServerRatis (XceiverServerRatis.java:start(411)) - Starting XceiverServerRatis 17e09b0e-7256-45e4-9e35-05f1f47ae986 at port 0
2019-09-29 11:07:55,914 [Datanode State Machine Thread - 0] INFO  impl.RaftServerProxy (RaftServerProxy.java:lambda$start$3(299)) - 17e09b0e-7256-45e4-9e35-05f1f47ae986: start RPC server
2019-09-29 11:07:55,919 [Datanode State Machine Thread - 0] INFO  server.GrpcService (GrpcService.java:startImpl(158)) - 17e09b0e-7256-45e4-9e35-05f1f47ae986: GrpcService started, listening on 0.0.0.0/0.0.0.0:35975
2019-09-29 11:07:55,919 [Datanode State Machine Thread - 0] INFO  ratis.XceiverServerRatis (XceiverServerRatis.java:start(421)) - XceiverServerRatis 17e09b0e-7256-45e4-9e35-05f1f47ae986 is started using port 35975
2019-09-29 11:07:55,923 [Datanode State Machine Thread - 0] INFO  server.XceiverServerGrpc (XceiverServerGrpc.java:start(149)) - XceiverServerGrpc 17e09b0e-7256-45e4-9e35-05f1f47ae986 is started using port 38134
2019-09-29 11:07:56,871 [main] INFO  ozone.MiniOzoneClusterImpl (MiniOzoneClusterImpl.java:lambda$waitForClusterToBeReady$0(147)) - Waiting for cluster to be ready. Got 0 of 7 DN Heartbeats.
2019-09-29 11:07:57,318 [IPC Server handler 6 on 37269] INFO  net.NetworkTopology (NetworkTopologyImpl.java:add(111)) - Added a new node: /default-rack/0231b0bd-9fb3-4849-a4a5-c8d03ad78392
2019-09-29 11:07:57,319 [IPC Server handler 6 on 37269] INFO  node.SCMNodeManager (SCMNodeManager.java:register(266)) - Registered Data node : 0231b0bd-9fb3-4849-a4a5-c8d03ad78392{ip: 192.168.30.19, host: pr-hdds-1569-lsfh5-224679870, networkLocation: /default-rack, certSerialId: null}
2019-09-29 11:07:57,323 [EventQueue-NodeRegistrationContainerReportForDataNodeSafeModeRule] INFO  safemode.SCMSafeModeManager (DataNodeSafeModeRule.java:process(71)) - SCM in safe mode. 1 DataNodes registered, 1 required.
2019-09-29 11:07:57,323 [EventQueue-NodeRegistrationContainerReportForDataNodeSafeModeRule] INFO  safemode.SCMSafeModeManager (SCMSafeModeManager.java:validateSafeModeExitRules(177)) - ScmSafeModeManager, all rules are successfully validated
2019-09-29 11:07:57,323 [EventQueue-NodeRegistrationContainerReportForDataNodeSafeModeRule] INFO  safemode.SCMSafeModeManager (SCMSafeModeManager.java:exitSafeMode(193)) - SCM exiting safe mode.
2019-09-29 11:07:57,388 [IPC Server handler 2 on 37269] INFO  net.NetworkTopology (NetworkTopologyImpl.java:add(111)) - Added a new node: /default-rack/32d50e58-0e8b-44bb-a013-d28b85576746
2019-09-29 11:07:57,388 [IPC Server handler 2 on 37269] INFO  node.SCMNodeManager (SCMNodeManager.java:register(266)) - Registered Data node : 32d50e58-0e8b-44bb-a013-d28b85576746{ip: 192.168.30.19, host: pr-hdds-1569-lsfh5-224679870, networkLocation: /default-rack, certSerialId: null}
2019-09-29 11:07:57,496 [IPC Server handler 1 on 37269] INFO  net.NetworkTopology (NetworkTopologyImpl.java:add(111)) - Added a new node: /default-rack/2e3f08f3-0baf-4b8e-a0dc-98d1a16dd160
2019-09-29 11:07:57,496 [IPC Server handler 1 on 37269] INFO  node.SCMNodeManager (SCMNodeManager.java:register(266)) - Registered Data node : 2e3f08f3-0baf-4b8e-a0dc-98d1a16dd160{ip: 192.168.30.19, host: pr-hdds-1569-lsfh5-224679870, networkLocation: /default-rack, certSerialId: null}
2019-09-29 11:07:57,600 [IPC Server handler 3 on 37269] INFO  net.NetworkTopology (NetworkTopologyImpl.java:add(111)) - Added a new node: /default-rack/b2a9bc99-8913-4a63-a45e-ee2fa957b1dc
2019-09-29 11:07:57,600 [IPC Server handler 3 on 37269] INFO  node.SCMNodeManager (SCMNodeManager.java:register(266)) - Registered Data node : b2a9bc99-8913-4a63-a45e-ee2fa957b1dc{ip: 192.168.30.19, host: pr-hdds-1569-lsfh5-224679870, networkLocation: /default-rack, certSerialId: null}
2019-09-29 11:07:57,707 [IPC Server handler 5 on 37269] INFO  net.NetworkTopology (NetworkTopologyImpl.java:add(111)) - Added a new node: /default-rack/1649af47-cb07-4d21-9f17-f86f43afaca3
2019-09-29 11:07:57,707 [IPC Server handler 5 on 37269] INFO  node.SCMNodeManager (SCMNodeManager.java:register(266)) - Registered Data node : 1649af47-cb07-4d21-9f17-f86f43afaca3{ip: 192.168.30.19, host: pr-hdds-1569-lsfh5-224679870, networkLocation: /default-rack, certSerialId: null}
2019-09-29 11:07:57,798 [IPC Server handler 4 on 37269] INFO  net.NetworkTopology (NetworkTopologyImpl.java:add(111)) - Added a new node: /default-rack/97806d94-bf03-4162-88de-2912f25217ae
2019-09-29 11:07:57,798 [IPC Server handler 4 on 37269] INFO  node.SCMNodeManager (SCMNodeManager.java:register(266)) - Registered Data node : 97806d94-bf03-4162-88de-2912f25217ae{ip: 192.168.30.19, host: pr-hdds-1569-lsfh5-224679870, networkLocation: /default-rack, certSerialId: null}
2019-09-29 11:07:57,865 [grpc-default-executor-0] INFO  impl.RaftServerProxy (RaftServerProxy.java:addNew(89)) - 0231b0bd-9fb3-4849-a4a5-c8d03ad78392: addNew group-28F0EED9012F:[0231b0bd-9fb3-4849-a4a5-c8d03ad78392:192.168.30.19:39526] returns group-28F0EED9012F:java.util.concurrent.CompletableFuture@6e8bd913[Not completed]
2019-09-29 11:07:57,873 [main] INFO  ozone.MiniOzoneClusterImpl (MiniOzoneClusterImpl.java:lambda$waitForClusterToBeReady$0(147)) - Waiting for cluster to be ready. Got 6 of 7 DN Heartbeats.
2019-09-29 11:07:57,875 [IPC Server handler 6 on 37269] INFO  net.NetworkTopology (NetworkTopologyImpl.java:add(111)) - Added a new node: /default-rack/17e09b0e-7256-45e4-9e35-05f1f47ae986
2019-09-29 11:07:57,876 [IPC Server handler 6 on 37269] INFO  node.SCMNodeManager (SCMNodeManager.java:register(266)) - Registered Data node : 17e09b0e-7256-45e4-9e35-05f1f47ae986{ip: 192.168.30.19, host: pr-hdds-1569-lsfh5-224679870, networkLocation: /default-rack, certSerialId: null}
2019-09-29 11:07:57,887 [pool-27-thread-1] INFO  impl.RaftServerImpl (RaftServerImpl.java:<init>(95)) - 0231b0bd-9fb3-4849-a4a5-c8d03ad78392: new RaftServerImpl for group-28F0EED9012F:[0231b0bd-9fb3-4849-a4a5-c8d03ad78392:192.168.30.19:39526] with ContainerStateMachine:uninitialized
2019-09-29 11:07:57,889 [pool-27-thread-1] INFO  server.RaftServerConfigKeys (ConfUtils.java:logGet(43)) - raft.server.rpc.timeout.min = 5s (custom)
2019-09-29 11:07:57,890 [pool-27-thread-1] INFO  server.RaftServerConfigKeys (ConfUtils.java:logGet(43)) - raft.server.rpc.timeout.max = 5200ms (custom)
2019-09-29 11:07:57,890 [pool-27-thread-1] INFO  server.RaftServerConfigKeys (ConfUtils.java:logGet(43)) - raft.server.rpcslowness.timeout = 120s (custom)
2019-09-29 11:07:57,891 [pool-27-thread-1] INFO  server.RaftServerConfigKeys (ConfUtils.java:logGet(43)) - raft.server.sleep.deviation.threshold = 300 (default)
2019-09-29 11:07:57,892 [pool-27-thread-1] INFO  server.RaftServerConfigKeys (ConfUtils.java:logGet(43)) - raft.server.log.appender.install.snapshot.enabled = false (custom)
2019-09-29 11:07:57,901 [pool-27-thread-1] INFO  impl.RaftServerImpl (ServerState.java:<init>(103)) - 0231b0bd-9fb3-4849-a4a5-c8d03ad78392@group-28F0EED9012F: ConfigurationManager, init=-1: [0231b0bd-9fb3-4849-a4a5-c8d03ad78392:192.168.30.19:39526], old=null, confs=<EMPTY_MAP>
2019-09-29 11:07:57,901 [pool-27-thread-1] INFO  server.RaftServerConfigKeys (ConfUtils.java:logGet(43)) - raft.server.storage.dir = [/workdir/hadoop-ozone/integration-test/target/test-dir/MiniOzoneClusterImpl-3830d8fa-b618-494a-8595-70b28c2bfeb8/datanode-0/data/ratis] (custom)
2019-09-29 11:07:57,910 [pool-27-thread-1] INFO  storage.RaftStorageDirectory (RaftStorageDirectory.java:analyzeStorage(246)) - The storage directory /workdir/hadoop-ozone/integration-test/target/test-dir/MiniOzoneClusterImpl-3830d8fa-b618-494a-8595-70b28c2bfeb8/datanode-0/data/ratis/aacf4cae-a01d-4295-aa7a-28f0eed9012f does not exist. Creating ...
2019-09-29 11:07:57,956 [pool-27-thread-1] INFO  storage.RaftStorageDirectory (RaftStorageDirectory.java:tryLock(328)) - Lock on /workdir/hadoop-ozone/integration-test/target/test-dir/MiniOzoneClusterImpl-3830d8fa-b618-494a-8595-70b28c2bfeb8/datanode-0/data/ratis/aacf4cae-a01d-4295-aa7a-28f0eed9012f/in_use.lock acquired by nodename 9669@pr-hdds-1569-lsfh5-224679870
2019-09-29 11:07:57,982 [pool-27-thread-1] INFO  storage.RaftStorage (RaftStorage.java:format(72)) - Storage directory /workdir/hadoop-ozone/integration-test/target/test-dir/MiniOzoneClusterImpl-3830d8fa-b618-494a-8595-70b28c2bfeb8/datanode-0/data/ratis/aacf4cae-a01d-4295-aa7a-28f0eed9012f has been successfully formatted.
2019-09-29 11:07:57,985 [pool-27-thread-1] INFO  ratis.ContainerStateMachine (ContainerStateMachine.java:loadSnapshot(230)) - group-28F0EED9012F: The snapshot info is null. Setting the last applied indexto:(t:0, i:~)
2019-09-29 11:07:57,985 [pool-27-thread-1] INFO  server.RaftServerConfigKeys (ConfUtils.java:logGet(43)) - raft.server.notification.no-leader.timeout = 120s (custom)
2019-09-29 11:07:57,988 [pool-27-thread-1] INFO  server.RaftServerConfigKeys (ConfUtils.java:logGet(43)) - raft.server.log.use.memory = false (default)
2019-09-29 11:07:57,996 [pool-27-thread-1] INFO  server.RaftServerConfigKeys (ConfUtils.java:logGet(43)) - raft.server.log.purge.gap = 1000000 (custom)
2019-09-29 11:07:57,996 [pool-27-thread-1] INFO  server.RaftServerConfigKeys (ConfUtils.java:logGet(43)) - raft.server.log.appender.buffer.byte-limit = 33554432 (custom)
2019-09-29 11:07:57,999 [pool-27-thread-1] INFO  server.RaftServerConfigKeys (ConfUtils.java:logGet(43)) - raft.server.log.segment.size.max = 1048576 (custom)
2019-09-29 11:07:58,005 [pool-27-thread-1] INFO  server.RaftServerConfigKeys (ConfUtils.java:logGet(43)) - raft.server.log.segment.cache.num.max = 2 (custom)
2019-09-29 11:07:58,011 [pool-27-thread-1] INFO  segmented.SegmentedRaftLogWorker (SegmentedRaftLogWorker.java:<init>(172)) - new 0231b0bd-9fb3-4849-a4a5-c8d03ad78392@group-28F0EED9012F-SegmentedRaftLogWorker for RaftStorage:Storage Directory /workdir/hadoop-ozone/integration-test/target/test-dir/MiniOzoneClusterImpl-3830d8fa-b618-494a-8595-70b28c2bfeb8/datanode-0/data/ratis/aacf4cae-a01d-4295-aa7a-28f0eed9012f
2019-09-29 11:07:58,014 [pool-27-thread-1] INFO  impl.MetricsSystemImpl (MetricsSystemImpl.java:init(158)) - ratis metrics system started (again)
2019-09-29 11:07:58,021 [pool-27-thread-1] INFO  metrics.MetricRegistries (MetricRegistriesLoader.java:load(64)) - Loaded MetricRegistries class org.apache.ratis.metrics.impl.MetricRegistriesImpl
2019-09-29 11:07:58,058 [pool-27-thread-1] INFO  server.RaftServerConfigKeys (ConfUtils.java:logGet(43)) - raft.server.log.queue.byte-limit = 2147483647 (custom)
2019-09-29 11:07:58,059 [pool-27-thread-1] INFO  server.RaftServerConfigKeys (ConfUtils.java:logGet(43)) - raft.server.log.queue.element-limit = 1024 (custom)
2019-09-29 11:07:58,063 [pool-27-thread-1] INFO  server.RaftServerConfigKeys (ConfUtils.java:logGet(43)) - raft.server.log.segment.size.max = 1048576 (custom)
2019-09-29 11:07:58,064 [pool-27-thread-1] INFO  server.RaftServerConfigKeys (ConfUtils.java:logGet(43)) - raft.server.log.preallocated.size = 16384 (custom)
2019-09-29 11:07:58,064 [pool-27-thread-1] INFO  server.RaftServerConfigKeys (ConfUtils.java:logGet(43)) - raft.server.log.write.buffer.size = 33554432 (custom)
2019-09-29 11:07:58,065 [pool-27-thread-1] INFO  server.RaftServerConfigKeys (ConfUtils.java:logGet(43)) - raft.server.log.force.sync.num = 128 (default)
2019-09-29 11:07:58,066 [pool-27-thread-1] INFO  server.RaftServerConfigKeys (ConfUtils.java:logGet(43)) - raft.server.log.statemachine.data.sync = true (default)
2019-09-29 11:07:58,066 [pool-27-thread-1] INFO  server.RaftServerConfigKeys (ConfUtils.java:logGet(43)) - raft.server.log.statemachine.data.sync.timeout = 10s (default)
2019-09-29 11:07:58,067 [pool-27-thread-1] INFO  server.RaftServerConfigKeys (ConfUtils.java:logGet(43)) - raft.server.log.statemachine.data.sync.timeout.retry = -1 (default)
2019-09-29 11:07:58,078 [pool-27-thread-1] INFO  server.RaftServerConfigKeys (ConfUtils.java:logGet(43)) - raft.server.log.statemachine.data.caching.enabled = true (custom)
2019-09-29 11:07:58,084 [pool-27-thread-1] INFO  segmented.SegmentedRaftLogWorker (SegmentedRaftLogWorker.java:lambda$new$0(132)) - 0231b0bd-9fb3-4849-a4a5-c8d03ad78392@group-28F0EED9012F-SegmentedRaftLogWorker: flushIndex: setUnconditionally 0 -> -1
2019-09-29 11:07:58,089 [pool-27-thread-1] INFO  server.RaftServerConfigKeys (ConfUtils.java:logGet(43)) - raft.server.snapshot.auto.trigger.enabled = true (custom)
2019-09-29 11:07:58,090 [pool-27-thread-1] INFO  server.RaftServerConfigKeys (ConfUtils.java:logGet(43)) - raft.server.snapshot.auto.trigger.threshold = 10000 (custom)
2019-09-29 11:07:58,091 [pool-27-thread-1] INFO  server.RaftServerConfigKeys (ConfUtils.java:logGet(43)) - raft.server.snapshot.retention.num.files = 5 (custom)
2019-09-29 11:07:58,092 [pool-27-thread-1] INFO  server.RaftServerConfigKeys (ConfUtils.java:logGet(43)) - raft.server.retrycache.expirytime = 600000ms (custom)
2019-09-29 11:07:58,121 [pool-27-thread-1] INFO  impl.RaftServerImpl (RaftServerImpl.java:start(185)) - 0231b0bd-9fb3-4849-a4a5-c8d03ad78392@group-28F0EED9012F: start as a follower, conf=-1: [0231b0bd-9fb3-4849-a4a5-c8d03ad78392:192.168.30.19:39526], old=null
2019-09-29 11:07:58,122 [pool-27-thread-1] INFO  impl.RaftServerImpl (RaftServerImpl.java:setRole(174)) - 0231b0bd-9fb3-4849-a4a5-c8d03ad78392@group-28F0EED9012F: changes role from      null to FOLLOWER at term 0 for startAsFollower
2019-09-29 11:07:58,124 [pool-27-thread-1] INFO  impl.RoleInfo (RoleInfo.java:updateAndGet(143)) - 0231b0bd-9fb3-4849-a4a5-c8d03ad78392: start FollowerState
2019-09-29 11:07:58,125 [pool-27-thread-1] INFO  util.JmxRegister (JmxRegister.java:tryRegister(44)) - Successfully registered JMX Bean with object name Ratis:service=RaftServer,group=group-28F0EED9012F,id=0231b0bd-9fb3-4849-a4a5-c8d03ad78392
2019-09-29 11:07:58,195 [RatisPipelineUtilsThread] INFO  pipeline.PipelineStateManager (PipelineStateManager.java:addPipeline(56)) - Created pipeline Pipeline[ Id: aacf4cae-a01d-4295-aa7a-28f0eed9012f, Nodes: 0231b0bd-9fb3-4849-a4a5-c8d03ad78392{ip: 192.168.30.19, host: pr-hdds-1569-lsfh5-224679870, networkLocation: /default-rack, certSerialId: null}, Type:RATIS, Factor:ONE, State:OPEN]
2019-09-29 11:07:58,225 [grpc-default-executor-0] INFO  impl.RaftServerProxy (RaftServerProxy.java:addNew(89)) - 32d50e58-0e8b-44bb-a013-d28b85576746: addNew group-21DE46417004:[32d50e58-0e8b-44bb-a013-d28b85576746:192.168.30.19:35526] returns group-21DE46417004:java.util.concurrent.CompletableFuture@6fe6bfd5[Not completed]
2019-09-29 11:07:58,274 [pool-37-thread-1] INFO  impl.RaftServerImpl (RaftServerImpl.java:<init>(95)) - 32d50e58-0e8b-44bb-a013-d28b85576746: new RaftServerImpl for group-21DE46417004:[32d50e58-0e8b-44bb-a013-d28b85576746:192.168.30.19:35526] with ContainerStateMachine:uninitialized
2019-09-29 11:07:58,275 [pool-37-thread-1] INFO  server.RaftServerConfigKeys (ConfUtils.java:logGet(43)) - raft.server.rpc.timeout.min = 5s (custom)
2019-09-29 11:07:58,275 [pool-37-thread-1] INFO  server.RaftServerConfigKeys (ConfUtils.java:logGet(43)) - raft.server.rpc.timeout.max = 5200ms (custom)
2019-09-29 11:07:58,275 [pool-37-thread-1] INFO  server.RaftServerConfigKeys (ConfUtils.java:logGet(43)) - raft.server.rpcslowness.timeout = 120s (custom)
2019-09-29 11:07:58,275 [pool-37-thread-1] INFO  server.RaftServerConfigKeys (ConfUtils.java:logGet(43)) - raft.server.sleep.deviation.threshold = 300 (default)
2019-09-29 11:07:58,276 [pool-37-thread-1] INFO  server.RaftServerConfigKeys (ConfUtils.java:logGet(43)) - raft.server.log.appender.install.snapshot.enabled = false (custom)
2019-09-29 11:07:58,276 [pool-37-thread-1] INFO  impl.RaftServerImpl (ServerState.java:<init>(103)) - 32d50e58-0e8b-44bb-a013-d28b85576746@group-21DE46417004: ConfigurationManager, init=-1: [32d50e58-0e8b-44bb-a013-d28b85576746:192.168.30.19:35526], old=null, confs=<EMPTY_MAP>
2019-09-29 11:07:58,276 [pool-37-thread-1] INFO  server.RaftServerConfigKeys (ConfUtils.java:logGet(43)) - raft.server.storage.dir = [/workdir/hadoop-ozone/integration-test/target/test-dir/MiniOzoneClusterImpl-3830d8fa-b618-494a-8595-70b28c2bfeb8/datanode-1/data/ratis] (custom)
2019-09-29 11:07:58,276 [pool-37-thread-1] INFO  storage.RaftStorageDirectory (RaftStorageDirectory.java:analyzeStorage(246)) - The storage directory /workdir/hadoop-ozone/integration-test/target/test-dir/MiniOzoneClusterImpl-3830d8fa-b618-494a-8595-70b28c2bfeb8/datanode-1/data/ratis/b82575c6-5a95-4675-b5ca-21de46417004 does not exist. Creating ...
2019-09-29 11:07:58,301 [pool-37-thread-1] INFO  storage.RaftStorageDirectory (RaftStorageDirectory.java:tryLock(328)) - Lock on /workdir/hadoop-ozone/integration-test/target/test-dir/MiniOzoneClusterImpl-3830d8fa-b618-494a-8595-70b28c2bfeb8/datanode-1/data/ratis/b82575c6-5a95-4675-b5ca-21de46417004/in_use.lock acquired by nodename 9669@pr-hdds-1569-lsfh5-224679870
2019-09-29 11:07:58,324 [pool-37-thread-1] INFO  storage.RaftStorage (RaftStorage.java:format(72)) - Storage directory /workdir/hadoop-ozone/integration-test/target/test-dir/MiniOzoneClusterImpl-3830d8fa-b618-494a-8595-70b28c2bfeb8/datanode-1/data/ratis/b82575c6-5a95-4675-b5ca-21de46417004 has been successfully formatted.
2019-09-29 11:07:58,325 [pool-37-thread-1] INFO  ratis.ContainerStateMachine (ContainerStateMachine.java:loadSnapshot(230)) - group-21DE46417004: The snapshot info is null. Setting the last applied indexto:(t:0, i:~)
2019-09-29 11:07:58,326 [pool-37-thread-1] INFO  server.RaftServerConfigKeys (ConfUtils.java:logGet(43)) - raft.server.notification.no-leader.timeout = 120s (custom)
2019-09-29 11:07:58,326 [pool-37-thread-1] INFO  server.RaftServerConfigKeys (ConfUtils.java:logGet(43)) - raft.server.log.use.memory = false (default)
2019-09-29 11:07:58,326 [pool-37-thread-1] INFO  server.RaftServerConfigKeys (ConfUtils.java:logGet(43)) - raft.server.log.purge.gap = 1000000 (custom)
2019-09-29 11:07:58,327 [pool-37-thread-1] INFO  server.RaftServerConfigKeys (ConfUtils.java:logGet(43)) - raft.server.log.appender.buffer.byte-limit = 33554432 (custom)
2019-09-29 11:07:58,327 [pool-37-thread-1] INFO  server.RaftServerConfigKeys (ConfUtils.java:logGet(43)) - raft.server.log.segment.size.max = 1048576 (custom)
2019-09-29 11:07:58,327 [pool-37-thread-1] INFO  server.RaftServerConfigKeys (ConfUtils.java:logGet(43)) - raft.server.log.segment.cache.num.max = 2 (custom)
2019-09-29 11:07:58,327 [pool-37-thread-1] INFO  segmented.SegmentedRaftLogWorker (SegmentedRaftLogWorker.java:<init>(172)) - new 32d50e58-0e8b-44bb-a013-d28b85576746@group-21DE46417004-SegmentedRaftLogWorker for RaftStorage:Storage Directory /workdir/hadoop-ozone/integration-test/target/test-dir/MiniOzoneClusterImpl-3830d8fa-b618-494a-8595-70b28c2bfeb8/datanode-1/data/ratis/b82575c6-5a95-4675-b5ca-21de46417004
2019-09-29 11:07:58,335 [pool-37-thread-1] INFO  server.RaftServerConfigKeys (ConfUtils.java:logGet(43)) - raft.server.log.queue.byte-limit = 2147483647 (custom)
2019-09-29 11:07:58,335 [pool-37-thread-1] INFO  server.RaftServerConfigKeys (ConfUtils.java:logGet(43)) - raft.server.log.queue.element-limit = 1024 (custom)
2019-09-29 11:07:58,335 [pool-37-thread-1] INFO  server.RaftServerConfigKeys (ConfUtils.java:logGet(43)) - raft.server.log.segment.size.max = 1048576 (custom)
2019-09-29 11:07:58,336 [pool-37-thread-1] INFO  server.RaftServerConfigKeys (ConfUtils.java:logGet(43)) - raft.server.log.preallocated.size = 16384 (custom)
2019-09-29 11:07:58,336 [pool-37-thread-1] INFO  server.RaftServerConfigKeys (ConfUtils.java:logGet(43)) - raft.server.log.write.buffer.size = 33554432 (custom)
2019-09-29 11:07:58,336 [pool-37-thread-1] INFO  server.RaftServerConfigKeys (ConfUtils.java:logGet(43)) - raft.server.log.force.sync.num = 128 (default)
2019-09-29 11:07:58,336 [pool-37-thread-1] INFO  server.RaftServerConfigKeys (ConfUtils.java:logGet(43)) - raft.server.log.statemachine.data.sync = true (default)
2019-09-29 11:07:58,336 [pool-37-thread-1] INFO  server.RaftServerConfigKeys (ConfUtils.java:logGet(43)) - raft.server.log.statemachine.data.sync.timeout = 10s (default)
2019-09-29 11:07:58,337 [pool-37-thread-1] INFO  server.RaftServerConfigKeys (ConfUtils.java:logGet(43)) - raft.server.log.statemachine.data.sync.timeout.retry = -1 (default)
2019-09-29 11:07:58,337 [pool-37-thread-1] INFO  server.RaftServerConfigKeys (ConfUtils.java:logGet(43)) - raft.server.log.statemachine.data.caching.enabled = true (custom)
2019-09-29 11:07:58,337 [pool-37-thread-1] INFO  segmented.SegmentedRaftLogWorker (SegmentedRaftLogWorker.java:lambda$new$0(132)) - 32d50e58-0e8b-44bb-a013-d28b85576746@group-21DE46417004-SegmentedRaftLogWorker: flushIndex: setUnconditionally 0 -> -1
2019-09-29 11:07:58,338 [pool-37-thread-1] INFO  server.RaftServerConfigKeys (ConfUtils.java:logGet(43)) - raft.server.snapshot.auto.trigger.enabled = true (custom)
2019-09-29 11:07:58,338 [pool-37-thread-1] INFO  server.RaftServerConfigKeys (ConfUtils.java:logGet(43)) - raft.server.snapshot.auto.trigger.threshold = 10000 (custom)
2019-09-29 11:07:58,338 [pool-37-thread-1] INFO  server.RaftServerConfigKeys (ConfUtils.java:logGet(43)) - raft.server.snapshot.retention.num.files = 5 (custom)
2019-09-29 11:07:58,338 [pool-37-thread-1] INFO  server.RaftServerConfigKeys (ConfUtils.java:logGet(43)) - raft.server.retrycache.expirytime = 600000ms (custom)
2019-09-29 11:07:58,344 [pool-37-thread-1] INFO  impl.RaftServerImpl (RaftServerImpl.java:start(185)) - 32d50e58-0e8b-44bb-a013-d28b85576746@group-21DE46417004: start as a follower, conf=-1: [32d50e58-0e8b-44bb-a013-d28b85576746:192.168.30.19:35526], old=null
2019-09-29 11:07:58,345 [pool-37-thread-1] INFO  impl.RaftServerImpl (RaftServerImpl.java:setRole(174)) - 32d50e58-0e8b-44bb-a013-d28b85576746@group-21DE46417004: changes role from      null to FOLLOWER at term 0 for startAsFollower
2019-09-29 11:07:58,345 [pool-37-thread-1] INFO  impl.RoleInfo (RoleInfo.java:updateAndGet(143)) - 32d50e58-0e8b-44bb-a013-d28b85576746: start FollowerState
2019-09-29 11:07:58,347 [pool-37-thread-1] INFO  util.JmxRegister (JmxRegister.java:tryRegister(44)) - Successfully registered JMX Bean with object name Ratis:service=RaftServer,group=group-21DE46417004,id=32d50e58-0e8b-44bb-a013-d28b85576746
2019-09-29 11:07:58,362 [RatisPipelineUtilsThread] INFO  pipeline.PipelineStateManager (PipelineStateManager.java:addPipeline(56)) - Created pipeline Pipeline[ Id: b82575c6-5a95-4675-b5ca-21de46417004, Nodes: 32d50e58-0e8b-44bb-a013-d28b85576746{ip: 192.168.30.19, host: pr-hdds-1569-lsfh5-224679870, networkLocation: /default-rack, certSerialId: null}, Type:RATIS, Factor:ONE, State:OPEN]
2019-09-29 11:07:58,389 [grpc-default-executor-0] INFO  impl.RaftServerProxy (RaftServerProxy.java:addNew(89)) - 17e09b0e-7256-45e4-9e35-05f1f47ae986: addNew group-D3789B714289:[17e09b0e-7256-45e4-9e35-05f1f47ae986:192.168.30.19:35975] returns group-D3789B714289:java.util.concurrent.CompletableFuture@183e66d4[Not completed]
2019-09-29 11:07:58,422 [pool-87-thread-1] INFO  impl.RaftServerImpl (RaftServerImpl.java:<init>(95)) - 17e09b0e-7256-45e4-9e35-05f1f47ae986: new RaftServerImpl for group-D3789B714289:[17e09b0e-7256-45e4-9e35-05f1f47ae986:192.168.30.19:35975] with ContainerStateMachine:uninitialized
2019-09-29 11:07:58,423 [pool-87-thread-1] INFO  server.RaftServerConfigKeys (ConfUtils.java:logGet(43)) - raft.server.rpc.timeout.min = 5s (custom)
2019-09-29 11:07:58,423 [pool-87-thread-1] INFO  server.RaftServerConfigKeys (ConfUtils.java:logGet(43)) - raft.server.rpc.timeout.max = 5200ms (custom)
2019-09-29 11:07:58,423 [pool-87-thread-1] INFO  server.RaftServerConfigKeys (ConfUtils.java:logGet(43)) - raft.server.rpcslowness.timeout = 120s (custom)
2019-09-29 11:07:58,423 [pool-87-thread-1] INFO  server.RaftServerConfigKeys (ConfUtils.java:logGet(43)) - raft.server.sleep.deviation.threshold = 300 (default)
2019-09-29 11:07:58,423 [pool-87-thread-1] INFO  server.RaftServerConfigKeys (ConfUtils.java:logGet(43)) - raft.server.log.appender.install.snapshot.enabled = false (custom)
2019-09-29 11:07:58,424 [pool-87-thread-1] INFO  impl.RaftServerImpl (ServerState.java:<init>(103)) - 17e09b0e-7256-45e4-9e35-05f1f47ae986@group-D3789B714289: ConfigurationManager, init=-1: [17e09b0e-7256-45e4-9e35-05f1f47ae986:192.168.30.19:35975], old=null, confs=<EMPTY_MAP>
2019-09-29 11:07:58,424 [pool-87-thread-1] INFO  server.RaftServerConfigKeys (ConfUtils.java:logGet(43)) - raft.server.storage.dir = [/workdir/hadoop-ozone/integration-test/target/test-dir/MiniOzoneClusterImpl-3830d8fa-b618-494a-8595-70b28c2bfeb8/datanode-6/data/ratis] (custom)
2019-09-29 11:07:58,424 [pool-87-thread-1] INFO  storage.RaftStorageDirectory (RaftStorageDirectory.java:analyzeStorage(246)) - The storage directory /workdir/hadoop-ozone/integration-test/target/test-dir/MiniOzoneClusterImpl-3830d8fa-b618-494a-8595-70b28c2bfeb8/datanode-6/data/ratis/ee374d07-158a-44fa-a393-d3789b714289 does not exist. Creating ...
2019-09-29 11:07:58,447 [pool-87-thread-1] INFO  storage.RaftStorageDirectory (RaftStorageDirectory.java:tryLock(328)) - Lock on /workdir/hadoop-ozone/integration-test/target/test-dir/MiniOzoneClusterImpl-3830d8fa-b618-494a-8595-70b28c2bfeb8/datanode-6/data/ratis/ee374d07-158a-44fa-a393-d3789b714289/in_use.lock acquired by nodename 9669@pr-hdds-1569-lsfh5-224679870
2019-09-29 11:07:58,472 [pool-87-thread-1] INFO  storage.RaftStorage (RaftStorage.java:format(72)) - Storage directory /workdir/hadoop-ozone/integration-test/target/test-dir/MiniOzoneClusterImpl-3830d8fa-b618-494a-8595-70b28c2bfeb8/datanode-6/data/ratis/ee374d07-158a-44fa-a393-d3789b714289 has been successfully formatted.
2019-09-29 11:07:58,472 [pool-87-thread-1] INFO  ratis.ContainerStateMachine (ContainerStateMachine.java:loadSnapshot(230)) - group-D3789B714289: The snapshot info is null. Setting the last applied indexto:(t:0, i:~)
2019-09-29 11:07:58,473 [pool-87-thread-1] INFO  server.RaftServerConfigKeys (ConfUtils.java:logGet(43)) - raft.server.notification.no-leader.timeout = 120s (custom)
2019-09-29 11:07:58,473 [pool-87-thread-1] INFO  server.RaftServerConfigKeys (ConfUtils.java:logGet(43)) - raft.server.log.use.memory = false (default)
2019-09-29 11:07:58,473 [pool-87-thread-1] INFO  server.RaftServerConfigKeys (ConfUtils.java:logGet(43)) - raft.server.log.purge.gap = 1000000 (custom)
2019-09-29 11:07:58,473 [pool-87-thread-1] INFO  server.RaftServerConfigKeys (ConfUtils.java:logGet(43)) - raft.server.log.appender.buffer.byte-limit = 33554432 (custom)
2019-09-29 11:07:58,473 [pool-87-thread-1] INFO  server.RaftServerConfigKeys (ConfUtils.java:logGet(43)) - raft.server.log.segment.size.max = 1048576 (custom)
2019-09-29 11:07:58,473 [pool-87-thread-1] INFO  server.RaftServerConfigKeys (ConfUtils.java:logGet(43)) - raft.server.log.segment.cache.num.max = 2 (custom)
2019-09-29 11:07:58,474 [pool-87-thread-1] INFO  segmented.SegmentedRaftLogWorker (SegmentedRaftLogWorker.java:<init>(172)) - new 17e09b0e-7256-45e4-9e35-05f1f47ae986@group-D3789B714289-SegmentedRaftLogWorker for RaftStorage:Storage Directory /workdir/hadoop-ozone/integration-test/target/test-dir/MiniOzoneClusterImpl-3830d8fa-b618-494a-8595-70b28c2bfeb8/datanode-6/data/ratis/ee374d07-158a-44fa-a393-d3789b714289
2019-09-29 11:07:58,515 [pool-87-thread-1] INFO  server.RaftServerConfigKeys (ConfUtils.java:logGet(43)) - raft.server.log.queue.byte-limit = 2147483647 (custom)
2019-09-29 11:07:58,515 [pool-87-thread-1] INFO  server.RaftServerConfigKeys (ConfUtils.java:logGet(43)) - raft.server.log.queue.element-limit = 1024 (custom)
2019-09-29 11:07:58,516 [pool-87-thread-1] INFO  server.RaftServerConfigKeys (ConfUtils.java:logGet(43)) - raft.server.log.segment.size.max = 1048576 (custom)
2019-09-29 11:07:58,516 [pool-87-thread-1] INFO  server.RaftServerConfigKeys (ConfUtils.java:logGet(43)) - raft.server.log.preallocated.size = 16384 (custom)
2019-09-29 11:07:58,516 [pool-87-thread-1] INFO  server.RaftServerConfigKeys (ConfUtils.java:logGet(43)) - raft.server.log.write.buffer.size = 33554432 (custom)
2019-09-29 11:07:58,516 [pool-87-thread-1] INFO  server.RaftServerConfigKeys (ConfUtils.java:logGet(43)) - raft.server.log.force.sync.num = 128 (default)
2019-09-29 11:07:58,516 [pool-87-thread-1] INFO  server.RaftServerConfigKeys (ConfUtils.java:logGet(43)) - raft.server.log.statemachine.data.sync = true (default)
2019-09-29 11:07:58,516 [pool-87-thread-1] INFO  server.RaftServerConfigKeys (ConfUtils.java:logGet(43)) - raft.server.log.statemachine.data.sync.timeout = 10s (default)
2019-09-29 11:07:58,517 [pool-87-thread-1] INFO  server.RaftServerConfigKeys (ConfUtils.java:logGet(43)) - raft.server.log.statemachine.data.sync.timeout.retry = -1 (default)
2019-09-29 11:07:58,517 [pool-87-thread-1] INFO  server.RaftServerConfigKeys (ConfUtils.java:logGet(43)) - raft.server.log.statemachine.data.caching.enabled = true (custom)
2019-09-29 11:07:58,517 [pool-87-thread-1] INFO  segmented.SegmentedRaftLogWorker (SegmentedRaftLogWorker.java:lambda$new$0(132)) - 17e09b0e-7256-45e4-9e35-05f1f47ae986@group-D3789B714289-SegmentedRaftLogWorker: flushIndex: setUnconditionally 0 -> -1
2019-09-29 11:07:58,518 [pool-87-thread-1] INFO  server.RaftServerConfigKeys (ConfUtils.java:logGet(43)) - raft.server.snapshot.auto.trigger.enabled = true (custom)
2019-09-29 11:07:58,518 [pool-87-thread-1] INFO  server.RaftServerConfigKeys (ConfUtils.java:logGet(43)) - raft.server.snapshot.auto.trigger.threshold = 10000 (custom)
2019-09-29 11:07:58,518 [pool-87-thread-1] INFO  server.RaftServerConfigKeys (ConfUtils.java:logGet(43)) - raft.server.snapshot.retention.num.files = 5 (custom)
2019-09-29 11:07:58,518 [pool-87-thread-1] INFO  server.RaftServerConfigKeys (ConfUtils.java:logGet(43)) - raft.server.retrycache.expirytime = 600000ms (custom)
2019-09-29 11:07:58,524 [pool-87-thread-1] INFO  impl.RaftServerImpl (RaftServerImpl.java:start(185)) - 17e09b0e-7256-45e4-9e35-05f1f47ae986@group-D3789B714289: start as a follower, conf=-1: [17e09b0e-7256-45e4-9e35-05f1f47ae986:192.168.30.19:35975], old=null
2019-09-29 11:07:58,524 [pool-87-thread-1] INFO  impl.RaftServerImpl (RaftServerImpl.java:setRole(174)) - 17e09b0e-7256-45e4-9e35-05f1f47ae986@group-D3789B714289: changes role from      null to FOLLOWER at term 0 for startAsFollower
2019-09-29 11:07:58,524 [pool-87-thread-1] INFO  impl.RoleInfo (RoleInfo.java:updateAndGet(143)) - 17e09b0e-7256-45e4-9e35-05f1f47ae986: start FollowerState
2019-09-29 11:07:58,525 [pool-87-thread-1] INFO  util.JmxRegister (JmxRegister.java:tryRegister(44)) - Successfully registered JMX Bean with object name Ratis:service=RaftServer,group=group-D3789B714289,id=17e09b0e-7256-45e4-9e35-05f1f47ae986
2019-09-29 11:07:58,537 [RatisPipelineUtilsThread] INFO  pipeline.PipelineStateManager (PipelineStateManager.java:addPipeline(56)) - Created pipeline Pipeline[ Id: ee374d07-158a-44fa-a393-d3789b714289, Nodes: 17e09b0e-7256-45e4-9e35-05f1f47ae986{ip: 192.168.30.19, host: pr-hdds-1569-lsfh5-224679870, networkLocation: /default-rack, certSerialId: null}, Type:RATIS, Factor:ONE, State:OPEN]
2019-09-29 11:07:58,557 [grpc-default-executor-0] INFO  impl.RaftServerProxy (RaftServerProxy.java:addNew(89)) - 97806d94-bf03-4162-88de-2912f25217ae: addNew group-7287670E06ED:[97806d94-bf03-4162-88de-2912f25217ae:192.168.30.19:33042] returns group-7287670E06ED:java.util.concurrent.CompletableFuture@399c7a28[Not completed]
2019-09-29 11:07:58,561 [pool-77-thread-1] INFO  impl.RaftServerImpl (RaftServerImpl.java:<init>(95)) - 97806d94-bf03-4162-88de-2912f25217ae: new RaftServerImpl for group-7287670E06ED:[97806d94-bf03-4162-88de-2912f25217ae:192.168.30.19:33042] with ContainerStateMachine:uninitialized
2019-09-29 11:07:58,562 [pool-77-thread-1] INFO  server.RaftServerConfigKeys (ConfUtils.java:logGet(43)) - raft.server.rpc.timeout.min = 5s (custom)
2019-09-29 11:07:58,562 [pool-77-thread-1] INFO  server.RaftServerConfigKeys (ConfUtils.java:logGet(43)) - raft.server.rpc.timeout.max = 5200ms (custom)
2019-09-29 11:07:58,562 [pool-77-thread-1] INFO  server.RaftServerConfigKeys (ConfUtils.java:logGet(43)) - raft.server.rpcslowness.timeout = 120s (custom)
2019-09-29 11:07:58,562 [pool-77-thread-1] INFO  server.RaftServerConfigKeys (ConfUtils.java:logGet(43)) - raft.server.sleep.deviation.threshold = 300 (default)
2019-09-29 11:07:58,562 [pool-77-thread-1] INFO  server.RaftServerConfigKeys (ConfUtils.java:logGet(43)) - raft.server.log.appender.install.snapshot.enabled = false (custom)
2019-09-29 11:07:58,563 [pool-77-thread-1] INFO  impl.RaftServerImpl (ServerState.java:<init>(103)) - 97806d94-bf03-4162-88de-2912f25217ae@group-7287670E06ED: ConfigurationManager, init=-1: [97806d94-bf03-4162-88de-2912f25217ae:192.168.30.19:33042], old=null, confs=<EMPTY_MAP>
2019-09-29 11:07:58,563 [pool-77-thread-1] INFO  server.RaftServerConfigKeys (ConfUtils.java:logGet(43)) - raft.server.storage.dir = [/workdir/hadoop-ozone/integration-test/target/test-dir/MiniOzoneClusterImpl-3830d8fa-b618-494a-8595-70b28c2bfeb8/datanode-5/data/ratis] (custom)
2019-09-29 11:07:58,563 [pool-77-thread-1] INFO  storage.RaftStorageDirectory (RaftStorageDirectory.java:analyzeStorage(246)) - The storage directory /workdir/hadoop-ozone/integration-test/target/test-dir/MiniOzoneClusterImpl-3830d8fa-b618-494a-8595-70b28c2bfeb8/datanode-5/data/ratis/599e32b3-39c7-4505-a5c2-7287670e06ed does not exist. Creating ...
2019-09-29 11:07:58,604 [pool-77-thread-1] INFO  storage.RaftStorageDirectory (RaftStorageDirectory.java:tryLock(328)) - Lock on /workdir/hadoop-ozone/integration-test/target/test-dir/MiniOzoneClusterImpl-3830d8fa-b618-494a-8595-70b28c2bfeb8/datanode-5/data/ratis/599e32b3-39c7-4505-a5c2-7287670e06ed/in_use.lock acquired by nodename 9669@pr-hdds-1569-lsfh5-224679870
2019-09-29 11:07:58,627 [pool-77-thread-1] INFO  storage.RaftStorage (RaftStorage.java:format(72)) - Storage directory /workdir/hadoop-ozone/integration-test/target/test-dir/MiniOzoneClusterImpl-3830d8fa-b618-494a-8595-70b28c2bfeb8/datanode-5/data/ratis/599e32b3-39c7-4505-a5c2-7287670e06ed has been successfully formatted.
2019-09-29 11:07:58,627 [pool-77-thread-1] INFO  ratis.ContainerStateMachine (ContainerStateMachine.java:loadSnapshot(230)) - group-7287670E06ED: The snapshot info is null. Setting the last applied indexto:(t:0, i:~)
2019-09-29 11:07:58,628 [pool-77-thread-1] INFO  server.RaftServerConfigKeys (ConfUtils.java:logGet(43)) - raft.server.notification.no-leader.timeout = 120s (custom)
2019-09-29 11:07:58,628 [pool-77-thread-1] INFO  server.RaftServerConfigKeys (ConfUtils.java:logGet(43)) - raft.server.log.use.memory = false (default)
2019-09-29 11:07:58,628 [pool-77-thread-1] INFO  server.RaftServerConfigKeys (ConfUtils.java:logGet(43)) - raft.server.log.purge.gap = 1000000 (custom)
2019-09-29 11:07:58,628 [pool-77-thread-1] INFO  server.RaftServerConfigKeys (ConfUtils.java:logGet(43)) - raft.server.log.appender.buffer.byte-limit = 33554432 (custom)
2019-09-29 11:07:58,628 [pool-77-thread-1] INFO  server.RaftServerConfigKeys (ConfUtils.java:logGet(43)) - raft.server.log.segment.size.max = 1048576 (custom)
2019-09-29 11:07:58,629 [pool-77-thread-1] INFO  server.RaftServerConfigKeys (ConfUtils.java:logGet(43)) - raft.server.log.segment.cache.num.max = 2 (custom)
2019-09-29 11:07:58,629 [pool-77-thread-1] INFO  segmented.SegmentedRaftLogWorker (SegmentedRaftLogWorker.java:<init>(172)) - new 97806d94-bf03-4162-88de-2912f25217ae@group-7287670E06ED-SegmentedRaftLogWorker for RaftStorage:Storage Directory /workdir/hadoop-ozone/integration-test/target/test-dir/MiniOzoneClusterImpl-3830d8fa-b618-494a-8595-70b28c2bfeb8/datanode-5/data/ratis/599e32b3-39c7-4505-a5c2-7287670e06ed
2019-09-29 11:07:58,634 [pool-77-thread-1] INFO  server.RaftServerConfigKeys (ConfUtils.java:logGet(43)) - raft.server.log.queue.byte-limit = 2147483647 (custom)
2019-09-29 11:07:58,634 [pool-77-thread-1] INFO  server.RaftServerConfigKeys (ConfUtils.java:logGet(43)) - raft.server.log.queue.element-limit = 1024 (custom)
2019-09-29 11:07:58,635 [pool-77-thread-1] INFO  server.RaftServerConfigKeys (ConfUtils.java:logGet(43)) - raft.server.log.segment.size.max = 1048576 (custom)
2019-09-29 11:07:58,635 [pool-77-thread-1] INFO  server.RaftServerConfigKeys (ConfUtils.java:logGet(43)) - raft.server.log.preallocated.size = 16384 (custom)
2019-09-29 11:07:58,635 [pool-77-thread-1] INFO  server.RaftServerConfigKeys (ConfUtils.java:logGet(43)) - raft.server.log.write.buffer.size = 33554432 (custom)
2019-09-29 11:07:58,635 [pool-77-thread-1] INFO  server.RaftServerConfigKeys (ConfUtils.java:logGet(43)) - raft.server.log.force.sync.num = 128 (default)
2019-09-29 11:07:58,635 [pool-77-thread-1] INFO  server.RaftServerConfigKeys (ConfUtils.java:logGet(43)) - raft.server.log.statemachine.data.sync = true (default)
2019-09-29 11:07:58,635 [pool-77-thread-1] INFO  server.RaftServerConfigKeys (ConfUtils.java:logGet(43)) - raft.server.log.statemachine.data.sync.timeout = 10s (default)
2019-09-29 11:07:58,636 [pool-77-thread-1] INFO  server.RaftServerConfigKeys (ConfUtils.java:logGet(43)) - raft.server.log.statemachine.data.sync.timeout.retry = -1 (default)
2019-09-29 11:07:58,636 [pool-77-thread-1] INFO  server.RaftServerConfigKeys (ConfUtils.java:logGet(43)) - raft.server.log.statemachine.data.caching.enabled = true (custom)
2019-09-29 11:07:58,636 [pool-77-thread-1] INFO  segmented.SegmentedRaftLogWorker (SegmentedRaftLogWorker.java:lambda$new$0(132)) - 97806d94-bf03-4162-88de-2912f25217ae@group-7287670E06ED-SegmentedRaftLogWorker: flushIndex: setUnconditionally 0 -> -1
2019-09-29 11:07:58,637 [pool-77-thread-1] INFO  server.RaftServerConfigKeys (ConfUtils.java:logGet(43)) - raft.server.snapshot.auto.trigger.enabled = true (custom)
2019-09-29 11:07:58,637 [pool-77-thread-1] INFO  server.RaftServerConfigKeys (ConfUtils.java:logGet(43)) - raft.server.snapshot.auto.trigger.threshold = 10000 (custom)
2019-09-29 11:07:58,637 [pool-77-thread-1] INFO  server.RaftServerConfigKeys (ConfUtils.java:logGet(43)) - raft.server.snapshot.retention.num.files = 5 (custom)
2019-09-29 11:07:58,637 [pool-77-thread-1] INFO  server.RaftServerConfigKeys (ConfUtils.java:logGet(43)) - raft.server.retrycache.expirytime = 600000ms (custom)
2019-09-29 11:07:58,643 [pool-77-thread-1] INFO  impl.RaftServerImpl (RaftServerImpl.java:start(185)) - 97806d94-bf03-4162-88de-2912f25217ae@group-7287670E06ED: start as a follower, conf=-1: [97806d94-bf03-4162-88de-2912f25217ae:192.168.30.19:33042], old=null
2019-09-29 11:07:58,643 [pool-77-thread-1] INFO  impl.RaftServerImpl (RaftServerImpl.java:setRole(174)) - 97806d94-bf03-4162-88de-2912f25217ae@group-7287670E06ED: changes role from      null to FOLLOWER at term 0 for startAsFollower
2019-09-29 11:07:58,643 [pool-77-thread-1] INFO  impl.RoleInfo (RoleInfo.java:updateAndGet(143)) - 97806d94-bf03-4162-88de-2912f25217ae: start FollowerState
2019-09-29 11:07:58,644 [pool-77-thread-1] INFO  util.JmxRegister (JmxRegister.java:tryRegister(44)) - Successfully registered JMX Bean with object name Ratis:service=RaftServer,group=group-7287670E06ED,id=97806d94-bf03-4162-88de-2912f25217ae
2019-09-29 11:07:58,654 [RatisPipelineUtilsThread] INFO  pipeline.PipelineStateManager (PipelineStateManager.java:addPipeline(56)) - Created pipeline Pipeline[ Id: 599e32b3-39c7-4505-a5c2-7287670e06ed, Nodes: 97806d94-bf03-4162-88de-2912f25217ae{ip: 192.168.30.19, host: pr-hdds-1569-lsfh5-224679870, networkLocation: /default-rack, certSerialId: null}, Type:RATIS, Factor:ONE, State:OPEN]
2019-09-29 11:07:58,672 [grpc-default-executor-0] INFO  impl.RaftServerProxy (RaftServerProxy.java:addNew(89)) - b2a9bc99-8913-4a63-a45e-ee2fa957b1dc: addNew group-4C3EB69A0B0F:[b2a9bc99-8913-4a63-a45e-ee2fa957b1dc:192.168.30.19:37835] returns group-4C3EB69A0B0F:java.util.concurrent.CompletableFuture@5d6b1630[Not completed]
2019-09-29 11:07:58,675 [pool-57-thread-1] INFO  impl.RaftServerImpl (RaftServerImpl.java:<init>(95)) - b2a9bc99-8913-4a63-a45e-ee2fa957b1dc: new RaftServerImpl for group-4C3EB69A0B0F:[b2a9bc99-8913-4a63-a45e-ee2fa957b1dc:192.168.30.19:37835] with ContainerStateMachine:uninitialized
2019-09-29 11:07:58,676 [pool-57-thread-1] INFO  server.RaftServerConfigKeys (ConfUtils.java:logGet(43)) - raft.server.rpc.timeout.min = 5s (custom)
2019-09-29 11:07:58,676 [pool-57-thread-1] INFO  server.RaftServerConfigKeys (ConfUtils.java:logGet(43)) - raft.server.rpc.timeout.max = 5200ms (custom)
2019-09-29 11:07:58,676 [pool-57-thread-1] INFO  server.RaftServerConfigKeys (ConfUtils.java:logGet(43)) - raft.server.rpcslowness.timeout = 120s (custom)
2019-09-29 11:07:58,676 [pool-57-thread-1] INFO  server.RaftServerConfigKeys (ConfUtils.java:logGet(43)) - raft.server.sleep.deviation.threshold = 300 (default)
2019-09-29 11:07:58,676 [pool-57-thread-1] INFO  server.RaftServerConfigKeys (ConfUtils.java:logGet(43)) - raft.server.log.appender.install.snapshot.enabled = false (custom)
2019-09-29 11:07:58,676 [pool-57-thread-1] INFO  impl.RaftServerImpl (ServerState.java:<init>(103)) - b2a9bc99-8913-4a63-a45e-ee2fa957b1dc@group-4C3EB69A0B0F: ConfigurationManager, init=-1: [b2a9bc99-8913-4a63-a45e-ee2fa957b1dc:192.168.30.19:37835], old=null, confs=<EMPTY_MAP>
2019-09-29 11:07:58,676 [pool-57-thread-1] INFO  server.RaftServerConfigKeys (ConfUtils.java:logGet(43)) - raft.server.storage.dir = [/workdir/hadoop-ozone/integration-test/target/test-dir/MiniOzoneClusterImpl-3830d8fa-b618-494a-8595-70b28c2bfeb8/datanode-3/data/ratis] (custom)
2019-09-29 11:07:58,677 [pool-57-thread-1] INFO  storage.RaftStorageDirectory (RaftStorageDirectory.java:analyzeStorage(246)) - The storage directory /workdir/hadoop-ozone/integration-test/target/test-dir/MiniOzoneClusterImpl-3830d8fa-b618-494a-8595-70b28c2bfeb8/datanode-3/data/ratis/2b14112b-407f-4064-83b5-4c3eb69a0b0f does not exist. Creating ...
2019-09-29 11:07:58,699 [pool-57-thread-1] INFO  storage.RaftStorageDirectory (RaftStorageDirectory.java:tryLock(328)) - Lock on /workdir/hadoop-ozone/integration-test/target/test-dir/MiniOzoneClusterImpl-3830d8fa-b618-494a-8595-70b28c2bfeb8/datanode-3/data/ratis/2b14112b-407f-4064-83b5-4c3eb69a0b0f/in_use.lock acquired by nodename 9669@pr-hdds-1569-lsfh5-224679870
2019-09-29 11:07:58,734 [pool-57-thread-1] INFO  storage.RaftStorage (RaftStorage.java:format(72)) - Storage directory /workdir/hadoop-ozone/integration-test/target/test-dir/MiniOzoneClusterImpl-3830d8fa-b618-494a-8595-70b28c2bfeb8/datanode-3/data/ratis/2b14112b-407f-4064-83b5-4c3eb69a0b0f has been successfully formatted.
2019-09-29 11:07:58,735 [pool-57-thread-1] INFO  ratis.ContainerStateMachine (ContainerStateMachine.java:loadSnapshot(230)) - group-4C3EB69A0B0F: The snapshot info is null. Setting the last applied indexto:(t:0, i:~)
2019-09-29 11:07:58,735 [pool-57-thread-1] INFO  server.RaftServerConfigKeys (ConfUtils.java:logGet(43)) - raft.server.notification.no-leader.timeout = 120s (custom)
2019-09-29 11:07:58,735 [pool-57-thread-1] INFO  server.RaftServerConfigKeys (ConfUtils.java:logGet(43)) - raft.server.log.use.memory = false (default)
2019-09-29 11:07:58,735 [pool-57-thread-1] INFO  server.RaftServerConfigKeys (ConfUtils.java:logGet(43)) - raft.server.log.purge.gap = 1000000 (custom)
2019-09-29 11:07:58,735 [pool-57-thread-1] INFO  server.RaftServerConfigKeys (ConfUtils.java:logGet(43)) - raft.server.log.appender.buffer.byte-limit = 33554432 (custom)
2019-09-29 11:07:58,736 [pool-57-thread-1] INFO  server.RaftServerConfigKeys (ConfUtils.java:logGet(43)) - raft.server.log.segment.size.max = 1048576 (custom)
2019-09-29 11:07:58,736 [pool-57-thread-1] INFO  server.RaftServerConfigKeys (ConfUtils.java:logGet(43)) - raft.server.log.segment.cache.num.max = 2 (custom)
2019-09-29 11:07:58,736 [pool-57-thread-1] INFO  segmented.SegmentedRaftLogWorker (SegmentedRaftLogWorker.java:<init>(172)) - new b2a9bc99-8913-4a63-a45e-ee2fa957b1dc@group-4C3EB69A0B0F-SegmentedRaftLogWorker for RaftStorage:Storage Directory /workdir/hadoop-ozone/integration-test/target/test-dir/MiniOzoneClusterImpl-3830d8fa-b618-494a-8595-70b28c2bfeb8/datanode-3/data/ratis/2b14112b-407f-4064-83b5-4c3eb69a0b0f
2019-09-29 11:07:58,741 [pool-57-thread-1] INFO  server.RaftServerConfigKeys (ConfUtils.java:logGet(43)) - raft.server.log.queue.byte-limit = 2147483647 (custom)
2019-09-29 11:07:58,741 [pool-57-thread-1] INFO  server.RaftServerConfigKeys (ConfUtils.java:logGet(43)) - raft.server.log.queue.element-limit = 1024 (custom)
2019-09-29 11:07:58,741 [pool-57-thread-1] INFO  server.RaftServerConfigKeys (ConfUtils.java:logGet(43)) - raft.server.log.segment.size.max = 1048576 (custom)
2019-09-29 11:07:58,741 [pool-57-thread-1] INFO  server.RaftServerConfigKeys (ConfUtils.java:logGet(43)) - raft.server.log.preallocated.size = 16384 (custom)
2019-09-29 11:07:58,741 [pool-57-thread-1] INFO  server.RaftServerConfigKeys (ConfUtils.java:logGet(43)) - raft.server.log.write.buffer.size = 33554432 (custom)
2019-09-29 11:07:58,742 [pool-57-thread-1] INFO  server.RaftServerConfigKeys (ConfUtils.java:logGet(43)) - raft.server.log.force.sync.num = 128 (default)
2019-09-29 11:07:58,742 [pool-57-thread-1] INFO  server.RaftServerConfigKeys (ConfUtils.java:logGet(43)) - raft.server.log.statemachine.data.sync = true (default)
2019-09-29 11:07:58,742 [pool-57-thread-1] INFO  server.RaftServerConfigKeys (ConfUtils.java:logGet(43)) - raft.server.log.statemachine.data.sync.timeout = 10s (default)
2019-09-29 11:07:58,742 [pool-57-thread-1] INFO  server.RaftServerConfigKeys (ConfUtils.java:logGet(43)) - raft.server.log.statemachine.data.sync.timeout.retry = -1 (default)
2019-09-29 11:07:58,743 [pool-57-thread-1] INFO  server.RaftServerConfigKeys (ConfUtils.java:logGet(43)) - raft.server.log.statemachine.data.caching.enabled = true (custom)
2019-09-29 11:07:58,743 [pool-57-thread-1] INFO  segmented.SegmentedRaftLogWorker (SegmentedRaftLogWorker.java:lambda$new$0(132)) - b2a9bc99-8913-4a63-a45e-ee2fa957b1dc@group-4C3EB69A0B0F-SegmentedRaftLogWorker: flushIndex: setUnconditionally 0 -> -1
2019-09-29 11:07:58,743 [pool-57-thread-1] INFO  server.RaftServerConfigKeys (ConfUtils.java:logGet(43)) - raft.server.snapshot.auto.trigger.enabled = true (custom)
2019-09-29 11:07:58,744 [pool-57-thread-1] INFO  server.RaftServerConfigKeys (ConfUtils.java:logGet(43)) - raft.server.snapshot.auto.trigger.threshold = 10000 (custom)
2019-09-29 11:07:58,744 [pool-57-thread-1] INFO  server.RaftServerConfigKeys (ConfUtils.java:logGet(43)) - raft.server.snapshot.retention.num.files = 5 (custom)
2019-09-29 11:07:58,744 [pool-57-thread-1] INFO  server.RaftServerConfigKeys (ConfUtils.java:logGet(43)) - raft.server.retrycache.expirytime = 600000ms (custom)
2019-09-29 11:07:58,748 [pool-57-thread-1] INFO  impl.RaftServerImpl (RaftServerImpl.java:start(185)) - b2a9bc99-8913-4a63-a45e-ee2fa957b1dc@group-4C3EB69A0B0F: start as a follower, conf=-1: [b2a9bc99-8913-4a63-a45e-ee2fa957b1dc:192.168.30.19:37835], old=null
2019-09-29 11:07:58,749 [pool-57-thread-1] INFO  impl.RaftServerImpl (RaftServerImpl.java:setRole(174)) - b2a9bc99-8913-4a63-a45e-ee2fa957b1dc@group-4C3EB69A0B0F: changes role from      null to FOLLOWER at term 0 for startAsFollower
2019-09-29 11:07:58,749 [pool-57-thread-1] INFO  impl.RoleInfo (RoleInfo.java:updateAndGet(143)) - b2a9bc99-8913-4a63-a45e-ee2fa957b1dc: start FollowerState
2019-09-29 11:07:58,749 [pool-57-thread-1] INFO  util.JmxRegister (JmxRegister.java:tryRegister(44)) - Successfully registered JMX Bean with object name Ratis:service=RaftServer,group=group-4C3EB69A0B0F,id=b2a9bc99-8913-4a63-a45e-ee2fa957b1dc
2019-09-29 11:07:58,762 [RatisPipelineUtilsThread] INFO  pipeline.PipelineStateManager (PipelineStateManager.java:addPipeline(56)) - Created pipeline Pipeline[ Id: 2b14112b-407f-4064-83b5-4c3eb69a0b0f, Nodes: b2a9bc99-8913-4a63-a45e-ee2fa957b1dc{ip: 192.168.30.19, host: pr-hdds-1569-lsfh5-224679870, networkLocation: /default-rack, certSerialId: null}, Type:RATIS, Factor:ONE, State:OPEN]
2019-09-29 11:07:58,785 [grpc-default-executor-0] INFO  impl.RaftServerProxy (RaftServerProxy.java:addNew(89)) - 1649af47-cb07-4d21-9f17-f86f43afaca3: addNew group-B200911DAD39:[1649af47-cb07-4d21-9f17-f86f43afaca3:192.168.30.19:46566] returns group-B200911DAD39:java.util.concurrent.CompletableFuture@481bf3ee[Not completed]
2019-09-29 11:07:58,789 [pool-67-thread-1] INFO  impl.RaftServerImpl (RaftServerImpl.java:<init>(95)) - 1649af47-cb07-4d21-9f17-f86f43afaca3: new RaftServerImpl for group-B200911DAD39:[1649af47-cb07-4d21-9f17-f86f43afaca3:192.168.30.19:46566] with ContainerStateMachine:uninitialized
2019-09-29 11:07:58,790 [pool-67-thread-1] INFO  server.RaftServerConfigKeys (ConfUtils.java:logGet(43)) - raft.server.rpc.timeout.min = 5s (custom)
2019-09-29 11:07:58,790 [pool-67-thread-1] INFO  server.RaftServerConfigKeys (ConfUtils.java:logGet(43)) - raft.server.rpc.timeout.max = 5200ms (custom)
2019-09-29 11:07:58,790 [pool-67-thread-1] INFO  server.RaftServerConfigKeys (ConfUtils.java:logGet(43)) - raft.server.rpcslowness.timeout = 120s (custom)
2019-09-29 11:07:58,790 [pool-67-thread-1] INFO  server.RaftServerConfigKeys (ConfUtils.java:logGet(43)) - raft.server.sleep.deviation.threshold = 300 (default)
2019-09-29 11:07:58,790 [pool-67-thread-1] INFO  server.RaftServerConfigKeys (ConfUtils.java:logGet(43)) - raft.server.log.appender.install.snapshot.enabled = false (custom)
2019-09-29 11:07:58,790 [pool-67-thread-1] INFO  impl.RaftServerImpl (ServerState.java:<init>(103)) - 1649af47-cb07-4d21-9f17-f86f43afaca3@group-B200911DAD39: ConfigurationManager, init=-1: [1649af47-cb07-4d21-9f17-f86f43afaca3:192.168.30.19:46566], old=null, confs=<EMPTY_MAP>
2019-09-29 11:07:58,791 [pool-67-thread-1] INFO  server.RaftServerConfigKeys (ConfUtils.java:logGet(43)) - raft.server.storage.dir = [/workdir/hadoop-ozone/integration-test/target/test-dir/MiniOzoneClusterImpl-3830d8fa-b618-494a-8595-70b28c2bfeb8/datanode-4/data/ratis] (custom)
2019-09-29 11:07:58,791 [pool-67-thread-1] INFO  storage.RaftStorageDirectory (RaftStorageDirectory.java:analyzeStorage(246)) - The storage directory /workdir/hadoop-ozone/integration-test/target/test-dir/MiniOzoneClusterImpl-3830d8fa-b618-494a-8595-70b28c2bfeb8/datanode-4/data/ratis/e87ec673-513e-4aa9-a1fa-b200911dad39 does not exist. Creating ...
2019-09-29 11:07:58,818 [pool-67-thread-1] INFO  storage.RaftStorageDirectory (RaftStorageDirectory.java:tryLock(328)) - Lock on /workdir/hadoop-ozone/integration-test/target/test-dir/MiniOzoneClusterImpl-3830d8fa-b618-494a-8595-70b28c2bfeb8/datanode-4/data/ratis/e87ec673-513e-4aa9-a1fa-b200911dad39/in_use.lock acquired by nodename 9669@pr-hdds-1569-lsfh5-224679870
2019-09-29 11:07:58,843 [pool-67-thread-1] INFO  storage.RaftStorage (RaftStorage.java:format(72)) - Storage directory /workdir/hadoop-ozone/integration-test/target/test-dir/MiniOzoneClusterImpl-3830d8fa-b618-494a-8595-70b28c2bfeb8/datanode-4/data/ratis/e87ec673-513e-4aa9-a1fa-b200911dad39 has been successfully formatted.
2019-09-29 11:07:58,844 [pool-67-thread-1] INFO  ratis.ContainerStateMachine (ContainerStateMachine.java:loadSnapshot(230)) - group-B200911DAD39: The snapshot info is null. Setting the last applied indexto:(t:0, i:~)
2019-09-29 11:07:58,844 [pool-67-thread-1] INFO  server.RaftServerConfigKeys (ConfUtils.java:logGet(43)) - raft.server.notification.no-leader.timeout = 120s (custom)
2019-09-29 11:07:58,844 [pool-67-thread-1] INFO  server.RaftServerConfigKeys (ConfUtils.java:logGet(43)) - raft.server.log.use.memory = false (default)
2019-09-29 11:07:58,844 [pool-67-thread-1] INFO  server.RaftServerConfigKeys (ConfUtils.java:logGet(43)) - raft.server.log.purge.gap = 1000000 (custom)
2019-09-29 11:07:58,844 [pool-67-thread-1] INFO  server.RaftServerConfigKeys (ConfUtils.java:logGet(43)) - raft.server.log.appender.buffer.byte-limit = 33554432 (custom)
2019-09-29 11:07:58,845 [pool-67-thread-1] INFO  server.RaftServerConfigKeys (ConfUtils.java:logGet(43)) - raft.server.log.segment.size.max = 1048576 (custom)
2019-09-29 11:07:58,845 [pool-67-thread-1] INFO  server.RaftServerConfigKeys (ConfUtils.java:logGet(43)) - raft.server.log.segment.cache.num.max = 2 (custom)
2019-09-29 11:07:58,845 [pool-67-thread-1] INFO  segmented.SegmentedRaftLogWorker (SegmentedRaftLogWorker.java:<init>(172)) - new 1649af47-cb07-4d21-9f17-f86f43afaca3@group-B200911DAD39-SegmentedRaftLogWorker for RaftStorage:Storage Directory /workdir/hadoop-ozone/integration-test/target/test-dir/MiniOzoneClusterImpl-3830d8fa-b618-494a-8595-70b28c2bfeb8/datanode-4/data/ratis/e87ec673-513e-4aa9-a1fa-b200911dad39
2019-09-29 11:07:58,848 [pool-67-thread-1] INFO  server.RaftServerConfigKeys (ConfUtils.java:logGet(43)) - raft.server.log.queue.byte-limit = 2147483647 (custom)
2019-09-29 11:07:58,848 [pool-67-thread-1] INFO  server.RaftServerConfigKeys (ConfUtils.java:logGet(43)) - raft.server.log.queue.element-limit = 1024 (custom)
2019-09-29 11:07:58,849 [pool-67-thread-1] INFO  server.RaftServerConfigKeys (ConfUtils.java:logGet(43)) - raft.server.log.segment.size.max = 1048576 (custom)
2019-09-29 11:07:58,849 [pool-67-thread-1] INFO  server.RaftServerConfigKeys (ConfUtils.java:logGet(43)) - raft.server.log.preallocated.size = 16384 (custom)
2019-09-29 11:07:58,849 [pool-67-thread-1] INFO  server.RaftServerConfigKeys (ConfUtils.java:logGet(43)) - raft.server.log.write.buffer.size = 33554432 (custom)
2019-09-29 11:07:58,849 [pool-67-thread-1] INFO  server.RaftServerConfigKeys (ConfUtils.java:logGet(43)) - raft.server.log.force.sync.num = 128 (default)
2019-09-29 11:07:58,849 [pool-67-thread-1] INFO  server.RaftServerConfigKeys (ConfUtils.java:logGet(43)) - raft.server.log.statemachine.data.sync = true (default)
2019-09-29 11:07:58,849 [pool-67-thread-1] INFO  server.RaftServerConfigKeys (ConfUtils.java:logGet(43)) - raft.server.log.statemachine.data.sync.timeout = 10s (default)
2019-09-29 11:07:58,849 [pool-67-thread-1] INFO  server.RaftServerConfigKeys (ConfUtils.java:logGet(43)) - raft.server.log.statemachine.data.sync.timeout.retry = -1 (default)
2019-09-29 11:07:58,850 [pool-67-thread-1] INFO  server.RaftServerConfigKeys (ConfUtils.java:logGet(43)) - raft.server.log.statemachine.data.caching.enabled = true (custom)
2019-09-29 11:07:58,850 [pool-67-thread-1] INFO  segmented.SegmentedRaftLogWorker (SegmentedRaftLogWorker.java:lambda$new$0(132)) - 1649af47-cb07-4d21-9f17-f86f43afaca3@group-B200911DAD39-SegmentedRaftLogWorker: flushIndex: setUnconditionally 0 -> -1
2019-09-29 11:07:58,851 [pool-67-thread-1] INFO  server.RaftServerConfigKeys (ConfUtils.java:logGet(43)) - raft.server.snapshot.auto.trigger.enabled = true (custom)
2019-09-29 11:07:58,851 [pool-67-thread-1] INFO  server.RaftServerConfigKeys (ConfUtils.java:logGet(43)) - raft.server.snapshot.auto.trigger.threshold = 10000 (custom)
2019-09-29 11:07:58,851 [pool-67-thread-1] INFO  server.RaftServerConfigKeys (ConfUtils.java:logGet(43)) - raft.server.snapshot.retention.num.files = 5 (custom)
2019-09-29 11:07:58,851 [pool-67-thread-1] INFO  server.RaftServerConfigKeys (ConfUtils.java:logGet(43)) - raft.server.retrycache.expirytime = 600000ms (custom)
2019-09-29 11:07:58,854 [pool-67-thread-1] INFO  impl.RaftServerImpl (RaftServerImpl.java:start(185)) - 1649af47-cb07-4d21-9f17-f86f43afaca3@group-B200911DAD39: start as a follower, conf=-1: [1649af47-cb07-4d21-9f17-f86f43afaca3:192.168.30.19:46566], old=null
2019-09-29 11:07:58,855 [pool-67-thread-1] INFO  impl.RaftServerImpl (RaftServerImpl.java:setRole(174)) - 1649af47-cb07-4d21-9f17-f86f43afaca3@group-B200911DAD39: changes role from      null to FOLLOWER at term 0 for startAsFollower
2019-09-29 11:07:58,855 [pool-67-thread-1] INFO  impl.RoleInfo (RoleInfo.java:updateAndGet(143)) - 1649af47-cb07-4d21-9f17-f86f43afaca3: start FollowerState
2019-09-29 11:07:58,855 [pool-67-thread-1] INFO  util.JmxRegister (JmxRegister.java:tryRegister(44)) - Successfully registered JMX Bean with object name Ratis:service=RaftServer,group=group-B200911DAD39,id=1649af47-cb07-4d21-9f17-f86f43afaca3
2019-09-29 11:07:58,867 [RatisPipelineUtilsThread] INFO  pipeline.PipelineStateManager (PipelineStateManager.java:addPipeline(56)) - Created pipeline Pipeline[ Id: e87ec673-513e-4aa9-a1fa-b200911dad39, Nodes: 1649af47-cb07-4d21-9f17-f86f43afaca3{ip: 192.168.30.19, host: pr-hdds-1569-lsfh5-224679870, networkLocation: /default-rack, certSerialId: null}, Type:RATIS, Factor:ONE, State:OPEN]
2019-09-29 11:07:58,875 [main] INFO  ozone.MiniOzoneClusterImpl (MiniOzoneClusterImpl.java:lambda$waitForClusterToBeReady$0(147)) - Cluster is ready. Got 7 of 7 DN Heartbeats.
2019-09-29 11:07:58,885 [grpc-default-executor-0] INFO  impl.RaftServerProxy (RaftServerProxy.java:addNew(89)) - 2e3f08f3-0baf-4b8e-a0dc-98d1a16dd160: addNew group-2C328AAE845D:[2e3f08f3-0baf-4b8e-a0dc-98d1a16dd160:192.168.30.19:43958] returns group-2C328AAE845D:java.util.concurrent.CompletableFuture@2687f63b[Not completed]
2019-09-29 11:07:58,889 [pool-47-thread-1] INFO  impl.RaftServerImpl (RaftServerImpl.java:<init>(95)) - 2e3f08f3-0baf-4b8e-a0dc-98d1a16dd160: new RaftServerImpl for group-2C328AAE845D:[2e3f08f3-0baf-4b8e-a0dc-98d1a16dd160:192.168.30.19:43958] with ContainerStateMachine:uninitialized
2019-09-29 11:07:58,889 [pool-47-thread-1] INFO  server.RaftServerConfigKeys (ConfUtils.java:logGet(43)) - raft.server.rpc.timeout.min = 5s (custom)
2019-09-29 11:07:58,889 [pool-47-thread-1] INFO  server.RaftServerConfigKeys (ConfUtils.java:logGet(43)) - raft.server.rpc.timeout.max = 5200ms (custom)
2019-09-29 11:07:58,890 [pool-47-thread-1] INFO  server.RaftServerConfigKeys (ConfUtils.java:logGet(43)) - raft.server.rpcslowness.timeout = 120s (custom)
2019-09-29 11:07:58,890 [pool-47-thread-1] INFO  server.RaftServerConfigKeys (ConfUtils.java:logGet(43)) - raft.server.sleep.deviation.threshold = 300 (default)
2019-09-29 11:07:58,890 [pool-47-thread-1] INFO  server.RaftServerConfigKeys (ConfUtils.java:logGet(43)) - raft.server.log.appender.install.snapshot.enabled = false (custom)
2019-09-29 11:07:58,890 [pool-47-thread-1] INFO  impl.RaftServerImpl (ServerState.java:<init>(103)) - 2e3f08f3-0baf-4b8e-a0dc-98d1a16dd160@group-2C328AAE845D: ConfigurationManager, init=-1: [2e3f08f3-0baf-4b8e-a0dc-98d1a16dd160:192.168.30.19:43958], old=null, confs=<EMPTY_MAP>
2019-09-29 11:07:58,890 [pool-47-thread-1] INFO  server.RaftServerConfigKeys (ConfUtils.java:logGet(43)) - raft.server.storage.dir = [/workdir/hadoop-ozone/integration-test/target/test-dir/MiniOzoneClusterImpl-3830d8fa-b618-494a-8595-70b28c2bfeb8/datanode-2/data/ratis] (custom)
2019-09-29 11:07:58,891 [pool-47-thread-1] INFO  storage.RaftStorageDirectory (RaftStorageDirectory.java:analyzeStorage(246)) - The storage directory /workdir/hadoop-ozone/integration-test/target/test-dir/MiniOzoneClusterImpl-3830d8fa-b618-494a-8595-70b28c2bfeb8/datanode-2/data/ratis/745a0931-5dec-4765-9795-2c328aae845d does not exist. Creating ...
2019-09-29 11:07:58,919 [pool-47-thread-1] INFO  storage.RaftStorageDirectory (RaftStorageDirectory.java:tryLock(328)) - Lock on /workdir/hadoop-ozone/integration-test/target/test-dir/MiniOzoneClusterImpl-3830d8fa-b618-494a-8595-70b28c2bfeb8/datanode-2/data/ratis/745a0931-5dec-4765-9795-2c328aae845d/in_use.lock acquired by nodename 9669@pr-hdds-1569-lsfh5-224679870
2019-09-29 11:07:58,944 [pool-47-thread-1] INFO  storage.RaftStorage (RaftStorage.java:format(72)) - Storage directory /workdir/hadoop-ozone/integration-test/target/test-dir/MiniOzoneClusterImpl-3830d8fa-b618-494a-8595-70b28c2bfeb8/datanode-2/data/ratis/745a0931-5dec-4765-9795-2c328aae845d has been successfully formatted.
2019-09-29 11:07:58,945 [pool-47-thread-1] INFO  ratis.ContainerStateMachine (ContainerStateMachine.java:loadSnapshot(230)) - group-2C328AAE845D: The snapshot info is null. Setting the last applied indexto:(t:0, i:~)
2019-09-29 11:07:58,945 [pool-47-thread-1] INFO  server.RaftServerConfigKeys (ConfUtils.java:logGet(43)) - raft.server.notification.no-leader.timeout = 120s (custom)
2019-09-29 11:07:58,945 [pool-47-thread-1] INFO  server.RaftServerConfigKeys (ConfUtils.java:logGet(43)) - raft.server.log.use.memory = false (default)
2019-09-29 11:07:58,946 [pool-47-thread-1] INFO  server.RaftServerConfigKeys (ConfUtils.java:logGet(43)) - raft.server.log.purge.gap = 1000000 (custom)
2019-09-29 11:07:58,946 [pool-47-thread-1] INFO  server.RaftServerConfigKeys (ConfUtils.java:logGet(43)) - raft.server.log.appender.buffer.byte-limit = 33554432 (custom)
2019-09-29 11:07:58,946 [pool-47-thread-1] INFO  server.RaftServerConfigKeys (ConfUtils.java:logGet(43)) - raft.server.log.segment.size.max = 1048576 (custom)
2019-09-29 11:07:58,946 [pool-47-thread-1] INFO  server.RaftServerConfigKeys (ConfUtils.java:logGet(43)) - raft.server.log.segment.cache.num.max = 2 (custom)
2019-09-29 11:07:58,946 [pool-47-thread-1] INFO  segmented.SegmentedRaftLogWorker (SegmentedRaftLogWorker.java:<init>(172)) - new 2e3f08f3-0baf-4b8e-a0dc-98d1a16dd160@group-2C328AAE845D-SegmentedRaftLogWorker for RaftStorage:Storage Directory /workdir/hadoop-ozone/integration-test/target/test-dir/MiniOzoneClusterImpl-3830d8fa-b618-494a-8595-70b28c2bfeb8/datanode-2/data/ratis/745a0931-5dec-4765-9795-2c328aae845d
2019-09-29 11:07:58,950 [pool-47-thread-1] INFO  server.RaftServerConfigKeys (ConfUtils.java:logGet(43)) - raft.server.log.queue.byte-limit = 2147483647 (custom)
2019-09-29 11:07:58,950 [pool-47-thread-1] INFO  server.RaftServerConfigKeys (ConfUtils.java:logGet(43)) - raft.server.log.queue.element-limit = 1024 (custom)
2019-09-29 11:07:58,950 [pool-47-thread-1] INFO  server.RaftServerConfigKeys (ConfUtils.java:logGet(43)) - raft.server.log.segment.size.max = 1048576 (custom)
2019-09-29 11:07:58,950 [pool-47-thread-1] INFO  server.RaftServerConfigKeys (ConfUtils.java:logGet(43)) - raft.server.log.preallocated.size = 16384 (custom)
2019-09-29 11:07:58,951 [pool-47-thread-1] INFO  server.RaftServerConfigKeys (ConfUtils.java:logGet(43)) - raft.server.log.write.buffer.size = 33554432 (custom)
2019-09-29 11:07:58,951 [pool-47-thread-1] INFO  server.RaftServerConfigKeys (ConfUtils.java:logGet(43)) - raft.server.log.force.sync.num = 128 (default)
2019-09-29 11:07:58,951 [pool-47-thread-1] INFO  server.RaftServerConfigKeys (ConfUtils.java:logGet(43)) - raft.server.log.statemachine.data.sync = true (default)
2019-09-29 11:07:58,951 [pool-47-thread-1] INFO  server.RaftServerConfigKeys (ConfUtils.java:logGet(43)) - raft.server.log.statemachine.data.sync.timeout = 10s (default)
2019-09-29 11:07:58,951 [pool-47-thread-1] INFO  server.RaftServerConfigKeys (ConfUtils.java:logGet(43)) - raft.server.log.statemachine.data.sync.timeout.retry = -1 (default)
2019-09-29 11:07:58,952 [pool-47-thread-1] INFO  server.RaftServerConfigKeys (ConfUtils.java:logGet(43)) - raft.server.log.statemachine.data.caching.enabled = true (custom)
2019-09-29 11:07:58,952 [pool-47-thread-1] INFO  segmented.SegmentedRaftLogWorker (SegmentedRaftLogWorker.java:lambda$new$0(132)) - 2e3f08f3-0baf-4b8e-a0dc-98d1a16dd160@group-2C328AAE845D-SegmentedRaftLogWorker: flushIndex: setUnconditionally 0 -> -1
2019-09-29 11:07:58,952 [pool-47-thread-1] INFO  server.RaftServerConfigKeys (ConfUtils.java:logGet(43)) - raft.server.snapshot.auto.trigger.enabled = true (custom)
2019-09-29 11:07:58,953 [pool-47-thread-1] INFO  server.RaftServerConfigKeys (ConfUtils.java:logGet(43)) - raft.server.snapshot.auto.trigger.threshold = 10000 (custom)
2019-09-29 11:07:58,953 [pool-47-thread-1] INFO  server.RaftServerConfigKeys (ConfUtils.java:logGet(43)) - raft.server.snapshot.retention.num.files = 5 (custom)
2019-09-29 11:07:58,953 [pool-47-thread-1] INFO  server.RaftServerConfigKeys (ConfUtils.java:logGet(43)) - raft.server.retrycache.expirytime = 600000ms (custom)
2019-09-29 11:07:58,956 [pool-47-thread-1] INFO  impl.RaftServerImpl (RaftServerImpl.java:start(185)) - 2e3f08f3-0baf-4b8e-a0dc-98d1a16dd160@group-2C328AAE845D: start as a follower, conf=-1: [2e3f08f3-0baf-4b8e-a0dc-98d1a16dd160:192.168.30.19:43958], old=null
2019-09-29 11:07:58,956 [pool-47-thread-1] INFO  impl.RaftServerImpl (RaftServerImpl.java:setRole(174)) - 2e3f08f3-0baf-4b8e-a0dc-98d1a16dd160@group-2C328AAE845D: changes role from      null to FOLLOWER at term 0 for startAsFollower
2019-09-29 11:07:58,956 [pool-47-thread-1] INFO  impl.RoleInfo (RoleInfo.java:updateAndGet(143)) - 2e3f08f3-0baf-4b8e-a0dc-98d1a16dd160: start FollowerState
2019-09-29 11:07:58,957 [pool-47-thread-1] INFO  util.JmxRegister (JmxRegister.java:tryRegister(44)) - Successfully registered JMX Bean with object name Ratis:service=RaftServer,group=group-2C328AAE845D,id=2e3f08f3-0baf-4b8e-a0dc-98d1a16dd160
2019-09-29 11:07:58,981 [RatisPipelineUtilsThread] INFO  pipeline.PipelineStateManager (PipelineStateManager.java:addPipeline(56)) - Created pipeline Pipeline[ Id: 745a0931-5dec-4765-9795-2c328aae845d, Nodes: 2e3f08f3-0baf-4b8e-a0dc-98d1a16dd160{ip: 192.168.30.19, host: pr-hdds-1569-lsfh5-224679870, networkLocation: /default-rack, certSerialId: null}, Type:RATIS, Factor:ONE, State:OPEN]
2019-09-29 11:07:58,987 [RatisPipelineUtilsThread] ERROR pipeline.SCMPipelineManager (SCMPipelineManager.java:createPipeline(188)) - Pipeline creation failed.
org.apache.hadoop.hdds.scm.exceptions.SCMException: Cannot create pipeline of factor 1 using 0 nodes.
	at org.apache.hadoop.hdds.scm.pipeline.RatisPipelineProvider.pickNodesNeverUsed(RatisPipelineProvider.java:113)
	at org.apache.hadoop.hdds.scm.pipeline.RatisPipelineProvider.create(RatisPipelineProvider.java:125)
	at org.apache.hadoop.hdds.scm.pipeline.PipelineFactory.create(PipelineFactory.java:58)
	at org.apache.hadoop.hdds.scm.pipeline.SCMPipelineManager.createPipeline(SCMPipelineManager.java:179)
	at org.apache.hadoop.hdds.scm.pipeline.BackgroundPipelineCreator.createPipelines(BackgroundPipelineCreator.java:100)
	at java.util.concurrent.Executors$RunnableAdapter.call(Executors.java:511)
	at java.util.concurrent.FutureTask.run(FutureTask.java:266)
	at java.util.concurrent.ScheduledThreadPoolExecutor$ScheduledFutureTask.access$201(ScheduledThreadPoolExecutor.java:180)
	at java.util.concurrent.ScheduledThreadPoolExecutor$ScheduledFutureTask.run(ScheduledThreadPoolExecutor.java:293)
	at java.util.concurrent.ThreadPoolExecutor.runWorker(ThreadPoolExecutor.java:1149)
	at java.util.concurrent.ThreadPoolExecutor$Worker.run(ThreadPoolExecutor.java:624)
	at java.lang.Thread.run(Thread.java:748)
2019-09-29 11:07:59,030 [grpc-default-executor-2] INFO  impl.RaftServerProxy (RaftServerProxy.java:addNew(89)) - 97806d94-bf03-4162-88de-2912f25217ae: addNew group-F987CDCB05C7:[97806d94-bf03-4162-88de-2912f25217ae:192.168.30.19:33042, 17e09b0e-7256-45e4-9e35-05f1f47ae986:192.168.30.19:35975, 32d50e58-0e8b-44bb-a013-d28b85576746:192.168.30.19:35526] returns group-F987CDCB05C7:java.util.concurrent.CompletableFuture@3125d8bf[Not completed]
2019-09-29 11:07:59,030 [grpc-default-executor-0] INFO  impl.RaftServerProxy (RaftServerProxy.java:addNew(89)) - 17e09b0e-7256-45e4-9e35-05f1f47ae986: addNew group-F987CDCB05C7:[97806d94-bf03-4162-88de-2912f25217ae:192.168.30.19:33042, 17e09b0e-7256-45e4-9e35-05f1f47ae986:192.168.30.19:35975, 32d50e58-0e8b-44bb-a013-d28b85576746:192.168.30.19:35526] returns group-F987CDCB05C7:java.util.concurrent.CompletableFuture@590afb11[Not completed]
2019-09-29 11:07:59,030 [grpc-default-executor-1] INFO  impl.RaftServerProxy (RaftServerProxy.java:addNew(89)) - 32d50e58-0e8b-44bb-a013-d28b85576746: addNew group-F987CDCB05C7:[97806d94-bf03-4162-88de-2912f25217ae:192.168.30.19:33042, 17e09b0e-7256-45e4-9e35-05f1f47ae986:192.168.30.19:35975, 32d50e58-0e8b-44bb-a013-d28b85576746:192.168.30.19:35526] returns group-F987CDCB05C7:java.util.concurrent.CompletableFuture@4b25dcbf[Not completed]
2019-09-29 11:07:59,033 [pool-77-thread-1] INFO  impl.RaftServerImpl (RaftServerImpl.java:<init>(95)) - 97806d94-bf03-4162-88de-2912f25217ae: new RaftServerImpl for group-F987CDCB05C7:[97806d94-bf03-4162-88de-2912f25217ae:192.168.30.19:33042, 17e09b0e-7256-45e4-9e35-05f1f47ae986:192.168.30.19:35975, 32d50e58-0e8b-44bb-a013-d28b85576746:192.168.30.19:35526] with ContainerStateMachine:uninitialized
2019-09-29 11:07:59,033 [pool-77-thread-1] INFO  server.RaftServerConfigKeys (ConfUtils.java:logGet(43)) - raft.server.rpc.timeout.min = 5s (custom)
2019-09-29 11:07:59,033 [pool-77-thread-1] INFO  server.RaftServerConfigKeys (ConfUtils.java:logGet(43)) - raft.server.rpc.timeout.max = 5200ms (custom)
2019-09-29 11:07:59,033 [pool-77-thread-1] INFO  server.RaftServerConfigKeys (ConfUtils.java:logGet(43)) - raft.server.rpcslowness.timeout = 120s (custom)
2019-09-29 11:07:59,033 [pool-77-thread-1] INFO  server.RaftServerConfigKeys (ConfUtils.java:logGet(43)) - raft.server.sleep.deviation.threshold = 300 (default)
2019-09-29 11:07:59,034 [pool-77-thread-1] INFO  server.RaftServerConfigKeys (ConfUtils.java:logGet(43)) - raft.server.log.appender.install.snapshot.enabled = false (custom)
2019-09-29 11:07:59,034 [pool-77-thread-1] INFO  impl.RaftServerImpl (ServerState.java:<init>(103)) - 97806d94-bf03-4162-88de-2912f25217ae@group-F987CDCB05C7: ConfigurationManager, init=-1: [97806d94-bf03-4162-88de-2912f25217ae:192.168.30.19:33042, 17e09b0e-7256-45e4-9e35-05f1f47ae986:192.168.30.19:35975, 32d50e58-0e8b-44bb-a013-d28b85576746:192.168.30.19:35526], old=null, confs=<EMPTY_MAP>
2019-09-29 11:07:59,034 [pool-77-thread-1] INFO  server.RaftServerConfigKeys (ConfUtils.java:logGet(43)) - raft.server.storage.dir = [/workdir/hadoop-ozone/integration-test/target/test-dir/MiniOzoneClusterImpl-3830d8fa-b618-494a-8595-70b28c2bfeb8/datanode-5/data/ratis] (custom)
2019-09-29 11:07:59,034 [pool-37-thread-1] INFO  impl.RaftServerImpl (RaftServerImpl.java:<init>(95)) - 32d50e58-0e8b-44bb-a013-d28b85576746: new RaftServerImpl for group-F987CDCB05C7:[97806d94-bf03-4162-88de-2912f25217ae:192.168.30.19:33042, 17e09b0e-7256-45e4-9e35-05f1f47ae986:192.168.30.19:35975, 32d50e58-0e8b-44bb-a013-d28b85576746:192.168.30.19:35526] with ContainerStateMachine:uninitialized
2019-09-29 11:07:59,034 [pool-37-thread-1] INFO  server.RaftServerConfigKeys (ConfUtils.java:logGet(43)) - raft.server.rpc.timeout.min = 5s (custom)
2019-09-29 11:07:59,034 [pool-77-thread-1] INFO  storage.RaftStorageDirectory (RaftStorageDirectory.java:analyzeStorage(246)) - The storage directory /workdir/hadoop-ozone/integration-test/target/test-dir/MiniOzoneClusterImpl-3830d8fa-b618-494a-8595-70b28c2bfeb8/datanode-5/data/ratis/184b665c-197b-41f2-a3ec-f987cdcb05c7 does not exist. Creating ...
2019-09-29 11:07:59,035 [pool-37-thread-1] INFO  server.RaftServerConfigKeys (ConfUtils.java:logGet(43)) - raft.server.rpc.timeout.max = 5200ms (custom)
2019-09-29 11:07:59,035 [pool-37-thread-1] INFO  server.RaftServerConfigKeys (ConfUtils.java:logGet(43)) - raft.server.rpcslowness.timeout = 120s (custom)
2019-09-29 11:07:59,035 [pool-37-thread-1] INFO  server.RaftServerConfigKeys (ConfUtils.java:logGet(43)) - raft.server.sleep.deviation.threshold = 300 (default)
2019-09-29 11:07:59,035 [pool-37-thread-1] INFO  server.RaftServerConfigKeys (ConfUtils.java:logGet(43)) - raft.server.log.appender.install.snapshot.enabled = false (custom)
2019-09-29 11:07:59,035 [pool-37-thread-1] INFO  impl.RaftServerImpl (ServerState.java:<init>(103)) - 32d50e58-0e8b-44bb-a013-d28b85576746@group-F987CDCB05C7: ConfigurationManager, init=-1: [97806d94-bf03-4162-88de-2912f25217ae:192.168.30.19:33042, 17e09b0e-7256-45e4-9e35-05f1f47ae986:192.168.30.19:35975, 32d50e58-0e8b-44bb-a013-d28b85576746:192.168.30.19:35526], old=null, confs=<EMPTY_MAP>
2019-09-29 11:07:59,036 [pool-87-thread-1] INFO  impl.RaftServerImpl (RaftServerImpl.java:<init>(95)) - 17e09b0e-7256-45e4-9e35-05f1f47ae986: new RaftServerImpl for group-F987CDCB05C7:[97806d94-bf03-4162-88de-2912f25217ae:192.168.30.19:33042, 17e09b0e-7256-45e4-9e35-05f1f47ae986:192.168.30.19:35975, 32d50e58-0e8b-44bb-a013-d28b85576746:192.168.30.19:35526] with ContainerStateMachine:uninitialized
2019-09-29 11:07:59,036 [pool-37-thread-1] INFO  server.RaftServerConfigKeys (ConfUtils.java:logGet(43)) - raft.server.storage.dir = [/workdir/hadoop-ozone/integration-test/target/test-dir/MiniOzoneClusterImpl-3830d8fa-b618-494a-8595-70b28c2bfeb8/datanode-1/data/ratis] (custom)
2019-09-29 11:07:59,036 [pool-87-thread-1] INFO  server.RaftServerConfigKeys (ConfUtils.java:logGet(43)) - raft.server.rpc.timeout.min = 5s (custom)
2019-09-29 11:07:59,036 [pool-87-thread-1] INFO  server.RaftServerConfigKeys (ConfUtils.java:logGet(43)) - raft.server.rpc.timeout.max = 5200ms (custom)
2019-09-29 11:07:59,036 [pool-37-thread-1] INFO  storage.RaftStorageDirectory (RaftStorageDirectory.java:analyzeStorage(246)) - The storage directory /workdir/hadoop-ozone/integration-test/target/test-dir/MiniOzoneClusterImpl-3830d8fa-b618-494a-8595-70b28c2bfeb8/datanode-1/data/ratis/184b665c-197b-41f2-a3ec-f987cdcb05c7 does not exist. Creating ...
2019-09-29 11:07:59,036 [pool-87-thread-1] INFO  server.RaftServerConfigKeys (ConfUtils.java:logGet(43)) - raft.server.rpcslowness.timeout = 120s (custom)
2019-09-29 11:07:59,037 [pool-87-thread-1] INFO  server.RaftServerConfigKeys (ConfUtils.java:logGet(43)) - raft.server.sleep.deviation.threshold = 300 (default)
2019-09-29 11:07:59,037 [pool-87-thread-1] INFO  server.RaftServerConfigKeys (ConfUtils.java:logGet(43)) - raft.server.log.appender.install.snapshot.enabled = false (custom)
2019-09-29 11:07:59,037 [pool-87-thread-1] INFO  impl.RaftServerImpl (ServerState.java:<init>(103)) - 17e09b0e-7256-45e4-9e35-05f1f47ae986@group-F987CDCB05C7: ConfigurationManager, init=-1: [97806d94-bf03-4162-88de-2912f25217ae:192.168.30.19:33042, 17e09b0e-7256-45e4-9e35-05f1f47ae986:192.168.30.19:35975, 32d50e58-0e8b-44bb-a013-d28b85576746:192.168.30.19:35526], old=null, confs=<EMPTY_MAP>
2019-09-29 11:07:59,037 [pool-87-thread-1] INFO  server.RaftServerConfigKeys (ConfUtils.java:logGet(43)) - raft.server.storage.dir = [/workdir/hadoop-ozone/integration-test/target/test-dir/MiniOzoneClusterImpl-3830d8fa-b618-494a-8595-70b28c2bfeb8/datanode-6/data/ratis] (custom)
2019-09-29 11:07:59,038 [pool-87-thread-1] INFO  storage.RaftStorageDirectory (RaftStorageDirectory.java:analyzeStorage(246)) - The storage directory /workdir/hadoop-ozone/integration-test/target/test-dir/MiniOzoneClusterImpl-3830d8fa-b618-494a-8595-70b28c2bfeb8/datanode-6/data/ratis/184b665c-197b-41f2-a3ec-f987cdcb05c7 does not exist. Creating ...
2019-09-29 11:07:59,061 [pool-87-thread-1] INFO  storage.RaftStorageDirectory (RaftStorageDirectory.java:tryLock(328)) - Lock on /workdir/hadoop-ozone/integration-test/target/test-dir/MiniOzoneClusterImpl-3830d8fa-b618-494a-8595-70b28c2bfeb8/datanode-6/data/ratis/184b665c-197b-41f2-a3ec-f987cdcb05c7/in_use.lock acquired by nodename 9669@pr-hdds-1569-lsfh5-224679870
2019-09-29 11:07:59,061 [pool-77-thread-1] INFO  storage.RaftStorageDirectory (RaftStorageDirectory.java:tryLock(328)) - Lock on /workdir/hadoop-ozone/integration-test/target/test-dir/MiniOzoneClusterImpl-3830d8fa-b618-494a-8595-70b28c2bfeb8/datanode-5/data/ratis/184b665c-197b-41f2-a3ec-f987cdcb05c7/in_use.lock acquired by nodename 9669@pr-hdds-1569-lsfh5-224679870
2019-09-29 11:07:59,061 [pool-37-thread-1] INFO  storage.RaftStorageDirectory (RaftStorageDirectory.java:tryLock(328)) - Lock on /workdir/hadoop-ozone/integration-test/target/test-dir/MiniOzoneClusterImpl-3830d8fa-b618-494a-8595-70b28c2bfeb8/datanode-1/data/ratis/184b665c-197b-41f2-a3ec-f987cdcb05c7/in_use.lock acquired by nodename 9669@pr-hdds-1569-lsfh5-224679870
2019-09-29 11:07:59,087 [pool-77-thread-1] INFO  storage.RaftStorage (RaftStorage.java:format(72)) - Storage directory /workdir/hadoop-ozone/integration-test/target/test-dir/MiniOzoneClusterImpl-3830d8fa-b618-494a-8595-70b28c2bfeb8/datanode-5/data/ratis/184b665c-197b-41f2-a3ec-f987cdcb05c7 has been successfully formatted.
2019-09-29 11:07:59,087 [pool-37-thread-1] INFO  storage.RaftStorage (RaftStorage.java:format(72)) - Storage directory /workdir/hadoop-ozone/integration-test/target/test-dir/MiniOzoneClusterImpl-3830d8fa-b618-494a-8595-70b28c2bfeb8/datanode-1/data/ratis/184b665c-197b-41f2-a3ec-f987cdcb05c7 has been successfully formatted.
2019-09-29 11:07:59,087 [pool-77-thread-1] INFO  ratis.ContainerStateMachine (ContainerStateMachine.java:loadSnapshot(230)) - group-F987CDCB05C7: The snapshot info is null. Setting the last applied indexto:(t:0, i:~)
2019-09-29 11:07:59,087 [pool-87-thread-1] INFO  storage.RaftStorage (RaftStorage.java:format(72)) - Storage directory /workdir/hadoop-ozone/integration-test/target/test-dir/MiniOzoneClusterImpl-3830d8fa-b618-494a-8595-70b28c2bfeb8/datanode-6/data/ratis/184b665c-197b-41f2-a3ec-f987cdcb05c7 has been successfully formatted.
2019-09-29 11:07:59,088 [pool-77-thread-1] INFO  server.RaftServerConfigKeys (ConfUtils.java:logGet(43)) - raft.server.notification.no-leader.timeout = 120s (custom)
2019-09-29 11:07:59,088 [pool-37-thread-1] INFO  ratis.ContainerStateMachine (ContainerStateMachine.java:loadSnapshot(230)) - group-F987CDCB05C7: The snapshot info is null. Setting the last applied indexto:(t:0, i:~)
2019-09-29 11:07:59,088 [pool-87-thread-1] INFO  ratis.ContainerStateMachine (ContainerStateMachine.java:loadSnapshot(230)) - group-F987CDCB05C7: The snapshot info is null. Setting the last applied indexto:(t:0, i:~)
2019-09-29 11:07:59,088 [pool-77-thread-1] INFO  server.RaftServerConfigKeys (ConfUtils.java:logGet(43)) - raft.server.log.use.memory = false (default)
2019-09-29 11:07:59,088 [pool-87-thread-1] INFO  server.RaftServerConfigKeys (ConfUtils.java:logGet(43)) - raft.server.notification.no-leader.timeout = 120s (custom)
2019-09-29 11:07:59,088 [pool-37-thread-1] INFO  server.RaftServerConfigKeys (ConfUtils.java:logGet(43)) - raft.server.notification.no-leader.timeout = 120s (custom)
2019-09-29 11:07:59,089 [pool-87-thread-1] INFO  server.RaftServerConfigKeys (ConfUtils.java:logGet(43)) - raft.server.log.use.memory = false (default)
2019-09-29 11:07:59,088 [pool-77-thread-1] INFO  server.RaftServerConfigKeys (ConfUtils.java:logGet(43)) - raft.server.log.purge.gap = 1000000 (custom)
2019-09-29 11:07:59,089 [pool-87-thread-1] INFO  server.RaftServerConfigKeys (ConfUtils.java:logGet(43)) - raft.server.log.purge.gap = 1000000 (custom)
2019-09-29 11:07:59,089 [pool-37-thread-1] INFO  server.RaftServerConfigKeys (ConfUtils.java:logGet(43)) - raft.server.log.use.memory = false (default)
2019-09-29 11:07:59,089 [pool-87-thread-1] INFO  server.RaftServerConfigKeys (ConfUtils.java:logGet(43)) - raft.server.log.appender.buffer.byte-limit = 33554432 (custom)
2019-09-29 11:07:59,089 [pool-77-thread-1] INFO  server.RaftServerConfigKeys (ConfUtils.java:logGet(43)) - raft.server.log.appender.buffer.byte-limit = 33554432 (custom)
2019-09-29 11:07:59,090 [pool-87-thread-1] INFO  server.RaftServerConfigKeys (ConfUtils.java:logGet(43)) - raft.server.log.segment.size.max = 1048576 (custom)
2019-09-29 11:07:59,089 [pool-37-thread-1] INFO  server.RaftServerConfigKeys (ConfUtils.java:logGet(43)) - raft.server.log.purge.gap = 1000000 (custom)
2019-09-29 11:07:59,090 [pool-87-thread-1] INFO  server.RaftServerConfigKeys (ConfUtils.java:logGet(43)) - raft.server.log.segment.cache.num.max = 2 (custom)
2019-09-29 11:07:59,090 [pool-77-thread-1] INFO  server.RaftServerConfigKeys (ConfUtils.java:logGet(43)) - raft.server.log.segment.size.max = 1048576 (custom)
2019-09-29 11:07:59,090 [pool-87-thread-1] INFO  segmented.SegmentedRaftLogWorker (SegmentedRaftLogWorker.java:<init>(172)) - new 17e09b0e-7256-45e4-9e35-05f1f47ae986@group-F987CDCB05C7-SegmentedRaftLogWorker for RaftStorage:Storage Directory /workdir/hadoop-ozone/integration-test/target/test-dir/MiniOzoneClusterImpl-3830d8fa-b618-494a-8595-70b28c2bfeb8/datanode-6/data/ratis/184b665c-197b-41f2-a3ec-f987cdcb05c7
2019-09-29 11:07:59,090 [pool-37-thread-1] INFO  server.RaftServerConfigKeys (ConfUtils.java:logGet(43)) - raft.server.log.appender.buffer.byte-limit = 33554432 (custom)
2019-09-29 11:07:59,091 [pool-87-thread-1] INFO  server.RaftServerConfigKeys (ConfUtils.java:logGet(43)) - raft.server.log.queue.byte-limit = 2147483647 (custom)
2019-09-29 11:07:59,090 [pool-77-thread-1] INFO  server.RaftServerConfigKeys (ConfUtils.java:logGet(43)) - raft.server.log.segment.cache.num.max = 2 (custom)
2019-09-29 11:07:59,091 [pool-87-thread-1] INFO  server.RaftServerConfigKeys (ConfUtils.java:logGet(43)) - raft.server.log.queue.element-limit = 1024 (custom)
2019-09-29 11:07:59,091 [pool-37-thread-1] INFO  server.RaftServerConfigKeys (ConfUtils.java:logGet(43)) - raft.server.log.segment.size.max = 1048576 (custom)
2019-09-29 11:07:59,091 [pool-87-thread-1] INFO  server.RaftServerConfigKeys (ConfUtils.java:logGet(43)) - raft.server.log.segment.size.max = 1048576 (custom)
2019-09-29 11:07:59,091 [pool-77-thread-1] INFO  segmented.SegmentedRaftLogWorker (SegmentedRaftLogWorker.java:<init>(172)) - new 97806d94-bf03-4162-88de-2912f25217ae@group-F987CDCB05C7-SegmentedRaftLogWorker for RaftStorage:Storage Directory /workdir/hadoop-ozone/integration-test/target/test-dir/MiniOzoneClusterImpl-3830d8fa-b618-494a-8595-70b28c2bfeb8/datanode-5/data/ratis/184b665c-197b-41f2-a3ec-f987cdcb05c7
2019-09-29 11:07:59,092 [pool-87-thread-1] INFO  server.RaftServerConfigKeys (ConfUtils.java:logGet(43)) - raft.server.log.preallocated.size = 16384 (custom)
2019-09-29 11:07:59,091 [pool-37-thread-1] INFO  server.RaftServerConfigKeys (ConfUtils.java:logGet(43)) - raft.server.log.segment.cache.num.max = 2 (custom)
2019-09-29 11:07:59,092 [pool-87-thread-1] INFO  server.RaftServerConfigKeys (ConfUtils.java:logGet(43)) - raft.server.log.write.buffer.size = 33554432 (custom)
2019-09-29 11:07:59,092 [pool-77-thread-1] INFO  server.RaftServerConfigKeys (ConfUtils.java:logGet(43)) - raft.server.log.queue.byte-limit = 2147483647 (custom)
2019-09-29 11:07:59,092 [pool-87-thread-1] INFO  server.RaftServerConfigKeys (ConfUtils.java:logGet(43)) - raft.server.log.force.sync.num = 128 (default)
2019-09-29 11:07:59,092 [pool-37-thread-1] INFO  segmented.SegmentedRaftLogWorker (SegmentedRaftLogWorker.java:<init>(172)) - new 32d50e58-0e8b-44bb-a013-d28b85576746@group-F987CDCB05C7-SegmentedRaftLogWorker for RaftStorage:Storage Directory /workdir/hadoop-ozone/integration-test/target/test-dir/MiniOzoneClusterImpl-3830d8fa-b618-494a-8595-70b28c2bfeb8/datanode-1/data/ratis/184b665c-197b-41f2-a3ec-f987cdcb05c7
2019-09-29 11:07:59,093 [pool-87-thread-1] INFO  server.RaftServerConfigKeys (ConfUtils.java:logGet(43)) - raft.server.log.statemachine.data.sync = true (default)
2019-09-29 11:07:59,092 [pool-77-thread-1] INFO  server.RaftServerConfigKeys (ConfUtils.java:logGet(43)) - raft.server.log.queue.element-limit = 1024 (custom)
2019-09-29 11:07:59,093 [pool-87-thread-1] INFO  server.RaftServerConfigKeys (ConfUtils.java:logGet(43)) - raft.server.log.statemachine.data.sync.timeout = 10s (default)
2019-09-29 11:07:59,093 [pool-37-thread-1] INFO  server.RaftServerConfigKeys (ConfUtils.java:logGet(43)) - raft.server.log.queue.byte-limit = 2147483647 (custom)
2019-09-29 11:07:59,093 [pool-87-thread-1] INFO  server.RaftServerConfigKeys (ConfUtils.java:logGet(43)) - raft.server.log.statemachine.data.sync.timeout.retry = -1 (default)
2019-09-29 11:07:59,093 [pool-77-thread-1] INFO  server.RaftServerConfigKeys (ConfUtils.java:logGet(43)) - raft.server.log.segment.size.max = 1048576 (custom)
2019-09-29 11:07:59,094 [pool-87-thread-1] INFO  server.RaftServerConfigKeys (ConfUtils.java:logGet(43)) - raft.server.log.statemachine.data.caching.enabled = true (custom)
2019-09-29 11:07:59,093 [pool-37-thread-1] INFO  server.RaftServerConfigKeys (ConfUtils.java:logGet(43)) - raft.server.log.queue.element-limit = 1024 (custom)
2019-09-29 11:07:59,094 [pool-77-thread-1] INFO  server.RaftServerConfigKeys (ConfUtils.java:logGet(43)) - raft.server.log.preallocated.size = 16384 (custom)
2019-09-29 11:07:59,094 [pool-37-thread-1] INFO  server.RaftServerConfigKeys (ConfUtils.java:logGet(43)) - raft.server.log.segment.size.max = 1048576 (custom)
2019-09-29 11:07:59,094 [pool-87-thread-1] INFO  segmented.SegmentedRaftLogWorker (SegmentedRaftLogWorker.java:lambda$new$0(132)) - 17e09b0e-7256-45e4-9e35-05f1f47ae986@group-F987CDCB05C7-SegmentedRaftLogWorker: flushIndex: setUnconditionally 0 -> -1
2019-09-29 11:07:59,094 [pool-37-thread-1] INFO  server.RaftServerConfigKeys (ConfUtils.java:logGet(43)) - raft.server.log.preallocated.size = 16384 (custom)
2019-09-29 11:07:59,094 [pool-77-thread-1] INFO  server.RaftServerConfigKeys (ConfUtils.java:logGet(43)) - raft.server.log.write.buffer.size = 33554432 (custom)
2019-09-29 11:07:59,095 [pool-87-thread-1] INFO  server.RaftServerConfigKeys (ConfUtils.java:logGet(43)) - raft.server.snapshot.auto.trigger.enabled = true (custom)
2019-09-29 11:07:59,095 [pool-37-thread-1] INFO  server.RaftServerConfigKeys (ConfUtils.java:logGet(43)) - raft.server.log.write.buffer.size = 33554432 (custom)
2019-09-29 11:07:59,095 [pool-87-thread-1] INFO  server.RaftServerConfigKeys (ConfUtils.java:logGet(43)) - raft.server.snapshot.auto.trigger.threshold = 10000 (custom)
2019-09-29 11:07:59,095 [pool-87-thread-1] INFO  server.RaftServerConfigKeys (ConfUtils.java:logGet(43)) - raft.server.snapshot.retention.num.files = 5 (custom)
2019-09-29 11:07:59,095 [pool-77-thread-1] INFO  server.RaftServerConfigKeys (ConfUtils.java:logGet(43)) - raft.server.log.force.sync.num = 128 (default)
2019-09-29 11:07:59,096 [pool-87-thread-1] INFO  server.RaftServerConfigKeys (ConfUtils.java:logGet(43)) - raft.server.retrycache.expirytime = 600000ms (custom)
2019-09-29 11:07:59,095 [pool-37-thread-1] INFO  server.RaftServerConfigKeys (ConfUtils.java:logGet(43)) - raft.server.log.force.sync.num = 128 (default)
2019-09-29 11:07:59,096 [pool-77-thread-1] INFO  server.RaftServerConfigKeys (ConfUtils.java:logGet(43)) - raft.server.log.statemachine.data.sync = true (default)
2019-09-29 11:07:59,096 [pool-37-thread-1] INFO  server.RaftServerConfigKeys (ConfUtils.java:logGet(43)) - raft.server.log.statemachine.data.sync = true (default)
2019-09-29 11:07:59,096 [pool-77-thread-1] INFO  server.RaftServerConfigKeys (ConfUtils.java:logGet(43)) - raft.server.log.statemachine.data.sync.timeout = 10s (default)
2019-09-29 11:07:59,096 [pool-37-thread-1] INFO  server.RaftServerConfigKeys (ConfUtils.java:logGet(43)) - raft.server.log.statemachine.data.sync.timeout = 10s (default)
2019-09-29 11:07:59,097 [pool-77-thread-1] INFO  server.RaftServerConfigKeys (ConfUtils.java:logGet(43)) - raft.server.log.statemachine.data.sync.timeout.retry = -1 (default)
2019-09-29 11:07:59,097 [pool-37-thread-1] INFO  server.RaftServerConfigKeys (ConfUtils.java:logGet(43)) - raft.server.log.statemachine.data.sync.timeout.retry = -1 (default)
2019-09-29 11:07:59,097 [pool-77-thread-1] INFO  server.RaftServerConfigKeys (ConfUtils.java:logGet(43)) - raft.server.log.statemachine.data.caching.enabled = true (custom)
2019-09-29 11:07:59,097 [pool-37-thread-1] INFO  server.RaftServerConfigKeys (ConfUtils.java:logGet(43)) - raft.server.log.statemachine.data.caching.enabled = true (custom)
2019-09-29 11:07:59,097 [pool-77-thread-1] INFO  segmented.SegmentedRaftLogWorker (SegmentedRaftLogWorker.java:lambda$new$0(132)) - 97806d94-bf03-4162-88de-2912f25217ae@group-F987CDCB05C7-SegmentedRaftLogWorker: flushIndex: setUnconditionally 0 -> -1
2019-09-29 11:07:59,098 [pool-37-thread-1] INFO  segmented.SegmentedRaftLogWorker (SegmentedRaftLogWorker.java:lambda$new$0(132)) - 32d50e58-0e8b-44bb-a013-d28b85576746@group-F987CDCB05C7-SegmentedRaftLogWorker: flushIndex: setUnconditionally 0 -> -1
2019-09-29 11:07:59,098 [pool-77-thread-1] INFO  server.RaftServerConfigKeys (ConfUtils.java:logGet(43)) - raft.server.snapshot.auto.trigger.enabled = true (custom)
2019-09-29 11:07:59,098 [pool-77-thread-1] INFO  server.RaftServerConfigKeys (ConfUtils.java:logGet(43)) - raft.server.snapshot.auto.trigger.threshold = 10000 (custom)
2019-09-29 11:07:59,098 [pool-37-thread-1] INFO  server.RaftServerConfigKeys (ConfUtils.java:logGet(43)) - raft.server.snapshot.auto.trigger.enabled = true (custom)
2019-09-29 11:07:59,098 [pool-77-thread-1] INFO  server.RaftServerConfigKeys (ConfUtils.java:logGet(43)) - raft.server.snapshot.retention.num.files = 5 (custom)
2019-09-29 11:07:59,098 [pool-37-thread-1] INFO  server.RaftServerConfigKeys (ConfUtils.java:logGet(43)) - raft.server.snapshot.auto.trigger.threshold = 10000 (custom)
2019-09-29 11:07:59,098 [pool-77-thread-1] INFO  server.RaftServerConfigKeys (ConfUtils.java:logGet(43)) - raft.server.retrycache.expirytime = 600000ms (custom)
2019-09-29 11:07:59,098 [pool-37-thread-1] INFO  server.RaftServerConfigKeys (ConfUtils.java:logGet(43)) - raft.server.snapshot.retention.num.files = 5 (custom)
2019-09-29 11:07:59,099 [pool-37-thread-1] INFO  server.RaftServerConfigKeys (ConfUtils.java:logGet(43)) - raft.server.retrycache.expirytime = 600000ms (custom)
2019-09-29 11:07:59,099 [pool-87-thread-1] INFO  impl.RaftServerImpl (RaftServerImpl.java:start(185)) - 17e09b0e-7256-45e4-9e35-05f1f47ae986@group-F987CDCB05C7: start as a follower, conf=-1: [97806d94-bf03-4162-88de-2912f25217ae:192.168.30.19:33042, 17e09b0e-7256-45e4-9e35-05f1f47ae986:192.168.30.19:35975, 32d50e58-0e8b-44bb-a013-d28b85576746:192.168.30.19:35526], old=null
2019-09-29 11:07:59,099 [pool-87-thread-1] INFO  impl.RaftServerImpl (RaftServerImpl.java:setRole(174)) - 17e09b0e-7256-45e4-9e35-05f1f47ae986@group-F987CDCB05C7: changes role from      null to FOLLOWER at term 0 for startAsFollower
2019-09-29 11:07:59,100 [pool-87-thread-1] INFO  impl.RoleInfo (RoleInfo.java:updateAndGet(143)) - 17e09b0e-7256-45e4-9e35-05f1f47ae986: start FollowerState
2019-09-29 11:07:59,100 [pool-87-thread-1] INFO  util.JmxRegister (JmxRegister.java:tryRegister(44)) - Successfully registered JMX Bean with object name Ratis:service=RaftServer,group=group-F987CDCB05C7,id=17e09b0e-7256-45e4-9e35-05f1f47ae986
2019-09-29 11:07:59,102 [pool-77-thread-1] INFO  impl.RaftServerImpl (RaftServerImpl.java:start(185)) - 97806d94-bf03-4162-88de-2912f25217ae@group-F987CDCB05C7: start as a follower, conf=-1: [97806d94-bf03-4162-88de-2912f25217ae:192.168.30.19:33042, 17e09b0e-7256-45e4-9e35-05f1f47ae986:192.168.30.19:35975, 32d50e58-0e8b-44bb-a013-d28b85576746:192.168.30.19:35526], old=null
2019-09-29 11:07:59,102 [pool-77-thread-1] INFO  impl.RaftServerImpl (RaftServerImpl.java:setRole(174)) - 97806d94-bf03-4162-88de-2912f25217ae@group-F987CDCB05C7: changes role from      null to FOLLOWER at term 0 for startAsFollower
2019-09-29 11:07:59,104 [pool-77-thread-1] INFO  impl.RoleInfo (RoleInfo.java:updateAndGet(143)) - 97806d94-bf03-4162-88de-2912f25217ae: start FollowerState
2019-09-29 11:07:59,105 [pool-77-thread-1] INFO  util.JmxRegister (JmxRegister.java:tryRegister(44)) - Successfully registered JMX Bean with object name Ratis:service=RaftServer,group=group-F987CDCB05C7,id=97806d94-bf03-4162-88de-2912f25217ae
2019-09-29 11:07:59,106 [pool-37-thread-1] INFO  impl.RaftServerImpl (RaftServerImpl.java:start(185)) - 32d50e58-0e8b-44bb-a013-d28b85576746@group-F987CDCB05C7: start as a follower, conf=-1: [97806d94-bf03-4162-88de-2912f25217ae:192.168.30.19:33042, 17e09b0e-7256-45e4-9e35-05f1f47ae986:192.168.30.19:35975, 32d50e58-0e8b-44bb-a013-d28b85576746:192.168.30.19:35526], old=null
2019-09-29 11:07:59,106 [pool-37-thread-1] INFO  impl.RaftServerImpl (RaftServerImpl.java:setRole(174)) - 32d50e58-0e8b-44bb-a013-d28b85576746@group-F987CDCB05C7: changes role from      null to FOLLOWER at term 0 for startAsFollower
2019-09-29 11:07:59,107 [pool-37-thread-1] INFO  impl.RoleInfo (RoleInfo.java:updateAndGet(143)) - 32d50e58-0e8b-44bb-a013-d28b85576746: start FollowerState
2019-09-29 11:07:59,108 [pool-37-thread-1] INFO  util.JmxRegister (JmxRegister.java:tryRegister(44)) - Successfully registered JMX Bean with object name Ratis:service=RaftServer,group=group-F987CDCB05C7,id=32d50e58-0e8b-44bb-a013-d28b85576746
2019-09-29 11:07:59,132 [RatisPipelineUtilsThread] INFO  pipeline.PipelineStateManager (PipelineStateManager.java:addPipeline(56)) - Created pipeline Pipeline[ Id: 184b665c-197b-41f2-a3ec-f987cdcb05c7, Nodes: 97806d94-bf03-4162-88de-2912f25217ae{ip: 192.168.30.19, host: pr-hdds-1569-lsfh5-224679870, networkLocation: /default-rack, certSerialId: null}17e09b0e-7256-45e4-9e35-05f1f47ae986{ip: 192.168.30.19, host: pr-hdds-1569-lsfh5-224679870, networkLocation: /default-rack, certSerialId: null}32d50e58-0e8b-44bb-a013-d28b85576746{ip: 192.168.30.19, host: pr-hdds-1569-lsfh5-224679870, networkLocation: /default-rack, certSerialId: null}, Type:RATIS, Factor:THREE, State:OPEN]
2019-09-29 11:07:59,174 [grpc-default-executor-1] INFO  impl.RaftServerProxy (RaftServerProxy.java:addNew(89)) - 32d50e58-0e8b-44bb-a013-d28b85576746: addNew group-84B396C0AFBE:[97806d94-bf03-4162-88de-2912f25217ae:192.168.30.19:33042, 32d50e58-0e8b-44bb-a013-d28b85576746:192.168.30.19:35526, 17e09b0e-7256-45e4-9e35-05f1f47ae986:192.168.30.19:35975] returns group-84B396C0AFBE:java.util.concurrent.CompletableFuture@a18d684[Not completed]
2019-09-29 11:07:59,177 [grpc-default-executor-2] INFO  impl.RaftServerProxy (RaftServerProxy.java:addNew(89)) - 97806d94-bf03-4162-88de-2912f25217ae: addNew group-84B396C0AFBE:[97806d94-bf03-4162-88de-2912f25217ae:192.168.30.19:33042, 32d50e58-0e8b-44bb-a013-d28b85576746:192.168.30.19:35526, 17e09b0e-7256-45e4-9e35-05f1f47ae986:192.168.30.19:35975] returns group-84B396C0AFBE:java.util.concurrent.CompletableFuture@2232d67f[Not completed]
2019-09-29 11:07:59,179 [grpc-default-executor-0] INFO  impl.RaftServerProxy (RaftServerProxy.java:addNew(89)) - 17e09b0e-7256-45e4-9e35-05f1f47ae986: addNew group-84B396C0AFBE:[97806d94-bf03-4162-88de-2912f25217ae:192.168.30.19:33042, 32d50e58-0e8b-44bb-a013-d28b85576746:192.168.30.19:35526, 17e09b0e-7256-45e4-9e35-05f1f47ae986:192.168.30.19:35975] returns group-84B396C0AFBE:java.util.concurrent.CompletableFuture@2d6b3836[Not completed]
2019-09-29 11:07:59,180 [pool-77-thread-1] INFO  impl.RaftServerImpl (RaftServerImpl.java:<init>(95)) - 97806d94-bf03-4162-88de-2912f25217ae: new RaftServerImpl for group-84B396C0AFBE:[97806d94-bf03-4162-88de-2912f25217ae:192.168.30.19:33042, 32d50e58-0e8b-44bb-a013-d28b85576746:192.168.30.19:35526, 17e09b0e-7256-45e4-9e35-05f1f47ae986:192.168.30.19:35975] with ContainerStateMachine:uninitialized
2019-09-29 11:07:59,180 [pool-77-thread-1] INFO  server.RaftServerConfigKeys (ConfUtils.java:logGet(43)) - raft.server.rpc.timeout.min = 5s (custom)
2019-09-29 11:07:59,180 [pool-77-thread-1] INFO  server.RaftServerConfigKeys (ConfUtils.java:logGet(43)) - raft.server.rpc.timeout.max = 5200ms (custom)
2019-09-29 11:07:59,180 [pool-77-thread-1] INFO  server.RaftServerConfigKeys (ConfUtils.java:logGet(43)) - raft.server.rpcslowness.timeout = 120s (custom)
2019-09-29 11:07:59,181 [pool-77-thread-1] INFO  server.RaftServerConfigKeys (ConfUtils.java:logGet(43)) - raft.server.sleep.deviation.threshold = 300 (default)
2019-09-29 11:07:59,181 [pool-77-thread-1] INFO  server.RaftServerConfigKeys (ConfUtils.java:logGet(43)) - raft.server.log.appender.install.snapshot.enabled = false (custom)
2019-09-29 11:07:59,181 [pool-77-thread-1] INFO  impl.RaftServerImpl (ServerState.java:<init>(103)) - 97806d94-bf03-4162-88de-2912f25217ae@group-84B396C0AFBE: ConfigurationManager, init=-1: [97806d94-bf03-4162-88de-2912f25217ae:192.168.30.19:33042, 32d50e58-0e8b-44bb-a013-d28b85576746:192.168.30.19:35526, 17e09b0e-7256-45e4-9e35-05f1f47ae986:192.168.30.19:35975], old=null, confs=<EMPTY_MAP>
2019-09-29 11:07:59,181 [pool-77-thread-1] INFO  server.RaftServerConfigKeys (ConfUtils.java:logGet(43)) - raft.server.storage.dir = [/workdir/hadoop-ozone/integration-test/target/test-dir/MiniOzoneClusterImpl-3830d8fa-b618-494a-8595-70b28c2bfeb8/datanode-5/data/ratis] (custom)
2019-09-29 11:07:59,181 [pool-77-thread-1] INFO  storage.RaftStorageDirectory (RaftStorageDirectory.java:analyzeStorage(246)) - The storage directory /workdir/hadoop-ozone/integration-test/target/test-dir/MiniOzoneClusterImpl-3830d8fa-b618-494a-8595-70b28c2bfeb8/datanode-5/data/ratis/944cfc06-61c9-4a8a-8c0a-84b396c0afbe does not exist. Creating ...
2019-09-29 11:07:59,181 [pool-87-thread-1] INFO  impl.RaftServerImpl (RaftServerImpl.java:<init>(95)) - 17e09b0e-7256-45e4-9e35-05f1f47ae986: new RaftServerImpl for group-84B396C0AFBE:[97806d94-bf03-4162-88de-2912f25217ae:192.168.30.19:33042, 32d50e58-0e8b-44bb-a013-d28b85576746:192.168.30.19:35526, 17e09b0e-7256-45e4-9e35-05f1f47ae986:192.168.30.19:35975] with ContainerStateMachine:uninitialized
2019-09-29 11:07:59,182 [pool-87-thread-1] INFO  server.RaftServerConfigKeys (ConfUtils.java:logGet(43)) - raft.server.rpc.timeout.min = 5s (custom)
2019-09-29 11:07:59,182 [pool-87-thread-1] INFO  server.RaftServerConfigKeys (ConfUtils.java:logGet(43)) - raft.server.rpc.timeout.max = 5200ms (custom)
2019-09-29 11:07:59,182 [pool-87-thread-1] INFO  server.RaftServerConfigKeys (ConfUtils.java:logGet(43)) - raft.server.rpcslowness.timeout = 120s (custom)
2019-09-29 11:07:59,182 [pool-87-thread-1] INFO  server.RaftServerConfigKeys (ConfUtils.java:logGet(43)) - raft.server.sleep.deviation.threshold = 300 (default)
2019-09-29 11:07:59,182 [pool-87-thread-1] INFO  server.RaftServerConfigKeys (ConfUtils.java:logGet(43)) - raft.server.log.appender.install.snapshot.enabled = false (custom)
2019-09-29 11:07:59,182 [pool-87-thread-1] INFO  impl.RaftServerImpl (ServerState.java:<init>(103)) - 17e09b0e-7256-45e4-9e35-05f1f47ae986@group-84B396C0AFBE: ConfigurationManager, init=-1: [97806d94-bf03-4162-88de-2912f25217ae:192.168.30.19:33042, 32d50e58-0e8b-44bb-a013-d28b85576746:192.168.30.19:35526, 17e09b0e-7256-45e4-9e35-05f1f47ae986:192.168.30.19:35975], old=null, confs=<EMPTY_MAP>
2019-09-29 11:07:59,183 [pool-87-thread-1] INFO  server.RaftServerConfigKeys (ConfUtils.java:logGet(43)) - raft.server.storage.dir = [/workdir/hadoop-ozone/integration-test/target/test-dir/MiniOzoneClusterImpl-3830d8fa-b618-494a-8595-70b28c2bfeb8/datanode-6/data/ratis] (custom)
2019-09-29 11:07:59,183 [pool-37-thread-1] INFO  impl.RaftServerImpl (RaftServerImpl.java:<init>(95)) - 32d50e58-0e8b-44bb-a013-d28b85576746: new RaftServerImpl for group-84B396C0AFBE:[97806d94-bf03-4162-88de-2912f25217ae:192.168.30.19:33042, 32d50e58-0e8b-44bb-a013-d28b85576746:192.168.30.19:35526, 17e09b0e-7256-45e4-9e35-05f1f47ae986:192.168.30.19:35975] with ContainerStateMachine:uninitialized
2019-09-29 11:07:59,183 [pool-87-thread-1] INFO  storage.RaftStorageDirectory (RaftStorageDirectory.java:analyzeStorage(246)) - The storage directory /workdir/hadoop-ozone/integration-test/target/test-dir/MiniOzoneClusterImpl-3830d8fa-b618-494a-8595-70b28c2bfeb8/datanode-6/data/ratis/944cfc06-61c9-4a8a-8c0a-84b396c0afbe does not exist. Creating ...
2019-09-29 11:07:59,183 [pool-37-thread-1] INFO  server.RaftServerConfigKeys (ConfUtils.java:logGet(43)) - raft.server.rpc.timeout.min = 5s (custom)
2019-09-29 11:07:59,183 [pool-37-thread-1] INFO  server.RaftServerConfigKeys (ConfUtils.java:logGet(43)) - raft.server.rpc.timeout.max = 5200ms (custom)
2019-09-29 11:07:59,184 [pool-37-thread-1] INFO  server.RaftServerConfigKeys (ConfUtils.java:logGet(43)) - raft.server.rpcslowness.timeout = 120s (custom)
2019-09-29 11:07:59,184 [pool-37-thread-1] INFO  server.RaftServerConfigKeys (ConfUtils.java:logGet(43)) - raft.server.sleep.deviation.threshold = 300 (default)
2019-09-29 11:07:59,184 [pool-37-thread-1] INFO  server.RaftServerConfigKeys (ConfUtils.java:logGet(43)) - raft.server.log.appender.install.snapshot.enabled = false (custom)
2019-09-29 11:07:59,184 [pool-37-thread-1] INFO  impl.RaftServerImpl (ServerState.java:<init>(103)) - 32d50e58-0e8b-44bb-a013-d28b85576746@group-84B396C0AFBE: ConfigurationManager, init=-1: [97806d94-bf03-4162-88de-2912f25217ae:192.168.30.19:33042, 32d50e58-0e8b-44bb-a013-d28b85576746:192.168.30.19:35526, 17e09b0e-7256-45e4-9e35-05f1f47ae986:192.168.30.19:35975], old=null, confs=<EMPTY_MAP>
2019-09-29 11:07:59,184 [pool-37-thread-1] INFO  server.RaftServerConfigKeys (ConfUtils.java:logGet(43)) - raft.server.storage.dir = [/workdir/hadoop-ozone/integration-test/target/test-dir/MiniOzoneClusterImpl-3830d8fa-b618-494a-8595-70b28c2bfeb8/datanode-1/data/ratis] (custom)
2019-09-29 11:07:59,185 [pool-37-thread-1] INFO  storage.RaftStorageDirectory (RaftStorageDirectory.java:analyzeStorage(246)) - The storage directory /workdir/hadoop-ozone/integration-test/target/test-dir/MiniOzoneClusterImpl-3830d8fa-b618-494a-8595-70b28c2bfeb8/datanode-1/data/ratis/944cfc06-61c9-4a8a-8c0a-84b396c0afbe does not exist. Creating ...
2019-09-29 11:07:59,204 [pool-77-thread-1] INFO  storage.RaftStorageDirectory (RaftStorageDirectory.java:tryLock(328)) - Lock on /workdir/hadoop-ozone/integration-test/target/test-dir/MiniOzoneClusterImpl-3830d8fa-b618-494a-8595-70b28c2bfeb8/datanode-5/data/ratis/944cfc06-61c9-4a8a-8c0a-84b396c0afbe/in_use.lock acquired by nodename 9669@pr-hdds-1569-lsfh5-224679870
2019-09-29 11:07:59,204 [pool-87-thread-1] INFO  storage.RaftStorageDirectory (RaftStorageDirectory.java:tryLock(328)) - Lock on /workdir/hadoop-ozone/integration-test/target/test-dir/MiniOzoneClusterImpl-3830d8fa-b618-494a-8595-70b28c2bfeb8/datanode-6/data/ratis/944cfc06-61c9-4a8a-8c0a-84b396c0afbe/in_use.lock acquired by nodename 9669@pr-hdds-1569-lsfh5-224679870
2019-09-29 11:07:59,204 [pool-37-thread-1] INFO  storage.RaftStorageDirectory (RaftStorageDirectory.java:tryLock(328)) - Lock on /workdir/hadoop-ozone/integration-test/target/test-dir/MiniOzoneClusterImpl-3830d8fa-b618-494a-8595-70b28c2bfeb8/datanode-1/data/ratis/944cfc06-61c9-4a8a-8c0a-84b396c0afbe/in_use.lock acquired by nodename 9669@pr-hdds-1569-lsfh5-224679870
2019-09-29 11:07:59,230 [pool-77-thread-1] INFO  storage.RaftStorage (RaftStorage.java:format(72)) - Storage directory /workdir/hadoop-ozone/integration-test/target/test-dir/MiniOzoneClusterImpl-3830d8fa-b618-494a-8595-70b28c2bfeb8/datanode-5/data/ratis/944cfc06-61c9-4a8a-8c0a-84b396c0afbe has been successfully formatted.
2019-09-29 11:07:59,230 [pool-87-thread-1] INFO  storage.RaftStorage (RaftStorage.java:format(72)) - Storage directory /workdir/hadoop-ozone/integration-test/target/test-dir/MiniOzoneClusterImpl-3830d8fa-b618-494a-8595-70b28c2bfeb8/datanode-6/data/ratis/944cfc06-61c9-4a8a-8c0a-84b396c0afbe has been successfully formatted.
2019-09-29 11:07:59,230 [pool-37-thread-1] INFO  storage.RaftStorage (RaftStorage.java:format(72)) - Storage directory /workdir/hadoop-ozone/integration-test/target/test-dir/MiniOzoneClusterImpl-3830d8fa-b618-494a-8595-70b28c2bfeb8/datanode-1/data/ratis/944cfc06-61c9-4a8a-8c0a-84b396c0afbe has been successfully formatted.
2019-09-29 11:07:59,230 [pool-77-thread-1] INFO  ratis.ContainerStateMachine (ContainerStateMachine.java:loadSnapshot(230)) - group-84B396C0AFBE: The snapshot info is null. Setting the last applied indexto:(t:0, i:~)
2019-09-29 11:07:59,230 [pool-37-thread-1] INFO  ratis.ContainerStateMachine (ContainerStateMachine.java:loadSnapshot(230)) - group-84B396C0AFBE: The snapshot info is null. Setting the last applied indexto:(t:0, i:~)
2019-09-29 11:07:59,230 [pool-87-thread-1] INFO  ratis.ContainerStateMachine (ContainerStateMachine.java:loadSnapshot(230)) - group-84B396C0AFBE: The snapshot info is null. Setting the last applied indexto:(t:0, i:~)
2019-09-29 11:07:59,230 [pool-77-thread-1] INFO  server.RaftServerConfigKeys (ConfUtils.java:logGet(43)) - raft.server.notification.no-leader.timeout = 120s (custom)
2019-09-29 11:07:59,231 [pool-87-thread-1] INFO  server.RaftServerConfigKeys (ConfUtils.java:logGet(43)) - raft.server.notification.no-leader.timeout = 120s (custom)
2019-09-29 11:07:59,231 [pool-37-thread-1] INFO  server.RaftServerConfigKeys (ConfUtils.java:logGet(43)) - raft.server.notification.no-leader.timeout = 120s (custom)
2019-09-29 11:07:59,231 [pool-87-thread-1] INFO  server.RaftServerConfigKeys (ConfUtils.java:logGet(43)) - raft.server.log.use.memory = false (default)
2019-09-29 11:07:59,231 [pool-77-thread-1] INFO  server.RaftServerConfigKeys (ConfUtils.java:logGet(43)) - raft.server.log.use.memory = false (default)
2019-09-29 11:07:59,231 [pool-87-thread-1] INFO  server.RaftServerConfigKeys (ConfUtils.java:logGet(43)) - raft.server.log.purge.gap = 1000000 (custom)
2019-09-29 11:07:59,231 [pool-37-thread-1] INFO  server.RaftServerConfigKeys (ConfUtils.java:logGet(43)) - raft.server.log.use.memory = false (default)
2019-09-29 11:07:59,232 [pool-87-thread-1] INFO  server.RaftServerConfigKeys (ConfUtils.java:logGet(43)) - raft.server.log.appender.buffer.byte-limit = 33554432 (custom)
2019-09-29 11:07:59,232 [pool-77-thread-1] INFO  server.RaftServerConfigKeys (ConfUtils.java:logGet(43)) - raft.server.log.purge.gap = 1000000 (custom)
2019-09-29 11:07:59,232 [pool-87-thread-1] INFO  server.RaftServerConfigKeys (ConfUtils.java:logGet(43)) - raft.server.log.segment.size.max = 1048576 (custom)
2019-09-29 11:07:59,232 [pool-37-thread-1] INFO  server.RaftServerConfigKeys (ConfUtils.java:logGet(43)) - raft.server.log.purge.gap = 1000000 (custom)
2019-09-29 11:07:59,232 [pool-87-thread-1] INFO  server.RaftServerConfigKeys (ConfUtils.java:logGet(43)) - raft.server.log.segment.cache.num.max = 2 (custom)
2019-09-29 11:07:59,232 [pool-77-thread-1] INFO  server.RaftServerConfigKeys (ConfUtils.java:logGet(43)) - raft.server.log.appender.buffer.byte-limit = 33554432 (custom)
2019-09-29 11:07:59,233 [pool-87-thread-1] INFO  segmented.SegmentedRaftLogWorker (SegmentedRaftLogWorker.java:<init>(172)) - new 17e09b0e-7256-45e4-9e35-05f1f47ae986@group-84B396C0AFBE-SegmentedRaftLogWorker for RaftStorage:Storage Directory /workdir/hadoop-ozone/integration-test/target/test-dir/MiniOzoneClusterImpl-3830d8fa-b618-494a-8595-70b28c2bfeb8/datanode-6/data/ratis/944cfc06-61c9-4a8a-8c0a-84b396c0afbe
2019-09-29 11:07:59,233 [pool-37-thread-1] INFO  server.RaftServerConfigKeys (ConfUtils.java:logGet(43)) - raft.server.log.appender.buffer.byte-limit = 33554432 (custom)
2019-09-29 11:07:59,233 [pool-87-thread-1] INFO  server.RaftServerConfigKeys (ConfUtils.java:logGet(43)) - raft.server.log.queue.byte-limit = 2147483647 (custom)
2019-09-29 11:07:59,233 [pool-77-thread-1] INFO  server.RaftServerConfigKeys (ConfUtils.java:logGet(43)) - raft.server.log.segment.size.max = 1048576 (custom)
2019-09-29 11:07:59,233 [pool-87-thread-1] INFO  server.RaftServerConfigKeys (ConfUtils.java:logGet(43)) - raft.server.log.queue.element-limit = 1024 (custom)
2019-09-29 11:07:59,233 [pool-37-thread-1] INFO  server.RaftServerConfigKeys (ConfUtils.java:logGet(43)) - raft.server.log.segment.size.max = 1048576 (custom)
2019-09-29 11:07:59,234 [pool-87-thread-1] INFO  server.RaftServerConfigKeys (ConfUtils.java:logGet(43)) - raft.server.log.segment.size.max = 1048576 (custom)
2019-09-29 11:07:59,233 [pool-77-thread-1] INFO  server.RaftServerConfigKeys (ConfUtils.java:logGet(43)) - raft.server.log.segment.cache.num.max = 2 (custom)
2019-09-29 11:07:59,234 [pool-87-thread-1] INFO  server.RaftServerConfigKeys (ConfUtils.java:logGet(43)) - raft.server.log.preallocated.size = 16384 (custom)
2019-09-29 11:07:59,234 [pool-37-thread-1] INFO  server.RaftServerConfigKeys (ConfUtils.java:logGet(43)) - raft.server.log.segment.cache.num.max = 2 (custom)
2019-09-29 11:07:59,234 [pool-87-thread-1] INFO  server.RaftServerConfigKeys (ConfUtils.java:logGet(43)) - raft.server.log.write.buffer.size = 33554432 (custom)
2019-09-29 11:07:59,234 [pool-77-thread-1] INFO  segmented.SegmentedRaftLogWorker (SegmentedRaftLogWorker.java:<init>(172)) - new 97806d94-bf03-4162-88de-2912f25217ae@group-84B396C0AFBE-SegmentedRaftLogWorker for RaftStorage:Storage Directory /workdir/hadoop-ozone/integration-test/target/test-dir/MiniOzoneClusterImpl-3830d8fa-b618-494a-8595-70b28c2bfeb8/datanode-5/data/ratis/944cfc06-61c9-4a8a-8c0a-84b396c0afbe
2019-09-29 11:07:59,235 [pool-87-thread-1] INFO  server.RaftServerConfigKeys (ConfUtils.java:logGet(43)) - raft.server.log.force.sync.num = 128 (default)
2019-09-29 11:07:59,234 [pool-37-thread-1] INFO  segmented.SegmentedRaftLogWorker (SegmentedRaftLogWorker.java:<init>(172)) - new 32d50e58-0e8b-44bb-a013-d28b85576746@group-84B396C0AFBE-SegmentedRaftLogWorker for RaftStorage:Storage Directory /workdir/hadoop-ozone/integration-test/target/test-dir/MiniOzoneClusterImpl-3830d8fa-b618-494a-8595-70b28c2bfeb8/datanode-1/data/ratis/944cfc06-61c9-4a8a-8c0a-84b396c0afbe
2019-09-29 11:07:59,235 [pool-87-thread-1] INFO  server.RaftServerConfigKeys (ConfUtils.java:logGet(43)) - raft.server.log.statemachine.data.sync = true (default)
2019-09-29 11:07:59,235 [pool-77-thread-1] INFO  server.RaftServerConfigKeys (ConfUtils.java:logGet(43)) - raft.server.log.queue.byte-limit = 2147483647 (custom)
2019-09-29 11:07:59,235 [pool-87-thread-1] INFO  server.RaftServerConfigKeys (ConfUtils.java:logGet(43)) - raft.server.log.statemachine.data.sync.timeout = 10s (default)
2019-09-29 11:07:59,235 [pool-37-thread-1] INFO  server.RaftServerConfigKeys (ConfUtils.java:logGet(43)) - raft.server.log.queue.byte-limit = 2147483647 (custom)
2019-09-29 11:07:59,236 [pool-87-thread-1] INFO  server.RaftServerConfigKeys (ConfUtils.java:logGet(43)) - raft.server.log.statemachine.data.sync.timeout.retry = -1 (default)
2019-09-29 11:07:59,235 [pool-77-thread-1] INFO  server.RaftServerConfigKeys (ConfUtils.java:logGet(43)) - raft.server.log.queue.element-limit = 1024 (custom)
2019-09-29 11:07:59,236 [pool-37-thread-1] INFO  server.RaftServerConfigKeys (ConfUtils.java:logGet(43)) - raft.server.log.queue.element-limit = 1024 (custom)
2019-09-29 11:07:59,236 [pool-87-thread-1] INFO  server.RaftServerConfigKeys (ConfUtils.java:logGet(43)) - raft.server.log.statemachine.data.caching.enabled = true (custom)
2019-09-29 11:07:59,236 [pool-77-thread-1] INFO  server.RaftServerConfigKeys (ConfUtils.java:logGet(43)) - raft.server.log.segment.size.max = 1048576 (custom)
2019-09-29 11:07:59,236 [pool-37-thread-1] INFO  server.RaftServerConfigKeys (ConfUtils.java:logGet(43)) - raft.server.log.segment.size.max = 1048576 (custom)
2019-09-29 11:07:59,236 [pool-77-thread-1] INFO  server.RaftServerConfigKeys (ConfUtils.java:logGet(43)) - raft.server.log.preallocated.size = 16384 (custom)
2019-09-29 11:07:59,237 [pool-37-thread-1] INFO  server.RaftServerConfigKeys (ConfUtils.java:logGet(43)) - raft.server.log.preallocated.size = 16384 (custom)
2019-09-29 11:07:59,237 [pool-87-thread-1] INFO  segmented.SegmentedRaftLogWorker (SegmentedRaftLogWorker.java:lambda$new$0(132)) - 17e09b0e-7256-45e4-9e35-05f1f47ae986@group-84B396C0AFBE-SegmentedRaftLogWorker: flushIndex: setUnconditionally 0 -> -1
2019-09-29 11:07:59,237 [pool-37-thread-1] INFO  server.RaftServerConfigKeys (ConfUtils.java:logGet(43)) - raft.server.log.write.buffer.size = 33554432 (custom)
2019-09-29 11:07:59,237 [pool-77-thread-1] INFO  server.RaftServerConfigKeys (ConfUtils.java:logGet(43)) - raft.server.log.write.buffer.size = 33554432 (custom)
2019-09-29 11:07:59,239 [pool-37-thread-1] INFO  server.RaftServerConfigKeys (ConfUtils.java:logGet(43)) - raft.server.log.force.sync.num = 128 (default)
2019-09-29 11:07:59,239 [pool-87-thread-1] INFO  server.RaftServerConfigKeys (ConfUtils.java:logGet(43)) - raft.server.snapshot.auto.trigger.enabled = true (custom)
2019-09-29 11:07:59,239 [pool-77-thread-1] INFO  server.RaftServerConfigKeys (ConfUtils.java:logGet(43)) - raft.server.log.force.sync.num = 128 (default)
2019-09-29 11:07:59,240 [pool-87-thread-1] INFO  server.RaftServerConfigKeys (ConfUtils.java:logGet(43)) - raft.server.snapshot.auto.trigger.threshold = 10000 (custom)
2019-09-29 11:07:59,240 [pool-87-thread-1] INFO  server.RaftServerConfigKeys (ConfUtils.java:logGet(43)) - raft.server.snapshot.retention.num.files = 5 (custom)
2019-09-29 11:07:59,239 [pool-37-thread-1] INFO  server.RaftServerConfigKeys (ConfUtils.java:logGet(43)) - raft.server.log.statemachine.data.sync = true (default)
2019-09-29 11:07:59,240 [pool-87-thread-1] INFO  server.RaftServerConfigKeys (ConfUtils.java:logGet(43)) - raft.server.retrycache.expirytime = 600000ms (custom)
2019-09-29 11:07:59,240 [pool-77-thread-1] INFO  server.RaftServerConfigKeys (ConfUtils.java:logGet(43)) - raft.server.log.statemachine.data.sync = true (default)
2019-09-29 11:07:59,240 [pool-37-thread-1] INFO  server.RaftServerConfigKeys (ConfUtils.java:logGet(43)) - raft.server.log.statemachine.data.sync.timeout = 10s (default)
2019-09-29 11:07:59,241 [pool-77-thread-1] INFO  server.RaftServerConfigKeys (ConfUtils.java:logGet(43)) - raft.server.log.statemachine.data.sync.timeout = 10s (default)
2019-09-29 11:07:59,241 [pool-37-thread-1] INFO  server.RaftServerConfigKeys (ConfUtils.java:logGet(43)) - raft.server.log.statemachine.data.sync.timeout.retry = -1 (default)
2019-09-29 11:07:59,241 [pool-77-thread-1] INFO  server.RaftServerConfigKeys (ConfUtils.java:logGet(43)) - raft.server.log.statemachine.data.sync.timeout.retry = -1 (default)
2019-09-29 11:07:59,241 [pool-37-thread-1] INFO  server.RaftServerConfigKeys (ConfUtils.java:logGet(43)) - raft.server.log.statemachine.data.caching.enabled = true (custom)
2019-09-29 11:07:59,241 [pool-77-thread-1] INFO  server.RaftServerConfigKeys (ConfUtils.java:logGet(43)) - raft.server.log.statemachine.data.caching.enabled = true (custom)
2019-09-29 11:07:59,241 [pool-37-thread-1] INFO  segmented.SegmentedRaftLogWorker (SegmentedRaftLogWorker.java:lambda$new$0(132)) - 32d50e58-0e8b-44bb-a013-d28b85576746@group-84B396C0AFBE-SegmentedRaftLogWorker: flushIndex: setUnconditionally 0 -> -1
2019-09-29 11:07:59,241 [pool-77-thread-1] INFO  segmented.SegmentedRaftLogWorker (SegmentedRaftLogWorker.java:lambda$new$0(132)) - 97806d94-bf03-4162-88de-2912f25217ae@group-84B396C0AFBE-SegmentedRaftLogWorker: flushIndex: setUnconditionally 0 -> -1
2019-09-29 11:07:59,242 [pool-37-thread-1] INFO  server.RaftServerConfigKeys (ConfUtils.java:logGet(43)) - raft.server.snapshot.auto.trigger.enabled = true (custom)
2019-09-29 11:07:59,242 [pool-77-thread-1] INFO  server.RaftServerConfigKeys (ConfUtils.java:logGet(43)) - raft.server.snapshot.auto.trigger.enabled = true (custom)
2019-09-29 11:07:59,242 [pool-37-thread-1] INFO  server.RaftServerConfigKeys (ConfUtils.java:logGet(43)) - raft.server.snapshot.auto.trigger.threshold = 10000 (custom)
2019-09-29 11:07:59,242 [pool-77-thread-1] INFO  server.RaftServerConfigKeys (ConfUtils.java:logGet(43)) - raft.server.snapshot.auto.trigger.threshold = 10000 (custom)
2019-09-29 11:07:59,242 [pool-37-thread-1] INFO  server.RaftServerConfigKeys (ConfUtils.java:logGet(43)) - raft.server.snapshot.retention.num.files = 5 (custom)
2019-09-29 11:07:59,242 [pool-77-thread-1] INFO  server.RaftServerConfigKeys (ConfUtils.java:logGet(43)) - raft.server.snapshot.retention.num.files = 5 (custom)
2019-09-29 11:07:59,243 [pool-37-thread-1] INFO  server.RaftServerConfigKeys (ConfUtils.java:logGet(43)) - raft.server.retrycache.expirytime = 600000ms (custom)
2019-09-29 11:07:59,243 [pool-77-thread-1] INFO  server.RaftServerConfigKeys (ConfUtils.java:logGet(43)) - raft.server.retrycache.expirytime = 600000ms (custom)
2019-09-29 11:07:59,244 [pool-87-thread-1] INFO  impl.RaftServerImpl (RaftServerImpl.java:start(185)) - 17e09b0e-7256-45e4-9e35-05f1f47ae986@group-84B396C0AFBE: start as a follower, conf=-1: [97806d94-bf03-4162-88de-2912f25217ae:192.168.30.19:33042, 32d50e58-0e8b-44bb-a013-d28b85576746:192.168.30.19:35526, 17e09b0e-7256-45e4-9e35-05f1f47ae986:192.168.30.19:35975], old=null
2019-09-29 11:07:59,245 [pool-87-thread-1] INFO  impl.RaftServerImpl (RaftServerImpl.java:setRole(174)) - 17e09b0e-7256-45e4-9e35-05f1f47ae986@group-84B396C0AFBE: changes role from      null to FOLLOWER at term 0 for startAsFollower
2019-09-29 11:07:59,245 [pool-87-thread-1] INFO  impl.RoleInfo (RoleInfo.java:updateAndGet(143)) - 17e09b0e-7256-45e4-9e35-05f1f47ae986: start FollowerState
2019-09-29 11:07:59,247 [pool-87-thread-1] INFO  util.JmxRegister (JmxRegister.java:tryRegister(44)) - Successfully registered JMX Bean with object name Ratis:service=RaftServer,group=group-84B396C0AFBE,id=17e09b0e-7256-45e4-9e35-05f1f47ae986
2019-09-29 11:07:59,248 [pool-77-thread-1] INFO  impl.RaftServerImpl (RaftServerImpl.java:start(185)) - 97806d94-bf03-4162-88de-2912f25217ae@group-84B396C0AFBE: start as a follower, conf=-1: [97806d94-bf03-4162-88de-2912f25217ae:192.168.30.19:33042, 32d50e58-0e8b-44bb-a013-d28b85576746:192.168.30.19:35526, 17e09b0e-7256-45e4-9e35-05f1f47ae986:192.168.30.19:35975], old=null
2019-09-29 11:07:59,248 [pool-77-thread-1] INFO  impl.RaftServerImpl (RaftServerImpl.java:setRole(174)) - 97806d94-bf03-4162-88de-2912f25217ae@group-84B396C0AFBE: changes role from      null to FOLLOWER at term 0 for startAsFollower
2019-09-29 11:07:59,248 [pool-77-thread-1] INFO  impl.RoleInfo (RoleInfo.java:updateAndGet(143)) - 97806d94-bf03-4162-88de-2912f25217ae: start FollowerState
2019-09-29 11:07:59,248 [pool-37-thread-1] INFO  impl.RaftServerImpl (RaftServerImpl.java:start(185)) - 32d50e58-0e8b-44bb-a013-d28b85576746@group-84B396C0AFBE: start as a follower, conf=-1: [97806d94-bf03-4162-88de-2912f25217ae:192.168.30.19:33042, 32d50e58-0e8b-44bb-a013-d28b85576746:192.168.30.19:35526, 17e09b0e-7256-45e4-9e35-05f1f47ae986:192.168.30.19:35975], old=null
2019-09-29 11:07:59,248 [pool-77-thread-1] INFO  util.JmxRegister (JmxRegister.java:tryRegister(44)) - Successfully registered JMX Bean with object name Ratis:service=RaftServer,group=group-84B396C0AFBE,id=97806d94-bf03-4162-88de-2912f25217ae
2019-09-29 11:07:59,249 [pool-37-thread-1] INFO  impl.RaftServerImpl (RaftServerImpl.java:setRole(174)) - 32d50e58-0e8b-44bb-a013-d28b85576746@group-84B396C0AFBE: changes role from      null to FOLLOWER at term 0 for startAsFollower
2019-09-29 11:07:59,249 [pool-37-thread-1] INFO  impl.RoleInfo (RoleInfo.java:updateAndGet(143)) - 32d50e58-0e8b-44bb-a013-d28b85576746: start FollowerState
2019-09-29 11:07:59,249 [pool-37-thread-1] INFO  util.JmxRegister (JmxRegister.java:tryRegister(44)) - Successfully registered JMX Bean with object name Ratis:service=RaftServer,group=group-84B396C0AFBE,id=32d50e58-0e8b-44bb-a013-d28b85576746
2019-09-29 11:07:59,274 [RatisPipelineUtilsThread] INFO  pipeline.PipelineStateManager (PipelineStateManager.java:addPipeline(56)) - Created pipeline Pipeline[ Id: 944cfc06-61c9-4a8a-8c0a-84b396c0afbe, Nodes: 32d50e58-0e8b-44bb-a013-d28b85576746{ip: 192.168.30.19, host: pr-hdds-1569-lsfh5-224679870, networkLocation: /default-rack, certSerialId: null}97806d94-bf03-4162-88de-2912f25217ae{ip: 192.168.30.19, host: pr-hdds-1569-lsfh5-224679870, networkLocation: /default-rack, certSerialId: null}17e09b0e-7256-45e4-9e35-05f1f47ae986{ip: 192.168.30.19, host: pr-hdds-1569-lsfh5-224679870, networkLocation: /default-rack, certSerialId: null}, Type:RATIS, Factor:THREE, State:OPEN]
2019-09-29 11:07:59,294 [grpc-default-executor-1] INFO  impl.RaftServerProxy (RaftServerProxy.java:addNew(89)) - 17e09b0e-7256-45e4-9e35-05f1f47ae986: addNew group-2720C30680E1:[97806d94-bf03-4162-88de-2912f25217ae:192.168.30.19:33042, 17e09b0e-7256-45e4-9e35-05f1f47ae986:192.168.30.19:35975, 32d50e58-0e8b-44bb-a013-d28b85576746:192.168.30.19:35526] returns group-2720C30680E1:java.util.concurrent.CompletableFuture@6a3729cb[Not completed]
2019-09-29 11:07:59,294 [grpc-default-executor-0] INFO  impl.RaftServerProxy (RaftServerProxy.java:addNew(89)) - 97806d94-bf03-4162-88de-2912f25217ae: addNew group-2720C30680E1:[97806d94-bf03-4162-88de-2912f25217ae:192.168.30.19:33042, 17e09b0e-7256-45e4-9e35-05f1f47ae986:192.168.30.19:35975, 32d50e58-0e8b-44bb-a013-d28b85576746:192.168.30.19:35526] returns group-2720C30680E1:java.util.concurrent.CompletableFuture@207d7fb4[Not completed]
2019-09-29 11:07:59,299 [pool-77-thread-1] INFO  impl.RaftServerImpl (RaftServerImpl.java:<init>(95)) - 97806d94-bf03-4162-88de-2912f25217ae: new RaftServerImpl for group-2720C30680E1:[97806d94-bf03-4162-88de-2912f25217ae:192.168.30.19:33042, 17e09b0e-7256-45e4-9e35-05f1f47ae986:192.168.30.19:35975, 32d50e58-0e8b-44bb-a013-d28b85576746:192.168.30.19:35526] with ContainerStateMachine:uninitialized
2019-09-29 11:07:59,299 [pool-77-thread-1] INFO  server.RaftServerConfigKeys (ConfUtils.java:logGet(43)) - raft.server.rpc.timeout.min = 5s (custom)
2019-09-29 11:07:59,299 [pool-77-thread-1] INFO  server.RaftServerConfigKeys (ConfUtils.java:logGet(43)) - raft.server.rpc.timeout.max = 5200ms (custom)
2019-09-29 11:07:59,300 [pool-77-thread-1] INFO  server.RaftServerConfigKeys (ConfUtils.java:logGet(43)) - raft.server.rpcslowness.timeout = 120s (custom)
2019-09-29 11:07:59,300 [grpc-default-executor-0] INFO  impl.RaftServerProxy (RaftServerProxy.java:addNew(89)) - 32d50e58-0e8b-44bb-a013-d28b85576746: addNew group-2720C30680E1:[97806d94-bf03-4162-88de-2912f25217ae:192.168.30.19:33042, 17e09b0e-7256-45e4-9e35-05f1f47ae986:192.168.30.19:35975, 32d50e58-0e8b-44bb-a013-d28b85576746:192.168.30.19:35526] returns group-2720C30680E1:java.util.concurrent.CompletableFuture@54235905[Not completed]
2019-09-29 11:07:59,300 [pool-77-thread-1] INFO  server.RaftServerConfigKeys (ConfUtils.java:logGet(43)) - raft.server.sleep.deviation.threshold = 300 (default)
2019-09-29 11:07:59,300 [pool-77-thread-1] INFO  server.RaftServerConfigKeys (ConfUtils.java:logGet(43)) - raft.server.log.appender.install.snapshot.enabled = false (custom)
2019-09-29 11:07:59,300 [pool-77-thread-1] INFO  impl.RaftServerImpl (ServerState.java:<init>(103)) - 97806d94-bf03-4162-88de-2912f25217ae@group-2720C30680E1: ConfigurationManager, init=-1: [97806d94-bf03-4162-88de-2912f25217ae:192.168.30.19:33042, 17e09b0e-7256-45e4-9e35-05f1f47ae986:192.168.30.19:35975, 32d50e58-0e8b-44bb-a013-d28b85576746:192.168.30.19:35526], old=null, confs=<EMPTY_MAP>
2019-09-29 11:07:59,300 [pool-77-thread-1] INFO  server.RaftServerConfigKeys (ConfUtils.java:logGet(43)) - raft.server.storage.dir = [/workdir/hadoop-ozone/integration-test/target/test-dir/MiniOzoneClusterImpl-3830d8fa-b618-494a-8595-70b28c2bfeb8/datanode-5/data/ratis] (custom)
2019-09-29 11:07:59,300 [pool-77-thread-1] INFO  storage.RaftStorageDirectory (RaftStorageDirectory.java:analyzeStorage(246)) - The storage directory /workdir/hadoop-ozone/integration-test/target/test-dir/MiniOzoneClusterImpl-3830d8fa-b618-494a-8595-70b28c2bfeb8/datanode-5/data/ratis/64d0e86d-846c-4159-9cf8-2720c30680e1 does not exist. Creating ...
2019-09-29 11:07:59,301 [pool-87-thread-1] INFO  impl.RaftServerImpl (RaftServerImpl.java:<init>(95)) - 17e09b0e-7256-45e4-9e35-05f1f47ae986: new RaftServerImpl for group-2720C30680E1:[97806d94-bf03-4162-88de-2912f25217ae:192.168.30.19:33042, 17e09b0e-7256-45e4-9e35-05f1f47ae986:192.168.30.19:35975, 32d50e58-0e8b-44bb-a013-d28b85576746:192.168.30.19:35526] with ContainerStateMachine:uninitialized
2019-09-29 11:07:59,301 [pool-87-thread-1] INFO  server.RaftServerConfigKeys (ConfUtils.java:logGet(43)) - raft.server.rpc.timeout.min = 5s (custom)
2019-09-29 11:07:59,301 [pool-87-thread-1] INFO  server.RaftServerConfigKeys (ConfUtils.java:logGet(43)) - raft.server.rpc.timeout.max = 5200ms (custom)
2019-09-29 11:07:59,301 [pool-87-thread-1] INFO  server.RaftServerConfigKeys (ConfUtils.java:logGet(43)) - raft.server.rpcslowness.timeout = 120s (custom)
2019-09-29 11:07:59,302 [pool-87-thread-1] INFO  server.RaftServerConfigKeys (ConfUtils.java:logGet(43)) - raft.server.sleep.deviation.threshold = 300 (default)
2019-09-29 11:07:59,302 [pool-87-thread-1] INFO  server.RaftServerConfigKeys (ConfUtils.java:logGet(43)) - raft.server.log.appender.install.snapshot.enabled = false (custom)
2019-09-29 11:07:59,302 [pool-37-thread-1] INFO  impl.RaftServerImpl (RaftServerImpl.java:<init>(95)) - 32d50e58-0e8b-44bb-a013-d28b85576746: new RaftServerImpl for group-2720C30680E1:[97806d94-bf03-4162-88de-2912f25217ae:192.168.30.19:33042, 17e09b0e-7256-45e4-9e35-05f1f47ae986:192.168.30.19:35975, 32d50e58-0e8b-44bb-a013-d28b85576746:192.168.30.19:35526] with ContainerStateMachine:uninitialized
2019-09-29 11:07:59,302 [pool-87-thread-1] INFO  impl.RaftServerImpl (ServerState.java:<init>(103)) - 17e09b0e-7256-45e4-9e35-05f1f47ae986@group-2720C30680E1: ConfigurationManager, init=-1: [97806d94-bf03-4162-88de-2912f25217ae:192.168.30.19:33042, 17e09b0e-7256-45e4-9e35-05f1f47ae986:192.168.30.19:35975, 32d50e58-0e8b-44bb-a013-d28b85576746:192.168.30.19:35526], old=null, confs=<EMPTY_MAP>
2019-09-29 11:07:59,302 [pool-37-thread-1] INFO  server.RaftServerConfigKeys (ConfUtils.java:logGet(43)) - raft.server.rpc.timeout.min = 5s (custom)
2019-09-29 11:07:59,302 [pool-87-thread-1] INFO  server.RaftServerConfigKeys (ConfUtils.java:logGet(43)) - raft.server.storage.dir = [/workdir/hadoop-ozone/integration-test/target/test-dir/MiniOzoneClusterImpl-3830d8fa-b618-494a-8595-70b28c2bfeb8/datanode-6/data/ratis] (custom)
2019-09-29 11:07:59,302 [pool-37-thread-1] INFO  server.RaftServerConfigKeys (ConfUtils.java:logGet(43)) - raft.server.rpc.timeout.max = 5200ms (custom)
2019-09-29 11:07:59,303 [pool-37-thread-1] INFO  server.RaftServerConfigKeys (ConfUtils.java:logGet(43)) - raft.server.rpcslowness.timeout = 120s (custom)
2019-09-29 11:07:59,303 [pool-87-thread-1] INFO  storage.RaftStorageDirectory (RaftStorageDirectory.java:analyzeStorage(246)) - The storage directory /workdir/hadoop-ozone/integration-test/target/test-dir/MiniOzoneClusterImpl-3830d8fa-b618-494a-8595-70b28c2bfeb8/datanode-6/data/ratis/64d0e86d-846c-4159-9cf8-2720c30680e1 does not exist. Creating ...
2019-09-29 11:07:59,303 [pool-37-thread-1] INFO  server.RaftServerConfigKeys (ConfUtils.java:logGet(43)) - raft.server.sleep.deviation.threshold = 300 (default)
2019-09-29 11:07:59,303 [pool-37-thread-1] INFO  server.RaftServerConfigKeys (ConfUtils.java:logGet(43)) - raft.server.log.appender.install.snapshot.enabled = false (custom)
2019-09-29 11:07:59,303 [pool-37-thread-1] INFO  impl.RaftServerImpl (ServerState.java:<init>(103)) - 32d50e58-0e8b-44bb-a013-d28b85576746@group-2720C30680E1: ConfigurationManager, init=-1: [97806d94-bf03-4162-88de-2912f25217ae:192.168.30.19:33042, 17e09b0e-7256-45e4-9e35-05f1f47ae986:192.168.30.19:35975, 32d50e58-0e8b-44bb-a013-d28b85576746:192.168.30.19:35526], old=null, confs=<EMPTY_MAP>
2019-09-29 11:07:59,304 [pool-37-thread-1] INFO  server.RaftServerConfigKeys (ConfUtils.java:logGet(43)) - raft.server.storage.dir = [/workdir/hadoop-ozone/integration-test/target/test-dir/MiniOzoneClusterImpl-3830d8fa-b618-494a-8595-70b28c2bfeb8/datanode-1/data/ratis] (custom)
2019-09-29 11:07:59,304 [pool-37-thread-1] INFO  storage.RaftStorageDirectory (RaftStorageDirectory.java:analyzeStorage(246)) - The storage directory /workdir/hadoop-ozone/integration-test/target/test-dir/MiniOzoneClusterImpl-3830d8fa-b618-494a-8595-70b28c2bfeb8/datanode-1/data/ratis/64d0e86d-846c-4159-9cf8-2720c30680e1 does not exist. Creating ...
2019-09-29 11:07:59,331 [pool-77-thread-1] INFO  storage.RaftStorageDirectory (RaftStorageDirectory.java:tryLock(328)) - Lock on /workdir/hadoop-ozone/integration-test/target/test-dir/MiniOzoneClusterImpl-3830d8fa-b618-494a-8595-70b28c2bfeb8/datanode-5/data/ratis/64d0e86d-846c-4159-9cf8-2720c30680e1/in_use.lock acquired by nodename 9669@pr-hdds-1569-lsfh5-224679870
2019-09-29 11:07:59,331 [pool-37-thread-1] INFO  storage.RaftStorageDirectory (RaftStorageDirectory.java:tryLock(328)) - Lock on /workdir/hadoop-ozone/integration-test/target/test-dir/MiniOzoneClusterImpl-3830d8fa-b618-494a-8595-70b28c2bfeb8/datanode-1/data/ratis/64d0e86d-846c-4159-9cf8-2720c30680e1/in_use.lock acquired by nodename 9669@pr-hdds-1569-lsfh5-224679870
2019-09-29 11:07:59,331 [pool-87-thread-1] INFO  storage.RaftStorageDirectory (RaftStorageDirectory.java:tryLock(328)) - Lock on /workdir/hadoop-ozone/integration-test/target/test-dir/MiniOzoneClusterImpl-3830d8fa-b618-494a-8595-70b28c2bfeb8/datanode-6/data/ratis/64d0e86d-846c-4159-9cf8-2720c30680e1/in_use.lock acquired by nodename 9669@pr-hdds-1569-lsfh5-224679870
2019-09-29 11:07:59,358 [pool-87-thread-1] INFO  storage.RaftStorage (RaftStorage.java:format(72)) - Storage directory /workdir/hadoop-ozone/integration-test/target/test-dir/MiniOzoneClusterImpl-3830d8fa-b618-494a-8595-70b28c2bfeb8/datanode-6/data/ratis/64d0e86d-846c-4159-9cf8-2720c30680e1 has been successfully formatted.
2019-09-29 11:07:59,358 [pool-37-thread-1] INFO  storage.RaftStorage (RaftStorage.java:format(72)) - Storage directory /workdir/hadoop-ozone/integration-test/target/test-dir/MiniOzoneClusterImpl-3830d8fa-b618-494a-8595-70b28c2bfeb8/datanode-1/data/ratis/64d0e86d-846c-4159-9cf8-2720c30680e1 has been successfully formatted.
2019-09-29 11:07:59,358 [pool-77-thread-1] INFO  storage.RaftStorage (RaftStorage.java:format(72)) - Storage directory /workdir/hadoop-ozone/integration-test/target/test-dir/MiniOzoneClusterImpl-3830d8fa-b618-494a-8595-70b28c2bfeb8/datanode-5/data/ratis/64d0e86d-846c-4159-9cf8-2720c30680e1 has been successfully formatted.
2019-09-29 11:07:59,359 [pool-87-thread-1] INFO  ratis.ContainerStateMachine (ContainerStateMachine.java:loadSnapshot(230)) - group-2720C30680E1: The snapshot info is null. Setting the last applied indexto:(t:0, i:~)
2019-09-29 11:07:59,359 [pool-77-thread-1] INFO  ratis.ContainerStateMachine (ContainerStateMachine.java:loadSnapshot(230)) - group-2720C30680E1: The snapshot info is null. Setting the last applied indexto:(t:0, i:~)
2019-09-29 11:07:59,359 [pool-87-thread-1] INFO  server.RaftServerConfigKeys (ConfUtils.java:logGet(43)) - raft.server.notification.no-leader.timeout = 120s (custom)
2019-09-29 11:07:59,359 [pool-37-thread-1] INFO  ratis.ContainerStateMachine (ContainerStateMachine.java:loadSnapshot(230)) - group-2720C30680E1: The snapshot info is null. Setting the last applied indexto:(t:0, i:~)
2019-09-29 11:07:59,359 [pool-87-thread-1] INFO  server.RaftServerConfigKeys (ConfUtils.java:logGet(43)) - raft.server.log.use.memory = false (default)
2019-09-29 11:07:59,359 [pool-77-thread-1] INFO  server.RaftServerConfigKeys (ConfUtils.java:logGet(43)) - raft.server.notification.no-leader.timeout = 120s (custom)
2019-09-29 11:07:59,359 [pool-87-thread-1] INFO  server.RaftServerConfigKeys (ConfUtils.java:logGet(43)) - raft.server.log.purge.gap = 1000000 (custom)
2019-09-29 11:07:59,359 [pool-37-thread-1] INFO  server.RaftServerConfigKeys (ConfUtils.java:logGet(43)) - raft.server.notification.no-leader.timeout = 120s (custom)
2019-09-29 11:07:59,359 [pool-87-thread-1] INFO  server.RaftServerConfigKeys (ConfUtils.java:logGet(43)) - raft.server.log.appender.buffer.byte-limit = 33554432 (custom)
2019-09-29 11:07:59,359 [pool-77-thread-1] INFO  server.RaftServerConfigKeys (ConfUtils.java:logGet(43)) - raft.server.log.use.memory = false (default)
2019-09-29 11:07:59,360 [pool-87-thread-1] INFO  server.RaftServerConfigKeys (ConfUtils.java:logGet(43)) - raft.server.log.segment.size.max = 1048576 (custom)
2019-09-29 11:07:59,360 [pool-37-thread-1] INFO  server.RaftServerConfigKeys (ConfUtils.java:logGet(43)) - raft.server.log.use.memory = false (default)
2019-09-29 11:07:59,360 [pool-87-thread-1] INFO  server.RaftServerConfigKeys (ConfUtils.java:logGet(43)) - raft.server.log.segment.cache.num.max = 2 (custom)
2019-09-29 11:07:59,360 [pool-77-thread-1] INFO  server.RaftServerConfigKeys (ConfUtils.java:logGet(43)) - raft.server.log.purge.gap = 1000000 (custom)
2019-09-29 11:07:59,360 [pool-87-thread-1] INFO  segmented.SegmentedRaftLogWorker (SegmentedRaftLogWorker.java:<init>(172)) - new 17e09b0e-7256-45e4-9e35-05f1f47ae986@group-2720C30680E1-SegmentedRaftLogWorker for RaftStorage:Storage Directory /workdir/hadoop-ozone/integration-test/target/test-dir/MiniOzoneClusterImpl-3830d8fa-b618-494a-8595-70b28c2bfeb8/datanode-6/data/ratis/64d0e86d-846c-4159-9cf8-2720c30680e1
2019-09-29 11:07:59,360 [pool-37-thread-1] INFO  server.RaftServerConfigKeys (ConfUtils.java:logGet(43)) - raft.server.log.purge.gap = 1000000 (custom)
2019-09-29 11:07:59,360 [pool-87-thread-1] INFO  server.RaftServerConfigKeys (ConfUtils.java:logGet(43)) - raft.server.log.queue.byte-limit = 2147483647 (custom)
2019-09-29 11:07:59,360 [pool-77-thread-1] INFO  server.RaftServerConfigKeys (ConfUtils.java:logGet(43)) - raft.server.log.appender.buffer.byte-limit = 33554432 (custom)
2019-09-29 11:07:59,361 [pool-87-thread-1] INFO  server.RaftServerConfigKeys (ConfUtils.java:logGet(43)) - raft.server.log.queue.element-limit = 1024 (custom)
2019-09-29 11:07:59,361 [pool-37-thread-1] INFO  server.RaftServerConfigKeys (ConfUtils.java:logGet(43)) - raft.server.log.appender.buffer.byte-limit = 33554432 (custom)
2019-09-29 11:07:59,361 [pool-87-thread-1] INFO  server.RaftServerConfigKeys (ConfUtils.java:logGet(43)) - raft.server.log.segment.size.max = 1048576 (custom)
2019-09-29 11:07:59,361 [pool-77-thread-1] INFO  server.RaftServerConfigKeys (ConfUtils.java:logGet(43)) - raft.server.log.segment.size.max = 1048576 (custom)
2019-09-29 11:07:59,361 [pool-87-thread-1] INFO  server.RaftServerConfigKeys (ConfUtils.java:logGet(43)) - raft.server.log.preallocated.size = 16384 (custom)
2019-09-29 11:07:59,361 [pool-37-thread-1] INFO  server.RaftServerConfigKeys (ConfUtils.java:logGet(43)) - raft.server.log.segment.size.max = 1048576 (custom)
2019-09-29 11:07:59,361 [pool-87-thread-1] INFO  server.RaftServerConfigKeys (ConfUtils.java:logGet(43)) - raft.server.log.write.buffer.size = 33554432 (custom)
2019-09-29 11:07:59,361 [pool-77-thread-1] INFO  server.RaftServerConfigKeys (ConfUtils.java:logGet(43)) - raft.server.log.segment.cache.num.max = 2 (custom)
2019-09-29 11:07:59,362 [pool-87-thread-1] INFO  server.RaftServerConfigKeys (ConfUtils.java:logGet(43)) - raft.server.log.force.sync.num = 128 (default)
2019-09-29 11:07:59,361 [pool-37-thread-1] INFO  server.RaftServerConfigKeys (ConfUtils.java:logGet(43)) - raft.server.log.segment.cache.num.max = 2 (custom)
2019-09-29 11:07:59,362 [pool-87-thread-1] INFO  server.RaftServerConfigKeys (ConfUtils.java:logGet(43)) - raft.server.log.statemachine.data.sync = true (default)
2019-09-29 11:07:59,362 [pool-77-thread-1] INFO  segmented.SegmentedRaftLogWorker (SegmentedRaftLogWorker.java:<init>(172)) - new 97806d94-bf03-4162-88de-2912f25217ae@group-2720C30680E1-SegmentedRaftLogWorker for RaftStorage:Storage Directory /workdir/hadoop-ozone/integration-test/target/test-dir/MiniOzoneClusterImpl-3830d8fa-b618-494a-8595-70b28c2bfeb8/datanode-5/data/ratis/64d0e86d-846c-4159-9cf8-2720c30680e1
2019-09-29 11:07:59,362 [pool-87-thread-1] INFO  server.RaftServerConfigKeys (ConfUtils.java:logGet(43)) - raft.server.log.statemachine.data.sync.timeout = 10s (default)
2019-09-29 11:07:59,362 [pool-37-thread-1] INFO  segmented.SegmentedRaftLogWorker (SegmentedRaftLogWorker.java:<init>(172)) - new 32d50e58-0e8b-44bb-a013-d28b85576746@group-2720C30680E1-SegmentedRaftLogWorker for RaftStorage:Storage Directory /workdir/hadoop-ozone/integration-test/target/test-dir/MiniOzoneClusterImpl-3830d8fa-b618-494a-8595-70b28c2bfeb8/datanode-1/data/ratis/64d0e86d-846c-4159-9cf8-2720c30680e1
2019-09-29 11:07:59,362 [pool-87-thread-1] INFO  server.RaftServerConfigKeys (ConfUtils.java:logGet(43)) - raft.server.log.statemachine.data.sync.timeout.retry = -1 (default)
2019-09-29 11:07:59,362 [pool-77-thread-1] INFO  server.RaftServerConfigKeys (ConfUtils.java:logGet(43)) - raft.server.log.queue.byte-limit = 2147483647 (custom)
2019-09-29 11:07:59,362 [pool-37-thread-1] INFO  server.RaftServerConfigKeys (ConfUtils.java:logGet(43)) - raft.server.log.queue.byte-limit = 2147483647 (custom)
2019-09-29 11:07:59,363 [pool-87-thread-1] INFO  server.RaftServerConfigKeys (ConfUtils.java:logGet(43)) - raft.server.log.statemachine.data.caching.enabled = true (custom)
2019-09-29 11:07:59,363 [pool-77-thread-1] INFO  server.RaftServerConfigKeys (ConfUtils.java:logGet(43)) - raft.server.log.queue.element-limit = 1024 (custom)
2019-09-29 11:07:59,363 [pool-37-thread-1] INFO  server.RaftServerConfigKeys (ConfUtils.java:logGet(43)) - raft.server.log.queue.element-limit = 1024 (custom)
2019-09-29 11:07:59,363 [pool-87-thread-1] INFO  segmented.SegmentedRaftLogWorker (SegmentedRaftLogWorker.java:lambda$new$0(132)) - 17e09b0e-7256-45e4-9e35-05f1f47ae986@group-2720C30680E1-SegmentedRaftLogWorker: flushIndex: setUnconditionally 0 -> -1
2019-09-29 11:07:59,363 [pool-77-thread-1] INFO  server.RaftServerConfigKeys (ConfUtils.java:logGet(43)) - raft.server.log.segment.size.max = 1048576 (custom)
2019-09-29 11:07:59,363 [pool-77-thread-1] INFO  server.RaftServerConfigKeys (ConfUtils.java:logGet(43)) - raft.server.log.preallocated.size = 16384 (custom)
2019-09-29 11:07:59,363 [pool-37-thread-1] INFO  server.RaftServerConfigKeys (ConfUtils.java:logGet(43)) - raft.server.log.segment.size.max = 1048576 (custom)
2019-09-29 11:07:59,364 [pool-77-thread-1] INFO  server.RaftServerConfigKeys (ConfUtils.java:logGet(43)) - raft.server.log.write.buffer.size = 33554432 (custom)
2019-09-29 11:07:59,364 [pool-87-thread-1] INFO  server.RaftServerConfigKeys (ConfUtils.java:logGet(43)) - raft.server.snapshot.auto.trigger.enabled = true (custom)
2019-09-29 11:07:59,364 [pool-77-thread-1] INFO  server.RaftServerConfigKeys (ConfUtils.java:logGet(43)) - raft.server.log.force.sync.num = 128 (default)
2019-09-29 11:07:59,364 [pool-37-thread-1] INFO  server.RaftServerConfigKeys (ConfUtils.java:logGet(43)) - raft.server.log.preallocated.size = 16384 (custom)
2019-09-29 11:07:59,364 [pool-77-thread-1] INFO  server.RaftServerConfigKeys (ConfUtils.java:logGet(43)) - raft.server.log.statemachine.data.sync = true (default)
2019-09-29 11:07:59,364 [pool-87-thread-1] INFO  server.RaftServerConfigKeys (ConfUtils.java:logGet(43)) - raft.server.snapshot.auto.trigger.threshold = 10000 (custom)
2019-09-29 11:07:59,364 [pool-77-thread-1] INFO  server.RaftServerConfigKeys (ConfUtils.java:logGet(43)) - raft.server.log.statemachine.data.sync.timeout = 10s (default)
2019-09-29 11:07:59,364 [pool-37-thread-1] INFO  server.RaftServerConfigKeys (ConfUtils.java:logGet(43)) - raft.server.log.write.buffer.size = 33554432 (custom)
2019-09-29 11:07:59,365 [pool-77-thread-1] INFO  server.RaftServerConfigKeys (ConfUtils.java:logGet(43)) - raft.server.log.statemachine.data.sync.timeout.retry = -1 (default)
2019-09-29 11:07:59,365 [pool-87-thread-1] INFO  server.RaftServerConfigKeys (ConfUtils.java:logGet(43)) - raft.server.snapshot.retention.num.files = 5 (custom)
2019-09-29 11:07:59,365 [pool-37-thread-1] INFO  server.RaftServerConfigKeys (ConfUtils.java:logGet(43)) - raft.server.log.force.sync.num = 128 (default)
2019-09-29 11:07:59,365 [pool-87-thread-1] INFO  server.RaftServerConfigKeys (ConfUtils.java:logGet(43)) - raft.server.retrycache.expirytime = 600000ms (custom)
2019-09-29 11:07:59,365 [pool-77-thread-1] INFO  server.RaftServerConfigKeys (ConfUtils.java:logGet(43)) - raft.server.log.statemachine.data.caching.enabled = true (custom)
2019-09-29 11:07:59,365 [pool-37-thread-1] INFO  server.RaftServerConfigKeys (ConfUtils.java:logGet(43)) - raft.server.log.statemachine.data.sync = true (default)
2019-09-29 11:07:59,366 [pool-77-thread-1] INFO  segmented.SegmentedRaftLogWorker (SegmentedRaftLogWorker.java:lambda$new$0(132)) - 97806d94-bf03-4162-88de-2912f25217ae@group-2720C30680E1-SegmentedRaftLogWorker: flushIndex: setUnconditionally 0 -> -1
2019-09-29 11:07:59,366 [pool-37-thread-1] INFO  server.RaftServerConfigKeys (ConfUtils.java:logGet(43)) - raft.server.log.statemachine.data.sync.timeout = 10s (default)
2019-09-29 11:07:59,366 [pool-77-thread-1] INFO  server.RaftServerConfigKeys (ConfUtils.java:logGet(43)) - raft.server.snapshot.auto.trigger.enabled = true (custom)
2019-09-29 11:07:59,366 [pool-37-thread-1] INFO  server.RaftServerConfigKeys (ConfUtils.java:logGet(43)) - raft.server.log.statemachine.data.sync.timeout.retry = -1 (default)
2019-09-29 11:07:59,366 [pool-77-thread-1] INFO  server.RaftServerConfigKeys (ConfUtils.java:logGet(43)) - raft.server.snapshot.auto.trigger.threshold = 10000 (custom)
2019-09-29 11:07:59,366 [pool-77-thread-1] INFO  server.RaftServerConfigKeys (ConfUtils.java:logGet(43)) - raft.server.snapshot.retention.num.files = 5 (custom)
2019-09-29 11:07:59,366 [pool-37-thread-1] INFO  server.RaftServerConfigKeys (ConfUtils.java:logGet(43)) - raft.server.log.statemachine.data.caching.enabled = true (custom)
2019-09-29 11:07:59,366 [pool-77-thread-1] INFO  server.RaftServerConfigKeys (ConfUtils.java:logGet(43)) - raft.server.retrycache.expirytime = 600000ms (custom)
2019-09-29 11:07:59,367 [pool-37-thread-1] INFO  segmented.SegmentedRaftLogWorker (SegmentedRaftLogWorker.java:lambda$new$0(132)) - 32d50e58-0e8b-44bb-a013-d28b85576746@group-2720C30680E1-SegmentedRaftLogWorker: flushIndex: setUnconditionally 0 -> -1
2019-09-29 11:07:59,367 [pool-37-thread-1] INFO  server.RaftServerConfigKeys (ConfUtils.java:logGet(43)) - raft.server.snapshot.auto.trigger.enabled = true (custom)
2019-09-29 11:07:59,367 [pool-37-thread-1] INFO  server.RaftServerConfigKeys (ConfUtils.java:logGet(43)) - raft.server.snapshot.auto.trigger.threshold = 10000 (custom)
2019-09-29 11:07:59,368 [pool-37-thread-1] INFO  server.RaftServerConfigKeys (ConfUtils.java:logGet(43)) - raft.server.snapshot.retention.num.files = 5 (custom)
2019-09-29 11:07:59,368 [pool-37-thread-1] INFO  server.RaftServerConfigKeys (ConfUtils.java:logGet(43)) - raft.server.retrycache.expirytime = 600000ms (custom)
2019-09-29 11:07:59,368 [pool-87-thread-1] INFO  impl.RaftServerImpl (RaftServerImpl.java:start(185)) - 17e09b0e-7256-45e4-9e35-05f1f47ae986@group-2720C30680E1: start as a follower, conf=-1: [97806d94-bf03-4162-88de-2912f25217ae:192.168.30.19:33042, 17e09b0e-7256-45e4-9e35-05f1f47ae986:192.168.30.19:35975, 32d50e58-0e8b-44bb-a013-d28b85576746:192.168.30.19:35526], old=null
2019-09-29 11:07:59,368 [pool-87-thread-1] INFO  impl.RaftServerImpl (RaftServerImpl.java:setRole(174)) - 17e09b0e-7256-45e4-9e35-05f1f47ae986@group-2720C30680E1: changes role from      null to FOLLOWER at term 0 for startAsFollower
2019-09-29 11:07:59,368 [pool-87-thread-1] INFO  impl.RoleInfo (RoleInfo.java:updateAndGet(143)) - 17e09b0e-7256-45e4-9e35-05f1f47ae986: start FollowerState
2019-09-29 11:07:59,369 [pool-87-thread-1] INFO  util.JmxRegister (JmxRegister.java:tryRegister(44)) - Successfully registered JMX Bean with object name Ratis:service=RaftServer,group=group-2720C30680E1,id=17e09b0e-7256-45e4-9e35-05f1f47ae986
2019-09-29 11:07:59,369 [pool-77-thread-1] INFO  impl.RaftServerImpl (RaftServerImpl.java:start(185)) - 97806d94-bf03-4162-88de-2912f25217ae@group-2720C30680E1: start as a follower, conf=-1: [97806d94-bf03-4162-88de-2912f25217ae:192.168.30.19:33042, 17e09b0e-7256-45e4-9e35-05f1f47ae986:192.168.30.19:35975, 32d50e58-0e8b-44bb-a013-d28b85576746:192.168.30.19:35526], old=null
2019-09-29 11:07:59,369 [pool-77-thread-1] INFO  impl.RaftServerImpl (RaftServerImpl.java:setRole(174)) - 97806d94-bf03-4162-88de-2912f25217ae@group-2720C30680E1: changes role from      null to FOLLOWER at term 0 for startAsFollower
2019-09-29 11:07:59,369 [pool-77-thread-1] INFO  impl.RoleInfo (RoleInfo.java:updateAndGet(143)) - 97806d94-bf03-4162-88de-2912f25217ae: start FollowerState
2019-09-29 11:07:59,370 [pool-77-thread-1] INFO  util.JmxRegister (JmxRegister.java:tryRegister(44)) - Successfully registered JMX Bean with object name Ratis:service=RaftServer,group=group-2720C30680E1,id=97806d94-bf03-4162-88de-2912f25217ae
2019-09-29 11:07:59,373 [pool-37-thread-1] INFO  impl.RaftServerImpl (RaftServerImpl.java:start(185)) - 32d50e58-0e8b-44bb-a013-d28b85576746@group-2720C30680E1: start as a follower, conf=-1: [97806d94-bf03-4162-88de-2912f25217ae:192.168.30.19:33042, 17e09b0e-7256-45e4-9e35-05f1f47ae986:192.168.30.19:35975, 32d50e58-0e8b-44bb-a013-d28b85576746:192.168.30.19:35526], old=null
2019-09-29 11:07:59,380 [pool-37-thread-1] INFO  impl.RaftServerImpl (RaftServerImpl.java:setRole(174)) - 32d50e58-0e8b-44bb-a013-d28b85576746@group-2720C30680E1: changes role from      null to FOLLOWER at term 0 for startAsFollower
2019-09-29 11:07:59,381 [pool-37-thread-1] INFO  impl.RoleInfo (RoleInfo.java:updateAndGet(143)) - 32d50e58-0e8b-44bb-a013-d28b85576746: start FollowerState
2019-09-29 11:07:59,382 [pool-37-thread-1] INFO  util.JmxRegister (JmxRegister.java:tryRegister(44)) - Successfully registered JMX Bean with object name Ratis:service=RaftServer,group=group-2720C30680E1,id=32d50e58-0e8b-44bb-a013-d28b85576746
2019-09-29 11:07:59,389 [RatisPipelineUtilsThread] INFO  pipeline.PipelineStateManager (PipelineStateManager.java:addPipeline(56)) - Created pipeline Pipeline[ Id: 64d0e86d-846c-4159-9cf8-2720c30680e1, Nodes: 17e09b0e-7256-45e4-9e35-05f1f47ae986{ip: 192.168.30.19, host: pr-hdds-1569-lsfh5-224679870, networkLocation: /default-rack, certSerialId: null}97806d94-bf03-4162-88de-2912f25217ae{ip: 192.168.30.19, host: pr-hdds-1569-lsfh5-224679870, networkLocation: /default-rack, certSerialId: null}32d50e58-0e8b-44bb-a013-d28b85576746{ip: 192.168.30.19, host: pr-hdds-1569-lsfh5-224679870, networkLocation: /default-rack, certSerialId: null}, Type:RATIS, Factor:THREE, State:OPEN]
2019-09-29 11:07:59,531 [main] INFO  rpc.RpcClient (RpcClient.java:createVolume(276)) - Creating Volume: watchforcommithandlingtest, with jenkins1000 as owner.
2019-09-29 11:07:59,641 [IPC Server handler 15 on 42796] INFO  volume.OMVolumeCreateRequest (OMVolumeCreateRequest.java:validateAndUpdateCache(189)) - created volume:watchforcommithandlingtest for user:jenkins1000
2019-09-29 11:07:59,675 [main] INFO  rpc.RpcClient (RpcClient.java:createBucket(415)) - Creating Bucket: watchforcommithandlingtest/watchforcommithandlingtest, with Versioning false and Storage Type set to DISK and Encryption set to false 
2019-09-29 11:08:00,146 [main] INFO  ozone.MiniOzoneClusterImpl (MiniOzoneClusterImpl.java:getStorageContainerLocationClient(234)) - Creating StorageContainerLocationProtocol RPC client with address /0.0.0.0:34923
2019-09-29 11:08:00,353 [Thread-238] INFO  container.ReplicationManager (ReplicationManager.java:start(163)) - Starting Replication Monitor Thread.
2019-09-29 11:08:00,353 [main] INFO  impl.MetricsSystemImpl (MetricsSystemImpl.java:init(158)) - XceiverClientMetrics metrics system started (again)
2019-09-29 11:08:00,359 [ReplicationMonitor] INFO  container.ReplicationManager (ReplicationManager.java:run(226)) - Replication Monitor Thread took 5 milliseconds for processing 1 containers.
2019-09-29 11:08:03,228 [Thread-240] INFO  impl.FollowerState (FollowerState.java:run(106)) - 0231b0bd-9fb3-4849-a4a5-c8d03ad78392:group-28F0EED9012F changes to CANDIDATE, lastRpcTime:5105, electionTimeout:5104ms
2019-09-29 11:08:03,233 [Thread-240] INFO  impl.RoleInfo (RoleInfo.java:shutdownFollowerState(121)) - 0231b0bd-9fb3-4849-a4a5-c8d03ad78392: shutdown FollowerState
2019-09-29 11:08:03,233 [Thread-240] INFO  impl.RaftServerImpl (RaftServerImpl.java:setRole(174)) - 0231b0bd-9fb3-4849-a4a5-c8d03ad78392@group-28F0EED9012F: changes role from  FOLLOWER to CANDIDATE at term 0 for changeToCandidate
2019-09-29 11:08:03,240 [Thread-240] INFO  impl.RoleInfo (RoleInfo.java:updateAndGet(143)) - 0231b0bd-9fb3-4849-a4a5-c8d03ad78392: start LeaderElection
2019-09-29 11:08:03,268 [0231b0bd-9fb3-4849-a4a5-c8d03ad78392@group-28F0EED9012F:LeaderElection1] INFO  impl.LeaderElection (LeaderElection.java:askForVotes(182)) - 0231b0bd-9fb3-4849-a4a5-c8d03ad78392@group-28F0EED9012F:LeaderElection1: begin an election at term 1 for -1: [0231b0bd-9fb3-4849-a4a5-c8d03ad78392:192.168.30.19:39526], old=null
2019-09-29 11:08:03,270 [0231b0bd-9fb3-4849-a4a5-c8d03ad78392@group-28F0EED9012F:LeaderElection1] INFO  impl.RoleInfo (RoleInfo.java:shutdownLeaderElection(134)) - 0231b0bd-9fb3-4849-a4a5-c8d03ad78392: shutdown LeaderElection
2019-09-29 11:08:03,270 [0231b0bd-9fb3-4849-a4a5-c8d03ad78392@group-28F0EED9012F:LeaderElection1] INFO  impl.RaftServerImpl (RaftServerImpl.java:setRole(174)) - 0231b0bd-9fb3-4849-a4a5-c8d03ad78392@group-28F0EED9012F: changes role from CANDIDATE to LEADER at term 1 for changeToLeader
2019-09-29 11:08:03,270 [0231b0bd-9fb3-4849-a4a5-c8d03ad78392@group-28F0EED9012F:LeaderElection1] INFO  impl.RaftServerImpl (ServerState.java:setLeader(253)) - 0231b0bd-9fb3-4849-a4a5-c8d03ad78392@group-28F0EED9012F: change Leader from null to 0231b0bd-9fb3-4849-a4a5-c8d03ad78392 at term 1 for becomeLeader, leader elected after 5285ms
2019-09-29 11:08:03,277 [0231b0bd-9fb3-4849-a4a5-c8d03ad78392@group-28F0EED9012F:LeaderElection1] INFO  server.RaftServerConfigKeys (ConfUtils.java:logGet(43)) - raft.server.staging.catchup.gap = 1000 (default)
2019-09-29 11:08:03,277 [0231b0bd-9fb3-4849-a4a5-c8d03ad78392@group-28F0EED9012F:LeaderElection1] INFO  server.RaftServerConfigKeys (ConfUtils.java:logGet(43)) - raft.server.rpc.sleep.time = 25ms (default)
2019-09-29 11:08:03,280 [0231b0bd-9fb3-4849-a4a5-c8d03ad78392@group-28F0EED9012F:LeaderElection1] INFO  server.RaftServerConfigKeys (ConfUtils.java:logGet(43)) - raft.server.write.element-limit = 4096 (default)
2019-09-29 11:08:03,282 [0231b0bd-9fb3-4849-a4a5-c8d03ad78392@group-28F0EED9012F:LeaderElection1] INFO  server.RaftServerConfigKeys (ConfUtils.java:logGet(43)) - raft.server.watch.timeout = 10s (default)
2019-09-29 11:08:03,282 [0231b0bd-9fb3-4849-a4a5-c8d03ad78392@group-28F0EED9012F:LeaderElection1] INFO  server.RaftServerConfigKeys (ConfUtils.java:logGet(43)) - raft.server.watch.timeout.denomination = 1s (default)
2019-09-29 11:08:03,283 [0231b0bd-9fb3-4849-a4a5-c8d03ad78392@group-28F0EED9012F:LeaderElection1] INFO  server.RaftServerConfigKeys (ConfUtils.java:logGet(43)) - raft.server.watch.element-limit = 65536 (default)
2019-09-29 11:08:03,292 [0231b0bd-9fb3-4849-a4a5-c8d03ad78392@group-28F0EED9012F:LeaderElection1] INFO  impl.RoleInfo (RoleInfo.java:updateAndGet(143)) - 0231b0bd-9fb3-4849-a4a5-c8d03ad78392: start LeaderState
2019-09-29 11:08:03,312 [0231b0bd-9fb3-4849-a4a5-c8d03ad78392@group-28F0EED9012F:LeaderElection1] INFO  segmented.SegmentedRaftLogWorker (SegmentedRaftLogWorker.java:startLogSegment(380)) - 0231b0bd-9fb3-4849-a4a5-c8d03ad78392@group-28F0EED9012F-SegmentedRaftLogWorker: Starting segment from index:0
2019-09-29 11:08:03,319 [0231b0bd-9fb3-4849-a4a5-c8d03ad78392@group-28F0EED9012F:LeaderElection1] INFO  impl.RaftServerImpl (ServerState.java:setRaftConf(354)) - 0231b0bd-9fb3-4849-a4a5-c8d03ad78392@group-28F0EED9012F: set configuration 0: [0231b0bd-9fb3-4849-a4a5-c8d03ad78392:192.168.30.19:39526], old=null at 0
2019-09-29 11:08:03,493 [Thread-243] INFO  impl.FollowerState (FollowerState.java:run(106)) - 32d50e58-0e8b-44bb-a013-d28b85576746:group-21DE46417004 changes to CANDIDATE, lastRpcTime:5148, electionTimeout:5147ms
2019-09-29 11:08:03,508 [Thread-243] INFO  impl.RoleInfo (RoleInfo.java:shutdownFollowerState(121)) - 32d50e58-0e8b-44bb-a013-d28b85576746: shutdown FollowerState
2019-09-29 11:08:03,509 [Thread-243] INFO  impl.RaftServerImpl (RaftServerImpl.java:setRole(174)) - 32d50e58-0e8b-44bb-a013-d28b85576746@group-21DE46417004: changes role from  FOLLOWER to CANDIDATE at term 0 for changeToCandidate
2019-09-29 11:08:03,509 [Thread-243] INFO  impl.RoleInfo (RoleInfo.java:updateAndGet(143)) - 32d50e58-0e8b-44bb-a013-d28b85576746: start LeaderElection
2019-09-29 11:08:03,545 [0231b0bd-9fb3-4849-a4a5-c8d03ad78392@group-28F0EED9012F-SegmentedRaftLogWorker] INFO  segmented.SegmentedRaftLogWorker (SegmentedRaftLogWorker.java:execute(569)) - 0231b0bd-9fb3-4849-a4a5-c8d03ad78392@group-28F0EED9012F-SegmentedRaftLogWorker: created new log segment /workdir/hadoop-ozone/integration-test/target/test-dir/MiniOzoneClusterImpl-3830d8fa-b618-494a-8595-70b28c2bfeb8/datanode-0/data/ratis/aacf4cae-a01d-4295-aa7a-28f0eed9012f/current/log_inprogress_0
2019-09-29 11:08:03,545 [32d50e58-0e8b-44bb-a013-d28b85576746@group-21DE46417004:LeaderElection2] INFO  impl.LeaderElection (LeaderElection.java:askForVotes(182)) - 32d50e58-0e8b-44bb-a013-d28b85576746@group-21DE46417004:LeaderElection2: begin an election at term 1 for -1: [32d50e58-0e8b-44bb-a013-d28b85576746:192.168.30.19:35526], old=null
2019-09-29 11:08:03,545 [32d50e58-0e8b-44bb-a013-d28b85576746@group-21DE46417004:LeaderElection2] INFO  impl.RoleInfo (RoleInfo.java:shutdownLeaderElection(134)) - 32d50e58-0e8b-44bb-a013-d28b85576746: shutdown LeaderElection
2019-09-29 11:08:03,545 [32d50e58-0e8b-44bb-a013-d28b85576746@group-21DE46417004:LeaderElection2] INFO  impl.RaftServerImpl (RaftServerImpl.java:setRole(174)) - 32d50e58-0e8b-44bb-a013-d28b85576746@group-21DE46417004: changes role from CANDIDATE to LEADER at term 1 for changeToLeader
2019-09-29 11:08:03,546 [32d50e58-0e8b-44bb-a013-d28b85576746@group-21DE46417004:LeaderElection2] INFO  impl.RaftServerImpl (ServerState.java:setLeader(253)) - 32d50e58-0e8b-44bb-a013-d28b85576746@group-21DE46417004: change Leader from null to 32d50e58-0e8b-44bb-a013-d28b85576746 at term 1 for becomeLeader, leader elected after 5219ms
2019-09-29 11:08:03,548 [32d50e58-0e8b-44bb-a013-d28b85576746@group-21DE46417004:LeaderElection2] INFO  server.RaftServerConfigKeys (ConfUtils.java:logGet(43)) - raft.server.staging.catchup.gap = 1000 (default)
2019-09-29 11:08:03,548 [32d50e58-0e8b-44bb-a013-d28b85576746@group-21DE46417004:LeaderElection2] INFO  server.RaftServerConfigKeys (ConfUtils.java:logGet(43)) - raft.server.rpc.sleep.time = 25ms (default)
2019-09-29 11:08:03,548 [32d50e58-0e8b-44bb-a013-d28b85576746@group-21DE46417004:LeaderElection2] INFO  server.RaftServerConfigKeys (ConfUtils.java:logGet(43)) - raft.server.write.element-limit = 4096 (default)
2019-09-29 11:08:03,548 [32d50e58-0e8b-44bb-a013-d28b85576746@group-21DE46417004:LeaderElection2] INFO  server.RaftServerConfigKeys (ConfUtils.java:logGet(43)) - raft.server.watch.timeout = 10s (default)
2019-09-29 11:08:03,548 [32d50e58-0e8b-44bb-a013-d28b85576746@group-21DE46417004:LeaderElection2] INFO  server.RaftServerConfigKeys (ConfUtils.java:logGet(43)) - raft.server.watch.timeout.denomination = 1s (default)
2019-09-29 11:08:03,548 [32d50e58-0e8b-44bb-a013-d28b85576746@group-21DE46417004:LeaderElection2] INFO  server.RaftServerConfigKeys (ConfUtils.java:logGet(43)) - raft.server.watch.element-limit = 65536 (default)
2019-09-29 11:08:03,552 [32d50e58-0e8b-44bb-a013-d28b85576746@group-21DE46417004:LeaderElection2] INFO  impl.RoleInfo (RoleInfo.java:updateAndGet(143)) - 32d50e58-0e8b-44bb-a013-d28b85576746: start LeaderState
2019-09-29 11:08:03,552 [32d50e58-0e8b-44bb-a013-d28b85576746@group-21DE46417004:LeaderElection2] INFO  segmented.SegmentedRaftLogWorker (SegmentedRaftLogWorker.java:startLogSegment(380)) - 32d50e58-0e8b-44bb-a013-d28b85576746@group-21DE46417004-SegmentedRaftLogWorker: Starting segment from index:0
2019-09-29 11:08:03,552 [32d50e58-0e8b-44bb-a013-d28b85576746@group-21DE46417004:LeaderElection2] INFO  impl.RaftServerImpl (ServerState.java:setRaftConf(354)) - 32d50e58-0e8b-44bb-a013-d28b85576746@group-21DE46417004: set configuration 0: [32d50e58-0e8b-44bb-a013-d28b85576746:192.168.30.19:35526], old=null at 0
2019-09-29 11:08:03,590 [Thread-246] INFO  impl.FollowerState (FollowerState.java:run(106)) - 17e09b0e-7256-45e4-9e35-05f1f47ae986:group-D3789B714289 changes to CANDIDATE, lastRpcTime:5065, electionTimeout:5054ms
2019-09-29 11:08:03,590 [Thread-246] INFO  impl.RoleInfo (RoleInfo.java:shutdownFollowerState(121)) - 17e09b0e-7256-45e4-9e35-05f1f47ae986: shutdown FollowerState
2019-09-29 11:08:03,590 [Thread-246] INFO  impl.RaftServerImpl (RaftServerImpl.java:setRole(174)) - 17e09b0e-7256-45e4-9e35-05f1f47ae986@group-D3789B714289: changes role from  FOLLOWER to CANDIDATE at term 0 for changeToCandidate
2019-09-29 11:08:03,590 [Thread-246] INFO  impl.RoleInfo (RoleInfo.java:updateAndGet(143)) - 17e09b0e-7256-45e4-9e35-05f1f47ae986: start LeaderElection
2019-09-29 11:08:03,612 [32d50e58-0e8b-44bb-a013-d28b85576746@group-21DE46417004-SegmentedRaftLogWorker] INFO  segmented.SegmentedRaftLogWorker (SegmentedRaftLogWorker.java:execute(569)) - 32d50e58-0e8b-44bb-a013-d28b85576746@group-21DE46417004-SegmentedRaftLogWorker: created new log segment /workdir/hadoop-ozone/integration-test/target/test-dir/MiniOzoneClusterImpl-3830d8fa-b618-494a-8595-70b28c2bfeb8/datanode-1/data/ratis/b82575c6-5a95-4675-b5ca-21de46417004/current/log_inprogress_0
2019-09-29 11:08:03,616 [17e09b0e-7256-45e4-9e35-05f1f47ae986@group-D3789B714289:LeaderElection3] INFO  impl.LeaderElection (LeaderElection.java:askForVotes(182)) - 17e09b0e-7256-45e4-9e35-05f1f47ae986@group-D3789B714289:LeaderElection3: begin an election at term 1 for -1: [17e09b0e-7256-45e4-9e35-05f1f47ae986:192.168.30.19:35975], old=null
2019-09-29 11:08:03,619 [17e09b0e-7256-45e4-9e35-05f1f47ae986@group-D3789B714289:LeaderElection3] INFO  impl.RoleInfo (RoleInfo.java:shutdownLeaderElection(134)) - 17e09b0e-7256-45e4-9e35-05f1f47ae986: shutdown LeaderElection
2019-09-29 11:08:03,621 [17e09b0e-7256-45e4-9e35-05f1f47ae986@group-D3789B714289:LeaderElection3] INFO  impl.RaftServerImpl (RaftServerImpl.java:setRole(174)) - 17e09b0e-7256-45e4-9e35-05f1f47ae986@group-D3789B714289: changes role from CANDIDATE to LEADER at term 1 for changeToLeader
2019-09-29 11:08:03,621 [17e09b0e-7256-45e4-9e35-05f1f47ae986@group-D3789B714289:LeaderElection3] INFO  impl.RaftServerImpl (ServerState.java:setLeader(253)) - 17e09b0e-7256-45e4-9e35-05f1f47ae986@group-D3789B714289: change Leader from null to 17e09b0e-7256-45e4-9e35-05f1f47ae986 at term 1 for becomeLeader, leader elected after 5148ms
2019-09-29 11:08:03,623 [17e09b0e-7256-45e4-9e35-05f1f47ae986@group-D3789B714289:LeaderElection3] INFO  server.RaftServerConfigKeys (ConfUtils.java:logGet(43)) - raft.server.staging.catchup.gap = 1000 (default)
2019-09-29 11:08:03,625 [17e09b0e-7256-45e4-9e35-05f1f47ae986@group-D3789B714289:LeaderElection3] INFO  server.RaftServerConfigKeys (ConfUtils.java:logGet(43)) - raft.server.rpc.sleep.time = 25ms (default)
2019-09-29 11:08:03,625 [17e09b0e-7256-45e4-9e35-05f1f47ae986@group-D3789B714289:LeaderElection3] INFO  server.RaftServerConfigKeys (ConfUtils.java:logGet(43)) - raft.server.write.element-limit = 4096 (default)
2019-09-29 11:08:03,626 [17e09b0e-7256-45e4-9e35-05f1f47ae986@group-D3789B714289:LeaderElection3] INFO  server.RaftServerConfigKeys (ConfUtils.java:logGet(43)) - raft.server.watch.timeout = 10s (default)
2019-09-29 11:08:03,626 [17e09b0e-7256-45e4-9e35-05f1f47ae986@group-D3789B714289:LeaderElection3] INFO  server.RaftServerConfigKeys (ConfUtils.java:logGet(43)) - raft.server.watch.timeout.denomination = 1s (default)
2019-09-29 11:08:03,626 [17e09b0e-7256-45e4-9e35-05f1f47ae986@group-D3789B714289:LeaderElection3] INFO  server.RaftServerConfigKeys (ConfUtils.java:logGet(43)) - raft.server.watch.element-limit = 65536 (default)
2019-09-29 11:08:03,630 [17e09b0e-7256-45e4-9e35-05f1f47ae986@group-D3789B714289:LeaderElection3] INFO  impl.RoleInfo (RoleInfo.java:updateAndGet(143)) - 17e09b0e-7256-45e4-9e35-05f1f47ae986: start LeaderState
2019-09-29 11:08:03,630 [17e09b0e-7256-45e4-9e35-05f1f47ae986@group-D3789B714289:LeaderElection3] INFO  segmented.SegmentedRaftLogWorker (SegmentedRaftLogWorker.java:startLogSegment(380)) - 17e09b0e-7256-45e4-9e35-05f1f47ae986@group-D3789B714289-SegmentedRaftLogWorker: Starting segment from index:0
2019-09-29 11:08:03,631 [17e09b0e-7256-45e4-9e35-05f1f47ae986@group-D3789B714289:LeaderElection3] INFO  impl.RaftServerImpl (ServerState.java:setRaftConf(354)) - 17e09b0e-7256-45e4-9e35-05f1f47ae986@group-D3789B714289: set configuration 0: [17e09b0e-7256-45e4-9e35-05f1f47ae986:192.168.30.19:35975], old=null at 0
2019-09-29 11:08:03,685 [17e09b0e-7256-45e4-9e35-05f1f47ae986@group-D3789B714289-SegmentedRaftLogWorker] INFO  segmented.SegmentedRaftLogWorker (SegmentedRaftLogWorker.java:execute(569)) - 17e09b0e-7256-45e4-9e35-05f1f47ae986@group-D3789B714289-SegmentedRaftLogWorker: created new log segment /workdir/hadoop-ozone/integration-test/target/test-dir/MiniOzoneClusterImpl-3830d8fa-b618-494a-8595-70b28c2bfeb8/datanode-6/data/ratis/ee374d07-158a-44fa-a393-d3789b714289/current/log_inprogress_0
2019-09-29 11:08:03,744 [Thread-249] INFO  impl.FollowerState (FollowerState.java:run(106)) - 97806d94-bf03-4162-88de-2912f25217ae:group-7287670E06ED changes to CANDIDATE, lastRpcTime:5100, electionTimeout:5100ms
2019-09-29 11:08:03,744 [Thread-249] INFO  impl.RoleInfo (RoleInfo.java:shutdownFollowerState(121)) - 97806d94-bf03-4162-88de-2912f25217ae: shutdown FollowerState
2019-09-29 11:08:03,744 [Thread-249] INFO  impl.RaftServerImpl (RaftServerImpl.java:setRole(174)) - 97806d94-bf03-4162-88de-2912f25217ae@group-7287670E06ED: changes role from  FOLLOWER to CANDIDATE at term 0 for changeToCandidate
2019-09-29 11:08:03,745 [Thread-249] INFO  impl.RoleInfo (RoleInfo.java:updateAndGet(143)) - 97806d94-bf03-4162-88de-2912f25217ae: start LeaderElection
2019-09-29 11:08:03,773 [97806d94-bf03-4162-88de-2912f25217ae@group-7287670E06ED:LeaderElection4] INFO  impl.LeaderElection (LeaderElection.java:askForVotes(182)) - 97806d94-bf03-4162-88de-2912f25217ae@group-7287670E06ED:LeaderElection4: begin an election at term 1 for -1: [97806d94-bf03-4162-88de-2912f25217ae:192.168.30.19:33042], old=null
2019-09-29 11:08:03,773 [97806d94-bf03-4162-88de-2912f25217ae@group-7287670E06ED:LeaderElection4] INFO  impl.RoleInfo (RoleInfo.java:shutdownLeaderElection(134)) - 97806d94-bf03-4162-88de-2912f25217ae: shutdown LeaderElection
2019-09-29 11:08:03,773 [97806d94-bf03-4162-88de-2912f25217ae@group-7287670E06ED:LeaderElection4] INFO  impl.RaftServerImpl (RaftServerImpl.java:setRole(174)) - 97806d94-bf03-4162-88de-2912f25217ae@group-7287670E06ED: changes role from CANDIDATE to LEADER at term 1 for changeToLeader
2019-09-29 11:08:03,773 [97806d94-bf03-4162-88de-2912f25217ae@group-7287670E06ED:LeaderElection4] INFO  impl.RaftServerImpl (ServerState.java:setLeader(253)) - 97806d94-bf03-4162-88de-2912f25217ae@group-7287670E06ED: change Leader from null to 97806d94-bf03-4162-88de-2912f25217ae at term 1 for becomeLeader, leader elected after 5145ms
2019-09-29 11:08:03,775 [97806d94-bf03-4162-88de-2912f25217ae@group-7287670E06ED:LeaderElection4] INFO  server.RaftServerConfigKeys (ConfUtils.java:logGet(43)) - raft.server.staging.catchup.gap = 1000 (default)
2019-09-29 11:08:03,776 [97806d94-bf03-4162-88de-2912f25217ae@group-7287670E06ED:LeaderElection4] INFO  server.RaftServerConfigKeys (ConfUtils.java:logGet(43)) - raft.server.rpc.sleep.time = 25ms (default)
2019-09-29 11:08:03,776 [97806d94-bf03-4162-88de-2912f25217ae@group-7287670E06ED:LeaderElection4] INFO  server.RaftServerConfigKeys (ConfUtils.java:logGet(43)) - raft.server.write.element-limit = 4096 (default)
2019-09-29 11:08:03,776 [97806d94-bf03-4162-88de-2912f25217ae@group-7287670E06ED:LeaderElection4] INFO  server.RaftServerConfigKeys (ConfUtils.java:logGet(43)) - raft.server.watch.timeout = 10s (default)
2019-09-29 11:08:03,776 [97806d94-bf03-4162-88de-2912f25217ae@group-7287670E06ED:LeaderElection4] INFO  server.RaftServerConfigKeys (ConfUtils.java:logGet(43)) - raft.server.watch.timeout.denomination = 1s (default)
2019-09-29 11:08:03,776 [97806d94-bf03-4162-88de-2912f25217ae@group-7287670E06ED:LeaderElection4] INFO  server.RaftServerConfigKeys (ConfUtils.java:logGet(43)) - raft.server.watch.element-limit = 65536 (default)
2019-09-29 11:08:03,780 [97806d94-bf03-4162-88de-2912f25217ae@group-7287670E06ED:LeaderElection4] INFO  impl.RoleInfo (RoleInfo.java:updateAndGet(143)) - 97806d94-bf03-4162-88de-2912f25217ae: start LeaderState
2019-09-29 11:08:03,780 [97806d94-bf03-4162-88de-2912f25217ae@group-7287670E06ED:LeaderElection4] INFO  segmented.SegmentedRaftLogWorker (SegmentedRaftLogWorker.java:startLogSegment(380)) - 97806d94-bf03-4162-88de-2912f25217ae@group-7287670E06ED-SegmentedRaftLogWorker: Starting segment from index:0
2019-09-29 11:08:03,781 [97806d94-bf03-4162-88de-2912f25217ae@group-7287670E06ED:LeaderElection4] INFO  impl.RaftServerImpl (ServerState.java:setRaftConf(354)) - 97806d94-bf03-4162-88de-2912f25217ae@group-7287670E06ED: set configuration 0: [97806d94-bf03-4162-88de-2912f25217ae:192.168.30.19:33042], old=null at 0
2019-09-29 11:08:03,843 [97806d94-bf03-4162-88de-2912f25217ae@group-7287670E06ED-SegmentedRaftLogWorker] INFO  segmented.SegmentedRaftLogWorker (SegmentedRaftLogWorker.java:execute(569)) - 97806d94-bf03-4162-88de-2912f25217ae@group-7287670E06ED-SegmentedRaftLogWorker: created new log segment /workdir/hadoop-ozone/integration-test/target/test-dir/MiniOzoneClusterImpl-3830d8fa-b618-494a-8595-70b28c2bfeb8/datanode-5/data/ratis/599e32b3-39c7-4505-a5c2-7287670e06ed/current/log_inprogress_0
2019-09-29 11:08:03,928 [Thread-252] INFO  impl.FollowerState (FollowerState.java:run(106)) - b2a9bc99-8913-4a63-a45e-ee2fa957b1dc:group-4C3EB69A0B0F changes to CANDIDATE, lastRpcTime:5179, electionTimeout:5179ms
2019-09-29 11:08:03,929 [Thread-252] INFO  impl.RoleInfo (RoleInfo.java:shutdownFollowerState(121)) - b2a9bc99-8913-4a63-a45e-ee2fa957b1dc: shutdown FollowerState
2019-09-29 11:08:03,929 [Thread-252] INFO  impl.RaftServerImpl (RaftServerImpl.java:setRole(174)) - b2a9bc99-8913-4a63-a45e-ee2fa957b1dc@group-4C3EB69A0B0F: changes role from  FOLLOWER to CANDIDATE at term 0 for changeToCandidate
2019-09-29 11:08:03,929 [Thread-252] INFO  impl.RoleInfo (RoleInfo.java:updateAndGet(143)) - b2a9bc99-8913-4a63-a45e-ee2fa957b1dc: start LeaderElection
2019-09-29 11:08:03,957 [b2a9bc99-8913-4a63-a45e-ee2fa957b1dc@group-4C3EB69A0B0F:LeaderElection5] INFO  impl.LeaderElection (LeaderElection.java:askForVotes(182)) - b2a9bc99-8913-4a63-a45e-ee2fa957b1dc@group-4C3EB69A0B0F:LeaderElection5: begin an election at term 1 for -1: [b2a9bc99-8913-4a63-a45e-ee2fa957b1dc:192.168.30.19:37835], old=null
2019-09-29 11:08:03,957 [b2a9bc99-8913-4a63-a45e-ee2fa957b1dc@group-4C3EB69A0B0F:LeaderElection5] INFO  impl.RoleInfo (RoleInfo.java:shutdownLeaderElection(134)) - b2a9bc99-8913-4a63-a45e-ee2fa957b1dc: shutdown LeaderElection
2019-09-29 11:08:03,957 [b2a9bc99-8913-4a63-a45e-ee2fa957b1dc@group-4C3EB69A0B0F:LeaderElection5] INFO  impl.RaftServerImpl (RaftServerImpl.java:setRole(174)) - b2a9bc99-8913-4a63-a45e-ee2fa957b1dc@group-4C3EB69A0B0F: changes role from CANDIDATE to LEADER at term 1 for changeToLeader
2019-09-29 11:08:03,957 [b2a9bc99-8913-4a63-a45e-ee2fa957b1dc@group-4C3EB69A0B0F:LeaderElection5] INFO  impl.RaftServerImpl (ServerState.java:setLeader(253)) - b2a9bc99-8913-4a63-a45e-ee2fa957b1dc@group-4C3EB69A0B0F: change Leader from null to b2a9bc99-8913-4a63-a45e-ee2fa957b1dc at term 1 for becomeLeader, leader elected after 5222ms
2019-09-29 11:08:03,959 [b2a9bc99-8913-4a63-a45e-ee2fa957b1dc@group-4C3EB69A0B0F:LeaderElection5] INFO  server.RaftServerConfigKeys (ConfUtils.java:logGet(43)) - raft.server.staging.catchup.gap = 1000 (default)
2019-09-29 11:08:03,960 [b2a9bc99-8913-4a63-a45e-ee2fa957b1dc@group-4C3EB69A0B0F:LeaderElection5] INFO  server.RaftServerConfigKeys (ConfUtils.java:logGet(43)) - raft.server.rpc.sleep.time = 25ms (default)
2019-09-29 11:08:03,960 [b2a9bc99-8913-4a63-a45e-ee2fa957b1dc@group-4C3EB69A0B0F:LeaderElection5] INFO  server.RaftServerConfigKeys (ConfUtils.java:logGet(43)) - raft.server.write.element-limit = 4096 (default)
2019-09-29 11:08:03,960 [b2a9bc99-8913-4a63-a45e-ee2fa957b1dc@group-4C3EB69A0B0F:LeaderElection5] INFO  server.RaftServerConfigKeys (ConfUtils.java:logGet(43)) - raft.server.watch.timeout = 10s (default)
2019-09-29 11:08:03,960 [b2a9bc99-8913-4a63-a45e-ee2fa957b1dc@group-4C3EB69A0B0F:LeaderElection5] INFO  server.RaftServerConfigKeys (ConfUtils.java:logGet(43)) - raft.server.watch.timeout.denomination = 1s (default)
2019-09-29 11:08:03,961 [b2a9bc99-8913-4a63-a45e-ee2fa957b1dc@group-4C3EB69A0B0F:LeaderElection5] INFO  server.RaftServerConfigKeys (ConfUtils.java:logGet(43)) - raft.server.watch.element-limit = 65536 (default)
2019-09-29 11:08:03,965 [b2a9bc99-8913-4a63-a45e-ee2fa957b1dc@group-4C3EB69A0B0F:LeaderElection5] INFO  impl.RoleInfo (RoleInfo.java:updateAndGet(143)) - b2a9bc99-8913-4a63-a45e-ee2fa957b1dc: start LeaderState
2019-09-29 11:08:03,965 [b2a9bc99-8913-4a63-a45e-ee2fa957b1dc@group-4C3EB69A0B0F:LeaderElection5] INFO  segmented.SegmentedRaftLogWorker (SegmentedRaftLogWorker.java:startLogSegment(380)) - b2a9bc99-8913-4a63-a45e-ee2fa957b1dc@group-4C3EB69A0B0F-SegmentedRaftLogWorker: Starting segment from index:0
2019-09-29 11:08:03,966 [b2a9bc99-8913-4a63-a45e-ee2fa957b1dc@group-4C3EB69A0B0F:LeaderElection5] INFO  impl.RaftServerImpl (ServerState.java:setRaftConf(354)) - b2a9bc99-8913-4a63-a45e-ee2fa957b1dc@group-4C3EB69A0B0F: set configuration 0: [b2a9bc99-8913-4a63-a45e-ee2fa957b1dc:192.168.30.19:37835], old=null at 0
2019-09-29 11:08:04,018 [Thread-258] INFO  impl.FollowerState (FollowerState.java:run(106)) - 2e3f08f3-0baf-4b8e-a0dc-98d1a16dd160:group-2C328AAE845D changes to CANDIDATE, lastRpcTime:5061, electionTimeout:5061ms
2019-09-29 11:08:04,018 [Thread-258] INFO  impl.RoleInfo (RoleInfo.java:shutdownFollowerState(121)) - 2e3f08f3-0baf-4b8e-a0dc-98d1a16dd160: shutdown FollowerState
2019-09-29 11:08:04,019 [Thread-258] INFO  impl.RaftServerImpl (RaftServerImpl.java:setRole(174)) - 2e3f08f3-0baf-4b8e-a0dc-98d1a16dd160@group-2C328AAE845D: changes role from  FOLLOWER to CANDIDATE at term 0 for changeToCandidate
2019-09-29 11:08:04,019 [Thread-258] INFO  impl.RoleInfo (RoleInfo.java:updateAndGet(143)) - 2e3f08f3-0baf-4b8e-a0dc-98d1a16dd160: start LeaderElection
2019-09-29 11:08:04,035 [b2a9bc99-8913-4a63-a45e-ee2fa957b1dc@group-4C3EB69A0B0F-SegmentedRaftLogWorker] INFO  segmented.SegmentedRaftLogWorker (SegmentedRaftLogWorker.java:execute(569)) - b2a9bc99-8913-4a63-a45e-ee2fa957b1dc@group-4C3EB69A0B0F-SegmentedRaftLogWorker: created new log segment /workdir/hadoop-ozone/integration-test/target/test-dir/MiniOzoneClusterImpl-3830d8fa-b618-494a-8595-70b28c2bfeb8/datanode-3/data/ratis/2b14112b-407f-4064-83b5-4c3eb69a0b0f/current/log_inprogress_0
2019-09-29 11:08:04,051 [Thread-255] INFO  impl.FollowerState (FollowerState.java:run(106)) - 1649af47-cb07-4d21-9f17-f86f43afaca3:group-B200911DAD39 changes to CANDIDATE, lastRpcTime:5195, electionTimeout:5195ms
2019-09-29 11:08:04,051 [Thread-255] INFO  impl.RoleInfo (RoleInfo.java:shutdownFollowerState(121)) - 1649af47-cb07-4d21-9f17-f86f43afaca3: shutdown FollowerState
2019-09-29 11:08:04,051 [Thread-255] INFO  impl.RaftServerImpl (RaftServerImpl.java:setRole(174)) - 1649af47-cb07-4d21-9f17-f86f43afaca3@group-B200911DAD39: changes role from  FOLLOWER to CANDIDATE at term 0 for changeToCandidate
2019-09-29 11:08:04,051 [Thread-255] INFO  impl.RoleInfo (RoleInfo.java:updateAndGet(143)) - 1649af47-cb07-4d21-9f17-f86f43afaca3: start LeaderElection
2019-09-29 11:08:04,060 [2e3f08f3-0baf-4b8e-a0dc-98d1a16dd160@group-2C328AAE845D:LeaderElection6] INFO  impl.LeaderElection (LeaderElection.java:askForVotes(182)) - 2e3f08f3-0baf-4b8e-a0dc-98d1a16dd160@group-2C328AAE845D:LeaderElection6: begin an election at term 1 for -1: [2e3f08f3-0baf-4b8e-a0dc-98d1a16dd160:192.168.30.19:43958], old=null
2019-09-29 11:08:04,060 [2e3f08f3-0baf-4b8e-a0dc-98d1a16dd160@group-2C328AAE845D:LeaderElection6] INFO  impl.RoleInfo (RoleInfo.java:shutdownLeaderElection(134)) - 2e3f08f3-0baf-4b8e-a0dc-98d1a16dd160: shutdown LeaderElection
2019-09-29 11:08:04,060 [2e3f08f3-0baf-4b8e-a0dc-98d1a16dd160@group-2C328AAE845D:LeaderElection6] INFO  impl.RaftServerImpl (RaftServerImpl.java:setRole(174)) - 2e3f08f3-0baf-4b8e-a0dc-98d1a16dd160@group-2C328AAE845D: changes role from CANDIDATE to LEADER at term 1 for changeToLeader
2019-09-29 11:08:04,060 [2e3f08f3-0baf-4b8e-a0dc-98d1a16dd160@group-2C328AAE845D:LeaderElection6] INFO  impl.RaftServerImpl (ServerState.java:setLeader(253)) - 2e3f08f3-0baf-4b8e-a0dc-98d1a16dd160@group-2C328AAE845D: change Leader from null to 2e3f08f3-0baf-4b8e-a0dc-98d1a16dd160 at term 1 for becomeLeader, leader elected after 5115ms
2019-09-29 11:08:04,062 [2e3f08f3-0baf-4b8e-a0dc-98d1a16dd160@group-2C328AAE845D:LeaderElection6] INFO  server.RaftServerConfigKeys (ConfUtils.java:logGet(43)) - raft.server.staging.catchup.gap = 1000 (default)
2019-09-29 11:08:04,062 [2e3f08f3-0baf-4b8e-a0dc-98d1a16dd160@group-2C328AAE845D:LeaderElection6] INFO  server.RaftServerConfigKeys (ConfUtils.java:logGet(43)) - raft.server.rpc.sleep.time = 25ms (default)
2019-09-29 11:08:04,063 [2e3f08f3-0baf-4b8e-a0dc-98d1a16dd160@group-2C328AAE845D:LeaderElection6] INFO  server.RaftServerConfigKeys (ConfUtils.java:logGet(43)) - raft.server.write.element-limit = 4096 (default)
2019-09-29 11:08:04,063 [2e3f08f3-0baf-4b8e-a0dc-98d1a16dd160@group-2C328AAE845D:LeaderElection6] INFO  server.RaftServerConfigKeys (ConfUtils.java:logGet(43)) - raft.server.watch.timeout = 10s (default)
2019-09-29 11:08:04,063 [2e3f08f3-0baf-4b8e-a0dc-98d1a16dd160@group-2C328AAE845D:LeaderElection6] INFO  server.RaftServerConfigKeys (ConfUtils.java:logGet(43)) - raft.server.watch.timeout.denomination = 1s (default)
2019-09-29 11:08:04,063 [2e3f08f3-0baf-4b8e-a0dc-98d1a16dd160@group-2C328AAE845D:LeaderElection6] INFO  server.RaftServerConfigKeys (ConfUtils.java:logGet(43)) - raft.server.watch.element-limit = 65536 (default)
2019-09-29 11:08:04,066 [2e3f08f3-0baf-4b8e-a0dc-98d1a16dd160@group-2C328AAE845D:LeaderElection6] INFO  impl.RoleInfo (RoleInfo.java:updateAndGet(143)) - 2e3f08f3-0baf-4b8e-a0dc-98d1a16dd160: start LeaderState
2019-09-29 11:08:04,067 [2e3f08f3-0baf-4b8e-a0dc-98d1a16dd160@group-2C328AAE845D:LeaderElection6] INFO  segmented.SegmentedRaftLogWorker (SegmentedRaftLogWorker.java:startLogSegment(380)) - 2e3f08f3-0baf-4b8e-a0dc-98d1a16dd160@group-2C328AAE845D-SegmentedRaftLogWorker: Starting segment from index:0
2019-09-29 11:08:04,068 [2e3f08f3-0baf-4b8e-a0dc-98d1a16dd160@group-2C328AAE845D:LeaderElection6] INFO  impl.RaftServerImpl (ServerState.java:setRaftConf(354)) - 2e3f08f3-0baf-4b8e-a0dc-98d1a16dd160@group-2C328AAE845D: set configuration 0: [2e3f08f3-0baf-4b8e-a0dc-98d1a16dd160:192.168.30.19:43958], old=null at 0
2019-09-29 11:08:04,101 [1649af47-cb07-4d21-9f17-f86f43afaca3@group-B200911DAD39:LeaderElection7] INFO  impl.LeaderElection (LeaderElection.java:askForVotes(182)) - 1649af47-cb07-4d21-9f17-f86f43afaca3@group-B200911DAD39:LeaderElection7: begin an election at term 1 for -1: [1649af47-cb07-4d21-9f17-f86f43afaca3:192.168.30.19:46566], old=null
2019-09-29 11:08:04,101 [1649af47-cb07-4d21-9f17-f86f43afaca3@group-B200911DAD39:LeaderElection7] INFO  impl.RoleInfo (RoleInfo.java:shutdownLeaderElection(134)) - 1649af47-cb07-4d21-9f17-f86f43afaca3: shutdown LeaderElection
2019-09-29 11:08:04,101 [1649af47-cb07-4d21-9f17-f86f43afaca3@group-B200911DAD39:LeaderElection7] INFO  impl.RaftServerImpl (RaftServerImpl.java:setRole(174)) - 1649af47-cb07-4d21-9f17-f86f43afaca3@group-B200911DAD39: changes role from CANDIDATE to LEADER at term 1 for changeToLeader
2019-09-29 11:08:04,101 [1649af47-cb07-4d21-9f17-f86f43afaca3@group-B200911DAD39:LeaderElection7] INFO  impl.RaftServerImpl (ServerState.java:setLeader(253)) - 1649af47-cb07-4d21-9f17-f86f43afaca3@group-B200911DAD39: change Leader from null to 1649af47-cb07-4d21-9f17-f86f43afaca3 at term 1 for becomeLeader, leader elected after 5257ms
2019-09-29 11:08:04,103 [1649af47-cb07-4d21-9f17-f86f43afaca3@group-B200911DAD39:LeaderElection7] INFO  server.RaftServerConfigKeys (ConfUtils.java:logGet(43)) - raft.server.staging.catchup.gap = 1000 (default)
2019-09-29 11:08:04,103 [1649af47-cb07-4d21-9f17-f86f43afaca3@group-B200911DAD39:LeaderElection7] INFO  server.RaftServerConfigKeys (ConfUtils.java:logGet(43)) - raft.server.rpc.sleep.time = 25ms (default)
2019-09-29 11:08:04,104 [1649af47-cb07-4d21-9f17-f86f43afaca3@group-B200911DAD39:LeaderElection7] INFO  server.RaftServerConfigKeys (ConfUtils.java:logGet(43)) - raft.server.write.element-limit = 4096 (default)
2019-09-29 11:08:04,104 [1649af47-cb07-4d21-9f17-f86f43afaca3@group-B200911DAD39:LeaderElection7] INFO  server.RaftServerConfigKeys (ConfUtils.java:logGet(43)) - raft.server.watch.timeout = 10s (default)
2019-09-29 11:08:04,104 [1649af47-cb07-4d21-9f17-f86f43afaca3@group-B200911DAD39:LeaderElection7] INFO  server.RaftServerConfigKeys (ConfUtils.java:logGet(43)) - raft.server.watch.timeout.denomination = 1s (default)
2019-09-29 11:08:04,104 [1649af47-cb07-4d21-9f17-f86f43afaca3@group-B200911DAD39:LeaderElection7] INFO  server.RaftServerConfigKeys (ConfUtils.java:logGet(43)) - raft.server.watch.element-limit = 65536 (default)
2019-09-29 11:08:04,107 [1649af47-cb07-4d21-9f17-f86f43afaca3@group-B200911DAD39:LeaderElection7] INFO  impl.RoleInfo (RoleInfo.java:updateAndGet(143)) - 1649af47-cb07-4d21-9f17-f86f43afaca3: start LeaderState
2019-09-29 11:08:04,107 [1649af47-cb07-4d21-9f17-f86f43afaca3@group-B200911DAD39:LeaderElection7] INFO  segmented.SegmentedRaftLogWorker (SegmentedRaftLogWorker.java:startLogSegment(380)) - 1649af47-cb07-4d21-9f17-f86f43afaca3@group-B200911DAD39-SegmentedRaftLogWorker: Starting segment from index:0
2019-09-29 11:08:04,108 [1649af47-cb07-4d21-9f17-f86f43afaca3@group-B200911DAD39:LeaderElection7] INFO  impl.RaftServerImpl (ServerState.java:setRaftConf(354)) - 1649af47-cb07-4d21-9f17-f86f43afaca3@group-B200911DAD39: set configuration 0: [1649af47-cb07-4d21-9f17-f86f43afaca3:192.168.30.19:46566], old=null at 0
2019-09-29 11:08:04,140 [Thread-265] INFO  impl.FollowerState (FollowerState.java:run(106)) - 97806d94-bf03-4162-88de-2912f25217ae:group-F987CDCB05C7 changes to CANDIDATE, lastRpcTime:5035, electionTimeout:5009ms
2019-09-29 11:08:04,140 [2e3f08f3-0baf-4b8e-a0dc-98d1a16dd160@group-2C328AAE845D-SegmentedRaftLogWorker] INFO  segmented.SegmentedRaftLogWorker (SegmentedRaftLogWorker.java:execute(569)) - 2e3f08f3-0baf-4b8e-a0dc-98d1a16dd160@group-2C328AAE845D-SegmentedRaftLogWorker: created new log segment /workdir/hadoop-ozone/integration-test/target/test-dir/MiniOzoneClusterImpl-3830d8fa-b618-494a-8595-70b28c2bfeb8/datanode-2/data/ratis/745a0931-5dec-4765-9795-2c328aae845d/current/log_inprogress_0
2019-09-29 11:08:04,140 [Thread-265] INFO  impl.RoleInfo (RoleInfo.java:shutdownFollowerState(121)) - 97806d94-bf03-4162-88de-2912f25217ae: shutdown FollowerState
2019-09-29 11:08:04,140 [Thread-265] INFO  impl.RaftServerImpl (RaftServerImpl.java:setRole(174)) - 97806d94-bf03-4162-88de-2912f25217ae@group-F987CDCB05C7: changes role from  FOLLOWER to CANDIDATE at term 0 for changeToCandidate
2019-09-29 11:08:04,141 [Thread-265] INFO  impl.RoleInfo (RoleInfo.java:updateAndGet(143)) - 97806d94-bf03-4162-88de-2912f25217ae: start LeaderElection
2019-09-29 11:08:04,162 [1649af47-cb07-4d21-9f17-f86f43afaca3@group-B200911DAD39-SegmentedRaftLogWorker] INFO  segmented.SegmentedRaftLogWorker (SegmentedRaftLogWorker.java:execute(569)) - 1649af47-cb07-4d21-9f17-f86f43afaca3@group-B200911DAD39-SegmentedRaftLogWorker: created new log segment /workdir/hadoop-ozone/integration-test/target/test-dir/MiniOzoneClusterImpl-3830d8fa-b618-494a-8595-70b28c2bfeb8/datanode-4/data/ratis/e87ec673-513e-4aa9-a1fa-b200911dad39/current/log_inprogress_0
2019-09-29 11:08:04,164 [97806d94-bf03-4162-88de-2912f25217ae@group-F987CDCB05C7:LeaderElection8] INFO  impl.LeaderElection (LeaderElection.java:askForVotes(182)) - 97806d94-bf03-4162-88de-2912f25217ae@group-F987CDCB05C7:LeaderElection8: begin an election at term 1 for -1: [97806d94-bf03-4162-88de-2912f25217ae:192.168.30.19:33042, 17e09b0e-7256-45e4-9e35-05f1f47ae986:192.168.30.19:35975, 32d50e58-0e8b-44bb-a013-d28b85576746:192.168.30.19:35526], old=null
2019-09-29 11:08:04,168 [Thread-267] INFO  impl.FollowerState (FollowerState.java:run(106)) - 32d50e58-0e8b-44bb-a013-d28b85576746:group-F987CDCB05C7 changes to CANDIDATE, lastRpcTime:5061, electionTimeout:5060ms
2019-09-29 11:08:04,168 [Thread-267] INFO  impl.RoleInfo (RoleInfo.java:shutdownFollowerState(121)) - 32d50e58-0e8b-44bb-a013-d28b85576746: shutdown FollowerState
2019-09-29 11:08:04,168 [Thread-267] INFO  impl.RaftServerImpl (RaftServerImpl.java:setRole(174)) - 32d50e58-0e8b-44bb-a013-d28b85576746@group-F987CDCB05C7: changes role from  FOLLOWER to CANDIDATE at term 0 for changeToCandidate
2019-09-29 11:08:04,169 [Thread-267] INFO  impl.RoleInfo (RoleInfo.java:updateAndGet(143)) - 32d50e58-0e8b-44bb-a013-d28b85576746: start LeaderElection
2019-09-29 11:08:04,192 [32d50e58-0e8b-44bb-a013-d28b85576746@group-F987CDCB05C7:LeaderElection9] INFO  impl.LeaderElection (LeaderElection.java:askForVotes(182)) - 32d50e58-0e8b-44bb-a013-d28b85576746@group-F987CDCB05C7:LeaderElection9: begin an election at term 1 for -1: [97806d94-bf03-4162-88de-2912f25217ae:192.168.30.19:33042, 17e09b0e-7256-45e4-9e35-05f1f47ae986:192.168.30.19:35975, 32d50e58-0e8b-44bb-a013-d28b85576746:192.168.30.19:35526], old=null
2019-09-29 11:08:04,201 [grpc-default-executor-0] INFO  impl.RaftServerImpl (RaftServerImpl.java:setRole(174)) - 17e09b0e-7256-45e4-9e35-05f1f47ae986@group-F987CDCB05C7: changes role from  FOLLOWER to FOLLOWER at term 1 for recognizeCandidate:97806d94-bf03-4162-88de-2912f25217ae
2019-09-29 11:08:04,201 [grpc-default-executor-0] INFO  impl.RoleInfo (RoleInfo.java:shutdownFollowerState(121)) - 17e09b0e-7256-45e4-9e35-05f1f47ae986: shutdown FollowerState
2019-09-29 11:08:04,201 [grpc-default-executor-0] INFO  impl.RoleInfo (RoleInfo.java:updateAndGet(143)) - 17e09b0e-7256-45e4-9e35-05f1f47ae986: start FollowerState
2019-09-29 11:08:04,201 [Thread-263] INFO  impl.FollowerState (FollowerState.java:run(115)) - 17e09b0e-7256-45e4-9e35-05f1f47ae986: FollowerState was interrupted: java.lang.InterruptedException: sleep interrupted
2019-09-29 11:08:04,235 [97806d94-bf03-4162-88de-2912f25217ae@group-F987CDCB05C7:LeaderElection8] INFO  impl.LeaderElection (LeaderElection.java:logAndReturn(56)) - 97806d94-bf03-4162-88de-2912f25217ae@group-F987CDCB05C7:LeaderElection8: Election PASSED; received 2 response(s) [97806d94-bf03-4162-88de-2912f25217ae<-32d50e58-0e8b-44bb-a013-d28b85576746#0:FAIL-t1, 97806d94-bf03-4162-88de-2912f25217ae<-17e09b0e-7256-45e4-9e35-05f1f47ae986#0:OK-t1] and 0 exception(s); 97806d94-bf03-4162-88de-2912f25217ae@group-F987CDCB05C7:t1, leader=null, voted=97806d94-bf03-4162-88de-2912f25217ae, raftlog=97806d94-bf03-4162-88de-2912f25217ae@group-F987CDCB05C7-SegmentedRaftLog:OPENED:c-1,f-1,i0, conf=-1: [97806d94-bf03-4162-88de-2912f25217ae:192.168.30.19:33042, 17e09b0e-7256-45e4-9e35-05f1f47ae986:192.168.30.19:35975, 32d50e58-0e8b-44bb-a013-d28b85576746:192.168.30.19:35526], old=null
2019-09-29 11:08:04,236 [32d50e58-0e8b-44bb-a013-d28b85576746@group-F987CDCB05C7:LeaderElection9] INFO  impl.LeaderElection (LeaderElection.java:logAndReturn(56)) - 32d50e58-0e8b-44bb-a013-d28b85576746@group-F987CDCB05C7:LeaderElection9: Election REJECTED; received 2 response(s) [32d50e58-0e8b-44bb-a013-d28b85576746<-97806d94-bf03-4162-88de-2912f25217ae#0:FAIL-t1, 32d50e58-0e8b-44bb-a013-d28b85576746<-17e09b0e-7256-45e4-9e35-05f1f47ae986#0:FAIL-t1] and 0 exception(s); 32d50e58-0e8b-44bb-a013-d28b85576746@group-F987CDCB05C7:t1, leader=null, voted=32d50e58-0e8b-44bb-a013-d28b85576746, raftlog=32d50e58-0e8b-44bb-a013-d28b85576746@group-F987CDCB05C7-SegmentedRaftLog:OPENED:c-1,f-1,i0, conf=-1: [97806d94-bf03-4162-88de-2912f25217ae:192.168.30.19:33042, 17e09b0e-7256-45e4-9e35-05f1f47ae986:192.168.30.19:35975, 32d50e58-0e8b-44bb-a013-d28b85576746:192.168.30.19:35526], old=null
2019-09-29 11:08:04,236 [97806d94-bf03-4162-88de-2912f25217ae@group-F987CDCB05C7:LeaderElection8] INFO  impl.RoleInfo (RoleInfo.java:shutdownLeaderElection(134)) - 97806d94-bf03-4162-88de-2912f25217ae: shutdown LeaderElection
2019-09-29 11:08:04,239 [97806d94-bf03-4162-88de-2912f25217ae@group-F987CDCB05C7:LeaderElection8] INFO  impl.RaftServerImpl (RaftServerImpl.java:setRole(174)) - 97806d94-bf03-4162-88de-2912f25217ae@group-F987CDCB05C7: changes role from CANDIDATE to LEADER at term 1 for changeToLeader
2019-09-29 11:08:04,242 [97806d94-bf03-4162-88de-2912f25217ae@group-F987CDCB05C7:LeaderElection8] INFO  impl.RaftServerImpl (ServerState.java:setLeader(253)) - 97806d94-bf03-4162-88de-2912f25217ae@group-F987CDCB05C7: change Leader from null to 97806d94-bf03-4162-88de-2912f25217ae at term 1 for becomeLeader, leader elected after 5154ms
2019-09-29 11:08:04,242 [32d50e58-0e8b-44bb-a013-d28b85576746@group-F987CDCB05C7:LeaderElection9] INFO  impl.RaftServerImpl (RaftServerImpl.java:setRole(174)) - 32d50e58-0e8b-44bb-a013-d28b85576746@group-F987CDCB05C7: changes role from CANDIDATE to FOLLOWER at term 1 for DISCOVERED_A_NEW_TERM
2019-09-29 11:08:04,245 [97806d94-bf03-4162-88de-2912f25217ae@group-F987CDCB05C7:LeaderElection8] INFO  server.RaftServerConfigKeys (ConfUtils.java:logGet(43)) - raft.server.staging.catchup.gap = 1000 (default)
2019-09-29 11:08:04,245 [32d50e58-0e8b-44bb-a013-d28b85576746@group-F987CDCB05C7:LeaderElection9] INFO  impl.RoleInfo (RoleInfo.java:shutdownLeaderElection(134)) - 32d50e58-0e8b-44bb-a013-d28b85576746: shutdown LeaderElection
2019-09-29 11:08:04,245 [97806d94-bf03-4162-88de-2912f25217ae@group-F987CDCB05C7:LeaderElection8] INFO  server.RaftServerConfigKeys (ConfUtils.java:logGet(43)) - raft.server.rpc.sleep.time = 25ms (default)
2019-09-29 11:08:04,246 [32d50e58-0e8b-44bb-a013-d28b85576746@group-F987CDCB05C7:LeaderElection9] INFO  impl.RoleInfo (RoleInfo.java:updateAndGet(143)) - 32d50e58-0e8b-44bb-a013-d28b85576746: start FollowerState
2019-09-29 11:08:04,246 [97806d94-bf03-4162-88de-2912f25217ae@group-F987CDCB05C7:LeaderElection8] INFO  server.RaftServerConfigKeys (ConfUtils.java:logGet(43)) - raft.server.write.element-limit = 4096 (default)
2019-09-29 11:08:04,246 [97806d94-bf03-4162-88de-2912f25217ae@group-F987CDCB05C7:LeaderElection8] INFO  server.RaftServerConfigKeys (ConfUtils.java:logGet(43)) - raft.server.watch.timeout = 10s (default)
2019-09-29 11:08:04,248 [97806d94-bf03-4162-88de-2912f25217ae@group-F987CDCB05C7:LeaderElection8] INFO  server.RaftServerConfigKeys (ConfUtils.java:logGet(43)) - raft.server.watch.timeout.denomination = 1s (default)
2019-09-29 11:08:04,248 [97806d94-bf03-4162-88de-2912f25217ae@group-F987CDCB05C7:LeaderElection8] INFO  server.RaftServerConfigKeys (ConfUtils.java:logGet(43)) - raft.server.watch.element-limit = 65536 (default)
2019-09-29 11:08:04,253 [97806d94-bf03-4162-88de-2912f25217ae@group-F987CDCB05C7:LeaderElection8] INFO  server.RaftServerConfigKeys (ConfUtils.java:logGet(43)) - raft.server.log.appender.snapshot.chunk.size.max = 16MB (=16777216) (default)
2019-09-29 11:08:04,253 [97806d94-bf03-4162-88de-2912f25217ae@group-F987CDCB05C7:LeaderElection8] INFO  server.RaftServerConfigKeys (ConfUtils.java:logGet(43)) - raft.server.log.appender.buffer.byte-limit = 33554432 (custom)
2019-09-29 11:08:04,254 [97806d94-bf03-4162-88de-2912f25217ae@group-F987CDCB05C7:LeaderElection8] INFO  server.RaftServerConfigKeys (ConfUtils.java:logGet(43)) - raft.server.log.appender.buffer.element-limit = 1 (custom)
2019-09-29 11:08:04,257 [97806d94-bf03-4162-88de-2912f25217ae@group-F987CDCB05C7:LeaderElection8] INFO  grpc.GrpcConfigKeys$Server (ConfUtils.java:logGet(43)) - raft.grpc.server.leader.outstanding.appends.max = 128 (default)
2019-09-29 11:08:04,263 [97806d94-bf03-4162-88de-2912f25217ae@group-F987CDCB05C7:LeaderElection8] INFO  server.RaftServerConfigKeys (ConfUtils.java:logGet(43)) - raft.server.rpc.request.timeout = 3000ms (default)
2019-09-29 11:08:04,264 [97806d94-bf03-4162-88de-2912f25217ae@group-F987CDCB05C7:LeaderElection8] INFO  server.RaftServerConfigKeys (ConfUtils.java:logGet(43)) - raft.server.log.appender.install.snapshot.enabled = false (custom)
2019-09-29 11:08:04,265 [97806d94-bf03-4162-88de-2912f25217ae@group-F987CDCB05C7:LeaderElection8] INFO  server.RaftServerConfigKeys (ConfUtils.java:logGet(43)) - raft.server.log.appender.snapshot.chunk.size.max = 16MB (=16777216) (default)
2019-09-29 11:08:04,265 [97806d94-bf03-4162-88de-2912f25217ae@group-F987CDCB05C7:LeaderElection8] INFO  server.RaftServerConfigKeys (ConfUtils.java:logGet(43)) - raft.server.log.appender.buffer.byte-limit = 33554432 (custom)
2019-09-29 11:08:04,265 [97806d94-bf03-4162-88de-2912f25217ae@group-F987CDCB05C7:LeaderElection8] INFO  server.RaftServerConfigKeys (ConfUtils.java:logGet(43)) - raft.server.log.appender.buffer.element-limit = 1 (custom)
2019-09-29 11:08:04,265 [97806d94-bf03-4162-88de-2912f25217ae@group-F987CDCB05C7:LeaderElection8] INFO  grpc.GrpcConfigKeys$Server (ConfUtils.java:logGet(43)) - raft.grpc.server.leader.outstanding.appends.max = 128 (default)
2019-09-29 11:08:04,265 [97806d94-bf03-4162-88de-2912f25217ae@group-F987CDCB05C7:LeaderElection8] INFO  server.RaftServerConfigKeys (ConfUtils.java:logGet(43)) - raft.server.rpc.request.timeout = 3000ms (default)
2019-09-29 11:08:04,266 [97806d94-bf03-4162-88de-2912f25217ae@group-F987CDCB05C7:LeaderElection8] INFO  server.RaftServerConfigKeys (ConfUtils.java:logGet(43)) - raft.server.log.appender.install.snapshot.enabled = false (custom)
2019-09-29 11:08:04,267 [97806d94-bf03-4162-88de-2912f25217ae@group-F987CDCB05C7:LeaderElection8] INFO  impl.RoleInfo (RoleInfo.java:updateAndGet(143)) - 97806d94-bf03-4162-88de-2912f25217ae: start LeaderState
2019-09-29 11:08:04,267 [97806d94-bf03-4162-88de-2912f25217ae@group-F987CDCB05C7:LeaderElection8] INFO  segmented.SegmentedRaftLogWorker (SegmentedRaftLogWorker.java:startLogSegment(380)) - 97806d94-bf03-4162-88de-2912f25217ae@group-F987CDCB05C7-SegmentedRaftLogWorker: Starting segment from index:0
2019-09-29 11:08:04,269 [97806d94-bf03-4162-88de-2912f25217ae@group-F987CDCB05C7:LeaderElection8] INFO  impl.RaftServerImpl (ServerState.java:setRaftConf(354)) - 97806d94-bf03-4162-88de-2912f25217ae@group-F987CDCB05C7: set configuration 0: [97806d94-bf03-4162-88de-2912f25217ae:192.168.30.19:33042, 17e09b0e-7256-45e4-9e35-05f1f47ae986:192.168.30.19:35975, 32d50e58-0e8b-44bb-a013-d28b85576746:192.168.30.19:35526], old=null at 0
2019-09-29 11:08:04,321 [97806d94-bf03-4162-88de-2912f25217ae@group-F987CDCB05C7-SegmentedRaftLogWorker] INFO  segmented.SegmentedRaftLogWorker (SegmentedRaftLogWorker.java:execute(569)) - 97806d94-bf03-4162-88de-2912f25217ae@group-F987CDCB05C7-SegmentedRaftLogWorker: created new log segment /workdir/hadoop-ozone/integration-test/target/test-dir/MiniOzoneClusterImpl-3830d8fa-b618-494a-8595-70b28c2bfeb8/datanode-5/data/ratis/184b665c-197b-41f2-a3ec-f987cdcb05c7/current/log_inprogress_0
2019-09-29 11:08:04,323 [grpc-default-executor-0] INFO  impl.RaftServerImpl (ServerState.java:setLeader(253)) - 32d50e58-0e8b-44bb-a013-d28b85576746@group-F987CDCB05C7: change Leader from null to 97806d94-bf03-4162-88de-2912f25217ae at term 1 for appendEntries, leader elected after 5234ms
2019-09-29 11:08:04,323 [grpc-default-executor-3] INFO  impl.RaftServerImpl (ServerState.java:setLeader(253)) - 17e09b0e-7256-45e4-9e35-05f1f47ae986@group-F987CDCB05C7: change Leader from null to 97806d94-bf03-4162-88de-2912f25217ae at term 1 for appendEntries, leader elected after 5234ms
2019-09-29 11:08:04,338 [Thread-275] INFO  impl.FollowerState (FollowerState.java:run(106)) - 97806d94-bf03-4162-88de-2912f25217ae:group-84B396C0AFBE changes to CANDIDATE, lastRpcTime:5089, electionTimeout:5089ms
2019-09-29 11:08:04,338 [Thread-275] INFO  impl.RoleInfo (RoleInfo.java:shutdownFollowerState(121)) - 97806d94-bf03-4162-88de-2912f25217ae: shutdown FollowerState
2019-09-29 11:08:04,338 [Thread-275] INFO  impl.RaftServerImpl (RaftServerImpl.java:setRole(174)) - 97806d94-bf03-4162-88de-2912f25217ae@group-84B396C0AFBE: changes role from  FOLLOWER to CANDIDATE at term 0 for changeToCandidate
2019-09-29 11:08:04,338 [Thread-275] INFO  impl.RoleInfo (RoleInfo.java:updateAndGet(143)) - 97806d94-bf03-4162-88de-2912f25217ae: start LeaderElection
2019-09-29 11:08:04,364 [grpc-default-executor-0] INFO  impl.RaftServerImpl (ServerState.java:setRaftConf(354)) - 32d50e58-0e8b-44bb-a013-d28b85576746@group-F987CDCB05C7: set configuration 0: [97806d94-bf03-4162-88de-2912f25217ae:192.168.30.19:33042, 17e09b0e-7256-45e4-9e35-05f1f47ae986:192.168.30.19:35975, 32d50e58-0e8b-44bb-a013-d28b85576746:192.168.30.19:35526], old=null at 0
2019-09-29 11:08:04,364 [grpc-default-executor-3] INFO  impl.RaftServerImpl (ServerState.java:setRaftConf(354)) - 17e09b0e-7256-45e4-9e35-05f1f47ae986@group-F987CDCB05C7: set configuration 0: [97806d94-bf03-4162-88de-2912f25217ae:192.168.30.19:33042, 17e09b0e-7256-45e4-9e35-05f1f47ae986:192.168.30.19:35975, 32d50e58-0e8b-44bb-a013-d28b85576746:192.168.30.19:35526], old=null at 0
2019-09-29 11:08:04,364 [grpc-default-executor-0] INFO  segmented.SegmentedRaftLogWorker (SegmentedRaftLogWorker.java:startLogSegment(380)) - 32d50e58-0e8b-44bb-a013-d28b85576746@group-F987CDCB05C7-SegmentedRaftLogWorker: Starting segment from index:0
2019-09-29 11:08:04,364 [grpc-default-executor-3] INFO  segmented.SegmentedRaftLogWorker (SegmentedRaftLogWorker.java:startLogSegment(380)) - 17e09b0e-7256-45e4-9e35-05f1f47ae986@group-F987CDCB05C7-SegmentedRaftLogWorker: Starting segment from index:0
2019-09-29 11:08:04,365 [Thread-276] INFO  impl.FollowerState (FollowerState.java:run(106)) - 32d50e58-0e8b-44bb-a013-d28b85576746:group-84B396C0AFBE changes to CANDIDATE, lastRpcTime:5115, electionTimeout:5115ms
2019-09-29 11:08:04,365 [Thread-276] INFO  impl.RoleInfo (RoleInfo.java:shutdownFollowerState(121)) - 32d50e58-0e8b-44bb-a013-d28b85576746: shutdown FollowerState
2019-09-29 11:08:04,365 [Thread-276] INFO  impl.RaftServerImpl (RaftServerImpl.java:setRole(174)) - 32d50e58-0e8b-44bb-a013-d28b85576746@group-84B396C0AFBE: changes role from  FOLLOWER to CANDIDATE at term 0 for changeToCandidate
2019-09-29 11:08:04,365 [Thread-276] INFO  impl.RoleInfo (RoleInfo.java:updateAndGet(143)) - 32d50e58-0e8b-44bb-a013-d28b85576746: start LeaderElection
2019-09-29 11:08:04,395 [97806d94-bf03-4162-88de-2912f25217ae@group-84B396C0AFBE:LeaderElection10] INFO  impl.LeaderElection (LeaderElection.java:askForVotes(182)) - 97806d94-bf03-4162-88de-2912f25217ae@group-84B396C0AFBE:LeaderElection10: begin an election at term 1 for -1: [97806d94-bf03-4162-88de-2912f25217ae:192.168.30.19:33042, 32d50e58-0e8b-44bb-a013-d28b85576746:192.168.30.19:35526, 17e09b0e-7256-45e4-9e35-05f1f47ae986:192.168.30.19:35975], old=null
2019-09-29 11:08:04,408 [grpc-default-executor-3] INFO  impl.RaftServerImpl (RaftServerImpl.java:setRole(174)) - 17e09b0e-7256-45e4-9e35-05f1f47ae986@group-84B396C0AFBE: changes role from  FOLLOWER to FOLLOWER at term 1 for recognizeCandidate:97806d94-bf03-4162-88de-2912f25217ae
2019-09-29 11:08:04,409 [grpc-default-executor-3] INFO  impl.RoleInfo (RoleInfo.java:shutdownFollowerState(121)) - 17e09b0e-7256-45e4-9e35-05f1f47ae986: shutdown FollowerState
2019-09-29 11:08:04,409 [grpc-default-executor-3] INFO  impl.RoleInfo (RoleInfo.java:updateAndGet(143)) - 17e09b0e-7256-45e4-9e35-05f1f47ae986: start FollowerState
2019-09-29 11:08:04,409 [Thread-273] INFO  impl.FollowerState (FollowerState.java:run(115)) - 17e09b0e-7256-45e4-9e35-05f1f47ae986: FollowerState was interrupted: java.lang.InterruptedException: sleep interrupted
2019-09-29 11:08:04,421 [17e09b0e-7256-45e4-9e35-05f1f47ae986@group-F987CDCB05C7-SegmentedRaftLogWorker] INFO  segmented.SegmentedRaftLogWorker (SegmentedRaftLogWorker.java:execute(569)) - 17e09b0e-7256-45e4-9e35-05f1f47ae986@group-F987CDCB05C7-SegmentedRaftLogWorker: created new log segment /workdir/hadoop-ozone/integration-test/target/test-dir/MiniOzoneClusterImpl-3830d8fa-b618-494a-8595-70b28c2bfeb8/datanode-6/data/ratis/184b665c-197b-41f2-a3ec-f987cdcb05c7/current/log_inprogress_0
2019-09-29 11:08:04,421 [32d50e58-0e8b-44bb-a013-d28b85576746@group-84B396C0AFBE:LeaderElection11] INFO  impl.LeaderElection (LeaderElection.java:askForVotes(182)) - 32d50e58-0e8b-44bb-a013-d28b85576746@group-84B396C0AFBE:LeaderElection11: begin an election at term 1 for -1: [97806d94-bf03-4162-88de-2912f25217ae:192.168.30.19:33042, 32d50e58-0e8b-44bb-a013-d28b85576746:192.168.30.19:35526, 17e09b0e-7256-45e4-9e35-05f1f47ae986:192.168.30.19:35975], old=null
2019-09-29 11:08:04,421 [32d50e58-0e8b-44bb-a013-d28b85576746@group-F987CDCB05C7-SegmentedRaftLogWorker] INFO  segmented.SegmentedRaftLogWorker (SegmentedRaftLogWorker.java:execute(569)) - 32d50e58-0e8b-44bb-a013-d28b85576746@group-F987CDCB05C7-SegmentedRaftLogWorker: created new log segment /workdir/hadoop-ozone/integration-test/target/test-dir/MiniOzoneClusterImpl-3830d8fa-b618-494a-8595-70b28c2bfeb8/datanode-1/data/ratis/184b665c-197b-41f2-a3ec-f987cdcb05c7/current/log_inprogress_0
2019-09-29 11:08:04,440 [97806d94-bf03-4162-88de-2912f25217ae@group-84B396C0AFBE:LeaderElection10] INFO  impl.LeaderElection (LeaderElection.java:logAndReturn(56)) - 97806d94-bf03-4162-88de-2912f25217ae@group-84B396C0AFBE:LeaderElection10: Election PASSED; received 2 response(s) [97806d94-bf03-4162-88de-2912f25217ae<-32d50e58-0e8b-44bb-a013-d28b85576746#0:FAIL-t1, 97806d94-bf03-4162-88de-2912f25217ae<-17e09b0e-7256-45e4-9e35-05f1f47ae986#0:OK-t1] and 0 exception(s); 97806d94-bf03-4162-88de-2912f25217ae@group-84B396C0AFBE:t1, leader=null, voted=97806d94-bf03-4162-88de-2912f25217ae, raftlog=97806d94-bf03-4162-88de-2912f25217ae@group-84B396C0AFBE-SegmentedRaftLog:OPENED:c-1,f-1,i0, conf=-1: [97806d94-bf03-4162-88de-2912f25217ae:192.168.30.19:33042, 32d50e58-0e8b-44bb-a013-d28b85576746:192.168.30.19:35526, 17e09b0e-7256-45e4-9e35-05f1f47ae986:192.168.30.19:35975], old=null
2019-09-29 11:08:04,441 [97806d94-bf03-4162-88de-2912f25217ae@group-84B396C0AFBE:LeaderElection10] INFO  impl.RoleInfo (RoleInfo.java:shutdownLeaderElection(134)) - 97806d94-bf03-4162-88de-2912f25217ae: shutdown LeaderElection
2019-09-29 11:08:04,444 [97806d94-bf03-4162-88de-2912f25217ae@group-84B396C0AFBE:LeaderElection10] INFO  impl.RaftServerImpl (RaftServerImpl.java:setRole(174)) - 97806d94-bf03-4162-88de-2912f25217ae@group-84B396C0AFBE: changes role from CANDIDATE to LEADER at term 1 for changeToLeader
2019-09-29 11:08:04,444 [97806d94-bf03-4162-88de-2912f25217ae@group-84B396C0AFBE:LeaderElection10] INFO  impl.RaftServerImpl (ServerState.java:setLeader(253)) - 97806d94-bf03-4162-88de-2912f25217ae@group-84B396C0AFBE: change Leader from null to 97806d94-bf03-4162-88de-2912f25217ae at term 1 for becomeLeader, leader elected after 5213ms
2019-09-29 11:08:04,444 [32d50e58-0e8b-44bb-a013-d28b85576746@group-84B396C0AFBE:LeaderElection11] INFO  impl.LeaderElection (LeaderElection.java:logAndReturn(56)) - 32d50e58-0e8b-44bb-a013-d28b85576746@group-84B396C0AFBE:LeaderElection11: Election REJECTED; received 2 response(s) [32d50e58-0e8b-44bb-a013-d28b85576746<-97806d94-bf03-4162-88de-2912f25217ae#0:FAIL-t1, 32d50e58-0e8b-44bb-a013-d28b85576746<-17e09b0e-7256-45e4-9e35-05f1f47ae986#0:FAIL-t1] and 0 exception(s); 32d50e58-0e8b-44bb-a013-d28b85576746@group-84B396C0AFBE:t1, leader=null, voted=32d50e58-0e8b-44bb-a013-d28b85576746, raftlog=32d50e58-0e8b-44bb-a013-d28b85576746@group-84B396C0AFBE-SegmentedRaftLog:OPENED:c-1,f-1,i0, conf=-1: [97806d94-bf03-4162-88de-2912f25217ae:192.168.30.19:33042, 32d50e58-0e8b-44bb-a013-d28b85576746:192.168.30.19:35526, 17e09b0e-7256-45e4-9e35-05f1f47ae986:192.168.30.19:35975], old=null
2019-09-29 11:08:04,446 [97806d94-bf03-4162-88de-2912f25217ae@group-84B396C0AFBE:LeaderElection10] INFO  server.RaftServerConfigKeys (ConfUtils.java:logGet(43)) - raft.server.staging.catchup.gap = 1000 (default)
2019-09-29 11:08:04,446 [32d50e58-0e8b-44bb-a013-d28b85576746@group-84B396C0AFBE:LeaderElection11] INFO  impl.RaftServerImpl (RaftServerImpl.java:setRole(174)) - 32d50e58-0e8b-44bb-a013-d28b85576746@group-84B396C0AFBE: changes role from CANDIDATE to FOLLOWER at term 1 for DISCOVERED_A_NEW_TERM
2019-09-29 11:08:04,453 [97806d94-bf03-4162-88de-2912f25217ae@group-84B396C0AFBE:LeaderElection10] INFO  server.RaftServerConfigKeys (ConfUtils.java:logGet(43)) - raft.server.rpc.sleep.time = 25ms (default)
2019-09-29 11:08:04,455 [32d50e58-0e8b-44bb-a013-d28b85576746@group-84B396C0AFBE:LeaderElection11] INFO  impl.RoleInfo (RoleInfo.java:shutdownLeaderElection(134)) - 32d50e58-0e8b-44bb-a013-d28b85576746: shutdown LeaderElection
2019-09-29 11:08:04,455 [97806d94-bf03-4162-88de-2912f25217ae@group-84B396C0AFBE:LeaderElection10] INFO  server.RaftServerConfigKeys (ConfUtils.java:logGet(43)) - raft.server.write.element-limit = 4096 (default)
2019-09-29 11:08:04,455 [32d50e58-0e8b-44bb-a013-d28b85576746@group-84B396C0AFBE:LeaderElection11] INFO  impl.RoleInfo (RoleInfo.java:updateAndGet(143)) - 32d50e58-0e8b-44bb-a013-d28b85576746: start FollowerState
2019-09-29 11:08:04,455 [97806d94-bf03-4162-88de-2912f25217ae@group-84B396C0AFBE:LeaderElection10] INFO  server.RaftServerConfigKeys (ConfUtils.java:logGet(43)) - raft.server.watch.timeout = 10s (default)
2019-09-29 11:08:04,455 [97806d94-bf03-4162-88de-2912f25217ae@group-84B396C0AFBE:LeaderElection10] INFO  server.RaftServerConfigKeys (ConfUtils.java:logGet(43)) - raft.server.watch.timeout.denomination = 1s (default)
2019-09-29 11:08:04,456 [97806d94-bf03-4162-88de-2912f25217ae@group-84B396C0AFBE:LeaderElection10] INFO  server.RaftServerConfigKeys (ConfUtils.java:logGet(43)) - raft.server.watch.element-limit = 65536 (default)
2019-09-29 11:08:04,459 [97806d94-bf03-4162-88de-2912f25217ae@group-84B396C0AFBE:LeaderElection10] INFO  server.RaftServerConfigKeys (ConfUtils.java:logGet(43)) - raft.server.log.appender.snapshot.chunk.size.max = 16MB (=16777216) (default)
2019-09-29 11:08:04,459 [97806d94-bf03-4162-88de-2912f25217ae@group-84B396C0AFBE:LeaderElection10] INFO  server.RaftServerConfigKeys (ConfUtils.java:logGet(43)) - raft.server.log.appender.buffer.byte-limit = 33554432 (custom)
2019-09-29 11:08:04,459 [97806d94-bf03-4162-88de-2912f25217ae@group-84B396C0AFBE:LeaderElection10] INFO  server.RaftServerConfigKeys (ConfUtils.java:logGet(43)) - raft.server.log.appender.buffer.element-limit = 1 (custom)
2019-09-29 11:08:04,460 [97806d94-bf03-4162-88de-2912f25217ae@group-84B396C0AFBE:LeaderElection10] INFO  grpc.GrpcConfigKeys$Server (ConfUtils.java:logGet(43)) - raft.grpc.server.leader.outstanding.appends.max = 128 (default)
2019-09-29 11:08:04,461 [97806d94-bf03-4162-88de-2912f25217ae@group-84B396C0AFBE:LeaderElection10] INFO  server.RaftServerConfigKeys (ConfUtils.java:logGet(43)) - raft.server.rpc.request.timeout = 3000ms (default)
2019-09-29 11:08:04,462 [97806d94-bf03-4162-88de-2912f25217ae@group-84B396C0AFBE:LeaderElection10] INFO  server.RaftServerConfigKeys (ConfUtils.java:logGet(43)) - raft.server.log.appender.install.snapshot.enabled = false (custom)
2019-09-29 11:08:04,462 [97806d94-bf03-4162-88de-2912f25217ae@group-84B396C0AFBE:LeaderElection10] INFO  server.RaftServerConfigKeys (ConfUtils.java:logGet(43)) - raft.server.log.appender.snapshot.chunk.size.max = 16MB (=16777216) (default)
2019-09-29 11:08:04,462 [97806d94-bf03-4162-88de-2912f25217ae@group-84B396C0AFBE:LeaderElection10] INFO  server.RaftServerConfigKeys (ConfUtils.java:logGet(43)) - raft.server.log.appender.buffer.byte-limit = 33554432 (custom)
2019-09-29 11:08:04,464 [97806d94-bf03-4162-88de-2912f25217ae@group-84B396C0AFBE:LeaderElection10] INFO  server.RaftServerConfigKeys (ConfUtils.java:logGet(43)) - raft.server.log.appender.buffer.element-limit = 1 (custom)
2019-09-29 11:08:04,464 [97806d94-bf03-4162-88de-2912f25217ae@group-84B396C0AFBE:LeaderElection10] INFO  grpc.GrpcConfigKeys$Server (ConfUtils.java:logGet(43)) - raft.grpc.server.leader.outstanding.appends.max = 128 (default)
2019-09-29 11:08:04,464 [97806d94-bf03-4162-88de-2912f25217ae@group-84B396C0AFBE:LeaderElection10] INFO  server.RaftServerConfigKeys (ConfUtils.java:logGet(43)) - raft.server.rpc.request.timeout = 3000ms (default)
2019-09-29 11:08:04,464 [97806d94-bf03-4162-88de-2912f25217ae@group-84B396C0AFBE:LeaderElection10] INFO  server.RaftServerConfigKeys (ConfUtils.java:logGet(43)) - raft.server.log.appender.install.snapshot.enabled = false (custom)
2019-09-29 11:08:04,465 [97806d94-bf03-4162-88de-2912f25217ae@group-84B396C0AFBE:LeaderElection10] INFO  impl.RoleInfo (RoleInfo.java:updateAndGet(143)) - 97806d94-bf03-4162-88de-2912f25217ae: start LeaderState
2019-09-29 11:08:04,465 [97806d94-bf03-4162-88de-2912f25217ae@group-84B396C0AFBE:LeaderElection10] INFO  segmented.SegmentedRaftLogWorker (SegmentedRaftLogWorker.java:startLogSegment(380)) - 97806d94-bf03-4162-88de-2912f25217ae@group-84B396C0AFBE-SegmentedRaftLogWorker: Starting segment from index:0
2019-09-29 11:08:04,466 [97806d94-bf03-4162-88de-2912f25217ae@group-84B396C0AFBE:LeaderElection10] INFO  impl.RaftServerImpl (ServerState.java:setRaftConf(354)) - 97806d94-bf03-4162-88de-2912f25217ae@group-84B396C0AFBE: set configuration 0: [97806d94-bf03-4162-88de-2912f25217ae:192.168.30.19:33042, 32d50e58-0e8b-44bb-a013-d28b85576746:192.168.30.19:35526, 17e09b0e-7256-45e4-9e35-05f1f47ae986:192.168.30.19:35975], old=null at 0
2019-09-29 11:08:04,469 [grpc-default-executor-1] INFO  impl.RaftServerImpl (ServerState.java:setLeader(253)) - 17e09b0e-7256-45e4-9e35-05f1f47ae986@group-84B396C0AFBE: change Leader from null to 97806d94-bf03-4162-88de-2912f25217ae at term 1 for appendEntries, leader elected after 5238ms
2019-09-29 11:08:04,469 [grpc-default-executor-3] INFO  impl.RaftServerImpl (ServerState.java:setLeader(253)) - 32d50e58-0e8b-44bb-a013-d28b85576746@group-84B396C0AFBE: change Leader from null to 97806d94-bf03-4162-88de-2912f25217ae at term 1 for appendEntries, leader elected after 5238ms
2019-09-29 11:08:04,473 [grpc-default-executor-3] INFO  impl.RaftServerImpl (ServerState.java:setRaftConf(354)) - 17e09b0e-7256-45e4-9e35-05f1f47ae986@group-84B396C0AFBE: set configuration 0: [97806d94-bf03-4162-88de-2912f25217ae:192.168.30.19:33042, 32d50e58-0e8b-44bb-a013-d28b85576746:192.168.30.19:35526, 17e09b0e-7256-45e4-9e35-05f1f47ae986:192.168.30.19:35975], old=null at 0
2019-09-29 11:08:04,473 [grpc-default-executor-3] INFO  segmented.SegmentedRaftLogWorker (SegmentedRaftLogWorker.java:startLogSegment(380)) - 17e09b0e-7256-45e4-9e35-05f1f47ae986@group-84B396C0AFBE-SegmentedRaftLogWorker: Starting segment from index:0
2019-09-29 11:08:04,474 [grpc-default-executor-1] INFO  impl.RaftServerImpl (ServerState.java:setRaftConf(354)) - 32d50e58-0e8b-44bb-a013-d28b85576746@group-84B396C0AFBE: set configuration 0: [97806d94-bf03-4162-88de-2912f25217ae:192.168.30.19:33042, 32d50e58-0e8b-44bb-a013-d28b85576746:192.168.30.19:35526, 17e09b0e-7256-45e4-9e35-05f1f47ae986:192.168.30.19:35975], old=null at 0
2019-09-29 11:08:04,474 [grpc-default-executor-1] INFO  segmented.SegmentedRaftLogWorker (SegmentedRaftLogWorker.java:startLogSegment(380)) - 32d50e58-0e8b-44bb-a013-d28b85576746@group-84B396C0AFBE-SegmentedRaftLogWorker: Starting segment from index:0
2019-09-29 11:08:04,502 [Thread-282] INFO  impl.FollowerState (FollowerState.java:run(106)) - 17e09b0e-7256-45e4-9e35-05f1f47ae986:group-2720C30680E1 changes to CANDIDATE, lastRpcTime:5133, electionTimeout:5133ms
2019-09-29 11:08:04,502 [Thread-282] INFO  impl.RoleInfo (RoleInfo.java:shutdownFollowerState(121)) - 17e09b0e-7256-45e4-9e35-05f1f47ae986: shutdown FollowerState
2019-09-29 11:08:04,503 [Thread-282] INFO  impl.RaftServerImpl (RaftServerImpl.java:setRole(174)) - 17e09b0e-7256-45e4-9e35-05f1f47ae986@group-2720C30680E1: changes role from  FOLLOWER to CANDIDATE at term 0 for changeToCandidate
2019-09-29 11:08:04,503 [Thread-282] INFO  impl.RoleInfo (RoleInfo.java:updateAndGet(143)) - 17e09b0e-7256-45e4-9e35-05f1f47ae986: start LeaderElection
2019-09-29 11:08:04,522 [32d50e58-0e8b-44bb-a013-d28b85576746@group-84B396C0AFBE-SegmentedRaftLogWorker] INFO  segmented.SegmentedRaftLogWorker (SegmentedRaftLogWorker.java:execute(569)) - 32d50e58-0e8b-44bb-a013-d28b85576746@group-84B396C0AFBE-SegmentedRaftLogWorker: created new log segment /workdir/hadoop-ozone/integration-test/target/test-dir/MiniOzoneClusterImpl-3830d8fa-b618-494a-8595-70b28c2bfeb8/datanode-1/data/ratis/944cfc06-61c9-4a8a-8c0a-84b396c0afbe/current/log_inprogress_0
2019-09-29 11:08:04,522 [17e09b0e-7256-45e4-9e35-05f1f47ae986@group-84B396C0AFBE-SegmentedRaftLogWorker] INFO  segmented.SegmentedRaftLogWorker (SegmentedRaftLogWorker.java:execute(569)) - 17e09b0e-7256-45e4-9e35-05f1f47ae986@group-84B396C0AFBE-SegmentedRaftLogWorker: created new log segment /workdir/hadoop-ozone/integration-test/target/test-dir/MiniOzoneClusterImpl-3830d8fa-b618-494a-8595-70b28c2bfeb8/datanode-6/data/ratis/944cfc06-61c9-4a8a-8c0a-84b396c0afbe/current/log_inprogress_0
2019-09-29 11:08:04,522 [17e09b0e-7256-45e4-9e35-05f1f47ae986@group-2720C30680E1:LeaderElection12] INFO  impl.LeaderElection (LeaderElection.java:askForVotes(182)) - 17e09b0e-7256-45e4-9e35-05f1f47ae986@group-2720C30680E1:LeaderElection12: begin an election at term 1 for -1: [97806d94-bf03-4162-88de-2912f25217ae:192.168.30.19:33042, 17e09b0e-7256-45e4-9e35-05f1f47ae986:192.168.30.19:35975, 32d50e58-0e8b-44bb-a013-d28b85576746:192.168.30.19:35526], old=null
2019-09-29 11:08:04,522 [97806d94-bf03-4162-88de-2912f25217ae@group-84B396C0AFBE-SegmentedRaftLogWorker] INFO  segmented.SegmentedRaftLogWorker (SegmentedRaftLogWorker.java:execute(569)) - 97806d94-bf03-4162-88de-2912f25217ae@group-84B396C0AFBE-SegmentedRaftLogWorker: created new log segment /workdir/hadoop-ozone/integration-test/target/test-dir/MiniOzoneClusterImpl-3830d8fa-b618-494a-8595-70b28c2bfeb8/datanode-5/data/ratis/944cfc06-61c9-4a8a-8c0a-84b396c0afbe/current/log_inprogress_0
2019-09-29 11:08:04,535 [grpc-default-executor-3] INFO  impl.RaftServerImpl (RaftServerImpl.java:setRole(174)) - 32d50e58-0e8b-44bb-a013-d28b85576746@group-2720C30680E1: changes role from  FOLLOWER to FOLLOWER at term 1 for recognizeCandidate:17e09b0e-7256-45e4-9e35-05f1f47ae986
2019-09-29 11:08:04,537 [grpc-default-executor-3] INFO  impl.RoleInfo (RoleInfo.java:shutdownFollowerState(121)) - 32d50e58-0e8b-44bb-a013-d28b85576746: shutdown FollowerState
2019-09-29 11:08:04,537 [grpc-default-executor-3] INFO  impl.RoleInfo (RoleInfo.java:updateAndGet(143)) - 32d50e58-0e8b-44bb-a013-d28b85576746: start FollowerState
2019-09-29 11:08:04,538 [grpc-default-executor-1] INFO  impl.RaftServerImpl (RaftServerImpl.java:setRole(174)) - 97806d94-bf03-4162-88de-2912f25217ae@group-2720C30680E1: changes role from  FOLLOWER to FOLLOWER at term 1 for recognizeCandidate:17e09b0e-7256-45e4-9e35-05f1f47ae986
2019-09-29 11:08:04,537 [Thread-286] INFO  impl.FollowerState (FollowerState.java:run(115)) - 32d50e58-0e8b-44bb-a013-d28b85576746: FollowerState was interrupted: java.lang.InterruptedException: sleep interrupted
2019-09-29 11:08:04,539 [grpc-default-executor-1] INFO  impl.RoleInfo (RoleInfo.java:shutdownFollowerState(121)) - 97806d94-bf03-4162-88de-2912f25217ae: shutdown FollowerState
2019-09-29 11:08:04,540 [Thread-283] INFO  impl.FollowerState (FollowerState.java:run(115)) - 97806d94-bf03-4162-88de-2912f25217ae: FollowerState was interrupted: java.lang.InterruptedException: sleep interrupted
2019-09-29 11:08:04,540 [grpc-default-executor-1] INFO  impl.RoleInfo (RoleInfo.java:updateAndGet(143)) - 97806d94-bf03-4162-88de-2912f25217ae: start FollowerState
2019-09-29 11:08:04,573 [17e09b0e-7256-45e4-9e35-05f1f47ae986@group-2720C30680E1:LeaderElection12] INFO  impl.LeaderElection (LeaderElection.java:logAndReturn(56)) - 17e09b0e-7256-45e4-9e35-05f1f47ae986@group-2720C30680E1:LeaderElection12: Election PASSED; received 1 response(s) [17e09b0e-7256-45e4-9e35-05f1f47ae986<-97806d94-bf03-4162-88de-2912f25217ae#0:OK-t1] and 0 exception(s); 17e09b0e-7256-45e4-9e35-05f1f47ae986@group-2720C30680E1:t1, leader=null, voted=17e09b0e-7256-45e4-9e35-05f1f47ae986, raftlog=17e09b0e-7256-45e4-9e35-05f1f47ae986@group-2720C30680E1-SegmentedRaftLog:OPENED:c-1,f-1,i0, conf=-1: [97806d94-bf03-4162-88de-2912f25217ae:192.168.30.19:33042, 17e09b0e-7256-45e4-9e35-05f1f47ae986:192.168.30.19:35975, 32d50e58-0e8b-44bb-a013-d28b85576746:192.168.30.19:35526], old=null
2019-09-29 11:08:04,573 [17e09b0e-7256-45e4-9e35-05f1f47ae986@group-2720C30680E1:LeaderElection12] INFO  impl.RoleInfo (RoleInfo.java:shutdownLeaderElection(134)) - 17e09b0e-7256-45e4-9e35-05f1f47ae986: shutdown LeaderElection
2019-09-29 11:08:04,575 [17e09b0e-7256-45e4-9e35-05f1f47ae986@group-2720C30680E1:LeaderElection12] INFO  impl.RaftServerImpl (RaftServerImpl.java:setRole(174)) - 17e09b0e-7256-45e4-9e35-05f1f47ae986@group-2720C30680E1: changes role from CANDIDATE to LEADER at term 1 for changeToLeader
2019-09-29 11:08:04,576 [17e09b0e-7256-45e4-9e35-05f1f47ae986@group-2720C30680E1:LeaderElection12] INFO  impl.RaftServerImpl (ServerState.java:setLeader(253)) - 17e09b0e-7256-45e4-9e35-05f1f47ae986@group-2720C30680E1: change Leader from null to 17e09b0e-7256-45e4-9e35-05f1f47ae986 at term 1 for becomeLeader, leader elected after 5216ms
2019-09-29 11:08:04,576 [17e09b0e-7256-45e4-9e35-05f1f47ae986@group-2720C30680E1:LeaderElection12] INFO  server.RaftServerConfigKeys (ConfUtils.java:logGet(43)) - raft.server.staging.catchup.gap = 1000 (default)
2019-09-29 11:08:04,576 [17e09b0e-7256-45e4-9e35-05f1f47ae986@group-2720C30680E1:LeaderElection12] INFO  server.RaftServerConfigKeys (ConfUtils.java:logGet(43)) - raft.server.rpc.sleep.time = 25ms (default)
2019-09-29 11:08:04,576 [17e09b0e-7256-45e4-9e35-05f1f47ae986@group-2720C30680E1:LeaderElection12] INFO  server.RaftServerConfigKeys (ConfUtils.java:logGet(43)) - raft.server.write.element-limit = 4096 (default)
2019-09-29 11:08:04,577 [17e09b0e-7256-45e4-9e35-05f1f47ae986@group-2720C30680E1:LeaderElection12] INFO  server.RaftServerConfigKeys (ConfUtils.java:logGet(43)) - raft.server.watch.timeout = 10s (default)
2019-09-29 11:08:04,577 [17e09b0e-7256-45e4-9e35-05f1f47ae986@group-2720C30680E1:LeaderElection12] INFO  server.RaftServerConfigKeys (ConfUtils.java:logGet(43)) - raft.server.watch.timeout.denomination = 1s (default)
2019-09-29 11:08:04,577 [17e09b0e-7256-45e4-9e35-05f1f47ae986@group-2720C30680E1:LeaderElection12] INFO  server.RaftServerConfigKeys (ConfUtils.java:logGet(43)) - raft.server.watch.element-limit = 65536 (default)
2019-09-29 11:08:04,581 [17e09b0e-7256-45e4-9e35-05f1f47ae986@group-2720C30680E1:LeaderElection12] INFO  server.RaftServerConfigKeys (ConfUtils.java:logGet(43)) - raft.server.log.appender.snapshot.chunk.size.max = 16MB (=16777216) (default)
2019-09-29 11:08:04,581 [17e09b0e-7256-45e4-9e35-05f1f47ae986@group-2720C30680E1:LeaderElection12] INFO  server.RaftServerConfigKeys (ConfUtils.java:logGet(43)) - raft.server.log.appender.buffer.byte-limit = 33554432 (custom)
2019-09-29 11:08:04,581 [17e09b0e-7256-45e4-9e35-05f1f47ae986@group-2720C30680E1:LeaderElection12] INFO  server.RaftServerConfigKeys (ConfUtils.java:logGet(43)) - raft.server.log.appender.buffer.element-limit = 1 (custom)
2019-09-29 11:08:04,582 [17e09b0e-7256-45e4-9e35-05f1f47ae986@group-2720C30680E1:LeaderElection12] INFO  grpc.GrpcConfigKeys$Server (ConfUtils.java:logGet(43)) - raft.grpc.server.leader.outstanding.appends.max = 128 (default)
2019-09-29 11:08:04,582 [17e09b0e-7256-45e4-9e35-05f1f47ae986@group-2720C30680E1:LeaderElection12] INFO  server.RaftServerConfigKeys (ConfUtils.java:logGet(43)) - raft.server.rpc.request.timeout = 3000ms (default)
2019-09-29 11:08:04,582 [17e09b0e-7256-45e4-9e35-05f1f47ae986@group-2720C30680E1:LeaderElection12] INFO  server.RaftServerConfigKeys (ConfUtils.java:logGet(43)) - raft.server.log.appender.install.snapshot.enabled = false (custom)
2019-09-29 11:08:04,583 [17e09b0e-7256-45e4-9e35-05f1f47ae986@group-2720C30680E1:LeaderElection12] INFO  server.RaftServerConfigKeys (ConfUtils.java:logGet(43)) - raft.server.log.appender.snapshot.chunk.size.max = 16MB (=16777216) (default)
2019-09-29 11:08:04,583 [17e09b0e-7256-45e4-9e35-05f1f47ae986@group-2720C30680E1:LeaderElection12] INFO  server.RaftServerConfigKeys (ConfUtils.java:logGet(43)) - raft.server.log.appender.buffer.byte-limit = 33554432 (custom)
2019-09-29 11:08:04,583 [17e09b0e-7256-45e4-9e35-05f1f47ae986@group-2720C30680E1:LeaderElection12] INFO  server.RaftServerConfigKeys (ConfUtils.java:logGet(43)) - raft.server.log.appender.buffer.element-limit = 1 (custom)
2019-09-29 11:08:04,583 [17e09b0e-7256-45e4-9e35-05f1f47ae986@group-2720C30680E1:LeaderElection12] INFO  grpc.GrpcConfigKeys$Server (ConfUtils.java:logGet(43)) - raft.grpc.server.leader.outstanding.appends.max = 128 (default)
2019-09-29 11:08:04,584 [17e09b0e-7256-45e4-9e35-05f1f47ae986@group-2720C30680E1:LeaderElection12] INFO  server.RaftServerConfigKeys (ConfUtils.java:logGet(43)) - raft.server.rpc.request.timeout = 3000ms (default)
2019-09-29 11:08:04,584 [17e09b0e-7256-45e4-9e35-05f1f47ae986@group-2720C30680E1:LeaderElection12] INFO  server.RaftServerConfigKeys (ConfUtils.java:logGet(43)) - raft.server.log.appender.install.snapshot.enabled = false (custom)
2019-09-29 11:08:04,584 [17e09b0e-7256-45e4-9e35-05f1f47ae986@group-2720C30680E1:LeaderElection12] INFO  impl.RoleInfo (RoleInfo.java:updateAndGet(143)) - 17e09b0e-7256-45e4-9e35-05f1f47ae986: start LeaderState
2019-09-29 11:08:04,584 [17e09b0e-7256-45e4-9e35-05f1f47ae986@group-2720C30680E1:LeaderElection12] INFO  segmented.SegmentedRaftLogWorker (SegmentedRaftLogWorker.java:startLogSegment(380)) - 17e09b0e-7256-45e4-9e35-05f1f47ae986@group-2720C30680E1-SegmentedRaftLogWorker: Starting segment from index:0
2019-09-29 11:08:04,586 [17e09b0e-7256-45e4-9e35-05f1f47ae986@group-2720C30680E1:LeaderElection12] INFO  impl.RaftServerImpl (ServerState.java:setRaftConf(354)) - 17e09b0e-7256-45e4-9e35-05f1f47ae986@group-2720C30680E1: set configuration 0: [97806d94-bf03-4162-88de-2912f25217ae:192.168.30.19:33042, 17e09b0e-7256-45e4-9e35-05f1f47ae986:192.168.30.19:35975, 32d50e58-0e8b-44bb-a013-d28b85576746:192.168.30.19:35526], old=null at 0
2019-09-29 11:08:04,622 [grpc-default-executor-1] INFO  impl.RaftServerImpl (ServerState.java:setLeader(253)) - 97806d94-bf03-4162-88de-2912f25217ae@group-2720C30680E1: change Leader from null to 17e09b0e-7256-45e4-9e35-05f1f47ae986 at term 1 for appendEntries, leader elected after 5263ms
2019-09-29 11:08:04,624 [grpc-default-executor-3] INFO  impl.RaftServerImpl (ServerState.java:setLeader(253)) - 32d50e58-0e8b-44bb-a013-d28b85576746@group-2720C30680E1: change Leader from null to 17e09b0e-7256-45e4-9e35-05f1f47ae986 at term 1 for appendEntries, leader elected after 5264ms
2019-09-29 11:08:04,635 [grpc-default-executor-3] INFO  impl.RaftServerImpl (ServerState.java:setRaftConf(354)) - 97806d94-bf03-4162-88de-2912f25217ae@group-2720C30680E1: set configuration 0: [97806d94-bf03-4162-88de-2912f25217ae:192.168.30.19:33042, 17e09b0e-7256-45e4-9e35-05f1f47ae986:192.168.30.19:35975, 32d50e58-0e8b-44bb-a013-d28b85576746:192.168.30.19:35526], old=null at 0
2019-09-29 11:08:04,635 [grpc-default-executor-0] INFO  impl.RaftServerImpl (ServerState.java:setRaftConf(354)) - 32d50e58-0e8b-44bb-a013-d28b85576746@group-2720C30680E1: set configuration 0: [97806d94-bf03-4162-88de-2912f25217ae:192.168.30.19:33042, 17e09b0e-7256-45e4-9e35-05f1f47ae986:192.168.30.19:35975, 32d50e58-0e8b-44bb-a013-d28b85576746:192.168.30.19:35526], old=null at 0
2019-09-29 11:08:04,635 [grpc-default-executor-3] INFO  segmented.SegmentedRaftLogWorker (SegmentedRaftLogWorker.java:startLogSegment(380)) - 97806d94-bf03-4162-88de-2912f25217ae@group-2720C30680E1-SegmentedRaftLogWorker: Starting segment from index:0
2019-09-29 11:08:04,635 [grpc-default-executor-0] INFO  segmented.SegmentedRaftLogWorker (SegmentedRaftLogWorker.java:startLogSegment(380)) - 32d50e58-0e8b-44bb-a013-d28b85576746@group-2720C30680E1-SegmentedRaftLogWorker: Starting segment from index:0
2019-09-29 11:08:04,649 [17e09b0e-7256-45e4-9e35-05f1f47ae986@group-2720C30680E1-SegmentedRaftLogWorker] INFO  segmented.SegmentedRaftLogWorker (SegmentedRaftLogWorker.java:execute(569)) - 17e09b0e-7256-45e4-9e35-05f1f47ae986@group-2720C30680E1-SegmentedRaftLogWorker: created new log segment /workdir/hadoop-ozone/integration-test/target/test-dir/MiniOzoneClusterImpl-3830d8fa-b618-494a-8595-70b28c2bfeb8/datanode-6/data/ratis/64d0e86d-846c-4159-9cf8-2720c30680e1/current/log_inprogress_0
2019-09-29 11:08:04,707 [97806d94-bf03-4162-88de-2912f25217ae@group-2720C30680E1-SegmentedRaftLogWorker] INFO  segmented.SegmentedRaftLogWorker (SegmentedRaftLogWorker.java:execute(569)) - 97806d94-bf03-4162-88de-2912f25217ae@group-2720C30680E1-SegmentedRaftLogWorker: created new log segment /workdir/hadoop-ozone/integration-test/target/test-dir/MiniOzoneClusterImpl-3830d8fa-b618-494a-8595-70b28c2bfeb8/datanode-5/data/ratis/64d0e86d-846c-4159-9cf8-2720c30680e1/current/log_inprogress_0
2019-09-29 11:08:04,707 [32d50e58-0e8b-44bb-a013-d28b85576746@group-2720C30680E1-SegmentedRaftLogWorker] INFO  segmented.SegmentedRaftLogWorker (SegmentedRaftLogWorker.java:execute(569)) - 32d50e58-0e8b-44bb-a013-d28b85576746@group-2720C30680E1-SegmentedRaftLogWorker: created new log segment /workdir/hadoop-ozone/integration-test/target/test-dir/MiniOzoneClusterImpl-3830d8fa-b618-494a-8595-70b28c2bfeb8/datanode-1/data/ratis/64d0e86d-846c-4159-9cf8-2720c30680e1/current/log_inprogress_0
2019-09-29 11:08:05,918 [Datanode State Machine Thread - 0] INFO  statemachine.DatanodeStateMachine (DatanodeStateMachine.java:lambda$startDaemon$0(350)) - Ozone container server started.
2019-09-29 11:08:09,978 [main] INFO  ozoneimpl.OzoneContainer (OzoneContainer.java:stop(231)) - Attempting to stop container services.
2019-09-29 11:08:09,979 [main] INFO  impl.RaftServerProxy (RaftServerProxy.java:lambda$close$4(314)) - 97806d94-bf03-4162-88de-2912f25217ae: close
2019-09-29 11:08:09,981 [main] INFO  impl.RaftServerImpl (RaftServerImpl.java:lambda$shutdown$3(251)) - 97806d94-bf03-4162-88de-2912f25217ae@group-2720C30680E1: shutdown
2019-09-29 11:08:09,981 [main] INFO  util.JmxRegister (JmxRegister.java:unregister(73)) - Successfully un-registered JMX Bean with object name Ratis:service=RaftServer,group=group-2720C30680E1,id=97806d94-bf03-4162-88de-2912f25217ae
2019-09-29 11:08:09,981 [ForkJoinPool.commonPool-worker-0] INFO  impl.RaftServerImpl (RaftServerImpl.java:lambda$shutdown$3(251)) - 97806d94-bf03-4162-88de-2912f25217ae@group-7287670E06ED: shutdown
2019-09-29 11:08:09,981 [main] INFO  impl.RoleInfo (RoleInfo.java:shutdownFollowerState(121)) - 97806d94-bf03-4162-88de-2912f25217ae: shutdown FollowerState
2019-09-29 11:08:09,981 [ForkJoinPool.commonPool-worker-0] INFO  util.JmxRegister (JmxRegister.java:unregister(73)) - Successfully un-registered JMX Bean with object name Ratis:service=RaftServer,group=group-7287670E06ED,id=97806d94-bf03-4162-88de-2912f25217ae
2019-09-29 11:08:09,981 [main] INFO  impl.StateMachineUpdater (StateMachineUpdater.java:stopAndJoin(125)) - 97806d94-bf03-4162-88de-2912f25217ae@group-2720C30680E1-StateMachineUpdater: set stopIndex = 0
2019-09-29 11:08:09,982 [ForkJoinPool.commonPool-worker-0] INFO  impl.RoleInfo (RoleInfo.java:shutdownLeaderState(104)) - 97806d94-bf03-4162-88de-2912f25217ae: shutdown LeaderState
2019-09-29 11:08:09,982 [Thread-352] INFO  impl.FollowerState (FollowerState.java:run(115)) - 97806d94-bf03-4162-88de-2912f25217ae: FollowerState was interrupted: java.lang.InterruptedException: sleep interrupted
2019-09-29 11:08:09,985 [ForkJoinPool.commonPool-worker-0] INFO  impl.PendingRequests (PendingRequests.java:sendNotLeaderResponses(202)) - 97806d94-bf03-4162-88de-2912f25217ae-PendingRequests: sendNotLeaderResponses
2019-09-29 11:08:09,986 [main] INFO  impl.RaftServerImpl (ServerState.java:close(385)) - 97806d94-bf03-4162-88de-2912f25217ae@group-2720C30680E1: closes. applyIndex: 0
2019-09-29 11:08:09,987 [97806d94-bf03-4162-88de-2912f25217ae@group-2720C30680E1-SegmentedRaftLogWorker] INFO  segmented.SegmentedRaftLogWorker (SegmentedRaftLogWorker.java:run(313)) - 97806d94-bf03-4162-88de-2912f25217ae@group-2720C30680E1-SegmentedRaftLogWorker was interrupted, exiting. There are 0 tasks remaining in the queue.
2019-09-29 11:08:09,992 [main] INFO  segmented.SegmentedRaftLogWorker (SegmentedRaftLogWorker.java:close(228)) - 97806d94-bf03-4162-88de-2912f25217ae@group-2720C30680E1-SegmentedRaftLogWorker close()
2019-09-29 11:08:09,996 [main] INFO  impl.RaftServerImpl (RaftServerImpl.java:lambda$shutdown$3(251)) - 97806d94-bf03-4162-88de-2912f25217ae@group-84B396C0AFBE: shutdown
2019-09-29 11:08:09,996 [ForkJoinPool.commonPool-worker-0] INFO  impl.StateMachineUpdater (StateMachineUpdater.java:stopAndJoin(125)) - 97806d94-bf03-4162-88de-2912f25217ae@group-7287670E06ED-StateMachineUpdater: set stopIndex = 0
2019-09-29 11:08:09,998 [main] INFO  util.JmxRegister (JmxRegister.java:unregister(73)) - Successfully un-registered JMX Bean with object name Ratis:service=RaftServer,group=group-84B396C0AFBE,id=97806d94-bf03-4162-88de-2912f25217ae
2019-09-29 11:08:09,999 [main] INFO  impl.RoleInfo (RoleInfo.java:shutdownLeaderState(104)) - 97806d94-bf03-4162-88de-2912f25217ae: shutdown LeaderState
2019-09-29 11:08:09,999 [ForkJoinPool.commonPool-worker-0] INFO  impl.RaftServerImpl (ServerState.java:close(385)) - 97806d94-bf03-4162-88de-2912f25217ae@group-7287670E06ED: closes. applyIndex: 0
2019-09-29 11:08:10,004 [org.apache.ratis.server.impl.LogAppender$AppenderDaemon$$Lambda$459/509328386@37d46176] WARN  server.GrpcLogAppender (GrpcLogAppender.java:mayWait(143)) - 97806d94-bf03-4162-88de-2912f25217ae@group-84B396C0AFBE->32d50e58-0e8b-44bb-a013-d28b85576746-GrpcLogAppender: Wait interrupted by java.lang.InterruptedException
2019-09-29 11:08:10,004 [org.apache.ratis.server.impl.LogAppender$AppenderDaemon$$Lambda$459/509328386@3b27d2ee] WARN  server.GrpcLogAppender (GrpcLogAppender.java:mayWait(143)) - 97806d94-bf03-4162-88de-2912f25217ae@group-84B396C0AFBE->17e09b0e-7256-45e4-9e35-05f1f47ae986-GrpcLogAppender: Wait interrupted by java.lang.InterruptedException
2019-09-29 11:08:10,003 [main] INFO  impl.PendingRequests (PendingRequests.java:sendNotLeaderResponses(202)) - 97806d94-bf03-4162-88de-2912f25217ae-PendingRequests: sendNotLeaderResponses
2019-09-29 11:08:10,007 [97806d94-bf03-4162-88de-2912f25217ae@group-7287670E06ED-SegmentedRaftLogWorker] INFO  segmented.SegmentedRaftLogWorker (SegmentedRaftLogWorker.java:run(313)) - 97806d94-bf03-4162-88de-2912f25217ae@group-7287670E06ED-SegmentedRaftLogWorker was interrupted, exiting. There are 0 tasks remaining in the queue.
2019-09-29 11:08:10,007 [main] INFO  impl.StateMachineUpdater (StateMachineUpdater.java:stopAndJoin(125)) - 97806d94-bf03-4162-88de-2912f25217ae@group-84B396C0AFBE-StateMachineUpdater: set stopIndex = 0
2019-09-29 11:08:10,012 [ForkJoinPool.commonPool-worker-0] INFO  segmented.SegmentedRaftLogWorker (SegmentedRaftLogWorker.java:close(228)) - 97806d94-bf03-4162-88de-2912f25217ae@group-7287670E06ED-SegmentedRaftLogWorker close()
2019-09-29 11:08:10,015 [main] INFO  impl.RaftServerImpl (ServerState.java:close(385)) - 97806d94-bf03-4162-88de-2912f25217ae@group-84B396C0AFBE: closes. applyIndex: 0
2019-09-29 11:08:10,017 [ForkJoinPool.commonPool-worker-0] INFO  impl.RaftServerImpl (RaftServerImpl.java:lambda$shutdown$3(251)) - 97806d94-bf03-4162-88de-2912f25217ae@group-F987CDCB05C7: shutdown
2019-09-29 11:08:10,018 [97806d94-bf03-4162-88de-2912f25217ae@group-84B396C0AFBE-SegmentedRaftLogWorker] INFO  segmented.SegmentedRaftLogWorker (SegmentedRaftLogWorker.java:run(313)) - 97806d94-bf03-4162-88de-2912f25217ae@group-84B396C0AFBE-SegmentedRaftLogWorker was interrupted, exiting. There are 0 tasks remaining in the queue.
2019-09-29 11:08:10,018 [ForkJoinPool.commonPool-worker-0] INFO  util.JmxRegister (JmxRegister.java:unregister(73)) - Successfully un-registered JMX Bean with object name Ratis:service=RaftServer,group=group-F987CDCB05C7,id=97806d94-bf03-4162-88de-2912f25217ae
2019-09-29 11:08:10,022 [main] INFO  segmented.SegmentedRaftLogWorker (SegmentedRaftLogWorker.java:close(228)) - 97806d94-bf03-4162-88de-2912f25217ae@group-84B396C0AFBE-SegmentedRaftLogWorker close()
2019-09-29 11:08:10,022 [ForkJoinPool.commonPool-worker-0] INFO  impl.RoleInfo (RoleInfo.java:shutdownLeaderState(104)) - 97806d94-bf03-4162-88de-2912f25217ae: shutdown LeaderState
2019-09-29 11:08:10,031 [ForkJoinPool.commonPool-worker-0] INFO  impl.PendingRequests (PendingRequests.java:sendNotLeaderResponses(202)) - 97806d94-bf03-4162-88de-2912f25217ae-PendingRequests: sendNotLeaderResponses
2019-09-29 11:08:10,031 [org.apache.ratis.server.impl.LogAppender$AppenderDaemon$$Lambda$459/509328386@2d596722] WARN  server.GrpcLogAppender (GrpcLogAppender.java:mayWait(143)) - 97806d94-bf03-4162-88de-2912f25217ae@group-F987CDCB05C7->32d50e58-0e8b-44bb-a013-d28b85576746-GrpcLogAppender: Wait interrupted by java.lang.InterruptedException
2019-09-29 11:08:10,031 [grpc-default-executor-1] INFO  server.GrpcServerProtocolService (GrpcServerProtocolService.java:onCompleted(113)) - 32d50e58-0e8b-44bb-a013-d28b85576746: Completed APPEND_ENTRIES, lastRequest: 97806d94-bf03-4162-88de-2912f25217ae->32d50e58-0e8b-44bb-a013-d28b85576746#3-t1, previous=(t:1, i:0), leaderCommit=0, initializing? false, entries: <empty>
2019-09-29 11:08:10,035 [org.apache.ratis.server.impl.LogAppender$AppenderDaemon$$Lambda$459/509328386@3e2ec92] WARN  server.GrpcLogAppender (GrpcLogAppender.java:mayWait(143)) - 97806d94-bf03-4162-88de-2912f25217ae@group-F987CDCB05C7->17e09b0e-7256-45e4-9e35-05f1f47ae986-GrpcLogAppender: Wait interrupted by java.lang.InterruptedException
2019-09-29 11:08:10,033 [grpc-default-executor-0] INFO  server.GrpcServerProtocolService (GrpcServerProtocolService.java:onCompleted(113)) - 17e09b0e-7256-45e4-9e35-05f1f47ae986: Completed APPEND_ENTRIES, lastRequest: 97806d94-bf03-4162-88de-2912f25217ae->17e09b0e-7256-45e4-9e35-05f1f47ae986#3-t1, previous=(t:1, i:0), leaderCommit=0, initializing? false, entries: <empty>
2019-09-29 11:08:10,042 [grpc-default-executor-3] INFO  server.GrpcServerProtocolService (GrpcServerProtocolService.java:onCompleted(113)) - 32d50e58-0e8b-44bb-a013-d28b85576746: Completed APPEND_ENTRIES, lastRequest: 97806d94-bf03-4162-88de-2912f25217ae->32d50e58-0e8b-44bb-a013-d28b85576746#5-t1, previous=(t:1, i:2), leaderCommit=2, initializing? false, entries: <empty>
2019-09-29 11:08:10,042 [ForkJoinPool.commonPool-worker-0] INFO  impl.StateMachineUpdater (StateMachineUpdater.java:stopAndJoin(125)) - 97806d94-bf03-4162-88de-2912f25217ae@group-F987CDCB05C7-StateMachineUpdater: set stopIndex = 2
2019-09-29 11:08:10,043 [97806d94-bf03-4162-88de-2912f25217ae@group-F987CDCB05C7-StateMachineUpdater] INFO  ratis.ContainerStateMachine (ContainerStateMachine.java:takeSnapshot(289)) - group-F987CDCB05C7: Taking a snapshot at:(t:1, i:2) file /workdir/hadoop-ozone/integration-test/target/test-dir/MiniOzoneClusterImpl-3830d8fa-b618-494a-8595-70b28c2bfeb8/datanode-5/data/ratis/184b665c-197b-41f2-a3ec-f987cdcb05c7/sm/snapshot.1_2
2019-09-29 11:08:10,044 [grpc-default-executor-3] INFO  server.GrpcServerProtocolService (GrpcServerProtocolService.java:onCompleted(113)) - 17e09b0e-7256-45e4-9e35-05f1f47ae986: Completed APPEND_ENTRIES, lastRequest: 97806d94-bf03-4162-88de-2912f25217ae->17e09b0e-7256-45e4-9e35-05f1f47ae986#5-t1, previous=(t:1, i:2), leaderCommit=2, initializing? false, entries: <empty>
2019-09-29 11:08:10,051 [grpc-default-executor-3] INFO  server.GrpcLogAppender (GrpcLogAppender.java:onCompleted(293)) - 97806d94-bf03-4162-88de-2912f25217ae@group-F987CDCB05C7->32d50e58-0e8b-44bb-a013-d28b85576746-AppendLogResponseHandler: follower responses appendEntries COMPLETED
2019-09-29 11:08:10,051 [grpc-default-executor-0] INFO  server.GrpcLogAppender (GrpcLogAppender.java:onCompleted(293)) - 97806d94-bf03-4162-88de-2912f25217ae@group-84B396C0AFBE->32d50e58-0e8b-44bb-a013-d28b85576746-AppendLogResponseHandler: follower responses appendEntries COMPLETED
2019-09-29 11:08:10,053 [grpc-default-executor-1] INFO  server.GrpcLogAppender (GrpcLogAppender.java:onCompleted(293)) - 97806d94-bf03-4162-88de-2912f25217ae@group-84B396C0AFBE->17e09b0e-7256-45e4-9e35-05f1f47ae986-AppendLogResponseHandler: follower responses appendEntries COMPLETED
2019-09-29 11:08:10,053 [grpc-default-executor-2] INFO  server.GrpcLogAppender (GrpcLogAppender.java:onCompleted(293)) - 97806d94-bf03-4162-88de-2912f25217ae@group-F987CDCB05C7->17e09b0e-7256-45e4-9e35-05f1f47ae986-AppendLogResponseHandler: follower responses appendEntries COMPLETED
2019-09-29 11:08:10,058 [grpc-default-executor-3] INFO  impl.FollowerInfo (FollowerInfo.java:lambda$new$0(51)) - 97806d94-bf03-4162-88de-2912f25217ae@group-F987CDCB05C7->32d50e58-0e8b-44bb-a013-d28b85576746: nextIndex: updateUnconditionally 3 -> 2
2019-09-29 11:08:10,058 [grpc-default-executor-0] INFO  impl.FollowerInfo (FollowerInfo.java:lambda$new$0(51)) - 97806d94-bf03-4162-88de-2912f25217ae@group-84B396C0AFBE->32d50e58-0e8b-44bb-a013-d28b85576746: nextIndex: updateUnconditionally 1 -> 0
2019-09-29 11:08:10,058 [grpc-default-executor-1] INFO  impl.FollowerInfo (FollowerInfo.java:lambda$new$0(51)) - 97806d94-bf03-4162-88de-2912f25217ae@group-84B396C0AFBE->17e09b0e-7256-45e4-9e35-05f1f47ae986: nextIndex: updateUnconditionally 1 -> 0
2019-09-29 11:08:10,061 [grpc-default-executor-2] INFO  impl.FollowerInfo (FollowerInfo.java:lambda$new$0(51)) - 97806d94-bf03-4162-88de-2912f25217ae@group-F987CDCB05C7->17e09b0e-7256-45e4-9e35-05f1f47ae986: nextIndex: updateUnconditionally 3 -> 2
2019-09-29 11:08:10,182 [97806d94-bf03-4162-88de-2912f25217ae@group-F987CDCB05C7-StateMachineUpdater] INFO  ratis.ContainerStateMachine (ContainerStateMachine.java:takeSnapshot(300)) - group-F987CDCB05C7: Finished taking a snapshot at:(t:1, i:2) file:/workdir/hadoop-ozone/integration-test/target/test-dir/MiniOzoneClusterImpl-3830d8fa-b618-494a-8595-70b28c2bfeb8/datanode-5/data/ratis/184b665c-197b-41f2-a3ec-f987cdcb05c7/sm/snapshot.1_2 time:139
2019-09-29 11:08:10,186 [97806d94-bf03-4162-88de-2912f25217ae@group-F987CDCB05C7-StateMachineUpdater] INFO  impl.StateMachineUpdater (StateMachineUpdater.java:takeSnapshot(258)) - 97806d94-bf03-4162-88de-2912f25217ae@group-F987CDCB05C7-StateMachineUpdater: Took a snapshot at index 2
2019-09-29 11:08:10,186 [97806d94-bf03-4162-88de-2912f25217ae@group-F987CDCB05C7-StateMachineUpdater] INFO  impl.StateMachineUpdater (StateMachineUpdater.java:lambda$new$0(83)) - 97806d94-bf03-4162-88de-2912f25217ae@group-F987CDCB05C7-StateMachineUpdater: snapshotIndex: updateIncreasingly -1 -> 2
2019-09-29 11:08:10,223 [ForkJoinPool.commonPool-worker-0] INFO  impl.RaftServerImpl (ServerState.java:close(385)) - 97806d94-bf03-4162-88de-2912f25217ae@group-F987CDCB05C7: closes. applyIndex: 2
2019-09-29 11:08:10,224 [97806d94-bf03-4162-88de-2912f25217ae@group-F987CDCB05C7-SegmentedRaftLogWorker] INFO  segmented.SegmentedRaftLogWorker (SegmentedRaftLogWorker.java:run(313)) - 97806d94-bf03-4162-88de-2912f25217ae@group-F987CDCB05C7-SegmentedRaftLogWorker was interrupted, exiting. There are 0 tasks remaining in the queue.
2019-09-29 11:08:10,228 [ForkJoinPool.commonPool-worker-0] INFO  segmented.SegmentedRaftLogWorker (SegmentedRaftLogWorker.java:close(228)) - 97806d94-bf03-4162-88de-2912f25217ae@group-F987CDCB05C7-SegmentedRaftLogWorker close()
2019-09-29 11:08:10,239 [main] INFO  server.GrpcService (GrpcService.java:closeImpl(164)) - 97806d94-bf03-4162-88de-2912f25217ae: shutdown server with port 33042 now
2019-09-29 11:08:10,245 [main] INFO  server.GrpcService (GrpcService.java:closeImpl(172)) - 97806d94-bf03-4162-88de-2912f25217ae: shutdown server with port 33042 successfully
2019-09-29 11:08:10,246 [grpc-default-executor-1] WARN  server.GrpcServerProtocolService (LogUtils.java:warn(134)) - 97806d94-bf03-4162-88de-2912f25217ae: installSnapshot onError, lastRequest: 17e09b0e-7256-45e4-9e35-05f1f47ae986->97806d94-bf03-4162-88de-2912f25217ae#3-t1, previous=(t:1, i:0), leaderCommit=0, initializing? false, entries: <empty>: org.apache.ratis.thirdparty.io.grpc.StatusRuntimeException: CANCELLED: cancelled before receiving half close
2019-09-29 11:08:10,246 [grpc-default-executor-3] WARN  server.GrpcLogAppender (LogUtils.java:warn(134)) - 17e09b0e-7256-45e4-9e35-05f1f47ae986@group-2720C30680E1->97806d94-bf03-4162-88de-2912f25217ae-AppendLogResponseHandler: Failed appendEntries: org.apache.ratis.thirdparty.io.grpc.StatusRuntimeException: CANCELLED: HTTP/2 error code: CANCEL
Received Rst Stream
2019-09-29 11:08:10,258 [grpc-default-executor-3] INFO  impl.FollowerInfo (FollowerInfo.java:lambda$new$0(51)) - 17e09b0e-7256-45e4-9e35-05f1f47ae986@group-2720C30680E1->97806d94-bf03-4162-88de-2912f25217ae: nextIndex: updateUnconditionally 1 -> 0
2019-09-29 11:08:10,262 [refreshUsed-/workdir/hadoop-ozone/integration-test/target/test-dir/MiniOzoneClusterImpl-3830d8fa-b618-494a-8595-70b28c2bfeb8/datanode-5/data/containers] WARN  fs.CachingGetSpaceUsed (CachingGetSpaceUsed.java:run(183)) - Thread Interrupted waiting to refresh disk information: sleep interrupted
2019-09-29 11:08:10,283 [main] INFO  utils.BackgroundService (BackgroundService.java:shutdown(148)) - Shutting down service BlockDeletingService
2019-09-29 11:08:10,374 [main] INFO  statemachine.DatanodeStateMachine (DatanodeStateMachine.java:stopDaemon(395)) - Ozone container server stopped.
2019-09-29 11:08:10,381 [main] INFO  handler.ContextHandler (ContextHandler.java:doStop(910)) - Stopped o.e.j.w.WebAppContext@100c8b75{/,null,UNAVAILABLE}{/hddsDatanode}
2019-09-29 11:08:10,389 [main] INFO  server.AbstractConnector (AbstractConnector.java:doStop(318)) - Stopped ServerConnector@2bc378f7{HTTP/1.1,[http/1.1]}{0.0.0.0:0}
2019-09-29 11:08:10,389 [main] INFO  handler.ContextHandler (ContextHandler.java:doStop(910)) - Stopped o.e.j.s.ServletContextHandler@58fef7f7{/static,jar:file:/home/user/.m2/repository/org/apache/hadoop/hadoop-hdds-container-service/0.5.0-SNAPSHOT/hadoop-hdds-container-service-0.5.0-SNAPSHOT.jar!/webapps/static,UNAVAILABLE}
2019-09-29 11:08:10,390 [main] INFO  handler.ContextHandler (ContextHandler.java:doStop(910)) - Stopped o.e.j.s.ServletContextHandler@21505815{/logs,file:///workdir/hadoop-ozone/integration-test/target/log,UNAVAILABLE}
2019-09-29 11:08:12,235 [grpc-default-executor-2] WARN  server.GrpcLogAppender (LogUtils.java:warn(134)) - 17e09b0e-7256-45e4-9e35-05f1f47ae986@group-2720C30680E1->97806d94-bf03-4162-88de-2912f25217ae-AppendLogResponseHandler: Failed appendEntries: org.apache.ratis.thirdparty.io.grpc.StatusRuntimeException: UNAVAILABLE: io exception
2019-09-29 11:08:12,237 [grpc-default-executor-2] INFO  impl.FollowerInfo (FollowerInfo.java:lambda$new$0(51)) - 17e09b0e-7256-45e4-9e35-05f1f47ae986@group-2720C30680E1->97806d94-bf03-4162-88de-2912f25217ae: nextIndex: updateUnconditionally 0 -> 0
2019-09-29 11:08:14,737 [grpc-default-executor-2] WARN  server.GrpcLogAppender (LogUtils.java:warn(134)) - 17e09b0e-7256-45e4-9e35-05f1f47ae986@group-2720C30680E1->97806d94-bf03-4162-88de-2912f25217ae-AppendLogResponseHandler: Failed appendEntries: org.apache.ratis.thirdparty.io.grpc.StatusRuntimeException: UNAVAILABLE: io exception
2019-09-29 11:08:14,739 [grpc-default-executor-2] INFO  impl.FollowerInfo (FollowerInfo.java:lambda$new$0(51)) - 17e09b0e-7256-45e4-9e35-05f1f47ae986@group-2720C30680E1->97806d94-bf03-4162-88de-2912f25217ae: nextIndex: updateUnconditionally 0 -> 0
2019-09-29 11:08:17,240 [grpc-default-executor-1] WARN  server.GrpcLogAppender (LogUtils.java:warn(134)) - 17e09b0e-7256-45e4-9e35-05f1f47ae986@group-2720C30680E1->97806d94-bf03-4162-88de-2912f25217ae-AppendLogResponseHandler: Failed appendEntries: org.apache.ratis.thirdparty.io.grpc.StatusRuntimeException: UNAVAILABLE: io exception
2019-09-29 11:08:17,249 [grpc-default-executor-1] INFO  impl.FollowerInfo (FollowerInfo.java:lambda$new$0(51)) - 17e09b0e-7256-45e4-9e35-05f1f47ae986@group-2720C30680E1->97806d94-bf03-4162-88de-2912f25217ae: nextIndex: updateUnconditionally 0 -> 0
2019-09-29 11:08:19,470 [Thread-320] INFO  impl.FollowerState (FollowerState.java:run(106)) - 17e09b0e-7256-45e4-9e35-05f1f47ae986:group-F987CDCB05C7 changes to CANDIDATE, lastRpcTime:9764, electionTimeout:5120ms
2019-09-29 11:08:19,472 [Thread-320] INFO  impl.RoleInfo (RoleInfo.java:shutdownFollowerState(121)) - 17e09b0e-7256-45e4-9e35-05f1f47ae986: shutdown FollowerState
2019-09-29 11:08:19,472 [Thread-320] INFO  impl.RaftServerImpl (RaftServerImpl.java:setRole(174)) - 17e09b0e-7256-45e4-9e35-05f1f47ae986@group-F987CDCB05C7: changes role from  FOLLOWER to CANDIDATE at term 1 for changeToCandidate
2019-09-29 11:08:19,472 [Thread-320] INFO  impl.RoleInfo (RoleInfo.java:updateAndGet(143)) - 17e09b0e-7256-45e4-9e35-05f1f47ae986: start LeaderElection
2019-09-29 11:08:19,475 [17e09b0e-7256-45e4-9e35-05f1f47ae986@group-F987CDCB05C7:LeaderElection13] INFO  impl.RaftServerImpl (ServerState.java:setLeader(253)) - 17e09b0e-7256-45e4-9e35-05f1f47ae986@group-F987CDCB05C7: change Leader from 97806d94-bf03-4162-88de-2912f25217ae to null at term 1 for initElection
2019-09-29 11:08:19,490 [Thread-321] INFO  impl.FollowerState (FollowerState.java:run(106)) - 32d50e58-0e8b-44bb-a013-d28b85576746:group-F987CDCB05C7 changes to CANDIDATE, lastRpcTime:9795, electionTimeout:5192ms
2019-09-29 11:08:19,490 [Thread-321] INFO  impl.RoleInfo (RoleInfo.java:shutdownFollowerState(121)) - 32d50e58-0e8b-44bb-a013-d28b85576746: shutdown FollowerState
2019-09-29 11:08:19,491 [Thread-321] INFO  impl.RaftServerImpl (RaftServerImpl.java:setRole(174)) - 32d50e58-0e8b-44bb-a013-d28b85576746@group-F987CDCB05C7: changes role from  FOLLOWER to CANDIDATE at term 1 for changeToCandidate
2019-09-29 11:08:19,491 [Thread-321] INFO  impl.RoleInfo (RoleInfo.java:updateAndGet(143)) - 32d50e58-0e8b-44bb-a013-d28b85576746: start LeaderElection
2019-09-29 11:08:19,493 [32d50e58-0e8b-44bb-a013-d28b85576746@group-F987CDCB05C7:LeaderElection14] INFO  impl.RaftServerImpl (ServerState.java:setLeader(253)) - 32d50e58-0e8b-44bb-a013-d28b85576746@group-F987CDCB05C7: change Leader from 97806d94-bf03-4162-88de-2912f25217ae to null at term 1 for initElection
2019-09-29 11:08:19,500 [17e09b0e-7256-45e4-9e35-05f1f47ae986@group-F987CDCB05C7:LeaderElection13] INFO  impl.LeaderElection (LeaderElection.java:askForVotes(182)) - 17e09b0e-7256-45e4-9e35-05f1f47ae986@group-F987CDCB05C7:LeaderElection13: begin an election at term 2 for 0: [97806d94-bf03-4162-88de-2912f25217ae:192.168.30.19:33042, 17e09b0e-7256-45e4-9e35-05f1f47ae986:192.168.30.19:35975, 32d50e58-0e8b-44bb-a013-d28b85576746:192.168.30.19:35526], old=null
2019-09-29 11:08:19,509 [17e09b0e-7256-45e4-9e35-05f1f47ae986@group-F987CDCB05C7:LeaderElection13] INFO  impl.LeaderElection (LogUtils.java:infoOrTrace(149)) - 17e09b0e-7256-45e4-9e35-05f1f47ae986@group-F987CDCB05C7:LeaderElection13 got exception when requesting votes: {}
java.util.concurrent.ExecutionException: org.apache.ratis.thirdparty.io.grpc.StatusRuntimeException: UNAVAILABLE: io exception
	at java.util.concurrent.FutureTask.report(FutureTask.java:122)
	at java.util.concurrent.FutureTask.get(FutureTask.java:192)
	at org.apache.ratis.server.impl.LeaderElection.waitForResults(LeaderElection.java:263)
	at org.apache.ratis.server.impl.LeaderElection.askForVotes(LeaderElection.java:201)
	at org.apache.ratis.server.impl.LeaderElection.run(LeaderElection.java:133)
	at java.lang.Thread.run(Thread.java:748)
Caused by: org.apache.ratis.thirdparty.io.grpc.StatusRuntimeException: UNAVAILABLE: io exception
	at org.apache.ratis.thirdparty.io.grpc.stub.ClientCalls.toStatusRuntimeException(ClientCalls.java:233)
	at org.apache.ratis.thirdparty.io.grpc.stub.ClientCalls.getUnchecked(ClientCalls.java:214)
	at org.apache.ratis.thirdparty.io.grpc.stub.ClientCalls.blockingUnaryCall(ClientCalls.java:139)
	at org.apache.ratis.proto.grpc.RaftServerProtocolServiceGrpc$RaftServerProtocolServiceBlockingStub.requestVote(RaftServerProtocolServiceGrpc.java:265)
	at org.apache.ratis.grpc.server.GrpcServerProtocolClient.requestVote(GrpcServerProtocolClient.java:90)
	at org.apache.ratis.grpc.server.GrpcService.requestVote(GrpcService.java:204)
	at org.apache.ratis.server.impl.LeaderElection.lambda$submitRequests$1(LeaderElection.java:238)
	at java.util.concurrent.FutureTask.run(FutureTask.java:266)
	at java.util.concurrent.Executors$RunnableAdapter.call(Executors.java:511)
	at java.util.concurrent.FutureTask.run(FutureTask.java:266)
	at java.util.concurrent.ThreadPoolExecutor.runWorker(ThreadPoolExecutor.java:1149)
	at java.util.concurrent.ThreadPoolExecutor$Worker.run(ThreadPoolExecutor.java:624)
	... 1 more
Caused by: org.apache.ratis.thirdparty.io.netty.channel.AbstractChannel$AnnotatedConnectException: Connection refused: /192.168.30.19:33042
	at sun.nio.ch.SocketChannelImpl.checkConnect(Native Method)
	at sun.nio.ch.SocketChannelImpl.finishConnect(SocketChannelImpl.java:717)
	at org.apache.ratis.thirdparty.io.netty.channel.socket.nio.NioSocketChannel.doFinishConnect(NioSocketChannel.java:327)
	at org.apache.ratis.thirdparty.io.netty.channel.nio.AbstractNioChannel$AbstractNioUnsafe.finishConnect(AbstractNioChannel.java:340)
	at org.apache.ratis.thirdparty.io.netty.channel.nio.NioEventLoop.processSelectedKey(NioEventLoop.java:632)
	at org.apache.ratis.thirdparty.io.netty.channel.nio.NioEventLoop.processSelectedKeysOptimized(NioEventLoop.java:579)
	at org.apache.ratis.thirdparty.io.netty.channel.nio.NioEventLoop.processSelectedKeys(NioEventLoop.java:496)
	at org.apache.ratis.thirdparty.io.netty.channel.nio.NioEventLoop.run(NioEventLoop.java:458)
	at org.apache.ratis.thirdparty.io.netty.util.concurrent.SingleThreadEventExecutor$5.run(SingleThreadEventExecutor.java:897)
	at org.apache.ratis.thirdparty.io.netty.util.concurrent.FastThreadLocalRunnable.run(FastThreadLocalRunnable.java:30)
	... 1 more
Caused by: java.net.ConnectException: Connection refused
	... 11 more
2019-09-29 11:08:19,522 [32d50e58-0e8b-44bb-a013-d28b85576746@group-F987CDCB05C7:LeaderElection14] INFO  impl.LeaderElection (LeaderElection.java:askForVotes(182)) - 32d50e58-0e8b-44bb-a013-d28b85576746@group-F987CDCB05C7:LeaderElection14: begin an election at term 2 for 0: [97806d94-bf03-4162-88de-2912f25217ae:192.168.30.19:33042, 17e09b0e-7256-45e4-9e35-05f1f47ae986:192.168.30.19:35975, 32d50e58-0e8b-44bb-a013-d28b85576746:192.168.30.19:35526], old=null
2019-09-29 11:08:19,524 [17e09b0e-7256-45e4-9e35-05f1f47ae986@group-F987CDCB05C7:LeaderElection13] INFO  impl.LeaderElection (LeaderElection.java:logAndReturn(56)) - 17e09b0e-7256-45e4-9e35-05f1f47ae986@group-F987CDCB05C7:LeaderElection13: Election REJECTED; received 1 response(s) [17e09b0e-7256-45e4-9e35-05f1f47ae986<-32d50e58-0e8b-44bb-a013-d28b85576746#0:FAIL-t2] and 1 exception(s); 17e09b0e-7256-45e4-9e35-05f1f47ae986@group-F987CDCB05C7:t2, leader=null, voted=17e09b0e-7256-45e4-9e35-05f1f47ae986, raftlog=17e09b0e-7256-45e4-9e35-05f1f47ae986@group-F987CDCB05C7-SegmentedRaftLog:OPENED:c2,f2,i2, conf=0: [97806d94-bf03-4162-88de-2912f25217ae:192.168.30.19:33042, 17e09b0e-7256-45e4-9e35-05f1f47ae986:192.168.30.19:35975, 32d50e58-0e8b-44bb-a013-d28b85576746:192.168.30.19:35526], old=null
2019-09-29 11:08:19,525 [17e09b0e-7256-45e4-9e35-05f1f47ae986@group-F987CDCB05C7:LeaderElection13] INFO  impl.LeaderElection (LogUtils.java:infoOrTrace(149)) -   Exception 0: {}
java.util.concurrent.ExecutionException: org.apache.ratis.thirdparty.io.grpc.StatusRuntimeException: UNAVAILABLE: io exception
	at java.util.concurrent.FutureTask.report(FutureTask.java:122)
	at java.util.concurrent.FutureTask.get(FutureTask.java:192)
	at org.apache.ratis.server.impl.LeaderElection.waitForResults(LeaderElection.java:263)
	at org.apache.ratis.server.impl.LeaderElection.askForVotes(LeaderElection.java:201)
	at org.apache.ratis.server.impl.LeaderElection.run(LeaderElection.java:133)
	at java.lang.Thread.run(Thread.java:748)
Caused by: org.apache.ratis.thirdparty.io.grpc.StatusRuntimeException: UNAVAILABLE: io exception
	at org.apache.ratis.thirdparty.io.grpc.stub.ClientCalls.toStatusRuntimeException(ClientCalls.java:233)
	at org.apache.ratis.thirdparty.io.grpc.stub.ClientCalls.getUnchecked(ClientCalls.java:214)
	at org.apache.ratis.thirdparty.io.grpc.stub.ClientCalls.blockingUnaryCall(ClientCalls.java:139)
	at org.apache.ratis.proto.grpc.RaftServerProtocolServiceGrpc$RaftServerProtocolServiceBlockingStub.requestVote(RaftServerProtocolServiceGrpc.java:265)
	at org.apache.ratis.grpc.server.GrpcServerProtocolClient.requestVote(GrpcServerProtocolClient.java:90)
	at org.apache.ratis.grpc.server.GrpcService.requestVote(GrpcService.java:204)
	at org.apache.ratis.server.impl.LeaderElection.lambda$submitRequests$1(LeaderElection.java:238)
	at java.util.concurrent.FutureTask.run(FutureTask.java:266)
	at java.util.concurrent.Executors$RunnableAdapter.call(Executors.java:511)
	at java.util.concurrent.FutureTask.run(FutureTask.java:266)
	at java.util.concurrent.ThreadPoolExecutor.runWorker(ThreadPoolExecutor.java:1149)
	at java.util.concurrent.ThreadPoolExecutor$Worker.run(ThreadPoolExecutor.java:624)
	... 1 more
Caused by: org.apache.ratis.thirdparty.io.netty.channel.AbstractChannel$AnnotatedConnectException: Connection refused: /192.168.30.19:33042
	at sun.nio.ch.SocketChannelImpl.checkConnect(Native Method)
	at sun.nio.ch.SocketChannelImpl.finishConnect(SocketChannelImpl.java:717)
	at org.apache.ratis.thirdparty.io.netty.channel.socket.nio.NioSocketChannel.doFinishConnect(NioSocketChannel.java:327)
	at org.apache.ratis.thirdparty.io.netty.channel.nio.AbstractNioChannel$AbstractNioUnsafe.finishConnect(AbstractNioChannel.java:340)
	at org.apache.ratis.thirdparty.io.netty.channel.nio.NioEventLoop.processSelectedKey(NioEventLoop.java:632)
	at org.apache.ratis.thirdparty.io.netty.channel.nio.NioEventLoop.processSelectedKeysOptimized(NioEventLoop.java:579)
	at org.apache.ratis.thirdparty.io.netty.channel.nio.NioEventLoop.processSelectedKeys(NioEventLoop.java:496)
	at org.apache.ratis.thirdparty.io.netty.channel.nio.NioEventLoop.run(NioEventLoop.java:458)
	at org.apache.ratis.thirdparty.io.netty.util.concurrent.SingleThreadEventExecutor$5.run(SingleThreadEventExecutor.java:897)
	at org.apache.ratis.thirdparty.io.netty.util.concurrent.FastThreadLocalRunnable.run(FastThreadLocalRunnable.java:30)
	... 1 more
Caused by: java.net.ConnectException: Connection refused
	... 11 more
2019-09-29 11:08:19,525 [32d50e58-0e8b-44bb-a013-d28b85576746@group-F987CDCB05C7:LeaderElection14] INFO  impl.LeaderElection (LogUtils.java:infoOrTrace(149)) - 32d50e58-0e8b-44bb-a013-d28b85576746@group-F987CDCB05C7:LeaderElection14 got exception when requesting votes: {}
java.util.concurrent.ExecutionException: org.apache.ratis.thirdparty.io.grpc.StatusRuntimeException: UNAVAILABLE: io exception
	at java.util.concurrent.FutureTask.report(FutureTask.java:122)
	at java.util.concurrent.FutureTask.get(FutureTask.java:192)
	at org.apache.ratis.server.impl.LeaderElection.waitForResults(LeaderElection.java:263)
	at org.apache.ratis.server.impl.LeaderElection.askForVotes(LeaderElection.java:201)
	at org.apache.ratis.server.impl.LeaderElection.run(LeaderElection.java:133)
	at java.lang.Thread.run(Thread.java:748)
Caused by: org.apache.ratis.thirdparty.io.grpc.StatusRuntimeException: UNAVAILABLE: io exception
	at org.apache.ratis.thirdparty.io.grpc.stub.ClientCalls.toStatusRuntimeException(ClientCalls.java:233)
	at org.apache.ratis.thirdparty.io.grpc.stub.ClientCalls.getUnchecked(ClientCalls.java:214)
	at org.apache.ratis.thirdparty.io.grpc.stub.ClientCalls.blockingUnaryCall(ClientCalls.java:139)
	at org.apache.ratis.proto.grpc.RaftServerProtocolServiceGrpc$RaftServerProtocolServiceBlockingStub.requestVote(RaftServerProtocolServiceGrpc.java:265)
	at org.apache.ratis.grpc.server.GrpcServerProtocolClient.requestVote(GrpcServerProtocolClient.java:90)
	at org.apache.ratis.grpc.server.GrpcService.requestVote(GrpcService.java:204)
	at org.apache.ratis.server.impl.LeaderElection.lambda$submitRequests$1(LeaderElection.java:238)
	at java.util.concurrent.FutureTask.run(FutureTask.java:266)
	at java.util.concurrent.Executors$RunnableAdapter.call(Executors.java:511)
	at java.util.concurrent.FutureTask.run(FutureTask.java:266)
	at java.util.concurrent.ThreadPoolExecutor.runWorker(ThreadPoolExecutor.java:1149)
	at java.util.concurrent.ThreadPoolExecutor$Worker.run(ThreadPoolExecutor.java:624)
	... 1 more
Caused by: org.apache.ratis.thirdparty.io.netty.channel.AbstractChannel$AnnotatedConnectException: Connection refused: /192.168.30.19:33042
	at sun.nio.ch.SocketChannelImpl.checkConnect(Native Method)
	at sun.nio.ch.SocketChannelImpl.finishConnect(SocketChannelImpl.java:717)
	at org.apache.ratis.thirdparty.io.netty.channel.socket.nio.NioSocketChannel.doFinishConnect(NioSocketChannel.java:327)
	at org.apache.ratis.thirdparty.io.netty.channel.nio.AbstractNioChannel$AbstractNioUnsafe.finishConnect(AbstractNioChannel.java:340)
	at org.apache.ratis.thirdparty.io.netty.channel.nio.NioEventLoop.processSelectedKey(NioEventLoop.java:632)
	at org.apache.ratis.thirdparty.io.netty.channel.nio.NioEventLoop.processSelectedKeysOptimized(NioEventLoop.java:579)
	at org.apache.ratis.thirdparty.io.netty.channel.nio.NioEventLoop.processSelectedKeys(NioEventLoop.java:496)
	at org.apache.ratis.thirdparty.io.netty.channel.nio.NioEventLoop.run(NioEventLoop.java:458)
	at org.apache.ratis.thirdparty.io.netty.util.concurrent.SingleThreadEventExecutor$5.run(SingleThreadEventExecutor.java:897)
	at org.apache.ratis.thirdparty.io.netty.util.concurrent.FastThreadLocalRunnable.run(FastThreadLocalRunnable.java:30)
	... 1 more
Caused by: java.net.ConnectException: Connection refused
	... 11 more
2019-09-29 11:08:19,527 [17e09b0e-7256-45e4-9e35-05f1f47ae986@group-F987CDCB05C7:LeaderElection13] INFO  impl.RaftServerImpl (RaftServerImpl.java:setRole(174)) - 17e09b0e-7256-45e4-9e35-05f1f47ae986@group-F987CDCB05C7: changes role from CANDIDATE to FOLLOWER at term 2 for DISCOVERED_A_NEW_TERM
2019-09-29 11:08:19,530 [17e09b0e-7256-45e4-9e35-05f1f47ae986@group-F987CDCB05C7:LeaderElection13] INFO  impl.RoleInfo (RoleInfo.java:shutdownLeaderElection(134)) - 17e09b0e-7256-45e4-9e35-05f1f47ae986: shutdown LeaderElection
2019-09-29 11:08:19,530 [17e09b0e-7256-45e4-9e35-05f1f47ae986@group-F987CDCB05C7:LeaderElection13] INFO  impl.RoleInfo (RoleInfo.java:updateAndGet(143)) - 17e09b0e-7256-45e4-9e35-05f1f47ae986: start FollowerState
2019-09-29 11:08:19,530 [32d50e58-0e8b-44bb-a013-d28b85576746@group-F987CDCB05C7:LeaderElection14] INFO  impl.LeaderElection (LeaderElection.java:logAndReturn(56)) - 32d50e58-0e8b-44bb-a013-d28b85576746@group-F987CDCB05C7:LeaderElection14: Election REJECTED; received 1 response(s) [32d50e58-0e8b-44bb-a013-d28b85576746<-17e09b0e-7256-45e4-9e35-05f1f47ae986#0:FAIL-t2] and 1 exception(s); 32d50e58-0e8b-44bb-a013-d28b85576746@group-F987CDCB05C7:t2, leader=null, voted=32d50e58-0e8b-44bb-a013-d28b85576746, raftlog=32d50e58-0e8b-44bb-a013-d28b85576746@group-F987CDCB05C7-SegmentedRaftLog:OPENED:c2,f2,i2, conf=0: [97806d94-bf03-4162-88de-2912f25217ae:192.168.30.19:33042, 17e09b0e-7256-45e4-9e35-05f1f47ae986:192.168.30.19:35975, 32d50e58-0e8b-44bb-a013-d28b85576746:192.168.30.19:35526], old=null
2019-09-29 11:08:19,531 [32d50e58-0e8b-44bb-a013-d28b85576746@group-F987CDCB05C7:LeaderElection14] INFO  impl.LeaderElection (LogUtils.java:infoOrTrace(149)) -   Exception 0: {}
java.util.concurrent.ExecutionException: org.apache.ratis.thirdparty.io.grpc.StatusRuntimeException: UNAVAILABLE: io exception
	at java.util.concurrent.FutureTask.report(FutureTask.java:122)
	at java.util.concurrent.FutureTask.get(FutureTask.java:192)
	at org.apache.ratis.server.impl.LeaderElection.waitForResults(LeaderElection.java:263)
	at org.apache.ratis.server.impl.LeaderElection.askForVotes(LeaderElection.java:201)
	at org.apache.ratis.server.impl.LeaderElection.run(LeaderElection.java:133)
	at java.lang.Thread.run(Thread.java:748)
Caused by: org.apache.ratis.thirdparty.io.grpc.StatusRuntimeException: UNAVAILABLE: io exception
	at org.apache.ratis.thirdparty.io.grpc.stub.ClientCalls.toStatusRuntimeException(ClientCalls.java:233)
	at org.apache.ratis.thirdparty.io.grpc.stub.ClientCalls.getUnchecked(ClientCalls.java:214)
	at org.apache.ratis.thirdparty.io.grpc.stub.ClientCalls.blockingUnaryCall(ClientCalls.java:139)
	at org.apache.ratis.proto.grpc.RaftServerProtocolServiceGrpc$RaftServerProtocolServiceBlockingStub.requestVote(RaftServerProtocolServiceGrpc.java:265)
	at org.apache.ratis.grpc.server.GrpcServerProtocolClient.requestVote(GrpcServerProtocolClient.java:90)
	at org.apache.ratis.grpc.server.GrpcService.requestVote(GrpcService.java:204)
	at org.apache.ratis.server.impl.LeaderElection.lambda$submitRequests$1(LeaderElection.java:238)
	at java.util.concurrent.FutureTask.run(FutureTask.java:266)
	at java.util.concurrent.Executors$RunnableAdapter.call(Executors.java:511)
	at java.util.concurrent.FutureTask.run(FutureTask.java:266)
	at java.util.concurrent.ThreadPoolExecutor.runWorker(ThreadPoolExecutor.java:1149)
	at java.util.concurrent.ThreadPoolExecutor$Worker.run(ThreadPoolExecutor.java:624)
	... 1 more
Caused by: org.apache.ratis.thirdparty.io.netty.channel.AbstractChannel$AnnotatedConnectException: Connection refused: /192.168.30.19:33042
	at sun.nio.ch.SocketChannelImpl.checkConnect(Native Method)
	at sun.nio.ch.SocketChannelImpl.finishConnect(SocketChannelImpl.java:717)
	at org.apache.ratis.thirdparty.io.netty.channel.socket.nio.NioSocketChannel.doFinishConnect(NioSocketChannel.java:327)
	at org.apache.ratis.thirdparty.io.netty.channel.nio.AbstractNioChannel$AbstractNioUnsafe.finishConnect(AbstractNioChannel.java:340)
	at org.apache.ratis.thirdparty.io.netty.channel.nio.NioEventLoop.processSelectedKey(NioEventLoop.java:632)
	at org.apache.ratis.thirdparty.io.netty.channel.nio.NioEventLoop.processSelectedKeysOptimized(NioEventLoop.java:579)
	at org.apache.ratis.thirdparty.io.netty.channel.nio.NioEventLoop.processSelectedKeys(NioEventLoop.java:496)
	at org.apache.ratis.thirdparty.io.netty.channel.nio.NioEventLoop.run(NioEventLoop.java:458)
	at org.apache.ratis.thirdparty.io.netty.util.concurrent.SingleThreadEventExecutor$5.run(SingleThreadEventExecutor.java:897)
	at org.apache.ratis.thirdparty.io.netty.util.concurrent.FastThreadLocalRunnable.run(FastThreadLocalRunnable.java:30)
	... 1 more
Caused by: java.net.ConnectException: Connection refused
	... 11 more
2019-09-29 11:08:19,531 [32d50e58-0e8b-44bb-a013-d28b85576746@group-F987CDCB05C7:LeaderElection14] INFO  impl.RaftServerImpl (RaftServerImpl.java:setRole(174)) - 32d50e58-0e8b-44bb-a013-d28b85576746@group-F987CDCB05C7: changes role from CANDIDATE to FOLLOWER at term 2 for DISCOVERED_A_NEW_TERM
2019-09-29 11:08:19,531 [32d50e58-0e8b-44bb-a013-d28b85576746@group-F987CDCB05C7:LeaderElection14] INFO  impl.RoleInfo (RoleInfo.java:shutdownLeaderElection(134)) - 32d50e58-0e8b-44bb-a013-d28b85576746: shutdown LeaderElection
2019-09-29 11:08:19,531 [32d50e58-0e8b-44bb-a013-d28b85576746@group-F987CDCB05C7:LeaderElection14] INFO  impl.RoleInfo (RoleInfo.java:updateAndGet(143)) - 32d50e58-0e8b-44bb-a013-d28b85576746: start FollowerState
2019-09-29 11:08:19,671 [Thread-333] INFO  impl.FollowerState (FollowerState.java:run(106)) - 17e09b0e-7256-45e4-9e35-05f1f47ae986:group-84B396C0AFBE changes to CANDIDATE, lastRpcTime:10110, electionTimeout:5115ms
2019-09-29 11:08:19,677 [Thread-333] INFO  impl.RoleInfo (RoleInfo.java:shutdownFollowerState(121)) - 17e09b0e-7256-45e4-9e35-05f1f47ae986: shutdown FollowerState
2019-09-29 11:08:19,678 [Thread-333] INFO  impl.RaftServerImpl (RaftServerImpl.java:setRole(174)) - 17e09b0e-7256-45e4-9e35-05f1f47ae986@group-84B396C0AFBE: changes role from  FOLLOWER to CANDIDATE at term 1 for changeToCandidate
2019-09-29 11:08:19,678 [Thread-333] INFO  impl.RoleInfo (RoleInfo.java:updateAndGet(143)) - 17e09b0e-7256-45e4-9e35-05f1f47ae986: start LeaderElection
2019-09-29 11:08:19,693 [17e09b0e-7256-45e4-9e35-05f1f47ae986@group-84B396C0AFBE:LeaderElection15] INFO  impl.RaftServerImpl (ServerState.java:setLeader(253)) - 17e09b0e-7256-45e4-9e35-05f1f47ae986@group-84B396C0AFBE: change Leader from 97806d94-bf03-4162-88de-2912f25217ae to null at term 1 for initElection
2019-09-29 11:08:19,693 [Thread-339] INFO  impl.FollowerState (FollowerState.java:run(106)) - 32d50e58-0e8b-44bb-a013-d28b85576746:group-84B396C0AFBE changes to CANDIDATE, lastRpcTime:10133, electionTimeout:5194ms
2019-09-29 11:08:19,693 [Thread-339] INFO  impl.RoleInfo (RoleInfo.java:shutdownFollowerState(121)) - 32d50e58-0e8b-44bb-a013-d28b85576746: shutdown FollowerState
2019-09-29 11:08:19,694 [Thread-339] INFO  impl.RaftServerImpl (RaftServerImpl.java:setRole(174)) - 32d50e58-0e8b-44bb-a013-d28b85576746@group-84B396C0AFBE: changes role from  FOLLOWER to CANDIDATE at term 1 for changeToCandidate
2019-09-29 11:08:19,694 [Thread-339] INFO  impl.RoleInfo (RoleInfo.java:updateAndGet(143)) - 32d50e58-0e8b-44bb-a013-d28b85576746: start LeaderElection
2019-09-29 11:08:19,694 [32d50e58-0e8b-44bb-a013-d28b85576746@group-84B396C0AFBE:LeaderElection16] INFO  impl.RaftServerImpl (ServerState.java:setLeader(253)) - 32d50e58-0e8b-44bb-a013-d28b85576746@group-84B396C0AFBE: change Leader from 97806d94-bf03-4162-88de-2912f25217ae to null at term 1 for initElection
2019-09-29 11:08:19,717 [32d50e58-0e8b-44bb-a013-d28b85576746@group-84B396C0AFBE:LeaderElection16] INFO  impl.LeaderElection (LeaderElection.java:askForVotes(182)) - 32d50e58-0e8b-44bb-a013-d28b85576746@group-84B396C0AFBE:LeaderElection16: begin an election at term 2 for 0: [97806d94-bf03-4162-88de-2912f25217ae:192.168.30.19:33042, 32d50e58-0e8b-44bb-a013-d28b85576746:192.168.30.19:35526, 17e09b0e-7256-45e4-9e35-05f1f47ae986:192.168.30.19:35975], old=null
2019-09-29 11:08:19,717 [17e09b0e-7256-45e4-9e35-05f1f47ae986@group-84B396C0AFBE:LeaderElection15] INFO  impl.LeaderElection (LeaderElection.java:askForVotes(182)) - 17e09b0e-7256-45e4-9e35-05f1f47ae986@group-84B396C0AFBE:LeaderElection15: begin an election at term 2 for 0: [97806d94-bf03-4162-88de-2912f25217ae:192.168.30.19:33042, 32d50e58-0e8b-44bb-a013-d28b85576746:192.168.30.19:35526, 17e09b0e-7256-45e4-9e35-05f1f47ae986:192.168.30.19:35975], old=null
2019-09-29 11:08:19,719 [32d50e58-0e8b-44bb-a013-d28b85576746@group-84B396C0AFBE:LeaderElection16] INFO  impl.LeaderElection (LogUtils.java:infoOrTrace(149)) - 32d50e58-0e8b-44bb-a013-d28b85576746@group-84B396C0AFBE:LeaderElection16 got exception when requesting votes: {}
java.util.concurrent.ExecutionException: org.apache.ratis.thirdparty.io.grpc.StatusRuntimeException: UNAVAILABLE: io exception
	at java.util.concurrent.FutureTask.report(FutureTask.java:122)
	at java.util.concurrent.FutureTask.get(FutureTask.java:192)
	at org.apache.ratis.server.impl.LeaderElection.waitForResults(LeaderElection.java:263)
	at org.apache.ratis.server.impl.LeaderElection.askForVotes(LeaderElection.java:201)
	at org.apache.ratis.server.impl.LeaderElection.run(LeaderElection.java:133)
	at java.lang.Thread.run(Thread.java:748)
Caused by: org.apache.ratis.thirdparty.io.grpc.StatusRuntimeException: UNAVAILABLE: io exception
	at org.apache.ratis.thirdparty.io.grpc.stub.ClientCalls.toStatusRuntimeException(ClientCalls.java:233)
	at org.apache.ratis.thirdparty.io.grpc.stub.ClientCalls.getUnchecked(ClientCalls.java:214)
	at org.apache.ratis.thirdparty.io.grpc.stub.ClientCalls.blockingUnaryCall(ClientCalls.java:139)
	at org.apache.ratis.proto.grpc.RaftServerProtocolServiceGrpc$RaftServerProtocolServiceBlockingStub.requestVote(RaftServerProtocolServiceGrpc.java:265)
	at org.apache.ratis.grpc.server.GrpcServerProtocolClient.requestVote(GrpcServerProtocolClient.java:90)
	at org.apache.ratis.grpc.server.GrpcService.requestVote(GrpcService.java:204)
	at org.apache.ratis.server.impl.LeaderElection.lambda$submitRequests$1(LeaderElection.java:238)
	at java.util.concurrent.FutureTask.run(FutureTask.java:266)
	at java.util.concurrent.Executors$RunnableAdapter.call(Executors.java:511)
	at java.util.concurrent.FutureTask.run(FutureTask.java:266)
	at java.util.concurrent.ThreadPoolExecutor.runWorker(ThreadPoolExecutor.java:1149)
	at java.util.concurrent.ThreadPoolExecutor$Worker.run(ThreadPoolExecutor.java:624)
	... 1 more
Caused by: org.apache.ratis.thirdparty.io.netty.channel.AbstractChannel$AnnotatedConnectException: Connection refused: /192.168.30.19:33042
	at sun.nio.ch.SocketChannelImpl.checkConnect(Native Method)
	at sun.nio.ch.SocketChannelImpl.finishConnect(SocketChannelImpl.java:717)
	at org.apache.ratis.thirdparty.io.netty.channel.socket.nio.NioSocketChannel.doFinishConnect(NioSocketChannel.java:327)
	at org.apache.ratis.thirdparty.io.netty.channel.nio.AbstractNioChannel$AbstractNioUnsafe.finishConnect(AbstractNioChannel.java:340)
	at org.apache.ratis.thirdparty.io.netty.channel.nio.NioEventLoop.processSelectedKey(NioEventLoop.java:632)
	at org.apache.ratis.thirdparty.io.netty.channel.nio.NioEventLoop.processSelectedKeysOptimized(NioEventLoop.java:579)
	at org.apache.ratis.thirdparty.io.netty.channel.nio.NioEventLoop.processSelectedKeys(NioEventLoop.java:496)
	at org.apache.ratis.thirdparty.io.netty.channel.nio.NioEventLoop.run(NioEventLoop.java:458)
	at org.apache.ratis.thirdparty.io.netty.util.concurrent.SingleThreadEventExecutor$5.run(SingleThreadEventExecutor.java:897)
	at org.apache.ratis.thirdparty.io.netty.util.concurrent.FastThreadLocalRunnable.run(FastThreadLocalRunnable.java:30)
	... 1 more
Caused by: java.net.ConnectException: Connection refused
	... 11 more
2019-09-29 11:08:19,719 [17e09b0e-7256-45e4-9e35-05f1f47ae986@group-84B396C0AFBE:LeaderElection15] INFO  impl.LeaderElection (LogUtils.java:infoOrTrace(149)) - 17e09b0e-7256-45e4-9e35-05f1f47ae986@group-84B396C0AFBE:LeaderElection15 got exception when requesting votes: {}
java.util.concurrent.ExecutionException: org.apache.ratis.thirdparty.io.grpc.StatusRuntimeException: UNAVAILABLE: io exception
	at java.util.concurrent.FutureTask.report(FutureTask.java:122)
	at java.util.concurrent.FutureTask.get(FutureTask.java:192)
	at org.apache.ratis.server.impl.LeaderElection.waitForResults(LeaderElection.java:263)
	at org.apache.ratis.server.impl.LeaderElection.askForVotes(LeaderElection.java:201)
	at org.apache.ratis.server.impl.LeaderElection.run(LeaderElection.java:133)
	at java.lang.Thread.run(Thread.java:748)
Caused by: org.apache.ratis.thirdparty.io.grpc.StatusRuntimeException: UNAVAILABLE: io exception
	at org.apache.ratis.thirdparty.io.grpc.stub.ClientCalls.toStatusRuntimeException(ClientCalls.java:233)
	at org.apache.ratis.thirdparty.io.grpc.stub.ClientCalls.getUnchecked(ClientCalls.java:214)
	at org.apache.ratis.thirdparty.io.grpc.stub.ClientCalls.blockingUnaryCall(ClientCalls.java:139)
	at org.apache.ratis.proto.grpc.RaftServerProtocolServiceGrpc$RaftServerProtocolServiceBlockingStub.requestVote(RaftServerProtocolServiceGrpc.java:265)
	at org.apache.ratis.grpc.server.GrpcServerProtocolClient.requestVote(GrpcServerProtocolClient.java:90)
	at org.apache.ratis.grpc.server.GrpcService.requestVote(GrpcService.java:204)
	at org.apache.ratis.server.impl.LeaderElection.lambda$submitRequests$1(LeaderElection.java:238)
	at java.util.concurrent.FutureTask.run(FutureTask.java:266)
	at java.util.concurrent.Executors$RunnableAdapter.call(Executors.java:511)
	at java.util.concurrent.FutureTask.run(FutureTask.java:266)
	at java.util.concurrent.ThreadPoolExecutor.runWorker(ThreadPoolExecutor.java:1149)
	at java.util.concurrent.ThreadPoolExecutor$Worker.run(ThreadPoolExecutor.java:624)
	... 1 more
Caused by: org.apache.ratis.thirdparty.io.netty.channel.AbstractChannel$AnnotatedConnectException: Connection refused: /192.168.30.19:33042
	at sun.nio.ch.SocketChannelImpl.checkConnect(Native Method)
	at sun.nio.ch.SocketChannelImpl.finishConnect(SocketChannelImpl.java:717)
	at org.apache.ratis.thirdparty.io.netty.channel.socket.nio.NioSocketChannel.doFinishConnect(NioSocketChannel.java:327)
	at org.apache.ratis.thirdparty.io.netty.channel.nio.AbstractNioChannel$AbstractNioUnsafe.finishConnect(AbstractNioChannel.java:340)
	at org.apache.ratis.thirdparty.io.netty.channel.nio.NioEventLoop.processSelectedKey(NioEventLoop.java:632)
	at org.apache.ratis.thirdparty.io.netty.channel.nio.NioEventLoop.processSelectedKeysOptimized(NioEventLoop.java:579)
	at org.apache.ratis.thirdparty.io.netty.channel.nio.NioEventLoop.processSelectedKeys(NioEventLoop.java:496)
	at org.apache.ratis.thirdparty.io.netty.channel.nio.NioEventLoop.run(NioEventLoop.java:458)
	at org.apache.ratis.thirdparty.io.netty.util.concurrent.SingleThreadEventExecutor$5.run(SingleThreadEventExecutor.java:897)
	at org.apache.ratis.thirdparty.io.netty.util.concurrent.FastThreadLocalRunnable.run(FastThreadLocalRunnable.java:30)
	... 1 more
Caused by: java.net.ConnectException: Connection refused
	... 11 more
2019-09-29 11:08:19,728 [32d50e58-0e8b-44bb-a013-d28b85576746@group-84B396C0AFBE:LeaderElection16] INFO  impl.LeaderElection (LeaderElection.java:logAndReturn(56)) - 32d50e58-0e8b-44bb-a013-d28b85576746@group-84B396C0AFBE:LeaderElection16: Election REJECTED; received 1 response(s) [32d50e58-0e8b-44bb-a013-d28b85576746<-17e09b0e-7256-45e4-9e35-05f1f47ae986#0:FAIL-t2] and 1 exception(s); 32d50e58-0e8b-44bb-a013-d28b85576746@group-84B396C0AFBE:t2, leader=null, voted=32d50e58-0e8b-44bb-a013-d28b85576746, raftlog=32d50e58-0e8b-44bb-a013-d28b85576746@group-84B396C0AFBE-SegmentedRaftLog:OPENED:c0,f0,i0, conf=0: [97806d94-bf03-4162-88de-2912f25217ae:192.168.30.19:33042, 32d50e58-0e8b-44bb-a013-d28b85576746:192.168.30.19:35526, 17e09b0e-7256-45e4-9e35-05f1f47ae986:192.168.30.19:35975], old=null
2019-09-29 11:08:19,728 [17e09b0e-7256-45e4-9e35-05f1f47ae986@group-84B396C0AFBE:LeaderElection15] INFO  impl.LeaderElection (LeaderElection.java:logAndReturn(56)) - 17e09b0e-7256-45e4-9e35-05f1f47ae986@group-84B396C0AFBE:LeaderElection15: Election REJECTED; received 1 response(s) [17e09b0e-7256-45e4-9e35-05f1f47ae986<-32d50e58-0e8b-44bb-a013-d28b85576746#0:FAIL-t2] and 1 exception(s); 17e09b0e-7256-45e4-9e35-05f1f47ae986@group-84B396C0AFBE:t2, leader=null, voted=17e09b0e-7256-45e4-9e35-05f1f47ae986, raftlog=17e09b0e-7256-45e4-9e35-05f1f47ae986@group-84B396C0AFBE-SegmentedRaftLog:OPENED:c0,f0,i0, conf=0: [97806d94-bf03-4162-88de-2912f25217ae:192.168.30.19:33042, 32d50e58-0e8b-44bb-a013-d28b85576746:192.168.30.19:35526, 17e09b0e-7256-45e4-9e35-05f1f47ae986:192.168.30.19:35975], old=null
2019-09-29 11:08:19,728 [32d50e58-0e8b-44bb-a013-d28b85576746@group-84B396C0AFBE:LeaderElection16] INFO  impl.LeaderElection (LogUtils.java:infoOrTrace(149)) -   Exception 0: {}
java.util.concurrent.ExecutionException: org.apache.ratis.thirdparty.io.grpc.StatusRuntimeException: UNAVAILABLE: io exception
	at java.util.concurrent.FutureTask.report(FutureTask.java:122)
	at java.util.concurrent.FutureTask.get(FutureTask.java:192)
	at org.apache.ratis.server.impl.LeaderElection.waitForResults(LeaderElection.java:263)
	at org.apache.ratis.server.impl.LeaderElection.askForVotes(LeaderElection.java:201)
	at org.apache.ratis.server.impl.LeaderElection.run(LeaderElection.java:133)
	at java.lang.Thread.run(Thread.java:748)
Caused by: org.apache.ratis.thirdparty.io.grpc.StatusRuntimeException: UNAVAILABLE: io exception
	at org.apache.ratis.thirdparty.io.grpc.stub.ClientCalls.toStatusRuntimeException(ClientCalls.java:233)
	at org.apache.ratis.thirdparty.io.grpc.stub.ClientCalls.getUnchecked(ClientCalls.java:214)
	at org.apache.ratis.thirdparty.io.grpc.stub.ClientCalls.blockingUnaryCall(ClientCalls.java:139)
	at org.apache.ratis.proto.grpc.RaftServerProtocolServiceGrpc$RaftServerProtocolServiceBlockingStub.requestVote(RaftServerProtocolServiceGrpc.java:265)
	at org.apache.ratis.grpc.server.GrpcServerProtocolClient.requestVote(GrpcServerProtocolClient.java:90)
	at org.apache.ratis.grpc.server.GrpcService.requestVote(GrpcService.java:204)
	at org.apache.ratis.server.impl.LeaderElection.lambda$submitRequests$1(LeaderElection.java:238)
	at java.util.concurrent.FutureTask.run(FutureTask.java:266)
	at java.util.concurrent.Executors$RunnableAdapter.call(Executors.java:511)
	at java.util.concurrent.FutureTask.run(FutureTask.java:266)
	at java.util.concurrent.ThreadPoolExecutor.runWorker(ThreadPoolExecutor.java:1149)
	at java.util.concurrent.ThreadPoolExecutor$Worker.run(ThreadPoolExecutor.java:624)
	... 1 more
Caused by: org.apache.ratis.thirdparty.io.netty.channel.AbstractChannel$AnnotatedConnectException: Connection refused: /192.168.30.19:33042
	at sun.nio.ch.SocketChannelImpl.checkConnect(Native Method)
	at sun.nio.ch.SocketChannelImpl.finishConnect(SocketChannelImpl.java:717)
	at org.apache.ratis.thirdparty.io.netty.channel.socket.nio.NioSocketChannel.doFinishConnect(NioSocketChannel.java:327)
	at org.apache.ratis.thirdparty.io.netty.channel.nio.AbstractNioChannel$AbstractNioUnsafe.finishConnect(AbstractNioChannel.java:340)
	at org.apache.ratis.thirdparty.io.netty.channel.nio.NioEventLoop.processSelectedKey(NioEventLoop.java:632)
	at org.apache.ratis.thirdparty.io.netty.channel.nio.NioEventLoop.processSelectedKeysOptimized(NioEventLoop.java:579)
	at org.apache.ratis.thirdparty.io.netty.channel.nio.NioEventLoop.processSelectedKeys(NioEventLoop.java:496)
	at org.apache.ratis.thirdparty.io.netty.channel.nio.NioEventLoop.run(NioEventLoop.java:458)
	at org.apache.ratis.thirdparty.io.netty.util.concurrent.SingleThreadEventExecutor$5.run(SingleThreadEventExecutor.java:897)
	at org.apache.ratis.thirdparty.io.netty.util.concurrent.FastThreadLocalRunnable.run(FastThreadLocalRunnable.java:30)
	... 1 more
Caused by: java.net.ConnectException: Connection refused
	... 11 more
2019-09-29 11:08:19,728 [17e09b0e-7256-45e4-9e35-05f1f47ae986@group-84B396C0AFBE:LeaderElection15] INFO  impl.LeaderElection (LogUtils.java:infoOrTrace(149)) -   Exception 0: {}
java.util.concurrent.ExecutionException: org.apache.ratis.thirdparty.io.grpc.StatusRuntimeException: UNAVAILABLE: io exception
	at java.util.concurrent.FutureTask.report(FutureTask.java:122)
	at java.util.concurrent.FutureTask.get(FutureTask.java:192)
	at org.apache.ratis.server.impl.LeaderElection.waitForResults(LeaderElection.java:263)
	at org.apache.ratis.server.impl.LeaderElection.askForVotes(LeaderElection.java:201)
	at org.apache.ratis.server.impl.LeaderElection.run(LeaderElection.java:133)
	at java.lang.Thread.run(Thread.java:748)
Caused by: org.apache.ratis.thirdparty.io.grpc.StatusRuntimeException: UNAVAILABLE: io exception
	at org.apache.ratis.thirdparty.io.grpc.stub.ClientCalls.toStatusRuntimeException(ClientCalls.java:233)
	at org.apache.ratis.thirdparty.io.grpc.stub.ClientCalls.getUnchecked(ClientCalls.java:214)
	at org.apache.ratis.thirdparty.io.grpc.stub.ClientCalls.blockingUnaryCall(ClientCalls.java:139)
	at org.apache.ratis.proto.grpc.RaftServerProtocolServiceGrpc$RaftServerProtocolServiceBlockingStub.requestVote(RaftServerProtocolServiceGrpc.java:265)
	at org.apache.ratis.grpc.server.GrpcServerProtocolClient.requestVote(GrpcServerProtocolClient.java:90)
	at org.apache.ratis.grpc.server.GrpcService.requestVote(GrpcService.java:204)
	at org.apache.ratis.server.impl.LeaderElection.lambda$submitRequests$1(LeaderElection.java:238)
	at java.util.concurrent.FutureTask.run(FutureTask.java:266)
	at java.util.concurrent.Executors$RunnableAdapter.call(Executors.java:511)
	at java.util.concurrent.FutureTask.run(FutureTask.java:266)
	at java.util.concurrent.ThreadPoolExecutor.runWorker(ThreadPoolExecutor.java:1149)
	at java.util.concurrent.ThreadPoolExecutor$Worker.run(ThreadPoolExecutor.java:624)
	... 1 more
Caused by: org.apache.ratis.thirdparty.io.netty.channel.AbstractChannel$AnnotatedConnectException: Connection refused: /192.168.30.19:33042
	at sun.nio.ch.SocketChannelImpl.checkConnect(Native Method)
	at sun.nio.ch.SocketChannelImpl.finishConnect(SocketChannelImpl.java:717)
	at org.apache.ratis.thirdparty.io.netty.channel.socket.nio.NioSocketChannel.doFinishConnect(NioSocketChannel.java:327)
	at org.apache.ratis.thirdparty.io.netty.channel.nio.AbstractNioChannel$AbstractNioUnsafe.finishConnect(AbstractNioChannel.java:340)
	at org.apache.ratis.thirdparty.io.netty.channel.nio.NioEventLoop.processSelectedKey(NioEventLoop.java:632)
	at org.apache.ratis.thirdparty.io.netty.channel.nio.NioEventLoop.processSelectedKeysOptimized(NioEventLoop.java:579)
	at org.apache.ratis.thirdparty.io.netty.channel.nio.NioEventLoop.processSelectedKeys(NioEventLoop.java:496)
	at org.apache.ratis.thirdparty.io.netty.channel.nio.NioEventLoop.run(NioEventLoop.java:458)
	at org.apache.ratis.thirdparty.io.netty.util.concurrent.SingleThreadEventExecutor$5.run(SingleThreadEventExecutor.java:897)
	at org.apache.ratis.thirdparty.io.netty.util.concurrent.FastThreadLocalRunnable.run(FastThreadLocalRunnable.java:30)
	... 1 more
Caused by: java.net.ConnectException: Connection refused
	... 11 more
2019-09-29 11:08:19,732 [32d50e58-0e8b-44bb-a013-d28b85576746@group-84B396C0AFBE:LeaderElection16] INFO  impl.RaftServerImpl (RaftServerImpl.java:setRole(174)) - 32d50e58-0e8b-44bb-a013-d28b85576746@group-84B396C0AFBE: changes role from CANDIDATE to FOLLOWER at term 2 for DISCOVERED_A_NEW_TERM
2019-09-29 11:08:19,733 [17e09b0e-7256-45e4-9e35-05f1f47ae986@group-84B396C0AFBE:LeaderElection15] INFO  impl.RaftServerImpl (RaftServerImpl.java:setRole(174)) - 17e09b0e-7256-45e4-9e35-05f1f47ae986@group-84B396C0AFBE: changes role from CANDIDATE to FOLLOWER at term 2 for DISCOVERED_A_NEW_TERM
2019-09-29 11:08:19,733 [32d50e58-0e8b-44bb-a013-d28b85576746@group-84B396C0AFBE:LeaderElection16] INFO  impl.RoleInfo (RoleInfo.java:shutdownLeaderElection(134)) - 32d50e58-0e8b-44bb-a013-d28b85576746: shutdown LeaderElection
2019-09-29 11:08:19,733 [17e09b0e-7256-45e4-9e35-05f1f47ae986@group-84B396C0AFBE:LeaderElection15] INFO  impl.RoleInfo (RoleInfo.java:shutdownLeaderElection(134)) - 17e09b0e-7256-45e4-9e35-05f1f47ae986: shutdown LeaderElection
2019-09-29 11:08:19,733 [32d50e58-0e8b-44bb-a013-d28b85576746@group-84B396C0AFBE:LeaderElection16] INFO  impl.RoleInfo (RoleInfo.java:updateAndGet(143)) - 32d50e58-0e8b-44bb-a013-d28b85576746: start FollowerState
2019-09-29 11:08:19,734 [17e09b0e-7256-45e4-9e35-05f1f47ae986@group-84B396C0AFBE:LeaderElection15] INFO  impl.RoleInfo (RoleInfo.java:updateAndGet(143)) - 17e09b0e-7256-45e4-9e35-05f1f47ae986: start FollowerState
2019-09-29 11:08:19,744 [grpc-default-executor-2] WARN  server.GrpcLogAppender (LogUtils.java:warn(134)) - 17e09b0e-7256-45e4-9e35-05f1f47ae986@group-2720C30680E1->97806d94-bf03-4162-88de-2912f25217ae-AppendLogResponseHandler: Failed appendEntries: org.apache.ratis.thirdparty.io.grpc.StatusRuntimeException: UNAVAILABLE: io exception
2019-09-29 11:08:19,749 [grpc-default-executor-2] INFO  impl.FollowerInfo (FollowerInfo.java:lambda$new$0(51)) - 17e09b0e-7256-45e4-9e35-05f1f47ae986@group-2720C30680E1->97806d94-bf03-4162-88de-2912f25217ae: nextIndex: updateUnconditionally 0 -> 0
2019-09-29 11:08:22,245 [grpc-default-executor-3] WARN  server.GrpcLogAppender (LogUtils.java:warn(134)) - 17e09b0e-7256-45e4-9e35-05f1f47ae986@group-2720C30680E1->97806d94-bf03-4162-88de-2912f25217ae-AppendLogResponseHandler: Failed appendEntries: org.apache.ratis.thirdparty.io.grpc.StatusRuntimeException: UNAVAILABLE: io exception
2019-09-29 11:08:22,248 [grpc-default-executor-3] INFO  impl.FollowerInfo (FollowerInfo.java:lambda$new$0(51)) - 17e09b0e-7256-45e4-9e35-05f1f47ae986@group-2720C30680E1->97806d94-bf03-4162-88de-2912f25217ae: nextIndex: updateUnconditionally 0 -> 0
]]></system-out>
    <system-err><![CDATA[ERROR StatusLogger No Log4j 2 configuration file found. Using default configuration (logging only errors to the console), or user programmatically provided configurations. Set system property 'log4j2.debug' to show Log4j 2 internal initialization logging. See https://logging.apache.org/log4j/2.x/manual/configuration.html for instructions on how to configure Log4j 2
Sep 29, 2019 11:08:10 AM org.apache.ratis.thirdparty.io.grpc.internal.SerializingExecutor run
SEVERE: Exception while executing runnable org.apache.ratis.thirdparty.io.grpc.internal.ServerImpl$JumpToApplicationThreadServerStreamListener$1Closed@57b153e4
org.apache.ratis.thirdparty.io.grpc.StatusRuntimeException: CANCELLED: call already cancelled
	at org.apache.ratis.thirdparty.io.grpc.Status.asRuntimeException(Status.java:517)
	at org.apache.ratis.thirdparty.io.grpc.stub.ServerCalls$ServerCallStreamObserverImpl.onCompleted(ServerCalls.java:356)
	at org.apache.ratis.grpc.server.GrpcServerProtocolService$ServerRequestStreamObserver.onError(GrpcServerProtocolService.java:121)
	at org.apache.ratis.thirdparty.io.grpc.stub.ServerCalls$StreamingServerCallHandler$StreamingServerCallListener.onCancel(ServerCalls.java:269)
	at org.apache.ratis.thirdparty.io.grpc.internal.ServerCallImpl$ServerStreamListenerImpl.closed(ServerCallImpl.java:293)
	at org.apache.ratis.thirdparty.io.grpc.internal.ServerImpl$JumpToApplicationThreadServerStreamListener$1Closed.runInContext(ServerImpl.java:741)
	at org.apache.ratis.thirdparty.io.grpc.internal.ContextRunnable.run(ContextRunnable.java:37)
	at org.apache.ratis.thirdparty.io.grpc.internal.SerializingExecutor.run(SerializingExecutor.java:123)
	at java.util.concurrent.ThreadPoolExecutor.runWorker(ThreadPoolExecutor.java:1149)
	at java.util.concurrent.ThreadPoolExecutor$Worker.run(ThreadPoolExecutor.java:624)
	at java.lang.Thread.run(Thread.java:748)

]]></system-err>
  </testcase>
</testsuite>