<?xml version="1.0" encoding="UTF-8"?>
<testsuite xmlns:xsi="http://www.w3.org/2001/XMLSchema-instance" xsi:noNamespaceSchemaLocation="https://maven.apache.org/surefire/maven-surefire-plugin/xsd/surefire-test-report.xsd" name="org.apache.hadoop.ozone.client.rpc.TestOzoneAtRestEncryption" time="64.859" tests="69" errors="19" skipped="2" failures="0">
  <properties>
    <property name="awt.toolkit" value="sun.awt.X11.XToolkit"/>
    <property name="file.encoding.pkg" value="sun.io"/>
    <property name="java.specification.version" value="1.8"/>
    <property name="sun.cpu.isalist" value=""/>
    <property name="sun.jnu.encoding" value="UTF-8"/>
    <property name="java.class.path" value="/workdir/hadoop-ozone/integration-test/target/test-classes:/workdir/hadoop-ozone/integration-test/target/classes:/home/user/.m2/repository/org/apache/hadoop/hadoop-ozone-common/0.5.0-SNAPSHOT/hadoop-ozone-common-0.5.0-SNAPSHOT.jar:/home/user/.m2/repository/org/apache/commons/commons-compress/1.4.1/commons-compress-1.4.1.jar:/home/user/.m2/repository/org/tukaani/xz/1.0/xz-1.0.jar:/home/user/.m2/repository/org/apache/hadoop/hadoop-common/3.2.0/hadoop-common-3.2.0.jar:/home/user/.m2/repository/org/apache/hadoop/hadoop-hdfs/3.2.0/hadoop-hdfs-3.2.0.jar:/home/user/.m2/repository/org/apache/hadoop/hadoop-hdfs-client/3.2.0/hadoop-hdfs-client-3.2.0.jar:/home/user/.m2/repository/com/fasterxml/jackson/core/jackson-annotations/2.9.9/jackson-annotations-2.9.9.jar:/home/user/.m2/repository/org/apache/hadoop/hadoop-hdds-common/0.5.0-SNAPSHOT/hadoop-hdds-common-0.5.0-SNAPSHOT.jar:/home/user/.m2/repository/javax/annotation/javax.annotation-api/1.2/javax.annotation-api-1.2.jar:/home/user/.m2/repository/org/apache/ratis/ratis-server/0.4.0/ratis-server-0.4.0.jar:/home/user/.m2/repository/org/apache/ratis/ratis-thirdparty-misc/0.2.0/ratis-thirdparty-misc-0.2.0.jar:/home/user/.m2/repository/org/apache/ratis/ratis-proto/0.4.0/ratis-proto-0.4.0.jar:/home/user/.m2/repository/org/apache/ratis/ratis-common/0.4.0/ratis-common-0.4.0.jar:/home/user/.m2/repository/org/apache/ratis/ratis-client/0.4.0/ratis-client-0.4.0.jar:/home/user/.m2/repository/org/apache/ratis/ratis-metrics/0.4.0/ratis-metrics-0.4.0.jar:/home/user/.m2/repository/com/github/joshelser/dropwizard-metrics-hadoop-metrics2-reporter/0.1.2/dropwizard-metrics-hadoop-metrics2-reporter-0.1.2.jar:/home/user/.m2/repository/io/dropwizard/metrics/metrics-jvm/3.2.5/metrics-jvm-3.2.5.jar:/home/user/.m2/repository/io/dropwizard/metrics/metrics-ganglia/3.2.5/metrics-ganglia-3.2.5.jar:/home/user/.m2/repository/info/ganglia/gmetric4j/gmetric4j/1.0.7/gmetric4j-1.0.7.jar:/home/user/.m2/repository/org/apache/ratis/ratis-netty/0.4.0/ratis-netty-0.4.0.jar:/home/user/.m2/repository/org/apache/ratis/ratis-grpc/0.4.0/ratis-grpc-0.4.0.jar:/home/user/.m2/repository/org/rocksdb/rocksdbjni/6.0.1/rocksdbjni-6.0.1.jar:/home/user/.m2/repository/org/apache/logging/log4j/log4j-api/2.11.0/log4j-api-2.11.0.jar:/home/user/.m2/repository/org/apache/logging/log4j/log4j-core/2.11.0/log4j-core-2.11.0.jar:/home/user/.m2/repository/com/lmax/disruptor/3.4.2/disruptor-3.4.2.jar:/home/user/.m2/repository/org/apache/commons/commons-pool2/2.6.0/commons-pool2-2.6.0.jar:/home/user/.m2/repository/org/bouncycastle/bcpkix-jdk15on/1.60/bcpkix-jdk15on-1.60.jar:/home/user/.m2/repository/commons-validator/commons-validator/1.6/commons-validator-1.6.jar:/home/user/.m2/repository/commons-digester/commons-digester/1.8.1/commons-digester-1.8.1.jar:/home/user/.m2/repository/io/jaegertracing/jaeger-client/0.34.0/jaeger-client-0.34.0.jar:/home/user/.m2/repository/io/jaegertracing/jaeger-thrift/0.34.0/jaeger-thrift-0.34.0.jar:/home/user/.m2/repository/org/apache/thrift/libthrift/0.12.0/libthrift-0.12.0.jar:/home/user/.m2/repository/com/squareup/okhttp3/okhttp/3.9.0/okhttp-3.9.0.jar:/home/user/.m2/repository/com/squareup/okio/okio/1.13.0/okio-1.13.0.jar:/home/user/.m2/repository/io/jaegertracing/jaeger-core/0.34.0/jaeger-core-0.34.0.jar:/home/user/.m2/repository/io/jaegertracing/jaeger-tracerresolver/0.34.0/jaeger-tracerresolver-0.34.0.jar:/home/user/.m2/repository/io/opentracing/contrib/opentracing-tracerresolver/0.1.5/opentracing-tracerresolver-0.1.5.jar:/home/user/.m2/repository/io/opentracing/opentracing-util/0.31.0/opentracing-util-0.31.0.jar:/home/user/.m2/repository/io/opentracing/opentracing-api/0.31.0/opentracing-api-0.31.0.jar:/home/user/.m2/repository/io/opentracing/opentracing-noop/0.31.0/opentracing-noop-0.31.0.jar:/home/user/.m2/repository/org/apache/hadoop/hadoop-hdds-server-framework/0.5.0-SNAPSHOT/hadoop-hdds-server-framework-0.5.0-SNAPSHOT.jar:/home/user/.m2/repository/org/apache/hadoop/hadoop-hdds-container-service/0.5.0-SNAPSHOT/hadoop-hdds-container-service-0.5.0-SNAPSHOT.jar:/home/user/.m2/repository/org/apache/hadoop/hadoop-hdds-client/0.5.0-SNAPSHOT/hadoop-hdds-client-0.5.0-SNAPSHOT.jar:/home/user/.m2/repository/org/apache/hadoop/hadoop-hdds-tools/0.5.0-SNAPSHOT/hadoop-hdds-tools-0.5.0-SNAPSHOT.jar:/home/user/.m2/repository/org/apache/hadoop/hadoop-hdds-server-scm/0.5.0-SNAPSHOT/hadoop-hdds-server-scm-0.5.0-SNAPSHOT.jar:/home/user/.m2/repository/org/apache/hadoop/hadoop-hdds-docs/0.5.0-SNAPSHOT/hadoop-hdds-docs-0.5.0-SNAPSHOT.jar:/home/user/.m2/repository/io/dropwizard/metrics/metrics-core/3.2.4/metrics-core-3.2.4.jar:/home/user/.m2/repository/org/hamcrest/hamcrest-all/1.3/hamcrest-all-1.3.jar:/home/user/.m2/repository/org/bouncycastle/bcprov-jdk15on/1.60/bcprov-jdk15on-1.60.jar:/home/user/.m2/repository/info/picocli/picocli/3.9.6/picocli-3.9.6.jar:/home/user/.m2/repository/com/google/protobuf/protobuf-java/2.5.0/protobuf-java-2.5.0.jar:/home/user/.m2/repository/com/google/guava/guava/11.0.2/guava-11.0.2.jar:/home/user/.m2/repository/org/apache/hadoop/hadoop-ozone-ozone-manager/0.5.0-SNAPSHOT/hadoop-ozone-ozone-manager-0.5.0-SNAPSHOT.jar:/home/user/.m2/repository/org/apache/hadoop/hadoop-minikdc/3.2.0/hadoop-minikdc-3.2.0.jar:/home/user/.m2/repository/commons-io/commons-io/2.5/commons-io-2.5.jar:/home/user/.m2/repository/org/apache/kerby/kerb-simplekdc/1.0.1/kerb-simplekdc-1.0.1.jar:/home/user/.m2/repository/org/apache/kerby/kerb-client/1.0.1/kerb-client-1.0.1.jar:/home/user/.m2/repository/org/apache/kerby/kerby-config/1.0.1/kerby-config-1.0.1.jar:/home/user/.m2/repository/org/apache/kerby/kerb-core/1.0.1/kerb-core-1.0.1.jar:/home/user/.m2/repository/org/apache/kerby/kerby-pkix/1.0.1/kerby-pkix-1.0.1.jar:/home/user/.m2/repository/org/apache/kerby/kerby-asn1/1.0.1/kerby-asn1-1.0.1.jar:/home/user/.m2/repository/org/apache/kerby/kerby-util/1.0.1/kerby-util-1.0.1.jar:/home/user/.m2/repository/org/apache/kerby/kerb-common/1.0.1/kerb-common-1.0.1.jar:/home/user/.m2/repository/org/apache/kerby/kerb-crypto/1.0.1/kerb-crypto-1.0.1.jar:/home/user/.m2/repository/org/apache/kerby/kerb-util/1.0.1/kerb-util-1.0.1.jar:/home/user/.m2/repository/org/apache/kerby/token-provider/1.0.1/token-provider-1.0.1.jar:/home/user/.m2/repository/org/apache/kerby/kerb-admin/1.0.1/kerb-admin-1.0.1.jar:/home/user/.m2/repository/org/apache/kerby/kerb-server/1.0.1/kerb-server-1.0.1.jar:/home/user/.m2/repository/org/apache/kerby/kerb-identity/1.0.1/kerb-identity-1.0.1.jar:/home/user/.m2/repository/org/apache/kerby/kerby-xdr/1.0.1/kerby-xdr-1.0.1.jar:/home/user/.m2/repository/org/slf4j/slf4j-log4j12/1.7.25/slf4j-log4j12-1.7.25.jar:/home/user/.m2/repository/org/apache/hadoop/hadoop-ozone-s3gateway/0.5.0-SNAPSHOT/hadoop-ozone-s3gateway-0.5.0-SNAPSHOT.jar:/home/user/.m2/repository/org/jboss/weld/servlet/weld-servlet/2.4.7.Final/weld-servlet-2.4.7.Final.jar:/home/user/.m2/repository/org/glassfish/jersey/containers/jersey-container-servlet-core/2.27/jersey-container-servlet-core-2.27.jar:/home/user/.m2/repository/org/glassfish/hk2/external/javax.inject/2.5.0-b42/javax.inject-2.5.0-b42.jar:/home/user/.m2/repository/org/glassfish/jersey/core/jersey-common/2.27/jersey-common-2.27.jar:/home/user/.m2/repository/org/glassfish/hk2/osgi-resource-locator/1.0.1/osgi-resource-locator-1.0.1.jar:/home/user/.m2/repository/javax/ws/rs/javax.ws.rs-api/2.1/javax.ws.rs-api-2.1.jar:/home/user/.m2/repository/org/glassfish/jersey/ext/cdi/jersey-cdi1x/2.27/jersey-cdi1x-2.27.jar:/home/user/.m2/repository/org/glassfish/jersey/inject/jersey-hk2/2.27/jersey-hk2-2.27.jar:/home/user/.m2/repository/org/glassfish/hk2/hk2-locator/2.5.0-b42/hk2-locator-2.5.0-b42.jar:/home/user/.m2/repository/org/javassist/javassist/3.22.0-CR2/javassist-3.22.0-CR2.jar:/home/user/.m2/repository/org/glassfish/hk2/hk2-api/2.5.0/hk2-api-2.5.0.jar:/home/user/.m2/repository/org/glassfish/hk2/external/jakarta.inject/2.5.0/jakarta.inject-2.5.0.jar:/home/user/.m2/repository/org/glassfish/hk2/hk2-utils/2.5.0/hk2-utils-2.5.0.jar:/home/user/.m2/repository/jakarta/annotation/jakarta.annotation-api/1.3.4/jakarta.annotation-api-1.3.4.jar:/home/user/.m2/repository/org/glassfish/hk2/external/aopalliance-repackaged/2.5.0/aopalliance-repackaged-2.5.0.jar:/home/user/.m2/repository/com/fasterxml/jackson/dataformat/jackson-dataformat-xml/2.9.0/jackson-dataformat-xml-2.9.0.jar:/home/user/.m2/repository/com/fasterxml/jackson/core/jackson-core/2.9.9/jackson-core-2.9.9.jar:/home/user/.m2/repository/com/fasterxml/jackson/module/jackson-module-jaxb-annotations/2.9.9/jackson-module-jaxb-annotations-2.9.9.jar:/home/user/.m2/repository/javax/enterprise/cdi-api/1.2/cdi-api-1.2.jar:/home/user/.m2/repository/javax/el/javax.el-api/3.0.0/javax.el-api-3.0.0.jar:/home/user/.m2/repository/javax/interceptor/javax.interceptor-api/1.2/javax.interceptor-api-1.2.jar:/home/user/.m2/repository/javax/inject/javax.inject/1/javax.inject-1.jar:/home/user/.m2/repository/com/sun/xml/bind/jaxb-impl/2.3.0.1/jaxb-impl-2.3.0.1.jar:/home/user/.m2/repository/com/sun/xml/bind/jaxb-core/2.3.0.1/jaxb-core-2.3.0.1.jar:/home/user/.m2/repository/javax/xml/bind/jaxb-api/2.3.0/jaxb-api-2.3.0.jar:/home/user/.m2/repository/javax/activation/activation/1.1.1/activation-1.1.1.jar:/home/user/.m2/repository/org/apache/hadoop/hadoop-ozone-csi/0.5.0-SNAPSHOT/hadoop-ozone-csi-0.5.0-SNAPSHOT.jar:/home/user/.m2/repository/com/google/protobuf/protobuf-java-util/3.5.1/protobuf-java-util-3.5.1.jar:/home/user/.m2/repository/org/apache/hadoop/hadoop-hdds-config/0.5.0-SNAPSHOT/hadoop-hdds-config-0.5.0-SNAPSHOT.jar:/home/user/.m2/repository/io/grpc/grpc-netty/1.17.1/grpc-netty-1.17.1.jar:/home/user/.m2/repository/io/grpc/grpc-core/1.17.1/grpc-core-1.17.1.jar:/home/user/.m2/repository/io/grpc/grpc-context/1.17.1/grpc-context-1.17.1.jar:/home/user/.m2/repository/com/google/errorprone/error_prone_annotations/2.2.0/error_prone_annotations-2.2.0.jar:/home/user/.m2/repository/org/codehaus/mojo/animal-sniffer-annotations/1.17/animal-sniffer-annotations-1.17.jar:/home/user/.m2/repository/io/opencensus/opencensus-api/0.17.0/opencensus-api-0.17.0.jar:/home/user/.m2/repository/io/opencensus/opencensus-contrib-grpc-metrics/0.17.0/opencensus-contrib-grpc-metrics-0.17.0.jar:/home/user/.m2/repository/io/netty/netty-codec-http2/4.1.30.Final/netty-codec-http2-4.1.30.Final.jar:/home/user/.m2/repository/io/netty/netty-codec-http/4.1.30.Final/netty-codec-http-4.1.30.Final.jar:/home/user/.m2/repository/io/netty/netty-codec/4.1.30.Final/netty-codec-4.1.30.Final.jar:/home/user/.m2/repository/io/netty/netty-handler/4.1.30.Final/netty-handler-4.1.30.Final.jar:/home/user/.m2/repository/io/netty/netty-handler-proxy/4.1.30.Final/netty-handler-proxy-4.1.30.Final.jar:/home/user/.m2/repository/io/netty/netty-codec-socks/4.1.30.Final/netty-codec-socks-4.1.30.Final.jar:/home/user/.m2/repository/io/netty/netty-transport-native-epoll/4.1.30.Final/netty-transport-native-epoll-4.1.30.Final.jar:/home/user/.m2/repository/io/netty/netty-common/4.1.30.Final/netty-common-4.1.30.Final.jar:/home/user/.m2/repository/io/netty/netty-buffer/4.1.30.Final/netty-buffer-4.1.30.Final.jar:/home/user/.m2/repository/io/netty/netty-transport/4.1.30.Final/netty-transport-4.1.30.Final.jar:/home/user/.m2/repository/io/netty/netty-resolver/4.1.30.Final/netty-resolver-4.1.30.Final.jar:/home/user/.m2/repository/io/netty/netty-transport-native-unix-common/4.1.30.Final/netty-transport-native-unix-common-4.1.30.Final.jar:/home/user/.m2/repository/io/grpc/grpc-protobuf/1.17.1/grpc-protobuf-1.17.1.jar:/home/user/.m2/repository/com/google/api/grpc/proto-google-common-protos/1.0.0/proto-google-common-protos-1.0.0.jar:/home/user/.m2/repository/io/grpc/grpc-protobuf-lite/1.17.1/grpc-protobuf-lite-1.17.1.jar:/home/user/.m2/repository/io/grpc/grpc-stub/1.17.1/grpc-stub-1.17.1.jar:/home/user/.m2/repository/org/apache/hadoop/hadoop-ozone-recon/0.5.0-SNAPSHOT/hadoop-ozone-recon-0.5.0-SNAPSHOT.jar:/home/user/.m2/repository/org/apache/hadoop/hadoop-ozone-reconcodegen/0.5.0-SNAPSHOT/hadoop-ozone-reconcodegen-0.5.0-SNAPSHOT.jar:/home/user/.m2/repository/com/google/inject/extensions/guice-multibindings/4.0/guice-multibindings-4.0.jar:/home/user/.m2/repository/com/google/inject/guice/4.0/guice-4.0.jar:/home/user/.m2/repository/aopalliance/aopalliance/1.0/aopalliance-1.0.jar:/home/user/.m2/repository/com/google/inject/extensions/guice-servlet/4.0/guice-servlet-4.0.jar:/home/user/.m2/repository/org/glassfish/jersey/containers/jersey-container-servlet/2.27/jersey-container-servlet-2.27.jar:/home/user/.m2/repository/org/glassfish/hk2/guice-bridge/2.5.0/guice-bridge-2.5.0.jar:/home/user/.m2/repository/org/glassfish/jersey/core/jersey-server/2.27/jersey-server-2.27.jar:/home/user/.m2/repository/org/glassfish/jersey/core/jersey-client/2.27/jersey-client-2.27.jar:/home/user/.m2/repository/org/glassfish/jersey/media/jersey-media-jaxb/2.27/jersey-media-jaxb-2.27.jar:/home/user/.m2/repository/javax/validation/validation-api/1.1.0.Final/validation-api-1.1.0.Final.jar:/home/user/.m2/repository/org/glassfish/jersey/media/jersey-media-json-jackson/2.27/jersey-media-json-jackson-2.27.jar:/home/user/.m2/repository/org/glassfish/jersey/ext/jersey-entity-filtering/2.27/jersey-entity-filtering-2.27.jar:/home/user/.m2/repository/com/google/inject/extensions/guice-assistedinject/4.0/guice-assistedinject-4.0.jar:/home/user/.m2/repository/org/jooq/jooq/3.11.10/jooq-3.11.10.jar:/home/user/.m2/repository/org/jooq/jooq-meta/3.11.10/jooq-meta-3.11.10.jar:/home/user/.m2/repository/org/jooq/jooq-codegen/3.11.10/jooq-codegen-3.11.10.jar:/home/user/.m2/repository/com/jolbox/bonecp/0.8.0.RELEASE/bonecp-0.8.0.RELEASE.jar:/home/user/.m2/repository/org/xerial/sqlite-jdbc/3.25.2/sqlite-jdbc-3.25.2.jar:/home/user/.m2/repository/org/springframework/spring-jdbc/5.1.3.RELEASE/spring-jdbc-5.1.3.RELEASE.jar:/home/user/.m2/repository/org/springframework/spring-beans/5.1.3.RELEASE/spring-beans-5.1.3.RELEASE.jar:/home/user/.m2/repository/org/springframework/spring-core/5.1.3.RELEASE/spring-core-5.1.3.RELEASE.jar:/home/user/.m2/repository/org/springframework/spring-jcl/5.1.3.RELEASE/spring-jcl-5.1.3.RELEASE.jar:/home/user/.m2/repository/org/springframework/spring-tx/5.1.3.RELEASE/spring-tx-5.1.3.RELEASE.jar:/home/user/.m2/repository/org/apache/hadoop/hadoop-ozone-client/0.5.0-SNAPSHOT/hadoop-ozone-client-0.5.0-SNAPSHOT.jar:/home/user/.m2/repository/commons-lang/commons-lang/2.6/commons-lang-2.6.jar:/home/user/.m2/repository/org/apache/hadoop/hadoop-ozone-ozone-manager/0.5.0-SNAPSHOT/hadoop-ozone-ozone-manager-0.5.0-SNAPSHOT-tests.jar:/home/user/.m2/repository/junit/junit/4.11/junit-4.11.jar:/home/user/.m2/repository/org/hamcrest/hamcrest-core/1.3/hamcrest-core-1.3.jar:/home/user/.m2/repository/org/openjdk/jmh/jmh-core/1.19/jmh-core-1.19.jar:/home/user/.m2/repository/net/sf/jopt-simple/jopt-simple/4.6/jopt-simple-4.6.jar:/home/user/.m2/repository/org/apache/commons/commons-math3/3.1.1/commons-math3-3.1.1.jar:/home/user/.m2/repository/org/openjdk/jmh/jmh-generator-annprocess/1.19/jmh-generator-annprocess-1.19.jar:/home/user/.m2/repository/org/mockito/mockito-all/1.8.5/mockito-all-1.8.5.jar:/home/user/.m2/repository/org/apache/hadoop/hadoop-kms/3.2.0/hadoop-kms-3.2.0.jar:/home/user/.m2/repository/org/apache/hadoop/hadoop-auth/3.2.0/hadoop-auth-3.2.0.jar:/home/user/.m2/repository/com/nimbusds/nimbus-jose-jwt/4.41.1/nimbus-jose-jwt-4.41.1.jar:/home/user/.m2/repository/com/github/stephenc/jcip/jcip-annotations/1.0-1/jcip-annotations-1.0-1.jar:/home/user/.m2/repository/net/minidev/json-smart/2.3/json-smart-2.3.jar:/home/user/.m2/repository/net/minidev/accessors-smart/1.2/accessors-smart-1.2.jar:/home/user/.m2/repository/org/ow2/asm/asm/5.0.4/asm-5.0.4.jar:/home/user/.m2/repository/org/apache/curator/curator-framework/2.12.0/curator-framework-2.12.0.jar:/home/user/.m2/repository/com/sun/jersey/jersey-core/1.19/jersey-core-1.19.jar:/home/user/.m2/repository/javax/ws/rs/jsr311-api/1.1.1/jsr311-api-1.1.1.jar:/home/user/.m2/repository/com/sun/jersey/jersey-server/1.19/jersey-server-1.19.jar:/home/user/.m2/repository/javax/servlet/javax.servlet-api/3.1.0/javax.servlet-api-3.1.0.jar:/home/user/.m2/repository/org/eclipse/jetty/jetty-server/9.3.25.v20180904/jetty-server-9.3.25.v20180904.jar:/home/user/.m2/repository/org/eclipse/jetty/jetty-http/9.3.25.v20180904/jetty-http-9.3.25.v20180904.jar:/home/user/.m2/repository/org/eclipse/jetty/jetty-io/9.3.25.v20180904/jetty-io-9.3.25.v20180904.jar:/home/user/.m2/repository/org/eclipse/jetty/jetty-webapp/9.3.25.v20180904/jetty-webapp-9.3.25.v20180904.jar:/home/user/.m2/repository/org/eclipse/jetty/jetty-xml/9.3.25.v20180904/jetty-xml-9.3.25.v20180904.jar:/home/user/.m2/repository/log4j/log4j/1.2.17/log4j-1.2.17.jar:/home/user/.m2/repository/org/slf4j/slf4j-api/1.7.25/slf4j-api-1.7.25.jar:/home/user/.m2/repository/org/slf4j/jul-to-slf4j/1.7.25/jul-to-slf4j-1.7.25.jar:/home/user/.m2/repository/org/eclipse/jetty/jetty-util/9.3.25.v20180904/jetty-util-9.3.25.v20180904.jar:/home/user/.m2/repository/com/fasterxml/jackson/core/jackson-databind/2.9.9/jackson-databind-2.9.9.jar:/home/user/.m2/repository/org/apache/hadoop/hadoop-kms/3.2.0/hadoop-kms-3.2.0-tests.jar:/home/user/.m2/repository/org/apache/hadoop/hadoop-hdds-server-scm/0.5.0-SNAPSHOT/hadoop-hdds-server-scm-0.5.0-SNAPSHOT-tests.jar:/home/user/.m2/repository/org/apache/hadoop/hadoop-hdds-container-service/0.5.0-SNAPSHOT/hadoop-hdds-container-service-0.5.0-SNAPSHOT-tests.jar:/home/user/.m2/repository/org/yaml/snakeyaml/1.16/snakeyaml-1.16.jar:/home/user/.m2/repository/org/apache/hadoop/hadoop-common/3.2.0/hadoop-common-3.2.0-tests.jar:/home/user/.m2/repository/org/apache/hadoop/hadoop-annotations/3.2.0/hadoop-annotations-3.2.0.jar:/usr/lib/jvm/java-1.8-openjdk/jre/../lib/tools.jar:/home/user/.m2/repository/commons-cli/commons-cli/1.2/commons-cli-1.2.jar:/home/user/.m2/repository/org/apache/httpcomponents/httpclient/4.5.2/httpclient-4.5.2.jar:/home/user/.m2/repository/org/apache/httpcomponents/httpcore/4.4.4/httpcore-4.4.4.jar:/home/user/.m2/repository/commons-codec/commons-codec/1.11/commons-codec-1.11.jar:/home/user/.m2/repository/commons-net/commons-net/3.6/commons-net-3.6.jar:/home/user/.m2/repository/commons-collections/commons-collections/3.2.2/commons-collections-3.2.2.jar:/home/user/.m2/repository/org/eclipse/jetty/jetty-servlet/9.3.25.v20180904/jetty-servlet-9.3.25.v20180904.jar:/home/user/.m2/repository/org/eclipse/jetty/jetty-security/9.3.25.v20180904/jetty-security-9.3.25.v20180904.jar:/home/user/.m2/repository/javax/servlet/jsp/jsp-api/2.1/jsp-api-2.1.jar:/home/user/.m2/repository/com/sun/jersey/jersey-servlet/1.19/jersey-servlet-1.19.jar:/home/user/.m2/repository/com/sun/jersey/jersey-json/1.19/jersey-json-1.19.jar:/home/user/.m2/repository/org/codehaus/jettison/jettison/1.1/jettison-1.1.jar:/home/user/.m2/repository/org/codehaus/jackson/jackson-core-asl/1.9.13/jackson-core-asl-1.9.13.jar:/home/user/.m2/repository/org/codehaus/jackson/jackson-mapper-asl/1.9.13/jackson-mapper-asl-1.9.13.jar:/home/user/.m2/repository/org/codehaus/jackson/jackson-jaxrs/1.9.13/jackson-jaxrs-1.9.13.jar:/home/user/.m2/repository/org/codehaus/jackson/jackson-xc/1.9.13/jackson-xc-1.9.13.jar:/home/user/.m2/repository/commons-logging/commons-logging/1.1.3/commons-logging-1.1.3.jar:/home/user/.m2/repository/commons-beanutils/commons-beanutils/1.9.4/commons-beanutils-1.9.4.jar:/home/user/.m2/repository/org/apache/commons/commons-configuration2/2.1.1/commons-configuration2-2.1.1.jar:/home/user/.m2/repository/org/apache/commons/commons-lang3/3.7/commons-lang3-3.7.jar:/home/user/.m2/repository/org/apache/commons/commons-text/1.4/commons-text-1.4.jar:/home/user/.m2/repository/org/apache/avro/avro/1.7.7/avro-1.7.7.jar:/home/user/.m2/repository/com/thoughtworks/paranamer/paranamer/2.3/paranamer-2.3.jar:/home/user/.m2/repository/org/xerial/snappy/snappy-java/1.0.5/snappy-java-1.0.5.jar:/home/user/.m2/repository/com/google/re2j/re2j/1.1/re2j-1.1.jar:/home/user/.m2/repository/com/google/code/gson/gson/2.2.4/gson-2.2.4.jar:/home/user/.m2/repository/com/jcraft/jsch/0.1.54/jsch-0.1.54.jar:/home/user/.m2/repository/org/apache/curator/curator-client/2.12.0/curator-client-2.12.0.jar:/home/user/.m2/repository/org/apache/curator/curator-recipes/2.12.0/curator-recipes-2.12.0.jar:/home/user/.m2/repository/com/google/code/findbugs/jsr305/3.0.0/jsr305-3.0.0.jar:/home/user/.m2/repository/org/apache/htrace/htrace-core4/4.1.0-incubating/htrace-core4-4.1.0-incubating.jar:/home/user/.m2/repository/org/apache/zookeeper/zookeeper/3.4.13/zookeeper-3.4.13.jar:/home/user/.m2/repository/jline/jline/0.9.94/jline-0.9.94.jar:/home/user/.m2/repository/org/apache/yetus/audience-annotations/0.5.0/audience-annotations-0.5.0.jar:/home/user/.m2/repository/org/codehaus/woodstox/stax2-api/3.1.4/stax2-api-3.1.4.jar:/home/user/.m2/repository/com/fasterxml/woodstox/woodstox-core/5.0.3/woodstox-core-5.0.3.jar:/home/user/.m2/repository/dnsjava/dnsjava/2.1.7/dnsjava-2.1.7.jar:/home/user/.m2/repository/org/apache/hadoop/hadoop-hdfs/3.2.0/hadoop-hdfs-3.2.0-tests.jar:/home/user/.m2/repository/org/eclipse/jetty/jetty-util-ajax/9.3.25.v20180904/jetty-util-ajax-9.3.25.v20180904.jar:/home/user/.m2/repository/commons-daemon/commons-daemon/1.0.13/commons-daemon-1.0.13.jar:/home/user/.m2/repository/io/netty/netty/3.10.5.Final/netty-3.10.5.Final.jar:/home/user/.m2/repository/io/netty/netty-all/4.0.52.Final/netty-all-4.0.52.Final.jar:/home/user/.m2/repository/org/fusesource/leveldbjni/leveldbjni-all/1.8/leveldbjni-all-1.8.jar:"/>
    <property name="java.vm.vendor" value="IcedTea"/>
    <property name="sun.arch.data.model" value="64"/>
    <property name="test.build.dir" value="/workdir/hadoop-ozone/integration-test/target/test-dir"/>
    <property name="test.cache.data" value=""/>
    <property name="java.vendor.url" value="https://icedtea.classpath.org"/>
    <property name="user.timezone" value=""/>
    <property name="java.vm.specification.version" value="1.8"/>
    <property name="os.name" value="Linux"/>
    <property name="test.build.data" value="/workdir/hadoop-ozone/integration-test/target/test-dir"/>
    <property name="user.country" value="US"/>
    <property name="sun.java.launcher" value="SUN_STANDARD"/>
    <property name="sun.boot.library.path" value="/usr/lib/jvm/java-1.8-openjdk/jre/lib/amd64"/>
    <property name="sun.java.command" value="/workdir/hadoop-ozone/integration-test/target/surefire/surefirebooter7504395892362017122.jar /workdir/hadoop-ozone/integration-test/target/surefire 2019-09-29T10-30-13_313-jvmRun1 surefire400176787328468036tmp surefire_466945300452891815326tmp"/>
    <property name="test" value="!TestMiniChaosOzoneCluster"/>
    <property name="surefire.test.class.path" value="/workdir/hadoop-ozone/integration-test/target/test-classes:/workdir/hadoop-ozone/integration-test/target/classes:/home/user/.m2/repository/org/apache/hadoop/hadoop-ozone-common/0.5.0-SNAPSHOT/hadoop-ozone-common-0.5.0-SNAPSHOT.jar:/home/user/.m2/repository/org/apache/commons/commons-compress/1.4.1/commons-compress-1.4.1.jar:/home/user/.m2/repository/org/tukaani/xz/1.0/xz-1.0.jar:/home/user/.m2/repository/org/apache/hadoop/hadoop-common/3.2.0/hadoop-common-3.2.0.jar:/home/user/.m2/repository/org/apache/hadoop/hadoop-hdfs/3.2.0/hadoop-hdfs-3.2.0.jar:/home/user/.m2/repository/org/apache/hadoop/hadoop-hdfs-client/3.2.0/hadoop-hdfs-client-3.2.0.jar:/home/user/.m2/repository/com/fasterxml/jackson/core/jackson-annotations/2.9.9/jackson-annotations-2.9.9.jar:/home/user/.m2/repository/org/apache/hadoop/hadoop-hdds-common/0.5.0-SNAPSHOT/hadoop-hdds-common-0.5.0-SNAPSHOT.jar:/home/user/.m2/repository/javax/annotation/javax.annotation-api/1.2/javax.annotation-api-1.2.jar:/home/user/.m2/repository/org/apache/ratis/ratis-server/0.4.0/ratis-server-0.4.0.jar:/home/user/.m2/repository/org/apache/ratis/ratis-thirdparty-misc/0.2.0/ratis-thirdparty-misc-0.2.0.jar:/home/user/.m2/repository/org/apache/ratis/ratis-proto/0.4.0/ratis-proto-0.4.0.jar:/home/user/.m2/repository/org/apache/ratis/ratis-common/0.4.0/ratis-common-0.4.0.jar:/home/user/.m2/repository/org/apache/ratis/ratis-client/0.4.0/ratis-client-0.4.0.jar:/home/user/.m2/repository/org/apache/ratis/ratis-metrics/0.4.0/ratis-metrics-0.4.0.jar:/home/user/.m2/repository/com/github/joshelser/dropwizard-metrics-hadoop-metrics2-reporter/0.1.2/dropwizard-metrics-hadoop-metrics2-reporter-0.1.2.jar:/home/user/.m2/repository/io/dropwizard/metrics/metrics-jvm/3.2.5/metrics-jvm-3.2.5.jar:/home/user/.m2/repository/io/dropwizard/metrics/metrics-ganglia/3.2.5/metrics-ganglia-3.2.5.jar:/home/user/.m2/repository/info/ganglia/gmetric4j/gmetric4j/1.0.7/gmetric4j-1.0.7.jar:/home/user/.m2/repository/org/apache/ratis/ratis-netty/0.4.0/ratis-netty-0.4.0.jar:/home/user/.m2/repository/org/apache/ratis/ratis-grpc/0.4.0/ratis-grpc-0.4.0.jar:/home/user/.m2/repository/org/rocksdb/rocksdbjni/6.0.1/rocksdbjni-6.0.1.jar:/home/user/.m2/repository/org/apache/logging/log4j/log4j-api/2.11.0/log4j-api-2.11.0.jar:/home/user/.m2/repository/org/apache/logging/log4j/log4j-core/2.11.0/log4j-core-2.11.0.jar:/home/user/.m2/repository/com/lmax/disruptor/3.4.2/disruptor-3.4.2.jar:/home/user/.m2/repository/org/apache/commons/commons-pool2/2.6.0/commons-pool2-2.6.0.jar:/home/user/.m2/repository/org/bouncycastle/bcpkix-jdk15on/1.60/bcpkix-jdk15on-1.60.jar:/home/user/.m2/repository/commons-validator/commons-validator/1.6/commons-validator-1.6.jar:/home/user/.m2/repository/commons-digester/commons-digester/1.8.1/commons-digester-1.8.1.jar:/home/user/.m2/repository/io/jaegertracing/jaeger-client/0.34.0/jaeger-client-0.34.0.jar:/home/user/.m2/repository/io/jaegertracing/jaeger-thrift/0.34.0/jaeger-thrift-0.34.0.jar:/home/user/.m2/repository/org/apache/thrift/libthrift/0.12.0/libthrift-0.12.0.jar:/home/user/.m2/repository/com/squareup/okhttp3/okhttp/3.9.0/okhttp-3.9.0.jar:/home/user/.m2/repository/com/squareup/okio/okio/1.13.0/okio-1.13.0.jar:/home/user/.m2/repository/io/jaegertracing/jaeger-core/0.34.0/jaeger-core-0.34.0.jar:/home/user/.m2/repository/io/jaegertracing/jaeger-tracerresolver/0.34.0/jaeger-tracerresolver-0.34.0.jar:/home/user/.m2/repository/io/opentracing/contrib/opentracing-tracerresolver/0.1.5/opentracing-tracerresolver-0.1.5.jar:/home/user/.m2/repository/io/opentracing/opentracing-util/0.31.0/opentracing-util-0.31.0.jar:/home/user/.m2/repository/io/opentracing/opentracing-api/0.31.0/opentracing-api-0.31.0.jar:/home/user/.m2/repository/io/opentracing/opentracing-noop/0.31.0/opentracing-noop-0.31.0.jar:/home/user/.m2/repository/org/apache/hadoop/hadoop-hdds-server-framework/0.5.0-SNAPSHOT/hadoop-hdds-server-framework-0.5.0-SNAPSHOT.jar:/home/user/.m2/repository/org/apache/hadoop/hadoop-hdds-container-service/0.5.0-SNAPSHOT/hadoop-hdds-container-service-0.5.0-SNAPSHOT.jar:/home/user/.m2/repository/org/apache/hadoop/hadoop-hdds-client/0.5.0-SNAPSHOT/hadoop-hdds-client-0.5.0-SNAPSHOT.jar:/home/user/.m2/repository/org/apache/hadoop/hadoop-hdds-tools/0.5.0-SNAPSHOT/hadoop-hdds-tools-0.5.0-SNAPSHOT.jar:/home/user/.m2/repository/org/apache/hadoop/hadoop-hdds-server-scm/0.5.0-SNAPSHOT/hadoop-hdds-server-scm-0.5.0-SNAPSHOT.jar:/home/user/.m2/repository/org/apache/hadoop/hadoop-hdds-docs/0.5.0-SNAPSHOT/hadoop-hdds-docs-0.5.0-SNAPSHOT.jar:/home/user/.m2/repository/io/dropwizard/metrics/metrics-core/3.2.4/metrics-core-3.2.4.jar:/home/user/.m2/repository/org/hamcrest/hamcrest-all/1.3/hamcrest-all-1.3.jar:/home/user/.m2/repository/org/bouncycastle/bcprov-jdk15on/1.60/bcprov-jdk15on-1.60.jar:/home/user/.m2/repository/info/picocli/picocli/3.9.6/picocli-3.9.6.jar:/home/user/.m2/repository/com/google/protobuf/protobuf-java/2.5.0/protobuf-java-2.5.0.jar:/home/user/.m2/repository/com/google/guava/guava/11.0.2/guava-11.0.2.jar:/home/user/.m2/repository/org/apache/hadoop/hadoop-ozone-ozone-manager/0.5.0-SNAPSHOT/hadoop-ozone-ozone-manager-0.5.0-SNAPSHOT.jar:/home/user/.m2/repository/org/apache/hadoop/hadoop-minikdc/3.2.0/hadoop-minikdc-3.2.0.jar:/home/user/.m2/repository/commons-io/commons-io/2.5/commons-io-2.5.jar:/home/user/.m2/repository/org/apache/kerby/kerb-simplekdc/1.0.1/kerb-simplekdc-1.0.1.jar:/home/user/.m2/repository/org/apache/kerby/kerb-client/1.0.1/kerb-client-1.0.1.jar:/home/user/.m2/repository/org/apache/kerby/kerby-config/1.0.1/kerby-config-1.0.1.jar:/home/user/.m2/repository/org/apache/kerby/kerb-core/1.0.1/kerb-core-1.0.1.jar:/home/user/.m2/repository/org/apache/kerby/kerby-pkix/1.0.1/kerby-pkix-1.0.1.jar:/home/user/.m2/repository/org/apache/kerby/kerby-asn1/1.0.1/kerby-asn1-1.0.1.jar:/home/user/.m2/repository/org/apache/kerby/kerby-util/1.0.1/kerby-util-1.0.1.jar:/home/user/.m2/repository/org/apache/kerby/kerb-common/1.0.1/kerb-common-1.0.1.jar:/home/user/.m2/repository/org/apache/kerby/kerb-crypto/1.0.1/kerb-crypto-1.0.1.jar:/home/user/.m2/repository/org/apache/kerby/kerb-util/1.0.1/kerb-util-1.0.1.jar:/home/user/.m2/repository/org/apache/kerby/token-provider/1.0.1/token-provider-1.0.1.jar:/home/user/.m2/repository/org/apache/kerby/kerb-admin/1.0.1/kerb-admin-1.0.1.jar:/home/user/.m2/repository/org/apache/kerby/kerb-server/1.0.1/kerb-server-1.0.1.jar:/home/user/.m2/repository/org/apache/kerby/kerb-identity/1.0.1/kerb-identity-1.0.1.jar:/home/user/.m2/repository/org/apache/kerby/kerby-xdr/1.0.1/kerby-xdr-1.0.1.jar:/home/user/.m2/repository/org/slf4j/slf4j-log4j12/1.7.25/slf4j-log4j12-1.7.25.jar:/home/user/.m2/repository/org/apache/hadoop/hadoop-ozone-s3gateway/0.5.0-SNAPSHOT/hadoop-ozone-s3gateway-0.5.0-SNAPSHOT.jar:/home/user/.m2/repository/org/jboss/weld/servlet/weld-servlet/2.4.7.Final/weld-servlet-2.4.7.Final.jar:/home/user/.m2/repository/org/glassfish/jersey/containers/jersey-container-servlet-core/2.27/jersey-container-servlet-core-2.27.jar:/home/user/.m2/repository/org/glassfish/hk2/external/javax.inject/2.5.0-b42/javax.inject-2.5.0-b42.jar:/home/user/.m2/repository/org/glassfish/jersey/core/jersey-common/2.27/jersey-common-2.27.jar:/home/user/.m2/repository/org/glassfish/hk2/osgi-resource-locator/1.0.1/osgi-resource-locator-1.0.1.jar:/home/user/.m2/repository/javax/ws/rs/javax.ws.rs-api/2.1/javax.ws.rs-api-2.1.jar:/home/user/.m2/repository/org/glassfish/jersey/ext/cdi/jersey-cdi1x/2.27/jersey-cdi1x-2.27.jar:/home/user/.m2/repository/org/glassfish/jersey/inject/jersey-hk2/2.27/jersey-hk2-2.27.jar:/home/user/.m2/repository/org/glassfish/hk2/hk2-locator/2.5.0-b42/hk2-locator-2.5.0-b42.jar:/home/user/.m2/repository/org/javassist/javassist/3.22.0-CR2/javassist-3.22.0-CR2.jar:/home/user/.m2/repository/org/glassfish/hk2/hk2-api/2.5.0/hk2-api-2.5.0.jar:/home/user/.m2/repository/org/glassfish/hk2/external/jakarta.inject/2.5.0/jakarta.inject-2.5.0.jar:/home/user/.m2/repository/org/glassfish/hk2/hk2-utils/2.5.0/hk2-utils-2.5.0.jar:/home/user/.m2/repository/jakarta/annotation/jakarta.annotation-api/1.3.4/jakarta.annotation-api-1.3.4.jar:/home/user/.m2/repository/org/glassfish/hk2/external/aopalliance-repackaged/2.5.0/aopalliance-repackaged-2.5.0.jar:/home/user/.m2/repository/com/fasterxml/jackson/dataformat/jackson-dataformat-xml/2.9.0/jackson-dataformat-xml-2.9.0.jar:/home/user/.m2/repository/com/fasterxml/jackson/core/jackson-core/2.9.9/jackson-core-2.9.9.jar:/home/user/.m2/repository/com/fasterxml/jackson/module/jackson-module-jaxb-annotations/2.9.9/jackson-module-jaxb-annotations-2.9.9.jar:/home/user/.m2/repository/javax/enterprise/cdi-api/1.2/cdi-api-1.2.jar:/home/user/.m2/repository/javax/el/javax.el-api/3.0.0/javax.el-api-3.0.0.jar:/home/user/.m2/repository/javax/interceptor/javax.interceptor-api/1.2/javax.interceptor-api-1.2.jar:/home/user/.m2/repository/javax/inject/javax.inject/1/javax.inject-1.jar:/home/user/.m2/repository/com/sun/xml/bind/jaxb-impl/2.3.0.1/jaxb-impl-2.3.0.1.jar:/home/user/.m2/repository/com/sun/xml/bind/jaxb-core/2.3.0.1/jaxb-core-2.3.0.1.jar:/home/user/.m2/repository/javax/xml/bind/jaxb-api/2.3.0/jaxb-api-2.3.0.jar:/home/user/.m2/repository/javax/activation/activation/1.1.1/activation-1.1.1.jar:/home/user/.m2/repository/org/apache/hadoop/hadoop-ozone-csi/0.5.0-SNAPSHOT/hadoop-ozone-csi-0.5.0-SNAPSHOT.jar:/home/user/.m2/repository/com/google/protobuf/protobuf-java-util/3.5.1/protobuf-java-util-3.5.1.jar:/home/user/.m2/repository/org/apache/hadoop/hadoop-hdds-config/0.5.0-SNAPSHOT/hadoop-hdds-config-0.5.0-SNAPSHOT.jar:/home/user/.m2/repository/io/grpc/grpc-netty/1.17.1/grpc-netty-1.17.1.jar:/home/user/.m2/repository/io/grpc/grpc-core/1.17.1/grpc-core-1.17.1.jar:/home/user/.m2/repository/io/grpc/grpc-context/1.17.1/grpc-context-1.17.1.jar:/home/user/.m2/repository/com/google/errorprone/error_prone_annotations/2.2.0/error_prone_annotations-2.2.0.jar:/home/user/.m2/repository/org/codehaus/mojo/animal-sniffer-annotations/1.17/animal-sniffer-annotations-1.17.jar:/home/user/.m2/repository/io/opencensus/opencensus-api/0.17.0/opencensus-api-0.17.0.jar:/home/user/.m2/repository/io/opencensus/opencensus-contrib-grpc-metrics/0.17.0/opencensus-contrib-grpc-metrics-0.17.0.jar:/home/user/.m2/repository/io/netty/netty-codec-http2/4.1.30.Final/netty-codec-http2-4.1.30.Final.jar:/home/user/.m2/repository/io/netty/netty-codec-http/4.1.30.Final/netty-codec-http-4.1.30.Final.jar:/home/user/.m2/repository/io/netty/netty-codec/4.1.30.Final/netty-codec-4.1.30.Final.jar:/home/user/.m2/repository/io/netty/netty-handler/4.1.30.Final/netty-handler-4.1.30.Final.jar:/home/user/.m2/repository/io/netty/netty-handler-proxy/4.1.30.Final/netty-handler-proxy-4.1.30.Final.jar:/home/user/.m2/repository/io/netty/netty-codec-socks/4.1.30.Final/netty-codec-socks-4.1.30.Final.jar:/home/user/.m2/repository/io/netty/netty-transport-native-epoll/4.1.30.Final/netty-transport-native-epoll-4.1.30.Final.jar:/home/user/.m2/repository/io/netty/netty-common/4.1.30.Final/netty-common-4.1.30.Final.jar:/home/user/.m2/repository/io/netty/netty-buffer/4.1.30.Final/netty-buffer-4.1.30.Final.jar:/home/user/.m2/repository/io/netty/netty-transport/4.1.30.Final/netty-transport-4.1.30.Final.jar:/home/user/.m2/repository/io/netty/netty-resolver/4.1.30.Final/netty-resolver-4.1.30.Final.jar:/home/user/.m2/repository/io/netty/netty-transport-native-unix-common/4.1.30.Final/netty-transport-native-unix-common-4.1.30.Final.jar:/home/user/.m2/repository/io/grpc/grpc-protobuf/1.17.1/grpc-protobuf-1.17.1.jar:/home/user/.m2/repository/com/google/api/grpc/proto-google-common-protos/1.0.0/proto-google-common-protos-1.0.0.jar:/home/user/.m2/repository/io/grpc/grpc-protobuf-lite/1.17.1/grpc-protobuf-lite-1.17.1.jar:/home/user/.m2/repository/io/grpc/grpc-stub/1.17.1/grpc-stub-1.17.1.jar:/home/user/.m2/repository/org/apache/hadoop/hadoop-ozone-recon/0.5.0-SNAPSHOT/hadoop-ozone-recon-0.5.0-SNAPSHOT.jar:/home/user/.m2/repository/org/apache/hadoop/hadoop-ozone-reconcodegen/0.5.0-SNAPSHOT/hadoop-ozone-reconcodegen-0.5.0-SNAPSHOT.jar:/home/user/.m2/repository/com/google/inject/extensions/guice-multibindings/4.0/guice-multibindings-4.0.jar:/home/user/.m2/repository/com/google/inject/guice/4.0/guice-4.0.jar:/home/user/.m2/repository/aopalliance/aopalliance/1.0/aopalliance-1.0.jar:/home/user/.m2/repository/com/google/inject/extensions/guice-servlet/4.0/guice-servlet-4.0.jar:/home/user/.m2/repository/org/glassfish/jersey/containers/jersey-container-servlet/2.27/jersey-container-servlet-2.27.jar:/home/user/.m2/repository/org/glassfish/hk2/guice-bridge/2.5.0/guice-bridge-2.5.0.jar:/home/user/.m2/repository/org/glassfish/jersey/core/jersey-server/2.27/jersey-server-2.27.jar:/home/user/.m2/repository/org/glassfish/jersey/core/jersey-client/2.27/jersey-client-2.27.jar:/home/user/.m2/repository/org/glassfish/jersey/media/jersey-media-jaxb/2.27/jersey-media-jaxb-2.27.jar:/home/user/.m2/repository/javax/validation/validation-api/1.1.0.Final/validation-api-1.1.0.Final.jar:/home/user/.m2/repository/org/glassfish/jersey/media/jersey-media-json-jackson/2.27/jersey-media-json-jackson-2.27.jar:/home/user/.m2/repository/org/glassfish/jersey/ext/jersey-entity-filtering/2.27/jersey-entity-filtering-2.27.jar:/home/user/.m2/repository/com/google/inject/extensions/guice-assistedinject/4.0/guice-assistedinject-4.0.jar:/home/user/.m2/repository/org/jooq/jooq/3.11.10/jooq-3.11.10.jar:/home/user/.m2/repository/org/jooq/jooq-meta/3.11.10/jooq-meta-3.11.10.jar:/home/user/.m2/repository/org/jooq/jooq-codegen/3.11.10/jooq-codegen-3.11.10.jar:/home/user/.m2/repository/com/jolbox/bonecp/0.8.0.RELEASE/bonecp-0.8.0.RELEASE.jar:/home/user/.m2/repository/org/xerial/sqlite-jdbc/3.25.2/sqlite-jdbc-3.25.2.jar:/home/user/.m2/repository/org/springframework/spring-jdbc/5.1.3.RELEASE/spring-jdbc-5.1.3.RELEASE.jar:/home/user/.m2/repository/org/springframework/spring-beans/5.1.3.RELEASE/spring-beans-5.1.3.RELEASE.jar:/home/user/.m2/repository/org/springframework/spring-core/5.1.3.RELEASE/spring-core-5.1.3.RELEASE.jar:/home/user/.m2/repository/org/springframework/spring-jcl/5.1.3.RELEASE/spring-jcl-5.1.3.RELEASE.jar:/home/user/.m2/repository/org/springframework/spring-tx/5.1.3.RELEASE/spring-tx-5.1.3.RELEASE.jar:/home/user/.m2/repository/org/apache/hadoop/hadoop-ozone-client/0.5.0-SNAPSHOT/hadoop-ozone-client-0.5.0-SNAPSHOT.jar:/home/user/.m2/repository/commons-lang/commons-lang/2.6/commons-lang-2.6.jar:/home/user/.m2/repository/org/apache/hadoop/hadoop-ozone-ozone-manager/0.5.0-SNAPSHOT/hadoop-ozone-ozone-manager-0.5.0-SNAPSHOT-tests.jar:/home/user/.m2/repository/junit/junit/4.11/junit-4.11.jar:/home/user/.m2/repository/org/hamcrest/hamcrest-core/1.3/hamcrest-core-1.3.jar:/home/user/.m2/repository/org/openjdk/jmh/jmh-core/1.19/jmh-core-1.19.jar:/home/user/.m2/repository/net/sf/jopt-simple/jopt-simple/4.6/jopt-simple-4.6.jar:/home/user/.m2/repository/org/apache/commons/commons-math3/3.1.1/commons-math3-3.1.1.jar:/home/user/.m2/repository/org/openjdk/jmh/jmh-generator-annprocess/1.19/jmh-generator-annprocess-1.19.jar:/home/user/.m2/repository/org/mockito/mockito-all/1.8.5/mockito-all-1.8.5.jar:/home/user/.m2/repository/org/apache/hadoop/hadoop-kms/3.2.0/hadoop-kms-3.2.0.jar:/home/user/.m2/repository/org/apache/hadoop/hadoop-auth/3.2.0/hadoop-auth-3.2.0.jar:/home/user/.m2/repository/com/nimbusds/nimbus-jose-jwt/4.41.1/nimbus-jose-jwt-4.41.1.jar:/home/user/.m2/repository/com/github/stephenc/jcip/jcip-annotations/1.0-1/jcip-annotations-1.0-1.jar:/home/user/.m2/repository/net/minidev/json-smart/2.3/json-smart-2.3.jar:/home/user/.m2/repository/net/minidev/accessors-smart/1.2/accessors-smart-1.2.jar:/home/user/.m2/repository/org/ow2/asm/asm/5.0.4/asm-5.0.4.jar:/home/user/.m2/repository/org/apache/curator/curator-framework/2.12.0/curator-framework-2.12.0.jar:/home/user/.m2/repository/com/sun/jersey/jersey-core/1.19/jersey-core-1.19.jar:/home/user/.m2/repository/javax/ws/rs/jsr311-api/1.1.1/jsr311-api-1.1.1.jar:/home/user/.m2/repository/com/sun/jersey/jersey-server/1.19/jersey-server-1.19.jar:/home/user/.m2/repository/javax/servlet/javax.servlet-api/3.1.0/javax.servlet-api-3.1.0.jar:/home/user/.m2/repository/org/eclipse/jetty/jetty-server/9.3.25.v20180904/jetty-server-9.3.25.v20180904.jar:/home/user/.m2/repository/org/eclipse/jetty/jetty-http/9.3.25.v20180904/jetty-http-9.3.25.v20180904.jar:/home/user/.m2/repository/org/eclipse/jetty/jetty-io/9.3.25.v20180904/jetty-io-9.3.25.v20180904.jar:/home/user/.m2/repository/org/eclipse/jetty/jetty-webapp/9.3.25.v20180904/jetty-webapp-9.3.25.v20180904.jar:/home/user/.m2/repository/org/eclipse/jetty/jetty-xml/9.3.25.v20180904/jetty-xml-9.3.25.v20180904.jar:/home/user/.m2/repository/log4j/log4j/1.2.17/log4j-1.2.17.jar:/home/user/.m2/repository/org/slf4j/slf4j-api/1.7.25/slf4j-api-1.7.25.jar:/home/user/.m2/repository/org/slf4j/jul-to-slf4j/1.7.25/jul-to-slf4j-1.7.25.jar:/home/user/.m2/repository/org/eclipse/jetty/jetty-util/9.3.25.v20180904/jetty-util-9.3.25.v20180904.jar:/home/user/.m2/repository/com/fasterxml/jackson/core/jackson-databind/2.9.9/jackson-databind-2.9.9.jar:/home/user/.m2/repository/org/apache/hadoop/hadoop-kms/3.2.0/hadoop-kms-3.2.0-tests.jar:/home/user/.m2/repository/org/apache/hadoop/hadoop-hdds-server-scm/0.5.0-SNAPSHOT/hadoop-hdds-server-scm-0.5.0-SNAPSHOT-tests.jar:/home/user/.m2/repository/org/apache/hadoop/hadoop-hdds-container-service/0.5.0-SNAPSHOT/hadoop-hdds-container-service-0.5.0-SNAPSHOT-tests.jar:/home/user/.m2/repository/org/yaml/snakeyaml/1.16/snakeyaml-1.16.jar:/home/user/.m2/repository/org/apache/hadoop/hadoop-common/3.2.0/hadoop-common-3.2.0-tests.jar:/home/user/.m2/repository/org/apache/hadoop/hadoop-annotations/3.2.0/hadoop-annotations-3.2.0.jar:/usr/lib/jvm/java-1.8-openjdk/jre/../lib/tools.jar:/home/user/.m2/repository/commons-cli/commons-cli/1.2/commons-cli-1.2.jar:/home/user/.m2/repository/org/apache/httpcomponents/httpclient/4.5.2/httpclient-4.5.2.jar:/home/user/.m2/repository/org/apache/httpcomponents/httpcore/4.4.4/httpcore-4.4.4.jar:/home/user/.m2/repository/commons-codec/commons-codec/1.11/commons-codec-1.11.jar:/home/user/.m2/repository/commons-net/commons-net/3.6/commons-net-3.6.jar:/home/user/.m2/repository/commons-collections/commons-collections/3.2.2/commons-collections-3.2.2.jar:/home/user/.m2/repository/org/eclipse/jetty/jetty-servlet/9.3.25.v20180904/jetty-servlet-9.3.25.v20180904.jar:/home/user/.m2/repository/org/eclipse/jetty/jetty-security/9.3.25.v20180904/jetty-security-9.3.25.v20180904.jar:/home/user/.m2/repository/javax/servlet/jsp/jsp-api/2.1/jsp-api-2.1.jar:/home/user/.m2/repository/com/sun/jersey/jersey-servlet/1.19/jersey-servlet-1.19.jar:/home/user/.m2/repository/com/sun/jersey/jersey-json/1.19/jersey-json-1.19.jar:/home/user/.m2/repository/org/codehaus/jettison/jettison/1.1/jettison-1.1.jar:/home/user/.m2/repository/org/codehaus/jackson/jackson-core-asl/1.9.13/jackson-core-asl-1.9.13.jar:/home/user/.m2/repository/org/codehaus/jackson/jackson-mapper-asl/1.9.13/jackson-mapper-asl-1.9.13.jar:/home/user/.m2/repository/org/codehaus/jackson/jackson-jaxrs/1.9.13/jackson-jaxrs-1.9.13.jar:/home/user/.m2/repository/org/codehaus/jackson/jackson-xc/1.9.13/jackson-xc-1.9.13.jar:/home/user/.m2/repository/commons-logging/commons-logging/1.1.3/commons-logging-1.1.3.jar:/home/user/.m2/repository/commons-beanutils/commons-beanutils/1.9.4/commons-beanutils-1.9.4.jar:/home/user/.m2/repository/org/apache/commons/commons-configuration2/2.1.1/commons-configuration2-2.1.1.jar:/home/user/.m2/repository/org/apache/commons/commons-lang3/3.7/commons-lang3-3.7.jar:/home/user/.m2/repository/org/apache/commons/commons-text/1.4/commons-text-1.4.jar:/home/user/.m2/repository/org/apache/avro/avro/1.7.7/avro-1.7.7.jar:/home/user/.m2/repository/com/thoughtworks/paranamer/paranamer/2.3/paranamer-2.3.jar:/home/user/.m2/repository/org/xerial/snappy/snappy-java/1.0.5/snappy-java-1.0.5.jar:/home/user/.m2/repository/com/google/re2j/re2j/1.1/re2j-1.1.jar:/home/user/.m2/repository/com/google/code/gson/gson/2.2.4/gson-2.2.4.jar:/home/user/.m2/repository/com/jcraft/jsch/0.1.54/jsch-0.1.54.jar:/home/user/.m2/repository/org/apache/curator/curator-client/2.12.0/curator-client-2.12.0.jar:/home/user/.m2/repository/org/apache/curator/curator-recipes/2.12.0/curator-recipes-2.12.0.jar:/home/user/.m2/repository/com/google/code/findbugs/jsr305/3.0.0/jsr305-3.0.0.jar:/home/user/.m2/repository/org/apache/htrace/htrace-core4/4.1.0-incubating/htrace-core4-4.1.0-incubating.jar:/home/user/.m2/repository/org/apache/zookeeper/zookeeper/3.4.13/zookeeper-3.4.13.jar:/home/user/.m2/repository/jline/jline/0.9.94/jline-0.9.94.jar:/home/user/.m2/repository/org/apache/yetus/audience-annotations/0.5.0/audience-annotations-0.5.0.jar:/home/user/.m2/repository/org/codehaus/woodstox/stax2-api/3.1.4/stax2-api-3.1.4.jar:/home/user/.m2/repository/com/fasterxml/woodstox/woodstox-core/5.0.3/woodstox-core-5.0.3.jar:/home/user/.m2/repository/dnsjava/dnsjava/2.1.7/dnsjava-2.1.7.jar:/home/user/.m2/repository/org/apache/hadoop/hadoop-hdfs/3.2.0/hadoop-hdfs-3.2.0-tests.jar:/home/user/.m2/repository/org/eclipse/jetty/jetty-util-ajax/9.3.25.v20180904/jetty-util-ajax-9.3.25.v20180904.jar:/home/user/.m2/repository/commons-daemon/commons-daemon/1.0.13/commons-daemon-1.0.13.jar:/home/user/.m2/repository/io/netty/netty/3.10.5.Final/netty-3.10.5.Final.jar:/home/user/.m2/repository/io/netty/netty-all/4.0.52.Final/netty-all-4.0.52.Final.jar:/home/user/.m2/repository/org/fusesource/leveldbjni/leveldbjni-all/1.8/leveldbjni-all-1.8.jar:"/>
    <property name="sun.cpu.endian" value="little"/>
    <property name="user.home" value="/home/user"/>
    <property name="user.language" value="en"/>
    <property name="java.specification.vendor" value="Oracle Corporation"/>
    <property name="java.home" value="/usr/lib/jvm/java-1.8-openjdk/jre"/>
    <property name="java.security.krb5.conf" value="/workdir/hadoop-ozone/integration-test/target/test-classes/krb5.conf"/>
    <property name="basedir" value="/workdir/hadoop-ozone/integration-test"/>
    <property name="file.separator" value="/"/>
    <property name="line.separator" value="&#10;"/>
    <property name="java.vm.specification.vendor" value="Oracle Corporation"/>
    <property name="java.specification.name" value="Java Platform API Specification"/>
    <property name="java.awt.graphicsenv" value="sun.awt.X11GraphicsEnvironment"/>
    <property name="surefire.real.class.path" value="/workdir/hadoop-ozone/integration-test/target/surefire/surefirebooter7504395892362017122.jar"/>
    <property name="hadoop.log.dir" value="/workdir/hadoop-ozone/integration-test/target/log"/>
    <property name="sun.boot.class.path" value="/usr/lib/jvm/java-1.8-openjdk/jre/lib/resources.jar:/usr/lib/jvm/java-1.8-openjdk/jre/lib/rt.jar:/usr/lib/jvm/java-1.8-openjdk/jre/lib/sunrsasign.jar:/usr/lib/jvm/java-1.8-openjdk/jre/lib/jsse.jar:/usr/lib/jvm/java-1.8-openjdk/jre/lib/jce.jar:/usr/lib/jvm/java-1.8-openjdk/jre/lib/charsets.jar:/usr/lib/jvm/java-1.8-openjdk/jre/lib/jfr.jar:/usr/lib/jvm/java-1.8-openjdk/jre/classes"/>
    <property name="sun.management.compiler" value="HotSpot 64-Bit Tiered Compilers"/>
    <property name="java.runtime.version" value="1.8.0_212-b04"/>
    <property name="java.net.preferIPv4Stack" value="true"/>
    <property name="user.name" value="jenkins1000"/>
    <property name="path.separator" value=":"/>
    <property name="java.security.egd" value="file:///dev/urandom"/>
    <property name="os.version" value="3.10.0-957.12.2.el7.x86_64"/>
    <property name="java.endorsed.dirs" value="/usr/lib/jvm/java-1.8-openjdk/jre/lib/endorsed"/>
    <property name="java.runtime.name" value="OpenJDK Runtime Environment"/>
    <property name="file.encoding" value="UTF-8"/>
    <property name="java.vm.name" value="OpenJDK 64-Bit Server VM"/>
    <property name="test.build.webapps" value=""/>
    <property name="localRepository" value="/home/user/.m2/repository"/>
    <property name="java.vendor.url.bug" value="https://icedtea.classpath.org/bugzilla"/>
    <property name="java.io.tmpdir" value="/tmp"/>
    <property name="require.test.libhadoop" value=""/>
    <property name="java.version" value="1.8.0_212"/>
    <property name="user.dir" value="/workdir/hadoop-ozone/integration-test"/>
    <property name="os.arch" value="amd64"/>
    <property name="java.vm.specification.name" value="Java Virtual Machine Specification"/>
    <property name="test.build.classes" value="/workdir/hadoop-ozone/integration-test/target/test-classes"/>
    <property name="java.awt.printerjob" value="sun.print.PSPrinterJob"/>
    <property name="sun.os.patch.level" value="unknown"/>
    <property name="hadoop.tmp.dir" value="/workdir/hadoop-ozone/integration-test/target/tmp"/>
    <property name="java.library.path" value="/usr/lib/jvm/java-1.8-openjdk/jre/lib/amd64/server:/usr/lib/jvm/java-1.8-openjdk/jre/lib/amd64:/usr/lib/jvm/java-1.8-openjdk/jre/../lib/amd64:/workdir/hadoop-ozone/integration-test/target/native/target/usr/local/lib:/workdir/hadoop-ozone/integration-test/../../hadoop-common-project/hadoop-common/target/native/target/usr/local/lib:/usr/java/packages/lib/amd64:/usr/lib64:/lib64:/lib:/usr/lib"/>
    <property name="java.vm.info" value="mixed mode"/>
    <property name="java.vendor" value="IcedTea"/>
    <property name="java.vm.version" value="25.212-b04"/>
    <property name="java.ext.dirs" value="/usr/lib/jvm/java-1.8-openjdk/jre/lib/ext:/usr/java/packages/lib/ext"/>
    <property name="sun.io.unicode.encoding" value="UnicodeLittle"/>
    <property name="java.class.version" value="52.0"/>
  </properties>
  <testcase name="testPutKeyWithEncryption" classname="org.apache.hadoop.ozone.client.rpc.TestOzoneAtRestEncryption" time="0.797">
    <error message="Allocated 0 blocks. Requested 1 blocks" type="INTERNAL_ERROR org.apache.hadoop.ozone.om.exceptions.OMException">INTERNAL_ERROR org.apache.hadoop.ozone.om.exceptions.OMException: Allocated 0 blocks. Requested 1 blocks
	at org.apache.hadoop.ozone.om.protocolPB.OzoneManagerProtocolClientSideTranslatorPB.handleError(OzoneManagerProtocolClientSideTranslatorPB.java:732)
	at org.apache.hadoop.ozone.om.protocolPB.OzoneManagerProtocolClientSideTranslatorPB.openKey(OzoneManagerProtocolClientSideTranslatorPB.java:723)
	at sun.reflect.NativeMethodAccessorImpl.invoke0(Native Method)
	at sun.reflect.NativeMethodAccessorImpl.invoke(NativeMethodAccessorImpl.java:62)
	at sun.reflect.DelegatingMethodAccessorImpl.invoke(DelegatingMethodAccessorImpl.java:43)
	at java.lang.reflect.Method.invoke(Method.java:498)
	at org.apache.hadoop.hdds.tracing.TraceAllMethod.invoke(TraceAllMethod.java:66)
	at com.sun.proxy.$Proxy86.openKey(Unknown Source)
	at org.apache.hadoop.ozone.client.rpc.RpcClient.createKey(RpcClient.java:614)
	at org.apache.hadoop.ozone.client.OzoneBucket.createKey(OzoneBucket.java:325)
	at org.apache.hadoop.ozone.client.rpc.TestOzoneAtRestEncryption.testPutKeyWithEncryption(TestOzoneAtRestEncryption.java:173)
	at sun.reflect.NativeMethodAccessorImpl.invoke0(Native Method)
	at sun.reflect.NativeMethodAccessorImpl.invoke(NativeMethodAccessorImpl.java:62)
	at sun.reflect.DelegatingMethodAccessorImpl.invoke(DelegatingMethodAccessorImpl.java:43)
	at java.lang.reflect.Method.invoke(Method.java:498)
	at org.junit.runners.model.FrameworkMethod$1.runReflectiveCall(FrameworkMethod.java:47)
	at org.junit.internal.runners.model.ReflectiveCallable.run(ReflectiveCallable.java:12)
	at org.junit.runners.model.FrameworkMethod.invokeExplosively(FrameworkMethod.java:44)
	at org.junit.internal.runners.statements.InvokeMethod.evaluate(InvokeMethod.java:17)
	at org.junit.runners.ParentRunner.runLeaf(ParentRunner.java:271)
	at org.junit.runners.BlockJUnit4ClassRunner.runChild(BlockJUnit4ClassRunner.java:70)
	at org.junit.runners.BlockJUnit4ClassRunner.runChild(BlockJUnit4ClassRunner.java:50)
	at org.junit.runners.ParentRunner$3.run(ParentRunner.java:238)
	at org.junit.runners.ParentRunner$1.schedule(ParentRunner.java:63)
	at org.junit.runners.ParentRunner.runChildren(ParentRunner.java:236)
	at org.junit.runners.ParentRunner.access$000(ParentRunner.java:53)
	at org.junit.runners.ParentRunner$2.evaluate(ParentRunner.java:229)
	at org.junit.internal.runners.statements.RunBefores.evaluate(RunBefores.java:26)
	at org.junit.internal.runners.statements.RunAfters.evaluate(RunAfters.java:27)
	at org.junit.runners.ParentRunner.run(ParentRunner.java:309)
	at org.apache.maven.surefire.junit4.JUnit4Provider.execute(JUnit4Provider.java:365)
	at org.apache.maven.surefire.junit4.JUnit4Provider.executeWithRerun(JUnit4Provider.java:273)
	at org.apache.maven.surefire.junit4.JUnit4Provider.executeTestSet(JUnit4Provider.java:238)
	at org.apache.maven.surefire.junit4.JUnit4Provider.invoke(JUnit4Provider.java:159)
	at org.apache.maven.surefire.booter.ForkedBooter.invokeProviderInSameClassLoader(ForkedBooter.java:384)
	at org.apache.maven.surefire.booter.ForkedBooter.runSuitesInProcess(ForkedBooter.java:345)
	at org.apache.maven.surefire.booter.ForkedBooter.execute(ForkedBooter.java:126)
	at org.apache.maven.surefire.booter.ForkedBooter.main(ForkedBooter.java:418)
</error>
    <system-out><![CDATA[2019-09-29 11:05:00,205 [main] INFO  util.log (Log.java:initialized(192)) - Logging initialized @958ms
2019-09-29 11:05:00,649 [main] WARN  http.HttpRequestLog (HttpRequestLog.java:getRequestLog(97)) - Jetty request log can only be enabled using Log4j
2019-09-29 11:05:00,659 [main] INFO  http.HttpServer2 (HttpServer2.java:addGlobalFilter(975)) - Added global filter 'safety' (class=org.apache.hadoop.http.HttpServer2$QuotingInputFilter)
2019-09-29 11:05:00,661 [main] INFO  http.HttpServer2 (HttpServer2.java:addFilter(948)) - Added filter static_user_filter (class=org.apache.hadoop.http.lib.StaticUserWebFilter$StaticUserFilter) to context kms
2019-09-29 11:05:00,662 [main] INFO  http.HttpServer2 (HttpServer2.java:addFilter(958)) - Added filter static_user_filter (class=org.apache.hadoop.http.lib.StaticUserWebFilter$StaticUserFilter) to context logs
2019-09-29 11:05:00,662 [main] INFO  http.HttpServer2 (HttpServer2.java:addFilter(958)) - Added filter static_user_filter (class=org.apache.hadoop.http.lib.StaticUserWebFilter$StaticUserFilter) to context static
2019-09-29 11:05:00,693 [main] INFO  http.HttpServer2 (HttpServer2.java:bindListener(1191)) - Jetty bound to port 33250
2019-09-29 11:05:00,695 [main] INFO  server.Server (Server.java:doStart(351)) - jetty-9.3.25.v20180904, build timestamp: 2018-09-04T21:11:46Z, git hash: 3ce520221d0240229c862b122d2b06c12a625732
2019-09-29 11:05:00,737 [main] INFO  handler.ContextHandler (ContextHandler.java:doStart(781)) - Started o.e.j.s.ServletContextHandler@49c90a9c{/logs,file:///workdir/hadoop-ozone/integration-test/target/log,AVAILABLE}
2019-09-29 11:05:00,738 [main] INFO  handler.ContextHandler (ContextHandler.java:doStart(781)) - Started o.e.j.s.ServletContextHandler@6f36c2f0{/static,jar:file:/home/user/.m2/repository/org/apache/hadoop/hadoop-kms/3.2.0/hadoop-kms-3.2.0.jar!/webapps/static,AVAILABLE}
2019-09-29 11:05:00,814 [main] INFO  server.KMSWebApp (KMSWebApp.java:contextInitialized(88)) - -------------------------------------------------------------
2019-09-29 11:05:00,814 [main] INFO  server.KMSWebApp (KMSWebApp.java:contextInitialized(89)) -   Java runtime version : 1.8.0_212-b04
2019-09-29 11:05:00,815 [main] INFO  server.KMSWebApp (KMSWebApp.java:contextInitialized(91)) -   User: jenkins1000
2019-09-29 11:05:00,817 [main] INFO  server.KMSWebApp (KMSWebApp.java:contextInitialized(92)) -   KMS Hadoop Version: 3.2.0
2019-09-29 11:05:00,817 [main] INFO  server.KMSWebApp (KMSWebApp.java:contextInitialized(93)) - -------------------------------------------------------------
2019-09-29 11:05:00,827 [main] INFO  server.KMSACLs (KMSACLs.java:setKMSACLs(107)) - 'CREATE' ACL '*'
2019-09-29 11:05:00,829 [main] INFO  server.KMSACLs (KMSACLs.java:setKMSACLs(107)) - 'DELETE' ACL '*'
2019-09-29 11:05:00,829 [main] INFO  server.KMSACLs (KMSACLs.java:setKMSACLs(107)) - 'ROLLOVER' ACL '*'
2019-09-29 11:05:00,829 [main] INFO  server.KMSACLs (KMSACLs.java:setKMSACLs(107)) - 'GET' ACL '*'
2019-09-29 11:05:00,829 [main] INFO  server.KMSACLs (KMSACLs.java:setKMSACLs(107)) - 'GET_KEYS' ACL '*'
2019-09-29 11:05:00,829 [main] INFO  server.KMSACLs (KMSACLs.java:setKMSACLs(107)) - 'GET_METADATA' ACL '*'
2019-09-29 11:05:00,830 [main] INFO  server.KMSACLs (KMSACLs.java:setKMSACLs(107)) - 'SET_KEY_MATERIAL' ACL '*'
2019-09-29 11:05:00,830 [main] INFO  server.KMSACLs (KMSACLs.java:setKMSACLs(107)) - 'GENERATE_EEK' ACL '*'
2019-09-29 11:05:00,830 [main] INFO  server.KMSACLs (KMSACLs.java:setKMSACLs(107)) - 'DECRYPT_EEK' ACL '*'
2019-09-29 11:05:00,831 [main] INFO  server.KMSACLs (KMSACLs.java:parseAclsWithPrefix(185)) - default.key.acl. for KEY_OP 'READ' is set to '*'
2019-09-29 11:05:00,831 [main] INFO  server.KMSACLs (KMSACLs.java:parseAclsWithPrefix(185)) - default.key.acl. for KEY_OP 'MANAGEMENT' is set to '*'
2019-09-29 11:05:00,831 [main] INFO  server.KMSACLs (KMSACLs.java:parseAclsWithPrefix(185)) - default.key.acl. for KEY_OP 'GENERATE_EEK' is set to '*'
2019-09-29 11:05:00,832 [main] INFO  server.KMSACLs (KMSACLs.java:parseAclsWithPrefix(185)) - default.key.acl. for KEY_OP 'DECRYPT_EEK' is set to '*'
2019-09-29 11:05:00,955 [main] INFO  server.KMSAudit (KMSAudit.java:initializeAuditLoggers(157)) - Initializing audit logger class org.apache.hadoop.crypto.key.kms.server.SimpleKMSAuditLogger
2019-09-29 11:05:01,110 [main] INFO  server.KMSWebApp (KMSWebApp.java:contextInitialized(143)) - Initialized KeyProvider CachingKeyProvider: jceks://file@/workdir/hadoop-ozone/integration-test/target/test-dir/TestSecureOzoneRpcClient/0faabaa6-85c4-45ba-ab73-6c7487a82be7/kms.keystore
2019-09-29 11:05:01,117 [main] INFO  server.KMSWebApp (KMSWebApp.java:contextInitialized(157)) - Initialized KeyProviderCryptoExtension EagerKeyGeneratorKeyProviderCryptoExtension: KeyProviderCryptoExtension: CachingKeyProvider: jceks://file@/workdir/hadoop-ozone/integration-test/target/test-dir/TestSecureOzoneRpcClient/0faabaa6-85c4-45ba-ab73-6c7487a82be7/kms.keystore
2019-09-29 11:05:01,117 [main] INFO  server.KMSWebApp (KMSWebApp.java:contextInitialized(162)) - Default key bitlength is 128
2019-09-29 11:05:01,117 [main] INFO  server.KMSWebApp (KMSWebApp.java:contextInitialized(163)) - KMS Started
2019-09-29 11:05:01,140 [main] INFO  delegation.AbstractDelegationTokenSecretManager (AbstractDelegationTokenSecretManager.java:updateCurrentKey(343)) - Updating the current master key for generating delegation tokens
2019-09-29 11:05:01,141 [Thread[Thread-12,5,main]] INFO  delegation.AbstractDelegationTokenSecretManager (AbstractDelegationTokenSecretManager.java:run(675)) - Starting expired delegation token remover thread, tokenRemoverScanInterval=60 min(s)
2019-09-29 11:05:01,142 [Thread[Thread-12,5,main]] INFO  delegation.AbstractDelegationTokenSecretManager (AbstractDelegationTokenSecretManager.java:updateCurrentKey(343)) - Updating the current master key for generating delegation tokens
2019-09-29 11:05:02,095 [main] INFO  handler.ContextHandler (ContextHandler.java:doStart(781)) - Started o.e.j.w.WebAppContext@245a060f{/,file:///workdir/hadoop-ozone/integration-test/target/tmp/kms/webapp/,AVAILABLE}{/kms}
2019-09-29 11:05:02,102 [main] INFO  server.AbstractConnector (AbstractConnector.java:doStart(278)) - Started ServerConnector@a50ae65{HTTP/1.1,[http/1.1]}{localhost:33250}
2019-09-29 11:05:02,102 [main] INFO  server.Server (Server.java:doStart(419)) - Started @2858ms
2019-09-29 11:05:02,163 [main] WARN  impl.MetricsConfig (MetricsConfig.java:loadFirst(134)) - Cannot locate configuration: tried hadoop-metrics2-kms.properties,hadoop-metrics2.properties
2019-09-29 11:05:02,179 [main] INFO  impl.MetricsSystemImpl (MetricsSystemImpl.java:startTimer(374)) - Scheduled Metric snapshot period at 10 second(s).
2019-09-29 11:05:02,179 [main] INFO  impl.MetricsSystemImpl (MetricsSystemImpl.java:start(191)) - KMS metrics system started
2019-09-29 11:05:02,187 [org.apache.hadoop.util.JvmPauseMonitor$Monitor@23e44287] INFO  util.JvmPauseMonitor (JvmPauseMonitor.java:run(188)) - Starting JVM pause monitor
2019-09-29 11:05:03,271 [main] WARN  server.ServerUtils (ServerUtils.java:getScmDbDir(145)) - ozone.scm.db.dirs is not configured. We recommend adding this setting. Falling back to ozone.metadata.dirs instead.
2019-09-29 11:05:03,342 [main] WARN  server.ServerUtils (ServerUtils.java:getScmDbDir(145)) - ozone.scm.db.dirs is not configured. We recommend adding this setting. Falling back to ozone.metadata.dirs instead.
2019-09-29 11:05:03,347 [main] WARN  server.ServerUtils (ServerUtils.java:getScmDbDir(145)) - ozone.scm.db.dirs is not configured. We recommend adding this setting. Falling back to ozone.metadata.dirs instead.
2019-09-29 11:05:03,494 [main] INFO  db.DBStoreBuilder (DBStoreBuilder.java:addTable(110)) - using custom profile for table: deletedBlocks
2019-09-29 11:05:03,494 [main] INFO  db.DBStoreBuilder (DBStoreBuilder.java:processTables(161)) - Using default column profile:DBProfile.DISK for Table:deletedBlocks
2019-09-29 11:05:03,495 [main] INFO  db.DBStoreBuilder (DBStoreBuilder.java:addTable(110)) - using custom profile for table: validCerts
2019-09-29 11:05:03,495 [main] INFO  db.DBStoreBuilder (DBStoreBuilder.java:processTables(161)) - Using default column profile:DBProfile.DISK for Table:validCerts
2019-09-29 11:05:03,495 [main] INFO  db.DBStoreBuilder (DBStoreBuilder.java:addTable(110)) - using custom profile for table: revokedCerts
2019-09-29 11:05:03,495 [main] INFO  db.DBStoreBuilder (DBStoreBuilder.java:processTables(161)) - Using default column profile:DBProfile.DISK for Table:revokedCerts
2019-09-29 11:05:03,509 [main] INFO  db.DBStoreBuilder (DBStoreBuilder.java:addTable(110)) - using custom profile for table: default
2019-09-29 11:05:03,509 [main] INFO  db.DBStoreBuilder (DBStoreBuilder.java:processTables(167)) - Using default column profile:DBProfile.DISK for Table:default
2019-09-29 11:05:03,510 [main] INFO  db.DBStoreBuilder (DBStoreBuilder.java:getDbProfile(198)) - Using default options. DBProfile.DISK
2019-09-29 11:05:03,900 [main] INFO  net.NodeSchemaLoader (NodeSchemaLoader.java:loadSchemaFromFile(125)) - Loading file from sun.misc.CompoundEnumeration@1317b708
2019-09-29 11:05:03,903 [main] INFO  net.NodeSchemaLoader (NodeSchemaLoader.java:loadSchema(171)) - Loading network topology layer schema file
2019-09-29 11:05:03,946 [main] WARN  server.ServerUtils (ServerUtils.java:sanitizeUserArgs(70)) - ozone.scm.stale.node.interval value = 300000 is larger than max = 100000 based on the key value of ozone.scm.heartbeat.thread.interval, reset to the max value 100000.
2019-09-29 11:05:03,947 [main] WARN  server.ServerUtils (ServerUtils.java:sanitizeUserArgs(70)) - ozone.scm.stale.node.interval value = 300000 is larger than max = 100000 based on the key value of ozone.scm.heartbeat.thread.interval, reset to the max value 100000.
2019-09-29 11:05:03,949 [main] INFO  node.SCMNodeManager (SCMNodeManager.java:<init>(114)) - Entering startup safe mode.
2019-09-29 11:05:03,963 [main] INFO  algorithms.ContainerPlacementPolicyFactory (ContainerPlacementPolicyFactory.java:getPolicy(59)) - Create container placement policy of type org.apache.hadoop.hdds.scm.container.placement.algorithms.SCMContainerPlacementRandom
2019-09-29 11:05:03,979 [main] WARN  server.ServerUtils (ServerUtils.java:getScmDbDir(145)) - ozone.scm.db.dirs is not configured. We recommend adding this setting. Falling back to ozone.metadata.dirs instead.
2019-09-29 11:05:04,107 [main] INFO  pipeline.SCMPipelineManager (SCMPipelineManager.java:initializePipelineState(137)) - No pipeline exists in current db
2019-09-29 11:05:04,111 [main] WARN  server.ServerUtils (ServerUtils.java:getScmDbDir(145)) - ozone.scm.db.dirs is not configured. We recommend adding this setting. Falling back to ozone.metadata.dirs instead.
2019-09-29 11:05:04,309 [main] WARN  events.EventQueue (EventQueue.java:fireEvent(183)) - No event handler registered for event TypedEvent{payloadType=SafeModeStatus, name='SafeModeStatus'}
2019-09-29 11:05:04,363 [main] INFO  ipc.CallQueueManager (CallQueueManager.java:<init>(84)) - Using callQueue: class java.util.concurrent.LinkedBlockingQueue, queueCapacity: 2000, scheduler: class org.apache.hadoop.ipc.DefaultRpcScheduler, ipcBackoff: false.
2019-09-29 11:05:04,389 [Socket Reader #1 for port 35502] INFO  ipc.Server (Server.java:run(1074)) - Starting Socket Reader #1 for port 35502
2019-09-29 11:05:04,431 [main] INFO  ipc.CallQueueManager (CallQueueManager.java:<init>(84)) - Using callQueue: class java.util.concurrent.LinkedBlockingQueue, queueCapacity: 2000, scheduler: class org.apache.hadoop.ipc.DefaultRpcScheduler, ipcBackoff: false.
2019-09-29 11:05:04,432 [Socket Reader #1 for port 45663] INFO  ipc.Server (Server.java:run(1074)) - Starting Socket Reader #1 for port 45663
2019-09-29 11:05:04,441 [main] INFO  ipc.CallQueueManager (CallQueueManager.java:<init>(84)) - Using callQueue: class java.util.concurrent.LinkedBlockingQueue, queueCapacity: 2000, scheduler: class org.apache.hadoop.ipc.DefaultRpcScheduler, ipcBackoff: false.
2019-09-29 11:05:04,442 [Socket Reader #1 for port 41283] INFO  ipc.Server (Server.java:run(1074)) - Starting Socket Reader #1 for port 41283
2019-09-29 11:05:04,460 [main] INFO  hdfs.DFSUtil (DFSUtil.java:httpServerTemplateForNNAndJN(1641)) - Starting Web-server for scm at: http://0.0.0.0:0
2019-09-29 11:05:04,464 [main] INFO  server.AuthenticationFilter (AuthenticationFilter.java:constructSecretProvider(240)) - Unable to initialize FileSignerSecretProvider, falling back to use random secrets.
2019-09-29 11:05:04,465 [main] WARN  http.HttpRequestLog (HttpRequestLog.java:getRequestLog(97)) - Jetty request log can only be enabled using Log4j
2019-09-29 11:05:04,468 [main] INFO  http.HttpServer2 (HttpServer2.java:addGlobalFilter(975)) - Added global filter 'safety' (class=org.apache.hadoop.http.HttpServer2$QuotingInputFilter)
2019-09-29 11:05:04,469 [main] INFO  http.HttpServer2 (HttpServer2.java:addFilter(948)) - Added filter static_user_filter (class=org.apache.hadoop.http.lib.StaticUserWebFilter$StaticUserFilter) to context scm
2019-09-29 11:05:04,469 [main] INFO  http.HttpServer2 (HttpServer2.java:addFilter(958)) - Added filter static_user_filter (class=org.apache.hadoop.http.lib.StaticUserWebFilter$StaticUserFilter) to context logs
2019-09-29 11:05:04,469 [main] INFO  http.HttpServer2 (HttpServer2.java:addFilter(958)) - Added filter static_user_filter (class=org.apache.hadoop.http.lib.StaticUserWebFilter$StaticUserFilter) to context static
2019-09-29 11:05:04,483 [main] INFO  server.StorageContainerManager (StorageContainerManager.java:start(770)) - StorageContainerLocationProtocol RPC server is listening at /0.0.0.0:41283
2019-09-29 11:05:04,483 [main] INFO  impl.MetricsSystemImpl (MetricsSystemImpl.java:init(158)) - StorageContainerManager metrics system started (again)
2019-09-29 11:05:04,486 [main] INFO  server.SCMClientProtocolServer (SCMClientProtocolServer.java:start(151)) - RPC server for Client  is listening at /0.0.0.0:41283
2019-09-29 11:05:04,486 [IPC Server Responder] INFO  ipc.Server (Server.java:run(1314)) - IPC Server Responder: starting
2019-09-29 11:05:04,486 [IPC Server listener on 41283] INFO  ipc.Server (Server.java:run(1153)) - IPC Server listener on 41283: starting
2019-09-29 11:05:04,490 [main] INFO  server.StorageContainerManager (StorageContainerManager.java:start(780)) - ScmBlockLocationProtocol RPC server is listening at /0.0.0.0:45663
2019-09-29 11:05:04,492 [main] INFO  server.SCMBlockProtocolServer (SCMBlockProtocolServer.java:start(146)) - RPC server for Block Protocol is listening at /0.0.0.0:45663
2019-09-29 11:05:04,492 [IPC Server Responder] INFO  ipc.Server (Server.java:run(1314)) - IPC Server Responder: starting
2019-09-29 11:05:04,492 [IPC Server listener on 45663] INFO  ipc.Server (Server.java:run(1153)) - IPC Server listener on 45663: starting
2019-09-29 11:05:04,497 [main] INFO  server.StorageContainerManager (StorageContainerManager.java:start(784)) - ScmDatanodeProtocl RPC server is listening at /0.0.0.0:35502
2019-09-29 11:05:04,497 [main] INFO  server.SCMDatanodeProtocolServer (SCMDatanodeProtocolServer.java:start(191)) - RPC server for DataNodes is listening at /0.0.0.0:35502
2019-09-29 11:05:04,497 [IPC Server Responder] INFO  ipc.Server (Server.java:run(1314)) - IPC Server Responder: starting
2019-09-29 11:05:04,497 [IPC Server listener on 35502] INFO  ipc.Server (Server.java:run(1153)) - IPC Server listener on 35502: starting
2019-09-29 11:05:04,502 [main] INFO  http.HttpServer2 (HttpServer2.java:bindListener(1191)) - Jetty bound to port 44795
2019-09-29 11:05:04,502 [main] INFO  server.Server (Server.java:doStart(351)) - jetty-9.3.25.v20180904, build timestamp: 2018-09-04T21:11:46Z, git hash: 3ce520221d0240229c862b122d2b06c12a625732
2019-09-29 11:05:04,505 [main] INFO  handler.ContextHandler (ContextHandler.java:doStart(781)) - Started o.e.j.s.ServletContextHandler@4c58255{/logs,file:///workdir/hadoop-ozone/integration-test/target/log,AVAILABLE}
2019-09-29 11:05:04,505 [main] INFO  handler.ContextHandler (ContextHandler.java:doStart(781)) - Started o.e.j.s.ServletContextHandler@10b1a751{/static,file:///workdir/hadoop-ozone/integration-test/target/test-classes/webapps/static,AVAILABLE}
2019-09-29 11:05:04,511 [main] INFO  handler.ContextHandler (ContextHandler.java:doStart(781)) - Started o.e.j.w.WebAppContext@173a6728{/,file:///workdir/hadoop-ozone/integration-test/target/test-classes/webapps/scm/,AVAILABLE}{/scm}
2019-09-29 11:05:04,511 [main] INFO  server.AbstractConnector (AbstractConnector.java:doStart(278)) - Started ServerConnector@1a22e0ef{HTTP/1.1,[http/1.1]}{0.0.0.0:44795}
2019-09-29 11:05:04,512 [main] INFO  server.Server (Server.java:doStart(419)) - Started @5267ms
2019-09-29 11:05:04,517 [main] INFO  impl.MetricsSinkAdapter (MetricsSinkAdapter.java:start(204)) - Sink prometheus started
2019-09-29 11:05:04,517 [main] INFO  impl.MetricsSystemImpl (MetricsSystemImpl.java:registerSink(301)) - Registered sink prometheus
2019-09-29 11:05:04,519 [main] INFO  server.BaseHttpServer (BaseHttpServer.java:updateConnectorAddress(215)) - HTTP server of SCM is listening at http://0.0.0.0:44795
2019-09-29 11:05:04,520 [org.apache.hadoop.util.JvmPauseMonitor$Monitor@7c8c70d6] INFO  util.JvmPauseMonitor (JvmPauseMonitor.java:run(188)) - Starting JVM pause monitor
2019-09-29 11:05:04,525 [main] WARN  server.ServerUtils (ServerUtils.java:getDBPath(222)) - ozone.om.db.dirs is not configured. We recommend adding this setting. Falling back to ozone.metadata.dirs instead.
2019-09-29 11:05:04,559 [main] WARN  server.ServerUtils (ServerUtils.java:getDBPath(222)) - ozone.om.db.dirs is not configured. We recommend adding this setting. Falling back to ozone.metadata.dirs instead.
2019-09-29 11:05:04,560 [main] WARN  server.ServerUtils (ServerUtils.java:getDBPath(222)) - ozone.om.db.dirs is not configured. We recommend adding this setting. Falling back to ozone.metadata.dirs instead.
2019-09-29 11:05:04,561 [main] INFO  om.OzoneManager (OzoneManager.java:setOMNodeDetails(652)) - OM Service ID is not set. Setting it to the default ID: omServiceIdDefault
2019-09-29 11:05:04,561 [main] INFO  om.OzoneManager (OzoneManager.java:setOMNodeDetails(658)) - OM Node ID is not set. Setting it to the OmStorage's OmID: e9d57619-df28-463c-85f1-438a61b13df9
2019-09-29 11:05:04,562 [main] INFO  om.OzoneManager (OzoneManager.java:loadOMHAConfigs(609)) - Found matching OM address with OMServiceId: null, OMNodeId: null, RPC Address: localhost:0 and Ratis port: 9872
2019-09-29 11:05:04,670 [main] WARN  server.ServerUtils (ServerUtils.java:getDBPath(222)) - ozone.om.db.dirs is not configured. We recommend adding this setting. Falling back to ozone.metadata.dirs instead.
2019-09-29 11:05:04,677 [main] INFO  db.DBStoreBuilder (DBStoreBuilder.java:addTable(110)) - using custom profile for table: userTable
2019-09-29 11:05:04,679 [main] INFO  db.DBStoreBuilder (DBStoreBuilder.java:processTables(161)) - Using default column profile:DBProfile.DISK for Table:userTable
2019-09-29 11:05:04,680 [main] INFO  db.DBStoreBuilder (DBStoreBuilder.java:addTable(110)) - using custom profile for table: volumeTable
2019-09-29 11:05:04,680 [main] INFO  db.DBStoreBuilder (DBStoreBuilder.java:processTables(161)) - Using default column profile:DBProfile.DISK for Table:volumeTable
2019-09-29 11:05:04,680 [main] INFO  db.DBStoreBuilder (DBStoreBuilder.java:addTable(110)) - using custom profile for table: bucketTable
2019-09-29 11:05:04,680 [main] INFO  db.DBStoreBuilder (DBStoreBuilder.java:processTables(161)) - Using default column profile:DBProfile.DISK for Table:bucketTable
2019-09-29 11:05:04,681 [main] INFO  db.DBStoreBuilder (DBStoreBuilder.java:addTable(110)) - using custom profile for table: keyTable
2019-09-29 11:05:04,681 [main] INFO  db.DBStoreBuilder (DBStoreBuilder.java:processTables(161)) - Using default column profile:DBProfile.DISK for Table:keyTable
2019-09-29 11:05:04,681 [main] INFO  db.DBStoreBuilder (DBStoreBuilder.java:addTable(110)) - using custom profile for table: deletedTable
2019-09-29 11:05:04,681 [main] INFO  db.DBStoreBuilder (DBStoreBuilder.java:processTables(161)) - Using default column profile:DBProfile.DISK for Table:deletedTable
2019-09-29 11:05:04,682 [main] INFO  db.DBStoreBuilder (DBStoreBuilder.java:addTable(110)) - using custom profile for table: openKeyTable
2019-09-29 11:05:04,682 [main] INFO  db.DBStoreBuilder (DBStoreBuilder.java:processTables(161)) - Using default column profile:DBProfile.DISK for Table:openKeyTable
2019-09-29 11:05:04,682 [main] INFO  db.DBStoreBuilder (DBStoreBuilder.java:addTable(110)) - using custom profile for table: s3Table
2019-09-29 11:05:04,682 [main] INFO  db.DBStoreBuilder (DBStoreBuilder.java:processTables(161)) - Using default column profile:DBProfile.DISK for Table:s3Table
2019-09-29 11:05:04,683 [main] INFO  db.DBStoreBuilder (DBStoreBuilder.java:addTable(110)) - using custom profile for table: multipartInfoTable
2019-09-29 11:05:04,683 [main] INFO  db.DBStoreBuilder (DBStoreBuilder.java:processTables(161)) - Using default column profile:DBProfile.DISK for Table:multipartInfoTable
2019-09-29 11:05:04,683 [main] INFO  db.DBStoreBuilder (DBStoreBuilder.java:addTable(110)) - using custom profile for table: dTokenTable
2019-09-29 11:05:04,683 [main] INFO  db.DBStoreBuilder (DBStoreBuilder.java:processTables(161)) - Using default column profile:DBProfile.DISK for Table:dTokenTable
2019-09-29 11:05:04,684 [main] INFO  db.DBStoreBuilder (DBStoreBuilder.java:addTable(110)) - using custom profile for table: s3SecretTable
2019-09-29 11:05:04,684 [main] INFO  db.DBStoreBuilder (DBStoreBuilder.java:processTables(161)) - Using default column profile:DBProfile.DISK for Table:s3SecretTable
2019-09-29 11:05:04,684 [main] INFO  db.DBStoreBuilder (DBStoreBuilder.java:addTable(110)) - using custom profile for table: prefixTable
2019-09-29 11:05:04,684 [main] INFO  db.DBStoreBuilder (DBStoreBuilder.java:processTables(161)) - Using default column profile:DBProfile.DISK for Table:prefixTable
2019-09-29 11:05:04,684 [main] INFO  db.DBStoreBuilder (DBStoreBuilder.java:addTable(110)) - using custom profile for table: default
2019-09-29 11:05:04,685 [main] INFO  db.DBStoreBuilder (DBStoreBuilder.java:processTables(167)) - Using default column profile:DBProfile.DISK for Table:default
2019-09-29 11:05:04,685 [main] INFO  db.DBStoreBuilder (DBStoreBuilder.java:getDbProfile(198)) - Using default options. DBProfile.DISK
2019-09-29 11:05:05,463 [main] INFO  ipc.CallQueueManager (CallQueueManager.java:<init>(84)) - Using callQueue: class java.util.concurrent.LinkedBlockingQueue, queueCapacity: 2000, scheduler: class org.apache.hadoop.ipc.DefaultRpcScheduler, ipcBackoff: false.
2019-09-29 11:05:05,464 [Socket Reader #1 for port 40572] INFO  ipc.Server (Server.java:run(1074)) - Starting Socket Reader #1 for port 40572
2019-09-29 11:05:05,484 [main] INFO  om.OzoneManager (OzoneManager.java:start(1243)) - OzoneManager RPC server is listening at localhost/127.0.0.1:40572
2019-09-29 11:05:05,484 [main] INFO  impl.MetricsSystemImpl (MetricsSystemImpl.java:init(158)) - OzoneManager metrics system started (again)
2019-09-29 11:05:05,496 [IPC Server Responder] INFO  ipc.Server (Server.java:run(1314)) - IPC Server Responder: starting
2019-09-29 11:05:05,496 [IPC Server listener on 40572] INFO  ipc.Server (Server.java:run(1153)) - IPC Server listener on 40572: starting
2019-09-29 11:05:05,502 [main] INFO  hdfs.DFSUtil (DFSUtil.java:httpServerTemplateForNNAndJN(1641)) - Starting Web-server for ozoneManager at: http://0.0.0.0:0
2019-09-29 11:05:05,504 [main] INFO  server.AuthenticationFilter (AuthenticationFilter.java:constructSecretProvider(240)) - Unable to initialize FileSignerSecretProvider, falling back to use random secrets.
2019-09-29 11:05:05,505 [main] WARN  http.HttpRequestLog (HttpRequestLog.java:getRequestLog(97)) - Jetty request log can only be enabled using Log4j
2019-09-29 11:05:05,508 [main] INFO  http.HttpServer2 (HttpServer2.java:addGlobalFilter(975)) - Added global filter 'safety' (class=org.apache.hadoop.http.HttpServer2$QuotingInputFilter)
2019-09-29 11:05:05,510 [main] INFO  http.HttpServer2 (HttpServer2.java:addFilter(948)) - Added filter static_user_filter (class=org.apache.hadoop.http.lib.StaticUserWebFilter$StaticUserFilter) to context ozoneManager
2019-09-29 11:05:05,510 [main] INFO  http.HttpServer2 (HttpServer2.java:addFilter(958)) - Added filter static_user_filter (class=org.apache.hadoop.http.lib.StaticUserWebFilter$StaticUserFilter) to context static
2019-09-29 11:05:05,510 [main] INFO  http.HttpServer2 (HttpServer2.java:addFilter(958)) - Added filter static_user_filter (class=org.apache.hadoop.http.lib.StaticUserWebFilter$StaticUserFilter) to context logs
2019-09-29 11:05:05,513 [main] INFO  http.HttpServer2 (HttpServer2.java:bindListener(1191)) - Jetty bound to port 44867
2019-09-29 11:05:05,514 [main] INFO  server.Server (Server.java:doStart(351)) - jetty-9.3.25.v20180904, build timestamp: 2018-09-04T21:11:46Z, git hash: 3ce520221d0240229c862b122d2b06c12a625732
2019-09-29 11:05:05,516 [main] INFO  handler.ContextHandler (ContextHandler.java:doStart(781)) - Started o.e.j.s.ServletContextHandler@4fd05028{/logs,file:///workdir/hadoop-ozone/integration-test/target/log,AVAILABLE}
2019-09-29 11:05:05,517 [main] INFO  handler.ContextHandler (ContextHandler.java:doStart(781)) - Started o.e.j.s.ServletContextHandler@4fb392c4{/static,file:///workdir/hadoop-ozone/integration-test/target/test-classes/webapps/static,AVAILABLE}
2019-09-29 11:05:05,523 [main] INFO  handler.ContextHandler (ContextHandler.java:doStart(781)) - Started o.e.j.w.WebAppContext@35f3a22c{/,file:///workdir/hadoop-ozone/integration-test/target/test-classes/webapps/ozoneManager/,AVAILABLE}{/ozoneManager}
2019-09-29 11:05:05,524 [main] INFO  server.AbstractConnector (AbstractConnector.java:doStart(278)) - Started ServerConnector@1a0c5e9{HTTP/1.1,[http/1.1]}{0.0.0.0:44867}
2019-09-29 11:05:05,525 [main] INFO  server.Server (Server.java:doStart(419)) - Started @6281ms
2019-09-29 11:05:05,526 [main] WARN  impl.MetricsSystemImpl (MetricsSystemImpl.java:register(276)) - Sink prometheus already exists!
2019-09-29 11:05:05,527 [main] INFO  server.BaseHttpServer (BaseHttpServer.java:updateConnectorAddress(215)) - HTTP server of OZONEMANAGER is listening at http://0.0.0.0:44867
2019-09-29 11:05:05,660 [main] INFO  impl.MetricsSystemImpl (MetricsSystemImpl.java:init(158)) - HddsDatanode metrics system started (again)
2019-09-29 11:05:05,710 [main] INFO  ozone.HddsDatanodeService (HddsDatanodeService.java:start(184)) - HddsDatanodeService host:pr-hdds-1569-lsfh5-224679870 ip:192.168.30.19
2019-09-29 11:05:05,742 [main] INFO  volume.HddsVolume (HddsVolume.java:<init>(176)) - Creating Volume: /workdir/hadoop-ozone/integration-test/target/test-dir/MiniOzoneClusterImpl-1c785ca3-4d8a-4703-81e1-f58f984e2e1c/datanode-0/data/containers/hdds of  storage type : DISK and capacity : 1482555576320
2019-09-29 11:05:05,744 [main] INFO  volume.VolumeSet (VolumeSet.java:initializeVolumeSet(170)) - Added Volume : /workdir/hadoop-ozone/integration-test/target/test-dir/MiniOzoneClusterImpl-1c785ca3-4d8a-4703-81e1-f58f984e2e1c/datanode-0/data/containers/hdds to VolumeSet
2019-09-29 11:05:05,746 [main] INFO  volume.ThrottledAsyncChecker (ThrottledAsyncChecker.java:schedule(139)) - Scheduling a check for org.apache.hadoop.ozone.container.common.volume.HddsVolume@14fded9d
2019-09-29 11:05:05,762 [main] INFO  volume.HddsVolumeChecker (HddsVolumeChecker.java:checkAllVolumes(202)) - Scheduled health check for volume org.apache.hadoop.ozone.container.common.volume.HddsVolume@14fded9d
2019-09-29 11:05:05,868 [main] INFO  impl.RaftServerProxy (ConfUtils.java:logGet(43)) - raft.rpc.type = GRPC (default)
2019-09-29 11:05:05,935 [main] INFO  grpc.GrpcFactory (GrpcFactory.java:checkPooledByteBufAllocatorUseCacheForAllThreads(45)) - PERFORMANCE WARNING: useCacheForAllThreads is true that may cause Netty to create a lot garbage objects and, as a result, trigger GC.
	It is recommended to disable useCacheForAllThreads by setting -Dorg.apache.ratis.thirdparty.io.netty.allocator.useCacheForAllThreads=false in command line.
2019-09-29 11:05:05,940 [main] INFO  grpc.GrpcConfigKeys$Server (ConfUtils.java:logGet(43)) - raft.grpc.server.port = 0 (default)
2019-09-29 11:05:05,941 [main] INFO  server.GrpcService (ConfUtils.java:logGet(43)) - raft.grpc.message.size.max = 33570816 (custom)
2019-09-29 11:05:05,942 [main] INFO  server.RaftServerConfigKeys (ConfUtils.java:logGet(43)) - raft.server.log.appender.buffer.byte-limit = 33554432 (custom)
2019-09-29 11:05:05,943 [main] INFO  server.GrpcService (ConfUtils.java:logGet(43)) - raft.grpc.flow.control.window = 1MB (=1048576) (default)
2019-09-29 11:05:05,944 [main] INFO  server.RaftServerConfigKeys (ConfUtils.java:logGet(43)) - raft.server.rpc.request.timeout = 3000ms (default)
2019-09-29 11:05:06,111 [main] INFO  server.RaftServerConfigKeys (ConfUtils.java:logGet(43)) - raft.server.storage.dir = [/workdir/hadoop-ozone/integration-test/target/test-dir/MiniOzoneClusterImpl-1c785ca3-4d8a-4703-81e1-f58f984e2e1c/datanode-0/data/ratis] (custom)
2019-09-29 11:05:06,166 [main] INFO  hdfs.DFSUtil (DFSUtil.java:httpServerTemplateForNNAndJN(1641)) - Starting Web-server for hddsDatanode at: http://0.0.0.0:0
2019-09-29 11:05:06,170 [main] INFO  server.AuthenticationFilter (AuthenticationFilter.java:constructSecretProvider(240)) - Unable to initialize FileSignerSecretProvider, falling back to use random secrets.
2019-09-29 11:05:06,171 [main] WARN  http.HttpRequestLog (HttpRequestLog.java:getRequestLog(97)) - Jetty request log can only be enabled using Log4j
2019-09-29 11:05:06,175 [main] INFO  http.HttpServer2 (HttpServer2.java:addGlobalFilter(975)) - Added global filter 'safety' (class=org.apache.hadoop.http.HttpServer2$QuotingInputFilter)
2019-09-29 11:05:06,176 [main] INFO  http.HttpServer2 (HttpServer2.java:addFilter(948)) - Added filter static_user_filter (class=org.apache.hadoop.http.lib.StaticUserWebFilter$StaticUserFilter) to context hddsDatanode
2019-09-29 11:05:06,176 [main] INFO  http.HttpServer2 (HttpServer2.java:addFilter(958)) - Added filter static_user_filter (class=org.apache.hadoop.http.lib.StaticUserWebFilter$StaticUserFilter) to context static
2019-09-29 11:05:06,176 [main] INFO  http.HttpServer2 (HttpServer2.java:addFilter(958)) - Added filter static_user_filter (class=org.apache.hadoop.http.lib.StaticUserWebFilter$StaticUserFilter) to context logs
2019-09-29 11:05:06,178 [main] INFO  http.HttpServer2 (HttpServer2.java:bindListener(1191)) - Jetty bound to port 35182
2019-09-29 11:05:06,178 [main] INFO  server.Server (Server.java:doStart(351)) - jetty-9.3.25.v20180904, build timestamp: 2018-09-04T21:11:46Z, git hash: 3ce520221d0240229c862b122d2b06c12a625732
2019-09-29 11:05:06,183 [main] INFO  handler.ContextHandler (ContextHandler.java:doStart(781)) - Started o.e.j.s.ServletContextHandler@445821a6{/logs,file:///workdir/hadoop-ozone/integration-test/target/log,AVAILABLE}
2019-09-29 11:05:06,184 [main] INFO  handler.ContextHandler (ContextHandler.java:doStart(781)) - Started o.e.j.s.ServletContextHandler@35d26ad2{/static,jar:file:/home/user/.m2/repository/org/apache/hadoop/hadoop-hdds-container-service/0.5.0-SNAPSHOT/hadoop-hdds-container-service-0.5.0-SNAPSHOT.jar!/webapps/static,AVAILABLE}
2019-09-29 11:05:06,229 [main] INFO  handler.ContextHandler (ContextHandler.java:doStart(781)) - Started o.e.j.w.WebAppContext@251c4280{/,file:///workdir/hadoop-ozone/integration-test/target/tmp/kms/webapp/,AVAILABLE}{/hddsDatanode}
2019-09-29 11:05:06,230 [main] INFO  server.AbstractConnector (AbstractConnector.java:doStart(278)) - Started ServerConnector@35650279{HTTP/1.1,[http/1.1]}{0.0.0.0:35182}
2019-09-29 11:05:06,231 [main] INFO  server.Server (Server.java:doStart(419)) - Started @6986ms
2019-09-29 11:05:06,232 [main] WARN  impl.MetricsSystemImpl (MetricsSystemImpl.java:register(276)) - Sink prometheus already exists!
2019-09-29 11:05:06,233 [main] INFO  server.BaseHttpServer (BaseHttpServer.java:updateConnectorAddress(215)) - HTTP server of HDDSDATANODE is listening at http://0.0.0.0:35182
2019-09-29 11:05:06,234 [main] INFO  impl.MetricsSystemImpl (MetricsSystemImpl.java:init(158)) - HddsDatanode metrics system started (again)
2019-09-29 11:05:06,238 [main] INFO  ozone.HddsDatanodeService (HddsDatanodeService.java:start(184)) - HddsDatanodeService host:pr-hdds-1569-lsfh5-224679870 ip:192.168.30.19
2019-09-29 11:05:06,240 [org.apache.hadoop.util.JvmPauseMonitor$Monitor@4e2e509] INFO  util.JvmPauseMonitor (JvmPauseMonitor.java:run(188)) - Starting JVM pause monitor
2019-09-29 11:05:06,247 [main] INFO  volume.HddsVolume (HddsVolume.java:<init>(176)) - Creating Volume: /workdir/hadoop-ozone/integration-test/target/test-dir/MiniOzoneClusterImpl-1c785ca3-4d8a-4703-81e1-f58f984e2e1c/datanode-1/data/containers/hdds of  storage type : DISK and capacity : 1482555576320
2019-09-29 11:05:06,249 [main] INFO  volume.VolumeSet (VolumeSet.java:initializeVolumeSet(170)) - Added Volume : /workdir/hadoop-ozone/integration-test/target/test-dir/MiniOzoneClusterImpl-1c785ca3-4d8a-4703-81e1-f58f984e2e1c/datanode-1/data/containers/hdds to VolumeSet
2019-09-29 11:05:06,250 [main] INFO  volume.ThrottledAsyncChecker (ThrottledAsyncChecker.java:schedule(139)) - Scheduling a check for org.apache.hadoop.ozone.container.common.volume.HddsVolume@656a3d6b
2019-09-29 11:05:06,251 [main] INFO  volume.HddsVolumeChecker (HddsVolumeChecker.java:checkAllVolumes(202)) - Scheduled health check for volume org.apache.hadoop.ozone.container.common.volume.HddsVolume@656a3d6b
2019-09-29 11:05:06,271 [main] INFO  impl.RaftServerProxy (ConfUtils.java:logGet(43)) - raft.rpc.type = GRPC (default)
2019-09-29 11:05:06,271 [main] INFO  grpc.GrpcFactory (GrpcFactory.java:checkPooledByteBufAllocatorUseCacheForAllThreads(45)) - PERFORMANCE WARNING: useCacheForAllThreads is true that may cause Netty to create a lot garbage objects and, as a result, trigger GC.
	It is recommended to disable useCacheForAllThreads by setting -Dorg.apache.ratis.thirdparty.io.netty.allocator.useCacheForAllThreads=false in command line.
2019-09-29 11:05:06,272 [main] INFO  grpc.GrpcConfigKeys$Server (ConfUtils.java:logGet(43)) - raft.grpc.server.port = 0 (default)
2019-09-29 11:05:06,272 [main] INFO  server.GrpcService (ConfUtils.java:logGet(43)) - raft.grpc.message.size.max = 33570816 (custom)
2019-09-29 11:05:06,272 [main] INFO  server.RaftServerConfigKeys (ConfUtils.java:logGet(43)) - raft.server.log.appender.buffer.byte-limit = 33554432 (custom)
2019-09-29 11:05:06,272 [main] INFO  server.GrpcService (ConfUtils.java:logGet(43)) - raft.grpc.flow.control.window = 1MB (=1048576) (default)
2019-09-29 11:05:06,273 [main] INFO  server.RaftServerConfigKeys (ConfUtils.java:logGet(43)) - raft.server.rpc.request.timeout = 3000ms (default)
2019-09-29 11:05:06,273 [main] INFO  server.RaftServerConfigKeys (ConfUtils.java:logGet(43)) - raft.server.storage.dir = [/workdir/hadoop-ozone/integration-test/target/test-dir/MiniOzoneClusterImpl-1c785ca3-4d8a-4703-81e1-f58f984e2e1c/datanode-1/data/ratis] (custom)
2019-09-29 11:05:06,276 [main] INFO  hdfs.DFSUtil (DFSUtil.java:httpServerTemplateForNNAndJN(1641)) - Starting Web-server for hddsDatanode at: http://0.0.0.0:0
2019-09-29 11:05:06,278 [main] INFO  server.AuthenticationFilter (AuthenticationFilter.java:constructSecretProvider(240)) - Unable to initialize FileSignerSecretProvider, falling back to use random secrets.
2019-09-29 11:05:06,278 [main] WARN  http.HttpRequestLog (HttpRequestLog.java:getRequestLog(97)) - Jetty request log can only be enabled using Log4j
2019-09-29 11:05:06,280 [main] INFO  http.HttpServer2 (HttpServer2.java:addGlobalFilter(975)) - Added global filter 'safety' (class=org.apache.hadoop.http.HttpServer2$QuotingInputFilter)
2019-09-29 11:05:06,281 [main] INFO  http.HttpServer2 (HttpServer2.java:addFilter(948)) - Added filter static_user_filter (class=org.apache.hadoop.http.lib.StaticUserWebFilter$StaticUserFilter) to context hddsDatanode
2019-09-29 11:05:06,281 [main] INFO  http.HttpServer2 (HttpServer2.java:addFilter(958)) - Added filter static_user_filter (class=org.apache.hadoop.http.lib.StaticUserWebFilter$StaticUserFilter) to context static
2019-09-29 11:05:06,281 [main] INFO  http.HttpServer2 (HttpServer2.java:addFilter(958)) - Added filter static_user_filter (class=org.apache.hadoop.http.lib.StaticUserWebFilter$StaticUserFilter) to context logs
2019-09-29 11:05:06,282 [main] INFO  http.HttpServer2 (HttpServer2.java:bindListener(1191)) - Jetty bound to port 42920
2019-09-29 11:05:06,282 [main] INFO  server.Server (Server.java:doStart(351)) - jetty-9.3.25.v20180904, build timestamp: 2018-09-04T21:11:46Z, git hash: 3ce520221d0240229c862b122d2b06c12a625732
2019-09-29 11:05:06,285 [main] INFO  handler.ContextHandler (ContextHandler.java:doStart(781)) - Started o.e.j.s.ServletContextHandler@623e0631{/logs,file:///workdir/hadoop-ozone/integration-test/target/log,AVAILABLE}
2019-09-29 11:05:06,285 [main] INFO  handler.ContextHandler (ContextHandler.java:doStart(781)) - Started o.e.j.s.ServletContextHandler@385dfb63{/static,jar:file:/home/user/.m2/repository/org/apache/hadoop/hadoop-hdds-container-service/0.5.0-SNAPSHOT/hadoop-hdds-container-service-0.5.0-SNAPSHOT.jar!/webapps/static,AVAILABLE}
2019-09-29 11:05:06,322 [main] INFO  handler.ContextHandler (ContextHandler.java:doStart(781)) - Started o.e.j.w.WebAppContext@7d42404e{/,file:///workdir/hadoop-ozone/integration-test/target/tmp/kms/webapp/,AVAILABLE}{/hddsDatanode}
2019-09-29 11:05:06,322 [main] INFO  server.AbstractConnector (AbstractConnector.java:doStart(278)) - Started ServerConnector@6af5b246{HTTP/1.1,[http/1.1]}{0.0.0.0:42920}
2019-09-29 11:05:06,323 [main] INFO  server.Server (Server.java:doStart(419)) - Started @7079ms
2019-09-29 11:05:06,324 [main] WARN  impl.MetricsSystemImpl (MetricsSystemImpl.java:register(276)) - Sink prometheus already exists!
2019-09-29 11:05:06,325 [main] INFO  server.BaseHttpServer (BaseHttpServer.java:updateConnectorAddress(215)) - HTTP server of HDDSDATANODE is listening at http://0.0.0.0:42920
2019-09-29 11:05:06,325 [main] INFO  impl.MetricsSystemImpl (MetricsSystemImpl.java:init(158)) - HddsDatanode metrics system started (again)
2019-09-29 11:05:06,329 [main] INFO  ozone.HddsDatanodeService (HddsDatanodeService.java:start(184)) - HddsDatanodeService host:pr-hdds-1569-lsfh5-224679870 ip:192.168.30.19
2019-09-29 11:05:06,329 [org.apache.hadoop.util.JvmPauseMonitor$Monitor@26b9741d] INFO  util.JvmPauseMonitor (JvmPauseMonitor.java:run(188)) - Starting JVM pause monitor
2019-09-29 11:05:06,339 [main] INFO  volume.HddsVolume (HddsVolume.java:<init>(176)) - Creating Volume: /workdir/hadoop-ozone/integration-test/target/test-dir/MiniOzoneClusterImpl-1c785ca3-4d8a-4703-81e1-f58f984e2e1c/datanode-2/data/containers/hdds of  storage type : DISK and capacity : 1482555576320
2019-09-29 11:05:06,340 [main] INFO  volume.VolumeSet (VolumeSet.java:initializeVolumeSet(170)) - Added Volume : /workdir/hadoop-ozone/integration-test/target/test-dir/MiniOzoneClusterImpl-1c785ca3-4d8a-4703-81e1-f58f984e2e1c/datanode-2/data/containers/hdds to VolumeSet
2019-09-29 11:05:06,340 [main] INFO  volume.ThrottledAsyncChecker (ThrottledAsyncChecker.java:schedule(139)) - Scheduling a check for org.apache.hadoop.ozone.container.common.volume.HddsVolume@23cd5d42
2019-09-29 11:05:06,341 [main] INFO  volume.HddsVolumeChecker (HddsVolumeChecker.java:checkAllVolumes(202)) - Scheduled health check for volume org.apache.hadoop.ozone.container.common.volume.HddsVolume@23cd5d42
2019-09-29 11:05:06,357 [main] INFO  impl.RaftServerProxy (ConfUtils.java:logGet(43)) - raft.rpc.type = GRPC (default)
2019-09-29 11:05:06,357 [main] INFO  grpc.GrpcFactory (GrpcFactory.java:checkPooledByteBufAllocatorUseCacheForAllThreads(45)) - PERFORMANCE WARNING: useCacheForAllThreads is true that may cause Netty to create a lot garbage objects and, as a result, trigger GC.
	It is recommended to disable useCacheForAllThreads by setting -Dorg.apache.ratis.thirdparty.io.netty.allocator.useCacheForAllThreads=false in command line.
2019-09-29 11:05:06,357 [main] INFO  grpc.GrpcConfigKeys$Server (ConfUtils.java:logGet(43)) - raft.grpc.server.port = 0 (default)
2019-09-29 11:05:06,357 [main] INFO  server.GrpcService (ConfUtils.java:logGet(43)) - raft.grpc.message.size.max = 33570816 (custom)
2019-09-29 11:05:06,358 [main] INFO  server.RaftServerConfigKeys (ConfUtils.java:logGet(43)) - raft.server.log.appender.buffer.byte-limit = 33554432 (custom)
2019-09-29 11:05:06,358 [main] INFO  server.GrpcService (ConfUtils.java:logGet(43)) - raft.grpc.flow.control.window = 1MB (=1048576) (default)
2019-09-29 11:05:06,358 [main] INFO  server.RaftServerConfigKeys (ConfUtils.java:logGet(43)) - raft.server.rpc.request.timeout = 3000ms (default)
2019-09-29 11:05:06,359 [main] INFO  server.RaftServerConfigKeys (ConfUtils.java:logGet(43)) - raft.server.storage.dir = [/workdir/hadoop-ozone/integration-test/target/test-dir/MiniOzoneClusterImpl-1c785ca3-4d8a-4703-81e1-f58f984e2e1c/datanode-2/data/ratis] (custom)
2019-09-29 11:05:06,361 [main] INFO  hdfs.DFSUtil (DFSUtil.java:httpServerTemplateForNNAndJN(1641)) - Starting Web-server for hddsDatanode at: http://0.0.0.0:0
2019-09-29 11:05:06,362 [main] INFO  server.AuthenticationFilter (AuthenticationFilter.java:constructSecretProvider(240)) - Unable to initialize FileSignerSecretProvider, falling back to use random secrets.
2019-09-29 11:05:06,363 [main] WARN  http.HttpRequestLog (HttpRequestLog.java:getRequestLog(97)) - Jetty request log can only be enabled using Log4j
2019-09-29 11:05:06,364 [main] INFO  http.HttpServer2 (HttpServer2.java:addGlobalFilter(975)) - Added global filter 'safety' (class=org.apache.hadoop.http.HttpServer2$QuotingInputFilter)
2019-09-29 11:05:06,365 [main] INFO  http.HttpServer2 (HttpServer2.java:addFilter(948)) - Added filter static_user_filter (class=org.apache.hadoop.http.lib.StaticUserWebFilter$StaticUserFilter) to context hddsDatanode
2019-09-29 11:05:06,365 [main] INFO  http.HttpServer2 (HttpServer2.java:addFilter(958)) - Added filter static_user_filter (class=org.apache.hadoop.http.lib.StaticUserWebFilter$StaticUserFilter) to context logs
2019-09-29 11:05:06,365 [main] INFO  http.HttpServer2 (HttpServer2.java:addFilter(958)) - Added filter static_user_filter (class=org.apache.hadoop.http.lib.StaticUserWebFilter$StaticUserFilter) to context static
2019-09-29 11:05:06,366 [main] INFO  http.HttpServer2 (HttpServer2.java:bindListener(1191)) - Jetty bound to port 32834
2019-09-29 11:05:06,366 [main] INFO  server.Server (Server.java:doStart(351)) - jetty-9.3.25.v20180904, build timestamp: 2018-09-04T21:11:46Z, git hash: 3ce520221d0240229c862b122d2b06c12a625732
2019-09-29 11:05:06,370 [main] INFO  handler.ContextHandler (ContextHandler.java:doStart(781)) - Started o.e.j.s.ServletContextHandler@1c628f6a{/logs,file:///workdir/hadoop-ozone/integration-test/target/log,AVAILABLE}
2019-09-29 11:05:06,371 [main] INFO  handler.ContextHandler (ContextHandler.java:doStart(781)) - Started o.e.j.s.ServletContextHandler@747835f5{/static,jar:file:/home/user/.m2/repository/org/apache/hadoop/hadoop-hdds-container-service/0.5.0-SNAPSHOT/hadoop-hdds-container-service-0.5.0-SNAPSHOT.jar!/webapps/static,AVAILABLE}
2019-09-29 11:05:06,376 [Datanode State Machine Thread - 0] INFO  datanode.InitDatanodeState (InitDatanodeState.java:persistContainerDatanodeDetails(140)) - DatanodeDetails is persisted to /workdir/hadoop-ozone/integration-test/target/test-dir/MiniOzoneClusterImpl-1c785ca3-4d8a-4703-81e1-f58f984e2e1c/datanode-0/meta/datanode.id
2019-09-29 11:05:06,381 [Datanode State Machine Thread - 0] INFO  datanode.InitDatanodeState (InitDatanodeState.java:persistContainerDatanodeDetails(140)) - DatanodeDetails is persisted to /workdir/hadoop-ozone/integration-test/target/test-dir/MiniOzoneClusterImpl-1c785ca3-4d8a-4703-81e1-f58f984e2e1c/datanode-1/meta/datanode.id
2019-09-29 11:05:06,403 [main] INFO  handler.ContextHandler (ContextHandler.java:doStart(781)) - Started o.e.j.w.WebAppContext@499ee966{/,file:///workdir/hadoop-ozone/integration-test/target/tmp/kms/webapp/,AVAILABLE}{/hddsDatanode}
2019-09-29 11:05:06,403 [main] INFO  server.AbstractConnector (AbstractConnector.java:doStart(278)) - Started ServerConnector@76f2dad9{HTTP/1.1,[http/1.1]}{0.0.0.0:32834}
2019-09-29 11:05:06,404 [main] INFO  server.Server (Server.java:doStart(419)) - Started @7159ms
2019-09-29 11:05:06,407 [main] WARN  impl.MetricsSystemImpl (MetricsSystemImpl.java:register(276)) - Sink prometheus already exists!
2019-09-29 11:05:06,408 [main] INFO  server.BaseHttpServer (BaseHttpServer.java:updateConnectorAddress(215)) - HTTP server of HDDSDATANODE is listening at http://0.0.0.0:32834
2019-09-29 11:05:06,408 [main] INFO  impl.MetricsSystemImpl (MetricsSystemImpl.java:init(158)) - HddsDatanode metrics system started (again)
2019-09-29 11:05:06,412 [org.apache.hadoop.util.JvmPauseMonitor$Monitor@5da3b902] INFO  util.JvmPauseMonitor (JvmPauseMonitor.java:run(188)) - Starting JVM pause monitor
2019-09-29 11:05:06,413 [main] INFO  ozone.HddsDatanodeService (HddsDatanodeService.java:start(184)) - HddsDatanodeService host:pr-hdds-1569-lsfh5-224679870 ip:192.168.30.19
2019-09-29 11:05:06,415 [Datanode State Machine Thread - 0] INFO  datanode.InitDatanodeState (InitDatanodeState.java:persistContainerDatanodeDetails(140)) - DatanodeDetails is persisted to /workdir/hadoop-ozone/integration-test/target/test-dir/MiniOzoneClusterImpl-1c785ca3-4d8a-4703-81e1-f58f984e2e1c/datanode-2/meta/datanode.id
2019-09-29 11:05:06,421 [main] INFO  volume.HddsVolume (HddsVolume.java:<init>(176)) - Creating Volume: /workdir/hadoop-ozone/integration-test/target/test-dir/MiniOzoneClusterImpl-1c785ca3-4d8a-4703-81e1-f58f984e2e1c/datanode-3/data/containers/hdds of  storage type : DISK and capacity : 1482555576320
2019-09-29 11:05:06,422 [main] INFO  volume.VolumeSet (VolumeSet.java:initializeVolumeSet(170)) - Added Volume : /workdir/hadoop-ozone/integration-test/target/test-dir/MiniOzoneClusterImpl-1c785ca3-4d8a-4703-81e1-f58f984e2e1c/datanode-3/data/containers/hdds to VolumeSet
2019-09-29 11:05:06,422 [main] INFO  volume.ThrottledAsyncChecker (ThrottledAsyncChecker.java:schedule(139)) - Scheduling a check for org.apache.hadoop.ozone.container.common.volume.HddsVolume@aa61e4e
2019-09-29 11:05:06,423 [main] INFO  volume.HddsVolumeChecker (HddsVolumeChecker.java:checkAllVolumes(202)) - Scheduled health check for volume org.apache.hadoop.ozone.container.common.volume.HddsVolume@aa61e4e
2019-09-29 11:05:06,447 [main] INFO  impl.RaftServerProxy (ConfUtils.java:logGet(43)) - raft.rpc.type = GRPC (default)
2019-09-29 11:05:06,447 [main] INFO  grpc.GrpcFactory (GrpcFactory.java:checkPooledByteBufAllocatorUseCacheForAllThreads(45)) - PERFORMANCE WARNING: useCacheForAllThreads is true that may cause Netty to create a lot garbage objects and, as a result, trigger GC.
	It is recommended to disable useCacheForAllThreads by setting -Dorg.apache.ratis.thirdparty.io.netty.allocator.useCacheForAllThreads=false in command line.
2019-09-29 11:05:06,448 [main] INFO  grpc.GrpcConfigKeys$Server (ConfUtils.java:logGet(43)) - raft.grpc.server.port = 0 (default)
2019-09-29 11:05:06,448 [main] INFO  server.GrpcService (ConfUtils.java:logGet(43)) - raft.grpc.message.size.max = 33570816 (custom)
2019-09-29 11:05:06,448 [main] INFO  server.RaftServerConfigKeys (ConfUtils.java:logGet(43)) - raft.server.log.appender.buffer.byte-limit = 33554432 (custom)
2019-09-29 11:05:06,449 [main] INFO  server.GrpcService (ConfUtils.java:logGet(43)) - raft.grpc.flow.control.window = 1MB (=1048576) (default)
2019-09-29 11:05:06,449 [main] INFO  server.RaftServerConfigKeys (ConfUtils.java:logGet(43)) - raft.server.rpc.request.timeout = 3000ms (default)
2019-09-29 11:05:06,450 [main] INFO  server.RaftServerConfigKeys (ConfUtils.java:logGet(43)) - raft.server.storage.dir = [/workdir/hadoop-ozone/integration-test/target/test-dir/MiniOzoneClusterImpl-1c785ca3-4d8a-4703-81e1-f58f984e2e1c/datanode-3/data/ratis] (custom)
2019-09-29 11:05:06,452 [main] INFO  hdfs.DFSUtil (DFSUtil.java:httpServerTemplateForNNAndJN(1641)) - Starting Web-server for hddsDatanode at: http://0.0.0.0:0
2019-09-29 11:05:06,453 [main] INFO  server.AuthenticationFilter (AuthenticationFilter.java:constructSecretProvider(240)) - Unable to initialize FileSignerSecretProvider, falling back to use random secrets.
2019-09-29 11:05:06,454 [main] WARN  http.HttpRequestLog (HttpRequestLog.java:getRequestLog(97)) - Jetty request log can only be enabled using Log4j
2019-09-29 11:05:06,456 [main] INFO  http.HttpServer2 (HttpServer2.java:addGlobalFilter(975)) - Added global filter 'safety' (class=org.apache.hadoop.http.HttpServer2$QuotingInputFilter)
2019-09-29 11:05:06,457 [main] INFO  http.HttpServer2 (HttpServer2.java:addFilter(948)) - Added filter static_user_filter (class=org.apache.hadoop.http.lib.StaticUserWebFilter$StaticUserFilter) to context hddsDatanode
2019-09-29 11:05:06,457 [main] INFO  http.HttpServer2 (HttpServer2.java:addFilter(958)) - Added filter static_user_filter (class=org.apache.hadoop.http.lib.StaticUserWebFilter$StaticUserFilter) to context logs
2019-09-29 11:05:06,457 [main] INFO  http.HttpServer2 (HttpServer2.java:addFilter(958)) - Added filter static_user_filter (class=org.apache.hadoop.http.lib.StaticUserWebFilter$StaticUserFilter) to context static
2019-09-29 11:05:06,458 [main] INFO  http.HttpServer2 (HttpServer2.java:bindListener(1191)) - Jetty bound to port 46765
2019-09-29 11:05:06,458 [main] INFO  server.Server (Server.java:doStart(351)) - jetty-9.3.25.v20180904, build timestamp: 2018-09-04T21:11:46Z, git hash: 3ce520221d0240229c862b122d2b06c12a625732
2019-09-29 11:05:06,460 [main] INFO  handler.ContextHandler (ContextHandler.java:doStart(781)) - Started o.e.j.s.ServletContextHandler@5348d83c{/logs,file:///workdir/hadoop-ozone/integration-test/target/log,AVAILABLE}
2019-09-29 11:05:06,461 [main] INFO  handler.ContextHandler (ContextHandler.java:doStart(781)) - Started o.e.j.s.ServletContextHandler@2180e789{/static,jar:file:/home/user/.m2/repository/org/apache/hadoop/hadoop-hdds-container-service/0.5.0-SNAPSHOT/hadoop-hdds-container-service-0.5.0-SNAPSHOT.jar!/webapps/static,AVAILABLE}
2019-09-29 11:05:06,495 [main] INFO  handler.ContextHandler (ContextHandler.java:doStart(781)) - Started o.e.j.w.WebAppContext@1d15c0a1{/,file:///workdir/hadoop-ozone/integration-test/target/tmp/kms/webapp/,AVAILABLE}{/hddsDatanode}
2019-09-29 11:05:06,495 [main] INFO  server.AbstractConnector (AbstractConnector.java:doStart(278)) - Started ServerConnector@15639d09{HTTP/1.1,[http/1.1]}{0.0.0.0:46765}
2019-09-29 11:05:06,497 [main] INFO  server.Server (Server.java:doStart(419)) - Started @7252ms
2019-09-29 11:05:06,497 [main] WARN  impl.MetricsSystemImpl (MetricsSystemImpl.java:register(276)) - Sink prometheus already exists!
2019-09-29 11:05:06,498 [main] INFO  server.BaseHttpServer (BaseHttpServer.java:updateConnectorAddress(215)) - HTTP server of HDDSDATANODE is listening at http://0.0.0.0:46765
2019-09-29 11:05:06,499 [main] INFO  impl.MetricsSystemImpl (MetricsSystemImpl.java:init(158)) - HddsDatanode metrics system started (again)
2019-09-29 11:05:06,503 [org.apache.hadoop.util.JvmPauseMonitor$Monitor@58d3a4e0] INFO  util.JvmPauseMonitor (JvmPauseMonitor.java:run(188)) - Starting JVM pause monitor
2019-09-29 11:05:06,504 [main] INFO  ozone.HddsDatanodeService (HddsDatanodeService.java:start(184)) - HddsDatanodeService host:pr-hdds-1569-lsfh5-224679870 ip:192.168.30.19
2019-09-29 11:05:06,506 [Datanode State Machine Thread - 0] INFO  datanode.InitDatanodeState (InitDatanodeState.java:persistContainerDatanodeDetails(140)) - DatanodeDetails is persisted to /workdir/hadoop-ozone/integration-test/target/test-dir/MiniOzoneClusterImpl-1c785ca3-4d8a-4703-81e1-f58f984e2e1c/datanode-3/meta/datanode.id
2019-09-29 11:05:06,511 [main] INFO  volume.HddsVolume (HddsVolume.java:<init>(176)) - Creating Volume: /workdir/hadoop-ozone/integration-test/target/test-dir/MiniOzoneClusterImpl-1c785ca3-4d8a-4703-81e1-f58f984e2e1c/datanode-4/data/containers/hdds of  storage type : DISK and capacity : 1482555576320
2019-09-29 11:05:06,512 [main] INFO  volume.VolumeSet (VolumeSet.java:initializeVolumeSet(170)) - Added Volume : /workdir/hadoop-ozone/integration-test/target/test-dir/MiniOzoneClusterImpl-1c785ca3-4d8a-4703-81e1-f58f984e2e1c/datanode-4/data/containers/hdds to VolumeSet
2019-09-29 11:05:06,512 [main] INFO  volume.ThrottledAsyncChecker (ThrottledAsyncChecker.java:schedule(139)) - Scheduling a check for org.apache.hadoop.ozone.container.common.volume.HddsVolume@6acffb2d
2019-09-29 11:05:06,513 [main] INFO  volume.HddsVolumeChecker (HddsVolumeChecker.java:checkAllVolumes(202)) - Scheduled health check for volume org.apache.hadoop.ozone.container.common.volume.HddsVolume@6acffb2d
2019-09-29 11:05:06,535 [main] INFO  impl.RaftServerProxy (ConfUtils.java:logGet(43)) - raft.rpc.type = GRPC (default)
2019-09-29 11:05:06,535 [main] INFO  grpc.GrpcFactory (GrpcFactory.java:checkPooledByteBufAllocatorUseCacheForAllThreads(45)) - PERFORMANCE WARNING: useCacheForAllThreads is true that may cause Netty to create a lot garbage objects and, as a result, trigger GC.
	It is recommended to disable useCacheForAllThreads by setting -Dorg.apache.ratis.thirdparty.io.netty.allocator.useCacheForAllThreads=false in command line.
2019-09-29 11:05:06,536 [main] INFO  grpc.GrpcConfigKeys$Server (ConfUtils.java:logGet(43)) - raft.grpc.server.port = 0 (default)
2019-09-29 11:05:06,536 [main] INFO  server.GrpcService (ConfUtils.java:logGet(43)) - raft.grpc.message.size.max = 33570816 (custom)
2019-09-29 11:05:06,536 [main] INFO  server.RaftServerConfigKeys (ConfUtils.java:logGet(43)) - raft.server.log.appender.buffer.byte-limit = 33554432 (custom)
2019-09-29 11:05:06,537 [main] INFO  server.GrpcService (ConfUtils.java:logGet(43)) - raft.grpc.flow.control.window = 1MB (=1048576) (default)
2019-09-29 11:05:06,537 [main] INFO  server.RaftServerConfigKeys (ConfUtils.java:logGet(43)) - raft.server.rpc.request.timeout = 3000ms (default)
2019-09-29 11:05:06,538 [main] INFO  server.RaftServerConfigKeys (ConfUtils.java:logGet(43)) - raft.server.storage.dir = [/workdir/hadoop-ozone/integration-test/target/test-dir/MiniOzoneClusterImpl-1c785ca3-4d8a-4703-81e1-f58f984e2e1c/datanode-4/data/ratis] (custom)
2019-09-29 11:05:06,539 [main] INFO  hdfs.DFSUtil (DFSUtil.java:httpServerTemplateForNNAndJN(1641)) - Starting Web-server for hddsDatanode at: http://0.0.0.0:0
2019-09-29 11:05:06,542 [main] INFO  server.AuthenticationFilter (AuthenticationFilter.java:constructSecretProvider(240)) - Unable to initialize FileSignerSecretProvider, falling back to use random secrets.
2019-09-29 11:05:06,543 [main] WARN  http.HttpRequestLog (HttpRequestLog.java:getRequestLog(97)) - Jetty request log can only be enabled using Log4j
2019-09-29 11:05:06,546 [main] INFO  http.HttpServer2 (HttpServer2.java:addGlobalFilter(975)) - Added global filter 'safety' (class=org.apache.hadoop.http.HttpServer2$QuotingInputFilter)
2019-09-29 11:05:06,548 [main] INFO  http.HttpServer2 (HttpServer2.java:addFilter(948)) - Added filter static_user_filter (class=org.apache.hadoop.http.lib.StaticUserWebFilter$StaticUserFilter) to context hddsDatanode
2019-09-29 11:05:06,548 [main] INFO  http.HttpServer2 (HttpServer2.java:addFilter(958)) - Added filter static_user_filter (class=org.apache.hadoop.http.lib.StaticUserWebFilter$StaticUserFilter) to context logs
2019-09-29 11:05:06,549 [main] INFO  http.HttpServer2 (HttpServer2.java:addFilter(958)) - Added filter static_user_filter (class=org.apache.hadoop.http.lib.StaticUserWebFilter$StaticUserFilter) to context static
2019-09-29 11:05:06,550 [main] INFO  http.HttpServer2 (HttpServer2.java:bindListener(1191)) - Jetty bound to port 37842
2019-09-29 11:05:06,550 [main] INFO  server.Server (Server.java:doStart(351)) - jetty-9.3.25.v20180904, build timestamp: 2018-09-04T21:11:46Z, git hash: 3ce520221d0240229c862b122d2b06c12a625732
2019-09-29 11:05:06,553 [main] INFO  handler.ContextHandler (ContextHandler.java:doStart(781)) - Started o.e.j.s.ServletContextHandler@310a7859{/logs,file:///workdir/hadoop-ozone/integration-test/target/log,AVAILABLE}
2019-09-29 11:05:06,554 [main] INFO  handler.ContextHandler (ContextHandler.java:doStart(781)) - Started o.e.j.s.ServletContextHandler@4971f459{/static,jar:file:/home/user/.m2/repository/org/apache/hadoop/hadoop-hdds-container-service/0.5.0-SNAPSHOT/hadoop-hdds-container-service-0.5.0-SNAPSHOT.jar!/webapps/static,AVAILABLE}
2019-09-29 11:05:06,599 [main] INFO  handler.ContextHandler (ContextHandler.java:doStart(781)) - Started o.e.j.w.WebAppContext@260e3837{/,file:///workdir/hadoop-ozone/integration-test/target/tmp/kms/webapp/,AVAILABLE}{/hddsDatanode}
2019-09-29 11:05:06,599 [main] INFO  server.AbstractConnector (AbstractConnector.java:doStart(278)) - Started ServerConnector@88b76f2{HTTP/1.1,[http/1.1]}{0.0.0.0:37842}
2019-09-29 11:05:06,601 [main] INFO  server.Server (Server.java:doStart(419)) - Started @7356ms
2019-09-29 11:05:06,601 [main] WARN  impl.MetricsSystemImpl (MetricsSystemImpl.java:register(276)) - Sink prometheus already exists!
2019-09-29 11:05:06,602 [main] INFO  server.BaseHttpServer (BaseHttpServer.java:updateConnectorAddress(215)) - HTTP server of HDDSDATANODE is listening at http://0.0.0.0:37842
2019-09-29 11:05:06,602 [main] INFO  impl.MetricsSystemImpl (MetricsSystemImpl.java:init(158)) - HddsDatanode metrics system started (again)
2019-09-29 11:05:06,606 [org.apache.hadoop.util.JvmPauseMonitor$Monitor@375d15ac] INFO  util.JvmPauseMonitor (JvmPauseMonitor.java:run(188)) - Starting JVM pause monitor
2019-09-29 11:05:06,607 [main] INFO  ozone.HddsDatanodeService (HddsDatanodeService.java:start(184)) - HddsDatanodeService host:pr-hdds-1569-lsfh5-224679870 ip:192.168.30.19
2019-09-29 11:05:06,609 [Datanode State Machine Thread - 0] INFO  datanode.InitDatanodeState (InitDatanodeState.java:persistContainerDatanodeDetails(140)) - DatanodeDetails is persisted to /workdir/hadoop-ozone/integration-test/target/test-dir/MiniOzoneClusterImpl-1c785ca3-4d8a-4703-81e1-f58f984e2e1c/datanode-4/meta/datanode.id
2019-09-29 11:05:06,615 [main] INFO  volume.HddsVolume (HddsVolume.java:<init>(176)) - Creating Volume: /workdir/hadoop-ozone/integration-test/target/test-dir/MiniOzoneClusterImpl-1c785ca3-4d8a-4703-81e1-f58f984e2e1c/datanode-5/data/containers/hdds of  storage type : DISK and capacity : 1482555576320
2019-09-29 11:05:06,616 [main] INFO  volume.VolumeSet (VolumeSet.java:initializeVolumeSet(170)) - Added Volume : /workdir/hadoop-ozone/integration-test/target/test-dir/MiniOzoneClusterImpl-1c785ca3-4d8a-4703-81e1-f58f984e2e1c/datanode-5/data/containers/hdds to VolumeSet
2019-09-29 11:05:06,616 [main] INFO  volume.ThrottledAsyncChecker (ThrottledAsyncChecker.java:schedule(139)) - Scheduling a check for org.apache.hadoop.ozone.container.common.volume.HddsVolume@13d019a4
2019-09-29 11:05:06,617 [main] INFO  volume.HddsVolumeChecker (HddsVolumeChecker.java:checkAllVolumes(202)) - Scheduled health check for volume org.apache.hadoop.ozone.container.common.volume.HddsVolume@13d019a4
2019-09-29 11:05:06,640 [main] INFO  impl.RaftServerProxy (ConfUtils.java:logGet(43)) - raft.rpc.type = GRPC (default)
2019-09-29 11:05:06,640 [main] INFO  grpc.GrpcFactory (GrpcFactory.java:checkPooledByteBufAllocatorUseCacheForAllThreads(45)) - PERFORMANCE WARNING: useCacheForAllThreads is true that may cause Netty to create a lot garbage objects and, as a result, trigger GC.
	It is recommended to disable useCacheForAllThreads by setting -Dorg.apache.ratis.thirdparty.io.netty.allocator.useCacheForAllThreads=false in command line.
2019-09-29 11:05:06,641 [main] INFO  grpc.GrpcConfigKeys$Server (ConfUtils.java:logGet(43)) - raft.grpc.server.port = 0 (default)
2019-09-29 11:05:06,641 [main] INFO  server.GrpcService (ConfUtils.java:logGet(43)) - raft.grpc.message.size.max = 33570816 (custom)
2019-09-29 11:05:06,641 [main] INFO  server.RaftServerConfigKeys (ConfUtils.java:logGet(43)) - raft.server.log.appender.buffer.byte-limit = 33554432 (custom)
2019-09-29 11:05:06,642 [main] INFO  server.GrpcService (ConfUtils.java:logGet(43)) - raft.grpc.flow.control.window = 1MB (=1048576) (default)
2019-09-29 11:05:06,642 [main] INFO  server.RaftServerConfigKeys (ConfUtils.java:logGet(43)) - raft.server.rpc.request.timeout = 3000ms (default)
2019-09-29 11:05:06,643 [main] INFO  server.RaftServerConfigKeys (ConfUtils.java:logGet(43)) - raft.server.storage.dir = [/workdir/hadoop-ozone/integration-test/target/test-dir/MiniOzoneClusterImpl-1c785ca3-4d8a-4703-81e1-f58f984e2e1c/datanode-5/data/ratis] (custom)
2019-09-29 11:05:06,644 [main] INFO  hdfs.DFSUtil (DFSUtil.java:httpServerTemplateForNNAndJN(1641)) - Starting Web-server for hddsDatanode at: http://0.0.0.0:0
2019-09-29 11:05:06,646 [main] INFO  server.AuthenticationFilter (AuthenticationFilter.java:constructSecretProvider(240)) - Unable to initialize FileSignerSecretProvider, falling back to use random secrets.
2019-09-29 11:05:06,647 [main] WARN  http.HttpRequestLog (HttpRequestLog.java:getRequestLog(97)) - Jetty request log can only be enabled using Log4j
2019-09-29 11:05:06,649 [main] INFO  http.HttpServer2 (HttpServer2.java:addGlobalFilter(975)) - Added global filter 'safety' (class=org.apache.hadoop.http.HttpServer2$QuotingInputFilter)
2019-09-29 11:05:06,650 [main] INFO  http.HttpServer2 (HttpServer2.java:addFilter(948)) - Added filter static_user_filter (class=org.apache.hadoop.http.lib.StaticUserWebFilter$StaticUserFilter) to context hddsDatanode
2019-09-29 11:05:06,650 [main] INFO  http.HttpServer2 (HttpServer2.java:addFilter(958)) - Added filter static_user_filter (class=org.apache.hadoop.http.lib.StaticUserWebFilter$StaticUserFilter) to context logs
2019-09-29 11:05:06,650 [main] INFO  http.HttpServer2 (HttpServer2.java:addFilter(958)) - Added filter static_user_filter (class=org.apache.hadoop.http.lib.StaticUserWebFilter$StaticUserFilter) to context static
2019-09-29 11:05:06,651 [main] INFO  http.HttpServer2 (HttpServer2.java:bindListener(1191)) - Jetty bound to port 41355
2019-09-29 11:05:06,652 [main] INFO  server.Server (Server.java:doStart(351)) - jetty-9.3.25.v20180904, build timestamp: 2018-09-04T21:11:46Z, git hash: 3ce520221d0240229c862b122d2b06c12a625732
2019-09-29 11:05:06,654 [main] INFO  handler.ContextHandler (ContextHandler.java:doStart(781)) - Started o.e.j.s.ServletContextHandler@59303963{/logs,file:///workdir/hadoop-ozone/integration-test/target/log,AVAILABLE}
2019-09-29 11:05:06,654 [main] INFO  handler.ContextHandler (ContextHandler.java:doStart(781)) - Started o.e.j.s.ServletContextHandler@34330f77{/static,jar:file:/home/user/.m2/repository/org/apache/hadoop/hadoop-hdds-container-service/0.5.0-SNAPSHOT/hadoop-hdds-container-service-0.5.0-SNAPSHOT.jar!/webapps/static,AVAILABLE}
2019-09-29 11:05:06,691 [main] INFO  handler.ContextHandler (ContextHandler.java:doStart(781)) - Started o.e.j.w.WebAppContext@4b97b3d2{/,file:///workdir/hadoop-ozone/integration-test/target/tmp/kms/webapp/,AVAILABLE}{/hddsDatanode}
2019-09-29 11:05:06,691 [main] INFO  server.AbstractConnector (AbstractConnector.java:doStart(278)) - Started ServerConnector@383cb5ce{HTTP/1.1,[http/1.1]}{0.0.0.0:41355}
2019-09-29 11:05:06,693 [main] INFO  server.Server (Server.java:doStart(419)) - Started @7448ms
2019-09-29 11:05:06,693 [main] WARN  impl.MetricsSystemImpl (MetricsSystemImpl.java:register(276)) - Sink prometheus already exists!
2019-09-29 11:05:06,694 [main] INFO  server.BaseHttpServer (BaseHttpServer.java:updateConnectorAddress(215)) - HTTP server of HDDSDATANODE is listening at http://0.0.0.0:41355
2019-09-29 11:05:06,694 [main] INFO  impl.MetricsSystemImpl (MetricsSystemImpl.java:init(158)) - HddsDatanode metrics system started (again)
2019-09-29 11:05:06,702 [org.apache.hadoop.util.JvmPauseMonitor$Monitor@1b48322c] INFO  util.JvmPauseMonitor (JvmPauseMonitor.java:run(188)) - Starting JVM pause monitor
2019-09-29 11:05:06,702 [main] INFO  ozone.HddsDatanodeService (HddsDatanodeService.java:start(184)) - HddsDatanodeService host:pr-hdds-1569-lsfh5-224679870 ip:192.168.30.19
2019-09-29 11:05:06,705 [Datanode State Machine Thread - 0] INFO  datanode.InitDatanodeState (InitDatanodeState.java:persistContainerDatanodeDetails(140)) - DatanodeDetails is persisted to /workdir/hadoop-ozone/integration-test/target/test-dir/MiniOzoneClusterImpl-1c785ca3-4d8a-4703-81e1-f58f984e2e1c/datanode-5/meta/datanode.id
2019-09-29 11:05:06,710 [main] INFO  volume.HddsVolume (HddsVolume.java:<init>(176)) - Creating Volume: /workdir/hadoop-ozone/integration-test/target/test-dir/MiniOzoneClusterImpl-1c785ca3-4d8a-4703-81e1-f58f984e2e1c/datanode-6/data/containers/hdds of  storage type : DISK and capacity : 1482555576320
2019-09-29 11:05:06,710 [main] INFO  volume.VolumeSet (VolumeSet.java:initializeVolumeSet(170)) - Added Volume : /workdir/hadoop-ozone/integration-test/target/test-dir/MiniOzoneClusterImpl-1c785ca3-4d8a-4703-81e1-f58f984e2e1c/datanode-6/data/containers/hdds to VolumeSet
2019-09-29 11:05:06,710 [main] INFO  volume.ThrottledAsyncChecker (ThrottledAsyncChecker.java:schedule(139)) - Scheduling a check for org.apache.hadoop.ozone.container.common.volume.HddsVolume@ce12fbb
2019-09-29 11:05:06,711 [main] INFO  volume.HddsVolumeChecker (HddsVolumeChecker.java:checkAllVolumes(202)) - Scheduled health check for volume org.apache.hadoop.ozone.container.common.volume.HddsVolume@ce12fbb
2019-09-29 11:05:06,729 [main] INFO  impl.RaftServerProxy (ConfUtils.java:logGet(43)) - raft.rpc.type = GRPC (default)
2019-09-29 11:05:06,730 [main] INFO  grpc.GrpcFactory (GrpcFactory.java:checkPooledByteBufAllocatorUseCacheForAllThreads(45)) - PERFORMANCE WARNING: useCacheForAllThreads is true that may cause Netty to create a lot garbage objects and, as a result, trigger GC.
	It is recommended to disable useCacheForAllThreads by setting -Dorg.apache.ratis.thirdparty.io.netty.allocator.useCacheForAllThreads=false in command line.
2019-09-29 11:05:06,730 [main] INFO  grpc.GrpcConfigKeys$Server (ConfUtils.java:logGet(43)) - raft.grpc.server.port = 0 (default)
2019-09-29 11:05:06,730 [main] INFO  server.GrpcService (ConfUtils.java:logGet(43)) - raft.grpc.message.size.max = 33570816 (custom)
2019-09-29 11:05:06,730 [main] INFO  server.RaftServerConfigKeys (ConfUtils.java:logGet(43)) - raft.server.log.appender.buffer.byte-limit = 33554432 (custom)
2019-09-29 11:05:06,730 [main] INFO  server.GrpcService (ConfUtils.java:logGet(43)) - raft.grpc.flow.control.window = 1MB (=1048576) (default)
2019-09-29 11:05:06,731 [main] INFO  server.RaftServerConfigKeys (ConfUtils.java:logGet(43)) - raft.server.rpc.request.timeout = 3000ms (default)
2019-09-29 11:05:06,731 [main] INFO  server.RaftServerConfigKeys (ConfUtils.java:logGet(43)) - raft.server.storage.dir = [/workdir/hadoop-ozone/integration-test/target/test-dir/MiniOzoneClusterImpl-1c785ca3-4d8a-4703-81e1-f58f984e2e1c/datanode-6/data/ratis] (custom)
2019-09-29 11:05:06,733 [main] INFO  hdfs.DFSUtil (DFSUtil.java:httpServerTemplateForNNAndJN(1641)) - Starting Web-server for hddsDatanode at: http://0.0.0.0:0
2019-09-29 11:05:06,734 [main] INFO  server.AuthenticationFilter (AuthenticationFilter.java:constructSecretProvider(240)) - Unable to initialize FileSignerSecretProvider, falling back to use random secrets.
2019-09-29 11:05:06,735 [main] WARN  http.HttpRequestLog (HttpRequestLog.java:getRequestLog(97)) - Jetty request log can only be enabled using Log4j
2019-09-29 11:05:06,736 [main] INFO  http.HttpServer2 (HttpServer2.java:addGlobalFilter(975)) - Added global filter 'safety' (class=org.apache.hadoop.http.HttpServer2$QuotingInputFilter)
2019-09-29 11:05:06,737 [main] INFO  http.HttpServer2 (HttpServer2.java:addFilter(948)) - Added filter static_user_filter (class=org.apache.hadoop.http.lib.StaticUserWebFilter$StaticUserFilter) to context hddsDatanode
2019-09-29 11:05:06,737 [main] INFO  http.HttpServer2 (HttpServer2.java:addFilter(958)) - Added filter static_user_filter (class=org.apache.hadoop.http.lib.StaticUserWebFilter$StaticUserFilter) to context static
2019-09-29 11:05:06,737 [main] INFO  http.HttpServer2 (HttpServer2.java:addFilter(958)) - Added filter static_user_filter (class=org.apache.hadoop.http.lib.StaticUserWebFilter$StaticUserFilter) to context logs
2019-09-29 11:05:06,738 [main] INFO  http.HttpServer2 (HttpServer2.java:bindListener(1191)) - Jetty bound to port 37780
2019-09-29 11:05:06,738 [main] INFO  server.Server (Server.java:doStart(351)) - jetty-9.3.25.v20180904, build timestamp: 2018-09-04T21:11:46Z, git hash: 3ce520221d0240229c862b122d2b06c12a625732
2019-09-29 11:05:06,740 [main] INFO  handler.ContextHandler (ContextHandler.java:doStart(781)) - Started o.e.j.s.ServletContextHandler@43da0955{/logs,file:///workdir/hadoop-ozone/integration-test/target/log,AVAILABLE}
2019-09-29 11:05:06,741 [main] INFO  handler.ContextHandler (ContextHandler.java:doStart(781)) - Started o.e.j.s.ServletContextHandler@6d963d70{/static,jar:file:/home/user/.m2/repository/org/apache/hadoop/hadoop-hdds-container-service/0.5.0-SNAPSHOT/hadoop-hdds-container-service-0.5.0-SNAPSHOT.jar!/webapps/static,AVAILABLE}
2019-09-29 11:05:06,770 [main] INFO  handler.ContextHandler (ContextHandler.java:doStart(781)) - Started o.e.j.w.WebAppContext@5927f904{/,file:///workdir/hadoop-ozone/integration-test/target/tmp/kms/webapp/,AVAILABLE}{/hddsDatanode}
2019-09-29 11:05:06,770 [main] INFO  server.AbstractConnector (AbstractConnector.java:doStart(278)) - Started ServerConnector@2bb62414{HTTP/1.1,[http/1.1]}{0.0.0.0:37780}
2019-09-29 11:05:06,771 [main] INFO  server.Server (Server.java:doStart(419)) - Started @7527ms
2019-09-29 11:05:06,772 [main] WARN  impl.MetricsSystemImpl (MetricsSystemImpl.java:register(276)) - Sink prometheus already exists!
2019-09-29 11:05:06,772 [main] INFO  server.BaseHttpServer (BaseHttpServer.java:updateConnectorAddress(215)) - HTTP server of HDDSDATANODE is listening at http://0.0.0.0:37780
2019-09-29 11:05:06,773 [main] INFO  impl.MetricsSystemImpl (MetricsSystemImpl.java:init(158)) - HddsDatanode metrics system started (again)
2019-09-29 11:05:06,777 [org.apache.hadoop.util.JvmPauseMonitor$Monitor@4683420f] INFO  util.JvmPauseMonitor (JvmPauseMonitor.java:run(188)) - Starting JVM pause monitor
2019-09-29 11:05:06,777 [main] INFO  ozone.HddsDatanodeService (HddsDatanodeService.java:start(184)) - HddsDatanodeService host:pr-hdds-1569-lsfh5-224679870 ip:192.168.30.19
2019-09-29 11:05:06,780 [Datanode State Machine Thread - 0] INFO  datanode.InitDatanodeState (InitDatanodeState.java:persistContainerDatanodeDetails(140)) - DatanodeDetails is persisted to /workdir/hadoop-ozone/integration-test/target/test-dir/MiniOzoneClusterImpl-1c785ca3-4d8a-4703-81e1-f58f984e2e1c/datanode-6/meta/datanode.id
2019-09-29 11:05:06,846 [main] INFO  volume.HddsVolume (HddsVolume.java:<init>(176)) - Creating Volume: /workdir/hadoop-ozone/integration-test/target/test-dir/MiniOzoneClusterImpl-1c785ca3-4d8a-4703-81e1-f58f984e2e1c/datanode-7/data/containers/hdds of  storage type : DISK and capacity : 1482555576320
2019-09-29 11:05:06,847 [main] INFO  volume.VolumeSet (VolumeSet.java:initializeVolumeSet(170)) - Added Volume : /workdir/hadoop-ozone/integration-test/target/test-dir/MiniOzoneClusterImpl-1c785ca3-4d8a-4703-81e1-f58f984e2e1c/datanode-7/data/containers/hdds to VolumeSet
2019-09-29 11:05:06,848 [main] INFO  volume.ThrottledAsyncChecker (ThrottledAsyncChecker.java:schedule(139)) - Scheduling a check for org.apache.hadoop.ozone.container.common.volume.HddsVolume@10f477e2
2019-09-29 11:05:06,850 [main] INFO  volume.HddsVolumeChecker (HddsVolumeChecker.java:checkAllVolumes(202)) - Scheduled health check for volume org.apache.hadoop.ozone.container.common.volume.HddsVolume@10f477e2
2019-09-29 11:05:06,891 [main] INFO  impl.RaftServerProxy (ConfUtils.java:logGet(43)) - raft.rpc.type = GRPC (default)
2019-09-29 11:05:06,891 [main] INFO  grpc.GrpcFactory (GrpcFactory.java:checkPooledByteBufAllocatorUseCacheForAllThreads(45)) - PERFORMANCE WARNING: useCacheForAllThreads is true that may cause Netty to create a lot garbage objects and, as a result, trigger GC.
	It is recommended to disable useCacheForAllThreads by setting -Dorg.apache.ratis.thirdparty.io.netty.allocator.useCacheForAllThreads=false in command line.
2019-09-29 11:05:06,891 [main] INFO  grpc.GrpcConfigKeys$Server (ConfUtils.java:logGet(43)) - raft.grpc.server.port = 0 (default)
2019-09-29 11:05:06,892 [main] INFO  server.GrpcService (ConfUtils.java:logGet(43)) - raft.grpc.message.size.max = 33570816 (custom)
2019-09-29 11:05:06,892 [main] INFO  server.RaftServerConfigKeys (ConfUtils.java:logGet(43)) - raft.server.log.appender.buffer.byte-limit = 33554432 (custom)
2019-09-29 11:05:06,892 [main] INFO  server.GrpcService (ConfUtils.java:logGet(43)) - raft.grpc.flow.control.window = 1MB (=1048576) (default)
2019-09-29 11:05:06,893 [main] INFO  server.RaftServerConfigKeys (ConfUtils.java:logGet(43)) - raft.server.rpc.request.timeout = 3000ms (default)
2019-09-29 11:05:06,893 [main] INFO  server.RaftServerConfigKeys (ConfUtils.java:logGet(43)) - raft.server.storage.dir = [/workdir/hadoop-ozone/integration-test/target/test-dir/MiniOzoneClusterImpl-1c785ca3-4d8a-4703-81e1-f58f984e2e1c/datanode-7/data/ratis] (custom)
2019-09-29 11:05:06,895 [main] INFO  hdfs.DFSUtil (DFSUtil.java:httpServerTemplateForNNAndJN(1641)) - Starting Web-server for hddsDatanode at: http://0.0.0.0:0
2019-09-29 11:05:06,897 [main] INFO  server.AuthenticationFilter (AuthenticationFilter.java:constructSecretProvider(240)) - Unable to initialize FileSignerSecretProvider, falling back to use random secrets.
2019-09-29 11:05:06,898 [main] WARN  http.HttpRequestLog (HttpRequestLog.java:getRequestLog(97)) - Jetty request log can only be enabled using Log4j
2019-09-29 11:05:06,900 [main] INFO  http.HttpServer2 (HttpServer2.java:addGlobalFilter(975)) - Added global filter 'safety' (class=org.apache.hadoop.http.HttpServer2$QuotingInputFilter)
2019-09-29 11:05:06,901 [main] INFO  http.HttpServer2 (HttpServer2.java:addFilter(948)) - Added filter static_user_filter (class=org.apache.hadoop.http.lib.StaticUserWebFilter$StaticUserFilter) to context hddsDatanode
2019-09-29 11:05:06,901 [main] INFO  http.HttpServer2 (HttpServer2.java:addFilter(958)) - Added filter static_user_filter (class=org.apache.hadoop.http.lib.StaticUserWebFilter$StaticUserFilter) to context logs
2019-09-29 11:05:06,902 [main] INFO  http.HttpServer2 (HttpServer2.java:addFilter(958)) - Added filter static_user_filter (class=org.apache.hadoop.http.lib.StaticUserWebFilter$StaticUserFilter) to context static
2019-09-29 11:05:06,902 [main] INFO  http.HttpServer2 (HttpServer2.java:bindListener(1191)) - Jetty bound to port 39903
2019-09-29 11:05:06,903 [main] INFO  server.Server (Server.java:doStart(351)) - jetty-9.3.25.v20180904, build timestamp: 2018-09-04T21:11:46Z, git hash: 3ce520221d0240229c862b122d2b06c12a625732
2019-09-29 11:05:06,905 [main] INFO  handler.ContextHandler (ContextHandler.java:doStart(781)) - Started o.e.j.s.ServletContextHandler@59636c47{/logs,file:///workdir/hadoop-ozone/integration-test/target/log,AVAILABLE}
2019-09-29 11:05:06,905 [main] INFO  handler.ContextHandler (ContextHandler.java:doStart(781)) - Started o.e.j.s.ServletContextHandler@6cbb175{/static,jar:file:/home/user/.m2/repository/org/apache/hadoop/hadoop-hdds-container-service/0.5.0-SNAPSHOT/hadoop-hdds-container-service-0.5.0-SNAPSHOT.jar!/webapps/static,AVAILABLE}
2019-09-29 11:05:06,944 [main] INFO  handler.ContextHandler (ContextHandler.java:doStart(781)) - Started o.e.j.w.WebAppContext@53eba4b8{/,file:///workdir/hadoop-ozone/integration-test/target/tmp/kms/webapp/,AVAILABLE}{/hddsDatanode}
2019-09-29 11:05:06,944 [main] INFO  server.AbstractConnector (AbstractConnector.java:doStart(278)) - Started ServerConnector@437bd805{HTTP/1.1,[http/1.1]}{0.0.0.0:39903}
2019-09-29 11:05:06,945 [main] INFO  server.Server (Server.java:doStart(419)) - Started @7701ms
2019-09-29 11:05:06,946 [main] WARN  impl.MetricsSystemImpl (MetricsSystemImpl.java:register(276)) - Sink prometheus already exists!
2019-09-29 11:05:06,946 [main] INFO  server.BaseHttpServer (BaseHttpServer.java:updateConnectorAddress(215)) - HTTP server of HDDSDATANODE is listening at http://0.0.0.0:39903
2019-09-29 11:05:06,946 [main] INFO  impl.MetricsSystemImpl (MetricsSystemImpl.java:init(158)) - HddsDatanode metrics system started (again)
2019-09-29 11:05:06,951 [org.apache.hadoop.util.JvmPauseMonitor$Monitor@4bb8cd77] INFO  util.JvmPauseMonitor (JvmPauseMonitor.java:run(188)) - Starting JVM pause monitor
2019-09-29 11:05:06,951 [main] INFO  ozone.HddsDatanodeService (HddsDatanodeService.java:start(184)) - HddsDatanodeService host:pr-hdds-1569-lsfh5-224679870 ip:192.168.30.19
2019-09-29 11:05:06,953 [Datanode State Machine Thread - 0] INFO  datanode.InitDatanodeState (InitDatanodeState.java:persistContainerDatanodeDetails(140)) - DatanodeDetails is persisted to /workdir/hadoop-ozone/integration-test/target/test-dir/MiniOzoneClusterImpl-1c785ca3-4d8a-4703-81e1-f58f984e2e1c/datanode-7/meta/datanode.id
2019-09-29 11:05:06,959 [main] INFO  volume.HddsVolume (HddsVolume.java:<init>(176)) - Creating Volume: /workdir/hadoop-ozone/integration-test/target/test-dir/MiniOzoneClusterImpl-1c785ca3-4d8a-4703-81e1-f58f984e2e1c/datanode-8/data/containers/hdds of  storage type : DISK and capacity : 1482555576320
2019-09-29 11:05:06,959 [main] INFO  volume.VolumeSet (VolumeSet.java:initializeVolumeSet(170)) - Added Volume : /workdir/hadoop-ozone/integration-test/target/test-dir/MiniOzoneClusterImpl-1c785ca3-4d8a-4703-81e1-f58f984e2e1c/datanode-8/data/containers/hdds to VolumeSet
2019-09-29 11:05:06,959 [main] INFO  volume.ThrottledAsyncChecker (ThrottledAsyncChecker.java:schedule(139)) - Scheduling a check for org.apache.hadoop.ozone.container.common.volume.HddsVolume@72ce812e
2019-09-29 11:05:06,960 [main] INFO  volume.HddsVolumeChecker (HddsVolumeChecker.java:checkAllVolumes(202)) - Scheduled health check for volume org.apache.hadoop.ozone.container.common.volume.HddsVolume@72ce812e
2019-09-29 11:05:06,976 [main] INFO  impl.RaftServerProxy (ConfUtils.java:logGet(43)) - raft.rpc.type = GRPC (default)
2019-09-29 11:05:06,977 [main] INFO  grpc.GrpcFactory (GrpcFactory.java:checkPooledByteBufAllocatorUseCacheForAllThreads(45)) - PERFORMANCE WARNING: useCacheForAllThreads is true that may cause Netty to create a lot garbage objects and, as a result, trigger GC.
	It is recommended to disable useCacheForAllThreads by setting -Dorg.apache.ratis.thirdparty.io.netty.allocator.useCacheForAllThreads=false in command line.
2019-09-29 11:05:06,977 [main] INFO  grpc.GrpcConfigKeys$Server (ConfUtils.java:logGet(43)) - raft.grpc.server.port = 0 (default)
2019-09-29 11:05:06,977 [main] INFO  server.GrpcService (ConfUtils.java:logGet(43)) - raft.grpc.message.size.max = 33570816 (custom)
2019-09-29 11:05:06,977 [main] INFO  server.RaftServerConfigKeys (ConfUtils.java:logGet(43)) - raft.server.log.appender.buffer.byte-limit = 33554432 (custom)
2019-09-29 11:05:06,977 [main] INFO  server.GrpcService (ConfUtils.java:logGet(43)) - raft.grpc.flow.control.window = 1MB (=1048576) (default)
2019-09-29 11:05:06,977 [main] INFO  server.RaftServerConfigKeys (ConfUtils.java:logGet(43)) - raft.server.rpc.request.timeout = 3000ms (default)
2019-09-29 11:05:06,978 [main] INFO  server.RaftServerConfigKeys (ConfUtils.java:logGet(43)) - raft.server.storage.dir = [/workdir/hadoop-ozone/integration-test/target/test-dir/MiniOzoneClusterImpl-1c785ca3-4d8a-4703-81e1-f58f984e2e1c/datanode-8/data/ratis] (custom)
2019-09-29 11:05:06,979 [main] INFO  hdfs.DFSUtil (DFSUtil.java:httpServerTemplateForNNAndJN(1641)) - Starting Web-server for hddsDatanode at: http://0.0.0.0:0
2019-09-29 11:05:06,981 [main] INFO  server.AuthenticationFilter (AuthenticationFilter.java:constructSecretProvider(240)) - Unable to initialize FileSignerSecretProvider, falling back to use random secrets.
2019-09-29 11:05:06,981 [main] WARN  http.HttpRequestLog (HttpRequestLog.java:getRequestLog(97)) - Jetty request log can only be enabled using Log4j
2019-09-29 11:05:06,983 [main] INFO  http.HttpServer2 (HttpServer2.java:addGlobalFilter(975)) - Added global filter 'safety' (class=org.apache.hadoop.http.HttpServer2$QuotingInputFilter)
2019-09-29 11:05:06,983 [main] INFO  http.HttpServer2 (HttpServer2.java:addFilter(948)) - Added filter static_user_filter (class=org.apache.hadoop.http.lib.StaticUserWebFilter$StaticUserFilter) to context hddsDatanode
2019-09-29 11:05:06,983 [main] INFO  http.HttpServer2 (HttpServer2.java:addFilter(958)) - Added filter static_user_filter (class=org.apache.hadoop.http.lib.StaticUserWebFilter$StaticUserFilter) to context logs
2019-09-29 11:05:06,983 [main] INFO  http.HttpServer2 (HttpServer2.java:addFilter(958)) - Added filter static_user_filter (class=org.apache.hadoop.http.lib.StaticUserWebFilter$StaticUserFilter) to context static
2019-09-29 11:05:06,984 [main] INFO  http.HttpServer2 (HttpServer2.java:bindListener(1191)) - Jetty bound to port 41891
2019-09-29 11:05:06,984 [main] INFO  server.Server (Server.java:doStart(351)) - jetty-9.3.25.v20180904, build timestamp: 2018-09-04T21:11:46Z, git hash: 3ce520221d0240229c862b122d2b06c12a625732
2019-09-29 11:05:06,986 [main] INFO  handler.ContextHandler (ContextHandler.java:doStart(781)) - Started o.e.j.s.ServletContextHandler@7f0a133d{/logs,file:///workdir/hadoop-ozone/integration-test/target/log,AVAILABLE}
2019-09-29 11:05:06,986 [main] INFO  handler.ContextHandler (ContextHandler.java:doStart(781)) - Started o.e.j.s.ServletContextHandler@715fa8c5{/static,jar:file:/home/user/.m2/repository/org/apache/hadoop/hadoop-hdds-container-service/0.5.0-SNAPSHOT/hadoop-hdds-container-service-0.5.0-SNAPSHOT.jar!/webapps/static,AVAILABLE}
2019-09-29 11:05:07,014 [main] INFO  handler.ContextHandler (ContextHandler.java:doStart(781)) - Started o.e.j.w.WebAppContext@724bf25f{/,file:///workdir/hadoop-ozone/integration-test/target/tmp/kms/webapp/,AVAILABLE}{/hddsDatanode}
2019-09-29 11:05:07,015 [main] INFO  server.AbstractConnector (AbstractConnector.java:doStart(278)) - Started ServerConnector@2abafa97{HTTP/1.1,[http/1.1]}{0.0.0.0:41891}
2019-09-29 11:05:07,016 [main] INFO  server.Server (Server.java:doStart(419)) - Started @7771ms
2019-09-29 11:05:07,016 [main] WARN  impl.MetricsSystemImpl (MetricsSystemImpl.java:register(276)) - Sink prometheus already exists!
2019-09-29 11:05:07,016 [main] INFO  server.BaseHttpServer (BaseHttpServer.java:updateConnectorAddress(215)) - HTTP server of HDDSDATANODE is listening at http://0.0.0.0:41891
2019-09-29 11:05:07,016 [main] INFO  impl.MetricsSystemImpl (MetricsSystemImpl.java:init(158)) - HddsDatanode metrics system started (again)
2019-09-29 11:05:07,021 [org.apache.hadoop.util.JvmPauseMonitor$Monitor@3854f86f] INFO  util.JvmPauseMonitor (JvmPauseMonitor.java:run(188)) - Starting JVM pause monitor
2019-09-29 11:05:07,021 [main] INFO  ozone.HddsDatanodeService (HddsDatanodeService.java:start(184)) - HddsDatanodeService host:pr-hdds-1569-lsfh5-224679870 ip:192.168.30.19
2019-09-29 11:05:07,022 [Datanode State Machine Thread - 0] INFO  datanode.InitDatanodeState (InitDatanodeState.java:persistContainerDatanodeDetails(140)) - DatanodeDetails is persisted to /workdir/hadoop-ozone/integration-test/target/test-dir/MiniOzoneClusterImpl-1c785ca3-4d8a-4703-81e1-f58f984e2e1c/datanode-8/meta/datanode.id
2019-09-29 11:05:07,028 [main] INFO  volume.HddsVolume (HddsVolume.java:<init>(176)) - Creating Volume: /workdir/hadoop-ozone/integration-test/target/test-dir/MiniOzoneClusterImpl-1c785ca3-4d8a-4703-81e1-f58f984e2e1c/datanode-9/data/containers/hdds of  storage type : DISK and capacity : 1482555576320
2019-09-29 11:05:07,028 [main] INFO  volume.VolumeSet (VolumeSet.java:initializeVolumeSet(170)) - Added Volume : /workdir/hadoop-ozone/integration-test/target/test-dir/MiniOzoneClusterImpl-1c785ca3-4d8a-4703-81e1-f58f984e2e1c/datanode-9/data/containers/hdds to VolumeSet
2019-09-29 11:05:07,029 [main] INFO  volume.ThrottledAsyncChecker (ThrottledAsyncChecker.java:schedule(139)) - Scheduling a check for org.apache.hadoop.ozone.container.common.volume.HddsVolume@26582ca
2019-09-29 11:05:07,029 [main] INFO  volume.HddsVolumeChecker (HddsVolumeChecker.java:checkAllVolumes(202)) - Scheduled health check for volume org.apache.hadoop.ozone.container.common.volume.HddsVolume@26582ca
2019-09-29 11:05:07,042 [main] INFO  impl.RaftServerProxy (ConfUtils.java:logGet(43)) - raft.rpc.type = GRPC (default)
2019-09-29 11:05:07,042 [main] INFO  grpc.GrpcFactory (GrpcFactory.java:checkPooledByteBufAllocatorUseCacheForAllThreads(45)) - PERFORMANCE WARNING: useCacheForAllThreads is true that may cause Netty to create a lot garbage objects and, as a result, trigger GC.
	It is recommended to disable useCacheForAllThreads by setting -Dorg.apache.ratis.thirdparty.io.netty.allocator.useCacheForAllThreads=false in command line.
2019-09-29 11:05:07,043 [main] INFO  grpc.GrpcConfigKeys$Server (ConfUtils.java:logGet(43)) - raft.grpc.server.port = 0 (default)
2019-09-29 11:05:07,043 [main] INFO  server.GrpcService (ConfUtils.java:logGet(43)) - raft.grpc.message.size.max = 33570816 (custom)
2019-09-29 11:05:07,043 [main] INFO  server.RaftServerConfigKeys (ConfUtils.java:logGet(43)) - raft.server.log.appender.buffer.byte-limit = 33554432 (custom)
2019-09-29 11:05:07,043 [main] INFO  server.GrpcService (ConfUtils.java:logGet(43)) - raft.grpc.flow.control.window = 1MB (=1048576) (default)
2019-09-29 11:05:07,043 [main] INFO  server.RaftServerConfigKeys (ConfUtils.java:logGet(43)) - raft.server.rpc.request.timeout = 3000ms (default)
2019-09-29 11:05:07,044 [main] INFO  server.RaftServerConfigKeys (ConfUtils.java:logGet(43)) - raft.server.storage.dir = [/workdir/hadoop-ozone/integration-test/target/test-dir/MiniOzoneClusterImpl-1c785ca3-4d8a-4703-81e1-f58f984e2e1c/datanode-9/data/ratis] (custom)
2019-09-29 11:05:07,045 [main] INFO  hdfs.DFSUtil (DFSUtil.java:httpServerTemplateForNNAndJN(1641)) - Starting Web-server for hddsDatanode at: http://0.0.0.0:0
2019-09-29 11:05:07,046 [main] INFO  server.AuthenticationFilter (AuthenticationFilter.java:constructSecretProvider(240)) - Unable to initialize FileSignerSecretProvider, falling back to use random secrets.
2019-09-29 11:05:07,046 [main] WARN  http.HttpRequestLog (HttpRequestLog.java:getRequestLog(97)) - Jetty request log can only be enabled using Log4j
2019-09-29 11:05:07,048 [main] INFO  http.HttpServer2 (HttpServer2.java:addGlobalFilter(975)) - Added global filter 'safety' (class=org.apache.hadoop.http.HttpServer2$QuotingInputFilter)
2019-09-29 11:05:07,048 [main] INFO  http.HttpServer2 (HttpServer2.java:addFilter(948)) - Added filter static_user_filter (class=org.apache.hadoop.http.lib.StaticUserWebFilter$StaticUserFilter) to context hddsDatanode
2019-09-29 11:05:07,049 [main] INFO  http.HttpServer2 (HttpServer2.java:addFilter(958)) - Added filter static_user_filter (class=org.apache.hadoop.http.lib.StaticUserWebFilter$StaticUserFilter) to context static
2019-09-29 11:05:07,049 [main] INFO  http.HttpServer2 (HttpServer2.java:addFilter(958)) - Added filter static_user_filter (class=org.apache.hadoop.http.lib.StaticUserWebFilter$StaticUserFilter) to context logs
2019-09-29 11:05:07,049 [main] INFO  http.HttpServer2 (HttpServer2.java:bindListener(1191)) - Jetty bound to port 42792
2019-09-29 11:05:07,049 [main] INFO  server.Server (Server.java:doStart(351)) - jetty-9.3.25.v20180904, build timestamp: 2018-09-04T21:11:46Z, git hash: 3ce520221d0240229c862b122d2b06c12a625732
2019-09-29 11:05:07,051 [main] INFO  handler.ContextHandler (ContextHandler.java:doStart(781)) - Started o.e.j.s.ServletContextHandler@9cfc77{/logs,file:///workdir/hadoop-ozone/integration-test/target/log,AVAILABLE}
2019-09-29 11:05:07,051 [main] INFO  handler.ContextHandler (ContextHandler.java:doStart(781)) - Started o.e.j.s.ServletContextHandler@601eb4af{/static,jar:file:/home/user/.m2/repository/org/apache/hadoop/hadoop-hdds-container-service/0.5.0-SNAPSHOT/hadoop-hdds-container-service-0.5.0-SNAPSHOT.jar!/webapps/static,AVAILABLE}
2019-09-29 11:05:07,079 [main] INFO  handler.ContextHandler (ContextHandler.java:doStart(781)) - Started o.e.j.w.WebAppContext@2744dcae{/,file:///workdir/hadoop-ozone/integration-test/target/tmp/kms/webapp/,AVAILABLE}{/hddsDatanode}
2019-09-29 11:05:07,079 [main] INFO  server.AbstractConnector (AbstractConnector.java:doStart(278)) - Started ServerConnector@16d0e521{HTTP/1.1,[http/1.1]}{0.0.0.0:42792}
2019-09-29 11:05:07,080 [main] INFO  server.Server (Server.java:doStart(419)) - Started @7836ms
2019-09-29 11:05:07,080 [main] WARN  impl.MetricsSystemImpl (MetricsSystemImpl.java:register(276)) - Sink prometheus already exists!
2019-09-29 11:05:07,081 [main] INFO  server.BaseHttpServer (BaseHttpServer.java:updateConnectorAddress(215)) - HTTP server of HDDSDATANODE is listening at http://0.0.0.0:42792
2019-09-29 11:05:07,081 [main] INFO  om.OzoneManager (OzoneManager.java:readKeyPair(887)) - Reading keypair and certificate from file system.
2019-09-29 11:05:07,085 [main] INFO  om.OzoneManager (OzoneManager.java:startSecretManager(853)) - Starting OM block token secret manager
2019-09-29 11:05:07,085 [main] INFO  security.OzoneBlockTokenSecretManager (OzoneSecretManager.java:updateCurrentKey(167)) - Updating the current master key for generating tokens
2019-09-29 11:05:07,087 [org.apache.hadoop.util.JvmPauseMonitor$Monitor@7dc82b9c] INFO  util.JvmPauseMonitor (JvmPauseMonitor.java:run(188)) - Starting JVM pause monitor
2019-09-29 11:05:07,088 [main] INFO  ozone.MiniOzoneClusterImpl (MiniOzoneClusterImpl.java:lambda$waitForClusterToBeReady$0(147)) - Waiting for cluster to be ready. Got 0 of 10 DN Heartbeats.
2019-09-29 11:05:07,090 [Datanode State Machine Thread - 0] INFO  datanode.InitDatanodeState (InitDatanodeState.java:persistContainerDatanodeDetails(140)) - DatanodeDetails is persisted to /workdir/hadoop-ozone/integration-test/target/test-dir/MiniOzoneClusterImpl-1c785ca3-4d8a-4703-81e1-f58f984e2e1c/datanode-9/meta/datanode.id
2019-09-29 11:05:08,088 [main] INFO  ozone.MiniOzoneClusterImpl (MiniOzoneClusterImpl.java:lambda$waitForClusterToBeReady$0(147)) - Waiting for cluster to be ready. Got 0 of 10 DN Heartbeats.
2019-09-29 11:05:08,503 [Datanode State Machine Thread - 0] INFO  ozoneimpl.OzoneContainer (OzoneContainer.java:start(217)) - Attempting to start container services.
2019-09-29 11:05:08,503 [Datanode State Machine Thread - 0] INFO  ozoneimpl.OzoneContainer (OzoneContainer.java:start(217)) - Attempting to start container services.
2019-09-29 11:05:08,503 [Datanode State Machine Thread - 0] INFO  ozoneimpl.OzoneContainer (OzoneContainer.java:start(217)) - Attempting to start container services.
2019-09-29 11:05:08,506 [Datanode State Machine Thread - 0] INFO  ozoneimpl.OzoneContainer (OzoneContainer.java:startContainerScrub(179)) - Background container scanner has been disabled.
2019-09-29 11:05:08,506 [Datanode State Machine Thread - 0] INFO  ozoneimpl.OzoneContainer (OzoneContainer.java:startContainerScrub(179)) - Background container scanner has been disabled.
2019-09-29 11:05:08,506 [Datanode State Machine Thread - 0] INFO  ozoneimpl.OzoneContainer (OzoneContainer.java:startContainerScrub(179)) - Background container scanner has been disabled.
2019-09-29 11:05:08,507 [Datanode State Machine Thread - 0] INFO  ratis.XceiverServerRatis (XceiverServerRatis.java:start(411)) - Starting XceiverServerRatis c79d7b2c-7b14-4d95-a0aa-411515ca6578 at port 0
2019-09-29 11:05:08,507 [Datanode State Machine Thread - 0] INFO  ratis.XceiverServerRatis (XceiverServerRatis.java:start(411)) - Starting XceiverServerRatis 041ac437-3ce9-4cab-bd11-6f4c7fe4cab9 at port 0
2019-09-29 11:05:08,508 [Datanode State Machine Thread - 0] INFO  ratis.XceiverServerRatis (XceiverServerRatis.java:start(411)) - Starting XceiverServerRatis 3a54e60d-c0c8-4de7-a5b4-72c91b9f7f60 at port 0
2019-09-29 11:05:08,529 [Datanode State Machine Thread - 0] INFO  ozoneimpl.OzoneContainer (OzoneContainer.java:start(217)) - Attempting to start container services.
2019-09-29 11:05:08,540 [Datanode State Machine Thread - 0] INFO  ozoneimpl.OzoneContainer (OzoneContainer.java:startContainerScrub(179)) - Background container scanner has been disabled.
2019-09-29 11:05:08,541 [Datanode State Machine Thread - 0] INFO  ratis.XceiverServerRatis (XceiverServerRatis.java:start(411)) - Starting XceiverServerRatis 22a333ca-1d2b-4b48-8dcb-0266e32b8040 at port 0
2019-09-29 11:05:08,551 [Datanode State Machine Thread - 0] INFO  impl.RaftServerProxy (RaftServerProxy.java:lambda$start$3(299)) - 3a54e60d-c0c8-4de7-a5b4-72c91b9f7f60: start RPC server
2019-09-29 11:05:08,553 [Datanode State Machine Thread - 0] INFO  impl.RaftServerProxy (RaftServerProxy.java:lambda$start$3(299)) - 041ac437-3ce9-4cab-bd11-6f4c7fe4cab9: start RPC server
2019-09-29 11:05:08,551 [Datanode State Machine Thread - 0] INFO  impl.RaftServerProxy (RaftServerProxy.java:lambda$start$3(299)) - c79d7b2c-7b14-4d95-a0aa-411515ca6578: start RPC server
2019-09-29 11:05:08,551 [Datanode State Machine Thread - 0] INFO  impl.RaftServerProxy (RaftServerProxy.java:lambda$start$3(299)) - 22a333ca-1d2b-4b48-8dcb-0266e32b8040: start RPC server
2019-09-29 11:05:08,633 [Datanode State Machine Thread - 0] INFO  ozoneimpl.OzoneContainer (OzoneContainer.java:start(217)) - Attempting to start container services.
2019-09-29 11:05:08,633 [Datanode State Machine Thread - 0] INFO  ozoneimpl.OzoneContainer (OzoneContainer.java:startContainerScrub(179)) - Background container scanner has been disabled.
2019-09-29 11:05:08,634 [Datanode State Machine Thread - 0] INFO  ratis.XceiverServerRatis (XceiverServerRatis.java:start(411)) - Starting XceiverServerRatis 870588b0-aa93-434f-8f13-603c5341fab3 at port 0
2019-09-29 11:05:08,640 [Datanode State Machine Thread - 0] INFO  impl.RaftServerProxy (RaftServerProxy.java:lambda$start$3(299)) - 870588b0-aa93-434f-8f13-603c5341fab3: start RPC server
2019-09-29 11:05:08,691 [Datanode State Machine Thread - 0] INFO  server.GrpcService (GrpcService.java:startImpl(158)) - c79d7b2c-7b14-4d95-a0aa-411515ca6578: GrpcService started, listening on 0.0.0.0/0.0.0.0:43795
2019-09-29 11:05:08,691 [Datanode State Machine Thread - 0] INFO  server.GrpcService (GrpcService.java:startImpl(158)) - 041ac437-3ce9-4cab-bd11-6f4c7fe4cab9: GrpcService started, listening on 0.0.0.0/0.0.0.0:40784
2019-09-29 11:05:08,692 [Datanode State Machine Thread - 0] INFO  ratis.XceiverServerRatis (XceiverServerRatis.java:start(421)) - XceiverServerRatis c79d7b2c-7b14-4d95-a0aa-411515ca6578 is started using port 43795
2019-09-29 11:05:08,691 [Datanode State Machine Thread - 0] INFO  server.GrpcService (GrpcService.java:startImpl(158)) - 22a333ca-1d2b-4b48-8dcb-0266e32b8040: GrpcService started, listening on 0.0.0.0/0.0.0.0:33233
2019-09-29 11:05:08,691 [Datanode State Machine Thread - 0] INFO  server.GrpcService (GrpcService.java:startImpl(158)) - 870588b0-aa93-434f-8f13-603c5341fab3: GrpcService started, listening on 0.0.0.0/0.0.0.0:42508
2019-09-29 11:05:08,691 [Datanode State Machine Thread - 0] INFO  server.GrpcService (GrpcService.java:startImpl(158)) - 3a54e60d-c0c8-4de7-a5b4-72c91b9f7f60: GrpcService started, listening on 0.0.0.0/0.0.0.0:44865
2019-09-29 11:05:08,693 [Datanode State Machine Thread - 0] INFO  ratis.XceiverServerRatis (XceiverServerRatis.java:start(421)) - XceiverServerRatis 870588b0-aa93-434f-8f13-603c5341fab3 is started using port 42508
2019-09-29 11:05:08,693 [Datanode State Machine Thread - 0] INFO  ratis.XceiverServerRatis (XceiverServerRatis.java:start(421)) - XceiverServerRatis 22a333ca-1d2b-4b48-8dcb-0266e32b8040 is started using port 33233
2019-09-29 11:05:08,692 [Datanode State Machine Thread - 0] INFO  ratis.XceiverServerRatis (XceiverServerRatis.java:start(421)) - XceiverServerRatis 041ac437-3ce9-4cab-bd11-6f4c7fe4cab9 is started using port 40784
2019-09-29 11:05:08,693 [Datanode State Machine Thread - 0] INFO  ratis.XceiverServerRatis (XceiverServerRatis.java:start(421)) - XceiverServerRatis 3a54e60d-c0c8-4de7-a5b4-72c91b9f7f60 is started using port 44865
2019-09-29 11:05:08,702 [Datanode State Machine Thread - 0] INFO  server.XceiverServerGrpc (XceiverServerGrpc.java:start(149)) - XceiverServerGrpc 870588b0-aa93-434f-8f13-603c5341fab3 is started using port 41461
2019-09-29 11:05:08,704 [Datanode State Machine Thread - 0] INFO  server.XceiverServerGrpc (XceiverServerGrpc.java:start(149)) - XceiverServerGrpc c79d7b2c-7b14-4d95-a0aa-411515ca6578 is started using port 45918
2019-09-29 11:05:08,704 [Datanode State Machine Thread - 0] INFO  server.XceiverServerGrpc (XceiverServerGrpc.java:start(149)) - XceiverServerGrpc 041ac437-3ce9-4cab-bd11-6f4c7fe4cab9 is started using port 42576
2019-09-29 11:05:08,702 [Datanode State Machine Thread - 0] INFO  server.XceiverServerGrpc (XceiverServerGrpc.java:start(149)) - XceiverServerGrpc 22a333ca-1d2b-4b48-8dcb-0266e32b8040 is started using port 36024
2019-09-29 11:05:08,708 [Datanode State Machine Thread - 0] INFO  server.XceiverServerGrpc (XceiverServerGrpc.java:start(149)) - XceiverServerGrpc 3a54e60d-c0c8-4de7-a5b4-72c91b9f7f60 is started using port 42602
2019-09-29 11:05:08,749 [Datanode State Machine Thread - 0] INFO  ozoneimpl.OzoneContainer (OzoneContainer.java:start(217)) - Attempting to start container services.
2019-09-29 11:05:08,749 [Datanode State Machine Thread - 0] INFO  ozoneimpl.OzoneContainer (OzoneContainer.java:startContainerScrub(179)) - Background container scanner has been disabled.
2019-09-29 11:05:08,750 [Datanode State Machine Thread - 0] INFO  ratis.XceiverServerRatis (XceiverServerRatis.java:start(411)) - Starting XceiverServerRatis 50ca7e89-774d-4835-857f-c611153cc702 at port 0
2019-09-29 11:05:08,756 [Datanode State Machine Thread - 0] INFO  impl.RaftServerProxy (RaftServerProxy.java:lambda$start$3(299)) - 50ca7e89-774d-4835-857f-c611153cc702: start RPC server
2019-09-29 11:05:08,760 [Datanode State Machine Thread - 0] INFO  server.GrpcService (GrpcService.java:startImpl(158)) - 50ca7e89-774d-4835-857f-c611153cc702: GrpcService started, listening on 0.0.0.0/0.0.0.0:39779
2019-09-29 11:05:08,760 [Datanode State Machine Thread - 0] INFO  ratis.XceiverServerRatis (XceiverServerRatis.java:start(421)) - XceiverServerRatis 50ca7e89-774d-4835-857f-c611153cc702 is started using port 39779
2019-09-29 11:05:08,763 [Datanode State Machine Thread - 0] INFO  server.XceiverServerGrpc (XceiverServerGrpc.java:start(149)) - XceiverServerGrpc 50ca7e89-774d-4835-857f-c611153cc702 is started using port 35127
2019-09-29 11:05:08,816 [Datanode State Machine Thread - 0] INFO  ozoneimpl.OzoneContainer (OzoneContainer.java:start(217)) - Attempting to start container services.
2019-09-29 11:05:08,817 [Datanode State Machine Thread - 0] INFO  ozoneimpl.OzoneContainer (OzoneContainer.java:startContainerScrub(179)) - Background container scanner has been disabled.
2019-09-29 11:05:08,817 [Datanode State Machine Thread - 0] INFO  ratis.XceiverServerRatis (XceiverServerRatis.java:start(411)) - Starting XceiverServerRatis 99934b4d-3a02-4f06-a885-6df517790569 at port 0
2019-09-29 11:05:08,823 [Datanode State Machine Thread - 0] INFO  impl.RaftServerProxy (RaftServerProxy.java:lambda$start$3(299)) - 99934b4d-3a02-4f06-a885-6df517790569: start RPC server
2019-09-29 11:05:08,829 [Datanode State Machine Thread - 0] INFO  server.GrpcService (GrpcService.java:startImpl(158)) - 99934b4d-3a02-4f06-a885-6df517790569: GrpcService started, listening on 0.0.0.0/0.0.0.0:44989
2019-09-29 11:05:08,829 [Datanode State Machine Thread - 0] INFO  ratis.XceiverServerRatis (XceiverServerRatis.java:start(421)) - XceiverServerRatis 99934b4d-3a02-4f06-a885-6df517790569 is started using port 44989
2019-09-29 11:05:08,832 [Datanode State Machine Thread - 0] INFO  server.XceiverServerGrpc (XceiverServerGrpc.java:start(149)) - XceiverServerGrpc 99934b4d-3a02-4f06-a885-6df517790569 is started using port 43624
2019-09-29 11:05:08,983 [Datanode State Machine Thread - 0] INFO  ozoneimpl.OzoneContainer (OzoneContainer.java:start(217)) - Attempting to start container services.
2019-09-29 11:05:08,984 [Datanode State Machine Thread - 0] INFO  ozoneimpl.OzoneContainer (OzoneContainer.java:startContainerScrub(179)) - Background container scanner has been disabled.
2019-09-29 11:05:08,984 [Datanode State Machine Thread - 0] INFO  ratis.XceiverServerRatis (XceiverServerRatis.java:start(411)) - Starting XceiverServerRatis 026581f2-b768-4705-ac6e-669da543cea3 at port 0
2019-09-29 11:05:08,990 [Datanode State Machine Thread - 0] INFO  impl.RaftServerProxy (RaftServerProxy.java:lambda$start$3(299)) - 026581f2-b768-4705-ac6e-669da543cea3: start RPC server
2019-09-29 11:05:08,996 [Datanode State Machine Thread - 0] INFO  server.GrpcService (GrpcService.java:startImpl(158)) - 026581f2-b768-4705-ac6e-669da543cea3: GrpcService started, listening on 0.0.0.0/0.0.0.0:42448
2019-09-29 11:05:08,996 [Datanode State Machine Thread - 0] INFO  ratis.XceiverServerRatis (XceiverServerRatis.java:start(421)) - XceiverServerRatis 026581f2-b768-4705-ac6e-669da543cea3 is started using port 42448
2019-09-29 11:05:09,001 [Datanode State Machine Thread - 0] INFO  server.XceiverServerGrpc (XceiverServerGrpc.java:start(149)) - XceiverServerGrpc 026581f2-b768-4705-ac6e-669da543cea3 is started using port 45033
2019-09-29 11:05:09,050 [Datanode State Machine Thread - 0] INFO  ozoneimpl.OzoneContainer (OzoneContainer.java:start(217)) - Attempting to start container services.
2019-09-29 11:05:09,051 [Datanode State Machine Thread - 0] INFO  ozoneimpl.OzoneContainer (OzoneContainer.java:startContainerScrub(179)) - Background container scanner has been disabled.
2019-09-29 11:05:09,051 [Datanode State Machine Thread - 0] INFO  ratis.XceiverServerRatis (XceiverServerRatis.java:start(411)) - Starting XceiverServerRatis ffc598c9-2889-47e9-b0c1-218659b91528 at port 0
2019-09-29 11:05:09,058 [Datanode State Machine Thread - 0] INFO  impl.RaftServerProxy (RaftServerProxy.java:lambda$start$3(299)) - ffc598c9-2889-47e9-b0c1-218659b91528: start RPC server
2019-09-29 11:05:09,063 [Datanode State Machine Thread - 0] INFO  server.GrpcService (GrpcService.java:startImpl(158)) - ffc598c9-2889-47e9-b0c1-218659b91528: GrpcService started, listening on 0.0.0.0/0.0.0.0:43845
2019-09-29 11:05:09,063 [Datanode State Machine Thread - 0] INFO  ratis.XceiverServerRatis (XceiverServerRatis.java:start(421)) - XceiverServerRatis ffc598c9-2889-47e9-b0c1-218659b91528 is started using port 43845
2019-09-29 11:05:09,076 [Datanode State Machine Thread - 0] INFO  server.XceiverServerGrpc (XceiverServerGrpc.java:start(149)) - XceiverServerGrpc ffc598c9-2889-47e9-b0c1-218659b91528 is started using port 41917
2019-09-29 11:05:09,090 [main] INFO  ozone.MiniOzoneClusterImpl (MiniOzoneClusterImpl.java:lambda$waitForClusterToBeReady$0(147)) - Waiting for cluster to be ready. Got 0 of 10 DN Heartbeats.
2019-09-29 11:05:09,118 [Datanode State Machine Thread - 0] INFO  ozoneimpl.OzoneContainer (OzoneContainer.java:start(217)) - Attempting to start container services.
2019-09-29 11:05:09,118 [Datanode State Machine Thread - 0] INFO  ozoneimpl.OzoneContainer (OzoneContainer.java:startContainerScrub(179)) - Background container scanner has been disabled.
2019-09-29 11:05:09,118 [Datanode State Machine Thread - 0] INFO  ratis.XceiverServerRatis (XceiverServerRatis.java:start(411)) - Starting XceiverServerRatis 29de3114-8f81-4a4a-8e3f-798b50b030aa at port 0
2019-09-29 11:05:09,126 [Datanode State Machine Thread - 0] INFO  impl.RaftServerProxy (RaftServerProxy.java:lambda$start$3(299)) - 29de3114-8f81-4a4a-8e3f-798b50b030aa: start RPC server
2019-09-29 11:05:09,131 [Datanode State Machine Thread - 0] INFO  server.GrpcService (GrpcService.java:startImpl(158)) - 29de3114-8f81-4a4a-8e3f-798b50b030aa: GrpcService started, listening on 0.0.0.0/0.0.0.0:36690
2019-09-29 11:05:09,132 [Datanode State Machine Thread - 0] INFO  ratis.XceiverServerRatis (XceiverServerRatis.java:start(421)) - XceiverServerRatis 29de3114-8f81-4a4a-8e3f-798b50b030aa is started using port 36690
2019-09-29 11:05:09,157 [Datanode State Machine Thread - 0] INFO  server.XceiverServerGrpc (XceiverServerGrpc.java:start(149)) - XceiverServerGrpc 29de3114-8f81-4a4a-8e3f-798b50b030aa is started using port 37979
2019-09-29 11:05:10,090 [main] INFO  ozone.MiniOzoneClusterImpl (MiniOzoneClusterImpl.java:lambda$waitForClusterToBeReady$0(147)) - Waiting for cluster to be ready. Got 0 of 10 DN Heartbeats.
2019-09-29 11:05:10,283 [IPC Server handler 8 on 35502] INFO  net.NetworkTopology (NetworkTopologyImpl.java:add(111)) - Added a new node: /default-rack/c79d7b2c-7b14-4d95-a0aa-411515ca6578
2019-09-29 11:05:10,284 [IPC Server handler 8 on 35502] INFO  node.SCMNodeManager (SCMNodeManager.java:register(266)) - Registered Data node : c79d7b2c-7b14-4d95-a0aa-411515ca6578{ip: 192.168.30.19, host: pr-hdds-1569-lsfh5-224679870, networkLocation: /default-rack, certSerialId: null}
2019-09-29 11:05:10,292 [EventQueue-NodeRegistrationContainerReportForDataNodeSafeModeRule] INFO  safemode.SCMSafeModeManager (DataNodeSafeModeRule.java:process(71)) - SCM in safe mode. 1 DataNodes registered, 1 required.
2019-09-29 11:05:10,295 [EventQueue-NodeRegistrationContainerReportForDataNodeSafeModeRule] INFO  safemode.SCMSafeModeManager (SCMSafeModeManager.java:validateSafeModeExitRules(177)) - ScmSafeModeManager, all rules are successfully validated
2019-09-29 11:05:10,295 [EventQueue-NodeRegistrationContainerReportForDataNodeSafeModeRule] INFO  safemode.SCMSafeModeManager (SCMSafeModeManager.java:exitSafeMode(193)) - SCM exiting safe mode.
2019-09-29 11:05:10,335 [IPC Server handler 7 on 35502] INFO  net.NetworkTopology (NetworkTopologyImpl.java:add(111)) - Added a new node: /default-rack/3a54e60d-c0c8-4de7-a5b4-72c91b9f7f60
2019-09-29 11:05:10,338 [IPC Server handler 7 on 35502] INFO  node.SCMNodeManager (SCMNodeManager.java:register(266)) - Registered Data node : 3a54e60d-c0c8-4de7-a5b4-72c91b9f7f60{ip: 192.168.30.19, host: pr-hdds-1569-lsfh5-224679870, networkLocation: /default-rack, certSerialId: null}
2019-09-29 11:05:10,417 [IPC Server handler 9 on 35502] INFO  net.NetworkTopology (NetworkTopologyImpl.java:add(111)) - Added a new node: /default-rack/041ac437-3ce9-4cab-bd11-6f4c7fe4cab9
2019-09-29 11:05:10,417 [IPC Server handler 9 on 35502] INFO  node.SCMNodeManager (SCMNodeManager.java:register(266)) - Registered Data node : 041ac437-3ce9-4cab-bd11-6f4c7fe4cab9{ip: 192.168.30.19, host: pr-hdds-1569-lsfh5-224679870, networkLocation: /default-rack, certSerialId: null}
2019-09-29 11:05:10,508 [IPC Server handler 2 on 35502] INFO  net.NetworkTopology (NetworkTopologyImpl.java:add(111)) - Added a new node: /default-rack/22a333ca-1d2b-4b48-8dcb-0266e32b8040
2019-09-29 11:05:10,509 [IPC Server handler 2 on 35502] INFO  node.SCMNodeManager (SCMNodeManager.java:register(266)) - Registered Data node : 22a333ca-1d2b-4b48-8dcb-0266e32b8040{ip: 192.168.30.19, host: pr-hdds-1569-lsfh5-224679870, networkLocation: /default-rack, certSerialId: null}
2019-09-29 11:05:10,612 [IPC Server handler 4 on 35502] INFO  net.NetworkTopology (NetworkTopologyImpl.java:add(111)) - Added a new node: /default-rack/870588b0-aa93-434f-8f13-603c5341fab3
2019-09-29 11:05:10,612 [IPC Server handler 4 on 35502] INFO  node.SCMNodeManager (SCMNodeManager.java:register(266)) - Registered Data node : 870588b0-aa93-434f-8f13-603c5341fab3{ip: 192.168.30.19, host: pr-hdds-1569-lsfh5-224679870, networkLocation: /default-rack, certSerialId: null}
2019-09-29 11:05:10,709 [IPC Server handler 6 on 35502] INFO  net.NetworkTopology (NetworkTopologyImpl.java:add(111)) - Added a new node: /default-rack/50ca7e89-774d-4835-857f-c611153cc702
2019-09-29 11:05:10,709 [IPC Server handler 6 on 35502] INFO  node.SCMNodeManager (SCMNodeManager.java:register(266)) - Registered Data node : 50ca7e89-774d-4835-857f-c611153cc702{ip: 192.168.30.19, host: pr-hdds-1569-lsfh5-224679870, networkLocation: /default-rack, certSerialId: null}
2019-09-29 11:05:10,781 [IPC Server handler 5 on 35502] INFO  net.NetworkTopology (NetworkTopologyImpl.java:add(111)) - Added a new node: /default-rack/99934b4d-3a02-4f06-a885-6df517790569
2019-09-29 11:05:10,781 [IPC Server handler 5 on 35502] INFO  node.SCMNodeManager (SCMNodeManager.java:register(266)) - Registered Data node : 99934b4d-3a02-4f06-a885-6df517790569{ip: 192.168.30.19, host: pr-hdds-1569-lsfh5-224679870, networkLocation: /default-rack, certSerialId: null}
2019-09-29 11:05:10,877 [grpc-default-executor-0] INFO  impl.RaftServerProxy (RaftServerProxy.java:addNew(89)) - c79d7b2c-7b14-4d95-a0aa-411515ca6578: addNew group-F3E35696058B:[c79d7b2c-7b14-4d95-a0aa-411515ca6578:192.168.30.19:43795] returns group-F3E35696058B:java.util.concurrent.CompletableFuture@52385242[Not completed]
2019-09-29 11:05:10,892 [pool-32-thread-1] INFO  impl.RaftServerImpl (RaftServerImpl.java:<init>(95)) - c79d7b2c-7b14-4d95-a0aa-411515ca6578: new RaftServerImpl for group-F3E35696058B:[c79d7b2c-7b14-4d95-a0aa-411515ca6578:192.168.30.19:43795] with ContainerStateMachine:uninitialized
2019-09-29 11:05:10,893 [pool-32-thread-1] INFO  server.RaftServerConfigKeys (ConfUtils.java:logGet(43)) - raft.server.rpc.timeout.min = 5s (custom)
2019-09-29 11:05:10,895 [pool-32-thread-1] INFO  server.RaftServerConfigKeys (ConfUtils.java:logGet(43)) - raft.server.rpc.timeout.max = 5200ms (custom)
2019-09-29 11:05:10,895 [pool-32-thread-1] INFO  server.RaftServerConfigKeys (ConfUtils.java:logGet(43)) - raft.server.rpcslowness.timeout = 120s (custom)
2019-09-29 11:05:10,895 [pool-32-thread-1] INFO  server.RaftServerConfigKeys (ConfUtils.java:logGet(43)) - raft.server.sleep.deviation.threshold = 300 (default)
2019-09-29 11:05:10,896 [pool-32-thread-1] INFO  server.RaftServerConfigKeys (ConfUtils.java:logGet(43)) - raft.server.log.appender.install.snapshot.enabled = false (custom)
2019-09-29 11:05:10,902 [pool-32-thread-1] INFO  impl.RaftServerImpl (ServerState.java:<init>(103)) - c79d7b2c-7b14-4d95-a0aa-411515ca6578@group-F3E35696058B: ConfigurationManager, init=-1: [c79d7b2c-7b14-4d95-a0aa-411515ca6578:192.168.30.19:43795], old=null, confs=<EMPTY_MAP>
2019-09-29 11:05:10,903 [pool-32-thread-1] INFO  server.RaftServerConfigKeys (ConfUtils.java:logGet(43)) - raft.server.storage.dir = [/workdir/hadoop-ozone/integration-test/target/test-dir/MiniOzoneClusterImpl-1c785ca3-4d8a-4703-81e1-f58f984e2e1c/datanode-0/data/ratis] (custom)
2019-09-29 11:05:10,909 [pool-32-thread-1] INFO  storage.RaftStorageDirectory (RaftStorageDirectory.java:analyzeStorage(246)) - The storage directory /workdir/hadoop-ozone/integration-test/target/test-dir/MiniOzoneClusterImpl-1c785ca3-4d8a-4703-81e1-f58f984e2e1c/datanode-0/data/ratis/5695649a-2906-43b8-ba7e-f3e35696058b does not exist. Creating ...
2019-09-29 11:05:10,935 [pool-32-thread-1] INFO  storage.RaftStorageDirectory (RaftStorageDirectory.java:tryLock(328)) - Lock on /workdir/hadoop-ozone/integration-test/target/test-dir/MiniOzoneClusterImpl-1c785ca3-4d8a-4703-81e1-f58f984e2e1c/datanode-0/data/ratis/5695649a-2906-43b8-ba7e-f3e35696058b/in_use.lock acquired by nodename 32469@pr-hdds-1569-lsfh5-224679870
2019-09-29 11:05:10,956 [IPC Server handler 3 on 35502] INFO  net.NetworkTopology (NetworkTopologyImpl.java:add(111)) - Added a new node: /default-rack/026581f2-b768-4705-ac6e-669da543cea3
2019-09-29 11:05:10,956 [IPC Server handler 3 on 35502] INFO  node.SCMNodeManager (SCMNodeManager.java:register(266)) - Registered Data node : 026581f2-b768-4705-ac6e-669da543cea3{ip: 192.168.30.19, host: pr-hdds-1569-lsfh5-224679870, networkLocation: /default-rack, certSerialId: null}
2019-09-29 11:05:10,961 [pool-32-thread-1] INFO  storage.RaftStorage (RaftStorage.java:format(72)) - Storage directory /workdir/hadoop-ozone/integration-test/target/test-dir/MiniOzoneClusterImpl-1c785ca3-4d8a-4703-81e1-f58f984e2e1c/datanode-0/data/ratis/5695649a-2906-43b8-ba7e-f3e35696058b has been successfully formatted.
2019-09-29 11:05:10,964 [pool-32-thread-1] INFO  ratis.ContainerStateMachine (ContainerStateMachine.java:loadSnapshot(230)) - group-F3E35696058B: The snapshot info is null. Setting the last applied indexto:(t:0, i:~)
2019-09-29 11:05:10,964 [pool-32-thread-1] INFO  server.RaftServerConfigKeys (ConfUtils.java:logGet(43)) - raft.server.notification.no-leader.timeout = 120s (custom)
2019-09-29 11:05:10,966 [pool-32-thread-1] INFO  server.RaftServerConfigKeys (ConfUtils.java:logGet(43)) - raft.server.log.use.memory = false (default)
2019-09-29 11:05:11,288 [main] INFO  ozone.MiniOzoneClusterImpl (MiniOzoneClusterImpl.java:lambda$waitForClusterToBeReady$0(147)) - Waiting for cluster to be ready. Got 8 of 10 DN Heartbeats.
2019-09-29 11:05:11,289 [pool-32-thread-1] INFO  server.RaftServerConfigKeys (ConfUtils.java:logGet(43)) - raft.server.log.purge.gap = 1000000 (custom)
2019-09-29 11:05:11,291 [pool-32-thread-1] INFO  server.RaftServerConfigKeys (ConfUtils.java:logGet(43)) - raft.server.log.appender.buffer.byte-limit = 33554432 (custom)
2019-09-29 11:05:11,304 [IPC Server handler 8 on 35502] INFO  net.NetworkTopology (NetworkTopologyImpl.java:add(111)) - Added a new node: /default-rack/ffc598c9-2889-47e9-b0c1-218659b91528
2019-09-29 11:05:11,305 [IPC Server handler 8 on 35502] INFO  node.SCMNodeManager (SCMNodeManager.java:register(266)) - Registered Data node : ffc598c9-2889-47e9-b0c1-218659b91528{ip: 192.168.30.19, host: pr-hdds-1569-lsfh5-224679870, networkLocation: /default-rack, certSerialId: null}
2019-09-29 11:05:11,305 [IPC Server handler 7 on 35502] INFO  net.NetworkTopology (NetworkTopologyImpl.java:add(111)) - Added a new node: /default-rack/29de3114-8f81-4a4a-8e3f-798b50b030aa
2019-09-29 11:05:11,305 [IPC Server handler 7 on 35502] INFO  node.SCMNodeManager (SCMNodeManager.java:register(266)) - Registered Data node : 29de3114-8f81-4a4a-8e3f-798b50b030aa{ip: 192.168.30.19, host: pr-hdds-1569-lsfh5-224679870, networkLocation: /default-rack, certSerialId: null}
2019-09-29 11:05:11,307 [pool-32-thread-1] INFO  server.RaftServerConfigKeys (ConfUtils.java:logGet(43)) - raft.server.log.segment.size.max = 1048576 (custom)
2019-09-29 11:05:11,347 [pool-32-thread-1] INFO  server.RaftServerConfigKeys (ConfUtils.java:logGet(43)) - raft.server.log.segment.cache.num.max = 2 (custom)
2019-09-29 11:05:11,355 [pool-32-thread-1] INFO  segmented.SegmentedRaftLogWorker (SegmentedRaftLogWorker.java:<init>(172)) - new c79d7b2c-7b14-4d95-a0aa-411515ca6578@group-F3E35696058B-SegmentedRaftLogWorker for RaftStorage:Storage Directory /workdir/hadoop-ozone/integration-test/target/test-dir/MiniOzoneClusterImpl-1c785ca3-4d8a-4703-81e1-f58f984e2e1c/datanode-0/data/ratis/5695649a-2906-43b8-ba7e-f3e35696058b
2019-09-29 11:05:11,357 [pool-32-thread-1] INFO  impl.MetricsSystemImpl (MetricsSystemImpl.java:init(158)) - ratis metrics system started (again)
2019-09-29 11:05:11,362 [pool-32-thread-1] INFO  metrics.MetricRegistries (MetricRegistriesLoader.java:load(64)) - Loaded MetricRegistries class org.apache.ratis.metrics.impl.MetricRegistriesImpl
2019-09-29 11:05:11,395 [pool-32-thread-1] INFO  server.RaftServerConfigKeys (ConfUtils.java:logGet(43)) - raft.server.log.queue.byte-limit = 2147483647 (custom)
2019-09-29 11:05:11,396 [pool-32-thread-1] INFO  server.RaftServerConfigKeys (ConfUtils.java:logGet(43)) - raft.server.log.queue.element-limit = 1024 (custom)
2019-09-29 11:05:11,399 [pool-32-thread-1] INFO  server.RaftServerConfigKeys (ConfUtils.java:logGet(43)) - raft.server.log.segment.size.max = 1048576 (custom)
2019-09-29 11:05:11,400 [pool-32-thread-1] INFO  server.RaftServerConfigKeys (ConfUtils.java:logGet(43)) - raft.server.log.preallocated.size = 16384 (custom)
2019-09-29 11:05:11,400 [pool-32-thread-1] INFO  server.RaftServerConfigKeys (ConfUtils.java:logGet(43)) - raft.server.log.write.buffer.size = 33554432 (custom)
2019-09-29 11:05:11,401 [pool-32-thread-1] INFO  server.RaftServerConfigKeys (ConfUtils.java:logGet(43)) - raft.server.log.force.sync.num = 128 (default)
2019-09-29 11:05:11,402 [pool-32-thread-1] INFO  server.RaftServerConfigKeys (ConfUtils.java:logGet(43)) - raft.server.log.statemachine.data.sync = true (default)
2019-09-29 11:05:11,402 [pool-32-thread-1] INFO  server.RaftServerConfigKeys (ConfUtils.java:logGet(43)) - raft.server.log.statemachine.data.sync.timeout = 10s (default)
2019-09-29 11:05:11,402 [pool-32-thread-1] INFO  server.RaftServerConfigKeys (ConfUtils.java:logGet(43)) - raft.server.log.statemachine.data.sync.timeout.retry = -1 (default)
2019-09-29 11:05:11,408 [pool-32-thread-1] INFO  server.RaftServerConfigKeys (ConfUtils.java:logGet(43)) - raft.server.log.statemachine.data.caching.enabled = true (custom)
2019-09-29 11:05:11,412 [pool-32-thread-1] INFO  segmented.SegmentedRaftLogWorker (SegmentedRaftLogWorker.java:lambda$new$0(132)) - c79d7b2c-7b14-4d95-a0aa-411515ca6578@group-F3E35696058B-SegmentedRaftLogWorker: flushIndex: setUnconditionally 0 -> -1
2019-09-29 11:05:11,417 [pool-32-thread-1] INFO  server.RaftServerConfigKeys (ConfUtils.java:logGet(43)) - raft.server.snapshot.auto.trigger.enabled = true (custom)
2019-09-29 11:05:11,418 [pool-32-thread-1] INFO  server.RaftServerConfigKeys (ConfUtils.java:logGet(43)) - raft.server.snapshot.auto.trigger.threshold = 10000 (custom)
2019-09-29 11:05:11,418 [pool-32-thread-1] INFO  server.RaftServerConfigKeys (ConfUtils.java:logGet(43)) - raft.server.snapshot.retention.num.files = 5 (custom)
2019-09-29 11:05:11,419 [pool-32-thread-1] INFO  server.RaftServerConfigKeys (ConfUtils.java:logGet(43)) - raft.server.retrycache.expirytime = 600000ms (custom)
2019-09-29 11:05:11,445 [pool-32-thread-1] INFO  impl.RaftServerImpl (RaftServerImpl.java:start(185)) - c79d7b2c-7b14-4d95-a0aa-411515ca6578@group-F3E35696058B: start as a follower, conf=-1: [c79d7b2c-7b14-4d95-a0aa-411515ca6578:192.168.30.19:43795], old=null
2019-09-29 11:05:11,446 [pool-32-thread-1] INFO  impl.RaftServerImpl (RaftServerImpl.java:setRole(174)) - c79d7b2c-7b14-4d95-a0aa-411515ca6578@group-F3E35696058B: changes role from      null to FOLLOWER at term 0 for startAsFollower
2019-09-29 11:05:11,447 [pool-32-thread-1] INFO  impl.RoleInfo (RoleInfo.java:updateAndGet(143)) - c79d7b2c-7b14-4d95-a0aa-411515ca6578: start FollowerState
2019-09-29 11:05:11,449 [pool-32-thread-1] INFO  util.JmxRegister (JmxRegister.java:tryRegister(44)) - Successfully registered JMX Bean with object name Ratis:service=RaftServer,group=group-F3E35696058B,id=c79d7b2c-7b14-4d95-a0aa-411515ca6578
2019-09-29 11:05:11,513 [RatisPipelineUtilsThread] INFO  pipeline.PipelineStateManager (PipelineStateManager.java:addPipeline(56)) - Created pipeline Pipeline[ Id: 5695649a-2906-43b8-ba7e-f3e35696058b, Nodes: c79d7b2c-7b14-4d95-a0aa-411515ca6578{ip: 192.168.30.19, host: pr-hdds-1569-lsfh5-224679870, networkLocation: /default-rack, certSerialId: null}, Type:RATIS, Factor:ONE, State:OPEN]
2019-09-29 11:05:11,540 [grpc-default-executor-0] INFO  impl.RaftServerProxy (RaftServerProxy.java:addNew(89)) - 3a54e60d-c0c8-4de7-a5b4-72c91b9f7f60: addNew group-9A2107247F98:[3a54e60d-c0c8-4de7-a5b4-72c91b9f7f60:192.168.30.19:44865] returns group-9A2107247F98:java.util.concurrent.CompletableFuture@76ade5e2[Not completed]
2019-09-29 11:05:11,607 [pool-42-thread-1] INFO  impl.RaftServerImpl (RaftServerImpl.java:<init>(95)) - 3a54e60d-c0c8-4de7-a5b4-72c91b9f7f60: new RaftServerImpl for group-9A2107247F98:[3a54e60d-c0c8-4de7-a5b4-72c91b9f7f60:192.168.30.19:44865] with ContainerStateMachine:uninitialized
2019-09-29 11:05:11,611 [pool-42-thread-1] INFO  server.RaftServerConfigKeys (ConfUtils.java:logGet(43)) - raft.server.rpc.timeout.min = 5s (custom)
2019-09-29 11:05:11,611 [pool-42-thread-1] INFO  server.RaftServerConfigKeys (ConfUtils.java:logGet(43)) - raft.server.rpc.timeout.max = 5200ms (custom)
2019-09-29 11:05:11,611 [pool-42-thread-1] INFO  server.RaftServerConfigKeys (ConfUtils.java:logGet(43)) - raft.server.rpcslowness.timeout = 120s (custom)
2019-09-29 11:05:11,612 [pool-42-thread-1] INFO  server.RaftServerConfigKeys (ConfUtils.java:logGet(43)) - raft.server.sleep.deviation.threshold = 300 (default)
2019-09-29 11:05:11,612 [pool-42-thread-1] INFO  server.RaftServerConfigKeys (ConfUtils.java:logGet(43)) - raft.server.log.appender.install.snapshot.enabled = false (custom)
2019-09-29 11:05:11,612 [pool-42-thread-1] INFO  impl.RaftServerImpl (ServerState.java:<init>(103)) - 3a54e60d-c0c8-4de7-a5b4-72c91b9f7f60@group-9A2107247F98: ConfigurationManager, init=-1: [3a54e60d-c0c8-4de7-a5b4-72c91b9f7f60:192.168.30.19:44865], old=null, confs=<EMPTY_MAP>
2019-09-29 11:05:11,612 [pool-42-thread-1] INFO  server.RaftServerConfigKeys (ConfUtils.java:logGet(43)) - raft.server.storage.dir = [/workdir/hadoop-ozone/integration-test/target/test-dir/MiniOzoneClusterImpl-1c785ca3-4d8a-4703-81e1-f58f984e2e1c/datanode-1/data/ratis] (custom)
2019-09-29 11:05:11,613 [pool-42-thread-1] INFO  storage.RaftStorageDirectory (RaftStorageDirectory.java:analyzeStorage(246)) - The storage directory /workdir/hadoop-ozone/integration-test/target/test-dir/MiniOzoneClusterImpl-1c785ca3-4d8a-4703-81e1-f58f984e2e1c/datanode-1/data/ratis/3b6398e4-0ad2-462e-91e9-9a2107247f98 does not exist. Creating ...
2019-09-29 11:05:11,639 [pool-42-thread-1] INFO  storage.RaftStorageDirectory (RaftStorageDirectory.java:tryLock(328)) - Lock on /workdir/hadoop-ozone/integration-test/target/test-dir/MiniOzoneClusterImpl-1c785ca3-4d8a-4703-81e1-f58f984e2e1c/datanode-1/data/ratis/3b6398e4-0ad2-462e-91e9-9a2107247f98/in_use.lock acquired by nodename 32469@pr-hdds-1569-lsfh5-224679870
2019-09-29 11:05:11,662 [pool-42-thread-1] INFO  storage.RaftStorage (RaftStorage.java:format(72)) - Storage directory /workdir/hadoop-ozone/integration-test/target/test-dir/MiniOzoneClusterImpl-1c785ca3-4d8a-4703-81e1-f58f984e2e1c/datanode-1/data/ratis/3b6398e4-0ad2-462e-91e9-9a2107247f98 has been successfully formatted.
2019-09-29 11:05:11,673 [pool-42-thread-1] INFO  ratis.ContainerStateMachine (ContainerStateMachine.java:loadSnapshot(230)) - group-9A2107247F98: The snapshot info is null. Setting the last applied indexto:(t:0, i:~)
2019-09-29 11:05:11,673 [pool-42-thread-1] INFO  server.RaftServerConfigKeys (ConfUtils.java:logGet(43)) - raft.server.notification.no-leader.timeout = 120s (custom)
2019-09-29 11:05:11,673 [pool-42-thread-1] INFO  server.RaftServerConfigKeys (ConfUtils.java:logGet(43)) - raft.server.log.use.memory = false (default)
2019-09-29 11:05:11,673 [pool-42-thread-1] INFO  server.RaftServerConfigKeys (ConfUtils.java:logGet(43)) - raft.server.log.purge.gap = 1000000 (custom)
2019-09-29 11:05:11,673 [pool-42-thread-1] INFO  server.RaftServerConfigKeys (ConfUtils.java:logGet(43)) - raft.server.log.appender.buffer.byte-limit = 33554432 (custom)
2019-09-29 11:05:11,674 [pool-42-thread-1] INFO  server.RaftServerConfigKeys (ConfUtils.java:logGet(43)) - raft.server.log.segment.size.max = 1048576 (custom)
2019-09-29 11:05:11,674 [pool-42-thread-1] INFO  server.RaftServerConfigKeys (ConfUtils.java:logGet(43)) - raft.server.log.segment.cache.num.max = 2 (custom)
2019-09-29 11:05:11,674 [pool-42-thread-1] INFO  segmented.SegmentedRaftLogWorker (SegmentedRaftLogWorker.java:<init>(172)) - new 3a54e60d-c0c8-4de7-a5b4-72c91b9f7f60@group-9A2107247F98-SegmentedRaftLogWorker for RaftStorage:Storage Directory /workdir/hadoop-ozone/integration-test/target/test-dir/MiniOzoneClusterImpl-1c785ca3-4d8a-4703-81e1-f58f984e2e1c/datanode-1/data/ratis/3b6398e4-0ad2-462e-91e9-9a2107247f98
2019-09-29 11:05:11,680 [pool-42-thread-1] INFO  server.RaftServerConfigKeys (ConfUtils.java:logGet(43)) - raft.server.log.queue.byte-limit = 2147483647 (custom)
2019-09-29 11:05:11,681 [pool-42-thread-1] INFO  server.RaftServerConfigKeys (ConfUtils.java:logGet(43)) - raft.server.log.queue.element-limit = 1024 (custom)
2019-09-29 11:05:11,681 [pool-42-thread-1] INFO  server.RaftServerConfigKeys (ConfUtils.java:logGet(43)) - raft.server.log.segment.size.max = 1048576 (custom)
2019-09-29 11:05:11,681 [pool-42-thread-1] INFO  server.RaftServerConfigKeys (ConfUtils.java:logGet(43)) - raft.server.log.preallocated.size = 16384 (custom)
2019-09-29 11:05:11,681 [pool-42-thread-1] INFO  server.RaftServerConfigKeys (ConfUtils.java:logGet(43)) - raft.server.log.write.buffer.size = 33554432 (custom)
2019-09-29 11:05:11,681 [pool-42-thread-1] INFO  server.RaftServerConfigKeys (ConfUtils.java:logGet(43)) - raft.server.log.force.sync.num = 128 (default)
2019-09-29 11:05:11,682 [pool-42-thread-1] INFO  server.RaftServerConfigKeys (ConfUtils.java:logGet(43)) - raft.server.log.statemachine.data.sync = true (default)
2019-09-29 11:05:11,682 [pool-42-thread-1] INFO  server.RaftServerConfigKeys (ConfUtils.java:logGet(43)) - raft.server.log.statemachine.data.sync.timeout = 10s (default)
2019-09-29 11:05:11,682 [pool-42-thread-1] INFO  server.RaftServerConfigKeys (ConfUtils.java:logGet(43)) - raft.server.log.statemachine.data.sync.timeout.retry = -1 (default)
2019-09-29 11:05:11,682 [pool-42-thread-1] INFO  server.RaftServerConfigKeys (ConfUtils.java:logGet(43)) - raft.server.log.statemachine.data.caching.enabled = true (custom)
2019-09-29 11:05:11,683 [pool-42-thread-1] INFO  segmented.SegmentedRaftLogWorker (SegmentedRaftLogWorker.java:lambda$new$0(132)) - 3a54e60d-c0c8-4de7-a5b4-72c91b9f7f60@group-9A2107247F98-SegmentedRaftLogWorker: flushIndex: setUnconditionally 0 -> -1
2019-09-29 11:05:11,683 [pool-42-thread-1] INFO  server.RaftServerConfigKeys (ConfUtils.java:logGet(43)) - raft.server.snapshot.auto.trigger.enabled = true (custom)
2019-09-29 11:05:11,683 [pool-42-thread-1] INFO  server.RaftServerConfigKeys (ConfUtils.java:logGet(43)) - raft.server.snapshot.auto.trigger.threshold = 10000 (custom)
2019-09-29 11:05:11,684 [pool-42-thread-1] INFO  server.RaftServerConfigKeys (ConfUtils.java:logGet(43)) - raft.server.snapshot.retention.num.files = 5 (custom)
2019-09-29 11:05:11,684 [pool-42-thread-1] INFO  server.RaftServerConfigKeys (ConfUtils.java:logGet(43)) - raft.server.retrycache.expirytime = 600000ms (custom)
2019-09-29 11:05:11,689 [pool-42-thread-1] INFO  impl.RaftServerImpl (RaftServerImpl.java:start(185)) - 3a54e60d-c0c8-4de7-a5b4-72c91b9f7f60@group-9A2107247F98: start as a follower, conf=-1: [3a54e60d-c0c8-4de7-a5b4-72c91b9f7f60:192.168.30.19:44865], old=null
2019-09-29 11:05:11,690 [pool-42-thread-1] INFO  impl.RaftServerImpl (RaftServerImpl.java:setRole(174)) - 3a54e60d-c0c8-4de7-a5b4-72c91b9f7f60@group-9A2107247F98: changes role from      null to FOLLOWER at term 0 for startAsFollower
2019-09-29 11:05:11,690 [pool-42-thread-1] INFO  impl.RoleInfo (RoleInfo.java:updateAndGet(143)) - 3a54e60d-c0c8-4de7-a5b4-72c91b9f7f60: start FollowerState
2019-09-29 11:05:11,690 [pool-42-thread-1] INFO  util.JmxRegister (JmxRegister.java:tryRegister(44)) - Successfully registered JMX Bean with object name Ratis:service=RaftServer,group=group-9A2107247F98,id=3a54e60d-c0c8-4de7-a5b4-72c91b9f7f60
2019-09-29 11:05:11,711 [RatisPipelineUtilsThread] INFO  pipeline.PipelineStateManager (PipelineStateManager.java:addPipeline(56)) - Created pipeline Pipeline[ Id: 3b6398e4-0ad2-462e-91e9-9a2107247f98, Nodes: 3a54e60d-c0c8-4de7-a5b4-72c91b9f7f60{ip: 192.168.30.19, host: pr-hdds-1569-lsfh5-224679870, networkLocation: /default-rack, certSerialId: null}, Type:RATIS, Factor:ONE, State:OPEN]
2019-09-29 11:05:11,740 [grpc-default-executor-0] INFO  impl.RaftServerProxy (RaftServerProxy.java:addNew(89)) - 870588b0-aa93-434f-8f13-603c5341fab3: addNew group-E72C5D5BB0F3:[870588b0-aa93-434f-8f13-603c5341fab3:192.168.30.19:42508] returns group-E72C5D5BB0F3:java.util.concurrent.CompletableFuture@72ace1d[Not completed]
2019-09-29 11:05:11,782 [pool-72-thread-1] INFO  impl.RaftServerImpl (RaftServerImpl.java:<init>(95)) - 870588b0-aa93-434f-8f13-603c5341fab3: new RaftServerImpl for group-E72C5D5BB0F3:[870588b0-aa93-434f-8f13-603c5341fab3:192.168.30.19:42508] with ContainerStateMachine:uninitialized
2019-09-29 11:05:11,782 [pool-72-thread-1] INFO  server.RaftServerConfigKeys (ConfUtils.java:logGet(43)) - raft.server.rpc.timeout.min = 5s (custom)
2019-09-29 11:05:11,782 [pool-72-thread-1] INFO  server.RaftServerConfigKeys (ConfUtils.java:logGet(43)) - raft.server.rpc.timeout.max = 5200ms (custom)
2019-09-29 11:05:11,783 [pool-72-thread-1] INFO  server.RaftServerConfigKeys (ConfUtils.java:logGet(43)) - raft.server.rpcslowness.timeout = 120s (custom)
2019-09-29 11:05:11,783 [pool-72-thread-1] INFO  server.RaftServerConfigKeys (ConfUtils.java:logGet(43)) - raft.server.sleep.deviation.threshold = 300 (default)
2019-09-29 11:05:11,783 [pool-72-thread-1] INFO  server.RaftServerConfigKeys (ConfUtils.java:logGet(43)) - raft.server.log.appender.install.snapshot.enabled = false (custom)
2019-09-29 11:05:11,783 [pool-72-thread-1] INFO  impl.RaftServerImpl (ServerState.java:<init>(103)) - 870588b0-aa93-434f-8f13-603c5341fab3@group-E72C5D5BB0F3: ConfigurationManager, init=-1: [870588b0-aa93-434f-8f13-603c5341fab3:192.168.30.19:42508], old=null, confs=<EMPTY_MAP>
2019-09-29 11:05:11,783 [pool-72-thread-1] INFO  server.RaftServerConfigKeys (ConfUtils.java:logGet(43)) - raft.server.storage.dir = [/workdir/hadoop-ozone/integration-test/target/test-dir/MiniOzoneClusterImpl-1c785ca3-4d8a-4703-81e1-f58f984e2e1c/datanode-4/data/ratis] (custom)
2019-09-29 11:05:11,784 [pool-72-thread-1] INFO  storage.RaftStorageDirectory (RaftStorageDirectory.java:analyzeStorage(246)) - The storage directory /workdir/hadoop-ozone/integration-test/target/test-dir/MiniOzoneClusterImpl-1c785ca3-4d8a-4703-81e1-f58f984e2e1c/datanode-4/data/ratis/727ed9a8-1d4d-4ede-bf0e-e72c5d5bb0f3 does not exist. Creating ...
2019-09-29 11:05:11,806 [pool-72-thread-1] INFO  storage.RaftStorageDirectory (RaftStorageDirectory.java:tryLock(328)) - Lock on /workdir/hadoop-ozone/integration-test/target/test-dir/MiniOzoneClusterImpl-1c785ca3-4d8a-4703-81e1-f58f984e2e1c/datanode-4/data/ratis/727ed9a8-1d4d-4ede-bf0e-e72c5d5bb0f3/in_use.lock acquired by nodename 32469@pr-hdds-1569-lsfh5-224679870
2019-09-29 11:05:11,829 [pool-72-thread-1] INFO  storage.RaftStorage (RaftStorage.java:format(72)) - Storage directory /workdir/hadoop-ozone/integration-test/target/test-dir/MiniOzoneClusterImpl-1c785ca3-4d8a-4703-81e1-f58f984e2e1c/datanode-4/data/ratis/727ed9a8-1d4d-4ede-bf0e-e72c5d5bb0f3 has been successfully formatted.
2019-09-29 11:05:11,832 [pool-72-thread-1] INFO  ratis.ContainerStateMachine (ContainerStateMachine.java:loadSnapshot(230)) - group-E72C5D5BB0F3: The snapshot info is null. Setting the last applied indexto:(t:0, i:~)
2019-09-29 11:05:11,834 [pool-72-thread-1] INFO  server.RaftServerConfigKeys (ConfUtils.java:logGet(43)) - raft.server.notification.no-leader.timeout = 120s (custom)
2019-09-29 11:05:11,834 [pool-72-thread-1] INFO  server.RaftServerConfigKeys (ConfUtils.java:logGet(43)) - raft.server.log.use.memory = false (default)
2019-09-29 11:05:11,834 [pool-72-thread-1] INFO  server.RaftServerConfigKeys (ConfUtils.java:logGet(43)) - raft.server.log.purge.gap = 1000000 (custom)
2019-09-29 11:05:11,834 [pool-72-thread-1] INFO  server.RaftServerConfigKeys (ConfUtils.java:logGet(43)) - raft.server.log.appender.buffer.byte-limit = 33554432 (custom)
2019-09-29 11:05:11,834 [pool-72-thread-1] INFO  server.RaftServerConfigKeys (ConfUtils.java:logGet(43)) - raft.server.log.segment.size.max = 1048576 (custom)
2019-09-29 11:05:11,834 [pool-72-thread-1] INFO  server.RaftServerConfigKeys (ConfUtils.java:logGet(43)) - raft.server.log.segment.cache.num.max = 2 (custom)
2019-09-29 11:05:11,835 [pool-72-thread-1] INFO  segmented.SegmentedRaftLogWorker (SegmentedRaftLogWorker.java:<init>(172)) - new 870588b0-aa93-434f-8f13-603c5341fab3@group-E72C5D5BB0F3-SegmentedRaftLogWorker for RaftStorage:Storage Directory /workdir/hadoop-ozone/integration-test/target/test-dir/MiniOzoneClusterImpl-1c785ca3-4d8a-4703-81e1-f58f984e2e1c/datanode-4/data/ratis/727ed9a8-1d4d-4ede-bf0e-e72c5d5bb0f3
2019-09-29 11:05:11,889 [pool-72-thread-1] INFO  server.RaftServerConfigKeys (ConfUtils.java:logGet(43)) - raft.server.log.queue.byte-limit = 2147483647 (custom)
2019-09-29 11:05:11,889 [pool-72-thread-1] INFO  server.RaftServerConfigKeys (ConfUtils.java:logGet(43)) - raft.server.log.queue.element-limit = 1024 (custom)
2019-09-29 11:05:11,889 [pool-72-thread-1] INFO  server.RaftServerConfigKeys (ConfUtils.java:logGet(43)) - raft.server.log.segment.size.max = 1048576 (custom)
2019-09-29 11:05:11,890 [pool-72-thread-1] INFO  server.RaftServerConfigKeys (ConfUtils.java:logGet(43)) - raft.server.log.preallocated.size = 16384 (custom)
2019-09-29 11:05:11,890 [pool-72-thread-1] INFO  server.RaftServerConfigKeys (ConfUtils.java:logGet(43)) - raft.server.log.write.buffer.size = 33554432 (custom)
2019-09-29 11:05:11,890 [pool-72-thread-1] INFO  server.RaftServerConfigKeys (ConfUtils.java:logGet(43)) - raft.server.log.force.sync.num = 128 (default)
2019-09-29 11:05:11,890 [pool-72-thread-1] INFO  server.RaftServerConfigKeys (ConfUtils.java:logGet(43)) - raft.server.log.statemachine.data.sync = true (default)
2019-09-29 11:05:11,890 [pool-72-thread-1] INFO  server.RaftServerConfigKeys (ConfUtils.java:logGet(43)) - raft.server.log.statemachine.data.sync.timeout = 10s (default)
2019-09-29 11:05:11,890 [pool-72-thread-1] INFO  server.RaftServerConfigKeys (ConfUtils.java:logGet(43)) - raft.server.log.statemachine.data.sync.timeout.retry = -1 (default)
2019-09-29 11:05:11,891 [pool-72-thread-1] INFO  server.RaftServerConfigKeys (ConfUtils.java:logGet(43)) - raft.server.log.statemachine.data.caching.enabled = true (custom)
2019-09-29 11:05:11,891 [pool-72-thread-1] INFO  segmented.SegmentedRaftLogWorker (SegmentedRaftLogWorker.java:lambda$new$0(132)) - 870588b0-aa93-434f-8f13-603c5341fab3@group-E72C5D5BB0F3-SegmentedRaftLogWorker: flushIndex: setUnconditionally 0 -> -1
2019-09-29 11:05:11,891 [pool-72-thread-1] INFO  server.RaftServerConfigKeys (ConfUtils.java:logGet(43)) - raft.server.snapshot.auto.trigger.enabled = true (custom)
2019-09-29 11:05:11,891 [pool-72-thread-1] INFO  server.RaftServerConfigKeys (ConfUtils.java:logGet(43)) - raft.server.snapshot.auto.trigger.threshold = 10000 (custom)
2019-09-29 11:05:11,892 [pool-72-thread-1] INFO  server.RaftServerConfigKeys (ConfUtils.java:logGet(43)) - raft.server.snapshot.retention.num.files = 5 (custom)
2019-09-29 11:05:11,892 [pool-72-thread-1] INFO  server.RaftServerConfigKeys (ConfUtils.java:logGet(43)) - raft.server.retrycache.expirytime = 600000ms (custom)
2019-09-29 11:05:11,897 [pool-72-thread-1] INFO  impl.RaftServerImpl (RaftServerImpl.java:start(185)) - 870588b0-aa93-434f-8f13-603c5341fab3@group-E72C5D5BB0F3: start as a follower, conf=-1: [870588b0-aa93-434f-8f13-603c5341fab3:192.168.30.19:42508], old=null
2019-09-29 11:05:11,897 [pool-72-thread-1] INFO  impl.RaftServerImpl (RaftServerImpl.java:setRole(174)) - 870588b0-aa93-434f-8f13-603c5341fab3@group-E72C5D5BB0F3: changes role from      null to FOLLOWER at term 0 for startAsFollower
2019-09-29 11:05:11,897 [pool-72-thread-1] INFO  impl.RoleInfo (RoleInfo.java:updateAndGet(143)) - 870588b0-aa93-434f-8f13-603c5341fab3: start FollowerState
2019-09-29 11:05:11,899 [pool-72-thread-1] INFO  util.JmxRegister (JmxRegister.java:tryRegister(44)) - Successfully registered JMX Bean with object name Ratis:service=RaftServer,group=group-E72C5D5BB0F3,id=870588b0-aa93-434f-8f13-603c5341fab3
2019-09-29 11:05:11,916 [RatisPipelineUtilsThread] INFO  pipeline.PipelineStateManager (PipelineStateManager.java:addPipeline(56)) - Created pipeline Pipeline[ Id: 727ed9a8-1d4d-4ede-bf0e-e72c5d5bb0f3, Nodes: 870588b0-aa93-434f-8f13-603c5341fab3{ip: 192.168.30.19, host: pr-hdds-1569-lsfh5-224679870, networkLocation: /default-rack, certSerialId: null}, Type:RATIS, Factor:ONE, State:OPEN]
2019-09-29 11:05:11,944 [grpc-default-executor-0] INFO  impl.RaftServerProxy (RaftServerProxy.java:addNew(89)) - 026581f2-b768-4705-ac6e-669da543cea3: addNew group-38190AD2F9A2:[026581f2-b768-4705-ac6e-669da543cea3:192.168.30.19:42448] returns group-38190AD2F9A2:java.util.concurrent.CompletableFuture@67ef5df9[Not completed]
2019-09-29 11:05:11,951 [pool-102-thread-1] INFO  impl.RaftServerImpl (RaftServerImpl.java:<init>(95)) - 026581f2-b768-4705-ac6e-669da543cea3: new RaftServerImpl for group-38190AD2F9A2:[026581f2-b768-4705-ac6e-669da543cea3:192.168.30.19:42448] with ContainerStateMachine:uninitialized
2019-09-29 11:05:11,951 [pool-102-thread-1] INFO  server.RaftServerConfigKeys (ConfUtils.java:logGet(43)) - raft.server.rpc.timeout.min = 5s (custom)
2019-09-29 11:05:11,951 [pool-102-thread-1] INFO  server.RaftServerConfigKeys (ConfUtils.java:logGet(43)) - raft.server.rpc.timeout.max = 5200ms (custom)
2019-09-29 11:05:11,951 [pool-102-thread-1] INFO  server.RaftServerConfigKeys (ConfUtils.java:logGet(43)) - raft.server.rpcslowness.timeout = 120s (custom)
2019-09-29 11:05:11,951 [pool-102-thread-1] INFO  server.RaftServerConfigKeys (ConfUtils.java:logGet(43)) - raft.server.sleep.deviation.threshold = 300 (default)
2019-09-29 11:05:11,952 [pool-102-thread-1] INFO  server.RaftServerConfigKeys (ConfUtils.java:logGet(43)) - raft.server.log.appender.install.snapshot.enabled = false (custom)
2019-09-29 11:05:11,952 [pool-102-thread-1] INFO  impl.RaftServerImpl (ServerState.java:<init>(103)) - 026581f2-b768-4705-ac6e-669da543cea3@group-38190AD2F9A2: ConfigurationManager, init=-1: [026581f2-b768-4705-ac6e-669da543cea3:192.168.30.19:42448], old=null, confs=<EMPTY_MAP>
2019-09-29 11:05:11,952 [pool-102-thread-1] INFO  server.RaftServerConfigKeys (ConfUtils.java:logGet(43)) - raft.server.storage.dir = [/workdir/hadoop-ozone/integration-test/target/test-dir/MiniOzoneClusterImpl-1c785ca3-4d8a-4703-81e1-f58f984e2e1c/datanode-7/data/ratis] (custom)
2019-09-29 11:05:11,953 [pool-102-thread-1] INFO  storage.RaftStorageDirectory (RaftStorageDirectory.java:analyzeStorage(246)) - The storage directory /workdir/hadoop-ozone/integration-test/target/test-dir/MiniOzoneClusterImpl-1c785ca3-4d8a-4703-81e1-f58f984e2e1c/datanode-7/data/ratis/ad6a112c-2896-4a2e-9005-38190ad2f9a2 does not exist. Creating ...
2019-09-29 11:05:11,976 [pool-102-thread-1] INFO  storage.RaftStorageDirectory (RaftStorageDirectory.java:tryLock(328)) - Lock on /workdir/hadoop-ozone/integration-test/target/test-dir/MiniOzoneClusterImpl-1c785ca3-4d8a-4703-81e1-f58f984e2e1c/datanode-7/data/ratis/ad6a112c-2896-4a2e-9005-38190ad2f9a2/in_use.lock acquired by nodename 32469@pr-hdds-1569-lsfh5-224679870
2019-09-29 11:05:12,000 [pool-102-thread-1] INFO  storage.RaftStorage (RaftStorage.java:format(72)) - Storage directory /workdir/hadoop-ozone/integration-test/target/test-dir/MiniOzoneClusterImpl-1c785ca3-4d8a-4703-81e1-f58f984e2e1c/datanode-7/data/ratis/ad6a112c-2896-4a2e-9005-38190ad2f9a2 has been successfully formatted.
2019-09-29 11:05:12,001 [pool-102-thread-1] INFO  ratis.ContainerStateMachine (ContainerStateMachine.java:loadSnapshot(230)) - group-38190AD2F9A2: The snapshot info is null. Setting the last applied indexto:(t:0, i:~)
2019-09-29 11:05:12,001 [pool-102-thread-1] INFO  server.RaftServerConfigKeys (ConfUtils.java:logGet(43)) - raft.server.notification.no-leader.timeout = 120s (custom)
2019-09-29 11:05:12,001 [pool-102-thread-1] INFO  server.RaftServerConfigKeys (ConfUtils.java:logGet(43)) - raft.server.log.use.memory = false (default)
2019-09-29 11:05:12,001 [pool-102-thread-1] INFO  server.RaftServerConfigKeys (ConfUtils.java:logGet(43)) - raft.server.log.purge.gap = 1000000 (custom)
2019-09-29 11:05:12,001 [pool-102-thread-1] INFO  server.RaftServerConfigKeys (ConfUtils.java:logGet(43)) - raft.server.log.appender.buffer.byte-limit = 33554432 (custom)
2019-09-29 11:05:12,002 [pool-102-thread-1] INFO  server.RaftServerConfigKeys (ConfUtils.java:logGet(43)) - raft.server.log.segment.size.max = 1048576 (custom)
2019-09-29 11:05:12,002 [pool-102-thread-1] INFO  server.RaftServerConfigKeys (ConfUtils.java:logGet(43)) - raft.server.log.segment.cache.num.max = 2 (custom)
2019-09-29 11:05:12,002 [pool-102-thread-1] INFO  segmented.SegmentedRaftLogWorker (SegmentedRaftLogWorker.java:<init>(172)) - new 026581f2-b768-4705-ac6e-669da543cea3@group-38190AD2F9A2-SegmentedRaftLogWorker for RaftStorage:Storage Directory /workdir/hadoop-ozone/integration-test/target/test-dir/MiniOzoneClusterImpl-1c785ca3-4d8a-4703-81e1-f58f984e2e1c/datanode-7/data/ratis/ad6a112c-2896-4a2e-9005-38190ad2f9a2
2019-09-29 11:05:12,006 [pool-102-thread-1] INFO  server.RaftServerConfigKeys (ConfUtils.java:logGet(43)) - raft.server.log.queue.byte-limit = 2147483647 (custom)
2019-09-29 11:05:12,006 [pool-102-thread-1] INFO  server.RaftServerConfigKeys (ConfUtils.java:logGet(43)) - raft.server.log.queue.element-limit = 1024 (custom)
2019-09-29 11:05:12,007 [pool-102-thread-1] INFO  server.RaftServerConfigKeys (ConfUtils.java:logGet(43)) - raft.server.log.segment.size.max = 1048576 (custom)
2019-09-29 11:05:12,007 [pool-102-thread-1] INFO  server.RaftServerConfigKeys (ConfUtils.java:logGet(43)) - raft.server.log.preallocated.size = 16384 (custom)
2019-09-29 11:05:12,007 [pool-102-thread-1] INFO  server.RaftServerConfigKeys (ConfUtils.java:logGet(43)) - raft.server.log.write.buffer.size = 33554432 (custom)
2019-09-29 11:05:12,007 [pool-102-thread-1] INFO  server.RaftServerConfigKeys (ConfUtils.java:logGet(43)) - raft.server.log.force.sync.num = 128 (default)
2019-09-29 11:05:12,007 [pool-102-thread-1] INFO  server.RaftServerConfigKeys (ConfUtils.java:logGet(43)) - raft.server.log.statemachine.data.sync = true (default)
2019-09-29 11:05:12,008 [pool-102-thread-1] INFO  server.RaftServerConfigKeys (ConfUtils.java:logGet(43)) - raft.server.log.statemachine.data.sync.timeout = 10s (default)
2019-09-29 11:05:12,008 [pool-102-thread-1] INFO  server.RaftServerConfigKeys (ConfUtils.java:logGet(43)) - raft.server.log.statemachine.data.sync.timeout.retry = -1 (default)
2019-09-29 11:05:12,008 [pool-102-thread-1] INFO  server.RaftServerConfigKeys (ConfUtils.java:logGet(43)) - raft.server.log.statemachine.data.caching.enabled = true (custom)
2019-09-29 11:05:12,008 [pool-102-thread-1] INFO  segmented.SegmentedRaftLogWorker (SegmentedRaftLogWorker.java:lambda$new$0(132)) - 026581f2-b768-4705-ac6e-669da543cea3@group-38190AD2F9A2-SegmentedRaftLogWorker: flushIndex: setUnconditionally 0 -> -1
2019-09-29 11:05:12,009 [pool-102-thread-1] INFO  server.RaftServerConfigKeys (ConfUtils.java:logGet(43)) - raft.server.snapshot.auto.trigger.enabled = true (custom)
2019-09-29 11:05:12,009 [pool-102-thread-1] INFO  server.RaftServerConfigKeys (ConfUtils.java:logGet(43)) - raft.server.snapshot.auto.trigger.threshold = 10000 (custom)
2019-09-29 11:05:12,009 [pool-102-thread-1] INFO  server.RaftServerConfigKeys (ConfUtils.java:logGet(43)) - raft.server.snapshot.retention.num.files = 5 (custom)
2019-09-29 11:05:12,009 [pool-102-thread-1] INFO  server.RaftServerConfigKeys (ConfUtils.java:logGet(43)) - raft.server.retrycache.expirytime = 600000ms (custom)
2019-09-29 11:05:12,014 [pool-102-thread-1] INFO  impl.RaftServerImpl (RaftServerImpl.java:start(185)) - 026581f2-b768-4705-ac6e-669da543cea3@group-38190AD2F9A2: start as a follower, conf=-1: [026581f2-b768-4705-ac6e-669da543cea3:192.168.30.19:42448], old=null
2019-09-29 11:05:12,014 [pool-102-thread-1] INFO  impl.RaftServerImpl (RaftServerImpl.java:setRole(174)) - 026581f2-b768-4705-ac6e-669da543cea3@group-38190AD2F9A2: changes role from      null to FOLLOWER at term 0 for startAsFollower
2019-09-29 11:05:12,014 [pool-102-thread-1] INFO  impl.RoleInfo (RoleInfo.java:updateAndGet(143)) - 026581f2-b768-4705-ac6e-669da543cea3: start FollowerState
2019-09-29 11:05:12,015 [pool-102-thread-1] INFO  util.JmxRegister (JmxRegister.java:tryRegister(44)) - Successfully registered JMX Bean with object name Ratis:service=RaftServer,group=group-38190AD2F9A2,id=026581f2-b768-4705-ac6e-669da543cea3
2019-09-29 11:05:12,039 [RatisPipelineUtilsThread] INFO  pipeline.PipelineStateManager (PipelineStateManager.java:addPipeline(56)) - Created pipeline Pipeline[ Id: ad6a112c-2896-4a2e-9005-38190ad2f9a2, Nodes: 026581f2-b768-4705-ac6e-669da543cea3{ip: 192.168.30.19, host: pr-hdds-1569-lsfh5-224679870, networkLocation: /default-rack, certSerialId: null}, Type:RATIS, Factor:ONE, State:OPEN]
2019-09-29 11:05:12,057 [grpc-default-executor-0] INFO  impl.RaftServerProxy (RaftServerProxy.java:addNew(89)) - 99934b4d-3a02-4f06-a885-6df517790569: addNew group-5B8D142FB36F:[99934b4d-3a02-4f06-a885-6df517790569:192.168.30.19:44989] returns group-5B8D142FB36F:java.util.concurrent.CompletableFuture@22f0f45f[Not completed]
2019-09-29 11:05:12,064 [pool-92-thread-1] INFO  impl.RaftServerImpl (RaftServerImpl.java:<init>(95)) - 99934b4d-3a02-4f06-a885-6df517790569: new RaftServerImpl for group-5B8D142FB36F:[99934b4d-3a02-4f06-a885-6df517790569:192.168.30.19:44989] with ContainerStateMachine:uninitialized
2019-09-29 11:05:12,064 [pool-92-thread-1] INFO  server.RaftServerConfigKeys (ConfUtils.java:logGet(43)) - raft.server.rpc.timeout.min = 5s (custom)
2019-09-29 11:05:12,064 [pool-92-thread-1] INFO  server.RaftServerConfigKeys (ConfUtils.java:logGet(43)) - raft.server.rpc.timeout.max = 5200ms (custom)
2019-09-29 11:05:12,064 [pool-92-thread-1] INFO  server.RaftServerConfigKeys (ConfUtils.java:logGet(43)) - raft.server.rpcslowness.timeout = 120s (custom)
2019-09-29 11:05:12,064 [pool-92-thread-1] INFO  server.RaftServerConfigKeys (ConfUtils.java:logGet(43)) - raft.server.sleep.deviation.threshold = 300 (default)
2019-09-29 11:05:12,065 [pool-92-thread-1] INFO  server.RaftServerConfigKeys (ConfUtils.java:logGet(43)) - raft.server.log.appender.install.snapshot.enabled = false (custom)
2019-09-29 11:05:12,065 [pool-92-thread-1] INFO  impl.RaftServerImpl (ServerState.java:<init>(103)) - 99934b4d-3a02-4f06-a885-6df517790569@group-5B8D142FB36F: ConfigurationManager, init=-1: [99934b4d-3a02-4f06-a885-6df517790569:192.168.30.19:44989], old=null, confs=<EMPTY_MAP>
2019-09-29 11:05:12,065 [pool-92-thread-1] INFO  server.RaftServerConfigKeys (ConfUtils.java:logGet(43)) - raft.server.storage.dir = [/workdir/hadoop-ozone/integration-test/target/test-dir/MiniOzoneClusterImpl-1c785ca3-4d8a-4703-81e1-f58f984e2e1c/datanode-6/data/ratis] (custom)
2019-09-29 11:05:12,066 [pool-92-thread-1] INFO  storage.RaftStorageDirectory (RaftStorageDirectory.java:analyzeStorage(246)) - The storage directory /workdir/hadoop-ozone/integration-test/target/test-dir/MiniOzoneClusterImpl-1c785ca3-4d8a-4703-81e1-f58f984e2e1c/datanode-6/data/ratis/7b283c4f-2c2a-4c64-b78d-5b8d142fb36f does not exist. Creating ...
2019-09-29 11:05:12,089 [pool-92-thread-1] INFO  storage.RaftStorageDirectory (RaftStorageDirectory.java:tryLock(328)) - Lock on /workdir/hadoop-ozone/integration-test/target/test-dir/MiniOzoneClusterImpl-1c785ca3-4d8a-4703-81e1-f58f984e2e1c/datanode-6/data/ratis/7b283c4f-2c2a-4c64-b78d-5b8d142fb36f/in_use.lock acquired by nodename 32469@pr-hdds-1569-lsfh5-224679870
2019-09-29 11:05:12,130 [pool-92-thread-1] INFO  storage.RaftStorage (RaftStorage.java:format(72)) - Storage directory /workdir/hadoop-ozone/integration-test/target/test-dir/MiniOzoneClusterImpl-1c785ca3-4d8a-4703-81e1-f58f984e2e1c/datanode-6/data/ratis/7b283c4f-2c2a-4c64-b78d-5b8d142fb36f has been successfully formatted.
2019-09-29 11:05:12,130 [pool-92-thread-1] INFO  ratis.ContainerStateMachine (ContainerStateMachine.java:loadSnapshot(230)) - group-5B8D142FB36F: The snapshot info is null. Setting the last applied indexto:(t:0, i:~)
2019-09-29 11:05:12,130 [pool-92-thread-1] INFO  server.RaftServerConfigKeys (ConfUtils.java:logGet(43)) - raft.server.notification.no-leader.timeout = 120s (custom)
2019-09-29 11:05:12,130 [pool-92-thread-1] INFO  server.RaftServerConfigKeys (ConfUtils.java:logGet(43)) - raft.server.log.use.memory = false (default)
2019-09-29 11:05:12,131 [pool-92-thread-1] INFO  server.RaftServerConfigKeys (ConfUtils.java:logGet(43)) - raft.server.log.purge.gap = 1000000 (custom)
2019-09-29 11:05:12,131 [pool-92-thread-1] INFO  server.RaftServerConfigKeys (ConfUtils.java:logGet(43)) - raft.server.log.appender.buffer.byte-limit = 33554432 (custom)
2019-09-29 11:05:12,131 [pool-92-thread-1] INFO  server.RaftServerConfigKeys (ConfUtils.java:logGet(43)) - raft.server.log.segment.size.max = 1048576 (custom)
2019-09-29 11:05:12,131 [pool-92-thread-1] INFO  server.RaftServerConfigKeys (ConfUtils.java:logGet(43)) - raft.server.log.segment.cache.num.max = 2 (custom)
2019-09-29 11:05:12,131 [pool-92-thread-1] INFO  segmented.SegmentedRaftLogWorker (SegmentedRaftLogWorker.java:<init>(172)) - new 99934b4d-3a02-4f06-a885-6df517790569@group-5B8D142FB36F-SegmentedRaftLogWorker for RaftStorage:Storage Directory /workdir/hadoop-ozone/integration-test/target/test-dir/MiniOzoneClusterImpl-1c785ca3-4d8a-4703-81e1-f58f984e2e1c/datanode-6/data/ratis/7b283c4f-2c2a-4c64-b78d-5b8d142fb36f
2019-09-29 11:05:12,135 [pool-92-thread-1] INFO  server.RaftServerConfigKeys (ConfUtils.java:logGet(43)) - raft.server.log.queue.byte-limit = 2147483647 (custom)
2019-09-29 11:05:12,136 [pool-92-thread-1] INFO  server.RaftServerConfigKeys (ConfUtils.java:logGet(43)) - raft.server.log.queue.element-limit = 1024 (custom)
2019-09-29 11:05:12,136 [pool-92-thread-1] INFO  server.RaftServerConfigKeys (ConfUtils.java:logGet(43)) - raft.server.log.segment.size.max = 1048576 (custom)
2019-09-29 11:05:12,136 [pool-92-thread-1] INFO  server.RaftServerConfigKeys (ConfUtils.java:logGet(43)) - raft.server.log.preallocated.size = 16384 (custom)
2019-09-29 11:05:12,136 [pool-92-thread-1] INFO  server.RaftServerConfigKeys (ConfUtils.java:logGet(43)) - raft.server.log.write.buffer.size = 33554432 (custom)
2019-09-29 11:05:12,136 [pool-92-thread-1] INFO  server.RaftServerConfigKeys (ConfUtils.java:logGet(43)) - raft.server.log.force.sync.num = 128 (default)
2019-09-29 11:05:12,137 [pool-92-thread-1] INFO  server.RaftServerConfigKeys (ConfUtils.java:logGet(43)) - raft.server.log.statemachine.data.sync = true (default)
2019-09-29 11:05:12,137 [pool-92-thread-1] INFO  server.RaftServerConfigKeys (ConfUtils.java:logGet(43)) - raft.server.log.statemachine.data.sync.timeout = 10s (default)
2019-09-29 11:05:12,137 [pool-92-thread-1] INFO  server.RaftServerConfigKeys (ConfUtils.java:logGet(43)) - raft.server.log.statemachine.data.sync.timeout.retry = -1 (default)
2019-09-29 11:05:12,137 [pool-92-thread-1] INFO  server.RaftServerConfigKeys (ConfUtils.java:logGet(43)) - raft.server.log.statemachine.data.caching.enabled = true (custom)
2019-09-29 11:05:12,138 [pool-92-thread-1] INFO  segmented.SegmentedRaftLogWorker (SegmentedRaftLogWorker.java:lambda$new$0(132)) - 99934b4d-3a02-4f06-a885-6df517790569@group-5B8D142FB36F-SegmentedRaftLogWorker: flushIndex: setUnconditionally 0 -> -1
2019-09-29 11:05:12,138 [pool-92-thread-1] INFO  server.RaftServerConfigKeys (ConfUtils.java:logGet(43)) - raft.server.snapshot.auto.trigger.enabled = true (custom)
2019-09-29 11:05:12,138 [pool-92-thread-1] INFO  server.RaftServerConfigKeys (ConfUtils.java:logGet(43)) - raft.server.snapshot.auto.trigger.threshold = 10000 (custom)
2019-09-29 11:05:12,138 [pool-92-thread-1] INFO  server.RaftServerConfigKeys (ConfUtils.java:logGet(43)) - raft.server.snapshot.retention.num.files = 5 (custom)
2019-09-29 11:05:12,139 [pool-92-thread-1] INFO  server.RaftServerConfigKeys (ConfUtils.java:logGet(43)) - raft.server.retrycache.expirytime = 600000ms (custom)
2019-09-29 11:05:12,142 [pool-92-thread-1] INFO  impl.RaftServerImpl (RaftServerImpl.java:start(185)) - 99934b4d-3a02-4f06-a885-6df517790569@group-5B8D142FB36F: start as a follower, conf=-1: [99934b4d-3a02-4f06-a885-6df517790569:192.168.30.19:44989], old=null
2019-09-29 11:05:12,143 [pool-92-thread-1] INFO  impl.RaftServerImpl (RaftServerImpl.java:setRole(174)) - 99934b4d-3a02-4f06-a885-6df517790569@group-5B8D142FB36F: changes role from      null to FOLLOWER at term 0 for startAsFollower
2019-09-29 11:05:12,143 [pool-92-thread-1] INFO  impl.RoleInfo (RoleInfo.java:updateAndGet(143)) - 99934b4d-3a02-4f06-a885-6df517790569: start FollowerState
2019-09-29 11:05:12,143 [pool-92-thread-1] INFO  util.JmxRegister (JmxRegister.java:tryRegister(44)) - Successfully registered JMX Bean with object name Ratis:service=RaftServer,group=group-5B8D142FB36F,id=99934b4d-3a02-4f06-a885-6df517790569
2019-09-29 11:05:12,159 [RatisPipelineUtilsThread] INFO  pipeline.PipelineStateManager (PipelineStateManager.java:addPipeline(56)) - Created pipeline Pipeline[ Id: 7b283c4f-2c2a-4c64-b78d-5b8d142fb36f, Nodes: 99934b4d-3a02-4f06-a885-6df517790569{ip: 192.168.30.19, host: pr-hdds-1569-lsfh5-224679870, networkLocation: /default-rack, certSerialId: null}, Type:RATIS, Factor:ONE, State:OPEN]
2019-09-29 11:05:12,181 [grpc-default-executor-0] INFO  impl.RaftServerProxy (RaftServerProxy.java:addNew(89)) - ffc598c9-2889-47e9-b0c1-218659b91528: addNew group-B8B758C512A1:[ffc598c9-2889-47e9-b0c1-218659b91528:192.168.30.19:43845] returns group-B8B758C512A1:java.util.concurrent.CompletableFuture@4131ec55[Not completed]
2019-09-29 11:05:12,292 [main] INFO  ozone.MiniOzoneClusterImpl (MiniOzoneClusterImpl.java:lambda$waitForClusterToBeReady$0(147)) - Cluster is ready. Got 10 of 10 DN Heartbeats.
2019-09-29 11:05:12,631 [pool-112-thread-1] INFO  impl.RaftServerImpl (RaftServerImpl.java:<init>(95)) - ffc598c9-2889-47e9-b0c1-218659b91528: new RaftServerImpl for group-B8B758C512A1:[ffc598c9-2889-47e9-b0c1-218659b91528:192.168.30.19:43845] with ContainerStateMachine:uninitialized
2019-09-29 11:05:12,632 [pool-112-thread-1] INFO  server.RaftServerConfigKeys (ConfUtils.java:logGet(43)) - raft.server.rpc.timeout.min = 5s (custom)
2019-09-29 11:05:12,632 [pool-112-thread-1] INFO  server.RaftServerConfigKeys (ConfUtils.java:logGet(43)) - raft.server.rpc.timeout.max = 5200ms (custom)
2019-09-29 11:05:12,632 [pool-112-thread-1] INFO  server.RaftServerConfigKeys (ConfUtils.java:logGet(43)) - raft.server.rpcslowness.timeout = 120s (custom)
2019-09-29 11:05:12,633 [pool-112-thread-1] INFO  server.RaftServerConfigKeys (ConfUtils.java:logGet(43)) - raft.server.sleep.deviation.threshold = 300 (default)
2019-09-29 11:05:12,633 [pool-112-thread-1] INFO  server.RaftServerConfigKeys (ConfUtils.java:logGet(43)) - raft.server.log.appender.install.snapshot.enabled = false (custom)
2019-09-29 11:05:12,633 [pool-112-thread-1] INFO  impl.RaftServerImpl (ServerState.java:<init>(103)) - ffc598c9-2889-47e9-b0c1-218659b91528@group-B8B758C512A1: ConfigurationManager, init=-1: [ffc598c9-2889-47e9-b0c1-218659b91528:192.168.30.19:43845], old=null, confs=<EMPTY_MAP>
2019-09-29 11:05:12,633 [pool-112-thread-1] INFO  server.RaftServerConfigKeys (ConfUtils.java:logGet(43)) - raft.server.storage.dir = [/workdir/hadoop-ozone/integration-test/target/test-dir/MiniOzoneClusterImpl-1c785ca3-4d8a-4703-81e1-f58f984e2e1c/datanode-8/data/ratis] (custom)
2019-09-29 11:05:12,634 [pool-112-thread-1] INFO  storage.RaftStorageDirectory (RaftStorageDirectory.java:analyzeStorage(246)) - The storage directory /workdir/hadoop-ozone/integration-test/target/test-dir/MiniOzoneClusterImpl-1c785ca3-4d8a-4703-81e1-f58f984e2e1c/datanode-8/data/ratis/3108d304-4591-4f4b-a83c-b8b758c512a1 does not exist. Creating ...
2019-09-29 11:05:12,663 [pool-112-thread-1] INFO  storage.RaftStorageDirectory (RaftStorageDirectory.java:tryLock(328)) - Lock on /workdir/hadoop-ozone/integration-test/target/test-dir/MiniOzoneClusterImpl-1c785ca3-4d8a-4703-81e1-f58f984e2e1c/datanode-8/data/ratis/3108d304-4591-4f4b-a83c-b8b758c512a1/in_use.lock acquired by nodename 32469@pr-hdds-1569-lsfh5-224679870
2019-09-29 11:05:12,689 [pool-112-thread-1] INFO  storage.RaftStorage (RaftStorage.java:format(72)) - Storage directory /workdir/hadoop-ozone/integration-test/target/test-dir/MiniOzoneClusterImpl-1c785ca3-4d8a-4703-81e1-f58f984e2e1c/datanode-8/data/ratis/3108d304-4591-4f4b-a83c-b8b758c512a1 has been successfully formatted.
2019-09-29 11:05:12,689 [pool-112-thread-1] INFO  ratis.ContainerStateMachine (ContainerStateMachine.java:loadSnapshot(230)) - group-B8B758C512A1: The snapshot info is null. Setting the last applied indexto:(t:0, i:~)
2019-09-29 11:05:12,689 [pool-112-thread-1] INFO  server.RaftServerConfigKeys (ConfUtils.java:logGet(43)) - raft.server.notification.no-leader.timeout = 120s (custom)
2019-09-29 11:05:12,690 [pool-112-thread-1] INFO  server.RaftServerConfigKeys (ConfUtils.java:logGet(43)) - raft.server.log.use.memory = false (default)
2019-09-29 11:05:12,690 [pool-112-thread-1] INFO  server.RaftServerConfigKeys (ConfUtils.java:logGet(43)) - raft.server.log.purge.gap = 1000000 (custom)
2019-09-29 11:05:12,690 [pool-112-thread-1] INFO  server.RaftServerConfigKeys (ConfUtils.java:logGet(43)) - raft.server.log.appender.buffer.byte-limit = 33554432 (custom)
2019-09-29 11:05:12,690 [pool-112-thread-1] INFO  server.RaftServerConfigKeys (ConfUtils.java:logGet(43)) - raft.server.log.segment.size.max = 1048576 (custom)
2019-09-29 11:05:12,690 [pool-112-thread-1] INFO  server.RaftServerConfigKeys (ConfUtils.java:logGet(43)) - raft.server.log.segment.cache.num.max = 2 (custom)
2019-09-29 11:05:12,691 [pool-112-thread-1] INFO  segmented.SegmentedRaftLogWorker (SegmentedRaftLogWorker.java:<init>(172)) - new ffc598c9-2889-47e9-b0c1-218659b91528@group-B8B758C512A1-SegmentedRaftLogWorker for RaftStorage:Storage Directory /workdir/hadoop-ozone/integration-test/target/test-dir/MiniOzoneClusterImpl-1c785ca3-4d8a-4703-81e1-f58f984e2e1c/datanode-8/data/ratis/3108d304-4591-4f4b-a83c-b8b758c512a1
2019-09-29 11:05:12,695 [pool-112-thread-1] INFO  server.RaftServerConfigKeys (ConfUtils.java:logGet(43)) - raft.server.log.queue.byte-limit = 2147483647 (custom)
2019-09-29 11:05:12,695 [pool-112-thread-1] INFO  server.RaftServerConfigKeys (ConfUtils.java:logGet(43)) - raft.server.log.queue.element-limit = 1024 (custom)
2019-09-29 11:05:12,695 [pool-112-thread-1] INFO  server.RaftServerConfigKeys (ConfUtils.java:logGet(43)) - raft.server.log.segment.size.max = 1048576 (custom)
2019-09-29 11:05:12,696 [pool-112-thread-1] INFO  server.RaftServerConfigKeys (ConfUtils.java:logGet(43)) - raft.server.log.preallocated.size = 16384 (custom)
2019-09-29 11:05:12,696 [pool-112-thread-1] INFO  server.RaftServerConfigKeys (ConfUtils.java:logGet(43)) - raft.server.log.write.buffer.size = 33554432 (custom)
2019-09-29 11:05:12,696 [pool-112-thread-1] INFO  server.RaftServerConfigKeys (ConfUtils.java:logGet(43)) - raft.server.log.force.sync.num = 128 (default)
2019-09-29 11:05:12,696 [pool-112-thread-1] INFO  server.RaftServerConfigKeys (ConfUtils.java:logGet(43)) - raft.server.log.statemachine.data.sync = true (default)
2019-09-29 11:05:12,696 [pool-112-thread-1] INFO  server.RaftServerConfigKeys (ConfUtils.java:logGet(43)) - raft.server.log.statemachine.data.sync.timeout = 10s (default)
2019-09-29 11:05:12,696 [pool-112-thread-1] INFO  server.RaftServerConfigKeys (ConfUtils.java:logGet(43)) - raft.server.log.statemachine.data.sync.timeout.retry = -1 (default)
2019-09-29 11:05:12,697 [pool-112-thread-1] INFO  server.RaftServerConfigKeys (ConfUtils.java:logGet(43)) - raft.server.log.statemachine.data.caching.enabled = true (custom)
2019-09-29 11:05:12,697 [pool-112-thread-1] INFO  segmented.SegmentedRaftLogWorker (SegmentedRaftLogWorker.java:lambda$new$0(132)) - ffc598c9-2889-47e9-b0c1-218659b91528@group-B8B758C512A1-SegmentedRaftLogWorker: flushIndex: setUnconditionally 0 -> -1
2019-09-29 11:05:12,698 [pool-112-thread-1] INFO  server.RaftServerConfigKeys (ConfUtils.java:logGet(43)) - raft.server.snapshot.auto.trigger.enabled = true (custom)
2019-09-29 11:05:12,698 [pool-112-thread-1] INFO  server.RaftServerConfigKeys (ConfUtils.java:logGet(43)) - raft.server.snapshot.auto.trigger.threshold = 10000 (custom)
2019-09-29 11:05:12,698 [pool-112-thread-1] INFO  server.RaftServerConfigKeys (ConfUtils.java:logGet(43)) - raft.server.snapshot.retention.num.files = 5 (custom)
2019-09-29 11:05:12,698 [pool-112-thread-1] INFO  server.RaftServerConfigKeys (ConfUtils.java:logGet(43)) - raft.server.retrycache.expirytime = 600000ms (custom)
2019-09-29 11:05:12,702 [pool-112-thread-1] INFO  impl.RaftServerImpl (RaftServerImpl.java:start(185)) - ffc598c9-2889-47e9-b0c1-218659b91528@group-B8B758C512A1: start as a follower, conf=-1: [ffc598c9-2889-47e9-b0c1-218659b91528:192.168.30.19:43845], old=null
2019-09-29 11:05:12,702 [pool-112-thread-1] INFO  impl.RaftServerImpl (RaftServerImpl.java:setRole(174)) - ffc598c9-2889-47e9-b0c1-218659b91528@group-B8B758C512A1: changes role from      null to FOLLOWER at term 0 for startAsFollower
2019-09-29 11:05:12,703 [pool-112-thread-1] INFO  impl.RoleInfo (RoleInfo.java:updateAndGet(143)) - ffc598c9-2889-47e9-b0c1-218659b91528: start FollowerState
2019-09-29 11:05:12,703 [pool-112-thread-1] INFO  util.JmxRegister (JmxRegister.java:tryRegister(44)) - Successfully registered JMX Bean with object name Ratis:service=RaftServer,group=group-B8B758C512A1,id=ffc598c9-2889-47e9-b0c1-218659b91528
2019-09-29 11:05:12,724 [RatisPipelineUtilsThread] INFO  pipeline.PipelineStateManager (PipelineStateManager.java:addPipeline(56)) - Created pipeline Pipeline[ Id: 3108d304-4591-4f4b-a83c-b8b758c512a1, Nodes: ffc598c9-2889-47e9-b0c1-218659b91528{ip: 192.168.30.19, host: pr-hdds-1569-lsfh5-224679870, networkLocation: /default-rack, certSerialId: null}, Type:RATIS, Factor:ONE, State:OPEN]
2019-09-29 11:05:12,746 [grpc-default-executor-0] INFO  impl.RaftServerProxy (RaftServerProxy.java:addNew(89)) - 50ca7e89-774d-4835-857f-c611153cc702: addNew group-633A266BB0EA:[50ca7e89-774d-4835-857f-c611153cc702:192.168.30.19:39779] returns group-633A266BB0EA:java.util.concurrent.CompletableFuture@2161b552[Not completed]
2019-09-29 11:05:12,753 [pool-82-thread-1] INFO  impl.RaftServerImpl (RaftServerImpl.java:<init>(95)) - 50ca7e89-774d-4835-857f-c611153cc702: new RaftServerImpl for group-633A266BB0EA:[50ca7e89-774d-4835-857f-c611153cc702:192.168.30.19:39779] with ContainerStateMachine:uninitialized
2019-09-29 11:05:12,754 [pool-82-thread-1] INFO  server.RaftServerConfigKeys (ConfUtils.java:logGet(43)) - raft.server.rpc.timeout.min = 5s (custom)
2019-09-29 11:05:12,754 [pool-82-thread-1] INFO  server.RaftServerConfigKeys (ConfUtils.java:logGet(43)) - raft.server.rpc.timeout.max = 5200ms (custom)
2019-09-29 11:05:12,754 [pool-82-thread-1] INFO  server.RaftServerConfigKeys (ConfUtils.java:logGet(43)) - raft.server.rpcslowness.timeout = 120s (custom)
2019-09-29 11:05:12,754 [pool-82-thread-1] INFO  server.RaftServerConfigKeys (ConfUtils.java:logGet(43)) - raft.server.sleep.deviation.threshold = 300 (default)
2019-09-29 11:05:12,754 [pool-82-thread-1] INFO  server.RaftServerConfigKeys (ConfUtils.java:logGet(43)) - raft.server.log.appender.install.snapshot.enabled = false (custom)
2019-09-29 11:05:12,755 [pool-82-thread-1] INFO  impl.RaftServerImpl (ServerState.java:<init>(103)) - 50ca7e89-774d-4835-857f-c611153cc702@group-633A266BB0EA: ConfigurationManager, init=-1: [50ca7e89-774d-4835-857f-c611153cc702:192.168.30.19:39779], old=null, confs=<EMPTY_MAP>
2019-09-29 11:05:12,755 [pool-82-thread-1] INFO  server.RaftServerConfigKeys (ConfUtils.java:logGet(43)) - raft.server.storage.dir = [/workdir/hadoop-ozone/integration-test/target/test-dir/MiniOzoneClusterImpl-1c785ca3-4d8a-4703-81e1-f58f984e2e1c/datanode-5/data/ratis] (custom)
2019-09-29 11:05:12,755 [pool-82-thread-1] INFO  storage.RaftStorageDirectory (RaftStorageDirectory.java:analyzeStorage(246)) - The storage directory /workdir/hadoop-ozone/integration-test/target/test-dir/MiniOzoneClusterImpl-1c785ca3-4d8a-4703-81e1-f58f984e2e1c/datanode-5/data/ratis/2a0714c3-14e3-43c8-8b75-633a266bb0ea does not exist. Creating ...
2019-09-29 11:05:12,781 [pool-82-thread-1] INFO  storage.RaftStorageDirectory (RaftStorageDirectory.java:tryLock(328)) - Lock on /workdir/hadoop-ozone/integration-test/target/test-dir/MiniOzoneClusterImpl-1c785ca3-4d8a-4703-81e1-f58f984e2e1c/datanode-5/data/ratis/2a0714c3-14e3-43c8-8b75-633a266bb0ea/in_use.lock acquired by nodename 32469@pr-hdds-1569-lsfh5-224679870
2019-09-29 11:05:12,812 [pool-82-thread-1] INFO  storage.RaftStorage (RaftStorage.java:format(72)) - Storage directory /workdir/hadoop-ozone/integration-test/target/test-dir/MiniOzoneClusterImpl-1c785ca3-4d8a-4703-81e1-f58f984e2e1c/datanode-5/data/ratis/2a0714c3-14e3-43c8-8b75-633a266bb0ea has been successfully formatted.
2019-09-29 11:05:12,834 [pool-82-thread-1] INFO  ratis.ContainerStateMachine (ContainerStateMachine.java:loadSnapshot(230)) - group-633A266BB0EA: The snapshot info is null. Setting the last applied indexto:(t:0, i:~)
2019-09-29 11:05:12,835 [pool-82-thread-1] INFO  server.RaftServerConfigKeys (ConfUtils.java:logGet(43)) - raft.server.notification.no-leader.timeout = 120s (custom)
2019-09-29 11:05:12,835 [pool-82-thread-1] INFO  server.RaftServerConfigKeys (ConfUtils.java:logGet(43)) - raft.server.log.use.memory = false (default)
2019-09-29 11:05:12,835 [pool-82-thread-1] INFO  server.RaftServerConfigKeys (ConfUtils.java:logGet(43)) - raft.server.log.purge.gap = 1000000 (custom)
2019-09-29 11:05:12,835 [pool-82-thread-1] INFO  server.RaftServerConfigKeys (ConfUtils.java:logGet(43)) - raft.server.log.appender.buffer.byte-limit = 33554432 (custom)
2019-09-29 11:05:12,843 [pool-82-thread-1] INFO  server.RaftServerConfigKeys (ConfUtils.java:logGet(43)) - raft.server.log.segment.size.max = 1048576 (custom)
2019-09-29 11:05:12,844 [pool-82-thread-1] INFO  server.RaftServerConfigKeys (ConfUtils.java:logGet(43)) - raft.server.log.segment.cache.num.max = 2 (custom)
2019-09-29 11:05:12,844 [pool-82-thread-1] INFO  segmented.SegmentedRaftLogWorker (SegmentedRaftLogWorker.java:<init>(172)) - new 50ca7e89-774d-4835-857f-c611153cc702@group-633A266BB0EA-SegmentedRaftLogWorker for RaftStorage:Storage Directory /workdir/hadoop-ozone/integration-test/target/test-dir/MiniOzoneClusterImpl-1c785ca3-4d8a-4703-81e1-f58f984e2e1c/datanode-5/data/ratis/2a0714c3-14e3-43c8-8b75-633a266bb0ea
2019-09-29 11:05:12,854 [pool-82-thread-1] INFO  server.RaftServerConfigKeys (ConfUtils.java:logGet(43)) - raft.server.log.queue.byte-limit = 2147483647 (custom)
2019-09-29 11:05:12,854 [pool-82-thread-1] INFO  server.RaftServerConfigKeys (ConfUtils.java:logGet(43)) - raft.server.log.queue.element-limit = 1024 (custom)
2019-09-29 11:05:12,855 [pool-82-thread-1] INFO  server.RaftServerConfigKeys (ConfUtils.java:logGet(43)) - raft.server.log.segment.size.max = 1048576 (custom)
2019-09-29 11:05:12,855 [pool-82-thread-1] INFO  server.RaftServerConfigKeys (ConfUtils.java:logGet(43)) - raft.server.log.preallocated.size = 16384 (custom)
2019-09-29 11:05:12,855 [pool-82-thread-1] INFO  server.RaftServerConfigKeys (ConfUtils.java:logGet(43)) - raft.server.log.write.buffer.size = 33554432 (custom)
2019-09-29 11:05:12,855 [pool-82-thread-1] INFO  server.RaftServerConfigKeys (ConfUtils.java:logGet(43)) - raft.server.log.force.sync.num = 128 (default)
2019-09-29 11:05:12,855 [pool-82-thread-1] INFO  server.RaftServerConfigKeys (ConfUtils.java:logGet(43)) - raft.server.log.statemachine.data.sync = true (default)
2019-09-29 11:05:12,855 [pool-82-thread-1] INFO  server.RaftServerConfigKeys (ConfUtils.java:logGet(43)) - raft.server.log.statemachine.data.sync.timeout = 10s (default)
2019-09-29 11:05:12,855 [pool-82-thread-1] INFO  server.RaftServerConfigKeys (ConfUtils.java:logGet(43)) - raft.server.log.statemachine.data.sync.timeout.retry = -1 (default)
2019-09-29 11:05:12,856 [pool-82-thread-1] INFO  server.RaftServerConfigKeys (ConfUtils.java:logGet(43)) - raft.server.log.statemachine.data.caching.enabled = true (custom)
2019-09-29 11:05:12,856 [pool-82-thread-1] INFO  segmented.SegmentedRaftLogWorker (SegmentedRaftLogWorker.java:lambda$new$0(132)) - 50ca7e89-774d-4835-857f-c611153cc702@group-633A266BB0EA-SegmentedRaftLogWorker: flushIndex: setUnconditionally 0 -> -1
2019-09-29 11:05:12,856 [pool-82-thread-1] INFO  server.RaftServerConfigKeys (ConfUtils.java:logGet(43)) - raft.server.snapshot.auto.trigger.enabled = true (custom)
2019-09-29 11:05:12,857 [pool-82-thread-1] INFO  server.RaftServerConfigKeys (ConfUtils.java:logGet(43)) - raft.server.snapshot.auto.trigger.threshold = 10000 (custom)
2019-09-29 11:05:12,857 [pool-82-thread-1] INFO  server.RaftServerConfigKeys (ConfUtils.java:logGet(43)) - raft.server.snapshot.retention.num.files = 5 (custom)
2019-09-29 11:05:12,857 [pool-82-thread-1] INFO  server.RaftServerConfigKeys (ConfUtils.java:logGet(43)) - raft.server.retrycache.expirytime = 600000ms (custom)
2019-09-29 11:05:12,859 [pool-82-thread-1] INFO  impl.RaftServerImpl (RaftServerImpl.java:start(185)) - 50ca7e89-774d-4835-857f-c611153cc702@group-633A266BB0EA: start as a follower, conf=-1: [50ca7e89-774d-4835-857f-c611153cc702:192.168.30.19:39779], old=null
2019-09-29 11:05:12,859 [pool-82-thread-1] INFO  impl.RaftServerImpl (RaftServerImpl.java:setRole(174)) - 50ca7e89-774d-4835-857f-c611153cc702@group-633A266BB0EA: changes role from      null to FOLLOWER at term 0 for startAsFollower
2019-09-29 11:05:12,859 [pool-82-thread-1] INFO  impl.RoleInfo (RoleInfo.java:updateAndGet(143)) - 50ca7e89-774d-4835-857f-c611153cc702: start FollowerState
2019-09-29 11:05:12,860 [pool-82-thread-1] INFO  util.JmxRegister (JmxRegister.java:tryRegister(44)) - Successfully registered JMX Bean with object name Ratis:service=RaftServer,group=group-633A266BB0EA,id=50ca7e89-774d-4835-857f-c611153cc702
2019-09-29 11:05:12,882 [RatisPipelineUtilsThread] INFO  pipeline.PipelineStateManager (PipelineStateManager.java:addPipeline(56)) - Created pipeline Pipeline[ Id: 2a0714c3-14e3-43c8-8b75-633a266bb0ea, Nodes: 50ca7e89-774d-4835-857f-c611153cc702{ip: 192.168.30.19, host: pr-hdds-1569-lsfh5-224679870, networkLocation: /default-rack, certSerialId: null}, Type:RATIS, Factor:ONE, State:OPEN]
2019-09-29 11:05:12,902 [grpc-default-executor-0] INFO  impl.RaftServerProxy (RaftServerProxy.java:addNew(89)) - 22a333ca-1d2b-4b48-8dcb-0266e32b8040: addNew group-E7D2D1CC4C20:[22a333ca-1d2b-4b48-8dcb-0266e32b8040:192.168.30.19:33233] returns group-E7D2D1CC4C20:java.util.concurrent.CompletableFuture@2d1316a8[Not completed]
2019-09-29 11:05:12,908 [pool-62-thread-1] INFO  impl.RaftServerImpl (RaftServerImpl.java:<init>(95)) - 22a333ca-1d2b-4b48-8dcb-0266e32b8040: new RaftServerImpl for group-E7D2D1CC4C20:[22a333ca-1d2b-4b48-8dcb-0266e32b8040:192.168.30.19:33233] with ContainerStateMachine:uninitialized
2019-09-29 11:05:12,908 [pool-62-thread-1] INFO  server.RaftServerConfigKeys (ConfUtils.java:logGet(43)) - raft.server.rpc.timeout.min = 5s (custom)
2019-09-29 11:05:12,908 [pool-62-thread-1] INFO  server.RaftServerConfigKeys (ConfUtils.java:logGet(43)) - raft.server.rpc.timeout.max = 5200ms (custom)
2019-09-29 11:05:12,908 [pool-62-thread-1] INFO  server.RaftServerConfigKeys (ConfUtils.java:logGet(43)) - raft.server.rpcslowness.timeout = 120s (custom)
2019-09-29 11:05:12,910 [pool-62-thread-1] INFO  server.RaftServerConfigKeys (ConfUtils.java:logGet(43)) - raft.server.sleep.deviation.threshold = 300 (default)
2019-09-29 11:05:12,910 [pool-62-thread-1] INFO  server.RaftServerConfigKeys (ConfUtils.java:logGet(43)) - raft.server.log.appender.install.snapshot.enabled = false (custom)
2019-09-29 11:05:12,911 [pool-62-thread-1] INFO  impl.RaftServerImpl (ServerState.java:<init>(103)) - 22a333ca-1d2b-4b48-8dcb-0266e32b8040@group-E7D2D1CC4C20: ConfigurationManager, init=-1: [22a333ca-1d2b-4b48-8dcb-0266e32b8040:192.168.30.19:33233], old=null, confs=<EMPTY_MAP>
2019-09-29 11:05:12,911 [pool-62-thread-1] INFO  server.RaftServerConfigKeys (ConfUtils.java:logGet(43)) - raft.server.storage.dir = [/workdir/hadoop-ozone/integration-test/target/test-dir/MiniOzoneClusterImpl-1c785ca3-4d8a-4703-81e1-f58f984e2e1c/datanode-3/data/ratis] (custom)
2019-09-29 11:05:12,912 [pool-62-thread-1] INFO  storage.RaftStorageDirectory (RaftStorageDirectory.java:analyzeStorage(246)) - The storage directory /workdir/hadoop-ozone/integration-test/target/test-dir/MiniOzoneClusterImpl-1c785ca3-4d8a-4703-81e1-f58f984e2e1c/datanode-3/data/ratis/6cdbf4df-0c60-4ca0-bf20-e7d2d1cc4c20 does not exist. Creating ...
2019-09-29 11:05:12,940 [pool-62-thread-1] INFO  storage.RaftStorageDirectory (RaftStorageDirectory.java:tryLock(328)) - Lock on /workdir/hadoop-ozone/integration-test/target/test-dir/MiniOzoneClusterImpl-1c785ca3-4d8a-4703-81e1-f58f984e2e1c/datanode-3/data/ratis/6cdbf4df-0c60-4ca0-bf20-e7d2d1cc4c20/in_use.lock acquired by nodename 32469@pr-hdds-1569-lsfh5-224679870
2019-09-29 11:05:12,943 [main] INFO  ozone.MiniOzoneClusterImpl (MiniOzoneClusterImpl.java:getStorageContainerLocationClient(234)) - Creating StorageContainerLocationProtocol RPC client with address /0.0.0.0:41283
2019-09-29 11:05:12,966 [pool-62-thread-1] INFO  storage.RaftStorage (RaftStorage.java:format(72)) - Storage directory /workdir/hadoop-ozone/integration-test/target/test-dir/MiniOzoneClusterImpl-1c785ca3-4d8a-4703-81e1-f58f984e2e1c/datanode-3/data/ratis/6cdbf4df-0c60-4ca0-bf20-e7d2d1cc4c20 has been successfully formatted.
2019-09-29 11:05:12,976 [pool-62-thread-1] INFO  ratis.ContainerStateMachine (ContainerStateMachine.java:loadSnapshot(230)) - group-E7D2D1CC4C20: The snapshot info is null. Setting the last applied indexto:(t:0, i:~)
2019-09-29 11:05:12,976 [pool-62-thread-1] INFO  server.RaftServerConfigKeys (ConfUtils.java:logGet(43)) - raft.server.notification.no-leader.timeout = 120s (custom)
2019-09-29 11:05:12,977 [pool-62-thread-1] INFO  server.RaftServerConfigKeys (ConfUtils.java:logGet(43)) - raft.server.log.use.memory = false (default)
2019-09-29 11:05:12,977 [pool-62-thread-1] INFO  server.RaftServerConfigKeys (ConfUtils.java:logGet(43)) - raft.server.log.purge.gap = 1000000 (custom)
2019-09-29 11:05:12,982 [pool-62-thread-1] INFO  server.RaftServerConfigKeys (ConfUtils.java:logGet(43)) - raft.server.log.appender.buffer.byte-limit = 33554432 (custom)
2019-09-29 11:05:12,982 [pool-62-thread-1] INFO  server.RaftServerConfigKeys (ConfUtils.java:logGet(43)) - raft.server.log.segment.size.max = 1048576 (custom)
2019-09-29 11:05:12,982 [pool-62-thread-1] INFO  server.RaftServerConfigKeys (ConfUtils.java:logGet(43)) - raft.server.log.segment.cache.num.max = 2 (custom)
2019-09-29 11:05:12,983 [pool-62-thread-1] INFO  segmented.SegmentedRaftLogWorker (SegmentedRaftLogWorker.java:<init>(172)) - new 22a333ca-1d2b-4b48-8dcb-0266e32b8040@group-E7D2D1CC4C20-SegmentedRaftLogWorker for RaftStorage:Storage Directory /workdir/hadoop-ozone/integration-test/target/test-dir/MiniOzoneClusterImpl-1c785ca3-4d8a-4703-81e1-f58f984e2e1c/datanode-3/data/ratis/6cdbf4df-0c60-4ca0-bf20-e7d2d1cc4c20
2019-09-29 11:05:12,991 [pool-62-thread-1] INFO  server.RaftServerConfigKeys (ConfUtils.java:logGet(43)) - raft.server.log.queue.byte-limit = 2147483647 (custom)
2019-09-29 11:05:12,991 [pool-62-thread-1] INFO  server.RaftServerConfigKeys (ConfUtils.java:logGet(43)) - raft.server.log.queue.element-limit = 1024 (custom)
2019-09-29 11:05:12,992 [pool-62-thread-1] INFO  server.RaftServerConfigKeys (ConfUtils.java:logGet(43)) - raft.server.log.segment.size.max = 1048576 (custom)
2019-09-29 11:05:12,992 [pool-62-thread-1] INFO  server.RaftServerConfigKeys (ConfUtils.java:logGet(43)) - raft.server.log.preallocated.size = 16384 (custom)
2019-09-29 11:05:12,992 [pool-62-thread-1] INFO  server.RaftServerConfigKeys (ConfUtils.java:logGet(43)) - raft.server.log.write.buffer.size = 33554432 (custom)
2019-09-29 11:05:12,992 [pool-62-thread-1] INFO  server.RaftServerConfigKeys (ConfUtils.java:logGet(43)) - raft.server.log.force.sync.num = 128 (default)
2019-09-29 11:05:12,992 [pool-62-thread-1] INFO  server.RaftServerConfigKeys (ConfUtils.java:logGet(43)) - raft.server.log.statemachine.data.sync = true (default)
2019-09-29 11:05:12,993 [pool-62-thread-1] INFO  server.RaftServerConfigKeys (ConfUtils.java:logGet(43)) - raft.server.log.statemachine.data.sync.timeout = 10s (default)
2019-09-29 11:05:12,993 [pool-62-thread-1] INFO  server.RaftServerConfigKeys (ConfUtils.java:logGet(43)) - raft.server.log.statemachine.data.sync.timeout.retry = -1 (default)
2019-09-29 11:05:12,993 [pool-62-thread-1] INFO  server.RaftServerConfigKeys (ConfUtils.java:logGet(43)) - raft.server.log.statemachine.data.caching.enabled = true (custom)
2019-09-29 11:05:12,994 [pool-62-thread-1] INFO  segmented.SegmentedRaftLogWorker (SegmentedRaftLogWorker.java:lambda$new$0(132)) - 22a333ca-1d2b-4b48-8dcb-0266e32b8040@group-E7D2D1CC4C20-SegmentedRaftLogWorker: flushIndex: setUnconditionally 0 -> -1
2019-09-29 11:05:12,994 [pool-62-thread-1] INFO  server.RaftServerConfigKeys (ConfUtils.java:logGet(43)) - raft.server.snapshot.auto.trigger.enabled = true (custom)
2019-09-29 11:05:12,994 [pool-62-thread-1] INFO  server.RaftServerConfigKeys (ConfUtils.java:logGet(43)) - raft.server.snapshot.auto.trigger.threshold = 10000 (custom)
2019-09-29 11:05:12,995 [pool-62-thread-1] INFO  server.RaftServerConfigKeys (ConfUtils.java:logGet(43)) - raft.server.snapshot.retention.num.files = 5 (custom)
2019-09-29 11:05:12,995 [pool-62-thread-1] INFO  server.RaftServerConfigKeys (ConfUtils.java:logGet(43)) - raft.server.retrycache.expirytime = 600000ms (custom)
2019-09-29 11:05:12,999 [pool-62-thread-1] INFO  impl.RaftServerImpl (RaftServerImpl.java:start(185)) - 22a333ca-1d2b-4b48-8dcb-0266e32b8040@group-E7D2D1CC4C20: start as a follower, conf=-1: [22a333ca-1d2b-4b48-8dcb-0266e32b8040:192.168.30.19:33233], old=null
2019-09-29 11:05:12,999 [pool-62-thread-1] INFO  impl.RaftServerImpl (RaftServerImpl.java:setRole(174)) - 22a333ca-1d2b-4b48-8dcb-0266e32b8040@group-E7D2D1CC4C20: changes role from      null to FOLLOWER at term 0 for startAsFollower
2019-09-29 11:05:12,999 [pool-62-thread-1] INFO  impl.RoleInfo (RoleInfo.java:updateAndGet(143)) - 22a333ca-1d2b-4b48-8dcb-0266e32b8040: start FollowerState
2019-09-29 11:05:13,000 [pool-62-thread-1] INFO  util.JmxRegister (JmxRegister.java:tryRegister(44)) - Successfully registered JMX Bean with object name Ratis:service=RaftServer,group=group-E7D2D1CC4C20,id=22a333ca-1d2b-4b48-8dcb-0266e32b8040
2019-09-29 11:05:13,016 [RatisPipelineUtilsThread] INFO  pipeline.PipelineStateManager (PipelineStateManager.java:addPipeline(56)) - Created pipeline Pipeline[ Id: 6cdbf4df-0c60-4ca0-bf20-e7d2d1cc4c20, Nodes: 22a333ca-1d2b-4b48-8dcb-0266e32b8040{ip: 192.168.30.19, host: pr-hdds-1569-lsfh5-224679870, networkLocation: /default-rack, certSerialId: null}, Type:RATIS, Factor:ONE, State:OPEN]
2019-09-29 11:05:13,037 [grpc-default-executor-0] INFO  impl.RaftServerProxy (RaftServerProxy.java:addNew(89)) - 041ac437-3ce9-4cab-bd11-6f4c7fe4cab9: addNew group-42C4A9FF9181:[041ac437-3ce9-4cab-bd11-6f4c7fe4cab9:192.168.30.19:40784] returns group-42C4A9FF9181:java.util.concurrent.CompletableFuture@655521d8[Not completed]
2019-09-29 11:05:13,051 [pool-52-thread-1] INFO  impl.RaftServerImpl (RaftServerImpl.java:<init>(95)) - 041ac437-3ce9-4cab-bd11-6f4c7fe4cab9: new RaftServerImpl for group-42C4A9FF9181:[041ac437-3ce9-4cab-bd11-6f4c7fe4cab9:192.168.30.19:40784] with ContainerStateMachine:uninitialized
2019-09-29 11:05:13,052 [pool-52-thread-1] INFO  server.RaftServerConfigKeys (ConfUtils.java:logGet(43)) - raft.server.rpc.timeout.min = 5s (custom)
2019-09-29 11:05:13,052 [pool-52-thread-1] INFO  server.RaftServerConfigKeys (ConfUtils.java:logGet(43)) - raft.server.rpc.timeout.max = 5200ms (custom)
2019-09-29 11:05:13,052 [pool-52-thread-1] INFO  server.RaftServerConfigKeys (ConfUtils.java:logGet(43)) - raft.server.rpcslowness.timeout = 120s (custom)
2019-09-29 11:05:13,052 [pool-52-thread-1] INFO  server.RaftServerConfigKeys (ConfUtils.java:logGet(43)) - raft.server.sleep.deviation.threshold = 300 (default)
2019-09-29 11:05:13,053 [pool-52-thread-1] INFO  server.RaftServerConfigKeys (ConfUtils.java:logGet(43)) - raft.server.log.appender.install.snapshot.enabled = false (custom)
2019-09-29 11:05:13,053 [pool-52-thread-1] INFO  impl.RaftServerImpl (ServerState.java:<init>(103)) - 041ac437-3ce9-4cab-bd11-6f4c7fe4cab9@group-42C4A9FF9181: ConfigurationManager, init=-1: [041ac437-3ce9-4cab-bd11-6f4c7fe4cab9:192.168.30.19:40784], old=null, confs=<EMPTY_MAP>
2019-09-29 11:05:13,053 [pool-52-thread-1] INFO  server.RaftServerConfigKeys (ConfUtils.java:logGet(43)) - raft.server.storage.dir = [/workdir/hadoop-ozone/integration-test/target/test-dir/MiniOzoneClusterImpl-1c785ca3-4d8a-4703-81e1-f58f984e2e1c/datanode-2/data/ratis] (custom)
2019-09-29 11:05:13,054 [pool-52-thread-1] INFO  storage.RaftStorageDirectory (RaftStorageDirectory.java:analyzeStorage(246)) - The storage directory /workdir/hadoop-ozone/integration-test/target/test-dir/MiniOzoneClusterImpl-1c785ca3-4d8a-4703-81e1-f58f984e2e1c/datanode-2/data/ratis/1cf16f57-c734-4940-a76f-42c4a9ff9181 does not exist. Creating ...
2019-09-29 11:05:13,082 [pool-52-thread-1] INFO  storage.RaftStorageDirectory (RaftStorageDirectory.java:tryLock(328)) - Lock on /workdir/hadoop-ozone/integration-test/target/test-dir/MiniOzoneClusterImpl-1c785ca3-4d8a-4703-81e1-f58f984e2e1c/datanode-2/data/ratis/1cf16f57-c734-4940-a76f-42c4a9ff9181/in_use.lock acquired by nodename 32469@pr-hdds-1569-lsfh5-224679870
2019-09-29 11:05:13,108 [pool-52-thread-1] INFO  storage.RaftStorage (RaftStorage.java:format(72)) - Storage directory /workdir/hadoop-ozone/integration-test/target/test-dir/MiniOzoneClusterImpl-1c785ca3-4d8a-4703-81e1-f58f984e2e1c/datanode-2/data/ratis/1cf16f57-c734-4940-a76f-42c4a9ff9181 has been successfully formatted.
2019-09-29 11:05:13,108 [pool-52-thread-1] INFO  ratis.ContainerStateMachine (ContainerStateMachine.java:loadSnapshot(230)) - group-42C4A9FF9181: The snapshot info is null. Setting the last applied indexto:(t:0, i:~)
2019-09-29 11:05:13,108 [pool-52-thread-1] INFO  server.RaftServerConfigKeys (ConfUtils.java:logGet(43)) - raft.server.notification.no-leader.timeout = 120s (custom)
2019-09-29 11:05:13,109 [pool-52-thread-1] INFO  server.RaftServerConfigKeys (ConfUtils.java:logGet(43)) - raft.server.log.use.memory = false (default)
2019-09-29 11:05:13,109 [pool-52-thread-1] INFO  server.RaftServerConfigKeys (ConfUtils.java:logGet(43)) - raft.server.log.purge.gap = 1000000 (custom)
2019-09-29 11:05:13,109 [pool-52-thread-1] INFO  server.RaftServerConfigKeys (ConfUtils.java:logGet(43)) - raft.server.log.appender.buffer.byte-limit = 33554432 (custom)
2019-09-29 11:05:13,109 [pool-52-thread-1] INFO  server.RaftServerConfigKeys (ConfUtils.java:logGet(43)) - raft.server.log.segment.size.max = 1048576 (custom)
2019-09-29 11:05:13,109 [pool-52-thread-1] INFO  server.RaftServerConfigKeys (ConfUtils.java:logGet(43)) - raft.server.log.segment.cache.num.max = 2 (custom)
2019-09-29 11:05:13,109 [pool-52-thread-1] INFO  segmented.SegmentedRaftLogWorker (SegmentedRaftLogWorker.java:<init>(172)) - new 041ac437-3ce9-4cab-bd11-6f4c7fe4cab9@group-42C4A9FF9181-SegmentedRaftLogWorker for RaftStorage:Storage Directory /workdir/hadoop-ozone/integration-test/target/test-dir/MiniOzoneClusterImpl-1c785ca3-4d8a-4703-81e1-f58f984e2e1c/datanode-2/data/ratis/1cf16f57-c734-4940-a76f-42c4a9ff9181
2019-09-29 11:05:13,113 [pool-52-thread-1] INFO  server.RaftServerConfigKeys (ConfUtils.java:logGet(43)) - raft.server.log.queue.byte-limit = 2147483647 (custom)
2019-09-29 11:05:13,113 [pool-52-thread-1] INFO  server.RaftServerConfigKeys (ConfUtils.java:logGet(43)) - raft.server.log.queue.element-limit = 1024 (custom)
2019-09-29 11:05:13,114 [pool-52-thread-1] INFO  server.RaftServerConfigKeys (ConfUtils.java:logGet(43)) - raft.server.log.segment.size.max = 1048576 (custom)
2019-09-29 11:05:13,114 [pool-52-thread-1] INFO  server.RaftServerConfigKeys (ConfUtils.java:logGet(43)) - raft.server.log.preallocated.size = 16384 (custom)
2019-09-29 11:05:13,114 [pool-52-thread-1] INFO  server.RaftServerConfigKeys (ConfUtils.java:logGet(43)) - raft.server.log.write.buffer.size = 33554432 (custom)
2019-09-29 11:05:13,114 [pool-52-thread-1] INFO  server.RaftServerConfigKeys (ConfUtils.java:logGet(43)) - raft.server.log.force.sync.num = 128 (default)
2019-09-29 11:05:13,114 [pool-52-thread-1] INFO  server.RaftServerConfigKeys (ConfUtils.java:logGet(43)) - raft.server.log.statemachine.data.sync = true (default)
2019-09-29 11:05:13,115 [pool-52-thread-1] INFO  server.RaftServerConfigKeys (ConfUtils.java:logGet(43)) - raft.server.log.statemachine.data.sync.timeout = 10s (default)
2019-09-29 11:05:13,115 [pool-52-thread-1] INFO  server.RaftServerConfigKeys (ConfUtils.java:logGet(43)) - raft.server.log.statemachine.data.sync.timeout.retry = -1 (default)
2019-09-29 11:05:13,115 [pool-52-thread-1] INFO  server.RaftServerConfigKeys (ConfUtils.java:logGet(43)) - raft.server.log.statemachine.data.caching.enabled = true (custom)
2019-09-29 11:05:13,115 [pool-52-thread-1] INFO  segmented.SegmentedRaftLogWorker (SegmentedRaftLogWorker.java:lambda$new$0(132)) - 041ac437-3ce9-4cab-bd11-6f4c7fe4cab9@group-42C4A9FF9181-SegmentedRaftLogWorker: flushIndex: setUnconditionally 0 -> -1
2019-09-29 11:05:13,116 [pool-52-thread-1] INFO  server.RaftServerConfigKeys (ConfUtils.java:logGet(43)) - raft.server.snapshot.auto.trigger.enabled = true (custom)
2019-09-29 11:05:13,116 [pool-52-thread-1] INFO  server.RaftServerConfigKeys (ConfUtils.java:logGet(43)) - raft.server.snapshot.auto.trigger.threshold = 10000 (custom)
2019-09-29 11:05:13,116 [pool-52-thread-1] INFO  server.RaftServerConfigKeys (ConfUtils.java:logGet(43)) - raft.server.snapshot.retention.num.files = 5 (custom)
2019-09-29 11:05:13,116 [pool-52-thread-1] INFO  server.RaftServerConfigKeys (ConfUtils.java:logGet(43)) - raft.server.retrycache.expirytime = 600000ms (custom)
2019-09-29 11:05:13,119 [pool-52-thread-1] INFO  impl.RaftServerImpl (RaftServerImpl.java:start(185)) - 041ac437-3ce9-4cab-bd11-6f4c7fe4cab9@group-42C4A9FF9181: start as a follower, conf=-1: [041ac437-3ce9-4cab-bd11-6f4c7fe4cab9:192.168.30.19:40784], old=null
2019-09-29 11:05:13,120 [pool-52-thread-1] INFO  impl.RaftServerImpl (RaftServerImpl.java:setRole(174)) - 041ac437-3ce9-4cab-bd11-6f4c7fe4cab9@group-42C4A9FF9181: changes role from      null to FOLLOWER at term 0 for startAsFollower
2019-09-29 11:05:13,120 [pool-52-thread-1] INFO  impl.RoleInfo (RoleInfo.java:updateAndGet(143)) - 041ac437-3ce9-4cab-bd11-6f4c7fe4cab9: start FollowerState
2019-09-29 11:05:13,120 [pool-52-thread-1] INFO  util.JmxRegister (JmxRegister.java:tryRegister(44)) - Successfully registered JMX Bean with object name Ratis:service=RaftServer,group=group-42C4A9FF9181,id=041ac437-3ce9-4cab-bd11-6f4c7fe4cab9
2019-09-29 11:05:13,138 [RatisPipelineUtilsThread] INFO  pipeline.PipelineStateManager (PipelineStateManager.java:addPipeline(56)) - Created pipeline Pipeline[ Id: 1cf16f57-c734-4940-a76f-42c4a9ff9181, Nodes: 041ac437-3ce9-4cab-bd11-6f4c7fe4cab9{ip: 192.168.30.19, host: pr-hdds-1569-lsfh5-224679870, networkLocation: /default-rack, certSerialId: null}, Type:RATIS, Factor:ONE, State:OPEN]
2019-09-29 11:05:13,171 [grpc-default-executor-0] INFO  impl.RaftServerProxy (RaftServerProxy.java:addNew(89)) - 29de3114-8f81-4a4a-8e3f-798b50b030aa: addNew group-31B289AAB2E3:[29de3114-8f81-4a4a-8e3f-798b50b030aa:192.168.30.19:36690] returns group-31B289AAB2E3:java.util.concurrent.CompletableFuture@76a9e92d[Not completed]
2019-09-29 11:05:13,173 [pool-122-thread-1] INFO  impl.RaftServerImpl (RaftServerImpl.java:<init>(95)) - 29de3114-8f81-4a4a-8e3f-798b50b030aa: new RaftServerImpl for group-31B289AAB2E3:[29de3114-8f81-4a4a-8e3f-798b50b030aa:192.168.30.19:36690] with ContainerStateMachine:uninitialized
2019-09-29 11:05:13,173 [pool-122-thread-1] INFO  server.RaftServerConfigKeys (ConfUtils.java:logGet(43)) - raft.server.rpc.timeout.min = 5s (custom)
2019-09-29 11:05:13,173 [pool-122-thread-1] INFO  server.RaftServerConfigKeys (ConfUtils.java:logGet(43)) - raft.server.rpc.timeout.max = 5200ms (custom)
2019-09-29 11:05:13,174 [pool-122-thread-1] INFO  server.RaftServerConfigKeys (ConfUtils.java:logGet(43)) - raft.server.rpcslowness.timeout = 120s (custom)
2019-09-29 11:05:13,174 [pool-122-thread-1] INFO  server.RaftServerConfigKeys (ConfUtils.java:logGet(43)) - raft.server.sleep.deviation.threshold = 300 (default)
2019-09-29 11:05:13,174 [pool-122-thread-1] INFO  server.RaftServerConfigKeys (ConfUtils.java:logGet(43)) - raft.server.log.appender.install.snapshot.enabled = false (custom)
2019-09-29 11:05:13,174 [pool-122-thread-1] INFO  impl.RaftServerImpl (ServerState.java:<init>(103)) - 29de3114-8f81-4a4a-8e3f-798b50b030aa@group-31B289AAB2E3: ConfigurationManager, init=-1: [29de3114-8f81-4a4a-8e3f-798b50b030aa:192.168.30.19:36690], old=null, confs=<EMPTY_MAP>
2019-09-29 11:05:13,174 [pool-122-thread-1] INFO  server.RaftServerConfigKeys (ConfUtils.java:logGet(43)) - raft.server.storage.dir = [/workdir/hadoop-ozone/integration-test/target/test-dir/MiniOzoneClusterImpl-1c785ca3-4d8a-4703-81e1-f58f984e2e1c/datanode-9/data/ratis] (custom)
2019-09-29 11:05:13,175 [pool-122-thread-1] INFO  storage.RaftStorageDirectory (RaftStorageDirectory.java:analyzeStorage(246)) - The storage directory /workdir/hadoop-ozone/integration-test/target/test-dir/MiniOzoneClusterImpl-1c785ca3-4d8a-4703-81e1-f58f984e2e1c/datanode-9/data/ratis/ea1ccad7-0761-48da-89e9-31b289aab2e3 does not exist. Creating ...
2019-09-29 11:05:13,201 [pool-122-thread-1] INFO  storage.RaftStorageDirectory (RaftStorageDirectory.java:tryLock(328)) - Lock on /workdir/hadoop-ozone/integration-test/target/test-dir/MiniOzoneClusterImpl-1c785ca3-4d8a-4703-81e1-f58f984e2e1c/datanode-9/data/ratis/ea1ccad7-0761-48da-89e9-31b289aab2e3/in_use.lock acquired by nodename 32469@pr-hdds-1569-lsfh5-224679870
2019-09-29 11:05:13,225 [pool-122-thread-1] INFO  storage.RaftStorage (RaftStorage.java:format(72)) - Storage directory /workdir/hadoop-ozone/integration-test/target/test-dir/MiniOzoneClusterImpl-1c785ca3-4d8a-4703-81e1-f58f984e2e1c/datanode-9/data/ratis/ea1ccad7-0761-48da-89e9-31b289aab2e3 has been successfully formatted.
2019-09-29 11:05:13,226 [pool-122-thread-1] INFO  ratis.ContainerStateMachine (ContainerStateMachine.java:loadSnapshot(230)) - group-31B289AAB2E3: The snapshot info is null. Setting the last applied indexto:(t:0, i:~)
2019-09-29 11:05:13,228 [pool-122-thread-1] INFO  server.RaftServerConfigKeys (ConfUtils.java:logGet(43)) - raft.server.notification.no-leader.timeout = 120s (custom)
2019-09-29 11:05:13,228 [pool-122-thread-1] INFO  server.RaftServerConfigKeys (ConfUtils.java:logGet(43)) - raft.server.log.use.memory = false (default)
2019-09-29 11:05:13,228 [pool-122-thread-1] INFO  server.RaftServerConfigKeys (ConfUtils.java:logGet(43)) - raft.server.log.purge.gap = 1000000 (custom)
2019-09-29 11:05:13,228 [pool-122-thread-1] INFO  server.RaftServerConfigKeys (ConfUtils.java:logGet(43)) - raft.server.log.appender.buffer.byte-limit = 33554432 (custom)
2019-09-29 11:05:13,229 [pool-122-thread-1] INFO  server.RaftServerConfigKeys (ConfUtils.java:logGet(43)) - raft.server.log.segment.size.max = 1048576 (custom)
2019-09-29 11:05:13,229 [pool-122-thread-1] INFO  server.RaftServerConfigKeys (ConfUtils.java:logGet(43)) - raft.server.log.segment.cache.num.max = 2 (custom)
2019-09-29 11:05:13,229 [pool-122-thread-1] INFO  segmented.SegmentedRaftLogWorker (SegmentedRaftLogWorker.java:<init>(172)) - new 29de3114-8f81-4a4a-8e3f-798b50b030aa@group-31B289AAB2E3-SegmentedRaftLogWorker for RaftStorage:Storage Directory /workdir/hadoop-ozone/integration-test/target/test-dir/MiniOzoneClusterImpl-1c785ca3-4d8a-4703-81e1-f58f984e2e1c/datanode-9/data/ratis/ea1ccad7-0761-48da-89e9-31b289aab2e3
2019-09-29 11:05:13,231 [pool-122-thread-1] INFO  server.RaftServerConfigKeys (ConfUtils.java:logGet(43)) - raft.server.log.queue.byte-limit = 2147483647 (custom)
2019-09-29 11:05:13,231 [pool-122-thread-1] INFO  server.RaftServerConfigKeys (ConfUtils.java:logGet(43)) - raft.server.log.queue.element-limit = 1024 (custom)
2019-09-29 11:05:13,235 [pool-122-thread-1] INFO  server.RaftServerConfigKeys (ConfUtils.java:logGet(43)) - raft.server.log.segment.size.max = 1048576 (custom)
2019-09-29 11:05:13,236 [pool-122-thread-1] INFO  server.RaftServerConfigKeys (ConfUtils.java:logGet(43)) - raft.server.log.preallocated.size = 16384 (custom)
2019-09-29 11:05:13,236 [pool-122-thread-1] INFO  server.RaftServerConfigKeys (ConfUtils.java:logGet(43)) - raft.server.log.write.buffer.size = 33554432 (custom)
2019-09-29 11:05:13,236 [pool-122-thread-1] INFO  server.RaftServerConfigKeys (ConfUtils.java:logGet(43)) - raft.server.log.force.sync.num = 128 (default)
2019-09-29 11:05:13,236 [pool-122-thread-1] INFO  server.RaftServerConfigKeys (ConfUtils.java:logGet(43)) - raft.server.log.statemachine.data.sync = true (default)
2019-09-29 11:05:13,236 [pool-122-thread-1] INFO  server.RaftServerConfigKeys (ConfUtils.java:logGet(43)) - raft.server.log.statemachine.data.sync.timeout = 10s (default)
2019-09-29 11:05:13,236 [pool-122-thread-1] INFO  server.RaftServerConfigKeys (ConfUtils.java:logGet(43)) - raft.server.log.statemachine.data.sync.timeout.retry = -1 (default)
2019-09-29 11:05:13,237 [pool-122-thread-1] INFO  server.RaftServerConfigKeys (ConfUtils.java:logGet(43)) - raft.server.log.statemachine.data.caching.enabled = true (custom)
2019-09-29 11:05:13,237 [pool-122-thread-1] INFO  segmented.SegmentedRaftLogWorker (SegmentedRaftLogWorker.java:lambda$new$0(132)) - 29de3114-8f81-4a4a-8e3f-798b50b030aa@group-31B289AAB2E3-SegmentedRaftLogWorker: flushIndex: setUnconditionally 0 -> -1
2019-09-29 11:05:13,237 [pool-122-thread-1] INFO  server.RaftServerConfigKeys (ConfUtils.java:logGet(43)) - raft.server.snapshot.auto.trigger.enabled = true (custom)
2019-09-29 11:05:13,237 [pool-122-thread-1] INFO  server.RaftServerConfigKeys (ConfUtils.java:logGet(43)) - raft.server.snapshot.auto.trigger.threshold = 10000 (custom)
2019-09-29 11:05:13,237 [pool-122-thread-1] INFO  server.RaftServerConfigKeys (ConfUtils.java:logGet(43)) - raft.server.snapshot.retention.num.files = 5 (custom)
2019-09-29 11:05:13,238 [pool-122-thread-1] INFO  server.RaftServerConfigKeys (ConfUtils.java:logGet(43)) - raft.server.retrycache.expirytime = 600000ms (custom)
2019-09-29 11:05:13,239 [pool-122-thread-1] INFO  impl.RaftServerImpl (RaftServerImpl.java:start(185)) - 29de3114-8f81-4a4a-8e3f-798b50b030aa@group-31B289AAB2E3: start as a follower, conf=-1: [29de3114-8f81-4a4a-8e3f-798b50b030aa:192.168.30.19:36690], old=null
2019-09-29 11:05:13,240 [pool-122-thread-1] INFO  impl.RaftServerImpl (RaftServerImpl.java:setRole(174)) - 29de3114-8f81-4a4a-8e3f-798b50b030aa@group-31B289AAB2E3: changes role from      null to FOLLOWER at term 0 for startAsFollower
2019-09-29 11:05:13,240 [pool-122-thread-1] INFO  impl.RoleInfo (RoleInfo.java:updateAndGet(143)) - 29de3114-8f81-4a4a-8e3f-798b50b030aa: start FollowerState
2019-09-29 11:05:13,240 [pool-122-thread-1] INFO  util.JmxRegister (JmxRegister.java:tryRegister(44)) - Successfully registered JMX Bean with object name Ratis:service=RaftServer,group=group-31B289AAB2E3,id=29de3114-8f81-4a4a-8e3f-798b50b030aa
2019-09-29 11:05:13,256 [RatisPipelineUtilsThread] INFO  pipeline.PipelineStateManager (PipelineStateManager.java:addPipeline(56)) - Created pipeline Pipeline[ Id: ea1ccad7-0761-48da-89e9-31b289aab2e3, Nodes: 29de3114-8f81-4a4a-8e3f-798b50b030aa{ip: 192.168.30.19, host: pr-hdds-1569-lsfh5-224679870, networkLocation: /default-rack, certSerialId: null}, Type:RATIS, Factor:ONE, State:OPEN]
2019-09-29 11:05:13,258 [RatisPipelineUtilsThread] ERROR pipeline.SCMPipelineManager (SCMPipelineManager.java:createPipeline(188)) - Pipeline creation failed.
org.apache.hadoop.hdds.scm.exceptions.SCMException: Cannot create pipeline of factor 1 using 0 nodes.
	at org.apache.hadoop.hdds.scm.pipeline.RatisPipelineProvider.pickNodesNeverUsed(RatisPipelineProvider.java:113)
	at org.apache.hadoop.hdds.scm.pipeline.RatisPipelineProvider.create(RatisPipelineProvider.java:125)
	at org.apache.hadoop.hdds.scm.pipeline.PipelineFactory.create(PipelineFactory.java:58)
	at org.apache.hadoop.hdds.scm.pipeline.SCMPipelineManager.createPipeline(SCMPipelineManager.java:179)
	at org.apache.hadoop.hdds.scm.pipeline.BackgroundPipelineCreator.createPipelines(BackgroundPipelineCreator.java:100)
	at java.util.concurrent.Executors$RunnableAdapter.call(Executors.java:511)
	at java.util.concurrent.FutureTask.run(FutureTask.java:266)
	at java.util.concurrent.ScheduledThreadPoolExecutor$ScheduledFutureTask.access$201(ScheduledThreadPoolExecutor.java:180)
	at java.util.concurrent.ScheduledThreadPoolExecutor$ScheduledFutureTask.run(ScheduledThreadPoolExecutor.java:293)
	at java.util.concurrent.ThreadPoolExecutor.runWorker(ThreadPoolExecutor.java:1149)
	at java.util.concurrent.ThreadPoolExecutor$Worker.run(ThreadPoolExecutor.java:624)
	at java.lang.Thread.run(Thread.java:748)
2019-09-29 11:05:13,300 [grpc-default-executor-2] INFO  impl.RaftServerProxy (RaftServerProxy.java:addNew(89)) - 870588b0-aa93-434f-8f13-603c5341fab3: addNew group-D205FEAB33D6:[3a54e60d-c0c8-4de7-a5b4-72c91b9f7f60:192.168.30.19:44865, 026581f2-b768-4705-ac6e-669da543cea3:192.168.30.19:42448, 870588b0-aa93-434f-8f13-603c5341fab3:192.168.30.19:42508] returns group-D205FEAB33D6:java.util.concurrent.CompletableFuture@73938ba5[Not completed]
2019-09-29 11:05:13,300 [grpc-default-executor-0] INFO  impl.RaftServerProxy (RaftServerProxy.java:addNew(89)) - 3a54e60d-c0c8-4de7-a5b4-72c91b9f7f60: addNew group-D205FEAB33D6:[3a54e60d-c0c8-4de7-a5b4-72c91b9f7f60:192.168.30.19:44865, 026581f2-b768-4705-ac6e-669da543cea3:192.168.30.19:42448, 870588b0-aa93-434f-8f13-603c5341fab3:192.168.30.19:42508] returns group-D205FEAB33D6:java.util.concurrent.CompletableFuture@50eeebf8[Not completed]
2019-09-29 11:05:13,302 [grpc-default-executor-0] INFO  impl.RaftServerProxy (RaftServerProxy.java:addNew(89)) - 026581f2-b768-4705-ac6e-669da543cea3: addNew group-D205FEAB33D6:[3a54e60d-c0c8-4de7-a5b4-72c91b9f7f60:192.168.30.19:44865, 026581f2-b768-4705-ac6e-669da543cea3:192.168.30.19:42448, 870588b0-aa93-434f-8f13-603c5341fab3:192.168.30.19:42508] returns group-D205FEAB33D6:java.util.concurrent.CompletableFuture@69b79049[Not completed]
2019-09-29 11:05:13,305 [Thread-294] INFO  container.ReplicationManager (ReplicationManager.java:start(163)) - Starting Replication Monitor Thread.
2019-09-29 11:05:13,310 [pool-102-thread-1] INFO  impl.RaftServerImpl (RaftServerImpl.java:<init>(95)) - 026581f2-b768-4705-ac6e-669da543cea3: new RaftServerImpl for group-D205FEAB33D6:[3a54e60d-c0c8-4de7-a5b4-72c91b9f7f60:192.168.30.19:44865, 026581f2-b768-4705-ac6e-669da543cea3:192.168.30.19:42448, 870588b0-aa93-434f-8f13-603c5341fab3:192.168.30.19:42508] with ContainerStateMachine:uninitialized
2019-09-29 11:05:13,310 [pool-102-thread-1] INFO  server.RaftServerConfigKeys (ConfUtils.java:logGet(43)) - raft.server.rpc.timeout.min = 5s (custom)
2019-09-29 11:05:13,311 [pool-102-thread-1] INFO  server.RaftServerConfigKeys (ConfUtils.java:logGet(43)) - raft.server.rpc.timeout.max = 5200ms (custom)
2019-09-29 11:05:13,311 [ReplicationMonitor] INFO  container.ReplicationManager (ReplicationManager.java:run(226)) - Replication Monitor Thread took 0 milliseconds for processing 0 containers.
2019-09-29 11:05:13,314 [pool-102-thread-1] INFO  server.RaftServerConfigKeys (ConfUtils.java:logGet(43)) - raft.server.rpcslowness.timeout = 120s (custom)
2019-09-29 11:05:13,314 [pool-102-thread-1] INFO  server.RaftServerConfigKeys (ConfUtils.java:logGet(43)) - raft.server.sleep.deviation.threshold = 300 (default)
2019-09-29 11:05:13,314 [pool-102-thread-1] INFO  server.RaftServerConfigKeys (ConfUtils.java:logGet(43)) - raft.server.log.appender.install.snapshot.enabled = false (custom)
2019-09-29 11:05:13,314 [pool-102-thread-1] INFO  impl.RaftServerImpl (ServerState.java:<init>(103)) - 026581f2-b768-4705-ac6e-669da543cea3@group-D205FEAB33D6: ConfigurationManager, init=-1: [3a54e60d-c0c8-4de7-a5b4-72c91b9f7f60:192.168.30.19:44865, 026581f2-b768-4705-ac6e-669da543cea3:192.168.30.19:42448, 870588b0-aa93-434f-8f13-603c5341fab3:192.168.30.19:42508], old=null, confs=<EMPTY_MAP>
2019-09-29 11:05:13,315 [pool-42-thread-1] INFO  impl.RaftServerImpl (RaftServerImpl.java:<init>(95)) - 3a54e60d-c0c8-4de7-a5b4-72c91b9f7f60: new RaftServerImpl for group-D205FEAB33D6:[3a54e60d-c0c8-4de7-a5b4-72c91b9f7f60:192.168.30.19:44865, 026581f2-b768-4705-ac6e-669da543cea3:192.168.30.19:42448, 870588b0-aa93-434f-8f13-603c5341fab3:192.168.30.19:42508] with ContainerStateMachine:uninitialized
2019-09-29 11:05:13,315 [pool-102-thread-1] INFO  server.RaftServerConfigKeys (ConfUtils.java:logGet(43)) - raft.server.storage.dir = [/workdir/hadoop-ozone/integration-test/target/test-dir/MiniOzoneClusterImpl-1c785ca3-4d8a-4703-81e1-f58f984e2e1c/datanode-7/data/ratis] (custom)
2019-09-29 11:05:13,315 [pool-42-thread-1] INFO  server.RaftServerConfigKeys (ConfUtils.java:logGet(43)) - raft.server.rpc.timeout.min = 5s (custom)
2019-09-29 11:05:13,315 [pool-42-thread-1] INFO  server.RaftServerConfigKeys (ConfUtils.java:logGet(43)) - raft.server.rpc.timeout.max = 5200ms (custom)
2019-09-29 11:05:13,315 [pool-42-thread-1] INFO  server.RaftServerConfigKeys (ConfUtils.java:logGet(43)) - raft.server.rpcslowness.timeout = 120s (custom)
2019-09-29 11:05:13,315 [pool-102-thread-1] INFO  storage.RaftStorageDirectory (RaftStorageDirectory.java:analyzeStorage(246)) - The storage directory /workdir/hadoop-ozone/integration-test/target/test-dir/MiniOzoneClusterImpl-1c785ca3-4d8a-4703-81e1-f58f984e2e1c/datanode-7/data/ratis/80ed50b3-9871-474e-a011-d205feab33d6 does not exist. Creating ...
2019-09-29 11:05:13,315 [pool-72-thread-1] INFO  impl.RaftServerImpl (RaftServerImpl.java:<init>(95)) - 870588b0-aa93-434f-8f13-603c5341fab3: new RaftServerImpl for group-D205FEAB33D6:[3a54e60d-c0c8-4de7-a5b4-72c91b9f7f60:192.168.30.19:44865, 026581f2-b768-4705-ac6e-669da543cea3:192.168.30.19:42448, 870588b0-aa93-434f-8f13-603c5341fab3:192.168.30.19:42508] with ContainerStateMachine:uninitialized
2019-09-29 11:05:13,315 [pool-42-thread-1] INFO  server.RaftServerConfigKeys (ConfUtils.java:logGet(43)) - raft.server.sleep.deviation.threshold = 300 (default)
2019-09-29 11:05:13,316 [pool-72-thread-1] INFO  server.RaftServerConfigKeys (ConfUtils.java:logGet(43)) - raft.server.rpc.timeout.min = 5s (custom)
2019-09-29 11:05:13,316 [pool-42-thread-1] INFO  server.RaftServerConfigKeys (ConfUtils.java:logGet(43)) - raft.server.log.appender.install.snapshot.enabled = false (custom)
2019-09-29 11:05:13,316 [pool-72-thread-1] INFO  server.RaftServerConfigKeys (ConfUtils.java:logGet(43)) - raft.server.rpc.timeout.max = 5200ms (custom)
2019-09-29 11:05:13,316 [pool-42-thread-1] INFO  impl.RaftServerImpl (ServerState.java:<init>(103)) - 3a54e60d-c0c8-4de7-a5b4-72c91b9f7f60@group-D205FEAB33D6: ConfigurationManager, init=-1: [3a54e60d-c0c8-4de7-a5b4-72c91b9f7f60:192.168.30.19:44865, 026581f2-b768-4705-ac6e-669da543cea3:192.168.30.19:42448, 870588b0-aa93-434f-8f13-603c5341fab3:192.168.30.19:42508], old=null, confs=<EMPTY_MAP>
2019-09-29 11:05:13,316 [pool-72-thread-1] INFO  server.RaftServerConfigKeys (ConfUtils.java:logGet(43)) - raft.server.rpcslowness.timeout = 120s (custom)
2019-09-29 11:05:13,316 [pool-42-thread-1] INFO  server.RaftServerConfigKeys (ConfUtils.java:logGet(43)) - raft.server.storage.dir = [/workdir/hadoop-ozone/integration-test/target/test-dir/MiniOzoneClusterImpl-1c785ca3-4d8a-4703-81e1-f58f984e2e1c/datanode-1/data/ratis] (custom)
2019-09-29 11:05:13,316 [pool-72-thread-1] INFO  server.RaftServerConfigKeys (ConfUtils.java:logGet(43)) - raft.server.sleep.deviation.threshold = 300 (default)
2019-09-29 11:05:13,316 [pool-72-thread-1] INFO  server.RaftServerConfigKeys (ConfUtils.java:logGet(43)) - raft.server.log.appender.install.snapshot.enabled = false (custom)
2019-09-29 11:05:13,316 [pool-42-thread-1] INFO  storage.RaftStorageDirectory (RaftStorageDirectory.java:analyzeStorage(246)) - The storage directory /workdir/hadoop-ozone/integration-test/target/test-dir/MiniOzoneClusterImpl-1c785ca3-4d8a-4703-81e1-f58f984e2e1c/datanode-1/data/ratis/80ed50b3-9871-474e-a011-d205feab33d6 does not exist. Creating ...
2019-09-29 11:05:13,317 [pool-72-thread-1] INFO  impl.RaftServerImpl (ServerState.java:<init>(103)) - 870588b0-aa93-434f-8f13-603c5341fab3@group-D205FEAB33D6: ConfigurationManager, init=-1: [3a54e60d-c0c8-4de7-a5b4-72c91b9f7f60:192.168.30.19:44865, 026581f2-b768-4705-ac6e-669da543cea3:192.168.30.19:42448, 870588b0-aa93-434f-8f13-603c5341fab3:192.168.30.19:42508], old=null, confs=<EMPTY_MAP>
2019-09-29 11:05:13,317 [pool-72-thread-1] INFO  server.RaftServerConfigKeys (ConfUtils.java:logGet(43)) - raft.server.storage.dir = [/workdir/hadoop-ozone/integration-test/target/test-dir/MiniOzoneClusterImpl-1c785ca3-4d8a-4703-81e1-f58f984e2e1c/datanode-4/data/ratis] (custom)
2019-09-29 11:05:13,317 [pool-72-thread-1] INFO  storage.RaftStorageDirectory (RaftStorageDirectory.java:analyzeStorage(246)) - The storage directory /workdir/hadoop-ozone/integration-test/target/test-dir/MiniOzoneClusterImpl-1c785ca3-4d8a-4703-81e1-f58f984e2e1c/datanode-4/data/ratis/80ed50b3-9871-474e-a011-d205feab33d6 does not exist. Creating ...
2019-09-29 11:05:13,343 [pool-42-thread-1] INFO  storage.RaftStorageDirectory (RaftStorageDirectory.java:tryLock(328)) - Lock on /workdir/hadoop-ozone/integration-test/target/test-dir/MiniOzoneClusterImpl-1c785ca3-4d8a-4703-81e1-f58f984e2e1c/datanode-1/data/ratis/80ed50b3-9871-474e-a011-d205feab33d6/in_use.lock acquired by nodename 32469@pr-hdds-1569-lsfh5-224679870
2019-09-29 11:05:13,343 [pool-102-thread-1] INFO  storage.RaftStorageDirectory (RaftStorageDirectory.java:tryLock(328)) - Lock on /workdir/hadoop-ozone/integration-test/target/test-dir/MiniOzoneClusterImpl-1c785ca3-4d8a-4703-81e1-f58f984e2e1c/datanode-7/data/ratis/80ed50b3-9871-474e-a011-d205feab33d6/in_use.lock acquired by nodename 32469@pr-hdds-1569-lsfh5-224679870
2019-09-29 11:05:13,343 [pool-72-thread-1] INFO  storage.RaftStorageDirectory (RaftStorageDirectory.java:tryLock(328)) - Lock on /workdir/hadoop-ozone/integration-test/target/test-dir/MiniOzoneClusterImpl-1c785ca3-4d8a-4703-81e1-f58f984e2e1c/datanode-4/data/ratis/80ed50b3-9871-474e-a011-d205feab33d6/in_use.lock acquired by nodename 32469@pr-hdds-1569-lsfh5-224679870
2019-09-29 11:05:13,368 [pool-102-thread-1] INFO  storage.RaftStorage (RaftStorage.java:format(72)) - Storage directory /workdir/hadoop-ozone/integration-test/target/test-dir/MiniOzoneClusterImpl-1c785ca3-4d8a-4703-81e1-f58f984e2e1c/datanode-7/data/ratis/80ed50b3-9871-474e-a011-d205feab33d6 has been successfully formatted.
2019-09-29 11:05:13,368 [pool-42-thread-1] INFO  storage.RaftStorage (RaftStorage.java:format(72)) - Storage directory /workdir/hadoop-ozone/integration-test/target/test-dir/MiniOzoneClusterImpl-1c785ca3-4d8a-4703-81e1-f58f984e2e1c/datanode-1/data/ratis/80ed50b3-9871-474e-a011-d205feab33d6 has been successfully formatted.
2019-09-29 11:05:13,368 [pool-72-thread-1] INFO  storage.RaftStorage (RaftStorage.java:format(72)) - Storage directory /workdir/hadoop-ozone/integration-test/target/test-dir/MiniOzoneClusterImpl-1c785ca3-4d8a-4703-81e1-f58f984e2e1c/datanode-4/data/ratis/80ed50b3-9871-474e-a011-d205feab33d6 has been successfully formatted.
2019-09-29 11:05:13,369 [pool-102-thread-1] INFO  ratis.ContainerStateMachine (ContainerStateMachine.java:loadSnapshot(230)) - group-D205FEAB33D6: The snapshot info is null. Setting the last applied indexto:(t:0, i:~)
2019-09-29 11:05:13,369 [pool-42-thread-1] INFO  ratis.ContainerStateMachine (ContainerStateMachine.java:loadSnapshot(230)) - group-D205FEAB33D6: The snapshot info is null. Setting the last applied indexto:(t:0, i:~)
2019-09-29 11:05:13,369 [pool-72-thread-1] INFO  ratis.ContainerStateMachine (ContainerStateMachine.java:loadSnapshot(230)) - group-D205FEAB33D6: The snapshot info is null. Setting the last applied indexto:(t:0, i:~)
2019-09-29 11:05:13,369 [pool-102-thread-1] INFO  server.RaftServerConfigKeys (ConfUtils.java:logGet(43)) - raft.server.notification.no-leader.timeout = 120s (custom)
2019-09-29 11:05:13,369 [pool-72-thread-1] INFO  server.RaftServerConfigKeys (ConfUtils.java:logGet(43)) - raft.server.notification.no-leader.timeout = 120s (custom)
2019-09-29 11:05:13,369 [pool-42-thread-1] INFO  server.RaftServerConfigKeys (ConfUtils.java:logGet(43)) - raft.server.notification.no-leader.timeout = 120s (custom)
2019-09-29 11:05:13,370 [pool-72-thread-1] INFO  server.RaftServerConfigKeys (ConfUtils.java:logGet(43)) - raft.server.log.use.memory = false (default)
2019-09-29 11:05:13,370 [pool-102-thread-1] INFO  server.RaftServerConfigKeys (ConfUtils.java:logGet(43)) - raft.server.log.use.memory = false (default)
2019-09-29 11:05:13,370 [pool-72-thread-1] INFO  server.RaftServerConfigKeys (ConfUtils.java:logGet(43)) - raft.server.log.purge.gap = 1000000 (custom)
2019-09-29 11:05:13,370 [pool-42-thread-1] INFO  server.RaftServerConfigKeys (ConfUtils.java:logGet(43)) - raft.server.log.use.memory = false (default)
2019-09-29 11:05:13,370 [pool-72-thread-1] INFO  server.RaftServerConfigKeys (ConfUtils.java:logGet(43)) - raft.server.log.appender.buffer.byte-limit = 33554432 (custom)
2019-09-29 11:05:13,370 [pool-102-thread-1] INFO  server.RaftServerConfigKeys (ConfUtils.java:logGet(43)) - raft.server.log.purge.gap = 1000000 (custom)
2019-09-29 11:05:13,371 [pool-72-thread-1] INFO  server.RaftServerConfigKeys (ConfUtils.java:logGet(43)) - raft.server.log.segment.size.max = 1048576 (custom)
2019-09-29 11:05:13,370 [pool-42-thread-1] INFO  server.RaftServerConfigKeys (ConfUtils.java:logGet(43)) - raft.server.log.purge.gap = 1000000 (custom)
2019-09-29 11:05:13,371 [pool-72-thread-1] INFO  server.RaftServerConfigKeys (ConfUtils.java:logGet(43)) - raft.server.log.segment.cache.num.max = 2 (custom)
2019-09-29 11:05:13,371 [pool-102-thread-1] INFO  server.RaftServerConfigKeys (ConfUtils.java:logGet(43)) - raft.server.log.appender.buffer.byte-limit = 33554432 (custom)
2019-09-29 11:05:13,371 [pool-72-thread-1] INFO  segmented.SegmentedRaftLogWorker (SegmentedRaftLogWorker.java:<init>(172)) - new 870588b0-aa93-434f-8f13-603c5341fab3@group-D205FEAB33D6-SegmentedRaftLogWorker for RaftStorage:Storage Directory /workdir/hadoop-ozone/integration-test/target/test-dir/MiniOzoneClusterImpl-1c785ca3-4d8a-4703-81e1-f58f984e2e1c/datanode-4/data/ratis/80ed50b3-9871-474e-a011-d205feab33d6
2019-09-29 11:05:13,371 [pool-42-thread-1] INFO  server.RaftServerConfigKeys (ConfUtils.java:logGet(43)) - raft.server.log.appender.buffer.byte-limit = 33554432 (custom)
2019-09-29 11:05:13,371 [pool-72-thread-1] INFO  server.RaftServerConfigKeys (ConfUtils.java:logGet(43)) - raft.server.log.queue.byte-limit = 2147483647 (custom)
2019-09-29 11:05:13,371 [pool-102-thread-1] INFO  server.RaftServerConfigKeys (ConfUtils.java:logGet(43)) - raft.server.log.segment.size.max = 1048576 (custom)
2019-09-29 11:05:13,372 [pool-72-thread-1] INFO  server.RaftServerConfigKeys (ConfUtils.java:logGet(43)) - raft.server.log.queue.element-limit = 1024 (custom)
2019-09-29 11:05:13,372 [pool-42-thread-1] INFO  server.RaftServerConfigKeys (ConfUtils.java:logGet(43)) - raft.server.log.segment.size.max = 1048576 (custom)
2019-09-29 11:05:13,372 [pool-72-thread-1] INFO  server.RaftServerConfigKeys (ConfUtils.java:logGet(43)) - raft.server.log.segment.size.max = 1048576 (custom)
2019-09-29 11:05:13,372 [pool-102-thread-1] INFO  server.RaftServerConfigKeys (ConfUtils.java:logGet(43)) - raft.server.log.segment.cache.num.max = 2 (custom)
2019-09-29 11:05:13,372 [pool-72-thread-1] INFO  server.RaftServerConfigKeys (ConfUtils.java:logGet(43)) - raft.server.log.preallocated.size = 16384 (custom)
2019-09-29 11:05:13,372 [pool-42-thread-1] INFO  server.RaftServerConfigKeys (ConfUtils.java:logGet(43)) - raft.server.log.segment.cache.num.max = 2 (custom)
2019-09-29 11:05:13,373 [pool-72-thread-1] INFO  server.RaftServerConfigKeys (ConfUtils.java:logGet(43)) - raft.server.log.write.buffer.size = 33554432 (custom)
2019-09-29 11:05:13,372 [pool-102-thread-1] INFO  segmented.SegmentedRaftLogWorker (SegmentedRaftLogWorker.java:<init>(172)) - new 026581f2-b768-4705-ac6e-669da543cea3@group-D205FEAB33D6-SegmentedRaftLogWorker for RaftStorage:Storage Directory /workdir/hadoop-ozone/integration-test/target/test-dir/MiniOzoneClusterImpl-1c785ca3-4d8a-4703-81e1-f58f984e2e1c/datanode-7/data/ratis/80ed50b3-9871-474e-a011-d205feab33d6
2019-09-29 11:05:13,373 [pool-72-thread-1] INFO  server.RaftServerConfigKeys (ConfUtils.java:logGet(43)) - raft.server.log.force.sync.num = 128 (default)
2019-09-29 11:05:13,373 [pool-42-thread-1] INFO  segmented.SegmentedRaftLogWorker (SegmentedRaftLogWorker.java:<init>(172)) - new 3a54e60d-c0c8-4de7-a5b4-72c91b9f7f60@group-D205FEAB33D6-SegmentedRaftLogWorker for RaftStorage:Storage Directory /workdir/hadoop-ozone/integration-test/target/test-dir/MiniOzoneClusterImpl-1c785ca3-4d8a-4703-81e1-f58f984e2e1c/datanode-1/data/ratis/80ed50b3-9871-474e-a011-d205feab33d6
2019-09-29 11:05:13,373 [pool-72-thread-1] INFO  server.RaftServerConfigKeys (ConfUtils.java:logGet(43)) - raft.server.log.statemachine.data.sync = true (default)
2019-09-29 11:05:13,373 [pool-102-thread-1] INFO  server.RaftServerConfigKeys (ConfUtils.java:logGet(43)) - raft.server.log.queue.byte-limit = 2147483647 (custom)
2019-09-29 11:05:13,374 [pool-72-thread-1] INFO  server.RaftServerConfigKeys (ConfUtils.java:logGet(43)) - raft.server.log.statemachine.data.sync.timeout = 10s (default)
2019-09-29 11:05:13,373 [pool-42-thread-1] INFO  server.RaftServerConfigKeys (ConfUtils.java:logGet(43)) - raft.server.log.queue.byte-limit = 2147483647 (custom)
2019-09-29 11:05:13,374 [pool-72-thread-1] INFO  server.RaftServerConfigKeys (ConfUtils.java:logGet(43)) - raft.server.log.statemachine.data.sync.timeout.retry = -1 (default)
2019-09-29 11:05:13,374 [pool-102-thread-1] INFO  server.RaftServerConfigKeys (ConfUtils.java:logGet(43)) - raft.server.log.queue.element-limit = 1024 (custom)
2019-09-29 11:05:13,374 [pool-42-thread-1] INFO  server.RaftServerConfigKeys (ConfUtils.java:logGet(43)) - raft.server.log.queue.element-limit = 1024 (custom)
2019-09-29 11:05:13,374 [pool-102-thread-1] INFO  server.RaftServerConfigKeys (ConfUtils.java:logGet(43)) - raft.server.log.segment.size.max = 1048576 (custom)
2019-09-29 11:05:13,374 [pool-72-thread-1] INFO  server.RaftServerConfigKeys (ConfUtils.java:logGet(43)) - raft.server.log.statemachine.data.caching.enabled = true (custom)
2019-09-29 11:05:13,374 [pool-102-thread-1] INFO  server.RaftServerConfigKeys (ConfUtils.java:logGet(43)) - raft.server.log.preallocated.size = 16384 (custom)
2019-09-29 11:05:13,374 [pool-42-thread-1] INFO  server.RaftServerConfigKeys (ConfUtils.java:logGet(43)) - raft.server.log.segment.size.max = 1048576 (custom)
2019-09-29 11:05:13,375 [pool-102-thread-1] INFO  server.RaftServerConfigKeys (ConfUtils.java:logGet(43)) - raft.server.log.write.buffer.size = 33554432 (custom)
2019-09-29 11:05:13,375 [pool-72-thread-1] INFO  segmented.SegmentedRaftLogWorker (SegmentedRaftLogWorker.java:lambda$new$0(132)) - 870588b0-aa93-434f-8f13-603c5341fab3@group-D205FEAB33D6-SegmentedRaftLogWorker: flushIndex: setUnconditionally 0 -> -1
2019-09-29 11:05:13,375 [pool-42-thread-1] INFO  server.RaftServerConfigKeys (ConfUtils.java:logGet(43)) - raft.server.log.preallocated.size = 16384 (custom)
2019-09-29 11:05:13,375 [pool-102-thread-1] INFO  server.RaftServerConfigKeys (ConfUtils.java:logGet(43)) - raft.server.log.force.sync.num = 128 (default)
2019-09-29 11:05:13,375 [pool-42-thread-1] INFO  server.RaftServerConfigKeys (ConfUtils.java:logGet(43)) - raft.server.log.write.buffer.size = 33554432 (custom)
2019-09-29 11:05:13,375 [pool-102-thread-1] INFO  server.RaftServerConfigKeys (ConfUtils.java:logGet(43)) - raft.server.log.statemachine.data.sync = true (default)
2019-09-29 11:05:13,375 [pool-72-thread-1] INFO  server.RaftServerConfigKeys (ConfUtils.java:logGet(43)) - raft.server.snapshot.auto.trigger.enabled = true (custom)
2019-09-29 11:05:13,375 [pool-102-thread-1] INFO  server.RaftServerConfigKeys (ConfUtils.java:logGet(43)) - raft.server.log.statemachine.data.sync.timeout = 10s (default)
2019-09-29 11:05:13,375 [pool-42-thread-1] INFO  server.RaftServerConfigKeys (ConfUtils.java:logGet(43)) - raft.server.log.force.sync.num = 128 (default)
2019-09-29 11:05:13,376 [pool-102-thread-1] INFO  server.RaftServerConfigKeys (ConfUtils.java:logGet(43)) - raft.server.log.statemachine.data.sync.timeout.retry = -1 (default)
2019-09-29 11:05:13,376 [pool-72-thread-1] INFO  server.RaftServerConfigKeys (ConfUtils.java:logGet(43)) - raft.server.snapshot.auto.trigger.threshold = 10000 (custom)
2019-09-29 11:05:13,376 [pool-102-thread-1] INFO  server.RaftServerConfigKeys (ConfUtils.java:logGet(43)) - raft.server.log.statemachine.data.caching.enabled = true (custom)
2019-09-29 11:05:13,376 [pool-42-thread-1] INFO  server.RaftServerConfigKeys (ConfUtils.java:logGet(43)) - raft.server.log.statemachine.data.sync = true (default)
2019-09-29 11:05:13,376 [pool-72-thread-1] INFO  server.RaftServerConfigKeys (ConfUtils.java:logGet(43)) - raft.server.snapshot.retention.num.files = 5 (custom)
2019-09-29 11:05:13,376 [pool-102-thread-1] INFO  segmented.SegmentedRaftLogWorker (SegmentedRaftLogWorker.java:lambda$new$0(132)) - 026581f2-b768-4705-ac6e-669da543cea3@group-D205FEAB33D6-SegmentedRaftLogWorker: flushIndex: setUnconditionally 0 -> -1
2019-09-29 11:05:13,376 [pool-42-thread-1] INFO  server.RaftServerConfigKeys (ConfUtils.java:logGet(43)) - raft.server.log.statemachine.data.sync.timeout = 10s (default)
2019-09-29 11:05:13,377 [pool-102-thread-1] INFO  server.RaftServerConfigKeys (ConfUtils.java:logGet(43)) - raft.server.snapshot.auto.trigger.enabled = true (custom)
2019-09-29 11:05:13,377 [pool-72-thread-1] INFO  server.RaftServerConfigKeys (ConfUtils.java:logGet(43)) - raft.server.retrycache.expirytime = 600000ms (custom)
2019-09-29 11:05:13,377 [pool-102-thread-1] INFO  server.RaftServerConfigKeys (ConfUtils.java:logGet(43)) - raft.server.snapshot.auto.trigger.threshold = 10000 (custom)
2019-09-29 11:05:13,377 [pool-42-thread-1] INFO  server.RaftServerConfigKeys (ConfUtils.java:logGet(43)) - raft.server.log.statemachine.data.sync.timeout.retry = -1 (default)
2019-09-29 11:05:13,377 [pool-102-thread-1] INFO  server.RaftServerConfigKeys (ConfUtils.java:logGet(43)) - raft.server.snapshot.retention.num.files = 5 (custom)
2019-09-29 11:05:13,377 [pool-42-thread-1] INFO  server.RaftServerConfigKeys (ConfUtils.java:logGet(43)) - raft.server.log.statemachine.data.caching.enabled = true (custom)
2019-09-29 11:05:13,377 [pool-102-thread-1] INFO  server.RaftServerConfigKeys (ConfUtils.java:logGet(43)) - raft.server.retrycache.expirytime = 600000ms (custom)
2019-09-29 11:05:13,378 [pool-42-thread-1] INFO  segmented.SegmentedRaftLogWorker (SegmentedRaftLogWorker.java:lambda$new$0(132)) - 3a54e60d-c0c8-4de7-a5b4-72c91b9f7f60@group-D205FEAB33D6-SegmentedRaftLogWorker: flushIndex: setUnconditionally 0 -> -1
2019-09-29 11:05:13,378 [pool-42-thread-1] INFO  server.RaftServerConfigKeys (ConfUtils.java:logGet(43)) - raft.server.snapshot.auto.trigger.enabled = true (custom)
2019-09-29 11:05:13,378 [pool-42-thread-1] INFO  server.RaftServerConfigKeys (ConfUtils.java:logGet(43)) - raft.server.snapshot.auto.trigger.threshold = 10000 (custom)
2019-09-29 11:05:13,378 [pool-42-thread-1] INFO  server.RaftServerConfigKeys (ConfUtils.java:logGet(43)) - raft.server.snapshot.retention.num.files = 5 (custom)
2019-09-29 11:05:13,379 [pool-42-thread-1] INFO  server.RaftServerConfigKeys (ConfUtils.java:logGet(43)) - raft.server.retrycache.expirytime = 600000ms (custom)
2019-09-29 11:05:13,381 [pool-72-thread-1] INFO  impl.RaftServerImpl (RaftServerImpl.java:start(185)) - 870588b0-aa93-434f-8f13-603c5341fab3@group-D205FEAB33D6: start as a follower, conf=-1: [3a54e60d-c0c8-4de7-a5b4-72c91b9f7f60:192.168.30.19:44865, 026581f2-b768-4705-ac6e-669da543cea3:192.168.30.19:42448, 870588b0-aa93-434f-8f13-603c5341fab3:192.168.30.19:42508], old=null
2019-09-29 11:05:13,381 [pool-72-thread-1] INFO  impl.RaftServerImpl (RaftServerImpl.java:setRole(174)) - 870588b0-aa93-434f-8f13-603c5341fab3@group-D205FEAB33D6: changes role from      null to FOLLOWER at term 0 for startAsFollower
2019-09-29 11:05:13,381 [pool-102-thread-1] INFO  impl.RaftServerImpl (RaftServerImpl.java:start(185)) - 026581f2-b768-4705-ac6e-669da543cea3@group-D205FEAB33D6: start as a follower, conf=-1: [3a54e60d-c0c8-4de7-a5b4-72c91b9f7f60:192.168.30.19:44865, 026581f2-b768-4705-ac6e-669da543cea3:192.168.30.19:42448, 870588b0-aa93-434f-8f13-603c5341fab3:192.168.30.19:42508], old=null
2019-09-29 11:05:13,381 [pool-72-thread-1] INFO  impl.RoleInfo (RoleInfo.java:updateAndGet(143)) - 870588b0-aa93-434f-8f13-603c5341fab3: start FollowerState
2019-09-29 11:05:13,381 [pool-102-thread-1] INFO  impl.RaftServerImpl (RaftServerImpl.java:setRole(174)) - 026581f2-b768-4705-ac6e-669da543cea3@group-D205FEAB33D6: changes role from      null to FOLLOWER at term 0 for startAsFollower
2019-09-29 11:05:13,382 [pool-102-thread-1] INFO  impl.RoleInfo (RoleInfo.java:updateAndGet(143)) - 026581f2-b768-4705-ac6e-669da543cea3: start FollowerState
2019-09-29 11:05:13,382 [pool-72-thread-1] INFO  util.JmxRegister (JmxRegister.java:tryRegister(44)) - Successfully registered JMX Bean with object name Ratis:service=RaftServer,group=group-D205FEAB33D6,id=870588b0-aa93-434f-8f13-603c5341fab3
2019-09-29 11:05:13,382 [pool-42-thread-1] INFO  impl.RaftServerImpl (RaftServerImpl.java:start(185)) - 3a54e60d-c0c8-4de7-a5b4-72c91b9f7f60@group-D205FEAB33D6: start as a follower, conf=-1: [3a54e60d-c0c8-4de7-a5b4-72c91b9f7f60:192.168.30.19:44865, 026581f2-b768-4705-ac6e-669da543cea3:192.168.30.19:42448, 870588b0-aa93-434f-8f13-603c5341fab3:192.168.30.19:42508], old=null
2019-09-29 11:05:13,382 [pool-102-thread-1] INFO  util.JmxRegister (JmxRegister.java:tryRegister(44)) - Successfully registered JMX Bean with object name Ratis:service=RaftServer,group=group-D205FEAB33D6,id=026581f2-b768-4705-ac6e-669da543cea3
2019-09-29 11:05:13,382 [pool-42-thread-1] INFO  impl.RaftServerImpl (RaftServerImpl.java:setRole(174)) - 3a54e60d-c0c8-4de7-a5b4-72c91b9f7f60@group-D205FEAB33D6: changes role from      null to FOLLOWER at term 0 for startAsFollower
2019-09-29 11:05:13,382 [pool-42-thread-1] INFO  impl.RoleInfo (RoleInfo.java:updateAndGet(143)) - 3a54e60d-c0c8-4de7-a5b4-72c91b9f7f60: start FollowerState
2019-09-29 11:05:13,383 [pool-42-thread-1] INFO  util.JmxRegister (JmxRegister.java:tryRegister(44)) - Successfully registered JMX Bean with object name Ratis:service=RaftServer,group=group-D205FEAB33D6,id=3a54e60d-c0c8-4de7-a5b4-72c91b9f7f60
2019-09-29 11:05:13,425 [RatisPipelineUtilsThread] INFO  pipeline.PipelineStateManager (PipelineStateManager.java:addPipeline(56)) - Created pipeline Pipeline[ Id: 80ed50b3-9871-474e-a011-d205feab33d6, Nodes: 870588b0-aa93-434f-8f13-603c5341fab3{ip: 192.168.30.19, host: pr-hdds-1569-lsfh5-224679870, networkLocation: /default-rack, certSerialId: null}3a54e60d-c0c8-4de7-a5b4-72c91b9f7f60{ip: 192.168.30.19, host: pr-hdds-1569-lsfh5-224679870, networkLocation: /default-rack, certSerialId: null}026581f2-b768-4705-ac6e-669da543cea3{ip: 192.168.30.19, host: pr-hdds-1569-lsfh5-224679870, networkLocation: /default-rack, certSerialId: null}, Type:RATIS, Factor:THREE, State:OPEN]
2019-09-29 11:05:13,443 [grpc-default-executor-0] INFO  impl.RaftServerProxy (RaftServerProxy.java:addNew(89)) - 026581f2-b768-4705-ac6e-669da543cea3: addNew group-5FCA5F0BED6F:[3a54e60d-c0c8-4de7-a5b4-72c91b9f7f60:192.168.30.19:44865, 026581f2-b768-4705-ac6e-669da543cea3:192.168.30.19:42448, 870588b0-aa93-434f-8f13-603c5341fab3:192.168.30.19:42508] returns group-5FCA5F0BED6F:java.util.concurrent.CompletableFuture@6b7a660c[Not completed]
2019-09-29 11:05:13,443 [grpc-default-executor-1] INFO  impl.RaftServerProxy (RaftServerProxy.java:addNew(89)) - 870588b0-aa93-434f-8f13-603c5341fab3: addNew group-5FCA5F0BED6F:[3a54e60d-c0c8-4de7-a5b4-72c91b9f7f60:192.168.30.19:44865, 026581f2-b768-4705-ac6e-669da543cea3:192.168.30.19:42448, 870588b0-aa93-434f-8f13-603c5341fab3:192.168.30.19:42508] returns group-5FCA5F0BED6F:java.util.concurrent.CompletableFuture@752d7c63[Not completed]
2019-09-29 11:05:13,445 [grpc-default-executor-2] INFO  impl.RaftServerProxy (RaftServerProxy.java:addNew(89)) - 3a54e60d-c0c8-4de7-a5b4-72c91b9f7f60: addNew group-5FCA5F0BED6F:[3a54e60d-c0c8-4de7-a5b4-72c91b9f7f60:192.168.30.19:44865, 026581f2-b768-4705-ac6e-669da543cea3:192.168.30.19:42448, 870588b0-aa93-434f-8f13-603c5341fab3:192.168.30.19:42508] returns group-5FCA5F0BED6F:java.util.concurrent.CompletableFuture@105a28fc[Not completed]
2019-09-29 11:05:13,446 [pool-72-thread-1] INFO  impl.RaftServerImpl (RaftServerImpl.java:<init>(95)) - 870588b0-aa93-434f-8f13-603c5341fab3: new RaftServerImpl for group-5FCA5F0BED6F:[3a54e60d-c0c8-4de7-a5b4-72c91b9f7f60:192.168.30.19:44865, 026581f2-b768-4705-ac6e-669da543cea3:192.168.30.19:42448, 870588b0-aa93-434f-8f13-603c5341fab3:192.168.30.19:42508] with ContainerStateMachine:uninitialized
2019-09-29 11:05:13,447 [pool-72-thread-1] INFO  server.RaftServerConfigKeys (ConfUtils.java:logGet(43)) - raft.server.rpc.timeout.min = 5s (custom)
2019-09-29 11:05:13,447 [pool-72-thread-1] INFO  server.RaftServerConfigKeys (ConfUtils.java:logGet(43)) - raft.server.rpc.timeout.max = 5200ms (custom)
2019-09-29 11:05:13,447 [pool-72-thread-1] INFO  server.RaftServerConfigKeys (ConfUtils.java:logGet(43)) - raft.server.rpcslowness.timeout = 120s (custom)
2019-09-29 11:05:13,447 [pool-72-thread-1] INFO  server.RaftServerConfigKeys (ConfUtils.java:logGet(43)) - raft.server.sleep.deviation.threshold = 300 (default)
2019-09-29 11:05:13,447 [pool-72-thread-1] INFO  server.RaftServerConfigKeys (ConfUtils.java:logGet(43)) - raft.server.log.appender.install.snapshot.enabled = false (custom)
2019-09-29 11:05:13,447 [pool-72-thread-1] INFO  impl.RaftServerImpl (ServerState.java:<init>(103)) - 870588b0-aa93-434f-8f13-603c5341fab3@group-5FCA5F0BED6F: ConfigurationManager, init=-1: [3a54e60d-c0c8-4de7-a5b4-72c91b9f7f60:192.168.30.19:44865, 026581f2-b768-4705-ac6e-669da543cea3:192.168.30.19:42448, 870588b0-aa93-434f-8f13-603c5341fab3:192.168.30.19:42508], old=null, confs=<EMPTY_MAP>
2019-09-29 11:05:13,447 [pool-72-thread-1] INFO  server.RaftServerConfigKeys (ConfUtils.java:logGet(43)) - raft.server.storage.dir = [/workdir/hadoop-ozone/integration-test/target/test-dir/MiniOzoneClusterImpl-1c785ca3-4d8a-4703-81e1-f58f984e2e1c/datanode-4/data/ratis] (custom)
2019-09-29 11:05:13,447 [pool-42-thread-1] INFO  impl.RaftServerImpl (RaftServerImpl.java:<init>(95)) - 3a54e60d-c0c8-4de7-a5b4-72c91b9f7f60: new RaftServerImpl for group-5FCA5F0BED6F:[3a54e60d-c0c8-4de7-a5b4-72c91b9f7f60:192.168.30.19:44865, 026581f2-b768-4705-ac6e-669da543cea3:192.168.30.19:42448, 870588b0-aa93-434f-8f13-603c5341fab3:192.168.30.19:42508] with ContainerStateMachine:uninitialized
2019-09-29 11:05:13,447 [pool-72-thread-1] INFO  storage.RaftStorageDirectory (RaftStorageDirectory.java:analyzeStorage(246)) - The storage directory /workdir/hadoop-ozone/integration-test/target/test-dir/MiniOzoneClusterImpl-1c785ca3-4d8a-4703-81e1-f58f984e2e1c/datanode-4/data/ratis/a2c65549-53eb-4e82-8091-5fca5f0bed6f does not exist. Creating ...
2019-09-29 11:05:13,448 [pool-42-thread-1] INFO  server.RaftServerConfigKeys (ConfUtils.java:logGet(43)) - raft.server.rpc.timeout.min = 5s (custom)
2019-09-29 11:05:13,448 [pool-42-thread-1] INFO  server.RaftServerConfigKeys (ConfUtils.java:logGet(43)) - raft.server.rpc.timeout.max = 5200ms (custom)
2019-09-29 11:05:13,448 [pool-42-thread-1] INFO  server.RaftServerConfigKeys (ConfUtils.java:logGet(43)) - raft.server.rpcslowness.timeout = 120s (custom)
2019-09-29 11:05:13,448 [pool-42-thread-1] INFO  server.RaftServerConfigKeys (ConfUtils.java:logGet(43)) - raft.server.sleep.deviation.threshold = 300 (default)
2019-09-29 11:05:13,448 [pool-42-thread-1] INFO  server.RaftServerConfigKeys (ConfUtils.java:logGet(43)) - raft.server.log.appender.install.snapshot.enabled = false (custom)
2019-09-29 11:05:13,448 [pool-42-thread-1] INFO  impl.RaftServerImpl (ServerState.java:<init>(103)) - 3a54e60d-c0c8-4de7-a5b4-72c91b9f7f60@group-5FCA5F0BED6F: ConfigurationManager, init=-1: [3a54e60d-c0c8-4de7-a5b4-72c91b9f7f60:192.168.30.19:44865, 026581f2-b768-4705-ac6e-669da543cea3:192.168.30.19:42448, 870588b0-aa93-434f-8f13-603c5341fab3:192.168.30.19:42508], old=null, confs=<EMPTY_MAP>
2019-09-29 11:05:13,449 [pool-42-thread-1] INFO  server.RaftServerConfigKeys (ConfUtils.java:logGet(43)) - raft.server.storage.dir = [/workdir/hadoop-ozone/integration-test/target/test-dir/MiniOzoneClusterImpl-1c785ca3-4d8a-4703-81e1-f58f984e2e1c/datanode-1/data/ratis] (custom)
2019-09-29 11:05:13,449 [pool-102-thread-1] INFO  impl.RaftServerImpl (RaftServerImpl.java:<init>(95)) - 026581f2-b768-4705-ac6e-669da543cea3: new RaftServerImpl for group-5FCA5F0BED6F:[3a54e60d-c0c8-4de7-a5b4-72c91b9f7f60:192.168.30.19:44865, 026581f2-b768-4705-ac6e-669da543cea3:192.168.30.19:42448, 870588b0-aa93-434f-8f13-603c5341fab3:192.168.30.19:42508] with ContainerStateMachine:uninitialized
2019-09-29 11:05:13,449 [pool-102-thread-1] INFO  server.RaftServerConfigKeys (ConfUtils.java:logGet(43)) - raft.server.rpc.timeout.min = 5s (custom)
2019-09-29 11:05:13,449 [pool-42-thread-1] INFO  storage.RaftStorageDirectory (RaftStorageDirectory.java:analyzeStorage(246)) - The storage directory /workdir/hadoop-ozone/integration-test/target/test-dir/MiniOzoneClusterImpl-1c785ca3-4d8a-4703-81e1-f58f984e2e1c/datanode-1/data/ratis/a2c65549-53eb-4e82-8091-5fca5f0bed6f does not exist. Creating ...
2019-09-29 11:05:13,449 [pool-102-thread-1] INFO  server.RaftServerConfigKeys (ConfUtils.java:logGet(43)) - raft.server.rpc.timeout.max = 5200ms (custom)
2019-09-29 11:05:13,449 [pool-102-thread-1] INFO  server.RaftServerConfigKeys (ConfUtils.java:logGet(43)) - raft.server.rpcslowness.timeout = 120s (custom)
2019-09-29 11:05:13,450 [pool-102-thread-1] INFO  server.RaftServerConfigKeys (ConfUtils.java:logGet(43)) - raft.server.sleep.deviation.threshold = 300 (default)
2019-09-29 11:05:13,450 [pool-102-thread-1] INFO  server.RaftServerConfigKeys (ConfUtils.java:logGet(43)) - raft.server.log.appender.install.snapshot.enabled = false (custom)
2019-09-29 11:05:13,450 [pool-102-thread-1] INFO  impl.RaftServerImpl (ServerState.java:<init>(103)) - 026581f2-b768-4705-ac6e-669da543cea3@group-5FCA5F0BED6F: ConfigurationManager, init=-1: [3a54e60d-c0c8-4de7-a5b4-72c91b9f7f60:192.168.30.19:44865, 026581f2-b768-4705-ac6e-669da543cea3:192.168.30.19:42448, 870588b0-aa93-434f-8f13-603c5341fab3:192.168.30.19:42508], old=null, confs=<EMPTY_MAP>
2019-09-29 11:05:13,450 [pool-102-thread-1] INFO  server.RaftServerConfigKeys (ConfUtils.java:logGet(43)) - raft.server.storage.dir = [/workdir/hadoop-ozone/integration-test/target/test-dir/MiniOzoneClusterImpl-1c785ca3-4d8a-4703-81e1-f58f984e2e1c/datanode-7/data/ratis] (custom)
2019-09-29 11:05:13,450 [pool-102-thread-1] INFO  storage.RaftStorageDirectory (RaftStorageDirectory.java:analyzeStorage(246)) - The storage directory /workdir/hadoop-ozone/integration-test/target/test-dir/MiniOzoneClusterImpl-1c785ca3-4d8a-4703-81e1-f58f984e2e1c/datanode-7/data/ratis/a2c65549-53eb-4e82-8091-5fca5f0bed6f does not exist. Creating ...
2019-09-29 11:05:13,478 [pool-42-thread-1] INFO  storage.RaftStorageDirectory (RaftStorageDirectory.java:tryLock(328)) - Lock on /workdir/hadoop-ozone/integration-test/target/test-dir/MiniOzoneClusterImpl-1c785ca3-4d8a-4703-81e1-f58f984e2e1c/datanode-1/data/ratis/a2c65549-53eb-4e82-8091-5fca5f0bed6f/in_use.lock acquired by nodename 32469@pr-hdds-1569-lsfh5-224679870
2019-09-29 11:05:13,478 [pool-72-thread-1] INFO  storage.RaftStorageDirectory (RaftStorageDirectory.java:tryLock(328)) - Lock on /workdir/hadoop-ozone/integration-test/target/test-dir/MiniOzoneClusterImpl-1c785ca3-4d8a-4703-81e1-f58f984e2e1c/datanode-4/data/ratis/a2c65549-53eb-4e82-8091-5fca5f0bed6f/in_use.lock acquired by nodename 32469@pr-hdds-1569-lsfh5-224679870
2019-09-29 11:05:13,478 [pool-102-thread-1] INFO  storage.RaftStorageDirectory (RaftStorageDirectory.java:tryLock(328)) - Lock on /workdir/hadoop-ozone/integration-test/target/test-dir/MiniOzoneClusterImpl-1c785ca3-4d8a-4703-81e1-f58f984e2e1c/datanode-7/data/ratis/a2c65549-53eb-4e82-8091-5fca5f0bed6f/in_use.lock acquired by nodename 32469@pr-hdds-1569-lsfh5-224679870
2019-09-29 11:05:13,503 [pool-42-thread-1] INFO  storage.RaftStorage (RaftStorage.java:format(72)) - Storage directory /workdir/hadoop-ozone/integration-test/target/test-dir/MiniOzoneClusterImpl-1c785ca3-4d8a-4703-81e1-f58f984e2e1c/datanode-1/data/ratis/a2c65549-53eb-4e82-8091-5fca5f0bed6f has been successfully formatted.
2019-09-29 11:05:13,503 [pool-72-thread-1] INFO  storage.RaftStorage (RaftStorage.java:format(72)) - Storage directory /workdir/hadoop-ozone/integration-test/target/test-dir/MiniOzoneClusterImpl-1c785ca3-4d8a-4703-81e1-f58f984e2e1c/datanode-4/data/ratis/a2c65549-53eb-4e82-8091-5fca5f0bed6f has been successfully formatted.
2019-09-29 11:05:13,503 [pool-102-thread-1] INFO  storage.RaftStorage (RaftStorage.java:format(72)) - Storage directory /workdir/hadoop-ozone/integration-test/target/test-dir/MiniOzoneClusterImpl-1c785ca3-4d8a-4703-81e1-f58f984e2e1c/datanode-7/data/ratis/a2c65549-53eb-4e82-8091-5fca5f0bed6f has been successfully formatted.
2019-09-29 11:05:13,503 [pool-42-thread-1] INFO  ratis.ContainerStateMachine (ContainerStateMachine.java:loadSnapshot(230)) - group-5FCA5F0BED6F: The snapshot info is null. Setting the last applied indexto:(t:0, i:~)
2019-09-29 11:05:13,503 [pool-72-thread-1] INFO  ratis.ContainerStateMachine (ContainerStateMachine.java:loadSnapshot(230)) - group-5FCA5F0BED6F: The snapshot info is null. Setting the last applied indexto:(t:0, i:~)
2019-09-29 11:05:13,504 [pool-102-thread-1] INFO  ratis.ContainerStateMachine (ContainerStateMachine.java:loadSnapshot(230)) - group-5FCA5F0BED6F: The snapshot info is null. Setting the last applied indexto:(t:0, i:~)
2019-09-29 11:05:13,504 [pool-42-thread-1] INFO  server.RaftServerConfigKeys (ConfUtils.java:logGet(43)) - raft.server.notification.no-leader.timeout = 120s (custom)
2019-09-29 11:05:13,504 [pool-102-thread-1] INFO  server.RaftServerConfigKeys (ConfUtils.java:logGet(43)) - raft.server.notification.no-leader.timeout = 120s (custom)
2019-09-29 11:05:13,504 [pool-72-thread-1] INFO  server.RaftServerConfigKeys (ConfUtils.java:logGet(43)) - raft.server.notification.no-leader.timeout = 120s (custom)
2019-09-29 11:05:13,504 [pool-102-thread-1] INFO  server.RaftServerConfigKeys (ConfUtils.java:logGet(43)) - raft.server.log.use.memory = false (default)
2019-09-29 11:05:13,504 [pool-42-thread-1] INFO  server.RaftServerConfigKeys (ConfUtils.java:logGet(43)) - raft.server.log.use.memory = false (default)
2019-09-29 11:05:13,507 [pool-102-thread-1] INFO  server.RaftServerConfigKeys (ConfUtils.java:logGet(43)) - raft.server.log.purge.gap = 1000000 (custom)
2019-09-29 11:05:13,504 [pool-72-thread-1] INFO  server.RaftServerConfigKeys (ConfUtils.java:logGet(43)) - raft.server.log.use.memory = false (default)
2019-09-29 11:05:13,507 [pool-102-thread-1] INFO  server.RaftServerConfigKeys (ConfUtils.java:logGet(43)) - raft.server.log.appender.buffer.byte-limit = 33554432 (custom)
2019-09-29 11:05:13,507 [pool-42-thread-1] INFO  server.RaftServerConfigKeys (ConfUtils.java:logGet(43)) - raft.server.log.purge.gap = 1000000 (custom)
2019-09-29 11:05:13,507 [pool-102-thread-1] INFO  server.RaftServerConfigKeys (ConfUtils.java:logGet(43)) - raft.server.log.segment.size.max = 1048576 (custom)
2019-09-29 11:05:13,507 [pool-72-thread-1] INFO  server.RaftServerConfigKeys (ConfUtils.java:logGet(43)) - raft.server.log.purge.gap = 1000000 (custom)
2019-09-29 11:05:13,508 [pool-102-thread-1] INFO  server.RaftServerConfigKeys (ConfUtils.java:logGet(43)) - raft.server.log.segment.cache.num.max = 2 (custom)
2019-09-29 11:05:13,507 [pool-42-thread-1] INFO  server.RaftServerConfigKeys (ConfUtils.java:logGet(43)) - raft.server.log.appender.buffer.byte-limit = 33554432 (custom)
2019-09-29 11:05:13,508 [pool-102-thread-1] INFO  segmented.SegmentedRaftLogWorker (SegmentedRaftLogWorker.java:<init>(172)) - new 026581f2-b768-4705-ac6e-669da543cea3@group-5FCA5F0BED6F-SegmentedRaftLogWorker for RaftStorage:Storage Directory /workdir/hadoop-ozone/integration-test/target/test-dir/MiniOzoneClusterImpl-1c785ca3-4d8a-4703-81e1-f58f984e2e1c/datanode-7/data/ratis/a2c65549-53eb-4e82-8091-5fca5f0bed6f
2019-09-29 11:05:13,508 [pool-72-thread-1] INFO  server.RaftServerConfigKeys (ConfUtils.java:logGet(43)) - raft.server.log.appender.buffer.byte-limit = 33554432 (custom)
2019-09-29 11:05:13,508 [pool-102-thread-1] INFO  server.RaftServerConfigKeys (ConfUtils.java:logGet(43)) - raft.server.log.queue.byte-limit = 2147483647 (custom)
2019-09-29 11:05:13,508 [pool-42-thread-1] INFO  server.RaftServerConfigKeys (ConfUtils.java:logGet(43)) - raft.server.log.segment.size.max = 1048576 (custom)
2019-09-29 11:05:13,509 [pool-102-thread-1] INFO  server.RaftServerConfigKeys (ConfUtils.java:logGet(43)) - raft.server.log.queue.element-limit = 1024 (custom)
2019-09-29 11:05:13,508 [pool-72-thread-1] INFO  server.RaftServerConfigKeys (ConfUtils.java:logGet(43)) - raft.server.log.segment.size.max = 1048576 (custom)
2019-09-29 11:05:13,509 [pool-102-thread-1] INFO  server.RaftServerConfigKeys (ConfUtils.java:logGet(43)) - raft.server.log.segment.size.max = 1048576 (custom)
2019-09-29 11:05:13,513 [pool-72-thread-1] INFO  server.RaftServerConfigKeys (ConfUtils.java:logGet(43)) - raft.server.log.segment.cache.num.max = 2 (custom)
2019-09-29 11:05:13,509 [pool-42-thread-1] INFO  server.RaftServerConfigKeys (ConfUtils.java:logGet(43)) - raft.server.log.segment.cache.num.max = 2 (custom)
2019-09-29 11:05:13,514 [pool-72-thread-1] INFO  segmented.SegmentedRaftLogWorker (SegmentedRaftLogWorker.java:<init>(172)) - new 870588b0-aa93-434f-8f13-603c5341fab3@group-5FCA5F0BED6F-SegmentedRaftLogWorker for RaftStorage:Storage Directory /workdir/hadoop-ozone/integration-test/target/test-dir/MiniOzoneClusterImpl-1c785ca3-4d8a-4703-81e1-f58f984e2e1c/datanode-4/data/ratis/a2c65549-53eb-4e82-8091-5fca5f0bed6f
2019-09-29 11:05:13,513 [pool-102-thread-1] INFO  server.RaftServerConfigKeys (ConfUtils.java:logGet(43)) - raft.server.log.preallocated.size = 16384 (custom)
2019-09-29 11:05:13,514 [pool-72-thread-1] INFO  server.RaftServerConfigKeys (ConfUtils.java:logGet(43)) - raft.server.log.queue.byte-limit = 2147483647 (custom)
2019-09-29 11:05:13,514 [pool-42-thread-1] INFO  segmented.SegmentedRaftLogWorker (SegmentedRaftLogWorker.java:<init>(172)) - new 3a54e60d-c0c8-4de7-a5b4-72c91b9f7f60@group-5FCA5F0BED6F-SegmentedRaftLogWorker for RaftStorage:Storage Directory /workdir/hadoop-ozone/integration-test/target/test-dir/MiniOzoneClusterImpl-1c785ca3-4d8a-4703-81e1-f58f984e2e1c/datanode-1/data/ratis/a2c65549-53eb-4e82-8091-5fca5f0bed6f
2019-09-29 11:05:13,514 [pool-72-thread-1] INFO  server.RaftServerConfigKeys (ConfUtils.java:logGet(43)) - raft.server.log.queue.element-limit = 1024 (custom)
2019-09-29 11:05:13,514 [pool-102-thread-1] INFO  server.RaftServerConfigKeys (ConfUtils.java:logGet(43)) - raft.server.log.write.buffer.size = 33554432 (custom)
2019-09-29 11:05:13,515 [pool-72-thread-1] INFO  server.RaftServerConfigKeys (ConfUtils.java:logGet(43)) - raft.server.log.segment.size.max = 1048576 (custom)
2019-09-29 11:05:13,514 [pool-42-thread-1] INFO  server.RaftServerConfigKeys (ConfUtils.java:logGet(43)) - raft.server.log.queue.byte-limit = 2147483647 (custom)
2019-09-29 11:05:13,515 [pool-72-thread-1] INFO  server.RaftServerConfigKeys (ConfUtils.java:logGet(43)) - raft.server.log.preallocated.size = 16384 (custom)
2019-09-29 11:05:13,515 [pool-102-thread-1] INFO  server.RaftServerConfigKeys (ConfUtils.java:logGet(43)) - raft.server.log.force.sync.num = 128 (default)
2019-09-29 11:05:13,515 [pool-72-thread-1] INFO  server.RaftServerConfigKeys (ConfUtils.java:logGet(43)) - raft.server.log.write.buffer.size = 33554432 (custom)
2019-09-29 11:05:13,515 [pool-72-thread-1] INFO  server.RaftServerConfigKeys (ConfUtils.java:logGet(43)) - raft.server.log.force.sync.num = 128 (default)
2019-09-29 11:05:13,515 [pool-42-thread-1] INFO  server.RaftServerConfigKeys (ConfUtils.java:logGet(43)) - raft.server.log.queue.element-limit = 1024 (custom)
2019-09-29 11:05:13,516 [pool-72-thread-1] INFO  server.RaftServerConfigKeys (ConfUtils.java:logGet(43)) - raft.server.log.statemachine.data.sync = true (default)
2019-09-29 11:05:13,515 [pool-102-thread-1] INFO  server.RaftServerConfigKeys (ConfUtils.java:logGet(43)) - raft.server.log.statemachine.data.sync = true (default)
2019-09-29 11:05:13,516 [pool-72-thread-1] INFO  server.RaftServerConfigKeys (ConfUtils.java:logGet(43)) - raft.server.log.statemachine.data.sync.timeout = 10s (default)
2019-09-29 11:05:13,516 [pool-42-thread-1] INFO  server.RaftServerConfigKeys (ConfUtils.java:logGet(43)) - raft.server.log.segment.size.max = 1048576 (custom)
2019-09-29 11:05:13,516 [pool-72-thread-1] INFO  server.RaftServerConfigKeys (ConfUtils.java:logGet(43)) - raft.server.log.statemachine.data.sync.timeout.retry = -1 (default)
2019-09-29 11:05:13,516 [pool-102-thread-1] INFO  server.RaftServerConfigKeys (ConfUtils.java:logGet(43)) - raft.server.log.statemachine.data.sync.timeout = 10s (default)
2019-09-29 11:05:13,517 [pool-72-thread-1] INFO  server.RaftServerConfigKeys (ConfUtils.java:logGet(43)) - raft.server.log.statemachine.data.caching.enabled = true (custom)
2019-09-29 11:05:13,516 [pool-42-thread-1] INFO  server.RaftServerConfigKeys (ConfUtils.java:logGet(43)) - raft.server.log.preallocated.size = 16384 (custom)
2019-09-29 11:05:13,517 [pool-102-thread-1] INFO  server.RaftServerConfigKeys (ConfUtils.java:logGet(43)) - raft.server.log.statemachine.data.sync.timeout.retry = -1 (default)
2019-09-29 11:05:13,517 [pool-42-thread-1] INFO  server.RaftServerConfigKeys (ConfUtils.java:logGet(43)) - raft.server.log.write.buffer.size = 33554432 (custom)
2019-09-29 11:05:13,517 [pool-102-thread-1] INFO  server.RaftServerConfigKeys (ConfUtils.java:logGet(43)) - raft.server.log.statemachine.data.caching.enabled = true (custom)
2019-09-29 11:05:13,517 [pool-72-thread-1] INFO  segmented.SegmentedRaftLogWorker (SegmentedRaftLogWorker.java:lambda$new$0(132)) - 870588b0-aa93-434f-8f13-603c5341fab3@group-5FCA5F0BED6F-SegmentedRaftLogWorker: flushIndex: setUnconditionally 0 -> -1
2019-09-29 11:05:13,517 [pool-42-thread-1] INFO  server.RaftServerConfigKeys (ConfUtils.java:logGet(43)) - raft.server.log.force.sync.num = 128 (default)
2019-09-29 11:05:13,517 [pool-102-thread-1] INFO  segmented.SegmentedRaftLogWorker (SegmentedRaftLogWorker.java:lambda$new$0(132)) - 026581f2-b768-4705-ac6e-669da543cea3@group-5FCA5F0BED6F-SegmentedRaftLogWorker: flushIndex: setUnconditionally 0 -> -1
2019-09-29 11:05:13,518 [pool-72-thread-1] INFO  server.RaftServerConfigKeys (ConfUtils.java:logGet(43)) - raft.server.snapshot.auto.trigger.enabled = true (custom)
2019-09-29 11:05:13,518 [pool-42-thread-1] INFO  server.RaftServerConfigKeys (ConfUtils.java:logGet(43)) - raft.server.log.statemachine.data.sync = true (default)
2019-09-29 11:05:13,518 [pool-72-thread-1] INFO  server.RaftServerConfigKeys (ConfUtils.java:logGet(43)) - raft.server.snapshot.auto.trigger.threshold = 10000 (custom)
2019-09-29 11:05:13,518 [pool-102-thread-1] INFO  server.RaftServerConfigKeys (ConfUtils.java:logGet(43)) - raft.server.snapshot.auto.trigger.enabled = true (custom)
2019-09-29 11:05:13,518 [pool-72-thread-1] INFO  server.RaftServerConfigKeys (ConfUtils.java:logGet(43)) - raft.server.snapshot.retention.num.files = 5 (custom)
2019-09-29 11:05:13,518 [pool-42-thread-1] INFO  server.RaftServerConfigKeys (ConfUtils.java:logGet(43)) - raft.server.log.statemachine.data.sync.timeout = 10s (default)
2019-09-29 11:05:13,518 [pool-102-thread-1] INFO  server.RaftServerConfigKeys (ConfUtils.java:logGet(43)) - raft.server.snapshot.auto.trigger.threshold = 10000 (custom)
2019-09-29 11:05:13,519 [pool-42-thread-1] INFO  server.RaftServerConfigKeys (ConfUtils.java:logGet(43)) - raft.server.log.statemachine.data.sync.timeout.retry = -1 (default)
2019-09-29 11:05:13,519 [pool-72-thread-1] INFO  server.RaftServerConfigKeys (ConfUtils.java:logGet(43)) - raft.server.retrycache.expirytime = 600000ms (custom)
2019-09-29 11:05:13,519 [pool-42-thread-1] INFO  server.RaftServerConfigKeys (ConfUtils.java:logGet(43)) - raft.server.log.statemachine.data.caching.enabled = true (custom)
2019-09-29 11:05:13,519 [pool-102-thread-1] INFO  server.RaftServerConfigKeys (ConfUtils.java:logGet(43)) - raft.server.snapshot.retention.num.files = 5 (custom)
2019-09-29 11:05:13,519 [pool-42-thread-1] INFO  segmented.SegmentedRaftLogWorker (SegmentedRaftLogWorker.java:lambda$new$0(132)) - 3a54e60d-c0c8-4de7-a5b4-72c91b9f7f60@group-5FCA5F0BED6F-SegmentedRaftLogWorker: flushIndex: setUnconditionally 0 -> -1
2019-09-29 11:05:13,519 [pool-102-thread-1] INFO  server.RaftServerConfigKeys (ConfUtils.java:logGet(43)) - raft.server.retrycache.expirytime = 600000ms (custom)
2019-09-29 11:05:13,520 [pool-42-thread-1] INFO  server.RaftServerConfigKeys (ConfUtils.java:logGet(43)) - raft.server.snapshot.auto.trigger.enabled = true (custom)
2019-09-29 11:05:13,520 [pool-42-thread-1] INFO  server.RaftServerConfigKeys (ConfUtils.java:logGet(43)) - raft.server.snapshot.auto.trigger.threshold = 10000 (custom)
2019-09-29 11:05:13,520 [pool-42-thread-1] INFO  server.RaftServerConfigKeys (ConfUtils.java:logGet(43)) - raft.server.snapshot.retention.num.files = 5 (custom)
2019-09-29 11:05:13,520 [pool-42-thread-1] INFO  server.RaftServerConfigKeys (ConfUtils.java:logGet(43)) - raft.server.retrycache.expirytime = 600000ms (custom)
2019-09-29 11:05:13,524 [pool-72-thread-1] INFO  impl.RaftServerImpl (RaftServerImpl.java:start(185)) - 870588b0-aa93-434f-8f13-603c5341fab3@group-5FCA5F0BED6F: start as a follower, conf=-1: [3a54e60d-c0c8-4de7-a5b4-72c91b9f7f60:192.168.30.19:44865, 026581f2-b768-4705-ac6e-669da543cea3:192.168.30.19:42448, 870588b0-aa93-434f-8f13-603c5341fab3:192.168.30.19:42508], old=null
2019-09-29 11:05:13,524 [pool-72-thread-1] INFO  impl.RaftServerImpl (RaftServerImpl.java:setRole(174)) - 870588b0-aa93-434f-8f13-603c5341fab3@group-5FCA5F0BED6F: changes role from      null to FOLLOWER at term 0 for startAsFollower
2019-09-29 11:05:13,525 [pool-72-thread-1] INFO  impl.RoleInfo (RoleInfo.java:updateAndGet(143)) - 870588b0-aa93-434f-8f13-603c5341fab3: start FollowerState
2019-09-29 11:05:13,525 [pool-102-thread-1] INFO  impl.RaftServerImpl (RaftServerImpl.java:start(185)) - 026581f2-b768-4705-ac6e-669da543cea3@group-5FCA5F0BED6F: start as a follower, conf=-1: [3a54e60d-c0c8-4de7-a5b4-72c91b9f7f60:192.168.30.19:44865, 026581f2-b768-4705-ac6e-669da543cea3:192.168.30.19:42448, 870588b0-aa93-434f-8f13-603c5341fab3:192.168.30.19:42508], old=null
2019-09-29 11:05:13,525 [pool-102-thread-1] INFO  impl.RaftServerImpl (RaftServerImpl.java:setRole(174)) - 026581f2-b768-4705-ac6e-669da543cea3@group-5FCA5F0BED6F: changes role from      null to FOLLOWER at term 0 for startAsFollower
2019-09-29 11:05:13,525 [pool-72-thread-1] INFO  util.JmxRegister (JmxRegister.java:tryRegister(44)) - Successfully registered JMX Bean with object name Ratis:service=RaftServer,group=group-5FCA5F0BED6F,id=870588b0-aa93-434f-8f13-603c5341fab3
2019-09-29 11:05:13,525 [pool-102-thread-1] INFO  impl.RoleInfo (RoleInfo.java:updateAndGet(143)) - 026581f2-b768-4705-ac6e-669da543cea3: start FollowerState
2019-09-29 11:05:13,525 [pool-42-thread-1] INFO  impl.RaftServerImpl (RaftServerImpl.java:start(185)) - 3a54e60d-c0c8-4de7-a5b4-72c91b9f7f60@group-5FCA5F0BED6F: start as a follower, conf=-1: [3a54e60d-c0c8-4de7-a5b4-72c91b9f7f60:192.168.30.19:44865, 026581f2-b768-4705-ac6e-669da543cea3:192.168.30.19:42448, 870588b0-aa93-434f-8f13-603c5341fab3:192.168.30.19:42508], old=null
2019-09-29 11:05:13,526 [pool-42-thread-1] INFO  impl.RaftServerImpl (RaftServerImpl.java:setRole(174)) - 3a54e60d-c0c8-4de7-a5b4-72c91b9f7f60@group-5FCA5F0BED6F: changes role from      null to FOLLOWER at term 0 for startAsFollower
2019-09-29 11:05:13,526 [pool-102-thread-1] INFO  util.JmxRegister (JmxRegister.java:tryRegister(44)) - Successfully registered JMX Bean with object name Ratis:service=RaftServer,group=group-5FCA5F0BED6F,id=026581f2-b768-4705-ac6e-669da543cea3
2019-09-29 11:05:13,526 [pool-42-thread-1] INFO  impl.RoleInfo (RoleInfo.java:updateAndGet(143)) - 3a54e60d-c0c8-4de7-a5b4-72c91b9f7f60: start FollowerState
2019-09-29 11:05:13,527 [pool-42-thread-1] INFO  util.JmxRegister (JmxRegister.java:tryRegister(44)) - Successfully registered JMX Bean with object name Ratis:service=RaftServer,group=group-5FCA5F0BED6F,id=3a54e60d-c0c8-4de7-a5b4-72c91b9f7f60
2019-09-29 11:05:13,545 [RatisPipelineUtilsThread] INFO  pipeline.PipelineStateManager (PipelineStateManager.java:addPipeline(56)) - Created pipeline Pipeline[ Id: a2c65549-53eb-4e82-8091-5fca5f0bed6f, Nodes: 870588b0-aa93-434f-8f13-603c5341fab3{ip: 192.168.30.19, host: pr-hdds-1569-lsfh5-224679870, networkLocation: /default-rack, certSerialId: null}3a54e60d-c0c8-4de7-a5b4-72c91b9f7f60{ip: 192.168.30.19, host: pr-hdds-1569-lsfh5-224679870, networkLocation: /default-rack, certSerialId: null}026581f2-b768-4705-ac6e-669da543cea3{ip: 192.168.30.19, host: pr-hdds-1569-lsfh5-224679870, networkLocation: /default-rack, certSerialId: null}, Type:RATIS, Factor:THREE, State:OPEN]
2019-09-29 11:05:13,565 [grpc-default-executor-1] INFO  impl.RaftServerProxy (RaftServerProxy.java:addNew(89)) - 3a54e60d-c0c8-4de7-a5b4-72c91b9f7f60: addNew group-378430657927:[3a54e60d-c0c8-4de7-a5b4-72c91b9f7f60:192.168.30.19:44865, 026581f2-b768-4705-ac6e-669da543cea3:192.168.30.19:42448, 870588b0-aa93-434f-8f13-603c5341fab3:192.168.30.19:42508] returns group-378430657927:java.util.concurrent.CompletableFuture@d511cec[Not completed]
2019-09-29 11:05:13,565 [grpc-default-executor-0] INFO  impl.RaftServerProxy (RaftServerProxy.java:addNew(89)) - 870588b0-aa93-434f-8f13-603c5341fab3: addNew group-378430657927:[3a54e60d-c0c8-4de7-a5b4-72c91b9f7f60:192.168.30.19:44865, 026581f2-b768-4705-ac6e-669da543cea3:192.168.30.19:42448, 870588b0-aa93-434f-8f13-603c5341fab3:192.168.30.19:42508] returns group-378430657927:java.util.concurrent.CompletableFuture@198c05ac[Not completed]
2019-09-29 11:05:13,569 [grpc-default-executor-0] INFO  impl.RaftServerProxy (RaftServerProxy.java:addNew(89)) - 026581f2-b768-4705-ac6e-669da543cea3: addNew group-378430657927:[3a54e60d-c0c8-4de7-a5b4-72c91b9f7f60:192.168.30.19:44865, 026581f2-b768-4705-ac6e-669da543cea3:192.168.30.19:42448, 870588b0-aa93-434f-8f13-603c5341fab3:192.168.30.19:42508] returns group-378430657927:java.util.concurrent.CompletableFuture@44393e36[Not completed]
2019-09-29 11:05:13,573 [pool-42-thread-1] INFO  impl.RaftServerImpl (RaftServerImpl.java:<init>(95)) - 3a54e60d-c0c8-4de7-a5b4-72c91b9f7f60: new RaftServerImpl for group-378430657927:[3a54e60d-c0c8-4de7-a5b4-72c91b9f7f60:192.168.30.19:44865, 026581f2-b768-4705-ac6e-669da543cea3:192.168.30.19:42448, 870588b0-aa93-434f-8f13-603c5341fab3:192.168.30.19:42508] with ContainerStateMachine:uninitialized
2019-09-29 11:05:13,574 [pool-42-thread-1] INFO  server.RaftServerConfigKeys (ConfUtils.java:logGet(43)) - raft.server.rpc.timeout.min = 5s (custom)
2019-09-29 11:05:13,579 [pool-42-thread-1] INFO  server.RaftServerConfigKeys (ConfUtils.java:logGet(43)) - raft.server.rpc.timeout.max = 5200ms (custom)
2019-09-29 11:05:13,579 [pool-42-thread-1] INFO  server.RaftServerConfigKeys (ConfUtils.java:logGet(43)) - raft.server.rpcslowness.timeout = 120s (custom)
2019-09-29 11:05:13,579 [pool-42-thread-1] INFO  server.RaftServerConfigKeys (ConfUtils.java:logGet(43)) - raft.server.sleep.deviation.threshold = 300 (default)
2019-09-29 11:05:13,579 [pool-42-thread-1] INFO  server.RaftServerConfigKeys (ConfUtils.java:logGet(43)) - raft.server.log.appender.install.snapshot.enabled = false (custom)
2019-09-29 11:05:13,579 [pool-102-thread-1] INFO  impl.RaftServerImpl (RaftServerImpl.java:<init>(95)) - 026581f2-b768-4705-ac6e-669da543cea3: new RaftServerImpl for group-378430657927:[3a54e60d-c0c8-4de7-a5b4-72c91b9f7f60:192.168.30.19:44865, 026581f2-b768-4705-ac6e-669da543cea3:192.168.30.19:42448, 870588b0-aa93-434f-8f13-603c5341fab3:192.168.30.19:42508] with ContainerStateMachine:uninitialized
2019-09-29 11:05:13,579 [pool-42-thread-1] INFO  impl.RaftServerImpl (ServerState.java:<init>(103)) - 3a54e60d-c0c8-4de7-a5b4-72c91b9f7f60@group-378430657927: ConfigurationManager, init=-1: [3a54e60d-c0c8-4de7-a5b4-72c91b9f7f60:192.168.30.19:44865, 026581f2-b768-4705-ac6e-669da543cea3:192.168.30.19:42448, 870588b0-aa93-434f-8f13-603c5341fab3:192.168.30.19:42508], old=null, confs=<EMPTY_MAP>
2019-09-29 11:05:13,580 [pool-102-thread-1] INFO  server.RaftServerConfigKeys (ConfUtils.java:logGet(43)) - raft.server.rpc.timeout.min = 5s (custom)
2019-09-29 11:05:13,580 [pool-42-thread-1] INFO  server.RaftServerConfigKeys (ConfUtils.java:logGet(43)) - raft.server.storage.dir = [/workdir/hadoop-ozone/integration-test/target/test-dir/MiniOzoneClusterImpl-1c785ca3-4d8a-4703-81e1-f58f984e2e1c/datanode-1/data/ratis] (custom)
2019-09-29 11:05:13,580 [pool-102-thread-1] INFO  server.RaftServerConfigKeys (ConfUtils.java:logGet(43)) - raft.server.rpc.timeout.max = 5200ms (custom)
2019-09-29 11:05:13,580 [pool-72-thread-1] INFO  impl.RaftServerImpl (RaftServerImpl.java:<init>(95)) - 870588b0-aa93-434f-8f13-603c5341fab3: new RaftServerImpl for group-378430657927:[3a54e60d-c0c8-4de7-a5b4-72c91b9f7f60:192.168.30.19:44865, 026581f2-b768-4705-ac6e-669da543cea3:192.168.30.19:42448, 870588b0-aa93-434f-8f13-603c5341fab3:192.168.30.19:42508] with ContainerStateMachine:uninitialized
2019-09-29 11:05:13,580 [pool-102-thread-1] INFO  server.RaftServerConfigKeys (ConfUtils.java:logGet(43)) - raft.server.rpcslowness.timeout = 120s (custom)
2019-09-29 11:05:13,580 [pool-42-thread-1] INFO  storage.RaftStorageDirectory (RaftStorageDirectory.java:analyzeStorage(246)) - The storage directory /workdir/hadoop-ozone/integration-test/target/test-dir/MiniOzoneClusterImpl-1c785ca3-4d8a-4703-81e1-f58f984e2e1c/datanode-1/data/ratis/a6dbbcb5-ff4c-4c46-a9b3-378430657927 does not exist. Creating ...
2019-09-29 11:05:13,580 [pool-72-thread-1] INFO  server.RaftServerConfigKeys (ConfUtils.java:logGet(43)) - raft.server.rpc.timeout.min = 5s (custom)
2019-09-29 11:05:13,580 [pool-102-thread-1] INFO  server.RaftServerConfigKeys (ConfUtils.java:logGet(43)) - raft.server.sleep.deviation.threshold = 300 (default)
2019-09-29 11:05:13,580 [pool-72-thread-1] INFO  server.RaftServerConfigKeys (ConfUtils.java:logGet(43)) - raft.server.rpc.timeout.max = 5200ms (custom)
2019-09-29 11:05:13,581 [pool-102-thread-1] INFO  server.RaftServerConfigKeys (ConfUtils.java:logGet(43)) - raft.server.log.appender.install.snapshot.enabled = false (custom)
2019-09-29 11:05:13,581 [pool-72-thread-1] INFO  server.RaftServerConfigKeys (ConfUtils.java:logGet(43)) - raft.server.rpcslowness.timeout = 120s (custom)
2019-09-29 11:05:13,581 [pool-102-thread-1] INFO  impl.RaftServerImpl (ServerState.java:<init>(103)) - 026581f2-b768-4705-ac6e-669da543cea3@group-378430657927: ConfigurationManager, init=-1: [3a54e60d-c0c8-4de7-a5b4-72c91b9f7f60:192.168.30.19:44865, 026581f2-b768-4705-ac6e-669da543cea3:192.168.30.19:42448, 870588b0-aa93-434f-8f13-603c5341fab3:192.168.30.19:42508], old=null, confs=<EMPTY_MAP>
2019-09-29 11:05:13,581 [pool-72-thread-1] INFO  server.RaftServerConfigKeys (ConfUtils.java:logGet(43)) - raft.server.sleep.deviation.threshold = 300 (default)
2019-09-29 11:05:13,581 [pool-102-thread-1] INFO  server.RaftServerConfigKeys (ConfUtils.java:logGet(43)) - raft.server.storage.dir = [/workdir/hadoop-ozone/integration-test/target/test-dir/MiniOzoneClusterImpl-1c785ca3-4d8a-4703-81e1-f58f984e2e1c/datanode-7/data/ratis] (custom)
2019-09-29 11:05:13,581 [pool-72-thread-1] INFO  server.RaftServerConfigKeys (ConfUtils.java:logGet(43)) - raft.server.log.appender.install.snapshot.enabled = false (custom)
2019-09-29 11:05:13,581 [pool-72-thread-1] INFO  impl.RaftServerImpl (ServerState.java:<init>(103)) - 870588b0-aa93-434f-8f13-603c5341fab3@group-378430657927: ConfigurationManager, init=-1: [3a54e60d-c0c8-4de7-a5b4-72c91b9f7f60:192.168.30.19:44865, 026581f2-b768-4705-ac6e-669da543cea3:192.168.30.19:42448, 870588b0-aa93-434f-8f13-603c5341fab3:192.168.30.19:42508], old=null, confs=<EMPTY_MAP>
2019-09-29 11:05:13,581 [pool-72-thread-1] INFO  server.RaftServerConfigKeys (ConfUtils.java:logGet(43)) - raft.server.storage.dir = [/workdir/hadoop-ozone/integration-test/target/test-dir/MiniOzoneClusterImpl-1c785ca3-4d8a-4703-81e1-f58f984e2e1c/datanode-4/data/ratis] (custom)
2019-09-29 11:05:13,581 [pool-102-thread-1] INFO  storage.RaftStorageDirectory (RaftStorageDirectory.java:analyzeStorage(246)) - The storage directory /workdir/hadoop-ozone/integration-test/target/test-dir/MiniOzoneClusterImpl-1c785ca3-4d8a-4703-81e1-f58f984e2e1c/datanode-7/data/ratis/a6dbbcb5-ff4c-4c46-a9b3-378430657927 does not exist. Creating ...
2019-09-29 11:05:13,582 [pool-72-thread-1] INFO  storage.RaftStorageDirectory (RaftStorageDirectory.java:analyzeStorage(246)) - The storage directory /workdir/hadoop-ozone/integration-test/target/test-dir/MiniOzoneClusterImpl-1c785ca3-4d8a-4703-81e1-f58f984e2e1c/datanode-4/data/ratis/a6dbbcb5-ff4c-4c46-a9b3-378430657927 does not exist. Creating ...
2019-09-29 11:05:13,604 [pool-72-thread-1] INFO  storage.RaftStorageDirectory (RaftStorageDirectory.java:tryLock(328)) - Lock on /workdir/hadoop-ozone/integration-test/target/test-dir/MiniOzoneClusterImpl-1c785ca3-4d8a-4703-81e1-f58f984e2e1c/datanode-4/data/ratis/a6dbbcb5-ff4c-4c46-a9b3-378430657927/in_use.lock acquired by nodename 32469@pr-hdds-1569-lsfh5-224679870
2019-09-29 11:05:13,604 [pool-102-thread-1] INFO  storage.RaftStorageDirectory (RaftStorageDirectory.java:tryLock(328)) - Lock on /workdir/hadoop-ozone/integration-test/target/test-dir/MiniOzoneClusterImpl-1c785ca3-4d8a-4703-81e1-f58f984e2e1c/datanode-7/data/ratis/a6dbbcb5-ff4c-4c46-a9b3-378430657927/in_use.lock acquired by nodename 32469@pr-hdds-1569-lsfh5-224679870
2019-09-29 11:05:13,604 [pool-42-thread-1] INFO  storage.RaftStorageDirectory (RaftStorageDirectory.java:tryLock(328)) - Lock on /workdir/hadoop-ozone/integration-test/target/test-dir/MiniOzoneClusterImpl-1c785ca3-4d8a-4703-81e1-f58f984e2e1c/datanode-1/data/ratis/a6dbbcb5-ff4c-4c46-a9b3-378430657927/in_use.lock acquired by nodename 32469@pr-hdds-1569-lsfh5-224679870
2019-09-29 11:05:13,630 [pool-102-thread-1] INFO  storage.RaftStorage (RaftStorage.java:format(72)) - Storage directory /workdir/hadoop-ozone/integration-test/target/test-dir/MiniOzoneClusterImpl-1c785ca3-4d8a-4703-81e1-f58f984e2e1c/datanode-7/data/ratis/a6dbbcb5-ff4c-4c46-a9b3-378430657927 has been successfully formatted.
2019-09-29 11:05:13,630 [pool-72-thread-1] INFO  storage.RaftStorage (RaftStorage.java:format(72)) - Storage directory /workdir/hadoop-ozone/integration-test/target/test-dir/MiniOzoneClusterImpl-1c785ca3-4d8a-4703-81e1-f58f984e2e1c/datanode-4/data/ratis/a6dbbcb5-ff4c-4c46-a9b3-378430657927 has been successfully formatted.
2019-09-29 11:05:13,630 [pool-42-thread-1] INFO  storage.RaftStorage (RaftStorage.java:format(72)) - Storage directory /workdir/hadoop-ozone/integration-test/target/test-dir/MiniOzoneClusterImpl-1c785ca3-4d8a-4703-81e1-f58f984e2e1c/datanode-1/data/ratis/a6dbbcb5-ff4c-4c46-a9b3-378430657927 has been successfully formatted.
2019-09-29 11:05:13,630 [pool-102-thread-1] INFO  ratis.ContainerStateMachine (ContainerStateMachine.java:loadSnapshot(230)) - group-378430657927: The snapshot info is null. Setting the last applied indexto:(t:0, i:~)
2019-09-29 11:05:13,630 [pool-42-thread-1] INFO  ratis.ContainerStateMachine (ContainerStateMachine.java:loadSnapshot(230)) - group-378430657927: The snapshot info is null. Setting the last applied indexto:(t:0, i:~)
2019-09-29 11:05:13,630 [pool-72-thread-1] INFO  ratis.ContainerStateMachine (ContainerStateMachine.java:loadSnapshot(230)) - group-378430657927: The snapshot info is null. Setting the last applied indexto:(t:0, i:~)
2019-09-29 11:05:13,630 [pool-42-thread-1] INFO  server.RaftServerConfigKeys (ConfUtils.java:logGet(43)) - raft.server.notification.no-leader.timeout = 120s (custom)
2019-09-29 11:05:13,630 [pool-102-thread-1] INFO  server.RaftServerConfigKeys (ConfUtils.java:logGet(43)) - raft.server.notification.no-leader.timeout = 120s (custom)
2019-09-29 11:05:13,631 [pool-42-thread-1] INFO  server.RaftServerConfigKeys (ConfUtils.java:logGet(43)) - raft.server.log.use.memory = false (default)
2019-09-29 11:05:13,630 [pool-72-thread-1] INFO  server.RaftServerConfigKeys (ConfUtils.java:logGet(43)) - raft.server.notification.no-leader.timeout = 120s (custom)
2019-09-29 11:05:13,631 [pool-42-thread-1] INFO  server.RaftServerConfigKeys (ConfUtils.java:logGet(43)) - raft.server.log.purge.gap = 1000000 (custom)
2019-09-29 11:05:13,631 [pool-102-thread-1] INFO  server.RaftServerConfigKeys (ConfUtils.java:logGet(43)) - raft.server.log.use.memory = false (default)
2019-09-29 11:05:13,631 [pool-42-thread-1] INFO  server.RaftServerConfigKeys (ConfUtils.java:logGet(43)) - raft.server.log.appender.buffer.byte-limit = 33554432 (custom)
2019-09-29 11:05:13,631 [pool-72-thread-1] INFO  server.RaftServerConfigKeys (ConfUtils.java:logGet(43)) - raft.server.log.use.memory = false (default)
2019-09-29 11:05:13,631 [pool-42-thread-1] INFO  server.RaftServerConfigKeys (ConfUtils.java:logGet(43)) - raft.server.log.segment.size.max = 1048576 (custom)
2019-09-29 11:05:13,631 [pool-102-thread-1] INFO  server.RaftServerConfigKeys (ConfUtils.java:logGet(43)) - raft.server.log.purge.gap = 1000000 (custom)
2019-09-29 11:05:13,632 [pool-42-thread-1] INFO  server.RaftServerConfigKeys (ConfUtils.java:logGet(43)) - raft.server.log.segment.cache.num.max = 2 (custom)
2019-09-29 11:05:13,631 [pool-72-thread-1] INFO  server.RaftServerConfigKeys (ConfUtils.java:logGet(43)) - raft.server.log.purge.gap = 1000000 (custom)
2019-09-29 11:05:13,632 [pool-42-thread-1] INFO  segmented.SegmentedRaftLogWorker (SegmentedRaftLogWorker.java:<init>(172)) - new 3a54e60d-c0c8-4de7-a5b4-72c91b9f7f60@group-378430657927-SegmentedRaftLogWorker for RaftStorage:Storage Directory /workdir/hadoop-ozone/integration-test/target/test-dir/MiniOzoneClusterImpl-1c785ca3-4d8a-4703-81e1-f58f984e2e1c/datanode-1/data/ratis/a6dbbcb5-ff4c-4c46-a9b3-378430657927
2019-09-29 11:05:13,632 [pool-102-thread-1] INFO  server.RaftServerConfigKeys (ConfUtils.java:logGet(43)) - raft.server.log.appender.buffer.byte-limit = 33554432 (custom)
2019-09-29 11:05:13,632 [pool-42-thread-1] INFO  server.RaftServerConfigKeys (ConfUtils.java:logGet(43)) - raft.server.log.queue.byte-limit = 2147483647 (custom)
2019-09-29 11:05:13,632 [pool-72-thread-1] INFO  server.RaftServerConfigKeys (ConfUtils.java:logGet(43)) - raft.server.log.appender.buffer.byte-limit = 33554432 (custom)
2019-09-29 11:05:13,632 [pool-42-thread-1] INFO  server.RaftServerConfigKeys (ConfUtils.java:logGet(43)) - raft.server.log.queue.element-limit = 1024 (custom)
2019-09-29 11:05:13,632 [pool-102-thread-1] INFO  server.RaftServerConfigKeys (ConfUtils.java:logGet(43)) - raft.server.log.segment.size.max = 1048576 (custom)
2019-09-29 11:05:13,633 [pool-42-thread-1] INFO  server.RaftServerConfigKeys (ConfUtils.java:logGet(43)) - raft.server.log.segment.size.max = 1048576 (custom)
2019-09-29 11:05:13,632 [pool-72-thread-1] INFO  server.RaftServerConfigKeys (ConfUtils.java:logGet(43)) - raft.server.log.segment.size.max = 1048576 (custom)
2019-09-29 11:05:13,633 [pool-42-thread-1] INFO  server.RaftServerConfigKeys (ConfUtils.java:logGet(43)) - raft.server.log.preallocated.size = 16384 (custom)
2019-09-29 11:05:13,633 [pool-102-thread-1] INFO  server.RaftServerConfigKeys (ConfUtils.java:logGet(43)) - raft.server.log.segment.cache.num.max = 2 (custom)
2019-09-29 11:05:13,633 [pool-42-thread-1] INFO  server.RaftServerConfigKeys (ConfUtils.java:logGet(43)) - raft.server.log.write.buffer.size = 33554432 (custom)
2019-09-29 11:05:13,633 [pool-72-thread-1] INFO  server.RaftServerConfigKeys (ConfUtils.java:logGet(43)) - raft.server.log.segment.cache.num.max = 2 (custom)
2019-09-29 11:05:13,633 [pool-42-thread-1] INFO  server.RaftServerConfigKeys (ConfUtils.java:logGet(43)) - raft.server.log.force.sync.num = 128 (default)
2019-09-29 11:05:13,633 [pool-102-thread-1] INFO  segmented.SegmentedRaftLogWorker (SegmentedRaftLogWorker.java:<init>(172)) - new 026581f2-b768-4705-ac6e-669da543cea3@group-378430657927-SegmentedRaftLogWorker for RaftStorage:Storage Directory /workdir/hadoop-ozone/integration-test/target/test-dir/MiniOzoneClusterImpl-1c785ca3-4d8a-4703-81e1-f58f984e2e1c/datanode-7/data/ratis/a6dbbcb5-ff4c-4c46-a9b3-378430657927
2019-09-29 11:05:13,633 [pool-42-thread-1] INFO  server.RaftServerConfigKeys (ConfUtils.java:logGet(43)) - raft.server.log.statemachine.data.sync = true (default)
2019-09-29 11:05:13,633 [pool-72-thread-1] INFO  segmented.SegmentedRaftLogWorker (SegmentedRaftLogWorker.java:<init>(172)) - new 870588b0-aa93-434f-8f13-603c5341fab3@group-378430657927-SegmentedRaftLogWorker for RaftStorage:Storage Directory /workdir/hadoop-ozone/integration-test/target/test-dir/MiniOzoneClusterImpl-1c785ca3-4d8a-4703-81e1-f58f984e2e1c/datanode-4/data/ratis/a6dbbcb5-ff4c-4c46-a9b3-378430657927
2019-09-29 11:05:13,634 [pool-42-thread-1] INFO  server.RaftServerConfigKeys (ConfUtils.java:logGet(43)) - raft.server.log.statemachine.data.sync.timeout = 10s (default)
2019-09-29 11:05:13,634 [pool-102-thread-1] INFO  server.RaftServerConfigKeys (ConfUtils.java:logGet(43)) - raft.server.log.queue.byte-limit = 2147483647 (custom)
2019-09-29 11:05:13,634 [pool-42-thread-1] INFO  server.RaftServerConfigKeys (ConfUtils.java:logGet(43)) - raft.server.log.statemachine.data.sync.timeout.retry = -1 (default)
2019-09-29 11:05:13,634 [pool-72-thread-1] INFO  server.RaftServerConfigKeys (ConfUtils.java:logGet(43)) - raft.server.log.queue.byte-limit = 2147483647 (custom)
2019-09-29 11:05:13,634 [pool-42-thread-1] INFO  server.RaftServerConfigKeys (ConfUtils.java:logGet(43)) - raft.server.log.statemachine.data.caching.enabled = true (custom)
2019-09-29 11:05:13,634 [pool-102-thread-1] INFO  server.RaftServerConfigKeys (ConfUtils.java:logGet(43)) - raft.server.log.queue.element-limit = 1024 (custom)
2019-09-29 11:05:13,634 [pool-72-thread-1] INFO  server.RaftServerConfigKeys (ConfUtils.java:logGet(43)) - raft.server.log.queue.element-limit = 1024 (custom)
2019-09-29 11:05:13,635 [pool-42-thread-1] INFO  segmented.SegmentedRaftLogWorker (SegmentedRaftLogWorker.java:lambda$new$0(132)) - 3a54e60d-c0c8-4de7-a5b4-72c91b9f7f60@group-378430657927-SegmentedRaftLogWorker: flushIndex: setUnconditionally 0 -> -1
2019-09-29 11:05:13,635 [pool-102-thread-1] INFO  server.RaftServerConfigKeys (ConfUtils.java:logGet(43)) - raft.server.log.segment.size.max = 1048576 (custom)
2019-09-29 11:05:13,635 [pool-72-thread-1] INFO  server.RaftServerConfigKeys (ConfUtils.java:logGet(43)) - raft.server.log.segment.size.max = 1048576 (custom)
2019-09-29 11:05:13,635 [pool-42-thread-1] INFO  server.RaftServerConfigKeys (ConfUtils.java:logGet(43)) - raft.server.snapshot.auto.trigger.enabled = true (custom)
2019-09-29 11:05:13,635 [pool-102-thread-1] INFO  server.RaftServerConfigKeys (ConfUtils.java:logGet(43)) - raft.server.log.preallocated.size = 16384 (custom)
2019-09-29 11:05:13,635 [pool-42-thread-1] INFO  server.RaftServerConfigKeys (ConfUtils.java:logGet(43)) - raft.server.snapshot.auto.trigger.threshold = 10000 (custom)
2019-09-29 11:05:13,635 [pool-72-thread-1] INFO  server.RaftServerConfigKeys (ConfUtils.java:logGet(43)) - raft.server.log.preallocated.size = 16384 (custom)
2019-09-29 11:05:13,636 [pool-42-thread-1] INFO  server.RaftServerConfigKeys (ConfUtils.java:logGet(43)) - raft.server.snapshot.retention.num.files = 5 (custom)
2019-09-29 11:05:13,635 [pool-102-thread-1] INFO  server.RaftServerConfigKeys (ConfUtils.java:logGet(43)) - raft.server.log.write.buffer.size = 33554432 (custom)
2019-09-29 11:05:13,636 [pool-42-thread-1] INFO  server.RaftServerConfigKeys (ConfUtils.java:logGet(43)) - raft.server.retrycache.expirytime = 600000ms (custom)
2019-09-29 11:05:13,636 [pool-72-thread-1] INFO  server.RaftServerConfigKeys (ConfUtils.java:logGet(43)) - raft.server.log.write.buffer.size = 33554432 (custom)
2019-09-29 11:05:13,636 [pool-102-thread-1] INFO  server.RaftServerConfigKeys (ConfUtils.java:logGet(43)) - raft.server.log.force.sync.num = 128 (default)
2019-09-29 11:05:13,636 [pool-72-thread-1] INFO  server.RaftServerConfigKeys (ConfUtils.java:logGet(43)) - raft.server.log.force.sync.num = 128 (default)
2019-09-29 11:05:13,636 [pool-102-thread-1] INFO  server.RaftServerConfigKeys (ConfUtils.java:logGet(43)) - raft.server.log.statemachine.data.sync = true (default)
2019-09-29 11:05:13,636 [pool-72-thread-1] INFO  server.RaftServerConfigKeys (ConfUtils.java:logGet(43)) - raft.server.log.statemachine.data.sync = true (default)
2019-09-29 11:05:13,636 [pool-102-thread-1] INFO  server.RaftServerConfigKeys (ConfUtils.java:logGet(43)) - raft.server.log.statemachine.data.sync.timeout = 10s (default)
2019-09-29 11:05:13,637 [pool-102-thread-1] INFO  server.RaftServerConfigKeys (ConfUtils.java:logGet(43)) - raft.server.log.statemachine.data.sync.timeout.retry = -1 (default)
2019-09-29 11:05:13,637 [pool-72-thread-1] INFO  server.RaftServerConfigKeys (ConfUtils.java:logGet(43)) - raft.server.log.statemachine.data.sync.timeout = 10s (default)
2019-09-29 11:05:13,637 [pool-102-thread-1] INFO  server.RaftServerConfigKeys (ConfUtils.java:logGet(43)) - raft.server.log.statemachine.data.caching.enabled = true (custom)
2019-09-29 11:05:13,637 [pool-72-thread-1] INFO  server.RaftServerConfigKeys (ConfUtils.java:logGet(43)) - raft.server.log.statemachine.data.sync.timeout.retry = -1 (default)
2019-09-29 11:05:13,637 [pool-102-thread-1] INFO  segmented.SegmentedRaftLogWorker (SegmentedRaftLogWorker.java:lambda$new$0(132)) - 026581f2-b768-4705-ac6e-669da543cea3@group-378430657927-SegmentedRaftLogWorker: flushIndex: setUnconditionally 0 -> -1
2019-09-29 11:05:13,637 [pool-72-thread-1] INFO  server.RaftServerConfigKeys (ConfUtils.java:logGet(43)) - raft.server.log.statemachine.data.caching.enabled = true (custom)
2019-09-29 11:05:13,638 [pool-102-thread-1] INFO  server.RaftServerConfigKeys (ConfUtils.java:logGet(43)) - raft.server.snapshot.auto.trigger.enabled = true (custom)
2019-09-29 11:05:13,638 [pool-102-thread-1] INFO  server.RaftServerConfigKeys (ConfUtils.java:logGet(43)) - raft.server.snapshot.auto.trigger.threshold = 10000 (custom)
2019-09-29 11:05:13,638 [pool-72-thread-1] INFO  segmented.SegmentedRaftLogWorker (SegmentedRaftLogWorker.java:lambda$new$0(132)) - 870588b0-aa93-434f-8f13-603c5341fab3@group-378430657927-SegmentedRaftLogWorker: flushIndex: setUnconditionally 0 -> -1
2019-09-29 11:05:13,638 [pool-102-thread-1] INFO  server.RaftServerConfigKeys (ConfUtils.java:logGet(43)) - raft.server.snapshot.retention.num.files = 5 (custom)
2019-09-29 11:05:13,638 [pool-102-thread-1] INFO  server.RaftServerConfigKeys (ConfUtils.java:logGet(43)) - raft.server.retrycache.expirytime = 600000ms (custom)
2019-09-29 11:05:13,638 [pool-42-thread-1] INFO  impl.RaftServerImpl (RaftServerImpl.java:start(185)) - 3a54e60d-c0c8-4de7-a5b4-72c91b9f7f60@group-378430657927: start as a follower, conf=-1: [3a54e60d-c0c8-4de7-a5b4-72c91b9f7f60:192.168.30.19:44865, 026581f2-b768-4705-ac6e-669da543cea3:192.168.30.19:42448, 870588b0-aa93-434f-8f13-603c5341fab3:192.168.30.19:42508], old=null
2019-09-29 11:05:13,638 [pool-72-thread-1] INFO  server.RaftServerConfigKeys (ConfUtils.java:logGet(43)) - raft.server.snapshot.auto.trigger.enabled = true (custom)
2019-09-29 11:05:13,638 [pool-42-thread-1] INFO  impl.RaftServerImpl (RaftServerImpl.java:setRole(174)) - 3a54e60d-c0c8-4de7-a5b4-72c91b9f7f60@group-378430657927: changes role from      null to FOLLOWER at term 0 for startAsFollower
2019-09-29 11:05:13,639 [pool-72-thread-1] INFO  server.RaftServerConfigKeys (ConfUtils.java:logGet(43)) - raft.server.snapshot.auto.trigger.threshold = 10000 (custom)
2019-09-29 11:05:13,639 [pool-42-thread-1] INFO  impl.RoleInfo (RoleInfo.java:updateAndGet(143)) - 3a54e60d-c0c8-4de7-a5b4-72c91b9f7f60: start FollowerState
2019-09-29 11:05:13,639 [pool-72-thread-1] INFO  server.RaftServerConfigKeys (ConfUtils.java:logGet(43)) - raft.server.snapshot.retention.num.files = 5 (custom)
2019-09-29 11:05:13,639 [pool-42-thread-1] INFO  util.JmxRegister (JmxRegister.java:tryRegister(44)) - Successfully registered JMX Bean with object name Ratis:service=RaftServer,group=group-378430657927,id=3a54e60d-c0c8-4de7-a5b4-72c91b9f7f60
2019-09-29 11:05:13,639 [pool-72-thread-1] INFO  server.RaftServerConfigKeys (ConfUtils.java:logGet(43)) - raft.server.retrycache.expirytime = 600000ms (custom)
2019-09-29 11:05:13,641 [pool-102-thread-1] INFO  impl.RaftServerImpl (RaftServerImpl.java:start(185)) - 026581f2-b768-4705-ac6e-669da543cea3@group-378430657927: start as a follower, conf=-1: [3a54e60d-c0c8-4de7-a5b4-72c91b9f7f60:192.168.30.19:44865, 026581f2-b768-4705-ac6e-669da543cea3:192.168.30.19:42448, 870588b0-aa93-434f-8f13-603c5341fab3:192.168.30.19:42508], old=null
2019-09-29 11:05:13,641 [pool-102-thread-1] INFO  impl.RaftServerImpl (RaftServerImpl.java:setRole(174)) - 026581f2-b768-4705-ac6e-669da543cea3@group-378430657927: changes role from      null to FOLLOWER at term 0 for startAsFollower
2019-09-29 11:05:13,643 [pool-102-thread-1] INFO  impl.RoleInfo (RoleInfo.java:updateAndGet(143)) - 026581f2-b768-4705-ac6e-669da543cea3: start FollowerState
2019-09-29 11:05:13,644 [pool-102-thread-1] INFO  util.JmxRegister (JmxRegister.java:tryRegister(44)) - Successfully registered JMX Bean with object name Ratis:service=RaftServer,group=group-378430657927,id=026581f2-b768-4705-ac6e-669da543cea3
2019-09-29 11:05:13,645 [pool-72-thread-1] INFO  impl.RaftServerImpl (RaftServerImpl.java:start(185)) - 870588b0-aa93-434f-8f13-603c5341fab3@group-378430657927: start as a follower, conf=-1: [3a54e60d-c0c8-4de7-a5b4-72c91b9f7f60:192.168.30.19:44865, 026581f2-b768-4705-ac6e-669da543cea3:192.168.30.19:42448, 870588b0-aa93-434f-8f13-603c5341fab3:192.168.30.19:42508], old=null
2019-09-29 11:05:13,645 [pool-72-thread-1] INFO  impl.RaftServerImpl (RaftServerImpl.java:setRole(174)) - 870588b0-aa93-434f-8f13-603c5341fab3@group-378430657927: changes role from      null to FOLLOWER at term 0 for startAsFollower
2019-09-29 11:05:13,645 [pool-72-thread-1] INFO  impl.RoleInfo (RoleInfo.java:updateAndGet(143)) - 870588b0-aa93-434f-8f13-603c5341fab3: start FollowerState
2019-09-29 11:05:13,648 [pool-72-thread-1] INFO  util.JmxRegister (JmxRegister.java:tryRegister(44)) - Successfully registered JMX Bean with object name Ratis:service=RaftServer,group=group-378430657927,id=870588b0-aa93-434f-8f13-603c5341fab3
2019-09-29 11:05:13,653 [RatisPipelineUtilsThread] INFO  pipeline.PipelineStateManager (PipelineStateManager.java:addPipeline(56)) - Created pipeline Pipeline[ Id: a6dbbcb5-ff4c-4c46-a9b3-378430657927, Nodes: 870588b0-aa93-434f-8f13-603c5341fab3{ip: 192.168.30.19, host: pr-hdds-1569-lsfh5-224679870, networkLocation: /default-rack, certSerialId: null}3a54e60d-c0c8-4de7-a5b4-72c91b9f7f60{ip: 192.168.30.19, host: pr-hdds-1569-lsfh5-224679870, networkLocation: /default-rack, certSerialId: null}026581f2-b768-4705-ac6e-669da543cea3{ip: 192.168.30.19, host: pr-hdds-1569-lsfh5-224679870, networkLocation: /default-rack, certSerialId: null}, Type:RATIS, Factor:THREE, State:OPEN]
2019-09-29 11:05:13,691 [grpc-default-executor-2] INFO  impl.RaftServerProxy (RaftServerProxy.java:addNew(89)) - 026581f2-b768-4705-ac6e-669da543cea3: addNew group-491A1C36C5D9:[3a54e60d-c0c8-4de7-a5b4-72c91b9f7f60:192.168.30.19:44865, 026581f2-b768-4705-ac6e-669da543cea3:192.168.30.19:42448, 870588b0-aa93-434f-8f13-603c5341fab3:192.168.30.19:42508] returns group-491A1C36C5D9:java.util.concurrent.CompletableFuture@17e23b1f[Not completed]
2019-09-29 11:05:13,694 [grpc-default-executor-2] INFO  impl.RaftServerProxy (RaftServerProxy.java:addNew(89)) - 870588b0-aa93-434f-8f13-603c5341fab3: addNew group-491A1C36C5D9:[3a54e60d-c0c8-4de7-a5b4-72c91b9f7f60:192.168.30.19:44865, 026581f2-b768-4705-ac6e-669da543cea3:192.168.30.19:42448, 870588b0-aa93-434f-8f13-603c5341fab3:192.168.30.19:42508] returns group-491A1C36C5D9:java.util.concurrent.CompletableFuture@7e3f36f6[Not completed]
2019-09-29 11:05:13,697 [pool-102-thread-1] INFO  impl.RaftServerImpl (RaftServerImpl.java:<init>(95)) - 026581f2-b768-4705-ac6e-669da543cea3: new RaftServerImpl for group-491A1C36C5D9:[3a54e60d-c0c8-4de7-a5b4-72c91b9f7f60:192.168.30.19:44865, 026581f2-b768-4705-ac6e-669da543cea3:192.168.30.19:42448, 870588b0-aa93-434f-8f13-603c5341fab3:192.168.30.19:42508] with ContainerStateMachine:uninitialized
2019-09-29 11:05:13,699 [pool-102-thread-1] INFO  server.RaftServerConfigKeys (ConfUtils.java:logGet(43)) - raft.server.rpc.timeout.min = 5s (custom)
2019-09-29 11:05:13,700 [pool-102-thread-1] INFO  server.RaftServerConfigKeys (ConfUtils.java:logGet(43)) - raft.server.rpc.timeout.max = 5200ms (custom)
2019-09-29 11:05:13,700 [grpc-default-executor-1] INFO  impl.RaftServerProxy (RaftServerProxy.java:addNew(89)) - 3a54e60d-c0c8-4de7-a5b4-72c91b9f7f60: addNew group-491A1C36C5D9:[3a54e60d-c0c8-4de7-a5b4-72c91b9f7f60:192.168.30.19:44865, 026581f2-b768-4705-ac6e-669da543cea3:192.168.30.19:42448, 870588b0-aa93-434f-8f13-603c5341fab3:192.168.30.19:42508] returns group-491A1C36C5D9:java.util.concurrent.CompletableFuture@2272eb2a[Not completed]
2019-09-29 11:05:13,700 [pool-102-thread-1] INFO  server.RaftServerConfigKeys (ConfUtils.java:logGet(43)) - raft.server.rpcslowness.timeout = 120s (custom)
2019-09-29 11:05:13,700 [pool-102-thread-1] INFO  server.RaftServerConfigKeys (ConfUtils.java:logGet(43)) - raft.server.sleep.deviation.threshold = 300 (default)
2019-09-29 11:05:13,700 [pool-72-thread-1] INFO  impl.RaftServerImpl (RaftServerImpl.java:<init>(95)) - 870588b0-aa93-434f-8f13-603c5341fab3: new RaftServerImpl for group-491A1C36C5D9:[3a54e60d-c0c8-4de7-a5b4-72c91b9f7f60:192.168.30.19:44865, 026581f2-b768-4705-ac6e-669da543cea3:192.168.30.19:42448, 870588b0-aa93-434f-8f13-603c5341fab3:192.168.30.19:42508] with ContainerStateMachine:uninitialized
2019-09-29 11:05:13,700 [pool-102-thread-1] INFO  server.RaftServerConfigKeys (ConfUtils.java:logGet(43)) - raft.server.log.appender.install.snapshot.enabled = false (custom)
2019-09-29 11:05:13,700 [pool-72-thread-1] INFO  server.RaftServerConfigKeys (ConfUtils.java:logGet(43)) - raft.server.rpc.timeout.min = 5s (custom)
2019-09-29 11:05:13,700 [pool-102-thread-1] INFO  impl.RaftServerImpl (ServerState.java:<init>(103)) - 026581f2-b768-4705-ac6e-669da543cea3@group-491A1C36C5D9: ConfigurationManager, init=-1: [3a54e60d-c0c8-4de7-a5b4-72c91b9f7f60:192.168.30.19:44865, 026581f2-b768-4705-ac6e-669da543cea3:192.168.30.19:42448, 870588b0-aa93-434f-8f13-603c5341fab3:192.168.30.19:42508], old=null, confs=<EMPTY_MAP>
2019-09-29 11:05:13,700 [pool-72-thread-1] INFO  server.RaftServerConfigKeys (ConfUtils.java:logGet(43)) - raft.server.rpc.timeout.max = 5200ms (custom)
2019-09-29 11:05:13,701 [pool-102-thread-1] INFO  server.RaftServerConfigKeys (ConfUtils.java:logGet(43)) - raft.server.storage.dir = [/workdir/hadoop-ozone/integration-test/target/test-dir/MiniOzoneClusterImpl-1c785ca3-4d8a-4703-81e1-f58f984e2e1c/datanode-7/data/ratis] (custom)
2019-09-29 11:05:13,701 [pool-72-thread-1] INFO  server.RaftServerConfigKeys (ConfUtils.java:logGet(43)) - raft.server.rpcslowness.timeout = 120s (custom)
2019-09-29 11:05:13,701 [pool-42-thread-1] INFO  impl.RaftServerImpl (RaftServerImpl.java:<init>(95)) - 3a54e60d-c0c8-4de7-a5b4-72c91b9f7f60: new RaftServerImpl for group-491A1C36C5D9:[3a54e60d-c0c8-4de7-a5b4-72c91b9f7f60:192.168.30.19:44865, 026581f2-b768-4705-ac6e-669da543cea3:192.168.30.19:42448, 870588b0-aa93-434f-8f13-603c5341fab3:192.168.30.19:42508] with ContainerStateMachine:uninitialized
2019-09-29 11:05:13,701 [pool-72-thread-1] INFO  server.RaftServerConfigKeys (ConfUtils.java:logGet(43)) - raft.server.sleep.deviation.threshold = 300 (default)
2019-09-29 11:05:13,701 [pool-102-thread-1] INFO  storage.RaftStorageDirectory (RaftStorageDirectory.java:analyzeStorage(246)) - The storage directory /workdir/hadoop-ozone/integration-test/target/test-dir/MiniOzoneClusterImpl-1c785ca3-4d8a-4703-81e1-f58f984e2e1c/datanode-7/data/ratis/ea8df8be-0b06-4bc2-9dcf-491a1c36c5d9 does not exist. Creating ...
2019-09-29 11:05:13,701 [pool-42-thread-1] INFO  server.RaftServerConfigKeys (ConfUtils.java:logGet(43)) - raft.server.rpc.timeout.min = 5s (custom)
2019-09-29 11:05:13,701 [pool-72-thread-1] INFO  server.RaftServerConfigKeys (ConfUtils.java:logGet(43)) - raft.server.log.appender.install.snapshot.enabled = false (custom)
2019-09-29 11:05:13,701 [pool-42-thread-1] INFO  server.RaftServerConfigKeys (ConfUtils.java:logGet(43)) - raft.server.rpc.timeout.max = 5200ms (custom)
2019-09-29 11:05:13,701 [pool-72-thread-1] INFO  impl.RaftServerImpl (ServerState.java:<init>(103)) - 870588b0-aa93-434f-8f13-603c5341fab3@group-491A1C36C5D9: ConfigurationManager, init=-1: [3a54e60d-c0c8-4de7-a5b4-72c91b9f7f60:192.168.30.19:44865, 026581f2-b768-4705-ac6e-669da543cea3:192.168.30.19:42448, 870588b0-aa93-434f-8f13-603c5341fab3:192.168.30.19:42508], old=null, confs=<EMPTY_MAP>
2019-09-29 11:05:13,702 [pool-42-thread-1] INFO  server.RaftServerConfigKeys (ConfUtils.java:logGet(43)) - raft.server.rpcslowness.timeout = 120s (custom)
2019-09-29 11:05:13,702 [pool-72-thread-1] INFO  server.RaftServerConfigKeys (ConfUtils.java:logGet(43)) - raft.server.storage.dir = [/workdir/hadoop-ozone/integration-test/target/test-dir/MiniOzoneClusterImpl-1c785ca3-4d8a-4703-81e1-f58f984e2e1c/datanode-4/data/ratis] (custom)
2019-09-29 11:05:13,702 [pool-42-thread-1] INFO  server.RaftServerConfigKeys (ConfUtils.java:logGet(43)) - raft.server.sleep.deviation.threshold = 300 (default)
2019-09-29 11:05:13,702 [pool-42-thread-1] INFO  server.RaftServerConfigKeys (ConfUtils.java:logGet(43)) - raft.server.log.appender.install.snapshot.enabled = false (custom)
2019-09-29 11:05:13,702 [pool-42-thread-1] INFO  impl.RaftServerImpl (ServerState.java:<init>(103)) - 3a54e60d-c0c8-4de7-a5b4-72c91b9f7f60@group-491A1C36C5D9: ConfigurationManager, init=-1: [3a54e60d-c0c8-4de7-a5b4-72c91b9f7f60:192.168.30.19:44865, 026581f2-b768-4705-ac6e-669da543cea3:192.168.30.19:42448, 870588b0-aa93-434f-8f13-603c5341fab3:192.168.30.19:42508], old=null, confs=<EMPTY_MAP>
2019-09-29 11:05:13,702 [pool-72-thread-1] INFO  storage.RaftStorageDirectory (RaftStorageDirectory.java:analyzeStorage(246)) - The storage directory /workdir/hadoop-ozone/integration-test/target/test-dir/MiniOzoneClusterImpl-1c785ca3-4d8a-4703-81e1-f58f984e2e1c/datanode-4/data/ratis/ea8df8be-0b06-4bc2-9dcf-491a1c36c5d9 does not exist. Creating ...
2019-09-29 11:05:13,702 [pool-42-thread-1] INFO  server.RaftServerConfigKeys (ConfUtils.java:logGet(43)) - raft.server.storage.dir = [/workdir/hadoop-ozone/integration-test/target/test-dir/MiniOzoneClusterImpl-1c785ca3-4d8a-4703-81e1-f58f984e2e1c/datanode-1/data/ratis] (custom)
2019-09-29 11:05:13,703 [pool-42-thread-1] INFO  storage.RaftStorageDirectory (RaftStorageDirectory.java:analyzeStorage(246)) - The storage directory /workdir/hadoop-ozone/integration-test/target/test-dir/MiniOzoneClusterImpl-1c785ca3-4d8a-4703-81e1-f58f984e2e1c/datanode-1/data/ratis/ea8df8be-0b06-4bc2-9dcf-491a1c36c5d9 does not exist. Creating ...
2019-09-29 11:05:13,732 [pool-72-thread-1] INFO  storage.RaftStorageDirectory (RaftStorageDirectory.java:tryLock(328)) - Lock on /workdir/hadoop-ozone/integration-test/target/test-dir/MiniOzoneClusterImpl-1c785ca3-4d8a-4703-81e1-f58f984e2e1c/datanode-4/data/ratis/ea8df8be-0b06-4bc2-9dcf-491a1c36c5d9/in_use.lock acquired by nodename 32469@pr-hdds-1569-lsfh5-224679870
2019-09-29 11:05:13,732 [pool-42-thread-1] INFO  storage.RaftStorageDirectory (RaftStorageDirectory.java:tryLock(328)) - Lock on /workdir/hadoop-ozone/integration-test/target/test-dir/MiniOzoneClusterImpl-1c785ca3-4d8a-4703-81e1-f58f984e2e1c/datanode-1/data/ratis/ea8df8be-0b06-4bc2-9dcf-491a1c36c5d9/in_use.lock acquired by nodename 32469@pr-hdds-1569-lsfh5-224679870
2019-09-29 11:05:13,732 [pool-102-thread-1] INFO  storage.RaftStorageDirectory (RaftStorageDirectory.java:tryLock(328)) - Lock on /workdir/hadoop-ozone/integration-test/target/test-dir/MiniOzoneClusterImpl-1c785ca3-4d8a-4703-81e1-f58f984e2e1c/datanode-7/data/ratis/ea8df8be-0b06-4bc2-9dcf-491a1c36c5d9/in_use.lock acquired by nodename 32469@pr-hdds-1569-lsfh5-224679870
2019-09-29 11:05:13,756 [pool-72-thread-1] INFO  storage.RaftStorage (RaftStorage.java:format(72)) - Storage directory /workdir/hadoop-ozone/integration-test/target/test-dir/MiniOzoneClusterImpl-1c785ca3-4d8a-4703-81e1-f58f984e2e1c/datanode-4/data/ratis/ea8df8be-0b06-4bc2-9dcf-491a1c36c5d9 has been successfully formatted.
2019-09-29 11:05:13,756 [pool-42-thread-1] INFO  storage.RaftStorage (RaftStorage.java:format(72)) - Storage directory /workdir/hadoop-ozone/integration-test/target/test-dir/MiniOzoneClusterImpl-1c785ca3-4d8a-4703-81e1-f58f984e2e1c/datanode-1/data/ratis/ea8df8be-0b06-4bc2-9dcf-491a1c36c5d9 has been successfully formatted.
2019-09-29 11:05:13,756 [pool-72-thread-1] INFO  ratis.ContainerStateMachine (ContainerStateMachine.java:loadSnapshot(230)) - group-491A1C36C5D9: The snapshot info is null. Setting the last applied indexto:(t:0, i:~)
2019-09-29 11:05:13,756 [pool-102-thread-1] INFO  storage.RaftStorage (RaftStorage.java:format(72)) - Storage directory /workdir/hadoop-ozone/integration-test/target/test-dir/MiniOzoneClusterImpl-1c785ca3-4d8a-4703-81e1-f58f984e2e1c/datanode-7/data/ratis/ea8df8be-0b06-4bc2-9dcf-491a1c36c5d9 has been successfully formatted.
2019-09-29 11:05:13,757 [pool-42-thread-1] INFO  ratis.ContainerStateMachine (ContainerStateMachine.java:loadSnapshot(230)) - group-491A1C36C5D9: The snapshot info is null. Setting the last applied indexto:(t:0, i:~)
2019-09-29 11:05:13,757 [pool-72-thread-1] INFO  server.RaftServerConfigKeys (ConfUtils.java:logGet(43)) - raft.server.notification.no-leader.timeout = 120s (custom)
2019-09-29 11:05:13,757 [pool-42-thread-1] INFO  server.RaftServerConfigKeys (ConfUtils.java:logGet(43)) - raft.server.notification.no-leader.timeout = 120s (custom)
2019-09-29 11:05:13,757 [pool-102-thread-1] INFO  ratis.ContainerStateMachine (ContainerStateMachine.java:loadSnapshot(230)) - group-491A1C36C5D9: The snapshot info is null. Setting the last applied indexto:(t:0, i:~)
2019-09-29 11:05:13,757 [pool-42-thread-1] INFO  server.RaftServerConfigKeys (ConfUtils.java:logGet(43)) - raft.server.log.use.memory = false (default)
2019-09-29 11:05:13,757 [pool-72-thread-1] INFO  server.RaftServerConfigKeys (ConfUtils.java:logGet(43)) - raft.server.log.use.memory = false (default)
2019-09-29 11:05:13,757 [pool-42-thread-1] INFO  server.RaftServerConfigKeys (ConfUtils.java:logGet(43)) - raft.server.log.purge.gap = 1000000 (custom)
2019-09-29 11:05:13,757 [pool-102-thread-1] INFO  server.RaftServerConfigKeys (ConfUtils.java:logGet(43)) - raft.server.notification.no-leader.timeout = 120s (custom)
2019-09-29 11:05:13,758 [pool-42-thread-1] INFO  server.RaftServerConfigKeys (ConfUtils.java:logGet(43)) - raft.server.log.appender.buffer.byte-limit = 33554432 (custom)
2019-09-29 11:05:13,757 [pool-72-thread-1] INFO  server.RaftServerConfigKeys (ConfUtils.java:logGet(43)) - raft.server.log.purge.gap = 1000000 (custom)
2019-09-29 11:05:13,758 [pool-42-thread-1] INFO  server.RaftServerConfigKeys (ConfUtils.java:logGet(43)) - raft.server.log.segment.size.max = 1048576 (custom)
2019-09-29 11:05:13,758 [pool-102-thread-1] INFO  server.RaftServerConfigKeys (ConfUtils.java:logGet(43)) - raft.server.log.use.memory = false (default)
2019-09-29 11:05:13,758 [pool-42-thread-1] INFO  server.RaftServerConfigKeys (ConfUtils.java:logGet(43)) - raft.server.log.segment.cache.num.max = 2 (custom)
2019-09-29 11:05:13,758 [pool-72-thread-1] INFO  server.RaftServerConfigKeys (ConfUtils.java:logGet(43)) - raft.server.log.appender.buffer.byte-limit = 33554432 (custom)
2019-09-29 11:05:13,759 [pool-42-thread-1] INFO  segmented.SegmentedRaftLogWorker (SegmentedRaftLogWorker.java:<init>(172)) - new 3a54e60d-c0c8-4de7-a5b4-72c91b9f7f60@group-491A1C36C5D9-SegmentedRaftLogWorker for RaftStorage:Storage Directory /workdir/hadoop-ozone/integration-test/target/test-dir/MiniOzoneClusterImpl-1c785ca3-4d8a-4703-81e1-f58f984e2e1c/datanode-1/data/ratis/ea8df8be-0b06-4bc2-9dcf-491a1c36c5d9
2019-09-29 11:05:13,758 [pool-102-thread-1] INFO  server.RaftServerConfigKeys (ConfUtils.java:logGet(43)) - raft.server.log.purge.gap = 1000000 (custom)
2019-09-29 11:05:13,759 [pool-42-thread-1] INFO  server.RaftServerConfigKeys (ConfUtils.java:logGet(43)) - raft.server.log.queue.byte-limit = 2147483647 (custom)
2019-09-29 11:05:13,759 [pool-72-thread-1] INFO  server.RaftServerConfigKeys (ConfUtils.java:logGet(43)) - raft.server.log.segment.size.max = 1048576 (custom)
2019-09-29 11:05:13,759 [pool-42-thread-1] INFO  server.RaftServerConfigKeys (ConfUtils.java:logGet(43)) - raft.server.log.queue.element-limit = 1024 (custom)
2019-09-29 11:05:13,759 [pool-102-thread-1] INFO  server.RaftServerConfigKeys (ConfUtils.java:logGet(43)) - raft.server.log.appender.buffer.byte-limit = 33554432 (custom)
2019-09-29 11:05:13,759 [pool-42-thread-1] INFO  server.RaftServerConfigKeys (ConfUtils.java:logGet(43)) - raft.server.log.segment.size.max = 1048576 (custom)
2019-09-29 11:05:13,759 [pool-72-thread-1] INFO  server.RaftServerConfigKeys (ConfUtils.java:logGet(43)) - raft.server.log.segment.cache.num.max = 2 (custom)
2019-09-29 11:05:13,760 [pool-42-thread-1] INFO  server.RaftServerConfigKeys (ConfUtils.java:logGet(43)) - raft.server.log.preallocated.size = 16384 (custom)
2019-09-29 11:05:13,759 [pool-102-thread-1] INFO  server.RaftServerConfigKeys (ConfUtils.java:logGet(43)) - raft.server.log.segment.size.max = 1048576 (custom)
2019-09-29 11:05:13,760 [pool-42-thread-1] INFO  server.RaftServerConfigKeys (ConfUtils.java:logGet(43)) - raft.server.log.write.buffer.size = 33554432 (custom)
2019-09-29 11:05:13,760 [pool-72-thread-1] INFO  segmented.SegmentedRaftLogWorker (SegmentedRaftLogWorker.java:<init>(172)) - new 870588b0-aa93-434f-8f13-603c5341fab3@group-491A1C36C5D9-SegmentedRaftLogWorker for RaftStorage:Storage Directory /workdir/hadoop-ozone/integration-test/target/test-dir/MiniOzoneClusterImpl-1c785ca3-4d8a-4703-81e1-f58f984e2e1c/datanode-4/data/ratis/ea8df8be-0b06-4bc2-9dcf-491a1c36c5d9
2019-09-29 11:05:13,760 [pool-42-thread-1] INFO  server.RaftServerConfigKeys (ConfUtils.java:logGet(43)) - raft.server.log.force.sync.num = 128 (default)
2019-09-29 11:05:13,760 [pool-102-thread-1] INFO  server.RaftServerConfigKeys (ConfUtils.java:logGet(43)) - raft.server.log.segment.cache.num.max = 2 (custom)
2019-09-29 11:05:13,760 [pool-42-thread-1] INFO  server.RaftServerConfigKeys (ConfUtils.java:logGet(43)) - raft.server.log.statemachine.data.sync = true (default)
2019-09-29 11:05:13,760 [pool-72-thread-1] INFO  server.RaftServerConfigKeys (ConfUtils.java:logGet(43)) - raft.server.log.queue.byte-limit = 2147483647 (custom)
2019-09-29 11:05:13,761 [pool-42-thread-1] INFO  server.RaftServerConfigKeys (ConfUtils.java:logGet(43)) - raft.server.log.statemachine.data.sync.timeout = 10s (default)
2019-09-29 11:05:13,761 [pool-102-thread-1] INFO  segmented.SegmentedRaftLogWorker (SegmentedRaftLogWorker.java:<init>(172)) - new 026581f2-b768-4705-ac6e-669da543cea3@group-491A1C36C5D9-SegmentedRaftLogWorker for RaftStorage:Storage Directory /workdir/hadoop-ozone/integration-test/target/test-dir/MiniOzoneClusterImpl-1c785ca3-4d8a-4703-81e1-f58f984e2e1c/datanode-7/data/ratis/ea8df8be-0b06-4bc2-9dcf-491a1c36c5d9
2019-09-29 11:05:13,761 [pool-42-thread-1] INFO  server.RaftServerConfigKeys (ConfUtils.java:logGet(43)) - raft.server.log.statemachine.data.sync.timeout.retry = -1 (default)
2019-09-29 11:05:13,761 [pool-72-thread-1] INFO  server.RaftServerConfigKeys (ConfUtils.java:logGet(43)) - raft.server.log.queue.element-limit = 1024 (custom)
2019-09-29 11:05:13,761 [pool-42-thread-1] INFO  server.RaftServerConfigKeys (ConfUtils.java:logGet(43)) - raft.server.log.statemachine.data.caching.enabled = true (custom)
2019-09-29 11:05:13,761 [pool-102-thread-1] INFO  server.RaftServerConfigKeys (ConfUtils.java:logGet(43)) - raft.server.log.queue.byte-limit = 2147483647 (custom)
2019-09-29 11:05:13,762 [pool-72-thread-1] INFO  server.RaftServerConfigKeys (ConfUtils.java:logGet(43)) - raft.server.log.segment.size.max = 1048576 (custom)
2019-09-29 11:05:13,762 [pool-102-thread-1] INFO  server.RaftServerConfigKeys (ConfUtils.java:logGet(43)) - raft.server.log.queue.element-limit = 1024 (custom)
2019-09-29 11:05:13,762 [pool-42-thread-1] INFO  segmented.SegmentedRaftLogWorker (SegmentedRaftLogWorker.java:lambda$new$0(132)) - 3a54e60d-c0c8-4de7-a5b4-72c91b9f7f60@group-491A1C36C5D9-SegmentedRaftLogWorker: flushIndex: setUnconditionally 0 -> -1
2019-09-29 11:05:13,762 [pool-72-thread-1] INFO  server.RaftServerConfigKeys (ConfUtils.java:logGet(43)) - raft.server.log.preallocated.size = 16384 (custom)
2019-09-29 11:05:13,762 [pool-102-thread-1] INFO  server.RaftServerConfigKeys (ConfUtils.java:logGet(43)) - raft.server.log.segment.size.max = 1048576 (custom)
2019-09-29 11:05:13,762 [pool-42-thread-1] INFO  server.RaftServerConfigKeys (ConfUtils.java:logGet(43)) - raft.server.snapshot.auto.trigger.enabled = true (custom)
2019-09-29 11:05:13,762 [pool-72-thread-1] INFO  server.RaftServerConfigKeys (ConfUtils.java:logGet(43)) - raft.server.log.write.buffer.size = 33554432 (custom)
2019-09-29 11:05:13,763 [pool-42-thread-1] INFO  server.RaftServerConfigKeys (ConfUtils.java:logGet(43)) - raft.server.snapshot.auto.trigger.threshold = 10000 (custom)
2019-09-29 11:05:13,763 [pool-102-thread-1] INFO  server.RaftServerConfigKeys (ConfUtils.java:logGet(43)) - raft.server.log.preallocated.size = 16384 (custom)
2019-09-29 11:05:13,763 [pool-42-thread-1] INFO  server.RaftServerConfigKeys (ConfUtils.java:logGet(43)) - raft.server.snapshot.retention.num.files = 5 (custom)
2019-09-29 11:05:13,763 [pool-72-thread-1] INFO  server.RaftServerConfigKeys (ConfUtils.java:logGet(43)) - raft.server.log.force.sync.num = 128 (default)
2019-09-29 11:05:13,763 [pool-42-thread-1] INFO  server.RaftServerConfigKeys (ConfUtils.java:logGet(43)) - raft.server.retrycache.expirytime = 600000ms (custom)
2019-09-29 11:05:13,763 [pool-72-thread-1] INFO  server.RaftServerConfigKeys (ConfUtils.java:logGet(43)) - raft.server.log.statemachine.data.sync = true (default)
2019-09-29 11:05:13,763 [pool-102-thread-1] INFO  server.RaftServerConfigKeys (ConfUtils.java:logGet(43)) - raft.server.log.write.buffer.size = 33554432 (custom)
2019-09-29 11:05:13,764 [pool-72-thread-1] INFO  server.RaftServerConfigKeys (ConfUtils.java:logGet(43)) - raft.server.log.statemachine.data.sync.timeout = 10s (default)
2019-09-29 11:05:13,764 [pool-102-thread-1] INFO  server.RaftServerConfigKeys (ConfUtils.java:logGet(43)) - raft.server.log.force.sync.num = 128 (default)
2019-09-29 11:05:13,764 [pool-72-thread-1] INFO  server.RaftServerConfigKeys (ConfUtils.java:logGet(43)) - raft.server.log.statemachine.data.sync.timeout.retry = -1 (default)
2019-09-29 11:05:13,764 [pool-102-thread-1] INFO  server.RaftServerConfigKeys (ConfUtils.java:logGet(43)) - raft.server.log.statemachine.data.sync = true (default)
2019-09-29 11:05:13,764 [pool-72-thread-1] INFO  server.RaftServerConfigKeys (ConfUtils.java:logGet(43)) - raft.server.log.statemachine.data.caching.enabled = true (custom)
2019-09-29 11:05:13,764 [pool-102-thread-1] INFO  server.RaftServerConfigKeys (ConfUtils.java:logGet(43)) - raft.server.log.statemachine.data.sync.timeout = 10s (default)
2019-09-29 11:05:13,764 [pool-72-thread-1] INFO  segmented.SegmentedRaftLogWorker (SegmentedRaftLogWorker.java:lambda$new$0(132)) - 870588b0-aa93-434f-8f13-603c5341fab3@group-491A1C36C5D9-SegmentedRaftLogWorker: flushIndex: setUnconditionally 0 -> -1
2019-09-29 11:05:13,764 [pool-102-thread-1] INFO  server.RaftServerConfigKeys (ConfUtils.java:logGet(43)) - raft.server.log.statemachine.data.sync.timeout.retry = -1 (default)
2019-09-29 11:05:13,765 [pool-72-thread-1] INFO  server.RaftServerConfigKeys (ConfUtils.java:logGet(43)) - raft.server.snapshot.auto.trigger.enabled = true (custom)
2019-09-29 11:05:13,765 [pool-102-thread-1] INFO  server.RaftServerConfigKeys (ConfUtils.java:logGet(43)) - raft.server.log.statemachine.data.caching.enabled = true (custom)
2019-09-29 11:05:13,765 [pool-72-thread-1] INFO  server.RaftServerConfigKeys (ConfUtils.java:logGet(43)) - raft.server.snapshot.auto.trigger.threshold = 10000 (custom)
2019-09-29 11:05:13,765 [pool-72-thread-1] INFO  server.RaftServerConfigKeys (ConfUtils.java:logGet(43)) - raft.server.snapshot.retention.num.files = 5 (custom)
2019-09-29 11:05:13,765 [pool-102-thread-1] INFO  segmented.SegmentedRaftLogWorker (SegmentedRaftLogWorker.java:lambda$new$0(132)) - 026581f2-b768-4705-ac6e-669da543cea3@group-491A1C36C5D9-SegmentedRaftLogWorker: flushIndex: setUnconditionally 0 -> -1
2019-09-29 11:05:13,765 [pool-72-thread-1] INFO  server.RaftServerConfigKeys (ConfUtils.java:logGet(43)) - raft.server.retrycache.expirytime = 600000ms (custom)
2019-09-29 11:05:13,766 [pool-102-thread-1] INFO  server.RaftServerConfigKeys (ConfUtils.java:logGet(43)) - raft.server.snapshot.auto.trigger.enabled = true (custom)
2019-09-29 11:05:13,766 [pool-102-thread-1] INFO  server.RaftServerConfigKeys (ConfUtils.java:logGet(43)) - raft.server.snapshot.auto.trigger.threshold = 10000 (custom)
2019-09-29 11:05:13,766 [pool-102-thread-1] INFO  server.RaftServerConfigKeys (ConfUtils.java:logGet(43)) - raft.server.snapshot.retention.num.files = 5 (custom)
2019-09-29 11:05:13,766 [pool-102-thread-1] INFO  server.RaftServerConfigKeys (ConfUtils.java:logGet(43)) - raft.server.retrycache.expirytime = 600000ms (custom)
2019-09-29 11:05:13,767 [pool-42-thread-1] INFO  impl.RaftServerImpl (RaftServerImpl.java:start(185)) - 3a54e60d-c0c8-4de7-a5b4-72c91b9f7f60@group-491A1C36C5D9: start as a follower, conf=-1: [3a54e60d-c0c8-4de7-a5b4-72c91b9f7f60:192.168.30.19:44865, 026581f2-b768-4705-ac6e-669da543cea3:192.168.30.19:42448, 870588b0-aa93-434f-8f13-603c5341fab3:192.168.30.19:42508], old=null
2019-09-29 11:05:13,767 [pool-42-thread-1] INFO  impl.RaftServerImpl (RaftServerImpl.java:setRole(174)) - 3a54e60d-c0c8-4de7-a5b4-72c91b9f7f60@group-491A1C36C5D9: changes role from      null to FOLLOWER at term 0 for startAsFollower
2019-09-29 11:05:13,767 [pool-42-thread-1] INFO  impl.RoleInfo (RoleInfo.java:updateAndGet(143)) - 3a54e60d-c0c8-4de7-a5b4-72c91b9f7f60: start FollowerState
2019-09-29 11:05:13,775 [pool-42-thread-1] INFO  util.JmxRegister (JmxRegister.java:tryRegister(44)) - Successfully registered JMX Bean with object name Ratis:service=RaftServer,group=group-491A1C36C5D9,id=3a54e60d-c0c8-4de7-a5b4-72c91b9f7f60
2019-09-29 11:05:13,783 [pool-72-thread-1] INFO  impl.RaftServerImpl (RaftServerImpl.java:start(185)) - 870588b0-aa93-434f-8f13-603c5341fab3@group-491A1C36C5D9: start as a follower, conf=-1: [3a54e60d-c0c8-4de7-a5b4-72c91b9f7f60:192.168.30.19:44865, 026581f2-b768-4705-ac6e-669da543cea3:192.168.30.19:42448, 870588b0-aa93-434f-8f13-603c5341fab3:192.168.30.19:42508], old=null
2019-09-29 11:05:13,783 [pool-72-thread-1] INFO  impl.RaftServerImpl (RaftServerImpl.java:setRole(174)) - 870588b0-aa93-434f-8f13-603c5341fab3@group-491A1C36C5D9: changes role from      null to FOLLOWER at term 0 for startAsFollower
2019-09-29 11:05:13,784 [pool-72-thread-1] INFO  impl.RoleInfo (RoleInfo.java:updateAndGet(143)) - 870588b0-aa93-434f-8f13-603c5341fab3: start FollowerState
2019-09-29 11:05:13,784 [pool-72-thread-1] INFO  util.JmxRegister (JmxRegister.java:tryRegister(44)) - Successfully registered JMX Bean with object name Ratis:service=RaftServer,group=group-491A1C36C5D9,id=870588b0-aa93-434f-8f13-603c5341fab3
2019-09-29 11:05:13,785 [pool-102-thread-1] INFO  impl.RaftServerImpl (RaftServerImpl.java:start(185)) - 026581f2-b768-4705-ac6e-669da543cea3@group-491A1C36C5D9: start as a follower, conf=-1: [3a54e60d-c0c8-4de7-a5b4-72c91b9f7f60:192.168.30.19:44865, 026581f2-b768-4705-ac6e-669da543cea3:192.168.30.19:42448, 870588b0-aa93-434f-8f13-603c5341fab3:192.168.30.19:42508], old=null
2019-09-29 11:05:13,785 [pool-102-thread-1] INFO  impl.RaftServerImpl (RaftServerImpl.java:setRole(174)) - 026581f2-b768-4705-ac6e-669da543cea3@group-491A1C36C5D9: changes role from      null to FOLLOWER at term 0 for startAsFollower
2019-09-29 11:05:13,785 [pool-102-thread-1] INFO  impl.RoleInfo (RoleInfo.java:updateAndGet(143)) - 026581f2-b768-4705-ac6e-669da543cea3: start FollowerState
2019-09-29 11:05:13,786 [pool-102-thread-1] INFO  util.JmxRegister (JmxRegister.java:tryRegister(44)) - Successfully registered JMX Bean with object name Ratis:service=RaftServer,group=group-491A1C36C5D9,id=026581f2-b768-4705-ac6e-669da543cea3
2019-09-29 11:05:13,802 [RatisPipelineUtilsThread] INFO  pipeline.PipelineStateManager (PipelineStateManager.java:addPipeline(56)) - Created pipeline Pipeline[ Id: ea8df8be-0b06-4bc2-9dcf-491a1c36c5d9, Nodes: 3a54e60d-c0c8-4de7-a5b4-72c91b9f7f60{ip: 192.168.30.19, host: pr-hdds-1569-lsfh5-224679870, networkLocation: /default-rack, certSerialId: null}870588b0-aa93-434f-8f13-603c5341fab3{ip: 192.168.30.19, host: pr-hdds-1569-lsfh5-224679870, networkLocation: /default-rack, certSerialId: null}026581f2-b768-4705-ac6e-669da543cea3{ip: 192.168.30.19, host: pr-hdds-1569-lsfh5-224679870, networkLocation: /default-rack, certSerialId: null}, Type:RATIS, Factor:THREE, State:OPEN]
2019-09-29 11:05:13,819 [grpc-default-executor-0] INFO  impl.RaftServerProxy (RaftServerProxy.java:addNew(89)) - 870588b0-aa93-434f-8f13-603c5341fab3: addNew group-DE6A3264C4DF:[3a54e60d-c0c8-4de7-a5b4-72c91b9f7f60:192.168.30.19:44865, 026581f2-b768-4705-ac6e-669da543cea3:192.168.30.19:42448, 870588b0-aa93-434f-8f13-603c5341fab3:192.168.30.19:42508] returns group-DE6A3264C4DF:java.util.concurrent.CompletableFuture@2e592bda[Not completed]
2019-09-29 11:05:13,819 [grpc-default-executor-1] INFO  impl.RaftServerProxy (RaftServerProxy.java:addNew(89)) - 026581f2-b768-4705-ac6e-669da543cea3: addNew group-DE6A3264C4DF:[3a54e60d-c0c8-4de7-a5b4-72c91b9f7f60:192.168.30.19:44865, 026581f2-b768-4705-ac6e-669da543cea3:192.168.30.19:42448, 870588b0-aa93-434f-8f13-603c5341fab3:192.168.30.19:42508] returns group-DE6A3264C4DF:java.util.concurrent.CompletableFuture@1655155f[Not completed]
2019-09-29 11:05:13,822 [grpc-default-executor-2] INFO  impl.RaftServerProxy (RaftServerProxy.java:addNew(89)) - 3a54e60d-c0c8-4de7-a5b4-72c91b9f7f60: addNew group-DE6A3264C4DF:[3a54e60d-c0c8-4de7-a5b4-72c91b9f7f60:192.168.30.19:44865, 026581f2-b768-4705-ac6e-669da543cea3:192.168.30.19:42448, 870588b0-aa93-434f-8f13-603c5341fab3:192.168.30.19:42508] returns group-DE6A3264C4DF:java.util.concurrent.CompletableFuture@52f04eeb[Not completed]
2019-09-29 11:05:13,823 [pool-102-thread-1] INFO  impl.RaftServerImpl (RaftServerImpl.java:<init>(95)) - 026581f2-b768-4705-ac6e-669da543cea3: new RaftServerImpl for group-DE6A3264C4DF:[3a54e60d-c0c8-4de7-a5b4-72c91b9f7f60:192.168.30.19:44865, 026581f2-b768-4705-ac6e-669da543cea3:192.168.30.19:42448, 870588b0-aa93-434f-8f13-603c5341fab3:192.168.30.19:42508] with ContainerStateMachine:uninitialized
2019-09-29 11:05:13,824 [pool-102-thread-1] INFO  server.RaftServerConfigKeys (ConfUtils.java:logGet(43)) - raft.server.rpc.timeout.min = 5s (custom)
2019-09-29 11:05:13,824 [pool-102-thread-1] INFO  server.RaftServerConfigKeys (ConfUtils.java:logGet(43)) - raft.server.rpc.timeout.max = 5200ms (custom)
2019-09-29 11:05:13,824 [pool-102-thread-1] INFO  server.RaftServerConfigKeys (ConfUtils.java:logGet(43)) - raft.server.rpcslowness.timeout = 120s (custom)
2019-09-29 11:05:13,824 [pool-102-thread-1] INFO  server.RaftServerConfigKeys (ConfUtils.java:logGet(43)) - raft.server.sleep.deviation.threshold = 300 (default)
2019-09-29 11:05:13,824 [pool-102-thread-1] INFO  server.RaftServerConfigKeys (ConfUtils.java:logGet(43)) - raft.server.log.appender.install.snapshot.enabled = false (custom)
2019-09-29 11:05:13,824 [pool-102-thread-1] INFO  impl.RaftServerImpl (ServerState.java:<init>(103)) - 026581f2-b768-4705-ac6e-669da543cea3@group-DE6A3264C4DF: ConfigurationManager, init=-1: [3a54e60d-c0c8-4de7-a5b4-72c91b9f7f60:192.168.30.19:44865, 026581f2-b768-4705-ac6e-669da543cea3:192.168.30.19:42448, 870588b0-aa93-434f-8f13-603c5341fab3:192.168.30.19:42508], old=null, confs=<EMPTY_MAP>
2019-09-29 11:05:13,824 [pool-102-thread-1] INFO  server.RaftServerConfigKeys (ConfUtils.java:logGet(43)) - raft.server.storage.dir = [/workdir/hadoop-ozone/integration-test/target/test-dir/MiniOzoneClusterImpl-1c785ca3-4d8a-4703-81e1-f58f984e2e1c/datanode-7/data/ratis] (custom)
2019-09-29 11:05:13,825 [pool-102-thread-1] INFO  storage.RaftStorageDirectory (RaftStorageDirectory.java:analyzeStorage(246)) - The storage directory /workdir/hadoop-ozone/integration-test/target/test-dir/MiniOzoneClusterImpl-1c785ca3-4d8a-4703-81e1-f58f984e2e1c/datanode-7/data/ratis/7e6f0966-9749-4953-878a-de6a3264c4df does not exist. Creating ...
2019-09-29 11:05:13,825 [pool-72-thread-1] INFO  impl.RaftServerImpl (RaftServerImpl.java:<init>(95)) - 870588b0-aa93-434f-8f13-603c5341fab3: new RaftServerImpl for group-DE6A3264C4DF:[3a54e60d-c0c8-4de7-a5b4-72c91b9f7f60:192.168.30.19:44865, 026581f2-b768-4705-ac6e-669da543cea3:192.168.30.19:42448, 870588b0-aa93-434f-8f13-603c5341fab3:192.168.30.19:42508] with ContainerStateMachine:uninitialized
2019-09-29 11:05:13,825 [pool-72-thread-1] INFO  server.RaftServerConfigKeys (ConfUtils.java:logGet(43)) - raft.server.rpc.timeout.min = 5s (custom)
2019-09-29 11:05:13,825 [pool-72-thread-1] INFO  server.RaftServerConfigKeys (ConfUtils.java:logGet(43)) - raft.server.rpc.timeout.max = 5200ms (custom)
2019-09-29 11:05:13,825 [pool-72-thread-1] INFO  server.RaftServerConfigKeys (ConfUtils.java:logGet(43)) - raft.server.rpcslowness.timeout = 120s (custom)
2019-09-29 11:05:13,825 [pool-72-thread-1] INFO  server.RaftServerConfigKeys (ConfUtils.java:logGet(43)) - raft.server.sleep.deviation.threshold = 300 (default)
2019-09-29 11:05:13,825 [pool-42-thread-1] INFO  impl.RaftServerImpl (RaftServerImpl.java:<init>(95)) - 3a54e60d-c0c8-4de7-a5b4-72c91b9f7f60: new RaftServerImpl for group-DE6A3264C4DF:[3a54e60d-c0c8-4de7-a5b4-72c91b9f7f60:192.168.30.19:44865, 026581f2-b768-4705-ac6e-669da543cea3:192.168.30.19:42448, 870588b0-aa93-434f-8f13-603c5341fab3:192.168.30.19:42508] with ContainerStateMachine:uninitialized
2019-09-29 11:05:13,826 [pool-72-thread-1] INFO  server.RaftServerConfigKeys (ConfUtils.java:logGet(43)) - raft.server.log.appender.install.snapshot.enabled = false (custom)
2019-09-29 11:05:13,826 [pool-42-thread-1] INFO  server.RaftServerConfigKeys (ConfUtils.java:logGet(43)) - raft.server.rpc.timeout.min = 5s (custom)
2019-09-29 11:05:13,826 [pool-72-thread-1] INFO  impl.RaftServerImpl (ServerState.java:<init>(103)) - 870588b0-aa93-434f-8f13-603c5341fab3@group-DE6A3264C4DF: ConfigurationManager, init=-1: [3a54e60d-c0c8-4de7-a5b4-72c91b9f7f60:192.168.30.19:44865, 026581f2-b768-4705-ac6e-669da543cea3:192.168.30.19:42448, 870588b0-aa93-434f-8f13-603c5341fab3:192.168.30.19:42508], old=null, confs=<EMPTY_MAP>
2019-09-29 11:05:13,826 [pool-42-thread-1] INFO  server.RaftServerConfigKeys (ConfUtils.java:logGet(43)) - raft.server.rpc.timeout.max = 5200ms (custom)
2019-09-29 11:05:13,826 [pool-72-thread-1] INFO  server.RaftServerConfigKeys (ConfUtils.java:logGet(43)) - raft.server.storage.dir = [/workdir/hadoop-ozone/integration-test/target/test-dir/MiniOzoneClusterImpl-1c785ca3-4d8a-4703-81e1-f58f984e2e1c/datanode-4/data/ratis] (custom)
2019-09-29 11:05:13,826 [pool-42-thread-1] INFO  server.RaftServerConfigKeys (ConfUtils.java:logGet(43)) - raft.server.rpcslowness.timeout = 120s (custom)
2019-09-29 11:05:13,826 [pool-42-thread-1] INFO  server.RaftServerConfigKeys (ConfUtils.java:logGet(43)) - raft.server.sleep.deviation.threshold = 300 (default)
2019-09-29 11:05:13,826 [pool-42-thread-1] INFO  server.RaftServerConfigKeys (ConfUtils.java:logGet(43)) - raft.server.log.appender.install.snapshot.enabled = false (custom)
2019-09-29 11:05:13,826 [pool-72-thread-1] INFO  storage.RaftStorageDirectory (RaftStorageDirectory.java:analyzeStorage(246)) - The storage directory /workdir/hadoop-ozone/integration-test/target/test-dir/MiniOzoneClusterImpl-1c785ca3-4d8a-4703-81e1-f58f984e2e1c/datanode-4/data/ratis/7e6f0966-9749-4953-878a-de6a3264c4df does not exist. Creating ...
2019-09-29 11:05:13,827 [pool-42-thread-1] INFO  impl.RaftServerImpl (ServerState.java:<init>(103)) - 3a54e60d-c0c8-4de7-a5b4-72c91b9f7f60@group-DE6A3264C4DF: ConfigurationManager, init=-1: [3a54e60d-c0c8-4de7-a5b4-72c91b9f7f60:192.168.30.19:44865, 026581f2-b768-4705-ac6e-669da543cea3:192.168.30.19:42448, 870588b0-aa93-434f-8f13-603c5341fab3:192.168.30.19:42508], old=null, confs=<EMPTY_MAP>
2019-09-29 11:05:13,827 [pool-42-thread-1] INFO  server.RaftServerConfigKeys (ConfUtils.java:logGet(43)) - raft.server.storage.dir = [/workdir/hadoop-ozone/integration-test/target/test-dir/MiniOzoneClusterImpl-1c785ca3-4d8a-4703-81e1-f58f984e2e1c/datanode-1/data/ratis] (custom)
2019-09-29 11:05:13,827 [pool-42-thread-1] INFO  storage.RaftStorageDirectory (RaftStorageDirectory.java:analyzeStorage(246)) - The storage directory /workdir/hadoop-ozone/integration-test/target/test-dir/MiniOzoneClusterImpl-1c785ca3-4d8a-4703-81e1-f58f984e2e1c/datanode-1/data/ratis/7e6f0966-9749-4953-878a-de6a3264c4df does not exist. Creating ...
2019-09-29 11:05:13,848 [pool-72-thread-1] INFO  storage.RaftStorageDirectory (RaftStorageDirectory.java:tryLock(328)) - Lock on /workdir/hadoop-ozone/integration-test/target/test-dir/MiniOzoneClusterImpl-1c785ca3-4d8a-4703-81e1-f58f984e2e1c/datanode-4/data/ratis/7e6f0966-9749-4953-878a-de6a3264c4df/in_use.lock acquired by nodename 32469@pr-hdds-1569-lsfh5-224679870
2019-09-29 11:05:13,848 [pool-102-thread-1] INFO  storage.RaftStorageDirectory (RaftStorageDirectory.java:tryLock(328)) - Lock on /workdir/hadoop-ozone/integration-test/target/test-dir/MiniOzoneClusterImpl-1c785ca3-4d8a-4703-81e1-f58f984e2e1c/datanode-7/data/ratis/7e6f0966-9749-4953-878a-de6a3264c4df/in_use.lock acquired by nodename 32469@pr-hdds-1569-lsfh5-224679870
2019-09-29 11:05:13,848 [pool-42-thread-1] INFO  storage.RaftStorageDirectory (RaftStorageDirectory.java:tryLock(328)) - Lock on /workdir/hadoop-ozone/integration-test/target/test-dir/MiniOzoneClusterImpl-1c785ca3-4d8a-4703-81e1-f58f984e2e1c/datanode-1/data/ratis/7e6f0966-9749-4953-878a-de6a3264c4df/in_use.lock acquired by nodename 32469@pr-hdds-1569-lsfh5-224679870
2019-09-29 11:05:13,874 [pool-72-thread-1] INFO  storage.RaftStorage (RaftStorage.java:format(72)) - Storage directory /workdir/hadoop-ozone/integration-test/target/test-dir/MiniOzoneClusterImpl-1c785ca3-4d8a-4703-81e1-f58f984e2e1c/datanode-4/data/ratis/7e6f0966-9749-4953-878a-de6a3264c4df has been successfully formatted.
2019-09-29 11:05:13,874 [pool-102-thread-1] INFO  storage.RaftStorage (RaftStorage.java:format(72)) - Storage directory /workdir/hadoop-ozone/integration-test/target/test-dir/MiniOzoneClusterImpl-1c785ca3-4d8a-4703-81e1-f58f984e2e1c/datanode-7/data/ratis/7e6f0966-9749-4953-878a-de6a3264c4df has been successfully formatted.
2019-09-29 11:05:13,874 [pool-72-thread-1] INFO  ratis.ContainerStateMachine (ContainerStateMachine.java:loadSnapshot(230)) - group-DE6A3264C4DF: The snapshot info is null. Setting the last applied indexto:(t:0, i:~)
2019-09-29 11:05:13,874 [pool-42-thread-1] INFO  storage.RaftStorage (RaftStorage.java:format(72)) - Storage directory /workdir/hadoop-ozone/integration-test/target/test-dir/MiniOzoneClusterImpl-1c785ca3-4d8a-4703-81e1-f58f984e2e1c/datanode-1/data/ratis/7e6f0966-9749-4953-878a-de6a3264c4df has been successfully formatted.
2019-09-29 11:05:13,875 [pool-72-thread-1] INFO  server.RaftServerConfigKeys (ConfUtils.java:logGet(43)) - raft.server.notification.no-leader.timeout = 120s (custom)
2019-09-29 11:05:13,875 [pool-102-thread-1] INFO  ratis.ContainerStateMachine (ContainerStateMachine.java:loadSnapshot(230)) - group-DE6A3264C4DF: The snapshot info is null. Setting the last applied indexto:(t:0, i:~)
2019-09-29 11:05:13,875 [pool-72-thread-1] INFO  server.RaftServerConfigKeys (ConfUtils.java:logGet(43)) - raft.server.log.use.memory = false (default)
2019-09-29 11:05:13,875 [pool-42-thread-1] INFO  ratis.ContainerStateMachine (ContainerStateMachine.java:loadSnapshot(230)) - group-DE6A3264C4DF: The snapshot info is null. Setting the last applied indexto:(t:0, i:~)
2019-09-29 11:05:13,875 [pool-72-thread-1] INFO  server.RaftServerConfigKeys (ConfUtils.java:logGet(43)) - raft.server.log.purge.gap = 1000000 (custom)
2019-09-29 11:05:13,875 [pool-102-thread-1] INFO  server.RaftServerConfigKeys (ConfUtils.java:logGet(43)) - raft.server.notification.no-leader.timeout = 120s (custom)
2019-09-29 11:05:13,876 [pool-72-thread-1] INFO  server.RaftServerConfigKeys (ConfUtils.java:logGet(43)) - raft.server.log.appender.buffer.byte-limit = 33554432 (custom)
2019-09-29 11:05:13,875 [pool-42-thread-1] INFO  server.RaftServerConfigKeys (ConfUtils.java:logGet(43)) - raft.server.notification.no-leader.timeout = 120s (custom)
2019-09-29 11:05:13,876 [pool-72-thread-1] INFO  server.RaftServerConfigKeys (ConfUtils.java:logGet(43)) - raft.server.log.segment.size.max = 1048576 (custom)
2019-09-29 11:05:13,876 [pool-102-thread-1] INFO  server.RaftServerConfigKeys (ConfUtils.java:logGet(43)) - raft.server.log.use.memory = false (default)
2019-09-29 11:05:13,876 [pool-72-thread-1] INFO  server.RaftServerConfigKeys (ConfUtils.java:logGet(43)) - raft.server.log.segment.cache.num.max = 2 (custom)
2019-09-29 11:05:13,876 [pool-42-thread-1] INFO  server.RaftServerConfigKeys (ConfUtils.java:logGet(43)) - raft.server.log.use.memory = false (default)
2019-09-29 11:05:13,876 [pool-72-thread-1] INFO  segmented.SegmentedRaftLogWorker (SegmentedRaftLogWorker.java:<init>(172)) - new 870588b0-aa93-434f-8f13-603c5341fab3@group-DE6A3264C4DF-SegmentedRaftLogWorker for RaftStorage:Storage Directory /workdir/hadoop-ozone/integration-test/target/test-dir/MiniOzoneClusterImpl-1c785ca3-4d8a-4703-81e1-f58f984e2e1c/datanode-4/data/ratis/7e6f0966-9749-4953-878a-de6a3264c4df
2019-09-29 11:05:13,876 [pool-102-thread-1] INFO  server.RaftServerConfigKeys (ConfUtils.java:logGet(43)) - raft.server.log.purge.gap = 1000000 (custom)
2019-09-29 11:05:13,877 [pool-72-thread-1] INFO  server.RaftServerConfigKeys (ConfUtils.java:logGet(43)) - raft.server.log.queue.byte-limit = 2147483647 (custom)
2019-09-29 11:05:13,877 [pool-42-thread-1] INFO  server.RaftServerConfigKeys (ConfUtils.java:logGet(43)) - raft.server.log.purge.gap = 1000000 (custom)
2019-09-29 11:05:13,877 [pool-72-thread-1] INFO  server.RaftServerConfigKeys (ConfUtils.java:logGet(43)) - raft.server.log.queue.element-limit = 1024 (custom)
2019-09-29 11:05:13,877 [pool-102-thread-1] INFO  server.RaftServerConfigKeys (ConfUtils.java:logGet(43)) - raft.server.log.appender.buffer.byte-limit = 33554432 (custom)
2019-09-29 11:05:13,877 [pool-72-thread-1] INFO  server.RaftServerConfigKeys (ConfUtils.java:logGet(43)) - raft.server.log.segment.size.max = 1048576 (custom)
2019-09-29 11:05:13,877 [pool-42-thread-1] INFO  server.RaftServerConfigKeys (ConfUtils.java:logGet(43)) - raft.server.log.appender.buffer.byte-limit = 33554432 (custom)
2019-09-29 11:05:13,878 [pool-72-thread-1] INFO  server.RaftServerConfigKeys (ConfUtils.java:logGet(43)) - raft.server.log.preallocated.size = 16384 (custom)
2019-09-29 11:05:13,878 [pool-102-thread-1] INFO  server.RaftServerConfigKeys (ConfUtils.java:logGet(43)) - raft.server.log.segment.size.max = 1048576 (custom)
2019-09-29 11:05:13,878 [pool-72-thread-1] INFO  server.RaftServerConfigKeys (ConfUtils.java:logGet(43)) - raft.server.log.write.buffer.size = 33554432 (custom)
2019-09-29 11:05:13,878 [pool-42-thread-1] INFO  server.RaftServerConfigKeys (ConfUtils.java:logGet(43)) - raft.server.log.segment.size.max = 1048576 (custom)
2019-09-29 11:05:13,878 [pool-72-thread-1] INFO  server.RaftServerConfigKeys (ConfUtils.java:logGet(43)) - raft.server.log.force.sync.num = 128 (default)
2019-09-29 11:05:13,878 [pool-102-thread-1] INFO  server.RaftServerConfigKeys (ConfUtils.java:logGet(43)) - raft.server.log.segment.cache.num.max = 2 (custom)
2019-09-29 11:05:13,879 [pool-72-thread-1] INFO  server.RaftServerConfigKeys (ConfUtils.java:logGet(43)) - raft.server.log.statemachine.data.sync = true (default)
2019-09-29 11:05:13,879 [pool-42-thread-1] INFO  server.RaftServerConfigKeys (ConfUtils.java:logGet(43)) - raft.server.log.segment.cache.num.max = 2 (custom)
2019-09-29 11:05:13,879 [pool-72-thread-1] INFO  server.RaftServerConfigKeys (ConfUtils.java:logGet(43)) - raft.server.log.statemachine.data.sync.timeout = 10s (default)
2019-09-29 11:05:13,879 [pool-102-thread-1] INFO  segmented.SegmentedRaftLogWorker (SegmentedRaftLogWorker.java:<init>(172)) - new 026581f2-b768-4705-ac6e-669da543cea3@group-DE6A3264C4DF-SegmentedRaftLogWorker for RaftStorage:Storage Directory /workdir/hadoop-ozone/integration-test/target/test-dir/MiniOzoneClusterImpl-1c785ca3-4d8a-4703-81e1-f58f984e2e1c/datanode-7/data/ratis/7e6f0966-9749-4953-878a-de6a3264c4df
2019-09-29 11:05:13,879 [pool-72-thread-1] INFO  server.RaftServerConfigKeys (ConfUtils.java:logGet(43)) - raft.server.log.statemachine.data.sync.timeout.retry = -1 (default)
2019-09-29 11:05:13,879 [pool-42-thread-1] INFO  segmented.SegmentedRaftLogWorker (SegmentedRaftLogWorker.java:<init>(172)) - new 3a54e60d-c0c8-4de7-a5b4-72c91b9f7f60@group-DE6A3264C4DF-SegmentedRaftLogWorker for RaftStorage:Storage Directory /workdir/hadoop-ozone/integration-test/target/test-dir/MiniOzoneClusterImpl-1c785ca3-4d8a-4703-81e1-f58f984e2e1c/datanode-1/data/ratis/7e6f0966-9749-4953-878a-de6a3264c4df
2019-09-29 11:05:13,880 [pool-72-thread-1] INFO  server.RaftServerConfigKeys (ConfUtils.java:logGet(43)) - raft.server.log.statemachine.data.caching.enabled = true (custom)
2019-09-29 11:05:13,880 [pool-102-thread-1] INFO  server.RaftServerConfigKeys (ConfUtils.java:logGet(43)) - raft.server.log.queue.byte-limit = 2147483647 (custom)
2019-09-29 11:05:13,880 [pool-42-thread-1] INFO  server.RaftServerConfigKeys (ConfUtils.java:logGet(43)) - raft.server.log.queue.byte-limit = 2147483647 (custom)
2019-09-29 11:05:13,880 [pool-72-thread-1] INFO  segmented.SegmentedRaftLogWorker (SegmentedRaftLogWorker.java:lambda$new$0(132)) - 870588b0-aa93-434f-8f13-603c5341fab3@group-DE6A3264C4DF-SegmentedRaftLogWorker: flushIndex: setUnconditionally 0 -> -1
2019-09-29 11:05:13,880 [pool-102-thread-1] INFO  server.RaftServerConfigKeys (ConfUtils.java:logGet(43)) - raft.server.log.queue.element-limit = 1024 (custom)
2019-09-29 11:05:13,880 [pool-42-thread-1] INFO  server.RaftServerConfigKeys (ConfUtils.java:logGet(43)) - raft.server.log.queue.element-limit = 1024 (custom)
2019-09-29 11:05:13,881 [pool-102-thread-1] INFO  server.RaftServerConfigKeys (ConfUtils.java:logGet(43)) - raft.server.log.segment.size.max = 1048576 (custom)
2019-09-29 11:05:13,881 [pool-72-thread-1] INFO  server.RaftServerConfigKeys (ConfUtils.java:logGet(43)) - raft.server.snapshot.auto.trigger.enabled = true (custom)
2019-09-29 11:05:13,881 [pool-102-thread-1] INFO  server.RaftServerConfigKeys (ConfUtils.java:logGet(43)) - raft.server.log.preallocated.size = 16384 (custom)
2019-09-29 11:05:13,881 [pool-42-thread-1] INFO  server.RaftServerConfigKeys (ConfUtils.java:logGet(43)) - raft.server.log.segment.size.max = 1048576 (custom)
2019-09-29 11:05:13,881 [pool-102-thread-1] INFO  server.RaftServerConfigKeys (ConfUtils.java:logGet(43)) - raft.server.log.write.buffer.size = 33554432 (custom)
2019-09-29 11:05:13,881 [pool-72-thread-1] INFO  server.RaftServerConfigKeys (ConfUtils.java:logGet(43)) - raft.server.snapshot.auto.trigger.threshold = 10000 (custom)
2019-09-29 11:05:13,882 [pool-102-thread-1] INFO  server.RaftServerConfigKeys (ConfUtils.java:logGet(43)) - raft.server.log.force.sync.num = 128 (default)
2019-09-29 11:05:13,882 [pool-42-thread-1] INFO  server.RaftServerConfigKeys (ConfUtils.java:logGet(43)) - raft.server.log.preallocated.size = 16384 (custom)
2019-09-29 11:05:13,882 [pool-102-thread-1] INFO  server.RaftServerConfigKeys (ConfUtils.java:logGet(43)) - raft.server.log.statemachine.data.sync = true (default)
2019-09-29 11:05:13,882 [pool-72-thread-1] INFO  server.RaftServerConfigKeys (ConfUtils.java:logGet(43)) - raft.server.snapshot.retention.num.files = 5 (custom)
2019-09-29 11:05:13,882 [pool-102-thread-1] INFO  server.RaftServerConfigKeys (ConfUtils.java:logGet(43)) - raft.server.log.statemachine.data.sync.timeout = 10s (default)
2019-09-29 11:05:13,882 [pool-42-thread-1] INFO  server.RaftServerConfigKeys (ConfUtils.java:logGet(43)) - raft.server.log.write.buffer.size = 33554432 (custom)
2019-09-29 11:05:13,883 [pool-102-thread-1] INFO  server.RaftServerConfigKeys (ConfUtils.java:logGet(43)) - raft.server.log.statemachine.data.sync.timeout.retry = -1 (default)
2019-09-29 11:05:13,883 [pool-72-thread-1] INFO  server.RaftServerConfigKeys (ConfUtils.java:logGet(43)) - raft.server.retrycache.expirytime = 600000ms (custom)
2019-09-29 11:05:13,883 [pool-102-thread-1] INFO  server.RaftServerConfigKeys (ConfUtils.java:logGet(43)) - raft.server.log.statemachine.data.caching.enabled = true (custom)
2019-09-29 11:05:13,883 [pool-42-thread-1] INFO  server.RaftServerConfigKeys (ConfUtils.java:logGet(43)) - raft.server.log.force.sync.num = 128 (default)
2019-09-29 11:05:13,883 [pool-42-thread-1] INFO  server.RaftServerConfigKeys (ConfUtils.java:logGet(43)) - raft.server.log.statemachine.data.sync = true (default)
2019-09-29 11:05:13,883 [pool-102-thread-1] INFO  segmented.SegmentedRaftLogWorker (SegmentedRaftLogWorker.java:lambda$new$0(132)) - 026581f2-b768-4705-ac6e-669da543cea3@group-DE6A3264C4DF-SegmentedRaftLogWorker: flushIndex: setUnconditionally 0 -> -1
2019-09-29 11:05:13,884 [pool-42-thread-1] INFO  server.RaftServerConfigKeys (ConfUtils.java:logGet(43)) - raft.server.log.statemachine.data.sync.timeout = 10s (default)
2019-09-29 11:05:13,884 [pool-42-thread-1] INFO  server.RaftServerConfigKeys (ConfUtils.java:logGet(43)) - raft.server.log.statemachine.data.sync.timeout.retry = -1 (default)
2019-09-29 11:05:13,884 [pool-102-thread-1] INFO  server.RaftServerConfigKeys (ConfUtils.java:logGet(43)) - raft.server.snapshot.auto.trigger.enabled = true (custom)
2019-09-29 11:05:13,884 [pool-42-thread-1] INFO  server.RaftServerConfigKeys (ConfUtils.java:logGet(43)) - raft.server.log.statemachine.data.caching.enabled = true (custom)
2019-09-29 11:05:13,884 [pool-102-thread-1] INFO  server.RaftServerConfigKeys (ConfUtils.java:logGet(43)) - raft.server.snapshot.auto.trigger.threshold = 10000 (custom)
2019-09-29 11:05:13,885 [pool-102-thread-1] INFO  server.RaftServerConfigKeys (ConfUtils.java:logGet(43)) - raft.server.snapshot.retention.num.files = 5 (custom)
2019-09-29 11:05:13,885 [pool-42-thread-1] INFO  segmented.SegmentedRaftLogWorker (SegmentedRaftLogWorker.java:lambda$new$0(132)) - 3a54e60d-c0c8-4de7-a5b4-72c91b9f7f60@group-DE6A3264C4DF-SegmentedRaftLogWorker: flushIndex: setUnconditionally 0 -> -1
2019-09-29 11:05:13,885 [pool-102-thread-1] INFO  server.RaftServerConfigKeys (ConfUtils.java:logGet(43)) - raft.server.retrycache.expirytime = 600000ms (custom)
2019-09-29 11:05:13,885 [pool-42-thread-1] INFO  server.RaftServerConfigKeys (ConfUtils.java:logGet(43)) - raft.server.snapshot.auto.trigger.enabled = true (custom)
2019-09-29 11:05:13,885 [pool-42-thread-1] INFO  server.RaftServerConfigKeys (ConfUtils.java:logGet(43)) - raft.server.snapshot.auto.trigger.threshold = 10000 (custom)
2019-09-29 11:05:13,885 [pool-42-thread-1] INFO  server.RaftServerConfigKeys (ConfUtils.java:logGet(43)) - raft.server.snapshot.retention.num.files = 5 (custom)
2019-09-29 11:05:13,886 [pool-42-thread-1] INFO  server.RaftServerConfigKeys (ConfUtils.java:logGet(43)) - raft.server.retrycache.expirytime = 600000ms (custom)
2019-09-29 11:05:13,886 [pool-72-thread-1] INFO  impl.RaftServerImpl (RaftServerImpl.java:start(185)) - 870588b0-aa93-434f-8f13-603c5341fab3@group-DE6A3264C4DF: start as a follower, conf=-1: [3a54e60d-c0c8-4de7-a5b4-72c91b9f7f60:192.168.30.19:44865, 026581f2-b768-4705-ac6e-669da543cea3:192.168.30.19:42448, 870588b0-aa93-434f-8f13-603c5341fab3:192.168.30.19:42508], old=null
2019-09-29 11:05:13,886 [pool-72-thread-1] INFO  impl.RaftServerImpl (RaftServerImpl.java:setRole(174)) - 870588b0-aa93-434f-8f13-603c5341fab3@group-DE6A3264C4DF: changes role from      null to FOLLOWER at term 0 for startAsFollower
2019-09-29 11:05:13,887 [pool-72-thread-1] INFO  impl.RoleInfo (RoleInfo.java:updateAndGet(143)) - 870588b0-aa93-434f-8f13-603c5341fab3: start FollowerState
2019-09-29 11:05:13,887 [pool-72-thread-1] INFO  util.JmxRegister (JmxRegister.java:tryRegister(44)) - Successfully registered JMX Bean with object name Ratis:service=RaftServer,group=group-DE6A3264C4DF,id=870588b0-aa93-434f-8f13-603c5341fab3
2019-09-29 11:05:13,889 [pool-102-thread-1] INFO  impl.RaftServerImpl (RaftServerImpl.java:start(185)) - 026581f2-b768-4705-ac6e-669da543cea3@group-DE6A3264C4DF: start as a follower, conf=-1: [3a54e60d-c0c8-4de7-a5b4-72c91b9f7f60:192.168.30.19:44865, 026581f2-b768-4705-ac6e-669da543cea3:192.168.30.19:42448, 870588b0-aa93-434f-8f13-603c5341fab3:192.168.30.19:42508], old=null
2019-09-29 11:05:13,889 [pool-102-thread-1] INFO  impl.RaftServerImpl (RaftServerImpl.java:setRole(174)) - 026581f2-b768-4705-ac6e-669da543cea3@group-DE6A3264C4DF: changes role from      null to FOLLOWER at term 0 for startAsFollower
2019-09-29 11:05:13,889 [pool-102-thread-1] INFO  impl.RoleInfo (RoleInfo.java:updateAndGet(143)) - 026581f2-b768-4705-ac6e-669da543cea3: start FollowerState
2019-09-29 11:05:13,889 [pool-42-thread-1] INFO  impl.RaftServerImpl (RaftServerImpl.java:start(185)) - 3a54e60d-c0c8-4de7-a5b4-72c91b9f7f60@group-DE6A3264C4DF: start as a follower, conf=-1: [3a54e60d-c0c8-4de7-a5b4-72c91b9f7f60:192.168.30.19:44865, 026581f2-b768-4705-ac6e-669da543cea3:192.168.30.19:42448, 870588b0-aa93-434f-8f13-603c5341fab3:192.168.30.19:42508], old=null
2019-09-29 11:05:13,892 [pool-42-thread-1] INFO  impl.RaftServerImpl (RaftServerImpl.java:setRole(174)) - 3a54e60d-c0c8-4de7-a5b4-72c91b9f7f60@group-DE6A3264C4DF: changes role from      null to FOLLOWER at term 0 for startAsFollower
2019-09-29 11:05:13,892 [pool-102-thread-1] INFO  util.JmxRegister (JmxRegister.java:tryRegister(44)) - Successfully registered JMX Bean with object name Ratis:service=RaftServer,group=group-DE6A3264C4DF,id=026581f2-b768-4705-ac6e-669da543cea3
2019-09-29 11:05:13,892 [pool-42-thread-1] INFO  impl.RoleInfo (RoleInfo.java:updateAndGet(143)) - 3a54e60d-c0c8-4de7-a5b4-72c91b9f7f60: start FollowerState
2019-09-29 11:05:13,893 [pool-42-thread-1] INFO  util.JmxRegister (JmxRegister.java:tryRegister(44)) - Successfully registered JMX Bean with object name Ratis:service=RaftServer,group=group-DE6A3264C4DF,id=3a54e60d-c0c8-4de7-a5b4-72c91b9f7f60
2019-09-29 11:05:13,901 [RatisPipelineUtilsThread] INFO  pipeline.PipelineStateManager (PipelineStateManager.java:addPipeline(56)) - Created pipeline Pipeline[ Id: 7e6f0966-9749-4953-878a-de6a3264c4df, Nodes: 3a54e60d-c0c8-4de7-a5b4-72c91b9f7f60{ip: 192.168.30.19, host: pr-hdds-1569-lsfh5-224679870, networkLocation: /default-rack, certSerialId: null}026581f2-b768-4705-ac6e-669da543cea3{ip: 192.168.30.19, host: pr-hdds-1569-lsfh5-224679870, networkLocation: /default-rack, certSerialId: null}870588b0-aa93-434f-8f13-603c5341fab3{ip: 192.168.30.19, host: pr-hdds-1569-lsfh5-224679870, networkLocation: /default-rack, certSerialId: null}, Type:RATIS, Factor:THREE, State:OPEN]
2019-09-29 11:05:13,923 [grpc-default-executor-2] INFO  impl.RaftServerProxy (RaftServerProxy.java:addNew(89)) - 026581f2-b768-4705-ac6e-669da543cea3: addNew group-DDCF208FECA2:[3a54e60d-c0c8-4de7-a5b4-72c91b9f7f60:192.168.30.19:44865, 026581f2-b768-4705-ac6e-669da543cea3:192.168.30.19:42448, 870588b0-aa93-434f-8f13-603c5341fab3:192.168.30.19:42508] returns group-DDCF208FECA2:java.util.concurrent.CompletableFuture@5343a990[Not completed]
2019-09-29 11:05:13,923 [grpc-default-executor-1] INFO  impl.RaftServerProxy (RaftServerProxy.java:addNew(89)) - 870588b0-aa93-434f-8f13-603c5341fab3: addNew group-DDCF208FECA2:[3a54e60d-c0c8-4de7-a5b4-72c91b9f7f60:192.168.30.19:44865, 026581f2-b768-4705-ac6e-669da543cea3:192.168.30.19:42448, 870588b0-aa93-434f-8f13-603c5341fab3:192.168.30.19:42508] returns group-DDCF208FECA2:java.util.concurrent.CompletableFuture@d72992e[Not completed]
2019-09-29 11:05:13,926 [grpc-default-executor-0] INFO  impl.RaftServerProxy (RaftServerProxy.java:addNew(89)) - 3a54e60d-c0c8-4de7-a5b4-72c91b9f7f60: addNew group-DDCF208FECA2:[3a54e60d-c0c8-4de7-a5b4-72c91b9f7f60:192.168.30.19:44865, 026581f2-b768-4705-ac6e-669da543cea3:192.168.30.19:42448, 870588b0-aa93-434f-8f13-603c5341fab3:192.168.30.19:42508] returns group-DDCF208FECA2:java.util.concurrent.CompletableFuture@42540d3[Not completed]
2019-09-29 11:05:13,928 [pool-102-thread-1] INFO  impl.RaftServerImpl (RaftServerImpl.java:<init>(95)) - 026581f2-b768-4705-ac6e-669da543cea3: new RaftServerImpl for group-DDCF208FECA2:[3a54e60d-c0c8-4de7-a5b4-72c91b9f7f60:192.168.30.19:44865, 026581f2-b768-4705-ac6e-669da543cea3:192.168.30.19:42448, 870588b0-aa93-434f-8f13-603c5341fab3:192.168.30.19:42508] with ContainerStateMachine:uninitialized
2019-09-29 11:05:13,928 [pool-102-thread-1] INFO  server.RaftServerConfigKeys (ConfUtils.java:logGet(43)) - raft.server.rpc.timeout.min = 5s (custom)
2019-09-29 11:05:13,928 [pool-102-thread-1] INFO  server.RaftServerConfigKeys (ConfUtils.java:logGet(43)) - raft.server.rpc.timeout.max = 5200ms (custom)
2019-09-29 11:05:13,928 [pool-102-thread-1] INFO  server.RaftServerConfigKeys (ConfUtils.java:logGet(43)) - raft.server.rpcslowness.timeout = 120s (custom)
2019-09-29 11:05:13,929 [pool-102-thread-1] INFO  server.RaftServerConfigKeys (ConfUtils.java:logGet(43)) - raft.server.sleep.deviation.threshold = 300 (default)
2019-09-29 11:05:13,929 [pool-102-thread-1] INFO  server.RaftServerConfigKeys (ConfUtils.java:logGet(43)) - raft.server.log.appender.install.snapshot.enabled = false (custom)
2019-09-29 11:05:13,929 [pool-102-thread-1] INFO  impl.RaftServerImpl (ServerState.java:<init>(103)) - 026581f2-b768-4705-ac6e-669da543cea3@group-DDCF208FECA2: ConfigurationManager, init=-1: [3a54e60d-c0c8-4de7-a5b4-72c91b9f7f60:192.168.30.19:44865, 026581f2-b768-4705-ac6e-669da543cea3:192.168.30.19:42448, 870588b0-aa93-434f-8f13-603c5341fab3:192.168.30.19:42508], old=null, confs=<EMPTY_MAP>
2019-09-29 11:05:13,929 [pool-42-thread-1] INFO  impl.RaftServerImpl (RaftServerImpl.java:<init>(95)) - 3a54e60d-c0c8-4de7-a5b4-72c91b9f7f60: new RaftServerImpl for group-DDCF208FECA2:[3a54e60d-c0c8-4de7-a5b4-72c91b9f7f60:192.168.30.19:44865, 026581f2-b768-4705-ac6e-669da543cea3:192.168.30.19:42448, 870588b0-aa93-434f-8f13-603c5341fab3:192.168.30.19:42508] with ContainerStateMachine:uninitialized
2019-09-29 11:05:13,929 [pool-102-thread-1] INFO  server.RaftServerConfigKeys (ConfUtils.java:logGet(43)) - raft.server.storage.dir = [/workdir/hadoop-ozone/integration-test/target/test-dir/MiniOzoneClusterImpl-1c785ca3-4d8a-4703-81e1-f58f984e2e1c/datanode-7/data/ratis] (custom)
2019-09-29 11:05:13,929 [pool-42-thread-1] INFO  server.RaftServerConfigKeys (ConfUtils.java:logGet(43)) - raft.server.rpc.timeout.min = 5s (custom)
2019-09-29 11:05:13,930 [pool-42-thread-1] INFO  server.RaftServerConfigKeys (ConfUtils.java:logGet(43)) - raft.server.rpc.timeout.max = 5200ms (custom)
2019-09-29 11:05:13,930 [pool-42-thread-1] INFO  server.RaftServerConfigKeys (ConfUtils.java:logGet(43)) - raft.server.rpcslowness.timeout = 120s (custom)
2019-09-29 11:05:13,930 [pool-102-thread-1] INFO  storage.RaftStorageDirectory (RaftStorageDirectory.java:analyzeStorage(246)) - The storage directory /workdir/hadoop-ozone/integration-test/target/test-dir/MiniOzoneClusterImpl-1c785ca3-4d8a-4703-81e1-f58f984e2e1c/datanode-7/data/ratis/92326791-5e31-4da6-95ec-ddcf208feca2 does not exist. Creating ...
2019-09-29 11:05:13,930 [pool-72-thread-1] INFO  impl.RaftServerImpl (RaftServerImpl.java:<init>(95)) - 870588b0-aa93-434f-8f13-603c5341fab3: new RaftServerImpl for group-DDCF208FECA2:[3a54e60d-c0c8-4de7-a5b4-72c91b9f7f60:192.168.30.19:44865, 026581f2-b768-4705-ac6e-669da543cea3:192.168.30.19:42448, 870588b0-aa93-434f-8f13-603c5341fab3:192.168.30.19:42508] with ContainerStateMachine:uninitialized
2019-09-29 11:05:13,930 [pool-42-thread-1] INFO  server.RaftServerConfigKeys (ConfUtils.java:logGet(43)) - raft.server.sleep.deviation.threshold = 300 (default)
2019-09-29 11:05:13,930 [pool-72-thread-1] INFO  server.RaftServerConfigKeys (ConfUtils.java:logGet(43)) - raft.server.rpc.timeout.min = 5s (custom)
2019-09-29 11:05:13,930 [pool-42-thread-1] INFO  server.RaftServerConfigKeys (ConfUtils.java:logGet(43)) - raft.server.log.appender.install.snapshot.enabled = false (custom)
2019-09-29 11:05:13,930 [pool-72-thread-1] INFO  server.RaftServerConfigKeys (ConfUtils.java:logGet(43)) - raft.server.rpc.timeout.max = 5200ms (custom)
2019-09-29 11:05:13,931 [pool-42-thread-1] INFO  impl.RaftServerImpl (ServerState.java:<init>(103)) - 3a54e60d-c0c8-4de7-a5b4-72c91b9f7f60@group-DDCF208FECA2: ConfigurationManager, init=-1: [3a54e60d-c0c8-4de7-a5b4-72c91b9f7f60:192.168.30.19:44865, 026581f2-b768-4705-ac6e-669da543cea3:192.168.30.19:42448, 870588b0-aa93-434f-8f13-603c5341fab3:192.168.30.19:42508], old=null, confs=<EMPTY_MAP>
2019-09-29 11:05:13,931 [pool-72-thread-1] INFO  server.RaftServerConfigKeys (ConfUtils.java:logGet(43)) - raft.server.rpcslowness.timeout = 120s (custom)
2019-09-29 11:05:13,931 [pool-42-thread-1] INFO  server.RaftServerConfigKeys (ConfUtils.java:logGet(43)) - raft.server.storage.dir = [/workdir/hadoop-ozone/integration-test/target/test-dir/MiniOzoneClusterImpl-1c785ca3-4d8a-4703-81e1-f58f984e2e1c/datanode-1/data/ratis] (custom)
2019-09-29 11:05:13,931 [pool-72-thread-1] INFO  server.RaftServerConfigKeys (ConfUtils.java:logGet(43)) - raft.server.sleep.deviation.threshold = 300 (default)
2019-09-29 11:05:13,931 [pool-72-thread-1] INFO  server.RaftServerConfigKeys (ConfUtils.java:logGet(43)) - raft.server.log.appender.install.snapshot.enabled = false (custom)
2019-09-29 11:05:13,931 [pool-72-thread-1] INFO  impl.RaftServerImpl (ServerState.java:<init>(103)) - 870588b0-aa93-434f-8f13-603c5341fab3@group-DDCF208FECA2: ConfigurationManager, init=-1: [3a54e60d-c0c8-4de7-a5b4-72c91b9f7f60:192.168.30.19:44865, 026581f2-b768-4705-ac6e-669da543cea3:192.168.30.19:42448, 870588b0-aa93-434f-8f13-603c5341fab3:192.168.30.19:42508], old=null, confs=<EMPTY_MAP>
2019-09-29 11:05:13,931 [pool-42-thread-1] INFO  storage.RaftStorageDirectory (RaftStorageDirectory.java:analyzeStorage(246)) - The storage directory /workdir/hadoop-ozone/integration-test/target/test-dir/MiniOzoneClusterImpl-1c785ca3-4d8a-4703-81e1-f58f984e2e1c/datanode-1/data/ratis/92326791-5e31-4da6-95ec-ddcf208feca2 does not exist. Creating ...
2019-09-29 11:05:13,931 [pool-72-thread-1] INFO  server.RaftServerConfigKeys (ConfUtils.java:logGet(43)) - raft.server.storage.dir = [/workdir/hadoop-ozone/integration-test/target/test-dir/MiniOzoneClusterImpl-1c785ca3-4d8a-4703-81e1-f58f984e2e1c/datanode-4/data/ratis] (custom)
2019-09-29 11:05:13,932 [pool-72-thread-1] INFO  storage.RaftStorageDirectory (RaftStorageDirectory.java:analyzeStorage(246)) - The storage directory /workdir/hadoop-ozone/integration-test/target/test-dir/MiniOzoneClusterImpl-1c785ca3-4d8a-4703-81e1-f58f984e2e1c/datanode-4/data/ratis/92326791-5e31-4da6-95ec-ddcf208feca2 does not exist. Creating ...
2019-09-29 11:05:13,958 [pool-42-thread-1] INFO  storage.RaftStorageDirectory (RaftStorageDirectory.java:tryLock(328)) - Lock on /workdir/hadoop-ozone/integration-test/target/test-dir/MiniOzoneClusterImpl-1c785ca3-4d8a-4703-81e1-f58f984e2e1c/datanode-1/data/ratis/92326791-5e31-4da6-95ec-ddcf208feca2/in_use.lock acquired by nodename 32469@pr-hdds-1569-lsfh5-224679870
2019-09-29 11:05:13,958 [pool-102-thread-1] INFO  storage.RaftStorageDirectory (RaftStorageDirectory.java:tryLock(328)) - Lock on /workdir/hadoop-ozone/integration-test/target/test-dir/MiniOzoneClusterImpl-1c785ca3-4d8a-4703-81e1-f58f984e2e1c/datanode-7/data/ratis/92326791-5e31-4da6-95ec-ddcf208feca2/in_use.lock acquired by nodename 32469@pr-hdds-1569-lsfh5-224679870
2019-09-29 11:05:13,958 [pool-72-thread-1] INFO  storage.RaftStorageDirectory (RaftStorageDirectory.java:tryLock(328)) - Lock on /workdir/hadoop-ozone/integration-test/target/test-dir/MiniOzoneClusterImpl-1c785ca3-4d8a-4703-81e1-f58f984e2e1c/datanode-4/data/ratis/92326791-5e31-4da6-95ec-ddcf208feca2/in_use.lock acquired by nodename 32469@pr-hdds-1569-lsfh5-224679870
2019-09-29 11:05:13,984 [pool-42-thread-1] INFO  storage.RaftStorage (RaftStorage.java:format(72)) - Storage directory /workdir/hadoop-ozone/integration-test/target/test-dir/MiniOzoneClusterImpl-1c785ca3-4d8a-4703-81e1-f58f984e2e1c/datanode-1/data/ratis/92326791-5e31-4da6-95ec-ddcf208feca2 has been successfully formatted.
2019-09-29 11:05:13,984 [pool-102-thread-1] INFO  storage.RaftStorage (RaftStorage.java:format(72)) - Storage directory /workdir/hadoop-ozone/integration-test/target/test-dir/MiniOzoneClusterImpl-1c785ca3-4d8a-4703-81e1-f58f984e2e1c/datanode-7/data/ratis/92326791-5e31-4da6-95ec-ddcf208feca2 has been successfully formatted.
2019-09-29 11:05:13,984 [pool-42-thread-1] INFO  ratis.ContainerStateMachine (ContainerStateMachine.java:loadSnapshot(230)) - group-DDCF208FECA2: The snapshot info is null. Setting the last applied indexto:(t:0, i:~)
2019-09-29 11:05:13,984 [pool-72-thread-1] INFO  storage.RaftStorage (RaftStorage.java:format(72)) - Storage directory /workdir/hadoop-ozone/integration-test/target/test-dir/MiniOzoneClusterImpl-1c785ca3-4d8a-4703-81e1-f58f984e2e1c/datanode-4/data/ratis/92326791-5e31-4da6-95ec-ddcf208feca2 has been successfully formatted.
2019-09-29 11:05:13,984 [pool-42-thread-1] INFO  server.RaftServerConfigKeys (ConfUtils.java:logGet(43)) - raft.server.notification.no-leader.timeout = 120s (custom)
2019-09-29 11:05:13,984 [pool-102-thread-1] INFO  ratis.ContainerStateMachine (ContainerStateMachine.java:loadSnapshot(230)) - group-DDCF208FECA2: The snapshot info is null. Setting the last applied indexto:(t:0, i:~)
2019-09-29 11:05:13,984 [pool-42-thread-1] INFO  server.RaftServerConfigKeys (ConfUtils.java:logGet(43)) - raft.server.log.use.memory = false (default)
2019-09-29 11:05:13,984 [pool-72-thread-1] INFO  ratis.ContainerStateMachine (ContainerStateMachine.java:loadSnapshot(230)) - group-DDCF208FECA2: The snapshot info is null. Setting the last applied indexto:(t:0, i:~)
2019-09-29 11:05:13,985 [pool-42-thread-1] INFO  server.RaftServerConfigKeys (ConfUtils.java:logGet(43)) - raft.server.log.purge.gap = 1000000 (custom)
2019-09-29 11:05:13,985 [pool-102-thread-1] INFO  server.RaftServerConfigKeys (ConfUtils.java:logGet(43)) - raft.server.notification.no-leader.timeout = 120s (custom)
2019-09-29 11:05:13,985 [pool-42-thread-1] INFO  server.RaftServerConfigKeys (ConfUtils.java:logGet(43)) - raft.server.log.appender.buffer.byte-limit = 33554432 (custom)
2019-09-29 11:05:13,985 [pool-72-thread-1] INFO  server.RaftServerConfigKeys (ConfUtils.java:logGet(43)) - raft.server.notification.no-leader.timeout = 120s (custom)
2019-09-29 11:05:13,985 [pool-42-thread-1] INFO  server.RaftServerConfigKeys (ConfUtils.java:logGet(43)) - raft.server.log.segment.size.max = 1048576 (custom)
2019-09-29 11:05:13,985 [pool-102-thread-1] INFO  server.RaftServerConfigKeys (ConfUtils.java:logGet(43)) - raft.server.log.use.memory = false (default)
2019-09-29 11:05:13,986 [pool-42-thread-1] INFO  server.RaftServerConfigKeys (ConfUtils.java:logGet(43)) - raft.server.log.segment.cache.num.max = 2 (custom)
2019-09-29 11:05:13,985 [pool-72-thread-1] INFO  server.RaftServerConfigKeys (ConfUtils.java:logGet(43)) - raft.server.log.use.memory = false (default)
2019-09-29 11:05:13,986 [pool-42-thread-1] INFO  segmented.SegmentedRaftLogWorker (SegmentedRaftLogWorker.java:<init>(172)) - new 3a54e60d-c0c8-4de7-a5b4-72c91b9f7f60@group-DDCF208FECA2-SegmentedRaftLogWorker for RaftStorage:Storage Directory /workdir/hadoop-ozone/integration-test/target/test-dir/MiniOzoneClusterImpl-1c785ca3-4d8a-4703-81e1-f58f984e2e1c/datanode-1/data/ratis/92326791-5e31-4da6-95ec-ddcf208feca2
2019-09-29 11:05:13,986 [pool-102-thread-1] INFO  server.RaftServerConfigKeys (ConfUtils.java:logGet(43)) - raft.server.log.purge.gap = 1000000 (custom)
2019-09-29 11:05:13,986 [pool-42-thread-1] INFO  server.RaftServerConfigKeys (ConfUtils.java:logGet(43)) - raft.server.log.queue.byte-limit = 2147483647 (custom)
2019-09-29 11:05:13,986 [pool-72-thread-1] INFO  server.RaftServerConfigKeys (ConfUtils.java:logGet(43)) - raft.server.log.purge.gap = 1000000 (custom)
2019-09-29 11:05:13,987 [pool-42-thread-1] INFO  server.RaftServerConfigKeys (ConfUtils.java:logGet(43)) - raft.server.log.queue.element-limit = 1024 (custom)
2019-09-29 11:05:13,986 [pool-102-thread-1] INFO  server.RaftServerConfigKeys (ConfUtils.java:logGet(43)) - raft.server.log.appender.buffer.byte-limit = 33554432 (custom)
2019-09-29 11:05:13,987 [pool-42-thread-1] INFO  server.RaftServerConfigKeys (ConfUtils.java:logGet(43)) - raft.server.log.segment.size.max = 1048576 (custom)
2019-09-29 11:05:13,987 [pool-72-thread-1] INFO  server.RaftServerConfigKeys (ConfUtils.java:logGet(43)) - raft.server.log.appender.buffer.byte-limit = 33554432 (custom)
2019-09-29 11:05:13,987 [pool-42-thread-1] INFO  server.RaftServerConfigKeys (ConfUtils.java:logGet(43)) - raft.server.log.preallocated.size = 16384 (custom)
2019-09-29 11:05:13,987 [pool-102-thread-1] INFO  server.RaftServerConfigKeys (ConfUtils.java:logGet(43)) - raft.server.log.segment.size.max = 1048576 (custom)
2019-09-29 11:05:13,987 [pool-42-thread-1] INFO  server.RaftServerConfigKeys (ConfUtils.java:logGet(43)) - raft.server.log.write.buffer.size = 33554432 (custom)
2019-09-29 11:05:13,987 [pool-72-thread-1] INFO  server.RaftServerConfigKeys (ConfUtils.java:logGet(43)) - raft.server.log.segment.size.max = 1048576 (custom)
2019-09-29 11:05:13,988 [pool-42-thread-1] INFO  server.RaftServerConfigKeys (ConfUtils.java:logGet(43)) - raft.server.log.force.sync.num = 128 (default)
2019-09-29 11:05:13,988 [pool-102-thread-1] INFO  server.RaftServerConfigKeys (ConfUtils.java:logGet(43)) - raft.server.log.segment.cache.num.max = 2 (custom)
2019-09-29 11:05:13,988 [pool-42-thread-1] INFO  server.RaftServerConfigKeys (ConfUtils.java:logGet(43)) - raft.server.log.statemachine.data.sync = true (default)
2019-09-29 11:05:13,988 [pool-72-thread-1] INFO  server.RaftServerConfigKeys (ConfUtils.java:logGet(43)) - raft.server.log.segment.cache.num.max = 2 (custom)
2019-09-29 11:05:13,989 [pool-42-thread-1] INFO  server.RaftServerConfigKeys (ConfUtils.java:logGet(43)) - raft.server.log.statemachine.data.sync.timeout = 10s (default)
2019-09-29 11:05:13,988 [pool-102-thread-1] INFO  segmented.SegmentedRaftLogWorker (SegmentedRaftLogWorker.java:<init>(172)) - new 026581f2-b768-4705-ac6e-669da543cea3@group-DDCF208FECA2-SegmentedRaftLogWorker for RaftStorage:Storage Directory /workdir/hadoop-ozone/integration-test/target/test-dir/MiniOzoneClusterImpl-1c785ca3-4d8a-4703-81e1-f58f984e2e1c/datanode-7/data/ratis/92326791-5e31-4da6-95ec-ddcf208feca2
2019-09-29 11:05:13,989 [pool-42-thread-1] INFO  server.RaftServerConfigKeys (ConfUtils.java:logGet(43)) - raft.server.log.statemachine.data.sync.timeout.retry = -1 (default)
2019-09-29 11:05:13,989 [pool-72-thread-1] INFO  segmented.SegmentedRaftLogWorker (SegmentedRaftLogWorker.java:<init>(172)) - new 870588b0-aa93-434f-8f13-603c5341fab3@group-DDCF208FECA2-SegmentedRaftLogWorker for RaftStorage:Storage Directory /workdir/hadoop-ozone/integration-test/target/test-dir/MiniOzoneClusterImpl-1c785ca3-4d8a-4703-81e1-f58f984e2e1c/datanode-4/data/ratis/92326791-5e31-4da6-95ec-ddcf208feca2
2019-09-29 11:05:13,989 [pool-42-thread-1] INFO  server.RaftServerConfigKeys (ConfUtils.java:logGet(43)) - raft.server.log.statemachine.data.caching.enabled = true (custom)
2019-09-29 11:05:13,989 [pool-102-thread-1] INFO  server.RaftServerConfigKeys (ConfUtils.java:logGet(43)) - raft.server.log.queue.byte-limit = 2147483647 (custom)
2019-09-29 11:05:13,989 [pool-72-thread-1] INFO  server.RaftServerConfigKeys (ConfUtils.java:logGet(43)) - raft.server.log.queue.byte-limit = 2147483647 (custom)
2019-09-29 11:05:13,990 [pool-42-thread-1] INFO  segmented.SegmentedRaftLogWorker (SegmentedRaftLogWorker.java:lambda$new$0(132)) - 3a54e60d-c0c8-4de7-a5b4-72c91b9f7f60@group-DDCF208FECA2-SegmentedRaftLogWorker: flushIndex: setUnconditionally 0 -> -1
2019-09-29 11:05:13,990 [pool-102-thread-1] INFO  server.RaftServerConfigKeys (ConfUtils.java:logGet(43)) - raft.server.log.queue.element-limit = 1024 (custom)
2019-09-29 11:05:13,990 [pool-72-thread-1] INFO  server.RaftServerConfigKeys (ConfUtils.java:logGet(43)) - raft.server.log.queue.element-limit = 1024 (custom)
2019-09-29 11:05:13,990 [pool-102-thread-1] INFO  server.RaftServerConfigKeys (ConfUtils.java:logGet(43)) - raft.server.log.segment.size.max = 1048576 (custom)
2019-09-29 11:05:13,990 [pool-42-thread-1] INFO  server.RaftServerConfigKeys (ConfUtils.java:logGet(43)) - raft.server.snapshot.auto.trigger.enabled = true (custom)
2019-09-29 11:05:13,990 [pool-102-thread-1] INFO  server.RaftServerConfigKeys (ConfUtils.java:logGet(43)) - raft.server.log.preallocated.size = 16384 (custom)
2019-09-29 11:05:13,990 [pool-72-thread-1] INFO  server.RaftServerConfigKeys (ConfUtils.java:logGet(43)) - raft.server.log.segment.size.max = 1048576 (custom)
2019-09-29 11:05:13,991 [pool-102-thread-1] INFO  server.RaftServerConfigKeys (ConfUtils.java:logGet(43)) - raft.server.log.write.buffer.size = 33554432 (custom)
2019-09-29 11:05:13,991 [pool-42-thread-1] INFO  server.RaftServerConfigKeys (ConfUtils.java:logGet(43)) - raft.server.snapshot.auto.trigger.threshold = 10000 (custom)
2019-09-29 11:05:13,991 [pool-102-thread-1] INFO  server.RaftServerConfigKeys (ConfUtils.java:logGet(43)) - raft.server.log.force.sync.num = 128 (default)
2019-09-29 11:05:13,991 [pool-72-thread-1] INFO  server.RaftServerConfigKeys (ConfUtils.java:logGet(43)) - raft.server.log.preallocated.size = 16384 (custom)
2019-09-29 11:05:13,991 [pool-102-thread-1] INFO  server.RaftServerConfigKeys (ConfUtils.java:logGet(43)) - raft.server.log.statemachine.data.sync = true (default)
2019-09-29 11:05:13,991 [pool-42-thread-1] INFO  server.RaftServerConfigKeys (ConfUtils.java:logGet(43)) - raft.server.snapshot.retention.num.files = 5 (custom)
2019-09-29 11:05:13,992 [pool-102-thread-1] INFO  server.RaftServerConfigKeys (ConfUtils.java:logGet(43)) - raft.server.log.statemachine.data.sync.timeout = 10s (default)
2019-09-29 11:05:13,991 [pool-72-thread-1] INFO  server.RaftServerConfigKeys (ConfUtils.java:logGet(43)) - raft.server.log.write.buffer.size = 33554432 (custom)
2019-09-29 11:05:13,992 [pool-102-thread-1] INFO  server.RaftServerConfigKeys (ConfUtils.java:logGet(43)) - raft.server.log.statemachine.data.sync.timeout.retry = -1 (default)
2019-09-29 11:05:13,992 [pool-42-thread-1] INFO  server.RaftServerConfigKeys (ConfUtils.java:logGet(43)) - raft.server.retrycache.expirytime = 600000ms (custom)
2019-09-29 11:05:13,992 [pool-102-thread-1] INFO  server.RaftServerConfigKeys (ConfUtils.java:logGet(43)) - raft.server.log.statemachine.data.caching.enabled = true (custom)
2019-09-29 11:05:13,992 [pool-72-thread-1] INFO  server.RaftServerConfigKeys (ConfUtils.java:logGet(43)) - raft.server.log.force.sync.num = 128 (default)
2019-09-29 11:05:13,993 [pool-72-thread-1] INFO  server.RaftServerConfigKeys (ConfUtils.java:logGet(43)) - raft.server.log.statemachine.data.sync = true (default)
2019-09-29 11:05:13,993 [pool-102-thread-1] INFO  segmented.SegmentedRaftLogWorker (SegmentedRaftLogWorker.java:lambda$new$0(132)) - 026581f2-b768-4705-ac6e-669da543cea3@group-DDCF208FECA2-SegmentedRaftLogWorker: flushIndex: setUnconditionally 0 -> -1
2019-09-29 11:05:13,993 [pool-72-thread-1] INFO  server.RaftServerConfigKeys (ConfUtils.java:logGet(43)) - raft.server.log.statemachine.data.sync.timeout = 10s (default)
2019-09-29 11:05:13,993 [pool-72-thread-1] INFO  server.RaftServerConfigKeys (ConfUtils.java:logGet(43)) - raft.server.log.statemachine.data.sync.timeout.retry = -1 (default)
2019-09-29 11:05:13,993 [pool-102-thread-1] INFO  server.RaftServerConfigKeys (ConfUtils.java:logGet(43)) - raft.server.snapshot.auto.trigger.enabled = true (custom)
2019-09-29 11:05:13,993 [pool-72-thread-1] INFO  server.RaftServerConfigKeys (ConfUtils.java:logGet(43)) - raft.server.log.statemachine.data.caching.enabled = true (custom)
2019-09-29 11:05:13,993 [pool-102-thread-1] INFO  server.RaftServerConfigKeys (ConfUtils.java:logGet(43)) - raft.server.snapshot.auto.trigger.threshold = 10000 (custom)
2019-09-29 11:05:13,993 [pool-72-thread-1] INFO  segmented.SegmentedRaftLogWorker (SegmentedRaftLogWorker.java:lambda$new$0(132)) - 870588b0-aa93-434f-8f13-603c5341fab3@group-DDCF208FECA2-SegmentedRaftLogWorker: flushIndex: setUnconditionally 0 -> -1
2019-09-29 11:05:13,994 [pool-102-thread-1] INFO  server.RaftServerConfigKeys (ConfUtils.java:logGet(43)) - raft.server.snapshot.retention.num.files = 5 (custom)
2019-09-29 11:05:13,994 [pool-72-thread-1] INFO  server.RaftServerConfigKeys (ConfUtils.java:logGet(43)) - raft.server.snapshot.auto.trigger.enabled = true (custom)
2019-09-29 11:05:13,994 [pool-102-thread-1] INFO  server.RaftServerConfigKeys (ConfUtils.java:logGet(43)) - raft.server.retrycache.expirytime = 600000ms (custom)
2019-09-29 11:05:13,994 [pool-72-thread-1] INFO  server.RaftServerConfigKeys (ConfUtils.java:logGet(43)) - raft.server.snapshot.auto.trigger.threshold = 10000 (custom)
2019-09-29 11:05:13,994 [pool-72-thread-1] INFO  server.RaftServerConfigKeys (ConfUtils.java:logGet(43)) - raft.server.snapshot.retention.num.files = 5 (custom)
2019-09-29 11:05:13,994 [pool-72-thread-1] INFO  server.RaftServerConfigKeys (ConfUtils.java:logGet(43)) - raft.server.retrycache.expirytime = 600000ms (custom)
2019-09-29 11:05:13,996 [pool-42-thread-1] INFO  impl.RaftServerImpl (RaftServerImpl.java:start(185)) - 3a54e60d-c0c8-4de7-a5b4-72c91b9f7f60@group-DDCF208FECA2: start as a follower, conf=-1: [3a54e60d-c0c8-4de7-a5b4-72c91b9f7f60:192.168.30.19:44865, 026581f2-b768-4705-ac6e-669da543cea3:192.168.30.19:42448, 870588b0-aa93-434f-8f13-603c5341fab3:192.168.30.19:42508], old=null
2019-09-29 11:05:13,996 [pool-42-thread-1] INFO  impl.RaftServerImpl (RaftServerImpl.java:setRole(174)) - 3a54e60d-c0c8-4de7-a5b4-72c91b9f7f60@group-DDCF208FECA2: changes role from      null to FOLLOWER at term 0 for startAsFollower
2019-09-29 11:05:13,996 [pool-42-thread-1] INFO  impl.RoleInfo (RoleInfo.java:updateAndGet(143)) - 3a54e60d-c0c8-4de7-a5b4-72c91b9f7f60: start FollowerState
2019-09-29 11:05:13,997 [pool-42-thread-1] INFO  util.JmxRegister (JmxRegister.java:tryRegister(44)) - Successfully registered JMX Bean with object name Ratis:service=RaftServer,group=group-DDCF208FECA2,id=3a54e60d-c0c8-4de7-a5b4-72c91b9f7f60
2019-09-29 11:05:13,997 [pool-102-thread-1] INFO  impl.RaftServerImpl (RaftServerImpl.java:start(185)) - 026581f2-b768-4705-ac6e-669da543cea3@group-DDCF208FECA2: start as a follower, conf=-1: [3a54e60d-c0c8-4de7-a5b4-72c91b9f7f60:192.168.30.19:44865, 026581f2-b768-4705-ac6e-669da543cea3:192.168.30.19:42448, 870588b0-aa93-434f-8f13-603c5341fab3:192.168.30.19:42508], old=null
2019-09-29 11:05:13,997 [pool-72-thread-1] INFO  impl.RaftServerImpl (RaftServerImpl.java:start(185)) - 870588b0-aa93-434f-8f13-603c5341fab3@group-DDCF208FECA2: start as a follower, conf=-1: [3a54e60d-c0c8-4de7-a5b4-72c91b9f7f60:192.168.30.19:44865, 026581f2-b768-4705-ac6e-669da543cea3:192.168.30.19:42448, 870588b0-aa93-434f-8f13-603c5341fab3:192.168.30.19:42508], old=null
2019-09-29 11:05:13,998 [pool-102-thread-1] INFO  impl.RaftServerImpl (RaftServerImpl.java:setRole(174)) - 026581f2-b768-4705-ac6e-669da543cea3@group-DDCF208FECA2: changes role from      null to FOLLOWER at term 0 for startAsFollower
2019-09-29 11:05:13,998 [pool-72-thread-1] INFO  impl.RaftServerImpl (RaftServerImpl.java:setRole(174)) - 870588b0-aa93-434f-8f13-603c5341fab3@group-DDCF208FECA2: changes role from      null to FOLLOWER at term 0 for startAsFollower
2019-09-29 11:05:13,998 [pool-102-thread-1] INFO  impl.RoleInfo (RoleInfo.java:updateAndGet(143)) - 026581f2-b768-4705-ac6e-669da543cea3: start FollowerState
2019-09-29 11:05:13,998 [pool-72-thread-1] INFO  impl.RoleInfo (RoleInfo.java:updateAndGet(143)) - 870588b0-aa93-434f-8f13-603c5341fab3: start FollowerState
2019-09-29 11:05:13,998 [pool-102-thread-1] INFO  util.JmxRegister (JmxRegister.java:tryRegister(44)) - Successfully registered JMX Bean with object name Ratis:service=RaftServer,group=group-DDCF208FECA2,id=026581f2-b768-4705-ac6e-669da543cea3
2019-09-29 11:05:13,998 [pool-72-thread-1] INFO  util.JmxRegister (JmxRegister.java:tryRegister(44)) - Successfully registered JMX Bean with object name Ratis:service=RaftServer,group=group-DDCF208FECA2,id=870588b0-aa93-434f-8f13-603c5341fab3
2019-09-29 11:05:14,008 [RatisPipelineUtilsThread] INFO  pipeline.PipelineStateManager (PipelineStateManager.java:addPipeline(56)) - Created pipeline Pipeline[ Id: 92326791-5e31-4da6-95ec-ddcf208feca2, Nodes: 3a54e60d-c0c8-4de7-a5b4-72c91b9f7f60{ip: 192.168.30.19, host: pr-hdds-1569-lsfh5-224679870, networkLocation: /default-rack, certSerialId: null}026581f2-b768-4705-ac6e-669da543cea3{ip: 192.168.30.19, host: pr-hdds-1569-lsfh5-224679870, networkLocation: /default-rack, certSerialId: null}870588b0-aa93-434f-8f13-603c5341fab3{ip: 192.168.30.19, host: pr-hdds-1569-lsfh5-224679870, networkLocation: /default-rack, certSerialId: null}, Type:RATIS, Factor:THREE, State:OPEN]
2019-09-29 11:05:14,030 [grpc-default-executor-1] INFO  impl.RaftServerProxy (RaftServerProxy.java:addNew(89)) - 026581f2-b768-4705-ac6e-669da543cea3: addNew group-08B624B7EF60:[3a54e60d-c0c8-4de7-a5b4-72c91b9f7f60:192.168.30.19:44865, 026581f2-b768-4705-ac6e-669da543cea3:192.168.30.19:42448, 870588b0-aa93-434f-8f13-603c5341fab3:192.168.30.19:42508] returns group-08B624B7EF60:java.util.concurrent.CompletableFuture@169d41df[Not completed]
2019-09-29 11:05:14,030 [grpc-default-executor-2] INFO  impl.RaftServerProxy (RaftServerProxy.java:addNew(89)) - 870588b0-aa93-434f-8f13-603c5341fab3: addNew group-08B624B7EF60:[3a54e60d-c0c8-4de7-a5b4-72c91b9f7f60:192.168.30.19:44865, 026581f2-b768-4705-ac6e-669da543cea3:192.168.30.19:42448, 870588b0-aa93-434f-8f13-603c5341fab3:192.168.30.19:42508] returns group-08B624B7EF60:java.util.concurrent.CompletableFuture@328600b8[Not completed]
2019-09-29 11:05:14,030 [grpc-default-executor-0] INFO  impl.RaftServerProxy (RaftServerProxy.java:addNew(89)) - 3a54e60d-c0c8-4de7-a5b4-72c91b9f7f60: addNew group-08B624B7EF60:[3a54e60d-c0c8-4de7-a5b4-72c91b9f7f60:192.168.30.19:44865, 026581f2-b768-4705-ac6e-669da543cea3:192.168.30.19:42448, 870588b0-aa93-434f-8f13-603c5341fab3:192.168.30.19:42508] returns group-08B624B7EF60:java.util.concurrent.CompletableFuture@3bb364e2[Not completed]
2019-09-29 11:05:14,035 [pool-102-thread-1] INFO  impl.RaftServerImpl (RaftServerImpl.java:<init>(95)) - 026581f2-b768-4705-ac6e-669da543cea3: new RaftServerImpl for group-08B624B7EF60:[3a54e60d-c0c8-4de7-a5b4-72c91b9f7f60:192.168.30.19:44865, 026581f2-b768-4705-ac6e-669da543cea3:192.168.30.19:42448, 870588b0-aa93-434f-8f13-603c5341fab3:192.168.30.19:42508] with ContainerStateMachine:uninitialized
2019-09-29 11:05:14,035 [pool-102-thread-1] INFO  server.RaftServerConfigKeys (ConfUtils.java:logGet(43)) - raft.server.rpc.timeout.min = 5s (custom)
2019-09-29 11:05:14,035 [pool-102-thread-1] INFO  server.RaftServerConfigKeys (ConfUtils.java:logGet(43)) - raft.server.rpc.timeout.max = 5200ms (custom)
2019-09-29 11:05:14,035 [pool-102-thread-1] INFO  server.RaftServerConfigKeys (ConfUtils.java:logGet(43)) - raft.server.rpcslowness.timeout = 120s (custom)
2019-09-29 11:05:14,035 [pool-102-thread-1] INFO  server.RaftServerConfigKeys (ConfUtils.java:logGet(43)) - raft.server.sleep.deviation.threshold = 300 (default)
2019-09-29 11:05:14,035 [pool-102-thread-1] INFO  server.RaftServerConfigKeys (ConfUtils.java:logGet(43)) - raft.server.log.appender.install.snapshot.enabled = false (custom)
2019-09-29 11:05:14,035 [pool-102-thread-1] INFO  impl.RaftServerImpl (ServerState.java:<init>(103)) - 026581f2-b768-4705-ac6e-669da543cea3@group-08B624B7EF60: ConfigurationManager, init=-1: [3a54e60d-c0c8-4de7-a5b4-72c91b9f7f60:192.168.30.19:44865, 026581f2-b768-4705-ac6e-669da543cea3:192.168.30.19:42448, 870588b0-aa93-434f-8f13-603c5341fab3:192.168.30.19:42508], old=null, confs=<EMPTY_MAP>
2019-09-29 11:05:14,035 [pool-42-thread-1] INFO  impl.RaftServerImpl (RaftServerImpl.java:<init>(95)) - 3a54e60d-c0c8-4de7-a5b4-72c91b9f7f60: new RaftServerImpl for group-08B624B7EF60:[3a54e60d-c0c8-4de7-a5b4-72c91b9f7f60:192.168.30.19:44865, 026581f2-b768-4705-ac6e-669da543cea3:192.168.30.19:42448, 870588b0-aa93-434f-8f13-603c5341fab3:192.168.30.19:42508] with ContainerStateMachine:uninitialized
2019-09-29 11:05:14,035 [pool-102-thread-1] INFO  server.RaftServerConfigKeys (ConfUtils.java:logGet(43)) - raft.server.storage.dir = [/workdir/hadoop-ozone/integration-test/target/test-dir/MiniOzoneClusterImpl-1c785ca3-4d8a-4703-81e1-f58f984e2e1c/datanode-7/data/ratis] (custom)
2019-09-29 11:05:14,036 [pool-42-thread-1] INFO  server.RaftServerConfigKeys (ConfUtils.java:logGet(43)) - raft.server.rpc.timeout.min = 5s (custom)
2019-09-29 11:05:14,036 [pool-42-thread-1] INFO  server.RaftServerConfigKeys (ConfUtils.java:logGet(43)) - raft.server.rpc.timeout.max = 5200ms (custom)
2019-09-29 11:05:14,036 [pool-102-thread-1] INFO  storage.RaftStorageDirectory (RaftStorageDirectory.java:analyzeStorage(246)) - The storage directory /workdir/hadoop-ozone/integration-test/target/test-dir/MiniOzoneClusterImpl-1c785ca3-4d8a-4703-81e1-f58f984e2e1c/datanode-7/data/ratis/73165ff6-0e39-47a2-8803-08b624b7ef60 does not exist. Creating ...
2019-09-29 11:05:14,036 [pool-42-thread-1] INFO  server.RaftServerConfigKeys (ConfUtils.java:logGet(43)) - raft.server.rpcslowness.timeout = 120s (custom)
2019-09-29 11:05:14,036 [pool-72-thread-1] INFO  impl.RaftServerImpl (RaftServerImpl.java:<init>(95)) - 870588b0-aa93-434f-8f13-603c5341fab3: new RaftServerImpl for group-08B624B7EF60:[3a54e60d-c0c8-4de7-a5b4-72c91b9f7f60:192.168.30.19:44865, 026581f2-b768-4705-ac6e-669da543cea3:192.168.30.19:42448, 870588b0-aa93-434f-8f13-603c5341fab3:192.168.30.19:42508] with ContainerStateMachine:uninitialized
2019-09-29 11:05:14,036 [pool-42-thread-1] INFO  server.RaftServerConfigKeys (ConfUtils.java:logGet(43)) - raft.server.sleep.deviation.threshold = 300 (default)
2019-09-29 11:05:14,036 [pool-72-thread-1] INFO  server.RaftServerConfigKeys (ConfUtils.java:logGet(43)) - raft.server.rpc.timeout.min = 5s (custom)
2019-09-29 11:05:14,036 [pool-42-thread-1] INFO  server.RaftServerConfigKeys (ConfUtils.java:logGet(43)) - raft.server.log.appender.install.snapshot.enabled = false (custom)
2019-09-29 11:05:14,037 [pool-72-thread-1] INFO  server.RaftServerConfigKeys (ConfUtils.java:logGet(43)) - raft.server.rpc.timeout.max = 5200ms (custom)
2019-09-29 11:05:14,037 [pool-42-thread-1] INFO  impl.RaftServerImpl (ServerState.java:<init>(103)) - 3a54e60d-c0c8-4de7-a5b4-72c91b9f7f60@group-08B624B7EF60: ConfigurationManager, init=-1: [3a54e60d-c0c8-4de7-a5b4-72c91b9f7f60:192.168.30.19:44865, 026581f2-b768-4705-ac6e-669da543cea3:192.168.30.19:42448, 870588b0-aa93-434f-8f13-603c5341fab3:192.168.30.19:42508], old=null, confs=<EMPTY_MAP>
2019-09-29 11:05:14,037 [pool-72-thread-1] INFO  server.RaftServerConfigKeys (ConfUtils.java:logGet(43)) - raft.server.rpcslowness.timeout = 120s (custom)
2019-09-29 11:05:14,037 [pool-42-thread-1] INFO  server.RaftServerConfigKeys (ConfUtils.java:logGet(43)) - raft.server.storage.dir = [/workdir/hadoop-ozone/integration-test/target/test-dir/MiniOzoneClusterImpl-1c785ca3-4d8a-4703-81e1-f58f984e2e1c/datanode-1/data/ratis] (custom)
2019-09-29 11:05:14,037 [pool-72-thread-1] INFO  server.RaftServerConfigKeys (ConfUtils.java:logGet(43)) - raft.server.sleep.deviation.threshold = 300 (default)
2019-09-29 11:05:14,037 [pool-72-thread-1] INFO  server.RaftServerConfigKeys (ConfUtils.java:logGet(43)) - raft.server.log.appender.install.snapshot.enabled = false (custom)
2019-09-29 11:05:14,037 [pool-72-thread-1] INFO  impl.RaftServerImpl (ServerState.java:<init>(103)) - 870588b0-aa93-434f-8f13-603c5341fab3@group-08B624B7EF60: ConfigurationManager, init=-1: [3a54e60d-c0c8-4de7-a5b4-72c91b9f7f60:192.168.30.19:44865, 026581f2-b768-4705-ac6e-669da543cea3:192.168.30.19:42448, 870588b0-aa93-434f-8f13-603c5341fab3:192.168.30.19:42508], old=null, confs=<EMPTY_MAP>
2019-09-29 11:05:14,037 [pool-42-thread-1] INFO  storage.RaftStorageDirectory (RaftStorageDirectory.java:analyzeStorage(246)) - The storage directory /workdir/hadoop-ozone/integration-test/target/test-dir/MiniOzoneClusterImpl-1c785ca3-4d8a-4703-81e1-f58f984e2e1c/datanode-1/data/ratis/73165ff6-0e39-47a2-8803-08b624b7ef60 does not exist. Creating ...
2019-09-29 11:05:14,038 [pool-72-thread-1] INFO  server.RaftServerConfigKeys (ConfUtils.java:logGet(43)) - raft.server.storage.dir = [/workdir/hadoop-ozone/integration-test/target/test-dir/MiniOzoneClusterImpl-1c785ca3-4d8a-4703-81e1-f58f984e2e1c/datanode-4/data/ratis] (custom)
2019-09-29 11:05:14,038 [pool-72-thread-1] INFO  storage.RaftStorageDirectory (RaftStorageDirectory.java:analyzeStorage(246)) - The storage directory /workdir/hadoop-ozone/integration-test/target/test-dir/MiniOzoneClusterImpl-1c785ca3-4d8a-4703-81e1-f58f984e2e1c/datanode-4/data/ratis/73165ff6-0e39-47a2-8803-08b624b7ef60 does not exist. Creating ...
2019-09-29 11:05:14,059 [pool-72-thread-1] INFO  storage.RaftStorageDirectory (RaftStorageDirectory.java:tryLock(328)) - Lock on /workdir/hadoop-ozone/integration-test/target/test-dir/MiniOzoneClusterImpl-1c785ca3-4d8a-4703-81e1-f58f984e2e1c/datanode-4/data/ratis/73165ff6-0e39-47a2-8803-08b624b7ef60/in_use.lock acquired by nodename 32469@pr-hdds-1569-lsfh5-224679870
2019-09-29 11:05:14,059 [pool-102-thread-1] INFO  storage.RaftStorageDirectory (RaftStorageDirectory.java:tryLock(328)) - Lock on /workdir/hadoop-ozone/integration-test/target/test-dir/MiniOzoneClusterImpl-1c785ca3-4d8a-4703-81e1-f58f984e2e1c/datanode-7/data/ratis/73165ff6-0e39-47a2-8803-08b624b7ef60/in_use.lock acquired by nodename 32469@pr-hdds-1569-lsfh5-224679870
2019-09-29 11:05:14,059 [pool-42-thread-1] INFO  storage.RaftStorageDirectory (RaftStorageDirectory.java:tryLock(328)) - Lock on /workdir/hadoop-ozone/integration-test/target/test-dir/MiniOzoneClusterImpl-1c785ca3-4d8a-4703-81e1-f58f984e2e1c/datanode-1/data/ratis/73165ff6-0e39-47a2-8803-08b624b7ef60/in_use.lock acquired by nodename 32469@pr-hdds-1569-lsfh5-224679870
2019-09-29 11:05:14,085 [pool-72-thread-1] INFO  storage.RaftStorage (RaftStorage.java:format(72)) - Storage directory /workdir/hadoop-ozone/integration-test/target/test-dir/MiniOzoneClusterImpl-1c785ca3-4d8a-4703-81e1-f58f984e2e1c/datanode-4/data/ratis/73165ff6-0e39-47a2-8803-08b624b7ef60 has been successfully formatted.
2019-09-29 11:05:14,085 [pool-102-thread-1] INFO  storage.RaftStorage (RaftStorage.java:format(72)) - Storage directory /workdir/hadoop-ozone/integration-test/target/test-dir/MiniOzoneClusterImpl-1c785ca3-4d8a-4703-81e1-f58f984e2e1c/datanode-7/data/ratis/73165ff6-0e39-47a2-8803-08b624b7ef60 has been successfully formatted.
2019-09-29 11:05:14,086 [pool-72-thread-1] INFO  ratis.ContainerStateMachine (ContainerStateMachine.java:loadSnapshot(230)) - group-08B624B7EF60: The snapshot info is null. Setting the last applied indexto:(t:0, i:~)
2019-09-29 11:05:14,086 [pool-102-thread-1] INFO  ratis.ContainerStateMachine (ContainerStateMachine.java:loadSnapshot(230)) - group-08B624B7EF60: The snapshot info is null. Setting the last applied indexto:(t:0, i:~)
2019-09-29 11:05:14,085 [pool-42-thread-1] INFO  storage.RaftStorage (RaftStorage.java:format(72)) - Storage directory /workdir/hadoop-ozone/integration-test/target/test-dir/MiniOzoneClusterImpl-1c785ca3-4d8a-4703-81e1-f58f984e2e1c/datanode-1/data/ratis/73165ff6-0e39-47a2-8803-08b624b7ef60 has been successfully formatted.
2019-09-29 11:05:14,086 [pool-102-thread-1] INFO  server.RaftServerConfigKeys (ConfUtils.java:logGet(43)) - raft.server.notification.no-leader.timeout = 120s (custom)
2019-09-29 11:05:14,086 [pool-72-thread-1] INFO  server.RaftServerConfigKeys (ConfUtils.java:logGet(43)) - raft.server.notification.no-leader.timeout = 120s (custom)
2019-09-29 11:05:14,086 [pool-102-thread-1] INFO  server.RaftServerConfigKeys (ConfUtils.java:logGet(43)) - raft.server.log.use.memory = false (default)
2019-09-29 11:05:14,086 [pool-42-thread-1] INFO  ratis.ContainerStateMachine (ContainerStateMachine.java:loadSnapshot(230)) - group-08B624B7EF60: The snapshot info is null. Setting the last applied indexto:(t:0, i:~)
2019-09-29 11:05:14,087 [pool-102-thread-1] INFO  server.RaftServerConfigKeys (ConfUtils.java:logGet(43)) - raft.server.log.purge.gap = 1000000 (custom)
2019-09-29 11:05:14,087 [pool-72-thread-1] INFO  server.RaftServerConfigKeys (ConfUtils.java:logGet(43)) - raft.server.log.use.memory = false (default)
2019-09-29 11:05:14,087 [pool-102-thread-1] INFO  server.RaftServerConfigKeys (ConfUtils.java:logGet(43)) - raft.server.log.appender.buffer.byte-limit = 33554432 (custom)
2019-09-29 11:05:14,087 [pool-42-thread-1] INFO  server.RaftServerConfigKeys (ConfUtils.java:logGet(43)) - raft.server.notification.no-leader.timeout = 120s (custom)
2019-09-29 11:05:14,087 [pool-102-thread-1] INFO  server.RaftServerConfigKeys (ConfUtils.java:logGet(43)) - raft.server.log.segment.size.max = 1048576 (custom)
2019-09-29 11:05:14,087 [pool-72-thread-1] INFO  server.RaftServerConfigKeys (ConfUtils.java:logGet(43)) - raft.server.log.purge.gap = 1000000 (custom)
2019-09-29 11:05:14,088 [pool-102-thread-1] INFO  server.RaftServerConfigKeys (ConfUtils.java:logGet(43)) - raft.server.log.segment.cache.num.max = 2 (custom)
2019-09-29 11:05:14,087 [pool-42-thread-1] INFO  server.RaftServerConfigKeys (ConfUtils.java:logGet(43)) - raft.server.log.use.memory = false (default)
2019-09-29 11:05:14,088 [pool-102-thread-1] INFO  segmented.SegmentedRaftLogWorker (SegmentedRaftLogWorker.java:<init>(172)) - new 026581f2-b768-4705-ac6e-669da543cea3@group-08B624B7EF60-SegmentedRaftLogWorker for RaftStorage:Storage Directory /workdir/hadoop-ozone/integration-test/target/test-dir/MiniOzoneClusterImpl-1c785ca3-4d8a-4703-81e1-f58f984e2e1c/datanode-7/data/ratis/73165ff6-0e39-47a2-8803-08b624b7ef60
2019-09-29 11:05:14,088 [pool-72-thread-1] INFO  server.RaftServerConfigKeys (ConfUtils.java:logGet(43)) - raft.server.log.appender.buffer.byte-limit = 33554432 (custom)
2019-09-29 11:05:14,088 [pool-102-thread-1] INFO  server.RaftServerConfigKeys (ConfUtils.java:logGet(43)) - raft.server.log.queue.byte-limit = 2147483647 (custom)
2019-09-29 11:05:14,088 [pool-42-thread-1] INFO  server.RaftServerConfigKeys (ConfUtils.java:logGet(43)) - raft.server.log.purge.gap = 1000000 (custom)
2019-09-29 11:05:14,089 [pool-102-thread-1] INFO  server.RaftServerConfigKeys (ConfUtils.java:logGet(43)) - raft.server.log.queue.element-limit = 1024 (custom)
2019-09-29 11:05:14,089 [pool-72-thread-1] INFO  server.RaftServerConfigKeys (ConfUtils.java:logGet(43)) - raft.server.log.segment.size.max = 1048576 (custom)
2019-09-29 11:05:14,089 [pool-102-thread-1] INFO  server.RaftServerConfigKeys (ConfUtils.java:logGet(43)) - raft.server.log.segment.size.max = 1048576 (custom)
2019-09-29 11:05:14,089 [pool-42-thread-1] INFO  server.RaftServerConfigKeys (ConfUtils.java:logGet(43)) - raft.server.log.appender.buffer.byte-limit = 33554432 (custom)
2019-09-29 11:05:14,089 [pool-102-thread-1] INFO  server.RaftServerConfigKeys (ConfUtils.java:logGet(43)) - raft.server.log.preallocated.size = 16384 (custom)
2019-09-29 11:05:14,089 [pool-72-thread-1] INFO  server.RaftServerConfigKeys (ConfUtils.java:logGet(43)) - raft.server.log.segment.cache.num.max = 2 (custom)
2019-09-29 11:05:14,090 [pool-102-thread-1] INFO  server.RaftServerConfigKeys (ConfUtils.java:logGet(43)) - raft.server.log.write.buffer.size = 33554432 (custom)
2019-09-29 11:05:14,089 [pool-42-thread-1] INFO  server.RaftServerConfigKeys (ConfUtils.java:logGet(43)) - raft.server.log.segment.size.max = 1048576 (custom)
2019-09-29 11:05:14,090 [pool-102-thread-1] INFO  server.RaftServerConfigKeys (ConfUtils.java:logGet(43)) - raft.server.log.force.sync.num = 128 (default)
2019-09-29 11:05:14,090 [pool-72-thread-1] INFO  segmented.SegmentedRaftLogWorker (SegmentedRaftLogWorker.java:<init>(172)) - new 870588b0-aa93-434f-8f13-603c5341fab3@group-08B624B7EF60-SegmentedRaftLogWorker for RaftStorage:Storage Directory /workdir/hadoop-ozone/integration-test/target/test-dir/MiniOzoneClusterImpl-1c785ca3-4d8a-4703-81e1-f58f984e2e1c/datanode-4/data/ratis/73165ff6-0e39-47a2-8803-08b624b7ef60
2019-09-29 11:05:14,090 [pool-102-thread-1] INFO  server.RaftServerConfigKeys (ConfUtils.java:logGet(43)) - raft.server.log.statemachine.data.sync = true (default)
2019-09-29 11:05:14,090 [pool-42-thread-1] INFO  server.RaftServerConfigKeys (ConfUtils.java:logGet(43)) - raft.server.log.segment.cache.num.max = 2 (custom)
2019-09-29 11:05:14,091 [pool-102-thread-1] INFO  server.RaftServerConfigKeys (ConfUtils.java:logGet(43)) - raft.server.log.statemachine.data.sync.timeout = 10s (default)
2019-09-29 11:05:14,090 [pool-72-thread-1] INFO  server.RaftServerConfigKeys (ConfUtils.java:logGet(43)) - raft.server.log.queue.byte-limit = 2147483647 (custom)
2019-09-29 11:05:14,091 [pool-102-thread-1] INFO  server.RaftServerConfigKeys (ConfUtils.java:logGet(43)) - raft.server.log.statemachine.data.sync.timeout.retry = -1 (default)
2019-09-29 11:05:14,091 [pool-42-thread-1] INFO  segmented.SegmentedRaftLogWorker (SegmentedRaftLogWorker.java:<init>(172)) - new 3a54e60d-c0c8-4de7-a5b4-72c91b9f7f60@group-08B624B7EF60-SegmentedRaftLogWorker for RaftStorage:Storage Directory /workdir/hadoop-ozone/integration-test/target/test-dir/MiniOzoneClusterImpl-1c785ca3-4d8a-4703-81e1-f58f984e2e1c/datanode-1/data/ratis/73165ff6-0e39-47a2-8803-08b624b7ef60
2019-09-29 11:05:14,091 [pool-102-thread-1] INFO  server.RaftServerConfigKeys (ConfUtils.java:logGet(43)) - raft.server.log.statemachine.data.caching.enabled = true (custom)
2019-09-29 11:05:14,091 [pool-72-thread-1] INFO  server.RaftServerConfigKeys (ConfUtils.java:logGet(43)) - raft.server.log.queue.element-limit = 1024 (custom)
2019-09-29 11:05:14,091 [pool-42-thread-1] INFO  server.RaftServerConfigKeys (ConfUtils.java:logGet(43)) - raft.server.log.queue.byte-limit = 2147483647 (custom)
2019-09-29 11:05:14,092 [pool-72-thread-1] INFO  server.RaftServerConfigKeys (ConfUtils.java:logGet(43)) - raft.server.log.segment.size.max = 1048576 (custom)
2019-09-29 11:05:14,092 [pool-102-thread-1] INFO  segmented.SegmentedRaftLogWorker (SegmentedRaftLogWorker.java:lambda$new$0(132)) - 026581f2-b768-4705-ac6e-669da543cea3@group-08B624B7EF60-SegmentedRaftLogWorker: flushIndex: setUnconditionally 0 -> -1
2019-09-29 11:05:14,092 [pool-72-thread-1] INFO  server.RaftServerConfigKeys (ConfUtils.java:logGet(43)) - raft.server.log.preallocated.size = 16384 (custom)
2019-09-29 11:05:14,092 [pool-42-thread-1] INFO  server.RaftServerConfigKeys (ConfUtils.java:logGet(43)) - raft.server.log.queue.element-limit = 1024 (custom)
2019-09-29 11:05:14,092 [pool-102-thread-1] INFO  server.RaftServerConfigKeys (ConfUtils.java:logGet(43)) - raft.server.snapshot.auto.trigger.enabled = true (custom)
2019-09-29 11:05:14,092 [pool-72-thread-1] INFO  server.RaftServerConfigKeys (ConfUtils.java:logGet(43)) - raft.server.log.write.buffer.size = 33554432 (custom)
2019-09-29 11:05:14,093 [pool-102-thread-1] INFO  server.RaftServerConfigKeys (ConfUtils.java:logGet(43)) - raft.server.snapshot.auto.trigger.threshold = 10000 (custom)
2019-09-29 11:05:14,093 [pool-42-thread-1] INFO  server.RaftServerConfigKeys (ConfUtils.java:logGet(43)) - raft.server.log.segment.size.max = 1048576 (custom)
2019-09-29 11:05:14,093 [pool-102-thread-1] INFO  server.RaftServerConfigKeys (ConfUtils.java:logGet(43)) - raft.server.snapshot.retention.num.files = 5 (custom)
2019-09-29 11:05:14,093 [pool-72-thread-1] INFO  server.RaftServerConfigKeys (ConfUtils.java:logGet(43)) - raft.server.log.force.sync.num = 128 (default)
2019-09-29 11:05:14,093 [pool-102-thread-1] INFO  server.RaftServerConfigKeys (ConfUtils.java:logGet(43)) - raft.server.retrycache.expirytime = 600000ms (custom)
2019-09-29 11:05:14,093 [pool-42-thread-1] INFO  server.RaftServerConfigKeys (ConfUtils.java:logGet(43)) - raft.server.log.preallocated.size = 16384 (custom)
2019-09-29 11:05:14,094 [pool-72-thread-1] INFO  server.RaftServerConfigKeys (ConfUtils.java:logGet(43)) - raft.server.log.statemachine.data.sync = true (default)
2019-09-29 11:05:14,094 [pool-42-thread-1] INFO  server.RaftServerConfigKeys (ConfUtils.java:logGet(43)) - raft.server.log.write.buffer.size = 33554432 (custom)
2019-09-29 11:05:14,094 [pool-72-thread-1] INFO  server.RaftServerConfigKeys (ConfUtils.java:logGet(43)) - raft.server.log.statemachine.data.sync.timeout = 10s (default)
2019-09-29 11:05:14,094 [pool-42-thread-1] INFO  server.RaftServerConfigKeys (ConfUtils.java:logGet(43)) - raft.server.log.force.sync.num = 128 (default)
2019-09-29 11:05:14,094 [pool-72-thread-1] INFO  server.RaftServerConfigKeys (ConfUtils.java:logGet(43)) - raft.server.log.statemachine.data.sync.timeout.retry = -1 (default)
2019-09-29 11:05:14,094 [pool-42-thread-1] INFO  server.RaftServerConfigKeys (ConfUtils.java:logGet(43)) - raft.server.log.statemachine.data.sync = true (default)
2019-09-29 11:05:14,095 [pool-72-thread-1] INFO  server.RaftServerConfigKeys (ConfUtils.java:logGet(43)) - raft.server.log.statemachine.data.caching.enabled = true (custom)
2019-09-29 11:05:14,095 [pool-42-thread-1] INFO  server.RaftServerConfigKeys (ConfUtils.java:logGet(43)) - raft.server.log.statemachine.data.sync.timeout = 10s (default)
2019-09-29 11:05:14,095 [pool-42-thread-1] INFO  server.RaftServerConfigKeys (ConfUtils.java:logGet(43)) - raft.server.log.statemachine.data.sync.timeout.retry = -1 (default)
2019-09-29 11:05:14,095 [pool-72-thread-1] INFO  segmented.SegmentedRaftLogWorker (SegmentedRaftLogWorker.java:lambda$new$0(132)) - 870588b0-aa93-434f-8f13-603c5341fab3@group-08B624B7EF60-SegmentedRaftLogWorker: flushIndex: setUnconditionally 0 -> -1
2019-09-29 11:05:14,095 [pool-42-thread-1] INFO  server.RaftServerConfigKeys (ConfUtils.java:logGet(43)) - raft.server.log.statemachine.data.caching.enabled = true (custom)
2019-09-29 11:05:14,096 [pool-72-thread-1] INFO  server.RaftServerConfigKeys (ConfUtils.java:logGet(43)) - raft.server.snapshot.auto.trigger.enabled = true (custom)
2019-09-29 11:05:14,096 [pool-72-thread-1] INFO  server.RaftServerConfigKeys (ConfUtils.java:logGet(43)) - raft.server.snapshot.auto.trigger.threshold = 10000 (custom)
2019-09-29 11:05:14,096 [pool-42-thread-1] INFO  segmented.SegmentedRaftLogWorker (SegmentedRaftLogWorker.java:lambda$new$0(132)) - 3a54e60d-c0c8-4de7-a5b4-72c91b9f7f60@group-08B624B7EF60-SegmentedRaftLogWorker: flushIndex: setUnconditionally 0 -> -1
2019-09-29 11:05:14,096 [pool-72-thread-1] INFO  server.RaftServerConfigKeys (ConfUtils.java:logGet(43)) - raft.server.snapshot.retention.num.files = 5 (custom)
2019-09-29 11:05:14,096 [pool-42-thread-1] INFO  server.RaftServerConfigKeys (ConfUtils.java:logGet(43)) - raft.server.snapshot.auto.trigger.enabled = true (custom)
2019-09-29 11:05:14,096 [pool-72-thread-1] INFO  server.RaftServerConfigKeys (ConfUtils.java:logGet(43)) - raft.server.retrycache.expirytime = 600000ms (custom)
2019-09-29 11:05:14,096 [pool-42-thread-1] INFO  server.RaftServerConfigKeys (ConfUtils.java:logGet(43)) - raft.server.snapshot.auto.trigger.threshold = 10000 (custom)
2019-09-29 11:05:14,097 [pool-42-thread-1] INFO  server.RaftServerConfigKeys (ConfUtils.java:logGet(43)) - raft.server.snapshot.retention.num.files = 5 (custom)
2019-09-29 11:05:14,097 [pool-42-thread-1] INFO  server.RaftServerConfigKeys (ConfUtils.java:logGet(43)) - raft.server.retrycache.expirytime = 600000ms (custom)
2019-09-29 11:05:14,097 [pool-102-thread-1] INFO  impl.RaftServerImpl (RaftServerImpl.java:start(185)) - 026581f2-b768-4705-ac6e-669da543cea3@group-08B624B7EF60: start as a follower, conf=-1: [3a54e60d-c0c8-4de7-a5b4-72c91b9f7f60:192.168.30.19:44865, 026581f2-b768-4705-ac6e-669da543cea3:192.168.30.19:42448, 870588b0-aa93-434f-8f13-603c5341fab3:192.168.30.19:42508], old=null
2019-09-29 11:05:14,097 [pool-102-thread-1] INFO  impl.RaftServerImpl (RaftServerImpl.java:setRole(174)) - 026581f2-b768-4705-ac6e-669da543cea3@group-08B624B7EF60: changes role from      null to FOLLOWER at term 0 for startAsFollower
2019-09-29 11:05:14,097 [pool-102-thread-1] INFO  impl.RoleInfo (RoleInfo.java:updateAndGet(143)) - 026581f2-b768-4705-ac6e-669da543cea3: start FollowerState
2019-09-29 11:05:14,098 [pool-102-thread-1] INFO  util.JmxRegister (JmxRegister.java:tryRegister(44)) - Successfully registered JMX Bean with object name Ratis:service=RaftServer,group=group-08B624B7EF60,id=026581f2-b768-4705-ac6e-669da543cea3
2019-09-29 11:05:14,100 [pool-72-thread-1] INFO  impl.RaftServerImpl (RaftServerImpl.java:start(185)) - 870588b0-aa93-434f-8f13-603c5341fab3@group-08B624B7EF60: start as a follower, conf=-1: [3a54e60d-c0c8-4de7-a5b4-72c91b9f7f60:192.168.30.19:44865, 026581f2-b768-4705-ac6e-669da543cea3:192.168.30.19:42448, 870588b0-aa93-434f-8f13-603c5341fab3:192.168.30.19:42508], old=null
2019-09-29 11:05:14,100 [pool-72-thread-1] INFO  impl.RaftServerImpl (RaftServerImpl.java:setRole(174)) - 870588b0-aa93-434f-8f13-603c5341fab3@group-08B624B7EF60: changes role from      null to FOLLOWER at term 0 for startAsFollower
2019-09-29 11:05:14,100 [pool-72-thread-1] INFO  impl.RoleInfo (RoleInfo.java:updateAndGet(143)) - 870588b0-aa93-434f-8f13-603c5341fab3: start FollowerState
2019-09-29 11:05:14,100 [pool-42-thread-1] INFO  impl.RaftServerImpl (RaftServerImpl.java:start(185)) - 3a54e60d-c0c8-4de7-a5b4-72c91b9f7f60@group-08B624B7EF60: start as a follower, conf=-1: [3a54e60d-c0c8-4de7-a5b4-72c91b9f7f60:192.168.30.19:44865, 026581f2-b768-4705-ac6e-669da543cea3:192.168.30.19:42448, 870588b0-aa93-434f-8f13-603c5341fab3:192.168.30.19:42508], old=null
2019-09-29 11:05:14,103 [pool-72-thread-1] INFO  util.JmxRegister (JmxRegister.java:tryRegister(44)) - Successfully registered JMX Bean with object name Ratis:service=RaftServer,group=group-08B624B7EF60,id=870588b0-aa93-434f-8f13-603c5341fab3
2019-09-29 11:05:14,103 [pool-42-thread-1] INFO  impl.RaftServerImpl (RaftServerImpl.java:setRole(174)) - 3a54e60d-c0c8-4de7-a5b4-72c91b9f7f60@group-08B624B7EF60: changes role from      null to FOLLOWER at term 0 for startAsFollower
2019-09-29 11:05:14,104 [pool-42-thread-1] INFO  impl.RoleInfo (RoleInfo.java:updateAndGet(143)) - 3a54e60d-c0c8-4de7-a5b4-72c91b9f7f60: start FollowerState
2019-09-29 11:05:14,104 [pool-42-thread-1] INFO  util.JmxRegister (JmxRegister.java:tryRegister(44)) - Successfully registered JMX Bean with object name Ratis:service=RaftServer,group=group-08B624B7EF60,id=3a54e60d-c0c8-4de7-a5b4-72c91b9f7f60
2019-09-29 11:05:14,113 [RatisPipelineUtilsThread] INFO  pipeline.PipelineStateManager (PipelineStateManager.java:addPipeline(56)) - Created pipeline Pipeline[ Id: 73165ff6-0e39-47a2-8803-08b624b7ef60, Nodes: 870588b0-aa93-434f-8f13-603c5341fab3{ip: 192.168.30.19, host: pr-hdds-1569-lsfh5-224679870, networkLocation: /default-rack, certSerialId: null}3a54e60d-c0c8-4de7-a5b4-72c91b9f7f60{ip: 192.168.30.19, host: pr-hdds-1569-lsfh5-224679870, networkLocation: /default-rack, certSerialId: null}026581f2-b768-4705-ac6e-669da543cea3{ip: 192.168.30.19, host: pr-hdds-1569-lsfh5-224679870, networkLocation: /default-rack, certSerialId: null}, Type:RATIS, Factor:THREE, State:OPEN]
2019-09-29 11:05:14,141 [grpc-default-executor-1] INFO  impl.RaftServerProxy (RaftServerProxy.java:addNew(89)) - 3a54e60d-c0c8-4de7-a5b4-72c91b9f7f60: addNew group-4B7ACF9C6D43:[3a54e60d-c0c8-4de7-a5b4-72c91b9f7f60:192.168.30.19:44865, 026581f2-b768-4705-ac6e-669da543cea3:192.168.30.19:42448, 870588b0-aa93-434f-8f13-603c5341fab3:192.168.30.19:42508] returns group-4B7ACF9C6D43:java.util.concurrent.CompletableFuture@577e1fac[Not completed]
2019-09-29 11:05:14,142 [grpc-default-executor-0] INFO  impl.RaftServerProxy (RaftServerProxy.java:addNew(89)) - 026581f2-b768-4705-ac6e-669da543cea3: addNew group-4B7ACF9C6D43:[3a54e60d-c0c8-4de7-a5b4-72c91b9f7f60:192.168.30.19:44865, 026581f2-b768-4705-ac6e-669da543cea3:192.168.30.19:42448, 870588b0-aa93-434f-8f13-603c5341fab3:192.168.30.19:42508] returns group-4B7ACF9C6D43:java.util.concurrent.CompletableFuture@5527fe73[Not completed]
2019-09-29 11:05:14,144 [grpc-default-executor-2] INFO  impl.RaftServerProxy (RaftServerProxy.java:addNew(89)) - 870588b0-aa93-434f-8f13-603c5341fab3: addNew group-4B7ACF9C6D43:[3a54e60d-c0c8-4de7-a5b4-72c91b9f7f60:192.168.30.19:44865, 026581f2-b768-4705-ac6e-669da543cea3:192.168.30.19:42448, 870588b0-aa93-434f-8f13-603c5341fab3:192.168.30.19:42508] returns group-4B7ACF9C6D43:java.util.concurrent.CompletableFuture@4dd162bf[Not completed]
2019-09-29 11:05:14,145 [pool-42-thread-1] INFO  impl.RaftServerImpl (RaftServerImpl.java:<init>(95)) - 3a54e60d-c0c8-4de7-a5b4-72c91b9f7f60: new RaftServerImpl for group-4B7ACF9C6D43:[3a54e60d-c0c8-4de7-a5b4-72c91b9f7f60:192.168.30.19:44865, 026581f2-b768-4705-ac6e-669da543cea3:192.168.30.19:42448, 870588b0-aa93-434f-8f13-603c5341fab3:192.168.30.19:42508] with ContainerStateMachine:uninitialized
2019-09-29 11:05:14,145 [pool-42-thread-1] INFO  server.RaftServerConfigKeys (ConfUtils.java:logGet(43)) - raft.server.rpc.timeout.min = 5s (custom)
2019-09-29 11:05:14,145 [pool-42-thread-1] INFO  server.RaftServerConfigKeys (ConfUtils.java:logGet(43)) - raft.server.rpc.timeout.max = 5200ms (custom)
2019-09-29 11:05:14,145 [pool-42-thread-1] INFO  server.RaftServerConfigKeys (ConfUtils.java:logGet(43)) - raft.server.rpcslowness.timeout = 120s (custom)
2019-09-29 11:05:14,146 [pool-42-thread-1] INFO  server.RaftServerConfigKeys (ConfUtils.java:logGet(43)) - raft.server.sleep.deviation.threshold = 300 (default)
2019-09-29 11:05:14,146 [pool-42-thread-1] INFO  server.RaftServerConfigKeys (ConfUtils.java:logGet(43)) - raft.server.log.appender.install.snapshot.enabled = false (custom)
2019-09-29 11:05:14,146 [pool-102-thread-1] INFO  impl.RaftServerImpl (RaftServerImpl.java:<init>(95)) - 026581f2-b768-4705-ac6e-669da543cea3: new RaftServerImpl for group-4B7ACF9C6D43:[3a54e60d-c0c8-4de7-a5b4-72c91b9f7f60:192.168.30.19:44865, 026581f2-b768-4705-ac6e-669da543cea3:192.168.30.19:42448, 870588b0-aa93-434f-8f13-603c5341fab3:192.168.30.19:42508] with ContainerStateMachine:uninitialized
2019-09-29 11:05:14,146 [pool-42-thread-1] INFO  impl.RaftServerImpl (ServerState.java:<init>(103)) - 3a54e60d-c0c8-4de7-a5b4-72c91b9f7f60@group-4B7ACF9C6D43: ConfigurationManager, init=-1: [3a54e60d-c0c8-4de7-a5b4-72c91b9f7f60:192.168.30.19:44865, 026581f2-b768-4705-ac6e-669da543cea3:192.168.30.19:42448, 870588b0-aa93-434f-8f13-603c5341fab3:192.168.30.19:42508], old=null, confs=<EMPTY_MAP>
2019-09-29 11:05:14,146 [pool-102-thread-1] INFO  server.RaftServerConfigKeys (ConfUtils.java:logGet(43)) - raft.server.rpc.timeout.min = 5s (custom)
2019-09-29 11:05:14,146 [pool-42-thread-1] INFO  server.RaftServerConfigKeys (ConfUtils.java:logGet(43)) - raft.server.storage.dir = [/workdir/hadoop-ozone/integration-test/target/test-dir/MiniOzoneClusterImpl-1c785ca3-4d8a-4703-81e1-f58f984e2e1c/datanode-1/data/ratis] (custom)
2019-09-29 11:05:14,146 [pool-102-thread-1] INFO  server.RaftServerConfigKeys (ConfUtils.java:logGet(43)) - raft.server.rpc.timeout.max = 5200ms (custom)
2019-09-29 11:05:14,146 [pool-102-thread-1] INFO  server.RaftServerConfigKeys (ConfUtils.java:logGet(43)) - raft.server.rpcslowness.timeout = 120s (custom)
2019-09-29 11:05:14,147 [pool-102-thread-1] INFO  server.RaftServerConfigKeys (ConfUtils.java:logGet(43)) - raft.server.sleep.deviation.threshold = 300 (default)
2019-09-29 11:05:14,147 [pool-42-thread-1] INFO  storage.RaftStorageDirectory (RaftStorageDirectory.java:analyzeStorage(246)) - The storage directory /workdir/hadoop-ozone/integration-test/target/test-dir/MiniOzoneClusterImpl-1c785ca3-4d8a-4703-81e1-f58f984e2e1c/datanode-1/data/ratis/ffef0a3b-b9cf-45b0-b817-4b7acf9c6d43 does not exist. Creating ...
2019-09-29 11:05:14,147 [pool-102-thread-1] INFO  server.RaftServerConfigKeys (ConfUtils.java:logGet(43)) - raft.server.log.appender.install.snapshot.enabled = false (custom)
2019-09-29 11:05:14,147 [pool-102-thread-1] INFO  impl.RaftServerImpl (ServerState.java:<init>(103)) - 026581f2-b768-4705-ac6e-669da543cea3@group-4B7ACF9C6D43: ConfigurationManager, init=-1: [3a54e60d-c0c8-4de7-a5b4-72c91b9f7f60:192.168.30.19:44865, 026581f2-b768-4705-ac6e-669da543cea3:192.168.30.19:42448, 870588b0-aa93-434f-8f13-603c5341fab3:192.168.30.19:42508], old=null, confs=<EMPTY_MAP>
2019-09-29 11:05:14,147 [pool-72-thread-1] INFO  impl.RaftServerImpl (RaftServerImpl.java:<init>(95)) - 870588b0-aa93-434f-8f13-603c5341fab3: new RaftServerImpl for group-4B7ACF9C6D43:[3a54e60d-c0c8-4de7-a5b4-72c91b9f7f60:192.168.30.19:44865, 026581f2-b768-4705-ac6e-669da543cea3:192.168.30.19:42448, 870588b0-aa93-434f-8f13-603c5341fab3:192.168.30.19:42508] with ContainerStateMachine:uninitialized
2019-09-29 11:05:14,147 [pool-102-thread-1] INFO  server.RaftServerConfigKeys (ConfUtils.java:logGet(43)) - raft.server.storage.dir = [/workdir/hadoop-ozone/integration-test/target/test-dir/MiniOzoneClusterImpl-1c785ca3-4d8a-4703-81e1-f58f984e2e1c/datanode-7/data/ratis] (custom)
2019-09-29 11:05:14,147 [pool-72-thread-1] INFO  server.RaftServerConfigKeys (ConfUtils.java:logGet(43)) - raft.server.rpc.timeout.min = 5s (custom)
2019-09-29 11:05:14,147 [pool-72-thread-1] INFO  server.RaftServerConfigKeys (ConfUtils.java:logGet(43)) - raft.server.rpc.timeout.max = 5200ms (custom)
2019-09-29 11:05:14,147 [pool-102-thread-1] INFO  storage.RaftStorageDirectory (RaftStorageDirectory.java:analyzeStorage(246)) - The storage directory /workdir/hadoop-ozone/integration-test/target/test-dir/MiniOzoneClusterImpl-1c785ca3-4d8a-4703-81e1-f58f984e2e1c/datanode-7/data/ratis/ffef0a3b-b9cf-45b0-b817-4b7acf9c6d43 does not exist. Creating ...
2019-09-29 11:05:14,148 [pool-72-thread-1] INFO  server.RaftServerConfigKeys (ConfUtils.java:logGet(43)) - raft.server.rpcslowness.timeout = 120s (custom)
2019-09-29 11:05:14,148 [pool-72-thread-1] INFO  server.RaftServerConfigKeys (ConfUtils.java:logGet(43)) - raft.server.sleep.deviation.threshold = 300 (default)
2019-09-29 11:05:14,148 [pool-72-thread-1] INFO  server.RaftServerConfigKeys (ConfUtils.java:logGet(43)) - raft.server.log.appender.install.snapshot.enabled = false (custom)
2019-09-29 11:05:14,148 [pool-72-thread-1] INFO  impl.RaftServerImpl (ServerState.java:<init>(103)) - 870588b0-aa93-434f-8f13-603c5341fab3@group-4B7ACF9C6D43: ConfigurationManager, init=-1: [3a54e60d-c0c8-4de7-a5b4-72c91b9f7f60:192.168.30.19:44865, 026581f2-b768-4705-ac6e-669da543cea3:192.168.30.19:42448, 870588b0-aa93-434f-8f13-603c5341fab3:192.168.30.19:42508], old=null, confs=<EMPTY_MAP>
2019-09-29 11:05:14,148 [pool-72-thread-1] INFO  server.RaftServerConfigKeys (ConfUtils.java:logGet(43)) - raft.server.storage.dir = [/workdir/hadoop-ozone/integration-test/target/test-dir/MiniOzoneClusterImpl-1c785ca3-4d8a-4703-81e1-f58f984e2e1c/datanode-4/data/ratis] (custom)
2019-09-29 11:05:14,149 [pool-72-thread-1] INFO  storage.RaftStorageDirectory (RaftStorageDirectory.java:analyzeStorage(246)) - The storage directory /workdir/hadoop-ozone/integration-test/target/test-dir/MiniOzoneClusterImpl-1c785ca3-4d8a-4703-81e1-f58f984e2e1c/datanode-4/data/ratis/ffef0a3b-b9cf-45b0-b817-4b7acf9c6d43 does not exist. Creating ...
2019-09-29 11:05:14,186 [pool-102-thread-1] INFO  storage.RaftStorageDirectory (RaftStorageDirectory.java:tryLock(328)) - Lock on /workdir/hadoop-ozone/integration-test/target/test-dir/MiniOzoneClusterImpl-1c785ca3-4d8a-4703-81e1-f58f984e2e1c/datanode-7/data/ratis/ffef0a3b-b9cf-45b0-b817-4b7acf9c6d43/in_use.lock acquired by nodename 32469@pr-hdds-1569-lsfh5-224679870
2019-09-29 11:05:14,186 [pool-72-thread-1] INFO  storage.RaftStorageDirectory (RaftStorageDirectory.java:tryLock(328)) - Lock on /workdir/hadoop-ozone/integration-test/target/test-dir/MiniOzoneClusterImpl-1c785ca3-4d8a-4703-81e1-f58f984e2e1c/datanode-4/data/ratis/ffef0a3b-b9cf-45b0-b817-4b7acf9c6d43/in_use.lock acquired by nodename 32469@pr-hdds-1569-lsfh5-224679870
2019-09-29 11:05:14,186 [pool-42-thread-1] INFO  storage.RaftStorageDirectory (RaftStorageDirectory.java:tryLock(328)) - Lock on /workdir/hadoop-ozone/integration-test/target/test-dir/MiniOzoneClusterImpl-1c785ca3-4d8a-4703-81e1-f58f984e2e1c/datanode-1/data/ratis/ffef0a3b-b9cf-45b0-b817-4b7acf9c6d43/in_use.lock acquired by nodename 32469@pr-hdds-1569-lsfh5-224679870
2019-09-29 11:05:14,212 [pool-72-thread-1] INFO  storage.RaftStorage (RaftStorage.java:format(72)) - Storage directory /workdir/hadoop-ozone/integration-test/target/test-dir/MiniOzoneClusterImpl-1c785ca3-4d8a-4703-81e1-f58f984e2e1c/datanode-4/data/ratis/ffef0a3b-b9cf-45b0-b817-4b7acf9c6d43 has been successfully formatted.
2019-09-29 11:05:14,212 [pool-102-thread-1] INFO  storage.RaftStorage (RaftStorage.java:format(72)) - Storage directory /workdir/hadoop-ozone/integration-test/target/test-dir/MiniOzoneClusterImpl-1c785ca3-4d8a-4703-81e1-f58f984e2e1c/datanode-7/data/ratis/ffef0a3b-b9cf-45b0-b817-4b7acf9c6d43 has been successfully formatted.
2019-09-29 11:05:14,212 [pool-42-thread-1] INFO  storage.RaftStorage (RaftStorage.java:format(72)) - Storage directory /workdir/hadoop-ozone/integration-test/target/test-dir/MiniOzoneClusterImpl-1c785ca3-4d8a-4703-81e1-f58f984e2e1c/datanode-1/data/ratis/ffef0a3b-b9cf-45b0-b817-4b7acf9c6d43 has been successfully formatted.
2019-09-29 11:05:14,212 [pool-102-thread-1] INFO  ratis.ContainerStateMachine (ContainerStateMachine.java:loadSnapshot(230)) - group-4B7ACF9C6D43: The snapshot info is null. Setting the last applied indexto:(t:0, i:~)
2019-09-29 11:05:14,212 [pool-72-thread-1] INFO  ratis.ContainerStateMachine (ContainerStateMachine.java:loadSnapshot(230)) - group-4B7ACF9C6D43: The snapshot info is null. Setting the last applied indexto:(t:0, i:~)
2019-09-29 11:05:14,212 [pool-42-thread-1] INFO  ratis.ContainerStateMachine (ContainerStateMachine.java:loadSnapshot(230)) - group-4B7ACF9C6D43: The snapshot info is null. Setting the last applied indexto:(t:0, i:~)
2019-09-29 11:05:14,212 [pool-102-thread-1] INFO  server.RaftServerConfigKeys (ConfUtils.java:logGet(43)) - raft.server.notification.no-leader.timeout = 120s (custom)
2019-09-29 11:05:14,213 [pool-42-thread-1] INFO  server.RaftServerConfigKeys (ConfUtils.java:logGet(43)) - raft.server.notification.no-leader.timeout = 120s (custom)
2019-09-29 11:05:14,213 [pool-72-thread-1] INFO  server.RaftServerConfigKeys (ConfUtils.java:logGet(43)) - raft.server.notification.no-leader.timeout = 120s (custom)
2019-09-29 11:05:14,213 [pool-42-thread-1] INFO  server.RaftServerConfigKeys (ConfUtils.java:logGet(43)) - raft.server.log.use.memory = false (default)
2019-09-29 11:05:14,213 [pool-102-thread-1] INFO  server.RaftServerConfigKeys (ConfUtils.java:logGet(43)) - raft.server.log.use.memory = false (default)
2019-09-29 11:05:14,213 [pool-42-thread-1] INFO  server.RaftServerConfigKeys (ConfUtils.java:logGet(43)) - raft.server.log.purge.gap = 1000000 (custom)
2019-09-29 11:05:14,213 [pool-72-thread-1] INFO  server.RaftServerConfigKeys (ConfUtils.java:logGet(43)) - raft.server.log.use.memory = false (default)
2019-09-29 11:05:14,214 [pool-42-thread-1] INFO  server.RaftServerConfigKeys (ConfUtils.java:logGet(43)) - raft.server.log.appender.buffer.byte-limit = 33554432 (custom)
2019-09-29 11:05:14,213 [pool-102-thread-1] INFO  server.RaftServerConfigKeys (ConfUtils.java:logGet(43)) - raft.server.log.purge.gap = 1000000 (custom)
2019-09-29 11:05:14,214 [pool-42-thread-1] INFO  server.RaftServerConfigKeys (ConfUtils.java:logGet(43)) - raft.server.log.segment.size.max = 1048576 (custom)
2019-09-29 11:05:14,214 [pool-72-thread-1] INFO  server.RaftServerConfigKeys (ConfUtils.java:logGet(43)) - raft.server.log.purge.gap = 1000000 (custom)
2019-09-29 11:05:14,214 [pool-42-thread-1] INFO  server.RaftServerConfigKeys (ConfUtils.java:logGet(43)) - raft.server.log.segment.cache.num.max = 2 (custom)
2019-09-29 11:05:14,214 [pool-102-thread-1] INFO  server.RaftServerConfigKeys (ConfUtils.java:logGet(43)) - raft.server.log.appender.buffer.byte-limit = 33554432 (custom)
2019-09-29 11:05:14,215 [pool-42-thread-1] INFO  segmented.SegmentedRaftLogWorker (SegmentedRaftLogWorker.java:<init>(172)) - new 3a54e60d-c0c8-4de7-a5b4-72c91b9f7f60@group-4B7ACF9C6D43-SegmentedRaftLogWorker for RaftStorage:Storage Directory /workdir/hadoop-ozone/integration-test/target/test-dir/MiniOzoneClusterImpl-1c785ca3-4d8a-4703-81e1-f58f984e2e1c/datanode-1/data/ratis/ffef0a3b-b9cf-45b0-b817-4b7acf9c6d43
2019-09-29 11:05:14,214 [pool-72-thread-1] INFO  server.RaftServerConfigKeys (ConfUtils.java:logGet(43)) - raft.server.log.appender.buffer.byte-limit = 33554432 (custom)
2019-09-29 11:05:14,215 [pool-42-thread-1] INFO  server.RaftServerConfigKeys (ConfUtils.java:logGet(43)) - raft.server.log.queue.byte-limit = 2147483647 (custom)
2019-09-29 11:05:14,215 [pool-102-thread-1] INFO  server.RaftServerConfigKeys (ConfUtils.java:logGet(43)) - raft.server.log.segment.size.max = 1048576 (custom)
2019-09-29 11:05:14,215 [pool-42-thread-1] INFO  server.RaftServerConfigKeys (ConfUtils.java:logGet(43)) - raft.server.log.queue.element-limit = 1024 (custom)
2019-09-29 11:05:14,215 [pool-72-thread-1] INFO  server.RaftServerConfigKeys (ConfUtils.java:logGet(43)) - raft.server.log.segment.size.max = 1048576 (custom)
2019-09-29 11:05:14,216 [pool-42-thread-1] INFO  server.RaftServerConfigKeys (ConfUtils.java:logGet(43)) - raft.server.log.segment.size.max = 1048576 (custom)
2019-09-29 11:05:14,215 [pool-102-thread-1] INFO  server.RaftServerConfigKeys (ConfUtils.java:logGet(43)) - raft.server.log.segment.cache.num.max = 2 (custom)
2019-09-29 11:05:14,216 [pool-42-thread-1] INFO  server.RaftServerConfigKeys (ConfUtils.java:logGet(43)) - raft.server.log.preallocated.size = 16384 (custom)
2019-09-29 11:05:14,216 [pool-72-thread-1] INFO  server.RaftServerConfigKeys (ConfUtils.java:logGet(43)) - raft.server.log.segment.cache.num.max = 2 (custom)
2019-09-29 11:05:14,216 [pool-42-thread-1] INFO  server.RaftServerConfigKeys (ConfUtils.java:logGet(43)) - raft.server.log.write.buffer.size = 33554432 (custom)
2019-09-29 11:05:14,216 [pool-102-thread-1] INFO  segmented.SegmentedRaftLogWorker (SegmentedRaftLogWorker.java:<init>(172)) - new 026581f2-b768-4705-ac6e-669da543cea3@group-4B7ACF9C6D43-SegmentedRaftLogWorker for RaftStorage:Storage Directory /workdir/hadoop-ozone/integration-test/target/test-dir/MiniOzoneClusterImpl-1c785ca3-4d8a-4703-81e1-f58f984e2e1c/datanode-7/data/ratis/ffef0a3b-b9cf-45b0-b817-4b7acf9c6d43
2019-09-29 11:05:14,217 [pool-42-thread-1] INFO  server.RaftServerConfigKeys (ConfUtils.java:logGet(43)) - raft.server.log.force.sync.num = 128 (default)
2019-09-29 11:05:14,217 [pool-42-thread-1] INFO  server.RaftServerConfigKeys (ConfUtils.java:logGet(43)) - raft.server.log.statemachine.data.sync = true (default)
2019-09-29 11:05:14,216 [pool-72-thread-1] INFO  segmented.SegmentedRaftLogWorker (SegmentedRaftLogWorker.java:<init>(172)) - new 870588b0-aa93-434f-8f13-603c5341fab3@group-4B7ACF9C6D43-SegmentedRaftLogWorker for RaftStorage:Storage Directory /workdir/hadoop-ozone/integration-test/target/test-dir/MiniOzoneClusterImpl-1c785ca3-4d8a-4703-81e1-f58f984e2e1c/datanode-4/data/ratis/ffef0a3b-b9cf-45b0-b817-4b7acf9c6d43
2019-09-29 11:05:14,217 [pool-42-thread-1] INFO  server.RaftServerConfigKeys (ConfUtils.java:logGet(43)) - raft.server.log.statemachine.data.sync.timeout = 10s (default)
2019-09-29 11:05:14,217 [pool-102-thread-1] INFO  server.RaftServerConfigKeys (ConfUtils.java:logGet(43)) - raft.server.log.queue.byte-limit = 2147483647 (custom)
2019-09-29 11:05:14,217 [pool-42-thread-1] INFO  server.RaftServerConfigKeys (ConfUtils.java:logGet(43)) - raft.server.log.statemachine.data.sync.timeout.retry = -1 (default)
2019-09-29 11:05:14,217 [pool-72-thread-1] INFO  server.RaftServerConfigKeys (ConfUtils.java:logGet(43)) - raft.server.log.queue.byte-limit = 2147483647 (custom)
2019-09-29 11:05:14,218 [pool-42-thread-1] INFO  server.RaftServerConfigKeys (ConfUtils.java:logGet(43)) - raft.server.log.statemachine.data.caching.enabled = true (custom)
2019-09-29 11:05:14,217 [pool-102-thread-1] INFO  server.RaftServerConfigKeys (ConfUtils.java:logGet(43)) - raft.server.log.queue.element-limit = 1024 (custom)
2019-09-29 11:05:14,218 [pool-72-thread-1] INFO  server.RaftServerConfigKeys (ConfUtils.java:logGet(43)) - raft.server.log.queue.element-limit = 1024 (custom)
2019-09-29 11:05:14,218 [pool-42-thread-1] INFO  segmented.SegmentedRaftLogWorker (SegmentedRaftLogWorker.java:lambda$new$0(132)) - 3a54e60d-c0c8-4de7-a5b4-72c91b9f7f60@group-4B7ACF9C6D43-SegmentedRaftLogWorker: flushIndex: setUnconditionally 0 -> -1
2019-09-29 11:05:14,218 [pool-102-thread-1] INFO  server.RaftServerConfigKeys (ConfUtils.java:logGet(43)) - raft.server.log.segment.size.max = 1048576 (custom)
2019-09-29 11:05:14,218 [pool-72-thread-1] INFO  server.RaftServerConfigKeys (ConfUtils.java:logGet(43)) - raft.server.log.segment.size.max = 1048576 (custom)
2019-09-29 11:05:14,219 [pool-42-thread-1] INFO  server.RaftServerConfigKeys (ConfUtils.java:logGet(43)) - raft.server.snapshot.auto.trigger.enabled = true (custom)
2019-09-29 11:05:14,219 [pool-102-thread-1] INFO  server.RaftServerConfigKeys (ConfUtils.java:logGet(43)) - raft.server.log.preallocated.size = 16384 (custom)
2019-09-29 11:05:14,219 [pool-42-thread-1] INFO  server.RaftServerConfigKeys (ConfUtils.java:logGet(43)) - raft.server.snapshot.auto.trigger.threshold = 10000 (custom)
2019-09-29 11:05:14,219 [pool-72-thread-1] INFO  server.RaftServerConfigKeys (ConfUtils.java:logGet(43)) - raft.server.log.preallocated.size = 16384 (custom)
2019-09-29 11:05:14,219 [pool-42-thread-1] INFO  server.RaftServerConfigKeys (ConfUtils.java:logGet(43)) - raft.server.snapshot.retention.num.files = 5 (custom)
2019-09-29 11:05:14,219 [pool-102-thread-1] INFO  server.RaftServerConfigKeys (ConfUtils.java:logGet(43)) - raft.server.log.write.buffer.size = 33554432 (custom)
2019-09-29 11:05:14,220 [pool-42-thread-1] INFO  server.RaftServerConfigKeys (ConfUtils.java:logGet(43)) - raft.server.retrycache.expirytime = 600000ms (custom)
2019-09-29 11:05:14,219 [pool-72-thread-1] INFO  server.RaftServerConfigKeys (ConfUtils.java:logGet(43)) - raft.server.log.write.buffer.size = 33554432 (custom)
2019-09-29 11:05:14,220 [pool-72-thread-1] INFO  server.RaftServerConfigKeys (ConfUtils.java:logGet(43)) - raft.server.log.force.sync.num = 128 (default)
2019-09-29 11:05:14,220 [pool-102-thread-1] INFO  server.RaftServerConfigKeys (ConfUtils.java:logGet(43)) - raft.server.log.force.sync.num = 128 (default)
2019-09-29 11:05:14,220 [pool-72-thread-1] INFO  server.RaftServerConfigKeys (ConfUtils.java:logGet(43)) - raft.server.log.statemachine.data.sync = true (default)
2019-09-29 11:05:14,220 [pool-102-thread-1] INFO  server.RaftServerConfigKeys (ConfUtils.java:logGet(43)) - raft.server.log.statemachine.data.sync = true (default)
2019-09-29 11:05:14,221 [pool-72-thread-1] INFO  server.RaftServerConfigKeys (ConfUtils.java:logGet(43)) - raft.server.log.statemachine.data.sync.timeout = 10s (default)
2019-09-29 11:05:14,221 [pool-102-thread-1] INFO  server.RaftServerConfigKeys (ConfUtils.java:logGet(43)) - raft.server.log.statemachine.data.sync.timeout = 10s (default)
2019-09-29 11:05:14,221 [pool-72-thread-1] INFO  server.RaftServerConfigKeys (ConfUtils.java:logGet(43)) - raft.server.log.statemachine.data.sync.timeout.retry = -1 (default)
2019-09-29 11:05:14,221 [pool-102-thread-1] INFO  server.RaftServerConfigKeys (ConfUtils.java:logGet(43)) - raft.server.log.statemachine.data.sync.timeout.retry = -1 (default)
2019-09-29 11:05:14,221 [pool-72-thread-1] INFO  server.RaftServerConfigKeys (ConfUtils.java:logGet(43)) - raft.server.log.statemachine.data.caching.enabled = true (custom)
2019-09-29 11:05:14,221 [pool-102-thread-1] INFO  server.RaftServerConfigKeys (ConfUtils.java:logGet(43)) - raft.server.log.statemachine.data.caching.enabled = true (custom)
2019-09-29 11:05:14,222 [pool-72-thread-1] INFO  segmented.SegmentedRaftLogWorker (SegmentedRaftLogWorker.java:lambda$new$0(132)) - 870588b0-aa93-434f-8f13-603c5341fab3@group-4B7ACF9C6D43-SegmentedRaftLogWorker: flushIndex: setUnconditionally 0 -> -1
2019-09-29 11:05:14,222 [pool-102-thread-1] INFO  segmented.SegmentedRaftLogWorker (SegmentedRaftLogWorker.java:lambda$new$0(132)) - 026581f2-b768-4705-ac6e-669da543cea3@group-4B7ACF9C6D43-SegmentedRaftLogWorker: flushIndex: setUnconditionally 0 -> -1
2019-09-29 11:05:14,222 [pool-72-thread-1] INFO  server.RaftServerConfigKeys (ConfUtils.java:logGet(43)) - raft.server.snapshot.auto.trigger.enabled = true (custom)
2019-09-29 11:05:14,222 [pool-102-thread-1] INFO  server.RaftServerConfigKeys (ConfUtils.java:logGet(43)) - raft.server.snapshot.auto.trigger.enabled = true (custom)
2019-09-29 11:05:14,222 [pool-72-thread-1] INFO  server.RaftServerConfigKeys (ConfUtils.java:logGet(43)) - raft.server.snapshot.auto.trigger.threshold = 10000 (custom)
2019-09-29 11:05:14,222 [pool-102-thread-1] INFO  server.RaftServerConfigKeys (ConfUtils.java:logGet(43)) - raft.server.snapshot.auto.trigger.threshold = 10000 (custom)
2019-09-29 11:05:14,223 [pool-72-thread-1] INFO  server.RaftServerConfigKeys (ConfUtils.java:logGet(43)) - raft.server.snapshot.retention.num.files = 5 (custom)
2019-09-29 11:05:14,223 [pool-102-thread-1] INFO  server.RaftServerConfigKeys (ConfUtils.java:logGet(43)) - raft.server.snapshot.retention.num.files = 5 (custom)
2019-09-29 11:05:14,223 [pool-72-thread-1] INFO  server.RaftServerConfigKeys (ConfUtils.java:logGet(43)) - raft.server.retrycache.expirytime = 600000ms (custom)
2019-09-29 11:05:14,223 [pool-42-thread-1] INFO  impl.RaftServerImpl (RaftServerImpl.java:start(185)) - 3a54e60d-c0c8-4de7-a5b4-72c91b9f7f60@group-4B7ACF9C6D43: start as a follower, conf=-1: [3a54e60d-c0c8-4de7-a5b4-72c91b9f7f60:192.168.30.19:44865, 026581f2-b768-4705-ac6e-669da543cea3:192.168.30.19:42448, 870588b0-aa93-434f-8f13-603c5341fab3:192.168.30.19:42508], old=null
2019-09-29 11:05:14,223 [pool-102-thread-1] INFO  server.RaftServerConfigKeys (ConfUtils.java:logGet(43)) - raft.server.retrycache.expirytime = 600000ms (custom)
2019-09-29 11:05:14,223 [pool-42-thread-1] INFO  impl.RaftServerImpl (RaftServerImpl.java:setRole(174)) - 3a54e60d-c0c8-4de7-a5b4-72c91b9f7f60@group-4B7ACF9C6D43: changes role from      null to FOLLOWER at term 0 for startAsFollower
2019-09-29 11:05:14,224 [pool-42-thread-1] INFO  impl.RoleInfo (RoleInfo.java:updateAndGet(143)) - 3a54e60d-c0c8-4de7-a5b4-72c91b9f7f60: start FollowerState
2019-09-29 11:05:14,224 [pool-42-thread-1] INFO  util.JmxRegister (JmxRegister.java:tryRegister(44)) - Successfully registered JMX Bean with object name Ratis:service=RaftServer,group=group-4B7ACF9C6D43,id=3a54e60d-c0c8-4de7-a5b4-72c91b9f7f60
2019-09-29 11:05:14,243 [pool-72-thread-1] INFO  impl.RaftServerImpl (RaftServerImpl.java:start(185)) - 870588b0-aa93-434f-8f13-603c5341fab3@group-4B7ACF9C6D43: start as a follower, conf=-1: [3a54e60d-c0c8-4de7-a5b4-72c91b9f7f60:192.168.30.19:44865, 026581f2-b768-4705-ac6e-669da543cea3:192.168.30.19:42448, 870588b0-aa93-434f-8f13-603c5341fab3:192.168.30.19:42508], old=null
2019-09-29 11:05:14,243 [pool-102-thread-1] INFO  impl.RaftServerImpl (RaftServerImpl.java:start(185)) - 026581f2-b768-4705-ac6e-669da543cea3@group-4B7ACF9C6D43: start as a follower, conf=-1: [3a54e60d-c0c8-4de7-a5b4-72c91b9f7f60:192.168.30.19:44865, 026581f2-b768-4705-ac6e-669da543cea3:192.168.30.19:42448, 870588b0-aa93-434f-8f13-603c5341fab3:192.168.30.19:42508], old=null
2019-09-29 11:05:14,244 [pool-72-thread-1] INFO  impl.RaftServerImpl (RaftServerImpl.java:setRole(174)) - 870588b0-aa93-434f-8f13-603c5341fab3@group-4B7ACF9C6D43: changes role from      null to FOLLOWER at term 0 for startAsFollower
2019-09-29 11:05:14,244 [pool-102-thread-1] INFO  impl.RaftServerImpl (RaftServerImpl.java:setRole(174)) - 026581f2-b768-4705-ac6e-669da543cea3@group-4B7ACF9C6D43: changes role from      null to FOLLOWER at term 0 for startAsFollower
2019-09-29 11:05:14,244 [pool-72-thread-1] INFO  impl.RoleInfo (RoleInfo.java:updateAndGet(143)) - 870588b0-aa93-434f-8f13-603c5341fab3: start FollowerState
2019-09-29 11:05:14,244 [pool-102-thread-1] INFO  impl.RoleInfo (RoleInfo.java:updateAndGet(143)) - 026581f2-b768-4705-ac6e-669da543cea3: start FollowerState
2019-09-29 11:05:14,244 [pool-72-thread-1] INFO  util.JmxRegister (JmxRegister.java:tryRegister(44)) - Successfully registered JMX Bean with object name Ratis:service=RaftServer,group=group-4B7ACF9C6D43,id=870588b0-aa93-434f-8f13-603c5341fab3
2019-09-29 11:05:14,244 [pool-102-thread-1] INFO  util.JmxRegister (JmxRegister.java:tryRegister(44)) - Successfully registered JMX Bean with object name Ratis:service=RaftServer,group=group-4B7ACF9C6D43,id=026581f2-b768-4705-ac6e-669da543cea3
2019-09-29 11:05:14,262 [RatisPipelineUtilsThread] INFO  pipeline.PipelineStateManager (PipelineStateManager.java:addPipeline(56)) - Created pipeline Pipeline[ Id: ffef0a3b-b9cf-45b0-b817-4b7acf9c6d43, Nodes: 870588b0-aa93-434f-8f13-603c5341fab3{ip: 192.168.30.19, host: pr-hdds-1569-lsfh5-224679870, networkLocation: /default-rack, certSerialId: null}3a54e60d-c0c8-4de7-a5b4-72c91b9f7f60{ip: 192.168.30.19, host: pr-hdds-1569-lsfh5-224679870, networkLocation: /default-rack, certSerialId: null}026581f2-b768-4705-ac6e-669da543cea3{ip: 192.168.30.19, host: pr-hdds-1569-lsfh5-224679870, networkLocation: /default-rack, certSerialId: null}, Type:RATIS, Factor:THREE, State:OPEN]
2019-09-29 11:05:14,305 [grpc-default-executor-0] INFO  impl.RaftServerProxy (RaftServerProxy.java:addNew(89)) - 3a54e60d-c0c8-4de7-a5b4-72c91b9f7f60: addNew group-4D24429A6050:[3a54e60d-c0c8-4de7-a5b4-72c91b9f7f60:192.168.30.19:44865, 026581f2-b768-4705-ac6e-669da543cea3:192.168.30.19:42448, 870588b0-aa93-434f-8f13-603c5341fab3:192.168.30.19:42508] returns group-4D24429A6050:java.util.concurrent.CompletableFuture@359a14f6[Not completed]
2019-09-29 11:05:14,305 [grpc-default-executor-2] INFO  impl.RaftServerProxy (RaftServerProxy.java:addNew(89)) - 026581f2-b768-4705-ac6e-669da543cea3: addNew group-4D24429A6050:[3a54e60d-c0c8-4de7-a5b4-72c91b9f7f60:192.168.30.19:44865, 026581f2-b768-4705-ac6e-669da543cea3:192.168.30.19:42448, 870588b0-aa93-434f-8f13-603c5341fab3:192.168.30.19:42508] returns group-4D24429A6050:java.util.concurrent.CompletableFuture@21076067[Not completed]
2019-09-29 11:05:14,308 [grpc-default-executor-1] INFO  impl.RaftServerProxy (RaftServerProxy.java:addNew(89)) - 870588b0-aa93-434f-8f13-603c5341fab3: addNew group-4D24429A6050:[3a54e60d-c0c8-4de7-a5b4-72c91b9f7f60:192.168.30.19:44865, 026581f2-b768-4705-ac6e-669da543cea3:192.168.30.19:42448, 870588b0-aa93-434f-8f13-603c5341fab3:192.168.30.19:42508] returns group-4D24429A6050:java.util.concurrent.CompletableFuture@61b4259e[Not completed]
2019-09-29 11:05:14,309 [pool-42-thread-1] INFO  impl.RaftServerImpl (RaftServerImpl.java:<init>(95)) - 3a54e60d-c0c8-4de7-a5b4-72c91b9f7f60: new RaftServerImpl for group-4D24429A6050:[3a54e60d-c0c8-4de7-a5b4-72c91b9f7f60:192.168.30.19:44865, 026581f2-b768-4705-ac6e-669da543cea3:192.168.30.19:42448, 870588b0-aa93-434f-8f13-603c5341fab3:192.168.30.19:42508] with ContainerStateMachine:uninitialized
2019-09-29 11:05:14,309 [pool-42-thread-1] INFO  server.RaftServerConfigKeys (ConfUtils.java:logGet(43)) - raft.server.rpc.timeout.min = 5s (custom)
2019-09-29 11:05:14,310 [pool-42-thread-1] INFO  server.RaftServerConfigKeys (ConfUtils.java:logGet(43)) - raft.server.rpc.timeout.max = 5200ms (custom)
2019-09-29 11:05:14,310 [pool-42-thread-1] INFO  server.RaftServerConfigKeys (ConfUtils.java:logGet(43)) - raft.server.rpcslowness.timeout = 120s (custom)
2019-09-29 11:05:14,310 [pool-42-thread-1] INFO  server.RaftServerConfigKeys (ConfUtils.java:logGet(43)) - raft.server.sleep.deviation.threshold = 300 (default)
2019-09-29 11:05:14,310 [pool-42-thread-1] INFO  server.RaftServerConfigKeys (ConfUtils.java:logGet(43)) - raft.server.log.appender.install.snapshot.enabled = false (custom)
2019-09-29 11:05:14,310 [pool-72-thread-1] INFO  impl.RaftServerImpl (RaftServerImpl.java:<init>(95)) - 870588b0-aa93-434f-8f13-603c5341fab3: new RaftServerImpl for group-4D24429A6050:[3a54e60d-c0c8-4de7-a5b4-72c91b9f7f60:192.168.30.19:44865, 026581f2-b768-4705-ac6e-669da543cea3:192.168.30.19:42448, 870588b0-aa93-434f-8f13-603c5341fab3:192.168.30.19:42508] with ContainerStateMachine:uninitialized
2019-09-29 11:05:14,310 [pool-42-thread-1] INFO  impl.RaftServerImpl (ServerState.java:<init>(103)) - 3a54e60d-c0c8-4de7-a5b4-72c91b9f7f60@group-4D24429A6050: ConfigurationManager, init=-1: [3a54e60d-c0c8-4de7-a5b4-72c91b9f7f60:192.168.30.19:44865, 026581f2-b768-4705-ac6e-669da543cea3:192.168.30.19:42448, 870588b0-aa93-434f-8f13-603c5341fab3:192.168.30.19:42508], old=null, confs=<EMPTY_MAP>
2019-09-29 11:05:14,311 [pool-72-thread-1] INFO  server.RaftServerConfigKeys (ConfUtils.java:logGet(43)) - raft.server.rpc.timeout.min = 5s (custom)
2019-09-29 11:05:14,311 [pool-42-thread-1] INFO  server.RaftServerConfigKeys (ConfUtils.java:logGet(43)) - raft.server.storage.dir = [/workdir/hadoop-ozone/integration-test/target/test-dir/MiniOzoneClusterImpl-1c785ca3-4d8a-4703-81e1-f58f984e2e1c/datanode-1/data/ratis] (custom)
2019-09-29 11:05:14,311 [pool-72-thread-1] INFO  server.RaftServerConfigKeys (ConfUtils.java:logGet(43)) - raft.server.rpc.timeout.max = 5200ms (custom)
2019-09-29 11:05:14,311 [pool-72-thread-1] INFO  server.RaftServerConfigKeys (ConfUtils.java:logGet(43)) - raft.server.rpcslowness.timeout = 120s (custom)
2019-09-29 11:05:14,311 [pool-102-thread-1] INFO  impl.RaftServerImpl (RaftServerImpl.java:<init>(95)) - 026581f2-b768-4705-ac6e-669da543cea3: new RaftServerImpl for group-4D24429A6050:[3a54e60d-c0c8-4de7-a5b4-72c91b9f7f60:192.168.30.19:44865, 026581f2-b768-4705-ac6e-669da543cea3:192.168.30.19:42448, 870588b0-aa93-434f-8f13-603c5341fab3:192.168.30.19:42508] with ContainerStateMachine:uninitialized
2019-09-29 11:05:14,311 [pool-72-thread-1] INFO  server.RaftServerConfigKeys (ConfUtils.java:logGet(43)) - raft.server.sleep.deviation.threshold = 300 (default)
2019-09-29 11:05:14,311 [pool-42-thread-1] INFO  storage.RaftStorageDirectory (RaftStorageDirectory.java:analyzeStorage(246)) - The storage directory /workdir/hadoop-ozone/integration-test/target/test-dir/MiniOzoneClusterImpl-1c785ca3-4d8a-4703-81e1-f58f984e2e1c/datanode-1/data/ratis/9809a6a6-a324-4cf0-b64f-4d24429a6050 does not exist. Creating ...
2019-09-29 11:05:14,312 [pool-72-thread-1] INFO  server.RaftServerConfigKeys (ConfUtils.java:logGet(43)) - raft.server.log.appender.install.snapshot.enabled = false (custom)
2019-09-29 11:05:14,311 [pool-102-thread-1] INFO  server.RaftServerConfigKeys (ConfUtils.java:logGet(43)) - raft.server.rpc.timeout.min = 5s (custom)
2019-09-29 11:05:14,311 [qtp1183888521-18] INFO  kms-audit (SimpleKMSAuditLogger.java:logAuditSimpleFormat(93)) - OK[op=CREATE_KEY, key=key1, user=jenkins1000] UserProvidedMaterial:false Description:key1
2019-09-29 11:05:14,312 [pool-102-thread-1] INFO  server.RaftServerConfigKeys (ConfUtils.java:logGet(43)) - raft.server.rpc.timeout.max = 5200ms (custom)
2019-09-29 11:05:14,312 [pool-72-thread-1] INFO  impl.RaftServerImpl (ServerState.java:<init>(103)) - 870588b0-aa93-434f-8f13-603c5341fab3@group-4D24429A6050: ConfigurationManager, init=-1: [3a54e60d-c0c8-4de7-a5b4-72c91b9f7f60:192.168.30.19:44865, 026581f2-b768-4705-ac6e-669da543cea3:192.168.30.19:42448, 870588b0-aa93-434f-8f13-603c5341fab3:192.168.30.19:42508], old=null, confs=<EMPTY_MAP>
2019-09-29 11:05:14,312 [pool-102-thread-1] INFO  server.RaftServerConfigKeys (ConfUtils.java:logGet(43)) - raft.server.rpcslowness.timeout = 120s (custom)
2019-09-29 11:05:14,313 [pool-72-thread-1] INFO  server.RaftServerConfigKeys (ConfUtils.java:logGet(43)) - raft.server.storage.dir = [/workdir/hadoop-ozone/integration-test/target/test-dir/MiniOzoneClusterImpl-1c785ca3-4d8a-4703-81e1-f58f984e2e1c/datanode-4/data/ratis] (custom)
2019-09-29 11:05:14,313 [pool-102-thread-1] INFO  server.RaftServerConfigKeys (ConfUtils.java:logGet(43)) - raft.server.sleep.deviation.threshold = 300 (default)
2019-09-29 11:05:14,313 [pool-102-thread-1] INFO  server.RaftServerConfigKeys (ConfUtils.java:logGet(43)) - raft.server.log.appender.install.snapshot.enabled = false (custom)
2019-09-29 11:05:14,313 [pool-72-thread-1] INFO  storage.RaftStorageDirectory (RaftStorageDirectory.java:analyzeStorage(246)) - The storage directory /workdir/hadoop-ozone/integration-test/target/test-dir/MiniOzoneClusterImpl-1c785ca3-4d8a-4703-81e1-f58f984e2e1c/datanode-4/data/ratis/9809a6a6-a324-4cf0-b64f-4d24429a6050 does not exist. Creating ...
2019-09-29 11:05:14,313 [pool-102-thread-1] INFO  impl.RaftServerImpl (ServerState.java:<init>(103)) - 026581f2-b768-4705-ac6e-669da543cea3@group-4D24429A6050: ConfigurationManager, init=-1: [3a54e60d-c0c8-4de7-a5b4-72c91b9f7f60:192.168.30.19:44865, 026581f2-b768-4705-ac6e-669da543cea3:192.168.30.19:42448, 870588b0-aa93-434f-8f13-603c5341fab3:192.168.30.19:42508], old=null, confs=<EMPTY_MAP>
2019-09-29 11:05:14,313 [pool-102-thread-1] INFO  server.RaftServerConfigKeys (ConfUtils.java:logGet(43)) - raft.server.storage.dir = [/workdir/hadoop-ozone/integration-test/target/test-dir/MiniOzoneClusterImpl-1c785ca3-4d8a-4703-81e1-f58f984e2e1c/datanode-7/data/ratis] (custom)
2019-09-29 11:05:14,314 [pool-102-thread-1] INFO  storage.RaftStorageDirectory (RaftStorageDirectory.java:analyzeStorage(246)) - The storage directory /workdir/hadoop-ozone/integration-test/target/test-dir/MiniOzoneClusterImpl-1c785ca3-4d8a-4703-81e1-f58f984e2e1c/datanode-7/data/ratis/9809a6a6-a324-4cf0-b64f-4d24429a6050 does not exist. Creating ...
2019-09-29 11:05:14,337 [pool-72-thread-1] INFO  storage.RaftStorageDirectory (RaftStorageDirectory.java:tryLock(328)) - Lock on /workdir/hadoop-ozone/integration-test/target/test-dir/MiniOzoneClusterImpl-1c785ca3-4d8a-4703-81e1-f58f984e2e1c/datanode-4/data/ratis/9809a6a6-a324-4cf0-b64f-4d24429a6050/in_use.lock acquired by nodename 32469@pr-hdds-1569-lsfh5-224679870
2019-09-29 11:05:14,337 [pool-42-thread-1] INFO  storage.RaftStorageDirectory (RaftStorageDirectory.java:tryLock(328)) - Lock on /workdir/hadoop-ozone/integration-test/target/test-dir/MiniOzoneClusterImpl-1c785ca3-4d8a-4703-81e1-f58f984e2e1c/datanode-1/data/ratis/9809a6a6-a324-4cf0-b64f-4d24429a6050/in_use.lock acquired by nodename 32469@pr-hdds-1569-lsfh5-224679870
2019-09-29 11:05:14,337 [pool-102-thread-1] INFO  storage.RaftStorageDirectory (RaftStorageDirectory.java:tryLock(328)) - Lock on /workdir/hadoop-ozone/integration-test/target/test-dir/MiniOzoneClusterImpl-1c785ca3-4d8a-4703-81e1-f58f984e2e1c/datanode-7/data/ratis/9809a6a6-a324-4cf0-b64f-4d24429a6050/in_use.lock acquired by nodename 32469@pr-hdds-1569-lsfh5-224679870
2019-09-29 11:05:14,363 [main] INFO  rpc.RpcClient (RpcClient.java:createVolume(276)) - Creating Volume: 7ad1773c-fa4e-4819-9b2f-2679c6c06df3, with jenkins1000 as owner.
2019-09-29 11:05:14,363 [pool-72-thread-1] INFO  storage.RaftStorage (RaftStorage.java:format(72)) - Storage directory /workdir/hadoop-ozone/integration-test/target/test-dir/MiniOzoneClusterImpl-1c785ca3-4d8a-4703-81e1-f58f984e2e1c/datanode-4/data/ratis/9809a6a6-a324-4cf0-b64f-4d24429a6050 has been successfully formatted.
2019-09-29 11:05:14,363 [pool-42-thread-1] INFO  storage.RaftStorage (RaftStorage.java:format(72)) - Storage directory /workdir/hadoop-ozone/integration-test/target/test-dir/MiniOzoneClusterImpl-1c785ca3-4d8a-4703-81e1-f58f984e2e1c/datanode-1/data/ratis/9809a6a6-a324-4cf0-b64f-4d24429a6050 has been successfully formatted.
2019-09-29 11:05:14,363 [pool-102-thread-1] INFO  storage.RaftStorage (RaftStorage.java:format(72)) - Storage directory /workdir/hadoop-ozone/integration-test/target/test-dir/MiniOzoneClusterImpl-1c785ca3-4d8a-4703-81e1-f58f984e2e1c/datanode-7/data/ratis/9809a6a6-a324-4cf0-b64f-4d24429a6050 has been successfully formatted.
2019-09-29 11:05:14,363 [pool-42-thread-1] INFO  ratis.ContainerStateMachine (ContainerStateMachine.java:loadSnapshot(230)) - group-4D24429A6050: The snapshot info is null. Setting the last applied indexto:(t:0, i:~)
2019-09-29 11:05:14,363 [pool-72-thread-1] INFO  ratis.ContainerStateMachine (ContainerStateMachine.java:loadSnapshot(230)) - group-4D24429A6050: The snapshot info is null. Setting the last applied indexto:(t:0, i:~)
2019-09-29 11:05:14,364 [pool-42-thread-1] INFO  server.RaftServerConfigKeys (ConfUtils.java:logGet(43)) - raft.server.notification.no-leader.timeout = 120s (custom)
2019-09-29 11:05:14,364 [pool-102-thread-1] INFO  ratis.ContainerStateMachine (ContainerStateMachine.java:loadSnapshot(230)) - group-4D24429A6050: The snapshot info is null. Setting the last applied indexto:(t:0, i:~)
2019-09-29 11:05:14,364 [pool-42-thread-1] INFO  server.RaftServerConfigKeys (ConfUtils.java:logGet(43)) - raft.server.log.use.memory = false (default)
2019-09-29 11:05:14,364 [pool-72-thread-1] INFO  server.RaftServerConfigKeys (ConfUtils.java:logGet(43)) - raft.server.notification.no-leader.timeout = 120s (custom)
2019-09-29 11:05:14,364 [pool-42-thread-1] INFO  server.RaftServerConfigKeys (ConfUtils.java:logGet(43)) - raft.server.log.purge.gap = 1000000 (custom)
2019-09-29 11:05:14,364 [pool-102-thread-1] INFO  server.RaftServerConfigKeys (ConfUtils.java:logGet(43)) - raft.server.notification.no-leader.timeout = 120s (custom)
2019-09-29 11:05:14,365 [pool-42-thread-1] INFO  server.RaftServerConfigKeys (ConfUtils.java:logGet(43)) - raft.server.log.appender.buffer.byte-limit = 33554432 (custom)
2019-09-29 11:05:14,364 [pool-72-thread-1] INFO  server.RaftServerConfigKeys (ConfUtils.java:logGet(43)) - raft.server.log.use.memory = false (default)
2019-09-29 11:05:14,365 [pool-42-thread-1] INFO  server.RaftServerConfigKeys (ConfUtils.java:logGet(43)) - raft.server.log.segment.size.max = 1048576 (custom)
2019-09-29 11:05:14,365 [pool-102-thread-1] INFO  server.RaftServerConfigKeys (ConfUtils.java:logGet(43)) - raft.server.log.use.memory = false (default)
2019-09-29 11:05:14,365 [pool-42-thread-1] INFO  server.RaftServerConfigKeys (ConfUtils.java:logGet(43)) - raft.server.log.segment.cache.num.max = 2 (custom)
2019-09-29 11:05:14,365 [pool-72-thread-1] INFO  server.RaftServerConfigKeys (ConfUtils.java:logGet(43)) - raft.server.log.purge.gap = 1000000 (custom)
2019-09-29 11:05:14,366 [pool-42-thread-1] INFO  segmented.SegmentedRaftLogWorker (SegmentedRaftLogWorker.java:<init>(172)) - new 3a54e60d-c0c8-4de7-a5b4-72c91b9f7f60@group-4D24429A6050-SegmentedRaftLogWorker for RaftStorage:Storage Directory /workdir/hadoop-ozone/integration-test/target/test-dir/MiniOzoneClusterImpl-1c785ca3-4d8a-4703-81e1-f58f984e2e1c/datanode-1/data/ratis/9809a6a6-a324-4cf0-b64f-4d24429a6050
2019-09-29 11:05:14,365 [pool-102-thread-1] INFO  server.RaftServerConfigKeys (ConfUtils.java:logGet(43)) - raft.server.log.purge.gap = 1000000 (custom)
2019-09-29 11:05:14,366 [pool-42-thread-1] INFO  server.RaftServerConfigKeys (ConfUtils.java:logGet(43)) - raft.server.log.queue.byte-limit = 2147483647 (custom)
2019-09-29 11:05:14,366 [pool-72-thread-1] INFO  server.RaftServerConfigKeys (ConfUtils.java:logGet(43)) - raft.server.log.appender.buffer.byte-limit = 33554432 (custom)
2019-09-29 11:05:14,366 [pool-42-thread-1] INFO  server.RaftServerConfigKeys (ConfUtils.java:logGet(43)) - raft.server.log.queue.element-limit = 1024 (custom)
2019-09-29 11:05:14,366 [pool-102-thread-1] INFO  server.RaftServerConfigKeys (ConfUtils.java:logGet(43)) - raft.server.log.appender.buffer.byte-limit = 33554432 (custom)
2019-09-29 11:05:14,366 [pool-42-thread-1] INFO  server.RaftServerConfigKeys (ConfUtils.java:logGet(43)) - raft.server.log.segment.size.max = 1048576 (custom)
2019-09-29 11:05:14,366 [pool-72-thread-1] INFO  server.RaftServerConfigKeys (ConfUtils.java:logGet(43)) - raft.server.log.segment.size.max = 1048576 (custom)
2019-09-29 11:05:14,367 [pool-42-thread-1] INFO  server.RaftServerConfigKeys (ConfUtils.java:logGet(43)) - raft.server.log.preallocated.size = 16384 (custom)
2019-09-29 11:05:14,367 [pool-102-thread-1] INFO  server.RaftServerConfigKeys (ConfUtils.java:logGet(43)) - raft.server.log.segment.size.max = 1048576 (custom)
2019-09-29 11:05:14,367 [pool-42-thread-1] INFO  server.RaftServerConfigKeys (ConfUtils.java:logGet(43)) - raft.server.log.write.buffer.size = 33554432 (custom)
2019-09-29 11:05:14,367 [pool-72-thread-1] INFO  server.RaftServerConfigKeys (ConfUtils.java:logGet(43)) - raft.server.log.segment.cache.num.max = 2 (custom)
2019-09-29 11:05:14,367 [pool-42-thread-1] INFO  server.RaftServerConfigKeys (ConfUtils.java:logGet(43)) - raft.server.log.force.sync.num = 128 (default)
2019-09-29 11:05:14,367 [pool-102-thread-1] INFO  server.RaftServerConfigKeys (ConfUtils.java:logGet(43)) - raft.server.log.segment.cache.num.max = 2 (custom)
2019-09-29 11:05:14,368 [pool-42-thread-1] INFO  server.RaftServerConfigKeys (ConfUtils.java:logGet(43)) - raft.server.log.statemachine.data.sync = true (default)
2019-09-29 11:05:14,367 [pool-72-thread-1] INFO  segmented.SegmentedRaftLogWorker (SegmentedRaftLogWorker.java:<init>(172)) - new 870588b0-aa93-434f-8f13-603c5341fab3@group-4D24429A6050-SegmentedRaftLogWorker for RaftStorage:Storage Directory /workdir/hadoop-ozone/integration-test/target/test-dir/MiniOzoneClusterImpl-1c785ca3-4d8a-4703-81e1-f58f984e2e1c/datanode-4/data/ratis/9809a6a6-a324-4cf0-b64f-4d24429a6050
2019-09-29 11:05:14,368 [pool-42-thread-1] INFO  server.RaftServerConfigKeys (ConfUtils.java:logGet(43)) - raft.server.log.statemachine.data.sync.timeout = 10s (default)
2019-09-29 11:05:14,368 [pool-102-thread-1] INFO  segmented.SegmentedRaftLogWorker (SegmentedRaftLogWorker.java:<init>(172)) - new 026581f2-b768-4705-ac6e-669da543cea3@group-4D24429A6050-SegmentedRaftLogWorker for RaftStorage:Storage Directory /workdir/hadoop-ozone/integration-test/target/test-dir/MiniOzoneClusterImpl-1c785ca3-4d8a-4703-81e1-f58f984e2e1c/datanode-7/data/ratis/9809a6a6-a324-4cf0-b64f-4d24429a6050
2019-09-29 11:05:14,368 [pool-42-thread-1] INFO  server.RaftServerConfigKeys (ConfUtils.java:logGet(43)) - raft.server.log.statemachine.data.sync.timeout.retry = -1 (default)
2019-09-29 11:05:14,368 [pool-72-thread-1] INFO  server.RaftServerConfigKeys (ConfUtils.java:logGet(43)) - raft.server.log.queue.byte-limit = 2147483647 (custom)
2019-09-29 11:05:14,369 [pool-42-thread-1] INFO  server.RaftServerConfigKeys (ConfUtils.java:logGet(43)) - raft.server.log.statemachine.data.caching.enabled = true (custom)
2019-09-29 11:05:14,368 [pool-102-thread-1] INFO  server.RaftServerConfigKeys (ConfUtils.java:logGet(43)) - raft.server.log.queue.byte-limit = 2147483647 (custom)
2019-09-29 11:05:14,369 [pool-72-thread-1] INFO  server.RaftServerConfigKeys (ConfUtils.java:logGet(43)) - raft.server.log.queue.element-limit = 1024 (custom)
2019-09-29 11:05:14,369 [pool-42-thread-1] INFO  segmented.SegmentedRaftLogWorker (SegmentedRaftLogWorker.java:lambda$new$0(132)) - 3a54e60d-c0c8-4de7-a5b4-72c91b9f7f60@group-4D24429A6050-SegmentedRaftLogWorker: flushIndex: setUnconditionally 0 -> -1
2019-09-29 11:05:14,369 [pool-102-thread-1] INFO  server.RaftServerConfigKeys (ConfUtils.java:logGet(43)) - raft.server.log.queue.element-limit = 1024 (custom)
2019-09-29 11:05:14,369 [pool-72-thread-1] INFO  server.RaftServerConfigKeys (ConfUtils.java:logGet(43)) - raft.server.log.segment.size.max = 1048576 (custom)
2019-09-29 11:05:14,370 [pool-102-thread-1] INFO  server.RaftServerConfigKeys (ConfUtils.java:logGet(43)) - raft.server.log.segment.size.max = 1048576 (custom)
2019-09-29 11:05:14,370 [pool-42-thread-1] INFO  server.RaftServerConfigKeys (ConfUtils.java:logGet(43)) - raft.server.snapshot.auto.trigger.enabled = true (custom)
2019-09-29 11:05:14,370 [pool-102-thread-1] INFO  server.RaftServerConfigKeys (ConfUtils.java:logGet(43)) - raft.server.log.preallocated.size = 16384 (custom)
2019-09-29 11:05:14,370 [pool-72-thread-1] INFO  server.RaftServerConfigKeys (ConfUtils.java:logGet(43)) - raft.server.log.preallocated.size = 16384 (custom)
2019-09-29 11:05:14,370 [pool-102-thread-1] INFO  server.RaftServerConfigKeys (ConfUtils.java:logGet(43)) - raft.server.log.write.buffer.size = 33554432 (custom)
2019-09-29 11:05:14,370 [pool-42-thread-1] INFO  server.RaftServerConfigKeys (ConfUtils.java:logGet(43)) - raft.server.snapshot.auto.trigger.threshold = 10000 (custom)
2019-09-29 11:05:14,371 [pool-102-thread-1] INFO  server.RaftServerConfigKeys (ConfUtils.java:logGet(43)) - raft.server.log.force.sync.num = 128 (default)
2019-09-29 11:05:14,371 [pool-72-thread-1] INFO  server.RaftServerConfigKeys (ConfUtils.java:logGet(43)) - raft.server.log.write.buffer.size = 33554432 (custom)
2019-09-29 11:05:14,371 [pool-102-thread-1] INFO  server.RaftServerConfigKeys (ConfUtils.java:logGet(43)) - raft.server.log.statemachine.data.sync = true (default)
2019-09-29 11:05:14,371 [pool-42-thread-1] INFO  server.RaftServerConfigKeys (ConfUtils.java:logGet(43)) - raft.server.snapshot.retention.num.files = 5 (custom)
2019-09-29 11:05:14,371 [pool-102-thread-1] INFO  server.RaftServerConfigKeys (ConfUtils.java:logGet(43)) - raft.server.log.statemachine.data.sync.timeout = 10s (default)
2019-09-29 11:05:14,371 [pool-72-thread-1] INFO  server.RaftServerConfigKeys (ConfUtils.java:logGet(43)) - raft.server.log.force.sync.num = 128 (default)
2019-09-29 11:05:14,372 [pool-102-thread-1] INFO  server.RaftServerConfigKeys (ConfUtils.java:logGet(43)) - raft.server.log.statemachine.data.sync.timeout.retry = -1 (default)
2019-09-29 11:05:14,371 [pool-42-thread-1] INFO  server.RaftServerConfigKeys (ConfUtils.java:logGet(43)) - raft.server.retrycache.expirytime = 600000ms (custom)
2019-09-29 11:05:14,372 [pool-102-thread-1] INFO  server.RaftServerConfigKeys (ConfUtils.java:logGet(43)) - raft.server.log.statemachine.data.caching.enabled = true (custom)
2019-09-29 11:05:14,372 [pool-72-thread-1] INFO  server.RaftServerConfigKeys (ConfUtils.java:logGet(43)) - raft.server.log.statemachine.data.sync = true (default)
2019-09-29 11:05:14,372 [pool-72-thread-1] INFO  server.RaftServerConfigKeys (ConfUtils.java:logGet(43)) - raft.server.log.statemachine.data.sync.timeout = 10s (default)
2019-09-29 11:05:14,372 [pool-102-thread-1] INFO  segmented.SegmentedRaftLogWorker (SegmentedRaftLogWorker.java:lambda$new$0(132)) - 026581f2-b768-4705-ac6e-669da543cea3@group-4D24429A6050-SegmentedRaftLogWorker: flushIndex: setUnconditionally 0 -> -1
2019-09-29 11:05:14,372 [pool-72-thread-1] INFO  server.RaftServerConfigKeys (ConfUtils.java:logGet(43)) - raft.server.log.statemachine.data.sync.timeout.retry = -1 (default)
2019-09-29 11:05:14,373 [pool-72-thread-1] INFO  server.RaftServerConfigKeys (ConfUtils.java:logGet(43)) - raft.server.log.statemachine.data.caching.enabled = true (custom)
2019-09-29 11:05:14,373 [pool-102-thread-1] INFO  server.RaftServerConfigKeys (ConfUtils.java:logGet(43)) - raft.server.snapshot.auto.trigger.enabled = true (custom)
2019-09-29 11:05:14,373 [pool-72-thread-1] INFO  segmented.SegmentedRaftLogWorker (SegmentedRaftLogWorker.java:lambda$new$0(132)) - 870588b0-aa93-434f-8f13-603c5341fab3@group-4D24429A6050-SegmentedRaftLogWorker: flushIndex: setUnconditionally 0 -> -1
2019-09-29 11:05:14,373 [pool-102-thread-1] INFO  server.RaftServerConfigKeys (ConfUtils.java:logGet(43)) - raft.server.snapshot.auto.trigger.threshold = 10000 (custom)
2019-09-29 11:05:14,373 [pool-72-thread-1] INFO  server.RaftServerConfigKeys (ConfUtils.java:logGet(43)) - raft.server.snapshot.auto.trigger.enabled = true (custom)
2019-09-29 11:05:14,373 [pool-102-thread-1] INFO  server.RaftServerConfigKeys (ConfUtils.java:logGet(43)) - raft.server.snapshot.retention.num.files = 5 (custom)
2019-09-29 11:05:14,373 [pool-72-thread-1] INFO  server.RaftServerConfigKeys (ConfUtils.java:logGet(43)) - raft.server.snapshot.auto.trigger.threshold = 10000 (custom)
2019-09-29 11:05:14,373 [pool-72-thread-1] INFO  server.RaftServerConfigKeys (ConfUtils.java:logGet(43)) - raft.server.snapshot.retention.num.files = 5 (custom)
2019-09-29 11:05:14,373 [pool-102-thread-1] INFO  server.RaftServerConfigKeys (ConfUtils.java:logGet(43)) - raft.server.retrycache.expirytime = 600000ms (custom)
2019-09-29 11:05:14,374 [pool-72-thread-1] INFO  server.RaftServerConfigKeys (ConfUtils.java:logGet(43)) - raft.server.retrycache.expirytime = 600000ms (custom)
2019-09-29 11:05:14,374 [pool-42-thread-1] INFO  impl.RaftServerImpl (RaftServerImpl.java:start(185)) - 3a54e60d-c0c8-4de7-a5b4-72c91b9f7f60@group-4D24429A6050: start as a follower, conf=-1: [3a54e60d-c0c8-4de7-a5b4-72c91b9f7f60:192.168.30.19:44865, 026581f2-b768-4705-ac6e-669da543cea3:192.168.30.19:42448, 870588b0-aa93-434f-8f13-603c5341fab3:192.168.30.19:42508], old=null
2019-09-29 11:05:14,374 [pool-42-thread-1] INFO  impl.RaftServerImpl (RaftServerImpl.java:setRole(174)) - 3a54e60d-c0c8-4de7-a5b4-72c91b9f7f60@group-4D24429A6050: changes role from      null to FOLLOWER at term 0 for startAsFollower
2019-09-29 11:05:14,375 [pool-42-thread-1] INFO  impl.RoleInfo (RoleInfo.java:updateAndGet(143)) - 3a54e60d-c0c8-4de7-a5b4-72c91b9f7f60: start FollowerState
2019-09-29 11:05:14,375 [pool-42-thread-1] INFO  util.JmxRegister (JmxRegister.java:tryRegister(44)) - Successfully registered JMX Bean with object name Ratis:service=RaftServer,group=group-4D24429A6050,id=3a54e60d-c0c8-4de7-a5b4-72c91b9f7f60
2019-09-29 11:05:14,377 [pool-72-thread-1] INFO  impl.RaftServerImpl (RaftServerImpl.java:start(185)) - 870588b0-aa93-434f-8f13-603c5341fab3@group-4D24429A6050: start as a follower, conf=-1: [3a54e60d-c0c8-4de7-a5b4-72c91b9f7f60:192.168.30.19:44865, 026581f2-b768-4705-ac6e-669da543cea3:192.168.30.19:42448, 870588b0-aa93-434f-8f13-603c5341fab3:192.168.30.19:42508], old=null
2019-09-29 11:05:14,377 [pool-102-thread-1] INFO  impl.RaftServerImpl (RaftServerImpl.java:start(185)) - 026581f2-b768-4705-ac6e-669da543cea3@group-4D24429A6050: start as a follower, conf=-1: [3a54e60d-c0c8-4de7-a5b4-72c91b9f7f60:192.168.30.19:44865, 026581f2-b768-4705-ac6e-669da543cea3:192.168.30.19:42448, 870588b0-aa93-434f-8f13-603c5341fab3:192.168.30.19:42508], old=null
2019-09-29 11:05:14,377 [pool-72-thread-1] INFO  impl.RaftServerImpl (RaftServerImpl.java:setRole(174)) - 870588b0-aa93-434f-8f13-603c5341fab3@group-4D24429A6050: changes role from      null to FOLLOWER at term 0 for startAsFollower
2019-09-29 11:05:14,377 [pool-102-thread-1] INFO  impl.RaftServerImpl (RaftServerImpl.java:setRole(174)) - 026581f2-b768-4705-ac6e-669da543cea3@group-4D24429A6050: changes role from      null to FOLLOWER at term 0 for startAsFollower
2019-09-29 11:05:14,377 [pool-72-thread-1] INFO  impl.RoleInfo (RoleInfo.java:updateAndGet(143)) - 870588b0-aa93-434f-8f13-603c5341fab3: start FollowerState
2019-09-29 11:05:14,380 [pool-102-thread-1] INFO  impl.RoleInfo (RoleInfo.java:updateAndGet(143)) - 026581f2-b768-4705-ac6e-669da543cea3: start FollowerState
2019-09-29 11:05:14,380 [pool-72-thread-1] INFO  util.JmxRegister (JmxRegister.java:tryRegister(44)) - Successfully registered JMX Bean with object name Ratis:service=RaftServer,group=group-4D24429A6050,id=870588b0-aa93-434f-8f13-603c5341fab3
2019-09-29 11:05:14,381 [pool-102-thread-1] INFO  util.JmxRegister (JmxRegister.java:tryRegister(44)) - Successfully registered JMX Bean with object name Ratis:service=RaftServer,group=group-4D24429A6050,id=026581f2-b768-4705-ac6e-669da543cea3
2019-09-29 11:05:14,395 [RatisPipelineUtilsThread] INFO  pipeline.PipelineStateManager (PipelineStateManager.java:addPipeline(56)) - Created pipeline Pipeline[ Id: 9809a6a6-a324-4cf0-b64f-4d24429a6050, Nodes: 3a54e60d-c0c8-4de7-a5b4-72c91b9f7f60{ip: 192.168.30.19, host: pr-hdds-1569-lsfh5-224679870, networkLocation: /default-rack, certSerialId: null}026581f2-b768-4705-ac6e-669da543cea3{ip: 192.168.30.19, host: pr-hdds-1569-lsfh5-224679870, networkLocation: /default-rack, certSerialId: null}870588b0-aa93-434f-8f13-603c5341fab3{ip: 192.168.30.19, host: pr-hdds-1569-lsfh5-224679870, networkLocation: /default-rack, certSerialId: null}, Type:RATIS, Factor:THREE, State:OPEN]
2019-09-29 11:05:14,447 [grpc-default-executor-0] INFO  impl.RaftServerProxy (RaftServerProxy.java:addNew(89)) - 870588b0-aa93-434f-8f13-603c5341fab3: addNew group-0FF3B2E412F8:[3a54e60d-c0c8-4de7-a5b4-72c91b9f7f60:192.168.30.19:44865, 026581f2-b768-4705-ac6e-669da543cea3:192.168.30.19:42448, 870588b0-aa93-434f-8f13-603c5341fab3:192.168.30.19:42508] returns group-0FF3B2E412F8:java.util.concurrent.CompletableFuture@74753bf6[Not completed]
2019-09-29 11:05:14,448 [grpc-default-executor-2] INFO  impl.RaftServerProxy (RaftServerProxy.java:addNew(89)) - 026581f2-b768-4705-ac6e-669da543cea3: addNew group-0FF3B2E412F8:[3a54e60d-c0c8-4de7-a5b4-72c91b9f7f60:192.168.30.19:44865, 026581f2-b768-4705-ac6e-669da543cea3:192.168.30.19:42448, 870588b0-aa93-434f-8f13-603c5341fab3:192.168.30.19:42508] returns group-0FF3B2E412F8:java.util.concurrent.CompletableFuture@663779f4[Not completed]
2019-09-29 11:05:14,451 [grpc-default-executor-1] INFO  impl.RaftServerProxy (RaftServerProxy.java:addNew(89)) - 3a54e60d-c0c8-4de7-a5b4-72c91b9f7f60: addNew group-0FF3B2E412F8:[3a54e60d-c0c8-4de7-a5b4-72c91b9f7f60:192.168.30.19:44865, 026581f2-b768-4705-ac6e-669da543cea3:192.168.30.19:42448, 870588b0-aa93-434f-8f13-603c5341fab3:192.168.30.19:42508] returns group-0FF3B2E412F8:java.util.concurrent.CompletableFuture@6ac5f133[Not completed]
2019-09-29 11:05:14,451 [pool-72-thread-1] INFO  impl.RaftServerImpl (RaftServerImpl.java:<init>(95)) - 870588b0-aa93-434f-8f13-603c5341fab3: new RaftServerImpl for group-0FF3B2E412F8:[3a54e60d-c0c8-4de7-a5b4-72c91b9f7f60:192.168.30.19:44865, 026581f2-b768-4705-ac6e-669da543cea3:192.168.30.19:42448, 870588b0-aa93-434f-8f13-603c5341fab3:192.168.30.19:42508] with ContainerStateMachine:uninitialized
2019-09-29 11:05:14,451 [pool-72-thread-1] INFO  server.RaftServerConfigKeys (ConfUtils.java:logGet(43)) - raft.server.rpc.timeout.min = 5s (custom)
2019-09-29 11:05:14,452 [pool-72-thread-1] INFO  server.RaftServerConfigKeys (ConfUtils.java:logGet(43)) - raft.server.rpc.timeout.max = 5200ms (custom)
2019-09-29 11:05:14,452 [pool-72-thread-1] INFO  server.RaftServerConfigKeys (ConfUtils.java:logGet(43)) - raft.server.rpcslowness.timeout = 120s (custom)
2019-09-29 11:05:14,452 [pool-72-thread-1] INFO  server.RaftServerConfigKeys (ConfUtils.java:logGet(43)) - raft.server.sleep.deviation.threshold = 300 (default)
2019-09-29 11:05:14,452 [pool-72-thread-1] INFO  server.RaftServerConfigKeys (ConfUtils.java:logGet(43)) - raft.server.log.appender.install.snapshot.enabled = false (custom)
2019-09-29 11:05:14,452 [pool-42-thread-1] INFO  impl.RaftServerImpl (RaftServerImpl.java:<init>(95)) - 3a54e60d-c0c8-4de7-a5b4-72c91b9f7f60: new RaftServerImpl for group-0FF3B2E412F8:[3a54e60d-c0c8-4de7-a5b4-72c91b9f7f60:192.168.30.19:44865, 026581f2-b768-4705-ac6e-669da543cea3:192.168.30.19:42448, 870588b0-aa93-434f-8f13-603c5341fab3:192.168.30.19:42508] with ContainerStateMachine:uninitialized
2019-09-29 11:05:14,452 [pool-72-thread-1] INFO  impl.RaftServerImpl (ServerState.java:<init>(103)) - 870588b0-aa93-434f-8f13-603c5341fab3@group-0FF3B2E412F8: ConfigurationManager, init=-1: [3a54e60d-c0c8-4de7-a5b4-72c91b9f7f60:192.168.30.19:44865, 026581f2-b768-4705-ac6e-669da543cea3:192.168.30.19:42448, 870588b0-aa93-434f-8f13-603c5341fab3:192.168.30.19:42508], old=null, confs=<EMPTY_MAP>
2019-09-29 11:05:14,452 [pool-42-thread-1] INFO  server.RaftServerConfigKeys (ConfUtils.java:logGet(43)) - raft.server.rpc.timeout.min = 5s (custom)
2019-09-29 11:05:14,452 [pool-42-thread-1] INFO  server.RaftServerConfigKeys (ConfUtils.java:logGet(43)) - raft.server.rpc.timeout.max = 5200ms (custom)
2019-09-29 11:05:14,452 [pool-72-thread-1] INFO  server.RaftServerConfigKeys (ConfUtils.java:logGet(43)) - raft.server.storage.dir = [/workdir/hadoop-ozone/integration-test/target/test-dir/MiniOzoneClusterImpl-1c785ca3-4d8a-4703-81e1-f58f984e2e1c/datanode-4/data/ratis] (custom)
2019-09-29 11:05:14,452 [pool-42-thread-1] INFO  server.RaftServerConfigKeys (ConfUtils.java:logGet(43)) - raft.server.rpcslowness.timeout = 120s (custom)
2019-09-29 11:05:14,452 [pool-42-thread-1] INFO  server.RaftServerConfigKeys (ConfUtils.java:logGet(43)) - raft.server.sleep.deviation.threshold = 300 (default)
2019-09-29 11:05:14,453 [pool-42-thread-1] INFO  server.RaftServerConfigKeys (ConfUtils.java:logGet(43)) - raft.server.log.appender.install.snapshot.enabled = false (custom)
2019-09-29 11:05:14,453 [pool-72-thread-1] INFO  storage.RaftStorageDirectory (RaftStorageDirectory.java:analyzeStorage(246)) - The storage directory /workdir/hadoop-ozone/integration-test/target/test-dir/MiniOzoneClusterImpl-1c785ca3-4d8a-4703-81e1-f58f984e2e1c/datanode-4/data/ratis/2df25588-75e1-4443-b441-0ff3b2e412f8 does not exist. Creating ...
2019-09-29 11:05:14,453 [pool-42-thread-1] INFO  impl.RaftServerImpl (ServerState.java:<init>(103)) - 3a54e60d-c0c8-4de7-a5b4-72c91b9f7f60@group-0FF3B2E412F8: ConfigurationManager, init=-1: [3a54e60d-c0c8-4de7-a5b4-72c91b9f7f60:192.168.30.19:44865, 026581f2-b768-4705-ac6e-669da543cea3:192.168.30.19:42448, 870588b0-aa93-434f-8f13-603c5341fab3:192.168.30.19:42508], old=null, confs=<EMPTY_MAP>
2019-09-29 11:05:14,453 [pool-102-thread-1] INFO  impl.RaftServerImpl (RaftServerImpl.java:<init>(95)) - 026581f2-b768-4705-ac6e-669da543cea3: new RaftServerImpl for group-0FF3B2E412F8:[3a54e60d-c0c8-4de7-a5b4-72c91b9f7f60:192.168.30.19:44865, 026581f2-b768-4705-ac6e-669da543cea3:192.168.30.19:42448, 870588b0-aa93-434f-8f13-603c5341fab3:192.168.30.19:42508] with ContainerStateMachine:uninitialized
2019-09-29 11:05:14,453 [pool-42-thread-1] INFO  server.RaftServerConfigKeys (ConfUtils.java:logGet(43)) - raft.server.storage.dir = [/workdir/hadoop-ozone/integration-test/target/test-dir/MiniOzoneClusterImpl-1c785ca3-4d8a-4703-81e1-f58f984e2e1c/datanode-1/data/ratis] (custom)
2019-09-29 11:05:14,453 [pool-102-thread-1] INFO  server.RaftServerConfigKeys (ConfUtils.java:logGet(43)) - raft.server.rpc.timeout.min = 5s (custom)
2019-09-29 11:05:14,453 [pool-102-thread-1] INFO  server.RaftServerConfigKeys (ConfUtils.java:logGet(43)) - raft.server.rpc.timeout.max = 5200ms (custom)
2019-09-29 11:05:14,453 [pool-42-thread-1] INFO  storage.RaftStorageDirectory (RaftStorageDirectory.java:analyzeStorage(246)) - The storage directory /workdir/hadoop-ozone/integration-test/target/test-dir/MiniOzoneClusterImpl-1c785ca3-4d8a-4703-81e1-f58f984e2e1c/datanode-1/data/ratis/2df25588-75e1-4443-b441-0ff3b2e412f8 does not exist. Creating ...
2019-09-29 11:05:14,453 [pool-102-thread-1] INFO  server.RaftServerConfigKeys (ConfUtils.java:logGet(43)) - raft.server.rpcslowness.timeout = 120s (custom)
2019-09-29 11:05:14,454 [pool-102-thread-1] INFO  server.RaftServerConfigKeys (ConfUtils.java:logGet(43)) - raft.server.sleep.deviation.threshold = 300 (default)
2019-09-29 11:05:14,454 [pool-102-thread-1] INFO  server.RaftServerConfigKeys (ConfUtils.java:logGet(43)) - raft.server.log.appender.install.snapshot.enabled = false (custom)
2019-09-29 11:05:14,454 [pool-102-thread-1] INFO  impl.RaftServerImpl (ServerState.java:<init>(103)) - 026581f2-b768-4705-ac6e-669da543cea3@group-0FF3B2E412F8: ConfigurationManager, init=-1: [3a54e60d-c0c8-4de7-a5b4-72c91b9f7f60:192.168.30.19:44865, 026581f2-b768-4705-ac6e-669da543cea3:192.168.30.19:42448, 870588b0-aa93-434f-8f13-603c5341fab3:192.168.30.19:42508], old=null, confs=<EMPTY_MAP>
2019-09-29 11:05:14,454 [pool-102-thread-1] INFO  server.RaftServerConfigKeys (ConfUtils.java:logGet(43)) - raft.server.storage.dir = [/workdir/hadoop-ozone/integration-test/target/test-dir/MiniOzoneClusterImpl-1c785ca3-4d8a-4703-81e1-f58f984e2e1c/datanode-7/data/ratis] (custom)
2019-09-29 11:05:14,455 [pool-102-thread-1] INFO  storage.RaftStorageDirectory (RaftStorageDirectory.java:analyzeStorage(246)) - The storage directory /workdir/hadoop-ozone/integration-test/target/test-dir/MiniOzoneClusterImpl-1c785ca3-4d8a-4703-81e1-f58f984e2e1c/datanode-7/data/ratis/2df25588-75e1-4443-b441-0ff3b2e412f8 does not exist. Creating ...
2019-09-29 11:05:14,488 [pool-102-thread-1] INFO  storage.RaftStorageDirectory (RaftStorageDirectory.java:tryLock(328)) - Lock on /workdir/hadoop-ozone/integration-test/target/test-dir/MiniOzoneClusterImpl-1c785ca3-4d8a-4703-81e1-f58f984e2e1c/datanode-7/data/ratis/2df25588-75e1-4443-b441-0ff3b2e412f8/in_use.lock acquired by nodename 32469@pr-hdds-1569-lsfh5-224679870
2019-09-29 11:05:14,489 [pool-42-thread-1] INFO  storage.RaftStorageDirectory (RaftStorageDirectory.java:tryLock(328)) - Lock on /workdir/hadoop-ozone/integration-test/target/test-dir/MiniOzoneClusterImpl-1c785ca3-4d8a-4703-81e1-f58f984e2e1c/datanode-1/data/ratis/2df25588-75e1-4443-b441-0ff3b2e412f8/in_use.lock acquired by nodename 32469@pr-hdds-1569-lsfh5-224679870
2019-09-29 11:05:14,488 [pool-72-thread-1] INFO  storage.RaftStorageDirectory (RaftStorageDirectory.java:tryLock(328)) - Lock on /workdir/hadoop-ozone/integration-test/target/test-dir/MiniOzoneClusterImpl-1c785ca3-4d8a-4703-81e1-f58f984e2e1c/datanode-4/data/ratis/2df25588-75e1-4443-b441-0ff3b2e412f8/in_use.lock acquired by nodename 32469@pr-hdds-1569-lsfh5-224679870
2019-09-29 11:05:14,514 [pool-42-thread-1] INFO  storage.RaftStorage (RaftStorage.java:format(72)) - Storage directory /workdir/hadoop-ozone/integration-test/target/test-dir/MiniOzoneClusterImpl-1c785ca3-4d8a-4703-81e1-f58f984e2e1c/datanode-1/data/ratis/2df25588-75e1-4443-b441-0ff3b2e412f8 has been successfully formatted.
2019-09-29 11:05:14,514 [pool-72-thread-1] INFO  storage.RaftStorage (RaftStorage.java:format(72)) - Storage directory /workdir/hadoop-ozone/integration-test/target/test-dir/MiniOzoneClusterImpl-1c785ca3-4d8a-4703-81e1-f58f984e2e1c/datanode-4/data/ratis/2df25588-75e1-4443-b441-0ff3b2e412f8 has been successfully formatted.
2019-09-29 11:05:14,514 [pool-42-thread-1] INFO  ratis.ContainerStateMachine (ContainerStateMachine.java:loadSnapshot(230)) - group-0FF3B2E412F8: The snapshot info is null. Setting the last applied indexto:(t:0, i:~)
2019-09-29 11:05:14,514 [pool-102-thread-1] INFO  storage.RaftStorage (RaftStorage.java:format(72)) - Storage directory /workdir/hadoop-ozone/integration-test/target/test-dir/MiniOzoneClusterImpl-1c785ca3-4d8a-4703-81e1-f58f984e2e1c/datanode-7/data/ratis/2df25588-75e1-4443-b441-0ff3b2e412f8 has been successfully formatted.
2019-09-29 11:05:14,514 [pool-72-thread-1] INFO  ratis.ContainerStateMachine (ContainerStateMachine.java:loadSnapshot(230)) - group-0FF3B2E412F8: The snapshot info is null. Setting the last applied indexto:(t:0, i:~)
2019-09-29 11:05:14,514 [pool-42-thread-1] INFO  server.RaftServerConfigKeys (ConfUtils.java:logGet(43)) - raft.server.notification.no-leader.timeout = 120s (custom)
2019-09-29 11:05:14,515 [pool-72-thread-1] INFO  server.RaftServerConfigKeys (ConfUtils.java:logGet(43)) - raft.server.notification.no-leader.timeout = 120s (custom)
2019-09-29 11:05:14,515 [pool-102-thread-1] INFO  ratis.ContainerStateMachine (ContainerStateMachine.java:loadSnapshot(230)) - group-0FF3B2E412F8: The snapshot info is null. Setting the last applied indexto:(t:0, i:~)
2019-09-29 11:05:14,515 [pool-72-thread-1] INFO  server.RaftServerConfigKeys (ConfUtils.java:logGet(43)) - raft.server.log.use.memory = false (default)
2019-09-29 11:05:14,515 [pool-42-thread-1] INFO  server.RaftServerConfigKeys (ConfUtils.java:logGet(43)) - raft.server.log.use.memory = false (default)
2019-09-29 11:05:14,515 [pool-72-thread-1] INFO  server.RaftServerConfigKeys (ConfUtils.java:logGet(43)) - raft.server.log.purge.gap = 1000000 (custom)
2019-09-29 11:05:14,515 [pool-102-thread-1] INFO  server.RaftServerConfigKeys (ConfUtils.java:logGet(43)) - raft.server.notification.no-leader.timeout = 120s (custom)
2019-09-29 11:05:14,516 [pool-72-thread-1] INFO  server.RaftServerConfigKeys (ConfUtils.java:logGet(43)) - raft.server.log.appender.buffer.byte-limit = 33554432 (custom)
2019-09-29 11:05:14,515 [pool-42-thread-1] INFO  server.RaftServerConfigKeys (ConfUtils.java:logGet(43)) - raft.server.log.purge.gap = 1000000 (custom)
2019-09-29 11:05:14,516 [pool-72-thread-1] INFO  server.RaftServerConfigKeys (ConfUtils.java:logGet(43)) - raft.server.log.segment.size.max = 1048576 (custom)
2019-09-29 11:05:14,516 [pool-102-thread-1] INFO  server.RaftServerConfigKeys (ConfUtils.java:logGet(43)) - raft.server.log.use.memory = false (default)
2019-09-29 11:05:14,516 [pool-72-thread-1] INFO  server.RaftServerConfigKeys (ConfUtils.java:logGet(43)) - raft.server.log.segment.cache.num.max = 2 (custom)
2019-09-29 11:05:14,516 [pool-42-thread-1] INFO  server.RaftServerConfigKeys (ConfUtils.java:logGet(43)) - raft.server.log.appender.buffer.byte-limit = 33554432 (custom)
2019-09-29 11:05:14,517 [pool-72-thread-1] INFO  segmented.SegmentedRaftLogWorker (SegmentedRaftLogWorker.java:<init>(172)) - new 870588b0-aa93-434f-8f13-603c5341fab3@group-0FF3B2E412F8-SegmentedRaftLogWorker for RaftStorage:Storage Directory /workdir/hadoop-ozone/integration-test/target/test-dir/MiniOzoneClusterImpl-1c785ca3-4d8a-4703-81e1-f58f984e2e1c/datanode-4/data/ratis/2df25588-75e1-4443-b441-0ff3b2e412f8
2019-09-29 11:05:14,516 [pool-102-thread-1] INFO  server.RaftServerConfigKeys (ConfUtils.java:logGet(43)) - raft.server.log.purge.gap = 1000000 (custom)
2019-09-29 11:05:14,517 [pool-72-thread-1] INFO  server.RaftServerConfigKeys (ConfUtils.java:logGet(43)) - raft.server.log.queue.byte-limit = 2147483647 (custom)
2019-09-29 11:05:14,517 [pool-42-thread-1] INFO  server.RaftServerConfigKeys (ConfUtils.java:logGet(43)) - raft.server.log.segment.size.max = 1048576 (custom)
2019-09-29 11:05:14,517 [pool-72-thread-1] INFO  server.RaftServerConfigKeys (ConfUtils.java:logGet(43)) - raft.server.log.queue.element-limit = 1024 (custom)
2019-09-29 11:05:14,517 [pool-102-thread-1] INFO  server.RaftServerConfigKeys (ConfUtils.java:logGet(43)) - raft.server.log.appender.buffer.byte-limit = 33554432 (custom)
2019-09-29 11:05:14,517 [pool-72-thread-1] INFO  server.RaftServerConfigKeys (ConfUtils.java:logGet(43)) - raft.server.log.segment.size.max = 1048576 (custom)
2019-09-29 11:05:14,517 [pool-42-thread-1] INFO  server.RaftServerConfigKeys (ConfUtils.java:logGet(43)) - raft.server.log.segment.cache.num.max = 2 (custom)
2019-09-29 11:05:14,518 [pool-72-thread-1] INFO  server.RaftServerConfigKeys (ConfUtils.java:logGet(43)) - raft.server.log.preallocated.size = 16384 (custom)
2019-09-29 11:05:14,518 [pool-102-thread-1] INFO  server.RaftServerConfigKeys (ConfUtils.java:logGet(43)) - raft.server.log.segment.size.max = 1048576 (custom)
2019-09-29 11:05:14,518 [pool-72-thread-1] INFO  server.RaftServerConfigKeys (ConfUtils.java:logGet(43)) - raft.server.log.write.buffer.size = 33554432 (custom)
2019-09-29 11:05:14,518 [pool-42-thread-1] INFO  segmented.SegmentedRaftLogWorker (SegmentedRaftLogWorker.java:<init>(172)) - new 3a54e60d-c0c8-4de7-a5b4-72c91b9f7f60@group-0FF3B2E412F8-SegmentedRaftLogWorker for RaftStorage:Storage Directory /workdir/hadoop-ozone/integration-test/target/test-dir/MiniOzoneClusterImpl-1c785ca3-4d8a-4703-81e1-f58f984e2e1c/datanode-1/data/ratis/2df25588-75e1-4443-b441-0ff3b2e412f8
2019-09-29 11:05:14,518 [pool-72-thread-1] INFO  server.RaftServerConfigKeys (ConfUtils.java:logGet(43)) - raft.server.log.force.sync.num = 128 (default)
2019-09-29 11:05:14,518 [pool-102-thread-1] INFO  server.RaftServerConfigKeys (ConfUtils.java:logGet(43)) - raft.server.log.segment.cache.num.max = 2 (custom)
2019-09-29 11:05:14,520 [pool-72-thread-1] INFO  server.RaftServerConfigKeys (ConfUtils.java:logGet(43)) - raft.server.log.statemachine.data.sync = true (default)
2019-09-29 11:05:14,518 [pool-42-thread-1] INFO  server.RaftServerConfigKeys (ConfUtils.java:logGet(43)) - raft.server.log.queue.byte-limit = 2147483647 (custom)
2019-09-29 11:05:14,521 [pool-72-thread-1] INFO  server.RaftServerConfigKeys (ConfUtils.java:logGet(43)) - raft.server.log.statemachine.data.sync.timeout = 10s (default)
2019-09-29 11:05:14,521 [pool-102-thread-1] INFO  segmented.SegmentedRaftLogWorker (SegmentedRaftLogWorker.java:<init>(172)) - new 026581f2-b768-4705-ac6e-669da543cea3@group-0FF3B2E412F8-SegmentedRaftLogWorker for RaftStorage:Storage Directory /workdir/hadoop-ozone/integration-test/target/test-dir/MiniOzoneClusterImpl-1c785ca3-4d8a-4703-81e1-f58f984e2e1c/datanode-7/data/ratis/2df25588-75e1-4443-b441-0ff3b2e412f8
2019-09-29 11:05:14,521 [pool-72-thread-1] INFO  server.RaftServerConfigKeys (ConfUtils.java:logGet(43)) - raft.server.log.statemachine.data.sync.timeout.retry = -1 (default)
2019-09-29 11:05:14,521 [pool-42-thread-1] INFO  server.RaftServerConfigKeys (ConfUtils.java:logGet(43)) - raft.server.log.queue.element-limit = 1024 (custom)
2019-09-29 11:05:14,521 [pool-72-thread-1] INFO  server.RaftServerConfigKeys (ConfUtils.java:logGet(43)) - raft.server.log.statemachine.data.caching.enabled = true (custom)
2019-09-29 11:05:14,521 [pool-102-thread-1] INFO  server.RaftServerConfigKeys (ConfUtils.java:logGet(43)) - raft.server.log.queue.byte-limit = 2147483647 (custom)
2019-09-29 11:05:14,521 [pool-42-thread-1] INFO  server.RaftServerConfigKeys (ConfUtils.java:logGet(43)) - raft.server.log.segment.size.max = 1048576 (custom)
2019-09-29 11:05:14,522 [pool-102-thread-1] INFO  server.RaftServerConfigKeys (ConfUtils.java:logGet(43)) - raft.server.log.queue.element-limit = 1024 (custom)
2019-09-29 11:05:14,522 [pool-72-thread-1] INFO  segmented.SegmentedRaftLogWorker (SegmentedRaftLogWorker.java:lambda$new$0(132)) - 870588b0-aa93-434f-8f13-603c5341fab3@group-0FF3B2E412F8-SegmentedRaftLogWorker: flushIndex: setUnconditionally 0 -> -1
2019-09-29 11:05:14,522 [pool-42-thread-1] INFO  server.RaftServerConfigKeys (ConfUtils.java:logGet(43)) - raft.server.log.preallocated.size = 16384 (custom)
2019-09-29 11:05:14,522 [pool-102-thread-1] INFO  server.RaftServerConfigKeys (ConfUtils.java:logGet(43)) - raft.server.log.segment.size.max = 1048576 (custom)
2019-09-29 11:05:14,522 [pool-72-thread-1] INFO  server.RaftServerConfigKeys (ConfUtils.java:logGet(43)) - raft.server.snapshot.auto.trigger.enabled = true (custom)
2019-09-29 11:05:14,522 [pool-42-thread-1] INFO  server.RaftServerConfigKeys (ConfUtils.java:logGet(43)) - raft.server.log.write.buffer.size = 33554432 (custom)
2019-09-29 11:05:14,523 [pool-72-thread-1] INFO  server.RaftServerConfigKeys (ConfUtils.java:logGet(43)) - raft.server.snapshot.auto.trigger.threshold = 10000 (custom)
2019-09-29 11:05:14,523 [pool-72-thread-1] INFO  server.RaftServerConfigKeys (ConfUtils.java:logGet(43)) - raft.server.snapshot.retention.num.files = 5 (custom)
2019-09-29 11:05:14,522 [pool-102-thread-1] INFO  server.RaftServerConfigKeys (ConfUtils.java:logGet(43)) - raft.server.log.preallocated.size = 16384 (custom)
2019-09-29 11:05:14,523 [pool-72-thread-1] INFO  server.RaftServerConfigKeys (ConfUtils.java:logGet(43)) - raft.server.retrycache.expirytime = 600000ms (custom)
2019-09-29 11:05:14,523 [pool-42-thread-1] INFO  server.RaftServerConfigKeys (ConfUtils.java:logGet(43)) - raft.server.log.force.sync.num = 128 (default)
2019-09-29 11:05:14,523 [pool-102-thread-1] INFO  server.RaftServerConfigKeys (ConfUtils.java:logGet(43)) - raft.server.log.write.buffer.size = 33554432 (custom)
2019-09-29 11:05:14,523 [pool-42-thread-1] INFO  server.RaftServerConfigKeys (ConfUtils.java:logGet(43)) - raft.server.log.statemachine.data.sync = true (default)
2019-09-29 11:05:14,524 [pool-102-thread-1] INFO  server.RaftServerConfigKeys (ConfUtils.java:logGet(43)) - raft.server.log.force.sync.num = 128 (default)
2019-09-29 11:05:14,524 [pool-42-thread-1] INFO  server.RaftServerConfigKeys (ConfUtils.java:logGet(43)) - raft.server.log.statemachine.data.sync.timeout = 10s (default)
2019-09-29 11:05:14,524 [pool-102-thread-1] INFO  server.RaftServerConfigKeys (ConfUtils.java:logGet(43)) - raft.server.log.statemachine.data.sync = true (default)
2019-09-29 11:05:14,524 [pool-42-thread-1] INFO  server.RaftServerConfigKeys (ConfUtils.java:logGet(43)) - raft.server.log.statemachine.data.sync.timeout.retry = -1 (default)
2019-09-29 11:05:14,524 [pool-102-thread-1] INFO  server.RaftServerConfigKeys (ConfUtils.java:logGet(43)) - raft.server.log.statemachine.data.sync.timeout = 10s (default)
2019-09-29 11:05:14,524 [pool-42-thread-1] INFO  server.RaftServerConfigKeys (ConfUtils.java:logGet(43)) - raft.server.log.statemachine.data.caching.enabled = true (custom)
2019-09-29 11:05:14,524 [pool-102-thread-1] INFO  server.RaftServerConfigKeys (ConfUtils.java:logGet(43)) - raft.server.log.statemachine.data.sync.timeout.retry = -1 (default)
2019-09-29 11:05:14,525 [pool-42-thread-1] INFO  segmented.SegmentedRaftLogWorker (SegmentedRaftLogWorker.java:lambda$new$0(132)) - 3a54e60d-c0c8-4de7-a5b4-72c91b9f7f60@group-0FF3B2E412F8-SegmentedRaftLogWorker: flushIndex: setUnconditionally 0 -> -1
2019-09-29 11:05:14,525 [pool-102-thread-1] INFO  server.RaftServerConfigKeys (ConfUtils.java:logGet(43)) - raft.server.log.statemachine.data.caching.enabled = true (custom)
2019-09-29 11:05:14,525 [pool-42-thread-1] INFO  server.RaftServerConfigKeys (ConfUtils.java:logGet(43)) - raft.server.snapshot.auto.trigger.enabled = true (custom)
2019-09-29 11:05:14,525 [pool-42-thread-1] INFO  server.RaftServerConfigKeys (ConfUtils.java:logGet(43)) - raft.server.snapshot.auto.trigger.threshold = 10000 (custom)
2019-09-29 11:05:14,525 [pool-102-thread-1] INFO  segmented.SegmentedRaftLogWorker (SegmentedRaftLogWorker.java:lambda$new$0(132)) - 026581f2-b768-4705-ac6e-669da543cea3@group-0FF3B2E412F8-SegmentedRaftLogWorker: flushIndex: setUnconditionally 0 -> -1
2019-09-29 11:05:14,525 [pool-42-thread-1] INFO  server.RaftServerConfigKeys (ConfUtils.java:logGet(43)) - raft.server.snapshot.retention.num.files = 5 (custom)
2019-09-29 11:05:14,525 [pool-42-thread-1] INFO  server.RaftServerConfigKeys (ConfUtils.java:logGet(43)) - raft.server.retrycache.expirytime = 600000ms (custom)
2019-09-29 11:05:14,525 [pool-102-thread-1] INFO  server.RaftServerConfigKeys (ConfUtils.java:logGet(43)) - raft.server.snapshot.auto.trigger.enabled = true (custom)
2019-09-29 11:05:14,526 [pool-102-thread-1] INFO  server.RaftServerConfigKeys (ConfUtils.java:logGet(43)) - raft.server.snapshot.auto.trigger.threshold = 10000 (custom)
2019-09-29 11:05:14,526 [pool-102-thread-1] INFO  server.RaftServerConfigKeys (ConfUtils.java:logGet(43)) - raft.server.snapshot.retention.num.files = 5 (custom)
2019-09-29 11:05:14,526 [pool-102-thread-1] INFO  server.RaftServerConfigKeys (ConfUtils.java:logGet(43)) - raft.server.retrycache.expirytime = 600000ms (custom)
2019-09-29 11:05:14,526 [pool-72-thread-1] INFO  impl.RaftServerImpl (RaftServerImpl.java:start(185)) - 870588b0-aa93-434f-8f13-603c5341fab3@group-0FF3B2E412F8: start as a follower, conf=-1: [3a54e60d-c0c8-4de7-a5b4-72c91b9f7f60:192.168.30.19:44865, 026581f2-b768-4705-ac6e-669da543cea3:192.168.30.19:42448, 870588b0-aa93-434f-8f13-603c5341fab3:192.168.30.19:42508], old=null
2019-09-29 11:05:14,526 [pool-72-thread-1] INFO  impl.RaftServerImpl (RaftServerImpl.java:setRole(174)) - 870588b0-aa93-434f-8f13-603c5341fab3@group-0FF3B2E412F8: changes role from      null to FOLLOWER at term 0 for startAsFollower
2019-09-29 11:05:14,526 [pool-72-thread-1] INFO  impl.RoleInfo (RoleInfo.java:updateAndGet(143)) - 870588b0-aa93-434f-8f13-603c5341fab3: start FollowerState
2019-09-29 11:05:14,527 [pool-72-thread-1] INFO  util.JmxRegister (JmxRegister.java:tryRegister(44)) - Successfully registered JMX Bean with object name Ratis:service=RaftServer,group=group-0FF3B2E412F8,id=870588b0-aa93-434f-8f13-603c5341fab3
2019-09-29 11:05:14,527 [pool-42-thread-1] INFO  impl.RaftServerImpl (RaftServerImpl.java:start(185)) - 3a54e60d-c0c8-4de7-a5b4-72c91b9f7f60@group-0FF3B2E412F8: start as a follower, conf=-1: [3a54e60d-c0c8-4de7-a5b4-72c91b9f7f60:192.168.30.19:44865, 026581f2-b768-4705-ac6e-669da543cea3:192.168.30.19:42448, 870588b0-aa93-434f-8f13-603c5341fab3:192.168.30.19:42508], old=null
2019-09-29 11:05:14,527 [pool-42-thread-1] INFO  impl.RaftServerImpl (RaftServerImpl.java:setRole(174)) - 3a54e60d-c0c8-4de7-a5b4-72c91b9f7f60@group-0FF3B2E412F8: changes role from      null to FOLLOWER at term 0 for startAsFollower
2019-09-29 11:05:14,528 [pool-42-thread-1] INFO  impl.RoleInfo (RoleInfo.java:updateAndGet(143)) - 3a54e60d-c0c8-4de7-a5b4-72c91b9f7f60: start FollowerState
2019-09-29 11:05:14,528 [pool-42-thread-1] INFO  util.JmxRegister (JmxRegister.java:tryRegister(44)) - Successfully registered JMX Bean with object name Ratis:service=RaftServer,group=group-0FF3B2E412F8,id=3a54e60d-c0c8-4de7-a5b4-72c91b9f7f60
2019-09-29 11:05:14,531 [pool-102-thread-1] INFO  impl.RaftServerImpl (RaftServerImpl.java:start(185)) - 026581f2-b768-4705-ac6e-669da543cea3@group-0FF3B2E412F8: start as a follower, conf=-1: [3a54e60d-c0c8-4de7-a5b4-72c91b9f7f60:192.168.30.19:44865, 026581f2-b768-4705-ac6e-669da543cea3:192.168.30.19:42448, 870588b0-aa93-434f-8f13-603c5341fab3:192.168.30.19:42508], old=null
2019-09-29 11:05:14,531 [pool-102-thread-1] INFO  impl.RaftServerImpl (RaftServerImpl.java:setRole(174)) - 026581f2-b768-4705-ac6e-669da543cea3@group-0FF3B2E412F8: changes role from      null to FOLLOWER at term 0 for startAsFollower
2019-09-29 11:05:14,534 [pool-102-thread-1] INFO  impl.RoleInfo (RoleInfo.java:updateAndGet(143)) - 026581f2-b768-4705-ac6e-669da543cea3: start FollowerState
2019-09-29 11:05:14,547 [pool-102-thread-1] INFO  util.JmxRegister (JmxRegister.java:tryRegister(44)) - Successfully registered JMX Bean with object name Ratis:service=RaftServer,group=group-0FF3B2E412F8,id=026581f2-b768-4705-ac6e-669da543cea3
2019-09-29 11:05:14,563 [IPC Server handler 1 on 40572] INFO  volume.OMVolumeCreateRequest (OMVolumeCreateRequest.java:validateAndUpdateCache(189)) - created volume:7ad1773c-fa4e-4819-9b2f-2679c6c06df3 for user:jenkins1000
2019-09-29 11:05:14,564 [RatisPipelineUtilsThread] INFO  pipeline.PipelineStateManager (PipelineStateManager.java:addPipeline(56)) - Created pipeline Pipeline[ Id: 2df25588-75e1-4443-b441-0ff3b2e412f8, Nodes: 870588b0-aa93-434f-8f13-603c5341fab3{ip: 192.168.30.19, host: pr-hdds-1569-lsfh5-224679870, networkLocation: /default-rack, certSerialId: null}026581f2-b768-4705-ac6e-669da543cea3{ip: 192.168.30.19, host: pr-hdds-1569-lsfh5-224679870, networkLocation: /default-rack, certSerialId: null}3a54e60d-c0c8-4de7-a5b4-72c91b9f7f60{ip: 192.168.30.19, host: pr-hdds-1569-lsfh5-224679870, networkLocation: /default-rack, certSerialId: null}, Type:RATIS, Factor:THREE, State:OPEN]
2019-09-29 11:05:14,609 [main] INFO  rpc.RpcClient (RpcClient.java:createBucket(415)) - Creating Bucket: 7ad1773c-fa4e-4819-9b2f-2679c6c06df3/2da80bdc-dd0a-4ddc-87cb-c81b06f63d30, with Versioning false and Storage Type set to DISK and Encryption set to true 
2019-09-29 11:05:14,659 [qtp1183888521-20] INFO  kms-audit (SimpleKMSAuditLogger.java:logAuditSimpleFormat(93)) - OK[op=GET_METADATA, key=key1, user=jenkins1000] 
2019-09-29 11:05:14,951 [qtp1183888521-21] INFO  kms-audit (SimpleKMSAuditLogger.java:logAuditEvent(59)) - OK[op=GENERATE_EEK, key=key1, user=jenkins1000, accessCount=1, interval=0ms] 
2019-09-29 11:05:15,102 [IPC Server handler 7 on 45663] WARN  block.BlockManagerImpl (BlockManagerImpl.java:allocateBlock(192)) - Pipeline creation failed for type:STAND_ALONE factor:ONE. Datanodes may be used up.
org.apache.hadoop.hdds.scm.exceptions.SCMException: Pipeline number meets the limit: 20
	at org.apache.hadoop.hdds.scm.pipeline.SCMPipelineManager.createPipeline(SCMPipelineManager.java:174)
	at org.apache.hadoop.hdds.scm.block.BlockManagerImpl.allocateBlock(BlockManagerImpl.java:190)
	at org.apache.hadoop.hdds.scm.server.SCMBlockProtocolServer.allocateBlock(SCMBlockProtocolServer.java:182)
	at org.apache.hadoop.ozone.protocolPB.ScmBlockLocationProtocolServerSideTranslatorPB.allocateScmBlock(ScmBlockLocationProtocolServerSideTranslatorPB.java:183)
	at org.apache.hadoop.ozone.protocolPB.ScmBlockLocationProtocolServerSideTranslatorPB.processMessage(ScmBlockLocationProtocolServerSideTranslatorPB.java:141)
	at org.apache.hadoop.ozone.protocolPB.ScmBlockLocationProtocolServerSideTranslatorPB.send(ScmBlockLocationProtocolServerSideTranslatorPB.java:116)
	at org.apache.hadoop.hdds.protocol.proto.ScmBlockLocationProtocolProtos$ScmBlockLocationProtocolService$2.callBlockingMethod(ScmBlockLocationProtocolProtos.java:13157)
	at org.apache.hadoop.ipc.ProtobufRpcEngine$Server$ProtoBufRpcInvoker.call(ProtobufRpcEngine.java:524)
	at org.apache.hadoop.ipc.RPC$Server.call(RPC.java:1025)
	at org.apache.hadoop.ipc.Server$RpcCall.run(Server.java:876)
	at org.apache.hadoop.ipc.Server$RpcCall.run(Server.java:822)
	at java.security.AccessController.doPrivileged(Native Method)
	at javax.security.auth.Subject.doAs(Subject.java:422)
	at org.apache.hadoop.security.UserGroupInformation.doAs(UserGroupInformation.java:1730)
	at org.apache.hadoop.ipc.Server$Handler.run(Server.java:2682)
2019-09-29 11:05:15,103 [IPC Server handler 7 on 45663] ERROR block.BlockManagerImpl (BlockManagerImpl.java:allocateBlock(226)) - Unable to allocate a block for the size: 4194304, type: STAND_ALONE, factor: ONE
]]></system-out>
    <system-err><![CDATA[ERROR StatusLogger No Log4j 2 configuration file found. Using default configuration (logging only errors to the console), or user programmatically provided configurations. Set system property 'log4j2.debug' to show Log4j 2 internal initialization logging. See https://logging.apache.org/log4j/2.x/manual/configuration.html for instructions on how to configure Log4j 2
Sep 29, 2019 11:05:01 AM com.sun.jersey.api.core.PackagesResourceConfig init
INFO: Scanning for root resource and provider classes in the packages:
  org.apache.hadoop.crypto.key.kms.server
Sep 29, 2019 11:05:01 AM com.sun.jersey.api.core.ScanningResourceConfig logClasses
INFO: Root resource classes found:
  class org.apache.hadoop.crypto.key.kms.server.KMS
Sep 29, 2019 11:05:01 AM com.sun.jersey.api.core.ScanningResourceConfig logClasses
INFO: Provider classes found:
  class org.apache.hadoop.crypto.key.kms.server.KMSJSONReader
  class org.apache.hadoop.crypto.key.kms.server.KMSJSONWriter
  class org.apache.hadoop.crypto.key.kms.server.KMSExceptionsProvider
Sep 29, 2019 11:05:01 AM com.sun.jersey.server.impl.application.WebApplicationImpl _initiate
INFO: Initiating Jersey application, version 'Jersey: 1.19 02/11/2015 03:25 AM'
Sep 29, 2019 11:05:13 AM com.sun.jersey.server.wadl.generators.WadlGeneratorJAXBGrammarGenerator buildModelAndSchemas
SEVERE: Failed to generate the schema for the JAX-B elements
com.sun.xml.bind.v2.runtime.IllegalAnnotationsException: 1 counts of IllegalAnnotationExceptions
java.util.Map is an interface, and JAXB can't handle interfaces.
	this problem is related to the following location:
		at java.util.Map

	at com.sun.xml.bind.v2.runtime.IllegalAnnotationsException$Builder.check(IllegalAnnotationsException.java:106)
	at com.sun.xml.bind.v2.runtime.JAXBContextImpl.getTypeInfoSet(JAXBContextImpl.java:471)
	at com.sun.xml.bind.v2.runtime.JAXBContextImpl.<init>(JAXBContextImpl.java:303)
	at com.sun.xml.bind.v2.runtime.JAXBContextImpl.<init>(JAXBContextImpl.java:139)
	at com.sun.xml.bind.v2.runtime.JAXBContextImpl$JAXBContextBuilder.build(JAXBContextImpl.java:1156)
	at com.sun.xml.bind.v2.ContextFactory.createContext(ContextFactory.java:165)
	at sun.reflect.NativeMethodAccessorImpl.invoke0(Native Method)
	at sun.reflect.NativeMethodAccessorImpl.invoke(NativeMethodAccessorImpl.java:62)
	at sun.reflect.DelegatingMethodAccessorImpl.invoke(DelegatingMethodAccessorImpl.java:43)
	at java.lang.reflect.Method.invoke(Method.java:498)
	at javax.xml.bind.ContextFinder.newInstance(ContextFinder.java:247)
	at javax.xml.bind.ContextFinder.newInstance(ContextFinder.java:234)
	at javax.xml.bind.ContextFinder.find(ContextFinder.java:441)
	at javax.xml.bind.JAXBContext.newInstance(JAXBContext.java:641)
	at javax.xml.bind.JAXBContext.newInstance(JAXBContext.java:584)
	at com.sun.jersey.server.wadl.generators.WadlGeneratorJAXBGrammarGenerator.buildModelAndSchemas(WadlGeneratorJAXBGrammarGenerator.java:169)
	at com.sun.jersey.server.wadl.generators.AbstractWadlGeneratorGrammarGenerator.createExternalGrammar(AbstractWadlGeneratorGrammarGenerator.java:405)
	at com.sun.jersey.server.wadl.WadlBuilder.generate(WadlBuilder.java:149)
	at com.sun.jersey.server.impl.wadl.WadlApplicationContextImpl.getApplication(WadlApplicationContextImpl.java:119)
	at com.sun.jersey.server.impl.wadl.WadlApplicationContextImpl.getApplication(WadlApplicationContextImpl.java:138)
	at com.sun.jersey.server.impl.wadl.WadlMethodFactory$WadlOptionsMethodDispatcher.dispatch(WadlMethodFactory.java:110)
	at com.sun.jersey.server.impl.uri.rules.HttpMethodRule.accept(HttpMethodRule.java:302)
	at com.sun.jersey.server.impl.uri.rules.RightHandPathRule.accept(RightHandPathRule.java:147)
	at com.sun.jersey.server.impl.uri.rules.ResourceClassRule.accept(ResourceClassRule.java:108)
	at com.sun.jersey.server.impl.uri.rules.RightHandPathRule.accept(RightHandPathRule.java:147)
	at com.sun.jersey.server.impl.uri.rules.RootResourceClassesRule.accept(RootResourceClassesRule.java:84)
	at com.sun.jersey.server.impl.application.WebApplicationImpl._handleRequest(WebApplicationImpl.java:1542)
	at com.sun.jersey.server.impl.application.WebApplicationImpl._handleRequest(WebApplicationImpl.java:1473)
	at com.sun.jersey.server.impl.application.WebApplicationImpl.handleRequest(WebApplicationImpl.java:1419)
	at com.sun.jersey.server.impl.application.WebApplicationImpl.handleRequest(WebApplicationImpl.java:1409)
	at com.sun.jersey.spi.container.servlet.WebComponent.service(WebComponent.java:409)
	at com.sun.jersey.spi.container.servlet.ServletContainer.service(ServletContainer.java:558)
	at com.sun.jersey.spi.container.servlet.ServletContainer.service(ServletContainer.java:733)
	at javax.servlet.http.HttpServlet.service(HttpServlet.java:790)
	at org.eclipse.jetty.servlet.ServletHolder.handle(ServletHolder.java:848)
	at org.eclipse.jetty.servlet.ServletHandler$CachedChain.doFilter(ServletHandler.java:1780)
	at org.apache.hadoop.crypto.key.kms.server.KMSMDCFilter.doFilter(KMSMDCFilter.java:84)
	at org.eclipse.jetty.servlet.ServletHandler$CachedChain.doFilter(ServletHandler.java:1767)
	at org.apache.hadoop.security.authentication.server.AuthenticationFilter.doFilter(AuthenticationFilter.java:644)
	at org.apache.hadoop.security.token.delegation.web.DelegationTokenAuthenticationFilter.doFilter(DelegationTokenAuthenticationFilter.java:304)
	at org.apache.hadoop.security.authentication.server.AuthenticationFilter.doFilter(AuthenticationFilter.java:592)
	at org.apache.hadoop.crypto.key.kms.server.KMSAuthenticationFilter.doFilter(KMSAuthenticationFilter.java:142)
	at org.eclipse.jetty.servlet.ServletHandler$CachedChain.doFilter(ServletHandler.java:1759)
	at org.apache.hadoop.http.HttpServer2$QuotingInputFilter.doFilter(HttpServer2.java:1609)
	at org.eclipse.jetty.servlet.ServletHandler$CachedChain.doFilter(ServletHandler.java:1767)
	at org.apache.hadoop.http.NoCacheFilter.doFilter(NoCacheFilter.java:45)
	at org.eclipse.jetty.servlet.ServletHandler$CachedChain.doFilter(ServletHandler.java:1767)
	at org.eclipse.jetty.servlet.ServletHandler.doHandle(ServletHandler.java:583)
	at org.eclipse.jetty.server.handler.ScopedHandler.handle(ScopedHandler.java:143)
	at org.eclipse.jetty.security.SecurityHandler.handle(SecurityHandler.java:548)
	at org.eclipse.jetty.server.session.SessionHandler.doHandle(SessionHandler.java:226)
	at org.eclipse.jetty.server.handler.ContextHandler.doHandle(ContextHandler.java:1180)
	at org.eclipse.jetty.servlet.ServletHandler.doScope(ServletHandler.java:513)
	at org.eclipse.jetty.server.session.SessionHandler.doScope(SessionHandler.java:185)
	at org.eclipse.jetty.server.handler.ContextHandler.doScope(ContextHandler.java:1112)
	at org.eclipse.jetty.server.handler.ScopedHandler.handle(ScopedHandler.java:141)
	at org.eclipse.jetty.server.handler.HandlerCollection.handle(HandlerCollection.java:119)
	at org.eclipse.jetty.server.handler.HandlerWrapper.handle(HandlerWrapper.java:134)
	at org.eclipse.jetty.server.Server.handle(Server.java:536)
	at org.eclipse.jetty.server.HttpChannel.handle(HttpChannel.java:333)
	at org.eclipse.jetty.server.HttpConnection.onFillable(HttpConnection.java:251)
	at org.eclipse.jetty.io.AbstractConnection$ReadCallback.succeeded(AbstractConnection.java:283)
	at org.eclipse.jetty.io.FillInterest.fillable(FillInterest.java:108)
	at org.eclipse.jetty.io.SelectChannelEndPoint$2.run(SelectChannelEndPoint.java:93)
	at org.eclipse.jetty.util.thread.strategy.ExecuteProduceConsume.executeProduceConsume(ExecuteProduceConsume.java:303)
	at org.eclipse.jetty.util.thread.strategy.ExecuteProduceConsume.produceConsume(ExecuteProduceConsume.java:148)
	at org.eclipse.jetty.util.thread.strategy.ExecuteProduceConsume.run(ExecuteProduceConsume.java:136)
	at org.eclipse.jetty.util.thread.QueuedThreadPool.runJob(QueuedThreadPool.java:671)
	at org.eclipse.jetty.util.thread.QueuedThreadPool$2.run(QueuedThreadPool.java:589)
	at java.lang.Thread.run(Thread.java:748)

Sep 29, 2019 11:05:13 AM com.sun.jersey.server.wadl.generators.AbstractWadlGeneratorGrammarGenerator attachTypes
INFO: Couldn't find grammar element for class java.util.Map
Sep 29, 2019 11:05:13 AM com.sun.jersey.server.wadl.generators.AbstractWadlGeneratorGrammarGenerator attachTypes
INFO: Couldn't find grammar element for class javax.ws.rs.core.Response
Sep 29, 2019 11:05:13 AM com.sun.jersey.server.wadl.generators.AbstractWadlGeneratorGrammarGenerator attachTypes
INFO: Couldn't find grammar element for class javax.ws.rs.core.Response
Sep 29, 2019 11:05:13 AM com.sun.jersey.server.wadl.generators.AbstractWadlGeneratorGrammarGenerator attachTypes
INFO: Couldn't find grammar element for class java.util.Map
Sep 29, 2019 11:05:13 AM com.sun.jersey.server.wadl.generators.AbstractWadlGeneratorGrammarGenerator attachTypes
INFO: Couldn't find grammar element for class java.util.Map
Sep 29, 2019 11:05:13 AM com.sun.jersey.server.wadl.generators.AbstractWadlGeneratorGrammarGenerator attachTypes
INFO: Couldn't find grammar element for class java.util.Map
Sep 29, 2019 11:05:13 AM com.sun.jersey.server.wadl.generators.AbstractWadlGeneratorGrammarGenerator attachTypes
INFO: Couldn't find grammar element for class javax.ws.rs.core.Response
Sep 29, 2019 11:05:13 AM com.sun.jersey.server.wadl.generators.AbstractWadlGeneratorGrammarGenerator attachTypes
INFO: Couldn't find grammar element for class java.util.Map
]]></system-err>
  </testcase>
  <testcase name="testMultipartUpload" classname="org.apache.hadoop.ozone.client.rpc.TestOzoneAtRestEncryption" time="7.741"/>
  <testcase name="testInitiateMultipartUploadWithReplicationInformationSet" classname="org.apache.hadoop.ozone.client.rpc.TestOzoneAtRestEncryption" time="0.033"/>
  <testcase name="testRenameKey" classname="org.apache.hadoop.ozone.client.rpc.TestOzoneAtRestEncryption" time="0.026">
    <error message="Allocated 0 blocks. Requested 1 blocks" type="INTERNAL_ERROR org.apache.hadoop.ozone.om.exceptions.OMException">INTERNAL_ERROR org.apache.hadoop.ozone.om.exceptions.OMException: Allocated 0 blocks. Requested 1 blocks
	at org.apache.hadoop.ozone.om.protocolPB.OzoneManagerProtocolClientSideTranslatorPB.handleError(OzoneManagerProtocolClientSideTranslatorPB.java:732)
	at org.apache.hadoop.ozone.om.protocolPB.OzoneManagerProtocolClientSideTranslatorPB.openKey(OzoneManagerProtocolClientSideTranslatorPB.java:723)
	at sun.reflect.NativeMethodAccessorImpl.invoke0(Native Method)
	at sun.reflect.NativeMethodAccessorImpl.invoke(NativeMethodAccessorImpl.java:62)
	at sun.reflect.DelegatingMethodAccessorImpl.invoke(DelegatingMethodAccessorImpl.java:43)
	at java.lang.reflect.Method.invoke(Method.java:498)
	at org.apache.hadoop.hdds.tracing.TraceAllMethod.invoke(TraceAllMethod.java:66)
	at com.sun.proxy.$Proxy86.openKey(Unknown Source)
	at org.apache.hadoop.ozone.client.rpc.RpcClient.createKey(RpcClient.java:614)
	at org.apache.hadoop.ozone.client.OzoneBucket.createKey(OzoneBucket.java:325)
	at org.apache.hadoop.ozone.client.rpc.TestOzoneRpcClientAbstract.testRenameKey(TestOzoneRpcClientAbstract.java:1273)
	at sun.reflect.NativeMethodAccessorImpl.invoke0(Native Method)
	at sun.reflect.NativeMethodAccessorImpl.invoke(NativeMethodAccessorImpl.java:62)
	at sun.reflect.DelegatingMethodAccessorImpl.invoke(DelegatingMethodAccessorImpl.java:43)
	at java.lang.reflect.Method.invoke(Method.java:498)
	at org.junit.runners.model.FrameworkMethod$1.runReflectiveCall(FrameworkMethod.java:47)
	at org.junit.internal.runners.model.ReflectiveCallable.run(ReflectiveCallable.java:12)
	at org.junit.runners.model.FrameworkMethod.invokeExplosively(FrameworkMethod.java:44)
	at org.junit.internal.runners.statements.InvokeMethod.evaluate(InvokeMethod.java:17)
	at org.junit.runners.ParentRunner.runLeaf(ParentRunner.java:271)
	at org.junit.runners.BlockJUnit4ClassRunner.runChild(BlockJUnit4ClassRunner.java:70)
	at org.junit.runners.BlockJUnit4ClassRunner.runChild(BlockJUnit4ClassRunner.java:50)
	at org.junit.runners.ParentRunner$3.run(ParentRunner.java:238)
	at org.junit.runners.ParentRunner$1.schedule(ParentRunner.java:63)
	at org.junit.runners.ParentRunner.runChildren(ParentRunner.java:236)
	at org.junit.runners.ParentRunner.access$000(ParentRunner.java:53)
	at org.junit.runners.ParentRunner$2.evaluate(ParentRunner.java:229)
	at org.junit.internal.runners.statements.RunBefores.evaluate(RunBefores.java:26)
	at org.junit.internal.runners.statements.RunAfters.evaluate(RunAfters.java:27)
	at org.junit.runners.ParentRunner.run(ParentRunner.java:309)
	at org.apache.maven.surefire.junit4.JUnit4Provider.execute(JUnit4Provider.java:365)
	at org.apache.maven.surefire.junit4.JUnit4Provider.executeWithRerun(JUnit4Provider.java:273)
	at org.apache.maven.surefire.junit4.JUnit4Provider.executeTestSet(JUnit4Provider.java:238)
	at org.apache.maven.surefire.junit4.JUnit4Provider.invoke(JUnit4Provider.java:159)
	at org.apache.maven.surefire.booter.ForkedBooter.invokeProviderInSameClassLoader(ForkedBooter.java:384)
	at org.apache.maven.surefire.booter.ForkedBooter.runSuitesInProcess(ForkedBooter.java:345)
	at org.apache.maven.surefire.booter.ForkedBooter.execute(ForkedBooter.java:126)
	at org.apache.maven.surefire.booter.ForkedBooter.main(ForkedBooter.java:418)
</error>
    <system-out><![CDATA[2019-09-29 11:05:22,898 [main] INFO  rpc.RpcClient (RpcClient.java:createVolume(276)) - Creating Volume: 0252c325-ee8f-449e-8576-01e53951e999, with jenkins1000 as owner.
2019-09-29 11:05:22,903 [IPC Server handler 19 on 40572] INFO  volume.OMVolumeCreateRequest (OMVolumeCreateRequest.java:validateAndUpdateCache(189)) - created volume:0252c325-ee8f-449e-8576-01e53951e999 for user:jenkins1000
2019-09-29 11:05:22,908 [main] INFO  rpc.RpcClient (RpcClient.java:createBucket(415)) - Creating Bucket: 0252c325-ee8f-449e-8576-01e53951e999/d2d2b1a4-b995-480b-b2c6-c87f8131bbb4, with Versioning false and Storage Type set to DISK and Encryption set to false 
2019-09-29 11:05:22,917 [IPC Server handler 2 on 45663] WARN  block.BlockManagerImpl (BlockManagerImpl.java:allocateBlock(192)) - Pipeline creation failed for type:STAND_ALONE factor:ONE. Datanodes may be used up.
org.apache.hadoop.hdds.scm.exceptions.SCMException: Pipeline number meets the limit: 20
	at org.apache.hadoop.hdds.scm.pipeline.SCMPipelineManager.createPipeline(SCMPipelineManager.java:174)
	at org.apache.hadoop.hdds.scm.block.BlockManagerImpl.allocateBlock(BlockManagerImpl.java:190)
	at org.apache.hadoop.hdds.scm.server.SCMBlockProtocolServer.allocateBlock(SCMBlockProtocolServer.java:182)
	at org.apache.hadoop.ozone.protocolPB.ScmBlockLocationProtocolServerSideTranslatorPB.allocateScmBlock(ScmBlockLocationProtocolServerSideTranslatorPB.java:183)
	at org.apache.hadoop.ozone.protocolPB.ScmBlockLocationProtocolServerSideTranslatorPB.processMessage(ScmBlockLocationProtocolServerSideTranslatorPB.java:141)
	at org.apache.hadoop.ozone.protocolPB.ScmBlockLocationProtocolServerSideTranslatorPB.send(ScmBlockLocationProtocolServerSideTranslatorPB.java:116)
	at org.apache.hadoop.hdds.protocol.proto.ScmBlockLocationProtocolProtos$ScmBlockLocationProtocolService$2.callBlockingMethod(ScmBlockLocationProtocolProtos.java:13157)
	at org.apache.hadoop.ipc.ProtobufRpcEngine$Server$ProtoBufRpcInvoker.call(ProtobufRpcEngine.java:524)
	at org.apache.hadoop.ipc.RPC$Server.call(RPC.java:1025)
	at org.apache.hadoop.ipc.Server$RpcCall.run(Server.java:876)
	at org.apache.hadoop.ipc.Server$RpcCall.run(Server.java:822)
	at java.security.AccessController.doPrivileged(Native Method)
	at javax.security.auth.Subject.doAs(Subject.java:422)
	at org.apache.hadoop.security.UserGroupInformation.doAs(UserGroupInformation.java:1730)
	at org.apache.hadoop.ipc.Server$Handler.run(Server.java:2682)
2019-09-29 11:05:22,920 [IPC Server handler 2 on 45663] ERROR block.BlockManagerImpl (BlockManagerImpl.java:allocateBlock(226)) - Unable to allocate a block for the size: 4194304, type: STAND_ALONE, factor: ONE
]]></system-out>
  </testcase>
  <testcase name="testCreateBucketWithVersioning" classname="org.apache.hadoop.ozone.client.rpc.TestOzoneAtRestEncryption" time="0.009"/>
  <testcase name="testCreateS3Bucket" classname="org.apache.hadoop.ozone.client.rpc.TestOzoneAtRestEncryption" time="0.023"/>
  <testcase name="testUploadPartOverrideWithStandAlone" classname="org.apache.hadoop.ozone.client.rpc.TestOzoneAtRestEncryption" time="0.034">
    <error message="Allocated 0 blocks. Requested 1 blocks" type="INTERNAL_ERROR org.apache.hadoop.ozone.om.exceptions.OMException">INTERNAL_ERROR org.apache.hadoop.ozone.om.exceptions.OMException: Allocated 0 blocks. Requested 1 blocks
	at org.apache.hadoop.ozone.om.protocolPB.OzoneManagerProtocolClientSideTranslatorPB.handleError(OzoneManagerProtocolClientSideTranslatorPB.java:732)
	at org.apache.hadoop.ozone.om.protocolPB.OzoneManagerProtocolClientSideTranslatorPB.allocateBlock(OzoneManagerProtocolClientSideTranslatorPB.java:764)
	at sun.reflect.NativeMethodAccessorImpl.invoke0(Native Method)
	at sun.reflect.NativeMethodAccessorImpl.invoke(NativeMethodAccessorImpl.java:62)
	at sun.reflect.DelegatingMethodAccessorImpl.invoke(DelegatingMethodAccessorImpl.java:43)
	at java.lang.reflect.Method.invoke(Method.java:498)
	at org.apache.hadoop.hdds.tracing.TraceAllMethod.invoke(TraceAllMethod.java:66)
	at com.sun.proxy.$Proxy86.allocateBlock(Unknown Source)
	at org.apache.hadoop.ozone.client.io.BlockOutputStreamEntryPool.allocateNewBlock(BlockOutputStreamEntryPool.java:248)
	at org.apache.hadoop.ozone.client.io.BlockOutputStreamEntryPool.allocateBlockIfNeeded(BlockOutputStreamEntryPool.java:296)
	at org.apache.hadoop.ozone.client.io.KeyOutputStream.handleWrite(KeyOutputStream.java:198)
	at org.apache.hadoop.ozone.client.io.KeyOutputStream.write(KeyOutputStream.java:190)
	at org.apache.hadoop.ozone.client.io.OzoneOutputStream.write(OzoneOutputStream.java:49)
	at org.apache.hadoop.ozone.client.rpc.TestOzoneRpcClientAbstract.testUploadPartOverrideWithStandAlone(TestOzoneRpcClientAbstract.java:1718)
	at sun.reflect.NativeMethodAccessorImpl.invoke0(Native Method)
	at sun.reflect.NativeMethodAccessorImpl.invoke(NativeMethodAccessorImpl.java:62)
	at sun.reflect.DelegatingMethodAccessorImpl.invoke(DelegatingMethodAccessorImpl.java:43)
	at java.lang.reflect.Method.invoke(Method.java:498)
	at org.junit.runners.model.FrameworkMethod$1.runReflectiveCall(FrameworkMethod.java:47)
	at org.junit.internal.runners.model.ReflectiveCallable.run(ReflectiveCallable.java:12)
	at org.junit.runners.model.FrameworkMethod.invokeExplosively(FrameworkMethod.java:44)
	at org.junit.internal.runners.statements.InvokeMethod.evaluate(InvokeMethod.java:17)
	at org.junit.runners.ParentRunner.runLeaf(ParentRunner.java:271)
	at org.junit.runners.BlockJUnit4ClassRunner.runChild(BlockJUnit4ClassRunner.java:70)
	at org.junit.runners.BlockJUnit4ClassRunner.runChild(BlockJUnit4ClassRunner.java:50)
	at org.junit.runners.ParentRunner$3.run(ParentRunner.java:238)
	at org.junit.runners.ParentRunner$1.schedule(ParentRunner.java:63)
	at org.junit.runners.ParentRunner.runChildren(ParentRunner.java:236)
	at org.junit.runners.ParentRunner.access$000(ParentRunner.java:53)
	at org.junit.runners.ParentRunner$2.evaluate(ParentRunner.java:229)
	at org.junit.internal.runners.statements.RunBefores.evaluate(RunBefores.java:26)
	at org.junit.internal.runners.statements.RunAfters.evaluate(RunAfters.java:27)
	at org.junit.runners.ParentRunner.run(ParentRunner.java:309)
	at org.apache.maven.surefire.junit4.JUnit4Provider.execute(JUnit4Provider.java:365)
	at org.apache.maven.surefire.junit4.JUnit4Provider.executeWithRerun(JUnit4Provider.java:273)
	at org.apache.maven.surefire.junit4.JUnit4Provider.executeTestSet(JUnit4Provider.java:238)
	at org.apache.maven.surefire.junit4.JUnit4Provider.invoke(JUnit4Provider.java:159)
	at org.apache.maven.surefire.booter.ForkedBooter.invokeProviderInSameClassLoader(ForkedBooter.java:384)
	at org.apache.maven.surefire.booter.ForkedBooter.runSuitesInProcess(ForkedBooter.java:345)
	at org.apache.maven.surefire.booter.ForkedBooter.execute(ForkedBooter.java:126)
	at org.apache.maven.surefire.booter.ForkedBooter.main(ForkedBooter.java:418)
</error>
    <system-out><![CDATA[2019-09-29 11:05:22,957 [main] INFO  rpc.RpcClient (RpcClient.java:createVolume(276)) - Creating Volume: 7bcadd25-9d67-4c7d-8ff7-d66f13e40df4, with jenkins1000 as owner.
2019-09-29 11:05:22,958 [IPC Server handler 2 on 40572] INFO  volume.OMVolumeCreateRequest (OMVolumeCreateRequest.java:validateAndUpdateCache(189)) - created volume:7bcadd25-9d67-4c7d-8ff7-d66f13e40df4 for user:jenkins1000
2019-09-29 11:05:22,975 [main] INFO  rpc.RpcClient (RpcClient.java:createBucket(415)) - Creating Bucket: 7bcadd25-9d67-4c7d-8ff7-d66f13e40df4/fe1c5c1b-0864-41d7-b837-c1bcf92d6f5b, with Versioning false and Storage Type set to DISK and Encryption set to false 
2019-09-29 11:05:22,987 [IPC Server handler 0 on 45663] WARN  block.BlockManagerImpl (BlockManagerImpl.java:allocateBlock(192)) - Pipeline creation failed for type:STAND_ALONE factor:ONE. Datanodes may be used up.
org.apache.hadoop.hdds.scm.exceptions.SCMException: Pipeline number meets the limit: 20
	at org.apache.hadoop.hdds.scm.pipeline.SCMPipelineManager.createPipeline(SCMPipelineManager.java:174)
	at org.apache.hadoop.hdds.scm.block.BlockManagerImpl.allocateBlock(BlockManagerImpl.java:190)
	at org.apache.hadoop.hdds.scm.server.SCMBlockProtocolServer.allocateBlock(SCMBlockProtocolServer.java:182)
	at org.apache.hadoop.ozone.protocolPB.ScmBlockLocationProtocolServerSideTranslatorPB.allocateScmBlock(ScmBlockLocationProtocolServerSideTranslatorPB.java:183)
	at org.apache.hadoop.ozone.protocolPB.ScmBlockLocationProtocolServerSideTranslatorPB.processMessage(ScmBlockLocationProtocolServerSideTranslatorPB.java:141)
	at org.apache.hadoop.ozone.protocolPB.ScmBlockLocationProtocolServerSideTranslatorPB.send(ScmBlockLocationProtocolServerSideTranslatorPB.java:116)
	at org.apache.hadoop.hdds.protocol.proto.ScmBlockLocationProtocolProtos$ScmBlockLocationProtocolService$2.callBlockingMethod(ScmBlockLocationProtocolProtos.java:13157)
	at org.apache.hadoop.ipc.ProtobufRpcEngine$Server$ProtoBufRpcInvoker.call(ProtobufRpcEngine.java:524)
	at org.apache.hadoop.ipc.RPC$Server.call(RPC.java:1025)
	at org.apache.hadoop.ipc.Server$RpcCall.run(Server.java:876)
	at org.apache.hadoop.ipc.Server$RpcCall.run(Server.java:822)
	at java.security.AccessController.doPrivileged(Native Method)
	at javax.security.auth.Subject.doAs(Subject.java:422)
	at org.apache.hadoop.security.UserGroupInformation.doAs(UserGroupInformation.java:1730)
	at org.apache.hadoop.ipc.Server$Handler.run(Server.java:2682)
2019-09-29 11:05:22,987 [IPC Server handler 0 on 45663] ERROR block.BlockManagerImpl (BlockManagerImpl.java:allocateBlock(226)) - Unable to allocate a block for the size: 4194304, type: STAND_ALONE, factor: ONE
2019-09-29 11:05:22,988 [main] ERROR io.BlockOutputStreamEntryPool (BlockOutputStreamEntryPool.java:allocateBlockIfNeeded(299)) - Try to allocate more blocks for write failed, already allocated 0 blocks for this write.
INTERNAL_ERROR org.apache.hadoop.ozone.om.exceptions.OMException: Allocated 0 blocks. Requested 1 blocks
	at org.apache.hadoop.ozone.om.protocolPB.OzoneManagerProtocolClientSideTranslatorPB.handleError(OzoneManagerProtocolClientSideTranslatorPB.java:732)
	at org.apache.hadoop.ozone.om.protocolPB.OzoneManagerProtocolClientSideTranslatorPB.allocateBlock(OzoneManagerProtocolClientSideTranslatorPB.java:764)
	at sun.reflect.NativeMethodAccessorImpl.invoke0(Native Method)
	at sun.reflect.NativeMethodAccessorImpl.invoke(NativeMethodAccessorImpl.java:62)
	at sun.reflect.DelegatingMethodAccessorImpl.invoke(DelegatingMethodAccessorImpl.java:43)
	at java.lang.reflect.Method.invoke(Method.java:498)
	at org.apache.hadoop.hdds.tracing.TraceAllMethod.invoke(TraceAllMethod.java:66)
	at com.sun.proxy.$Proxy86.allocateBlock(Unknown Source)
	at org.apache.hadoop.ozone.client.io.BlockOutputStreamEntryPool.allocateNewBlock(BlockOutputStreamEntryPool.java:248)
	at org.apache.hadoop.ozone.client.io.BlockOutputStreamEntryPool.allocateBlockIfNeeded(BlockOutputStreamEntryPool.java:296)
	at org.apache.hadoop.ozone.client.io.KeyOutputStream.handleWrite(KeyOutputStream.java:198)
	at org.apache.hadoop.ozone.client.io.KeyOutputStream.write(KeyOutputStream.java:190)
	at org.apache.hadoop.ozone.client.io.OzoneOutputStream.write(OzoneOutputStream.java:49)
	at org.apache.hadoop.ozone.client.rpc.TestOzoneRpcClientAbstract.testUploadPartOverrideWithStandAlone(TestOzoneRpcClientAbstract.java:1718)
	at sun.reflect.NativeMethodAccessorImpl.invoke0(Native Method)
	at sun.reflect.NativeMethodAccessorImpl.invoke(NativeMethodAccessorImpl.java:62)
	at sun.reflect.DelegatingMethodAccessorImpl.invoke(DelegatingMethodAccessorImpl.java:43)
	at java.lang.reflect.Method.invoke(Method.java:498)
	at org.junit.runners.model.FrameworkMethod$1.runReflectiveCall(FrameworkMethod.java:47)
	at org.junit.internal.runners.model.ReflectiveCallable.run(ReflectiveCallable.java:12)
	at org.junit.runners.model.FrameworkMethod.invokeExplosively(FrameworkMethod.java:44)
	at org.junit.internal.runners.statements.InvokeMethod.evaluate(InvokeMethod.java:17)
	at org.junit.runners.ParentRunner.runLeaf(ParentRunner.java:271)
	at org.junit.runners.BlockJUnit4ClassRunner.runChild(BlockJUnit4ClassRunner.java:70)
	at org.junit.runners.BlockJUnit4ClassRunner.runChild(BlockJUnit4ClassRunner.java:50)
	at org.junit.runners.ParentRunner$3.run(ParentRunner.java:238)
	at org.junit.runners.ParentRunner$1.schedule(ParentRunner.java:63)
	at org.junit.runners.ParentRunner.runChildren(ParentRunner.java:236)
	at org.junit.runners.ParentRunner.access$000(ParentRunner.java:53)
	at org.junit.runners.ParentRunner$2.evaluate(ParentRunner.java:229)
	at org.junit.internal.runners.statements.RunBefores.evaluate(RunBefores.java:26)
	at org.junit.internal.runners.statements.RunAfters.evaluate(RunAfters.java:27)
	at org.junit.runners.ParentRunner.run(ParentRunner.java:309)
	at org.apache.maven.surefire.junit4.JUnit4Provider.execute(JUnit4Provider.java:365)
	at org.apache.maven.surefire.junit4.JUnit4Provider.executeWithRerun(JUnit4Provider.java:273)
	at org.apache.maven.surefire.junit4.JUnit4Provider.executeTestSet(JUnit4Provider.java:238)
	at org.apache.maven.surefire.junit4.JUnit4Provider.invoke(JUnit4Provider.java:159)
	at org.apache.maven.surefire.booter.ForkedBooter.invokeProviderInSameClassLoader(ForkedBooter.java:384)
	at org.apache.maven.surefire.booter.ForkedBooter.runSuitesInProcess(ForkedBooter.java:345)
	at org.apache.maven.surefire.booter.ForkedBooter.execute(ForkedBooter.java:126)
	at org.apache.maven.surefire.booter.ForkedBooter.main(ForkedBooter.java:418)
]]></system-out>
  </testcase>
  <testcase name="testNativeAclsForKey" classname="org.apache.hadoop.ozone.client.rpc.TestOzoneAtRestEncryption" time="0.013">
    <error message="Allocated 0 blocks. Requested 1 blocks" type="INTERNAL_ERROR org.apache.hadoop.ozone.om.exceptions.OMException">INTERNAL_ERROR org.apache.hadoop.ozone.om.exceptions.OMException: Allocated 0 blocks. Requested 1 blocks
	at org.apache.hadoop.ozone.om.protocolPB.OzoneManagerProtocolClientSideTranslatorPB.handleError(OzoneManagerProtocolClientSideTranslatorPB.java:732)
	at org.apache.hadoop.ozone.om.protocolPB.OzoneManagerProtocolClientSideTranslatorPB.openKey(OzoneManagerProtocolClientSideTranslatorPB.java:723)
	at sun.reflect.NativeMethodAccessorImpl.invoke0(Native Method)
	at sun.reflect.NativeMethodAccessorImpl.invoke(NativeMethodAccessorImpl.java:62)
	at sun.reflect.DelegatingMethodAccessorImpl.invoke(DelegatingMethodAccessorImpl.java:43)
	at java.lang.reflect.Method.invoke(Method.java:498)
	at org.apache.hadoop.hdds.tracing.TraceAllMethod.invoke(TraceAllMethod.java:66)
	at com.sun.proxy.$Proxy86.openKey(Unknown Source)
	at org.apache.hadoop.ozone.client.rpc.RpcClient.createKey(RpcClient.java:614)
	at org.apache.hadoop.ozone.client.OzoneBucket.createKey(OzoneBucket.java:325)
	at org.apache.hadoop.ozone.client.rpc.TestOzoneRpcClientAbstract.writeKey(TestOzoneRpcClientAbstract.java:2542)
	at org.apache.hadoop.ozone.client.rpc.TestOzoneRpcClientAbstract.testNativeAclsForKey(TestOzoneRpcClientAbstract.java:2309)
	at sun.reflect.NativeMethodAccessorImpl.invoke0(Native Method)
	at sun.reflect.NativeMethodAccessorImpl.invoke(NativeMethodAccessorImpl.java:62)
	at sun.reflect.DelegatingMethodAccessorImpl.invoke(DelegatingMethodAccessorImpl.java:43)
	at java.lang.reflect.Method.invoke(Method.java:498)
	at org.junit.runners.model.FrameworkMethod$1.runReflectiveCall(FrameworkMethod.java:47)
	at org.junit.internal.runners.model.ReflectiveCallable.run(ReflectiveCallable.java:12)
	at org.junit.runners.model.FrameworkMethod.invokeExplosively(FrameworkMethod.java:44)
	at org.junit.internal.runners.statements.InvokeMethod.evaluate(InvokeMethod.java:17)
	at org.junit.runners.ParentRunner.runLeaf(ParentRunner.java:271)
	at org.junit.runners.BlockJUnit4ClassRunner.runChild(BlockJUnit4ClassRunner.java:70)
	at org.junit.runners.BlockJUnit4ClassRunner.runChild(BlockJUnit4ClassRunner.java:50)
	at org.junit.runners.ParentRunner$3.run(ParentRunner.java:238)
	at org.junit.runners.ParentRunner$1.schedule(ParentRunner.java:63)
	at org.junit.runners.ParentRunner.runChildren(ParentRunner.java:236)
	at org.junit.runners.ParentRunner.access$000(ParentRunner.java:53)
	at org.junit.runners.ParentRunner$2.evaluate(ParentRunner.java:229)
	at org.junit.internal.runners.statements.RunBefores.evaluate(RunBefores.java:26)
	at org.junit.internal.runners.statements.RunAfters.evaluate(RunAfters.java:27)
	at org.junit.runners.ParentRunner.run(ParentRunner.java:309)
	at org.apache.maven.surefire.junit4.JUnit4Provider.execute(JUnit4Provider.java:365)
	at org.apache.maven.surefire.junit4.JUnit4Provider.executeWithRerun(JUnit4Provider.java:273)
	at org.apache.maven.surefire.junit4.JUnit4Provider.executeTestSet(JUnit4Provider.java:238)
	at org.apache.maven.surefire.junit4.JUnit4Provider.invoke(JUnit4Provider.java:159)
	at org.apache.maven.surefire.booter.ForkedBooter.invokeProviderInSameClassLoader(ForkedBooter.java:384)
	at org.apache.maven.surefire.booter.ForkedBooter.runSuitesInProcess(ForkedBooter.java:345)
	at org.apache.maven.surefire.booter.ForkedBooter.execute(ForkedBooter.java:126)
	at org.apache.maven.surefire.booter.ForkedBooter.main(ForkedBooter.java:418)
</error>
    <system-out><![CDATA[2019-09-29 11:05:22,990 [main] INFO  rpc.RpcClient (RpcClient.java:createVolume(276)) - Creating Volume: 16532b22-cbda-43f4-89e6-d01ccbc488a7, with jenkins1000 as owner.
2019-09-29 11:05:22,992 [IPC Server handler 19 on 40572] INFO  volume.OMVolumeCreateRequest (OMVolumeCreateRequest.java:validateAndUpdateCache(189)) - created volume:16532b22-cbda-43f4-89e6-d01ccbc488a7 for user:jenkins1000
2019-09-29 11:05:22,994 [main] INFO  rpc.RpcClient (RpcClient.java:createBucket(415)) - Creating Bucket: 16532b22-cbda-43f4-89e6-d01ccbc488a7/3bf89afd-07be-45aa-911f-db56cf5b192f, with Versioning false and Storage Type set to DISK and Encryption set to false 
2019-09-29 11:05:23,000 [IPC Server handler 1 on 45663] WARN  block.BlockManagerImpl (BlockManagerImpl.java:allocateBlock(192)) - Pipeline creation failed for type:STAND_ALONE factor:ONE. Datanodes may be used up.
org.apache.hadoop.hdds.scm.exceptions.SCMException: Pipeline number meets the limit: 20
	at org.apache.hadoop.hdds.scm.pipeline.SCMPipelineManager.createPipeline(SCMPipelineManager.java:174)
	at org.apache.hadoop.hdds.scm.block.BlockManagerImpl.allocateBlock(BlockManagerImpl.java:190)
	at org.apache.hadoop.hdds.scm.server.SCMBlockProtocolServer.allocateBlock(SCMBlockProtocolServer.java:182)
	at org.apache.hadoop.ozone.protocolPB.ScmBlockLocationProtocolServerSideTranslatorPB.allocateScmBlock(ScmBlockLocationProtocolServerSideTranslatorPB.java:183)
	at org.apache.hadoop.ozone.protocolPB.ScmBlockLocationProtocolServerSideTranslatorPB.processMessage(ScmBlockLocationProtocolServerSideTranslatorPB.java:141)
	at org.apache.hadoop.ozone.protocolPB.ScmBlockLocationProtocolServerSideTranslatorPB.send(ScmBlockLocationProtocolServerSideTranslatorPB.java:116)
	at org.apache.hadoop.hdds.protocol.proto.ScmBlockLocationProtocolProtos$ScmBlockLocationProtocolService$2.callBlockingMethod(ScmBlockLocationProtocolProtos.java:13157)
	at org.apache.hadoop.ipc.ProtobufRpcEngine$Server$ProtoBufRpcInvoker.call(ProtobufRpcEngine.java:524)
	at org.apache.hadoop.ipc.RPC$Server.call(RPC.java:1025)
	at org.apache.hadoop.ipc.Server$RpcCall.run(Server.java:876)
	at org.apache.hadoop.ipc.Server$RpcCall.run(Server.java:822)
	at java.security.AccessController.doPrivileged(Native Method)
	at javax.security.auth.Subject.doAs(Subject.java:422)
	at org.apache.hadoop.security.UserGroupInformation.doAs(UserGroupInformation.java:1730)
	at org.apache.hadoop.ipc.Server$Handler.run(Server.java:2682)
2019-09-29 11:05:23,001 [IPC Server handler 1 on 45663] ERROR block.BlockManagerImpl (BlockManagerImpl.java:allocateBlock(226)) - Unable to allocate a block for the size: 4194304, type: STAND_ALONE, factor: ONE
]]></system-out>
  </testcase>
  <testcase name="testAddBucketAcl" classname="org.apache.hadoop.ozone.client.rpc.TestOzoneAtRestEncryption" time="0.031"/>
  <testcase name="testReadKeyWithVerifyChecksumFlagDisable" classname="org.apache.hadoop.ozone.client.rpc.TestOzoneAtRestEncryption" time="0.415"/>
  <testcase name="testAclsAfterCallingSetBucketProperty" classname="org.apache.hadoop.ozone.client.rpc.TestOzoneAtRestEncryption" time="0.019"/>
  <testcase name="testGDPR" classname="org.apache.hadoop.ozone.client.rpc.TestOzoneAtRestEncryption" time="0.012">
    <error message="Allocated 0 blocks. Requested 1 blocks" type="INTERNAL_ERROR org.apache.hadoop.ozone.om.exceptions.OMException">INTERNAL_ERROR org.apache.hadoop.ozone.om.exceptions.OMException: Allocated 0 blocks. Requested 1 blocks
	at org.apache.hadoop.ozone.om.protocolPB.OzoneManagerProtocolClientSideTranslatorPB.handleError(OzoneManagerProtocolClientSideTranslatorPB.java:732)
	at org.apache.hadoop.ozone.om.protocolPB.OzoneManagerProtocolClientSideTranslatorPB.openKey(OzoneManagerProtocolClientSideTranslatorPB.java:723)
	at sun.reflect.NativeMethodAccessorImpl.invoke0(Native Method)
	at sun.reflect.NativeMethodAccessorImpl.invoke(NativeMethodAccessorImpl.java:62)
	at sun.reflect.DelegatingMethodAccessorImpl.invoke(DelegatingMethodAccessorImpl.java:43)
	at java.lang.reflect.Method.invoke(Method.java:498)
	at org.apache.hadoop.hdds.tracing.TraceAllMethod.invoke(TraceAllMethod.java:66)
	at com.sun.proxy.$Proxy86.openKey(Unknown Source)
	at org.apache.hadoop.ozone.client.rpc.RpcClient.createKey(RpcClient.java:614)
	at org.apache.hadoop.ozone.client.OzoneBucket.createKey(OzoneBucket.java:325)
	at org.apache.hadoop.ozone.client.rpc.TestOzoneRpcClientAbstract.testGDPR(TestOzoneRpcClientAbstract.java:2691)
	at sun.reflect.NativeMethodAccessorImpl.invoke0(Native Method)
	at sun.reflect.NativeMethodAccessorImpl.invoke(NativeMethodAccessorImpl.java:62)
	at sun.reflect.DelegatingMethodAccessorImpl.invoke(DelegatingMethodAccessorImpl.java:43)
	at java.lang.reflect.Method.invoke(Method.java:498)
	at org.junit.runners.model.FrameworkMethod$1.runReflectiveCall(FrameworkMethod.java:47)
	at org.junit.internal.runners.model.ReflectiveCallable.run(ReflectiveCallable.java:12)
	at org.junit.runners.model.FrameworkMethod.invokeExplosively(FrameworkMethod.java:44)
	at org.junit.internal.runners.statements.InvokeMethod.evaluate(InvokeMethod.java:17)
	at org.junit.runners.ParentRunner.runLeaf(ParentRunner.java:271)
	at org.junit.runners.BlockJUnit4ClassRunner.runChild(BlockJUnit4ClassRunner.java:70)
	at org.junit.runners.BlockJUnit4ClassRunner.runChild(BlockJUnit4ClassRunner.java:50)
	at org.junit.runners.ParentRunner$3.run(ParentRunner.java:238)
	at org.junit.runners.ParentRunner$1.schedule(ParentRunner.java:63)
	at org.junit.runners.ParentRunner.runChildren(ParentRunner.java:236)
	at org.junit.runners.ParentRunner.access$000(ParentRunner.java:53)
	at org.junit.runners.ParentRunner$2.evaluate(ParentRunner.java:229)
	at org.junit.internal.runners.statements.RunBefores.evaluate(RunBefores.java:26)
	at org.junit.internal.runners.statements.RunAfters.evaluate(RunAfters.java:27)
	at org.junit.runners.ParentRunner.run(ParentRunner.java:309)
	at org.apache.maven.surefire.junit4.JUnit4Provider.execute(JUnit4Provider.java:365)
	at org.apache.maven.surefire.junit4.JUnit4Provider.executeWithRerun(JUnit4Provider.java:273)
	at org.apache.maven.surefire.junit4.JUnit4Provider.executeTestSet(JUnit4Provider.java:238)
	at org.apache.maven.surefire.junit4.JUnit4Provider.invoke(JUnit4Provider.java:159)
	at org.apache.maven.surefire.booter.ForkedBooter.invokeProviderInSameClassLoader(ForkedBooter.java:384)
	at org.apache.maven.surefire.booter.ForkedBooter.runSuitesInProcess(ForkedBooter.java:345)
	at org.apache.maven.surefire.booter.ForkedBooter.execute(ForkedBooter.java:126)
	at org.apache.maven.surefire.booter.ForkedBooter.main(ForkedBooter.java:418)
</error>
    <system-out><![CDATA[2019-09-29 11:05:23,468 [main] INFO  rpc.RpcClient (RpcClient.java:createVolume(276)) - Creating Volume: 2705bf65-3e0a-4eeb-ad9d-603e13b84bea, with jenkins1000 as owner.
2019-09-29 11:05:23,469 [IPC Server handler 15 on 40572] INFO  volume.OMVolumeCreateRequest (OMVolumeCreateRequest.java:validateAndUpdateCache(189)) - created volume:2705bf65-3e0a-4eeb-ad9d-603e13b84bea for user:jenkins1000
2019-09-29 11:05:23,471 [main] INFO  rpc.RpcClient (RpcClient.java:createBucket(415)) - Creating Bucket: 2705bf65-3e0a-4eeb-ad9d-603e13b84bea/313d4707-b631-4de0-b75a-e3e9bdb6901f, with Versioning false and Storage Type set to DISK and Encryption set to false 
2019-09-29 11:05:23,478 [IPC Server handler 9 on 45663] WARN  block.BlockManagerImpl (BlockManagerImpl.java:allocateBlock(192)) - Pipeline creation failed for type:STAND_ALONE factor:ONE. Datanodes may be used up.
org.apache.hadoop.hdds.scm.exceptions.SCMException: Pipeline number meets the limit: 20
	at org.apache.hadoop.hdds.scm.pipeline.SCMPipelineManager.createPipeline(SCMPipelineManager.java:174)
	at org.apache.hadoop.hdds.scm.block.BlockManagerImpl.allocateBlock(BlockManagerImpl.java:190)
	at org.apache.hadoop.hdds.scm.server.SCMBlockProtocolServer.allocateBlock(SCMBlockProtocolServer.java:182)
	at org.apache.hadoop.ozone.protocolPB.ScmBlockLocationProtocolServerSideTranslatorPB.allocateScmBlock(ScmBlockLocationProtocolServerSideTranslatorPB.java:183)
	at org.apache.hadoop.ozone.protocolPB.ScmBlockLocationProtocolServerSideTranslatorPB.processMessage(ScmBlockLocationProtocolServerSideTranslatorPB.java:141)
	at org.apache.hadoop.ozone.protocolPB.ScmBlockLocationProtocolServerSideTranslatorPB.send(ScmBlockLocationProtocolServerSideTranslatorPB.java:116)
	at org.apache.hadoop.hdds.protocol.proto.ScmBlockLocationProtocolProtos$ScmBlockLocationProtocolService$2.callBlockingMethod(ScmBlockLocationProtocolProtos.java:13157)
	at org.apache.hadoop.ipc.ProtobufRpcEngine$Server$ProtoBufRpcInvoker.call(ProtobufRpcEngine.java:524)
	at org.apache.hadoop.ipc.RPC$Server.call(RPC.java:1025)
	at org.apache.hadoop.ipc.Server$RpcCall.run(Server.java:876)
	at org.apache.hadoop.ipc.Server$RpcCall.run(Server.java:822)
	at java.security.AccessController.doPrivileged(Native Method)
	at javax.security.auth.Subject.doAs(Subject.java:422)
	at org.apache.hadoop.security.UserGroupInformation.doAs(UserGroupInformation.java:1730)
	at org.apache.hadoop.ipc.Server$Handler.run(Server.java:2682)
2019-09-29 11:05:23,478 [IPC Server handler 9 on 45663] ERROR block.BlockManagerImpl (BlockManagerImpl.java:allocateBlock(226)) - Unable to allocate a block for the size: 4194304, type: STAND_ALONE, factor: ONE
]]></system-out>
  </testcase>
  <testcase name="testListMultipartUploadParts" classname="org.apache.hadoop.ozone.client.rpc.TestOzoneAtRestEncryption" time="0.017">
    <error message="Allocated 0 blocks. Requested 1 blocks" type="INTERNAL_ERROR org.apache.hadoop.ozone.om.exceptions.OMException">INTERNAL_ERROR org.apache.hadoop.ozone.om.exceptions.OMException: Allocated 0 blocks. Requested 1 blocks
	at org.apache.hadoop.ozone.om.protocolPB.OzoneManagerProtocolClientSideTranslatorPB.handleError(OzoneManagerProtocolClientSideTranslatorPB.java:732)
	at org.apache.hadoop.ozone.om.protocolPB.OzoneManagerProtocolClientSideTranslatorPB.allocateBlock(OzoneManagerProtocolClientSideTranslatorPB.java:764)
	at sun.reflect.NativeMethodAccessorImpl.invoke0(Native Method)
	at sun.reflect.NativeMethodAccessorImpl.invoke(NativeMethodAccessorImpl.java:62)
	at sun.reflect.DelegatingMethodAccessorImpl.invoke(DelegatingMethodAccessorImpl.java:43)
	at java.lang.reflect.Method.invoke(Method.java:498)
	at org.apache.hadoop.hdds.tracing.TraceAllMethod.invoke(TraceAllMethod.java:66)
	at com.sun.proxy.$Proxy86.allocateBlock(Unknown Source)
	at org.apache.hadoop.ozone.client.io.BlockOutputStreamEntryPool.allocateNewBlock(BlockOutputStreamEntryPool.java:248)
	at org.apache.hadoop.ozone.client.io.BlockOutputStreamEntryPool.allocateBlockIfNeeded(BlockOutputStreamEntryPool.java:296)
	at org.apache.hadoop.ozone.client.io.KeyOutputStream.handleWrite(KeyOutputStream.java:198)
	at org.apache.hadoop.ozone.client.io.KeyOutputStream.write(KeyOutputStream.java:190)
	at org.apache.hadoop.ozone.client.io.OzoneOutputStream.write(OzoneOutputStream.java:49)
	at org.apache.hadoop.ozone.client.rpc.TestOzoneRpcClientAbstract.uploadPart(TestOzoneRpcClientAbstract.java:2625)
	at org.apache.hadoop.ozone.client.rpc.TestOzoneRpcClientAbstract.testListMultipartUploadParts(TestOzoneRpcClientAbstract.java:2029)
	at sun.reflect.NativeMethodAccessorImpl.invoke0(Native Method)
	at sun.reflect.NativeMethodAccessorImpl.invoke(NativeMethodAccessorImpl.java:62)
	at sun.reflect.DelegatingMethodAccessorImpl.invoke(DelegatingMethodAccessorImpl.java:43)
	at java.lang.reflect.Method.invoke(Method.java:498)
	at org.junit.runners.model.FrameworkMethod$1.runReflectiveCall(FrameworkMethod.java:47)
	at org.junit.internal.runners.model.ReflectiveCallable.run(ReflectiveCallable.java:12)
	at org.junit.runners.model.FrameworkMethod.invokeExplosively(FrameworkMethod.java:44)
	at org.junit.internal.runners.statements.InvokeMethod.evaluate(InvokeMethod.java:17)
	at org.junit.runners.ParentRunner.runLeaf(ParentRunner.java:271)
	at org.junit.runners.BlockJUnit4ClassRunner.runChild(BlockJUnit4ClassRunner.java:70)
	at org.junit.runners.BlockJUnit4ClassRunner.runChild(BlockJUnit4ClassRunner.java:50)
	at org.junit.runners.ParentRunner$3.run(ParentRunner.java:238)
	at org.junit.runners.ParentRunner$1.schedule(ParentRunner.java:63)
	at org.junit.runners.ParentRunner.runChildren(ParentRunner.java:236)
	at org.junit.runners.ParentRunner.access$000(ParentRunner.java:53)
	at org.junit.runners.ParentRunner$2.evaluate(ParentRunner.java:229)
	at org.junit.internal.runners.statements.RunBefores.evaluate(RunBefores.java:26)
	at org.junit.internal.runners.statements.RunAfters.evaluate(RunAfters.java:27)
	at org.junit.runners.ParentRunner.run(ParentRunner.java:309)
	at org.apache.maven.surefire.junit4.JUnit4Provider.execute(JUnit4Provider.java:365)
	at org.apache.maven.surefire.junit4.JUnit4Provider.executeWithRerun(JUnit4Provider.java:273)
	at org.apache.maven.surefire.junit4.JUnit4Provider.executeTestSet(JUnit4Provider.java:238)
	at org.apache.maven.surefire.junit4.JUnit4Provider.invoke(JUnit4Provider.java:159)
	at org.apache.maven.surefire.booter.ForkedBooter.invokeProviderInSameClassLoader(ForkedBooter.java:384)
	at org.apache.maven.surefire.booter.ForkedBooter.runSuitesInProcess(ForkedBooter.java:345)
	at org.apache.maven.surefire.booter.ForkedBooter.execute(ForkedBooter.java:126)
	at org.apache.maven.surefire.booter.ForkedBooter.main(ForkedBooter.java:418)
</error>
    <system-out><![CDATA[2019-09-29 11:05:23,480 [main] INFO  rpc.RpcClient (RpcClient.java:createVolume(276)) - Creating Volume: 6dc42f94-e2c0-4859-9b2d-dc26e433f0db, with jenkins1000 as owner.
2019-09-29 11:05:23,481 [IPC Server handler 8 on 40572] INFO  volume.OMVolumeCreateRequest (OMVolumeCreateRequest.java:validateAndUpdateCache(189)) - created volume:6dc42f94-e2c0-4859-9b2d-dc26e433f0db for user:jenkins1000
2019-09-29 11:05:23,483 [main] INFO  rpc.RpcClient (RpcClient.java:createBucket(415)) - Creating Bucket: 6dc42f94-e2c0-4859-9b2d-dc26e433f0db/af04445d-c6cb-4610-8dde-963a06fabfe8, with Versioning false and Storage Type set to DISK and Encryption set to false 
2019-09-29 11:05:23,494 [IPC Server handler 12 on 45663] WARN  block.BlockManagerImpl (BlockManagerImpl.java:allocateBlock(192)) - Pipeline creation failed for type:STAND_ALONE factor:ONE. Datanodes may be used up.
org.apache.hadoop.hdds.scm.exceptions.SCMException: Pipeline number meets the limit: 20
	at org.apache.hadoop.hdds.scm.pipeline.SCMPipelineManager.createPipeline(SCMPipelineManager.java:174)
	at org.apache.hadoop.hdds.scm.block.BlockManagerImpl.allocateBlock(BlockManagerImpl.java:190)
	at org.apache.hadoop.hdds.scm.server.SCMBlockProtocolServer.allocateBlock(SCMBlockProtocolServer.java:182)
	at org.apache.hadoop.ozone.protocolPB.ScmBlockLocationProtocolServerSideTranslatorPB.allocateScmBlock(ScmBlockLocationProtocolServerSideTranslatorPB.java:183)
	at org.apache.hadoop.ozone.protocolPB.ScmBlockLocationProtocolServerSideTranslatorPB.processMessage(ScmBlockLocationProtocolServerSideTranslatorPB.java:141)
	at org.apache.hadoop.ozone.protocolPB.ScmBlockLocationProtocolServerSideTranslatorPB.send(ScmBlockLocationProtocolServerSideTranslatorPB.java:116)
	at org.apache.hadoop.hdds.protocol.proto.ScmBlockLocationProtocolProtos$ScmBlockLocationProtocolService$2.callBlockingMethod(ScmBlockLocationProtocolProtos.java:13157)
	at org.apache.hadoop.ipc.ProtobufRpcEngine$Server$ProtoBufRpcInvoker.call(ProtobufRpcEngine.java:524)
	at org.apache.hadoop.ipc.RPC$Server.call(RPC.java:1025)
	at org.apache.hadoop.ipc.Server$RpcCall.run(Server.java:876)
	at org.apache.hadoop.ipc.Server$RpcCall.run(Server.java:822)
	at java.security.AccessController.doPrivileged(Native Method)
	at javax.security.auth.Subject.doAs(Subject.java:422)
	at org.apache.hadoop.security.UserGroupInformation.doAs(UserGroupInformation.java:1730)
	at org.apache.hadoop.ipc.Server$Handler.run(Server.java:2682)
2019-09-29 11:05:23,495 [IPC Server handler 12 on 45663] ERROR block.BlockManagerImpl (BlockManagerImpl.java:allocateBlock(226)) - Unable to allocate a block for the size: 4194304, type: STAND_ALONE, factor: ONE
2019-09-29 11:05:23,496 [main] ERROR io.BlockOutputStreamEntryPool (BlockOutputStreamEntryPool.java:allocateBlockIfNeeded(299)) - Try to allocate more blocks for write failed, already allocated 0 blocks for this write.
INTERNAL_ERROR org.apache.hadoop.ozone.om.exceptions.OMException: Allocated 0 blocks. Requested 1 blocks
	at org.apache.hadoop.ozone.om.protocolPB.OzoneManagerProtocolClientSideTranslatorPB.handleError(OzoneManagerProtocolClientSideTranslatorPB.java:732)
	at org.apache.hadoop.ozone.om.protocolPB.OzoneManagerProtocolClientSideTranslatorPB.allocateBlock(OzoneManagerProtocolClientSideTranslatorPB.java:764)
	at sun.reflect.NativeMethodAccessorImpl.invoke0(Native Method)
	at sun.reflect.NativeMethodAccessorImpl.invoke(NativeMethodAccessorImpl.java:62)
	at sun.reflect.DelegatingMethodAccessorImpl.invoke(DelegatingMethodAccessorImpl.java:43)
	at java.lang.reflect.Method.invoke(Method.java:498)
	at org.apache.hadoop.hdds.tracing.TraceAllMethod.invoke(TraceAllMethod.java:66)
	at com.sun.proxy.$Proxy86.allocateBlock(Unknown Source)
	at org.apache.hadoop.ozone.client.io.BlockOutputStreamEntryPool.allocateNewBlock(BlockOutputStreamEntryPool.java:248)
	at org.apache.hadoop.ozone.client.io.BlockOutputStreamEntryPool.allocateBlockIfNeeded(BlockOutputStreamEntryPool.java:296)
	at org.apache.hadoop.ozone.client.io.KeyOutputStream.handleWrite(KeyOutputStream.java:198)
	at org.apache.hadoop.ozone.client.io.KeyOutputStream.write(KeyOutputStream.java:190)
	at org.apache.hadoop.ozone.client.io.OzoneOutputStream.write(OzoneOutputStream.java:49)
	at org.apache.hadoop.ozone.client.rpc.TestOzoneRpcClientAbstract.uploadPart(TestOzoneRpcClientAbstract.java:2625)
	at org.apache.hadoop.ozone.client.rpc.TestOzoneRpcClientAbstract.testListMultipartUploadParts(TestOzoneRpcClientAbstract.java:2029)
	at sun.reflect.NativeMethodAccessorImpl.invoke0(Native Method)
	at sun.reflect.NativeMethodAccessorImpl.invoke(NativeMethodAccessorImpl.java:62)
	at sun.reflect.DelegatingMethodAccessorImpl.invoke(DelegatingMethodAccessorImpl.java:43)
	at java.lang.reflect.Method.invoke(Method.java:498)
	at org.junit.runners.model.FrameworkMethod$1.runReflectiveCall(FrameworkMethod.java:47)
	at org.junit.internal.runners.model.ReflectiveCallable.run(ReflectiveCallable.java:12)
	at org.junit.runners.model.FrameworkMethod.invokeExplosively(FrameworkMethod.java:44)
	at org.junit.internal.runners.statements.InvokeMethod.evaluate(InvokeMethod.java:17)
	at org.junit.runners.ParentRunner.runLeaf(ParentRunner.java:271)
	at org.junit.runners.BlockJUnit4ClassRunner.runChild(BlockJUnit4ClassRunner.java:70)
	at org.junit.runners.BlockJUnit4ClassRunner.runChild(BlockJUnit4ClassRunner.java:50)
	at org.junit.runners.ParentRunner$3.run(ParentRunner.java:238)
	at org.junit.runners.ParentRunner$1.schedule(ParentRunner.java:63)
	at org.junit.runners.ParentRunner.runChildren(ParentRunner.java:236)
	at org.junit.runners.ParentRunner.access$000(ParentRunner.java:53)
	at org.junit.runners.ParentRunner$2.evaluate(ParentRunner.java:229)
	at org.junit.internal.runners.statements.RunBefores.evaluate(RunBefores.java:26)
	at org.junit.internal.runners.statements.RunAfters.evaluate(RunAfters.java:27)
	at org.junit.runners.ParentRunner.run(ParentRunner.java:309)
	at org.apache.maven.surefire.junit4.JUnit4Provider.execute(JUnit4Provider.java:365)
	at org.apache.maven.surefire.junit4.JUnit4Provider.executeWithRerun(JUnit4Provider.java:273)
	at org.apache.maven.surefire.junit4.JUnit4Provider.executeTestSet(JUnit4Provider.java:238)
	at org.apache.maven.surefire.junit4.JUnit4Provider.invoke(JUnit4Provider.java:159)
	at org.apache.maven.surefire.booter.ForkedBooter.invokeProviderInSameClassLoader(ForkedBooter.java:384)
	at org.apache.maven.surefire.booter.ForkedBooter.runSuitesInProcess(ForkedBooter.java:345)
	at org.apache.maven.surefire.booter.ForkedBooter.execute(ForkedBooter.java:126)
	at org.apache.maven.surefire.booter.ForkedBooter.main(ForkedBooter.java:418)
]]></system-out>
  </testcase>
  <testcase name="testNativeAclsForBucket" classname="org.apache.hadoop.ozone.client.rpc.TestOzoneAtRestEncryption" time="0.069"/>
  <testcase name="testPutKeyRatisThreeNodesParallel" classname="org.apache.hadoop.ozone.client.rpc.TestOzoneAtRestEncryption" time="0">
    <skipped message="Debug Jenkins Timeout"/>
  </testcase>
  <testcase name="testDeleteS3NonExistingBucket" classname="org.apache.hadoop.ozone.client.rpc.TestOzoneAtRestEncryption" time="0.016"/>
  <testcase name="testListPartsWithInvalidUploadID" classname="org.apache.hadoop.ozone.client.rpc.TestOzoneAtRestEncryption" time="0.014"/>
  <testcase name="testUploadPartOverrideWithRatis" classname="org.apache.hadoop.ozone.client.rpc.TestOzoneAtRestEncryption" time="1.79"/>
  <testcase name="testListBucket" classname="org.apache.hadoop.ozone.client.rpc.TestOzoneAtRestEncryption" time="0.137"/>
  <testcase name="testSetBucketStorageType" classname="org.apache.hadoop.ozone.client.rpc.TestOzoneAtRestEncryption" time="0.007"/>
  <testcase name="testGetKeyDetails" classname="org.apache.hadoop.ozone.client.rpc.TestOzoneAtRestEncryption" time="0.013">
    <error message="Allocated 0 blocks. Requested 1 blocks" type="INTERNAL_ERROR org.apache.hadoop.ozone.om.exceptions.OMException">INTERNAL_ERROR org.apache.hadoop.ozone.om.exceptions.OMException: Allocated 0 blocks. Requested 1 blocks
	at org.apache.hadoop.ozone.om.protocolPB.OzoneManagerProtocolClientSideTranslatorPB.handleError(OzoneManagerProtocolClientSideTranslatorPB.java:732)
	at org.apache.hadoop.ozone.om.protocolPB.OzoneManagerProtocolClientSideTranslatorPB.openKey(OzoneManagerProtocolClientSideTranslatorPB.java:723)
	at sun.reflect.NativeMethodAccessorImpl.invoke0(Native Method)
	at sun.reflect.NativeMethodAccessorImpl.invoke(NativeMethodAccessorImpl.java:62)
	at sun.reflect.DelegatingMethodAccessorImpl.invoke(DelegatingMethodAccessorImpl.java:43)
	at java.lang.reflect.Method.invoke(Method.java:498)
	at org.apache.hadoop.hdds.tracing.TraceAllMethod.invoke(TraceAllMethod.java:66)
	at com.sun.proxy.$Proxy86.openKey(Unknown Source)
	at org.apache.hadoop.ozone.client.rpc.RpcClient.createKey(RpcClient.java:614)
	at org.apache.hadoop.ozone.client.OzoneBucket.createKey(OzoneBucket.java:325)
	at org.apache.hadoop.ozone.client.rpc.TestOzoneRpcClientAbstract.testGetKeyDetails(TestOzoneRpcClientAbstract.java:992)
	at sun.reflect.NativeMethodAccessorImpl.invoke0(Native Method)
	at sun.reflect.NativeMethodAccessorImpl.invoke(NativeMethodAccessorImpl.java:62)
	at sun.reflect.DelegatingMethodAccessorImpl.invoke(DelegatingMethodAccessorImpl.java:43)
	at java.lang.reflect.Method.invoke(Method.java:498)
	at org.junit.runners.model.FrameworkMethod$1.runReflectiveCall(FrameworkMethod.java:47)
	at org.junit.internal.runners.model.ReflectiveCallable.run(ReflectiveCallable.java:12)
	at org.junit.runners.model.FrameworkMethod.invokeExplosively(FrameworkMethod.java:44)
	at org.junit.internal.runners.statements.InvokeMethod.evaluate(InvokeMethod.java:17)
	at org.junit.runners.ParentRunner.runLeaf(ParentRunner.java:271)
	at org.junit.runners.BlockJUnit4ClassRunner.runChild(BlockJUnit4ClassRunner.java:70)
	at org.junit.runners.BlockJUnit4ClassRunner.runChild(BlockJUnit4ClassRunner.java:50)
	at org.junit.runners.ParentRunner$3.run(ParentRunner.java:238)
	at org.junit.runners.ParentRunner$1.schedule(ParentRunner.java:63)
	at org.junit.runners.ParentRunner.runChildren(ParentRunner.java:236)
	at org.junit.runners.ParentRunner.access$000(ParentRunner.java:53)
	at org.junit.runners.ParentRunner$2.evaluate(ParentRunner.java:229)
	at org.junit.internal.runners.statements.RunBefores.evaluate(RunBefores.java:26)
	at org.junit.internal.runners.statements.RunAfters.evaluate(RunAfters.java:27)
	at org.junit.runners.ParentRunner.run(ParentRunner.java:309)
	at org.apache.maven.surefire.junit4.JUnit4Provider.execute(JUnit4Provider.java:365)
	at org.apache.maven.surefire.junit4.JUnit4Provider.executeWithRerun(JUnit4Provider.java:273)
	at org.apache.maven.surefire.junit4.JUnit4Provider.executeTestSet(JUnit4Provider.java:238)
	at org.apache.maven.surefire.junit4.JUnit4Provider.invoke(JUnit4Provider.java:159)
	at org.apache.maven.surefire.booter.ForkedBooter.invokeProviderInSameClassLoader(ForkedBooter.java:384)
	at org.apache.maven.surefire.booter.ForkedBooter.runSuitesInProcess(ForkedBooter.java:345)
	at org.apache.maven.surefire.booter.ForkedBooter.execute(ForkedBooter.java:126)
	at org.apache.maven.surefire.booter.ForkedBooter.main(ForkedBooter.java:418)
</error>
    <system-out><![CDATA[2019-09-29 11:05:25,531 [main] INFO  rpc.RpcClient (RpcClient.java:createVolume(276)) - Creating Volume: 5bdc0b48-7fb7-4daf-9603-b641293625c9, with jenkins1000 as owner.
2019-09-29 11:05:25,533 [IPC Server handler 9 on 40572] INFO  volume.OMVolumeCreateRequest (OMVolumeCreateRequest.java:validateAndUpdateCache(189)) - created volume:5bdc0b48-7fb7-4daf-9603-b641293625c9 for user:jenkins1000
2019-09-29 11:05:25,534 [main] INFO  rpc.RpcClient (RpcClient.java:createBucket(415)) - Creating Bucket: 5bdc0b48-7fb7-4daf-9603-b641293625c9/85c3afa3-5c46-4e2a-8d3f-be8445fdf513, with Versioning false and Storage Type set to DISK and Encryption set to false 
2019-09-29 11:05:25,542 [IPC Server handler 4 on 45663] WARN  block.BlockManagerImpl (BlockManagerImpl.java:allocateBlock(192)) - Pipeline creation failed for type:STAND_ALONE factor:ONE. Datanodes may be used up.
org.apache.hadoop.hdds.scm.exceptions.SCMException: Pipeline number meets the limit: 20
	at org.apache.hadoop.hdds.scm.pipeline.SCMPipelineManager.createPipeline(SCMPipelineManager.java:174)
	at org.apache.hadoop.hdds.scm.block.BlockManagerImpl.allocateBlock(BlockManagerImpl.java:190)
	at org.apache.hadoop.hdds.scm.server.SCMBlockProtocolServer.allocateBlock(SCMBlockProtocolServer.java:182)
	at org.apache.hadoop.ozone.protocolPB.ScmBlockLocationProtocolServerSideTranslatorPB.allocateScmBlock(ScmBlockLocationProtocolServerSideTranslatorPB.java:183)
	at org.apache.hadoop.ozone.protocolPB.ScmBlockLocationProtocolServerSideTranslatorPB.processMessage(ScmBlockLocationProtocolServerSideTranslatorPB.java:141)
	at org.apache.hadoop.ozone.protocolPB.ScmBlockLocationProtocolServerSideTranslatorPB.send(ScmBlockLocationProtocolServerSideTranslatorPB.java:116)
	at org.apache.hadoop.hdds.protocol.proto.ScmBlockLocationProtocolProtos$ScmBlockLocationProtocolService$2.callBlockingMethod(ScmBlockLocationProtocolProtos.java:13157)
	at org.apache.hadoop.ipc.ProtobufRpcEngine$Server$ProtoBufRpcInvoker.call(ProtobufRpcEngine.java:524)
	at org.apache.hadoop.ipc.RPC$Server.call(RPC.java:1025)
	at org.apache.hadoop.ipc.Server$RpcCall.run(Server.java:876)
	at org.apache.hadoop.ipc.Server$RpcCall.run(Server.java:822)
	at java.security.AccessController.doPrivileged(Native Method)
	at javax.security.auth.Subject.doAs(Subject.java:422)
	at org.apache.hadoop.security.UserGroupInformation.doAs(UserGroupInformation.java:1730)
	at org.apache.hadoop.ipc.Server$Handler.run(Server.java:2682)
2019-09-29 11:05:25,542 [IPC Server handler 4 on 45663] ERROR block.BlockManagerImpl (BlockManagerImpl.java:allocateBlock(226)) - Unable to allocate a block for the size: 4194304, type: STAND_ALONE, factor: ONE
]]></system-out>
  </testcase>
  <testcase name="testNativeAclsForPrefix" classname="org.apache.hadoop.ozone.client.rpc.TestOzoneAtRestEncryption" time="0.008">
    <error message="Allocated 0 blocks. Requested 1 blocks" type="INTERNAL_ERROR org.apache.hadoop.ozone.om.exceptions.OMException">INTERNAL_ERROR org.apache.hadoop.ozone.om.exceptions.OMException: Allocated 0 blocks. Requested 1 blocks
	at org.apache.hadoop.ozone.om.protocolPB.OzoneManagerProtocolClientSideTranslatorPB.handleError(OzoneManagerProtocolClientSideTranslatorPB.java:732)
	at org.apache.hadoop.ozone.om.protocolPB.OzoneManagerProtocolClientSideTranslatorPB.openKey(OzoneManagerProtocolClientSideTranslatorPB.java:723)
	at sun.reflect.NativeMethodAccessorImpl.invoke0(Native Method)
	at sun.reflect.NativeMethodAccessorImpl.invoke(NativeMethodAccessorImpl.java:62)
	at sun.reflect.DelegatingMethodAccessorImpl.invoke(DelegatingMethodAccessorImpl.java:43)
	at java.lang.reflect.Method.invoke(Method.java:498)
	at org.apache.hadoop.hdds.tracing.TraceAllMethod.invoke(TraceAllMethod.java:66)
	at com.sun.proxy.$Proxy86.openKey(Unknown Source)
	at org.apache.hadoop.ozone.client.rpc.RpcClient.createKey(RpcClient.java:614)
	at org.apache.hadoop.ozone.client.OzoneBucket.createKey(OzoneBucket.java:325)
	at org.apache.hadoop.ozone.client.rpc.TestOzoneRpcClientAbstract.writeKey(TestOzoneRpcClientAbstract.java:2542)
	at org.apache.hadoop.ozone.client.rpc.TestOzoneRpcClientAbstract.testNativeAclsForPrefix(TestOzoneRpcClientAbstract.java:2375)
	at sun.reflect.NativeMethodAccessorImpl.invoke0(Native Method)
	at sun.reflect.NativeMethodAccessorImpl.invoke(NativeMethodAccessorImpl.java:62)
	at sun.reflect.DelegatingMethodAccessorImpl.invoke(DelegatingMethodAccessorImpl.java:43)
	at java.lang.reflect.Method.invoke(Method.java:498)
	at org.junit.runners.model.FrameworkMethod$1.runReflectiveCall(FrameworkMethod.java:47)
	at org.junit.internal.runners.model.ReflectiveCallable.run(ReflectiveCallable.java:12)
	at org.junit.runners.model.FrameworkMethod.invokeExplosively(FrameworkMethod.java:44)
	at org.junit.internal.runners.statements.InvokeMethod.evaluate(InvokeMethod.java:17)
	at org.junit.runners.ParentRunner.runLeaf(ParentRunner.java:271)
	at org.junit.runners.BlockJUnit4ClassRunner.runChild(BlockJUnit4ClassRunner.java:70)
	at org.junit.runners.BlockJUnit4ClassRunner.runChild(BlockJUnit4ClassRunner.java:50)
	at org.junit.runners.ParentRunner$3.run(ParentRunner.java:238)
	at org.junit.runners.ParentRunner$1.schedule(ParentRunner.java:63)
	at org.junit.runners.ParentRunner.runChildren(ParentRunner.java:236)
	at org.junit.runners.ParentRunner.access$000(ParentRunner.java:53)
	at org.junit.runners.ParentRunner$2.evaluate(ParentRunner.java:229)
	at org.junit.internal.runners.statements.RunBefores.evaluate(RunBefores.java:26)
	at org.junit.internal.runners.statements.RunAfters.evaluate(RunAfters.java:27)
	at org.junit.runners.ParentRunner.run(ParentRunner.java:309)
	at org.apache.maven.surefire.junit4.JUnit4Provider.execute(JUnit4Provider.java:365)
	at org.apache.maven.surefire.junit4.JUnit4Provider.executeWithRerun(JUnit4Provider.java:273)
	at org.apache.maven.surefire.junit4.JUnit4Provider.executeTestSet(JUnit4Provider.java:238)
	at org.apache.maven.surefire.junit4.JUnit4Provider.invoke(JUnit4Provider.java:159)
	at org.apache.maven.surefire.booter.ForkedBooter.invokeProviderInSameClassLoader(ForkedBooter.java:384)
	at org.apache.maven.surefire.booter.ForkedBooter.runSuitesInProcess(ForkedBooter.java:345)
	at org.apache.maven.surefire.booter.ForkedBooter.execute(ForkedBooter.java:126)
	at org.apache.maven.surefire.booter.ForkedBooter.main(ForkedBooter.java:418)
</error>
    <system-out><![CDATA[2019-09-29 11:05:25,544 [main] INFO  rpc.RpcClient (RpcClient.java:createVolume(276)) - Creating Volume: 3a396024-be2f-4869-8492-b34f8872540a, with jenkins1000 as owner.
2019-09-29 11:05:25,545 [IPC Server handler 0 on 40572] INFO  volume.OMVolumeCreateRequest (OMVolumeCreateRequest.java:validateAndUpdateCache(189)) - created volume:3a396024-be2f-4869-8492-b34f8872540a for user:jenkins1000
2019-09-29 11:05:25,547 [main] INFO  rpc.RpcClient (RpcClient.java:createBucket(415)) - Creating Bucket: 3a396024-be2f-4869-8492-b34f8872540a/12458f61-d73e-48df-a94f-f2c5911bd58e, with Versioning false and Storage Type set to DISK and Encryption set to false 
2019-09-29 11:05:25,550 [IPC Server handler 7 on 45663] WARN  block.BlockManagerImpl (BlockManagerImpl.java:allocateBlock(192)) - Pipeline creation failed for type:STAND_ALONE factor:ONE. Datanodes may be used up.
org.apache.hadoop.hdds.scm.exceptions.SCMException: Pipeline number meets the limit: 20
	at org.apache.hadoop.hdds.scm.pipeline.SCMPipelineManager.createPipeline(SCMPipelineManager.java:174)
	at org.apache.hadoop.hdds.scm.block.BlockManagerImpl.allocateBlock(BlockManagerImpl.java:190)
	at org.apache.hadoop.hdds.scm.server.SCMBlockProtocolServer.allocateBlock(SCMBlockProtocolServer.java:182)
	at org.apache.hadoop.ozone.protocolPB.ScmBlockLocationProtocolServerSideTranslatorPB.allocateScmBlock(ScmBlockLocationProtocolServerSideTranslatorPB.java:183)
	at org.apache.hadoop.ozone.protocolPB.ScmBlockLocationProtocolServerSideTranslatorPB.processMessage(ScmBlockLocationProtocolServerSideTranslatorPB.java:141)
	at org.apache.hadoop.ozone.protocolPB.ScmBlockLocationProtocolServerSideTranslatorPB.send(ScmBlockLocationProtocolServerSideTranslatorPB.java:116)
	at org.apache.hadoop.hdds.protocol.proto.ScmBlockLocationProtocolProtos$ScmBlockLocationProtocolService$2.callBlockingMethod(ScmBlockLocationProtocolProtos.java:13157)
	at org.apache.hadoop.ipc.ProtobufRpcEngine$Server$ProtoBufRpcInvoker.call(ProtobufRpcEngine.java:524)
	at org.apache.hadoop.ipc.RPC$Server.call(RPC.java:1025)
	at org.apache.hadoop.ipc.Server$RpcCall.run(Server.java:876)
	at org.apache.hadoop.ipc.Server$RpcCall.run(Server.java:822)
	at java.security.AccessController.doPrivileged(Native Method)
	at javax.security.auth.Subject.doAs(Subject.java:422)
	at org.apache.hadoop.security.UserGroupInformation.doAs(UserGroupInformation.java:1730)
	at org.apache.hadoop.ipc.Server$Handler.run(Server.java:2682)
2019-09-29 11:05:25,551 [IPC Server handler 7 on 45663] ERROR block.BlockManagerImpl (BlockManagerImpl.java:allocateBlock(226)) - Unable to allocate a block for the size: 4194304, type: STAND_ALONE, factor: ONE
]]></system-out>
  </testcase>
  <testcase name="testOMClientProxyProvider" classname="org.apache.hadoop.ozone.client.rpc.TestOzoneAtRestEncryption" time="0"/>
  <testcase name="testCreateBucketWithAllArgument" classname="org.apache.hadoop.ozone.client.rpc.TestOzoneAtRestEncryption" time="0.007"/>
  <testcase name="testRemoveBucketAcl" classname="org.apache.hadoop.ozone.client.rpc.TestOzoneAtRestEncryption" time="0.007"/>
  <testcase name="testNativeAclsForVolume" classname="org.apache.hadoop.ozone.client.rpc.TestOzoneAtRestEncryption" time="0.039"/>
  <testcase name="testDeleteS3Bucket" classname="org.apache.hadoop.ozone.client.rpc.TestOzoneAtRestEncryption" time="0.011"/>
  <testcase name="testCreateSecureS3Bucket" classname="org.apache.hadoop.ozone.client.rpc.TestOzoneAtRestEncryption" time="0.004"/>
  <testcase name="testMultipartUploadWithMissingParts" classname="org.apache.hadoop.ozone.client.rpc.TestOzoneAtRestEncryption" time="0.012">
    <error message="Allocated 0 blocks. Requested 1 blocks" type="INTERNAL_ERROR org.apache.hadoop.ozone.om.exceptions.OMException">INTERNAL_ERROR org.apache.hadoop.ozone.om.exceptions.OMException: Allocated 0 blocks. Requested 1 blocks
	at org.apache.hadoop.ozone.om.protocolPB.OzoneManagerProtocolClientSideTranslatorPB.handleError(OzoneManagerProtocolClientSideTranslatorPB.java:732)
	at org.apache.hadoop.ozone.om.protocolPB.OzoneManagerProtocolClientSideTranslatorPB.allocateBlock(OzoneManagerProtocolClientSideTranslatorPB.java:764)
	at sun.reflect.NativeMethodAccessorImpl.invoke0(Native Method)
	at sun.reflect.NativeMethodAccessorImpl.invoke(NativeMethodAccessorImpl.java:62)
	at sun.reflect.DelegatingMethodAccessorImpl.invoke(DelegatingMethodAccessorImpl.java:43)
	at java.lang.reflect.Method.invoke(Method.java:498)
	at org.apache.hadoop.hdds.tracing.TraceAllMethod.invoke(TraceAllMethod.java:66)
	at com.sun.proxy.$Proxy86.allocateBlock(Unknown Source)
	at org.apache.hadoop.ozone.client.io.BlockOutputStreamEntryPool.allocateNewBlock(BlockOutputStreamEntryPool.java:248)
	at org.apache.hadoop.ozone.client.io.BlockOutputStreamEntryPool.allocateBlockIfNeeded(BlockOutputStreamEntryPool.java:296)
	at org.apache.hadoop.ozone.client.io.KeyOutputStream.handleWrite(KeyOutputStream.java:198)
	at org.apache.hadoop.ozone.client.io.KeyOutputStream.write(KeyOutputStream.java:190)
	at org.apache.hadoop.ozone.client.io.OzoneOutputStream.write(OzoneOutputStream.java:49)
	at org.apache.hadoop.ozone.client.rpc.TestOzoneRpcClientAbstract.uploadPart(TestOzoneRpcClientAbstract.java:2625)
	at org.apache.hadoop.ozone.client.rpc.TestOzoneRpcClientAbstract.testMultipartUploadWithMissingParts(TestOzoneRpcClientAbstract.java:1956)
	at sun.reflect.NativeMethodAccessorImpl.invoke0(Native Method)
	at sun.reflect.NativeMethodAccessorImpl.invoke(NativeMethodAccessorImpl.java:62)
	at sun.reflect.DelegatingMethodAccessorImpl.invoke(DelegatingMethodAccessorImpl.java:43)
	at java.lang.reflect.Method.invoke(Method.java:498)
	at org.junit.runners.model.FrameworkMethod$1.runReflectiveCall(FrameworkMethod.java:47)
	at org.junit.internal.runners.model.ReflectiveCallable.run(ReflectiveCallable.java:12)
	at org.junit.runners.model.FrameworkMethod.invokeExplosively(FrameworkMethod.java:44)
	at org.junit.internal.runners.statements.InvokeMethod.evaluate(InvokeMethod.java:17)
	at org.junit.runners.ParentRunner.runLeaf(ParentRunner.java:271)
	at org.junit.runners.BlockJUnit4ClassRunner.runChild(BlockJUnit4ClassRunner.java:70)
	at org.junit.runners.BlockJUnit4ClassRunner.runChild(BlockJUnit4ClassRunner.java:50)
	at org.junit.runners.ParentRunner$3.run(ParentRunner.java:238)
	at org.junit.runners.ParentRunner$1.schedule(ParentRunner.java:63)
	at org.junit.runners.ParentRunner.runChildren(ParentRunner.java:236)
	at org.junit.runners.ParentRunner.access$000(ParentRunner.java:53)
	at org.junit.runners.ParentRunner$2.evaluate(ParentRunner.java:229)
	at org.junit.internal.runners.statements.RunBefores.evaluate(RunBefores.java:26)
	at org.junit.internal.runners.statements.RunAfters.evaluate(RunAfters.java:27)
	at org.junit.runners.ParentRunner.run(ParentRunner.java:309)
	at org.apache.maven.surefire.junit4.JUnit4Provider.execute(JUnit4Provider.java:365)
	at org.apache.maven.surefire.junit4.JUnit4Provider.executeWithRerun(JUnit4Provider.java:273)
	at org.apache.maven.surefire.junit4.JUnit4Provider.executeTestSet(JUnit4Provider.java:238)
	at org.apache.maven.surefire.junit4.JUnit4Provider.invoke(JUnit4Provider.java:159)
	at org.apache.maven.surefire.booter.ForkedBooter.invokeProviderInSameClassLoader(ForkedBooter.java:384)
	at org.apache.maven.surefire.booter.ForkedBooter.runSuitesInProcess(ForkedBooter.java:345)
	at org.apache.maven.surefire.booter.ForkedBooter.execute(ForkedBooter.java:126)
	at org.apache.maven.surefire.booter.ForkedBooter.main(ForkedBooter.java:418)
</error>
    <system-out><![CDATA[2019-09-29 11:05:25,620 [main] INFO  rpc.RpcClient (RpcClient.java:createVolume(276)) - Creating Volume: ef4b64be-29bf-4a29-9a1d-219eb906f2cf, with jenkins1000 as owner.
2019-09-29 11:05:25,621 [IPC Server handler 17 on 40572] INFO  volume.OMVolumeCreateRequest (OMVolumeCreateRequest.java:validateAndUpdateCache(189)) - created volume:ef4b64be-29bf-4a29-9a1d-219eb906f2cf for user:jenkins1000
2019-09-29 11:05:25,623 [main] INFO  rpc.RpcClient (RpcClient.java:createBucket(415)) - Creating Bucket: ef4b64be-29bf-4a29-9a1d-219eb906f2cf/59d2c71c-e250-4ad4-8aec-d93b2bb52119, with Versioning false and Storage Type set to DISK and Encryption set to false 
2019-09-29 11:05:25,630 [IPC Server handler 2 on 45663] WARN  block.BlockManagerImpl (BlockManagerImpl.java:allocateBlock(192)) - Pipeline creation failed for type:STAND_ALONE factor:ONE. Datanodes may be used up.
org.apache.hadoop.hdds.scm.exceptions.SCMException: Pipeline number meets the limit: 20
	at org.apache.hadoop.hdds.scm.pipeline.SCMPipelineManager.createPipeline(SCMPipelineManager.java:174)
	at org.apache.hadoop.hdds.scm.block.BlockManagerImpl.allocateBlock(BlockManagerImpl.java:190)
	at org.apache.hadoop.hdds.scm.server.SCMBlockProtocolServer.allocateBlock(SCMBlockProtocolServer.java:182)
	at org.apache.hadoop.ozone.protocolPB.ScmBlockLocationProtocolServerSideTranslatorPB.allocateScmBlock(ScmBlockLocationProtocolServerSideTranslatorPB.java:183)
	at org.apache.hadoop.ozone.protocolPB.ScmBlockLocationProtocolServerSideTranslatorPB.processMessage(ScmBlockLocationProtocolServerSideTranslatorPB.java:141)
	at org.apache.hadoop.ozone.protocolPB.ScmBlockLocationProtocolServerSideTranslatorPB.send(ScmBlockLocationProtocolServerSideTranslatorPB.java:116)
	at org.apache.hadoop.hdds.protocol.proto.ScmBlockLocationProtocolProtos$ScmBlockLocationProtocolService$2.callBlockingMethod(ScmBlockLocationProtocolProtos.java:13157)
	at org.apache.hadoop.ipc.ProtobufRpcEngine$Server$ProtoBufRpcInvoker.call(ProtobufRpcEngine.java:524)
	at org.apache.hadoop.ipc.RPC$Server.call(RPC.java:1025)
	at org.apache.hadoop.ipc.Server$RpcCall.run(Server.java:876)
	at org.apache.hadoop.ipc.Server$RpcCall.run(Server.java:822)
	at java.security.AccessController.doPrivileged(Native Method)
	at javax.security.auth.Subject.doAs(Subject.java:422)
	at org.apache.hadoop.security.UserGroupInformation.doAs(UserGroupInformation.java:1730)
	at org.apache.hadoop.ipc.Server$Handler.run(Server.java:2682)
2019-09-29 11:05:25,630 [IPC Server handler 2 on 45663] ERROR block.BlockManagerImpl (BlockManagerImpl.java:allocateBlock(226)) - Unable to allocate a block for the size: 4194304, type: STAND_ALONE, factor: ONE
2019-09-29 11:05:25,631 [main] ERROR io.BlockOutputStreamEntryPool (BlockOutputStreamEntryPool.java:allocateBlockIfNeeded(299)) - Try to allocate more blocks for write failed, already allocated 0 blocks for this write.
INTERNAL_ERROR org.apache.hadoop.ozone.om.exceptions.OMException: Allocated 0 blocks. Requested 1 blocks
	at org.apache.hadoop.ozone.om.protocolPB.OzoneManagerProtocolClientSideTranslatorPB.handleError(OzoneManagerProtocolClientSideTranslatorPB.java:732)
	at org.apache.hadoop.ozone.om.protocolPB.OzoneManagerProtocolClientSideTranslatorPB.allocateBlock(OzoneManagerProtocolClientSideTranslatorPB.java:764)
	at sun.reflect.NativeMethodAccessorImpl.invoke0(Native Method)
	at sun.reflect.NativeMethodAccessorImpl.invoke(NativeMethodAccessorImpl.java:62)
	at sun.reflect.DelegatingMethodAccessorImpl.invoke(DelegatingMethodAccessorImpl.java:43)
	at java.lang.reflect.Method.invoke(Method.java:498)
	at org.apache.hadoop.hdds.tracing.TraceAllMethod.invoke(TraceAllMethod.java:66)
	at com.sun.proxy.$Proxy86.allocateBlock(Unknown Source)
	at org.apache.hadoop.ozone.client.io.BlockOutputStreamEntryPool.allocateNewBlock(BlockOutputStreamEntryPool.java:248)
	at org.apache.hadoop.ozone.client.io.BlockOutputStreamEntryPool.allocateBlockIfNeeded(BlockOutputStreamEntryPool.java:296)
	at org.apache.hadoop.ozone.client.io.KeyOutputStream.handleWrite(KeyOutputStream.java:198)
	at org.apache.hadoop.ozone.client.io.KeyOutputStream.write(KeyOutputStream.java:190)
	at org.apache.hadoop.ozone.client.io.OzoneOutputStream.write(OzoneOutputStream.java:49)
	at org.apache.hadoop.ozone.client.rpc.TestOzoneRpcClientAbstract.uploadPart(TestOzoneRpcClientAbstract.java:2625)
	at org.apache.hadoop.ozone.client.rpc.TestOzoneRpcClientAbstract.testMultipartUploadWithMissingParts(TestOzoneRpcClientAbstract.java:1956)
	at sun.reflect.NativeMethodAccessorImpl.invoke0(Native Method)
	at sun.reflect.NativeMethodAccessorImpl.invoke(NativeMethodAccessorImpl.java:62)
	at sun.reflect.DelegatingMethodAccessorImpl.invoke(DelegatingMethodAccessorImpl.java:43)
	at java.lang.reflect.Method.invoke(Method.java:498)
	at org.junit.runners.model.FrameworkMethod$1.runReflectiveCall(FrameworkMethod.java:47)
	at org.junit.internal.runners.model.ReflectiveCallable.run(ReflectiveCallable.java:12)
	at org.junit.runners.model.FrameworkMethod.invokeExplosively(FrameworkMethod.java:44)
	at org.junit.internal.runners.statements.InvokeMethod.evaluate(InvokeMethod.java:17)
	at org.junit.runners.ParentRunner.runLeaf(ParentRunner.java:271)
	at org.junit.runners.BlockJUnit4ClassRunner.runChild(BlockJUnit4ClassRunner.java:70)
	at org.junit.runners.BlockJUnit4ClassRunner.runChild(BlockJUnit4ClassRunner.java:50)
	at org.junit.runners.ParentRunner$3.run(ParentRunner.java:238)
	at org.junit.runners.ParentRunner$1.schedule(ParentRunner.java:63)
	at org.junit.runners.ParentRunner.runChildren(ParentRunner.java:236)
	at org.junit.runners.ParentRunner.access$000(ParentRunner.java:53)
	at org.junit.runners.ParentRunner$2.evaluate(ParentRunner.java:229)
	at org.junit.internal.runners.statements.RunBefores.evaluate(RunBefores.java:26)
	at org.junit.internal.runners.statements.RunAfters.evaluate(RunAfters.java:27)
	at org.junit.runners.ParentRunner.run(ParentRunner.java:309)
	at org.apache.maven.surefire.junit4.JUnit4Provider.execute(JUnit4Provider.java:365)
	at org.apache.maven.surefire.junit4.JUnit4Provider.executeWithRerun(JUnit4Provider.java:273)
	at org.apache.maven.surefire.junit4.JUnit4Provider.executeTestSet(JUnit4Provider.java:238)
	at org.apache.maven.surefire.junit4.JUnit4Provider.invoke(JUnit4Provider.java:159)
	at org.apache.maven.surefire.booter.ForkedBooter.invokeProviderInSameClassLoader(ForkedBooter.java:384)
	at org.apache.maven.surefire.booter.ForkedBooter.runSuitesInProcess(ForkedBooter.java:345)
	at org.apache.maven.surefire.booter.ForkedBooter.execute(ForkedBooter.java:126)
	at org.apache.maven.surefire.booter.ForkedBooter.main(ForkedBooter.java:418)
]]></system-out>
  </testcase>
  <testcase name="testListVolume" classname="org.apache.hadoop.ozone.client.rpc.TestOzoneAtRestEncryption" time="0">
    <skipped/>
  </testcase>
  <testcase name="testSetVolumeQuota" classname="org.apache.hadoop.ozone.client.rpc.TestOzoneAtRestEncryption" time="0.01"/>
  <testcase name="testDeleteBucket" classname="org.apache.hadoop.ozone.client.rpc.TestOzoneAtRestEncryption" time="0.008"/>
  <testcase name="testListKey" classname="org.apache.hadoop.ozone.client.rpc.TestOzoneAtRestEncryption" time="0.021">
    <error message="Allocated 0 blocks. Requested 1 blocks" type="INTERNAL_ERROR org.apache.hadoop.ozone.om.exceptions.OMException">INTERNAL_ERROR org.apache.hadoop.ozone.om.exceptions.OMException: Allocated 0 blocks. Requested 1 blocks
	at org.apache.hadoop.ozone.om.protocolPB.OzoneManagerProtocolClientSideTranslatorPB.handleError(OzoneManagerProtocolClientSideTranslatorPB.java:732)
	at org.apache.hadoop.ozone.om.protocolPB.OzoneManagerProtocolClientSideTranslatorPB.openKey(OzoneManagerProtocolClientSideTranslatorPB.java:723)
	at sun.reflect.NativeMethodAccessorImpl.invoke0(Native Method)
	at sun.reflect.NativeMethodAccessorImpl.invoke(NativeMethodAccessorImpl.java:62)
	at sun.reflect.DelegatingMethodAccessorImpl.invoke(DelegatingMethodAccessorImpl.java:43)
	at java.lang.reflect.Method.invoke(Method.java:498)
	at org.apache.hadoop.hdds.tracing.TraceAllMethod.invoke(TraceAllMethod.java:66)
	at com.sun.proxy.$Proxy86.openKey(Unknown Source)
	at org.apache.hadoop.ozone.client.rpc.RpcClient.createKey(RpcClient.java:614)
	at org.apache.hadoop.ozone.client.OzoneBucket.createKey(OzoneBucket.java:325)
	at org.apache.hadoop.ozone.client.rpc.TestOzoneRpcClientAbstract.testListKey(TestOzoneRpcClientAbstract.java:1467)
	at sun.reflect.NativeMethodAccessorImpl.invoke0(Native Method)
	at sun.reflect.NativeMethodAccessorImpl.invoke(NativeMethodAccessorImpl.java:62)
	at sun.reflect.DelegatingMethodAccessorImpl.invoke(DelegatingMethodAccessorImpl.java:43)
	at java.lang.reflect.Method.invoke(Method.java:498)
	at org.junit.runners.model.FrameworkMethod$1.runReflectiveCall(FrameworkMethod.java:47)
	at org.junit.internal.runners.model.ReflectiveCallable.run(ReflectiveCallable.java:12)
	at org.junit.runners.model.FrameworkMethod.invokeExplosively(FrameworkMethod.java:44)
	at org.junit.internal.runners.statements.InvokeMethod.evaluate(InvokeMethod.java:17)
	at org.junit.runners.ParentRunner.runLeaf(ParentRunner.java:271)
	at org.junit.runners.BlockJUnit4ClassRunner.runChild(BlockJUnit4ClassRunner.java:70)
	at org.junit.runners.BlockJUnit4ClassRunner.runChild(BlockJUnit4ClassRunner.java:50)
	at org.junit.runners.ParentRunner$3.run(ParentRunner.java:238)
	at org.junit.runners.ParentRunner$1.schedule(ParentRunner.java:63)
	at org.junit.runners.ParentRunner.runChildren(ParentRunner.java:236)
	at org.junit.runners.ParentRunner.access$000(ParentRunner.java:53)
	at org.junit.runners.ParentRunner$2.evaluate(ParentRunner.java:229)
	at org.junit.internal.runners.statements.RunBefores.evaluate(RunBefores.java:26)
	at org.junit.internal.runners.statements.RunAfters.evaluate(RunAfters.java:27)
	at org.junit.runners.ParentRunner.run(ParentRunner.java:309)
	at org.apache.maven.surefire.junit4.JUnit4Provider.execute(JUnit4Provider.java:365)
	at org.apache.maven.surefire.junit4.JUnit4Provider.executeWithRerun(JUnit4Provider.java:273)
	at org.apache.maven.surefire.junit4.JUnit4Provider.executeTestSet(JUnit4Provider.java:238)
	at org.apache.maven.surefire.junit4.JUnit4Provider.invoke(JUnit4Provider.java:159)
	at org.apache.maven.surefire.booter.ForkedBooter.invokeProviderInSameClassLoader(ForkedBooter.java:384)
	at org.apache.maven.surefire.booter.ForkedBooter.runSuitesInProcess(ForkedBooter.java:345)
	at org.apache.maven.surefire.booter.ForkedBooter.execute(ForkedBooter.java:126)
	at org.apache.maven.surefire.booter.ForkedBooter.main(ForkedBooter.java:418)
</error>
    <system-out><![CDATA[2019-09-29 11:05:25,650 [main] INFO  rpc.RpcClient (RpcClient.java:createVolume(276)) - Creating Volume: vol-a-07242, with jenkins1000 as owner.
2019-09-29 11:05:25,651 [IPC Server handler 8 on 40572] INFO  volume.OMVolumeCreateRequest (OMVolumeCreateRequest.java:validateAndUpdateCache(189)) - created volume:vol-a-07242 for user:jenkins1000
2019-09-29 11:05:25,652 [main] INFO  rpc.RpcClient (RpcClient.java:createVolume(276)) - Creating Volume: vol-b-75470, with jenkins1000 as owner.
2019-09-29 11:05:25,653 [IPC Server handler 14 on 40572] INFO  volume.OMVolumeCreateRequest (OMVolumeCreateRequest.java:validateAndUpdateCache(189)) - created volume:vol-b-75470 for user:jenkins1000
2019-09-29 11:05:25,655 [main] INFO  rpc.RpcClient (RpcClient.java:createBucket(415)) - Creating Bucket: vol-a-07242/buc-a-18695, with Versioning false and Storage Type set to DISK and Encryption set to false 
2019-09-29 11:05:25,657 [main] INFO  rpc.RpcClient (RpcClient.java:createBucket(415)) - Creating Bucket: vol-a-07242/buc-b-29634, with Versioning false and Storage Type set to DISK and Encryption set to false 
2019-09-29 11:05:25,658 [main] INFO  rpc.RpcClient (RpcClient.java:createBucket(415)) - Creating Bucket: vol-b-75470/buc-a-18695, with Versioning false and Storage Type set to DISK and Encryption set to false 
2019-09-29 11:05:25,659 [main] INFO  rpc.RpcClient (RpcClient.java:createBucket(415)) - Creating Bucket: vol-b-75470/buc-b-29634, with Versioning false and Storage Type set to DISK and Encryption set to false 
2019-09-29 11:05:25,669 [IPC Server handler 0 on 45663] WARN  block.BlockManagerImpl (BlockManagerImpl.java:allocateBlock(192)) - Pipeline creation failed for type:STAND_ALONE factor:ONE. Datanodes may be used up.
org.apache.hadoop.hdds.scm.exceptions.SCMException: Pipeline number meets the limit: 20
	at org.apache.hadoop.hdds.scm.pipeline.SCMPipelineManager.createPipeline(SCMPipelineManager.java:174)
	at org.apache.hadoop.hdds.scm.block.BlockManagerImpl.allocateBlock(BlockManagerImpl.java:190)
	at org.apache.hadoop.hdds.scm.server.SCMBlockProtocolServer.allocateBlock(SCMBlockProtocolServer.java:182)
	at org.apache.hadoop.ozone.protocolPB.ScmBlockLocationProtocolServerSideTranslatorPB.allocateScmBlock(ScmBlockLocationProtocolServerSideTranslatorPB.java:183)
	at org.apache.hadoop.ozone.protocolPB.ScmBlockLocationProtocolServerSideTranslatorPB.processMessage(ScmBlockLocationProtocolServerSideTranslatorPB.java:141)
	at org.apache.hadoop.ozone.protocolPB.ScmBlockLocationProtocolServerSideTranslatorPB.send(ScmBlockLocationProtocolServerSideTranslatorPB.java:116)
	at org.apache.hadoop.hdds.protocol.proto.ScmBlockLocationProtocolProtos$ScmBlockLocationProtocolService$2.callBlockingMethod(ScmBlockLocationProtocolProtos.java:13157)
	at org.apache.hadoop.ipc.ProtobufRpcEngine$Server$ProtoBufRpcInvoker.call(ProtobufRpcEngine.java:524)
	at org.apache.hadoop.ipc.RPC$Server.call(RPC.java:1025)
	at org.apache.hadoop.ipc.Server$RpcCall.run(Server.java:876)
	at org.apache.hadoop.ipc.Server$RpcCall.run(Server.java:822)
	at java.security.AccessController.doPrivileged(Native Method)
	at javax.security.auth.Subject.doAs(Subject.java:422)
	at org.apache.hadoop.security.UserGroupInformation.doAs(UserGroupInformation.java:1730)
	at org.apache.hadoop.ipc.Server$Handler.run(Server.java:2682)
2019-09-29 11:05:25,669 [IPC Server handler 0 on 45663] ERROR block.BlockManagerImpl (BlockManagerImpl.java:allocateBlock(226)) - Unable to allocate a block for the size: 4194304, type: STAND_ALONE, factor: ONE
]]></system-out>
  </testcase>
  <testcase name="testListPartsInvalidPartMarker" classname="org.apache.hadoop.ozone.client.rpc.TestOzoneAtRestEncryption" time="0.004"/>
  <testcase name="testMultipartUploadWithPartsLessThanMinSize" classname="org.apache.hadoop.ozone.client.rpc.TestOzoneAtRestEncryption" time="0.019">
    <error message="Allocated 0 blocks. Requested 1 blocks" type="INTERNAL_ERROR org.apache.hadoop.ozone.om.exceptions.OMException">INTERNAL_ERROR org.apache.hadoop.ozone.om.exceptions.OMException: Allocated 0 blocks. Requested 1 blocks
	at org.apache.hadoop.ozone.om.protocolPB.OzoneManagerProtocolClientSideTranslatorPB.handleError(OzoneManagerProtocolClientSideTranslatorPB.java:732)
	at org.apache.hadoop.ozone.om.protocolPB.OzoneManagerProtocolClientSideTranslatorPB.allocateBlock(OzoneManagerProtocolClientSideTranslatorPB.java:764)
	at sun.reflect.NativeMethodAccessorImpl.invoke0(Native Method)
	at sun.reflect.NativeMethodAccessorImpl.invoke(NativeMethodAccessorImpl.java:62)
	at sun.reflect.DelegatingMethodAccessorImpl.invoke(DelegatingMethodAccessorImpl.java:43)
	at java.lang.reflect.Method.invoke(Method.java:498)
	at org.apache.hadoop.hdds.tracing.TraceAllMethod.invoke(TraceAllMethod.java:66)
	at com.sun.proxy.$Proxy86.allocateBlock(Unknown Source)
	at org.apache.hadoop.ozone.client.io.BlockOutputStreamEntryPool.allocateNewBlock(BlockOutputStreamEntryPool.java:248)
	at org.apache.hadoop.ozone.client.io.BlockOutputStreamEntryPool.allocateBlockIfNeeded(BlockOutputStreamEntryPool.java:296)
	at org.apache.hadoop.ozone.client.io.KeyOutputStream.handleWrite(KeyOutputStream.java:198)
	at org.apache.hadoop.ozone.client.io.KeyOutputStream.write(KeyOutputStream.java:190)
	at org.apache.hadoop.ozone.client.io.OzoneOutputStream.write(OzoneOutputStream.java:49)
	at org.apache.hadoop.ozone.client.rpc.TestOzoneRpcClientAbstract.uploadPart(TestOzoneRpcClientAbstract.java:2625)
	at org.apache.hadoop.ozone.client.rpc.TestOzoneRpcClientAbstract.testMultipartUploadWithPartsLessThanMinSize(TestOzoneRpcClientAbstract.java:1876)
	at sun.reflect.NativeMethodAccessorImpl.invoke0(Native Method)
	at sun.reflect.NativeMethodAccessorImpl.invoke(NativeMethodAccessorImpl.java:62)
	at sun.reflect.DelegatingMethodAccessorImpl.invoke(DelegatingMethodAccessorImpl.java:43)
	at java.lang.reflect.Method.invoke(Method.java:498)
	at org.junit.runners.model.FrameworkMethod$1.runReflectiveCall(FrameworkMethod.java:47)
	at org.junit.internal.runners.model.ReflectiveCallable.run(ReflectiveCallable.java:12)
	at org.junit.runners.model.FrameworkMethod.invokeExplosively(FrameworkMethod.java:44)
	at org.junit.internal.runners.statements.InvokeMethod.evaluate(InvokeMethod.java:17)
	at org.junit.runners.ParentRunner.runLeaf(ParentRunner.java:271)
	at org.junit.runners.BlockJUnit4ClassRunner.runChild(BlockJUnit4ClassRunner.java:70)
	at org.junit.runners.BlockJUnit4ClassRunner.runChild(BlockJUnit4ClassRunner.java:50)
	at org.junit.runners.ParentRunner$3.run(ParentRunner.java:238)
	at org.junit.runners.ParentRunner$1.schedule(ParentRunner.java:63)
	at org.junit.runners.ParentRunner.runChildren(ParentRunner.java:236)
	at org.junit.runners.ParentRunner.access$000(ParentRunner.java:53)
	at org.junit.runners.ParentRunner$2.evaluate(ParentRunner.java:229)
	at org.junit.internal.runners.statements.RunBefores.evaluate(RunBefores.java:26)
	at org.junit.internal.runners.statements.RunAfters.evaluate(RunAfters.java:27)
	at org.junit.runners.ParentRunner.run(ParentRunner.java:309)
	at org.apache.maven.surefire.junit4.JUnit4Provider.execute(JUnit4Provider.java:365)
	at org.apache.maven.surefire.junit4.JUnit4Provider.executeWithRerun(JUnit4Provider.java:273)
	at org.apache.maven.surefire.junit4.JUnit4Provider.executeTestSet(JUnit4Provider.java:238)
	at org.apache.maven.surefire.junit4.JUnit4Provider.invoke(JUnit4Provider.java:159)
	at org.apache.maven.surefire.booter.ForkedBooter.invokeProviderInSameClassLoader(ForkedBooter.java:384)
	at org.apache.maven.surefire.booter.ForkedBooter.runSuitesInProcess(ForkedBooter.java:345)
	at org.apache.maven.surefire.booter.ForkedBooter.execute(ForkedBooter.java:126)
	at org.apache.maven.surefire.booter.ForkedBooter.main(ForkedBooter.java:418)
</error>
    <system-out><![CDATA[2019-09-29 11:05:25,675 [main] INFO  rpc.RpcClient (RpcClient.java:createVolume(276)) - Creating Volume: 9af67361-7228-4e24-8d98-c47529c055b2, with jenkins1000 as owner.
2019-09-29 11:05:25,676 [IPC Server handler 1 on 40572] INFO  volume.OMVolumeCreateRequest (OMVolumeCreateRequest.java:validateAndUpdateCache(189)) - created volume:9af67361-7228-4e24-8d98-c47529c055b2 for user:jenkins1000
2019-09-29 11:05:25,677 [main] INFO  rpc.RpcClient (RpcClient.java:createBucket(415)) - Creating Bucket: 9af67361-7228-4e24-8d98-c47529c055b2/ca4d0f05-de4f-41c8-80b1-a2aca39f3e82, with Versioning false and Storage Type set to DISK and Encryption set to false 
2019-09-29 11:05:25,683 [IPC Server handler 1 on 45663] WARN  block.BlockManagerImpl (BlockManagerImpl.java:allocateBlock(192)) - Pipeline creation failed for type:STAND_ALONE factor:ONE. Datanodes may be used up.
org.apache.hadoop.hdds.scm.exceptions.SCMException: Pipeline number meets the limit: 20
	at org.apache.hadoop.hdds.scm.pipeline.SCMPipelineManager.createPipeline(SCMPipelineManager.java:174)
	at org.apache.hadoop.hdds.scm.block.BlockManagerImpl.allocateBlock(BlockManagerImpl.java:190)
	at org.apache.hadoop.hdds.scm.server.SCMBlockProtocolServer.allocateBlock(SCMBlockProtocolServer.java:182)
	at org.apache.hadoop.ozone.protocolPB.ScmBlockLocationProtocolServerSideTranslatorPB.allocateScmBlock(ScmBlockLocationProtocolServerSideTranslatorPB.java:183)
	at org.apache.hadoop.ozone.protocolPB.ScmBlockLocationProtocolServerSideTranslatorPB.processMessage(ScmBlockLocationProtocolServerSideTranslatorPB.java:141)
	at org.apache.hadoop.ozone.protocolPB.ScmBlockLocationProtocolServerSideTranslatorPB.send(ScmBlockLocationProtocolServerSideTranslatorPB.java:116)
	at org.apache.hadoop.hdds.protocol.proto.ScmBlockLocationProtocolProtos$ScmBlockLocationProtocolService$2.callBlockingMethod(ScmBlockLocationProtocolProtos.java:13157)
	at org.apache.hadoop.ipc.ProtobufRpcEngine$Server$ProtoBufRpcInvoker.call(ProtobufRpcEngine.java:524)
	at org.apache.hadoop.ipc.RPC$Server.call(RPC.java:1025)
	at org.apache.hadoop.ipc.Server$RpcCall.run(Server.java:876)
	at org.apache.hadoop.ipc.Server$RpcCall.run(Server.java:822)
	at java.security.AccessController.doPrivileged(Native Method)
	at javax.security.auth.Subject.doAs(Subject.java:422)
	at org.apache.hadoop.security.UserGroupInformation.doAs(UserGroupInformation.java:1730)
	at org.apache.hadoop.ipc.Server$Handler.run(Server.java:2682)
2019-09-29 11:05:25,683 [IPC Server handler 1 on 45663] ERROR block.BlockManagerImpl (BlockManagerImpl.java:allocateBlock(226)) - Unable to allocate a block for the size: 4194304, type: STAND_ALONE, factor: ONE
2019-09-29 11:05:25,684 [main] ERROR io.BlockOutputStreamEntryPool (BlockOutputStreamEntryPool.java:allocateBlockIfNeeded(299)) - Try to allocate more blocks for write failed, already allocated 0 blocks for this write.
INTERNAL_ERROR org.apache.hadoop.ozone.om.exceptions.OMException: Allocated 0 blocks. Requested 1 blocks
	at org.apache.hadoop.ozone.om.protocolPB.OzoneManagerProtocolClientSideTranslatorPB.handleError(OzoneManagerProtocolClientSideTranslatorPB.java:732)
	at org.apache.hadoop.ozone.om.protocolPB.OzoneManagerProtocolClientSideTranslatorPB.allocateBlock(OzoneManagerProtocolClientSideTranslatorPB.java:764)
	at sun.reflect.NativeMethodAccessorImpl.invoke0(Native Method)
	at sun.reflect.NativeMethodAccessorImpl.invoke(NativeMethodAccessorImpl.java:62)
	at sun.reflect.DelegatingMethodAccessorImpl.invoke(DelegatingMethodAccessorImpl.java:43)
	at java.lang.reflect.Method.invoke(Method.java:498)
	at org.apache.hadoop.hdds.tracing.TraceAllMethod.invoke(TraceAllMethod.java:66)
	at com.sun.proxy.$Proxy86.allocateBlock(Unknown Source)
	at org.apache.hadoop.ozone.client.io.BlockOutputStreamEntryPool.allocateNewBlock(BlockOutputStreamEntryPool.java:248)
	at org.apache.hadoop.ozone.client.io.BlockOutputStreamEntryPool.allocateBlockIfNeeded(BlockOutputStreamEntryPool.java:296)
	at org.apache.hadoop.ozone.client.io.KeyOutputStream.handleWrite(KeyOutputStream.java:198)
	at org.apache.hadoop.ozone.client.io.KeyOutputStream.write(KeyOutputStream.java:190)
	at org.apache.hadoop.ozone.client.io.OzoneOutputStream.write(OzoneOutputStream.java:49)
	at org.apache.hadoop.ozone.client.rpc.TestOzoneRpcClientAbstract.uploadPart(TestOzoneRpcClientAbstract.java:2625)
	at org.apache.hadoop.ozone.client.rpc.TestOzoneRpcClientAbstract.testMultipartUploadWithPartsLessThanMinSize(TestOzoneRpcClientAbstract.java:1876)
	at sun.reflect.NativeMethodAccessorImpl.invoke0(Native Method)
	at sun.reflect.NativeMethodAccessorImpl.invoke(NativeMethodAccessorImpl.java:62)
	at sun.reflect.DelegatingMethodAccessorImpl.invoke(DelegatingMethodAccessorImpl.java:43)
	at java.lang.reflect.Method.invoke(Method.java:498)
	at org.junit.runners.model.FrameworkMethod$1.runReflectiveCall(FrameworkMethod.java:47)
	at org.junit.internal.runners.model.ReflectiveCallable.run(ReflectiveCallable.java:12)
	at org.junit.runners.model.FrameworkMethod.invokeExplosively(FrameworkMethod.java:44)
	at org.junit.internal.runners.statements.InvokeMethod.evaluate(InvokeMethod.java:17)
	at org.junit.runners.ParentRunner.runLeaf(ParentRunner.java:271)
	at org.junit.runners.BlockJUnit4ClassRunner.runChild(BlockJUnit4ClassRunner.java:70)
	at org.junit.runners.BlockJUnit4ClassRunner.runChild(BlockJUnit4ClassRunner.java:50)
	at org.junit.runners.ParentRunner$3.run(ParentRunner.java:238)
	at org.junit.runners.ParentRunner$1.schedule(ParentRunner.java:63)
	at org.junit.runners.ParentRunner.runChildren(ParentRunner.java:236)
	at org.junit.runners.ParentRunner.access$000(ParentRunner.java:53)
	at org.junit.runners.ParentRunner$2.evaluate(ParentRunner.java:229)
	at org.junit.internal.runners.statements.RunBefores.evaluate(RunBefores.java:26)
	at org.junit.internal.runners.statements.RunAfters.evaluate(RunAfters.java:27)
	at org.junit.runners.ParentRunner.run(ParentRunner.java:309)
	at org.apache.maven.surefire.junit4.JUnit4Provider.execute(JUnit4Provider.java:365)
	at org.apache.maven.surefire.junit4.JUnit4Provider.executeWithRerun(JUnit4Provider.java:273)
	at org.apache.maven.surefire.junit4.JUnit4Provider.executeTestSet(JUnit4Provider.java:238)
	at org.apache.maven.surefire.junit4.JUnit4Provider.invoke(JUnit4Provider.java:159)
	at org.apache.maven.surefire.booter.ForkedBooter.invokeProviderInSameClassLoader(ForkedBooter.java:384)
	at org.apache.maven.surefire.booter.ForkedBooter.runSuitesInProcess(ForkedBooter.java:345)
	at org.apache.maven.surefire.booter.ForkedBooter.execute(ForkedBooter.java:126)
	at org.apache.maven.surefire.booter.ForkedBooter.main(ForkedBooter.java:418)
]]></system-out>
  </testcase>
  <testcase name="testPutKeyRatisOneNode" classname="org.apache.hadoop.ozone.client.rpc.TestOzoneAtRestEncryption" time="2.932"/>
  <testcase name="testListS3Buckets" classname="org.apache.hadoop.ozone.client.rpc.TestOzoneAtRestEncryption" time="0.017"/>
  <testcase name="testAbortUploadSuccessWithParts" classname="org.apache.hadoop.ozone.client.rpc.TestOzoneAtRestEncryption" time="0.011">
    <error message="Allocated 0 blocks. Requested 1 blocks" type="INTERNAL_ERROR org.apache.hadoop.ozone.om.exceptions.OMException">INTERNAL_ERROR org.apache.hadoop.ozone.om.exceptions.OMException: Allocated 0 blocks. Requested 1 blocks
	at org.apache.hadoop.ozone.om.protocolPB.OzoneManagerProtocolClientSideTranslatorPB.handleError(OzoneManagerProtocolClientSideTranslatorPB.java:732)
	at org.apache.hadoop.ozone.om.protocolPB.OzoneManagerProtocolClientSideTranslatorPB.allocateBlock(OzoneManagerProtocolClientSideTranslatorPB.java:764)
	at sun.reflect.NativeMethodAccessorImpl.invoke0(Native Method)
	at sun.reflect.NativeMethodAccessorImpl.invoke(NativeMethodAccessorImpl.java:62)
	at sun.reflect.DelegatingMethodAccessorImpl.invoke(DelegatingMethodAccessorImpl.java:43)
	at java.lang.reflect.Method.invoke(Method.java:498)
	at org.apache.hadoop.hdds.tracing.TraceAllMethod.invoke(TraceAllMethod.java:66)
	at com.sun.proxy.$Proxy86.allocateBlock(Unknown Source)
	at org.apache.hadoop.ozone.client.io.BlockOutputStreamEntryPool.allocateNewBlock(BlockOutputStreamEntryPool.java:248)
	at org.apache.hadoop.ozone.client.io.BlockOutputStreamEntryPool.allocateBlockIfNeeded(BlockOutputStreamEntryPool.java:296)
	at org.apache.hadoop.ozone.client.io.KeyOutputStream.handleWrite(KeyOutputStream.java:198)
	at org.apache.hadoop.ozone.client.io.KeyOutputStream.write(KeyOutputStream.java:190)
	at org.apache.hadoop.ozone.client.io.OzoneOutputStream.write(OzoneOutputStream.java:49)
	at org.apache.hadoop.ozone.client.rpc.TestOzoneRpcClientAbstract.uploadPart(TestOzoneRpcClientAbstract.java:2625)
	at org.apache.hadoop.ozone.client.rpc.TestOzoneRpcClientAbstract.testAbortUploadSuccessWithParts(TestOzoneRpcClientAbstract.java:2011)
	at sun.reflect.NativeMethodAccessorImpl.invoke0(Native Method)
	at sun.reflect.NativeMethodAccessorImpl.invoke(NativeMethodAccessorImpl.java:62)
	at sun.reflect.DelegatingMethodAccessorImpl.invoke(DelegatingMethodAccessorImpl.java:43)
	at java.lang.reflect.Method.invoke(Method.java:498)
	at org.junit.runners.model.FrameworkMethod$1.runReflectiveCall(FrameworkMethod.java:47)
	at org.junit.internal.runners.model.ReflectiveCallable.run(ReflectiveCallable.java:12)
	at org.junit.runners.model.FrameworkMethod.invokeExplosively(FrameworkMethod.java:44)
	at org.junit.internal.runners.statements.InvokeMethod.evaluate(InvokeMethod.java:17)
	at org.junit.runners.ParentRunner.runLeaf(ParentRunner.java:271)
	at org.junit.runners.BlockJUnit4ClassRunner.runChild(BlockJUnit4ClassRunner.java:70)
	at org.junit.runners.BlockJUnit4ClassRunner.runChild(BlockJUnit4ClassRunner.java:50)
	at org.junit.runners.ParentRunner$3.run(ParentRunner.java:238)
	at org.junit.runners.ParentRunner$1.schedule(ParentRunner.java:63)
	at org.junit.runners.ParentRunner.runChildren(ParentRunner.java:236)
	at org.junit.runners.ParentRunner.access$000(ParentRunner.java:53)
	at org.junit.runners.ParentRunner$2.evaluate(ParentRunner.java:229)
	at org.junit.internal.runners.statements.RunBefores.evaluate(RunBefores.java:26)
	at org.junit.internal.runners.statements.RunAfters.evaluate(RunAfters.java:27)
	at org.junit.runners.ParentRunner.run(ParentRunner.java:309)
	at org.apache.maven.surefire.junit4.JUnit4Provider.execute(JUnit4Provider.java:365)
	at org.apache.maven.surefire.junit4.JUnit4Provider.executeWithRerun(JUnit4Provider.java:273)
	at org.apache.maven.surefire.junit4.JUnit4Provider.executeTestSet(JUnit4Provider.java:238)
	at org.apache.maven.surefire.junit4.JUnit4Provider.invoke(JUnit4Provider.java:159)
	at org.apache.maven.surefire.booter.ForkedBooter.invokeProviderInSameClassLoader(ForkedBooter.java:384)
	at org.apache.maven.surefire.booter.ForkedBooter.runSuitesInProcess(ForkedBooter.java:345)
	at org.apache.maven.surefire.booter.ForkedBooter.execute(ForkedBooter.java:126)
	at org.apache.maven.surefire.booter.ForkedBooter.main(ForkedBooter.java:418)
</error>
    <system-out><![CDATA[2019-09-29 11:05:28,643 [main] INFO  rpc.RpcClient (RpcClient.java:createVolume(276)) - Creating Volume: 28c3f33a-6d11-4be1-9098-7aa56ed08c7f, with jenkins1000 as owner.
2019-09-29 11:05:28,644 [IPC Server handler 6 on 40572] INFO  volume.OMVolumeCreateRequest (OMVolumeCreateRequest.java:validateAndUpdateCache(189)) - created volume:28c3f33a-6d11-4be1-9098-7aa56ed08c7f for user:jenkins1000
2019-09-29 11:05:28,645 [main] INFO  rpc.RpcClient (RpcClient.java:createBucket(415)) - Creating Bucket: 28c3f33a-6d11-4be1-9098-7aa56ed08c7f/b3ca8225-d81f-4b3e-88b9-c1b17bc6ee8f, with Versioning false and Storage Type set to DISK and Encryption set to false 
2019-09-29 11:05:28,651 [IPC Server handler 0 on 45663] WARN  block.BlockManagerImpl (BlockManagerImpl.java:allocateBlock(192)) - Pipeline creation failed for type:STAND_ALONE factor:ONE. Datanodes may be used up.
org.apache.hadoop.hdds.scm.exceptions.SCMException: Pipeline number meets the limit: 20
	at org.apache.hadoop.hdds.scm.pipeline.SCMPipelineManager.createPipeline(SCMPipelineManager.java:174)
	at org.apache.hadoop.hdds.scm.block.BlockManagerImpl.allocateBlock(BlockManagerImpl.java:190)
	at org.apache.hadoop.hdds.scm.server.SCMBlockProtocolServer.allocateBlock(SCMBlockProtocolServer.java:182)
	at org.apache.hadoop.ozone.protocolPB.ScmBlockLocationProtocolServerSideTranslatorPB.allocateScmBlock(ScmBlockLocationProtocolServerSideTranslatorPB.java:183)
	at org.apache.hadoop.ozone.protocolPB.ScmBlockLocationProtocolServerSideTranslatorPB.processMessage(ScmBlockLocationProtocolServerSideTranslatorPB.java:141)
	at org.apache.hadoop.ozone.protocolPB.ScmBlockLocationProtocolServerSideTranslatorPB.send(ScmBlockLocationProtocolServerSideTranslatorPB.java:116)
	at org.apache.hadoop.hdds.protocol.proto.ScmBlockLocationProtocolProtos$ScmBlockLocationProtocolService$2.callBlockingMethod(ScmBlockLocationProtocolProtos.java:13157)
	at org.apache.hadoop.ipc.ProtobufRpcEngine$Server$ProtoBufRpcInvoker.call(ProtobufRpcEngine.java:524)
	at org.apache.hadoop.ipc.RPC$Server.call(RPC.java:1025)
	at org.apache.hadoop.ipc.Server$RpcCall.run(Server.java:876)
	at org.apache.hadoop.ipc.Server$RpcCall.run(Server.java:822)
	at java.security.AccessController.doPrivileged(Native Method)
	at javax.security.auth.Subject.doAs(Subject.java:422)
	at org.apache.hadoop.security.UserGroupInformation.doAs(UserGroupInformation.java:1730)
	at org.apache.hadoop.ipc.Server$Handler.run(Server.java:2682)
2019-09-29 11:05:28,652 [IPC Server handler 0 on 45663] ERROR block.BlockManagerImpl (BlockManagerImpl.java:allocateBlock(226)) - Unable to allocate a block for the size: 4194304, type: STAND_ALONE, factor: ONE
2019-09-29 11:05:28,652 [main] ERROR io.BlockOutputStreamEntryPool (BlockOutputStreamEntryPool.java:allocateBlockIfNeeded(299)) - Try to allocate more blocks for write failed, already allocated 0 blocks for this write.
INTERNAL_ERROR org.apache.hadoop.ozone.om.exceptions.OMException: Allocated 0 blocks. Requested 1 blocks
	at org.apache.hadoop.ozone.om.protocolPB.OzoneManagerProtocolClientSideTranslatorPB.handleError(OzoneManagerProtocolClientSideTranslatorPB.java:732)
	at org.apache.hadoop.ozone.om.protocolPB.OzoneManagerProtocolClientSideTranslatorPB.allocateBlock(OzoneManagerProtocolClientSideTranslatorPB.java:764)
	at sun.reflect.NativeMethodAccessorImpl.invoke0(Native Method)
	at sun.reflect.NativeMethodAccessorImpl.invoke(NativeMethodAccessorImpl.java:62)
	at sun.reflect.DelegatingMethodAccessorImpl.invoke(DelegatingMethodAccessorImpl.java:43)
	at java.lang.reflect.Method.invoke(Method.java:498)
	at org.apache.hadoop.hdds.tracing.TraceAllMethod.invoke(TraceAllMethod.java:66)
	at com.sun.proxy.$Proxy86.allocateBlock(Unknown Source)
	at org.apache.hadoop.ozone.client.io.BlockOutputStreamEntryPool.allocateNewBlock(BlockOutputStreamEntryPool.java:248)
	at org.apache.hadoop.ozone.client.io.BlockOutputStreamEntryPool.allocateBlockIfNeeded(BlockOutputStreamEntryPool.java:296)
	at org.apache.hadoop.ozone.client.io.KeyOutputStream.handleWrite(KeyOutputStream.java:198)
	at org.apache.hadoop.ozone.client.io.KeyOutputStream.write(KeyOutputStream.java:190)
	at org.apache.hadoop.ozone.client.io.OzoneOutputStream.write(OzoneOutputStream.java:49)
	at org.apache.hadoop.ozone.client.rpc.TestOzoneRpcClientAbstract.uploadPart(TestOzoneRpcClientAbstract.java:2625)
	at org.apache.hadoop.ozone.client.rpc.TestOzoneRpcClientAbstract.testAbortUploadSuccessWithParts(TestOzoneRpcClientAbstract.java:2011)
	at sun.reflect.NativeMethodAccessorImpl.invoke0(Native Method)
	at sun.reflect.NativeMethodAccessorImpl.invoke(NativeMethodAccessorImpl.java:62)
	at sun.reflect.DelegatingMethodAccessorImpl.invoke(DelegatingMethodAccessorImpl.java:43)
	at java.lang.reflect.Method.invoke(Method.java:498)
	at org.junit.runners.model.FrameworkMethod$1.runReflectiveCall(FrameworkMethod.java:47)
	at org.junit.internal.runners.model.ReflectiveCallable.run(ReflectiveCallable.java:12)
	at org.junit.runners.model.FrameworkMethod.invokeExplosively(FrameworkMethod.java:44)
	at org.junit.internal.runners.statements.InvokeMethod.evaluate(InvokeMethod.java:17)
	at org.junit.runners.ParentRunner.runLeaf(ParentRunner.java:271)
	at org.junit.runners.BlockJUnit4ClassRunner.runChild(BlockJUnit4ClassRunner.java:70)
	at org.junit.runners.BlockJUnit4ClassRunner.runChild(BlockJUnit4ClassRunner.java:50)
	at org.junit.runners.ParentRunner$3.run(ParentRunner.java:238)
	at org.junit.runners.ParentRunner$1.schedule(ParentRunner.java:63)
	at org.junit.runners.ParentRunner.runChildren(ParentRunner.java:236)
	at org.junit.runners.ParentRunner.access$000(ParentRunner.java:53)
	at org.junit.runners.ParentRunner$2.evaluate(ParentRunner.java:229)
	at org.junit.internal.runners.statements.RunBefores.evaluate(RunBefores.java:26)
	at org.junit.internal.runners.statements.RunAfters.evaluate(RunAfters.java:27)
	at org.junit.runners.ParentRunner.run(ParentRunner.java:309)
	at org.apache.maven.surefire.junit4.JUnit4Provider.execute(JUnit4Provider.java:365)
	at org.apache.maven.surefire.junit4.JUnit4Provider.executeWithRerun(JUnit4Provider.java:273)
	at org.apache.maven.surefire.junit4.JUnit4Provider.executeTestSet(JUnit4Provider.java:238)
	at org.apache.maven.surefire.junit4.JUnit4Provider.invoke(JUnit4Provider.java:159)
	at org.apache.maven.surefire.booter.ForkedBooter.invokeProviderInSameClassLoader(ForkedBooter.java:384)
	at org.apache.maven.surefire.booter.ForkedBooter.runSuitesInProcess(ForkedBooter.java:345)
	at org.apache.maven.surefire.booter.ForkedBooter.execute(ForkedBooter.java:126)
	at org.apache.maven.surefire.booter.ForkedBooter.main(ForkedBooter.java:418)
]]></system-out>
  </testcase>
  <testcase name="testListS3BucketsFail" classname="org.apache.hadoop.ozone.client.rpc.TestOzoneAtRestEncryption" time="0.002"/>
  <testcase name="testListMultipartUploadPartsWithContinuation" classname="org.apache.hadoop.ozone.client.rpc.TestOzoneAtRestEncryption" time="0.012">
    <error message="Allocated 0 blocks. Requested 1 blocks" type="INTERNAL_ERROR org.apache.hadoop.ozone.om.exceptions.OMException">INTERNAL_ERROR org.apache.hadoop.ozone.om.exceptions.OMException: Allocated 0 blocks. Requested 1 blocks
	at org.apache.hadoop.ozone.om.protocolPB.OzoneManagerProtocolClientSideTranslatorPB.handleError(OzoneManagerProtocolClientSideTranslatorPB.java:732)
	at org.apache.hadoop.ozone.om.protocolPB.OzoneManagerProtocolClientSideTranslatorPB.allocateBlock(OzoneManagerProtocolClientSideTranslatorPB.java:764)
	at sun.reflect.NativeMethodAccessorImpl.invoke0(Native Method)
	at sun.reflect.NativeMethodAccessorImpl.invoke(NativeMethodAccessorImpl.java:62)
	at sun.reflect.DelegatingMethodAccessorImpl.invoke(DelegatingMethodAccessorImpl.java:43)
	at java.lang.reflect.Method.invoke(Method.java:498)
	at org.apache.hadoop.hdds.tracing.TraceAllMethod.invoke(TraceAllMethod.java:66)
	at com.sun.proxy.$Proxy86.allocateBlock(Unknown Source)
	at org.apache.hadoop.ozone.client.io.BlockOutputStreamEntryPool.allocateNewBlock(BlockOutputStreamEntryPool.java:248)
	at org.apache.hadoop.ozone.client.io.BlockOutputStreamEntryPool.allocateBlockIfNeeded(BlockOutputStreamEntryPool.java:296)
	at org.apache.hadoop.ozone.client.io.KeyOutputStream.handleWrite(KeyOutputStream.java:198)
	at org.apache.hadoop.ozone.client.io.KeyOutputStream.write(KeyOutputStream.java:190)
	at org.apache.hadoop.ozone.client.io.OzoneOutputStream.write(OzoneOutputStream.java:49)
	at org.apache.hadoop.ozone.client.rpc.TestOzoneRpcClientAbstract.uploadPart(TestOzoneRpcClientAbstract.java:2625)
	at org.apache.hadoop.ozone.client.rpc.TestOzoneRpcClientAbstract.testListMultipartUploadPartsWithContinuation(TestOzoneRpcClientAbstract.java:2080)
	at sun.reflect.NativeMethodAccessorImpl.invoke0(Native Method)
	at sun.reflect.NativeMethodAccessorImpl.invoke(NativeMethodAccessorImpl.java:62)
	at sun.reflect.DelegatingMethodAccessorImpl.invoke(DelegatingMethodAccessorImpl.java:43)
	at java.lang.reflect.Method.invoke(Method.java:498)
	at org.junit.runners.model.FrameworkMethod$1.runReflectiveCall(FrameworkMethod.java:47)
	at org.junit.internal.runners.model.ReflectiveCallable.run(ReflectiveCallable.java:12)
	at org.junit.runners.model.FrameworkMethod.invokeExplosively(FrameworkMethod.java:44)
	at org.junit.internal.runners.statements.InvokeMethod.evaluate(InvokeMethod.java:17)
	at org.junit.runners.ParentRunner.runLeaf(ParentRunner.java:271)
	at org.junit.runners.BlockJUnit4ClassRunner.runChild(BlockJUnit4ClassRunner.java:70)
	at org.junit.runners.BlockJUnit4ClassRunner.runChild(BlockJUnit4ClassRunner.java:50)
	at org.junit.runners.ParentRunner$3.run(ParentRunner.java:238)
	at org.junit.runners.ParentRunner$1.schedule(ParentRunner.java:63)
	at org.junit.runners.ParentRunner.runChildren(ParentRunner.java:236)
	at org.junit.runners.ParentRunner.access$000(ParentRunner.java:53)
	at org.junit.runners.ParentRunner$2.evaluate(ParentRunner.java:229)
	at org.junit.internal.runners.statements.RunBefores.evaluate(RunBefores.java:26)
	at org.junit.internal.runners.statements.RunAfters.evaluate(RunAfters.java:27)
	at org.junit.runners.ParentRunner.run(ParentRunner.java:309)
	at org.apache.maven.surefire.junit4.JUnit4Provider.execute(JUnit4Provider.java:365)
	at org.apache.maven.surefire.junit4.JUnit4Provider.executeWithRerun(JUnit4Provider.java:273)
	at org.apache.maven.surefire.junit4.JUnit4Provider.executeTestSet(JUnit4Provider.java:238)
	at org.apache.maven.surefire.junit4.JUnit4Provider.invoke(JUnit4Provider.java:159)
	at org.apache.maven.surefire.booter.ForkedBooter.invokeProviderInSameClassLoader(ForkedBooter.java:384)
	at org.apache.maven.surefire.booter.ForkedBooter.runSuitesInProcess(ForkedBooter.java:345)
	at org.apache.maven.surefire.booter.ForkedBooter.execute(ForkedBooter.java:126)
	at org.apache.maven.surefire.booter.ForkedBooter.main(ForkedBooter.java:418)
</error>
    <system-out><![CDATA[2019-09-29 11:05:28,657 [main] INFO  rpc.RpcClient (RpcClient.java:createVolume(276)) - Creating Volume: abcabd00-328d-46bd-876e-5fc5849e2946, with jenkins1000 as owner.
2019-09-29 11:05:28,657 [IPC Server handler 1 on 40572] INFO  volume.OMVolumeCreateRequest (OMVolumeCreateRequest.java:validateAndUpdateCache(189)) - created volume:abcabd00-328d-46bd-876e-5fc5849e2946 for user:jenkins1000
2019-09-29 11:05:28,659 [main] INFO  rpc.RpcClient (RpcClient.java:createBucket(415)) - Creating Bucket: abcabd00-328d-46bd-876e-5fc5849e2946/a48b78f1-5f93-4818-9f69-071dec8df064, with Versioning false and Storage Type set to DISK and Encryption set to false 
2019-09-29 11:05:28,666 [IPC Server handler 1 on 45663] WARN  block.BlockManagerImpl (BlockManagerImpl.java:allocateBlock(192)) - Pipeline creation failed for type:STAND_ALONE factor:ONE. Datanodes may be used up.
org.apache.hadoop.hdds.scm.exceptions.SCMException: Pipeline number meets the limit: 20
	at org.apache.hadoop.hdds.scm.pipeline.SCMPipelineManager.createPipeline(SCMPipelineManager.java:174)
	at org.apache.hadoop.hdds.scm.block.BlockManagerImpl.allocateBlock(BlockManagerImpl.java:190)
	at org.apache.hadoop.hdds.scm.server.SCMBlockProtocolServer.allocateBlock(SCMBlockProtocolServer.java:182)
	at org.apache.hadoop.ozone.protocolPB.ScmBlockLocationProtocolServerSideTranslatorPB.allocateScmBlock(ScmBlockLocationProtocolServerSideTranslatorPB.java:183)
	at org.apache.hadoop.ozone.protocolPB.ScmBlockLocationProtocolServerSideTranslatorPB.processMessage(ScmBlockLocationProtocolServerSideTranslatorPB.java:141)
	at org.apache.hadoop.ozone.protocolPB.ScmBlockLocationProtocolServerSideTranslatorPB.send(ScmBlockLocationProtocolServerSideTranslatorPB.java:116)
	at org.apache.hadoop.hdds.protocol.proto.ScmBlockLocationProtocolProtos$ScmBlockLocationProtocolService$2.callBlockingMethod(ScmBlockLocationProtocolProtos.java:13157)
	at org.apache.hadoop.ipc.ProtobufRpcEngine$Server$ProtoBufRpcInvoker.call(ProtobufRpcEngine.java:524)
	at org.apache.hadoop.ipc.RPC$Server.call(RPC.java:1025)
	at org.apache.hadoop.ipc.Server$RpcCall.run(Server.java:876)
	at org.apache.hadoop.ipc.Server$RpcCall.run(Server.java:822)
	at java.security.AccessController.doPrivileged(Native Method)
	at javax.security.auth.Subject.doAs(Subject.java:422)
	at org.apache.hadoop.security.UserGroupInformation.doAs(UserGroupInformation.java:1730)
	at org.apache.hadoop.ipc.Server$Handler.run(Server.java:2682)
2019-09-29 11:05:28,666 [IPC Server handler 1 on 45663] ERROR block.BlockManagerImpl (BlockManagerImpl.java:allocateBlock(226)) - Unable to allocate a block for the size: 4194304, type: STAND_ALONE, factor: ONE
2019-09-29 11:05:28,667 [main] ERROR io.BlockOutputStreamEntryPool (BlockOutputStreamEntryPool.java:allocateBlockIfNeeded(299)) - Try to allocate more blocks for write failed, already allocated 0 blocks for this write.
INTERNAL_ERROR org.apache.hadoop.ozone.om.exceptions.OMException: Allocated 0 blocks. Requested 1 blocks
	at org.apache.hadoop.ozone.om.protocolPB.OzoneManagerProtocolClientSideTranslatorPB.handleError(OzoneManagerProtocolClientSideTranslatorPB.java:732)
	at org.apache.hadoop.ozone.om.protocolPB.OzoneManagerProtocolClientSideTranslatorPB.allocateBlock(OzoneManagerProtocolClientSideTranslatorPB.java:764)
	at sun.reflect.NativeMethodAccessorImpl.invoke0(Native Method)
	at sun.reflect.NativeMethodAccessorImpl.invoke(NativeMethodAccessorImpl.java:62)
	at sun.reflect.DelegatingMethodAccessorImpl.invoke(DelegatingMethodAccessorImpl.java:43)
	at java.lang.reflect.Method.invoke(Method.java:498)
	at org.apache.hadoop.hdds.tracing.TraceAllMethod.invoke(TraceAllMethod.java:66)
	at com.sun.proxy.$Proxy86.allocateBlock(Unknown Source)
	at org.apache.hadoop.ozone.client.io.BlockOutputStreamEntryPool.allocateNewBlock(BlockOutputStreamEntryPool.java:248)
	at org.apache.hadoop.ozone.client.io.BlockOutputStreamEntryPool.allocateBlockIfNeeded(BlockOutputStreamEntryPool.java:296)
	at org.apache.hadoop.ozone.client.io.KeyOutputStream.handleWrite(KeyOutputStream.java:198)
	at org.apache.hadoop.ozone.client.io.KeyOutputStream.write(KeyOutputStream.java:190)
	at org.apache.hadoop.ozone.client.io.OzoneOutputStream.write(OzoneOutputStream.java:49)
	at org.apache.hadoop.ozone.client.rpc.TestOzoneRpcClientAbstract.uploadPart(TestOzoneRpcClientAbstract.java:2625)
	at org.apache.hadoop.ozone.client.rpc.TestOzoneRpcClientAbstract.testListMultipartUploadPartsWithContinuation(TestOzoneRpcClientAbstract.java:2080)
	at sun.reflect.NativeMethodAccessorImpl.invoke0(Native Method)
	at sun.reflect.NativeMethodAccessorImpl.invoke(NativeMethodAccessorImpl.java:62)
	at sun.reflect.DelegatingMethodAccessorImpl.invoke(DelegatingMethodAccessorImpl.java:43)
	at java.lang.reflect.Method.invoke(Method.java:498)
	at org.junit.runners.model.FrameworkMethod$1.runReflectiveCall(FrameworkMethod.java:47)
	at org.junit.internal.runners.model.ReflectiveCallable.run(ReflectiveCallable.java:12)
	at org.junit.runners.model.FrameworkMethod.invokeExplosively(FrameworkMethod.java:44)
	at org.junit.internal.runners.statements.InvokeMethod.evaluate(InvokeMethod.java:17)
	at org.junit.runners.ParentRunner.runLeaf(ParentRunner.java:271)
	at org.junit.runners.BlockJUnit4ClassRunner.runChild(BlockJUnit4ClassRunner.java:70)
	at org.junit.runners.BlockJUnit4ClassRunner.runChild(BlockJUnit4ClassRunner.java:50)
	at org.junit.runners.ParentRunner$3.run(ParentRunner.java:238)
	at org.junit.runners.ParentRunner$1.schedule(ParentRunner.java:63)
	at org.junit.runners.ParentRunner.runChildren(ParentRunner.java:236)
	at org.junit.runners.ParentRunner.access$000(ParentRunner.java:53)
	at org.junit.runners.ParentRunner$2.evaluate(ParentRunner.java:229)
	at org.junit.internal.runners.statements.RunBefores.evaluate(RunBefores.java:26)
	at org.junit.internal.runners.statements.RunAfters.evaluate(RunAfters.java:27)
	at org.junit.runners.ParentRunner.run(ParentRunner.java:309)
	at org.apache.maven.surefire.junit4.JUnit4Provider.execute(JUnit4Provider.java:365)
	at org.apache.maven.surefire.junit4.JUnit4Provider.executeWithRerun(JUnit4Provider.java:273)
	at org.apache.maven.surefire.junit4.JUnit4Provider.executeTestSet(JUnit4Provider.java:238)
	at org.apache.maven.surefire.junit4.JUnit4Provider.invoke(JUnit4Provider.java:159)
	at org.apache.maven.surefire.booter.ForkedBooter.invokeProviderInSameClassLoader(ForkedBooter.java:384)
	at org.apache.maven.surefire.booter.ForkedBooter.runSuitesInProcess(ForkedBooter.java:345)
	at org.apache.maven.surefire.booter.ForkedBooter.execute(ForkedBooter.java:126)
	at org.apache.maven.surefire.booter.ForkedBooter.main(ForkedBooter.java:418)
]]></system-out>
  </testcase>
  <testcase name="testListBucketsOnEmptyVolume" classname="org.apache.hadoop.ozone.client.rpc.TestOzoneAtRestEncryption" time="0.003"/>
  <testcase name="testCreateBucketWithStorageType" classname="org.apache.hadoop.ozone.client.rpc.TestOzoneAtRestEncryption" time="0.004"/>
  <testcase name="testRemoveBucketAclUsingRpcClientRemoveAcl" classname="org.apache.hadoop.ozone.client.rpc.TestOzoneAtRestEncryption" time="0.006"/>
  <testcase name="testDeleteKey" classname="org.apache.hadoop.ozone.client.rpc.TestOzoneAtRestEncryption" time="0.006">
    <error message="Allocated 0 blocks. Requested 1 blocks" type="INTERNAL_ERROR org.apache.hadoop.ozone.om.exceptions.OMException">INTERNAL_ERROR org.apache.hadoop.ozone.om.exceptions.OMException: Allocated 0 blocks. Requested 1 blocks
	at org.apache.hadoop.ozone.om.protocolPB.OzoneManagerProtocolClientSideTranslatorPB.handleError(OzoneManagerProtocolClientSideTranslatorPB.java:732)
	at org.apache.hadoop.ozone.om.protocolPB.OzoneManagerProtocolClientSideTranslatorPB.openKey(OzoneManagerProtocolClientSideTranslatorPB.java:723)
	at sun.reflect.GeneratedMethodAccessor260.invoke(Unknown Source)
	at sun.reflect.DelegatingMethodAccessorImpl.invoke(DelegatingMethodAccessorImpl.java:43)
	at java.lang.reflect.Method.invoke(Method.java:498)
	at org.apache.hadoop.hdds.tracing.TraceAllMethod.invoke(TraceAllMethod.java:66)
	at com.sun.proxy.$Proxy86.openKey(Unknown Source)
	at org.apache.hadoop.ozone.client.rpc.RpcClient.createKey(RpcClient.java:614)
	at org.apache.hadoop.ozone.client.OzoneBucket.createKey(OzoneBucket.java:325)
	at org.apache.hadoop.ozone.client.rpc.TestOzoneRpcClientAbstract.testDeleteKey(TestOzoneRpcClientAbstract.java:1249)
	at sun.reflect.NativeMethodAccessorImpl.invoke0(Native Method)
	at sun.reflect.NativeMethodAccessorImpl.invoke(NativeMethodAccessorImpl.java:62)
	at sun.reflect.DelegatingMethodAccessorImpl.invoke(DelegatingMethodAccessorImpl.java:43)
	at java.lang.reflect.Method.invoke(Method.java:498)
	at org.junit.runners.model.FrameworkMethod$1.runReflectiveCall(FrameworkMethod.java:47)
	at org.junit.internal.runners.model.ReflectiveCallable.run(ReflectiveCallable.java:12)
	at org.junit.runners.model.FrameworkMethod.invokeExplosively(FrameworkMethod.java:44)
	at org.junit.internal.runners.statements.InvokeMethod.evaluate(InvokeMethod.java:17)
	at org.junit.runners.ParentRunner.runLeaf(ParentRunner.java:271)
	at org.junit.runners.BlockJUnit4ClassRunner.runChild(BlockJUnit4ClassRunner.java:70)
	at org.junit.runners.BlockJUnit4ClassRunner.runChild(BlockJUnit4ClassRunner.java:50)
	at org.junit.runners.ParentRunner$3.run(ParentRunner.java:238)
	at org.junit.runners.ParentRunner$1.schedule(ParentRunner.java:63)
	at org.junit.runners.ParentRunner.runChildren(ParentRunner.java:236)
	at org.junit.runners.ParentRunner.access$000(ParentRunner.java:53)
	at org.junit.runners.ParentRunner$2.evaluate(ParentRunner.java:229)
	at org.junit.internal.runners.statements.RunBefores.evaluate(RunBefores.java:26)
	at org.junit.internal.runners.statements.RunAfters.evaluate(RunAfters.java:27)
	at org.junit.runners.ParentRunner.run(ParentRunner.java:309)
	at org.apache.maven.surefire.junit4.JUnit4Provider.execute(JUnit4Provider.java:365)
	at org.apache.maven.surefire.junit4.JUnit4Provider.executeWithRerun(JUnit4Provider.java:273)
	at org.apache.maven.surefire.junit4.JUnit4Provider.executeTestSet(JUnit4Provider.java:238)
	at org.apache.maven.surefire.junit4.JUnit4Provider.invoke(JUnit4Provider.java:159)
	at org.apache.maven.surefire.booter.ForkedBooter.invokeProviderInSameClassLoader(ForkedBooter.java:384)
	at org.apache.maven.surefire.booter.ForkedBooter.runSuitesInProcess(ForkedBooter.java:345)
	at org.apache.maven.surefire.booter.ForkedBooter.execute(ForkedBooter.java:126)
	at org.apache.maven.surefire.booter.ForkedBooter.main(ForkedBooter.java:418)
</error>
    <system-out><![CDATA[2019-09-29 11:05:28,682 [main] INFO  rpc.RpcClient (RpcClient.java:createVolume(276)) - Creating Volume: 006ba2bc-eff2-43fe-8360-abf9d1d6d87f, with jenkins1000 as owner.
2019-09-29 11:05:28,682 [IPC Server handler 2 on 40572] INFO  volume.OMVolumeCreateRequest (OMVolumeCreateRequest.java:validateAndUpdateCache(189)) - created volume:006ba2bc-eff2-43fe-8360-abf9d1d6d87f for user:jenkins1000
2019-09-29 11:05:28,683 [main] INFO  rpc.RpcClient (RpcClient.java:createBucket(415)) - Creating Bucket: 006ba2bc-eff2-43fe-8360-abf9d1d6d87f/3cc90688-44ac-4eaa-8fa3-053c2a04e42d, with Versioning false and Storage Type set to DISK and Encryption set to false 
2019-09-29 11:05:28,686 [IPC Server handler 10 on 45663] WARN  block.BlockManagerImpl (BlockManagerImpl.java:allocateBlock(192)) - Pipeline creation failed for type:STAND_ALONE factor:ONE. Datanodes may be used up.
org.apache.hadoop.hdds.scm.exceptions.SCMException: Pipeline number meets the limit: 20
	at org.apache.hadoop.hdds.scm.pipeline.SCMPipelineManager.createPipeline(SCMPipelineManager.java:174)
	at org.apache.hadoop.hdds.scm.block.BlockManagerImpl.allocateBlock(BlockManagerImpl.java:190)
	at org.apache.hadoop.hdds.scm.server.SCMBlockProtocolServer.allocateBlock(SCMBlockProtocolServer.java:182)
	at org.apache.hadoop.ozone.protocolPB.ScmBlockLocationProtocolServerSideTranslatorPB.allocateScmBlock(ScmBlockLocationProtocolServerSideTranslatorPB.java:183)
	at org.apache.hadoop.ozone.protocolPB.ScmBlockLocationProtocolServerSideTranslatorPB.processMessage(ScmBlockLocationProtocolServerSideTranslatorPB.java:141)
	at org.apache.hadoop.ozone.protocolPB.ScmBlockLocationProtocolServerSideTranslatorPB.send(ScmBlockLocationProtocolServerSideTranslatorPB.java:116)
	at org.apache.hadoop.hdds.protocol.proto.ScmBlockLocationProtocolProtos$ScmBlockLocationProtocolService$2.callBlockingMethod(ScmBlockLocationProtocolProtos.java:13157)
	at org.apache.hadoop.ipc.ProtobufRpcEngine$Server$ProtoBufRpcInvoker.call(ProtobufRpcEngine.java:524)
	at org.apache.hadoop.ipc.RPC$Server.call(RPC.java:1025)
	at org.apache.hadoop.ipc.Server$RpcCall.run(Server.java:876)
	at org.apache.hadoop.ipc.Server$RpcCall.run(Server.java:822)
	at java.security.AccessController.doPrivileged(Native Method)
	at javax.security.auth.Subject.doAs(Subject.java:422)
	at org.apache.hadoop.security.UserGroupInformation.doAs(UserGroupInformation.java:1730)
	at org.apache.hadoop.ipc.Server$Handler.run(Server.java:2682)
2019-09-29 11:05:28,686 [IPC Server handler 10 on 45663] ERROR block.BlockManagerImpl (BlockManagerImpl.java:allocateBlock(226)) - Unable to allocate a block for the size: 4194304, type: STAND_ALONE, factor: ONE
]]></system-out>
  </testcase>
  <testcase name="testDeleteVolume" classname="org.apache.hadoop.ozone.client.rpc.TestOzoneAtRestEncryption" time="0.008"/>
  <testcase name="testInvalidBucketCreation" classname="org.apache.hadoop.ozone.client.rpc.TestOzoneAtRestEncryption" time="0.006"/>
  <testcase name="testReadKeyWithVerifyChecksumFlagEnable" classname="org.apache.hadoop.ozone.client.rpc.TestOzoneAtRestEncryption" time="0.284"/>
  <testcase name="testAbortUploadSuccessWithOutAnyParts" classname="org.apache.hadoop.ozone.client.rpc.TestOzoneAtRestEncryption" time="0.015"/>
  <testcase name="testListPartsInvalidMaxParts" classname="org.apache.hadoop.ozone.client.rpc.TestOzoneAtRestEncryption" time="0.005"/>
  <testcase name="testSetBucketVersioning" classname="org.apache.hadoop.ozone.client.rpc.TestOzoneAtRestEncryption" time="0.005"/>
  <testcase name="testAbortUploadFail" classname="org.apache.hadoop.ozone.client.rpc.TestOzoneAtRestEncryption" time="0.006"/>
  <testcase name="testCreateS3BucketMapping" classname="org.apache.hadoop.ozone.client.rpc.TestOzoneAtRestEncryption" time="0.006"/>
  <testcase name="testMultipartUploadOverride" classname="org.apache.hadoop.ozone.client.rpc.TestOzoneAtRestEncryption" time="4.941"/>
  <testcase name="testValidateBlockLengthWithCommitKey" classname="org.apache.hadoop.ozone.client.rpc.TestOzoneAtRestEncryption" time="0.015">
    <error message="Allocated 0 blocks. Requested 1 blocks" type="INTERNAL_ERROR org.apache.hadoop.ozone.om.exceptions.OMException">INTERNAL_ERROR org.apache.hadoop.ozone.om.exceptions.OMException: Allocated 0 blocks. Requested 1 blocks
	at org.apache.hadoop.ozone.om.protocolPB.OzoneManagerProtocolClientSideTranslatorPB.handleError(OzoneManagerProtocolClientSideTranslatorPB.java:732)
	at org.apache.hadoop.ozone.om.protocolPB.OzoneManagerProtocolClientSideTranslatorPB.openKey(OzoneManagerProtocolClientSideTranslatorPB.java:723)
	at sun.reflect.GeneratedMethodAccessor260.invoke(Unknown Source)
	at sun.reflect.DelegatingMethodAccessorImpl.invoke(DelegatingMethodAccessorImpl.java:43)
	at java.lang.reflect.Method.invoke(Method.java:498)
	at org.apache.hadoop.hdds.tracing.TraceAllMethod.invoke(TraceAllMethod.java:66)
	at com.sun.proxy.$Proxy86.openKey(Unknown Source)
	at org.apache.hadoop.ozone.client.rpc.RpcClient.createKey(RpcClient.java:614)
	at org.apache.hadoop.ozone.client.OzoneBucket.createKey(OzoneBucket.java:325)
	at org.apache.hadoop.ozone.client.rpc.TestOzoneRpcClientAbstract.testValidateBlockLengthWithCommitKey(TestOzoneRpcClientAbstract.java:728)
	at sun.reflect.NativeMethodAccessorImpl.invoke0(Native Method)
	at sun.reflect.NativeMethodAccessorImpl.invoke(NativeMethodAccessorImpl.java:62)
	at sun.reflect.DelegatingMethodAccessorImpl.invoke(DelegatingMethodAccessorImpl.java:43)
	at java.lang.reflect.Method.invoke(Method.java:498)
	at org.junit.runners.model.FrameworkMethod$1.runReflectiveCall(FrameworkMethod.java:47)
	at org.junit.internal.runners.model.ReflectiveCallable.run(ReflectiveCallable.java:12)
	at org.junit.runners.model.FrameworkMethod.invokeExplosively(FrameworkMethod.java:44)
	at org.junit.internal.runners.statements.InvokeMethod.evaluate(InvokeMethod.java:17)
	at org.junit.runners.ParentRunner.runLeaf(ParentRunner.java:271)
	at org.junit.runners.BlockJUnit4ClassRunner.runChild(BlockJUnit4ClassRunner.java:70)
	at org.junit.runners.BlockJUnit4ClassRunner.runChild(BlockJUnit4ClassRunner.java:50)
	at org.junit.runners.ParentRunner$3.run(ParentRunner.java:238)
	at org.junit.runners.ParentRunner$1.schedule(ParentRunner.java:63)
	at org.junit.runners.ParentRunner.runChildren(ParentRunner.java:236)
	at org.junit.runners.ParentRunner.access$000(ParentRunner.java:53)
	at org.junit.runners.ParentRunner$2.evaluate(ParentRunner.java:229)
	at org.junit.internal.runners.statements.RunBefores.evaluate(RunBefores.java:26)
	at org.junit.internal.runners.statements.RunAfters.evaluate(RunAfters.java:27)
	at org.junit.runners.ParentRunner.run(ParentRunner.java:309)
	at org.apache.maven.surefire.junit4.JUnit4Provider.execute(JUnit4Provider.java:365)
	at org.apache.maven.surefire.junit4.JUnit4Provider.executeWithRerun(JUnit4Provider.java:273)
	at org.apache.maven.surefire.junit4.JUnit4Provider.executeTestSet(JUnit4Provider.java:238)
	at org.apache.maven.surefire.junit4.JUnit4Provider.invoke(JUnit4Provider.java:159)
	at org.apache.maven.surefire.booter.ForkedBooter.invokeProviderInSameClassLoader(ForkedBooter.java:384)
	at org.apache.maven.surefire.booter.ForkedBooter.runSuitesInProcess(ForkedBooter.java:345)
	at org.apache.maven.surefire.booter.ForkedBooter.execute(ForkedBooter.java:126)
	at org.apache.maven.surefire.booter.ForkedBooter.main(ForkedBooter.java:418)
</error>
    <system-out><![CDATA[2019-09-29 11:05:33,967 [main] INFO  rpc.RpcClient (RpcClient.java:createVolume(276)) - Creating Volume: 16ae7972-2fa1-4406-9486-e3d0e340d229, with jenkins1000 as owner.
2019-09-29 11:05:33,969 [IPC Server handler 16 on 40572] INFO  volume.OMVolumeCreateRequest (OMVolumeCreateRequest.java:validateAndUpdateCache(189)) - created volume:16ae7972-2fa1-4406-9486-e3d0e340d229 for user:jenkins1000
2019-09-29 11:05:33,970 [main] INFO  rpc.RpcClient (RpcClient.java:createBucket(415)) - Creating Bucket: 16ae7972-2fa1-4406-9486-e3d0e340d229/71d4c64d-4f73-408d-89de-b48f3b417f2a, with Versioning false and Storage Type set to DISK and Encryption set to false 
2019-09-29 11:05:33,974 [IPC Server handler 2 on 45663] WARN  block.BlockManagerImpl (BlockManagerImpl.java:allocateBlock(192)) - Pipeline creation failed for type:STAND_ALONE factor:ONE. Datanodes may be used up.
org.apache.hadoop.hdds.scm.exceptions.SCMException: Pipeline number meets the limit: 20
	at org.apache.hadoop.hdds.scm.pipeline.SCMPipelineManager.createPipeline(SCMPipelineManager.java:174)
	at org.apache.hadoop.hdds.scm.block.BlockManagerImpl.allocateBlock(BlockManagerImpl.java:190)
	at org.apache.hadoop.hdds.scm.server.SCMBlockProtocolServer.allocateBlock(SCMBlockProtocolServer.java:182)
	at org.apache.hadoop.ozone.protocolPB.ScmBlockLocationProtocolServerSideTranslatorPB.allocateScmBlock(ScmBlockLocationProtocolServerSideTranslatorPB.java:183)
	at org.apache.hadoop.ozone.protocolPB.ScmBlockLocationProtocolServerSideTranslatorPB.processMessage(ScmBlockLocationProtocolServerSideTranslatorPB.java:141)
	at org.apache.hadoop.ozone.protocolPB.ScmBlockLocationProtocolServerSideTranslatorPB.send(ScmBlockLocationProtocolServerSideTranslatorPB.java:116)
	at org.apache.hadoop.hdds.protocol.proto.ScmBlockLocationProtocolProtos$ScmBlockLocationProtocolService$2.callBlockingMethod(ScmBlockLocationProtocolProtos.java:13157)
	at org.apache.hadoop.ipc.ProtobufRpcEngine$Server$ProtoBufRpcInvoker.call(ProtobufRpcEngine.java:524)
	at org.apache.hadoop.ipc.RPC$Server.call(RPC.java:1025)
	at org.apache.hadoop.ipc.Server$RpcCall.run(Server.java:876)
	at org.apache.hadoop.ipc.Server$RpcCall.run(Server.java:822)
	at java.security.AccessController.doPrivileged(Native Method)
	at javax.security.auth.Subject.doAs(Subject.java:422)
	at org.apache.hadoop.security.UserGroupInformation.doAs(UserGroupInformation.java:1730)
	at org.apache.hadoop.ipc.Server$Handler.run(Server.java:2682)
2019-09-29 11:05:33,974 [IPC Server handler 2 on 45663] ERROR block.BlockManagerImpl (BlockManagerImpl.java:allocateBlock(226)) - Unable to allocate a block for the size: 4194304, type: STAND_ALONE, factor: ONE
]]></system-out>
  </testcase>
  <testcase name="testMultipartUploadWithPartsMisMatchWithListSizeDifferent" classname="org.apache.hadoop.ozone.client.rpc.TestOzoneAtRestEncryption" time="0.009"/>
  <testcase name="testNoSuchUploadError" classname="org.apache.hadoop.ozone.client.rpc.TestOzoneAtRestEncryption" time="0.007"/>
  <testcase name="testPutKeyRatisThreeNodes" classname="org.apache.hadoop.ozone.client.rpc.TestOzoneAtRestEncryption" time="2.916"/>
  <testcase name="testListKeyOnEmptyBucket" classname="org.apache.hadoop.ozone.client.rpc.TestOzoneAtRestEncryption" time="0.013"/>
  <testcase name="testReadKeyWithCorruptedDataWithMutiNodes" classname="org.apache.hadoop.ozone.client.rpc.TestOzoneAtRestEncryption" time="0.105"/>
  <testcase name="testPutKey" classname="org.apache.hadoop.ozone.client.rpc.TestOzoneAtRestEncryption" time="0.017">
    <error message="Allocated 0 blocks. Requested 1 blocks" type="INTERNAL_ERROR org.apache.hadoop.ozone.om.exceptions.OMException">INTERNAL_ERROR org.apache.hadoop.ozone.om.exceptions.OMException: Allocated 0 blocks. Requested 1 blocks
	at org.apache.hadoop.ozone.om.protocolPB.OzoneManagerProtocolClientSideTranslatorPB.handleError(OzoneManagerProtocolClientSideTranslatorPB.java:732)
	at org.apache.hadoop.ozone.om.protocolPB.OzoneManagerProtocolClientSideTranslatorPB.openKey(OzoneManagerProtocolClientSideTranslatorPB.java:723)
	at sun.reflect.GeneratedMethodAccessor260.invoke(Unknown Source)
	at sun.reflect.DelegatingMethodAccessorImpl.invoke(DelegatingMethodAccessorImpl.java:43)
	at java.lang.reflect.Method.invoke(Method.java:498)
	at org.apache.hadoop.hdds.tracing.TraceAllMethod.invoke(TraceAllMethod.java:66)
	at com.sun.proxy.$Proxy86.openKey(Unknown Source)
	at org.apache.hadoop.ozone.client.rpc.RpcClient.createKey(RpcClient.java:614)
	at org.apache.hadoop.ozone.client.OzoneBucket.createKey(OzoneBucket.java:325)
	at org.apache.hadoop.ozone.client.rpc.TestOzoneRpcClientAbstract.testPutKey(TestOzoneRpcClientAbstract.java:696)
	at sun.reflect.NativeMethodAccessorImpl.invoke0(Native Method)
	at sun.reflect.NativeMethodAccessorImpl.invoke(NativeMethodAccessorImpl.java:62)
	at sun.reflect.DelegatingMethodAccessorImpl.invoke(DelegatingMethodAccessorImpl.java:43)
	at java.lang.reflect.Method.invoke(Method.java:498)
	at org.junit.runners.model.FrameworkMethod$1.runReflectiveCall(FrameworkMethod.java:47)
	at org.junit.internal.runners.model.ReflectiveCallable.run(ReflectiveCallable.java:12)
	at org.junit.runners.model.FrameworkMethod.invokeExplosively(FrameworkMethod.java:44)
	at org.junit.internal.runners.statements.InvokeMethod.evaluate(InvokeMethod.java:17)
	at org.junit.runners.ParentRunner.runLeaf(ParentRunner.java:271)
	at org.junit.runners.BlockJUnit4ClassRunner.runChild(BlockJUnit4ClassRunner.java:70)
	at org.junit.runners.BlockJUnit4ClassRunner.runChild(BlockJUnit4ClassRunner.java:50)
	at org.junit.runners.ParentRunner$3.run(ParentRunner.java:238)
	at org.junit.runners.ParentRunner$1.schedule(ParentRunner.java:63)
	at org.junit.runners.ParentRunner.runChildren(ParentRunner.java:236)
	at org.junit.runners.ParentRunner.access$000(ParentRunner.java:53)
	at org.junit.runners.ParentRunner$2.evaluate(ParentRunner.java:229)
	at org.junit.internal.runners.statements.RunBefores.evaluate(RunBefores.java:26)
	at org.junit.internal.runners.statements.RunAfters.evaluate(RunAfters.java:27)
	at org.junit.runners.ParentRunner.run(ParentRunner.java:309)
	at org.apache.maven.surefire.junit4.JUnit4Provider.execute(JUnit4Provider.java:365)
	at org.apache.maven.surefire.junit4.JUnit4Provider.executeWithRerun(JUnit4Provider.java:273)
	at org.apache.maven.surefire.junit4.JUnit4Provider.executeTestSet(JUnit4Provider.java:238)
	at org.apache.maven.surefire.junit4.JUnit4Provider.invoke(JUnit4Provider.java:159)
	at org.apache.maven.surefire.booter.ForkedBooter.invokeProviderInSameClassLoader(ForkedBooter.java:384)
	at org.apache.maven.surefire.booter.ForkedBooter.runSuitesInProcess(ForkedBooter.java:345)
	at org.apache.maven.surefire.booter.ForkedBooter.execute(ForkedBooter.java:126)
	at org.apache.maven.surefire.booter.ForkedBooter.main(ForkedBooter.java:418)
</error>
    <system-out><![CDATA[2019-09-29 11:05:37,031 [main] INFO  rpc.RpcClient (RpcClient.java:createVolume(276)) - Creating Volume: 35bf3332-2485-4df5-b2df-42c5333710a7, with jenkins1000 as owner.
2019-09-29 11:05:37,032 [IPC Server handler 0 on 40572] INFO  volume.OMVolumeCreateRequest (OMVolumeCreateRequest.java:validateAndUpdateCache(189)) - created volume:35bf3332-2485-4df5-b2df-42c5333710a7 for user:jenkins1000
2019-09-29 11:05:37,035 [main] INFO  rpc.RpcClient (RpcClient.java:createBucket(415)) - Creating Bucket: 35bf3332-2485-4df5-b2df-42c5333710a7/6653a8f6-56c3-47be-b169-a1d10f91a5f6, with Versioning false and Storage Type set to DISK and Encryption set to false 
2019-09-29 11:05:37,038 [IPC Server handler 17 on 45663] WARN  block.BlockManagerImpl (BlockManagerImpl.java:allocateBlock(192)) - Pipeline creation failed for type:STAND_ALONE factor:ONE. Datanodes may be used up.
org.apache.hadoop.hdds.scm.exceptions.SCMException: Pipeline number meets the limit: 20
	at org.apache.hadoop.hdds.scm.pipeline.SCMPipelineManager.createPipeline(SCMPipelineManager.java:174)
	at org.apache.hadoop.hdds.scm.block.BlockManagerImpl.allocateBlock(BlockManagerImpl.java:190)
	at org.apache.hadoop.hdds.scm.server.SCMBlockProtocolServer.allocateBlock(SCMBlockProtocolServer.java:182)
	at org.apache.hadoop.ozone.protocolPB.ScmBlockLocationProtocolServerSideTranslatorPB.allocateScmBlock(ScmBlockLocationProtocolServerSideTranslatorPB.java:183)
	at org.apache.hadoop.ozone.protocolPB.ScmBlockLocationProtocolServerSideTranslatorPB.processMessage(ScmBlockLocationProtocolServerSideTranslatorPB.java:141)
	at org.apache.hadoop.ozone.protocolPB.ScmBlockLocationProtocolServerSideTranslatorPB.send(ScmBlockLocationProtocolServerSideTranslatorPB.java:116)
	at org.apache.hadoop.hdds.protocol.proto.ScmBlockLocationProtocolProtos$ScmBlockLocationProtocolService$2.callBlockingMethod(ScmBlockLocationProtocolProtos.java:13157)
	at org.apache.hadoop.ipc.ProtobufRpcEngine$Server$ProtoBufRpcInvoker.call(ProtobufRpcEngine.java:524)
	at org.apache.hadoop.ipc.RPC$Server.call(RPC.java:1025)
	at org.apache.hadoop.ipc.Server$RpcCall.run(Server.java:876)
	at org.apache.hadoop.ipc.Server$RpcCall.run(Server.java:822)
	at java.security.AccessController.doPrivileged(Native Method)
	at javax.security.auth.Subject.doAs(Subject.java:422)
	at org.apache.hadoop.security.UserGroupInformation.doAs(UserGroupInformation.java:1730)
	at org.apache.hadoop.ipc.Server$Handler.run(Server.java:2682)
2019-09-29 11:05:37,038 [IPC Server handler 17 on 45663] ERROR block.BlockManagerImpl (BlockManagerImpl.java:allocateBlock(226)) - Unable to allocate a block for the size: 4194304, type: STAND_ALONE, factor: ONE
]]></system-out>
  </testcase>
  <testcase name="testReadKeyWithCorruptedData" classname="org.apache.hadoop.ozone.client.rpc.TestOzoneAtRestEncryption" time="0.292"/>
  <testcase name="testCreateBucketWithAcls" classname="org.apache.hadoop.ozone.client.rpc.TestOzoneAtRestEncryption" time="0.008"/>
  <testcase name="testMultipartUploadWithPartsMisMatchWithIncorrectPartName" classname="org.apache.hadoop.ozone.client.rpc.TestOzoneAtRestEncryption" time="0.01">
    <error message="Allocated 0 blocks. Requested 1 blocks" type="INTERNAL_ERROR org.apache.hadoop.ozone.om.exceptions.OMException">INTERNAL_ERROR org.apache.hadoop.ozone.om.exceptions.OMException: Allocated 0 blocks. Requested 1 blocks
	at org.apache.hadoop.ozone.om.protocolPB.OzoneManagerProtocolClientSideTranslatorPB.handleError(OzoneManagerProtocolClientSideTranslatorPB.java:732)
	at org.apache.hadoop.ozone.om.protocolPB.OzoneManagerProtocolClientSideTranslatorPB.allocateBlock(OzoneManagerProtocolClientSideTranslatorPB.java:764)
	at sun.reflect.GeneratedMethodAccessor292.invoke(Unknown Source)
	at sun.reflect.DelegatingMethodAccessorImpl.invoke(DelegatingMethodAccessorImpl.java:43)
	at java.lang.reflect.Method.invoke(Method.java:498)
	at org.apache.hadoop.hdds.tracing.TraceAllMethod.invoke(TraceAllMethod.java:66)
	at com.sun.proxy.$Proxy86.allocateBlock(Unknown Source)
	at org.apache.hadoop.ozone.client.io.BlockOutputStreamEntryPool.allocateNewBlock(BlockOutputStreamEntryPool.java:248)
	at org.apache.hadoop.ozone.client.io.BlockOutputStreamEntryPool.allocateBlockIfNeeded(BlockOutputStreamEntryPool.java:296)
	at org.apache.hadoop.ozone.client.io.KeyOutputStream.handleWrite(KeyOutputStream.java:198)
	at org.apache.hadoop.ozone.client.io.KeyOutputStream.write(KeyOutputStream.java:190)
	at org.apache.hadoop.ozone.client.io.OzoneOutputStream.write(OzoneOutputStream.java:49)
	at org.apache.hadoop.ozone.client.rpc.TestOzoneRpcClientAbstract.uploadPart(TestOzoneRpcClientAbstract.java:2625)
	at org.apache.hadoop.ozone.client.rpc.TestOzoneRpcClientAbstract.testMultipartUploadWithPartsMisMatchWithIncorrectPartName(TestOzoneRpcClientAbstract.java:1931)
	at sun.reflect.NativeMethodAccessorImpl.invoke0(Native Method)
	at sun.reflect.NativeMethodAccessorImpl.invoke(NativeMethodAccessorImpl.java:62)
	at sun.reflect.DelegatingMethodAccessorImpl.invoke(DelegatingMethodAccessorImpl.java:43)
	at java.lang.reflect.Method.invoke(Method.java:498)
	at org.junit.runners.model.FrameworkMethod$1.runReflectiveCall(FrameworkMethod.java:47)
	at org.junit.internal.runners.model.ReflectiveCallable.run(ReflectiveCallable.java:12)
	at org.junit.runners.model.FrameworkMethod.invokeExplosively(FrameworkMethod.java:44)
	at org.junit.internal.runners.statements.InvokeMethod.evaluate(InvokeMethod.java:17)
	at org.junit.runners.ParentRunner.runLeaf(ParentRunner.java:271)
	at org.junit.runners.BlockJUnit4ClassRunner.runChild(BlockJUnit4ClassRunner.java:70)
	at org.junit.runners.BlockJUnit4ClassRunner.runChild(BlockJUnit4ClassRunner.java:50)
	at org.junit.runners.ParentRunner$3.run(ParentRunner.java:238)
	at org.junit.runners.ParentRunner$1.schedule(ParentRunner.java:63)
	at org.junit.runners.ParentRunner.runChildren(ParentRunner.java:236)
	at org.junit.runners.ParentRunner.access$000(ParentRunner.java:53)
	at org.junit.runners.ParentRunner$2.evaluate(ParentRunner.java:229)
	at org.junit.internal.runners.statements.RunBefores.evaluate(RunBefores.java:26)
	at org.junit.internal.runners.statements.RunAfters.evaluate(RunAfters.java:27)
	at org.junit.runners.ParentRunner.run(ParentRunner.java:309)
	at org.apache.maven.surefire.junit4.JUnit4Provider.execute(JUnit4Provider.java:365)
	at org.apache.maven.surefire.junit4.JUnit4Provider.executeWithRerun(JUnit4Provider.java:273)
	at org.apache.maven.surefire.junit4.JUnit4Provider.executeTestSet(JUnit4Provider.java:238)
	at org.apache.maven.surefire.junit4.JUnit4Provider.invoke(JUnit4Provider.java:159)
	at org.apache.maven.surefire.booter.ForkedBooter.invokeProviderInSameClassLoader(ForkedBooter.java:384)
	at org.apache.maven.surefire.booter.ForkedBooter.runSuitesInProcess(ForkedBooter.java:345)
	at org.apache.maven.surefire.booter.ForkedBooter.execute(ForkedBooter.java:126)
	at org.apache.maven.surefire.booter.ForkedBooter.main(ForkedBooter.java:418)
</error>
    <system-out><![CDATA[2019-09-29 11:05:37,348 [main] INFO  rpc.RpcClient (RpcClient.java:createVolume(276)) - Creating Volume: 04f673d7-1430-46fa-ab14-d0581fca762e, with jenkins1000 as owner.
2019-09-29 11:05:37,349 [IPC Server handler 15 on 40572] INFO  volume.OMVolumeCreateRequest (OMVolumeCreateRequest.java:validateAndUpdateCache(189)) - created volume:04f673d7-1430-46fa-ab14-d0581fca762e for user:jenkins1000
2019-09-29 11:05:37,351 [main] INFO  rpc.RpcClient (RpcClient.java:createBucket(415)) - Creating Bucket: 04f673d7-1430-46fa-ab14-d0581fca762e/c8619812-c965-4a37-b717-253df23b6d77, with Versioning false and Storage Type set to DISK and Encryption set to false 
2019-09-29 11:05:37,356 [IPC Server handler 4 on 45663] WARN  block.BlockManagerImpl (BlockManagerImpl.java:allocateBlock(192)) - Pipeline creation failed for type:STAND_ALONE factor:ONE. Datanodes may be used up.
org.apache.hadoop.hdds.scm.exceptions.SCMException: Pipeline number meets the limit: 20
	at org.apache.hadoop.hdds.scm.pipeline.SCMPipelineManager.createPipeline(SCMPipelineManager.java:174)
	at org.apache.hadoop.hdds.scm.block.BlockManagerImpl.allocateBlock(BlockManagerImpl.java:190)
	at org.apache.hadoop.hdds.scm.server.SCMBlockProtocolServer.allocateBlock(SCMBlockProtocolServer.java:182)
	at org.apache.hadoop.ozone.protocolPB.ScmBlockLocationProtocolServerSideTranslatorPB.allocateScmBlock(ScmBlockLocationProtocolServerSideTranslatorPB.java:183)
	at org.apache.hadoop.ozone.protocolPB.ScmBlockLocationProtocolServerSideTranslatorPB.processMessage(ScmBlockLocationProtocolServerSideTranslatorPB.java:141)
	at org.apache.hadoop.ozone.protocolPB.ScmBlockLocationProtocolServerSideTranslatorPB.send(ScmBlockLocationProtocolServerSideTranslatorPB.java:116)
	at org.apache.hadoop.hdds.protocol.proto.ScmBlockLocationProtocolProtos$ScmBlockLocationProtocolService$2.callBlockingMethod(ScmBlockLocationProtocolProtos.java:13157)
	at org.apache.hadoop.ipc.ProtobufRpcEngine$Server$ProtoBufRpcInvoker.call(ProtobufRpcEngine.java:524)
	at org.apache.hadoop.ipc.RPC$Server.call(RPC.java:1025)
	at org.apache.hadoop.ipc.Server$RpcCall.run(Server.java:876)
	at org.apache.hadoop.ipc.Server$RpcCall.run(Server.java:822)
	at java.security.AccessController.doPrivileged(Native Method)
	at javax.security.auth.Subject.doAs(Subject.java:422)
	at org.apache.hadoop.security.UserGroupInformation.doAs(UserGroupInformation.java:1730)
	at org.apache.hadoop.ipc.Server$Handler.run(Server.java:2682)
2019-09-29 11:05:37,356 [IPC Server handler 4 on 45663] ERROR block.BlockManagerImpl (BlockManagerImpl.java:allocateBlock(226)) - Unable to allocate a block for the size: 4194304, type: STAND_ALONE, factor: ONE
2019-09-29 11:05:37,357 [main] ERROR io.BlockOutputStreamEntryPool (BlockOutputStreamEntryPool.java:allocateBlockIfNeeded(299)) - Try to allocate more blocks for write failed, already allocated 0 blocks for this write.
INTERNAL_ERROR org.apache.hadoop.ozone.om.exceptions.OMException: Allocated 0 blocks. Requested 1 blocks
	at org.apache.hadoop.ozone.om.protocolPB.OzoneManagerProtocolClientSideTranslatorPB.handleError(OzoneManagerProtocolClientSideTranslatorPB.java:732)
	at org.apache.hadoop.ozone.om.protocolPB.OzoneManagerProtocolClientSideTranslatorPB.allocateBlock(OzoneManagerProtocolClientSideTranslatorPB.java:764)
	at sun.reflect.GeneratedMethodAccessor292.invoke(Unknown Source)
	at sun.reflect.DelegatingMethodAccessorImpl.invoke(DelegatingMethodAccessorImpl.java:43)
	at java.lang.reflect.Method.invoke(Method.java:498)
	at org.apache.hadoop.hdds.tracing.TraceAllMethod.invoke(TraceAllMethod.java:66)
	at com.sun.proxy.$Proxy86.allocateBlock(Unknown Source)
	at org.apache.hadoop.ozone.client.io.BlockOutputStreamEntryPool.allocateNewBlock(BlockOutputStreamEntryPool.java:248)
	at org.apache.hadoop.ozone.client.io.BlockOutputStreamEntryPool.allocateBlockIfNeeded(BlockOutputStreamEntryPool.java:296)
	at org.apache.hadoop.ozone.client.io.KeyOutputStream.handleWrite(KeyOutputStream.java:198)
	at org.apache.hadoop.ozone.client.io.KeyOutputStream.write(KeyOutputStream.java:190)
	at org.apache.hadoop.ozone.client.io.OzoneOutputStream.write(OzoneOutputStream.java:49)
	at org.apache.hadoop.ozone.client.rpc.TestOzoneRpcClientAbstract.uploadPart(TestOzoneRpcClientAbstract.java:2625)
	at org.apache.hadoop.ozone.client.rpc.TestOzoneRpcClientAbstract.testMultipartUploadWithPartsMisMatchWithIncorrectPartName(TestOzoneRpcClientAbstract.java:1931)
	at sun.reflect.NativeMethodAccessorImpl.invoke0(Native Method)
	at sun.reflect.NativeMethodAccessorImpl.invoke(NativeMethodAccessorImpl.java:62)
	at sun.reflect.DelegatingMethodAccessorImpl.invoke(DelegatingMethodAccessorImpl.java:43)
	at java.lang.reflect.Method.invoke(Method.java:498)
	at org.junit.runners.model.FrameworkMethod$1.runReflectiveCall(FrameworkMethod.java:47)
	at org.junit.internal.runners.model.ReflectiveCallable.run(ReflectiveCallable.java:12)
	at org.junit.runners.model.FrameworkMethod.invokeExplosively(FrameworkMethod.java:44)
	at org.junit.internal.runners.statements.InvokeMethod.evaluate(InvokeMethod.java:17)
	at org.junit.runners.ParentRunner.runLeaf(ParentRunner.java:271)
	at org.junit.runners.BlockJUnit4ClassRunner.runChild(BlockJUnit4ClassRunner.java:70)
	at org.junit.runners.BlockJUnit4ClassRunner.runChild(BlockJUnit4ClassRunner.java:50)
	at org.junit.runners.ParentRunner$3.run(ParentRunner.java:238)
	at org.junit.runners.ParentRunner$1.schedule(ParentRunner.java:63)
	at org.junit.runners.ParentRunner.runChildren(ParentRunner.java:236)
	at org.junit.runners.ParentRunner.access$000(ParentRunner.java:53)
	at org.junit.runners.ParentRunner$2.evaluate(ParentRunner.java:229)
	at org.junit.internal.runners.statements.RunBefores.evaluate(RunBefores.java:26)
	at org.junit.internal.runners.statements.RunAfters.evaluate(RunAfters.java:27)
	at org.junit.runners.ParentRunner.run(ParentRunner.java:309)
	at org.apache.maven.surefire.junit4.JUnit4Provider.execute(JUnit4Provider.java:365)
	at org.apache.maven.surefire.junit4.JUnit4Provider.executeWithRerun(JUnit4Provider.java:273)
	at org.apache.maven.surefire.junit4.JUnit4Provider.executeTestSet(JUnit4Provider.java:238)
	at org.apache.maven.surefire.junit4.JUnit4Provider.invoke(JUnit4Provider.java:159)
	at org.apache.maven.surefire.booter.ForkedBooter.invokeProviderInSameClassLoader(ForkedBooter.java:384)
	at org.apache.maven.surefire.booter.ForkedBooter.runSuitesInProcess(ForkedBooter.java:345)
	at org.apache.maven.surefire.booter.ForkedBooter.execute(ForkedBooter.java:126)
	at org.apache.maven.surefire.booter.ForkedBooter.main(ForkedBooter.java:418)
]]></system-out>
  </testcase>
  <testcase name="testCreateVolumeWithMetadata" classname="org.apache.hadoop.ozone.client.rpc.TestOzoneAtRestEncryption" time="0.002"/>
  <testcase name="testCreateBucketWithMetadata" classname="org.apache.hadoop.ozone.client.rpc.TestOzoneAtRestEncryption" time="0.004"/>
  <testcase name="testListPartsWithPartMarkerGreaterThanPartCount" classname="org.apache.hadoop.ozone.client.rpc.TestOzoneAtRestEncryption" time="0.011">
    <error message="Allocated 0 blocks. Requested 1 blocks" type="INTERNAL_ERROR org.apache.hadoop.ozone.om.exceptions.OMException">INTERNAL_ERROR org.apache.hadoop.ozone.om.exceptions.OMException: Allocated 0 blocks. Requested 1 blocks
	at org.apache.hadoop.ozone.om.protocolPB.OzoneManagerProtocolClientSideTranslatorPB.handleError(OzoneManagerProtocolClientSideTranslatorPB.java:732)
	at org.apache.hadoop.ozone.om.protocolPB.OzoneManagerProtocolClientSideTranslatorPB.allocateBlock(OzoneManagerProtocolClientSideTranslatorPB.java:764)
	at sun.reflect.GeneratedMethodAccessor292.invoke(Unknown Source)
	at sun.reflect.DelegatingMethodAccessorImpl.invoke(DelegatingMethodAccessorImpl.java:43)
	at java.lang.reflect.Method.invoke(Method.java:498)
	at org.apache.hadoop.hdds.tracing.TraceAllMethod.invoke(TraceAllMethod.java:66)
	at com.sun.proxy.$Proxy86.allocateBlock(Unknown Source)
	at org.apache.hadoop.ozone.client.io.BlockOutputStreamEntryPool.allocateNewBlock(BlockOutputStreamEntryPool.java:248)
	at org.apache.hadoop.ozone.client.io.BlockOutputStreamEntryPool.allocateBlockIfNeeded(BlockOutputStreamEntryPool.java:296)
	at org.apache.hadoop.ozone.client.io.KeyOutputStream.handleWrite(KeyOutputStream.java:198)
	at org.apache.hadoop.ozone.client.io.KeyOutputStream.write(KeyOutputStream.java:190)
	at org.apache.hadoop.ozone.client.io.OzoneOutputStream.write(OzoneOutputStream.java:49)
	at org.apache.hadoop.ozone.client.rpc.TestOzoneRpcClientAbstract.uploadPart(TestOzoneRpcClientAbstract.java:2625)
	at org.apache.hadoop.ozone.client.rpc.TestOzoneRpcClientAbstract.testListPartsWithPartMarkerGreaterThanPartCount(TestOzoneRpcClientAbstract.java:2185)
	at sun.reflect.NativeMethodAccessorImpl.invoke0(Native Method)
	at sun.reflect.NativeMethodAccessorImpl.invoke(NativeMethodAccessorImpl.java:62)
	at sun.reflect.DelegatingMethodAccessorImpl.invoke(DelegatingMethodAccessorImpl.java:43)
	at java.lang.reflect.Method.invoke(Method.java:498)
	at org.junit.runners.model.FrameworkMethod$1.runReflectiveCall(FrameworkMethod.java:47)
	at org.junit.internal.runners.model.ReflectiveCallable.run(ReflectiveCallable.java:12)
	at org.junit.runners.model.FrameworkMethod.invokeExplosively(FrameworkMethod.java:44)
	at org.junit.internal.runners.statements.InvokeMethod.evaluate(InvokeMethod.java:17)
	at org.junit.runners.ParentRunner.runLeaf(ParentRunner.java:271)
	at org.junit.runners.BlockJUnit4ClassRunner.runChild(BlockJUnit4ClassRunner.java:70)
	at org.junit.runners.BlockJUnit4ClassRunner.runChild(BlockJUnit4ClassRunner.java:50)
	at org.junit.runners.ParentRunner$3.run(ParentRunner.java:238)
	at org.junit.runners.ParentRunner$1.schedule(ParentRunner.java:63)
	at org.junit.runners.ParentRunner.runChildren(ParentRunner.java:236)
	at org.junit.runners.ParentRunner.access$000(ParentRunner.java:53)
	at org.junit.runners.ParentRunner$2.evaluate(ParentRunner.java:229)
	at org.junit.internal.runners.statements.RunBefores.evaluate(RunBefores.java:26)
	at org.junit.internal.runners.statements.RunAfters.evaluate(RunAfters.java:27)
	at org.junit.runners.ParentRunner.run(ParentRunner.java:309)
	at org.apache.maven.surefire.junit4.JUnit4Provider.execute(JUnit4Provider.java:365)
	at org.apache.maven.surefire.junit4.JUnit4Provider.executeWithRerun(JUnit4Provider.java:273)
	at org.apache.maven.surefire.junit4.JUnit4Provider.executeTestSet(JUnit4Provider.java:238)
	at org.apache.maven.surefire.junit4.JUnit4Provider.invoke(JUnit4Provider.java:159)
	at org.apache.maven.surefire.booter.ForkedBooter.invokeProviderInSameClassLoader(ForkedBooter.java:384)
	at org.apache.maven.surefire.booter.ForkedBooter.runSuitesInProcess(ForkedBooter.java:345)
	at org.apache.maven.surefire.booter.ForkedBooter.execute(ForkedBooter.java:126)
	at org.apache.maven.surefire.booter.ForkedBooter.main(ForkedBooter.java:418)
</error>
    <system-out><![CDATA[2019-09-29 11:05:37,364 [main] INFO  rpc.RpcClient (RpcClient.java:createVolume(276)) - Creating Volume: 35e14101-fd60-492b-91b4-62ab09319302, with jenkins1000 as owner.
2019-09-29 11:05:37,365 [IPC Server handler 6 on 40572] INFO  volume.OMVolumeCreateRequest (OMVolumeCreateRequest.java:validateAndUpdateCache(189)) - created volume:35e14101-fd60-492b-91b4-62ab09319302 for user:jenkins1000
2019-09-29 11:05:37,366 [main] INFO  rpc.RpcClient (RpcClient.java:createBucket(415)) - Creating Bucket: 35e14101-fd60-492b-91b4-62ab09319302/39072eee-7cbc-4cc2-b980-6d2531620ed0, with Versioning false and Storage Type set to DISK and Encryption set to false 
2019-09-29 11:05:37,373 [IPC Server handler 3 on 45663] WARN  block.BlockManagerImpl (BlockManagerImpl.java:allocateBlock(192)) - Pipeline creation failed for type:STAND_ALONE factor:ONE. Datanodes may be used up.
org.apache.hadoop.hdds.scm.exceptions.SCMException: Pipeline number meets the limit: 20
	at org.apache.hadoop.hdds.scm.pipeline.SCMPipelineManager.createPipeline(SCMPipelineManager.java:174)
	at org.apache.hadoop.hdds.scm.block.BlockManagerImpl.allocateBlock(BlockManagerImpl.java:190)
	at org.apache.hadoop.hdds.scm.server.SCMBlockProtocolServer.allocateBlock(SCMBlockProtocolServer.java:182)
	at org.apache.hadoop.ozone.protocolPB.ScmBlockLocationProtocolServerSideTranslatorPB.allocateScmBlock(ScmBlockLocationProtocolServerSideTranslatorPB.java:183)
	at org.apache.hadoop.ozone.protocolPB.ScmBlockLocationProtocolServerSideTranslatorPB.processMessage(ScmBlockLocationProtocolServerSideTranslatorPB.java:141)
	at org.apache.hadoop.ozone.protocolPB.ScmBlockLocationProtocolServerSideTranslatorPB.send(ScmBlockLocationProtocolServerSideTranslatorPB.java:116)
	at org.apache.hadoop.hdds.protocol.proto.ScmBlockLocationProtocolProtos$ScmBlockLocationProtocolService$2.callBlockingMethod(ScmBlockLocationProtocolProtos.java:13157)
	at org.apache.hadoop.ipc.ProtobufRpcEngine$Server$ProtoBufRpcInvoker.call(ProtobufRpcEngine.java:524)
	at org.apache.hadoop.ipc.RPC$Server.call(RPC.java:1025)
	at org.apache.hadoop.ipc.Server$RpcCall.run(Server.java:876)
	at org.apache.hadoop.ipc.Server$RpcCall.run(Server.java:822)
	at java.security.AccessController.doPrivileged(Native Method)
	at javax.security.auth.Subject.doAs(Subject.java:422)
	at org.apache.hadoop.security.UserGroupInformation.doAs(UserGroupInformation.java:1730)
	at org.apache.hadoop.ipc.Server$Handler.run(Server.java:2682)
2019-09-29 11:05:37,373 [IPC Server handler 3 on 45663] ERROR block.BlockManagerImpl (BlockManagerImpl.java:allocateBlock(226)) - Unable to allocate a block for the size: 4194304, type: STAND_ALONE, factor: ONE
2019-09-29 11:05:37,374 [main] ERROR io.BlockOutputStreamEntryPool (BlockOutputStreamEntryPool.java:allocateBlockIfNeeded(299)) - Try to allocate more blocks for write failed, already allocated 0 blocks for this write.
INTERNAL_ERROR org.apache.hadoop.ozone.om.exceptions.OMException: Allocated 0 blocks. Requested 1 blocks
	at org.apache.hadoop.ozone.om.protocolPB.OzoneManagerProtocolClientSideTranslatorPB.handleError(OzoneManagerProtocolClientSideTranslatorPB.java:732)
	at org.apache.hadoop.ozone.om.protocolPB.OzoneManagerProtocolClientSideTranslatorPB.allocateBlock(OzoneManagerProtocolClientSideTranslatorPB.java:764)
	at sun.reflect.GeneratedMethodAccessor292.invoke(Unknown Source)
	at sun.reflect.DelegatingMethodAccessorImpl.invoke(DelegatingMethodAccessorImpl.java:43)
	at java.lang.reflect.Method.invoke(Method.java:498)
	at org.apache.hadoop.hdds.tracing.TraceAllMethod.invoke(TraceAllMethod.java:66)
	at com.sun.proxy.$Proxy86.allocateBlock(Unknown Source)
	at org.apache.hadoop.ozone.client.io.BlockOutputStreamEntryPool.allocateNewBlock(BlockOutputStreamEntryPool.java:248)
	at org.apache.hadoop.ozone.client.io.BlockOutputStreamEntryPool.allocateBlockIfNeeded(BlockOutputStreamEntryPool.java:296)
	at org.apache.hadoop.ozone.client.io.KeyOutputStream.handleWrite(KeyOutputStream.java:198)
	at org.apache.hadoop.ozone.client.io.KeyOutputStream.write(KeyOutputStream.java:190)
	at org.apache.hadoop.ozone.client.io.OzoneOutputStream.write(OzoneOutputStream.java:49)
	at org.apache.hadoop.ozone.client.rpc.TestOzoneRpcClientAbstract.uploadPart(TestOzoneRpcClientAbstract.java:2625)
	at org.apache.hadoop.ozone.client.rpc.TestOzoneRpcClientAbstract.testListPartsWithPartMarkerGreaterThanPartCount(TestOzoneRpcClientAbstract.java:2185)
	at sun.reflect.NativeMethodAccessorImpl.invoke0(Native Method)
	at sun.reflect.NativeMethodAccessorImpl.invoke(NativeMethodAccessorImpl.java:62)
	at sun.reflect.DelegatingMethodAccessorImpl.invoke(DelegatingMethodAccessorImpl.java:43)
	at java.lang.reflect.Method.invoke(Method.java:498)
	at org.junit.runners.model.FrameworkMethod$1.runReflectiveCall(FrameworkMethod.java:47)
	at org.junit.internal.runners.model.ReflectiveCallable.run(ReflectiveCallable.java:12)
	at org.junit.runners.model.FrameworkMethod.invokeExplosively(FrameworkMethod.java:44)
	at org.junit.internal.runners.statements.InvokeMethod.evaluate(InvokeMethod.java:17)
	at org.junit.runners.ParentRunner.runLeaf(ParentRunner.java:271)
	at org.junit.runners.BlockJUnit4ClassRunner.runChild(BlockJUnit4ClassRunner.java:70)
	at org.junit.runners.BlockJUnit4ClassRunner.runChild(BlockJUnit4ClassRunner.java:50)
	at org.junit.runners.ParentRunner$3.run(ParentRunner.java:238)
	at org.junit.runners.ParentRunner$1.schedule(ParentRunner.java:63)
	at org.junit.runners.ParentRunner.runChildren(ParentRunner.java:236)
	at org.junit.runners.ParentRunner.access$000(ParentRunner.java:53)
	at org.junit.runners.ParentRunner$2.evaluate(ParentRunner.java:229)
	at org.junit.internal.runners.statements.RunBefores.evaluate(RunBefores.java:26)
	at org.junit.internal.runners.statements.RunAfters.evaluate(RunAfters.java:27)
	at org.junit.runners.ParentRunner.run(ParentRunner.java:309)
	at org.apache.maven.surefire.junit4.JUnit4Provider.execute(JUnit4Provider.java:365)
	at org.apache.maven.surefire.junit4.JUnit4Provider.executeWithRerun(JUnit4Provider.java:273)
	at org.apache.maven.surefire.junit4.JUnit4Provider.executeTestSet(JUnit4Provider.java:238)
	at org.apache.maven.surefire.junit4.JUnit4Provider.invoke(JUnit4Provider.java:159)
	at org.apache.maven.surefire.booter.ForkedBooter.invokeProviderInSameClassLoader(ForkedBooter.java:384)
	at org.apache.maven.surefire.booter.ForkedBooter.runSuitesInProcess(ForkedBooter.java:345)
	at org.apache.maven.surefire.booter.ForkedBooter.execute(ForkedBooter.java:126)
	at org.apache.maven.surefire.booter.ForkedBooter.main(ForkedBooter.java:418)
]]></system-out>
  </testcase>
  <testcase name="testCreateBucket" classname="org.apache.hadoop.ozone.client.rpc.TestOzoneAtRestEncryption" time="0.003"/>
  <testcase name="testUploadPartWithNoOverride" classname="org.apache.hadoop.ozone.client.rpc.TestOzoneAtRestEncryption" time="0.019">
    <error message="Allocated 0 blocks. Requested 1 blocks" type="INTERNAL_ERROR org.apache.hadoop.ozone.om.exceptions.OMException">INTERNAL_ERROR org.apache.hadoop.ozone.om.exceptions.OMException: Allocated 0 blocks. Requested 1 blocks
	at org.apache.hadoop.ozone.om.protocolPB.OzoneManagerProtocolClientSideTranslatorPB.handleError(OzoneManagerProtocolClientSideTranslatorPB.java:732)
	at org.apache.hadoop.ozone.om.protocolPB.OzoneManagerProtocolClientSideTranslatorPB.allocateBlock(OzoneManagerProtocolClientSideTranslatorPB.java:764)
	at sun.reflect.GeneratedMethodAccessor292.invoke(Unknown Source)
	at sun.reflect.DelegatingMethodAccessorImpl.invoke(DelegatingMethodAccessorImpl.java:43)
	at java.lang.reflect.Method.invoke(Method.java:498)
	at org.apache.hadoop.hdds.tracing.TraceAllMethod.invoke(TraceAllMethod.java:66)
	at com.sun.proxy.$Proxy86.allocateBlock(Unknown Source)
	at org.apache.hadoop.ozone.client.io.BlockOutputStreamEntryPool.allocateNewBlock(BlockOutputStreamEntryPool.java:248)
	at org.apache.hadoop.ozone.client.io.BlockOutputStreamEntryPool.allocateBlockIfNeeded(BlockOutputStreamEntryPool.java:296)
	at org.apache.hadoop.ozone.client.io.KeyOutputStream.handleWrite(KeyOutputStream.java:198)
	at org.apache.hadoop.ozone.client.io.KeyOutputStream.write(KeyOutputStream.java:190)
	at org.apache.hadoop.ozone.client.io.OzoneOutputStream.write(OzoneOutputStream.java:49)
	at org.apache.hadoop.ozone.client.rpc.TestOzoneRpcClientAbstract.testUploadPartWithNoOverride(TestOzoneRpcClientAbstract.java:1680)
	at sun.reflect.NativeMethodAccessorImpl.invoke0(Native Method)
	at sun.reflect.NativeMethodAccessorImpl.invoke(NativeMethodAccessorImpl.java:62)
	at sun.reflect.DelegatingMethodAccessorImpl.invoke(DelegatingMethodAccessorImpl.java:43)
	at java.lang.reflect.Method.invoke(Method.java:498)
	at org.junit.runners.model.FrameworkMethod$1.runReflectiveCall(FrameworkMethod.java:47)
	at org.junit.internal.runners.model.ReflectiveCallable.run(ReflectiveCallable.java:12)
	at org.junit.runners.model.FrameworkMethod.invokeExplosively(FrameworkMethod.java:44)
	at org.junit.internal.runners.statements.InvokeMethod.evaluate(InvokeMethod.java:17)
	at org.junit.runners.ParentRunner.runLeaf(ParentRunner.java:271)
	at org.junit.runners.BlockJUnit4ClassRunner.runChild(BlockJUnit4ClassRunner.java:70)
	at org.junit.runners.BlockJUnit4ClassRunner.runChild(BlockJUnit4ClassRunner.java:50)
	at org.junit.runners.ParentRunner$3.run(ParentRunner.java:238)
	at org.junit.runners.ParentRunner$1.schedule(ParentRunner.java:63)
	at org.junit.runners.ParentRunner.runChildren(ParentRunner.java:236)
	at org.junit.runners.ParentRunner.access$000(ParentRunner.java:53)
	at org.junit.runners.ParentRunner$2.evaluate(ParentRunner.java:229)
	at org.junit.internal.runners.statements.RunBefores.evaluate(RunBefores.java:26)
	at org.junit.internal.runners.statements.RunAfters.evaluate(RunAfters.java:27)
	at org.junit.runners.ParentRunner.run(ParentRunner.java:309)
	at org.apache.maven.surefire.junit4.JUnit4Provider.execute(JUnit4Provider.java:365)
	at org.apache.maven.surefire.junit4.JUnit4Provider.executeWithRerun(JUnit4Provider.java:273)
	at org.apache.maven.surefire.junit4.JUnit4Provider.executeTestSet(JUnit4Provider.java:238)
	at org.apache.maven.surefire.junit4.JUnit4Provider.invoke(JUnit4Provider.java:159)
	at org.apache.maven.surefire.booter.ForkedBooter.invokeProviderInSameClassLoader(ForkedBooter.java:384)
	at org.apache.maven.surefire.booter.ForkedBooter.runSuitesInProcess(ForkedBooter.java:345)
	at org.apache.maven.surefire.booter.ForkedBooter.execute(ForkedBooter.java:126)
	at org.apache.maven.surefire.booter.ForkedBooter.main(ForkedBooter.java:418)
</error>
    <system-out><![CDATA[2019-09-29 11:05:37,378 [main] INFO  rpc.RpcClient (RpcClient.java:createVolume(276)) - Creating Volume: 81429128-699d-4253-832a-82113a03ea4c, with jenkins1000 as owner.
2019-09-29 11:05:37,379 [IPC Server handler 18 on 40572] INFO  volume.OMVolumeCreateRequest (OMVolumeCreateRequest.java:validateAndUpdateCache(189)) - created volume:81429128-699d-4253-832a-82113a03ea4c for user:jenkins1000
2019-09-29 11:05:37,380 [main] INFO  rpc.RpcClient (RpcClient.java:createBucket(415)) - Creating Bucket: 81429128-699d-4253-832a-82113a03ea4c/6bcc800d-d580-4ddf-9b22-05e781517776, with Versioning false and Storage Type set to DISK and Encryption set to false 
2019-09-29 11:05:37,385 [IPC Server handler 14 on 45663] WARN  block.BlockManagerImpl (BlockManagerImpl.java:allocateBlock(192)) - Pipeline creation failed for type:STAND_ALONE factor:ONE. Datanodes may be used up.
org.apache.hadoop.hdds.scm.exceptions.SCMException: Pipeline number meets the limit: 20
	at org.apache.hadoop.hdds.scm.pipeline.SCMPipelineManager.createPipeline(SCMPipelineManager.java:174)
	at org.apache.hadoop.hdds.scm.block.BlockManagerImpl.allocateBlock(BlockManagerImpl.java:190)
	at org.apache.hadoop.hdds.scm.server.SCMBlockProtocolServer.allocateBlock(SCMBlockProtocolServer.java:182)
	at org.apache.hadoop.ozone.protocolPB.ScmBlockLocationProtocolServerSideTranslatorPB.allocateScmBlock(ScmBlockLocationProtocolServerSideTranslatorPB.java:183)
	at org.apache.hadoop.ozone.protocolPB.ScmBlockLocationProtocolServerSideTranslatorPB.processMessage(ScmBlockLocationProtocolServerSideTranslatorPB.java:141)
	at org.apache.hadoop.ozone.protocolPB.ScmBlockLocationProtocolServerSideTranslatorPB.send(ScmBlockLocationProtocolServerSideTranslatorPB.java:116)
	at org.apache.hadoop.hdds.protocol.proto.ScmBlockLocationProtocolProtos$ScmBlockLocationProtocolService$2.callBlockingMethod(ScmBlockLocationProtocolProtos.java:13157)
	at org.apache.hadoop.ipc.ProtobufRpcEngine$Server$ProtoBufRpcInvoker.call(ProtobufRpcEngine.java:524)
	at org.apache.hadoop.ipc.RPC$Server.call(RPC.java:1025)
	at org.apache.hadoop.ipc.Server$RpcCall.run(Server.java:876)
	at org.apache.hadoop.ipc.Server$RpcCall.run(Server.java:822)
	at java.security.AccessController.doPrivileged(Native Method)
	at javax.security.auth.Subject.doAs(Subject.java:422)
	at org.apache.hadoop.security.UserGroupInformation.doAs(UserGroupInformation.java:1730)
	at org.apache.hadoop.ipc.Server$Handler.run(Server.java:2682)
2019-09-29 11:05:37,395 [IPC Server handler 14 on 45663] ERROR block.BlockManagerImpl (BlockManagerImpl.java:allocateBlock(226)) - Unable to allocate a block for the size: 4194304, type: STAND_ALONE, factor: ONE
2019-09-29 11:05:37,396 [main] ERROR io.BlockOutputStreamEntryPool (BlockOutputStreamEntryPool.java:allocateBlockIfNeeded(299)) - Try to allocate more blocks for write failed, already allocated 0 blocks for this write.
INTERNAL_ERROR org.apache.hadoop.ozone.om.exceptions.OMException: Allocated 0 blocks. Requested 1 blocks
	at org.apache.hadoop.ozone.om.protocolPB.OzoneManagerProtocolClientSideTranslatorPB.handleError(OzoneManagerProtocolClientSideTranslatorPB.java:732)
	at org.apache.hadoop.ozone.om.protocolPB.OzoneManagerProtocolClientSideTranslatorPB.allocateBlock(OzoneManagerProtocolClientSideTranslatorPB.java:764)
	at sun.reflect.GeneratedMethodAccessor292.invoke(Unknown Source)
	at sun.reflect.DelegatingMethodAccessorImpl.invoke(DelegatingMethodAccessorImpl.java:43)
	at java.lang.reflect.Method.invoke(Method.java:498)
	at org.apache.hadoop.hdds.tracing.TraceAllMethod.invoke(TraceAllMethod.java:66)
	at com.sun.proxy.$Proxy86.allocateBlock(Unknown Source)
	at org.apache.hadoop.ozone.client.io.BlockOutputStreamEntryPool.allocateNewBlock(BlockOutputStreamEntryPool.java:248)
	at org.apache.hadoop.ozone.client.io.BlockOutputStreamEntryPool.allocateBlockIfNeeded(BlockOutputStreamEntryPool.java:296)
	at org.apache.hadoop.ozone.client.io.KeyOutputStream.handleWrite(KeyOutputStream.java:198)
	at org.apache.hadoop.ozone.client.io.KeyOutputStream.write(KeyOutputStream.java:190)
	at org.apache.hadoop.ozone.client.io.OzoneOutputStream.write(OzoneOutputStream.java:49)
	at org.apache.hadoop.ozone.client.rpc.TestOzoneRpcClientAbstract.testUploadPartWithNoOverride(TestOzoneRpcClientAbstract.java:1680)
	at sun.reflect.NativeMethodAccessorImpl.invoke0(Native Method)
	at sun.reflect.NativeMethodAccessorImpl.invoke(NativeMethodAccessorImpl.java:62)
	at sun.reflect.DelegatingMethodAccessorImpl.invoke(DelegatingMethodAccessorImpl.java:43)
	at java.lang.reflect.Method.invoke(Method.java:498)
	at org.junit.runners.model.FrameworkMethod$1.runReflectiveCall(FrameworkMethod.java:47)
	at org.junit.internal.runners.model.ReflectiveCallable.run(ReflectiveCallable.java:12)
	at org.junit.runners.model.FrameworkMethod.invokeExplosively(FrameworkMethod.java:44)
	at org.junit.internal.runners.statements.InvokeMethod.evaluate(InvokeMethod.java:17)
	at org.junit.runners.ParentRunner.runLeaf(ParentRunner.java:271)
	at org.junit.runners.BlockJUnit4ClassRunner.runChild(BlockJUnit4ClassRunner.java:70)
	at org.junit.runners.BlockJUnit4ClassRunner.runChild(BlockJUnit4ClassRunner.java:50)
	at org.junit.runners.ParentRunner$3.run(ParentRunner.java:238)
	at org.junit.runners.ParentRunner$1.schedule(ParentRunner.java:63)
	at org.junit.runners.ParentRunner.runChildren(ParentRunner.java:236)
	at org.junit.runners.ParentRunner.access$000(ParentRunner.java:53)
	at org.junit.runners.ParentRunner$2.evaluate(ParentRunner.java:229)
	at org.junit.internal.runners.statements.RunBefores.evaluate(RunBefores.java:26)
	at org.junit.internal.runners.statements.RunAfters.evaluate(RunAfters.java:27)
	at org.junit.runners.ParentRunner.run(ParentRunner.java:309)
	at org.apache.maven.surefire.junit4.JUnit4Provider.execute(JUnit4Provider.java:365)
	at org.apache.maven.surefire.junit4.JUnit4Provider.executeWithRerun(JUnit4Provider.java:273)
	at org.apache.maven.surefire.junit4.JUnit4Provider.executeTestSet(JUnit4Provider.java:238)
	at org.apache.maven.surefire.junit4.JUnit4Provider.invoke(JUnit4Provider.java:159)
	at org.apache.maven.surefire.booter.ForkedBooter.invokeProviderInSameClassLoader(ForkedBooter.java:384)
	at org.apache.maven.surefire.booter.ForkedBooter.runSuitesInProcess(ForkedBooter.java:345)
	at org.apache.maven.surefire.booter.ForkedBooter.execute(ForkedBooter.java:126)
	at org.apache.maven.surefire.booter.ForkedBooter.main(ForkedBooter.java:418)
]]></system-out>
  </testcase>
  <testcase name="testInitiateMultipartUploadWithDefaultReplication" classname="org.apache.hadoop.ozone.client.rpc.TestOzoneAtRestEncryption" time="0.013"/>
</testsuite>