<?xml version="1.0" encoding="UTF-8"?>
<testsuite xmlns:xsi="http://www.w3.org/2001/XMLSchema-instance" xsi:noNamespaceSchemaLocation="https://maven.apache.org/surefire/maven-surefire-plugin/xsd/surefire-test-report.xsd" name="org.apache.hadoop.ozone.client.rpc.TestDeleteWithSlowFollower" time="136.947" tests="1" errors="0" skipped="0" failures="1">
  <properties>
    <property name="awt.toolkit" value="sun.awt.X11.XToolkit"/>
    <property name="file.encoding.pkg" value="sun.io"/>
    <property name="java.specification.version" value="1.8"/>
    <property name="sun.cpu.isalist" value=""/>
    <property name="sun.jnu.encoding" value="ANSI_X3.4-1968"/>
    <property name="java.class.path" value="/workdir/hadoop-ozone/integration-test/target/test-classes:/workdir/hadoop-ozone/integration-test/target/classes:/home/user/.m2/repository/org/apache/hadoop/hadoop-ozone-common/0.5.0-SNAPSHOT/hadoop-ozone-common-0.5.0-SNAPSHOT.jar:/home/user/.m2/repository/org/apache/commons/commons-compress/1.4.1/commons-compress-1.4.1.jar:/home/user/.m2/repository/org/tukaani/xz/1.0/xz-1.0.jar:/home/user/.m2/repository/org/apache/hadoop/hadoop-common/3.2.0/hadoop-common-3.2.0.jar:/home/user/.m2/repository/org/apache/hadoop/hadoop-hdfs/3.2.0/hadoop-hdfs-3.2.0.jar:/home/user/.m2/repository/org/apache/hadoop/hadoop-hdfs-client/3.2.0/hadoop-hdfs-client-3.2.0.jar:/home/user/.m2/repository/com/fasterxml/jackson/core/jackson-annotations/2.9.9/jackson-annotations-2.9.9.jar:/home/user/.m2/repository/org/apache/hadoop/hadoop-hdds-common/0.5.0-SNAPSHOT/hadoop-hdds-common-0.5.0-SNAPSHOT.jar:/home/user/.m2/repository/javax/annotation/javax.annotation-api/1.2/javax.annotation-api-1.2.jar:/home/user/.m2/repository/org/apache/ratis/ratis-server/0.5.0-3f446aa-SNAPSHOT/ratis-server-0.5.0-3f446aa-SNAPSHOT.jar:/home/user/.m2/repository/org/apache/ratis/ratis-thirdparty-misc/0.2.0/ratis-thirdparty-misc-0.2.0.jar:/home/user/.m2/repository/org/apache/ratis/ratis-proto/0.5.0-3f446aa-SNAPSHOT/ratis-proto-0.5.0-3f446aa-SNAPSHOT.jar:/home/user/.m2/repository/org/apache/ratis/ratis-common/0.5.0-3f446aa-SNAPSHOT/ratis-common-0.5.0-3f446aa-SNAPSHOT.jar:/home/user/.m2/repository/org/apache/ratis/ratis-client/0.5.0-3f446aa-SNAPSHOT/ratis-client-0.5.0-3f446aa-SNAPSHOT.jar:/home/user/.m2/repository/org/apache/ratis/ratis-metrics/0.5.0-3f446aa-SNAPSHOT/ratis-metrics-0.5.0-3f446aa-SNAPSHOT.jar:/home/user/.m2/repository/com/github/joshelser/dropwizard-metrics-hadoop-metrics2-reporter/0.1.2/dropwizard-metrics-hadoop-metrics2-reporter-0.1.2.jar:/home/user/.m2/repository/io/dropwizard/metrics/metrics-jvm/3.2.5/metrics-jvm-3.2.5.jar:/home/user/.m2/repository/io/dropwizard/metrics/metrics-ganglia/3.2.5/metrics-ganglia-3.2.5.jar:/home/user/.m2/repository/info/ganglia/gmetric4j/gmetric4j/1.0.7/gmetric4j-1.0.7.jar:/home/user/.m2/repository/org/apache/ratis/ratis-netty/0.5.0-3f446aa-SNAPSHOT/ratis-netty-0.5.0-3f446aa-SNAPSHOT.jar:/home/user/.m2/repository/org/apache/ratis/ratis-grpc/0.5.0-3f446aa-SNAPSHOT/ratis-grpc-0.5.0-3f446aa-SNAPSHOT.jar:/home/user/.m2/repository/org/rocksdb/rocksdbjni/6.0.1/rocksdbjni-6.0.1.jar:/home/user/.m2/repository/org/apache/logging/log4j/log4j-api/2.11.0/log4j-api-2.11.0.jar:/home/user/.m2/repository/org/apache/logging/log4j/log4j-core/2.11.0/log4j-core-2.11.0.jar:/home/user/.m2/repository/com/lmax/disruptor/3.4.2/disruptor-3.4.2.jar:/home/user/.m2/repository/org/apache/commons/commons-pool2/2.6.0/commons-pool2-2.6.0.jar:/home/user/.m2/repository/org/bouncycastle/bcpkix-jdk15on/1.60/bcpkix-jdk15on-1.60.jar:/home/user/.m2/repository/commons-validator/commons-validator/1.6/commons-validator-1.6.jar:/home/user/.m2/repository/commons-digester/commons-digester/1.8.1/commons-digester-1.8.1.jar:/home/user/.m2/repository/io/jaegertracing/jaeger-client/0.34.0/jaeger-client-0.34.0.jar:/home/user/.m2/repository/io/jaegertracing/jaeger-thrift/0.34.0/jaeger-thrift-0.34.0.jar:/home/user/.m2/repository/org/apache/thrift/libthrift/0.12.0/libthrift-0.12.0.jar:/home/user/.m2/repository/com/squareup/okhttp3/okhttp/3.9.0/okhttp-3.9.0.jar:/home/user/.m2/repository/com/squareup/okio/okio/1.13.0/okio-1.13.0.jar:/home/user/.m2/repository/io/jaegertracing/jaeger-core/0.34.0/jaeger-core-0.34.0.jar:/home/user/.m2/repository/io/jaegertracing/jaeger-tracerresolver/0.34.0/jaeger-tracerresolver-0.34.0.jar:/home/user/.m2/repository/io/opentracing/contrib/opentracing-tracerresolver/0.1.5/opentracing-tracerresolver-0.1.5.jar:/home/user/.m2/repository/io/opentracing/opentracing-util/0.31.0/opentracing-util-0.31.0.jar:/home/user/.m2/repository/io/opentracing/opentracing-api/0.31.0/opentracing-api-0.31.0.jar:/home/user/.m2/repository/io/opentracing/opentracing-noop/0.31.0/opentracing-noop-0.31.0.jar:/home/user/.m2/repository/org/apache/hadoop/hadoop-hdds-server-framework/0.5.0-SNAPSHOT/hadoop-hdds-server-framework-0.5.0-SNAPSHOT.jar:/home/user/.m2/repository/org/apache/hadoop/hadoop-hdds-container-service/0.5.0-SNAPSHOT/hadoop-hdds-container-service-0.5.0-SNAPSHOT.jar:/home/user/.m2/repository/org/apache/hadoop/hadoop-hdds-client/0.5.0-SNAPSHOT/hadoop-hdds-client-0.5.0-SNAPSHOT.jar:/home/user/.m2/repository/org/apache/hadoop/hadoop-hdds-tools/0.5.0-SNAPSHOT/hadoop-hdds-tools-0.5.0-SNAPSHOT.jar:/home/user/.m2/repository/org/apache/hadoop/hadoop-hdds-server-scm/0.5.0-SNAPSHOT/hadoop-hdds-server-scm-0.5.0-SNAPSHOT.jar:/home/user/.m2/repository/org/apache/hadoop/hadoop-hdds-docs/0.5.0-SNAPSHOT/hadoop-hdds-docs-0.5.0-SNAPSHOT.jar:/home/user/.m2/repository/io/dropwizard/metrics/metrics-core/3.2.4/metrics-core-3.2.4.jar:/home/user/.m2/repository/org/hamcrest/hamcrest-all/1.3/hamcrest-all-1.3.jar:/home/user/.m2/repository/org/bouncycastle/bcprov-jdk15on/1.60/bcprov-jdk15on-1.60.jar:/home/user/.m2/repository/info/picocli/picocli/3.9.6/picocli-3.9.6.jar:/home/user/.m2/repository/com/google/protobuf/protobuf-java/2.5.0/protobuf-java-2.5.0.jar:/home/user/.m2/repository/com/google/guava/guava/11.0.2/guava-11.0.2.jar:/home/user/.m2/repository/org/apache/hadoop/hadoop-ozone-ozone-manager/0.5.0-SNAPSHOT/hadoop-ozone-ozone-manager-0.5.0-SNAPSHOT.jar:/home/user/.m2/repository/org/apache/hadoop/hadoop-minikdc/3.2.0/hadoop-minikdc-3.2.0.jar:/home/user/.m2/repository/commons-io/commons-io/2.5/commons-io-2.5.jar:/home/user/.m2/repository/org/apache/kerby/kerb-simplekdc/1.0.1/kerb-simplekdc-1.0.1.jar:/home/user/.m2/repository/org/apache/kerby/kerb-client/1.0.1/kerb-client-1.0.1.jar:/home/user/.m2/repository/org/apache/kerby/kerby-config/1.0.1/kerby-config-1.0.1.jar:/home/user/.m2/repository/org/apache/kerby/kerb-core/1.0.1/kerb-core-1.0.1.jar:/home/user/.m2/repository/org/apache/kerby/kerby-pkix/1.0.1/kerby-pkix-1.0.1.jar:/home/user/.m2/repository/org/apache/kerby/kerby-asn1/1.0.1/kerby-asn1-1.0.1.jar:/home/user/.m2/repository/org/apache/kerby/kerby-util/1.0.1/kerby-util-1.0.1.jar:/home/user/.m2/repository/org/apache/kerby/kerb-common/1.0.1/kerb-common-1.0.1.jar:/home/user/.m2/repository/org/apache/kerby/kerb-crypto/1.0.1/kerb-crypto-1.0.1.jar:/home/user/.m2/repository/org/apache/kerby/kerb-util/1.0.1/kerb-util-1.0.1.jar:/home/user/.m2/repository/org/apache/kerby/token-provider/1.0.1/token-provider-1.0.1.jar:/home/user/.m2/repository/org/apache/kerby/kerb-admin/1.0.1/kerb-admin-1.0.1.jar:/home/user/.m2/repository/org/apache/kerby/kerb-server/1.0.1/kerb-server-1.0.1.jar:/home/user/.m2/repository/org/apache/kerby/kerb-identity/1.0.1/kerb-identity-1.0.1.jar:/home/user/.m2/repository/org/apache/kerby/kerby-xdr/1.0.1/kerby-xdr-1.0.1.jar:/home/user/.m2/repository/org/slf4j/slf4j-log4j12/1.7.25/slf4j-log4j12-1.7.25.jar:/home/user/.m2/repository/org/apache/hadoop/hadoop-ozone-s3gateway/0.5.0-SNAPSHOT/hadoop-ozone-s3gateway-0.5.0-SNAPSHOT.jar:/home/user/.m2/repository/org/jboss/weld/servlet/weld-servlet/2.4.7.Final/weld-servlet-2.4.7.Final.jar:/home/user/.m2/repository/org/glassfish/jersey/containers/jersey-container-servlet-core/2.27/jersey-container-servlet-core-2.27.jar:/home/user/.m2/repository/org/glassfish/hk2/external/javax.inject/2.5.0-b42/javax.inject-2.5.0-b42.jar:/home/user/.m2/repository/org/glassfish/jersey/core/jersey-common/2.27/jersey-common-2.27.jar:/home/user/.m2/repository/org/glassfish/hk2/osgi-resource-locator/1.0.1/osgi-resource-locator-1.0.1.jar:/home/user/.m2/repository/javax/ws/rs/javax.ws.rs-api/2.1/javax.ws.rs-api-2.1.jar:/home/user/.m2/repository/org/glassfish/jersey/ext/cdi/jersey-cdi1x/2.27/jersey-cdi1x-2.27.jar:/home/user/.m2/repository/org/glassfish/jersey/inject/jersey-hk2/2.27/jersey-hk2-2.27.jar:/home/user/.m2/repository/org/glassfish/hk2/hk2-locator/2.5.0-b42/hk2-locator-2.5.0-b42.jar:/home/user/.m2/repository/org/javassist/javassist/3.22.0-CR2/javassist-3.22.0-CR2.jar:/home/user/.m2/repository/org/glassfish/hk2/hk2-api/2.5.0/hk2-api-2.5.0.jar:/home/user/.m2/repository/org/glassfish/hk2/external/jakarta.inject/2.5.0/jakarta.inject-2.5.0.jar:/home/user/.m2/repository/org/glassfish/hk2/hk2-utils/2.5.0/hk2-utils-2.5.0.jar:/home/user/.m2/repository/jakarta/annotation/jakarta.annotation-api/1.3.4/jakarta.annotation-api-1.3.4.jar:/home/user/.m2/repository/org/glassfish/hk2/external/aopalliance-repackaged/2.5.0/aopalliance-repackaged-2.5.0.jar:/home/user/.m2/repository/com/fasterxml/jackson/dataformat/jackson-dataformat-xml/2.9.0/jackson-dataformat-xml-2.9.0.jar:/home/user/.m2/repository/com/fasterxml/jackson/core/jackson-core/2.9.9/jackson-core-2.9.9.jar:/home/user/.m2/repository/com/fasterxml/jackson/module/jackson-module-jaxb-annotations/2.9.9/jackson-module-jaxb-annotations-2.9.9.jar:/home/user/.m2/repository/javax/enterprise/cdi-api/1.2/cdi-api-1.2.jar:/home/user/.m2/repository/javax/el/javax.el-api/3.0.0/javax.el-api-3.0.0.jar:/home/user/.m2/repository/javax/interceptor/javax.interceptor-api/1.2/javax.interceptor-api-1.2.jar:/home/user/.m2/repository/javax/inject/javax.inject/1/javax.inject-1.jar:/home/user/.m2/repository/com/sun/xml/bind/jaxb-impl/2.3.0.1/jaxb-impl-2.3.0.1.jar:/home/user/.m2/repository/com/sun/xml/bind/jaxb-core/2.3.0.1/jaxb-core-2.3.0.1.jar:/home/user/.m2/repository/javax/xml/bind/jaxb-api/2.3.0/jaxb-api-2.3.0.jar:/home/user/.m2/repository/javax/activation/activation/1.1.1/activation-1.1.1.jar:/home/user/.m2/repository/org/apache/hadoop/hadoop-ozone-csi/0.5.0-SNAPSHOT/hadoop-ozone-csi-0.5.0-SNAPSHOT.jar:/home/user/.m2/repository/com/google/protobuf/protobuf-java-util/3.5.1/protobuf-java-util-3.5.1.jar:/home/user/.m2/repository/org/apache/hadoop/hadoop-hdds-config/0.5.0-SNAPSHOT/hadoop-hdds-config-0.5.0-SNAPSHOT.jar:/home/user/.m2/repository/io/grpc/grpc-netty/1.17.1/grpc-netty-1.17.1.jar:/home/user/.m2/repository/io/grpc/grpc-core/1.17.1/grpc-core-1.17.1.jar:/home/user/.m2/repository/io/grpc/grpc-context/1.17.1/grpc-context-1.17.1.jar:/home/user/.m2/repository/com/google/errorprone/error_prone_annotations/2.2.0/error_prone_annotations-2.2.0.jar:/home/user/.m2/repository/org/codehaus/mojo/animal-sniffer-annotations/1.17/animal-sniffer-annotations-1.17.jar:/home/user/.m2/repository/io/opencensus/opencensus-api/0.17.0/opencensus-api-0.17.0.jar:/home/user/.m2/repository/io/opencensus/opencensus-contrib-grpc-metrics/0.17.0/opencensus-contrib-grpc-metrics-0.17.0.jar:/home/user/.m2/repository/io/netty/netty-codec-http2/4.1.30.Final/netty-codec-http2-4.1.30.Final.jar:/home/user/.m2/repository/io/netty/netty-codec-http/4.1.30.Final/netty-codec-http-4.1.30.Final.jar:/home/user/.m2/repository/io/netty/netty-codec/4.1.30.Final/netty-codec-4.1.30.Final.jar:/home/user/.m2/repository/io/netty/netty-handler/4.1.30.Final/netty-handler-4.1.30.Final.jar:/home/user/.m2/repository/io/netty/netty-handler-proxy/4.1.30.Final/netty-handler-proxy-4.1.30.Final.jar:/home/user/.m2/repository/io/netty/netty-codec-socks/4.1.30.Final/netty-codec-socks-4.1.30.Final.jar:/home/user/.m2/repository/io/netty/netty-transport-native-epoll/4.1.30.Final/netty-transport-native-epoll-4.1.30.Final.jar:/home/user/.m2/repository/io/netty/netty-common/4.1.30.Final/netty-common-4.1.30.Final.jar:/home/user/.m2/repository/io/netty/netty-buffer/4.1.30.Final/netty-buffer-4.1.30.Final.jar:/home/user/.m2/repository/io/netty/netty-transport/4.1.30.Final/netty-transport-4.1.30.Final.jar:/home/user/.m2/repository/io/netty/netty-resolver/4.1.30.Final/netty-resolver-4.1.30.Final.jar:/home/user/.m2/repository/io/netty/netty-transport-native-unix-common/4.1.30.Final/netty-transport-native-unix-common-4.1.30.Final.jar:/home/user/.m2/repository/io/grpc/grpc-protobuf/1.17.1/grpc-protobuf-1.17.1.jar:/home/user/.m2/repository/com/google/api/grpc/proto-google-common-protos/1.0.0/proto-google-common-protos-1.0.0.jar:/home/user/.m2/repository/io/grpc/grpc-protobuf-lite/1.17.1/grpc-protobuf-lite-1.17.1.jar:/home/user/.m2/repository/io/grpc/grpc-stub/1.17.1/grpc-stub-1.17.1.jar:/home/user/.m2/repository/org/apache/hadoop/hadoop-ozone-recon/0.5.0-SNAPSHOT/hadoop-ozone-recon-0.5.0-SNAPSHOT.jar:/home/user/.m2/repository/org/apache/hadoop/hadoop-ozone-reconcodegen/0.5.0-SNAPSHOT/hadoop-ozone-reconcodegen-0.5.0-SNAPSHOT.jar:/home/user/.m2/repository/com/google/inject/extensions/guice-multibindings/4.0/guice-multibindings-4.0.jar:/home/user/.m2/repository/com/google/inject/guice/4.0/guice-4.0.jar:/home/user/.m2/repository/aopalliance/aopalliance/1.0/aopalliance-1.0.jar:/home/user/.m2/repository/com/google/inject/extensions/guice-servlet/4.0/guice-servlet-4.0.jar:/home/user/.m2/repository/org/glassfish/jersey/containers/jersey-container-servlet/2.27/jersey-container-servlet-2.27.jar:/home/user/.m2/repository/org/glassfish/hk2/guice-bridge/2.5.0/guice-bridge-2.5.0.jar:/home/user/.m2/repository/org/glassfish/jersey/core/jersey-server/2.27/jersey-server-2.27.jar:/home/user/.m2/repository/org/glassfish/jersey/core/jersey-client/2.27/jersey-client-2.27.jar:/home/user/.m2/repository/org/glassfish/jersey/media/jersey-media-jaxb/2.27/jersey-media-jaxb-2.27.jar:/home/user/.m2/repository/javax/validation/validation-api/1.1.0.Final/validation-api-1.1.0.Final.jar:/home/user/.m2/repository/org/glassfish/jersey/media/jersey-media-json-jackson/2.27/jersey-media-json-jackson-2.27.jar:/home/user/.m2/repository/org/glassfish/jersey/ext/jersey-entity-filtering/2.27/jersey-entity-filtering-2.27.jar:/home/user/.m2/repository/com/google/inject/extensions/guice-assistedinject/4.0/guice-assistedinject-4.0.jar:/home/user/.m2/repository/org/jooq/jooq/3.11.10/jooq-3.11.10.jar:/home/user/.m2/repository/org/jooq/jooq-meta/3.11.10/jooq-meta-3.11.10.jar:/home/user/.m2/repository/org/jooq/jooq-codegen/3.11.10/jooq-codegen-3.11.10.jar:/home/user/.m2/repository/com/jolbox/bonecp/0.8.0.RELEASE/bonecp-0.8.0.RELEASE.jar:/home/user/.m2/repository/org/xerial/sqlite-jdbc/3.25.2/sqlite-jdbc-3.25.2.jar:/home/user/.m2/repository/org/springframework/spring-jdbc/5.1.3.RELEASE/spring-jdbc-5.1.3.RELEASE.jar:/home/user/.m2/repository/org/springframework/spring-beans/5.1.3.RELEASE/spring-beans-5.1.3.RELEASE.jar:/home/user/.m2/repository/org/springframework/spring-core/5.1.3.RELEASE/spring-core-5.1.3.RELEASE.jar:/home/user/.m2/repository/org/springframework/spring-jcl/5.1.3.RELEASE/spring-jcl-5.1.3.RELEASE.jar:/home/user/.m2/repository/org/springframework/spring-tx/5.1.3.RELEASE/spring-tx-5.1.3.RELEASE.jar:/home/user/.m2/repository/org/apache/hadoop/hadoop-ozone-client/0.5.0-SNAPSHOT/hadoop-ozone-client-0.5.0-SNAPSHOT.jar:/home/user/.m2/repository/commons-lang/commons-lang/2.6/commons-lang-2.6.jar:/home/user/.m2/repository/org/apache/hadoop/hadoop-ozone-ozone-manager/0.5.0-SNAPSHOT/hadoop-ozone-ozone-manager-0.5.0-SNAPSHOT-tests.jar:/home/user/.m2/repository/junit/junit/4.11/junit-4.11.jar:/home/user/.m2/repository/org/hamcrest/hamcrest-core/1.3/hamcrest-core-1.3.jar:/home/user/.m2/repository/org/openjdk/jmh/jmh-core/1.19/jmh-core-1.19.jar:/home/user/.m2/repository/net/sf/jopt-simple/jopt-simple/4.6/jopt-simple-4.6.jar:/home/user/.m2/repository/org/apache/commons/commons-math3/3.1.1/commons-math3-3.1.1.jar:/home/user/.m2/repository/org/openjdk/jmh/jmh-generator-annprocess/1.19/jmh-generator-annprocess-1.19.jar:/home/user/.m2/repository/org/mockito/mockito-all/1.8.5/mockito-all-1.8.5.jar:/home/user/.m2/repository/org/apache/hadoop/hadoop-kms/3.2.0/hadoop-kms-3.2.0.jar:/home/user/.m2/repository/org/apache/hadoop/hadoop-auth/3.2.0/hadoop-auth-3.2.0.jar:/home/user/.m2/repository/com/nimbusds/nimbus-jose-jwt/4.41.1/nimbus-jose-jwt-4.41.1.jar:/home/user/.m2/repository/com/github/stephenc/jcip/jcip-annotations/1.0-1/jcip-annotations-1.0-1.jar:/home/user/.m2/repository/net/minidev/json-smart/2.3/json-smart-2.3.jar:/home/user/.m2/repository/net/minidev/accessors-smart/1.2/accessors-smart-1.2.jar:/home/user/.m2/repository/org/ow2/asm/asm/5.0.4/asm-5.0.4.jar:/home/user/.m2/repository/org/apache/curator/curator-framework/2.12.0/curator-framework-2.12.0.jar:/home/user/.m2/repository/com/sun/jersey/jersey-core/1.19/jersey-core-1.19.jar:/home/user/.m2/repository/javax/ws/rs/jsr311-api/1.1.1/jsr311-api-1.1.1.jar:/home/user/.m2/repository/com/sun/jersey/jersey-server/1.19/jersey-server-1.19.jar:/home/user/.m2/repository/javax/servlet/javax.servlet-api/3.1.0/javax.servlet-api-3.1.0.jar:/home/user/.m2/repository/org/eclipse/jetty/jetty-server/9.3.25.v20180904/jetty-server-9.3.25.v20180904.jar:/home/user/.m2/repository/org/eclipse/jetty/jetty-http/9.3.25.v20180904/jetty-http-9.3.25.v20180904.jar:/home/user/.m2/repository/org/eclipse/jetty/jetty-io/9.3.25.v20180904/jetty-io-9.3.25.v20180904.jar:/home/user/.m2/repository/org/eclipse/jetty/jetty-webapp/9.3.25.v20180904/jetty-webapp-9.3.25.v20180904.jar:/home/user/.m2/repository/org/eclipse/jetty/jetty-xml/9.3.25.v20180904/jetty-xml-9.3.25.v20180904.jar:/home/user/.m2/repository/log4j/log4j/1.2.17/log4j-1.2.17.jar:/home/user/.m2/repository/org/slf4j/slf4j-api/1.7.25/slf4j-api-1.7.25.jar:/home/user/.m2/repository/org/slf4j/jul-to-slf4j/1.7.25/jul-to-slf4j-1.7.25.jar:/home/user/.m2/repository/org/eclipse/jetty/jetty-util/9.3.25.v20180904/jetty-util-9.3.25.v20180904.jar:/home/user/.m2/repository/com/fasterxml/jackson/core/jackson-databind/2.9.9/jackson-databind-2.9.9.jar:/home/user/.m2/repository/org/apache/hadoop/hadoop-kms/3.2.0/hadoop-kms-3.2.0-tests.jar:/home/user/.m2/repository/org/apache/hadoop/hadoop-hdds-server-scm/0.5.0-SNAPSHOT/hadoop-hdds-server-scm-0.5.0-SNAPSHOT-tests.jar:/home/user/.m2/repository/org/apache/hadoop/hadoop-hdds-container-service/0.5.0-SNAPSHOT/hadoop-hdds-container-service-0.5.0-SNAPSHOT-tests.jar:/home/user/.m2/repository/org/yaml/snakeyaml/1.16/snakeyaml-1.16.jar:/home/user/.m2/repository/org/apache/hadoop/hadoop-common/3.2.0/hadoop-common-3.2.0-tests.jar:/home/user/.m2/repository/org/apache/hadoop/hadoop-annotations/3.2.0/hadoop-annotations-3.2.0.jar:/usr/lib/jvm/java-1.8.0-openjdk-1.8.0.222.b10-1.el7_7.x86_64/jre/../lib/tools.jar:/home/user/.m2/repository/commons-cli/commons-cli/1.2/commons-cli-1.2.jar:/home/user/.m2/repository/org/apache/httpcomponents/httpclient/4.5.2/httpclient-4.5.2.jar:/home/user/.m2/repository/org/apache/httpcomponents/httpcore/4.4.4/httpcore-4.4.4.jar:/home/user/.m2/repository/commons-codec/commons-codec/1.11/commons-codec-1.11.jar:/home/user/.m2/repository/commons-net/commons-net/3.6/commons-net-3.6.jar:/home/user/.m2/repository/commons-collections/commons-collections/3.2.2/commons-collections-3.2.2.jar:/home/user/.m2/repository/org/eclipse/jetty/jetty-servlet/9.3.25.v20180904/jetty-servlet-9.3.25.v20180904.jar:/home/user/.m2/repository/org/eclipse/jetty/jetty-security/9.3.25.v20180904/jetty-security-9.3.25.v20180904.jar:/home/user/.m2/repository/javax/servlet/jsp/jsp-api/2.1/jsp-api-2.1.jar:/home/user/.m2/repository/com/sun/jersey/jersey-servlet/1.19/jersey-servlet-1.19.jar:/home/user/.m2/repository/com/sun/jersey/jersey-json/1.19/jersey-json-1.19.jar:/home/user/.m2/repository/org/codehaus/jettison/jettison/1.1/jettison-1.1.jar:/home/user/.m2/repository/org/codehaus/jackson/jackson-core-asl/1.9.13/jackson-core-asl-1.9.13.jar:/home/user/.m2/repository/org/codehaus/jackson/jackson-mapper-asl/1.9.13/jackson-mapper-asl-1.9.13.jar:/home/user/.m2/repository/org/codehaus/jackson/jackson-jaxrs/1.9.13/jackson-jaxrs-1.9.13.jar:/home/user/.m2/repository/org/codehaus/jackson/jackson-xc/1.9.13/jackson-xc-1.9.13.jar:/home/user/.m2/repository/commons-logging/commons-logging/1.1.3/commons-logging-1.1.3.jar:/home/user/.m2/repository/commons-beanutils/commons-beanutils/1.9.4/commons-beanutils-1.9.4.jar:/home/user/.m2/repository/org/apache/commons/commons-configuration2/2.1.1/commons-configuration2-2.1.1.jar:/home/user/.m2/repository/org/apache/commons/commons-lang3/3.7/commons-lang3-3.7.jar:/home/user/.m2/repository/org/apache/commons/commons-text/1.4/commons-text-1.4.jar:/home/user/.m2/repository/org/apache/avro/avro/1.7.7/avro-1.7.7.jar:/home/user/.m2/repository/com/thoughtworks/paranamer/paranamer/2.3/paranamer-2.3.jar:/home/user/.m2/repository/org/xerial/snappy/snappy-java/1.0.5/snappy-java-1.0.5.jar:/home/user/.m2/repository/com/google/re2j/re2j/1.1/re2j-1.1.jar:/home/user/.m2/repository/com/google/code/gson/gson/2.2.4/gson-2.2.4.jar:/home/user/.m2/repository/com/jcraft/jsch/0.1.54/jsch-0.1.54.jar:/home/user/.m2/repository/org/apache/curator/curator-client/2.12.0/curator-client-2.12.0.jar:/home/user/.m2/repository/org/apache/curator/curator-recipes/2.12.0/curator-recipes-2.12.0.jar:/home/user/.m2/repository/com/google/code/findbugs/jsr305/3.0.0/jsr305-3.0.0.jar:/home/user/.m2/repository/org/apache/htrace/htrace-core4/4.1.0-incubating/htrace-core4-4.1.0-incubating.jar:/home/user/.m2/repository/org/apache/zookeeper/zookeeper/3.4.13/zookeeper-3.4.13.jar:/home/user/.m2/repository/jline/jline/0.9.94/jline-0.9.94.jar:/home/user/.m2/repository/org/apache/yetus/audience-annotations/0.5.0/audience-annotations-0.5.0.jar:/home/user/.m2/repository/org/codehaus/woodstox/stax2-api/3.1.4/stax2-api-3.1.4.jar:/home/user/.m2/repository/com/fasterxml/woodstox/woodstox-core/5.0.3/woodstox-core-5.0.3.jar:/home/user/.m2/repository/dnsjava/dnsjava/2.1.7/dnsjava-2.1.7.jar:/home/user/.m2/repository/org/apache/hadoop/hadoop-hdfs/3.2.0/hadoop-hdfs-3.2.0-tests.jar:/home/user/.m2/repository/org/eclipse/jetty/jetty-util-ajax/9.3.25.v20180904/jetty-util-ajax-9.3.25.v20180904.jar:/home/user/.m2/repository/commons-daemon/commons-daemon/1.0.13/commons-daemon-1.0.13.jar:/home/user/.m2/repository/io/netty/netty/3.10.5.Final/netty-3.10.5.Final.jar:/home/user/.m2/repository/io/netty/netty-all/4.0.52.Final/netty-all-4.0.52.Final.jar:/home/user/.m2/repository/org/fusesource/leveldbjni/leveldbjni-all/1.8/leveldbjni-all-1.8.jar:"/>
    <property name="java.vm.vendor" value="Oracle Corporation"/>
    <property name="sun.arch.data.model" value="64"/>
    <property name="test.build.dir" value="/workdir/hadoop-ozone/integration-test/target/test-dir"/>
    <property name="test.cache.data" value=""/>
    <property name="java.vendor.url" value="http://java.oracle.com/"/>
    <property name="user.timezone" value=""/>
    <property name="java.vm.specification.version" value="1.8"/>
    <property name="os.name" value="Linux"/>
    <property name="test.build.data" value="/workdir/hadoop-ozone/integration-test/target/test-dir"/>
    <property name="user.country" value="US"/>
    <property name="sun.java.launcher" value="SUN_STANDARD"/>
    <property name="sun.boot.library.path" value="/usr/lib/jvm/java-1.8.0-openjdk-1.8.0.222.b10-1.el7_7.x86_64/jre/lib/amd64"/>
    <property name="sun.java.command" value="/workdir/hadoop-ozone/integration-test/target/surefire/surefirebooter8838362849361317965.jar /workdir/hadoop-ozone/integration-test/target/surefire 2019-10-17T18-57-27_965-jvmRun1 surefire3020722794653003969tmp surefire_487106257799076694915tmp"/>
    <property name="surefire.test.class.path" value="/workdir/hadoop-ozone/integration-test/target/test-classes:/workdir/hadoop-ozone/integration-test/target/classes:/home/user/.m2/repository/org/apache/hadoop/hadoop-ozone-common/0.5.0-SNAPSHOT/hadoop-ozone-common-0.5.0-SNAPSHOT.jar:/home/user/.m2/repository/org/apache/commons/commons-compress/1.4.1/commons-compress-1.4.1.jar:/home/user/.m2/repository/org/tukaani/xz/1.0/xz-1.0.jar:/home/user/.m2/repository/org/apache/hadoop/hadoop-common/3.2.0/hadoop-common-3.2.0.jar:/home/user/.m2/repository/org/apache/hadoop/hadoop-hdfs/3.2.0/hadoop-hdfs-3.2.0.jar:/home/user/.m2/repository/org/apache/hadoop/hadoop-hdfs-client/3.2.0/hadoop-hdfs-client-3.2.0.jar:/home/user/.m2/repository/com/fasterxml/jackson/core/jackson-annotations/2.9.9/jackson-annotations-2.9.9.jar:/home/user/.m2/repository/org/apache/hadoop/hadoop-hdds-common/0.5.0-SNAPSHOT/hadoop-hdds-common-0.5.0-SNAPSHOT.jar:/home/user/.m2/repository/javax/annotation/javax.annotation-api/1.2/javax.annotation-api-1.2.jar:/home/user/.m2/repository/org/apache/ratis/ratis-server/0.5.0-3f446aa-SNAPSHOT/ratis-server-0.5.0-3f446aa-SNAPSHOT.jar:/home/user/.m2/repository/org/apache/ratis/ratis-thirdparty-misc/0.2.0/ratis-thirdparty-misc-0.2.0.jar:/home/user/.m2/repository/org/apache/ratis/ratis-proto/0.5.0-3f446aa-SNAPSHOT/ratis-proto-0.5.0-3f446aa-SNAPSHOT.jar:/home/user/.m2/repository/org/apache/ratis/ratis-common/0.5.0-3f446aa-SNAPSHOT/ratis-common-0.5.0-3f446aa-SNAPSHOT.jar:/home/user/.m2/repository/org/apache/ratis/ratis-client/0.5.0-3f446aa-SNAPSHOT/ratis-client-0.5.0-3f446aa-SNAPSHOT.jar:/home/user/.m2/repository/org/apache/ratis/ratis-metrics/0.5.0-3f446aa-SNAPSHOT/ratis-metrics-0.5.0-3f446aa-SNAPSHOT.jar:/home/user/.m2/repository/com/github/joshelser/dropwizard-metrics-hadoop-metrics2-reporter/0.1.2/dropwizard-metrics-hadoop-metrics2-reporter-0.1.2.jar:/home/user/.m2/repository/io/dropwizard/metrics/metrics-jvm/3.2.5/metrics-jvm-3.2.5.jar:/home/user/.m2/repository/io/dropwizard/metrics/metrics-ganglia/3.2.5/metrics-ganglia-3.2.5.jar:/home/user/.m2/repository/info/ganglia/gmetric4j/gmetric4j/1.0.7/gmetric4j-1.0.7.jar:/home/user/.m2/repository/org/apache/ratis/ratis-netty/0.5.0-3f446aa-SNAPSHOT/ratis-netty-0.5.0-3f446aa-SNAPSHOT.jar:/home/user/.m2/repository/org/apache/ratis/ratis-grpc/0.5.0-3f446aa-SNAPSHOT/ratis-grpc-0.5.0-3f446aa-SNAPSHOT.jar:/home/user/.m2/repository/org/rocksdb/rocksdbjni/6.0.1/rocksdbjni-6.0.1.jar:/home/user/.m2/repository/org/apache/logging/log4j/log4j-api/2.11.0/log4j-api-2.11.0.jar:/home/user/.m2/repository/org/apache/logging/log4j/log4j-core/2.11.0/log4j-core-2.11.0.jar:/home/user/.m2/repository/com/lmax/disruptor/3.4.2/disruptor-3.4.2.jar:/home/user/.m2/repository/org/apache/commons/commons-pool2/2.6.0/commons-pool2-2.6.0.jar:/home/user/.m2/repository/org/bouncycastle/bcpkix-jdk15on/1.60/bcpkix-jdk15on-1.60.jar:/home/user/.m2/repository/commons-validator/commons-validator/1.6/commons-validator-1.6.jar:/home/user/.m2/repository/commons-digester/commons-digester/1.8.1/commons-digester-1.8.1.jar:/home/user/.m2/repository/io/jaegertracing/jaeger-client/0.34.0/jaeger-client-0.34.0.jar:/home/user/.m2/repository/io/jaegertracing/jaeger-thrift/0.34.0/jaeger-thrift-0.34.0.jar:/home/user/.m2/repository/org/apache/thrift/libthrift/0.12.0/libthrift-0.12.0.jar:/home/user/.m2/repository/com/squareup/okhttp3/okhttp/3.9.0/okhttp-3.9.0.jar:/home/user/.m2/repository/com/squareup/okio/okio/1.13.0/okio-1.13.0.jar:/home/user/.m2/repository/io/jaegertracing/jaeger-core/0.34.0/jaeger-core-0.34.0.jar:/home/user/.m2/repository/io/jaegertracing/jaeger-tracerresolver/0.34.0/jaeger-tracerresolver-0.34.0.jar:/home/user/.m2/repository/io/opentracing/contrib/opentracing-tracerresolver/0.1.5/opentracing-tracerresolver-0.1.5.jar:/home/user/.m2/repository/io/opentracing/opentracing-util/0.31.0/opentracing-util-0.31.0.jar:/home/user/.m2/repository/io/opentracing/opentracing-api/0.31.0/opentracing-api-0.31.0.jar:/home/user/.m2/repository/io/opentracing/opentracing-noop/0.31.0/opentracing-noop-0.31.0.jar:/home/user/.m2/repository/org/apache/hadoop/hadoop-hdds-server-framework/0.5.0-SNAPSHOT/hadoop-hdds-server-framework-0.5.0-SNAPSHOT.jar:/home/user/.m2/repository/org/apache/hadoop/hadoop-hdds-container-service/0.5.0-SNAPSHOT/hadoop-hdds-container-service-0.5.0-SNAPSHOT.jar:/home/user/.m2/repository/org/apache/hadoop/hadoop-hdds-client/0.5.0-SNAPSHOT/hadoop-hdds-client-0.5.0-SNAPSHOT.jar:/home/user/.m2/repository/org/apache/hadoop/hadoop-hdds-tools/0.5.0-SNAPSHOT/hadoop-hdds-tools-0.5.0-SNAPSHOT.jar:/home/user/.m2/repository/org/apache/hadoop/hadoop-hdds-server-scm/0.5.0-SNAPSHOT/hadoop-hdds-server-scm-0.5.0-SNAPSHOT.jar:/home/user/.m2/repository/org/apache/hadoop/hadoop-hdds-docs/0.5.0-SNAPSHOT/hadoop-hdds-docs-0.5.0-SNAPSHOT.jar:/home/user/.m2/repository/io/dropwizard/metrics/metrics-core/3.2.4/metrics-core-3.2.4.jar:/home/user/.m2/repository/org/hamcrest/hamcrest-all/1.3/hamcrest-all-1.3.jar:/home/user/.m2/repository/org/bouncycastle/bcprov-jdk15on/1.60/bcprov-jdk15on-1.60.jar:/home/user/.m2/repository/info/picocli/picocli/3.9.6/picocli-3.9.6.jar:/home/user/.m2/repository/com/google/protobuf/protobuf-java/2.5.0/protobuf-java-2.5.0.jar:/home/user/.m2/repository/com/google/guava/guava/11.0.2/guava-11.0.2.jar:/home/user/.m2/repository/org/apache/hadoop/hadoop-ozone-ozone-manager/0.5.0-SNAPSHOT/hadoop-ozone-ozone-manager-0.5.0-SNAPSHOT.jar:/home/user/.m2/repository/org/apache/hadoop/hadoop-minikdc/3.2.0/hadoop-minikdc-3.2.0.jar:/home/user/.m2/repository/commons-io/commons-io/2.5/commons-io-2.5.jar:/home/user/.m2/repository/org/apache/kerby/kerb-simplekdc/1.0.1/kerb-simplekdc-1.0.1.jar:/home/user/.m2/repository/org/apache/kerby/kerb-client/1.0.1/kerb-client-1.0.1.jar:/home/user/.m2/repository/org/apache/kerby/kerby-config/1.0.1/kerby-config-1.0.1.jar:/home/user/.m2/repository/org/apache/kerby/kerb-core/1.0.1/kerb-core-1.0.1.jar:/home/user/.m2/repository/org/apache/kerby/kerby-pkix/1.0.1/kerby-pkix-1.0.1.jar:/home/user/.m2/repository/org/apache/kerby/kerby-asn1/1.0.1/kerby-asn1-1.0.1.jar:/home/user/.m2/repository/org/apache/kerby/kerby-util/1.0.1/kerby-util-1.0.1.jar:/home/user/.m2/repository/org/apache/kerby/kerb-common/1.0.1/kerb-common-1.0.1.jar:/home/user/.m2/repository/org/apache/kerby/kerb-crypto/1.0.1/kerb-crypto-1.0.1.jar:/home/user/.m2/repository/org/apache/kerby/kerb-util/1.0.1/kerb-util-1.0.1.jar:/home/user/.m2/repository/org/apache/kerby/token-provider/1.0.1/token-provider-1.0.1.jar:/home/user/.m2/repository/org/apache/kerby/kerb-admin/1.0.1/kerb-admin-1.0.1.jar:/home/user/.m2/repository/org/apache/kerby/kerb-server/1.0.1/kerb-server-1.0.1.jar:/home/user/.m2/repository/org/apache/kerby/kerb-identity/1.0.1/kerb-identity-1.0.1.jar:/home/user/.m2/repository/org/apache/kerby/kerby-xdr/1.0.1/kerby-xdr-1.0.1.jar:/home/user/.m2/repository/org/slf4j/slf4j-log4j12/1.7.25/slf4j-log4j12-1.7.25.jar:/home/user/.m2/repository/org/apache/hadoop/hadoop-ozone-s3gateway/0.5.0-SNAPSHOT/hadoop-ozone-s3gateway-0.5.0-SNAPSHOT.jar:/home/user/.m2/repository/org/jboss/weld/servlet/weld-servlet/2.4.7.Final/weld-servlet-2.4.7.Final.jar:/home/user/.m2/repository/org/glassfish/jersey/containers/jersey-container-servlet-core/2.27/jersey-container-servlet-core-2.27.jar:/home/user/.m2/repository/org/glassfish/hk2/external/javax.inject/2.5.0-b42/javax.inject-2.5.0-b42.jar:/home/user/.m2/repository/org/glassfish/jersey/core/jersey-common/2.27/jersey-common-2.27.jar:/home/user/.m2/repository/org/glassfish/hk2/osgi-resource-locator/1.0.1/osgi-resource-locator-1.0.1.jar:/home/user/.m2/repository/javax/ws/rs/javax.ws.rs-api/2.1/javax.ws.rs-api-2.1.jar:/home/user/.m2/repository/org/glassfish/jersey/ext/cdi/jersey-cdi1x/2.27/jersey-cdi1x-2.27.jar:/home/user/.m2/repository/org/glassfish/jersey/inject/jersey-hk2/2.27/jersey-hk2-2.27.jar:/home/user/.m2/repository/org/glassfish/hk2/hk2-locator/2.5.0-b42/hk2-locator-2.5.0-b42.jar:/home/user/.m2/repository/org/javassist/javassist/3.22.0-CR2/javassist-3.22.0-CR2.jar:/home/user/.m2/repository/org/glassfish/hk2/hk2-api/2.5.0/hk2-api-2.5.0.jar:/home/user/.m2/repository/org/glassfish/hk2/external/jakarta.inject/2.5.0/jakarta.inject-2.5.0.jar:/home/user/.m2/repository/org/glassfish/hk2/hk2-utils/2.5.0/hk2-utils-2.5.0.jar:/home/user/.m2/repository/jakarta/annotation/jakarta.annotation-api/1.3.4/jakarta.annotation-api-1.3.4.jar:/home/user/.m2/repository/org/glassfish/hk2/external/aopalliance-repackaged/2.5.0/aopalliance-repackaged-2.5.0.jar:/home/user/.m2/repository/com/fasterxml/jackson/dataformat/jackson-dataformat-xml/2.9.0/jackson-dataformat-xml-2.9.0.jar:/home/user/.m2/repository/com/fasterxml/jackson/core/jackson-core/2.9.9/jackson-core-2.9.9.jar:/home/user/.m2/repository/com/fasterxml/jackson/module/jackson-module-jaxb-annotations/2.9.9/jackson-module-jaxb-annotations-2.9.9.jar:/home/user/.m2/repository/javax/enterprise/cdi-api/1.2/cdi-api-1.2.jar:/home/user/.m2/repository/javax/el/javax.el-api/3.0.0/javax.el-api-3.0.0.jar:/home/user/.m2/repository/javax/interceptor/javax.interceptor-api/1.2/javax.interceptor-api-1.2.jar:/home/user/.m2/repository/javax/inject/javax.inject/1/javax.inject-1.jar:/home/user/.m2/repository/com/sun/xml/bind/jaxb-impl/2.3.0.1/jaxb-impl-2.3.0.1.jar:/home/user/.m2/repository/com/sun/xml/bind/jaxb-core/2.3.0.1/jaxb-core-2.3.0.1.jar:/home/user/.m2/repository/javax/xml/bind/jaxb-api/2.3.0/jaxb-api-2.3.0.jar:/home/user/.m2/repository/javax/activation/activation/1.1.1/activation-1.1.1.jar:/home/user/.m2/repository/org/apache/hadoop/hadoop-ozone-csi/0.5.0-SNAPSHOT/hadoop-ozone-csi-0.5.0-SNAPSHOT.jar:/home/user/.m2/repository/com/google/protobuf/protobuf-java-util/3.5.1/protobuf-java-util-3.5.1.jar:/home/user/.m2/repository/org/apache/hadoop/hadoop-hdds-config/0.5.0-SNAPSHOT/hadoop-hdds-config-0.5.0-SNAPSHOT.jar:/home/user/.m2/repository/io/grpc/grpc-netty/1.17.1/grpc-netty-1.17.1.jar:/home/user/.m2/repository/io/grpc/grpc-core/1.17.1/grpc-core-1.17.1.jar:/home/user/.m2/repository/io/grpc/grpc-context/1.17.1/grpc-context-1.17.1.jar:/home/user/.m2/repository/com/google/errorprone/error_prone_annotations/2.2.0/error_prone_annotations-2.2.0.jar:/home/user/.m2/repository/org/codehaus/mojo/animal-sniffer-annotations/1.17/animal-sniffer-annotations-1.17.jar:/home/user/.m2/repository/io/opencensus/opencensus-api/0.17.0/opencensus-api-0.17.0.jar:/home/user/.m2/repository/io/opencensus/opencensus-contrib-grpc-metrics/0.17.0/opencensus-contrib-grpc-metrics-0.17.0.jar:/home/user/.m2/repository/io/netty/netty-codec-http2/4.1.30.Final/netty-codec-http2-4.1.30.Final.jar:/home/user/.m2/repository/io/netty/netty-codec-http/4.1.30.Final/netty-codec-http-4.1.30.Final.jar:/home/user/.m2/repository/io/netty/netty-codec/4.1.30.Final/netty-codec-4.1.30.Final.jar:/home/user/.m2/repository/io/netty/netty-handler/4.1.30.Final/netty-handler-4.1.30.Final.jar:/home/user/.m2/repository/io/netty/netty-handler-proxy/4.1.30.Final/netty-handler-proxy-4.1.30.Final.jar:/home/user/.m2/repository/io/netty/netty-codec-socks/4.1.30.Final/netty-codec-socks-4.1.30.Final.jar:/home/user/.m2/repository/io/netty/netty-transport-native-epoll/4.1.30.Final/netty-transport-native-epoll-4.1.30.Final.jar:/home/user/.m2/repository/io/netty/netty-common/4.1.30.Final/netty-common-4.1.30.Final.jar:/home/user/.m2/repository/io/netty/netty-buffer/4.1.30.Final/netty-buffer-4.1.30.Final.jar:/home/user/.m2/repository/io/netty/netty-transport/4.1.30.Final/netty-transport-4.1.30.Final.jar:/home/user/.m2/repository/io/netty/netty-resolver/4.1.30.Final/netty-resolver-4.1.30.Final.jar:/home/user/.m2/repository/io/netty/netty-transport-native-unix-common/4.1.30.Final/netty-transport-native-unix-common-4.1.30.Final.jar:/home/user/.m2/repository/io/grpc/grpc-protobuf/1.17.1/grpc-protobuf-1.17.1.jar:/home/user/.m2/repository/com/google/api/grpc/proto-google-common-protos/1.0.0/proto-google-common-protos-1.0.0.jar:/home/user/.m2/repository/io/grpc/grpc-protobuf-lite/1.17.1/grpc-protobuf-lite-1.17.1.jar:/home/user/.m2/repository/io/grpc/grpc-stub/1.17.1/grpc-stub-1.17.1.jar:/home/user/.m2/repository/org/apache/hadoop/hadoop-ozone-recon/0.5.0-SNAPSHOT/hadoop-ozone-recon-0.5.0-SNAPSHOT.jar:/home/user/.m2/repository/org/apache/hadoop/hadoop-ozone-reconcodegen/0.5.0-SNAPSHOT/hadoop-ozone-reconcodegen-0.5.0-SNAPSHOT.jar:/home/user/.m2/repository/com/google/inject/extensions/guice-multibindings/4.0/guice-multibindings-4.0.jar:/home/user/.m2/repository/com/google/inject/guice/4.0/guice-4.0.jar:/home/user/.m2/repository/aopalliance/aopalliance/1.0/aopalliance-1.0.jar:/home/user/.m2/repository/com/google/inject/extensions/guice-servlet/4.0/guice-servlet-4.0.jar:/home/user/.m2/repository/org/glassfish/jersey/containers/jersey-container-servlet/2.27/jersey-container-servlet-2.27.jar:/home/user/.m2/repository/org/glassfish/hk2/guice-bridge/2.5.0/guice-bridge-2.5.0.jar:/home/user/.m2/repository/org/glassfish/jersey/core/jersey-server/2.27/jersey-server-2.27.jar:/home/user/.m2/repository/org/glassfish/jersey/core/jersey-client/2.27/jersey-client-2.27.jar:/home/user/.m2/repository/org/glassfish/jersey/media/jersey-media-jaxb/2.27/jersey-media-jaxb-2.27.jar:/home/user/.m2/repository/javax/validation/validation-api/1.1.0.Final/validation-api-1.1.0.Final.jar:/home/user/.m2/repository/org/glassfish/jersey/media/jersey-media-json-jackson/2.27/jersey-media-json-jackson-2.27.jar:/home/user/.m2/repository/org/glassfish/jersey/ext/jersey-entity-filtering/2.27/jersey-entity-filtering-2.27.jar:/home/user/.m2/repository/com/google/inject/extensions/guice-assistedinject/4.0/guice-assistedinject-4.0.jar:/home/user/.m2/repository/org/jooq/jooq/3.11.10/jooq-3.11.10.jar:/home/user/.m2/repository/org/jooq/jooq-meta/3.11.10/jooq-meta-3.11.10.jar:/home/user/.m2/repository/org/jooq/jooq-codegen/3.11.10/jooq-codegen-3.11.10.jar:/home/user/.m2/repository/com/jolbox/bonecp/0.8.0.RELEASE/bonecp-0.8.0.RELEASE.jar:/home/user/.m2/repository/org/xerial/sqlite-jdbc/3.25.2/sqlite-jdbc-3.25.2.jar:/home/user/.m2/repository/org/springframework/spring-jdbc/5.1.3.RELEASE/spring-jdbc-5.1.3.RELEASE.jar:/home/user/.m2/repository/org/springframework/spring-beans/5.1.3.RELEASE/spring-beans-5.1.3.RELEASE.jar:/home/user/.m2/repository/org/springframework/spring-core/5.1.3.RELEASE/spring-core-5.1.3.RELEASE.jar:/home/user/.m2/repository/org/springframework/spring-jcl/5.1.3.RELEASE/spring-jcl-5.1.3.RELEASE.jar:/home/user/.m2/repository/org/springframework/spring-tx/5.1.3.RELEASE/spring-tx-5.1.3.RELEASE.jar:/home/user/.m2/repository/org/apache/hadoop/hadoop-ozone-client/0.5.0-SNAPSHOT/hadoop-ozone-client-0.5.0-SNAPSHOT.jar:/home/user/.m2/repository/commons-lang/commons-lang/2.6/commons-lang-2.6.jar:/home/user/.m2/repository/org/apache/hadoop/hadoop-ozone-ozone-manager/0.5.0-SNAPSHOT/hadoop-ozone-ozone-manager-0.5.0-SNAPSHOT-tests.jar:/home/user/.m2/repository/junit/junit/4.11/junit-4.11.jar:/home/user/.m2/repository/org/hamcrest/hamcrest-core/1.3/hamcrest-core-1.3.jar:/home/user/.m2/repository/org/openjdk/jmh/jmh-core/1.19/jmh-core-1.19.jar:/home/user/.m2/repository/net/sf/jopt-simple/jopt-simple/4.6/jopt-simple-4.6.jar:/home/user/.m2/repository/org/apache/commons/commons-math3/3.1.1/commons-math3-3.1.1.jar:/home/user/.m2/repository/org/openjdk/jmh/jmh-generator-annprocess/1.19/jmh-generator-annprocess-1.19.jar:/home/user/.m2/repository/org/mockito/mockito-all/1.8.5/mockito-all-1.8.5.jar:/home/user/.m2/repository/org/apache/hadoop/hadoop-kms/3.2.0/hadoop-kms-3.2.0.jar:/home/user/.m2/repository/org/apache/hadoop/hadoop-auth/3.2.0/hadoop-auth-3.2.0.jar:/home/user/.m2/repository/com/nimbusds/nimbus-jose-jwt/4.41.1/nimbus-jose-jwt-4.41.1.jar:/home/user/.m2/repository/com/github/stephenc/jcip/jcip-annotations/1.0-1/jcip-annotations-1.0-1.jar:/home/user/.m2/repository/net/minidev/json-smart/2.3/json-smart-2.3.jar:/home/user/.m2/repository/net/minidev/accessors-smart/1.2/accessors-smart-1.2.jar:/home/user/.m2/repository/org/ow2/asm/asm/5.0.4/asm-5.0.4.jar:/home/user/.m2/repository/org/apache/curator/curator-framework/2.12.0/curator-framework-2.12.0.jar:/home/user/.m2/repository/com/sun/jersey/jersey-core/1.19/jersey-core-1.19.jar:/home/user/.m2/repository/javax/ws/rs/jsr311-api/1.1.1/jsr311-api-1.1.1.jar:/home/user/.m2/repository/com/sun/jersey/jersey-server/1.19/jersey-server-1.19.jar:/home/user/.m2/repository/javax/servlet/javax.servlet-api/3.1.0/javax.servlet-api-3.1.0.jar:/home/user/.m2/repository/org/eclipse/jetty/jetty-server/9.3.25.v20180904/jetty-server-9.3.25.v20180904.jar:/home/user/.m2/repository/org/eclipse/jetty/jetty-http/9.3.25.v20180904/jetty-http-9.3.25.v20180904.jar:/home/user/.m2/repository/org/eclipse/jetty/jetty-io/9.3.25.v20180904/jetty-io-9.3.25.v20180904.jar:/home/user/.m2/repository/org/eclipse/jetty/jetty-webapp/9.3.25.v20180904/jetty-webapp-9.3.25.v20180904.jar:/home/user/.m2/repository/org/eclipse/jetty/jetty-xml/9.3.25.v20180904/jetty-xml-9.3.25.v20180904.jar:/home/user/.m2/repository/log4j/log4j/1.2.17/log4j-1.2.17.jar:/home/user/.m2/repository/org/slf4j/slf4j-api/1.7.25/slf4j-api-1.7.25.jar:/home/user/.m2/repository/org/slf4j/jul-to-slf4j/1.7.25/jul-to-slf4j-1.7.25.jar:/home/user/.m2/repository/org/eclipse/jetty/jetty-util/9.3.25.v20180904/jetty-util-9.3.25.v20180904.jar:/home/user/.m2/repository/com/fasterxml/jackson/core/jackson-databind/2.9.9/jackson-databind-2.9.9.jar:/home/user/.m2/repository/org/apache/hadoop/hadoop-kms/3.2.0/hadoop-kms-3.2.0-tests.jar:/home/user/.m2/repository/org/apache/hadoop/hadoop-hdds-server-scm/0.5.0-SNAPSHOT/hadoop-hdds-server-scm-0.5.0-SNAPSHOT-tests.jar:/home/user/.m2/repository/org/apache/hadoop/hadoop-hdds-container-service/0.5.0-SNAPSHOT/hadoop-hdds-container-service-0.5.0-SNAPSHOT-tests.jar:/home/user/.m2/repository/org/yaml/snakeyaml/1.16/snakeyaml-1.16.jar:/home/user/.m2/repository/org/apache/hadoop/hadoop-common/3.2.0/hadoop-common-3.2.0-tests.jar:/home/user/.m2/repository/org/apache/hadoop/hadoop-annotations/3.2.0/hadoop-annotations-3.2.0.jar:/usr/lib/jvm/java-1.8.0-openjdk-1.8.0.222.b10-1.el7_7.x86_64/jre/../lib/tools.jar:/home/user/.m2/repository/commons-cli/commons-cli/1.2/commons-cli-1.2.jar:/home/user/.m2/repository/org/apache/httpcomponents/httpclient/4.5.2/httpclient-4.5.2.jar:/home/user/.m2/repository/org/apache/httpcomponents/httpcore/4.4.4/httpcore-4.4.4.jar:/home/user/.m2/repository/commons-codec/commons-codec/1.11/commons-codec-1.11.jar:/home/user/.m2/repository/commons-net/commons-net/3.6/commons-net-3.6.jar:/home/user/.m2/repository/commons-collections/commons-collections/3.2.2/commons-collections-3.2.2.jar:/home/user/.m2/repository/org/eclipse/jetty/jetty-servlet/9.3.25.v20180904/jetty-servlet-9.3.25.v20180904.jar:/home/user/.m2/repository/org/eclipse/jetty/jetty-security/9.3.25.v20180904/jetty-security-9.3.25.v20180904.jar:/home/user/.m2/repository/javax/servlet/jsp/jsp-api/2.1/jsp-api-2.1.jar:/home/user/.m2/repository/com/sun/jersey/jersey-servlet/1.19/jersey-servlet-1.19.jar:/home/user/.m2/repository/com/sun/jersey/jersey-json/1.19/jersey-json-1.19.jar:/home/user/.m2/repository/org/codehaus/jettison/jettison/1.1/jettison-1.1.jar:/home/user/.m2/repository/org/codehaus/jackson/jackson-core-asl/1.9.13/jackson-core-asl-1.9.13.jar:/home/user/.m2/repository/org/codehaus/jackson/jackson-mapper-asl/1.9.13/jackson-mapper-asl-1.9.13.jar:/home/user/.m2/repository/org/codehaus/jackson/jackson-jaxrs/1.9.13/jackson-jaxrs-1.9.13.jar:/home/user/.m2/repository/org/codehaus/jackson/jackson-xc/1.9.13/jackson-xc-1.9.13.jar:/home/user/.m2/repository/commons-logging/commons-logging/1.1.3/commons-logging-1.1.3.jar:/home/user/.m2/repository/commons-beanutils/commons-beanutils/1.9.4/commons-beanutils-1.9.4.jar:/home/user/.m2/repository/org/apache/commons/commons-configuration2/2.1.1/commons-configuration2-2.1.1.jar:/home/user/.m2/repository/org/apache/commons/commons-lang3/3.7/commons-lang3-3.7.jar:/home/user/.m2/repository/org/apache/commons/commons-text/1.4/commons-text-1.4.jar:/home/user/.m2/repository/org/apache/avro/avro/1.7.7/avro-1.7.7.jar:/home/user/.m2/repository/com/thoughtworks/paranamer/paranamer/2.3/paranamer-2.3.jar:/home/user/.m2/repository/org/xerial/snappy/snappy-java/1.0.5/snappy-java-1.0.5.jar:/home/user/.m2/repository/com/google/re2j/re2j/1.1/re2j-1.1.jar:/home/user/.m2/repository/com/google/code/gson/gson/2.2.4/gson-2.2.4.jar:/home/user/.m2/repository/com/jcraft/jsch/0.1.54/jsch-0.1.54.jar:/home/user/.m2/repository/org/apache/curator/curator-client/2.12.0/curator-client-2.12.0.jar:/home/user/.m2/repository/org/apache/curator/curator-recipes/2.12.0/curator-recipes-2.12.0.jar:/home/user/.m2/repository/com/google/code/findbugs/jsr305/3.0.0/jsr305-3.0.0.jar:/home/user/.m2/repository/org/apache/htrace/htrace-core4/4.1.0-incubating/htrace-core4-4.1.0-incubating.jar:/home/user/.m2/repository/org/apache/zookeeper/zookeeper/3.4.13/zookeeper-3.4.13.jar:/home/user/.m2/repository/jline/jline/0.9.94/jline-0.9.94.jar:/home/user/.m2/repository/org/apache/yetus/audience-annotations/0.5.0/audience-annotations-0.5.0.jar:/home/user/.m2/repository/org/codehaus/woodstox/stax2-api/3.1.4/stax2-api-3.1.4.jar:/home/user/.m2/repository/com/fasterxml/woodstox/woodstox-core/5.0.3/woodstox-core-5.0.3.jar:/home/user/.m2/repository/dnsjava/dnsjava/2.1.7/dnsjava-2.1.7.jar:/home/user/.m2/repository/org/apache/hadoop/hadoop-hdfs/3.2.0/hadoop-hdfs-3.2.0-tests.jar:/home/user/.m2/repository/org/eclipse/jetty/jetty-util-ajax/9.3.25.v20180904/jetty-util-ajax-9.3.25.v20180904.jar:/home/user/.m2/repository/commons-daemon/commons-daemon/1.0.13/commons-daemon-1.0.13.jar:/home/user/.m2/repository/io/netty/netty/3.10.5.Final/netty-3.10.5.Final.jar:/home/user/.m2/repository/io/netty/netty-all/4.0.52.Final/netty-all-4.0.52.Final.jar:/home/user/.m2/repository/org/fusesource/leveldbjni/leveldbjni-all/1.8/leveldbjni-all-1.8.jar:"/>
    <property name="sun.cpu.endian" value="little"/>
    <property name="user.home" value="/home/user"/>
    <property name="user.language" value="en"/>
    <property name="java.specification.vendor" value="Oracle Corporation"/>
    <property name="java.home" value="/usr/lib/jvm/java-1.8.0-openjdk-1.8.0.222.b10-1.el7_7.x86_64/jre"/>
    <property name="surefire.excludesFile" value="/tools/ozone-bad-unit-tests"/>
    <property name="java.security.krb5.conf" value="/workdir/hadoop-ozone/integration-test/target/test-classes/krb5.conf"/>
    <property name="basedir" value="/workdir/hadoop-ozone/integration-test"/>
    <property name="file.separator" value="/"/>
    <property name="line.separator" value="&#10;"/>
    <property name="java.vm.specification.vendor" value="Oracle Corporation"/>
    <property name="java.specification.name" value="Java Platform API Specification"/>
    <property name="java.awt.graphicsenv" value="sun.awt.X11GraphicsEnvironment"/>
    <property name="surefire.real.class.path" value="/workdir/hadoop-ozone/integration-test/target/surefire/surefirebooter8838362849361317965.jar"/>
    <property name="hadoop.log.dir" value="/workdir/hadoop-ozone/integration-test/target/log"/>
    <property name="sun.boot.class.path" value="/usr/lib/jvm/java-1.8.0-openjdk-1.8.0.222.b10-1.el7_7.x86_64/jre/lib/resources.jar:/usr/lib/jvm/java-1.8.0-openjdk-1.8.0.222.b10-1.el7_7.x86_64/jre/lib/rt.jar:/usr/lib/jvm/java-1.8.0-openjdk-1.8.0.222.b10-1.el7_7.x86_64/jre/lib/sunrsasign.jar:/usr/lib/jvm/java-1.8.0-openjdk-1.8.0.222.b10-1.el7_7.x86_64/jre/lib/jsse.jar:/usr/lib/jvm/java-1.8.0-openjdk-1.8.0.222.b10-1.el7_7.x86_64/jre/lib/jce.jar:/usr/lib/jvm/java-1.8.0-openjdk-1.8.0.222.b10-1.el7_7.x86_64/jre/lib/charsets.jar:/usr/lib/jvm/java-1.8.0-openjdk-1.8.0.222.b10-1.el7_7.x86_64/jre/lib/jfr.jar:/usr/lib/jvm/java-1.8.0-openjdk-1.8.0.222.b10-1.el7_7.x86_64/jre/classes"/>
    <property name="sun.management.compiler" value="HotSpot 64-Bit Tiered Compilers"/>
    <property name="java.runtime.version" value="1.8.0_222-b10"/>
    <property name="java.net.preferIPv4Stack" value="true"/>
    <property name="user.name" value="jenkins1000"/>
    <property name="path.separator" value=":"/>
    <property name="java.security.egd" value="file:///dev/urandom"/>
    <property name="os.version" value="3.10.0-957.12.2.el7.x86_64"/>
    <property name="java.endorsed.dirs" value="/usr/lib/jvm/java-1.8.0-openjdk-1.8.0.222.b10-1.el7_7.x86_64/jre/lib/endorsed"/>
    <property name="java.runtime.name" value="OpenJDK Runtime Environment"/>
    <property name="file.encoding" value="ANSI_X3.4-1968"/>
    <property name="java.vm.name" value="OpenJDK 64-Bit Server VM"/>
    <property name="test.build.webapps" value=""/>
    <property name="localRepository" value="/home/user/.m2/repository"/>
    <property name="java.vendor.url.bug" value="http://bugreport.sun.com/bugreport/"/>
    <property name="java.io.tmpdir" value="/tmp"/>
    <property name="require.test.libhadoop" value=""/>
    <property name="java.version" value="1.8.0_222"/>
    <property name="user.dir" value="/workdir/hadoop-ozone/integration-test"/>
    <property name="os.arch" value="amd64"/>
    <property name="java.vm.specification.name" value="Java Virtual Machine Specification"/>
    <property name="test.build.classes" value="/workdir/hadoop-ozone/integration-test/target/test-classes"/>
    <property name="java.awt.printerjob" value="sun.print.PSPrinterJob"/>
    <property name="sun.os.patch.level" value="unknown"/>
    <property name="hadoop.tmp.dir" value="/workdir/hadoop-ozone/integration-test/target/tmp"/>
    <property name="java.library.path" value="/usr/lib:/workdir/hadoop-ozone/integration-test/target/native/target/usr/local/lib:/workdir/hadoop-ozone/integration-test/../../hadoop-common-project/hadoop-common/target/native/target/usr/local/lib:/usr/java/packages/lib/amd64:/usr/lib64:/lib64:/lib:/usr/lib"/>
    <property name="java.vm.info" value="mixed mode"/>
    <property name="java.vendor" value="Oracle Corporation"/>
    <property name="java.vm.version" value="25.222-b10"/>
    <property name="java.ext.dirs" value="/usr/lib/jvm/java-1.8.0-openjdk-1.8.0.222.b10-1.el7_7.x86_64/jre/lib/ext:/usr/java/packages/lib/ext"/>
    <property name="sun.io.unicode.encoding" value="UnicodeLittle"/>
    <property name="java.class.version" value="52.0"/>
  </properties>
  <testcase name="testDeleteKeyWithSlowFollower" classname="org.apache.hadoop.ozone.client.rpc.TestDeleteWithSlowFollower" time="112.287">
    <failure type="java.lang.AssertionError">java.lang.AssertionError
	at org.junit.Assert.fail(Assert.java:86)
	at org.junit.Assert.assertTrue(Assert.java:41)
	at org.junit.Assert.assertTrue(Assert.java:52)
	at org.apache.hadoop.ozone.client.rpc.TestDeleteWithSlowFollower.testDeleteKeyWithSlowFollower(TestDeleteWithSlowFollower.java:265)
	at sun.reflect.NativeMethodAccessorImpl.invoke0(Native Method)
	at sun.reflect.NativeMethodAccessorImpl.invoke(NativeMethodAccessorImpl.java:62)
	at sun.reflect.DelegatingMethodAccessorImpl.invoke(DelegatingMethodAccessorImpl.java:43)
	at java.lang.reflect.Method.invoke(Method.java:498)
	at org.junit.runners.model.FrameworkMethod$1.runReflectiveCall(FrameworkMethod.java:47)
	at org.junit.internal.runners.model.ReflectiveCallable.run(ReflectiveCallable.java:12)
	at org.junit.runners.model.FrameworkMethod.invokeExplosively(FrameworkMethod.java:44)
	at org.junit.internal.runners.statements.InvokeMethod.evaluate(InvokeMethod.java:17)
	at org.junit.runners.ParentRunner.runLeaf(ParentRunner.java:271)
	at org.junit.runners.BlockJUnit4ClassRunner.runChild(BlockJUnit4ClassRunner.java:70)
	at org.junit.runners.BlockJUnit4ClassRunner.runChild(BlockJUnit4ClassRunner.java:50)
	at org.junit.runners.ParentRunner$3.run(ParentRunner.java:238)
	at org.junit.runners.ParentRunner$1.schedule(ParentRunner.java:63)
	at org.junit.runners.ParentRunner.runChildren(ParentRunner.java:236)
	at org.junit.runners.ParentRunner.access$000(ParentRunner.java:53)
	at org.junit.runners.ParentRunner$2.evaluate(ParentRunner.java:229)
	at org.junit.internal.runners.statements.RunBefores.evaluate(RunBefores.java:26)
	at org.junit.internal.runners.statements.RunAfters.evaluate(RunAfters.java:27)
	at org.junit.runners.ParentRunner.run(ParentRunner.java:309)
	at org.apache.maven.surefire.junit4.JUnit4Provider.execute(JUnit4Provider.java:365)
	at org.apache.maven.surefire.junit4.JUnit4Provider.executeWithRerun(JUnit4Provider.java:273)
	at org.apache.maven.surefire.junit4.JUnit4Provider.executeTestSet(JUnit4Provider.java:238)
	at org.apache.maven.surefire.junit4.JUnit4Provider.invoke(JUnit4Provider.java:159)
	at org.apache.maven.surefire.booter.ForkedBooter.invokeProviderInSameClassLoader(ForkedBooter.java:384)
	at org.apache.maven.surefire.booter.ForkedBooter.runSuitesInProcess(ForkedBooter.java:345)
	at org.apache.maven.surefire.booter.ForkedBooter.execute(ForkedBooter.java:126)
	at org.apache.maven.surefire.booter.ForkedBooter.main(ForkedBooter.java:418)
</failure>
    <system-out><![CDATA[2019-10-17 19:45:32,804 [main] WARN  server.ServerUtils (ServerUtils.java:getScmDbDir(145)) - ozone.scm.db.dirs is not configured. We recommend adding this setting. Falling back to ozone.metadata.dirs instead.
2019-10-17 19:45:32,948 [main] WARN  server.ServerUtils (ServerUtils.java:getScmDbDir(145)) - ozone.scm.db.dirs is not configured. We recommend adding this setting. Falling back to ozone.metadata.dirs instead.
2019-10-17 19:45:32,952 [main] WARN  server.ServerUtils (ServerUtils.java:getScmDbDir(145)) - ozone.scm.db.dirs is not configured. We recommend adding this setting. Falling back to ozone.metadata.dirs instead.
2019-10-17 19:45:32,980 [main] INFO  util.log (Log.java:initialized(192)) - Logging initialized @878ms
2019-10-17 19:45:33,075 [main] INFO  db.DBStoreBuilder (DBStoreBuilder.java:addTable(117)) - using custom profile for table: deletedBlocks
2019-10-17 19:45:33,076 [main] INFO  db.DBStoreBuilder (DBStoreBuilder.java:processTables(168)) - Using default column profile:DBProfile.DISK for Table:deletedBlocks
2019-10-17 19:45:33,076 [main] INFO  db.DBStoreBuilder (DBStoreBuilder.java:addTable(117)) - using custom profile for table: validCerts
2019-10-17 19:45:33,076 [main] INFO  db.DBStoreBuilder (DBStoreBuilder.java:processTables(168)) - Using default column profile:DBProfile.DISK for Table:validCerts
2019-10-17 19:45:33,077 [main] INFO  db.DBStoreBuilder (DBStoreBuilder.java:addTable(117)) - using custom profile for table: revokedCerts
2019-10-17 19:45:33,077 [main] INFO  db.DBStoreBuilder (DBStoreBuilder.java:processTables(168)) - Using default column profile:DBProfile.DISK for Table:revokedCerts
2019-10-17 19:45:33,088 [main] INFO  db.DBStoreBuilder (DBStoreBuilder.java:addTable(117)) - using custom profile for table: default
2019-10-17 19:45:33,088 [main] INFO  db.DBStoreBuilder (DBStoreBuilder.java:processTables(174)) - Using default column profile:DBProfile.DISK for Table:default
2019-10-17 19:45:33,090 [main] INFO  db.DBStoreBuilder (DBStoreBuilder.java:getDbProfile(205)) - Using default options. DBProfile.DISK
2019-10-17 19:45:33,421 [main] INFO  net.NodeSchemaLoader (NodeSchemaLoader.java:loadSchemaFromFile(125)) - Loading file from sun.misc.CompoundEnumeration@618b19ad
2019-10-17 19:45:33,423 [main] INFO  net.NodeSchemaLoader (NodeSchemaLoader.java:loadSchema(171)) - Loading network topology layer schema file
2019-10-17 19:45:33,480 [main] WARN  server.ServerUtils (ServerUtils.java:sanitizeUserArgs(70)) - ozone.scm.stale.node.interval value = 1000000 is larger than max = 100000 based on the key value of ozone.scm.heartbeat.thread.interval, reset to the max value 100000.
2019-10-17 19:45:33,481 [main] WARN  server.ServerUtils (ServerUtils.java:sanitizeUserArgs(70)) - ozone.scm.stale.node.interval value = 1000000 is larger than max = 100000 based on the key value of ozone.scm.heartbeat.thread.interval, reset to the max value 100000.
2019-10-17 19:45:33,484 [main] INFO  node.SCMNodeManager (SCMNodeManager.java:<init>(116)) - Entering startup safe mode.
2019-10-17 19:45:33,544 [main] INFO  algorithms.ContainerPlacementPolicyFactory (ContainerPlacementPolicyFactory.java:getPolicy(57)) - Create container placement policy of type org.apache.hadoop.hdds.scm.container.placement.algorithms.SCMContainerPlacementRandom
2019-10-17 19:45:33,557 [main] WARN  server.ServerUtils (ServerUtils.java:getScmDbDir(145)) - ozone.scm.db.dirs is not configured. We recommend adding this setting. Falling back to ozone.metadata.dirs instead.
2019-10-17 19:45:33,676 [main] INFO  pipeline.SCMPipelineManager (SCMPipelineManager.java:initializePipelineState(132)) - No pipeline exists in current db
2019-10-17 19:45:33,679 [main] WARN  server.ServerUtils (ServerUtils.java:getScmDbDir(145)) - ozone.scm.db.dirs is not configured. We recommend adding this setting. Falling back to ozone.metadata.dirs instead.
2019-10-17 19:45:33,851 [main] WARN  events.EventQueue (EventQueue.java:fireEvent(183)) - No event handler registered for event TypedEvent{payloadType=SafeModeStatus, name='SafeModeStatus'}
2019-10-17 19:45:34,227 [main] INFO  ipc.CallQueueManager (CallQueueManager.java:<init>(84)) - Using callQueue: class java.util.concurrent.LinkedBlockingQueue, queueCapacity: 2000, scheduler: class org.apache.hadoop.ipc.DefaultRpcScheduler, ipcBackoff: false.
2019-10-17 19:45:34,338 [Socket Reader #1 for port 37898] INFO  ipc.Server (Server.java:run(1074)) - Starting Socket Reader #1 for port 37898
2019-10-17 19:45:34,380 [main] INFO  ipc.CallQueueManager (CallQueueManager.java:<init>(84)) - Using callQueue: class java.util.concurrent.LinkedBlockingQueue, queueCapacity: 2000, scheduler: class org.apache.hadoop.ipc.DefaultRpcScheduler, ipcBackoff: false.
2019-10-17 19:45:34,382 [Socket Reader #1 for port 43734] INFO  ipc.Server (Server.java:run(1074)) - Starting Socket Reader #1 for port 43734
2019-10-17 19:45:34,393 [main] INFO  ipc.CallQueueManager (CallQueueManager.java:<init>(84)) - Using callQueue: class java.util.concurrent.LinkedBlockingQueue, queueCapacity: 2000, scheduler: class org.apache.hadoop.ipc.DefaultRpcScheduler, ipcBackoff: false.
2019-10-17 19:45:34,394 [Socket Reader #1 for port 38324] INFO  ipc.Server (Server.java:run(1074)) - Starting Socket Reader #1 for port 38324
2019-10-17 19:45:34,422 [main] INFO  hdfs.DFSUtil (DFSUtil.java:httpServerTemplateForNNAndJN(1641)) - Starting Web-server for scm at: http://0.0.0.0:0
2019-10-17 19:45:34,561 [main] INFO  server.AuthenticationFilter (AuthenticationFilter.java:constructSecretProvider(240)) - Unable to initialize FileSignerSecretProvider, falling back to use random secrets.
2019-10-17 19:45:34,570 [main] WARN  http.HttpRequestLog (HttpRequestLog.java:getRequestLog(97)) - Jetty request log can only be enabled using Log4j
2019-10-17 19:45:34,582 [main] INFO  http.HttpServer2 (HttpServer2.java:addGlobalFilter(975)) - Added global filter 'safety' (class=org.apache.hadoop.http.HttpServer2$QuotingInputFilter)
2019-10-17 19:45:34,586 [main] INFO  http.HttpServer2 (HttpServer2.java:addFilter(948)) - Added filter static_user_filter (class=org.apache.hadoop.http.lib.StaticUserWebFilter$StaticUserFilter) to context scm
2019-10-17 19:45:34,587 [main] INFO  http.HttpServer2 (HttpServer2.java:addFilter(958)) - Added filter static_user_filter (class=org.apache.hadoop.http.lib.StaticUserWebFilter$StaticUserFilter) to context static
2019-10-17 19:45:34,587 [main] INFO  http.HttpServer2 (HttpServer2.java:addFilter(958)) - Added filter static_user_filter (class=org.apache.hadoop.http.lib.StaticUserWebFilter$StaticUserFilter) to context logs
2019-10-17 19:45:34,630 [main] INFO  server.StorageContainerManager (StorageContainerManager.java:start(772)) - StorageContainerLocationProtocol RPC server is listening at /0.0.0.0:38324
2019-10-17 19:45:34,705 [main] WARN  impl.MetricsConfig (MetricsConfig.java:loadFirst(134)) - Cannot locate configuration: tried hadoop-metrics2-storagecontainermanager.properties,hadoop-metrics2.properties
2019-10-17 19:45:34,720 [main] INFO  impl.MetricsSystemImpl (MetricsSystemImpl.java:startTimer(374)) - Scheduled Metric snapshot period at 10 second(s).
2019-10-17 19:45:34,720 [main] INFO  impl.MetricsSystemImpl (MetricsSystemImpl.java:start(191)) - StorageContainerManager metrics system started
2019-10-17 19:45:34,968 [main] INFO  server.SCMClientProtocolServer (SCMClientProtocolServer.java:start(159)) - RPC server for Client  is listening at /0.0.0.0:38324
2019-10-17 19:45:34,969 [IPC Server Responder] INFO  ipc.Server (Server.java:run(1314)) - IPC Server Responder: starting
2019-10-17 19:45:34,969 [IPC Server listener on 38324] INFO  ipc.Server (Server.java:run(1153)) - IPC Server listener on 38324: starting
2019-10-17 19:45:34,972 [main] INFO  server.StorageContainerManager (StorageContainerManager.java:start(782)) - ScmBlockLocationProtocol RPC server is listening at /0.0.0.0:43734
2019-10-17 19:45:34,973 [main] INFO  server.SCMBlockProtocolServer (SCMBlockProtocolServer.java:start(146)) - RPC server for Block Protocol is listening at /0.0.0.0:43734
2019-10-17 19:45:34,973 [IPC Server Responder] INFO  ipc.Server (Server.java:run(1314)) - IPC Server Responder: starting
2019-10-17 19:45:34,973 [IPC Server listener on 43734] INFO  ipc.Server (Server.java:run(1153)) - IPC Server listener on 43734: starting
2019-10-17 19:45:34,976 [main] INFO  server.StorageContainerManager (StorageContainerManager.java:start(786)) - ScmDatanodeProtocl RPC server is listening at /0.0.0.0:37898
2019-10-17 19:45:34,976 [main] INFO  server.SCMDatanodeProtocolServer (SCMDatanodeProtocolServer.java:start(169)) - RPC server for DataNodes is listening at /0.0.0.0:37898
2019-10-17 19:45:34,977 [IPC Server Responder] INFO  ipc.Server (Server.java:run(1314)) - IPC Server Responder: starting
2019-10-17 19:45:34,977 [IPC Server listener on 37898] INFO  ipc.Server (Server.java:run(1153)) - IPC Server listener on 37898: starting
2019-10-17 19:45:34,981 [main] INFO  http.HttpServer2 (HttpServer2.java:bindListener(1191)) - Jetty bound to port 34997
2019-10-17 19:45:34,983 [main] INFO  server.Server (Server.java:doStart(351)) - jetty-9.3.25.v20180904, build timestamp: 2018-09-04T21:11:46Z, git hash: 3ce520221d0240229c862b122d2b06c12a625732
2019-10-17 19:45:35,020 [main] INFO  handler.ContextHandler (ContextHandler.java:doStart(781)) - Started o.e.j.s.ServletContextHandler@26bab2f1{/logs,file:///workdir/hadoop-ozone/integration-test/target/log,AVAILABLE}
2019-10-17 19:45:35,021 [main] INFO  handler.ContextHandler (ContextHandler.java:doStart(781)) - Started o.e.j.s.ServletContextHandler@68ead359{/static,file:///workdir/hadoop-ozone/integration-test/target/test-classes/webapps/static,AVAILABLE}
2019-10-17 19:45:35,053 [main] INFO  handler.ContextHandler (ContextHandler.java:doStart(781)) - Started o.e.j.w.WebAppContext@56102e1c{/,file:///workdir/hadoop-ozone/integration-test/target/test-classes/webapps/scm/,AVAILABLE}{/scm}
2019-10-17 19:45:35,059 [main] INFO  server.AbstractConnector (AbstractConnector.java:doStart(278)) - Started ServerConnector@466cf502{HTTP/1.1,[http/1.1]}{0.0.0.0:34997}
2019-10-17 19:45:35,059 [main] INFO  server.Server (Server.java:doStart(419)) - Started @2957ms
2019-10-17 19:45:35,061 [main] INFO  impl.MetricsSinkAdapter (MetricsSinkAdapter.java:start(204)) - Sink prometheus started
2019-10-17 19:45:35,062 [main] INFO  impl.MetricsSystemImpl (MetricsSystemImpl.java:registerSink(301)) - Registered sink prometheus
2019-10-17 19:45:35,063 [main] INFO  server.BaseHttpServer (BaseHttpServer.java:updateConnectorAddress(215)) - HTTP server of SCM is listening at http://0.0.0.0:34997
2019-10-17 19:45:35,068 [org.apache.hadoop.util.JvmPauseMonitor$Monitor@70925b45] INFO  util.JvmPauseMonitor (JvmPauseMonitor.java:run(188)) - Starting JVM pause monitor
2019-10-17 19:45:35,071 [main] WARN  server.ServerUtils (ServerUtils.java:getDBPath(222)) - ozone.om.db.dirs is not configured. We recommend adding this setting. Falling back to ozone.metadata.dirs instead.
2019-10-17 19:45:35,217 [main] INFO  ha.OMHANodeDetails (OMHANodeDetails.java:loadOMHAConfig(190)) - Configuration either no ozone.om.address set. Falling back to the default OM address /127.0.0.1:0
2019-10-17 19:45:35,218 [main] INFO  ha.OMHANodeDetails (OMHANodeDetails.java:getOMNodeDetails(220)) - OM Service ID is not set. Setting it to the default ID: omServiceIdDefault
2019-10-17 19:45:35,219 [main] WARN  server.ServerUtils (ServerUtils.java:getDBPath(222)) - ozone.om.db.dirs is not configured. We recommend adding this setting. Falling back to ozone.metadata.dirs instead.
2019-10-17 19:45:35,220 [main] WARN  server.ServerUtils (ServerUtils.java:getDBPath(222)) - ozone.om.db.dirs is not configured. We recommend adding this setting. Falling back to ozone.metadata.dirs instead.
2019-10-17 19:45:35,868 [main] WARN  server.ServerUtils (ServerUtils.java:getDBPath(222)) - ozone.om.db.dirs is not configured. We recommend adding this setting. Falling back to ozone.metadata.dirs instead.
2019-10-17 19:45:35,876 [main] INFO  db.DBStoreBuilder (DBStoreBuilder.java:addTable(117)) - using custom profile for table: userTable
2019-10-17 19:45:35,876 [main] INFO  db.DBStoreBuilder (DBStoreBuilder.java:processTables(168)) - Using default column profile:DBProfile.DISK for Table:userTable
2019-10-17 19:45:35,876 [main] INFO  db.DBStoreBuilder (DBStoreBuilder.java:addTable(117)) - using custom profile for table: volumeTable
2019-10-17 19:45:35,877 [main] INFO  db.DBStoreBuilder (DBStoreBuilder.java:processTables(168)) - Using default column profile:DBProfile.DISK for Table:volumeTable
2019-10-17 19:45:35,877 [main] INFO  db.DBStoreBuilder (DBStoreBuilder.java:addTable(117)) - using custom profile for table: bucketTable
2019-10-17 19:45:35,877 [main] INFO  db.DBStoreBuilder (DBStoreBuilder.java:processTables(168)) - Using default column profile:DBProfile.DISK for Table:bucketTable
2019-10-17 19:45:35,877 [main] INFO  db.DBStoreBuilder (DBStoreBuilder.java:addTable(117)) - using custom profile for table: keyTable
2019-10-17 19:45:35,877 [main] INFO  db.DBStoreBuilder (DBStoreBuilder.java:processTables(168)) - Using default column profile:DBProfile.DISK for Table:keyTable
2019-10-17 19:45:35,878 [main] INFO  db.DBStoreBuilder (DBStoreBuilder.java:addTable(117)) - using custom profile for table: deletedTable
2019-10-17 19:45:35,878 [main] INFO  db.DBStoreBuilder (DBStoreBuilder.java:processTables(168)) - Using default column profile:DBProfile.DISK for Table:deletedTable
2019-10-17 19:45:35,878 [main] INFO  db.DBStoreBuilder (DBStoreBuilder.java:addTable(117)) - using custom profile for table: openKeyTable
2019-10-17 19:45:35,878 [main] INFO  db.DBStoreBuilder (DBStoreBuilder.java:processTables(168)) - Using default column profile:DBProfile.DISK for Table:openKeyTable
2019-10-17 19:45:35,879 [main] INFO  db.DBStoreBuilder (DBStoreBuilder.java:addTable(117)) - using custom profile for table: s3Table
2019-10-17 19:45:35,879 [main] INFO  db.DBStoreBuilder (DBStoreBuilder.java:processTables(168)) - Using default column profile:DBProfile.DISK for Table:s3Table
2019-10-17 19:45:35,879 [main] INFO  db.DBStoreBuilder (DBStoreBuilder.java:addTable(117)) - using custom profile for table: multipartInfoTable
2019-10-17 19:45:35,879 [main] INFO  db.DBStoreBuilder (DBStoreBuilder.java:processTables(168)) - Using default column profile:DBProfile.DISK for Table:multipartInfoTable
2019-10-17 19:45:35,879 [main] INFO  db.DBStoreBuilder (DBStoreBuilder.java:addTable(117)) - using custom profile for table: dTokenTable
2019-10-17 19:45:35,880 [main] INFO  db.DBStoreBuilder (DBStoreBuilder.java:processTables(168)) - Using default column profile:DBProfile.DISK for Table:dTokenTable
2019-10-17 19:45:35,880 [main] INFO  db.DBStoreBuilder (DBStoreBuilder.java:addTable(117)) - using custom profile for table: s3SecretTable
2019-10-17 19:45:35,880 [main] INFO  db.DBStoreBuilder (DBStoreBuilder.java:processTables(168)) - Using default column profile:DBProfile.DISK for Table:s3SecretTable
2019-10-17 19:45:35,880 [main] INFO  db.DBStoreBuilder (DBStoreBuilder.java:addTable(117)) - using custom profile for table: prefixTable
2019-10-17 19:45:35,881 [main] INFO  db.DBStoreBuilder (DBStoreBuilder.java:processTables(168)) - Using default column profile:DBProfile.DISK for Table:prefixTable
2019-10-17 19:45:35,881 [main] INFO  db.DBStoreBuilder (DBStoreBuilder.java:addTable(117)) - using custom profile for table: default
2019-10-17 19:45:35,881 [main] INFO  db.DBStoreBuilder (DBStoreBuilder.java:processTables(174)) - Using default column profile:DBProfile.DISK for Table:default
2019-10-17 19:45:35,881 [main] INFO  db.DBStoreBuilder (DBStoreBuilder.java:getDbProfile(205)) - Using default options. DBProfile.DISK
2019-10-17 19:45:36,569 [main] INFO  ipc.CallQueueManager (CallQueueManager.java:<init>(84)) - Using callQueue: class java.util.concurrent.LinkedBlockingQueue, queueCapacity: 2000, scheduler: class org.apache.hadoop.ipc.DefaultRpcScheduler, ipcBackoff: false.
2019-10-17 19:45:36,570 [Socket Reader #1 for port 34781] INFO  ipc.Server (Server.java:run(1074)) - Starting Socket Reader #1 for port 34781
2019-10-17 19:45:36,591 [main] INFO  om.OzoneManager (OzoneManager.java:start(1071)) - OzoneManager RPC server is listening at localhost/127.0.0.1:34781
2019-10-17 19:45:36,591 [main] INFO  impl.MetricsSystemImpl (MetricsSystemImpl.java:init(158)) - OzoneManager metrics system started (again)
2019-10-17 19:45:36,599 [IPC Server Responder] INFO  ipc.Server (Server.java:run(1314)) - IPC Server Responder: starting
2019-10-17 19:45:36,599 [IPC Server listener on 34781] INFO  ipc.Server (Server.java:run(1153)) - IPC Server listener on 34781: starting
2019-10-17 19:45:36,607 [main] INFO  hdfs.DFSUtil (DFSUtil.java:httpServerTemplateForNNAndJN(1641)) - Starting Web-server for ozoneManager at: http://0.0.0.0:0
2019-10-17 19:45:36,609 [main] INFO  server.AuthenticationFilter (AuthenticationFilter.java:constructSecretProvider(240)) - Unable to initialize FileSignerSecretProvider, falling back to use random secrets.
2019-10-17 19:45:36,610 [main] WARN  http.HttpRequestLog (HttpRequestLog.java:getRequestLog(97)) - Jetty request log can only be enabled using Log4j
2019-10-17 19:45:36,613 [main] INFO  http.HttpServer2 (HttpServer2.java:addGlobalFilter(975)) - Added global filter 'safety' (class=org.apache.hadoop.http.HttpServer2$QuotingInputFilter)
2019-10-17 19:45:36,614 [main] INFO  http.HttpServer2 (HttpServer2.java:addFilter(948)) - Added filter static_user_filter (class=org.apache.hadoop.http.lib.StaticUserWebFilter$StaticUserFilter) to context ozoneManager
2019-10-17 19:45:36,615 [main] INFO  http.HttpServer2 (HttpServer2.java:addFilter(958)) - Added filter static_user_filter (class=org.apache.hadoop.http.lib.StaticUserWebFilter$StaticUserFilter) to context static
2019-10-17 19:45:36,615 [main] INFO  http.HttpServer2 (HttpServer2.java:addFilter(958)) - Added filter static_user_filter (class=org.apache.hadoop.http.lib.StaticUserWebFilter$StaticUserFilter) to context logs
2019-10-17 19:45:36,618 [main] INFO  http.HttpServer2 (HttpServer2.java:bindListener(1191)) - Jetty bound to port 36374
2019-10-17 19:45:36,618 [main] INFO  server.Server (Server.java:doStart(351)) - jetty-9.3.25.v20180904, build timestamp: 2018-09-04T21:11:46Z, git hash: 3ce520221d0240229c862b122d2b06c12a625732
2019-10-17 19:45:36,621 [main] INFO  handler.ContextHandler (ContextHandler.java:doStart(781)) - Started o.e.j.s.ServletContextHandler@6b3871d6{/logs,file:///workdir/hadoop-ozone/integration-test/target/log,AVAILABLE}
2019-10-17 19:45:36,622 [main] INFO  handler.ContextHandler (ContextHandler.java:doStart(781)) - Started o.e.j.s.ServletContextHandler@2eb79cbe{/static,file:///workdir/hadoop-ozone/integration-test/target/test-classes/webapps/static,AVAILABLE}
2019-10-17 19:45:36,629 [main] INFO  handler.ContextHandler (ContextHandler.java:doStart(781)) - Started o.e.j.w.WebAppContext@1bcb79c2{/,file:///workdir/hadoop-ozone/integration-test/target/test-classes/webapps/ozoneManager/,AVAILABLE}{/ozoneManager}
2019-10-17 19:45:36,630 [main] INFO  server.AbstractConnector (AbstractConnector.java:doStart(278)) - Started ServerConnector@d1a10ac{HTTP/1.1,[http/1.1]}{0.0.0.0:36374}
2019-10-17 19:45:36,630 [main] INFO  server.Server (Server.java:doStart(419)) - Started @4529ms
2019-10-17 19:45:36,631 [main] WARN  impl.MetricsSystemImpl (MetricsSystemImpl.java:register(276)) - Sink prometheus already exists!
2019-10-17 19:45:36,632 [main] INFO  server.BaseHttpServer (BaseHttpServer.java:updateConnectorAddress(215)) - HTTP server of OZONEMANAGER is listening at http://0.0.0.0:36374
2019-10-17 19:45:36,929 [main] INFO  impl.MetricsSystemImpl (MetricsSystemImpl.java:init(158)) - HddsDatanode metrics system started (again)
2019-10-17 19:45:36,981 [main] INFO  ozone.HddsDatanodeService (HddsDatanodeService.java:start(184)) - HddsDatanodeService host:pr-hdds-1868-s6sc9-3720172378 ip:192.168.164.201
2019-10-17 19:45:37,013 [main] INFO  volume.HddsVolume (HddsVolume.java:<init>(176)) - Creating Volume: /workdir/hadoop-ozone/integration-test/target/test-dir/MiniOzoneClusterImpl-020edf65-e88b-4f0c-8058-f5c4b9bdd7d8/datanode-0/data/containers/hdds of  storage type : DISK and capacity : 1482555576320
2019-10-17 19:45:37,015 [main] INFO  volume.VolumeSet (VolumeSet.java:initializeVolumeSet(170)) - Added Volume : /workdir/hadoop-ozone/integration-test/target/test-dir/MiniOzoneClusterImpl-020edf65-e88b-4f0c-8058-f5c4b9bdd7d8/datanode-0/data/containers/hdds to VolumeSet
2019-10-17 19:45:37,018 [main] INFO  volume.ThrottledAsyncChecker (ThrottledAsyncChecker.java:schedule(141)) - Scheduling a check for /workdir/hadoop-ozone/integration-test/target/test-dir/MiniOzoneClusterImpl-020edf65-e88b-4f0c-8058-f5c4b9bdd7d8/datanode-0/data/containers/hdds
2019-10-17 19:45:37,035 [main] INFO  volume.HddsVolumeChecker (HddsVolumeChecker.java:checkAllVolumes(204)) - Scheduled health check for volume /workdir/hadoop-ozone/integration-test/target/test-dir/MiniOzoneClusterImpl-020edf65-e88b-4f0c-8058-f5c4b9bdd7d8/datanode-0/data/containers/hdds
2019-10-17 19:45:37,142 [main] INFO  impl.RaftServerProxy (ConfUtils.java:logGet(43)) - raft.rpc.type = GRPC (default)
2019-10-17 19:45:37,205 [main] INFO  grpc.GrpcFactory (GrpcFactory.java:checkPooledByteBufAllocatorUseCacheForAllThreads(45)) - PERFORMANCE WARNING: useCacheForAllThreads is true that may cause Netty to create a lot garbage objects and, as a result, trigger GC.
	It is recommended to disable useCacheForAllThreads by setting -Dorg.apache.ratis.thirdparty.io.netty.allocator.useCacheForAllThreads=false in command line.
2019-10-17 19:45:37,211 [main] INFO  grpc.GrpcConfigKeys$Server (ConfUtils.java:logGet(43)) - raft.grpc.server.port = 0 (default)
2019-10-17 19:45:37,212 [main] INFO  server.GrpcService (ConfUtils.java:logGet(43)) - raft.grpc.message.size.max = 33570816 (custom)
2019-10-17 19:45:37,213 [main] INFO  server.RaftServerConfigKeys (ConfUtils.java:logGet(43)) - raft.server.log.appender.buffer.byte-limit = 33554432 (custom)
2019-10-17 19:45:37,214 [main] INFO  server.GrpcService (ConfUtils.java:logGet(43)) - raft.grpc.flow.control.window = 1MB (=1048576) (default)
2019-10-17 19:45:37,215 [main] INFO  server.RaftServerConfigKeys (ConfUtils.java:logGet(43)) - raft.server.rpc.request.timeout = 3000ms (default)
2019-10-17 19:45:37,386 [main] INFO  server.RaftServerConfigKeys (ConfUtils.java:logGet(43)) - raft.server.storage.dir = [/workdir/hadoop-ozone/integration-test/target/test-dir/MiniOzoneClusterImpl-020edf65-e88b-4f0c-8058-f5c4b9bdd7d8/datanode-0/data/ratis] (custom)
2019-10-17 19:45:37,444 [main] INFO  hdfs.DFSUtil (DFSUtil.java:httpServerTemplateForNNAndJN(1641)) - Starting Web-server for hddsDatanode at: http://0.0.0.0:0
2019-10-17 19:45:37,445 [main] INFO  server.AuthenticationFilter (AuthenticationFilter.java:constructSecretProvider(240)) - Unable to initialize FileSignerSecretProvider, falling back to use random secrets.
2019-10-17 19:45:37,446 [main] WARN  http.HttpRequestLog (HttpRequestLog.java:getRequestLog(97)) - Jetty request log can only be enabled using Log4j
2019-10-17 19:45:37,448 [main] INFO  http.HttpServer2 (HttpServer2.java:addGlobalFilter(975)) - Added global filter 'safety' (class=org.apache.hadoop.http.HttpServer2$QuotingInputFilter)
2019-10-17 19:45:37,449 [main] INFO  http.HttpServer2 (HttpServer2.java:addFilter(948)) - Added filter static_user_filter (class=org.apache.hadoop.http.lib.StaticUserWebFilter$StaticUserFilter) to context hddsDatanode
2019-10-17 19:45:37,449 [main] INFO  http.HttpServer2 (HttpServer2.java:addFilter(958)) - Added filter static_user_filter (class=org.apache.hadoop.http.lib.StaticUserWebFilter$StaticUserFilter) to context static
2019-10-17 19:45:37,449 [main] INFO  http.HttpServer2 (HttpServer2.java:addFilter(958)) - Added filter static_user_filter (class=org.apache.hadoop.http.lib.StaticUserWebFilter$StaticUserFilter) to context logs
2019-10-17 19:45:37,450 [main] INFO  http.HttpServer2 (HttpServer2.java:bindListener(1191)) - Jetty bound to port 35810
2019-10-17 19:45:37,451 [main] INFO  server.Server (Server.java:doStart(351)) - jetty-9.3.25.v20180904, build timestamp: 2018-09-04T21:11:46Z, git hash: 3ce520221d0240229c862b122d2b06c12a625732
2019-10-17 19:45:37,454 [main] INFO  handler.ContextHandler (ContextHandler.java:doStart(781)) - Started o.e.j.s.ServletContextHandler@1e0895f5{/logs,file:///workdir/hadoop-ozone/integration-test/target/log,AVAILABLE}
2019-10-17 19:45:37,454 [main] INFO  handler.ContextHandler (ContextHandler.java:doStart(781)) - Started o.e.j.s.ServletContextHandler@fd9ebde{/static,jar:file:/home/user/.m2/repository/org/apache/hadoop/hadoop-hdds-container-service/0.5.0-SNAPSHOT/hadoop-hdds-container-service-0.5.0-SNAPSHOT.jar!/webapps/static,AVAILABLE}
2019-10-17 19:45:37,489 [main] INFO  handler.ContextHandler (ContextHandler.java:doStart(781)) - Started o.e.j.w.WebAppContext@1deceb67{/,file:///tmp/jetty-0.0.0.0-35810-hddsDatanode-_-any-5031080282251307285.dir/webapp/,AVAILABLE}{/hddsDatanode}
2019-10-17 19:45:37,489 [main] INFO  server.AbstractConnector (AbstractConnector.java:doStart(278)) - Started ServerConnector@582a764a{HTTP/1.1,[http/1.1]}{0.0.0.0:35810}
2019-10-17 19:45:37,490 [main] INFO  server.Server (Server.java:doStart(419)) - Started @5388ms
2019-10-17 19:45:37,490 [main] WARN  impl.MetricsSystemImpl (MetricsSystemImpl.java:register(276)) - Sink prometheus already exists!
2019-10-17 19:45:37,494 [main] INFO  server.BaseHttpServer (BaseHttpServer.java:updateConnectorAddress(215)) - HTTP server of HDDSDATANODE is listening at http://0.0.0.0:35810
2019-10-17 19:45:37,495 [main] INFO  impl.MetricsSystemImpl (MetricsSystemImpl.java:init(158)) - HddsDatanode metrics system started (again)
2019-10-17 19:45:37,500 [main] INFO  ozone.HddsDatanodeService (HddsDatanodeService.java:start(184)) - HddsDatanodeService host:pr-hdds-1868-s6sc9-3720172378 ip:192.168.164.201
2019-10-17 19:45:37,501 [org.apache.hadoop.util.JvmPauseMonitor$Monitor@4c615780] INFO  util.JvmPauseMonitor (JvmPauseMonitor.java:run(188)) - Starting JVM pause monitor
2019-10-17 19:45:37,511 [main] INFO  volume.HddsVolume (HddsVolume.java:<init>(176)) - Creating Volume: /workdir/hadoop-ozone/integration-test/target/test-dir/MiniOzoneClusterImpl-020edf65-e88b-4f0c-8058-f5c4b9bdd7d8/datanode-1/data/containers/hdds of  storage type : DISK and capacity : 1482555576320
2019-10-17 19:45:37,512 [main] INFO  volume.VolumeSet (VolumeSet.java:initializeVolumeSet(170)) - Added Volume : /workdir/hadoop-ozone/integration-test/target/test-dir/MiniOzoneClusterImpl-020edf65-e88b-4f0c-8058-f5c4b9bdd7d8/datanode-1/data/containers/hdds to VolumeSet
2019-10-17 19:45:37,512 [main] INFO  volume.ThrottledAsyncChecker (ThrottledAsyncChecker.java:schedule(141)) - Scheduling a check for /workdir/hadoop-ozone/integration-test/target/test-dir/MiniOzoneClusterImpl-020edf65-e88b-4f0c-8058-f5c4b9bdd7d8/datanode-1/data/containers/hdds
2019-10-17 19:45:37,513 [main] INFO  volume.HddsVolumeChecker (HddsVolumeChecker.java:checkAllVolumes(204)) - Scheduled health check for volume /workdir/hadoop-ozone/integration-test/target/test-dir/MiniOzoneClusterImpl-020edf65-e88b-4f0c-8058-f5c4b9bdd7d8/datanode-1/data/containers/hdds
2019-10-17 19:45:37,536 [main] INFO  impl.RaftServerProxy (ConfUtils.java:logGet(43)) - raft.rpc.type = GRPC (default)
2019-10-17 19:45:37,536 [main] INFO  grpc.GrpcFactory (GrpcFactory.java:checkPooledByteBufAllocatorUseCacheForAllThreads(45)) - PERFORMANCE WARNING: useCacheForAllThreads is true that may cause Netty to create a lot garbage objects and, as a result, trigger GC.
	It is recommended to disable useCacheForAllThreads by setting -Dorg.apache.ratis.thirdparty.io.netty.allocator.useCacheForAllThreads=false in command line.
2019-10-17 19:45:37,536 [main] INFO  grpc.GrpcConfigKeys$Server (ConfUtils.java:logGet(43)) - raft.grpc.server.port = 0 (default)
2019-10-17 19:45:37,537 [main] INFO  server.GrpcService (ConfUtils.java:logGet(43)) - raft.grpc.message.size.max = 33570816 (custom)
2019-10-17 19:45:37,537 [main] INFO  server.RaftServerConfigKeys (ConfUtils.java:logGet(43)) - raft.server.log.appender.buffer.byte-limit = 33554432 (custom)
2019-10-17 19:45:37,537 [main] INFO  server.GrpcService (ConfUtils.java:logGet(43)) - raft.grpc.flow.control.window = 1MB (=1048576) (default)
2019-10-17 19:45:37,537 [main] INFO  server.RaftServerConfigKeys (ConfUtils.java:logGet(43)) - raft.server.rpc.request.timeout = 3000ms (default)
2019-10-17 19:45:37,538 [main] INFO  server.RaftServerConfigKeys (ConfUtils.java:logGet(43)) - raft.server.storage.dir = [/workdir/hadoop-ozone/integration-test/target/test-dir/MiniOzoneClusterImpl-020edf65-e88b-4f0c-8058-f5c4b9bdd7d8/datanode-1/data/ratis] (custom)
2019-10-17 19:45:37,541 [main] INFO  hdfs.DFSUtil (DFSUtil.java:httpServerTemplateForNNAndJN(1641)) - Starting Web-server for hddsDatanode at: http://0.0.0.0:0
2019-10-17 19:45:37,542 [main] INFO  server.AuthenticationFilter (AuthenticationFilter.java:constructSecretProvider(240)) - Unable to initialize FileSignerSecretProvider, falling back to use random secrets.
2019-10-17 19:45:37,543 [main] WARN  http.HttpRequestLog (HttpRequestLog.java:getRequestLog(97)) - Jetty request log can only be enabled using Log4j
2019-10-17 19:45:37,545 [main] INFO  http.HttpServer2 (HttpServer2.java:addGlobalFilter(975)) - Added global filter 'safety' (class=org.apache.hadoop.http.HttpServer2$QuotingInputFilter)
2019-10-17 19:45:37,546 [main] INFO  http.HttpServer2 (HttpServer2.java:addFilter(948)) - Added filter static_user_filter (class=org.apache.hadoop.http.lib.StaticUserWebFilter$StaticUserFilter) to context hddsDatanode
2019-10-17 19:45:37,546 [main] INFO  http.HttpServer2 (HttpServer2.java:addFilter(958)) - Added filter static_user_filter (class=org.apache.hadoop.http.lib.StaticUserWebFilter$StaticUserFilter) to context static
2019-10-17 19:45:37,546 [main] INFO  http.HttpServer2 (HttpServer2.java:addFilter(958)) - Added filter static_user_filter (class=org.apache.hadoop.http.lib.StaticUserWebFilter$StaticUserFilter) to context logs
2019-10-17 19:45:37,547 [main] INFO  http.HttpServer2 (HttpServer2.java:bindListener(1191)) - Jetty bound to port 41432
2019-10-17 19:45:37,548 [main] INFO  server.Server (Server.java:doStart(351)) - jetty-9.3.25.v20180904, build timestamp: 2018-09-04T21:11:46Z, git hash: 3ce520221d0240229c862b122d2b06c12a625732
2019-10-17 19:45:37,551 [main] INFO  handler.ContextHandler (ContextHandler.java:doStart(781)) - Started o.e.j.s.ServletContextHandler@5b3a7ef5{/logs,file:///workdir/hadoop-ozone/integration-test/target/log,AVAILABLE}
2019-10-17 19:45:37,552 [main] INFO  handler.ContextHandler (ContextHandler.java:doStart(781)) - Started o.e.j.s.ServletContextHandler@2d9dff65{/static,jar:file:/home/user/.m2/repository/org/apache/hadoop/hadoop-hdds-container-service/0.5.0-SNAPSHOT/hadoop-hdds-container-service-0.5.0-SNAPSHOT.jar!/webapps/static,AVAILABLE}
2019-10-17 19:45:37,591 [main] INFO  handler.ContextHandler (ContextHandler.java:doStart(781)) - Started o.e.j.w.WebAppContext@1b1f5012{/,file:///tmp/jetty-0.0.0.0-41432-hddsDatanode-_-any-4809203822407412038.dir/webapp/,AVAILABLE}{/hddsDatanode}
2019-10-17 19:45:37,592 [main] INFO  server.AbstractConnector (AbstractConnector.java:doStart(278)) - Started ServerConnector@7add323c{HTTP/1.1,[http/1.1]}{0.0.0.0:41432}
2019-10-17 19:45:37,592 [main] INFO  server.Server (Server.java:doStart(419)) - Started @5490ms
2019-10-17 19:45:37,592 [main] WARN  impl.MetricsSystemImpl (MetricsSystemImpl.java:register(276)) - Sink prometheus already exists!
2019-10-17 19:45:37,594 [main] INFO  server.BaseHttpServer (BaseHttpServer.java:updateConnectorAddress(215)) - HTTP server of HDDSDATANODE is listening at http://0.0.0.0:41432
2019-10-17 19:45:37,595 [main] INFO  impl.MetricsSystemImpl (MetricsSystemImpl.java:init(158)) - HddsDatanode metrics system started (again)
2019-10-17 19:45:37,598 [org.apache.hadoop.util.JvmPauseMonitor$Monitor@20c753de] INFO  util.JvmPauseMonitor (JvmPauseMonitor.java:run(188)) - Starting JVM pause monitor
2019-10-17 19:45:37,598 [main] INFO  ozone.HddsDatanodeService (HddsDatanodeService.java:start(184)) - HddsDatanodeService host:pr-hdds-1868-s6sc9-3720172378 ip:192.168.164.201
2019-10-17 19:45:37,609 [main] INFO  volume.HddsVolume (HddsVolume.java:<init>(176)) - Creating Volume: /workdir/hadoop-ozone/integration-test/target/test-dir/MiniOzoneClusterImpl-020edf65-e88b-4f0c-8058-f5c4b9bdd7d8/datanode-2/data/containers/hdds of  storage type : DISK and capacity : 1482555576320
2019-10-17 19:45:37,609 [main] INFO  volume.VolumeSet (VolumeSet.java:initializeVolumeSet(170)) - Added Volume : /workdir/hadoop-ozone/integration-test/target/test-dir/MiniOzoneClusterImpl-020edf65-e88b-4f0c-8058-f5c4b9bdd7d8/datanode-2/data/containers/hdds to VolumeSet
2019-10-17 19:45:37,610 [main] INFO  volume.ThrottledAsyncChecker (ThrottledAsyncChecker.java:schedule(141)) - Scheduling a check for /workdir/hadoop-ozone/integration-test/target/test-dir/MiniOzoneClusterImpl-020edf65-e88b-4f0c-8058-f5c4b9bdd7d8/datanode-2/data/containers/hdds
2019-10-17 19:45:37,611 [main] INFO  volume.HddsVolumeChecker (HddsVolumeChecker.java:checkAllVolumes(204)) - Scheduled health check for volume /workdir/hadoop-ozone/integration-test/target/test-dir/MiniOzoneClusterImpl-020edf65-e88b-4f0c-8058-f5c4b9bdd7d8/datanode-2/data/containers/hdds
2019-10-17 19:45:37,624 [Datanode State Machine Thread - 0] INFO  datanode.InitDatanodeState (InitDatanodeState.java:persistContainerDatanodeDetails(140)) - DatanodeDetails is persisted to /workdir/hadoop-ozone/integration-test/target/test-dir/MiniOzoneClusterImpl-020edf65-e88b-4f0c-8058-f5c4b9bdd7d8/datanode-0/meta/datanode.id
2019-10-17 19:45:37,628 [Datanode State Machine Thread - 0] INFO  datanode.InitDatanodeState (InitDatanodeState.java:persistContainerDatanodeDetails(140)) - DatanodeDetails is persisted to /workdir/hadoop-ozone/integration-test/target/test-dir/MiniOzoneClusterImpl-020edf65-e88b-4f0c-8058-f5c4b9bdd7d8/datanode-1/meta/datanode.id
2019-10-17 19:45:37,633 [main] INFO  impl.RaftServerProxy (ConfUtils.java:logGet(43)) - raft.rpc.type = GRPC (default)
2019-10-17 19:45:37,633 [main] INFO  grpc.GrpcFactory (GrpcFactory.java:checkPooledByteBufAllocatorUseCacheForAllThreads(45)) - PERFORMANCE WARNING: useCacheForAllThreads is true that may cause Netty to create a lot garbage objects and, as a result, trigger GC.
	It is recommended to disable useCacheForAllThreads by setting -Dorg.apache.ratis.thirdparty.io.netty.allocator.useCacheForAllThreads=false in command line.
2019-10-17 19:45:37,634 [main] INFO  grpc.GrpcConfigKeys$Server (ConfUtils.java:logGet(43)) - raft.grpc.server.port = 0 (default)
2019-10-17 19:45:37,634 [main] INFO  server.GrpcService (ConfUtils.java:logGet(43)) - raft.grpc.message.size.max = 33570816 (custom)
2019-10-17 19:45:37,634 [main] INFO  server.RaftServerConfigKeys (ConfUtils.java:logGet(43)) - raft.server.log.appender.buffer.byte-limit = 33554432 (custom)
2019-10-17 19:45:37,634 [main] INFO  server.GrpcService (ConfUtils.java:logGet(43)) - raft.grpc.flow.control.window = 1MB (=1048576) (default)
2019-10-17 19:45:37,635 [main] INFO  server.RaftServerConfigKeys (ConfUtils.java:logGet(43)) - raft.server.rpc.request.timeout = 3000ms (default)
2019-10-17 19:45:37,636 [main] INFO  server.RaftServerConfigKeys (ConfUtils.java:logGet(43)) - raft.server.storage.dir = [/workdir/hadoop-ozone/integration-test/target/test-dir/MiniOzoneClusterImpl-020edf65-e88b-4f0c-8058-f5c4b9bdd7d8/datanode-2/data/ratis] (custom)
2019-10-17 19:45:37,638 [main] INFO  hdfs.DFSUtil (DFSUtil.java:httpServerTemplateForNNAndJN(1641)) - Starting Web-server for hddsDatanode at: http://0.0.0.0:0
2019-10-17 19:45:37,641 [main] INFO  server.AuthenticationFilter (AuthenticationFilter.java:constructSecretProvider(240)) - Unable to initialize FileSignerSecretProvider, falling back to use random secrets.
2019-10-17 19:45:37,641 [main] WARN  http.HttpRequestLog (HttpRequestLog.java:getRequestLog(97)) - Jetty request log can only be enabled using Log4j
2019-10-17 19:45:37,644 [main] INFO  http.HttpServer2 (HttpServer2.java:addGlobalFilter(975)) - Added global filter 'safety' (class=org.apache.hadoop.http.HttpServer2$QuotingInputFilter)
2019-10-17 19:45:37,645 [main] INFO  http.HttpServer2 (HttpServer2.java:addFilter(948)) - Added filter static_user_filter (class=org.apache.hadoop.http.lib.StaticUserWebFilter$StaticUserFilter) to context hddsDatanode
2019-10-17 19:45:37,645 [main] INFO  http.HttpServer2 (HttpServer2.java:addFilter(958)) - Added filter static_user_filter (class=org.apache.hadoop.http.lib.StaticUserWebFilter$StaticUserFilter) to context static
2019-10-17 19:45:37,646 [main] INFO  http.HttpServer2 (HttpServer2.java:addFilter(958)) - Added filter static_user_filter (class=org.apache.hadoop.http.lib.StaticUserWebFilter$StaticUserFilter) to context logs
2019-10-17 19:45:37,647 [main] INFO  http.HttpServer2 (HttpServer2.java:bindListener(1191)) - Jetty bound to port 36397
2019-10-17 19:45:37,647 [main] INFO  server.Server (Server.java:doStart(351)) - jetty-9.3.25.v20180904, build timestamp: 2018-09-04T21:11:46Z, git hash: 3ce520221d0240229c862b122d2b06c12a625732
2019-10-17 19:45:37,650 [main] INFO  handler.ContextHandler (ContextHandler.java:doStart(781)) - Started o.e.j.s.ServletContextHandler@558756be{/logs,file:///workdir/hadoop-ozone/integration-test/target/log,AVAILABLE}
2019-10-17 19:45:37,651 [main] INFO  handler.ContextHandler (ContextHandler.java:doStart(781)) - Started o.e.j.s.ServletContextHandler@6d1dcdff{/static,jar:file:/home/user/.m2/repository/org/apache/hadoop/hadoop-hdds-container-service/0.5.0-SNAPSHOT/hadoop-hdds-container-service-0.5.0-SNAPSHOT.jar!/webapps/static,AVAILABLE}
2019-10-17 19:45:37,690 [main] INFO  handler.ContextHandler (ContextHandler.java:doStart(781)) - Started o.e.j.w.WebAppContext@3c5dbdf8{/,file:///tmp/jetty-0.0.0.0-36397-hddsDatanode-_-any-924330263862544566.dir/webapp/,AVAILABLE}{/hddsDatanode}
2019-10-17 19:45:37,691 [main] INFO  server.AbstractConnector (AbstractConnector.java:doStart(278)) - Started ServerConnector@352c44a8{HTTP/1.1,[http/1.1]}{0.0.0.0:36397}
2019-10-17 19:45:37,691 [main] INFO  server.Server (Server.java:doStart(419)) - Started @5590ms
2019-10-17 19:45:37,692 [main] WARN  impl.MetricsSystemImpl (MetricsSystemImpl.java:register(276)) - Sink prometheus already exists!
2019-10-17 19:45:37,693 [main] INFO  server.BaseHttpServer (BaseHttpServer.java:updateConnectorAddress(215)) - HTTP server of HDDSDATANODE is listening at http://0.0.0.0:36397
2019-10-17 19:45:37,696 [main] INFO  ozone.MiniOzoneClusterImpl (MiniOzoneClusterImpl.java:lambda$waitForClusterToBeReady$2(172)) - Waiting for cluster to be ready. Got 0 of 3 DN Heartbeats.
2019-10-17 19:45:37,697 [org.apache.hadoop.util.JvmPauseMonitor$Monitor@3dc0e274] INFO  util.JvmPauseMonitor (JvmPauseMonitor.java:run(188)) - Starting JVM pause monitor
2019-10-17 19:45:37,700 [Datanode State Machine Thread - 0] INFO  datanode.InitDatanodeState (InitDatanodeState.java:persistContainerDatanodeDetails(140)) - DatanodeDetails is persisted to /workdir/hadoop-ozone/integration-test/target/test-dir/MiniOzoneClusterImpl-020edf65-e88b-4f0c-8058-f5c4b9bdd7d8/datanode-2/meta/datanode.id
2019-10-17 19:45:38,696 [main] INFO  ozone.MiniOzoneClusterImpl (MiniOzoneClusterImpl.java:lambda$waitForClusterToBeReady$2(172)) - Waiting for cluster to be ready. Got 0 of 3 DN Heartbeats.
2019-10-17 19:45:39,596 [Datanode State Machine Thread - 0] INFO  ozoneimpl.OzoneContainer (OzoneContainer.java:start(213)) - Attempting to start container services.
2019-10-17 19:45:39,599 [Datanode State Machine Thread - 0] INFO  ozoneimpl.OzoneContainer (OzoneContainer.java:startContainerScrub(177)) - Background container scanner has been disabled.
2019-10-17 19:45:39,600 [Datanode State Machine Thread - 0] INFO  ratis.XceiverServerRatis (XceiverServerRatis.java:start(425)) - Starting XceiverServerRatis 5fa7c213-d229-4dfb-b48e-377c0ca33348 at port 0
2019-10-17 19:45:39,627 [Datanode State Machine Thread - 0] INFO  impl.RaftServerProxy (RaftServerProxy.java:lambda$start$3(299)) - 5fa7c213-d229-4dfb-b48e-377c0ca33348: start RPC server
2019-10-17 19:45:39,628 [Datanode State Machine Thread - 0] INFO  ozoneimpl.OzoneContainer (OzoneContainer.java:start(213)) - Attempting to start container services.
2019-10-17 19:45:39,634 [Datanode State Machine Thread - 0] INFO  ozoneimpl.OzoneContainer (OzoneContainer.java:startContainerScrub(177)) - Background container scanner has been disabled.
2019-10-17 19:45:39,635 [Datanode State Machine Thread - 0] INFO  ratis.XceiverServerRatis (XceiverServerRatis.java:start(425)) - Starting XceiverServerRatis fa049fba-12b8-4e17-ac2d-38ea71bdd2ce at port 0
2019-10-17 19:45:39,650 [Datanode State Machine Thread - 0] INFO  impl.RaftServerProxy (RaftServerProxy.java:lambda$start$3(299)) - fa049fba-12b8-4e17-ac2d-38ea71bdd2ce: start RPC server
2019-10-17 19:45:39,697 [main] INFO  ozone.MiniOzoneClusterImpl (MiniOzoneClusterImpl.java:lambda$waitForClusterToBeReady$2(172)) - Waiting for cluster to be ready. Got 0 of 3 DN Heartbeats.
2019-10-17 19:45:39,721 [Datanode State Machine Thread - 0] INFO  ozoneimpl.OzoneContainer (OzoneContainer.java:start(213)) - Attempting to start container services.
2019-10-17 19:45:39,723 [Datanode State Machine Thread - 0] INFO  ozoneimpl.OzoneContainer (OzoneContainer.java:startContainerScrub(177)) - Background container scanner has been disabled.
2019-10-17 19:45:39,723 [Datanode State Machine Thread - 0] INFO  ratis.XceiverServerRatis (XceiverServerRatis.java:start(425)) - Starting XceiverServerRatis 32a164c3-8bb9-4158-a4d7-ada9eb729037 at port 0
2019-10-17 19:45:39,733 [Datanode State Machine Thread - 0] INFO  impl.RaftServerProxy (RaftServerProxy.java:lambda$start$3(299)) - 32a164c3-8bb9-4158-a4d7-ada9eb729037: start RPC server
2019-10-17 19:45:39,772 [Datanode State Machine Thread - 0] INFO  server.GrpcService (GrpcService.java:startImpl(158)) - 32a164c3-8bb9-4158-a4d7-ada9eb729037: GrpcService started, listening on 0.0.0.0/0.0.0.0:42866
2019-10-17 19:45:39,772 [Datanode State Machine Thread - 0] INFO  server.GrpcService (GrpcService.java:startImpl(158)) - 5fa7c213-d229-4dfb-b48e-377c0ca33348: GrpcService started, listening on 0.0.0.0/0.0.0.0:37765
2019-10-17 19:45:39,773 [Datanode State Machine Thread - 0] INFO  ratis.XceiverServerRatis (XceiverServerRatis.java:start(435)) - XceiverServerRatis 32a164c3-8bb9-4158-a4d7-ada9eb729037 is started using port 42866
2019-10-17 19:45:39,772 [Datanode State Machine Thread - 0] INFO  server.GrpcService (GrpcService.java:startImpl(158)) - fa049fba-12b8-4e17-ac2d-38ea71bdd2ce: GrpcService started, listening on 0.0.0.0/0.0.0.0:41821
2019-10-17 19:45:39,773 [Datanode State Machine Thread - 0] INFO  ratis.XceiverServerRatis (XceiverServerRatis.java:start(435)) - XceiverServerRatis 5fa7c213-d229-4dfb-b48e-377c0ca33348 is started using port 37765
2019-10-17 19:45:39,774 [Datanode State Machine Thread - 0] INFO  ratis.XceiverServerRatis (XceiverServerRatis.java:start(435)) - XceiverServerRatis fa049fba-12b8-4e17-ac2d-38ea71bdd2ce is started using port 41821
2019-10-17 19:45:39,780 [Datanode State Machine Thread - 0] INFO  server.XceiverServerGrpc (XceiverServerGrpc.java:start(149)) - XceiverServerGrpc 32a164c3-8bb9-4158-a4d7-ada9eb729037 is started using port 38745
2019-10-17 19:45:39,780 [Datanode State Machine Thread - 0] INFO  server.XceiverServerGrpc (XceiverServerGrpc.java:start(149)) - XceiverServerGrpc 5fa7c213-d229-4dfb-b48e-377c0ca33348 is started using port 32913
2019-10-17 19:45:39,780 [Datanode State Machine Thread - 0] INFO  server.XceiverServerGrpc (XceiverServerGrpc.java:start(149)) - XceiverServerGrpc fa049fba-12b8-4e17-ac2d-38ea71bdd2ce is started using port 39378
2019-10-17 19:45:40,698 [main] INFO  ozone.MiniOzoneClusterImpl (MiniOzoneClusterImpl.java:lambda$waitForClusterToBeReady$2(172)) - Waiting for cluster to be ready. Got 0 of 3 DN Heartbeats.
2019-10-17 19:45:41,552 [IPC Server handler 0 on 37898] INFO  net.NetworkTopology (NetworkTopologyImpl.java:add(111)) - Added a new node: /default-rack/5fa7c213-d229-4dfb-b48e-377c0ca33348
2019-10-17 19:45:41,553 [IPC Server handler 0 on 37898] INFO  node.SCMNodeManager (SCMNodeManager.java:register(268)) - Registered Data node : 5fa7c213-d229-4dfb-b48e-377c0ca33348{ip: 192.168.164.201, host: pr-hdds-1868-s6sc9-3720172378, networkLocation: /default-rack, certSerialId: null}
2019-10-17 19:45:41,557 [EventQueue-NodeRegistrationContainerReportForDataNodeSafeModeRule] INFO  safemode.SCMSafeModeManager (DataNodeSafeModeRule.java:process(71)) - SCM in safe mode. 1 DataNodes registered, 1 required.
2019-10-17 19:45:41,557 [EventQueue-NodeRegistrationContainerReportForDataNodeSafeModeRule] INFO  safemode.SCMSafeModeManager (SCMSafeModeManager.java:validateSafeModeExitRules(177)) - ScmSafeModeManager, all rules are successfully validated
2019-10-17 19:45:41,557 [EventQueue-NodeRegistrationContainerReportForDataNodeSafeModeRule] INFO  safemode.SCMSafeModeManager (SCMSafeModeManager.java:exitSafeMode(193)) - SCM exiting safe mode.
2019-10-17 19:45:41,602 [IPC Server handler 2 on 37898] INFO  net.NetworkTopology (NetworkTopologyImpl.java:add(111)) - Added a new node: /default-rack/fa049fba-12b8-4e17-ac2d-38ea71bdd2ce
2019-10-17 19:45:41,603 [IPC Server handler 2 on 37898] INFO  node.SCMNodeManager (SCMNodeManager.java:register(268)) - Registered Data node : fa049fba-12b8-4e17-ac2d-38ea71bdd2ce{ip: 192.168.164.201, host: pr-hdds-1868-s6sc9-3720172378, networkLocation: /default-rack, certSerialId: null}
2019-10-17 19:45:41,700 [IPC Server handler 1 on 37898] INFO  net.NetworkTopology (NetworkTopologyImpl.java:add(111)) - Added a new node: /default-rack/32a164c3-8bb9-4158-a4d7-ada9eb729037
2019-10-17 19:45:41,701 [IPC Server handler 1 on 37898] INFO  node.SCMNodeManager (SCMNodeManager.java:register(268)) - Registered Data node : 32a164c3-8bb9-4158-a4d7-ada9eb729037{ip: 192.168.164.201, host: pr-hdds-1868-s6sc9-3720172378, networkLocation: /default-rack, certSerialId: null}
2019-10-17 19:45:42,087 [grpc-default-executor-0] INFO  impl.RaftServerProxy (RaftServerProxy.java:addNew(89)) - 5fa7c213-d229-4dfb-b48e-377c0ca33348: addNew group-FB26ADE11D98:[5fa7c213-d229-4dfb-b48e-377c0ca33348:192.168.164.201:37765] returns group-FB26ADE11D98:java.util.concurrent.CompletableFuture@5abecdb0[Not completed]
2019-10-17 19:45:42,105 [pool-27-thread-1] INFO  impl.RaftServerImpl (RaftServerImpl.java:<init>(104)) - 5fa7c213-d229-4dfb-b48e-377c0ca33348: new RaftServerImpl for group-FB26ADE11D98:[5fa7c213-d229-4dfb-b48e-377c0ca33348:192.168.164.201:37765] with ContainerStateMachine:uninitialized
2019-10-17 19:45:42,108 [pool-27-thread-1] INFO  server.RaftServerConfigKeys (ConfUtils.java:logGet(43)) - raft.server.rpc.timeout.min = 5s (custom)
2019-10-17 19:45:42,109 [pool-27-thread-1] INFO  server.RaftServerConfigKeys (ConfUtils.java:logGet(43)) - raft.server.rpc.timeout.max = 5200ms (custom)
2019-10-17 19:45:42,109 [pool-27-thread-1] INFO  server.RaftServerConfigKeys (ConfUtils.java:logGet(43)) - raft.server.rpcslowness.timeout = 1000s (custom)
2019-10-17 19:45:42,110 [pool-27-thread-1] INFO  server.RaftServerConfigKeys (ConfUtils.java:logGet(43)) - raft.server.sleep.deviation.threshold = 300 (default)
2019-10-17 19:45:42,111 [pool-27-thread-1] INFO  server.RaftServerConfigKeys (ConfUtils.java:logGet(43)) - raft.server.log.appender.install.snapshot.enabled = false (custom)
2019-10-17 19:45:42,121 [pool-27-thread-1] INFO  impl.RaftServerImpl (ServerState.java:<init>(103)) - 5fa7c213-d229-4dfb-b48e-377c0ca33348@group-FB26ADE11D98: ConfigurationManager, init=-1: [5fa7c213-d229-4dfb-b48e-377c0ca33348:192.168.164.201:37765], old=null, confs=<EMPTY_MAP>
2019-10-17 19:45:42,121 [pool-27-thread-1] INFO  server.RaftServerConfigKeys (ConfUtils.java:logGet(43)) - raft.server.storage.dir = [/workdir/hadoop-ozone/integration-test/target/test-dir/MiniOzoneClusterImpl-020edf65-e88b-4f0c-8058-f5c4b9bdd7d8/datanode-0/data/ratis] (custom)
2019-10-17 19:45:42,129 [pool-27-thread-1] INFO  server.RaftServerConfigKeys (ConfUtils.java:logGet(43)) - raft.server.log.corruption.policy = EXCEPTION (default)
2019-10-17 19:45:42,131 [pool-27-thread-1] INFO  storage.RaftStorageDirectory (RaftStorageDirectory.java:analyzeStorage(246)) - The storage directory /workdir/hadoop-ozone/integration-test/target/test-dir/MiniOzoneClusterImpl-020edf65-e88b-4f0c-8058-f5c4b9bdd7d8/datanode-0/data/ratis/fe8eb713-7759-4418-a77f-fb26ade11d98 does not exist. Creating ...
2019-10-17 19:45:42,169 [pool-27-thread-1] INFO  storage.RaftStorageDirectory (RaftStorageDirectory.java:tryLock(328)) - Lock on /workdir/hadoop-ozone/integration-test/target/test-dir/MiniOzoneClusterImpl-020edf65-e88b-4f0c-8058-f5c4b9bdd7d8/datanode-0/data/ratis/fe8eb713-7759-4418-a77f-fb26ade11d98/in_use.lock acquired by nodename 1125@pr-hdds-1868-s6sc9-3720172378
2019-10-17 19:45:42,188 [pool-27-thread-1] INFO  storage.RaftStorage (RaftStorage.java:format(84)) - Storage directory /workdir/hadoop-ozone/integration-test/target/test-dir/MiniOzoneClusterImpl-020edf65-e88b-4f0c-8058-f5c4b9bdd7d8/datanode-0/data/ratis/fe8eb713-7759-4418-a77f-fb26ade11d98 has been successfully formatted.
2019-10-17 19:45:42,192 [pool-27-thread-1] INFO  ratis.ContainerStateMachine (ContainerStateMachine.java:loadSnapshot(233)) - group-FB26ADE11D98: The snapshot info is null. Setting the last applied indexto:(t:0, i:~)
2019-10-17 19:45:42,192 [pool-27-thread-1] INFO  server.RaftServerConfigKeys (ConfUtils.java:logGet(43)) - raft.server.notification.no-leader.timeout = 1000s (custom)
2019-10-17 19:45:42,195 [pool-27-thread-1] INFO  server.RaftServerConfigKeys (ConfUtils.java:logGet(43)) - raft.server.log.use.memory = false (default)
2019-10-17 19:45:42,203 [pool-27-thread-1] INFO  server.RaftServerConfigKeys (ConfUtils.java:logGet(43)) - raft.server.log.purge.gap = 1000000 (custom)
2019-10-17 19:45:42,203 [pool-27-thread-1] INFO  server.RaftServerConfigKeys (ConfUtils.java:logGet(43)) - raft.server.log.appender.buffer.byte-limit = 33554432 (custom)
2019-10-17 19:45:42,207 [pool-27-thread-1] INFO  server.RaftServerConfigKeys (ConfUtils.java:logGet(43)) - raft.server.log.segment.size.max = 1048576 (custom)
2019-10-17 19:45:42,209 [pool-27-thread-1] INFO  impl.MetricsSystemImpl (MetricsSystemImpl.java:init(158)) - ratis metrics system started (again)
2019-10-17 19:45:42,215 [pool-27-thread-1] INFO  metrics.MetricRegistries (MetricRegistriesLoader.java:load(64)) - Loaded MetricRegistries class org.apache.ratis.metrics.impl.MetricRegistriesImpl
2019-10-17 19:45:42,266 [pool-27-thread-1] INFO  server.RaftServerConfigKeys (ConfUtils.java:logGet(43)) - raft.server.log.segment.cache.num.max = 2 (custom)
2019-10-17 19:45:42,272 [pool-27-thread-1] INFO  segmented.SegmentedRaftLogWorker (SegmentedRaftLogWorker.java:<init>(173)) - new 5fa7c213-d229-4dfb-b48e-377c0ca33348@group-FB26ADE11D98-SegmentedRaftLogWorker for RaftStorage:Storage Directory /workdir/hadoop-ozone/integration-test/target/test-dir/MiniOzoneClusterImpl-020edf65-e88b-4f0c-8058-f5c4b9bdd7d8/datanode-0/data/ratis/fe8eb713-7759-4418-a77f-fb26ade11d98
2019-10-17 19:45:42,272 [pool-27-thread-1] INFO  server.RaftServerConfigKeys (ConfUtils.java:logGet(43)) - raft.server.log.queue.byte-limit = 2147483647 (custom)
2019-10-17 19:45:42,273 [pool-27-thread-1] INFO  server.RaftServerConfigKeys (ConfUtils.java:logGet(43)) - raft.server.log.queue.element-limit = 1024 (custom)
2019-10-17 19:45:42,274 [pool-27-thread-1] INFO  server.RaftServerConfigKeys (ConfUtils.java:logGet(43)) - raft.server.log.segment.size.max = 1048576 (custom)
2019-10-17 19:45:42,275 [pool-27-thread-1] INFO  server.RaftServerConfigKeys (ConfUtils.java:logGet(43)) - raft.server.log.preallocated.size = 16384 (custom)
2019-10-17 19:45:42,275 [pool-27-thread-1] INFO  server.RaftServerConfigKeys (ConfUtils.java:logGet(43)) - raft.server.log.write.buffer.size = 33554432 (custom)
2019-10-17 19:45:42,276 [pool-27-thread-1] INFO  server.RaftServerConfigKeys (ConfUtils.java:logGet(43)) - raft.server.log.force.sync.num = 128 (default)
2019-10-17 19:45:42,277 [pool-27-thread-1] INFO  server.RaftServerConfigKeys (ConfUtils.java:logGet(43)) - raft.server.log.statemachine.data.sync = true (default)
2019-10-17 19:45:42,277 [pool-27-thread-1] INFO  server.RaftServerConfigKeys (ConfUtils.java:logGet(43)) - raft.server.log.statemachine.data.sync.timeout = 10s (default)
2019-10-17 19:45:42,278 [pool-27-thread-1] INFO  server.RaftServerConfigKeys (ConfUtils.java:logGet(43)) - raft.server.log.statemachine.data.sync.timeout.retry = -1 (default)
2019-10-17 19:45:42,290 [pool-27-thread-1] INFO  server.RaftServerConfigKeys (ConfUtils.java:logGet(43)) - raft.server.log.statemachine.data.caching.enabled = true (custom)
2019-10-17 19:45:42,295 [pool-27-thread-1] INFO  segmented.SegmentedRaftLogWorker (SegmentedRaftLogWorker.java:lambda$new$0(128)) - 5fa7c213-d229-4dfb-b48e-377c0ca33348@group-FB26ADE11D98-SegmentedRaftLogWorker: flushIndex: setUnconditionally 0 -> -1
2019-10-17 19:45:42,299 [pool-27-thread-1] INFO  server.RaftServerConfigKeys (ConfUtils.java:logGet(43)) - raft.server.snapshot.auto.trigger.enabled = true (custom)
2019-10-17 19:45:42,300 [pool-27-thread-1] INFO  server.RaftServerConfigKeys (ConfUtils.java:logGet(43)) - raft.server.snapshot.auto.trigger.threshold = 10000 (custom)
2019-10-17 19:45:42,300 [pool-27-thread-1] INFO  server.RaftServerConfigKeys (ConfUtils.java:logGet(43)) - raft.server.snapshot.retention.file.num = 5 (custom)
2019-10-17 19:45:42,301 [pool-27-thread-1] INFO  server.RaftServerConfigKeys (ConfUtils.java:logGet(43)) - raft.server.retrycache.expirytime = 600000ms (custom)
2019-10-17 19:45:42,328 [pool-27-thread-1] INFO  impl.RaftServerImpl (RaftServerImpl.java:start(195)) - 5fa7c213-d229-4dfb-b48e-377c0ca33348@group-FB26ADE11D98: start as a follower, conf=-1: [5fa7c213-d229-4dfb-b48e-377c0ca33348:192.168.164.201:37765], old=null
2019-10-17 19:45:42,329 [pool-27-thread-1] INFO  impl.RaftServerImpl (RaftServerImpl.java:setRole(184)) - 5fa7c213-d229-4dfb-b48e-377c0ca33348@group-FB26ADE11D98: changes role from      null to FOLLOWER at term 0 for startAsFollower
2019-10-17 19:45:42,330 [pool-27-thread-1] INFO  impl.RoleInfo (RoleInfo.java:updateAndGet(143)) - 5fa7c213-d229-4dfb-b48e-377c0ca33348: start FollowerState
2019-10-17 19:45:42,332 [pool-27-thread-1] INFO  util.JmxRegister (JmxRegister.java:tryRegister(44)) - Successfully registered JMX Bean with object name Ratis:service=RaftServer,group=group-FB26ADE11D98,id=5fa7c213-d229-4dfb-b48e-377c0ca33348
2019-10-17 19:45:42,399 [RatisPipelineUtilsThread] INFO  pipeline.PipelineStateManager (PipelineStateManager.java:addPipeline(55)) - Created pipeline Pipeline[ Id: fe8eb713-7759-4418-a77f-fb26ade11d98, Nodes: 5fa7c213-d229-4dfb-b48e-377c0ca33348{ip: 192.168.164.201, host: pr-hdds-1868-s6sc9-3720172378, networkLocation: /default-rack, certSerialId: null}, Type:RATIS, Factor:ONE, State:ALLOCATED]
2019-10-17 19:45:42,416 [grpc-default-executor-0] INFO  impl.RaftServerProxy (RaftServerProxy.java:addNew(89)) - fa049fba-12b8-4e17-ac2d-38ea71bdd2ce: addNew group-3C0887F5F5A1:[fa049fba-12b8-4e17-ac2d-38ea71bdd2ce:192.168.164.201:41821] returns group-3C0887F5F5A1:java.util.concurrent.CompletableFuture@3192ba7a[Not completed]
2019-10-17 19:45:42,429 [Thread-186] INFO  impl.FollowerState (FollowerState.java:run(108)) - 5fa7c213-d229-4dfb-b48e-377c0ca33348@group-FB26ADE11D98-FollowerState: change to CANDIDATE, lastRpcTime:92ms, electionTimeout:91ms
2019-10-17 19:45:42,437 [pool-37-thread-1] INFO  impl.RaftServerImpl (RaftServerImpl.java:<init>(104)) - fa049fba-12b8-4e17-ac2d-38ea71bdd2ce: new RaftServerImpl for group-3C0887F5F5A1:[fa049fba-12b8-4e17-ac2d-38ea71bdd2ce:192.168.164.201:41821] with ContainerStateMachine:uninitialized
2019-10-17 19:45:42,439 [pool-37-thread-1] INFO  server.RaftServerConfigKeys (ConfUtils.java:logGet(43)) - raft.server.rpc.timeout.min = 5s (custom)
2019-10-17 19:45:42,439 [pool-37-thread-1] INFO  server.RaftServerConfigKeys (ConfUtils.java:logGet(43)) - raft.server.rpc.timeout.max = 5200ms (custom)
2019-10-17 19:45:42,439 [pool-37-thread-1] INFO  server.RaftServerConfigKeys (ConfUtils.java:logGet(43)) - raft.server.rpcslowness.timeout = 1000s (custom)
2019-10-17 19:45:42,439 [pool-37-thread-1] INFO  server.RaftServerConfigKeys (ConfUtils.java:logGet(43)) - raft.server.sleep.deviation.threshold = 300 (default)
2019-10-17 19:45:42,439 [pool-37-thread-1] INFO  server.RaftServerConfigKeys (ConfUtils.java:logGet(43)) - raft.server.log.appender.install.snapshot.enabled = false (custom)
2019-10-17 19:45:42,440 [Thread-186] INFO  impl.RoleInfo (RoleInfo.java:shutdownFollowerState(121)) - 5fa7c213-d229-4dfb-b48e-377c0ca33348: shutdown FollowerState
2019-10-17 19:45:42,440 [pool-37-thread-1] INFO  impl.RaftServerImpl (ServerState.java:<init>(103)) - fa049fba-12b8-4e17-ac2d-38ea71bdd2ce@group-3C0887F5F5A1: ConfigurationManager, init=-1: [fa049fba-12b8-4e17-ac2d-38ea71bdd2ce:192.168.164.201:41821], old=null, confs=<EMPTY_MAP>
2019-10-17 19:45:42,440 [Thread-186] INFO  impl.RaftServerImpl (RaftServerImpl.java:setRole(184)) - 5fa7c213-d229-4dfb-b48e-377c0ca33348@group-FB26ADE11D98: changes role from  FOLLOWER to CANDIDATE at term 0 for changeToCandidate
2019-10-17 19:45:42,441 [pool-37-thread-1] INFO  server.RaftServerConfigKeys (ConfUtils.java:logGet(43)) - raft.server.storage.dir = [/workdir/hadoop-ozone/integration-test/target/test-dir/MiniOzoneClusterImpl-020edf65-e88b-4f0c-8058-f5c4b9bdd7d8/datanode-1/data/ratis] (custom)
2019-10-17 19:45:42,441 [pool-37-thread-1] INFO  server.RaftServerConfigKeys (ConfUtils.java:logGet(43)) - raft.server.log.corruption.policy = EXCEPTION (default)
2019-10-17 19:45:42,441 [pool-37-thread-1] INFO  storage.RaftStorageDirectory (RaftStorageDirectory.java:analyzeStorage(246)) - The storage directory /workdir/hadoop-ozone/integration-test/target/test-dir/MiniOzoneClusterImpl-020edf65-e88b-4f0c-8058-f5c4b9bdd7d8/datanode-1/data/ratis/fba87ff4-8184-4970-898d-3c0887f5f5a1 does not exist. Creating ...
2019-10-17 19:45:42,445 [Thread-186] INFO  impl.RoleInfo (RoleInfo.java:updateAndGet(143)) - 5fa7c213-d229-4dfb-b48e-377c0ca33348: start LeaderElection
2019-10-17 19:45:42,467 [pool-37-thread-1] INFO  storage.RaftStorageDirectory (RaftStorageDirectory.java:tryLock(328)) - Lock on /workdir/hadoop-ozone/integration-test/target/test-dir/MiniOzoneClusterImpl-020edf65-e88b-4f0c-8058-f5c4b9bdd7d8/datanode-1/data/ratis/fba87ff4-8184-4970-898d-3c0887f5f5a1/in_use.lock acquired by nodename 1125@pr-hdds-1868-s6sc9-3720172378
2019-10-17 19:45:42,468 [5fa7c213-d229-4dfb-b48e-377c0ca33348@group-FB26ADE11D98-LeaderElection1] INFO  impl.LeaderElection (LeaderElection.java:askForVotes(178)) - 5fa7c213-d229-4dfb-b48e-377c0ca33348@group-FB26ADE11D98-LeaderElection1: begin an election at term 1 for -1: [5fa7c213-d229-4dfb-b48e-377c0ca33348:192.168.164.201:37765], old=null
2019-10-17 19:45:42,469 [5fa7c213-d229-4dfb-b48e-377c0ca33348@group-FB26ADE11D98-LeaderElection1] INFO  impl.RoleInfo (RoleInfo.java:shutdownLeaderElection(134)) - 5fa7c213-d229-4dfb-b48e-377c0ca33348: shutdown LeaderElection
2019-10-17 19:45:42,470 [5fa7c213-d229-4dfb-b48e-377c0ca33348@group-FB26ADE11D98-LeaderElection1] INFO  impl.RaftServerImpl (RaftServerImpl.java:setRole(184)) - 5fa7c213-d229-4dfb-b48e-377c0ca33348@group-FB26ADE11D98: changes role from CANDIDATE to LEADER at term 1 for changeToLeader
2019-10-17 19:45:42,470 [5fa7c213-d229-4dfb-b48e-377c0ca33348@group-FB26ADE11D98-LeaderElection1] INFO  ratis.XceiverServerRatis (XceiverServerRatis.java:handleLeaderChangedNotification(700)) - Leader change notification received for group: group-FB26ADE11D98 with new leaderId: 5fa7c213-d229-4dfb-b48e-377c0ca33348
2019-10-17 19:45:42,474 [5fa7c213-d229-4dfb-b48e-377c0ca33348@group-FB26ADE11D98-LeaderElection1] INFO  impl.RaftServerImpl (ServerState.java:setLeader(256)) - 5fa7c213-d229-4dfb-b48e-377c0ca33348@group-FB26ADE11D98: change Leader from null to 5fa7c213-d229-4dfb-b48e-377c0ca33348 at term 1 for becomeLeader, leader elected after 278ms
2019-10-17 19:45:42,480 [5fa7c213-d229-4dfb-b48e-377c0ca33348@group-FB26ADE11D98-LeaderElection1] INFO  server.RaftServerConfigKeys (ConfUtils.java:logGet(43)) - raft.server.staging.catchup.gap = 1000 (default)
2019-10-17 19:45:42,481 [5fa7c213-d229-4dfb-b48e-377c0ca33348@group-FB26ADE11D98-LeaderElection1] INFO  server.RaftServerConfigKeys (ConfUtils.java:logGet(43)) - raft.server.rpc.sleep.time = 25ms (default)
2019-10-17 19:45:42,486 [5fa7c213-d229-4dfb-b48e-377c0ca33348@group-FB26ADE11D98-LeaderElection1] INFO  server.RaftServerConfigKeys (ConfUtils.java:logGet(43)) - raft.server.write.element-limit = 4096 (default)
2019-10-17 19:45:42,489 [5fa7c213-d229-4dfb-b48e-377c0ca33348@group-FB26ADE11D98-LeaderElection1] INFO  server.RaftServerConfigKeys (ConfUtils.java:logGet(43)) - raft.server.watch.timeout = 10s (default)
2019-10-17 19:45:42,489 [5fa7c213-d229-4dfb-b48e-377c0ca33348@group-FB26ADE11D98-LeaderElection1] INFO  server.RaftServerConfigKeys (ConfUtils.java:logGet(43)) - raft.server.watch.timeout.denomination = 1s (default)
2019-10-17 19:45:42,490 [5fa7c213-d229-4dfb-b48e-377c0ca33348@group-FB26ADE11D98-LeaderElection1] INFO  server.RaftServerConfigKeys (ConfUtils.java:logGet(43)) - raft.server.watch.element-limit = 65536 (default)
2019-10-17 19:45:42,490 [pool-37-thread-1] INFO  storage.RaftStorage (RaftStorage.java:format(84)) - Storage directory /workdir/hadoop-ozone/integration-test/target/test-dir/MiniOzoneClusterImpl-020edf65-e88b-4f0c-8058-f5c4b9bdd7d8/datanode-1/data/ratis/fba87ff4-8184-4970-898d-3c0887f5f5a1 has been successfully formatted.
2019-10-17 19:45:42,492 [pool-37-thread-1] INFO  ratis.ContainerStateMachine (ContainerStateMachine.java:loadSnapshot(233)) - group-3C0887F5F5A1: The snapshot info is null. Setting the last applied indexto:(t:0, i:~)
2019-10-17 19:45:42,493 [pool-37-thread-1] INFO  server.RaftServerConfigKeys (ConfUtils.java:logGet(43)) - raft.server.notification.no-leader.timeout = 1000s (custom)
2019-10-17 19:45:42,493 [pool-37-thread-1] INFO  server.RaftServerConfigKeys (ConfUtils.java:logGet(43)) - raft.server.log.use.memory = false (default)
2019-10-17 19:45:42,494 [pool-37-thread-1] INFO  server.RaftServerConfigKeys (ConfUtils.java:logGet(43)) - raft.server.log.purge.gap = 1000000 (custom)
2019-10-17 19:45:42,494 [pool-37-thread-1] INFO  server.RaftServerConfigKeys (ConfUtils.java:logGet(43)) - raft.server.log.appender.buffer.byte-limit = 33554432 (custom)
2019-10-17 19:45:42,494 [pool-37-thread-1] INFO  server.RaftServerConfigKeys (ConfUtils.java:logGet(43)) - raft.server.log.segment.size.max = 1048576 (custom)
2019-10-17 19:45:42,529 [pool-37-thread-1] INFO  server.RaftServerConfigKeys (ConfUtils.java:logGet(43)) - raft.server.log.segment.cache.num.max = 2 (custom)
2019-10-17 19:45:42,529 [pool-37-thread-1] INFO  segmented.SegmentedRaftLogWorker (SegmentedRaftLogWorker.java:<init>(173)) - new fa049fba-12b8-4e17-ac2d-38ea71bdd2ce@group-3C0887F5F5A1-SegmentedRaftLogWorker for RaftStorage:Storage Directory /workdir/hadoop-ozone/integration-test/target/test-dir/MiniOzoneClusterImpl-020edf65-e88b-4f0c-8058-f5c4b9bdd7d8/datanode-1/data/ratis/fba87ff4-8184-4970-898d-3c0887f5f5a1
2019-10-17 19:45:42,530 [pool-37-thread-1] INFO  server.RaftServerConfigKeys (ConfUtils.java:logGet(43)) - raft.server.log.queue.byte-limit = 2147483647 (custom)
2019-10-17 19:45:42,530 [pool-37-thread-1] INFO  server.RaftServerConfigKeys (ConfUtils.java:logGet(43)) - raft.server.log.queue.element-limit = 1024 (custom)
2019-10-17 19:45:42,530 [pool-37-thread-1] INFO  server.RaftServerConfigKeys (ConfUtils.java:logGet(43)) - raft.server.log.segment.size.max = 1048576 (custom)
2019-10-17 19:45:42,531 [pool-37-thread-1] INFO  server.RaftServerConfigKeys (ConfUtils.java:logGet(43)) - raft.server.log.preallocated.size = 16384 (custom)
2019-10-17 19:45:42,531 [pool-37-thread-1] INFO  server.RaftServerConfigKeys (ConfUtils.java:logGet(43)) - raft.server.log.write.buffer.size = 33554432 (custom)
2019-10-17 19:45:42,532 [pool-37-thread-1] INFO  server.RaftServerConfigKeys (ConfUtils.java:logGet(43)) - raft.server.log.force.sync.num = 128 (default)
2019-10-17 19:45:42,532 [pool-37-thread-1] INFO  server.RaftServerConfigKeys (ConfUtils.java:logGet(43)) - raft.server.log.statemachine.data.sync = true (default)
2019-10-17 19:45:42,532 [pool-37-thread-1] INFO  server.RaftServerConfigKeys (ConfUtils.java:logGet(43)) - raft.server.log.statemachine.data.sync.timeout = 10s (default)
2019-10-17 19:45:42,532 [pool-37-thread-1] INFO  server.RaftServerConfigKeys (ConfUtils.java:logGet(43)) - raft.server.log.statemachine.data.sync.timeout.retry = -1 (default)
2019-10-17 19:45:42,533 [pool-37-thread-1] INFO  server.RaftServerConfigKeys (ConfUtils.java:logGet(43)) - raft.server.log.statemachine.data.caching.enabled = true (custom)
2019-10-17 19:45:42,534 [pool-37-thread-1] INFO  segmented.SegmentedRaftLogWorker (SegmentedRaftLogWorker.java:lambda$new$0(128)) - fa049fba-12b8-4e17-ac2d-38ea71bdd2ce@group-3C0887F5F5A1-SegmentedRaftLogWorker: flushIndex: setUnconditionally 0 -> -1
2019-10-17 19:45:42,534 [pool-37-thread-1] INFO  server.RaftServerConfigKeys (ConfUtils.java:logGet(43)) - raft.server.snapshot.auto.trigger.enabled = true (custom)
2019-10-17 19:45:42,534 [pool-37-thread-1] INFO  server.RaftServerConfigKeys (ConfUtils.java:logGet(43)) - raft.server.snapshot.auto.trigger.threshold = 10000 (custom)
2019-10-17 19:45:42,534 [pool-37-thread-1] INFO  server.RaftServerConfigKeys (ConfUtils.java:logGet(43)) - raft.server.snapshot.retention.file.num = 5 (custom)
2019-10-17 19:45:42,534 [pool-37-thread-1] INFO  server.RaftServerConfigKeys (ConfUtils.java:logGet(43)) - raft.server.retrycache.expirytime = 600000ms (custom)
2019-10-17 19:45:42,539 [5fa7c213-d229-4dfb-b48e-377c0ca33348@group-FB26ADE11D98-LeaderElection1] INFO  impl.RoleInfo (RoleInfo.java:updateAndGet(143)) - 5fa7c213-d229-4dfb-b48e-377c0ca33348: start LeaderState
2019-10-17 19:45:42,544 [pool-37-thread-1] INFO  impl.RaftServerImpl (RaftServerImpl.java:start(195)) - fa049fba-12b8-4e17-ac2d-38ea71bdd2ce@group-3C0887F5F5A1: start as a follower, conf=-1: [fa049fba-12b8-4e17-ac2d-38ea71bdd2ce:192.168.164.201:41821], old=null
2019-10-17 19:45:42,544 [pool-37-thread-1] INFO  impl.RaftServerImpl (RaftServerImpl.java:setRole(184)) - fa049fba-12b8-4e17-ac2d-38ea71bdd2ce@group-3C0887F5F5A1: changes role from      null to FOLLOWER at term 0 for startAsFollower
2019-10-17 19:45:42,544 [pool-37-thread-1] INFO  impl.RoleInfo (RoleInfo.java:updateAndGet(143)) - fa049fba-12b8-4e17-ac2d-38ea71bdd2ce: start FollowerState
2019-10-17 19:45:42,545 [pool-37-thread-1] INFO  util.JmxRegister (JmxRegister.java:tryRegister(44)) - Successfully registered JMX Bean with object name Ratis:service=RaftServer,group=group-3C0887F5F5A1,id=fa049fba-12b8-4e17-ac2d-38ea71bdd2ce
2019-10-17 19:45:42,561 [RatisPipelineUtilsThread] INFO  pipeline.PipelineStateManager (PipelineStateManager.java:addPipeline(55)) - Created pipeline Pipeline[ Id: fba87ff4-8184-4970-898d-3c0887f5f5a1, Nodes: fa049fba-12b8-4e17-ac2d-38ea71bdd2ce{ip: 192.168.164.201, host: pr-hdds-1868-s6sc9-3720172378, networkLocation: /default-rack, certSerialId: null}, Type:RATIS, Factor:ONE, State:ALLOCATED]
2019-10-17 19:45:42,568 [5fa7c213-d229-4dfb-b48e-377c0ca33348@group-FB26ADE11D98-LeaderElection1] INFO  segmented.SegmentedRaftLogWorker (SegmentedRaftLogWorker.java:startLogSegment(385)) - 5fa7c213-d229-4dfb-b48e-377c0ca33348@group-FB26ADE11D98-SegmentedRaftLogWorker: Starting segment from index:0
2019-10-17 19:45:42,581 [grpc-default-executor-0] INFO  impl.RaftServerProxy (RaftServerProxy.java:addNew(89)) - 32a164c3-8bb9-4158-a4d7-ada9eb729037: addNew group-C535B6BE4F3C:[32a164c3-8bb9-4158-a4d7-ada9eb729037:192.168.164.201:42866] returns group-C535B6BE4F3C:java.util.concurrent.CompletableFuture@7dc5750a[Not completed]
2019-10-17 19:45:42,584 [pool-47-thread-1] INFO  impl.RaftServerImpl (RaftServerImpl.java:<init>(104)) - 32a164c3-8bb9-4158-a4d7-ada9eb729037: new RaftServerImpl for group-C535B6BE4F3C:[32a164c3-8bb9-4158-a4d7-ada9eb729037:192.168.164.201:42866] with ContainerStateMachine:uninitialized
2019-10-17 19:45:42,584 [pool-47-thread-1] INFO  server.RaftServerConfigKeys (ConfUtils.java:logGet(43)) - raft.server.rpc.timeout.min = 5s (custom)
2019-10-17 19:45:42,585 [pool-47-thread-1] INFO  server.RaftServerConfigKeys (ConfUtils.java:logGet(43)) - raft.server.rpc.timeout.max = 5200ms (custom)
2019-10-17 19:45:42,585 [pool-47-thread-1] INFO  server.RaftServerConfigKeys (ConfUtils.java:logGet(43)) - raft.server.rpcslowness.timeout = 1000s (custom)
2019-10-17 19:45:42,585 [pool-47-thread-1] INFO  server.RaftServerConfigKeys (ConfUtils.java:logGet(43)) - raft.server.sleep.deviation.threshold = 300 (default)
2019-10-17 19:45:42,585 [pool-47-thread-1] INFO  server.RaftServerConfigKeys (ConfUtils.java:logGet(43)) - raft.server.log.appender.install.snapshot.enabled = false (custom)
2019-10-17 19:45:42,585 [5fa7c213-d229-4dfb-b48e-377c0ca33348@group-FB26ADE11D98-LeaderElection1] INFO  impl.RaftServerImpl (ServerState.java:setRaftConf(357)) - 5fa7c213-d229-4dfb-b48e-377c0ca33348@group-FB26ADE11D98: set configuration 0: [5fa7c213-d229-4dfb-b48e-377c0ca33348:192.168.164.201:37765], old=null at 0
2019-10-17 19:45:42,585 [pool-47-thread-1] INFO  impl.RaftServerImpl (ServerState.java:<init>(103)) - 32a164c3-8bb9-4158-a4d7-ada9eb729037@group-C535B6BE4F3C: ConfigurationManager, init=-1: [32a164c3-8bb9-4158-a4d7-ada9eb729037:192.168.164.201:42866], old=null, confs=<EMPTY_MAP>
2019-10-17 19:45:42,586 [pool-47-thread-1] INFO  server.RaftServerConfigKeys (ConfUtils.java:logGet(43)) - raft.server.storage.dir = [/workdir/hadoop-ozone/integration-test/target/test-dir/MiniOzoneClusterImpl-020edf65-e88b-4f0c-8058-f5c4b9bdd7d8/datanode-2/data/ratis] (custom)
2019-10-17 19:45:42,587 [pool-47-thread-1] INFO  server.RaftServerConfigKeys (ConfUtils.java:logGet(43)) - raft.server.log.corruption.policy = EXCEPTION (default)
2019-10-17 19:45:42,587 [pool-47-thread-1] INFO  storage.RaftStorageDirectory (RaftStorageDirectory.java:analyzeStorage(246)) - The storage directory /workdir/hadoop-ozone/integration-test/target/test-dir/MiniOzoneClusterImpl-020edf65-e88b-4f0c-8058-f5c4b9bdd7d8/datanode-2/data/ratis/0c7b50ec-8218-4544-ab7a-c535b6be4f3c does not exist. Creating ...
2019-10-17 19:45:42,623 [pool-47-thread-1] INFO  storage.RaftStorageDirectory (RaftStorageDirectory.java:tryLock(328)) - Lock on /workdir/hadoop-ozone/integration-test/target/test-dir/MiniOzoneClusterImpl-020edf65-e88b-4f0c-8058-f5c4b9bdd7d8/datanode-2/data/ratis/0c7b50ec-8218-4544-ab7a-c535b6be4f3c/in_use.lock acquired by nodename 1125@pr-hdds-1868-s6sc9-3720172378
2019-10-17 19:45:42,648 [pool-47-thread-1] INFO  storage.RaftStorage (RaftStorage.java:format(84)) - Storage directory /workdir/hadoop-ozone/integration-test/target/test-dir/MiniOzoneClusterImpl-020edf65-e88b-4f0c-8058-f5c4b9bdd7d8/datanode-2/data/ratis/0c7b50ec-8218-4544-ab7a-c535b6be4f3c has been successfully formatted.
2019-10-17 19:45:42,649 [pool-47-thread-1] INFO  ratis.ContainerStateMachine (ContainerStateMachine.java:loadSnapshot(233)) - group-C535B6BE4F3C: The snapshot info is null. Setting the last applied indexto:(t:0, i:~)
2019-10-17 19:45:42,649 [pool-47-thread-1] INFO  server.RaftServerConfigKeys (ConfUtils.java:logGet(43)) - raft.server.notification.no-leader.timeout = 1000s (custom)
2019-10-17 19:45:42,649 [pool-47-thread-1] INFO  server.RaftServerConfigKeys (ConfUtils.java:logGet(43)) - raft.server.log.use.memory = false (default)
2019-10-17 19:45:42,650 [pool-47-thread-1] INFO  server.RaftServerConfigKeys (ConfUtils.java:logGet(43)) - raft.server.log.purge.gap = 1000000 (custom)
2019-10-17 19:45:42,650 [pool-47-thread-1] INFO  server.RaftServerConfigKeys (ConfUtils.java:logGet(43)) - raft.server.log.appender.buffer.byte-limit = 33554432 (custom)
2019-10-17 19:45:42,650 [pool-47-thread-1] INFO  server.RaftServerConfigKeys (ConfUtils.java:logGet(43)) - raft.server.log.segment.size.max = 1048576 (custom)
2019-10-17 19:45:42,655 [pool-47-thread-1] INFO  server.RaftServerConfigKeys (ConfUtils.java:logGet(43)) - raft.server.log.segment.cache.num.max = 2 (custom)
2019-10-17 19:45:42,655 [pool-47-thread-1] INFO  segmented.SegmentedRaftLogWorker (SegmentedRaftLogWorker.java:<init>(173)) - new 32a164c3-8bb9-4158-a4d7-ada9eb729037@group-C535B6BE4F3C-SegmentedRaftLogWorker for RaftStorage:Storage Directory /workdir/hadoop-ozone/integration-test/target/test-dir/MiniOzoneClusterImpl-020edf65-e88b-4f0c-8058-f5c4b9bdd7d8/datanode-2/data/ratis/0c7b50ec-8218-4544-ab7a-c535b6be4f3c
2019-10-17 19:45:42,655 [pool-47-thread-1] INFO  server.RaftServerConfigKeys (ConfUtils.java:logGet(43)) - raft.server.log.queue.byte-limit = 2147483647 (custom)
2019-10-17 19:45:42,655 [pool-47-thread-1] INFO  server.RaftServerConfigKeys (ConfUtils.java:logGet(43)) - raft.server.log.queue.element-limit = 1024 (custom)
2019-10-17 19:45:42,655 [pool-47-thread-1] INFO  server.RaftServerConfigKeys (ConfUtils.java:logGet(43)) - raft.server.log.segment.size.max = 1048576 (custom)
2019-10-17 19:45:42,656 [pool-47-thread-1] INFO  server.RaftServerConfigKeys (ConfUtils.java:logGet(43)) - raft.server.log.preallocated.size = 16384 (custom)
2019-10-17 19:45:42,656 [pool-47-thread-1] INFO  server.RaftServerConfigKeys (ConfUtils.java:logGet(43)) - raft.server.log.write.buffer.size = 33554432 (custom)
2019-10-17 19:45:42,656 [pool-47-thread-1] INFO  server.RaftServerConfigKeys (ConfUtils.java:logGet(43)) - raft.server.log.force.sync.num = 128 (default)
2019-10-17 19:45:42,656 [pool-47-thread-1] INFO  server.RaftServerConfigKeys (ConfUtils.java:logGet(43)) - raft.server.log.statemachine.data.sync = true (default)
2019-10-17 19:45:42,656 [pool-47-thread-1] INFO  server.RaftServerConfigKeys (ConfUtils.java:logGet(43)) - raft.server.log.statemachine.data.sync.timeout = 10s (default)
2019-10-17 19:45:42,656 [pool-47-thread-1] INFO  server.RaftServerConfigKeys (ConfUtils.java:logGet(43)) - raft.server.log.statemachine.data.sync.timeout.retry = -1 (default)
2019-10-17 19:45:42,657 [pool-47-thread-1] INFO  server.RaftServerConfigKeys (ConfUtils.java:logGet(43)) - raft.server.log.statemachine.data.caching.enabled = true (custom)
2019-10-17 19:45:42,658 [pool-47-thread-1] INFO  segmented.SegmentedRaftLogWorker (SegmentedRaftLogWorker.java:lambda$new$0(128)) - 32a164c3-8bb9-4158-a4d7-ada9eb729037@group-C535B6BE4F3C-SegmentedRaftLogWorker: flushIndex: setUnconditionally 0 -> -1
2019-10-17 19:45:42,658 [pool-47-thread-1] INFO  server.RaftServerConfigKeys (ConfUtils.java:logGet(43)) - raft.server.snapshot.auto.trigger.enabled = true (custom)
2019-10-17 19:45:42,658 [pool-47-thread-1] INFO  server.RaftServerConfigKeys (ConfUtils.java:logGet(43)) - raft.server.snapshot.auto.trigger.threshold = 10000 (custom)
2019-10-17 19:45:42,659 [pool-47-thread-1] INFO  server.RaftServerConfigKeys (ConfUtils.java:logGet(43)) - raft.server.snapshot.retention.file.num = 5 (custom)
2019-10-17 19:45:42,659 [pool-47-thread-1] INFO  server.RaftServerConfigKeys (ConfUtils.java:logGet(43)) - raft.server.retrycache.expirytime = 600000ms (custom)
2019-10-17 19:45:42,665 [pool-47-thread-1] INFO  impl.RaftServerImpl (RaftServerImpl.java:start(195)) - 32a164c3-8bb9-4158-a4d7-ada9eb729037@group-C535B6BE4F3C: start as a follower, conf=-1: [32a164c3-8bb9-4158-a4d7-ada9eb729037:192.168.164.201:42866], old=null
2019-10-17 19:45:42,666 [pool-47-thread-1] INFO  impl.RaftServerImpl (RaftServerImpl.java:setRole(184)) - 32a164c3-8bb9-4158-a4d7-ada9eb729037@group-C535B6BE4F3C: changes role from      null to FOLLOWER at term 0 for startAsFollower
2019-10-17 19:45:42,666 [pool-47-thread-1] INFO  impl.RoleInfo (RoleInfo.java:updateAndGet(143)) - 32a164c3-8bb9-4158-a4d7-ada9eb729037: start FollowerState
2019-10-17 19:45:42,667 [pool-47-thread-1] INFO  util.JmxRegister (JmxRegister.java:tryRegister(44)) - Successfully registered JMX Bean with object name Ratis:service=RaftServer,group=group-C535B6BE4F3C,id=32a164c3-8bb9-4158-a4d7-ada9eb729037
2019-10-17 19:45:42,682 [RatisPipelineUtilsThread] INFO  pipeline.PipelineStateManager (PipelineStateManager.java:addPipeline(55)) - Created pipeline Pipeline[ Id: 0c7b50ec-8218-4544-ab7a-c535b6be4f3c, Nodes: 32a164c3-8bb9-4158-a4d7-ada9eb729037{ip: 192.168.164.201, host: pr-hdds-1868-s6sc9-3720172378, networkLocation: /default-rack, certSerialId: null}, Type:RATIS, Factor:ONE, State:ALLOCATED]
2019-10-17 19:45:42,723 [grpc-default-executor-2] INFO  impl.RaftServerProxy (RaftServerProxy.java:addNew(89)) - 32a164c3-8bb9-4158-a4d7-ada9eb729037: addNew group-F90583895147:[32a164c3-8bb9-4158-a4d7-ada9eb729037:192.168.164.201:42866, 5fa7c213-d229-4dfb-b48e-377c0ca33348:192.168.164.201:37765, fa049fba-12b8-4e17-ac2d-38ea71bdd2ce:192.168.164.201:41821] returns group-F90583895147:java.util.concurrent.CompletableFuture@58df23c8[Not completed]
2019-10-17 19:45:42,723 [grpc-default-executor-1] INFO  impl.RaftServerProxy (RaftServerProxy.java:addNew(89)) - 5fa7c213-d229-4dfb-b48e-377c0ca33348: addNew group-F90583895147:[32a164c3-8bb9-4158-a4d7-ada9eb729037:192.168.164.201:42866, 5fa7c213-d229-4dfb-b48e-377c0ca33348:192.168.164.201:37765, fa049fba-12b8-4e17-ac2d-38ea71bdd2ce:192.168.164.201:41821] returns group-F90583895147:java.util.concurrent.CompletableFuture@32ee377f[Not completed]
2019-10-17 19:45:42,726 [grpc-default-executor-1] INFO  impl.RaftServerProxy (RaftServerProxy.java:addNew(89)) - fa049fba-12b8-4e17-ac2d-38ea71bdd2ce: addNew group-F90583895147:[32a164c3-8bb9-4158-a4d7-ada9eb729037:192.168.164.201:42866, 5fa7c213-d229-4dfb-b48e-377c0ca33348:192.168.164.201:37765, fa049fba-12b8-4e17-ac2d-38ea71bdd2ce:192.168.164.201:41821] returns group-F90583895147:java.util.concurrent.CompletableFuture@77ecaf46[Not completed]
2019-10-17 19:45:42,727 [pool-47-thread-1] INFO  impl.RaftServerImpl (RaftServerImpl.java:<init>(104)) - 32a164c3-8bb9-4158-a4d7-ada9eb729037: new RaftServerImpl for group-F90583895147:[32a164c3-8bb9-4158-a4d7-ada9eb729037:192.168.164.201:42866, 5fa7c213-d229-4dfb-b48e-377c0ca33348:192.168.164.201:37765, fa049fba-12b8-4e17-ac2d-38ea71bdd2ce:192.168.164.201:41821] with ContainerStateMachine:uninitialized
2019-10-17 19:45:42,727 [pool-47-thread-1] INFO  server.RaftServerConfigKeys (ConfUtils.java:logGet(43)) - raft.server.rpc.timeout.min = 5s (custom)
2019-10-17 19:45:42,727 [pool-47-thread-1] INFO  server.RaftServerConfigKeys (ConfUtils.java:logGet(43)) - raft.server.rpc.timeout.max = 5200ms (custom)
2019-10-17 19:45:42,727 [pool-47-thread-1] INFO  server.RaftServerConfigKeys (ConfUtils.java:logGet(43)) - raft.server.rpcslowness.timeout = 1000s (custom)
2019-10-17 19:45:42,728 [pool-47-thread-1] INFO  server.RaftServerConfigKeys (ConfUtils.java:logGet(43)) - raft.server.sleep.deviation.threshold = 300 (default)
2019-10-17 19:45:42,728 [Thread-194] INFO  impl.FollowerState (FollowerState.java:run(108)) - 32a164c3-8bb9-4158-a4d7-ada9eb729037@group-C535B6BE4F3C-FollowerState: change to CANDIDATE, lastRpcTime:61ms, electionTimeout:61ms
2019-10-17 19:45:42,729 [pool-37-thread-1] INFO  impl.RaftServerImpl (RaftServerImpl.java:<init>(104)) - fa049fba-12b8-4e17-ac2d-38ea71bdd2ce: new RaftServerImpl for group-F90583895147:[32a164c3-8bb9-4158-a4d7-ada9eb729037:192.168.164.201:42866, 5fa7c213-d229-4dfb-b48e-377c0ca33348:192.168.164.201:37765, fa049fba-12b8-4e17-ac2d-38ea71bdd2ce:192.168.164.201:41821] with ContainerStateMachine:uninitialized
2019-10-17 19:45:42,729 [pool-47-thread-1] INFO  server.RaftServerConfigKeys (ConfUtils.java:logGet(43)) - raft.server.log.appender.install.snapshot.enabled = false (custom)
2019-10-17 19:45:42,729 [Thread-194] INFO  impl.RoleInfo (RoleInfo.java:shutdownFollowerState(121)) - 32a164c3-8bb9-4158-a4d7-ada9eb729037: shutdown FollowerState
2019-10-17 19:45:42,729 [pool-37-thread-1] INFO  server.RaftServerConfigKeys (ConfUtils.java:logGet(43)) - raft.server.rpc.timeout.min = 5s (custom)
2019-10-17 19:45:42,729 [Thread-194] INFO  impl.RaftServerImpl (RaftServerImpl.java:setRole(184)) - 32a164c3-8bb9-4158-a4d7-ada9eb729037@group-C535B6BE4F3C: changes role from  FOLLOWER to CANDIDATE at term 0 for changeToCandidate
2019-10-17 19:45:42,729 [pool-47-thread-1] INFO  impl.RaftServerImpl (ServerState.java:<init>(103)) - 32a164c3-8bb9-4158-a4d7-ada9eb729037@group-F90583895147: ConfigurationManager, init=-1: [32a164c3-8bb9-4158-a4d7-ada9eb729037:192.168.164.201:42866, 5fa7c213-d229-4dfb-b48e-377c0ca33348:192.168.164.201:37765, fa049fba-12b8-4e17-ac2d-38ea71bdd2ce:192.168.164.201:41821], old=null, confs=<EMPTY_MAP>
2019-10-17 19:45:42,730 [pool-37-thread-1] INFO  server.RaftServerConfigKeys (ConfUtils.java:logGet(43)) - raft.server.rpc.timeout.max = 5200ms (custom)
2019-10-17 19:45:42,730 [Thread-194] INFO  impl.RoleInfo (RoleInfo.java:updateAndGet(143)) - 32a164c3-8bb9-4158-a4d7-ada9eb729037: start LeaderElection
2019-10-17 19:45:42,730 [pool-47-thread-1] INFO  server.RaftServerConfigKeys (ConfUtils.java:logGet(43)) - raft.server.storage.dir = [/workdir/hadoop-ozone/integration-test/target/test-dir/MiniOzoneClusterImpl-020edf65-e88b-4f0c-8058-f5c4b9bdd7d8/datanode-2/data/ratis] (custom)
2019-10-17 19:45:42,730 [pool-37-thread-1] INFO  server.RaftServerConfigKeys (ConfUtils.java:logGet(43)) - raft.server.rpcslowness.timeout = 1000s (custom)
2019-10-17 19:45:42,730 [pool-27-thread-1] INFO  impl.RaftServerImpl (RaftServerImpl.java:<init>(104)) - 5fa7c213-d229-4dfb-b48e-377c0ca33348: new RaftServerImpl for group-F90583895147:[32a164c3-8bb9-4158-a4d7-ada9eb729037:192.168.164.201:42866, 5fa7c213-d229-4dfb-b48e-377c0ca33348:192.168.164.201:37765, fa049fba-12b8-4e17-ac2d-38ea71bdd2ce:192.168.164.201:41821] with ContainerStateMachine:uninitialized
2019-10-17 19:45:42,730 [pool-37-thread-1] INFO  server.RaftServerConfigKeys (ConfUtils.java:logGet(43)) - raft.server.sleep.deviation.threshold = 300 (default)
2019-10-17 19:45:42,732 [pool-27-thread-1] INFO  server.RaftServerConfigKeys (ConfUtils.java:logGet(43)) - raft.server.rpc.timeout.min = 5s (custom)
2019-10-17 19:45:42,732 [pool-47-thread-1] INFO  server.RaftServerConfigKeys (ConfUtils.java:logGet(43)) - raft.server.log.corruption.policy = EXCEPTION (default)
2019-10-17 19:45:42,732 [pool-27-thread-1] INFO  server.RaftServerConfigKeys (ConfUtils.java:logGet(43)) - raft.server.rpc.timeout.max = 5200ms (custom)
2019-10-17 19:45:42,733 [pool-47-thread-1] INFO  storage.RaftStorageDirectory (RaftStorageDirectory.java:analyzeStorage(246)) - The storage directory /workdir/hadoop-ozone/integration-test/target/test-dir/MiniOzoneClusterImpl-020edf65-e88b-4f0c-8058-f5c4b9bdd7d8/datanode-2/data/ratis/a59471d8-95a8-4056-af37-f90583895147 does not exist. Creating ...
2019-10-17 19:45:42,732 [pool-37-thread-1] INFO  server.RaftServerConfigKeys (ConfUtils.java:logGet(43)) - raft.server.log.appender.install.snapshot.enabled = false (custom)
2019-10-17 19:45:42,733 [pool-27-thread-1] INFO  server.RaftServerConfigKeys (ConfUtils.java:logGet(43)) - raft.server.rpcslowness.timeout = 1000s (custom)
2019-10-17 19:45:42,733 [pool-37-thread-1] INFO  impl.RaftServerImpl (ServerState.java:<init>(103)) - fa049fba-12b8-4e17-ac2d-38ea71bdd2ce@group-F90583895147: ConfigurationManager, init=-1: [32a164c3-8bb9-4158-a4d7-ada9eb729037:192.168.164.201:42866, 5fa7c213-d229-4dfb-b48e-377c0ca33348:192.168.164.201:37765, fa049fba-12b8-4e17-ac2d-38ea71bdd2ce:192.168.164.201:41821], old=null, confs=<EMPTY_MAP>
2019-10-17 19:45:42,733 [pool-27-thread-1] INFO  server.RaftServerConfigKeys (ConfUtils.java:logGet(43)) - raft.server.sleep.deviation.threshold = 300 (default)
2019-10-17 19:45:42,734 [pool-37-thread-1] INFO  server.RaftServerConfigKeys (ConfUtils.java:logGet(43)) - raft.server.storage.dir = [/workdir/hadoop-ozone/integration-test/target/test-dir/MiniOzoneClusterImpl-020edf65-e88b-4f0c-8058-f5c4b9bdd7d8/datanode-1/data/ratis] (custom)
2019-10-17 19:45:42,734 [pool-27-thread-1] INFO  server.RaftServerConfigKeys (ConfUtils.java:logGet(43)) - raft.server.log.appender.install.snapshot.enabled = false (custom)
2019-10-17 19:45:42,734 [pool-37-thread-1] INFO  server.RaftServerConfigKeys (ConfUtils.java:logGet(43)) - raft.server.log.corruption.policy = EXCEPTION (default)
2019-10-17 19:45:42,734 [pool-27-thread-1] INFO  impl.RaftServerImpl (ServerState.java:<init>(103)) - 5fa7c213-d229-4dfb-b48e-377c0ca33348@group-F90583895147: ConfigurationManager, init=-1: [32a164c3-8bb9-4158-a4d7-ada9eb729037:192.168.164.201:42866, 5fa7c213-d229-4dfb-b48e-377c0ca33348:192.168.164.201:37765, fa049fba-12b8-4e17-ac2d-38ea71bdd2ce:192.168.164.201:41821], old=null, confs=<EMPTY_MAP>
2019-10-17 19:45:42,734 [pool-37-thread-1] INFO  storage.RaftStorageDirectory (RaftStorageDirectory.java:analyzeStorage(246)) - The storage directory /workdir/hadoop-ozone/integration-test/target/test-dir/MiniOzoneClusterImpl-020edf65-e88b-4f0c-8058-f5c4b9bdd7d8/datanode-1/data/ratis/a59471d8-95a8-4056-af37-f90583895147 does not exist. Creating ...
2019-10-17 19:45:42,734 [pool-27-thread-1] INFO  server.RaftServerConfigKeys (ConfUtils.java:logGet(43)) - raft.server.storage.dir = [/workdir/hadoop-ozone/integration-test/target/test-dir/MiniOzoneClusterImpl-020edf65-e88b-4f0c-8058-f5c4b9bdd7d8/datanode-0/data/ratis] (custom)
2019-10-17 19:45:42,735 [pool-27-thread-1] INFO  server.RaftServerConfigKeys (ConfUtils.java:logGet(43)) - raft.server.log.corruption.policy = EXCEPTION (default)
2019-10-17 19:45:42,735 [pool-27-thread-1] INFO  storage.RaftStorageDirectory (RaftStorageDirectory.java:analyzeStorage(246)) - The storage directory /workdir/hadoop-ozone/integration-test/target/test-dir/MiniOzoneClusterImpl-020edf65-e88b-4f0c-8058-f5c4b9bdd7d8/datanode-0/data/ratis/a59471d8-95a8-4056-af37-f90583895147 does not exist. Creating ...
2019-10-17 19:45:42,742 [Thread-191] INFO  impl.FollowerState (FollowerState.java:run(108)) - fa049fba-12b8-4e17-ac2d-38ea71bdd2ce@group-3C0887F5F5A1-FollowerState: change to CANDIDATE, lastRpcTime:197ms, electionTimeout:197ms
2019-10-17 19:45:42,742 [Thread-191] INFO  impl.RoleInfo (RoleInfo.java:shutdownFollowerState(121)) - fa049fba-12b8-4e17-ac2d-38ea71bdd2ce: shutdown FollowerState
2019-10-17 19:45:42,742 [Thread-191] INFO  impl.RaftServerImpl (RaftServerImpl.java:setRole(184)) - fa049fba-12b8-4e17-ac2d-38ea71bdd2ce@group-3C0887F5F5A1: changes role from  FOLLOWER to CANDIDATE at term 0 for changeToCandidate
2019-10-17 19:45:42,742 [Thread-191] INFO  impl.RoleInfo (RoleInfo.java:updateAndGet(143)) - fa049fba-12b8-4e17-ac2d-38ea71bdd2ce: start LeaderElection
2019-10-17 19:45:42,749 [pool-47-thread-1] INFO  storage.RaftStorageDirectory (RaftStorageDirectory.java:tryLock(328)) - Lock on /workdir/hadoop-ozone/integration-test/target/test-dir/MiniOzoneClusterImpl-020edf65-e88b-4f0c-8058-f5c4b9bdd7d8/datanode-2/data/ratis/a59471d8-95a8-4056-af37-f90583895147/in_use.lock acquired by nodename 1125@pr-hdds-1868-s6sc9-3720172378
2019-10-17 19:45:42,749 [pool-27-thread-1] INFO  storage.RaftStorageDirectory (RaftStorageDirectory.java:tryLock(328)) - Lock on /workdir/hadoop-ozone/integration-test/target/test-dir/MiniOzoneClusterImpl-020edf65-e88b-4f0c-8058-f5c4b9bdd7d8/datanode-0/data/ratis/a59471d8-95a8-4056-af37-f90583895147/in_use.lock acquired by nodename 1125@pr-hdds-1868-s6sc9-3720172378
2019-10-17 19:45:42,749 [pool-37-thread-1] INFO  storage.RaftStorageDirectory (RaftStorageDirectory.java:tryLock(328)) - Lock on /workdir/hadoop-ozone/integration-test/target/test-dir/MiniOzoneClusterImpl-020edf65-e88b-4f0c-8058-f5c4b9bdd7d8/datanode-1/data/ratis/a59471d8-95a8-4056-af37-f90583895147/in_use.lock acquired by nodename 1125@pr-hdds-1868-s6sc9-3720172378
2019-10-17 19:45:42,749 [32a164c3-8bb9-4158-a4d7-ada9eb729037@group-C535B6BE4F3C-LeaderElection2] INFO  impl.LeaderElection (LeaderElection.java:askForVotes(178)) - 32a164c3-8bb9-4158-a4d7-ada9eb729037@group-C535B6BE4F3C-LeaderElection2: begin an election at term 1 for -1: [32a164c3-8bb9-4158-a4d7-ada9eb729037:192.168.164.201:42866], old=null
2019-10-17 19:45:42,750 [32a164c3-8bb9-4158-a4d7-ada9eb729037@group-C535B6BE4F3C-LeaderElection2] INFO  impl.RoleInfo (RoleInfo.java:shutdownLeaderElection(134)) - 32a164c3-8bb9-4158-a4d7-ada9eb729037: shutdown LeaderElection
2019-10-17 19:45:42,751 [32a164c3-8bb9-4158-a4d7-ada9eb729037@group-C535B6BE4F3C-LeaderElection2] INFO  impl.RaftServerImpl (RaftServerImpl.java:setRole(184)) - 32a164c3-8bb9-4158-a4d7-ada9eb729037@group-C535B6BE4F3C: changes role from CANDIDATE to LEADER at term 1 for changeToLeader
2019-10-17 19:45:42,751 [32a164c3-8bb9-4158-a4d7-ada9eb729037@group-C535B6BE4F3C-LeaderElection2] INFO  ratis.XceiverServerRatis (XceiverServerRatis.java:handleLeaderChangedNotification(700)) - Leader change notification received for group: group-C535B6BE4F3C with new leaderId: 32a164c3-8bb9-4158-a4d7-ada9eb729037
2019-10-17 19:45:42,751 [32a164c3-8bb9-4158-a4d7-ada9eb729037@group-C535B6BE4F3C-LeaderElection2] INFO  impl.RaftServerImpl (ServerState.java:setLeader(256)) - 32a164c3-8bb9-4158-a4d7-ada9eb729037@group-C535B6BE4F3C: change Leader from null to 32a164c3-8bb9-4158-a4d7-ada9eb729037 at term 1 for becomeLeader, leader elected after 101ms
2019-10-17 19:45:42,751 [32a164c3-8bb9-4158-a4d7-ada9eb729037@group-C535B6BE4F3C-LeaderElection2] INFO  server.RaftServerConfigKeys (ConfUtils.java:logGet(43)) - raft.server.staging.catchup.gap = 1000 (default)
2019-10-17 19:45:42,752 [32a164c3-8bb9-4158-a4d7-ada9eb729037@group-C535B6BE4F3C-LeaderElection2] INFO  server.RaftServerConfigKeys (ConfUtils.java:logGet(43)) - raft.server.rpc.sleep.time = 25ms (default)
2019-10-17 19:45:42,752 [32a164c3-8bb9-4158-a4d7-ada9eb729037@group-C535B6BE4F3C-LeaderElection2] INFO  server.RaftServerConfigKeys (ConfUtils.java:logGet(43)) - raft.server.write.element-limit = 4096 (default)
2019-10-17 19:45:42,752 [32a164c3-8bb9-4158-a4d7-ada9eb729037@group-C535B6BE4F3C-LeaderElection2] INFO  server.RaftServerConfigKeys (ConfUtils.java:logGet(43)) - raft.server.watch.timeout = 10s (default)
2019-10-17 19:45:42,752 [32a164c3-8bb9-4158-a4d7-ada9eb729037@group-C535B6BE4F3C-LeaderElection2] INFO  server.RaftServerConfigKeys (ConfUtils.java:logGet(43)) - raft.server.watch.timeout.denomination = 1s (default)
2019-10-17 19:45:42,753 [32a164c3-8bb9-4158-a4d7-ada9eb729037@group-C535B6BE4F3C-LeaderElection2] INFO  server.RaftServerConfigKeys (ConfUtils.java:logGet(43)) - raft.server.watch.element-limit = 65536 (default)
2019-10-17 19:45:42,758 [32a164c3-8bb9-4158-a4d7-ada9eb729037@group-C535B6BE4F3C-LeaderElection2] INFO  impl.RoleInfo (RoleInfo.java:updateAndGet(143)) - 32a164c3-8bb9-4158-a4d7-ada9eb729037: start LeaderState
2019-10-17 19:45:42,758 [32a164c3-8bb9-4158-a4d7-ada9eb729037@group-C535B6BE4F3C-LeaderElection2] INFO  segmented.SegmentedRaftLogWorker (SegmentedRaftLogWorker.java:startLogSegment(385)) - 32a164c3-8bb9-4158-a4d7-ada9eb729037@group-C535B6BE4F3C-SegmentedRaftLogWorker: Starting segment from index:0
2019-10-17 19:45:42,759 [32a164c3-8bb9-4158-a4d7-ada9eb729037@group-C535B6BE4F3C-LeaderElection2] INFO  impl.RaftServerImpl (ServerState.java:setRaftConf(357)) - 32a164c3-8bb9-4158-a4d7-ada9eb729037@group-C535B6BE4F3C: set configuration 0: [32a164c3-8bb9-4158-a4d7-ada9eb729037:192.168.164.201:42866], old=null at 0
2019-10-17 19:45:42,766 [pool-47-thread-1] INFO  storage.RaftStorage (RaftStorage.java:format(84)) - Storage directory /workdir/hadoop-ozone/integration-test/target/test-dir/MiniOzoneClusterImpl-020edf65-e88b-4f0c-8058-f5c4b9bdd7d8/datanode-2/data/ratis/a59471d8-95a8-4056-af37-f90583895147 has been successfully formatted.
2019-10-17 19:45:42,766 [pool-37-thread-1] INFO  storage.RaftStorage (RaftStorage.java:format(84)) - Storage directory /workdir/hadoop-ozone/integration-test/target/test-dir/MiniOzoneClusterImpl-020edf65-e88b-4f0c-8058-f5c4b9bdd7d8/datanode-1/data/ratis/a59471d8-95a8-4056-af37-f90583895147 has been successfully formatted.
2019-10-17 19:45:42,767 [fa049fba-12b8-4e17-ac2d-38ea71bdd2ce@group-3C0887F5F5A1-LeaderElection3] INFO  impl.LeaderElection (LeaderElection.java:askForVotes(178)) - fa049fba-12b8-4e17-ac2d-38ea71bdd2ce@group-3C0887F5F5A1-LeaderElection3: begin an election at term 1 for -1: [fa049fba-12b8-4e17-ac2d-38ea71bdd2ce:192.168.164.201:41821], old=null
2019-10-17 19:45:42,766 [pool-27-thread-1] INFO  storage.RaftStorage (RaftStorage.java:format(84)) - Storage directory /workdir/hadoop-ozone/integration-test/target/test-dir/MiniOzoneClusterImpl-020edf65-e88b-4f0c-8058-f5c4b9bdd7d8/datanode-0/data/ratis/a59471d8-95a8-4056-af37-f90583895147 has been successfully formatted.
2019-10-17 19:45:42,767 [fa049fba-12b8-4e17-ac2d-38ea71bdd2ce@group-3C0887F5F5A1-LeaderElection3] INFO  impl.RoleInfo (RoleInfo.java:shutdownLeaderElection(134)) - fa049fba-12b8-4e17-ac2d-38ea71bdd2ce: shutdown LeaderElection
2019-10-17 19:45:42,767 [pool-37-thread-1] INFO  ratis.ContainerStateMachine (ContainerStateMachine.java:loadSnapshot(233)) - group-F90583895147: The snapshot info is null. Setting the last applied indexto:(t:0, i:~)
2019-10-17 19:45:42,767 [pool-47-thread-1] INFO  ratis.ContainerStateMachine (ContainerStateMachine.java:loadSnapshot(233)) - group-F90583895147: The snapshot info is null. Setting the last applied indexto:(t:0, i:~)
2019-10-17 19:45:42,767 [pool-37-thread-1] INFO  server.RaftServerConfigKeys (ConfUtils.java:logGet(43)) - raft.server.notification.no-leader.timeout = 1000s (custom)
2019-10-17 19:45:42,767 [fa049fba-12b8-4e17-ac2d-38ea71bdd2ce@group-3C0887F5F5A1-LeaderElection3] INFO  impl.RaftServerImpl (RaftServerImpl.java:setRole(184)) - fa049fba-12b8-4e17-ac2d-38ea71bdd2ce@group-3C0887F5F5A1: changes role from CANDIDATE to LEADER at term 1 for changeToLeader
2019-10-17 19:45:42,767 [pool-27-thread-1] INFO  ratis.ContainerStateMachine (ContainerStateMachine.java:loadSnapshot(233)) - group-F90583895147: The snapshot info is null. Setting the last applied indexto:(t:0, i:~)
2019-10-17 19:45:42,768 [fa049fba-12b8-4e17-ac2d-38ea71bdd2ce@group-3C0887F5F5A1-LeaderElection3] INFO  ratis.XceiverServerRatis (XceiverServerRatis.java:handleLeaderChangedNotification(700)) - Leader change notification received for group: group-3C0887F5F5A1 with new leaderId: fa049fba-12b8-4e17-ac2d-38ea71bdd2ce
2019-10-17 19:45:42,768 [pool-37-thread-1] INFO  server.RaftServerConfigKeys (ConfUtils.java:logGet(43)) - raft.server.log.use.memory = false (default)
2019-10-17 19:45:42,768 [pool-47-thread-1] INFO  server.RaftServerConfigKeys (ConfUtils.java:logGet(43)) - raft.server.notification.no-leader.timeout = 1000s (custom)
2019-10-17 19:45:42,768 [pool-37-thread-1] INFO  server.RaftServerConfigKeys (ConfUtils.java:logGet(43)) - raft.server.log.purge.gap = 1000000 (custom)
2019-10-17 19:45:42,768 [fa049fba-12b8-4e17-ac2d-38ea71bdd2ce@group-3C0887F5F5A1-LeaderElection3] INFO  impl.RaftServerImpl (ServerState.java:setLeader(256)) - fa049fba-12b8-4e17-ac2d-38ea71bdd2ce@group-3C0887F5F5A1: change Leader from null to fa049fba-12b8-4e17-ac2d-38ea71bdd2ce at term 1 for becomeLeader, leader elected after 274ms
2019-10-17 19:45:42,768 [pool-27-thread-1] INFO  server.RaftServerConfigKeys (ConfUtils.java:logGet(43)) - raft.server.notification.no-leader.timeout = 1000s (custom)
2019-10-17 19:45:42,769 [fa049fba-12b8-4e17-ac2d-38ea71bdd2ce@group-3C0887F5F5A1-LeaderElection3] INFO  server.RaftServerConfigKeys (ConfUtils.java:logGet(43)) - raft.server.staging.catchup.gap = 1000 (default)
2019-10-17 19:45:42,769 [pool-37-thread-1] INFO  server.RaftServerConfigKeys (ConfUtils.java:logGet(43)) - raft.server.log.appender.buffer.byte-limit = 33554432 (custom)
2019-10-17 19:45:42,768 [pool-47-thread-1] INFO  server.RaftServerConfigKeys (ConfUtils.java:logGet(43)) - raft.server.log.use.memory = false (default)
2019-10-17 19:45:42,769 [fa049fba-12b8-4e17-ac2d-38ea71bdd2ce@group-3C0887F5F5A1-LeaderElection3] INFO  server.RaftServerConfigKeys (ConfUtils.java:logGet(43)) - raft.server.rpc.sleep.time = 25ms (default)
2019-10-17 19:45:42,769 [pool-27-thread-1] INFO  server.RaftServerConfigKeys (ConfUtils.java:logGet(43)) - raft.server.log.use.memory = false (default)
2019-10-17 19:45:42,771 [fa049fba-12b8-4e17-ac2d-38ea71bdd2ce@group-3C0887F5F5A1-LeaderElection3] INFO  server.RaftServerConfigKeys (ConfUtils.java:logGet(43)) - raft.server.write.element-limit = 4096 (default)
2019-10-17 19:45:42,770 [pool-37-thread-1] INFO  server.RaftServerConfigKeys (ConfUtils.java:logGet(43)) - raft.server.log.segment.size.max = 1048576 (custom)
2019-10-17 19:45:42,770 [pool-47-thread-1] INFO  server.RaftServerConfigKeys (ConfUtils.java:logGet(43)) - raft.server.log.purge.gap = 1000000 (custom)
2019-10-17 19:45:42,771 [pool-37-thread-1] INFO  server.RaftServerConfigKeys (ConfUtils.java:logGet(43)) - raft.server.log.segment.cache.num.max = 2 (custom)
2019-10-17 19:45:42,771 [fa049fba-12b8-4e17-ac2d-38ea71bdd2ce@group-3C0887F5F5A1-LeaderElection3] INFO  server.RaftServerConfigKeys (ConfUtils.java:logGet(43)) - raft.server.watch.timeout = 10s (default)
2019-10-17 19:45:42,771 [pool-27-thread-1] INFO  server.RaftServerConfigKeys (ConfUtils.java:logGet(43)) - raft.server.log.purge.gap = 1000000 (custom)
2019-10-17 19:45:42,771 [fa049fba-12b8-4e17-ac2d-38ea71bdd2ce@group-3C0887F5F5A1-LeaderElection3] INFO  server.RaftServerConfigKeys (ConfUtils.java:logGet(43)) - raft.server.watch.timeout.denomination = 1s (default)
2019-10-17 19:45:42,771 [pool-37-thread-1] INFO  segmented.SegmentedRaftLogWorker (SegmentedRaftLogWorker.java:<init>(173)) - new fa049fba-12b8-4e17-ac2d-38ea71bdd2ce@group-F90583895147-SegmentedRaftLogWorker for RaftStorage:Storage Directory /workdir/hadoop-ozone/integration-test/target/test-dir/MiniOzoneClusterImpl-020edf65-e88b-4f0c-8058-f5c4b9bdd7d8/datanode-1/data/ratis/a59471d8-95a8-4056-af37-f90583895147
2019-10-17 19:45:42,771 [pool-47-thread-1] INFO  server.RaftServerConfigKeys (ConfUtils.java:logGet(43)) - raft.server.log.appender.buffer.byte-limit = 33554432 (custom)
2019-10-17 19:45:42,772 [pool-37-thread-1] INFO  server.RaftServerConfigKeys (ConfUtils.java:logGet(43)) - raft.server.log.queue.byte-limit = 2147483647 (custom)
2019-10-17 19:45:42,772 [fa049fba-12b8-4e17-ac2d-38ea71bdd2ce@group-3C0887F5F5A1-LeaderElection3] INFO  server.RaftServerConfigKeys (ConfUtils.java:logGet(43)) - raft.server.watch.element-limit = 65536 (default)
2019-10-17 19:45:42,772 [pool-27-thread-1] INFO  server.RaftServerConfigKeys (ConfUtils.java:logGet(43)) - raft.server.log.appender.buffer.byte-limit = 33554432 (custom)
2019-10-17 19:45:42,772 [pool-37-thread-1] INFO  server.RaftServerConfigKeys (ConfUtils.java:logGet(43)) - raft.server.log.queue.element-limit = 1024 (custom)
2019-10-17 19:45:42,772 [pool-47-thread-1] INFO  server.RaftServerConfigKeys (ConfUtils.java:logGet(43)) - raft.server.log.segment.size.max = 1048576 (custom)
2019-10-17 19:45:42,773 [pool-37-thread-1] INFO  server.RaftServerConfigKeys (ConfUtils.java:logGet(43)) - raft.server.log.segment.size.max = 1048576 (custom)
2019-10-17 19:45:42,773 [pool-27-thread-1] INFO  server.RaftServerConfigKeys (ConfUtils.java:logGet(43)) - raft.server.log.segment.size.max = 1048576 (custom)
2019-10-17 19:45:42,773 [pool-37-thread-1] INFO  server.RaftServerConfigKeys (ConfUtils.java:logGet(43)) - raft.server.log.preallocated.size = 16384 (custom)
2019-10-17 19:45:42,773 [pool-47-thread-1] INFO  server.RaftServerConfigKeys (ConfUtils.java:logGet(43)) - raft.server.log.segment.cache.num.max = 2 (custom)
2019-10-17 19:45:42,773 [pool-37-thread-1] INFO  server.RaftServerConfigKeys (ConfUtils.java:logGet(43)) - raft.server.log.write.buffer.size = 33554432 (custom)
2019-10-17 19:45:42,773 [pool-27-thread-1] INFO  server.RaftServerConfigKeys (ConfUtils.java:logGet(43)) - raft.server.log.segment.cache.num.max = 2 (custom)
2019-10-17 19:45:42,774 [pool-37-thread-1] INFO  server.RaftServerConfigKeys (ConfUtils.java:logGet(43)) - raft.server.log.force.sync.num = 128 (default)
2019-10-17 19:45:42,774 [pool-47-thread-1] INFO  segmented.SegmentedRaftLogWorker (SegmentedRaftLogWorker.java:<init>(173)) - new 32a164c3-8bb9-4158-a4d7-ada9eb729037@group-F90583895147-SegmentedRaftLogWorker for RaftStorage:Storage Directory /workdir/hadoop-ozone/integration-test/target/test-dir/MiniOzoneClusterImpl-020edf65-e88b-4f0c-8058-f5c4b9bdd7d8/datanode-2/data/ratis/a59471d8-95a8-4056-af37-f90583895147
2019-10-17 19:45:42,774 [pool-37-thread-1] INFO  server.RaftServerConfigKeys (ConfUtils.java:logGet(43)) - raft.server.log.statemachine.data.sync = true (default)
2019-10-17 19:45:42,774 [pool-27-thread-1] INFO  segmented.SegmentedRaftLogWorker (SegmentedRaftLogWorker.java:<init>(173)) - new 5fa7c213-d229-4dfb-b48e-377c0ca33348@group-F90583895147-SegmentedRaftLogWorker for RaftStorage:Storage Directory /workdir/hadoop-ozone/integration-test/target/test-dir/MiniOzoneClusterImpl-020edf65-e88b-4f0c-8058-f5c4b9bdd7d8/datanode-0/data/ratis/a59471d8-95a8-4056-af37-f90583895147
2019-10-17 19:45:42,774 [pool-37-thread-1] INFO  server.RaftServerConfigKeys (ConfUtils.java:logGet(43)) - raft.server.log.statemachine.data.sync.timeout = 10s (default)
2019-10-17 19:45:42,774 [pool-47-thread-1] INFO  server.RaftServerConfigKeys (ConfUtils.java:logGet(43)) - raft.server.log.queue.byte-limit = 2147483647 (custom)
2019-10-17 19:45:42,776 [pool-37-thread-1] INFO  server.RaftServerConfigKeys (ConfUtils.java:logGet(43)) - raft.server.log.statemachine.data.sync.timeout.retry = -1 (default)
2019-10-17 19:45:42,775 [pool-27-thread-1] INFO  server.RaftServerConfigKeys (ConfUtils.java:logGet(43)) - raft.server.log.queue.byte-limit = 2147483647 (custom)
2019-10-17 19:45:42,776 [pool-37-thread-1] INFO  server.RaftServerConfigKeys (ConfUtils.java:logGet(43)) - raft.server.log.statemachine.data.caching.enabled = true (custom)
2019-10-17 19:45:42,776 [pool-47-thread-1] INFO  server.RaftServerConfigKeys (ConfUtils.java:logGet(43)) - raft.server.log.queue.element-limit = 1024 (custom)
2019-10-17 19:45:42,776 [fa049fba-12b8-4e17-ac2d-38ea71bdd2ce@group-3C0887F5F5A1-LeaderElection3] INFO  impl.RoleInfo (RoleInfo.java:updateAndGet(143)) - fa049fba-12b8-4e17-ac2d-38ea71bdd2ce: start LeaderState
2019-10-17 19:45:42,777 [pool-37-thread-1] INFO  segmented.SegmentedRaftLogWorker (SegmentedRaftLogWorker.java:lambda$new$0(128)) - fa049fba-12b8-4e17-ac2d-38ea71bdd2ce@group-F90583895147-SegmentedRaftLogWorker: flushIndex: setUnconditionally 0 -> -1
2019-10-17 19:45:42,776 [pool-27-thread-1] INFO  server.RaftServerConfigKeys (ConfUtils.java:logGet(43)) - raft.server.log.queue.element-limit = 1024 (custom)
2019-10-17 19:45:42,777 [fa049fba-12b8-4e17-ac2d-38ea71bdd2ce@group-3C0887F5F5A1-LeaderElection3] INFO  segmented.SegmentedRaftLogWorker (SegmentedRaftLogWorker.java:startLogSegment(385)) - fa049fba-12b8-4e17-ac2d-38ea71bdd2ce@group-3C0887F5F5A1-SegmentedRaftLogWorker: Starting segment from index:0
2019-10-17 19:45:42,776 [pool-47-thread-1] INFO  server.RaftServerConfigKeys (ConfUtils.java:logGet(43)) - raft.server.log.segment.size.max = 1048576 (custom)
2019-10-17 19:45:42,777 [pool-37-thread-1] INFO  server.RaftServerConfigKeys (ConfUtils.java:logGet(43)) - raft.server.snapshot.auto.trigger.enabled = true (custom)
2019-10-17 19:45:42,777 [pool-27-thread-1] INFO  server.RaftServerConfigKeys (ConfUtils.java:logGet(43)) - raft.server.log.segment.size.max = 1048576 (custom)
2019-10-17 19:45:42,778 [pool-37-thread-1] INFO  server.RaftServerConfigKeys (ConfUtils.java:logGet(43)) - raft.server.snapshot.auto.trigger.threshold = 10000 (custom)
2019-10-17 19:45:42,777 [pool-47-thread-1] INFO  server.RaftServerConfigKeys (ConfUtils.java:logGet(43)) - raft.server.log.preallocated.size = 16384 (custom)
2019-10-17 19:45:42,778 [pool-37-thread-1] INFO  server.RaftServerConfigKeys (ConfUtils.java:logGet(43)) - raft.server.snapshot.retention.file.num = 5 (custom)
2019-10-17 19:45:42,778 [pool-47-thread-1] INFO  server.RaftServerConfigKeys (ConfUtils.java:logGet(43)) - raft.server.log.write.buffer.size = 33554432 (custom)
2019-10-17 19:45:42,778 [pool-27-thread-1] INFO  server.RaftServerConfigKeys (ConfUtils.java:logGet(43)) - raft.server.log.preallocated.size = 16384 (custom)
2019-10-17 19:45:42,778 [fa049fba-12b8-4e17-ac2d-38ea71bdd2ce@group-3C0887F5F5A1-LeaderElection3] INFO  impl.RaftServerImpl (ServerState.java:setRaftConf(357)) - fa049fba-12b8-4e17-ac2d-38ea71bdd2ce@group-3C0887F5F5A1: set configuration 0: [fa049fba-12b8-4e17-ac2d-38ea71bdd2ce:192.168.164.201:41821], old=null at 0
2019-10-17 19:45:42,778 [pool-27-thread-1] INFO  server.RaftServerConfigKeys (ConfUtils.java:logGet(43)) - raft.server.log.write.buffer.size = 33554432 (custom)
2019-10-17 19:45:42,779 [pool-27-thread-1] INFO  server.RaftServerConfigKeys (ConfUtils.java:logGet(43)) - raft.server.log.force.sync.num = 128 (default)
2019-10-17 19:45:42,778 [pool-37-thread-1] INFO  server.RaftServerConfigKeys (ConfUtils.java:logGet(43)) - raft.server.retrycache.expirytime = 600000ms (custom)
2019-10-17 19:45:42,778 [pool-47-thread-1] INFO  server.RaftServerConfigKeys (ConfUtils.java:logGet(43)) - raft.server.log.force.sync.num = 128 (default)
2019-10-17 19:45:42,780 [pool-27-thread-1] INFO  server.RaftServerConfigKeys (ConfUtils.java:logGet(43)) - raft.server.log.statemachine.data.sync = true (default)
2019-10-17 19:45:42,780 [pool-47-thread-1] INFO  server.RaftServerConfigKeys (ConfUtils.java:logGet(43)) - raft.server.log.statemachine.data.sync = true (default)
2019-10-17 19:45:42,780 [pool-27-thread-1] INFO  server.RaftServerConfigKeys (ConfUtils.java:logGet(43)) - raft.server.log.statemachine.data.sync.timeout = 10s (default)
2019-10-17 19:45:42,780 [pool-47-thread-1] INFO  server.RaftServerConfigKeys (ConfUtils.java:logGet(43)) - raft.server.log.statemachine.data.sync.timeout = 10s (default)
2019-10-17 19:45:42,780 [pool-27-thread-1] INFO  server.RaftServerConfigKeys (ConfUtils.java:logGet(43)) - raft.server.log.statemachine.data.sync.timeout.retry = -1 (default)
2019-10-17 19:45:42,781 [pool-47-thread-1] INFO  server.RaftServerConfigKeys (ConfUtils.java:logGet(43)) - raft.server.log.statemachine.data.sync.timeout.retry = -1 (default)
2019-10-17 19:45:42,781 [pool-47-thread-1] INFO  server.RaftServerConfigKeys (ConfUtils.java:logGet(43)) - raft.server.log.statemachine.data.caching.enabled = true (custom)
2019-10-17 19:45:42,781 [pool-27-thread-1] INFO  server.RaftServerConfigKeys (ConfUtils.java:logGet(43)) - raft.server.log.statemachine.data.caching.enabled = true (custom)
2019-10-17 19:45:42,781 [pool-47-thread-1] INFO  segmented.SegmentedRaftLogWorker (SegmentedRaftLogWorker.java:lambda$new$0(128)) - 32a164c3-8bb9-4158-a4d7-ada9eb729037@group-F90583895147-SegmentedRaftLogWorker: flushIndex: setUnconditionally 0 -> -1
2019-10-17 19:45:42,781 [pool-27-thread-1] INFO  segmented.SegmentedRaftLogWorker (SegmentedRaftLogWorker.java:lambda$new$0(128)) - 5fa7c213-d229-4dfb-b48e-377c0ca33348@group-F90583895147-SegmentedRaftLogWorker: flushIndex: setUnconditionally 0 -> -1
2019-10-17 19:45:42,782 [pool-47-thread-1] INFO  server.RaftServerConfigKeys (ConfUtils.java:logGet(43)) - raft.server.snapshot.auto.trigger.enabled = true (custom)
2019-10-17 19:45:42,782 [pool-47-thread-1] INFO  server.RaftServerConfigKeys (ConfUtils.java:logGet(43)) - raft.server.snapshot.auto.trigger.threshold = 10000 (custom)
2019-10-17 19:45:42,782 [pool-27-thread-1] INFO  server.RaftServerConfigKeys (ConfUtils.java:logGet(43)) - raft.server.snapshot.auto.trigger.enabled = true (custom)
2019-10-17 19:45:42,782 [pool-47-thread-1] INFO  server.RaftServerConfigKeys (ConfUtils.java:logGet(43)) - raft.server.snapshot.retention.file.num = 5 (custom)
2019-10-17 19:45:42,782 [pool-27-thread-1] INFO  server.RaftServerConfigKeys (ConfUtils.java:logGet(43)) - raft.server.snapshot.auto.trigger.threshold = 10000 (custom)
2019-10-17 19:45:42,782 [pool-47-thread-1] INFO  server.RaftServerConfigKeys (ConfUtils.java:logGet(43)) - raft.server.retrycache.expirytime = 600000ms (custom)
2019-10-17 19:45:42,782 [pool-27-thread-1] INFO  server.RaftServerConfigKeys (ConfUtils.java:logGet(43)) - raft.server.snapshot.retention.file.num = 5 (custom)
2019-10-17 19:45:42,783 [pool-27-thread-1] INFO  server.RaftServerConfigKeys (ConfUtils.java:logGet(43)) - raft.server.retrycache.expirytime = 600000ms (custom)
2019-10-17 19:45:42,783 [pool-37-thread-1] INFO  impl.RaftServerImpl (RaftServerImpl.java:start(195)) - fa049fba-12b8-4e17-ac2d-38ea71bdd2ce@group-F90583895147: start as a follower, conf=-1: [32a164c3-8bb9-4158-a4d7-ada9eb729037:192.168.164.201:42866, 5fa7c213-d229-4dfb-b48e-377c0ca33348:192.168.164.201:37765, fa049fba-12b8-4e17-ac2d-38ea71bdd2ce:192.168.164.201:41821], old=null
2019-10-17 19:45:42,783 [pool-37-thread-1] INFO  impl.RaftServerImpl (RaftServerImpl.java:setRole(184)) - fa049fba-12b8-4e17-ac2d-38ea71bdd2ce@group-F90583895147: changes role from      null to FOLLOWER at term 0 for startAsFollower
2019-10-17 19:45:42,784 [pool-37-thread-1] INFO  impl.RoleInfo (RoleInfo.java:updateAndGet(143)) - fa049fba-12b8-4e17-ac2d-38ea71bdd2ce: start FollowerState
2019-10-17 19:45:42,784 [pool-37-thread-1] INFO  util.JmxRegister (JmxRegister.java:tryRegister(44)) - Successfully registered JMX Bean with object name Ratis:service=RaftServer,group=group-F90583895147,id=fa049fba-12b8-4e17-ac2d-38ea71bdd2ce
2019-10-17 19:45:42,785 [pool-47-thread-1] INFO  impl.RaftServerImpl (RaftServerImpl.java:start(195)) - 32a164c3-8bb9-4158-a4d7-ada9eb729037@group-F90583895147: start as a follower, conf=-1: [32a164c3-8bb9-4158-a4d7-ada9eb729037:192.168.164.201:42866, 5fa7c213-d229-4dfb-b48e-377c0ca33348:192.168.164.201:37765, fa049fba-12b8-4e17-ac2d-38ea71bdd2ce:192.168.164.201:41821], old=null
2019-10-17 19:45:42,785 [pool-47-thread-1] INFO  impl.RaftServerImpl (RaftServerImpl.java:setRole(184)) - 32a164c3-8bb9-4158-a4d7-ada9eb729037@group-F90583895147: changes role from      null to FOLLOWER at term 0 for startAsFollower
2019-10-17 19:45:42,786 [pool-47-thread-1] INFO  impl.RoleInfo (RoleInfo.java:updateAndGet(143)) - 32a164c3-8bb9-4158-a4d7-ada9eb729037: start FollowerState
2019-10-17 19:45:42,786 [pool-27-thread-1] INFO  impl.RaftServerImpl (RaftServerImpl.java:start(195)) - 5fa7c213-d229-4dfb-b48e-377c0ca33348@group-F90583895147: start as a follower, conf=-1: [32a164c3-8bb9-4158-a4d7-ada9eb729037:192.168.164.201:42866, 5fa7c213-d229-4dfb-b48e-377c0ca33348:192.168.164.201:37765, fa049fba-12b8-4e17-ac2d-38ea71bdd2ce:192.168.164.201:41821], old=null
2019-10-17 19:45:42,786 [pool-27-thread-1] INFO  impl.RaftServerImpl (RaftServerImpl.java:setRole(184)) - 5fa7c213-d229-4dfb-b48e-377c0ca33348@group-F90583895147: changes role from      null to FOLLOWER at term 0 for startAsFollower
2019-10-17 19:45:42,786 [pool-47-thread-1] INFO  util.JmxRegister (JmxRegister.java:tryRegister(44)) - Successfully registered JMX Bean with object name Ratis:service=RaftServer,group=group-F90583895147,id=32a164c3-8bb9-4158-a4d7-ada9eb729037
2019-10-17 19:45:42,786 [pool-27-thread-1] INFO  impl.RoleInfo (RoleInfo.java:updateAndGet(143)) - 5fa7c213-d229-4dfb-b48e-377c0ca33348: start FollowerState
2019-10-17 19:45:42,787 [pool-27-thread-1] INFO  util.JmxRegister (JmxRegister.java:tryRegister(44)) - Successfully registered JMX Bean with object name Ratis:service=RaftServer,group=group-F90583895147,id=5fa7c213-d229-4dfb-b48e-377c0ca33348
2019-10-17 19:45:42,848 [RatisPipelineUtilsThread] INFO  pipeline.PipelineStateManager (PipelineStateManager.java:addPipeline(55)) - Created pipeline Pipeline[ Id: a59471d8-95a8-4056-af37-f90583895147, Nodes: fa049fba-12b8-4e17-ac2d-38ea71bdd2ce{ip: 192.168.164.201, host: pr-hdds-1868-s6sc9-3720172378, networkLocation: /default-rack, certSerialId: null}32a164c3-8bb9-4158-a4d7-ada9eb729037{ip: 192.168.164.201, host: pr-hdds-1868-s6sc9-3720172378, networkLocation: /default-rack, certSerialId: null}5fa7c213-d229-4dfb-b48e-377c0ca33348{ip: 192.168.164.201, host: pr-hdds-1868-s6sc9-3720172378, networkLocation: /default-rack, certSerialId: null}, Type:RATIS, Factor:THREE, State:ALLOCATED]
2019-10-17 19:45:42,850 [EventQueue-PipelineReportForPipelineReportHandler] INFO  pipeline.PipelineReportHandler (PipelineReportHandler.java:processPipelineReport(119)) - Pipeline PipelineID=fe8eb713-7759-4418-a77f-fb26ade11d98 reported by 5fa7c213-d229-4dfb-b48e-377c0ca33348{ip: 192.168.164.201, host: pr-hdds-1868-s6sc9-3720172378, networkLocation: /default-rack, certSerialId: null} with leaderId 5fa7c213-d229-4dfb-b48e-377c0ca33348
2019-10-17 19:45:42,850 [main] INFO  ozone.MiniOzoneClusterImpl (MiniOzoneClusterImpl.java:lambda$waitForClusterToBeReady$2(164)) - Waiting for 4 number of pipelines out of 4, to report a leader.
2019-10-17 19:45:42,855 [EventQueue-PipelineReportForPipelineReportHandler] INFO  pipeline.PipelineStateManager (PipelineStateManager.java:openPipeline(134)) - Pipeline Pipeline[ Id: fe8eb713-7759-4418-a77f-fb26ade11d98, Nodes: 5fa7c213-d229-4dfb-b48e-377c0ca33348{ip: 192.168.164.201, host: pr-hdds-1868-s6sc9-3720172378, networkLocation: /default-rack, certSerialId: null}, Type:RATIS, Factor:ONE, State:OPEN] moved to OPEN state
2019-10-17 19:45:42,856 [EventQueue-PipelineReportForPipelineReportHandler] INFO  pipeline.PipelineReportHandler (PipelineReportHandler.java:processPipelineReport(119)) - Pipeline PipelineID=0c7b50ec-8218-4544-ab7a-c535b6be4f3c reported by 32a164c3-8bb9-4158-a4d7-ada9eb729037{ip: 192.168.164.201, host: pr-hdds-1868-s6sc9-3720172378, networkLocation: /default-rack, certSerialId: null} with leaderId 32a164c3-8bb9-4158-a4d7-ada9eb729037
2019-10-17 19:45:42,856 [EventQueue-PipelineReportForPipelineReportHandler] INFO  pipeline.PipelineStateManager (PipelineStateManager.java:openPipeline(134)) - Pipeline Pipeline[ Id: 0c7b50ec-8218-4544-ab7a-c535b6be4f3c, Nodes: 32a164c3-8bb9-4158-a4d7-ada9eb729037{ip: 192.168.164.201, host: pr-hdds-1868-s6sc9-3720172378, networkLocation: /default-rack, certSerialId: null}, Type:RATIS, Factor:ONE, State:OPEN] moved to OPEN state
2019-10-17 19:45:42,856 [EventQueue-PipelineReportForPipelineReportHandler] INFO  pipeline.PipelineReportHandler (PipelineReportHandler.java:processPipelineReport(119)) - Pipeline PipelineID=a59471d8-95a8-4056-af37-f90583895147 reported by 32a164c3-8bb9-4158-a4d7-ada9eb729037{ip: 192.168.164.201, host: pr-hdds-1868-s6sc9-3720172378, networkLocation: /default-rack, certSerialId: null} with leaderId 
2019-10-17 19:45:42,856 [EventQueue-PipelineReportForPipelineReportHandler] INFO  pipeline.PipelineReportHandler (PipelineReportHandler.java:processPipelineReport(119)) - Pipeline PipelineID=fba87ff4-8184-4970-898d-3c0887f5f5a1 reported by fa049fba-12b8-4e17-ac2d-38ea71bdd2ce{ip: 192.168.164.201, host: pr-hdds-1868-s6sc9-3720172378, networkLocation: /default-rack, certSerialId: null} with leaderId fa049fba-12b8-4e17-ac2d-38ea71bdd2ce
2019-10-17 19:45:42,856 [EventQueue-PipelineReportForPipelineReportHandler] INFO  pipeline.PipelineStateManager (PipelineStateManager.java:openPipeline(134)) - Pipeline Pipeline[ Id: fba87ff4-8184-4970-898d-3c0887f5f5a1, Nodes: fa049fba-12b8-4e17-ac2d-38ea71bdd2ce{ip: 192.168.164.201, host: pr-hdds-1868-s6sc9-3720172378, networkLocation: /default-rack, certSerialId: null}, Type:RATIS, Factor:ONE, State:OPEN] moved to OPEN state
2019-10-17 19:45:42,857 [EventQueue-PipelineReportForPipelineReportHandler] INFO  pipeline.PipelineReportHandler (PipelineReportHandler.java:processPipelineReport(119)) - Pipeline PipelineID=a59471d8-95a8-4056-af37-f90583895147 reported by fa049fba-12b8-4e17-ac2d-38ea71bdd2ce{ip: 192.168.164.201, host: pr-hdds-1868-s6sc9-3720172378, networkLocation: /default-rack, certSerialId: null} with leaderId 
2019-10-17 19:45:42,867 [32a164c3-8bb9-4158-a4d7-ada9eb729037@group-C535B6BE4F3C-SegmentedRaftLogWorker] INFO  segmented.SegmentedRaftLogWorker (SegmentedRaftLogWorker.java:execute(576)) - 32a164c3-8bb9-4158-a4d7-ada9eb729037@group-C535B6BE4F3C-SegmentedRaftLogWorker: created new log segment /workdir/hadoop-ozone/integration-test/target/test-dir/MiniOzoneClusterImpl-020edf65-e88b-4f0c-8058-f5c4b9bdd7d8/datanode-2/data/ratis/0c7b50ec-8218-4544-ab7a-c535b6be4f3c/current/log_inprogress_0
2019-10-17 19:45:42,867 [fa049fba-12b8-4e17-ac2d-38ea71bdd2ce@group-3C0887F5F5A1-SegmentedRaftLogWorker] INFO  segmented.SegmentedRaftLogWorker (SegmentedRaftLogWorker.java:execute(576)) - fa049fba-12b8-4e17-ac2d-38ea71bdd2ce@group-3C0887F5F5A1-SegmentedRaftLogWorker: created new log segment /workdir/hadoop-ozone/integration-test/target/test-dir/MiniOzoneClusterImpl-020edf65-e88b-4f0c-8058-f5c4b9bdd7d8/datanode-1/data/ratis/fba87ff4-8184-4970-898d-3c0887f5f5a1/current/log_inprogress_0
2019-10-17 19:45:42,867 [5fa7c213-d229-4dfb-b48e-377c0ca33348@group-FB26ADE11D98-SegmentedRaftLogWorker] INFO  segmented.SegmentedRaftLogWorker (SegmentedRaftLogWorker.java:execute(576)) - 5fa7c213-d229-4dfb-b48e-377c0ca33348@group-FB26ADE11D98-SegmentedRaftLogWorker: created new log segment /workdir/hadoop-ozone/integration-test/target/test-dir/MiniOzoneClusterImpl-020edf65-e88b-4f0c-8058-f5c4b9bdd7d8/datanode-0/data/ratis/fe8eb713-7759-4418-a77f-fb26ade11d98/current/log_inprogress_0
2019-10-17 19:45:42,908 [Thread-203] INFO  impl.FollowerState (FollowerState.java:run(108)) - fa049fba-12b8-4e17-ac2d-38ea71bdd2ce@group-F90583895147-FollowerState: change to CANDIDATE, lastRpcTime:124ms, electionTimeout:124ms
2019-10-17 19:45:42,908 [Thread-203] INFO  impl.RoleInfo (RoleInfo.java:shutdownFollowerState(121)) - fa049fba-12b8-4e17-ac2d-38ea71bdd2ce: shutdown FollowerState
2019-10-17 19:45:42,909 [Thread-203] INFO  impl.RaftServerImpl (RaftServerImpl.java:setRole(184)) - fa049fba-12b8-4e17-ac2d-38ea71bdd2ce@group-F90583895147: changes role from  FOLLOWER to CANDIDATE at term 0 for changeToCandidate
2019-10-17 19:45:42,909 [Thread-203] INFO  impl.RoleInfo (RoleInfo.java:updateAndGet(143)) - fa049fba-12b8-4e17-ac2d-38ea71bdd2ce: start LeaderElection
2019-10-17 19:45:42,934 [fa049fba-12b8-4e17-ac2d-38ea71bdd2ce@group-F90583895147-LeaderElection4] INFO  impl.LeaderElection (LeaderElection.java:askForVotes(178)) - fa049fba-12b8-4e17-ac2d-38ea71bdd2ce@group-F90583895147-LeaderElection4: begin an election at term 1 for -1: [32a164c3-8bb9-4158-a4d7-ada9eb729037:192.168.164.201:42866, 5fa7c213-d229-4dfb-b48e-377c0ca33348:192.168.164.201:37765, fa049fba-12b8-4e17-ac2d-38ea71bdd2ce:192.168.164.201:41821], old=null
2019-10-17 19:45:42,963 [fa049fba-12b8-4e17-ac2d-38ea71bdd2ce@group-F90583895147-LeaderElection4] INFO  impl.LeaderElection (LeaderElection.java:logAndReturn(56)) - fa049fba-12b8-4e17-ac2d-38ea71bdd2ce@group-F90583895147-LeaderElection4: Election TIMEOUT; received 0 response(s) [] and 0 exception(s); fa049fba-12b8-4e17-ac2d-38ea71bdd2ce@group-F90583895147:t1, leader=null, voted=fa049fba-12b8-4e17-ac2d-38ea71bdd2ce, raftlog=fa049fba-12b8-4e17-ac2d-38ea71bdd2ce@group-F90583895147-SegmentedRaftLog:OPENED:c-1,f-1,i0, conf=-1: [32a164c3-8bb9-4158-a4d7-ada9eb729037:192.168.164.201:42866, 5fa7c213-d229-4dfb-b48e-377c0ca33348:192.168.164.201:37765, fa049fba-12b8-4e17-ac2d-38ea71bdd2ce:192.168.164.201:41821], old=null
2019-10-17 19:45:42,978 [Thread-205] INFO  impl.FollowerState (FollowerState.java:run(108)) - 5fa7c213-d229-4dfb-b48e-377c0ca33348@group-F90583895147-FollowerState: change to CANDIDATE, lastRpcTime:192ms, electionTimeout:191ms
2019-10-17 19:45:42,979 [Thread-205] INFO  impl.RoleInfo (RoleInfo.java:shutdownFollowerState(121)) - 5fa7c213-d229-4dfb-b48e-377c0ca33348: shutdown FollowerState
2019-10-17 19:45:42,979 [Thread-205] INFO  impl.RaftServerImpl (RaftServerImpl.java:setRole(184)) - 5fa7c213-d229-4dfb-b48e-377c0ca33348@group-F90583895147: changes role from  FOLLOWER to CANDIDATE at term 0 for changeToCandidate
2019-10-17 19:45:42,979 [Thread-205] INFO  impl.RoleInfo (RoleInfo.java:updateAndGet(143)) - 5fa7c213-d229-4dfb-b48e-377c0ca33348: start LeaderElection
2019-10-17 19:45:42,989 [grpc-default-executor-2] INFO  impl.RaftServerImpl (RaftServerImpl.java:setRole(184)) - 32a164c3-8bb9-4158-a4d7-ada9eb729037@group-F90583895147: changes role from  FOLLOWER to FOLLOWER at term 1 for recognizeCandidate:fa049fba-12b8-4e17-ac2d-38ea71bdd2ce
2019-10-17 19:45:42,990 [grpc-default-executor-2] INFO  impl.RoleInfo (RoleInfo.java:shutdownFollowerState(121)) - 32a164c3-8bb9-4158-a4d7-ada9eb729037: shutdown FollowerState
2019-10-17 19:45:42,991 [grpc-default-executor-2] INFO  impl.RoleInfo (RoleInfo.java:updateAndGet(143)) - 32a164c3-8bb9-4158-a4d7-ada9eb729037: start FollowerState
2019-10-17 19:45:42,993 [fa049fba-12b8-4e17-ac2d-38ea71bdd2ce@group-F90583895147-LeaderElection4] INFO  impl.LeaderElection (LeaderElection.java:askForVotes(178)) - fa049fba-12b8-4e17-ac2d-38ea71bdd2ce@group-F90583895147-LeaderElection4: begin an election at term 2 for -1: [32a164c3-8bb9-4158-a4d7-ada9eb729037:192.168.164.201:42866, 5fa7c213-d229-4dfb-b48e-377c0ca33348:192.168.164.201:37765, fa049fba-12b8-4e17-ac2d-38ea71bdd2ce:192.168.164.201:41821], old=null
2019-10-17 19:45:43,010 [5fa7c213-d229-4dfb-b48e-377c0ca33348@group-F90583895147-LeaderElection5] INFO  impl.LeaderElection (LeaderElection.java:askForVotes(178)) - 5fa7c213-d229-4dfb-b48e-377c0ca33348@group-F90583895147-LeaderElection5: begin an election at term 1 for -1: [32a164c3-8bb9-4158-a4d7-ada9eb729037:192.168.164.201:42866, 5fa7c213-d229-4dfb-b48e-377c0ca33348:192.168.164.201:37765, fa049fba-12b8-4e17-ac2d-38ea71bdd2ce:192.168.164.201:41821], old=null
2019-10-17 19:45:43,010 [grpc-default-executor-3] INFO  impl.RaftServerImpl (RaftServerImpl.java:setRole(184)) - 5fa7c213-d229-4dfb-b48e-377c0ca33348@group-F90583895147: changes role from CANDIDATE to FOLLOWER at term 2 for recognizeCandidate:fa049fba-12b8-4e17-ac2d-38ea71bdd2ce
2019-10-17 19:45:43,010 [grpc-default-executor-3] INFO  impl.RoleInfo (RoleInfo.java:shutdownLeaderElection(134)) - 5fa7c213-d229-4dfb-b48e-377c0ca33348: shutdown LeaderElection
2019-10-17 19:45:43,011 [grpc-default-executor-3] INFO  impl.RoleInfo (RoleInfo.java:updateAndGet(143)) - 5fa7c213-d229-4dfb-b48e-377c0ca33348: start FollowerState
2019-10-17 19:45:43,030 [grpc-default-executor-0] INFO  impl.RaftServerImpl (RaftServerImpl.java:setRole(184)) - 32a164c3-8bb9-4158-a4d7-ada9eb729037@group-F90583895147: changes role from  FOLLOWER to FOLLOWER at term 2 for recognizeCandidate:fa049fba-12b8-4e17-ac2d-38ea71bdd2ce
2019-10-17 19:45:43,030 [grpc-default-executor-0] INFO  impl.RoleInfo (RoleInfo.java:shutdownFollowerState(121)) - 32a164c3-8bb9-4158-a4d7-ada9eb729037: shutdown FollowerState
2019-10-17 19:45:43,030 [grpc-default-executor-0] INFO  impl.RoleInfo (RoleInfo.java:updateAndGet(143)) - 32a164c3-8bb9-4158-a4d7-ada9eb729037: start FollowerState
2019-10-17 19:45:43,030 [Thread-216] INFO  impl.FollowerState (FollowerState.java:run(117)) - 32a164c3-8bb9-4158-a4d7-ada9eb729037@group-F90583895147-FollowerState was interrupted: java.lang.InterruptedException: sleep interrupted
2019-10-17 19:45:43,031 [5fa7c213-d229-4dfb-b48e-377c0ca33348@group-F90583895147-LeaderElection5] INFO  impl.LeaderElection (LeaderElection.java:logAndReturn(56)) - 5fa7c213-d229-4dfb-b48e-377c0ca33348@group-F90583895147-LeaderElection5: Election REJECTED; received 0 response(s) [] and 0 exception(s); 5fa7c213-d229-4dfb-b48e-377c0ca33348@group-F90583895147:t2, leader=null, voted=null, raftlog=5fa7c213-d229-4dfb-b48e-377c0ca33348@group-F90583895147-SegmentedRaftLog:OPENED:c-1,f-1,i0, conf=-1: [32a164c3-8bb9-4158-a4d7-ada9eb729037:192.168.164.201:42866, 5fa7c213-d229-4dfb-b48e-377c0ca33348:192.168.164.201:37765, fa049fba-12b8-4e17-ac2d-38ea71bdd2ce:192.168.164.201:41821], old=null
2019-10-17 19:45:43,050 [Thread-219] INFO  impl.FollowerState (FollowerState.java:run(108)) - 5fa7c213-d229-4dfb-b48e-377c0ca33348@group-F90583895147-FollowerState: change to CANDIDATE, lastRpcTime:39ms, electionTimeout:39ms
2019-10-17 19:45:43,051 [Thread-219] INFO  impl.RoleInfo (RoleInfo.java:shutdownFollowerState(121)) - 5fa7c213-d229-4dfb-b48e-377c0ca33348: shutdown FollowerState
2019-10-17 19:45:43,051 [Thread-219] INFO  impl.RaftServerImpl (RaftServerImpl.java:setRole(184)) - 5fa7c213-d229-4dfb-b48e-377c0ca33348@group-F90583895147: changes role from  FOLLOWER to CANDIDATE at term 2 for changeToCandidate
2019-10-17 19:45:43,051 [Thread-219] INFO  impl.RoleInfo (RoleInfo.java:updateAndGet(143)) - 5fa7c213-d229-4dfb-b48e-377c0ca33348: start LeaderElection
2019-10-17 19:45:43,066 [fa049fba-12b8-4e17-ac2d-38ea71bdd2ce@group-F90583895147-LeaderElection4] INFO  impl.LeaderElection (LeaderElection.java:logAndReturn(56)) - fa049fba-12b8-4e17-ac2d-38ea71bdd2ce@group-F90583895147-LeaderElection4: Election PASSED; received 2 response(s) [fa049fba-12b8-4e17-ac2d-38ea71bdd2ce<-32a164c3-8bb9-4158-a4d7-ada9eb729037#0:OK-t2, fa049fba-12b8-4e17-ac2d-38ea71bdd2ce<-5fa7c213-d229-4dfb-b48e-377c0ca33348#0:FAIL-t2] and 0 exception(s); fa049fba-12b8-4e17-ac2d-38ea71bdd2ce@group-F90583895147:t2, leader=null, voted=fa049fba-12b8-4e17-ac2d-38ea71bdd2ce, raftlog=fa049fba-12b8-4e17-ac2d-38ea71bdd2ce@group-F90583895147-SegmentedRaftLog:OPENED:c-1,f-1,i0, conf=-1: [32a164c3-8bb9-4158-a4d7-ada9eb729037:192.168.164.201:42866, 5fa7c213-d229-4dfb-b48e-377c0ca33348:192.168.164.201:37765, fa049fba-12b8-4e17-ac2d-38ea71bdd2ce:192.168.164.201:41821], old=null
2019-10-17 19:45:43,067 [fa049fba-12b8-4e17-ac2d-38ea71bdd2ce@group-F90583895147-LeaderElection4] INFO  impl.RoleInfo (RoleInfo.java:shutdownLeaderElection(134)) - fa049fba-12b8-4e17-ac2d-38ea71bdd2ce: shutdown LeaderElection
2019-10-17 19:45:43,067 [fa049fba-12b8-4e17-ac2d-38ea71bdd2ce@group-F90583895147-LeaderElection4] INFO  impl.RaftServerImpl (RaftServerImpl.java:setRole(184)) - fa049fba-12b8-4e17-ac2d-38ea71bdd2ce@group-F90583895147: changes role from CANDIDATE to LEADER at term 2 for changeToLeader
2019-10-17 19:45:43,068 [fa049fba-12b8-4e17-ac2d-38ea71bdd2ce@group-F90583895147-LeaderElection4] INFO  ratis.XceiverServerRatis (XceiverServerRatis.java:handleLeaderChangedNotification(700)) - Leader change notification received for group: group-F90583895147 with new leaderId: fa049fba-12b8-4e17-ac2d-38ea71bdd2ce
2019-10-17 19:45:43,069 [fa049fba-12b8-4e17-ac2d-38ea71bdd2ce@group-F90583895147-LeaderElection4] INFO  impl.RaftServerImpl (ServerState.java:setLeader(256)) - fa049fba-12b8-4e17-ac2d-38ea71bdd2ce@group-F90583895147: change Leader from null to fa049fba-12b8-4e17-ac2d-38ea71bdd2ce at term 2 for becomeLeader, leader elected after 300ms
2019-10-17 19:45:43,069 [fa049fba-12b8-4e17-ac2d-38ea71bdd2ce@group-F90583895147-LeaderElection4] INFO  server.RaftServerConfigKeys (ConfUtils.java:logGet(43)) - raft.server.staging.catchup.gap = 1000 (default)
2019-10-17 19:45:43,069 [fa049fba-12b8-4e17-ac2d-38ea71bdd2ce@group-F90583895147-LeaderElection4] INFO  server.RaftServerConfigKeys (ConfUtils.java:logGet(43)) - raft.server.rpc.sleep.time = 25ms (default)
2019-10-17 19:45:43,069 [fa049fba-12b8-4e17-ac2d-38ea71bdd2ce@group-F90583895147-LeaderElection4] INFO  server.RaftServerConfigKeys (ConfUtils.java:logGet(43)) - raft.server.write.element-limit = 4096 (default)
2019-10-17 19:45:43,069 [fa049fba-12b8-4e17-ac2d-38ea71bdd2ce@group-F90583895147-LeaderElection4] INFO  server.RaftServerConfigKeys (ConfUtils.java:logGet(43)) - raft.server.watch.timeout = 10s (default)
2019-10-17 19:45:43,074 [fa049fba-12b8-4e17-ac2d-38ea71bdd2ce@group-F90583895147-LeaderElection4] INFO  server.RaftServerConfigKeys (ConfUtils.java:logGet(43)) - raft.server.watch.timeout.denomination = 1s (default)
2019-10-17 19:45:43,074 [fa049fba-12b8-4e17-ac2d-38ea71bdd2ce@group-F90583895147-LeaderElection4] INFO  server.RaftServerConfigKeys (ConfUtils.java:logGet(43)) - raft.server.watch.element-limit = 65536 (default)
2019-10-17 19:45:43,076 [EventQueue-PipelineReportForPipelineReportHandler] INFO  pipeline.PipelineReportHandler (PipelineReportHandler.java:processPipelineReport(119)) - Pipeline PipelineID=a59471d8-95a8-4056-af37-f90583895147 reported by fa049fba-12b8-4e17-ac2d-38ea71bdd2ce{ip: 192.168.164.201, host: pr-hdds-1868-s6sc9-3720172378, networkLocation: /default-rack, certSerialId: null} with leaderId fa049fba-12b8-4e17-ac2d-38ea71bdd2ce
2019-10-17 19:45:43,077 [5fa7c213-d229-4dfb-b48e-377c0ca33348@group-F90583895147-LeaderElection6] INFO  impl.LeaderElection (LeaderElection.java:askForVotes(178)) - 5fa7c213-d229-4dfb-b48e-377c0ca33348@group-F90583895147-LeaderElection6: begin an election at term 3 for -1: [32a164c3-8bb9-4158-a4d7-ada9eb729037:192.168.164.201:42866, 5fa7c213-d229-4dfb-b48e-377c0ca33348:192.168.164.201:37765, fa049fba-12b8-4e17-ac2d-38ea71bdd2ce:192.168.164.201:41821], old=null
2019-10-17 19:45:43,080 [fa049fba-12b8-4e17-ac2d-38ea71bdd2ce@group-F90583895147-LeaderElection4] INFO  server.RaftServerConfigKeys (ConfUtils.java:logGet(43)) - raft.server.log.appender.snapshot.chunk.size.max = 16MB (=16777216) (default)
2019-10-17 19:45:43,080 [fa049fba-12b8-4e17-ac2d-38ea71bdd2ce@group-F90583895147-LeaderElection4] INFO  server.RaftServerConfigKeys (ConfUtils.java:logGet(43)) - raft.server.log.appender.buffer.byte-limit = 33554432 (custom)
2019-10-17 19:45:43,081 [fa049fba-12b8-4e17-ac2d-38ea71bdd2ce@group-F90583895147-LeaderElection4] INFO  server.RaftServerConfigKeys (ConfUtils.java:logGet(43)) - raft.server.log.appender.buffer.element-limit = 1 (custom)
2019-10-17 19:45:43,082 [grpc-default-executor-0] INFO  impl.RaftServerImpl (RaftServerImpl.java:setRole(184)) - 32a164c3-8bb9-4158-a4d7-ada9eb729037@group-F90583895147: changes role from  FOLLOWER to FOLLOWER at term 3 for recognizeCandidate:5fa7c213-d229-4dfb-b48e-377c0ca33348
2019-10-17 19:45:43,082 [grpc-default-executor-0] INFO  impl.RoleInfo (RoleInfo.java:shutdownFollowerState(121)) - 32a164c3-8bb9-4158-a4d7-ada9eb729037: shutdown FollowerState
2019-10-17 19:45:43,083 [grpc-default-executor-0] INFO  impl.RoleInfo (RoleInfo.java:updateAndGet(143)) - 32a164c3-8bb9-4158-a4d7-ada9eb729037: start FollowerState
2019-10-17 19:45:43,083 [Thread-221] INFO  impl.FollowerState (FollowerState.java:run(117)) - 32a164c3-8bb9-4158-a4d7-ada9eb729037@group-F90583895147-FollowerState was interrupted: java.lang.InterruptedException: sleep interrupted
2019-10-17 19:45:43,085 [fa049fba-12b8-4e17-ac2d-38ea71bdd2ce@group-F90583895147-LeaderElection4] INFO  grpc.GrpcConfigKeys$Server (ConfUtils.java:logGet(43)) - raft.grpc.server.leader.outstanding.appends.max = 128 (default)
2019-10-17 19:45:43,087 [fa049fba-12b8-4e17-ac2d-38ea71bdd2ce@group-F90583895147-LeaderElection4] INFO  server.RaftServerConfigKeys (ConfUtils.java:logGet(43)) - raft.server.rpc.request.timeout = 3000ms (default)
2019-10-17 19:45:43,087 [fa049fba-12b8-4e17-ac2d-38ea71bdd2ce@group-F90583895147-LeaderElection4] INFO  server.RaftServerConfigKeys (ConfUtils.java:logGet(43)) - raft.server.log.appender.install.snapshot.enabled = false (custom)
2019-10-17 19:45:43,091 [fa049fba-12b8-4e17-ac2d-38ea71bdd2ce@group-F90583895147-LeaderElection4] INFO  server.RaftServerConfigKeys (ConfUtils.java:logGet(43)) - raft.server.log.appender.snapshot.chunk.size.max = 16MB (=16777216) (default)
2019-10-17 19:45:43,091 [fa049fba-12b8-4e17-ac2d-38ea71bdd2ce@group-F90583895147-LeaderElection4] INFO  server.RaftServerConfigKeys (ConfUtils.java:logGet(43)) - raft.server.log.appender.buffer.byte-limit = 33554432 (custom)
2019-10-17 19:45:43,091 [fa049fba-12b8-4e17-ac2d-38ea71bdd2ce@group-F90583895147-LeaderElection4] INFO  server.RaftServerConfigKeys (ConfUtils.java:logGet(43)) - raft.server.log.appender.buffer.element-limit = 1 (custom)
2019-10-17 19:45:43,091 [fa049fba-12b8-4e17-ac2d-38ea71bdd2ce@group-F90583895147-LeaderElection4] INFO  grpc.GrpcConfigKeys$Server (ConfUtils.java:logGet(43)) - raft.grpc.server.leader.outstanding.appends.max = 128 (default)
2019-10-17 19:45:43,091 [fa049fba-12b8-4e17-ac2d-38ea71bdd2ce@group-F90583895147-LeaderElection4] INFO  server.RaftServerConfigKeys (ConfUtils.java:logGet(43)) - raft.server.rpc.request.timeout = 3000ms (default)
2019-10-17 19:45:43,091 [fa049fba-12b8-4e17-ac2d-38ea71bdd2ce@group-F90583895147-LeaderElection4] INFO  server.RaftServerConfigKeys (ConfUtils.java:logGet(43)) - raft.server.log.appender.install.snapshot.enabled = false (custom)
2019-10-17 19:45:43,095 [fa049fba-12b8-4e17-ac2d-38ea71bdd2ce@group-F90583895147-LeaderElection4] INFO  impl.RoleInfo (RoleInfo.java:updateAndGet(143)) - fa049fba-12b8-4e17-ac2d-38ea71bdd2ce: start LeaderState
2019-10-17 19:45:43,096 [fa049fba-12b8-4e17-ac2d-38ea71bdd2ce@group-F90583895147-LeaderElection4] INFO  segmented.SegmentedRaftLogWorker (SegmentedRaftLogWorker.java:startLogSegment(385)) - fa049fba-12b8-4e17-ac2d-38ea71bdd2ce@group-F90583895147-SegmentedRaftLogWorker: Starting segment from index:0
2019-10-17 19:45:43,096 [fa049fba-12b8-4e17-ac2d-38ea71bdd2ce@group-F90583895147-LeaderElection4] INFO  impl.RaftServerImpl (ServerState.java:setRaftConf(357)) - fa049fba-12b8-4e17-ac2d-38ea71bdd2ce@group-F90583895147: set configuration 0: [32a164c3-8bb9-4158-a4d7-ada9eb729037:192.168.164.201:42866, 5fa7c213-d229-4dfb-b48e-377c0ca33348:192.168.164.201:37765, fa049fba-12b8-4e17-ac2d-38ea71bdd2ce:192.168.164.201:41821], old=null at 0
2019-10-17 19:45:43,097 [grpc-default-executor-1] INFO  impl.RaftServerImpl (ServerState.java:setLeader(256)) - fa049fba-12b8-4e17-ac2d-38ea71bdd2ce@group-F90583895147: change Leader from fa049fba-12b8-4e17-ac2d-38ea71bdd2ce to null at term 3 for updateCurrentTerm
2019-10-17 19:45:43,098 [grpc-default-executor-1] INFO  impl.RaftServerImpl (RaftServerImpl.java:setRole(184)) - fa049fba-12b8-4e17-ac2d-38ea71bdd2ce@group-F90583895147: changes role from    LEADER to FOLLOWER at term 3 for recognizeCandidate:5fa7c213-d229-4dfb-b48e-377c0ca33348
2019-10-17 19:45:43,098 [grpc-default-executor-1] INFO  impl.RoleInfo (RoleInfo.java:shutdownLeaderState(104)) - fa049fba-12b8-4e17-ac2d-38ea71bdd2ce: shutdown LeaderState
2019-10-17 19:45:43,101 [grpc-default-executor-1] INFO  impl.PendingRequests (PendingRequests.java:sendNotLeaderResponses(202)) - fa049fba-12b8-4e17-ac2d-38ea71bdd2ce@group-F90583895147-PendingRequests: sendNotLeaderResponses
2019-10-17 19:45:43,103 [grpc-default-executor-1] INFO  impl.RoleInfo (RoleInfo.java:updateAndGet(143)) - fa049fba-12b8-4e17-ac2d-38ea71bdd2ce: start FollowerState
2019-10-17 19:45:43,109 [org.apache.ratis.server.impl.LogAppender$AppenderDaemon$$Lambda$438/1181304472@1b7c460d] WARN  server.GrpcLogAppender (GrpcLogAppender.java:mayWait(149)) - fa049fba-12b8-4e17-ac2d-38ea71bdd2ce@group-F90583895147->5fa7c213-d229-4dfb-b48e-377c0ca33348-GrpcLogAppender: Wait interrupted by java.lang.InterruptedException
2019-10-17 19:45:43,109 [org.apache.ratis.server.impl.LogAppender$AppenderDaemon$$Lambda$438/1181304472@1af05cc8] WARN  server.GrpcLogAppender (GrpcLogAppender.java:mayWait(149)) - fa049fba-12b8-4e17-ac2d-38ea71bdd2ce@group-F90583895147->32a164c3-8bb9-4158-a4d7-ada9eb729037-GrpcLogAppender: Wait interrupted by java.lang.InterruptedException
2019-10-17 19:45:43,131 [Thread-227] INFO  impl.FollowerState (FollowerState.java:run(108)) - 32a164c3-8bb9-4158-a4d7-ada9eb729037@group-F90583895147-FollowerState: change to CANDIDATE, lastRpcTime:48ms, electionTimeout:46ms
2019-10-17 19:45:43,132 [Thread-227] INFO  impl.RoleInfo (RoleInfo.java:shutdownFollowerState(121)) - 32a164c3-8bb9-4158-a4d7-ada9eb729037: shutdown FollowerState
2019-10-17 19:45:43,133 [Thread-227] INFO  impl.RaftServerImpl (RaftServerImpl.java:setRole(184)) - 32a164c3-8bb9-4158-a4d7-ada9eb729037@group-F90583895147: changes role from  FOLLOWER to CANDIDATE at term 3 for changeToCandidate
2019-10-17 19:45:43,133 [Thread-227] INFO  impl.RoleInfo (RoleInfo.java:updateAndGet(143)) - 32a164c3-8bb9-4158-a4d7-ada9eb729037: start LeaderElection
2019-10-17 19:45:43,137 [5fa7c213-d229-4dfb-b48e-377c0ca33348@group-F90583895147-LeaderElection6] INFO  impl.LeaderElection (LeaderElection.java:logAndReturn(56)) - 5fa7c213-d229-4dfb-b48e-377c0ca33348@group-F90583895147-LeaderElection6: Election PASSED; received 1 response(s) [5fa7c213-d229-4dfb-b48e-377c0ca33348<-32a164c3-8bb9-4158-a4d7-ada9eb729037#0:OK-t3] and 0 exception(s); 5fa7c213-d229-4dfb-b48e-377c0ca33348@group-F90583895147:t3, leader=null, voted=5fa7c213-d229-4dfb-b48e-377c0ca33348, raftlog=5fa7c213-d229-4dfb-b48e-377c0ca33348@group-F90583895147-SegmentedRaftLog:OPENED:c-1,f-1,i0, conf=-1: [32a164c3-8bb9-4158-a4d7-ada9eb729037:192.168.164.201:42866, 5fa7c213-d229-4dfb-b48e-377c0ca33348:192.168.164.201:37765, fa049fba-12b8-4e17-ac2d-38ea71bdd2ce:192.168.164.201:41821], old=null
2019-10-17 19:45:43,138 [5fa7c213-d229-4dfb-b48e-377c0ca33348@group-F90583895147-LeaderElection6] INFO  impl.RoleInfo (RoleInfo.java:shutdownLeaderElection(134)) - 5fa7c213-d229-4dfb-b48e-377c0ca33348: shutdown LeaderElection
2019-10-17 19:45:43,139 [5fa7c213-d229-4dfb-b48e-377c0ca33348@group-F90583895147-LeaderElection6] INFO  impl.RaftServerImpl (RaftServerImpl.java:setRole(184)) - 5fa7c213-d229-4dfb-b48e-377c0ca33348@group-F90583895147: changes role from CANDIDATE to LEADER at term 3 for changeToLeader
2019-10-17 19:45:43,139 [5fa7c213-d229-4dfb-b48e-377c0ca33348@group-F90583895147-LeaderElection6] INFO  ratis.XceiverServerRatis (XceiverServerRatis.java:handleLeaderChangedNotification(700)) - Leader change notification received for group: group-F90583895147 with new leaderId: 5fa7c213-d229-4dfb-b48e-377c0ca33348
2019-10-17 19:45:43,140 [5fa7c213-d229-4dfb-b48e-377c0ca33348@group-F90583895147-LeaderElection6] INFO  impl.RaftServerImpl (ServerState.java:setLeader(256)) - 5fa7c213-d229-4dfb-b48e-377c0ca33348@group-F90583895147: change Leader from null to 5fa7c213-d229-4dfb-b48e-377c0ca33348 at term 3 for becomeLeader, leader elected after 371ms
2019-10-17 19:45:43,140 [5fa7c213-d229-4dfb-b48e-377c0ca33348@group-F90583895147-LeaderElection6] INFO  server.RaftServerConfigKeys (ConfUtils.java:logGet(43)) - raft.server.staging.catchup.gap = 1000 (default)
2019-10-17 19:45:43,140 [5fa7c213-d229-4dfb-b48e-377c0ca33348@group-F90583895147-LeaderElection6] INFO  server.RaftServerConfigKeys (ConfUtils.java:logGet(43)) - raft.server.rpc.sleep.time = 25ms (default)
2019-10-17 19:45:43,141 [5fa7c213-d229-4dfb-b48e-377c0ca33348@group-F90583895147-LeaderElection6] INFO  server.RaftServerConfigKeys (ConfUtils.java:logGet(43)) - raft.server.write.element-limit = 4096 (default)
2019-10-17 19:45:43,141 [5fa7c213-d229-4dfb-b48e-377c0ca33348@group-F90583895147-LeaderElection6] INFO  server.RaftServerConfigKeys (ConfUtils.java:logGet(43)) - raft.server.watch.timeout = 10s (default)
2019-10-17 19:45:43,141 [5fa7c213-d229-4dfb-b48e-377c0ca33348@group-F90583895147-LeaderElection6] INFO  server.RaftServerConfigKeys (ConfUtils.java:logGet(43)) - raft.server.watch.timeout.denomination = 1s (default)
2019-10-17 19:45:43,142 [5fa7c213-d229-4dfb-b48e-377c0ca33348@group-F90583895147-LeaderElection6] INFO  server.RaftServerConfigKeys (ConfUtils.java:logGet(43)) - raft.server.watch.element-limit = 65536 (default)
2019-10-17 19:45:43,142 [grpc-default-executor-0] INFO  server.GrpcServerProtocolService (GrpcServerProtocolService.java:onCompleted(113)) - 5fa7c213-d229-4dfb-b48e-377c0ca33348: Completed APPEND_ENTRIES, lastRequest: null
2019-10-17 19:45:43,143 [EventQueue-PipelineReportForPipelineReportHandler] INFO  pipeline.PipelineReportHandler (PipelineReportHandler.java:processPipelineReport(119)) - Pipeline PipelineID=a59471d8-95a8-4056-af37-f90583895147 reported by 5fa7c213-d229-4dfb-b48e-377c0ca33348{ip: 192.168.164.201, host: pr-hdds-1868-s6sc9-3720172378, networkLocation: /default-rack, certSerialId: null} with leaderId 5fa7c213-d229-4dfb-b48e-377c0ca33348
2019-10-17 19:45:43,142 [grpc-default-executor-1] INFO  server.GrpcServerProtocolService (GrpcServerProtocolService.java:onCompleted(113)) - 32a164c3-8bb9-4158-a4d7-ada9eb729037: Completed APPEND_ENTRIES, lastRequest: null
2019-10-17 19:45:43,145 [grpc-default-executor-0] INFO  server.GrpcLogAppender (GrpcLogAppender.java:onCompleted(308)) - fa049fba-12b8-4e17-ac2d-38ea71bdd2ce@group-F90583895147->5fa7c213-d229-4dfb-b48e-377c0ca33348-AppendLogResponseHandler: follower responses appendEntries COMPLETED
2019-10-17 19:45:43,145 [grpc-default-executor-1] INFO  server.GrpcLogAppender (GrpcLogAppender.java:onCompleted(308)) - fa049fba-12b8-4e17-ac2d-38ea71bdd2ce@group-F90583895147->32a164c3-8bb9-4158-a4d7-ada9eb729037-AppendLogResponseHandler: follower responses appendEntries COMPLETED
2019-10-17 19:45:43,148 [5fa7c213-d229-4dfb-b48e-377c0ca33348@group-F90583895147-LeaderElection6] INFO  server.RaftServerConfigKeys (ConfUtils.java:logGet(43)) - raft.server.log.appender.snapshot.chunk.size.max = 16MB (=16777216) (default)
2019-10-17 19:45:43,149 [5fa7c213-d229-4dfb-b48e-377c0ca33348@group-F90583895147-LeaderElection6] INFO  server.RaftServerConfigKeys (ConfUtils.java:logGet(43)) - raft.server.log.appender.buffer.byte-limit = 33554432 (custom)
2019-10-17 19:45:43,149 [5fa7c213-d229-4dfb-b48e-377c0ca33348@group-F90583895147-LeaderElection6] INFO  server.RaftServerConfigKeys (ConfUtils.java:logGet(43)) - raft.server.log.appender.buffer.element-limit = 1 (custom)
2019-10-17 19:45:43,149 [grpc-default-executor-0] INFO  impl.FollowerInfo (FollowerInfo.java:lambda$new$0(51)) - fa049fba-12b8-4e17-ac2d-38ea71bdd2ce@group-F90583895147->5fa7c213-d229-4dfb-b48e-377c0ca33348: nextIndex: updateUnconditionally 0 -> 0
2019-10-17 19:45:43,150 [grpc-default-executor-1] INFO  impl.FollowerInfo (FollowerInfo.java:lambda$new$0(51)) - fa049fba-12b8-4e17-ac2d-38ea71bdd2ce@group-F90583895147->32a164c3-8bb9-4158-a4d7-ada9eb729037: nextIndex: updateUnconditionally 0 -> 0
2019-10-17 19:45:43,149 [5fa7c213-d229-4dfb-b48e-377c0ca33348@group-F90583895147-LeaderElection6] INFO  grpc.GrpcConfigKeys$Server (ConfUtils.java:logGet(43)) - raft.grpc.server.leader.outstanding.appends.max = 128 (default)
2019-10-17 19:45:43,152 [5fa7c213-d229-4dfb-b48e-377c0ca33348@group-F90583895147-LeaderElection6] INFO  server.RaftServerConfigKeys (ConfUtils.java:logGet(43)) - raft.server.rpc.request.timeout = 3000ms (default)
2019-10-17 19:45:43,153 [5fa7c213-d229-4dfb-b48e-377c0ca33348@group-F90583895147-LeaderElection6] INFO  server.RaftServerConfigKeys (ConfUtils.java:logGet(43)) - raft.server.log.appender.install.snapshot.enabled = false (custom)
2019-10-17 19:45:43,153 [fa049fba-12b8-4e17-ac2d-38ea71bdd2ce@group-F90583895147-SegmentedRaftLogWorker] INFO  segmented.SegmentedRaftLogWorker (SegmentedRaftLogWorker.java:execute(576)) - fa049fba-12b8-4e17-ac2d-38ea71bdd2ce@group-F90583895147-SegmentedRaftLogWorker: created new log segment /workdir/hadoop-ozone/integration-test/target/test-dir/MiniOzoneClusterImpl-020edf65-e88b-4f0c-8058-f5c4b9bdd7d8/datanode-1/data/ratis/a59471d8-95a8-4056-af37-f90583895147/current/log_inprogress_0
2019-10-17 19:45:43,153 [32a164c3-8bb9-4158-a4d7-ada9eb729037@group-F90583895147-LeaderElection7] INFO  impl.LeaderElection (LeaderElection.java:askForVotes(178)) - 32a164c3-8bb9-4158-a4d7-ada9eb729037@group-F90583895147-LeaderElection7: begin an election at term 4 for -1: [32a164c3-8bb9-4158-a4d7-ada9eb729037:192.168.164.201:42866, 5fa7c213-d229-4dfb-b48e-377c0ca33348:192.168.164.201:37765, fa049fba-12b8-4e17-ac2d-38ea71bdd2ce:192.168.164.201:41821], old=null
2019-10-17 19:45:43,157 [5fa7c213-d229-4dfb-b48e-377c0ca33348@group-F90583895147-LeaderElection6] INFO  server.RaftServerConfigKeys (ConfUtils.java:logGet(43)) - raft.server.log.appender.snapshot.chunk.size.max = 16MB (=16777216) (default)
2019-10-17 19:45:43,157 [5fa7c213-d229-4dfb-b48e-377c0ca33348@group-F90583895147-LeaderElection6] INFO  server.RaftServerConfigKeys (ConfUtils.java:logGet(43)) - raft.server.log.appender.buffer.byte-limit = 33554432 (custom)
2019-10-17 19:45:43,158 [5fa7c213-d229-4dfb-b48e-377c0ca33348@group-F90583895147-LeaderElection6] INFO  server.RaftServerConfigKeys (ConfUtils.java:logGet(43)) - raft.server.log.appender.buffer.element-limit = 1 (custom)
2019-10-17 19:45:43,159 [5fa7c213-d229-4dfb-b48e-377c0ca33348@group-F90583895147-LeaderElection6] INFO  grpc.GrpcConfigKeys$Server (ConfUtils.java:logGet(43)) - raft.grpc.server.leader.outstanding.appends.max = 128 (default)
2019-10-17 19:45:43,159 [5fa7c213-d229-4dfb-b48e-377c0ca33348@group-F90583895147-LeaderElection6] INFO  server.RaftServerConfigKeys (ConfUtils.java:logGet(43)) - raft.server.rpc.request.timeout = 3000ms (default)
2019-10-17 19:45:43,159 [5fa7c213-d229-4dfb-b48e-377c0ca33348@group-F90583895147-LeaderElection6] INFO  server.RaftServerConfigKeys (ConfUtils.java:logGet(43)) - raft.server.log.appender.install.snapshot.enabled = false (custom)
2019-10-17 19:45:43,165 [5fa7c213-d229-4dfb-b48e-377c0ca33348@group-F90583895147-LeaderElection6] INFO  impl.RoleInfo (RoleInfo.java:updateAndGet(143)) - 5fa7c213-d229-4dfb-b48e-377c0ca33348: start LeaderState
2019-10-17 19:45:43,165 [5fa7c213-d229-4dfb-b48e-377c0ca33348@group-F90583895147-LeaderElection6] INFO  segmented.SegmentedRaftLogWorker (SegmentedRaftLogWorker.java:startLogSegment(385)) - 5fa7c213-d229-4dfb-b48e-377c0ca33348@group-F90583895147-SegmentedRaftLogWorker: Starting segment from index:0
2019-10-17 19:45:43,194 [32a164c3-8bb9-4158-a4d7-ada9eb729037@group-F90583895147-LeaderElection7] INFO  impl.LeaderElection (LeaderElection.java:logAndReturn(56)) - 32a164c3-8bb9-4158-a4d7-ada9eb729037@group-F90583895147-LeaderElection7: Election TIMEOUT; received 0 response(s) [] and 0 exception(s); 32a164c3-8bb9-4158-a4d7-ada9eb729037@group-F90583895147:t4, leader=null, voted=32a164c3-8bb9-4158-a4d7-ada9eb729037, raftlog=32a164c3-8bb9-4158-a4d7-ada9eb729037@group-F90583895147-SegmentedRaftLog:OPENED:c-1,f-1,i0, conf=-1: [32a164c3-8bb9-4158-a4d7-ada9eb729037:192.168.164.201:42866, 5fa7c213-d229-4dfb-b48e-377c0ca33348:192.168.164.201:37765, fa049fba-12b8-4e17-ac2d-38ea71bdd2ce:192.168.164.201:41821], old=null
2019-10-17 19:45:43,194 [5fa7c213-d229-4dfb-b48e-377c0ca33348@group-F90583895147-LeaderElection6] INFO  impl.RaftServerImpl (ServerState.java:setRaftConf(357)) - 5fa7c213-d229-4dfb-b48e-377c0ca33348@group-F90583895147: set configuration 0: [32a164c3-8bb9-4158-a4d7-ada9eb729037:192.168.164.201:42866, 5fa7c213-d229-4dfb-b48e-377c0ca33348:192.168.164.201:37765, fa049fba-12b8-4e17-ac2d-38ea71bdd2ce:192.168.164.201:41821], old=null at 0
2019-10-17 19:45:43,196 [grpc-default-executor-0] INFO  impl.RaftServerImpl (ServerState.java:setLeader(256)) - 5fa7c213-d229-4dfb-b48e-377c0ca33348@group-F90583895147: change Leader from 5fa7c213-d229-4dfb-b48e-377c0ca33348 to null at term 4 for updateCurrentTerm
2019-10-17 19:45:43,197 [grpc-default-executor-0] INFO  impl.RaftServerImpl (RaftServerImpl.java:setRole(184)) - 5fa7c213-d229-4dfb-b48e-377c0ca33348@group-F90583895147: changes role from    LEADER to FOLLOWER at term 4 for recognizeCandidate:32a164c3-8bb9-4158-a4d7-ada9eb729037
2019-10-17 19:45:43,197 [grpc-default-executor-1] INFO  impl.RaftServerImpl (RaftServerImpl.java:setRole(184)) - fa049fba-12b8-4e17-ac2d-38ea71bdd2ce@group-F90583895147: changes role from  FOLLOWER to FOLLOWER at term 4 for recognizeCandidate:32a164c3-8bb9-4158-a4d7-ada9eb729037
2019-10-17 19:45:43,197 [grpc-default-executor-0] INFO  impl.RoleInfo (RoleInfo.java:shutdownLeaderState(104)) - 5fa7c213-d229-4dfb-b48e-377c0ca33348: shutdown LeaderState
2019-10-17 19:45:43,197 [grpc-default-executor-1] INFO  impl.RoleInfo (RoleInfo.java:shutdownFollowerState(121)) - fa049fba-12b8-4e17-ac2d-38ea71bdd2ce: shutdown FollowerState
2019-10-17 19:45:43,198 [grpc-default-executor-0] INFO  impl.PendingRequests (PendingRequests.java:sendNotLeaderResponses(202)) - 5fa7c213-d229-4dfb-b48e-377c0ca33348@group-F90583895147-PendingRequests: sendNotLeaderResponses
2019-10-17 19:45:43,199 [Thread-230] INFO  impl.FollowerState (FollowerState.java:run(117)) - fa049fba-12b8-4e17-ac2d-38ea71bdd2ce@group-F90583895147-FollowerState was interrupted: java.lang.InterruptedException: sleep interrupted
2019-10-17 19:45:43,199 [grpc-default-executor-1] INFO  impl.RoleInfo (RoleInfo.java:updateAndGet(143)) - fa049fba-12b8-4e17-ac2d-38ea71bdd2ce: start FollowerState
2019-10-17 19:45:43,199 [org.apache.ratis.server.impl.LogAppender$AppenderDaemon$$Lambda$438/1181304472@ef7ba69] WARN  server.GrpcLogAppender (GrpcLogAppender.java:mayWait(149)) - 5fa7c213-d229-4dfb-b48e-377c0ca33348@group-F90583895147->32a164c3-8bb9-4158-a4d7-ada9eb729037-GrpcLogAppender: Wait interrupted by java.lang.InterruptedException
2019-10-17 19:45:43,199 [org.apache.ratis.server.impl.LogAppender$AppenderDaemon$$Lambda$438/1181304472@3f33b424] WARN  server.GrpcLogAppender (GrpcLogAppender.java:mayWait(149)) - 5fa7c213-d229-4dfb-b48e-377c0ca33348@group-F90583895147->fa049fba-12b8-4e17-ac2d-38ea71bdd2ce-GrpcLogAppender: Wait interrupted by java.lang.InterruptedException
2019-10-17 19:45:43,200 [grpc-default-executor-0] INFO  impl.RoleInfo (RoleInfo.java:updateAndGet(143)) - 5fa7c213-d229-4dfb-b48e-377c0ca33348: start FollowerState
2019-10-17 19:45:43,202 [grpc-default-executor-3] INFO  server.GrpcServerProtocolService (GrpcServerProtocolService.java:onCompleted(113)) - 32a164c3-8bb9-4158-a4d7-ada9eb729037: Completed APPEND_ENTRIES, lastRequest: null
2019-10-17 19:45:43,203 [grpc-default-executor-3] INFO  server.GrpcServerProtocolService (GrpcServerProtocolService.java:onCompleted(113)) - fa049fba-12b8-4e17-ac2d-38ea71bdd2ce: Completed APPEND_ENTRIES, lastRequest: null
2019-10-17 19:45:43,204 [grpc-default-executor-3] INFO  server.GrpcLogAppender (GrpcLogAppender.java:onCompleted(308)) - 5fa7c213-d229-4dfb-b48e-377c0ca33348@group-F90583895147->32a164c3-8bb9-4158-a4d7-ada9eb729037-AppendLogResponseHandler: follower responses appendEntries COMPLETED
2019-10-17 19:45:43,206 [grpc-default-executor-4] INFO  server.GrpcLogAppender (GrpcLogAppender.java:onCompleted(308)) - 5fa7c213-d229-4dfb-b48e-377c0ca33348@group-F90583895147->fa049fba-12b8-4e17-ac2d-38ea71bdd2ce-AppendLogResponseHandler: follower responses appendEntries COMPLETED
2019-10-17 19:45:43,207 [grpc-default-executor-3] INFO  impl.FollowerInfo (FollowerInfo.java:lambda$new$0(51)) - 5fa7c213-d229-4dfb-b48e-377c0ca33348@group-F90583895147->32a164c3-8bb9-4158-a4d7-ada9eb729037: nextIndex: updateUnconditionally 0 -> 0
2019-10-17 19:45:43,208 [grpc-default-executor-4] INFO  impl.FollowerInfo (FollowerInfo.java:lambda$new$0(51)) - 5fa7c213-d229-4dfb-b48e-377c0ca33348@group-F90583895147->fa049fba-12b8-4e17-ac2d-38ea71bdd2ce: nextIndex: updateUnconditionally 0 -> 0
2019-10-17 19:45:43,222 [5fa7c213-d229-4dfb-b48e-377c0ca33348@group-F90583895147-SegmentedRaftLogWorker] INFO  segmented.SegmentedRaftLogWorker (SegmentedRaftLogWorker.java:execute(576)) - 5fa7c213-d229-4dfb-b48e-377c0ca33348@group-F90583895147-SegmentedRaftLogWorker: created new log segment /workdir/hadoop-ozone/integration-test/target/test-dir/MiniOzoneClusterImpl-020edf65-e88b-4f0c-8058-f5c4b9bdd7d8/datanode-0/data/ratis/a59471d8-95a8-4056-af37-f90583895147/current/log_inprogress_0
2019-10-17 19:45:43,222 [32a164c3-8bb9-4158-a4d7-ada9eb729037@group-F90583895147-LeaderElection7] INFO  impl.LeaderElection (LeaderElection.java:askForVotes(178)) - 32a164c3-8bb9-4158-a4d7-ada9eb729037@group-F90583895147-LeaderElection7: begin an election at term 5 for -1: [32a164c3-8bb9-4158-a4d7-ada9eb729037:192.168.164.201:42866, 5fa7c213-d229-4dfb-b48e-377c0ca33348:192.168.164.201:37765, fa049fba-12b8-4e17-ac2d-38ea71bdd2ce:192.168.164.201:41821], old=null
2019-10-17 19:45:43,242 [grpc-default-executor-1] INFO  impl.RaftServerImpl (RaftServerImpl.java:setRole(184)) - fa049fba-12b8-4e17-ac2d-38ea71bdd2ce@group-F90583895147: changes role from  FOLLOWER to FOLLOWER at term 5 for recognizeCandidate:32a164c3-8bb9-4158-a4d7-ada9eb729037
2019-10-17 19:45:43,242 [grpc-default-executor-1] INFO  impl.RoleInfo (RoleInfo.java:shutdownFollowerState(121)) - fa049fba-12b8-4e17-ac2d-38ea71bdd2ce: shutdown FollowerState
2019-10-17 19:45:43,244 [Thread-237] INFO  impl.FollowerState (FollowerState.java:run(117)) - fa049fba-12b8-4e17-ac2d-38ea71bdd2ce@group-F90583895147-FollowerState was interrupted: java.lang.InterruptedException: sleep interrupted
2019-10-17 19:45:43,244 [grpc-default-executor-1] INFO  impl.RoleInfo (RoleInfo.java:updateAndGet(143)) - fa049fba-12b8-4e17-ac2d-38ea71bdd2ce: start FollowerState
2019-10-17 19:45:43,245 [grpc-default-executor-0] INFO  impl.RaftServerImpl (RaftServerImpl.java:setRole(184)) - 5fa7c213-d229-4dfb-b48e-377c0ca33348@group-F90583895147: changes role from  FOLLOWER to FOLLOWER at term 5 for recognizeCandidate:32a164c3-8bb9-4158-a4d7-ada9eb729037
2019-10-17 19:45:43,245 [grpc-default-executor-0] INFO  impl.RoleInfo (RoleInfo.java:shutdownFollowerState(121)) - 5fa7c213-d229-4dfb-b48e-377c0ca33348: shutdown FollowerState
2019-10-17 19:45:43,245 [Thread-238] INFO  impl.FollowerState (FollowerState.java:run(117)) - 5fa7c213-d229-4dfb-b48e-377c0ca33348@group-F90583895147-FollowerState was interrupted: java.lang.InterruptedException: sleep interrupted
2019-10-17 19:45:43,246 [grpc-default-executor-0] INFO  impl.RoleInfo (RoleInfo.java:updateAndGet(143)) - 5fa7c213-d229-4dfb-b48e-377c0ca33348: start FollowerState
2019-10-17 19:45:43,276 [32a164c3-8bb9-4158-a4d7-ada9eb729037@group-F90583895147-LeaderElection7] INFO  impl.LeaderElection (LeaderElection.java:logAndReturn(56)) - 32a164c3-8bb9-4158-a4d7-ada9eb729037@group-F90583895147-LeaderElection7: Election REJECTED; received 2 response(s) [32a164c3-8bb9-4158-a4d7-ada9eb729037<-5fa7c213-d229-4dfb-b48e-377c0ca33348#0:FAIL-t5, 32a164c3-8bb9-4158-a4d7-ada9eb729037<-fa049fba-12b8-4e17-ac2d-38ea71bdd2ce#0:FAIL-t5] and 0 exception(s); 32a164c3-8bb9-4158-a4d7-ada9eb729037@group-F90583895147:t5, leader=null, voted=32a164c3-8bb9-4158-a4d7-ada9eb729037, raftlog=32a164c3-8bb9-4158-a4d7-ada9eb729037@group-F90583895147-SegmentedRaftLog:OPENED:c-1,f-1,i0, conf=-1: [32a164c3-8bb9-4158-a4d7-ada9eb729037:192.168.164.201:42866, 5fa7c213-d229-4dfb-b48e-377c0ca33348:192.168.164.201:37765, fa049fba-12b8-4e17-ac2d-38ea71bdd2ce:192.168.164.201:41821], old=null
2019-10-17 19:45:43,277 [32a164c3-8bb9-4158-a4d7-ada9eb729037@group-F90583895147-LeaderElection7] INFO  impl.RaftServerImpl (RaftServerImpl.java:setRole(184)) - 32a164c3-8bb9-4158-a4d7-ada9eb729037@group-F90583895147: changes role from CANDIDATE to FOLLOWER at term 5 for DISCOVERED_A_NEW_TERM
2019-10-17 19:45:43,277 [32a164c3-8bb9-4158-a4d7-ada9eb729037@group-F90583895147-LeaderElection7] INFO  impl.RoleInfo (RoleInfo.java:shutdownLeaderElection(134)) - 32a164c3-8bb9-4158-a4d7-ada9eb729037: shutdown LeaderElection
2019-10-17 19:45:43,277 [32a164c3-8bb9-4158-a4d7-ada9eb729037@group-F90583895147-LeaderElection7] INFO  impl.RoleInfo (RoleInfo.java:updateAndGet(143)) - 32a164c3-8bb9-4158-a4d7-ada9eb729037: start FollowerState
2019-10-17 19:45:43,407 [Thread-243] INFO  impl.FollowerState (FollowerState.java:run(108)) - 32a164c3-8bb9-4158-a4d7-ada9eb729037@group-F90583895147-FollowerState: change to CANDIDATE, lastRpcTime:129ms, electionTimeout:129ms
2019-10-17 19:45:43,408 [Thread-243] INFO  impl.RoleInfo (RoleInfo.java:shutdownFollowerState(121)) - 32a164c3-8bb9-4158-a4d7-ada9eb729037: shutdown FollowerState
2019-10-17 19:45:43,408 [Thread-243] INFO  impl.RaftServerImpl (RaftServerImpl.java:setRole(184)) - 32a164c3-8bb9-4158-a4d7-ada9eb729037@group-F90583895147: changes role from  FOLLOWER to CANDIDATE at term 5 for changeToCandidate
2019-10-17 19:45:43,408 [Thread-243] INFO  impl.RoleInfo (RoleInfo.java:updateAndGet(143)) - 32a164c3-8bb9-4158-a4d7-ada9eb729037: start LeaderElection
2019-10-17 19:45:43,439 [32a164c3-8bb9-4158-a4d7-ada9eb729037@group-F90583895147-LeaderElection8] INFO  impl.LeaderElection (LeaderElection.java:askForVotes(178)) - 32a164c3-8bb9-4158-a4d7-ada9eb729037@group-F90583895147-LeaderElection8: begin an election at term 6 for -1: [32a164c3-8bb9-4158-a4d7-ada9eb729037:192.168.164.201:42866, 5fa7c213-d229-4dfb-b48e-377c0ca33348:192.168.164.201:37765, fa049fba-12b8-4e17-ac2d-38ea71bdd2ce:192.168.164.201:41821], old=null
2019-10-17 19:45:43,446 [grpc-default-executor-0] INFO  impl.RaftServerImpl (RaftServerImpl.java:setRole(184)) - fa049fba-12b8-4e17-ac2d-38ea71bdd2ce@group-F90583895147: changes role from  FOLLOWER to FOLLOWER at term 6 for recognizeCandidate:32a164c3-8bb9-4158-a4d7-ada9eb729037
2019-10-17 19:45:43,446 [grpc-default-executor-1] INFO  impl.RaftServerImpl (RaftServerImpl.java:setRole(184)) - 5fa7c213-d229-4dfb-b48e-377c0ca33348@group-F90583895147: changes role from  FOLLOWER to FOLLOWER at term 6 for recognizeCandidate:32a164c3-8bb9-4158-a4d7-ada9eb729037
2019-10-17 19:45:43,446 [grpc-default-executor-0] INFO  impl.RoleInfo (RoleInfo.java:shutdownFollowerState(121)) - fa049fba-12b8-4e17-ac2d-38ea71bdd2ce: shutdown FollowerState
2019-10-17 19:45:43,446 [grpc-default-executor-1] INFO  impl.RoleInfo (RoleInfo.java:shutdownFollowerState(121)) - 5fa7c213-d229-4dfb-b48e-377c0ca33348: shutdown FollowerState
2019-10-17 19:45:43,447 [grpc-default-executor-0] INFO  impl.RoleInfo (RoleInfo.java:updateAndGet(143)) - fa049fba-12b8-4e17-ac2d-38ea71bdd2ce: start FollowerState
2019-10-17 19:45:43,447 [Thread-241] INFO  impl.FollowerState (FollowerState.java:run(117)) - fa049fba-12b8-4e17-ac2d-38ea71bdd2ce@group-F90583895147-FollowerState was interrupted: java.lang.InterruptedException: sleep interrupted
2019-10-17 19:45:43,447 [grpc-default-executor-1] INFO  impl.RoleInfo (RoleInfo.java:updateAndGet(143)) - 5fa7c213-d229-4dfb-b48e-377c0ca33348: start FollowerState
2019-10-17 19:45:43,447 [Thread-242] INFO  impl.FollowerState (FollowerState.java:run(117)) - 5fa7c213-d229-4dfb-b48e-377c0ca33348@group-F90583895147-FollowerState was interrupted: java.lang.InterruptedException: sleep interrupted
2019-10-17 19:45:43,468 [32a164c3-8bb9-4158-a4d7-ada9eb729037@group-F90583895147-LeaderElection8] INFO  impl.LeaderElection (LeaderElection.java:logAndReturn(56)) - 32a164c3-8bb9-4158-a4d7-ada9eb729037@group-F90583895147-LeaderElection8: Election TIMEOUT; received 0 response(s) [] and 0 exception(s); 32a164c3-8bb9-4158-a4d7-ada9eb729037@group-F90583895147:t6, leader=null, voted=32a164c3-8bb9-4158-a4d7-ada9eb729037, raftlog=32a164c3-8bb9-4158-a4d7-ada9eb729037@group-F90583895147-SegmentedRaftLog:OPENED:c-1,f-1,i0, conf=-1: [32a164c3-8bb9-4158-a4d7-ada9eb729037:192.168.164.201:42866, 5fa7c213-d229-4dfb-b48e-377c0ca33348:192.168.164.201:37765, fa049fba-12b8-4e17-ac2d-38ea71bdd2ce:192.168.164.201:41821], old=null
2019-10-17 19:45:43,490 [32a164c3-8bb9-4158-a4d7-ada9eb729037@group-F90583895147-LeaderElection8] INFO  impl.LeaderElection (LeaderElection.java:askForVotes(178)) - 32a164c3-8bb9-4158-a4d7-ada9eb729037@group-F90583895147-LeaderElection8: begin an election at term 7 for -1: [32a164c3-8bb9-4158-a4d7-ada9eb729037:192.168.164.201:42866, 5fa7c213-d229-4dfb-b48e-377c0ca33348:192.168.164.201:37765, fa049fba-12b8-4e17-ac2d-38ea71bdd2ce:192.168.164.201:41821], old=null
2019-10-17 19:45:43,495 [grpc-default-executor-1] INFO  impl.RaftServerImpl (RaftServerImpl.java:setRole(184)) - fa049fba-12b8-4e17-ac2d-38ea71bdd2ce@group-F90583895147: changes role from  FOLLOWER to FOLLOWER at term 7 for recognizeCandidate:32a164c3-8bb9-4158-a4d7-ada9eb729037
2019-10-17 19:45:43,496 [grpc-default-executor-1] INFO  impl.RoleInfo (RoleInfo.java:shutdownFollowerState(121)) - fa049fba-12b8-4e17-ac2d-38ea71bdd2ce: shutdown FollowerState
2019-10-17 19:45:43,497 [Thread-247] INFO  impl.FollowerState (FollowerState.java:run(117)) - fa049fba-12b8-4e17-ac2d-38ea71bdd2ce@group-F90583895147-FollowerState was interrupted: java.lang.InterruptedException: sleep interrupted
2019-10-17 19:45:43,497 [grpc-default-executor-1] INFO  impl.RoleInfo (RoleInfo.java:updateAndGet(143)) - fa049fba-12b8-4e17-ac2d-38ea71bdd2ce: start FollowerState
2019-10-17 19:45:43,497 [grpc-default-executor-0] INFO  impl.RaftServerImpl (RaftServerImpl.java:setRole(184)) - 5fa7c213-d229-4dfb-b48e-377c0ca33348@group-F90583895147: changes role from  FOLLOWER to FOLLOWER at term 7 for recognizeCandidate:32a164c3-8bb9-4158-a4d7-ada9eb729037
2019-10-17 19:45:43,498 [grpc-default-executor-0] INFO  impl.RoleInfo (RoleInfo.java:shutdownFollowerState(121)) - 5fa7c213-d229-4dfb-b48e-377c0ca33348: shutdown FollowerState
2019-10-17 19:45:43,499 [Thread-248] INFO  impl.FollowerState (FollowerState.java:run(117)) - 5fa7c213-d229-4dfb-b48e-377c0ca33348@group-F90583895147-FollowerState was interrupted: java.lang.InterruptedException: sleep interrupted
2019-10-17 19:45:43,499 [grpc-default-executor-0] INFO  impl.RoleInfo (RoleInfo.java:updateAndGet(143)) - 5fa7c213-d229-4dfb-b48e-377c0ca33348: start FollowerState
2019-10-17 19:45:43,526 [32a164c3-8bb9-4158-a4d7-ada9eb729037@group-F90583895147-LeaderElection8] INFO  impl.LeaderElection (LeaderElection.java:logAndReturn(56)) - 32a164c3-8bb9-4158-a4d7-ada9eb729037@group-F90583895147-LeaderElection8: Election REJECTED; received 2 response(s) [32a164c3-8bb9-4158-a4d7-ada9eb729037<-5fa7c213-d229-4dfb-b48e-377c0ca33348#0:FAIL-t7, 32a164c3-8bb9-4158-a4d7-ada9eb729037<-fa049fba-12b8-4e17-ac2d-38ea71bdd2ce#0:FAIL-t7] and 0 exception(s); 32a164c3-8bb9-4158-a4d7-ada9eb729037@group-F90583895147:t7, leader=null, voted=32a164c3-8bb9-4158-a4d7-ada9eb729037, raftlog=32a164c3-8bb9-4158-a4d7-ada9eb729037@group-F90583895147-SegmentedRaftLog:OPENED:c-1,f-1,i0, conf=-1: [32a164c3-8bb9-4158-a4d7-ada9eb729037:192.168.164.201:42866, 5fa7c213-d229-4dfb-b48e-377c0ca33348:192.168.164.201:37765, fa049fba-12b8-4e17-ac2d-38ea71bdd2ce:192.168.164.201:41821], old=null
2019-10-17 19:45:43,526 [32a164c3-8bb9-4158-a4d7-ada9eb729037@group-F90583895147-LeaderElection8] INFO  impl.RaftServerImpl (RaftServerImpl.java:setRole(184)) - 32a164c3-8bb9-4158-a4d7-ada9eb729037@group-F90583895147: changes role from CANDIDATE to FOLLOWER at term 7 for DISCOVERED_A_NEW_TERM
2019-10-17 19:45:43,528 [32a164c3-8bb9-4158-a4d7-ada9eb729037@group-F90583895147-LeaderElection8] INFO  impl.RoleInfo (RoleInfo.java:shutdownLeaderElection(134)) - 32a164c3-8bb9-4158-a4d7-ada9eb729037: shutdown LeaderElection
2019-10-17 19:45:43,528 [32a164c3-8bb9-4158-a4d7-ada9eb729037@group-F90583895147-LeaderElection8] INFO  impl.RoleInfo (RoleInfo.java:updateAndGet(143)) - 32a164c3-8bb9-4158-a4d7-ada9eb729037: start FollowerState
2019-10-17 19:45:43,567 [Thread-253] INFO  impl.FollowerState (FollowerState.java:run(108)) - 32a164c3-8bb9-4158-a4d7-ada9eb729037@group-F90583895147-FollowerState: change to CANDIDATE, lastRpcTime:39ms, electionTimeout:38ms
2019-10-17 19:45:43,568 [Thread-253] INFO  impl.RoleInfo (RoleInfo.java:shutdownFollowerState(121)) - 32a164c3-8bb9-4158-a4d7-ada9eb729037: shutdown FollowerState
2019-10-17 19:45:43,568 [Thread-253] INFO  impl.RaftServerImpl (RaftServerImpl.java:setRole(184)) - 32a164c3-8bb9-4158-a4d7-ada9eb729037@group-F90583895147: changes role from  FOLLOWER to CANDIDATE at term 7 for changeToCandidate
2019-10-17 19:45:43,568 [Thread-253] INFO  impl.RoleInfo (RoleInfo.java:updateAndGet(143)) - 32a164c3-8bb9-4158-a4d7-ada9eb729037: start LeaderElection
2019-10-17 19:45:43,599 [32a164c3-8bb9-4158-a4d7-ada9eb729037@group-F90583895147-LeaderElection9] INFO  impl.LeaderElection (LeaderElection.java:askForVotes(178)) - 32a164c3-8bb9-4158-a4d7-ada9eb729037@group-F90583895147-LeaderElection9: begin an election at term 8 for -1: [32a164c3-8bb9-4158-a4d7-ada9eb729037:192.168.164.201:42866, 5fa7c213-d229-4dfb-b48e-377c0ca33348:192.168.164.201:37765, fa049fba-12b8-4e17-ac2d-38ea71bdd2ce:192.168.164.201:41821], old=null
2019-10-17 19:45:43,605 [grpc-default-executor-1] INFO  impl.RaftServerImpl (RaftServerImpl.java:setRole(184)) - 5fa7c213-d229-4dfb-b48e-377c0ca33348@group-F90583895147: changes role from  FOLLOWER to FOLLOWER at term 8 for recognizeCandidate:32a164c3-8bb9-4158-a4d7-ada9eb729037
2019-10-17 19:45:43,605 [grpc-default-executor-1] INFO  impl.RoleInfo (RoleInfo.java:shutdownFollowerState(121)) - 5fa7c213-d229-4dfb-b48e-377c0ca33348: shutdown FollowerState
2019-10-17 19:45:43,605 [grpc-default-executor-1] INFO  impl.RoleInfo (RoleInfo.java:updateAndGet(143)) - 5fa7c213-d229-4dfb-b48e-377c0ca33348: start FollowerState
2019-10-17 19:45:43,605 [Thread-252] INFO  impl.FollowerState (FollowerState.java:run(117)) - 5fa7c213-d229-4dfb-b48e-377c0ca33348@group-F90583895147-FollowerState was interrupted: java.lang.InterruptedException: sleep interrupted
2019-10-17 19:45:43,605 [grpc-default-executor-0] INFO  impl.RaftServerImpl (RaftServerImpl.java:setRole(184)) - fa049fba-12b8-4e17-ac2d-38ea71bdd2ce@group-F90583895147: changes role from  FOLLOWER to FOLLOWER at term 8 for recognizeCandidate:32a164c3-8bb9-4158-a4d7-ada9eb729037
2019-10-17 19:45:43,609 [grpc-default-executor-0] INFO  impl.RoleInfo (RoleInfo.java:shutdownFollowerState(121)) - fa049fba-12b8-4e17-ac2d-38ea71bdd2ce: shutdown FollowerState
2019-10-17 19:45:43,609 [Thread-251] INFO  impl.FollowerState (FollowerState.java:run(117)) - fa049fba-12b8-4e17-ac2d-38ea71bdd2ce@group-F90583895147-FollowerState was interrupted: java.lang.InterruptedException: sleep interrupted
2019-10-17 19:45:43,609 [grpc-default-executor-0] INFO  impl.RoleInfo (RoleInfo.java:updateAndGet(143)) - fa049fba-12b8-4e17-ac2d-38ea71bdd2ce: start FollowerState
2019-10-17 19:45:43,635 [32a164c3-8bb9-4158-a4d7-ada9eb729037@group-F90583895147-LeaderElection9] INFO  impl.LeaderElection (LeaderElection.java:logAndReturn(56)) - 32a164c3-8bb9-4158-a4d7-ada9eb729037@group-F90583895147-LeaderElection9: Election REJECTED; received 2 response(s) [32a164c3-8bb9-4158-a4d7-ada9eb729037<-5fa7c213-d229-4dfb-b48e-377c0ca33348#0:FAIL-t8, 32a164c3-8bb9-4158-a4d7-ada9eb729037<-fa049fba-12b8-4e17-ac2d-38ea71bdd2ce#0:FAIL-t8] and 0 exception(s); 32a164c3-8bb9-4158-a4d7-ada9eb729037@group-F90583895147:t8, leader=null, voted=32a164c3-8bb9-4158-a4d7-ada9eb729037, raftlog=32a164c3-8bb9-4158-a4d7-ada9eb729037@group-F90583895147-SegmentedRaftLog:OPENED:c-1,f-1,i0, conf=-1: [32a164c3-8bb9-4158-a4d7-ada9eb729037:192.168.164.201:42866, 5fa7c213-d229-4dfb-b48e-377c0ca33348:192.168.164.201:37765, fa049fba-12b8-4e17-ac2d-38ea71bdd2ce:192.168.164.201:41821], old=null
2019-10-17 19:45:43,635 [32a164c3-8bb9-4158-a4d7-ada9eb729037@group-F90583895147-LeaderElection9] INFO  impl.RaftServerImpl (RaftServerImpl.java:setRole(184)) - 32a164c3-8bb9-4158-a4d7-ada9eb729037@group-F90583895147: changes role from CANDIDATE to FOLLOWER at term 8 for DISCOVERED_A_NEW_TERM
2019-10-17 19:45:43,636 [32a164c3-8bb9-4158-a4d7-ada9eb729037@group-F90583895147-LeaderElection9] INFO  impl.RoleInfo (RoleInfo.java:shutdownLeaderElection(134)) - 32a164c3-8bb9-4158-a4d7-ada9eb729037: shutdown LeaderElection
2019-10-17 19:45:43,636 [32a164c3-8bb9-4158-a4d7-ada9eb729037@group-F90583895147-LeaderElection9] INFO  impl.RoleInfo (RoleInfo.java:updateAndGet(143)) - 32a164c3-8bb9-4158-a4d7-ada9eb729037: start FollowerState
2019-10-17 19:45:43,683 [Thread-259] INFO  impl.FollowerState (FollowerState.java:run(108)) - 32a164c3-8bb9-4158-a4d7-ada9eb729037@group-F90583895147-FollowerState: change to CANDIDATE, lastRpcTime:47ms, electionTimeout:46ms
2019-10-17 19:45:43,684 [Thread-259] INFO  impl.RoleInfo (RoleInfo.java:shutdownFollowerState(121)) - 32a164c3-8bb9-4158-a4d7-ada9eb729037: shutdown FollowerState
2019-10-17 19:45:43,684 [Thread-259] INFO  impl.RaftServerImpl (RaftServerImpl.java:setRole(184)) - 32a164c3-8bb9-4158-a4d7-ada9eb729037@group-F90583895147: changes role from  FOLLOWER to CANDIDATE at term 8 for changeToCandidate
2019-10-17 19:45:43,685 [Thread-259] INFO  impl.RoleInfo (RoleInfo.java:updateAndGet(143)) - 32a164c3-8bb9-4158-a4d7-ada9eb729037: start LeaderElection
2019-10-17 19:45:43,725 [32a164c3-8bb9-4158-a4d7-ada9eb729037@group-F90583895147-LeaderElection10] INFO  impl.LeaderElection (LeaderElection.java:askForVotes(178)) - 32a164c3-8bb9-4158-a4d7-ada9eb729037@group-F90583895147-LeaderElection10: begin an election at term 9 for -1: [32a164c3-8bb9-4158-a4d7-ada9eb729037:192.168.164.201:42866, 5fa7c213-d229-4dfb-b48e-377c0ca33348:192.168.164.201:37765, fa049fba-12b8-4e17-ac2d-38ea71bdd2ce:192.168.164.201:41821], old=null
2019-10-17 19:45:43,730 [grpc-default-executor-1] INFO  impl.RaftServerImpl (RaftServerImpl.java:setRole(184)) - fa049fba-12b8-4e17-ac2d-38ea71bdd2ce@group-F90583895147: changes role from  FOLLOWER to FOLLOWER at term 9 for recognizeCandidate:32a164c3-8bb9-4158-a4d7-ada9eb729037
2019-10-17 19:45:43,730 [grpc-default-executor-0] INFO  impl.RaftServerImpl (RaftServerImpl.java:setRole(184)) - 5fa7c213-d229-4dfb-b48e-377c0ca33348@group-F90583895147: changes role from  FOLLOWER to FOLLOWER at term 9 for recognizeCandidate:32a164c3-8bb9-4158-a4d7-ada9eb729037
2019-10-17 19:45:43,730 [grpc-default-executor-1] INFO  impl.RoleInfo (RoleInfo.java:shutdownFollowerState(121)) - fa049fba-12b8-4e17-ac2d-38ea71bdd2ce: shutdown FollowerState
2019-10-17 19:45:43,730 [grpc-default-executor-0] INFO  impl.RoleInfo (RoleInfo.java:shutdownFollowerState(121)) - 5fa7c213-d229-4dfb-b48e-377c0ca33348: shutdown FollowerState
2019-10-17 19:45:43,730 [grpc-default-executor-1] INFO  impl.RoleInfo (RoleInfo.java:updateAndGet(143)) - fa049fba-12b8-4e17-ac2d-38ea71bdd2ce: start FollowerState
2019-10-17 19:45:43,730 [Thread-258] INFO  impl.FollowerState (FollowerState.java:run(117)) - fa049fba-12b8-4e17-ac2d-38ea71bdd2ce@group-F90583895147-FollowerState was interrupted: java.lang.InterruptedException: sleep interrupted
2019-10-17 19:45:43,731 [grpc-default-executor-0] INFO  impl.RoleInfo (RoleInfo.java:updateAndGet(143)) - 5fa7c213-d229-4dfb-b48e-377c0ca33348: start FollowerState
2019-10-17 19:45:43,731 [Thread-257] INFO  impl.FollowerState (FollowerState.java:run(117)) - 5fa7c213-d229-4dfb-b48e-377c0ca33348@group-F90583895147-FollowerState was interrupted: java.lang.InterruptedException: sleep interrupted
2019-10-17 19:45:43,762 [32a164c3-8bb9-4158-a4d7-ada9eb729037@group-F90583895147-LeaderElection10] INFO  impl.LeaderElection (LeaderElection.java:logAndReturn(56)) - 32a164c3-8bb9-4158-a4d7-ada9eb729037@group-F90583895147-LeaderElection10: Election REJECTED; received 2 response(s) [32a164c3-8bb9-4158-a4d7-ada9eb729037<-5fa7c213-d229-4dfb-b48e-377c0ca33348#0:FAIL-t9, 32a164c3-8bb9-4158-a4d7-ada9eb729037<-fa049fba-12b8-4e17-ac2d-38ea71bdd2ce#0:FAIL-t9] and 0 exception(s); 32a164c3-8bb9-4158-a4d7-ada9eb729037@group-F90583895147:t9, leader=null, voted=32a164c3-8bb9-4158-a4d7-ada9eb729037, raftlog=32a164c3-8bb9-4158-a4d7-ada9eb729037@group-F90583895147-SegmentedRaftLog:OPENED:c-1,f-1,i0, conf=-1: [32a164c3-8bb9-4158-a4d7-ada9eb729037:192.168.164.201:42866, 5fa7c213-d229-4dfb-b48e-377c0ca33348:192.168.164.201:37765, fa049fba-12b8-4e17-ac2d-38ea71bdd2ce:192.168.164.201:41821], old=null
2019-10-17 19:45:43,762 [32a164c3-8bb9-4158-a4d7-ada9eb729037@group-F90583895147-LeaderElection10] INFO  impl.RaftServerImpl (RaftServerImpl.java:setRole(184)) - 32a164c3-8bb9-4158-a4d7-ada9eb729037@group-F90583895147: changes role from CANDIDATE to FOLLOWER at term 9 for DISCOVERED_A_NEW_TERM
2019-10-17 19:45:43,763 [32a164c3-8bb9-4158-a4d7-ada9eb729037@group-F90583895147-LeaderElection10] INFO  impl.RoleInfo (RoleInfo.java:shutdownLeaderElection(134)) - 32a164c3-8bb9-4158-a4d7-ada9eb729037: shutdown LeaderElection
2019-10-17 19:45:43,764 [32a164c3-8bb9-4158-a4d7-ada9eb729037@group-F90583895147-LeaderElection10] INFO  impl.RoleInfo (RoleInfo.java:updateAndGet(143)) - 32a164c3-8bb9-4158-a4d7-ada9eb729037: start FollowerState
2019-10-17 19:45:43,852 [main] INFO  ozone.MiniOzoneClusterImpl (MiniOzoneClusterImpl.java:lambda$waitForClusterToBeReady$2(164)) - Waiting for 1 number of pipelines out of 4, to report a leader.
2019-10-17 19:45:43,915 [Thread-265] INFO  impl.FollowerState (FollowerState.java:run(108)) - 32a164c3-8bb9-4158-a4d7-ada9eb729037@group-F90583895147-FollowerState: change to CANDIDATE, lastRpcTime:151ms, electionTimeout:150ms
2019-10-17 19:45:43,915 [Thread-265] INFO  impl.RoleInfo (RoleInfo.java:shutdownFollowerState(121)) - 32a164c3-8bb9-4158-a4d7-ada9eb729037: shutdown FollowerState
2019-10-17 19:45:43,915 [Thread-265] INFO  impl.RaftServerImpl (RaftServerImpl.java:setRole(184)) - 32a164c3-8bb9-4158-a4d7-ada9eb729037@group-F90583895147: changes role from  FOLLOWER to CANDIDATE at term 9 for changeToCandidate
2019-10-17 19:45:43,916 [Thread-265] INFO  impl.RoleInfo (RoleInfo.java:updateAndGet(143)) - 32a164c3-8bb9-4158-a4d7-ada9eb729037: start LeaderElection
2019-10-17 19:45:43,942 [32a164c3-8bb9-4158-a4d7-ada9eb729037@group-F90583895147-LeaderElection11] INFO  impl.LeaderElection (LeaderElection.java:askForVotes(178)) - 32a164c3-8bb9-4158-a4d7-ada9eb729037@group-F90583895147-LeaderElection11: begin an election at term 10 for -1: [32a164c3-8bb9-4158-a4d7-ada9eb729037:192.168.164.201:42866, 5fa7c213-d229-4dfb-b48e-377c0ca33348:192.168.164.201:37765, fa049fba-12b8-4e17-ac2d-38ea71bdd2ce:192.168.164.201:41821], old=null
2019-10-17 19:45:43,949 [grpc-default-executor-1] INFO  impl.RaftServerImpl (RaftServerImpl.java:setRole(184)) - 5fa7c213-d229-4dfb-b48e-377c0ca33348@group-F90583895147: changes role from  FOLLOWER to FOLLOWER at term 10 for recognizeCandidate:32a164c3-8bb9-4158-a4d7-ada9eb729037
2019-10-17 19:45:43,949 [grpc-default-executor-0] INFO  impl.RaftServerImpl (RaftServerImpl.java:setRole(184)) - fa049fba-12b8-4e17-ac2d-38ea71bdd2ce@group-F90583895147: changes role from  FOLLOWER to FOLLOWER at term 10 for recognizeCandidate:32a164c3-8bb9-4158-a4d7-ada9eb729037
2019-10-17 19:45:43,950 [grpc-default-executor-1] INFO  impl.RoleInfo (RoleInfo.java:shutdownFollowerState(121)) - 5fa7c213-d229-4dfb-b48e-377c0ca33348: shutdown FollowerState
2019-10-17 19:45:43,950 [grpc-default-executor-0] INFO  impl.RoleInfo (RoleInfo.java:shutdownFollowerState(121)) - fa049fba-12b8-4e17-ac2d-38ea71bdd2ce: shutdown FollowerState
2019-10-17 19:45:43,950 [grpc-default-executor-1] INFO  impl.RoleInfo (RoleInfo.java:updateAndGet(143)) - 5fa7c213-d229-4dfb-b48e-377c0ca33348: start FollowerState
2019-10-17 19:45:43,950 [Thread-264] INFO  impl.FollowerState (FollowerState.java:run(117)) - 5fa7c213-d229-4dfb-b48e-377c0ca33348@group-F90583895147-FollowerState was interrupted: java.lang.InterruptedException: sleep interrupted
2019-10-17 19:45:43,950 [grpc-default-executor-0] INFO  impl.RoleInfo (RoleInfo.java:updateAndGet(143)) - fa049fba-12b8-4e17-ac2d-38ea71bdd2ce: start FollowerState
2019-10-17 19:45:43,950 [Thread-263] INFO  impl.FollowerState (FollowerState.java:run(117)) - fa049fba-12b8-4e17-ac2d-38ea71bdd2ce@group-F90583895147-FollowerState was interrupted: java.lang.InterruptedException: sleep interrupted
2019-10-17 19:45:43,979 [32a164c3-8bb9-4158-a4d7-ada9eb729037@group-F90583895147-LeaderElection11] INFO  impl.LeaderElection (LeaderElection.java:logAndReturn(56)) - 32a164c3-8bb9-4158-a4d7-ada9eb729037@group-F90583895147-LeaderElection11: Election REJECTED; received 2 response(s) [32a164c3-8bb9-4158-a4d7-ada9eb729037<-5fa7c213-d229-4dfb-b48e-377c0ca33348#0:FAIL-t10, 32a164c3-8bb9-4158-a4d7-ada9eb729037<-fa049fba-12b8-4e17-ac2d-38ea71bdd2ce#0:FAIL-t10] and 0 exception(s); 32a164c3-8bb9-4158-a4d7-ada9eb729037@group-F90583895147:t10, leader=null, voted=32a164c3-8bb9-4158-a4d7-ada9eb729037, raftlog=32a164c3-8bb9-4158-a4d7-ada9eb729037@group-F90583895147-SegmentedRaftLog:OPENED:c-1,f-1,i0, conf=-1: [32a164c3-8bb9-4158-a4d7-ada9eb729037:192.168.164.201:42866, 5fa7c213-d229-4dfb-b48e-377c0ca33348:192.168.164.201:37765, fa049fba-12b8-4e17-ac2d-38ea71bdd2ce:192.168.164.201:41821], old=null
2019-10-17 19:45:43,979 [32a164c3-8bb9-4158-a4d7-ada9eb729037@group-F90583895147-LeaderElection11] INFO  impl.RaftServerImpl (RaftServerImpl.java:setRole(184)) - 32a164c3-8bb9-4158-a4d7-ada9eb729037@group-F90583895147: changes role from CANDIDATE to FOLLOWER at term 10 for DISCOVERED_A_NEW_TERM
2019-10-17 19:45:43,981 [32a164c3-8bb9-4158-a4d7-ada9eb729037@group-F90583895147-LeaderElection11] INFO  impl.RoleInfo (RoleInfo.java:shutdownLeaderElection(134)) - 32a164c3-8bb9-4158-a4d7-ada9eb729037: shutdown LeaderElection
2019-10-17 19:45:43,981 [32a164c3-8bb9-4158-a4d7-ada9eb729037@group-F90583895147-LeaderElection11] INFO  impl.RoleInfo (RoleInfo.java:updateAndGet(143)) - 32a164c3-8bb9-4158-a4d7-ada9eb729037: start FollowerState
2019-10-17 19:45:44,151 [Thread-274] INFO  impl.FollowerState (FollowerState.java:run(108)) - 32a164c3-8bb9-4158-a4d7-ada9eb729037@group-F90583895147-FollowerState: change to CANDIDATE, lastRpcTime:170ms, electionTimeout:169ms
2019-10-17 19:45:44,153 [Thread-274] INFO  impl.RoleInfo (RoleInfo.java:shutdownFollowerState(121)) - 32a164c3-8bb9-4158-a4d7-ada9eb729037: shutdown FollowerState
2019-10-17 19:45:44,153 [Thread-274] INFO  impl.RaftServerImpl (RaftServerImpl.java:setRole(184)) - 32a164c3-8bb9-4158-a4d7-ada9eb729037@group-F90583895147: changes role from  FOLLOWER to CANDIDATE at term 10 for changeToCandidate
2019-10-17 19:45:44,153 [Thread-274] INFO  impl.RoleInfo (RoleInfo.java:updateAndGet(143)) - 32a164c3-8bb9-4158-a4d7-ada9eb729037: start LeaderElection
2019-10-17 19:45:44,185 [32a164c3-8bb9-4158-a4d7-ada9eb729037@group-F90583895147-LeaderElection12] INFO  impl.LeaderElection (LeaderElection.java:askForVotes(178)) - 32a164c3-8bb9-4158-a4d7-ada9eb729037@group-F90583895147-LeaderElection12: begin an election at term 11 for -1: [32a164c3-8bb9-4158-a4d7-ada9eb729037:192.168.164.201:42866, 5fa7c213-d229-4dfb-b48e-377c0ca33348:192.168.164.201:37765, fa049fba-12b8-4e17-ac2d-38ea71bdd2ce:192.168.164.201:41821], old=null
2019-10-17 19:45:44,191 [grpc-default-executor-0] INFO  impl.RaftServerImpl (RaftServerImpl.java:setRole(184)) - fa049fba-12b8-4e17-ac2d-38ea71bdd2ce@group-F90583895147: changes role from  FOLLOWER to FOLLOWER at term 11 for recognizeCandidate:32a164c3-8bb9-4158-a4d7-ada9eb729037
2019-10-17 19:45:44,191 [grpc-default-executor-1] INFO  impl.RaftServerImpl (RaftServerImpl.java:setRole(184)) - 5fa7c213-d229-4dfb-b48e-377c0ca33348@group-F90583895147: changes role from  FOLLOWER to FOLLOWER at term 11 for recognizeCandidate:32a164c3-8bb9-4158-a4d7-ada9eb729037
2019-10-17 19:45:44,191 [grpc-default-executor-0] INFO  impl.RoleInfo (RoleInfo.java:shutdownFollowerState(121)) - fa049fba-12b8-4e17-ac2d-38ea71bdd2ce: shutdown FollowerState
2019-10-17 19:45:44,191 [grpc-default-executor-1] INFO  impl.RoleInfo (RoleInfo.java:shutdownFollowerState(121)) - 5fa7c213-d229-4dfb-b48e-377c0ca33348: shutdown FollowerState
2019-10-17 19:45:44,191 [Thread-273] INFO  impl.FollowerState (FollowerState.java:run(117)) - fa049fba-12b8-4e17-ac2d-38ea71bdd2ce@group-F90583895147-FollowerState was interrupted: java.lang.InterruptedException: sleep interrupted
2019-10-17 19:45:44,191 [Thread-272] INFO  impl.FollowerState (FollowerState.java:run(117)) - 5fa7c213-d229-4dfb-b48e-377c0ca33348@group-F90583895147-FollowerState was interrupted: java.lang.InterruptedException: sleep interrupted
2019-10-17 19:45:44,191 [grpc-default-executor-0] INFO  impl.RoleInfo (RoleInfo.java:updateAndGet(143)) - fa049fba-12b8-4e17-ac2d-38ea71bdd2ce: start FollowerState
2019-10-17 19:45:44,191 [grpc-default-executor-1] INFO  impl.RoleInfo (RoleInfo.java:updateAndGet(143)) - 5fa7c213-d229-4dfb-b48e-377c0ca33348: start FollowerState
2019-10-17 19:45:44,221 [32a164c3-8bb9-4158-a4d7-ada9eb729037@group-F90583895147-LeaderElection12] INFO  impl.LeaderElection (LeaderElection.java:logAndReturn(56)) - 32a164c3-8bb9-4158-a4d7-ada9eb729037@group-F90583895147-LeaderElection12: Election REJECTED; received 2 response(s) [32a164c3-8bb9-4158-a4d7-ada9eb729037<-5fa7c213-d229-4dfb-b48e-377c0ca33348#0:FAIL-t11, 32a164c3-8bb9-4158-a4d7-ada9eb729037<-fa049fba-12b8-4e17-ac2d-38ea71bdd2ce#0:FAIL-t11] and 0 exception(s); 32a164c3-8bb9-4158-a4d7-ada9eb729037@group-F90583895147:t11, leader=null, voted=32a164c3-8bb9-4158-a4d7-ada9eb729037, raftlog=32a164c3-8bb9-4158-a4d7-ada9eb729037@group-F90583895147-SegmentedRaftLog:OPENED:c-1,f-1,i0, conf=-1: [32a164c3-8bb9-4158-a4d7-ada9eb729037:192.168.164.201:42866, 5fa7c213-d229-4dfb-b48e-377c0ca33348:192.168.164.201:37765, fa049fba-12b8-4e17-ac2d-38ea71bdd2ce:192.168.164.201:41821], old=null
2019-10-17 19:45:44,221 [32a164c3-8bb9-4158-a4d7-ada9eb729037@group-F90583895147-LeaderElection12] INFO  impl.RaftServerImpl (RaftServerImpl.java:setRole(184)) - 32a164c3-8bb9-4158-a4d7-ada9eb729037@group-F90583895147: changes role from CANDIDATE to FOLLOWER at term 11 for DISCOVERED_A_NEW_TERM
2019-10-17 19:45:44,221 [32a164c3-8bb9-4158-a4d7-ada9eb729037@group-F90583895147-LeaderElection12] INFO  impl.RoleInfo (RoleInfo.java:shutdownLeaderElection(134)) - 32a164c3-8bb9-4158-a4d7-ada9eb729037: shutdown LeaderElection
2019-10-17 19:45:44,222 [32a164c3-8bb9-4158-a4d7-ada9eb729037@group-F90583895147-LeaderElection12] INFO  impl.RoleInfo (RoleInfo.java:updateAndGet(143)) - 32a164c3-8bb9-4158-a4d7-ada9eb729037: start FollowerState
2019-10-17 19:45:44,286 [Thread-280] INFO  impl.FollowerState (FollowerState.java:run(108)) - 32a164c3-8bb9-4158-a4d7-ada9eb729037@group-F90583895147-FollowerState: change to CANDIDATE, lastRpcTime:64ms, electionTimeout:63ms
2019-10-17 19:45:44,288 [Thread-280] INFO  impl.RoleInfo (RoleInfo.java:shutdownFollowerState(121)) - 32a164c3-8bb9-4158-a4d7-ada9eb729037: shutdown FollowerState
2019-10-17 19:45:44,288 [Thread-280] INFO  impl.RaftServerImpl (RaftServerImpl.java:setRole(184)) - 32a164c3-8bb9-4158-a4d7-ada9eb729037@group-F90583895147: changes role from  FOLLOWER to CANDIDATE at term 11 for changeToCandidate
2019-10-17 19:45:44,288 [Thread-280] INFO  impl.RoleInfo (RoleInfo.java:updateAndGet(143)) - 32a164c3-8bb9-4158-a4d7-ada9eb729037: start LeaderElection
2019-10-17 19:45:44,319 [32a164c3-8bb9-4158-a4d7-ada9eb729037@group-F90583895147-LeaderElection13] INFO  impl.LeaderElection (LeaderElection.java:askForVotes(178)) - 32a164c3-8bb9-4158-a4d7-ada9eb729037@group-F90583895147-LeaderElection13: begin an election at term 12 for -1: [32a164c3-8bb9-4158-a4d7-ada9eb729037:192.168.164.201:42866, 5fa7c213-d229-4dfb-b48e-377c0ca33348:192.168.164.201:37765, fa049fba-12b8-4e17-ac2d-38ea71bdd2ce:192.168.164.201:41821], old=null
2019-10-17 19:45:44,324 [grpc-default-executor-1] INFO  impl.RaftServerImpl (RaftServerImpl.java:setRole(184)) - 5fa7c213-d229-4dfb-b48e-377c0ca33348@group-F90583895147: changes role from  FOLLOWER to FOLLOWER at term 12 for recognizeCandidate:32a164c3-8bb9-4158-a4d7-ada9eb729037
2019-10-17 19:45:44,324 [grpc-default-executor-0] INFO  impl.RaftServerImpl (RaftServerImpl.java:setRole(184)) - fa049fba-12b8-4e17-ac2d-38ea71bdd2ce@group-F90583895147: changes role from  FOLLOWER to FOLLOWER at term 12 for recognizeCandidate:32a164c3-8bb9-4158-a4d7-ada9eb729037
2019-10-17 19:45:44,325 [grpc-default-executor-1] INFO  impl.RoleInfo (RoleInfo.java:shutdownFollowerState(121)) - 5fa7c213-d229-4dfb-b48e-377c0ca33348: shutdown FollowerState
2019-10-17 19:45:44,325 [grpc-default-executor-0] INFO  impl.RoleInfo (RoleInfo.java:shutdownFollowerState(121)) - fa049fba-12b8-4e17-ac2d-38ea71bdd2ce: shutdown FollowerState
2019-10-17 19:45:44,325 [Thread-279] INFO  impl.FollowerState (FollowerState.java:run(117)) - 5fa7c213-d229-4dfb-b48e-377c0ca33348@group-F90583895147-FollowerState was interrupted: java.lang.InterruptedException: sleep interrupted
2019-10-17 19:45:44,325 [Thread-278] INFO  impl.FollowerState (FollowerState.java:run(117)) - fa049fba-12b8-4e17-ac2d-38ea71bdd2ce@group-F90583895147-FollowerState was interrupted: java.lang.InterruptedException: sleep interrupted
2019-10-17 19:45:44,325 [grpc-default-executor-1] INFO  impl.RoleInfo (RoleInfo.java:updateAndGet(143)) - 5fa7c213-d229-4dfb-b48e-377c0ca33348: start FollowerState
2019-10-17 19:45:44,325 [grpc-default-executor-0] INFO  impl.RoleInfo (RoleInfo.java:updateAndGet(143)) - fa049fba-12b8-4e17-ac2d-38ea71bdd2ce: start FollowerState
2019-10-17 19:45:44,355 [32a164c3-8bb9-4158-a4d7-ada9eb729037@group-F90583895147-LeaderElection13] INFO  impl.LeaderElection (LeaderElection.java:logAndReturn(56)) - 32a164c3-8bb9-4158-a4d7-ada9eb729037@group-F90583895147-LeaderElection13: Election REJECTED; received 2 response(s) [32a164c3-8bb9-4158-a4d7-ada9eb729037<-5fa7c213-d229-4dfb-b48e-377c0ca33348#0:FAIL-t12, 32a164c3-8bb9-4158-a4d7-ada9eb729037<-fa049fba-12b8-4e17-ac2d-38ea71bdd2ce#0:FAIL-t12] and 0 exception(s); 32a164c3-8bb9-4158-a4d7-ada9eb729037@group-F90583895147:t12, leader=null, voted=32a164c3-8bb9-4158-a4d7-ada9eb729037, raftlog=32a164c3-8bb9-4158-a4d7-ada9eb729037@group-F90583895147-SegmentedRaftLog:OPENED:c-1,f-1,i0, conf=-1: [32a164c3-8bb9-4158-a4d7-ada9eb729037:192.168.164.201:42866, 5fa7c213-d229-4dfb-b48e-377c0ca33348:192.168.164.201:37765, fa049fba-12b8-4e17-ac2d-38ea71bdd2ce:192.168.164.201:41821], old=null
2019-10-17 19:45:44,355 [32a164c3-8bb9-4158-a4d7-ada9eb729037@group-F90583895147-LeaderElection13] INFO  impl.RaftServerImpl (RaftServerImpl.java:setRole(184)) - 32a164c3-8bb9-4158-a4d7-ada9eb729037@group-F90583895147: changes role from CANDIDATE to FOLLOWER at term 12 for DISCOVERED_A_NEW_TERM
2019-10-17 19:45:44,356 [32a164c3-8bb9-4158-a4d7-ada9eb729037@group-F90583895147-LeaderElection13] INFO  impl.RoleInfo (RoleInfo.java:shutdownLeaderElection(134)) - 32a164c3-8bb9-4158-a4d7-ada9eb729037: shutdown LeaderElection
2019-10-17 19:45:44,357 [32a164c3-8bb9-4158-a4d7-ada9eb729037@group-F90583895147-LeaderElection13] INFO  impl.RoleInfo (RoleInfo.java:updateAndGet(143)) - 32a164c3-8bb9-4158-a4d7-ada9eb729037: start FollowerState
2019-10-17 19:45:44,424 [Thread-286] INFO  impl.FollowerState (FollowerState.java:run(108)) - 32a164c3-8bb9-4158-a4d7-ada9eb729037@group-F90583895147-FollowerState: change to CANDIDATE, lastRpcTime:67ms, electionTimeout:64ms
2019-10-17 19:45:44,425 [Thread-286] INFO  impl.RoleInfo (RoleInfo.java:shutdownFollowerState(121)) - 32a164c3-8bb9-4158-a4d7-ada9eb729037: shutdown FollowerState
2019-10-17 19:45:44,425 [Thread-286] INFO  impl.RaftServerImpl (RaftServerImpl.java:setRole(184)) - 32a164c3-8bb9-4158-a4d7-ada9eb729037@group-F90583895147: changes role from  FOLLOWER to CANDIDATE at term 12 for changeToCandidate
2019-10-17 19:45:44,426 [Thread-286] INFO  impl.RoleInfo (RoleInfo.java:updateAndGet(143)) - 32a164c3-8bb9-4158-a4d7-ada9eb729037: start LeaderElection
2019-10-17 19:45:44,445 [32a164c3-8bb9-4158-a4d7-ada9eb729037@group-F90583895147-LeaderElection14] INFO  impl.LeaderElection (LeaderElection.java:askForVotes(178)) - 32a164c3-8bb9-4158-a4d7-ada9eb729037@group-F90583895147-LeaderElection14: begin an election at term 13 for -1: [32a164c3-8bb9-4158-a4d7-ada9eb729037:192.168.164.201:42866, 5fa7c213-d229-4dfb-b48e-377c0ca33348:192.168.164.201:37765, fa049fba-12b8-4e17-ac2d-38ea71bdd2ce:192.168.164.201:41821], old=null
2019-10-17 19:45:44,450 [grpc-default-executor-1] INFO  impl.RaftServerImpl (RaftServerImpl.java:setRole(184)) - 5fa7c213-d229-4dfb-b48e-377c0ca33348@group-F90583895147: changes role from  FOLLOWER to FOLLOWER at term 13 for recognizeCandidate:32a164c3-8bb9-4158-a4d7-ada9eb729037
2019-10-17 19:45:44,450 [grpc-default-executor-1] INFO  impl.RoleInfo (RoleInfo.java:shutdownFollowerState(121)) - 5fa7c213-d229-4dfb-b48e-377c0ca33348: shutdown FollowerState
2019-10-17 19:45:44,450 [grpc-default-executor-0] INFO  impl.RaftServerImpl (RaftServerImpl.java:setRole(184)) - fa049fba-12b8-4e17-ac2d-38ea71bdd2ce@group-F90583895147: changes role from  FOLLOWER to FOLLOWER at term 13 for recognizeCandidate:32a164c3-8bb9-4158-a4d7-ada9eb729037
2019-10-17 19:45:44,450 [Thread-284] INFO  impl.FollowerState (FollowerState.java:run(117)) - 5fa7c213-d229-4dfb-b48e-377c0ca33348@group-F90583895147-FollowerState was interrupted: java.lang.InterruptedException: sleep interrupted
2019-10-17 19:45:44,450 [grpc-default-executor-1] INFO  impl.RoleInfo (RoleInfo.java:updateAndGet(143)) - 5fa7c213-d229-4dfb-b48e-377c0ca33348: start FollowerState
2019-10-17 19:45:44,450 [grpc-default-executor-0] INFO  impl.RoleInfo (RoleInfo.java:shutdownFollowerState(121)) - fa049fba-12b8-4e17-ac2d-38ea71bdd2ce: shutdown FollowerState
2019-10-17 19:45:44,451 [grpc-default-executor-0] INFO  impl.RoleInfo (RoleInfo.java:updateAndGet(143)) - fa049fba-12b8-4e17-ac2d-38ea71bdd2ce: start FollowerState
2019-10-17 19:45:44,451 [Thread-285] INFO  impl.FollowerState (FollowerState.java:run(117)) - fa049fba-12b8-4e17-ac2d-38ea71bdd2ce@group-F90583895147-FollowerState was interrupted: java.lang.InterruptedException: sleep interrupted
2019-10-17 19:45:44,480 [32a164c3-8bb9-4158-a4d7-ada9eb729037@group-F90583895147-LeaderElection14] INFO  impl.LeaderElection (LeaderElection.java:logAndReturn(56)) - 32a164c3-8bb9-4158-a4d7-ada9eb729037@group-F90583895147-LeaderElection14: Election REJECTED; received 2 response(s) [32a164c3-8bb9-4158-a4d7-ada9eb729037<-5fa7c213-d229-4dfb-b48e-377c0ca33348#0:FAIL-t13, 32a164c3-8bb9-4158-a4d7-ada9eb729037<-fa049fba-12b8-4e17-ac2d-38ea71bdd2ce#0:FAIL-t13] and 0 exception(s); 32a164c3-8bb9-4158-a4d7-ada9eb729037@group-F90583895147:t13, leader=null, voted=32a164c3-8bb9-4158-a4d7-ada9eb729037, raftlog=32a164c3-8bb9-4158-a4d7-ada9eb729037@group-F90583895147-SegmentedRaftLog:OPENED:c-1,f-1,i0, conf=-1: [32a164c3-8bb9-4158-a4d7-ada9eb729037:192.168.164.201:42866, 5fa7c213-d229-4dfb-b48e-377c0ca33348:192.168.164.201:37765, fa049fba-12b8-4e17-ac2d-38ea71bdd2ce:192.168.164.201:41821], old=null
2019-10-17 19:45:44,480 [32a164c3-8bb9-4158-a4d7-ada9eb729037@group-F90583895147-LeaderElection14] INFO  impl.RaftServerImpl (RaftServerImpl.java:setRole(184)) - 32a164c3-8bb9-4158-a4d7-ada9eb729037@group-F90583895147: changes role from CANDIDATE to FOLLOWER at term 13 for DISCOVERED_A_NEW_TERM
2019-10-17 19:45:44,480 [32a164c3-8bb9-4158-a4d7-ada9eb729037@group-F90583895147-LeaderElection14] INFO  impl.RoleInfo (RoleInfo.java:shutdownLeaderElection(134)) - 32a164c3-8bb9-4158-a4d7-ada9eb729037: shutdown LeaderElection
2019-10-17 19:45:44,481 [32a164c3-8bb9-4158-a4d7-ada9eb729037@group-F90583895147-LeaderElection14] INFO  impl.RoleInfo (RoleInfo.java:updateAndGet(143)) - 32a164c3-8bb9-4158-a4d7-ada9eb729037: start FollowerState
2019-10-17 19:45:44,527 [Thread-292] INFO  impl.FollowerState (FollowerState.java:run(108)) - 32a164c3-8bb9-4158-a4d7-ada9eb729037@group-F90583895147-FollowerState: change to CANDIDATE, lastRpcTime:46ms, electionTimeout:46ms
2019-10-17 19:45:44,529 [Thread-292] INFO  impl.RoleInfo (RoleInfo.java:shutdownFollowerState(121)) - 32a164c3-8bb9-4158-a4d7-ada9eb729037: shutdown FollowerState
2019-10-17 19:45:44,529 [Thread-292] INFO  impl.RaftServerImpl (RaftServerImpl.java:setRole(184)) - 32a164c3-8bb9-4158-a4d7-ada9eb729037@group-F90583895147: changes role from  FOLLOWER to CANDIDATE at term 13 for changeToCandidate
2019-10-17 19:45:44,529 [Thread-292] INFO  impl.RoleInfo (RoleInfo.java:updateAndGet(143)) - 32a164c3-8bb9-4158-a4d7-ada9eb729037: start LeaderElection
2019-10-17 19:45:44,554 [32a164c3-8bb9-4158-a4d7-ada9eb729037@group-F90583895147-LeaderElection15] INFO  impl.LeaderElection (LeaderElection.java:askForVotes(178)) - 32a164c3-8bb9-4158-a4d7-ada9eb729037@group-F90583895147-LeaderElection15: begin an election at term 14 for -1: [32a164c3-8bb9-4158-a4d7-ada9eb729037:192.168.164.201:42866, 5fa7c213-d229-4dfb-b48e-377c0ca33348:192.168.164.201:37765, fa049fba-12b8-4e17-ac2d-38ea71bdd2ce:192.168.164.201:41821], old=null
2019-10-17 19:45:44,562 [grpc-default-executor-0] INFO  impl.RaftServerImpl (RaftServerImpl.java:setRole(184)) - fa049fba-12b8-4e17-ac2d-38ea71bdd2ce@group-F90583895147: changes role from  FOLLOWER to FOLLOWER at term 14 for recognizeCandidate:32a164c3-8bb9-4158-a4d7-ada9eb729037
2019-10-17 19:45:44,562 [grpc-default-executor-1] INFO  impl.RaftServerImpl (RaftServerImpl.java:setRole(184)) - 5fa7c213-d229-4dfb-b48e-377c0ca33348@group-F90583895147: changes role from  FOLLOWER to FOLLOWER at term 14 for recognizeCandidate:32a164c3-8bb9-4158-a4d7-ada9eb729037
2019-10-17 19:45:44,562 [grpc-default-executor-0] INFO  impl.RoleInfo (RoleInfo.java:shutdownFollowerState(121)) - fa049fba-12b8-4e17-ac2d-38ea71bdd2ce: shutdown FollowerState
2019-10-17 19:45:44,562 [grpc-default-executor-1] INFO  impl.RoleInfo (RoleInfo.java:shutdownFollowerState(121)) - 5fa7c213-d229-4dfb-b48e-377c0ca33348: shutdown FollowerState
2019-10-17 19:45:44,562 [grpc-default-executor-0] INFO  impl.RoleInfo (RoleInfo.java:updateAndGet(143)) - fa049fba-12b8-4e17-ac2d-38ea71bdd2ce: start FollowerState
2019-10-17 19:45:44,562 [Thread-291] INFO  impl.FollowerState (FollowerState.java:run(117)) - fa049fba-12b8-4e17-ac2d-38ea71bdd2ce@group-F90583895147-FollowerState was interrupted: java.lang.InterruptedException: sleep interrupted
2019-10-17 19:45:44,563 [grpc-default-executor-1] INFO  impl.RoleInfo (RoleInfo.java:updateAndGet(143)) - 5fa7c213-d229-4dfb-b48e-377c0ca33348: start FollowerState
2019-10-17 19:45:44,562 [Thread-290] INFO  impl.FollowerState (FollowerState.java:run(117)) - 5fa7c213-d229-4dfb-b48e-377c0ca33348@group-F90583895147-FollowerState was interrupted: java.lang.InterruptedException: sleep interrupted
2019-10-17 19:45:44,566 [Thread-181] INFO  container.ReplicationManager (ReplicationManager.java:start(162)) - Starting Replication Monitor Thread.
2019-10-17 19:45:44,567 [Thread-181] INFO  pipeline.SCMPipelineManager (SCMPipelineManager.java:finalizeAndDestroyPipeline(315)) - destroying pipeline:Pipeline[ Id: a59471d8-95a8-4056-af37-f90583895147, Nodes: fa049fba-12b8-4e17-ac2d-38ea71bdd2ce{ip: 192.168.164.201, host: pr-hdds-1868-s6sc9-3720172378, networkLocation: /default-rack, certSerialId: null}32a164c3-8bb9-4158-a4d7-ada9eb729037{ip: 192.168.164.201, host: pr-hdds-1868-s6sc9-3720172378, networkLocation: /default-rack, certSerialId: null}5fa7c213-d229-4dfb-b48e-377c0ca33348{ip: 192.168.164.201, host: pr-hdds-1868-s6sc9-3720172378, networkLocation: /default-rack, certSerialId: null}, Type:RATIS, Factor:THREE, State:ALLOCATED]
2019-10-17 19:45:44,567 [Thread-181] INFO  pipeline.PipelineStateManager (PipelineStateManager.java:finalizePipeline(121)) - Pipeline Pipeline[ Id: a59471d8-95a8-4056-af37-f90583895147, Nodes: fa049fba-12b8-4e17-ac2d-38ea71bdd2ce{ip: 192.168.164.201, host: pr-hdds-1868-s6sc9-3720172378, networkLocation: /default-rack, certSerialId: null}32a164c3-8bb9-4158-a4d7-ada9eb729037{ip: 192.168.164.201, host: pr-hdds-1868-s6sc9-3720172378, networkLocation: /default-rack, certSerialId: null}5fa7c213-d229-4dfb-b48e-377c0ca33348{ip: 192.168.164.201, host: pr-hdds-1868-s6sc9-3720172378, networkLocation: /default-rack, certSerialId: null}, Type:RATIS, Factor:THREE, State:CLOSED] moved to CLOSED state
2019-10-17 19:45:44,567 [ReplicationMonitor] INFO  container.ReplicationManager (ReplicationManager.java:run(225)) - Replication Monitor Thread took 0 milliseconds for processing 0 containers.
2019-10-17 19:45:44,578 [grpc-default-executor-4] INFO  impl.RaftServerProxy (RaftServerProxy.java:remove(95)) - fa049fba-12b8-4e17-ac2d-38ea71bdd2ce: remove  FOLLOWER fa049fba-12b8-4e17-ac2d-38ea71bdd2ce@group-F90583895147:t14, leader=null, voted=null, raftlog=fa049fba-12b8-4e17-ac2d-38ea71bdd2ce@group-F90583895147-SegmentedRaftLog:OPENED:c-1,f0,i0, conf=0: [32a164c3-8bb9-4158-a4d7-ada9eb729037:192.168.164.201:42866, 5fa7c213-d229-4dfb-b48e-377c0ca33348:192.168.164.201:37765, fa049fba-12b8-4e17-ac2d-38ea71bdd2ce:192.168.164.201:41821], old=null RUNNING
2019-10-17 19:45:44,582 [grpc-default-executor-4] INFO  impl.RaftServerImpl (RaftServerImpl.java:lambda$shutdown$3(261)) - fa049fba-12b8-4e17-ac2d-38ea71bdd2ce@group-F90583895147: shutdown
2019-10-17 19:45:44,582 [grpc-default-executor-4] INFO  util.JmxRegister (JmxRegister.java:unregister(73)) - Successfully un-registered JMX Bean with object name Ratis:service=RaftServer,group=group-F90583895147,id=fa049fba-12b8-4e17-ac2d-38ea71bdd2ce
2019-10-17 19:45:44,583 [grpc-default-executor-4] INFO  impl.RoleInfo (RoleInfo.java:shutdownFollowerState(121)) - fa049fba-12b8-4e17-ac2d-38ea71bdd2ce: shutdown FollowerState
2019-10-17 19:45:44,583 [Thread-296] INFO  impl.FollowerState (FollowerState.java:run(117)) - fa049fba-12b8-4e17-ac2d-38ea71bdd2ce@group-F90583895147-FollowerState was interrupted: java.lang.InterruptedException: sleep interrupted
2019-10-17 19:45:44,583 [grpc-default-executor-4] INFO  impl.StateMachineUpdater (StateMachineUpdater.java:stopAndJoin(136)) - fa049fba-12b8-4e17-ac2d-38ea71bdd2ce@group-F90583895147-StateMachineUpdater: set stopIndex = -1
2019-10-17 19:45:44,584 [grpc-default-executor-4] INFO  impl.RaftServerImpl (ServerState.java:close(388)) - fa049fba-12b8-4e17-ac2d-38ea71bdd2ce@group-F90583895147: closes. applyIndex: -1
2019-10-17 19:45:44,587 [fa049fba-12b8-4e17-ac2d-38ea71bdd2ce@group-F90583895147-SegmentedRaftLogWorker] INFO  segmented.SegmentedRaftLogWorker (SegmentedRaftLogWorker.java:run(316)) - fa049fba-12b8-4e17-ac2d-38ea71bdd2ce@group-F90583895147-SegmentedRaftLogWorker was interrupted, exiting. There are 0 tasks remaining in the queue.
2019-10-17 19:45:44,588 [grpc-default-executor-4] INFO  segmented.SegmentedRaftLogWorker (SegmentedRaftLogWorker.java:close(224)) - fa049fba-12b8-4e17-ac2d-38ea71bdd2ce@group-F90583895147-SegmentedRaftLogWorker close()
2019-10-17 19:45:44,592 [32a164c3-8bb9-4158-a4d7-ada9eb729037@group-F90583895147-LeaderElection15] INFO  impl.LeaderElection (LeaderElection.java:logAndReturn(56)) - 32a164c3-8bb9-4158-a4d7-ada9eb729037@group-F90583895147-LeaderElection15: Election REJECTED; received 2 response(s) [32a164c3-8bb9-4158-a4d7-ada9eb729037<-5fa7c213-d229-4dfb-b48e-377c0ca33348#0:FAIL-t14, 32a164c3-8bb9-4158-a4d7-ada9eb729037<-fa049fba-12b8-4e17-ac2d-38ea71bdd2ce#0:FAIL-t14] and 0 exception(s); 32a164c3-8bb9-4158-a4d7-ada9eb729037@group-F90583895147:t14, leader=null, voted=32a164c3-8bb9-4158-a4d7-ada9eb729037, raftlog=32a164c3-8bb9-4158-a4d7-ada9eb729037@group-F90583895147-SegmentedRaftLog:OPENED:c-1,f-1,i0, conf=-1: [32a164c3-8bb9-4158-a4d7-ada9eb729037:192.168.164.201:42866, 5fa7c213-d229-4dfb-b48e-377c0ca33348:192.168.164.201:37765, fa049fba-12b8-4e17-ac2d-38ea71bdd2ce:192.168.164.201:41821], old=null
2019-10-17 19:45:44,592 [32a164c3-8bb9-4158-a4d7-ada9eb729037@group-F90583895147-LeaderElection15] INFO  impl.RaftServerImpl (RaftServerImpl.java:setRole(184)) - 32a164c3-8bb9-4158-a4d7-ada9eb729037@group-F90583895147: changes role from CANDIDATE to FOLLOWER at term 14 for DISCOVERED_A_NEW_TERM
2019-10-17 19:45:44,592 [32a164c3-8bb9-4158-a4d7-ada9eb729037@group-F90583895147-LeaderElection15] INFO  impl.RoleInfo (RoleInfo.java:shutdownLeaderElection(134)) - 32a164c3-8bb9-4158-a4d7-ada9eb729037: shutdown LeaderElection
2019-10-17 19:45:44,592 [32a164c3-8bb9-4158-a4d7-ada9eb729037@group-F90583895147-LeaderElection15] INFO  impl.RoleInfo (RoleInfo.java:updateAndGet(143)) - 32a164c3-8bb9-4158-a4d7-ada9eb729037: start FollowerState
2019-10-17 19:45:44,606 [grpc-default-executor-4] INFO  impl.RaftServerProxy (RaftServerProxy.java:remove(95)) - 32a164c3-8bb9-4158-a4d7-ada9eb729037: remove  FOLLOWER 32a164c3-8bb9-4158-a4d7-ada9eb729037@group-F90583895147:t14, leader=null, voted=32a164c3-8bb9-4158-a4d7-ada9eb729037, raftlog=32a164c3-8bb9-4158-a4d7-ada9eb729037@group-F90583895147-SegmentedRaftLog:OPENED:c-1,f-1,i0, conf=-1: [32a164c3-8bb9-4158-a4d7-ada9eb729037:192.168.164.201:42866, 5fa7c213-d229-4dfb-b48e-377c0ca33348:192.168.164.201:37765, fa049fba-12b8-4e17-ac2d-38ea71bdd2ce:192.168.164.201:41821], old=null RUNNING
2019-10-17 19:45:44,607 [grpc-default-executor-4] INFO  impl.RaftServerImpl (RaftServerImpl.java:lambda$shutdown$3(261)) - 32a164c3-8bb9-4158-a4d7-ada9eb729037@group-F90583895147: shutdown
2019-10-17 19:45:44,607 [grpc-default-executor-4] INFO  util.JmxRegister (JmxRegister.java:unregister(73)) - Successfully un-registered JMX Bean with object name Ratis:service=RaftServer,group=group-F90583895147,id=32a164c3-8bb9-4158-a4d7-ada9eb729037
2019-10-17 19:45:44,607 [grpc-default-executor-4] INFO  impl.RoleInfo (RoleInfo.java:shutdownFollowerState(121)) - 32a164c3-8bb9-4158-a4d7-ada9eb729037: shutdown FollowerState
2019-10-17 19:45:44,608 [grpc-default-executor-4] INFO  impl.StateMachineUpdater (StateMachineUpdater.java:stopAndJoin(136)) - 32a164c3-8bb9-4158-a4d7-ada9eb729037@group-F90583895147-StateMachineUpdater: set stopIndex = -1
2019-10-17 19:45:44,608 [Thread-299] INFO  impl.FollowerState (FollowerState.java:run(117)) - 32a164c3-8bb9-4158-a4d7-ada9eb729037@group-F90583895147-FollowerState was interrupted: java.lang.InterruptedException: sleep interrupted
2019-10-17 19:45:44,608 [grpc-default-executor-4] INFO  impl.RaftServerImpl (ServerState.java:close(388)) - 32a164c3-8bb9-4158-a4d7-ada9eb729037@group-F90583895147: closes. applyIndex: -1
2019-10-17 19:45:44,612 [32a164c3-8bb9-4158-a4d7-ada9eb729037@group-F90583895147-SegmentedRaftLogWorker] INFO  segmented.SegmentedRaftLogWorker (SegmentedRaftLogWorker.java:run(316)) - 32a164c3-8bb9-4158-a4d7-ada9eb729037@group-F90583895147-SegmentedRaftLogWorker was interrupted, exiting. There are 0 tasks remaining in the queue.
2019-10-17 19:45:44,612 [grpc-default-executor-4] INFO  segmented.SegmentedRaftLogWorker (SegmentedRaftLogWorker.java:close(224)) - 32a164c3-8bb9-4158-a4d7-ada9eb729037@group-F90583895147-SegmentedRaftLogWorker close()
2019-10-17 19:45:44,623 [grpc-default-executor-4] INFO  impl.RaftServerProxy (RaftServerProxy.java:remove(95)) - 5fa7c213-d229-4dfb-b48e-377c0ca33348: remove  FOLLOWER 5fa7c213-d229-4dfb-b48e-377c0ca33348@group-F90583895147:t14, leader=null, voted=null, raftlog=5fa7c213-d229-4dfb-b48e-377c0ca33348@group-F90583895147-SegmentedRaftLog:OPENED:c-1,f0,i0, conf=0: [32a164c3-8bb9-4158-a4d7-ada9eb729037:192.168.164.201:42866, 5fa7c213-d229-4dfb-b48e-377c0ca33348:192.168.164.201:37765, fa049fba-12b8-4e17-ac2d-38ea71bdd2ce:192.168.164.201:41821], old=null RUNNING
2019-10-17 19:45:44,623 [grpc-default-executor-4] INFO  impl.RaftServerImpl (RaftServerImpl.java:lambda$shutdown$3(261)) - 5fa7c213-d229-4dfb-b48e-377c0ca33348@group-F90583895147: shutdown
2019-10-17 19:45:44,624 [grpc-default-executor-4] INFO  util.JmxRegister (JmxRegister.java:unregister(73)) - Successfully un-registered JMX Bean with object name Ratis:service=RaftServer,group=group-F90583895147,id=5fa7c213-d229-4dfb-b48e-377c0ca33348
2019-10-17 19:45:44,624 [grpc-default-executor-4] INFO  impl.RoleInfo (RoleInfo.java:shutdownFollowerState(121)) - 5fa7c213-d229-4dfb-b48e-377c0ca33348: shutdown FollowerState
2019-10-17 19:45:44,624 [grpc-default-executor-4] INFO  impl.StateMachineUpdater (StateMachineUpdater.java:stopAndJoin(136)) - 5fa7c213-d229-4dfb-b48e-377c0ca33348@group-F90583895147-StateMachineUpdater: set stopIndex = -1
2019-10-17 19:45:44,624 [Thread-297] INFO  impl.FollowerState (FollowerState.java:run(117)) - 5fa7c213-d229-4dfb-b48e-377c0ca33348@group-F90583895147-FollowerState was interrupted: java.lang.InterruptedException: sleep interrupted
2019-10-17 19:45:44,624 [grpc-default-executor-4] INFO  impl.RaftServerImpl (ServerState.java:close(388)) - 5fa7c213-d229-4dfb-b48e-377c0ca33348@group-F90583895147: closes. applyIndex: -1
2019-10-17 19:45:44,627 [5fa7c213-d229-4dfb-b48e-377c0ca33348@group-F90583895147-SegmentedRaftLogWorker] INFO  segmented.SegmentedRaftLogWorker (SegmentedRaftLogWorker.java:run(316)) - 5fa7c213-d229-4dfb-b48e-377c0ca33348@group-F90583895147-SegmentedRaftLogWorker was interrupted, exiting. There are 0 tasks remaining in the queue.
2019-10-17 19:45:44,628 [grpc-default-executor-4] INFO  segmented.SegmentedRaftLogWorker (SegmentedRaftLogWorker.java:close(224)) - 5fa7c213-d229-4dfb-b48e-377c0ca33348@group-F90583895147-SegmentedRaftLogWorker close()
2019-10-17 19:45:44,633 [Thread-181] INFO  pipeline.PipelineStateManager (PipelineStateManager.java:removePipeline(106)) - Pipeline Pipeline[ Id: a59471d8-95a8-4056-af37-f90583895147, Nodes: fa049fba-12b8-4e17-ac2d-38ea71bdd2ce{ip: 192.168.164.201, host: pr-hdds-1868-s6sc9-3720172378, networkLocation: /default-rack, certSerialId: null}32a164c3-8bb9-4158-a4d7-ada9eb729037{ip: 192.168.164.201, host: pr-hdds-1868-s6sc9-3720172378, networkLocation: /default-rack, certSerialId: null}5fa7c213-d229-4dfb-b48e-377c0ca33348{ip: 192.168.164.201, host: pr-hdds-1868-s6sc9-3720172378, networkLocation: /default-rack, certSerialId: null}, Type:RATIS, Factor:THREE, State:CLOSED] removed from db
2019-10-17 19:45:44,648 [grpc-default-executor-4] INFO  impl.RaftServerProxy (RaftServerProxy.java:addNew(89)) - fa049fba-12b8-4e17-ac2d-38ea71bdd2ce: addNew group-4CC069B2961E:[32a164c3-8bb9-4158-a4d7-ada9eb729037:192.168.164.201:42866, 5fa7c213-d229-4dfb-b48e-377c0ca33348:192.168.164.201:37765, fa049fba-12b8-4e17-ac2d-38ea71bdd2ce:192.168.164.201:41821] returns group-4CC069B2961E:java.util.concurrent.CompletableFuture@5bee148b[Not completed]
2019-10-17 19:45:44,648 [grpc-default-executor-1] INFO  impl.RaftServerProxy (RaftServerProxy.java:addNew(89)) - 32a164c3-8bb9-4158-a4d7-ada9eb729037: addNew group-4CC069B2961E:[32a164c3-8bb9-4158-a4d7-ada9eb729037:192.168.164.201:42866, 5fa7c213-d229-4dfb-b48e-377c0ca33348:192.168.164.201:37765, fa049fba-12b8-4e17-ac2d-38ea71bdd2ce:192.168.164.201:41821] returns group-4CC069B2961E:java.util.concurrent.CompletableFuture@6f6816d4[Not completed]
2019-10-17 19:45:44,648 [grpc-default-executor-0] INFO  impl.RaftServerProxy (RaftServerProxy.java:addNew(89)) - 5fa7c213-d229-4dfb-b48e-377c0ca33348: addNew group-4CC069B2961E:[32a164c3-8bb9-4158-a4d7-ada9eb729037:192.168.164.201:42866, 5fa7c213-d229-4dfb-b48e-377c0ca33348:192.168.164.201:37765, fa049fba-12b8-4e17-ac2d-38ea71bdd2ce:192.168.164.201:41821] returns group-4CC069B2961E:java.util.concurrent.CompletableFuture@32fd8e5a[Not completed]
2019-10-17 19:45:44,651 [pool-47-thread-1] INFO  impl.RaftServerImpl (RaftServerImpl.java:<init>(104)) - 32a164c3-8bb9-4158-a4d7-ada9eb729037: new RaftServerImpl for group-4CC069B2961E:[32a164c3-8bb9-4158-a4d7-ada9eb729037:192.168.164.201:42866, 5fa7c213-d229-4dfb-b48e-377c0ca33348:192.168.164.201:37765, fa049fba-12b8-4e17-ac2d-38ea71bdd2ce:192.168.164.201:41821] with ContainerStateMachine:uninitialized
2019-10-17 19:45:44,651 [pool-47-thread-1] INFO  server.RaftServerConfigKeys (ConfUtils.java:logGet(43)) - raft.server.rpc.timeout.min = 5s (custom)
2019-10-17 19:45:44,651 [pool-47-thread-1] INFO  server.RaftServerConfigKeys (ConfUtils.java:logGet(43)) - raft.server.rpc.timeout.max = 5200ms (custom)
2019-10-17 19:45:44,651 [pool-47-thread-1] INFO  server.RaftServerConfigKeys (ConfUtils.java:logGet(43)) - raft.server.rpcslowness.timeout = 1000s (custom)
2019-10-17 19:45:44,651 [pool-47-thread-1] INFO  server.RaftServerConfigKeys (ConfUtils.java:logGet(43)) - raft.server.sleep.deviation.threshold = 300 (default)
2019-10-17 19:45:44,652 [pool-47-thread-1] INFO  server.RaftServerConfigKeys (ConfUtils.java:logGet(43)) - raft.server.log.appender.install.snapshot.enabled = false (custom)
2019-10-17 19:45:44,652 [pool-47-thread-1] INFO  impl.RaftServerImpl (ServerState.java:<init>(103)) - 32a164c3-8bb9-4158-a4d7-ada9eb729037@group-4CC069B2961E: ConfigurationManager, init=-1: [32a164c3-8bb9-4158-a4d7-ada9eb729037:192.168.164.201:42866, 5fa7c213-d229-4dfb-b48e-377c0ca33348:192.168.164.201:37765, fa049fba-12b8-4e17-ac2d-38ea71bdd2ce:192.168.164.201:41821], old=null, confs=<EMPTY_MAP>
2019-10-17 19:45:44,652 [pool-47-thread-1] INFO  server.RaftServerConfigKeys (ConfUtils.java:logGet(43)) - raft.server.storage.dir = [/workdir/hadoop-ozone/integration-test/target/test-dir/MiniOzoneClusterImpl-020edf65-e88b-4f0c-8058-f5c4b9bdd7d8/datanode-2/data/ratis] (custom)
2019-10-17 19:45:44,652 [pool-27-thread-1] INFO  impl.RaftServerImpl (RaftServerImpl.java:<init>(104)) - 5fa7c213-d229-4dfb-b48e-377c0ca33348: new RaftServerImpl for group-4CC069B2961E:[32a164c3-8bb9-4158-a4d7-ada9eb729037:192.168.164.201:42866, 5fa7c213-d229-4dfb-b48e-377c0ca33348:192.168.164.201:37765, fa049fba-12b8-4e17-ac2d-38ea71bdd2ce:192.168.164.201:41821] with ContainerStateMachine:uninitialized
2019-10-17 19:45:44,652 [pool-47-thread-1] INFO  server.RaftServerConfigKeys (ConfUtils.java:logGet(43)) - raft.server.log.corruption.policy = EXCEPTION (default)
2019-10-17 19:45:44,652 [pool-27-thread-1] INFO  server.RaftServerConfigKeys (ConfUtils.java:logGet(43)) - raft.server.rpc.timeout.min = 5s (custom)
2019-10-17 19:45:44,653 [pool-47-thread-1] INFO  storage.RaftStorageDirectory (RaftStorageDirectory.java:analyzeStorage(246)) - The storage directory /workdir/hadoop-ozone/integration-test/target/test-dir/MiniOzoneClusterImpl-020edf65-e88b-4f0c-8058-f5c4b9bdd7d8/datanode-2/data/ratis/adc40928-88ac-46dc-94be-4cc069b2961e does not exist. Creating ...
2019-10-17 19:45:44,653 [pool-27-thread-1] INFO  server.RaftServerConfigKeys (ConfUtils.java:logGet(43)) - raft.server.rpc.timeout.max = 5200ms (custom)
2019-10-17 19:45:44,653 [pool-27-thread-1] INFO  server.RaftServerConfigKeys (ConfUtils.java:logGet(43)) - raft.server.rpcslowness.timeout = 1000s (custom)
2019-10-17 19:45:44,653 [pool-27-thread-1] INFO  server.RaftServerConfigKeys (ConfUtils.java:logGet(43)) - raft.server.sleep.deviation.threshold = 300 (default)
2019-10-17 19:45:44,653 [pool-37-thread-1] INFO  impl.RaftServerImpl (RaftServerImpl.java:<init>(104)) - fa049fba-12b8-4e17-ac2d-38ea71bdd2ce: new RaftServerImpl for group-4CC069B2961E:[32a164c3-8bb9-4158-a4d7-ada9eb729037:192.168.164.201:42866, 5fa7c213-d229-4dfb-b48e-377c0ca33348:192.168.164.201:37765, fa049fba-12b8-4e17-ac2d-38ea71bdd2ce:192.168.164.201:41821] with ContainerStateMachine:uninitialized
2019-10-17 19:45:44,653 [pool-27-thread-1] INFO  server.RaftServerConfigKeys (ConfUtils.java:logGet(43)) - raft.server.log.appender.install.snapshot.enabled = false (custom)
2019-10-17 19:45:44,653 [pool-37-thread-1] INFO  server.RaftServerConfigKeys (ConfUtils.java:logGet(43)) - raft.server.rpc.timeout.min = 5s (custom)
2019-10-17 19:45:44,653 [pool-27-thread-1] INFO  impl.RaftServerImpl (ServerState.java:<init>(103)) - 5fa7c213-d229-4dfb-b48e-377c0ca33348@group-4CC069B2961E: ConfigurationManager, init=-1: [32a164c3-8bb9-4158-a4d7-ada9eb729037:192.168.164.201:42866, 5fa7c213-d229-4dfb-b48e-377c0ca33348:192.168.164.201:37765, fa049fba-12b8-4e17-ac2d-38ea71bdd2ce:192.168.164.201:41821], old=null, confs=<EMPTY_MAP>
2019-10-17 19:45:44,653 [pool-37-thread-1] INFO  server.RaftServerConfigKeys (ConfUtils.java:logGet(43)) - raft.server.rpc.timeout.max = 5200ms (custom)
2019-10-17 19:45:44,654 [pool-27-thread-1] INFO  server.RaftServerConfigKeys (ConfUtils.java:logGet(43)) - raft.server.storage.dir = [/workdir/hadoop-ozone/integration-test/target/test-dir/MiniOzoneClusterImpl-020edf65-e88b-4f0c-8058-f5c4b9bdd7d8/datanode-0/data/ratis] (custom)
2019-10-17 19:45:44,654 [pool-37-thread-1] INFO  server.RaftServerConfigKeys (ConfUtils.java:logGet(43)) - raft.server.rpcslowness.timeout = 1000s (custom)
2019-10-17 19:45:44,654 [pool-37-thread-1] INFO  server.RaftServerConfigKeys (ConfUtils.java:logGet(43)) - raft.server.sleep.deviation.threshold = 300 (default)
2019-10-17 19:45:44,654 [pool-37-thread-1] INFO  server.RaftServerConfigKeys (ConfUtils.java:logGet(43)) - raft.server.log.appender.install.snapshot.enabled = false (custom)
2019-10-17 19:45:44,654 [pool-27-thread-1] INFO  server.RaftServerConfigKeys (ConfUtils.java:logGet(43)) - raft.server.log.corruption.policy = EXCEPTION (default)
2019-10-17 19:45:44,654 [pool-37-thread-1] INFO  impl.RaftServerImpl (ServerState.java:<init>(103)) - fa049fba-12b8-4e17-ac2d-38ea71bdd2ce@group-4CC069B2961E: ConfigurationManager, init=-1: [32a164c3-8bb9-4158-a4d7-ada9eb729037:192.168.164.201:42866, 5fa7c213-d229-4dfb-b48e-377c0ca33348:192.168.164.201:37765, fa049fba-12b8-4e17-ac2d-38ea71bdd2ce:192.168.164.201:41821], old=null, confs=<EMPTY_MAP>
2019-10-17 19:45:44,654 [pool-27-thread-1] INFO  storage.RaftStorageDirectory (RaftStorageDirectory.java:analyzeStorage(246)) - The storage directory /workdir/hadoop-ozone/integration-test/target/test-dir/MiniOzoneClusterImpl-020edf65-e88b-4f0c-8058-f5c4b9bdd7d8/datanode-0/data/ratis/adc40928-88ac-46dc-94be-4cc069b2961e does not exist. Creating ...
2019-10-17 19:45:44,654 [pool-37-thread-1] INFO  server.RaftServerConfigKeys (ConfUtils.java:logGet(43)) - raft.server.storage.dir = [/workdir/hadoop-ozone/integration-test/target/test-dir/MiniOzoneClusterImpl-020edf65-e88b-4f0c-8058-f5c4b9bdd7d8/datanode-1/data/ratis] (custom)
2019-10-17 19:45:44,655 [pool-37-thread-1] INFO  server.RaftServerConfigKeys (ConfUtils.java:logGet(43)) - raft.server.log.corruption.policy = EXCEPTION (default)
2019-10-17 19:45:44,655 [pool-37-thread-1] INFO  storage.RaftStorageDirectory (RaftStorageDirectory.java:analyzeStorage(246)) - The storage directory /workdir/hadoop-ozone/integration-test/target/test-dir/MiniOzoneClusterImpl-020edf65-e88b-4f0c-8058-f5c4b9bdd7d8/datanode-1/data/ratis/adc40928-88ac-46dc-94be-4cc069b2961e does not exist. Creating ...
2019-10-17 19:45:44,680 [pool-47-thread-1] INFO  storage.RaftStorageDirectory (RaftStorageDirectory.java:tryLock(328)) - Lock on /workdir/hadoop-ozone/integration-test/target/test-dir/MiniOzoneClusterImpl-020edf65-e88b-4f0c-8058-f5c4b9bdd7d8/datanode-2/data/ratis/adc40928-88ac-46dc-94be-4cc069b2961e/in_use.lock acquired by nodename 1125@pr-hdds-1868-s6sc9-3720172378
2019-10-17 19:45:44,680 [pool-37-thread-1] INFO  storage.RaftStorageDirectory (RaftStorageDirectory.java:tryLock(328)) - Lock on /workdir/hadoop-ozone/integration-test/target/test-dir/MiniOzoneClusterImpl-020edf65-e88b-4f0c-8058-f5c4b9bdd7d8/datanode-1/data/ratis/adc40928-88ac-46dc-94be-4cc069b2961e/in_use.lock acquired by nodename 1125@pr-hdds-1868-s6sc9-3720172378
2019-10-17 19:45:44,680 [pool-27-thread-1] INFO  storage.RaftStorageDirectory (RaftStorageDirectory.java:tryLock(328)) - Lock on /workdir/hadoop-ozone/integration-test/target/test-dir/MiniOzoneClusterImpl-020edf65-e88b-4f0c-8058-f5c4b9bdd7d8/datanode-0/data/ratis/adc40928-88ac-46dc-94be-4cc069b2961e/in_use.lock acquired by nodename 1125@pr-hdds-1868-s6sc9-3720172378
2019-10-17 19:45:44,706 [pool-47-thread-1] INFO  storage.RaftStorage (RaftStorage.java:format(84)) - Storage directory /workdir/hadoop-ozone/integration-test/target/test-dir/MiniOzoneClusterImpl-020edf65-e88b-4f0c-8058-f5c4b9bdd7d8/datanode-2/data/ratis/adc40928-88ac-46dc-94be-4cc069b2961e has been successfully formatted.
2019-10-17 19:45:44,706 [pool-27-thread-1] INFO  storage.RaftStorage (RaftStorage.java:format(84)) - Storage directory /workdir/hadoop-ozone/integration-test/target/test-dir/MiniOzoneClusterImpl-020edf65-e88b-4f0c-8058-f5c4b9bdd7d8/datanode-0/data/ratis/adc40928-88ac-46dc-94be-4cc069b2961e has been successfully formatted.
2019-10-17 19:45:44,706 [pool-37-thread-1] INFO  storage.RaftStorage (RaftStorage.java:format(84)) - Storage directory /workdir/hadoop-ozone/integration-test/target/test-dir/MiniOzoneClusterImpl-020edf65-e88b-4f0c-8058-f5c4b9bdd7d8/datanode-1/data/ratis/adc40928-88ac-46dc-94be-4cc069b2961e has been successfully formatted.
2019-10-17 19:45:44,707 [pool-47-thread-1] INFO  ratis.ContainerStateMachine (ContainerStateMachine.java:loadSnapshot(233)) - group-4CC069B2961E: The snapshot info is null. Setting the last applied indexto:(t:0, i:~)
2019-10-17 19:45:44,707 [pool-27-thread-1] INFO  ratis.ContainerStateMachine (ContainerStateMachine.java:loadSnapshot(233)) - group-4CC069B2961E: The snapshot info is null. Setting the last applied indexto:(t:0, i:~)
2019-10-17 19:45:44,707 [pool-47-thread-1] INFO  server.RaftServerConfigKeys (ConfUtils.java:logGet(43)) - raft.server.notification.no-leader.timeout = 1000s (custom)
2019-10-17 19:45:44,707 [pool-37-thread-1] INFO  ratis.ContainerStateMachine (ContainerStateMachine.java:loadSnapshot(233)) - group-4CC069B2961E: The snapshot info is null. Setting the last applied indexto:(t:0, i:~)
2019-10-17 19:45:44,707 [pool-47-thread-1] INFO  server.RaftServerConfigKeys (ConfUtils.java:logGet(43)) - raft.server.log.use.memory = false (default)
2019-10-17 19:45:44,707 [pool-27-thread-1] INFO  server.RaftServerConfigKeys (ConfUtils.java:logGet(43)) - raft.server.notification.no-leader.timeout = 1000s (custom)
2019-10-17 19:45:44,708 [pool-47-thread-1] INFO  server.RaftServerConfigKeys (ConfUtils.java:logGet(43)) - raft.server.log.purge.gap = 1000000 (custom)
2019-10-17 19:45:44,707 [pool-37-thread-1] INFO  server.RaftServerConfigKeys (ConfUtils.java:logGet(43)) - raft.server.notification.no-leader.timeout = 1000s (custom)
2019-10-17 19:45:44,708 [pool-47-thread-1] INFO  server.RaftServerConfigKeys (ConfUtils.java:logGet(43)) - raft.server.log.appender.buffer.byte-limit = 33554432 (custom)
2019-10-17 19:45:44,708 [pool-27-thread-1] INFO  server.RaftServerConfigKeys (ConfUtils.java:logGet(43)) - raft.server.log.use.memory = false (default)
2019-10-17 19:45:44,708 [pool-47-thread-1] INFO  server.RaftServerConfigKeys (ConfUtils.java:logGet(43)) - raft.server.log.segment.size.max = 1048576 (custom)
2019-10-17 19:45:44,708 [pool-37-thread-1] INFO  server.RaftServerConfigKeys (ConfUtils.java:logGet(43)) - raft.server.log.use.memory = false (default)
2019-10-17 19:45:44,708 [pool-47-thread-1] INFO  server.RaftServerConfigKeys (ConfUtils.java:logGet(43)) - raft.server.log.segment.cache.num.max = 2 (custom)
2019-10-17 19:45:44,708 [pool-37-thread-1] INFO  server.RaftServerConfigKeys (ConfUtils.java:logGet(43)) - raft.server.log.purge.gap = 1000000 (custom)
2019-10-17 19:45:44,708 [pool-27-thread-1] INFO  server.RaftServerConfigKeys (ConfUtils.java:logGet(43)) - raft.server.log.purge.gap = 1000000 (custom)
2019-10-17 19:45:44,708 [pool-37-thread-1] INFO  server.RaftServerConfigKeys (ConfUtils.java:logGet(43)) - raft.server.log.appender.buffer.byte-limit = 33554432 (custom)
2019-10-17 19:45:44,708 [pool-47-thread-1] INFO  segmented.SegmentedRaftLogWorker (SegmentedRaftLogWorker.java:<init>(173)) - new 32a164c3-8bb9-4158-a4d7-ada9eb729037@group-4CC069B2961E-SegmentedRaftLogWorker for RaftStorage:Storage Directory /workdir/hadoop-ozone/integration-test/target/test-dir/MiniOzoneClusterImpl-020edf65-e88b-4f0c-8058-f5c4b9bdd7d8/datanode-2/data/ratis/adc40928-88ac-46dc-94be-4cc069b2961e
2019-10-17 19:45:44,709 [pool-37-thread-1] INFO  server.RaftServerConfigKeys (ConfUtils.java:logGet(43)) - raft.server.log.segment.size.max = 1048576 (custom)
2019-10-17 19:45:44,709 [pool-27-thread-1] INFO  server.RaftServerConfigKeys (ConfUtils.java:logGet(43)) - raft.server.log.appender.buffer.byte-limit = 33554432 (custom)
2019-10-17 19:45:44,709 [pool-37-thread-1] INFO  server.RaftServerConfigKeys (ConfUtils.java:logGet(43)) - raft.server.log.segment.cache.num.max = 2 (custom)
2019-10-17 19:45:44,709 [pool-47-thread-1] INFO  server.RaftServerConfigKeys (ConfUtils.java:logGet(43)) - raft.server.log.queue.byte-limit = 2147483647 (custom)
2019-10-17 19:45:44,709 [pool-37-thread-1] INFO  segmented.SegmentedRaftLogWorker (SegmentedRaftLogWorker.java:<init>(173)) - new fa049fba-12b8-4e17-ac2d-38ea71bdd2ce@group-4CC069B2961E-SegmentedRaftLogWorker for RaftStorage:Storage Directory /workdir/hadoop-ozone/integration-test/target/test-dir/MiniOzoneClusterImpl-020edf65-e88b-4f0c-8058-f5c4b9bdd7d8/datanode-1/data/ratis/adc40928-88ac-46dc-94be-4cc069b2961e
2019-10-17 19:45:44,709 [pool-27-thread-1] INFO  server.RaftServerConfigKeys (ConfUtils.java:logGet(43)) - raft.server.log.segment.size.max = 1048576 (custom)
2019-10-17 19:45:44,709 [pool-37-thread-1] INFO  server.RaftServerConfigKeys (ConfUtils.java:logGet(43)) - raft.server.log.queue.byte-limit = 2147483647 (custom)
2019-10-17 19:45:44,709 [pool-47-thread-1] INFO  server.RaftServerConfigKeys (ConfUtils.java:logGet(43)) - raft.server.log.queue.element-limit = 1024 (custom)
2019-10-17 19:45:44,710 [pool-37-thread-1] INFO  server.RaftServerConfigKeys (ConfUtils.java:logGet(43)) - raft.server.log.queue.element-limit = 1024 (custom)
2019-10-17 19:45:44,710 [pool-27-thread-1] INFO  server.RaftServerConfigKeys (ConfUtils.java:logGet(43)) - raft.server.log.segment.cache.num.max = 2 (custom)
2019-10-17 19:45:44,710 [pool-37-thread-1] INFO  server.RaftServerConfigKeys (ConfUtils.java:logGet(43)) - raft.server.log.segment.size.max = 1048576 (custom)
2019-10-17 19:45:44,710 [pool-47-thread-1] INFO  server.RaftServerConfigKeys (ConfUtils.java:logGet(43)) - raft.server.log.segment.size.max = 1048576 (custom)
2019-10-17 19:45:44,710 [pool-37-thread-1] INFO  server.RaftServerConfigKeys (ConfUtils.java:logGet(43)) - raft.server.log.preallocated.size = 16384 (custom)
2019-10-17 19:45:44,710 [pool-27-thread-1] INFO  segmented.SegmentedRaftLogWorker (SegmentedRaftLogWorker.java:<init>(173)) - new 5fa7c213-d229-4dfb-b48e-377c0ca33348@group-4CC069B2961E-SegmentedRaftLogWorker for RaftStorage:Storage Directory /workdir/hadoop-ozone/integration-test/target/test-dir/MiniOzoneClusterImpl-020edf65-e88b-4f0c-8058-f5c4b9bdd7d8/datanode-0/data/ratis/adc40928-88ac-46dc-94be-4cc069b2961e
2019-10-17 19:45:44,710 [pool-37-thread-1] INFO  server.RaftServerConfigKeys (ConfUtils.java:logGet(43)) - raft.server.log.write.buffer.size = 33554432 (custom)
2019-10-17 19:45:44,710 [pool-47-thread-1] INFO  server.RaftServerConfigKeys (ConfUtils.java:logGet(43)) - raft.server.log.preallocated.size = 16384 (custom)
2019-10-17 19:45:44,711 [pool-37-thread-1] INFO  server.RaftServerConfigKeys (ConfUtils.java:logGet(43)) - raft.server.log.force.sync.num = 128 (default)
2019-10-17 19:45:44,710 [pool-27-thread-1] INFO  server.RaftServerConfigKeys (ConfUtils.java:logGet(43)) - raft.server.log.queue.byte-limit = 2147483647 (custom)
2019-10-17 19:45:44,711 [pool-37-thread-1] INFO  server.RaftServerConfigKeys (ConfUtils.java:logGet(43)) - raft.server.log.statemachine.data.sync = true (default)
2019-10-17 19:45:44,711 [pool-47-thread-1] INFO  server.RaftServerConfigKeys (ConfUtils.java:logGet(43)) - raft.server.log.write.buffer.size = 33554432 (custom)
2019-10-17 19:45:44,711 [pool-37-thread-1] INFO  server.RaftServerConfigKeys (ConfUtils.java:logGet(43)) - raft.server.log.statemachine.data.sync.timeout = 10s (default)
2019-10-17 19:45:44,711 [pool-27-thread-1] INFO  server.RaftServerConfigKeys (ConfUtils.java:logGet(43)) - raft.server.log.queue.element-limit = 1024 (custom)
2019-10-17 19:45:44,711 [pool-37-thread-1] INFO  server.RaftServerConfigKeys (ConfUtils.java:logGet(43)) - raft.server.log.statemachine.data.sync.timeout.retry = -1 (default)
2019-10-17 19:45:44,711 [pool-47-thread-1] INFO  server.RaftServerConfigKeys (ConfUtils.java:logGet(43)) - raft.server.log.force.sync.num = 128 (default)
2019-10-17 19:45:44,711 [pool-27-thread-1] INFO  server.RaftServerConfigKeys (ConfUtils.java:logGet(43)) - raft.server.log.segment.size.max = 1048576 (custom)
2019-10-17 19:45:44,712 [pool-47-thread-1] INFO  server.RaftServerConfigKeys (ConfUtils.java:logGet(43)) - raft.server.log.statemachine.data.sync = true (default)
2019-10-17 19:45:44,712 [pool-37-thread-1] INFO  server.RaftServerConfigKeys (ConfUtils.java:logGet(43)) - raft.server.log.statemachine.data.caching.enabled = true (custom)
2019-10-17 19:45:44,712 [pool-47-thread-1] INFO  server.RaftServerConfigKeys (ConfUtils.java:logGet(43)) - raft.server.log.statemachine.data.sync.timeout = 10s (default)
2019-10-17 19:45:44,712 [pool-27-thread-1] INFO  server.RaftServerConfigKeys (ConfUtils.java:logGet(43)) - raft.server.log.preallocated.size = 16384 (custom)
2019-10-17 19:45:44,712 [pool-47-thread-1] INFO  server.RaftServerConfigKeys (ConfUtils.java:logGet(43)) - raft.server.log.statemachine.data.sync.timeout.retry = -1 (default)
2019-10-17 19:45:44,712 [pool-27-thread-1] INFO  server.RaftServerConfigKeys (ConfUtils.java:logGet(43)) - raft.server.log.write.buffer.size = 33554432 (custom)
2019-10-17 19:45:44,712 [pool-37-thread-1] INFO  segmented.SegmentedRaftLogWorker (SegmentedRaftLogWorker.java:lambda$new$0(128)) - fa049fba-12b8-4e17-ac2d-38ea71bdd2ce@group-4CC069B2961E-SegmentedRaftLogWorker: flushIndex: setUnconditionally 0 -> -1
2019-10-17 19:45:44,712 [pool-27-thread-1] INFO  server.RaftServerConfigKeys (ConfUtils.java:logGet(43)) - raft.server.log.force.sync.num = 128 (default)
2019-10-17 19:45:44,712 [pool-47-thread-1] INFO  server.RaftServerConfigKeys (ConfUtils.java:logGet(43)) - raft.server.log.statemachine.data.caching.enabled = true (custom)
2019-10-17 19:45:44,713 [pool-27-thread-1] INFO  server.RaftServerConfigKeys (ConfUtils.java:logGet(43)) - raft.server.log.statemachine.data.sync = true (default)
2019-10-17 19:45:44,713 [pool-37-thread-1] INFO  server.RaftServerConfigKeys (ConfUtils.java:logGet(43)) - raft.server.snapshot.auto.trigger.enabled = true (custom)
2019-10-17 19:45:44,713 [pool-27-thread-1] INFO  server.RaftServerConfigKeys (ConfUtils.java:logGet(43)) - raft.server.log.statemachine.data.sync.timeout = 10s (default)
2019-10-17 19:45:44,713 [pool-37-thread-1] INFO  server.RaftServerConfigKeys (ConfUtils.java:logGet(43)) - raft.server.snapshot.auto.trigger.threshold = 10000 (custom)
2019-10-17 19:45:44,713 [pool-47-thread-1] INFO  segmented.SegmentedRaftLogWorker (SegmentedRaftLogWorker.java:lambda$new$0(128)) - 32a164c3-8bb9-4158-a4d7-ada9eb729037@group-4CC069B2961E-SegmentedRaftLogWorker: flushIndex: setUnconditionally 0 -> -1
2019-10-17 19:45:44,713 [pool-37-thread-1] INFO  server.RaftServerConfigKeys (ConfUtils.java:logGet(43)) - raft.server.snapshot.retention.file.num = 5 (custom)
2019-10-17 19:45:44,713 [pool-27-thread-1] INFO  server.RaftServerConfigKeys (ConfUtils.java:logGet(43)) - raft.server.log.statemachine.data.sync.timeout.retry = -1 (default)
2019-10-17 19:45:44,713 [pool-47-thread-1] INFO  server.RaftServerConfigKeys (ConfUtils.java:logGet(43)) - raft.server.snapshot.auto.trigger.enabled = true (custom)
2019-10-17 19:45:44,714 [pool-27-thread-1] INFO  server.RaftServerConfigKeys (ConfUtils.java:logGet(43)) - raft.server.log.statemachine.data.caching.enabled = true (custom)
2019-10-17 19:45:44,713 [pool-37-thread-1] INFO  server.RaftServerConfigKeys (ConfUtils.java:logGet(43)) - raft.server.retrycache.expirytime = 600000ms (custom)
2019-10-17 19:45:44,714 [pool-47-thread-1] INFO  server.RaftServerConfigKeys (ConfUtils.java:logGet(43)) - raft.server.snapshot.auto.trigger.threshold = 10000 (custom)
2019-10-17 19:45:44,714 [pool-27-thread-1] INFO  segmented.SegmentedRaftLogWorker (SegmentedRaftLogWorker.java:lambda$new$0(128)) - 5fa7c213-d229-4dfb-b48e-377c0ca33348@group-4CC069B2961E-SegmentedRaftLogWorker: flushIndex: setUnconditionally 0 -> -1
2019-10-17 19:45:44,714 [pool-47-thread-1] INFO  server.RaftServerConfigKeys (ConfUtils.java:logGet(43)) - raft.server.snapshot.retention.file.num = 5 (custom)
2019-10-17 19:45:44,714 [pool-27-thread-1] INFO  server.RaftServerConfigKeys (ConfUtils.java:logGet(43)) - raft.server.snapshot.auto.trigger.enabled = true (custom)
2019-10-17 19:45:44,714 [pool-47-thread-1] INFO  server.RaftServerConfigKeys (ConfUtils.java:logGet(43)) - raft.server.retrycache.expirytime = 600000ms (custom)
2019-10-17 19:45:44,714 [pool-27-thread-1] INFO  server.RaftServerConfigKeys (ConfUtils.java:logGet(43)) - raft.server.snapshot.auto.trigger.threshold = 10000 (custom)
2019-10-17 19:45:44,715 [pool-27-thread-1] INFO  server.RaftServerConfigKeys (ConfUtils.java:logGet(43)) - raft.server.snapshot.retention.file.num = 5 (custom)
2019-10-17 19:45:44,715 [pool-27-thread-1] INFO  server.RaftServerConfigKeys (ConfUtils.java:logGet(43)) - raft.server.retrycache.expirytime = 600000ms (custom)
2019-10-17 19:45:44,718 [pool-37-thread-1] INFO  impl.RaftServerImpl (RaftServerImpl.java:start(195)) - fa049fba-12b8-4e17-ac2d-38ea71bdd2ce@group-4CC069B2961E: start as a follower, conf=-1: [32a164c3-8bb9-4158-a4d7-ada9eb729037:192.168.164.201:42866, 5fa7c213-d229-4dfb-b48e-377c0ca33348:192.168.164.201:37765, fa049fba-12b8-4e17-ac2d-38ea71bdd2ce:192.168.164.201:41821], old=null
2019-10-17 19:45:44,718 [pool-37-thread-1] INFO  impl.RaftServerImpl (RaftServerImpl.java:setRole(184)) - fa049fba-12b8-4e17-ac2d-38ea71bdd2ce@group-4CC069B2961E: changes role from      null to FOLLOWER at term 0 for startAsFollower
2019-10-17 19:45:44,718 [pool-37-thread-1] INFO  impl.RoleInfo (RoleInfo.java:updateAndGet(143)) - fa049fba-12b8-4e17-ac2d-38ea71bdd2ce: start FollowerState
2019-10-17 19:45:44,719 [pool-37-thread-1] INFO  util.JmxRegister (JmxRegister.java:tryRegister(44)) - Successfully registered JMX Bean with object name Ratis:service=RaftServer,group=group-4CC069B2961E,id=fa049fba-12b8-4e17-ac2d-38ea71bdd2ce
2019-10-17 19:45:44,719 [pool-47-thread-1] INFO  impl.RaftServerImpl (RaftServerImpl.java:start(195)) - 32a164c3-8bb9-4158-a4d7-ada9eb729037@group-4CC069B2961E: start as a follower, conf=-1: [32a164c3-8bb9-4158-a4d7-ada9eb729037:192.168.164.201:42866, 5fa7c213-d229-4dfb-b48e-377c0ca33348:192.168.164.201:37765, fa049fba-12b8-4e17-ac2d-38ea71bdd2ce:192.168.164.201:41821], old=null
2019-10-17 19:45:44,719 [pool-47-thread-1] INFO  impl.RaftServerImpl (RaftServerImpl.java:setRole(184)) - 32a164c3-8bb9-4158-a4d7-ada9eb729037@group-4CC069B2961E: changes role from      null to FOLLOWER at term 0 for startAsFollower
2019-10-17 19:45:44,719 [pool-27-thread-1] INFO  impl.RaftServerImpl (RaftServerImpl.java:start(195)) - 5fa7c213-d229-4dfb-b48e-377c0ca33348@group-4CC069B2961E: start as a follower, conf=-1: [32a164c3-8bb9-4158-a4d7-ada9eb729037:192.168.164.201:42866, 5fa7c213-d229-4dfb-b48e-377c0ca33348:192.168.164.201:37765, fa049fba-12b8-4e17-ac2d-38ea71bdd2ce:192.168.164.201:41821], old=null
2019-10-17 19:45:44,719 [pool-47-thread-1] INFO  impl.RoleInfo (RoleInfo.java:updateAndGet(143)) - 32a164c3-8bb9-4158-a4d7-ada9eb729037: start FollowerState
2019-10-17 19:45:44,719 [pool-27-thread-1] INFO  impl.RaftServerImpl (RaftServerImpl.java:setRole(184)) - 5fa7c213-d229-4dfb-b48e-377c0ca33348@group-4CC069B2961E: changes role from      null to FOLLOWER at term 0 for startAsFollower
2019-10-17 19:45:44,720 [pool-27-thread-1] INFO  impl.RoleInfo (RoleInfo.java:updateAndGet(143)) - 5fa7c213-d229-4dfb-b48e-377c0ca33348: start FollowerState
2019-10-17 19:45:44,720 [pool-47-thread-1] INFO  util.JmxRegister (JmxRegister.java:tryRegister(44)) - Successfully registered JMX Bean with object name Ratis:service=RaftServer,group=group-4CC069B2961E,id=32a164c3-8bb9-4158-a4d7-ada9eb729037
2019-10-17 19:45:44,720 [pool-27-thread-1] INFO  util.JmxRegister (JmxRegister.java:tryRegister(44)) - Successfully registered JMX Bean with object name Ratis:service=RaftServer,group=group-4CC069B2961E,id=5fa7c213-d229-4dfb-b48e-377c0ca33348
2019-10-17 19:45:44,810 [RatisPipelineUtilsThread] INFO  pipeline.PipelineStateManager (PipelineStateManager.java:addPipeline(55)) - Created pipeline Pipeline[ Id: adc40928-88ac-46dc-94be-4cc069b2961e, Nodes: fa049fba-12b8-4e17-ac2d-38ea71bdd2ce{ip: 192.168.164.201, host: pr-hdds-1868-s6sc9-3720172378, networkLocation: /default-rack, certSerialId: null}32a164c3-8bb9-4158-a4d7-ada9eb729037{ip: 192.168.164.201, host: pr-hdds-1868-s6sc9-3720172378, networkLocation: /default-rack, certSerialId: null}5fa7c213-d229-4dfb-b48e-377c0ca33348{ip: 192.168.164.201, host: pr-hdds-1868-s6sc9-3720172378, networkLocation: /default-rack, certSerialId: null}, Type:RATIS, Factor:THREE, State:ALLOCATED]
2019-10-17 19:45:44,813 [Thread-307] INFO  impl.FollowerState (FollowerState.java:run(108)) - 32a164c3-8bb9-4158-a4d7-ada9eb729037@group-4CC069B2961E-FollowerState: change to CANDIDATE, lastRpcTime:93ms, electionTimeout:93ms
2019-10-17 19:45:44,813 [Thread-307] INFO  impl.RoleInfo (RoleInfo.java:shutdownFollowerState(121)) - 32a164c3-8bb9-4158-a4d7-ada9eb729037: shutdown FollowerState
2019-10-17 19:45:44,813 [Thread-307] INFO  impl.RaftServerImpl (RaftServerImpl.java:setRole(184)) - 32a164c3-8bb9-4158-a4d7-ada9eb729037@group-4CC069B2961E: changes role from  FOLLOWER to CANDIDATE at term 0 for changeToCandidate
2019-10-17 19:45:44,814 [Thread-307] INFO  impl.RoleInfo (RoleInfo.java:updateAndGet(143)) - 32a164c3-8bb9-4158-a4d7-ada9eb729037: start LeaderElection
2019-10-17 19:45:44,825 [Thread-306] INFO  impl.FollowerState (FollowerState.java:run(108)) - fa049fba-12b8-4e17-ac2d-38ea71bdd2ce@group-4CC069B2961E-FollowerState: change to CANDIDATE, lastRpcTime:106ms, electionTimeout:106ms
2019-10-17 19:45:44,826 [Thread-306] INFO  impl.RoleInfo (RoleInfo.java:shutdownFollowerState(121)) - fa049fba-12b8-4e17-ac2d-38ea71bdd2ce: shutdown FollowerState
2019-10-17 19:45:44,826 [Thread-306] INFO  impl.RaftServerImpl (RaftServerImpl.java:setRole(184)) - fa049fba-12b8-4e17-ac2d-38ea71bdd2ce@group-4CC069B2961E: changes role from  FOLLOWER to CANDIDATE at term 0 for changeToCandidate
2019-10-17 19:45:44,826 [Thread-306] INFO  impl.RoleInfo (RoleInfo.java:updateAndGet(143)) - fa049fba-12b8-4e17-ac2d-38ea71bdd2ce: start LeaderElection
2019-10-17 19:45:44,840 [32a164c3-8bb9-4158-a4d7-ada9eb729037@group-4CC069B2961E-LeaderElection16] INFO  impl.LeaderElection (LeaderElection.java:askForVotes(178)) - 32a164c3-8bb9-4158-a4d7-ada9eb729037@group-4CC069B2961E-LeaderElection16: begin an election at term 1 for -1: [32a164c3-8bb9-4158-a4d7-ada9eb729037:192.168.164.201:42866, 5fa7c213-d229-4dfb-b48e-377c0ca33348:192.168.164.201:37765, fa049fba-12b8-4e17-ac2d-38ea71bdd2ce:192.168.164.201:41821], old=null
2019-10-17 19:45:44,845 [grpc-default-executor-0] INFO  impl.RaftServerImpl (RaftServerImpl.java:setRole(184)) - 5fa7c213-d229-4dfb-b48e-377c0ca33348@group-4CC069B2961E: changes role from  FOLLOWER to FOLLOWER at term 1 for recognizeCandidate:32a164c3-8bb9-4158-a4d7-ada9eb729037
2019-10-17 19:45:44,845 [grpc-default-executor-0] INFO  impl.RoleInfo (RoleInfo.java:shutdownFollowerState(121)) - 5fa7c213-d229-4dfb-b48e-377c0ca33348: shutdown FollowerState
2019-10-17 19:45:44,845 [grpc-default-executor-0] INFO  impl.RoleInfo (RoleInfo.java:updateAndGet(143)) - 5fa7c213-d229-4dfb-b48e-377c0ca33348: start FollowerState
2019-10-17 19:45:44,845 [Thread-308] INFO  impl.FollowerState (FollowerState.java:run(117)) - 5fa7c213-d229-4dfb-b48e-377c0ca33348@group-4CC069B2961E-FollowerState was interrupted: java.lang.InterruptedException: sleep interrupted
2019-10-17 19:45:44,854 [main] INFO  ozone.MiniOzoneClusterImpl (MiniOzoneClusterImpl.java:lambda$waitForClusterToBeReady$2(164)) - Waiting for 1 number of pipelines out of 4, to report a leader.
2019-10-17 19:45:44,857 [fa049fba-12b8-4e17-ac2d-38ea71bdd2ce@group-4CC069B2961E-LeaderElection17] INFO  impl.LeaderElection (LeaderElection.java:askForVotes(178)) - fa049fba-12b8-4e17-ac2d-38ea71bdd2ce@group-4CC069B2961E-LeaderElection17: begin an election at term 1 for -1: [32a164c3-8bb9-4158-a4d7-ada9eb729037:192.168.164.201:42866, 5fa7c213-d229-4dfb-b48e-377c0ca33348:192.168.164.201:37765, fa049fba-12b8-4e17-ac2d-38ea71bdd2ce:192.168.164.201:41821], old=null
2019-10-17 19:45:44,874 [Thread-319] INFO  impl.FollowerState (FollowerState.java:run(108)) - 5fa7c213-d229-4dfb-b48e-377c0ca33348@group-4CC069B2961E-FollowerState: change to CANDIDATE, lastRpcTime:29ms, electionTimeout:26ms
2019-10-17 19:45:44,875 [Thread-319] INFO  impl.RoleInfo (RoleInfo.java:shutdownFollowerState(121)) - 5fa7c213-d229-4dfb-b48e-377c0ca33348: shutdown FollowerState
2019-10-17 19:45:44,875 [Thread-319] INFO  impl.RaftServerImpl (RaftServerImpl.java:setRole(184)) - 5fa7c213-d229-4dfb-b48e-377c0ca33348@group-4CC069B2961E: changes role from  FOLLOWER to CANDIDATE at term 1 for changeToCandidate
2019-10-17 19:45:44,875 [Thread-319] INFO  impl.RoleInfo (RoleInfo.java:updateAndGet(143)) - 5fa7c213-d229-4dfb-b48e-377c0ca33348: start LeaderElection
2019-10-17 19:45:44,876 [32a164c3-8bb9-4158-a4d7-ada9eb729037@group-4CC069B2961E-LeaderElection16] INFO  impl.LeaderElection (LeaderElection.java:logAndReturn(56)) - 32a164c3-8bb9-4158-a4d7-ada9eb729037@group-4CC069B2961E-LeaderElection16: Election PASSED; received 2 response(s) [32a164c3-8bb9-4158-a4d7-ada9eb729037<-5fa7c213-d229-4dfb-b48e-377c0ca33348#0:OK-t1, 32a164c3-8bb9-4158-a4d7-ada9eb729037<-fa049fba-12b8-4e17-ac2d-38ea71bdd2ce#0:FAIL-t1] and 0 exception(s); 32a164c3-8bb9-4158-a4d7-ada9eb729037@group-4CC069B2961E:t1, leader=null, voted=32a164c3-8bb9-4158-a4d7-ada9eb729037, raftlog=32a164c3-8bb9-4158-a4d7-ada9eb729037@group-4CC069B2961E-SegmentedRaftLog:OPENED:c-1,f-1,i0, conf=-1: [32a164c3-8bb9-4158-a4d7-ada9eb729037:192.168.164.201:42866, 5fa7c213-d229-4dfb-b48e-377c0ca33348:192.168.164.201:37765, fa049fba-12b8-4e17-ac2d-38ea71bdd2ce:192.168.164.201:41821], old=null
2019-10-17 19:45:44,876 [32a164c3-8bb9-4158-a4d7-ada9eb729037@group-4CC069B2961E-LeaderElection16] INFO  impl.RoleInfo (RoleInfo.java:shutdownLeaderElection(134)) - 32a164c3-8bb9-4158-a4d7-ada9eb729037: shutdown LeaderElection
2019-10-17 19:45:44,876 [32a164c3-8bb9-4158-a4d7-ada9eb729037@group-4CC069B2961E-LeaderElection16] INFO  impl.RaftServerImpl (RaftServerImpl.java:setRole(184)) - 32a164c3-8bb9-4158-a4d7-ada9eb729037@group-4CC069B2961E: changes role from CANDIDATE to LEADER at term 1 for changeToLeader
2019-10-17 19:45:44,876 [32a164c3-8bb9-4158-a4d7-ada9eb729037@group-4CC069B2961E-LeaderElection16] INFO  ratis.XceiverServerRatis (XceiverServerRatis.java:handleLeaderChangedNotification(700)) - Leader change notification received for group: group-4CC069B2961E with new leaderId: 32a164c3-8bb9-4158-a4d7-ada9eb729037
2019-10-17 19:45:44,879 [32a164c3-8bb9-4158-a4d7-ada9eb729037@group-4CC069B2961E-LeaderElection16] INFO  impl.RaftServerImpl (ServerState.java:setLeader(256)) - 32a164c3-8bb9-4158-a4d7-ada9eb729037@group-4CC069B2961E: change Leader from null to 32a164c3-8bb9-4158-a4d7-ada9eb729037 at term 1 for becomeLeader, leader elected after 169ms
2019-10-17 19:45:44,879 [32a164c3-8bb9-4158-a4d7-ada9eb729037@group-4CC069B2961E-LeaderElection16] INFO  server.RaftServerConfigKeys (ConfUtils.java:logGet(43)) - raft.server.staging.catchup.gap = 1000 (default)
2019-10-17 19:45:44,879 [32a164c3-8bb9-4158-a4d7-ada9eb729037@group-4CC069B2961E-LeaderElection16] INFO  server.RaftServerConfigKeys (ConfUtils.java:logGet(43)) - raft.server.rpc.sleep.time = 25ms (default)
2019-10-17 19:45:44,880 [32a164c3-8bb9-4158-a4d7-ada9eb729037@group-4CC069B2961E-LeaderElection16] INFO  server.RaftServerConfigKeys (ConfUtils.java:logGet(43)) - raft.server.write.element-limit = 4096 (default)
2019-10-17 19:45:44,880 [fa049fba-12b8-4e17-ac2d-38ea71bdd2ce@group-4CC069B2961E-LeaderElection17] INFO  impl.LeaderElection (LeaderElection.java:logAndReturn(56)) - fa049fba-12b8-4e17-ac2d-38ea71bdd2ce@group-4CC069B2961E-LeaderElection17: Election REJECTED; received 2 response(s) [fa049fba-12b8-4e17-ac2d-38ea71bdd2ce<-32a164c3-8bb9-4158-a4d7-ada9eb729037#0:FAIL-t1, fa049fba-12b8-4e17-ac2d-38ea71bdd2ce<-5fa7c213-d229-4dfb-b48e-377c0ca33348#0:FAIL-t1] and 0 exception(s); fa049fba-12b8-4e17-ac2d-38ea71bdd2ce@group-4CC069B2961E:t1, leader=null, voted=fa049fba-12b8-4e17-ac2d-38ea71bdd2ce, raftlog=fa049fba-12b8-4e17-ac2d-38ea71bdd2ce@group-4CC069B2961E-SegmentedRaftLog:OPENED:c-1,f-1,i0, conf=-1: [32a164c3-8bb9-4158-a4d7-ada9eb729037:192.168.164.201:42866, 5fa7c213-d229-4dfb-b48e-377c0ca33348:192.168.164.201:37765, fa049fba-12b8-4e17-ac2d-38ea71bdd2ce:192.168.164.201:41821], old=null
2019-10-17 19:45:44,880 [32a164c3-8bb9-4158-a4d7-ada9eb729037@group-4CC069B2961E-LeaderElection16] INFO  server.RaftServerConfigKeys (ConfUtils.java:logGet(43)) - raft.server.watch.timeout = 10s (default)
2019-10-17 19:45:44,881 [fa049fba-12b8-4e17-ac2d-38ea71bdd2ce@group-4CC069B2961E-LeaderElection17] INFO  impl.RaftServerImpl (RaftServerImpl.java:setRole(184)) - fa049fba-12b8-4e17-ac2d-38ea71bdd2ce@group-4CC069B2961E: changes role from CANDIDATE to FOLLOWER at term 1 for DISCOVERED_A_NEW_TERM
2019-10-17 19:45:44,881 [32a164c3-8bb9-4158-a4d7-ada9eb729037@group-4CC069B2961E-LeaderElection16] INFO  server.RaftServerConfigKeys (ConfUtils.java:logGet(43)) - raft.server.watch.timeout.denomination = 1s (default)
2019-10-17 19:45:44,881 [fa049fba-12b8-4e17-ac2d-38ea71bdd2ce@group-4CC069B2961E-LeaderElection17] INFO  impl.RoleInfo (RoleInfo.java:shutdownLeaderElection(134)) - fa049fba-12b8-4e17-ac2d-38ea71bdd2ce: shutdown LeaderElection
2019-10-17 19:45:44,882 [EventQueue-PipelineReportForPipelineReportHandler] INFO  pipeline.PipelineReportHandler (PipelineReportHandler.java:processPipelineReport(119)) - Pipeline PipelineID=adc40928-88ac-46dc-94be-4cc069b2961e reported by 32a164c3-8bb9-4158-a4d7-ada9eb729037{ip: 192.168.164.201, host: pr-hdds-1868-s6sc9-3720172378, networkLocation: /default-rack, certSerialId: null} with leaderId 32a164c3-8bb9-4158-a4d7-ada9eb729037
2019-10-17 19:45:44,882 [32a164c3-8bb9-4158-a4d7-ada9eb729037@group-4CC069B2961E-LeaderElection16] INFO  server.RaftServerConfigKeys (ConfUtils.java:logGet(43)) - raft.server.watch.element-limit = 65536 (default)
2019-10-17 19:45:44,882 [fa049fba-12b8-4e17-ac2d-38ea71bdd2ce@group-4CC069B2961E-LeaderElection17] INFO  impl.RoleInfo (RoleInfo.java:updateAndGet(143)) - fa049fba-12b8-4e17-ac2d-38ea71bdd2ce: start FollowerState
2019-10-17 19:45:44,885 [32a164c3-8bb9-4158-a4d7-ada9eb729037@group-4CC069B2961E-LeaderElection16] INFO  server.RaftServerConfigKeys (ConfUtils.java:logGet(43)) - raft.server.log.appender.snapshot.chunk.size.max = 16MB (=16777216) (default)
2019-10-17 19:45:44,885 [32a164c3-8bb9-4158-a4d7-ada9eb729037@group-4CC069B2961E-LeaderElection16] INFO  server.RaftServerConfigKeys (ConfUtils.java:logGet(43)) - raft.server.log.appender.buffer.byte-limit = 33554432 (custom)
2019-10-17 19:45:44,885 [32a164c3-8bb9-4158-a4d7-ada9eb729037@group-4CC069B2961E-LeaderElection16] INFO  server.RaftServerConfigKeys (ConfUtils.java:logGet(43)) - raft.server.log.appender.buffer.element-limit = 1 (custom)
2019-10-17 19:45:44,885 [32a164c3-8bb9-4158-a4d7-ada9eb729037@group-4CC069B2961E-LeaderElection16] INFO  grpc.GrpcConfigKeys$Server (ConfUtils.java:logGet(43)) - raft.grpc.server.leader.outstanding.appends.max = 128 (default)
2019-10-17 19:45:44,886 [32a164c3-8bb9-4158-a4d7-ada9eb729037@group-4CC069B2961E-LeaderElection16] INFO  server.RaftServerConfigKeys (ConfUtils.java:logGet(43)) - raft.server.rpc.request.timeout = 3000ms (default)
2019-10-17 19:45:44,886 [32a164c3-8bb9-4158-a4d7-ada9eb729037@group-4CC069B2961E-LeaderElection16] INFO  server.RaftServerConfigKeys (ConfUtils.java:logGet(43)) - raft.server.log.appender.install.snapshot.enabled = false (custom)
2019-10-17 19:45:44,888 [32a164c3-8bb9-4158-a4d7-ada9eb729037@group-4CC069B2961E-LeaderElection16] INFO  server.RaftServerConfigKeys (ConfUtils.java:logGet(43)) - raft.server.log.appender.snapshot.chunk.size.max = 16MB (=16777216) (default)
2019-10-17 19:45:44,889 [32a164c3-8bb9-4158-a4d7-ada9eb729037@group-4CC069B2961E-LeaderElection16] INFO  server.RaftServerConfigKeys (ConfUtils.java:logGet(43)) - raft.server.log.appender.buffer.byte-limit = 33554432 (custom)
2019-10-17 19:45:44,889 [32a164c3-8bb9-4158-a4d7-ada9eb729037@group-4CC069B2961E-LeaderElection16] INFO  server.RaftServerConfigKeys (ConfUtils.java:logGet(43)) - raft.server.log.appender.buffer.element-limit = 1 (custom)
2019-10-17 19:45:44,889 [32a164c3-8bb9-4158-a4d7-ada9eb729037@group-4CC069B2961E-LeaderElection16] INFO  grpc.GrpcConfigKeys$Server (ConfUtils.java:logGet(43)) - raft.grpc.server.leader.outstanding.appends.max = 128 (default)
2019-10-17 19:45:44,889 [32a164c3-8bb9-4158-a4d7-ada9eb729037@group-4CC069B2961E-LeaderElection16] INFO  server.RaftServerConfigKeys (ConfUtils.java:logGet(43)) - raft.server.rpc.request.timeout = 3000ms (default)
2019-10-17 19:45:44,889 [32a164c3-8bb9-4158-a4d7-ada9eb729037@group-4CC069B2961E-LeaderElection16] INFO  server.RaftServerConfigKeys (ConfUtils.java:logGet(43)) - raft.server.log.appender.install.snapshot.enabled = false (custom)
2019-10-17 19:45:44,892 [32a164c3-8bb9-4158-a4d7-ada9eb729037@group-4CC069B2961E-LeaderElection16] INFO  impl.RoleInfo (RoleInfo.java:updateAndGet(143)) - 32a164c3-8bb9-4158-a4d7-ada9eb729037: start LeaderState
2019-10-17 19:45:44,892 [32a164c3-8bb9-4158-a4d7-ada9eb729037@group-4CC069B2961E-LeaderElection16] INFO  segmented.SegmentedRaftLogWorker (SegmentedRaftLogWorker.java:startLogSegment(385)) - 32a164c3-8bb9-4158-a4d7-ada9eb729037@group-4CC069B2961E-SegmentedRaftLogWorker: Starting segment from index:0
2019-10-17 19:45:44,893 [32a164c3-8bb9-4158-a4d7-ada9eb729037@group-4CC069B2961E-LeaderElection16] INFO  impl.RaftServerImpl (ServerState.java:setRaftConf(357)) - 32a164c3-8bb9-4158-a4d7-ada9eb729037@group-4CC069B2961E: set configuration 0: [32a164c3-8bb9-4158-a4d7-ada9eb729037:192.168.164.201:42866, 5fa7c213-d229-4dfb-b48e-377c0ca33348:192.168.164.201:37765, fa049fba-12b8-4e17-ac2d-38ea71bdd2ce:192.168.164.201:41821], old=null at 0
2019-10-17 19:45:44,926 [5fa7c213-d229-4dfb-b48e-377c0ca33348@group-4CC069B2961E-LeaderElection18] INFO  impl.LeaderElection (LeaderElection.java:askForVotes(178)) - 5fa7c213-d229-4dfb-b48e-377c0ca33348@group-4CC069B2961E-LeaderElection18: begin an election at term 2 for -1: [32a164c3-8bb9-4158-a4d7-ada9eb729037:192.168.164.201:42866, 5fa7c213-d229-4dfb-b48e-377c0ca33348:192.168.164.201:37765, fa049fba-12b8-4e17-ac2d-38ea71bdd2ce:192.168.164.201:41821], old=null
2019-10-17 19:45:44,929 [grpc-default-executor-4] INFO  ratis.XceiverServerRatis (XceiverServerRatis.java:handleLeaderChangedNotification(700)) - Leader change notification received for group: group-4CC069B2961E with new leaderId: 32a164c3-8bb9-4158-a4d7-ada9eb729037
2019-10-17 19:45:44,929 [grpc-default-executor-4] INFO  impl.RaftServerImpl (ServerState.java:setLeader(256)) - fa049fba-12b8-4e17-ac2d-38ea71bdd2ce@group-4CC069B2961E: change Leader from null to 32a164c3-8bb9-4158-a4d7-ada9eb729037 at term 1 for appendEntries, leader elected after 220ms
2019-10-17 19:45:44,931 [EventQueue-PipelineReportForPipelineReportHandler] INFO  pipeline.PipelineReportHandler (PipelineReportHandler.java:processPipelineReport(119)) - Pipeline PipelineID=adc40928-88ac-46dc-94be-4cc069b2961e reported by fa049fba-12b8-4e17-ac2d-38ea71bdd2ce{ip: 192.168.164.201, host: pr-hdds-1868-s6sc9-3720172378, networkLocation: /default-rack, certSerialId: null} with leaderId 32a164c3-8bb9-4158-a4d7-ada9eb729037
2019-10-17 19:45:44,934 [grpc-default-executor-0] INFO  impl.RaftServerImpl (ServerState.java:setLeader(256)) - fa049fba-12b8-4e17-ac2d-38ea71bdd2ce@group-4CC069B2961E: change Leader from 32a164c3-8bb9-4158-a4d7-ada9eb729037 to null at term 2 for updateCurrentTerm
2019-10-17 19:45:44,934 [grpc-default-executor-0] INFO  impl.RaftServerImpl (RaftServerImpl.java:setRole(184)) - fa049fba-12b8-4e17-ac2d-38ea71bdd2ce@group-4CC069B2961E: changes role from  FOLLOWER to FOLLOWER at term 2 for recognizeCandidate:5fa7c213-d229-4dfb-b48e-377c0ca33348
2019-10-17 19:45:44,935 [grpc-default-executor-0] INFO  impl.RoleInfo (RoleInfo.java:shutdownFollowerState(121)) - fa049fba-12b8-4e17-ac2d-38ea71bdd2ce: shutdown FollowerState
2019-10-17 19:45:44,935 [grpc-default-executor-3] INFO  impl.RaftServerImpl (ServerState.java:setLeader(256)) - 32a164c3-8bb9-4158-a4d7-ada9eb729037@group-4CC069B2961E: change Leader from 32a164c3-8bb9-4158-a4d7-ada9eb729037 to null at term 2 for updateCurrentTerm
2019-10-17 19:45:44,935 [Thread-324] INFO  impl.FollowerState (FollowerState.java:run(117)) - fa049fba-12b8-4e17-ac2d-38ea71bdd2ce@group-4CC069B2961E-FollowerState was interrupted: java.lang.InterruptedException: sleep interrupted
2019-10-17 19:45:44,935 [grpc-default-executor-3] INFO  impl.RaftServerImpl (RaftServerImpl.java:setRole(184)) - 32a164c3-8bb9-4158-a4d7-ada9eb729037@group-4CC069B2961E: changes role from    LEADER to FOLLOWER at term 2 for recognizeCandidate:5fa7c213-d229-4dfb-b48e-377c0ca33348
2019-10-17 19:45:44,935 [grpc-default-executor-0] INFO  impl.RoleInfo (RoleInfo.java:updateAndGet(143)) - fa049fba-12b8-4e17-ac2d-38ea71bdd2ce: start FollowerState
2019-10-17 19:45:44,935 [grpc-default-executor-3] INFO  impl.RoleInfo (RoleInfo.java:shutdownLeaderState(104)) - 32a164c3-8bb9-4158-a4d7-ada9eb729037: shutdown LeaderState
2019-10-17 19:45:44,937 [org.apache.ratis.server.impl.LogAppender$AppenderDaemon$$Lambda$438/1181304472@7b719f75] WARN  server.GrpcLogAppender (GrpcLogAppender.java:mayWait(149)) - 32a164c3-8bb9-4158-a4d7-ada9eb729037@group-4CC069B2961E->fa049fba-12b8-4e17-ac2d-38ea71bdd2ce-GrpcLogAppender: Wait interrupted by java.lang.InterruptedException
2019-10-17 19:45:44,937 [org.apache.ratis.server.impl.LogAppender$AppenderDaemon$$Lambda$438/1181304472@4a71d3cf] WARN  server.GrpcLogAppender (GrpcLogAppender.java:mayWait(149)) - 32a164c3-8bb9-4158-a4d7-ada9eb729037@group-4CC069B2961E->5fa7c213-d229-4dfb-b48e-377c0ca33348-GrpcLogAppender: Wait interrupted by java.lang.InterruptedException
2019-10-17 19:45:44,937 [grpc-default-executor-3] INFO  impl.PendingRequests (PendingRequests.java:sendNotLeaderResponses(202)) - 32a164c3-8bb9-4158-a4d7-ada9eb729037@group-4CC069B2961E-PendingRequests: sendNotLeaderResponses
2019-10-17 19:45:44,938 [grpc-default-executor-3] INFO  impl.RoleInfo (RoleInfo.java:updateAndGet(143)) - 32a164c3-8bb9-4158-a4d7-ada9eb729037: start FollowerState
2019-10-17 19:45:44,938 [grpc-default-executor-2] INFO  server.GrpcServerProtocolService (GrpcServerProtocolService.java:onCompleted(113)) - fa049fba-12b8-4e17-ac2d-38ea71bdd2ce: Completed APPEND_ENTRIES, lastRequest: 32a164c3-8bb9-4158-a4d7-ada9eb729037->fa049fba-12b8-4e17-ac2d-38ea71bdd2ce#0-t1, previous=(t:0, i:0), leaderCommit=-1, initializing? false, entries: <empty>
2019-10-17 19:45:44,938 [grpc-default-executor-5] INFO  server.GrpcServerProtocolService (GrpcServerProtocolService.java:onCompleted(113)) - 5fa7c213-d229-4dfb-b48e-377c0ca33348: Completed APPEND_ENTRIES, lastRequest: 32a164c3-8bb9-4158-a4d7-ada9eb729037->5fa7c213-d229-4dfb-b48e-377c0ca33348#0-t1, previous=(t:0, i:0), leaderCommit=-1, initializing? false, entries: <empty>
2019-10-17 19:45:44,942 [grpc-default-executor-4] INFO  server.GrpcLogAppender (GrpcLogAppender.java:onCompleted(308)) - 32a164c3-8bb9-4158-a4d7-ada9eb729037@group-4CC069B2961E->fa049fba-12b8-4e17-ac2d-38ea71bdd2ce-AppendLogResponseHandler: follower responses appendEntries COMPLETED
2019-10-17 19:45:44,943 [grpc-default-executor-4] INFO  impl.FollowerInfo (FollowerInfo.java:lambda$new$0(51)) - 32a164c3-8bb9-4158-a4d7-ada9eb729037@group-4CC069B2961E->fa049fba-12b8-4e17-ac2d-38ea71bdd2ce: nextIndex: updateUnconditionally 0 -> 0
2019-10-17 19:45:44,950 [32a164c3-8bb9-4158-a4d7-ada9eb729037@group-4CC069B2961E-SegmentedRaftLogWorker] INFO  segmented.SegmentedRaftLogWorker (SegmentedRaftLogWorker.java:execute(576)) - 32a164c3-8bb9-4158-a4d7-ada9eb729037@group-4CC069B2961E-SegmentedRaftLogWorker: created new log segment /workdir/hadoop-ozone/integration-test/target/test-dir/MiniOzoneClusterImpl-020edf65-e88b-4f0c-8058-f5c4b9bdd7d8/datanode-2/data/ratis/adc40928-88ac-46dc-94be-4cc069b2961e/current/log_inprogress_0
2019-10-17 19:45:44,967 [grpc-default-executor-1] INFO  server.GrpcLogAppender (GrpcLogAppender.java:onCompleted(308)) - 32a164c3-8bb9-4158-a4d7-ada9eb729037@group-4CC069B2961E->5fa7c213-d229-4dfb-b48e-377c0ca33348-AppendLogResponseHandler: follower responses appendEntries COMPLETED
2019-10-17 19:45:44,971 [grpc-default-executor-1] INFO  impl.FollowerInfo (FollowerInfo.java:lambda$new$0(51)) - 32a164c3-8bb9-4158-a4d7-ada9eb729037@group-4CC069B2961E->5fa7c213-d229-4dfb-b48e-377c0ca33348: nextIndex: updateUnconditionally 0 -> 0
2019-10-17 19:45:44,972 [5fa7c213-d229-4dfb-b48e-377c0ca33348@group-4CC069B2961E-LeaderElection18] INFO  impl.LeaderElection (LeaderElection.java:logAndReturn(56)) - 5fa7c213-d229-4dfb-b48e-377c0ca33348@group-4CC069B2961E-LeaderElection18: Election PASSED; received 1 response(s) [5fa7c213-d229-4dfb-b48e-377c0ca33348<-fa049fba-12b8-4e17-ac2d-38ea71bdd2ce#0:OK-t2] and 0 exception(s); 5fa7c213-d229-4dfb-b48e-377c0ca33348@group-4CC069B2961E:t2, leader=null, voted=5fa7c213-d229-4dfb-b48e-377c0ca33348, raftlog=5fa7c213-d229-4dfb-b48e-377c0ca33348@group-4CC069B2961E-SegmentedRaftLog:OPENED:c-1,f-1,i0, conf=-1: [32a164c3-8bb9-4158-a4d7-ada9eb729037:192.168.164.201:42866, 5fa7c213-d229-4dfb-b48e-377c0ca33348:192.168.164.201:37765, fa049fba-12b8-4e17-ac2d-38ea71bdd2ce:192.168.164.201:41821], old=null
2019-10-17 19:45:44,972 [5fa7c213-d229-4dfb-b48e-377c0ca33348@group-4CC069B2961E-LeaderElection18] INFO  impl.RoleInfo (RoleInfo.java:shutdownLeaderElection(134)) - 5fa7c213-d229-4dfb-b48e-377c0ca33348: shutdown LeaderElection
2019-10-17 19:45:44,972 [5fa7c213-d229-4dfb-b48e-377c0ca33348@group-4CC069B2961E-LeaderElection18] INFO  impl.RaftServerImpl (RaftServerImpl.java:setRole(184)) - 5fa7c213-d229-4dfb-b48e-377c0ca33348@group-4CC069B2961E: changes role from CANDIDATE to LEADER at term 2 for changeToLeader
2019-10-17 19:45:44,972 [5fa7c213-d229-4dfb-b48e-377c0ca33348@group-4CC069B2961E-LeaderElection18] INFO  ratis.XceiverServerRatis (XceiverServerRatis.java:handleLeaderChangedNotification(700)) - Leader change notification received for group: group-4CC069B2961E with new leaderId: 5fa7c213-d229-4dfb-b48e-377c0ca33348
2019-10-17 19:45:44,973 [5fa7c213-d229-4dfb-b48e-377c0ca33348@group-4CC069B2961E-LeaderElection18] INFO  impl.RaftServerImpl (ServerState.java:setLeader(256)) - 5fa7c213-d229-4dfb-b48e-377c0ca33348@group-4CC069B2961E: change Leader from null to 5fa7c213-d229-4dfb-b48e-377c0ca33348 at term 2 for becomeLeader, leader elected after 265ms
2019-10-17 19:45:44,973 [5fa7c213-d229-4dfb-b48e-377c0ca33348@group-4CC069B2961E-LeaderElection18] INFO  server.RaftServerConfigKeys (ConfUtils.java:logGet(43)) - raft.server.staging.catchup.gap = 1000 (default)
2019-10-17 19:45:44,973 [5fa7c213-d229-4dfb-b48e-377c0ca33348@group-4CC069B2961E-LeaderElection18] INFO  server.RaftServerConfigKeys (ConfUtils.java:logGet(43)) - raft.server.rpc.sleep.time = 25ms (default)
2019-10-17 19:45:44,974 [5fa7c213-d229-4dfb-b48e-377c0ca33348@group-4CC069B2961E-LeaderElection18] INFO  server.RaftServerConfigKeys (ConfUtils.java:logGet(43)) - raft.server.write.element-limit = 4096 (default)
2019-10-17 19:45:44,974 [5fa7c213-d229-4dfb-b48e-377c0ca33348@group-4CC069B2961E-LeaderElection18] INFO  server.RaftServerConfigKeys (ConfUtils.java:logGet(43)) - raft.server.watch.timeout = 10s (default)
2019-10-17 19:45:44,974 [EventQueue-PipelineReportForPipelineReportHandler] INFO  pipeline.PipelineReportHandler (PipelineReportHandler.java:processPipelineReport(119)) - Pipeline PipelineID=adc40928-88ac-46dc-94be-4cc069b2961e reported by 5fa7c213-d229-4dfb-b48e-377c0ca33348{ip: 192.168.164.201, host: pr-hdds-1868-s6sc9-3720172378, networkLocation: /default-rack, certSerialId: null} with leaderId 5fa7c213-d229-4dfb-b48e-377c0ca33348
2019-10-17 19:45:44,975 [5fa7c213-d229-4dfb-b48e-377c0ca33348@group-4CC069B2961E-LeaderElection18] INFO  server.RaftServerConfigKeys (ConfUtils.java:logGet(43)) - raft.server.watch.timeout.denomination = 1s (default)
2019-10-17 19:45:44,976 [5fa7c213-d229-4dfb-b48e-377c0ca33348@group-4CC069B2961E-LeaderElection18] INFO  server.RaftServerConfigKeys (ConfUtils.java:logGet(43)) - raft.server.watch.element-limit = 65536 (default)
2019-10-17 19:45:44,981 [5fa7c213-d229-4dfb-b48e-377c0ca33348@group-4CC069B2961E-LeaderElection18] INFO  server.RaftServerConfigKeys (ConfUtils.java:logGet(43)) - raft.server.log.appender.snapshot.chunk.size.max = 16MB (=16777216) (default)
2019-10-17 19:45:44,982 [5fa7c213-d229-4dfb-b48e-377c0ca33348@group-4CC069B2961E-LeaderElection18] INFO  server.RaftServerConfigKeys (ConfUtils.java:logGet(43)) - raft.server.log.appender.buffer.byte-limit = 33554432 (custom)
2019-10-17 19:45:44,982 [5fa7c213-d229-4dfb-b48e-377c0ca33348@group-4CC069B2961E-LeaderElection18] INFO  server.RaftServerConfigKeys (ConfUtils.java:logGet(43)) - raft.server.log.appender.buffer.element-limit = 1 (custom)
2019-10-17 19:45:44,983 [5fa7c213-d229-4dfb-b48e-377c0ca33348@group-4CC069B2961E-LeaderElection18] INFO  grpc.GrpcConfigKeys$Server (ConfUtils.java:logGet(43)) - raft.grpc.server.leader.outstanding.appends.max = 128 (default)
2019-10-17 19:45:44,983 [5fa7c213-d229-4dfb-b48e-377c0ca33348@group-4CC069B2961E-LeaderElection18] INFO  server.RaftServerConfigKeys (ConfUtils.java:logGet(43)) - raft.server.rpc.request.timeout = 3000ms (default)
2019-10-17 19:45:44,983 [5fa7c213-d229-4dfb-b48e-377c0ca33348@group-4CC069B2961E-LeaderElection18] INFO  server.RaftServerConfigKeys (ConfUtils.java:logGet(43)) - raft.server.log.appender.install.snapshot.enabled = false (custom)
2019-10-17 19:45:44,989 [5fa7c213-d229-4dfb-b48e-377c0ca33348@group-4CC069B2961E-LeaderElection18] INFO  server.RaftServerConfigKeys (ConfUtils.java:logGet(43)) - raft.server.log.appender.snapshot.chunk.size.max = 16MB (=16777216) (default)
2019-10-17 19:45:44,989 [5fa7c213-d229-4dfb-b48e-377c0ca33348@group-4CC069B2961E-LeaderElection18] INFO  server.RaftServerConfigKeys (ConfUtils.java:logGet(43)) - raft.server.log.appender.buffer.byte-limit = 33554432 (custom)
2019-10-17 19:45:44,990 [5fa7c213-d229-4dfb-b48e-377c0ca33348@group-4CC069B2961E-LeaderElection18] INFO  server.RaftServerConfigKeys (ConfUtils.java:logGet(43)) - raft.server.log.appender.buffer.element-limit = 1 (custom)
2019-10-17 19:45:44,990 [5fa7c213-d229-4dfb-b48e-377c0ca33348@group-4CC069B2961E-LeaderElection18] INFO  grpc.GrpcConfigKeys$Server (ConfUtils.java:logGet(43)) - raft.grpc.server.leader.outstanding.appends.max = 128 (default)
2019-10-17 19:45:44,990 [5fa7c213-d229-4dfb-b48e-377c0ca33348@group-4CC069B2961E-LeaderElection18] INFO  server.RaftServerConfigKeys (ConfUtils.java:logGet(43)) - raft.server.rpc.request.timeout = 3000ms (default)
2019-10-17 19:45:44,991 [5fa7c213-d229-4dfb-b48e-377c0ca33348@group-4CC069B2961E-LeaderElection18] INFO  server.RaftServerConfigKeys (ConfUtils.java:logGet(43)) - raft.server.log.appender.install.snapshot.enabled = false (custom)
2019-10-17 19:45:44,996 [5fa7c213-d229-4dfb-b48e-377c0ca33348@group-4CC069B2961E-LeaderElection18] INFO  impl.RoleInfo (RoleInfo.java:updateAndGet(143)) - 5fa7c213-d229-4dfb-b48e-377c0ca33348: start LeaderState
2019-10-17 19:45:44,996 [5fa7c213-d229-4dfb-b48e-377c0ca33348@group-4CC069B2961E-LeaderElection18] INFO  segmented.SegmentedRaftLogWorker (SegmentedRaftLogWorker.java:startLogSegment(385)) - 5fa7c213-d229-4dfb-b48e-377c0ca33348@group-4CC069B2961E-SegmentedRaftLogWorker: Starting segment from index:0
2019-10-17 19:45:44,998 [5fa7c213-d229-4dfb-b48e-377c0ca33348@group-4CC069B2961E-LeaderElection18] INFO  impl.RaftServerImpl (ServerState.java:setRaftConf(357)) - 5fa7c213-d229-4dfb-b48e-377c0ca33348@group-4CC069B2961E: set configuration 0: [32a164c3-8bb9-4158-a4d7-ada9eb729037:192.168.164.201:42866, 5fa7c213-d229-4dfb-b48e-377c0ca33348:192.168.164.201:37765, fa049fba-12b8-4e17-ac2d-38ea71bdd2ce:192.168.164.201:41821], old=null at 0
2019-10-17 19:45:45,001 [grpc-default-executor-1] INFO  ratis.XceiverServerRatis (XceiverServerRatis.java:handleLeaderChangedNotification(700)) - Leader change notification received for group: group-4CC069B2961E with new leaderId: 5fa7c213-d229-4dfb-b48e-377c0ca33348
2019-10-17 19:45:45,001 [grpc-default-executor-3] INFO  ratis.XceiverServerRatis (XceiverServerRatis.java:handleLeaderChangedNotification(700)) - Leader change notification received for group: group-4CC069B2961E with new leaderId: 5fa7c213-d229-4dfb-b48e-377c0ca33348
2019-10-17 19:45:45,001 [grpc-default-executor-1] INFO  impl.RaftServerImpl (ServerState.java:setLeader(256)) - fa049fba-12b8-4e17-ac2d-38ea71bdd2ce@group-4CC069B2961E: change Leader from null to 5fa7c213-d229-4dfb-b48e-377c0ca33348 at term 2 for appendEntries, leader elected after 66ms
2019-10-17 19:45:45,001 [grpc-default-executor-3] INFO  impl.RaftServerImpl (ServerState.java:setLeader(256)) - 32a164c3-8bb9-4158-a4d7-ada9eb729037@group-4CC069B2961E: change Leader from null to 5fa7c213-d229-4dfb-b48e-377c0ca33348 at term 2 for appendEntries, leader elected after 66ms
2019-10-17 19:45:45,003 [EventQueue-PipelineReportForPipelineReportHandler] INFO  pipeline.PipelineReportHandler (PipelineReportHandler.java:processPipelineReport(119)) - Pipeline PipelineID=adc40928-88ac-46dc-94be-4cc069b2961e reported by fa049fba-12b8-4e17-ac2d-38ea71bdd2ce{ip: 192.168.164.201, host: pr-hdds-1868-s6sc9-3720172378, networkLocation: /default-rack, certSerialId: null} with leaderId 5fa7c213-d229-4dfb-b48e-377c0ca33348
2019-10-17 19:45:45,003 [EventQueue-PipelineReportForPipelineReportHandler] INFO  pipeline.PipelineReportHandler (PipelineReportHandler.java:processPipelineReport(119)) - Pipeline PipelineID=adc40928-88ac-46dc-94be-4cc069b2961e reported by 32a164c3-8bb9-4158-a4d7-ada9eb729037{ip: 192.168.164.201, host: pr-hdds-1868-s6sc9-3720172378, networkLocation: /default-rack, certSerialId: null} with leaderId 5fa7c213-d229-4dfb-b48e-377c0ca33348
2019-10-17 19:45:45,003 [EventQueue-PipelineReportForPipelineReportHandler] INFO  pipeline.PipelineStateManager (PipelineStateManager.java:openPipeline(134)) - Pipeline Pipeline[ Id: adc40928-88ac-46dc-94be-4cc069b2961e, Nodes: fa049fba-12b8-4e17-ac2d-38ea71bdd2ce{ip: 192.168.164.201, host: pr-hdds-1868-s6sc9-3720172378, networkLocation: /default-rack, certSerialId: null}32a164c3-8bb9-4158-a4d7-ada9eb729037{ip: 192.168.164.201, host: pr-hdds-1868-s6sc9-3720172378, networkLocation: /default-rack, certSerialId: null}5fa7c213-d229-4dfb-b48e-377c0ca33348{ip: 192.168.164.201, host: pr-hdds-1868-s6sc9-3720172378, networkLocation: /default-rack, certSerialId: null}, Type:RATIS, Factor:THREE, State:OPEN] moved to OPEN state
2019-10-17 19:45:45,013 [grpc-default-executor-3] INFO  impl.RaftServerImpl (ServerState.java:setRaftConf(357)) - fa049fba-12b8-4e17-ac2d-38ea71bdd2ce@group-4CC069B2961E: set configuration 0: [32a164c3-8bb9-4158-a4d7-ada9eb729037:192.168.164.201:42866, 5fa7c213-d229-4dfb-b48e-377c0ca33348:192.168.164.201:37765, fa049fba-12b8-4e17-ac2d-38ea71bdd2ce:192.168.164.201:41821], old=null at 0
2019-10-17 19:45:45,013 [grpc-default-executor-1] INFO  impl.RaftServerImpl (ServerState.java:setRaftConf(357)) - 32a164c3-8bb9-4158-a4d7-ada9eb729037@group-4CC069B2961E: set configuration 0: [32a164c3-8bb9-4158-a4d7-ada9eb729037:192.168.164.201:42866, 5fa7c213-d229-4dfb-b48e-377c0ca33348:192.168.164.201:37765, fa049fba-12b8-4e17-ac2d-38ea71bdd2ce:192.168.164.201:41821], old=null at 0
2019-10-17 19:45:45,036 [grpc-default-executor-3] INFO  segmented.SegmentedRaftLogWorker (SegmentedRaftLogWorker.java:startLogSegment(385)) - fa049fba-12b8-4e17-ac2d-38ea71bdd2ce@group-4CC069B2961E-SegmentedRaftLogWorker: Starting segment from index:0
2019-10-17 19:45:45,040 [grpc-default-executor-1] INFO  segmented.SegmentedRaftLogWorker (SegmentedRaftLogWorker.java:truncate(401)) - 32a164c3-8bb9-4158-a4d7-ada9eb729037@group-4CC069B2961E-SegmentedRaftLogWorker: Truncating segments toTruncate: null
  toDelete: [(0, 0) isOpen? true, length=0, newEndIndex=-1], start index 0
2019-10-17 19:45:45,041 [grpc-default-executor-1] INFO  segmented.SegmentedRaftLogWorker (SegmentedRaftLogWorker.java:startLogSegment(385)) - 32a164c3-8bb9-4158-a4d7-ada9eb729037@group-4CC069B2961E-SegmentedRaftLogWorker: Starting segment from index:0
2019-10-17 19:45:45,041 [32a164c3-8bb9-4158-a4d7-ada9eb729037@group-4CC069B2961E-SegmentedRaftLogWorker] INFO  segmented.SegmentedRaftLogWorker (SegmentedRaftLogWorker.java:execute(640)) - 32a164c3-8bb9-4158-a4d7-ada9eb729037@group-4CC069B2961E-SegmentedRaftLogWorker: Deleted log file /workdir/hadoop-ozone/integration-test/target/test-dir/MiniOzoneClusterImpl-020edf65-e88b-4f0c-8058-f5c4b9bdd7d8/datanode-2/data/ratis/adc40928-88ac-46dc-94be-4cc069b2961e/current/log_inprogress_0
2019-10-17 19:45:45,042 [32a164c3-8bb9-4158-a4d7-ada9eb729037@group-4CC069B2961E-SegmentedRaftLogWorker] INFO  segmented.SegmentedRaftLogWorker (SegmentedRaftLogWorker.java:lambda$new$0(128)) - 32a164c3-8bb9-4158-a4d7-ada9eb729037@group-4CC069B2961E-SegmentedRaftLogWorker: flushIndex: setUnconditionally 0 -> -1
2019-10-17 19:45:45,059 [5fa7c213-d229-4dfb-b48e-377c0ca33348@group-4CC069B2961E-SegmentedRaftLogWorker] INFO  segmented.SegmentedRaftLogWorker (SegmentedRaftLogWorker.java:execute(576)) - 5fa7c213-d229-4dfb-b48e-377c0ca33348@group-4CC069B2961E-SegmentedRaftLogWorker: created new log segment /workdir/hadoop-ozone/integration-test/target/test-dir/MiniOzoneClusterImpl-020edf65-e88b-4f0c-8058-f5c4b9bdd7d8/datanode-0/data/ratis/adc40928-88ac-46dc-94be-4cc069b2961e/current/log_inprogress_0
2019-10-17 19:45:45,084 [fa049fba-12b8-4e17-ac2d-38ea71bdd2ce@group-4CC069B2961E-SegmentedRaftLogWorker] INFO  segmented.SegmentedRaftLogWorker (SegmentedRaftLogWorker.java:execute(576)) - fa049fba-12b8-4e17-ac2d-38ea71bdd2ce@group-4CC069B2961E-SegmentedRaftLogWorker: created new log segment /workdir/hadoop-ozone/integration-test/target/test-dir/MiniOzoneClusterImpl-020edf65-e88b-4f0c-8058-f5c4b9bdd7d8/datanode-1/data/ratis/adc40928-88ac-46dc-94be-4cc069b2961e/current/log_inprogress_0
2019-10-17 19:45:45,101 [32a164c3-8bb9-4158-a4d7-ada9eb729037@group-4CC069B2961E-SegmentedRaftLogWorker] INFO  segmented.SegmentedRaftLogWorker (SegmentedRaftLogWorker.java:execute(576)) - 32a164c3-8bb9-4158-a4d7-ada9eb729037@group-4CC069B2961E-SegmentedRaftLogWorker: created new log segment /workdir/hadoop-ozone/integration-test/target/test-dir/MiniOzoneClusterImpl-020edf65-e88b-4f0c-8058-f5c4b9bdd7d8/datanode-2/data/ratis/adc40928-88ac-46dc-94be-4cc069b2961e/current/log_inprogress_0
2019-10-17 19:45:45,855 [main] INFO  ozone.MiniOzoneClusterImpl (MiniOzoneClusterImpl.java:lambda$waitForClusterToBeReady$2(172)) - Cluster is ready. Got 3 of 3 DN Heartbeats.
2019-10-17 19:45:46,699 [main] INFO  rpc.RpcClient (RpcClient.java:createVolume(272)) - Creating Volume: testcontainerstatemachinefailures, with jenkins1000 as owner.
2019-10-17 19:45:46,796 [IPC Server handler 0 on 34781] INFO  volume.OMVolumeCreateRequest (OMVolumeCreateRequest.java:validateAndUpdateCache(193)) - created volume:testcontainerstatemachinefailures for user:jenkins1000
2019-10-17 19:45:46,821 [main] INFO  rpc.RpcClient (RpcClient.java:createBucket(411)) - Creating Bucket: testcontainerstatemachinefailures/testcontainerstatemachinefailures, with Versioning false and Storage Type set to DISK and Encryption set to false 
2019-10-17 19:45:46,968 [main] INFO  impl.MetricsSystemImpl (MetricsSystemImpl.java:init(158)) - XceiverClientMetrics metrics system started (again)
2019-10-17 19:45:47,593 [Datanode State Machine Thread - 0] INFO  statemachine.DatanodeStateMachine (DatanodeStateMachine.java:lambda$startDaemon$0(350)) - Ozone container server started.
2019-10-17 19:45:52,513 [main] INFO  ozoneimpl.OzoneContainer (OzoneContainer.java:stop(227)) - Attempting to stop container services.
2019-10-17 19:45:52,514 [main] INFO  impl.RaftServerProxy (RaftServerProxy.java:lambda$close$4(314)) - 32a164c3-8bb9-4158-a4d7-ada9eb729037: close
2019-10-17 19:45:52,515 [main] INFO  impl.RaftServerImpl (RaftServerImpl.java:lambda$shutdown$3(261)) - 32a164c3-8bb9-4158-a4d7-ada9eb729037@group-C535B6BE4F3C: shutdown
2019-10-17 19:45:52,516 [ForkJoinPool.commonPool-worker-1] INFO  impl.RaftServerImpl (RaftServerImpl.java:lambda$shutdown$3(261)) - 32a164c3-8bb9-4158-a4d7-ada9eb729037@group-4CC069B2961E: shutdown
2019-10-17 19:45:52,516 [main] INFO  util.JmxRegister (JmxRegister.java:unregister(73)) - Successfully un-registered JMX Bean with object name Ratis:service=RaftServer,group=group-C535B6BE4F3C,id=32a164c3-8bb9-4158-a4d7-ada9eb729037
2019-10-17 19:45:52,516 [ForkJoinPool.commonPool-worker-1] INFO  util.JmxRegister (JmxRegister.java:unregister(73)) - Successfully un-registered JMX Bean with object name Ratis:service=RaftServer,group=group-4CC069B2961E,id=32a164c3-8bb9-4158-a4d7-ada9eb729037
2019-10-17 19:45:52,516 [main] INFO  impl.RoleInfo (RoleInfo.java:shutdownLeaderState(104)) - 32a164c3-8bb9-4158-a4d7-ada9eb729037: shutdown LeaderState
2019-10-17 19:45:52,516 [ForkJoinPool.commonPool-worker-1] INFO  impl.RoleInfo (RoleInfo.java:shutdownFollowerState(121)) - 32a164c3-8bb9-4158-a4d7-ada9eb729037: shutdown FollowerState
2019-10-17 19:45:52,517 [main] INFO  impl.PendingRequests (PendingRequests.java:sendNotLeaderResponses(202)) - 32a164c3-8bb9-4158-a4d7-ada9eb729037@group-C535B6BE4F3C-PendingRequests: sendNotLeaderResponses
2019-10-17 19:45:52,519 [32a164c3-8bb9-4158-a4d7-ada9eb729037@group-4CC069B2961E-StateMachineUpdater] INFO  ratis.ContainerStateMachine (ContainerStateMachine.java:takeSnapshot(296)) - group-4CC069B2961E: Taking a snapshot at:(t:2, i:3) file /workdir/hadoop-ozone/integration-test/target/test-dir/MiniOzoneClusterImpl-020edf65-e88b-4f0c-8058-f5c4b9bdd7d8/datanode-2/data/ratis/adc40928-88ac-46dc-94be-4cc069b2961e/sm/snapshot.2_3
2019-10-17 19:45:52,519 [main] INFO  impl.StateMachineUpdater (StateMachineUpdater.java:stopAndJoin(136)) - 32a164c3-8bb9-4158-a4d7-ada9eb729037@group-C535B6BE4F3C-StateMachineUpdater: set stopIndex = 0
2019-10-17 19:45:52,519 [Thread-333] INFO  impl.FollowerState (FollowerState.java:run(117)) - 32a164c3-8bb9-4158-a4d7-ada9eb729037@group-4CC069B2961E-FollowerState was interrupted: java.lang.InterruptedException: sleep interrupted
2019-10-17 19:45:52,517 [ForkJoinPool.commonPool-worker-1] INFO  impl.StateMachineUpdater (StateMachineUpdater.java:stopAndJoin(136)) - 32a164c3-8bb9-4158-a4d7-ada9eb729037@group-4CC069B2961E-StateMachineUpdater: set stopIndex = 4
2019-10-17 19:45:52,519 [main] INFO  impl.RaftServerImpl (ServerState.java:close(388)) - 32a164c3-8bb9-4158-a4d7-ada9eb729037@group-C535B6BE4F3C: closes. applyIndex: 0
2019-10-17 19:45:52,520 [32a164c3-8bb9-4158-a4d7-ada9eb729037@group-C535B6BE4F3C-SegmentedRaftLogWorker] INFO  segmented.SegmentedRaftLogWorker (SegmentedRaftLogWorker.java:run(316)) - 32a164c3-8bb9-4158-a4d7-ada9eb729037@group-C535B6BE4F3C-SegmentedRaftLogWorker was interrupted, exiting. There are 0 tasks remaining in the queue.
2019-10-17 19:45:52,522 [main] INFO  segmented.SegmentedRaftLogWorker (SegmentedRaftLogWorker.java:close(224)) - 32a164c3-8bb9-4158-a4d7-ada9eb729037@group-C535B6BE4F3C-SegmentedRaftLogWorker close()
2019-10-17 19:45:52,662 [32a164c3-8bb9-4158-a4d7-ada9eb729037@group-4CC069B2961E-StateMachineUpdater] INFO  ratis.ContainerStateMachine (ContainerStateMachine.java:takeSnapshot(307)) - group-4CC069B2961E: Finished taking a snapshot at:(t:2, i:3) file:/workdir/hadoop-ozone/integration-test/target/test-dir/MiniOzoneClusterImpl-020edf65-e88b-4f0c-8058-f5c4b9bdd7d8/datanode-2/data/ratis/adc40928-88ac-46dc-94be-4cc069b2961e/sm/snapshot.2_3 time:143
2019-10-17 19:45:52,663 [32a164c3-8bb9-4158-a4d7-ada9eb729037@group-4CC069B2961E-StateMachineUpdater] INFO  impl.StateMachineUpdater (StateMachineUpdater.java:takeSnapshot(269)) - 32a164c3-8bb9-4158-a4d7-ada9eb729037@group-4CC069B2961E-StateMachineUpdater: Took a snapshot at index 3
2019-10-17 19:45:52,663 [32a164c3-8bb9-4158-a4d7-ada9eb729037@group-4CC069B2961E-StateMachineUpdater] INFO  impl.StateMachineUpdater (StateMachineUpdater.java:lambda$new$0(84)) - 32a164c3-8bb9-4158-a4d7-ada9eb729037@group-4CC069B2961E-StateMachineUpdater: snapshotIndex: updateIncreasingly -1 -> 3
2019-10-17 19:45:52,668 [32a164c3-8bb9-4158-a4d7-ada9eb729037@group-4CC069B2961E-StateMachineUpdater] INFO  ratis.ContainerStateMachine (ContainerStateMachine.java:takeSnapshot(296)) - group-4CC069B2961E: Taking a snapshot at:(t:2, i:3) file /workdir/hadoop-ozone/integration-test/target/test-dir/MiniOzoneClusterImpl-020edf65-e88b-4f0c-8058-f5c4b9bdd7d8/datanode-2/data/ratis/adc40928-88ac-46dc-94be-4cc069b2961e/sm/snapshot.2_3
2019-10-17 19:45:52,690 [32a164c3-8bb9-4158-a4d7-ada9eb729037@group-4CC069B2961E-StateMachineUpdater] INFO  ratis.ContainerStateMachine (ContainerStateMachine.java:takeSnapshot(307)) - group-4CC069B2961E: Finished taking a snapshot at:(t:2, i:3) file:/workdir/hadoop-ozone/integration-test/target/test-dir/MiniOzoneClusterImpl-020edf65-e88b-4f0c-8058-f5c4b9bdd7d8/datanode-2/data/ratis/adc40928-88ac-46dc-94be-4cc069b2961e/sm/snapshot.2_3 time:23
2019-10-17 19:45:52,690 [32a164c3-8bb9-4158-a4d7-ada9eb729037@group-4CC069B2961E-StateMachineUpdater] INFO  impl.StateMachineUpdater (StateMachineUpdater.java:takeSnapshot(269)) - 32a164c3-8bb9-4158-a4d7-ada9eb729037@group-4CC069B2961E-StateMachineUpdater: Took a snapshot at index 3
2019-10-17 19:45:52,691 [32a164c3-8bb9-4158-a4d7-ada9eb729037@group-4CC069B2961E-StateMachineUpdater] INFO  impl.StateMachineUpdater (StateMachineUpdater.java:lambda$new$0(84)) - 32a164c3-8bb9-4158-a4d7-ada9eb729037@group-4CC069B2961E-StateMachineUpdater: snapshotIndex: updateIncreasingly 3 -> 3
2019-10-17 19:45:52,691 [ForkJoinPool.commonPool-worker-1] INFO  impl.RaftServerImpl (ServerState.java:close(388)) - 32a164c3-8bb9-4158-a4d7-ada9eb729037@group-4CC069B2961E: closes. applyIndex: 4
2019-10-17 19:45:52,691 [32a164c3-8bb9-4158-a4d7-ada9eb729037@group-4CC069B2961E-SegmentedRaftLogWorker] INFO  segmented.SegmentedRaftLogWorker (SegmentedRaftLogWorker.java:run(316)) - 32a164c3-8bb9-4158-a4d7-ada9eb729037@group-4CC069B2961E-SegmentedRaftLogWorker was interrupted, exiting. There are 0 tasks remaining in the queue.
2019-10-17 19:45:52,693 [ForkJoinPool.commonPool-worker-1] INFO  segmented.SegmentedRaftLogWorker (SegmentedRaftLogWorker.java:close(224)) - 32a164c3-8bb9-4158-a4d7-ada9eb729037@group-4CC069B2961E-SegmentedRaftLogWorker close()
2019-10-17 19:45:52,695 [main] INFO  server.GrpcService (GrpcService.java:closeImpl(164)) - 32a164c3-8bb9-4158-a4d7-ada9eb729037: shutdown server with port 42866 now
2019-10-17 19:45:52,701 [grpc-default-executor-3] WARN  server.GrpcServerProtocolService (LogUtils.java:warn(134)) - 32a164c3-8bb9-4158-a4d7-ada9eb729037: installSnapshot onError, lastRequest: 5fa7c213-d229-4dfb-b48e-377c0ca33348->32a164c3-8bb9-4158-a4d7-ada9eb729037#7-t2, previous=(t:2, i:4), leaderCommit=4, initializing? false, entries: <empty>: org.apache.ratis.thirdparty.io.grpc.StatusRuntimeException: CANCELLED: cancelled before receiving half close
2019-10-17 19:45:52,702 [main] INFO  server.GrpcService (GrpcService.java:closeImpl(172)) - 32a164c3-8bb9-4158-a4d7-ada9eb729037: shutdown server with port 42866 successfully
2019-10-17 19:45:52,704 [grpc-default-executor-0] WARN  server.GrpcLogAppender (LogUtils.java:warn(134)) - 5fa7c213-d229-4dfb-b48e-377c0ca33348@group-4CC069B2961E->32a164c3-8bb9-4158-a4d7-ada9eb729037-AppendLogResponseHandler: Failed appendEntries: org.apache.ratis.thirdparty.io.grpc.StatusRuntimeException: CANCELLED: HTTP/2 error code: CANCEL
Received Rst Stream
2019-10-17 19:45:52,706 [refreshUsed-/workdir/hadoop-ozone/integration-test/target/test-dir/MiniOzoneClusterImpl-020edf65-e88b-4f0c-8058-f5c4b9bdd7d8/datanode-2/data/containers] WARN  fs.CachingGetSpaceUsed (CachingGetSpaceUsed.java:run(183)) - Thread Interrupted waiting to refresh disk information: sleep interrupted
2019-10-17 19:45:52,723 [main] INFO  utils.BackgroundService (BackgroundService.java:shutdown(151)) - Shutting down service BlockDeletingService
2019-10-17 19:45:52,727 [main] INFO  statemachine.DatanodeStateMachine (DatanodeStateMachine.java:stopDaemon(395)) - Ozone container server stopped.
2019-10-17 19:45:52,730 [main] INFO  handler.ContextHandler (ContextHandler.java:doStop(910)) - Stopped o.e.j.w.WebAppContext@3c5dbdf8{/,null,UNAVAILABLE}{/hddsDatanode}
2019-10-17 19:45:52,735 [main] INFO  server.AbstractConnector (AbstractConnector.java:doStop(318)) - Stopped ServerConnector@352c44a8{HTTP/1.1,[http/1.1]}{0.0.0.0:0}
2019-10-17 19:45:52,735 [main] INFO  handler.ContextHandler (ContextHandler.java:doStop(910)) - Stopped o.e.j.s.ServletContextHandler@6d1dcdff{/static,jar:file:/home/user/.m2/repository/org/apache/hadoop/hadoop-hdds-container-service/0.5.0-SNAPSHOT/hadoop-hdds-container-service-0.5.0-SNAPSHOT.jar!/webapps/static,UNAVAILABLE}
2019-10-17 19:45:52,735 [main] INFO  handler.ContextHandler (ContextHandler.java:doStop(910)) - Stopped o.e.j.s.ServletContextHandler@558756be{/logs,file:///workdir/hadoop-ozone/integration-test/target/log,UNAVAILABLE}
2019-10-17 19:45:55,742 [java.util.concurrent.ThreadPoolExecutor$Worker@6214d2e6[State = -1, empty queue]] WARN  server.GrpcLogAppender (GrpcLogAppender.java:timeoutAppendRequest(209)) - 5fa7c213-d229-4dfb-b48e-377c0ca33348@group-4CC069B2961E->32a164c3-8bb9-4158-a4d7-ada9eb729037-GrpcLogAppender: appendEntries Timeout, request=5fa7c213-d229-4dfb-b48e-377c0ca33348->32a164c3-8bb9-4158-a4d7-ada9eb729037#8-t2, previous=(t:2, i:4), leaderCommit=4, initializing? false, entries: size=1, first=(t:2, i:5), STATEMACHINELOGENTRY, client-30F7F12B0123, cid=14
2019-10-17 19:45:55,742 [java.util.concurrent.ThreadPoolExecutor$Worker@6214d2e6[State = -1, empty queue]] WARN  server.GrpcLogAppender (GrpcLogAppender.java:timeoutAppendRequest(209)) - 5fa7c213-d229-4dfb-b48e-377c0ca33348@group-4CC069B2961E->32a164c3-8bb9-4158-a4d7-ada9eb729037-GrpcLogAppender: appendEntries Timeout, request=5fa7c213-d229-4dfb-b48e-377c0ca33348->32a164c3-8bb9-4158-a4d7-ada9eb729037#9-t2, previous=(t:2, i:5), leaderCommit=4, initializing? false, entries: size=1, first=(t:2, i:6), STATEMACHINELOGENTRY, client-30F7F12B0123, cid=15
2019-10-17 19:45:55,755 [java.util.concurrent.ThreadPoolExecutor$Worker@6214d2e6[State = -1, empty queue]] WARN  server.GrpcLogAppender (GrpcLogAppender.java:timeoutAppendRequest(209)) - 5fa7c213-d229-4dfb-b48e-377c0ca33348@group-4CC069B2961E->32a164c3-8bb9-4158-a4d7-ada9eb729037-GrpcLogAppender: appendEntries Timeout, request=5fa7c213-d229-4dfb-b48e-377c0ca33348->32a164c3-8bb9-4158-a4d7-ada9eb729037#10-t2, previous=(t:2, i:6), leaderCommit=6, initializing? false, entries: size=1, first=(t:2, i:7), METADATAENTRY(c5)
2019-10-17 19:45:55,755 [java.util.concurrent.ThreadPoolExecutor$Worker@6214d2e6[State = -1, empty queue]] WARN  server.GrpcLogAppender (GrpcLogAppender.java:timeoutAppendRequest(209)) - 5fa7c213-d229-4dfb-b48e-377c0ca33348@group-4CC069B2961E->32a164c3-8bb9-4158-a4d7-ada9eb729037-GrpcLogAppender: appendEntries Timeout, request=5fa7c213-d229-4dfb-b48e-377c0ca33348->32a164c3-8bb9-4158-a4d7-ada9eb729037#11-t2, previous=(t:2, i:7), leaderCommit=6, initializing? false, entries: size=1, first=(t:2, i:8), METADATAENTRY(c6)
2019-10-17 19:45:58,258 [java.util.concurrent.ThreadPoolExecutor$Worker@6214d2e6[State = -1, empty queue]] WARN  server.GrpcLogAppender (GrpcLogAppender.java:timeoutAppendRequest(209)) - 5fa7c213-d229-4dfb-b48e-377c0ca33348@group-4CC069B2961E->32a164c3-8bb9-4158-a4d7-ada9eb729037-GrpcLogAppender: appendEntries Timeout, request=5fa7c213-d229-4dfb-b48e-377c0ca33348->32a164c3-8bb9-4158-a4d7-ada9eb729037#12-t2, previous=(t:2, i:8), leaderCommit=8, initializing? false, entries: <empty>
2019-10-17 19:46:00,759 [java.util.concurrent.ThreadPoolExecutor$Worker@6214d2e6[State = -1, empty queue]] WARN  server.GrpcLogAppender (GrpcLogAppender.java:timeoutAppendRequest(209)) - 5fa7c213-d229-4dfb-b48e-377c0ca33348@group-4CC069B2961E->32a164c3-8bb9-4158-a4d7-ada9eb729037-GrpcLogAppender: appendEntries Timeout, request=5fa7c213-d229-4dfb-b48e-377c0ca33348->32a164c3-8bb9-4158-a4d7-ada9eb729037#13-t2, previous=(t:2, i:8), leaderCommit=8, initializing? false, entries: <empty>
2019-10-17 19:46:03,265 [java.util.concurrent.ThreadPoolExecutor$Worker@6214d2e6[State = -1, empty queue]] WARN  server.GrpcLogAppender (GrpcLogAppender.java:timeoutAppendRequest(209)) - 5fa7c213-d229-4dfb-b48e-377c0ca33348@group-4CC069B2961E->32a164c3-8bb9-4158-a4d7-ada9eb729037-GrpcLogAppender: appendEntries Timeout, request=5fa7c213-d229-4dfb-b48e-377c0ca33348->32a164c3-8bb9-4158-a4d7-ada9eb729037#14-t2, previous=(t:2, i:8), leaderCommit=8, initializing? false, entries: <empty>
2019-10-17 19:46:03,688 [Thread-393] INFO  client.GrpcClientProtocolService (GrpcClientProtocolService.java:lambda$processClientRequest$0(278)) - Failed RaftClientRequest:client-30F7F12B0123->5fa7c213-d229-4dfb-b48e-377c0ca33348@group-4CC069B2961E, cid=16, seq=0, Watch-ALL_COMMITTED(6), Message:<EMPTY>, reply=RaftClientReply:client-30F7F12B0123->5fa7c213-d229-4dfb-b48e-377c0ca33348@group-4CC069B2961E, cid=16, FAILED org.apache.ratis.protocol.NotReplicatedException: Request with call Id 16 and log index 6 is not yet replicated to ALL_COMMITTED, logIndex=6, commits[5fa7c213-d229-4dfb-b48e-377c0ca33348:c8, 32a164c3-8bb9-4158-a4d7-ada9eb729037:c4, fa049fba-12b8-4e17-ac2d-38ea71bdd2ce:c8]
2019-10-17 19:46:05,766 [java.util.concurrent.ThreadPoolExecutor$Worker@6214d2e6[State = -1, empty queue]] WARN  server.GrpcLogAppender (GrpcLogAppender.java:timeoutAppendRequest(209)) - 5fa7c213-d229-4dfb-b48e-377c0ca33348@group-4CC069B2961E->32a164c3-8bb9-4158-a4d7-ada9eb729037-GrpcLogAppender: appendEntries Timeout, request=5fa7c213-d229-4dfb-b48e-377c0ca33348->32a164c3-8bb9-4158-a4d7-ada9eb729037#15-t2, previous=(t:2, i:8), leaderCommit=8, initializing? false, entries: <empty>
2019-10-17 19:46:08,267 [java.util.concurrent.ThreadPoolExecutor$Worker@6214d2e6[State = -1, empty queue]] WARN  server.GrpcLogAppender (GrpcLogAppender.java:timeoutAppendRequest(209)) - 5fa7c213-d229-4dfb-b48e-377c0ca33348@group-4CC069B2961E->32a164c3-8bb9-4158-a4d7-ada9eb729037-GrpcLogAppender: appendEntries Timeout, request=5fa7c213-d229-4dfb-b48e-377c0ca33348->32a164c3-8bb9-4158-a4d7-ada9eb729037#16-t2, previous=(t:2, i:8), leaderCommit=8, initializing? false, entries: <empty>
2019-10-17 19:46:10,768 [java.util.concurrent.ThreadPoolExecutor$Worker@6214d2e6[State = -1, empty queue]] WARN  server.GrpcLogAppender (GrpcLogAppender.java:timeoutAppendRequest(209)) - 5fa7c213-d229-4dfb-b48e-377c0ca33348@group-4CC069B2961E->32a164c3-8bb9-4158-a4d7-ada9eb729037-GrpcLogAppender: appendEntries Timeout, request=5fa7c213-d229-4dfb-b48e-377c0ca33348->32a164c3-8bb9-4158-a4d7-ada9eb729037#17-t2, previous=(t:2, i:8), leaderCommit=8, initializing? false, entries: <empty>
2019-10-17 19:46:11,827 [Thread-399] INFO  client.GrpcClientProtocolService (GrpcClientProtocolService.java:lambda$processClientRequest$0(278)) - Failed RaftClientRequest:client-30F7F12B0123->fa049fba-12b8-4e17-ac2d-38ea71bdd2ce@group-4CC069B2961E, cid=16, seq=0, Watch-ALL_COMMITTED(6), Message:<EMPTY>, reply=RaftClientReply:client-30F7F12B0123->fa049fba-12b8-4e17-ac2d-38ea71bdd2ce@group-4CC069B2961E, cid=16, FAILED org.apache.ratis.protocol.NotLeaderException: Server fa049fba-12b8-4e17-ac2d-38ea71bdd2ce@group-4CC069B2961E is not the leader 5fa7c213-d229-4dfb-b48e-377c0ca33348:192.168.164.201:37765, logIndex=0, commits[fa049fba-12b8-4e17-ac2d-38ea71bdd2ce:c8, 32a164c3-8bb9-4158-a4d7-ada9eb729037:c4, 5fa7c213-d229-4dfb-b48e-377c0ca33348:c8]
2019-10-17 19:46:13,269 [java.util.concurrent.ThreadPoolExecutor$Worker@6214d2e6[State = -1, empty queue]] WARN  server.GrpcLogAppender (GrpcLogAppender.java:timeoutAppendRequest(209)) - 5fa7c213-d229-4dfb-b48e-377c0ca33348@group-4CC069B2961E->32a164c3-8bb9-4158-a4d7-ada9eb729037-GrpcLogAppender: appendEntries Timeout, request=5fa7c213-d229-4dfb-b48e-377c0ca33348->32a164c3-8bb9-4158-a4d7-ada9eb729037#18-t2, previous=(t:2, i:8), leaderCommit=8, initializing? false, entries: <empty>
2019-10-17 19:46:13,683 [Thread-403] INFO  client.GrpcClientProtocolService (GrpcClientProtocolService.java:lambda$processClientRequest$0(278)) - Failed RaftClientRequest:client-30F7F12B0123->5fa7c213-d229-4dfb-b48e-377c0ca33348@group-4CC069B2961E, cid=16, seq=0, Watch-ALL_COMMITTED(6), Message:<EMPTY>, reply=RaftClientReply:client-30F7F12B0123->5fa7c213-d229-4dfb-b48e-377c0ca33348@group-4CC069B2961E, cid=16, FAILED org.apache.ratis.protocol.NotReplicatedException: Request with call Id 16 and log index 6 is not yet replicated to ALL_COMMITTED, logIndex=6, commits[5fa7c213-d229-4dfb-b48e-377c0ca33348:c8, 32a164c3-8bb9-4158-a4d7-ada9eb729037:c4, fa049fba-12b8-4e17-ac2d-38ea71bdd2ce:c8]
2019-10-17 19:46:15,770 [java.util.concurrent.ThreadPoolExecutor$Worker@6214d2e6[State = -1, empty queue]] WARN  server.GrpcLogAppender (GrpcLogAppender.java:timeoutAppendRequest(209)) - 5fa7c213-d229-4dfb-b48e-377c0ca33348@group-4CC069B2961E->32a164c3-8bb9-4158-a4d7-ada9eb729037-GrpcLogAppender: appendEntries Timeout, request=5fa7c213-d229-4dfb-b48e-377c0ca33348->32a164c3-8bb9-4158-a4d7-ada9eb729037#19-t2, previous=(t:2, i:8), leaderCommit=8, initializing? false, entries: <empty>
2019-10-17 19:46:18,271 [java.util.concurrent.ThreadPoolExecutor$Worker@6214d2e6[State = -1, empty queue]] WARN  server.GrpcLogAppender (GrpcLogAppender.java:timeoutAppendRequest(209)) - 5fa7c213-d229-4dfb-b48e-377c0ca33348@group-4CC069B2961E->32a164c3-8bb9-4158-a4d7-ada9eb729037-GrpcLogAppender: appendEntries Timeout, request=5fa7c213-d229-4dfb-b48e-377c0ca33348->32a164c3-8bb9-4158-a4d7-ada9eb729037#20-t2, previous=(t:2, i:8), leaderCommit=8, initializing? false, entries: <empty>
2019-10-17 19:46:20,772 [java.util.concurrent.ThreadPoolExecutor$Worker@6214d2e6[State = -1, empty queue]] WARN  server.GrpcLogAppender (GrpcLogAppender.java:timeoutAppendRequest(209)) - 5fa7c213-d229-4dfb-b48e-377c0ca33348@group-4CC069B2961E->32a164c3-8bb9-4158-a4d7-ada9eb729037-GrpcLogAppender: appendEntries Timeout, request=5fa7c213-d229-4dfb-b48e-377c0ca33348->32a164c3-8bb9-4158-a4d7-ada9eb729037#21-t2, previous=(t:2, i:8), leaderCommit=8, initializing? false, entries: <empty>
2019-10-17 19:46:22,682 [Thread-411] INFO  client.GrpcClientProtocolService (GrpcClientProtocolService.java:lambda$processClientRequest$0(278)) - Failed RaftClientRequest:client-30F7F12B0123->5fa7c213-d229-4dfb-b48e-377c0ca33348@group-4CC069B2961E, cid=16, seq=0, Watch-ALL_COMMITTED(6), Message:<EMPTY>, reply=RaftClientReply:client-30F7F12B0123->5fa7c213-d229-4dfb-b48e-377c0ca33348@group-4CC069B2961E, cid=16, FAILED org.apache.ratis.protocol.NotReplicatedException: Request with call Id 16 and log index 6 is not yet replicated to ALL_COMMITTED, logIndex=6, commits[5fa7c213-d229-4dfb-b48e-377c0ca33348:c8, 32a164c3-8bb9-4158-a4d7-ada9eb729037:c4, fa049fba-12b8-4e17-ac2d-38ea71bdd2ce:c8]
2019-10-17 19:46:22,770 [main] WARN  scm.XceiverClientRatis (XceiverClientRatis.java:watchForCommit(277)) - 3 way commit failed on pipeline Pipeline[ Id: adc40928-88ac-46dc-94be-4cc069b2961e, Nodes: fa049fba-12b8-4e17-ac2d-38ea71bdd2ce{ip: 192.168.164.201, host: pr-hdds-1868-s6sc9-3720172378, networkLocation: /default-rack, certSerialId: null}32a164c3-8bb9-4158-a4d7-ada9eb729037{ip: 192.168.164.201, host: pr-hdds-1868-s6sc9-3720172378, networkLocation: /default-rack, certSerialId: null}5fa7c213-d229-4dfb-b48e-377c0ca33348{ip: 192.168.164.201, host: pr-hdds-1868-s6sc9-3720172378, networkLocation: /default-rack, certSerialId: null}, Type:RATIS, Factor:THREE, State:OPEN]
java.util.concurrent.TimeoutException
	at java.util.concurrent.CompletableFuture.timedGet(CompletableFuture.java:1771)
	at java.util.concurrent.CompletableFuture.get(CompletableFuture.java:1915)
	at org.apache.hadoop.hdds.scm.XceiverClientRatis.watchForCommit(XceiverClientRatis.java:274)
	at org.apache.hadoop.hdds.scm.storage.CommitWatcher.watchForCommit(CommitWatcher.java:198)
	at org.apache.hadoop.hdds.scm.storage.CommitWatcher.watchOnLastIndex(CommitWatcher.java:161)
	at org.apache.hadoop.hdds.scm.storage.BlockOutputStream.watchForCommit(BlockOutputStream.java:346)
	at org.apache.hadoop.hdds.scm.storage.BlockOutputStream.handleFlush(BlockOutputStream.java:482)
	at org.apache.hadoop.hdds.scm.storage.BlockOutputStream.close(BlockOutputStream.java:496)
	at org.apache.hadoop.ozone.client.io.BlockOutputStreamEntry.close(BlockOutputStreamEntry.java:143)
	at org.apache.hadoop.ozone.client.io.KeyOutputStream.handleFlushOrClose(KeyOutputStream.java:435)
	at org.apache.hadoop.ozone.client.io.KeyOutputStream.close(KeyOutputStream.java:473)
	at org.apache.hadoop.ozone.client.io.OzoneOutputStream.close(OzoneOutputStream.java:60)
	at org.apache.hadoop.ozone.client.rpc.TestDeleteWithSlowFollower.testDeleteKeyWithSlowFollower(TestDeleteWithSlowFollower.java:193)
	at sun.reflect.NativeMethodAccessorImpl.invoke0(Native Method)
	at sun.reflect.NativeMethodAccessorImpl.invoke(NativeMethodAccessorImpl.java:62)
	at sun.reflect.DelegatingMethodAccessorImpl.invoke(DelegatingMethodAccessorImpl.java:43)
	at java.lang.reflect.Method.invoke(Method.java:498)
	at org.junit.runners.model.FrameworkMethod$1.runReflectiveCall(FrameworkMethod.java:47)
	at org.junit.internal.runners.model.ReflectiveCallable.run(ReflectiveCallable.java:12)
	at org.junit.runners.model.FrameworkMethod.invokeExplosively(FrameworkMethod.java:44)
	at org.junit.internal.runners.statements.InvokeMethod.evaluate(InvokeMethod.java:17)
	at org.junit.runners.ParentRunner.runLeaf(ParentRunner.java:271)
	at org.junit.runners.BlockJUnit4ClassRunner.runChild(BlockJUnit4ClassRunner.java:70)
	at org.junit.runners.BlockJUnit4ClassRunner.runChild(BlockJUnit4ClassRunner.java:50)
	at org.junit.runners.ParentRunner$3.run(ParentRunner.java:238)
	at org.junit.runners.ParentRunner$1.schedule(ParentRunner.java:63)
	at org.junit.runners.ParentRunner.runChildren(ParentRunner.java:236)
	at org.junit.runners.ParentRunner.access$000(ParentRunner.java:53)
	at org.junit.runners.ParentRunner$2.evaluate(ParentRunner.java:229)
	at org.junit.internal.runners.statements.RunBefores.evaluate(RunBefores.java:26)
	at org.junit.internal.runners.statements.RunAfters.evaluate(RunAfters.java:27)
	at org.junit.runners.ParentRunner.run(ParentRunner.java:309)
	at org.apache.maven.surefire.junit4.JUnit4Provider.execute(JUnit4Provider.java:365)
	at org.apache.maven.surefire.junit4.JUnit4Provider.executeWithRerun(JUnit4Provider.java:273)
	at org.apache.maven.surefire.junit4.JUnit4Provider.executeTestSet(JUnit4Provider.java:238)
	at org.apache.maven.surefire.junit4.JUnit4Provider.invoke(JUnit4Provider.java:159)
	at org.apache.maven.surefire.booter.ForkedBooter.invokeProviderInSameClassLoader(ForkedBooter.java:384)
	at org.apache.maven.surefire.booter.ForkedBooter.runSuitesInProcess(ForkedBooter.java:345)
	at org.apache.maven.surefire.booter.ForkedBooter.execute(ForkedBooter.java:126)
	at org.apache.maven.surefire.booter.ForkedBooter.main(ForkedBooter.java:418)
2019-10-17 19:46:22,787 [main] INFO  scm.XceiverClientRatis (XceiverClientRatis.java:lambda$watchForCommit$5(295)) - Could not commit index 6 on pipeline Pipeline[ Id: adc40928-88ac-46dc-94be-4cc069b2961e, Nodes: fa049fba-12b8-4e17-ac2d-38ea71bdd2ce{ip: 192.168.164.201, host: pr-hdds-1868-s6sc9-3720172378, networkLocation: /default-rack, certSerialId: null}32a164c3-8bb9-4158-a4d7-ada9eb729037{ip: 192.168.164.201, host: pr-hdds-1868-s6sc9-3720172378, networkLocation: /default-rack, certSerialId: null}5fa7c213-d229-4dfb-b48e-377c0ca33348{ip: 192.168.164.201, host: pr-hdds-1868-s6sc9-3720172378, networkLocation: /default-rack, certSerialId: null}, Type:RATIS, Factor:THREE, State:OPEN] to all the nodes. Server 32a164c3-8bb9-4158-a4d7-ada9eb729037 has failed. Committed by majority.
2019-10-17 19:46:22,788 [main] WARN  storage.BlockOutputStream (BlockOutputStream.java:watchForCommit(352)) - Failed to commit BlockId conID: 1 locID: 102979439617179648 bcsId: 6 on Pipeline[ Id: adc40928-88ac-46dc-94be-4cc069b2961e, Nodes: fa049fba-12b8-4e17-ac2d-38ea71bdd2ce{ip: 192.168.164.201, host: pr-hdds-1868-s6sc9-3720172378, networkLocation: /default-rack, certSerialId: null}32a164c3-8bb9-4158-a4d7-ada9eb729037{ip: 192.168.164.201, host: pr-hdds-1868-s6sc9-3720172378, networkLocation: /default-rack, certSerialId: null}5fa7c213-d229-4dfb-b48e-377c0ca33348{ip: 192.168.164.201, host: pr-hdds-1868-s6sc9-3720172378, networkLocation: /default-rack, certSerialId: null}, Type:RATIS, Factor:THREE, State:OPEN]. Failed nodes: [32a164c3-8bb9-4158-a4d7-ada9eb729037{ip: null, host: null, networkLocation: /default-rack, certSerialId: null}]
2019-10-17 19:46:22,890 [EventQueue-IncrementalContainerReportForIncrementalContainerReportHandler] WARN  container.IncrementalContainerReportHandler (AbstractContainerReportHandler.java:updateContainerState(145)) - Container #1 is in OPEN state, but the datanode 5fa7c213-d229-4dfb-b48e-377c0ca33348{ip: 192.168.164.201, host: pr-hdds-1868-s6sc9-3720172378, networkLocation: /default-rack, certSerialId: null} reports an CLOSING replica.
2019-10-17 19:46:22,900 [RatisApplyTransactionExecutor 1] INFO  interfaces.Container (KeyValueContainer.java:flushAndSyncDB(386)) - Container 1 is synced with bcsId 6.
2019-10-17 19:46:22,901 [RatisApplyTransactionExecutor 1] INFO  interfaces.Container (KeyValueContainer.java:flushAndSyncDB(386)) - Container 1 is synced with bcsId 6.
2019-10-17 19:46:22,924 [RatisApplyTransactionExecutor 1] INFO  interfaces.Container (KeyValueContainer.java:close(335)) - Container 1 is closed with bcsId 6.
2019-10-17 19:46:22,927 [EventQueue-IncrementalContainerReportForIncrementalContainerReportHandler] WARN  container.IncrementalContainerReportHandler (AbstractContainerReportHandler.java:updateContainerState(145)) - Container #1 is in OPEN state, but the datanode 5fa7c213-d229-4dfb-b48e-377c0ca33348{ip: 192.168.164.201, host: pr-hdds-1868-s6sc9-3720172378, networkLocation: /default-rack, certSerialId: null} reports an CLOSED replica.
2019-10-17 19:46:22,927 [EventQueue-IncrementalContainerReportForIncrementalContainerReportHandler] WARN  container.IncrementalContainerReportHandler (AbstractContainerReportHandler.java:updateContainerState(145)) - Container #1 is in OPEN state, but the datanode fa049fba-12b8-4e17-ac2d-38ea71bdd2ce{ip: 192.168.164.201, host: pr-hdds-1868-s6sc9-3720172378, networkLocation: /default-rack, certSerialId: null} reports an CLOSING replica.
2019-10-17 19:46:22,936 [RatisApplyTransactionExecutor 1] INFO  interfaces.Container (KeyValueContainer.java:flushAndSyncDB(386)) - Container 1 is synced with bcsId 6.
2019-10-17 19:46:22,937 [RatisApplyTransactionExecutor 1] INFO  interfaces.Container (KeyValueContainer.java:flushAndSyncDB(386)) - Container 1 is synced with bcsId 6.
2019-10-17 19:46:22,964 [RatisApplyTransactionExecutor 1] INFO  interfaces.Container (KeyValueContainer.java:close(335)) - Container 1 is closed with bcsId 6.
2019-10-17 19:46:22,965 [EventQueue-IncrementalContainerReportForIncrementalContainerReportHandler] WARN  container.IncrementalContainerReportHandler (AbstractContainerReportHandler.java:updateContainerState(145)) - Container #1 is in OPEN state, but the datanode fa049fba-12b8-4e17-ac2d-38ea71bdd2ce{ip: 192.168.164.201, host: pr-hdds-1868-s6sc9-3720172378, networkLocation: /default-rack, certSerialId: null} reports an CLOSED replica.
2019-10-17 19:46:23,126 [EventQueue-ContainerReportForContainerReportHandler] WARN  container.ContainerReportHandler (AbstractContainerReportHandler.java:updateContainerState(145)) - Container #1 is in OPEN state, but the datanode 5fa7c213-d229-4dfb-b48e-377c0ca33348{ip: 192.168.164.201, host: pr-hdds-1868-s6sc9-3720172378, networkLocation: /default-rack, certSerialId: null} reports an CLOSED replica.
2019-10-17 19:46:23,265 [EventQueue-ContainerReportForContainerReportHandler] WARN  container.ContainerReportHandler (AbstractContainerReportHandler.java:updateContainerState(145)) - Container #1 is in OPEN state, but the datanode fa049fba-12b8-4e17-ac2d-38ea71bdd2ce{ip: 192.168.164.201, host: pr-hdds-1868-s6sc9-3720172378, networkLocation: /default-rack, certSerialId: null} reports an CLOSED replica.
2019-10-17 19:46:23,273 [java.util.concurrent.ThreadPoolExecutor$Worker@6214d2e6[State = -1, empty queue]] WARN  server.GrpcLogAppender (GrpcLogAppender.java:timeoutAppendRequest(209)) - 5fa7c213-d229-4dfb-b48e-377c0ca33348@group-4CC069B2961E->32a164c3-8bb9-4158-a4d7-ada9eb729037-GrpcLogAppender: appendEntries Timeout, request=5fa7c213-d229-4dfb-b48e-377c0ca33348->32a164c3-8bb9-4158-a4d7-ada9eb729037#22-t2, previous=(t:2, i:8), leaderCommit=8, initializing? false, entries: <empty>
2019-10-17 19:46:23,326 [EventQueue-ContainerReportForContainerReportHandler] WARN  container.ContainerReportHandler (AbstractContainerReportHandler.java:updateContainerState(145)) - Container #1 is in OPEN state, but the datanode 5fa7c213-d229-4dfb-b48e-377c0ca33348{ip: 192.168.164.201, host: pr-hdds-1868-s6sc9-3720172378, networkLocation: /default-rack, certSerialId: null} reports an CLOSED replica.
2019-10-17 19:46:23,564 [EventQueue-ContainerReportForContainerReportHandler] WARN  container.ContainerReportHandler (AbstractContainerReportHandler.java:updateContainerState(145)) - Container #1 is in OPEN state, but the datanode fa049fba-12b8-4e17-ac2d-38ea71bdd2ce{ip: 192.168.164.201, host: pr-hdds-1868-s6sc9-3720172378, networkLocation: /default-rack, certSerialId: null} reports an CLOSED replica.
2019-10-17 19:46:23,645 [IPC Server handler 4 on 43734] INFO  server.SCMBlockProtocolServer (SCMBlockProtocolServer.java:deleteKeyBlocks(212)) - SCM is informed by OM to delete 1 blocks
2019-10-17 19:46:23,645 [IPC Server handler 4 on 43734] INFO  block.BlockManagerImpl (BlockManagerImpl.java:deleteBlocks(285)) - Deleting blocks conID: 1 locID: 102979439617179648 bcsId: 0
2019-10-17 19:46:23,725 [EventQueue-ContainerReportForContainerReportHandler] WARN  container.ContainerReportHandler (AbstractContainerReportHandler.java:updateContainerState(145)) - Container #1 is in OPEN state, but the datanode 5fa7c213-d229-4dfb-b48e-377c0ca33348{ip: 192.168.164.201, host: pr-hdds-1868-s6sc9-3720172378, networkLocation: /default-rack, certSerialId: null} reports an CLOSED replica.
2019-10-17 19:46:23,826 [BlockDeletingService#2] WARN  background.BlockDeletingService (BlockDeletingService.java:isDeletionAllowed(187)) - Close Container log Index 6 is not replicated across allthe servers in the pipeline adc40928-88ac-46dc-94be-4cc069b2961e as the min replicated index is 4. Deletion is not allowed in this container yet.
2019-10-17 19:46:23,828 [BlockDeletingService#3] WARN  background.BlockDeletingService (BlockDeletingService.java:isDeletionAllowed(187)) - Close Container log Index 6 is not replicated across allthe servers in the pipeline adc40928-88ac-46dc-94be-4cc069b2961e as the min replicated index is 4. Deletion is not allowed in this container yet.
2019-10-17 19:46:23,965 [EventQueue-ContainerReportForContainerReportHandler] WARN  container.ContainerReportHandler (AbstractContainerReportHandler.java:updateContainerState(145)) - Container #1 is in OPEN state, but the datanode fa049fba-12b8-4e17-ac2d-38ea71bdd2ce{ip: 192.168.164.201, host: pr-hdds-1868-s6sc9-3720172378, networkLocation: /default-rack, certSerialId: null} reports an CLOSED replica.
2019-10-17 19:46:24,026 [EventQueue-ContainerReportForContainerReportHandler] WARN  container.ContainerReportHandler (AbstractContainerReportHandler.java:updateContainerState(145)) - Container #1 is in OPEN state, but the datanode 5fa7c213-d229-4dfb-b48e-377c0ca33348{ip: 192.168.164.201, host: pr-hdds-1868-s6sc9-3720172378, networkLocation: /default-rack, certSerialId: null} reports an CLOSED replica.
2019-10-17 19:46:24,265 [EventQueue-ContainerReportForContainerReportHandler] WARN  container.ContainerReportHandler (AbstractContainerReportHandler.java:updateContainerState(145)) - Container #1 is in OPEN state, but the datanode fa049fba-12b8-4e17-ac2d-38ea71bdd2ce{ip: 192.168.164.201, host: pr-hdds-1868-s6sc9-3720172378, networkLocation: /default-rack, certSerialId: null} reports an CLOSED replica.
2019-10-17 19:46:24,326 [EventQueue-ContainerReportForContainerReportHandler] WARN  container.ContainerReportHandler (AbstractContainerReportHandler.java:updateContainerState(145)) - Container #1 is in OPEN state, but the datanode 5fa7c213-d229-4dfb-b48e-377c0ca33348{ip: 192.168.164.201, host: pr-hdds-1868-s6sc9-3720172378, networkLocation: /default-rack, certSerialId: null} reports an CLOSED replica.
2019-10-17 19:46:24,565 [EventQueue-ContainerReportForContainerReportHandler] WARN  container.ContainerReportHandler (AbstractContainerReportHandler.java:updateContainerState(145)) - Container #1 is in OPEN state, but the datanode fa049fba-12b8-4e17-ac2d-38ea71bdd2ce{ip: 192.168.164.201, host: pr-hdds-1868-s6sc9-3720172378, networkLocation: /default-rack, certSerialId: null} reports an CLOSED replica.
2019-10-17 19:46:24,626 [EventQueue-ContainerReportForContainerReportHandler] WARN  container.ContainerReportHandler (AbstractContainerReportHandler.java:updateContainerState(145)) - Container #1 is in OPEN state, but the datanode 5fa7c213-d229-4dfb-b48e-377c0ca33348{ip: 192.168.164.201, host: pr-hdds-1868-s6sc9-3720172378, networkLocation: /default-rack, certSerialId: null} reports an CLOSED replica.
2019-10-17 19:46:24,828 [BlockDeletingService#2] WARN  background.BlockDeletingService (BlockDeletingService.java:isDeletionAllowed(187)) - Close Container log Index 6 is not replicated across allthe servers in the pipeline adc40928-88ac-46dc-94be-4cc069b2961e as the min replicated index is 4. Deletion is not allowed in this container yet.
2019-10-17 19:46:24,831 [BlockDeletingService#3] WARN  background.BlockDeletingService (BlockDeletingService.java:isDeletionAllowed(187)) - Close Container log Index 6 is not replicated across allthe servers in the pipeline adc40928-88ac-46dc-94be-4cc069b2961e as the min replicated index is 4. Deletion is not allowed in this container yet.
2019-10-17 19:46:24,864 [EventQueue-ContainerReportForContainerReportHandler] WARN  container.ContainerReportHandler (AbstractContainerReportHandler.java:updateContainerState(145)) - Container #1 is in OPEN state, but the datanode fa049fba-12b8-4e17-ac2d-38ea71bdd2ce{ip: 192.168.164.201, host: pr-hdds-1868-s6sc9-3720172378, networkLocation: /default-rack, certSerialId: null} reports an CLOSED replica.
2019-10-17 19:46:25,026 [EventQueue-ContainerReportForContainerReportHandler] WARN  container.ContainerReportHandler (AbstractContainerReportHandler.java:updateContainerState(145)) - Container #1 is in OPEN state, but the datanode 5fa7c213-d229-4dfb-b48e-377c0ca33348{ip: 192.168.164.201, host: pr-hdds-1868-s6sc9-3720172378, networkLocation: /default-rack, certSerialId: null} reports an CLOSED replica.
2019-10-17 19:46:25,226 [EventQueue-ContainerReportForContainerReportHandler] WARN  container.ContainerReportHandler (AbstractContainerReportHandler.java:updateContainerState(145)) - Container #1 is in OPEN state, but the datanode 5fa7c213-d229-4dfb-b48e-377c0ca33348{ip: 192.168.164.201, host: pr-hdds-1868-s6sc9-3720172378, networkLocation: /default-rack, certSerialId: null} reports an CLOSED replica.
2019-10-17 19:46:25,265 [EventQueue-ContainerReportForContainerReportHandler] WARN  container.ContainerReportHandler (AbstractContainerReportHandler.java:updateContainerState(145)) - Container #1 is in OPEN state, but the datanode fa049fba-12b8-4e17-ac2d-38ea71bdd2ce{ip: 192.168.164.201, host: pr-hdds-1868-s6sc9-3720172378, networkLocation: /default-rack, certSerialId: null} reports an CLOSED replica.
2019-10-17 19:46:25,526 [EventQueue-ContainerReportForContainerReportHandler] WARN  container.ContainerReportHandler (AbstractContainerReportHandler.java:updateContainerState(145)) - Container #1 is in OPEN state, but the datanode 5fa7c213-d229-4dfb-b48e-377c0ca33348{ip: 192.168.164.201, host: pr-hdds-1868-s6sc9-3720172378, networkLocation: /default-rack, certSerialId: null} reports an CLOSED replica.
2019-10-17 19:46:25,565 [EventQueue-ContainerReportForContainerReportHandler] WARN  container.ContainerReportHandler (AbstractContainerReportHandler.java:updateContainerState(145)) - Container #1 is in OPEN state, but the datanode fa049fba-12b8-4e17-ac2d-38ea71bdd2ce{ip: 192.168.164.201, host: pr-hdds-1868-s6sc9-3720172378, networkLocation: /default-rack, certSerialId: null} reports an CLOSED replica.
2019-10-17 19:46:25,774 [java.util.concurrent.ThreadPoolExecutor$Worker@6214d2e6[State = -1, empty queue]] WARN  server.GrpcLogAppender (GrpcLogAppender.java:timeoutAppendRequest(209)) - 5fa7c213-d229-4dfb-b48e-377c0ca33348@group-4CC069B2961E->32a164c3-8bb9-4158-a4d7-ada9eb729037-GrpcLogAppender: appendEntries Timeout, request=5fa7c213-d229-4dfb-b48e-377c0ca33348->32a164c3-8bb9-4158-a4d7-ada9eb729037#23-t2, previous=(t:2, i:8), leaderCommit=8, initializing? false, entries: <empty>
2019-10-17 19:46:25,826 [EventQueue-ContainerReportForContainerReportHandler] WARN  container.ContainerReportHandler (AbstractContainerReportHandler.java:updateContainerState(145)) - Container #1 is in OPEN state, but the datanode 5fa7c213-d229-4dfb-b48e-377c0ca33348{ip: 192.168.164.201, host: pr-hdds-1868-s6sc9-3720172378, networkLocation: /default-rack, certSerialId: null} reports an CLOSED replica.
2019-10-17 19:46:25,830 [BlockDeletingService#2] WARN  background.BlockDeletingService (BlockDeletingService.java:isDeletionAllowed(187)) - Close Container log Index 6 is not replicated across allthe servers in the pipeline adc40928-88ac-46dc-94be-4cc069b2961e as the min replicated index is 4. Deletion is not allowed in this container yet.
2019-10-17 19:46:25,832 [BlockDeletingService#3] WARN  background.BlockDeletingService (BlockDeletingService.java:isDeletionAllowed(187)) - Close Container log Index 6 is not replicated across allthe servers in the pipeline adc40928-88ac-46dc-94be-4cc069b2961e as the min replicated index is 4. Deletion is not allowed in this container yet.
2019-10-17 19:46:25,851 [java.util.concurrent.ThreadPoolExecutor$Worker@6214d2e6[State = -1, empty queue]] WARN  server.GrpcLogAppender (GrpcLogAppender.java:timeoutAppendRequest(209)) - 5fa7c213-d229-4dfb-b48e-377c0ca33348@group-4CC069B2961E->32a164c3-8bb9-4158-a4d7-ada9eb729037-GrpcLogAppender: appendEntries Timeout, request=5fa7c213-d229-4dfb-b48e-377c0ca33348->32a164c3-8bb9-4158-a4d7-ada9eb729037#24-t2, previous=(t:2, i:8), leaderCommit=8, initializing? false, entries: size=1, first=(t:2, i:9), STATEMACHINELOGENTRY, client-EC8B7C57D06D, cid=18
2019-10-17 19:46:25,865 [java.util.concurrent.ThreadPoolExecutor$Worker@6214d2e6[State = -1, empty queue]] WARN  server.GrpcLogAppender (GrpcLogAppender.java:timeoutAppendRequest(209)) - 5fa7c213-d229-4dfb-b48e-377c0ca33348@group-4CC069B2961E->32a164c3-8bb9-4158-a4d7-ada9eb729037-GrpcLogAppender: appendEntries Timeout, request=5fa7c213-d229-4dfb-b48e-377c0ca33348->32a164c3-8bb9-4158-a4d7-ada9eb729037#25-t2, previous=(t:2, i:9), leaderCommit=9, initializing? false, entries: size=1, first=(t:2, i:10), METADATAENTRY(c9)
2019-10-17 19:46:25,966 [EventQueue-ContainerReportForContainerReportHandler] WARN  container.ContainerReportHandler (AbstractContainerReportHandler.java:updateContainerState(145)) - Container #1 is in OPEN state, but the datanode fa049fba-12b8-4e17-ac2d-38ea71bdd2ce{ip: 192.168.164.201, host: pr-hdds-1868-s6sc9-3720172378, networkLocation: /default-rack, certSerialId: null} reports an CLOSED replica.
2019-10-17 19:46:26,126 [EventQueue-ContainerReportForContainerReportHandler] WARN  container.ContainerReportHandler (AbstractContainerReportHandler.java:updateContainerState(145)) - Container #1 is in OPEN state, but the datanode 5fa7c213-d229-4dfb-b48e-377c0ca33348{ip: 192.168.164.201, host: pr-hdds-1868-s6sc9-3720172378, networkLocation: /default-rack, certSerialId: null} reports an CLOSED replica.
2019-10-17 19:46:26,266 [EventQueue-ContainerReportForContainerReportHandler] WARN  container.ContainerReportHandler (AbstractContainerReportHandler.java:updateContainerState(145)) - Container #1 is in OPEN state, but the datanode fa049fba-12b8-4e17-ac2d-38ea71bdd2ce{ip: 192.168.164.201, host: pr-hdds-1868-s6sc9-3720172378, networkLocation: /default-rack, certSerialId: null} reports an CLOSED replica.
2019-10-17 19:46:26,427 [EventQueue-ContainerReportForContainerReportHandler] WARN  container.ContainerReportHandler (AbstractContainerReportHandler.java:updateContainerState(145)) - Container #1 is in OPEN state, but the datanode 5fa7c213-d229-4dfb-b48e-377c0ca33348{ip: 192.168.164.201, host: pr-hdds-1868-s6sc9-3720172378, networkLocation: /default-rack, certSerialId: null} reports an CLOSED replica.
2019-10-17 19:46:26,667 [EventQueue-ContainerReportForContainerReportHandler] WARN  container.ContainerReportHandler (AbstractContainerReportHandler.java:updateContainerState(145)) - Container #1 is in OPEN state, but the datanode fa049fba-12b8-4e17-ac2d-38ea71bdd2ce{ip: 192.168.164.201, host: pr-hdds-1868-s6sc9-3720172378, networkLocation: /default-rack, certSerialId: null} reports an CLOSED replica.
2019-10-17 19:46:26,726 [EventQueue-ContainerReportForContainerReportHandler] WARN  container.ContainerReportHandler (AbstractContainerReportHandler.java:updateContainerState(145)) - Container #1 is in OPEN state, but the datanode 5fa7c213-d229-4dfb-b48e-377c0ca33348{ip: 192.168.164.201, host: pr-hdds-1868-s6sc9-3720172378, networkLocation: /default-rack, certSerialId: null} reports an CLOSED replica.
2019-10-17 19:46:26,833 [BlockDeletingService#2] WARN  background.BlockDeletingService (BlockDeletingService.java:isDeletionAllowed(187)) - Close Container log Index 6 is not replicated across allthe servers in the pipeline adc40928-88ac-46dc-94be-4cc069b2961e as the min replicated index is 4. Deletion is not allowed in this container yet.
2019-10-17 19:46:26,836 [BlockDeletingService#3] WARN  background.BlockDeletingService (BlockDeletingService.java:isDeletionAllowed(187)) - Close Container log Index 6 is not replicated across allthe servers in the pipeline adc40928-88ac-46dc-94be-4cc069b2961e as the min replicated index is 4. Deletion is not allowed in this container yet.
2019-10-17 19:46:26,968 [EventQueue-ContainerReportForContainerReportHandler] WARN  container.ContainerReportHandler (AbstractContainerReportHandler.java:updateContainerState(145)) - Container #1 is in OPEN state, but the datanode fa049fba-12b8-4e17-ac2d-38ea71bdd2ce{ip: 192.168.164.201, host: pr-hdds-1868-s6sc9-3720172378, networkLocation: /default-rack, certSerialId: null} reports an CLOSED replica.
2019-10-17 19:46:27,026 [EventQueue-ContainerReportForContainerReportHandler] WARN  container.ContainerReportHandler (AbstractContainerReportHandler.java:updateContainerState(145)) - Container #1 is in OPEN state, but the datanode 5fa7c213-d229-4dfb-b48e-377c0ca33348{ip: 192.168.164.201, host: pr-hdds-1868-s6sc9-3720172378, networkLocation: /default-rack, certSerialId: null} reports an CLOSED replica.
2019-10-17 19:46:27,268 [EventQueue-ContainerReportForContainerReportHandler] WARN  container.ContainerReportHandler (AbstractContainerReportHandler.java:updateContainerState(145)) - Container #1 is in OPEN state, but the datanode fa049fba-12b8-4e17-ac2d-38ea71bdd2ce{ip: 192.168.164.201, host: pr-hdds-1868-s6sc9-3720172378, networkLocation: /default-rack, certSerialId: null} reports an CLOSED replica.
2019-10-17 19:46:27,325 [EventQueue-ContainerReportForContainerReportHandler] WARN  container.ContainerReportHandler (AbstractContainerReportHandler.java:updateContainerState(145)) - Container #1 is in OPEN state, but the datanode 5fa7c213-d229-4dfb-b48e-377c0ca33348{ip: 192.168.164.201, host: pr-hdds-1868-s6sc9-3720172378, networkLocation: /default-rack, certSerialId: null} reports an CLOSED replica.
2019-10-17 19:46:27,626 [EventQueue-ContainerReportForContainerReportHandler] WARN  container.ContainerReportHandler (AbstractContainerReportHandler.java:updateContainerState(145)) - Container #1 is in OPEN state, but the datanode 5fa7c213-d229-4dfb-b48e-377c0ca33348{ip: 192.168.164.201, host: pr-hdds-1868-s6sc9-3720172378, networkLocation: /default-rack, certSerialId: null} reports an CLOSED replica.
2019-10-17 19:46:27,669 [EventQueue-ContainerReportForContainerReportHandler] WARN  container.ContainerReportHandler (AbstractContainerReportHandler.java:updateContainerState(145)) - Container #1 is in OPEN state, but the datanode fa049fba-12b8-4e17-ac2d-38ea71bdd2ce{ip: 192.168.164.201, host: pr-hdds-1868-s6sc9-3720172378, networkLocation: /default-rack, certSerialId: null} reports an CLOSED replica.
2019-10-17 19:46:27,839 [BlockDeletingService#3] WARN  background.BlockDeletingService (BlockDeletingService.java:isDeletionAllowed(187)) - Close Container log Index 6 is not replicated across allthe servers in the pipeline adc40928-88ac-46dc-94be-4cc069b2961e as the min replicated index is 4. Deletion is not allowed in this container yet.
2019-10-17 19:46:27,839 [BlockDeletingService#2] WARN  background.BlockDeletingService (BlockDeletingService.java:isDeletionAllowed(187)) - Close Container log Index 6 is not replicated across allthe servers in the pipeline adc40928-88ac-46dc-94be-4cc069b2961e as the min replicated index is 4. Deletion is not allowed in this container yet.
2019-10-17 19:46:27,927 [EventQueue-ContainerReportForContainerReportHandler] WARN  container.ContainerReportHandler (AbstractContainerReportHandler.java:updateContainerState(145)) - Container #1 is in OPEN state, but the datanode 5fa7c213-d229-4dfb-b48e-377c0ca33348{ip: 192.168.164.201, host: pr-hdds-1868-s6sc9-3720172378, networkLocation: /default-rack, certSerialId: null} reports an CLOSED replica.
2019-10-17 19:46:27,968 [EventQueue-ContainerReportForContainerReportHandler] WARN  container.ContainerReportHandler (AbstractContainerReportHandler.java:updateContainerState(145)) - Container #1 is in OPEN state, but the datanode fa049fba-12b8-4e17-ac2d-38ea71bdd2ce{ip: 192.168.164.201, host: pr-hdds-1868-s6sc9-3720172378, networkLocation: /default-rack, certSerialId: null} reports an CLOSED replica.
2019-10-17 19:46:28,269 [EventQueue-ContainerReportForContainerReportHandler] WARN  container.ContainerReportHandler (AbstractContainerReportHandler.java:updateContainerState(145)) - Container #1 is in OPEN state, but the datanode fa049fba-12b8-4e17-ac2d-38ea71bdd2ce{ip: 192.168.164.201, host: pr-hdds-1868-s6sc9-3720172378, networkLocation: /default-rack, certSerialId: null} reports an CLOSED replica.
2019-10-17 19:46:28,326 [EventQueue-ContainerReportForContainerReportHandler] WARN  container.ContainerReportHandler (AbstractContainerReportHandler.java:updateContainerState(145)) - Container #1 is in OPEN state, but the datanode 5fa7c213-d229-4dfb-b48e-377c0ca33348{ip: 192.168.164.201, host: pr-hdds-1868-s6sc9-3720172378, networkLocation: /default-rack, certSerialId: null} reports an CLOSED replica.
2019-10-17 19:46:28,368 [java.util.concurrent.ThreadPoolExecutor$Worker@6214d2e6[State = -1, empty queue]] WARN  server.GrpcLogAppender (GrpcLogAppender.java:timeoutAppendRequest(209)) - 5fa7c213-d229-4dfb-b48e-377c0ca33348@group-4CC069B2961E->32a164c3-8bb9-4158-a4d7-ada9eb729037-GrpcLogAppender: appendEntries Timeout, request=5fa7c213-d229-4dfb-b48e-377c0ca33348->32a164c3-8bb9-4158-a4d7-ada9eb729037#26-t2, previous=(t:2, i:10), leaderCommit=10, initializing? false, entries: <empty>
2019-10-17 19:46:28,529 [EventQueue-ContainerReportForContainerReportHandler] WARN  container.ContainerReportHandler (AbstractContainerReportHandler.java:updateContainerState(145)) - Container #1 is in OPEN state, but the datanode 5fa7c213-d229-4dfb-b48e-377c0ca33348{ip: 192.168.164.201, host: pr-hdds-1868-s6sc9-3720172378, networkLocation: /default-rack, certSerialId: null} reports an CLOSED replica.
2019-10-17 19:46:28,671 [EventQueue-ContainerReportForContainerReportHandler] WARN  container.ContainerReportHandler (AbstractContainerReportHandler.java:updateContainerState(145)) - Container #1 is in OPEN state, but the datanode fa049fba-12b8-4e17-ac2d-38ea71bdd2ce{ip: 192.168.164.201, host: pr-hdds-1868-s6sc9-3720172378, networkLocation: /default-rack, certSerialId: null} reports an CLOSED replica.
2019-10-17 19:46:28,826 [EventQueue-ContainerReportForContainerReportHandler] WARN  container.ContainerReportHandler (AbstractContainerReportHandler.java:updateContainerState(145)) - Container #1 is in OPEN state, but the datanode 5fa7c213-d229-4dfb-b48e-377c0ca33348{ip: 192.168.164.201, host: pr-hdds-1868-s6sc9-3720172378, networkLocation: /default-rack, certSerialId: null} reports an CLOSED replica.
2019-10-17 19:46:28,842 [BlockDeletingService#3] WARN  background.BlockDeletingService (BlockDeletingService.java:isDeletionAllowed(187)) - Close Container log Index 6 is not replicated across allthe servers in the pipeline adc40928-88ac-46dc-94be-4cc069b2961e as the min replicated index is 4. Deletion is not allowed in this container yet.
2019-10-17 19:46:28,842 [BlockDeletingService#2] WARN  background.BlockDeletingService (BlockDeletingService.java:isDeletionAllowed(187)) - Close Container log Index 6 is not replicated across allthe servers in the pipeline adc40928-88ac-46dc-94be-4cc069b2961e as the min replicated index is 4. Deletion is not allowed in this container yet.
2019-10-17 19:46:28,871 [EventQueue-ContainerReportForContainerReportHandler] WARN  container.ContainerReportHandler (AbstractContainerReportHandler.java:updateContainerState(145)) - Container #1 is in OPEN state, but the datanode fa049fba-12b8-4e17-ac2d-38ea71bdd2ce{ip: 192.168.164.201, host: pr-hdds-1868-s6sc9-3720172378, networkLocation: /default-rack, certSerialId: null} reports an CLOSED replica.
2019-10-17 19:46:29,226 [EventQueue-ContainerReportForContainerReportHandler] WARN  container.ContainerReportHandler (AbstractContainerReportHandler.java:updateContainerState(145)) - Container #1 is in OPEN state, but the datanode 5fa7c213-d229-4dfb-b48e-377c0ca33348{ip: 192.168.164.201, host: pr-hdds-1868-s6sc9-3720172378, networkLocation: /default-rack, certSerialId: null} reports an CLOSED replica.
2019-10-17 19:46:29,272 [EventQueue-ContainerReportForContainerReportHandler] WARN  container.ContainerReportHandler (AbstractContainerReportHandler.java:updateContainerState(145)) - Container #1 is in OPEN state, but the datanode fa049fba-12b8-4e17-ac2d-38ea71bdd2ce{ip: 192.168.164.201, host: pr-hdds-1868-s6sc9-3720172378, networkLocation: /default-rack, certSerialId: null} reports an CLOSED replica.
2019-10-17 19:46:29,473 [EventQueue-ContainerReportForContainerReportHandler] WARN  container.ContainerReportHandler (AbstractContainerReportHandler.java:updateContainerState(145)) - Container #1 is in OPEN state, but the datanode fa049fba-12b8-4e17-ac2d-38ea71bdd2ce{ip: 192.168.164.201, host: pr-hdds-1868-s6sc9-3720172378, networkLocation: /default-rack, certSerialId: null} reports an CLOSED replica.
2019-10-17 19:46:29,626 [EventQueue-ContainerReportForContainerReportHandler] WARN  container.ContainerReportHandler (AbstractContainerReportHandler.java:updateContainerState(145)) - Container #1 is in OPEN state, but the datanode 5fa7c213-d229-4dfb-b48e-377c0ca33348{ip: 192.168.164.201, host: pr-hdds-1868-s6sc9-3720172378, networkLocation: /default-rack, certSerialId: null} reports an CLOSED replica.
2019-10-17 19:46:29,775 [EventQueue-ContainerReportForContainerReportHandler] WARN  container.ContainerReportHandler (AbstractContainerReportHandler.java:updateContainerState(145)) - Container #1 is in OPEN state, but the datanode fa049fba-12b8-4e17-ac2d-38ea71bdd2ce{ip: 192.168.164.201, host: pr-hdds-1868-s6sc9-3720172378, networkLocation: /default-rack, certSerialId: null} reports an CLOSED replica.
2019-10-17 19:46:29,844 [BlockDeletingService#3] WARN  background.BlockDeletingService (BlockDeletingService.java:isDeletionAllowed(187)) - Close Container log Index 6 is not replicated across allthe servers in the pipeline adc40928-88ac-46dc-94be-4cc069b2961e as the min replicated index is 4. Deletion is not allowed in this container yet.
2019-10-17 19:46:29,844 [BlockDeletingService#2] WARN  background.BlockDeletingService (BlockDeletingService.java:isDeletionAllowed(187)) - Close Container log Index 6 is not replicated across allthe servers in the pipeline adc40928-88ac-46dc-94be-4cc069b2961e as the min replicated index is 4. Deletion is not allowed in this container yet.
2019-10-17 19:46:29,926 [EventQueue-ContainerReportForContainerReportHandler] WARN  container.ContainerReportHandler (AbstractContainerReportHandler.java:updateContainerState(145)) - Container #1 is in OPEN state, but the datanode 5fa7c213-d229-4dfb-b48e-377c0ca33348{ip: 192.168.164.201, host: pr-hdds-1868-s6sc9-3720172378, networkLocation: /default-rack, certSerialId: null} reports an CLOSED replica.
2019-10-17 19:46:30,076 [EventQueue-ContainerReportForContainerReportHandler] WARN  container.ContainerReportHandler (AbstractContainerReportHandler.java:updateContainerState(145)) - Container #1 is in OPEN state, but the datanode fa049fba-12b8-4e17-ac2d-38ea71bdd2ce{ip: 192.168.164.201, host: pr-hdds-1868-s6sc9-3720172378, networkLocation: /default-rack, certSerialId: null} reports an CLOSED replica.
2019-10-17 19:46:30,225 [EventQueue-ContainerReportForContainerReportHandler] WARN  container.ContainerReportHandler (AbstractContainerReportHandler.java:updateContainerState(145)) - Container #1 is in OPEN state, but the datanode 5fa7c213-d229-4dfb-b48e-377c0ca33348{ip: 192.168.164.201, host: pr-hdds-1868-s6sc9-3720172378, networkLocation: /default-rack, certSerialId: null} reports an CLOSED replica.
2019-10-17 19:46:30,377 [EventQueue-ContainerReportForContainerReportHandler] WARN  container.ContainerReportHandler (AbstractContainerReportHandler.java:updateContainerState(145)) - Container #1 is in OPEN state, but the datanode fa049fba-12b8-4e17-ac2d-38ea71bdd2ce{ip: 192.168.164.201, host: pr-hdds-1868-s6sc9-3720172378, networkLocation: /default-rack, certSerialId: null} reports an CLOSED replica.
2019-10-17 19:46:30,577 [EventQueue-ContainerReportForContainerReportHandler] WARN  container.ContainerReportHandler (AbstractContainerReportHandler.java:updateContainerState(145)) - Container #1 is in OPEN state, but the datanode fa049fba-12b8-4e17-ac2d-38ea71bdd2ce{ip: 192.168.164.201, host: pr-hdds-1868-s6sc9-3720172378, networkLocation: /default-rack, certSerialId: null} reports an CLOSED replica.
2019-10-17 19:46:30,627 [EventQueue-ContainerReportForContainerReportHandler] WARN  container.ContainerReportHandler (AbstractContainerReportHandler.java:updateContainerState(145)) - Container #1 is in OPEN state, but the datanode 5fa7c213-d229-4dfb-b48e-377c0ca33348{ip: 192.168.164.201, host: pr-hdds-1868-s6sc9-3720172378, networkLocation: /default-rack, certSerialId: null} reports an CLOSED replica.
2019-10-17 19:46:30,846 [BlockDeletingService#3] WARN  background.BlockDeletingService (BlockDeletingService.java:isDeletionAllowed(187)) - Close Container log Index 6 is not replicated across allthe servers in the pipeline adc40928-88ac-46dc-94be-4cc069b2961e as the min replicated index is 4. Deletion is not allowed in this container yet.
2019-10-17 19:46:30,846 [BlockDeletingService#2] WARN  background.BlockDeletingService (BlockDeletingService.java:isDeletionAllowed(187)) - Close Container log Index 6 is not replicated across allthe servers in the pipeline adc40928-88ac-46dc-94be-4cc069b2961e as the min replicated index is 4. Deletion is not allowed in this container yet.
2019-10-17 19:46:30,870 [java.util.concurrent.ThreadPoolExecutor$Worker@6214d2e6[State = -1, empty queue]] WARN  server.GrpcLogAppender (GrpcLogAppender.java:timeoutAppendRequest(209)) - 5fa7c213-d229-4dfb-b48e-377c0ca33348@group-4CC069B2961E->32a164c3-8bb9-4158-a4d7-ada9eb729037-GrpcLogAppender: appendEntries Timeout, request=5fa7c213-d229-4dfb-b48e-377c0ca33348->32a164c3-8bb9-4158-a4d7-ada9eb729037#27-t2, previous=(t:2, i:10), leaderCommit=10, initializing? false, entries: <empty>
2019-10-17 19:46:30,871 [Thread-445] INFO  client.GrpcClientProtocolService (GrpcClientProtocolService.java:lambda$processClientRequest$0(278)) - Failed RaftClientRequest:client-30F7F12B0123->fa049fba-12b8-4e17-ac2d-38ea71bdd2ce@group-4CC069B2961E, cid=16, seq=0, Watch-ALL_COMMITTED(6), Message:<EMPTY>, reply=RaftClientReply:client-30F7F12B0123->fa049fba-12b8-4e17-ac2d-38ea71bdd2ce@group-4CC069B2961E, cid=16, FAILED org.apache.ratis.protocol.NotLeaderException: Server fa049fba-12b8-4e17-ac2d-38ea71bdd2ce@group-4CC069B2961E is not the leader 5fa7c213-d229-4dfb-b48e-377c0ca33348:192.168.164.201:37765, logIndex=0, commits[fa049fba-12b8-4e17-ac2d-38ea71bdd2ce:c10, 32a164c3-8bb9-4158-a4d7-ada9eb729037:c4, 5fa7c213-d229-4dfb-b48e-377c0ca33348:c10]
2019-10-17 19:46:30,879 [EventQueue-ContainerReportForContainerReportHandler] WARN  container.ContainerReportHandler (AbstractContainerReportHandler.java:updateContainerState(145)) - Container #1 is in OPEN state, but the datanode fa049fba-12b8-4e17-ac2d-38ea71bdd2ce{ip: 192.168.164.201, host: pr-hdds-1868-s6sc9-3720172378, networkLocation: /default-rack, certSerialId: null} reports an CLOSED replica.
2019-10-17 19:46:31,027 [EventQueue-ContainerReportForContainerReportHandler] WARN  container.ContainerReportHandler (AbstractContainerReportHandler.java:updateContainerState(145)) - Container #1 is in OPEN state, but the datanode 5fa7c213-d229-4dfb-b48e-377c0ca33348{ip: 192.168.164.201, host: pr-hdds-1868-s6sc9-3720172378, networkLocation: /default-rack, certSerialId: null} reports an CLOSED replica.
2019-10-17 19:46:31,178 [EventQueue-ContainerReportForContainerReportHandler] WARN  container.ContainerReportHandler (AbstractContainerReportHandler.java:updateContainerState(145)) - Container #1 is in OPEN state, but the datanode fa049fba-12b8-4e17-ac2d-38ea71bdd2ce{ip: 192.168.164.201, host: pr-hdds-1868-s6sc9-3720172378, networkLocation: /default-rack, certSerialId: null} reports an CLOSED replica.
2019-10-17 19:46:31,227 [EventQueue-ContainerReportForContainerReportHandler] WARN  container.ContainerReportHandler (AbstractContainerReportHandler.java:updateContainerState(145)) - Container #1 is in OPEN state, but the datanode 5fa7c213-d229-4dfb-b48e-377c0ca33348{ip: 192.168.164.201, host: pr-hdds-1868-s6sc9-3720172378, networkLocation: /default-rack, certSerialId: null} reports an CLOSED replica.
2019-10-17 19:46:31,478 [EventQueue-ContainerReportForContainerReportHandler] WARN  container.ContainerReportHandler (AbstractContainerReportHandler.java:updateContainerState(145)) - Container #1 is in OPEN state, but the datanode fa049fba-12b8-4e17-ac2d-38ea71bdd2ce{ip: 192.168.164.201, host: pr-hdds-1868-s6sc9-3720172378, networkLocation: /default-rack, certSerialId: null} reports an CLOSED replica.
2019-10-17 19:46:31,628 [EventQueue-ContainerReportForContainerReportHandler] WARN  container.ContainerReportHandler (AbstractContainerReportHandler.java:updateContainerState(145)) - Container #1 is in OPEN state, but the datanode 5fa7c213-d229-4dfb-b48e-377c0ca33348{ip: 192.168.164.201, host: pr-hdds-1868-s6sc9-3720172378, networkLocation: /default-rack, certSerialId: null} reports an CLOSED replica.
2019-10-17 19:46:31,678 [EventQueue-ContainerReportForContainerReportHandler] WARN  container.ContainerReportHandler (AbstractContainerReportHandler.java:updateContainerState(145)) - Container #1 is in OPEN state, but the datanode fa049fba-12b8-4e17-ac2d-38ea71bdd2ce{ip: 192.168.164.201, host: pr-hdds-1868-s6sc9-3720172378, networkLocation: /default-rack, certSerialId: null} reports an CLOSED replica.
2019-10-17 19:46:31,847 [BlockDeletingService#2] WARN  background.BlockDeletingService (BlockDeletingService.java:isDeletionAllowed(187)) - Close Container log Index 6 is not replicated across allthe servers in the pipeline adc40928-88ac-46dc-94be-4cc069b2961e as the min replicated index is 4. Deletion is not allowed in this container yet.
2019-10-17 19:46:31,847 [BlockDeletingService#3] WARN  background.BlockDeletingService (BlockDeletingService.java:isDeletionAllowed(187)) - Close Container log Index 6 is not replicated across allthe servers in the pipeline adc40928-88ac-46dc-94be-4cc069b2961e as the min replicated index is 4. Deletion is not allowed in this container yet.
2019-10-17 19:46:31,879 [EventQueue-ContainerReportForContainerReportHandler] WARN  container.ContainerReportHandler (AbstractContainerReportHandler.java:updateContainerState(145)) - Container #1 is in OPEN state, but the datanode fa049fba-12b8-4e17-ac2d-38ea71bdd2ce{ip: 192.168.164.201, host: pr-hdds-1868-s6sc9-3720172378, networkLocation: /default-rack, certSerialId: null} reports an CLOSED replica.
2019-10-17 19:46:32,028 [EventQueue-ContainerReportForContainerReportHandler] WARN  container.ContainerReportHandler (AbstractContainerReportHandler.java:updateContainerState(145)) - Container #1 is in OPEN state, but the datanode 5fa7c213-d229-4dfb-b48e-377c0ca33348{ip: 192.168.164.201, host: pr-hdds-1868-s6sc9-3720172378, networkLocation: /default-rack, certSerialId: null} reports an CLOSED replica.
2019-10-17 19:46:32,179 [EventQueue-ContainerReportForContainerReportHandler] WARN  container.ContainerReportHandler (AbstractContainerReportHandler.java:updateContainerState(145)) - Container #1 is in OPEN state, but the datanode fa049fba-12b8-4e17-ac2d-38ea71bdd2ce{ip: 192.168.164.201, host: pr-hdds-1868-s6sc9-3720172378, networkLocation: /default-rack, certSerialId: null} reports an CLOSED replica.
2019-10-17 19:46:32,328 [EventQueue-ContainerReportForContainerReportHandler] WARN  container.ContainerReportHandler (AbstractContainerReportHandler.java:updateContainerState(145)) - Container #1 is in OPEN state, but the datanode 5fa7c213-d229-4dfb-b48e-377c0ca33348{ip: 192.168.164.201, host: pr-hdds-1868-s6sc9-3720172378, networkLocation: /default-rack, certSerialId: null} reports an CLOSED replica.
2019-10-17 19:46:32,580 [EventQueue-ContainerReportForContainerReportHandler] WARN  container.ContainerReportHandler (AbstractContainerReportHandler.java:updateContainerState(145)) - Container #1 is in OPEN state, but the datanode fa049fba-12b8-4e17-ac2d-38ea71bdd2ce{ip: 192.168.164.201, host: pr-hdds-1868-s6sc9-3720172378, networkLocation: /default-rack, certSerialId: null} reports an CLOSED replica.
2019-10-17 19:46:32,627 [EventQueue-ContainerReportForContainerReportHandler] WARN  container.ContainerReportHandler (AbstractContainerReportHandler.java:updateContainerState(145)) - Container #1 is in OPEN state, but the datanode 5fa7c213-d229-4dfb-b48e-377c0ca33348{ip: 192.168.164.201, host: pr-hdds-1868-s6sc9-3720172378, networkLocation: /default-rack, certSerialId: null} reports an CLOSED replica.
2019-10-17 19:46:32,683 [Thread-450] INFO  client.GrpcClientProtocolService (GrpcClientProtocolService.java:lambda$processClientRequest$0(278)) - Failed RaftClientRequest:client-30F7F12B0123->5fa7c213-d229-4dfb-b48e-377c0ca33348@group-4CC069B2961E, cid=16, seq=0, Watch-ALL_COMMITTED(6), Message:<EMPTY>, reply=RaftClientReply:client-30F7F12B0123->5fa7c213-d229-4dfb-b48e-377c0ca33348@group-4CC069B2961E, cid=16, FAILED org.apache.ratis.protocol.NotReplicatedException: Request with call Id 16 and log index 6 is not yet replicated to ALL_COMMITTED, logIndex=6, commits[5fa7c213-d229-4dfb-b48e-377c0ca33348:c10, 32a164c3-8bb9-4158-a4d7-ada9eb729037:c4, fa049fba-12b8-4e17-ac2d-38ea71bdd2ce:c10]
2019-10-17 19:46:32,852 [BlockDeletingService#3] WARN  background.BlockDeletingService (BlockDeletingService.java:isDeletionAllowed(187)) - Close Container log Index 6 is not replicated across allthe servers in the pipeline adc40928-88ac-46dc-94be-4cc069b2961e as the min replicated index is 4. Deletion is not allowed in this container yet.
2019-10-17 19:46:32,852 [BlockDeletingService#2] WARN  background.BlockDeletingService (BlockDeletingService.java:isDeletionAllowed(187)) - Close Container log Index 6 is not replicated across allthe servers in the pipeline adc40928-88ac-46dc-94be-4cc069b2961e as the min replicated index is 4. Deletion is not allowed in this container yet.
2019-10-17 19:46:32,880 [EventQueue-ContainerReportForContainerReportHandler] WARN  container.ContainerReportHandler (AbstractContainerReportHandler.java:updateContainerState(145)) - Container #1 is in OPEN state, but the datanode fa049fba-12b8-4e17-ac2d-38ea71bdd2ce{ip: 192.168.164.201, host: pr-hdds-1868-s6sc9-3720172378, networkLocation: /default-rack, certSerialId: null} reports an CLOSED replica.
2019-10-17 19:46:32,928 [EventQueue-ContainerReportForContainerReportHandler] WARN  container.ContainerReportHandler (AbstractContainerReportHandler.java:updateContainerState(145)) - Container #1 is in OPEN state, but the datanode 5fa7c213-d229-4dfb-b48e-377c0ca33348{ip: 192.168.164.201, host: pr-hdds-1868-s6sc9-3720172378, networkLocation: /default-rack, certSerialId: null} reports an CLOSED replica.
2019-10-17 19:46:33,280 [EventQueue-ContainerReportForContainerReportHandler] WARN  container.ContainerReportHandler (AbstractContainerReportHandler.java:updateContainerState(145)) - Container #1 is in OPEN state, but the datanode fa049fba-12b8-4e17-ac2d-38ea71bdd2ce{ip: 192.168.164.201, host: pr-hdds-1868-s6sc9-3720172378, networkLocation: /default-rack, certSerialId: null} reports an CLOSED replica.
2019-10-17 19:46:33,328 [EventQueue-ContainerReportForContainerReportHandler] WARN  container.ContainerReportHandler (AbstractContainerReportHandler.java:updateContainerState(145)) - Container #1 is in OPEN state, but the datanode 5fa7c213-d229-4dfb-b48e-377c0ca33348{ip: 192.168.164.201, host: pr-hdds-1868-s6sc9-3720172378, networkLocation: /default-rack, certSerialId: null} reports an CLOSED replica.
2019-10-17 19:46:33,372 [java.util.concurrent.ThreadPoolExecutor$Worker@6214d2e6[State = -1, empty queue]] WARN  server.GrpcLogAppender (GrpcLogAppender.java:timeoutAppendRequest(209)) - 5fa7c213-d229-4dfb-b48e-377c0ca33348@group-4CC069B2961E->32a164c3-8bb9-4158-a4d7-ada9eb729037-GrpcLogAppender: appendEntries Timeout, request=5fa7c213-d229-4dfb-b48e-377c0ca33348->32a164c3-8bb9-4158-a4d7-ada9eb729037#28-t2, previous=(t:2, i:10), leaderCommit=10, initializing? false, entries: <empty>
2019-10-17 19:46:33,530 [EventQueue-ContainerReportForContainerReportHandler] WARN  container.ContainerReportHandler (AbstractContainerReportHandler.java:updateContainerState(145)) - Container #1 is in OPEN state, but the datanode 5fa7c213-d229-4dfb-b48e-377c0ca33348{ip: 192.168.164.201, host: pr-hdds-1868-s6sc9-3720172378, networkLocation: /default-rack, certSerialId: null} reports an CLOSED replica.
2019-10-17 19:46:33,680 [EventQueue-ContainerReportForContainerReportHandler] WARN  container.ContainerReportHandler (AbstractContainerReportHandler.java:updateContainerState(145)) - Container #1 is in OPEN state, but the datanode fa049fba-12b8-4e17-ac2d-38ea71bdd2ce{ip: 192.168.164.201, host: pr-hdds-1868-s6sc9-3720172378, networkLocation: /default-rack, certSerialId: null} reports an CLOSED replica.
2019-10-17 19:46:33,854 [BlockDeletingService#3] WARN  background.BlockDeletingService (BlockDeletingService.java:isDeletionAllowed(187)) - Close Container log Index 6 is not replicated across allthe servers in the pipeline adc40928-88ac-46dc-94be-4cc069b2961e as the min replicated index is 4. Deletion is not allowed in this container yet.
2019-10-17 19:46:33,855 [BlockDeletingService#2] WARN  background.BlockDeletingService (BlockDeletingService.java:isDeletionAllowed(187)) - Close Container log Index 6 is not replicated across allthe servers in the pipeline adc40928-88ac-46dc-94be-4cc069b2961e as the min replicated index is 4. Deletion is not allowed in this container yet.
2019-10-17 19:46:33,933 [EventQueue-ContainerReportForContainerReportHandler] WARN  container.ContainerReportHandler (AbstractContainerReportHandler.java:updateContainerState(145)) - Container #1 is in OPEN state, but the datanode 5fa7c213-d229-4dfb-b48e-377c0ca33348{ip: 192.168.164.201, host: pr-hdds-1868-s6sc9-3720172378, networkLocation: /default-rack, certSerialId: null} reports an CLOSED replica.
2019-10-17 19:46:33,981 [EventQueue-ContainerReportForContainerReportHandler] WARN  container.ContainerReportHandler (AbstractContainerReportHandler.java:updateContainerState(145)) - Container #1 is in OPEN state, but the datanode fa049fba-12b8-4e17-ac2d-38ea71bdd2ce{ip: 192.168.164.201, host: pr-hdds-1868-s6sc9-3720172378, networkLocation: /default-rack, certSerialId: null} reports an CLOSED replica.
2019-10-17 19:46:34,133 [EventQueue-ContainerReportForContainerReportHandler] WARN  container.ContainerReportHandler (AbstractContainerReportHandler.java:updateContainerState(145)) - Container #1 is in OPEN state, but the datanode 5fa7c213-d229-4dfb-b48e-377c0ca33348{ip: 192.168.164.201, host: pr-hdds-1868-s6sc9-3720172378, networkLocation: /default-rack, certSerialId: null} reports an CLOSED replica.
2019-10-17 19:46:34,280 [EventQueue-ContainerReportForContainerReportHandler] WARN  container.ContainerReportHandler (AbstractContainerReportHandler.java:updateContainerState(145)) - Container #1 is in OPEN state, but the datanode fa049fba-12b8-4e17-ac2d-38ea71bdd2ce{ip: 192.168.164.201, host: pr-hdds-1868-s6sc9-3720172378, networkLocation: /default-rack, certSerialId: null} reports an CLOSED replica.
2019-10-17 19:46:34,433 [EventQueue-ContainerReportForContainerReportHandler] WARN  container.ContainerReportHandler (AbstractContainerReportHandler.java:updateContainerState(145)) - Container #1 is in OPEN state, but the datanode 5fa7c213-d229-4dfb-b48e-377c0ca33348{ip: 192.168.164.201, host: pr-hdds-1868-s6sc9-3720172378, networkLocation: /default-rack, certSerialId: null} reports an CLOSED replica.
2019-10-17 19:46:34,680 [EventQueue-ContainerReportForContainerReportHandler] WARN  container.ContainerReportHandler (AbstractContainerReportHandler.java:updateContainerState(145)) - Container #1 is in OPEN state, but the datanode fa049fba-12b8-4e17-ac2d-38ea71bdd2ce{ip: 192.168.164.201, host: pr-hdds-1868-s6sc9-3720172378, networkLocation: /default-rack, certSerialId: null} reports an CLOSED replica.
2019-10-17 19:46:34,734 [EventQueue-ContainerReportForContainerReportHandler] WARN  container.ContainerReportHandler (AbstractContainerReportHandler.java:updateContainerState(145)) - Container #1 is in OPEN state, but the datanode 5fa7c213-d229-4dfb-b48e-377c0ca33348{ip: 192.168.164.201, host: pr-hdds-1868-s6sc9-3720172378, networkLocation: /default-rack, certSerialId: null} reports an CLOSED replica.
2019-10-17 19:46:34,856 [BlockDeletingService#3] WARN  background.BlockDeletingService (BlockDeletingService.java:isDeletionAllowed(187)) - Close Container log Index 6 is not replicated across allthe servers in the pipeline adc40928-88ac-46dc-94be-4cc069b2961e as the min replicated index is 4. Deletion is not allowed in this container yet.
2019-10-17 19:46:34,856 [BlockDeletingService#2] WARN  background.BlockDeletingService (BlockDeletingService.java:isDeletionAllowed(187)) - Close Container log Index 6 is not replicated across allthe servers in the pipeline adc40928-88ac-46dc-94be-4cc069b2961e as the min replicated index is 4. Deletion is not allowed in this container yet.
2019-10-17 19:46:34,880 [EventQueue-ContainerReportForContainerReportHandler] WARN  container.ContainerReportHandler (AbstractContainerReportHandler.java:updateContainerState(145)) - Container #1 is in OPEN state, but the datanode fa049fba-12b8-4e17-ac2d-38ea71bdd2ce{ip: 192.168.164.201, host: pr-hdds-1868-s6sc9-3720172378, networkLocation: /default-rack, certSerialId: null} reports an CLOSED replica.
2019-10-17 19:46:35,133 [EventQueue-ContainerReportForContainerReportHandler] WARN  container.ContainerReportHandler (AbstractContainerReportHandler.java:updateContainerState(145)) - Container #1 is in OPEN state, but the datanode 5fa7c213-d229-4dfb-b48e-377c0ca33348{ip: 192.168.164.201, host: pr-hdds-1868-s6sc9-3720172378, networkLocation: /default-rack, certSerialId: null} reports an CLOSED replica.
2019-10-17 19:46:35,181 [EventQueue-ContainerReportForContainerReportHandler] WARN  container.ContainerReportHandler (AbstractContainerReportHandler.java:updateContainerState(145)) - Container #1 is in OPEN state, but the datanode fa049fba-12b8-4e17-ac2d-38ea71bdd2ce{ip: 192.168.164.201, host: pr-hdds-1868-s6sc9-3720172378, networkLocation: /default-rack, certSerialId: null} reports an CLOSED replica.
2019-10-17 19:46:35,333 [EventQueue-ContainerReportForContainerReportHandler] WARN  container.ContainerReportHandler (AbstractContainerReportHandler.java:updateContainerState(145)) - Container #1 is in OPEN state, but the datanode 5fa7c213-d229-4dfb-b48e-377c0ca33348{ip: 192.168.164.201, host: pr-hdds-1868-s6sc9-3720172378, networkLocation: /default-rack, certSerialId: null} reports an CLOSED replica.
2019-10-17 19:46:35,481 [EventQueue-ContainerReportForContainerReportHandler] WARN  container.ContainerReportHandler (AbstractContainerReportHandler.java:updateContainerState(145)) - Container #1 is in OPEN state, but the datanode fa049fba-12b8-4e17-ac2d-38ea71bdd2ce{ip: 192.168.164.201, host: pr-hdds-1868-s6sc9-3720172378, networkLocation: /default-rack, certSerialId: null} reports an CLOSED replica.
2019-10-17 19:46:35,733 [EventQueue-ContainerReportForContainerReportHandler] WARN  container.ContainerReportHandler (AbstractContainerReportHandler.java:updateContainerState(145)) - Container #1 is in OPEN state, but the datanode 5fa7c213-d229-4dfb-b48e-377c0ca33348{ip: 192.168.164.201, host: pr-hdds-1868-s6sc9-3720172378, networkLocation: /default-rack, certSerialId: null} reports an CLOSED replica.
2019-10-17 19:46:35,783 [EventQueue-ContainerReportForContainerReportHandler] WARN  container.ContainerReportHandler (AbstractContainerReportHandler.java:updateContainerState(145)) - Container #1 is in OPEN state, but the datanode fa049fba-12b8-4e17-ac2d-38ea71bdd2ce{ip: 192.168.164.201, host: pr-hdds-1868-s6sc9-3720172378, networkLocation: /default-rack, certSerialId: null} reports an CLOSED replica.
2019-10-17 19:46:35,858 [BlockDeletingService#3] WARN  background.BlockDeletingService (BlockDeletingService.java:isDeletionAllowed(187)) - Close Container log Index 6 is not replicated across allthe servers in the pipeline adc40928-88ac-46dc-94be-4cc069b2961e as the min replicated index is 4. Deletion is not allowed in this container yet.
2019-10-17 19:46:35,858 [BlockDeletingService#2] WARN  background.BlockDeletingService (BlockDeletingService.java:isDeletionAllowed(187)) - Close Container log Index 6 is not replicated across allthe servers in the pipeline adc40928-88ac-46dc-94be-4cc069b2961e as the min replicated index is 4. Deletion is not allowed in this container yet.
2019-10-17 19:46:35,873 [java.util.concurrent.ThreadPoolExecutor$Worker@6214d2e6[State = -1, empty queue]] WARN  server.GrpcLogAppender (GrpcLogAppender.java:timeoutAppendRequest(209)) - 5fa7c213-d229-4dfb-b48e-377c0ca33348@group-4CC069B2961E->32a164c3-8bb9-4158-a4d7-ada9eb729037-GrpcLogAppender: appendEntries Timeout, request=5fa7c213-d229-4dfb-b48e-377c0ca33348->32a164c3-8bb9-4158-a4d7-ada9eb729037#29-t2, previous=(t:2, i:10), leaderCommit=10, initializing? false, entries: <empty>
2019-10-17 19:46:35,984 [EventQueue-ContainerReportForContainerReportHandler] WARN  container.ContainerReportHandler (AbstractContainerReportHandler.java:updateContainerState(145)) - Container #1 is in OPEN state, but the datanode fa049fba-12b8-4e17-ac2d-38ea71bdd2ce{ip: 192.168.164.201, host: pr-hdds-1868-s6sc9-3720172378, networkLocation: /default-rack, certSerialId: null} reports an CLOSED replica.
2019-10-17 19:46:36,134 [EventQueue-ContainerReportForContainerReportHandler] WARN  container.ContainerReportHandler (AbstractContainerReportHandler.java:updateContainerState(145)) - Container #1 is in OPEN state, but the datanode 5fa7c213-d229-4dfb-b48e-377c0ca33348{ip: 192.168.164.201, host: pr-hdds-1868-s6sc9-3720172378, networkLocation: /default-rack, certSerialId: null} reports an CLOSED replica.
2019-10-17 19:46:36,283 [EventQueue-ContainerReportForContainerReportHandler] WARN  container.ContainerReportHandler (AbstractContainerReportHandler.java:updateContainerState(145)) - Container #1 is in OPEN state, but the datanode fa049fba-12b8-4e17-ac2d-38ea71bdd2ce{ip: 192.168.164.201, host: pr-hdds-1868-s6sc9-3720172378, networkLocation: /default-rack, certSerialId: null} reports an CLOSED replica.
2019-10-17 19:46:36,434 [EventQueue-ContainerReportForContainerReportHandler] WARN  container.ContainerReportHandler (AbstractContainerReportHandler.java:updateContainerState(145)) - Container #1 is in OPEN state, but the datanode 5fa7c213-d229-4dfb-b48e-377c0ca33348{ip: 192.168.164.201, host: pr-hdds-1868-s6sc9-3720172378, networkLocation: /default-rack, certSerialId: null} reports an CLOSED replica.
2019-10-17 19:46:36,583 [EventQueue-ContainerReportForContainerReportHandler] WARN  container.ContainerReportHandler (AbstractContainerReportHandler.java:updateContainerState(145)) - Container #1 is in OPEN state, but the datanode fa049fba-12b8-4e17-ac2d-38ea71bdd2ce{ip: 192.168.164.201, host: pr-hdds-1868-s6sc9-3720172378, networkLocation: /default-rack, certSerialId: null} reports an CLOSED replica.
2019-10-17 19:46:36,634 [EventQueue-ContainerReportForContainerReportHandler] WARN  container.ContainerReportHandler (AbstractContainerReportHandler.java:updateContainerState(145)) - Container #1 is in OPEN state, but the datanode 5fa7c213-d229-4dfb-b48e-377c0ca33348{ip: 192.168.164.201, host: pr-hdds-1868-s6sc9-3720172378, networkLocation: /default-rack, certSerialId: null} reports an CLOSED replica.
2019-10-17 19:46:36,859 [BlockDeletingService#3] WARN  background.BlockDeletingService (BlockDeletingService.java:isDeletionAllowed(187)) - Close Container log Index 6 is not replicated across allthe servers in the pipeline adc40928-88ac-46dc-94be-4cc069b2961e as the min replicated index is 4. Deletion is not allowed in this container yet.
2019-10-17 19:46:36,859 [BlockDeletingService#2] WARN  background.BlockDeletingService (BlockDeletingService.java:isDeletionAllowed(187)) - Close Container log Index 6 is not replicated across allthe servers in the pipeline adc40928-88ac-46dc-94be-4cc069b2961e as the min replicated index is 4. Deletion is not allowed in this container yet.
2019-10-17 19:46:36,883 [EventQueue-ContainerReportForContainerReportHandler] WARN  container.ContainerReportHandler (AbstractContainerReportHandler.java:updateContainerState(145)) - Container #1 is in OPEN state, but the datanode fa049fba-12b8-4e17-ac2d-38ea71bdd2ce{ip: 192.168.164.201, host: pr-hdds-1868-s6sc9-3720172378, networkLocation: /default-rack, certSerialId: null} reports an CLOSED replica.
2019-10-17 19:46:36,935 [EventQueue-ContainerReportForContainerReportHandler] WARN  container.ContainerReportHandler (AbstractContainerReportHandler.java:updateContainerState(145)) - Container #1 is in OPEN state, but the datanode 5fa7c213-d229-4dfb-b48e-377c0ca33348{ip: 192.168.164.201, host: pr-hdds-1868-s6sc9-3720172378, networkLocation: /default-rack, certSerialId: null} reports an CLOSED replica.
2019-10-17 19:46:37,135 [EventQueue-ContainerReportForContainerReportHandler] WARN  container.ContainerReportHandler (AbstractContainerReportHandler.java:updateContainerState(145)) - Container #1 is in OPEN state, but the datanode 5fa7c213-d229-4dfb-b48e-377c0ca33348{ip: 192.168.164.201, host: pr-hdds-1868-s6sc9-3720172378, networkLocation: /default-rack, certSerialId: null} reports an CLOSED replica.
2019-10-17 19:46:37,184 [EventQueue-ContainerReportForContainerReportHandler] WARN  container.ContainerReportHandler (AbstractContainerReportHandler.java:updateContainerState(145)) - Container #1 is in OPEN state, but the datanode fa049fba-12b8-4e17-ac2d-38ea71bdd2ce{ip: 192.168.164.201, host: pr-hdds-1868-s6sc9-3720172378, networkLocation: /default-rack, certSerialId: null} reports an CLOSED replica.
2019-10-17 19:46:37,384 [EventQueue-ContainerReportForContainerReportHandler] WARN  container.ContainerReportHandler (AbstractContainerReportHandler.java:updateContainerState(145)) - Container #1 is in OPEN state, but the datanode fa049fba-12b8-4e17-ac2d-38ea71bdd2ce{ip: 192.168.164.201, host: pr-hdds-1868-s6sc9-3720172378, networkLocation: /default-rack, certSerialId: null} reports an CLOSED replica.
2019-10-17 19:46:37,435 [EventQueue-ContainerReportForContainerReportHandler] WARN  container.ContainerReportHandler (AbstractContainerReportHandler.java:updateContainerState(145)) - Container #1 is in OPEN state, but the datanode 5fa7c213-d229-4dfb-b48e-377c0ca33348{ip: 192.168.164.201, host: pr-hdds-1868-s6sc9-3720172378, networkLocation: /default-rack, certSerialId: null} reports an CLOSED replica.
2019-10-17 19:46:37,735 [EventQueue-ContainerReportForContainerReportHandler] WARN  container.ContainerReportHandler (AbstractContainerReportHandler.java:updateContainerState(145)) - Container #1 is in OPEN state, but the datanode 5fa7c213-d229-4dfb-b48e-377c0ca33348{ip: 192.168.164.201, host: pr-hdds-1868-s6sc9-3720172378, networkLocation: /default-rack, certSerialId: null} reports an CLOSED replica.
2019-10-17 19:46:37,784 [EventQueue-ContainerReportForContainerReportHandler] WARN  container.ContainerReportHandler (AbstractContainerReportHandler.java:updateContainerState(145)) - Container #1 is in OPEN state, but the datanode fa049fba-12b8-4e17-ac2d-38ea71bdd2ce{ip: 192.168.164.201, host: pr-hdds-1868-s6sc9-3720172378, networkLocation: /default-rack, certSerialId: null} reports an CLOSED replica.
2019-10-17 19:46:37,861 [BlockDeletingService#3] WARN  background.BlockDeletingService (BlockDeletingService.java:isDeletionAllowed(187)) - Close Container log Index 6 is not replicated across allthe servers in the pipeline adc40928-88ac-46dc-94be-4cc069b2961e as the min replicated index is 4. Deletion is not allowed in this container yet.
2019-10-17 19:46:37,861 [BlockDeletingService#2] WARN  background.BlockDeletingService (BlockDeletingService.java:isDeletionAllowed(187)) - Close Container log Index 6 is not replicated across allthe servers in the pipeline adc40928-88ac-46dc-94be-4cc069b2961e as the min replicated index is 4. Deletion is not allowed in this container yet.
2019-10-17 19:46:38,036 [EventQueue-ContainerReportForContainerReportHandler] WARN  container.ContainerReportHandler (AbstractContainerReportHandler.java:updateContainerState(145)) - Container #1 is in OPEN state, but the datanode 5fa7c213-d229-4dfb-b48e-377c0ca33348{ip: 192.168.164.201, host: pr-hdds-1868-s6sc9-3720172378, networkLocation: /default-rack, certSerialId: null} reports an CLOSED replica.
2019-10-17 19:46:38,085 [EventQueue-ContainerReportForContainerReportHandler] WARN  container.ContainerReportHandler (AbstractContainerReportHandler.java:updateContainerState(145)) - Container #1 is in OPEN state, but the datanode fa049fba-12b8-4e17-ac2d-38ea71bdd2ce{ip: 192.168.164.201, host: pr-hdds-1868-s6sc9-3720172378, networkLocation: /default-rack, certSerialId: null} reports an CLOSED replica.
2019-10-17 19:46:38,236 [EventQueue-ContainerReportForContainerReportHandler] WARN  container.ContainerReportHandler (AbstractContainerReportHandler.java:updateContainerState(145)) - Container #1 is in OPEN state, but the datanode 5fa7c213-d229-4dfb-b48e-377c0ca33348{ip: 192.168.164.201, host: pr-hdds-1868-s6sc9-3720172378, networkLocation: /default-rack, certSerialId: null} reports an CLOSED replica.
2019-10-17 19:46:38,285 [EventQueue-ContainerReportForContainerReportHandler] WARN  container.ContainerReportHandler (AbstractContainerReportHandler.java:updateContainerState(145)) - Container #1 is in OPEN state, but the datanode fa049fba-12b8-4e17-ac2d-38ea71bdd2ce{ip: 192.168.164.201, host: pr-hdds-1868-s6sc9-3720172378, networkLocation: /default-rack, certSerialId: null} reports an CLOSED replica.
2019-10-17 19:46:38,374 [java.util.concurrent.ThreadPoolExecutor$Worker@6214d2e6[State = -1, empty queue]] WARN  server.GrpcLogAppender (GrpcLogAppender.java:timeoutAppendRequest(209)) - 5fa7c213-d229-4dfb-b48e-377c0ca33348@group-4CC069B2961E->32a164c3-8bb9-4158-a4d7-ada9eb729037-GrpcLogAppender: appendEntries Timeout, request=5fa7c213-d229-4dfb-b48e-377c0ca33348->32a164c3-8bb9-4158-a4d7-ada9eb729037#30-t2, previous=(t:2, i:10), leaderCommit=10, initializing? false, entries: <empty>
2019-10-17 19:46:38,536 [EventQueue-ContainerReportForContainerReportHandler] WARN  container.ContainerReportHandler (AbstractContainerReportHandler.java:updateContainerState(145)) - Container #1 is in OPEN state, but the datanode 5fa7c213-d229-4dfb-b48e-377c0ca33348{ip: 192.168.164.201, host: pr-hdds-1868-s6sc9-3720172378, networkLocation: /default-rack, certSerialId: null} reports an CLOSED replica.
2019-10-17 19:46:38,584 [EventQueue-ContainerReportForContainerReportHandler] WARN  container.ContainerReportHandler (AbstractContainerReportHandler.java:updateContainerState(145)) - Container #1 is in OPEN state, but the datanode fa049fba-12b8-4e17-ac2d-38ea71bdd2ce{ip: 192.168.164.201, host: pr-hdds-1868-s6sc9-3720172378, networkLocation: /default-rack, certSerialId: null} reports an CLOSED replica.
2019-10-17 19:46:38,736 [EventQueue-ContainerReportForContainerReportHandler] WARN  container.ContainerReportHandler (AbstractContainerReportHandler.java:updateContainerState(145)) - Container #1 is in OPEN state, but the datanode 5fa7c213-d229-4dfb-b48e-377c0ca33348{ip: 192.168.164.201, host: pr-hdds-1868-s6sc9-3720172378, networkLocation: /default-rack, certSerialId: null} reports an CLOSED replica.
2019-10-17 19:46:38,862 [BlockDeletingService#3] WARN  background.BlockDeletingService (BlockDeletingService.java:isDeletionAllowed(187)) - Close Container log Index 6 is not replicated across allthe servers in the pipeline adc40928-88ac-46dc-94be-4cc069b2961e as the min replicated index is 4. Deletion is not allowed in this container yet.
2019-10-17 19:46:38,863 [BlockDeletingService#2] WARN  background.BlockDeletingService (BlockDeletingService.java:isDeletionAllowed(187)) - Close Container log Index 6 is not replicated across allthe servers in the pipeline adc40928-88ac-46dc-94be-4cc069b2961e as the min replicated index is 4. Deletion is not allowed in this container yet.
2019-10-17 19:46:38,884 [EventQueue-ContainerReportForContainerReportHandler] WARN  container.ContainerReportHandler (AbstractContainerReportHandler.java:updateContainerState(145)) - Container #1 is in OPEN state, but the datanode fa049fba-12b8-4e17-ac2d-38ea71bdd2ce{ip: 192.168.164.201, host: pr-hdds-1868-s6sc9-3720172378, networkLocation: /default-rack, certSerialId: null} reports an CLOSED replica.
2019-10-17 19:46:39,035 [EventQueue-ContainerReportForContainerReportHandler] WARN  container.ContainerReportHandler (AbstractContainerReportHandler.java:updateContainerState(145)) - Container #1 is in OPEN state, but the datanode 5fa7c213-d229-4dfb-b48e-377c0ca33348{ip: 192.168.164.201, host: pr-hdds-1868-s6sc9-3720172378, networkLocation: /default-rack, certSerialId: null} reports an CLOSED replica.
2019-10-17 19:46:39,185 [EventQueue-ContainerReportForContainerReportHandler] WARN  container.ContainerReportHandler (AbstractContainerReportHandler.java:updateContainerState(145)) - Container #1 is in OPEN state, but the datanode fa049fba-12b8-4e17-ac2d-38ea71bdd2ce{ip: 192.168.164.201, host: pr-hdds-1868-s6sc9-3720172378, networkLocation: /default-rack, certSerialId: null} reports an CLOSED replica.
2019-10-17 19:46:39,235 [EventQueue-ContainerReportForContainerReportHandler] WARN  container.ContainerReportHandler (AbstractContainerReportHandler.java:updateContainerState(145)) - Container #1 is in OPEN state, but the datanode 5fa7c213-d229-4dfb-b48e-377c0ca33348{ip: 192.168.164.201, host: pr-hdds-1868-s6sc9-3720172378, networkLocation: /default-rack, certSerialId: null} reports an CLOSED replica.
2019-10-17 19:46:39,385 [EventQueue-ContainerReportForContainerReportHandler] WARN  container.ContainerReportHandler (AbstractContainerReportHandler.java:updateContainerState(145)) - Container #1 is in OPEN state, but the datanode fa049fba-12b8-4e17-ac2d-38ea71bdd2ce{ip: 192.168.164.201, host: pr-hdds-1868-s6sc9-3720172378, networkLocation: /default-rack, certSerialId: null} reports an CLOSED replica.
2019-10-17 19:46:39,636 [EventQueue-ContainerReportForContainerReportHandler] WARN  container.ContainerReportHandler (AbstractContainerReportHandler.java:updateContainerState(145)) - Container #1 is in OPEN state, but the datanode 5fa7c213-d229-4dfb-b48e-377c0ca33348{ip: 192.168.164.201, host: pr-hdds-1868-s6sc9-3720172378, networkLocation: /default-rack, certSerialId: null} reports an CLOSED replica.
2019-10-17 19:46:39,785 [EventQueue-ContainerReportForContainerReportHandler] WARN  container.ContainerReportHandler (AbstractContainerReportHandler.java:updateContainerState(145)) - Container #1 is in OPEN state, but the datanode fa049fba-12b8-4e17-ac2d-38ea71bdd2ce{ip: 192.168.164.201, host: pr-hdds-1868-s6sc9-3720172378, networkLocation: /default-rack, certSerialId: null} reports an CLOSED replica.
2019-10-17 19:46:39,866 [BlockDeletingService#3] WARN  background.BlockDeletingService (BlockDeletingService.java:isDeletionAllowed(187)) - Close Container log Index 6 is not replicated across allthe servers in the pipeline adc40928-88ac-46dc-94be-4cc069b2961e as the min replicated index is 4. Deletion is not allowed in this container yet.
2019-10-17 19:46:39,866 [BlockDeletingService#2] WARN  background.BlockDeletingService (BlockDeletingService.java:isDeletionAllowed(187)) - Close Container log Index 6 is not replicated across allthe servers in the pipeline adc40928-88ac-46dc-94be-4cc069b2961e as the min replicated index is 4. Deletion is not allowed in this container yet.
2019-10-17 19:46:39,899 [Thread-473] INFO  client.GrpcClientProtocolService (GrpcClientProtocolService.java:lambda$processClientRequest$0(278)) - Failed RaftClientRequest:client-30F7F12B0123->fa049fba-12b8-4e17-ac2d-38ea71bdd2ce@group-4CC069B2961E, cid=16, seq=0, Watch-ALL_COMMITTED(6), Message:<EMPTY>, reply=RaftClientReply:client-30F7F12B0123->fa049fba-12b8-4e17-ac2d-38ea71bdd2ce@group-4CC069B2961E, cid=16, FAILED org.apache.ratis.protocol.NotLeaderException: Server fa049fba-12b8-4e17-ac2d-38ea71bdd2ce@group-4CC069B2961E is not the leader 5fa7c213-d229-4dfb-b48e-377c0ca33348:192.168.164.201:37765, logIndex=0, commits[fa049fba-12b8-4e17-ac2d-38ea71bdd2ce:c10, 32a164c3-8bb9-4158-a4d7-ada9eb729037:c4, 5fa7c213-d229-4dfb-b48e-377c0ca33348:c10]
2019-10-17 19:46:40,036 [EventQueue-ContainerReportForContainerReportHandler] WARN  container.ContainerReportHandler (AbstractContainerReportHandler.java:updateContainerState(145)) - Container #1 is in OPEN state, but the datanode 5fa7c213-d229-4dfb-b48e-377c0ca33348{ip: 192.168.164.201, host: pr-hdds-1868-s6sc9-3720172378, networkLocation: /default-rack, certSerialId: null} reports an CLOSED replica.
2019-10-17 19:46:40,086 [EventQueue-ContainerReportForContainerReportHandler] WARN  container.ContainerReportHandler (AbstractContainerReportHandler.java:updateContainerState(145)) - Container #1 is in OPEN state, but the datanode fa049fba-12b8-4e17-ac2d-38ea71bdd2ce{ip: 192.168.164.201, host: pr-hdds-1868-s6sc9-3720172378, networkLocation: /default-rack, certSerialId: null} reports an CLOSED replica.
2019-10-17 19:46:40,337 [EventQueue-ContainerReportForContainerReportHandler] WARN  container.ContainerReportHandler (AbstractContainerReportHandler.java:updateContainerState(145)) - Container #1 is in OPEN state, but the datanode 5fa7c213-d229-4dfb-b48e-377c0ca33348{ip: 192.168.164.201, host: pr-hdds-1868-s6sc9-3720172378, networkLocation: /default-rack, certSerialId: null} reports an CLOSED replica.
2019-10-17 19:46:40,486 [EventQueue-ContainerReportForContainerReportHandler] WARN  container.ContainerReportHandler (AbstractContainerReportHandler.java:updateContainerState(145)) - Container #1 is in OPEN state, but the datanode fa049fba-12b8-4e17-ac2d-38ea71bdd2ce{ip: 192.168.164.201, host: pr-hdds-1868-s6sc9-3720172378, networkLocation: /default-rack, certSerialId: null} reports an CLOSED replica.
2019-10-17 19:46:40,537 [EventQueue-ContainerReportForContainerReportHandler] WARN  container.ContainerReportHandler (AbstractContainerReportHandler.java:updateContainerState(145)) - Container #1 is in OPEN state, but the datanode 5fa7c213-d229-4dfb-b48e-377c0ca33348{ip: 192.168.164.201, host: pr-hdds-1868-s6sc9-3720172378, networkLocation: /default-rack, certSerialId: null} reports an CLOSED replica.
2019-10-17 19:46:40,837 [EventQueue-ContainerReportForContainerReportHandler] WARN  container.ContainerReportHandler (AbstractContainerReportHandler.java:updateContainerState(145)) - Container #1 is in OPEN state, but the datanode 5fa7c213-d229-4dfb-b48e-377c0ca33348{ip: 192.168.164.201, host: pr-hdds-1868-s6sc9-3720172378, networkLocation: /default-rack, certSerialId: null} reports an CLOSED replica.
2019-10-17 19:46:40,868 [BlockDeletingService#3] WARN  background.BlockDeletingService (BlockDeletingService.java:isDeletionAllowed(187)) - Close Container log Index 6 is not replicated across allthe servers in the pipeline adc40928-88ac-46dc-94be-4cc069b2961e as the min replicated index is 4. Deletion is not allowed in this container yet.
2019-10-17 19:46:40,868 [BlockDeletingService#2] WARN  background.BlockDeletingService (BlockDeletingService.java:isDeletionAllowed(187)) - Close Container log Index 6 is not replicated across allthe servers in the pipeline adc40928-88ac-46dc-94be-4cc069b2961e as the min replicated index is 4. Deletion is not allowed in this container yet.
2019-10-17 19:46:40,875 [java.util.concurrent.ThreadPoolExecutor$Worker@6214d2e6[State = -1, empty queue]] WARN  server.GrpcLogAppender (GrpcLogAppender.java:timeoutAppendRequest(209)) - 5fa7c213-d229-4dfb-b48e-377c0ca33348@group-4CC069B2961E->32a164c3-8bb9-4158-a4d7-ada9eb729037-GrpcLogAppender: appendEntries Timeout, request=5fa7c213-d229-4dfb-b48e-377c0ca33348->32a164c3-8bb9-4158-a4d7-ada9eb729037#31-t2, previous=(t:2, i:10), leaderCommit=10, initializing? false, entries: <empty>
2019-10-17 19:46:40,887 [EventQueue-ContainerReportForContainerReportHandler] WARN  container.ContainerReportHandler (AbstractContainerReportHandler.java:updateContainerState(145)) - Container #1 is in OPEN state, but the datanode fa049fba-12b8-4e17-ac2d-38ea71bdd2ce{ip: 192.168.164.201, host: pr-hdds-1868-s6sc9-3720172378, networkLocation: /default-rack, certSerialId: null} reports an CLOSED replica.
2019-10-17 19:46:41,137 [EventQueue-ContainerReportForContainerReportHandler] WARN  container.ContainerReportHandler (AbstractContainerReportHandler.java:updateContainerState(145)) - Container #1 is in OPEN state, but the datanode 5fa7c213-d229-4dfb-b48e-377c0ca33348{ip: 192.168.164.201, host: pr-hdds-1868-s6sc9-3720172378, networkLocation: /default-rack, certSerialId: null} reports an CLOSED replica.
2019-10-17 19:46:41,187 [EventQueue-ContainerReportForContainerReportHandler] WARN  container.ContainerReportHandler (AbstractContainerReportHandler.java:updateContainerState(145)) - Container #1 is in OPEN state, but the datanode fa049fba-12b8-4e17-ac2d-38ea71bdd2ce{ip: 192.168.164.201, host: pr-hdds-1868-s6sc9-3720172378, networkLocation: /default-rack, certSerialId: null} reports an CLOSED replica.
2019-10-17 19:46:41,437 [EventQueue-ContainerReportForContainerReportHandler] WARN  container.ContainerReportHandler (AbstractContainerReportHandler.java:updateContainerState(145)) - Container #1 is in OPEN state, but the datanode 5fa7c213-d229-4dfb-b48e-377c0ca33348{ip: 192.168.164.201, host: pr-hdds-1868-s6sc9-3720172378, networkLocation: /default-rack, certSerialId: null} reports an CLOSED replica.
2019-10-17 19:46:41,487 [EventQueue-ContainerReportForContainerReportHandler] WARN  container.ContainerReportHandler (AbstractContainerReportHandler.java:updateContainerState(145)) - Container #1 is in OPEN state, but the datanode fa049fba-12b8-4e17-ac2d-38ea71bdd2ce{ip: 192.168.164.201, host: pr-hdds-1868-s6sc9-3720172378, networkLocation: /default-rack, certSerialId: null} reports an CLOSED replica.
2019-10-17 19:46:41,683 [Thread-479] INFO  client.GrpcClientProtocolService (GrpcClientProtocolService.java:lambda$processClientRequest$0(278)) - Failed RaftClientRequest:client-30F7F12B0123->5fa7c213-d229-4dfb-b48e-377c0ca33348@group-4CC069B2961E, cid=16, seq=0, Watch-ALL_COMMITTED(6), Message:<EMPTY>, reply=RaftClientReply:client-30F7F12B0123->5fa7c213-d229-4dfb-b48e-377c0ca33348@group-4CC069B2961E, cid=16, FAILED org.apache.ratis.protocol.NotReplicatedException: Request with call Id 16 and log index 6 is not yet replicated to ALL_COMMITTED, logIndex=6, commits[5fa7c213-d229-4dfb-b48e-377c0ca33348:c10, 32a164c3-8bb9-4158-a4d7-ada9eb729037:c4, fa049fba-12b8-4e17-ac2d-38ea71bdd2ce:c10]
2019-10-17 19:46:41,737 [EventQueue-ContainerReportForContainerReportHandler] WARN  container.ContainerReportHandler (AbstractContainerReportHandler.java:updateContainerState(145)) - Container #1 is in OPEN state, but the datanode 5fa7c213-d229-4dfb-b48e-377c0ca33348{ip: 192.168.164.201, host: pr-hdds-1868-s6sc9-3720172378, networkLocation: /default-rack, certSerialId: null} reports an CLOSED replica.
2019-10-17 19:46:41,789 [EventQueue-ContainerReportForContainerReportHandler] WARN  container.ContainerReportHandler (AbstractContainerReportHandler.java:updateContainerState(145)) - Container #1 is in OPEN state, but the datanode fa049fba-12b8-4e17-ac2d-38ea71bdd2ce{ip: 192.168.164.201, host: pr-hdds-1868-s6sc9-3720172378, networkLocation: /default-rack, certSerialId: null} reports an CLOSED replica.
2019-10-17 19:46:41,873 [BlockDeletingService#3] WARN  background.BlockDeletingService (BlockDeletingService.java:isDeletionAllowed(187)) - Close Container log Index 6 is not replicated across allthe servers in the pipeline adc40928-88ac-46dc-94be-4cc069b2961e as the min replicated index is 4. Deletion is not allowed in this container yet.
2019-10-17 19:46:41,874 [BlockDeletingService#2] WARN  background.BlockDeletingService (BlockDeletingService.java:isDeletionAllowed(187)) - Close Container log Index 6 is not replicated across allthe servers in the pipeline adc40928-88ac-46dc-94be-4cc069b2961e as the min replicated index is 4. Deletion is not allowed in this container yet.
2019-10-17 19:46:42,037 [EventQueue-ContainerReportForContainerReportHandler] WARN  container.ContainerReportHandler (AbstractContainerReportHandler.java:updateContainerState(145)) - Container #1 is in OPEN state, but the datanode 5fa7c213-d229-4dfb-b48e-377c0ca33348{ip: 192.168.164.201, host: pr-hdds-1868-s6sc9-3720172378, networkLocation: /default-rack, certSerialId: null} reports an CLOSED replica.
2019-10-17 19:46:42,090 [EventQueue-ContainerReportForContainerReportHandler] WARN  container.ContainerReportHandler (AbstractContainerReportHandler.java:updateContainerState(145)) - Container #1 is in OPEN state, but the datanode fa049fba-12b8-4e17-ac2d-38ea71bdd2ce{ip: 192.168.164.201, host: pr-hdds-1868-s6sc9-3720172378, networkLocation: /default-rack, certSerialId: null} reports an CLOSED replica.
2019-10-17 19:46:42,237 [EventQueue-ContainerReportForContainerReportHandler] WARN  container.ContainerReportHandler (AbstractContainerReportHandler.java:updateContainerState(145)) - Container #1 is in OPEN state, but the datanode 5fa7c213-d229-4dfb-b48e-377c0ca33348{ip: 192.168.164.201, host: pr-hdds-1868-s6sc9-3720172378, networkLocation: /default-rack, certSerialId: null} reports an CLOSED replica.
2019-10-17 19:46:42,289 [EventQueue-ContainerReportForContainerReportHandler] WARN  container.ContainerReportHandler (AbstractContainerReportHandler.java:updateContainerState(145)) - Container #1 is in OPEN state, but the datanode fa049fba-12b8-4e17-ac2d-38ea71bdd2ce{ip: 192.168.164.201, host: pr-hdds-1868-s6sc9-3720172378, networkLocation: /default-rack, certSerialId: null} reports an CLOSED replica.
2019-10-17 19:46:42,637 [EventQueue-ContainerReportForContainerReportHandler] WARN  container.ContainerReportHandler (AbstractContainerReportHandler.java:updateContainerState(145)) - Container #1 is in OPEN state, but the datanode 5fa7c213-d229-4dfb-b48e-377c0ca33348{ip: 192.168.164.201, host: pr-hdds-1868-s6sc9-3720172378, networkLocation: /default-rack, certSerialId: null} reports an CLOSED replica.
2019-10-17 19:46:42,691 [EventQueue-ContainerReportForContainerReportHandler] WARN  container.ContainerReportHandler (AbstractContainerReportHandler.java:updateContainerState(145)) - Container #1 is in OPEN state, but the datanode fa049fba-12b8-4e17-ac2d-38ea71bdd2ce{ip: 192.168.164.201, host: pr-hdds-1868-s6sc9-3720172378, networkLocation: /default-rack, certSerialId: null} reports an CLOSED replica.
2019-10-17 19:46:42,838 [EventQueue-ContainerReportForContainerReportHandler] WARN  container.ContainerReportHandler (AbstractContainerReportHandler.java:updateContainerState(145)) - Container #1 is in OPEN state, but the datanode 5fa7c213-d229-4dfb-b48e-377c0ca33348{ip: 192.168.164.201, host: pr-hdds-1868-s6sc9-3720172378, networkLocation: /default-rack, certSerialId: null} reports an CLOSED replica.
2019-10-17 19:46:42,882 [BlockDeletingService#3] WARN  background.BlockDeletingService (BlockDeletingService.java:isDeletionAllowed(187)) - Close Container log Index 6 is not replicated across allthe servers in the pipeline adc40928-88ac-46dc-94be-4cc069b2961e as the min replicated index is 4. Deletion is not allowed in this container yet.
2019-10-17 19:46:42,882 [BlockDeletingService#2] WARN  background.BlockDeletingService (BlockDeletingService.java:isDeletionAllowed(187)) - Close Container log Index 6 is not replicated across allthe servers in the pipeline adc40928-88ac-46dc-94be-4cc069b2961e as the min replicated index is 4. Deletion is not allowed in this container yet.
2019-10-17 19:46:42,991 [EventQueue-ContainerReportForContainerReportHandler] WARN  container.ContainerReportHandler (AbstractContainerReportHandler.java:updateContainerState(145)) - Container #1 is in OPEN state, but the datanode fa049fba-12b8-4e17-ac2d-38ea71bdd2ce{ip: 192.168.164.201, host: pr-hdds-1868-s6sc9-3720172378, networkLocation: /default-rack, certSerialId: null} reports an CLOSED replica.
2019-10-17 19:46:43,037 [EventQueue-ContainerReportForContainerReportHandler] WARN  container.ContainerReportHandler (AbstractContainerReportHandler.java:updateContainerState(145)) - Container #1 is in OPEN state, but the datanode 5fa7c213-d229-4dfb-b48e-377c0ca33348{ip: 192.168.164.201, host: pr-hdds-1868-s6sc9-3720172378, networkLocation: /default-rack, certSerialId: null} reports an CLOSED replica.
2019-10-17 19:46:43,376 [java.util.concurrent.ThreadPoolExecutor$Worker@6214d2e6[State = -1, empty queue]] WARN  server.GrpcLogAppender (GrpcLogAppender.java:timeoutAppendRequest(209)) - 5fa7c213-d229-4dfb-b48e-377c0ca33348@group-4CC069B2961E->32a164c3-8bb9-4158-a4d7-ada9eb729037-GrpcLogAppender: appendEntries Timeout, request=5fa7c213-d229-4dfb-b48e-377c0ca33348->32a164c3-8bb9-4158-a4d7-ada9eb729037#32-t2, previous=(t:2, i:10), leaderCommit=10, initializing? false, entries: <empty>
2019-10-17 19:46:43,392 [EventQueue-ContainerReportForContainerReportHandler] WARN  container.ContainerReportHandler (AbstractContainerReportHandler.java:updateContainerState(145)) - Container #1 is in OPEN state, but the datanode fa049fba-12b8-4e17-ac2d-38ea71bdd2ce{ip: 192.168.164.201, host: pr-hdds-1868-s6sc9-3720172378, networkLocation: /default-rack, certSerialId: null} reports an CLOSED replica.
2019-10-17 19:46:43,438 [EventQueue-ContainerReportForContainerReportHandler] WARN  container.ContainerReportHandler (AbstractContainerReportHandler.java:updateContainerState(145)) - Container #1 is in OPEN state, but the datanode 5fa7c213-d229-4dfb-b48e-377c0ca33348{ip: 192.168.164.201, host: pr-hdds-1868-s6sc9-3720172378, networkLocation: /default-rack, certSerialId: null} reports an CLOSED replica.
2019-10-17 19:46:43,691 [EventQueue-ContainerReportForContainerReportHandler] WARN  container.ContainerReportHandler (AbstractContainerReportHandler.java:updateContainerState(145)) - Container #1 is in OPEN state, but the datanode fa049fba-12b8-4e17-ac2d-38ea71bdd2ce{ip: 192.168.164.201, host: pr-hdds-1868-s6sc9-3720172378, networkLocation: /default-rack, certSerialId: null} reports an CLOSED replica.
2019-10-17 19:46:43,838 [EventQueue-ContainerReportForContainerReportHandler] WARN  container.ContainerReportHandler (AbstractContainerReportHandler.java:updateContainerState(145)) - Container #1 is in OPEN state, but the datanode 5fa7c213-d229-4dfb-b48e-377c0ca33348{ip: 192.168.164.201, host: pr-hdds-1868-s6sc9-3720172378, networkLocation: /default-rack, certSerialId: null} reports an CLOSED replica.
2019-10-17 19:46:43,883 [BlockDeletingService#3] WARN  background.BlockDeletingService (BlockDeletingService.java:isDeletionAllowed(187)) - Close Container log Index 6 is not replicated across allthe servers in the pipeline adc40928-88ac-46dc-94be-4cc069b2961e as the min replicated index is 4. Deletion is not allowed in this container yet.
2019-10-17 19:46:43,884 [BlockDeletingService#2] WARN  background.BlockDeletingService (BlockDeletingService.java:isDeletionAllowed(187)) - Close Container log Index 6 is not replicated across allthe servers in the pipeline adc40928-88ac-46dc-94be-4cc069b2961e as the min replicated index is 4. Deletion is not allowed in this container yet.
2019-10-17 19:46:44,092 [EventQueue-ContainerReportForContainerReportHandler] WARN  container.ContainerReportHandler (AbstractContainerReportHandler.java:updateContainerState(145)) - Container #1 is in OPEN state, but the datanode fa049fba-12b8-4e17-ac2d-38ea71bdd2ce{ip: 192.168.164.201, host: pr-hdds-1868-s6sc9-3720172378, networkLocation: /default-rack, certSerialId: null} reports an CLOSED replica.
2019-10-17 19:46:44,138 [EventQueue-ContainerReportForContainerReportHandler] WARN  container.ContainerReportHandler (AbstractContainerReportHandler.java:updateContainerState(145)) - Container #1 is in OPEN state, but the datanode 5fa7c213-d229-4dfb-b48e-377c0ca33348{ip: 192.168.164.201, host: pr-hdds-1868-s6sc9-3720172378, networkLocation: /default-rack, certSerialId: null} reports an CLOSED replica.
2019-10-17 19:46:44,438 [EventQueue-ContainerReportForContainerReportHandler] WARN  container.ContainerReportHandler (AbstractContainerReportHandler.java:updateContainerState(145)) - Container #1 is in OPEN state, but the datanode 5fa7c213-d229-4dfb-b48e-377c0ca33348{ip: 192.168.164.201, host: pr-hdds-1868-s6sc9-3720172378, networkLocation: /default-rack, certSerialId: null} reports an CLOSED replica.
2019-10-17 19:46:44,491 [EventQueue-ContainerReportForContainerReportHandler] WARN  container.ContainerReportHandler (AbstractContainerReportHandler.java:updateContainerState(145)) - Container #1 is in OPEN state, but the datanode fa049fba-12b8-4e17-ac2d-38ea71bdd2ce{ip: 192.168.164.201, host: pr-hdds-1868-s6sc9-3720172378, networkLocation: /default-rack, certSerialId: null} reports an CLOSED replica.
2019-10-17 19:46:44,838 [EventQueue-ContainerReportForContainerReportHandler] WARN  container.ContainerReportHandler (AbstractContainerReportHandler.java:updateContainerState(145)) - Container #1 is in OPEN state, but the datanode 5fa7c213-d229-4dfb-b48e-377c0ca33348{ip: 192.168.164.201, host: pr-hdds-1868-s6sc9-3720172378, networkLocation: /default-rack, certSerialId: null} reports an CLOSED replica.
2019-10-17 19:46:44,885 [BlockDeletingService#3] WARN  background.BlockDeletingService (BlockDeletingService.java:isDeletionAllowed(187)) - Close Container log Index 6 is not replicated across allthe servers in the pipeline adc40928-88ac-46dc-94be-4cc069b2961e as the min replicated index is 4. Deletion is not allowed in this container yet.
2019-10-17 19:46:44,885 [BlockDeletingService#2] WARN  background.BlockDeletingService (BlockDeletingService.java:isDeletionAllowed(187)) - Close Container log Index 6 is not replicated across allthe servers in the pipeline adc40928-88ac-46dc-94be-4cc069b2961e as the min replicated index is 4. Deletion is not allowed in this container yet.
2019-10-17 19:46:44,891 [EventQueue-ContainerReportForContainerReportHandler] WARN  container.ContainerReportHandler (AbstractContainerReportHandler.java:updateContainerState(145)) - Container #1 is in OPEN state, but the datanode fa049fba-12b8-4e17-ac2d-38ea71bdd2ce{ip: 192.168.164.201, host: pr-hdds-1868-s6sc9-3720172378, networkLocation: /default-rack, certSerialId: null} reports an CLOSED replica.
2019-10-17 19:46:45,092 [EventQueue-ContainerReportForContainerReportHandler] WARN  container.ContainerReportHandler (AbstractContainerReportHandler.java:updateContainerState(145)) - Container #1 is in OPEN state, but the datanode fa049fba-12b8-4e17-ac2d-38ea71bdd2ce{ip: 192.168.164.201, host: pr-hdds-1868-s6sc9-3720172378, networkLocation: /default-rack, certSerialId: null} reports an CLOSED replica.
2019-10-17 19:46:45,138 [EventQueue-ContainerReportForContainerReportHandler] WARN  container.ContainerReportHandler (AbstractContainerReportHandler.java:updateContainerState(145)) - Container #1 is in OPEN state, but the datanode 5fa7c213-d229-4dfb-b48e-377c0ca33348{ip: 192.168.164.201, host: pr-hdds-1868-s6sc9-3720172378, networkLocation: /default-rack, certSerialId: null} reports an CLOSED replica.
2019-10-17 19:46:45,394 [EventQueue-ContainerReportForContainerReportHandler] WARN  container.ContainerReportHandler (AbstractContainerReportHandler.java:updateContainerState(145)) - Container #1 is in OPEN state, but the datanode fa049fba-12b8-4e17-ac2d-38ea71bdd2ce{ip: 192.168.164.201, host: pr-hdds-1868-s6sc9-3720172378, networkLocation: /default-rack, certSerialId: null} reports an CLOSED replica.
2019-10-17 19:46:45,437 [EventQueue-ContainerReportForContainerReportHandler] WARN  container.ContainerReportHandler (AbstractContainerReportHandler.java:updateContainerState(145)) - Container #1 is in OPEN state, but the datanode 5fa7c213-d229-4dfb-b48e-377c0ca33348{ip: 192.168.164.201, host: pr-hdds-1868-s6sc9-3720172378, networkLocation: /default-rack, certSerialId: null} reports an CLOSED replica.
2019-10-17 19:46:45,594 [EventQueue-ContainerReportForContainerReportHandler] WARN  container.ContainerReportHandler (AbstractContainerReportHandler.java:updateContainerState(145)) - Container #1 is in OPEN state, but the datanode fa049fba-12b8-4e17-ac2d-38ea71bdd2ce{ip: 192.168.164.201, host: pr-hdds-1868-s6sc9-3720172378, networkLocation: /default-rack, certSerialId: null} reports an CLOSED replica.
2019-10-17 19:46:45,637 [EventQueue-ContainerReportForContainerReportHandler] WARN  container.ContainerReportHandler (AbstractContainerReportHandler.java:updateContainerState(145)) - Container #1 is in OPEN state, but the datanode 5fa7c213-d229-4dfb-b48e-377c0ca33348{ip: 192.168.164.201, host: pr-hdds-1868-s6sc9-3720172378, networkLocation: /default-rack, certSerialId: null} reports an CLOSED replica.
2019-10-17 19:46:45,881 [java.util.concurrent.ThreadPoolExecutor$Worker@6214d2e6[State = -1, empty queue]] WARN  server.GrpcLogAppender (GrpcLogAppender.java:timeoutAppendRequest(209)) - 5fa7c213-d229-4dfb-b48e-377c0ca33348@group-4CC069B2961E->32a164c3-8bb9-4158-a4d7-ada9eb729037-GrpcLogAppender: appendEntries Timeout, request=5fa7c213-d229-4dfb-b48e-377c0ca33348->32a164c3-8bb9-4158-a4d7-ada9eb729037#33-t2, previous=(t:2, i:10), leaderCommit=10, initializing? false, entries: <empty>
2019-10-17 19:46:45,886 [BlockDeletingService#3] WARN  background.BlockDeletingService (BlockDeletingService.java:isDeletionAllowed(187)) - Close Container log Index 6 is not replicated across allthe servers in the pipeline adc40928-88ac-46dc-94be-4cc069b2961e as the min replicated index is 4. Deletion is not allowed in this container yet.
2019-10-17 19:46:45,890 [BlockDeletingService#2] WARN  background.BlockDeletingService (BlockDeletingService.java:isDeletionAllowed(187)) - Close Container log Index 6 is not replicated across allthe servers in the pipeline adc40928-88ac-46dc-94be-4cc069b2961e as the min replicated index is 4. Deletion is not allowed in this container yet.
2019-10-17 19:46:45,995 [EventQueue-ContainerReportForContainerReportHandler] WARN  container.ContainerReportHandler (AbstractContainerReportHandler.java:updateContainerState(145)) - Container #1 is in OPEN state, but the datanode fa049fba-12b8-4e17-ac2d-38ea71bdd2ce{ip: 192.168.164.201, host: pr-hdds-1868-s6sc9-3720172378, networkLocation: /default-rack, certSerialId: null} reports an CLOSED replica.
2019-10-17 19:46:46,038 [EventQueue-ContainerReportForContainerReportHandler] WARN  container.ContainerReportHandler (AbstractContainerReportHandler.java:updateContainerState(145)) - Container #1 is in OPEN state, but the datanode 5fa7c213-d229-4dfb-b48e-377c0ca33348{ip: 192.168.164.201, host: pr-hdds-1868-s6sc9-3720172378, networkLocation: /default-rack, certSerialId: null} reports an CLOSED replica.
2019-10-17 19:46:46,194 [EventQueue-ContainerReportForContainerReportHandler] WARN  container.ContainerReportHandler (AbstractContainerReportHandler.java:updateContainerState(145)) - Container #1 is in OPEN state, but the datanode fa049fba-12b8-4e17-ac2d-38ea71bdd2ce{ip: 192.168.164.201, host: pr-hdds-1868-s6sc9-3720172378, networkLocation: /default-rack, certSerialId: null} reports an CLOSED replica.
2019-10-17 19:46:46,438 [EventQueue-ContainerReportForContainerReportHandler] WARN  container.ContainerReportHandler (AbstractContainerReportHandler.java:updateContainerState(145)) - Container #1 is in OPEN state, but the datanode 5fa7c213-d229-4dfb-b48e-377c0ca33348{ip: 192.168.164.201, host: pr-hdds-1868-s6sc9-3720172378, networkLocation: /default-rack, certSerialId: null} reports an CLOSED replica.
2019-10-17 19:46:46,496 [EventQueue-ContainerReportForContainerReportHandler] WARN  container.ContainerReportHandler (AbstractContainerReportHandler.java:updateContainerState(145)) - Container #1 is in OPEN state, but the datanode fa049fba-12b8-4e17-ac2d-38ea71bdd2ce{ip: 192.168.164.201, host: pr-hdds-1868-s6sc9-3720172378, networkLocation: /default-rack, certSerialId: null} reports an CLOSED replica.
2019-10-17 19:46:46,838 [EventQueue-ContainerReportForContainerReportHandler] WARN  container.ContainerReportHandler (AbstractContainerReportHandler.java:updateContainerState(145)) - Container #1 is in OPEN state, but the datanode 5fa7c213-d229-4dfb-b48e-377c0ca33348{ip: 192.168.164.201, host: pr-hdds-1868-s6sc9-3720172378, networkLocation: /default-rack, certSerialId: null} reports an CLOSED replica.
2019-10-17 19:46:46,889 [BlockDeletingService#3] WARN  background.BlockDeletingService (BlockDeletingService.java:isDeletionAllowed(187)) - Close Container log Index 6 is not replicated across allthe servers in the pipeline adc40928-88ac-46dc-94be-4cc069b2961e as the min replicated index is 4. Deletion is not allowed in this container yet.
2019-10-17 19:46:46,891 [BlockDeletingService#2] WARN  background.BlockDeletingService (BlockDeletingService.java:isDeletionAllowed(187)) - Close Container log Index 6 is not replicated across allthe servers in the pipeline adc40928-88ac-46dc-94be-4cc069b2961e as the min replicated index is 4. Deletion is not allowed in this container yet.
2019-10-17 19:46:46,897 [EventQueue-ContainerReportForContainerReportHandler] WARN  container.ContainerReportHandler (AbstractContainerReportHandler.java:updateContainerState(145)) - Container #1 is in OPEN state, but the datanode fa049fba-12b8-4e17-ac2d-38ea71bdd2ce{ip: 192.168.164.201, host: pr-hdds-1868-s6sc9-3720172378, networkLocation: /default-rack, certSerialId: null} reports an CLOSED replica.
2019-10-17 19:46:47,138 [EventQueue-ContainerReportForContainerReportHandler] WARN  container.ContainerReportHandler (AbstractContainerReportHandler.java:updateContainerState(145)) - Container #1 is in OPEN state, but the datanode 5fa7c213-d229-4dfb-b48e-377c0ca33348{ip: 192.168.164.201, host: pr-hdds-1868-s6sc9-3720172378, networkLocation: /default-rack, certSerialId: null} reports an CLOSED replica.
2019-10-17 19:46:47,198 [EventQueue-ContainerReportForContainerReportHandler] WARN  container.ContainerReportHandler (AbstractContainerReportHandler.java:updateContainerState(145)) - Container #1 is in OPEN state, but the datanode fa049fba-12b8-4e17-ac2d-38ea71bdd2ce{ip: 192.168.164.201, host: pr-hdds-1868-s6sc9-3720172378, networkLocation: /default-rack, certSerialId: null} reports an CLOSED replica.
2019-10-17 19:46:47,338 [EventQueue-ContainerReportForContainerReportHandler] WARN  container.ContainerReportHandler (AbstractContainerReportHandler.java:updateContainerState(145)) - Container #1 is in OPEN state, but the datanode 5fa7c213-d229-4dfb-b48e-377c0ca33348{ip: 192.168.164.201, host: pr-hdds-1868-s6sc9-3720172378, networkLocation: /default-rack, certSerialId: null} reports an CLOSED replica.
2019-10-17 19:46:47,398 [EventQueue-ContainerReportForContainerReportHandler] WARN  container.ContainerReportHandler (AbstractContainerReportHandler.java:updateContainerState(145)) - Container #1 is in OPEN state, but the datanode fa049fba-12b8-4e17-ac2d-38ea71bdd2ce{ip: 192.168.164.201, host: pr-hdds-1868-s6sc9-3720172378, networkLocation: /default-rack, certSerialId: null} reports an CLOSED replica.
2019-10-17 19:46:47,640 [EventQueue-ContainerReportForContainerReportHandler] WARN  container.ContainerReportHandler (AbstractContainerReportHandler.java:updateContainerState(145)) - Container #1 is in OPEN state, but the datanode 5fa7c213-d229-4dfb-b48e-377c0ca33348{ip: 192.168.164.201, host: pr-hdds-1868-s6sc9-3720172378, networkLocation: /default-rack, certSerialId: null} reports an CLOSED replica.
2019-10-17 19:46:47,699 [EventQueue-ContainerReportForContainerReportHandler] WARN  container.ContainerReportHandler (AbstractContainerReportHandler.java:updateContainerState(145)) - Container #1 is in OPEN state, but the datanode fa049fba-12b8-4e17-ac2d-38ea71bdd2ce{ip: 192.168.164.201, host: pr-hdds-1868-s6sc9-3720172378, networkLocation: /default-rack, certSerialId: null} reports an CLOSED replica.
2019-10-17 19:46:47,839 [EventQueue-ContainerReportForContainerReportHandler] WARN  container.ContainerReportHandler (AbstractContainerReportHandler.java:updateContainerState(145)) - Container #1 is in OPEN state, but the datanode 5fa7c213-d229-4dfb-b48e-377c0ca33348{ip: 192.168.164.201, host: pr-hdds-1868-s6sc9-3720172378, networkLocation: /default-rack, certSerialId: null} reports an CLOSED replica.
2019-10-17 19:46:47,890 [BlockDeletingService#3] WARN  background.BlockDeletingService (BlockDeletingService.java:isDeletionAllowed(187)) - Close Container log Index 6 is not replicated across allthe servers in the pipeline adc40928-88ac-46dc-94be-4cc069b2961e as the min replicated index is 4. Deletion is not allowed in this container yet.
2019-10-17 19:46:47,893 [BlockDeletingService#2] WARN  background.BlockDeletingService (BlockDeletingService.java:isDeletionAllowed(187)) - Close Container log Index 6 is not replicated across allthe servers in the pipeline adc40928-88ac-46dc-94be-4cc069b2961e as the min replicated index is 4. Deletion is not allowed in this container yet.
2019-10-17 19:46:47,999 [EventQueue-ContainerReportForContainerReportHandler] WARN  container.ContainerReportHandler (AbstractContainerReportHandler.java:updateContainerState(145)) - Container #1 is in OPEN state, but the datanode fa049fba-12b8-4e17-ac2d-38ea71bdd2ce{ip: 192.168.164.201, host: pr-hdds-1868-s6sc9-3720172378, networkLocation: /default-rack, certSerialId: null} reports an CLOSED replica.
2019-10-17 19:46:48,240 [EventQueue-ContainerReportForContainerReportHandler] WARN  container.ContainerReportHandler (AbstractContainerReportHandler.java:updateContainerState(145)) - Container #1 is in OPEN state, but the datanode 5fa7c213-d229-4dfb-b48e-377c0ca33348{ip: 192.168.164.201, host: pr-hdds-1868-s6sc9-3720172378, networkLocation: /default-rack, certSerialId: null} reports an CLOSED replica.
2019-10-17 19:46:48,299 [EventQueue-ContainerReportForContainerReportHandler] WARN  container.ContainerReportHandler (AbstractContainerReportHandler.java:updateContainerState(145)) - Container #1 is in OPEN state, but the datanode fa049fba-12b8-4e17-ac2d-38ea71bdd2ce{ip: 192.168.164.201, host: pr-hdds-1868-s6sc9-3720172378, networkLocation: /default-rack, certSerialId: null} reports an CLOSED replica.
2019-10-17 19:46:48,381 [java.util.concurrent.ThreadPoolExecutor$Worker@6214d2e6[State = -1, empty queue]] WARN  server.GrpcLogAppender (GrpcLogAppender.java:timeoutAppendRequest(209)) - 5fa7c213-d229-4dfb-b48e-377c0ca33348@group-4CC069B2961E->32a164c3-8bb9-4158-a4d7-ada9eb729037-GrpcLogAppender: appendEntries Timeout, request=5fa7c213-d229-4dfb-b48e-377c0ca33348->32a164c3-8bb9-4158-a4d7-ada9eb729037#34-t2, previous=(t:2, i:10), leaderCommit=10, initializing? false, entries: <empty>
2019-10-17 19:46:48,599 [EventQueue-ContainerReportForContainerReportHandler] WARN  container.ContainerReportHandler (AbstractContainerReportHandler.java:updateContainerState(145)) - Container #1 is in OPEN state, but the datanode fa049fba-12b8-4e17-ac2d-38ea71bdd2ce{ip: 192.168.164.201, host: pr-hdds-1868-s6sc9-3720172378, networkLocation: /default-rack, certSerialId: null} reports an CLOSED replica.
2019-10-17 19:46:48,639 [EventQueue-ContainerReportForContainerReportHandler] WARN  container.ContainerReportHandler (AbstractContainerReportHandler.java:updateContainerState(145)) - Container #1 is in OPEN state, but the datanode 5fa7c213-d229-4dfb-b48e-377c0ca33348{ip: 192.168.164.201, host: pr-hdds-1868-s6sc9-3720172378, networkLocation: /default-rack, certSerialId: null} reports an CLOSED replica.
2019-10-17 19:46:48,841 [EventQueue-ContainerReportForContainerReportHandler] WARN  container.ContainerReportHandler (AbstractContainerReportHandler.java:updateContainerState(145)) - Container #1 is in OPEN state, but the datanode 5fa7c213-d229-4dfb-b48e-377c0ca33348{ip: 192.168.164.201, host: pr-hdds-1868-s6sc9-3720172378, networkLocation: /default-rack, certSerialId: null} reports an CLOSED replica.
2019-10-17 19:46:48,892 [BlockDeletingService#3] WARN  background.BlockDeletingService (BlockDeletingService.java:isDeletionAllowed(187)) - Close Container log Index 6 is not replicated across allthe servers in the pipeline adc40928-88ac-46dc-94be-4cc069b2961e as the min replicated index is 4. Deletion is not allowed in this container yet.
2019-10-17 19:46:48,894 [BlockDeletingService#2] WARN  background.BlockDeletingService (BlockDeletingService.java:isDeletionAllowed(187)) - Close Container log Index 6 is not replicated across allthe servers in the pipeline adc40928-88ac-46dc-94be-4cc069b2961e as the min replicated index is 4. Deletion is not allowed in this container yet.
2019-10-17 19:46:48,898 [EventQueue-ContainerReportForContainerReportHandler] WARN  container.ContainerReportHandler (AbstractContainerReportHandler.java:updateContainerState(145)) - Container #1 is in OPEN state, but the datanode fa049fba-12b8-4e17-ac2d-38ea71bdd2ce{ip: 192.168.164.201, host: pr-hdds-1868-s6sc9-3720172378, networkLocation: /default-rack, certSerialId: null} reports an CLOSED replica.
2019-10-17 19:46:48,930 [Thread-501] INFO  client.GrpcClientProtocolService (GrpcClientProtocolService.java:lambda$processClientRequest$0(278)) - Failed RaftClientRequest:client-30F7F12B0123->fa049fba-12b8-4e17-ac2d-38ea71bdd2ce@group-4CC069B2961E, cid=16, seq=0, Watch-ALL_COMMITTED(6), Message:<EMPTY>, reply=RaftClientReply:client-30F7F12B0123->fa049fba-12b8-4e17-ac2d-38ea71bdd2ce@group-4CC069B2961E, cid=16, FAILED org.apache.ratis.protocol.NotLeaderException: Server fa049fba-12b8-4e17-ac2d-38ea71bdd2ce@group-4CC069B2961E is not the leader 5fa7c213-d229-4dfb-b48e-377c0ca33348:192.168.164.201:37765, logIndex=0, commits[fa049fba-12b8-4e17-ac2d-38ea71bdd2ce:c10, 32a164c3-8bb9-4158-a4d7-ada9eb729037:c4, 5fa7c213-d229-4dfb-b48e-377c0ca33348:c10]
2019-10-17 19:46:49,142 [EventQueue-ContainerReportForContainerReportHandler] WARN  container.ContainerReportHandler (AbstractContainerReportHandler.java:updateContainerState(145)) - Container #1 is in OPEN state, but the datanode 5fa7c213-d229-4dfb-b48e-377c0ca33348{ip: 192.168.164.201, host: pr-hdds-1868-s6sc9-3720172378, networkLocation: /default-rack, certSerialId: null} reports an CLOSED replica.
2019-10-17 19:46:49,298 [EventQueue-ContainerReportForContainerReportHandler] WARN  container.ContainerReportHandler (AbstractContainerReportHandler.java:updateContainerState(145)) - Container #1 is in OPEN state, but the datanode fa049fba-12b8-4e17-ac2d-38ea71bdd2ce{ip: 192.168.164.201, host: pr-hdds-1868-s6sc9-3720172378, networkLocation: /default-rack, certSerialId: null} reports an CLOSED replica.
2019-10-17 19:46:49,441 [EventQueue-ContainerReportForContainerReportHandler] WARN  container.ContainerReportHandler (AbstractContainerReportHandler.java:updateContainerState(145)) - Container #1 is in OPEN state, but the datanode 5fa7c213-d229-4dfb-b48e-377c0ca33348{ip: 192.168.164.201, host: pr-hdds-1868-s6sc9-3720172378, networkLocation: /default-rack, certSerialId: null} reports an CLOSED replica.
2019-10-17 19:46:49,598 [EventQueue-ContainerReportForContainerReportHandler] WARN  container.ContainerReportHandler (AbstractContainerReportHandler.java:updateContainerState(145)) - Container #1 is in OPEN state, but the datanode fa049fba-12b8-4e17-ac2d-38ea71bdd2ce{ip: 192.168.164.201, host: pr-hdds-1868-s6sc9-3720172378, networkLocation: /default-rack, certSerialId: null} reports an CLOSED replica.
2019-10-17 19:46:49,641 [EventQueue-ContainerReportForContainerReportHandler] WARN  container.ContainerReportHandler (AbstractContainerReportHandler.java:updateContainerState(145)) - Container #1 is in OPEN state, but the datanode 5fa7c213-d229-4dfb-b48e-377c0ca33348{ip: 192.168.164.201, host: pr-hdds-1868-s6sc9-3720172378, networkLocation: /default-rack, certSerialId: null} reports an CLOSED replica.
2019-10-17 19:46:49,842 [EventQueue-ContainerReportForContainerReportHandler] WARN  container.ContainerReportHandler (AbstractContainerReportHandler.java:updateContainerState(145)) - Container #1 is in OPEN state, but the datanode 5fa7c213-d229-4dfb-b48e-377c0ca33348{ip: 192.168.164.201, host: pr-hdds-1868-s6sc9-3720172378, networkLocation: /default-rack, certSerialId: null} reports an CLOSED replica.
2019-10-17 19:46:49,894 [BlockDeletingService#3] WARN  background.BlockDeletingService (BlockDeletingService.java:isDeletionAllowed(187)) - Close Container log Index 6 is not replicated across allthe servers in the pipeline adc40928-88ac-46dc-94be-4cc069b2961e as the min replicated index is 4. Deletion is not allowed in this container yet.
2019-10-17 19:46:49,896 [BlockDeletingService#2] WARN  background.BlockDeletingService (BlockDeletingService.java:isDeletionAllowed(187)) - Close Container log Index 6 is not replicated across allthe servers in the pipeline adc40928-88ac-46dc-94be-4cc069b2961e as the min replicated index is 4. Deletion is not allowed in this container yet.
2019-10-17 19:46:49,999 [EventQueue-ContainerReportForContainerReportHandler] WARN  container.ContainerReportHandler (AbstractContainerReportHandler.java:updateContainerState(145)) - Container #1 is in OPEN state, but the datanode fa049fba-12b8-4e17-ac2d-38ea71bdd2ce{ip: 192.168.164.201, host: pr-hdds-1868-s6sc9-3720172378, networkLocation: /default-rack, certSerialId: null} reports an CLOSED replica.
2019-10-17 19:46:50,142 [EventQueue-ContainerReportForContainerReportHandler] WARN  container.ContainerReportHandler (AbstractContainerReportHandler.java:updateContainerState(145)) - Container #1 is in OPEN state, but the datanode 5fa7c213-d229-4dfb-b48e-377c0ca33348{ip: 192.168.164.201, host: pr-hdds-1868-s6sc9-3720172378, networkLocation: /default-rack, certSerialId: null} reports an CLOSED replica.
2019-10-17 19:46:50,301 [EventQueue-ContainerReportForContainerReportHandler] WARN  container.ContainerReportHandler (AbstractContainerReportHandler.java:updateContainerState(145)) - Container #1 is in OPEN state, but the datanode fa049fba-12b8-4e17-ac2d-38ea71bdd2ce{ip: 192.168.164.201, host: pr-hdds-1868-s6sc9-3720172378, networkLocation: /default-rack, certSerialId: null} reports an CLOSED replica.
2019-10-17 19:46:50,541 [EventQueue-ContainerReportForContainerReportHandler] WARN  container.ContainerReportHandler (AbstractContainerReportHandler.java:updateContainerState(145)) - Container #1 is in OPEN state, but the datanode 5fa7c213-d229-4dfb-b48e-377c0ca33348{ip: 192.168.164.201, host: pr-hdds-1868-s6sc9-3720172378, networkLocation: /default-rack, certSerialId: null} reports an CLOSED replica.
2019-10-17 19:46:50,683 [Thread-507] INFO  client.GrpcClientProtocolService (GrpcClientProtocolService.java:lambda$processClientRequest$0(278)) - Failed RaftClientRequest:client-30F7F12B0123->5fa7c213-d229-4dfb-b48e-377c0ca33348@group-4CC069B2961E, cid=16, seq=0, Watch-ALL_COMMITTED(6), Message:<EMPTY>, reply=RaftClientReply:client-30F7F12B0123->5fa7c213-d229-4dfb-b48e-377c0ca33348@group-4CC069B2961E, cid=16, FAILED org.apache.ratis.protocol.NotReplicatedException: Request with call Id 16 and log index 6 is not yet replicated to ALL_COMMITTED, logIndex=6, commits[5fa7c213-d229-4dfb-b48e-377c0ca33348:c10, 32a164c3-8bb9-4158-a4d7-ada9eb729037:c4, fa049fba-12b8-4e17-ac2d-38ea71bdd2ce:c10]
2019-10-17 19:46:50,703 [EventQueue-ContainerReportForContainerReportHandler] WARN  container.ContainerReportHandler (AbstractContainerReportHandler.java:updateContainerState(145)) - Container #1 is in OPEN state, but the datanode fa049fba-12b8-4e17-ac2d-38ea71bdd2ce{ip: 192.168.164.201, host: pr-hdds-1868-s6sc9-3720172378, networkLocation: /default-rack, certSerialId: null} reports an CLOSED replica.
2019-10-17 19:46:50,843 [EventQueue-ContainerReportForContainerReportHandler] WARN  container.ContainerReportHandler (AbstractContainerReportHandler.java:updateContainerState(145)) - Container #1 is in OPEN state, but the datanode 5fa7c213-d229-4dfb-b48e-377c0ca33348{ip: 192.168.164.201, host: pr-hdds-1868-s6sc9-3720172378, networkLocation: /default-rack, certSerialId: null} reports an CLOSED replica.
2019-10-17 19:46:50,883 [java.util.concurrent.ThreadPoolExecutor$Worker@6214d2e6[State = -1, empty queue]] WARN  server.GrpcLogAppender (GrpcLogAppender.java:timeoutAppendRequest(209)) - 5fa7c213-d229-4dfb-b48e-377c0ca33348@group-4CC069B2961E->32a164c3-8bb9-4158-a4d7-ada9eb729037-GrpcLogAppender: appendEntries Timeout, request=5fa7c213-d229-4dfb-b48e-377c0ca33348->32a164c3-8bb9-4158-a4d7-ada9eb729037#35-t2, previous=(t:2, i:10), leaderCommit=10, initializing? false, entries: <empty>
2019-10-17 19:46:50,899 [BlockDeletingService#2] WARN  background.BlockDeletingService (BlockDeletingService.java:isDeletionAllowed(187)) - Close Container log Index 6 is not replicated across allthe servers in the pipeline adc40928-88ac-46dc-94be-4cc069b2961e as the min replicated index is 4. Deletion is not allowed in this container yet.
2019-10-17 19:46:50,899 [BlockDeletingService#3] WARN  background.BlockDeletingService (BlockDeletingService.java:isDeletionAllowed(187)) - Close Container log Index 6 is not replicated across allthe servers in the pipeline adc40928-88ac-46dc-94be-4cc069b2961e as the min replicated index is 4. Deletion is not allowed in this container yet.
2019-10-17 19:46:50,904 [EventQueue-ContainerReportForContainerReportHandler] WARN  container.ContainerReportHandler (AbstractContainerReportHandler.java:updateContainerState(145)) - Container #1 is in OPEN state, but the datanode fa049fba-12b8-4e17-ac2d-38ea71bdd2ce{ip: 192.168.164.201, host: pr-hdds-1868-s6sc9-3720172378, networkLocation: /default-rack, certSerialId: null} reports an CLOSED replica.
2019-10-17 19:46:51,144 [EventQueue-ContainerReportForContainerReportHandler] WARN  container.ContainerReportHandler (AbstractContainerReportHandler.java:updateContainerState(145)) - Container #1 is in OPEN state, but the datanode 5fa7c213-d229-4dfb-b48e-377c0ca33348{ip: 192.168.164.201, host: pr-hdds-1868-s6sc9-3720172378, networkLocation: /default-rack, certSerialId: null} reports an CLOSED replica.
2019-10-17 19:46:51,204 [EventQueue-ContainerReportForContainerReportHandler] WARN  container.ContainerReportHandler (AbstractContainerReportHandler.java:updateContainerState(145)) - Container #1 is in OPEN state, but the datanode fa049fba-12b8-4e17-ac2d-38ea71bdd2ce{ip: 192.168.164.201, host: pr-hdds-1868-s6sc9-3720172378, networkLocation: /default-rack, certSerialId: null} reports an CLOSED replica.
2019-10-17 19:46:51,404 [EventQueue-ContainerReportForContainerReportHandler] WARN  container.ContainerReportHandler (AbstractContainerReportHandler.java:updateContainerState(145)) - Container #1 is in OPEN state, but the datanode fa049fba-12b8-4e17-ac2d-38ea71bdd2ce{ip: 192.168.164.201, host: pr-hdds-1868-s6sc9-3720172378, networkLocation: /default-rack, certSerialId: null} reports an CLOSED replica.
2019-10-17 19:46:51,543 [EventQueue-ContainerReportForContainerReportHandler] WARN  container.ContainerReportHandler (AbstractContainerReportHandler.java:updateContainerState(145)) - Container #1 is in OPEN state, but the datanode 5fa7c213-d229-4dfb-b48e-377c0ca33348{ip: 192.168.164.201, host: pr-hdds-1868-s6sc9-3720172378, networkLocation: /default-rack, certSerialId: null} reports an CLOSED replica.
2019-10-17 19:46:51,804 [EventQueue-ContainerReportForContainerReportHandler] WARN  container.ContainerReportHandler (AbstractContainerReportHandler.java:updateContainerState(145)) - Container #1 is in OPEN state, but the datanode fa049fba-12b8-4e17-ac2d-38ea71bdd2ce{ip: 192.168.164.201, host: pr-hdds-1868-s6sc9-3720172378, networkLocation: /default-rack, certSerialId: null} reports an CLOSED replica.
2019-10-17 19:46:51,844 [EventQueue-ContainerReportForContainerReportHandler] WARN  container.ContainerReportHandler (AbstractContainerReportHandler.java:updateContainerState(145)) - Container #1 is in OPEN state, but the datanode 5fa7c213-d229-4dfb-b48e-377c0ca33348{ip: 192.168.164.201, host: pr-hdds-1868-s6sc9-3720172378, networkLocation: /default-rack, certSerialId: null} reports an CLOSED replica.
2019-10-17 19:46:51,901 [BlockDeletingService#3] WARN  background.BlockDeletingService (BlockDeletingService.java:isDeletionAllowed(187)) - Close Container log Index 6 is not replicated across allthe servers in the pipeline adc40928-88ac-46dc-94be-4cc069b2961e as the min replicated index is 4. Deletion is not allowed in this container yet.
2019-10-17 19:46:51,901 [BlockDeletingService#2] WARN  background.BlockDeletingService (BlockDeletingService.java:isDeletionAllowed(187)) - Close Container log Index 6 is not replicated across allthe servers in the pipeline adc40928-88ac-46dc-94be-4cc069b2961e as the min replicated index is 4. Deletion is not allowed in this container yet.
2019-10-17 19:46:52,005 [EventQueue-ContainerReportForContainerReportHandler] WARN  container.ContainerReportHandler (AbstractContainerReportHandler.java:updateContainerState(145)) - Container #1 is in OPEN state, but the datanode fa049fba-12b8-4e17-ac2d-38ea71bdd2ce{ip: 192.168.164.201, host: pr-hdds-1868-s6sc9-3720172378, networkLocation: /default-rack, certSerialId: null} reports an CLOSED replica.
2019-10-17 19:46:52,043 [EventQueue-ContainerReportForContainerReportHandler] WARN  container.ContainerReportHandler (AbstractContainerReportHandler.java:updateContainerState(145)) - Container #1 is in OPEN state, but the datanode 5fa7c213-d229-4dfb-b48e-377c0ca33348{ip: 192.168.164.201, host: pr-hdds-1868-s6sc9-3720172378, networkLocation: /default-rack, certSerialId: null} reports an CLOSED replica.
2019-10-17 19:46:52,306 [EventQueue-ContainerReportForContainerReportHandler] WARN  container.ContainerReportHandler (AbstractContainerReportHandler.java:updateContainerState(145)) - Container #1 is in OPEN state, but the datanode fa049fba-12b8-4e17-ac2d-38ea71bdd2ce{ip: 192.168.164.201, host: pr-hdds-1868-s6sc9-3720172378, networkLocation: /default-rack, certSerialId: null} reports an CLOSED replica.
2019-10-17 19:46:52,344 [EventQueue-ContainerReportForContainerReportHandler] WARN  container.ContainerReportHandler (AbstractContainerReportHandler.java:updateContainerState(145)) - Container #1 is in OPEN state, but the datanode 5fa7c213-d229-4dfb-b48e-377c0ca33348{ip: 192.168.164.201, host: pr-hdds-1868-s6sc9-3720172378, networkLocation: /default-rack, certSerialId: null} reports an CLOSED replica.
2019-10-17 19:46:52,606 [EventQueue-ContainerReportForContainerReportHandler] WARN  container.ContainerReportHandler (AbstractContainerReportHandler.java:updateContainerState(145)) - Container #1 is in OPEN state, but the datanode fa049fba-12b8-4e17-ac2d-38ea71bdd2ce{ip: 192.168.164.201, host: pr-hdds-1868-s6sc9-3720172378, networkLocation: /default-rack, certSerialId: null} reports an CLOSED replica.
2019-10-17 19:46:52,645 [EventQueue-ContainerReportForContainerReportHandler] WARN  container.ContainerReportHandler (AbstractContainerReportHandler.java:updateContainerState(145)) - Container #1 is in OPEN state, but the datanode 5fa7c213-d229-4dfb-b48e-377c0ca33348{ip: 192.168.164.201, host: pr-hdds-1868-s6sc9-3720172378, networkLocation: /default-rack, certSerialId: null} reports an CLOSED replica.
2019-10-17 19:46:52,903 [BlockDeletingService#3] WARN  background.BlockDeletingService (BlockDeletingService.java:isDeletionAllowed(187)) - Close Container log Index 6 is not replicated across allthe servers in the pipeline adc40928-88ac-46dc-94be-4cc069b2961e as the min replicated index is 4. Deletion is not allowed in this container yet.
2019-10-17 19:46:52,903 [BlockDeletingService#2] WARN  background.BlockDeletingService (BlockDeletingService.java:isDeletionAllowed(187)) - Close Container log Index 6 is not replicated across allthe servers in the pipeline adc40928-88ac-46dc-94be-4cc069b2961e as the min replicated index is 4. Deletion is not allowed in this container yet.
2019-10-17 19:46:52,909 [EventQueue-ContainerReportForContainerReportHandler] WARN  container.ContainerReportHandler (AbstractContainerReportHandler.java:updateContainerState(145)) - Container #1 is in OPEN state, but the datanode fa049fba-12b8-4e17-ac2d-38ea71bdd2ce{ip: 192.168.164.201, host: pr-hdds-1868-s6sc9-3720172378, networkLocation: /default-rack, certSerialId: null} reports an CLOSED replica.
2019-10-17 19:46:53,044 [EventQueue-ContainerReportForContainerReportHandler] WARN  container.ContainerReportHandler (AbstractContainerReportHandler.java:updateContainerState(145)) - Container #1 is in OPEN state, but the datanode 5fa7c213-d229-4dfb-b48e-377c0ca33348{ip: 192.168.164.201, host: pr-hdds-1868-s6sc9-3720172378, networkLocation: /default-rack, certSerialId: null} reports an CLOSED replica.
2019-10-17 19:46:53,309 [EventQueue-ContainerReportForContainerReportHandler] WARN  container.ContainerReportHandler (AbstractContainerReportHandler.java:updateContainerState(145)) - Container #1 is in OPEN state, but the datanode fa049fba-12b8-4e17-ac2d-38ea71bdd2ce{ip: 192.168.164.201, host: pr-hdds-1868-s6sc9-3720172378, networkLocation: /default-rack, certSerialId: null} reports an CLOSED replica.
2019-10-17 19:46:53,384 [java.util.concurrent.ThreadPoolExecutor$Worker@6214d2e6[State = -1, empty queue]] WARN  server.GrpcLogAppender (GrpcLogAppender.java:timeoutAppendRequest(209)) - 5fa7c213-d229-4dfb-b48e-377c0ca33348@group-4CC069B2961E->32a164c3-8bb9-4158-a4d7-ada9eb729037-GrpcLogAppender: appendEntries Timeout, request=5fa7c213-d229-4dfb-b48e-377c0ca33348->32a164c3-8bb9-4158-a4d7-ada9eb729037#36-t2, previous=(t:2, i:10), leaderCommit=10, initializing? false, entries: <empty>
2019-10-17 19:46:53,445 [EventQueue-ContainerReportForContainerReportHandler] WARN  container.ContainerReportHandler (AbstractContainerReportHandler.java:updateContainerState(145)) - Container #1 is in OPEN state, but the datanode 5fa7c213-d229-4dfb-b48e-377c0ca33348{ip: 192.168.164.201, host: pr-hdds-1868-s6sc9-3720172378, networkLocation: /default-rack, certSerialId: null} reports an CLOSED replica.
2019-10-17 19:46:53,610 [EventQueue-ContainerReportForContainerReportHandler] WARN  container.ContainerReportHandler (AbstractContainerReportHandler.java:updateContainerState(145)) - Container #1 is in OPEN state, but the datanode fa049fba-12b8-4e17-ac2d-38ea71bdd2ce{ip: 192.168.164.201, host: pr-hdds-1868-s6sc9-3720172378, networkLocation: /default-rack, certSerialId: null} reports an CLOSED replica.
2019-10-17 19:46:53,645 [EventQueue-ContainerReportForContainerReportHandler] WARN  container.ContainerReportHandler (AbstractContainerReportHandler.java:updateContainerState(145)) - Container #1 is in OPEN state, but the datanode 5fa7c213-d229-4dfb-b48e-377c0ca33348{ip: 192.168.164.201, host: pr-hdds-1868-s6sc9-3720172378, networkLocation: /default-rack, certSerialId: null} reports an CLOSED replica.
2019-10-17 19:46:53,910 [BlockDeletingService#2] WARN  background.BlockDeletingService (BlockDeletingService.java:isDeletionAllowed(187)) - Close Container log Index 6 is not replicated across allthe servers in the pipeline adc40928-88ac-46dc-94be-4cc069b2961e as the min replicated index is 4. Deletion is not allowed in this container yet.
2019-10-17 19:46:53,910 [BlockDeletingService#3] WARN  background.BlockDeletingService (BlockDeletingService.java:isDeletionAllowed(187)) - Close Container log Index 6 is not replicated across allthe servers in the pipeline adc40928-88ac-46dc-94be-4cc069b2961e as the min replicated index is 4. Deletion is not allowed in this container yet.
2019-10-17 19:46:53,912 [EventQueue-ContainerReportForContainerReportHandler] WARN  container.ContainerReportHandler (AbstractContainerReportHandler.java:updateContainerState(145)) - Container #1 is in OPEN state, but the datanode fa049fba-12b8-4e17-ac2d-38ea71bdd2ce{ip: 192.168.164.201, host: pr-hdds-1868-s6sc9-3720172378, networkLocation: /default-rack, certSerialId: null} reports an CLOSED replica.
2019-10-17 19:46:53,945 [EventQueue-ContainerReportForContainerReportHandler] WARN  container.ContainerReportHandler (AbstractContainerReportHandler.java:updateContainerState(145)) - Container #1 is in OPEN state, but the datanode 5fa7c213-d229-4dfb-b48e-377c0ca33348{ip: 192.168.164.201, host: pr-hdds-1868-s6sc9-3720172378, networkLocation: /default-rack, certSerialId: null} reports an CLOSED replica.
2019-10-17 19:46:54,245 [EventQueue-ContainerReportForContainerReportHandler] WARN  container.ContainerReportHandler (AbstractContainerReportHandler.java:updateContainerState(145)) - Container #1 is in OPEN state, but the datanode 5fa7c213-d229-4dfb-b48e-377c0ca33348{ip: 192.168.164.201, host: pr-hdds-1868-s6sc9-3720172378, networkLocation: /default-rack, certSerialId: null} reports an CLOSED replica.
2019-10-17 19:46:54,311 [EventQueue-ContainerReportForContainerReportHandler] WARN  container.ContainerReportHandler (AbstractContainerReportHandler.java:updateContainerState(145)) - Container #1 is in OPEN state, but the datanode fa049fba-12b8-4e17-ac2d-38ea71bdd2ce{ip: 192.168.164.201, host: pr-hdds-1868-s6sc9-3720172378, networkLocation: /default-rack, certSerialId: null} reports an CLOSED replica.
2019-10-17 19:46:54,511 [EventQueue-ContainerReportForContainerReportHandler] WARN  container.ContainerReportHandler (AbstractContainerReportHandler.java:updateContainerState(145)) - Container #1 is in OPEN state, but the datanode fa049fba-12b8-4e17-ac2d-38ea71bdd2ce{ip: 192.168.164.201, host: pr-hdds-1868-s6sc9-3720172378, networkLocation: /default-rack, certSerialId: null} reports an CLOSED replica.
2019-10-17 19:46:54,546 [EventQueue-ContainerReportForContainerReportHandler] WARN  container.ContainerReportHandler (AbstractContainerReportHandler.java:updateContainerState(145)) - Container #1 is in OPEN state, but the datanode 5fa7c213-d229-4dfb-b48e-377c0ca33348{ip: 192.168.164.201, host: pr-hdds-1868-s6sc9-3720172378, networkLocation: /default-rack, certSerialId: null} reports an CLOSED replica.
2019-10-17 19:46:54,711 [EventQueue-ContainerReportForContainerReportHandler] WARN  container.ContainerReportHandler (AbstractContainerReportHandler.java:updateContainerState(145)) - Container #1 is in OPEN state, but the datanode fa049fba-12b8-4e17-ac2d-38ea71bdd2ce{ip: 192.168.164.201, host: pr-hdds-1868-s6sc9-3720172378, networkLocation: /default-rack, certSerialId: null} reports an CLOSED replica.
2019-10-17 19:46:54,845 [EventQueue-ContainerReportForContainerReportHandler] WARN  container.ContainerReportHandler (AbstractContainerReportHandler.java:updateContainerState(145)) - Container #1 is in OPEN state, but the datanode 5fa7c213-d229-4dfb-b48e-377c0ca33348{ip: 192.168.164.201, host: pr-hdds-1868-s6sc9-3720172378, networkLocation: /default-rack, certSerialId: null} reports an CLOSED replica.
2019-10-17 19:46:54,913 [BlockDeletingService#2] WARN  background.BlockDeletingService (BlockDeletingService.java:isDeletionAllowed(187)) - Close Container log Index 6 is not replicated across allthe servers in the pipeline adc40928-88ac-46dc-94be-4cc069b2961e as the min replicated index is 4. Deletion is not allowed in this container yet.
2019-10-17 19:46:54,913 [BlockDeletingService#3] WARN  background.BlockDeletingService (BlockDeletingService.java:isDeletionAllowed(187)) - Close Container log Index 6 is not replicated across allthe servers in the pipeline adc40928-88ac-46dc-94be-4cc069b2961e as the min replicated index is 4. Deletion is not allowed in this container yet.
2019-10-17 19:46:55,111 [EventQueue-ContainerReportForContainerReportHandler] WARN  container.ContainerReportHandler (AbstractContainerReportHandler.java:updateContainerState(145)) - Container #1 is in OPEN state, but the datanode fa049fba-12b8-4e17-ac2d-38ea71bdd2ce{ip: 192.168.164.201, host: pr-hdds-1868-s6sc9-3720172378, networkLocation: /default-rack, certSerialId: null} reports an CLOSED replica.
2019-10-17 19:46:55,145 [EventQueue-ContainerReportForContainerReportHandler] WARN  container.ContainerReportHandler (AbstractContainerReportHandler.java:updateContainerState(145)) - Container #1 is in OPEN state, but the datanode 5fa7c213-d229-4dfb-b48e-377c0ca33348{ip: 192.168.164.201, host: pr-hdds-1868-s6sc9-3720172378, networkLocation: /default-rack, certSerialId: null} reports an CLOSED replica.
2019-10-17 19:46:55,346 [EventQueue-ContainerReportForContainerReportHandler] WARN  container.ContainerReportHandler (AbstractContainerReportHandler.java:updateContainerState(145)) - Container #1 is in OPEN state, but the datanode 5fa7c213-d229-4dfb-b48e-377c0ca33348{ip: 192.168.164.201, host: pr-hdds-1868-s6sc9-3720172378, networkLocation: /default-rack, certSerialId: null} reports an CLOSED replica.
2019-10-17 19:46:55,412 [EventQueue-ContainerReportForContainerReportHandler] WARN  container.ContainerReportHandler (AbstractContainerReportHandler.java:updateContainerState(145)) - Container #1 is in OPEN state, but the datanode fa049fba-12b8-4e17-ac2d-38ea71bdd2ce{ip: 192.168.164.201, host: pr-hdds-1868-s6sc9-3720172378, networkLocation: /default-rack, certSerialId: null} reports an CLOSED replica.
2019-10-17 19:46:55,647 [EventQueue-ContainerReportForContainerReportHandler] WARN  container.ContainerReportHandler (AbstractContainerReportHandler.java:updateContainerState(145)) - Container #1 is in OPEN state, but the datanode 5fa7c213-d229-4dfb-b48e-377c0ca33348{ip: 192.168.164.201, host: pr-hdds-1868-s6sc9-3720172378, networkLocation: /default-rack, certSerialId: null} reports an CLOSED replica.
2019-10-17 19:46:55,812 [EventQueue-ContainerReportForContainerReportHandler] WARN  container.ContainerReportHandler (AbstractContainerReportHandler.java:updateContainerState(145)) - Container #1 is in OPEN state, but the datanode fa049fba-12b8-4e17-ac2d-38ea71bdd2ce{ip: 192.168.164.201, host: pr-hdds-1868-s6sc9-3720172378, networkLocation: /default-rack, certSerialId: null} reports an CLOSED replica.
2019-10-17 19:46:55,886 [java.util.concurrent.ThreadPoolExecutor$Worker@6214d2e6[State = -1, empty queue]] WARN  server.GrpcLogAppender (GrpcLogAppender.java:timeoutAppendRequest(209)) - 5fa7c213-d229-4dfb-b48e-377c0ca33348@group-4CC069B2961E->32a164c3-8bb9-4158-a4d7-ada9eb729037-GrpcLogAppender: appendEntries Timeout, request=5fa7c213-d229-4dfb-b48e-377c0ca33348->32a164c3-8bb9-4158-a4d7-ada9eb729037#37-t2, previous=(t:2, i:10), leaderCommit=10, initializing? false, entries: <empty>
2019-10-17 19:46:55,914 [BlockDeletingService#3] WARN  background.BlockDeletingService (BlockDeletingService.java:isDeletionAllowed(187)) - Close Container log Index 6 is not replicated across allthe servers in the pipeline adc40928-88ac-46dc-94be-4cc069b2961e as the min replicated index is 4. Deletion is not allowed in this container yet.
2019-10-17 19:46:55,914 [BlockDeletingService#2] WARN  background.BlockDeletingService (BlockDeletingService.java:isDeletionAllowed(187)) - Close Container log Index 6 is not replicated across allthe servers in the pipeline adc40928-88ac-46dc-94be-4cc069b2961e as the min replicated index is 4. Deletion is not allowed in this container yet.
2019-10-17 19:46:56,047 [EventQueue-ContainerReportForContainerReportHandler] WARN  container.ContainerReportHandler (AbstractContainerReportHandler.java:updateContainerState(145)) - Container #1 is in OPEN state, but the datanode 5fa7c213-d229-4dfb-b48e-377c0ca33348{ip: 192.168.164.201, host: pr-hdds-1868-s6sc9-3720172378, networkLocation: /default-rack, certSerialId: null} reports an CLOSED replica.
2019-10-17 19:46:56,112 [EventQueue-ContainerReportForContainerReportHandler] WARN  container.ContainerReportHandler (AbstractContainerReportHandler.java:updateContainerState(145)) - Container #1 is in OPEN state, but the datanode fa049fba-12b8-4e17-ac2d-38ea71bdd2ce{ip: 192.168.164.201, host: pr-hdds-1868-s6sc9-3720172378, networkLocation: /default-rack, certSerialId: null} reports an CLOSED replica.
2019-10-17 19:46:56,346 [EventQueue-ContainerReportForContainerReportHandler] WARN  container.ContainerReportHandler (AbstractContainerReportHandler.java:updateContainerState(145)) - Container #1 is in OPEN state, but the datanode 5fa7c213-d229-4dfb-b48e-377c0ca33348{ip: 192.168.164.201, host: pr-hdds-1868-s6sc9-3720172378, networkLocation: /default-rack, certSerialId: null} reports an CLOSED replica.
2019-10-17 19:46:56,412 [EventQueue-ContainerReportForContainerReportHandler] WARN  container.ContainerReportHandler (AbstractContainerReportHandler.java:updateContainerState(145)) - Container #1 is in OPEN state, but the datanode fa049fba-12b8-4e17-ac2d-38ea71bdd2ce{ip: 192.168.164.201, host: pr-hdds-1868-s6sc9-3720172378, networkLocation: /default-rack, certSerialId: null} reports an CLOSED replica.
2019-10-17 19:46:56,614 [EventQueue-ContainerReportForContainerReportHandler] WARN  container.ContainerReportHandler (AbstractContainerReportHandler.java:updateContainerState(145)) - Container #1 is in OPEN state, but the datanode fa049fba-12b8-4e17-ac2d-38ea71bdd2ce{ip: 192.168.164.201, host: pr-hdds-1868-s6sc9-3720172378, networkLocation: /default-rack, certSerialId: null} reports an CLOSED replica.
2019-10-17 19:46:56,647 [EventQueue-ContainerReportForContainerReportHandler] WARN  container.ContainerReportHandler (AbstractContainerReportHandler.java:updateContainerState(145)) - Container #1 is in OPEN state, but the datanode 5fa7c213-d229-4dfb-b48e-377c0ca33348{ip: 192.168.164.201, host: pr-hdds-1868-s6sc9-3720172378, networkLocation: /default-rack, certSerialId: null} reports an CLOSED replica.
2019-10-17 19:46:56,917 [BlockDeletingService#3] WARN  background.BlockDeletingService (BlockDeletingService.java:isDeletionAllowed(187)) - Close Container log Index 6 is not replicated across allthe servers in the pipeline adc40928-88ac-46dc-94be-4cc069b2961e as the min replicated index is 4. Deletion is not allowed in this container yet.
2019-10-17 19:46:56,917 [BlockDeletingService#2] WARN  background.BlockDeletingService (BlockDeletingService.java:isDeletionAllowed(187)) - Close Container log Index 6 is not replicated across allthe servers in the pipeline adc40928-88ac-46dc-94be-4cc069b2961e as the min replicated index is 4. Deletion is not allowed in this container yet.
2019-10-17 19:46:56,949 [EventQueue-ContainerReportForContainerReportHandler] WARN  container.ContainerReportHandler (AbstractContainerReportHandler.java:updateContainerState(145)) - Container #1 is in OPEN state, but the datanode 5fa7c213-d229-4dfb-b48e-377c0ca33348{ip: 192.168.164.201, host: pr-hdds-1868-s6sc9-3720172378, networkLocation: /default-rack, certSerialId: null} reports an CLOSED replica.
2019-10-17 19:46:57,015 [EventQueue-ContainerReportForContainerReportHandler] WARN  container.ContainerReportHandler (AbstractContainerReportHandler.java:updateContainerState(145)) - Container #1 is in OPEN state, but the datanode fa049fba-12b8-4e17-ac2d-38ea71bdd2ce{ip: 192.168.164.201, host: pr-hdds-1868-s6sc9-3720172378, networkLocation: /default-rack, certSerialId: null} reports an CLOSED replica.
2019-10-17 19:46:57,249 [EventQueue-ContainerReportForContainerReportHandler] WARN  container.ContainerReportHandler (AbstractContainerReportHandler.java:updateContainerState(145)) - Container #1 is in OPEN state, but the datanode 5fa7c213-d229-4dfb-b48e-377c0ca33348{ip: 192.168.164.201, host: pr-hdds-1868-s6sc9-3720172378, networkLocation: /default-rack, certSerialId: null} reports an CLOSED replica.
2019-10-17 19:46:57,316 [EventQueue-ContainerReportForContainerReportHandler] WARN  container.ContainerReportHandler (AbstractContainerReportHandler.java:updateContainerState(145)) - Container #1 is in OPEN state, but the datanode fa049fba-12b8-4e17-ac2d-38ea71bdd2ce{ip: 192.168.164.201, host: pr-hdds-1868-s6sc9-3720172378, networkLocation: /default-rack, certSerialId: null} reports an CLOSED replica.
2019-10-17 19:46:57,449 [EventQueue-ContainerReportForContainerReportHandler] WARN  container.ContainerReportHandler (AbstractContainerReportHandler.java:updateContainerState(145)) - Container #1 is in OPEN state, but the datanode 5fa7c213-d229-4dfb-b48e-377c0ca33348{ip: 192.168.164.201, host: pr-hdds-1868-s6sc9-3720172378, networkLocation: /default-rack, certSerialId: null} reports an CLOSED replica.
2019-10-17 19:46:57,516 [EventQueue-ContainerReportForContainerReportHandler] WARN  container.ContainerReportHandler (AbstractContainerReportHandler.java:updateContainerState(145)) - Container #1 is in OPEN state, but the datanode fa049fba-12b8-4e17-ac2d-38ea71bdd2ce{ip: 192.168.164.201, host: pr-hdds-1868-s6sc9-3720172378, networkLocation: /default-rack, certSerialId: null} reports an CLOSED replica.
2019-10-17 19:46:57,649 [EventQueue-ContainerReportForContainerReportHandler] WARN  container.ContainerReportHandler (AbstractContainerReportHandler.java:updateContainerState(145)) - Container #1 is in OPEN state, but the datanode 5fa7c213-d229-4dfb-b48e-377c0ca33348{ip: 192.168.164.201, host: pr-hdds-1868-s6sc9-3720172378, networkLocation: /default-rack, certSerialId: null} reports an CLOSED replica.
2019-10-17 19:46:57,815 [EventQueue-ContainerReportForContainerReportHandler] WARN  container.ContainerReportHandler (AbstractContainerReportHandler.java:updateContainerState(145)) - Container #1 is in OPEN state, but the datanode fa049fba-12b8-4e17-ac2d-38ea71bdd2ce{ip: 192.168.164.201, host: pr-hdds-1868-s6sc9-3720172378, networkLocation: /default-rack, certSerialId: null} reports an CLOSED replica.
2019-10-17 19:46:57,919 [BlockDeletingService#3] WARN  background.BlockDeletingService (BlockDeletingService.java:isDeletionAllowed(187)) - Close Container log Index 6 is not replicated across allthe servers in the pipeline adc40928-88ac-46dc-94be-4cc069b2961e as the min replicated index is 4. Deletion is not allowed in this container yet.
2019-10-17 19:46:57,919 [BlockDeletingService#2] WARN  background.BlockDeletingService (BlockDeletingService.java:isDeletionAllowed(187)) - Close Container log Index 6 is not replicated across allthe servers in the pipeline adc40928-88ac-46dc-94be-4cc069b2961e as the min replicated index is 4. Deletion is not allowed in this container yet.
2019-10-17 19:46:57,949 [EventQueue-ContainerReportForContainerReportHandler] WARN  container.ContainerReportHandler (AbstractContainerReportHandler.java:updateContainerState(145)) - Container #1 is in OPEN state, but the datanode 5fa7c213-d229-4dfb-b48e-377c0ca33348{ip: 192.168.164.201, host: pr-hdds-1868-s6sc9-3720172378, networkLocation: /default-rack, certSerialId: null} reports an CLOSED replica.
2019-10-17 19:46:58,216 [EventQueue-ContainerReportForContainerReportHandler] WARN  container.ContainerReportHandler (AbstractContainerReportHandler.java:updateContainerState(145)) - Container #1 is in OPEN state, but the datanode fa049fba-12b8-4e17-ac2d-38ea71bdd2ce{ip: 192.168.164.201, host: pr-hdds-1868-s6sc9-3720172378, networkLocation: /default-rack, certSerialId: null} reports an CLOSED replica.
2019-10-17 19:46:58,249 [EventQueue-ContainerReportForContainerReportHandler] WARN  container.ContainerReportHandler (AbstractContainerReportHandler.java:updateContainerState(145)) - Container #1 is in OPEN state, but the datanode 5fa7c213-d229-4dfb-b48e-377c0ca33348{ip: 192.168.164.201, host: pr-hdds-1868-s6sc9-3720172378, networkLocation: /default-rack, certSerialId: null} reports an CLOSED replica.
2019-10-17 19:46:58,387 [java.util.concurrent.ThreadPoolExecutor$Worker@6214d2e6[State = -1, empty queue]] WARN  server.GrpcLogAppender (GrpcLogAppender.java:timeoutAppendRequest(209)) - 5fa7c213-d229-4dfb-b48e-377c0ca33348@group-4CC069B2961E->32a164c3-8bb9-4158-a4d7-ada9eb729037-GrpcLogAppender: appendEntries Timeout, request=5fa7c213-d229-4dfb-b48e-377c0ca33348->32a164c3-8bb9-4158-a4d7-ada9eb729037#38-t2, previous=(t:2, i:10), leaderCommit=10, initializing? false, entries: <empty>
2019-10-17 19:46:58,449 [EventQueue-ContainerReportForContainerReportHandler] WARN  container.ContainerReportHandler (AbstractContainerReportHandler.java:updateContainerState(145)) - Container #1 is in OPEN state, but the datanode 5fa7c213-d229-4dfb-b48e-377c0ca33348{ip: 192.168.164.201, host: pr-hdds-1868-s6sc9-3720172378, networkLocation: /default-rack, certSerialId: null} reports an CLOSED replica.
2019-10-17 19:46:58,615 [EventQueue-ContainerReportForContainerReportHandler] WARN  container.ContainerReportHandler (AbstractContainerReportHandler.java:updateContainerState(145)) - Container #1 is in OPEN state, but the datanode fa049fba-12b8-4e17-ac2d-38ea71bdd2ce{ip: 192.168.164.201, host: pr-hdds-1868-s6sc9-3720172378, networkLocation: /default-rack, certSerialId: null} reports an CLOSED replica.
2019-10-17 19:46:58,816 [EventQueue-ContainerReportForContainerReportHandler] WARN  container.ContainerReportHandler (AbstractContainerReportHandler.java:updateContainerState(145)) - Container #1 is in OPEN state, but the datanode fa049fba-12b8-4e17-ac2d-38ea71bdd2ce{ip: 192.168.164.201, host: pr-hdds-1868-s6sc9-3720172378, networkLocation: /default-rack, certSerialId: null} reports an CLOSED replica.
2019-10-17 19:46:58,849 [EventQueue-ContainerReportForContainerReportHandler] WARN  container.ContainerReportHandler (AbstractContainerReportHandler.java:updateContainerState(145)) - Container #1 is in OPEN state, but the datanode 5fa7c213-d229-4dfb-b48e-377c0ca33348{ip: 192.168.164.201, host: pr-hdds-1868-s6sc9-3720172378, networkLocation: /default-rack, certSerialId: null} reports an CLOSED replica.
2019-10-17 19:46:58,921 [BlockDeletingService#3] WARN  background.BlockDeletingService (BlockDeletingService.java:isDeletionAllowed(187)) - Close Container log Index 6 is not replicated across allthe servers in the pipeline adc40928-88ac-46dc-94be-4cc069b2961e as the min replicated index is 4. Deletion is not allowed in this container yet.
2019-10-17 19:46:58,921 [BlockDeletingService#2] WARN  background.BlockDeletingService (BlockDeletingService.java:isDeletionAllowed(187)) - Close Container log Index 6 is not replicated across allthe servers in the pipeline adc40928-88ac-46dc-94be-4cc069b2961e as the min replicated index is 4. Deletion is not allowed in this container yet.
2019-10-17 19:46:59,049 [EventQueue-ContainerReportForContainerReportHandler] WARN  container.ContainerReportHandler (AbstractContainerReportHandler.java:updateContainerState(145)) - Container #1 is in OPEN state, but the datanode 5fa7c213-d229-4dfb-b48e-377c0ca33348{ip: 192.168.164.201, host: pr-hdds-1868-s6sc9-3720172378, networkLocation: /default-rack, certSerialId: null} reports an CLOSED replica.
2019-10-17 19:46:59,217 [EventQueue-ContainerReportForContainerReportHandler] WARN  container.ContainerReportHandler (AbstractContainerReportHandler.java:updateContainerState(145)) - Container #1 is in OPEN state, but the datanode fa049fba-12b8-4e17-ac2d-38ea71bdd2ce{ip: 192.168.164.201, host: pr-hdds-1868-s6sc9-3720172378, networkLocation: /default-rack, certSerialId: null} reports an CLOSED replica.
2019-10-17 19:46:59,248 [EventQueue-ContainerReportForContainerReportHandler] WARN  container.ContainerReportHandler (AbstractContainerReportHandler.java:updateContainerState(145)) - Container #1 is in OPEN state, but the datanode 5fa7c213-d229-4dfb-b48e-377c0ca33348{ip: 192.168.164.201, host: pr-hdds-1868-s6sc9-3720172378, networkLocation: /default-rack, certSerialId: null} reports an CLOSED replica.
2019-10-17 19:46:59,548 [EventQueue-ContainerReportForContainerReportHandler] WARN  container.ContainerReportHandler (AbstractContainerReportHandler.java:updateContainerState(145)) - Container #1 is in OPEN state, but the datanode 5fa7c213-d229-4dfb-b48e-377c0ca33348{ip: 192.168.164.201, host: pr-hdds-1868-s6sc9-3720172378, networkLocation: /default-rack, certSerialId: null} reports an CLOSED replica.
2019-10-17 19:46:59,618 [EventQueue-ContainerReportForContainerReportHandler] WARN  container.ContainerReportHandler (AbstractContainerReportHandler.java:updateContainerState(145)) - Container #1 is in OPEN state, but the datanode fa049fba-12b8-4e17-ac2d-38ea71bdd2ce{ip: 192.168.164.201, host: pr-hdds-1868-s6sc9-3720172378, networkLocation: /default-rack, certSerialId: null} reports an CLOSED replica.
2019-10-17 19:46:59,683 [Thread-533] INFO  client.GrpcClientProtocolService (GrpcClientProtocolService.java:lambda$processClientRequest$0(278)) - Failed RaftClientRequest:client-30F7F12B0123->5fa7c213-d229-4dfb-b48e-377c0ca33348@group-4CC069B2961E, cid=16, seq=0, Watch-ALL_COMMITTED(6), Message:<EMPTY>, reply=RaftClientReply:client-30F7F12B0123->5fa7c213-d229-4dfb-b48e-377c0ca33348@group-4CC069B2961E, cid=16, FAILED org.apache.ratis.protocol.NotReplicatedException: Request with call Id 16 and log index 6 is not yet replicated to ALL_COMMITTED, logIndex=6, commits[5fa7c213-d229-4dfb-b48e-377c0ca33348:c10, 32a164c3-8bb9-4158-a4d7-ada9eb729037:c4, fa049fba-12b8-4e17-ac2d-38ea71bdd2ce:c10]
2019-10-17 19:46:59,848 [EventQueue-ContainerReportForContainerReportHandler] WARN  container.ContainerReportHandler (AbstractContainerReportHandler.java:updateContainerState(145)) - Container #1 is in OPEN state, but the datanode 5fa7c213-d229-4dfb-b48e-377c0ca33348{ip: 192.168.164.201, host: pr-hdds-1868-s6sc9-3720172378, networkLocation: /default-rack, certSerialId: null} reports an CLOSED replica.
2019-10-17 19:46:59,918 [EventQueue-ContainerReportForContainerReportHandler] WARN  container.ContainerReportHandler (AbstractContainerReportHandler.java:updateContainerState(145)) - Container #1 is in OPEN state, but the datanode fa049fba-12b8-4e17-ac2d-38ea71bdd2ce{ip: 192.168.164.201, host: pr-hdds-1868-s6sc9-3720172378, networkLocation: /default-rack, certSerialId: null} reports an CLOSED replica.
2019-10-17 19:46:59,923 [BlockDeletingService#2] WARN  background.BlockDeletingService (BlockDeletingService.java:isDeletionAllowed(187)) - Close Container log Index 6 is not replicated across allthe servers in the pipeline adc40928-88ac-46dc-94be-4cc069b2961e as the min replicated index is 4. Deletion is not allowed in this container yet.
2019-10-17 19:46:59,923 [BlockDeletingService#3] WARN  background.BlockDeletingService (BlockDeletingService.java:isDeletionAllowed(187)) - Close Container log Index 6 is not replicated across allthe servers in the pipeline adc40928-88ac-46dc-94be-4cc069b2961e as the min replicated index is 4. Deletion is not allowed in this container yet.
2019-10-17 19:47:00,148 [EventQueue-ContainerReportForContainerReportHandler] WARN  container.ContainerReportHandler (AbstractContainerReportHandler.java:updateContainerState(145)) - Container #1 is in OPEN state, but the datanode 5fa7c213-d229-4dfb-b48e-377c0ca33348{ip: 192.168.164.201, host: pr-hdds-1868-s6sc9-3720172378, networkLocation: /default-rack, certSerialId: null} reports an CLOSED replica.
2019-10-17 19:47:00,219 [EventQueue-ContainerReportForContainerReportHandler] WARN  container.ContainerReportHandler (AbstractContainerReportHandler.java:updateContainerState(145)) - Container #1 is in OPEN state, but the datanode fa049fba-12b8-4e17-ac2d-38ea71bdd2ce{ip: 192.168.164.201, host: pr-hdds-1868-s6sc9-3720172378, networkLocation: /default-rack, certSerialId: null} reports an CLOSED replica.
2019-10-17 19:47:00,349 [EventQueue-ContainerReportForContainerReportHandler] WARN  container.ContainerReportHandler (AbstractContainerReportHandler.java:updateContainerState(145)) - Container #1 is in OPEN state, but the datanode 5fa7c213-d229-4dfb-b48e-377c0ca33348{ip: 192.168.164.201, host: pr-hdds-1868-s6sc9-3720172378, networkLocation: /default-rack, certSerialId: null} reports an CLOSED replica.
2019-10-17 19:47:00,621 [EventQueue-ContainerReportForContainerReportHandler] WARN  container.ContainerReportHandler (AbstractContainerReportHandler.java:updateContainerState(145)) - Container #1 is in OPEN state, but the datanode fa049fba-12b8-4e17-ac2d-38ea71bdd2ce{ip: 192.168.164.201, host: pr-hdds-1868-s6sc9-3720172378, networkLocation: /default-rack, certSerialId: null} reports an CLOSED replica.
2019-10-17 19:47:00,648 [EventQueue-ContainerReportForContainerReportHandler] WARN  container.ContainerReportHandler (AbstractContainerReportHandler.java:updateContainerState(145)) - Container #1 is in OPEN state, but the datanode 5fa7c213-d229-4dfb-b48e-377c0ca33348{ip: 192.168.164.201, host: pr-hdds-1868-s6sc9-3720172378, networkLocation: /default-rack, certSerialId: null} reports an CLOSED replica.
2019-10-17 19:47:00,889 [java.util.concurrent.ThreadPoolExecutor$Worker@6214d2e6[State = -1, empty queue]] WARN  server.GrpcLogAppender (GrpcLogAppender.java:timeoutAppendRequest(209)) - 5fa7c213-d229-4dfb-b48e-377c0ca33348@group-4CC069B2961E->32a164c3-8bb9-4158-a4d7-ada9eb729037-GrpcLogAppender: appendEntries Timeout, request=5fa7c213-d229-4dfb-b48e-377c0ca33348->32a164c3-8bb9-4158-a4d7-ada9eb729037#39-t2, previous=(t:2, i:10), leaderCommit=10, initializing? false, entries: <empty>
2019-10-17 19:47:00,923 [EventQueue-ContainerReportForContainerReportHandler] WARN  container.ContainerReportHandler (AbstractContainerReportHandler.java:updateContainerState(145)) - Container #1 is in OPEN state, but the datanode fa049fba-12b8-4e17-ac2d-38ea71bdd2ce{ip: 192.168.164.201, host: pr-hdds-1868-s6sc9-3720172378, networkLocation: /default-rack, certSerialId: null} reports an CLOSED replica.
2019-10-17 19:47:00,927 [BlockDeletingService#2] WARN  background.BlockDeletingService (BlockDeletingService.java:isDeletionAllowed(187)) - Close Container log Index 6 is not replicated across allthe servers in the pipeline adc40928-88ac-46dc-94be-4cc069b2961e as the min replicated index is 4. Deletion is not allowed in this container yet.
2019-10-17 19:47:00,927 [BlockDeletingService#3] WARN  background.BlockDeletingService (BlockDeletingService.java:isDeletionAllowed(187)) - Close Container log Index 6 is not replicated across allthe servers in the pipeline adc40928-88ac-46dc-94be-4cc069b2961e as the min replicated index is 4. Deletion is not allowed in this container yet.
2019-10-17 19:47:00,951 [EventQueue-ContainerReportForContainerReportHandler] WARN  container.ContainerReportHandler (AbstractContainerReportHandler.java:updateContainerState(145)) - Container #1 is in OPEN state, but the datanode 5fa7c213-d229-4dfb-b48e-377c0ca33348{ip: 192.168.164.201, host: pr-hdds-1868-s6sc9-3720172378, networkLocation: /default-rack, certSerialId: null} reports an CLOSED replica.
2019-10-17 19:47:01,122 [EventQueue-ContainerReportForContainerReportHandler] WARN  container.ContainerReportHandler (AbstractContainerReportHandler.java:updateContainerState(145)) - Container #1 is in OPEN state, but the datanode fa049fba-12b8-4e17-ac2d-38ea71bdd2ce{ip: 192.168.164.201, host: pr-hdds-1868-s6sc9-3720172378, networkLocation: /default-rack, certSerialId: null} reports an CLOSED replica.
2019-10-17 19:47:01,252 [EventQueue-ContainerReportForContainerReportHandler] WARN  container.ContainerReportHandler (AbstractContainerReportHandler.java:updateContainerState(145)) - Container #1 is in OPEN state, but the datanode 5fa7c213-d229-4dfb-b48e-377c0ca33348{ip: 192.168.164.201, host: pr-hdds-1868-s6sc9-3720172378, networkLocation: /default-rack, certSerialId: null} reports an CLOSED replica.
2019-10-17 19:47:01,522 [EventQueue-ContainerReportForContainerReportHandler] WARN  container.ContainerReportHandler (AbstractContainerReportHandler.java:updateContainerState(145)) - Container #1 is in OPEN state, but the datanode fa049fba-12b8-4e17-ac2d-38ea71bdd2ce{ip: 192.168.164.201, host: pr-hdds-1868-s6sc9-3720172378, networkLocation: /default-rack, certSerialId: null} reports an CLOSED replica.
2019-10-17 19:47:01,551 [EventQueue-ContainerReportForContainerReportHandler] WARN  container.ContainerReportHandler (AbstractContainerReportHandler.java:updateContainerState(145)) - Container #1 is in OPEN state, but the datanode 5fa7c213-d229-4dfb-b48e-377c0ca33348{ip: 192.168.164.201, host: pr-hdds-1868-s6sc9-3720172378, networkLocation: /default-rack, certSerialId: null} reports an CLOSED replica.
2019-10-17 19:47:01,822 [EventQueue-ContainerReportForContainerReportHandler] WARN  container.ContainerReportHandler (AbstractContainerReportHandler.java:updateContainerState(145)) - Container #1 is in OPEN state, but the datanode fa049fba-12b8-4e17-ac2d-38ea71bdd2ce{ip: 192.168.164.201, host: pr-hdds-1868-s6sc9-3720172378, networkLocation: /default-rack, certSerialId: null} reports an CLOSED replica.
2019-10-17 19:47:01,852 [EventQueue-ContainerReportForContainerReportHandler] WARN  container.ContainerReportHandler (AbstractContainerReportHandler.java:updateContainerState(145)) - Container #1 is in OPEN state, but the datanode 5fa7c213-d229-4dfb-b48e-377c0ca33348{ip: 192.168.164.201, host: pr-hdds-1868-s6sc9-3720172378, networkLocation: /default-rack, certSerialId: null} reports an CLOSED replica.
2019-10-17 19:47:01,929 [BlockDeletingService#3] WARN  background.BlockDeletingService (BlockDeletingService.java:isDeletionAllowed(187)) - Close Container log Index 6 is not replicated across allthe servers in the pipeline adc40928-88ac-46dc-94be-4cc069b2961e as the min replicated index is 4. Deletion is not allowed in this container yet.
2019-10-17 19:47:01,929 [BlockDeletingService#2] WARN  background.BlockDeletingService (BlockDeletingService.java:isDeletionAllowed(187)) - Close Container log Index 6 is not replicated across allthe servers in the pipeline adc40928-88ac-46dc-94be-4cc069b2961e as the min replicated index is 4. Deletion is not allowed in this container yet.
2019-10-17 19:47:02,022 [EventQueue-ContainerReportForContainerReportHandler] WARN  container.ContainerReportHandler (AbstractContainerReportHandler.java:updateContainerState(145)) - Container #1 is in OPEN state, but the datanode fa049fba-12b8-4e17-ac2d-38ea71bdd2ce{ip: 192.168.164.201, host: pr-hdds-1868-s6sc9-3720172378, networkLocation: /default-rack, certSerialId: null} reports an CLOSED replica.
2019-10-17 19:47:02,152 [EventQueue-ContainerReportForContainerReportHandler] WARN  container.ContainerReportHandler (AbstractContainerReportHandler.java:updateContainerState(145)) - Container #1 is in OPEN state, but the datanode 5fa7c213-d229-4dfb-b48e-377c0ca33348{ip: 192.168.164.201, host: pr-hdds-1868-s6sc9-3720172378, networkLocation: /default-rack, certSerialId: null} reports an CLOSED replica.
2019-10-17 19:47:02,221 [EventQueue-ContainerReportForContainerReportHandler] WARN  container.ContainerReportHandler (AbstractContainerReportHandler.java:updateContainerState(145)) - Container #1 is in OPEN state, but the datanode fa049fba-12b8-4e17-ac2d-38ea71bdd2ce{ip: 192.168.164.201, host: pr-hdds-1868-s6sc9-3720172378, networkLocation: /default-rack, certSerialId: null} reports an CLOSED replica.
2019-10-17 19:47:02,352 [EventQueue-ContainerReportForContainerReportHandler] WARN  container.ContainerReportHandler (AbstractContainerReportHandler.java:updateContainerState(145)) - Container #1 is in OPEN state, but the datanode 5fa7c213-d229-4dfb-b48e-377c0ca33348{ip: 192.168.164.201, host: pr-hdds-1868-s6sc9-3720172378, networkLocation: /default-rack, certSerialId: null} reports an CLOSED replica.
2019-10-17 19:47:02,522 [EventQueue-ContainerReportForContainerReportHandler] WARN  container.ContainerReportHandler (AbstractContainerReportHandler.java:updateContainerState(145)) - Container #1 is in OPEN state, but the datanode fa049fba-12b8-4e17-ac2d-38ea71bdd2ce{ip: 192.168.164.201, host: pr-hdds-1868-s6sc9-3720172378, networkLocation: /default-rack, certSerialId: null} reports an CLOSED replica.
2019-10-17 19:47:02,752 [EventQueue-ContainerReportForContainerReportHandler] WARN  container.ContainerReportHandler (AbstractContainerReportHandler.java:updateContainerState(145)) - Container #1 is in OPEN state, but the datanode 5fa7c213-d229-4dfb-b48e-377c0ca33348{ip: 192.168.164.201, host: pr-hdds-1868-s6sc9-3720172378, networkLocation: /default-rack, certSerialId: null} reports an CLOSED replica.
2019-10-17 19:47:02,922 [EventQueue-ContainerReportForContainerReportHandler] WARN  container.ContainerReportHandler (AbstractContainerReportHandler.java:updateContainerState(145)) - Container #1 is in OPEN state, but the datanode fa049fba-12b8-4e17-ac2d-38ea71bdd2ce{ip: 192.168.164.201, host: pr-hdds-1868-s6sc9-3720172378, networkLocation: /default-rack, certSerialId: null} reports an CLOSED replica.
2019-10-17 19:47:02,931 [BlockDeletingService#2] WARN  background.BlockDeletingService (BlockDeletingService.java:isDeletionAllowed(187)) - Close Container log Index 6 is not replicated across allthe servers in the pipeline adc40928-88ac-46dc-94be-4cc069b2961e as the min replicated index is 4. Deletion is not allowed in this container yet.
2019-10-17 19:47:02,931 [BlockDeletingService#3] WARN  background.BlockDeletingService (BlockDeletingService.java:isDeletionAllowed(187)) - Close Container log Index 6 is not replicated across allthe servers in the pipeline adc40928-88ac-46dc-94be-4cc069b2961e as the min replicated index is 4. Deletion is not allowed in this container yet.
2019-10-17 19:47:03,053 [EventQueue-ContainerReportForContainerReportHandler] WARN  container.ContainerReportHandler (AbstractContainerReportHandler.java:updateContainerState(145)) - Container #1 is in OPEN state, but the datanode 5fa7c213-d229-4dfb-b48e-377c0ca33348{ip: 192.168.164.201, host: pr-hdds-1868-s6sc9-3720172378, networkLocation: /default-rack, certSerialId: null} reports an CLOSED replica.
2019-10-17 19:47:03,322 [EventQueue-ContainerReportForContainerReportHandler] WARN  container.ContainerReportHandler (AbstractContainerReportHandler.java:updateContainerState(145)) - Container #1 is in OPEN state, but the datanode fa049fba-12b8-4e17-ac2d-38ea71bdd2ce{ip: 192.168.164.201, host: pr-hdds-1868-s6sc9-3720172378, networkLocation: /default-rack, certSerialId: null} reports an CLOSED replica.
2019-10-17 19:47:03,353 [EventQueue-ContainerReportForContainerReportHandler] WARN  container.ContainerReportHandler (AbstractContainerReportHandler.java:updateContainerState(145)) - Container #1 is in OPEN state, but the datanode 5fa7c213-d229-4dfb-b48e-377c0ca33348{ip: 192.168.164.201, host: pr-hdds-1868-s6sc9-3720172378, networkLocation: /default-rack, certSerialId: null} reports an CLOSED replica.
2019-10-17 19:47:03,390 [java.util.concurrent.ThreadPoolExecutor$Worker@6214d2e6[State = -1, empty queue]] WARN  server.GrpcLogAppender (GrpcLogAppender.java:timeoutAppendRequest(209)) - 5fa7c213-d229-4dfb-b48e-377c0ca33348@group-4CC069B2961E->32a164c3-8bb9-4158-a4d7-ada9eb729037-GrpcLogAppender: appendEntries Timeout, request=5fa7c213-d229-4dfb-b48e-377c0ca33348->32a164c3-8bb9-4158-a4d7-ada9eb729037#40-t2, previous=(t:2, i:10), leaderCommit=10, initializing? false, entries: <empty>
2019-10-17 19:47:03,625 [EventQueue-ContainerReportForContainerReportHandler] WARN  container.ContainerReportHandler (AbstractContainerReportHandler.java:updateContainerState(145)) - Container #1 is in OPEN state, but the datanode fa049fba-12b8-4e17-ac2d-38ea71bdd2ce{ip: 192.168.164.201, host: pr-hdds-1868-s6sc9-3720172378, networkLocation: /default-rack, certSerialId: null} reports an CLOSED replica.
2019-10-17 19:47:03,653 [EventQueue-ContainerReportForContainerReportHandler] WARN  container.ContainerReportHandler (AbstractContainerReportHandler.java:updateContainerState(145)) - Container #1 is in OPEN state, but the datanode 5fa7c213-d229-4dfb-b48e-377c0ca33348{ip: 192.168.164.201, host: pr-hdds-1868-s6sc9-3720172378, networkLocation: /default-rack, certSerialId: null} reports an CLOSED replica.
2019-10-17 19:47:03,825 [EventQueue-ContainerReportForContainerReportHandler] WARN  container.ContainerReportHandler (AbstractContainerReportHandler.java:updateContainerState(145)) - Container #1 is in OPEN state, but the datanode fa049fba-12b8-4e17-ac2d-38ea71bdd2ce{ip: 192.168.164.201, host: pr-hdds-1868-s6sc9-3720172378, networkLocation: /default-rack, certSerialId: null} reports an CLOSED replica.
2019-10-17 19:47:03,933 [BlockDeletingService#2] WARN  background.BlockDeletingService (BlockDeletingService.java:isDeletionAllowed(187)) - Close Container log Index 6 is not replicated across allthe servers in the pipeline adc40928-88ac-46dc-94be-4cc069b2961e as the min replicated index is 4. Deletion is not allowed in this container yet.
2019-10-17 19:47:03,933 [BlockDeletingService#3] WARN  background.BlockDeletingService (BlockDeletingService.java:isDeletionAllowed(187)) - Close Container log Index 6 is not replicated across allthe servers in the pipeline adc40928-88ac-46dc-94be-4cc069b2961e as the min replicated index is 4. Deletion is not allowed in this container yet.
2019-10-17 19:47:04,055 [EventQueue-ContainerReportForContainerReportHandler] WARN  container.ContainerReportHandler (AbstractContainerReportHandler.java:updateContainerState(145)) - Container #1 is in OPEN state, but the datanode 5fa7c213-d229-4dfb-b48e-377c0ca33348{ip: 192.168.164.201, host: pr-hdds-1868-s6sc9-3720172378, networkLocation: /default-rack, certSerialId: null} reports an CLOSED replica.
2019-10-17 19:47:04,226 [EventQueue-ContainerReportForContainerReportHandler] WARN  container.ContainerReportHandler (AbstractContainerReportHandler.java:updateContainerState(145)) - Container #1 is in OPEN state, but the datanode fa049fba-12b8-4e17-ac2d-38ea71bdd2ce{ip: 192.168.164.201, host: pr-hdds-1868-s6sc9-3720172378, networkLocation: /default-rack, certSerialId: null} reports an CLOSED replica.
2019-10-17 19:47:04,357 [EventQueue-ContainerReportForContainerReportHandler] WARN  container.ContainerReportHandler (AbstractContainerReportHandler.java:updateContainerState(145)) - Container #1 is in OPEN state, but the datanode 5fa7c213-d229-4dfb-b48e-377c0ca33348{ip: 192.168.164.201, host: pr-hdds-1868-s6sc9-3720172378, networkLocation: /default-rack, certSerialId: null} reports an CLOSED replica.
2019-10-17 19:47:04,527 [EventQueue-ContainerReportForContainerReportHandler] WARN  container.ContainerReportHandler (AbstractContainerReportHandler.java:updateContainerState(145)) - Container #1 is in OPEN state, but the datanode fa049fba-12b8-4e17-ac2d-38ea71bdd2ce{ip: 192.168.164.201, host: pr-hdds-1868-s6sc9-3720172378, networkLocation: /default-rack, certSerialId: null} reports an CLOSED replica.
2019-10-17 19:47:04,658 [EventQueue-ContainerReportForContainerReportHandler] WARN  container.ContainerReportHandler (AbstractContainerReportHandler.java:updateContainerState(145)) - Container #1 is in OPEN state, but the datanode 5fa7c213-d229-4dfb-b48e-377c0ca33348{ip: 192.168.164.201, host: pr-hdds-1868-s6sc9-3720172378, networkLocation: /default-rack, certSerialId: null} reports an CLOSED replica.
2019-10-17 19:47:04,827 [EventQueue-ContainerReportForContainerReportHandler] WARN  container.ContainerReportHandler (AbstractContainerReportHandler.java:updateContainerState(145)) - Container #1 is in OPEN state, but the datanode fa049fba-12b8-4e17-ac2d-38ea71bdd2ce{ip: 192.168.164.201, host: pr-hdds-1868-s6sc9-3720172378, networkLocation: /default-rack, certSerialId: null} reports an CLOSED replica.
2019-10-17 19:47:04,935 [BlockDeletingService#2] WARN  background.BlockDeletingService (BlockDeletingService.java:isDeletionAllowed(187)) - Close Container log Index 6 is not replicated across allthe servers in the pipeline adc40928-88ac-46dc-94be-4cc069b2961e as the min replicated index is 4. Deletion is not allowed in this container yet.
2019-10-17 19:47:04,935 [BlockDeletingService#3] WARN  background.BlockDeletingService (BlockDeletingService.java:isDeletionAllowed(187)) - Close Container log Index 6 is not replicated across allthe servers in the pipeline adc40928-88ac-46dc-94be-4cc069b2961e as the min replicated index is 4. Deletion is not allowed in this container yet.
2019-10-17 19:47:04,958 [EventQueue-ContainerReportForContainerReportHandler] WARN  container.ContainerReportHandler (AbstractContainerReportHandler.java:updateContainerState(145)) - Container #1 is in OPEN state, but the datanode 5fa7c213-d229-4dfb-b48e-377c0ca33348{ip: 192.168.164.201, host: pr-hdds-1868-s6sc9-3720172378, networkLocation: /default-rack, certSerialId: null} reports an CLOSED replica.
2019-10-17 19:47:05,027 [EventQueue-ContainerReportForContainerReportHandler] WARN  container.ContainerReportHandler (AbstractContainerReportHandler.java:updateContainerState(145)) - Container #1 is in OPEN state, but the datanode fa049fba-12b8-4e17-ac2d-38ea71bdd2ce{ip: 192.168.164.201, host: pr-hdds-1868-s6sc9-3720172378, networkLocation: /default-rack, certSerialId: null} reports an CLOSED replica.
2019-10-17 19:47:05,158 [EventQueue-ContainerReportForContainerReportHandler] WARN  container.ContainerReportHandler (AbstractContainerReportHandler.java:updateContainerState(145)) - Container #1 is in OPEN state, but the datanode 5fa7c213-d229-4dfb-b48e-377c0ca33348{ip: 192.168.164.201, host: pr-hdds-1868-s6sc9-3720172378, networkLocation: /default-rack, certSerialId: null} reports an CLOSED replica.
2019-10-17 19:47:05,428 [EventQueue-ContainerReportForContainerReportHandler] WARN  container.ContainerReportHandler (AbstractContainerReportHandler.java:updateContainerState(145)) - Container #1 is in OPEN state, but the datanode fa049fba-12b8-4e17-ac2d-38ea71bdd2ce{ip: 192.168.164.201, host: pr-hdds-1868-s6sc9-3720172378, networkLocation: /default-rack, certSerialId: null} reports an CLOSED replica.
2019-10-17 19:47:05,457 [EventQueue-ContainerReportForContainerReportHandler] WARN  container.ContainerReportHandler (AbstractContainerReportHandler.java:updateContainerState(145)) - Container #1 is in OPEN state, but the datanode 5fa7c213-d229-4dfb-b48e-377c0ca33348{ip: 192.168.164.201, host: pr-hdds-1868-s6sc9-3720172378, networkLocation: /default-rack, certSerialId: null} reports an CLOSED replica.
2019-10-17 19:47:05,728 [EventQueue-ContainerReportForContainerReportHandler] WARN  container.ContainerReportHandler (AbstractContainerReportHandler.java:updateContainerState(145)) - Container #1 is in OPEN state, but the datanode fa049fba-12b8-4e17-ac2d-38ea71bdd2ce{ip: 192.168.164.201, host: pr-hdds-1868-s6sc9-3720172378, networkLocation: /default-rack, certSerialId: null} reports an CLOSED replica.
2019-10-17 19:47:05,759 [EventQueue-ContainerReportForContainerReportHandler] WARN  container.ContainerReportHandler (AbstractContainerReportHandler.java:updateContainerState(145)) - Container #1 is in OPEN state, but the datanode 5fa7c213-d229-4dfb-b48e-377c0ca33348{ip: 192.168.164.201, host: pr-hdds-1868-s6sc9-3720172378, networkLocation: /default-rack, certSerialId: null} reports an CLOSED replica.
2019-10-17 19:47:05,892 [java.util.concurrent.ThreadPoolExecutor$Worker@6214d2e6[State = -1, empty queue]] WARN  server.GrpcLogAppender (GrpcLogAppender.java:timeoutAppendRequest(209)) - 5fa7c213-d229-4dfb-b48e-377c0ca33348@group-4CC069B2961E->32a164c3-8bb9-4158-a4d7-ada9eb729037-GrpcLogAppender: appendEntries Timeout, request=5fa7c213-d229-4dfb-b48e-377c0ca33348->32a164c3-8bb9-4158-a4d7-ada9eb729037#41-t2, previous=(t:2, i:10), leaderCommit=10, initializing? false, entries: <empty>
2019-10-17 19:47:05,937 [BlockDeletingService#2] WARN  background.BlockDeletingService (BlockDeletingService.java:isDeletionAllowed(187)) - Close Container log Index 6 is not replicated across allthe servers in the pipeline adc40928-88ac-46dc-94be-4cc069b2961e as the min replicated index is 4. Deletion is not allowed in this container yet.
2019-10-17 19:47:05,938 [BlockDeletingService#3] WARN  background.BlockDeletingService (BlockDeletingService.java:isDeletionAllowed(187)) - Close Container log Index 6 is not replicated across allthe servers in the pipeline adc40928-88ac-46dc-94be-4cc069b2961e as the min replicated index is 4. Deletion is not allowed in this container yet.
2019-10-17 19:47:06,028 [EventQueue-ContainerReportForContainerReportHandler] WARN  container.ContainerReportHandler (AbstractContainerReportHandler.java:updateContainerState(145)) - Container #1 is in OPEN state, but the datanode fa049fba-12b8-4e17-ac2d-38ea71bdd2ce{ip: 192.168.164.201, host: pr-hdds-1868-s6sc9-3720172378, networkLocation: /default-rack, certSerialId: null} reports an CLOSED replica.
2019-10-17 19:47:06,159 [EventQueue-ContainerReportForContainerReportHandler] WARN  container.ContainerReportHandler (AbstractContainerReportHandler.java:updateContainerState(145)) - Container #1 is in OPEN state, but the datanode 5fa7c213-d229-4dfb-b48e-377c0ca33348{ip: 192.168.164.201, host: pr-hdds-1868-s6sc9-3720172378, networkLocation: /default-rack, certSerialId: null} reports an CLOSED replica.
2019-10-17 19:47:06,327 [EventQueue-ContainerReportForContainerReportHandler] WARN  container.ContainerReportHandler (AbstractContainerReportHandler.java:updateContainerState(145)) - Container #1 is in OPEN state, but the datanode fa049fba-12b8-4e17-ac2d-38ea71bdd2ce{ip: 192.168.164.201, host: pr-hdds-1868-s6sc9-3720172378, networkLocation: /default-rack, certSerialId: null} reports an CLOSED replica.
2019-10-17 19:47:06,460 [EventQueue-ContainerReportForContainerReportHandler] WARN  container.ContainerReportHandler (AbstractContainerReportHandler.java:updateContainerState(145)) - Container #1 is in OPEN state, but the datanode 5fa7c213-d229-4dfb-b48e-377c0ca33348{ip: 192.168.164.201, host: pr-hdds-1868-s6sc9-3720172378, networkLocation: /default-rack, certSerialId: null} reports an CLOSED replica.
2019-10-17 19:47:06,627 [EventQueue-ContainerReportForContainerReportHandler] WARN  container.ContainerReportHandler (AbstractContainerReportHandler.java:updateContainerState(145)) - Container #1 is in OPEN state, but the datanode fa049fba-12b8-4e17-ac2d-38ea71bdd2ce{ip: 192.168.164.201, host: pr-hdds-1868-s6sc9-3720172378, networkLocation: /default-rack, certSerialId: null} reports an CLOSED replica.
2019-10-17 19:47:06,760 [EventQueue-ContainerReportForContainerReportHandler] WARN  container.ContainerReportHandler (AbstractContainerReportHandler.java:updateContainerState(145)) - Container #1 is in OPEN state, but the datanode 5fa7c213-d229-4dfb-b48e-377c0ca33348{ip: 192.168.164.201, host: pr-hdds-1868-s6sc9-3720172378, networkLocation: /default-rack, certSerialId: null} reports an CLOSED replica.
2019-10-17 19:47:06,927 [EventQueue-ContainerReportForContainerReportHandler] WARN  container.ContainerReportHandler (AbstractContainerReportHandler.java:updateContainerState(145)) - Container #1 is in OPEN state, but the datanode fa049fba-12b8-4e17-ac2d-38ea71bdd2ce{ip: 192.168.164.201, host: pr-hdds-1868-s6sc9-3720172378, networkLocation: /default-rack, certSerialId: null} reports an CLOSED replica.
2019-10-17 19:47:06,938 [BlockDeletingService#2] WARN  background.BlockDeletingService (BlockDeletingService.java:isDeletionAllowed(187)) - Close Container log Index 6 is not replicated across allthe servers in the pipeline adc40928-88ac-46dc-94be-4cc069b2961e as the min replicated index is 4. Deletion is not allowed in this container yet.
2019-10-17 19:47:06,939 [BlockDeletingService#3] WARN  background.BlockDeletingService (BlockDeletingService.java:isDeletionAllowed(187)) - Close Container log Index 6 is not replicated across allthe servers in the pipeline adc40928-88ac-46dc-94be-4cc069b2961e as the min replicated index is 4. Deletion is not allowed in this container yet.
2019-10-17 19:47:07,159 [EventQueue-ContainerReportForContainerReportHandler] WARN  container.ContainerReportHandler (AbstractContainerReportHandler.java:updateContainerState(145)) - Container #1 is in OPEN state, but the datanode 5fa7c213-d229-4dfb-b48e-377c0ca33348{ip: 192.168.164.201, host: pr-hdds-1868-s6sc9-3720172378, networkLocation: /default-rack, certSerialId: null} reports an CLOSED replica.
2019-10-17 19:47:07,328 [EventQueue-ContainerReportForContainerReportHandler] WARN  container.ContainerReportHandler (AbstractContainerReportHandler.java:updateContainerState(145)) - Container #1 is in OPEN state, but the datanode fa049fba-12b8-4e17-ac2d-38ea71bdd2ce{ip: 192.168.164.201, host: pr-hdds-1868-s6sc9-3720172378, networkLocation: /default-rack, certSerialId: null} reports an CLOSED replica.
2019-10-17 19:47:07,560 [EventQueue-ContainerReportForContainerReportHandler] WARN  container.ContainerReportHandler (AbstractContainerReportHandler.java:updateContainerState(145)) - Container #1 is in OPEN state, but the datanode 5fa7c213-d229-4dfb-b48e-377c0ca33348{ip: 192.168.164.201, host: pr-hdds-1868-s6sc9-3720172378, networkLocation: /default-rack, certSerialId: null} reports an CLOSED replica.
2019-10-17 19:47:07,630 [EventQueue-ContainerReportForContainerReportHandler] WARN  container.ContainerReportHandler (AbstractContainerReportHandler.java:updateContainerState(145)) - Container #1 is in OPEN state, but the datanode fa049fba-12b8-4e17-ac2d-38ea71bdd2ce{ip: 192.168.164.201, host: pr-hdds-1868-s6sc9-3720172378, networkLocation: /default-rack, certSerialId: null} reports an CLOSED replica.
2019-10-17 19:47:07,760 [EventQueue-ContainerReportForContainerReportHandler] WARN  container.ContainerReportHandler (AbstractContainerReportHandler.java:updateContainerState(145)) - Container #1 is in OPEN state, but the datanode 5fa7c213-d229-4dfb-b48e-377c0ca33348{ip: 192.168.164.201, host: pr-hdds-1868-s6sc9-3720172378, networkLocation: /default-rack, certSerialId: null} reports an CLOSED replica.
2019-10-17 19:47:07,831 [EventQueue-ContainerReportForContainerReportHandler] WARN  container.ContainerReportHandler (AbstractContainerReportHandler.java:updateContainerState(145)) - Container #1 is in OPEN state, but the datanode fa049fba-12b8-4e17-ac2d-38ea71bdd2ce{ip: 192.168.164.201, host: pr-hdds-1868-s6sc9-3720172378, networkLocation: /default-rack, certSerialId: null} reports an CLOSED replica.
2019-10-17 19:47:07,941 [BlockDeletingService#2] WARN  background.BlockDeletingService (BlockDeletingService.java:isDeletionAllowed(187)) - Close Container log Index 6 is not replicated across allthe servers in the pipeline adc40928-88ac-46dc-94be-4cc069b2961e as the min replicated index is 4. Deletion is not allowed in this container yet.
2019-10-17 19:47:07,941 [BlockDeletingService#3] WARN  background.BlockDeletingService (BlockDeletingService.java:isDeletionAllowed(187)) - Close Container log Index 6 is not replicated across allthe servers in the pipeline adc40928-88ac-46dc-94be-4cc069b2961e as the min replicated index is 4. Deletion is not allowed in this container yet.
2019-10-17 19:47:08,130 [EventQueue-ContainerReportForContainerReportHandler] WARN  container.ContainerReportHandler (AbstractContainerReportHandler.java:updateContainerState(145)) - Container #1 is in OPEN state, but the datanode fa049fba-12b8-4e17-ac2d-38ea71bdd2ce{ip: 192.168.164.201, host: pr-hdds-1868-s6sc9-3720172378, networkLocation: /default-rack, certSerialId: null} reports an CLOSED replica.
2019-10-17 19:47:08,161 [EventQueue-ContainerReportForContainerReportHandler] WARN  container.ContainerReportHandler (AbstractContainerReportHandler.java:updateContainerState(145)) - Container #1 is in OPEN state, but the datanode 5fa7c213-d229-4dfb-b48e-377c0ca33348{ip: 192.168.164.201, host: pr-hdds-1868-s6sc9-3720172378, networkLocation: /default-rack, certSerialId: null} reports an CLOSED replica.
2019-10-17 19:47:08,393 [java.util.concurrent.ThreadPoolExecutor$Worker@6214d2e6[State = -1, empty queue]] WARN  server.GrpcLogAppender (GrpcLogAppender.java:timeoutAppendRequest(209)) - 5fa7c213-d229-4dfb-b48e-377c0ca33348@group-4CC069B2961E->32a164c3-8bb9-4158-a4d7-ada9eb729037-GrpcLogAppender: appendEntries Timeout, request=5fa7c213-d229-4dfb-b48e-377c0ca33348->32a164c3-8bb9-4158-a4d7-ada9eb729037#42-t2, previous=(t:2, i:10), leaderCommit=10, initializing? false, entries: <empty>
2019-10-17 19:47:08,462 [EventQueue-ContainerReportForContainerReportHandler] WARN  container.ContainerReportHandler (AbstractContainerReportHandler.java:updateContainerState(145)) - Container #1 is in OPEN state, but the datanode 5fa7c213-d229-4dfb-b48e-377c0ca33348{ip: 192.168.164.201, host: pr-hdds-1868-s6sc9-3720172378, networkLocation: /default-rack, certSerialId: null} reports an CLOSED replica.
2019-10-17 19:47:08,530 [EventQueue-ContainerReportForContainerReportHandler] WARN  container.ContainerReportHandler (AbstractContainerReportHandler.java:updateContainerState(145)) - Container #1 is in OPEN state, but the datanode fa049fba-12b8-4e17-ac2d-38ea71bdd2ce{ip: 192.168.164.201, host: pr-hdds-1868-s6sc9-3720172378, networkLocation: /default-rack, certSerialId: null} reports an CLOSED replica.
2019-10-17 19:47:08,662 [EventQueue-ContainerReportForContainerReportHandler] WARN  container.ContainerReportHandler (AbstractContainerReportHandler.java:updateContainerState(145)) - Container #1 is in OPEN state, but the datanode 5fa7c213-d229-4dfb-b48e-377c0ca33348{ip: 192.168.164.201, host: pr-hdds-1868-s6sc9-3720172378, networkLocation: /default-rack, certSerialId: null} reports an CLOSED replica.
2019-10-17 19:47:08,831 [EventQueue-ContainerReportForContainerReportHandler] WARN  container.ContainerReportHandler (AbstractContainerReportHandler.java:updateContainerState(145)) - Container #1 is in OPEN state, but the datanode fa049fba-12b8-4e17-ac2d-38ea71bdd2ce{ip: 192.168.164.201, host: pr-hdds-1868-s6sc9-3720172378, networkLocation: /default-rack, certSerialId: null} reports an CLOSED replica.
2019-10-17 19:47:08,943 [BlockDeletingService#2] WARN  background.BlockDeletingService (BlockDeletingService.java:isDeletionAllowed(187)) - Close Container log Index 6 is not replicated across allthe servers in the pipeline adc40928-88ac-46dc-94be-4cc069b2961e as the min replicated index is 4. Deletion is not allowed in this container yet.
2019-10-17 19:47:08,943 [BlockDeletingService#3] WARN  background.BlockDeletingService (BlockDeletingService.java:isDeletionAllowed(187)) - Close Container log Index 6 is not replicated across allthe servers in the pipeline adc40928-88ac-46dc-94be-4cc069b2961e as the min replicated index is 4. Deletion is not allowed in this container yet.
2019-10-17 19:47:09,003 [Thread-562] INFO  client.GrpcClientProtocolService (GrpcClientProtocolService.java:lambda$processClientRequest$0(278)) - Failed RaftClientRequest:client-30F7F12B0123->fa049fba-12b8-4e17-ac2d-38ea71bdd2ce@group-4CC069B2961E, cid=16, seq=0, Watch-ALL_COMMITTED(6), Message:<EMPTY>, reply=RaftClientReply:client-30F7F12B0123->fa049fba-12b8-4e17-ac2d-38ea71bdd2ce@group-4CC069B2961E, cid=16, FAILED org.apache.ratis.protocol.NotLeaderException: Server fa049fba-12b8-4e17-ac2d-38ea71bdd2ce@group-4CC069B2961E is not the leader 5fa7c213-d229-4dfb-b48e-377c0ca33348:192.168.164.201:37765, logIndex=0, commits[fa049fba-12b8-4e17-ac2d-38ea71bdd2ce:c10, 32a164c3-8bb9-4158-a4d7-ada9eb729037:c4, 5fa7c213-d229-4dfb-b48e-377c0ca33348:c10]
2019-10-17 19:47:09,030 [EventQueue-ContainerReportForContainerReportHandler] WARN  container.ContainerReportHandler (AbstractContainerReportHandler.java:updateContainerState(145)) - Container #1 is in OPEN state, but the datanode fa049fba-12b8-4e17-ac2d-38ea71bdd2ce{ip: 192.168.164.201, host: pr-hdds-1868-s6sc9-3720172378, networkLocation: /default-rack, certSerialId: null} reports an CLOSED replica.
2019-10-17 19:47:09,063 [EventQueue-ContainerReportForContainerReportHandler] WARN  container.ContainerReportHandler (AbstractContainerReportHandler.java:updateContainerState(145)) - Container #1 is in OPEN state, but the datanode 5fa7c213-d229-4dfb-b48e-377c0ca33348{ip: 192.168.164.201, host: pr-hdds-1868-s6sc9-3720172378, networkLocation: /default-rack, certSerialId: null} reports an CLOSED replica.
2019-10-17 19:47:09,330 [EventQueue-ContainerReportForContainerReportHandler] WARN  container.ContainerReportHandler (AbstractContainerReportHandler.java:updateContainerState(145)) - Container #1 is in OPEN state, but the datanode fa049fba-12b8-4e17-ac2d-38ea71bdd2ce{ip: 192.168.164.201, host: pr-hdds-1868-s6sc9-3720172378, networkLocation: /default-rack, certSerialId: null} reports an CLOSED replica.
2019-10-17 19:47:09,363 [EventQueue-ContainerReportForContainerReportHandler] WARN  container.ContainerReportHandler (AbstractContainerReportHandler.java:updateContainerState(145)) - Container #1 is in OPEN state, but the datanode 5fa7c213-d229-4dfb-b48e-377c0ca33348{ip: 192.168.164.201, host: pr-hdds-1868-s6sc9-3720172378, networkLocation: /default-rack, certSerialId: null} reports an CLOSED replica.
2019-10-17 19:47:09,634 [EventQueue-ContainerReportForContainerReportHandler] WARN  container.ContainerReportHandler (AbstractContainerReportHandler.java:updateContainerState(145)) - Container #1 is in OPEN state, but the datanode fa049fba-12b8-4e17-ac2d-38ea71bdd2ce{ip: 192.168.164.201, host: pr-hdds-1868-s6sc9-3720172378, networkLocation: /default-rack, certSerialId: null} reports an CLOSED replica.
2019-10-17 19:47:09,663 [EventQueue-ContainerReportForContainerReportHandler] WARN  container.ContainerReportHandler (AbstractContainerReportHandler.java:updateContainerState(145)) - Container #1 is in OPEN state, but the datanode 5fa7c213-d229-4dfb-b48e-377c0ca33348{ip: 192.168.164.201, host: pr-hdds-1868-s6sc9-3720172378, networkLocation: /default-rack, certSerialId: null} reports an CLOSED replica.
2019-10-17 19:47:09,683 [Thread-565] INFO  client.GrpcClientProtocolService (GrpcClientProtocolService.java:lambda$processClientRequest$0(278)) - Failed RaftClientRequest:client-30F7F12B0123->5fa7c213-d229-4dfb-b48e-377c0ca33348@group-4CC069B2961E, cid=16, seq=0, Watch-ALL_COMMITTED(6), Message:<EMPTY>, reply=RaftClientReply:client-30F7F12B0123->5fa7c213-d229-4dfb-b48e-377c0ca33348@group-4CC069B2961E, cid=16, FAILED org.apache.ratis.protocol.NotReplicatedException: Request with call Id 16 and log index 6 is not yet replicated to ALL_COMMITTED, logIndex=6, commits[5fa7c213-d229-4dfb-b48e-377c0ca33348:c10, 32a164c3-8bb9-4158-a4d7-ada9eb729037:c4, fa049fba-12b8-4e17-ac2d-38ea71bdd2ce:c10]
2019-10-17 19:47:09,834 [EventQueue-ContainerReportForContainerReportHandler] WARN  container.ContainerReportHandler (AbstractContainerReportHandler.java:updateContainerState(145)) - Container #1 is in OPEN state, but the datanode fa049fba-12b8-4e17-ac2d-38ea71bdd2ce{ip: 192.168.164.201, host: pr-hdds-1868-s6sc9-3720172378, networkLocation: /default-rack, certSerialId: null} reports an CLOSED replica.
2019-10-17 19:47:09,945 [BlockDeletingService#2] WARN  background.BlockDeletingService (BlockDeletingService.java:isDeletionAllowed(187)) - Close Container log Index 6 is not replicated across allthe servers in the pipeline adc40928-88ac-46dc-94be-4cc069b2961e as the min replicated index is 4. Deletion is not allowed in this container yet.
2019-10-17 19:47:09,947 [BlockDeletingService#3] WARN  background.BlockDeletingService (BlockDeletingService.java:isDeletionAllowed(187)) - Close Container log Index 6 is not replicated across allthe servers in the pipeline adc40928-88ac-46dc-94be-4cc069b2961e as the min replicated index is 4. Deletion is not allowed in this container yet.
2019-10-17 19:47:09,963 [EventQueue-ContainerReportForContainerReportHandler] WARN  container.ContainerReportHandler (AbstractContainerReportHandler.java:updateContainerState(145)) - Container #1 is in OPEN state, but the datanode 5fa7c213-d229-4dfb-b48e-377c0ca33348{ip: 192.168.164.201, host: pr-hdds-1868-s6sc9-3720172378, networkLocation: /default-rack, certSerialId: null} reports an CLOSED replica.
2019-10-17 19:47:10,134 [EventQueue-ContainerReportForContainerReportHandler] WARN  container.ContainerReportHandler (AbstractContainerReportHandler.java:updateContainerState(145)) - Container #1 is in OPEN state, but the datanode fa049fba-12b8-4e17-ac2d-38ea71bdd2ce{ip: 192.168.164.201, host: pr-hdds-1868-s6sc9-3720172378, networkLocation: /default-rack, certSerialId: null} reports an CLOSED replica.
2019-10-17 19:47:10,162 [EventQueue-ContainerReportForContainerReportHandler] WARN  container.ContainerReportHandler (AbstractContainerReportHandler.java:updateContainerState(145)) - Container #1 is in OPEN state, but the datanode 5fa7c213-d229-4dfb-b48e-377c0ca33348{ip: 192.168.164.201, host: pr-hdds-1868-s6sc9-3720172378, networkLocation: /default-rack, certSerialId: null} reports an CLOSED replica.
2019-10-17 19:47:10,434 [EventQueue-ContainerReportForContainerReportHandler] WARN  container.ContainerReportHandler (AbstractContainerReportHandler.java:updateContainerState(145)) - Container #1 is in OPEN state, but the datanode fa049fba-12b8-4e17-ac2d-38ea71bdd2ce{ip: 192.168.164.201, host: pr-hdds-1868-s6sc9-3720172378, networkLocation: /default-rack, certSerialId: null} reports an CLOSED replica.
2019-10-17 19:47:10,463 [EventQueue-ContainerReportForContainerReportHandler] WARN  container.ContainerReportHandler (AbstractContainerReportHandler.java:updateContainerState(145)) - Container #1 is in OPEN state, but the datanode 5fa7c213-d229-4dfb-b48e-377c0ca33348{ip: 192.168.164.201, host: pr-hdds-1868-s6sc9-3720172378, networkLocation: /default-rack, certSerialId: null} reports an CLOSED replica.
2019-10-17 19:47:10,733 [EventQueue-ContainerReportForContainerReportHandler] WARN  container.ContainerReportHandler (AbstractContainerReportHandler.java:updateContainerState(145)) - Container #1 is in OPEN state, but the datanode fa049fba-12b8-4e17-ac2d-38ea71bdd2ce{ip: 192.168.164.201, host: pr-hdds-1868-s6sc9-3720172378, networkLocation: /default-rack, certSerialId: null} reports an CLOSED replica.
2019-10-17 19:47:10,864 [EventQueue-ContainerReportForContainerReportHandler] WARN  container.ContainerReportHandler (AbstractContainerReportHandler.java:updateContainerState(145)) - Container #1 is in OPEN state, but the datanode 5fa7c213-d229-4dfb-b48e-377c0ca33348{ip: 192.168.164.201, host: pr-hdds-1868-s6sc9-3720172378, networkLocation: /default-rack, certSerialId: null} reports an CLOSED replica.
2019-10-17 19:47:10,895 [java.util.concurrent.ThreadPoolExecutor$Worker@6214d2e6[State = -1, empty queue]] WARN  server.GrpcLogAppender (GrpcLogAppender.java:timeoutAppendRequest(209)) - 5fa7c213-d229-4dfb-b48e-377c0ca33348@group-4CC069B2961E->32a164c3-8bb9-4158-a4d7-ada9eb729037-GrpcLogAppender: appendEntries Timeout, request=5fa7c213-d229-4dfb-b48e-377c0ca33348->32a164c3-8bb9-4158-a4d7-ada9eb729037#43-t2, previous=(t:2, i:10), leaderCommit=10, initializing? false, entries: <empty>
2019-10-17 19:47:10,933 [EventQueue-ContainerReportForContainerReportHandler] WARN  container.ContainerReportHandler (AbstractContainerReportHandler.java:updateContainerState(145)) - Container #1 is in OPEN state, but the datanode fa049fba-12b8-4e17-ac2d-38ea71bdd2ce{ip: 192.168.164.201, host: pr-hdds-1868-s6sc9-3720172378, networkLocation: /default-rack, certSerialId: null} reports an CLOSED replica.
2019-10-17 19:47:10,948 [BlockDeletingService#2] WARN  background.BlockDeletingService (BlockDeletingService.java:isDeletionAllowed(187)) - Close Container log Index 6 is not replicated across allthe servers in the pipeline adc40928-88ac-46dc-94be-4cc069b2961e as the min replicated index is 4. Deletion is not allowed in this container yet.
2019-10-17 19:47:10,948 [BlockDeletingService#3] WARN  background.BlockDeletingService (BlockDeletingService.java:isDeletionAllowed(187)) - Close Container log Index 6 is not replicated across allthe servers in the pipeline adc40928-88ac-46dc-94be-4cc069b2961e as the min replicated index is 4. Deletion is not allowed in this container yet.
2019-10-17 19:47:11,163 [EventQueue-ContainerReportForContainerReportHandler] WARN  container.ContainerReportHandler (AbstractContainerReportHandler.java:updateContainerState(145)) - Container #1 is in OPEN state, but the datanode 5fa7c213-d229-4dfb-b48e-377c0ca33348{ip: 192.168.164.201, host: pr-hdds-1868-s6sc9-3720172378, networkLocation: /default-rack, certSerialId: null} reports an CLOSED replica.
2019-10-17 19:47:11,235 [EventQueue-ContainerReportForContainerReportHandler] WARN  container.ContainerReportHandler (AbstractContainerReportHandler.java:updateContainerState(145)) - Container #1 is in OPEN state, but the datanode fa049fba-12b8-4e17-ac2d-38ea71bdd2ce{ip: 192.168.164.201, host: pr-hdds-1868-s6sc9-3720172378, networkLocation: /default-rack, certSerialId: null} reports an CLOSED replica.
2019-10-17 19:47:11,464 [EventQueue-ContainerReportForContainerReportHandler] WARN  container.ContainerReportHandler (AbstractContainerReportHandler.java:updateContainerState(145)) - Container #1 is in OPEN state, but the datanode 5fa7c213-d229-4dfb-b48e-377c0ca33348{ip: 192.168.164.201, host: pr-hdds-1868-s6sc9-3720172378, networkLocation: /default-rack, certSerialId: null} reports an CLOSED replica.
2019-10-17 19:47:11,635 [EventQueue-ContainerReportForContainerReportHandler] WARN  container.ContainerReportHandler (AbstractContainerReportHandler.java:updateContainerState(145)) - Container #1 is in OPEN state, but the datanode fa049fba-12b8-4e17-ac2d-38ea71bdd2ce{ip: 192.168.164.201, host: pr-hdds-1868-s6sc9-3720172378, networkLocation: /default-rack, certSerialId: null} reports an CLOSED replica.
2019-10-17 19:47:11,835 [EventQueue-ContainerReportForContainerReportHandler] WARN  container.ContainerReportHandler (AbstractContainerReportHandler.java:updateContainerState(145)) - Container #1 is in OPEN state, but the datanode fa049fba-12b8-4e17-ac2d-38ea71bdd2ce{ip: 192.168.164.201, host: pr-hdds-1868-s6sc9-3720172378, networkLocation: /default-rack, certSerialId: null} reports an CLOSED replica.
2019-10-17 19:47:11,863 [EventQueue-ContainerReportForContainerReportHandler] WARN  container.ContainerReportHandler (AbstractContainerReportHandler.java:updateContainerState(145)) - Container #1 is in OPEN state, but the datanode 5fa7c213-d229-4dfb-b48e-377c0ca33348{ip: 192.168.164.201, host: pr-hdds-1868-s6sc9-3720172378, networkLocation: /default-rack, certSerialId: null} reports an CLOSED replica.
2019-10-17 19:47:11,949 [BlockDeletingService#2] WARN  background.BlockDeletingService (BlockDeletingService.java:isDeletionAllowed(187)) - Close Container log Index 6 is not replicated across allthe servers in the pipeline adc40928-88ac-46dc-94be-4cc069b2961e as the min replicated index is 4. Deletion is not allowed in this container yet.
2019-10-17 19:47:11,949 [BlockDeletingService#3] WARN  background.BlockDeletingService (BlockDeletingService.java:isDeletionAllowed(187)) - Close Container log Index 6 is not replicated across allthe servers in the pipeline adc40928-88ac-46dc-94be-4cc069b2961e as the min replicated index is 4. Deletion is not allowed in this container yet.
2019-10-17 19:47:12,035 [EventQueue-ContainerReportForContainerReportHandler] WARN  container.ContainerReportHandler (AbstractContainerReportHandler.java:updateContainerState(145)) - Container #1 is in OPEN state, but the datanode fa049fba-12b8-4e17-ac2d-38ea71bdd2ce{ip: 192.168.164.201, host: pr-hdds-1868-s6sc9-3720172378, networkLocation: /default-rack, certSerialId: null} reports an CLOSED replica.
2019-10-17 19:47:12,063 [EventQueue-ContainerReportForContainerReportHandler] WARN  container.ContainerReportHandler (AbstractContainerReportHandler.java:updateContainerState(145)) - Container #1 is in OPEN state, but the datanode 5fa7c213-d229-4dfb-b48e-377c0ca33348{ip: 192.168.164.201, host: pr-hdds-1868-s6sc9-3720172378, networkLocation: /default-rack, certSerialId: null} reports an CLOSED replica.
2019-10-17 19:47:12,336 [EventQueue-ContainerReportForContainerReportHandler] WARN  container.ContainerReportHandler (AbstractContainerReportHandler.java:updateContainerState(145)) - Container #1 is in OPEN state, but the datanode fa049fba-12b8-4e17-ac2d-38ea71bdd2ce{ip: 192.168.164.201, host: pr-hdds-1868-s6sc9-3720172378, networkLocation: /default-rack, certSerialId: null} reports an CLOSED replica.
2019-10-17 19:47:12,465 [EventQueue-ContainerReportForContainerReportHandler] WARN  container.ContainerReportHandler (AbstractContainerReportHandler.java:updateContainerState(145)) - Container #1 is in OPEN state, but the datanode 5fa7c213-d229-4dfb-b48e-377c0ca33348{ip: 192.168.164.201, host: pr-hdds-1868-s6sc9-3720172378, networkLocation: /default-rack, certSerialId: null} reports an CLOSED replica.
2019-10-17 19:47:12,536 [EventQueue-ContainerReportForContainerReportHandler] WARN  container.ContainerReportHandler (AbstractContainerReportHandler.java:updateContainerState(145)) - Container #1 is in OPEN state, but the datanode fa049fba-12b8-4e17-ac2d-38ea71bdd2ce{ip: 192.168.164.201, host: pr-hdds-1868-s6sc9-3720172378, networkLocation: /default-rack, certSerialId: null} reports an CLOSED replica.
2019-10-17 19:47:12,737 [EventQueue-ContainerReportForContainerReportHandler] WARN  container.ContainerReportHandler (AbstractContainerReportHandler.java:updateContainerState(145)) - Container #1 is in OPEN state, but the datanode fa049fba-12b8-4e17-ac2d-38ea71bdd2ce{ip: 192.168.164.201, host: pr-hdds-1868-s6sc9-3720172378, networkLocation: /default-rack, certSerialId: null} reports an CLOSED replica.
2019-10-17 19:47:12,767 [EventQueue-ContainerReportForContainerReportHandler] WARN  container.ContainerReportHandler (AbstractContainerReportHandler.java:updateContainerState(145)) - Container #1 is in OPEN state, but the datanode 5fa7c213-d229-4dfb-b48e-377c0ca33348{ip: 192.168.164.201, host: pr-hdds-1868-s6sc9-3720172378, networkLocation: /default-rack, certSerialId: null} reports an CLOSED replica.
2019-10-17 19:47:12,937 [EventQueue-ContainerReportForContainerReportHandler] WARN  container.ContainerReportHandler (AbstractContainerReportHandler.java:updateContainerState(145)) - Container #1 is in OPEN state, but the datanode fa049fba-12b8-4e17-ac2d-38ea71bdd2ce{ip: 192.168.164.201, host: pr-hdds-1868-s6sc9-3720172378, networkLocation: /default-rack, certSerialId: null} reports an CLOSED replica.
2019-10-17 19:47:12,951 [BlockDeletingService#2] WARN  background.BlockDeletingService (BlockDeletingService.java:isDeletionAllowed(187)) - Close Container log Index 6 is not replicated across allthe servers in the pipeline adc40928-88ac-46dc-94be-4cc069b2961e as the min replicated index is 4. Deletion is not allowed in this container yet.
2019-10-17 19:47:12,951 [BlockDeletingService#3] WARN  background.BlockDeletingService (BlockDeletingService.java:isDeletionAllowed(187)) - Close Container log Index 6 is not replicated across allthe servers in the pipeline adc40928-88ac-46dc-94be-4cc069b2961e as the min replicated index is 4. Deletion is not allowed in this container yet.
2019-10-17 19:47:13,068 [EventQueue-ContainerReportForContainerReportHandler] WARN  container.ContainerReportHandler (AbstractContainerReportHandler.java:updateContainerState(145)) - Container #1 is in OPEN state, but the datanode 5fa7c213-d229-4dfb-b48e-377c0ca33348{ip: 192.168.164.201, host: pr-hdds-1868-s6sc9-3720172378, networkLocation: /default-rack, certSerialId: null} reports an CLOSED replica.
2019-10-17 19:47:13,237 [EventQueue-ContainerReportForContainerReportHandler] WARN  container.ContainerReportHandler (AbstractContainerReportHandler.java:updateContainerState(145)) - Container #1 is in OPEN state, but the datanode fa049fba-12b8-4e17-ac2d-38ea71bdd2ce{ip: 192.168.164.201, host: pr-hdds-1868-s6sc9-3720172378, networkLocation: /default-rack, certSerialId: null} reports an CLOSED replica.
2019-10-17 19:47:13,396 [java.util.concurrent.ThreadPoolExecutor$Worker@6214d2e6[State = -1, empty queue]] WARN  server.GrpcLogAppender (GrpcLogAppender.java:timeoutAppendRequest(209)) - 5fa7c213-d229-4dfb-b48e-377c0ca33348@group-4CC069B2961E->32a164c3-8bb9-4158-a4d7-ada9eb729037-GrpcLogAppender: appendEntries Timeout, request=5fa7c213-d229-4dfb-b48e-377c0ca33348->32a164c3-8bb9-4158-a4d7-ada9eb729037#44-t2, previous=(t:2, i:10), leaderCommit=10, initializing? false, entries: <empty>
2019-10-17 19:47:13,468 [EventQueue-ContainerReportForContainerReportHandler] WARN  container.ContainerReportHandler (AbstractContainerReportHandler.java:updateContainerState(145)) - Container #1 is in OPEN state, but the datanode 5fa7c213-d229-4dfb-b48e-377c0ca33348{ip: 192.168.164.201, host: pr-hdds-1868-s6sc9-3720172378, networkLocation: /default-rack, certSerialId: null} reports an CLOSED replica.
2019-10-17 19:47:13,537 [EventQueue-ContainerReportForContainerReportHandler] WARN  container.ContainerReportHandler (AbstractContainerReportHandler.java:updateContainerState(145)) - Container #1 is in OPEN state, but the datanode fa049fba-12b8-4e17-ac2d-38ea71bdd2ce{ip: 192.168.164.201, host: pr-hdds-1868-s6sc9-3720172378, networkLocation: /default-rack, certSerialId: null} reports an CLOSED replica.
2019-10-17 19:47:13,868 [EventQueue-ContainerReportForContainerReportHandler] WARN  container.ContainerReportHandler (AbstractContainerReportHandler.java:updateContainerState(145)) - Container #1 is in OPEN state, but the datanode 5fa7c213-d229-4dfb-b48e-377c0ca33348{ip: 192.168.164.201, host: pr-hdds-1868-s6sc9-3720172378, networkLocation: /default-rack, certSerialId: null} reports an CLOSED replica.
2019-10-17 19:47:13,938 [EventQueue-ContainerReportForContainerReportHandler] WARN  container.ContainerReportHandler (AbstractContainerReportHandler.java:updateContainerState(145)) - Container #1 is in OPEN state, but the datanode fa049fba-12b8-4e17-ac2d-38ea71bdd2ce{ip: 192.168.164.201, host: pr-hdds-1868-s6sc9-3720172378, networkLocation: /default-rack, certSerialId: null} reports an CLOSED replica.
2019-10-17 19:47:13,953 [BlockDeletingService#2] WARN  background.BlockDeletingService (BlockDeletingService.java:isDeletionAllowed(187)) - Close Container log Index 6 is not replicated across allthe servers in the pipeline adc40928-88ac-46dc-94be-4cc069b2961e as the min replicated index is 4. Deletion is not allowed in this container yet.
2019-10-17 19:47:13,953 [BlockDeletingService#3] WARN  background.BlockDeletingService (BlockDeletingService.java:isDeletionAllowed(187)) - Close Container log Index 6 is not replicated across allthe servers in the pipeline adc40928-88ac-46dc-94be-4cc069b2961e as the min replicated index is 4. Deletion is not allowed in this container yet.
2019-10-17 19:47:14,169 [EventQueue-ContainerReportForContainerReportHandler] WARN  container.ContainerReportHandler (AbstractContainerReportHandler.java:updateContainerState(145)) - Container #1 is in OPEN state, but the datanode 5fa7c213-d229-4dfb-b48e-377c0ca33348{ip: 192.168.164.201, host: pr-hdds-1868-s6sc9-3720172378, networkLocation: /default-rack, certSerialId: null} reports an CLOSED replica.
2019-10-17 19:47:14,238 [EventQueue-ContainerReportForContainerReportHandler] WARN  container.ContainerReportHandler (AbstractContainerReportHandler.java:updateContainerState(145)) - Container #1 is in OPEN state, but the datanode fa049fba-12b8-4e17-ac2d-38ea71bdd2ce{ip: 192.168.164.201, host: pr-hdds-1868-s6sc9-3720172378, networkLocation: /default-rack, certSerialId: null} reports an CLOSED replica.
2019-10-17 19:47:14,468 [EventQueue-ContainerReportForContainerReportHandler] WARN  container.ContainerReportHandler (AbstractContainerReportHandler.java:updateContainerState(145)) - Container #1 is in OPEN state, but the datanode 5fa7c213-d229-4dfb-b48e-377c0ca33348{ip: 192.168.164.201, host: pr-hdds-1868-s6sc9-3720172378, networkLocation: /default-rack, certSerialId: null} reports an CLOSED replica.
2019-10-17 19:47:14,537 [EventQueue-ContainerReportForContainerReportHandler] WARN  container.ContainerReportHandler (AbstractContainerReportHandler.java:updateContainerState(145)) - Container #1 is in OPEN state, but the datanode fa049fba-12b8-4e17-ac2d-38ea71bdd2ce{ip: 192.168.164.201, host: pr-hdds-1868-s6sc9-3720172378, networkLocation: /default-rack, certSerialId: null} reports an CLOSED replica.
2019-10-17 19:47:14,767 [EventQueue-ContainerReportForContainerReportHandler] WARN  container.ContainerReportHandler (AbstractContainerReportHandler.java:updateContainerState(145)) - Container #1 is in OPEN state, but the datanode 5fa7c213-d229-4dfb-b48e-377c0ca33348{ip: 192.168.164.201, host: pr-hdds-1868-s6sc9-3720172378, networkLocation: /default-rack, certSerialId: null} reports an CLOSED replica.
2019-10-17 19:47:14,838 [EventQueue-ContainerReportForContainerReportHandler] WARN  container.ContainerReportHandler (AbstractContainerReportHandler.java:updateContainerState(145)) - Container #1 is in OPEN state, but the datanode fa049fba-12b8-4e17-ac2d-38ea71bdd2ce{ip: 192.168.164.201, host: pr-hdds-1868-s6sc9-3720172378, networkLocation: /default-rack, certSerialId: null} reports an CLOSED replica.
2019-10-17 19:47:14,955 [BlockDeletingService#3] WARN  background.BlockDeletingService (BlockDeletingService.java:isDeletionAllowed(187)) - Close Container log Index 6 is not replicated across allthe servers in the pipeline adc40928-88ac-46dc-94be-4cc069b2961e as the min replicated index is 4. Deletion is not allowed in this container yet.
2019-10-17 19:47:14,955 [BlockDeletingService#2] WARN  background.BlockDeletingService (BlockDeletingService.java:isDeletionAllowed(187)) - Close Container log Index 6 is not replicated across allthe servers in the pipeline adc40928-88ac-46dc-94be-4cc069b2961e as the min replicated index is 4. Deletion is not allowed in this container yet.
2019-10-17 19:47:15,038 [EventQueue-ContainerReportForContainerReportHandler] WARN  container.ContainerReportHandler (AbstractContainerReportHandler.java:updateContainerState(145)) - Container #1 is in OPEN state, but the datanode fa049fba-12b8-4e17-ac2d-38ea71bdd2ce{ip: 192.168.164.201, host: pr-hdds-1868-s6sc9-3720172378, networkLocation: /default-rack, certSerialId: null} reports an CLOSED replica.
2019-10-17 19:47:15,067 [EventQueue-ContainerReportForContainerReportHandler] WARN  container.ContainerReportHandler (AbstractContainerReportHandler.java:updateContainerState(145)) - Container #1 is in OPEN state, but the datanode 5fa7c213-d229-4dfb-b48e-377c0ca33348{ip: 192.168.164.201, host: pr-hdds-1868-s6sc9-3720172378, networkLocation: /default-rack, certSerialId: null} reports an CLOSED replica.
2019-10-17 19:47:15,337 [EventQueue-ContainerReportForContainerReportHandler] WARN  container.ContainerReportHandler (AbstractContainerReportHandler.java:updateContainerState(145)) - Container #1 is in OPEN state, but the datanode fa049fba-12b8-4e17-ac2d-38ea71bdd2ce{ip: 192.168.164.201, host: pr-hdds-1868-s6sc9-3720172378, networkLocation: /default-rack, certSerialId: null} reports an CLOSED replica.
2019-10-17 19:47:15,469 [EventQueue-ContainerReportForContainerReportHandler] WARN  container.ContainerReportHandler (AbstractContainerReportHandler.java:updateContainerState(145)) - Container #1 is in OPEN state, but the datanode 5fa7c213-d229-4dfb-b48e-377c0ca33348{ip: 192.168.164.201, host: pr-hdds-1868-s6sc9-3720172378, networkLocation: /default-rack, certSerialId: null} reports an CLOSED replica.
2019-10-17 19:47:15,638 [EventQueue-ContainerReportForContainerReportHandler] WARN  container.ContainerReportHandler (AbstractContainerReportHandler.java:updateContainerState(145)) - Container #1 is in OPEN state, but the datanode fa049fba-12b8-4e17-ac2d-38ea71bdd2ce{ip: 192.168.164.201, host: pr-hdds-1868-s6sc9-3720172378, networkLocation: /default-rack, certSerialId: null} reports an CLOSED replica.
2019-10-17 19:47:15,768 [EventQueue-ContainerReportForContainerReportHandler] WARN  container.ContainerReportHandler (AbstractContainerReportHandler.java:updateContainerState(145)) - Container #1 is in OPEN state, but the datanode 5fa7c213-d229-4dfb-b48e-377c0ca33348{ip: 192.168.164.201, host: pr-hdds-1868-s6sc9-3720172378, networkLocation: /default-rack, certSerialId: null} reports an CLOSED replica.
2019-10-17 19:47:15,896 [java.util.concurrent.ThreadPoolExecutor$Worker@6214d2e6[State = -1, empty queue]] WARN  server.GrpcLogAppender (GrpcLogAppender.java:timeoutAppendRequest(209)) - 5fa7c213-d229-4dfb-b48e-377c0ca33348@group-4CC069B2961E->32a164c3-8bb9-4158-a4d7-ada9eb729037-GrpcLogAppender: appendEntries Timeout, request=5fa7c213-d229-4dfb-b48e-377c0ca33348->32a164c3-8bb9-4158-a4d7-ada9eb729037#45-t2, previous=(t:2, i:10), leaderCommit=10, initializing? false, entries: <empty>
2019-10-17 19:47:15,938 [EventQueue-ContainerReportForContainerReportHandler] WARN  container.ContainerReportHandler (AbstractContainerReportHandler.java:updateContainerState(145)) - Container #1 is in OPEN state, but the datanode fa049fba-12b8-4e17-ac2d-38ea71bdd2ce{ip: 192.168.164.201, host: pr-hdds-1868-s6sc9-3720172378, networkLocation: /default-rack, certSerialId: null} reports an CLOSED replica.
2019-10-17 19:47:15,956 [BlockDeletingService#3] WARN  background.BlockDeletingService (BlockDeletingService.java:isDeletionAllowed(187)) - Close Container log Index 6 is not replicated across allthe servers in the pipeline adc40928-88ac-46dc-94be-4cc069b2961e as the min replicated index is 4. Deletion is not allowed in this container yet.
2019-10-17 19:47:15,956 [BlockDeletingService#2] WARN  background.BlockDeletingService (BlockDeletingService.java:isDeletionAllowed(187)) - Close Container log Index 6 is not replicated across allthe servers in the pipeline adc40928-88ac-46dc-94be-4cc069b2961e as the min replicated index is 4. Deletion is not allowed in this container yet.
2019-10-17 19:47:16,169 [EventQueue-ContainerReportForContainerReportHandler] WARN  container.ContainerReportHandler (AbstractContainerReportHandler.java:updateContainerState(145)) - Container #1 is in OPEN state, but the datanode 5fa7c213-d229-4dfb-b48e-377c0ca33348{ip: 192.168.164.201, host: pr-hdds-1868-s6sc9-3720172378, networkLocation: /default-rack, certSerialId: null} reports an CLOSED replica.
2019-10-17 19:47:16,338 [EventQueue-ContainerReportForContainerReportHandler] WARN  container.ContainerReportHandler (AbstractContainerReportHandler.java:updateContainerState(145)) - Container #1 is in OPEN state, but the datanode fa049fba-12b8-4e17-ac2d-38ea71bdd2ce{ip: 192.168.164.201, host: pr-hdds-1868-s6sc9-3720172378, networkLocation: /default-rack, certSerialId: null} reports an CLOSED replica.
2019-10-17 19:47:16,369 [EventQueue-ContainerReportForContainerReportHandler] WARN  container.ContainerReportHandler (AbstractContainerReportHandler.java:updateContainerState(145)) - Container #1 is in OPEN state, but the datanode 5fa7c213-d229-4dfb-b48e-377c0ca33348{ip: 192.168.164.201, host: pr-hdds-1868-s6sc9-3720172378, networkLocation: /default-rack, certSerialId: null} reports an CLOSED replica.
2019-10-17 19:47:16,739 [EventQueue-ContainerReportForContainerReportHandler] WARN  container.ContainerReportHandler (AbstractContainerReportHandler.java:updateContainerState(145)) - Container #1 is in OPEN state, but the datanode fa049fba-12b8-4e17-ac2d-38ea71bdd2ce{ip: 192.168.164.201, host: pr-hdds-1868-s6sc9-3720172378, networkLocation: /default-rack, certSerialId: null} reports an CLOSED replica.
2019-10-17 19:47:16,770 [EventQueue-ContainerReportForContainerReportHandler] WARN  container.ContainerReportHandler (AbstractContainerReportHandler.java:updateContainerState(145)) - Container #1 is in OPEN state, but the datanode 5fa7c213-d229-4dfb-b48e-377c0ca33348{ip: 192.168.164.201, host: pr-hdds-1868-s6sc9-3720172378, networkLocation: /default-rack, certSerialId: null} reports an CLOSED replica.
2019-10-17 19:47:16,960 [BlockDeletingService#3] WARN  background.BlockDeletingService (BlockDeletingService.java:isDeletionAllowed(187)) - Close Container log Index 6 is not replicated across allthe servers in the pipeline adc40928-88ac-46dc-94be-4cc069b2961e as the min replicated index is 4. Deletion is not allowed in this container yet.
2019-10-17 19:47:16,960 [BlockDeletingService#2] WARN  background.BlockDeletingService (BlockDeletingService.java:isDeletionAllowed(187)) - Close Container log Index 6 is not replicated across allthe servers in the pipeline adc40928-88ac-46dc-94be-4cc069b2961e as the min replicated index is 4. Deletion is not allowed in this container yet.
2019-10-17 19:47:17,038 [EventQueue-ContainerReportForContainerReportHandler] WARN  container.ContainerReportHandler (AbstractContainerReportHandler.java:updateContainerState(145)) - Container #1 is in OPEN state, but the datanode fa049fba-12b8-4e17-ac2d-38ea71bdd2ce{ip: 192.168.164.201, host: pr-hdds-1868-s6sc9-3720172378, networkLocation: /default-rack, certSerialId: null} reports an CLOSED replica.
2019-10-17 19:47:17,070 [EventQueue-ContainerReportForContainerReportHandler] WARN  container.ContainerReportHandler (AbstractContainerReportHandler.java:updateContainerState(145)) - Container #1 is in OPEN state, but the datanode 5fa7c213-d229-4dfb-b48e-377c0ca33348{ip: 192.168.164.201, host: pr-hdds-1868-s6sc9-3720172378, networkLocation: /default-rack, certSerialId: null} reports an CLOSED replica.
2019-10-17 19:47:17,339 [EventQueue-ContainerReportForContainerReportHandler] WARN  container.ContainerReportHandler (AbstractContainerReportHandler.java:updateContainerState(145)) - Container #1 is in OPEN state, but the datanode fa049fba-12b8-4e17-ac2d-38ea71bdd2ce{ip: 192.168.164.201, host: pr-hdds-1868-s6sc9-3720172378, networkLocation: /default-rack, certSerialId: null} reports an CLOSED replica.
2019-10-17 19:47:17,370 [EventQueue-ContainerReportForContainerReportHandler] WARN  container.ContainerReportHandler (AbstractContainerReportHandler.java:updateContainerState(145)) - Container #1 is in OPEN state, but the datanode 5fa7c213-d229-4dfb-b48e-377c0ca33348{ip: 192.168.164.201, host: pr-hdds-1868-s6sc9-3720172378, networkLocation: /default-rack, certSerialId: null} reports an CLOSED replica.
2019-10-17 19:47:17,639 [EventQueue-ContainerReportForContainerReportHandler] WARN  container.ContainerReportHandler (AbstractContainerReportHandler.java:updateContainerState(145)) - Container #1 is in OPEN state, but the datanode fa049fba-12b8-4e17-ac2d-38ea71bdd2ce{ip: 192.168.164.201, host: pr-hdds-1868-s6sc9-3720172378, networkLocation: /default-rack, certSerialId: null} reports an CLOSED replica.
2019-10-17 19:47:17,669 [EventQueue-ContainerReportForContainerReportHandler] WARN  container.ContainerReportHandler (AbstractContainerReportHandler.java:updateContainerState(145)) - Container #1 is in OPEN state, but the datanode 5fa7c213-d229-4dfb-b48e-377c0ca33348{ip: 192.168.164.201, host: pr-hdds-1868-s6sc9-3720172378, networkLocation: /default-rack, certSerialId: null} reports an CLOSED replica.
2019-10-17 19:47:17,839 [EventQueue-ContainerReportForContainerReportHandler] WARN  container.ContainerReportHandler (AbstractContainerReportHandler.java:updateContainerState(145)) - Container #1 is in OPEN state, but the datanode fa049fba-12b8-4e17-ac2d-38ea71bdd2ce{ip: 192.168.164.201, host: pr-hdds-1868-s6sc9-3720172378, networkLocation: /default-rack, certSerialId: null} reports an CLOSED replica.
2019-10-17 19:47:17,962 [BlockDeletingService#2] WARN  background.BlockDeletingService (BlockDeletingService.java:isDeletionAllowed(187)) - Close Container log Index 6 is not replicated across allthe servers in the pipeline adc40928-88ac-46dc-94be-4cc069b2961e as the min replicated index is 4. Deletion is not allowed in this container yet.
2019-10-17 19:47:17,962 [BlockDeletingService#3] WARN  background.BlockDeletingService (BlockDeletingService.java:isDeletionAllowed(187)) - Close Container log Index 6 is not replicated across allthe servers in the pipeline adc40928-88ac-46dc-94be-4cc069b2961e as the min replicated index is 4. Deletion is not allowed in this container yet.
2019-10-17 19:47:18,039 [EventQueue-ContainerReportForContainerReportHandler] WARN  container.ContainerReportHandler (AbstractContainerReportHandler.java:updateContainerState(145)) - Container #1 is in OPEN state, but the datanode fa049fba-12b8-4e17-ac2d-38ea71bdd2ce{ip: 192.168.164.201, host: pr-hdds-1868-s6sc9-3720172378, networkLocation: /default-rack, certSerialId: null} reports an CLOSED replica.
2019-10-17 19:47:18,072 [EventQueue-ContainerReportForContainerReportHandler] WARN  container.ContainerReportHandler (AbstractContainerReportHandler.java:updateContainerState(145)) - Container #1 is in OPEN state, but the datanode 5fa7c213-d229-4dfb-b48e-377c0ca33348{ip: 192.168.164.201, host: pr-hdds-1868-s6sc9-3720172378, networkLocation: /default-rack, certSerialId: null} reports an CLOSED replica.
2019-10-17 19:47:18,239 [EventQueue-ContainerReportForContainerReportHandler] WARN  container.ContainerReportHandler (AbstractContainerReportHandler.java:updateContainerState(145)) - Container #1 is in OPEN state, but the datanode fa049fba-12b8-4e17-ac2d-38ea71bdd2ce{ip: 192.168.164.201, host: pr-hdds-1868-s6sc9-3720172378, networkLocation: /default-rack, certSerialId: null} reports an CLOSED replica.
2019-10-17 19:47:18,371 [EventQueue-ContainerReportForContainerReportHandler] WARN  container.ContainerReportHandler (AbstractContainerReportHandler.java:updateContainerState(145)) - Container #1 is in OPEN state, but the datanode 5fa7c213-d229-4dfb-b48e-377c0ca33348{ip: 192.168.164.201, host: pr-hdds-1868-s6sc9-3720172378, networkLocation: /default-rack, certSerialId: null} reports an CLOSED replica.
2019-10-17 19:47:18,397 [java.util.concurrent.ThreadPoolExecutor$Worker@6214d2e6[State = -1, empty queue]] WARN  server.GrpcLogAppender (GrpcLogAppender.java:timeoutAppendRequest(209)) - 5fa7c213-d229-4dfb-b48e-377c0ca33348@group-4CC069B2961E->32a164c3-8bb9-4158-a4d7-ada9eb729037-GrpcLogAppender: appendEntries Timeout, request=5fa7c213-d229-4dfb-b48e-377c0ca33348->32a164c3-8bb9-4158-a4d7-ada9eb729037#46-t2, previous=(t:2, i:10), leaderCommit=10, initializing? false, entries: <empty>
2019-10-17 19:47:18,541 [EventQueue-ContainerReportForContainerReportHandler] WARN  container.ContainerReportHandler (AbstractContainerReportHandler.java:updateContainerState(145)) - Container #1 is in OPEN state, but the datanode fa049fba-12b8-4e17-ac2d-38ea71bdd2ce{ip: 192.168.164.201, host: pr-hdds-1868-s6sc9-3720172378, networkLocation: /default-rack, certSerialId: null} reports an CLOSED replica.
2019-10-17 19:47:18,771 [EventQueue-ContainerReportForContainerReportHandler] WARN  container.ContainerReportHandler (AbstractContainerReportHandler.java:updateContainerState(145)) - Container #1 is in OPEN state, but the datanode 5fa7c213-d229-4dfb-b48e-377c0ca33348{ip: 192.168.164.201, host: pr-hdds-1868-s6sc9-3720172378, networkLocation: /default-rack, certSerialId: null} reports an CLOSED replica.
2019-10-17 19:47:18,842 [EventQueue-ContainerReportForContainerReportHandler] WARN  container.ContainerReportHandler (AbstractContainerReportHandler.java:updateContainerState(145)) - Container #1 is in OPEN state, but the datanode fa049fba-12b8-4e17-ac2d-38ea71bdd2ce{ip: 192.168.164.201, host: pr-hdds-1868-s6sc9-3720172378, networkLocation: /default-rack, certSerialId: null} reports an CLOSED replica.
2019-10-17 19:47:18,965 [BlockDeletingService#2] WARN  background.BlockDeletingService (BlockDeletingService.java:isDeletionAllowed(187)) - Close Container log Index 6 is not replicated across allthe servers in the pipeline adc40928-88ac-46dc-94be-4cc069b2961e as the min replicated index is 4. Deletion is not allowed in this container yet.
2019-10-17 19:47:18,965 [BlockDeletingService#3] WARN  background.BlockDeletingService (BlockDeletingService.java:isDeletionAllowed(187)) - Close Container log Index 6 is not replicated across allthe servers in the pipeline adc40928-88ac-46dc-94be-4cc069b2961e as the min replicated index is 4. Deletion is not allowed in this container yet.
2019-10-17 19:47:19,073 [EventQueue-ContainerReportForContainerReportHandler] WARN  container.ContainerReportHandler (AbstractContainerReportHandler.java:updateContainerState(145)) - Container #1 is in OPEN state, but the datanode 5fa7c213-d229-4dfb-b48e-377c0ca33348{ip: 192.168.164.201, host: pr-hdds-1868-s6sc9-3720172378, networkLocation: /default-rack, certSerialId: null} reports an CLOSED replica.
2019-10-17 19:47:19,143 [EventQueue-ContainerReportForContainerReportHandler] WARN  container.ContainerReportHandler (AbstractContainerReportHandler.java:updateContainerState(145)) - Container #1 is in OPEN state, but the datanode fa049fba-12b8-4e17-ac2d-38ea71bdd2ce{ip: 192.168.164.201, host: pr-hdds-1868-s6sc9-3720172378, networkLocation: /default-rack, certSerialId: null} reports an CLOSED replica.
2019-10-17 19:47:19,445 [EventQueue-ContainerReportForContainerReportHandler] WARN  container.ContainerReportHandler (AbstractContainerReportHandler.java:updateContainerState(145)) - Container #1 is in OPEN state, but the datanode fa049fba-12b8-4e17-ac2d-38ea71bdd2ce{ip: 192.168.164.201, host: pr-hdds-1868-s6sc9-3720172378, networkLocation: /default-rack, certSerialId: null} reports an CLOSED replica.
2019-10-17 19:47:19,474 [EventQueue-ContainerReportForContainerReportHandler] WARN  container.ContainerReportHandler (AbstractContainerReportHandler.java:updateContainerState(145)) - Container #1 is in OPEN state, but the datanode 5fa7c213-d229-4dfb-b48e-377c0ca33348{ip: 192.168.164.201, host: pr-hdds-1868-s6sc9-3720172378, networkLocation: /default-rack, certSerialId: null} reports an CLOSED replica.
2019-10-17 19:47:19,644 [EventQueue-ContainerReportForContainerReportHandler] WARN  container.ContainerReportHandler (AbstractContainerReportHandler.java:updateContainerState(145)) - Container #1 is in OPEN state, but the datanode fa049fba-12b8-4e17-ac2d-38ea71bdd2ce{ip: 192.168.164.201, host: pr-hdds-1868-s6sc9-3720172378, networkLocation: /default-rack, certSerialId: null} reports an CLOSED replica.
2019-10-17 19:47:19,683 [Thread-594] INFO  client.GrpcClientProtocolService (GrpcClientProtocolService.java:lambda$processClientRequest$0(278)) - Failed RaftClientRequest:client-30F7F12B0123->5fa7c213-d229-4dfb-b48e-377c0ca33348@group-4CC069B2961E, cid=16, seq=0, Watch-ALL_COMMITTED(6), Message:<EMPTY>, reply=RaftClientReply:client-30F7F12B0123->5fa7c213-d229-4dfb-b48e-377c0ca33348@group-4CC069B2961E, cid=16, FAILED org.apache.ratis.protocol.NotReplicatedException: Request with call Id 16 and log index 6 is not yet replicated to ALL_COMMITTED, logIndex=6, commits[5fa7c213-d229-4dfb-b48e-377c0ca33348:c10, 32a164c3-8bb9-4158-a4d7-ada9eb729037:c4, fa049fba-12b8-4e17-ac2d-38ea71bdd2ce:c10]
2019-10-17 19:47:19,774 [EventQueue-ContainerReportForContainerReportHandler] WARN  container.ContainerReportHandler (AbstractContainerReportHandler.java:updateContainerState(145)) - Container #1 is in OPEN state, but the datanode 5fa7c213-d229-4dfb-b48e-377c0ca33348{ip: 192.168.164.201, host: pr-hdds-1868-s6sc9-3720172378, networkLocation: /default-rack, certSerialId: null} reports an CLOSED replica.
2019-10-17 19:47:19,943 [EventQueue-ContainerReportForContainerReportHandler] WARN  container.ContainerReportHandler (AbstractContainerReportHandler.java:updateContainerState(145)) - Container #1 is in OPEN state, but the datanode fa049fba-12b8-4e17-ac2d-38ea71bdd2ce{ip: 192.168.164.201, host: pr-hdds-1868-s6sc9-3720172378, networkLocation: /default-rack, certSerialId: null} reports an CLOSED replica.
2019-10-17 19:47:19,967 [BlockDeletingService#2] WARN  background.BlockDeletingService (BlockDeletingService.java:isDeletionAllowed(187)) - Close Container log Index 6 is not replicated across allthe servers in the pipeline adc40928-88ac-46dc-94be-4cc069b2961e as the min replicated index is 4. Deletion is not allowed in this container yet.
2019-10-17 19:47:19,967 [BlockDeletingService#3] WARN  background.BlockDeletingService (BlockDeletingService.java:isDeletionAllowed(187)) - Close Container log Index 6 is not replicated across allthe servers in the pipeline adc40928-88ac-46dc-94be-4cc069b2961e as the min replicated index is 4. Deletion is not allowed in this container yet.
2019-10-17 19:47:20,143 [EventQueue-ContainerReportForContainerReportHandler] WARN  container.ContainerReportHandler (AbstractContainerReportHandler.java:updateContainerState(145)) - Container #1 is in OPEN state, but the datanode fa049fba-12b8-4e17-ac2d-38ea71bdd2ce{ip: 192.168.164.201, host: pr-hdds-1868-s6sc9-3720172378, networkLocation: /default-rack, certSerialId: null} reports an CLOSED replica.
2019-10-17 19:47:20,175 [EventQueue-ContainerReportForContainerReportHandler] WARN  container.ContainerReportHandler (AbstractContainerReportHandler.java:updateContainerState(145)) - Container #1 is in OPEN state, but the datanode 5fa7c213-d229-4dfb-b48e-377c0ca33348{ip: 192.168.164.201, host: pr-hdds-1868-s6sc9-3720172378, networkLocation: /default-rack, certSerialId: null} reports an CLOSED replica.
2019-10-17 19:47:20,374 [EventQueue-ContainerReportForContainerReportHandler] WARN  container.ContainerReportHandler (AbstractContainerReportHandler.java:updateContainerState(145)) - Container #1 is in OPEN state, but the datanode 5fa7c213-d229-4dfb-b48e-377c0ca33348{ip: 192.168.164.201, host: pr-hdds-1868-s6sc9-3720172378, networkLocation: /default-rack, certSerialId: null} reports an CLOSED replica.
2019-10-17 19:47:20,443 [EventQueue-ContainerReportForContainerReportHandler] WARN  container.ContainerReportHandler (AbstractContainerReportHandler.java:updateContainerState(145)) - Container #1 is in OPEN state, but the datanode fa049fba-12b8-4e17-ac2d-38ea71bdd2ce{ip: 192.168.164.201, host: pr-hdds-1868-s6sc9-3720172378, networkLocation: /default-rack, certSerialId: null} reports an CLOSED replica.
2019-10-17 19:47:20,645 [EventQueue-ContainerReportForContainerReportHandler] WARN  container.ContainerReportHandler (AbstractContainerReportHandler.java:updateContainerState(145)) - Container #1 is in OPEN state, but the datanode fa049fba-12b8-4e17-ac2d-38ea71bdd2ce{ip: 192.168.164.201, host: pr-hdds-1868-s6sc9-3720172378, networkLocation: /default-rack, certSerialId: null} reports an CLOSED replica.
2019-10-17 19:47:20,674 [EventQueue-ContainerReportForContainerReportHandler] WARN  container.ContainerReportHandler (AbstractContainerReportHandler.java:updateContainerState(145)) - Container #1 is in OPEN state, but the datanode 5fa7c213-d229-4dfb-b48e-377c0ca33348{ip: 192.168.164.201, host: pr-hdds-1868-s6sc9-3720172378, networkLocation: /default-rack, certSerialId: null} reports an CLOSED replica.
2019-10-17 19:47:20,899 [java.util.concurrent.ThreadPoolExecutor$Worker@6214d2e6[State = -1, empty queue]] WARN  server.GrpcLogAppender (GrpcLogAppender.java:timeoutAppendRequest(209)) - 5fa7c213-d229-4dfb-b48e-377c0ca33348@group-4CC069B2961E->32a164c3-8bb9-4158-a4d7-ada9eb729037-GrpcLogAppender: appendEntries Timeout, request=5fa7c213-d229-4dfb-b48e-377c0ca33348->32a164c3-8bb9-4158-a4d7-ada9eb729037#47-t2, previous=(t:2, i:10), leaderCommit=10, initializing? false, entries: <empty>
2019-10-17 19:47:20,970 [BlockDeletingService#3] WARN  background.BlockDeletingService (BlockDeletingService.java:isDeletionAllowed(187)) - Close Container log Index 6 is not replicated across allthe servers in the pipeline adc40928-88ac-46dc-94be-4cc069b2961e as the min replicated index is 4. Deletion is not allowed in this container yet.
2019-10-17 19:47:20,970 [BlockDeletingService#2] WARN  background.BlockDeletingService (BlockDeletingService.java:isDeletionAllowed(187)) - Close Container log Index 6 is not replicated across allthe servers in the pipeline adc40928-88ac-46dc-94be-4cc069b2961e as the min replicated index is 4. Deletion is not allowed in this container yet.
2019-10-17 19:47:20,976 [EventQueue-ContainerReportForContainerReportHandler] WARN  container.ContainerReportHandler (AbstractContainerReportHandler.java:updateContainerState(145)) - Container #1 is in OPEN state, but the datanode 5fa7c213-d229-4dfb-b48e-377c0ca33348{ip: 192.168.164.201, host: pr-hdds-1868-s6sc9-3720172378, networkLocation: /default-rack, certSerialId: null} reports an CLOSED replica.
2019-10-17 19:47:21,045 [EventQueue-ContainerReportForContainerReportHandler] WARN  container.ContainerReportHandler (AbstractContainerReportHandler.java:updateContainerState(145)) - Container #1 is in OPEN state, but the datanode fa049fba-12b8-4e17-ac2d-38ea71bdd2ce{ip: 192.168.164.201, host: pr-hdds-1868-s6sc9-3720172378, networkLocation: /default-rack, certSerialId: null} reports an CLOSED replica.
2019-10-17 19:47:21,346 [EventQueue-ContainerReportForContainerReportHandler] WARN  container.ContainerReportHandler (AbstractContainerReportHandler.java:updateContainerState(145)) - Container #1 is in OPEN state, but the datanode fa049fba-12b8-4e17-ac2d-38ea71bdd2ce{ip: 192.168.164.201, host: pr-hdds-1868-s6sc9-3720172378, networkLocation: /default-rack, certSerialId: null} reports an CLOSED replica.
2019-10-17 19:47:21,376 [EventQueue-ContainerReportForContainerReportHandler] WARN  container.ContainerReportHandler (AbstractContainerReportHandler.java:updateContainerState(145)) - Container #1 is in OPEN state, but the datanode 5fa7c213-d229-4dfb-b48e-377c0ca33348{ip: 192.168.164.201, host: pr-hdds-1868-s6sc9-3720172378, networkLocation: /default-rack, certSerialId: null} reports an CLOSED replica.
2019-10-17 19:47:21,646 [EventQueue-ContainerReportForContainerReportHandler] WARN  container.ContainerReportHandler (AbstractContainerReportHandler.java:updateContainerState(145)) - Container #1 is in OPEN state, but the datanode fa049fba-12b8-4e17-ac2d-38ea71bdd2ce{ip: 192.168.164.201, host: pr-hdds-1868-s6sc9-3720172378, networkLocation: /default-rack, certSerialId: null} reports an CLOSED replica.
2019-10-17 19:47:21,676 [EventQueue-ContainerReportForContainerReportHandler] WARN  container.ContainerReportHandler (AbstractContainerReportHandler.java:updateContainerState(145)) - Container #1 is in OPEN state, but the datanode 5fa7c213-d229-4dfb-b48e-377c0ca33348{ip: 192.168.164.201, host: pr-hdds-1868-s6sc9-3720172378, networkLocation: /default-rack, certSerialId: null} reports an CLOSED replica.
2019-10-17 19:47:21,847 [EventQueue-ContainerReportForContainerReportHandler] WARN  container.ContainerReportHandler (AbstractContainerReportHandler.java:updateContainerState(145)) - Container #1 is in OPEN state, but the datanode fa049fba-12b8-4e17-ac2d-38ea71bdd2ce{ip: 192.168.164.201, host: pr-hdds-1868-s6sc9-3720172378, networkLocation: /default-rack, certSerialId: null} reports an CLOSED replica.
2019-10-17 19:47:21,973 [BlockDeletingService#3] WARN  background.BlockDeletingService (BlockDeletingService.java:isDeletionAllowed(187)) - Close Container log Index 6 is not replicated across allthe servers in the pipeline adc40928-88ac-46dc-94be-4cc069b2961e as the min replicated index is 4. Deletion is not allowed in this container yet.
2019-10-17 19:47:21,974 [BlockDeletingService#2] WARN  background.BlockDeletingService (BlockDeletingService.java:isDeletionAllowed(187)) - Close Container log Index 6 is not replicated across allthe servers in the pipeline adc40928-88ac-46dc-94be-4cc069b2961e as the min replicated index is 4. Deletion is not allowed in this container yet.
2019-10-17 19:47:22,046 [EventQueue-ContainerReportForContainerReportHandler] WARN  container.ContainerReportHandler (AbstractContainerReportHandler.java:updateContainerState(145)) - Container #1 is in OPEN state, but the datanode fa049fba-12b8-4e17-ac2d-38ea71bdd2ce{ip: 192.168.164.201, host: pr-hdds-1868-s6sc9-3720172378, networkLocation: /default-rack, certSerialId: null} reports an CLOSED replica.
2019-10-17 19:47:22,078 [EventQueue-ContainerReportForContainerReportHandler] WARN  container.ContainerReportHandler (AbstractContainerReportHandler.java:updateContainerState(145)) - Container #1 is in OPEN state, but the datanode 5fa7c213-d229-4dfb-b48e-377c0ca33348{ip: 192.168.164.201, host: pr-hdds-1868-s6sc9-3720172378, networkLocation: /default-rack, certSerialId: null} reports an CLOSED replica.
2019-10-17 19:47:22,278 [EventQueue-ContainerReportForContainerReportHandler] WARN  container.ContainerReportHandler (AbstractContainerReportHandler.java:updateContainerState(145)) - Container #1 is in OPEN state, but the datanode 5fa7c213-d229-4dfb-b48e-377c0ca33348{ip: 192.168.164.201, host: pr-hdds-1868-s6sc9-3720172378, networkLocation: /default-rack, certSerialId: null} reports an CLOSED replica.
2019-10-17 19:47:22,346 [EventQueue-ContainerReportForContainerReportHandler] WARN  container.ContainerReportHandler (AbstractContainerReportHandler.java:updateContainerState(145)) - Container #1 is in OPEN state, but the datanode fa049fba-12b8-4e17-ac2d-38ea71bdd2ce{ip: 192.168.164.201, host: pr-hdds-1868-s6sc9-3720172378, networkLocation: /default-rack, certSerialId: null} reports an CLOSED replica.
2019-10-17 19:47:22,645 [EventQueue-ContainerReportForContainerReportHandler] WARN  container.ContainerReportHandler (AbstractContainerReportHandler.java:updateContainerState(145)) - Container #1 is in OPEN state, but the datanode fa049fba-12b8-4e17-ac2d-38ea71bdd2ce{ip: 192.168.164.201, host: pr-hdds-1868-s6sc9-3720172378, networkLocation: /default-rack, certSerialId: null} reports an CLOSED replica.
2019-10-17 19:47:22,679 [EventQueue-ContainerReportForContainerReportHandler] WARN  container.ContainerReportHandler (AbstractContainerReportHandler.java:updateContainerState(145)) - Container #1 is in OPEN state, but the datanode 5fa7c213-d229-4dfb-b48e-377c0ca33348{ip: 192.168.164.201, host: pr-hdds-1868-s6sc9-3720172378, networkLocation: /default-rack, certSerialId: null} reports an CLOSED replica.
2019-10-17 19:47:22,946 [EventQueue-ContainerReportForContainerReportHandler] WARN  container.ContainerReportHandler (AbstractContainerReportHandler.java:updateContainerState(145)) - Container #1 is in OPEN state, but the datanode fa049fba-12b8-4e17-ac2d-38ea71bdd2ce{ip: 192.168.164.201, host: pr-hdds-1868-s6sc9-3720172378, networkLocation: /default-rack, certSerialId: null} reports an CLOSED replica.
2019-10-17 19:47:22,975 [BlockDeletingService#3] WARN  background.BlockDeletingService (BlockDeletingService.java:isDeletionAllowed(187)) - Close Container log Index 6 is not replicated across allthe servers in the pipeline adc40928-88ac-46dc-94be-4cc069b2961e as the min replicated index is 4. Deletion is not allowed in this container yet.
2019-10-17 19:47:22,975 [BlockDeletingService#2] WARN  background.BlockDeletingService (BlockDeletingService.java:isDeletionAllowed(187)) - Close Container log Index 6 is not replicated across allthe servers in the pipeline adc40928-88ac-46dc-94be-4cc069b2961e as the min replicated index is 4. Deletion is not allowed in this container yet.
2019-10-17 19:47:22,978 [EventQueue-ContainerReportForContainerReportHandler] WARN  container.ContainerReportHandler (AbstractContainerReportHandler.java:updateContainerState(145)) - Container #1 is in OPEN state, but the datanode 5fa7c213-d229-4dfb-b48e-377c0ca33348{ip: 192.168.164.201, host: pr-hdds-1868-s6sc9-3720172378, networkLocation: /default-rack, certSerialId: null} reports an CLOSED replica.
2019-10-17 19:47:23,245 [EventQueue-ContainerReportForContainerReportHandler] WARN  container.ContainerReportHandler (AbstractContainerReportHandler.java:updateContainerState(145)) - Container #1 is in OPEN state, but the datanode fa049fba-12b8-4e17-ac2d-38ea71bdd2ce{ip: 192.168.164.201, host: pr-hdds-1868-s6sc9-3720172378, networkLocation: /default-rack, certSerialId: null} reports an CLOSED replica.
2019-10-17 19:47:23,279 [EventQueue-ContainerReportForContainerReportHandler] WARN  container.ContainerReportHandler (AbstractContainerReportHandler.java:updateContainerState(145)) - Container #1 is in OPEN state, but the datanode 5fa7c213-d229-4dfb-b48e-377c0ca33348{ip: 192.168.164.201, host: pr-hdds-1868-s6sc9-3720172378, networkLocation: /default-rack, certSerialId: null} reports an CLOSED replica.
2019-10-17 19:47:23,400 [java.util.concurrent.ThreadPoolExecutor$Worker@6214d2e6[State = -1, empty queue]] WARN  server.GrpcLogAppender (GrpcLogAppender.java:timeoutAppendRequest(209)) - 5fa7c213-d229-4dfb-b48e-377c0ca33348@group-4CC069B2961E->32a164c3-8bb9-4158-a4d7-ada9eb729037-GrpcLogAppender: appendEntries Timeout, request=5fa7c213-d229-4dfb-b48e-377c0ca33348->32a164c3-8bb9-4158-a4d7-ada9eb729037#48-t2, previous=(t:2, i:10), leaderCommit=10, initializing? false, entries: <empty>
2019-10-17 19:47:23,545 [EventQueue-ContainerReportForContainerReportHandler] WARN  container.ContainerReportHandler (AbstractContainerReportHandler.java:updateContainerState(145)) - Container #1 is in OPEN state, but the datanode fa049fba-12b8-4e17-ac2d-38ea71bdd2ce{ip: 192.168.164.201, host: pr-hdds-1868-s6sc9-3720172378, networkLocation: /default-rack, certSerialId: null} reports an CLOSED replica.
2019-10-17 19:47:23,580 [EventQueue-ContainerReportForContainerReportHandler] WARN  container.ContainerReportHandler (AbstractContainerReportHandler.java:updateContainerState(145)) - Container #1 is in OPEN state, but the datanode 5fa7c213-d229-4dfb-b48e-377c0ca33348{ip: 192.168.164.201, host: pr-hdds-1868-s6sc9-3720172378, networkLocation: /default-rack, certSerialId: null} reports an CLOSED replica.
2019-10-17 19:47:23,780 [EventQueue-ContainerReportForContainerReportHandler] WARN  container.ContainerReportHandler (AbstractContainerReportHandler.java:updateContainerState(145)) - Container #1 is in OPEN state, but the datanode 5fa7c213-d229-4dfb-b48e-377c0ca33348{ip: 192.168.164.201, host: pr-hdds-1868-s6sc9-3720172378, networkLocation: /default-rack, certSerialId: null} reports an CLOSED replica.
2019-10-17 19:47:23,946 [EventQueue-ContainerReportForContainerReportHandler] WARN  container.ContainerReportHandler (AbstractContainerReportHandler.java:updateContainerState(145)) - Container #1 is in OPEN state, but the datanode fa049fba-12b8-4e17-ac2d-38ea71bdd2ce{ip: 192.168.164.201, host: pr-hdds-1868-s6sc9-3720172378, networkLocation: /default-rack, certSerialId: null} reports an CLOSED replica.
2019-10-17 19:47:23,977 [BlockDeletingService#2] WARN  background.BlockDeletingService (BlockDeletingService.java:isDeletionAllowed(187)) - Close Container log Index 6 is not replicated across allthe servers in the pipeline adc40928-88ac-46dc-94be-4cc069b2961e as the min replicated index is 4. Deletion is not allowed in this container yet.
2019-10-17 19:47:23,977 [BlockDeletingService#3] WARN  background.BlockDeletingService (BlockDeletingService.java:isDeletionAllowed(187)) - Close Container log Index 6 is not replicated across allthe servers in the pipeline adc40928-88ac-46dc-94be-4cc069b2961e as the min replicated index is 4. Deletion is not allowed in this container yet.
2019-10-17 19:47:24,180 [EventQueue-ContainerReportForContainerReportHandler] WARN  container.ContainerReportHandler (AbstractContainerReportHandler.java:updateContainerState(145)) - Container #1 is in OPEN state, but the datanode 5fa7c213-d229-4dfb-b48e-377c0ca33348{ip: 192.168.164.201, host: pr-hdds-1868-s6sc9-3720172378, networkLocation: /default-rack, certSerialId: null} reports an CLOSED replica.
2019-10-17 19:47:24,246 [EventQueue-ContainerReportForContainerReportHandler] WARN  container.ContainerReportHandler (AbstractContainerReportHandler.java:updateContainerState(145)) - Container #1 is in OPEN state, but the datanode fa049fba-12b8-4e17-ac2d-38ea71bdd2ce{ip: 192.168.164.201, host: pr-hdds-1868-s6sc9-3720172378, networkLocation: /default-rack, certSerialId: null} reports an CLOSED replica.
2019-10-17 19:47:24,481 [EventQueue-ContainerReportForContainerReportHandler] WARN  container.ContainerReportHandler (AbstractContainerReportHandler.java:updateContainerState(145)) - Container #1 is in OPEN state, but the datanode 5fa7c213-d229-4dfb-b48e-377c0ca33348{ip: 192.168.164.201, host: pr-hdds-1868-s6sc9-3720172378, networkLocation: /default-rack, certSerialId: null} reports an CLOSED replica.
2019-10-17 19:47:24,548 [EventQueue-ContainerReportForContainerReportHandler] WARN  container.ContainerReportHandler (AbstractContainerReportHandler.java:updateContainerState(145)) - Container #1 is in OPEN state, but the datanode fa049fba-12b8-4e17-ac2d-38ea71bdd2ce{ip: 192.168.164.201, host: pr-hdds-1868-s6sc9-3720172378, networkLocation: /default-rack, certSerialId: null} reports an CLOSED replica.
2019-10-17 19:47:24,681 [EventQueue-ContainerReportForContainerReportHandler] WARN  container.ContainerReportHandler (AbstractContainerReportHandler.java:updateContainerState(145)) - Container #1 is in OPEN state, but the datanode 5fa7c213-d229-4dfb-b48e-377c0ca33348{ip: 192.168.164.201, host: pr-hdds-1868-s6sc9-3720172378, networkLocation: /default-rack, certSerialId: null} reports an CLOSED replica.
2019-10-17 19:47:24,848 [EventQueue-ContainerReportForContainerReportHandler] WARN  container.ContainerReportHandler (AbstractContainerReportHandler.java:updateContainerState(145)) - Container #1 is in OPEN state, but the datanode fa049fba-12b8-4e17-ac2d-38ea71bdd2ce{ip: 192.168.164.201, host: pr-hdds-1868-s6sc9-3720172378, networkLocation: /default-rack, certSerialId: null} reports an CLOSED replica.
2019-10-17 19:47:24,979 [BlockDeletingService#2] WARN  background.BlockDeletingService (BlockDeletingService.java:isDeletionAllowed(187)) - Close Container log Index 6 is not replicated across allthe servers in the pipeline adc40928-88ac-46dc-94be-4cc069b2961e as the min replicated index is 4. Deletion is not allowed in this container yet.
2019-10-17 19:47:24,979 [BlockDeletingService#3] WARN  background.BlockDeletingService (BlockDeletingService.java:isDeletionAllowed(187)) - Close Container log Index 6 is not replicated across allthe servers in the pipeline adc40928-88ac-46dc-94be-4cc069b2961e as the min replicated index is 4. Deletion is not allowed in this container yet.
2019-10-17 19:47:25,052 [EventQueue-ContainerReportForContainerReportHandler] WARN  container.ContainerReportHandler (AbstractContainerReportHandler.java:updateContainerState(145)) - Container #1 is in OPEN state, but the datanode fa049fba-12b8-4e17-ac2d-38ea71bdd2ce{ip: 192.168.164.201, host: pr-hdds-1868-s6sc9-3720172378, networkLocation: /default-rack, certSerialId: null} reports an CLOSED replica.
2019-10-17 19:47:25,080 [EventQueue-ContainerReportForContainerReportHandler] WARN  container.ContainerReportHandler (AbstractContainerReportHandler.java:updateContainerState(145)) - Container #1 is in OPEN state, but the datanode 5fa7c213-d229-4dfb-b48e-377c0ca33348{ip: 192.168.164.201, host: pr-hdds-1868-s6sc9-3720172378, networkLocation: /default-rack, certSerialId: null} reports an CLOSED replica.
2019-10-17 19:47:25,280 [EventQueue-ContainerReportForContainerReportHandler] WARN  container.ContainerReportHandler (AbstractContainerReportHandler.java:updateContainerState(145)) - Container #1 is in OPEN state, but the datanode 5fa7c213-d229-4dfb-b48e-377c0ca33348{ip: 192.168.164.201, host: pr-hdds-1868-s6sc9-3720172378, networkLocation: /default-rack, certSerialId: null} reports an CLOSED replica.
2019-10-17 19:47:25,450 [EventQueue-ContainerReportForContainerReportHandler] WARN  container.ContainerReportHandler (AbstractContainerReportHandler.java:updateContainerState(145)) - Container #1 is in OPEN state, but the datanode fa049fba-12b8-4e17-ac2d-38ea71bdd2ce{ip: 192.168.164.201, host: pr-hdds-1868-s6sc9-3720172378, networkLocation: /default-rack, certSerialId: null} reports an CLOSED replica.
2019-10-17 19:47:25,683 [EventQueue-ContainerReportForContainerReportHandler] WARN  container.ContainerReportHandler (AbstractContainerReportHandler.java:updateContainerState(145)) - Container #1 is in OPEN state, but the datanode 5fa7c213-d229-4dfb-b48e-377c0ca33348{ip: 192.168.164.201, host: pr-hdds-1868-s6sc9-3720172378, networkLocation: /default-rack, certSerialId: null} reports an CLOSED replica.
2019-10-17 19:47:25,850 [EventQueue-ContainerReportForContainerReportHandler] WARN  container.ContainerReportHandler (AbstractContainerReportHandler.java:updateContainerState(145)) - Container #1 is in OPEN state, but the datanode fa049fba-12b8-4e17-ac2d-38ea71bdd2ce{ip: 192.168.164.201, host: pr-hdds-1868-s6sc9-3720172378, networkLocation: /default-rack, certSerialId: null} reports an CLOSED replica.
2019-10-17 19:47:25,883 [EventQueue-ContainerReportForContainerReportHandler] WARN  container.ContainerReportHandler (AbstractContainerReportHandler.java:updateContainerState(145)) - Container #1 is in OPEN state, but the datanode 5fa7c213-d229-4dfb-b48e-377c0ca33348{ip: 192.168.164.201, host: pr-hdds-1868-s6sc9-3720172378, networkLocation: /default-rack, certSerialId: null} reports an CLOSED replica.
2019-10-17 19:47:25,901 [java.util.concurrent.ThreadPoolExecutor$Worker@6214d2e6[State = -1, empty queue]] WARN  server.GrpcLogAppender (GrpcLogAppender.java:timeoutAppendRequest(209)) - 5fa7c213-d229-4dfb-b48e-377c0ca33348@group-4CC069B2961E->32a164c3-8bb9-4158-a4d7-ada9eb729037-GrpcLogAppender: appendEntries Timeout, request=5fa7c213-d229-4dfb-b48e-377c0ca33348->32a164c3-8bb9-4158-a4d7-ada9eb729037#49-t2, previous=(t:2, i:10), leaderCommit=10, initializing? false, entries: <empty>
2019-10-17 19:47:25,981 [BlockDeletingService#2] WARN  background.BlockDeletingService (BlockDeletingService.java:isDeletionAllowed(187)) - Close Container log Index 6 is not replicated across allthe servers in the pipeline adc40928-88ac-46dc-94be-4cc069b2961e as the min replicated index is 4. Deletion is not allowed in this container yet.
2019-10-17 19:47:25,981 [BlockDeletingService#3] WARN  background.BlockDeletingService (BlockDeletingService.java:isDeletionAllowed(187)) - Close Container log Index 6 is not replicated across allthe servers in the pipeline adc40928-88ac-46dc-94be-4cc069b2961e as the min replicated index is 4. Deletion is not allowed in this container yet.
2019-10-17 19:47:26,151 [EventQueue-ContainerReportForContainerReportHandler] WARN  container.ContainerReportHandler (AbstractContainerReportHandler.java:updateContainerState(145)) - Container #1 is in OPEN state, but the datanode fa049fba-12b8-4e17-ac2d-38ea71bdd2ce{ip: 192.168.164.201, host: pr-hdds-1868-s6sc9-3720172378, networkLocation: /default-rack, certSerialId: null} reports an CLOSED replica.
2019-10-17 19:47:26,184 [EventQueue-ContainerReportForContainerReportHandler] WARN  container.ContainerReportHandler (AbstractContainerReportHandler.java:updateContainerState(145)) - Container #1 is in OPEN state, but the datanode 5fa7c213-d229-4dfb-b48e-377c0ca33348{ip: 192.168.164.201, host: pr-hdds-1868-s6sc9-3720172378, networkLocation: /default-rack, certSerialId: null} reports an CLOSED replica.
2019-10-17 19:47:26,484 [EventQueue-ContainerReportForContainerReportHandler] WARN  container.ContainerReportHandler (AbstractContainerReportHandler.java:updateContainerState(145)) - Container #1 is in OPEN state, but the datanode 5fa7c213-d229-4dfb-b48e-377c0ca33348{ip: 192.168.164.201, host: pr-hdds-1868-s6sc9-3720172378, networkLocation: /default-rack, certSerialId: null} reports an CLOSED replica.
2019-10-17 19:47:26,551 [EventQueue-ContainerReportForContainerReportHandler] WARN  container.ContainerReportHandler (AbstractContainerReportHandler.java:updateContainerState(145)) - Container #1 is in OPEN state, but the datanode fa049fba-12b8-4e17-ac2d-38ea71bdd2ce{ip: 192.168.164.201, host: pr-hdds-1868-s6sc9-3720172378, networkLocation: /default-rack, certSerialId: null} reports an CLOSED replica.
2019-10-17 19:47:26,784 [EventQueue-ContainerReportForContainerReportHandler] WARN  container.ContainerReportHandler (AbstractContainerReportHandler.java:updateContainerState(145)) - Container #1 is in OPEN state, but the datanode 5fa7c213-d229-4dfb-b48e-377c0ca33348{ip: 192.168.164.201, host: pr-hdds-1868-s6sc9-3720172378, networkLocation: /default-rack, certSerialId: null} reports an CLOSED replica.
2019-10-17 19:47:26,852 [EventQueue-ContainerReportForContainerReportHandler] WARN  container.ContainerReportHandler (AbstractContainerReportHandler.java:updateContainerState(145)) - Container #1 is in OPEN state, but the datanode fa049fba-12b8-4e17-ac2d-38ea71bdd2ce{ip: 192.168.164.201, host: pr-hdds-1868-s6sc9-3720172378, networkLocation: /default-rack, certSerialId: null} reports an CLOSED replica.
2019-10-17 19:47:26,983 [BlockDeletingService#3] WARN  background.BlockDeletingService (BlockDeletingService.java:isDeletionAllowed(187)) - Close Container log Index 6 is not replicated across allthe servers in the pipeline adc40928-88ac-46dc-94be-4cc069b2961e as the min replicated index is 4. Deletion is not allowed in this container yet.
2019-10-17 19:47:26,983 [BlockDeletingService#2] WARN  background.BlockDeletingService (BlockDeletingService.java:isDeletionAllowed(187)) - Close Container log Index 6 is not replicated across allthe servers in the pipeline adc40928-88ac-46dc-94be-4cc069b2961e as the min replicated index is 4. Deletion is not allowed in this container yet.
2019-10-17 19:47:27,151 [EventQueue-ContainerReportForContainerReportHandler] WARN  container.ContainerReportHandler (AbstractContainerReportHandler.java:updateContainerState(145)) - Container #1 is in OPEN state, but the datanode fa049fba-12b8-4e17-ac2d-38ea71bdd2ce{ip: 192.168.164.201, host: pr-hdds-1868-s6sc9-3720172378, networkLocation: /default-rack, certSerialId: null} reports an CLOSED replica.
2019-10-17 19:47:27,183 [EventQueue-ContainerReportForContainerReportHandler] WARN  container.ContainerReportHandler (AbstractContainerReportHandler.java:updateContainerState(145)) - Container #1 is in OPEN state, but the datanode 5fa7c213-d229-4dfb-b48e-377c0ca33348{ip: 192.168.164.201, host: pr-hdds-1868-s6sc9-3720172378, networkLocation: /default-rack, certSerialId: null} reports an CLOSED replica.
2019-10-17 19:47:27,383 [EventQueue-ContainerReportForContainerReportHandler] WARN  container.ContainerReportHandler (AbstractContainerReportHandler.java:updateContainerState(145)) - Container #1 is in OPEN state, but the datanode 5fa7c213-d229-4dfb-b48e-377c0ca33348{ip: 192.168.164.201, host: pr-hdds-1868-s6sc9-3720172378, networkLocation: /default-rack, certSerialId: null} reports an CLOSED replica.
2019-10-17 19:47:27,452 [EventQueue-ContainerReportForContainerReportHandler] WARN  container.ContainerReportHandler (AbstractContainerReportHandler.java:updateContainerState(145)) - Container #1 is in OPEN state, but the datanode fa049fba-12b8-4e17-ac2d-38ea71bdd2ce{ip: 192.168.164.201, host: pr-hdds-1868-s6sc9-3720172378, networkLocation: /default-rack, certSerialId: null} reports an CLOSED replica.
2019-10-17 19:47:27,522 [EventQueue-StaleNodeForStaleNodeHandler] INFO  node.StaleNodeHandler (StaleNodeHandler.java:onMessage(58)) - Datanode 32a164c3-8bb9-4158-a4d7-ada9eb729037{ip: 192.168.164.201, host: pr-hdds-1868-s6sc9-3720172378, networkLocation: /default-rack, certSerialId: null} moved to stale state. Finalizing its pipelines [PipelineID=0c7b50ec-8218-4544-ab7a-c535b6be4f3c, PipelineID=adc40928-88ac-46dc-94be-4cc069b2961e]
2019-10-17 19:47:27,523 [EventQueue-StaleNodeForStaleNodeHandler] INFO  pipeline.SCMPipelineManager (SCMPipelineManager.java:finalizeAndDestroyPipeline(315)) - destroying pipeline:Pipeline[ Id: 0c7b50ec-8218-4544-ab7a-c535b6be4f3c, Nodes: 32a164c3-8bb9-4158-a4d7-ada9eb729037{ip: 192.168.164.201, host: pr-hdds-1868-s6sc9-3720172378, networkLocation: /default-rack, certSerialId: null}, Type:RATIS, Factor:ONE, State:OPEN]
2019-10-17 19:47:27,524 [EventQueue-StaleNodeForStaleNodeHandler] INFO  pipeline.PipelineStateManager (PipelineStateManager.java:finalizePipeline(121)) - Pipeline Pipeline[ Id: 0c7b50ec-8218-4544-ab7a-c535b6be4f3c, Nodes: 32a164c3-8bb9-4158-a4d7-ada9eb729037{ip: 192.168.164.201, host: pr-hdds-1868-s6sc9-3720172378, networkLocation: /default-rack, certSerialId: null}, Type:RATIS, Factor:ONE, State:CLOSED] moved to CLOSED state
2019-10-17 19:47:27,528 [EventQueue-StaleNodeForStaleNodeHandler] INFO  pipeline.SCMPipelineManager (SCMPipelineManager.java:finalizeAndDestroyPipeline(315)) - destroying pipeline:Pipeline[ Id: adc40928-88ac-46dc-94be-4cc069b2961e, Nodes: fa049fba-12b8-4e17-ac2d-38ea71bdd2ce{ip: 192.168.164.201, host: pr-hdds-1868-s6sc9-3720172378, networkLocation: /default-rack, certSerialId: null}32a164c3-8bb9-4158-a4d7-ada9eb729037{ip: 192.168.164.201, host: pr-hdds-1868-s6sc9-3720172378, networkLocation: /default-rack, certSerialId: null}5fa7c213-d229-4dfb-b48e-377c0ca33348{ip: 192.168.164.201, host: pr-hdds-1868-s6sc9-3720172378, networkLocation: /default-rack, certSerialId: null}, Type:RATIS, Factor:THREE, State:OPEN]
2019-10-17 19:47:27,528 [EventQueue-StaleNodeForStaleNodeHandler] INFO  pipeline.PipelineStateManager (PipelineStateManager.java:finalizePipeline(121)) - Pipeline Pipeline[ Id: adc40928-88ac-46dc-94be-4cc069b2961e, Nodes: fa049fba-12b8-4e17-ac2d-38ea71bdd2ce{ip: 192.168.164.201, host: pr-hdds-1868-s6sc9-3720172378, networkLocation: /default-rack, certSerialId: null}32a164c3-8bb9-4158-a4d7-ada9eb729037{ip: 192.168.164.201, host: pr-hdds-1868-s6sc9-3720172378, networkLocation: /default-rack, certSerialId: null}5fa7c213-d229-4dfb-b48e-377c0ca33348{ip: 192.168.164.201, host: pr-hdds-1868-s6sc9-3720172378, networkLocation: /default-rack, certSerialId: null}, Type:RATIS, Factor:THREE, State:CLOSED] moved to CLOSED state
2019-10-17 19:47:27,529 [EventQueue-CloseContainerForCloseContainerEventHandler] INFO  container.CloseContainerEventHandler (CloseContainerEventHandler.java:onMessage(61)) - Close container Event triggered for container : #1
2019-10-17 19:47:27,653 [EventQueue-ContainerReportForContainerReportHandler] INFO  container.ContainerReportHandler (AbstractContainerReportHandler.java:updateContainerState(178)) - Moving container #1 to CLOSED state, datanode fa049fba-12b8-4e17-ac2d-38ea71bdd2ce{ip: 192.168.164.201, host: pr-hdds-1868-s6sc9-3720172378, networkLocation: /default-rack, certSerialId: null} reported CLOSED replica.
2019-10-17 19:47:27,987 [BlockDeletingService#2] WARN  background.BlockDeletingService (BlockDeletingService.java:isDeletionAllowed(187)) - Close Container log Index 6 is not replicated across allthe servers in the pipeline adc40928-88ac-46dc-94be-4cc069b2961e as the min replicated index is 4. Deletion is not allowed in this container yet.
2019-10-17 19:47:27,987 [BlockDeletingService#3] WARN  background.BlockDeletingService (BlockDeletingService.java:isDeletionAllowed(187)) - Close Container log Index 6 is not replicated across allthe servers in the pipeline adc40928-88ac-46dc-94be-4cc069b2961e as the min replicated index is 4. Deletion is not allowed in this container yet.
2019-10-17 19:47:28,060 [Thread-622] INFO  client.GrpcClientProtocolService (GrpcClientProtocolService.java:lambda$processClientRequest$0(278)) - Failed RaftClientRequest:client-30F7F12B0123->fa049fba-12b8-4e17-ac2d-38ea71bdd2ce@group-4CC069B2961E, cid=16, seq=0, Watch-ALL_COMMITTED(6), Message:<EMPTY>, reply=RaftClientReply:client-30F7F12B0123->fa049fba-12b8-4e17-ac2d-38ea71bdd2ce@group-4CC069B2961E, cid=16, FAILED org.apache.ratis.protocol.NotLeaderException: Server fa049fba-12b8-4e17-ac2d-38ea71bdd2ce@group-4CC069B2961E is not the leader 5fa7c213-d229-4dfb-b48e-377c0ca33348:192.168.164.201:37765, logIndex=0, commits[fa049fba-12b8-4e17-ac2d-38ea71bdd2ce:c10, 32a164c3-8bb9-4158-a4d7-ada9eb729037:c4, 5fa7c213-d229-4dfb-b48e-377c0ca33348:c10]
2019-10-17 19:47:28,170 [SCMBlockDeletingService#0] INFO  block.SCMBlockDeletingService (SCMBlockDeletingService.java:call(184)) - Totally added 3 delete blocks command for 3 datanodes, task elapsed time: 15ms
2019-10-17 19:47:28,257 [EventQueue-PendingDeleteStatusForPendingDeleteHandler] INFO  block.SCMBlockDeletingService (SCMBlockDeletingService.java:handlePendingDeletes(115)) - Block deletion txnID mismatch in datanode 5fa7c213-d229-4dfb-b48e-377c0ca33348 for containerID 1. Datanode delete txnID: 0, SCM txnID: 1
2019-10-17 19:47:28,356 [EventQueue-PendingDeleteStatusForPendingDeleteHandler] INFO  block.SCMBlockDeletingService (SCMBlockDeletingService.java:handlePendingDeletes(115)) - Block deletion txnID mismatch in datanode fa049fba-12b8-4e17-ac2d-38ea71bdd2ce for containerID 1. Datanode delete txnID: 0, SCM txnID: 1
2019-10-17 19:47:28,404 [java.util.concurrent.ThreadPoolExecutor$Worker@6214d2e6[State = -1, empty queue]] WARN  server.GrpcLogAppender (GrpcLogAppender.java:timeoutAppendRequest(209)) - 5fa7c213-d229-4dfb-b48e-377c0ca33348@group-4CC069B2961E->32a164c3-8bb9-4158-a4d7-ada9eb729037-GrpcLogAppender: appendEntries Timeout, request=5fa7c213-d229-4dfb-b48e-377c0ca33348->32a164c3-8bb9-4158-a4d7-ada9eb729037#50-t2, previous=(t:2, i:10), leaderCommit=10, initializing? false, entries: <empty>
2019-10-17 19:47:28,556 [EventQueue-PendingDeleteStatusForPendingDeleteHandler] INFO  block.SCMBlockDeletingService (SCMBlockDeletingService.java:handlePendingDeletes(115)) - Block deletion txnID mismatch in datanode fa049fba-12b8-4e17-ac2d-38ea71bdd2ce for containerID 1. Datanode delete txnID: 0, SCM txnID: 1
2019-10-17 19:47:28,557 [EventQueue-PendingDeleteStatusForPendingDeleteHandler] INFO  block.SCMBlockDeletingService (SCMBlockDeletingService.java:handlePendingDeletes(115)) - Block deletion txnID mismatch in datanode 5fa7c213-d229-4dfb-b48e-377c0ca33348 for containerID 1. Datanode delete txnID: 0, SCM txnID: 1
2019-10-17 19:47:28,585 [Command processor thread] INFO  commandhandler.DeleteBlocksCommandHandler (DeleteBlocksCommandHandler.java:handle(106)) - Start to delete container blocks, TXIDs=[1(0)], numOfContainers=1, numOfBlocks=1
2019-10-17 19:47:28,953 [Command processor thread] INFO  commandhandler.DeleteBlocksCommandHandler (DeleteBlocksCommandHandler.java:handle(106)) - Start to delete container blocks, TXIDs=[1(0)], numOfContainers=1, numOfBlocks=1
2019-10-17 19:47:28,957 [EventQueue-PendingDeleteStatusForPendingDeleteHandler] INFO  block.SCMBlockDeletingService (SCMBlockDeletingService.java:handlePendingDeletes(115)) - Block deletion txnID mismatch in datanode fa049fba-12b8-4e17-ac2d-38ea71bdd2ce for containerID 1. Datanode delete txnID: 0, SCM txnID: 1
2019-10-17 19:47:28,968 [main] INFO  impl.MetricsSystemImpl (MetricsSystemImpl.java:init(158)) - HddsDatanode metrics system started (again)
2019-10-17 19:47:28,989 [BlockDeletingService#2] WARN  background.BlockDeletingService (BlockDeletingService.java:isDeletionAllowed(187)) - Close Container log Index 6 is not replicated across allthe servers in the pipeline adc40928-88ac-46dc-94be-4cc069b2961e as the min replicated index is 4. Deletion is not allowed in this container yet.
2019-10-17 19:47:28,989 [BlockDeletingService#3] WARN  background.BlockDeletingService (BlockDeletingService.java:isDeletionAllowed(187)) - Close Container log Index 6 is not replicated across allthe servers in the pipeline adc40928-88ac-46dc-94be-4cc069b2961e as the min replicated index is 4. Deletion is not allowed in this container yet.
2019-10-17 19:47:29,009 [main] INFO  ozone.HddsDatanodeService (HddsDatanodeService.java:start(184)) - HddsDatanodeService host:pr-hdds-1868-s6sc9-3720172378 ip:192.168.164.201
2019-10-17 19:47:29,013 [main] INFO  volume.VolumeUsage (VolumeUsage.java:loadScmUsed(144)) - Cached ScmUsed found for /workdir/hadoop-ozone/integration-test/target/test-dir/MiniOzoneClusterImpl-020edf65-e88b-4f0c-8058-f5c4b9bdd7d8/datanode-2/data/containers : 4096 
2019-10-17 19:47:29,013 [main] INFO  volume.HddsVolume (HddsVolume.java:<init>(176)) - Creating Volume: /workdir/hadoop-ozone/integration-test/target/test-dir/MiniOzoneClusterImpl-020edf65-e88b-4f0c-8058-f5c4b9bdd7d8/datanode-2/data/containers/hdds of  storage type : DISK and capacity : 1482555576320
2019-10-17 19:47:29,014 [main] INFO  volume.VolumeSet (VolumeSet.java:initializeVolumeSet(170)) - Added Volume : /workdir/hadoop-ozone/integration-test/target/test-dir/MiniOzoneClusterImpl-020edf65-e88b-4f0c-8058-f5c4b9bdd7d8/datanode-2/data/containers/hdds to VolumeSet
2019-10-17 19:47:29,014 [main] INFO  volume.ThrottledAsyncChecker (ThrottledAsyncChecker.java:schedule(141)) - Scheduling a check for /workdir/hadoop-ozone/integration-test/target/test-dir/MiniOzoneClusterImpl-020edf65-e88b-4f0c-8058-f5c4b9bdd7d8/datanode-2/data/containers/hdds
2019-10-17 19:47:29,014 [main] INFO  volume.HddsVolumeChecker (HddsVolumeChecker.java:checkAllVolumes(204)) - Scheduled health check for volume /workdir/hadoop-ozone/integration-test/target/test-dir/MiniOzoneClusterImpl-020edf65-e88b-4f0c-8058-f5c4b9bdd7d8/datanode-2/data/containers/hdds
2019-10-17 19:47:29,046 [main] INFO  impl.RaftServerProxy (ConfUtils.java:logGet(43)) - raft.rpc.type = GRPC (default)
2019-10-17 19:47:29,046 [main] INFO  grpc.GrpcFactory (GrpcFactory.java:checkPooledByteBufAllocatorUseCacheForAllThreads(45)) - PERFORMANCE WARNING: useCacheForAllThreads is true that may cause Netty to create a lot garbage objects and, as a result, trigger GC.
	It is recommended to disable useCacheForAllThreads by setting -Dorg.apache.ratis.thirdparty.io.netty.allocator.useCacheForAllThreads=false in command line.
2019-10-17 19:47:29,046 [main] INFO  grpc.GrpcConfigKeys$Server (ConfUtils.java:logGet(43)) - raft.grpc.server.port = 42866 (custom)
2019-10-17 19:47:29,047 [main] INFO  server.GrpcService (ConfUtils.java:logGet(43)) - raft.grpc.message.size.max = 33570816 (custom)
2019-10-17 19:47:29,047 [main] INFO  server.RaftServerConfigKeys (ConfUtils.java:logGet(43)) - raft.server.log.appender.buffer.byte-limit = 33554432 (custom)
2019-10-17 19:47:29,047 [main] INFO  server.GrpcService (ConfUtils.java:logGet(43)) - raft.grpc.flow.control.window = 1MB (=1048576) (default)
2019-10-17 19:47:29,047 [main] INFO  server.RaftServerConfigKeys (ConfUtils.java:logGet(43)) - raft.server.rpc.request.timeout = 3000ms (default)
2019-10-17 19:47:29,048 [main] INFO  server.RaftServerConfigKeys (ConfUtils.java:logGet(43)) - raft.server.storage.dir = [/workdir/hadoop-ozone/integration-test/target/test-dir/MiniOzoneClusterImpl-020edf65-e88b-4f0c-8058-f5c4b9bdd7d8/datanode-2/data/ratis] (custom)
2019-10-17 19:47:29,048 [main] INFO  impl.RaftServerProxy (RaftServerProxy.java:lambda$null$0(191)) - 32a164c3-8bb9-4158-a4d7-ada9eb729037: found a subdirectory /workdir/hadoop-ozone/integration-test/target/test-dir/MiniOzoneClusterImpl-020edf65-e88b-4f0c-8058-f5c4b9bdd7d8/datanode-2/data/ratis/adc40928-88ac-46dc-94be-4cc069b2961e
2019-10-17 19:47:29,049 [main] INFO  impl.RaftServerProxy (RaftServerProxy.java:addNew(89)) - 32a164c3-8bb9-4158-a4d7-ada9eb729037: addNew group-4CC069B2961E:[] returns group-4CC069B2961E:java.util.concurrent.CompletableFuture@2f7efd0b[Not completed]
2019-10-17 19:47:29,049 [main] INFO  impl.RaftServerProxy (RaftServerProxy.java:lambda$null$0(191)) - 32a164c3-8bb9-4158-a4d7-ada9eb729037: found a subdirectory /workdir/hadoop-ozone/integration-test/target/test-dir/MiniOzoneClusterImpl-020edf65-e88b-4f0c-8058-f5c4b9bdd7d8/datanode-2/data/ratis/0c7b50ec-8218-4544-ab7a-c535b6be4f3c
2019-10-17 19:47:29,049 [main] INFO  impl.RaftServerProxy (RaftServerProxy.java:addNew(89)) - 32a164c3-8bb9-4158-a4d7-ada9eb729037: addNew group-C535B6BE4F3C:[] returns group-C535B6BE4F3C:java.util.concurrent.CompletableFuture@41ad373[Not completed]
2019-10-17 19:47:29,055 [pool-59-thread-1] INFO  impl.RaftServerImpl (RaftServerImpl.java:<init>(104)) - 32a164c3-8bb9-4158-a4d7-ada9eb729037: new RaftServerImpl for group-4CC069B2961E:[] with ContainerStateMachine:uninitialized
2019-10-17 19:47:29,055 [pool-59-thread-1] INFO  server.RaftServerConfigKeys (ConfUtils.java:logGet(43)) - raft.server.rpc.timeout.min = 5s (custom)
2019-10-17 19:47:29,055 [pool-59-thread-1] INFO  server.RaftServerConfigKeys (ConfUtils.java:logGet(43)) - raft.server.rpc.timeout.max = 5200ms (custom)
2019-10-17 19:47:29,055 [pool-59-thread-1] INFO  server.RaftServerConfigKeys (ConfUtils.java:logGet(43)) - raft.server.rpcslowness.timeout = 1000s (custom)
2019-10-17 19:47:29,055 [pool-59-thread-1] INFO  server.RaftServerConfigKeys (ConfUtils.java:logGet(43)) - raft.server.sleep.deviation.threshold = 300 (default)
2019-10-17 19:47:29,055 [pool-59-thread-1] INFO  server.RaftServerConfigKeys (ConfUtils.java:logGet(43)) - raft.server.log.appender.install.snapshot.enabled = false (custom)
2019-10-17 19:47:29,055 [pool-59-thread-1] INFO  impl.RaftServerImpl (ServerState.java:<init>(103)) - 32a164c3-8bb9-4158-a4d7-ada9eb729037@group-4CC069B2961E: ConfigurationManager, init=-1: [], old=null, confs=<EMPTY_MAP>
2019-10-17 19:47:29,055 [pool-59-thread-1] INFO  server.RaftServerConfigKeys (ConfUtils.java:logGet(43)) - raft.server.storage.dir = [/workdir/hadoop-ozone/integration-test/target/test-dir/MiniOzoneClusterImpl-020edf65-e88b-4f0c-8058-f5c4b9bdd7d8/datanode-2/data/ratis] (custom)
2019-10-17 19:47:29,056 [pool-59-thread-1] INFO  server.RaftServerConfigKeys (ConfUtils.java:logGet(43)) - raft.server.log.corruption.policy = EXCEPTION (default)
2019-10-17 19:47:29,056 [main] INFO  hdfs.DFSUtil (DFSUtil.java:httpServerTemplateForNNAndJN(1641)) - Starting Web-server for hddsDatanode at: http://0.0.0.0:36397
2019-10-17 19:47:29,058 [main] INFO  server.AuthenticationFilter (AuthenticationFilter.java:constructSecretProvider(240)) - Unable to initialize FileSignerSecretProvider, falling back to use random secrets.
2019-10-17 19:47:29,058 [main] WARN  http.HttpRequestLog (HttpRequestLog.java:getRequestLog(97)) - Jetty request log can only be enabled using Log4j
2019-10-17 19:47:29,060 [main] INFO  http.HttpServer2 (HttpServer2.java:addGlobalFilter(975)) - Added global filter 'safety' (class=org.apache.hadoop.http.HttpServer2$QuotingInputFilter)
2019-10-17 19:47:29,060 [main] INFO  http.HttpServer2 (HttpServer2.java:addFilter(948)) - Added filter static_user_filter (class=org.apache.hadoop.http.lib.StaticUserWebFilter$StaticUserFilter) to context hddsDatanode
2019-10-17 19:47:29,060 [main] INFO  http.HttpServer2 (HttpServer2.java:addFilter(958)) - Added filter static_user_filter (class=org.apache.hadoop.http.lib.StaticUserWebFilter$StaticUserFilter) to context logs
2019-10-17 19:47:29,061 [main] INFO  http.HttpServer2 (HttpServer2.java:addFilter(958)) - Added filter static_user_filter (class=org.apache.hadoop.http.lib.StaticUserWebFilter$StaticUserFilter) to context static
2019-10-17 19:47:29,061 [main] INFO  http.HttpServer2 (HttpServer2.java:bindListener(1191)) - Jetty bound to port 36397
2019-10-17 19:47:29,062 [main] INFO  server.Server (Server.java:doStart(351)) - jetty-9.3.25.v20180904, build timestamp: 2018-09-04T21:11:46Z, git hash: 3ce520221d0240229c862b122d2b06c12a625732
2019-10-17 19:47:29,063 [main] INFO  handler.ContextHandler (ContextHandler.java:doStart(781)) - Started o.e.j.s.ServletContextHandler@d2291de{/logs,file:///workdir/hadoop-ozone/integration-test/target/log,AVAILABLE}
2019-10-17 19:47:29,063 [main] INFO  handler.ContextHandler (ContextHandler.java:doStart(781)) - Started o.e.j.s.ServletContextHandler@41a374be{/static,jar:file:/home/user/.m2/repository/org/apache/hadoop/hadoop-hdds-container-service/0.5.0-SNAPSHOT/hadoop-hdds-container-service-0.5.0-SNAPSHOT.jar!/webapps/static,AVAILABLE}
2019-10-17 19:47:29,078 [pool-59-thread-1] INFO  storage.RaftStorageDirectory (RaftStorageDirectory.java:tryLock(328)) - Lock on /workdir/hadoop-ozone/integration-test/target/test-dir/MiniOzoneClusterImpl-020edf65-e88b-4f0c-8058-f5c4b9bdd7d8/datanode-2/data/ratis/adc40928-88ac-46dc-94be-4cc069b2961e/in_use.lock acquired by nodename 1125@pr-hdds-1868-s6sc9-3720172378
2019-10-17 19:47:29,080 [pool-59-thread-1] INFO  ratis.ContainerStateMachine (ContainerStateMachine.java:loadSnapshot(242)) - group-4CC069B2961E: Setting the last applied index to (t:2, i:3)
2019-10-17 19:47:29,083 [pool-59-thread-1] INFO  impl.RaftServerImpl (ServerState.java:setRaftConf(357)) - 32a164c3-8bb9-4158-a4d7-ada9eb729037@group-4CC069B2961E: set configuration 0: [32a164c3-8bb9-4158-a4d7-ada9eb729037:192.168.164.201:42866, 5fa7c213-d229-4dfb-b48e-377c0ca33348:192.168.164.201:37765, fa049fba-12b8-4e17-ac2d-38ea71bdd2ce:192.168.164.201:41821], old=null at 0
2019-10-17 19:47:29,083 [pool-59-thread-1] INFO  server.RaftServerConfigKeys (ConfUtils.java:logGet(43)) - raft.server.notification.no-leader.timeout = 1000s (custom)
2019-10-17 19:47:29,084 [pool-59-thread-1] INFO  server.RaftServerConfigKeys (ConfUtils.java:logGet(43)) - raft.server.log.use.memory = false (default)
2019-10-17 19:47:29,084 [pool-59-thread-1] INFO  server.RaftServerConfigKeys (ConfUtils.java:logGet(43)) - raft.server.log.purge.gap = 1000000 (custom)
2019-10-17 19:47:29,084 [pool-59-thread-1] INFO  server.RaftServerConfigKeys (ConfUtils.java:logGet(43)) - raft.server.log.appender.buffer.byte-limit = 33554432 (custom)
2019-10-17 19:47:29,084 [pool-59-thread-1] INFO  server.RaftServerConfigKeys (ConfUtils.java:logGet(43)) - raft.server.log.segment.size.max = 1048576 (custom)
2019-10-17 19:47:29,084 [pool-59-thread-1] INFO  server.RaftServerConfigKeys (ConfUtils.java:logGet(43)) - raft.server.log.segment.cache.num.max = 2 (custom)
2019-10-17 19:47:29,084 [pool-59-thread-1] INFO  segmented.SegmentedRaftLogWorker (SegmentedRaftLogWorker.java:<init>(173)) - new 32a164c3-8bb9-4158-a4d7-ada9eb729037@group-4CC069B2961E-SegmentedRaftLogWorker for RaftStorage:Storage Directory /workdir/hadoop-ozone/integration-test/target/test-dir/MiniOzoneClusterImpl-020edf65-e88b-4f0c-8058-f5c4b9bdd7d8/datanode-2/data/ratis/adc40928-88ac-46dc-94be-4cc069b2961e
2019-10-17 19:47:29,084 [pool-59-thread-1] INFO  server.RaftServerConfigKeys (ConfUtils.java:logGet(43)) - raft.server.log.queue.byte-limit = 2147483647 (custom)
2019-10-17 19:47:29,084 [pool-59-thread-1] INFO  server.RaftServerConfigKeys (ConfUtils.java:logGet(43)) - raft.server.log.queue.element-limit = 1024 (custom)
2019-10-17 19:47:29,084 [pool-59-thread-1] INFO  server.RaftServerConfigKeys (ConfUtils.java:logGet(43)) - raft.server.log.segment.size.max = 1048576 (custom)
2019-10-17 19:47:29,084 [pool-59-thread-1] INFO  server.RaftServerConfigKeys (ConfUtils.java:logGet(43)) - raft.server.log.preallocated.size = 16384 (custom)
2019-10-17 19:47:29,084 [pool-59-thread-1] INFO  server.RaftServerConfigKeys (ConfUtils.java:logGet(43)) - raft.server.log.write.buffer.size = 33554432 (custom)
2019-10-17 19:47:29,084 [pool-59-thread-1] INFO  server.RaftServerConfigKeys (ConfUtils.java:logGet(43)) - raft.server.log.force.sync.num = 128 (default)
2019-10-17 19:47:29,084 [pool-59-thread-1] INFO  server.RaftServerConfigKeys (ConfUtils.java:logGet(43)) - raft.server.log.statemachine.data.sync = true (default)
2019-10-17 19:47:29,085 [pool-59-thread-1] INFO  server.RaftServerConfigKeys (ConfUtils.java:logGet(43)) - raft.server.log.statemachine.data.sync.timeout = 10s (default)
2019-10-17 19:47:29,085 [pool-59-thread-1] INFO  server.RaftServerConfigKeys (ConfUtils.java:logGet(43)) - raft.server.log.statemachine.data.sync.timeout.retry = -1 (default)
2019-10-17 19:47:29,085 [pool-59-thread-1] INFO  server.RaftServerConfigKeys (ConfUtils.java:logGet(43)) - raft.server.log.statemachine.data.caching.enabled = true (custom)
2019-10-17 19:47:29,089 [pool-59-thread-1] INFO  impl.RaftServerImpl (ServerState.java:setRaftConf(357)) - 32a164c3-8bb9-4158-a4d7-ada9eb729037@group-4CC069B2961E: set configuration 0: [32a164c3-8bb9-4158-a4d7-ada9eb729037:192.168.164.201:42866, 5fa7c213-d229-4dfb-b48e-377c0ca33348:192.168.164.201:37765, fa049fba-12b8-4e17-ac2d-38ea71bdd2ce:192.168.164.201:41821], old=null at 0
2019-10-17 19:47:29,090 [pool-59-thread-1] INFO  segmented.LogSegment (LogSegment.java:loadSegment(140)) - Successfully read 5 entries from segment file /workdir/hadoop-ozone/integration-test/target/test-dir/MiniOzoneClusterImpl-020edf65-e88b-4f0c-8058-f5c4b9bdd7d8/datanode-2/data/ratis/adc40928-88ac-46dc-94be-4cc069b2961e/current/log_inprogress_0
2019-10-17 19:47:29,090 [pool-59-thread-1] INFO  segmented.SegmentedRaftLogWorker (SegmentedRaftLogWorker.java:lambda$new$0(128)) - 32a164c3-8bb9-4158-a4d7-ada9eb729037@group-4CC069B2961E-SegmentedRaftLogWorker: flushIndex: setUnconditionally 0 -> 4
2019-10-17 19:47:29,093 [main] INFO  handler.ContextHandler (ContextHandler.java:doStart(781)) - Started o.e.j.w.WebAppContext@6fbc1bb{/,file:///tmp/jetty-0.0.0.0-36397-hddsDatanode-_-any-7857743672754712636.dir/webapp/,AVAILABLE}{/hddsDatanode}
2019-10-17 19:47:29,093 [main] INFO  server.AbstractConnector (AbstractConnector.java:doStart(278)) - Started ServerConnector@30c4e352{HTTP/1.1,[http/1.1]}{0.0.0.0:36397}
2019-10-17 19:47:29,111 [pool-59-thread-1] INFO  raftlog.RaftLog (RaftLog.java:lambda$new$0(61)) - 32a164c3-8bb9-4158-a4d7-ada9eb729037@group-4CC069B2961E-SegmentedRaftLog: commitIndex: updateToMax old=3, new=3, updated? false
2019-10-17 19:47:29,111 [main] INFO  server.Server (Server.java:doStart(419)) - Started @117009ms
2019-10-17 19:47:29,111 [main] WARN  impl.MetricsSystemImpl (MetricsSystemImpl.java:register(276)) - Sink prometheus already exists!
2019-10-17 19:47:29,111 [pool-59-thread-1] INFO  server.RaftServerConfigKeys (ConfUtils.java:logGet(43)) - raft.server.snapshot.auto.trigger.enabled = true (custom)
2019-10-17 19:47:29,111 [pool-59-thread-1] INFO  server.RaftServerConfigKeys (ConfUtils.java:logGet(43)) - raft.server.snapshot.auto.trigger.threshold = 10000 (custom)
2019-10-17 19:47:29,112 [pool-59-thread-1] INFO  server.RaftServerConfigKeys (ConfUtils.java:logGet(43)) - raft.server.snapshot.retention.file.num = 5 (custom)
2019-10-17 19:47:29,112 [pool-59-thread-1] INFO  server.RaftServerConfigKeys (ConfUtils.java:logGet(43)) - raft.server.retrycache.expirytime = 600000ms (custom)
2019-10-17 19:47:29,112 [main] INFO  server.BaseHttpServer (BaseHttpServer.java:updateConnectorAddress(215)) - HTTP server of HDDSDATANODE is listening at http://0.0.0.0:36397
2019-10-17 19:47:29,113 [pool-59-thread-1] INFO  impl.RaftServerImpl (RaftServerImpl.java:<init>(104)) - 32a164c3-8bb9-4158-a4d7-ada9eb729037: new RaftServerImpl for group-C535B6BE4F3C:[] with ContainerStateMachine:uninitialized
2019-10-17 19:47:29,113 [pool-59-thread-1] INFO  server.RaftServerConfigKeys (ConfUtils.java:logGet(43)) - raft.server.rpc.timeout.min = 5s (custom)
2019-10-17 19:47:29,113 [pool-59-thread-1] INFO  server.RaftServerConfigKeys (ConfUtils.java:logGet(43)) - raft.server.rpc.timeout.max = 5200ms (custom)
2019-10-17 19:47:29,114 [pool-59-thread-1] INFO  server.RaftServerConfigKeys (ConfUtils.java:logGet(43)) - raft.server.rpcslowness.timeout = 1000s (custom)
2019-10-17 19:47:29,114 [pool-59-thread-1] INFO  server.RaftServerConfigKeys (ConfUtils.java:logGet(43)) - raft.server.sleep.deviation.threshold = 300 (default)
2019-10-17 19:47:29,114 [org.apache.hadoop.util.JvmPauseMonitor$Monitor@13486d29] INFO  util.JvmPauseMonitor (JvmPauseMonitor.java:run(188)) - Starting JVM pause monitor
2019-10-17 19:47:29,114 [pool-59-thread-1] INFO  server.RaftServerConfigKeys (ConfUtils.java:logGet(43)) - raft.server.log.appender.install.snapshot.enabled = false (custom)
2019-10-17 19:47:29,114 [pool-59-thread-1] INFO  impl.RaftServerImpl (ServerState.java:<init>(103)) - 32a164c3-8bb9-4158-a4d7-ada9eb729037@group-C535B6BE4F3C: ConfigurationManager, init=-1: [], old=null, confs=<EMPTY_MAP>
2019-10-17 19:47:29,114 [pool-59-thread-1] INFO  server.RaftServerConfigKeys (ConfUtils.java:logGet(43)) - raft.server.storage.dir = [/workdir/hadoop-ozone/integration-test/target/test-dir/MiniOzoneClusterImpl-020edf65-e88b-4f0c-8058-f5c4b9bdd7d8/datanode-2/data/ratis] (custom)
2019-10-17 19:47:29,114 [pool-59-thread-1] INFO  server.RaftServerConfigKeys (ConfUtils.java:logGet(43)) - raft.server.log.corruption.policy = EXCEPTION (default)
2019-10-17 19:47:29,137 [pool-59-thread-1] INFO  storage.RaftStorageDirectory (RaftStorageDirectory.java:tryLock(328)) - Lock on /workdir/hadoop-ozone/integration-test/target/test-dir/MiniOzoneClusterImpl-020edf65-e88b-4f0c-8058-f5c4b9bdd7d8/datanode-2/data/ratis/0c7b50ec-8218-4544-ab7a-c535b6be4f3c/in_use.lock acquired by nodename 1125@pr-hdds-1868-s6sc9-3720172378
2019-10-17 19:47:29,137 [pool-59-thread-1] INFO  ratis.ContainerStateMachine (ContainerStateMachine.java:loadSnapshot(233)) - group-C535B6BE4F3C: The snapshot info is null. Setting the last applied indexto:(t:0, i:~)
2019-10-17 19:47:29,137 [pool-59-thread-1] INFO  server.RaftServerConfigKeys (ConfUtils.java:logGet(43)) - raft.server.notification.no-leader.timeout = 1000s (custom)
2019-10-17 19:47:29,137 [pool-59-thread-1] INFO  server.RaftServerConfigKeys (ConfUtils.java:logGet(43)) - raft.server.log.use.memory = false (default)
2019-10-17 19:47:29,137 [pool-59-thread-1] INFO  server.RaftServerConfigKeys (ConfUtils.java:logGet(43)) - raft.server.log.purge.gap = 1000000 (custom)
2019-10-17 19:47:29,138 [pool-59-thread-1] INFO  server.RaftServerConfigKeys (ConfUtils.java:logGet(43)) - raft.server.log.appender.buffer.byte-limit = 33554432 (custom)
2019-10-17 19:47:29,138 [pool-59-thread-1] INFO  server.RaftServerConfigKeys (ConfUtils.java:logGet(43)) - raft.server.log.segment.size.max = 1048576 (custom)
2019-10-17 19:47:29,138 [pool-59-thread-1] INFO  server.RaftServerConfigKeys (ConfUtils.java:logGet(43)) - raft.server.log.segment.cache.num.max = 2 (custom)
2019-10-17 19:47:29,138 [pool-59-thread-1] INFO  segmented.SegmentedRaftLogWorker (SegmentedRaftLogWorker.java:<init>(173)) - new 32a164c3-8bb9-4158-a4d7-ada9eb729037@group-C535B6BE4F3C-SegmentedRaftLogWorker for RaftStorage:Storage Directory /workdir/hadoop-ozone/integration-test/target/test-dir/MiniOzoneClusterImpl-020edf65-e88b-4f0c-8058-f5c4b9bdd7d8/datanode-2/data/ratis/0c7b50ec-8218-4544-ab7a-c535b6be4f3c
2019-10-17 19:47:29,138 [pool-59-thread-1] INFO  server.RaftServerConfigKeys (ConfUtils.java:logGet(43)) - raft.server.log.queue.byte-limit = 2147483647 (custom)
2019-10-17 19:47:29,138 [pool-59-thread-1] INFO  server.RaftServerConfigKeys (ConfUtils.java:logGet(43)) - raft.server.log.queue.element-limit = 1024 (custom)
2019-10-17 19:47:29,138 [pool-59-thread-1] INFO  server.RaftServerConfigKeys (ConfUtils.java:logGet(43)) - raft.server.log.segment.size.max = 1048576 (custom)
2019-10-17 19:47:29,138 [pool-59-thread-1] INFO  server.RaftServerConfigKeys (ConfUtils.java:logGet(43)) - raft.server.log.preallocated.size = 16384 (custom)
2019-10-17 19:47:29,138 [pool-59-thread-1] INFO  server.RaftServerConfigKeys (ConfUtils.java:logGet(43)) - raft.server.log.write.buffer.size = 33554432 (custom)
2019-10-17 19:47:29,138 [pool-59-thread-1] INFO  server.RaftServerConfigKeys (ConfUtils.java:logGet(43)) - raft.server.log.force.sync.num = 128 (default)
2019-10-17 19:47:29,138 [pool-59-thread-1] INFO  server.RaftServerConfigKeys (ConfUtils.java:logGet(43)) - raft.server.log.statemachine.data.sync = true (default)
2019-10-17 19:47:29,139 [pool-59-thread-1] INFO  server.RaftServerConfigKeys (ConfUtils.java:logGet(43)) - raft.server.log.statemachine.data.sync.timeout = 10s (default)
2019-10-17 19:47:29,139 [pool-59-thread-1] INFO  server.RaftServerConfigKeys (ConfUtils.java:logGet(43)) - raft.server.log.statemachine.data.sync.timeout.retry = -1 (default)
2019-10-17 19:47:29,139 [pool-59-thread-1] INFO  server.RaftServerConfigKeys (ConfUtils.java:logGet(43)) - raft.server.log.statemachine.data.caching.enabled = true (custom)
2019-10-17 19:47:29,139 [pool-59-thread-1] INFO  impl.RaftServerImpl (ServerState.java:setRaftConf(357)) - 32a164c3-8bb9-4158-a4d7-ada9eb729037@group-C535B6BE4F3C: set configuration 0: [32a164c3-8bb9-4158-a4d7-ada9eb729037:192.168.164.201:42866], old=null at 0
2019-10-17 19:47:29,139 [pool-59-thread-1] INFO  segmented.LogSegment (LogSegment.java:loadSegment(140)) - Successfully read 1 entries from segment file /workdir/hadoop-ozone/integration-test/target/test-dir/MiniOzoneClusterImpl-020edf65-e88b-4f0c-8058-f5c4b9bdd7d8/datanode-2/data/ratis/0c7b50ec-8218-4544-ab7a-c535b6be4f3c/current/log_inprogress_0
2019-10-17 19:47:29,140 [pool-59-thread-1] INFO  segmented.SegmentedRaftLogWorker (SegmentedRaftLogWorker.java:lambda$new$0(128)) - 32a164c3-8bb9-4158-a4d7-ada9eb729037@group-C535B6BE4F3C-SegmentedRaftLogWorker: flushIndex: setUnconditionally 0 -> 0
2019-10-17 19:47:29,163 [pool-59-thread-1] INFO  server.RaftServerConfigKeys (ConfUtils.java:logGet(43)) - raft.server.snapshot.auto.trigger.enabled = true (custom)
2019-10-17 19:47:29,163 [pool-59-thread-1] INFO  server.RaftServerConfigKeys (ConfUtils.java:logGet(43)) - raft.server.snapshot.auto.trigger.threshold = 10000 (custom)
2019-10-17 19:47:29,163 [pool-59-thread-1] INFO  server.RaftServerConfigKeys (ConfUtils.java:logGet(43)) - raft.server.snapshot.retention.file.num = 5 (custom)
2019-10-17 19:47:29,163 [pool-59-thread-1] INFO  server.RaftServerConfigKeys (ConfUtils.java:logGet(43)) - raft.server.retrycache.expirytime = 600000ms (custom)
2019-10-17 19:47:29,171 [SCMBlockDeletingService#0] INFO  block.SCMBlockDeletingService (SCMBlockDeletingService.java:call(184)) - Totally added 1 delete blocks command for 1 datanodes, task elapsed time: 0ms
2019-10-17 19:47:29,172 [pool-7-thread-1] INFO  commands.RetriableDatanodeEventWatcher (RetriableDatanodeEventWatcher.java:onTimeout(47)) - RetriableDatanodeCommand type=deleteBlocksCommand with id=1571341648166 timed out. Retrying.
2019-10-17 19:47:29,682 [Thread-647] INFO  client.GrpcClientProtocolService (GrpcClientProtocolService.java:lambda$processClientRequest$0(278)) - Failed RaftClientRequest:client-30F7F12B0123->5fa7c213-d229-4dfb-b48e-377c0ca33348@group-4CC069B2961E, cid=16, seq=0, Watch-ALL_COMMITTED(6), Message:<EMPTY>, reply=RaftClientReply:client-30F7F12B0123->5fa7c213-d229-4dfb-b48e-377c0ca33348@group-4CC069B2961E, cid=16, FAILED org.apache.ratis.protocol.NotReplicatedException: Request with call Id 16 and log index 6 is not yet replicated to ALL_COMMITTED, logIndex=6, commits[5fa7c213-d229-4dfb-b48e-377c0ca33348:c10, 32a164c3-8bb9-4158-a4d7-ada9eb729037:c4, fa049fba-12b8-4e17-ac2d-38ea71bdd2ce:c10]
2019-10-17 19:47:29,990 [BlockDeletingService#2] WARN  background.BlockDeletingService (BlockDeletingService.java:isDeletionAllowed(187)) - Close Container log Index 6 is not replicated across allthe servers in the pipeline adc40928-88ac-46dc-94be-4cc069b2961e as the min replicated index is 4. Deletion is not allowed in this container yet.
2019-10-17 19:47:29,990 [BlockDeletingService#3] WARN  background.BlockDeletingService (BlockDeletingService.java:isDeletionAllowed(187)) - Close Container log Index 6 is not replicated across allthe servers in the pipeline adc40928-88ac-46dc-94be-4cc069b2961e as the min replicated index is 4. Deletion is not allowed in this container yet.
2019-10-17 19:47:30,171 [pool-7-thread-1] INFO  commands.RetriableDatanodeEventWatcher (RetriableDatanodeEventWatcher.java:onTimeout(47)) - RetriableDatanodeCommand type=deleteBlocksCommand with id=1571341648168 timed out. Retrying.
2019-10-17 19:47:30,172 [SCMBlockDeletingService#0] INFO  block.SCMBlockDeletingService (SCMBlockDeletingService.java:call(184)) - Totally added 1 delete blocks command for 1 datanodes, task elapsed time: 0ms
2019-10-17 19:47:30,173 [pool-7-thread-1] INFO  commands.RetriableDatanodeEventWatcher (RetriableDatanodeEventWatcher.java:onTimeout(47)) - RetriableDatanodeCommand type=deleteBlocksCommand with id=1571341648166 timed out. Retrying.
2019-10-17 19:47:30,907 [java.util.concurrent.ThreadPoolExecutor$Worker@6214d2e6[State = -1, empty queue]] WARN  server.GrpcLogAppender (GrpcLogAppender.java:timeoutAppendRequest(209)) - 5fa7c213-d229-4dfb-b48e-377c0ca33348@group-4CC069B2961E->32a164c3-8bb9-4158-a4d7-ada9eb729037-GrpcLogAppender: appendEntries Timeout, request=5fa7c213-d229-4dfb-b48e-377c0ca33348->32a164c3-8bb9-4158-a4d7-ada9eb729037#51-t2, previous=(t:2, i:10), leaderCommit=10, initializing? false, entries: <empty>
2019-10-17 19:47:30,992 [BlockDeletingService#2] WARN  background.BlockDeletingService (BlockDeletingService.java:isDeletionAllowed(187)) - Close Container log Index 6 is not replicated across allthe servers in the pipeline adc40928-88ac-46dc-94be-4cc069b2961e as the min replicated index is 4. Deletion is not allowed in this container yet.
2019-10-17 19:47:30,993 [BlockDeletingService#3] WARN  background.BlockDeletingService (BlockDeletingService.java:isDeletionAllowed(187)) - Close Container log Index 6 is not replicated across allthe servers in the pipeline adc40928-88ac-46dc-94be-4cc069b2961e as the min replicated index is 4. Deletion is not allowed in this container yet.
2019-10-17 19:47:31,117 [Datanode State Machine Thread - 0] INFO  ozoneimpl.OzoneContainer (OzoneContainer.java:start(213)) - Attempting to start container services.
2019-10-17 19:47:31,118 [Datanode State Machine Thread - 0] INFO  ozoneimpl.OzoneContainer (OzoneContainer.java:startContainerScrub(177)) - Background container scanner has been disabled.
2019-10-17 19:47:31,118 [Datanode State Machine Thread - 0] INFO  ratis.XceiverServerRatis (XceiverServerRatis.java:start(425)) - Starting XceiverServerRatis 32a164c3-8bb9-4158-a4d7-ada9eb729037 at port 42866
2019-10-17 19:47:31,130 [Datanode State Machine Thread - 0] INFO  impl.RaftServerImpl (RaftServerImpl.java:start(195)) - 32a164c3-8bb9-4158-a4d7-ada9eb729037@group-4CC069B2961E: start as a follower, conf=0: [32a164c3-8bb9-4158-a4d7-ada9eb729037:192.168.164.201:42866, 5fa7c213-d229-4dfb-b48e-377c0ca33348:192.168.164.201:37765, fa049fba-12b8-4e17-ac2d-38ea71bdd2ce:192.168.164.201:41821], old=null
2019-10-17 19:47:31,131 [ForkJoinPool.commonPool-worker-1] INFO  impl.RaftServerImpl (RaftServerImpl.java:start(195)) - 32a164c3-8bb9-4158-a4d7-ada9eb729037@group-C535B6BE4F3C: start as a follower, conf=0: [32a164c3-8bb9-4158-a4d7-ada9eb729037:192.168.164.201:42866], old=null
2019-10-17 19:47:31,131 [Datanode State Machine Thread - 0] INFO  impl.RaftServerImpl (RaftServerImpl.java:setRole(184)) - 32a164c3-8bb9-4158-a4d7-ada9eb729037@group-4CC069B2961E: changes role from      null to FOLLOWER at term 2 for startAsFollower
2019-10-17 19:47:31,131 [ForkJoinPool.commonPool-worker-1] INFO  impl.RaftServerImpl (RaftServerImpl.java:setRole(184)) - 32a164c3-8bb9-4158-a4d7-ada9eb729037@group-C535B6BE4F3C: changes role from      null to FOLLOWER at term 1 for startAsFollower
2019-10-17 19:47:31,131 [Datanode State Machine Thread - 0] INFO  impl.RoleInfo (RoleInfo.java:updateAndGet(143)) - 32a164c3-8bb9-4158-a4d7-ada9eb729037: start FollowerState
2019-10-17 19:47:31,132 [ForkJoinPool.commonPool-worker-1] INFO  impl.RoleInfo (RoleInfo.java:updateAndGet(143)) - 32a164c3-8bb9-4158-a4d7-ada9eb729037: start FollowerState
2019-10-17 19:47:31,132 [Datanode State Machine Thread - 0] INFO  util.JmxRegister (JmxRegister.java:tryRegister(44)) - Successfully registered JMX Bean with object name Ratis:service=RaftServer,group=group-4CC069B2961E,id=32a164c3-8bb9-4158-a4d7-ada9eb729037
2019-10-17 19:47:31,132 [ForkJoinPool.commonPool-worker-1] INFO  util.JmxRegister (JmxRegister.java:tryRegister(44)) - Successfully registered JMX Bean with object name Ratis:service=RaftServer,group=group-C535B6BE4F3C,id=32a164c3-8bb9-4158-a4d7-ada9eb729037
2019-10-17 19:47:31,133 [Datanode State Machine Thread - 0] INFO  impl.RaftServerProxy (RaftServerProxy.java:lambda$start$3(299)) - 32a164c3-8bb9-4158-a4d7-ada9eb729037: start RPC server
2019-10-17 19:47:31,135 [Datanode State Machine Thread - 0] INFO  server.GrpcService (GrpcService.java:startImpl(158)) - 32a164c3-8bb9-4158-a4d7-ada9eb729037: GrpcService started, listening on 0.0.0.0/0.0.0.0:42866
2019-10-17 19:47:31,171 [pool-7-thread-1] INFO  commands.RetriableDatanodeEventWatcher (RetriableDatanodeEventWatcher.java:onTimeout(47)) - RetriableDatanodeCommand type=deleteBlocksCommand with id=1571341648168 timed out. Retrying.
2019-10-17 19:47:31,172 [pool-7-thread-1] INFO  commands.RetriableDatanodeEventWatcher (RetriableDatanodeEventWatcher.java:onTimeout(47)) - RetriableDatanodeCommand type=deleteBlocksCommand with id=1571341648169 timed out. Retrying.
2019-10-17 19:47:31,173 [SCMBlockDeletingService#0] INFO  block.SCMBlockDeletingService (SCMBlockDeletingService.java:call(184)) - Totally added 1 delete blocks command for 1 datanodes, task elapsed time: 0ms
2019-10-17 19:47:31,174 [pool-7-thread-1] INFO  commands.RetriableDatanodeEventWatcher (RetriableDatanodeEventWatcher.java:onTimeout(47)) - RetriableDatanodeCommand type=deleteBlocksCommand with id=1571341648166 timed out. Retrying.
2019-10-17 19:47:31,215 [Thread-653] INFO  impl.FollowerState (FollowerState.java:run(108)) - 32a164c3-8bb9-4158-a4d7-ada9eb729037@group-4CC069B2961E-FollowerState: change to CANDIDATE, lastRpcTime:83ms, electionTimeout:83ms
2019-10-17 19:47:31,215 [Thread-653] INFO  impl.RoleInfo (RoleInfo.java:shutdownFollowerState(121)) - 32a164c3-8bb9-4158-a4d7-ada9eb729037: shutdown FollowerState
2019-10-17 19:47:31,216 [Thread-653] INFO  impl.RaftServerImpl (RaftServerImpl.java:setRole(184)) - 32a164c3-8bb9-4158-a4d7-ada9eb729037@group-4CC069B2961E: changes role from  FOLLOWER to CANDIDATE at term 2 for changeToCandidate
2019-10-17 19:47:31,216 [Thread-653] INFO  impl.RoleInfo (RoleInfo.java:updateAndGet(143)) - 32a164c3-8bb9-4158-a4d7-ada9eb729037: start LeaderElection
2019-10-17 19:47:31,241 [32a164c3-8bb9-4158-a4d7-ada9eb729037@group-4CC069B2961E-LeaderElection19] INFO  impl.LeaderElection (LeaderElection.java:askForVotes(178)) - 32a164c3-8bb9-4158-a4d7-ada9eb729037@group-4CC069B2961E-LeaderElection19: begin an election at term 3 for 0: [32a164c3-8bb9-4158-a4d7-ada9eb729037:192.168.164.201:42866, 5fa7c213-d229-4dfb-b48e-377c0ca33348:192.168.164.201:37765, fa049fba-12b8-4e17-ac2d-38ea71bdd2ce:192.168.164.201:41821], old=null
2019-10-17 19:47:31,249 [grpc-default-executor-6] INFO  impl.RaftServerImpl (ServerState.java:setLeader(256)) - fa049fba-12b8-4e17-ac2d-38ea71bdd2ce@group-4CC069B2961E: change Leader from 5fa7c213-d229-4dfb-b48e-377c0ca33348 to null at term 3 for updateCurrentTerm
2019-10-17 19:47:31,249 [grpc-default-executor-3] INFO  impl.RaftServerImpl (ServerState.java:setLeader(256)) - 5fa7c213-d229-4dfb-b48e-377c0ca33348@group-4CC069B2961E: change Leader from 5fa7c213-d229-4dfb-b48e-377c0ca33348 to null at term 3 for updateCurrentTerm
2019-10-17 19:47:31,249 [grpc-default-executor-6] INFO  impl.RaftServerImpl (RaftServerImpl.java:setRole(184)) - fa049fba-12b8-4e17-ac2d-38ea71bdd2ce@group-4CC069B2961E: changes role from  FOLLOWER to FOLLOWER at term 3 for recognizeCandidate:32a164c3-8bb9-4158-a4d7-ada9eb729037
2019-10-17 19:47:31,249 [grpc-default-executor-3] INFO  impl.RaftServerImpl (RaftServerImpl.java:setRole(184)) - 5fa7c213-d229-4dfb-b48e-377c0ca33348@group-4CC069B2961E: changes role from    LEADER to FOLLOWER at term 3 for recognizeCandidate:32a164c3-8bb9-4158-a4d7-ada9eb729037
2019-10-17 19:47:31,250 [grpc-default-executor-6] INFO  impl.RoleInfo (RoleInfo.java:shutdownFollowerState(121)) - fa049fba-12b8-4e17-ac2d-38ea71bdd2ce: shutdown FollowerState
2019-10-17 19:47:31,250 [grpc-default-executor-3] INFO  impl.RoleInfo (RoleInfo.java:shutdownLeaderState(104)) - 5fa7c213-d229-4dfb-b48e-377c0ca33348: shutdown LeaderState
2019-10-17 19:47:31,250 [grpc-default-executor-6] INFO  impl.RoleInfo (RoleInfo.java:updateAndGet(143)) - fa049fba-12b8-4e17-ac2d-38ea71bdd2ce: start FollowerState
2019-10-17 19:47:31,250 [Thread-332] INFO  impl.FollowerState (FollowerState.java:run(117)) - fa049fba-12b8-4e17-ac2d-38ea71bdd2ce@group-4CC069B2961E-FollowerState was interrupted: java.lang.InterruptedException: sleep interrupted
2019-10-17 19:47:31,252 [grpc-default-executor-3] INFO  impl.PendingRequests (PendingRequests.java:sendNotLeaderResponses(202)) - 5fa7c213-d229-4dfb-b48e-377c0ca33348@group-4CC069B2961E-PendingRequests: sendNotLeaderResponses
2019-10-17 19:47:31,252 [org.apache.ratis.server.impl.LogAppender$AppenderDaemon$$Lambda$438/1181304472@73ebfdfe] WARN  server.GrpcLogAppender (GrpcLogAppender.java:mayWait(149)) - 5fa7c213-d229-4dfb-b48e-377c0ca33348@group-4CC069B2961E->fa049fba-12b8-4e17-ac2d-38ea71bdd2ce-GrpcLogAppender: Wait interrupted by java.lang.InterruptedException
2019-10-17 19:47:31,252 [org.apache.ratis.server.impl.LogAppender$AppenderDaemon$$Lambda$438/1181304472@42e33b2f] WARN  server.GrpcLogAppender (GrpcLogAppender.java:mayWait(149)) - 5fa7c213-d229-4dfb-b48e-377c0ca33348@group-4CC069B2961E->32a164c3-8bb9-4158-a4d7-ada9eb729037-GrpcLogAppender: Wait interrupted by java.lang.InterruptedException
2019-10-17 19:47:31,255 [grpc-default-executor-0] INFO  server.GrpcServerProtocolService (GrpcServerProtocolService.java:onCompleted(113)) - fa049fba-12b8-4e17-ac2d-38ea71bdd2ce: Completed APPEND_ENTRIES, lastRequest: 5fa7c213-d229-4dfb-b48e-377c0ca33348->fa049fba-12b8-4e17-ac2d-38ea71bdd2ce#52-t2, previous=(t:2, i:10), leaderCommit=10, initializing? false, entries: <empty>
2019-10-17 19:47:31,255 [grpc-default-executor-3] INFO  impl.RoleInfo (RoleInfo.java:updateAndGet(143)) - 5fa7c213-d229-4dfb-b48e-377c0ca33348: start FollowerState
2019-10-17 19:47:31,255 [Thread-662] INFO  client.GrpcClientProtocolService (GrpcClientProtocolService.java:lambda$processClientRequest$0(278)) - Failed RaftClientRequest:client-30F7F12B0123->5fa7c213-d229-4dfb-b48e-377c0ca33348@group-4CC069B2961E, cid=16, seq=0, Watch-ALL_COMMITTED(6), Message:<EMPTY>, reply=RaftClientReply:client-30F7F12B0123->5fa7c213-d229-4dfb-b48e-377c0ca33348@group-4CC069B2961E, cid=16, FAILED org.apache.ratis.protocol.NotLeaderException: Server 5fa7c213-d229-4dfb-b48e-377c0ca33348@group-4CC069B2961E is not the leader, logIndex=0, commits[5fa7c213-d229-4dfb-b48e-377c0ca33348:c10, 32a164c3-8bb9-4158-a4d7-ada9eb729037:c4, fa049fba-12b8-4e17-ac2d-38ea71bdd2ce:c10]
2019-10-17 19:47:31,257 [grpc-default-executor-0] INFO  server.GrpcLogAppender (GrpcLogAppender.java:onCompleted(308)) - 5fa7c213-d229-4dfb-b48e-377c0ca33348@group-4CC069B2961E->fa049fba-12b8-4e17-ac2d-38ea71bdd2ce-AppendLogResponseHandler: follower responses appendEntries COMPLETED
2019-10-17 19:47:31,260 [32a164c3-8bb9-4158-a4d7-ada9eb729037@group-4CC069B2961E-LeaderElection19] INFO  impl.LeaderElection (LeaderElection.java:logAndReturn(56)) - 32a164c3-8bb9-4158-a4d7-ada9eb729037@group-4CC069B2961E-LeaderElection19: Election TIMEOUT; received 0 response(s) [] and 0 exception(s); 32a164c3-8bb9-4158-a4d7-ada9eb729037@group-4CC069B2961E:t3, leader=null, voted=32a164c3-8bb9-4158-a4d7-ada9eb729037, raftlog=32a164c3-8bb9-4158-a4d7-ada9eb729037@group-4CC069B2961E-SegmentedRaftLog:OPENED:c3,f4,i4, conf=0: [32a164c3-8bb9-4158-a4d7-ada9eb729037:192.168.164.201:42866, 5fa7c213-d229-4dfb-b48e-377c0ca33348:192.168.164.201:37765, fa049fba-12b8-4e17-ac2d-38ea71bdd2ce:192.168.164.201:41821], old=null
2019-10-17 19:47:31,261 [grpc-default-executor-0] INFO  impl.FollowerInfo (FollowerInfo.java:lambda$new$0(51)) - 5fa7c213-d229-4dfb-b48e-377c0ca33348@group-4CC069B2961E->fa049fba-12b8-4e17-ac2d-38ea71bdd2ce: nextIndex: updateUnconditionally 11 -> 10
2019-10-17 19:47:31,275 [32a164c3-8bb9-4158-a4d7-ada9eb729037@group-4CC069B2961E-LeaderElection19] INFO  impl.LeaderElection (LeaderElection.java:askForVotes(178)) - 32a164c3-8bb9-4158-a4d7-ada9eb729037@group-4CC069B2961E-LeaderElection19: begin an election at term 4 for 0: [32a164c3-8bb9-4158-a4d7-ada9eb729037:192.168.164.201:42866, 5fa7c213-d229-4dfb-b48e-377c0ca33348:192.168.164.201:37765, fa049fba-12b8-4e17-ac2d-38ea71bdd2ce:192.168.164.201:41821], old=null
2019-10-17 19:47:31,281 [Thread-654] INFO  impl.FollowerState (FollowerState.java:run(108)) - 32a164c3-8bb9-4158-a4d7-ada9eb729037@group-C535B6BE4F3C-FollowerState: change to CANDIDATE, lastRpcTime:149ms, electionTimeout:148ms
2019-10-17 19:47:31,281 [Thread-654] INFO  impl.RoleInfo (RoleInfo.java:shutdownFollowerState(121)) - 32a164c3-8bb9-4158-a4d7-ada9eb729037: shutdown FollowerState
2019-10-17 19:47:31,281 [Thread-654] INFO  impl.RaftServerImpl (RaftServerImpl.java:setRole(184)) - 32a164c3-8bb9-4158-a4d7-ada9eb729037@group-C535B6BE4F3C: changes role from  FOLLOWER to CANDIDATE at term 1 for changeToCandidate
2019-10-17 19:47:31,282 [Thread-654] INFO  impl.RoleInfo (RoleInfo.java:updateAndGet(143)) - 32a164c3-8bb9-4158-a4d7-ada9eb729037: start LeaderElection
2019-10-17 19:47:31,283 [grpc-default-executor-6] INFO  impl.RaftServerImpl (RaftServerImpl.java:setRole(184)) - 5fa7c213-d229-4dfb-b48e-377c0ca33348@group-4CC069B2961E: changes role from  FOLLOWER to FOLLOWER at term 4 for recognizeCandidate:32a164c3-8bb9-4158-a4d7-ada9eb729037
2019-10-17 19:47:31,283 [grpc-default-executor-6] INFO  impl.RoleInfo (RoleInfo.java:shutdownFollowerState(121)) - 5fa7c213-d229-4dfb-b48e-377c0ca33348: shutdown FollowerState
2019-10-17 19:47:31,283 [grpc-default-executor-6] INFO  impl.RoleInfo (RoleInfo.java:updateAndGet(143)) - 5fa7c213-d229-4dfb-b48e-377c0ca33348: start FollowerState
2019-10-17 19:47:31,284 [Thread-663] INFO  impl.FollowerState (FollowerState.java:run(117)) - 5fa7c213-d229-4dfb-b48e-377c0ca33348@group-4CC069B2961E-FollowerState was interrupted: java.lang.InterruptedException: sleep interrupted
2019-10-17 19:47:31,284 [grpc-default-executor-3] INFO  impl.RaftServerImpl (RaftServerImpl.java:setRole(184)) - fa049fba-12b8-4e17-ac2d-38ea71bdd2ce@group-4CC069B2961E: changes role from  FOLLOWER to FOLLOWER at term 4 for recognizeCandidate:32a164c3-8bb9-4158-a4d7-ada9eb729037
2019-10-17 19:47:31,284 [grpc-default-executor-3] INFO  impl.RoleInfo (RoleInfo.java:shutdownFollowerState(121)) - fa049fba-12b8-4e17-ac2d-38ea71bdd2ce: shutdown FollowerState
2019-10-17 19:47:31,284 [grpc-default-executor-3] INFO  impl.RoleInfo (RoleInfo.java:updateAndGet(143)) - fa049fba-12b8-4e17-ac2d-38ea71bdd2ce: start FollowerState
2019-10-17 19:47:31,284 [Thread-661] INFO  impl.FollowerState (FollowerState.java:run(117)) - fa049fba-12b8-4e17-ac2d-38ea71bdd2ce@group-4CC069B2961E-FollowerState was interrupted: java.lang.InterruptedException: sleep interrupted
2019-10-17 19:47:31,306 [32a164c3-8bb9-4158-a4d7-ada9eb729037@group-C535B6BE4F3C-LeaderElection20] INFO  impl.LeaderElection (LeaderElection.java:askForVotes(178)) - 32a164c3-8bb9-4158-a4d7-ada9eb729037@group-C535B6BE4F3C-LeaderElection20: begin an election at term 2 for 0: [32a164c3-8bb9-4158-a4d7-ada9eb729037:192.168.164.201:42866], old=null
2019-10-17 19:47:31,306 [32a164c3-8bb9-4158-a4d7-ada9eb729037@group-C535B6BE4F3C-LeaderElection20] INFO  impl.RoleInfo (RoleInfo.java:shutdownLeaderElection(134)) - 32a164c3-8bb9-4158-a4d7-ada9eb729037: shutdown LeaderElection
2019-10-17 19:47:31,306 [32a164c3-8bb9-4158-a4d7-ada9eb729037@group-C535B6BE4F3C-LeaderElection20] INFO  impl.RaftServerImpl (RaftServerImpl.java:setRole(184)) - 32a164c3-8bb9-4158-a4d7-ada9eb729037@group-C535B6BE4F3C: changes role from CANDIDATE to LEADER at term 2 for changeToLeader
2019-10-17 19:47:31,306 [32a164c3-8bb9-4158-a4d7-ada9eb729037@group-C535B6BE4F3C-LeaderElection20] INFO  ratis.XceiverServerRatis (XceiverServerRatis.java:handleLeaderChangedNotification(700)) - Leader change notification received for group: group-C535B6BE4F3C with new leaderId: 32a164c3-8bb9-4158-a4d7-ada9eb729037
2019-10-17 19:47:31,307 [32a164c3-8bb9-4158-a4d7-ada9eb729037@group-C535B6BE4F3C-LeaderElection20] INFO  impl.RaftServerImpl (ServerState.java:setLeader(256)) - 32a164c3-8bb9-4158-a4d7-ada9eb729037@group-C535B6BE4F3C: change Leader from null to 32a164c3-8bb9-4158-a4d7-ada9eb729037 at term 2 for becomeLeader, leader elected after 2169ms
2019-10-17 19:47:31,307 [32a164c3-8bb9-4158-a4d7-ada9eb729037@group-C535B6BE4F3C-LeaderElection20] INFO  server.RaftServerConfigKeys (ConfUtils.java:logGet(43)) - raft.server.staging.catchup.gap = 1000 (default)
2019-10-17 19:47:31,307 [32a164c3-8bb9-4158-a4d7-ada9eb729037@group-C535B6BE4F3C-LeaderElection20] INFO  server.RaftServerConfigKeys (ConfUtils.java:logGet(43)) - raft.server.rpc.sleep.time = 25ms (default)
2019-10-17 19:47:31,308 [32a164c3-8bb9-4158-a4d7-ada9eb729037@group-C535B6BE4F3C-LeaderElection20] INFO  server.RaftServerConfigKeys (ConfUtils.java:logGet(43)) - raft.server.write.element-limit = 4096 (default)
2019-10-17 19:47:31,308 [32a164c3-8bb9-4158-a4d7-ada9eb729037@group-C535B6BE4F3C-LeaderElection20] INFO  server.RaftServerConfigKeys (ConfUtils.java:logGet(43)) - raft.server.watch.timeout = 10s (default)
2019-10-17 19:47:31,308 [32a164c3-8bb9-4158-a4d7-ada9eb729037@group-C535B6BE4F3C-LeaderElection20] INFO  server.RaftServerConfigKeys (ConfUtils.java:logGet(43)) - raft.server.watch.timeout.denomination = 1s (default)
2019-10-17 19:47:31,308 [32a164c3-8bb9-4158-a4d7-ada9eb729037@group-C535B6BE4F3C-LeaderElection20] INFO  server.RaftServerConfigKeys (ConfUtils.java:logGet(43)) - raft.server.watch.element-limit = 65536 (default)
2019-10-17 19:47:31,308 [32a164c3-8bb9-4158-a4d7-ada9eb729037@group-4CC069B2961E-LeaderElection19] INFO  impl.LeaderElection (LeaderElection.java:logAndReturn(56)) - 32a164c3-8bb9-4158-a4d7-ada9eb729037@group-4CC069B2961E-LeaderElection19: Election REJECTED; received 2 response(s) [32a164c3-8bb9-4158-a4d7-ada9eb729037<-5fa7c213-d229-4dfb-b48e-377c0ca33348#0:FAIL-t4, 32a164c3-8bb9-4158-a4d7-ada9eb729037<-fa049fba-12b8-4e17-ac2d-38ea71bdd2ce#0:FAIL-t4] and 0 exception(s); 32a164c3-8bb9-4158-a4d7-ada9eb729037@group-4CC069B2961E:t4, leader=null, voted=32a164c3-8bb9-4158-a4d7-ada9eb729037, raftlog=32a164c3-8bb9-4158-a4d7-ada9eb729037@group-4CC069B2961E-SegmentedRaftLog:OPENED:c3,f4,i4, conf=0: [32a164c3-8bb9-4158-a4d7-ada9eb729037:192.168.164.201:42866, 5fa7c213-d229-4dfb-b48e-377c0ca33348:192.168.164.201:37765, fa049fba-12b8-4e17-ac2d-38ea71bdd2ce:192.168.164.201:41821], old=null
2019-10-17 19:47:31,308 [32a164c3-8bb9-4158-a4d7-ada9eb729037@group-C535B6BE4F3C-LeaderElection20] INFO  impl.RoleInfo (RoleInfo.java:updateAndGet(143)) - 32a164c3-8bb9-4158-a4d7-ada9eb729037: start LeaderState
2019-10-17 19:47:31,308 [32a164c3-8bb9-4158-a4d7-ada9eb729037@group-4CC069B2961E-LeaderElection19] INFO  impl.RaftServerImpl (RaftServerImpl.java:setRole(184)) - 32a164c3-8bb9-4158-a4d7-ada9eb729037@group-4CC069B2961E: changes role from CANDIDATE to FOLLOWER at term 4 for DISCOVERED_A_NEW_TERM
2019-10-17 19:47:31,309 [32a164c3-8bb9-4158-a4d7-ada9eb729037@group-4CC069B2961E-LeaderElection19] INFO  impl.RoleInfo (RoleInfo.java:shutdownLeaderElection(134)) - 32a164c3-8bb9-4158-a4d7-ada9eb729037: shutdown LeaderElection
2019-10-17 19:47:31,310 [32a164c3-8bb9-4158-a4d7-ada9eb729037@group-4CC069B2961E-LeaderElection19] INFO  impl.RoleInfo (RoleInfo.java:updateAndGet(143)) - 32a164c3-8bb9-4158-a4d7-ada9eb729037: start FollowerState
2019-10-17 19:47:31,310 [32a164c3-8bb9-4158-a4d7-ada9eb729037@group-C535B6BE4F3C-LeaderElection20] INFO  segmented.SegmentedRaftLogWorker (SegmentedRaftLogWorker.java:rollLogSegment(390)) - 32a164c3-8bb9-4158-a4d7-ada9eb729037@group-C535B6BE4F3C-SegmentedRaftLogWorker: Rolling segment log-0_0 to index:0
2019-10-17 19:47:31,310 [EventQueue-PendingDeleteStatusForPendingDeleteHandler] INFO  block.SCMBlockDeletingService (SCMBlockDeletingService.java:handlePendingDeletes(115)) - Block deletion txnID mismatch in datanode 32a164c3-8bb9-4158-a4d7-ada9eb729037 for containerID 1. Datanode delete txnID: 0, SCM txnID: 1
2019-10-17 19:47:31,312 [32a164c3-8bb9-4158-a4d7-ada9eb729037@group-C535B6BE4F3C-LeaderElection20] INFO  impl.RaftServerImpl (ServerState.java:setRaftConf(357)) - 32a164c3-8bb9-4158-a4d7-ada9eb729037@group-C535B6BE4F3C: set configuration 1: [32a164c3-8bb9-4158-a4d7-ada9eb729037:192.168.164.201:42866], old=null at 1
2019-10-17 19:47:31,313 [32a164c3-8bb9-4158-a4d7-ada9eb729037@group-C535B6BE4F3C-SegmentedRaftLogWorker] INFO  segmented.SegmentedRaftLogWorker (SegmentedRaftLogWorker.java:execute(533)) - 32a164c3-8bb9-4158-a4d7-ada9eb729037@group-C535B6BE4F3C-SegmentedRaftLogWorker: Rolled log segment from /workdir/hadoop-ozone/integration-test/target/test-dir/MiniOzoneClusterImpl-020edf65-e88b-4f0c-8058-f5c4b9bdd7d8/datanode-2/data/ratis/0c7b50ec-8218-4544-ab7a-c535b6be4f3c/current/log_inprogress_0 to /workdir/hadoop-ozone/integration-test/target/test-dir/MiniOzoneClusterImpl-020edf65-e88b-4f0c-8058-f5c4b9bdd7d8/datanode-2/data/ratis/0c7b50ec-8218-4544-ab7a-c535b6be4f3c/current/log_0-0
2019-10-17 19:47:31,367 [32a164c3-8bb9-4158-a4d7-ada9eb729037@group-C535B6BE4F3C-SegmentedRaftLogWorker] INFO  segmented.SegmentedRaftLogWorker (SegmentedRaftLogWorker.java:execute(576)) - 32a164c3-8bb9-4158-a4d7-ada9eb729037@group-C535B6BE4F3C-SegmentedRaftLogWorker: created new log segment /workdir/hadoop-ozone/integration-test/target/test-dir/MiniOzoneClusterImpl-020edf65-e88b-4f0c-8058-f5c4b9bdd7d8/datanode-2/data/ratis/0c7b50ec-8218-4544-ab7a-c535b6be4f3c/current/log_inprogress_1
2019-10-17 19:47:31,497 [Thread-670] INFO  impl.FollowerState (FollowerState.java:run(108)) - 32a164c3-8bb9-4158-a4d7-ada9eb729037@group-4CC069B2961E-FollowerState: change to CANDIDATE, lastRpcTime:187ms, electionTimeout:187ms
2019-10-17 19:47:31,498 [Thread-670] INFO  impl.RoleInfo (RoleInfo.java:shutdownFollowerState(121)) - 32a164c3-8bb9-4158-a4d7-ada9eb729037: shutdown FollowerState
2019-10-17 19:47:31,499 [Thread-670] INFO  impl.RaftServerImpl (RaftServerImpl.java:setRole(184)) - 32a164c3-8bb9-4158-a4d7-ada9eb729037@group-4CC069B2961E: changes role from  FOLLOWER to CANDIDATE at term 4 for changeToCandidate
2019-10-17 19:47:31,499 [Thread-670] INFO  impl.RoleInfo (RoleInfo.java:updateAndGet(143)) - 32a164c3-8bb9-4158-a4d7-ada9eb729037: start LeaderElection
2019-10-17 19:47:31,530 [32a164c3-8bb9-4158-a4d7-ada9eb729037@group-4CC069B2961E-LeaderElection21] INFO  impl.LeaderElection (LeaderElection.java:askForVotes(178)) - 32a164c3-8bb9-4158-a4d7-ada9eb729037@group-4CC069B2961E-LeaderElection21: begin an election at term 5 for 0: [32a164c3-8bb9-4158-a4d7-ada9eb729037:192.168.164.201:42866, 5fa7c213-d229-4dfb-b48e-377c0ca33348:192.168.164.201:37765, fa049fba-12b8-4e17-ac2d-38ea71bdd2ce:192.168.164.201:41821], old=null
2019-10-17 19:47:31,533 [grpc-default-executor-3] INFO  impl.RaftServerImpl (RaftServerImpl.java:setRole(184)) - fa049fba-12b8-4e17-ac2d-38ea71bdd2ce@group-4CC069B2961E: changes role from  FOLLOWER to FOLLOWER at term 5 for recognizeCandidate:32a164c3-8bb9-4158-a4d7-ada9eb729037
2019-10-17 19:47:31,533 [grpc-default-executor-6] INFO  impl.RaftServerImpl (RaftServerImpl.java:setRole(184)) - 5fa7c213-d229-4dfb-b48e-377c0ca33348@group-4CC069B2961E: changes role from  FOLLOWER to FOLLOWER at term 5 for recognizeCandidate:32a164c3-8bb9-4158-a4d7-ada9eb729037
2019-10-17 19:47:31,533 [grpc-default-executor-3] INFO  impl.RoleInfo (RoleInfo.java:shutdownFollowerState(121)) - fa049fba-12b8-4e17-ac2d-38ea71bdd2ce: shutdown FollowerState
2019-10-17 19:47:31,534 [grpc-default-executor-6] INFO  impl.RoleInfo (RoleInfo.java:shutdownFollowerState(121)) - 5fa7c213-d229-4dfb-b48e-377c0ca33348: shutdown FollowerState
2019-10-17 19:47:31,534 [Thread-668] INFO  impl.FollowerState (FollowerState.java:run(117)) - fa049fba-12b8-4e17-ac2d-38ea71bdd2ce@group-4CC069B2961E-FollowerState was interrupted: java.lang.InterruptedException: sleep interrupted
2019-10-17 19:47:31,534 [grpc-default-executor-3] INFO  impl.RoleInfo (RoleInfo.java:updateAndGet(143)) - fa049fba-12b8-4e17-ac2d-38ea71bdd2ce: start FollowerState
2019-10-17 19:47:31,534 [Thread-667] INFO  impl.FollowerState (FollowerState.java:run(117)) - 5fa7c213-d229-4dfb-b48e-377c0ca33348@group-4CC069B2961E-FollowerState was interrupted: java.lang.InterruptedException: sleep interrupted
2019-10-17 19:47:31,534 [grpc-default-executor-6] INFO  impl.RoleInfo (RoleInfo.java:updateAndGet(143)) - 5fa7c213-d229-4dfb-b48e-377c0ca33348: start FollowerState
2019-10-17 19:47:31,541 [32a164c3-8bb9-4158-a4d7-ada9eb729037@group-4CC069B2961E-LeaderElection21] INFO  impl.LeaderElection (LeaderElection.java:logAndReturn(56)) - 32a164c3-8bb9-4158-a4d7-ada9eb729037@group-4CC069B2961E-LeaderElection21: Election TIMEOUT; received 0 response(s) [] and 0 exception(s); 32a164c3-8bb9-4158-a4d7-ada9eb729037@group-4CC069B2961E:t5, leader=null, voted=32a164c3-8bb9-4158-a4d7-ada9eb729037, raftlog=32a164c3-8bb9-4158-a4d7-ada9eb729037@group-4CC069B2961E-SegmentedRaftLog:OPENED:c3,f4,i4, conf=0: [32a164c3-8bb9-4158-a4d7-ada9eb729037:192.168.164.201:42866, 5fa7c213-d229-4dfb-b48e-377c0ca33348:192.168.164.201:37765, fa049fba-12b8-4e17-ac2d-38ea71bdd2ce:192.168.164.201:41821], old=null
2019-10-17 19:47:31,558 [32a164c3-8bb9-4158-a4d7-ada9eb729037@group-4CC069B2961E-LeaderElection21] INFO  impl.LeaderElection (LeaderElection.java:askForVotes(178)) - 32a164c3-8bb9-4158-a4d7-ada9eb729037@group-4CC069B2961E-LeaderElection21: begin an election at term 6 for 0: [32a164c3-8bb9-4158-a4d7-ada9eb729037:192.168.164.201:42866, 5fa7c213-d229-4dfb-b48e-377c0ca33348:192.168.164.201:37765, fa049fba-12b8-4e17-ac2d-38ea71bdd2ce:192.168.164.201:41821], old=null
2019-10-17 19:47:31,560 [grpc-default-executor-6] INFO  impl.RaftServerImpl (RaftServerImpl.java:setRole(184)) - 5fa7c213-d229-4dfb-b48e-377c0ca33348@group-4CC069B2961E: changes role from  FOLLOWER to FOLLOWER at term 6 for recognizeCandidate:32a164c3-8bb9-4158-a4d7-ada9eb729037
2019-10-17 19:47:31,561 [grpc-default-executor-6] INFO  impl.RoleInfo (RoleInfo.java:shutdownFollowerState(121)) - 5fa7c213-d229-4dfb-b48e-377c0ca33348: shutdown FollowerState
2019-10-17 19:47:31,562 [Thread-675] INFO  impl.FollowerState (FollowerState.java:run(117)) - 5fa7c213-d229-4dfb-b48e-377c0ca33348@group-4CC069B2961E-FollowerState was interrupted: java.lang.InterruptedException: sleep interrupted
2019-10-17 19:47:31,562 [grpc-default-executor-6] INFO  impl.RoleInfo (RoleInfo.java:updateAndGet(143)) - 5fa7c213-d229-4dfb-b48e-377c0ca33348: start FollowerState
2019-10-17 19:47:31,562 [grpc-default-executor-3] INFO  impl.RaftServerImpl (RaftServerImpl.java:setRole(184)) - fa049fba-12b8-4e17-ac2d-38ea71bdd2ce@group-4CC069B2961E: changes role from  FOLLOWER to FOLLOWER at term 6 for recognizeCandidate:32a164c3-8bb9-4158-a4d7-ada9eb729037
2019-10-17 19:47:31,562 [grpc-default-executor-3] INFO  impl.RoleInfo (RoleInfo.java:shutdownFollowerState(121)) - fa049fba-12b8-4e17-ac2d-38ea71bdd2ce: shutdown FollowerState
2019-10-17 19:47:31,562 [grpc-default-executor-3] INFO  impl.RoleInfo (RoleInfo.java:updateAndGet(143)) - fa049fba-12b8-4e17-ac2d-38ea71bdd2ce: start FollowerState
2019-10-17 19:47:31,562 [Thread-674] INFO  impl.FollowerState (FollowerState.java:run(117)) - fa049fba-12b8-4e17-ac2d-38ea71bdd2ce@group-4CC069B2961E-FollowerState was interrupted: java.lang.InterruptedException: sleep interrupted
2019-10-17 19:47:31,566 [32a164c3-8bb9-4158-a4d7-ada9eb729037@group-4CC069B2961E-LeaderElection21] INFO  impl.LeaderElection (LeaderElection.java:logAndReturn(56)) - 32a164c3-8bb9-4158-a4d7-ada9eb729037@group-4CC069B2961E-LeaderElection21: Election TIMEOUT; received 0 response(s) [] and 0 exception(s); 32a164c3-8bb9-4158-a4d7-ada9eb729037@group-4CC069B2961E:t6, leader=null, voted=32a164c3-8bb9-4158-a4d7-ada9eb729037, raftlog=32a164c3-8bb9-4158-a4d7-ada9eb729037@group-4CC069B2961E-SegmentedRaftLog:OPENED:c3,f4,i4, conf=0: [32a164c3-8bb9-4158-a4d7-ada9eb729037:192.168.164.201:42866, 5fa7c213-d229-4dfb-b48e-377c0ca33348:192.168.164.201:37765, fa049fba-12b8-4e17-ac2d-38ea71bdd2ce:192.168.164.201:41821], old=null
2019-10-17 19:47:31,585 [32a164c3-8bb9-4158-a4d7-ada9eb729037@group-4CC069B2961E-LeaderElection21] INFO  impl.LeaderElection (LeaderElection.java:askForVotes(178)) - 32a164c3-8bb9-4158-a4d7-ada9eb729037@group-4CC069B2961E-LeaderElection21: begin an election at term 7 for 0: [32a164c3-8bb9-4158-a4d7-ada9eb729037:192.168.164.201:42866, 5fa7c213-d229-4dfb-b48e-377c0ca33348:192.168.164.201:37765, fa049fba-12b8-4e17-ac2d-38ea71bdd2ce:192.168.164.201:41821], old=null
2019-10-17 19:47:31,587 [grpc-default-executor-3] INFO  impl.RaftServerImpl (RaftServerImpl.java:setRole(184)) - 5fa7c213-d229-4dfb-b48e-377c0ca33348@group-4CC069B2961E: changes role from  FOLLOWER to FOLLOWER at term 7 for recognizeCandidate:32a164c3-8bb9-4158-a4d7-ada9eb729037
2019-10-17 19:47:31,588 [grpc-default-executor-3] INFO  impl.RoleInfo (RoleInfo.java:shutdownFollowerState(121)) - 5fa7c213-d229-4dfb-b48e-377c0ca33348: shutdown FollowerState
2019-10-17 19:47:31,589 [grpc-default-executor-3] INFO  impl.RoleInfo (RoleInfo.java:updateAndGet(143)) - 5fa7c213-d229-4dfb-b48e-377c0ca33348: start FollowerState
2019-10-17 19:47:31,589 [Thread-678] INFO  impl.FollowerState (FollowerState.java:run(117)) - 5fa7c213-d229-4dfb-b48e-377c0ca33348@group-4CC069B2961E-FollowerState was interrupted: java.lang.InterruptedException: sleep interrupted
2019-10-17 19:47:31,589 [grpc-default-executor-6] INFO  impl.RaftServerImpl (RaftServerImpl.java:setRole(184)) - fa049fba-12b8-4e17-ac2d-38ea71bdd2ce@group-4CC069B2961E: changes role from  FOLLOWER to FOLLOWER at term 7 for recognizeCandidate:32a164c3-8bb9-4158-a4d7-ada9eb729037
2019-10-17 19:47:31,589 [grpc-default-executor-6] INFO  impl.RoleInfo (RoleInfo.java:shutdownFollowerState(121)) - fa049fba-12b8-4e17-ac2d-38ea71bdd2ce: shutdown FollowerState
2019-10-17 19:47:31,589 [grpc-default-executor-6] INFO  impl.RoleInfo (RoleInfo.java:updateAndGet(143)) - fa049fba-12b8-4e17-ac2d-38ea71bdd2ce: start FollowerState
2019-10-17 19:47:31,589 [Thread-679] INFO  impl.FollowerState (FollowerState.java:run(117)) - fa049fba-12b8-4e17-ac2d-38ea71bdd2ce@group-4CC069B2961E-FollowerState was interrupted: java.lang.InterruptedException: sleep interrupted
2019-10-17 19:47:31,622 [32a164c3-8bb9-4158-a4d7-ada9eb729037@group-4CC069B2961E-LeaderElection21] INFO  impl.LeaderElection (LeaderElection.java:logAndReturn(56)) - 32a164c3-8bb9-4158-a4d7-ada9eb729037@group-4CC069B2961E-LeaderElection21: Election REJECTED; received 2 response(s) [32a164c3-8bb9-4158-a4d7-ada9eb729037<-5fa7c213-d229-4dfb-b48e-377c0ca33348#0:FAIL-t7, 32a164c3-8bb9-4158-a4d7-ada9eb729037<-fa049fba-12b8-4e17-ac2d-38ea71bdd2ce#0:FAIL-t7] and 0 exception(s); 32a164c3-8bb9-4158-a4d7-ada9eb729037@group-4CC069B2961E:t7, leader=null, voted=32a164c3-8bb9-4158-a4d7-ada9eb729037, raftlog=32a164c3-8bb9-4158-a4d7-ada9eb729037@group-4CC069B2961E-SegmentedRaftLog:OPENED:c3,f4,i4, conf=0: [32a164c3-8bb9-4158-a4d7-ada9eb729037:192.168.164.201:42866, 5fa7c213-d229-4dfb-b48e-377c0ca33348:192.168.164.201:37765, fa049fba-12b8-4e17-ac2d-38ea71bdd2ce:192.168.164.201:41821], old=null
2019-10-17 19:47:31,622 [32a164c3-8bb9-4158-a4d7-ada9eb729037@group-4CC069B2961E-LeaderElection21] INFO  impl.RaftServerImpl (RaftServerImpl.java:setRole(184)) - 32a164c3-8bb9-4158-a4d7-ada9eb729037@group-4CC069B2961E: changes role from CANDIDATE to FOLLOWER at term 7 for DISCOVERED_A_NEW_TERM
2019-10-17 19:47:31,622 [32a164c3-8bb9-4158-a4d7-ada9eb729037@group-4CC069B2961E-LeaderElection21] INFO  impl.RoleInfo (RoleInfo.java:shutdownLeaderElection(134)) - 32a164c3-8bb9-4158-a4d7-ada9eb729037: shutdown LeaderElection
2019-10-17 19:47:31,623 [32a164c3-8bb9-4158-a4d7-ada9eb729037@group-4CC069B2961E-LeaderElection21] INFO  impl.RoleInfo (RoleInfo.java:updateAndGet(143)) - 32a164c3-8bb9-4158-a4d7-ada9eb729037: start FollowerState
2019-10-17 19:47:31,684 [Thread-684] INFO  impl.FollowerState (FollowerState.java:run(108)) - 32a164c3-8bb9-4158-a4d7-ada9eb729037@group-4CC069B2961E-FollowerState: change to CANDIDATE, lastRpcTime:61ms, electionTimeout:61ms
2019-10-17 19:47:31,686 [Thread-684] INFO  impl.RoleInfo (RoleInfo.java:shutdownFollowerState(121)) - 32a164c3-8bb9-4158-a4d7-ada9eb729037: shutdown FollowerState
2019-10-17 19:47:31,686 [Thread-684] INFO  impl.RaftServerImpl (RaftServerImpl.java:setRole(184)) - 32a164c3-8bb9-4158-a4d7-ada9eb729037@group-4CC069B2961E: changes role from  FOLLOWER to CANDIDATE at term 7 for changeToCandidate
2019-10-17 19:47:31,686 [Thread-684] INFO  impl.RoleInfo (RoleInfo.java:updateAndGet(143)) - 32a164c3-8bb9-4158-a4d7-ada9eb729037: start LeaderElection
2019-10-17 19:47:31,712 [32a164c3-8bb9-4158-a4d7-ada9eb729037@group-4CC069B2961E-LeaderElection22] INFO  impl.LeaderElection (LeaderElection.java:askForVotes(178)) - 32a164c3-8bb9-4158-a4d7-ada9eb729037@group-4CC069B2961E-LeaderElection22: begin an election at term 8 for 0: [32a164c3-8bb9-4158-a4d7-ada9eb729037:192.168.164.201:42866, 5fa7c213-d229-4dfb-b48e-377c0ca33348:192.168.164.201:37765, fa049fba-12b8-4e17-ac2d-38ea71bdd2ce:192.168.164.201:41821], old=null
2019-10-17 19:47:31,715 [grpc-default-executor-6] INFO  impl.RaftServerImpl (RaftServerImpl.java:setRole(184)) - 5fa7c213-d229-4dfb-b48e-377c0ca33348@group-4CC069B2961E: changes role from  FOLLOWER to FOLLOWER at term 8 for recognizeCandidate:32a164c3-8bb9-4158-a4d7-ada9eb729037
2019-10-17 19:47:31,715 [grpc-default-executor-3] INFO  impl.RaftServerImpl (RaftServerImpl.java:setRole(184)) - fa049fba-12b8-4e17-ac2d-38ea71bdd2ce@group-4CC069B2961E: changes role from  FOLLOWER to FOLLOWER at term 8 for recognizeCandidate:32a164c3-8bb9-4158-a4d7-ada9eb729037
2019-10-17 19:47:31,715 [grpc-default-executor-6] INFO  impl.RoleInfo (RoleInfo.java:shutdownFollowerState(121)) - 5fa7c213-d229-4dfb-b48e-377c0ca33348: shutdown FollowerState
2019-10-17 19:47:31,716 [grpc-default-executor-3] INFO  impl.RoleInfo (RoleInfo.java:shutdownFollowerState(121)) - fa049fba-12b8-4e17-ac2d-38ea71bdd2ce: shutdown FollowerState
2019-10-17 19:47:31,716 [grpc-default-executor-6] INFO  impl.RoleInfo (RoleInfo.java:updateAndGet(143)) - 5fa7c213-d229-4dfb-b48e-377c0ca33348: start FollowerState
2019-10-17 19:47:31,716 [Thread-682] INFO  impl.FollowerState (FollowerState.java:run(117)) - 5fa7c213-d229-4dfb-b48e-377c0ca33348@group-4CC069B2961E-FollowerState was interrupted: java.lang.InterruptedException: sleep interrupted
2019-10-17 19:47:31,716 [Thread-683] INFO  impl.FollowerState (FollowerState.java:run(117)) - fa049fba-12b8-4e17-ac2d-38ea71bdd2ce@group-4CC069B2961E-FollowerState was interrupted: java.lang.InterruptedException: sleep interrupted
2019-10-17 19:47:31,716 [grpc-default-executor-3] INFO  impl.RoleInfo (RoleInfo.java:updateAndGet(143)) - fa049fba-12b8-4e17-ac2d-38ea71bdd2ce: start FollowerState
2019-10-17 19:47:31,739 [32a164c3-8bb9-4158-a4d7-ada9eb729037@group-4CC069B2961E-LeaderElection22] INFO  impl.LeaderElection (LeaderElection.java:logAndReturn(56)) - 32a164c3-8bb9-4158-a4d7-ada9eb729037@group-4CC069B2961E-LeaderElection22: Election REJECTED; received 2 response(s) [32a164c3-8bb9-4158-a4d7-ada9eb729037<-5fa7c213-d229-4dfb-b48e-377c0ca33348#0:FAIL-t8, 32a164c3-8bb9-4158-a4d7-ada9eb729037<-fa049fba-12b8-4e17-ac2d-38ea71bdd2ce#0:FAIL-t8] and 0 exception(s); 32a164c3-8bb9-4158-a4d7-ada9eb729037@group-4CC069B2961E:t8, leader=null, voted=32a164c3-8bb9-4158-a4d7-ada9eb729037, raftlog=32a164c3-8bb9-4158-a4d7-ada9eb729037@group-4CC069B2961E-SegmentedRaftLog:OPENED:c3,f4,i4, conf=0: [32a164c3-8bb9-4158-a4d7-ada9eb729037:192.168.164.201:42866, 5fa7c213-d229-4dfb-b48e-377c0ca33348:192.168.164.201:37765, fa049fba-12b8-4e17-ac2d-38ea71bdd2ce:192.168.164.201:41821], old=null
2019-10-17 19:47:31,739 [32a164c3-8bb9-4158-a4d7-ada9eb729037@group-4CC069B2961E-LeaderElection22] INFO  impl.RaftServerImpl (RaftServerImpl.java:setRole(184)) - 32a164c3-8bb9-4158-a4d7-ada9eb729037@group-4CC069B2961E: changes role from CANDIDATE to FOLLOWER at term 8 for DISCOVERED_A_NEW_TERM
2019-10-17 19:47:31,739 [32a164c3-8bb9-4158-a4d7-ada9eb729037@group-4CC069B2961E-LeaderElection22] INFO  impl.RoleInfo (RoleInfo.java:shutdownLeaderElection(134)) - 32a164c3-8bb9-4158-a4d7-ada9eb729037: shutdown LeaderElection
2019-10-17 19:47:31,739 [32a164c3-8bb9-4158-a4d7-ada9eb729037@group-4CC069B2961E-LeaderElection22] INFO  impl.RoleInfo (RoleInfo.java:updateAndGet(143)) - 32a164c3-8bb9-4158-a4d7-ada9eb729037: start FollowerState
2019-10-17 19:47:31,877 [Thread-690] INFO  impl.FollowerState (FollowerState.java:run(108)) - 32a164c3-8bb9-4158-a4d7-ada9eb729037@group-4CC069B2961E-FollowerState: change to CANDIDATE, lastRpcTime:137ms, electionTimeout:137ms
2019-10-17 19:47:31,878 [Thread-690] INFO  impl.RoleInfo (RoleInfo.java:shutdownFollowerState(121)) - 32a164c3-8bb9-4158-a4d7-ada9eb729037: shutdown FollowerState
2019-10-17 19:47:31,878 [Thread-690] INFO  impl.RaftServerImpl (RaftServerImpl.java:setRole(184)) - 32a164c3-8bb9-4158-a4d7-ada9eb729037@group-4CC069B2961E: changes role from  FOLLOWER to CANDIDATE at term 8 for changeToCandidate
2019-10-17 19:47:31,878 [Thread-690] INFO  impl.RoleInfo (RoleInfo.java:updateAndGet(143)) - 32a164c3-8bb9-4158-a4d7-ada9eb729037: start LeaderElection
2019-10-17 19:47:31,905 [32a164c3-8bb9-4158-a4d7-ada9eb729037@group-4CC069B2961E-LeaderElection23] INFO  impl.LeaderElection (LeaderElection.java:askForVotes(178)) - 32a164c3-8bb9-4158-a4d7-ada9eb729037@group-4CC069B2961E-LeaderElection23: begin an election at term 9 for 0: [32a164c3-8bb9-4158-a4d7-ada9eb729037:192.168.164.201:42866, 5fa7c213-d229-4dfb-b48e-377c0ca33348:192.168.164.201:37765, fa049fba-12b8-4e17-ac2d-38ea71bdd2ce:192.168.164.201:41821], old=null
2019-10-17 19:47:31,908 [grpc-default-executor-3] INFO  impl.RaftServerImpl (RaftServerImpl.java:setRole(184)) - 5fa7c213-d229-4dfb-b48e-377c0ca33348@group-4CC069B2961E: changes role from  FOLLOWER to FOLLOWER at term 9 for recognizeCandidate:32a164c3-8bb9-4158-a4d7-ada9eb729037
2019-10-17 19:47:31,908 [grpc-default-executor-6] INFO  impl.RaftServerImpl (RaftServerImpl.java:setRole(184)) - fa049fba-12b8-4e17-ac2d-38ea71bdd2ce@group-4CC069B2961E: changes role from  FOLLOWER to FOLLOWER at term 9 for recognizeCandidate:32a164c3-8bb9-4158-a4d7-ada9eb729037
2019-10-17 19:47:31,909 [grpc-default-executor-3] INFO  impl.RoleInfo (RoleInfo.java:shutdownFollowerState(121)) - 5fa7c213-d229-4dfb-b48e-377c0ca33348: shutdown FollowerState
2019-10-17 19:47:31,909 [grpc-default-executor-6] INFO  impl.RoleInfo (RoleInfo.java:shutdownFollowerState(121)) - fa049fba-12b8-4e17-ac2d-38ea71bdd2ce: shutdown FollowerState
2019-10-17 19:47:31,909 [Thread-688] INFO  impl.FollowerState (FollowerState.java:run(117)) - 5fa7c213-d229-4dfb-b48e-377c0ca33348@group-4CC069B2961E-FollowerState was interrupted: java.lang.InterruptedException: sleep interrupted
2019-10-17 19:47:31,909 [grpc-default-executor-3] INFO  impl.RoleInfo (RoleInfo.java:updateAndGet(143)) - 5fa7c213-d229-4dfb-b48e-377c0ca33348: start FollowerState
2019-10-17 19:47:31,909 [Thread-689] INFO  impl.FollowerState (FollowerState.java:run(117)) - fa049fba-12b8-4e17-ac2d-38ea71bdd2ce@group-4CC069B2961E-FollowerState was interrupted: java.lang.InterruptedException: sleep interrupted
2019-10-17 19:47:31,909 [grpc-default-executor-6] INFO  impl.RoleInfo (RoleInfo.java:updateAndGet(143)) - fa049fba-12b8-4e17-ac2d-38ea71bdd2ce: start FollowerState
2019-10-17 19:47:31,940 [32a164c3-8bb9-4158-a4d7-ada9eb729037@group-4CC069B2961E-LeaderElection23] INFO  impl.LeaderElection (LeaderElection.java:logAndReturn(56)) - 32a164c3-8bb9-4158-a4d7-ada9eb729037@group-4CC069B2961E-LeaderElection23: Election REJECTED; received 2 response(s) [32a164c3-8bb9-4158-a4d7-ada9eb729037<-5fa7c213-d229-4dfb-b48e-377c0ca33348#0:FAIL-t9, 32a164c3-8bb9-4158-a4d7-ada9eb729037<-fa049fba-12b8-4e17-ac2d-38ea71bdd2ce#0:FAIL-t9] and 0 exception(s); 32a164c3-8bb9-4158-a4d7-ada9eb729037@group-4CC069B2961E:t9, leader=null, voted=32a164c3-8bb9-4158-a4d7-ada9eb729037, raftlog=32a164c3-8bb9-4158-a4d7-ada9eb729037@group-4CC069B2961E-SegmentedRaftLog:OPENED:c3,f4,i4, conf=0: [32a164c3-8bb9-4158-a4d7-ada9eb729037:192.168.164.201:42866, 5fa7c213-d229-4dfb-b48e-377c0ca33348:192.168.164.201:37765, fa049fba-12b8-4e17-ac2d-38ea71bdd2ce:192.168.164.201:41821], old=null
2019-10-17 19:47:31,940 [32a164c3-8bb9-4158-a4d7-ada9eb729037@group-4CC069B2961E-LeaderElection23] INFO  impl.RaftServerImpl (RaftServerImpl.java:setRole(184)) - 32a164c3-8bb9-4158-a4d7-ada9eb729037@group-4CC069B2961E: changes role from CANDIDATE to FOLLOWER at term 9 for DISCOVERED_A_NEW_TERM
2019-10-17 19:47:31,941 [32a164c3-8bb9-4158-a4d7-ada9eb729037@group-4CC069B2961E-LeaderElection23] INFO  impl.RoleInfo (RoleInfo.java:shutdownLeaderElection(134)) - 32a164c3-8bb9-4158-a4d7-ada9eb729037: shutdown LeaderElection
2019-10-17 19:47:31,941 [32a164c3-8bb9-4158-a4d7-ada9eb729037@group-4CC069B2961E-LeaderElection23] INFO  impl.RoleInfo (RoleInfo.java:updateAndGet(143)) - 32a164c3-8bb9-4158-a4d7-ada9eb729037: start FollowerState
2019-10-17 19:47:31,993 [BlockDeletingService#2] WARN  background.BlockDeletingService (BlockDeletingService.java:isDeletionAllowed(187)) - Close Container log Index 6 is not replicated across allthe servers in the pipeline adc40928-88ac-46dc-94be-4cc069b2961e as the min replicated index is 4. Deletion is not allowed in this container yet.
2019-10-17 19:47:31,995 [BlockDeletingService#3] WARN  background.BlockDeletingService (BlockDeletingService.java:isDeletionAllowed(187)) - Close Container log Index 6 is not replicated across allthe servers in the pipeline adc40928-88ac-46dc-94be-4cc069b2961e as the min replicated index is 4. Deletion is not allowed in this container yet.
2019-10-17 19:47:32,034 [Thread-696] INFO  impl.FollowerState (FollowerState.java:run(108)) - 32a164c3-8bb9-4158-a4d7-ada9eb729037@group-4CC069B2961E-FollowerState: change to CANDIDATE, lastRpcTime:93ms, electionTimeout:93ms
2019-10-17 19:47:32,034 [Thread-696] INFO  impl.RoleInfo (RoleInfo.java:shutdownFollowerState(121)) - 32a164c3-8bb9-4158-a4d7-ada9eb729037: shutdown FollowerState
2019-10-17 19:47:32,035 [Thread-696] INFO  impl.RaftServerImpl (RaftServerImpl.java:setRole(184)) - 32a164c3-8bb9-4158-a4d7-ada9eb729037@group-4CC069B2961E: changes role from  FOLLOWER to CANDIDATE at term 9 for changeToCandidate
2019-10-17 19:47:32,035 [Thread-696] INFO  impl.RoleInfo (RoleInfo.java:updateAndGet(143)) - 32a164c3-8bb9-4158-a4d7-ada9eb729037: start LeaderElection
2019-10-17 19:47:32,064 [32a164c3-8bb9-4158-a4d7-ada9eb729037@group-4CC069B2961E-LeaderElection24] INFO  impl.LeaderElection (LeaderElection.java:askForVotes(178)) - 32a164c3-8bb9-4158-a4d7-ada9eb729037@group-4CC069B2961E-LeaderElection24: begin an election at term 10 for 0: [32a164c3-8bb9-4158-a4d7-ada9eb729037:192.168.164.201:42866, 5fa7c213-d229-4dfb-b48e-377c0ca33348:192.168.164.201:37765, fa049fba-12b8-4e17-ac2d-38ea71bdd2ce:192.168.164.201:41821], old=null
2019-10-17 19:47:32,067 [grpc-default-executor-6] INFO  impl.RaftServerImpl (RaftServerImpl.java:setRole(184)) - fa049fba-12b8-4e17-ac2d-38ea71bdd2ce@group-4CC069B2961E: changes role from  FOLLOWER to FOLLOWER at term 10 for recognizeCandidate:32a164c3-8bb9-4158-a4d7-ada9eb729037
2019-10-17 19:47:32,067 [grpc-default-executor-3] INFO  impl.RaftServerImpl (RaftServerImpl.java:setRole(184)) - 5fa7c213-d229-4dfb-b48e-377c0ca33348@group-4CC069B2961E: changes role from  FOLLOWER to FOLLOWER at term 10 for recognizeCandidate:32a164c3-8bb9-4158-a4d7-ada9eb729037
2019-10-17 19:47:32,067 [grpc-default-executor-6] INFO  impl.RoleInfo (RoleInfo.java:shutdownFollowerState(121)) - fa049fba-12b8-4e17-ac2d-38ea71bdd2ce: shutdown FollowerState
2019-10-17 19:47:32,067 [grpc-default-executor-3] INFO  impl.RoleInfo (RoleInfo.java:shutdownFollowerState(121)) - 5fa7c213-d229-4dfb-b48e-377c0ca33348: shutdown FollowerState
2019-10-17 19:47:32,067 [Thread-695] INFO  impl.FollowerState (FollowerState.java:run(117)) - fa049fba-12b8-4e17-ac2d-38ea71bdd2ce@group-4CC069B2961E-FollowerState was interrupted: java.lang.InterruptedException: sleep interrupted
2019-10-17 19:47:32,068 [Thread-694] INFO  impl.FollowerState (FollowerState.java:run(117)) - 5fa7c213-d229-4dfb-b48e-377c0ca33348@group-4CC069B2961E-FollowerState was interrupted: java.lang.InterruptedException: sleep interrupted
2019-10-17 19:47:32,067 [grpc-default-executor-6] INFO  impl.RoleInfo (RoleInfo.java:updateAndGet(143)) - fa049fba-12b8-4e17-ac2d-38ea71bdd2ce: start FollowerState
2019-10-17 19:47:32,068 [grpc-default-executor-3] INFO  impl.RoleInfo (RoleInfo.java:updateAndGet(143)) - 5fa7c213-d229-4dfb-b48e-377c0ca33348: start FollowerState
2019-10-17 19:47:32,091 [32a164c3-8bb9-4158-a4d7-ada9eb729037@group-4CC069B2961E-LeaderElection24] INFO  impl.LeaderElection (LeaderElection.java:logAndReturn(56)) - 32a164c3-8bb9-4158-a4d7-ada9eb729037@group-4CC069B2961E-LeaderElection24: Election REJECTED; received 2 response(s) [32a164c3-8bb9-4158-a4d7-ada9eb729037<-5fa7c213-d229-4dfb-b48e-377c0ca33348#0:FAIL-t10, 32a164c3-8bb9-4158-a4d7-ada9eb729037<-fa049fba-12b8-4e17-ac2d-38ea71bdd2ce#0:FAIL-t10] and 0 exception(s); 32a164c3-8bb9-4158-a4d7-ada9eb729037@group-4CC069B2961E:t10, leader=null, voted=32a164c3-8bb9-4158-a4d7-ada9eb729037, raftlog=32a164c3-8bb9-4158-a4d7-ada9eb729037@group-4CC069B2961E-SegmentedRaftLog:OPENED:c3,f4,i4, conf=0: [32a164c3-8bb9-4158-a4d7-ada9eb729037:192.168.164.201:42866, 5fa7c213-d229-4dfb-b48e-377c0ca33348:192.168.164.201:37765, fa049fba-12b8-4e17-ac2d-38ea71bdd2ce:192.168.164.201:41821], old=null
2019-10-17 19:47:32,091 [32a164c3-8bb9-4158-a4d7-ada9eb729037@group-4CC069B2961E-LeaderElection24] INFO  impl.RaftServerImpl (RaftServerImpl.java:setRole(184)) - 32a164c3-8bb9-4158-a4d7-ada9eb729037@group-4CC069B2961E: changes role from CANDIDATE to FOLLOWER at term 10 for DISCOVERED_A_NEW_TERM
2019-10-17 19:47:32,091 [32a164c3-8bb9-4158-a4d7-ada9eb729037@group-4CC069B2961E-LeaderElection24] INFO  impl.RoleInfo (RoleInfo.java:shutdownLeaderElection(134)) - 32a164c3-8bb9-4158-a4d7-ada9eb729037: shutdown LeaderElection
2019-10-17 19:47:32,091 [32a164c3-8bb9-4158-a4d7-ada9eb729037@group-4CC069B2961E-LeaderElection24] INFO  impl.RoleInfo (RoleInfo.java:updateAndGet(143)) - 32a164c3-8bb9-4158-a4d7-ada9eb729037: start FollowerState
2019-10-17 19:47:32,170 [pool-7-thread-1] INFO  commands.RetriableDatanodeEventWatcher (RetriableDatanodeEventWatcher.java:onTimeout(47)) - RetriableDatanodeCommand type=deleteBlocksCommand with id=1571341648168 timed out. Retrying.
2019-10-17 19:47:32,172 [pool-7-thread-1] INFO  commands.RetriableDatanodeEventWatcher (RetriableDatanodeEventWatcher.java:onTimeout(47)) - RetriableDatanodeCommand type=deleteBlocksCommand with id=1571341648170 timed out. Retrying.
2019-10-17 19:47:32,173 [pool-7-thread-2] INFO  commands.RetriableDatanodeEventWatcher (RetriableDatanodeEventWatcher.java:onTimeout(47)) - RetriableDatanodeCommand type=deleteBlocksCommand with id=1571341648169 timed out. Retrying.
2019-10-17 19:47:32,174 [SCMBlockDeletingService#0] INFO  block.SCMBlockDeletingService (SCMBlockDeletingService.java:call(184)) - Totally added 1 delete blocks command for 1 datanodes, task elapsed time: 0ms
2019-10-17 19:47:32,175 [pool-7-thread-2] INFO  commands.RetriableDatanodeEventWatcher (RetriableDatanodeEventWatcher.java:onTimeout(47)) - RetriableDatanodeCommand type=deleteBlocksCommand with id=1571341648166 timed out. Retrying.
2019-10-17 19:47:32,263 [Thread-704] INFO  impl.FollowerState (FollowerState.java:run(108)) - 32a164c3-8bb9-4158-a4d7-ada9eb729037@group-4CC069B2961E-FollowerState: change to CANDIDATE, lastRpcTime:171ms, electionTimeout:171ms
2019-10-17 19:47:32,263 [Thread-704] INFO  impl.RoleInfo (RoleInfo.java:shutdownFollowerState(121)) - 32a164c3-8bb9-4158-a4d7-ada9eb729037: shutdown FollowerState
2019-10-17 19:47:32,263 [Thread-704] INFO  impl.RaftServerImpl (RaftServerImpl.java:setRole(184)) - 32a164c3-8bb9-4158-a4d7-ada9eb729037@group-4CC069B2961E: changes role from  FOLLOWER to CANDIDATE at term 10 for changeToCandidate
2019-10-17 19:47:32,264 [Thread-704] INFO  impl.RoleInfo (RoleInfo.java:updateAndGet(143)) - 32a164c3-8bb9-4158-a4d7-ada9eb729037: start LeaderElection
2019-10-17 19:47:32,267 [Thread-708] INFO  client.GrpcClientProtocolService (GrpcClientProtocolService.java:lambda$processClientRequest$0(278)) - Failed RaftClientRequest:client-30F7F12B0123->32a164c3-8bb9-4158-a4d7-ada9eb729037@group-4CC069B2961E, cid=16, seq=0, Watch-ALL_COMMITTED(6), Message:<EMPTY>, reply=RaftClientReply:client-30F7F12B0123->32a164c3-8bb9-4158-a4d7-ada9eb729037@group-4CC069B2961E, cid=16, FAILED org.apache.ratis.protocol.NotLeaderException: Server 32a164c3-8bb9-4158-a4d7-ada9eb729037@group-4CC069B2961E is not the leader, logIndex=0, commits[32a164c3-8bb9-4158-a4d7-ada9eb729037:c3]
2019-10-17 19:47:32,290 [32a164c3-8bb9-4158-a4d7-ada9eb729037@group-4CC069B2961E-LeaderElection25] INFO  impl.LeaderElection (LeaderElection.java:askForVotes(178)) - 32a164c3-8bb9-4158-a4d7-ada9eb729037@group-4CC069B2961E-LeaderElection25: begin an election at term 11 for 0: [32a164c3-8bb9-4158-a4d7-ada9eb729037:192.168.164.201:42866, 5fa7c213-d229-4dfb-b48e-377c0ca33348:192.168.164.201:37765, fa049fba-12b8-4e17-ac2d-38ea71bdd2ce:192.168.164.201:41821], old=null
2019-10-17 19:47:32,293 [grpc-default-executor-3] INFO  impl.RaftServerImpl (RaftServerImpl.java:setRole(184)) - fa049fba-12b8-4e17-ac2d-38ea71bdd2ce@group-4CC069B2961E: changes role from  FOLLOWER to FOLLOWER at term 11 for recognizeCandidate:32a164c3-8bb9-4158-a4d7-ada9eb729037
2019-10-17 19:47:32,293 [grpc-default-executor-3] INFO  impl.RoleInfo (RoleInfo.java:shutdownFollowerState(121)) - fa049fba-12b8-4e17-ac2d-38ea71bdd2ce: shutdown FollowerState
2019-10-17 19:47:32,293 [grpc-default-executor-3] INFO  impl.RoleInfo (RoleInfo.java:updateAndGet(143)) - fa049fba-12b8-4e17-ac2d-38ea71bdd2ce: start FollowerState
2019-10-17 19:47:32,294 [Thread-702] INFO  impl.FollowerState (FollowerState.java:run(117)) - fa049fba-12b8-4e17-ac2d-38ea71bdd2ce@group-4CC069B2961E-FollowerState was interrupted: java.lang.InterruptedException: sleep interrupted
2019-10-17 19:47:32,294 [grpc-default-executor-6] INFO  impl.RaftServerImpl (RaftServerImpl.java:setRole(184)) - 5fa7c213-d229-4dfb-b48e-377c0ca33348@group-4CC069B2961E: changes role from  FOLLOWER to FOLLOWER at term 11 for recognizeCandidate:32a164c3-8bb9-4158-a4d7-ada9eb729037
2019-10-17 19:47:32,294 [grpc-default-executor-6] INFO  impl.RoleInfo (RoleInfo.java:shutdownFollowerState(121)) - 5fa7c213-d229-4dfb-b48e-377c0ca33348: shutdown FollowerState
2019-10-17 19:47:32,294 [grpc-default-executor-6] INFO  impl.RoleInfo (RoleInfo.java:updateAndGet(143)) - 5fa7c213-d229-4dfb-b48e-377c0ca33348: start FollowerState
2019-10-17 19:47:32,294 [Thread-703] INFO  impl.FollowerState (FollowerState.java:run(117)) - 5fa7c213-d229-4dfb-b48e-377c0ca33348@group-4CC069B2961E-FollowerState was interrupted: java.lang.InterruptedException: sleep interrupted
2019-10-17 19:47:32,316 [32a164c3-8bb9-4158-a4d7-ada9eb729037@group-4CC069B2961E-LeaderElection25] INFO  impl.LeaderElection (LeaderElection.java:logAndReturn(56)) - 32a164c3-8bb9-4158-a4d7-ada9eb729037@group-4CC069B2961E-LeaderElection25: Election REJECTED; received 2 response(s) [32a164c3-8bb9-4158-a4d7-ada9eb729037<-5fa7c213-d229-4dfb-b48e-377c0ca33348#0:FAIL-t11, 32a164c3-8bb9-4158-a4d7-ada9eb729037<-fa049fba-12b8-4e17-ac2d-38ea71bdd2ce#0:FAIL-t11] and 0 exception(s); 32a164c3-8bb9-4158-a4d7-ada9eb729037@group-4CC069B2961E:t11, leader=null, voted=32a164c3-8bb9-4158-a4d7-ada9eb729037, raftlog=32a164c3-8bb9-4158-a4d7-ada9eb729037@group-4CC069B2961E-SegmentedRaftLog:OPENED:c3,f4,i4, conf=0: [32a164c3-8bb9-4158-a4d7-ada9eb729037:192.168.164.201:42866, 5fa7c213-d229-4dfb-b48e-377c0ca33348:192.168.164.201:37765, fa049fba-12b8-4e17-ac2d-38ea71bdd2ce:192.168.164.201:41821], old=null
2019-10-17 19:47:32,316 [32a164c3-8bb9-4158-a4d7-ada9eb729037@group-4CC069B2961E-LeaderElection25] INFO  impl.RaftServerImpl (RaftServerImpl.java:setRole(184)) - 32a164c3-8bb9-4158-a4d7-ada9eb729037@group-4CC069B2961E: changes role from CANDIDATE to FOLLOWER at term 11 for DISCOVERED_A_NEW_TERM
2019-10-17 19:47:32,316 [32a164c3-8bb9-4158-a4d7-ada9eb729037@group-4CC069B2961E-LeaderElection25] INFO  impl.RoleInfo (RoleInfo.java:shutdownLeaderElection(134)) - 32a164c3-8bb9-4158-a4d7-ada9eb729037: shutdown LeaderElection
2019-10-17 19:47:32,317 [32a164c3-8bb9-4158-a4d7-ada9eb729037@group-4CC069B2961E-LeaderElection25] INFO  impl.RoleInfo (RoleInfo.java:updateAndGet(143)) - 32a164c3-8bb9-4158-a4d7-ada9eb729037: start FollowerState
2019-10-17 19:47:32,380 [Thread-714] INFO  impl.FollowerState (FollowerState.java:run(108)) - 32a164c3-8bb9-4158-a4d7-ada9eb729037@group-4CC069B2961E-FollowerState: change to CANDIDATE, lastRpcTime:63ms, electionTimeout:63ms
2019-10-17 19:47:32,381 [Thread-714] INFO  impl.RoleInfo (RoleInfo.java:shutdownFollowerState(121)) - 32a164c3-8bb9-4158-a4d7-ada9eb729037: shutdown FollowerState
2019-10-17 19:47:32,381 [Thread-714] INFO  impl.RaftServerImpl (RaftServerImpl.java:setRole(184)) - 32a164c3-8bb9-4158-a4d7-ada9eb729037@group-4CC069B2961E: changes role from  FOLLOWER to CANDIDATE at term 11 for changeToCandidate
2019-10-17 19:47:32,381 [Thread-714] INFO  impl.RoleInfo (RoleInfo.java:updateAndGet(143)) - 32a164c3-8bb9-4158-a4d7-ada9eb729037: start LeaderElection
2019-10-17 19:47:32,407 [32a164c3-8bb9-4158-a4d7-ada9eb729037@group-4CC069B2961E-LeaderElection26] INFO  impl.LeaderElection (LeaderElection.java:askForVotes(178)) - 32a164c3-8bb9-4158-a4d7-ada9eb729037@group-4CC069B2961E-LeaderElection26: begin an election at term 12 for 0: [32a164c3-8bb9-4158-a4d7-ada9eb729037:192.168.164.201:42866, 5fa7c213-d229-4dfb-b48e-377c0ca33348:192.168.164.201:37765, fa049fba-12b8-4e17-ac2d-38ea71bdd2ce:192.168.164.201:41821], old=null
2019-10-17 19:47:32,410 [grpc-default-executor-6] INFO  impl.RaftServerImpl (RaftServerImpl.java:setRole(184)) - 5fa7c213-d229-4dfb-b48e-377c0ca33348@group-4CC069B2961E: changes role from  FOLLOWER to FOLLOWER at term 12 for recognizeCandidate:32a164c3-8bb9-4158-a4d7-ada9eb729037
2019-10-17 19:47:32,410 [grpc-default-executor-3] INFO  impl.RaftServerImpl (RaftServerImpl.java:setRole(184)) - fa049fba-12b8-4e17-ac2d-38ea71bdd2ce@group-4CC069B2961E: changes role from  FOLLOWER to FOLLOWER at term 12 for recognizeCandidate:32a164c3-8bb9-4158-a4d7-ada9eb729037
2019-10-17 19:47:32,410 [grpc-default-executor-6] INFO  impl.RoleInfo (RoleInfo.java:shutdownFollowerState(121)) - 5fa7c213-d229-4dfb-b48e-377c0ca33348: shutdown FollowerState
2019-10-17 19:47:32,410 [grpc-default-executor-3] INFO  impl.RoleInfo (RoleInfo.java:shutdownFollowerState(121)) - fa049fba-12b8-4e17-ac2d-38ea71bdd2ce: shutdown FollowerState
2019-10-17 19:47:32,411 [Thread-713] INFO  impl.FollowerState (FollowerState.java:run(117)) - 5fa7c213-d229-4dfb-b48e-377c0ca33348@group-4CC069B2961E-FollowerState was interrupted: java.lang.InterruptedException: sleep interrupted
2019-10-17 19:47:32,411 [grpc-default-executor-6] INFO  impl.RoleInfo (RoleInfo.java:updateAndGet(143)) - 5fa7c213-d229-4dfb-b48e-377c0ca33348: start FollowerState
2019-10-17 19:47:32,411 [Thread-712] INFO  impl.FollowerState (FollowerState.java:run(117)) - fa049fba-12b8-4e17-ac2d-38ea71bdd2ce@group-4CC069B2961E-FollowerState was interrupted: java.lang.InterruptedException: sleep interrupted
2019-10-17 19:47:32,411 [grpc-default-executor-3] INFO  impl.RoleInfo (RoleInfo.java:updateAndGet(143)) - fa049fba-12b8-4e17-ac2d-38ea71bdd2ce: start FollowerState
2019-10-17 19:47:32,434 [32a164c3-8bb9-4158-a4d7-ada9eb729037@group-4CC069B2961E-LeaderElection26] INFO  impl.LeaderElection (LeaderElection.java:logAndReturn(56)) - 32a164c3-8bb9-4158-a4d7-ada9eb729037@group-4CC069B2961E-LeaderElection26: Election REJECTED; received 2 response(s) [32a164c3-8bb9-4158-a4d7-ada9eb729037<-5fa7c213-d229-4dfb-b48e-377c0ca33348#0:FAIL-t12, 32a164c3-8bb9-4158-a4d7-ada9eb729037<-fa049fba-12b8-4e17-ac2d-38ea71bdd2ce#0:FAIL-t12] and 0 exception(s); 32a164c3-8bb9-4158-a4d7-ada9eb729037@group-4CC069B2961E:t12, leader=null, voted=32a164c3-8bb9-4158-a4d7-ada9eb729037, raftlog=32a164c3-8bb9-4158-a4d7-ada9eb729037@group-4CC069B2961E-SegmentedRaftLog:OPENED:c3,f4,i4, conf=0: [32a164c3-8bb9-4158-a4d7-ada9eb729037:192.168.164.201:42866, 5fa7c213-d229-4dfb-b48e-377c0ca33348:192.168.164.201:37765, fa049fba-12b8-4e17-ac2d-38ea71bdd2ce:192.168.164.201:41821], old=null
2019-10-17 19:47:32,434 [32a164c3-8bb9-4158-a4d7-ada9eb729037@group-4CC069B2961E-LeaderElection26] INFO  impl.RaftServerImpl (RaftServerImpl.java:setRole(184)) - 32a164c3-8bb9-4158-a4d7-ada9eb729037@group-4CC069B2961E: changes role from CANDIDATE to FOLLOWER at term 12 for DISCOVERED_A_NEW_TERM
2019-10-17 19:47:32,434 [32a164c3-8bb9-4158-a4d7-ada9eb729037@group-4CC069B2961E-LeaderElection26] INFO  impl.RoleInfo (RoleInfo.java:shutdownLeaderElection(134)) - 32a164c3-8bb9-4158-a4d7-ada9eb729037: shutdown LeaderElection
2019-10-17 19:47:32,434 [32a164c3-8bb9-4158-a4d7-ada9eb729037@group-4CC069B2961E-LeaderElection26] INFO  impl.RoleInfo (RoleInfo.java:updateAndGet(143)) - 32a164c3-8bb9-4158-a4d7-ada9eb729037: start FollowerState
2019-10-17 19:47:32,604 [Thread-720] INFO  impl.FollowerState (FollowerState.java:run(108)) - 32a164c3-8bb9-4158-a4d7-ada9eb729037@group-4CC069B2961E-FollowerState: change to CANDIDATE, lastRpcTime:169ms, electionTimeout:169ms
2019-10-17 19:47:32,605 [Thread-720] INFO  impl.RoleInfo (RoleInfo.java:shutdownFollowerState(121)) - 32a164c3-8bb9-4158-a4d7-ada9eb729037: shutdown FollowerState
2019-10-17 19:47:32,605 [Thread-720] INFO  impl.RaftServerImpl (RaftServerImpl.java:setRole(184)) - 32a164c3-8bb9-4158-a4d7-ada9eb729037@group-4CC069B2961E: changes role from  FOLLOWER to CANDIDATE at term 12 for changeToCandidate
2019-10-17 19:47:32,606 [Thread-720] INFO  impl.RoleInfo (RoleInfo.java:updateAndGet(143)) - 32a164c3-8bb9-4158-a4d7-ada9eb729037: start LeaderElection
2019-10-17 19:47:32,633 [32a164c3-8bb9-4158-a4d7-ada9eb729037@group-4CC069B2961E-LeaderElection27] INFO  impl.LeaderElection (LeaderElection.java:askForVotes(178)) - 32a164c3-8bb9-4158-a4d7-ada9eb729037@group-4CC069B2961E-LeaderElection27: begin an election at term 13 for 0: [32a164c3-8bb9-4158-a4d7-ada9eb729037:192.168.164.201:42866, 5fa7c213-d229-4dfb-b48e-377c0ca33348:192.168.164.201:37765, fa049fba-12b8-4e17-ac2d-38ea71bdd2ce:192.168.164.201:41821], old=null
2019-10-17 19:47:32,636 [grpc-default-executor-6] INFO  impl.RaftServerImpl (RaftServerImpl.java:setRole(184)) - fa049fba-12b8-4e17-ac2d-38ea71bdd2ce@group-4CC069B2961E: changes role from  FOLLOWER to FOLLOWER at term 13 for recognizeCandidate:32a164c3-8bb9-4158-a4d7-ada9eb729037
2019-10-17 19:47:32,636 [grpc-default-executor-6] INFO  impl.RoleInfo (RoleInfo.java:shutdownFollowerState(121)) - fa049fba-12b8-4e17-ac2d-38ea71bdd2ce: shutdown FollowerState
2019-10-17 19:47:32,636 [grpc-default-executor-3] INFO  impl.RaftServerImpl (RaftServerImpl.java:setRole(184)) - 5fa7c213-d229-4dfb-b48e-377c0ca33348@group-4CC069B2961E: changes role from  FOLLOWER to FOLLOWER at term 13 for recognizeCandidate:32a164c3-8bb9-4158-a4d7-ada9eb729037
2019-10-17 19:47:32,637 [Thread-719] INFO  impl.FollowerState (FollowerState.java:run(117)) - fa049fba-12b8-4e17-ac2d-38ea71bdd2ce@group-4CC069B2961E-FollowerState was interrupted: java.lang.InterruptedException: sleep interrupted
2019-10-17 19:47:32,637 [grpc-default-executor-6] INFO  impl.RoleInfo (RoleInfo.java:updateAndGet(143)) - fa049fba-12b8-4e17-ac2d-38ea71bdd2ce: start FollowerState
2019-10-17 19:47:32,637 [grpc-default-executor-3] INFO  impl.RoleInfo (RoleInfo.java:shutdownFollowerState(121)) - 5fa7c213-d229-4dfb-b48e-377c0ca33348: shutdown FollowerState
2019-10-17 19:47:32,637 [grpc-default-executor-3] INFO  impl.RoleInfo (RoleInfo.java:updateAndGet(143)) - 5fa7c213-d229-4dfb-b48e-377c0ca33348: start FollowerState
2019-10-17 19:47:32,637 [Thread-718] INFO  impl.FollowerState (FollowerState.java:run(117)) - 5fa7c213-d229-4dfb-b48e-377c0ca33348@group-4CC069B2961E-FollowerState was interrupted: java.lang.InterruptedException: sleep interrupted
2019-10-17 19:47:32,660 [32a164c3-8bb9-4158-a4d7-ada9eb729037@group-4CC069B2961E-LeaderElection27] INFO  impl.LeaderElection (LeaderElection.java:logAndReturn(56)) - 32a164c3-8bb9-4158-a4d7-ada9eb729037@group-4CC069B2961E-LeaderElection27: Election REJECTED; received 2 response(s) [32a164c3-8bb9-4158-a4d7-ada9eb729037<-5fa7c213-d229-4dfb-b48e-377c0ca33348#0:FAIL-t13, 32a164c3-8bb9-4158-a4d7-ada9eb729037<-fa049fba-12b8-4e17-ac2d-38ea71bdd2ce#0:FAIL-t13] and 0 exception(s); 32a164c3-8bb9-4158-a4d7-ada9eb729037@group-4CC069B2961E:t13, leader=null, voted=32a164c3-8bb9-4158-a4d7-ada9eb729037, raftlog=32a164c3-8bb9-4158-a4d7-ada9eb729037@group-4CC069B2961E-SegmentedRaftLog:OPENED:c3,f4,i4, conf=0: [32a164c3-8bb9-4158-a4d7-ada9eb729037:192.168.164.201:42866, 5fa7c213-d229-4dfb-b48e-377c0ca33348:192.168.164.201:37765, fa049fba-12b8-4e17-ac2d-38ea71bdd2ce:192.168.164.201:41821], old=null
2019-10-17 19:47:32,660 [32a164c3-8bb9-4158-a4d7-ada9eb729037@group-4CC069B2961E-LeaderElection27] INFO  impl.RaftServerImpl (RaftServerImpl.java:setRole(184)) - 32a164c3-8bb9-4158-a4d7-ada9eb729037@group-4CC069B2961E: changes role from CANDIDATE to FOLLOWER at term 13 for DISCOVERED_A_NEW_TERM
2019-10-17 19:47:32,661 [32a164c3-8bb9-4158-a4d7-ada9eb729037@group-4CC069B2961E-LeaderElection27] INFO  impl.RoleInfo (RoleInfo.java:shutdownLeaderElection(134)) - 32a164c3-8bb9-4158-a4d7-ada9eb729037: shutdown LeaderElection
2019-10-17 19:47:32,661 [32a164c3-8bb9-4158-a4d7-ada9eb729037@group-4CC069B2961E-LeaderElection27] INFO  impl.RoleInfo (RoleInfo.java:updateAndGet(143)) - 32a164c3-8bb9-4158-a4d7-ada9eb729037: start FollowerState
2019-10-17 19:47:32,778 [Thread-726] INFO  impl.FollowerState (FollowerState.java:run(108)) - 32a164c3-8bb9-4158-a4d7-ada9eb729037@group-4CC069B2961E-FollowerState: change to CANDIDATE, lastRpcTime:117ms, electionTimeout:117ms
2019-10-17 19:47:32,779 [Thread-726] INFO  impl.RoleInfo (RoleInfo.java:shutdownFollowerState(121)) - 32a164c3-8bb9-4158-a4d7-ada9eb729037: shutdown FollowerState
2019-10-17 19:47:32,780 [Thread-726] INFO  impl.RaftServerImpl (RaftServerImpl.java:setRole(184)) - 32a164c3-8bb9-4158-a4d7-ada9eb729037@group-4CC069B2961E: changes role from  FOLLOWER to CANDIDATE at term 13 for changeToCandidate
2019-10-17 19:47:32,780 [Thread-726] INFO  impl.RoleInfo (RoleInfo.java:updateAndGet(143)) - 32a164c3-8bb9-4158-a4d7-ada9eb729037: start LeaderElection
2019-10-17 19:47:32,810 [32a164c3-8bb9-4158-a4d7-ada9eb729037@group-4CC069B2961E-LeaderElection28] INFO  impl.LeaderElection (LeaderElection.java:askForVotes(178)) - 32a164c3-8bb9-4158-a4d7-ada9eb729037@group-4CC069B2961E-LeaderElection28: begin an election at term 14 for 0: [32a164c3-8bb9-4158-a4d7-ada9eb729037:192.168.164.201:42866, 5fa7c213-d229-4dfb-b48e-377c0ca33348:192.168.164.201:37765, fa049fba-12b8-4e17-ac2d-38ea71bdd2ce:192.168.164.201:41821], old=null
2019-10-17 19:47:32,813 [grpc-default-executor-6] INFO  impl.RaftServerImpl (RaftServerImpl.java:setRole(184)) - 5fa7c213-d229-4dfb-b48e-377c0ca33348@group-4CC069B2961E: changes role from  FOLLOWER to FOLLOWER at term 14 for recognizeCandidate:32a164c3-8bb9-4158-a4d7-ada9eb729037
2019-10-17 19:47:32,813 [grpc-default-executor-6] INFO  impl.RoleInfo (RoleInfo.java:shutdownFollowerState(121)) - 5fa7c213-d229-4dfb-b48e-377c0ca33348: shutdown FollowerState
2019-10-17 19:47:32,813 [grpc-default-executor-3] INFO  impl.RaftServerImpl (RaftServerImpl.java:setRole(184)) - fa049fba-12b8-4e17-ac2d-38ea71bdd2ce@group-4CC069B2961E: changes role from  FOLLOWER to FOLLOWER at term 14 for recognizeCandidate:32a164c3-8bb9-4158-a4d7-ada9eb729037
2019-10-17 19:47:32,813 [Thread-725] INFO  impl.FollowerState (FollowerState.java:run(117)) - 5fa7c213-d229-4dfb-b48e-377c0ca33348@group-4CC069B2961E-FollowerState was interrupted: java.lang.InterruptedException: sleep interrupted
2019-10-17 19:47:32,813 [grpc-default-executor-6] INFO  impl.RoleInfo (RoleInfo.java:updateAndGet(143)) - 5fa7c213-d229-4dfb-b48e-377c0ca33348: start FollowerState
2019-10-17 19:47:32,813 [grpc-default-executor-3] INFO  impl.RoleInfo (RoleInfo.java:shutdownFollowerState(121)) - fa049fba-12b8-4e17-ac2d-38ea71bdd2ce: shutdown FollowerState
2019-10-17 19:47:32,814 [grpc-default-executor-3] INFO  impl.RoleInfo (RoleInfo.java:updateAndGet(143)) - fa049fba-12b8-4e17-ac2d-38ea71bdd2ce: start FollowerState
2019-10-17 19:47:32,814 [Thread-724] INFO  impl.FollowerState (FollowerState.java:run(117)) - fa049fba-12b8-4e17-ac2d-38ea71bdd2ce@group-4CC069B2961E-FollowerState was interrupted: java.lang.InterruptedException: sleep interrupted
2019-10-17 19:47:32,837 [32a164c3-8bb9-4158-a4d7-ada9eb729037@group-4CC069B2961E-LeaderElection28] INFO  impl.LeaderElection (LeaderElection.java:logAndReturn(56)) - 32a164c3-8bb9-4158-a4d7-ada9eb729037@group-4CC069B2961E-LeaderElection28: Election REJECTED; received 2 response(s) [32a164c3-8bb9-4158-a4d7-ada9eb729037<-5fa7c213-d229-4dfb-b48e-377c0ca33348#0:FAIL-t14, 32a164c3-8bb9-4158-a4d7-ada9eb729037<-fa049fba-12b8-4e17-ac2d-38ea71bdd2ce#0:FAIL-t14] and 0 exception(s); 32a164c3-8bb9-4158-a4d7-ada9eb729037@group-4CC069B2961E:t14, leader=null, voted=32a164c3-8bb9-4158-a4d7-ada9eb729037, raftlog=32a164c3-8bb9-4158-a4d7-ada9eb729037@group-4CC069B2961E-SegmentedRaftLog:OPENED:c3,f4,i4, conf=0: [32a164c3-8bb9-4158-a4d7-ada9eb729037:192.168.164.201:42866, 5fa7c213-d229-4dfb-b48e-377c0ca33348:192.168.164.201:37765, fa049fba-12b8-4e17-ac2d-38ea71bdd2ce:192.168.164.201:41821], old=null
2019-10-17 19:47:32,837 [32a164c3-8bb9-4158-a4d7-ada9eb729037@group-4CC069B2961E-LeaderElection28] INFO  impl.RaftServerImpl (RaftServerImpl.java:setRole(184)) - 32a164c3-8bb9-4158-a4d7-ada9eb729037@group-4CC069B2961E: changes role from CANDIDATE to FOLLOWER at term 14 for DISCOVERED_A_NEW_TERM
2019-10-17 19:47:32,837 [32a164c3-8bb9-4158-a4d7-ada9eb729037@group-4CC069B2961E-LeaderElection28] INFO  impl.RoleInfo (RoleInfo.java:shutdownLeaderElection(134)) - 32a164c3-8bb9-4158-a4d7-ada9eb729037: shutdown LeaderElection
2019-10-17 19:47:32,837 [32a164c3-8bb9-4158-a4d7-ada9eb729037@group-4CC069B2961E-LeaderElection28] INFO  impl.RoleInfo (RoleInfo.java:updateAndGet(143)) - 32a164c3-8bb9-4158-a4d7-ada9eb729037: start FollowerState
2019-10-17 19:47:32,862 [Thread-732] INFO  impl.FollowerState (FollowerState.java:run(108)) - 32a164c3-8bb9-4158-a4d7-ada9eb729037@group-4CC069B2961E-FollowerState: change to CANDIDATE, lastRpcTime:24ms, electionTimeout:24ms
2019-10-17 19:47:32,863 [Thread-732] INFO  impl.RoleInfo (RoleInfo.java:shutdownFollowerState(121)) - 32a164c3-8bb9-4158-a4d7-ada9eb729037: shutdown FollowerState
2019-10-17 19:47:32,863 [Thread-732] INFO  impl.RaftServerImpl (RaftServerImpl.java:setRole(184)) - 32a164c3-8bb9-4158-a4d7-ada9eb729037@group-4CC069B2961E: changes role from  FOLLOWER to CANDIDATE at term 14 for changeToCandidate
2019-10-17 19:47:32,863 [Thread-732] INFO  impl.RoleInfo (RoleInfo.java:updateAndGet(143)) - 32a164c3-8bb9-4158-a4d7-ada9eb729037: start LeaderElection
2019-10-17 19:47:32,886 [32a164c3-8bb9-4158-a4d7-ada9eb729037@group-4CC069B2961E-LeaderElection29] INFO  impl.LeaderElection (LeaderElection.java:askForVotes(178)) - 32a164c3-8bb9-4158-a4d7-ada9eb729037@group-4CC069B2961E-LeaderElection29: begin an election at term 15 for 0: [32a164c3-8bb9-4158-a4d7-ada9eb729037:192.168.164.201:42866, 5fa7c213-d229-4dfb-b48e-377c0ca33348:192.168.164.201:37765, fa049fba-12b8-4e17-ac2d-38ea71bdd2ce:192.168.164.201:41821], old=null
2019-10-17 19:47:32,889 [grpc-default-executor-6] INFO  impl.RaftServerImpl (RaftServerImpl.java:setRole(184)) - 5fa7c213-d229-4dfb-b48e-377c0ca33348@group-4CC069B2961E: changes role from  FOLLOWER to FOLLOWER at term 15 for recognizeCandidate:32a164c3-8bb9-4158-a4d7-ada9eb729037
2019-10-17 19:47:32,889 [grpc-default-executor-6] INFO  impl.RoleInfo (RoleInfo.java:shutdownFollowerState(121)) - 5fa7c213-d229-4dfb-b48e-377c0ca33348: shutdown FollowerState
2019-10-17 19:47:32,889 [grpc-default-executor-3] INFO  impl.RaftServerImpl (RaftServerImpl.java:setRole(184)) - fa049fba-12b8-4e17-ac2d-38ea71bdd2ce@group-4CC069B2961E: changes role from  FOLLOWER to FOLLOWER at term 15 for recognizeCandidate:32a164c3-8bb9-4158-a4d7-ada9eb729037
2019-10-17 19:47:32,889 [Thread-730] INFO  impl.FollowerState (FollowerState.java:run(117)) - 5fa7c213-d229-4dfb-b48e-377c0ca33348@group-4CC069B2961E-FollowerState was interrupted: java.lang.InterruptedException: sleep interrupted
2019-10-17 19:47:32,889 [grpc-default-executor-6] INFO  impl.RoleInfo (RoleInfo.java:updateAndGet(143)) - 5fa7c213-d229-4dfb-b48e-377c0ca33348: start FollowerState
2019-10-17 19:47:32,889 [grpc-default-executor-3] INFO  impl.RoleInfo (RoleInfo.java:shutdownFollowerState(121)) - fa049fba-12b8-4e17-ac2d-38ea71bdd2ce: shutdown FollowerState
2019-10-17 19:47:32,890 [grpc-default-executor-3] INFO  impl.RoleInfo (RoleInfo.java:updateAndGet(143)) - fa049fba-12b8-4e17-ac2d-38ea71bdd2ce: start FollowerState
2019-10-17 19:47:32,890 [Thread-731] INFO  impl.FollowerState (FollowerState.java:run(117)) - fa049fba-12b8-4e17-ac2d-38ea71bdd2ce@group-4CC069B2961E-FollowerState was interrupted: java.lang.InterruptedException: sleep interrupted
2019-10-17 19:47:32,913 [32a164c3-8bb9-4158-a4d7-ada9eb729037@group-4CC069B2961E-LeaderElection29] INFO  impl.LeaderElection (LeaderElection.java:logAndReturn(56)) - 32a164c3-8bb9-4158-a4d7-ada9eb729037@group-4CC069B2961E-LeaderElection29: Election REJECTED; received 2 response(s) [32a164c3-8bb9-4158-a4d7-ada9eb729037<-5fa7c213-d229-4dfb-b48e-377c0ca33348#0:FAIL-t15, 32a164c3-8bb9-4158-a4d7-ada9eb729037<-fa049fba-12b8-4e17-ac2d-38ea71bdd2ce#0:FAIL-t15] and 0 exception(s); 32a164c3-8bb9-4158-a4d7-ada9eb729037@group-4CC069B2961E:t15, leader=null, voted=32a164c3-8bb9-4158-a4d7-ada9eb729037, raftlog=32a164c3-8bb9-4158-a4d7-ada9eb729037@group-4CC069B2961E-SegmentedRaftLog:OPENED:c3,f4,i4, conf=0: [32a164c3-8bb9-4158-a4d7-ada9eb729037:192.168.164.201:42866, 5fa7c213-d229-4dfb-b48e-377c0ca33348:192.168.164.201:37765, fa049fba-12b8-4e17-ac2d-38ea71bdd2ce:192.168.164.201:41821], old=null
2019-10-17 19:47:32,913 [32a164c3-8bb9-4158-a4d7-ada9eb729037@group-4CC069B2961E-LeaderElection29] INFO  impl.RaftServerImpl (RaftServerImpl.java:setRole(184)) - 32a164c3-8bb9-4158-a4d7-ada9eb729037@group-4CC069B2961E: changes role from CANDIDATE to FOLLOWER at term 15 for DISCOVERED_A_NEW_TERM
2019-10-17 19:47:32,913 [32a164c3-8bb9-4158-a4d7-ada9eb729037@group-4CC069B2961E-LeaderElection29] INFO  impl.RoleInfo (RoleInfo.java:shutdownLeaderElection(134)) - 32a164c3-8bb9-4158-a4d7-ada9eb729037: shutdown LeaderElection
2019-10-17 19:47:32,914 [32a164c3-8bb9-4158-a4d7-ada9eb729037@group-4CC069B2961E-LeaderElection29] INFO  impl.RoleInfo (RoleInfo.java:updateAndGet(143)) - 32a164c3-8bb9-4158-a4d7-ada9eb729037: start FollowerState
2019-10-17 19:47:32,996 [BlockDeletingService#3] WARN  background.BlockDeletingService (BlockDeletingService.java:isDeletionAllowed(187)) - Close Container log Index 6 is not replicated across allthe servers in the pipeline adc40928-88ac-46dc-94be-4cc069b2961e as the min replicated index is 4. Deletion is not allowed in this container yet.
2019-10-17 19:47:32,996 [BlockDeletingService#2] WARN  background.BlockDeletingService (BlockDeletingService.java:isDeletionAllowed(187)) - Close Container log Index 6 is not replicated across allthe servers in the pipeline adc40928-88ac-46dc-94be-4cc069b2961e as the min replicated index is 4. Deletion is not allowed in this container yet.
2019-10-17 19:47:33,040 [Thread-738] INFO  impl.FollowerState (FollowerState.java:run(108)) - 32a164c3-8bb9-4158-a4d7-ada9eb729037@group-4CC069B2961E-FollowerState: change to CANDIDATE, lastRpcTime:126ms, electionTimeout:126ms
2019-10-17 19:47:33,040 [Thread-738] INFO  impl.RoleInfo (RoleInfo.java:shutdownFollowerState(121)) - 32a164c3-8bb9-4158-a4d7-ada9eb729037: shutdown FollowerState
2019-10-17 19:47:33,040 [Thread-738] INFO  impl.RaftServerImpl (RaftServerImpl.java:setRole(184)) - 32a164c3-8bb9-4158-a4d7-ada9eb729037@group-4CC069B2961E: changes role from  FOLLOWER to CANDIDATE at term 15 for changeToCandidate
2019-10-17 19:47:33,040 [Thread-738] INFO  impl.RoleInfo (RoleInfo.java:updateAndGet(143)) - 32a164c3-8bb9-4158-a4d7-ada9eb729037: start LeaderElection
2019-10-17 19:47:33,071 [32a164c3-8bb9-4158-a4d7-ada9eb729037@group-4CC069B2961E-LeaderElection30] INFO  impl.LeaderElection (LeaderElection.java:askForVotes(178)) - 32a164c3-8bb9-4158-a4d7-ada9eb729037@group-4CC069B2961E-LeaderElection30: begin an election at term 16 for 0: [32a164c3-8bb9-4158-a4d7-ada9eb729037:192.168.164.201:42866, 5fa7c213-d229-4dfb-b48e-377c0ca33348:192.168.164.201:37765, fa049fba-12b8-4e17-ac2d-38ea71bdd2ce:192.168.164.201:41821], old=null
2019-10-17 19:47:33,073 [grpc-default-executor-3] INFO  impl.RaftServerImpl (RaftServerImpl.java:setRole(184)) - fa049fba-12b8-4e17-ac2d-38ea71bdd2ce@group-4CC069B2961E: changes role from  FOLLOWER to FOLLOWER at term 16 for recognizeCandidate:32a164c3-8bb9-4158-a4d7-ada9eb729037
2019-10-17 19:47:33,074 [grpc-default-executor-3] INFO  impl.RoleInfo (RoleInfo.java:shutdownFollowerState(121)) - fa049fba-12b8-4e17-ac2d-38ea71bdd2ce: shutdown FollowerState
2019-10-17 19:47:33,074 [grpc-default-executor-6] INFO  impl.RaftServerImpl (RaftServerImpl.java:setRole(184)) - 5fa7c213-d229-4dfb-b48e-377c0ca33348@group-4CC069B2961E: changes role from  FOLLOWER to FOLLOWER at term 16 for recognizeCandidate:32a164c3-8bb9-4158-a4d7-ada9eb729037
2019-10-17 19:47:33,074 [Thread-737] INFO  impl.FollowerState (FollowerState.java:run(117)) - fa049fba-12b8-4e17-ac2d-38ea71bdd2ce@group-4CC069B2961E-FollowerState was interrupted: java.lang.InterruptedException: sleep interrupted
2019-10-17 19:47:33,074 [grpc-default-executor-3] INFO  impl.RoleInfo (RoleInfo.java:updateAndGet(143)) - fa049fba-12b8-4e17-ac2d-38ea71bdd2ce: start FollowerState
2019-10-17 19:47:33,074 [grpc-default-executor-6] INFO  impl.RoleInfo (RoleInfo.java:shutdownFollowerState(121)) - 5fa7c213-d229-4dfb-b48e-377c0ca33348: shutdown FollowerState
2019-10-17 19:47:33,075 [grpc-default-executor-6] INFO  impl.RoleInfo (RoleInfo.java:updateAndGet(143)) - 5fa7c213-d229-4dfb-b48e-377c0ca33348: start FollowerState
2019-10-17 19:47:33,075 [Thread-736] INFO  impl.FollowerState (FollowerState.java:run(117)) - 5fa7c213-d229-4dfb-b48e-377c0ca33348@group-4CC069B2961E-FollowerState was interrupted: java.lang.InterruptedException: sleep interrupted
2019-10-17 19:47:33,098 [32a164c3-8bb9-4158-a4d7-ada9eb729037@group-4CC069B2961E-LeaderElection30] INFO  impl.LeaderElection (LeaderElection.java:logAndReturn(56)) - 32a164c3-8bb9-4158-a4d7-ada9eb729037@group-4CC069B2961E-LeaderElection30: Election REJECTED; received 2 response(s) [32a164c3-8bb9-4158-a4d7-ada9eb729037<-5fa7c213-d229-4dfb-b48e-377c0ca33348#0:FAIL-t16, 32a164c3-8bb9-4158-a4d7-ada9eb729037<-fa049fba-12b8-4e17-ac2d-38ea71bdd2ce#0:FAIL-t16] and 0 exception(s); 32a164c3-8bb9-4158-a4d7-ada9eb729037@group-4CC069B2961E:t16, leader=null, voted=32a164c3-8bb9-4158-a4d7-ada9eb729037, raftlog=32a164c3-8bb9-4158-a4d7-ada9eb729037@group-4CC069B2961E-SegmentedRaftLog:OPENED:c3,f4,i4, conf=0: [32a164c3-8bb9-4158-a4d7-ada9eb729037:192.168.164.201:42866, 5fa7c213-d229-4dfb-b48e-377c0ca33348:192.168.164.201:37765, fa049fba-12b8-4e17-ac2d-38ea71bdd2ce:192.168.164.201:41821], old=null
2019-10-17 19:47:33,098 [32a164c3-8bb9-4158-a4d7-ada9eb729037@group-4CC069B2961E-LeaderElection30] INFO  impl.RaftServerImpl (RaftServerImpl.java:setRole(184)) - 32a164c3-8bb9-4158-a4d7-ada9eb729037@group-4CC069B2961E: changes role from CANDIDATE to FOLLOWER at term 16 for DISCOVERED_A_NEW_TERM
2019-10-17 19:47:33,098 [32a164c3-8bb9-4158-a4d7-ada9eb729037@group-4CC069B2961E-LeaderElection30] INFO  impl.RoleInfo (RoleInfo.java:shutdownLeaderElection(134)) - 32a164c3-8bb9-4158-a4d7-ada9eb729037: shutdown LeaderElection
2019-10-17 19:47:33,098 [32a164c3-8bb9-4158-a4d7-ada9eb729037@group-4CC069B2961E-LeaderElection30] INFO  impl.RoleInfo (RoleInfo.java:updateAndGet(143)) - 32a164c3-8bb9-4158-a4d7-ada9eb729037: start FollowerState
2019-10-17 19:47:33,172 [pool-7-thread-2] INFO  commands.RetriableDatanodeEventWatcher (RetriableDatanodeEventWatcher.java:onTimeout(47)) - RetriableDatanodeCommand type=deleteBlocksCommand with id=1571341648168 timed out. Retrying.
2019-10-17 19:47:33,173 [pool-7-thread-2] INFO  commands.RetriableDatanodeEventWatcher (RetriableDatanodeEventWatcher.java:onTimeout(47)) - RetriableDatanodeCommand type=deleteBlocksCommand with id=1571341648170 timed out. Retrying.
2019-10-17 19:47:33,173 [pool-7-thread-1] INFO  commands.RetriableDatanodeEventWatcher (RetriableDatanodeEventWatcher.java:onTimeout(47)) - RetriableDatanodeCommand type=deleteBlocksCommand with id=1571341648169 timed out. Retrying.
2019-10-17 19:47:33,174 [pool-7-thread-1] INFO  commands.RetriableDatanodeEventWatcher (RetriableDatanodeEventWatcher.java:onTimeout(47)) - RetriableDatanodeCommand type=deleteBlocksCommand with id=1571341648171 timed out. Retrying.
2019-10-17 19:47:33,175 [SCMBlockDeletingService#0] INFO  block.SCMBlockDeletingService (SCMBlockDeletingService.java:call(184)) - Totally added 1 delete blocks command for 1 datanodes, task elapsed time: 0ms
2019-10-17 19:47:33,176 [pool-7-thread-1] INFO  commands.RetriableDatanodeEventWatcher (RetriableDatanodeEventWatcher.java:onTimeout(47)) - RetriableDatanodeCommand type=deleteBlocksCommand with id=1571341648166 timed out. Retrying.
2019-10-17 19:47:33,261 [Thread-746] INFO  impl.FollowerState (FollowerState.java:run(108)) - 32a164c3-8bb9-4158-a4d7-ada9eb729037@group-4CC069B2961E-FollowerState: change to CANDIDATE, lastRpcTime:162ms, electionTimeout:162ms
2019-10-17 19:47:33,261 [Thread-746] INFO  impl.RoleInfo (RoleInfo.java:shutdownFollowerState(121)) - 32a164c3-8bb9-4158-a4d7-ada9eb729037: shutdown FollowerState
2019-10-17 19:47:33,261 [Thread-746] INFO  impl.RaftServerImpl (RaftServerImpl.java:setRole(184)) - 32a164c3-8bb9-4158-a4d7-ada9eb729037@group-4CC069B2961E: changes role from  FOLLOWER to CANDIDATE at term 16 for changeToCandidate
2019-10-17 19:47:33,261 [Thread-746] INFO  impl.RoleInfo (RoleInfo.java:updateAndGet(143)) - 32a164c3-8bb9-4158-a4d7-ada9eb729037: start LeaderElection
2019-10-17 19:47:33,281 [Thread-750] INFO  client.GrpcClientProtocolService (GrpcClientProtocolService.java:lambda$processClientRequest$0(278)) - Failed RaftClientRequest:client-30F7F12B0123->fa049fba-12b8-4e17-ac2d-38ea71bdd2ce@group-4CC069B2961E, cid=16, seq=0, Watch-ALL_COMMITTED(6), Message:<EMPTY>, reply=RaftClientReply:client-30F7F12B0123->fa049fba-12b8-4e17-ac2d-38ea71bdd2ce@group-4CC069B2961E, cid=16, FAILED org.apache.ratis.protocol.NotLeaderException: Server fa049fba-12b8-4e17-ac2d-38ea71bdd2ce@group-4CC069B2961E is not the leader, logIndex=0, commits[fa049fba-12b8-4e17-ac2d-38ea71bdd2ce:c10, 32a164c3-8bb9-4158-a4d7-ada9eb729037:c4, 5fa7c213-d229-4dfb-b48e-377c0ca33348:c10]
2019-10-17 19:47:33,289 [32a164c3-8bb9-4158-a4d7-ada9eb729037@group-4CC069B2961E-LeaderElection31] INFO  impl.LeaderElection (LeaderElection.java:askForVotes(178)) - 32a164c3-8bb9-4158-a4d7-ada9eb729037@group-4CC069B2961E-LeaderElection31: begin an election at term 17 for 0: [32a164c3-8bb9-4158-a4d7-ada9eb729037:192.168.164.201:42866, 5fa7c213-d229-4dfb-b48e-377c0ca33348:192.168.164.201:37765, fa049fba-12b8-4e17-ac2d-38ea71bdd2ce:192.168.164.201:41821], old=null
2019-10-17 19:47:33,291 [grpc-default-executor-3] INFO  impl.RaftServerImpl (RaftServerImpl.java:setRole(184)) - 5fa7c213-d229-4dfb-b48e-377c0ca33348@group-4CC069B2961E: changes role from  FOLLOWER to FOLLOWER at term 17 for recognizeCandidate:32a164c3-8bb9-4158-a4d7-ada9eb729037
2019-10-17 19:47:33,294 [grpc-default-executor-6] INFO  impl.RaftServerImpl (RaftServerImpl.java:setRole(184)) - fa049fba-12b8-4e17-ac2d-38ea71bdd2ce@group-4CC069B2961E: changes role from  FOLLOWER to FOLLOWER at term 17 for recognizeCandidate:32a164c3-8bb9-4158-a4d7-ada9eb729037
2019-10-17 19:47:33,295 [grpc-default-executor-3] INFO  impl.RoleInfo (RoleInfo.java:shutdownFollowerState(121)) - 5fa7c213-d229-4dfb-b48e-377c0ca33348: shutdown FollowerState
2019-10-17 19:47:33,295 [grpc-default-executor-6] INFO  impl.RoleInfo (RoleInfo.java:shutdownFollowerState(121)) - fa049fba-12b8-4e17-ac2d-38ea71bdd2ce: shutdown FollowerState
2019-10-17 19:47:33,295 [Thread-745] INFO  impl.FollowerState (FollowerState.java:run(117)) - 5fa7c213-d229-4dfb-b48e-377c0ca33348@group-4CC069B2961E-FollowerState was interrupted: java.lang.InterruptedException: sleep interrupted
2019-10-17 19:47:33,295 [grpc-default-executor-3] INFO  impl.RoleInfo (RoleInfo.java:updateAndGet(143)) - 5fa7c213-d229-4dfb-b48e-377c0ca33348: start FollowerState
2019-10-17 19:47:33,295 [Thread-744] INFO  impl.FollowerState (FollowerState.java:run(117)) - fa049fba-12b8-4e17-ac2d-38ea71bdd2ce@group-4CC069B2961E-FollowerState was interrupted: java.lang.InterruptedException: sleep interrupted
2019-10-17 19:47:33,295 [grpc-default-executor-6] INFO  impl.RoleInfo (RoleInfo.java:updateAndGet(143)) - fa049fba-12b8-4e17-ac2d-38ea71bdd2ce: start FollowerState
2019-10-17 19:47:33,308 [EventQueue-PendingDeleteStatusForPendingDeleteHandler] INFO  block.SCMBlockDeletingService (SCMBlockDeletingService.java:handlePendingDeletes(115)) - Block deletion txnID mismatch in datanode 32a164c3-8bb9-4158-a4d7-ada9eb729037 for containerID 1. Datanode delete txnID: 0, SCM txnID: 1
2019-10-17 19:47:33,323 [32a164c3-8bb9-4158-a4d7-ada9eb729037@group-4CC069B2961E-LeaderElection31] INFO  impl.LeaderElection (LeaderElection.java:logAndReturn(56)) - 32a164c3-8bb9-4158-a4d7-ada9eb729037@group-4CC069B2961E-LeaderElection31: Election REJECTED; received 2 response(s) [32a164c3-8bb9-4158-a4d7-ada9eb729037<-5fa7c213-d229-4dfb-b48e-377c0ca33348#0:FAIL-t17, 32a164c3-8bb9-4158-a4d7-ada9eb729037<-fa049fba-12b8-4e17-ac2d-38ea71bdd2ce#0:FAIL-t17] and 0 exception(s); 32a164c3-8bb9-4158-a4d7-ada9eb729037@group-4CC069B2961E:t17, leader=null, voted=32a164c3-8bb9-4158-a4d7-ada9eb729037, raftlog=32a164c3-8bb9-4158-a4d7-ada9eb729037@group-4CC069B2961E-SegmentedRaftLog:OPENED:c3,f4,i4, conf=0: [32a164c3-8bb9-4158-a4d7-ada9eb729037:192.168.164.201:42866, 5fa7c213-d229-4dfb-b48e-377c0ca33348:192.168.164.201:37765, fa049fba-12b8-4e17-ac2d-38ea71bdd2ce:192.168.164.201:41821], old=null
2019-10-17 19:47:33,323 [32a164c3-8bb9-4158-a4d7-ada9eb729037@group-4CC069B2961E-LeaderElection31] INFO  impl.RaftServerImpl (RaftServerImpl.java:setRole(184)) - 32a164c3-8bb9-4158-a4d7-ada9eb729037@group-4CC069B2961E: changes role from CANDIDATE to FOLLOWER at term 17 for DISCOVERED_A_NEW_TERM
2019-10-17 19:47:33,324 [32a164c3-8bb9-4158-a4d7-ada9eb729037@group-4CC069B2961E-LeaderElection31] INFO  impl.RoleInfo (RoleInfo.java:shutdownLeaderElection(134)) - 32a164c3-8bb9-4158-a4d7-ada9eb729037: shutdown LeaderElection
2019-10-17 19:47:33,324 [32a164c3-8bb9-4158-a4d7-ada9eb729037@group-4CC069B2961E-LeaderElection31] INFO  impl.RoleInfo (RoleInfo.java:updateAndGet(143)) - 32a164c3-8bb9-4158-a4d7-ada9eb729037: start FollowerState
2019-10-17 19:47:33,362 [Thread-756] INFO  impl.FollowerState (FollowerState.java:run(108)) - 32a164c3-8bb9-4158-a4d7-ada9eb729037@group-4CC069B2961E-FollowerState: change to CANDIDATE, lastRpcTime:38ms, electionTimeout:38ms
2019-10-17 19:47:33,362 [Thread-756] INFO  impl.RoleInfo (RoleInfo.java:shutdownFollowerState(121)) - 32a164c3-8bb9-4158-a4d7-ada9eb729037: shutdown FollowerState
2019-10-17 19:47:33,363 [Thread-756] INFO  impl.RaftServerImpl (RaftServerImpl.java:setRole(184)) - 32a164c3-8bb9-4158-a4d7-ada9eb729037@group-4CC069B2961E: changes role from  FOLLOWER to CANDIDATE at term 17 for changeToCandidate
2019-10-17 19:47:33,363 [Thread-756] INFO  impl.RoleInfo (RoleInfo.java:updateAndGet(143)) - 32a164c3-8bb9-4158-a4d7-ada9eb729037: start LeaderElection
2019-10-17 19:47:33,373 [grpc-default-executor-6] INFO  impl.RaftServerProxy (RaftServerProxy.java:addNew(89)) - 32a164c3-8bb9-4158-a4d7-ada9eb729037: addNew group-674615675452:[32a164c3-8bb9-4158-a4d7-ada9eb729037:192.168.164.201:42866] returns group-674615675452:java.util.concurrent.CompletableFuture@5fd12031[Not completed]
2019-10-17 19:47:33,375 [pool-59-thread-1] INFO  impl.RaftServerImpl (RaftServerImpl.java:<init>(104)) - 32a164c3-8bb9-4158-a4d7-ada9eb729037: new RaftServerImpl for group-674615675452:[32a164c3-8bb9-4158-a4d7-ada9eb729037:192.168.164.201:42866] with ContainerStateMachine:uninitialized
2019-10-17 19:47:33,375 [pool-59-thread-1] INFO  server.RaftServerConfigKeys (ConfUtils.java:logGet(43)) - raft.server.rpc.timeout.min = 5s (custom)
2019-10-17 19:47:33,375 [pool-59-thread-1] INFO  server.RaftServerConfigKeys (ConfUtils.java:logGet(43)) - raft.server.rpc.timeout.max = 5200ms (custom)
2019-10-17 19:47:33,375 [pool-59-thread-1] INFO  server.RaftServerConfigKeys (ConfUtils.java:logGet(43)) - raft.server.rpcslowness.timeout = 1000s (custom)
2019-10-17 19:47:33,375 [pool-59-thread-1] INFO  server.RaftServerConfigKeys (ConfUtils.java:logGet(43)) - raft.server.sleep.deviation.threshold = 300 (default)
2019-10-17 19:47:33,375 [pool-59-thread-1] INFO  server.RaftServerConfigKeys (ConfUtils.java:logGet(43)) - raft.server.log.appender.install.snapshot.enabled = false (custom)
2019-10-17 19:47:33,375 [pool-59-thread-1] INFO  impl.RaftServerImpl (ServerState.java:<init>(103)) - 32a164c3-8bb9-4158-a4d7-ada9eb729037@group-674615675452: ConfigurationManager, init=-1: [32a164c3-8bb9-4158-a4d7-ada9eb729037:192.168.164.201:42866], old=null, confs=<EMPTY_MAP>
2019-10-17 19:47:33,376 [pool-59-thread-1] INFO  server.RaftServerConfigKeys (ConfUtils.java:logGet(43)) - raft.server.storage.dir = [/workdir/hadoop-ozone/integration-test/target/test-dir/MiniOzoneClusterImpl-020edf65-e88b-4f0c-8058-f5c4b9bdd7d8/datanode-2/data/ratis] (custom)
2019-10-17 19:47:33,376 [pool-59-thread-1] INFO  server.RaftServerConfigKeys (ConfUtils.java:logGet(43)) - raft.server.log.corruption.policy = EXCEPTION (default)
2019-10-17 19:47:33,376 [pool-59-thread-1] INFO  storage.RaftStorageDirectory (RaftStorageDirectory.java:analyzeStorage(246)) - The storage directory /workdir/hadoop-ozone/integration-test/target/test-dir/MiniOzoneClusterImpl-020edf65-e88b-4f0c-8058-f5c4b9bdd7d8/datanode-2/data/ratis/0075f853-a642-4b1a-96ec-674615675452 does not exist. Creating ...
2019-10-17 19:47:33,397 [pool-59-thread-1] INFO  storage.RaftStorageDirectory (RaftStorageDirectory.java:tryLock(328)) - Lock on /workdir/hadoop-ozone/integration-test/target/test-dir/MiniOzoneClusterImpl-020edf65-e88b-4f0c-8058-f5c4b9bdd7d8/datanode-2/data/ratis/0075f853-a642-4b1a-96ec-674615675452/in_use.lock acquired by nodename 1125@pr-hdds-1868-s6sc9-3720172378
2019-10-17 19:47:33,398 [32a164c3-8bb9-4158-a4d7-ada9eb729037@group-4CC069B2961E-LeaderElection32] INFO  impl.LeaderElection (LeaderElection.java:askForVotes(178)) - 32a164c3-8bb9-4158-a4d7-ada9eb729037@group-4CC069B2961E-LeaderElection32: begin an election at term 18 for 0: [32a164c3-8bb9-4158-a4d7-ada9eb729037:192.168.164.201:42866, 5fa7c213-d229-4dfb-b48e-377c0ca33348:192.168.164.201:37765, fa049fba-12b8-4e17-ac2d-38ea71bdd2ce:192.168.164.201:41821], old=null
2019-10-17 19:47:33,400 [grpc-default-executor-3] INFO  impl.RaftServerImpl (RaftServerImpl.java:setRole(184)) - 5fa7c213-d229-4dfb-b48e-377c0ca33348@group-4CC069B2961E: changes role from  FOLLOWER to FOLLOWER at term 18 for recognizeCandidate:32a164c3-8bb9-4158-a4d7-ada9eb729037
2019-10-17 19:47:33,400 [grpc-default-executor-6] INFO  impl.RaftServerImpl (RaftServerImpl.java:setRole(184)) - fa049fba-12b8-4e17-ac2d-38ea71bdd2ce@group-4CC069B2961E: changes role from  FOLLOWER to FOLLOWER at term 18 for recognizeCandidate:32a164c3-8bb9-4158-a4d7-ada9eb729037
2019-10-17 19:47:33,400 [grpc-default-executor-3] INFO  impl.RoleInfo (RoleInfo.java:shutdownFollowerState(121)) - 5fa7c213-d229-4dfb-b48e-377c0ca33348: shutdown FollowerState
2019-10-17 19:47:33,400 [grpc-default-executor-6] INFO  impl.RoleInfo (RoleInfo.java:shutdownFollowerState(121)) - fa049fba-12b8-4e17-ac2d-38ea71bdd2ce: shutdown FollowerState
2019-10-17 19:47:33,401 [Thread-754] INFO  impl.FollowerState (FollowerState.java:run(117)) - 5fa7c213-d229-4dfb-b48e-377c0ca33348@group-4CC069B2961E-FollowerState was interrupted: java.lang.InterruptedException: sleep interrupted
2019-10-17 19:47:33,401 [Thread-755] INFO  impl.FollowerState (FollowerState.java:run(117)) - fa049fba-12b8-4e17-ac2d-38ea71bdd2ce@group-4CC069B2961E-FollowerState was interrupted: java.lang.InterruptedException: sleep interrupted
2019-10-17 19:47:33,401 [grpc-default-executor-3] INFO  impl.RoleInfo (RoleInfo.java:updateAndGet(143)) - 5fa7c213-d229-4dfb-b48e-377c0ca33348: start FollowerState
2019-10-17 19:47:33,401 [grpc-default-executor-6] INFO  impl.RoleInfo (RoleInfo.java:updateAndGet(143)) - fa049fba-12b8-4e17-ac2d-38ea71bdd2ce: start FollowerState
2019-10-17 19:47:33,408 [java.util.concurrent.ThreadPoolExecutor$Worker@6214d2e6[State = -1, empty queue]] WARN  server.GrpcLogAppender (GrpcLogAppender.java:timeoutAppendRequest(209)) - 5fa7c213-d229-4dfb-b48e-377c0ca33348@group-4CC069B2961E->32a164c3-8bb9-4158-a4d7-ada9eb729037-GrpcLogAppender: appendEntries Timeout, request=5fa7c213-d229-4dfb-b48e-377c0ca33348->32a164c3-8bb9-4158-a4d7-ada9eb729037#52-t2, previous=(t:2, i:10), leaderCommit=10, initializing? false, entries: <empty>
2019-10-17 19:47:33,423 [pool-59-thread-1] INFO  storage.RaftStorage (RaftStorage.java:format(84)) - Storage directory /workdir/hadoop-ozone/integration-test/target/test-dir/MiniOzoneClusterImpl-020edf65-e88b-4f0c-8058-f5c4b9bdd7d8/datanode-2/data/ratis/0075f853-a642-4b1a-96ec-674615675452 has been successfully formatted.
2019-10-17 19:47:33,423 [pool-59-thread-1] INFO  ratis.ContainerStateMachine (ContainerStateMachine.java:loadSnapshot(233)) - group-674615675452: The snapshot info is null. Setting the last applied indexto:(t:0, i:~)
2019-10-17 19:47:33,424 [pool-59-thread-1] INFO  server.RaftServerConfigKeys (ConfUtils.java:logGet(43)) - raft.server.notification.no-leader.timeout = 1000s (custom)
2019-10-17 19:47:33,424 [pool-59-thread-1] INFO  server.RaftServerConfigKeys (ConfUtils.java:logGet(43)) - raft.server.log.use.memory = false (default)
2019-10-17 19:47:33,424 [pool-59-thread-1] INFO  server.RaftServerConfigKeys (ConfUtils.java:logGet(43)) - raft.server.log.purge.gap = 1000000 (custom)
2019-10-17 19:47:33,424 [pool-59-thread-1] INFO  server.RaftServerConfigKeys (ConfUtils.java:logGet(43)) - raft.server.log.appender.buffer.byte-limit = 33554432 (custom)
2019-10-17 19:47:33,424 [pool-59-thread-1] INFO  server.RaftServerConfigKeys (ConfUtils.java:logGet(43)) - raft.server.log.segment.size.max = 1048576 (custom)
2019-10-17 19:47:33,424 [32a164c3-8bb9-4158-a4d7-ada9eb729037@group-4CC069B2961E-LeaderElection32] INFO  impl.LeaderElection (LeaderElection.java:logAndReturn(56)) - 32a164c3-8bb9-4158-a4d7-ada9eb729037@group-4CC069B2961E-LeaderElection32: Election REJECTED; received 2 response(s) [32a164c3-8bb9-4158-a4d7-ada9eb729037<-5fa7c213-d229-4dfb-b48e-377c0ca33348#0:FAIL-t18, 32a164c3-8bb9-4158-a4d7-ada9eb729037<-fa049fba-12b8-4e17-ac2d-38ea71bdd2ce#0:FAIL-t18] and 0 exception(s); 32a164c3-8bb9-4158-a4d7-ada9eb729037@group-4CC069B2961E:t18, leader=null, voted=32a164c3-8bb9-4158-a4d7-ada9eb729037, raftlog=32a164c3-8bb9-4158-a4d7-ada9eb729037@group-4CC069B2961E-SegmentedRaftLog:OPENED:c3,f4,i4, conf=0: [32a164c3-8bb9-4158-a4d7-ada9eb729037:192.168.164.201:42866, 5fa7c213-d229-4dfb-b48e-377c0ca33348:192.168.164.201:37765, fa049fba-12b8-4e17-ac2d-38ea71bdd2ce:192.168.164.201:41821], old=null
2019-10-17 19:47:33,425 [pool-59-thread-1] INFO  server.RaftServerConfigKeys (ConfUtils.java:logGet(43)) - raft.server.log.segment.cache.num.max = 2 (custom)
2019-10-17 19:47:33,425 [32a164c3-8bb9-4158-a4d7-ada9eb729037@group-4CC069B2961E-LeaderElection32] INFO  impl.RaftServerImpl (RaftServerImpl.java:setRole(184)) - 32a164c3-8bb9-4158-a4d7-ada9eb729037@group-4CC069B2961E: changes role from CANDIDATE to FOLLOWER at term 18 for DISCOVERED_A_NEW_TERM
2019-10-17 19:47:33,425 [pool-59-thread-1] INFO  segmented.SegmentedRaftLogWorker (SegmentedRaftLogWorker.java:<init>(173)) - new 32a164c3-8bb9-4158-a4d7-ada9eb729037@group-674615675452-SegmentedRaftLogWorker for RaftStorage:Storage Directory /workdir/hadoop-ozone/integration-test/target/test-dir/MiniOzoneClusterImpl-020edf65-e88b-4f0c-8058-f5c4b9bdd7d8/datanode-2/data/ratis/0075f853-a642-4b1a-96ec-674615675452
2019-10-17 19:47:33,425 [32a164c3-8bb9-4158-a4d7-ada9eb729037@group-4CC069B2961E-LeaderElection32] INFO  impl.RoleInfo (RoleInfo.java:shutdownLeaderElection(134)) - 32a164c3-8bb9-4158-a4d7-ada9eb729037: shutdown LeaderElection
2019-10-17 19:47:33,425 [pool-59-thread-1] INFO  server.RaftServerConfigKeys (ConfUtils.java:logGet(43)) - raft.server.log.queue.byte-limit = 2147483647 (custom)
2019-10-17 19:47:33,425 [32a164c3-8bb9-4158-a4d7-ada9eb729037@group-4CC069B2961E-LeaderElection32] INFO  impl.RoleInfo (RoleInfo.java:updateAndGet(143)) - 32a164c3-8bb9-4158-a4d7-ada9eb729037: start FollowerState
2019-10-17 19:47:33,425 [pool-59-thread-1] INFO  server.RaftServerConfigKeys (ConfUtils.java:logGet(43)) - raft.server.log.queue.element-limit = 1024 (custom)
2019-10-17 19:47:33,426 [pool-59-thread-1] INFO  server.RaftServerConfigKeys (ConfUtils.java:logGet(43)) - raft.server.log.segment.size.max = 1048576 (custom)
2019-10-17 19:47:33,426 [pool-59-thread-1] INFO  server.RaftServerConfigKeys (ConfUtils.java:logGet(43)) - raft.server.log.preallocated.size = 16384 (custom)
2019-10-17 19:47:33,426 [pool-59-thread-1] INFO  server.RaftServerConfigKeys (ConfUtils.java:logGet(43)) - raft.server.log.write.buffer.size = 33554432 (custom)
2019-10-17 19:47:33,426 [pool-59-thread-1] INFO  server.RaftServerConfigKeys (ConfUtils.java:logGet(43)) - raft.server.log.force.sync.num = 128 (default)
2019-10-17 19:47:33,426 [pool-59-thread-1] INFO  server.RaftServerConfigKeys (ConfUtils.java:logGet(43)) - raft.server.log.statemachine.data.sync = true (default)
2019-10-17 19:47:33,426 [pool-59-thread-1] INFO  server.RaftServerConfigKeys (ConfUtils.java:logGet(43)) - raft.server.log.statemachine.data.sync.timeout = 10s (default)
2019-10-17 19:47:33,427 [pool-59-thread-1] INFO  server.RaftServerConfigKeys (ConfUtils.java:logGet(43)) - raft.server.log.statemachine.data.sync.timeout.retry = -1 (default)
2019-10-17 19:47:33,427 [pool-59-thread-1] INFO  server.RaftServerConfigKeys (ConfUtils.java:logGet(43)) - raft.server.log.statemachine.data.caching.enabled = true (custom)
2019-10-17 19:47:33,427 [pool-59-thread-1] INFO  segmented.SegmentedRaftLogWorker (SegmentedRaftLogWorker.java:lambda$new$0(128)) - 32a164c3-8bb9-4158-a4d7-ada9eb729037@group-674615675452-SegmentedRaftLogWorker: flushIndex: setUnconditionally 0 -> -1
2019-10-17 19:47:33,428 [pool-59-thread-1] INFO  server.RaftServerConfigKeys (ConfUtils.java:logGet(43)) - raft.server.snapshot.auto.trigger.enabled = true (custom)
2019-10-17 19:47:33,428 [pool-59-thread-1] INFO  server.RaftServerConfigKeys (ConfUtils.java:logGet(43)) - raft.server.snapshot.auto.trigger.threshold = 10000 (custom)
2019-10-17 19:47:33,428 [pool-59-thread-1] INFO  server.RaftServerConfigKeys (ConfUtils.java:logGet(43)) - raft.server.snapshot.retention.file.num = 5 (custom)
2019-10-17 19:47:33,428 [pool-59-thread-1] INFO  server.RaftServerConfigKeys (ConfUtils.java:logGet(43)) - raft.server.retrycache.expirytime = 600000ms (custom)
2019-10-17 19:47:33,432 [pool-59-thread-1] INFO  impl.RaftServerImpl (RaftServerImpl.java:start(195)) - 32a164c3-8bb9-4158-a4d7-ada9eb729037@group-674615675452: start as a follower, conf=-1: [32a164c3-8bb9-4158-a4d7-ada9eb729037:192.168.164.201:42866], old=null
2019-10-17 19:47:33,432 [pool-59-thread-1] INFO  impl.RaftServerImpl (RaftServerImpl.java:setRole(184)) - 32a164c3-8bb9-4158-a4d7-ada9eb729037@group-674615675452: changes role from      null to FOLLOWER at term 0 for startAsFollower
2019-10-17 19:47:33,432 [pool-59-thread-1] INFO  impl.RoleInfo (RoleInfo.java:updateAndGet(143)) - 32a164c3-8bb9-4158-a4d7-ada9eb729037: start FollowerState
2019-10-17 19:47:33,432 [pool-59-thread-1] INFO  util.JmxRegister (JmxRegister.java:tryRegister(44)) - Successfully registered JMX Bean with object name Ratis:service=RaftServer,group=group-674615675452,id=32a164c3-8bb9-4158-a4d7-ada9eb729037
2019-10-17 19:47:33,440 [RatisPipelineUtilsThread] INFO  pipeline.PipelineStateManager (PipelineStateManager.java:addPipeline(55)) - Created pipeline Pipeline[ Id: 0075f853-a642-4b1a-96ec-674615675452, Nodes: 32a164c3-8bb9-4158-a4d7-ada9eb729037{ip: 192.168.164.201, host: pr-hdds-1868-s6sc9-3720172378, networkLocation: /default-rack, certSerialId: null}, Type:RATIS, Factor:ONE, State:ALLOCATED]
2019-10-17 19:47:33,452 [grpc-default-executor-0] INFO  impl.RaftServerProxy (RaftServerProxy.java:addNew(89)) - fa049fba-12b8-4e17-ac2d-38ea71bdd2ce: addNew group-8BD2F7455A0F:[32a164c3-8bb9-4158-a4d7-ada9eb729037:192.168.164.201:42866, 5fa7c213-d229-4dfb-b48e-377c0ca33348:192.168.164.201:37765, fa049fba-12b8-4e17-ac2d-38ea71bdd2ce:192.168.164.201:41821] returns group-8BD2F7455A0F:java.util.concurrent.CompletableFuture@5e15f88b[Not completed]
2019-10-17 19:47:33,452 [grpc-default-executor-3] INFO  impl.RaftServerProxy (RaftServerProxy.java:addNew(89)) - 32a164c3-8bb9-4158-a4d7-ada9eb729037: addNew group-8BD2F7455A0F:[32a164c3-8bb9-4158-a4d7-ada9eb729037:192.168.164.201:42866, 5fa7c213-d229-4dfb-b48e-377c0ca33348:192.168.164.201:37765, fa049fba-12b8-4e17-ac2d-38ea71bdd2ce:192.168.164.201:41821] returns group-8BD2F7455A0F:java.util.concurrent.CompletableFuture@283b61a3[Not completed]
2019-10-17 19:47:33,452 [grpc-default-executor-0] INFO  impl.RaftServerProxy (RaftServerProxy.java:addNew(89)) - 5fa7c213-d229-4dfb-b48e-377c0ca33348: addNew group-8BD2F7455A0F:[32a164c3-8bb9-4158-a4d7-ada9eb729037:192.168.164.201:42866, 5fa7c213-d229-4dfb-b48e-377c0ca33348:192.168.164.201:37765, fa049fba-12b8-4e17-ac2d-38ea71bdd2ce:192.168.164.201:41821] returns group-8BD2F7455A0F:java.util.concurrent.CompletableFuture@23a8940b[Not completed]
2019-10-17 19:47:33,454 [pool-37-thread-1] INFO  impl.RaftServerImpl (RaftServerImpl.java:<init>(104)) - fa049fba-12b8-4e17-ac2d-38ea71bdd2ce: new RaftServerImpl for group-8BD2F7455A0F:[32a164c3-8bb9-4158-a4d7-ada9eb729037:192.168.164.201:42866, 5fa7c213-d229-4dfb-b48e-377c0ca33348:192.168.164.201:37765, fa049fba-12b8-4e17-ac2d-38ea71bdd2ce:192.168.164.201:41821] with ContainerStateMachine:uninitialized
2019-10-17 19:47:33,454 [pool-37-thread-1] INFO  server.RaftServerConfigKeys (ConfUtils.java:logGet(43)) - raft.server.rpc.timeout.min = 5s (custom)
2019-10-17 19:47:33,454 [pool-37-thread-1] INFO  server.RaftServerConfigKeys (ConfUtils.java:logGet(43)) - raft.server.rpc.timeout.max = 5200ms (custom)
2019-10-17 19:47:33,454 [pool-37-thread-1] INFO  server.RaftServerConfigKeys (ConfUtils.java:logGet(43)) - raft.server.rpcslowness.timeout = 1000s (custom)
2019-10-17 19:47:33,454 [pool-37-thread-1] INFO  server.RaftServerConfigKeys (ConfUtils.java:logGet(43)) - raft.server.sleep.deviation.threshold = 300 (default)
2019-10-17 19:47:33,455 [pool-37-thread-1] INFO  server.RaftServerConfigKeys (ConfUtils.java:logGet(43)) - raft.server.log.appender.install.snapshot.enabled = false (custom)
2019-10-17 19:47:33,455 [pool-37-thread-1] INFO  impl.RaftServerImpl (ServerState.java:<init>(103)) - fa049fba-12b8-4e17-ac2d-38ea71bdd2ce@group-8BD2F7455A0F: ConfigurationManager, init=-1: [32a164c3-8bb9-4158-a4d7-ada9eb729037:192.168.164.201:42866, 5fa7c213-d229-4dfb-b48e-377c0ca33348:192.168.164.201:37765, fa049fba-12b8-4e17-ac2d-38ea71bdd2ce:192.168.164.201:41821], old=null, confs=<EMPTY_MAP>
2019-10-17 19:47:33,455 [pool-27-thread-1] INFO  impl.RaftServerImpl (RaftServerImpl.java:<init>(104)) - 5fa7c213-d229-4dfb-b48e-377c0ca33348: new RaftServerImpl for group-8BD2F7455A0F:[32a164c3-8bb9-4158-a4d7-ada9eb729037:192.168.164.201:42866, 5fa7c213-d229-4dfb-b48e-377c0ca33348:192.168.164.201:37765, fa049fba-12b8-4e17-ac2d-38ea71bdd2ce:192.168.164.201:41821] with ContainerStateMachine:uninitialized
2019-10-17 19:47:33,455 [pool-37-thread-1] INFO  server.RaftServerConfigKeys (ConfUtils.java:logGet(43)) - raft.server.storage.dir = [/workdir/hadoop-ozone/integration-test/target/test-dir/MiniOzoneClusterImpl-020edf65-e88b-4f0c-8058-f5c4b9bdd7d8/datanode-1/data/ratis] (custom)
2019-10-17 19:47:33,455 [pool-27-thread-1] INFO  server.RaftServerConfigKeys (ConfUtils.java:logGet(43)) - raft.server.rpc.timeout.min = 5s (custom)
2019-10-17 19:47:33,455 [pool-27-thread-1] INFO  server.RaftServerConfigKeys (ConfUtils.java:logGet(43)) - raft.server.rpc.timeout.max = 5200ms (custom)
2019-10-17 19:47:33,455 [pool-37-thread-1] INFO  server.RaftServerConfigKeys (ConfUtils.java:logGet(43)) - raft.server.log.corruption.policy = EXCEPTION (default)
2019-10-17 19:47:33,455 [pool-27-thread-1] INFO  server.RaftServerConfigKeys (ConfUtils.java:logGet(43)) - raft.server.rpcslowness.timeout = 1000s (custom)
2019-10-17 19:47:33,456 [pool-27-thread-1] INFO  server.RaftServerConfigKeys (ConfUtils.java:logGet(43)) - raft.server.sleep.deviation.threshold = 300 (default)
2019-10-17 19:47:33,456 [pool-37-thread-1] INFO  storage.RaftStorageDirectory (RaftStorageDirectory.java:analyzeStorage(246)) - The storage directory /workdir/hadoop-ozone/integration-test/target/test-dir/MiniOzoneClusterImpl-020edf65-e88b-4f0c-8058-f5c4b9bdd7d8/datanode-1/data/ratis/76ff13af-23c9-4a9d-a422-8bd2f7455a0f does not exist. Creating ...
2019-10-17 19:47:33,456 [pool-59-thread-1] INFO  impl.RaftServerImpl (RaftServerImpl.java:<init>(104)) - 32a164c3-8bb9-4158-a4d7-ada9eb729037: new RaftServerImpl for group-8BD2F7455A0F:[32a164c3-8bb9-4158-a4d7-ada9eb729037:192.168.164.201:42866, 5fa7c213-d229-4dfb-b48e-377c0ca33348:192.168.164.201:37765, fa049fba-12b8-4e17-ac2d-38ea71bdd2ce:192.168.164.201:41821] with ContainerStateMachine:uninitialized
2019-10-17 19:47:33,456 [pool-27-thread-1] INFO  server.RaftServerConfigKeys (ConfUtils.java:logGet(43)) - raft.server.log.appender.install.snapshot.enabled = false (custom)
2019-10-17 19:47:33,456 [pool-59-thread-1] INFO  server.RaftServerConfigKeys (ConfUtils.java:logGet(43)) - raft.server.rpc.timeout.min = 5s (custom)
2019-10-17 19:47:33,456 [pool-27-thread-1] INFO  impl.RaftServerImpl (ServerState.java:<init>(103)) - 5fa7c213-d229-4dfb-b48e-377c0ca33348@group-8BD2F7455A0F: ConfigurationManager, init=-1: [32a164c3-8bb9-4158-a4d7-ada9eb729037:192.168.164.201:42866, 5fa7c213-d229-4dfb-b48e-377c0ca33348:192.168.164.201:37765, fa049fba-12b8-4e17-ac2d-38ea71bdd2ce:192.168.164.201:41821], old=null, confs=<EMPTY_MAP>
2019-10-17 19:47:33,456 [pool-59-thread-1] INFO  server.RaftServerConfigKeys (ConfUtils.java:logGet(43)) - raft.server.rpc.timeout.max = 5200ms (custom)
2019-10-17 19:47:33,457 [pool-27-thread-1] INFO  server.RaftServerConfigKeys (ConfUtils.java:logGet(43)) - raft.server.storage.dir = [/workdir/hadoop-ozone/integration-test/target/test-dir/MiniOzoneClusterImpl-020edf65-e88b-4f0c-8058-f5c4b9bdd7d8/datanode-0/data/ratis] (custom)
2019-10-17 19:47:33,457 [pool-59-thread-1] INFO  server.RaftServerConfigKeys (ConfUtils.java:logGet(43)) - raft.server.rpcslowness.timeout = 1000s (custom)
2019-10-17 19:47:33,457 [pool-59-thread-1] INFO  server.RaftServerConfigKeys (ConfUtils.java:logGet(43)) - raft.server.sleep.deviation.threshold = 300 (default)
2019-10-17 19:47:33,457 [pool-27-thread-1] INFO  server.RaftServerConfigKeys (ConfUtils.java:logGet(43)) - raft.server.log.corruption.policy = EXCEPTION (default)
2019-10-17 19:47:33,457 [pool-59-thread-1] INFO  server.RaftServerConfigKeys (ConfUtils.java:logGet(43)) - raft.server.log.appender.install.snapshot.enabled = false (custom)
2019-10-17 19:47:33,457 [pool-59-thread-1] INFO  impl.RaftServerImpl (ServerState.java:<init>(103)) - 32a164c3-8bb9-4158-a4d7-ada9eb729037@group-8BD2F7455A0F: ConfigurationManager, init=-1: [32a164c3-8bb9-4158-a4d7-ada9eb729037:192.168.164.201:42866, 5fa7c213-d229-4dfb-b48e-377c0ca33348:192.168.164.201:37765, fa049fba-12b8-4e17-ac2d-38ea71bdd2ce:192.168.164.201:41821], old=null, confs=<EMPTY_MAP>
2019-10-17 19:47:33,457 [pool-27-thread-1] INFO  storage.RaftStorageDirectory (RaftStorageDirectory.java:analyzeStorage(246)) - The storage directory /workdir/hadoop-ozone/integration-test/target/test-dir/MiniOzoneClusterImpl-020edf65-e88b-4f0c-8058-f5c4b9bdd7d8/datanode-0/data/ratis/76ff13af-23c9-4a9d-a422-8bd2f7455a0f does not exist. Creating ...
2019-10-17 19:47:33,458 [pool-59-thread-1] INFO  server.RaftServerConfigKeys (ConfUtils.java:logGet(43)) - raft.server.storage.dir = [/workdir/hadoop-ozone/integration-test/target/test-dir/MiniOzoneClusterImpl-020edf65-e88b-4f0c-8058-f5c4b9bdd7d8/datanode-2/data/ratis] (custom)
2019-10-17 19:47:33,458 [pool-59-thread-1] INFO  server.RaftServerConfigKeys (ConfUtils.java:logGet(43)) - raft.server.log.corruption.policy = EXCEPTION (default)
2019-10-17 19:47:33,458 [pool-59-thread-1] INFO  storage.RaftStorageDirectory (RaftStorageDirectory.java:analyzeStorage(246)) - The storage directory /workdir/hadoop-ozone/integration-test/target/test-dir/MiniOzoneClusterImpl-020edf65-e88b-4f0c-8058-f5c4b9bdd7d8/datanode-2/data/ratis/76ff13af-23c9-4a9d-a422-8bd2f7455a0f does not exist. Creating ...
2019-10-17 19:47:33,482 [pool-59-thread-1] INFO  storage.RaftStorageDirectory (RaftStorageDirectory.java:tryLock(328)) - Lock on /workdir/hadoop-ozone/integration-test/target/test-dir/MiniOzoneClusterImpl-020edf65-e88b-4f0c-8058-f5c4b9bdd7d8/datanode-2/data/ratis/76ff13af-23c9-4a9d-a422-8bd2f7455a0f/in_use.lock acquired by nodename 1125@pr-hdds-1868-s6sc9-3720172378
2019-10-17 19:47:33,482 [pool-37-thread-1] INFO  storage.RaftStorageDirectory (RaftStorageDirectory.java:tryLock(328)) - Lock on /workdir/hadoop-ozone/integration-test/target/test-dir/MiniOzoneClusterImpl-020edf65-e88b-4f0c-8058-f5c4b9bdd7d8/datanode-1/data/ratis/76ff13af-23c9-4a9d-a422-8bd2f7455a0f/in_use.lock acquired by nodename 1125@pr-hdds-1868-s6sc9-3720172378
2019-10-17 19:47:33,482 [pool-27-thread-1] INFO  storage.RaftStorageDirectory (RaftStorageDirectory.java:tryLock(328)) - Lock on /workdir/hadoop-ozone/integration-test/target/test-dir/MiniOzoneClusterImpl-020edf65-e88b-4f0c-8058-f5c4b9bdd7d8/datanode-0/data/ratis/76ff13af-23c9-4a9d-a422-8bd2f7455a0f/in_use.lock acquired by nodename 1125@pr-hdds-1868-s6sc9-3720172378
2019-10-17 19:47:33,504 [Thread-765] INFO  impl.FollowerState (FollowerState.java:run(108)) - 32a164c3-8bb9-4158-a4d7-ada9eb729037@group-674615675452-FollowerState: change to CANDIDATE, lastRpcTime:71ms, electionTimeout:71ms
2019-10-17 19:47:33,504 [Thread-765] INFO  impl.RoleInfo (RoleInfo.java:shutdownFollowerState(121)) - 32a164c3-8bb9-4158-a4d7-ada9eb729037: shutdown FollowerState
2019-10-17 19:47:33,504 [Thread-765] INFO  impl.RaftServerImpl (RaftServerImpl.java:setRole(184)) - 32a164c3-8bb9-4158-a4d7-ada9eb729037@group-674615675452: changes role from  FOLLOWER to CANDIDATE at term 0 for changeToCandidate
2019-10-17 19:47:33,504 [Thread-765] INFO  impl.RoleInfo (RoleInfo.java:updateAndGet(143)) - 32a164c3-8bb9-4158-a4d7-ada9eb729037: start LeaderElection
2019-10-17 19:47:33,508 [pool-27-thread-1] INFO  storage.RaftStorage (RaftStorage.java:format(84)) - Storage directory /workdir/hadoop-ozone/integration-test/target/test-dir/MiniOzoneClusterImpl-020edf65-e88b-4f0c-8058-f5c4b9bdd7d8/datanode-0/data/ratis/76ff13af-23c9-4a9d-a422-8bd2f7455a0f has been successfully formatted.
2019-10-17 19:47:33,508 [pool-59-thread-1] INFO  storage.RaftStorage (RaftStorage.java:format(84)) - Storage directory /workdir/hadoop-ozone/integration-test/target/test-dir/MiniOzoneClusterImpl-020edf65-e88b-4f0c-8058-f5c4b9bdd7d8/datanode-2/data/ratis/76ff13af-23c9-4a9d-a422-8bd2f7455a0f has been successfully formatted.
2019-10-17 19:47:33,508 [pool-37-thread-1] INFO  storage.RaftStorage (RaftStorage.java:format(84)) - Storage directory /workdir/hadoop-ozone/integration-test/target/test-dir/MiniOzoneClusterImpl-020edf65-e88b-4f0c-8058-f5c4b9bdd7d8/datanode-1/data/ratis/76ff13af-23c9-4a9d-a422-8bd2f7455a0f has been successfully formatted.
2019-10-17 19:47:33,508 [pool-27-thread-1] INFO  ratis.ContainerStateMachine (ContainerStateMachine.java:loadSnapshot(233)) - group-8BD2F7455A0F: The snapshot info is null. Setting the last applied indexto:(t:0, i:~)
2019-10-17 19:47:33,508 [pool-37-thread-1] INFO  ratis.ContainerStateMachine (ContainerStateMachine.java:loadSnapshot(233)) - group-8BD2F7455A0F: The snapshot info is null. Setting the last applied indexto:(t:0, i:~)
2019-10-17 19:47:33,508 [pool-59-thread-1] INFO  ratis.ContainerStateMachine (ContainerStateMachine.java:loadSnapshot(233)) - group-8BD2F7455A0F: The snapshot info is null. Setting the last applied indexto:(t:0, i:~)
2019-10-17 19:47:33,508 [pool-37-thread-1] INFO  server.RaftServerConfigKeys (ConfUtils.java:logGet(43)) - raft.server.notification.no-leader.timeout = 1000s (custom)
2019-10-17 19:47:33,508 [pool-27-thread-1] INFO  server.RaftServerConfigKeys (ConfUtils.java:logGet(43)) - raft.server.notification.no-leader.timeout = 1000s (custom)
2019-10-17 19:47:33,509 [pool-37-thread-1] INFO  server.RaftServerConfigKeys (ConfUtils.java:logGet(43)) - raft.server.log.use.memory = false (default)
2019-10-17 19:47:33,509 [pool-59-thread-1] INFO  server.RaftServerConfigKeys (ConfUtils.java:logGet(43)) - raft.server.notification.no-leader.timeout = 1000s (custom)
2019-10-17 19:47:33,509 [pool-37-thread-1] INFO  server.RaftServerConfigKeys (ConfUtils.java:logGet(43)) - raft.server.log.purge.gap = 1000000 (custom)
2019-10-17 19:47:33,509 [pool-27-thread-1] INFO  server.RaftServerConfigKeys (ConfUtils.java:logGet(43)) - raft.server.log.use.memory = false (default)
2019-10-17 19:47:33,509 [pool-37-thread-1] INFO  server.RaftServerConfigKeys (ConfUtils.java:logGet(43)) - raft.server.log.appender.buffer.byte-limit = 33554432 (custom)
2019-10-17 19:47:33,509 [pool-59-thread-1] INFO  server.RaftServerConfigKeys (ConfUtils.java:logGet(43)) - raft.server.log.use.memory = false (default)
2019-10-17 19:47:33,509 [pool-37-thread-1] INFO  server.RaftServerConfigKeys (ConfUtils.java:logGet(43)) - raft.server.log.segment.size.max = 1048576 (custom)
2019-10-17 19:47:33,509 [pool-27-thread-1] INFO  server.RaftServerConfigKeys (ConfUtils.java:logGet(43)) - raft.server.log.purge.gap = 1000000 (custom)
2019-10-17 19:47:33,510 [pool-37-thread-1] INFO  server.RaftServerConfigKeys (ConfUtils.java:logGet(43)) - raft.server.log.segment.cache.num.max = 2 (custom)
2019-10-17 19:47:33,510 [pool-59-thread-1] INFO  server.RaftServerConfigKeys (ConfUtils.java:logGet(43)) - raft.server.log.purge.gap = 1000000 (custom)
2019-10-17 19:47:33,510 [pool-37-thread-1] INFO  segmented.SegmentedRaftLogWorker (SegmentedRaftLogWorker.java:<init>(173)) - new fa049fba-12b8-4e17-ac2d-38ea71bdd2ce@group-8BD2F7455A0F-SegmentedRaftLogWorker for RaftStorage:Storage Directory /workdir/hadoop-ozone/integration-test/target/test-dir/MiniOzoneClusterImpl-020edf65-e88b-4f0c-8058-f5c4b9bdd7d8/datanode-1/data/ratis/76ff13af-23c9-4a9d-a422-8bd2f7455a0f
2019-10-17 19:47:33,510 [pool-27-thread-1] INFO  server.RaftServerConfigKeys (ConfUtils.java:logGet(43)) - raft.server.log.appender.buffer.byte-limit = 33554432 (custom)
2019-10-17 19:47:33,510 [pool-37-thread-1] INFO  server.RaftServerConfigKeys (ConfUtils.java:logGet(43)) - raft.server.log.queue.byte-limit = 2147483647 (custom)
2019-10-17 19:47:33,510 [pool-59-thread-1] INFO  server.RaftServerConfigKeys (ConfUtils.java:logGet(43)) - raft.server.log.appender.buffer.byte-limit = 33554432 (custom)
2019-10-17 19:47:33,510 [pool-37-thread-1] INFO  server.RaftServerConfigKeys (ConfUtils.java:logGet(43)) - raft.server.log.queue.element-limit = 1024 (custom)
2019-10-17 19:47:33,510 [pool-27-thread-1] INFO  server.RaftServerConfigKeys (ConfUtils.java:logGet(43)) - raft.server.log.segment.size.max = 1048576 (custom)
2019-10-17 19:47:33,511 [pool-37-thread-1] INFO  server.RaftServerConfigKeys (ConfUtils.java:logGet(43)) - raft.server.log.segment.size.max = 1048576 (custom)
2019-10-17 19:47:33,511 [pool-37-thread-1] INFO  server.RaftServerConfigKeys (ConfUtils.java:logGet(43)) - raft.server.log.preallocated.size = 16384 (custom)
2019-10-17 19:47:33,511 [pool-59-thread-1] INFO  server.RaftServerConfigKeys (ConfUtils.java:logGet(43)) - raft.server.log.segment.size.max = 1048576 (custom)
2019-10-17 19:47:33,511 [pool-37-thread-1] INFO  server.RaftServerConfigKeys (ConfUtils.java:logGet(43)) - raft.server.log.write.buffer.size = 33554432 (custom)
2019-10-17 19:47:33,511 [pool-27-thread-1] INFO  server.RaftServerConfigKeys (ConfUtils.java:logGet(43)) - raft.server.log.segment.cache.num.max = 2 (custom)
2019-10-17 19:47:33,511 [pool-37-thread-1] INFO  server.RaftServerConfigKeys (ConfUtils.java:logGet(43)) - raft.server.log.force.sync.num = 128 (default)
2019-10-17 19:47:33,511 [pool-59-thread-1] INFO  server.RaftServerConfigKeys (ConfUtils.java:logGet(43)) - raft.server.log.segment.cache.num.max = 2 (custom)
2019-10-17 19:47:33,511 [pool-37-thread-1] INFO  server.RaftServerConfigKeys (ConfUtils.java:logGet(43)) - raft.server.log.statemachine.data.sync = true (default)
2019-10-17 19:47:33,511 [pool-27-thread-1] INFO  segmented.SegmentedRaftLogWorker (SegmentedRaftLogWorker.java:<init>(173)) - new 5fa7c213-d229-4dfb-b48e-377c0ca33348@group-8BD2F7455A0F-SegmentedRaftLogWorker for RaftStorage:Storage Directory /workdir/hadoop-ozone/integration-test/target/test-dir/MiniOzoneClusterImpl-020edf65-e88b-4f0c-8058-f5c4b9bdd7d8/datanode-0/data/ratis/76ff13af-23c9-4a9d-a422-8bd2f7455a0f
2019-10-17 19:47:33,512 [pool-37-thread-1] INFO  server.RaftServerConfigKeys (ConfUtils.java:logGet(43)) - raft.server.log.statemachine.data.sync.timeout = 10s (default)
2019-10-17 19:47:33,512 [pool-59-thread-1] INFO  segmented.SegmentedRaftLogWorker (SegmentedRaftLogWorker.java:<init>(173)) - new 32a164c3-8bb9-4158-a4d7-ada9eb729037@group-8BD2F7455A0F-SegmentedRaftLogWorker for RaftStorage:Storage Directory /workdir/hadoop-ozone/integration-test/target/test-dir/MiniOzoneClusterImpl-020edf65-e88b-4f0c-8058-f5c4b9bdd7d8/datanode-2/data/ratis/76ff13af-23c9-4a9d-a422-8bd2f7455a0f
2019-10-17 19:47:33,512 [pool-37-thread-1] INFO  server.RaftServerConfigKeys (ConfUtils.java:logGet(43)) - raft.server.log.statemachine.data.sync.timeout.retry = -1 (default)
2019-10-17 19:47:33,512 [pool-27-thread-1] INFO  server.RaftServerConfigKeys (ConfUtils.java:logGet(43)) - raft.server.log.queue.byte-limit = 2147483647 (custom)
2019-10-17 19:47:33,512 [pool-37-thread-1] INFO  server.RaftServerConfigKeys (ConfUtils.java:logGet(43)) - raft.server.log.statemachine.data.caching.enabled = true (custom)
2019-10-17 19:47:33,512 [pool-59-thread-1] INFO  server.RaftServerConfigKeys (ConfUtils.java:logGet(43)) - raft.server.log.queue.byte-limit = 2147483647 (custom)
2019-10-17 19:47:33,512 [pool-27-thread-1] INFO  server.RaftServerConfigKeys (ConfUtils.java:logGet(43)) - raft.server.log.queue.element-limit = 1024 (custom)
2019-10-17 19:47:33,513 [pool-37-thread-1] INFO  segmented.SegmentedRaftLogWorker (SegmentedRaftLogWorker.java:lambda$new$0(128)) - fa049fba-12b8-4e17-ac2d-38ea71bdd2ce@group-8BD2F7455A0F-SegmentedRaftLogWorker: flushIndex: setUnconditionally 0 -> -1
2019-10-17 19:47:33,513 [pool-59-thread-1] INFO  server.RaftServerConfigKeys (ConfUtils.java:logGet(43)) - raft.server.log.queue.element-limit = 1024 (custom)
2019-10-17 19:47:33,513 [pool-27-thread-1] INFO  server.RaftServerConfigKeys (ConfUtils.java:logGet(43)) - raft.server.log.segment.size.max = 1048576 (custom)
2019-10-17 19:47:33,513 [pool-59-thread-1] INFO  server.RaftServerConfigKeys (ConfUtils.java:logGet(43)) - raft.server.log.segment.size.max = 1048576 (custom)
2019-10-17 19:47:33,513 [pool-37-thread-1] INFO  server.RaftServerConfigKeys (ConfUtils.java:logGet(43)) - raft.server.snapshot.auto.trigger.enabled = true (custom)
2019-10-17 19:47:33,513 [pool-59-thread-1] INFO  server.RaftServerConfigKeys (ConfUtils.java:logGet(43)) - raft.server.log.preallocated.size = 16384 (custom)
2019-10-17 19:47:33,513 [pool-27-thread-1] INFO  server.RaftServerConfigKeys (ConfUtils.java:logGet(43)) - raft.server.log.preallocated.size = 16384 (custom)
2019-10-17 19:47:33,514 [pool-59-thread-1] INFO  server.RaftServerConfigKeys (ConfUtils.java:logGet(43)) - raft.server.log.write.buffer.size = 33554432 (custom)
2019-10-17 19:47:33,513 [pool-37-thread-1] INFO  server.RaftServerConfigKeys (ConfUtils.java:logGet(43)) - raft.server.snapshot.auto.trigger.threshold = 10000 (custom)
2019-10-17 19:47:33,514 [pool-59-thread-1] INFO  server.RaftServerConfigKeys (ConfUtils.java:logGet(43)) - raft.server.log.force.sync.num = 128 (default)
2019-10-17 19:47:33,514 [pool-27-thread-1] INFO  server.RaftServerConfigKeys (ConfUtils.java:logGet(43)) - raft.server.log.write.buffer.size = 33554432 (custom)
2019-10-17 19:47:33,514 [pool-59-thread-1] INFO  server.RaftServerConfigKeys (ConfUtils.java:logGet(43)) - raft.server.log.statemachine.data.sync = true (default)
2019-10-17 19:47:33,514 [pool-37-thread-1] INFO  server.RaftServerConfigKeys (ConfUtils.java:logGet(43)) - raft.server.snapshot.retention.file.num = 5 (custom)
2019-10-17 19:47:33,514 [pool-59-thread-1] INFO  server.RaftServerConfigKeys (ConfUtils.java:logGet(43)) - raft.server.log.statemachine.data.sync.timeout = 10s (default)
2019-10-17 19:47:33,514 [pool-27-thread-1] INFO  server.RaftServerConfigKeys (ConfUtils.java:logGet(43)) - raft.server.log.force.sync.num = 128 (default)
2019-10-17 19:47:33,515 [pool-59-thread-1] INFO  server.RaftServerConfigKeys (ConfUtils.java:logGet(43)) - raft.server.log.statemachine.data.sync.timeout.retry = -1 (default)
2019-10-17 19:47:33,515 [pool-37-thread-1] INFO  server.RaftServerConfigKeys (ConfUtils.java:logGet(43)) - raft.server.retrycache.expirytime = 600000ms (custom)
2019-10-17 19:47:33,515 [pool-59-thread-1] INFO  server.RaftServerConfigKeys (ConfUtils.java:logGet(43)) - raft.server.log.statemachine.data.caching.enabled = true (custom)
2019-10-17 19:47:33,515 [pool-27-thread-1] INFO  server.RaftServerConfigKeys (ConfUtils.java:logGet(43)) - raft.server.log.statemachine.data.sync = true (default)
2019-10-17 19:47:33,515 [pool-27-thread-1] INFO  server.RaftServerConfigKeys (ConfUtils.java:logGet(43)) - raft.server.log.statemachine.data.sync.timeout = 10s (default)
2019-10-17 19:47:33,515 [pool-59-thread-1] INFO  segmented.SegmentedRaftLogWorker (SegmentedRaftLogWorker.java:lambda$new$0(128)) - 32a164c3-8bb9-4158-a4d7-ada9eb729037@group-8BD2F7455A0F-SegmentedRaftLogWorker: flushIndex: setUnconditionally 0 -> -1
2019-10-17 19:47:33,515 [pool-27-thread-1] INFO  server.RaftServerConfigKeys (ConfUtils.java:logGet(43)) - raft.server.log.statemachine.data.sync.timeout.retry = -1 (default)
2019-10-17 19:47:33,516 [pool-27-thread-1] INFO  server.RaftServerConfigKeys (ConfUtils.java:logGet(43)) - raft.server.log.statemachine.data.caching.enabled = true (custom)
2019-10-17 19:47:33,516 [pool-59-thread-1] INFO  server.RaftServerConfigKeys (ConfUtils.java:logGet(43)) - raft.server.snapshot.auto.trigger.enabled = true (custom)
2019-10-17 19:47:33,516 [pool-59-thread-1] INFO  server.RaftServerConfigKeys (ConfUtils.java:logGet(43)) - raft.server.snapshot.auto.trigger.threshold = 10000 (custom)
2019-10-17 19:47:33,516 [pool-27-thread-1] INFO  segmented.SegmentedRaftLogWorker (SegmentedRaftLogWorker.java:lambda$new$0(128)) - 5fa7c213-d229-4dfb-b48e-377c0ca33348@group-8BD2F7455A0F-SegmentedRaftLogWorker: flushIndex: setUnconditionally 0 -> -1
2019-10-17 19:47:33,516 [pool-59-thread-1] INFO  server.RaftServerConfigKeys (ConfUtils.java:logGet(43)) - raft.server.snapshot.retention.file.num = 5 (custom)
2019-10-17 19:47:33,517 [pool-27-thread-1] INFO  server.RaftServerConfigKeys (ConfUtils.java:logGet(43)) - raft.server.snapshot.auto.trigger.enabled = true (custom)
2019-10-17 19:47:33,517 [pool-59-thread-1] INFO  server.RaftServerConfigKeys (ConfUtils.java:logGet(43)) - raft.server.retrycache.expirytime = 600000ms (custom)
2019-10-17 19:47:33,517 [pool-27-thread-1] INFO  server.RaftServerConfigKeys (ConfUtils.java:logGet(43)) - raft.server.snapshot.auto.trigger.threshold = 10000 (custom)
2019-10-17 19:47:33,517 [pool-27-thread-1] INFO  server.RaftServerConfigKeys (ConfUtils.java:logGet(43)) - raft.server.snapshot.retention.file.num = 5 (custom)
2019-10-17 19:47:33,517 [pool-27-thread-1] INFO  server.RaftServerConfigKeys (ConfUtils.java:logGet(43)) - raft.server.retrycache.expirytime = 600000ms (custom)
2019-10-17 19:47:33,518 [pool-37-thread-1] INFO  impl.RaftServerImpl (RaftServerImpl.java:start(195)) - fa049fba-12b8-4e17-ac2d-38ea71bdd2ce@group-8BD2F7455A0F: start as a follower, conf=-1: [32a164c3-8bb9-4158-a4d7-ada9eb729037:192.168.164.201:42866, 5fa7c213-d229-4dfb-b48e-377c0ca33348:192.168.164.201:37765, fa049fba-12b8-4e17-ac2d-38ea71bdd2ce:192.168.164.201:41821], old=null
2019-10-17 19:47:33,518 [pool-37-thread-1] INFO  impl.RaftServerImpl (RaftServerImpl.java:setRole(184)) - fa049fba-12b8-4e17-ac2d-38ea71bdd2ce@group-8BD2F7455A0F: changes role from      null to FOLLOWER at term 0 for startAsFollower
2019-10-17 19:47:33,518 [pool-37-thread-1] INFO  impl.RoleInfo (RoleInfo.java:updateAndGet(143)) - fa049fba-12b8-4e17-ac2d-38ea71bdd2ce: start FollowerState
2019-10-17 19:47:33,519 [pool-37-thread-1] INFO  util.JmxRegister (JmxRegister.java:tryRegister(44)) - Successfully registered JMX Bean with object name Ratis:service=RaftServer,group=group-8BD2F7455A0F,id=fa049fba-12b8-4e17-ac2d-38ea71bdd2ce
2019-10-17 19:47:33,521 [pool-59-thread-1] INFO  impl.RaftServerImpl (RaftServerImpl.java:start(195)) - 32a164c3-8bb9-4158-a4d7-ada9eb729037@group-8BD2F7455A0F: start as a follower, conf=-1: [32a164c3-8bb9-4158-a4d7-ada9eb729037:192.168.164.201:42866, 5fa7c213-d229-4dfb-b48e-377c0ca33348:192.168.164.201:37765, fa049fba-12b8-4e17-ac2d-38ea71bdd2ce:192.168.164.201:41821], old=null
2019-10-17 19:47:33,521 [pool-59-thread-1] INFO  impl.RaftServerImpl (RaftServerImpl.java:setRole(184)) - 32a164c3-8bb9-4158-a4d7-ada9eb729037@group-8BD2F7455A0F: changes role from      null to FOLLOWER at term 0 for startAsFollower
2019-10-17 19:47:33,521 [pool-59-thread-1] INFO  impl.RoleInfo (RoleInfo.java:updateAndGet(143)) - 32a164c3-8bb9-4158-a4d7-ada9eb729037: start FollowerState
2019-10-17 19:47:33,521 [pool-59-thread-1] INFO  util.JmxRegister (JmxRegister.java:tryRegister(44)) - Successfully registered JMX Bean with object name Ratis:service=RaftServer,group=group-8BD2F7455A0F,id=32a164c3-8bb9-4158-a4d7-ada9eb729037
2019-10-17 19:47:33,521 [pool-27-thread-1] INFO  impl.RaftServerImpl (RaftServerImpl.java:start(195)) - 5fa7c213-d229-4dfb-b48e-377c0ca33348@group-8BD2F7455A0F: start as a follower, conf=-1: [32a164c3-8bb9-4158-a4d7-ada9eb729037:192.168.164.201:42866, 5fa7c213-d229-4dfb-b48e-377c0ca33348:192.168.164.201:37765, fa049fba-12b8-4e17-ac2d-38ea71bdd2ce:192.168.164.201:41821], old=null
2019-10-17 19:47:33,522 [pool-27-thread-1] INFO  impl.RaftServerImpl (RaftServerImpl.java:setRole(184)) - 5fa7c213-d229-4dfb-b48e-377c0ca33348@group-8BD2F7455A0F: changes role from      null to FOLLOWER at term 0 for startAsFollower
2019-10-17 19:47:33,522 [pool-27-thread-1] INFO  impl.RoleInfo (RoleInfo.java:updateAndGet(143)) - 5fa7c213-d229-4dfb-b48e-377c0ca33348: start FollowerState
2019-10-17 19:47:33,522 [pool-27-thread-1] INFO  util.JmxRegister (JmxRegister.java:tryRegister(44)) - Successfully registered JMX Bean with object name Ratis:service=RaftServer,group=group-8BD2F7455A0F,id=5fa7c213-d229-4dfb-b48e-377c0ca33348
2019-10-17 19:47:33,529 [Thread-763] INFO  impl.FollowerState (FollowerState.java:run(108)) - 32a164c3-8bb9-4158-a4d7-ada9eb729037@group-4CC069B2961E-FollowerState: change to CANDIDATE, lastRpcTime:103ms, electionTimeout:103ms
2019-10-17 19:47:33,530 [Thread-763] INFO  impl.RoleInfo (RoleInfo.java:shutdownFollowerState(121)) - 32a164c3-8bb9-4158-a4d7-ada9eb729037: shutdown FollowerState
2019-10-17 19:47:33,530 [Thread-763] INFO  impl.RaftServerImpl (RaftServerImpl.java:setRole(184)) - 32a164c3-8bb9-4158-a4d7-ada9eb729037@group-4CC069B2961E: changes role from  FOLLOWER to CANDIDATE at term 18 for changeToCandidate
2019-10-17 19:47:33,531 [Thread-763] INFO  impl.RoleInfo (RoleInfo.java:updateAndGet(143)) - 32a164c3-8bb9-4158-a4d7-ada9eb729037: start LeaderElection
2019-10-17 19:47:33,532 [RatisPipelineUtilsThread] INFO  pipeline.PipelineStateManager (PipelineStateManager.java:addPipeline(55)) - Created pipeline Pipeline[ Id: 76ff13af-23c9-4a9d-a422-8bd2f7455a0f, Nodes: fa049fba-12b8-4e17-ac2d-38ea71bdd2ce{ip: 192.168.164.201, host: pr-hdds-1868-s6sc9-3720172378, networkLocation: /default-rack, certSerialId: null}32a164c3-8bb9-4158-a4d7-ada9eb729037{ip: 192.168.164.201, host: pr-hdds-1868-s6sc9-3720172378, networkLocation: /default-rack, certSerialId: null}5fa7c213-d229-4dfb-b48e-377c0ca33348{ip: 192.168.164.201, host: pr-hdds-1868-s6sc9-3720172378, networkLocation: /default-rack, certSerialId: null}, Type:RATIS, Factor:THREE, State:ALLOCATED]
2019-10-17 19:47:33,534 [32a164c3-8bb9-4158-a4d7-ada9eb729037@group-674615675452-LeaderElection33] INFO  impl.LeaderElection (LeaderElection.java:askForVotes(178)) - 32a164c3-8bb9-4158-a4d7-ada9eb729037@group-674615675452-LeaderElection33: begin an election at term 1 for -1: [32a164c3-8bb9-4158-a4d7-ada9eb729037:192.168.164.201:42866], old=null
2019-10-17 19:47:33,534 [32a164c3-8bb9-4158-a4d7-ada9eb729037@group-674615675452-LeaderElection33] INFO  impl.RoleInfo (RoleInfo.java:shutdownLeaderElection(134)) - 32a164c3-8bb9-4158-a4d7-ada9eb729037: shutdown LeaderElection
2019-10-17 19:47:33,534 [32a164c3-8bb9-4158-a4d7-ada9eb729037@group-674615675452-LeaderElection33] INFO  impl.RaftServerImpl (RaftServerImpl.java:setRole(184)) - 32a164c3-8bb9-4158-a4d7-ada9eb729037@group-674615675452: changes role from CANDIDATE to LEADER at term 1 for changeToLeader
2019-10-17 19:47:33,534 [32a164c3-8bb9-4158-a4d7-ada9eb729037@group-674615675452-LeaderElection33] INFO  ratis.XceiverServerRatis (XceiverServerRatis.java:handleLeaderChangedNotification(700)) - Leader change notification received for group: group-674615675452 with new leaderId: 32a164c3-8bb9-4158-a4d7-ada9eb729037
2019-10-17 19:47:33,534 [32a164c3-8bb9-4158-a4d7-ada9eb729037@group-674615675452-LeaderElection33] INFO  impl.RaftServerImpl (ServerState.java:setLeader(256)) - 32a164c3-8bb9-4158-a4d7-ada9eb729037@group-674615675452: change Leader from null to 32a164c3-8bb9-4158-a4d7-ada9eb729037 at term 1 for becomeLeader, leader elected after 110ms
2019-10-17 19:47:33,534 [32a164c3-8bb9-4158-a4d7-ada9eb729037@group-674615675452-LeaderElection33] INFO  server.RaftServerConfigKeys (ConfUtils.java:logGet(43)) - raft.server.staging.catchup.gap = 1000 (default)
2019-10-17 19:47:33,535 [32a164c3-8bb9-4158-a4d7-ada9eb729037@group-674615675452-LeaderElection33] INFO  server.RaftServerConfigKeys (ConfUtils.java:logGet(43)) - raft.server.rpc.sleep.time = 25ms (default)
2019-10-17 19:47:33,535 [32a164c3-8bb9-4158-a4d7-ada9eb729037@group-674615675452-LeaderElection33] INFO  server.RaftServerConfigKeys (ConfUtils.java:logGet(43)) - raft.server.write.element-limit = 4096 (default)
2019-10-17 19:47:33,535 [32a164c3-8bb9-4158-a4d7-ada9eb729037@group-674615675452-LeaderElection33] INFO  server.RaftServerConfigKeys (ConfUtils.java:logGet(43)) - raft.server.watch.timeout = 10s (default)
2019-10-17 19:47:33,535 [32a164c3-8bb9-4158-a4d7-ada9eb729037@group-674615675452-LeaderElection33] INFO  server.RaftServerConfigKeys (ConfUtils.java:logGet(43)) - raft.server.watch.timeout.denomination = 1s (default)
2019-10-17 19:47:33,535 [EventQueue-PipelineReportForPipelineReportHandler] INFO  pipeline.PipelineReportHandler (PipelineReportHandler.java:processPipelineReport(119)) - Pipeline PipelineID=0075f853-a642-4b1a-96ec-674615675452 reported by 32a164c3-8bb9-4158-a4d7-ada9eb729037{ip: 192.168.164.201, host: pr-hdds-1868-s6sc9-3720172378, networkLocation: /default-rack, certSerialId: null} with leaderId 32a164c3-8bb9-4158-a4d7-ada9eb729037
2019-10-17 19:47:33,535 [32a164c3-8bb9-4158-a4d7-ada9eb729037@group-674615675452-LeaderElection33] INFO  server.RaftServerConfigKeys (ConfUtils.java:logGet(43)) - raft.server.watch.element-limit = 65536 (default)
2019-10-17 19:47:33,535 [EventQueue-PipelineReportForPipelineReportHandler] INFO  pipeline.PipelineStateManager (PipelineStateManager.java:openPipeline(134)) - Pipeline Pipeline[ Id: 0075f853-a642-4b1a-96ec-674615675452, Nodes: 32a164c3-8bb9-4158-a4d7-ada9eb729037{ip: 192.168.164.201, host: pr-hdds-1868-s6sc9-3720172378, networkLocation: /default-rack, certSerialId: null}, Type:RATIS, Factor:ONE, State:OPEN] moved to OPEN state
2019-10-17 19:47:33,536 [EventQueue-PipelineReportForPipelineReportHandler] INFO  pipeline.PipelineReportHandler (PipelineReportHandler.java:processPipelineReport(119)) - Pipeline PipelineID=76ff13af-23c9-4a9d-a422-8bd2f7455a0f reported by 32a164c3-8bb9-4158-a4d7-ada9eb729037{ip: 192.168.164.201, host: pr-hdds-1868-s6sc9-3720172378, networkLocation: /default-rack, certSerialId: null} with leaderId 
2019-10-17 19:47:33,538 [32a164c3-8bb9-4158-a4d7-ada9eb729037@group-674615675452-LeaderElection33] INFO  impl.RoleInfo (RoleInfo.java:updateAndGet(143)) - 32a164c3-8bb9-4158-a4d7-ada9eb729037: start LeaderState
2019-10-17 19:47:33,539 [32a164c3-8bb9-4158-a4d7-ada9eb729037@group-674615675452-LeaderElection33] INFO  segmented.SegmentedRaftLogWorker (SegmentedRaftLogWorker.java:startLogSegment(385)) - 32a164c3-8bb9-4158-a4d7-ada9eb729037@group-674615675452-SegmentedRaftLogWorker: Starting segment from index:0
2019-10-17 19:47:33,539 [32a164c3-8bb9-4158-a4d7-ada9eb729037@group-674615675452-LeaderElection33] INFO  impl.RaftServerImpl (ServerState.java:setRaftConf(357)) - 32a164c3-8bb9-4158-a4d7-ada9eb729037@group-674615675452: set configuration 0: [32a164c3-8bb9-4158-a4d7-ada9eb729037:192.168.164.201:42866], old=null at 0
2019-10-17 19:47:33,559 [32a164c3-8bb9-4158-a4d7-ada9eb729037@group-4CC069B2961E-LeaderElection34] INFO  impl.LeaderElection (LeaderElection.java:askForVotes(178)) - 32a164c3-8bb9-4158-a4d7-ada9eb729037@group-4CC069B2961E-LeaderElection34: begin an election at term 19 for 0: [32a164c3-8bb9-4158-a4d7-ada9eb729037:192.168.164.201:42866, 5fa7c213-d229-4dfb-b48e-377c0ca33348:192.168.164.201:37765, fa049fba-12b8-4e17-ac2d-38ea71bdd2ce:192.168.164.201:41821], old=null
2019-10-17 19:47:33,559 [Thread-771] INFO  impl.FollowerState (FollowerState.java:run(108)) - fa049fba-12b8-4e17-ac2d-38ea71bdd2ce@group-8BD2F7455A0F-FollowerState: change to CANDIDATE, lastRpcTime:40ms, electionTimeout:40ms
2019-10-17 19:47:33,559 [Thread-771] INFO  impl.RoleInfo (RoleInfo.java:shutdownFollowerState(121)) - fa049fba-12b8-4e17-ac2d-38ea71bdd2ce: shutdown FollowerState
2019-10-17 19:47:33,559 [Thread-771] INFO  impl.RaftServerImpl (RaftServerImpl.java:setRole(184)) - fa049fba-12b8-4e17-ac2d-38ea71bdd2ce@group-8BD2F7455A0F: changes role from  FOLLOWER to CANDIDATE at term 0 for changeToCandidate
2019-10-17 19:47:33,559 [Thread-771] INFO  impl.RoleInfo (RoleInfo.java:updateAndGet(143)) - fa049fba-12b8-4e17-ac2d-38ea71bdd2ce: start LeaderElection
2019-10-17 19:47:33,573 [Thread-773] INFO  impl.FollowerState (FollowerState.java:run(108)) - 5fa7c213-d229-4dfb-b48e-377c0ca33348@group-8BD2F7455A0F-FollowerState: change to CANDIDATE, lastRpcTime:51ms, electionTimeout:40ms
2019-10-17 19:47:33,573 [Thread-773] INFO  impl.RoleInfo (RoleInfo.java:shutdownFollowerState(121)) - 5fa7c213-d229-4dfb-b48e-377c0ca33348: shutdown FollowerState
2019-10-17 19:47:33,573 [Thread-773] INFO  impl.RaftServerImpl (RaftServerImpl.java:setRole(184)) - 5fa7c213-d229-4dfb-b48e-377c0ca33348@group-8BD2F7455A0F: changes role from  FOLLOWER to CANDIDATE at term 0 for changeToCandidate
2019-10-17 19:47:33,573 [Thread-773] INFO  impl.RoleInfo (RoleInfo.java:updateAndGet(143)) - 5fa7c213-d229-4dfb-b48e-377c0ca33348: start LeaderElection
2019-10-17 19:47:33,577 [grpc-default-executor-0] INFO  impl.RaftServerImpl (RaftServerImpl.java:setRole(184)) - 5fa7c213-d229-4dfb-b48e-377c0ca33348@group-4CC069B2961E: changes role from  FOLLOWER to FOLLOWER at term 19 for recognizeCandidate:32a164c3-8bb9-4158-a4d7-ada9eb729037
2019-10-17 19:47:33,577 [grpc-default-executor-0] INFO  impl.RoleInfo (RoleInfo.java:shutdownFollowerState(121)) - 5fa7c213-d229-4dfb-b48e-377c0ca33348: shutdown FollowerState
2019-10-17 19:47:33,577 [Thread-761] INFO  impl.FollowerState (FollowerState.java:run(117)) - 5fa7c213-d229-4dfb-b48e-377c0ca33348@group-4CC069B2961E-FollowerState was interrupted: java.lang.InterruptedException: sleep interrupted
2019-10-17 19:47:33,577 [grpc-default-executor-0] INFO  impl.RoleInfo (RoleInfo.java:updateAndGet(143)) - 5fa7c213-d229-4dfb-b48e-377c0ca33348: start FollowerState
2019-10-17 19:47:33,578 [grpc-default-executor-3] INFO  impl.RaftServerImpl (RaftServerImpl.java:setRole(184)) - fa049fba-12b8-4e17-ac2d-38ea71bdd2ce@group-4CC069B2961E: changes role from  FOLLOWER to FOLLOWER at term 19 for recognizeCandidate:32a164c3-8bb9-4158-a4d7-ada9eb729037
2019-10-17 19:47:33,578 [grpc-default-executor-3] INFO  impl.RoleInfo (RoleInfo.java:shutdownFollowerState(121)) - fa049fba-12b8-4e17-ac2d-38ea71bdd2ce: shutdown FollowerState
2019-10-17 19:47:33,578 [Thread-762] INFO  impl.FollowerState (FollowerState.java:run(117)) - fa049fba-12b8-4e17-ac2d-38ea71bdd2ce@group-4CC069B2961E-FollowerState was interrupted: java.lang.InterruptedException: sleep interrupted
2019-10-17 19:47:33,578 [grpc-default-executor-3] INFO  impl.RoleInfo (RoleInfo.java:updateAndGet(143)) - fa049fba-12b8-4e17-ac2d-38ea71bdd2ce: start FollowerState
2019-10-17 19:47:33,601 [32a164c3-8bb9-4158-a4d7-ada9eb729037@group-674615675452-SegmentedRaftLogWorker] INFO  segmented.SegmentedRaftLogWorker (SegmentedRaftLogWorker.java:execute(576)) - 32a164c3-8bb9-4158-a4d7-ada9eb729037@group-674615675452-SegmentedRaftLogWorker: created new log segment /workdir/hadoop-ozone/integration-test/target/test-dir/MiniOzoneClusterImpl-020edf65-e88b-4f0c-8058-f5c4b9bdd7d8/datanode-2/data/ratis/0075f853-a642-4b1a-96ec-674615675452/current/log_inprogress_0
2019-10-17 19:47:33,601 [5fa7c213-d229-4dfb-b48e-377c0ca33348@group-8BD2F7455A0F-LeaderElection36] INFO  impl.LeaderElection (LeaderElection.java:askForVotes(178)) - 5fa7c213-d229-4dfb-b48e-377c0ca33348@group-8BD2F7455A0F-LeaderElection36: begin an election at term 1 for -1: [32a164c3-8bb9-4158-a4d7-ada9eb729037:192.168.164.201:42866, 5fa7c213-d229-4dfb-b48e-377c0ca33348:192.168.164.201:37765, fa049fba-12b8-4e17-ac2d-38ea71bdd2ce:192.168.164.201:41821], old=null
2019-10-17 19:47:33,601 [fa049fba-12b8-4e17-ac2d-38ea71bdd2ce@group-8BD2F7455A0F-LeaderElection35] INFO  impl.LeaderElection (LeaderElection.java:askForVotes(178)) - fa049fba-12b8-4e17-ac2d-38ea71bdd2ce@group-8BD2F7455A0F-LeaderElection35: begin an election at term 1 for -1: [32a164c3-8bb9-4158-a4d7-ada9eb729037:192.168.164.201:42866, 5fa7c213-d229-4dfb-b48e-377c0ca33348:192.168.164.201:37765, fa049fba-12b8-4e17-ac2d-38ea71bdd2ce:192.168.164.201:41821], old=null
2019-10-17 19:47:33,602 [32a164c3-8bb9-4158-a4d7-ada9eb729037@group-4CC069B2961E-LeaderElection34] INFO  impl.LeaderElection (LeaderElection.java:logAndReturn(56)) - 32a164c3-8bb9-4158-a4d7-ada9eb729037@group-4CC069B2961E-LeaderElection34: Election REJECTED; received 2 response(s) [32a164c3-8bb9-4158-a4d7-ada9eb729037<-5fa7c213-d229-4dfb-b48e-377c0ca33348#0:FAIL-t19, 32a164c3-8bb9-4158-a4d7-ada9eb729037<-fa049fba-12b8-4e17-ac2d-38ea71bdd2ce#0:FAIL-t19] and 0 exception(s); 32a164c3-8bb9-4158-a4d7-ada9eb729037@group-4CC069B2961E:t19, leader=null, voted=32a164c3-8bb9-4158-a4d7-ada9eb729037, raftlog=32a164c3-8bb9-4158-a4d7-ada9eb729037@group-4CC069B2961E-SegmentedRaftLog:OPENED:c3,f4,i4, conf=0: [32a164c3-8bb9-4158-a4d7-ada9eb729037:192.168.164.201:42866, 5fa7c213-d229-4dfb-b48e-377c0ca33348:192.168.164.201:37765, fa049fba-12b8-4e17-ac2d-38ea71bdd2ce:192.168.164.201:41821], old=null
2019-10-17 19:47:33,602 [32a164c3-8bb9-4158-a4d7-ada9eb729037@group-4CC069B2961E-LeaderElection34] INFO  impl.RaftServerImpl (RaftServerImpl.java:setRole(184)) - 32a164c3-8bb9-4158-a4d7-ada9eb729037@group-4CC069B2961E: changes role from CANDIDATE to FOLLOWER at term 19 for DISCOVERED_A_NEW_TERM
2019-10-17 19:47:33,603 [32a164c3-8bb9-4158-a4d7-ada9eb729037@group-4CC069B2961E-LeaderElection34] INFO  impl.RoleInfo (RoleInfo.java:shutdownLeaderElection(134)) - 32a164c3-8bb9-4158-a4d7-ada9eb729037: shutdown LeaderElection
2019-10-17 19:47:33,603 [32a164c3-8bb9-4158-a4d7-ada9eb729037@group-4CC069B2961E-LeaderElection34] INFO  impl.RoleInfo (RoleInfo.java:updateAndGet(143)) - 32a164c3-8bb9-4158-a4d7-ada9eb729037: start FollowerState
2019-10-17 19:47:33,605 [Thread-772] INFO  impl.FollowerState (FollowerState.java:run(108)) - 32a164c3-8bb9-4158-a4d7-ada9eb729037@group-8BD2F7455A0F-FollowerState: change to CANDIDATE, lastRpcTime:84ms, electionTimeout:84ms
2019-10-17 19:47:33,606 [Thread-772] INFO  impl.RoleInfo (RoleInfo.java:shutdownFollowerState(121)) - 32a164c3-8bb9-4158-a4d7-ada9eb729037: shutdown FollowerState
2019-10-17 19:47:33,607 [Thread-772] INFO  impl.RaftServerImpl (RaftServerImpl.java:setRole(184)) - 32a164c3-8bb9-4158-a4d7-ada9eb729037@group-8BD2F7455A0F: changes role from  FOLLOWER to CANDIDATE at term 0 for changeToCandidate
2019-10-17 19:47:33,607 [Thread-772] INFO  impl.RoleInfo (RoleInfo.java:updateAndGet(143)) - 32a164c3-8bb9-4158-a4d7-ada9eb729037: start LeaderElection
2019-10-17 19:47:33,608 [grpc-default-executor-3] INFO  impl.RaftServerImpl (RaftServerImpl.java:setRole(184)) - 32a164c3-8bb9-4158-a4d7-ada9eb729037@group-8BD2F7455A0F: changes role from CANDIDATE to FOLLOWER at term 1 for recognizeCandidate:5fa7c213-d229-4dfb-b48e-377c0ca33348
2019-10-17 19:47:33,608 [grpc-default-executor-3] INFO  impl.RoleInfo (RoleInfo.java:shutdownLeaderElection(134)) - 32a164c3-8bb9-4158-a4d7-ada9eb729037: shutdown LeaderElection
2019-10-17 19:47:33,609 [grpc-default-executor-3] INFO  impl.RoleInfo (RoleInfo.java:updateAndGet(143)) - 32a164c3-8bb9-4158-a4d7-ada9eb729037: start FollowerState
2019-10-17 19:47:33,626 [grpc-default-executor-6] INFO  impl.RaftServerImpl (RaftServerImpl.java:setRole(184)) - 32a164c3-8bb9-4158-a4d7-ada9eb729037@group-8BD2F7455A0F: changes role from  FOLLOWER to FOLLOWER at term 1 for recognizeCandidate:fa049fba-12b8-4e17-ac2d-38ea71bdd2ce
2019-10-17 19:47:33,626 [grpc-default-executor-6] INFO  impl.RoleInfo (RoleInfo.java:shutdownFollowerState(121)) - 32a164c3-8bb9-4158-a4d7-ada9eb729037: shutdown FollowerState
2019-10-17 19:47:33,627 [grpc-default-executor-6] INFO  impl.RoleInfo (RoleInfo.java:updateAndGet(143)) - 32a164c3-8bb9-4158-a4d7-ada9eb729037: start FollowerState
2019-10-17 19:47:33,627 [Thread-791] INFO  impl.FollowerState (FollowerState.java:run(117)) - 32a164c3-8bb9-4158-a4d7-ada9eb729037@group-8BD2F7455A0F-FollowerState was interrupted: java.lang.InterruptedException: sleep interrupted
2019-10-17 19:47:33,628 [5fa7c213-d229-4dfb-b48e-377c0ca33348@group-8BD2F7455A0F-LeaderElection36] INFO  impl.LeaderElection (LeaderElection.java:logAndReturn(56)) - 5fa7c213-d229-4dfb-b48e-377c0ca33348@group-8BD2F7455A0F-LeaderElection36: Election REJECTED; received 2 response(s) [5fa7c213-d229-4dfb-b48e-377c0ca33348<-32a164c3-8bb9-4158-a4d7-ada9eb729037#0:FAIL-t1, 5fa7c213-d229-4dfb-b48e-377c0ca33348<-fa049fba-12b8-4e17-ac2d-38ea71bdd2ce#0:FAIL-t1] and 0 exception(s); 5fa7c213-d229-4dfb-b48e-377c0ca33348@group-8BD2F7455A0F:t1, leader=null, voted=5fa7c213-d229-4dfb-b48e-377c0ca33348, raftlog=5fa7c213-d229-4dfb-b48e-377c0ca33348@group-8BD2F7455A0F-SegmentedRaftLog:OPENED:c-1,f-1,i0, conf=-1: [32a164c3-8bb9-4158-a4d7-ada9eb729037:192.168.164.201:42866, 5fa7c213-d229-4dfb-b48e-377c0ca33348:192.168.164.201:37765, fa049fba-12b8-4e17-ac2d-38ea71bdd2ce:192.168.164.201:41821], old=null
2019-10-17 19:47:33,628 [5fa7c213-d229-4dfb-b48e-377c0ca33348@group-8BD2F7455A0F-LeaderElection36] INFO  impl.RaftServerImpl (RaftServerImpl.java:setRole(184)) - 5fa7c213-d229-4dfb-b48e-377c0ca33348@group-8BD2F7455A0F: changes role from CANDIDATE to FOLLOWER at term 1 for DISCOVERED_A_NEW_TERM
2019-10-17 19:47:33,628 [5fa7c213-d229-4dfb-b48e-377c0ca33348@group-8BD2F7455A0F-LeaderElection36] INFO  impl.RoleInfo (RoleInfo.java:shutdownLeaderElection(134)) - 5fa7c213-d229-4dfb-b48e-377c0ca33348: shutdown LeaderElection
2019-10-17 19:47:33,629 [5fa7c213-d229-4dfb-b48e-377c0ca33348@group-8BD2F7455A0F-LeaderElection36] INFO  impl.RoleInfo (RoleInfo.java:updateAndGet(143)) - 5fa7c213-d229-4dfb-b48e-377c0ca33348: start FollowerState
2019-10-17 19:47:33,636 [EventQueue-PendingDeleteStatusForPendingDeleteHandler] INFO  block.SCMBlockDeletingService (SCMBlockDeletingService.java:handlePendingDeletes(115)) - Block deletion txnID mismatch in datanode 32a164c3-8bb9-4158-a4d7-ada9eb729037 for containerID 1. Datanode delete txnID: 0, SCM txnID: 1
2019-10-17 19:47:33,646 [Thread-789] INFO  impl.FollowerState (FollowerState.java:run(108)) - 32a164c3-8bb9-4158-a4d7-ada9eb729037@group-4CC069B2961E-FollowerState: change to CANDIDATE, lastRpcTime:42ms, electionTimeout:42ms
2019-10-17 19:47:33,646 [Thread-789] INFO  impl.RoleInfo (RoleInfo.java:shutdownFollowerState(121)) - 32a164c3-8bb9-4158-a4d7-ada9eb729037: shutdown FollowerState
2019-10-17 19:47:33,646 [Thread-789] INFO  impl.RaftServerImpl (RaftServerImpl.java:setRole(184)) - 32a164c3-8bb9-4158-a4d7-ada9eb729037@group-4CC069B2961E: changes role from  FOLLOWER to CANDIDATE at term 19 for changeToCandidate
2019-10-17 19:47:33,646 [Thread-789] INFO  impl.RoleInfo (RoleInfo.java:updateAndGet(143)) - 32a164c3-8bb9-4158-a4d7-ada9eb729037: start LeaderElection
2019-10-17 19:47:33,654 [fa049fba-12b8-4e17-ac2d-38ea71bdd2ce@group-8BD2F7455A0F-LeaderElection35] INFO  impl.LeaderElection (LeaderElection.java:logAndReturn(56)) - fa049fba-12b8-4e17-ac2d-38ea71bdd2ce@group-8BD2F7455A0F-LeaderElection35: Election PASSED; received 2 response(s) [fa049fba-12b8-4e17-ac2d-38ea71bdd2ce<-32a164c3-8bb9-4158-a4d7-ada9eb729037#0:OK-t1, fa049fba-12b8-4e17-ac2d-38ea71bdd2ce<-5fa7c213-d229-4dfb-b48e-377c0ca33348#0:FAIL-t1] and 0 exception(s); fa049fba-12b8-4e17-ac2d-38ea71bdd2ce@group-8BD2F7455A0F:t1, leader=null, voted=fa049fba-12b8-4e17-ac2d-38ea71bdd2ce, raftlog=fa049fba-12b8-4e17-ac2d-38ea71bdd2ce@group-8BD2F7455A0F-SegmentedRaftLog:OPENED:c-1,f-1,i0, conf=-1: [32a164c3-8bb9-4158-a4d7-ada9eb729037:192.168.164.201:42866, 5fa7c213-d229-4dfb-b48e-377c0ca33348:192.168.164.201:37765, fa049fba-12b8-4e17-ac2d-38ea71bdd2ce:192.168.164.201:41821], old=null
2019-10-17 19:47:33,654 [fa049fba-12b8-4e17-ac2d-38ea71bdd2ce@group-8BD2F7455A0F-LeaderElection35] INFO  impl.RoleInfo (RoleInfo.java:shutdownLeaderElection(134)) - fa049fba-12b8-4e17-ac2d-38ea71bdd2ce: shutdown LeaderElection
2019-10-17 19:47:33,654 [fa049fba-12b8-4e17-ac2d-38ea71bdd2ce@group-8BD2F7455A0F-LeaderElection35] INFO  impl.RaftServerImpl (RaftServerImpl.java:setRole(184)) - fa049fba-12b8-4e17-ac2d-38ea71bdd2ce@group-8BD2F7455A0F: changes role from CANDIDATE to LEADER at term 1 for changeToLeader
2019-10-17 19:47:33,654 [fa049fba-12b8-4e17-ac2d-38ea71bdd2ce@group-8BD2F7455A0F-LeaderElection35] INFO  ratis.XceiverServerRatis (XceiverServerRatis.java:handleLeaderChangedNotification(700)) - Leader change notification received for group: group-8BD2F7455A0F with new leaderId: fa049fba-12b8-4e17-ac2d-38ea71bdd2ce
2019-10-17 19:47:33,654 [fa049fba-12b8-4e17-ac2d-38ea71bdd2ce@group-8BD2F7455A0F-LeaderElection35] INFO  impl.RaftServerImpl (ServerState.java:setLeader(256)) - fa049fba-12b8-4e17-ac2d-38ea71bdd2ce@group-8BD2F7455A0F: change Leader from null to fa049fba-12b8-4e17-ac2d-38ea71bdd2ce at term 1 for becomeLeader, leader elected after 145ms
2019-10-17 19:47:33,655 [fa049fba-12b8-4e17-ac2d-38ea71bdd2ce@group-8BD2F7455A0F-LeaderElection35] INFO  server.RaftServerConfigKeys (ConfUtils.java:logGet(43)) - raft.server.staging.catchup.gap = 1000 (default)
2019-10-17 19:47:33,655 [fa049fba-12b8-4e17-ac2d-38ea71bdd2ce@group-8BD2F7455A0F-LeaderElection35] INFO  server.RaftServerConfigKeys (ConfUtils.java:logGet(43)) - raft.server.rpc.sleep.time = 25ms (default)
2019-10-17 19:47:33,655 [fa049fba-12b8-4e17-ac2d-38ea71bdd2ce@group-8BD2F7455A0F-LeaderElection35] INFO  server.RaftServerConfigKeys (ConfUtils.java:logGet(43)) - raft.server.write.element-limit = 4096 (default)
2019-10-17 19:47:33,655 [fa049fba-12b8-4e17-ac2d-38ea71bdd2ce@group-8BD2F7455A0F-LeaderElection35] INFO  server.RaftServerConfigKeys (ConfUtils.java:logGet(43)) - raft.server.watch.timeout = 10s (default)
2019-10-17 19:47:33,655 [fa049fba-12b8-4e17-ac2d-38ea71bdd2ce@group-8BD2F7455A0F-LeaderElection35] INFO  server.RaftServerConfigKeys (ConfUtils.java:logGet(43)) - raft.server.watch.timeout.denomination = 1s (default)
2019-10-17 19:47:33,655 [EventQueue-PipelineReportForPipelineReportHandler] INFO  pipeline.PipelineReportHandler (PipelineReportHandler.java:processPipelineReport(119)) - Pipeline PipelineID=76ff13af-23c9-4a9d-a422-8bd2f7455a0f reported by fa049fba-12b8-4e17-ac2d-38ea71bdd2ce{ip: 192.168.164.201, host: pr-hdds-1868-s6sc9-3720172378, networkLocation: /default-rack, certSerialId: null} with leaderId fa049fba-12b8-4e17-ac2d-38ea71bdd2ce
2019-10-17 19:47:33,655 [fa049fba-12b8-4e17-ac2d-38ea71bdd2ce@group-8BD2F7455A0F-LeaderElection35] INFO  server.RaftServerConfigKeys (ConfUtils.java:logGet(43)) - raft.server.watch.element-limit = 65536 (default)
2019-10-17 19:47:33,658 [fa049fba-12b8-4e17-ac2d-38ea71bdd2ce@group-8BD2F7455A0F-LeaderElection35] INFO  server.RaftServerConfigKeys (ConfUtils.java:logGet(43)) - raft.server.log.appender.snapshot.chunk.size.max = 16MB (=16777216) (default)
2019-10-17 19:47:33,658 [fa049fba-12b8-4e17-ac2d-38ea71bdd2ce@group-8BD2F7455A0F-LeaderElection35] INFO  server.RaftServerConfigKeys (ConfUtils.java:logGet(43)) - raft.server.log.appender.buffer.byte-limit = 33554432 (custom)
2019-10-17 19:47:33,658 [fa049fba-12b8-4e17-ac2d-38ea71bdd2ce@group-8BD2F7455A0F-LeaderElection35] INFO  server.RaftServerConfigKeys (ConfUtils.java:logGet(43)) - raft.server.log.appender.buffer.element-limit = 1 (custom)
2019-10-17 19:47:33,659 [fa049fba-12b8-4e17-ac2d-38ea71bdd2ce@group-8BD2F7455A0F-LeaderElection35] INFO  grpc.GrpcConfigKeys$Server (ConfUtils.java:logGet(43)) - raft.grpc.server.leader.outstanding.appends.max = 128 (default)
2019-10-17 19:47:33,659 [fa049fba-12b8-4e17-ac2d-38ea71bdd2ce@group-8BD2F7455A0F-LeaderElection35] INFO  server.RaftServerConfigKeys (ConfUtils.java:logGet(43)) - raft.server.rpc.request.timeout = 3000ms (default)
2019-10-17 19:47:33,659 [fa049fba-12b8-4e17-ac2d-38ea71bdd2ce@group-8BD2F7455A0F-LeaderElection35] INFO  server.RaftServerConfigKeys (ConfUtils.java:logGet(43)) - raft.server.log.appender.install.snapshot.enabled = false (custom)
2019-10-17 19:47:33,661 [fa049fba-12b8-4e17-ac2d-38ea71bdd2ce@group-8BD2F7455A0F-LeaderElection35] INFO  server.RaftServerConfigKeys (ConfUtils.java:logGet(43)) - raft.server.log.appender.snapshot.chunk.size.max = 16MB (=16777216) (default)
2019-10-17 19:47:33,661 [fa049fba-12b8-4e17-ac2d-38ea71bdd2ce@group-8BD2F7455A0F-LeaderElection35] INFO  server.RaftServerConfigKeys (ConfUtils.java:logGet(43)) - raft.server.log.appender.buffer.byte-limit = 33554432 (custom)
2019-10-17 19:47:33,661 [fa049fba-12b8-4e17-ac2d-38ea71bdd2ce@group-8BD2F7455A0F-LeaderElection35] INFO  server.RaftServerConfigKeys (ConfUtils.java:logGet(43)) - raft.server.log.appender.buffer.element-limit = 1 (custom)
2019-10-17 19:47:33,662 [fa049fba-12b8-4e17-ac2d-38ea71bdd2ce@group-8BD2F7455A0F-LeaderElection35] INFO  grpc.GrpcConfigKeys$Server (ConfUtils.java:logGet(43)) - raft.grpc.server.leader.outstanding.appends.max = 128 (default)
2019-10-17 19:47:33,662 [fa049fba-12b8-4e17-ac2d-38ea71bdd2ce@group-8BD2F7455A0F-LeaderElection35] INFO  server.RaftServerConfigKeys (ConfUtils.java:logGet(43)) - raft.server.rpc.request.timeout = 3000ms (default)
2019-10-17 19:47:33,662 [fa049fba-12b8-4e17-ac2d-38ea71bdd2ce@group-8BD2F7455A0F-LeaderElection35] INFO  server.RaftServerConfigKeys (ConfUtils.java:logGet(43)) - raft.server.log.appender.install.snapshot.enabled = false (custom)
2019-10-17 19:47:33,664 [fa049fba-12b8-4e17-ac2d-38ea71bdd2ce@group-8BD2F7455A0F-LeaderElection35] INFO  impl.RoleInfo (RoleInfo.java:updateAndGet(143)) - fa049fba-12b8-4e17-ac2d-38ea71bdd2ce: start LeaderState
2019-10-17 19:47:33,664 [fa049fba-12b8-4e17-ac2d-38ea71bdd2ce@group-8BD2F7455A0F-LeaderElection35] INFO  segmented.SegmentedRaftLogWorker (SegmentedRaftLogWorker.java:startLogSegment(385)) - fa049fba-12b8-4e17-ac2d-38ea71bdd2ce@group-8BD2F7455A0F-SegmentedRaftLogWorker: Starting segment from index:0
2019-10-17 19:47:33,665 [fa049fba-12b8-4e17-ac2d-38ea71bdd2ce@group-8BD2F7455A0F-LeaderElection35] INFO  impl.RaftServerImpl (ServerState.java:setRaftConf(357)) - fa049fba-12b8-4e17-ac2d-38ea71bdd2ce@group-8BD2F7455A0F: set configuration 0: [32a164c3-8bb9-4158-a4d7-ada9eb729037:192.168.164.201:42866, 5fa7c213-d229-4dfb-b48e-377c0ca33348:192.168.164.201:37765, fa049fba-12b8-4e17-ac2d-38ea71bdd2ce:192.168.164.201:41821], old=null at 0
2019-10-17 19:47:33,667 [grpc-default-executor-6] INFO  ratis.XceiverServerRatis (XceiverServerRatis.java:handleLeaderChangedNotification(700)) - Leader change notification received for group: group-8BD2F7455A0F with new leaderId: fa049fba-12b8-4e17-ac2d-38ea71bdd2ce
2019-10-17 19:47:33,668 [grpc-default-executor-6] INFO  impl.RaftServerImpl (ServerState.java:setLeader(256)) - 5fa7c213-d229-4dfb-b48e-377c0ca33348@group-8BD2F7455A0F: change Leader from null to fa049fba-12b8-4e17-ac2d-38ea71bdd2ce at term 1 for appendEntries, leader elected after 159ms
2019-10-17 19:47:33,669 [EventQueue-PipelineReportForPipelineReportHandler] INFO  pipeline.PipelineReportHandler (PipelineReportHandler.java:processPipelineReport(119)) - Pipeline PipelineID=76ff13af-23c9-4a9d-a422-8bd2f7455a0f reported by 5fa7c213-d229-4dfb-b48e-377c0ca33348{ip: 192.168.164.201, host: pr-hdds-1868-s6sc9-3720172378, networkLocation: /default-rack, certSerialId: null} with leaderId fa049fba-12b8-4e17-ac2d-38ea71bdd2ce
2019-10-17 19:47:33,670 [32a164c3-8bb9-4158-a4d7-ada9eb729037@group-8BD2F7455A0F-LeaderElection37] INFO  impl.LeaderElection (LeaderElection.java:askForVotes(178)) - 32a164c3-8bb9-4158-a4d7-ada9eb729037@group-8BD2F7455A0F-LeaderElection37: begin an election at term 2 for -1: [32a164c3-8bb9-4158-a4d7-ada9eb729037:192.168.164.201:42866, 5fa7c213-d229-4dfb-b48e-377c0ca33348:192.168.164.201:37765, fa049fba-12b8-4e17-ac2d-38ea71bdd2ce:192.168.164.201:41821], old=null
2019-10-17 19:47:33,670 [32a164c3-8bb9-4158-a4d7-ada9eb729037@group-4CC069B2961E-LeaderElection38] INFO  impl.LeaderElection (LeaderElection.java:askForVotes(178)) - 32a164c3-8bb9-4158-a4d7-ada9eb729037@group-4CC069B2961E-LeaderElection38: begin an election at term 20 for 0: [32a164c3-8bb9-4158-a4d7-ada9eb729037:192.168.164.201:42866, 5fa7c213-d229-4dfb-b48e-377c0ca33348:192.168.164.201:37765, fa049fba-12b8-4e17-ac2d-38ea71bdd2ce:192.168.164.201:41821], old=null
2019-10-17 19:47:33,670 [32a164c3-8bb9-4158-a4d7-ada9eb729037@group-8BD2F7455A0F-LeaderElection37] INFO  impl.LeaderElection (LeaderElection.java:logAndReturn(56)) - 32a164c3-8bb9-4158-a4d7-ada9eb729037@group-8BD2F7455A0F-LeaderElection37: Election REJECTED; received 0 response(s) [] and 0 exception(s); 32a164c3-8bb9-4158-a4d7-ada9eb729037@group-8BD2F7455A0F:t2, leader=null, voted=32a164c3-8bb9-4158-a4d7-ada9eb729037, raftlog=32a164c3-8bb9-4158-a4d7-ada9eb729037@group-8BD2F7455A0F-SegmentedRaftLog:OPENED:c-1,f-1,i0, conf=-1: [32a164c3-8bb9-4158-a4d7-ada9eb729037:192.168.164.201:42866, 5fa7c213-d229-4dfb-b48e-377c0ca33348:192.168.164.201:37765, fa049fba-12b8-4e17-ac2d-38ea71bdd2ce:192.168.164.201:41821], old=null
2019-10-17 19:47:33,671 [Thread-795] INFO  impl.RaftServerImpl (ServerState.java:setLeader(256)) - fa049fba-12b8-4e17-ac2d-38ea71bdd2ce@group-8BD2F7455A0F: change Leader from fa049fba-12b8-4e17-ac2d-38ea71bdd2ce to null at term 2 for updateCurrentTerm
2019-10-17 19:47:33,671 [Thread-795] INFO  impl.RaftServerImpl (RaftServerImpl.java:setRole(184)) - fa049fba-12b8-4e17-ac2d-38ea71bdd2ce@group-8BD2F7455A0F: changes role from    LEADER to FOLLOWER at term 2 for stepDown
2019-10-17 19:47:33,672 [Thread-795] INFO  impl.RoleInfo (RoleInfo.java:shutdownLeaderState(104)) - fa049fba-12b8-4e17-ac2d-38ea71bdd2ce: shutdown LeaderState
2019-10-17 19:47:33,672 [grpc-default-executor-6] INFO  impl.RaftServerImpl (ServerState.java:setRaftConf(357)) - 5fa7c213-d229-4dfb-b48e-377c0ca33348@group-8BD2F7455A0F: set configuration 0: [32a164c3-8bb9-4158-a4d7-ada9eb729037:192.168.164.201:42866, 5fa7c213-d229-4dfb-b48e-377c0ca33348:192.168.164.201:37765, fa049fba-12b8-4e17-ac2d-38ea71bdd2ce:192.168.164.201:41821], old=null at 0
2019-10-17 19:47:33,702 [Thread-795] INFO  impl.PendingRequests (PendingRequests.java:sendNotLeaderResponses(202)) - fa049fba-12b8-4e17-ac2d-38ea71bdd2ce@group-8BD2F7455A0F-PendingRequests: sendNotLeaderResponses
2019-10-17 19:47:33,702 [org.apache.ratis.server.impl.LogAppender$AppenderDaemon$$Lambda$438/1181304472@442b1205] WARN  server.GrpcLogAppender (GrpcLogAppender.java:mayWait(149)) - fa049fba-12b8-4e17-ac2d-38ea71bdd2ce@group-8BD2F7455A0F->5fa7c213-d229-4dfb-b48e-377c0ca33348-GrpcLogAppender: Wait interrupted by java.lang.InterruptedException
2019-10-17 19:47:33,703 [Thread-795] INFO  impl.RoleInfo (RoleInfo.java:updateAndGet(143)) - fa049fba-12b8-4e17-ac2d-38ea71bdd2ce: start FollowerState
2019-10-17 19:47:33,703 [org.apache.ratis.server.impl.LogAppender$AppenderDaemon$$Lambda$438/1181304472@7514040a] WARN  server.GrpcLogAppender (GrpcLogAppender.java:mayWait(149)) - fa049fba-12b8-4e17-ac2d-38ea71bdd2ce@group-8BD2F7455A0F->32a164c3-8bb9-4158-a4d7-ada9eb729037-GrpcLogAppender: Wait interrupted by java.lang.InterruptedException
2019-10-17 19:47:33,703 [grpc-default-executor-6] INFO  segmented.SegmentedRaftLogWorker (SegmentedRaftLogWorker.java:startLogSegment(385)) - 5fa7c213-d229-4dfb-b48e-377c0ca33348@group-8BD2F7455A0F-SegmentedRaftLogWorker: Starting segment from index:0
2019-10-17 19:47:33,705 [grpc-default-executor-3] INFO  server.GrpcServerProtocolService (GrpcServerProtocolService.java:onCompleted(113)) - 32a164c3-8bb9-4158-a4d7-ada9eb729037: Completed APPEND_ENTRIES, lastRequest: fa049fba-12b8-4e17-ac2d-38ea71bdd2ce->32a164c3-8bb9-4158-a4d7-ada9eb729037#0-t1, previous=(t:0, i:0), leaderCommit=-1, initializing? false, entries: <empty>
2019-10-17 19:47:33,705 [grpc-default-executor-6] INFO  impl.RaftServerImpl (RaftServerImpl.java:setRole(184)) - fa049fba-12b8-4e17-ac2d-38ea71bdd2ce@group-4CC069B2961E: changes role from  FOLLOWER to FOLLOWER at term 20 for recognizeCandidate:32a164c3-8bb9-4158-a4d7-ada9eb729037
2019-10-17 19:47:33,705 [grpc-default-executor-6] INFO  impl.RoleInfo (RoleInfo.java:shutdownFollowerState(121)) - fa049fba-12b8-4e17-ac2d-38ea71bdd2ce: shutdown FollowerState
2019-10-17 19:47:33,705 [grpc-default-executor-3] INFO  impl.RaftServerImpl (RaftServerImpl.java:setRole(184)) - 5fa7c213-d229-4dfb-b48e-377c0ca33348@group-4CC069B2961E: changes role from  FOLLOWER to FOLLOWER at term 20 for recognizeCandidate:32a164c3-8bb9-4158-a4d7-ada9eb729037
2019-10-17 19:47:33,705 [Thread-784] INFO  impl.FollowerState (FollowerState.java:run(117)) - fa049fba-12b8-4e17-ac2d-38ea71bdd2ce@group-4CC069B2961E-FollowerState was interrupted: java.lang.InterruptedException: sleep interrupted
2019-10-17 19:47:33,705 [grpc-default-executor-8] INFO  server.GrpcServerProtocolService (GrpcServerProtocolService.java:onCompleted(113)) - 5fa7c213-d229-4dfb-b48e-377c0ca33348: Completed APPEND_ENTRIES, lastRequest: fa049fba-12b8-4e17-ac2d-38ea71bdd2ce->5fa7c213-d229-4dfb-b48e-377c0ca33348#1-t1, previous=(t:0, i:0), leaderCommit=-1, initializing? false, entries: size=1, first=(t:1, i:0), CONFIGURATIONENTRY
2019-10-17 19:47:33,705 [grpc-default-executor-6] INFO  impl.RoleInfo (RoleInfo.java:updateAndGet(143)) - fa049fba-12b8-4e17-ac2d-38ea71bdd2ce: start FollowerState
2019-10-17 19:47:33,705 [grpc-default-executor-7] INFO  impl.RaftServerImpl (ServerState.java:setLeader(256)) - 5fa7c213-d229-4dfb-b48e-377c0ca33348@group-8BD2F7455A0F: change Leader from fa049fba-12b8-4e17-ac2d-38ea71bdd2ce to null at term 2 for updateCurrentTerm
2019-10-17 19:47:33,705 [grpc-default-executor-3] INFO  impl.RoleInfo (RoleInfo.java:shutdownFollowerState(121)) - 5fa7c213-d229-4dfb-b48e-377c0ca33348: shutdown FollowerState
2019-10-17 19:47:33,706 [grpc-default-executor-7] INFO  impl.RaftServerImpl (RaftServerImpl.java:setRole(184)) - 5fa7c213-d229-4dfb-b48e-377c0ca33348@group-8BD2F7455A0F: changes role from  FOLLOWER to FOLLOWER at term 2 for recognizeCandidate:32a164c3-8bb9-4158-a4d7-ada9eb729037
2019-10-17 19:47:33,706 [grpc-default-executor-3] INFO  impl.RoleInfo (RoleInfo.java:updateAndGet(143)) - 5fa7c213-d229-4dfb-b48e-377c0ca33348: start FollowerState
2019-10-17 19:47:33,706 [Thread-783] INFO  impl.FollowerState (FollowerState.java:run(117)) - 5fa7c213-d229-4dfb-b48e-377c0ca33348@group-4CC069B2961E-FollowerState was interrupted: java.lang.InterruptedException: sleep interrupted
2019-10-17 19:47:33,706 [grpc-default-executor-10] INFO  server.GrpcLogAppender (GrpcLogAppender.java:onCompleted(308)) - fa049fba-12b8-4e17-ac2d-38ea71bdd2ce@group-8BD2F7455A0F->32a164c3-8bb9-4158-a4d7-ada9eb729037-AppendLogResponseHandler: follower responses appendEntries COMPLETED
2019-10-17 19:47:33,706 [grpc-default-executor-8] INFO  server.GrpcLogAppender (GrpcLogAppender.java:onCompleted(308)) - fa049fba-12b8-4e17-ac2d-38ea71bdd2ce@group-8BD2F7455A0F->5fa7c213-d229-4dfb-b48e-377c0ca33348-AppendLogResponseHandler: follower responses appendEntries COMPLETED
2019-10-17 19:47:33,706 [grpc-default-executor-7] INFO  impl.RoleInfo (RoleInfo.java:shutdownFollowerState(121)) - 5fa7c213-d229-4dfb-b48e-377c0ca33348: shutdown FollowerState
2019-10-17 19:47:33,707 [grpc-default-executor-7] INFO  impl.RoleInfo (RoleInfo.java:updateAndGet(143)) - 5fa7c213-d229-4dfb-b48e-377c0ca33348: start FollowerState
2019-10-17 19:47:33,707 [grpc-default-executor-10] INFO  impl.FollowerInfo (FollowerInfo.java:lambda$new$0(51)) - fa049fba-12b8-4e17-ac2d-38ea71bdd2ce@group-8BD2F7455A0F->32a164c3-8bb9-4158-a4d7-ada9eb729037: nextIndex: updateUnconditionally 0 -> 0
2019-10-17 19:47:33,707 [Thread-793] INFO  impl.FollowerState (FollowerState.java:run(117)) - 5fa7c213-d229-4dfb-b48e-377c0ca33348@group-8BD2F7455A0F-FollowerState was interrupted: java.lang.InterruptedException: sleep interrupted
2019-10-17 19:47:33,708 [grpc-default-executor-8] INFO  impl.FollowerInfo (FollowerInfo.java:lambda$new$0(51)) - fa049fba-12b8-4e17-ac2d-38ea71bdd2ce@group-8BD2F7455A0F->5fa7c213-d229-4dfb-b48e-377c0ca33348: nextIndex: updateUnconditionally 1 -> 0
2019-10-17 19:47:33,729 [fa049fba-12b8-4e17-ac2d-38ea71bdd2ce@group-8BD2F7455A0F-SegmentedRaftLogWorker] INFO  segmented.SegmentedRaftLogWorker (SegmentedRaftLogWorker.java:execute(576)) - fa049fba-12b8-4e17-ac2d-38ea71bdd2ce@group-8BD2F7455A0F-SegmentedRaftLogWorker: created new log segment /workdir/hadoop-ozone/integration-test/target/test-dir/MiniOzoneClusterImpl-020edf65-e88b-4f0c-8058-f5c4b9bdd7d8/datanode-1/data/ratis/76ff13af-23c9-4a9d-a422-8bd2f7455a0f/current/log_inprogress_0
2019-10-17 19:47:33,742 [Thread-792] INFO  impl.FollowerState (FollowerState.java:run(108)) - 32a164c3-8bb9-4158-a4d7-ada9eb729037@group-8BD2F7455A0F-FollowerState: change to CANDIDATE, lastRpcTime:115ms, electionTimeout:103ms
2019-10-17 19:47:33,742 [grpc-default-executor-0] INFO  impl.RaftServerImpl (RaftServerImpl.java:setRole(184)) - fa049fba-12b8-4e17-ac2d-38ea71bdd2ce@group-8BD2F7455A0F: changes role from  FOLLOWER to FOLLOWER at term 2 for recognizeCandidate:32a164c3-8bb9-4158-a4d7-ada9eb729037
2019-10-17 19:47:33,742 [Thread-792] INFO  impl.RoleInfo (RoleInfo.java:shutdownFollowerState(121)) - 32a164c3-8bb9-4158-a4d7-ada9eb729037: shutdown FollowerState
2019-10-17 19:47:33,743 [grpc-default-executor-0] INFO  impl.RoleInfo (RoleInfo.java:shutdownFollowerState(121)) - fa049fba-12b8-4e17-ac2d-38ea71bdd2ce: shutdown FollowerState
2019-10-17 19:47:33,743 [Thread-792] INFO  impl.RaftServerImpl (RaftServerImpl.java:setRole(184)) - 32a164c3-8bb9-4158-a4d7-ada9eb729037@group-8BD2F7455A0F: changes role from  FOLLOWER to CANDIDATE at term 2 for changeToCandidate
2019-10-17 19:47:33,743 [grpc-default-executor-0] INFO  impl.RoleInfo (RoleInfo.java:updateAndGet(143)) - fa049fba-12b8-4e17-ac2d-38ea71bdd2ce: start FollowerState
2019-10-17 19:47:33,743 [Thread-792] INFO  impl.RoleInfo (RoleInfo.java:updateAndGet(143)) - 32a164c3-8bb9-4158-a4d7-ada9eb729037: start LeaderElection
2019-10-17 19:47:33,743 [Thread-805] INFO  impl.FollowerState (FollowerState.java:run(117)) - fa049fba-12b8-4e17-ac2d-38ea71bdd2ce@group-8BD2F7455A0F-FollowerState was interrupted: java.lang.InterruptedException: sleep interrupted
2019-10-17 19:47:33,744 [32a164c3-8bb9-4158-a4d7-ada9eb729037@group-4CC069B2961E-LeaderElection38] INFO  impl.LeaderElection (LeaderElection.java:logAndReturn(56)) - 32a164c3-8bb9-4158-a4d7-ada9eb729037@group-4CC069B2961E-LeaderElection38: Election REJECTED; received 2 response(s) [32a164c3-8bb9-4158-a4d7-ada9eb729037<-5fa7c213-d229-4dfb-b48e-377c0ca33348#0:FAIL-t20, 32a164c3-8bb9-4158-a4d7-ada9eb729037<-fa049fba-12b8-4e17-ac2d-38ea71bdd2ce#0:FAIL-t20] and 0 exception(s); 32a164c3-8bb9-4158-a4d7-ada9eb729037@group-4CC069B2961E:t20, leader=null, voted=32a164c3-8bb9-4158-a4d7-ada9eb729037, raftlog=32a164c3-8bb9-4158-a4d7-ada9eb729037@group-4CC069B2961E-SegmentedRaftLog:OPENED:c3,f4,i4, conf=0: [32a164c3-8bb9-4158-a4d7-ada9eb729037:192.168.164.201:42866, 5fa7c213-d229-4dfb-b48e-377c0ca33348:192.168.164.201:37765, fa049fba-12b8-4e17-ac2d-38ea71bdd2ce:192.168.164.201:41821], old=null
2019-10-17 19:47:33,744 [32a164c3-8bb9-4158-a4d7-ada9eb729037@group-4CC069B2961E-LeaderElection38] INFO  impl.RaftServerImpl (RaftServerImpl.java:setRole(184)) - 32a164c3-8bb9-4158-a4d7-ada9eb729037@group-4CC069B2961E: changes role from CANDIDATE to FOLLOWER at term 20 for DISCOVERED_A_NEW_TERM
2019-10-17 19:47:33,744 [32a164c3-8bb9-4158-a4d7-ada9eb729037@group-4CC069B2961E-LeaderElection38] INFO  impl.RoleInfo (RoleInfo.java:shutdownLeaderElection(134)) - 32a164c3-8bb9-4158-a4d7-ada9eb729037: shutdown LeaderElection
2019-10-17 19:47:33,745 [32a164c3-8bb9-4158-a4d7-ada9eb729037@group-4CC069B2961E-LeaderElection38] INFO  impl.RoleInfo (RoleInfo.java:updateAndGet(143)) - 32a164c3-8bb9-4158-a4d7-ada9eb729037: start FollowerState
2019-10-17 19:47:33,771 [5fa7c213-d229-4dfb-b48e-377c0ca33348@group-8BD2F7455A0F-SegmentedRaftLogWorker] INFO  segmented.SegmentedRaftLogWorker (SegmentedRaftLogWorker.java:execute(576)) - 5fa7c213-d229-4dfb-b48e-377c0ca33348@group-8BD2F7455A0F-SegmentedRaftLogWorker: created new log segment /workdir/hadoop-ozone/integration-test/target/test-dir/MiniOzoneClusterImpl-020edf65-e88b-4f0c-8058-f5c4b9bdd7d8/datanode-0/data/ratis/76ff13af-23c9-4a9d-a422-8bd2f7455a0f/current/log_inprogress_0
2019-10-17 19:47:33,771 [32a164c3-8bb9-4158-a4d7-ada9eb729037@group-8BD2F7455A0F-LeaderElection39] INFO  impl.LeaderElection (LeaderElection.java:askForVotes(178)) - 32a164c3-8bb9-4158-a4d7-ada9eb729037@group-8BD2F7455A0F-LeaderElection39: begin an election at term 3 for -1: [32a164c3-8bb9-4158-a4d7-ada9eb729037:192.168.164.201:42866, 5fa7c213-d229-4dfb-b48e-377c0ca33348:192.168.164.201:37765, fa049fba-12b8-4e17-ac2d-38ea71bdd2ce:192.168.164.201:41821], old=null
2019-10-17 19:47:33,775 [grpc-default-executor-0] INFO  impl.RaftServerImpl (RaftServerImpl.java:setRole(184)) - 5fa7c213-d229-4dfb-b48e-377c0ca33348@group-8BD2F7455A0F: changes role from  FOLLOWER to FOLLOWER at term 3 for recognizeCandidate:32a164c3-8bb9-4158-a4d7-ada9eb729037
2019-10-17 19:47:33,775 [grpc-default-executor-7] INFO  impl.RaftServerImpl (RaftServerImpl.java:setRole(184)) - fa049fba-12b8-4e17-ac2d-38ea71bdd2ce@group-8BD2F7455A0F: changes role from  FOLLOWER to FOLLOWER at term 3 for recognizeCandidate:32a164c3-8bb9-4158-a4d7-ada9eb729037
2019-10-17 19:47:33,775 [grpc-default-executor-0] INFO  impl.RoleInfo (RoleInfo.java:shutdownFollowerState(121)) - 5fa7c213-d229-4dfb-b48e-377c0ca33348: shutdown FollowerState
2019-10-17 19:47:33,775 [grpc-default-executor-7] INFO  impl.RoleInfo (RoleInfo.java:shutdownFollowerState(121)) - fa049fba-12b8-4e17-ac2d-38ea71bdd2ce: shutdown FollowerState
2019-10-17 19:47:33,776 [Thread-808] INFO  impl.FollowerState (FollowerState.java:run(117)) - 5fa7c213-d229-4dfb-b48e-377c0ca33348@group-8BD2F7455A0F-FollowerState was interrupted: java.lang.InterruptedException: sleep interrupted
2019-10-17 19:47:33,776 [grpc-default-executor-0] INFO  impl.RoleInfo (RoleInfo.java:updateAndGet(143)) - 5fa7c213-d229-4dfb-b48e-377c0ca33348: start FollowerState
2019-10-17 19:47:33,776 [grpc-default-executor-7] INFO  impl.RoleInfo (RoleInfo.java:updateAndGet(143)) - fa049fba-12b8-4e17-ac2d-38ea71bdd2ce: start FollowerState
2019-10-17 19:47:33,776 [Thread-809] INFO  impl.FollowerState (FollowerState.java:run(117)) - fa049fba-12b8-4e17-ac2d-38ea71bdd2ce@group-8BD2F7455A0F-FollowerState was interrupted: java.lang.InterruptedException: sleep interrupted
2019-10-17 19:47:33,798 [32a164c3-8bb9-4158-a4d7-ada9eb729037@group-8BD2F7455A0F-LeaderElection39] INFO  impl.LeaderElection (LeaderElection.java:logAndReturn(56)) - 32a164c3-8bb9-4158-a4d7-ada9eb729037@group-8BD2F7455A0F-LeaderElection39: Election REJECTED; received 2 response(s) [32a164c3-8bb9-4158-a4d7-ada9eb729037<-5fa7c213-d229-4dfb-b48e-377c0ca33348#0:FAIL-t3, 32a164c3-8bb9-4158-a4d7-ada9eb729037<-fa049fba-12b8-4e17-ac2d-38ea71bdd2ce#0:FAIL-t3] and 0 exception(s); 32a164c3-8bb9-4158-a4d7-ada9eb729037@group-8BD2F7455A0F:t3, leader=null, voted=32a164c3-8bb9-4158-a4d7-ada9eb729037, raftlog=32a164c3-8bb9-4158-a4d7-ada9eb729037@group-8BD2F7455A0F-SegmentedRaftLog:OPENED:c-1,f-1,i0, conf=-1: [32a164c3-8bb9-4158-a4d7-ada9eb729037:192.168.164.201:42866, 5fa7c213-d229-4dfb-b48e-377c0ca33348:192.168.164.201:37765, fa049fba-12b8-4e17-ac2d-38ea71bdd2ce:192.168.164.201:41821], old=null
2019-10-17 19:47:33,798 [32a164c3-8bb9-4158-a4d7-ada9eb729037@group-8BD2F7455A0F-LeaderElection39] INFO  impl.RaftServerImpl (RaftServerImpl.java:setRole(184)) - 32a164c3-8bb9-4158-a4d7-ada9eb729037@group-8BD2F7455A0F: changes role from CANDIDATE to FOLLOWER at term 3 for DISCOVERED_A_NEW_TERM
2019-10-17 19:47:33,798 [32a164c3-8bb9-4158-a4d7-ada9eb729037@group-8BD2F7455A0F-LeaderElection39] INFO  impl.RoleInfo (RoleInfo.java:shutdownLeaderElection(134)) - 32a164c3-8bb9-4158-a4d7-ada9eb729037: shutdown LeaderElection
2019-10-17 19:47:33,798 [32a164c3-8bb9-4158-a4d7-ada9eb729037@group-8BD2F7455A0F-LeaderElection39] INFO  impl.RoleInfo (RoleInfo.java:updateAndGet(143)) - 32a164c3-8bb9-4158-a4d7-ada9eb729037: start FollowerState
2019-10-17 19:47:33,840 [Thread-817] INFO  impl.FollowerState (FollowerState.java:run(108)) - 32a164c3-8bb9-4158-a4d7-ada9eb729037@group-8BD2F7455A0F-FollowerState: change to CANDIDATE, lastRpcTime:41ms, electionTimeout:41ms
2019-10-17 19:47:33,840 [Thread-817] INFO  impl.RoleInfo (RoleInfo.java:shutdownFollowerState(121)) - 32a164c3-8bb9-4158-a4d7-ada9eb729037: shutdown FollowerState
2019-10-17 19:47:33,840 [Thread-817] INFO  impl.RaftServerImpl (RaftServerImpl.java:setRole(184)) - 32a164c3-8bb9-4158-a4d7-ada9eb729037@group-8BD2F7455A0F: changes role from  FOLLOWER to CANDIDATE at term 3 for changeToCandidate
2019-10-17 19:47:33,841 [Thread-817] INFO  impl.RoleInfo (RoleInfo.java:updateAndGet(143)) - 32a164c3-8bb9-4158-a4d7-ada9eb729037: start LeaderElection
2019-10-17 19:47:33,884 [Thread-811] INFO  impl.FollowerState (FollowerState.java:run(108)) - 32a164c3-8bb9-4158-a4d7-ada9eb729037@group-4CC069B2961E-FollowerState: change to CANDIDATE, lastRpcTime:139ms, electionTimeout:139ms
2019-10-17 19:47:33,884 [Thread-811] INFO  impl.RoleInfo (RoleInfo.java:shutdownFollowerState(121)) - 32a164c3-8bb9-4158-a4d7-ada9eb729037: shutdown FollowerState
2019-10-17 19:47:33,885 [Thread-811] INFO  impl.RaftServerImpl (RaftServerImpl.java:setRole(184)) - 32a164c3-8bb9-4158-a4d7-ada9eb729037@group-4CC069B2961E: changes role from  FOLLOWER to CANDIDATE at term 20 for changeToCandidate
2019-10-17 19:47:33,885 [Thread-811] INFO  impl.RoleInfo (RoleInfo.java:updateAndGet(143)) - 32a164c3-8bb9-4158-a4d7-ada9eb729037: start LeaderElection
2019-10-17 19:47:33,888 [32a164c3-8bb9-4158-a4d7-ada9eb729037@group-8BD2F7455A0F-LeaderElection40] INFO  impl.LeaderElection (LeaderElection.java:askForVotes(178)) - 32a164c3-8bb9-4158-a4d7-ada9eb729037@group-8BD2F7455A0F-LeaderElection40: begin an election at term 4 for -1: [32a164c3-8bb9-4158-a4d7-ada9eb729037:192.168.164.201:42866, 5fa7c213-d229-4dfb-b48e-377c0ca33348:192.168.164.201:37765, fa049fba-12b8-4e17-ac2d-38ea71bdd2ce:192.168.164.201:41821], old=null
2019-10-17 19:47:33,893 [grpc-default-executor-7] INFO  impl.RaftServerImpl (RaftServerImpl.java:setRole(184)) - fa049fba-12b8-4e17-ac2d-38ea71bdd2ce@group-8BD2F7455A0F: changes role from  FOLLOWER to FOLLOWER at term 4 for recognizeCandidate:32a164c3-8bb9-4158-a4d7-ada9eb729037
2019-10-17 19:47:33,893 [grpc-default-executor-0] INFO  impl.RaftServerImpl (RaftServerImpl.java:setRole(184)) - 5fa7c213-d229-4dfb-b48e-377c0ca33348@group-8BD2F7455A0F: changes role from  FOLLOWER to FOLLOWER at term 4 for recognizeCandidate:32a164c3-8bb9-4158-a4d7-ada9eb729037
2019-10-17 19:47:33,893 [grpc-default-executor-7] INFO  impl.RoleInfo (RoleInfo.java:shutdownFollowerState(121)) - fa049fba-12b8-4e17-ac2d-38ea71bdd2ce: shutdown FollowerState
2019-10-17 19:47:33,893 [grpc-default-executor-0] INFO  impl.RoleInfo (RoleInfo.java:shutdownFollowerState(121)) - 5fa7c213-d229-4dfb-b48e-377c0ca33348: shutdown FollowerState
2019-10-17 19:47:33,894 [Thread-815] INFO  impl.FollowerState (FollowerState.java:run(117)) - fa049fba-12b8-4e17-ac2d-38ea71bdd2ce@group-8BD2F7455A0F-FollowerState was interrupted: java.lang.InterruptedException: sleep interrupted
2019-10-17 19:47:33,894 [grpc-default-executor-7] INFO  impl.RoleInfo (RoleInfo.java:updateAndGet(143)) - fa049fba-12b8-4e17-ac2d-38ea71bdd2ce: start FollowerState
2019-10-17 19:47:33,894 [Thread-814] INFO  impl.FollowerState (FollowerState.java:run(117)) - 5fa7c213-d229-4dfb-b48e-377c0ca33348@group-8BD2F7455A0F-FollowerState was interrupted: java.lang.InterruptedException: sleep interrupted
2019-10-17 19:47:33,894 [grpc-default-executor-0] INFO  impl.RoleInfo (RoleInfo.java:updateAndGet(143)) - 5fa7c213-d229-4dfb-b48e-377c0ca33348: start FollowerState
2019-10-17 19:47:33,914 [32a164c3-8bb9-4158-a4d7-ada9eb729037@group-4CC069B2961E-LeaderElection41] INFO  impl.LeaderElection (LeaderElection.java:askForVotes(178)) - 32a164c3-8bb9-4158-a4d7-ada9eb729037@group-4CC069B2961E-LeaderElection41: begin an election at term 21 for 0: [32a164c3-8bb9-4158-a4d7-ada9eb729037:192.168.164.201:42866, 5fa7c213-d229-4dfb-b48e-377c0ca33348:192.168.164.201:37765, fa049fba-12b8-4e17-ac2d-38ea71bdd2ce:192.168.164.201:41821], old=null
2019-10-17 19:47:33,916 [32a164c3-8bb9-4158-a4d7-ada9eb729037@group-8BD2F7455A0F-LeaderElection40] INFO  impl.LeaderElection (LeaderElection.java:logAndReturn(56)) - 32a164c3-8bb9-4158-a4d7-ada9eb729037@group-8BD2F7455A0F-LeaderElection40: Election REJECTED; received 2 response(s) [32a164c3-8bb9-4158-a4d7-ada9eb729037<-5fa7c213-d229-4dfb-b48e-377c0ca33348#0:FAIL-t4, 32a164c3-8bb9-4158-a4d7-ada9eb729037<-fa049fba-12b8-4e17-ac2d-38ea71bdd2ce#0:FAIL-t4] and 0 exception(s); 32a164c3-8bb9-4158-a4d7-ada9eb729037@group-8BD2F7455A0F:t4, leader=null, voted=32a164c3-8bb9-4158-a4d7-ada9eb729037, raftlog=32a164c3-8bb9-4158-a4d7-ada9eb729037@group-8BD2F7455A0F-SegmentedRaftLog:OPENED:c-1,f-1,i0, conf=-1: [32a164c3-8bb9-4158-a4d7-ada9eb729037:192.168.164.201:42866, 5fa7c213-d229-4dfb-b48e-377c0ca33348:192.168.164.201:37765, fa049fba-12b8-4e17-ac2d-38ea71bdd2ce:192.168.164.201:41821], old=null
2019-10-17 19:47:33,916 [32a164c3-8bb9-4158-a4d7-ada9eb729037@group-8BD2F7455A0F-LeaderElection40] INFO  impl.RaftServerImpl (RaftServerImpl.java:setRole(184)) - 32a164c3-8bb9-4158-a4d7-ada9eb729037@group-8BD2F7455A0F: changes role from CANDIDATE to FOLLOWER at term 4 for DISCOVERED_A_NEW_TERM
2019-10-17 19:47:33,916 [32a164c3-8bb9-4158-a4d7-ada9eb729037@group-8BD2F7455A0F-LeaderElection40] INFO  impl.RoleInfo (RoleInfo.java:shutdownLeaderElection(134)) - 32a164c3-8bb9-4158-a4d7-ada9eb729037: shutdown LeaderElection
2019-10-17 19:47:33,916 [32a164c3-8bb9-4158-a4d7-ada9eb729037@group-8BD2F7455A0F-LeaderElection40] INFO  impl.RoleInfo (RoleInfo.java:updateAndGet(143)) - 32a164c3-8bb9-4158-a4d7-ada9eb729037: start FollowerState
2019-10-17 19:47:33,917 [grpc-default-executor-7] INFO  impl.RaftServerImpl (RaftServerImpl.java:setRole(184)) - fa049fba-12b8-4e17-ac2d-38ea71bdd2ce@group-4CC069B2961E: changes role from  FOLLOWER to FOLLOWER at term 21 for recognizeCandidate:32a164c3-8bb9-4158-a4d7-ada9eb729037
2019-10-17 19:47:33,917 [grpc-default-executor-7] INFO  impl.RoleInfo (RoleInfo.java:shutdownFollowerState(121)) - fa049fba-12b8-4e17-ac2d-38ea71bdd2ce: shutdown FollowerState
2019-10-17 19:47:33,917 [grpc-default-executor-0] INFO  impl.RaftServerImpl (RaftServerImpl.java:setRole(184)) - 5fa7c213-d229-4dfb-b48e-377c0ca33348@group-4CC069B2961E: changes role from  FOLLOWER to FOLLOWER at term 21 for recognizeCandidate:32a164c3-8bb9-4158-a4d7-ada9eb729037
2019-10-17 19:47:33,917 [Thread-806] INFO  impl.FollowerState (FollowerState.java:run(117)) - fa049fba-12b8-4e17-ac2d-38ea71bdd2ce@group-4CC069B2961E-FollowerState was interrupted: java.lang.InterruptedException: sleep interrupted
2019-10-17 19:47:33,917 [grpc-default-executor-7] INFO  impl.RoleInfo (RoleInfo.java:updateAndGet(143)) - fa049fba-12b8-4e17-ac2d-38ea71bdd2ce: start FollowerState
2019-10-17 19:47:33,917 [grpc-default-executor-0] INFO  impl.RoleInfo (RoleInfo.java:shutdownFollowerState(121)) - 5fa7c213-d229-4dfb-b48e-377c0ca33348: shutdown FollowerState
2019-10-17 19:47:33,918 [Thread-807] INFO  impl.FollowerState (FollowerState.java:run(117)) - 5fa7c213-d229-4dfb-b48e-377c0ca33348@group-4CC069B2961E-FollowerState was interrupted: java.lang.InterruptedException: sleep interrupted
2019-10-17 19:47:33,918 [grpc-default-executor-0] INFO  impl.RoleInfo (RoleInfo.java:updateAndGet(143)) - 5fa7c213-d229-4dfb-b48e-377c0ca33348: start FollowerState
2019-10-17 19:47:33,941 [32a164c3-8bb9-4158-a4d7-ada9eb729037@group-4CC069B2961E-LeaderElection41] INFO  impl.LeaderElection (LeaderElection.java:logAndReturn(56)) - 32a164c3-8bb9-4158-a4d7-ada9eb729037@group-4CC069B2961E-LeaderElection41: Election REJECTED; received 2 response(s) [32a164c3-8bb9-4158-a4d7-ada9eb729037<-5fa7c213-d229-4dfb-b48e-377c0ca33348#0:FAIL-t21, 32a164c3-8bb9-4158-a4d7-ada9eb729037<-fa049fba-12b8-4e17-ac2d-38ea71bdd2ce#0:FAIL-t21] and 0 exception(s); 32a164c3-8bb9-4158-a4d7-ada9eb729037@group-4CC069B2961E:t21, leader=null, voted=32a164c3-8bb9-4158-a4d7-ada9eb729037, raftlog=32a164c3-8bb9-4158-a4d7-ada9eb729037@group-4CC069B2961E-SegmentedRaftLog:OPENED:c3,f4,i4, conf=0: [32a164c3-8bb9-4158-a4d7-ada9eb729037:192.168.164.201:42866, 5fa7c213-d229-4dfb-b48e-377c0ca33348:192.168.164.201:37765, fa049fba-12b8-4e17-ac2d-38ea71bdd2ce:192.168.164.201:41821], old=null
2019-10-17 19:47:33,941 [32a164c3-8bb9-4158-a4d7-ada9eb729037@group-4CC069B2961E-LeaderElection41] INFO  impl.RaftServerImpl (RaftServerImpl.java:setRole(184)) - 32a164c3-8bb9-4158-a4d7-ada9eb729037@group-4CC069B2961E: changes role from CANDIDATE to FOLLOWER at term 21 for DISCOVERED_A_NEW_TERM
2019-10-17 19:47:33,941 [32a164c3-8bb9-4158-a4d7-ada9eb729037@group-4CC069B2961E-LeaderElection41] INFO  impl.RoleInfo (RoleInfo.java:shutdownLeaderElection(134)) - 32a164c3-8bb9-4158-a4d7-ada9eb729037: shutdown LeaderElection
2019-10-17 19:47:33,942 [32a164c3-8bb9-4158-a4d7-ada9eb729037@group-4CC069B2961E-LeaderElection41] INFO  impl.RoleInfo (RoleInfo.java:updateAndGet(143)) - 32a164c3-8bb9-4158-a4d7-ada9eb729037: start FollowerState
2019-10-17 19:47:33,943 [EventQueue-PendingDeleteStatusForPendingDeleteHandler] INFO  block.SCMBlockDeletingService (SCMBlockDeletingService.java:handlePendingDeletes(115)) - Block deletion txnID mismatch in datanode 32a164c3-8bb9-4158-a4d7-ada9eb729037 for containerID 1. Datanode delete txnID: 0, SCM txnID: 1
2019-10-17 19:47:33,983 [Thread-829] INFO  impl.FollowerState (FollowerState.java:run(108)) - 32a164c3-8bb9-4158-a4d7-ada9eb729037@group-4CC069B2961E-FollowerState: change to CANDIDATE, lastRpcTime:41ms, electionTimeout:41ms
2019-10-17 19:47:33,983 [Thread-829] INFO  impl.RoleInfo (RoleInfo.java:shutdownFollowerState(121)) - 32a164c3-8bb9-4158-a4d7-ada9eb729037: shutdown FollowerState
2019-10-17 19:47:33,983 [Thread-829] INFO  impl.RaftServerImpl (RaftServerImpl.java:setRole(184)) - 32a164c3-8bb9-4158-a4d7-ada9eb729037@group-4CC069B2961E: changes role from  FOLLOWER to CANDIDATE at term 21 for changeToCandidate
2019-10-17 19:47:33,983 [Thread-829] INFO  impl.RoleInfo (RoleInfo.java:updateAndGet(143)) - 32a164c3-8bb9-4158-a4d7-ada9eb729037: start LeaderElection
2019-10-17 19:47:33,999 [BlockDeletingService#3] WARN  background.BlockDeletingService (BlockDeletingService.java:isDeletionAllowed(187)) - Close Container log Index 6 is not replicated across allthe servers in the pipeline adc40928-88ac-46dc-94be-4cc069b2961e as the min replicated index is 4. Deletion is not allowed in this container yet.
2019-10-17 19:47:33,999 [BlockDeletingService#2] WARN  background.BlockDeletingService (BlockDeletingService.java:isDeletionAllowed(187)) - Close Container log Index 6 is not replicated across allthe servers in the pipeline adc40928-88ac-46dc-94be-4cc069b2961e as the min replicated index is 4. Deletion is not allowed in this container yet.
2019-10-17 19:47:34,007 [32a164c3-8bb9-4158-a4d7-ada9eb729037@group-4CC069B2961E-LeaderElection42] INFO  impl.LeaderElection (LeaderElection.java:askForVotes(178)) - 32a164c3-8bb9-4158-a4d7-ada9eb729037@group-4CC069B2961E-LeaderElection42: begin an election at term 22 for 0: [32a164c3-8bb9-4158-a4d7-ada9eb729037:192.168.164.201:42866, 5fa7c213-d229-4dfb-b48e-377c0ca33348:192.168.164.201:37765, fa049fba-12b8-4e17-ac2d-38ea71bdd2ce:192.168.164.201:41821], old=null
2019-10-17 19:47:34,010 [grpc-default-executor-0] INFO  impl.RaftServerImpl (RaftServerImpl.java:setRole(184)) - 5fa7c213-d229-4dfb-b48e-377c0ca33348@group-4CC069B2961E: changes role from  FOLLOWER to FOLLOWER at term 22 for recognizeCandidate:32a164c3-8bb9-4158-a4d7-ada9eb729037
2019-10-17 19:47:34,010 [grpc-default-executor-7] INFO  impl.RaftServerImpl (RaftServerImpl.java:setRole(184)) - fa049fba-12b8-4e17-ac2d-38ea71bdd2ce@group-4CC069B2961E: changes role from  FOLLOWER to FOLLOWER at term 22 for recognizeCandidate:32a164c3-8bb9-4158-a4d7-ada9eb729037
2019-10-17 19:47:34,010 [grpc-default-executor-0] INFO  impl.RoleInfo (RoleInfo.java:shutdownFollowerState(121)) - 5fa7c213-d229-4dfb-b48e-377c0ca33348: shutdown FollowerState
2019-10-17 19:47:34,011 [grpc-default-executor-7] INFO  impl.RoleInfo (RoleInfo.java:shutdownFollowerState(121)) - fa049fba-12b8-4e17-ac2d-38ea71bdd2ce: shutdown FollowerState
2019-10-17 19:47:34,011 [grpc-default-executor-0] INFO  impl.RoleInfo (RoleInfo.java:updateAndGet(143)) - 5fa7c213-d229-4dfb-b48e-377c0ca33348: start FollowerState
2019-10-17 19:47:34,011 [Thread-828] INFO  impl.FollowerState (FollowerState.java:run(117)) - 5fa7c213-d229-4dfb-b48e-377c0ca33348@group-4CC069B2961E-FollowerState was interrupted: java.lang.InterruptedException: sleep interrupted
2019-10-17 19:47:34,011 [grpc-default-executor-7] INFO  impl.RoleInfo (RoleInfo.java:updateAndGet(143)) - fa049fba-12b8-4e17-ac2d-38ea71bdd2ce: start FollowerState
2019-10-17 19:47:34,011 [Thread-827] INFO  impl.FollowerState (FollowerState.java:run(117)) - fa049fba-12b8-4e17-ac2d-38ea71bdd2ce@group-4CC069B2961E-FollowerState was interrupted: java.lang.InterruptedException: sleep interrupted
2019-10-17 19:47:34,042 [32a164c3-8bb9-4158-a4d7-ada9eb729037@group-4CC069B2961E-LeaderElection42] INFO  impl.LeaderElection (LeaderElection.java:logAndReturn(56)) - 32a164c3-8bb9-4158-a4d7-ada9eb729037@group-4CC069B2961E-LeaderElection42: Election REJECTED; received 2 response(s) [32a164c3-8bb9-4158-a4d7-ada9eb729037<-5fa7c213-d229-4dfb-b48e-377c0ca33348#0:FAIL-t22, 32a164c3-8bb9-4158-a4d7-ada9eb729037<-fa049fba-12b8-4e17-ac2d-38ea71bdd2ce#0:FAIL-t22] and 0 exception(s); 32a164c3-8bb9-4158-a4d7-ada9eb729037@group-4CC069B2961E:t22, leader=null, voted=32a164c3-8bb9-4158-a4d7-ada9eb729037, raftlog=32a164c3-8bb9-4158-a4d7-ada9eb729037@group-4CC069B2961E-SegmentedRaftLog:OPENED:c3,f4,i4, conf=0: [32a164c3-8bb9-4158-a4d7-ada9eb729037:192.168.164.201:42866, 5fa7c213-d229-4dfb-b48e-377c0ca33348:192.168.164.201:37765, fa049fba-12b8-4e17-ac2d-38ea71bdd2ce:192.168.164.201:41821], old=null
2019-10-17 19:47:34,042 [32a164c3-8bb9-4158-a4d7-ada9eb729037@group-4CC069B2961E-LeaderElection42] INFO  impl.RaftServerImpl (RaftServerImpl.java:setRole(184)) - 32a164c3-8bb9-4158-a4d7-ada9eb729037@group-4CC069B2961E: changes role from CANDIDATE to FOLLOWER at term 22 for DISCOVERED_A_NEW_TERM
2019-10-17 19:47:34,042 [32a164c3-8bb9-4158-a4d7-ada9eb729037@group-4CC069B2961E-LeaderElection42] INFO  impl.RoleInfo (RoleInfo.java:shutdownLeaderElection(134)) - 32a164c3-8bb9-4158-a4d7-ada9eb729037: shutdown LeaderElection
2019-10-17 19:47:34,042 [32a164c3-8bb9-4158-a4d7-ada9eb729037@group-4CC069B2961E-LeaderElection42] INFO  impl.RoleInfo (RoleInfo.java:updateAndGet(143)) - 32a164c3-8bb9-4158-a4d7-ada9eb729037: start FollowerState
2019-10-17 19:47:34,106 [Thread-826] INFO  impl.FollowerState (FollowerState.java:run(108)) - 32a164c3-8bb9-4158-a4d7-ada9eb729037@group-8BD2F7455A0F-FollowerState: change to CANDIDATE, lastRpcTime:189ms, electionTimeout:189ms
2019-10-17 19:47:34,106 [Thread-826] INFO  impl.RoleInfo (RoleInfo.java:shutdownFollowerState(121)) - 32a164c3-8bb9-4158-a4d7-ada9eb729037: shutdown FollowerState
2019-10-17 19:47:34,106 [Thread-826] INFO  impl.RaftServerImpl (RaftServerImpl.java:setRole(184)) - 32a164c3-8bb9-4158-a4d7-ada9eb729037@group-8BD2F7455A0F: changes role from  FOLLOWER to CANDIDATE at term 4 for changeToCandidate
2019-10-17 19:47:34,106 [Thread-826] INFO  impl.RoleInfo (RoleInfo.java:updateAndGet(143)) - 32a164c3-8bb9-4158-a4d7-ada9eb729037: start LeaderElection
2019-10-17 19:47:34,148 [Thread-837] INFO  impl.FollowerState (FollowerState.java:run(108)) - 32a164c3-8bb9-4158-a4d7-ada9eb729037@group-4CC069B2961E-FollowerState: change to CANDIDATE, lastRpcTime:105ms, electionTimeout:105ms
2019-10-17 19:47:34,148 [Thread-837] INFO  impl.RoleInfo (RoleInfo.java:shutdownFollowerState(121)) - 32a164c3-8bb9-4158-a4d7-ada9eb729037: shutdown FollowerState
2019-10-17 19:47:34,148 [Thread-837] INFO  impl.RaftServerImpl (RaftServerImpl.java:setRole(184)) - 32a164c3-8bb9-4158-a4d7-ada9eb729037@group-4CC069B2961E: changes role from  FOLLOWER to CANDIDATE at term 22 for changeToCandidate
2019-10-17 19:47:34,148 [Thread-837] INFO  impl.RoleInfo (RoleInfo.java:updateAndGet(143)) - 32a164c3-8bb9-4158-a4d7-ada9eb729037: start LeaderElection
2019-10-17 19:47:34,158 [32a164c3-8bb9-4158-a4d7-ada9eb729037@group-8BD2F7455A0F-LeaderElection43] INFO  impl.LeaderElection (LeaderElection.java:askForVotes(178)) - 32a164c3-8bb9-4158-a4d7-ada9eb729037@group-8BD2F7455A0F-LeaderElection43: begin an election at term 5 for -1: [32a164c3-8bb9-4158-a4d7-ada9eb729037:192.168.164.201:42866, 5fa7c213-d229-4dfb-b48e-377c0ca33348:192.168.164.201:37765, fa049fba-12b8-4e17-ac2d-38ea71bdd2ce:192.168.164.201:41821], old=null
2019-10-17 19:47:34,161 [grpc-default-executor-0] INFO  impl.RaftServerImpl (RaftServerImpl.java:setRole(184)) - 5fa7c213-d229-4dfb-b48e-377c0ca33348@group-8BD2F7455A0F: changes role from  FOLLOWER to FOLLOWER at term 5 for recognizeCandidate:32a164c3-8bb9-4158-a4d7-ada9eb729037
2019-10-17 19:47:34,161 [grpc-default-executor-7] INFO  impl.RaftServerImpl (RaftServerImpl.java:setRole(184)) - fa049fba-12b8-4e17-ac2d-38ea71bdd2ce@group-8BD2F7455A0F: changes role from  FOLLOWER to FOLLOWER at term 5 for recognizeCandidate:32a164c3-8bb9-4158-a4d7-ada9eb729037
2019-10-17 19:47:34,161 [grpc-default-executor-0] INFO  impl.RoleInfo (RoleInfo.java:shutdownFollowerState(121)) - 5fa7c213-d229-4dfb-b48e-377c0ca33348: shutdown FollowerState
2019-10-17 19:47:34,161 [grpc-default-executor-7] INFO  impl.RoleInfo (RoleInfo.java:shutdownFollowerState(121)) - fa049fba-12b8-4e17-ac2d-38ea71bdd2ce: shutdown FollowerState
2019-10-17 19:47:34,162 [Thread-823] INFO  impl.FollowerState (FollowerState.java:run(117)) - 5fa7c213-d229-4dfb-b48e-377c0ca33348@group-8BD2F7455A0F-FollowerState was interrupted: java.lang.InterruptedException: sleep interrupted
2019-10-17 19:47:34,162 [Thread-822] INFO  impl.FollowerState (FollowerState.java:run(117)) - fa049fba-12b8-4e17-ac2d-38ea71bdd2ce@group-8BD2F7455A0F-FollowerState was interrupted: java.lang.InterruptedException: sleep interrupted
2019-10-17 19:47:34,162 [grpc-default-executor-0] INFO  impl.RoleInfo (RoleInfo.java:updateAndGet(143)) - 5fa7c213-d229-4dfb-b48e-377c0ca33348: start FollowerState
2019-10-17 19:47:34,162 [grpc-default-executor-7] INFO  impl.RoleInfo (RoleInfo.java:updateAndGet(143)) - fa049fba-12b8-4e17-ac2d-38ea71bdd2ce: start FollowerState
2019-10-17 19:47:34,173 [pool-7-thread-1] INFO  commands.RetriableDatanodeEventWatcher (RetriableDatanodeEventWatcher.java:onTimeout(47)) - RetriableDatanodeCommand type=deleteBlocksCommand with id=1571341648170 timed out. Retrying.
2019-10-17 19:47:34,173 [pool-7-thread-2] INFO  commands.RetriableDatanodeEventWatcher (RetriableDatanodeEventWatcher.java:onTimeout(47)) - RetriableDatanodeCommand type=deleteBlocksCommand with id=1571341648169 timed out. Retrying.
2019-10-17 19:47:34,173 [pool-7-thread-3] INFO  commands.RetriableDatanodeEventWatcher (RetriableDatanodeEventWatcher.java:onTimeout(47)) - RetriableDatanodeCommand type=deleteBlocksCommand with id=1571341648168 timed out. Retrying.
2019-10-17 19:47:34,174 [pool-7-thread-3] INFO  commands.RetriableDatanodeEventWatcher (RetriableDatanodeEventWatcher.java:onTimeout(47)) - RetriableDatanodeCommand type=deleteBlocksCommand with id=1571341648172 timed out. Retrying.
2019-10-17 19:47:34,175 [pool-7-thread-2] INFO  commands.RetriableDatanodeEventWatcher (RetriableDatanodeEventWatcher.java:onTimeout(47)) - RetriableDatanodeCommand type=deleteBlocksCommand with id=1571341648171 timed out. Retrying.
2019-10-17 19:47:34,176 [SCMBlockDeletingService#0] INFO  block.SCMBlockDeletingService (SCMBlockDeletingService.java:call(184)) - Totally added 1 delete blocks command for 1 datanodes, task elapsed time: 0ms
2019-10-17 19:47:34,177 [pool-7-thread-2] INFO  commands.RetriableDatanodeEventWatcher (RetriableDatanodeEventWatcher.java:onTimeout(47)) - RetriableDatanodeCommand type=deleteBlocksCommand with id=1571341648166 timed out. Retrying.
2019-10-17 19:47:34,183 [32a164c3-8bb9-4158-a4d7-ada9eb729037@group-4CC069B2961E-LeaderElection44] INFO  impl.LeaderElection (LeaderElection.java:askForVotes(178)) - 32a164c3-8bb9-4158-a4d7-ada9eb729037@group-4CC069B2961E-LeaderElection44: begin an election at term 23 for 0: [32a164c3-8bb9-4158-a4d7-ada9eb729037:192.168.164.201:42866, 5fa7c213-d229-4dfb-b48e-377c0ca33348:192.168.164.201:37765, fa049fba-12b8-4e17-ac2d-38ea71bdd2ce:192.168.164.201:41821], old=null
2019-10-17 19:47:34,186 [grpc-default-executor-3] INFO  impl.RaftServerImpl (RaftServerImpl.java:setRole(184)) - 5fa7c213-d229-4dfb-b48e-377c0ca33348@group-4CC069B2961E: changes role from  FOLLOWER to FOLLOWER at term 23 for recognizeCandidate:32a164c3-8bb9-4158-a4d7-ada9eb729037
2019-10-17 19:47:34,186 [grpc-default-executor-6] INFO  impl.RaftServerImpl (RaftServerImpl.java:setRole(184)) - fa049fba-12b8-4e17-ac2d-38ea71bdd2ce@group-4CC069B2961E: changes role from  FOLLOWER to FOLLOWER at term 23 for recognizeCandidate:32a164c3-8bb9-4158-a4d7-ada9eb729037
2019-10-17 19:47:34,186 [grpc-default-executor-3] INFO  impl.RoleInfo (RoleInfo.java:shutdownFollowerState(121)) - 5fa7c213-d229-4dfb-b48e-377c0ca33348: shutdown FollowerState
2019-10-17 19:47:34,186 [grpc-default-executor-6] INFO  impl.RoleInfo (RoleInfo.java:shutdownFollowerState(121)) - fa049fba-12b8-4e17-ac2d-38ea71bdd2ce: shutdown FollowerState
2019-10-17 19:47:34,186 [grpc-default-executor-3] INFO  impl.RoleInfo (RoleInfo.java:updateAndGet(143)) - 5fa7c213-d229-4dfb-b48e-377c0ca33348: start FollowerState
2019-10-17 19:47:34,187 [Thread-835] INFO  impl.FollowerState (FollowerState.java:run(117)) - 5fa7c213-d229-4dfb-b48e-377c0ca33348@group-4CC069B2961E-FollowerState was interrupted: java.lang.InterruptedException: sleep interrupted
2019-10-17 19:47:34,187 [Thread-836] INFO  impl.FollowerState (FollowerState.java:run(117)) - fa049fba-12b8-4e17-ac2d-38ea71bdd2ce@group-4CC069B2961E-FollowerState was interrupted: java.lang.InterruptedException: sleep interrupted
2019-10-17 19:47:34,187 [grpc-default-executor-6] INFO  impl.RoleInfo (RoleInfo.java:updateAndGet(143)) - fa049fba-12b8-4e17-ac2d-38ea71bdd2ce: start FollowerState
2019-10-17 19:47:34,193 [32a164c3-8bb9-4158-a4d7-ada9eb729037@group-8BD2F7455A0F-LeaderElection43] INFO  impl.LeaderElection (LeaderElection.java:logAndReturn(56)) - 32a164c3-8bb9-4158-a4d7-ada9eb729037@group-8BD2F7455A0F-LeaderElection43: Election REJECTED; received 2 response(s) [32a164c3-8bb9-4158-a4d7-ada9eb729037<-5fa7c213-d229-4dfb-b48e-377c0ca33348#0:FAIL-t5, 32a164c3-8bb9-4158-a4d7-ada9eb729037<-fa049fba-12b8-4e17-ac2d-38ea71bdd2ce#0:FAIL-t5] and 0 exception(s); 32a164c3-8bb9-4158-a4d7-ada9eb729037@group-8BD2F7455A0F:t5, leader=null, voted=32a164c3-8bb9-4158-a4d7-ada9eb729037, raftlog=32a164c3-8bb9-4158-a4d7-ada9eb729037@group-8BD2F7455A0F-SegmentedRaftLog:OPENED:c-1,f-1,i0, conf=-1: [32a164c3-8bb9-4158-a4d7-ada9eb729037:192.168.164.201:42866, 5fa7c213-d229-4dfb-b48e-377c0ca33348:192.168.164.201:37765, fa049fba-12b8-4e17-ac2d-38ea71bdd2ce:192.168.164.201:41821], old=null
2019-10-17 19:47:34,193 [32a164c3-8bb9-4158-a4d7-ada9eb729037@group-8BD2F7455A0F-LeaderElection43] INFO  impl.RaftServerImpl (RaftServerImpl.java:setRole(184)) - 32a164c3-8bb9-4158-a4d7-ada9eb729037@group-8BD2F7455A0F: changes role from CANDIDATE to FOLLOWER at term 5 for DISCOVERED_A_NEW_TERM
2019-10-17 19:47:34,193 [32a164c3-8bb9-4158-a4d7-ada9eb729037@group-8BD2F7455A0F-LeaderElection43] INFO  impl.RoleInfo (RoleInfo.java:shutdownLeaderElection(134)) - 32a164c3-8bb9-4158-a4d7-ada9eb729037: shutdown LeaderElection
2019-10-17 19:47:34,193 [32a164c3-8bb9-4158-a4d7-ada9eb729037@group-8BD2F7455A0F-LeaderElection43] INFO  impl.RoleInfo (RoleInfo.java:updateAndGet(143)) - 32a164c3-8bb9-4158-a4d7-ada9eb729037: start FollowerState
2019-10-17 19:47:34,209 [32a164c3-8bb9-4158-a4d7-ada9eb729037@group-4CC069B2961E-LeaderElection44] INFO  impl.LeaderElection (LeaderElection.java:logAndReturn(56)) - 32a164c3-8bb9-4158-a4d7-ada9eb729037@group-4CC069B2961E-LeaderElection44: Election REJECTED; received 2 response(s) [32a164c3-8bb9-4158-a4d7-ada9eb729037<-5fa7c213-d229-4dfb-b48e-377c0ca33348#0:FAIL-t23, 32a164c3-8bb9-4158-a4d7-ada9eb729037<-fa049fba-12b8-4e17-ac2d-38ea71bdd2ce#0:FAIL-t23] and 0 exception(s); 32a164c3-8bb9-4158-a4d7-ada9eb729037@group-4CC069B2961E:t23, leader=null, voted=32a164c3-8bb9-4158-a4d7-ada9eb729037, raftlog=32a164c3-8bb9-4158-a4d7-ada9eb729037@group-4CC069B2961E-SegmentedRaftLog:OPENED:c3,f4,i4, conf=0: [32a164c3-8bb9-4158-a4d7-ada9eb729037:192.168.164.201:42866, 5fa7c213-d229-4dfb-b48e-377c0ca33348:192.168.164.201:37765, fa049fba-12b8-4e17-ac2d-38ea71bdd2ce:192.168.164.201:41821], old=null
2019-10-17 19:47:34,210 [32a164c3-8bb9-4158-a4d7-ada9eb729037@group-4CC069B2961E-LeaderElection44] INFO  impl.RaftServerImpl (RaftServerImpl.java:setRole(184)) - 32a164c3-8bb9-4158-a4d7-ada9eb729037@group-4CC069B2961E: changes role from CANDIDATE to FOLLOWER at term 23 for DISCOVERED_A_NEW_TERM
2019-10-17 19:47:34,210 [32a164c3-8bb9-4158-a4d7-ada9eb729037@group-4CC069B2961E-LeaderElection44] INFO  impl.RoleInfo (RoleInfo.java:shutdownLeaderElection(134)) - 32a164c3-8bb9-4158-a4d7-ada9eb729037: shutdown LeaderElection
2019-10-17 19:47:34,210 [32a164c3-8bb9-4158-a4d7-ada9eb729037@group-4CC069B2961E-LeaderElection44] INFO  impl.RoleInfo (RoleInfo.java:updateAndGet(143)) - 32a164c3-8bb9-4158-a4d7-ada9eb729037: start FollowerState
2019-10-17 19:47:34,220 [Thread-849] INFO  impl.FollowerState (FollowerState.java:run(108)) - 32a164c3-8bb9-4158-a4d7-ada9eb729037@group-8BD2F7455A0F-FollowerState: change to CANDIDATE, lastRpcTime:26ms, electionTimeout:26ms
2019-10-17 19:47:34,220 [Thread-849] INFO  impl.RoleInfo (RoleInfo.java:shutdownFollowerState(121)) - 32a164c3-8bb9-4158-a4d7-ada9eb729037: shutdown FollowerState
2019-10-17 19:47:34,220 [Thread-849] INFO  impl.RaftServerImpl (RaftServerImpl.java:setRole(184)) - 32a164c3-8bb9-4158-a4d7-ada9eb729037@group-8BD2F7455A0F: changes role from  FOLLOWER to CANDIDATE at term 5 for changeToCandidate
2019-10-17 19:47:34,220 [Thread-849] INFO  impl.RoleInfo (RoleInfo.java:updateAndGet(143)) - 32a164c3-8bb9-4158-a4d7-ada9eb729037: start LeaderElection
2019-10-17 19:47:34,242 [32a164c3-8bb9-4158-a4d7-ada9eb729037@group-8BD2F7455A0F-LeaderElection45] INFO  impl.LeaderElection (LeaderElection.java:askForVotes(178)) - 32a164c3-8bb9-4158-a4d7-ada9eb729037@group-8BD2F7455A0F-LeaderElection45: begin an election at term 6 for -1: [32a164c3-8bb9-4158-a4d7-ada9eb729037:192.168.164.201:42866, 5fa7c213-d229-4dfb-b48e-377c0ca33348:192.168.164.201:37765, fa049fba-12b8-4e17-ac2d-38ea71bdd2ce:192.168.164.201:41821], old=null
2019-10-17 19:47:34,243 [EventQueue-PendingDeleteStatusForPendingDeleteHandler] INFO  block.SCMBlockDeletingService (SCMBlockDeletingService.java:handlePendingDeletes(115)) - Block deletion txnID mismatch in datanode 32a164c3-8bb9-4158-a4d7-ada9eb729037 for containerID 1. Datanode delete txnID: 0, SCM txnID: 1
2019-10-17 19:47:34,245 [grpc-default-executor-6] INFO  impl.RaftServerImpl (RaftServerImpl.java:setRole(184)) - 5fa7c213-d229-4dfb-b48e-377c0ca33348@group-8BD2F7455A0F: changes role from  FOLLOWER to FOLLOWER at term 6 for recognizeCandidate:32a164c3-8bb9-4158-a4d7-ada9eb729037
2019-10-17 19:47:34,245 [grpc-default-executor-3] INFO  impl.RaftServerImpl (RaftServerImpl.java:setRole(184)) - fa049fba-12b8-4e17-ac2d-38ea71bdd2ce@group-8BD2F7455A0F: changes role from  FOLLOWER to FOLLOWER at term 6 for recognizeCandidate:32a164c3-8bb9-4158-a4d7-ada9eb729037
2019-10-17 19:47:34,245 [grpc-default-executor-6] INFO  impl.RoleInfo (RoleInfo.java:shutdownFollowerState(121)) - 5fa7c213-d229-4dfb-b48e-377c0ca33348: shutdown FollowerState
2019-10-17 19:47:34,246 [grpc-default-executor-3] INFO  impl.RoleInfo (RoleInfo.java:shutdownFollowerState(121)) - fa049fba-12b8-4e17-ac2d-38ea71bdd2ce: shutdown FollowerState
2019-10-17 19:47:34,246 [grpc-default-executor-6] INFO  impl.RoleInfo (RoleInfo.java:updateAndGet(143)) - 5fa7c213-d229-4dfb-b48e-377c0ca33348: start FollowerState
2019-10-17 19:47:34,246 [grpc-default-executor-3] INFO  impl.RoleInfo (RoleInfo.java:updateAndGet(143)) - fa049fba-12b8-4e17-ac2d-38ea71bdd2ce: start FollowerState
2019-10-17 19:47:34,246 [Thread-843] INFO  impl.FollowerState (FollowerState.java:run(117)) - 5fa7c213-d229-4dfb-b48e-377c0ca33348@group-8BD2F7455A0F-FollowerState was interrupted: java.lang.InterruptedException: sleep interrupted
2019-10-17 19:47:34,246 [Thread-844] INFO  impl.FollowerState (FollowerState.java:run(117)) - fa049fba-12b8-4e17-ac2d-38ea71bdd2ce@group-8BD2F7455A0F-FollowerState was interrupted: java.lang.InterruptedException: sleep interrupted
2019-10-17 19:47:34,269 [32a164c3-8bb9-4158-a4d7-ada9eb729037@group-8BD2F7455A0F-LeaderElection45] INFO  impl.LeaderElection (LeaderElection.java:logAndReturn(56)) - 32a164c3-8bb9-4158-a4d7-ada9eb729037@group-8BD2F7455A0F-LeaderElection45: Election REJECTED; received 2 response(s) [32a164c3-8bb9-4158-a4d7-ada9eb729037<-5fa7c213-d229-4dfb-b48e-377c0ca33348#0:FAIL-t6, 32a164c3-8bb9-4158-a4d7-ada9eb729037<-fa049fba-12b8-4e17-ac2d-38ea71bdd2ce#0:FAIL-t6] and 0 exception(s); 32a164c3-8bb9-4158-a4d7-ada9eb729037@group-8BD2F7455A0F:t6, leader=null, voted=32a164c3-8bb9-4158-a4d7-ada9eb729037, raftlog=32a164c3-8bb9-4158-a4d7-ada9eb729037@group-8BD2F7455A0F-SegmentedRaftLog:OPENED:c-1,f-1,i0, conf=-1: [32a164c3-8bb9-4158-a4d7-ada9eb729037:192.168.164.201:42866, 5fa7c213-d229-4dfb-b48e-377c0ca33348:192.168.164.201:37765, fa049fba-12b8-4e17-ac2d-38ea71bdd2ce:192.168.164.201:41821], old=null
2019-10-17 19:47:34,269 [32a164c3-8bb9-4158-a4d7-ada9eb729037@group-8BD2F7455A0F-LeaderElection45] INFO  impl.RaftServerImpl (RaftServerImpl.java:setRole(184)) - 32a164c3-8bb9-4158-a4d7-ada9eb729037@group-8BD2F7455A0F: changes role from CANDIDATE to FOLLOWER at term 6 for DISCOVERED_A_NEW_TERM
2019-10-17 19:47:34,269 [32a164c3-8bb9-4158-a4d7-ada9eb729037@group-8BD2F7455A0F-LeaderElection45] INFO  impl.RoleInfo (RoleInfo.java:shutdownLeaderElection(134)) - 32a164c3-8bb9-4158-a4d7-ada9eb729037: shutdown LeaderElection
2019-10-17 19:47:34,269 [32a164c3-8bb9-4158-a4d7-ada9eb729037@group-8BD2F7455A0F-LeaderElection45] INFO  impl.RoleInfo (RoleInfo.java:updateAndGet(143)) - 32a164c3-8bb9-4158-a4d7-ada9eb729037: start FollowerState
2019-10-17 19:47:34,286 [Thread-856] INFO  impl.FollowerState (FollowerState.java:run(108)) - 32a164c3-8bb9-4158-a4d7-ada9eb729037@group-8BD2F7455A0F-FollowerState: change to CANDIDATE, lastRpcTime:16ms, electionTimeout:16ms
2019-10-17 19:47:34,286 [Thread-856] INFO  impl.RoleInfo (RoleInfo.java:shutdownFollowerState(121)) - 32a164c3-8bb9-4158-a4d7-ada9eb729037: shutdown FollowerState
2019-10-17 19:47:34,286 [Thread-856] INFO  impl.RaftServerImpl (RaftServerImpl.java:setRole(184)) - 32a164c3-8bb9-4158-a4d7-ada9eb729037@group-8BD2F7455A0F: changes role from  FOLLOWER to CANDIDATE at term 6 for changeToCandidate
2019-10-17 19:47:34,286 [Thread-856] INFO  impl.RoleInfo (RoleInfo.java:updateAndGet(143)) - 32a164c3-8bb9-4158-a4d7-ada9eb729037: start LeaderElection
2019-10-17 19:47:34,294 [Thread-859] INFO  client.GrpcClientProtocolService (GrpcClientProtocolService.java:lambda$processClientRequest$0(278)) - Failed RaftClientRequest:client-30F7F12B0123->32a164c3-8bb9-4158-a4d7-ada9eb729037@group-4CC069B2961E, cid=16, seq=0, Watch-ALL_COMMITTED(6), Message:<EMPTY>, reply=RaftClientReply:client-30F7F12B0123->32a164c3-8bb9-4158-a4d7-ada9eb729037@group-4CC069B2961E, cid=16, FAILED org.apache.ratis.protocol.NotLeaderException: Server 32a164c3-8bb9-4158-a4d7-ada9eb729037@group-4CC069B2961E is not the leader, logIndex=0, commits[32a164c3-8bb9-4158-a4d7-ada9eb729037:c3]
2019-10-17 19:47:34,310 [32a164c3-8bb9-4158-a4d7-ada9eb729037@group-8BD2F7455A0F-LeaderElection46] INFO  impl.LeaderElection (LeaderElection.java:askForVotes(178)) - 32a164c3-8bb9-4158-a4d7-ada9eb729037@group-8BD2F7455A0F-LeaderElection46: begin an election at term 7 for -1: [32a164c3-8bb9-4158-a4d7-ada9eb729037:192.168.164.201:42866, 5fa7c213-d229-4dfb-b48e-377c0ca33348:192.168.164.201:37765, fa049fba-12b8-4e17-ac2d-38ea71bdd2ce:192.168.164.201:41821], old=null
2019-10-17 19:47:34,312 [grpc-default-executor-3] INFO  impl.RaftServerImpl (RaftServerImpl.java:setRole(184)) - 5fa7c213-d229-4dfb-b48e-377c0ca33348@group-8BD2F7455A0F: changes role from  FOLLOWER to FOLLOWER at term 7 for recognizeCandidate:32a164c3-8bb9-4158-a4d7-ada9eb729037
2019-10-17 19:47:34,313 [grpc-default-executor-3] INFO  impl.RoleInfo (RoleInfo.java:shutdownFollowerState(121)) - 5fa7c213-d229-4dfb-b48e-377c0ca33348: shutdown FollowerState
2019-10-17 19:47:34,313 [grpc-default-executor-6] INFO  impl.RaftServerImpl (RaftServerImpl.java:setRole(184)) - fa049fba-12b8-4e17-ac2d-38ea71bdd2ce@group-8BD2F7455A0F: changes role from  FOLLOWER to FOLLOWER at term 7 for recognizeCandidate:32a164c3-8bb9-4158-a4d7-ada9eb729037
2019-10-17 19:47:34,313 [Thread-854] INFO  impl.FollowerState (FollowerState.java:run(117)) - 5fa7c213-d229-4dfb-b48e-377c0ca33348@group-8BD2F7455A0F-FollowerState was interrupted: java.lang.InterruptedException: sleep interrupted
2019-10-17 19:47:34,313 [grpc-default-executor-6] INFO  impl.RoleInfo (RoleInfo.java:shutdownFollowerState(121)) - fa049fba-12b8-4e17-ac2d-38ea71bdd2ce: shutdown FollowerState
2019-10-17 19:47:34,313 [grpc-default-executor-3] INFO  impl.RoleInfo (RoleInfo.java:updateAndGet(143)) - 5fa7c213-d229-4dfb-b48e-377c0ca33348: start FollowerState
2019-10-17 19:47:34,313 [Thread-855] INFO  impl.FollowerState (FollowerState.java:run(117)) - fa049fba-12b8-4e17-ac2d-38ea71bdd2ce@group-8BD2F7455A0F-FollowerState was interrupted: java.lang.InterruptedException: sleep interrupted
2019-10-17 19:47:34,313 [grpc-default-executor-6] INFO  impl.RoleInfo (RoleInfo.java:updateAndGet(143)) - fa049fba-12b8-4e17-ac2d-38ea71bdd2ce: start FollowerState
2019-10-17 19:47:34,327 [32a164c3-8bb9-4158-a4d7-ada9eb729037@group-8BD2F7455A0F-LeaderElection46] INFO  impl.LeaderElection (LeaderElection.java:logAndReturn(56)) - 32a164c3-8bb9-4158-a4d7-ada9eb729037@group-8BD2F7455A0F-LeaderElection46: Election TIMEOUT; received 0 response(s) [] and 0 exception(s); 32a164c3-8bb9-4158-a4d7-ada9eb729037@group-8BD2F7455A0F:t7, leader=null, voted=32a164c3-8bb9-4158-a4d7-ada9eb729037, raftlog=32a164c3-8bb9-4158-a4d7-ada9eb729037@group-8BD2F7455A0F-SegmentedRaftLog:OPENED:c-1,f-1,i0, conf=-1: [32a164c3-8bb9-4158-a4d7-ada9eb729037:192.168.164.201:42866, 5fa7c213-d229-4dfb-b48e-377c0ca33348:192.168.164.201:37765, fa049fba-12b8-4e17-ac2d-38ea71bdd2ce:192.168.164.201:41821], old=null
2019-10-17 19:47:34,336 [Command processor thread] INFO  commandhandler.DeleteBlocksCommandHandler (DeleteBlocksCommandHandler.java:handle(106)) - Start to delete container blocks, TXIDs=[1(0)], numOfContainers=1, numOfBlocks=1
2019-10-17 19:47:34,337 [Command processor thread] INFO  commandhandler.DeleteBlocksCommandHandler (DeleteBlocksCommandHandler.java:handle(106)) - Start to delete container blocks, TXIDs=[1(2)], numOfContainers=1, numOfBlocks=1
2019-10-17 19:47:34,337 [Command processor thread] INFO  commandhandler.DeleteBlocksCommandHandler (DeleteBlocksCommandHandler.java:handle(106)) - Start to delete container blocks, TXIDs=[1(0)], numOfContainers=1, numOfBlocks=1
2019-10-17 19:47:34,337 [Command processor thread] INFO  commandhandler.DeleteBlocksCommandHandler (DeleteBlocksCommandHandler.java:handle(106)) - Start to delete container blocks, TXIDs=[1(2)], numOfContainers=1, numOfBlocks=1
2019-10-17 19:47:34,337 [Command processor thread] INFO  commandhandler.DeleteBlocksCommandHandler (DeleteBlocksCommandHandler.java:handle(106)) - Start to delete container blocks, TXIDs=[1(2)], numOfContainers=1, numOfBlocks=1
2019-10-17 19:47:34,337 [Command processor thread] INFO  commandhandler.DeleteBlocksCommandHandler (DeleteBlocksCommandHandler.java:handle(106)) - Start to delete container blocks, TXIDs=[1(0)], numOfContainers=1, numOfBlocks=1
2019-10-17 19:47:34,338 [Command processor thread] INFO  commandhandler.DeleteBlocksCommandHandler (DeleteBlocksCommandHandler.java:handle(106)) - Start to delete container blocks, TXIDs=[1(2)], numOfContainers=1, numOfBlocks=1
2019-10-17 19:47:34,338 [Command processor thread] INFO  commandhandler.DeleteBlocksCommandHandler (DeleteBlocksCommandHandler.java:handle(106)) - Start to delete container blocks, TXIDs=[1(2)], numOfContainers=1, numOfBlocks=1
2019-10-17 19:47:34,338 [Command processor thread] INFO  commandhandler.DeleteBlocksCommandHandler (DeleteBlocksCommandHandler.java:handle(106)) - Start to delete container blocks, TXIDs=[1(2)], numOfContainers=1, numOfBlocks=1
2019-10-17 19:47:34,338 [Command processor thread] INFO  commandhandler.DeleteBlocksCommandHandler (DeleteBlocksCommandHandler.java:handle(106)) - Start to delete container blocks, TXIDs=[1(0)], numOfContainers=1, numOfBlocks=1
2019-10-17 19:47:34,338 [Command processor thread] INFO  commandhandler.DeleteBlocksCommandHandler (DeleteBlocksCommandHandler.java:handle(106)) - Start to delete container blocks, TXIDs=[1(2)], numOfContainers=1, numOfBlocks=1
2019-10-17 19:47:34,338 [Command processor thread] INFO  commandhandler.DeleteBlocksCommandHandler (DeleteBlocksCommandHandler.java:handle(106)) - Start to delete container blocks, TXIDs=[1(2)], numOfContainers=1, numOfBlocks=1
2019-10-17 19:47:34,339 [Command processor thread] INFO  commandhandler.DeleteBlocksCommandHandler (DeleteBlocksCommandHandler.java:handle(106)) - Start to delete container blocks, TXIDs=[1(2)], numOfContainers=1, numOfBlocks=1
2019-10-17 19:47:34,339 [Command processor thread] INFO  commandhandler.DeleteBlocksCommandHandler (DeleteBlocksCommandHandler.java:handle(106)) - Start to delete container blocks, TXIDs=[1(2)], numOfContainers=1, numOfBlocks=1
2019-10-17 19:47:34,339 [Command processor thread] INFO  commandhandler.DeleteBlocksCommandHandler (DeleteBlocksCommandHandler.java:handle(106)) - Start to delete container blocks, TXIDs=[1(0)], numOfContainers=1, numOfBlocks=1
2019-10-17 19:47:34,339 [Command processor thread] INFO  commandhandler.DeleteBlocksCommandHandler (DeleteBlocksCommandHandler.java:handle(106)) - Start to delete container blocks, TXIDs=[1(2)], numOfContainers=1, numOfBlocks=1
2019-10-17 19:47:34,339 [Command processor thread] INFO  commandhandler.DeleteBlocksCommandHandler (DeleteBlocksCommandHandler.java:handle(106)) - Start to delete container blocks, TXIDs=[1(2)], numOfContainers=1, numOfBlocks=1
2019-10-17 19:47:34,339 [Command processor thread] INFO  commandhandler.DeleteBlocksCommandHandler (DeleteBlocksCommandHandler.java:handle(106)) - Start to delete container blocks, TXIDs=[1(2)], numOfContainers=1, numOfBlocks=1
2019-10-17 19:47:34,340 [Command processor thread] INFO  commandhandler.DeleteBlocksCommandHandler (DeleteBlocksCommandHandler.java:handle(106)) - Start to delete container blocks, TXIDs=[1(2)], numOfContainers=1, numOfBlocks=1
2019-10-17 19:47:34,340 [Command processor thread] INFO  commandhandler.DeleteBlocksCommandHandler (DeleteBlocksCommandHandler.java:handle(106)) - Start to delete container blocks, TXIDs=[1(2)], numOfContainers=1, numOfBlocks=1
2019-10-17 19:47:34,340 [Command processor thread] INFO  commandhandler.DeleteBlocksCommandHandler (DeleteBlocksCommandHandler.java:handle(106)) - Start to delete container blocks, TXIDs=[1(0)], numOfContainers=1, numOfBlocks=1
2019-10-17 19:47:34,340 [Command processor thread] INFO  commandhandler.DeleteBlocksCommandHandler (DeleteBlocksCommandHandler.java:handle(106)) - Start to delete container blocks, TXIDs=[1(2)], numOfContainers=1, numOfBlocks=1
2019-10-17 19:47:34,340 [Command processor thread] INFO  commandhandler.DeleteBlocksCommandHandler (DeleteBlocksCommandHandler.java:handle(106)) - Start to delete container blocks, TXIDs=[1(2)], numOfContainers=1, numOfBlocks=1
2019-10-17 19:47:34,340 [Command processor thread] INFO  commandhandler.DeleteBlocksCommandHandler (DeleteBlocksCommandHandler.java:handle(106)) - Start to delete container blocks, TXIDs=[1(2)], numOfContainers=1, numOfBlocks=1
2019-10-17 19:47:34,340 [Command processor thread] INFO  commandhandler.DeleteBlocksCommandHandler (DeleteBlocksCommandHandler.java:handle(106)) - Start to delete container blocks, TXIDs=[1(2)], numOfContainers=1, numOfBlocks=1
2019-10-17 19:47:34,341 [Command processor thread] INFO  commandhandler.DeleteBlocksCommandHandler (DeleteBlocksCommandHandler.java:handle(106)) - Start to delete container blocks, TXIDs=[1(2)], numOfContainers=1, numOfBlocks=1
2019-10-17 19:47:34,341 [Command processor thread] INFO  commandhandler.DeleteBlocksCommandHandler (DeleteBlocksCommandHandler.java:handle(106)) - Start to delete container blocks, TXIDs=[1(23)], numOfContainers=1, numOfBlocks=1
2019-10-17 19:47:34,341 [Command processor thread] INFO  commandhandler.DeleteBlocksCommandHandler (DeleteBlocksCommandHandler.java:handle(106)) - Start to delete container blocks, TXIDs=[1(0)], numOfContainers=1, numOfBlocks=1
2019-10-17 19:47:34,353 [32a164c3-8bb9-4158-a4d7-ada9eb729037@group-8BD2F7455A0F-LeaderElection46] INFO  impl.LeaderElection (LeaderElection.java:askForVotes(178)) - 32a164c3-8bb9-4158-a4d7-ada9eb729037@group-8BD2F7455A0F-LeaderElection46: begin an election at term 8 for -1: [32a164c3-8bb9-4158-a4d7-ada9eb729037:192.168.164.201:42866, 5fa7c213-d229-4dfb-b48e-377c0ca33348:192.168.164.201:37765, fa049fba-12b8-4e17-ac2d-38ea71bdd2ce:192.168.164.201:41821], old=null
2019-10-17 19:47:34,355 [grpc-default-executor-6] INFO  impl.RaftServerImpl (RaftServerImpl.java:setRole(184)) - 5fa7c213-d229-4dfb-b48e-377c0ca33348@group-8BD2F7455A0F: changes role from  FOLLOWER to FOLLOWER at term 8 for recognizeCandidate:32a164c3-8bb9-4158-a4d7-ada9eb729037
2019-10-17 19:47:34,355 [grpc-default-executor-3] INFO  impl.RaftServerImpl (RaftServerImpl.java:setRole(184)) - fa049fba-12b8-4e17-ac2d-38ea71bdd2ce@group-8BD2F7455A0F: changes role from  FOLLOWER to FOLLOWER at term 8 for recognizeCandidate:32a164c3-8bb9-4158-a4d7-ada9eb729037
2019-10-17 19:47:34,355 [grpc-default-executor-3] INFO  impl.RoleInfo (RoleInfo.java:shutdownFollowerState(121)) - fa049fba-12b8-4e17-ac2d-38ea71bdd2ce: shutdown FollowerState
2019-10-17 19:47:34,355 [grpc-default-executor-6] INFO  impl.RoleInfo (RoleInfo.java:shutdownFollowerState(121)) - 5fa7c213-d229-4dfb-b48e-377c0ca33348: shutdown FollowerState
2019-10-17 19:47:34,355 [Thread-864] INFO  impl.FollowerState (FollowerState.java:run(117)) - fa049fba-12b8-4e17-ac2d-38ea71bdd2ce@group-8BD2F7455A0F-FollowerState was interrupted: java.lang.InterruptedException: sleep interrupted
2019-10-17 19:47:34,355 [Thread-863] INFO  impl.FollowerState (FollowerState.java:run(117)) - 5fa7c213-d229-4dfb-b48e-377c0ca33348@group-8BD2F7455A0F-FollowerState was interrupted: java.lang.InterruptedException: sleep interrupted
2019-10-17 19:47:34,355 [grpc-default-executor-3] INFO  impl.RoleInfo (RoleInfo.java:updateAndGet(143)) - fa049fba-12b8-4e17-ac2d-38ea71bdd2ce: start FollowerState
2019-10-17 19:47:34,355 [grpc-default-executor-6] INFO  impl.RoleInfo (RoleInfo.java:updateAndGet(143)) - 5fa7c213-d229-4dfb-b48e-377c0ca33348: start FollowerState
2019-10-17 19:47:34,356 [32a164c3-8bb9-4158-a4d7-ada9eb729037@group-8BD2F7455A0F-LeaderElection46] INFO  impl.LeaderElection (LeaderElection.java:logAndReturn(56)) - 32a164c3-8bb9-4158-a4d7-ada9eb729037@group-8BD2F7455A0F-LeaderElection46: Election TIMEOUT; received 0 response(s) [] and 0 exception(s); 32a164c3-8bb9-4158-a4d7-ada9eb729037@group-8BD2F7455A0F:t8, leader=null, voted=32a164c3-8bb9-4158-a4d7-ada9eb729037, raftlog=32a164c3-8bb9-4158-a4d7-ada9eb729037@group-8BD2F7455A0F-SegmentedRaftLog:OPENED:c-1,f-1,i0, conf=-1: [32a164c3-8bb9-4158-a4d7-ada9eb729037:192.168.164.201:42866, 5fa7c213-d229-4dfb-b48e-377c0ca33348:192.168.164.201:37765, fa049fba-12b8-4e17-ac2d-38ea71bdd2ce:192.168.164.201:41821], old=null
2019-10-17 19:47:34,361 [Thread-850] INFO  impl.FollowerState (FollowerState.java:run(108)) - 32a164c3-8bb9-4158-a4d7-ada9eb729037@group-4CC069B2961E-FollowerState: change to CANDIDATE, lastRpcTime:151ms, electionTimeout:151ms
2019-10-17 19:47:34,361 [Thread-850] INFO  impl.RoleInfo (RoleInfo.java:shutdownFollowerState(121)) - 32a164c3-8bb9-4158-a4d7-ada9eb729037: shutdown FollowerState
2019-10-17 19:47:34,361 [Thread-850] INFO  impl.RaftServerImpl (RaftServerImpl.java:setRole(184)) - 32a164c3-8bb9-4158-a4d7-ada9eb729037@group-4CC069B2961E: changes role from  FOLLOWER to CANDIDATE at term 23 for changeToCandidate
2019-10-17 19:47:34,362 [Thread-850] INFO  impl.RoleInfo (RoleInfo.java:updateAndGet(143)) - 32a164c3-8bb9-4158-a4d7-ada9eb729037: start LeaderElection
2019-10-17 19:47:34,379 [32a164c3-8bb9-4158-a4d7-ada9eb729037@group-8BD2F7455A0F-LeaderElection46] INFO  impl.LeaderElection (LeaderElection.java:askForVotes(178)) - 32a164c3-8bb9-4158-a4d7-ada9eb729037@group-8BD2F7455A0F-LeaderElection46: begin an election at term 9 for -1: [32a164c3-8bb9-4158-a4d7-ada9eb729037:192.168.164.201:42866, 5fa7c213-d229-4dfb-b48e-377c0ca33348:192.168.164.201:37765, fa049fba-12b8-4e17-ac2d-38ea71bdd2ce:192.168.164.201:41821], old=null
2019-10-17 19:47:34,379 [32a164c3-8bb9-4158-a4d7-ada9eb729037@group-4CC069B2961E-LeaderElection47] INFO  impl.LeaderElection (LeaderElection.java:askForVotes(178)) - 32a164c3-8bb9-4158-a4d7-ada9eb729037@group-4CC069B2961E-LeaderElection47: begin an election at term 24 for 0: [32a164c3-8bb9-4158-a4d7-ada9eb729037:192.168.164.201:42866, 5fa7c213-d229-4dfb-b48e-377c0ca33348:192.168.164.201:37765, fa049fba-12b8-4e17-ac2d-38ea71bdd2ce:192.168.164.201:41821], old=null
2019-10-17 19:47:34,381 [grpc-default-executor-6] INFO  impl.RaftServerImpl (RaftServerImpl.java:setRole(184)) - 5fa7c213-d229-4dfb-b48e-377c0ca33348@group-8BD2F7455A0F: changes role from  FOLLOWER to FOLLOWER at term 9 for recognizeCandidate:32a164c3-8bb9-4158-a4d7-ada9eb729037
2019-10-17 19:47:34,382 [grpc-default-executor-6] INFO  impl.RoleInfo (RoleInfo.java:shutdownFollowerState(121)) - 5fa7c213-d229-4dfb-b48e-377c0ca33348: shutdown FollowerState
2019-10-17 19:47:34,382 [grpc-default-executor-3] INFO  impl.RaftServerImpl (RaftServerImpl.java:setRole(184)) - 5fa7c213-d229-4dfb-b48e-377c0ca33348@group-4CC069B2961E: changes role from  FOLLOWER to FOLLOWER at term 24 for recognizeCandidate:32a164c3-8bb9-4158-a4d7-ada9eb729037
2019-10-17 19:47:34,382 [Thread-868] INFO  impl.FollowerState (FollowerState.java:run(117)) - 5fa7c213-d229-4dfb-b48e-377c0ca33348@group-8BD2F7455A0F-FollowerState was interrupted: java.lang.InterruptedException: sleep interrupted
2019-10-17 19:47:34,382 [grpc-default-executor-6] INFO  impl.RoleInfo (RoleInfo.java:updateAndGet(143)) - 5fa7c213-d229-4dfb-b48e-377c0ca33348: start FollowerState
2019-10-17 19:47:34,382 [grpc-default-executor-0] INFO  impl.RaftServerImpl (RaftServerImpl.java:setRole(184)) - fa049fba-12b8-4e17-ac2d-38ea71bdd2ce@group-4CC069B2961E: changes role from  FOLLOWER to FOLLOWER at term 24 for recognizeCandidate:32a164c3-8bb9-4158-a4d7-ada9eb729037
2019-10-17 19:47:34,382 [grpc-default-executor-7] INFO  impl.RaftServerImpl (RaftServerImpl.java:setRole(184)) - fa049fba-12b8-4e17-ac2d-38ea71bdd2ce@group-8BD2F7455A0F: changes role from  FOLLOWER to FOLLOWER at term 9 for recognizeCandidate:32a164c3-8bb9-4158-a4d7-ada9eb729037
2019-10-17 19:47:34,382 [grpc-default-executor-7] INFO  impl.RoleInfo (RoleInfo.java:shutdownFollowerState(121)) - fa049fba-12b8-4e17-ac2d-38ea71bdd2ce: shutdown FollowerState
2019-10-17 19:47:34,382 [grpc-default-executor-3] INFO  impl.RoleInfo (RoleInfo.java:shutdownFollowerState(121)) - 5fa7c213-d229-4dfb-b48e-377c0ca33348: shutdown FollowerState
2019-10-17 19:47:34,383 [Thread-867] INFO  impl.FollowerState (FollowerState.java:run(117)) - fa049fba-12b8-4e17-ac2d-38ea71bdd2ce@group-8BD2F7455A0F-FollowerState was interrupted: java.lang.InterruptedException: sleep interrupted
2019-10-17 19:47:34,383 [grpc-default-executor-7] INFO  impl.RoleInfo (RoleInfo.java:updateAndGet(143)) - fa049fba-12b8-4e17-ac2d-38ea71bdd2ce: start FollowerState
2019-10-17 19:47:34,382 [grpc-default-executor-0] INFO  impl.RoleInfo (RoleInfo.java:shutdownFollowerState(121)) - fa049fba-12b8-4e17-ac2d-38ea71bdd2ce: shutdown FollowerState
2019-10-17 19:47:34,383 [grpc-default-executor-3] INFO  impl.RoleInfo (RoleInfo.java:updateAndGet(143)) - 5fa7c213-d229-4dfb-b48e-377c0ca33348: start FollowerState
2019-10-17 19:47:34,383 [Thread-847] INFO  impl.FollowerState (FollowerState.java:run(117)) - 5fa7c213-d229-4dfb-b48e-377c0ca33348@group-4CC069B2961E-FollowerState was interrupted: java.lang.InterruptedException: sleep interrupted
2019-10-17 19:47:34,383 [Thread-848] INFO  impl.FollowerState (FollowerState.java:run(117)) - fa049fba-12b8-4e17-ac2d-38ea71bdd2ce@group-4CC069B2961E-FollowerState was interrupted: java.lang.InterruptedException: sleep interrupted
2019-10-17 19:47:34,383 [grpc-default-executor-0] INFO  impl.RoleInfo (RoleInfo.java:updateAndGet(143)) - fa049fba-12b8-4e17-ac2d-38ea71bdd2ce: start FollowerState
2019-10-17 19:47:34,406 [32a164c3-8bb9-4158-a4d7-ada9eb729037@group-8BD2F7455A0F-LeaderElection46] INFO  impl.LeaderElection (LeaderElection.java:logAndReturn(56)) - 32a164c3-8bb9-4158-a4d7-ada9eb729037@group-8BD2F7455A0F-LeaderElection46: Election TIMEOUT; received 0 response(s) [] and 0 exception(s); 32a164c3-8bb9-4158-a4d7-ada9eb729037@group-8BD2F7455A0F:t9, leader=null, voted=32a164c3-8bb9-4158-a4d7-ada9eb729037, raftlog=32a164c3-8bb9-4158-a4d7-ada9eb729037@group-8BD2F7455A0F-SegmentedRaftLog:OPENED:c-1,f-1,i0, conf=-1: [32a164c3-8bb9-4158-a4d7-ada9eb729037:192.168.164.201:42866, 5fa7c213-d229-4dfb-b48e-377c0ca33348:192.168.164.201:37765, fa049fba-12b8-4e17-ac2d-38ea71bdd2ce:192.168.164.201:41821], old=null
2019-10-17 19:47:34,406 [32a164c3-8bb9-4158-a4d7-ada9eb729037@group-4CC069B2961E-LeaderElection47] INFO  impl.LeaderElection (LeaderElection.java:logAndReturn(56)) - 32a164c3-8bb9-4158-a4d7-ada9eb729037@group-4CC069B2961E-LeaderElection47: Election REJECTED; received 2 response(s) [32a164c3-8bb9-4158-a4d7-ada9eb729037<-5fa7c213-d229-4dfb-b48e-377c0ca33348#0:FAIL-t24, 32a164c3-8bb9-4158-a4d7-ada9eb729037<-fa049fba-12b8-4e17-ac2d-38ea71bdd2ce#0:FAIL-t24] and 0 exception(s); 32a164c3-8bb9-4158-a4d7-ada9eb729037@group-4CC069B2961E:t24, leader=null, voted=32a164c3-8bb9-4158-a4d7-ada9eb729037, raftlog=32a164c3-8bb9-4158-a4d7-ada9eb729037@group-4CC069B2961E-SegmentedRaftLog:OPENED:c3,f4,i4, conf=0: [32a164c3-8bb9-4158-a4d7-ada9eb729037:192.168.164.201:42866, 5fa7c213-d229-4dfb-b48e-377c0ca33348:192.168.164.201:37765, fa049fba-12b8-4e17-ac2d-38ea71bdd2ce:192.168.164.201:41821], old=null
2019-10-17 19:47:34,406 [32a164c3-8bb9-4158-a4d7-ada9eb729037@group-4CC069B2961E-LeaderElection47] INFO  impl.RaftServerImpl (RaftServerImpl.java:setRole(184)) - 32a164c3-8bb9-4158-a4d7-ada9eb729037@group-4CC069B2961E: changes role from CANDIDATE to FOLLOWER at term 24 for DISCOVERED_A_NEW_TERM
2019-10-17 19:47:34,406 [32a164c3-8bb9-4158-a4d7-ada9eb729037@group-4CC069B2961E-LeaderElection47] INFO  impl.RoleInfo (RoleInfo.java:shutdownLeaderElection(134)) - 32a164c3-8bb9-4158-a4d7-ada9eb729037: shutdown LeaderElection
2019-10-17 19:47:34,406 [32a164c3-8bb9-4158-a4d7-ada9eb729037@group-4CC069B2961E-LeaderElection47] INFO  impl.RoleInfo (RoleInfo.java:updateAndGet(143)) - 32a164c3-8bb9-4158-a4d7-ada9eb729037: start FollowerState
2019-10-17 19:47:34,439 [32a164c3-8bb9-4158-a4d7-ada9eb729037@group-8BD2F7455A0F-LeaderElection46] INFO  impl.LeaderElection (LeaderElection.java:askForVotes(178)) - 32a164c3-8bb9-4158-a4d7-ada9eb729037@group-8BD2F7455A0F-LeaderElection46: begin an election at term 10 for -1: [32a164c3-8bb9-4158-a4d7-ada9eb729037:192.168.164.201:42866, 5fa7c213-d229-4dfb-b48e-377c0ca33348:192.168.164.201:37765, fa049fba-12b8-4e17-ac2d-38ea71bdd2ce:192.168.164.201:41821], old=null
2019-10-17 19:47:34,441 [Thread-878] INFO  impl.FollowerState (FollowerState.java:run(108)) - 32a164c3-8bb9-4158-a4d7-ada9eb729037@group-4CC069B2961E-FollowerState: change to CANDIDATE, lastRpcTime:34ms, electionTimeout:34ms
2019-10-17 19:47:34,441 [Thread-878] INFO  impl.RoleInfo (RoleInfo.java:shutdownFollowerState(121)) - 32a164c3-8bb9-4158-a4d7-ada9eb729037: shutdown FollowerState
2019-10-17 19:47:34,441 [Thread-878] INFO  impl.RaftServerImpl (RaftServerImpl.java:setRole(184)) - 32a164c3-8bb9-4158-a4d7-ada9eb729037@group-4CC069B2961E: changes role from  FOLLOWER to CANDIDATE at term 24 for changeToCandidate
2019-10-17 19:47:34,441 [grpc-default-executor-7] INFO  impl.RaftServerImpl (RaftServerImpl.java:setRole(184)) - 5fa7c213-d229-4dfb-b48e-377c0ca33348@group-8BD2F7455A0F: changes role from  FOLLOWER to FOLLOWER at term 10 for recognizeCandidate:32a164c3-8bb9-4158-a4d7-ada9eb729037
2019-10-17 19:47:34,441 [grpc-default-executor-7] INFO  impl.RoleInfo (RoleInfo.java:shutdownFollowerState(121)) - 5fa7c213-d229-4dfb-b48e-377c0ca33348: shutdown FollowerState
2019-10-17 19:47:34,441 [grpc-default-executor-6] INFO  impl.RaftServerImpl (RaftServerImpl.java:setRole(184)) - fa049fba-12b8-4e17-ac2d-38ea71bdd2ce@group-8BD2F7455A0F: changes role from  FOLLOWER to FOLLOWER at term 10 for recognizeCandidate:32a164c3-8bb9-4158-a4d7-ada9eb729037
2019-10-17 19:47:34,441 [Thread-878] INFO  impl.RoleInfo (RoleInfo.java:updateAndGet(143)) - 32a164c3-8bb9-4158-a4d7-ada9eb729037: start LeaderElection
2019-10-17 19:47:34,442 [grpc-default-executor-6] INFO  impl.RoleInfo (RoleInfo.java:shutdownFollowerState(121)) - fa049fba-12b8-4e17-ac2d-38ea71bdd2ce: shutdown FollowerState
2019-10-17 19:47:34,442 [Thread-874] INFO  impl.FollowerState (FollowerState.java:run(117)) - 5fa7c213-d229-4dfb-b48e-377c0ca33348@group-8BD2F7455A0F-FollowerState was interrupted: java.lang.InterruptedException: sleep interrupted
2019-10-17 19:47:34,442 [grpc-default-executor-6] INFO  impl.RoleInfo (RoleInfo.java:updateAndGet(143)) - fa049fba-12b8-4e17-ac2d-38ea71bdd2ce: start FollowerState
2019-10-17 19:47:34,441 [grpc-default-executor-7] INFO  impl.RoleInfo (RoleInfo.java:updateAndGet(143)) - 5fa7c213-d229-4dfb-b48e-377c0ca33348: start FollowerState
2019-10-17 19:47:34,442 [Thread-875] INFO  impl.FollowerState (FollowerState.java:run(117)) - fa049fba-12b8-4e17-ac2d-38ea71bdd2ce@group-8BD2F7455A0F-FollowerState was interrupted: java.lang.InterruptedException: sleep interrupted
2019-10-17 19:47:34,464 [32a164c3-8bb9-4158-a4d7-ada9eb729037@group-4CC069B2961E-LeaderElection48] INFO  impl.LeaderElection (LeaderElection.java:askForVotes(178)) - 32a164c3-8bb9-4158-a4d7-ada9eb729037@group-4CC069B2961E-LeaderElection48: begin an election at term 25 for 0: [32a164c3-8bb9-4158-a4d7-ada9eb729037:192.168.164.201:42866, 5fa7c213-d229-4dfb-b48e-377c0ca33348:192.168.164.201:37765, fa049fba-12b8-4e17-ac2d-38ea71bdd2ce:192.168.164.201:41821], old=null
2019-10-17 19:47:34,465 [32a164c3-8bb9-4158-a4d7-ada9eb729037@group-8BD2F7455A0F-LeaderElection46] INFO  impl.LeaderElection (LeaderElection.java:logAndReturn(56)) - 32a164c3-8bb9-4158-a4d7-ada9eb729037@group-8BD2F7455A0F-LeaderElection46: Election REJECTED; received 2 response(s) [32a164c3-8bb9-4158-a4d7-ada9eb729037<-5fa7c213-d229-4dfb-b48e-377c0ca33348#0:FAIL-t10, 32a164c3-8bb9-4158-a4d7-ada9eb729037<-fa049fba-12b8-4e17-ac2d-38ea71bdd2ce#0:FAIL-t10] and 0 exception(s); 32a164c3-8bb9-4158-a4d7-ada9eb729037@group-8BD2F7455A0F:t10, leader=null, voted=32a164c3-8bb9-4158-a4d7-ada9eb729037, raftlog=32a164c3-8bb9-4158-a4d7-ada9eb729037@group-8BD2F7455A0F-SegmentedRaftLog:OPENED:c-1,f-1,i0, conf=-1: [32a164c3-8bb9-4158-a4d7-ada9eb729037:192.168.164.201:42866, 5fa7c213-d229-4dfb-b48e-377c0ca33348:192.168.164.201:37765, fa049fba-12b8-4e17-ac2d-38ea71bdd2ce:192.168.164.201:41821], old=null
2019-10-17 19:47:34,466 [32a164c3-8bb9-4158-a4d7-ada9eb729037@group-8BD2F7455A0F-LeaderElection46] INFO  impl.RaftServerImpl (RaftServerImpl.java:setRole(184)) - 32a164c3-8bb9-4158-a4d7-ada9eb729037@group-8BD2F7455A0F: changes role from CANDIDATE to FOLLOWER at term 10 for DISCOVERED_A_NEW_TERM
2019-10-17 19:47:34,466 [32a164c3-8bb9-4158-a4d7-ada9eb729037@group-8BD2F7455A0F-LeaderElection46] INFO  impl.RoleInfo (RoleInfo.java:shutdownLeaderElection(134)) - 32a164c3-8bb9-4158-a4d7-ada9eb729037: shutdown LeaderElection
2019-10-17 19:47:34,466 [32a164c3-8bb9-4158-a4d7-ada9eb729037@group-8BD2F7455A0F-LeaderElection46] INFO  impl.RoleInfo (RoleInfo.java:updateAndGet(143)) - 32a164c3-8bb9-4158-a4d7-ada9eb729037: start FollowerState
2019-10-17 19:47:34,466 [grpc-default-executor-7] INFO  impl.RaftServerImpl (RaftServerImpl.java:setRole(184)) - fa049fba-12b8-4e17-ac2d-38ea71bdd2ce@group-4CC069B2961E: changes role from  FOLLOWER to FOLLOWER at term 25 for recognizeCandidate:32a164c3-8bb9-4158-a4d7-ada9eb729037
2019-10-17 19:47:34,466 [grpc-default-executor-6] INFO  impl.RaftServerImpl (RaftServerImpl.java:setRole(184)) - 5fa7c213-d229-4dfb-b48e-377c0ca33348@group-4CC069B2961E: changes role from  FOLLOWER to FOLLOWER at term 25 for recognizeCandidate:32a164c3-8bb9-4158-a4d7-ada9eb729037
2019-10-17 19:47:34,466 [grpc-default-executor-7] INFO  impl.RoleInfo (RoleInfo.java:shutdownFollowerState(121)) - fa049fba-12b8-4e17-ac2d-38ea71bdd2ce: shutdown FollowerState
2019-10-17 19:47:34,466 [grpc-default-executor-6] INFO  impl.RoleInfo (RoleInfo.java:shutdownFollowerState(121)) - 5fa7c213-d229-4dfb-b48e-377c0ca33348: shutdown FollowerState
2019-10-17 19:47:34,466 [grpc-default-executor-7] INFO  impl.RoleInfo (RoleInfo.java:updateAndGet(143)) - fa049fba-12b8-4e17-ac2d-38ea71bdd2ce: start FollowerState
2019-10-17 19:47:34,467 [Thread-876] INFO  impl.FollowerState (FollowerState.java:run(117)) - 5fa7c213-d229-4dfb-b48e-377c0ca33348@group-4CC069B2961E-FollowerState was interrupted: java.lang.InterruptedException: sleep interrupted
2019-10-17 19:47:34,467 [grpc-default-executor-6] INFO  impl.RoleInfo (RoleInfo.java:updateAndGet(143)) - 5fa7c213-d229-4dfb-b48e-377c0ca33348: start FollowerState
2019-10-17 19:47:34,467 [Thread-877] INFO  impl.FollowerState (FollowerState.java:run(117)) - fa049fba-12b8-4e17-ac2d-38ea71bdd2ce@group-4CC069B2961E-FollowerState was interrupted: java.lang.InterruptedException: sleep interrupted
2019-10-17 19:47:34,487 [Thread-886] INFO  impl.FollowerState (FollowerState.java:run(108)) - 32a164c3-8bb9-4158-a4d7-ada9eb729037@group-8BD2F7455A0F-FollowerState: change to CANDIDATE, lastRpcTime:21ms, electionTimeout:21ms
2019-10-17 19:47:34,487 [Thread-886] INFO  impl.RoleInfo (RoleInfo.java:shutdownFollowerState(121)) - 32a164c3-8bb9-4158-a4d7-ada9eb729037: shutdown FollowerState
2019-10-17 19:47:34,488 [Thread-886] INFO  impl.RaftServerImpl (RaftServerImpl.java:setRole(184)) - 32a164c3-8bb9-4158-a4d7-ada9eb729037@group-8BD2F7455A0F: changes role from  FOLLOWER to CANDIDATE at term 10 for changeToCandidate
2019-10-17 19:47:34,488 [Thread-886] INFO  impl.RoleInfo (RoleInfo.java:updateAndGet(143)) - 32a164c3-8bb9-4158-a4d7-ada9eb729037: start LeaderElection
2019-10-17 19:47:34,490 [32a164c3-8bb9-4158-a4d7-ada9eb729037@group-4CC069B2961E-LeaderElection48] INFO  impl.LeaderElection (LeaderElection.java:logAndReturn(56)) - 32a164c3-8bb9-4158-a4d7-ada9eb729037@group-4CC069B2961E-LeaderElection48: Election REJECTED; received 2 response(s) [32a164c3-8bb9-4158-a4d7-ada9eb729037<-5fa7c213-d229-4dfb-b48e-377c0ca33348#0:FAIL-t25, 32a164c3-8bb9-4158-a4d7-ada9eb729037<-fa049fba-12b8-4e17-ac2d-38ea71bdd2ce#0:FAIL-t25] and 0 exception(s); 32a164c3-8bb9-4158-a4d7-ada9eb729037@group-4CC069B2961E:t25, leader=null, voted=32a164c3-8bb9-4158-a4d7-ada9eb729037, raftlog=32a164c3-8bb9-4158-a4d7-ada9eb729037@group-4CC069B2961E-SegmentedRaftLog:OPENED:c3,f4,i4, conf=0: [32a164c3-8bb9-4158-a4d7-ada9eb729037:192.168.164.201:42866, 5fa7c213-d229-4dfb-b48e-377c0ca33348:192.168.164.201:37765, fa049fba-12b8-4e17-ac2d-38ea71bdd2ce:192.168.164.201:41821], old=null
2019-10-17 19:47:34,491 [32a164c3-8bb9-4158-a4d7-ada9eb729037@group-4CC069B2961E-LeaderElection48] INFO  impl.RaftServerImpl (RaftServerImpl.java:setRole(184)) - 32a164c3-8bb9-4158-a4d7-ada9eb729037@group-4CC069B2961E: changes role from CANDIDATE to FOLLOWER at term 25 for DISCOVERED_A_NEW_TERM
2019-10-17 19:47:34,491 [32a164c3-8bb9-4158-a4d7-ada9eb729037@group-4CC069B2961E-LeaderElection48] INFO  impl.RoleInfo (RoleInfo.java:shutdownLeaderElection(134)) - 32a164c3-8bb9-4158-a4d7-ada9eb729037: shutdown LeaderElection
2019-10-17 19:47:34,491 [32a164c3-8bb9-4158-a4d7-ada9eb729037@group-4CC069B2961E-LeaderElection48] INFO  impl.RoleInfo (RoleInfo.java:updateAndGet(143)) - 32a164c3-8bb9-4158-a4d7-ada9eb729037: start FollowerState
2019-10-17 19:47:34,515 [32a164c3-8bb9-4158-a4d7-ada9eb729037@group-8BD2F7455A0F-LeaderElection49] INFO  impl.LeaderElection (LeaderElection.java:askForVotes(178)) - 32a164c3-8bb9-4158-a4d7-ada9eb729037@group-8BD2F7455A0F-LeaderElection49: begin an election at term 11 for -1: [32a164c3-8bb9-4158-a4d7-ada9eb729037:192.168.164.201:42866, 5fa7c213-d229-4dfb-b48e-377c0ca33348:192.168.164.201:37765, fa049fba-12b8-4e17-ac2d-38ea71bdd2ce:192.168.164.201:41821], old=null
2019-10-17 19:47:34,518 [grpc-default-executor-6] INFO  impl.RaftServerImpl (RaftServerImpl.java:setRole(184)) - 5fa7c213-d229-4dfb-b48e-377c0ca33348@group-8BD2F7455A0F: changes role from  FOLLOWER to FOLLOWER at term 11 for recognizeCandidate:32a164c3-8bb9-4158-a4d7-ada9eb729037
2019-10-17 19:47:34,518 [grpc-default-executor-6] INFO  impl.RoleInfo (RoleInfo.java:shutdownFollowerState(121)) - 5fa7c213-d229-4dfb-b48e-377c0ca33348: shutdown FollowerState
2019-10-17 19:47:34,518 [grpc-default-executor-6] INFO  impl.RoleInfo (RoleInfo.java:updateAndGet(143)) - 5fa7c213-d229-4dfb-b48e-377c0ca33348: start FollowerState
2019-10-17 19:47:34,518 [grpc-default-executor-7] INFO  impl.RaftServerImpl (RaftServerImpl.java:setRole(184)) - fa049fba-12b8-4e17-ac2d-38ea71bdd2ce@group-8BD2F7455A0F: changes role from  FOLLOWER to FOLLOWER at term 11 for recognizeCandidate:32a164c3-8bb9-4158-a4d7-ada9eb729037
2019-10-17 19:47:34,518 [grpc-default-executor-7] INFO  impl.RoleInfo (RoleInfo.java:shutdownFollowerState(121)) - fa049fba-12b8-4e17-ac2d-38ea71bdd2ce: shutdown FollowerState
2019-10-17 19:47:34,518 [Thread-882] INFO  impl.FollowerState (FollowerState.java:run(117)) - 5fa7c213-d229-4dfb-b48e-377c0ca33348@group-8BD2F7455A0F-FollowerState was interrupted: java.lang.InterruptedException: sleep interrupted
2019-10-17 19:47:34,518 [Thread-883] INFO  impl.FollowerState (FollowerState.java:run(117)) - fa049fba-12b8-4e17-ac2d-38ea71bdd2ce@group-8BD2F7455A0F-FollowerState was interrupted: java.lang.InterruptedException: sleep interrupted
2019-10-17 19:47:34,518 [grpc-default-executor-7] INFO  impl.RoleInfo (RoleInfo.java:updateAndGet(143)) - fa049fba-12b8-4e17-ac2d-38ea71bdd2ce: start FollowerState
2019-10-17 19:47:34,539 [EventQueue-DeleteBlockStatusForDeletedBlockLogImpl] WARN  block.DeletedBlockLogImpl (DeletedBlockLogImpl.java:commitTransactions(205)) - Transaction txId=1 commit by dnId=32a164c3-8bb9-4158-a4d7-ada9eb729037 for containerID=#1 failed. Corresponding entry not found.
2019-10-17 19:47:34,539 [EventQueue-DeleteBlockStatusForDeletedBlockLogImpl] WARN  block.DeletedBlockLogImpl (DeletedBlockLogImpl.java:commitTransactions(205)) - Transaction txId=1 commit by dnId=32a164c3-8bb9-4158-a4d7-ada9eb729037 for containerID=#1 failed. Corresponding entry not found.
2019-10-17 19:47:34,539 [EventQueue-DeleteBlockStatusForDeletedBlockLogImpl] WARN  block.DeletedBlockLogImpl (DeletedBlockLogImpl.java:commitTransactions(205)) - Transaction txId=1 commit by dnId=32a164c3-8bb9-4158-a4d7-ada9eb729037 for containerID=#1 failed. Corresponding entry not found.
2019-10-17 19:47:34,539 [EventQueue-DeleteBlockStatusForDeletedBlockLogImpl] WARN  block.DeletedBlockLogImpl (DeletedBlockLogImpl.java:commitTransactions(205)) - Transaction txId=1 commit by dnId=32a164c3-8bb9-4158-a4d7-ada9eb729037 for containerID=#1 failed. Corresponding entry not found.
2019-10-17 19:47:34,540 [EventQueue-DeleteBlockStatusForDeletedBlockLogImpl] WARN  block.DeletedBlockLogImpl (DeletedBlockLogImpl.java:commitTransactions(205)) - Transaction txId=1 commit by dnId=32a164c3-8bb9-4158-a4d7-ada9eb729037 for containerID=#1 failed. Corresponding entry not found.
2019-10-17 19:47:34,540 [EventQueue-DeleteBlockStatusForDeletedBlockLogImpl] WARN  block.DeletedBlockLogImpl (DeletedBlockLogImpl.java:commitTransactions(205)) - Transaction txId=1 commit by dnId=32a164c3-8bb9-4158-a4d7-ada9eb729037 for containerID=#1 failed. Corresponding entry not found.
2019-10-17 19:47:34,542 [32a164c3-8bb9-4158-a4d7-ada9eb729037@group-8BD2F7455A0F-LeaderElection49] INFO  impl.LeaderElection (LeaderElection.java:logAndReturn(56)) - 32a164c3-8bb9-4158-a4d7-ada9eb729037@group-8BD2F7455A0F-LeaderElection49: Election REJECTED; received 2 response(s) [32a164c3-8bb9-4158-a4d7-ada9eb729037<-5fa7c213-d229-4dfb-b48e-377c0ca33348#0:FAIL-t11, 32a164c3-8bb9-4158-a4d7-ada9eb729037<-fa049fba-12b8-4e17-ac2d-38ea71bdd2ce#0:FAIL-t11] and 0 exception(s); 32a164c3-8bb9-4158-a4d7-ada9eb729037@group-8BD2F7455A0F:t11, leader=null, voted=32a164c3-8bb9-4158-a4d7-ada9eb729037, raftlog=32a164c3-8bb9-4158-a4d7-ada9eb729037@group-8BD2F7455A0F-SegmentedRaftLog:OPENED:c-1,f-1,i0, conf=-1: [32a164c3-8bb9-4158-a4d7-ada9eb729037:192.168.164.201:42866, 5fa7c213-d229-4dfb-b48e-377c0ca33348:192.168.164.201:37765, fa049fba-12b8-4e17-ac2d-38ea71bdd2ce:192.168.164.201:41821], old=null
2019-10-17 19:47:34,542 [32a164c3-8bb9-4158-a4d7-ada9eb729037@group-8BD2F7455A0F-LeaderElection49] INFO  impl.RaftServerImpl (RaftServerImpl.java:setRole(184)) - 32a164c3-8bb9-4158-a4d7-ada9eb729037@group-8BD2F7455A0F: changes role from CANDIDATE to FOLLOWER at term 11 for DISCOVERED_A_NEW_TERM
2019-10-17 19:47:34,542 [32a164c3-8bb9-4158-a4d7-ada9eb729037@group-8BD2F7455A0F-LeaderElection49] INFO  impl.RoleInfo (RoleInfo.java:shutdownLeaderElection(134)) - 32a164c3-8bb9-4158-a4d7-ada9eb729037: shutdown LeaderElection
2019-10-17 19:47:34,542 [32a164c3-8bb9-4158-a4d7-ada9eb729037@group-8BD2F7455A0F-LeaderElection49] INFO  impl.RoleInfo (RoleInfo.java:updateAndGet(143)) - 32a164c3-8bb9-4158-a4d7-ada9eb729037: start FollowerState
2019-10-17 19:47:34,657 [Thread-890] INFO  impl.FollowerState (FollowerState.java:run(108)) - 32a164c3-8bb9-4158-a4d7-ada9eb729037@group-4CC069B2961E-FollowerState: change to CANDIDATE, lastRpcTime:166ms, electionTimeout:166ms
2019-10-17 19:47:34,657 [Thread-890] INFO  impl.RoleInfo (RoleInfo.java:shutdownFollowerState(121)) - 32a164c3-8bb9-4158-a4d7-ada9eb729037: shutdown FollowerState
2019-10-17 19:47:34,657 [Thread-890] INFO  impl.RaftServerImpl (RaftServerImpl.java:setRole(184)) - 32a164c3-8bb9-4158-a4d7-ada9eb729037@group-4CC069B2961E: changes role from  FOLLOWER to CANDIDATE at term 25 for changeToCandidate
2019-10-17 19:47:34,658 [Thread-890] INFO  impl.RoleInfo (RoleInfo.java:updateAndGet(143)) - 32a164c3-8bb9-4158-a4d7-ada9eb729037: start LeaderElection
2019-10-17 19:47:34,699 [32a164c3-8bb9-4158-a4d7-ada9eb729037@group-4CC069B2961E-LeaderElection50] INFO  impl.LeaderElection (LeaderElection.java:askForVotes(178)) - 32a164c3-8bb9-4158-a4d7-ada9eb729037@group-4CC069B2961E-LeaderElection50: begin an election at term 26 for 0: [32a164c3-8bb9-4158-a4d7-ada9eb729037:192.168.164.201:42866, 5fa7c213-d229-4dfb-b48e-377c0ca33348:192.168.164.201:37765, fa049fba-12b8-4e17-ac2d-38ea71bdd2ce:192.168.164.201:41821], old=null
2019-10-17 19:47:34,702 [grpc-default-executor-6] INFO  impl.RaftServerImpl (RaftServerImpl.java:setRole(184)) - 5fa7c213-d229-4dfb-b48e-377c0ca33348@group-4CC069B2961E: changes role from  FOLLOWER to FOLLOWER at term 26 for recognizeCandidate:32a164c3-8bb9-4158-a4d7-ada9eb729037
2019-10-17 19:47:34,703 [grpc-default-executor-6] INFO  impl.RoleInfo (RoleInfo.java:shutdownFollowerState(121)) - 5fa7c213-d229-4dfb-b48e-377c0ca33348: shutdown FollowerState
2019-10-17 19:47:34,703 [grpc-default-executor-7] INFO  impl.RaftServerImpl (RaftServerImpl.java:setRole(184)) - fa049fba-12b8-4e17-ac2d-38ea71bdd2ce@group-4CC069B2961E: changes role from  FOLLOWER to FOLLOWER at term 26 for recognizeCandidate:32a164c3-8bb9-4158-a4d7-ada9eb729037
2019-10-17 19:47:34,703 [Thread-888] INFO  impl.FollowerState (FollowerState.java:run(117)) - 5fa7c213-d229-4dfb-b48e-377c0ca33348@group-4CC069B2961E-FollowerState was interrupted: java.lang.InterruptedException: sleep interrupted
2019-10-17 19:47:34,703 [grpc-default-executor-6] INFO  impl.RoleInfo (RoleInfo.java:updateAndGet(143)) - 5fa7c213-d229-4dfb-b48e-377c0ca33348: start FollowerState
2019-10-17 19:47:34,703 [grpc-default-executor-7] INFO  impl.RoleInfo (RoleInfo.java:shutdownFollowerState(121)) - fa049fba-12b8-4e17-ac2d-38ea71bdd2ce: shutdown FollowerState
2019-10-17 19:47:34,704 [grpc-default-executor-7] INFO  impl.RoleInfo (RoleInfo.java:updateAndGet(143)) - fa049fba-12b8-4e17-ac2d-38ea71bdd2ce: start FollowerState
2019-10-17 19:47:34,704 [Thread-887] INFO  impl.FollowerState (FollowerState.java:run(117)) - fa049fba-12b8-4e17-ac2d-38ea71bdd2ce@group-4CC069B2961E-FollowerState was interrupted: java.lang.InterruptedException: sleep interrupted
2019-10-17 19:47:34,724 [Thread-895] INFO  impl.FollowerState (FollowerState.java:run(108)) - 32a164c3-8bb9-4158-a4d7-ada9eb729037@group-8BD2F7455A0F-FollowerState: change to CANDIDATE, lastRpcTime:182ms, electionTimeout:182ms
2019-10-17 19:47:34,725 [Thread-895] INFO  impl.RoleInfo (RoleInfo.java:shutdownFollowerState(121)) - 32a164c3-8bb9-4158-a4d7-ada9eb729037: shutdown FollowerState
2019-10-17 19:47:34,725 [Thread-895] INFO  impl.RaftServerImpl (RaftServerImpl.java:setRole(184)) - 32a164c3-8bb9-4158-a4d7-ada9eb729037@group-8BD2F7455A0F: changes role from  FOLLOWER to CANDIDATE at term 11 for changeToCandidate
2019-10-17 19:47:34,727 [Thread-895] INFO  impl.RoleInfo (RoleInfo.java:updateAndGet(143)) - 32a164c3-8bb9-4158-a4d7-ada9eb729037: start LeaderElection
2019-10-17 19:47:34,735 [32a164c3-8bb9-4158-a4d7-ada9eb729037@group-4CC069B2961E-LeaderElection50] INFO  impl.LeaderElection (LeaderElection.java:logAndReturn(56)) - 32a164c3-8bb9-4158-a4d7-ada9eb729037@group-4CC069B2961E-LeaderElection50: Election TIMEOUT; received 1 response(s) [32a164c3-8bb9-4158-a4d7-ada9eb729037<-fa049fba-12b8-4e17-ac2d-38ea71bdd2ce#0:FAIL-t26] and 0 exception(s); 32a164c3-8bb9-4158-a4d7-ada9eb729037@group-4CC069B2961E:t26, leader=null, voted=32a164c3-8bb9-4158-a4d7-ada9eb729037, raftlog=32a164c3-8bb9-4158-a4d7-ada9eb729037@group-4CC069B2961E-SegmentedRaftLog:OPENED:c3,f4,i4, conf=0: [32a164c3-8bb9-4158-a4d7-ada9eb729037:192.168.164.201:42866, 5fa7c213-d229-4dfb-b48e-377c0ca33348:192.168.164.201:37765, fa049fba-12b8-4e17-ac2d-38ea71bdd2ce:192.168.164.201:41821], old=null
2019-10-17 19:47:34,753 [32a164c3-8bb9-4158-a4d7-ada9eb729037@group-8BD2F7455A0F-LeaderElection51] INFO  impl.LeaderElection (LeaderElection.java:askForVotes(178)) - 32a164c3-8bb9-4158-a4d7-ada9eb729037@group-8BD2F7455A0F-LeaderElection51: begin an election at term 12 for -1: [32a164c3-8bb9-4158-a4d7-ada9eb729037:192.168.164.201:42866, 5fa7c213-d229-4dfb-b48e-377c0ca33348:192.168.164.201:37765, fa049fba-12b8-4e17-ac2d-38ea71bdd2ce:192.168.164.201:41821], old=null
2019-10-17 19:47:34,753 [32a164c3-8bb9-4158-a4d7-ada9eb729037@group-4CC069B2961E-LeaderElection50] INFO  impl.LeaderElection (LeaderElection.java:askForVotes(178)) - 32a164c3-8bb9-4158-a4d7-ada9eb729037@group-4CC069B2961E-LeaderElection50: begin an election at term 27 for 0: [32a164c3-8bb9-4158-a4d7-ada9eb729037:192.168.164.201:42866, 5fa7c213-d229-4dfb-b48e-377c0ca33348:192.168.164.201:37765, fa049fba-12b8-4e17-ac2d-38ea71bdd2ce:192.168.164.201:41821], old=null
2019-10-17 19:47:34,769 [grpc-default-executor-7] INFO  impl.RaftServerImpl (RaftServerImpl.java:setRole(184)) - 5fa7c213-d229-4dfb-b48e-377c0ca33348@group-4CC069B2961E: changes role from  FOLLOWER to FOLLOWER at term 27 for recognizeCandidate:32a164c3-8bb9-4158-a4d7-ada9eb729037
2019-10-17 19:47:34,769 [grpc-default-executor-0] INFO  impl.RaftServerImpl (RaftServerImpl.java:setRole(184)) - 5fa7c213-d229-4dfb-b48e-377c0ca33348@group-8BD2F7455A0F: changes role from  FOLLOWER to FOLLOWER at term 12 for recognizeCandidate:32a164c3-8bb9-4158-a4d7-ada9eb729037
2019-10-17 19:47:34,770 [grpc-default-executor-3] INFO  impl.RaftServerImpl (RaftServerImpl.java:setRole(184)) - fa049fba-12b8-4e17-ac2d-38ea71bdd2ce@group-4CC069B2961E: changes role from  FOLLOWER to FOLLOWER at term 27 for recognizeCandidate:32a164c3-8bb9-4158-a4d7-ada9eb729037
2019-10-17 19:47:34,769 [grpc-default-executor-7] INFO  impl.RoleInfo (RoleInfo.java:shutdownFollowerState(121)) - 5fa7c213-d229-4dfb-b48e-377c0ca33348: shutdown FollowerState
2019-10-17 19:47:34,769 [grpc-default-executor-6] INFO  impl.RaftServerImpl (RaftServerImpl.java:setRole(184)) - fa049fba-12b8-4e17-ac2d-38ea71bdd2ce@group-8BD2F7455A0F: changes role from  FOLLOWER to FOLLOWER at term 12 for recognizeCandidate:32a164c3-8bb9-4158-a4d7-ada9eb729037
2019-10-17 19:47:34,770 [Thread-899] INFO  impl.FollowerState (FollowerState.java:run(117)) - 5fa7c213-d229-4dfb-b48e-377c0ca33348@group-4CC069B2961E-FollowerState was interrupted: java.lang.InterruptedException: sleep interrupted
2019-10-17 19:47:34,770 [grpc-default-executor-7] INFO  impl.RoleInfo (RoleInfo.java:updateAndGet(143)) - 5fa7c213-d229-4dfb-b48e-377c0ca33348: start FollowerState
2019-10-17 19:47:34,770 [grpc-default-executor-3] INFO  impl.RoleInfo (RoleInfo.java:shutdownFollowerState(121)) - fa049fba-12b8-4e17-ac2d-38ea71bdd2ce: shutdown FollowerState
2019-10-17 19:47:34,770 [grpc-default-executor-0] INFO  impl.RoleInfo (RoleInfo.java:shutdownFollowerState(121)) - 5fa7c213-d229-4dfb-b48e-377c0ca33348: shutdown FollowerState
2019-10-17 19:47:34,771 [Thread-900] INFO  impl.FollowerState (FollowerState.java:run(117)) - fa049fba-12b8-4e17-ac2d-38ea71bdd2ce@group-4CC069B2961E-FollowerState was interrupted: java.lang.InterruptedException: sleep interrupted
2019-10-17 19:47:34,771 [grpc-default-executor-3] INFO  impl.RoleInfo (RoleInfo.java:updateAndGet(143)) - fa049fba-12b8-4e17-ac2d-38ea71bdd2ce: start FollowerState
2019-10-17 19:47:34,770 [grpc-default-executor-6] INFO  impl.RoleInfo (RoleInfo.java:shutdownFollowerState(121)) - fa049fba-12b8-4e17-ac2d-38ea71bdd2ce: shutdown FollowerState
2019-10-17 19:47:34,771 [Thread-893] INFO  impl.FollowerState (FollowerState.java:run(117)) - 5fa7c213-d229-4dfb-b48e-377c0ca33348@group-8BD2F7455A0F-FollowerState was interrupted: java.lang.InterruptedException: sleep interrupted
2019-10-17 19:47:34,771 [grpc-default-executor-0] INFO  impl.RoleInfo (RoleInfo.java:updateAndGet(143)) - 5fa7c213-d229-4dfb-b48e-377c0ca33348: start FollowerState
2019-10-17 19:47:34,772 [Thread-894] INFO  impl.FollowerState (FollowerState.java:run(117)) - fa049fba-12b8-4e17-ac2d-38ea71bdd2ce@group-8BD2F7455A0F-FollowerState was interrupted: java.lang.InterruptedException: sleep interrupted
2019-10-17 19:47:34,772 [grpc-default-executor-6] INFO  impl.RoleInfo (RoleInfo.java:updateAndGet(143)) - fa049fba-12b8-4e17-ac2d-38ea71bdd2ce: start FollowerState
2019-10-17 19:47:34,775 [32a164c3-8bb9-4158-a4d7-ada9eb729037@group-8BD2F7455A0F-LeaderElection51] INFO  impl.LeaderElection (LeaderElection.java:logAndReturn(56)) - 32a164c3-8bb9-4158-a4d7-ada9eb729037@group-8BD2F7455A0F-LeaderElection51: Election TIMEOUT; received 0 response(s) [] and 0 exception(s); 32a164c3-8bb9-4158-a4d7-ada9eb729037@group-8BD2F7455A0F:t12, leader=null, voted=32a164c3-8bb9-4158-a4d7-ada9eb729037, raftlog=32a164c3-8bb9-4158-a4d7-ada9eb729037@group-8BD2F7455A0F-SegmentedRaftLog:OPENED:c-1,f-1,i0, conf=-1: [32a164c3-8bb9-4158-a4d7-ada9eb729037:192.168.164.201:42866, 5fa7c213-d229-4dfb-b48e-377c0ca33348:192.168.164.201:37765, fa049fba-12b8-4e17-ac2d-38ea71bdd2ce:192.168.164.201:41821], old=null
2019-10-17 19:47:34,801 [32a164c3-8bb9-4158-a4d7-ada9eb729037@group-8BD2F7455A0F-LeaderElection51] INFO  impl.LeaderElection (LeaderElection.java:askForVotes(178)) - 32a164c3-8bb9-4158-a4d7-ada9eb729037@group-8BD2F7455A0F-LeaderElection51: begin an election at term 13 for -1: [32a164c3-8bb9-4158-a4d7-ada9eb729037:192.168.164.201:42866, 5fa7c213-d229-4dfb-b48e-377c0ca33348:192.168.164.201:37765, fa049fba-12b8-4e17-ac2d-38ea71bdd2ce:192.168.164.201:41821], old=null
2019-10-17 19:47:34,803 [32a164c3-8bb9-4158-a4d7-ada9eb729037@group-4CC069B2961E-LeaderElection50] INFO  impl.LeaderElection (LeaderElection.java:logAndReturn(56)) - 32a164c3-8bb9-4158-a4d7-ada9eb729037@group-4CC069B2961E-LeaderElection50: Election REJECTED; received 2 response(s) [32a164c3-8bb9-4158-a4d7-ada9eb729037<-5fa7c213-d229-4dfb-b48e-377c0ca33348#0:FAIL-t27, 32a164c3-8bb9-4158-a4d7-ada9eb729037<-fa049fba-12b8-4e17-ac2d-38ea71bdd2ce#0:FAIL-t27] and 0 exception(s); 32a164c3-8bb9-4158-a4d7-ada9eb729037@group-4CC069B2961E:t27, leader=null, voted=32a164c3-8bb9-4158-a4d7-ada9eb729037, raftlog=32a164c3-8bb9-4158-a4d7-ada9eb729037@group-4CC069B2961E-SegmentedRaftLog:OPENED:c3,f4,i4, conf=0: [32a164c3-8bb9-4158-a4d7-ada9eb729037:192.168.164.201:42866, 5fa7c213-d229-4dfb-b48e-377c0ca33348:192.168.164.201:37765, fa049fba-12b8-4e17-ac2d-38ea71bdd2ce:192.168.164.201:41821], old=null
2019-10-17 19:47:34,803 [32a164c3-8bb9-4158-a4d7-ada9eb729037@group-4CC069B2961E-LeaderElection50] INFO  impl.RaftServerImpl (RaftServerImpl.java:setRole(184)) - 32a164c3-8bb9-4158-a4d7-ada9eb729037@group-4CC069B2961E: changes role from CANDIDATE to FOLLOWER at term 27 for DISCOVERED_A_NEW_TERM
2019-10-17 19:47:34,803 [32a164c3-8bb9-4158-a4d7-ada9eb729037@group-4CC069B2961E-LeaderElection50] INFO  impl.RoleInfo (RoleInfo.java:shutdownLeaderElection(134)) - 32a164c3-8bb9-4158-a4d7-ada9eb729037: shutdown LeaderElection
2019-10-17 19:47:34,803 [32a164c3-8bb9-4158-a4d7-ada9eb729037@group-4CC069B2961E-LeaderElection50] INFO  impl.RoleInfo (RoleInfo.java:updateAndGet(143)) - 32a164c3-8bb9-4158-a4d7-ada9eb729037: start FollowerState
2019-10-17 19:47:34,804 [grpc-default-executor-3] INFO  impl.RaftServerImpl (RaftServerImpl.java:setRole(184)) - 5fa7c213-d229-4dfb-b48e-377c0ca33348@group-8BD2F7455A0F: changes role from  FOLLOWER to FOLLOWER at term 13 for recognizeCandidate:32a164c3-8bb9-4158-a4d7-ada9eb729037
2019-10-17 19:47:34,804 [grpc-default-executor-0] INFO  impl.RaftServerImpl (RaftServerImpl.java:setRole(184)) - fa049fba-12b8-4e17-ac2d-38ea71bdd2ce@group-8BD2F7455A0F: changes role from  FOLLOWER to FOLLOWER at term 13 for recognizeCandidate:32a164c3-8bb9-4158-a4d7-ada9eb729037
2019-10-17 19:47:34,804 [grpc-default-executor-3] INFO  impl.RoleInfo (RoleInfo.java:shutdownFollowerState(121)) - 5fa7c213-d229-4dfb-b48e-377c0ca33348: shutdown FollowerState
2019-10-17 19:47:34,804 [grpc-default-executor-0] INFO  impl.RoleInfo (RoleInfo.java:shutdownFollowerState(121)) - fa049fba-12b8-4e17-ac2d-38ea71bdd2ce: shutdown FollowerState
2019-10-17 19:47:34,804 [Thread-908] INFO  impl.FollowerState (FollowerState.java:run(117)) - 5fa7c213-d229-4dfb-b48e-377c0ca33348@group-8BD2F7455A0F-FollowerState was interrupted: java.lang.InterruptedException: sleep interrupted
2019-10-17 19:47:34,804 [grpc-default-executor-3] INFO  impl.RoleInfo (RoleInfo.java:updateAndGet(143)) - 5fa7c213-d229-4dfb-b48e-377c0ca33348: start FollowerState
2019-10-17 19:47:34,804 [Thread-909] INFO  impl.FollowerState (FollowerState.java:run(117)) - fa049fba-12b8-4e17-ac2d-38ea71bdd2ce@group-8BD2F7455A0F-FollowerState was interrupted: java.lang.InterruptedException: sleep interrupted
2019-10-17 19:47:34,804 [grpc-default-executor-0] INFO  impl.RoleInfo (RoleInfo.java:updateAndGet(143)) - fa049fba-12b8-4e17-ac2d-38ea71bdd2ce: start FollowerState
2019-10-17 19:47:34,827 [32a164c3-8bb9-4158-a4d7-ada9eb729037@group-8BD2F7455A0F-LeaderElection51] INFO  impl.LeaderElection (LeaderElection.java:logAndReturn(56)) - 32a164c3-8bb9-4158-a4d7-ada9eb729037@group-8BD2F7455A0F-LeaderElection51: Election REJECTED; received 2 response(s) [32a164c3-8bb9-4158-a4d7-ada9eb729037<-5fa7c213-d229-4dfb-b48e-377c0ca33348#0:FAIL-t13, 32a164c3-8bb9-4158-a4d7-ada9eb729037<-fa049fba-12b8-4e17-ac2d-38ea71bdd2ce#0:FAIL-t13] and 0 exception(s); 32a164c3-8bb9-4158-a4d7-ada9eb729037@group-8BD2F7455A0F:t13, leader=null, voted=32a164c3-8bb9-4158-a4d7-ada9eb729037, raftlog=32a164c3-8bb9-4158-a4d7-ada9eb729037@group-8BD2F7455A0F-SegmentedRaftLog:OPENED:c-1,f-1,i0, conf=-1: [32a164c3-8bb9-4158-a4d7-ada9eb729037:192.168.164.201:42866, 5fa7c213-d229-4dfb-b48e-377c0ca33348:192.168.164.201:37765, fa049fba-12b8-4e17-ac2d-38ea71bdd2ce:192.168.164.201:41821], old=null
2019-10-17 19:47:34,827 [32a164c3-8bb9-4158-a4d7-ada9eb729037@group-8BD2F7455A0F-LeaderElection51] INFO  impl.RaftServerImpl (RaftServerImpl.java:setRole(184)) - 32a164c3-8bb9-4158-a4d7-ada9eb729037@group-8BD2F7455A0F: changes role from CANDIDATE to FOLLOWER at term 13 for DISCOVERED_A_NEW_TERM
2019-10-17 19:47:34,828 [32a164c3-8bb9-4158-a4d7-ada9eb729037@group-8BD2F7455A0F-LeaderElection51] INFO  impl.RoleInfo (RoleInfo.java:shutdownLeaderElection(134)) - 32a164c3-8bb9-4158-a4d7-ada9eb729037: shutdown LeaderElection
2019-10-17 19:47:34,828 [32a164c3-8bb9-4158-a4d7-ada9eb729037@group-8BD2F7455A0F-LeaderElection51] INFO  impl.RoleInfo (RoleInfo.java:updateAndGet(143)) - 32a164c3-8bb9-4158-a4d7-ada9eb729037: start FollowerState
2019-10-17 19:47:34,940 [Thread-912] INFO  impl.FollowerState (FollowerState.java:run(108)) - 32a164c3-8bb9-4158-a4d7-ada9eb729037@group-4CC069B2961E-FollowerState: change to CANDIDATE, lastRpcTime:136ms, electionTimeout:136ms
2019-10-17 19:47:34,940 [Thread-912] INFO  impl.RoleInfo (RoleInfo.java:shutdownFollowerState(121)) - 32a164c3-8bb9-4158-a4d7-ada9eb729037: shutdown FollowerState
2019-10-17 19:47:34,940 [Thread-912] INFO  impl.RaftServerImpl (RaftServerImpl.java:setRole(184)) - 32a164c3-8bb9-4158-a4d7-ada9eb729037@group-4CC069B2961E: changes role from  FOLLOWER to CANDIDATE at term 27 for changeToCandidate
2019-10-17 19:47:34,940 [Thread-912] INFO  impl.RoleInfo (RoleInfo.java:updateAndGet(143)) - 32a164c3-8bb9-4158-a4d7-ada9eb729037: start LeaderElection
2019-10-17 19:47:34,968 [32a164c3-8bb9-4158-a4d7-ada9eb729037@group-4CC069B2961E-LeaderElection52] INFO  impl.LeaderElection (LeaderElection.java:askForVotes(178)) - 32a164c3-8bb9-4158-a4d7-ada9eb729037@group-4CC069B2961E-LeaderElection52: begin an election at term 28 for 0: [32a164c3-8bb9-4158-a4d7-ada9eb729037:192.168.164.201:42866, 5fa7c213-d229-4dfb-b48e-377c0ca33348:192.168.164.201:37765, fa049fba-12b8-4e17-ac2d-38ea71bdd2ce:192.168.164.201:41821], old=null
2019-10-17 19:47:34,971 [grpc-default-executor-3] INFO  impl.RaftServerImpl (RaftServerImpl.java:setRole(184)) - 5fa7c213-d229-4dfb-b48e-377c0ca33348@group-4CC069B2961E: changes role from  FOLLOWER to FOLLOWER at term 28 for recognizeCandidate:32a164c3-8bb9-4158-a4d7-ada9eb729037
2019-10-17 19:47:34,971 [grpc-default-executor-3] INFO  impl.RoleInfo (RoleInfo.java:shutdownFollowerState(121)) - 5fa7c213-d229-4dfb-b48e-377c0ca33348: shutdown FollowerState
2019-10-17 19:47:34,971 [grpc-default-executor-0] INFO  impl.RaftServerImpl (RaftServerImpl.java:setRole(184)) - fa049fba-12b8-4e17-ac2d-38ea71bdd2ce@group-4CC069B2961E: changes role from  FOLLOWER to FOLLOWER at term 28 for recognizeCandidate:32a164c3-8bb9-4158-a4d7-ada9eb729037
2019-10-17 19:47:34,971 [grpc-default-executor-3] INFO  impl.RoleInfo (RoleInfo.java:updateAndGet(143)) - 5fa7c213-d229-4dfb-b48e-377c0ca33348: start FollowerState
2019-10-17 19:47:34,971 [Thread-906] INFO  impl.FollowerState (FollowerState.java:run(117)) - 5fa7c213-d229-4dfb-b48e-377c0ca33348@group-4CC069B2961E-FollowerState was interrupted: java.lang.InterruptedException: sleep interrupted
2019-10-17 19:47:34,971 [grpc-default-executor-0] INFO  impl.RoleInfo (RoleInfo.java:shutdownFollowerState(121)) - fa049fba-12b8-4e17-ac2d-38ea71bdd2ce: shutdown FollowerState
2019-10-17 19:47:34,974 [grpc-default-executor-0] INFO  impl.RoleInfo (RoleInfo.java:updateAndGet(143)) - fa049fba-12b8-4e17-ac2d-38ea71bdd2ce: start FollowerState
2019-10-17 19:47:34,974 [Thread-907] INFO  impl.FollowerState (FollowerState.java:run(117)) - fa049fba-12b8-4e17-ac2d-38ea71bdd2ce@group-4CC069B2961E-FollowerState was interrupted: java.lang.InterruptedException: sleep interrupted
2019-10-17 19:47:35,000 [BlockDeletingService#3] WARN  background.BlockDeletingService (BlockDeletingService.java:isDeletionAllowed(187)) - Close Container log Index 6 is not replicated across allthe servers in the pipeline adc40928-88ac-46dc-94be-4cc069b2961e as the min replicated index is 4. Deletion is not allowed in this container yet.
2019-10-17 19:47:35,000 [BlockDeletingService#2] WARN  background.BlockDeletingService (BlockDeletingService.java:isDeletionAllowed(187)) - Close Container log Index 6 is not replicated across allthe servers in the pipeline adc40928-88ac-46dc-94be-4cc069b2961e as the min replicated index is 4. Deletion is not allowed in this container yet.
2019-10-17 19:47:35,003 [32a164c3-8bb9-4158-a4d7-ada9eb729037@group-4CC069B2961E-LeaderElection52] INFO  impl.LeaderElection (LeaderElection.java:logAndReturn(56)) - 32a164c3-8bb9-4158-a4d7-ada9eb729037@group-4CC069B2961E-LeaderElection52: Election REJECTED; received 2 response(s) [32a164c3-8bb9-4158-a4d7-ada9eb729037<-5fa7c213-d229-4dfb-b48e-377c0ca33348#0:FAIL-t28, 32a164c3-8bb9-4158-a4d7-ada9eb729037<-fa049fba-12b8-4e17-ac2d-38ea71bdd2ce#0:FAIL-t28] and 0 exception(s); 32a164c3-8bb9-4158-a4d7-ada9eb729037@group-4CC069B2961E:t28, leader=null, voted=32a164c3-8bb9-4158-a4d7-ada9eb729037, raftlog=32a164c3-8bb9-4158-a4d7-ada9eb729037@group-4CC069B2961E-SegmentedRaftLog:OPENED:c3,f4,i4, conf=0: [32a164c3-8bb9-4158-a4d7-ada9eb729037:192.168.164.201:42866, 5fa7c213-d229-4dfb-b48e-377c0ca33348:192.168.164.201:37765, fa049fba-12b8-4e17-ac2d-38ea71bdd2ce:192.168.164.201:41821], old=null
2019-10-17 19:47:35,003 [32a164c3-8bb9-4158-a4d7-ada9eb729037@group-4CC069B2961E-LeaderElection52] INFO  impl.RaftServerImpl (RaftServerImpl.java:setRole(184)) - 32a164c3-8bb9-4158-a4d7-ada9eb729037@group-4CC069B2961E: changes role from CANDIDATE to FOLLOWER at term 28 for DISCOVERED_A_NEW_TERM
2019-10-17 19:47:35,003 [32a164c3-8bb9-4158-a4d7-ada9eb729037@group-4CC069B2961E-LeaderElection52] INFO  impl.RoleInfo (RoleInfo.java:shutdownLeaderElection(134)) - 32a164c3-8bb9-4158-a4d7-ada9eb729037: shutdown LeaderElection
2019-10-17 19:47:35,004 [32a164c3-8bb9-4158-a4d7-ada9eb729037@group-4CC069B2961E-LeaderElection52] INFO  impl.RoleInfo (RoleInfo.java:updateAndGet(143)) - 32a164c3-8bb9-4158-a4d7-ada9eb729037: start FollowerState
2019-10-17 19:47:35,018 [Thread-915] INFO  impl.FollowerState (FollowerState.java:run(108)) - 32a164c3-8bb9-4158-a4d7-ada9eb729037@group-8BD2F7455A0F-FollowerState: change to CANDIDATE, lastRpcTime:190ms, electionTimeout:190ms
2019-10-17 19:47:35,018 [Thread-915] INFO  impl.RoleInfo (RoleInfo.java:shutdownFollowerState(121)) - 32a164c3-8bb9-4158-a4d7-ada9eb729037: shutdown FollowerState
2019-10-17 19:47:35,019 [Thread-915] INFO  impl.RaftServerImpl (RaftServerImpl.java:setRole(184)) - 32a164c3-8bb9-4158-a4d7-ada9eb729037@group-8BD2F7455A0F: changes role from  FOLLOWER to CANDIDATE at term 13 for changeToCandidate
2019-10-17 19:47:35,019 [Thread-915] INFO  impl.RoleInfo (RoleInfo.java:updateAndGet(143)) - 32a164c3-8bb9-4158-a4d7-ada9eb729037: start LeaderElection
2019-10-17 19:47:35,044 [32a164c3-8bb9-4158-a4d7-ada9eb729037@group-8BD2F7455A0F-LeaderElection53] INFO  impl.LeaderElection (LeaderElection.java:askForVotes(178)) - 32a164c3-8bb9-4158-a4d7-ada9eb729037@group-8BD2F7455A0F-LeaderElection53: begin an election at term 14 for -1: [32a164c3-8bb9-4158-a4d7-ada9eb729037:192.168.164.201:42866, 5fa7c213-d229-4dfb-b48e-377c0ca33348:192.168.164.201:37765, fa049fba-12b8-4e17-ac2d-38ea71bdd2ce:192.168.164.201:41821], old=null
2019-10-17 19:47:35,046 [grpc-default-executor-3] INFO  impl.RaftServerImpl (RaftServerImpl.java:setRole(184)) - 5fa7c213-d229-4dfb-b48e-377c0ca33348@group-8BD2F7455A0F: changes role from  FOLLOWER to FOLLOWER at term 14 for recognizeCandidate:32a164c3-8bb9-4158-a4d7-ada9eb729037
2019-10-17 19:47:35,047 [grpc-default-executor-0] INFO  impl.RaftServerImpl (RaftServerImpl.java:setRole(184)) - fa049fba-12b8-4e17-ac2d-38ea71bdd2ce@group-8BD2F7455A0F: changes role from  FOLLOWER to FOLLOWER at term 14 for recognizeCandidate:32a164c3-8bb9-4158-a4d7-ada9eb729037
2019-10-17 19:47:35,047 [grpc-default-executor-0] INFO  impl.RoleInfo (RoleInfo.java:shutdownFollowerState(121)) - fa049fba-12b8-4e17-ac2d-38ea71bdd2ce: shutdown FollowerState
2019-10-17 19:47:35,047 [grpc-default-executor-3] INFO  impl.RoleInfo (RoleInfo.java:shutdownFollowerState(121)) - 5fa7c213-d229-4dfb-b48e-377c0ca33348: shutdown FollowerState
2019-10-17 19:47:35,047 [Thread-914] INFO  impl.FollowerState (FollowerState.java:run(117)) - fa049fba-12b8-4e17-ac2d-38ea71bdd2ce@group-8BD2F7455A0F-FollowerState was interrupted: java.lang.InterruptedException: sleep interrupted
2019-10-17 19:47:35,047 [grpc-default-executor-0] INFO  impl.RoleInfo (RoleInfo.java:updateAndGet(143)) - fa049fba-12b8-4e17-ac2d-38ea71bdd2ce: start FollowerState
2019-10-17 19:47:35,047 [Thread-913] INFO  impl.FollowerState (FollowerState.java:run(117)) - 5fa7c213-d229-4dfb-b48e-377c0ca33348@group-8BD2F7455A0F-FollowerState was interrupted: java.lang.InterruptedException: sleep interrupted
2019-10-17 19:47:35,047 [grpc-default-executor-3] INFO  impl.RoleInfo (RoleInfo.java:updateAndGet(143)) - 5fa7c213-d229-4dfb-b48e-377c0ca33348: start FollowerState
2019-10-17 19:47:35,071 [32a164c3-8bb9-4158-a4d7-ada9eb729037@group-8BD2F7455A0F-LeaderElection53] INFO  impl.LeaderElection (LeaderElection.java:logAndReturn(56)) - 32a164c3-8bb9-4158-a4d7-ada9eb729037@group-8BD2F7455A0F-LeaderElection53: Election REJECTED; received 2 response(s) [32a164c3-8bb9-4158-a4d7-ada9eb729037<-5fa7c213-d229-4dfb-b48e-377c0ca33348#0:FAIL-t14, 32a164c3-8bb9-4158-a4d7-ada9eb729037<-fa049fba-12b8-4e17-ac2d-38ea71bdd2ce#0:FAIL-t14] and 0 exception(s); 32a164c3-8bb9-4158-a4d7-ada9eb729037@group-8BD2F7455A0F:t14, leader=null, voted=32a164c3-8bb9-4158-a4d7-ada9eb729037, raftlog=32a164c3-8bb9-4158-a4d7-ada9eb729037@group-8BD2F7455A0F-SegmentedRaftLog:OPENED:c-1,f-1,i0, conf=-1: [32a164c3-8bb9-4158-a4d7-ada9eb729037:192.168.164.201:42866, 5fa7c213-d229-4dfb-b48e-377c0ca33348:192.168.164.201:37765, fa049fba-12b8-4e17-ac2d-38ea71bdd2ce:192.168.164.201:41821], old=null
2019-10-17 19:47:35,071 [32a164c3-8bb9-4158-a4d7-ada9eb729037@group-8BD2F7455A0F-LeaderElection53] INFO  impl.RaftServerImpl (RaftServerImpl.java:setRole(184)) - 32a164c3-8bb9-4158-a4d7-ada9eb729037@group-8BD2F7455A0F: changes role from CANDIDATE to FOLLOWER at term 14 for DISCOVERED_A_NEW_TERM
2019-10-17 19:47:35,071 [32a164c3-8bb9-4158-a4d7-ada9eb729037@group-8BD2F7455A0F-LeaderElection53] INFO  impl.RoleInfo (RoleInfo.java:shutdownLeaderElection(134)) - 32a164c3-8bb9-4158-a4d7-ada9eb729037: shutdown LeaderElection
2019-10-17 19:47:35,071 [32a164c3-8bb9-4158-a4d7-ada9eb729037@group-8BD2F7455A0F-LeaderElection53] INFO  impl.RoleInfo (RoleInfo.java:updateAndGet(143)) - 32a164c3-8bb9-4158-a4d7-ada9eb729037: start FollowerState
2019-10-17 19:47:35,091 [Thread-923] INFO  impl.FollowerState (FollowerState.java:run(108)) - 32a164c3-8bb9-4158-a4d7-ada9eb729037@group-4CC069B2961E-FollowerState: change to CANDIDATE, lastRpcTime:87ms, electionTimeout:87ms
2019-10-17 19:47:35,091 [Thread-923] INFO  impl.RoleInfo (RoleInfo.java:shutdownFollowerState(121)) - 32a164c3-8bb9-4158-a4d7-ada9eb729037: shutdown FollowerState
2019-10-17 19:47:35,091 [Thread-923] INFO  impl.RaftServerImpl (RaftServerImpl.java:setRole(184)) - 32a164c3-8bb9-4158-a4d7-ada9eb729037@group-4CC069B2961E: changes role from  FOLLOWER to CANDIDATE at term 28 for changeToCandidate
2019-10-17 19:47:35,091 [Thread-923] INFO  impl.RoleInfo (RoleInfo.java:updateAndGet(143)) - 32a164c3-8bb9-4158-a4d7-ada9eb729037: start LeaderElection
2019-10-17 19:47:35,120 [32a164c3-8bb9-4158-a4d7-ada9eb729037@group-4CC069B2961E-LeaderElection54] INFO  impl.LeaderElection (LeaderElection.java:askForVotes(178)) - 32a164c3-8bb9-4158-a4d7-ada9eb729037@group-4CC069B2961E-LeaderElection54: begin an election at term 29 for 0: [32a164c3-8bb9-4158-a4d7-ada9eb729037:192.168.164.201:42866, 5fa7c213-d229-4dfb-b48e-377c0ca33348:192.168.164.201:37765, fa049fba-12b8-4e17-ac2d-38ea71bdd2ce:192.168.164.201:41821], old=null
2019-10-17 19:47:35,122 [grpc-default-executor-0] INFO  impl.RaftServerImpl (RaftServerImpl.java:setRole(184)) - 5fa7c213-d229-4dfb-b48e-377c0ca33348@group-4CC069B2961E: changes role from  FOLLOWER to FOLLOWER at term 29 for recognizeCandidate:32a164c3-8bb9-4158-a4d7-ada9eb729037
2019-10-17 19:47:35,122 [grpc-default-executor-0] INFO  impl.RoleInfo (RoleInfo.java:shutdownFollowerState(121)) - 5fa7c213-d229-4dfb-b48e-377c0ca33348: shutdown FollowerState
2019-10-17 19:47:35,122 [grpc-default-executor-3] INFO  impl.RaftServerImpl (RaftServerImpl.java:setRole(184)) - fa049fba-12b8-4e17-ac2d-38ea71bdd2ce@group-4CC069B2961E: changes role from  FOLLOWER to FOLLOWER at term 29 for recognizeCandidate:32a164c3-8bb9-4158-a4d7-ada9eb729037
2019-10-17 19:47:35,123 [Thread-919] INFO  impl.FollowerState (FollowerState.java:run(117)) - 5fa7c213-d229-4dfb-b48e-377c0ca33348@group-4CC069B2961E-FollowerState was interrupted: java.lang.InterruptedException: sleep interrupted
2019-10-17 19:47:35,123 [grpc-default-executor-0] INFO  impl.RoleInfo (RoleInfo.java:updateAndGet(143)) - 5fa7c213-d229-4dfb-b48e-377c0ca33348: start FollowerState
2019-10-17 19:47:35,123 [grpc-default-executor-3] INFO  impl.RoleInfo (RoleInfo.java:shutdownFollowerState(121)) - fa049fba-12b8-4e17-ac2d-38ea71bdd2ce: shutdown FollowerState
2019-10-17 19:47:35,123 [grpc-default-executor-3] INFO  impl.RoleInfo (RoleInfo.java:updateAndGet(143)) - fa049fba-12b8-4e17-ac2d-38ea71bdd2ce: start FollowerState
2019-10-17 19:47:35,123 [Thread-920] INFO  impl.FollowerState (FollowerState.java:run(117)) - fa049fba-12b8-4e17-ac2d-38ea71bdd2ce@group-4CC069B2961E-FollowerState was interrupted: java.lang.InterruptedException: sleep interrupted
2019-10-17 19:47:35,139 [32a164c3-8bb9-4158-a4d7-ada9eb729037@group-4CC069B2961E-LeaderElection54] INFO  impl.LeaderElection (LeaderElection.java:logAndReturn(56)) - 32a164c3-8bb9-4158-a4d7-ada9eb729037@group-4CC069B2961E-LeaderElection54: Election REJECTED; received 2 response(s) [32a164c3-8bb9-4158-a4d7-ada9eb729037<-5fa7c213-d229-4dfb-b48e-377c0ca33348#0:FAIL-t29, 32a164c3-8bb9-4158-a4d7-ada9eb729037<-fa049fba-12b8-4e17-ac2d-38ea71bdd2ce#0:FAIL-t29] and 0 exception(s); 32a164c3-8bb9-4158-a4d7-ada9eb729037@group-4CC069B2961E:t29, leader=null, voted=32a164c3-8bb9-4158-a4d7-ada9eb729037, raftlog=32a164c3-8bb9-4158-a4d7-ada9eb729037@group-4CC069B2961E-SegmentedRaftLog:OPENED:c3,f4,i4, conf=0: [32a164c3-8bb9-4158-a4d7-ada9eb729037:192.168.164.201:42866, 5fa7c213-d229-4dfb-b48e-377c0ca33348:192.168.164.201:37765, fa049fba-12b8-4e17-ac2d-38ea71bdd2ce:192.168.164.201:41821], old=null
2019-10-17 19:47:35,139 [32a164c3-8bb9-4158-a4d7-ada9eb729037@group-4CC069B2961E-LeaderElection54] INFO  impl.RaftServerImpl (RaftServerImpl.java:setRole(184)) - 32a164c3-8bb9-4158-a4d7-ada9eb729037@group-4CC069B2961E: changes role from CANDIDATE to FOLLOWER at term 29 for DISCOVERED_A_NEW_TERM
2019-10-17 19:47:35,140 [32a164c3-8bb9-4158-a4d7-ada9eb729037@group-4CC069B2961E-LeaderElection54] INFO  impl.RoleInfo (RoleInfo.java:shutdownLeaderElection(134)) - 32a164c3-8bb9-4158-a4d7-ada9eb729037: shutdown LeaderElection
2019-10-17 19:47:35,140 [32a164c3-8bb9-4158-a4d7-ada9eb729037@group-4CC069B2961E-LeaderElection54] INFO  impl.RoleInfo (RoleInfo.java:updateAndGet(143)) - 32a164c3-8bb9-4158-a4d7-ada9eb729037: start FollowerState
2019-10-17 19:47:35,167 [Thread-936] INFO  impl.FollowerState (FollowerState.java:run(108)) - 32a164c3-8bb9-4158-a4d7-ada9eb729037@group-4CC069B2961E-FollowerState: change to CANDIDATE, lastRpcTime:27ms, electionTimeout:27ms
2019-10-17 19:47:35,167 [Thread-936] INFO  impl.RoleInfo (RoleInfo.java:shutdownFollowerState(121)) - 32a164c3-8bb9-4158-a4d7-ada9eb729037: shutdown FollowerState
2019-10-17 19:47:35,167 [Thread-936] INFO  impl.RaftServerImpl (RaftServerImpl.java:setRole(184)) - 32a164c3-8bb9-4158-a4d7-ada9eb729037@group-4CC069B2961E: changes role from  FOLLOWER to CANDIDATE at term 29 for changeToCandidate
2019-10-17 19:47:35,167 [Thread-936] INFO  impl.RoleInfo (RoleInfo.java:updateAndGet(143)) - 32a164c3-8bb9-4158-a4d7-ada9eb729037: start LeaderElection
2019-10-17 19:47:35,197 [32a164c3-8bb9-4158-a4d7-ada9eb729037@group-4CC069B2961E-LeaderElection55] INFO  impl.LeaderElection (LeaderElection.java:askForVotes(178)) - 32a164c3-8bb9-4158-a4d7-ada9eb729037@group-4CC069B2961E-LeaderElection55: begin an election at term 30 for 0: [32a164c3-8bb9-4158-a4d7-ada9eb729037:192.168.164.201:42866, 5fa7c213-d229-4dfb-b48e-377c0ca33348:192.168.164.201:37765, fa049fba-12b8-4e17-ac2d-38ea71bdd2ce:192.168.164.201:41821], old=null
2019-10-17 19:47:35,199 [grpc-default-executor-0] INFO  impl.RaftServerImpl (RaftServerImpl.java:setRole(184)) - 5fa7c213-d229-4dfb-b48e-377c0ca33348@group-4CC069B2961E: changes role from  FOLLOWER to FOLLOWER at term 30 for recognizeCandidate:32a164c3-8bb9-4158-a4d7-ada9eb729037
2019-10-17 19:47:35,199 [grpc-default-executor-0] INFO  impl.RoleInfo (RoleInfo.java:shutdownFollowerState(121)) - 5fa7c213-d229-4dfb-b48e-377c0ca33348: shutdown FollowerState
2019-10-17 19:47:35,199 [grpc-default-executor-3] INFO  impl.RaftServerImpl (RaftServerImpl.java:setRole(184)) - fa049fba-12b8-4e17-ac2d-38ea71bdd2ce@group-4CC069B2961E: changes role from  FOLLOWER to FOLLOWER at term 30 for recognizeCandidate:32a164c3-8bb9-4158-a4d7-ada9eb729037
2019-10-17 19:47:35,199 [grpc-default-executor-3] INFO  impl.RoleInfo (RoleInfo.java:shutdownFollowerState(121)) - fa049fba-12b8-4e17-ac2d-38ea71bdd2ce: shutdown FollowerState
2019-10-17 19:47:35,199 [Thread-933] INFO  impl.FollowerState (FollowerState.java:run(117)) - 5fa7c213-d229-4dfb-b48e-377c0ca33348@group-4CC069B2961E-FollowerState was interrupted: java.lang.InterruptedException: sleep interrupted
2019-10-17 19:47:35,199 [grpc-default-executor-0] INFO  impl.RoleInfo (RoleInfo.java:updateAndGet(143)) - 5fa7c213-d229-4dfb-b48e-377c0ca33348: start FollowerState
2019-10-17 19:47:35,200 [Thread-934] INFO  impl.FollowerState (FollowerState.java:run(117)) - fa049fba-12b8-4e17-ac2d-38ea71bdd2ce@group-4CC069B2961E-FollowerState was interrupted: java.lang.InterruptedException: sleep interrupted
2019-10-17 19:47:35,200 [grpc-default-executor-3] INFO  impl.RoleInfo (RoleInfo.java:updateAndGet(143)) - fa049fba-12b8-4e17-ac2d-38ea71bdd2ce: start FollowerState
2019-10-17 19:47:35,223 [32a164c3-8bb9-4158-a4d7-ada9eb729037@group-4CC069B2961E-LeaderElection55] INFO  impl.LeaderElection (LeaderElection.java:logAndReturn(56)) - 32a164c3-8bb9-4158-a4d7-ada9eb729037@group-4CC069B2961E-LeaderElection55: Election REJECTED; received 2 response(s) [32a164c3-8bb9-4158-a4d7-ada9eb729037<-5fa7c213-d229-4dfb-b48e-377c0ca33348#0:FAIL-t30, 32a164c3-8bb9-4158-a4d7-ada9eb729037<-fa049fba-12b8-4e17-ac2d-38ea71bdd2ce#0:FAIL-t30] and 0 exception(s); 32a164c3-8bb9-4158-a4d7-ada9eb729037@group-4CC069B2961E:t30, leader=null, voted=32a164c3-8bb9-4158-a4d7-ada9eb729037, raftlog=32a164c3-8bb9-4158-a4d7-ada9eb729037@group-4CC069B2961E-SegmentedRaftLog:OPENED:c3,f4,i4, conf=0: [32a164c3-8bb9-4158-a4d7-ada9eb729037:192.168.164.201:42866, 5fa7c213-d229-4dfb-b48e-377c0ca33348:192.168.164.201:37765, fa049fba-12b8-4e17-ac2d-38ea71bdd2ce:192.168.164.201:41821], old=null
2019-10-17 19:47:35,223 [32a164c3-8bb9-4158-a4d7-ada9eb729037@group-4CC069B2961E-LeaderElection55] INFO  impl.RaftServerImpl (RaftServerImpl.java:setRole(184)) - 32a164c3-8bb9-4158-a4d7-ada9eb729037@group-4CC069B2961E: changes role from CANDIDATE to FOLLOWER at term 30 for DISCOVERED_A_NEW_TERM
2019-10-17 19:47:35,224 [32a164c3-8bb9-4158-a4d7-ada9eb729037@group-4CC069B2961E-LeaderElection55] INFO  impl.RoleInfo (RoleInfo.java:shutdownLeaderElection(134)) - 32a164c3-8bb9-4158-a4d7-ada9eb729037: shutdown LeaderElection
2019-10-17 19:47:35,224 [32a164c3-8bb9-4158-a4d7-ada9eb729037@group-4CC069B2961E-LeaderElection55] INFO  impl.RoleInfo (RoleInfo.java:updateAndGet(143)) - 32a164c3-8bb9-4158-a4d7-ada9eb729037: start FollowerState
2019-10-17 19:47:35,247 [Thread-929] INFO  impl.FollowerState (FollowerState.java:run(108)) - 32a164c3-8bb9-4158-a4d7-ada9eb729037@group-8BD2F7455A0F-FollowerState: change to CANDIDATE, lastRpcTime:175ms, electionTimeout:175ms
2019-10-17 19:47:35,247 [Thread-929] INFO  impl.RoleInfo (RoleInfo.java:shutdownFollowerState(121)) - 32a164c3-8bb9-4158-a4d7-ada9eb729037: shutdown FollowerState
2019-10-17 19:47:35,247 [Thread-929] INFO  impl.RaftServerImpl (RaftServerImpl.java:setRole(184)) - 32a164c3-8bb9-4158-a4d7-ada9eb729037@group-8BD2F7455A0F: changes role from  FOLLOWER to CANDIDATE at term 14 for changeToCandidate
2019-10-17 19:47:35,247 [Thread-929] INFO  impl.RoleInfo (RoleInfo.java:updateAndGet(143)) - 32a164c3-8bb9-4158-a4d7-ada9eb729037: start LeaderElection
2019-10-17 19:47:35,273 [32a164c3-8bb9-4158-a4d7-ada9eb729037@group-8BD2F7455A0F-LeaderElection56] INFO  impl.LeaderElection (LeaderElection.java:askForVotes(178)) - 32a164c3-8bb9-4158-a4d7-ada9eb729037@group-8BD2F7455A0F-LeaderElection56: begin an election at term 15 for -1: [32a164c3-8bb9-4158-a4d7-ada9eb729037:192.168.164.201:42866, 5fa7c213-d229-4dfb-b48e-377c0ca33348:192.168.164.201:37765, fa049fba-12b8-4e17-ac2d-38ea71bdd2ce:192.168.164.201:41821], old=null
2019-10-17 19:47:35,275 [grpc-default-executor-3] INFO  impl.RaftServerImpl (RaftServerImpl.java:setRole(184)) - fa049fba-12b8-4e17-ac2d-38ea71bdd2ce@group-8BD2F7455A0F: changes role from  FOLLOWER to FOLLOWER at term 15 for recognizeCandidate:32a164c3-8bb9-4158-a4d7-ada9eb729037
2019-10-17 19:47:35,275 [grpc-default-executor-0] INFO  impl.RaftServerImpl (RaftServerImpl.java:setRole(184)) - 5fa7c213-d229-4dfb-b48e-377c0ca33348@group-8BD2F7455A0F: changes role from  FOLLOWER to FOLLOWER at term 15 for recognizeCandidate:32a164c3-8bb9-4158-a4d7-ada9eb729037
2019-10-17 19:47:35,275 [grpc-default-executor-3] INFO  impl.RoleInfo (RoleInfo.java:shutdownFollowerState(121)) - fa049fba-12b8-4e17-ac2d-38ea71bdd2ce: shutdown FollowerState
2019-10-17 19:47:35,276 [grpc-default-executor-0] INFO  impl.RoleInfo (RoleInfo.java:shutdownFollowerState(121)) - 5fa7c213-d229-4dfb-b48e-377c0ca33348: shutdown FollowerState
2019-10-17 19:47:35,276 [Thread-927] INFO  impl.FollowerState (FollowerState.java:run(117)) - fa049fba-12b8-4e17-ac2d-38ea71bdd2ce@group-8BD2F7455A0F-FollowerState was interrupted: java.lang.InterruptedException: sleep interrupted
2019-10-17 19:47:35,276 [grpc-default-executor-3] INFO  impl.RoleInfo (RoleInfo.java:updateAndGet(143)) - fa049fba-12b8-4e17-ac2d-38ea71bdd2ce: start FollowerState
2019-10-17 19:47:35,276 [Thread-928] INFO  impl.FollowerState (FollowerState.java:run(117)) - 5fa7c213-d229-4dfb-b48e-377c0ca33348@group-8BD2F7455A0F-FollowerState was interrupted: java.lang.InterruptedException: sleep interrupted
2019-10-17 19:47:35,276 [grpc-default-executor-0] INFO  impl.RoleInfo (RoleInfo.java:updateAndGet(143)) - 5fa7c213-d229-4dfb-b48e-377c0ca33348: start FollowerState
2019-10-17 19:47:35,299 [32a164c3-8bb9-4158-a4d7-ada9eb729037@group-8BD2F7455A0F-LeaderElection56] INFO  impl.LeaderElection (LeaderElection.java:logAndReturn(56)) - 32a164c3-8bb9-4158-a4d7-ada9eb729037@group-8BD2F7455A0F-LeaderElection56: Election REJECTED; received 2 response(s) [32a164c3-8bb9-4158-a4d7-ada9eb729037<-5fa7c213-d229-4dfb-b48e-377c0ca33348#0:FAIL-t15, 32a164c3-8bb9-4158-a4d7-ada9eb729037<-fa049fba-12b8-4e17-ac2d-38ea71bdd2ce#0:FAIL-t15] and 0 exception(s); 32a164c3-8bb9-4158-a4d7-ada9eb729037@group-8BD2F7455A0F:t15, leader=null, voted=32a164c3-8bb9-4158-a4d7-ada9eb729037, raftlog=32a164c3-8bb9-4158-a4d7-ada9eb729037@group-8BD2F7455A0F-SegmentedRaftLog:OPENED:c-1,f-1,i0, conf=-1: [32a164c3-8bb9-4158-a4d7-ada9eb729037:192.168.164.201:42866, 5fa7c213-d229-4dfb-b48e-377c0ca33348:192.168.164.201:37765, fa049fba-12b8-4e17-ac2d-38ea71bdd2ce:192.168.164.201:41821], old=null
2019-10-17 19:47:35,300 [32a164c3-8bb9-4158-a4d7-ada9eb729037@group-8BD2F7455A0F-LeaderElection56] INFO  impl.RaftServerImpl (RaftServerImpl.java:setRole(184)) - 32a164c3-8bb9-4158-a4d7-ada9eb729037@group-8BD2F7455A0F: changes role from CANDIDATE to FOLLOWER at term 15 for DISCOVERED_A_NEW_TERM
2019-10-17 19:47:35,300 [32a164c3-8bb9-4158-a4d7-ada9eb729037@group-8BD2F7455A0F-LeaderElection56] INFO  impl.RoleInfo (RoleInfo.java:shutdownLeaderElection(134)) - 32a164c3-8bb9-4158-a4d7-ada9eb729037: shutdown LeaderElection
2019-10-17 19:47:35,300 [32a164c3-8bb9-4158-a4d7-ada9eb729037@group-8BD2F7455A0F-LeaderElection56] INFO  impl.RoleInfo (RoleInfo.java:updateAndGet(143)) - 32a164c3-8bb9-4158-a4d7-ada9eb729037: start FollowerState
2019-10-17 19:47:35,312 [Thread-950] INFO  client.GrpcClientProtocolService (GrpcClientProtocolService.java:lambda$processClientRequest$0(278)) - Failed RaftClientRequest:client-30F7F12B0123->fa049fba-12b8-4e17-ac2d-38ea71bdd2ce@group-4CC069B2961E, cid=16, seq=0, Watch-ALL_COMMITTED(6), Message:<EMPTY>, reply=RaftClientReply:client-30F7F12B0123->fa049fba-12b8-4e17-ac2d-38ea71bdd2ce@group-4CC069B2961E, cid=16, FAILED org.apache.ratis.protocol.NotLeaderException: Server fa049fba-12b8-4e17-ac2d-38ea71bdd2ce@group-4CC069B2961E is not the leader, logIndex=0, commits[fa049fba-12b8-4e17-ac2d-38ea71bdd2ce:c10, 32a164c3-8bb9-4158-a4d7-ada9eb729037:c4, 5fa7c213-d229-4dfb-b48e-377c0ca33348:c10]
2019-10-17 19:47:35,373 [Thread-942] INFO  impl.FollowerState (FollowerState.java:run(108)) - 32a164c3-8bb9-4158-a4d7-ada9eb729037@group-4CC069B2961E-FollowerState: change to CANDIDATE, lastRpcTime:149ms, electionTimeout:149ms
2019-10-17 19:47:35,373 [Thread-942] INFO  impl.RoleInfo (RoleInfo.java:shutdownFollowerState(121)) - 32a164c3-8bb9-4158-a4d7-ada9eb729037: shutdown FollowerState
2019-10-17 19:47:35,373 [Thread-942] INFO  impl.RaftServerImpl (RaftServerImpl.java:setRole(184)) - 32a164c3-8bb9-4158-a4d7-ada9eb729037@group-4CC069B2961E: changes role from  FOLLOWER to CANDIDATE at term 30 for changeToCandidate
2019-10-17 19:47:35,373 [Thread-942] INFO  impl.RoleInfo (RoleInfo.java:updateAndGet(143)) - 32a164c3-8bb9-4158-a4d7-ada9eb729037: start LeaderElection
2019-10-17 19:47:35,377 [Thread-948] INFO  impl.FollowerState (FollowerState.java:run(108)) - 32a164c3-8bb9-4158-a4d7-ada9eb729037@group-8BD2F7455A0F-FollowerState: change to CANDIDATE, lastRpcTime:77ms, electionTimeout:77ms
2019-10-17 19:47:35,377 [Thread-948] INFO  impl.RoleInfo (RoleInfo.java:shutdownFollowerState(121)) - 32a164c3-8bb9-4158-a4d7-ada9eb729037: shutdown FollowerState
2019-10-17 19:47:35,377 [Thread-948] INFO  impl.RaftServerImpl (RaftServerImpl.java:setRole(184)) - 32a164c3-8bb9-4158-a4d7-ada9eb729037@group-8BD2F7455A0F: changes role from  FOLLOWER to CANDIDATE at term 15 for changeToCandidate
2019-10-17 19:47:35,378 [Thread-948] INFO  impl.RoleInfo (RoleInfo.java:updateAndGet(143)) - 32a164c3-8bb9-4158-a4d7-ada9eb729037: start LeaderElection
2019-10-17 19:47:35,399 [32a164c3-8bb9-4158-a4d7-ada9eb729037@group-4CC069B2961E-LeaderElection57] INFO  impl.LeaderElection (LeaderElection.java:askForVotes(178)) - 32a164c3-8bb9-4158-a4d7-ada9eb729037@group-4CC069B2961E-LeaderElection57: begin an election at term 31 for 0: [32a164c3-8bb9-4158-a4d7-ada9eb729037:192.168.164.201:42866, 5fa7c213-d229-4dfb-b48e-377c0ca33348:192.168.164.201:37765, fa049fba-12b8-4e17-ac2d-38ea71bdd2ce:192.168.164.201:41821], old=null
2019-10-17 19:47:35,399 [32a164c3-8bb9-4158-a4d7-ada9eb729037@group-8BD2F7455A0F-LeaderElection58] INFO  impl.LeaderElection (LeaderElection.java:askForVotes(178)) - 32a164c3-8bb9-4158-a4d7-ada9eb729037@group-8BD2F7455A0F-LeaderElection58: begin an election at term 16 for -1: [32a164c3-8bb9-4158-a4d7-ada9eb729037:192.168.164.201:42866, 5fa7c213-d229-4dfb-b48e-377c0ca33348:192.168.164.201:37765, fa049fba-12b8-4e17-ac2d-38ea71bdd2ce:192.168.164.201:41821], old=null
2019-10-17 19:47:35,402 [grpc-default-executor-3] INFO  impl.RaftServerImpl (RaftServerImpl.java:setRole(184)) - fa049fba-12b8-4e17-ac2d-38ea71bdd2ce@group-4CC069B2961E: changes role from  FOLLOWER to FOLLOWER at term 31 for recognizeCandidate:32a164c3-8bb9-4158-a4d7-ada9eb729037
2019-10-17 19:47:35,402 [grpc-default-executor-7] INFO  impl.RaftServerImpl (RaftServerImpl.java:setRole(184)) - 5fa7c213-d229-4dfb-b48e-377c0ca33348@group-4CC069B2961E: changes role from  FOLLOWER to FOLLOWER at term 31 for recognizeCandidate:32a164c3-8bb9-4158-a4d7-ada9eb729037
2019-10-17 19:47:35,402 [grpc-default-executor-6] INFO  impl.RaftServerImpl (RaftServerImpl.java:setRole(184)) - 5fa7c213-d229-4dfb-b48e-377c0ca33348@group-8BD2F7455A0F: changes role from  FOLLOWER to FOLLOWER at term 16 for recognizeCandidate:32a164c3-8bb9-4158-a4d7-ada9eb729037
2019-10-17 19:47:35,402 [grpc-default-executor-3] INFO  impl.RoleInfo (RoleInfo.java:shutdownFollowerState(121)) - fa049fba-12b8-4e17-ac2d-38ea71bdd2ce: shutdown FollowerState
2019-10-17 19:47:35,402 [grpc-default-executor-0] INFO  impl.RaftServerImpl (RaftServerImpl.java:setRole(184)) - fa049fba-12b8-4e17-ac2d-38ea71bdd2ce@group-8BD2F7455A0F: changes role from  FOLLOWER to FOLLOWER at term 16 for recognizeCandidate:32a164c3-8bb9-4158-a4d7-ada9eb729037
2019-10-17 19:47:35,402 [grpc-default-executor-0] INFO  impl.RoleInfo (RoleInfo.java:shutdownFollowerState(121)) - fa049fba-12b8-4e17-ac2d-38ea71bdd2ce: shutdown FollowerState
2019-10-17 19:47:35,402 [Thread-941] INFO  impl.FollowerState (FollowerState.java:run(117)) - fa049fba-12b8-4e17-ac2d-38ea71bdd2ce@group-4CC069B2961E-FollowerState was interrupted: java.lang.InterruptedException: sleep interrupted
2019-10-17 19:47:35,402 [grpc-default-executor-3] INFO  impl.RoleInfo (RoleInfo.java:updateAndGet(143)) - fa049fba-12b8-4e17-ac2d-38ea71bdd2ce: start FollowerState
2019-10-17 19:47:35,402 [grpc-default-executor-6] INFO  impl.RoleInfo (RoleInfo.java:shutdownFollowerState(121)) - 5fa7c213-d229-4dfb-b48e-377c0ca33348: shutdown FollowerState
2019-10-17 19:47:35,402 [grpc-default-executor-7] INFO  impl.RoleInfo (RoleInfo.java:shutdownFollowerState(121)) - 5fa7c213-d229-4dfb-b48e-377c0ca33348: shutdown FollowerState
2019-10-17 19:47:35,403 [Thread-947] INFO  impl.FollowerState (FollowerState.java:run(117)) - 5fa7c213-d229-4dfb-b48e-377c0ca33348@group-8BD2F7455A0F-FollowerState was interrupted: java.lang.InterruptedException: sleep interrupted
2019-10-17 19:47:35,403 [grpc-default-executor-6] INFO  impl.RoleInfo (RoleInfo.java:updateAndGet(143)) - 5fa7c213-d229-4dfb-b48e-377c0ca33348: start FollowerState
2019-10-17 19:47:35,402 [Thread-946] INFO  impl.FollowerState (FollowerState.java:run(117)) - fa049fba-12b8-4e17-ac2d-38ea71bdd2ce@group-8BD2F7455A0F-FollowerState was interrupted: java.lang.InterruptedException: sleep interrupted
2019-10-17 19:47:35,402 [grpc-default-executor-0] INFO  impl.RoleInfo (RoleInfo.java:updateAndGet(143)) - fa049fba-12b8-4e17-ac2d-38ea71bdd2ce: start FollowerState
2019-10-17 19:47:35,403 [Thread-940] INFO  impl.FollowerState (FollowerState.java:run(117)) - 5fa7c213-d229-4dfb-b48e-377c0ca33348@group-4CC069B2961E-FollowerState was interrupted: java.lang.InterruptedException: sleep interrupted
2019-10-17 19:47:35,403 [grpc-default-executor-7] INFO  impl.RoleInfo (RoleInfo.java:updateAndGet(143)) - 5fa7c213-d229-4dfb-b48e-377c0ca33348: start FollowerState
2019-10-17 19:47:35,426 [32a164c3-8bb9-4158-a4d7-ada9eb729037@group-8BD2F7455A0F-LeaderElection58] INFO  impl.LeaderElection (LeaderElection.java:logAndReturn(56)) - 32a164c3-8bb9-4158-a4d7-ada9eb729037@group-8BD2F7455A0F-LeaderElection58: Election REJECTED; received 2 response(s) [32a164c3-8bb9-4158-a4d7-ada9eb729037<-5fa7c213-d229-4dfb-b48e-377c0ca33348#0:FAIL-t16, 32a164c3-8bb9-4158-a4d7-ada9eb729037<-fa049fba-12b8-4e17-ac2d-38ea71bdd2ce#0:FAIL-t16] and 0 exception(s); 32a164c3-8bb9-4158-a4d7-ada9eb729037@group-8BD2F7455A0F:t16, leader=null, voted=32a164c3-8bb9-4158-a4d7-ada9eb729037, raftlog=32a164c3-8bb9-4158-a4d7-ada9eb729037@group-8BD2F7455A0F-SegmentedRaftLog:OPENED:c-1,f-1,i0, conf=-1: [32a164c3-8bb9-4158-a4d7-ada9eb729037:192.168.164.201:42866, 5fa7c213-d229-4dfb-b48e-377c0ca33348:192.168.164.201:37765, fa049fba-12b8-4e17-ac2d-38ea71bdd2ce:192.168.164.201:41821], old=null
2019-10-17 19:47:35,426 [32a164c3-8bb9-4158-a4d7-ada9eb729037@group-4CC069B2961E-LeaderElection57] INFO  impl.LeaderElection (LeaderElection.java:logAndReturn(56)) - 32a164c3-8bb9-4158-a4d7-ada9eb729037@group-4CC069B2961E-LeaderElection57: Election REJECTED; received 2 response(s) [32a164c3-8bb9-4158-a4d7-ada9eb729037<-5fa7c213-d229-4dfb-b48e-377c0ca33348#0:FAIL-t31, 32a164c3-8bb9-4158-a4d7-ada9eb729037<-fa049fba-12b8-4e17-ac2d-38ea71bdd2ce#0:FAIL-t31] and 0 exception(s); 32a164c3-8bb9-4158-a4d7-ada9eb729037@group-4CC069B2961E:t31, leader=null, voted=32a164c3-8bb9-4158-a4d7-ada9eb729037, raftlog=32a164c3-8bb9-4158-a4d7-ada9eb729037@group-4CC069B2961E-SegmentedRaftLog:OPENED:c3,f4,i4, conf=0: [32a164c3-8bb9-4158-a4d7-ada9eb729037:192.168.164.201:42866, 5fa7c213-d229-4dfb-b48e-377c0ca33348:192.168.164.201:37765, fa049fba-12b8-4e17-ac2d-38ea71bdd2ce:192.168.164.201:41821], old=null
2019-10-17 19:47:35,426 [32a164c3-8bb9-4158-a4d7-ada9eb729037@group-8BD2F7455A0F-LeaderElection58] INFO  impl.RaftServerImpl (RaftServerImpl.java:setRole(184)) - 32a164c3-8bb9-4158-a4d7-ada9eb729037@group-8BD2F7455A0F: changes role from CANDIDATE to FOLLOWER at term 16 for DISCOVERED_A_NEW_TERM
2019-10-17 19:47:35,426 [32a164c3-8bb9-4158-a4d7-ada9eb729037@group-4CC069B2961E-LeaderElection57] INFO  impl.RaftServerImpl (RaftServerImpl.java:setRole(184)) - 32a164c3-8bb9-4158-a4d7-ada9eb729037@group-4CC069B2961E: changes role from CANDIDATE to FOLLOWER at term 31 for DISCOVERED_A_NEW_TERM
2019-10-17 19:47:35,426 [32a164c3-8bb9-4158-a4d7-ada9eb729037@group-8BD2F7455A0F-LeaderElection58] INFO  impl.RoleInfo (RoleInfo.java:shutdownLeaderElection(134)) - 32a164c3-8bb9-4158-a4d7-ada9eb729037: shutdown LeaderElection
2019-10-17 19:47:35,426 [32a164c3-8bb9-4158-a4d7-ada9eb729037@group-4CC069B2961E-LeaderElection57] INFO  impl.RoleInfo (RoleInfo.java:shutdownLeaderElection(134)) - 32a164c3-8bb9-4158-a4d7-ada9eb729037: shutdown LeaderElection
2019-10-17 19:47:35,426 [32a164c3-8bb9-4158-a4d7-ada9eb729037@group-8BD2F7455A0F-LeaderElection58] INFO  impl.RoleInfo (RoleInfo.java:updateAndGet(143)) - 32a164c3-8bb9-4158-a4d7-ada9eb729037: start FollowerState
2019-10-17 19:47:35,427 [32a164c3-8bb9-4158-a4d7-ada9eb729037@group-4CC069B2961E-LeaderElection57] INFO  impl.RoleInfo (RoleInfo.java:updateAndGet(143)) - 32a164c3-8bb9-4158-a4d7-ada9eb729037: start FollowerState
2019-10-17 19:47:35,580 [Thread-962] INFO  impl.FollowerState (FollowerState.java:run(108)) - 32a164c3-8bb9-4158-a4d7-ada9eb729037@group-8BD2F7455A0F-FollowerState: change to CANDIDATE, lastRpcTime:153ms, electionTimeout:153ms
2019-10-17 19:47:35,580 [Thread-962] INFO  impl.RoleInfo (RoleInfo.java:shutdownFollowerState(121)) - 32a164c3-8bb9-4158-a4d7-ada9eb729037: shutdown FollowerState
2019-10-17 19:47:35,580 [Thread-962] INFO  impl.RaftServerImpl (RaftServerImpl.java:setRole(184)) - 32a164c3-8bb9-4158-a4d7-ada9eb729037@group-8BD2F7455A0F: changes role from  FOLLOWER to CANDIDATE at term 16 for changeToCandidate
2019-10-17 19:47:35,581 [Thread-962] INFO  impl.RoleInfo (RoleInfo.java:updateAndGet(143)) - 32a164c3-8bb9-4158-a4d7-ada9eb729037: start LeaderElection
2019-10-17 19:47:35,595 [Thread-963] INFO  impl.FollowerState (FollowerState.java:run(108)) - 32a164c3-8bb9-4158-a4d7-ada9eb729037@group-4CC069B2961E-FollowerState: change to CANDIDATE, lastRpcTime:168ms, electionTimeout:168ms
2019-10-17 19:47:35,595 [Thread-963] INFO  impl.RoleInfo (RoleInfo.java:shutdownFollowerState(121)) - 32a164c3-8bb9-4158-a4d7-ada9eb729037: shutdown FollowerState
2019-10-17 19:47:35,596 [Thread-963] INFO  impl.RaftServerImpl (RaftServerImpl.java:setRole(184)) - 32a164c3-8bb9-4158-a4d7-ada9eb729037@group-4CC069B2961E: changes role from  FOLLOWER to CANDIDATE at term 31 for changeToCandidate
2019-10-17 19:47:35,596 [Thread-963] INFO  impl.RoleInfo (RoleInfo.java:updateAndGet(143)) - 32a164c3-8bb9-4158-a4d7-ada9eb729037: start LeaderElection
2019-10-17 19:47:35,608 [32a164c3-8bb9-4158-a4d7-ada9eb729037@group-8BD2F7455A0F-LeaderElection59] INFO  impl.LeaderElection (LeaderElection.java:askForVotes(178)) - 32a164c3-8bb9-4158-a4d7-ada9eb729037@group-8BD2F7455A0F-LeaderElection59: begin an election at term 17 for -1: [32a164c3-8bb9-4158-a4d7-ada9eb729037:192.168.164.201:42866, 5fa7c213-d229-4dfb-b48e-377c0ca33348:192.168.164.201:37765, fa049fba-12b8-4e17-ac2d-38ea71bdd2ce:192.168.164.201:41821], old=null
2019-10-17 19:47:35,611 [grpc-default-executor-0] INFO  impl.RaftServerImpl (RaftServerImpl.java:setRole(184)) - 5fa7c213-d229-4dfb-b48e-377c0ca33348@group-8BD2F7455A0F: changes role from  FOLLOWER to FOLLOWER at term 17 for recognizeCandidate:32a164c3-8bb9-4158-a4d7-ada9eb729037
2019-10-17 19:47:35,611 [grpc-default-executor-3] INFO  impl.RaftServerImpl (RaftServerImpl.java:setRole(184)) - fa049fba-12b8-4e17-ac2d-38ea71bdd2ce@group-8BD2F7455A0F: changes role from  FOLLOWER to FOLLOWER at term 17 for recognizeCandidate:32a164c3-8bb9-4158-a4d7-ada9eb729037
2019-10-17 19:47:35,611 [grpc-default-executor-0] INFO  impl.RoleInfo (RoleInfo.java:shutdownFollowerState(121)) - 5fa7c213-d229-4dfb-b48e-377c0ca33348: shutdown FollowerState
2019-10-17 19:47:35,611 [grpc-default-executor-3] INFO  impl.RoleInfo (RoleInfo.java:shutdownFollowerState(121)) - fa049fba-12b8-4e17-ac2d-38ea71bdd2ce: shutdown FollowerState
2019-10-17 19:47:35,612 [Thread-960] INFO  impl.FollowerState (FollowerState.java:run(117)) - 5fa7c213-d229-4dfb-b48e-377c0ca33348@group-8BD2F7455A0F-FollowerState was interrupted: java.lang.InterruptedException: sleep interrupted
2019-10-17 19:47:35,612 [grpc-default-executor-0] INFO  impl.RoleInfo (RoleInfo.java:updateAndGet(143)) - 5fa7c213-d229-4dfb-b48e-377c0ca33348: start FollowerState
2019-10-17 19:47:35,612 [grpc-default-executor-3] INFO  impl.RoleInfo (RoleInfo.java:updateAndGet(143)) - fa049fba-12b8-4e17-ac2d-38ea71bdd2ce: start FollowerState
2019-10-17 19:47:35,612 [Thread-959] INFO  impl.FollowerState (FollowerState.java:run(117)) - fa049fba-12b8-4e17-ac2d-38ea71bdd2ce@group-8BD2F7455A0F-FollowerState was interrupted: java.lang.InterruptedException: sleep interrupted
2019-10-17 19:47:35,625 [32a164c3-8bb9-4158-a4d7-ada9eb729037@group-4CC069B2961E-LeaderElection60] INFO  impl.LeaderElection (LeaderElection.java:askForVotes(178)) - 32a164c3-8bb9-4158-a4d7-ada9eb729037@group-4CC069B2961E-LeaderElection60: begin an election at term 32 for 0: [32a164c3-8bb9-4158-a4d7-ada9eb729037:192.168.164.201:42866, 5fa7c213-d229-4dfb-b48e-377c0ca33348:192.168.164.201:37765, fa049fba-12b8-4e17-ac2d-38ea71bdd2ce:192.168.164.201:41821], old=null
2019-10-17 19:47:35,628 [grpc-default-executor-6] INFO  impl.RaftServerImpl (RaftServerImpl.java:setRole(184)) - 5fa7c213-d229-4dfb-b48e-377c0ca33348@group-4CC069B2961E: changes role from  FOLLOWER to FOLLOWER at term 32 for recognizeCandidate:32a164c3-8bb9-4158-a4d7-ada9eb729037
2019-10-17 19:47:35,628 [grpc-default-executor-7] INFO  impl.RaftServerImpl (RaftServerImpl.java:setRole(184)) - fa049fba-12b8-4e17-ac2d-38ea71bdd2ce@group-4CC069B2961E: changes role from  FOLLOWER to FOLLOWER at term 32 for recognizeCandidate:32a164c3-8bb9-4158-a4d7-ada9eb729037
2019-10-17 19:47:35,628 [grpc-default-executor-6] INFO  impl.RoleInfo (RoleInfo.java:shutdownFollowerState(121)) - 5fa7c213-d229-4dfb-b48e-377c0ca33348: shutdown FollowerState
2019-10-17 19:47:35,628 [grpc-default-executor-7] INFO  impl.RoleInfo (RoleInfo.java:shutdownFollowerState(121)) - fa049fba-12b8-4e17-ac2d-38ea71bdd2ce: shutdown FollowerState
2019-10-17 19:47:35,629 [Thread-961] INFO  impl.FollowerState (FollowerState.java:run(117)) - 5fa7c213-d229-4dfb-b48e-377c0ca33348@group-4CC069B2961E-FollowerState was interrupted: java.lang.InterruptedException: sleep interrupted
2019-10-17 19:47:35,628 [grpc-default-executor-6] INFO  impl.RoleInfo (RoleInfo.java:updateAndGet(143)) - 5fa7c213-d229-4dfb-b48e-377c0ca33348: start FollowerState
2019-10-17 19:47:35,629 [Thread-958] INFO  impl.FollowerState (FollowerState.java:run(117)) - fa049fba-12b8-4e17-ac2d-38ea71bdd2ce@group-4CC069B2961E-FollowerState was interrupted: java.lang.InterruptedException: sleep interrupted
2019-10-17 19:47:35,629 [grpc-default-executor-7] INFO  impl.RoleInfo (RoleInfo.java:updateAndGet(143)) - fa049fba-12b8-4e17-ac2d-38ea71bdd2ce: start FollowerState
2019-10-17 19:47:35,644 [32a164c3-8bb9-4158-a4d7-ada9eb729037@group-8BD2F7455A0F-LeaderElection59] INFO  impl.LeaderElection (LeaderElection.java:logAndReturn(56)) - 32a164c3-8bb9-4158-a4d7-ada9eb729037@group-8BD2F7455A0F-LeaderElection59: Election REJECTED; received 2 response(s) [32a164c3-8bb9-4158-a4d7-ada9eb729037<-5fa7c213-d229-4dfb-b48e-377c0ca33348#0:FAIL-t17, 32a164c3-8bb9-4158-a4d7-ada9eb729037<-fa049fba-12b8-4e17-ac2d-38ea71bdd2ce#0:FAIL-t17] and 0 exception(s); 32a164c3-8bb9-4158-a4d7-ada9eb729037@group-8BD2F7455A0F:t17, leader=null, voted=32a164c3-8bb9-4158-a4d7-ada9eb729037, raftlog=32a164c3-8bb9-4158-a4d7-ada9eb729037@group-8BD2F7455A0F-SegmentedRaftLog:OPENED:c-1,f-1,i0, conf=-1: [32a164c3-8bb9-4158-a4d7-ada9eb729037:192.168.164.201:42866, 5fa7c213-d229-4dfb-b48e-377c0ca33348:192.168.164.201:37765, fa049fba-12b8-4e17-ac2d-38ea71bdd2ce:192.168.164.201:41821], old=null
2019-10-17 19:47:35,645 [32a164c3-8bb9-4158-a4d7-ada9eb729037@group-8BD2F7455A0F-LeaderElection59] INFO  impl.RaftServerImpl (RaftServerImpl.java:setRole(184)) - 32a164c3-8bb9-4158-a4d7-ada9eb729037@group-8BD2F7455A0F: changes role from CANDIDATE to FOLLOWER at term 17 for DISCOVERED_A_NEW_TERM
2019-10-17 19:47:35,645 [32a164c3-8bb9-4158-a4d7-ada9eb729037@group-8BD2F7455A0F-LeaderElection59] INFO  impl.RoleInfo (RoleInfo.java:shutdownLeaderElection(134)) - 32a164c3-8bb9-4158-a4d7-ada9eb729037: shutdown LeaderElection
2019-10-17 19:47:35,645 [32a164c3-8bb9-4158-a4d7-ada9eb729037@group-8BD2F7455A0F-LeaderElection59] INFO  impl.RoleInfo (RoleInfo.java:updateAndGet(143)) - 32a164c3-8bb9-4158-a4d7-ada9eb729037: start FollowerState
2019-10-17 19:47:35,661 [32a164c3-8bb9-4158-a4d7-ada9eb729037@group-4CC069B2961E-LeaderElection60] INFO  impl.LeaderElection (LeaderElection.java:logAndReturn(56)) - 32a164c3-8bb9-4158-a4d7-ada9eb729037@group-4CC069B2961E-LeaderElection60: Election REJECTED; received 2 response(s) [32a164c3-8bb9-4158-a4d7-ada9eb729037<-5fa7c213-d229-4dfb-b48e-377c0ca33348#0:FAIL-t32, 32a164c3-8bb9-4158-a4d7-ada9eb729037<-fa049fba-12b8-4e17-ac2d-38ea71bdd2ce#0:FAIL-t32] and 0 exception(s); 32a164c3-8bb9-4158-a4d7-ada9eb729037@group-4CC069B2961E:t32, leader=null, voted=32a164c3-8bb9-4158-a4d7-ada9eb729037, raftlog=32a164c3-8bb9-4158-a4d7-ada9eb729037@group-4CC069B2961E-SegmentedRaftLog:OPENED:c3,f4,i4, conf=0: [32a164c3-8bb9-4158-a4d7-ada9eb729037:192.168.164.201:42866, 5fa7c213-d229-4dfb-b48e-377c0ca33348:192.168.164.201:37765, fa049fba-12b8-4e17-ac2d-38ea71bdd2ce:192.168.164.201:41821], old=null
2019-10-17 19:47:35,661 [32a164c3-8bb9-4158-a4d7-ada9eb729037@group-4CC069B2961E-LeaderElection60] INFO  impl.RaftServerImpl (RaftServerImpl.java:setRole(184)) - 32a164c3-8bb9-4158-a4d7-ada9eb729037@group-4CC069B2961E: changes role from CANDIDATE to FOLLOWER at term 32 for DISCOVERED_A_NEW_TERM
2019-10-17 19:47:35,661 [32a164c3-8bb9-4158-a4d7-ada9eb729037@group-4CC069B2961E-LeaderElection60] INFO  impl.RoleInfo (RoleInfo.java:shutdownLeaderElection(134)) - 32a164c3-8bb9-4158-a4d7-ada9eb729037: shutdown LeaderElection
2019-10-17 19:47:35,662 [32a164c3-8bb9-4158-a4d7-ada9eb729037@group-4CC069B2961E-LeaderElection60] INFO  impl.RoleInfo (RoleInfo.java:updateAndGet(143)) - 32a164c3-8bb9-4158-a4d7-ada9eb729037: start FollowerState
2019-10-17 19:47:35,833 [Thread-975] INFO  impl.FollowerState (FollowerState.java:run(108)) - 32a164c3-8bb9-4158-a4d7-ada9eb729037@group-4CC069B2961E-FollowerState: change to CANDIDATE, lastRpcTime:171ms, electionTimeout:171ms
2019-10-17 19:47:35,833 [Thread-975] INFO  impl.RoleInfo (RoleInfo.java:shutdownFollowerState(121)) - 32a164c3-8bb9-4158-a4d7-ada9eb729037: shutdown FollowerState
2019-10-17 19:47:35,833 [Thread-975] INFO  impl.RaftServerImpl (RaftServerImpl.java:setRole(184)) - 32a164c3-8bb9-4158-a4d7-ada9eb729037@group-4CC069B2961E: changes role from  FOLLOWER to CANDIDATE at term 32 for changeToCandidate
2019-10-17 19:47:35,833 [Thread-975] INFO  impl.RoleInfo (RoleInfo.java:updateAndGet(143)) - 32a164c3-8bb9-4158-a4d7-ada9eb729037: start LeaderElection
2019-10-17 19:47:35,846 [Thread-974] INFO  impl.FollowerState (FollowerState.java:run(108)) - 32a164c3-8bb9-4158-a4d7-ada9eb729037@group-8BD2F7455A0F-FollowerState: change to CANDIDATE, lastRpcTime:200ms, electionTimeout:200ms
2019-10-17 19:47:35,846 [Thread-974] INFO  impl.RoleInfo (RoleInfo.java:shutdownFollowerState(121)) - 32a164c3-8bb9-4158-a4d7-ada9eb729037: shutdown FollowerState
2019-10-17 19:47:35,846 [Thread-974] INFO  impl.RaftServerImpl (RaftServerImpl.java:setRole(184)) - 32a164c3-8bb9-4158-a4d7-ada9eb729037@group-8BD2F7455A0F: changes role from  FOLLOWER to CANDIDATE at term 17 for changeToCandidate
2019-10-17 19:47:35,846 [Thread-974] INFO  impl.RoleInfo (RoleInfo.java:updateAndGet(143)) - 32a164c3-8bb9-4158-a4d7-ada9eb729037: start LeaderElection
2019-10-17 19:47:35,860 [32a164c3-8bb9-4158-a4d7-ada9eb729037@group-4CC069B2961E-LeaderElection61] INFO  impl.LeaderElection (LeaderElection.java:askForVotes(178)) - 32a164c3-8bb9-4158-a4d7-ada9eb729037@group-4CC069B2961E-LeaderElection61: begin an election at term 33 for 0: [32a164c3-8bb9-4158-a4d7-ada9eb729037:192.168.164.201:42866, 5fa7c213-d229-4dfb-b48e-377c0ca33348:192.168.164.201:37765, fa049fba-12b8-4e17-ac2d-38ea71bdd2ce:192.168.164.201:41821], old=null
2019-10-17 19:47:35,863 [grpc-default-executor-6] INFO  impl.RaftServerImpl (RaftServerImpl.java:setRole(184)) - 5fa7c213-d229-4dfb-b48e-377c0ca33348@group-4CC069B2961E: changes role from  FOLLOWER to FOLLOWER at term 33 for recognizeCandidate:32a164c3-8bb9-4158-a4d7-ada9eb729037
2019-10-17 19:47:35,863 [grpc-default-executor-7] INFO  impl.RaftServerImpl (RaftServerImpl.java:setRole(184)) - fa049fba-12b8-4e17-ac2d-38ea71bdd2ce@group-4CC069B2961E: changes role from  FOLLOWER to FOLLOWER at term 33 for recognizeCandidate:32a164c3-8bb9-4158-a4d7-ada9eb729037
2019-10-17 19:47:35,863 [grpc-default-executor-6] INFO  impl.RoleInfo (RoleInfo.java:shutdownFollowerState(121)) - 5fa7c213-d229-4dfb-b48e-377c0ca33348: shutdown FollowerState
2019-10-17 19:47:35,863 [grpc-default-executor-7] INFO  impl.RoleInfo (RoleInfo.java:shutdownFollowerState(121)) - fa049fba-12b8-4e17-ac2d-38ea71bdd2ce: shutdown FollowerState
2019-10-17 19:47:35,864 [Thread-972] INFO  impl.FollowerState (FollowerState.java:run(117)) - 5fa7c213-d229-4dfb-b48e-377c0ca33348@group-4CC069B2961E-FollowerState was interrupted: java.lang.InterruptedException: sleep interrupted
2019-10-17 19:47:35,864 [grpc-default-executor-6] INFO  impl.RoleInfo (RoleInfo.java:updateAndGet(143)) - 5fa7c213-d229-4dfb-b48e-377c0ca33348: start FollowerState
2019-10-17 19:47:35,864 [Thread-973] INFO  impl.FollowerState (FollowerState.java:run(117)) - fa049fba-12b8-4e17-ac2d-38ea71bdd2ce@group-4CC069B2961E-FollowerState was interrupted: java.lang.InterruptedException: sleep interrupted
2019-10-17 19:47:35,864 [grpc-default-executor-7] INFO  impl.RoleInfo (RoleInfo.java:updateAndGet(143)) - fa049fba-12b8-4e17-ac2d-38ea71bdd2ce: start FollowerState
2019-10-17 19:47:35,877 [32a164c3-8bb9-4158-a4d7-ada9eb729037@group-8BD2F7455A0F-LeaderElection62] INFO  impl.LeaderElection (LeaderElection.java:askForVotes(178)) - 32a164c3-8bb9-4158-a4d7-ada9eb729037@group-8BD2F7455A0F-LeaderElection62: begin an election at term 18 for -1: [32a164c3-8bb9-4158-a4d7-ada9eb729037:192.168.164.201:42866, 5fa7c213-d229-4dfb-b48e-377c0ca33348:192.168.164.201:37765, fa049fba-12b8-4e17-ac2d-38ea71bdd2ce:192.168.164.201:41821], old=null
2019-10-17 19:47:35,880 [grpc-default-executor-3] INFO  impl.RaftServerImpl (RaftServerImpl.java:setRole(184)) - fa049fba-12b8-4e17-ac2d-38ea71bdd2ce@group-8BD2F7455A0F: changes role from  FOLLOWER to FOLLOWER at term 18 for recognizeCandidate:32a164c3-8bb9-4158-a4d7-ada9eb729037
2019-10-17 19:47:35,880 [grpc-default-executor-0] INFO  impl.RaftServerImpl (RaftServerImpl.java:setRole(184)) - 5fa7c213-d229-4dfb-b48e-377c0ca33348@group-8BD2F7455A0F: changes role from  FOLLOWER to FOLLOWER at term 18 for recognizeCandidate:32a164c3-8bb9-4158-a4d7-ada9eb729037
2019-10-17 19:47:35,880 [grpc-default-executor-3] INFO  impl.RoleInfo (RoleInfo.java:shutdownFollowerState(121)) - fa049fba-12b8-4e17-ac2d-38ea71bdd2ce: shutdown FollowerState
2019-10-17 19:47:35,880 [grpc-default-executor-0] INFO  impl.RoleInfo (RoleInfo.java:shutdownFollowerState(121)) - 5fa7c213-d229-4dfb-b48e-377c0ca33348: shutdown FollowerState
2019-10-17 19:47:35,880 [grpc-default-executor-3] INFO  impl.RoleInfo (RoleInfo.java:updateAndGet(143)) - fa049fba-12b8-4e17-ac2d-38ea71bdd2ce: start FollowerState
2019-10-17 19:47:35,880 [Thread-969] INFO  impl.FollowerState (FollowerState.java:run(117)) - fa049fba-12b8-4e17-ac2d-38ea71bdd2ce@group-8BD2F7455A0F-FollowerState was interrupted: java.lang.InterruptedException: sleep interrupted
2019-10-17 19:47:35,880 [grpc-default-executor-0] INFO  impl.RoleInfo (RoleInfo.java:updateAndGet(143)) - 5fa7c213-d229-4dfb-b48e-377c0ca33348: start FollowerState
2019-10-17 19:47:35,880 [Thread-968] INFO  impl.FollowerState (FollowerState.java:run(117)) - 5fa7c213-d229-4dfb-b48e-377c0ca33348@group-8BD2F7455A0F-FollowerState was interrupted: java.lang.InterruptedException: sleep interrupted
2019-10-17 19:47:35,895 [32a164c3-8bb9-4158-a4d7-ada9eb729037@group-4CC069B2961E-LeaderElection61] INFO  impl.LeaderElection (LeaderElection.java:logAndReturn(56)) - 32a164c3-8bb9-4158-a4d7-ada9eb729037@group-4CC069B2961E-LeaderElection61: Election REJECTED; received 2 response(s) [32a164c3-8bb9-4158-a4d7-ada9eb729037<-5fa7c213-d229-4dfb-b48e-377c0ca33348#0:FAIL-t33, 32a164c3-8bb9-4158-a4d7-ada9eb729037<-fa049fba-12b8-4e17-ac2d-38ea71bdd2ce#0:FAIL-t33] and 0 exception(s); 32a164c3-8bb9-4158-a4d7-ada9eb729037@group-4CC069B2961E:t33, leader=null, voted=32a164c3-8bb9-4158-a4d7-ada9eb729037, raftlog=32a164c3-8bb9-4158-a4d7-ada9eb729037@group-4CC069B2961E-SegmentedRaftLog:OPENED:c3,f4,i4, conf=0: [32a164c3-8bb9-4158-a4d7-ada9eb729037:192.168.164.201:42866, 5fa7c213-d229-4dfb-b48e-377c0ca33348:192.168.164.201:37765, fa049fba-12b8-4e17-ac2d-38ea71bdd2ce:192.168.164.201:41821], old=null
2019-10-17 19:47:35,896 [32a164c3-8bb9-4158-a4d7-ada9eb729037@group-4CC069B2961E-LeaderElection61] INFO  impl.RaftServerImpl (RaftServerImpl.java:setRole(184)) - 32a164c3-8bb9-4158-a4d7-ada9eb729037@group-4CC069B2961E: changes role from CANDIDATE to FOLLOWER at term 33 for DISCOVERED_A_NEW_TERM
2019-10-17 19:47:35,896 [32a164c3-8bb9-4158-a4d7-ada9eb729037@group-4CC069B2961E-LeaderElection61] INFO  impl.RoleInfo (RoleInfo.java:shutdownLeaderElection(134)) - 32a164c3-8bb9-4158-a4d7-ada9eb729037: shutdown LeaderElection
2019-10-17 19:47:35,896 [32a164c3-8bb9-4158-a4d7-ada9eb729037@group-4CC069B2961E-LeaderElection61] INFO  impl.RoleInfo (RoleInfo.java:updateAndGet(143)) - 32a164c3-8bb9-4158-a4d7-ada9eb729037: start FollowerState
2019-10-17 19:47:35,912 [32a164c3-8bb9-4158-a4d7-ada9eb729037@group-8BD2F7455A0F-LeaderElection62] INFO  impl.LeaderElection (LeaderElection.java:logAndReturn(56)) - 32a164c3-8bb9-4158-a4d7-ada9eb729037@group-8BD2F7455A0F-LeaderElection62: Election REJECTED; received 2 response(s) [32a164c3-8bb9-4158-a4d7-ada9eb729037<-5fa7c213-d229-4dfb-b48e-377c0ca33348#0:FAIL-t18, 32a164c3-8bb9-4158-a4d7-ada9eb729037<-fa049fba-12b8-4e17-ac2d-38ea71bdd2ce#0:FAIL-t18] and 0 exception(s); 32a164c3-8bb9-4158-a4d7-ada9eb729037@group-8BD2F7455A0F:t18, leader=null, voted=32a164c3-8bb9-4158-a4d7-ada9eb729037, raftlog=32a164c3-8bb9-4158-a4d7-ada9eb729037@group-8BD2F7455A0F-SegmentedRaftLog:OPENED:c-1,f-1,i0, conf=-1: [32a164c3-8bb9-4158-a4d7-ada9eb729037:192.168.164.201:42866, 5fa7c213-d229-4dfb-b48e-377c0ca33348:192.168.164.201:37765, fa049fba-12b8-4e17-ac2d-38ea71bdd2ce:192.168.164.201:41821], old=null
2019-10-17 19:47:35,913 [32a164c3-8bb9-4158-a4d7-ada9eb729037@group-8BD2F7455A0F-LeaderElection62] INFO  impl.RaftServerImpl (RaftServerImpl.java:setRole(184)) - 32a164c3-8bb9-4158-a4d7-ada9eb729037@group-8BD2F7455A0F: changes role from CANDIDATE to FOLLOWER at term 18 for DISCOVERED_A_NEW_TERM
2019-10-17 19:47:35,913 [32a164c3-8bb9-4158-a4d7-ada9eb729037@group-8BD2F7455A0F-LeaderElection62] INFO  impl.RoleInfo (RoleInfo.java:shutdownLeaderElection(134)) - 32a164c3-8bb9-4158-a4d7-ada9eb729037: shutdown LeaderElection
2019-10-17 19:47:35,913 [32a164c3-8bb9-4158-a4d7-ada9eb729037@group-8BD2F7455A0F-LeaderElection62] INFO  impl.RoleInfo (RoleInfo.java:updateAndGet(143)) - 32a164c3-8bb9-4158-a4d7-ada9eb729037: start FollowerState
2019-10-17 19:47:35,972 [Thread-986] INFO  impl.FollowerState (FollowerState.java:run(108)) - 32a164c3-8bb9-4158-a4d7-ada9eb729037@group-4CC069B2961E-FollowerState: change to CANDIDATE, lastRpcTime:76ms, electionTimeout:76ms
2019-10-17 19:47:35,973 [Thread-986] INFO  impl.RoleInfo (RoleInfo.java:shutdownFollowerState(121)) - 32a164c3-8bb9-4158-a4d7-ada9eb729037: shutdown FollowerState
2019-10-17 19:47:35,973 [Thread-986] INFO  impl.RaftServerImpl (RaftServerImpl.java:setRole(184)) - 32a164c3-8bb9-4158-a4d7-ada9eb729037@group-4CC069B2961E: changes role from  FOLLOWER to CANDIDATE at term 33 for changeToCandidate
2019-10-17 19:47:35,973 [Thread-986] INFO  impl.RoleInfo (RoleInfo.java:updateAndGet(143)) - 32a164c3-8bb9-4158-a4d7-ada9eb729037: start LeaderElection
2019-10-17 19:47:36,002 [BlockDeletingService#2] WARN  background.BlockDeletingService (BlockDeletingService.java:isDeletionAllowed(187)) - Close Container log Index 6 is not replicated across allthe servers in the pipeline adc40928-88ac-46dc-94be-4cc069b2961e as the min replicated index is 4. Deletion is not allowed in this container yet.
2019-10-17 19:47:36,002 [BlockDeletingService#3] WARN  background.BlockDeletingService (BlockDeletingService.java:isDeletionAllowed(187)) - Close Container log Index 6 is not replicated across allthe servers in the pipeline adc40928-88ac-46dc-94be-4cc069b2961e as the min replicated index is 4. Deletion is not allowed in this container yet.
2019-10-17 19:47:36,003 [32a164c3-8bb9-4158-a4d7-ada9eb729037@group-4CC069B2961E-LeaderElection63] INFO  impl.LeaderElection (LeaderElection.java:askForVotes(178)) - 32a164c3-8bb9-4158-a4d7-ada9eb729037@group-4CC069B2961E-LeaderElection63: begin an election at term 34 for 0: [32a164c3-8bb9-4158-a4d7-ada9eb729037:192.168.164.201:42866, 5fa7c213-d229-4dfb-b48e-377c0ca33348:192.168.164.201:37765, fa049fba-12b8-4e17-ac2d-38ea71bdd2ce:192.168.164.201:41821], old=null
2019-10-17 19:47:36,007 [grpc-default-executor-3] INFO  impl.RaftServerImpl (RaftServerImpl.java:setRole(184)) - 5fa7c213-d229-4dfb-b48e-377c0ca33348@group-4CC069B2961E: changes role from  FOLLOWER to FOLLOWER at term 34 for recognizeCandidate:32a164c3-8bb9-4158-a4d7-ada9eb729037
2019-10-17 19:47:36,007 [grpc-default-executor-0] INFO  impl.RaftServerImpl (RaftServerImpl.java:setRole(184)) - fa049fba-12b8-4e17-ac2d-38ea71bdd2ce@group-4CC069B2961E: changes role from  FOLLOWER to FOLLOWER at term 34 for recognizeCandidate:32a164c3-8bb9-4158-a4d7-ada9eb729037
2019-10-17 19:47:36,007 [grpc-default-executor-3] INFO  impl.RoleInfo (RoleInfo.java:shutdownFollowerState(121)) - 5fa7c213-d229-4dfb-b48e-377c0ca33348: shutdown FollowerState
2019-10-17 19:47:36,007 [grpc-default-executor-0] INFO  impl.RoleInfo (RoleInfo.java:shutdownFollowerState(121)) - fa049fba-12b8-4e17-ac2d-38ea71bdd2ce: shutdown FollowerState
2019-10-17 19:47:36,007 [grpc-default-executor-3] INFO  impl.RoleInfo (RoleInfo.java:updateAndGet(143)) - 5fa7c213-d229-4dfb-b48e-377c0ca33348: start FollowerState
2019-10-17 19:47:36,007 [Thread-981] INFO  impl.FollowerState (FollowerState.java:run(117)) - fa049fba-12b8-4e17-ac2d-38ea71bdd2ce@group-4CC069B2961E-FollowerState was interrupted: java.lang.InterruptedException: sleep interrupted
2019-10-17 19:47:36,007 [Thread-980] INFO  impl.FollowerState (FollowerState.java:run(117)) - 5fa7c213-d229-4dfb-b48e-377c0ca33348@group-4CC069B2961E-FollowerState was interrupted: java.lang.InterruptedException: sleep interrupted
2019-10-17 19:47:36,007 [grpc-default-executor-0] INFO  impl.RoleInfo (RoleInfo.java:updateAndGet(143)) - fa049fba-12b8-4e17-ac2d-38ea71bdd2ce: start FollowerState
2019-10-17 19:47:36,030 [32a164c3-8bb9-4158-a4d7-ada9eb729037@group-4CC069B2961E-LeaderElection63] INFO  impl.LeaderElection (LeaderElection.java:logAndReturn(56)) - 32a164c3-8bb9-4158-a4d7-ada9eb729037@group-4CC069B2961E-LeaderElection63: Election REJECTED; received 2 response(s) [32a164c3-8bb9-4158-a4d7-ada9eb729037<-5fa7c213-d229-4dfb-b48e-377c0ca33348#0:FAIL-t34, 32a164c3-8bb9-4158-a4d7-ada9eb729037<-fa049fba-12b8-4e17-ac2d-38ea71bdd2ce#0:FAIL-t34] and 0 exception(s); 32a164c3-8bb9-4158-a4d7-ada9eb729037@group-4CC069B2961E:t34, leader=null, voted=32a164c3-8bb9-4158-a4d7-ada9eb729037, raftlog=32a164c3-8bb9-4158-a4d7-ada9eb729037@group-4CC069B2961E-SegmentedRaftLog:OPENED:c3,f4,i4, conf=0: [32a164c3-8bb9-4158-a4d7-ada9eb729037:192.168.164.201:42866, 5fa7c213-d229-4dfb-b48e-377c0ca33348:192.168.164.201:37765, fa049fba-12b8-4e17-ac2d-38ea71bdd2ce:192.168.164.201:41821], old=null
2019-10-17 19:47:36,030 [32a164c3-8bb9-4158-a4d7-ada9eb729037@group-4CC069B2961E-LeaderElection63] INFO  impl.RaftServerImpl (RaftServerImpl.java:setRole(184)) - 32a164c3-8bb9-4158-a4d7-ada9eb729037@group-4CC069B2961E: changes role from CANDIDATE to FOLLOWER at term 34 for DISCOVERED_A_NEW_TERM
2019-10-17 19:47:36,030 [32a164c3-8bb9-4158-a4d7-ada9eb729037@group-4CC069B2961E-LeaderElection63] INFO  impl.RoleInfo (RoleInfo.java:shutdownLeaderElection(134)) - 32a164c3-8bb9-4158-a4d7-ada9eb729037: shutdown LeaderElection
2019-10-17 19:47:36,030 [32a164c3-8bb9-4158-a4d7-ada9eb729037@group-4CC069B2961E-LeaderElection63] INFO  impl.RoleInfo (RoleInfo.java:updateAndGet(143)) - 32a164c3-8bb9-4158-a4d7-ada9eb729037: start FollowerState
2019-10-17 19:47:36,087 [Thread-987] INFO  impl.FollowerState (FollowerState.java:run(108)) - 32a164c3-8bb9-4158-a4d7-ada9eb729037@group-8BD2F7455A0F-FollowerState: change to CANDIDATE, lastRpcTime:174ms, electionTimeout:174ms
2019-10-17 19:47:36,088 [Thread-987] INFO  impl.RoleInfo (RoleInfo.java:shutdownFollowerState(121)) - 32a164c3-8bb9-4158-a4d7-ada9eb729037: shutdown FollowerState
2019-10-17 19:47:36,088 [Thread-987] INFO  impl.RaftServerImpl (RaftServerImpl.java:setRole(184)) - 32a164c3-8bb9-4158-a4d7-ada9eb729037@group-8BD2F7455A0F: changes role from  FOLLOWER to CANDIDATE at term 18 for changeToCandidate
2019-10-17 19:47:36,088 [Thread-987] INFO  impl.RoleInfo (RoleInfo.java:updateAndGet(143)) - 32a164c3-8bb9-4158-a4d7-ada9eb729037: start LeaderElection
2019-10-17 19:47:36,112 [32a164c3-8bb9-4158-a4d7-ada9eb729037@group-8BD2F7455A0F-LeaderElection64] INFO  impl.LeaderElection (LeaderElection.java:askForVotes(178)) - 32a164c3-8bb9-4158-a4d7-ada9eb729037@group-8BD2F7455A0F-LeaderElection64: begin an election at term 19 for -1: [32a164c3-8bb9-4158-a4d7-ada9eb729037:192.168.164.201:42866, 5fa7c213-d229-4dfb-b48e-377c0ca33348:192.168.164.201:37765, fa049fba-12b8-4e17-ac2d-38ea71bdd2ce:192.168.164.201:41821], old=null
2019-10-17 19:47:36,115 [grpc-default-executor-3] INFO  impl.RaftServerImpl (RaftServerImpl.java:setRole(184)) - fa049fba-12b8-4e17-ac2d-38ea71bdd2ce@group-8BD2F7455A0F: changes role from  FOLLOWER to FOLLOWER at term 19 for recognizeCandidate:32a164c3-8bb9-4158-a4d7-ada9eb729037
2019-10-17 19:47:36,115 [grpc-default-executor-3] INFO  impl.RoleInfo (RoleInfo.java:shutdownFollowerState(121)) - fa049fba-12b8-4e17-ac2d-38ea71bdd2ce: shutdown FollowerState
2019-10-17 19:47:36,115 [grpc-default-executor-0] INFO  impl.RaftServerImpl (RaftServerImpl.java:setRole(184)) - 5fa7c213-d229-4dfb-b48e-377c0ca33348@group-8BD2F7455A0F: changes role from  FOLLOWER to FOLLOWER at term 19 for recognizeCandidate:32a164c3-8bb9-4158-a4d7-ada9eb729037
2019-10-17 19:47:36,115 [Thread-984] INFO  impl.FollowerState (FollowerState.java:run(117)) - fa049fba-12b8-4e17-ac2d-38ea71bdd2ce@group-8BD2F7455A0F-FollowerState was interrupted: java.lang.InterruptedException: sleep interrupted
2019-10-17 19:47:36,115 [grpc-default-executor-3] INFO  impl.RoleInfo (RoleInfo.java:updateAndGet(143)) - fa049fba-12b8-4e17-ac2d-38ea71bdd2ce: start FollowerState
2019-10-17 19:47:36,115 [grpc-default-executor-0] INFO  impl.RoleInfo (RoleInfo.java:shutdownFollowerState(121)) - 5fa7c213-d229-4dfb-b48e-377c0ca33348: shutdown FollowerState
2019-10-17 19:47:36,116 [grpc-default-executor-0] INFO  impl.RoleInfo (RoleInfo.java:updateAndGet(143)) - 5fa7c213-d229-4dfb-b48e-377c0ca33348: start FollowerState
2019-10-17 19:47:36,116 [Thread-985] INFO  impl.FollowerState (FollowerState.java:run(117)) - 5fa7c213-d229-4dfb-b48e-377c0ca33348@group-8BD2F7455A0F-FollowerState was interrupted: java.lang.InterruptedException: sleep interrupted
2019-10-17 19:47:36,139 [32a164c3-8bb9-4158-a4d7-ada9eb729037@group-8BD2F7455A0F-LeaderElection64] INFO  impl.LeaderElection (LeaderElection.java:logAndReturn(56)) - 32a164c3-8bb9-4158-a4d7-ada9eb729037@group-8BD2F7455A0F-LeaderElection64: Election REJECTED; received 2 response(s) [32a164c3-8bb9-4158-a4d7-ada9eb729037<-5fa7c213-d229-4dfb-b48e-377c0ca33348#0:FAIL-t19, 32a164c3-8bb9-4158-a4d7-ada9eb729037<-fa049fba-12b8-4e17-ac2d-38ea71bdd2ce#0:FAIL-t19] and 0 exception(s); 32a164c3-8bb9-4158-a4d7-ada9eb729037@group-8BD2F7455A0F:t19, leader=null, voted=32a164c3-8bb9-4158-a4d7-ada9eb729037, raftlog=32a164c3-8bb9-4158-a4d7-ada9eb729037@group-8BD2F7455A0F-SegmentedRaftLog:OPENED:c-1,f-1,i0, conf=-1: [32a164c3-8bb9-4158-a4d7-ada9eb729037:192.168.164.201:42866, 5fa7c213-d229-4dfb-b48e-377c0ca33348:192.168.164.201:37765, fa049fba-12b8-4e17-ac2d-38ea71bdd2ce:192.168.164.201:41821], old=null
2019-10-17 19:47:36,139 [32a164c3-8bb9-4158-a4d7-ada9eb729037@group-8BD2F7455A0F-LeaderElection64] INFO  impl.RaftServerImpl (RaftServerImpl.java:setRole(184)) - 32a164c3-8bb9-4158-a4d7-ada9eb729037@group-8BD2F7455A0F: changes role from CANDIDATE to FOLLOWER at term 19 for DISCOVERED_A_NEW_TERM
2019-10-17 19:47:36,139 [32a164c3-8bb9-4158-a4d7-ada9eb729037@group-8BD2F7455A0F-LeaderElection64] INFO  impl.RoleInfo (RoleInfo.java:shutdownLeaderElection(134)) - 32a164c3-8bb9-4158-a4d7-ada9eb729037: shutdown LeaderElection
2019-10-17 19:47:36,139 [32a164c3-8bb9-4158-a4d7-ada9eb729037@group-8BD2F7455A0F-LeaderElection64] INFO  impl.RoleInfo (RoleInfo.java:updateAndGet(143)) - 32a164c3-8bb9-4158-a4d7-ada9eb729037: start FollowerState
2019-10-17 19:47:36,169 [Thread-995] INFO  impl.FollowerState (FollowerState.java:run(108)) - 32a164c3-8bb9-4158-a4d7-ada9eb729037@group-4CC069B2961E-FollowerState: change to CANDIDATE, lastRpcTime:138ms, electionTimeout:138ms
2019-10-17 19:47:36,169 [Thread-995] INFO  impl.RoleInfo (RoleInfo.java:shutdownFollowerState(121)) - 32a164c3-8bb9-4158-a4d7-ada9eb729037: shutdown FollowerState
2019-10-17 19:47:36,169 [Thread-995] INFO  impl.RaftServerImpl (RaftServerImpl.java:setRole(184)) - 32a164c3-8bb9-4158-a4d7-ada9eb729037@group-4CC069B2961E: changes role from  FOLLOWER to CANDIDATE at term 34 for changeToCandidate
2019-10-17 19:47:36,169 [Thread-995] INFO  impl.RoleInfo (RoleInfo.java:updateAndGet(143)) - 32a164c3-8bb9-4158-a4d7-ada9eb729037: start LeaderElection
2019-10-17 19:47:36,197 [32a164c3-8bb9-4158-a4d7-ada9eb729037@group-4CC069B2961E-LeaderElection65] INFO  impl.LeaderElection (LeaderElection.java:askForVotes(178)) - 32a164c3-8bb9-4158-a4d7-ada9eb729037@group-4CC069B2961E-LeaderElection65: begin an election at term 35 for 0: [32a164c3-8bb9-4158-a4d7-ada9eb729037:192.168.164.201:42866, 5fa7c213-d229-4dfb-b48e-377c0ca33348:192.168.164.201:37765, fa049fba-12b8-4e17-ac2d-38ea71bdd2ce:192.168.164.201:41821], old=null
2019-10-17 19:47:36,199 [grpc-default-executor-3] INFO  impl.RaftServerImpl (RaftServerImpl.java:setRole(184)) - fa049fba-12b8-4e17-ac2d-38ea71bdd2ce@group-4CC069B2961E: changes role from  FOLLOWER to FOLLOWER at term 35 for recognizeCandidate:32a164c3-8bb9-4158-a4d7-ada9eb729037
2019-10-17 19:47:36,199 [grpc-default-executor-0] INFO  impl.RaftServerImpl (RaftServerImpl.java:setRole(184)) - 5fa7c213-d229-4dfb-b48e-377c0ca33348@group-4CC069B2961E: changes role from  FOLLOWER to FOLLOWER at term 35 for recognizeCandidate:32a164c3-8bb9-4158-a4d7-ada9eb729037
2019-10-17 19:47:36,200 [grpc-default-executor-3] INFO  impl.RoleInfo (RoleInfo.java:shutdownFollowerState(121)) - fa049fba-12b8-4e17-ac2d-38ea71bdd2ce: shutdown FollowerState
2019-10-17 19:47:36,200 [grpc-default-executor-0] INFO  impl.RoleInfo (RoleInfo.java:shutdownFollowerState(121)) - 5fa7c213-d229-4dfb-b48e-377c0ca33348: shutdown FollowerState
2019-10-17 19:47:36,200 [Thread-994] INFO  impl.FollowerState (FollowerState.java:run(117)) - fa049fba-12b8-4e17-ac2d-38ea71bdd2ce@group-4CC069B2961E-FollowerState was interrupted: java.lang.InterruptedException: sleep interrupted
2019-10-17 19:47:36,200 [grpc-default-executor-3] INFO  impl.RoleInfo (RoleInfo.java:updateAndGet(143)) - fa049fba-12b8-4e17-ac2d-38ea71bdd2ce: start FollowerState
2019-10-17 19:47:36,200 [Thread-993] INFO  impl.FollowerState (FollowerState.java:run(117)) - 5fa7c213-d229-4dfb-b48e-377c0ca33348@group-4CC069B2961E-FollowerState was interrupted: java.lang.InterruptedException: sleep interrupted
2019-10-17 19:47:36,200 [grpc-default-executor-0] INFO  impl.RoleInfo (RoleInfo.java:updateAndGet(143)) - 5fa7c213-d229-4dfb-b48e-377c0ca33348: start FollowerState
2019-10-17 19:47:36,216 [Thread-1002] INFO  impl.FollowerState (FollowerState.java:run(108)) - 32a164c3-8bb9-4158-a4d7-ada9eb729037@group-8BD2F7455A0F-FollowerState: change to CANDIDATE, lastRpcTime:76ms, electionTimeout:76ms
2019-10-17 19:47:36,216 [Thread-1002] INFO  impl.RoleInfo (RoleInfo.java:shutdownFollowerState(121)) - 32a164c3-8bb9-4158-a4d7-ada9eb729037: shutdown FollowerState
2019-10-17 19:47:36,216 [Thread-1002] INFO  impl.RaftServerImpl (RaftServerImpl.java:setRole(184)) - 32a164c3-8bb9-4158-a4d7-ada9eb729037@group-8BD2F7455A0F: changes role from  FOLLOWER to CANDIDATE at term 19 for changeToCandidate
2019-10-17 19:47:36,216 [Thread-1002] INFO  impl.RoleInfo (RoleInfo.java:updateAndGet(143)) - 32a164c3-8bb9-4158-a4d7-ada9eb729037: start LeaderElection
2019-10-17 19:47:36,224 [32a164c3-8bb9-4158-a4d7-ada9eb729037@group-4CC069B2961E-LeaderElection65] INFO  impl.LeaderElection (LeaderElection.java:logAndReturn(56)) - 32a164c3-8bb9-4158-a4d7-ada9eb729037@group-4CC069B2961E-LeaderElection65: Election REJECTED; received 2 response(s) [32a164c3-8bb9-4158-a4d7-ada9eb729037<-5fa7c213-d229-4dfb-b48e-377c0ca33348#0:FAIL-t35, 32a164c3-8bb9-4158-a4d7-ada9eb729037<-fa049fba-12b8-4e17-ac2d-38ea71bdd2ce#0:FAIL-t35] and 0 exception(s); 32a164c3-8bb9-4158-a4d7-ada9eb729037@group-4CC069B2961E:t35, leader=null, voted=32a164c3-8bb9-4158-a4d7-ada9eb729037, raftlog=32a164c3-8bb9-4158-a4d7-ada9eb729037@group-4CC069B2961E-SegmentedRaftLog:OPENED:c3,f4,i4, conf=0: [32a164c3-8bb9-4158-a4d7-ada9eb729037:192.168.164.201:42866, 5fa7c213-d229-4dfb-b48e-377c0ca33348:192.168.164.201:37765, fa049fba-12b8-4e17-ac2d-38ea71bdd2ce:192.168.164.201:41821], old=null
2019-10-17 19:47:36,224 [32a164c3-8bb9-4158-a4d7-ada9eb729037@group-4CC069B2961E-LeaderElection65] INFO  impl.RaftServerImpl (RaftServerImpl.java:setRole(184)) - 32a164c3-8bb9-4158-a4d7-ada9eb729037@group-4CC069B2961E: changes role from CANDIDATE to FOLLOWER at term 35 for DISCOVERED_A_NEW_TERM
2019-10-17 19:47:36,225 [32a164c3-8bb9-4158-a4d7-ada9eb729037@group-4CC069B2961E-LeaderElection65] INFO  impl.RoleInfo (RoleInfo.java:shutdownLeaderElection(134)) - 32a164c3-8bb9-4158-a4d7-ada9eb729037: shutdown LeaderElection
2019-10-17 19:47:36,225 [32a164c3-8bb9-4158-a4d7-ada9eb729037@group-4CC069B2961E-LeaderElection65] INFO  impl.RoleInfo (RoleInfo.java:updateAndGet(143)) - 32a164c3-8bb9-4158-a4d7-ada9eb729037: start FollowerState
2019-10-17 19:47:36,240 [32a164c3-8bb9-4158-a4d7-ada9eb729037@group-8BD2F7455A0F-LeaderElection66] INFO  impl.LeaderElection (LeaderElection.java:askForVotes(178)) - 32a164c3-8bb9-4158-a4d7-ada9eb729037@group-8BD2F7455A0F-LeaderElection66: begin an election at term 20 for -1: [32a164c3-8bb9-4158-a4d7-ada9eb729037:192.168.164.201:42866, 5fa7c213-d229-4dfb-b48e-377c0ca33348:192.168.164.201:37765, fa049fba-12b8-4e17-ac2d-38ea71bdd2ce:192.168.164.201:41821], old=null
2019-10-17 19:47:36,242 [grpc-default-executor-0] INFO  impl.RaftServerImpl (RaftServerImpl.java:setRole(184)) - fa049fba-12b8-4e17-ac2d-38ea71bdd2ce@group-8BD2F7455A0F: changes role from  FOLLOWER to FOLLOWER at term 20 for recognizeCandidate:32a164c3-8bb9-4158-a4d7-ada9eb729037
2019-10-17 19:47:36,242 [grpc-default-executor-3] INFO  impl.RaftServerImpl (RaftServerImpl.java:setRole(184)) - 5fa7c213-d229-4dfb-b48e-377c0ca33348@group-8BD2F7455A0F: changes role from  FOLLOWER to FOLLOWER at term 20 for recognizeCandidate:32a164c3-8bb9-4158-a4d7-ada9eb729037
2019-10-17 19:47:36,243 [grpc-default-executor-0] INFO  impl.RoleInfo (RoleInfo.java:shutdownFollowerState(121)) - fa049fba-12b8-4e17-ac2d-38ea71bdd2ce: shutdown FollowerState
2019-10-17 19:47:36,243 [grpc-default-executor-3] INFO  impl.RoleInfo (RoleInfo.java:shutdownFollowerState(121)) - 5fa7c213-d229-4dfb-b48e-377c0ca33348: shutdown FollowerState
2019-10-17 19:47:36,243 [Thread-999] INFO  impl.FollowerState (FollowerState.java:run(117)) - fa049fba-12b8-4e17-ac2d-38ea71bdd2ce@group-8BD2F7455A0F-FollowerState was interrupted: java.lang.InterruptedException: sleep interrupted
2019-10-17 19:47:36,243 [Thread-1000] INFO  impl.FollowerState (FollowerState.java:run(117)) - 5fa7c213-d229-4dfb-b48e-377c0ca33348@group-8BD2F7455A0F-FollowerState was interrupted: java.lang.InterruptedException: sleep interrupted
2019-10-17 19:47:36,243 [grpc-default-executor-0] INFO  impl.RoleInfo (RoleInfo.java:updateAndGet(143)) - fa049fba-12b8-4e17-ac2d-38ea71bdd2ce: start FollowerState
2019-10-17 19:47:36,243 [grpc-default-executor-3] INFO  impl.RoleInfo (RoleInfo.java:updateAndGet(143)) - 5fa7c213-d229-4dfb-b48e-377c0ca33348: start FollowerState
2019-10-17 19:47:36,267 [32a164c3-8bb9-4158-a4d7-ada9eb729037@group-8BD2F7455A0F-LeaderElection66] INFO  impl.LeaderElection (LeaderElection.java:logAndReturn(56)) - 32a164c3-8bb9-4158-a4d7-ada9eb729037@group-8BD2F7455A0F-LeaderElection66: Election REJECTED; received 2 response(s) [32a164c3-8bb9-4158-a4d7-ada9eb729037<-5fa7c213-d229-4dfb-b48e-377c0ca33348#0:FAIL-t20, 32a164c3-8bb9-4158-a4d7-ada9eb729037<-fa049fba-12b8-4e17-ac2d-38ea71bdd2ce#0:FAIL-t20] and 0 exception(s); 32a164c3-8bb9-4158-a4d7-ada9eb729037@group-8BD2F7455A0F:t20, leader=null, voted=32a164c3-8bb9-4158-a4d7-ada9eb729037, raftlog=32a164c3-8bb9-4158-a4d7-ada9eb729037@group-8BD2F7455A0F-SegmentedRaftLog:OPENED:c-1,f-1,i0, conf=-1: [32a164c3-8bb9-4158-a4d7-ada9eb729037:192.168.164.201:42866, 5fa7c213-d229-4dfb-b48e-377c0ca33348:192.168.164.201:37765, fa049fba-12b8-4e17-ac2d-38ea71bdd2ce:192.168.164.201:41821], old=null
2019-10-17 19:47:36,267 [32a164c3-8bb9-4158-a4d7-ada9eb729037@group-8BD2F7455A0F-LeaderElection66] INFO  impl.RaftServerImpl (RaftServerImpl.java:setRole(184)) - 32a164c3-8bb9-4158-a4d7-ada9eb729037@group-8BD2F7455A0F: changes role from CANDIDATE to FOLLOWER at term 20 for DISCOVERED_A_NEW_TERM
2019-10-17 19:47:36,267 [32a164c3-8bb9-4158-a4d7-ada9eb729037@group-8BD2F7455A0F-LeaderElection66] INFO  impl.RoleInfo (RoleInfo.java:shutdownLeaderElection(134)) - 32a164c3-8bb9-4158-a4d7-ada9eb729037: shutdown LeaderElection
2019-10-17 19:47:36,267 [32a164c3-8bb9-4158-a4d7-ada9eb729037@group-8BD2F7455A0F-LeaderElection66] INFO  impl.RoleInfo (RoleInfo.java:updateAndGet(143)) - 32a164c3-8bb9-4158-a4d7-ada9eb729037: start FollowerState
2019-10-17 19:47:36,308 [Thread-1009] INFO  impl.FollowerState (FollowerState.java:run(108)) - 32a164c3-8bb9-4158-a4d7-ada9eb729037@group-4CC069B2961E-FollowerState: change to CANDIDATE, lastRpcTime:83ms, electionTimeout:83ms
2019-10-17 19:47:36,308 [Thread-1009] INFO  impl.RoleInfo (RoleInfo.java:shutdownFollowerState(121)) - 32a164c3-8bb9-4158-a4d7-ada9eb729037: shutdown FollowerState
2019-10-17 19:47:36,308 [Thread-1009] INFO  impl.RaftServerImpl (RaftServerImpl.java:setRole(184)) - 32a164c3-8bb9-4158-a4d7-ada9eb729037@group-4CC069B2961E: changes role from  FOLLOWER to CANDIDATE at term 35 for changeToCandidate
2019-10-17 19:47:36,309 [Thread-1009] INFO  impl.RoleInfo (RoleInfo.java:updateAndGet(143)) - 32a164c3-8bb9-4158-a4d7-ada9eb729037: start LeaderElection
2019-10-17 19:47:36,318 [Thread-1014] INFO  impl.FollowerState (FollowerState.java:run(108)) - 32a164c3-8bb9-4158-a4d7-ada9eb729037@group-8BD2F7455A0F-FollowerState: change to CANDIDATE, lastRpcTime:50ms, electionTimeout:50ms
2019-10-17 19:47:36,318 [Thread-1014] INFO  impl.RoleInfo (RoleInfo.java:shutdownFollowerState(121)) - 32a164c3-8bb9-4158-a4d7-ada9eb729037: shutdown FollowerState
2019-10-17 19:47:36,318 [Thread-1014] INFO  impl.RaftServerImpl (RaftServerImpl.java:setRole(184)) - 32a164c3-8bb9-4158-a4d7-ada9eb729037@group-8BD2F7455A0F: changes role from  FOLLOWER to CANDIDATE at term 20 for changeToCandidate
2019-10-17 19:47:36,318 [Thread-1014] INFO  impl.RoleInfo (RoleInfo.java:updateAndGet(143)) - 32a164c3-8bb9-4158-a4d7-ada9eb729037: start LeaderElection
2019-10-17 19:47:36,327 [Thread-1018] INFO  client.GrpcClientProtocolService (GrpcClientProtocolService.java:lambda$processClientRequest$0(278)) - Failed RaftClientRequest:client-30F7F12B0123->5fa7c213-d229-4dfb-b48e-377c0ca33348@group-4CC069B2961E, cid=16, seq=0, Watch-ALL_COMMITTED(6), Message:<EMPTY>, reply=RaftClientReply:client-30F7F12B0123->5fa7c213-d229-4dfb-b48e-377c0ca33348@group-4CC069B2961E, cid=16, FAILED org.apache.ratis.protocol.NotLeaderException: Server 5fa7c213-d229-4dfb-b48e-377c0ca33348@group-4CC069B2961E is not the leader, logIndex=0, commits[5fa7c213-d229-4dfb-b48e-377c0ca33348:c10, 32a164c3-8bb9-4158-a4d7-ada9eb729037:c4, fa049fba-12b8-4e17-ac2d-38ea71bdd2ce:c10]
2019-10-17 19:47:36,341 [32a164c3-8bb9-4158-a4d7-ada9eb729037@group-8BD2F7455A0F-LeaderElection68] INFO  impl.LeaderElection (LeaderElection.java:askForVotes(178)) - 32a164c3-8bb9-4158-a4d7-ada9eb729037@group-8BD2F7455A0F-LeaderElection68: begin an election at term 21 for -1: [32a164c3-8bb9-4158-a4d7-ada9eb729037:192.168.164.201:42866, 5fa7c213-d229-4dfb-b48e-377c0ca33348:192.168.164.201:37765, fa049fba-12b8-4e17-ac2d-38ea71bdd2ce:192.168.164.201:41821], old=null
2019-10-17 19:47:36,341 [32a164c3-8bb9-4158-a4d7-ada9eb729037@group-4CC069B2961E-LeaderElection67] INFO  impl.LeaderElection (LeaderElection.java:askForVotes(178)) - 32a164c3-8bb9-4158-a4d7-ada9eb729037@group-4CC069B2961E-LeaderElection67: begin an election at term 36 for 0: [32a164c3-8bb9-4158-a4d7-ada9eb729037:192.168.164.201:42866, 5fa7c213-d229-4dfb-b48e-377c0ca33348:192.168.164.201:37765, fa049fba-12b8-4e17-ac2d-38ea71bdd2ce:192.168.164.201:41821], old=null
2019-10-17 19:47:36,344 [grpc-default-executor-7] INFO  impl.RaftServerImpl (RaftServerImpl.java:setRole(184)) - fa049fba-12b8-4e17-ac2d-38ea71bdd2ce@group-4CC069B2961E: changes role from  FOLLOWER to FOLLOWER at term 36 for recognizeCandidate:32a164c3-8bb9-4158-a4d7-ada9eb729037
2019-10-17 19:47:36,344 [grpc-default-executor-6] INFO  impl.RaftServerImpl (RaftServerImpl.java:setRole(184)) - fa049fba-12b8-4e17-ac2d-38ea71bdd2ce@group-8BD2F7455A0F: changes role from  FOLLOWER to FOLLOWER at term 21 for recognizeCandidate:32a164c3-8bb9-4158-a4d7-ada9eb729037
2019-10-17 19:47:36,344 [grpc-default-executor-0] INFO  impl.RaftServerImpl (RaftServerImpl.java:setRole(184)) - 5fa7c213-d229-4dfb-b48e-377c0ca33348@group-4CC069B2961E: changes role from  FOLLOWER to FOLLOWER at term 36 for recognizeCandidate:32a164c3-8bb9-4158-a4d7-ada9eb729037
2019-10-17 19:47:36,344 [grpc-default-executor-3] INFO  impl.RaftServerImpl (RaftServerImpl.java:setRole(184)) - 5fa7c213-d229-4dfb-b48e-377c0ca33348@group-8BD2F7455A0F: changes role from  FOLLOWER to FOLLOWER at term 21 for recognizeCandidate:32a164c3-8bb9-4158-a4d7-ada9eb729037
2019-10-17 19:47:36,345 [grpc-default-executor-0] INFO  impl.RoleInfo (RoleInfo.java:shutdownFollowerState(121)) - 5fa7c213-d229-4dfb-b48e-377c0ca33348: shutdown FollowerState
2019-10-17 19:47:36,345 [grpc-default-executor-6] INFO  impl.RoleInfo (RoleInfo.java:shutdownFollowerState(121)) - fa049fba-12b8-4e17-ac2d-38ea71bdd2ce: shutdown FollowerState
2019-10-17 19:47:36,344 [grpc-default-executor-7] INFO  impl.RoleInfo (RoleInfo.java:shutdownFollowerState(121)) - fa049fba-12b8-4e17-ac2d-38ea71bdd2ce: shutdown FollowerState
2019-10-17 19:47:36,345 [Thread-1012] INFO  impl.FollowerState (FollowerState.java:run(117)) - fa049fba-12b8-4e17-ac2d-38ea71bdd2ce@group-8BD2F7455A0F-FollowerState was interrupted: java.lang.InterruptedException: sleep interrupted
2019-10-17 19:47:36,345 [grpc-default-executor-6] INFO  impl.RoleInfo (RoleInfo.java:updateAndGet(143)) - fa049fba-12b8-4e17-ac2d-38ea71bdd2ce: start FollowerState
2019-10-17 19:47:36,345 [grpc-default-executor-0] INFO  impl.RoleInfo (RoleInfo.java:updateAndGet(143)) - 5fa7c213-d229-4dfb-b48e-377c0ca33348: start FollowerState
2019-10-17 19:47:36,345 [Thread-1007] INFO  impl.FollowerState (FollowerState.java:run(117)) - 5fa7c213-d229-4dfb-b48e-377c0ca33348@group-4CC069B2961E-FollowerState was interrupted: java.lang.InterruptedException: sleep interrupted
2019-10-17 19:47:36,345 [grpc-default-executor-3] INFO  impl.RoleInfo (RoleInfo.java:shutdownFollowerState(121)) - 5fa7c213-d229-4dfb-b48e-377c0ca33348: shutdown FollowerState
2019-10-17 19:47:36,345 [Thread-1006] INFO  impl.FollowerState (FollowerState.java:run(117)) - fa049fba-12b8-4e17-ac2d-38ea71bdd2ce@group-4CC069B2961E-FollowerState was interrupted: java.lang.InterruptedException: sleep interrupted
2019-10-17 19:47:36,345 [grpc-default-executor-7] INFO  impl.RoleInfo (RoleInfo.java:updateAndGet(143)) - fa049fba-12b8-4e17-ac2d-38ea71bdd2ce: start FollowerState
2019-10-17 19:47:36,346 [Thread-1013] INFO  impl.FollowerState (FollowerState.java:run(117)) - 5fa7c213-d229-4dfb-b48e-377c0ca33348@group-8BD2F7455A0F-FollowerState was interrupted: java.lang.InterruptedException: sleep interrupted
2019-10-17 19:47:36,346 [grpc-default-executor-3] INFO  impl.RoleInfo (RoleInfo.java:updateAndGet(143)) - 5fa7c213-d229-4dfb-b48e-377c0ca33348: start FollowerState
2019-10-17 19:47:36,355 [32a164c3-8bb9-4158-a4d7-ada9eb729037@group-8BD2F7455A0F-LeaderElection68] INFO  impl.LeaderElection (LeaderElection.java:logAndReturn(56)) - 32a164c3-8bb9-4158-a4d7-ada9eb729037@group-8BD2F7455A0F-LeaderElection68: Election TIMEOUT; received 0 response(s) [] and 0 exception(s); 32a164c3-8bb9-4158-a4d7-ada9eb729037@group-8BD2F7455A0F:t21, leader=null, voted=32a164c3-8bb9-4158-a4d7-ada9eb729037, raftlog=32a164c3-8bb9-4158-a4d7-ada9eb729037@group-8BD2F7455A0F-SegmentedRaftLog:OPENED:c-1,f-1,i0, conf=-1: [32a164c3-8bb9-4158-a4d7-ada9eb729037:192.168.164.201:42866, 5fa7c213-d229-4dfb-b48e-377c0ca33348:192.168.164.201:37765, fa049fba-12b8-4e17-ac2d-38ea71bdd2ce:192.168.164.201:41821], old=null
2019-10-17 19:47:36,375 [32a164c3-8bb9-4158-a4d7-ada9eb729037@group-8BD2F7455A0F-LeaderElection68] INFO  impl.LeaderElection (LeaderElection.java:askForVotes(178)) - 32a164c3-8bb9-4158-a4d7-ada9eb729037@group-8BD2F7455A0F-LeaderElection68: begin an election at term 22 for -1: [32a164c3-8bb9-4158-a4d7-ada9eb729037:192.168.164.201:42866, 5fa7c213-d229-4dfb-b48e-377c0ca33348:192.168.164.201:37765, fa049fba-12b8-4e17-ac2d-38ea71bdd2ce:192.168.164.201:41821], old=null
2019-10-17 19:47:36,377 [32a164c3-8bb9-4158-a4d7-ada9eb729037@group-4CC069B2961E-LeaderElection67] INFO  impl.LeaderElection (LeaderElection.java:logAndReturn(56)) - 32a164c3-8bb9-4158-a4d7-ada9eb729037@group-4CC069B2961E-LeaderElection67: Election REJECTED; received 2 response(s) [32a164c3-8bb9-4158-a4d7-ada9eb729037<-5fa7c213-d229-4dfb-b48e-377c0ca33348#0:FAIL-t36, 32a164c3-8bb9-4158-a4d7-ada9eb729037<-fa049fba-12b8-4e17-ac2d-38ea71bdd2ce#0:FAIL-t36] and 0 exception(s); 32a164c3-8bb9-4158-a4d7-ada9eb729037@group-4CC069B2961E:t36, leader=null, voted=32a164c3-8bb9-4158-a4d7-ada9eb729037, raftlog=32a164c3-8bb9-4158-a4d7-ada9eb729037@group-4CC069B2961E-SegmentedRaftLog:OPENED:c3,f4,i4, conf=0: [32a164c3-8bb9-4158-a4d7-ada9eb729037:192.168.164.201:42866, 5fa7c213-d229-4dfb-b48e-377c0ca33348:192.168.164.201:37765, fa049fba-12b8-4e17-ac2d-38ea71bdd2ce:192.168.164.201:41821], old=null
2019-10-17 19:47:36,377 [32a164c3-8bb9-4158-a4d7-ada9eb729037@group-4CC069B2961E-LeaderElection67] INFO  impl.RaftServerImpl (RaftServerImpl.java:setRole(184)) - 32a164c3-8bb9-4158-a4d7-ada9eb729037@group-4CC069B2961E: changes role from CANDIDATE to FOLLOWER at term 36 for DISCOVERED_A_NEW_TERM
2019-10-17 19:47:36,377 [32a164c3-8bb9-4158-a4d7-ada9eb729037@group-4CC069B2961E-LeaderElection67] INFO  impl.RoleInfo (RoleInfo.java:shutdownLeaderElection(134)) - 32a164c3-8bb9-4158-a4d7-ada9eb729037: shutdown LeaderElection
2019-10-17 19:47:36,377 [32a164c3-8bb9-4158-a4d7-ada9eb729037@group-4CC069B2961E-LeaderElection67] INFO  impl.RoleInfo (RoleInfo.java:updateAndGet(143)) - 32a164c3-8bb9-4158-a4d7-ada9eb729037: start FollowerState
2019-10-17 19:47:36,377 [grpc-default-executor-7] INFO  impl.RaftServerImpl (RaftServerImpl.java:setRole(184)) - 5fa7c213-d229-4dfb-b48e-377c0ca33348@group-8BD2F7455A0F: changes role from  FOLLOWER to FOLLOWER at term 22 for recognizeCandidate:32a164c3-8bb9-4158-a4d7-ada9eb729037
2019-10-17 19:47:36,377 [grpc-default-executor-3] INFO  impl.RaftServerImpl (RaftServerImpl.java:setRole(184)) - fa049fba-12b8-4e17-ac2d-38ea71bdd2ce@group-8BD2F7455A0F: changes role from  FOLLOWER to FOLLOWER at term 22 for recognizeCandidate:32a164c3-8bb9-4158-a4d7-ada9eb729037
2019-10-17 19:47:36,378 [grpc-default-executor-7] INFO  impl.RoleInfo (RoleInfo.java:shutdownFollowerState(121)) - 5fa7c213-d229-4dfb-b48e-377c0ca33348: shutdown FollowerState
2019-10-17 19:47:36,378 [grpc-default-executor-3] INFO  impl.RoleInfo (RoleInfo.java:shutdownFollowerState(121)) - fa049fba-12b8-4e17-ac2d-38ea71bdd2ce: shutdown FollowerState
2019-10-17 19:47:36,378 [Thread-1027] INFO  impl.FollowerState (FollowerState.java:run(117)) - 5fa7c213-d229-4dfb-b48e-377c0ca33348@group-8BD2F7455A0F-FollowerState was interrupted: java.lang.InterruptedException: sleep interrupted
2019-10-17 19:47:36,378 [grpc-default-executor-7] INFO  impl.RoleInfo (RoleInfo.java:updateAndGet(143)) - 5fa7c213-d229-4dfb-b48e-377c0ca33348: start FollowerState
2019-10-17 19:47:36,378 [Thread-1025] INFO  impl.FollowerState (FollowerState.java:run(117)) - fa049fba-12b8-4e17-ac2d-38ea71bdd2ce@group-8BD2F7455A0F-FollowerState was interrupted: java.lang.InterruptedException: sleep interrupted
2019-10-17 19:47:36,378 [grpc-default-executor-3] INFO  impl.RoleInfo (RoleInfo.java:updateAndGet(143)) - fa049fba-12b8-4e17-ac2d-38ea71bdd2ce: start FollowerState
2019-10-17 19:47:36,402 [32a164c3-8bb9-4158-a4d7-ada9eb729037@group-8BD2F7455A0F-LeaderElection68] INFO  impl.LeaderElection (LeaderElection.java:logAndReturn(56)) - 32a164c3-8bb9-4158-a4d7-ada9eb729037@group-8BD2F7455A0F-LeaderElection68: Election REJECTED; received 2 response(s) [32a164c3-8bb9-4158-a4d7-ada9eb729037<-5fa7c213-d229-4dfb-b48e-377c0ca33348#0:FAIL-t22, 32a164c3-8bb9-4158-a4d7-ada9eb729037<-fa049fba-12b8-4e17-ac2d-38ea71bdd2ce#0:FAIL-t22] and 0 exception(s); 32a164c3-8bb9-4158-a4d7-ada9eb729037@group-8BD2F7455A0F:t22, leader=null, voted=32a164c3-8bb9-4158-a4d7-ada9eb729037, raftlog=32a164c3-8bb9-4158-a4d7-ada9eb729037@group-8BD2F7455A0F-SegmentedRaftLog:OPENED:c-1,f-1,i0, conf=-1: [32a164c3-8bb9-4158-a4d7-ada9eb729037:192.168.164.201:42866, 5fa7c213-d229-4dfb-b48e-377c0ca33348:192.168.164.201:37765, fa049fba-12b8-4e17-ac2d-38ea71bdd2ce:192.168.164.201:41821], old=null
2019-10-17 19:47:36,402 [32a164c3-8bb9-4158-a4d7-ada9eb729037@group-8BD2F7455A0F-LeaderElection68] INFO  impl.RaftServerImpl (RaftServerImpl.java:setRole(184)) - 32a164c3-8bb9-4158-a4d7-ada9eb729037@group-8BD2F7455A0F: changes role from CANDIDATE to FOLLOWER at term 22 for DISCOVERED_A_NEW_TERM
2019-10-17 19:47:36,402 [32a164c3-8bb9-4158-a4d7-ada9eb729037@group-8BD2F7455A0F-LeaderElection68] INFO  impl.RoleInfo (RoleInfo.java:shutdownLeaderElection(134)) - 32a164c3-8bb9-4158-a4d7-ada9eb729037: shutdown LeaderElection
2019-10-17 19:47:36,402 [32a164c3-8bb9-4158-a4d7-ada9eb729037@group-8BD2F7455A0F-LeaderElection68] INFO  impl.RoleInfo (RoleInfo.java:updateAndGet(143)) - 32a164c3-8bb9-4158-a4d7-ada9eb729037: start FollowerState
2019-10-17 19:47:36,546 [Thread-1030] INFO  impl.FollowerState (FollowerState.java:run(108)) - 32a164c3-8bb9-4158-a4d7-ada9eb729037@group-4CC069B2961E-FollowerState: change to CANDIDATE, lastRpcTime:168ms, electionTimeout:168ms
2019-10-17 19:47:36,546 [Thread-1030] INFO  impl.RoleInfo (RoleInfo.java:shutdownFollowerState(121)) - 32a164c3-8bb9-4158-a4d7-ada9eb729037: shutdown FollowerState
2019-10-17 19:47:36,546 [Thread-1030] INFO  impl.RaftServerImpl (RaftServerImpl.java:setRole(184)) - 32a164c3-8bb9-4158-a4d7-ada9eb729037@group-4CC069B2961E: changes role from  FOLLOWER to CANDIDATE at term 36 for changeToCandidate
2019-10-17 19:47:36,546 [Thread-1030] INFO  impl.RoleInfo (RoleInfo.java:updateAndGet(143)) - 32a164c3-8bb9-4158-a4d7-ada9eb729037: start LeaderElection
2019-10-17 19:47:36,576 [32a164c3-8bb9-4158-a4d7-ada9eb729037@group-4CC069B2961E-LeaderElection69] INFO  impl.LeaderElection (LeaderElection.java:askForVotes(178)) - 32a164c3-8bb9-4158-a4d7-ada9eb729037@group-4CC069B2961E-LeaderElection69: begin an election at term 37 for 0: [32a164c3-8bb9-4158-a4d7-ada9eb729037:192.168.164.201:42866, 5fa7c213-d229-4dfb-b48e-377c0ca33348:192.168.164.201:37765, fa049fba-12b8-4e17-ac2d-38ea71bdd2ce:192.168.164.201:41821], old=null
2019-10-17 19:47:36,579 [grpc-default-executor-3] INFO  impl.RaftServerImpl (RaftServerImpl.java:setRole(184)) - 5fa7c213-d229-4dfb-b48e-377c0ca33348@group-4CC069B2961E: changes role from  FOLLOWER to FOLLOWER at term 37 for recognizeCandidate:32a164c3-8bb9-4158-a4d7-ada9eb729037
2019-10-17 19:47:36,579 [grpc-default-executor-7] INFO  impl.RaftServerImpl (RaftServerImpl.java:setRole(184)) - fa049fba-12b8-4e17-ac2d-38ea71bdd2ce@group-4CC069B2961E: changes role from  FOLLOWER to FOLLOWER at term 37 for recognizeCandidate:32a164c3-8bb9-4158-a4d7-ada9eb729037
2019-10-17 19:47:36,579 [grpc-default-executor-3] INFO  impl.RoleInfo (RoleInfo.java:shutdownFollowerState(121)) - 5fa7c213-d229-4dfb-b48e-377c0ca33348: shutdown FollowerState
2019-10-17 19:47:36,580 [grpc-default-executor-7] INFO  impl.RoleInfo (RoleInfo.java:shutdownFollowerState(121)) - fa049fba-12b8-4e17-ac2d-38ea71bdd2ce: shutdown FollowerState
2019-10-17 19:47:36,580 [Thread-1024] INFO  impl.FollowerState (FollowerState.java:run(117)) - 5fa7c213-d229-4dfb-b48e-377c0ca33348@group-4CC069B2961E-FollowerState was interrupted: java.lang.InterruptedException: sleep interrupted
2019-10-17 19:47:36,580 [Thread-1026] INFO  impl.FollowerState (FollowerState.java:run(117)) - fa049fba-12b8-4e17-ac2d-38ea71bdd2ce@group-4CC069B2961E-FollowerState was interrupted: java.lang.InterruptedException: sleep interrupted
2019-10-17 19:47:36,580 [grpc-default-executor-3] INFO  impl.RoleInfo (RoleInfo.java:updateAndGet(143)) - 5fa7c213-d229-4dfb-b48e-377c0ca33348: start FollowerState
2019-10-17 19:47:36,580 [grpc-default-executor-7] INFO  impl.RoleInfo (RoleInfo.java:updateAndGet(143)) - fa049fba-12b8-4e17-ac2d-38ea71bdd2ce: start FollowerState
2019-10-17 19:47:36,585 [Thread-1033] INFO  impl.FollowerState (FollowerState.java:run(108)) - 32a164c3-8bb9-4158-a4d7-ada9eb729037@group-8BD2F7455A0F-FollowerState: change to CANDIDATE, lastRpcTime:182ms, electionTimeout:182ms
2019-10-17 19:47:36,585 [Thread-1033] INFO  impl.RoleInfo (RoleInfo.java:shutdownFollowerState(121)) - 32a164c3-8bb9-4158-a4d7-ada9eb729037: shutdown FollowerState
2019-10-17 19:47:36,585 [Thread-1033] INFO  impl.RaftServerImpl (RaftServerImpl.java:setRole(184)) - 32a164c3-8bb9-4158-a4d7-ada9eb729037@group-8BD2F7455A0F: changes role from  FOLLOWER to CANDIDATE at term 22 for changeToCandidate
2019-10-17 19:47:36,585 [Thread-1033] INFO  impl.RoleInfo (RoleInfo.java:updateAndGet(143)) - 32a164c3-8bb9-4158-a4d7-ada9eb729037: start LeaderElection
2019-10-17 19:47:36,602 [32a164c3-8bb9-4158-a4d7-ada9eb729037@group-8BD2F7455A0F-LeaderElection70] INFO  impl.LeaderElection (LeaderElection.java:askForVotes(178)) - 32a164c3-8bb9-4158-a4d7-ada9eb729037@group-8BD2F7455A0F-LeaderElection70: begin an election at term 23 for -1: [32a164c3-8bb9-4158-a4d7-ada9eb729037:192.168.164.201:42866, 5fa7c213-d229-4dfb-b48e-377c0ca33348:192.168.164.201:37765, fa049fba-12b8-4e17-ac2d-38ea71bdd2ce:192.168.164.201:41821], old=null
2019-10-17 19:47:36,603 [32a164c3-8bb9-4158-a4d7-ada9eb729037@group-4CC069B2961E-LeaderElection69] INFO  impl.LeaderElection (LeaderElection.java:logAndReturn(56)) - 32a164c3-8bb9-4158-a4d7-ada9eb729037@group-4CC069B2961E-LeaderElection69: Election REJECTED; received 2 response(s) [32a164c3-8bb9-4158-a4d7-ada9eb729037<-5fa7c213-d229-4dfb-b48e-377c0ca33348#0:FAIL-t37, 32a164c3-8bb9-4158-a4d7-ada9eb729037<-fa049fba-12b8-4e17-ac2d-38ea71bdd2ce#0:FAIL-t37] and 0 exception(s); 32a164c3-8bb9-4158-a4d7-ada9eb729037@group-4CC069B2961E:t37, leader=null, voted=32a164c3-8bb9-4158-a4d7-ada9eb729037, raftlog=32a164c3-8bb9-4158-a4d7-ada9eb729037@group-4CC069B2961E-SegmentedRaftLog:OPENED:c3,f4,i4, conf=0: [32a164c3-8bb9-4158-a4d7-ada9eb729037:192.168.164.201:42866, 5fa7c213-d229-4dfb-b48e-377c0ca33348:192.168.164.201:37765, fa049fba-12b8-4e17-ac2d-38ea71bdd2ce:192.168.164.201:41821], old=null
2019-10-17 19:47:36,603 [32a164c3-8bb9-4158-a4d7-ada9eb729037@group-4CC069B2961E-LeaderElection69] INFO  impl.RaftServerImpl (RaftServerImpl.java:setRole(184)) - 32a164c3-8bb9-4158-a4d7-ada9eb729037@group-4CC069B2961E: changes role from CANDIDATE to FOLLOWER at term 37 for DISCOVERED_A_NEW_TERM
2019-10-17 19:47:36,603 [32a164c3-8bb9-4158-a4d7-ada9eb729037@group-4CC069B2961E-LeaderElection69] INFO  impl.RoleInfo (RoleInfo.java:shutdownLeaderElection(134)) - 32a164c3-8bb9-4158-a4d7-ada9eb729037: shutdown LeaderElection
2019-10-17 19:47:36,603 [32a164c3-8bb9-4158-a4d7-ada9eb729037@group-4CC069B2961E-LeaderElection69] INFO  impl.RoleInfo (RoleInfo.java:updateAndGet(143)) - 32a164c3-8bb9-4158-a4d7-ada9eb729037: start FollowerState
2019-10-17 19:47:36,604 [grpc-default-executor-3] INFO  impl.RaftServerImpl (RaftServerImpl.java:setRole(184)) - 5fa7c213-d229-4dfb-b48e-377c0ca33348@group-8BD2F7455A0F: changes role from  FOLLOWER to FOLLOWER at term 23 for recognizeCandidate:32a164c3-8bb9-4158-a4d7-ada9eb729037
2019-10-17 19:47:36,605 [grpc-default-executor-3] INFO  impl.RoleInfo (RoleInfo.java:shutdownFollowerState(121)) - 5fa7c213-d229-4dfb-b48e-377c0ca33348: shutdown FollowerState
2019-10-17 19:47:36,605 [grpc-default-executor-7] INFO  impl.RaftServerImpl (RaftServerImpl.java:setRole(184)) - fa049fba-12b8-4e17-ac2d-38ea71bdd2ce@group-8BD2F7455A0F: changes role from  FOLLOWER to FOLLOWER at term 23 for recognizeCandidate:32a164c3-8bb9-4158-a4d7-ada9eb729037
2019-10-17 19:47:36,605 [Thread-1031] INFO  impl.FollowerState (FollowerState.java:run(117)) - 5fa7c213-d229-4dfb-b48e-377c0ca33348@group-8BD2F7455A0F-FollowerState was interrupted: java.lang.InterruptedException: sleep interrupted
2019-10-17 19:47:36,605 [grpc-default-executor-3] INFO  impl.RoleInfo (RoleInfo.java:updateAndGet(143)) - 5fa7c213-d229-4dfb-b48e-377c0ca33348: start FollowerState
2019-10-17 19:47:36,605 [grpc-default-executor-7] INFO  impl.RoleInfo (RoleInfo.java:shutdownFollowerState(121)) - fa049fba-12b8-4e17-ac2d-38ea71bdd2ce: shutdown FollowerState
2019-10-17 19:47:36,605 [grpc-default-executor-7] INFO  impl.RoleInfo (RoleInfo.java:updateAndGet(143)) - fa049fba-12b8-4e17-ac2d-38ea71bdd2ce: start FollowerState
2019-10-17 19:47:36,605 [Thread-1032] INFO  impl.FollowerState (FollowerState.java:run(117)) - fa049fba-12b8-4e17-ac2d-38ea71bdd2ce@group-8BD2F7455A0F-FollowerState was interrupted: java.lang.InterruptedException: sleep interrupted
2019-10-17 19:47:36,628 [32a164c3-8bb9-4158-a4d7-ada9eb729037@group-8BD2F7455A0F-LeaderElection70] INFO  impl.LeaderElection (LeaderElection.java:logAndReturn(56)) - 32a164c3-8bb9-4158-a4d7-ada9eb729037@group-8BD2F7455A0F-LeaderElection70: Election REJECTED; received 2 response(s) [32a164c3-8bb9-4158-a4d7-ada9eb729037<-5fa7c213-d229-4dfb-b48e-377c0ca33348#0:FAIL-t23, 32a164c3-8bb9-4158-a4d7-ada9eb729037<-fa049fba-12b8-4e17-ac2d-38ea71bdd2ce#0:FAIL-t23] and 0 exception(s); 32a164c3-8bb9-4158-a4d7-ada9eb729037@group-8BD2F7455A0F:t23, leader=null, voted=32a164c3-8bb9-4158-a4d7-ada9eb729037, raftlog=32a164c3-8bb9-4158-a4d7-ada9eb729037@group-8BD2F7455A0F-SegmentedRaftLog:OPENED:c-1,f-1,i0, conf=-1: [32a164c3-8bb9-4158-a4d7-ada9eb729037:192.168.164.201:42866, 5fa7c213-d229-4dfb-b48e-377c0ca33348:192.168.164.201:37765, fa049fba-12b8-4e17-ac2d-38ea71bdd2ce:192.168.164.201:41821], old=null
2019-10-17 19:47:36,628 [32a164c3-8bb9-4158-a4d7-ada9eb729037@group-8BD2F7455A0F-LeaderElection70] INFO  impl.RaftServerImpl (RaftServerImpl.java:setRole(184)) - 32a164c3-8bb9-4158-a4d7-ada9eb729037@group-8BD2F7455A0F: changes role from CANDIDATE to FOLLOWER at term 23 for DISCOVERED_A_NEW_TERM
2019-10-17 19:47:36,628 [32a164c3-8bb9-4158-a4d7-ada9eb729037@group-8BD2F7455A0F-LeaderElection70] INFO  impl.RoleInfo (RoleInfo.java:shutdownLeaderElection(134)) - 32a164c3-8bb9-4158-a4d7-ada9eb729037: shutdown LeaderElection
2019-10-17 19:47:36,628 [32a164c3-8bb9-4158-a4d7-ada9eb729037@group-8BD2F7455A0F-LeaderElection70] INFO  impl.RoleInfo (RoleInfo.java:updateAndGet(143)) - 32a164c3-8bb9-4158-a4d7-ada9eb729037: start FollowerState
2019-10-17 19:47:36,657 [Thread-1045] INFO  impl.FollowerState (FollowerState.java:run(108)) - 32a164c3-8bb9-4158-a4d7-ada9eb729037@group-8BD2F7455A0F-FollowerState: change to CANDIDATE, lastRpcTime:28ms, electionTimeout:28ms
2019-10-17 19:47:36,657 [Thread-1045] INFO  impl.RoleInfo (RoleInfo.java:shutdownFollowerState(121)) - 32a164c3-8bb9-4158-a4d7-ada9eb729037: shutdown FollowerState
2019-10-17 19:47:36,657 [Thread-1045] INFO  impl.RaftServerImpl (RaftServerImpl.java:setRole(184)) - 32a164c3-8bb9-4158-a4d7-ada9eb729037@group-8BD2F7455A0F: changes role from  FOLLOWER to CANDIDATE at term 23 for changeToCandidate
2019-10-17 19:47:36,657 [Thread-1045] INFO  impl.RoleInfo (RoleInfo.java:updateAndGet(143)) - 32a164c3-8bb9-4158-a4d7-ada9eb729037: start LeaderElection
2019-10-17 19:47:36,666 [Thread-1042] INFO  impl.FollowerState (FollowerState.java:run(108)) - 32a164c3-8bb9-4158-a4d7-ada9eb729037@group-4CC069B2961E-FollowerState: change to CANDIDATE, lastRpcTime:62ms, electionTimeout:62ms
2019-10-17 19:47:36,666 [Thread-1042] INFO  impl.RoleInfo (RoleInfo.java:shutdownFollowerState(121)) - 32a164c3-8bb9-4158-a4d7-ada9eb729037: shutdown FollowerState
2019-10-17 19:47:36,666 [Thread-1042] INFO  impl.RaftServerImpl (RaftServerImpl.java:setRole(184)) - 32a164c3-8bb9-4158-a4d7-ada9eb729037@group-4CC069B2961E: changes role from  FOLLOWER to CANDIDATE at term 37 for changeToCandidate
2019-10-17 19:47:36,666 [Thread-1042] INFO  impl.RoleInfo (RoleInfo.java:updateAndGet(143)) - 32a164c3-8bb9-4158-a4d7-ada9eb729037: start LeaderElection
2019-10-17 19:47:36,686 [32a164c3-8bb9-4158-a4d7-ada9eb729037@group-8BD2F7455A0F-LeaderElection71] INFO  impl.LeaderElection (LeaderElection.java:askForVotes(178)) - 32a164c3-8bb9-4158-a4d7-ada9eb729037@group-8BD2F7455A0F-LeaderElection71: begin an election at term 24 for -1: [32a164c3-8bb9-4158-a4d7-ada9eb729037:192.168.164.201:42866, 5fa7c213-d229-4dfb-b48e-377c0ca33348:192.168.164.201:37765, fa049fba-12b8-4e17-ac2d-38ea71bdd2ce:192.168.164.201:41821], old=null
2019-10-17 19:47:36,688 [grpc-default-executor-7] INFO  impl.RaftServerImpl (RaftServerImpl.java:setRole(184)) - 5fa7c213-d229-4dfb-b48e-377c0ca33348@group-8BD2F7455A0F: changes role from  FOLLOWER to FOLLOWER at term 24 for recognizeCandidate:32a164c3-8bb9-4158-a4d7-ada9eb729037
2019-10-17 19:47:36,688 [grpc-default-executor-3] INFO  impl.RaftServerImpl (RaftServerImpl.java:setRole(184)) - fa049fba-12b8-4e17-ac2d-38ea71bdd2ce@group-8BD2F7455A0F: changes role from  FOLLOWER to FOLLOWER at term 24 for recognizeCandidate:32a164c3-8bb9-4158-a4d7-ada9eb729037
2019-10-17 19:47:36,688 [grpc-default-executor-7] INFO  impl.RoleInfo (RoleInfo.java:shutdownFollowerState(121)) - 5fa7c213-d229-4dfb-b48e-377c0ca33348: shutdown FollowerState
2019-10-17 19:47:36,688 [grpc-default-executor-3] INFO  impl.RoleInfo (RoleInfo.java:shutdownFollowerState(121)) - fa049fba-12b8-4e17-ac2d-38ea71bdd2ce: shutdown FollowerState
2019-10-17 19:47:36,689 [Thread-1043] INFO  impl.FollowerState (FollowerState.java:run(117)) - 5fa7c213-d229-4dfb-b48e-377c0ca33348@group-8BD2F7455A0F-FollowerState was interrupted: java.lang.InterruptedException: sleep interrupted
2019-10-17 19:47:36,689 [grpc-default-executor-7] INFO  impl.RoleInfo (RoleInfo.java:updateAndGet(143)) - 5fa7c213-d229-4dfb-b48e-377c0ca33348: start FollowerState
2019-10-17 19:47:36,689 [grpc-default-executor-3] INFO  impl.RoleInfo (RoleInfo.java:updateAndGet(143)) - fa049fba-12b8-4e17-ac2d-38ea71bdd2ce: start FollowerState
2019-10-17 19:47:36,689 [Thread-1044] INFO  impl.FollowerState (FollowerState.java:run(117)) - fa049fba-12b8-4e17-ac2d-38ea71bdd2ce@group-8BD2F7455A0F-FollowerState was interrupted: java.lang.InterruptedException: sleep interrupted
2019-10-17 19:47:36,703 [32a164c3-8bb9-4158-a4d7-ada9eb729037@group-4CC069B2961E-LeaderElection72] INFO  impl.LeaderElection (LeaderElection.java:askForVotes(178)) - 32a164c3-8bb9-4158-a4d7-ada9eb729037@group-4CC069B2961E-LeaderElection72: begin an election at term 38 for 0: [32a164c3-8bb9-4158-a4d7-ada9eb729037:192.168.164.201:42866, 5fa7c213-d229-4dfb-b48e-377c0ca33348:192.168.164.201:37765, fa049fba-12b8-4e17-ac2d-38ea71bdd2ce:192.168.164.201:41821], old=null
2019-10-17 19:47:36,705 [grpc-default-executor-0] INFO  impl.RaftServerImpl (RaftServerImpl.java:setRole(184)) - 5fa7c213-d229-4dfb-b48e-377c0ca33348@group-4CC069B2961E: changes role from  FOLLOWER to FOLLOWER at term 38 for recognizeCandidate:32a164c3-8bb9-4158-a4d7-ada9eb729037
2019-10-17 19:47:36,705 [grpc-default-executor-6] INFO  impl.RaftServerImpl (RaftServerImpl.java:setRole(184)) - fa049fba-12b8-4e17-ac2d-38ea71bdd2ce@group-4CC069B2961E: changes role from  FOLLOWER to FOLLOWER at term 38 for recognizeCandidate:32a164c3-8bb9-4158-a4d7-ada9eb729037
2019-10-17 19:47:36,705 [grpc-default-executor-0] INFO  impl.RoleInfo (RoleInfo.java:shutdownFollowerState(121)) - 5fa7c213-d229-4dfb-b48e-377c0ca33348: shutdown FollowerState
2019-10-17 19:47:36,705 [grpc-default-executor-6] INFO  impl.RoleInfo (RoleInfo.java:shutdownFollowerState(121)) - fa049fba-12b8-4e17-ac2d-38ea71bdd2ce: shutdown FollowerState
2019-10-17 19:47:36,705 [Thread-1037] INFO  impl.FollowerState (FollowerState.java:run(117)) - 5fa7c213-d229-4dfb-b48e-377c0ca33348@group-4CC069B2961E-FollowerState was interrupted: java.lang.InterruptedException: sleep interrupted
2019-10-17 19:47:36,705 [grpc-default-executor-0] INFO  impl.RoleInfo (RoleInfo.java:updateAndGet(143)) - 5fa7c213-d229-4dfb-b48e-377c0ca33348: start FollowerState
2019-10-17 19:47:36,706 [Thread-1038] INFO  impl.FollowerState (FollowerState.java:run(117)) - fa049fba-12b8-4e17-ac2d-38ea71bdd2ce@group-4CC069B2961E-FollowerState was interrupted: java.lang.InterruptedException: sleep interrupted
2019-10-17 19:47:36,706 [grpc-default-executor-6] INFO  impl.RoleInfo (RoleInfo.java:updateAndGet(143)) - fa049fba-12b8-4e17-ac2d-38ea71bdd2ce: start FollowerState
2019-10-17 19:47:36,716 [32a164c3-8bb9-4158-a4d7-ada9eb729037@group-4CC069B2961E-LeaderElection72] INFO  impl.LeaderElection (LeaderElection.java:logAndReturn(56)) - 32a164c3-8bb9-4158-a4d7-ada9eb729037@group-4CC069B2961E-LeaderElection72: Election TIMEOUT; received 0 response(s) [] and 0 exception(s); 32a164c3-8bb9-4158-a4d7-ada9eb729037@group-4CC069B2961E:t38, leader=null, voted=32a164c3-8bb9-4158-a4d7-ada9eb729037, raftlog=32a164c3-8bb9-4158-a4d7-ada9eb729037@group-4CC069B2961E-SegmentedRaftLog:OPENED:c3,f4,i4, conf=0: [32a164c3-8bb9-4158-a4d7-ada9eb729037:192.168.164.201:42866, 5fa7c213-d229-4dfb-b48e-377c0ca33348:192.168.164.201:37765, fa049fba-12b8-4e17-ac2d-38ea71bdd2ce:192.168.164.201:41821], old=null
2019-10-17 19:47:36,721 [32a164c3-8bb9-4158-a4d7-ada9eb729037@group-8BD2F7455A0F-LeaderElection71] INFO  impl.LeaderElection (LeaderElection.java:logAndReturn(56)) - 32a164c3-8bb9-4158-a4d7-ada9eb729037@group-8BD2F7455A0F-LeaderElection71: Election REJECTED; received 2 response(s) [32a164c3-8bb9-4158-a4d7-ada9eb729037<-5fa7c213-d229-4dfb-b48e-377c0ca33348#0:FAIL-t24, 32a164c3-8bb9-4158-a4d7-ada9eb729037<-fa049fba-12b8-4e17-ac2d-38ea71bdd2ce#0:FAIL-t24] and 0 exception(s); 32a164c3-8bb9-4158-a4d7-ada9eb729037@group-8BD2F7455A0F:t24, leader=null, voted=32a164c3-8bb9-4158-a4d7-ada9eb729037, raftlog=32a164c3-8bb9-4158-a4d7-ada9eb729037@group-8BD2F7455A0F-SegmentedRaftLog:OPENED:c-1,f-1,i0, conf=-1: [32a164c3-8bb9-4158-a4d7-ada9eb729037:192.168.164.201:42866, 5fa7c213-d229-4dfb-b48e-377c0ca33348:192.168.164.201:37765, fa049fba-12b8-4e17-ac2d-38ea71bdd2ce:192.168.164.201:41821], old=null
2019-10-17 19:47:36,721 [32a164c3-8bb9-4158-a4d7-ada9eb729037@group-8BD2F7455A0F-LeaderElection71] INFO  impl.RaftServerImpl (RaftServerImpl.java:setRole(184)) - 32a164c3-8bb9-4158-a4d7-ada9eb729037@group-8BD2F7455A0F: changes role from CANDIDATE to FOLLOWER at term 24 for DISCOVERED_A_NEW_TERM
2019-10-17 19:47:36,721 [32a164c3-8bb9-4158-a4d7-ada9eb729037@group-8BD2F7455A0F-LeaderElection71] INFO  impl.RoleInfo (RoleInfo.java:shutdownLeaderElection(134)) - 32a164c3-8bb9-4158-a4d7-ada9eb729037: shutdown LeaderElection
2019-10-17 19:47:36,721 [32a164c3-8bb9-4158-a4d7-ada9eb729037@group-8BD2F7455A0F-LeaderElection71] INFO  impl.RoleInfo (RoleInfo.java:updateAndGet(143)) - 32a164c3-8bb9-4158-a4d7-ada9eb729037: start FollowerState
2019-10-17 19:47:36,737 [32a164c3-8bb9-4158-a4d7-ada9eb729037@group-4CC069B2961E-LeaderElection72] INFO  impl.LeaderElection (LeaderElection.java:askForVotes(178)) - 32a164c3-8bb9-4158-a4d7-ada9eb729037@group-4CC069B2961E-LeaderElection72: begin an election at term 39 for 0: [32a164c3-8bb9-4158-a4d7-ada9eb729037:192.168.164.201:42866, 5fa7c213-d229-4dfb-b48e-377c0ca33348:192.168.164.201:37765, fa049fba-12b8-4e17-ac2d-38ea71bdd2ce:192.168.164.201:41821], old=null
2019-10-17 19:47:36,739 [grpc-default-executor-6] INFO  impl.RaftServerImpl (RaftServerImpl.java:setRole(184)) - fa049fba-12b8-4e17-ac2d-38ea71bdd2ce@group-4CC069B2961E: changes role from  FOLLOWER to FOLLOWER at term 39 for recognizeCandidate:32a164c3-8bb9-4158-a4d7-ada9eb729037
2019-10-17 19:47:36,740 [grpc-default-executor-6] INFO  impl.RoleInfo (RoleInfo.java:shutdownFollowerState(121)) - fa049fba-12b8-4e17-ac2d-38ea71bdd2ce: shutdown FollowerState
2019-10-17 19:47:36,740 [grpc-default-executor-6] INFO  impl.RoleInfo (RoleInfo.java:updateAndGet(143)) - fa049fba-12b8-4e17-ac2d-38ea71bdd2ce: start FollowerState
2019-10-17 19:47:36,740 [grpc-default-executor-0] INFO  impl.RaftServerImpl (RaftServerImpl.java:setRole(184)) - 5fa7c213-d229-4dfb-b48e-377c0ca33348@group-4CC069B2961E: changes role from  FOLLOWER to FOLLOWER at term 39 for recognizeCandidate:32a164c3-8bb9-4158-a4d7-ada9eb729037
2019-10-17 19:47:36,740 [Thread-1055] INFO  impl.FollowerState (FollowerState.java:run(117)) - fa049fba-12b8-4e17-ac2d-38ea71bdd2ce@group-4CC069B2961E-FollowerState was interrupted: java.lang.InterruptedException: sleep interrupted
2019-10-17 19:47:36,740 [grpc-default-executor-0] INFO  impl.RoleInfo (RoleInfo.java:shutdownFollowerState(121)) - 5fa7c213-d229-4dfb-b48e-377c0ca33348: shutdown FollowerState
2019-10-17 19:47:36,740 [Thread-1054] INFO  impl.FollowerState (FollowerState.java:run(117)) - 5fa7c213-d229-4dfb-b48e-377c0ca33348@group-4CC069B2961E-FollowerState was interrupted: java.lang.InterruptedException: sleep interrupted
2019-10-17 19:47:36,740 [grpc-default-executor-0] INFO  impl.RoleInfo (RoleInfo.java:updateAndGet(143)) - 5fa7c213-d229-4dfb-b48e-377c0ca33348: start FollowerState
2019-10-17 19:47:36,763 [32a164c3-8bb9-4158-a4d7-ada9eb729037@group-4CC069B2961E-LeaderElection72] INFO  impl.LeaderElection (LeaderElection.java:logAndReturn(56)) - 32a164c3-8bb9-4158-a4d7-ada9eb729037@group-4CC069B2961E-LeaderElection72: Election REJECTED; received 2 response(s) [32a164c3-8bb9-4158-a4d7-ada9eb729037<-5fa7c213-d229-4dfb-b48e-377c0ca33348#0:FAIL-t39, 32a164c3-8bb9-4158-a4d7-ada9eb729037<-fa049fba-12b8-4e17-ac2d-38ea71bdd2ce#0:FAIL-t39] and 0 exception(s); 32a164c3-8bb9-4158-a4d7-ada9eb729037@group-4CC069B2961E:t39, leader=null, voted=32a164c3-8bb9-4158-a4d7-ada9eb729037, raftlog=32a164c3-8bb9-4158-a4d7-ada9eb729037@group-4CC069B2961E-SegmentedRaftLog:OPENED:c3,f4,i4, conf=0: [32a164c3-8bb9-4158-a4d7-ada9eb729037:192.168.164.201:42866, 5fa7c213-d229-4dfb-b48e-377c0ca33348:192.168.164.201:37765, fa049fba-12b8-4e17-ac2d-38ea71bdd2ce:192.168.164.201:41821], old=null
2019-10-17 19:47:36,764 [32a164c3-8bb9-4158-a4d7-ada9eb729037@group-4CC069B2961E-LeaderElection72] INFO  impl.RaftServerImpl (RaftServerImpl.java:setRole(184)) - 32a164c3-8bb9-4158-a4d7-ada9eb729037@group-4CC069B2961E: changes role from CANDIDATE to FOLLOWER at term 39 for DISCOVERED_A_NEW_TERM
2019-10-17 19:47:36,764 [32a164c3-8bb9-4158-a4d7-ada9eb729037@group-4CC069B2961E-LeaderElection72] INFO  impl.RoleInfo (RoleInfo.java:shutdownLeaderElection(134)) - 32a164c3-8bb9-4158-a4d7-ada9eb729037: shutdown LeaderElection
2019-10-17 19:47:36,764 [32a164c3-8bb9-4158-a4d7-ada9eb729037@group-4CC069B2961E-LeaderElection72] INFO  impl.RoleInfo (RoleInfo.java:updateAndGet(143)) - 32a164c3-8bb9-4158-a4d7-ada9eb729037: start FollowerState
2019-10-17 19:47:36,874 [Thread-1056] INFO  impl.FollowerState (FollowerState.java:run(108)) - 32a164c3-8bb9-4158-a4d7-ada9eb729037@group-8BD2F7455A0F-FollowerState: change to CANDIDATE, lastRpcTime:152ms, electionTimeout:152ms
2019-10-17 19:47:36,874 [Thread-1056] INFO  impl.RoleInfo (RoleInfo.java:shutdownFollowerState(121)) - 32a164c3-8bb9-4158-a4d7-ada9eb729037: shutdown FollowerState
2019-10-17 19:47:36,874 [Thread-1056] INFO  impl.RaftServerImpl (RaftServerImpl.java:setRole(184)) - 32a164c3-8bb9-4158-a4d7-ada9eb729037@group-8BD2F7455A0F: changes role from  FOLLOWER to CANDIDATE at term 24 for changeToCandidate
2019-10-17 19:47:36,874 [Thread-1056] INFO  impl.RoleInfo (RoleInfo.java:updateAndGet(143)) - 32a164c3-8bb9-4158-a4d7-ada9eb729037: start LeaderElection
2019-10-17 19:47:36,904 [32a164c3-8bb9-4158-a4d7-ada9eb729037@group-8BD2F7455A0F-LeaderElection73] INFO  impl.LeaderElection (LeaderElection.java:askForVotes(178)) - 32a164c3-8bb9-4158-a4d7-ada9eb729037@group-8BD2F7455A0F-LeaderElection73: begin an election at term 25 for -1: [32a164c3-8bb9-4158-a4d7-ada9eb729037:192.168.164.201:42866, 5fa7c213-d229-4dfb-b48e-377c0ca33348:192.168.164.201:37765, fa049fba-12b8-4e17-ac2d-38ea71bdd2ce:192.168.164.201:41821], old=null
2019-10-17 19:47:36,907 [grpc-default-executor-0] INFO  impl.RaftServerImpl (RaftServerImpl.java:setRole(184)) - fa049fba-12b8-4e17-ac2d-38ea71bdd2ce@group-8BD2F7455A0F: changes role from  FOLLOWER to FOLLOWER at term 25 for recognizeCandidate:32a164c3-8bb9-4158-a4d7-ada9eb729037
2019-10-17 19:47:36,907 [grpc-default-executor-0] INFO  impl.RoleInfo (RoleInfo.java:shutdownFollowerState(121)) - fa049fba-12b8-4e17-ac2d-38ea71bdd2ce: shutdown FollowerState
2019-10-17 19:47:36,907 [grpc-default-executor-6] INFO  impl.RaftServerImpl (RaftServerImpl.java:setRole(184)) - 5fa7c213-d229-4dfb-b48e-377c0ca33348@group-8BD2F7455A0F: changes role from  FOLLOWER to FOLLOWER at term 25 for recognizeCandidate:32a164c3-8bb9-4158-a4d7-ada9eb729037
2019-10-17 19:47:36,908 [grpc-default-executor-0] INFO  impl.RoleInfo (RoleInfo.java:updateAndGet(143)) - fa049fba-12b8-4e17-ac2d-38ea71bdd2ce: start FollowerState
2019-10-17 19:47:36,908 [Thread-1051] INFO  impl.FollowerState (FollowerState.java:run(117)) - fa049fba-12b8-4e17-ac2d-38ea71bdd2ce@group-8BD2F7455A0F-FollowerState was interrupted: java.lang.InterruptedException: sleep interrupted
2019-10-17 19:47:36,908 [grpc-default-executor-6] INFO  impl.RoleInfo (RoleInfo.java:shutdownFollowerState(121)) - 5fa7c213-d229-4dfb-b48e-377c0ca33348: shutdown FollowerState
2019-10-17 19:47:36,908 [grpc-default-executor-6] INFO  impl.RoleInfo (RoleInfo.java:updateAndGet(143)) - 5fa7c213-d229-4dfb-b48e-377c0ca33348: start FollowerState
2019-10-17 19:47:36,908 [Thread-1050] INFO  impl.FollowerState (FollowerState.java:run(117)) - 5fa7c213-d229-4dfb-b48e-377c0ca33348@group-8BD2F7455A0F-FollowerState was interrupted: java.lang.InterruptedException: sleep interrupted
2019-10-17 19:47:36,931 [32a164c3-8bb9-4158-a4d7-ada9eb729037@group-8BD2F7455A0F-LeaderElection73] INFO  impl.LeaderElection (LeaderElection.java:logAndReturn(56)) - 32a164c3-8bb9-4158-a4d7-ada9eb729037@group-8BD2F7455A0F-LeaderElection73: Election REJECTED; received 2 response(s) [32a164c3-8bb9-4158-a4d7-ada9eb729037<-5fa7c213-d229-4dfb-b48e-377c0ca33348#0:FAIL-t25, 32a164c3-8bb9-4158-a4d7-ada9eb729037<-fa049fba-12b8-4e17-ac2d-38ea71bdd2ce#0:FAIL-t25] and 0 exception(s); 32a164c3-8bb9-4158-a4d7-ada9eb729037@group-8BD2F7455A0F:t25, leader=null, voted=32a164c3-8bb9-4158-a4d7-ada9eb729037, raftlog=32a164c3-8bb9-4158-a4d7-ada9eb729037@group-8BD2F7455A0F-SegmentedRaftLog:OPENED:c-1,f-1,i0, conf=-1: [32a164c3-8bb9-4158-a4d7-ada9eb729037:192.168.164.201:42866, 5fa7c213-d229-4dfb-b48e-377c0ca33348:192.168.164.201:37765, fa049fba-12b8-4e17-ac2d-38ea71bdd2ce:192.168.164.201:41821], old=null
2019-10-17 19:47:36,931 [32a164c3-8bb9-4158-a4d7-ada9eb729037@group-8BD2F7455A0F-LeaderElection73] INFO  impl.RaftServerImpl (RaftServerImpl.java:setRole(184)) - 32a164c3-8bb9-4158-a4d7-ada9eb729037@group-8BD2F7455A0F: changes role from CANDIDATE to FOLLOWER at term 25 for DISCOVERED_A_NEW_TERM
2019-10-17 19:47:36,931 [32a164c3-8bb9-4158-a4d7-ada9eb729037@group-8BD2F7455A0F-LeaderElection73] INFO  impl.RoleInfo (RoleInfo.java:shutdownLeaderElection(134)) - 32a164c3-8bb9-4158-a4d7-ada9eb729037: shutdown LeaderElection
2019-10-17 19:47:36,931 [32a164c3-8bb9-4158-a4d7-ada9eb729037@group-8BD2F7455A0F-LeaderElection73] INFO  impl.RoleInfo (RoleInfo.java:updateAndGet(143)) - 32a164c3-8bb9-4158-a4d7-ada9eb729037: start FollowerState
2019-10-17 19:47:36,932 [Thread-1061] INFO  impl.FollowerState (FollowerState.java:run(108)) - 32a164c3-8bb9-4158-a4d7-ada9eb729037@group-4CC069B2961E-FollowerState: change to CANDIDATE, lastRpcTime:168ms, electionTimeout:168ms
2019-10-17 19:47:36,932 [Thread-1061] INFO  impl.RoleInfo (RoleInfo.java:shutdownFollowerState(121)) - 32a164c3-8bb9-4158-a4d7-ada9eb729037: shutdown FollowerState
2019-10-17 19:47:36,932 [Thread-1061] INFO  impl.RaftServerImpl (RaftServerImpl.java:setRole(184)) - 32a164c3-8bb9-4158-a4d7-ada9eb729037@group-4CC069B2961E: changes role from  FOLLOWER to CANDIDATE at term 39 for changeToCandidate
2019-10-17 19:47:36,933 [Thread-1061] INFO  impl.RoleInfo (RoleInfo.java:updateAndGet(143)) - 32a164c3-8bb9-4158-a4d7-ada9eb729037: start LeaderElection
2019-10-17 19:47:36,936 [Thread-1067] INFO  impl.FollowerState (FollowerState.java:run(108)) - 32a164c3-8bb9-4158-a4d7-ada9eb729037@group-8BD2F7455A0F-FollowerState: change to CANDIDATE, lastRpcTime:4ms, electionTimeout:4ms
2019-10-17 19:47:36,936 [Thread-1067] INFO  impl.RoleInfo (RoleInfo.java:shutdownFollowerState(121)) - 32a164c3-8bb9-4158-a4d7-ada9eb729037: shutdown FollowerState
2019-10-17 19:47:36,936 [Thread-1067] INFO  impl.RaftServerImpl (RaftServerImpl.java:setRole(184)) - 32a164c3-8bb9-4158-a4d7-ada9eb729037@group-8BD2F7455A0F: changes role from  FOLLOWER to CANDIDATE at term 25 for changeToCandidate
2019-10-17 19:47:36,936 [Thread-1067] INFO  impl.RoleInfo (RoleInfo.java:updateAndGet(143)) - 32a164c3-8bb9-4158-a4d7-ada9eb729037: start LeaderElection
2019-10-17 19:47:36,955 [32a164c3-8bb9-4158-a4d7-ada9eb729037@group-4CC069B2961E-LeaderElection74] INFO  impl.LeaderElection (LeaderElection.java:askForVotes(178)) - 32a164c3-8bb9-4158-a4d7-ada9eb729037@group-4CC069B2961E-LeaderElection74: begin an election at term 40 for 0: [32a164c3-8bb9-4158-a4d7-ada9eb729037:192.168.164.201:42866, 5fa7c213-d229-4dfb-b48e-377c0ca33348:192.168.164.201:37765, fa049fba-12b8-4e17-ac2d-38ea71bdd2ce:192.168.164.201:41821], old=null
2019-10-17 19:47:36,955 [32a164c3-8bb9-4158-a4d7-ada9eb729037@group-8BD2F7455A0F-LeaderElection75] INFO  impl.LeaderElection (LeaderElection.java:askForVotes(178)) - 32a164c3-8bb9-4158-a4d7-ada9eb729037@group-8BD2F7455A0F-LeaderElection75: begin an election at term 26 for -1: [32a164c3-8bb9-4158-a4d7-ada9eb729037:192.168.164.201:42866, 5fa7c213-d229-4dfb-b48e-377c0ca33348:192.168.164.201:37765, fa049fba-12b8-4e17-ac2d-38ea71bdd2ce:192.168.164.201:41821], old=null
2019-10-17 19:47:36,958 [grpc-default-executor-6] INFO  impl.RaftServerImpl (RaftServerImpl.java:setRole(184)) - 5fa7c213-d229-4dfb-b48e-377c0ca33348@group-4CC069B2961E: changes role from  FOLLOWER to FOLLOWER at term 40 for recognizeCandidate:32a164c3-8bb9-4158-a4d7-ada9eb729037
2019-10-17 19:47:36,958 [grpc-default-executor-6] INFO  impl.RoleInfo (RoleInfo.java:shutdownFollowerState(121)) - 5fa7c213-d229-4dfb-b48e-377c0ca33348: shutdown FollowerState
2019-10-17 19:47:36,958 [grpc-default-executor-0] INFO  impl.RaftServerImpl (RaftServerImpl.java:setRole(184)) - 5fa7c213-d229-4dfb-b48e-377c0ca33348@group-8BD2F7455A0F: changes role from  FOLLOWER to FOLLOWER at term 26 for recognizeCandidate:32a164c3-8bb9-4158-a4d7-ada9eb729037
2019-10-17 19:47:36,958 [Thread-1060] INFO  impl.FollowerState (FollowerState.java:run(117)) - 5fa7c213-d229-4dfb-b48e-377c0ca33348@group-4CC069B2961E-FollowerState was interrupted: java.lang.InterruptedException: sleep interrupted
2019-10-17 19:47:36,958 [grpc-default-executor-6] INFO  impl.RoleInfo (RoleInfo.java:updateAndGet(143)) - 5fa7c213-d229-4dfb-b48e-377c0ca33348: start FollowerState
2019-10-17 19:47:36,958 [grpc-default-executor-7] INFO  impl.RaftServerImpl (RaftServerImpl.java:setRole(184)) - fa049fba-12b8-4e17-ac2d-38ea71bdd2ce@group-8BD2F7455A0F: changes role from  FOLLOWER to FOLLOWER at term 26 for recognizeCandidate:32a164c3-8bb9-4158-a4d7-ada9eb729037
2019-10-17 19:47:36,958 [grpc-default-executor-3] INFO  impl.RaftServerImpl (RaftServerImpl.java:setRole(184)) - fa049fba-12b8-4e17-ac2d-38ea71bdd2ce@group-4CC069B2961E: changes role from  FOLLOWER to FOLLOWER at term 40 for recognizeCandidate:32a164c3-8bb9-4158-a4d7-ada9eb729037
2019-10-17 19:47:36,959 [grpc-default-executor-3] INFO  impl.RoleInfo (RoleInfo.java:shutdownFollowerState(121)) - fa049fba-12b8-4e17-ac2d-38ea71bdd2ce: shutdown FollowerState
2019-10-17 19:47:36,958 [grpc-default-executor-0] INFO  impl.RoleInfo (RoleInfo.java:shutdownFollowerState(121)) - 5fa7c213-d229-4dfb-b48e-377c0ca33348: shutdown FollowerState
2019-10-17 19:47:36,959 [grpc-default-executor-3] INFO  impl.RoleInfo (RoleInfo.java:updateAndGet(143)) - fa049fba-12b8-4e17-ac2d-38ea71bdd2ce: start FollowerState
2019-10-17 19:47:36,959 [Thread-1059] INFO  impl.FollowerState (FollowerState.java:run(117)) - fa049fba-12b8-4e17-ac2d-38ea71bdd2ce@group-4CC069B2961E-FollowerState was interrupted: java.lang.InterruptedException: sleep interrupted
2019-10-17 19:47:36,959 [grpc-default-executor-7] INFO  impl.RoleInfo (RoleInfo.java:shutdownFollowerState(121)) - fa049fba-12b8-4e17-ac2d-38ea71bdd2ce: shutdown FollowerState
2019-10-17 19:47:36,959 [grpc-default-executor-0] INFO  impl.RoleInfo (RoleInfo.java:updateAndGet(143)) - 5fa7c213-d229-4dfb-b48e-377c0ca33348: start FollowerState
2019-10-17 19:47:36,959 [Thread-1066] INFO  impl.FollowerState (FollowerState.java:run(117)) - 5fa7c213-d229-4dfb-b48e-377c0ca33348@group-8BD2F7455A0F-FollowerState was interrupted: java.lang.InterruptedException: sleep interrupted
2019-10-17 19:47:36,960 [Thread-1065] INFO  impl.FollowerState (FollowerState.java:run(117)) - fa049fba-12b8-4e17-ac2d-38ea71bdd2ce@group-8BD2F7455A0F-FollowerState was interrupted: java.lang.InterruptedException: sleep interrupted
2019-10-17 19:47:36,960 [grpc-default-executor-7] INFO  impl.RoleInfo (RoleInfo.java:updateAndGet(143)) - fa049fba-12b8-4e17-ac2d-38ea71bdd2ce: start FollowerState
2019-10-17 19:47:36,982 [32a164c3-8bb9-4158-a4d7-ada9eb729037@group-4CC069B2961E-LeaderElection74] INFO  impl.LeaderElection (LeaderElection.java:logAndReturn(56)) - 32a164c3-8bb9-4158-a4d7-ada9eb729037@group-4CC069B2961E-LeaderElection74: Election REJECTED; received 2 response(s) [32a164c3-8bb9-4158-a4d7-ada9eb729037<-5fa7c213-d229-4dfb-b48e-377c0ca33348#0:FAIL-t40, 32a164c3-8bb9-4158-a4d7-ada9eb729037<-fa049fba-12b8-4e17-ac2d-38ea71bdd2ce#0:FAIL-t40] and 0 exception(s); 32a164c3-8bb9-4158-a4d7-ada9eb729037@group-4CC069B2961E:t40, leader=null, voted=32a164c3-8bb9-4158-a4d7-ada9eb729037, raftlog=32a164c3-8bb9-4158-a4d7-ada9eb729037@group-4CC069B2961E-SegmentedRaftLog:OPENED:c3,f4,i4, conf=0: [32a164c3-8bb9-4158-a4d7-ada9eb729037:192.168.164.201:42866, 5fa7c213-d229-4dfb-b48e-377c0ca33348:192.168.164.201:37765, fa049fba-12b8-4e17-ac2d-38ea71bdd2ce:192.168.164.201:41821], old=null
2019-10-17 19:47:36,983 [32a164c3-8bb9-4158-a4d7-ada9eb729037@group-8BD2F7455A0F-LeaderElection75] INFO  impl.LeaderElection (LeaderElection.java:logAndReturn(56)) - 32a164c3-8bb9-4158-a4d7-ada9eb729037@group-8BD2F7455A0F-LeaderElection75: Election REJECTED; received 2 response(s) [32a164c3-8bb9-4158-a4d7-ada9eb729037<-5fa7c213-d229-4dfb-b48e-377c0ca33348#0:FAIL-t26, 32a164c3-8bb9-4158-a4d7-ada9eb729037<-fa049fba-12b8-4e17-ac2d-38ea71bdd2ce#0:FAIL-t26] and 0 exception(s); 32a164c3-8bb9-4158-a4d7-ada9eb729037@group-8BD2F7455A0F:t26, leader=null, voted=32a164c3-8bb9-4158-a4d7-ada9eb729037, raftlog=32a164c3-8bb9-4158-a4d7-ada9eb729037@group-8BD2F7455A0F-SegmentedRaftLog:OPENED:c-1,f-1,i0, conf=-1: [32a164c3-8bb9-4158-a4d7-ada9eb729037:192.168.164.201:42866, 5fa7c213-d229-4dfb-b48e-377c0ca33348:192.168.164.201:37765, fa049fba-12b8-4e17-ac2d-38ea71bdd2ce:192.168.164.201:41821], old=null
2019-10-17 19:47:36,983 [32a164c3-8bb9-4158-a4d7-ada9eb729037@group-4CC069B2961E-LeaderElection74] INFO  impl.RaftServerImpl (RaftServerImpl.java:setRole(184)) - 32a164c3-8bb9-4158-a4d7-ada9eb729037@group-4CC069B2961E: changes role from CANDIDATE to FOLLOWER at term 40 for DISCOVERED_A_NEW_TERM
2019-10-17 19:47:36,983 [32a164c3-8bb9-4158-a4d7-ada9eb729037@group-8BD2F7455A0F-LeaderElection75] INFO  impl.RaftServerImpl (RaftServerImpl.java:setRole(184)) - 32a164c3-8bb9-4158-a4d7-ada9eb729037@group-8BD2F7455A0F: changes role from CANDIDATE to FOLLOWER at term 26 for DISCOVERED_A_NEW_TERM
2019-10-17 19:47:36,983 [32a164c3-8bb9-4158-a4d7-ada9eb729037@group-4CC069B2961E-LeaderElection74] INFO  impl.RoleInfo (RoleInfo.java:shutdownLeaderElection(134)) - 32a164c3-8bb9-4158-a4d7-ada9eb729037: shutdown LeaderElection
2019-10-17 19:47:36,983 [32a164c3-8bb9-4158-a4d7-ada9eb729037@group-8BD2F7455A0F-LeaderElection75] INFO  impl.RoleInfo (RoleInfo.java:shutdownLeaderElection(134)) - 32a164c3-8bb9-4158-a4d7-ada9eb729037: shutdown LeaderElection
2019-10-17 19:47:36,983 [32a164c3-8bb9-4158-a4d7-ada9eb729037@group-4CC069B2961E-LeaderElection74] INFO  impl.RoleInfo (RoleInfo.java:updateAndGet(143)) - 32a164c3-8bb9-4158-a4d7-ada9eb729037: start FollowerState
2019-10-17 19:47:36,983 [32a164c3-8bb9-4158-a4d7-ada9eb729037@group-8BD2F7455A0F-LeaderElection75] INFO  impl.RoleInfo (RoleInfo.java:updateAndGet(143)) - 32a164c3-8bb9-4158-a4d7-ada9eb729037: start FollowerState
2019-10-17 19:47:37,003 [BlockDeletingService#2] WARN  background.BlockDeletingService (BlockDeletingService.java:isDeletionAllowed(187)) - Close Container log Index 6 is not replicated across allthe servers in the pipeline adc40928-88ac-46dc-94be-4cc069b2961e as the min replicated index is 4. Deletion is not allowed in this container yet.
2019-10-17 19:47:37,003 [BlockDeletingService#3] WARN  background.BlockDeletingService (BlockDeletingService.java:isDeletionAllowed(187)) - Close Container log Index 6 is not replicated across allthe servers in the pipeline adc40928-88ac-46dc-94be-4cc069b2961e as the min replicated index is 4. Deletion is not allowed in this container yet.
2019-10-17 19:47:37,077 [Thread-1078] INFO  impl.FollowerState (FollowerState.java:run(108)) - 32a164c3-8bb9-4158-a4d7-ada9eb729037@group-4CC069B2961E-FollowerState: change to CANDIDATE, lastRpcTime:93ms, electionTimeout:93ms
2019-10-17 19:47:37,077 [Thread-1078] INFO  impl.RoleInfo (RoleInfo.java:shutdownFollowerState(121)) - 32a164c3-8bb9-4158-a4d7-ada9eb729037: shutdown FollowerState
2019-10-17 19:47:37,077 [Thread-1078] INFO  impl.RaftServerImpl (RaftServerImpl.java:setRole(184)) - 32a164c3-8bb9-4158-a4d7-ada9eb729037@group-4CC069B2961E: changes role from  FOLLOWER to CANDIDATE at term 40 for changeToCandidate
2019-10-17 19:47:37,077 [Thread-1078] INFO  impl.RoleInfo (RoleInfo.java:updateAndGet(143)) - 32a164c3-8bb9-4158-a4d7-ada9eb729037: start LeaderElection
2019-10-17 19:47:37,100 [32a164c3-8bb9-4158-a4d7-ada9eb729037@group-4CC069B2961E-LeaderElection76] INFO  impl.LeaderElection (LeaderElection.java:askForVotes(178)) - 32a164c3-8bb9-4158-a4d7-ada9eb729037@group-4CC069B2961E-LeaderElection76: begin an election at term 41 for 0: [32a164c3-8bb9-4158-a4d7-ada9eb729037:192.168.164.201:42866, 5fa7c213-d229-4dfb-b48e-377c0ca33348:192.168.164.201:37765, fa049fba-12b8-4e17-ac2d-38ea71bdd2ce:192.168.164.201:41821], old=null
2019-10-17 19:47:37,103 [grpc-default-executor-6] INFO  impl.RaftServerImpl (RaftServerImpl.java:setRole(184)) - 5fa7c213-d229-4dfb-b48e-377c0ca33348@group-4CC069B2961E: changes role from  FOLLOWER to FOLLOWER at term 41 for recognizeCandidate:32a164c3-8bb9-4158-a4d7-ada9eb729037
2019-10-17 19:47:37,104 [grpc-default-executor-6] INFO  impl.RoleInfo (RoleInfo.java:shutdownFollowerState(121)) - 5fa7c213-d229-4dfb-b48e-377c0ca33348: shutdown FollowerState
2019-10-17 19:47:37,104 [grpc-default-executor-6] INFO  impl.RoleInfo (RoleInfo.java:updateAndGet(143)) - 5fa7c213-d229-4dfb-b48e-377c0ca33348: start FollowerState
2019-10-17 19:47:37,104 [grpc-default-executor-0] INFO  impl.RaftServerImpl (RaftServerImpl.java:setRole(184)) - fa049fba-12b8-4e17-ac2d-38ea71bdd2ce@group-4CC069B2961E: changes role from  FOLLOWER to FOLLOWER at term 41 for recognizeCandidate:32a164c3-8bb9-4158-a4d7-ada9eb729037
2019-10-17 19:47:37,104 [Thread-1074] INFO  impl.FollowerState (FollowerState.java:run(117)) - 5fa7c213-d229-4dfb-b48e-377c0ca33348@group-4CC069B2961E-FollowerState was interrupted: java.lang.InterruptedException: sleep interrupted
2019-10-17 19:47:37,104 [grpc-default-executor-0] INFO  impl.RoleInfo (RoleInfo.java:shutdownFollowerState(121)) - fa049fba-12b8-4e17-ac2d-38ea71bdd2ce: shutdown FollowerState
2019-10-17 19:47:37,105 [grpc-default-executor-0] INFO  impl.RoleInfo (RoleInfo.java:updateAndGet(143)) - fa049fba-12b8-4e17-ac2d-38ea71bdd2ce: start FollowerState
2019-10-17 19:47:37,105 [Thread-1075] INFO  impl.FollowerState (FollowerState.java:run(117)) - fa049fba-12b8-4e17-ac2d-38ea71bdd2ce@group-4CC069B2961E-FollowerState was interrupted: java.lang.InterruptedException: sleep interrupted
2019-10-17 19:47:37,126 [Thread-1079] INFO  impl.FollowerState (FollowerState.java:run(108)) - 32a164c3-8bb9-4158-a4d7-ada9eb729037@group-8BD2F7455A0F-FollowerState: change to CANDIDATE, lastRpcTime:142ms, electionTimeout:142ms
2019-10-17 19:47:37,126 [Thread-1079] INFO  impl.RoleInfo (RoleInfo.java:shutdownFollowerState(121)) - 32a164c3-8bb9-4158-a4d7-ada9eb729037: shutdown FollowerState
2019-10-17 19:47:37,126 [Thread-1079] INFO  impl.RaftServerImpl (RaftServerImpl.java:setRole(184)) - 32a164c3-8bb9-4158-a4d7-ada9eb729037@group-8BD2F7455A0F: changes role from  FOLLOWER to CANDIDATE at term 26 for changeToCandidate
2019-10-17 19:47:37,127 [Thread-1079] INFO  impl.RoleInfo (RoleInfo.java:updateAndGet(143)) - 32a164c3-8bb9-4158-a4d7-ada9eb729037: start LeaderElection
2019-10-17 19:47:37,129 [32a164c3-8bb9-4158-a4d7-ada9eb729037@group-4CC069B2961E-LeaderElection76] INFO  impl.LeaderElection (LeaderElection.java:logAndReturn(56)) - 32a164c3-8bb9-4158-a4d7-ada9eb729037@group-4CC069B2961E-LeaderElection76: Election REJECTED; received 2 response(s) [32a164c3-8bb9-4158-a4d7-ada9eb729037<-5fa7c213-d229-4dfb-b48e-377c0ca33348#0:FAIL-t41, 32a164c3-8bb9-4158-a4d7-ada9eb729037<-fa049fba-12b8-4e17-ac2d-38ea71bdd2ce#0:FAIL-t41] and 0 exception(s); 32a164c3-8bb9-4158-a4d7-ada9eb729037@group-4CC069B2961E:t41, leader=null, voted=32a164c3-8bb9-4158-a4d7-ada9eb729037, raftlog=32a164c3-8bb9-4158-a4d7-ada9eb729037@group-4CC069B2961E-SegmentedRaftLog:OPENED:c3,f4,i4, conf=0: [32a164c3-8bb9-4158-a4d7-ada9eb729037:192.168.164.201:42866, 5fa7c213-d229-4dfb-b48e-377c0ca33348:192.168.164.201:37765, fa049fba-12b8-4e17-ac2d-38ea71bdd2ce:192.168.164.201:41821], old=null
2019-10-17 19:47:37,130 [32a164c3-8bb9-4158-a4d7-ada9eb729037@group-4CC069B2961E-LeaderElection76] INFO  impl.RaftServerImpl (RaftServerImpl.java:setRole(184)) - 32a164c3-8bb9-4158-a4d7-ada9eb729037@group-4CC069B2961E: changes role from CANDIDATE to FOLLOWER at term 41 for DISCOVERED_A_NEW_TERM
2019-10-17 19:47:37,130 [32a164c3-8bb9-4158-a4d7-ada9eb729037@group-4CC069B2961E-LeaderElection76] INFO  impl.RoleInfo (RoleInfo.java:shutdownLeaderElection(134)) - 32a164c3-8bb9-4158-a4d7-ada9eb729037: shutdown LeaderElection
2019-10-17 19:47:37,130 [32a164c3-8bb9-4158-a4d7-ada9eb729037@group-4CC069B2961E-LeaderElection76] INFO  impl.RoleInfo (RoleInfo.java:updateAndGet(143)) - 32a164c3-8bb9-4158-a4d7-ada9eb729037: start FollowerState
2019-10-17 19:47:37,152 [32a164c3-8bb9-4158-a4d7-ada9eb729037@group-8BD2F7455A0F-LeaderElection77] INFO  impl.LeaderElection (LeaderElection.java:askForVotes(178)) - 32a164c3-8bb9-4158-a4d7-ada9eb729037@group-8BD2F7455A0F-LeaderElection77: begin an election at term 27 for -1: [32a164c3-8bb9-4158-a4d7-ada9eb729037:192.168.164.201:42866, 5fa7c213-d229-4dfb-b48e-377c0ca33348:192.168.164.201:37765, fa049fba-12b8-4e17-ac2d-38ea71bdd2ce:192.168.164.201:41821], old=null
2019-10-17 19:47:37,156 [grpc-default-executor-0] INFO  impl.RaftServerImpl (RaftServerImpl.java:setRole(184)) - 5fa7c213-d229-4dfb-b48e-377c0ca33348@group-8BD2F7455A0F: changes role from  FOLLOWER to FOLLOWER at term 27 for recognizeCandidate:32a164c3-8bb9-4158-a4d7-ada9eb729037
2019-10-17 19:47:37,156 [grpc-default-executor-0] INFO  impl.RoleInfo (RoleInfo.java:shutdownFollowerState(121)) - 5fa7c213-d229-4dfb-b48e-377c0ca33348: shutdown FollowerState
2019-10-17 19:47:37,156 [grpc-default-executor-0] INFO  impl.RoleInfo (RoleInfo.java:updateAndGet(143)) - 5fa7c213-d229-4dfb-b48e-377c0ca33348: start FollowerState
2019-10-17 19:47:37,156 [Thread-1076] INFO  impl.FollowerState (FollowerState.java:run(117)) - 5fa7c213-d229-4dfb-b48e-377c0ca33348@group-8BD2F7455A0F-FollowerState was interrupted: java.lang.InterruptedException: sleep interrupted
2019-10-17 19:47:37,156 [grpc-default-executor-6] INFO  impl.RaftServerImpl (RaftServerImpl.java:setRole(184)) - fa049fba-12b8-4e17-ac2d-38ea71bdd2ce@group-8BD2F7455A0F: changes role from  FOLLOWER to FOLLOWER at term 27 for recognizeCandidate:32a164c3-8bb9-4158-a4d7-ada9eb729037
2019-10-17 19:47:37,156 [grpc-default-executor-6] INFO  impl.RoleInfo (RoleInfo.java:shutdownFollowerState(121)) - fa049fba-12b8-4e17-ac2d-38ea71bdd2ce: shutdown FollowerState
2019-10-17 19:47:37,157 [grpc-default-executor-6] INFO  impl.RoleInfo (RoleInfo.java:updateAndGet(143)) - fa049fba-12b8-4e17-ac2d-38ea71bdd2ce: start FollowerState
2019-10-17 19:47:37,157 [Thread-1077] INFO  impl.FollowerState (FollowerState.java:run(117)) - fa049fba-12b8-4e17-ac2d-38ea71bdd2ce@group-8BD2F7455A0F-FollowerState was interrupted: java.lang.InterruptedException: sleep interrupted
2019-10-17 19:47:37,175 [Thread-1088] INFO  impl.FollowerState (FollowerState.java:run(108)) - 32a164c3-8bb9-4158-a4d7-ada9eb729037@group-4CC069B2961E-FollowerState: change to CANDIDATE, lastRpcTime:45ms, electionTimeout:45ms
2019-10-17 19:47:37,176 [Thread-1088] INFO  impl.RoleInfo (RoleInfo.java:shutdownFollowerState(121)) - 32a164c3-8bb9-4158-a4d7-ada9eb729037: shutdown FollowerState
2019-10-17 19:47:37,176 [Thread-1088] INFO  impl.RaftServerImpl (RaftServerImpl.java:setRole(184)) - 32a164c3-8bb9-4158-a4d7-ada9eb729037@group-4CC069B2961E: changes role from  FOLLOWER to CANDIDATE at term 41 for changeToCandidate
2019-10-17 19:47:37,176 [Thread-1088] INFO  impl.RoleInfo (RoleInfo.java:updateAndGet(143)) - 32a164c3-8bb9-4158-a4d7-ada9eb729037: start LeaderElection
2019-10-17 19:47:37,178 [32a164c3-8bb9-4158-a4d7-ada9eb729037@group-8BD2F7455A0F-LeaderElection77] INFO  impl.LeaderElection (LeaderElection.java:logAndReturn(56)) - 32a164c3-8bb9-4158-a4d7-ada9eb729037@group-8BD2F7455A0F-LeaderElection77: Election TIMEOUT; received 0 response(s) [] and 0 exception(s); 32a164c3-8bb9-4158-a4d7-ada9eb729037@group-8BD2F7455A0F:t27, leader=null, voted=32a164c3-8bb9-4158-a4d7-ada9eb729037, raftlog=32a164c3-8bb9-4158-a4d7-ada9eb729037@group-8BD2F7455A0F-SegmentedRaftLog:OPENED:c-1,f-1,i0, conf=-1: [32a164c3-8bb9-4158-a4d7-ada9eb729037:192.168.164.201:42866, 5fa7c213-d229-4dfb-b48e-377c0ca33348:192.168.164.201:37765, fa049fba-12b8-4e17-ac2d-38ea71bdd2ce:192.168.164.201:41821], old=null
2019-10-17 19:47:37,202 [32a164c3-8bb9-4158-a4d7-ada9eb729037@group-8BD2F7455A0F-LeaderElection77] INFO  impl.LeaderElection (LeaderElection.java:askForVotes(178)) - 32a164c3-8bb9-4158-a4d7-ada9eb729037@group-8BD2F7455A0F-LeaderElection77: begin an election at term 28 for -1: [32a164c3-8bb9-4158-a4d7-ada9eb729037:192.168.164.201:42866, 5fa7c213-d229-4dfb-b48e-377c0ca33348:192.168.164.201:37765, fa049fba-12b8-4e17-ac2d-38ea71bdd2ce:192.168.164.201:41821], old=null
2019-10-17 19:47:37,202 [32a164c3-8bb9-4158-a4d7-ada9eb729037@group-4CC069B2961E-LeaderElection78] INFO  impl.LeaderElection (LeaderElection.java:askForVotes(178)) - 32a164c3-8bb9-4158-a4d7-ada9eb729037@group-4CC069B2961E-LeaderElection78: begin an election at term 42 for 0: [32a164c3-8bb9-4158-a4d7-ada9eb729037:192.168.164.201:42866, 5fa7c213-d229-4dfb-b48e-377c0ca33348:192.168.164.201:37765, fa049fba-12b8-4e17-ac2d-38ea71bdd2ce:192.168.164.201:41821], old=null
2019-10-17 19:47:37,205 [grpc-default-executor-0] INFO  impl.RaftServerImpl (RaftServerImpl.java:setRole(184)) - 5fa7c213-d229-4dfb-b48e-377c0ca33348@group-8BD2F7455A0F: changes role from  FOLLOWER to FOLLOWER at term 28 for recognizeCandidate:32a164c3-8bb9-4158-a4d7-ada9eb729037
2019-10-17 19:47:37,205 [grpc-default-executor-0] INFO  impl.RoleInfo (RoleInfo.java:shutdownFollowerState(121)) - 5fa7c213-d229-4dfb-b48e-377c0ca33348: shutdown FollowerState
2019-10-17 19:47:37,205 [grpc-default-executor-0] INFO  impl.RoleInfo (RoleInfo.java:updateAndGet(143)) - 5fa7c213-d229-4dfb-b48e-377c0ca33348: start FollowerState
2019-10-17 19:47:37,205 [Thread-1092] INFO  impl.FollowerState (FollowerState.java:run(117)) - 5fa7c213-d229-4dfb-b48e-377c0ca33348@group-8BD2F7455A0F-FollowerState was interrupted: java.lang.InterruptedException: sleep interrupted
2019-10-17 19:47:37,206 [grpc-default-executor-6] INFO  impl.RaftServerImpl (RaftServerImpl.java:setRole(184)) - fa049fba-12b8-4e17-ac2d-38ea71bdd2ce@group-8BD2F7455A0F: changes role from  FOLLOWER to FOLLOWER at term 28 for recognizeCandidate:32a164c3-8bb9-4158-a4d7-ada9eb729037
2019-10-17 19:47:37,206 [grpc-default-executor-3] INFO  impl.RaftServerImpl (RaftServerImpl.java:setRole(184)) - fa049fba-12b8-4e17-ac2d-38ea71bdd2ce@group-4CC069B2961E: changes role from  FOLLOWER to FOLLOWER at term 42 for recognizeCandidate:32a164c3-8bb9-4158-a4d7-ada9eb729037
2019-10-17 19:47:37,206 [grpc-default-executor-7] INFO  impl.RaftServerImpl (RaftServerImpl.java:setRole(184)) - 5fa7c213-d229-4dfb-b48e-377c0ca33348@group-4CC069B2961E: changes role from  FOLLOWER to FOLLOWER at term 42 for recognizeCandidate:32a164c3-8bb9-4158-a4d7-ada9eb729037
2019-10-17 19:47:37,206 [grpc-default-executor-6] INFO  impl.RoleInfo (RoleInfo.java:shutdownFollowerState(121)) - fa049fba-12b8-4e17-ac2d-38ea71bdd2ce: shutdown FollowerState
2019-10-17 19:47:37,206 [grpc-default-executor-7] INFO  impl.RoleInfo (RoleInfo.java:shutdownFollowerState(121)) - 5fa7c213-d229-4dfb-b48e-377c0ca33348: shutdown FollowerState
2019-10-17 19:47:37,206 [grpc-default-executor-3] INFO  impl.RoleInfo (RoleInfo.java:shutdownFollowerState(121)) - fa049fba-12b8-4e17-ac2d-38ea71bdd2ce: shutdown FollowerState
2019-10-17 19:47:37,206 [grpc-default-executor-7] INFO  impl.RoleInfo (RoleInfo.java:updateAndGet(143)) - 5fa7c213-d229-4dfb-b48e-377c0ca33348: start FollowerState
2019-10-17 19:47:37,206 [Thread-1093] INFO  impl.FollowerState (FollowerState.java:run(117)) - fa049fba-12b8-4e17-ac2d-38ea71bdd2ce@group-8BD2F7455A0F-FollowerState was interrupted: java.lang.InterruptedException: sleep interrupted
2019-10-17 19:47:37,206 [grpc-default-executor-6] INFO  impl.RoleInfo (RoleInfo.java:updateAndGet(143)) - fa049fba-12b8-4e17-ac2d-38ea71bdd2ce: start FollowerState
2019-10-17 19:47:37,207 [Thread-1086] INFO  impl.FollowerState (FollowerState.java:run(117)) - fa049fba-12b8-4e17-ac2d-38ea71bdd2ce@group-4CC069B2961E-FollowerState was interrupted: java.lang.InterruptedException: sleep interrupted
2019-10-17 19:47:37,207 [grpc-default-executor-3] INFO  impl.RoleInfo (RoleInfo.java:updateAndGet(143)) - fa049fba-12b8-4e17-ac2d-38ea71bdd2ce: start FollowerState
2019-10-17 19:47:37,207 [Thread-1085] INFO  impl.FollowerState (FollowerState.java:run(117)) - 5fa7c213-d229-4dfb-b48e-377c0ca33348@group-4CC069B2961E-FollowerState was interrupted: java.lang.InterruptedException: sleep interrupted
2019-10-17 19:47:37,219 [32a164c3-8bb9-4158-a4d7-ada9eb729037@group-8BD2F7455A0F-LeaderElection77] INFO  impl.LeaderElection (LeaderElection.java:logAndReturn(56)) - 32a164c3-8bb9-4158-a4d7-ada9eb729037@group-8BD2F7455A0F-LeaderElection77: Election TIMEOUT; received 0 response(s) [] and 0 exception(s); 32a164c3-8bb9-4158-a4d7-ada9eb729037@group-8BD2F7455A0F:t28, leader=null, voted=32a164c3-8bb9-4158-a4d7-ada9eb729037, raftlog=32a164c3-8bb9-4158-a4d7-ada9eb729037@group-8BD2F7455A0F-SegmentedRaftLog:OPENED:c-1,f-1,i0, conf=-1: [32a164c3-8bb9-4158-a4d7-ada9eb729037:192.168.164.201:42866, 5fa7c213-d229-4dfb-b48e-377c0ca33348:192.168.164.201:37765, fa049fba-12b8-4e17-ac2d-38ea71bdd2ce:192.168.164.201:41821], old=null
2019-10-17 19:47:37,230 [32a164c3-8bb9-4158-a4d7-ada9eb729037@group-4CC069B2961E-LeaderElection78] INFO  impl.LeaderElection (LeaderElection.java:logAndReturn(56)) - 32a164c3-8bb9-4158-a4d7-ada9eb729037@group-4CC069B2961E-LeaderElection78: Election REJECTED; received 2 response(s) [32a164c3-8bb9-4158-a4d7-ada9eb729037<-5fa7c213-d229-4dfb-b48e-377c0ca33348#0:FAIL-t42, 32a164c3-8bb9-4158-a4d7-ada9eb729037<-fa049fba-12b8-4e17-ac2d-38ea71bdd2ce#0:FAIL-t42] and 0 exception(s); 32a164c3-8bb9-4158-a4d7-ada9eb729037@group-4CC069B2961E:t42, leader=null, voted=32a164c3-8bb9-4158-a4d7-ada9eb729037, raftlog=32a164c3-8bb9-4158-a4d7-ada9eb729037@group-4CC069B2961E-SegmentedRaftLog:OPENED:c3,f4,i4, conf=0: [32a164c3-8bb9-4158-a4d7-ada9eb729037:192.168.164.201:42866, 5fa7c213-d229-4dfb-b48e-377c0ca33348:192.168.164.201:37765, fa049fba-12b8-4e17-ac2d-38ea71bdd2ce:192.168.164.201:41821], old=null
2019-10-17 19:47:37,231 [32a164c3-8bb9-4158-a4d7-ada9eb729037@group-4CC069B2961E-LeaderElection78] INFO  impl.RaftServerImpl (RaftServerImpl.java:setRole(184)) - 32a164c3-8bb9-4158-a4d7-ada9eb729037@group-4CC069B2961E: changes role from CANDIDATE to FOLLOWER at term 42 for DISCOVERED_A_NEW_TERM
2019-10-17 19:47:37,231 [32a164c3-8bb9-4158-a4d7-ada9eb729037@group-4CC069B2961E-LeaderElection78] INFO  impl.RoleInfo (RoleInfo.java:shutdownLeaderElection(134)) - 32a164c3-8bb9-4158-a4d7-ada9eb729037: shutdown LeaderElection
2019-10-17 19:47:37,231 [32a164c3-8bb9-4158-a4d7-ada9eb729037@group-4CC069B2961E-LeaderElection78] INFO  impl.RoleInfo (RoleInfo.java:updateAndGet(143)) - 32a164c3-8bb9-4158-a4d7-ada9eb729037: start FollowerState
2019-10-17 19:47:37,251 [32a164c3-8bb9-4158-a4d7-ada9eb729037@group-8BD2F7455A0F-LeaderElection77] INFO  impl.LeaderElection (LeaderElection.java:askForVotes(178)) - 32a164c3-8bb9-4158-a4d7-ada9eb729037@group-8BD2F7455A0F-LeaderElection77: begin an election at term 29 for -1: [32a164c3-8bb9-4158-a4d7-ada9eb729037:192.168.164.201:42866, 5fa7c213-d229-4dfb-b48e-377c0ca33348:192.168.164.201:37765, fa049fba-12b8-4e17-ac2d-38ea71bdd2ce:192.168.164.201:41821], old=null
2019-10-17 19:47:37,254 [grpc-default-executor-6] INFO  impl.RaftServerImpl (RaftServerImpl.java:setRole(184)) - 5fa7c213-d229-4dfb-b48e-377c0ca33348@group-8BD2F7455A0F: changes role from  FOLLOWER to FOLLOWER at term 29 for recognizeCandidate:32a164c3-8bb9-4158-a4d7-ada9eb729037
2019-10-17 19:47:37,254 [grpc-default-executor-6] INFO  impl.RoleInfo (RoleInfo.java:shutdownFollowerState(121)) - 5fa7c213-d229-4dfb-b48e-377c0ca33348: shutdown FollowerState
2019-10-17 19:47:37,254 [grpc-default-executor-6] INFO  impl.RoleInfo (RoleInfo.java:updateAndGet(143)) - 5fa7c213-d229-4dfb-b48e-377c0ca33348: start FollowerState
2019-10-17 19:47:37,254 [grpc-default-executor-0] INFO  impl.RaftServerImpl (RaftServerImpl.java:setRole(184)) - fa049fba-12b8-4e17-ac2d-38ea71bdd2ce@group-8BD2F7455A0F: changes role from  FOLLOWER to FOLLOWER at term 29 for recognizeCandidate:32a164c3-8bb9-4158-a4d7-ada9eb729037
2019-10-17 19:47:37,254 [Thread-1099] INFO  impl.FollowerState (FollowerState.java:run(117)) - 5fa7c213-d229-4dfb-b48e-377c0ca33348@group-8BD2F7455A0F-FollowerState was interrupted: java.lang.InterruptedException: sleep interrupted
2019-10-17 19:47:37,254 [grpc-default-executor-0] INFO  impl.RoleInfo (RoleInfo.java:shutdownFollowerState(121)) - fa049fba-12b8-4e17-ac2d-38ea71bdd2ce: shutdown FollowerState
2019-10-17 19:47:37,255 [grpc-default-executor-0] INFO  impl.RoleInfo (RoleInfo.java:updateAndGet(143)) - fa049fba-12b8-4e17-ac2d-38ea71bdd2ce: start FollowerState
2019-10-17 19:47:37,255 [Thread-1100] INFO  impl.FollowerState (FollowerState.java:run(117)) - fa049fba-12b8-4e17-ac2d-38ea71bdd2ce@group-8BD2F7455A0F-FollowerState was interrupted: java.lang.InterruptedException: sleep interrupted
2019-10-17 19:47:37,261 [Thread-1103] INFO  impl.FollowerState (FollowerState.java:run(108)) - 32a164c3-8bb9-4158-a4d7-ada9eb729037@group-4CC069B2961E-FollowerState: change to CANDIDATE, lastRpcTime:30ms, electionTimeout:30ms
2019-10-17 19:47:37,261 [Thread-1103] INFO  impl.RoleInfo (RoleInfo.java:shutdownFollowerState(121)) - 32a164c3-8bb9-4158-a4d7-ada9eb729037: shutdown FollowerState
2019-10-17 19:47:37,262 [Thread-1103] INFO  impl.RaftServerImpl (RaftServerImpl.java:setRole(184)) - 32a164c3-8bb9-4158-a4d7-ada9eb729037@group-4CC069B2961E: changes role from  FOLLOWER to CANDIDATE at term 42 for changeToCandidate
2019-10-17 19:47:37,262 [Thread-1103] INFO  impl.RoleInfo (RoleInfo.java:updateAndGet(143)) - 32a164c3-8bb9-4158-a4d7-ada9eb729037: start LeaderElection
2019-10-17 19:47:37,294 [32a164c3-8bb9-4158-a4d7-ada9eb729037@group-4CC069B2961E-LeaderElection79] INFO  impl.LeaderElection (LeaderElection.java:askForVotes(178)) - 32a164c3-8bb9-4158-a4d7-ada9eb729037@group-4CC069B2961E-LeaderElection79: begin an election at term 43 for 0: [32a164c3-8bb9-4158-a4d7-ada9eb729037:192.168.164.201:42866, 5fa7c213-d229-4dfb-b48e-377c0ca33348:192.168.164.201:37765, fa049fba-12b8-4e17-ac2d-38ea71bdd2ce:192.168.164.201:41821], old=null
2019-10-17 19:47:37,295 [32a164c3-8bb9-4158-a4d7-ada9eb729037@group-8BD2F7455A0F-LeaderElection77] INFO  impl.LeaderElection (LeaderElection.java:logAndReturn(56)) - 32a164c3-8bb9-4158-a4d7-ada9eb729037@group-8BD2F7455A0F-LeaderElection77: Election REJECTED; received 2 response(s) [32a164c3-8bb9-4158-a4d7-ada9eb729037<-5fa7c213-d229-4dfb-b48e-377c0ca33348#0:FAIL-t29, 32a164c3-8bb9-4158-a4d7-ada9eb729037<-fa049fba-12b8-4e17-ac2d-38ea71bdd2ce#0:FAIL-t29] and 0 exception(s); 32a164c3-8bb9-4158-a4d7-ada9eb729037@group-8BD2F7455A0F:t29, leader=null, voted=32a164c3-8bb9-4158-a4d7-ada9eb729037, raftlog=32a164c3-8bb9-4158-a4d7-ada9eb729037@group-8BD2F7455A0F-SegmentedRaftLog:OPENED:c-1,f-1,i0, conf=-1: [32a164c3-8bb9-4158-a4d7-ada9eb729037:192.168.164.201:42866, 5fa7c213-d229-4dfb-b48e-377c0ca33348:192.168.164.201:37765, fa049fba-12b8-4e17-ac2d-38ea71bdd2ce:192.168.164.201:41821], old=null
2019-10-17 19:47:37,295 [32a164c3-8bb9-4158-a4d7-ada9eb729037@group-8BD2F7455A0F-LeaderElection77] INFO  impl.RaftServerImpl (RaftServerImpl.java:setRole(184)) - 32a164c3-8bb9-4158-a4d7-ada9eb729037@group-8BD2F7455A0F: changes role from CANDIDATE to FOLLOWER at term 29 for DISCOVERED_A_NEW_TERM
2019-10-17 19:47:37,295 [32a164c3-8bb9-4158-a4d7-ada9eb729037@group-8BD2F7455A0F-LeaderElection77] INFO  impl.RoleInfo (RoleInfo.java:shutdownLeaderElection(134)) - 32a164c3-8bb9-4158-a4d7-ada9eb729037: shutdown LeaderElection
2019-10-17 19:47:37,295 [32a164c3-8bb9-4158-a4d7-ada9eb729037@group-8BD2F7455A0F-LeaderElection77] INFO  impl.RoleInfo (RoleInfo.java:updateAndGet(143)) - 32a164c3-8bb9-4158-a4d7-ada9eb729037: start FollowerState
2019-10-17 19:47:37,296 [grpc-default-executor-6] INFO  impl.RaftServerImpl (RaftServerImpl.java:setRole(184)) - 5fa7c213-d229-4dfb-b48e-377c0ca33348@group-4CC069B2961E: changes role from  FOLLOWER to FOLLOWER at term 43 for recognizeCandidate:32a164c3-8bb9-4158-a4d7-ada9eb729037
2019-10-17 19:47:37,296 [grpc-default-executor-6] INFO  impl.RoleInfo (RoleInfo.java:shutdownFollowerState(121)) - 5fa7c213-d229-4dfb-b48e-377c0ca33348: shutdown FollowerState
2019-10-17 19:47:37,296 [grpc-default-executor-6] INFO  impl.RoleInfo (RoleInfo.java:updateAndGet(143)) - 5fa7c213-d229-4dfb-b48e-377c0ca33348: start FollowerState
2019-10-17 19:47:37,296 [Thread-1101] INFO  impl.FollowerState (FollowerState.java:run(117)) - 5fa7c213-d229-4dfb-b48e-377c0ca33348@group-4CC069B2961E-FollowerState was interrupted: java.lang.InterruptedException: sleep interrupted
2019-10-17 19:47:37,297 [grpc-default-executor-0] INFO  impl.RaftServerImpl (RaftServerImpl.java:setRole(184)) - fa049fba-12b8-4e17-ac2d-38ea71bdd2ce@group-4CC069B2961E: changes role from  FOLLOWER to FOLLOWER at term 43 for recognizeCandidate:32a164c3-8bb9-4158-a4d7-ada9eb729037
2019-10-17 19:47:37,297 [grpc-default-executor-0] INFO  impl.RoleInfo (RoleInfo.java:shutdownFollowerState(121)) - fa049fba-12b8-4e17-ac2d-38ea71bdd2ce: shutdown FollowerState
2019-10-17 19:47:37,297 [Thread-1102] INFO  impl.FollowerState (FollowerState.java:run(117)) - fa049fba-12b8-4e17-ac2d-38ea71bdd2ce@group-4CC069B2961E-FollowerState was interrupted: java.lang.InterruptedException: sleep interrupted
2019-10-17 19:47:37,297 [grpc-default-executor-0] INFO  impl.RoleInfo (RoleInfo.java:updateAndGet(143)) - fa049fba-12b8-4e17-ac2d-38ea71bdd2ce: start FollowerState
2019-10-17 19:47:37,339 [32a164c3-8bb9-4158-a4d7-ada9eb729037@group-4CC069B2961E-LeaderElection79] INFO  impl.LeaderElection (LeaderElection.java:logAndReturn(56)) - 32a164c3-8bb9-4158-a4d7-ada9eb729037@group-4CC069B2961E-LeaderElection79: Election REJECTED; received 2 response(s) [32a164c3-8bb9-4158-a4d7-ada9eb729037<-5fa7c213-d229-4dfb-b48e-377c0ca33348#0:FAIL-t43, 32a164c3-8bb9-4158-a4d7-ada9eb729037<-fa049fba-12b8-4e17-ac2d-38ea71bdd2ce#0:FAIL-t43] and 0 exception(s); 32a164c3-8bb9-4158-a4d7-ada9eb729037@group-4CC069B2961E:t43, leader=null, voted=32a164c3-8bb9-4158-a4d7-ada9eb729037, raftlog=32a164c3-8bb9-4158-a4d7-ada9eb729037@group-4CC069B2961E-SegmentedRaftLog:OPENED:c3,f4,i4, conf=0: [32a164c3-8bb9-4158-a4d7-ada9eb729037:192.168.164.201:42866, 5fa7c213-d229-4dfb-b48e-377c0ca33348:192.168.164.201:37765, fa049fba-12b8-4e17-ac2d-38ea71bdd2ce:192.168.164.201:41821], old=null
2019-10-17 19:47:37,339 [32a164c3-8bb9-4158-a4d7-ada9eb729037@group-4CC069B2961E-LeaderElection79] INFO  impl.RaftServerImpl (RaftServerImpl.java:setRole(184)) - 32a164c3-8bb9-4158-a4d7-ada9eb729037@group-4CC069B2961E: changes role from CANDIDATE to FOLLOWER at term 43 for DISCOVERED_A_NEW_TERM
2019-10-17 19:47:37,339 [32a164c3-8bb9-4158-a4d7-ada9eb729037@group-4CC069B2961E-LeaderElection79] INFO  impl.RoleInfo (RoleInfo.java:shutdownLeaderElection(134)) - 32a164c3-8bb9-4158-a4d7-ada9eb729037: shutdown LeaderElection
2019-10-17 19:47:37,339 [32a164c3-8bb9-4158-a4d7-ada9eb729037@group-4CC069B2961E-LeaderElection79] INFO  impl.RoleInfo (RoleInfo.java:updateAndGet(143)) - 32a164c3-8bb9-4158-a4d7-ada9eb729037: start FollowerState
2019-10-17 19:47:37,343 [Thread-1116] INFO  client.GrpcClientProtocolService (GrpcClientProtocolService.java:lambda$processClientRequest$0(278)) - Failed RaftClientRequest:client-30F7F12B0123->fa049fba-12b8-4e17-ac2d-38ea71bdd2ce@group-4CC069B2961E, cid=16, seq=0, Watch-ALL_COMMITTED(6), Message:<EMPTY>, reply=RaftClientReply:client-30F7F12B0123->fa049fba-12b8-4e17-ac2d-38ea71bdd2ce@group-4CC069B2961E, cid=16, FAILED org.apache.ratis.protocol.NotLeaderException: Server fa049fba-12b8-4e17-ac2d-38ea71bdd2ce@group-4CC069B2961E is not the leader, logIndex=0, commits[fa049fba-12b8-4e17-ac2d-38ea71bdd2ce:c10, 32a164c3-8bb9-4158-a4d7-ada9eb729037:c4, 5fa7c213-d229-4dfb-b48e-377c0ca33348:c10]
2019-10-17 19:47:37,400 [Thread-1115] INFO  impl.FollowerState (FollowerState.java:run(108)) - 32a164c3-8bb9-4158-a4d7-ada9eb729037@group-4CC069B2961E-FollowerState: change to CANDIDATE, lastRpcTime:60ms, electionTimeout:60ms
2019-10-17 19:47:37,400 [Thread-1115] INFO  impl.RoleInfo (RoleInfo.java:shutdownFollowerState(121)) - 32a164c3-8bb9-4158-a4d7-ada9eb729037: shutdown FollowerState
2019-10-17 19:47:37,400 [Thread-1115] INFO  impl.RaftServerImpl (RaftServerImpl.java:setRole(184)) - 32a164c3-8bb9-4158-a4d7-ada9eb729037@group-4CC069B2961E: changes role from  FOLLOWER to CANDIDATE at term 43 for changeToCandidate
2019-10-17 19:47:37,400 [Thread-1115] INFO  impl.RoleInfo (RoleInfo.java:updateAndGet(143)) - 32a164c3-8bb9-4158-a4d7-ada9eb729037: start LeaderElection
2019-10-17 19:47:37,421 [Thread-1111] INFO  impl.FollowerState (FollowerState.java:run(108)) - 32a164c3-8bb9-4158-a4d7-ada9eb729037@group-8BD2F7455A0F-FollowerState: change to CANDIDATE, lastRpcTime:125ms, electionTimeout:125ms
2019-10-17 19:47:37,421 [Thread-1111] INFO  impl.RoleInfo (RoleInfo.java:shutdownFollowerState(121)) - 32a164c3-8bb9-4158-a4d7-ada9eb729037: shutdown FollowerState
2019-10-17 19:47:37,421 [Thread-1111] INFO  impl.RaftServerImpl (RaftServerImpl.java:setRole(184)) - 32a164c3-8bb9-4158-a4d7-ada9eb729037@group-8BD2F7455A0F: changes role from  FOLLOWER to CANDIDATE at term 29 for changeToCandidate
2019-10-17 19:47:37,422 [Thread-1111] INFO  impl.RoleInfo (RoleInfo.java:updateAndGet(143)) - 32a164c3-8bb9-4158-a4d7-ada9eb729037: start LeaderElection
2019-10-17 19:47:37,428 [32a164c3-8bb9-4158-a4d7-ada9eb729037@group-4CC069B2961E-LeaderElection80] INFO  impl.LeaderElection (LeaderElection.java:askForVotes(178)) - 32a164c3-8bb9-4158-a4d7-ada9eb729037@group-4CC069B2961E-LeaderElection80: begin an election at term 44 for 0: [32a164c3-8bb9-4158-a4d7-ada9eb729037:192.168.164.201:42866, 5fa7c213-d229-4dfb-b48e-377c0ca33348:192.168.164.201:37765, fa049fba-12b8-4e17-ac2d-38ea71bdd2ce:192.168.164.201:41821], old=null
2019-10-17 19:47:37,431 [grpc-default-executor-7] INFO  impl.RaftServerImpl (RaftServerImpl.java:setRole(184)) - 5fa7c213-d229-4dfb-b48e-377c0ca33348@group-4CC069B2961E: changes role from  FOLLOWER to FOLLOWER at term 44 for recognizeCandidate:32a164c3-8bb9-4158-a4d7-ada9eb729037
2019-10-17 19:47:37,431 [grpc-default-executor-7] INFO  impl.RoleInfo (RoleInfo.java:shutdownFollowerState(121)) - 5fa7c213-d229-4dfb-b48e-377c0ca33348: shutdown FollowerState
2019-10-17 19:47:37,431 [grpc-default-executor-7] INFO  impl.RoleInfo (RoleInfo.java:updateAndGet(143)) - 5fa7c213-d229-4dfb-b48e-377c0ca33348: start FollowerState
2019-10-17 19:47:37,431 [Thread-1112] INFO  impl.FollowerState (FollowerState.java:run(117)) - 5fa7c213-d229-4dfb-b48e-377c0ca33348@group-4CC069B2961E-FollowerState was interrupted: java.lang.InterruptedException: sleep interrupted
2019-10-17 19:47:37,431 [grpc-default-executor-6] INFO  impl.RaftServerImpl (RaftServerImpl.java:setRole(184)) - fa049fba-12b8-4e17-ac2d-38ea71bdd2ce@group-4CC069B2961E: changes role from  FOLLOWER to FOLLOWER at term 44 for recognizeCandidate:32a164c3-8bb9-4158-a4d7-ada9eb729037
2019-10-17 19:47:37,431 [grpc-default-executor-6] INFO  impl.RoleInfo (RoleInfo.java:shutdownFollowerState(121)) - fa049fba-12b8-4e17-ac2d-38ea71bdd2ce: shutdown FollowerState
2019-10-17 19:47:37,432 [grpc-default-executor-6] INFO  impl.RoleInfo (RoleInfo.java:updateAndGet(143)) - fa049fba-12b8-4e17-ac2d-38ea71bdd2ce: start FollowerState
2019-10-17 19:47:37,432 [Thread-1113] INFO  impl.FollowerState (FollowerState.java:run(117)) - fa049fba-12b8-4e17-ac2d-38ea71bdd2ce@group-4CC069B2961E-FollowerState was interrupted: java.lang.InterruptedException: sleep interrupted
2019-10-17 19:47:37,453 [32a164c3-8bb9-4158-a4d7-ada9eb729037@group-8BD2F7455A0F-LeaderElection81] INFO  impl.LeaderElection (LeaderElection.java:askForVotes(178)) - 32a164c3-8bb9-4158-a4d7-ada9eb729037@group-8BD2F7455A0F-LeaderElection81: begin an election at term 30 for -1: [32a164c3-8bb9-4158-a4d7-ada9eb729037:192.168.164.201:42866, 5fa7c213-d229-4dfb-b48e-377c0ca33348:192.168.164.201:37765, fa049fba-12b8-4e17-ac2d-38ea71bdd2ce:192.168.164.201:41821], old=null
2019-10-17 19:47:37,456 [grpc-default-executor-0] INFO  impl.RaftServerImpl (RaftServerImpl.java:setRole(184)) - 5fa7c213-d229-4dfb-b48e-377c0ca33348@group-8BD2F7455A0F: changes role from  FOLLOWER to FOLLOWER at term 30 for recognizeCandidate:32a164c3-8bb9-4158-a4d7-ada9eb729037
2019-10-17 19:47:37,456 [grpc-default-executor-0] INFO  impl.RoleInfo (RoleInfo.java:shutdownFollowerState(121)) - 5fa7c213-d229-4dfb-b48e-377c0ca33348: shutdown FollowerState
2019-10-17 19:47:37,456 [grpc-default-executor-3] INFO  impl.RaftServerImpl (RaftServerImpl.java:setRole(184)) - fa049fba-12b8-4e17-ac2d-38ea71bdd2ce@group-8BD2F7455A0F: changes role from  FOLLOWER to FOLLOWER at term 30 for recognizeCandidate:32a164c3-8bb9-4158-a4d7-ada9eb729037
2019-10-17 19:47:37,456 [Thread-1106] INFO  impl.FollowerState (FollowerState.java:run(117)) - 5fa7c213-d229-4dfb-b48e-377c0ca33348@group-8BD2F7455A0F-FollowerState was interrupted: java.lang.InterruptedException: sleep interrupted
2019-10-17 19:47:37,456 [grpc-default-executor-0] INFO  impl.RoleInfo (RoleInfo.java:updateAndGet(143)) - 5fa7c213-d229-4dfb-b48e-377c0ca33348: start FollowerState
2019-10-17 19:47:37,456 [grpc-default-executor-3] INFO  impl.RoleInfo (RoleInfo.java:shutdownFollowerState(121)) - fa049fba-12b8-4e17-ac2d-38ea71bdd2ce: shutdown FollowerState
2019-10-17 19:47:37,457 [Thread-1107] INFO  impl.FollowerState (FollowerState.java:run(117)) - fa049fba-12b8-4e17-ac2d-38ea71bdd2ce@group-8BD2F7455A0F-FollowerState was interrupted: java.lang.InterruptedException: sleep interrupted
2019-10-17 19:47:37,457 [grpc-default-executor-3] INFO  impl.RoleInfo (RoleInfo.java:updateAndGet(143)) - fa049fba-12b8-4e17-ac2d-38ea71bdd2ce: start FollowerState
2019-10-17 19:47:37,463 [32a164c3-8bb9-4158-a4d7-ada9eb729037@group-4CC069B2961E-LeaderElection80] INFO  impl.LeaderElection (LeaderElection.java:logAndReturn(56)) - 32a164c3-8bb9-4158-a4d7-ada9eb729037@group-4CC069B2961E-LeaderElection80: Election REJECTED; received 2 response(s) [32a164c3-8bb9-4158-a4d7-ada9eb729037<-5fa7c213-d229-4dfb-b48e-377c0ca33348#0:FAIL-t44, 32a164c3-8bb9-4158-a4d7-ada9eb729037<-fa049fba-12b8-4e17-ac2d-38ea71bdd2ce#0:FAIL-t44] and 0 exception(s); 32a164c3-8bb9-4158-a4d7-ada9eb729037@group-4CC069B2961E:t44, leader=null, voted=32a164c3-8bb9-4158-a4d7-ada9eb729037, raftlog=32a164c3-8bb9-4158-a4d7-ada9eb729037@group-4CC069B2961E-SegmentedRaftLog:OPENED:c3,f4,i4, conf=0: [32a164c3-8bb9-4158-a4d7-ada9eb729037:192.168.164.201:42866, 5fa7c213-d229-4dfb-b48e-377c0ca33348:192.168.164.201:37765, fa049fba-12b8-4e17-ac2d-38ea71bdd2ce:192.168.164.201:41821], old=null
2019-10-17 19:47:37,463 [32a164c3-8bb9-4158-a4d7-ada9eb729037@group-4CC069B2961E-LeaderElection80] INFO  impl.RaftServerImpl (RaftServerImpl.java:setRole(184)) - 32a164c3-8bb9-4158-a4d7-ada9eb729037@group-4CC069B2961E: changes role from CANDIDATE to FOLLOWER at term 44 for DISCOVERED_A_NEW_TERM
2019-10-17 19:47:37,463 [32a164c3-8bb9-4158-a4d7-ada9eb729037@group-4CC069B2961E-LeaderElection80] INFO  impl.RoleInfo (RoleInfo.java:shutdownLeaderElection(134)) - 32a164c3-8bb9-4158-a4d7-ada9eb729037: shutdown LeaderElection
2019-10-17 19:47:37,463 [32a164c3-8bb9-4158-a4d7-ada9eb729037@group-4CC069B2961E-LeaderElection80] INFO  impl.RoleInfo (RoleInfo.java:updateAndGet(143)) - 32a164c3-8bb9-4158-a4d7-ada9eb729037: start FollowerState
2019-10-17 19:47:37,476 [32a164c3-8bb9-4158-a4d7-ada9eb729037@group-8BD2F7455A0F-LeaderElection81] INFO  impl.LeaderElection (LeaderElection.java:logAndReturn(56)) - 32a164c3-8bb9-4158-a4d7-ada9eb729037@group-8BD2F7455A0F-LeaderElection81: Election TIMEOUT; received 0 response(s) [] and 0 exception(s); 32a164c3-8bb9-4158-a4d7-ada9eb729037@group-8BD2F7455A0F:t30, leader=null, voted=32a164c3-8bb9-4158-a4d7-ada9eb729037, raftlog=32a164c3-8bb9-4158-a4d7-ada9eb729037@group-8BD2F7455A0F-SegmentedRaftLog:OPENED:c-1,f-1,i0, conf=-1: [32a164c3-8bb9-4158-a4d7-ada9eb729037:192.168.164.201:42866, 5fa7c213-d229-4dfb-b48e-377c0ca33348:192.168.164.201:37765, fa049fba-12b8-4e17-ac2d-38ea71bdd2ce:192.168.164.201:41821], old=null
2019-10-17 19:47:37,504 [32a164c3-8bb9-4158-a4d7-ada9eb729037@group-8BD2F7455A0F-LeaderElection81] INFO  impl.LeaderElection (LeaderElection.java:askForVotes(178)) - 32a164c3-8bb9-4158-a4d7-ada9eb729037@group-8BD2F7455A0F-LeaderElection81: begin an election at term 31 for -1: [32a164c3-8bb9-4158-a4d7-ada9eb729037:192.168.164.201:42866, 5fa7c213-d229-4dfb-b48e-377c0ca33348:192.168.164.201:37765, fa049fba-12b8-4e17-ac2d-38ea71bdd2ce:192.168.164.201:41821], old=null
2019-10-17 19:47:37,507 [grpc-default-executor-0] INFO  impl.RaftServerImpl (RaftServerImpl.java:setRole(184)) - 5fa7c213-d229-4dfb-b48e-377c0ca33348@group-8BD2F7455A0F: changes role from  FOLLOWER to FOLLOWER at term 31 for recognizeCandidate:32a164c3-8bb9-4158-a4d7-ada9eb729037
2019-10-17 19:47:37,507 [grpc-default-executor-0] INFO  impl.RoleInfo (RoleInfo.java:shutdownFollowerState(121)) - 5fa7c213-d229-4dfb-b48e-377c0ca33348: shutdown FollowerState
2019-10-17 19:47:37,507 [grpc-default-executor-3] INFO  impl.RaftServerImpl (RaftServerImpl.java:setRole(184)) - fa049fba-12b8-4e17-ac2d-38ea71bdd2ce@group-8BD2F7455A0F: changes role from  FOLLOWER to FOLLOWER at term 31 for recognizeCandidate:32a164c3-8bb9-4158-a4d7-ada9eb729037
2019-10-17 19:47:37,507 [grpc-default-executor-0] INFO  impl.RoleInfo (RoleInfo.java:updateAndGet(143)) - 5fa7c213-d229-4dfb-b48e-377c0ca33348: start FollowerState
2019-10-17 19:47:37,507 [Thread-1126] INFO  impl.FollowerState (FollowerState.java:run(117)) - 5fa7c213-d229-4dfb-b48e-377c0ca33348@group-8BD2F7455A0F-FollowerState was interrupted: java.lang.InterruptedException: sleep interrupted
2019-10-17 19:47:37,508 [grpc-default-executor-3] INFO  impl.RoleInfo (RoleInfo.java:shutdownFollowerState(121)) - fa049fba-12b8-4e17-ac2d-38ea71bdd2ce: shutdown FollowerState
2019-10-17 19:47:37,508 [grpc-default-executor-3] INFO  impl.RoleInfo (RoleInfo.java:updateAndGet(143)) - fa049fba-12b8-4e17-ac2d-38ea71bdd2ce: start FollowerState
2019-10-17 19:47:37,508 [Thread-1127] INFO  impl.FollowerState (FollowerState.java:run(117)) - fa049fba-12b8-4e17-ac2d-38ea71bdd2ce@group-8BD2F7455A0F-FollowerState was interrupted: java.lang.InterruptedException: sleep interrupted
2019-10-17 19:47:37,531 [32a164c3-8bb9-4158-a4d7-ada9eb729037@group-8BD2F7455A0F-LeaderElection81] INFO  impl.LeaderElection (LeaderElection.java:logAndReturn(56)) - 32a164c3-8bb9-4158-a4d7-ada9eb729037@group-8BD2F7455A0F-LeaderElection81: Election REJECTED; received 2 response(s) [32a164c3-8bb9-4158-a4d7-ada9eb729037<-5fa7c213-d229-4dfb-b48e-377c0ca33348#0:FAIL-t31, 32a164c3-8bb9-4158-a4d7-ada9eb729037<-fa049fba-12b8-4e17-ac2d-38ea71bdd2ce#0:FAIL-t31] and 0 exception(s); 32a164c3-8bb9-4158-a4d7-ada9eb729037@group-8BD2F7455A0F:t31, leader=null, voted=32a164c3-8bb9-4158-a4d7-ada9eb729037, raftlog=32a164c3-8bb9-4158-a4d7-ada9eb729037@group-8BD2F7455A0F-SegmentedRaftLog:OPENED:c-1,f-1,i0, conf=-1: [32a164c3-8bb9-4158-a4d7-ada9eb729037:192.168.164.201:42866, 5fa7c213-d229-4dfb-b48e-377c0ca33348:192.168.164.201:37765, fa049fba-12b8-4e17-ac2d-38ea71bdd2ce:192.168.164.201:41821], old=null
2019-10-17 19:47:37,531 [32a164c3-8bb9-4158-a4d7-ada9eb729037@group-8BD2F7455A0F-LeaderElection81] INFO  impl.RaftServerImpl (RaftServerImpl.java:setRole(184)) - 32a164c3-8bb9-4158-a4d7-ada9eb729037@group-8BD2F7455A0F: changes role from CANDIDATE to FOLLOWER at term 31 for DISCOVERED_A_NEW_TERM
2019-10-17 19:47:37,531 [32a164c3-8bb9-4158-a4d7-ada9eb729037@group-8BD2F7455A0F-LeaderElection81] INFO  impl.RoleInfo (RoleInfo.java:shutdownLeaderElection(134)) - 32a164c3-8bb9-4158-a4d7-ada9eb729037: shutdown LeaderElection
2019-10-17 19:47:37,531 [32a164c3-8bb9-4158-a4d7-ada9eb729037@group-8BD2F7455A0F-LeaderElection81] INFO  impl.RoleInfo (RoleInfo.java:updateAndGet(143)) - 32a164c3-8bb9-4158-a4d7-ada9eb729037: start FollowerState
2019-10-17 19:47:37,549 [Thread-1133] INFO  impl.FollowerState (FollowerState.java:run(108)) - 32a164c3-8bb9-4158-a4d7-ada9eb729037@group-8BD2F7455A0F-FollowerState: change to CANDIDATE, lastRpcTime:17ms, electionTimeout:17ms
2019-10-17 19:47:37,549 [Thread-1133] INFO  impl.RoleInfo (RoleInfo.java:shutdownFollowerState(121)) - 32a164c3-8bb9-4158-a4d7-ada9eb729037: shutdown FollowerState
2019-10-17 19:47:37,549 [Thread-1133] INFO  impl.RaftServerImpl (RaftServerImpl.java:setRole(184)) - 32a164c3-8bb9-4158-a4d7-ada9eb729037@group-8BD2F7455A0F: changes role from  FOLLOWER to CANDIDATE at term 31 for changeToCandidate
2019-10-17 19:47:37,549 [Thread-1133] INFO  impl.RoleInfo (RoleInfo.java:updateAndGet(143)) - 32a164c3-8bb9-4158-a4d7-ada9eb729037: start LeaderElection
2019-10-17 19:47:37,555 [Thread-1128] INFO  impl.FollowerState (FollowerState.java:run(108)) - 32a164c3-8bb9-4158-a4d7-ada9eb729037@group-4CC069B2961E-FollowerState: change to CANDIDATE, lastRpcTime:91ms, electionTimeout:91ms
2019-10-17 19:47:37,555 [Thread-1128] INFO  impl.RoleInfo (RoleInfo.java:shutdownFollowerState(121)) - 32a164c3-8bb9-4158-a4d7-ada9eb729037: shutdown FollowerState
2019-10-17 19:47:37,555 [Thread-1128] INFO  impl.RaftServerImpl (RaftServerImpl.java:setRole(184)) - 32a164c3-8bb9-4158-a4d7-ada9eb729037@group-4CC069B2961E: changes role from  FOLLOWER to CANDIDATE at term 44 for changeToCandidate
2019-10-17 19:47:37,556 [Thread-1128] INFO  impl.RoleInfo (RoleInfo.java:updateAndGet(143)) - 32a164c3-8bb9-4158-a4d7-ada9eb729037: start LeaderElection
2019-10-17 19:47:37,580 [32a164c3-8bb9-4158-a4d7-ada9eb729037@group-4CC069B2961E-LeaderElection83] INFO  impl.LeaderElection (LeaderElection.java:askForVotes(178)) - 32a164c3-8bb9-4158-a4d7-ada9eb729037@group-4CC069B2961E-LeaderElection83: begin an election at term 45 for 0: [32a164c3-8bb9-4158-a4d7-ada9eb729037:192.168.164.201:42866, 5fa7c213-d229-4dfb-b48e-377c0ca33348:192.168.164.201:37765, fa049fba-12b8-4e17-ac2d-38ea71bdd2ce:192.168.164.201:41821], old=null
2019-10-17 19:47:37,580 [32a164c3-8bb9-4158-a4d7-ada9eb729037@group-8BD2F7455A0F-LeaderElection82] INFO  impl.LeaderElection (LeaderElection.java:askForVotes(178)) - 32a164c3-8bb9-4158-a4d7-ada9eb729037@group-8BD2F7455A0F-LeaderElection82: begin an election at term 32 for -1: [32a164c3-8bb9-4158-a4d7-ada9eb729037:192.168.164.201:42866, 5fa7c213-d229-4dfb-b48e-377c0ca33348:192.168.164.201:37765, fa049fba-12b8-4e17-ac2d-38ea71bdd2ce:192.168.164.201:41821], old=null
2019-10-17 19:47:37,584 [grpc-default-executor-0] INFO  impl.RaftServerImpl (RaftServerImpl.java:setRole(184)) - 5fa7c213-d229-4dfb-b48e-377c0ca33348@group-4CC069B2961E: changes role from  FOLLOWER to FOLLOWER at term 45 for recognizeCandidate:32a164c3-8bb9-4158-a4d7-ada9eb729037
2019-10-17 19:47:37,585 [grpc-default-executor-3] INFO  impl.RaftServerImpl (RaftServerImpl.java:setRole(184)) - fa049fba-12b8-4e17-ac2d-38ea71bdd2ce@group-8BD2F7455A0F: changes role from  FOLLOWER to FOLLOWER at term 32 for recognizeCandidate:32a164c3-8bb9-4158-a4d7-ada9eb729037
2019-10-17 19:47:37,585 [grpc-default-executor-7] INFO  impl.RaftServerImpl (RaftServerImpl.java:setRole(184)) - fa049fba-12b8-4e17-ac2d-38ea71bdd2ce@group-4CC069B2961E: changes role from  FOLLOWER to FOLLOWER at term 45 for recognizeCandidate:32a164c3-8bb9-4158-a4d7-ada9eb729037
2019-10-17 19:47:37,585 [grpc-default-executor-0] INFO  impl.RoleInfo (RoleInfo.java:shutdownFollowerState(121)) - 5fa7c213-d229-4dfb-b48e-377c0ca33348: shutdown FollowerState
2019-10-17 19:47:37,585 [grpc-default-executor-7] INFO  impl.RoleInfo (RoleInfo.java:shutdownFollowerState(121)) - fa049fba-12b8-4e17-ac2d-38ea71bdd2ce: shutdown FollowerState
2019-10-17 19:47:37,585 [grpc-default-executor-3] INFO  impl.RoleInfo (RoleInfo.java:shutdownFollowerState(121)) - fa049fba-12b8-4e17-ac2d-38ea71bdd2ce: shutdown FollowerState
2019-10-17 19:47:37,585 [Thread-1123] INFO  impl.FollowerState (FollowerState.java:run(117)) - fa049fba-12b8-4e17-ac2d-38ea71bdd2ce@group-4CC069B2961E-FollowerState was interrupted: java.lang.InterruptedException: sleep interrupted
2019-10-17 19:47:37,585 [Thread-1122] INFO  impl.FollowerState (FollowerState.java:run(117)) - 5fa7c213-d229-4dfb-b48e-377c0ca33348@group-4CC069B2961E-FollowerState was interrupted: java.lang.InterruptedException: sleep interrupted
2019-10-17 19:47:37,585 [grpc-default-executor-7] INFO  impl.RoleInfo (RoleInfo.java:updateAndGet(143)) - fa049fba-12b8-4e17-ac2d-38ea71bdd2ce: start FollowerState
2019-10-17 19:47:37,585 [grpc-default-executor-6] INFO  impl.RaftServerImpl (RaftServerImpl.java:setRole(184)) - 5fa7c213-d229-4dfb-b48e-377c0ca33348@group-8BD2F7455A0F: changes role from  FOLLOWER to FOLLOWER at term 32 for recognizeCandidate:32a164c3-8bb9-4158-a4d7-ada9eb729037
2019-10-17 19:47:37,586 [grpc-default-executor-6] INFO  impl.RoleInfo (RoleInfo.java:shutdownFollowerState(121)) - 5fa7c213-d229-4dfb-b48e-377c0ca33348: shutdown FollowerState
2019-10-17 19:47:37,585 [grpc-default-executor-0] INFO  impl.RoleInfo (RoleInfo.java:updateAndGet(143)) - 5fa7c213-d229-4dfb-b48e-377c0ca33348: start FollowerState
2019-10-17 19:47:37,586 [Thread-1131] INFO  impl.FollowerState (FollowerState.java:run(117)) - 5fa7c213-d229-4dfb-b48e-377c0ca33348@group-8BD2F7455A0F-FollowerState was interrupted: java.lang.InterruptedException: sleep interrupted
2019-10-17 19:47:37,586 [grpc-default-executor-6] INFO  impl.RoleInfo (RoleInfo.java:updateAndGet(143)) - 5fa7c213-d229-4dfb-b48e-377c0ca33348: start FollowerState
2019-10-17 19:47:37,586 [Thread-1132] INFO  impl.FollowerState (FollowerState.java:run(117)) - fa049fba-12b8-4e17-ac2d-38ea71bdd2ce@group-8BD2F7455A0F-FollowerState was interrupted: java.lang.InterruptedException: sleep interrupted
2019-10-17 19:47:37,586 [grpc-default-executor-3] INFO  impl.RoleInfo (RoleInfo.java:updateAndGet(143)) - fa049fba-12b8-4e17-ac2d-38ea71bdd2ce: start FollowerState
2019-10-17 19:47:37,616 [32a164c3-8bb9-4158-a4d7-ada9eb729037@group-8BD2F7455A0F-LeaderElection82] INFO  impl.LeaderElection (LeaderElection.java:logAndReturn(56)) - 32a164c3-8bb9-4158-a4d7-ada9eb729037@group-8BD2F7455A0F-LeaderElection82: Election REJECTED; received 2 response(s) [32a164c3-8bb9-4158-a4d7-ada9eb729037<-5fa7c213-d229-4dfb-b48e-377c0ca33348#0:FAIL-t32, 32a164c3-8bb9-4158-a4d7-ada9eb729037<-fa049fba-12b8-4e17-ac2d-38ea71bdd2ce#0:FAIL-t32] and 0 exception(s); 32a164c3-8bb9-4158-a4d7-ada9eb729037@group-8BD2F7455A0F:t32, leader=null, voted=32a164c3-8bb9-4158-a4d7-ada9eb729037, raftlog=32a164c3-8bb9-4158-a4d7-ada9eb729037@group-8BD2F7455A0F-SegmentedRaftLog:OPENED:c-1,f-1,i0, conf=-1: [32a164c3-8bb9-4158-a4d7-ada9eb729037:192.168.164.201:42866, 5fa7c213-d229-4dfb-b48e-377c0ca33348:192.168.164.201:37765, fa049fba-12b8-4e17-ac2d-38ea71bdd2ce:192.168.164.201:41821], old=null
2019-10-17 19:47:37,616 [32a164c3-8bb9-4158-a4d7-ada9eb729037@group-4CC069B2961E-LeaderElection83] INFO  impl.LeaderElection (LeaderElection.java:logAndReturn(56)) - 32a164c3-8bb9-4158-a4d7-ada9eb729037@group-4CC069B2961E-LeaderElection83: Election REJECTED; received 2 response(s) [32a164c3-8bb9-4158-a4d7-ada9eb729037<-5fa7c213-d229-4dfb-b48e-377c0ca33348#0:FAIL-t45, 32a164c3-8bb9-4158-a4d7-ada9eb729037<-fa049fba-12b8-4e17-ac2d-38ea71bdd2ce#0:FAIL-t45] and 0 exception(s); 32a164c3-8bb9-4158-a4d7-ada9eb729037@group-4CC069B2961E:t45, leader=null, voted=32a164c3-8bb9-4158-a4d7-ada9eb729037, raftlog=32a164c3-8bb9-4158-a4d7-ada9eb729037@group-4CC069B2961E-SegmentedRaftLog:OPENED:c3,f4,i4, conf=0: [32a164c3-8bb9-4158-a4d7-ada9eb729037:192.168.164.201:42866, 5fa7c213-d229-4dfb-b48e-377c0ca33348:192.168.164.201:37765, fa049fba-12b8-4e17-ac2d-38ea71bdd2ce:192.168.164.201:41821], old=null
2019-10-17 19:47:37,616 [32a164c3-8bb9-4158-a4d7-ada9eb729037@group-8BD2F7455A0F-LeaderElection82] INFO  impl.RaftServerImpl (RaftServerImpl.java:setRole(184)) - 32a164c3-8bb9-4158-a4d7-ada9eb729037@group-8BD2F7455A0F: changes role from CANDIDATE to FOLLOWER at term 32 for DISCOVERED_A_NEW_TERM
2019-10-17 19:47:37,616 [32a164c3-8bb9-4158-a4d7-ada9eb729037@group-4CC069B2961E-LeaderElection83] INFO  impl.RaftServerImpl (RaftServerImpl.java:setRole(184)) - 32a164c3-8bb9-4158-a4d7-ada9eb729037@group-4CC069B2961E: changes role from CANDIDATE to FOLLOWER at term 45 for DISCOVERED_A_NEW_TERM
2019-10-17 19:47:37,616 [32a164c3-8bb9-4158-a4d7-ada9eb729037@group-8BD2F7455A0F-LeaderElection82] INFO  impl.RoleInfo (RoleInfo.java:shutdownLeaderElection(134)) - 32a164c3-8bb9-4158-a4d7-ada9eb729037: shutdown LeaderElection
2019-10-17 19:47:37,616 [32a164c3-8bb9-4158-a4d7-ada9eb729037@group-4CC069B2961E-LeaderElection83] INFO  impl.RoleInfo (RoleInfo.java:shutdownLeaderElection(134)) - 32a164c3-8bb9-4158-a4d7-ada9eb729037: shutdown LeaderElection
2019-10-17 19:47:37,617 [32a164c3-8bb9-4158-a4d7-ada9eb729037@group-8BD2F7455A0F-LeaderElection82] INFO  impl.RoleInfo (RoleInfo.java:updateAndGet(143)) - 32a164c3-8bb9-4158-a4d7-ada9eb729037: start FollowerState
2019-10-17 19:47:37,617 [32a164c3-8bb9-4158-a4d7-ada9eb729037@group-4CC069B2961E-LeaderElection83] INFO  impl.RoleInfo (RoleInfo.java:updateAndGet(143)) - 32a164c3-8bb9-4158-a4d7-ada9eb729037: start FollowerState
2019-10-17 19:47:37,726 [Thread-1145] INFO  impl.FollowerState (FollowerState.java:run(108)) - 32a164c3-8bb9-4158-a4d7-ada9eb729037@group-4CC069B2961E-FollowerState: change to CANDIDATE, lastRpcTime:109ms, electionTimeout:109ms
2019-10-17 19:47:37,727 [Thread-1145] INFO  impl.RoleInfo (RoleInfo.java:shutdownFollowerState(121)) - 32a164c3-8bb9-4158-a4d7-ada9eb729037: shutdown FollowerState
2019-10-17 19:47:37,727 [Thread-1145] INFO  impl.RaftServerImpl (RaftServerImpl.java:setRole(184)) - 32a164c3-8bb9-4158-a4d7-ada9eb729037@group-4CC069B2961E: changes role from  FOLLOWER to CANDIDATE at term 45 for changeToCandidate
2019-10-17 19:47:37,727 [Thread-1145] INFO  impl.RoleInfo (RoleInfo.java:updateAndGet(143)) - 32a164c3-8bb9-4158-a4d7-ada9eb729037: start LeaderElection
2019-10-17 19:47:37,756 [32a164c3-8bb9-4158-a4d7-ada9eb729037@group-4CC069B2961E-LeaderElection84] INFO  impl.LeaderElection (LeaderElection.java:askForVotes(178)) - 32a164c3-8bb9-4158-a4d7-ada9eb729037@group-4CC069B2961E-LeaderElection84: begin an election at term 46 for 0: [32a164c3-8bb9-4158-a4d7-ada9eb729037:192.168.164.201:42866, 5fa7c213-d229-4dfb-b48e-377c0ca33348:192.168.164.201:37765, fa049fba-12b8-4e17-ac2d-38ea71bdd2ce:192.168.164.201:41821], old=null
2019-10-17 19:47:37,760 [grpc-default-executor-0] INFO  impl.RaftServerImpl (RaftServerImpl.java:setRole(184)) - fa049fba-12b8-4e17-ac2d-38ea71bdd2ce@group-4CC069B2961E: changes role from  FOLLOWER to FOLLOWER at term 46 for recognizeCandidate:32a164c3-8bb9-4158-a4d7-ada9eb729037
2019-10-17 19:47:37,760 [grpc-default-executor-6] INFO  impl.RaftServerImpl (RaftServerImpl.java:setRole(184)) - 5fa7c213-d229-4dfb-b48e-377c0ca33348@group-4CC069B2961E: changes role from  FOLLOWER to FOLLOWER at term 46 for recognizeCandidate:32a164c3-8bb9-4158-a4d7-ada9eb729037
2019-10-17 19:47:37,761 [grpc-default-executor-0] INFO  impl.RoleInfo (RoleInfo.java:shutdownFollowerState(121)) - fa049fba-12b8-4e17-ac2d-38ea71bdd2ce: shutdown FollowerState
2019-10-17 19:47:37,761 [grpc-default-executor-6] INFO  impl.RoleInfo (RoleInfo.java:shutdownFollowerState(121)) - 5fa7c213-d229-4dfb-b48e-377c0ca33348: shutdown FollowerState
2019-10-17 19:47:37,761 [Thread-1141] INFO  impl.FollowerState (FollowerState.java:run(117)) - fa049fba-12b8-4e17-ac2d-38ea71bdd2ce@group-4CC069B2961E-FollowerState was interrupted: java.lang.InterruptedException: sleep interrupted
2019-10-17 19:47:37,761 [grpc-default-executor-0] INFO  impl.RoleInfo (RoleInfo.java:updateAndGet(143)) - fa049fba-12b8-4e17-ac2d-38ea71bdd2ce: start FollowerState
2019-10-17 19:47:37,761 [Thread-1140] INFO  impl.FollowerState (FollowerState.java:run(117)) - 5fa7c213-d229-4dfb-b48e-377c0ca33348@group-4CC069B2961E-FollowerState was interrupted: java.lang.InterruptedException: sleep interrupted
2019-10-17 19:47:37,761 [grpc-default-executor-6] INFO  impl.RoleInfo (RoleInfo.java:updateAndGet(143)) - 5fa7c213-d229-4dfb-b48e-377c0ca33348: start FollowerState
2019-10-17 19:47:37,769 [Thread-1144] INFO  impl.FollowerState (FollowerState.java:run(108)) - 32a164c3-8bb9-4158-a4d7-ada9eb729037@group-8BD2F7455A0F-FollowerState: change to CANDIDATE, lastRpcTime:152ms, electionTimeout:152ms
2019-10-17 19:47:37,769 [Thread-1144] INFO  impl.RoleInfo (RoleInfo.java:shutdownFollowerState(121)) - 32a164c3-8bb9-4158-a4d7-ada9eb729037: shutdown FollowerState
2019-10-17 19:47:37,770 [Thread-1144] INFO  impl.RaftServerImpl (RaftServerImpl.java:setRole(184)) - 32a164c3-8bb9-4158-a4d7-ada9eb729037@group-8BD2F7455A0F: changes role from  FOLLOWER to CANDIDATE at term 32 for changeToCandidate
2019-10-17 19:47:37,770 [Thread-1144] INFO  impl.RoleInfo (RoleInfo.java:updateAndGet(143)) - 32a164c3-8bb9-4158-a4d7-ada9eb729037: start LeaderElection
2019-10-17 19:47:37,790 [32a164c3-8bb9-4158-a4d7-ada9eb729037@group-8BD2F7455A0F-LeaderElection85] INFO  impl.LeaderElection (LeaderElection.java:askForVotes(178)) - 32a164c3-8bb9-4158-a4d7-ada9eb729037@group-8BD2F7455A0F-LeaderElection85: begin an election at term 33 for -1: [32a164c3-8bb9-4158-a4d7-ada9eb729037:192.168.164.201:42866, 5fa7c213-d229-4dfb-b48e-377c0ca33348:192.168.164.201:37765, fa049fba-12b8-4e17-ac2d-38ea71bdd2ce:192.168.164.201:41821], old=null
2019-10-17 19:47:37,791 [32a164c3-8bb9-4158-a4d7-ada9eb729037@group-4CC069B2961E-LeaderElection84] INFO  impl.LeaderElection (LeaderElection.java:logAndReturn(56)) - 32a164c3-8bb9-4158-a4d7-ada9eb729037@group-4CC069B2961E-LeaderElection84: Election REJECTED; received 2 response(s) [32a164c3-8bb9-4158-a4d7-ada9eb729037<-5fa7c213-d229-4dfb-b48e-377c0ca33348#0:FAIL-t46, 32a164c3-8bb9-4158-a4d7-ada9eb729037<-fa049fba-12b8-4e17-ac2d-38ea71bdd2ce#0:FAIL-t46] and 0 exception(s); 32a164c3-8bb9-4158-a4d7-ada9eb729037@group-4CC069B2961E:t46, leader=null, voted=32a164c3-8bb9-4158-a4d7-ada9eb729037, raftlog=32a164c3-8bb9-4158-a4d7-ada9eb729037@group-4CC069B2961E-SegmentedRaftLog:OPENED:c3,f4,i4, conf=0: [32a164c3-8bb9-4158-a4d7-ada9eb729037:192.168.164.201:42866, 5fa7c213-d229-4dfb-b48e-377c0ca33348:192.168.164.201:37765, fa049fba-12b8-4e17-ac2d-38ea71bdd2ce:192.168.164.201:41821], old=null
2019-10-17 19:47:37,792 [32a164c3-8bb9-4158-a4d7-ada9eb729037@group-4CC069B2961E-LeaderElection84] INFO  impl.RaftServerImpl (RaftServerImpl.java:setRole(184)) - 32a164c3-8bb9-4158-a4d7-ada9eb729037@group-4CC069B2961E: changes role from CANDIDATE to FOLLOWER at term 46 for DISCOVERED_A_NEW_TERM
2019-10-17 19:47:37,792 [32a164c3-8bb9-4158-a4d7-ada9eb729037@group-4CC069B2961E-LeaderElection84] INFO  impl.RoleInfo (RoleInfo.java:shutdownLeaderElection(134)) - 32a164c3-8bb9-4158-a4d7-ada9eb729037: shutdown LeaderElection
2019-10-17 19:47:37,792 [32a164c3-8bb9-4158-a4d7-ada9eb729037@group-4CC069B2961E-LeaderElection84] INFO  impl.RoleInfo (RoleInfo.java:updateAndGet(143)) - 32a164c3-8bb9-4158-a4d7-ada9eb729037: start FollowerState
2019-10-17 19:47:37,792 [grpc-default-executor-6] INFO  impl.RaftServerImpl (RaftServerImpl.java:setRole(184)) - 5fa7c213-d229-4dfb-b48e-377c0ca33348@group-8BD2F7455A0F: changes role from  FOLLOWER to FOLLOWER at term 33 for recognizeCandidate:32a164c3-8bb9-4158-a4d7-ada9eb729037
2019-10-17 19:47:37,792 [grpc-default-executor-6] INFO  impl.RoleInfo (RoleInfo.java:shutdownFollowerState(121)) - 5fa7c213-d229-4dfb-b48e-377c0ca33348: shutdown FollowerState
2019-10-17 19:47:37,792 [grpc-default-executor-0] INFO  impl.RaftServerImpl (RaftServerImpl.java:setRole(184)) - fa049fba-12b8-4e17-ac2d-38ea71bdd2ce@group-8BD2F7455A0F: changes role from  FOLLOWER to FOLLOWER at term 33 for recognizeCandidate:32a164c3-8bb9-4158-a4d7-ada9eb729037
2019-10-17 19:47:37,793 [Thread-1143] INFO  impl.FollowerState (FollowerState.java:run(117)) - 5fa7c213-d229-4dfb-b48e-377c0ca33348@group-8BD2F7455A0F-FollowerState was interrupted: java.lang.InterruptedException: sleep interrupted
2019-10-17 19:47:37,793 [grpc-default-executor-6] INFO  impl.RoleInfo (RoleInfo.java:updateAndGet(143)) - 5fa7c213-d229-4dfb-b48e-377c0ca33348: start FollowerState
2019-10-17 19:47:37,793 [grpc-default-executor-0] INFO  impl.RoleInfo (RoleInfo.java:shutdownFollowerState(121)) - fa049fba-12b8-4e17-ac2d-38ea71bdd2ce: shutdown FollowerState
2019-10-17 19:47:37,793 [grpc-default-executor-0] INFO  impl.RoleInfo (RoleInfo.java:updateAndGet(143)) - fa049fba-12b8-4e17-ac2d-38ea71bdd2ce: start FollowerState
2019-10-17 19:47:37,793 [Thread-1142] INFO  impl.FollowerState (FollowerState.java:run(117)) - fa049fba-12b8-4e17-ac2d-38ea71bdd2ce@group-8BD2F7455A0F-FollowerState was interrupted: java.lang.InterruptedException: sleep interrupted
2019-10-17 19:47:37,835 [32a164c3-8bb9-4158-a4d7-ada9eb729037@group-8BD2F7455A0F-LeaderElection85] INFO  impl.LeaderElection (LeaderElection.java:logAndReturn(56)) - 32a164c3-8bb9-4158-a4d7-ada9eb729037@group-8BD2F7455A0F-LeaderElection85: Election REJECTED; received 2 response(s) [32a164c3-8bb9-4158-a4d7-ada9eb729037<-5fa7c213-d229-4dfb-b48e-377c0ca33348#0:FAIL-t33, 32a164c3-8bb9-4158-a4d7-ada9eb729037<-fa049fba-12b8-4e17-ac2d-38ea71bdd2ce#0:FAIL-t33] and 0 exception(s); 32a164c3-8bb9-4158-a4d7-ada9eb729037@group-8BD2F7455A0F:t33, leader=null, voted=32a164c3-8bb9-4158-a4d7-ada9eb729037, raftlog=32a164c3-8bb9-4158-a4d7-ada9eb729037@group-8BD2F7455A0F-SegmentedRaftLog:OPENED:c-1,f-1,i0, conf=-1: [32a164c3-8bb9-4158-a4d7-ada9eb729037:192.168.164.201:42866, 5fa7c213-d229-4dfb-b48e-377c0ca33348:192.168.164.201:37765, fa049fba-12b8-4e17-ac2d-38ea71bdd2ce:192.168.164.201:41821], old=null
2019-10-17 19:47:37,835 [32a164c3-8bb9-4158-a4d7-ada9eb729037@group-8BD2F7455A0F-LeaderElection85] INFO  impl.RaftServerImpl (RaftServerImpl.java:setRole(184)) - 32a164c3-8bb9-4158-a4d7-ada9eb729037@group-8BD2F7455A0F: changes role from CANDIDATE to FOLLOWER at term 33 for DISCOVERED_A_NEW_TERM
2019-10-17 19:47:37,835 [32a164c3-8bb9-4158-a4d7-ada9eb729037@group-8BD2F7455A0F-LeaderElection85] INFO  impl.RoleInfo (RoleInfo.java:shutdownLeaderElection(134)) - 32a164c3-8bb9-4158-a4d7-ada9eb729037: shutdown LeaderElection
2019-10-17 19:47:37,835 [32a164c3-8bb9-4158-a4d7-ada9eb729037@group-8BD2F7455A0F-LeaderElection85] INFO  impl.RoleInfo (RoleInfo.java:updateAndGet(143)) - 32a164c3-8bb9-4158-a4d7-ada9eb729037: start FollowerState
2019-10-17 19:47:37,955 [Thread-1154] INFO  impl.FollowerState (FollowerState.java:run(108)) - 32a164c3-8bb9-4158-a4d7-ada9eb729037@group-4CC069B2961E-FollowerState: change to CANDIDATE, lastRpcTime:163ms, electionTimeout:163ms
2019-10-17 19:47:37,956 [Thread-1154] INFO  impl.RoleInfo (RoleInfo.java:shutdownFollowerState(121)) - 32a164c3-8bb9-4158-a4d7-ada9eb729037: shutdown FollowerState
2019-10-17 19:47:37,956 [Thread-1154] INFO  impl.RaftServerImpl (RaftServerImpl.java:setRole(184)) - 32a164c3-8bb9-4158-a4d7-ada9eb729037@group-4CC069B2961E: changes role from  FOLLOWER to CANDIDATE at term 46 for changeToCandidate
2019-10-17 19:47:37,956 [Thread-1154] INFO  impl.RoleInfo (RoleInfo.java:updateAndGet(143)) - 32a164c3-8bb9-4158-a4d7-ada9eb729037: start LeaderElection
2019-10-17 19:47:37,969 [Thread-1157] INFO  impl.FollowerState (FollowerState.java:run(108)) - 32a164c3-8bb9-4158-a4d7-ada9eb729037@group-8BD2F7455A0F-FollowerState: change to CANDIDATE, lastRpcTime:133ms, electionTimeout:133ms
2019-10-17 19:47:37,969 [Thread-1157] INFO  impl.RoleInfo (RoleInfo.java:shutdownFollowerState(121)) - 32a164c3-8bb9-4158-a4d7-ada9eb729037: shutdown FollowerState
2019-10-17 19:47:37,969 [Thread-1157] INFO  impl.RaftServerImpl (RaftServerImpl.java:setRole(184)) - 32a164c3-8bb9-4158-a4d7-ada9eb729037@group-8BD2F7455A0F: changes role from  FOLLOWER to CANDIDATE at term 33 for changeToCandidate
2019-10-17 19:47:37,970 [Thread-1157] INFO  impl.RoleInfo (RoleInfo.java:updateAndGet(143)) - 32a164c3-8bb9-4158-a4d7-ada9eb729037: start LeaderElection
2019-10-17 19:47:37,992 [32a164c3-8bb9-4158-a4d7-ada9eb729037@group-8BD2F7455A0F-LeaderElection87] INFO  impl.LeaderElection (LeaderElection.java:askForVotes(178)) - 32a164c3-8bb9-4158-a4d7-ada9eb729037@group-8BD2F7455A0F-LeaderElection87: begin an election at term 34 for -1: [32a164c3-8bb9-4158-a4d7-ada9eb729037:192.168.164.201:42866, 5fa7c213-d229-4dfb-b48e-377c0ca33348:192.168.164.201:37765, fa049fba-12b8-4e17-ac2d-38ea71bdd2ce:192.168.164.201:41821], old=null
2019-10-17 19:47:37,992 [32a164c3-8bb9-4158-a4d7-ada9eb729037@group-4CC069B2961E-LeaderElection86] INFO  impl.LeaderElection (LeaderElection.java:askForVotes(178)) - 32a164c3-8bb9-4158-a4d7-ada9eb729037@group-4CC069B2961E-LeaderElection86: begin an election at term 47 for 0: [32a164c3-8bb9-4158-a4d7-ada9eb729037:192.168.164.201:42866, 5fa7c213-d229-4dfb-b48e-377c0ca33348:192.168.164.201:37765, fa049fba-12b8-4e17-ac2d-38ea71bdd2ce:192.168.164.201:41821], old=null
2019-10-17 19:47:37,996 [grpc-default-executor-6] INFO  impl.RaftServerImpl (RaftServerImpl.java:setRole(184)) - 5fa7c213-d229-4dfb-b48e-377c0ca33348@group-4CC069B2961E: changes role from  FOLLOWER to FOLLOWER at term 47 for recognizeCandidate:32a164c3-8bb9-4158-a4d7-ada9eb729037
2019-10-17 19:47:37,996 [grpc-default-executor-0] INFO  impl.RaftServerImpl (RaftServerImpl.java:setRole(184)) - 5fa7c213-d229-4dfb-b48e-377c0ca33348@group-8BD2F7455A0F: changes role from  FOLLOWER to FOLLOWER at term 34 for recognizeCandidate:32a164c3-8bb9-4158-a4d7-ada9eb729037
2019-10-17 19:47:37,996 [grpc-default-executor-6] INFO  impl.RoleInfo (RoleInfo.java:shutdownFollowerState(121)) - 5fa7c213-d229-4dfb-b48e-377c0ca33348: shutdown FollowerState
2019-10-17 19:47:37,996 [grpc-default-executor-3] INFO  impl.RaftServerImpl (RaftServerImpl.java:setRole(184)) - fa049fba-12b8-4e17-ac2d-38ea71bdd2ce@group-8BD2F7455A0F: changes role from  FOLLOWER to FOLLOWER at term 34 for recognizeCandidate:32a164c3-8bb9-4158-a4d7-ada9eb729037
2019-10-17 19:47:37,997 [grpc-default-executor-3] INFO  impl.RoleInfo (RoleInfo.java:shutdownFollowerState(121)) - fa049fba-12b8-4e17-ac2d-38ea71bdd2ce: shutdown FollowerState
2019-10-17 19:47:37,996 [grpc-default-executor-7] INFO  impl.RaftServerImpl (RaftServerImpl.java:setRole(184)) - fa049fba-12b8-4e17-ac2d-38ea71bdd2ce@group-4CC069B2961E: changes role from  FOLLOWER to FOLLOWER at term 47 for recognizeCandidate:32a164c3-8bb9-4158-a4d7-ada9eb729037
2019-10-17 19:47:37,996 [grpc-default-executor-0] INFO  impl.RoleInfo (RoleInfo.java:shutdownFollowerState(121)) - 5fa7c213-d229-4dfb-b48e-377c0ca33348: shutdown FollowerState
2019-10-17 19:47:37,997 [grpc-default-executor-7] INFO  impl.RoleInfo (RoleInfo.java:shutdownFollowerState(121)) - fa049fba-12b8-4e17-ac2d-38ea71bdd2ce: shutdown FollowerState
2019-10-17 19:47:37,997 [Thread-1156] INFO  impl.FollowerState (FollowerState.java:run(117)) - fa049fba-12b8-4e17-ac2d-38ea71bdd2ce@group-8BD2F7455A0F-FollowerState was interrupted: java.lang.InterruptedException: sleep interrupted
2019-10-17 19:47:37,997 [grpc-default-executor-3] INFO  impl.RoleInfo (RoleInfo.java:updateAndGet(143)) - fa049fba-12b8-4e17-ac2d-38ea71bdd2ce: start FollowerState
2019-10-17 19:47:37,996 [grpc-default-executor-6] INFO  impl.RoleInfo (RoleInfo.java:updateAndGet(143)) - 5fa7c213-d229-4dfb-b48e-377c0ca33348: start FollowerState
2019-10-17 19:47:37,996 [Thread-1150] INFO  impl.FollowerState (FollowerState.java:run(117)) - 5fa7c213-d229-4dfb-b48e-377c0ca33348@group-4CC069B2961E-FollowerState was interrupted: java.lang.InterruptedException: sleep interrupted
2019-10-17 19:47:37,997 [Thread-1149] INFO  impl.FollowerState (FollowerState.java:run(117)) - fa049fba-12b8-4e17-ac2d-38ea71bdd2ce@group-4CC069B2961E-FollowerState was interrupted: java.lang.InterruptedException: sleep interrupted
2019-10-17 19:47:37,997 [grpc-default-executor-7] INFO  impl.RoleInfo (RoleInfo.java:updateAndGet(143)) - fa049fba-12b8-4e17-ac2d-38ea71bdd2ce: start FollowerState
2019-10-17 19:47:37,997 [Thread-1155] INFO  impl.FollowerState (FollowerState.java:run(117)) - 5fa7c213-d229-4dfb-b48e-377c0ca33348@group-8BD2F7455A0F-FollowerState was interrupted: java.lang.InterruptedException: sleep interrupted
2019-10-17 19:47:37,997 [grpc-default-executor-0] INFO  impl.RoleInfo (RoleInfo.java:updateAndGet(143)) - 5fa7c213-d229-4dfb-b48e-377c0ca33348: start FollowerState
2019-10-17 19:47:38,005 [BlockDeletingService#3] WARN  background.BlockDeletingService (BlockDeletingService.java:isDeletionAllowed(187)) - Close Container log Index 6 is not replicated across allthe servers in the pipeline adc40928-88ac-46dc-94be-4cc069b2961e as the min replicated index is 4. Deletion is not allowed in this container yet.
2019-10-17 19:47:38,005 [BlockDeletingService#2] WARN  background.BlockDeletingService (BlockDeletingService.java:isDeletionAllowed(187)) - Close Container log Index 6 is not replicated across allthe servers in the pipeline adc40928-88ac-46dc-94be-4cc069b2961e as the min replicated index is 4. Deletion is not allowed in this container yet.
2019-10-17 19:47:38,027 [32a164c3-8bb9-4158-a4d7-ada9eb729037@group-8BD2F7455A0F-LeaderElection87] INFO  impl.LeaderElection (LeaderElection.java:logAndReturn(56)) - 32a164c3-8bb9-4158-a4d7-ada9eb729037@group-8BD2F7455A0F-LeaderElection87: Election REJECTED; received 2 response(s) [32a164c3-8bb9-4158-a4d7-ada9eb729037<-5fa7c213-d229-4dfb-b48e-377c0ca33348#0:FAIL-t34, 32a164c3-8bb9-4158-a4d7-ada9eb729037<-fa049fba-12b8-4e17-ac2d-38ea71bdd2ce#0:FAIL-t34] and 0 exception(s); 32a164c3-8bb9-4158-a4d7-ada9eb729037@group-8BD2F7455A0F:t34, leader=null, voted=32a164c3-8bb9-4158-a4d7-ada9eb729037, raftlog=32a164c3-8bb9-4158-a4d7-ada9eb729037@group-8BD2F7455A0F-SegmentedRaftLog:OPENED:c-1,f-1,i0, conf=-1: [32a164c3-8bb9-4158-a4d7-ada9eb729037:192.168.164.201:42866, 5fa7c213-d229-4dfb-b48e-377c0ca33348:192.168.164.201:37765, fa049fba-12b8-4e17-ac2d-38ea71bdd2ce:192.168.164.201:41821], old=null
2019-10-17 19:47:38,028 [32a164c3-8bb9-4158-a4d7-ada9eb729037@group-8BD2F7455A0F-LeaderElection87] INFO  impl.RaftServerImpl (RaftServerImpl.java:setRole(184)) - 32a164c3-8bb9-4158-a4d7-ada9eb729037@group-8BD2F7455A0F: changes role from CANDIDATE to FOLLOWER at term 34 for DISCOVERED_A_NEW_TERM
2019-10-17 19:47:38,028 [32a164c3-8bb9-4158-a4d7-ada9eb729037@group-8BD2F7455A0F-LeaderElection87] INFO  impl.RoleInfo (RoleInfo.java:shutdownLeaderElection(134)) - 32a164c3-8bb9-4158-a4d7-ada9eb729037: shutdown LeaderElection
2019-10-17 19:47:38,028 [32a164c3-8bb9-4158-a4d7-ada9eb729037@group-8BD2F7455A0F-LeaderElection87] INFO  impl.RoleInfo (RoleInfo.java:updateAndGet(143)) - 32a164c3-8bb9-4158-a4d7-ada9eb729037: start FollowerState
2019-10-17 19:47:38,028 [32a164c3-8bb9-4158-a4d7-ada9eb729037@group-4CC069B2961E-LeaderElection86] INFO  impl.LeaderElection (LeaderElection.java:logAndReturn(56)) - 32a164c3-8bb9-4158-a4d7-ada9eb729037@group-4CC069B2961E-LeaderElection86: Election REJECTED; received 2 response(s) [32a164c3-8bb9-4158-a4d7-ada9eb729037<-5fa7c213-d229-4dfb-b48e-377c0ca33348#0:FAIL-t47, 32a164c3-8bb9-4158-a4d7-ada9eb729037<-fa049fba-12b8-4e17-ac2d-38ea71bdd2ce#0:FAIL-t47] and 0 exception(s); 32a164c3-8bb9-4158-a4d7-ada9eb729037@group-4CC069B2961E:t47, leader=null, voted=32a164c3-8bb9-4158-a4d7-ada9eb729037, raftlog=32a164c3-8bb9-4158-a4d7-ada9eb729037@group-4CC069B2961E-SegmentedRaftLog:OPENED:c3,f4,i4, conf=0: [32a164c3-8bb9-4158-a4d7-ada9eb729037:192.168.164.201:42866, 5fa7c213-d229-4dfb-b48e-377c0ca33348:192.168.164.201:37765, fa049fba-12b8-4e17-ac2d-38ea71bdd2ce:192.168.164.201:41821], old=null
2019-10-17 19:47:38,028 [32a164c3-8bb9-4158-a4d7-ada9eb729037@group-4CC069B2961E-LeaderElection86] INFO  impl.RaftServerImpl (RaftServerImpl.java:setRole(184)) - 32a164c3-8bb9-4158-a4d7-ada9eb729037@group-4CC069B2961E: changes role from CANDIDATE to FOLLOWER at term 47 for DISCOVERED_A_NEW_TERM
2019-10-17 19:47:38,028 [32a164c3-8bb9-4158-a4d7-ada9eb729037@group-4CC069B2961E-LeaderElection86] INFO  impl.RoleInfo (RoleInfo.java:shutdownLeaderElection(134)) - 32a164c3-8bb9-4158-a4d7-ada9eb729037: shutdown LeaderElection
2019-10-17 19:47:38,029 [32a164c3-8bb9-4158-a4d7-ada9eb729037@group-4CC069B2961E-LeaderElection86] INFO  impl.RoleInfo (RoleInfo.java:updateAndGet(143)) - 32a164c3-8bb9-4158-a4d7-ada9eb729037: start FollowerState
2019-10-17 19:47:38,047 [Thread-1171] INFO  impl.FollowerState (FollowerState.java:run(108)) - 32a164c3-8bb9-4158-a4d7-ada9eb729037@group-4CC069B2961E-FollowerState: change to CANDIDATE, lastRpcTime:18ms, electionTimeout:18ms
2019-10-17 19:47:38,047 [Thread-1171] INFO  impl.RoleInfo (RoleInfo.java:shutdownFollowerState(121)) - 32a164c3-8bb9-4158-a4d7-ada9eb729037: shutdown FollowerState
2019-10-17 19:47:38,047 [Thread-1171] INFO  impl.RaftServerImpl (RaftServerImpl.java:setRole(184)) - 32a164c3-8bb9-4158-a4d7-ada9eb729037@group-4CC069B2961E: changes role from  FOLLOWER to CANDIDATE at term 47 for changeToCandidate
2019-10-17 19:47:38,047 [Thread-1171] INFO  impl.RoleInfo (RoleInfo.java:updateAndGet(143)) - 32a164c3-8bb9-4158-a4d7-ada9eb729037: start LeaderElection
2019-10-17 19:47:38,077 [32a164c3-8bb9-4158-a4d7-ada9eb729037@group-4CC069B2961E-LeaderElection88] INFO  impl.LeaderElection (LeaderElection.java:askForVotes(178)) - 32a164c3-8bb9-4158-a4d7-ada9eb729037@group-4CC069B2961E-LeaderElection88: begin an election at term 48 for 0: [32a164c3-8bb9-4158-a4d7-ada9eb729037:192.168.164.201:42866, 5fa7c213-d229-4dfb-b48e-377c0ca33348:192.168.164.201:37765, fa049fba-12b8-4e17-ac2d-38ea71bdd2ce:192.168.164.201:41821], old=null
2019-10-17 19:47:38,079 [grpc-default-executor-3] INFO  impl.RaftServerImpl (RaftServerImpl.java:setRole(184)) - fa049fba-12b8-4e17-ac2d-38ea71bdd2ce@group-4CC069B2961E: changes role from  FOLLOWER to FOLLOWER at term 48 for recognizeCandidate:32a164c3-8bb9-4158-a4d7-ada9eb729037
2019-10-17 19:47:38,079 [grpc-default-executor-6] INFO  impl.RaftServerImpl (RaftServerImpl.java:setRole(184)) - 5fa7c213-d229-4dfb-b48e-377c0ca33348@group-4CC069B2961E: changes role from  FOLLOWER to FOLLOWER at term 48 for recognizeCandidate:32a164c3-8bb9-4158-a4d7-ada9eb729037
2019-10-17 19:47:38,079 [grpc-default-executor-3] INFO  impl.RoleInfo (RoleInfo.java:shutdownFollowerState(121)) - fa049fba-12b8-4e17-ac2d-38ea71bdd2ce: shutdown FollowerState
2019-10-17 19:47:38,079 [grpc-default-executor-6] INFO  impl.RoleInfo (RoleInfo.java:shutdownFollowerState(121)) - 5fa7c213-d229-4dfb-b48e-377c0ca33348: shutdown FollowerState
2019-10-17 19:47:38,079 [Thread-1167] INFO  impl.FollowerState (FollowerState.java:run(117)) - fa049fba-12b8-4e17-ac2d-38ea71bdd2ce@group-4CC069B2961E-FollowerState was interrupted: java.lang.InterruptedException: sleep interrupted
2019-10-17 19:47:38,079 [grpc-default-executor-6] INFO  impl.RoleInfo (RoleInfo.java:updateAndGet(143)) - 5fa7c213-d229-4dfb-b48e-377c0ca33348: start FollowerState
2019-10-17 19:47:38,079 [grpc-default-executor-3] INFO  impl.RoleInfo (RoleInfo.java:updateAndGet(143)) - fa049fba-12b8-4e17-ac2d-38ea71bdd2ce: start FollowerState
2019-10-17 19:47:38,079 [Thread-1164] INFO  impl.FollowerState (FollowerState.java:run(117)) - 5fa7c213-d229-4dfb-b48e-377c0ca33348@group-4CC069B2961E-FollowerState was interrupted: java.lang.InterruptedException: sleep interrupted
2019-10-17 19:47:38,103 [32a164c3-8bb9-4158-a4d7-ada9eb729037@group-4CC069B2961E-LeaderElection88] INFO  impl.LeaderElection (LeaderElection.java:logAndReturn(56)) - 32a164c3-8bb9-4158-a4d7-ada9eb729037@group-4CC069B2961E-LeaderElection88: Election REJECTED; received 2 response(s) [32a164c3-8bb9-4158-a4d7-ada9eb729037<-5fa7c213-d229-4dfb-b48e-377c0ca33348#0:FAIL-t48, 32a164c3-8bb9-4158-a4d7-ada9eb729037<-fa049fba-12b8-4e17-ac2d-38ea71bdd2ce#0:FAIL-t48] and 0 exception(s); 32a164c3-8bb9-4158-a4d7-ada9eb729037@group-4CC069B2961E:t48, leader=null, voted=32a164c3-8bb9-4158-a4d7-ada9eb729037, raftlog=32a164c3-8bb9-4158-a4d7-ada9eb729037@group-4CC069B2961E-SegmentedRaftLog:OPENED:c3,f4,i4, conf=0: [32a164c3-8bb9-4158-a4d7-ada9eb729037:192.168.164.201:42866, 5fa7c213-d229-4dfb-b48e-377c0ca33348:192.168.164.201:37765, fa049fba-12b8-4e17-ac2d-38ea71bdd2ce:192.168.164.201:41821], old=null
2019-10-17 19:47:38,103 [32a164c3-8bb9-4158-a4d7-ada9eb729037@group-4CC069B2961E-LeaderElection88] INFO  impl.RaftServerImpl (RaftServerImpl.java:setRole(184)) - 32a164c3-8bb9-4158-a4d7-ada9eb729037@group-4CC069B2961E: changes role from CANDIDATE to FOLLOWER at term 48 for DISCOVERED_A_NEW_TERM
2019-10-17 19:47:38,103 [32a164c3-8bb9-4158-a4d7-ada9eb729037@group-4CC069B2961E-LeaderElection88] INFO  impl.RoleInfo (RoleInfo.java:shutdownLeaderElection(134)) - 32a164c3-8bb9-4158-a4d7-ada9eb729037: shutdown LeaderElection
2019-10-17 19:47:38,103 [32a164c3-8bb9-4158-a4d7-ada9eb729037@group-4CC069B2961E-LeaderElection88] INFO  impl.RoleInfo (RoleInfo.java:updateAndGet(143)) - 32a164c3-8bb9-4158-a4d7-ada9eb729037: start FollowerState
2019-10-17 19:47:38,107 [Thread-1177] INFO  impl.FollowerState (FollowerState.java:run(108)) - 32a164c3-8bb9-4158-a4d7-ada9eb729037@group-4CC069B2961E-FollowerState: change to CANDIDATE, lastRpcTime:3ms, electionTimeout:3ms
2019-10-17 19:47:38,107 [Thread-1177] INFO  impl.RoleInfo (RoleInfo.java:shutdownFollowerState(121)) - 32a164c3-8bb9-4158-a4d7-ada9eb729037: shutdown FollowerState
2019-10-17 19:47:38,107 [Thread-1177] INFO  impl.RaftServerImpl (RaftServerImpl.java:setRole(184)) - 32a164c3-8bb9-4158-a4d7-ada9eb729037@group-4CC069B2961E: changes role from  FOLLOWER to CANDIDATE at term 48 for changeToCandidate
2019-10-17 19:47:38,107 [Thread-1177] INFO  impl.RoleInfo (RoleInfo.java:updateAndGet(143)) - 32a164c3-8bb9-4158-a4d7-ada9eb729037: start LeaderElection
2019-10-17 19:47:38,113 [Thread-1170] INFO  impl.FollowerState (FollowerState.java:run(108)) - 32a164c3-8bb9-4158-a4d7-ada9eb729037@group-8BD2F7455A0F-FollowerState: change to CANDIDATE, lastRpcTime:85ms, electionTimeout:85ms
2019-10-17 19:47:38,113 [Thread-1170] INFO  impl.RoleInfo (RoleInfo.java:shutdownFollowerState(121)) - 32a164c3-8bb9-4158-a4d7-ada9eb729037: shutdown FollowerState
2019-10-17 19:47:38,114 [Thread-1170] INFO  impl.RaftServerImpl (RaftServerImpl.java:setRole(184)) - 32a164c3-8bb9-4158-a4d7-ada9eb729037@group-8BD2F7455A0F: changes role from  FOLLOWER to CANDIDATE at term 34 for changeToCandidate
2019-10-17 19:47:38,114 [Thread-1170] INFO  impl.RoleInfo (RoleInfo.java:updateAndGet(143)) - 32a164c3-8bb9-4158-a4d7-ada9eb729037: start LeaderElection
2019-10-17 19:47:38,136 [32a164c3-8bb9-4158-a4d7-ada9eb729037@group-8BD2F7455A0F-LeaderElection90] INFO  impl.LeaderElection (LeaderElection.java:askForVotes(178)) - 32a164c3-8bb9-4158-a4d7-ada9eb729037@group-8BD2F7455A0F-LeaderElection90: begin an election at term 35 for -1: [32a164c3-8bb9-4158-a4d7-ada9eb729037:192.168.164.201:42866, 5fa7c213-d229-4dfb-b48e-377c0ca33348:192.168.164.201:37765, fa049fba-12b8-4e17-ac2d-38ea71bdd2ce:192.168.164.201:41821], old=null
2019-10-17 19:47:38,136 [32a164c3-8bb9-4158-a4d7-ada9eb729037@group-4CC069B2961E-LeaderElection89] INFO  impl.LeaderElection (LeaderElection.java:askForVotes(178)) - 32a164c3-8bb9-4158-a4d7-ada9eb729037@group-4CC069B2961E-LeaderElection89: begin an election at term 49 for 0: [32a164c3-8bb9-4158-a4d7-ada9eb729037:192.168.164.201:42866, 5fa7c213-d229-4dfb-b48e-377c0ca33348:192.168.164.201:37765, fa049fba-12b8-4e17-ac2d-38ea71bdd2ce:192.168.164.201:41821], old=null
2019-10-17 19:47:38,139 [grpc-default-executor-7] INFO  impl.RaftServerImpl (RaftServerImpl.java:setRole(184)) - fa049fba-12b8-4e17-ac2d-38ea71bdd2ce@group-8BD2F7455A0F: changes role from  FOLLOWER to FOLLOWER at term 35 for recognizeCandidate:32a164c3-8bb9-4158-a4d7-ada9eb729037
2019-10-17 19:47:38,139 [grpc-default-executor-6] INFO  impl.RaftServerImpl (RaftServerImpl.java:setRole(184)) - fa049fba-12b8-4e17-ac2d-38ea71bdd2ce@group-4CC069B2961E: changes role from  FOLLOWER to FOLLOWER at term 49 for recognizeCandidate:32a164c3-8bb9-4158-a4d7-ada9eb729037
2019-10-17 19:47:38,139 [grpc-default-executor-0] INFO  impl.RaftServerImpl (RaftServerImpl.java:setRole(184)) - 5fa7c213-d229-4dfb-b48e-377c0ca33348@group-8BD2F7455A0F: changes role from  FOLLOWER to FOLLOWER at term 35 for recognizeCandidate:32a164c3-8bb9-4158-a4d7-ada9eb729037
2019-10-17 19:47:38,139 [grpc-default-executor-7] INFO  impl.RoleInfo (RoleInfo.java:shutdownFollowerState(121)) - fa049fba-12b8-4e17-ac2d-38ea71bdd2ce: shutdown FollowerState
2019-10-17 19:47:38,140 [grpc-default-executor-0] INFO  impl.RoleInfo (RoleInfo.java:shutdownFollowerState(121)) - 5fa7c213-d229-4dfb-b48e-377c0ca33348: shutdown FollowerState
2019-10-17 19:47:38,140 [Thread-1165] INFO  impl.FollowerState (FollowerState.java:run(117)) - fa049fba-12b8-4e17-ac2d-38ea71bdd2ce@group-8BD2F7455A0F-FollowerState was interrupted: java.lang.InterruptedException: sleep interrupted
2019-10-17 19:47:38,140 [grpc-default-executor-3] INFO  impl.RaftServerImpl (RaftServerImpl.java:setRole(184)) - 5fa7c213-d229-4dfb-b48e-377c0ca33348@group-4CC069B2961E: changes role from  FOLLOWER to FOLLOWER at term 49 for recognizeCandidate:32a164c3-8bb9-4158-a4d7-ada9eb729037
2019-10-17 19:47:38,140 [grpc-default-executor-3] INFO  impl.RoleInfo (RoleInfo.java:shutdownFollowerState(121)) - 5fa7c213-d229-4dfb-b48e-377c0ca33348: shutdown FollowerState
2019-10-17 19:47:38,140 [grpc-default-executor-6] INFO  impl.RoleInfo (RoleInfo.java:shutdownFollowerState(121)) - fa049fba-12b8-4e17-ac2d-38ea71bdd2ce: shutdown FollowerState
2019-10-17 19:47:38,141 [grpc-default-executor-3] INFO  impl.RoleInfo (RoleInfo.java:updateAndGet(143)) - 5fa7c213-d229-4dfb-b48e-377c0ca33348: start FollowerState
2019-10-17 19:47:38,140 [Thread-1176] INFO  impl.FollowerState (FollowerState.java:run(117)) - 5fa7c213-d229-4dfb-b48e-377c0ca33348@group-4CC069B2961E-FollowerState was interrupted: java.lang.InterruptedException: sleep interrupted
2019-10-17 19:47:38,140 [grpc-default-executor-0] INFO  impl.RoleInfo (RoleInfo.java:updateAndGet(143)) - 5fa7c213-d229-4dfb-b48e-377c0ca33348: start FollowerState
2019-10-17 19:47:38,140 [Thread-1166] INFO  impl.FollowerState (FollowerState.java:run(117)) - 5fa7c213-d229-4dfb-b48e-377c0ca33348@group-8BD2F7455A0F-FollowerState was interrupted: java.lang.InterruptedException: sleep interrupted
2019-10-17 19:47:38,140 [grpc-default-executor-7] INFO  impl.RoleInfo (RoleInfo.java:updateAndGet(143)) - fa049fba-12b8-4e17-ac2d-38ea71bdd2ce: start FollowerState
2019-10-17 19:47:38,141 [Thread-1175] INFO  impl.FollowerState (FollowerState.java:run(117)) - fa049fba-12b8-4e17-ac2d-38ea71bdd2ce@group-4CC069B2961E-FollowerState was interrupted: java.lang.InterruptedException: sleep interrupted
2019-10-17 19:47:38,141 [grpc-default-executor-6] INFO  impl.RoleInfo (RoleInfo.java:updateAndGet(143)) - fa049fba-12b8-4e17-ac2d-38ea71bdd2ce: start FollowerState
2019-10-17 19:47:38,151 [32a164c3-8bb9-4158-a4d7-ada9eb729037@group-4CC069B2961E-LeaderElection89] INFO  impl.LeaderElection (LeaderElection.java:logAndReturn(56)) - 32a164c3-8bb9-4158-a4d7-ada9eb729037@group-4CC069B2961E-LeaderElection89: Election TIMEOUT; received 0 response(s) [] and 0 exception(s); 32a164c3-8bb9-4158-a4d7-ada9eb729037@group-4CC069B2961E:t49, leader=null, voted=32a164c3-8bb9-4158-a4d7-ada9eb729037, raftlog=32a164c3-8bb9-4158-a4d7-ada9eb729037@group-4CC069B2961E-SegmentedRaftLog:OPENED:c3,f4,i4, conf=0: [32a164c3-8bb9-4158-a4d7-ada9eb729037:192.168.164.201:42866, 5fa7c213-d229-4dfb-b48e-377c0ca33348:192.168.164.201:37765, fa049fba-12b8-4e17-ac2d-38ea71bdd2ce:192.168.164.201:41821], old=null
2019-10-17 19:47:38,155 [32a164c3-8bb9-4158-a4d7-ada9eb729037@group-8BD2F7455A0F-LeaderElection90] INFO  impl.LeaderElection (LeaderElection.java:logAndReturn(56)) - 32a164c3-8bb9-4158-a4d7-ada9eb729037@group-8BD2F7455A0F-LeaderElection90: Election TIMEOUT; received 0 response(s) [] and 0 exception(s); 32a164c3-8bb9-4158-a4d7-ada9eb729037@group-8BD2F7455A0F:t35, leader=null, voted=32a164c3-8bb9-4158-a4d7-ada9eb729037, raftlog=32a164c3-8bb9-4158-a4d7-ada9eb729037@group-8BD2F7455A0F-SegmentedRaftLog:OPENED:c-1,f-1,i0, conf=-1: [32a164c3-8bb9-4158-a4d7-ada9eb729037:192.168.164.201:42866, 5fa7c213-d229-4dfb-b48e-377c0ca33348:192.168.164.201:37765, fa049fba-12b8-4e17-ac2d-38ea71bdd2ce:192.168.164.201:41821], old=null
2019-10-17 19:47:38,170 [32a164c3-8bb9-4158-a4d7-ada9eb729037@group-4CC069B2961E-LeaderElection89] INFO  impl.LeaderElection (LeaderElection.java:askForVotes(178)) - 32a164c3-8bb9-4158-a4d7-ada9eb729037@group-4CC069B2961E-LeaderElection89: begin an election at term 50 for 0: [32a164c3-8bb9-4158-a4d7-ada9eb729037:192.168.164.201:42866, 5fa7c213-d229-4dfb-b48e-377c0ca33348:192.168.164.201:37765, fa049fba-12b8-4e17-ac2d-38ea71bdd2ce:192.168.164.201:41821], old=null
2019-10-17 19:47:38,176 [grpc-default-executor-7] INFO  impl.RaftServerImpl (RaftServerImpl.java:setRole(184)) - fa049fba-12b8-4e17-ac2d-38ea71bdd2ce@group-4CC069B2961E: changes role from  FOLLOWER to FOLLOWER at term 50 for recognizeCandidate:32a164c3-8bb9-4158-a4d7-ada9eb729037
2019-10-17 19:47:38,176 [grpc-default-executor-6] INFO  impl.RaftServerImpl (RaftServerImpl.java:setRole(184)) - 5fa7c213-d229-4dfb-b48e-377c0ca33348@group-4CC069B2961E: changes role from  FOLLOWER to FOLLOWER at term 50 for recognizeCandidate:32a164c3-8bb9-4158-a4d7-ada9eb729037
2019-10-17 19:47:38,176 [grpc-default-executor-7] INFO  impl.RoleInfo (RoleInfo.java:shutdownFollowerState(121)) - fa049fba-12b8-4e17-ac2d-38ea71bdd2ce: shutdown FollowerState
2019-10-17 19:47:38,176 [grpc-default-executor-6] INFO  impl.RoleInfo (RoleInfo.java:shutdownFollowerState(121)) - 5fa7c213-d229-4dfb-b48e-377c0ca33348: shutdown FollowerState
2019-10-17 19:47:38,176 [grpc-default-executor-7] INFO  impl.RoleInfo (RoleInfo.java:updateAndGet(143)) - fa049fba-12b8-4e17-ac2d-38ea71bdd2ce: start FollowerState
2019-10-17 19:47:38,176 [Thread-1188] INFO  impl.FollowerState (FollowerState.java:run(117)) - fa049fba-12b8-4e17-ac2d-38ea71bdd2ce@group-4CC069B2961E-FollowerState was interrupted: java.lang.InterruptedException: sleep interrupted
2019-10-17 19:47:38,176 [Thread-1187] INFO  impl.FollowerState (FollowerState.java:run(117)) - 5fa7c213-d229-4dfb-b48e-377c0ca33348@group-4CC069B2961E-FollowerState was interrupted: java.lang.InterruptedException: sleep interrupted
2019-10-17 19:47:38,176 [grpc-default-executor-6] INFO  impl.RoleInfo (RoleInfo.java:updateAndGet(143)) - 5fa7c213-d229-4dfb-b48e-377c0ca33348: start FollowerState
2019-10-17 19:47:38,187 [32a164c3-8bb9-4158-a4d7-ada9eb729037@group-8BD2F7455A0F-LeaderElection90] INFO  impl.LeaderElection (LeaderElection.java:askForVotes(178)) - 32a164c3-8bb9-4158-a4d7-ada9eb729037@group-8BD2F7455A0F-LeaderElection90: begin an election at term 36 for -1: [32a164c3-8bb9-4158-a4d7-ada9eb729037:192.168.164.201:42866, 5fa7c213-d229-4dfb-b48e-377c0ca33348:192.168.164.201:37765, fa049fba-12b8-4e17-ac2d-38ea71bdd2ce:192.168.164.201:41821], old=null
2019-10-17 19:47:38,189 [grpc-default-executor-3] INFO  impl.RaftServerImpl (RaftServerImpl.java:setRole(184)) - fa049fba-12b8-4e17-ac2d-38ea71bdd2ce@group-8BD2F7455A0F: changes role from  FOLLOWER to FOLLOWER at term 36 for recognizeCandidate:32a164c3-8bb9-4158-a4d7-ada9eb729037
2019-10-17 19:47:38,189 [grpc-default-executor-3] INFO  impl.RoleInfo (RoleInfo.java:shutdownFollowerState(121)) - fa049fba-12b8-4e17-ac2d-38ea71bdd2ce: shutdown FollowerState
2019-10-17 19:47:38,189 [grpc-default-executor-3] INFO  impl.RoleInfo (RoleInfo.java:updateAndGet(143)) - fa049fba-12b8-4e17-ac2d-38ea71bdd2ce: start FollowerState
2019-10-17 19:47:38,190 [Thread-1185] INFO  impl.FollowerState (FollowerState.java:run(117)) - fa049fba-12b8-4e17-ac2d-38ea71bdd2ce@group-8BD2F7455A0F-FollowerState was interrupted: java.lang.InterruptedException: sleep interrupted
2019-10-17 19:47:38,190 [grpc-default-executor-0] INFO  impl.RaftServerImpl (RaftServerImpl.java:setRole(184)) - 5fa7c213-d229-4dfb-b48e-377c0ca33348@group-8BD2F7455A0F: changes role from  FOLLOWER to FOLLOWER at term 36 for recognizeCandidate:32a164c3-8bb9-4158-a4d7-ada9eb729037
2019-10-17 19:47:38,190 [grpc-default-executor-0] INFO  impl.RoleInfo (RoleInfo.java:shutdownFollowerState(121)) - 5fa7c213-d229-4dfb-b48e-377c0ca33348: shutdown FollowerState
2019-10-17 19:47:38,190 [grpc-default-executor-0] INFO  impl.RoleInfo (RoleInfo.java:updateAndGet(143)) - 5fa7c213-d229-4dfb-b48e-377c0ca33348: start FollowerState
2019-10-17 19:47:38,190 [Thread-1186] INFO  impl.FollowerState (FollowerState.java:run(117)) - 5fa7c213-d229-4dfb-b48e-377c0ca33348@group-8BD2F7455A0F-FollowerState was interrupted: java.lang.InterruptedException: sleep interrupted
2019-10-17 19:47:38,205 [32a164c3-8bb9-4158-a4d7-ada9eb729037@group-4CC069B2961E-LeaderElection89] INFO  impl.LeaderElection (LeaderElection.java:logAndReturn(56)) - 32a164c3-8bb9-4158-a4d7-ada9eb729037@group-4CC069B2961E-LeaderElection89: Election REJECTED; received 2 response(s) [32a164c3-8bb9-4158-a4d7-ada9eb729037<-5fa7c213-d229-4dfb-b48e-377c0ca33348#0:FAIL-t50, 32a164c3-8bb9-4158-a4d7-ada9eb729037<-fa049fba-12b8-4e17-ac2d-38ea71bdd2ce#0:FAIL-t50] and 0 exception(s); 32a164c3-8bb9-4158-a4d7-ada9eb729037@group-4CC069B2961E:t50, leader=null, voted=32a164c3-8bb9-4158-a4d7-ada9eb729037, raftlog=32a164c3-8bb9-4158-a4d7-ada9eb729037@group-4CC069B2961E-SegmentedRaftLog:OPENED:c3,f4,i4, conf=0: [32a164c3-8bb9-4158-a4d7-ada9eb729037:192.168.164.201:42866, 5fa7c213-d229-4dfb-b48e-377c0ca33348:192.168.164.201:37765, fa049fba-12b8-4e17-ac2d-38ea71bdd2ce:192.168.164.201:41821], old=null
2019-10-17 19:47:38,205 [32a164c3-8bb9-4158-a4d7-ada9eb729037@group-4CC069B2961E-LeaderElection89] INFO  impl.RaftServerImpl (RaftServerImpl.java:setRole(184)) - 32a164c3-8bb9-4158-a4d7-ada9eb729037@group-4CC069B2961E: changes role from CANDIDATE to FOLLOWER at term 50 for DISCOVERED_A_NEW_TERM
2019-10-17 19:47:38,206 [32a164c3-8bb9-4158-a4d7-ada9eb729037@group-4CC069B2961E-LeaderElection89] INFO  impl.RoleInfo (RoleInfo.java:shutdownLeaderElection(134)) - 32a164c3-8bb9-4158-a4d7-ada9eb729037: shutdown LeaderElection
2019-10-17 19:47:38,206 [32a164c3-8bb9-4158-a4d7-ada9eb729037@group-4CC069B2961E-LeaderElection89] INFO  impl.RoleInfo (RoleInfo.java:updateAndGet(143)) - 32a164c3-8bb9-4158-a4d7-ada9eb729037: start FollowerState
2019-10-17 19:47:38,222 [32a164c3-8bb9-4158-a4d7-ada9eb729037@group-8BD2F7455A0F-LeaderElection90] INFO  impl.LeaderElection (LeaderElection.java:logAndReturn(56)) - 32a164c3-8bb9-4158-a4d7-ada9eb729037@group-8BD2F7455A0F-LeaderElection90: Election REJECTED; received 2 response(s) [32a164c3-8bb9-4158-a4d7-ada9eb729037<-5fa7c213-d229-4dfb-b48e-377c0ca33348#0:FAIL-t36, 32a164c3-8bb9-4158-a4d7-ada9eb729037<-fa049fba-12b8-4e17-ac2d-38ea71bdd2ce#0:FAIL-t36] and 0 exception(s); 32a164c3-8bb9-4158-a4d7-ada9eb729037@group-8BD2F7455A0F:t36, leader=null, voted=32a164c3-8bb9-4158-a4d7-ada9eb729037, raftlog=32a164c3-8bb9-4158-a4d7-ada9eb729037@group-8BD2F7455A0F-SegmentedRaftLog:OPENED:c-1,f-1,i0, conf=-1: [32a164c3-8bb9-4158-a4d7-ada9eb729037:192.168.164.201:42866, 5fa7c213-d229-4dfb-b48e-377c0ca33348:192.168.164.201:37765, fa049fba-12b8-4e17-ac2d-38ea71bdd2ce:192.168.164.201:41821], old=null
2019-10-17 19:47:38,222 [32a164c3-8bb9-4158-a4d7-ada9eb729037@group-8BD2F7455A0F-LeaderElection90] INFO  impl.RaftServerImpl (RaftServerImpl.java:setRole(184)) - 32a164c3-8bb9-4158-a4d7-ada9eb729037@group-8BD2F7455A0F: changes role from CANDIDATE to FOLLOWER at term 36 for DISCOVERED_A_NEW_TERM
2019-10-17 19:47:38,223 [32a164c3-8bb9-4158-a4d7-ada9eb729037@group-8BD2F7455A0F-LeaderElection90] INFO  impl.RoleInfo (RoleInfo.java:shutdownLeaderElection(134)) - 32a164c3-8bb9-4158-a4d7-ada9eb729037: shutdown LeaderElection
2019-10-17 19:47:38,223 [32a164c3-8bb9-4158-a4d7-ada9eb729037@group-8BD2F7455A0F-LeaderElection90] INFO  impl.RoleInfo (RoleInfo.java:updateAndGet(143)) - 32a164c3-8bb9-4158-a4d7-ada9eb729037: start FollowerState
2019-10-17 19:47:38,326 [Thread-1197] INFO  impl.FollowerState (FollowerState.java:run(108)) - 32a164c3-8bb9-4158-a4d7-ada9eb729037@group-4CC069B2961E-FollowerState: change to CANDIDATE, lastRpcTime:120ms, electionTimeout:120ms
2019-10-17 19:47:38,326 [Thread-1197] INFO  impl.RoleInfo (RoleInfo.java:shutdownFollowerState(121)) - 32a164c3-8bb9-4158-a4d7-ada9eb729037: shutdown FollowerState
2019-10-17 19:47:38,327 [Thread-1197] INFO  impl.RaftServerImpl (RaftServerImpl.java:setRole(184)) - 32a164c3-8bb9-4158-a4d7-ada9eb729037@group-4CC069B2961E: changes role from  FOLLOWER to CANDIDATE at term 50 for changeToCandidate
2019-10-17 19:47:38,327 [Thread-1197] INFO  impl.RoleInfo (RoleInfo.java:updateAndGet(143)) - 32a164c3-8bb9-4158-a4d7-ada9eb729037: start LeaderElection
2019-10-17 19:47:38,342 [Thread-1198] INFO  impl.FollowerState (FollowerState.java:run(108)) - 32a164c3-8bb9-4158-a4d7-ada9eb729037@group-8BD2F7455A0F-FollowerState: change to CANDIDATE, lastRpcTime:119ms, electionTimeout:119ms
2019-10-17 19:47:38,342 [Thread-1198] INFO  impl.RoleInfo (RoleInfo.java:shutdownFollowerState(121)) - 32a164c3-8bb9-4158-a4d7-ada9eb729037: shutdown FollowerState
2019-10-17 19:47:38,343 [Thread-1198] INFO  impl.RaftServerImpl (RaftServerImpl.java:setRole(184)) - 32a164c3-8bb9-4158-a4d7-ada9eb729037@group-8BD2F7455A0F: changes role from  FOLLOWER to CANDIDATE at term 36 for changeToCandidate
2019-10-17 19:47:38,343 [Thread-1198] INFO  impl.RoleInfo (RoleInfo.java:updateAndGet(143)) - 32a164c3-8bb9-4158-a4d7-ada9eb729037: start LeaderElection
2019-10-17 19:47:38,355 [32a164c3-8bb9-4158-a4d7-ada9eb729037@group-4CC069B2961E-LeaderElection91] INFO  impl.LeaderElection (LeaderElection.java:askForVotes(178)) - 32a164c3-8bb9-4158-a4d7-ada9eb729037@group-4CC069B2961E-LeaderElection91: begin an election at term 51 for 0: [32a164c3-8bb9-4158-a4d7-ada9eb729037:192.168.164.201:42866, 5fa7c213-d229-4dfb-b48e-377c0ca33348:192.168.164.201:37765, fa049fba-12b8-4e17-ac2d-38ea71bdd2ce:192.168.164.201:41821], old=null
2019-10-17 19:47:38,358 [grpc-default-executor-0] INFO  impl.RaftServerImpl (RaftServerImpl.java:setRole(184)) - 5fa7c213-d229-4dfb-b48e-377c0ca33348@group-4CC069B2961E: changes role from  FOLLOWER to FOLLOWER at term 51 for recognizeCandidate:32a164c3-8bb9-4158-a4d7-ada9eb729037
2019-10-17 19:47:38,358 [grpc-default-executor-0] INFO  impl.RoleInfo (RoleInfo.java:shutdownFollowerState(121)) - 5fa7c213-d229-4dfb-b48e-377c0ca33348: shutdown FollowerState
2019-10-17 19:47:38,358 [grpc-default-executor-0] INFO  impl.RoleInfo (RoleInfo.java:updateAndGet(143)) - 5fa7c213-d229-4dfb-b48e-377c0ca33348: start FollowerState
2019-10-17 19:47:38,358 [Thread-1192] INFO  impl.FollowerState (FollowerState.java:run(117)) - 5fa7c213-d229-4dfb-b48e-377c0ca33348@group-4CC069B2961E-FollowerState was interrupted: java.lang.InterruptedException: sleep interrupted
2019-10-17 19:47:38,359 [grpc-default-executor-6] INFO  impl.RaftServerImpl (RaftServerImpl.java:setRole(184)) - fa049fba-12b8-4e17-ac2d-38ea71bdd2ce@group-4CC069B2961E: changes role from  FOLLOWER to FOLLOWER at term 51 for recognizeCandidate:32a164c3-8bb9-4158-a4d7-ada9eb729037
2019-10-17 19:47:38,359 [grpc-default-executor-6] INFO  impl.RoleInfo (RoleInfo.java:shutdownFollowerState(121)) - fa049fba-12b8-4e17-ac2d-38ea71bdd2ce: shutdown FollowerState
2019-10-17 19:47:38,359 [grpc-default-executor-6] INFO  impl.RoleInfo (RoleInfo.java:updateAndGet(143)) - fa049fba-12b8-4e17-ac2d-38ea71bdd2ce: start FollowerState
2019-10-17 19:47:38,359 [Thread-1191] INFO  impl.FollowerState (FollowerState.java:run(117)) - fa049fba-12b8-4e17-ac2d-38ea71bdd2ce@group-4CC069B2961E-FollowerState was interrupted: java.lang.InterruptedException: sleep interrupted
2019-10-17 19:47:38,360 [Thread-1206] INFO  client.GrpcClientProtocolService (GrpcClientProtocolService.java:lambda$processClientRequest$0(278)) - Failed RaftClientRequest:client-30F7F12B0123->5fa7c213-d229-4dfb-b48e-377c0ca33348@group-4CC069B2961E, cid=16, seq=0, Watch-ALL_COMMITTED(6), Message:<EMPTY>, reply=RaftClientReply:client-30F7F12B0123->5fa7c213-d229-4dfb-b48e-377c0ca33348@group-4CC069B2961E, cid=16, FAILED org.apache.ratis.protocol.NotLeaderException: Server 5fa7c213-d229-4dfb-b48e-377c0ca33348@group-4CC069B2961E is not the leader, logIndex=0, commits[5fa7c213-d229-4dfb-b48e-377c0ca33348:c10, 32a164c3-8bb9-4158-a4d7-ada9eb729037:c4, fa049fba-12b8-4e17-ac2d-38ea71bdd2ce:c10]
2019-10-17 19:47:38,372 [32a164c3-8bb9-4158-a4d7-ada9eb729037@group-8BD2F7455A0F-LeaderElection92] INFO  impl.LeaderElection (LeaderElection.java:askForVotes(178)) - 32a164c3-8bb9-4158-a4d7-ada9eb729037@group-8BD2F7455A0F-LeaderElection92: begin an election at term 37 for -1: [32a164c3-8bb9-4158-a4d7-ada9eb729037:192.168.164.201:42866, 5fa7c213-d229-4dfb-b48e-377c0ca33348:192.168.164.201:37765, fa049fba-12b8-4e17-ac2d-38ea71bdd2ce:192.168.164.201:41821], old=null
2019-10-17 19:47:38,374 [grpc-default-executor-3] INFO  impl.RaftServerImpl (RaftServerImpl.java:setRole(184)) - fa049fba-12b8-4e17-ac2d-38ea71bdd2ce@group-8BD2F7455A0F: changes role from  FOLLOWER to FOLLOWER at term 37 for recognizeCandidate:32a164c3-8bb9-4158-a4d7-ada9eb729037
2019-10-17 19:47:38,374 [grpc-default-executor-3] INFO  impl.RoleInfo (RoleInfo.java:shutdownFollowerState(121)) - fa049fba-12b8-4e17-ac2d-38ea71bdd2ce: shutdown FollowerState
2019-10-17 19:47:38,374 [grpc-default-executor-7] INFO  impl.RaftServerImpl (RaftServerImpl.java:setRole(184)) - 5fa7c213-d229-4dfb-b48e-377c0ca33348@group-8BD2F7455A0F: changes role from  FOLLOWER to FOLLOWER at term 37 for recognizeCandidate:32a164c3-8bb9-4158-a4d7-ada9eb729037
2019-10-17 19:47:38,375 [grpc-default-executor-7] INFO  impl.RoleInfo (RoleInfo.java:shutdownFollowerState(121)) - 5fa7c213-d229-4dfb-b48e-377c0ca33348: shutdown FollowerState
2019-10-17 19:47:38,374 [Thread-1195] INFO  impl.FollowerState (FollowerState.java:run(117)) - fa049fba-12b8-4e17-ac2d-38ea71bdd2ce@group-8BD2F7455A0F-FollowerState was interrupted: java.lang.InterruptedException: sleep interrupted
2019-10-17 19:47:38,374 [grpc-default-executor-3] INFO  impl.RoleInfo (RoleInfo.java:updateAndGet(143)) - fa049fba-12b8-4e17-ac2d-38ea71bdd2ce: start FollowerState
2019-10-17 19:47:38,375 [Thread-1196] INFO  impl.FollowerState (FollowerState.java:run(117)) - 5fa7c213-d229-4dfb-b48e-377c0ca33348@group-8BD2F7455A0F-FollowerState was interrupted: java.lang.InterruptedException: sleep interrupted
2019-10-17 19:47:38,375 [grpc-default-executor-7] INFO  impl.RoleInfo (RoleInfo.java:updateAndGet(143)) - 5fa7c213-d229-4dfb-b48e-377c0ca33348: start FollowerState
2019-10-17 19:47:38,390 [32a164c3-8bb9-4158-a4d7-ada9eb729037@group-8BD2F7455A0F-LeaderElection92] INFO  impl.LeaderElection (LeaderElection.java:logAndReturn(56)) - 32a164c3-8bb9-4158-a4d7-ada9eb729037@group-8BD2F7455A0F-LeaderElection92: Election REJECTED; received 2 response(s) [32a164c3-8bb9-4158-a4d7-ada9eb729037<-5fa7c213-d229-4dfb-b48e-377c0ca33348#0:FAIL-t37, 32a164c3-8bb9-4158-a4d7-ada9eb729037<-fa049fba-12b8-4e17-ac2d-38ea71bdd2ce#0:FAIL-t37] and 0 exception(s); 32a164c3-8bb9-4158-a4d7-ada9eb729037@group-8BD2F7455A0F:t37, leader=null, voted=32a164c3-8bb9-4158-a4d7-ada9eb729037, raftlog=32a164c3-8bb9-4158-a4d7-ada9eb729037@group-8BD2F7455A0F-SegmentedRaftLog:OPENED:c-1,f-1,i0, conf=-1: [32a164c3-8bb9-4158-a4d7-ada9eb729037:192.168.164.201:42866, 5fa7c213-d229-4dfb-b48e-377c0ca33348:192.168.164.201:37765, fa049fba-12b8-4e17-ac2d-38ea71bdd2ce:192.168.164.201:41821], old=null
2019-10-17 19:47:38,390 [32a164c3-8bb9-4158-a4d7-ada9eb729037@group-8BD2F7455A0F-LeaderElection92] INFO  impl.RaftServerImpl (RaftServerImpl.java:setRole(184)) - 32a164c3-8bb9-4158-a4d7-ada9eb729037@group-8BD2F7455A0F: changes role from CANDIDATE to FOLLOWER at term 37 for DISCOVERED_A_NEW_TERM
2019-10-17 19:47:38,390 [32a164c3-8bb9-4158-a4d7-ada9eb729037@group-8BD2F7455A0F-LeaderElection92] INFO  impl.RoleInfo (RoleInfo.java:shutdownLeaderElection(134)) - 32a164c3-8bb9-4158-a4d7-ada9eb729037: shutdown LeaderElection
2019-10-17 19:47:38,391 [32a164c3-8bb9-4158-a4d7-ada9eb729037@group-4CC069B2961E-LeaderElection91] INFO  impl.LeaderElection (LeaderElection.java:logAndReturn(56)) - 32a164c3-8bb9-4158-a4d7-ada9eb729037@group-4CC069B2961E-LeaderElection91: Election REJECTED; received 2 response(s) [32a164c3-8bb9-4158-a4d7-ada9eb729037<-5fa7c213-d229-4dfb-b48e-377c0ca33348#0:FAIL-t51, 32a164c3-8bb9-4158-a4d7-ada9eb729037<-fa049fba-12b8-4e17-ac2d-38ea71bdd2ce#0:FAIL-t51] and 0 exception(s); 32a164c3-8bb9-4158-a4d7-ada9eb729037@group-4CC069B2961E:t51, leader=null, voted=32a164c3-8bb9-4158-a4d7-ada9eb729037, raftlog=32a164c3-8bb9-4158-a4d7-ada9eb729037@group-4CC069B2961E-SegmentedRaftLog:OPENED:c3,f4,i4, conf=0: [32a164c3-8bb9-4158-a4d7-ada9eb729037:192.168.164.201:42866, 5fa7c213-d229-4dfb-b48e-377c0ca33348:192.168.164.201:37765, fa049fba-12b8-4e17-ac2d-38ea71bdd2ce:192.168.164.201:41821], old=null
2019-10-17 19:47:38,391 [32a164c3-8bb9-4158-a4d7-ada9eb729037@group-8BD2F7455A0F-LeaderElection92] INFO  impl.RoleInfo (RoleInfo.java:updateAndGet(143)) - 32a164c3-8bb9-4158-a4d7-ada9eb729037: start FollowerState
2019-10-17 19:47:38,391 [32a164c3-8bb9-4158-a4d7-ada9eb729037@group-4CC069B2961E-LeaderElection91] INFO  impl.RaftServerImpl (RaftServerImpl.java:setRole(184)) - 32a164c3-8bb9-4158-a4d7-ada9eb729037@group-4CC069B2961E: changes role from CANDIDATE to FOLLOWER at term 51 for DISCOVERED_A_NEW_TERM
2019-10-17 19:47:38,391 [32a164c3-8bb9-4158-a4d7-ada9eb729037@group-4CC069B2961E-LeaderElection91] INFO  impl.RoleInfo (RoleInfo.java:shutdownLeaderElection(134)) - 32a164c3-8bb9-4158-a4d7-ada9eb729037: shutdown LeaderElection
2019-10-17 19:47:38,391 [32a164c3-8bb9-4158-a4d7-ada9eb729037@group-4CC069B2961E-LeaderElection91] INFO  impl.RoleInfo (RoleInfo.java:updateAndGet(143)) - 32a164c3-8bb9-4158-a4d7-ada9eb729037: start FollowerState
2019-10-17 19:47:38,404 [Thread-1212] INFO  impl.FollowerState (FollowerState.java:run(108)) - 32a164c3-8bb9-4158-a4d7-ada9eb729037@group-8BD2F7455A0F-FollowerState: change to CANDIDATE, lastRpcTime:13ms, electionTimeout:13ms
2019-10-17 19:47:38,404 [Thread-1212] INFO  impl.RoleInfo (RoleInfo.java:shutdownFollowerState(121)) - 32a164c3-8bb9-4158-a4d7-ada9eb729037: shutdown FollowerState
2019-10-17 19:47:38,404 [Thread-1212] INFO  impl.RaftServerImpl (RaftServerImpl.java:setRole(184)) - 32a164c3-8bb9-4158-a4d7-ada9eb729037@group-8BD2F7455A0F: changes role from  FOLLOWER to CANDIDATE at term 37 for changeToCandidate
2019-10-17 19:47:38,405 [Thread-1212] INFO  impl.RoleInfo (RoleInfo.java:updateAndGet(143)) - 32a164c3-8bb9-4158-a4d7-ada9eb729037: start LeaderElection
2019-10-17 19:47:38,432 [32a164c3-8bb9-4158-a4d7-ada9eb729037@group-8BD2F7455A0F-LeaderElection93] INFO  impl.LeaderElection (LeaderElection.java:askForVotes(178)) - 32a164c3-8bb9-4158-a4d7-ada9eb729037@group-8BD2F7455A0F-LeaderElection93: begin an election at term 38 for -1: [32a164c3-8bb9-4158-a4d7-ada9eb729037:192.168.164.201:42866, 5fa7c213-d229-4dfb-b48e-377c0ca33348:192.168.164.201:37765, fa049fba-12b8-4e17-ac2d-38ea71bdd2ce:192.168.164.201:41821], old=null
2019-10-17 19:47:38,434 [grpc-default-executor-7] INFO  impl.RaftServerImpl (RaftServerImpl.java:setRole(184)) - 5fa7c213-d229-4dfb-b48e-377c0ca33348@group-8BD2F7455A0F: changes role from  FOLLOWER to FOLLOWER at term 38 for recognizeCandidate:32a164c3-8bb9-4158-a4d7-ada9eb729037
2019-10-17 19:47:38,434 [grpc-default-executor-6] INFO  impl.RaftServerImpl (RaftServerImpl.java:setRole(184)) - fa049fba-12b8-4e17-ac2d-38ea71bdd2ce@group-8BD2F7455A0F: changes role from  FOLLOWER to FOLLOWER at term 38 for recognizeCandidate:32a164c3-8bb9-4158-a4d7-ada9eb729037
2019-10-17 19:47:38,434 [grpc-default-executor-6] INFO  impl.RoleInfo (RoleInfo.java:shutdownFollowerState(121)) - fa049fba-12b8-4e17-ac2d-38ea71bdd2ce: shutdown FollowerState
2019-10-17 19:47:38,434 [grpc-default-executor-7] INFO  impl.RoleInfo (RoleInfo.java:shutdownFollowerState(121)) - 5fa7c213-d229-4dfb-b48e-377c0ca33348: shutdown FollowerState
2019-10-17 19:47:38,435 [Thread-1210] INFO  impl.FollowerState (FollowerState.java:run(117)) - fa049fba-12b8-4e17-ac2d-38ea71bdd2ce@group-8BD2F7455A0F-FollowerState was interrupted: java.lang.InterruptedException: sleep interrupted
2019-10-17 19:47:38,435 [grpc-default-executor-6] INFO  impl.RoleInfo (RoleInfo.java:updateAndGet(143)) - fa049fba-12b8-4e17-ac2d-38ea71bdd2ce: start FollowerState
2019-10-17 19:47:38,435 [Thread-1211] INFO  impl.FollowerState (FollowerState.java:run(117)) - 5fa7c213-d229-4dfb-b48e-377c0ca33348@group-8BD2F7455A0F-FollowerState was interrupted: java.lang.InterruptedException: sleep interrupted
2019-10-17 19:47:38,435 [grpc-default-executor-7] INFO  impl.RoleInfo (RoleInfo.java:updateAndGet(143)) - 5fa7c213-d229-4dfb-b48e-377c0ca33348: start FollowerState
2019-10-17 19:47:38,447 [Thread-1213] INFO  impl.FollowerState (FollowerState.java:run(108)) - 32a164c3-8bb9-4158-a4d7-ada9eb729037@group-4CC069B2961E-FollowerState: change to CANDIDATE, lastRpcTime:56ms, electionTimeout:56ms
2019-10-17 19:47:38,447 [Thread-1213] INFO  impl.RoleInfo (RoleInfo.java:shutdownFollowerState(121)) - 32a164c3-8bb9-4158-a4d7-ada9eb729037: shutdown FollowerState
2019-10-17 19:47:38,448 [Thread-1213] INFO  impl.RaftServerImpl (RaftServerImpl.java:setRole(184)) - 32a164c3-8bb9-4158-a4d7-ada9eb729037@group-4CC069B2961E: changes role from  FOLLOWER to CANDIDATE at term 51 for changeToCandidate
2019-10-17 19:47:38,448 [Thread-1213] INFO  impl.RoleInfo (RoleInfo.java:updateAndGet(143)) - 32a164c3-8bb9-4158-a4d7-ada9eb729037: start LeaderElection
2019-10-17 19:47:38,458 [32a164c3-8bb9-4158-a4d7-ada9eb729037@group-8BD2F7455A0F-LeaderElection93] INFO  impl.LeaderElection (LeaderElection.java:logAndReturn(56)) - 32a164c3-8bb9-4158-a4d7-ada9eb729037@group-8BD2F7455A0F-LeaderElection93: Election REJECTED; received 2 response(s) [32a164c3-8bb9-4158-a4d7-ada9eb729037<-5fa7c213-d229-4dfb-b48e-377c0ca33348#0:FAIL-t38, 32a164c3-8bb9-4158-a4d7-ada9eb729037<-fa049fba-12b8-4e17-ac2d-38ea71bdd2ce#0:FAIL-t38] and 0 exception(s); 32a164c3-8bb9-4158-a4d7-ada9eb729037@group-8BD2F7455A0F:t38, leader=null, voted=32a164c3-8bb9-4158-a4d7-ada9eb729037, raftlog=32a164c3-8bb9-4158-a4d7-ada9eb729037@group-8BD2F7455A0F-SegmentedRaftLog:OPENED:c-1,f-1,i0, conf=-1: [32a164c3-8bb9-4158-a4d7-ada9eb729037:192.168.164.201:42866, 5fa7c213-d229-4dfb-b48e-377c0ca33348:192.168.164.201:37765, fa049fba-12b8-4e17-ac2d-38ea71bdd2ce:192.168.164.201:41821], old=null
2019-10-17 19:47:38,458 [32a164c3-8bb9-4158-a4d7-ada9eb729037@group-8BD2F7455A0F-LeaderElection93] INFO  impl.RaftServerImpl (RaftServerImpl.java:setRole(184)) - 32a164c3-8bb9-4158-a4d7-ada9eb729037@group-8BD2F7455A0F: changes role from CANDIDATE to FOLLOWER at term 38 for DISCOVERED_A_NEW_TERM
2019-10-17 19:47:38,458 [32a164c3-8bb9-4158-a4d7-ada9eb729037@group-8BD2F7455A0F-LeaderElection93] INFO  impl.RoleInfo (RoleInfo.java:shutdownLeaderElection(134)) - 32a164c3-8bb9-4158-a4d7-ada9eb729037: shutdown LeaderElection
2019-10-17 19:47:38,458 [32a164c3-8bb9-4158-a4d7-ada9eb729037@group-8BD2F7455A0F-LeaderElection93] INFO  impl.RoleInfo (RoleInfo.java:updateAndGet(143)) - 32a164c3-8bb9-4158-a4d7-ada9eb729037: start FollowerState
2019-10-17 19:47:38,474 [32a164c3-8bb9-4158-a4d7-ada9eb729037@group-4CC069B2961E-LeaderElection94] INFO  impl.LeaderElection (LeaderElection.java:askForVotes(178)) - 32a164c3-8bb9-4158-a4d7-ada9eb729037@group-4CC069B2961E-LeaderElection94: begin an election at term 52 for 0: [32a164c3-8bb9-4158-a4d7-ada9eb729037:192.168.164.201:42866, 5fa7c213-d229-4dfb-b48e-377c0ca33348:192.168.164.201:37765, fa049fba-12b8-4e17-ac2d-38ea71bdd2ce:192.168.164.201:41821], old=null
2019-10-17 19:47:38,476 [grpc-default-executor-6] INFO  impl.RaftServerImpl (RaftServerImpl.java:setRole(184)) - 5fa7c213-d229-4dfb-b48e-377c0ca33348@group-4CC069B2961E: changes role from  FOLLOWER to FOLLOWER at term 52 for recognizeCandidate:32a164c3-8bb9-4158-a4d7-ada9eb729037
2019-10-17 19:47:38,476 [grpc-default-executor-6] INFO  impl.RoleInfo (RoleInfo.java:shutdownFollowerState(121)) - 5fa7c213-d229-4dfb-b48e-377c0ca33348: shutdown FollowerState
2019-10-17 19:47:38,477 [grpc-default-executor-6] INFO  impl.RoleInfo (RoleInfo.java:updateAndGet(143)) - 5fa7c213-d229-4dfb-b48e-377c0ca33348: start FollowerState
2019-10-17 19:47:38,477 [grpc-default-executor-7] INFO  impl.RaftServerImpl (RaftServerImpl.java:setRole(184)) - fa049fba-12b8-4e17-ac2d-38ea71bdd2ce@group-4CC069B2961E: changes role from  FOLLOWER to FOLLOWER at term 52 for recognizeCandidate:32a164c3-8bb9-4158-a4d7-ada9eb729037
2019-10-17 19:47:38,477 [Thread-1204] INFO  impl.FollowerState (FollowerState.java:run(117)) - 5fa7c213-d229-4dfb-b48e-377c0ca33348@group-4CC069B2961E-FollowerState was interrupted: java.lang.InterruptedException: sleep interrupted
2019-10-17 19:47:38,477 [grpc-default-executor-7] INFO  impl.RoleInfo (RoleInfo.java:shutdownFollowerState(121)) - fa049fba-12b8-4e17-ac2d-38ea71bdd2ce: shutdown FollowerState
2019-10-17 19:47:38,477 [grpc-default-executor-7] INFO  impl.RoleInfo (RoleInfo.java:updateAndGet(143)) - fa049fba-12b8-4e17-ac2d-38ea71bdd2ce: start FollowerState
2019-10-17 19:47:38,477 [Thread-1205] INFO  impl.FollowerState (FollowerState.java:run(117)) - fa049fba-12b8-4e17-ac2d-38ea71bdd2ce@group-4CC069B2961E-FollowerState was interrupted: java.lang.InterruptedException: sleep interrupted
2019-10-17 19:47:38,500 [32a164c3-8bb9-4158-a4d7-ada9eb729037@group-4CC069B2961E-LeaderElection94] INFO  impl.LeaderElection (LeaderElection.java:logAndReturn(56)) - 32a164c3-8bb9-4158-a4d7-ada9eb729037@group-4CC069B2961E-LeaderElection94: Election REJECTED; received 2 response(s) [32a164c3-8bb9-4158-a4d7-ada9eb729037<-5fa7c213-d229-4dfb-b48e-377c0ca33348#0:FAIL-t52, 32a164c3-8bb9-4158-a4d7-ada9eb729037<-fa049fba-12b8-4e17-ac2d-38ea71bdd2ce#0:FAIL-t52] and 0 exception(s); 32a164c3-8bb9-4158-a4d7-ada9eb729037@group-4CC069B2961E:t52, leader=null, voted=32a164c3-8bb9-4158-a4d7-ada9eb729037, raftlog=32a164c3-8bb9-4158-a4d7-ada9eb729037@group-4CC069B2961E-SegmentedRaftLog:OPENED:c3,f4,i4, conf=0: [32a164c3-8bb9-4158-a4d7-ada9eb729037:192.168.164.201:42866, 5fa7c213-d229-4dfb-b48e-377c0ca33348:192.168.164.201:37765, fa049fba-12b8-4e17-ac2d-38ea71bdd2ce:192.168.164.201:41821], old=null
2019-10-17 19:47:38,500 [32a164c3-8bb9-4158-a4d7-ada9eb729037@group-4CC069B2961E-LeaderElection94] INFO  impl.RaftServerImpl (RaftServerImpl.java:setRole(184)) - 32a164c3-8bb9-4158-a4d7-ada9eb729037@group-4CC069B2961E: changes role from CANDIDATE to FOLLOWER at term 52 for DISCOVERED_A_NEW_TERM
2019-10-17 19:47:38,501 [32a164c3-8bb9-4158-a4d7-ada9eb729037@group-4CC069B2961E-LeaderElection94] INFO  impl.RoleInfo (RoleInfo.java:shutdownLeaderElection(134)) - 32a164c3-8bb9-4158-a4d7-ada9eb729037: shutdown LeaderElection
2019-10-17 19:47:38,501 [32a164c3-8bb9-4158-a4d7-ada9eb729037@group-4CC069B2961E-LeaderElection94] INFO  impl.RoleInfo (RoleInfo.java:updateAndGet(143)) - 32a164c3-8bb9-4158-a4d7-ada9eb729037: start FollowerState
2019-10-17 19:47:38,589 [Thread-1220] INFO  impl.FollowerState (FollowerState.java:run(108)) - 32a164c3-8bb9-4158-a4d7-ada9eb729037@group-8BD2F7455A0F-FollowerState: change to CANDIDATE, lastRpcTime:130ms, electionTimeout:130ms
2019-10-17 19:47:38,589 [Thread-1220] INFO  impl.RoleInfo (RoleInfo.java:shutdownFollowerState(121)) - 32a164c3-8bb9-4158-a4d7-ada9eb729037: shutdown FollowerState
2019-10-17 19:47:38,589 [Thread-1220] INFO  impl.RaftServerImpl (RaftServerImpl.java:setRole(184)) - 32a164c3-8bb9-4158-a4d7-ada9eb729037@group-8BD2F7455A0F: changes role from  FOLLOWER to CANDIDATE at term 38 for changeToCandidate
2019-10-17 19:47:38,589 [Thread-1220] INFO  impl.RoleInfo (RoleInfo.java:updateAndGet(143)) - 32a164c3-8bb9-4158-a4d7-ada9eb729037: start LeaderElection
2019-10-17 19:47:38,617 [32a164c3-8bb9-4158-a4d7-ada9eb729037@group-8BD2F7455A0F-LeaderElection95] INFO  impl.LeaderElection (LeaderElection.java:askForVotes(178)) - 32a164c3-8bb9-4158-a4d7-ada9eb729037@group-8BD2F7455A0F-LeaderElection95: begin an election at term 39 for -1: [32a164c3-8bb9-4158-a4d7-ada9eb729037:192.168.164.201:42866, 5fa7c213-d229-4dfb-b48e-377c0ca33348:192.168.164.201:37765, fa049fba-12b8-4e17-ac2d-38ea71bdd2ce:192.168.164.201:41821], old=null
2019-10-17 19:47:38,619 [grpc-default-executor-7] INFO  impl.RaftServerImpl (RaftServerImpl.java:setRole(184)) - fa049fba-12b8-4e17-ac2d-38ea71bdd2ce@group-8BD2F7455A0F: changes role from  FOLLOWER to FOLLOWER at term 39 for recognizeCandidate:32a164c3-8bb9-4158-a4d7-ada9eb729037
2019-10-17 19:47:38,619 [grpc-default-executor-6] INFO  impl.RaftServerImpl (RaftServerImpl.java:setRole(184)) - 5fa7c213-d229-4dfb-b48e-377c0ca33348@group-8BD2F7455A0F: changes role from  FOLLOWER to FOLLOWER at term 39 for recognizeCandidate:32a164c3-8bb9-4158-a4d7-ada9eb729037
2019-10-17 19:47:38,620 [grpc-default-executor-6] INFO  impl.RoleInfo (RoleInfo.java:shutdownFollowerState(121)) - 5fa7c213-d229-4dfb-b48e-377c0ca33348: shutdown FollowerState
2019-10-17 19:47:38,619 [grpc-default-executor-7] INFO  impl.RoleInfo (RoleInfo.java:shutdownFollowerState(121)) - fa049fba-12b8-4e17-ac2d-38ea71bdd2ce: shutdown FollowerState
2019-10-17 19:47:38,620 [Thread-1218] INFO  impl.FollowerState (FollowerState.java:run(117)) - 5fa7c213-d229-4dfb-b48e-377c0ca33348@group-8BD2F7455A0F-FollowerState was interrupted: java.lang.InterruptedException: sleep interrupted
2019-10-17 19:47:38,620 [grpc-default-executor-6] INFO  impl.RoleInfo (RoleInfo.java:updateAndGet(143)) - 5fa7c213-d229-4dfb-b48e-377c0ca33348: start FollowerState
2019-10-17 19:47:38,620 [Thread-1217] INFO  impl.FollowerState (FollowerState.java:run(117)) - fa049fba-12b8-4e17-ac2d-38ea71bdd2ce@group-8BD2F7455A0F-FollowerState was interrupted: java.lang.InterruptedException: sleep interrupted
2019-10-17 19:47:38,620 [grpc-default-executor-7] INFO  impl.RoleInfo (RoleInfo.java:updateAndGet(143)) - fa049fba-12b8-4e17-ac2d-38ea71bdd2ce: start FollowerState
2019-10-17 19:47:38,625 [Thread-1225] INFO  impl.FollowerState (FollowerState.java:run(108)) - 32a164c3-8bb9-4158-a4d7-ada9eb729037@group-4CC069B2961E-FollowerState: change to CANDIDATE, lastRpcTime:124ms, electionTimeout:124ms
2019-10-17 19:47:38,625 [Thread-1225] INFO  impl.RoleInfo (RoleInfo.java:shutdownFollowerState(121)) - 32a164c3-8bb9-4158-a4d7-ada9eb729037: shutdown FollowerState
2019-10-17 19:47:38,625 [Thread-1225] INFO  impl.RaftServerImpl (RaftServerImpl.java:setRole(184)) - 32a164c3-8bb9-4158-a4d7-ada9eb729037@group-4CC069B2961E: changes role from  FOLLOWER to CANDIDATE at term 52 for changeToCandidate
2019-10-17 19:47:38,625 [Thread-1225] INFO  impl.RoleInfo (RoleInfo.java:updateAndGet(143)) - 32a164c3-8bb9-4158-a4d7-ada9eb729037: start LeaderElection
2019-10-17 19:47:38,643 [32a164c3-8bb9-4158-a4d7-ada9eb729037@group-4CC069B2961E-LeaderElection96] INFO  impl.LeaderElection (LeaderElection.java:askForVotes(178)) - 32a164c3-8bb9-4158-a4d7-ada9eb729037@group-4CC069B2961E-LeaderElection96: begin an election at term 53 for 0: [32a164c3-8bb9-4158-a4d7-ada9eb729037:192.168.164.201:42866, 5fa7c213-d229-4dfb-b48e-377c0ca33348:192.168.164.201:37765, fa049fba-12b8-4e17-ac2d-38ea71bdd2ce:192.168.164.201:41821], old=null
2019-10-17 19:47:38,645 [32a164c3-8bb9-4158-a4d7-ada9eb729037@group-8BD2F7455A0F-LeaderElection95] INFO  impl.LeaderElection (LeaderElection.java:logAndReturn(56)) - 32a164c3-8bb9-4158-a4d7-ada9eb729037@group-8BD2F7455A0F-LeaderElection95: Election REJECTED; received 2 response(s) [32a164c3-8bb9-4158-a4d7-ada9eb729037<-5fa7c213-d229-4dfb-b48e-377c0ca33348#0:FAIL-t39, 32a164c3-8bb9-4158-a4d7-ada9eb729037<-fa049fba-12b8-4e17-ac2d-38ea71bdd2ce#0:FAIL-t39] and 0 exception(s); 32a164c3-8bb9-4158-a4d7-ada9eb729037@group-8BD2F7455A0F:t39, leader=null, voted=32a164c3-8bb9-4158-a4d7-ada9eb729037, raftlog=32a164c3-8bb9-4158-a4d7-ada9eb729037@group-8BD2F7455A0F-SegmentedRaftLog:OPENED:c-1,f-1,i0, conf=-1: [32a164c3-8bb9-4158-a4d7-ada9eb729037:192.168.164.201:42866, 5fa7c213-d229-4dfb-b48e-377c0ca33348:192.168.164.201:37765, fa049fba-12b8-4e17-ac2d-38ea71bdd2ce:192.168.164.201:41821], old=null
2019-10-17 19:47:38,645 [32a164c3-8bb9-4158-a4d7-ada9eb729037@group-8BD2F7455A0F-LeaderElection95] INFO  impl.RaftServerImpl (RaftServerImpl.java:setRole(184)) - 32a164c3-8bb9-4158-a4d7-ada9eb729037@group-8BD2F7455A0F: changes role from CANDIDATE to FOLLOWER at term 39 for DISCOVERED_A_NEW_TERM
2019-10-17 19:47:38,645 [32a164c3-8bb9-4158-a4d7-ada9eb729037@group-8BD2F7455A0F-LeaderElection95] INFO  impl.RoleInfo (RoleInfo.java:shutdownLeaderElection(134)) - 32a164c3-8bb9-4158-a4d7-ada9eb729037: shutdown LeaderElection
2019-10-17 19:47:38,645 [32a164c3-8bb9-4158-a4d7-ada9eb729037@group-8BD2F7455A0F-LeaderElection95] INFO  impl.RoleInfo (RoleInfo.java:updateAndGet(143)) - 32a164c3-8bb9-4158-a4d7-ada9eb729037: start FollowerState
2019-10-17 19:47:38,645 [grpc-default-executor-6] INFO  impl.RaftServerImpl (RaftServerImpl.java:setRole(184)) - 5fa7c213-d229-4dfb-b48e-377c0ca33348@group-4CC069B2961E: changes role from  FOLLOWER to FOLLOWER at term 53 for recognizeCandidate:32a164c3-8bb9-4158-a4d7-ada9eb729037
2019-10-17 19:47:38,645 [grpc-default-executor-6] INFO  impl.RoleInfo (RoleInfo.java:shutdownFollowerState(121)) - 5fa7c213-d229-4dfb-b48e-377c0ca33348: shutdown FollowerState
2019-10-17 19:47:38,645 [grpc-default-executor-7] INFO  impl.RaftServerImpl (RaftServerImpl.java:setRole(184)) - fa049fba-12b8-4e17-ac2d-38ea71bdd2ce@group-4CC069B2961E: changes role from  FOLLOWER to FOLLOWER at term 53 for recognizeCandidate:32a164c3-8bb9-4158-a4d7-ada9eb729037
2019-10-17 19:47:38,646 [Thread-1223] INFO  impl.FollowerState (FollowerState.java:run(117)) - 5fa7c213-d229-4dfb-b48e-377c0ca33348@group-4CC069B2961E-FollowerState was interrupted: java.lang.InterruptedException: sleep interrupted
2019-10-17 19:47:38,646 [grpc-default-executor-6] INFO  impl.RoleInfo (RoleInfo.java:updateAndGet(143)) - 5fa7c213-d229-4dfb-b48e-377c0ca33348: start FollowerState
2019-10-17 19:47:38,646 [grpc-default-executor-7] INFO  impl.RoleInfo (RoleInfo.java:shutdownFollowerState(121)) - fa049fba-12b8-4e17-ac2d-38ea71bdd2ce: shutdown FollowerState
2019-10-17 19:47:38,646 [grpc-default-executor-7] INFO  impl.RoleInfo (RoleInfo.java:updateAndGet(143)) - fa049fba-12b8-4e17-ac2d-38ea71bdd2ce: start FollowerState
2019-10-17 19:47:38,646 [Thread-1224] INFO  impl.FollowerState (FollowerState.java:run(117)) - fa049fba-12b8-4e17-ac2d-38ea71bdd2ce@group-4CC069B2961E-FollowerState was interrupted: java.lang.InterruptedException: sleep interrupted
2019-10-17 19:47:38,666 [32a164c3-8bb9-4158-a4d7-ada9eb729037@group-4CC069B2961E-LeaderElection96] INFO  impl.LeaderElection (LeaderElection.java:logAndReturn(56)) - 32a164c3-8bb9-4158-a4d7-ada9eb729037@group-4CC069B2961E-LeaderElection96: Election TIMEOUT; received 0 response(s) [] and 0 exception(s); 32a164c3-8bb9-4158-a4d7-ada9eb729037@group-4CC069B2961E:t53, leader=null, voted=32a164c3-8bb9-4158-a4d7-ada9eb729037, raftlog=32a164c3-8bb9-4158-a4d7-ada9eb729037@group-4CC069B2961E-SegmentedRaftLog:OPENED:c3,f4,i4, conf=0: [32a164c3-8bb9-4158-a4d7-ada9eb729037:192.168.164.201:42866, 5fa7c213-d229-4dfb-b48e-377c0ca33348:192.168.164.201:37765, fa049fba-12b8-4e17-ac2d-38ea71bdd2ce:192.168.164.201:41821], old=null
2019-10-17 19:47:38,694 [32a164c3-8bb9-4158-a4d7-ada9eb729037@group-4CC069B2961E-LeaderElection96] INFO  impl.LeaderElection (LeaderElection.java:askForVotes(178)) - 32a164c3-8bb9-4158-a4d7-ada9eb729037@group-4CC069B2961E-LeaderElection96: begin an election at term 54 for 0: [32a164c3-8bb9-4158-a4d7-ada9eb729037:192.168.164.201:42866, 5fa7c213-d229-4dfb-b48e-377c0ca33348:192.168.164.201:37765, fa049fba-12b8-4e17-ac2d-38ea71bdd2ce:192.168.164.201:41821], old=null
2019-10-17 19:47:38,701 [grpc-default-executor-7] INFO  impl.RaftServerImpl (RaftServerImpl.java:setRole(184)) - 5fa7c213-d229-4dfb-b48e-377c0ca33348@group-4CC069B2961E: changes role from  FOLLOWER to FOLLOWER at term 54 for recognizeCandidate:32a164c3-8bb9-4158-a4d7-ada9eb729037
2019-10-17 19:47:38,701 [grpc-default-executor-7] INFO  impl.RoleInfo (RoleInfo.java:shutdownFollowerState(121)) - 5fa7c213-d229-4dfb-b48e-377c0ca33348: shutdown FollowerState
2019-10-17 19:47:38,702 [grpc-default-executor-7] INFO  impl.RoleInfo (RoleInfo.java:updateAndGet(143)) - 5fa7c213-d229-4dfb-b48e-377c0ca33348: start FollowerState
2019-10-17 19:47:38,702 [Thread-1235] INFO  impl.FollowerState (FollowerState.java:run(117)) - 5fa7c213-d229-4dfb-b48e-377c0ca33348@group-4CC069B2961E-FollowerState was interrupted: java.lang.InterruptedException: sleep interrupted
2019-10-17 19:47:38,702 [grpc-default-executor-6] INFO  impl.RaftServerImpl (RaftServerImpl.java:setRole(184)) - fa049fba-12b8-4e17-ac2d-38ea71bdd2ce@group-4CC069B2961E: changes role from  FOLLOWER to FOLLOWER at term 54 for recognizeCandidate:32a164c3-8bb9-4158-a4d7-ada9eb729037
2019-10-17 19:47:38,702 [grpc-default-executor-6] INFO  impl.RoleInfo (RoleInfo.java:shutdownFollowerState(121)) - fa049fba-12b8-4e17-ac2d-38ea71bdd2ce: shutdown FollowerState
2019-10-17 19:47:38,703 [grpc-default-executor-6] INFO  impl.RoleInfo (RoleInfo.java:updateAndGet(143)) - fa049fba-12b8-4e17-ac2d-38ea71bdd2ce: start FollowerState
2019-10-17 19:47:38,703 [Thread-1236] INFO  impl.FollowerState (FollowerState.java:run(117)) - fa049fba-12b8-4e17-ac2d-38ea71bdd2ce@group-4CC069B2961E-FollowerState was interrupted: java.lang.InterruptedException: sleep interrupted
2019-10-17 19:47:38,729 [32a164c3-8bb9-4158-a4d7-ada9eb729037@group-4CC069B2961E-LeaderElection96] INFO  impl.LeaderElection (LeaderElection.java:logAndReturn(56)) - 32a164c3-8bb9-4158-a4d7-ada9eb729037@group-4CC069B2961E-LeaderElection96: Election REJECTED; received 2 response(s) [32a164c3-8bb9-4158-a4d7-ada9eb729037<-5fa7c213-d229-4dfb-b48e-377c0ca33348#0:FAIL-t54, 32a164c3-8bb9-4158-a4d7-ada9eb729037<-fa049fba-12b8-4e17-ac2d-38ea71bdd2ce#0:FAIL-t54] and 0 exception(s); 32a164c3-8bb9-4158-a4d7-ada9eb729037@group-4CC069B2961E:t54, leader=null, voted=32a164c3-8bb9-4158-a4d7-ada9eb729037, raftlog=32a164c3-8bb9-4158-a4d7-ada9eb729037@group-4CC069B2961E-SegmentedRaftLog:OPENED:c3,f4,i4, conf=0: [32a164c3-8bb9-4158-a4d7-ada9eb729037:192.168.164.201:42866, 5fa7c213-d229-4dfb-b48e-377c0ca33348:192.168.164.201:37765, fa049fba-12b8-4e17-ac2d-38ea71bdd2ce:192.168.164.201:41821], old=null
2019-10-17 19:47:38,730 [32a164c3-8bb9-4158-a4d7-ada9eb729037@group-4CC069B2961E-LeaderElection96] INFO  impl.RaftServerImpl (RaftServerImpl.java:setRole(184)) - 32a164c3-8bb9-4158-a4d7-ada9eb729037@group-4CC069B2961E: changes role from CANDIDATE to FOLLOWER at term 54 for DISCOVERED_A_NEW_TERM
2019-10-17 19:47:38,730 [32a164c3-8bb9-4158-a4d7-ada9eb729037@group-4CC069B2961E-LeaderElection96] INFO  impl.RoleInfo (RoleInfo.java:shutdownLeaderElection(134)) - 32a164c3-8bb9-4158-a4d7-ada9eb729037: shutdown LeaderElection
2019-10-17 19:47:38,730 [32a164c3-8bb9-4158-a4d7-ada9eb729037@group-4CC069B2961E-LeaderElection96] INFO  impl.RoleInfo (RoleInfo.java:updateAndGet(143)) - 32a164c3-8bb9-4158-a4d7-ada9eb729037: start FollowerState
2019-10-17 19:47:38,798 [Thread-1241] INFO  impl.FollowerState (FollowerState.java:run(108)) - 32a164c3-8bb9-4158-a4d7-ada9eb729037@group-4CC069B2961E-FollowerState: change to CANDIDATE, lastRpcTime:67ms, electionTimeout:67ms
2019-10-17 19:47:38,798 [Thread-1241] INFO  impl.RoleInfo (RoleInfo.java:shutdownFollowerState(121)) - 32a164c3-8bb9-4158-a4d7-ada9eb729037: shutdown FollowerState
2019-10-17 19:47:38,798 [Thread-1241] INFO  impl.RaftServerImpl (RaftServerImpl.java:setRole(184)) - 32a164c3-8bb9-4158-a4d7-ada9eb729037@group-4CC069B2961E: changes role from  FOLLOWER to CANDIDATE at term 54 for changeToCandidate
2019-10-17 19:47:38,798 [Thread-1241] INFO  impl.RoleInfo (RoleInfo.java:updateAndGet(143)) - 32a164c3-8bb9-4158-a4d7-ada9eb729037: start LeaderElection
2019-10-17 19:47:38,813 [Thread-1234] INFO  impl.FollowerState (FollowerState.java:run(108)) - 32a164c3-8bb9-4158-a4d7-ada9eb729037@group-8BD2F7455A0F-FollowerState: change to CANDIDATE, lastRpcTime:167ms, electionTimeout:167ms
2019-10-17 19:47:38,813 [Thread-1234] INFO  impl.RoleInfo (RoleInfo.java:shutdownFollowerState(121)) - 32a164c3-8bb9-4158-a4d7-ada9eb729037: shutdown FollowerState
2019-10-17 19:47:38,813 [Thread-1234] INFO  impl.RaftServerImpl (RaftServerImpl.java:setRole(184)) - 32a164c3-8bb9-4158-a4d7-ada9eb729037@group-8BD2F7455A0F: changes role from  FOLLOWER to CANDIDATE at term 39 for changeToCandidate
2019-10-17 19:47:38,813 [Thread-1234] INFO  impl.RoleInfo (RoleInfo.java:updateAndGet(143)) - 32a164c3-8bb9-4158-a4d7-ada9eb729037: start LeaderElection
2019-10-17 19:47:38,828 [32a164c3-8bb9-4158-a4d7-ada9eb729037@group-4CC069B2961E-LeaderElection97] INFO  impl.LeaderElection (LeaderElection.java:askForVotes(178)) - 32a164c3-8bb9-4158-a4d7-ada9eb729037@group-4CC069B2961E-LeaderElection97: begin an election at term 55 for 0: [32a164c3-8bb9-4158-a4d7-ada9eb729037:192.168.164.201:42866, 5fa7c213-d229-4dfb-b48e-377c0ca33348:192.168.164.201:37765, fa049fba-12b8-4e17-ac2d-38ea71bdd2ce:192.168.164.201:41821], old=null
2019-10-17 19:47:38,831 [grpc-default-executor-7] INFO  impl.RaftServerImpl (RaftServerImpl.java:setRole(184)) - fa049fba-12b8-4e17-ac2d-38ea71bdd2ce@group-4CC069B2961E: changes role from  FOLLOWER to FOLLOWER at term 55 for recognizeCandidate:32a164c3-8bb9-4158-a4d7-ada9eb729037
2019-10-17 19:47:38,831 [grpc-default-executor-6] INFO  impl.RaftServerImpl (RaftServerImpl.java:setRole(184)) - 5fa7c213-d229-4dfb-b48e-377c0ca33348@group-4CC069B2961E: changes role from  FOLLOWER to FOLLOWER at term 55 for recognizeCandidate:32a164c3-8bb9-4158-a4d7-ada9eb729037
2019-10-17 19:47:38,831 [grpc-default-executor-7] INFO  impl.RoleInfo (RoleInfo.java:shutdownFollowerState(121)) - fa049fba-12b8-4e17-ac2d-38ea71bdd2ce: shutdown FollowerState
2019-10-17 19:47:38,831 [grpc-default-executor-6] INFO  impl.RoleInfo (RoleInfo.java:shutdownFollowerState(121)) - 5fa7c213-d229-4dfb-b48e-377c0ca33348: shutdown FollowerState
2019-10-17 19:47:38,832 [Thread-1240] INFO  impl.FollowerState (FollowerState.java:run(117)) - fa049fba-12b8-4e17-ac2d-38ea71bdd2ce@group-4CC069B2961E-FollowerState was interrupted: java.lang.InterruptedException: sleep interrupted
2019-10-17 19:47:38,832 [grpc-default-executor-7] INFO  impl.RoleInfo (RoleInfo.java:updateAndGet(143)) - fa049fba-12b8-4e17-ac2d-38ea71bdd2ce: start FollowerState
2019-10-17 19:47:38,832 [Thread-1239] INFO  impl.FollowerState (FollowerState.java:run(117)) - 5fa7c213-d229-4dfb-b48e-377c0ca33348@group-4CC069B2961E-FollowerState was interrupted: java.lang.InterruptedException: sleep interrupted
2019-10-17 19:47:38,832 [grpc-default-executor-6] INFO  impl.RoleInfo (RoleInfo.java:updateAndGet(143)) - 5fa7c213-d229-4dfb-b48e-377c0ca33348: start FollowerState
2019-10-17 19:47:38,843 [32a164c3-8bb9-4158-a4d7-ada9eb729037@group-4CC069B2961E-LeaderElection97] INFO  impl.LeaderElection (LeaderElection.java:logAndReturn(56)) - 32a164c3-8bb9-4158-a4d7-ada9eb729037@group-4CC069B2961E-LeaderElection97: Election TIMEOUT; received 0 response(s) [] and 0 exception(s); 32a164c3-8bb9-4158-a4d7-ada9eb729037@group-4CC069B2961E:t55, leader=null, voted=32a164c3-8bb9-4158-a4d7-ada9eb729037, raftlog=32a164c3-8bb9-4158-a4d7-ada9eb729037@group-4CC069B2961E-SegmentedRaftLog:OPENED:c3,f4,i4, conf=0: [32a164c3-8bb9-4158-a4d7-ada9eb729037:192.168.164.201:42866, 5fa7c213-d229-4dfb-b48e-377c0ca33348:192.168.164.201:37765, fa049fba-12b8-4e17-ac2d-38ea71bdd2ce:192.168.164.201:41821], old=null
2019-10-17 19:47:38,846 [32a164c3-8bb9-4158-a4d7-ada9eb729037@group-8BD2F7455A0F-LeaderElection98] INFO  impl.LeaderElection (LeaderElection.java:askForVotes(178)) - 32a164c3-8bb9-4158-a4d7-ada9eb729037@group-8BD2F7455A0F-LeaderElection98: begin an election at term 40 for -1: [32a164c3-8bb9-4158-a4d7-ada9eb729037:192.168.164.201:42866, 5fa7c213-d229-4dfb-b48e-377c0ca33348:192.168.164.201:37765, fa049fba-12b8-4e17-ac2d-38ea71bdd2ce:192.168.164.201:41821], old=null
2019-10-17 19:47:38,848 [grpc-default-executor-3] INFO  impl.RaftServerImpl (RaftServerImpl.java:setRole(184)) - fa049fba-12b8-4e17-ac2d-38ea71bdd2ce@group-8BD2F7455A0F: changes role from  FOLLOWER to FOLLOWER at term 40 for recognizeCandidate:32a164c3-8bb9-4158-a4d7-ada9eb729037
2019-10-17 19:47:38,848 [grpc-default-executor-0] INFO  impl.RaftServerImpl (RaftServerImpl.java:setRole(184)) - 5fa7c213-d229-4dfb-b48e-377c0ca33348@group-8BD2F7455A0F: changes role from  FOLLOWER to FOLLOWER at term 40 for recognizeCandidate:32a164c3-8bb9-4158-a4d7-ada9eb729037
2019-10-17 19:47:38,848 [grpc-default-executor-3] INFO  impl.RoleInfo (RoleInfo.java:shutdownFollowerState(121)) - fa049fba-12b8-4e17-ac2d-38ea71bdd2ce: shutdown FollowerState
2019-10-17 19:47:38,848 [grpc-default-executor-0] INFO  impl.RoleInfo (RoleInfo.java:shutdownFollowerState(121)) - 5fa7c213-d229-4dfb-b48e-377c0ca33348: shutdown FollowerState
2019-10-17 19:47:38,848 [Thread-1230] INFO  impl.FollowerState (FollowerState.java:run(117)) - fa049fba-12b8-4e17-ac2d-38ea71bdd2ce@group-8BD2F7455A0F-FollowerState was interrupted: java.lang.InterruptedException: sleep interrupted
2019-10-17 19:47:38,848 [grpc-default-executor-3] INFO  impl.RoleInfo (RoleInfo.java:updateAndGet(143)) - fa049fba-12b8-4e17-ac2d-38ea71bdd2ce: start FollowerState
2019-10-17 19:47:38,848 [grpc-default-executor-0] INFO  impl.RoleInfo (RoleInfo.java:updateAndGet(143)) - 5fa7c213-d229-4dfb-b48e-377c0ca33348: start FollowerState
2019-10-17 19:47:38,848 [Thread-1229] INFO  impl.FollowerState (FollowerState.java:run(117)) - 5fa7c213-d229-4dfb-b48e-377c0ca33348@group-8BD2F7455A0F-FollowerState was interrupted: java.lang.InterruptedException: sleep interrupted
2019-10-17 19:47:38,879 [32a164c3-8bb9-4158-a4d7-ada9eb729037@group-4CC069B2961E-LeaderElection97] INFO  impl.LeaderElection (LeaderElection.java:askForVotes(178)) - 32a164c3-8bb9-4158-a4d7-ada9eb729037@group-4CC069B2961E-LeaderElection97: begin an election at term 56 for 0: [32a164c3-8bb9-4158-a4d7-ada9eb729037:192.168.164.201:42866, 5fa7c213-d229-4dfb-b48e-377c0ca33348:192.168.164.201:37765, fa049fba-12b8-4e17-ac2d-38ea71bdd2ce:192.168.164.201:41821], old=null
2019-10-17 19:47:38,882 [grpc-default-executor-7] INFO  impl.RaftServerImpl (RaftServerImpl.java:setRole(184)) - 5fa7c213-d229-4dfb-b48e-377c0ca33348@group-4CC069B2961E: changes role from  FOLLOWER to FOLLOWER at term 56 for recognizeCandidate:32a164c3-8bb9-4158-a4d7-ada9eb729037
2019-10-17 19:47:38,882 [grpc-default-executor-7] INFO  impl.RoleInfo (RoleInfo.java:shutdownFollowerState(121)) - 5fa7c213-d229-4dfb-b48e-377c0ca33348: shutdown FollowerState
2019-10-17 19:47:38,882 [grpc-default-executor-7] INFO  impl.RoleInfo (RoleInfo.java:updateAndGet(143)) - 5fa7c213-d229-4dfb-b48e-377c0ca33348: start FollowerState
2019-10-17 19:47:38,882 [Thread-1247] INFO  impl.FollowerState (FollowerState.java:run(117)) - 5fa7c213-d229-4dfb-b48e-377c0ca33348@group-4CC069B2961E-FollowerState was interrupted: java.lang.InterruptedException: sleep interrupted
2019-10-17 19:47:38,883 [grpc-default-executor-6] INFO  impl.RaftServerImpl (RaftServerImpl.java:setRole(184)) - fa049fba-12b8-4e17-ac2d-38ea71bdd2ce@group-4CC069B2961E: changes role from  FOLLOWER to FOLLOWER at term 56 for recognizeCandidate:32a164c3-8bb9-4158-a4d7-ada9eb729037
2019-10-17 19:47:38,883 [grpc-default-executor-6] INFO  impl.RoleInfo (RoleInfo.java:shutdownFollowerState(121)) - fa049fba-12b8-4e17-ac2d-38ea71bdd2ce: shutdown FollowerState
2019-10-17 19:47:38,883 [grpc-default-executor-6] INFO  impl.RoleInfo (RoleInfo.java:updateAndGet(143)) - fa049fba-12b8-4e17-ac2d-38ea71bdd2ce: start FollowerState
2019-10-17 19:47:38,883 [Thread-1246] INFO  impl.FollowerState (FollowerState.java:run(117)) - fa049fba-12b8-4e17-ac2d-38ea71bdd2ce@group-4CC069B2961E-FollowerState was interrupted: java.lang.InterruptedException: sleep interrupted
2019-10-17 19:47:38,897 [32a164c3-8bb9-4158-a4d7-ada9eb729037@group-8BD2F7455A0F-LeaderElection98] INFO  impl.LeaderElection (LeaderElection.java:logAndReturn(56)) - 32a164c3-8bb9-4158-a4d7-ada9eb729037@group-8BD2F7455A0F-LeaderElection98: Election REJECTED; received 2 response(s) [32a164c3-8bb9-4158-a4d7-ada9eb729037<-5fa7c213-d229-4dfb-b48e-377c0ca33348#0:FAIL-t40, 32a164c3-8bb9-4158-a4d7-ada9eb729037<-fa049fba-12b8-4e17-ac2d-38ea71bdd2ce#0:FAIL-t40] and 0 exception(s); 32a164c3-8bb9-4158-a4d7-ada9eb729037@group-8BD2F7455A0F:t40, leader=null, voted=32a164c3-8bb9-4158-a4d7-ada9eb729037, raftlog=32a164c3-8bb9-4158-a4d7-ada9eb729037@group-8BD2F7455A0F-SegmentedRaftLog:OPENED:c-1,f-1,i0, conf=-1: [32a164c3-8bb9-4158-a4d7-ada9eb729037:192.168.164.201:42866, 5fa7c213-d229-4dfb-b48e-377c0ca33348:192.168.164.201:37765, fa049fba-12b8-4e17-ac2d-38ea71bdd2ce:192.168.164.201:41821], old=null
2019-10-17 19:47:38,898 [32a164c3-8bb9-4158-a4d7-ada9eb729037@group-8BD2F7455A0F-LeaderElection98] INFO  impl.RaftServerImpl (RaftServerImpl.java:setRole(184)) - 32a164c3-8bb9-4158-a4d7-ada9eb729037@group-8BD2F7455A0F: changes role from CANDIDATE to FOLLOWER at term 40 for DISCOVERED_A_NEW_TERM
2019-10-17 19:47:38,898 [32a164c3-8bb9-4158-a4d7-ada9eb729037@group-8BD2F7455A0F-LeaderElection98] INFO  impl.RoleInfo (RoleInfo.java:shutdownLeaderElection(134)) - 32a164c3-8bb9-4158-a4d7-ada9eb729037: shutdown LeaderElection
2019-10-17 19:47:38,898 [32a164c3-8bb9-4158-a4d7-ada9eb729037@group-8BD2F7455A0F-LeaderElection98] INFO  impl.RoleInfo (RoleInfo.java:updateAndGet(143)) - 32a164c3-8bb9-4158-a4d7-ada9eb729037: start FollowerState
2019-10-17 19:47:38,915 [32a164c3-8bb9-4158-a4d7-ada9eb729037@group-4CC069B2961E-LeaderElection97] INFO  impl.LeaderElection (LeaderElection.java:logAndReturn(56)) - 32a164c3-8bb9-4158-a4d7-ada9eb729037@group-4CC069B2961E-LeaderElection97: Election REJECTED; received 2 response(s) [32a164c3-8bb9-4158-a4d7-ada9eb729037<-5fa7c213-d229-4dfb-b48e-377c0ca33348#0:FAIL-t56, 32a164c3-8bb9-4158-a4d7-ada9eb729037<-fa049fba-12b8-4e17-ac2d-38ea71bdd2ce#0:FAIL-t56] and 0 exception(s); 32a164c3-8bb9-4158-a4d7-ada9eb729037@group-4CC069B2961E:t56, leader=null, voted=32a164c3-8bb9-4158-a4d7-ada9eb729037, raftlog=32a164c3-8bb9-4158-a4d7-ada9eb729037@group-4CC069B2961E-SegmentedRaftLog:OPENED:c3,f4,i4, conf=0: [32a164c3-8bb9-4158-a4d7-ada9eb729037:192.168.164.201:42866, 5fa7c213-d229-4dfb-b48e-377c0ca33348:192.168.164.201:37765, fa049fba-12b8-4e17-ac2d-38ea71bdd2ce:192.168.164.201:41821], old=null
2019-10-17 19:47:38,915 [32a164c3-8bb9-4158-a4d7-ada9eb729037@group-4CC069B2961E-LeaderElection97] INFO  impl.RaftServerImpl (RaftServerImpl.java:setRole(184)) - 32a164c3-8bb9-4158-a4d7-ada9eb729037@group-4CC069B2961E: changes role from CANDIDATE to FOLLOWER at term 56 for DISCOVERED_A_NEW_TERM
2019-10-17 19:47:38,915 [32a164c3-8bb9-4158-a4d7-ada9eb729037@group-4CC069B2961E-LeaderElection97] INFO  impl.RoleInfo (RoleInfo.java:shutdownLeaderElection(134)) - 32a164c3-8bb9-4158-a4d7-ada9eb729037: shutdown LeaderElection
2019-10-17 19:47:38,915 [32a164c3-8bb9-4158-a4d7-ada9eb729037@group-4CC069B2961E-LeaderElection97] INFO  impl.RoleInfo (RoleInfo.java:updateAndGet(143)) - 32a164c3-8bb9-4158-a4d7-ada9eb729037: start FollowerState
2019-10-17 19:47:39,006 [BlockDeletingService#2] WARN  background.BlockDeletingService (BlockDeletingService.java:isDeletionAllowed(187)) - Close Container log Index 6 is not replicated across allthe servers in the pipeline adc40928-88ac-46dc-94be-4cc069b2961e as the min replicated index is 4. Deletion is not allowed in this container yet.
2019-10-17 19:47:39,006 [BlockDeletingService#3] WARN  background.BlockDeletingService (BlockDeletingService.java:isDeletionAllowed(187)) - Close Container log Index 6 is not replicated across allthe servers in the pipeline adc40928-88ac-46dc-94be-4cc069b2961e as the min replicated index is 4. Deletion is not allowed in this container yet.
2019-10-17 19:47:39,034 [Thread-1256] INFO  impl.FollowerState (FollowerState.java:run(108)) - 32a164c3-8bb9-4158-a4d7-ada9eb729037@group-8BD2F7455A0F-FollowerState: change to CANDIDATE, lastRpcTime:136ms, electionTimeout:136ms
2019-10-17 19:47:39,034 [Thread-1256] INFO  impl.RoleInfo (RoleInfo.java:shutdownFollowerState(121)) - 32a164c3-8bb9-4158-a4d7-ada9eb729037: shutdown FollowerState
2019-10-17 19:47:39,035 [Thread-1256] INFO  impl.RaftServerImpl (RaftServerImpl.java:setRole(184)) - 32a164c3-8bb9-4158-a4d7-ada9eb729037@group-8BD2F7455A0F: changes role from  FOLLOWER to CANDIDATE at term 40 for changeToCandidate
2019-10-17 19:47:39,035 [Thread-1256] INFO  impl.RoleInfo (RoleInfo.java:updateAndGet(143)) - 32a164c3-8bb9-4158-a4d7-ada9eb729037: start LeaderElection
2019-10-17 19:47:39,064 [32a164c3-8bb9-4158-a4d7-ada9eb729037@group-8BD2F7455A0F-LeaderElection99] INFO  impl.LeaderElection (LeaderElection.java:askForVotes(178)) - 32a164c3-8bb9-4158-a4d7-ada9eb729037@group-8BD2F7455A0F-LeaderElection99: begin an election at term 41 for -1: [32a164c3-8bb9-4158-a4d7-ada9eb729037:192.168.164.201:42866, 5fa7c213-d229-4dfb-b48e-377c0ca33348:192.168.164.201:37765, fa049fba-12b8-4e17-ac2d-38ea71bdd2ce:192.168.164.201:41821], old=null
2019-10-17 19:47:39,068 [grpc-default-executor-6] INFO  impl.RaftServerImpl (RaftServerImpl.java:setRole(184)) - 5fa7c213-d229-4dfb-b48e-377c0ca33348@group-8BD2F7455A0F: changes role from  FOLLOWER to FOLLOWER at term 41 for recognizeCandidate:32a164c3-8bb9-4158-a4d7-ada9eb729037
2019-10-17 19:47:39,068 [grpc-default-executor-6] INFO  impl.RoleInfo (RoleInfo.java:shutdownFollowerState(121)) - 5fa7c213-d229-4dfb-b48e-377c0ca33348: shutdown FollowerState
2019-10-17 19:47:39,068 [grpc-default-executor-7] INFO  impl.RaftServerImpl (RaftServerImpl.java:setRole(184)) - fa049fba-12b8-4e17-ac2d-38ea71bdd2ce@group-8BD2F7455A0F: changes role from  FOLLOWER to FOLLOWER at term 41 for recognizeCandidate:32a164c3-8bb9-4158-a4d7-ada9eb729037
2019-10-17 19:47:39,068 [Thread-1251] INFO  impl.FollowerState (FollowerState.java:run(117)) - 5fa7c213-d229-4dfb-b48e-377c0ca33348@group-8BD2F7455A0F-FollowerState was interrupted: java.lang.InterruptedException: sleep interrupted
2019-10-17 19:47:39,068 [grpc-default-executor-6] INFO  impl.RoleInfo (RoleInfo.java:updateAndGet(143)) - 5fa7c213-d229-4dfb-b48e-377c0ca33348: start FollowerState
2019-10-17 19:47:39,068 [grpc-default-executor-7] INFO  impl.RoleInfo (RoleInfo.java:shutdownFollowerState(121)) - fa049fba-12b8-4e17-ac2d-38ea71bdd2ce: shutdown FollowerState
2019-10-17 19:47:39,069 [grpc-default-executor-7] INFO  impl.RoleInfo (RoleInfo.java:updateAndGet(143)) - fa049fba-12b8-4e17-ac2d-38ea71bdd2ce: start FollowerState
2019-10-17 19:47:39,069 [Thread-1250] INFO  impl.FollowerState (FollowerState.java:run(117)) - fa049fba-12b8-4e17-ac2d-38ea71bdd2ce@group-8BD2F7455A0F-FollowerState was interrupted: java.lang.InterruptedException: sleep interrupted
2019-10-17 19:47:39,091 [32a164c3-8bb9-4158-a4d7-ada9eb729037@group-8BD2F7455A0F-LeaderElection99] INFO  impl.LeaderElection (LeaderElection.java:logAndReturn(56)) - 32a164c3-8bb9-4158-a4d7-ada9eb729037@group-8BD2F7455A0F-LeaderElection99: Election REJECTED; received 2 response(s) [32a164c3-8bb9-4158-a4d7-ada9eb729037<-5fa7c213-d229-4dfb-b48e-377c0ca33348#0:FAIL-t41, 32a164c3-8bb9-4158-a4d7-ada9eb729037<-fa049fba-12b8-4e17-ac2d-38ea71bdd2ce#0:FAIL-t41] and 0 exception(s); 32a164c3-8bb9-4158-a4d7-ada9eb729037@group-8BD2F7455A0F:t41, leader=null, voted=32a164c3-8bb9-4158-a4d7-ada9eb729037, raftlog=32a164c3-8bb9-4158-a4d7-ada9eb729037@group-8BD2F7455A0F-SegmentedRaftLog:OPENED:c-1,f-1,i0, conf=-1: [32a164c3-8bb9-4158-a4d7-ada9eb729037:192.168.164.201:42866, 5fa7c213-d229-4dfb-b48e-377c0ca33348:192.168.164.201:37765, fa049fba-12b8-4e17-ac2d-38ea71bdd2ce:192.168.164.201:41821], old=null
2019-10-17 19:47:39,091 [32a164c3-8bb9-4158-a4d7-ada9eb729037@group-8BD2F7455A0F-LeaderElection99] INFO  impl.RaftServerImpl (RaftServerImpl.java:setRole(184)) - 32a164c3-8bb9-4158-a4d7-ada9eb729037@group-8BD2F7455A0F: changes role from CANDIDATE to FOLLOWER at term 41 for DISCOVERED_A_NEW_TERM
2019-10-17 19:47:39,091 [32a164c3-8bb9-4158-a4d7-ada9eb729037@group-8BD2F7455A0F-LeaderElection99] INFO  impl.RoleInfo (RoleInfo.java:shutdownLeaderElection(134)) - 32a164c3-8bb9-4158-a4d7-ada9eb729037: shutdown LeaderElection
2019-10-17 19:47:39,091 [32a164c3-8bb9-4158-a4d7-ada9eb729037@group-8BD2F7455A0F-LeaderElection99] INFO  impl.RoleInfo (RoleInfo.java:updateAndGet(143)) - 32a164c3-8bb9-4158-a4d7-ada9eb729037: start FollowerState
2019-10-17 19:47:39,115 [Thread-1257] INFO  impl.FollowerState (FollowerState.java:run(108)) - 32a164c3-8bb9-4158-a4d7-ada9eb729037@group-4CC069B2961E-FollowerState: change to CANDIDATE, lastRpcTime:199ms, electionTimeout:199ms
2019-10-17 19:47:39,115 [Thread-1257] INFO  impl.RoleInfo (RoleInfo.java:shutdownFollowerState(121)) - 32a164c3-8bb9-4158-a4d7-ada9eb729037: shutdown FollowerState
2019-10-17 19:47:39,115 [Thread-1257] INFO  impl.RaftServerImpl (RaftServerImpl.java:setRole(184)) - 32a164c3-8bb9-4158-a4d7-ada9eb729037@group-4CC069B2961E: changes role from  FOLLOWER to CANDIDATE at term 56 for changeToCandidate
2019-10-17 19:47:39,115 [Thread-1257] INFO  impl.RoleInfo (RoleInfo.java:updateAndGet(143)) - 32a164c3-8bb9-4158-a4d7-ada9eb729037: start LeaderElection
]]></system-out>
    <system-err><![CDATA[ERROR StatusLogger No Log4j 2 configuration file found. Using default configuration (logging only errors to the console), or user programmatically provided configurations. Set system property 'log4j2.debug' to show Log4j 2 internal initialization logging. See https://logging.apache.org/log4j/2.x/manual/configuration.html for instructions on how to configure Log4j 2
Oct 17, 2019 7:45:52 PM org.apache.ratis.thirdparty.io.grpc.internal.SerializingExecutor run
SEVERE: Exception while executing runnable org.apache.ratis.thirdparty.io.grpc.internal.ServerImpl$JumpToApplicationThreadServerStreamListener$1Closed@2106191c
org.apache.ratis.thirdparty.io.grpc.StatusRuntimeException: CANCELLED: call already cancelled
	at org.apache.ratis.thirdparty.io.grpc.Status.asRuntimeException(Status.java:517)
	at org.apache.ratis.thirdparty.io.grpc.stub.ServerCalls$ServerCallStreamObserverImpl.onCompleted(ServerCalls.java:356)
	at org.apache.ratis.grpc.server.GrpcServerProtocolService$ServerRequestStreamObserver.onError(GrpcServerProtocolService.java:121)
	at org.apache.ratis.thirdparty.io.grpc.stub.ServerCalls$StreamingServerCallHandler$StreamingServerCallListener.onCancel(ServerCalls.java:269)
	at org.apache.ratis.thirdparty.io.grpc.internal.ServerCallImpl$ServerStreamListenerImpl.closed(ServerCallImpl.java:293)
	at org.apache.ratis.thirdparty.io.grpc.internal.ServerImpl$JumpToApplicationThreadServerStreamListener$1Closed.runInContext(ServerImpl.java:741)
	at org.apache.ratis.thirdparty.io.grpc.internal.ContextRunnable.run(ContextRunnable.java:37)
	at org.apache.ratis.thirdparty.io.grpc.internal.SerializingExecutor.run(SerializingExecutor.java:123)
	at java.util.concurrent.ThreadPoolExecutor.runWorker(ThreadPoolExecutor.java:1149)
	at java.util.concurrent.ThreadPoolExecutor$Worker.run(ThreadPoolExecutor.java:624)
	at java.lang.Thread.run(Thread.java:748)

Oct 17, 2019 7:45:52 PM org.apache.ratis.thirdparty.io.grpc.internal.SerializingExecutor run
SEVERE: Exception while executing runnable org.apache.ratis.thirdparty.io.grpc.internal.ClientCallImpl$ClientStreamListenerImpl$1StreamClosed@38493c50
java.lang.NullPointerException
	at org.apache.ratis.grpc.server.GrpcLogAppender$AppendLogResponseHandler.onError(GrpcLogAppender.java:303)
	at org.apache.ratis.thirdparty.io.grpc.stub.ClientCalls$StreamObserverToCallListenerAdapter.onClose(ClientCalls.java:434)
	at org.apache.ratis.thirdparty.io.grpc.PartialForwardingClientCallListener.onClose(PartialForwardingClientCallListener.java:39)
	at org.apache.ratis.thirdparty.io.grpc.ForwardingClientCallListener.onClose(ForwardingClientCallListener.java:23)
	at org.apache.ratis.thirdparty.io.grpc.ForwardingClientCallListener$SimpleForwardingClientCallListener.onClose(ForwardingClientCallListener.java:40)
	at org.apache.ratis.thirdparty.io.grpc.internal.CensusStatsModule$StatsClientInterceptor$1$1.onClose(CensusStatsModule.java:678)
	at org.apache.ratis.thirdparty.io.grpc.PartialForwardingClientCallListener.onClose(PartialForwardingClientCallListener.java:39)
	at org.apache.ratis.thirdparty.io.grpc.ForwardingClientCallListener.onClose(ForwardingClientCallListener.java:23)
	at org.apache.ratis.thirdparty.io.grpc.ForwardingClientCallListener$SimpleForwardingClientCallListener.onClose(ForwardingClientCallListener.java:40)
	at org.apache.ratis.thirdparty.io.grpc.internal.CensusTracingModule$TracingClientInterceptor$1$1.onClose(CensusTracingModule.java:397)
	at org.apache.ratis.thirdparty.io.grpc.internal.ClientCallImpl.closeObserver(ClientCallImpl.java:459)
	at org.apache.ratis.thirdparty.io.grpc.internal.ClientCallImpl.access$300(ClientCallImpl.java:63)
	at org.apache.ratis.thirdparty.io.grpc.internal.ClientCallImpl$ClientStreamListenerImpl.close(ClientCallImpl.java:546)
	at org.apache.ratis.thirdparty.io.grpc.internal.ClientCallImpl$ClientStreamListenerImpl.access$600(ClientCallImpl.java:467)
	at org.apache.ratis.thirdparty.io.grpc.internal.ClientCallImpl$ClientStreamListenerImpl$1StreamClosed.runInContext(ClientCallImpl.java:584)
	at org.apache.ratis.thirdparty.io.grpc.internal.ContextRunnable.run(ContextRunnable.java:37)
	at org.apache.ratis.thirdparty.io.grpc.internal.SerializingExecutor.run(SerializingExecutor.java:123)
	at java.util.concurrent.ThreadPoolExecutor.runWorker(ThreadPoolExecutor.java:1149)
	at java.util.concurrent.ThreadPoolExecutor$Worker.run(ThreadPoolExecutor.java:624)
	at java.lang.Thread.run(Thread.java:748)

]]></system-err>
  </testcase>
</testsuite>