<?xml version="1.0" encoding="UTF-8"?>
<testsuite xmlns:xsi="http://www.w3.org/2001/XMLSchema-instance" xsi:noNamespaceSchemaLocation="https://maven.apache.org/surefire/maven-surefire-plugin/xsd/surefire-test-report.xsd" name="org.apache.hadoop.ozone.client.rpc.TestOzoneRpcClientWithRatis" time="36.431" tests="70" errors="17" skipped="2" failures="0">
  <properties>
    <property name="awt.toolkit" value="sun.awt.X11.XToolkit"/>
    <property name="file.encoding.pkg" value="sun.io"/>
    <property name="java.specification.version" value="1.8"/>
    <property name="sun.cpu.isalist" value=""/>
    <property name="sun.jnu.encoding" value="ANSI_X3.4-1968"/>
    <property name="java.class.path" value="/workdir/hadoop-ozone/integration-test/target/test-classes:/workdir/hadoop-ozone/integration-test/target/classes:/home/user/.m2/repository/org/apache/hadoop/hadoop-ozone-common/0.5.0-SNAPSHOT/hadoop-ozone-common-0.5.0-SNAPSHOT.jar:/home/user/.m2/repository/org/apache/commons/commons-compress/1.4.1/commons-compress-1.4.1.jar:/home/user/.m2/repository/org/tukaani/xz/1.0/xz-1.0.jar:/home/user/.m2/repository/org/apache/hadoop/hadoop-common/3.2.0/hadoop-common-3.2.0.jar:/home/user/.m2/repository/org/apache/hadoop/hadoop-hdfs/3.2.0/hadoop-hdfs-3.2.0.jar:/home/user/.m2/repository/org/apache/hadoop/hadoop-hdfs-client/3.2.0/hadoop-hdfs-client-3.2.0.jar:/home/user/.m2/repository/com/fasterxml/jackson/core/jackson-annotations/2.9.9/jackson-annotations-2.9.9.jar:/home/user/.m2/repository/org/apache/hadoop/hadoop-hdds-common/0.5.0-SNAPSHOT/hadoop-hdds-common-0.5.0-SNAPSHOT.jar:/home/user/.m2/repository/javax/annotation/javax.annotation-api/1.2/javax.annotation-api-1.2.jar:/home/user/.m2/repository/org/apache/ratis/ratis-server/0.5.0-3f446aa-SNAPSHOT/ratis-server-0.5.0-3f446aa-SNAPSHOT.jar:/home/user/.m2/repository/org/apache/ratis/ratis-thirdparty-misc/0.2.0/ratis-thirdparty-misc-0.2.0.jar:/home/user/.m2/repository/org/apache/ratis/ratis-proto/0.5.0-3f446aa-SNAPSHOT/ratis-proto-0.5.0-3f446aa-SNAPSHOT.jar:/home/user/.m2/repository/org/apache/ratis/ratis-common/0.5.0-3f446aa-SNAPSHOT/ratis-common-0.5.0-3f446aa-SNAPSHOT.jar:/home/user/.m2/repository/org/apache/ratis/ratis-client/0.5.0-3f446aa-SNAPSHOT/ratis-client-0.5.0-3f446aa-SNAPSHOT.jar:/home/user/.m2/repository/org/apache/ratis/ratis-metrics/0.5.0-3f446aa-SNAPSHOT/ratis-metrics-0.5.0-3f446aa-SNAPSHOT.jar:/home/user/.m2/repository/com/github/joshelser/dropwizard-metrics-hadoop-metrics2-reporter/0.1.2/dropwizard-metrics-hadoop-metrics2-reporter-0.1.2.jar:/home/user/.m2/repository/io/dropwizard/metrics/metrics-jvm/3.2.5/metrics-jvm-3.2.5.jar:/home/user/.m2/repository/io/dropwizard/metrics/metrics-ganglia/3.2.5/metrics-ganglia-3.2.5.jar:/home/user/.m2/repository/info/ganglia/gmetric4j/gmetric4j/1.0.7/gmetric4j-1.0.7.jar:/home/user/.m2/repository/org/apache/ratis/ratis-netty/0.5.0-3f446aa-SNAPSHOT/ratis-netty-0.5.0-3f446aa-SNAPSHOT.jar:/home/user/.m2/repository/org/apache/ratis/ratis-grpc/0.5.0-3f446aa-SNAPSHOT/ratis-grpc-0.5.0-3f446aa-SNAPSHOT.jar:/home/user/.m2/repository/org/rocksdb/rocksdbjni/6.0.1/rocksdbjni-6.0.1.jar:/home/user/.m2/repository/org/apache/logging/log4j/log4j-api/2.11.0/log4j-api-2.11.0.jar:/home/user/.m2/repository/org/apache/logging/log4j/log4j-core/2.11.0/log4j-core-2.11.0.jar:/home/user/.m2/repository/com/lmax/disruptor/3.4.2/disruptor-3.4.2.jar:/home/user/.m2/repository/org/apache/commons/commons-pool2/2.6.0/commons-pool2-2.6.0.jar:/home/user/.m2/repository/org/bouncycastle/bcpkix-jdk15on/1.60/bcpkix-jdk15on-1.60.jar:/home/user/.m2/repository/commons-validator/commons-validator/1.6/commons-validator-1.6.jar:/home/user/.m2/repository/commons-digester/commons-digester/1.8.1/commons-digester-1.8.1.jar:/home/user/.m2/repository/io/jaegertracing/jaeger-client/0.34.0/jaeger-client-0.34.0.jar:/home/user/.m2/repository/io/jaegertracing/jaeger-thrift/0.34.0/jaeger-thrift-0.34.0.jar:/home/user/.m2/repository/org/apache/thrift/libthrift/0.12.0/libthrift-0.12.0.jar:/home/user/.m2/repository/com/squareup/okhttp3/okhttp/3.9.0/okhttp-3.9.0.jar:/home/user/.m2/repository/com/squareup/okio/okio/1.13.0/okio-1.13.0.jar:/home/user/.m2/repository/io/jaegertracing/jaeger-core/0.34.0/jaeger-core-0.34.0.jar:/home/user/.m2/repository/io/jaegertracing/jaeger-tracerresolver/0.34.0/jaeger-tracerresolver-0.34.0.jar:/home/user/.m2/repository/io/opentracing/contrib/opentracing-tracerresolver/0.1.5/opentracing-tracerresolver-0.1.5.jar:/home/user/.m2/repository/io/opentracing/opentracing-util/0.31.0/opentracing-util-0.31.0.jar:/home/user/.m2/repository/io/opentracing/opentracing-api/0.31.0/opentracing-api-0.31.0.jar:/home/user/.m2/repository/io/opentracing/opentracing-noop/0.31.0/opentracing-noop-0.31.0.jar:/home/user/.m2/repository/org/apache/hadoop/hadoop-hdds-server-framework/0.5.0-SNAPSHOT/hadoop-hdds-server-framework-0.5.0-SNAPSHOT.jar:/home/user/.m2/repository/org/apache/hadoop/hadoop-hdds-container-service/0.5.0-SNAPSHOT/hadoop-hdds-container-service-0.5.0-SNAPSHOT.jar:/home/user/.m2/repository/org/apache/hadoop/hadoop-hdds-client/0.5.0-SNAPSHOT/hadoop-hdds-client-0.5.0-SNAPSHOT.jar:/home/user/.m2/repository/org/apache/hadoop/hadoop-hdds-tools/0.5.0-SNAPSHOT/hadoop-hdds-tools-0.5.0-SNAPSHOT.jar:/home/user/.m2/repository/org/apache/hadoop/hadoop-hdds-server-scm/0.5.0-SNAPSHOT/hadoop-hdds-server-scm-0.5.0-SNAPSHOT.jar:/home/user/.m2/repository/org/apache/hadoop/hadoop-hdds-docs/0.5.0-SNAPSHOT/hadoop-hdds-docs-0.5.0-SNAPSHOT.jar:/home/user/.m2/repository/io/dropwizard/metrics/metrics-core/3.2.4/metrics-core-3.2.4.jar:/home/user/.m2/repository/org/hamcrest/hamcrest-all/1.3/hamcrest-all-1.3.jar:/home/user/.m2/repository/org/bouncycastle/bcprov-jdk15on/1.60/bcprov-jdk15on-1.60.jar:/home/user/.m2/repository/info/picocli/picocli/3.9.6/picocli-3.9.6.jar:/home/user/.m2/repository/com/google/protobuf/protobuf-java/2.5.0/protobuf-java-2.5.0.jar:/home/user/.m2/repository/com/google/guava/guava/11.0.2/guava-11.0.2.jar:/home/user/.m2/repository/org/apache/hadoop/hadoop-ozone-ozone-manager/0.5.0-SNAPSHOT/hadoop-ozone-ozone-manager-0.5.0-SNAPSHOT.jar:/home/user/.m2/repository/org/apache/hadoop/hadoop-minikdc/3.2.0/hadoop-minikdc-3.2.0.jar:/home/user/.m2/repository/commons-io/commons-io/2.5/commons-io-2.5.jar:/home/user/.m2/repository/org/apache/kerby/kerb-simplekdc/1.0.1/kerb-simplekdc-1.0.1.jar:/home/user/.m2/repository/org/apache/kerby/kerb-client/1.0.1/kerb-client-1.0.1.jar:/home/user/.m2/repository/org/apache/kerby/kerby-config/1.0.1/kerby-config-1.0.1.jar:/home/user/.m2/repository/org/apache/kerby/kerb-core/1.0.1/kerb-core-1.0.1.jar:/home/user/.m2/repository/org/apache/kerby/kerby-pkix/1.0.1/kerby-pkix-1.0.1.jar:/home/user/.m2/repository/org/apache/kerby/kerby-asn1/1.0.1/kerby-asn1-1.0.1.jar:/home/user/.m2/repository/org/apache/kerby/kerby-util/1.0.1/kerby-util-1.0.1.jar:/home/user/.m2/repository/org/apache/kerby/kerb-common/1.0.1/kerb-common-1.0.1.jar:/home/user/.m2/repository/org/apache/kerby/kerb-crypto/1.0.1/kerb-crypto-1.0.1.jar:/home/user/.m2/repository/org/apache/kerby/kerb-util/1.0.1/kerb-util-1.0.1.jar:/home/user/.m2/repository/org/apache/kerby/token-provider/1.0.1/token-provider-1.0.1.jar:/home/user/.m2/repository/org/apache/kerby/kerb-admin/1.0.1/kerb-admin-1.0.1.jar:/home/user/.m2/repository/org/apache/kerby/kerb-server/1.0.1/kerb-server-1.0.1.jar:/home/user/.m2/repository/org/apache/kerby/kerb-identity/1.0.1/kerb-identity-1.0.1.jar:/home/user/.m2/repository/org/apache/kerby/kerby-xdr/1.0.1/kerby-xdr-1.0.1.jar:/home/user/.m2/repository/org/slf4j/slf4j-log4j12/1.7.25/slf4j-log4j12-1.7.25.jar:/home/user/.m2/repository/org/apache/hadoop/hadoop-ozone-s3gateway/0.5.0-SNAPSHOT/hadoop-ozone-s3gateway-0.5.0-SNAPSHOT.jar:/home/user/.m2/repository/org/jboss/weld/servlet/weld-servlet/2.4.7.Final/weld-servlet-2.4.7.Final.jar:/home/user/.m2/repository/org/glassfish/jersey/containers/jersey-container-servlet-core/2.27/jersey-container-servlet-core-2.27.jar:/home/user/.m2/repository/org/glassfish/hk2/external/javax.inject/2.5.0-b42/javax.inject-2.5.0-b42.jar:/home/user/.m2/repository/org/glassfish/jersey/core/jersey-common/2.27/jersey-common-2.27.jar:/home/user/.m2/repository/org/glassfish/hk2/osgi-resource-locator/1.0.1/osgi-resource-locator-1.0.1.jar:/home/user/.m2/repository/javax/ws/rs/javax.ws.rs-api/2.1/javax.ws.rs-api-2.1.jar:/home/user/.m2/repository/org/glassfish/jersey/ext/cdi/jersey-cdi1x/2.27/jersey-cdi1x-2.27.jar:/home/user/.m2/repository/org/glassfish/jersey/inject/jersey-hk2/2.27/jersey-hk2-2.27.jar:/home/user/.m2/repository/org/glassfish/hk2/hk2-locator/2.5.0-b42/hk2-locator-2.5.0-b42.jar:/home/user/.m2/repository/org/javassist/javassist/3.22.0-CR2/javassist-3.22.0-CR2.jar:/home/user/.m2/repository/org/glassfish/hk2/hk2-api/2.5.0/hk2-api-2.5.0.jar:/home/user/.m2/repository/org/glassfish/hk2/external/jakarta.inject/2.5.0/jakarta.inject-2.5.0.jar:/home/user/.m2/repository/org/glassfish/hk2/hk2-utils/2.5.0/hk2-utils-2.5.0.jar:/home/user/.m2/repository/jakarta/annotation/jakarta.annotation-api/1.3.4/jakarta.annotation-api-1.3.4.jar:/home/user/.m2/repository/org/glassfish/hk2/external/aopalliance-repackaged/2.5.0/aopalliance-repackaged-2.5.0.jar:/home/user/.m2/repository/com/fasterxml/jackson/dataformat/jackson-dataformat-xml/2.9.0/jackson-dataformat-xml-2.9.0.jar:/home/user/.m2/repository/com/fasterxml/jackson/core/jackson-core/2.9.9/jackson-core-2.9.9.jar:/home/user/.m2/repository/com/fasterxml/jackson/module/jackson-module-jaxb-annotations/2.9.9/jackson-module-jaxb-annotations-2.9.9.jar:/home/user/.m2/repository/javax/enterprise/cdi-api/1.2/cdi-api-1.2.jar:/home/user/.m2/repository/javax/el/javax.el-api/3.0.0/javax.el-api-3.0.0.jar:/home/user/.m2/repository/javax/interceptor/javax.interceptor-api/1.2/javax.interceptor-api-1.2.jar:/home/user/.m2/repository/javax/inject/javax.inject/1/javax.inject-1.jar:/home/user/.m2/repository/com/sun/xml/bind/jaxb-impl/2.3.0.1/jaxb-impl-2.3.0.1.jar:/home/user/.m2/repository/com/sun/xml/bind/jaxb-core/2.3.0.1/jaxb-core-2.3.0.1.jar:/home/user/.m2/repository/javax/xml/bind/jaxb-api/2.3.0/jaxb-api-2.3.0.jar:/home/user/.m2/repository/javax/activation/activation/1.1.1/activation-1.1.1.jar:/home/user/.m2/repository/org/apache/hadoop/hadoop-ozone-csi/0.5.0-SNAPSHOT/hadoop-ozone-csi-0.5.0-SNAPSHOT.jar:/home/user/.m2/repository/com/google/protobuf/protobuf-java-util/3.5.1/protobuf-java-util-3.5.1.jar:/home/user/.m2/repository/org/apache/hadoop/hadoop-hdds-config/0.5.0-SNAPSHOT/hadoop-hdds-config-0.5.0-SNAPSHOT.jar:/home/user/.m2/repository/io/grpc/grpc-netty/1.17.1/grpc-netty-1.17.1.jar:/home/user/.m2/repository/io/grpc/grpc-core/1.17.1/grpc-core-1.17.1.jar:/home/user/.m2/repository/io/grpc/grpc-context/1.17.1/grpc-context-1.17.1.jar:/home/user/.m2/repository/com/google/errorprone/error_prone_annotations/2.2.0/error_prone_annotations-2.2.0.jar:/home/user/.m2/repository/org/codehaus/mojo/animal-sniffer-annotations/1.17/animal-sniffer-annotations-1.17.jar:/home/user/.m2/repository/io/opencensus/opencensus-api/0.17.0/opencensus-api-0.17.0.jar:/home/user/.m2/repository/io/opencensus/opencensus-contrib-grpc-metrics/0.17.0/opencensus-contrib-grpc-metrics-0.17.0.jar:/home/user/.m2/repository/io/netty/netty-codec-http2/4.1.30.Final/netty-codec-http2-4.1.30.Final.jar:/home/user/.m2/repository/io/netty/netty-codec-http/4.1.30.Final/netty-codec-http-4.1.30.Final.jar:/home/user/.m2/repository/io/netty/netty-codec/4.1.30.Final/netty-codec-4.1.30.Final.jar:/home/user/.m2/repository/io/netty/netty-handler/4.1.30.Final/netty-handler-4.1.30.Final.jar:/home/user/.m2/repository/io/netty/netty-handler-proxy/4.1.30.Final/netty-handler-proxy-4.1.30.Final.jar:/home/user/.m2/repository/io/netty/netty-codec-socks/4.1.30.Final/netty-codec-socks-4.1.30.Final.jar:/home/user/.m2/repository/io/netty/netty-transport-native-epoll/4.1.30.Final/netty-transport-native-epoll-4.1.30.Final.jar:/home/user/.m2/repository/io/netty/netty-common/4.1.30.Final/netty-common-4.1.30.Final.jar:/home/user/.m2/repository/io/netty/netty-buffer/4.1.30.Final/netty-buffer-4.1.30.Final.jar:/home/user/.m2/repository/io/netty/netty-transport/4.1.30.Final/netty-transport-4.1.30.Final.jar:/home/user/.m2/repository/io/netty/netty-resolver/4.1.30.Final/netty-resolver-4.1.30.Final.jar:/home/user/.m2/repository/io/netty/netty-transport-native-unix-common/4.1.30.Final/netty-transport-native-unix-common-4.1.30.Final.jar:/home/user/.m2/repository/io/grpc/grpc-protobuf/1.17.1/grpc-protobuf-1.17.1.jar:/home/user/.m2/repository/com/google/api/grpc/proto-google-common-protos/1.0.0/proto-google-common-protos-1.0.0.jar:/home/user/.m2/repository/io/grpc/grpc-protobuf-lite/1.17.1/grpc-protobuf-lite-1.17.1.jar:/home/user/.m2/repository/io/grpc/grpc-stub/1.17.1/grpc-stub-1.17.1.jar:/home/user/.m2/repository/org/apache/hadoop/hadoop-ozone-recon/0.5.0-SNAPSHOT/hadoop-ozone-recon-0.5.0-SNAPSHOT.jar:/home/user/.m2/repository/org/apache/hadoop/hadoop-ozone-reconcodegen/0.5.0-SNAPSHOT/hadoop-ozone-reconcodegen-0.5.0-SNAPSHOT.jar:/home/user/.m2/repository/com/google/inject/extensions/guice-multibindings/4.0/guice-multibindings-4.0.jar:/home/user/.m2/repository/com/google/inject/guice/4.0/guice-4.0.jar:/home/user/.m2/repository/aopalliance/aopalliance/1.0/aopalliance-1.0.jar:/home/user/.m2/repository/com/google/inject/extensions/guice-servlet/4.0/guice-servlet-4.0.jar:/home/user/.m2/repository/org/glassfish/jersey/containers/jersey-container-servlet/2.27/jersey-container-servlet-2.27.jar:/home/user/.m2/repository/org/glassfish/hk2/guice-bridge/2.5.0/guice-bridge-2.5.0.jar:/home/user/.m2/repository/org/glassfish/jersey/core/jersey-server/2.27/jersey-server-2.27.jar:/home/user/.m2/repository/org/glassfish/jersey/core/jersey-client/2.27/jersey-client-2.27.jar:/home/user/.m2/repository/org/glassfish/jersey/media/jersey-media-jaxb/2.27/jersey-media-jaxb-2.27.jar:/home/user/.m2/repository/javax/validation/validation-api/1.1.0.Final/validation-api-1.1.0.Final.jar:/home/user/.m2/repository/org/glassfish/jersey/media/jersey-media-json-jackson/2.27/jersey-media-json-jackson-2.27.jar:/home/user/.m2/repository/org/glassfish/jersey/ext/jersey-entity-filtering/2.27/jersey-entity-filtering-2.27.jar:/home/user/.m2/repository/com/google/inject/extensions/guice-assistedinject/4.0/guice-assistedinject-4.0.jar:/home/user/.m2/repository/org/jooq/jooq/3.11.10/jooq-3.11.10.jar:/home/user/.m2/repository/org/jooq/jooq-meta/3.11.10/jooq-meta-3.11.10.jar:/home/user/.m2/repository/org/jooq/jooq-codegen/3.11.10/jooq-codegen-3.11.10.jar:/home/user/.m2/repository/com/jolbox/bonecp/0.8.0.RELEASE/bonecp-0.8.0.RELEASE.jar:/home/user/.m2/repository/org/xerial/sqlite-jdbc/3.25.2/sqlite-jdbc-3.25.2.jar:/home/user/.m2/repository/org/springframework/spring-jdbc/5.1.3.RELEASE/spring-jdbc-5.1.3.RELEASE.jar:/home/user/.m2/repository/org/springframework/spring-beans/5.1.3.RELEASE/spring-beans-5.1.3.RELEASE.jar:/home/user/.m2/repository/org/springframework/spring-core/5.1.3.RELEASE/spring-core-5.1.3.RELEASE.jar:/home/user/.m2/repository/org/springframework/spring-jcl/5.1.3.RELEASE/spring-jcl-5.1.3.RELEASE.jar:/home/user/.m2/repository/org/springframework/spring-tx/5.1.3.RELEASE/spring-tx-5.1.3.RELEASE.jar:/home/user/.m2/repository/org/apache/hadoop/hadoop-ozone-client/0.5.0-SNAPSHOT/hadoop-ozone-client-0.5.0-SNAPSHOT.jar:/home/user/.m2/repository/commons-lang/commons-lang/2.6/commons-lang-2.6.jar:/home/user/.m2/repository/org/apache/hadoop/hadoop-ozone-ozone-manager/0.5.0-SNAPSHOT/hadoop-ozone-ozone-manager-0.5.0-SNAPSHOT-tests.jar:/home/user/.m2/repository/junit/junit/4.11/junit-4.11.jar:/home/user/.m2/repository/org/hamcrest/hamcrest-core/1.3/hamcrest-core-1.3.jar:/home/user/.m2/repository/org/openjdk/jmh/jmh-core/1.19/jmh-core-1.19.jar:/home/user/.m2/repository/net/sf/jopt-simple/jopt-simple/4.6/jopt-simple-4.6.jar:/home/user/.m2/repository/org/apache/commons/commons-math3/3.1.1/commons-math3-3.1.1.jar:/home/user/.m2/repository/org/openjdk/jmh/jmh-generator-annprocess/1.19/jmh-generator-annprocess-1.19.jar:/home/user/.m2/repository/org/mockito/mockito-all/1.8.5/mockito-all-1.8.5.jar:/home/user/.m2/repository/org/apache/hadoop/hadoop-kms/3.2.0/hadoop-kms-3.2.0.jar:/home/user/.m2/repository/org/apache/hadoop/hadoop-auth/3.2.0/hadoop-auth-3.2.0.jar:/home/user/.m2/repository/com/nimbusds/nimbus-jose-jwt/4.41.1/nimbus-jose-jwt-4.41.1.jar:/home/user/.m2/repository/com/github/stephenc/jcip/jcip-annotations/1.0-1/jcip-annotations-1.0-1.jar:/home/user/.m2/repository/net/minidev/json-smart/2.3/json-smart-2.3.jar:/home/user/.m2/repository/net/minidev/accessors-smart/1.2/accessors-smart-1.2.jar:/home/user/.m2/repository/org/ow2/asm/asm/5.0.4/asm-5.0.4.jar:/home/user/.m2/repository/org/apache/curator/curator-framework/2.12.0/curator-framework-2.12.0.jar:/home/user/.m2/repository/com/sun/jersey/jersey-core/1.19/jersey-core-1.19.jar:/home/user/.m2/repository/javax/ws/rs/jsr311-api/1.1.1/jsr311-api-1.1.1.jar:/home/user/.m2/repository/com/sun/jersey/jersey-server/1.19/jersey-server-1.19.jar:/home/user/.m2/repository/javax/servlet/javax.servlet-api/3.1.0/javax.servlet-api-3.1.0.jar:/home/user/.m2/repository/org/eclipse/jetty/jetty-server/9.3.25.v20180904/jetty-server-9.3.25.v20180904.jar:/home/user/.m2/repository/org/eclipse/jetty/jetty-http/9.3.25.v20180904/jetty-http-9.3.25.v20180904.jar:/home/user/.m2/repository/org/eclipse/jetty/jetty-io/9.3.25.v20180904/jetty-io-9.3.25.v20180904.jar:/home/user/.m2/repository/org/eclipse/jetty/jetty-webapp/9.3.25.v20180904/jetty-webapp-9.3.25.v20180904.jar:/home/user/.m2/repository/org/eclipse/jetty/jetty-xml/9.3.25.v20180904/jetty-xml-9.3.25.v20180904.jar:/home/user/.m2/repository/log4j/log4j/1.2.17/log4j-1.2.17.jar:/home/user/.m2/repository/org/slf4j/slf4j-api/1.7.25/slf4j-api-1.7.25.jar:/home/user/.m2/repository/org/slf4j/jul-to-slf4j/1.7.25/jul-to-slf4j-1.7.25.jar:/home/user/.m2/repository/org/eclipse/jetty/jetty-util/9.3.25.v20180904/jetty-util-9.3.25.v20180904.jar:/home/user/.m2/repository/com/fasterxml/jackson/core/jackson-databind/2.9.9/jackson-databind-2.9.9.jar:/home/user/.m2/repository/org/apache/hadoop/hadoop-kms/3.2.0/hadoop-kms-3.2.0-tests.jar:/home/user/.m2/repository/org/apache/hadoop/hadoop-hdds-server-scm/0.5.0-SNAPSHOT/hadoop-hdds-server-scm-0.5.0-SNAPSHOT-tests.jar:/home/user/.m2/repository/org/apache/hadoop/hadoop-hdds-container-service/0.5.0-SNAPSHOT/hadoop-hdds-container-service-0.5.0-SNAPSHOT-tests.jar:/home/user/.m2/repository/org/yaml/snakeyaml/1.16/snakeyaml-1.16.jar:/home/user/.m2/repository/org/apache/hadoop/hadoop-common/3.2.0/hadoop-common-3.2.0-tests.jar:/home/user/.m2/repository/org/apache/hadoop/hadoop-annotations/3.2.0/hadoop-annotations-3.2.0.jar:/usr/lib/jvm/java-1.8.0-openjdk-1.8.0.222.b10-1.el7_7.x86_64/jre/../lib/tools.jar:/home/user/.m2/repository/commons-cli/commons-cli/1.2/commons-cli-1.2.jar:/home/user/.m2/repository/org/apache/httpcomponents/httpclient/4.5.2/httpclient-4.5.2.jar:/home/user/.m2/repository/org/apache/httpcomponents/httpcore/4.4.4/httpcore-4.4.4.jar:/home/user/.m2/repository/commons-codec/commons-codec/1.11/commons-codec-1.11.jar:/home/user/.m2/repository/commons-net/commons-net/3.6/commons-net-3.6.jar:/home/user/.m2/repository/commons-collections/commons-collections/3.2.2/commons-collections-3.2.2.jar:/home/user/.m2/repository/org/eclipse/jetty/jetty-servlet/9.3.25.v20180904/jetty-servlet-9.3.25.v20180904.jar:/home/user/.m2/repository/org/eclipse/jetty/jetty-security/9.3.25.v20180904/jetty-security-9.3.25.v20180904.jar:/home/user/.m2/repository/javax/servlet/jsp/jsp-api/2.1/jsp-api-2.1.jar:/home/user/.m2/repository/com/sun/jersey/jersey-servlet/1.19/jersey-servlet-1.19.jar:/home/user/.m2/repository/com/sun/jersey/jersey-json/1.19/jersey-json-1.19.jar:/home/user/.m2/repository/org/codehaus/jettison/jettison/1.1/jettison-1.1.jar:/home/user/.m2/repository/org/codehaus/jackson/jackson-core-asl/1.9.13/jackson-core-asl-1.9.13.jar:/home/user/.m2/repository/org/codehaus/jackson/jackson-mapper-asl/1.9.13/jackson-mapper-asl-1.9.13.jar:/home/user/.m2/repository/org/codehaus/jackson/jackson-jaxrs/1.9.13/jackson-jaxrs-1.9.13.jar:/home/user/.m2/repository/org/codehaus/jackson/jackson-xc/1.9.13/jackson-xc-1.9.13.jar:/home/user/.m2/repository/commons-logging/commons-logging/1.1.3/commons-logging-1.1.3.jar:/home/user/.m2/repository/commons-beanutils/commons-beanutils/1.9.4/commons-beanutils-1.9.4.jar:/home/user/.m2/repository/org/apache/commons/commons-configuration2/2.1.1/commons-configuration2-2.1.1.jar:/home/user/.m2/repository/org/apache/commons/commons-lang3/3.7/commons-lang3-3.7.jar:/home/user/.m2/repository/org/apache/commons/commons-text/1.4/commons-text-1.4.jar:/home/user/.m2/repository/org/apache/avro/avro/1.7.7/avro-1.7.7.jar:/home/user/.m2/repository/com/thoughtworks/paranamer/paranamer/2.3/paranamer-2.3.jar:/home/user/.m2/repository/org/xerial/snappy/snappy-java/1.0.5/snappy-java-1.0.5.jar:/home/user/.m2/repository/com/google/re2j/re2j/1.1/re2j-1.1.jar:/home/user/.m2/repository/com/google/code/gson/gson/2.2.4/gson-2.2.4.jar:/home/user/.m2/repository/com/jcraft/jsch/0.1.54/jsch-0.1.54.jar:/home/user/.m2/repository/org/apache/curator/curator-client/2.12.0/curator-client-2.12.0.jar:/home/user/.m2/repository/org/apache/curator/curator-recipes/2.12.0/curator-recipes-2.12.0.jar:/home/user/.m2/repository/com/google/code/findbugs/jsr305/3.0.0/jsr305-3.0.0.jar:/home/user/.m2/repository/org/apache/htrace/htrace-core4/4.1.0-incubating/htrace-core4-4.1.0-incubating.jar:/home/user/.m2/repository/org/apache/zookeeper/zookeeper/3.4.13/zookeeper-3.4.13.jar:/home/user/.m2/repository/jline/jline/0.9.94/jline-0.9.94.jar:/home/user/.m2/repository/org/apache/yetus/audience-annotations/0.5.0/audience-annotations-0.5.0.jar:/home/user/.m2/repository/org/codehaus/woodstox/stax2-api/3.1.4/stax2-api-3.1.4.jar:/home/user/.m2/repository/com/fasterxml/woodstox/woodstox-core/5.0.3/woodstox-core-5.0.3.jar:/home/user/.m2/repository/dnsjava/dnsjava/2.1.7/dnsjava-2.1.7.jar:/home/user/.m2/repository/org/apache/hadoop/hadoop-hdfs/3.2.0/hadoop-hdfs-3.2.0-tests.jar:/home/user/.m2/repository/org/eclipse/jetty/jetty-util-ajax/9.3.25.v20180904/jetty-util-ajax-9.3.25.v20180904.jar:/home/user/.m2/repository/commons-daemon/commons-daemon/1.0.13/commons-daemon-1.0.13.jar:/home/user/.m2/repository/io/netty/netty/3.10.5.Final/netty-3.10.5.Final.jar:/home/user/.m2/repository/io/netty/netty-all/4.0.52.Final/netty-all-4.0.52.Final.jar:/home/user/.m2/repository/org/fusesource/leveldbjni/leveldbjni-all/1.8/leveldbjni-all-1.8.jar:"/>
    <property name="java.vm.vendor" value="Oracle Corporation"/>
    <property name="sun.arch.data.model" value="64"/>
    <property name="test.build.dir" value="/workdir/hadoop-ozone/integration-test/target/test-dir"/>
    <property name="test.cache.data" value=""/>
    <property name="java.vendor.url" value="http://java.oracle.com/"/>
    <property name="user.timezone" value=""/>
    <property name="java.vm.specification.version" value="1.8"/>
    <property name="os.name" value="Linux"/>
    <property name="test.build.data" value="/workdir/hadoop-ozone/integration-test/target/test-dir"/>
    <property name="user.country" value="US"/>
    <property name="sun.java.launcher" value="SUN_STANDARD"/>
    <property name="sun.boot.library.path" value="/usr/lib/jvm/java-1.8.0-openjdk-1.8.0.222.b10-1.el7_7.x86_64/jre/lib/amd64"/>
    <property name="sun.java.command" value="/workdir/hadoop-ozone/integration-test/target/surefire/surefirebooter3898843459269940989.jar /workdir/hadoop-ozone/integration-test/target/surefire 2019-10-16T06-58-22_039-jvmRun1 surefire3129403366482098614tmp surefire_445355659579367733711tmp"/>
    <property name="surefire.test.class.path" value="/workdir/hadoop-ozone/integration-test/target/test-classes:/workdir/hadoop-ozone/integration-test/target/classes:/home/user/.m2/repository/org/apache/hadoop/hadoop-ozone-common/0.5.0-SNAPSHOT/hadoop-ozone-common-0.5.0-SNAPSHOT.jar:/home/user/.m2/repository/org/apache/commons/commons-compress/1.4.1/commons-compress-1.4.1.jar:/home/user/.m2/repository/org/tukaani/xz/1.0/xz-1.0.jar:/home/user/.m2/repository/org/apache/hadoop/hadoop-common/3.2.0/hadoop-common-3.2.0.jar:/home/user/.m2/repository/org/apache/hadoop/hadoop-hdfs/3.2.0/hadoop-hdfs-3.2.0.jar:/home/user/.m2/repository/org/apache/hadoop/hadoop-hdfs-client/3.2.0/hadoop-hdfs-client-3.2.0.jar:/home/user/.m2/repository/com/fasterxml/jackson/core/jackson-annotations/2.9.9/jackson-annotations-2.9.9.jar:/home/user/.m2/repository/org/apache/hadoop/hadoop-hdds-common/0.5.0-SNAPSHOT/hadoop-hdds-common-0.5.0-SNAPSHOT.jar:/home/user/.m2/repository/javax/annotation/javax.annotation-api/1.2/javax.annotation-api-1.2.jar:/home/user/.m2/repository/org/apache/ratis/ratis-server/0.5.0-3f446aa-SNAPSHOT/ratis-server-0.5.0-3f446aa-SNAPSHOT.jar:/home/user/.m2/repository/org/apache/ratis/ratis-thirdparty-misc/0.2.0/ratis-thirdparty-misc-0.2.0.jar:/home/user/.m2/repository/org/apache/ratis/ratis-proto/0.5.0-3f446aa-SNAPSHOT/ratis-proto-0.5.0-3f446aa-SNAPSHOT.jar:/home/user/.m2/repository/org/apache/ratis/ratis-common/0.5.0-3f446aa-SNAPSHOT/ratis-common-0.5.0-3f446aa-SNAPSHOT.jar:/home/user/.m2/repository/org/apache/ratis/ratis-client/0.5.0-3f446aa-SNAPSHOT/ratis-client-0.5.0-3f446aa-SNAPSHOT.jar:/home/user/.m2/repository/org/apache/ratis/ratis-metrics/0.5.0-3f446aa-SNAPSHOT/ratis-metrics-0.5.0-3f446aa-SNAPSHOT.jar:/home/user/.m2/repository/com/github/joshelser/dropwizard-metrics-hadoop-metrics2-reporter/0.1.2/dropwizard-metrics-hadoop-metrics2-reporter-0.1.2.jar:/home/user/.m2/repository/io/dropwizard/metrics/metrics-jvm/3.2.5/metrics-jvm-3.2.5.jar:/home/user/.m2/repository/io/dropwizard/metrics/metrics-ganglia/3.2.5/metrics-ganglia-3.2.5.jar:/home/user/.m2/repository/info/ganglia/gmetric4j/gmetric4j/1.0.7/gmetric4j-1.0.7.jar:/home/user/.m2/repository/org/apache/ratis/ratis-netty/0.5.0-3f446aa-SNAPSHOT/ratis-netty-0.5.0-3f446aa-SNAPSHOT.jar:/home/user/.m2/repository/org/apache/ratis/ratis-grpc/0.5.0-3f446aa-SNAPSHOT/ratis-grpc-0.5.0-3f446aa-SNAPSHOT.jar:/home/user/.m2/repository/org/rocksdb/rocksdbjni/6.0.1/rocksdbjni-6.0.1.jar:/home/user/.m2/repository/org/apache/logging/log4j/log4j-api/2.11.0/log4j-api-2.11.0.jar:/home/user/.m2/repository/org/apache/logging/log4j/log4j-core/2.11.0/log4j-core-2.11.0.jar:/home/user/.m2/repository/com/lmax/disruptor/3.4.2/disruptor-3.4.2.jar:/home/user/.m2/repository/org/apache/commons/commons-pool2/2.6.0/commons-pool2-2.6.0.jar:/home/user/.m2/repository/org/bouncycastle/bcpkix-jdk15on/1.60/bcpkix-jdk15on-1.60.jar:/home/user/.m2/repository/commons-validator/commons-validator/1.6/commons-validator-1.6.jar:/home/user/.m2/repository/commons-digester/commons-digester/1.8.1/commons-digester-1.8.1.jar:/home/user/.m2/repository/io/jaegertracing/jaeger-client/0.34.0/jaeger-client-0.34.0.jar:/home/user/.m2/repository/io/jaegertracing/jaeger-thrift/0.34.0/jaeger-thrift-0.34.0.jar:/home/user/.m2/repository/org/apache/thrift/libthrift/0.12.0/libthrift-0.12.0.jar:/home/user/.m2/repository/com/squareup/okhttp3/okhttp/3.9.0/okhttp-3.9.0.jar:/home/user/.m2/repository/com/squareup/okio/okio/1.13.0/okio-1.13.0.jar:/home/user/.m2/repository/io/jaegertracing/jaeger-core/0.34.0/jaeger-core-0.34.0.jar:/home/user/.m2/repository/io/jaegertracing/jaeger-tracerresolver/0.34.0/jaeger-tracerresolver-0.34.0.jar:/home/user/.m2/repository/io/opentracing/contrib/opentracing-tracerresolver/0.1.5/opentracing-tracerresolver-0.1.5.jar:/home/user/.m2/repository/io/opentracing/opentracing-util/0.31.0/opentracing-util-0.31.0.jar:/home/user/.m2/repository/io/opentracing/opentracing-api/0.31.0/opentracing-api-0.31.0.jar:/home/user/.m2/repository/io/opentracing/opentracing-noop/0.31.0/opentracing-noop-0.31.0.jar:/home/user/.m2/repository/org/apache/hadoop/hadoop-hdds-server-framework/0.5.0-SNAPSHOT/hadoop-hdds-server-framework-0.5.0-SNAPSHOT.jar:/home/user/.m2/repository/org/apache/hadoop/hadoop-hdds-container-service/0.5.0-SNAPSHOT/hadoop-hdds-container-service-0.5.0-SNAPSHOT.jar:/home/user/.m2/repository/org/apache/hadoop/hadoop-hdds-client/0.5.0-SNAPSHOT/hadoop-hdds-client-0.5.0-SNAPSHOT.jar:/home/user/.m2/repository/org/apache/hadoop/hadoop-hdds-tools/0.5.0-SNAPSHOT/hadoop-hdds-tools-0.5.0-SNAPSHOT.jar:/home/user/.m2/repository/org/apache/hadoop/hadoop-hdds-server-scm/0.5.0-SNAPSHOT/hadoop-hdds-server-scm-0.5.0-SNAPSHOT.jar:/home/user/.m2/repository/org/apache/hadoop/hadoop-hdds-docs/0.5.0-SNAPSHOT/hadoop-hdds-docs-0.5.0-SNAPSHOT.jar:/home/user/.m2/repository/io/dropwizard/metrics/metrics-core/3.2.4/metrics-core-3.2.4.jar:/home/user/.m2/repository/org/hamcrest/hamcrest-all/1.3/hamcrest-all-1.3.jar:/home/user/.m2/repository/org/bouncycastle/bcprov-jdk15on/1.60/bcprov-jdk15on-1.60.jar:/home/user/.m2/repository/info/picocli/picocli/3.9.6/picocli-3.9.6.jar:/home/user/.m2/repository/com/google/protobuf/protobuf-java/2.5.0/protobuf-java-2.5.0.jar:/home/user/.m2/repository/com/google/guava/guava/11.0.2/guava-11.0.2.jar:/home/user/.m2/repository/org/apache/hadoop/hadoop-ozone-ozone-manager/0.5.0-SNAPSHOT/hadoop-ozone-ozone-manager-0.5.0-SNAPSHOT.jar:/home/user/.m2/repository/org/apache/hadoop/hadoop-minikdc/3.2.0/hadoop-minikdc-3.2.0.jar:/home/user/.m2/repository/commons-io/commons-io/2.5/commons-io-2.5.jar:/home/user/.m2/repository/org/apache/kerby/kerb-simplekdc/1.0.1/kerb-simplekdc-1.0.1.jar:/home/user/.m2/repository/org/apache/kerby/kerb-client/1.0.1/kerb-client-1.0.1.jar:/home/user/.m2/repository/org/apache/kerby/kerby-config/1.0.1/kerby-config-1.0.1.jar:/home/user/.m2/repository/org/apache/kerby/kerb-core/1.0.1/kerb-core-1.0.1.jar:/home/user/.m2/repository/org/apache/kerby/kerby-pkix/1.0.1/kerby-pkix-1.0.1.jar:/home/user/.m2/repository/org/apache/kerby/kerby-asn1/1.0.1/kerby-asn1-1.0.1.jar:/home/user/.m2/repository/org/apache/kerby/kerby-util/1.0.1/kerby-util-1.0.1.jar:/home/user/.m2/repository/org/apache/kerby/kerb-common/1.0.1/kerb-common-1.0.1.jar:/home/user/.m2/repository/org/apache/kerby/kerb-crypto/1.0.1/kerb-crypto-1.0.1.jar:/home/user/.m2/repository/org/apache/kerby/kerb-util/1.0.1/kerb-util-1.0.1.jar:/home/user/.m2/repository/org/apache/kerby/token-provider/1.0.1/token-provider-1.0.1.jar:/home/user/.m2/repository/org/apache/kerby/kerb-admin/1.0.1/kerb-admin-1.0.1.jar:/home/user/.m2/repository/org/apache/kerby/kerb-server/1.0.1/kerb-server-1.0.1.jar:/home/user/.m2/repository/org/apache/kerby/kerb-identity/1.0.1/kerb-identity-1.0.1.jar:/home/user/.m2/repository/org/apache/kerby/kerby-xdr/1.0.1/kerby-xdr-1.0.1.jar:/home/user/.m2/repository/org/slf4j/slf4j-log4j12/1.7.25/slf4j-log4j12-1.7.25.jar:/home/user/.m2/repository/org/apache/hadoop/hadoop-ozone-s3gateway/0.5.0-SNAPSHOT/hadoop-ozone-s3gateway-0.5.0-SNAPSHOT.jar:/home/user/.m2/repository/org/jboss/weld/servlet/weld-servlet/2.4.7.Final/weld-servlet-2.4.7.Final.jar:/home/user/.m2/repository/org/glassfish/jersey/containers/jersey-container-servlet-core/2.27/jersey-container-servlet-core-2.27.jar:/home/user/.m2/repository/org/glassfish/hk2/external/javax.inject/2.5.0-b42/javax.inject-2.5.0-b42.jar:/home/user/.m2/repository/org/glassfish/jersey/core/jersey-common/2.27/jersey-common-2.27.jar:/home/user/.m2/repository/org/glassfish/hk2/osgi-resource-locator/1.0.1/osgi-resource-locator-1.0.1.jar:/home/user/.m2/repository/javax/ws/rs/javax.ws.rs-api/2.1/javax.ws.rs-api-2.1.jar:/home/user/.m2/repository/org/glassfish/jersey/ext/cdi/jersey-cdi1x/2.27/jersey-cdi1x-2.27.jar:/home/user/.m2/repository/org/glassfish/jersey/inject/jersey-hk2/2.27/jersey-hk2-2.27.jar:/home/user/.m2/repository/org/glassfish/hk2/hk2-locator/2.5.0-b42/hk2-locator-2.5.0-b42.jar:/home/user/.m2/repository/org/javassist/javassist/3.22.0-CR2/javassist-3.22.0-CR2.jar:/home/user/.m2/repository/org/glassfish/hk2/hk2-api/2.5.0/hk2-api-2.5.0.jar:/home/user/.m2/repository/org/glassfish/hk2/external/jakarta.inject/2.5.0/jakarta.inject-2.5.0.jar:/home/user/.m2/repository/org/glassfish/hk2/hk2-utils/2.5.0/hk2-utils-2.5.0.jar:/home/user/.m2/repository/jakarta/annotation/jakarta.annotation-api/1.3.4/jakarta.annotation-api-1.3.4.jar:/home/user/.m2/repository/org/glassfish/hk2/external/aopalliance-repackaged/2.5.0/aopalliance-repackaged-2.5.0.jar:/home/user/.m2/repository/com/fasterxml/jackson/dataformat/jackson-dataformat-xml/2.9.0/jackson-dataformat-xml-2.9.0.jar:/home/user/.m2/repository/com/fasterxml/jackson/core/jackson-core/2.9.9/jackson-core-2.9.9.jar:/home/user/.m2/repository/com/fasterxml/jackson/module/jackson-module-jaxb-annotations/2.9.9/jackson-module-jaxb-annotations-2.9.9.jar:/home/user/.m2/repository/javax/enterprise/cdi-api/1.2/cdi-api-1.2.jar:/home/user/.m2/repository/javax/el/javax.el-api/3.0.0/javax.el-api-3.0.0.jar:/home/user/.m2/repository/javax/interceptor/javax.interceptor-api/1.2/javax.interceptor-api-1.2.jar:/home/user/.m2/repository/javax/inject/javax.inject/1/javax.inject-1.jar:/home/user/.m2/repository/com/sun/xml/bind/jaxb-impl/2.3.0.1/jaxb-impl-2.3.0.1.jar:/home/user/.m2/repository/com/sun/xml/bind/jaxb-core/2.3.0.1/jaxb-core-2.3.0.1.jar:/home/user/.m2/repository/javax/xml/bind/jaxb-api/2.3.0/jaxb-api-2.3.0.jar:/home/user/.m2/repository/javax/activation/activation/1.1.1/activation-1.1.1.jar:/home/user/.m2/repository/org/apache/hadoop/hadoop-ozone-csi/0.5.0-SNAPSHOT/hadoop-ozone-csi-0.5.0-SNAPSHOT.jar:/home/user/.m2/repository/com/google/protobuf/protobuf-java-util/3.5.1/protobuf-java-util-3.5.1.jar:/home/user/.m2/repository/org/apache/hadoop/hadoop-hdds-config/0.5.0-SNAPSHOT/hadoop-hdds-config-0.5.0-SNAPSHOT.jar:/home/user/.m2/repository/io/grpc/grpc-netty/1.17.1/grpc-netty-1.17.1.jar:/home/user/.m2/repository/io/grpc/grpc-core/1.17.1/grpc-core-1.17.1.jar:/home/user/.m2/repository/io/grpc/grpc-context/1.17.1/grpc-context-1.17.1.jar:/home/user/.m2/repository/com/google/errorprone/error_prone_annotations/2.2.0/error_prone_annotations-2.2.0.jar:/home/user/.m2/repository/org/codehaus/mojo/animal-sniffer-annotations/1.17/animal-sniffer-annotations-1.17.jar:/home/user/.m2/repository/io/opencensus/opencensus-api/0.17.0/opencensus-api-0.17.0.jar:/home/user/.m2/repository/io/opencensus/opencensus-contrib-grpc-metrics/0.17.0/opencensus-contrib-grpc-metrics-0.17.0.jar:/home/user/.m2/repository/io/netty/netty-codec-http2/4.1.30.Final/netty-codec-http2-4.1.30.Final.jar:/home/user/.m2/repository/io/netty/netty-codec-http/4.1.30.Final/netty-codec-http-4.1.30.Final.jar:/home/user/.m2/repository/io/netty/netty-codec/4.1.30.Final/netty-codec-4.1.30.Final.jar:/home/user/.m2/repository/io/netty/netty-handler/4.1.30.Final/netty-handler-4.1.30.Final.jar:/home/user/.m2/repository/io/netty/netty-handler-proxy/4.1.30.Final/netty-handler-proxy-4.1.30.Final.jar:/home/user/.m2/repository/io/netty/netty-codec-socks/4.1.30.Final/netty-codec-socks-4.1.30.Final.jar:/home/user/.m2/repository/io/netty/netty-transport-native-epoll/4.1.30.Final/netty-transport-native-epoll-4.1.30.Final.jar:/home/user/.m2/repository/io/netty/netty-common/4.1.30.Final/netty-common-4.1.30.Final.jar:/home/user/.m2/repository/io/netty/netty-buffer/4.1.30.Final/netty-buffer-4.1.30.Final.jar:/home/user/.m2/repository/io/netty/netty-transport/4.1.30.Final/netty-transport-4.1.30.Final.jar:/home/user/.m2/repository/io/netty/netty-resolver/4.1.30.Final/netty-resolver-4.1.30.Final.jar:/home/user/.m2/repository/io/netty/netty-transport-native-unix-common/4.1.30.Final/netty-transport-native-unix-common-4.1.30.Final.jar:/home/user/.m2/repository/io/grpc/grpc-protobuf/1.17.1/grpc-protobuf-1.17.1.jar:/home/user/.m2/repository/com/google/api/grpc/proto-google-common-protos/1.0.0/proto-google-common-protos-1.0.0.jar:/home/user/.m2/repository/io/grpc/grpc-protobuf-lite/1.17.1/grpc-protobuf-lite-1.17.1.jar:/home/user/.m2/repository/io/grpc/grpc-stub/1.17.1/grpc-stub-1.17.1.jar:/home/user/.m2/repository/org/apache/hadoop/hadoop-ozone-recon/0.5.0-SNAPSHOT/hadoop-ozone-recon-0.5.0-SNAPSHOT.jar:/home/user/.m2/repository/org/apache/hadoop/hadoop-ozone-reconcodegen/0.5.0-SNAPSHOT/hadoop-ozone-reconcodegen-0.5.0-SNAPSHOT.jar:/home/user/.m2/repository/com/google/inject/extensions/guice-multibindings/4.0/guice-multibindings-4.0.jar:/home/user/.m2/repository/com/google/inject/guice/4.0/guice-4.0.jar:/home/user/.m2/repository/aopalliance/aopalliance/1.0/aopalliance-1.0.jar:/home/user/.m2/repository/com/google/inject/extensions/guice-servlet/4.0/guice-servlet-4.0.jar:/home/user/.m2/repository/org/glassfish/jersey/containers/jersey-container-servlet/2.27/jersey-container-servlet-2.27.jar:/home/user/.m2/repository/org/glassfish/hk2/guice-bridge/2.5.0/guice-bridge-2.5.0.jar:/home/user/.m2/repository/org/glassfish/jersey/core/jersey-server/2.27/jersey-server-2.27.jar:/home/user/.m2/repository/org/glassfish/jersey/core/jersey-client/2.27/jersey-client-2.27.jar:/home/user/.m2/repository/org/glassfish/jersey/media/jersey-media-jaxb/2.27/jersey-media-jaxb-2.27.jar:/home/user/.m2/repository/javax/validation/validation-api/1.1.0.Final/validation-api-1.1.0.Final.jar:/home/user/.m2/repository/org/glassfish/jersey/media/jersey-media-json-jackson/2.27/jersey-media-json-jackson-2.27.jar:/home/user/.m2/repository/org/glassfish/jersey/ext/jersey-entity-filtering/2.27/jersey-entity-filtering-2.27.jar:/home/user/.m2/repository/com/google/inject/extensions/guice-assistedinject/4.0/guice-assistedinject-4.0.jar:/home/user/.m2/repository/org/jooq/jooq/3.11.10/jooq-3.11.10.jar:/home/user/.m2/repository/org/jooq/jooq-meta/3.11.10/jooq-meta-3.11.10.jar:/home/user/.m2/repository/org/jooq/jooq-codegen/3.11.10/jooq-codegen-3.11.10.jar:/home/user/.m2/repository/com/jolbox/bonecp/0.8.0.RELEASE/bonecp-0.8.0.RELEASE.jar:/home/user/.m2/repository/org/xerial/sqlite-jdbc/3.25.2/sqlite-jdbc-3.25.2.jar:/home/user/.m2/repository/org/springframework/spring-jdbc/5.1.3.RELEASE/spring-jdbc-5.1.3.RELEASE.jar:/home/user/.m2/repository/org/springframework/spring-beans/5.1.3.RELEASE/spring-beans-5.1.3.RELEASE.jar:/home/user/.m2/repository/org/springframework/spring-core/5.1.3.RELEASE/spring-core-5.1.3.RELEASE.jar:/home/user/.m2/repository/org/springframework/spring-jcl/5.1.3.RELEASE/spring-jcl-5.1.3.RELEASE.jar:/home/user/.m2/repository/org/springframework/spring-tx/5.1.3.RELEASE/spring-tx-5.1.3.RELEASE.jar:/home/user/.m2/repository/org/apache/hadoop/hadoop-ozone-client/0.5.0-SNAPSHOT/hadoop-ozone-client-0.5.0-SNAPSHOT.jar:/home/user/.m2/repository/commons-lang/commons-lang/2.6/commons-lang-2.6.jar:/home/user/.m2/repository/org/apache/hadoop/hadoop-ozone-ozone-manager/0.5.0-SNAPSHOT/hadoop-ozone-ozone-manager-0.5.0-SNAPSHOT-tests.jar:/home/user/.m2/repository/junit/junit/4.11/junit-4.11.jar:/home/user/.m2/repository/org/hamcrest/hamcrest-core/1.3/hamcrest-core-1.3.jar:/home/user/.m2/repository/org/openjdk/jmh/jmh-core/1.19/jmh-core-1.19.jar:/home/user/.m2/repository/net/sf/jopt-simple/jopt-simple/4.6/jopt-simple-4.6.jar:/home/user/.m2/repository/org/apache/commons/commons-math3/3.1.1/commons-math3-3.1.1.jar:/home/user/.m2/repository/org/openjdk/jmh/jmh-generator-annprocess/1.19/jmh-generator-annprocess-1.19.jar:/home/user/.m2/repository/org/mockito/mockito-all/1.8.5/mockito-all-1.8.5.jar:/home/user/.m2/repository/org/apache/hadoop/hadoop-kms/3.2.0/hadoop-kms-3.2.0.jar:/home/user/.m2/repository/org/apache/hadoop/hadoop-auth/3.2.0/hadoop-auth-3.2.0.jar:/home/user/.m2/repository/com/nimbusds/nimbus-jose-jwt/4.41.1/nimbus-jose-jwt-4.41.1.jar:/home/user/.m2/repository/com/github/stephenc/jcip/jcip-annotations/1.0-1/jcip-annotations-1.0-1.jar:/home/user/.m2/repository/net/minidev/json-smart/2.3/json-smart-2.3.jar:/home/user/.m2/repository/net/minidev/accessors-smart/1.2/accessors-smart-1.2.jar:/home/user/.m2/repository/org/ow2/asm/asm/5.0.4/asm-5.0.4.jar:/home/user/.m2/repository/org/apache/curator/curator-framework/2.12.0/curator-framework-2.12.0.jar:/home/user/.m2/repository/com/sun/jersey/jersey-core/1.19/jersey-core-1.19.jar:/home/user/.m2/repository/javax/ws/rs/jsr311-api/1.1.1/jsr311-api-1.1.1.jar:/home/user/.m2/repository/com/sun/jersey/jersey-server/1.19/jersey-server-1.19.jar:/home/user/.m2/repository/javax/servlet/javax.servlet-api/3.1.0/javax.servlet-api-3.1.0.jar:/home/user/.m2/repository/org/eclipse/jetty/jetty-server/9.3.25.v20180904/jetty-server-9.3.25.v20180904.jar:/home/user/.m2/repository/org/eclipse/jetty/jetty-http/9.3.25.v20180904/jetty-http-9.3.25.v20180904.jar:/home/user/.m2/repository/org/eclipse/jetty/jetty-io/9.3.25.v20180904/jetty-io-9.3.25.v20180904.jar:/home/user/.m2/repository/org/eclipse/jetty/jetty-webapp/9.3.25.v20180904/jetty-webapp-9.3.25.v20180904.jar:/home/user/.m2/repository/org/eclipse/jetty/jetty-xml/9.3.25.v20180904/jetty-xml-9.3.25.v20180904.jar:/home/user/.m2/repository/log4j/log4j/1.2.17/log4j-1.2.17.jar:/home/user/.m2/repository/org/slf4j/slf4j-api/1.7.25/slf4j-api-1.7.25.jar:/home/user/.m2/repository/org/slf4j/jul-to-slf4j/1.7.25/jul-to-slf4j-1.7.25.jar:/home/user/.m2/repository/org/eclipse/jetty/jetty-util/9.3.25.v20180904/jetty-util-9.3.25.v20180904.jar:/home/user/.m2/repository/com/fasterxml/jackson/core/jackson-databind/2.9.9/jackson-databind-2.9.9.jar:/home/user/.m2/repository/org/apache/hadoop/hadoop-kms/3.2.0/hadoop-kms-3.2.0-tests.jar:/home/user/.m2/repository/org/apache/hadoop/hadoop-hdds-server-scm/0.5.0-SNAPSHOT/hadoop-hdds-server-scm-0.5.0-SNAPSHOT-tests.jar:/home/user/.m2/repository/org/apache/hadoop/hadoop-hdds-container-service/0.5.0-SNAPSHOT/hadoop-hdds-container-service-0.5.0-SNAPSHOT-tests.jar:/home/user/.m2/repository/org/yaml/snakeyaml/1.16/snakeyaml-1.16.jar:/home/user/.m2/repository/org/apache/hadoop/hadoop-common/3.2.0/hadoop-common-3.2.0-tests.jar:/home/user/.m2/repository/org/apache/hadoop/hadoop-annotations/3.2.0/hadoop-annotations-3.2.0.jar:/usr/lib/jvm/java-1.8.0-openjdk-1.8.0.222.b10-1.el7_7.x86_64/jre/../lib/tools.jar:/home/user/.m2/repository/commons-cli/commons-cli/1.2/commons-cli-1.2.jar:/home/user/.m2/repository/org/apache/httpcomponents/httpclient/4.5.2/httpclient-4.5.2.jar:/home/user/.m2/repository/org/apache/httpcomponents/httpcore/4.4.4/httpcore-4.4.4.jar:/home/user/.m2/repository/commons-codec/commons-codec/1.11/commons-codec-1.11.jar:/home/user/.m2/repository/commons-net/commons-net/3.6/commons-net-3.6.jar:/home/user/.m2/repository/commons-collections/commons-collections/3.2.2/commons-collections-3.2.2.jar:/home/user/.m2/repository/org/eclipse/jetty/jetty-servlet/9.3.25.v20180904/jetty-servlet-9.3.25.v20180904.jar:/home/user/.m2/repository/org/eclipse/jetty/jetty-security/9.3.25.v20180904/jetty-security-9.3.25.v20180904.jar:/home/user/.m2/repository/javax/servlet/jsp/jsp-api/2.1/jsp-api-2.1.jar:/home/user/.m2/repository/com/sun/jersey/jersey-servlet/1.19/jersey-servlet-1.19.jar:/home/user/.m2/repository/com/sun/jersey/jersey-json/1.19/jersey-json-1.19.jar:/home/user/.m2/repository/org/codehaus/jettison/jettison/1.1/jettison-1.1.jar:/home/user/.m2/repository/org/codehaus/jackson/jackson-core-asl/1.9.13/jackson-core-asl-1.9.13.jar:/home/user/.m2/repository/org/codehaus/jackson/jackson-mapper-asl/1.9.13/jackson-mapper-asl-1.9.13.jar:/home/user/.m2/repository/org/codehaus/jackson/jackson-jaxrs/1.9.13/jackson-jaxrs-1.9.13.jar:/home/user/.m2/repository/org/codehaus/jackson/jackson-xc/1.9.13/jackson-xc-1.9.13.jar:/home/user/.m2/repository/commons-logging/commons-logging/1.1.3/commons-logging-1.1.3.jar:/home/user/.m2/repository/commons-beanutils/commons-beanutils/1.9.4/commons-beanutils-1.9.4.jar:/home/user/.m2/repository/org/apache/commons/commons-configuration2/2.1.1/commons-configuration2-2.1.1.jar:/home/user/.m2/repository/org/apache/commons/commons-lang3/3.7/commons-lang3-3.7.jar:/home/user/.m2/repository/org/apache/commons/commons-text/1.4/commons-text-1.4.jar:/home/user/.m2/repository/org/apache/avro/avro/1.7.7/avro-1.7.7.jar:/home/user/.m2/repository/com/thoughtworks/paranamer/paranamer/2.3/paranamer-2.3.jar:/home/user/.m2/repository/org/xerial/snappy/snappy-java/1.0.5/snappy-java-1.0.5.jar:/home/user/.m2/repository/com/google/re2j/re2j/1.1/re2j-1.1.jar:/home/user/.m2/repository/com/google/code/gson/gson/2.2.4/gson-2.2.4.jar:/home/user/.m2/repository/com/jcraft/jsch/0.1.54/jsch-0.1.54.jar:/home/user/.m2/repository/org/apache/curator/curator-client/2.12.0/curator-client-2.12.0.jar:/home/user/.m2/repository/org/apache/curator/curator-recipes/2.12.0/curator-recipes-2.12.0.jar:/home/user/.m2/repository/com/google/code/findbugs/jsr305/3.0.0/jsr305-3.0.0.jar:/home/user/.m2/repository/org/apache/htrace/htrace-core4/4.1.0-incubating/htrace-core4-4.1.0-incubating.jar:/home/user/.m2/repository/org/apache/zookeeper/zookeeper/3.4.13/zookeeper-3.4.13.jar:/home/user/.m2/repository/jline/jline/0.9.94/jline-0.9.94.jar:/home/user/.m2/repository/org/apache/yetus/audience-annotations/0.5.0/audience-annotations-0.5.0.jar:/home/user/.m2/repository/org/codehaus/woodstox/stax2-api/3.1.4/stax2-api-3.1.4.jar:/home/user/.m2/repository/com/fasterxml/woodstox/woodstox-core/5.0.3/woodstox-core-5.0.3.jar:/home/user/.m2/repository/dnsjava/dnsjava/2.1.7/dnsjava-2.1.7.jar:/home/user/.m2/repository/org/apache/hadoop/hadoop-hdfs/3.2.0/hadoop-hdfs-3.2.0-tests.jar:/home/user/.m2/repository/org/eclipse/jetty/jetty-util-ajax/9.3.25.v20180904/jetty-util-ajax-9.3.25.v20180904.jar:/home/user/.m2/repository/commons-daemon/commons-daemon/1.0.13/commons-daemon-1.0.13.jar:/home/user/.m2/repository/io/netty/netty/3.10.5.Final/netty-3.10.5.Final.jar:/home/user/.m2/repository/io/netty/netty-all/4.0.52.Final/netty-all-4.0.52.Final.jar:/home/user/.m2/repository/org/fusesource/leveldbjni/leveldbjni-all/1.8/leveldbjni-all-1.8.jar:"/>
    <property name="sun.cpu.endian" value="little"/>
    <property name="user.home" value="/home/user"/>
    <property name="user.language" value="en"/>
    <property name="java.specification.vendor" value="Oracle Corporation"/>
    <property name="java.home" value="/usr/lib/jvm/java-1.8.0-openjdk-1.8.0.222.b10-1.el7_7.x86_64/jre"/>
    <property name="surefire.excludesFile" value="/tools/ozone-bad-unit-tests"/>
    <property name="java.security.krb5.conf" value="/workdir/hadoop-ozone/integration-test/target/test-classes/krb5.conf"/>
    <property name="basedir" value="/workdir/hadoop-ozone/integration-test"/>
    <property name="file.separator" value="/"/>
    <property name="line.separator" value="&#10;"/>
    <property name="java.vm.specification.vendor" value="Oracle Corporation"/>
    <property name="java.specification.name" value="Java Platform API Specification"/>
    <property name="java.awt.graphicsenv" value="sun.awt.X11GraphicsEnvironment"/>
    <property name="surefire.real.class.path" value="/workdir/hadoop-ozone/integration-test/target/surefire/surefirebooter3898843459269940989.jar"/>
    <property name="hadoop.log.dir" value="/workdir/hadoop-ozone/integration-test/target/log"/>
    <property name="sun.boot.class.path" value="/usr/lib/jvm/java-1.8.0-openjdk-1.8.0.222.b10-1.el7_7.x86_64/jre/lib/resources.jar:/usr/lib/jvm/java-1.8.0-openjdk-1.8.0.222.b10-1.el7_7.x86_64/jre/lib/rt.jar:/usr/lib/jvm/java-1.8.0-openjdk-1.8.0.222.b10-1.el7_7.x86_64/jre/lib/sunrsasign.jar:/usr/lib/jvm/java-1.8.0-openjdk-1.8.0.222.b10-1.el7_7.x86_64/jre/lib/jsse.jar:/usr/lib/jvm/java-1.8.0-openjdk-1.8.0.222.b10-1.el7_7.x86_64/jre/lib/jce.jar:/usr/lib/jvm/java-1.8.0-openjdk-1.8.0.222.b10-1.el7_7.x86_64/jre/lib/charsets.jar:/usr/lib/jvm/java-1.8.0-openjdk-1.8.0.222.b10-1.el7_7.x86_64/jre/lib/jfr.jar:/usr/lib/jvm/java-1.8.0-openjdk-1.8.0.222.b10-1.el7_7.x86_64/jre/classes"/>
    <property name="sun.management.compiler" value="HotSpot 64-Bit Tiered Compilers"/>
    <property name="java.runtime.version" value="1.8.0_222-b10"/>
    <property name="java.net.preferIPv4Stack" value="true"/>
    <property name="user.name" value="jenkins1000"/>
    <property name="path.separator" value=":"/>
    <property name="java.security.egd" value="file:///dev/urandom"/>
    <property name="os.version" value="3.10.0-957.12.2.el7.x86_64"/>
    <property name="java.endorsed.dirs" value="/usr/lib/jvm/java-1.8.0-openjdk-1.8.0.222.b10-1.el7_7.x86_64/jre/lib/endorsed"/>
    <property name="java.runtime.name" value="OpenJDK Runtime Environment"/>
    <property name="file.encoding" value="ANSI_X3.4-1968"/>
    <property name="java.vm.name" value="OpenJDK 64-Bit Server VM"/>
    <property name="test.build.webapps" value=""/>
    <property name="localRepository" value="/home/user/.m2/repository"/>
    <property name="java.vendor.url.bug" value="http://bugreport.sun.com/bugreport/"/>
    <property name="java.io.tmpdir" value="/tmp"/>
    <property name="require.test.libhadoop" value=""/>
    <property name="java.version" value="1.8.0_222"/>
    <property name="user.dir" value="/workdir/hadoop-ozone/integration-test"/>
    <property name="os.arch" value="amd64"/>
    <property name="java.vm.specification.name" value="Java Virtual Machine Specification"/>
    <property name="test.build.classes" value="/workdir/hadoop-ozone/integration-test/target/test-classes"/>
    <property name="java.awt.printerjob" value="sun.print.PSPrinterJob"/>
    <property name="sun.os.patch.level" value="unknown"/>
    <property name="hadoop.tmp.dir" value="/workdir/hadoop-ozone/integration-test/target/tmp"/>
    <property name="java.library.path" value="/usr/lib:/workdir/hadoop-ozone/integration-test/target/native/target/usr/local/lib:/workdir/hadoop-ozone/integration-test/../../hadoop-common-project/hadoop-common/target/native/target/usr/local/lib:/usr/java/packages/lib/amd64:/usr/lib64:/lib64:/lib:/usr/lib"/>
    <property name="java.vm.info" value="mixed mode"/>
    <property name="java.vendor" value="Oracle Corporation"/>
    <property name="java.vm.version" value="25.222-b10"/>
    <property name="java.ext.dirs" value="/usr/lib/jvm/java-1.8.0-openjdk-1.8.0.222.b10-1.el7_7.x86_64/jre/lib/ext:/usr/java/packages/lib/ext"/>
    <property name="sun.io.unicode.encoding" value="UnicodeLittle"/>
    <property name="java.class.version" value="52.0"/>
  </properties>
  <testcase name="testGetKeyAndFileWithNetworkTopology" classname="org.apache.hadoop.ozone.client.rpc.TestOzoneRpcClientWithRatis" time="0.901">
    <error message="java.lang.IllegalMonitorStateException: Releasing lock on resource /4a3842e7-b057-41a7-8b2b-0f63f710334b/b0332628-a729-4d6c-9d82-6a4dfa1d88b7 without acquiring lock" type="INTERNAL_ERROR org.apache.hadoop.ozone.om.exceptions.OMException">INTERNAL_ERROR org.apache.hadoop.ozone.om.exceptions.OMException: java.lang.IllegalMonitorStateException: Releasing lock on resource /4a3842e7-b057-41a7-8b2b-0f63f710334b/b0332628-a729-4d6c-9d82-6a4dfa1d88b7 without acquiring lock
	at org.apache.hadoop.ozone.om.protocolPB.OzoneManagerProtocolClientSideTranslatorPB.handleError(OzoneManagerProtocolClientSideTranslatorPB.java:732)
	at org.apache.hadoop.ozone.om.protocolPB.OzoneManagerProtocolClientSideTranslatorPB.commitKey(OzoneManagerProtocolClientSideTranslatorPB.java:789)
	at sun.reflect.NativeMethodAccessorImpl.invoke0(Native Method)
	at sun.reflect.NativeMethodAccessorImpl.invoke(NativeMethodAccessorImpl.java:62)
	at sun.reflect.DelegatingMethodAccessorImpl.invoke(DelegatingMethodAccessorImpl.java:43)
	at java.lang.reflect.Method.invoke(Method.java:498)
	at org.apache.hadoop.hdds.tracing.TraceAllMethod.invoke(TraceAllMethod.java:66)
	at com.sun.proxy.$Proxy38.commitKey(Unknown Source)
	at org.apache.hadoop.ozone.client.io.BlockOutputStreamEntryPool.commitKey(BlockOutputStreamEntryPool.java:277)
	at org.apache.hadoop.ozone.client.io.KeyOutputStream.close(KeyOutputStream.java:474)
	at org.apache.hadoop.ozone.client.io.OzoneOutputStream.close(OzoneOutputStream.java:60)
	at org.apache.hadoop.ozone.client.rpc.TestOzoneRpcClientWithRatis.testGetKeyAndFileWithNetworkTopology(TestOzoneRpcClientWithRatis.java:101)
	at sun.reflect.NativeMethodAccessorImpl.invoke0(Native Method)
	at sun.reflect.NativeMethodAccessorImpl.invoke(NativeMethodAccessorImpl.java:62)
	at sun.reflect.DelegatingMethodAccessorImpl.invoke(DelegatingMethodAccessorImpl.java:43)
	at java.lang.reflect.Method.invoke(Method.java:498)
	at org.junit.runners.model.FrameworkMethod$1.runReflectiveCall(FrameworkMethod.java:47)
	at org.junit.internal.runners.model.ReflectiveCallable.run(ReflectiveCallable.java:12)
	at org.junit.runners.model.FrameworkMethod.invokeExplosively(FrameworkMethod.java:44)
	at org.junit.internal.runners.statements.InvokeMethod.evaluate(InvokeMethod.java:17)
	at org.junit.runners.ParentRunner.runLeaf(ParentRunner.java:271)
	at org.junit.runners.BlockJUnit4ClassRunner.runChild(BlockJUnit4ClassRunner.java:70)
	at org.junit.runners.BlockJUnit4ClassRunner.runChild(BlockJUnit4ClassRunner.java:50)
	at org.junit.runners.ParentRunner$3.run(ParentRunner.java:238)
	at org.junit.runners.ParentRunner$1.schedule(ParentRunner.java:63)
	at org.junit.runners.ParentRunner.runChildren(ParentRunner.java:236)
	at org.junit.runners.ParentRunner.access$000(ParentRunner.java:53)
	at org.junit.runners.ParentRunner$2.evaluate(ParentRunner.java:229)
	at org.junit.internal.runners.statements.RunBefores.evaluate(RunBefores.java:26)
	at org.junit.internal.runners.statements.RunAfters.evaluate(RunAfters.java:27)
	at org.junit.runners.ParentRunner.run(ParentRunner.java:309)
	at org.apache.maven.surefire.junit4.JUnit4Provider.execute(JUnit4Provider.java:365)
	at org.apache.maven.surefire.junit4.JUnit4Provider.executeWithRerun(JUnit4Provider.java:273)
	at org.apache.maven.surefire.junit4.JUnit4Provider.executeTestSet(JUnit4Provider.java:238)
	at org.apache.maven.surefire.junit4.JUnit4Provider.invoke(JUnit4Provider.java:159)
	at org.apache.maven.surefire.booter.ForkedBooter.invokeProviderInSameClassLoader(ForkedBooter.java:384)
	at org.apache.maven.surefire.booter.ForkedBooter.runSuitesInProcess(ForkedBooter.java:345)
	at org.apache.maven.surefire.booter.ForkedBooter.execute(ForkedBooter.java:126)
	at org.apache.maven.surefire.booter.ForkedBooter.main(ForkedBooter.java:418)
</error>
    <system-out><![CDATA[2019-10-16 07:39:14,985 [main] WARN  server.ServerUtils (ServerUtils.java:getScmDbDir(145)) - ozone.scm.db.dirs is not configured. We recommend adding this setting. Falling back to ozone.metadata.dirs instead.
2019-10-16 07:39:15,082 [main] WARN  server.ServerUtils (ServerUtils.java:getScmDbDir(145)) - ozone.scm.db.dirs is not configured. We recommend adding this setting. Falling back to ozone.metadata.dirs instead.
2019-10-16 07:39:15,085 [main] WARN  server.ServerUtils (ServerUtils.java:getScmDbDir(145)) - ozone.scm.db.dirs is not configured. We recommend adding this setting. Falling back to ozone.metadata.dirs instead.
2019-10-16 07:39:15,110 [main] INFO  util.log (Log.java:initialized(192)) - Logging initialized @864ms
2019-10-16 07:39:15,197 [main] INFO  db.DBStoreBuilder (DBStoreBuilder.java:addTable(117)) - using custom profile for table: deletedBlocks
2019-10-16 07:39:15,197 [main] INFO  db.DBStoreBuilder (DBStoreBuilder.java:processTables(168)) - Using default column profile:DBProfile.DISK for Table:deletedBlocks
2019-10-16 07:39:15,198 [main] INFO  db.DBStoreBuilder (DBStoreBuilder.java:addTable(117)) - using custom profile for table: validCerts
2019-10-16 07:39:15,198 [main] INFO  db.DBStoreBuilder (DBStoreBuilder.java:processTables(168)) - Using default column profile:DBProfile.DISK for Table:validCerts
2019-10-16 07:39:15,198 [main] INFO  db.DBStoreBuilder (DBStoreBuilder.java:addTable(117)) - using custom profile for table: revokedCerts
2019-10-16 07:39:15,198 [main] INFO  db.DBStoreBuilder (DBStoreBuilder.java:processTables(168)) - Using default column profile:DBProfile.DISK for Table:revokedCerts
2019-10-16 07:39:15,207 [main] INFO  db.DBStoreBuilder (DBStoreBuilder.java:addTable(117)) - using custom profile for table: default
2019-10-16 07:39:15,207 [main] INFO  db.DBStoreBuilder (DBStoreBuilder.java:processTables(174)) - Using default column profile:DBProfile.DISK for Table:default
2019-10-16 07:39:15,208 [main] INFO  db.DBStoreBuilder (DBStoreBuilder.java:getDbProfile(205)) - Using default options. DBProfile.DISK
2019-10-16 07:39:15,537 [main] INFO  net.NodeSchemaLoader (NodeSchemaLoader.java:loadSchemaFromFile(125)) - Loading file from sun.misc.CompoundEnumeration@5aa9e4eb
2019-10-16 07:39:15,538 [main] INFO  net.NodeSchemaLoader (NodeSchemaLoader.java:loadSchema(171)) - Loading network topology layer schema file
2019-10-16 07:39:15,588 [main] WARN  server.ServerUtils (ServerUtils.java:sanitizeUserArgs(70)) - ozone.scm.stale.node.interval value = 300000 is larger than max = 100000 based on the key value of ozone.scm.heartbeat.thread.interval, reset to the max value 100000.
2019-10-16 07:39:15,590 [main] WARN  server.ServerUtils (ServerUtils.java:sanitizeUserArgs(70)) - ozone.scm.stale.node.interval value = 300000 is larger than max = 100000 based on the key value of ozone.scm.heartbeat.thread.interval, reset to the max value 100000.
2019-10-16 07:39:15,592 [main] INFO  node.SCMNodeManager (SCMNodeManager.java:<init>(116)) - Entering startup safe mode.
2019-10-16 07:39:15,641 [main] INFO  algorithms.ContainerPlacementPolicyFactory (ContainerPlacementPolicyFactory.java:getPolicy(57)) - Create container placement policy of type org.apache.hadoop.hdds.scm.container.placement.algorithms.SCMContainerPlacementRandom
2019-10-16 07:39:15,651 [main] WARN  server.ServerUtils (ServerUtils.java:getScmDbDir(145)) - ozone.scm.db.dirs is not configured. We recommend adding this setting. Falling back to ozone.metadata.dirs instead.
2019-10-16 07:39:15,737 [main] INFO  pipeline.SCMPipelineManager (SCMPipelineManager.java:initializePipelineState(132)) - No pipeline exists in current db
2019-10-16 07:39:15,739 [main] WARN  server.ServerUtils (ServerUtils.java:getScmDbDir(145)) - ozone.scm.db.dirs is not configured. We recommend adding this setting. Falling back to ozone.metadata.dirs instead.
2019-10-16 07:39:15,902 [main] WARN  events.EventQueue (EventQueue.java:fireEvent(183)) - No event handler registered for event TypedEvent{payloadType=SafeModeStatus, name='SafeModeStatus'}
2019-10-16 07:39:16,244 [main] INFO  ipc.CallQueueManager (CallQueueManager.java:<init>(84)) - Using callQueue: class java.util.concurrent.LinkedBlockingQueue, queueCapacity: 2000, scheduler: class org.apache.hadoop.ipc.DefaultRpcScheduler, ipcBackoff: false.
2019-10-16 07:39:16,381 [Socket Reader #1 for port 34119] INFO  ipc.Server (Server.java:run(1074)) - Starting Socket Reader #1 for port 34119
2019-10-16 07:39:16,415 [main] INFO  ipc.CallQueueManager (CallQueueManager.java:<init>(84)) - Using callQueue: class java.util.concurrent.LinkedBlockingQueue, queueCapacity: 2000, scheduler: class org.apache.hadoop.ipc.DefaultRpcScheduler, ipcBackoff: false.
2019-10-16 07:39:16,416 [Socket Reader #1 for port 43034] INFO  ipc.Server (Server.java:run(1074)) - Starting Socket Reader #1 for port 43034
2019-10-16 07:39:16,425 [main] INFO  ipc.CallQueueManager (CallQueueManager.java:<init>(84)) - Using callQueue: class java.util.concurrent.LinkedBlockingQueue, queueCapacity: 2000, scheduler: class org.apache.hadoop.ipc.DefaultRpcScheduler, ipcBackoff: false.
2019-10-16 07:39:16,426 [Socket Reader #1 for port 38779] INFO  ipc.Server (Server.java:run(1074)) - Starting Socket Reader #1 for port 38779
2019-10-16 07:39:16,452 [main] INFO  hdfs.DFSUtil (DFSUtil.java:httpServerTemplateForNNAndJN(1641)) - Starting Web-server for scm at: http://0.0.0.0:0
2019-10-16 07:39:16,622 [main] INFO  server.AuthenticationFilter (AuthenticationFilter.java:constructSecretProvider(240)) - Unable to initialize FileSignerSecretProvider, falling back to use random secrets.
2019-10-16 07:39:16,630 [main] WARN  http.HttpRequestLog (HttpRequestLog.java:getRequestLog(97)) - Jetty request log can only be enabled using Log4j
2019-10-16 07:39:16,638 [main] INFO  http.HttpServer2 (HttpServer2.java:addGlobalFilter(975)) - Added global filter 'safety' (class=org.apache.hadoop.http.HttpServer2$QuotingInputFilter)
2019-10-16 07:39:16,641 [main] INFO  http.HttpServer2 (HttpServer2.java:addFilter(948)) - Added filter static_user_filter (class=org.apache.hadoop.http.lib.StaticUserWebFilter$StaticUserFilter) to context scm
2019-10-16 07:39:16,641 [main] INFO  http.HttpServer2 (HttpServer2.java:addFilter(958)) - Added filter static_user_filter (class=org.apache.hadoop.http.lib.StaticUserWebFilter$StaticUserFilter) to context logs
2019-10-16 07:39:16,641 [main] INFO  http.HttpServer2 (HttpServer2.java:addFilter(958)) - Added filter static_user_filter (class=org.apache.hadoop.http.lib.StaticUserWebFilter$StaticUserFilter) to context static
2019-10-16 07:39:16,672 [main] INFO  server.StorageContainerManager (StorageContainerManager.java:start(772)) - StorageContainerLocationProtocol RPC server is listening at /0.0.0.0:38779
2019-10-16 07:39:16,742 [main] WARN  impl.MetricsConfig (MetricsConfig.java:loadFirst(134)) - Cannot locate configuration: tried hadoop-metrics2-storagecontainermanager.properties,hadoop-metrics2.properties
2019-10-16 07:39:16,756 [main] INFO  impl.MetricsSystemImpl (MetricsSystemImpl.java:startTimer(374)) - Scheduled Metric snapshot period at 10 second(s).
2019-10-16 07:39:16,756 [main] INFO  impl.MetricsSystemImpl (MetricsSystemImpl.java:start(191)) - StorageContainerManager metrics system started
2019-10-16 07:39:17,000 [main] INFO  server.SCMClientProtocolServer (SCMClientProtocolServer.java:start(159)) - RPC server for Client  is listening at /0.0.0.0:38779
2019-10-16 07:39:17,001 [IPC Server listener on 38779] INFO  ipc.Server (Server.java:run(1153)) - IPC Server listener on 38779: starting
2019-10-16 07:39:17,001 [IPC Server Responder] INFO  ipc.Server (Server.java:run(1314)) - IPC Server Responder: starting
2019-10-16 07:39:17,004 [main] INFO  server.StorageContainerManager (StorageContainerManager.java:start(782)) - ScmBlockLocationProtocol RPC server is listening at /0.0.0.0:43034
2019-10-16 07:39:17,004 [main] INFO  server.SCMBlockProtocolServer (SCMBlockProtocolServer.java:start(146)) - RPC server for Block Protocol is listening at /0.0.0.0:43034
2019-10-16 07:39:17,005 [IPC Server listener on 43034] INFO  ipc.Server (Server.java:run(1153)) - IPC Server listener on 43034: starting
2019-10-16 07:39:17,005 [IPC Server Responder] INFO  ipc.Server (Server.java:run(1314)) - IPC Server Responder: starting
2019-10-16 07:39:17,007 [main] INFO  server.StorageContainerManager (StorageContainerManager.java:start(786)) - ScmDatanodeProtocl RPC server is listening at /0.0.0.0:34119
2019-10-16 07:39:17,007 [main] INFO  server.SCMDatanodeProtocolServer (SCMDatanodeProtocolServer.java:start(169)) - RPC server for DataNodes is listening at /0.0.0.0:34119
2019-10-16 07:39:17,008 [IPC Server listener on 34119] INFO  ipc.Server (Server.java:run(1153)) - IPC Server listener on 34119: starting
2019-10-16 07:39:17,008 [IPC Server Responder] INFO  ipc.Server (Server.java:run(1314)) - IPC Server Responder: starting
2019-10-16 07:39:17,012 [main] INFO  http.HttpServer2 (HttpServer2.java:bindListener(1191)) - Jetty bound to port 45404
2019-10-16 07:39:17,014 [main] INFO  server.Server (Server.java:doStart(351)) - jetty-9.3.25.v20180904, build timestamp: 2018-09-04T21:11:46Z, git hash: 3ce520221d0240229c862b122d2b06c12a625732
2019-10-16 07:39:17,051 [main] INFO  handler.ContextHandler (ContextHandler.java:doStart(781)) - Started o.e.j.s.ServletContextHandler@ccb4b1b{/logs,file:///workdir/hadoop-ozone/integration-test/target/log,AVAILABLE}
2019-10-16 07:39:17,051 [main] INFO  handler.ContextHandler (ContextHandler.java:doStart(781)) - Started o.e.j.s.ServletContextHandler@ec2cc4{/static,file:///workdir/hadoop-ozone/integration-test/target/test-classes/webapps/static,AVAILABLE}
2019-10-16 07:39:17,084 [main] INFO  handler.ContextHandler (ContextHandler.java:doStart(781)) - Started o.e.j.w.WebAppContext@4108fa66{/,file:///workdir/hadoop-ozone/integration-test/target/test-classes/webapps/scm/,AVAILABLE}{/scm}
2019-10-16 07:39:17,089 [main] INFO  server.AbstractConnector (AbstractConnector.java:doStart(278)) - Started ServerConnector@21ca139c{HTTP/1.1,[http/1.1]}{0.0.0.0:45404}
2019-10-16 07:39:17,089 [main] INFO  server.Server (Server.java:doStart(419)) - Started @2843ms
2019-10-16 07:39:17,091 [main] INFO  impl.MetricsSinkAdapter (MetricsSinkAdapter.java:start(204)) - Sink prometheus started
2019-10-16 07:39:17,092 [main] INFO  impl.MetricsSystemImpl (MetricsSystemImpl.java:registerSink(301)) - Registered sink prometheus
2019-10-16 07:39:17,095 [main] INFO  server.BaseHttpServer (BaseHttpServer.java:updateConnectorAddress(215)) - HTTP server of SCM is listening at http://0.0.0.0:45404
2019-10-16 07:39:17,103 [org.apache.hadoop.util.JvmPauseMonitor$Monitor@5aa0dbf4] INFO  util.JvmPauseMonitor (JvmPauseMonitor.java:run(188)) - Starting JVM pause monitor
2019-10-16 07:39:17,108 [main] WARN  server.ServerUtils (ServerUtils.java:getDBPath(222)) - ozone.om.db.dirs is not configured. We recommend adding this setting. Falling back to ozone.metadata.dirs instead.
2019-10-16 07:39:17,248 [main] INFO  ha.OMHANodeDetails (OMHANodeDetails.java:loadOMHAConfig(190)) - Configuration either no ozone.om.address set. Falling back to the default OM address /127.0.0.1:0
2019-10-16 07:39:17,248 [main] INFO  ha.OMHANodeDetails (OMHANodeDetails.java:getOMNodeDetails(220)) - OM Service ID is not set. Setting it to the default ID: omServiceIdDefault
2019-10-16 07:39:17,250 [main] WARN  server.ServerUtils (ServerUtils.java:getDBPath(222)) - ozone.om.db.dirs is not configured. We recommend adding this setting. Falling back to ozone.metadata.dirs instead.
2019-10-16 07:39:17,251 [main] WARN  server.ServerUtils (ServerUtils.java:getDBPath(222)) - ozone.om.db.dirs is not configured. We recommend adding this setting. Falling back to ozone.metadata.dirs instead.
2019-10-16 07:39:17,858 [main] WARN  server.ServerUtils (ServerUtils.java:getDBPath(222)) - ozone.om.db.dirs is not configured. We recommend adding this setting. Falling back to ozone.metadata.dirs instead.
2019-10-16 07:39:17,866 [main] INFO  db.DBStoreBuilder (DBStoreBuilder.java:addTable(117)) - using custom profile for table: userTable
2019-10-16 07:39:17,866 [main] INFO  db.DBStoreBuilder (DBStoreBuilder.java:processTables(168)) - Using default column profile:DBProfile.DISK for Table:userTable
2019-10-16 07:39:17,867 [main] INFO  db.DBStoreBuilder (DBStoreBuilder.java:addTable(117)) - using custom profile for table: volumeTable
2019-10-16 07:39:17,867 [main] INFO  db.DBStoreBuilder (DBStoreBuilder.java:processTables(168)) - Using default column profile:DBProfile.DISK for Table:volumeTable
2019-10-16 07:39:17,867 [main] INFO  db.DBStoreBuilder (DBStoreBuilder.java:addTable(117)) - using custom profile for table: bucketTable
2019-10-16 07:39:17,867 [main] INFO  db.DBStoreBuilder (DBStoreBuilder.java:processTables(168)) - Using default column profile:DBProfile.DISK for Table:bucketTable
2019-10-16 07:39:17,867 [main] INFO  db.DBStoreBuilder (DBStoreBuilder.java:addTable(117)) - using custom profile for table: keyTable
2019-10-16 07:39:17,868 [main] INFO  db.DBStoreBuilder (DBStoreBuilder.java:processTables(168)) - Using default column profile:DBProfile.DISK for Table:keyTable
2019-10-16 07:39:17,868 [main] INFO  db.DBStoreBuilder (DBStoreBuilder.java:addTable(117)) - using custom profile for table: deletedTable
2019-10-16 07:39:17,868 [main] INFO  db.DBStoreBuilder (DBStoreBuilder.java:processTables(168)) - Using default column profile:DBProfile.DISK for Table:deletedTable
2019-10-16 07:39:17,868 [main] INFO  db.DBStoreBuilder (DBStoreBuilder.java:addTable(117)) - using custom profile for table: openKeyTable
2019-10-16 07:39:17,869 [main] INFO  db.DBStoreBuilder (DBStoreBuilder.java:processTables(168)) - Using default column profile:DBProfile.DISK for Table:openKeyTable
2019-10-16 07:39:17,869 [main] INFO  db.DBStoreBuilder (DBStoreBuilder.java:addTable(117)) - using custom profile for table: s3Table
2019-10-16 07:39:17,869 [main] INFO  db.DBStoreBuilder (DBStoreBuilder.java:processTables(168)) - Using default column profile:DBProfile.DISK for Table:s3Table
2019-10-16 07:39:17,869 [main] INFO  db.DBStoreBuilder (DBStoreBuilder.java:addTable(117)) - using custom profile for table: multipartInfoTable
2019-10-16 07:39:17,869 [main] INFO  db.DBStoreBuilder (DBStoreBuilder.java:processTables(168)) - Using default column profile:DBProfile.DISK for Table:multipartInfoTable
2019-10-16 07:39:17,870 [main] INFO  db.DBStoreBuilder (DBStoreBuilder.java:addTable(117)) - using custom profile for table: dTokenTable
2019-10-16 07:39:17,870 [main] INFO  db.DBStoreBuilder (DBStoreBuilder.java:processTables(168)) - Using default column profile:DBProfile.DISK for Table:dTokenTable
2019-10-16 07:39:17,870 [main] INFO  db.DBStoreBuilder (DBStoreBuilder.java:addTable(117)) - using custom profile for table: s3SecretTable
2019-10-16 07:39:17,870 [main] INFO  db.DBStoreBuilder (DBStoreBuilder.java:processTables(168)) - Using default column profile:DBProfile.DISK for Table:s3SecretTable
2019-10-16 07:39:17,871 [main] INFO  db.DBStoreBuilder (DBStoreBuilder.java:addTable(117)) - using custom profile for table: prefixTable
2019-10-16 07:39:17,871 [main] INFO  db.DBStoreBuilder (DBStoreBuilder.java:processTables(168)) - Using default column profile:DBProfile.DISK for Table:prefixTable
2019-10-16 07:39:17,871 [main] INFO  db.DBStoreBuilder (DBStoreBuilder.java:addTable(117)) - using custom profile for table: default
2019-10-16 07:39:17,871 [main] INFO  db.DBStoreBuilder (DBStoreBuilder.java:processTables(174)) - Using default column profile:DBProfile.DISK for Table:default
2019-10-16 07:39:17,872 [main] INFO  db.DBStoreBuilder (DBStoreBuilder.java:getDbProfile(205)) - Using default options. DBProfile.DISK
2019-10-16 07:39:18,513 [main] WARN  scm.HddsServerUtil (HddsServerUtil.java:getDefaultRatisDirectory(354)) - Storage directory for Ratis is not configured. It is a good idea to map this to an SSD disk. Falling back to ozone.metadata.dirs
2019-10-16 07:39:18,542 [main] INFO  ratis.OzoneManagerRatisServer (OzoneManagerRatisServer.java:<init>(243)) - Instantiating OM Ratis server with GroupID: omServiceIdDefault and Raft Peers: localhost:9872
2019-10-16 07:39:18,694 [main] INFO  impl.RaftServerProxy (ConfUtils.java:logGet(43)) - raft.rpc.type = GRPC (default)
2019-10-16 07:39:18,780 [main] INFO  grpc.GrpcFactory (GrpcFactory.java:checkPooledByteBufAllocatorUseCacheForAllThreads(45)) - PERFORMANCE WARNING: useCacheForAllThreads is true that may cause Netty to create a lot garbage objects and, as a result, trigger GC.
	It is recommended to disable useCacheForAllThreads by setting -Dorg.apache.ratis.thirdparty.io.netty.allocator.useCacheForAllThreads=false in command line.
2019-10-16 07:39:18,785 [main] INFO  grpc.GrpcConfigKeys$Server (ConfUtils.java:logGet(43)) - raft.grpc.server.port = 9872 (custom)
2019-10-16 07:39:18,786 [main] INFO  server.GrpcService (ConfUtils.java:logGet(43)) - raft.grpc.message.size.max = 33554432 (custom)
2019-10-16 07:39:18,788 [main] INFO  server.RaftServerConfigKeys (ConfUtils.java:logGet(43)) - raft.server.log.appender.buffer.byte-limit = 33554432 (custom)
2019-10-16 07:39:18,789 [main] INFO  server.GrpcService (ConfUtils.java:logGet(43)) - raft.grpc.flow.control.window = 1MB (=1048576) (default)
2019-10-16 07:39:18,790 [main] INFO  server.RaftServerConfigKeys (ConfUtils.java:logGet(43)) - raft.server.rpc.request.timeout = 3000ms (default)
2019-10-16 07:39:18,940 [main] INFO  server.RaftServerConfigKeys (ConfUtils.java:logGet(43)) - raft.server.storage.dir = [/workdir/hadoop-ozone/integration-test/target/test-dir/MiniOzoneClusterImpl-d5591382-938c-4025-98c2-9a8d578ab975/ozone-meta/ratis] (custom)
2019-10-16 07:39:18,947 [main] INFO  impl.RaftServerProxy (RaftServerProxy.java:addNew(89)) - f795436f-3b49-4317-86ad-3b80027a9b10: addNew group-C5BA1605619E:[f795436f-3b49-4317-86ad-3b80027a9b10:localhost:9872] returns group-C5BA1605619E:java.util.concurrent.CompletableFuture@4f966719[Not completed]
2019-10-16 07:39:18,949 [main] INFO  om.OzoneManager (OzoneManager.java:initializeRatisServer(1220)) - OzoneManager Ratis server initialized at port 9872
2019-10-16 07:39:18,951 [main] WARN  scm.HddsServerUtil (HddsServerUtil.java:getDefaultRatisDirectory(354)) - Storage directory for Ratis is not configured. It is a good idea to map this to an SSD disk. Falling back to ozone.metadata.dirs
2019-10-16 07:39:18,952 [main] WARN  scm.HddsServerUtil (HddsServerUtil.java:getDefaultRatisDirectory(354)) - Storage directory for Ratis is not configured. It is a good idea to map this to an SSD disk. Falling back to ozone.metadata.dirs
2019-10-16 07:39:18,963 [pool-22-thread-1] INFO  impl.RaftServerImpl (RaftServerImpl.java:<init>(104)) - f795436f-3b49-4317-86ad-3b80027a9b10: new RaftServerImpl for group-C5BA1605619E:[f795436f-3b49-4317-86ad-3b80027a9b10:localhost:9872] with OzoneManagerStateMachine:uninitialized
2019-10-16 07:39:18,966 [pool-22-thread-1] INFO  server.RaftServerConfigKeys (ConfUtils.java:logGet(43)) - raft.server.rpc.timeout.min = 1s (custom)
2019-10-16 07:39:18,966 [pool-22-thread-1] INFO  server.RaftServerConfigKeys (ConfUtils.java:logGet(43)) - raft.server.rpc.timeout.max = 1200ms (custom)
2019-10-16 07:39:18,967 [pool-22-thread-1] INFO  server.RaftServerConfigKeys (ConfUtils.java:logGet(43)) - raft.server.rpcslowness.timeout = 120s (custom)
2019-10-16 07:39:18,967 [main] INFO  ipc.CallQueueManager (CallQueueManager.java:<init>(84)) - Using callQueue: class java.util.concurrent.LinkedBlockingQueue, queueCapacity: 2000, scheduler: class org.apache.hadoop.ipc.DefaultRpcScheduler, ipcBackoff: false.
2019-10-16 07:39:18,967 [pool-22-thread-1] INFO  server.RaftServerConfigKeys (ConfUtils.java:logGet(43)) - raft.server.sleep.deviation.threshold = 300 (default)
2019-10-16 07:39:18,968 [Socket Reader #1 for port 46319] INFO  ipc.Server (Server.java:run(1074)) - Starting Socket Reader #1 for port 46319
2019-10-16 07:39:18,969 [pool-22-thread-1] INFO  server.RaftServerConfigKeys (ConfUtils.java:logGet(43)) - raft.server.log.appender.install.snapshot.enabled = false (custom)
2019-10-16 07:39:18,979 [pool-22-thread-1] INFO  impl.RaftServerImpl (ServerState.java:<init>(103)) - f795436f-3b49-4317-86ad-3b80027a9b10@group-C5BA1605619E: ConfigurationManager, init=-1: [f795436f-3b49-4317-86ad-3b80027a9b10:localhost:9872], old=null, confs=<EMPTY_MAP>
2019-10-16 07:39:18,980 [pool-22-thread-1] INFO  server.RaftServerConfigKeys (ConfUtils.java:logGet(43)) - raft.server.storage.dir = [/workdir/hadoop-ozone/integration-test/target/test-dir/MiniOzoneClusterImpl-d5591382-938c-4025-98c2-9a8d578ab975/ozone-meta/ratis] (custom)
2019-10-16 07:39:18,991 [main] INFO  om.OzoneManager (OzoneManager.java:start(1074)) - OzoneManager RPC server is listening at localhost/127.0.0.1:46319
2019-10-16 07:39:18,991 [main] INFO  impl.MetricsSystemImpl (MetricsSystemImpl.java:init(158)) - OzoneManager metrics system started (again)
2019-10-16 07:39:18,991 [main] INFO  ratis.OzoneManagerRatisServer (OzoneManagerRatisServer.java:start(333)) - Starting OzoneManagerRatisServer f795436f-3b49-4317-86ad-3b80027a9b10 at port 9872
2019-10-16 07:39:18,991 [pool-22-thread-1] INFO  server.RaftServerConfigKeys (ConfUtils.java:logGet(43)) - raft.server.log.corruption.policy = EXCEPTION (default)
2019-10-16 07:39:18,993 [pool-22-thread-1] INFO  storage.RaftStorageDirectory (RaftStorageDirectory.java:analyzeStorage(246)) - The storage directory /workdir/hadoop-ozone/integration-test/target/test-dir/MiniOzoneClusterImpl-d5591382-938c-4025-98c2-9a8d578ab975/ozone-meta/ratis/bf265839-605b-3f16-9796-c5ba1605619e does not exist. Creating ...
2019-10-16 07:39:19,028 [pool-22-thread-1] INFO  storage.RaftStorageDirectory (RaftStorageDirectory.java:tryLock(328)) - Lock on /workdir/hadoop-ozone/integration-test/target/test-dir/MiniOzoneClusterImpl-d5591382-938c-4025-98c2-9a8d578ab975/ozone-meta/ratis/bf265839-605b-3f16-9796-c5ba1605619e/in_use.lock acquired by nodename 1235@pr-hdds-1737-dstl4-2900247166
2019-10-16 07:39:19,044 [pool-22-thread-1] INFO  storage.RaftStorage (RaftStorage.java:format(84)) - Storage directory /workdir/hadoop-ozone/integration-test/target/test-dir/MiniOzoneClusterImpl-d5591382-938c-4025-98c2-9a8d578ab975/ozone-meta/ratis/bf265839-605b-3f16-9796-c5ba1605619e has been successfully formatted.
2019-10-16 07:39:19,049 [pool-22-thread-1] INFO  server.RaftServerConfigKeys (ConfUtils.java:logGet(43)) - raft.server.notification.no-leader.timeout = 120s (custom)
2019-10-16 07:39:19,053 [pool-22-thread-1] INFO  server.RaftServerConfigKeys (ConfUtils.java:logGet(43)) - raft.server.log.use.memory = false (default)
2019-10-16 07:39:19,060 [pool-22-thread-1] INFO  server.RaftServerConfigKeys (ConfUtils.java:logGet(43)) - raft.server.log.purge.gap = 1000000 (custom)
2019-10-16 07:39:19,060 [pool-22-thread-1] INFO  server.RaftServerConfigKeys (ConfUtils.java:logGet(43)) - raft.server.log.appender.buffer.byte-limit = 33554432 (custom)
2019-10-16 07:39:19,063 [pool-22-thread-1] INFO  server.RaftServerConfigKeys (ConfUtils.java:logGet(43)) - raft.server.log.segment.size.max = 16384 (custom)
2019-10-16 07:39:19,065 [pool-22-thread-1] INFO  impl.MetricsSystemImpl (MetricsSystemImpl.java:init(158)) - ratis metrics system started (again)
2019-10-16 07:39:19,070 [pool-22-thread-1] INFO  metrics.MetricRegistries (MetricRegistriesLoader.java:load(64)) - Loaded MetricRegistries class org.apache.ratis.metrics.impl.MetricRegistriesImpl
2019-10-16 07:39:19,110 [pool-22-thread-1] INFO  server.RaftServerConfigKeys (ConfUtils.java:logGet(43)) - raft.server.log.segment.cache.num.max = 2 (custom)
2019-10-16 07:39:19,115 [pool-22-thread-1] INFO  segmented.SegmentedRaftLogWorker (SegmentedRaftLogWorker.java:<init>(173)) - new f795436f-3b49-4317-86ad-3b80027a9b10@group-C5BA1605619E-SegmentedRaftLogWorker for RaftStorage:Storage Directory /workdir/hadoop-ozone/integration-test/target/test-dir/MiniOzoneClusterImpl-d5591382-938c-4025-98c2-9a8d578ab975/ozone-meta/ratis/bf265839-605b-3f16-9796-c5ba1605619e
2019-10-16 07:39:19,116 [pool-22-thread-1] INFO  server.RaftServerConfigKeys (ConfUtils.java:logGet(43)) - raft.server.log.queue.byte-limit = 64MB (=67108864) (default)
2019-10-16 07:39:19,116 [pool-22-thread-1] INFO  server.RaftServerConfigKeys (ConfUtils.java:logGet(43)) - raft.server.log.queue.element-limit = 4096 (default)
2019-10-16 07:39:19,118 [pool-22-thread-1] INFO  server.RaftServerConfigKeys (ConfUtils.java:logGet(43)) - raft.server.log.segment.size.max = 16384 (custom)
2019-10-16 07:39:19,118 [pool-22-thread-1] INFO  server.RaftServerConfigKeys (ConfUtils.java:logGet(43)) - raft.server.log.preallocated.size = 16384 (custom)
2019-10-16 07:39:19,119 [pool-22-thread-1] INFO  server.RaftServerConfigKeys (ConfUtils.java:logGet(43)) - raft.server.log.write.buffer.size = 64KB (=65536) (default)
2019-10-16 07:39:19,119 [pool-22-thread-1] INFO  server.RaftServerConfigKeys (ConfUtils.java:logGet(43)) - raft.server.log.force.sync.num = 128 (default)
2019-10-16 07:39:19,121 [pool-22-thread-1] INFO  server.RaftServerConfigKeys (ConfUtils.java:logGet(43)) - raft.server.log.statemachine.data.sync = true (default)
2019-10-16 07:39:19,121 [pool-22-thread-1] INFO  server.RaftServerConfigKeys (ConfUtils.java:logGet(43)) - raft.server.log.statemachine.data.sync.timeout = 10s (default)
2019-10-16 07:39:19,121 [pool-22-thread-1] INFO  server.RaftServerConfigKeys (ConfUtils.java:logGet(43)) - raft.server.log.statemachine.data.sync.timeout.retry = -1 (default)
2019-10-16 07:39:19,133 [pool-22-thread-1] INFO  server.RaftServerConfigKeys (ConfUtils.java:logGet(43)) - raft.server.log.statemachine.data.caching.enabled = false (default)
2019-10-16 07:39:19,137 [pool-22-thread-1] INFO  segmented.SegmentedRaftLogWorker (SegmentedRaftLogWorker.java:lambda$new$0(128)) - f795436f-3b49-4317-86ad-3b80027a9b10@group-C5BA1605619E-SegmentedRaftLogWorker: flushIndex: setUnconditionally 0 -> -1
2019-10-16 07:39:19,141 [pool-22-thread-1] INFO  server.RaftServerConfigKeys (ConfUtils.java:logGet(43)) - raft.server.snapshot.auto.trigger.enabled = true (custom)
2019-10-16 07:39:19,142 [pool-22-thread-1] INFO  server.RaftServerConfigKeys (ConfUtils.java:logGet(43)) - raft.server.snapshot.auto.trigger.threshold = 400000 (default)
2019-10-16 07:39:19,143 [pool-22-thread-1] INFO  server.RaftServerConfigKeys (ConfUtils.java:logGet(43)) - raft.server.snapshot.retention.file.num = -1 (default)
2019-10-16 07:39:19,143 [pool-22-thread-1] INFO  server.RaftServerConfigKeys (ConfUtils.java:logGet(43)) - raft.server.retrycache.expirytime = 600000ms (custom)
2019-10-16 07:39:19,171 [main] INFO  impl.RaftServerImpl (RaftServerImpl.java:start(195)) - f795436f-3b49-4317-86ad-3b80027a9b10@group-C5BA1605619E: start as a follower, conf=-1: [f795436f-3b49-4317-86ad-3b80027a9b10:localhost:9872], old=null
2019-10-16 07:39:19,174 [main] INFO  impl.RaftServerImpl (RaftServerImpl.java:setRole(184)) - f795436f-3b49-4317-86ad-3b80027a9b10@group-C5BA1605619E: changes role from      null to FOLLOWER at term 0 for startAsFollower
2019-10-16 07:39:19,177 [main] INFO  impl.RoleInfo (RoleInfo.java:updateAndGet(143)) - f795436f-3b49-4317-86ad-3b80027a9b10: start FollowerState
2019-10-16 07:39:19,180 [main] INFO  util.JmxRegister (JmxRegister.java:tryRegister(44)) - Successfully registered JMX Bean with object name Ratis:service=RaftServer,group=group-C5BA1605619E,id=f795436f-3b49-4317-86ad-3b80027a9b10
2019-10-16 07:39:19,191 [Thread-93] INFO  impl.FollowerState (FollowerState.java:run(108)) - f795436f-3b49-4317-86ad-3b80027a9b10@group-C5BA1605619E-FollowerState: change to CANDIDATE, lastRpcTime:14ms, electionTimeout:13ms
2019-10-16 07:39:19,197 [Thread-93] INFO  impl.RoleInfo (RoleInfo.java:shutdownFollowerState(121)) - f795436f-3b49-4317-86ad-3b80027a9b10: shutdown FollowerState
2019-10-16 07:39:19,198 [Thread-93] INFO  impl.RaftServerImpl (RaftServerImpl.java:setRole(184)) - f795436f-3b49-4317-86ad-3b80027a9b10@group-C5BA1605619E: changes role from  FOLLOWER to CANDIDATE at term 0 for changeToCandidate
2019-10-16 07:39:19,202 [Thread-93] INFO  impl.RoleInfo (RoleInfo.java:updateAndGet(143)) - f795436f-3b49-4317-86ad-3b80027a9b10: start LeaderElection
2019-10-16 07:39:19,206 [main] INFO  impl.RaftServerProxy (RaftServerProxy.java:lambda$start$3(299)) - f795436f-3b49-4317-86ad-3b80027a9b10: start RPC server
2019-10-16 07:39:19,216 [f795436f-3b49-4317-86ad-3b80027a9b10@group-C5BA1605619E-LeaderElection1] INFO  impl.LeaderElection (LeaderElection.java:askForVotes(178)) - f795436f-3b49-4317-86ad-3b80027a9b10@group-C5BA1605619E-LeaderElection1: begin an election at term 1 for -1: [f795436f-3b49-4317-86ad-3b80027a9b10:localhost:9872], old=null
2019-10-16 07:39:19,218 [f795436f-3b49-4317-86ad-3b80027a9b10@group-C5BA1605619E-LeaderElection1] INFO  impl.RoleInfo (RoleInfo.java:shutdownLeaderElection(134)) - f795436f-3b49-4317-86ad-3b80027a9b10: shutdown LeaderElection
2019-10-16 07:39:19,219 [f795436f-3b49-4317-86ad-3b80027a9b10@group-C5BA1605619E-LeaderElection1] INFO  impl.RaftServerImpl (RaftServerImpl.java:setRole(184)) - f795436f-3b49-4317-86ad-3b80027a9b10@group-C5BA1605619E: changes role from CANDIDATE to LEADER at term 1 for changeToLeader
2019-10-16 07:39:19,220 [f795436f-3b49-4317-86ad-3b80027a9b10@group-C5BA1605619E-LeaderElection1] INFO  impl.RaftServerImpl (ServerState.java:setLeader(256)) - f795436f-3b49-4317-86ad-3b80027a9b10@group-C5BA1605619E: change Leader from null to f795436f-3b49-4317-86ad-3b80027a9b10 at term 1 for becomeLeader, leader elected after 170ms
2019-10-16 07:39:19,226 [f795436f-3b49-4317-86ad-3b80027a9b10@group-C5BA1605619E-LeaderElection1] INFO  server.RaftServerConfigKeys (ConfUtils.java:logGet(43)) - raft.server.staging.catchup.gap = 1000 (default)
2019-10-16 07:39:19,226 [f795436f-3b49-4317-86ad-3b80027a9b10@group-C5BA1605619E-LeaderElection1] INFO  server.RaftServerConfigKeys (ConfUtils.java:logGet(43)) - raft.server.rpc.sleep.time = 25ms (default)
2019-10-16 07:39:19,231 [f795436f-3b49-4317-86ad-3b80027a9b10@group-C5BA1605619E-LeaderElection1] INFO  server.RaftServerConfigKeys (ConfUtils.java:logGet(43)) - raft.server.write.element-limit = 4096 (default)
2019-10-16 07:39:19,238 [f795436f-3b49-4317-86ad-3b80027a9b10@group-C5BA1605619E-LeaderElection1] INFO  server.RaftServerConfigKeys (ConfUtils.java:logGet(43)) - raft.server.watch.timeout = 10s (default)
2019-10-16 07:39:19,239 [f795436f-3b49-4317-86ad-3b80027a9b10@group-C5BA1605619E-LeaderElection1] INFO  server.RaftServerConfigKeys (ConfUtils.java:logGet(43)) - raft.server.watch.timeout.denomination = 1s (default)
2019-10-16 07:39:19,240 [f795436f-3b49-4317-86ad-3b80027a9b10@group-C5BA1605619E-LeaderElection1] INFO  server.RaftServerConfigKeys (ConfUtils.java:logGet(43)) - raft.server.watch.element-limit = 65536 (default)
2019-10-16 07:39:19,267 [f795436f-3b49-4317-86ad-3b80027a9b10@group-C5BA1605619E-LeaderElection1] INFO  impl.RoleInfo (RoleInfo.java:updateAndGet(143)) - f795436f-3b49-4317-86ad-3b80027a9b10: start LeaderState
2019-10-16 07:39:19,296 [f795436f-3b49-4317-86ad-3b80027a9b10@group-C5BA1605619E-LeaderElection1] INFO  segmented.SegmentedRaftLogWorker (SegmentedRaftLogWorker.java:startLogSegment(385)) - f795436f-3b49-4317-86ad-3b80027a9b10@group-C5BA1605619E-SegmentedRaftLogWorker: Starting segment from index:0
2019-10-16 07:39:19,319 [f795436f-3b49-4317-86ad-3b80027a9b10@group-C5BA1605619E-LeaderElection1] INFO  impl.RaftServerImpl (ServerState.java:setRaftConf(357)) - f795436f-3b49-4317-86ad-3b80027a9b10@group-C5BA1605619E: set configuration 0: [f795436f-3b49-4317-86ad-3b80027a9b10:localhost:9872], old=null at 0
2019-10-16 07:39:19,348 [main] INFO  server.GrpcService (GrpcService.java:startImpl(158)) - f795436f-3b49-4317-86ad-3b80027a9b10: GrpcService started, listening on 0.0.0.0/0.0.0.0:9872
2019-10-16 07:39:19,362 [IPC Server Responder] INFO  ipc.Server (Server.java:run(1314)) - IPC Server Responder: starting
2019-10-16 07:39:19,362 [IPC Server listener on 46319] INFO  ipc.Server (Server.java:run(1153)) - IPC Server listener on 46319: starting
2019-10-16 07:39:19,370 [main] INFO  hdfs.DFSUtil (DFSUtil.java:httpServerTemplateForNNAndJN(1641)) - Starting Web-server for ozoneManager at: http://0.0.0.0:0
2019-10-16 07:39:19,372 [main] INFO  server.AuthenticationFilter (AuthenticationFilter.java:constructSecretProvider(240)) - Unable to initialize FileSignerSecretProvider, falling back to use random secrets.
2019-10-16 07:39:19,372 [main] WARN  http.HttpRequestLog (HttpRequestLog.java:getRequestLog(97)) - Jetty request log can only be enabled using Log4j
2019-10-16 07:39:19,376 [main] INFO  http.HttpServer2 (HttpServer2.java:addGlobalFilter(975)) - Added global filter 'safety' (class=org.apache.hadoop.http.HttpServer2$QuotingInputFilter)
2019-10-16 07:39:19,378 [main] INFO  http.HttpServer2 (HttpServer2.java:addFilter(948)) - Added filter static_user_filter (class=org.apache.hadoop.http.lib.StaticUserWebFilter$StaticUserFilter) to context ozoneManager
2019-10-16 07:39:19,378 [main] INFO  http.HttpServer2 (HttpServer2.java:addFilter(958)) - Added filter static_user_filter (class=org.apache.hadoop.http.lib.StaticUserWebFilter$StaticUserFilter) to context logs
2019-10-16 07:39:19,378 [main] INFO  http.HttpServer2 (HttpServer2.java:addFilter(958)) - Added filter static_user_filter (class=org.apache.hadoop.http.lib.StaticUserWebFilter$StaticUserFilter) to context static
2019-10-16 07:39:19,382 [main] INFO  http.HttpServer2 (HttpServer2.java:bindListener(1191)) - Jetty bound to port 41153
2019-10-16 07:39:19,382 [main] INFO  server.Server (Server.java:doStart(351)) - jetty-9.3.25.v20180904, build timestamp: 2018-09-04T21:11:46Z, git hash: 3ce520221d0240229c862b122d2b06c12a625732
2019-10-16 07:39:19,386 [main] INFO  handler.ContextHandler (ContextHandler.java:doStart(781)) - Started o.e.j.s.ServletContextHandler@25cd49a4{/logs,file:///workdir/hadoop-ozone/integration-test/target/log,AVAILABLE}
2019-10-16 07:39:19,387 [main] INFO  handler.ContextHandler (ContextHandler.java:doStart(781)) - Started o.e.j.s.ServletContextHandler@3ae9d1e2{/static,file:///workdir/hadoop-ozone/integration-test/target/test-classes/webapps/static,AVAILABLE}
2019-10-16 07:39:19,395 [main] INFO  handler.ContextHandler (ContextHandler.java:doStart(781)) - Started o.e.j.w.WebAppContext@2c8662ac{/,file:///workdir/hadoop-ozone/integration-test/target/test-classes/webapps/ozoneManager/,AVAILABLE}{/ozoneManager}
2019-10-16 07:39:19,396 [main] INFO  server.AbstractConnector (AbstractConnector.java:doStart(278)) - Started ServerConnector@260ff5b7{HTTP/1.1,[http/1.1]}{0.0.0.0:41153}
2019-10-16 07:39:19,398 [main] INFO  server.Server (Server.java:doStart(419)) - Started @5152ms
2019-10-16 07:39:19,398 [main] WARN  impl.MetricsSystemImpl (MetricsSystemImpl.java:register(276)) - Sink prometheus already exists!
2019-10-16 07:39:19,402 [main] INFO  server.BaseHttpServer (BaseHttpServer.java:updateConnectorAddress(215)) - HTTP server of OZONEMANAGER is listening at http://0.0.0.0:41153
2019-10-16 07:39:19,508 [f795436f-3b49-4317-86ad-3b80027a9b10@group-C5BA1605619E-SegmentedRaftLogWorker] INFO  segmented.SegmentedRaftLogWorker (SegmentedRaftLogWorker.java:execute(576)) - f795436f-3b49-4317-86ad-3b80027a9b10@group-C5BA1605619E-SegmentedRaftLogWorker: created new log segment /workdir/hadoop-ozone/integration-test/target/test-dir/MiniOzoneClusterImpl-d5591382-938c-4025-98c2-9a8d578ab975/ozone-meta/ratis/bf265839-605b-3f16-9796-c5ba1605619e/current/log_inprogress_0
2019-10-16 07:39:19,536 [main] INFO  impl.MetricsSystemImpl (MetricsSystemImpl.java:init(158)) - HddsDatanode metrics system started (again)
2019-10-16 07:39:19,579 [main] INFO  ozone.HddsDatanodeService (HddsDatanodeService.java:start(184)) - HddsDatanodeService host:pr-hdds-1737-dstl4-2900247166 ip:192.168.34.43
2019-10-16 07:39:19,610 [main] INFO  volume.HddsVolume (HddsVolume.java:<init>(176)) - Creating Volume: /workdir/hadoop-ozone/integration-test/target/test-dir/MiniOzoneClusterImpl-d5591382-938c-4025-98c2-9a8d578ab975/datanode-0/data/containers/hdds of  storage type : DISK and capacity : 1482555576320
2019-10-16 07:39:19,612 [main] INFO  volume.VolumeSet (VolumeSet.java:initializeVolumeSet(170)) - Added Volume : /workdir/hadoop-ozone/integration-test/target/test-dir/MiniOzoneClusterImpl-d5591382-938c-4025-98c2-9a8d578ab975/datanode-0/data/containers/hdds to VolumeSet
2019-10-16 07:39:19,614 [main] INFO  volume.ThrottledAsyncChecker (ThrottledAsyncChecker.java:schedule(141)) - Scheduling a check for /workdir/hadoop-ozone/integration-test/target/test-dir/MiniOzoneClusterImpl-d5591382-938c-4025-98c2-9a8d578ab975/datanode-0/data/containers/hdds
2019-10-16 07:39:19,629 [main] INFO  volume.HddsVolumeChecker (HddsVolumeChecker.java:checkAllVolumes(204)) - Scheduled health check for volume /workdir/hadoop-ozone/integration-test/target/test-dir/MiniOzoneClusterImpl-d5591382-938c-4025-98c2-9a8d578ab975/datanode-0/data/containers/hdds
2019-10-16 07:39:19,676 [main] INFO  impl.RaftServerProxy (ConfUtils.java:logGet(43)) - raft.rpc.type = GRPC (default)
2019-10-16 07:39:19,676 [main] INFO  grpc.GrpcFactory (GrpcFactory.java:checkPooledByteBufAllocatorUseCacheForAllThreads(45)) - PERFORMANCE WARNING: useCacheForAllThreads is true that may cause Netty to create a lot garbage objects and, as a result, trigger GC.
	It is recommended to disable useCacheForAllThreads by setting -Dorg.apache.ratis.thirdparty.io.netty.allocator.useCacheForAllThreads=false in command line.
2019-10-16 07:39:19,676 [main] INFO  grpc.GrpcConfigKeys$Server (ConfUtils.java:logGet(43)) - raft.grpc.server.port = 0 (default)
2019-10-16 07:39:19,676 [main] INFO  server.GrpcService (ConfUtils.java:logGet(43)) - raft.grpc.message.size.max = 33570816 (custom)
2019-10-16 07:39:19,676 [main] INFO  server.RaftServerConfigKeys (ConfUtils.java:logGet(43)) - raft.server.log.appender.buffer.byte-limit = 33554432 (custom)
2019-10-16 07:39:19,677 [main] INFO  server.GrpcService (ConfUtils.java:logGet(43)) - raft.grpc.flow.control.window = 1MB (=1048576) (default)
2019-10-16 07:39:19,677 [main] INFO  server.RaftServerConfigKeys (ConfUtils.java:logGet(43)) - raft.server.rpc.request.timeout = 3000ms (default)
2019-10-16 07:39:19,678 [main] INFO  server.RaftServerConfigKeys (ConfUtils.java:logGet(43)) - raft.server.storage.dir = [/workdir/hadoop-ozone/integration-test/target/test-dir/MiniOzoneClusterImpl-d5591382-938c-4025-98c2-9a8d578ab975/datanode-0/data/ratis] (custom)
2019-10-16 07:39:19,725 [main] INFO  hdfs.DFSUtil (DFSUtil.java:httpServerTemplateForNNAndJN(1641)) - Starting Web-server for hddsDatanode at: http://0.0.0.0:0
2019-10-16 07:39:19,727 [main] INFO  server.AuthenticationFilter (AuthenticationFilter.java:constructSecretProvider(240)) - Unable to initialize FileSignerSecretProvider, falling back to use random secrets.
2019-10-16 07:39:19,727 [main] WARN  http.HttpRequestLog (HttpRequestLog.java:getRequestLog(97)) - Jetty request log can only be enabled using Log4j
2019-10-16 07:39:19,730 [main] INFO  http.HttpServer2 (HttpServer2.java:addGlobalFilter(975)) - Added global filter 'safety' (class=org.apache.hadoop.http.HttpServer2$QuotingInputFilter)
2019-10-16 07:39:19,731 [main] INFO  http.HttpServer2 (HttpServer2.java:addFilter(948)) - Added filter static_user_filter (class=org.apache.hadoop.http.lib.StaticUserWebFilter$StaticUserFilter) to context hddsDatanode
2019-10-16 07:39:19,732 [main] INFO  http.HttpServer2 (HttpServer2.java:addFilter(958)) - Added filter static_user_filter (class=org.apache.hadoop.http.lib.StaticUserWebFilter$StaticUserFilter) to context static
2019-10-16 07:39:19,732 [main] INFO  http.HttpServer2 (HttpServer2.java:addFilter(958)) - Added filter static_user_filter (class=org.apache.hadoop.http.lib.StaticUserWebFilter$StaticUserFilter) to context logs
2019-10-16 07:39:19,733 [main] INFO  http.HttpServer2 (HttpServer2.java:bindListener(1191)) - Jetty bound to port 38120
2019-10-16 07:39:19,733 [main] INFO  server.Server (Server.java:doStart(351)) - jetty-9.3.25.v20180904, build timestamp: 2018-09-04T21:11:46Z, git hash: 3ce520221d0240229c862b122d2b06c12a625732
2019-10-16 07:39:19,737 [main] INFO  handler.ContextHandler (ContextHandler.java:doStart(781)) - Started o.e.j.s.ServletContextHandler@3240b2a4{/logs,file:///workdir/hadoop-ozone/integration-test/target/log,AVAILABLE}
2019-10-16 07:39:19,737 [main] INFO  handler.ContextHandler (ContextHandler.java:doStart(781)) - Started o.e.j.s.ServletContextHandler@7d3fb0ef{/static,jar:file:/home/user/.m2/repository/org/apache/hadoop/hadoop-hdds-container-service/0.5.0-SNAPSHOT/hadoop-hdds-container-service-0.5.0-SNAPSHOT.jar!/webapps/static,AVAILABLE}
2019-10-16 07:39:19,791 [main] INFO  handler.ContextHandler (ContextHandler.java:doStart(781)) - Started o.e.j.w.WebAppContext@6c841199{/,file:///tmp/jetty-0.0.0.0-38120-hddsDatanode-_-any-7014497604152907838.dir/webapp/,AVAILABLE}{/hddsDatanode}
2019-10-16 07:39:19,792 [main] INFO  server.AbstractConnector (AbstractConnector.java:doStart(278)) - Started ServerConnector@6a818392{HTTP/1.1,[http/1.1]}{0.0.0.0:38120}
2019-10-16 07:39:19,792 [main] INFO  server.Server (Server.java:doStart(419)) - Started @5546ms
2019-10-16 07:39:19,793 [main] WARN  impl.MetricsSystemImpl (MetricsSystemImpl.java:register(276)) - Sink prometheus already exists!
2019-10-16 07:39:19,795 [main] INFO  server.BaseHttpServer (BaseHttpServer.java:updateConnectorAddress(215)) - HTTP server of HDDSDATANODE is listening at http://0.0.0.0:38120
2019-10-16 07:39:19,796 [main] INFO  impl.MetricsSystemImpl (MetricsSystemImpl.java:init(158)) - HddsDatanode metrics system started (again)
2019-10-16 07:39:19,800 [main] INFO  ozone.HddsDatanodeService (HddsDatanodeService.java:start(184)) - HddsDatanodeService host:pr-hdds-1737-dstl4-2900247166 ip:192.168.34.43
2019-10-16 07:39:19,802 [org.apache.hadoop.util.JvmPauseMonitor$Monitor@7879972] INFO  util.JvmPauseMonitor (JvmPauseMonitor.java:run(188)) - Starting JVM pause monitor
2019-10-16 07:39:19,810 [main] INFO  volume.HddsVolume (HddsVolume.java:<init>(176)) - Creating Volume: /workdir/hadoop-ozone/integration-test/target/test-dir/MiniOzoneClusterImpl-d5591382-938c-4025-98c2-9a8d578ab975/datanode-1/data/containers/hdds of  storage type : DISK and capacity : 1482555576320
2019-10-16 07:39:19,811 [main] INFO  volume.VolumeSet (VolumeSet.java:initializeVolumeSet(170)) - Added Volume : /workdir/hadoop-ozone/integration-test/target/test-dir/MiniOzoneClusterImpl-d5591382-938c-4025-98c2-9a8d578ab975/datanode-1/data/containers/hdds to VolumeSet
2019-10-16 07:39:19,811 [main] INFO  volume.ThrottledAsyncChecker (ThrottledAsyncChecker.java:schedule(141)) - Scheduling a check for /workdir/hadoop-ozone/integration-test/target/test-dir/MiniOzoneClusterImpl-d5591382-938c-4025-98c2-9a8d578ab975/datanode-1/data/containers/hdds
2019-10-16 07:39:19,812 [main] INFO  volume.HddsVolumeChecker (HddsVolumeChecker.java:checkAllVolumes(204)) - Scheduled health check for volume /workdir/hadoop-ozone/integration-test/target/test-dir/MiniOzoneClusterImpl-d5591382-938c-4025-98c2-9a8d578ab975/datanode-1/data/containers/hdds
2019-10-16 07:39:19,833 [main] INFO  impl.RaftServerProxy (ConfUtils.java:logGet(43)) - raft.rpc.type = GRPC (default)
2019-10-16 07:39:19,833 [main] INFO  grpc.GrpcFactory (GrpcFactory.java:checkPooledByteBufAllocatorUseCacheForAllThreads(45)) - PERFORMANCE WARNING: useCacheForAllThreads is true that may cause Netty to create a lot garbage objects and, as a result, trigger GC.
	It is recommended to disable useCacheForAllThreads by setting -Dorg.apache.ratis.thirdparty.io.netty.allocator.useCacheForAllThreads=false in command line.
2019-10-16 07:39:19,833 [main] INFO  grpc.GrpcConfigKeys$Server (ConfUtils.java:logGet(43)) - raft.grpc.server.port = 0 (default)
2019-10-16 07:39:19,834 [main] INFO  server.GrpcService (ConfUtils.java:logGet(43)) - raft.grpc.message.size.max = 33570816 (custom)
2019-10-16 07:39:19,834 [main] INFO  server.RaftServerConfigKeys (ConfUtils.java:logGet(43)) - raft.server.log.appender.buffer.byte-limit = 33554432 (custom)
2019-10-16 07:39:19,834 [main] INFO  server.GrpcService (ConfUtils.java:logGet(43)) - raft.grpc.flow.control.window = 1MB (=1048576) (default)
2019-10-16 07:39:19,834 [main] INFO  server.RaftServerConfigKeys (ConfUtils.java:logGet(43)) - raft.server.rpc.request.timeout = 3000ms (default)
2019-10-16 07:39:19,835 [main] INFO  server.RaftServerConfigKeys (ConfUtils.java:logGet(43)) - raft.server.storage.dir = [/workdir/hadoop-ozone/integration-test/target/test-dir/MiniOzoneClusterImpl-d5591382-938c-4025-98c2-9a8d578ab975/datanode-1/data/ratis] (custom)
2019-10-16 07:39:19,838 [main] INFO  hdfs.DFSUtil (DFSUtil.java:httpServerTemplateForNNAndJN(1641)) - Starting Web-server for hddsDatanode at: http://0.0.0.0:0
2019-10-16 07:39:19,840 [main] INFO  server.AuthenticationFilter (AuthenticationFilter.java:constructSecretProvider(240)) - Unable to initialize FileSignerSecretProvider, falling back to use random secrets.
2019-10-16 07:39:19,841 [main] WARN  http.HttpRequestLog (HttpRequestLog.java:getRequestLog(97)) - Jetty request log can only be enabled using Log4j
2019-10-16 07:39:19,843 [main] INFO  http.HttpServer2 (HttpServer2.java:addGlobalFilter(975)) - Added global filter 'safety' (class=org.apache.hadoop.http.HttpServer2$QuotingInputFilter)
2019-10-16 07:39:19,844 [main] INFO  http.HttpServer2 (HttpServer2.java:addFilter(948)) - Added filter static_user_filter (class=org.apache.hadoop.http.lib.StaticUserWebFilter$StaticUserFilter) to context hddsDatanode
2019-10-16 07:39:19,844 [main] INFO  http.HttpServer2 (HttpServer2.java:addFilter(958)) - Added filter static_user_filter (class=org.apache.hadoop.http.lib.StaticUserWebFilter$StaticUserFilter) to context logs
2019-10-16 07:39:19,844 [main] INFO  http.HttpServer2 (HttpServer2.java:addFilter(958)) - Added filter static_user_filter (class=org.apache.hadoop.http.lib.StaticUserWebFilter$StaticUserFilter) to context static
2019-10-16 07:39:19,846 [main] INFO  http.HttpServer2 (HttpServer2.java:bindListener(1191)) - Jetty bound to port 35790
2019-10-16 07:39:19,846 [main] INFO  server.Server (Server.java:doStart(351)) - jetty-9.3.25.v20180904, build timestamp: 2018-09-04T21:11:46Z, git hash: 3ce520221d0240229c862b122d2b06c12a625732
2019-10-16 07:39:19,849 [main] INFO  handler.ContextHandler (ContextHandler.java:doStart(781)) - Started o.e.j.s.ServletContextHandler@298f0a0b{/logs,file:///workdir/hadoop-ozone/integration-test/target/log,AVAILABLE}
2019-10-16 07:39:19,850 [main] INFO  handler.ContextHandler (ContextHandler.java:doStart(781)) - Started o.e.j.s.ServletContextHandler@31dfc6f5{/static,jar:file:/home/user/.m2/repository/org/apache/hadoop/hadoop-hdds-container-service/0.5.0-SNAPSHOT/hadoop-hdds-container-service-0.5.0-SNAPSHOT.jar!/webapps/static,AVAILABLE}
2019-10-16 07:39:19,899 [Datanode State Machine Thread - 0] INFO  datanode.InitDatanodeState (InitDatanodeState.java:persistContainerDatanodeDetails(140)) - DatanodeDetails is persisted to /workdir/hadoop-ozone/integration-test/target/test-dir/MiniOzoneClusterImpl-d5591382-938c-4025-98c2-9a8d578ab975/datanode-0/meta/datanode.id
2019-10-16 07:39:19,903 [main] INFO  handler.ContextHandler (ContextHandler.java:doStart(781)) - Started o.e.j.w.WebAppContext@11900483{/,file:///tmp/jetty-0.0.0.0-35790-hddsDatanode-_-any-4236599050629114455.dir/webapp/,AVAILABLE}{/hddsDatanode}
2019-10-16 07:39:19,905 [main] INFO  server.AbstractConnector (AbstractConnector.java:doStart(278)) - Started ServerConnector@14a049f9{HTTP/1.1,[http/1.1]}{0.0.0.0:35790}
2019-10-16 07:39:19,905 [main] INFO  server.Server (Server.java:doStart(419)) - Started @5659ms
2019-10-16 07:39:19,906 [main] WARN  impl.MetricsSystemImpl (MetricsSystemImpl.java:register(276)) - Sink prometheus already exists!
2019-10-16 07:39:19,907 [main] INFO  server.BaseHttpServer (BaseHttpServer.java:updateConnectorAddress(215)) - HTTP server of HDDSDATANODE is listening at http://0.0.0.0:35790
2019-10-16 07:39:19,908 [main] INFO  impl.MetricsSystemImpl (MetricsSystemImpl.java:init(158)) - HddsDatanode metrics system started (again)
2019-10-16 07:39:19,911 [org.apache.hadoop.util.JvmPauseMonitor$Monitor@f49ed8f] INFO  util.JvmPauseMonitor (JvmPauseMonitor.java:run(188)) - Starting JVM pause monitor
2019-10-16 07:39:19,912 [main] INFO  ozone.HddsDatanodeService (HddsDatanodeService.java:start(184)) - HddsDatanodeService host:pr-hdds-1737-dstl4-2900247166 ip:192.168.34.43
2019-10-16 07:39:19,916 [Datanode State Machine Thread - 0] INFO  datanode.InitDatanodeState (InitDatanodeState.java:persistContainerDatanodeDetails(140)) - DatanodeDetails is persisted to /workdir/hadoop-ozone/integration-test/target/test-dir/MiniOzoneClusterImpl-d5591382-938c-4025-98c2-9a8d578ab975/datanode-1/meta/datanode.id
2019-10-16 07:39:19,923 [main] INFO  volume.HddsVolume (HddsVolume.java:<init>(176)) - Creating Volume: /workdir/hadoop-ozone/integration-test/target/test-dir/MiniOzoneClusterImpl-d5591382-938c-4025-98c2-9a8d578ab975/datanode-2/data/containers/hdds of  storage type : DISK and capacity : 1482555576320
2019-10-16 07:39:19,923 [main] INFO  volume.VolumeSet (VolumeSet.java:initializeVolumeSet(170)) - Added Volume : /workdir/hadoop-ozone/integration-test/target/test-dir/MiniOzoneClusterImpl-d5591382-938c-4025-98c2-9a8d578ab975/datanode-2/data/containers/hdds to VolumeSet
2019-10-16 07:39:19,923 [main] INFO  volume.ThrottledAsyncChecker (ThrottledAsyncChecker.java:schedule(141)) - Scheduling a check for /workdir/hadoop-ozone/integration-test/target/test-dir/MiniOzoneClusterImpl-d5591382-938c-4025-98c2-9a8d578ab975/datanode-2/data/containers/hdds
2019-10-16 07:39:19,924 [main] INFO  volume.HddsVolumeChecker (HddsVolumeChecker.java:checkAllVolumes(204)) - Scheduled health check for volume /workdir/hadoop-ozone/integration-test/target/test-dir/MiniOzoneClusterImpl-d5591382-938c-4025-98c2-9a8d578ab975/datanode-2/data/containers/hdds
2019-10-16 07:39:19,939 [main] INFO  impl.RaftServerProxy (ConfUtils.java:logGet(43)) - raft.rpc.type = GRPC (default)
2019-10-16 07:39:19,939 [main] INFO  grpc.GrpcFactory (GrpcFactory.java:checkPooledByteBufAllocatorUseCacheForAllThreads(45)) - PERFORMANCE WARNING: useCacheForAllThreads is true that may cause Netty to create a lot garbage objects and, as a result, trigger GC.
	It is recommended to disable useCacheForAllThreads by setting -Dorg.apache.ratis.thirdparty.io.netty.allocator.useCacheForAllThreads=false in command line.
2019-10-16 07:39:19,939 [main] INFO  grpc.GrpcConfigKeys$Server (ConfUtils.java:logGet(43)) - raft.grpc.server.port = 0 (default)
2019-10-16 07:39:19,939 [main] INFO  server.GrpcService (ConfUtils.java:logGet(43)) - raft.grpc.message.size.max = 33570816 (custom)
2019-10-16 07:39:19,940 [main] INFO  server.RaftServerConfigKeys (ConfUtils.java:logGet(43)) - raft.server.log.appender.buffer.byte-limit = 33554432 (custom)
2019-10-16 07:39:19,940 [main] INFO  server.GrpcService (ConfUtils.java:logGet(43)) - raft.grpc.flow.control.window = 1MB (=1048576) (default)
2019-10-16 07:39:19,940 [main] INFO  server.RaftServerConfigKeys (ConfUtils.java:logGet(43)) - raft.server.rpc.request.timeout = 3000ms (default)
2019-10-16 07:39:19,941 [main] INFO  server.RaftServerConfigKeys (ConfUtils.java:logGet(43)) - raft.server.storage.dir = [/workdir/hadoop-ozone/integration-test/target/test-dir/MiniOzoneClusterImpl-d5591382-938c-4025-98c2-9a8d578ab975/datanode-2/data/ratis] (custom)
2019-10-16 07:39:19,943 [main] INFO  hdfs.DFSUtil (DFSUtil.java:httpServerTemplateForNNAndJN(1641)) - Starting Web-server for hddsDatanode at: http://0.0.0.0:0
2019-10-16 07:39:19,946 [main] INFO  server.AuthenticationFilter (AuthenticationFilter.java:constructSecretProvider(240)) - Unable to initialize FileSignerSecretProvider, falling back to use random secrets.
2019-10-16 07:39:19,946 [main] WARN  http.HttpRequestLog (HttpRequestLog.java:getRequestLog(97)) - Jetty request log can only be enabled using Log4j
2019-10-16 07:39:19,951 [main] INFO  http.HttpServer2 (HttpServer2.java:addGlobalFilter(975)) - Added global filter 'safety' (class=org.apache.hadoop.http.HttpServer2$QuotingInputFilter)
2019-10-16 07:39:19,952 [main] INFO  http.HttpServer2 (HttpServer2.java:addFilter(948)) - Added filter static_user_filter (class=org.apache.hadoop.http.lib.StaticUserWebFilter$StaticUserFilter) to context hddsDatanode
2019-10-16 07:39:19,952 [main] INFO  http.HttpServer2 (HttpServer2.java:addFilter(958)) - Added filter static_user_filter (class=org.apache.hadoop.http.lib.StaticUserWebFilter$StaticUserFilter) to context static
2019-10-16 07:39:19,953 [main] INFO  http.HttpServer2 (HttpServer2.java:addFilter(958)) - Added filter static_user_filter (class=org.apache.hadoop.http.lib.StaticUserWebFilter$StaticUserFilter) to context logs
2019-10-16 07:39:19,954 [main] INFO  http.HttpServer2 (HttpServer2.java:bindListener(1191)) - Jetty bound to port 41713
2019-10-16 07:39:19,954 [main] INFO  server.Server (Server.java:doStart(351)) - jetty-9.3.25.v20180904, build timestamp: 2018-09-04T21:11:46Z, git hash: 3ce520221d0240229c862b122d2b06c12a625732
2019-10-16 07:39:19,957 [main] INFO  handler.ContextHandler (ContextHandler.java:doStart(781)) - Started o.e.j.s.ServletContextHandler@265bd546{/logs,file:///workdir/hadoop-ozone/integration-test/target/log,AVAILABLE}
2019-10-16 07:39:19,958 [main] INFO  handler.ContextHandler (ContextHandler.java:doStart(781)) - Started o.e.j.s.ServletContextHandler@7e0bc8a3{/static,jar:file:/home/user/.m2/repository/org/apache/hadoop/hadoop-hdds-container-service/0.5.0-SNAPSHOT/hadoop-hdds-container-service-0.5.0-SNAPSHOT.jar!/webapps/static,AVAILABLE}
2019-10-16 07:39:20,003 [main] INFO  handler.ContextHandler (ContextHandler.java:doStart(781)) - Started o.e.j.w.WebAppContext@53d13cd4{/,file:///tmp/jetty-0.0.0.0-41713-hddsDatanode-_-any-4687492262864853610.dir/webapp/,AVAILABLE}{/hddsDatanode}
2019-10-16 07:39:20,004 [main] INFO  server.AbstractConnector (AbstractConnector.java:doStart(278)) - Started ServerConnector@77865933{HTTP/1.1,[http/1.1]}{0.0.0.0:41713}
2019-10-16 07:39:20,005 [main] INFO  server.Server (Server.java:doStart(419)) - Started @5759ms
2019-10-16 07:39:20,006 [main] WARN  impl.MetricsSystemImpl (MetricsSystemImpl.java:register(276)) - Sink prometheus already exists!
2019-10-16 07:39:20,007 [main] INFO  server.BaseHttpServer (BaseHttpServer.java:updateConnectorAddress(215)) - HTTP server of HDDSDATANODE is listening at http://0.0.0.0:41713
2019-10-16 07:39:20,009 [main] INFO  ozone.MiniOzoneClusterImpl (MiniOzoneClusterImpl.java:lambda$waitForClusterToBeReady$0(147)) - Waiting for cluster to be ready. Got 0 of 3 DN Heartbeats.
2019-10-16 07:39:20,010 [org.apache.hadoop.util.JvmPauseMonitor$Monitor@5cb6a4f8] INFO  util.JvmPauseMonitor (JvmPauseMonitor.java:run(188)) - Starting JVM pause monitor
2019-10-16 07:39:20,013 [Datanode State Machine Thread - 0] INFO  datanode.InitDatanodeState (InitDatanodeState.java:persistContainerDatanodeDetails(140)) - DatanodeDetails is persisted to /workdir/hadoop-ozone/integration-test/target/test-dir/MiniOzoneClusterImpl-d5591382-938c-4025-98c2-9a8d578ab975/datanode-2/meta/datanode.id
2019-10-16 07:39:21,010 [main] INFO  ozone.MiniOzoneClusterImpl (MiniOzoneClusterImpl.java:lambda$waitForClusterToBeReady$0(147)) - Waiting for cluster to be ready. Got 0 of 3 DN Heartbeats.
2019-10-16 07:39:21,936 [Datanode State Machine Thread - 0] INFO  ozoneimpl.OzoneContainer (OzoneContainer.java:start(213)) - Attempting to start container services.
2019-10-16 07:39:21,936 [Datanode State Machine Thread - 0] INFO  ozoneimpl.OzoneContainer (OzoneContainer.java:start(213)) - Attempting to start container services.
2019-10-16 07:39:21,941 [Datanode State Machine Thread - 0] INFO  ozoneimpl.OzoneContainer (OzoneContainer.java:startContainerScrub(177)) - Background container scanner has been disabled.
2019-10-16 07:39:21,941 [Datanode State Machine Thread - 0] INFO  ozoneimpl.OzoneContainer (OzoneContainer.java:startContainerScrub(177)) - Background container scanner has been disabled.
2019-10-16 07:39:21,942 [Datanode State Machine Thread - 0] INFO  ratis.XceiverServerRatis (XceiverServerRatis.java:start(418)) - Starting XceiverServerRatis 9d54ce08-0963-4811-aec3-c49382d33745 at port 0
2019-10-16 07:39:21,942 [Datanode State Machine Thread - 0] INFO  ratis.XceiverServerRatis (XceiverServerRatis.java:start(418)) - Starting XceiverServerRatis b4710a7d-513e-4aab-8663-ef681ec2bbea at port 0
2019-10-16 07:39:21,962 [Datanode State Machine Thread - 0] INFO  impl.RaftServerProxy (RaftServerProxy.java:lambda$start$3(299)) - 9d54ce08-0963-4811-aec3-c49382d33745: start RPC server
2019-10-16 07:39:21,964 [Datanode State Machine Thread - 0] INFO  impl.RaftServerProxy (RaftServerProxy.java:lambda$start$3(299)) - b4710a7d-513e-4aab-8663-ef681ec2bbea: start RPC server
2019-10-16 07:39:21,968 [Datanode State Machine Thread - 0] INFO  server.GrpcService (GrpcService.java:startImpl(158)) - 9d54ce08-0963-4811-aec3-c49382d33745: GrpcService started, listening on 0.0.0.0/0.0.0.0:40270
2019-10-16 07:39:21,968 [Datanode State Machine Thread - 0] INFO  server.GrpcService (GrpcService.java:startImpl(158)) - b4710a7d-513e-4aab-8663-ef681ec2bbea: GrpcService started, listening on 0.0.0.0/0.0.0.0:42222
2019-10-16 07:39:21,969 [Datanode State Machine Thread - 0] INFO  ratis.XceiverServerRatis (XceiverServerRatis.java:start(428)) - XceiverServerRatis 9d54ce08-0963-4811-aec3-c49382d33745 is started using port 40270
2019-10-16 07:39:21,969 [Datanode State Machine Thread - 0] INFO  ratis.XceiverServerRatis (XceiverServerRatis.java:start(428)) - XceiverServerRatis b4710a7d-513e-4aab-8663-ef681ec2bbea is started using port 42222
2019-10-16 07:39:21,974 [Datanode State Machine Thread - 0] INFO  server.XceiverServerGrpc (XceiverServerGrpc.java:start(149)) - XceiverServerGrpc 9d54ce08-0963-4811-aec3-c49382d33745 is started using port 33918
2019-10-16 07:39:21,974 [Datanode State Machine Thread - 0] INFO  server.XceiverServerGrpc (XceiverServerGrpc.java:start(149)) - XceiverServerGrpc b4710a7d-513e-4aab-8663-ef681ec2bbea is started using port 44424
2019-10-16 07:39:22,011 [main] INFO  ozone.MiniOzoneClusterImpl (MiniOzoneClusterImpl.java:lambda$waitForClusterToBeReady$0(147)) - Waiting for cluster to be ready. Got 0 of 3 DN Heartbeats.
2019-10-16 07:39:22,027 [Datanode State Machine Thread - 0] INFO  ozoneimpl.OzoneContainer (OzoneContainer.java:start(213)) - Attempting to start container services.
2019-10-16 07:39:22,029 [Datanode State Machine Thread - 0] INFO  ozoneimpl.OzoneContainer (OzoneContainer.java:startContainerScrub(177)) - Background container scanner has been disabled.
2019-10-16 07:39:22,029 [Datanode State Machine Thread - 0] INFO  ratis.XceiverServerRatis (XceiverServerRatis.java:start(418)) - Starting XceiverServerRatis b3920fa1-6aeb-470e-859b-e59eecc202d4 at port 0
2019-10-16 07:39:22,040 [Datanode State Machine Thread - 0] INFO  impl.RaftServerProxy (RaftServerProxy.java:lambda$start$3(299)) - b3920fa1-6aeb-470e-859b-e59eecc202d4: start RPC server
2019-10-16 07:39:22,042 [Datanode State Machine Thread - 0] INFO  server.GrpcService (GrpcService.java:startImpl(158)) - b3920fa1-6aeb-470e-859b-e59eecc202d4: GrpcService started, listening on 0.0.0.0/0.0.0.0:34737
2019-10-16 07:39:22,042 [Datanode State Machine Thread - 0] INFO  ratis.XceiverServerRatis (XceiverServerRatis.java:start(428)) - XceiverServerRatis b3920fa1-6aeb-470e-859b-e59eecc202d4 is started using port 34737
2019-10-16 07:39:22,044 [Datanode State Machine Thread - 0] INFO  server.XceiverServerGrpc (XceiverServerGrpc.java:start(149)) - XceiverServerGrpc b3920fa1-6aeb-470e-859b-e59eecc202d4 is started using port 34781
2019-10-16 07:39:23,012 [main] INFO  ozone.MiniOzoneClusterImpl (MiniOzoneClusterImpl.java:lambda$waitForClusterToBeReady$0(147)) - Waiting for cluster to be ready. Got 0 of 3 DN Heartbeats.
2019-10-16 07:39:23,846 [IPC Server handler 2 on 34119] INFO  net.NetworkTopology (NetworkTopologyImpl.java:add(111)) - Added a new node: /default-rack/9d54ce08-0963-4811-aec3-c49382d33745
2019-10-16 07:39:23,847 [IPC Server handler 2 on 34119] INFO  node.SCMNodeManager (SCMNodeManager.java:register(268)) - Registered Data node : 9d54ce08-0963-4811-aec3-c49382d33745{ip: 192.168.34.43, host: pr-hdds-1737-dstl4-2900247166, networkLocation: /default-rack, certSerialId: null}
2019-10-16 07:39:23,850 [EventQueue-NodeRegistrationContainerReportForDataNodeSafeModeRule] INFO  safemode.SCMSafeModeManager (DataNodeSafeModeRule.java:process(71)) - SCM in safe mode. 1 DataNodes registered, 1 required.
2019-10-16 07:39:23,851 [EventQueue-NodeRegistrationContainerReportForContainerSafeModeRule] INFO  safemode.SCMSafeModeManager (SCMSafeModeManager.java:validateSafeModeExitRules(177)) - ScmSafeModeManager, all rules are successfully validated
2019-10-16 07:39:23,851 [EventQueue-NodeRegistrationContainerReportForContainerSafeModeRule] INFO  safemode.SCMSafeModeManager (SCMSafeModeManager.java:exitSafeMode(193)) - SCM exiting safe mode.
2019-10-16 07:39:23,914 [IPC Server handler 0 on 34119] INFO  net.NetworkTopology (NetworkTopologyImpl.java:add(111)) - Added a new node: /default-rack/b4710a7d-513e-4aab-8663-ef681ec2bbea
2019-10-16 07:39:23,915 [IPC Server handler 0 on 34119] INFO  node.SCMNodeManager (SCMNodeManager.java:register(268)) - Registered Data node : b4710a7d-513e-4aab-8663-ef681ec2bbea{ip: 192.168.34.43, host: pr-hdds-1737-dstl4-2900247166, networkLocation: /default-rack, certSerialId: null}
2019-10-16 07:39:24,012 [main] INFO  ozone.MiniOzoneClusterImpl (MiniOzoneClusterImpl.java:lambda$waitForClusterToBeReady$0(147)) - Waiting for cluster to be ready. Got 2 of 3 DN Heartbeats.
2019-10-16 07:39:24,012 [IPC Server handler 17 on 34119] INFO  net.NetworkTopology (NetworkTopologyImpl.java:add(111)) - Added a new node: /default-rack/b3920fa1-6aeb-470e-859b-e59eecc202d4
2019-10-16 07:39:24,013 [IPC Server handler 17 on 34119] INFO  node.SCMNodeManager (SCMNodeManager.java:register(268)) - Registered Data node : b3920fa1-6aeb-470e-859b-e59eecc202d4{ip: 192.168.34.43, host: pr-hdds-1737-dstl4-2900247166, networkLocation: /default-rack, certSerialId: null}
2019-10-16 07:39:24,230 [grpc-default-executor-0] INFO  impl.RaftServerProxy (RaftServerProxy.java:addNew(89)) - 9d54ce08-0963-4811-aec3-c49382d33745: addNew group-445CEC99ED7D:[9d54ce08-0963-4811-aec3-c49382d33745:192.168.34.43:40270] returns group-445CEC99ED7D:java.util.concurrent.CompletableFuture@807fc46[Not completed]
2019-10-16 07:39:24,237 [pool-32-thread-1] INFO  impl.RaftServerImpl (RaftServerImpl.java:<init>(104)) - 9d54ce08-0963-4811-aec3-c49382d33745: new RaftServerImpl for group-445CEC99ED7D:[9d54ce08-0963-4811-aec3-c49382d33745:192.168.34.43:40270] with ContainerStateMachine:uninitialized
2019-10-16 07:39:24,238 [pool-32-thread-1] INFO  server.RaftServerConfigKeys (ConfUtils.java:logGet(43)) - raft.server.rpc.timeout.min = 5s (custom)
2019-10-16 07:39:24,238 [pool-32-thread-1] INFO  server.RaftServerConfigKeys (ConfUtils.java:logGet(43)) - raft.server.rpc.timeout.max = 5200ms (custom)
2019-10-16 07:39:24,239 [pool-32-thread-1] INFO  server.RaftServerConfigKeys (ConfUtils.java:logGet(43)) - raft.server.rpcslowness.timeout = 120s (custom)
2019-10-16 07:39:24,239 [pool-32-thread-1] INFO  server.RaftServerConfigKeys (ConfUtils.java:logGet(43)) - raft.server.sleep.deviation.threshold = 300 (default)
2019-10-16 07:39:24,239 [pool-32-thread-1] INFO  server.RaftServerConfigKeys (ConfUtils.java:logGet(43)) - raft.server.log.appender.install.snapshot.enabled = false (custom)
2019-10-16 07:39:24,239 [pool-32-thread-1] INFO  impl.RaftServerImpl (ServerState.java:<init>(103)) - 9d54ce08-0963-4811-aec3-c49382d33745@group-445CEC99ED7D: ConfigurationManager, init=-1: [9d54ce08-0963-4811-aec3-c49382d33745:192.168.34.43:40270], old=null, confs=<EMPTY_MAP>
2019-10-16 07:39:24,239 [pool-32-thread-1] INFO  server.RaftServerConfigKeys (ConfUtils.java:logGet(43)) - raft.server.storage.dir = [/workdir/hadoop-ozone/integration-test/target/test-dir/MiniOzoneClusterImpl-d5591382-938c-4025-98c2-9a8d578ab975/datanode-0/data/ratis] (custom)
2019-10-16 07:39:24,240 [pool-32-thread-1] INFO  server.RaftServerConfigKeys (ConfUtils.java:logGet(43)) - raft.server.log.corruption.policy = EXCEPTION (default)
2019-10-16 07:39:24,240 [pool-32-thread-1] INFO  storage.RaftStorageDirectory (RaftStorageDirectory.java:analyzeStorage(246)) - The storage directory /workdir/hadoop-ozone/integration-test/target/test-dir/MiniOzoneClusterImpl-d5591382-938c-4025-98c2-9a8d578ab975/datanode-0/data/ratis/f6aef71c-a354-49ca-b711-445cec99ed7d does not exist. Creating ...
2019-10-16 07:39:24,253 [pool-32-thread-1] INFO  storage.RaftStorageDirectory (RaftStorageDirectory.java:tryLock(328)) - Lock on /workdir/hadoop-ozone/integration-test/target/test-dir/MiniOzoneClusterImpl-d5591382-938c-4025-98c2-9a8d578ab975/datanode-0/data/ratis/f6aef71c-a354-49ca-b711-445cec99ed7d/in_use.lock acquired by nodename 1235@pr-hdds-1737-dstl4-2900247166
2019-10-16 07:39:24,268 [pool-32-thread-1] INFO  storage.RaftStorage (RaftStorage.java:format(84)) - Storage directory /workdir/hadoop-ozone/integration-test/target/test-dir/MiniOzoneClusterImpl-d5591382-938c-4025-98c2-9a8d578ab975/datanode-0/data/ratis/f6aef71c-a354-49ca-b711-445cec99ed7d has been successfully formatted.
2019-10-16 07:39:24,269 [pool-32-thread-1] INFO  ratis.ContainerStateMachine (ContainerStateMachine.java:loadSnapshot(231)) - group-445CEC99ED7D: The snapshot info is null. Setting the last applied indexto:(t:0, i:~)
2019-10-16 07:39:24,269 [pool-32-thread-1] INFO  server.RaftServerConfigKeys (ConfUtils.java:logGet(43)) - raft.server.notification.no-leader.timeout = 120s (custom)
2019-10-16 07:39:24,270 [pool-32-thread-1] INFO  server.RaftServerConfigKeys (ConfUtils.java:logGet(43)) - raft.server.log.use.memory = false (default)
2019-10-16 07:39:24,270 [pool-32-thread-1] INFO  server.RaftServerConfigKeys (ConfUtils.java:logGet(43)) - raft.server.log.purge.gap = 1000000 (custom)
2019-10-16 07:39:24,270 [pool-32-thread-1] INFO  server.RaftServerConfigKeys (ConfUtils.java:logGet(43)) - raft.server.log.appender.buffer.byte-limit = 33554432 (custom)
2019-10-16 07:39:24,270 [pool-32-thread-1] INFO  server.RaftServerConfigKeys (ConfUtils.java:logGet(43)) - raft.server.log.segment.size.max = 1048576 (custom)
2019-10-16 07:39:24,275 [pool-32-thread-1] INFO  server.RaftServerConfigKeys (ConfUtils.java:logGet(43)) - raft.server.log.segment.cache.num.max = 2 (custom)
2019-10-16 07:39:24,275 [pool-32-thread-1] INFO  segmented.SegmentedRaftLogWorker (SegmentedRaftLogWorker.java:<init>(173)) - new 9d54ce08-0963-4811-aec3-c49382d33745@group-445CEC99ED7D-SegmentedRaftLogWorker for RaftStorage:Storage Directory /workdir/hadoop-ozone/integration-test/target/test-dir/MiniOzoneClusterImpl-d5591382-938c-4025-98c2-9a8d578ab975/datanode-0/data/ratis/f6aef71c-a354-49ca-b711-445cec99ed7d
2019-10-16 07:39:24,275 [pool-32-thread-1] INFO  server.RaftServerConfigKeys (ConfUtils.java:logGet(43)) - raft.server.log.queue.byte-limit = 2147483647 (custom)
2019-10-16 07:39:24,275 [pool-32-thread-1] INFO  server.RaftServerConfigKeys (ConfUtils.java:logGet(43)) - raft.server.log.queue.element-limit = 1024 (custom)
2019-10-16 07:39:24,275 [pool-32-thread-1] INFO  server.RaftServerConfigKeys (ConfUtils.java:logGet(43)) - raft.server.log.segment.size.max = 1048576 (custom)
2019-10-16 07:39:24,275 [pool-32-thread-1] INFO  server.RaftServerConfigKeys (ConfUtils.java:logGet(43)) - raft.server.log.preallocated.size = 16384 (custom)
2019-10-16 07:39:24,275 [pool-32-thread-1] INFO  server.RaftServerConfigKeys (ConfUtils.java:logGet(43)) - raft.server.log.write.buffer.size = 33554432 (custom)
2019-10-16 07:39:24,276 [pool-32-thread-1] INFO  server.RaftServerConfigKeys (ConfUtils.java:logGet(43)) - raft.server.log.force.sync.num = 128 (default)
2019-10-16 07:39:24,276 [pool-32-thread-1] INFO  server.RaftServerConfigKeys (ConfUtils.java:logGet(43)) - raft.server.log.statemachine.data.sync = true (default)
2019-10-16 07:39:24,276 [pool-32-thread-1] INFO  server.RaftServerConfigKeys (ConfUtils.java:logGet(43)) - raft.server.log.statemachine.data.sync.timeout = 10s (default)
2019-10-16 07:39:24,276 [pool-32-thread-1] INFO  server.RaftServerConfigKeys (ConfUtils.java:logGet(43)) - raft.server.log.statemachine.data.sync.timeout.retry = -1 (default)
2019-10-16 07:39:24,277 [pool-32-thread-1] INFO  server.RaftServerConfigKeys (ConfUtils.java:logGet(43)) - raft.server.log.statemachine.data.caching.enabled = true (custom)
2019-10-16 07:39:24,277 [pool-32-thread-1] INFO  segmented.SegmentedRaftLogWorker (SegmentedRaftLogWorker.java:lambda$new$0(128)) - 9d54ce08-0963-4811-aec3-c49382d33745@group-445CEC99ED7D-SegmentedRaftLogWorker: flushIndex: setUnconditionally 0 -> -1
2019-10-16 07:39:24,278 [pool-32-thread-1] INFO  server.RaftServerConfigKeys (ConfUtils.java:logGet(43)) - raft.server.snapshot.auto.trigger.enabled = true (custom)
2019-10-16 07:39:24,278 [pool-32-thread-1] INFO  server.RaftServerConfigKeys (ConfUtils.java:logGet(43)) - raft.server.snapshot.auto.trigger.threshold = 10000 (custom)
2019-10-16 07:39:24,278 [pool-32-thread-1] INFO  server.RaftServerConfigKeys (ConfUtils.java:logGet(43)) - raft.server.snapshot.retention.file.num = 5 (custom)
2019-10-16 07:39:24,278 [pool-32-thread-1] INFO  server.RaftServerConfigKeys (ConfUtils.java:logGet(43)) - raft.server.retrycache.expirytime = 600000ms (custom)
2019-10-16 07:39:24,286 [pool-32-thread-1] INFO  impl.RaftServerImpl (RaftServerImpl.java:start(195)) - 9d54ce08-0963-4811-aec3-c49382d33745@group-445CEC99ED7D: start as a follower, conf=-1: [9d54ce08-0963-4811-aec3-c49382d33745:192.168.34.43:40270], old=null
2019-10-16 07:39:24,286 [pool-32-thread-1] INFO  impl.RaftServerImpl (RaftServerImpl.java:setRole(184)) - 9d54ce08-0963-4811-aec3-c49382d33745@group-445CEC99ED7D: changes role from      null to FOLLOWER at term 0 for startAsFollower
2019-10-16 07:39:24,286 [pool-32-thread-1] INFO  impl.RoleInfo (RoleInfo.java:updateAndGet(143)) - 9d54ce08-0963-4811-aec3-c49382d33745: start FollowerState
2019-10-16 07:39:24,286 [pool-32-thread-1] INFO  util.JmxRegister (JmxRegister.java:tryRegister(44)) - Successfully registered JMX Bean with object name Ratis:service=RaftServer,group=group-445CEC99ED7D,id=9d54ce08-0963-4811-aec3-c49382d33745
2019-10-16 07:39:24,328 [Thread-187] INFO  impl.FollowerState (FollowerState.java:run(108)) - 9d54ce08-0963-4811-aec3-c49382d33745@group-445CEC99ED7D-FollowerState: change to CANDIDATE, lastRpcTime:42ms, electionTimeout:42ms
2019-10-16 07:39:24,330 [Thread-187] INFO  impl.RoleInfo (RoleInfo.java:shutdownFollowerState(121)) - 9d54ce08-0963-4811-aec3-c49382d33745: shutdown FollowerState
2019-10-16 07:39:24,330 [Thread-187] INFO  impl.RaftServerImpl (RaftServerImpl.java:setRole(184)) - 9d54ce08-0963-4811-aec3-c49382d33745@group-445CEC99ED7D: changes role from  FOLLOWER to CANDIDATE at term 0 for changeToCandidate
2019-10-16 07:39:24,330 [Thread-187] INFO  impl.RoleInfo (RoleInfo.java:updateAndGet(143)) - 9d54ce08-0963-4811-aec3-c49382d33745: start LeaderElection
2019-10-16 07:39:24,346 [9d54ce08-0963-4811-aec3-c49382d33745@group-445CEC99ED7D-LeaderElection2] INFO  impl.LeaderElection (LeaderElection.java:askForVotes(178)) - 9d54ce08-0963-4811-aec3-c49382d33745@group-445CEC99ED7D-LeaderElection2: begin an election at term 1 for -1: [9d54ce08-0963-4811-aec3-c49382d33745:192.168.34.43:40270], old=null
2019-10-16 07:39:24,347 [9d54ce08-0963-4811-aec3-c49382d33745@group-445CEC99ED7D-LeaderElection2] INFO  impl.RoleInfo (RoleInfo.java:shutdownLeaderElection(134)) - 9d54ce08-0963-4811-aec3-c49382d33745: shutdown LeaderElection
2019-10-16 07:39:24,347 [9d54ce08-0963-4811-aec3-c49382d33745@group-445CEC99ED7D-LeaderElection2] INFO  impl.RaftServerImpl (RaftServerImpl.java:setRole(184)) - 9d54ce08-0963-4811-aec3-c49382d33745@group-445CEC99ED7D: changes role from CANDIDATE to LEADER at term 1 for changeToLeader
2019-10-16 07:39:24,348 [9d54ce08-0963-4811-aec3-c49382d33745@group-445CEC99ED7D-LeaderElection2] INFO  impl.RaftServerImpl (ServerState.java:setLeader(256)) - 9d54ce08-0963-4811-aec3-c49382d33745@group-445CEC99ED7D: change Leader from null to 9d54ce08-0963-4811-aec3-c49382d33745 at term 1 for becomeLeader, leader elected after 78ms
2019-10-16 07:39:24,348 [9d54ce08-0963-4811-aec3-c49382d33745@group-445CEC99ED7D-LeaderElection2] INFO  server.RaftServerConfigKeys (ConfUtils.java:logGet(43)) - raft.server.staging.catchup.gap = 1000 (default)
2019-10-16 07:39:24,348 [9d54ce08-0963-4811-aec3-c49382d33745@group-445CEC99ED7D-LeaderElection2] INFO  server.RaftServerConfigKeys (ConfUtils.java:logGet(43)) - raft.server.rpc.sleep.time = 25ms (default)
2019-10-16 07:39:24,349 [9d54ce08-0963-4811-aec3-c49382d33745@group-445CEC99ED7D-LeaderElection2] INFO  server.RaftServerConfigKeys (ConfUtils.java:logGet(43)) - raft.server.write.element-limit = 4096 (default)
2019-10-16 07:39:24,349 [9d54ce08-0963-4811-aec3-c49382d33745@group-445CEC99ED7D-LeaderElection2] INFO  server.RaftServerConfigKeys (ConfUtils.java:logGet(43)) - raft.server.watch.timeout = 10s (default)
2019-10-16 07:39:24,349 [9d54ce08-0963-4811-aec3-c49382d33745@group-445CEC99ED7D-LeaderElection2] INFO  server.RaftServerConfigKeys (ConfUtils.java:logGet(43)) - raft.server.watch.timeout.denomination = 1s (default)
2019-10-16 07:39:24,349 [9d54ce08-0963-4811-aec3-c49382d33745@group-445CEC99ED7D-LeaderElection2] INFO  server.RaftServerConfigKeys (ConfUtils.java:logGet(43)) - raft.server.watch.element-limit = 65536 (default)
2019-10-16 07:39:24,352 [RatisPipelineUtilsThread] INFO  pipeline.PipelineStateManager (PipelineStateManager.java:addPipeline(56)) - Created pipeline Pipeline[ Id: f6aef71c-a354-49ca-b711-445cec99ed7d, Nodes: 9d54ce08-0963-4811-aec3-c49382d33745{ip: 192.168.34.43, host: pr-hdds-1737-dstl4-2900247166, networkLocation: /default-rack, certSerialId: null}, Type:RATIS, Factor:ONE, State:OPEN]
2019-10-16 07:39:24,354 [9d54ce08-0963-4811-aec3-c49382d33745@group-445CEC99ED7D-LeaderElection2] INFO  impl.RoleInfo (RoleInfo.java:updateAndGet(143)) - 9d54ce08-0963-4811-aec3-c49382d33745: start LeaderState
2019-10-16 07:39:24,354 [9d54ce08-0963-4811-aec3-c49382d33745@group-445CEC99ED7D-LeaderElection2] INFO  segmented.SegmentedRaftLogWorker (SegmentedRaftLogWorker.java:startLogSegment(385)) - 9d54ce08-0963-4811-aec3-c49382d33745@group-445CEC99ED7D-SegmentedRaftLogWorker: Starting segment from index:0
2019-10-16 07:39:24,355 [9d54ce08-0963-4811-aec3-c49382d33745@group-445CEC99ED7D-LeaderElection2] INFO  impl.RaftServerImpl (ServerState.java:setRaftConf(357)) - 9d54ce08-0963-4811-aec3-c49382d33745@group-445CEC99ED7D: set configuration 0: [9d54ce08-0963-4811-aec3-c49382d33745:192.168.34.43:40270], old=null at 0
2019-10-16 07:39:24,408 [grpc-default-executor-0] INFO  impl.RaftServerProxy (RaftServerProxy.java:addNew(89)) - b3920fa1-6aeb-470e-859b-e59eecc202d4: addNew group-58BB276D30E8:[b3920fa1-6aeb-470e-859b-e59eecc202d4:192.168.34.43:34737] returns group-58BB276D30E8:java.util.concurrent.CompletableFuture@49931080[Not completed]
2019-10-16 07:39:24,419 [9d54ce08-0963-4811-aec3-c49382d33745@group-445CEC99ED7D-SegmentedRaftLogWorker] INFO  segmented.SegmentedRaftLogWorker (SegmentedRaftLogWorker.java:execute(576)) - 9d54ce08-0963-4811-aec3-c49382d33745@group-445CEC99ED7D-SegmentedRaftLogWorker: created new log segment /workdir/hadoop-ozone/integration-test/target/test-dir/MiniOzoneClusterImpl-d5591382-938c-4025-98c2-9a8d578ab975/datanode-0/data/ratis/f6aef71c-a354-49ca-b711-445cec99ed7d/current/log_inprogress_0
2019-10-16 07:39:24,420 [pool-52-thread-1] INFO  impl.RaftServerImpl (RaftServerImpl.java:<init>(104)) - b3920fa1-6aeb-470e-859b-e59eecc202d4: new RaftServerImpl for group-58BB276D30E8:[b3920fa1-6aeb-470e-859b-e59eecc202d4:192.168.34.43:34737] with ContainerStateMachine:uninitialized
2019-10-16 07:39:24,421 [pool-52-thread-1] INFO  server.RaftServerConfigKeys (ConfUtils.java:logGet(43)) - raft.server.rpc.timeout.min = 5s (custom)
2019-10-16 07:39:24,422 [pool-52-thread-1] INFO  server.RaftServerConfigKeys (ConfUtils.java:logGet(43)) - raft.server.rpc.timeout.max = 5200ms (custom)
2019-10-16 07:39:24,422 [pool-52-thread-1] INFO  server.RaftServerConfigKeys (ConfUtils.java:logGet(43)) - raft.server.rpcslowness.timeout = 120s (custom)
2019-10-16 07:39:24,422 [pool-52-thread-1] INFO  server.RaftServerConfigKeys (ConfUtils.java:logGet(43)) - raft.server.sleep.deviation.threshold = 300 (default)
2019-10-16 07:39:24,422 [pool-52-thread-1] INFO  server.RaftServerConfigKeys (ConfUtils.java:logGet(43)) - raft.server.log.appender.install.snapshot.enabled = false (custom)
2019-10-16 07:39:24,422 [pool-52-thread-1] INFO  impl.RaftServerImpl (ServerState.java:<init>(103)) - b3920fa1-6aeb-470e-859b-e59eecc202d4@group-58BB276D30E8: ConfigurationManager, init=-1: [b3920fa1-6aeb-470e-859b-e59eecc202d4:192.168.34.43:34737], old=null, confs=<EMPTY_MAP>
2019-10-16 07:39:24,423 [pool-52-thread-1] INFO  server.RaftServerConfigKeys (ConfUtils.java:logGet(43)) - raft.server.storage.dir = [/workdir/hadoop-ozone/integration-test/target/test-dir/MiniOzoneClusterImpl-d5591382-938c-4025-98c2-9a8d578ab975/datanode-2/data/ratis] (custom)
2019-10-16 07:39:24,423 [pool-52-thread-1] INFO  server.RaftServerConfigKeys (ConfUtils.java:logGet(43)) - raft.server.log.corruption.policy = EXCEPTION (default)
2019-10-16 07:39:24,423 [pool-52-thread-1] INFO  storage.RaftStorageDirectory (RaftStorageDirectory.java:analyzeStorage(246)) - The storage directory /workdir/hadoop-ozone/integration-test/target/test-dir/MiniOzoneClusterImpl-d5591382-938c-4025-98c2-9a8d578ab975/datanode-2/data/ratis/5be5c840-8513-4efc-bf27-58bb276d30e8 does not exist. Creating ...
2019-10-16 07:39:24,435 [pool-52-thread-1] INFO  storage.RaftStorageDirectory (RaftStorageDirectory.java:tryLock(328)) - Lock on /workdir/hadoop-ozone/integration-test/target/test-dir/MiniOzoneClusterImpl-d5591382-938c-4025-98c2-9a8d578ab975/datanode-2/data/ratis/5be5c840-8513-4efc-bf27-58bb276d30e8/in_use.lock acquired by nodename 1235@pr-hdds-1737-dstl4-2900247166
2019-10-16 07:39:24,444 [pool-52-thread-1] INFO  storage.RaftStorage (RaftStorage.java:format(84)) - Storage directory /workdir/hadoop-ozone/integration-test/target/test-dir/MiniOzoneClusterImpl-d5591382-938c-4025-98c2-9a8d578ab975/datanode-2/data/ratis/5be5c840-8513-4efc-bf27-58bb276d30e8 has been successfully formatted.
2019-10-16 07:39:24,445 [pool-52-thread-1] INFO  ratis.ContainerStateMachine (ContainerStateMachine.java:loadSnapshot(231)) - group-58BB276D30E8: The snapshot info is null. Setting the last applied indexto:(t:0, i:~)
2019-10-16 07:39:24,446 [pool-52-thread-1] INFO  server.RaftServerConfigKeys (ConfUtils.java:logGet(43)) - raft.server.notification.no-leader.timeout = 120s (custom)
2019-10-16 07:39:24,446 [pool-52-thread-1] INFO  server.RaftServerConfigKeys (ConfUtils.java:logGet(43)) - raft.server.log.use.memory = false (default)
2019-10-16 07:39:24,447 [pool-52-thread-1] INFO  server.RaftServerConfigKeys (ConfUtils.java:logGet(43)) - raft.server.log.purge.gap = 1000000 (custom)
2019-10-16 07:39:24,447 [pool-52-thread-1] INFO  server.RaftServerConfigKeys (ConfUtils.java:logGet(43)) - raft.server.log.appender.buffer.byte-limit = 33554432 (custom)
2019-10-16 07:39:24,447 [pool-52-thread-1] INFO  server.RaftServerConfigKeys (ConfUtils.java:logGet(43)) - raft.server.log.segment.size.max = 1048576 (custom)
2019-10-16 07:39:24,451 [pool-52-thread-1] INFO  server.RaftServerConfigKeys (ConfUtils.java:logGet(43)) - raft.server.log.segment.cache.num.max = 2 (custom)
2019-10-16 07:39:24,451 [pool-52-thread-1] INFO  segmented.SegmentedRaftLogWorker (SegmentedRaftLogWorker.java:<init>(173)) - new b3920fa1-6aeb-470e-859b-e59eecc202d4@group-58BB276D30E8-SegmentedRaftLogWorker for RaftStorage:Storage Directory /workdir/hadoop-ozone/integration-test/target/test-dir/MiniOzoneClusterImpl-d5591382-938c-4025-98c2-9a8d578ab975/datanode-2/data/ratis/5be5c840-8513-4efc-bf27-58bb276d30e8
2019-10-16 07:39:24,451 [pool-52-thread-1] INFO  server.RaftServerConfigKeys (ConfUtils.java:logGet(43)) - raft.server.log.queue.byte-limit = 2147483647 (custom)
2019-10-16 07:39:24,451 [pool-52-thread-1] INFO  server.RaftServerConfigKeys (ConfUtils.java:logGet(43)) - raft.server.log.queue.element-limit = 1024 (custom)
2019-10-16 07:39:24,451 [pool-52-thread-1] INFO  server.RaftServerConfigKeys (ConfUtils.java:logGet(43)) - raft.server.log.segment.size.max = 1048576 (custom)
2019-10-16 07:39:24,452 [pool-52-thread-1] INFO  server.RaftServerConfigKeys (ConfUtils.java:logGet(43)) - raft.server.log.preallocated.size = 16384 (custom)
2019-10-16 07:39:24,452 [pool-52-thread-1] INFO  server.RaftServerConfigKeys (ConfUtils.java:logGet(43)) - raft.server.log.write.buffer.size = 33554432 (custom)
2019-10-16 07:39:24,452 [pool-52-thread-1] INFO  server.RaftServerConfigKeys (ConfUtils.java:logGet(43)) - raft.server.log.force.sync.num = 128 (default)
2019-10-16 07:39:24,452 [pool-52-thread-1] INFO  server.RaftServerConfigKeys (ConfUtils.java:logGet(43)) - raft.server.log.statemachine.data.sync = true (default)
2019-10-16 07:39:24,452 [pool-52-thread-1] INFO  server.RaftServerConfigKeys (ConfUtils.java:logGet(43)) - raft.server.log.statemachine.data.sync.timeout = 10s (default)
2019-10-16 07:39:24,452 [pool-52-thread-1] INFO  server.RaftServerConfigKeys (ConfUtils.java:logGet(43)) - raft.server.log.statemachine.data.sync.timeout.retry = -1 (default)
2019-10-16 07:39:24,453 [pool-52-thread-1] INFO  server.RaftServerConfigKeys (ConfUtils.java:logGet(43)) - raft.server.log.statemachine.data.caching.enabled = true (custom)
2019-10-16 07:39:24,454 [pool-52-thread-1] INFO  segmented.SegmentedRaftLogWorker (SegmentedRaftLogWorker.java:lambda$new$0(128)) - b3920fa1-6aeb-470e-859b-e59eecc202d4@group-58BB276D30E8-SegmentedRaftLogWorker: flushIndex: setUnconditionally 0 -> -1
2019-10-16 07:39:24,454 [pool-52-thread-1] INFO  server.RaftServerConfigKeys (ConfUtils.java:logGet(43)) - raft.server.snapshot.auto.trigger.enabled = true (custom)
2019-10-16 07:39:24,454 [pool-52-thread-1] INFO  server.RaftServerConfigKeys (ConfUtils.java:logGet(43)) - raft.server.snapshot.auto.trigger.threshold = 10000 (custom)
2019-10-16 07:39:24,455 [pool-52-thread-1] INFO  server.RaftServerConfigKeys (ConfUtils.java:logGet(43)) - raft.server.snapshot.retention.file.num = 5 (custom)
2019-10-16 07:39:24,455 [pool-52-thread-1] INFO  server.RaftServerConfigKeys (ConfUtils.java:logGet(43)) - raft.server.retrycache.expirytime = 600000ms (custom)
2019-10-16 07:39:24,461 [pool-52-thread-1] INFO  impl.RaftServerImpl (RaftServerImpl.java:start(195)) - b3920fa1-6aeb-470e-859b-e59eecc202d4@group-58BB276D30E8: start as a follower, conf=-1: [b3920fa1-6aeb-470e-859b-e59eecc202d4:192.168.34.43:34737], old=null
2019-10-16 07:39:24,461 [pool-52-thread-1] INFO  impl.RaftServerImpl (RaftServerImpl.java:setRole(184)) - b3920fa1-6aeb-470e-859b-e59eecc202d4@group-58BB276D30E8: changes role from      null to FOLLOWER at term 0 for startAsFollower
2019-10-16 07:39:24,461 [pool-52-thread-1] INFO  impl.RoleInfo (RoleInfo.java:updateAndGet(143)) - b3920fa1-6aeb-470e-859b-e59eecc202d4: start FollowerState
2019-10-16 07:39:24,462 [pool-52-thread-1] INFO  util.JmxRegister (JmxRegister.java:tryRegister(44)) - Successfully registered JMX Bean with object name Ratis:service=RaftServer,group=group-58BB276D30E8,id=b3920fa1-6aeb-470e-859b-e59eecc202d4
2019-10-16 07:39:24,480 [RatisPipelineUtilsThread] INFO  pipeline.PipelineStateManager (PipelineStateManager.java:addPipeline(56)) - Created pipeline Pipeline[ Id: 5be5c840-8513-4efc-bf27-58bb276d30e8, Nodes: b3920fa1-6aeb-470e-859b-e59eecc202d4{ip: 192.168.34.43, host: pr-hdds-1737-dstl4-2900247166, networkLocation: /default-rack, certSerialId: null}, Type:RATIS, Factor:ONE, State:OPEN]
2019-10-16 07:39:24,500 [grpc-default-executor-0] INFO  impl.RaftServerProxy (RaftServerProxy.java:addNew(89)) - b4710a7d-513e-4aab-8663-ef681ec2bbea: addNew group-7F55986D44C8:[b4710a7d-513e-4aab-8663-ef681ec2bbea:192.168.34.43:42222] returns group-7F55986D44C8:java.util.concurrent.CompletableFuture@144ebfc4[Not completed]
2019-10-16 07:39:24,503 [pool-42-thread-1] INFO  impl.RaftServerImpl (RaftServerImpl.java:<init>(104)) - b4710a7d-513e-4aab-8663-ef681ec2bbea: new RaftServerImpl for group-7F55986D44C8:[b4710a7d-513e-4aab-8663-ef681ec2bbea:192.168.34.43:42222] with ContainerStateMachine:uninitialized
2019-10-16 07:39:24,504 [pool-42-thread-1] INFO  server.RaftServerConfigKeys (ConfUtils.java:logGet(43)) - raft.server.rpc.timeout.min = 5s (custom)
2019-10-16 07:39:24,504 [pool-42-thread-1] INFO  server.RaftServerConfigKeys (ConfUtils.java:logGet(43)) - raft.server.rpc.timeout.max = 5200ms (custom)
2019-10-16 07:39:24,504 [pool-42-thread-1] INFO  server.RaftServerConfigKeys (ConfUtils.java:logGet(43)) - raft.server.rpcslowness.timeout = 120s (custom)
2019-10-16 07:39:24,504 [pool-42-thread-1] INFO  server.RaftServerConfigKeys (ConfUtils.java:logGet(43)) - raft.server.sleep.deviation.threshold = 300 (default)
2019-10-16 07:39:24,504 [pool-42-thread-1] INFO  server.RaftServerConfigKeys (ConfUtils.java:logGet(43)) - raft.server.log.appender.install.snapshot.enabled = false (custom)
2019-10-16 07:39:24,505 [pool-42-thread-1] INFO  impl.RaftServerImpl (ServerState.java:<init>(103)) - b4710a7d-513e-4aab-8663-ef681ec2bbea@group-7F55986D44C8: ConfigurationManager, init=-1: [b4710a7d-513e-4aab-8663-ef681ec2bbea:192.168.34.43:42222], old=null, confs=<EMPTY_MAP>
2019-10-16 07:39:24,505 [pool-42-thread-1] INFO  server.RaftServerConfigKeys (ConfUtils.java:logGet(43)) - raft.server.storage.dir = [/workdir/hadoop-ozone/integration-test/target/test-dir/MiniOzoneClusterImpl-d5591382-938c-4025-98c2-9a8d578ab975/datanode-1/data/ratis] (custom)
2019-10-16 07:39:24,505 [pool-42-thread-1] INFO  server.RaftServerConfigKeys (ConfUtils.java:logGet(43)) - raft.server.log.corruption.policy = EXCEPTION (default)
2019-10-16 07:39:24,506 [pool-42-thread-1] INFO  storage.RaftStorageDirectory (RaftStorageDirectory.java:analyzeStorage(246)) - The storage directory /workdir/hadoop-ozone/integration-test/target/test-dir/MiniOzoneClusterImpl-d5591382-938c-4025-98c2-9a8d578ab975/datanode-1/data/ratis/7e81be1f-fa7b-44c7-81bd-7f55986d44c8 does not exist. Creating ...
2019-10-16 07:39:24,527 [pool-42-thread-1] INFO  storage.RaftStorageDirectory (RaftStorageDirectory.java:tryLock(328)) - Lock on /workdir/hadoop-ozone/integration-test/target/test-dir/MiniOzoneClusterImpl-d5591382-938c-4025-98c2-9a8d578ab975/datanode-1/data/ratis/7e81be1f-fa7b-44c7-81bd-7f55986d44c8/in_use.lock acquired by nodename 1235@pr-hdds-1737-dstl4-2900247166
2019-10-16 07:39:24,543 [pool-42-thread-1] INFO  storage.RaftStorage (RaftStorage.java:format(84)) - Storage directory /workdir/hadoop-ozone/integration-test/target/test-dir/MiniOzoneClusterImpl-d5591382-938c-4025-98c2-9a8d578ab975/datanode-1/data/ratis/7e81be1f-fa7b-44c7-81bd-7f55986d44c8 has been successfully formatted.
2019-10-16 07:39:24,543 [pool-42-thread-1] INFO  ratis.ContainerStateMachine (ContainerStateMachine.java:loadSnapshot(231)) - group-7F55986D44C8: The snapshot info is null. Setting the last applied indexto:(t:0, i:~)
2019-10-16 07:39:24,543 [pool-42-thread-1] INFO  server.RaftServerConfigKeys (ConfUtils.java:logGet(43)) - raft.server.notification.no-leader.timeout = 120s (custom)
2019-10-16 07:39:24,544 [pool-42-thread-1] INFO  server.RaftServerConfigKeys (ConfUtils.java:logGet(43)) - raft.server.log.use.memory = false (default)
2019-10-16 07:39:24,544 [pool-42-thread-1] INFO  server.RaftServerConfigKeys (ConfUtils.java:logGet(43)) - raft.server.log.purge.gap = 1000000 (custom)
2019-10-16 07:39:24,544 [pool-42-thread-1] INFO  server.RaftServerConfigKeys (ConfUtils.java:logGet(43)) - raft.server.log.appender.buffer.byte-limit = 33554432 (custom)
2019-10-16 07:39:24,544 [pool-42-thread-1] INFO  server.RaftServerConfigKeys (ConfUtils.java:logGet(43)) - raft.server.log.segment.size.max = 1048576 (custom)
2019-10-16 07:39:24,547 [pool-42-thread-1] INFO  server.RaftServerConfigKeys (ConfUtils.java:logGet(43)) - raft.server.log.segment.cache.num.max = 2 (custom)
2019-10-16 07:39:24,547 [pool-42-thread-1] INFO  segmented.SegmentedRaftLogWorker (SegmentedRaftLogWorker.java:<init>(173)) - new b4710a7d-513e-4aab-8663-ef681ec2bbea@group-7F55986D44C8-SegmentedRaftLogWorker for RaftStorage:Storage Directory /workdir/hadoop-ozone/integration-test/target/test-dir/MiniOzoneClusterImpl-d5591382-938c-4025-98c2-9a8d578ab975/datanode-1/data/ratis/7e81be1f-fa7b-44c7-81bd-7f55986d44c8
2019-10-16 07:39:24,547 [pool-42-thread-1] INFO  server.RaftServerConfigKeys (ConfUtils.java:logGet(43)) - raft.server.log.queue.byte-limit = 2147483647 (custom)
2019-10-16 07:39:24,548 [pool-42-thread-1] INFO  server.RaftServerConfigKeys (ConfUtils.java:logGet(43)) - raft.server.log.queue.element-limit = 1024 (custom)
2019-10-16 07:39:24,548 [pool-42-thread-1] INFO  server.RaftServerConfigKeys (ConfUtils.java:logGet(43)) - raft.server.log.segment.size.max = 1048576 (custom)
2019-10-16 07:39:24,548 [pool-42-thread-1] INFO  server.RaftServerConfigKeys (ConfUtils.java:logGet(43)) - raft.server.log.preallocated.size = 16384 (custom)
2019-10-16 07:39:24,548 [pool-42-thread-1] INFO  server.RaftServerConfigKeys (ConfUtils.java:logGet(43)) - raft.server.log.write.buffer.size = 33554432 (custom)
2019-10-16 07:39:24,548 [pool-42-thread-1] INFO  server.RaftServerConfigKeys (ConfUtils.java:logGet(43)) - raft.server.log.force.sync.num = 128 (default)
2019-10-16 07:39:24,548 [pool-42-thread-1] INFO  server.RaftServerConfigKeys (ConfUtils.java:logGet(43)) - raft.server.log.statemachine.data.sync = true (default)
2019-10-16 07:39:24,549 [pool-42-thread-1] INFO  server.RaftServerConfigKeys (ConfUtils.java:logGet(43)) - raft.server.log.statemachine.data.sync.timeout = 10s (default)
2019-10-16 07:39:24,549 [pool-42-thread-1] INFO  server.RaftServerConfigKeys (ConfUtils.java:logGet(43)) - raft.server.log.statemachine.data.sync.timeout.retry = -1 (default)
2019-10-16 07:39:24,550 [pool-42-thread-1] INFO  server.RaftServerConfigKeys (ConfUtils.java:logGet(43)) - raft.server.log.statemachine.data.caching.enabled = true (custom)
2019-10-16 07:39:24,550 [pool-42-thread-1] INFO  segmented.SegmentedRaftLogWorker (SegmentedRaftLogWorker.java:lambda$new$0(128)) - b4710a7d-513e-4aab-8663-ef681ec2bbea@group-7F55986D44C8-SegmentedRaftLogWorker: flushIndex: setUnconditionally 0 -> -1
2019-10-16 07:39:24,550 [pool-42-thread-1] INFO  server.RaftServerConfigKeys (ConfUtils.java:logGet(43)) - raft.server.snapshot.auto.trigger.enabled = true (custom)
2019-10-16 07:39:24,551 [pool-42-thread-1] INFO  server.RaftServerConfigKeys (ConfUtils.java:logGet(43)) - raft.server.snapshot.auto.trigger.threshold = 10000 (custom)
2019-10-16 07:39:24,551 [pool-42-thread-1] INFO  server.RaftServerConfigKeys (ConfUtils.java:logGet(43)) - raft.server.snapshot.retention.file.num = 5 (custom)
2019-10-16 07:39:24,551 [pool-42-thread-1] INFO  server.RaftServerConfigKeys (ConfUtils.java:logGet(43)) - raft.server.retrycache.expirytime = 600000ms (custom)
2019-10-16 07:39:24,556 [pool-42-thread-1] INFO  impl.RaftServerImpl (RaftServerImpl.java:start(195)) - b4710a7d-513e-4aab-8663-ef681ec2bbea@group-7F55986D44C8: start as a follower, conf=-1: [b4710a7d-513e-4aab-8663-ef681ec2bbea:192.168.34.43:42222], old=null
2019-10-16 07:39:24,556 [pool-42-thread-1] INFO  impl.RaftServerImpl (RaftServerImpl.java:setRole(184)) - b4710a7d-513e-4aab-8663-ef681ec2bbea@group-7F55986D44C8: changes role from      null to FOLLOWER at term 0 for startAsFollower
2019-10-16 07:39:24,556 [pool-42-thread-1] INFO  impl.RoleInfo (RoleInfo.java:updateAndGet(143)) - b4710a7d-513e-4aab-8663-ef681ec2bbea: start FollowerState
2019-10-16 07:39:24,556 [pool-42-thread-1] INFO  util.JmxRegister (JmxRegister.java:tryRegister(44)) - Successfully registered JMX Bean with object name Ratis:service=RaftServer,group=group-7F55986D44C8,id=b4710a7d-513e-4aab-8663-ef681ec2bbea
2019-10-16 07:39:24,572 [RatisPipelineUtilsThread] INFO  pipeline.PipelineStateManager (PipelineStateManager.java:addPipeline(56)) - Created pipeline Pipeline[ Id: 7e81be1f-fa7b-44c7-81bd-7f55986d44c8, Nodes: b4710a7d-513e-4aab-8663-ef681ec2bbea{ip: 192.168.34.43, host: pr-hdds-1737-dstl4-2900247166, networkLocation: /default-rack, certSerialId: null}, Type:RATIS, Factor:ONE, State:OPEN]
2019-10-16 07:39:24,603 [grpc-default-executor-2] INFO  impl.RaftServerProxy (RaftServerProxy.java:addNew(89)) - b4710a7d-513e-4aab-8663-ef681ec2bbea: addNew group-67FE5C00EF84:[b4710a7d-513e-4aab-8663-ef681ec2bbea:192.168.34.43:42222, b3920fa1-6aeb-470e-859b-e59eecc202d4:192.168.34.43:34737, 9d54ce08-0963-4811-aec3-c49382d33745:192.168.34.43:40270] returns group-67FE5C00EF84:java.util.concurrent.CompletableFuture@42f9a973[Not completed]
2019-10-16 07:39:24,606 [pool-42-thread-1] INFO  impl.RaftServerImpl (RaftServerImpl.java:<init>(104)) - b4710a7d-513e-4aab-8663-ef681ec2bbea: new RaftServerImpl for group-67FE5C00EF84:[b4710a7d-513e-4aab-8663-ef681ec2bbea:192.168.34.43:42222, b3920fa1-6aeb-470e-859b-e59eecc202d4:192.168.34.43:34737, 9d54ce08-0963-4811-aec3-c49382d33745:192.168.34.43:40270] with ContainerStateMachine:uninitialized
2019-10-16 07:39:24,607 [pool-42-thread-1] INFO  server.RaftServerConfigKeys (ConfUtils.java:logGet(43)) - raft.server.rpc.timeout.min = 5s (custom)
2019-10-16 07:39:24,607 [pool-42-thread-1] INFO  server.RaftServerConfigKeys (ConfUtils.java:logGet(43)) - raft.server.rpc.timeout.max = 5200ms (custom)
2019-10-16 07:39:24,607 [pool-42-thread-1] INFO  server.RaftServerConfigKeys (ConfUtils.java:logGet(43)) - raft.server.rpcslowness.timeout = 120s (custom)
2019-10-16 07:39:24,607 [pool-42-thread-1] INFO  server.RaftServerConfigKeys (ConfUtils.java:logGet(43)) - raft.server.sleep.deviation.threshold = 300 (default)
2019-10-16 07:39:24,607 [pool-42-thread-1] INFO  server.RaftServerConfigKeys (ConfUtils.java:logGet(43)) - raft.server.log.appender.install.snapshot.enabled = false (custom)
2019-10-16 07:39:24,607 [pool-42-thread-1] INFO  impl.RaftServerImpl (ServerState.java:<init>(103)) - b4710a7d-513e-4aab-8663-ef681ec2bbea@group-67FE5C00EF84: ConfigurationManager, init=-1: [b4710a7d-513e-4aab-8663-ef681ec2bbea:192.168.34.43:42222, b3920fa1-6aeb-470e-859b-e59eecc202d4:192.168.34.43:34737, 9d54ce08-0963-4811-aec3-c49382d33745:192.168.34.43:40270], old=null, confs=<EMPTY_MAP>
2019-10-16 07:39:24,608 [pool-42-thread-1] INFO  server.RaftServerConfigKeys (ConfUtils.java:logGet(43)) - raft.server.storage.dir = [/workdir/hadoop-ozone/integration-test/target/test-dir/MiniOzoneClusterImpl-d5591382-938c-4025-98c2-9a8d578ab975/datanode-1/data/ratis] (custom)
2019-10-16 07:39:24,608 [pool-42-thread-1] INFO  server.RaftServerConfigKeys (ConfUtils.java:logGet(43)) - raft.server.log.corruption.policy = EXCEPTION (default)
2019-10-16 07:39:24,608 [pool-42-thread-1] INFO  storage.RaftStorageDirectory (RaftStorageDirectory.java:analyzeStorage(246)) - The storage directory /workdir/hadoop-ozone/integration-test/target/test-dir/MiniOzoneClusterImpl-d5591382-938c-4025-98c2-9a8d578ab975/datanode-1/data/ratis/0748baaa-f499-4813-acd1-67fe5c00ef84 does not exist. Creating ...
2019-10-16 07:39:24,612 [grpc-default-executor-2] INFO  impl.RaftServerProxy (RaftServerProxy.java:addNew(89)) - b3920fa1-6aeb-470e-859b-e59eecc202d4: addNew group-67FE5C00EF84:[b4710a7d-513e-4aab-8663-ef681ec2bbea:192.168.34.43:42222, b3920fa1-6aeb-470e-859b-e59eecc202d4:192.168.34.43:34737, 9d54ce08-0963-4811-aec3-c49382d33745:192.168.34.43:40270] returns group-67FE5C00EF84:java.util.concurrent.CompletableFuture@3c4a348[Not completed]
2019-10-16 07:39:24,613 [Thread-195] INFO  impl.FollowerState (FollowerState.java:run(108)) - b4710a7d-513e-4aab-8663-ef681ec2bbea@group-7F55986D44C8-FollowerState: change to CANDIDATE, lastRpcTime:56ms, electionTimeout:56ms
2019-10-16 07:39:24,613 [Thread-195] INFO  impl.RoleInfo (RoleInfo.java:shutdownFollowerState(121)) - b4710a7d-513e-4aab-8663-ef681ec2bbea: shutdown FollowerState
2019-10-16 07:39:24,613 [Thread-195] INFO  impl.RaftServerImpl (RaftServerImpl.java:setRole(184)) - b4710a7d-513e-4aab-8663-ef681ec2bbea@group-7F55986D44C8: changes role from  FOLLOWER to CANDIDATE at term 0 for changeToCandidate
2019-10-16 07:39:24,613 [Thread-195] INFO  impl.RoleInfo (RoleInfo.java:updateAndGet(143)) - b4710a7d-513e-4aab-8663-ef681ec2bbea: start LeaderElection
2019-10-16 07:39:24,618 [pool-52-thread-1] INFO  impl.RaftServerImpl (RaftServerImpl.java:<init>(104)) - b3920fa1-6aeb-470e-859b-e59eecc202d4: new RaftServerImpl for group-67FE5C00EF84:[b4710a7d-513e-4aab-8663-ef681ec2bbea:192.168.34.43:42222, b3920fa1-6aeb-470e-859b-e59eecc202d4:192.168.34.43:34737, 9d54ce08-0963-4811-aec3-c49382d33745:192.168.34.43:40270] with ContainerStateMachine:uninitialized
2019-10-16 07:39:24,618 [pool-52-thread-1] INFO  server.RaftServerConfigKeys (ConfUtils.java:logGet(43)) - raft.server.rpc.timeout.min = 5s (custom)
2019-10-16 07:39:24,619 [pool-52-thread-1] INFO  server.RaftServerConfigKeys (ConfUtils.java:logGet(43)) - raft.server.rpc.timeout.max = 5200ms (custom)
2019-10-16 07:39:24,619 [pool-52-thread-1] INFO  server.RaftServerConfigKeys (ConfUtils.java:logGet(43)) - raft.server.rpcslowness.timeout = 120s (custom)
2019-10-16 07:39:24,619 [pool-52-thread-1] INFO  server.RaftServerConfigKeys (ConfUtils.java:logGet(43)) - raft.server.sleep.deviation.threshold = 300 (default)
2019-10-16 07:39:24,619 [pool-52-thread-1] INFO  server.RaftServerConfigKeys (ConfUtils.java:logGet(43)) - raft.server.log.appender.install.snapshot.enabled = false (custom)
2019-10-16 07:39:24,620 [grpc-default-executor-2] INFO  impl.RaftServerProxy (RaftServerProxy.java:addNew(89)) - 9d54ce08-0963-4811-aec3-c49382d33745: addNew group-67FE5C00EF84:[b4710a7d-513e-4aab-8663-ef681ec2bbea:192.168.34.43:42222, b3920fa1-6aeb-470e-859b-e59eecc202d4:192.168.34.43:34737, 9d54ce08-0963-4811-aec3-c49382d33745:192.168.34.43:40270] returns group-67FE5C00EF84:java.util.concurrent.CompletableFuture@3db007ca[Not completed]
2019-10-16 07:39:24,620 [pool-52-thread-1] INFO  impl.RaftServerImpl (ServerState.java:<init>(103)) - b3920fa1-6aeb-470e-859b-e59eecc202d4@group-67FE5C00EF84: ConfigurationManager, init=-1: [b4710a7d-513e-4aab-8663-ef681ec2bbea:192.168.34.43:42222, b3920fa1-6aeb-470e-859b-e59eecc202d4:192.168.34.43:34737, 9d54ce08-0963-4811-aec3-c49382d33745:192.168.34.43:40270], old=null, confs=<EMPTY_MAP>
2019-10-16 07:39:24,620 [pool-52-thread-1] INFO  server.RaftServerConfigKeys (ConfUtils.java:logGet(43)) - raft.server.storage.dir = [/workdir/hadoop-ozone/integration-test/target/test-dir/MiniOzoneClusterImpl-d5591382-938c-4025-98c2-9a8d578ab975/datanode-2/data/ratis] (custom)
2019-10-16 07:39:24,620 [pool-52-thread-1] INFO  server.RaftServerConfigKeys (ConfUtils.java:logGet(43)) - raft.server.log.corruption.policy = EXCEPTION (default)
2019-10-16 07:39:24,621 [pool-52-thread-1] INFO  storage.RaftStorageDirectory (RaftStorageDirectory.java:analyzeStorage(246)) - The storage directory /workdir/hadoop-ozone/integration-test/target/test-dir/MiniOzoneClusterImpl-d5591382-938c-4025-98c2-9a8d578ab975/datanode-2/data/ratis/0748baaa-f499-4813-acd1-67fe5c00ef84 does not exist. Creating ...
2019-10-16 07:39:24,621 [pool-32-thread-1] INFO  impl.RaftServerImpl (RaftServerImpl.java:<init>(104)) - 9d54ce08-0963-4811-aec3-c49382d33745: new RaftServerImpl for group-67FE5C00EF84:[b4710a7d-513e-4aab-8663-ef681ec2bbea:192.168.34.43:42222, b3920fa1-6aeb-470e-859b-e59eecc202d4:192.168.34.43:34737, 9d54ce08-0963-4811-aec3-c49382d33745:192.168.34.43:40270] with ContainerStateMachine:uninitialized
2019-10-16 07:39:24,621 [pool-32-thread-1] INFO  server.RaftServerConfigKeys (ConfUtils.java:logGet(43)) - raft.server.rpc.timeout.min = 5s (custom)
2019-10-16 07:39:24,621 [pool-32-thread-1] INFO  server.RaftServerConfigKeys (ConfUtils.java:logGet(43)) - raft.server.rpc.timeout.max = 5200ms (custom)
2019-10-16 07:39:24,622 [pool-32-thread-1] INFO  server.RaftServerConfigKeys (ConfUtils.java:logGet(43)) - raft.server.rpcslowness.timeout = 120s (custom)
2019-10-16 07:39:24,622 [pool-32-thread-1] INFO  server.RaftServerConfigKeys (ConfUtils.java:logGet(43)) - raft.server.sleep.deviation.threshold = 300 (default)
2019-10-16 07:39:24,622 [pool-32-thread-1] INFO  server.RaftServerConfigKeys (ConfUtils.java:logGet(43)) - raft.server.log.appender.install.snapshot.enabled = false (custom)
2019-10-16 07:39:24,622 [pool-32-thread-1] INFO  impl.RaftServerImpl (ServerState.java:<init>(103)) - 9d54ce08-0963-4811-aec3-c49382d33745@group-67FE5C00EF84: ConfigurationManager, init=-1: [b4710a7d-513e-4aab-8663-ef681ec2bbea:192.168.34.43:42222, b3920fa1-6aeb-470e-859b-e59eecc202d4:192.168.34.43:34737, 9d54ce08-0963-4811-aec3-c49382d33745:192.168.34.43:40270], old=null, confs=<EMPTY_MAP>
2019-10-16 07:39:24,622 [pool-32-thread-1] INFO  server.RaftServerConfigKeys (ConfUtils.java:logGet(43)) - raft.server.storage.dir = [/workdir/hadoop-ozone/integration-test/target/test-dir/MiniOzoneClusterImpl-d5591382-938c-4025-98c2-9a8d578ab975/datanode-0/data/ratis] (custom)
2019-10-16 07:39:24,624 [pool-32-thread-1] INFO  server.RaftServerConfigKeys (ConfUtils.java:logGet(43)) - raft.server.log.corruption.policy = EXCEPTION (default)
2019-10-16 07:39:24,624 [pool-32-thread-1] INFO  storage.RaftStorageDirectory (RaftStorageDirectory.java:analyzeStorage(246)) - The storage directory /workdir/hadoop-ozone/integration-test/target/test-dir/MiniOzoneClusterImpl-d5591382-938c-4025-98c2-9a8d578ab975/datanode-0/data/ratis/0748baaa-f499-4813-acd1-67fe5c00ef84 does not exist. Creating ...
2019-10-16 07:39:24,635 [pool-42-thread-1] INFO  storage.RaftStorageDirectory (RaftStorageDirectory.java:tryLock(328)) - Lock on /workdir/hadoop-ozone/integration-test/target/test-dir/MiniOzoneClusterImpl-d5591382-938c-4025-98c2-9a8d578ab975/datanode-1/data/ratis/0748baaa-f499-4813-acd1-67fe5c00ef84/in_use.lock acquired by nodename 1235@pr-hdds-1737-dstl4-2900247166
2019-10-16 07:39:24,636 [Thread-192] INFO  impl.FollowerState (FollowerState.java:run(108)) - b3920fa1-6aeb-470e-859b-e59eecc202d4@group-58BB276D30E8-FollowerState: change to CANDIDATE, lastRpcTime:174ms, electionTimeout:174ms
2019-10-16 07:39:24,636 [b4710a7d-513e-4aab-8663-ef681ec2bbea@group-7F55986D44C8-LeaderElection3] INFO  impl.LeaderElection (LeaderElection.java:askForVotes(178)) - b4710a7d-513e-4aab-8663-ef681ec2bbea@group-7F55986D44C8-LeaderElection3: begin an election at term 1 for -1: [b4710a7d-513e-4aab-8663-ef681ec2bbea:192.168.34.43:42222], old=null
2019-10-16 07:39:24,636 [Thread-192] INFO  impl.RoleInfo (RoleInfo.java:shutdownFollowerState(121)) - b3920fa1-6aeb-470e-859b-e59eecc202d4: shutdown FollowerState
2019-10-16 07:39:24,636 [b4710a7d-513e-4aab-8663-ef681ec2bbea@group-7F55986D44C8-LeaderElection3] INFO  impl.RoleInfo (RoleInfo.java:shutdownLeaderElection(134)) - b4710a7d-513e-4aab-8663-ef681ec2bbea: shutdown LeaderElection
2019-10-16 07:39:24,636 [pool-32-thread-1] INFO  storage.RaftStorageDirectory (RaftStorageDirectory.java:tryLock(328)) - Lock on /workdir/hadoop-ozone/integration-test/target/test-dir/MiniOzoneClusterImpl-d5591382-938c-4025-98c2-9a8d578ab975/datanode-0/data/ratis/0748baaa-f499-4813-acd1-67fe5c00ef84/in_use.lock acquired by nodename 1235@pr-hdds-1737-dstl4-2900247166
2019-10-16 07:39:24,636 [pool-52-thread-1] INFO  storage.RaftStorageDirectory (RaftStorageDirectory.java:tryLock(328)) - Lock on /workdir/hadoop-ozone/integration-test/target/test-dir/MiniOzoneClusterImpl-d5591382-938c-4025-98c2-9a8d578ab975/datanode-2/data/ratis/0748baaa-f499-4813-acd1-67fe5c00ef84/in_use.lock acquired by nodename 1235@pr-hdds-1737-dstl4-2900247166
2019-10-16 07:39:24,636 [Thread-192] INFO  impl.RaftServerImpl (RaftServerImpl.java:setRole(184)) - b3920fa1-6aeb-470e-859b-e59eecc202d4@group-58BB276D30E8: changes role from  FOLLOWER to CANDIDATE at term 0 for changeToCandidate
2019-10-16 07:39:24,636 [b4710a7d-513e-4aab-8663-ef681ec2bbea@group-7F55986D44C8-LeaderElection3] INFO  impl.RaftServerImpl (RaftServerImpl.java:setRole(184)) - b4710a7d-513e-4aab-8663-ef681ec2bbea@group-7F55986D44C8: changes role from CANDIDATE to LEADER at term 1 for changeToLeader
2019-10-16 07:39:24,637 [Thread-192] INFO  impl.RoleInfo (RoleInfo.java:updateAndGet(143)) - b3920fa1-6aeb-470e-859b-e59eecc202d4: start LeaderElection
2019-10-16 07:39:24,637 [b4710a7d-513e-4aab-8663-ef681ec2bbea@group-7F55986D44C8-LeaderElection3] INFO  impl.RaftServerImpl (ServerState.java:setLeader(256)) - b4710a7d-513e-4aab-8663-ef681ec2bbea@group-7F55986D44C8: change Leader from null to b4710a7d-513e-4aab-8663-ef681ec2bbea at term 1 for becomeLeader, leader elected after 93ms
2019-10-16 07:39:24,637 [b4710a7d-513e-4aab-8663-ef681ec2bbea@group-7F55986D44C8-LeaderElection3] INFO  server.RaftServerConfigKeys (ConfUtils.java:logGet(43)) - raft.server.staging.catchup.gap = 1000 (default)
2019-10-16 07:39:24,640 [b4710a7d-513e-4aab-8663-ef681ec2bbea@group-7F55986D44C8-LeaderElection3] INFO  server.RaftServerConfigKeys (ConfUtils.java:logGet(43)) - raft.server.rpc.sleep.time = 25ms (default)
2019-10-16 07:39:24,641 [b4710a7d-513e-4aab-8663-ef681ec2bbea@group-7F55986D44C8-LeaderElection3] INFO  server.RaftServerConfigKeys (ConfUtils.java:logGet(43)) - raft.server.write.element-limit = 4096 (default)
2019-10-16 07:39:24,641 [b4710a7d-513e-4aab-8663-ef681ec2bbea@group-7F55986D44C8-LeaderElection3] INFO  server.RaftServerConfigKeys (ConfUtils.java:logGet(43)) - raft.server.watch.timeout = 10s (default)
2019-10-16 07:39:24,641 [b4710a7d-513e-4aab-8663-ef681ec2bbea@group-7F55986D44C8-LeaderElection3] INFO  server.RaftServerConfigKeys (ConfUtils.java:logGet(43)) - raft.server.watch.timeout.denomination = 1s (default)
2019-10-16 07:39:24,641 [b4710a7d-513e-4aab-8663-ef681ec2bbea@group-7F55986D44C8-LeaderElection3] INFO  server.RaftServerConfigKeys (ConfUtils.java:logGet(43)) - raft.server.watch.element-limit = 65536 (default)
2019-10-16 07:39:24,644 [b4710a7d-513e-4aab-8663-ef681ec2bbea@group-7F55986D44C8-LeaderElection3] INFO  impl.RoleInfo (RoleInfo.java:updateAndGet(143)) - b4710a7d-513e-4aab-8663-ef681ec2bbea: start LeaderState
2019-10-16 07:39:24,645 [b4710a7d-513e-4aab-8663-ef681ec2bbea@group-7F55986D44C8-LeaderElection3] INFO  segmented.SegmentedRaftLogWorker (SegmentedRaftLogWorker.java:startLogSegment(385)) - b4710a7d-513e-4aab-8663-ef681ec2bbea@group-7F55986D44C8-SegmentedRaftLogWorker: Starting segment from index:0
2019-10-16 07:39:24,646 [b4710a7d-513e-4aab-8663-ef681ec2bbea@group-7F55986D44C8-LeaderElection3] INFO  impl.RaftServerImpl (ServerState.java:setRaftConf(357)) - b4710a7d-513e-4aab-8663-ef681ec2bbea@group-7F55986D44C8: set configuration 0: [b4710a7d-513e-4aab-8663-ef681ec2bbea:192.168.34.43:42222], old=null at 0
2019-10-16 07:39:24,650 [pool-42-thread-1] INFO  storage.RaftStorage (RaftStorage.java:format(84)) - Storage directory /workdir/hadoop-ozone/integration-test/target/test-dir/MiniOzoneClusterImpl-d5591382-938c-4025-98c2-9a8d578ab975/datanode-1/data/ratis/0748baaa-f499-4813-acd1-67fe5c00ef84 has been successfully formatted.
2019-10-16 07:39:24,651 [pool-42-thread-1] INFO  ratis.ContainerStateMachine (ContainerStateMachine.java:loadSnapshot(231)) - group-67FE5C00EF84: The snapshot info is null. Setting the last applied indexto:(t:0, i:~)
2019-10-16 07:39:24,651 [pool-42-thread-1] INFO  server.RaftServerConfigKeys (ConfUtils.java:logGet(43)) - raft.server.notification.no-leader.timeout = 120s (custom)
2019-10-16 07:39:24,651 [pool-42-thread-1] INFO  server.RaftServerConfigKeys (ConfUtils.java:logGet(43)) - raft.server.log.use.memory = false (default)
2019-10-16 07:39:24,651 [pool-42-thread-1] INFO  server.RaftServerConfigKeys (ConfUtils.java:logGet(43)) - raft.server.log.purge.gap = 1000000 (custom)
2019-10-16 07:39:24,651 [pool-42-thread-1] INFO  server.RaftServerConfigKeys (ConfUtils.java:logGet(43)) - raft.server.log.appender.buffer.byte-limit = 33554432 (custom)
2019-10-16 07:39:24,652 [pool-42-thread-1] INFO  server.RaftServerConfigKeys (ConfUtils.java:logGet(43)) - raft.server.log.segment.size.max = 1048576 (custom)
2019-10-16 07:39:24,652 [pool-42-thread-1] INFO  server.RaftServerConfigKeys (ConfUtils.java:logGet(43)) - raft.server.log.segment.cache.num.max = 2 (custom)
2019-10-16 07:39:24,652 [pool-42-thread-1] INFO  segmented.SegmentedRaftLogWorker (SegmentedRaftLogWorker.java:<init>(173)) - new b4710a7d-513e-4aab-8663-ef681ec2bbea@group-67FE5C00EF84-SegmentedRaftLogWorker for RaftStorage:Storage Directory /workdir/hadoop-ozone/integration-test/target/test-dir/MiniOzoneClusterImpl-d5591382-938c-4025-98c2-9a8d578ab975/datanode-1/data/ratis/0748baaa-f499-4813-acd1-67fe5c00ef84
2019-10-16 07:39:24,652 [pool-42-thread-1] INFO  server.RaftServerConfigKeys (ConfUtils.java:logGet(43)) - raft.server.log.queue.byte-limit = 2147483647 (custom)
2019-10-16 07:39:24,652 [pool-42-thread-1] INFO  server.RaftServerConfigKeys (ConfUtils.java:logGet(43)) - raft.server.log.queue.element-limit = 1024 (custom)
2019-10-16 07:39:24,653 [pool-42-thread-1] INFO  server.RaftServerConfigKeys (ConfUtils.java:logGet(43)) - raft.server.log.segment.size.max = 1048576 (custom)
2019-10-16 07:39:24,653 [pool-42-thread-1] INFO  server.RaftServerConfigKeys (ConfUtils.java:logGet(43)) - raft.server.log.preallocated.size = 16384 (custom)
2019-10-16 07:39:24,653 [pool-42-thread-1] INFO  server.RaftServerConfigKeys (ConfUtils.java:logGet(43)) - raft.server.log.write.buffer.size = 33554432 (custom)
2019-10-16 07:39:24,653 [pool-42-thread-1] INFO  server.RaftServerConfigKeys (ConfUtils.java:logGet(43)) - raft.server.log.force.sync.num = 128 (default)
2019-10-16 07:39:24,653 [pool-42-thread-1] INFO  server.RaftServerConfigKeys (ConfUtils.java:logGet(43)) - raft.server.log.statemachine.data.sync = true (default)
2019-10-16 07:39:24,653 [pool-42-thread-1] INFO  server.RaftServerConfigKeys (ConfUtils.java:logGet(43)) - raft.server.log.statemachine.data.sync.timeout = 10s (default)
2019-10-16 07:39:24,654 [pool-42-thread-1] INFO  server.RaftServerConfigKeys (ConfUtils.java:logGet(43)) - raft.server.log.statemachine.data.sync.timeout.retry = -1 (default)
2019-10-16 07:39:24,654 [pool-42-thread-1] INFO  server.RaftServerConfigKeys (ConfUtils.java:logGet(43)) - raft.server.log.statemachine.data.caching.enabled = true (custom)
2019-10-16 07:39:24,664 [pool-42-thread-1] INFO  segmented.SegmentedRaftLogWorker (SegmentedRaftLogWorker.java:lambda$new$0(128)) - b4710a7d-513e-4aab-8663-ef681ec2bbea@group-67FE5C00EF84-SegmentedRaftLogWorker: flushIndex: setUnconditionally 0 -> -1
2019-10-16 07:39:24,664 [pool-42-thread-1] INFO  server.RaftServerConfigKeys (ConfUtils.java:logGet(43)) - raft.server.snapshot.auto.trigger.enabled = true (custom)
2019-10-16 07:39:24,664 [pool-52-thread-1] INFO  storage.RaftStorage (RaftStorage.java:format(84)) - Storage directory /workdir/hadoop-ozone/integration-test/target/test-dir/MiniOzoneClusterImpl-d5591382-938c-4025-98c2-9a8d578ab975/datanode-2/data/ratis/0748baaa-f499-4813-acd1-67fe5c00ef84 has been successfully formatted.
2019-10-16 07:39:24,665 [pool-42-thread-1] INFO  server.RaftServerConfigKeys (ConfUtils.java:logGet(43)) - raft.server.snapshot.auto.trigger.threshold = 10000 (custom)
2019-10-16 07:39:24,665 [b3920fa1-6aeb-470e-859b-e59eecc202d4@group-58BB276D30E8-LeaderElection4] INFO  impl.LeaderElection (LeaderElection.java:askForVotes(178)) - b3920fa1-6aeb-470e-859b-e59eecc202d4@group-58BB276D30E8-LeaderElection4: begin an election at term 1 for -1: [b3920fa1-6aeb-470e-859b-e59eecc202d4:192.168.34.43:34737], old=null
2019-10-16 07:39:24,664 [pool-32-thread-1] INFO  storage.RaftStorage (RaftStorage.java:format(84)) - Storage directory /workdir/hadoop-ozone/integration-test/target/test-dir/MiniOzoneClusterImpl-d5591382-938c-4025-98c2-9a8d578ab975/datanode-0/data/ratis/0748baaa-f499-4813-acd1-67fe5c00ef84 has been successfully formatted.
2019-10-16 07:39:24,665 [b3920fa1-6aeb-470e-859b-e59eecc202d4@group-58BB276D30E8-LeaderElection4] INFO  impl.RoleInfo (RoleInfo.java:shutdownLeaderElection(134)) - b3920fa1-6aeb-470e-859b-e59eecc202d4: shutdown LeaderElection
2019-10-16 07:39:24,665 [pool-32-thread-1] INFO  ratis.ContainerStateMachine (ContainerStateMachine.java:loadSnapshot(231)) - group-67FE5C00EF84: The snapshot info is null. Setting the last applied indexto:(t:0, i:~)
2019-10-16 07:39:24,665 [pool-52-thread-1] INFO  ratis.ContainerStateMachine (ContainerStateMachine.java:loadSnapshot(231)) - group-67FE5C00EF84: The snapshot info is null. Setting the last applied indexto:(t:0, i:~)
2019-10-16 07:39:24,665 [pool-42-thread-1] INFO  server.RaftServerConfigKeys (ConfUtils.java:logGet(43)) - raft.server.snapshot.retention.file.num = 5 (custom)
2019-10-16 07:39:24,666 [pool-52-thread-1] INFO  server.RaftServerConfigKeys (ConfUtils.java:logGet(43)) - raft.server.notification.no-leader.timeout = 120s (custom)
2019-10-16 07:39:24,665 [pool-32-thread-1] INFO  server.RaftServerConfigKeys (ConfUtils.java:logGet(43)) - raft.server.notification.no-leader.timeout = 120s (custom)
2019-10-16 07:39:24,665 [b3920fa1-6aeb-470e-859b-e59eecc202d4@group-58BB276D30E8-LeaderElection4] INFO  impl.RaftServerImpl (RaftServerImpl.java:setRole(184)) - b3920fa1-6aeb-470e-859b-e59eecc202d4@group-58BB276D30E8: changes role from CANDIDATE to LEADER at term 1 for changeToLeader
2019-10-16 07:39:24,666 [pool-32-thread-1] INFO  server.RaftServerConfigKeys (ConfUtils.java:logGet(43)) - raft.server.log.use.memory = false (default)
2019-10-16 07:39:24,666 [pool-42-thread-1] INFO  server.RaftServerConfigKeys (ConfUtils.java:logGet(43)) - raft.server.retrycache.expirytime = 600000ms (custom)
2019-10-16 07:39:24,666 [pool-52-thread-1] INFO  server.RaftServerConfigKeys (ConfUtils.java:logGet(43)) - raft.server.log.use.memory = false (default)
2019-10-16 07:39:24,666 [pool-32-thread-1] INFO  server.RaftServerConfigKeys (ConfUtils.java:logGet(43)) - raft.server.log.purge.gap = 1000000 (custom)
2019-10-16 07:39:24,666 [b3920fa1-6aeb-470e-859b-e59eecc202d4@group-58BB276D30E8-LeaderElection4] INFO  impl.RaftServerImpl (ServerState.java:setLeader(256)) - b3920fa1-6aeb-470e-859b-e59eecc202d4@group-58BB276D30E8: change Leader from null to b3920fa1-6aeb-470e-859b-e59eecc202d4 at term 1 for becomeLeader, leader elected after 220ms
2019-10-16 07:39:24,667 [pool-32-thread-1] INFO  server.RaftServerConfigKeys (ConfUtils.java:logGet(43)) - raft.server.log.appender.buffer.byte-limit = 33554432 (custom)
2019-10-16 07:39:24,667 [pool-52-thread-1] INFO  server.RaftServerConfigKeys (ConfUtils.java:logGet(43)) - raft.server.log.purge.gap = 1000000 (custom)
2019-10-16 07:39:24,667 [pool-32-thread-1] INFO  server.RaftServerConfigKeys (ConfUtils.java:logGet(43)) - raft.server.log.segment.size.max = 1048576 (custom)
2019-10-16 07:39:24,667 [b3920fa1-6aeb-470e-859b-e59eecc202d4@group-58BB276D30E8-LeaderElection4] INFO  server.RaftServerConfigKeys (ConfUtils.java:logGet(43)) - raft.server.staging.catchup.gap = 1000 (default)
2019-10-16 07:39:24,667 [pool-32-thread-1] INFO  server.RaftServerConfigKeys (ConfUtils.java:logGet(43)) - raft.server.log.segment.cache.num.max = 2 (custom)
2019-10-16 07:39:24,667 [pool-52-thread-1] INFO  server.RaftServerConfigKeys (ConfUtils.java:logGet(43)) - raft.server.log.appender.buffer.byte-limit = 33554432 (custom)
2019-10-16 07:39:24,667 [pool-32-thread-1] INFO  segmented.SegmentedRaftLogWorker (SegmentedRaftLogWorker.java:<init>(173)) - new 9d54ce08-0963-4811-aec3-c49382d33745@group-67FE5C00EF84-SegmentedRaftLogWorker for RaftStorage:Storage Directory /workdir/hadoop-ozone/integration-test/target/test-dir/MiniOzoneClusterImpl-d5591382-938c-4025-98c2-9a8d578ab975/datanode-0/data/ratis/0748baaa-f499-4813-acd1-67fe5c00ef84
2019-10-16 07:39:24,667 [b3920fa1-6aeb-470e-859b-e59eecc202d4@group-58BB276D30E8-LeaderElection4] INFO  server.RaftServerConfigKeys (ConfUtils.java:logGet(43)) - raft.server.rpc.sleep.time = 25ms (default)
2019-10-16 07:39:24,668 [pool-32-thread-1] INFO  server.RaftServerConfigKeys (ConfUtils.java:logGet(43)) - raft.server.log.queue.byte-limit = 2147483647 (custom)
2019-10-16 07:39:24,668 [pool-52-thread-1] INFO  server.RaftServerConfigKeys (ConfUtils.java:logGet(43)) - raft.server.log.segment.size.max = 1048576 (custom)
2019-10-16 07:39:24,668 [b3920fa1-6aeb-470e-859b-e59eecc202d4@group-58BB276D30E8-LeaderElection4] INFO  server.RaftServerConfigKeys (ConfUtils.java:logGet(43)) - raft.server.write.element-limit = 4096 (default)
2019-10-16 07:39:24,668 [pool-32-thread-1] INFO  server.RaftServerConfigKeys (ConfUtils.java:logGet(43)) - raft.server.log.queue.element-limit = 1024 (custom)
2019-10-16 07:39:24,668 [b3920fa1-6aeb-470e-859b-e59eecc202d4@group-58BB276D30E8-LeaderElection4] INFO  server.RaftServerConfigKeys (ConfUtils.java:logGet(43)) - raft.server.watch.timeout = 10s (default)
2019-10-16 07:39:24,668 [pool-52-thread-1] INFO  server.RaftServerConfigKeys (ConfUtils.java:logGet(43)) - raft.server.log.segment.cache.num.max = 2 (custom)
2019-10-16 07:39:24,668 [b3920fa1-6aeb-470e-859b-e59eecc202d4@group-58BB276D30E8-LeaderElection4] INFO  server.RaftServerConfigKeys (ConfUtils.java:logGet(43)) - raft.server.watch.timeout.denomination = 1s (default)
2019-10-16 07:39:24,668 [pool-32-thread-1] INFO  server.RaftServerConfigKeys (ConfUtils.java:logGet(43)) - raft.server.log.segment.size.max = 1048576 (custom)
2019-10-16 07:39:24,669 [b3920fa1-6aeb-470e-859b-e59eecc202d4@group-58BB276D30E8-LeaderElection4] INFO  server.RaftServerConfigKeys (ConfUtils.java:logGet(43)) - raft.server.watch.element-limit = 65536 (default)
2019-10-16 07:39:24,669 [pool-52-thread-1] INFO  segmented.SegmentedRaftLogWorker (SegmentedRaftLogWorker.java:<init>(173)) - new b3920fa1-6aeb-470e-859b-e59eecc202d4@group-67FE5C00EF84-SegmentedRaftLogWorker for RaftStorage:Storage Directory /workdir/hadoop-ozone/integration-test/target/test-dir/MiniOzoneClusterImpl-d5591382-938c-4025-98c2-9a8d578ab975/datanode-2/data/ratis/0748baaa-f499-4813-acd1-67fe5c00ef84
2019-10-16 07:39:24,669 [pool-32-thread-1] INFO  server.RaftServerConfigKeys (ConfUtils.java:logGet(43)) - raft.server.log.preallocated.size = 16384 (custom)
2019-10-16 07:39:24,669 [pool-52-thread-1] INFO  server.RaftServerConfigKeys (ConfUtils.java:logGet(43)) - raft.server.log.queue.byte-limit = 2147483647 (custom)
2019-10-16 07:39:24,669 [pool-32-thread-1] INFO  server.RaftServerConfigKeys (ConfUtils.java:logGet(43)) - raft.server.log.write.buffer.size = 33554432 (custom)
2019-10-16 07:39:24,669 [pool-52-thread-1] INFO  server.RaftServerConfigKeys (ConfUtils.java:logGet(43)) - raft.server.log.queue.element-limit = 1024 (custom)
2019-10-16 07:39:24,669 [pool-32-thread-1] INFO  server.RaftServerConfigKeys (ConfUtils.java:logGet(43)) - raft.server.log.force.sync.num = 128 (default)
2019-10-16 07:39:24,670 [pool-52-thread-1] INFO  server.RaftServerConfigKeys (ConfUtils.java:logGet(43)) - raft.server.log.segment.size.max = 1048576 (custom)
2019-10-16 07:39:24,670 [pool-32-thread-1] INFO  server.RaftServerConfigKeys (ConfUtils.java:logGet(43)) - raft.server.log.statemachine.data.sync = true (default)
2019-10-16 07:39:24,670 [pool-52-thread-1] INFO  server.RaftServerConfigKeys (ConfUtils.java:logGet(43)) - raft.server.log.preallocated.size = 16384 (custom)
2019-10-16 07:39:24,670 [pool-32-thread-1] INFO  server.RaftServerConfigKeys (ConfUtils.java:logGet(43)) - raft.server.log.statemachine.data.sync.timeout = 10s (default)
2019-10-16 07:39:24,670 [pool-52-thread-1] INFO  server.RaftServerConfigKeys (ConfUtils.java:logGet(43)) - raft.server.log.write.buffer.size = 33554432 (custom)
2019-10-16 07:39:24,670 [pool-42-thread-1] INFO  impl.RaftServerImpl (RaftServerImpl.java:start(195)) - b4710a7d-513e-4aab-8663-ef681ec2bbea@group-67FE5C00EF84: start as a follower, conf=-1: [b4710a7d-513e-4aab-8663-ef681ec2bbea:192.168.34.43:42222, b3920fa1-6aeb-470e-859b-e59eecc202d4:192.168.34.43:34737, 9d54ce08-0963-4811-aec3-c49382d33745:192.168.34.43:40270], old=null
2019-10-16 07:39:24,670 [pool-52-thread-1] INFO  server.RaftServerConfigKeys (ConfUtils.java:logGet(43)) - raft.server.log.force.sync.num = 128 (default)
2019-10-16 07:39:24,670 [pool-32-thread-1] INFO  server.RaftServerConfigKeys (ConfUtils.java:logGet(43)) - raft.server.log.statemachine.data.sync.timeout.retry = -1 (default)
2019-10-16 07:39:24,671 [pool-52-thread-1] INFO  server.RaftServerConfigKeys (ConfUtils.java:logGet(43)) - raft.server.log.statemachine.data.sync = true (default)
2019-10-16 07:39:24,671 [pool-32-thread-1] INFO  server.RaftServerConfigKeys (ConfUtils.java:logGet(43)) - raft.server.log.statemachine.data.caching.enabled = true (custom)
2019-10-16 07:39:24,670 [pool-42-thread-1] INFO  impl.RaftServerImpl (RaftServerImpl.java:setRole(184)) - b4710a7d-513e-4aab-8663-ef681ec2bbea@group-67FE5C00EF84: changes role from      null to FOLLOWER at term 0 for startAsFollower
2019-10-16 07:39:24,671 [pool-52-thread-1] INFO  server.RaftServerConfigKeys (ConfUtils.java:logGet(43)) - raft.server.log.statemachine.data.sync.timeout = 10s (default)
2019-10-16 07:39:24,671 [pool-42-thread-1] INFO  impl.RoleInfo (RoleInfo.java:updateAndGet(143)) - b4710a7d-513e-4aab-8663-ef681ec2bbea: start FollowerState
2019-10-16 07:39:24,671 [pool-32-thread-1] INFO  segmented.SegmentedRaftLogWorker (SegmentedRaftLogWorker.java:lambda$new$0(128)) - 9d54ce08-0963-4811-aec3-c49382d33745@group-67FE5C00EF84-SegmentedRaftLogWorker: flushIndex: setUnconditionally 0 -> -1
2019-10-16 07:39:24,671 [pool-52-thread-1] INFO  server.RaftServerConfigKeys (ConfUtils.java:logGet(43)) - raft.server.log.statemachine.data.sync.timeout.retry = -1 (default)
2019-10-16 07:39:24,672 [pool-42-thread-1] INFO  util.JmxRegister (JmxRegister.java:tryRegister(44)) - Successfully registered JMX Bean with object name Ratis:service=RaftServer,group=group-67FE5C00EF84,id=b4710a7d-513e-4aab-8663-ef681ec2bbea
2019-10-16 07:39:24,672 [pool-52-thread-1] INFO  server.RaftServerConfigKeys (ConfUtils.java:logGet(43)) - raft.server.log.statemachine.data.caching.enabled = true (custom)
2019-10-16 07:39:24,672 [pool-32-thread-1] INFO  server.RaftServerConfigKeys (ConfUtils.java:logGet(43)) - raft.server.snapshot.auto.trigger.enabled = true (custom)
2019-10-16 07:39:24,672 [b3920fa1-6aeb-470e-859b-e59eecc202d4@group-58BB276D30E8-LeaderElection4] INFO  impl.RoleInfo (RoleInfo.java:updateAndGet(143)) - b3920fa1-6aeb-470e-859b-e59eecc202d4: start LeaderState
2019-10-16 07:39:24,672 [pool-32-thread-1] INFO  server.RaftServerConfigKeys (ConfUtils.java:logGet(43)) - raft.server.snapshot.auto.trigger.threshold = 10000 (custom)
2019-10-16 07:39:24,672 [pool-52-thread-1] INFO  segmented.SegmentedRaftLogWorker (SegmentedRaftLogWorker.java:lambda$new$0(128)) - b3920fa1-6aeb-470e-859b-e59eecc202d4@group-67FE5C00EF84-SegmentedRaftLogWorker: flushIndex: setUnconditionally 0 -> -1
2019-10-16 07:39:24,673 [pool-32-thread-1] INFO  server.RaftServerConfigKeys (ConfUtils.java:logGet(43)) - raft.server.snapshot.retention.file.num = 5 (custom)
2019-10-16 07:39:24,673 [b3920fa1-6aeb-470e-859b-e59eecc202d4@group-58BB276D30E8-LeaderElection4] INFO  segmented.SegmentedRaftLogWorker (SegmentedRaftLogWorker.java:startLogSegment(385)) - b3920fa1-6aeb-470e-859b-e59eecc202d4@group-58BB276D30E8-SegmentedRaftLogWorker: Starting segment from index:0
2019-10-16 07:39:24,673 [pool-52-thread-1] INFO  server.RaftServerConfigKeys (ConfUtils.java:logGet(43)) - raft.server.snapshot.auto.trigger.enabled = true (custom)
2019-10-16 07:39:24,673 [pool-32-thread-1] INFO  server.RaftServerConfigKeys (ConfUtils.java:logGet(43)) - raft.server.retrycache.expirytime = 600000ms (custom)
2019-10-16 07:39:24,673 [pool-52-thread-1] INFO  server.RaftServerConfigKeys (ConfUtils.java:logGet(43)) - raft.server.snapshot.auto.trigger.threshold = 10000 (custom)
2019-10-16 07:39:24,673 [pool-52-thread-1] INFO  server.RaftServerConfigKeys (ConfUtils.java:logGet(43)) - raft.server.snapshot.retention.file.num = 5 (custom)
2019-10-16 07:39:24,674 [pool-52-thread-1] INFO  server.RaftServerConfigKeys (ConfUtils.java:logGet(43)) - raft.server.retrycache.expirytime = 600000ms (custom)
2019-10-16 07:39:24,674 [b3920fa1-6aeb-470e-859b-e59eecc202d4@group-58BB276D30E8-LeaderElection4] INFO  impl.RaftServerImpl (ServerState.java:setRaftConf(357)) - b3920fa1-6aeb-470e-859b-e59eecc202d4@group-58BB276D30E8: set configuration 0: [b3920fa1-6aeb-470e-859b-e59eecc202d4:192.168.34.43:34737], old=null at 0
2019-10-16 07:39:24,715 [pool-32-thread-1] INFO  impl.RaftServerImpl (RaftServerImpl.java:start(195)) - 9d54ce08-0963-4811-aec3-c49382d33745@group-67FE5C00EF84: start as a follower, conf=-1: [b4710a7d-513e-4aab-8663-ef681ec2bbea:192.168.34.43:42222, b3920fa1-6aeb-470e-859b-e59eecc202d4:192.168.34.43:34737, 9d54ce08-0963-4811-aec3-c49382d33745:192.168.34.43:40270], old=null
2019-10-16 07:39:24,715 [pool-32-thread-1] INFO  impl.RaftServerImpl (RaftServerImpl.java:setRole(184)) - 9d54ce08-0963-4811-aec3-c49382d33745@group-67FE5C00EF84: changes role from      null to FOLLOWER at term 0 for startAsFollower
2019-10-16 07:39:24,715 [pool-32-thread-1] INFO  impl.RoleInfo (RoleInfo.java:updateAndGet(143)) - 9d54ce08-0963-4811-aec3-c49382d33745: start FollowerState
2019-10-16 07:39:24,715 [pool-52-thread-1] INFO  impl.RaftServerImpl (RaftServerImpl.java:start(195)) - b3920fa1-6aeb-470e-859b-e59eecc202d4@group-67FE5C00EF84: start as a follower, conf=-1: [b4710a7d-513e-4aab-8663-ef681ec2bbea:192.168.34.43:42222, b3920fa1-6aeb-470e-859b-e59eecc202d4:192.168.34.43:34737, 9d54ce08-0963-4811-aec3-c49382d33745:192.168.34.43:40270], old=null
2019-10-16 07:39:24,715 [pool-52-thread-1] INFO  impl.RaftServerImpl (RaftServerImpl.java:setRole(184)) - b3920fa1-6aeb-470e-859b-e59eecc202d4@group-67FE5C00EF84: changes role from      null to FOLLOWER at term 0 for startAsFollower
2019-10-16 07:39:24,715 [pool-32-thread-1] INFO  util.JmxRegister (JmxRegister.java:tryRegister(44)) - Successfully registered JMX Bean with object name Ratis:service=RaftServer,group=group-67FE5C00EF84,id=9d54ce08-0963-4811-aec3-c49382d33745
2019-10-16 07:39:24,715 [pool-52-thread-1] INFO  impl.RoleInfo (RoleInfo.java:updateAndGet(143)) - b3920fa1-6aeb-470e-859b-e59eecc202d4: start FollowerState
2019-10-16 07:39:24,717 [pool-52-thread-1] INFO  util.JmxRegister (JmxRegister.java:tryRegister(44)) - Successfully registered JMX Bean with object name Ratis:service=RaftServer,group=group-67FE5C00EF84,id=b3920fa1-6aeb-470e-859b-e59eecc202d4
2019-10-16 07:39:24,724 [b3920fa1-6aeb-470e-859b-e59eecc202d4@group-58BB276D30E8-SegmentedRaftLogWorker] INFO  segmented.SegmentedRaftLogWorker (SegmentedRaftLogWorker.java:execute(576)) - b3920fa1-6aeb-470e-859b-e59eecc202d4@group-58BB276D30E8-SegmentedRaftLogWorker: created new log segment /workdir/hadoop-ozone/integration-test/target/test-dir/MiniOzoneClusterImpl-d5591382-938c-4025-98c2-9a8d578ab975/datanode-2/data/ratis/5be5c840-8513-4efc-bf27-58bb276d30e8/current/log_inprogress_0
2019-10-16 07:39:24,724 [b4710a7d-513e-4aab-8663-ef681ec2bbea@group-7F55986D44C8-SegmentedRaftLogWorker] INFO  segmented.SegmentedRaftLogWorker (SegmentedRaftLogWorker.java:execute(576)) - b4710a7d-513e-4aab-8663-ef681ec2bbea@group-7F55986D44C8-SegmentedRaftLogWorker: created new log segment /workdir/hadoop-ozone/integration-test/target/test-dir/MiniOzoneClusterImpl-d5591382-938c-4025-98c2-9a8d578ab975/datanode-1/data/ratis/7e81be1f-fa7b-44c7-81bd-7f55986d44c8/current/log_inprogress_0
2019-10-16 07:39:24,735 [Thread-202] INFO  impl.FollowerState (FollowerState.java:run(108)) - b4710a7d-513e-4aab-8663-ef681ec2bbea@group-67FE5C00EF84-FollowerState: change to CANDIDATE, lastRpcTime:63ms, electionTimeout:63ms
2019-10-16 07:39:24,735 [Thread-202] INFO  impl.RoleInfo (RoleInfo.java:shutdownFollowerState(121)) - b4710a7d-513e-4aab-8663-ef681ec2bbea: shutdown FollowerState
2019-10-16 07:39:24,735 [Thread-202] INFO  impl.RaftServerImpl (RaftServerImpl.java:setRole(184)) - b4710a7d-513e-4aab-8663-ef681ec2bbea@group-67FE5C00EF84: changes role from  FOLLOWER to CANDIDATE at term 0 for changeToCandidate
2019-10-16 07:39:24,735 [Thread-202] INFO  impl.RoleInfo (RoleInfo.java:updateAndGet(143)) - b4710a7d-513e-4aab-8663-ef681ec2bbea: start LeaderElection
2019-10-16 07:39:24,738 [RatisPipelineUtilsThread] INFO  pipeline.PipelineStateManager (PipelineStateManager.java:addPipeline(56)) - Created pipeline Pipeline[ Id: 0748baaa-f499-4813-acd1-67fe5c00ef84, Nodes: b3920fa1-6aeb-470e-859b-e59eecc202d4{ip: 192.168.34.43, host: pr-hdds-1737-dstl4-2900247166, networkLocation: /default-rack, certSerialId: null}9d54ce08-0963-4811-aec3-c49382d33745{ip: 192.168.34.43, host: pr-hdds-1737-dstl4-2900247166, networkLocation: /default-rack, certSerialId: null}b4710a7d-513e-4aab-8663-ef681ec2bbea{ip: 192.168.34.43, host: pr-hdds-1737-dstl4-2900247166, networkLocation: /default-rack, certSerialId: null}, Type:RATIS, Factor:THREE, State:OPEN]
2019-10-16 07:39:24,751 [b4710a7d-513e-4aab-8663-ef681ec2bbea@group-67FE5C00EF84-LeaderElection5] INFO  impl.LeaderElection (LeaderElection.java:askForVotes(178)) - b4710a7d-513e-4aab-8663-ef681ec2bbea@group-67FE5C00EF84-LeaderElection5: begin an election at term 1 for -1: [b4710a7d-513e-4aab-8663-ef681ec2bbea:192.168.34.43:42222, b3920fa1-6aeb-470e-859b-e59eecc202d4:192.168.34.43:34737, 9d54ce08-0963-4811-aec3-c49382d33745:192.168.34.43:40270], old=null
2019-10-16 07:39:24,779 [grpc-default-executor-2] INFO  impl.RaftServerImpl (RaftServerImpl.java:setRole(184)) - 9d54ce08-0963-4811-aec3-c49382d33745@group-67FE5C00EF84: changes role from  FOLLOWER to FOLLOWER at term 1 for recognizeCandidate:b4710a7d-513e-4aab-8663-ef681ec2bbea
2019-10-16 07:39:24,779 [grpc-default-executor-1] INFO  impl.RaftServerImpl (RaftServerImpl.java:setRole(184)) - b3920fa1-6aeb-470e-859b-e59eecc202d4@group-67FE5C00EF84: changes role from  FOLLOWER to FOLLOWER at term 1 for recognizeCandidate:b4710a7d-513e-4aab-8663-ef681ec2bbea
2019-10-16 07:39:24,780 [grpc-default-executor-2] INFO  impl.RoleInfo (RoleInfo.java:shutdownFollowerState(121)) - 9d54ce08-0963-4811-aec3-c49382d33745: shutdown FollowerState
2019-10-16 07:39:24,781 [grpc-default-executor-1] INFO  impl.RoleInfo (RoleInfo.java:shutdownFollowerState(121)) - b3920fa1-6aeb-470e-859b-e59eecc202d4: shutdown FollowerState
2019-10-16 07:39:24,781 [Thread-206] INFO  impl.FollowerState (FollowerState.java:run(117)) - 9d54ce08-0963-4811-aec3-c49382d33745@group-67FE5C00EF84-FollowerState was interrupted: java.lang.InterruptedException: sleep interrupted
2019-10-16 07:39:24,781 [Thread-207] INFO  impl.FollowerState (FollowerState.java:run(117)) - b3920fa1-6aeb-470e-859b-e59eecc202d4@group-67FE5C00EF84-FollowerState was interrupted: java.lang.InterruptedException: sleep interrupted
2019-10-16 07:39:24,781 [grpc-default-executor-1] INFO  impl.RoleInfo (RoleInfo.java:updateAndGet(143)) - b3920fa1-6aeb-470e-859b-e59eecc202d4: start FollowerState
2019-10-16 07:39:24,781 [grpc-default-executor-2] INFO  impl.RoleInfo (RoleInfo.java:updateAndGet(143)) - 9d54ce08-0963-4811-aec3-c49382d33745: start FollowerState
2019-10-16 07:39:24,800 [b4710a7d-513e-4aab-8663-ef681ec2bbea@group-67FE5C00EF84-LeaderElection5] INFO  impl.LeaderElection (LeaderElection.java:logAndReturn(56)) - b4710a7d-513e-4aab-8663-ef681ec2bbea@group-67FE5C00EF84-LeaderElection5: Election TIMEOUT; received 0 response(s) [] and 0 exception(s); b4710a7d-513e-4aab-8663-ef681ec2bbea@group-67FE5C00EF84:t1, leader=null, voted=b4710a7d-513e-4aab-8663-ef681ec2bbea, raftlog=b4710a7d-513e-4aab-8663-ef681ec2bbea@group-67FE5C00EF84-SegmentedRaftLog:OPENED:c-1,f-1,i0, conf=-1: [b4710a7d-513e-4aab-8663-ef681ec2bbea:192.168.34.43:42222, b3920fa1-6aeb-470e-859b-e59eecc202d4:192.168.34.43:34737, 9d54ce08-0963-4811-aec3-c49382d33745:192.168.34.43:40270], old=null
2019-10-16 07:39:24,812 [b4710a7d-513e-4aab-8663-ef681ec2bbea@group-67FE5C00EF84-LeaderElection5] INFO  impl.LeaderElection (LeaderElection.java:askForVotes(178)) - b4710a7d-513e-4aab-8663-ef681ec2bbea@group-67FE5C00EF84-LeaderElection5: begin an election at term 2 for -1: [b4710a7d-513e-4aab-8663-ef681ec2bbea:192.168.34.43:42222, b3920fa1-6aeb-470e-859b-e59eecc202d4:192.168.34.43:34737, 9d54ce08-0963-4811-aec3-c49382d33745:192.168.34.43:40270], old=null
2019-10-16 07:39:24,825 [grpc-default-executor-1] INFO  impl.RaftServerImpl (RaftServerImpl.java:setRole(184)) - b3920fa1-6aeb-470e-859b-e59eecc202d4@group-67FE5C00EF84: changes role from  FOLLOWER to FOLLOWER at term 2 for recognizeCandidate:b4710a7d-513e-4aab-8663-ef681ec2bbea
2019-10-16 07:39:24,826 [grpc-default-executor-2] INFO  impl.RaftServerImpl (RaftServerImpl.java:setRole(184)) - 9d54ce08-0963-4811-aec3-c49382d33745@group-67FE5C00EF84: changes role from  FOLLOWER to FOLLOWER at term 2 for recognizeCandidate:b4710a7d-513e-4aab-8663-ef681ec2bbea
2019-10-16 07:39:24,826 [grpc-default-executor-1] INFO  impl.RoleInfo (RoleInfo.java:shutdownFollowerState(121)) - b3920fa1-6aeb-470e-859b-e59eecc202d4: shutdown FollowerState
2019-10-16 07:39:24,826 [grpc-default-executor-2] INFO  impl.RoleInfo (RoleInfo.java:shutdownFollowerState(121)) - 9d54ce08-0963-4811-aec3-c49382d33745: shutdown FollowerState
2019-10-16 07:39:24,827 [Thread-214] INFO  impl.FollowerState (FollowerState.java:run(117)) - b3920fa1-6aeb-470e-859b-e59eecc202d4@group-67FE5C00EF84-FollowerState was interrupted: java.lang.InterruptedException: sleep interrupted
2019-10-16 07:39:24,827 [grpc-default-executor-2] INFO  impl.RoleInfo (RoleInfo.java:updateAndGet(143)) - 9d54ce08-0963-4811-aec3-c49382d33745: start FollowerState
2019-10-16 07:39:24,827 [Thread-213] INFO  impl.FollowerState (FollowerState.java:run(117)) - 9d54ce08-0963-4811-aec3-c49382d33745@group-67FE5C00EF84-FollowerState was interrupted: java.lang.InterruptedException: sleep interrupted
2019-10-16 07:39:24,827 [grpc-default-executor-1] INFO  impl.RoleInfo (RoleInfo.java:updateAndGet(143)) - b3920fa1-6aeb-470e-859b-e59eecc202d4: start FollowerState
2019-10-16 07:39:24,835 [b4710a7d-513e-4aab-8663-ef681ec2bbea@group-67FE5C00EF84-LeaderElection5] INFO  impl.LeaderElection (LeaderElection.java:logAndReturn(56)) - b4710a7d-513e-4aab-8663-ef681ec2bbea@group-67FE5C00EF84-LeaderElection5: Election TIMEOUT; received 0 response(s) [] and 0 exception(s); b4710a7d-513e-4aab-8663-ef681ec2bbea@group-67FE5C00EF84:t2, leader=null, voted=b4710a7d-513e-4aab-8663-ef681ec2bbea, raftlog=b4710a7d-513e-4aab-8663-ef681ec2bbea@group-67FE5C00EF84-SegmentedRaftLog:OPENED:c-1,f-1,i0, conf=-1: [b4710a7d-513e-4aab-8663-ef681ec2bbea:192.168.34.43:42222, b3920fa1-6aeb-470e-859b-e59eecc202d4:192.168.34.43:34737, 9d54ce08-0963-4811-aec3-c49382d33745:192.168.34.43:40270], old=null
2019-10-16 07:39:24,854 [b4710a7d-513e-4aab-8663-ef681ec2bbea@group-67FE5C00EF84-LeaderElection5] INFO  impl.LeaderElection (LeaderElection.java:askForVotes(178)) - b4710a7d-513e-4aab-8663-ef681ec2bbea@group-67FE5C00EF84-LeaderElection5: begin an election at term 3 for -1: [b4710a7d-513e-4aab-8663-ef681ec2bbea:192.168.34.43:42222, b3920fa1-6aeb-470e-859b-e59eecc202d4:192.168.34.43:34737, 9d54ce08-0963-4811-aec3-c49382d33745:192.168.34.43:40270], old=null
2019-10-16 07:39:24,864 [grpc-default-executor-1] INFO  impl.RaftServerImpl (RaftServerImpl.java:setRole(184)) - b3920fa1-6aeb-470e-859b-e59eecc202d4@group-67FE5C00EF84: changes role from  FOLLOWER to FOLLOWER at term 3 for recognizeCandidate:b4710a7d-513e-4aab-8663-ef681ec2bbea
2019-10-16 07:39:24,865 [grpc-default-executor-1] INFO  impl.RoleInfo (RoleInfo.java:shutdownFollowerState(121)) - b3920fa1-6aeb-470e-859b-e59eecc202d4: shutdown FollowerState
2019-10-16 07:39:24,866 [grpc-default-executor-2] INFO  impl.RaftServerImpl (RaftServerImpl.java:setRole(184)) - 9d54ce08-0963-4811-aec3-c49382d33745@group-67FE5C00EF84: changes role from  FOLLOWER to FOLLOWER at term 3 for recognizeCandidate:b4710a7d-513e-4aab-8663-ef681ec2bbea
2019-10-16 07:39:24,866 [grpc-default-executor-1] INFO  impl.RoleInfo (RoleInfo.java:updateAndGet(143)) - b3920fa1-6aeb-470e-859b-e59eecc202d4: start FollowerState
2019-10-16 07:39:24,866 [grpc-default-executor-2] INFO  impl.RoleInfo (RoleInfo.java:shutdownFollowerState(121)) - 9d54ce08-0963-4811-aec3-c49382d33745: shutdown FollowerState
2019-10-16 07:39:24,866 [Thread-217] INFO  impl.FollowerState (FollowerState.java:run(117)) - b3920fa1-6aeb-470e-859b-e59eecc202d4@group-67FE5C00EF84-FollowerState was interrupted: java.lang.InterruptedException: sleep interrupted
2019-10-16 07:39:24,866 [grpc-default-executor-2] INFO  impl.RoleInfo (RoleInfo.java:updateAndGet(143)) - 9d54ce08-0963-4811-aec3-c49382d33745: start FollowerState
2019-10-16 07:39:24,866 [Thread-218] INFO  impl.FollowerState (FollowerState.java:run(117)) - 9d54ce08-0963-4811-aec3-c49382d33745@group-67FE5C00EF84-FollowerState was interrupted: java.lang.InterruptedException: sleep interrupted
2019-10-16 07:39:24,898 [b4710a7d-513e-4aab-8663-ef681ec2bbea@group-67FE5C00EF84-LeaderElection5] INFO  impl.LeaderElection (LeaderElection.java:logAndReturn(56)) - b4710a7d-513e-4aab-8663-ef681ec2bbea@group-67FE5C00EF84-LeaderElection5: Election PASSED; received 1 response(s) [b4710a7d-513e-4aab-8663-ef681ec2bbea<-9d54ce08-0963-4811-aec3-c49382d33745#0:OK-t3] and 0 exception(s); b4710a7d-513e-4aab-8663-ef681ec2bbea@group-67FE5C00EF84:t3, leader=null, voted=b4710a7d-513e-4aab-8663-ef681ec2bbea, raftlog=b4710a7d-513e-4aab-8663-ef681ec2bbea@group-67FE5C00EF84-SegmentedRaftLog:OPENED:c-1,f-1,i0, conf=-1: [b4710a7d-513e-4aab-8663-ef681ec2bbea:192.168.34.43:42222, b3920fa1-6aeb-470e-859b-e59eecc202d4:192.168.34.43:34737, 9d54ce08-0963-4811-aec3-c49382d33745:192.168.34.43:40270], old=null
2019-10-16 07:39:24,898 [b4710a7d-513e-4aab-8663-ef681ec2bbea@group-67FE5C00EF84-LeaderElection5] INFO  impl.RoleInfo (RoleInfo.java:shutdownLeaderElection(134)) - b4710a7d-513e-4aab-8663-ef681ec2bbea: shutdown LeaderElection
2019-10-16 07:39:24,899 [b4710a7d-513e-4aab-8663-ef681ec2bbea@group-67FE5C00EF84-LeaderElection5] INFO  impl.RaftServerImpl (RaftServerImpl.java:setRole(184)) - b4710a7d-513e-4aab-8663-ef681ec2bbea@group-67FE5C00EF84: changes role from CANDIDATE to LEADER at term 3 for changeToLeader
2019-10-16 07:39:24,899 [b4710a7d-513e-4aab-8663-ef681ec2bbea@group-67FE5C00EF84-LeaderElection5] INFO  impl.RaftServerImpl (ServerState.java:setLeader(256)) - b4710a7d-513e-4aab-8663-ef681ec2bbea@group-67FE5C00EF84: change Leader from null to b4710a7d-513e-4aab-8663-ef681ec2bbea at term 3 for becomeLeader, leader elected after 248ms
2019-10-16 07:39:24,900 [b4710a7d-513e-4aab-8663-ef681ec2bbea@group-67FE5C00EF84-LeaderElection5] INFO  server.RaftServerConfigKeys (ConfUtils.java:logGet(43)) - raft.server.staging.catchup.gap = 1000 (default)
2019-10-16 07:39:24,900 [b4710a7d-513e-4aab-8663-ef681ec2bbea@group-67FE5C00EF84-LeaderElection5] INFO  server.RaftServerConfigKeys (ConfUtils.java:logGet(43)) - raft.server.rpc.sleep.time = 25ms (default)
2019-10-16 07:39:24,900 [b4710a7d-513e-4aab-8663-ef681ec2bbea@group-67FE5C00EF84-LeaderElection5] INFO  server.RaftServerConfigKeys (ConfUtils.java:logGet(43)) - raft.server.write.element-limit = 4096 (default)
2019-10-16 07:39:24,900 [b4710a7d-513e-4aab-8663-ef681ec2bbea@group-67FE5C00EF84-LeaderElection5] INFO  server.RaftServerConfigKeys (ConfUtils.java:logGet(43)) - raft.server.watch.timeout = 10s (default)
2019-10-16 07:39:24,901 [b4710a7d-513e-4aab-8663-ef681ec2bbea@group-67FE5C00EF84-LeaderElection5] INFO  server.RaftServerConfigKeys (ConfUtils.java:logGet(43)) - raft.server.watch.timeout.denomination = 1s (default)
2019-10-16 07:39:24,901 [b4710a7d-513e-4aab-8663-ef681ec2bbea@group-67FE5C00EF84-LeaderElection5] INFO  server.RaftServerConfigKeys (ConfUtils.java:logGet(43)) - raft.server.watch.element-limit = 65536 (default)
2019-10-16 07:39:24,908 [b4710a7d-513e-4aab-8663-ef681ec2bbea@group-67FE5C00EF84-LeaderElection5] INFO  server.RaftServerConfigKeys (ConfUtils.java:logGet(43)) - raft.server.log.appender.snapshot.chunk.size.max = 16MB (=16777216) (default)
2019-10-16 07:39:24,908 [b4710a7d-513e-4aab-8663-ef681ec2bbea@group-67FE5C00EF84-LeaderElection5] INFO  server.RaftServerConfigKeys (ConfUtils.java:logGet(43)) - raft.server.log.appender.buffer.byte-limit = 33554432 (custom)
2019-10-16 07:39:24,909 [b4710a7d-513e-4aab-8663-ef681ec2bbea@group-67FE5C00EF84-LeaderElection5] INFO  server.RaftServerConfigKeys (ConfUtils.java:logGet(43)) - raft.server.log.appender.buffer.element-limit = 1 (custom)
2019-10-16 07:39:24,914 [b4710a7d-513e-4aab-8663-ef681ec2bbea@group-67FE5C00EF84-LeaderElection5] INFO  grpc.GrpcConfigKeys$Server (ConfUtils.java:logGet(43)) - raft.grpc.server.leader.outstanding.appends.max = 128 (default)
2019-10-16 07:39:24,915 [b4710a7d-513e-4aab-8663-ef681ec2bbea@group-67FE5C00EF84-LeaderElection5] INFO  server.RaftServerConfigKeys (ConfUtils.java:logGet(43)) - raft.server.rpc.request.timeout = 3000ms (default)
2019-10-16 07:39:24,915 [b4710a7d-513e-4aab-8663-ef681ec2bbea@group-67FE5C00EF84-LeaderElection5] INFO  server.RaftServerConfigKeys (ConfUtils.java:logGet(43)) - raft.server.log.appender.install.snapshot.enabled = false (custom)
2019-10-16 07:39:24,921 [b4710a7d-513e-4aab-8663-ef681ec2bbea@group-67FE5C00EF84-LeaderElection5] INFO  server.RaftServerConfigKeys (ConfUtils.java:logGet(43)) - raft.server.log.appender.snapshot.chunk.size.max = 16MB (=16777216) (default)
2019-10-16 07:39:24,921 [b4710a7d-513e-4aab-8663-ef681ec2bbea@group-67FE5C00EF84-LeaderElection5] INFO  server.RaftServerConfigKeys (ConfUtils.java:logGet(43)) - raft.server.log.appender.buffer.byte-limit = 33554432 (custom)
2019-10-16 07:39:24,921 [b4710a7d-513e-4aab-8663-ef681ec2bbea@group-67FE5C00EF84-LeaderElection5] INFO  server.RaftServerConfigKeys (ConfUtils.java:logGet(43)) - raft.server.log.appender.buffer.element-limit = 1 (custom)
2019-10-16 07:39:24,922 [b4710a7d-513e-4aab-8663-ef681ec2bbea@group-67FE5C00EF84-LeaderElection5] INFO  grpc.GrpcConfigKeys$Server (ConfUtils.java:logGet(43)) - raft.grpc.server.leader.outstanding.appends.max = 128 (default)
2019-10-16 07:39:24,922 [b4710a7d-513e-4aab-8663-ef681ec2bbea@group-67FE5C00EF84-LeaderElection5] INFO  server.RaftServerConfigKeys (ConfUtils.java:logGet(43)) - raft.server.rpc.request.timeout = 3000ms (default)
2019-10-16 07:39:24,922 [b4710a7d-513e-4aab-8663-ef681ec2bbea@group-67FE5C00EF84-LeaderElection5] INFO  server.RaftServerConfigKeys (ConfUtils.java:logGet(43)) - raft.server.log.appender.install.snapshot.enabled = false (custom)
2019-10-16 07:39:24,930 [b4710a7d-513e-4aab-8663-ef681ec2bbea@group-67FE5C00EF84-LeaderElection5] INFO  impl.RoleInfo (RoleInfo.java:updateAndGet(143)) - b4710a7d-513e-4aab-8663-ef681ec2bbea: start LeaderState
2019-10-16 07:39:24,930 [b4710a7d-513e-4aab-8663-ef681ec2bbea@group-67FE5C00EF84-LeaderElection5] INFO  segmented.SegmentedRaftLogWorker (SegmentedRaftLogWorker.java:startLogSegment(385)) - b4710a7d-513e-4aab-8663-ef681ec2bbea@group-67FE5C00EF84-SegmentedRaftLogWorker: Starting segment from index:0
2019-10-16 07:39:24,931 [b4710a7d-513e-4aab-8663-ef681ec2bbea@group-67FE5C00EF84-LeaderElection5] INFO  impl.RaftServerImpl (ServerState.java:setRaftConf(357)) - b4710a7d-513e-4aab-8663-ef681ec2bbea@group-67FE5C00EF84: set configuration 0: [b4710a7d-513e-4aab-8663-ef681ec2bbea:192.168.34.43:42222, b3920fa1-6aeb-470e-859b-e59eecc202d4:192.168.34.43:34737, 9d54ce08-0963-4811-aec3-c49382d33745:192.168.34.43:40270], old=null at 0
2019-10-16 07:39:24,981 [Thread-222] INFO  impl.FollowerState (FollowerState.java:run(108)) - 9d54ce08-0963-4811-aec3-c49382d33745@group-67FE5C00EF84-FollowerState: change to CANDIDATE, lastRpcTime:114ms, electionTimeout:112ms
2019-10-16 07:39:24,982 [Thread-222] INFO  impl.RoleInfo (RoleInfo.java:shutdownFollowerState(121)) - 9d54ce08-0963-4811-aec3-c49382d33745: shutdown FollowerState
2019-10-16 07:39:24,982 [Thread-222] INFO  impl.RaftServerImpl (RaftServerImpl.java:setRole(184)) - 9d54ce08-0963-4811-aec3-c49382d33745@group-67FE5C00EF84: changes role from  FOLLOWER to CANDIDATE at term 3 for changeToCandidate
2019-10-16 07:39:24,983 [Thread-222] INFO  impl.RoleInfo (RoleInfo.java:updateAndGet(143)) - 9d54ce08-0963-4811-aec3-c49382d33745: start LeaderElection
2019-10-16 07:39:24,989 [b4710a7d-513e-4aab-8663-ef681ec2bbea@group-67FE5C00EF84-SegmentedRaftLogWorker] INFO  segmented.SegmentedRaftLogWorker (SegmentedRaftLogWorker.java:execute(576)) - b4710a7d-513e-4aab-8663-ef681ec2bbea@group-67FE5C00EF84-SegmentedRaftLogWorker: created new log segment /workdir/hadoop-ozone/integration-test/target/test-dir/MiniOzoneClusterImpl-d5591382-938c-4025-98c2-9a8d578ab975/datanode-1/data/ratis/0748baaa-f499-4813-acd1-67fe5c00ef84/current/log_inprogress_0
2019-10-16 07:39:24,990 [grpc-default-executor-2] INFO  impl.RaftServerImpl (ServerState.java:setLeader(256)) - b3920fa1-6aeb-470e-859b-e59eecc202d4@group-67FE5C00EF84: change Leader from null to b4710a7d-513e-4aab-8663-ef681ec2bbea at term 3 for appendEntries, leader elected after 324ms
2019-10-16 07:39:24,992 [9d54ce08-0963-4811-aec3-c49382d33745@group-67FE5C00EF84-LeaderElection6] INFO  impl.LeaderElection (LeaderElection.java:askForVotes(178)) - 9d54ce08-0963-4811-aec3-c49382d33745@group-67FE5C00EF84-LeaderElection6: begin an election at term 4 for -1: [b4710a7d-513e-4aab-8663-ef681ec2bbea:192.168.34.43:42222, b3920fa1-6aeb-470e-859b-e59eecc202d4:192.168.34.43:34737, 9d54ce08-0963-4811-aec3-c49382d33745:192.168.34.43:40270], old=null
2019-10-16 07:39:25,007 [Thread-223] INFO  impl.RaftServerImpl (ServerState.java:setLeader(256)) - b4710a7d-513e-4aab-8663-ef681ec2bbea@group-67FE5C00EF84: change Leader from b4710a7d-513e-4aab-8663-ef681ec2bbea to null at term 4 for updateCurrentTerm
2019-10-16 07:39:25,008 [Thread-223] INFO  impl.RaftServerImpl (RaftServerImpl.java:setRole(184)) - b4710a7d-513e-4aab-8663-ef681ec2bbea@group-67FE5C00EF84: changes role from    LEADER to FOLLOWER at term 4 for stepDown
2019-10-16 07:39:25,008 [Thread-223] INFO  impl.RoleInfo (RoleInfo.java:shutdownLeaderState(104)) - b4710a7d-513e-4aab-8663-ef681ec2bbea: shutdown LeaderState
2019-10-16 07:39:25,011 [org.apache.ratis.server.impl.LogAppender$AppenderDaemon$$Lambda$401/654199039@5d9697c2] WARN  server.GrpcLogAppender (GrpcLogAppender.java:mayWait(149)) - b4710a7d-513e-4aab-8663-ef681ec2bbea@group-67FE5C00EF84->9d54ce08-0963-4811-aec3-c49382d33745-GrpcLogAppender: Wait interrupted by java.lang.InterruptedException
2019-10-16 07:39:25,012 [grpc-default-executor-3] INFO  impl.RaftServerImpl (ServerState.java:setLeader(256)) - b3920fa1-6aeb-470e-859b-e59eecc202d4@group-67FE5C00EF84: change Leader from b4710a7d-513e-4aab-8663-ef681ec2bbea to null at term 4 for updateCurrentTerm
2019-10-16 07:39:25,011 [org.apache.ratis.server.impl.LogAppender$AppenderDaemon$$Lambda$401/654199039@61e37eb0] WARN  server.GrpcLogAppender (GrpcLogAppender.java:mayWait(149)) - b4710a7d-513e-4aab-8663-ef681ec2bbea@group-67FE5C00EF84->b3920fa1-6aeb-470e-859b-e59eecc202d4-GrpcLogAppender: Wait interrupted by java.lang.InterruptedException
2019-10-16 07:39:25,013 [grpc-default-executor-3] INFO  impl.RaftServerImpl (RaftServerImpl.java:setRole(184)) - b3920fa1-6aeb-470e-859b-e59eecc202d4@group-67FE5C00EF84: changes role from  FOLLOWER to FOLLOWER at term 4 for recognizeCandidate:9d54ce08-0963-4811-aec3-c49382d33745
2019-10-16 07:39:25,013 [main] INFO  ozone.MiniOzoneClusterImpl (MiniOzoneClusterImpl.java:lambda$waitForClusterToBeReady$0(147)) - Cluster is ready. Got 3 of 3 DN Heartbeats.
2019-10-16 07:39:25,014 [grpc-default-executor-3] INFO  impl.RoleInfo (RoleInfo.java:shutdownFollowerState(121)) - b3920fa1-6aeb-470e-859b-e59eecc202d4: shutdown FollowerState
2019-10-16 07:39:25,014 [Thread-223] INFO  impl.PendingRequests (PendingRequests.java:sendNotLeaderResponses(202)) - b4710a7d-513e-4aab-8663-ef681ec2bbea@group-67FE5C00EF84-PendingRequests: sendNotLeaderResponses
2019-10-16 07:39:25,016 [grpc-default-executor-3] INFO  impl.RoleInfo (RoleInfo.java:updateAndGet(143)) - b3920fa1-6aeb-470e-859b-e59eecc202d4: start FollowerState
2019-10-16 07:39:25,016 [Thread-221] INFO  impl.FollowerState (FollowerState.java:run(117)) - b3920fa1-6aeb-470e-859b-e59eecc202d4@group-67FE5C00EF84-FollowerState was interrupted: java.lang.InterruptedException: sleep interrupted
2019-10-16 07:39:25,018 [grpc-default-executor-2] INFO  server.GrpcServerProtocolService (GrpcServerProtocolService.java:onCompleted(113)) - b3920fa1-6aeb-470e-859b-e59eecc202d4: Completed APPEND_ENTRIES, lastRequest: b4710a7d-513e-4aab-8663-ef681ec2bbea->b3920fa1-6aeb-470e-859b-e59eecc202d4#0-t3, previous=(t:0, i:0), leaderCommit=-1, initializing? false, entries: <empty>
2019-10-16 07:39:25,018 [grpc-default-executor-0] INFO  server.GrpcServerProtocolService (GrpcServerProtocolService.java:onCompleted(113)) - 9d54ce08-0963-4811-aec3-c49382d33745: Completed APPEND_ENTRIES, lastRequest: b4710a7d-513e-4aab-8663-ef681ec2bbea->9d54ce08-0963-4811-aec3-c49382d33745#0-t3, previous=(t:0, i:0), leaderCommit=-1, initializing? false, entries: <empty>
2019-10-16 07:39:25,023 [Thread-223] INFO  impl.RoleInfo (RoleInfo.java:updateAndGet(143)) - b4710a7d-513e-4aab-8663-ef681ec2bbea: start FollowerState
2019-10-16 07:39:25,024 [grpc-default-executor-2] INFO  server.GrpcLogAppender (GrpcLogAppender.java:onCompleted(308)) - b4710a7d-513e-4aab-8663-ef681ec2bbea@group-67FE5C00EF84->9d54ce08-0963-4811-aec3-c49382d33745-AppendLogResponseHandler: follower responses appendEntries COMPLETED
2019-10-16 07:39:25,024 [grpc-default-executor-4] INFO  server.GrpcLogAppender (GrpcLogAppender.java:onCompleted(308)) - b4710a7d-513e-4aab-8663-ef681ec2bbea@group-67FE5C00EF84->b3920fa1-6aeb-470e-859b-e59eecc202d4-AppendLogResponseHandler: follower responses appendEntries COMPLETED
2019-10-16 07:39:25,029 [grpc-default-executor-2] INFO  impl.FollowerInfo (FollowerInfo.java:lambda$new$0(51)) - b4710a7d-513e-4aab-8663-ef681ec2bbea@group-67FE5C00EF84->9d54ce08-0963-4811-aec3-c49382d33745: nextIndex: updateUnconditionally 0 -> 0
2019-10-16 07:39:25,029 [grpc-default-executor-4] INFO  impl.FollowerInfo (FollowerInfo.java:lambda$new$0(51)) - b4710a7d-513e-4aab-8663-ef681ec2bbea@group-67FE5C00EF84->b3920fa1-6aeb-470e-859b-e59eecc202d4: nextIndex: updateUnconditionally 0 -> 0
2019-10-16 07:39:25,038 [grpc-default-executor-1] INFO  impl.RaftServerImpl (RaftServerImpl.java:setRole(184)) - b4710a7d-513e-4aab-8663-ef681ec2bbea@group-67FE5C00EF84: changes role from  FOLLOWER to FOLLOWER at term 4 for recognizeCandidate:9d54ce08-0963-4811-aec3-c49382d33745
2019-10-16 07:39:25,038 [grpc-default-executor-1] INFO  impl.RoleInfo (RoleInfo.java:shutdownFollowerState(121)) - b4710a7d-513e-4aab-8663-ef681ec2bbea: shutdown FollowerState
2019-10-16 07:39:25,038 [grpc-default-executor-1] INFO  impl.RoleInfo (RoleInfo.java:updateAndGet(143)) - b4710a7d-513e-4aab-8663-ef681ec2bbea: start FollowerState
2019-10-16 07:39:25,038 [Thread-233] INFO  impl.FollowerState (FollowerState.java:run(117)) - b4710a7d-513e-4aab-8663-ef681ec2bbea@group-67FE5C00EF84-FollowerState was interrupted: java.lang.InterruptedException: sleep interrupted
2019-10-16 07:39:25,044 [9d54ce08-0963-4811-aec3-c49382d33745@group-67FE5C00EF84-LeaderElection6] INFO  impl.LeaderElection (LeaderElection.java:logAndReturn(56)) - 9d54ce08-0963-4811-aec3-c49382d33745@group-67FE5C00EF84-LeaderElection6: Election PASSED; received 1 response(s) [9d54ce08-0963-4811-aec3-c49382d33745<-b3920fa1-6aeb-470e-859b-e59eecc202d4#0:OK-t4] and 0 exception(s); 9d54ce08-0963-4811-aec3-c49382d33745@group-67FE5C00EF84:t4, leader=null, voted=9d54ce08-0963-4811-aec3-c49382d33745, raftlog=9d54ce08-0963-4811-aec3-c49382d33745@group-67FE5C00EF84-SegmentedRaftLog:OPENED:c-1,f-1,i0, conf=-1: [b4710a7d-513e-4aab-8663-ef681ec2bbea:192.168.34.43:42222, b3920fa1-6aeb-470e-859b-e59eecc202d4:192.168.34.43:34737, 9d54ce08-0963-4811-aec3-c49382d33745:192.168.34.43:40270], old=null
2019-10-16 07:39:25,044 [9d54ce08-0963-4811-aec3-c49382d33745@group-67FE5C00EF84-LeaderElection6] INFO  impl.RoleInfo (RoleInfo.java:shutdownLeaderElection(134)) - 9d54ce08-0963-4811-aec3-c49382d33745: shutdown LeaderElection
2019-10-16 07:39:25,047 [9d54ce08-0963-4811-aec3-c49382d33745@group-67FE5C00EF84-LeaderElection6] INFO  impl.RaftServerImpl (RaftServerImpl.java:setRole(184)) - 9d54ce08-0963-4811-aec3-c49382d33745@group-67FE5C00EF84: changes role from CANDIDATE to LEADER at term 4 for changeToLeader
2019-10-16 07:39:25,047 [9d54ce08-0963-4811-aec3-c49382d33745@group-67FE5C00EF84-LeaderElection6] INFO  impl.RaftServerImpl (ServerState.java:setLeader(256)) - 9d54ce08-0963-4811-aec3-c49382d33745@group-67FE5C00EF84: change Leader from null to 9d54ce08-0963-4811-aec3-c49382d33745 at term 4 for becomeLeader, leader elected after 381ms
2019-10-16 07:39:25,047 [9d54ce08-0963-4811-aec3-c49382d33745@group-67FE5C00EF84-LeaderElection6] INFO  server.RaftServerConfigKeys (ConfUtils.java:logGet(43)) - raft.server.staging.catchup.gap = 1000 (default)
2019-10-16 07:39:25,047 [9d54ce08-0963-4811-aec3-c49382d33745@group-67FE5C00EF84-LeaderElection6] INFO  server.RaftServerConfigKeys (ConfUtils.java:logGet(43)) - raft.server.rpc.sleep.time = 25ms (default)
2019-10-16 07:39:25,049 [9d54ce08-0963-4811-aec3-c49382d33745@group-67FE5C00EF84-LeaderElection6] INFO  server.RaftServerConfigKeys (ConfUtils.java:logGet(43)) - raft.server.write.element-limit = 4096 (default)
2019-10-16 07:39:25,049 [9d54ce08-0963-4811-aec3-c49382d33745@group-67FE5C00EF84-LeaderElection6] INFO  server.RaftServerConfigKeys (ConfUtils.java:logGet(43)) - raft.server.watch.timeout = 10s (default)
2019-10-16 07:39:25,049 [9d54ce08-0963-4811-aec3-c49382d33745@group-67FE5C00EF84-LeaderElection6] INFO  server.RaftServerConfigKeys (ConfUtils.java:logGet(43)) - raft.server.watch.timeout.denomination = 1s (default)
2019-10-16 07:39:25,049 [9d54ce08-0963-4811-aec3-c49382d33745@group-67FE5C00EF84-LeaderElection6] INFO  server.RaftServerConfigKeys (ConfUtils.java:logGet(43)) - raft.server.watch.element-limit = 65536 (default)
2019-10-16 07:39:25,056 [9d54ce08-0963-4811-aec3-c49382d33745@group-67FE5C00EF84-LeaderElection6] INFO  server.RaftServerConfigKeys (ConfUtils.java:logGet(43)) - raft.server.log.appender.snapshot.chunk.size.max = 16MB (=16777216) (default)
2019-10-16 07:39:25,056 [9d54ce08-0963-4811-aec3-c49382d33745@group-67FE5C00EF84-LeaderElection6] INFO  server.RaftServerConfigKeys (ConfUtils.java:logGet(43)) - raft.server.log.appender.buffer.byte-limit = 33554432 (custom)
2019-10-16 07:39:25,056 [9d54ce08-0963-4811-aec3-c49382d33745@group-67FE5C00EF84-LeaderElection6] INFO  server.RaftServerConfigKeys (ConfUtils.java:logGet(43)) - raft.server.log.appender.buffer.element-limit = 1 (custom)
2019-10-16 07:39:25,056 [9d54ce08-0963-4811-aec3-c49382d33745@group-67FE5C00EF84-LeaderElection6] INFO  grpc.GrpcConfigKeys$Server (ConfUtils.java:logGet(43)) - raft.grpc.server.leader.outstanding.appends.max = 128 (default)
2019-10-16 07:39:25,056 [9d54ce08-0963-4811-aec3-c49382d33745@group-67FE5C00EF84-LeaderElection6] INFO  server.RaftServerConfigKeys (ConfUtils.java:logGet(43)) - raft.server.rpc.request.timeout = 3000ms (default)
2019-10-16 07:39:25,057 [9d54ce08-0963-4811-aec3-c49382d33745@group-67FE5C00EF84-LeaderElection6] INFO  server.RaftServerConfigKeys (ConfUtils.java:logGet(43)) - raft.server.log.appender.install.snapshot.enabled = false (custom)
2019-10-16 07:39:25,060 [9d54ce08-0963-4811-aec3-c49382d33745@group-67FE5C00EF84-LeaderElection6] INFO  server.RaftServerConfigKeys (ConfUtils.java:logGet(43)) - raft.server.log.appender.snapshot.chunk.size.max = 16MB (=16777216) (default)
2019-10-16 07:39:25,060 [9d54ce08-0963-4811-aec3-c49382d33745@group-67FE5C00EF84-LeaderElection6] INFO  server.RaftServerConfigKeys (ConfUtils.java:logGet(43)) - raft.server.log.appender.buffer.byte-limit = 33554432 (custom)
2019-10-16 07:39:25,060 [9d54ce08-0963-4811-aec3-c49382d33745@group-67FE5C00EF84-LeaderElection6] INFO  server.RaftServerConfigKeys (ConfUtils.java:logGet(43)) - raft.server.log.appender.buffer.element-limit = 1 (custom)
2019-10-16 07:39:25,061 [9d54ce08-0963-4811-aec3-c49382d33745@group-67FE5C00EF84-LeaderElection6] INFO  grpc.GrpcConfigKeys$Server (ConfUtils.java:logGet(43)) - raft.grpc.server.leader.outstanding.appends.max = 128 (default)
2019-10-16 07:39:25,061 [9d54ce08-0963-4811-aec3-c49382d33745@group-67FE5C00EF84-LeaderElection6] INFO  server.RaftServerConfigKeys (ConfUtils.java:logGet(43)) - raft.server.rpc.request.timeout = 3000ms (default)
2019-10-16 07:39:25,061 [9d54ce08-0963-4811-aec3-c49382d33745@group-67FE5C00EF84-LeaderElection6] INFO  server.RaftServerConfigKeys (ConfUtils.java:logGet(43)) - raft.server.log.appender.install.snapshot.enabled = false (custom)
2019-10-16 07:39:25,064 [9d54ce08-0963-4811-aec3-c49382d33745@group-67FE5C00EF84-LeaderElection6] INFO  impl.RoleInfo (RoleInfo.java:updateAndGet(143)) - 9d54ce08-0963-4811-aec3-c49382d33745: start LeaderState
2019-10-16 07:39:25,064 [9d54ce08-0963-4811-aec3-c49382d33745@group-67FE5C00EF84-LeaderElection6] INFO  segmented.SegmentedRaftLogWorker (SegmentedRaftLogWorker.java:startLogSegment(385)) - 9d54ce08-0963-4811-aec3-c49382d33745@group-67FE5C00EF84-SegmentedRaftLogWorker: Starting segment from index:0
2019-10-16 07:39:25,065 [9d54ce08-0963-4811-aec3-c49382d33745@group-67FE5C00EF84-LeaderElection6] INFO  impl.RaftServerImpl (ServerState.java:setRaftConf(357)) - 9d54ce08-0963-4811-aec3-c49382d33745@group-67FE5C00EF84: set configuration 0: [b4710a7d-513e-4aab-8663-ef681ec2bbea:192.168.34.43:42222, b3920fa1-6aeb-470e-859b-e59eecc202d4:192.168.34.43:34737, 9d54ce08-0963-4811-aec3-c49382d33745:192.168.34.43:40270], old=null at 0
2019-10-16 07:39:25,096 [grpc-default-executor-1] INFO  impl.RaftServerImpl (ServerState.java:setLeader(256)) - b3920fa1-6aeb-470e-859b-e59eecc202d4@group-67FE5C00EF84: change Leader from null to 9d54ce08-0963-4811-aec3-c49382d33745 at term 4 for appendEntries, leader elected after 83ms
2019-10-16 07:39:25,098 [grpc-default-executor-3] INFO  impl.RaftServerImpl (ServerState.java:setLeader(256)) - b4710a7d-513e-4aab-8663-ef681ec2bbea@group-67FE5C00EF84: change Leader from null to 9d54ce08-0963-4811-aec3-c49382d33745 at term 4 for appendEntries, leader elected after 91ms
2019-10-16 07:39:25,105 [9d54ce08-0963-4811-aec3-c49382d33745@group-67FE5C00EF84-SegmentedRaftLogWorker] INFO  segmented.SegmentedRaftLogWorker (SegmentedRaftLogWorker.java:execute(576)) - 9d54ce08-0963-4811-aec3-c49382d33745@group-67FE5C00EF84-SegmentedRaftLogWorker: created new log segment /workdir/hadoop-ozone/integration-test/target/test-dir/MiniOzoneClusterImpl-d5591382-938c-4025-98c2-9a8d578ab975/datanode-0/data/ratis/0748baaa-f499-4813-acd1-67fe5c00ef84/current/log_inprogress_0
2019-10-16 07:39:25,111 [grpc-default-executor-1] INFO  impl.RaftServerImpl (ServerState.java:setRaftConf(357)) - b4710a7d-513e-4aab-8663-ef681ec2bbea@group-67FE5C00EF84: set configuration 0: [b4710a7d-513e-4aab-8663-ef681ec2bbea:192.168.34.43:42222, b3920fa1-6aeb-470e-859b-e59eecc202d4:192.168.34.43:34737, 9d54ce08-0963-4811-aec3-c49382d33745:192.168.34.43:40270], old=null at 0
2019-10-16 07:39:25,111 [grpc-default-executor-3] INFO  impl.RaftServerImpl (ServerState.java:setRaftConf(357)) - b3920fa1-6aeb-470e-859b-e59eecc202d4@group-67FE5C00EF84: set configuration 0: [b4710a7d-513e-4aab-8663-ef681ec2bbea:192.168.34.43:42222, b3920fa1-6aeb-470e-859b-e59eecc202d4:192.168.34.43:34737, 9d54ce08-0963-4811-aec3-c49382d33745:192.168.34.43:40270], old=null at 0
2019-10-16 07:39:25,112 [grpc-default-executor-3] INFO  segmented.SegmentedRaftLogWorker (SegmentedRaftLogWorker.java:startLogSegment(385)) - b3920fa1-6aeb-470e-859b-e59eecc202d4@group-67FE5C00EF84-SegmentedRaftLogWorker: Starting segment from index:0
2019-10-16 07:39:25,115 [grpc-default-executor-1] INFO  segmented.SegmentedRaftLogWorker (SegmentedRaftLogWorker.java:truncate(401)) - b4710a7d-513e-4aab-8663-ef681ec2bbea@group-67FE5C00EF84-SegmentedRaftLogWorker: Truncating segments toTruncate: null
  toDelete: [(0, 0) isOpen? true, length=0, newEndIndex=-1], start index 0
2019-10-16 07:39:25,116 [grpc-default-executor-1] INFO  segmented.SegmentedRaftLogWorker (SegmentedRaftLogWorker.java:startLogSegment(385)) - b4710a7d-513e-4aab-8663-ef681ec2bbea@group-67FE5C00EF84-SegmentedRaftLogWorker: Starting segment from index:0
2019-10-16 07:39:25,117 [b4710a7d-513e-4aab-8663-ef681ec2bbea@group-67FE5C00EF84-SegmentedRaftLogWorker] INFO  segmented.SegmentedRaftLogWorker (SegmentedRaftLogWorker.java:execute(640)) - b4710a7d-513e-4aab-8663-ef681ec2bbea@group-67FE5C00EF84-SegmentedRaftLogWorker: Deleted log file /workdir/hadoop-ozone/integration-test/target/test-dir/MiniOzoneClusterImpl-d5591382-938c-4025-98c2-9a8d578ab975/datanode-1/data/ratis/0748baaa-f499-4813-acd1-67fe5c00ef84/current/log_inprogress_0
2019-10-16 07:39:25,117 [b4710a7d-513e-4aab-8663-ef681ec2bbea@group-67FE5C00EF84-SegmentedRaftLogWorker] INFO  segmented.SegmentedRaftLogWorker (SegmentedRaftLogWorker.java:lambda$new$0(128)) - b4710a7d-513e-4aab-8663-ef681ec2bbea@group-67FE5C00EF84-SegmentedRaftLogWorker: flushIndex: setUnconditionally 0 -> -1
2019-10-16 07:39:25,158 [b4710a7d-513e-4aab-8663-ef681ec2bbea@group-67FE5C00EF84-SegmentedRaftLogWorker] INFO  segmented.SegmentedRaftLogWorker (SegmentedRaftLogWorker.java:execute(576)) - b4710a7d-513e-4aab-8663-ef681ec2bbea@group-67FE5C00EF84-SegmentedRaftLogWorker: created new log segment /workdir/hadoop-ozone/integration-test/target/test-dir/MiniOzoneClusterImpl-d5591382-938c-4025-98c2-9a8d578ab975/datanode-1/data/ratis/0748baaa-f499-4813-acd1-67fe5c00ef84/current/log_inprogress_0
2019-10-16 07:39:25,158 [b3920fa1-6aeb-470e-859b-e59eecc202d4@group-67FE5C00EF84-SegmentedRaftLogWorker] INFO  segmented.SegmentedRaftLogWorker (SegmentedRaftLogWorker.java:execute(576)) - b3920fa1-6aeb-470e-859b-e59eecc202d4@group-67FE5C00EF84-SegmentedRaftLogWorker: created new log segment /workdir/hadoop-ozone/integration-test/target/test-dir/MiniOzoneClusterImpl-d5591382-938c-4025-98c2-9a8d578ab975/datanode-2/data/ratis/0748baaa-f499-4813-acd1-67fe5c00ef84/current/log_inprogress_0
2019-10-16 07:39:25,891 [main] INFO  ozone.MiniOzoneClusterImpl (MiniOzoneClusterImpl.java:getStorageContainerLocationClient(234)) - Creating StorageContainerLocationProtocol RPC client with address /0.0.0.0:38779
2019-10-16 07:39:25,923 [main] INFO  rpc.RpcClient (RpcClient.java:createVolume(272)) - Creating Volume: 4a3842e7-b057-41a7-8b2b-0f63f710334b, with jenkins1000 as owner.
2019-10-16 07:39:26,057 [OM StateMachine ApplyTransaction Thread - 0] INFO  volume.OMVolumeCreateRequest (OMVolumeCreateRequest.java:validateAndUpdateCache(193)) - created volume:4a3842e7-b057-41a7-8b2b-0f63f710334b for user:jenkins1000
2019-10-16 07:39:26,072 [main] INFO  rpc.RpcClient (RpcClient.java:createBucket(411)) - Creating Bucket: 4a3842e7-b057-41a7-8b2b-0f63f710334b/b0332628-a729-4d6c-9d82-6a4dfa1d88b7, with Versioning false and Storage Type set to DISK and Encryption set to false 
2019-10-16 07:39:26,221 [main] INFO  impl.MetricsSystemImpl (MetricsSystemImpl.java:init(158)) - XceiverClientMetrics metrics system started (again)
2019-10-16 07:39:26,771 [OM StateMachine ApplyTransaction Thread - 0] ERROR lock.LockManager (LockManager.java:getLockForReleasing(218)) - Trying to release the lock on /4a3842e7-b057-41a7-8b2b-0f63f710334b/b0332628-a729-4d6c-9d82-6a4dfa1d88b7, which was never acquired.
]]></system-out>
    <system-err><![CDATA[ERROR StatusLogger No Log4j 2 configuration file found. Using default configuration (logging only errors to the console), or user programmatically provided configurations. Set system property 'log4j2.debug' to show Log4j 2 internal initialization logging. See https://logging.apache.org/log4j/2.x/manual/configuration.html for instructions on how to configure Log4j 2
]]></system-err>
  </testcase>
  <testcase name="testMultipartUpload" classname="org.apache.hadoop.ozone.client.rpc.TestOzoneRpcClientWithRatis" time="1.139"/>
  <testcase name="testInitiateMultipartUploadWithReplicationInformationSet" classname="org.apache.hadoop.ozone.client.rpc.TestOzoneRpcClientWithRatis" time="0.056"/>
  <testcase name="testRenameKey" classname="org.apache.hadoop.ozone.client.rpc.TestOzoneRpcClientWithRatis" time="0.271">
    <error message="java.lang.IllegalMonitorStateException: Releasing lock on resource /efb88485-d705-462e-b2a9-d6c6ab8263f9/d1d6098d-45d0-4500-ac04-0b24e280e5e1 without acquiring lock" type="INTERNAL_ERROR org.apache.hadoop.ozone.om.exceptions.OMException">INTERNAL_ERROR org.apache.hadoop.ozone.om.exceptions.OMException: java.lang.IllegalMonitorStateException: Releasing lock on resource /efb88485-d705-462e-b2a9-d6c6ab8263f9/d1d6098d-45d0-4500-ac04-0b24e280e5e1 without acquiring lock
	at org.apache.hadoop.ozone.om.protocolPB.OzoneManagerProtocolClientSideTranslatorPB.handleError(OzoneManagerProtocolClientSideTranslatorPB.java:732)
	at org.apache.hadoop.ozone.om.protocolPB.OzoneManagerProtocolClientSideTranslatorPB.commitKey(OzoneManagerProtocolClientSideTranslatorPB.java:789)
	at sun.reflect.NativeMethodAccessorImpl.invoke0(Native Method)
	at sun.reflect.NativeMethodAccessorImpl.invoke(NativeMethodAccessorImpl.java:62)
	at sun.reflect.DelegatingMethodAccessorImpl.invoke(DelegatingMethodAccessorImpl.java:43)
	at java.lang.reflect.Method.invoke(Method.java:498)
	at org.apache.hadoop.hdds.tracing.TraceAllMethod.invoke(TraceAllMethod.java:66)
	at com.sun.proxy.$Proxy38.commitKey(Unknown Source)
	at org.apache.hadoop.ozone.client.io.BlockOutputStreamEntryPool.commitKey(BlockOutputStreamEntryPool.java:277)
	at org.apache.hadoop.ozone.client.io.KeyOutputStream.close(KeyOutputStream.java:474)
	at org.apache.hadoop.ozone.client.io.OzoneOutputStream.close(OzoneOutputStream.java:60)
	at org.apache.hadoop.ozone.client.rpc.TestOzoneRpcClientAbstract.testRenameKey(TestOzoneRpcClientAbstract.java:1278)
	at sun.reflect.NativeMethodAccessorImpl.invoke0(Native Method)
	at sun.reflect.NativeMethodAccessorImpl.invoke(NativeMethodAccessorImpl.java:62)
	at sun.reflect.DelegatingMethodAccessorImpl.invoke(DelegatingMethodAccessorImpl.java:43)
	at java.lang.reflect.Method.invoke(Method.java:498)
	at org.junit.runners.model.FrameworkMethod$1.runReflectiveCall(FrameworkMethod.java:47)
	at org.junit.internal.runners.model.ReflectiveCallable.run(ReflectiveCallable.java:12)
	at org.junit.runners.model.FrameworkMethod.invokeExplosively(FrameworkMethod.java:44)
	at org.junit.internal.runners.statements.InvokeMethod.evaluate(InvokeMethod.java:17)
	at org.junit.runners.ParentRunner.runLeaf(ParentRunner.java:271)
	at org.junit.runners.BlockJUnit4ClassRunner.runChild(BlockJUnit4ClassRunner.java:70)
	at org.junit.runners.BlockJUnit4ClassRunner.runChild(BlockJUnit4ClassRunner.java:50)
	at org.junit.runners.ParentRunner$3.run(ParentRunner.java:238)
	at org.junit.runners.ParentRunner$1.schedule(ParentRunner.java:63)
	at org.junit.runners.ParentRunner.runChildren(ParentRunner.java:236)
	at org.junit.runners.ParentRunner.access$000(ParentRunner.java:53)
	at org.junit.runners.ParentRunner$2.evaluate(ParentRunner.java:229)
	at org.junit.internal.runners.statements.RunBefores.evaluate(RunBefores.java:26)
	at org.junit.internal.runners.statements.RunAfters.evaluate(RunAfters.java:27)
	at org.junit.runners.ParentRunner.run(ParentRunner.java:309)
	at org.apache.maven.surefire.junit4.JUnit4Provider.execute(JUnit4Provider.java:365)
	at org.apache.maven.surefire.junit4.JUnit4Provider.executeWithRerun(JUnit4Provider.java:273)
	at org.apache.maven.surefire.junit4.JUnit4Provider.executeTestSet(JUnit4Provider.java:238)
	at org.apache.maven.surefire.junit4.JUnit4Provider.invoke(JUnit4Provider.java:159)
	at org.apache.maven.surefire.booter.ForkedBooter.invokeProviderInSameClassLoader(ForkedBooter.java:384)
	at org.apache.maven.surefire.booter.ForkedBooter.runSuitesInProcess(ForkedBooter.java:345)
	at org.apache.maven.surefire.booter.ForkedBooter.execute(ForkedBooter.java:126)
	at org.apache.maven.surefire.booter.ForkedBooter.main(ForkedBooter.java:418)
</error>
    <system-out><![CDATA[2019-10-16 07:39:27,990 [main] INFO  rpc.RpcClient (RpcClient.java:createVolume(272)) - Creating Volume: efb88485-d705-462e-b2a9-d6c6ab8263f9, with jenkins1000 as owner.
2019-10-16 07:39:28,001 [OM StateMachine ApplyTransaction Thread - 0] INFO  volume.OMVolumeCreateRequest (OMVolumeCreateRequest.java:validateAndUpdateCache(193)) - created volume:efb88485-d705-462e-b2a9-d6c6ab8263f9 for user:jenkins1000
2019-10-16 07:39:28,003 [main] INFO  rpc.RpcClient (RpcClient.java:createBucket(411)) - Creating Bucket: efb88485-d705-462e-b2a9-d6c6ab8263f9/d1d6098d-45d0-4500-ac04-0b24e280e5e1, with Versioning false and Storage Type set to DISK and Encryption set to false 
2019-10-16 07:39:28,022 [IPC Server handler 0 on 43034] INFO  pipeline.PipelineStateManager (PipelineStateManager.java:addPipeline(56)) - Created pipeline Pipeline[ Id: a49313e8-405b-48b9-8d3b-1ddfa6b773ea, Nodes: b4710a7d-513e-4aab-8663-ef681ec2bbea{ip: 192.168.34.43, host: pr-hdds-1737-dstl4-2900247166, networkLocation: /default-rack, certSerialId: null}, Type:STAND_ALONE, Factor:ONE, State:OPEN]
2019-10-16 07:39:28,229 [IPC Server handler 6 on 46319] INFO  segmented.SegmentedRaftLogWorker (SegmentedRaftLogWorker.java:rollLogSegment(390)) - f795436f-3b49-4317-86ad-3b80027a9b10@group-C5BA1605619E-SegmentedRaftLogWorker: Rolling segment log-0_52 to index:52
2019-10-16 07:39:28,232 [f795436f-3b49-4317-86ad-3b80027a9b10@group-C5BA1605619E-SegmentedRaftLogWorker] INFO  segmented.SegmentedRaftLogWorker (SegmentedRaftLogWorker.java:execute(533)) - f795436f-3b49-4317-86ad-3b80027a9b10@group-C5BA1605619E-SegmentedRaftLogWorker: Rolled log segment from /workdir/hadoop-ozone/integration-test/target/test-dir/MiniOzoneClusterImpl-d5591382-938c-4025-98c2-9a8d578ab975/ozone-meta/ratis/bf265839-605b-3f16-9796-c5ba1605619e/current/log_inprogress_0 to /workdir/hadoop-ozone/integration-test/target/test-dir/MiniOzoneClusterImpl-d5591382-938c-4025-98c2-9a8d578ab975/ozone-meta/ratis/bf265839-605b-3f16-9796-c5ba1605619e/current/log_0-52
2019-10-16 07:39:28,246 [f795436f-3b49-4317-86ad-3b80027a9b10@group-C5BA1605619E-SegmentedRaftLogWorker] INFO  segmented.SegmentedRaftLogWorker (SegmentedRaftLogWorker.java:execute(576)) - f795436f-3b49-4317-86ad-3b80027a9b10@group-C5BA1605619E-SegmentedRaftLogWorker: created new log segment /workdir/hadoop-ozone/integration-test/target/test-dir/MiniOzoneClusterImpl-d5591382-938c-4025-98c2-9a8d578ab975/ozone-meta/ratis/bf265839-605b-3f16-9796-c5ba1605619e/current/log_inprogress_53
2019-10-16 07:39:28,255 [OM StateMachine ApplyTransaction Thread - 0] ERROR lock.LockManager (LockManager.java:getLockForReleasing(218)) - Trying to release the lock on /efb88485-d705-462e-b2a9-d6c6ab8263f9/d1d6098d-45d0-4500-ac04-0b24e280e5e1, which was never acquired.
]]></system-out>
  </testcase>
  <testcase name="testCreateBucketWithVersioning" classname="org.apache.hadoop.ozone.client.rpc.TestOzoneRpcClientWithRatis" time="0.032"/>
  <testcase name="testCreateS3Bucket" classname="org.apache.hadoop.ozone.client.rpc.TestOzoneRpcClientWithRatis" time="0.019"/>
  <testcase name="testUploadPartOverrideWithStandAlone" classname="org.apache.hadoop.ozone.client.rpc.TestOzoneRpcClientWithRatis" time="0.152"/>
  <testcase name="testNativeAclsForKey" classname="org.apache.hadoop.ozone.client.rpc.TestOzoneRpcClientWithRatis" time="0.078">
    <error message="java.lang.IllegalMonitorStateException: Releasing lock on resource /8b131d91-8273-4286-bc05-eda71fcea268/4a51eec3-ffff-4912-b61e-0d7df3c637ab without acquiring lock" type="INTERNAL_ERROR org.apache.hadoop.ozone.om.exceptions.OMException">INTERNAL_ERROR org.apache.hadoop.ozone.om.exceptions.OMException: java.lang.IllegalMonitorStateException: Releasing lock on resource /8b131d91-8273-4286-bc05-eda71fcea268/4a51eec3-ffff-4912-b61e-0d7df3c637ab without acquiring lock
	at org.apache.hadoop.ozone.om.protocolPB.OzoneManagerProtocolClientSideTranslatorPB.handleError(OzoneManagerProtocolClientSideTranslatorPB.java:732)
	at org.apache.hadoop.ozone.om.protocolPB.OzoneManagerProtocolClientSideTranslatorPB.commitKey(OzoneManagerProtocolClientSideTranslatorPB.java:789)
	at sun.reflect.NativeMethodAccessorImpl.invoke0(Native Method)
	at sun.reflect.NativeMethodAccessorImpl.invoke(NativeMethodAccessorImpl.java:62)
	at sun.reflect.DelegatingMethodAccessorImpl.invoke(DelegatingMethodAccessorImpl.java:43)
	at java.lang.reflect.Method.invoke(Method.java:498)
	at org.apache.hadoop.hdds.tracing.TraceAllMethod.invoke(TraceAllMethod.java:66)
	at com.sun.proxy.$Proxy38.commitKey(Unknown Source)
	at org.apache.hadoop.ozone.client.io.BlockOutputStreamEntryPool.commitKey(BlockOutputStreamEntryPool.java:277)
	at org.apache.hadoop.ozone.client.io.KeyOutputStream.close(KeyOutputStream.java:474)
	at org.apache.hadoop.ozone.client.io.OzoneOutputStream.close(OzoneOutputStream.java:60)
	at org.apache.hadoop.ozone.client.rpc.TestOzoneRpcClientAbstract.writeKey(TestOzoneRpcClientAbstract.java:2546)
	at org.apache.hadoop.ozone.client.rpc.TestOzoneRpcClientAbstract.testNativeAclsForKey(TestOzoneRpcClientAbstract.java:2310)
	at sun.reflect.NativeMethodAccessorImpl.invoke0(Native Method)
	at sun.reflect.NativeMethodAccessorImpl.invoke(NativeMethodAccessorImpl.java:62)
	at sun.reflect.DelegatingMethodAccessorImpl.invoke(DelegatingMethodAccessorImpl.java:43)
	at java.lang.reflect.Method.invoke(Method.java:498)
	at org.junit.runners.model.FrameworkMethod$1.runReflectiveCall(FrameworkMethod.java:47)
	at org.junit.internal.runners.model.ReflectiveCallable.run(ReflectiveCallable.java:12)
	at org.junit.runners.model.FrameworkMethod.invokeExplosively(FrameworkMethod.java:44)
	at org.junit.internal.runners.statements.InvokeMethod.evaluate(InvokeMethod.java:17)
	at org.junit.runners.ParentRunner.runLeaf(ParentRunner.java:271)
	at org.junit.runners.BlockJUnit4ClassRunner.runChild(BlockJUnit4ClassRunner.java:70)
	at org.junit.runners.BlockJUnit4ClassRunner.runChild(BlockJUnit4ClassRunner.java:50)
	at org.junit.runners.ParentRunner$3.run(ParentRunner.java:238)
	at org.junit.runners.ParentRunner$1.schedule(ParentRunner.java:63)
	at org.junit.runners.ParentRunner.runChildren(ParentRunner.java:236)
	at org.junit.runners.ParentRunner.access$000(ParentRunner.java:53)
	at org.junit.runners.ParentRunner$2.evaluate(ParentRunner.java:229)
	at org.junit.internal.runners.statements.RunBefores.evaluate(RunBefores.java:26)
	at org.junit.internal.runners.statements.RunAfters.evaluate(RunAfters.java:27)
	at org.junit.runners.ParentRunner.run(ParentRunner.java:309)
	at org.apache.maven.surefire.junit4.JUnit4Provider.execute(JUnit4Provider.java:365)
	at org.apache.maven.surefire.junit4.JUnit4Provider.executeWithRerun(JUnit4Provider.java:273)
	at org.apache.maven.surefire.junit4.JUnit4Provider.executeTestSet(JUnit4Provider.java:238)
	at org.apache.maven.surefire.junit4.JUnit4Provider.invoke(JUnit4Provider.java:159)
	at org.apache.maven.surefire.booter.ForkedBooter.invokeProviderInSameClassLoader(ForkedBooter.java:384)
	at org.apache.maven.surefire.booter.ForkedBooter.runSuitesInProcess(ForkedBooter.java:345)
	at org.apache.maven.surefire.booter.ForkedBooter.execute(ForkedBooter.java:126)
	at org.apache.maven.surefire.booter.ForkedBooter.main(ForkedBooter.java:418)
</error>
    <system-out><![CDATA[2019-10-16 07:39:28,465 [main] INFO  rpc.RpcClient (RpcClient.java:createVolume(272)) - Creating Volume: 8b131d91-8273-4286-bc05-eda71fcea268, with jenkins1000 as owner.
2019-10-16 07:39:28,475 [OM StateMachine ApplyTransaction Thread - 0] INFO  volume.OMVolumeCreateRequest (OMVolumeCreateRequest.java:validateAndUpdateCache(193)) - created volume:8b131d91-8273-4286-bc05-eda71fcea268 for user:jenkins1000
2019-10-16 07:39:28,477 [main] INFO  rpc.RpcClient (RpcClient.java:createBucket(411)) - Creating Bucket: 8b131d91-8273-4286-bc05-eda71fcea268/4a51eec3-ffff-4912-b61e-0d7df3c637ab, with Versioning false and Storage Type set to DISK and Encryption set to false 
2019-10-16 07:39:28,539 [OM StateMachine ApplyTransaction Thread - 0] ERROR lock.LockManager (LockManager.java:getLockForReleasing(218)) - Trying to release the lock on /8b131d91-8273-4286-bc05-eda71fcea268/4a51eec3-ffff-4912-b61e-0d7df3c637ab, which was never acquired.
]]></system-out>
  </testcase>
  <testcase name="testAddBucketAcl" classname="org.apache.hadoop.ozone.client.rpc.TestOzoneRpcClientWithRatis" time="0.062"/>
  <testcase name="testReadKeyWithVerifyChecksumFlagDisable" classname="org.apache.hadoop.ozone.client.rpc.TestOzoneRpcClientWithRatis" time="0.265">
    <error message="java.lang.IllegalMonitorStateException: Releasing lock on resource /055746a1-7107-4aad-b6f9-34d1550a3a25/02fe8e91-807b-462a-be3a-25dd6ac1da54 without acquiring lock" type="INTERNAL_ERROR org.apache.hadoop.ozone.om.exceptions.OMException">INTERNAL_ERROR org.apache.hadoop.ozone.om.exceptions.OMException: java.lang.IllegalMonitorStateException: Releasing lock on resource /055746a1-7107-4aad-b6f9-34d1550a3a25/02fe8e91-807b-462a-be3a-25dd6ac1da54 without acquiring lock
	at org.apache.hadoop.ozone.om.protocolPB.OzoneManagerProtocolClientSideTranslatorPB.handleError(OzoneManagerProtocolClientSideTranslatorPB.java:732)
	at org.apache.hadoop.ozone.om.protocolPB.OzoneManagerProtocolClientSideTranslatorPB.commitKey(OzoneManagerProtocolClientSideTranslatorPB.java:789)
	at sun.reflect.NativeMethodAccessorImpl.invoke0(Native Method)
	at sun.reflect.NativeMethodAccessorImpl.invoke(NativeMethodAccessorImpl.java:62)
	at sun.reflect.DelegatingMethodAccessorImpl.invoke(DelegatingMethodAccessorImpl.java:43)
	at java.lang.reflect.Method.invoke(Method.java:498)
	at org.apache.hadoop.hdds.tracing.TraceAllMethod.invoke(TraceAllMethod.java:66)
	at com.sun.proxy.$Proxy38.commitKey(Unknown Source)
	at org.apache.hadoop.ozone.client.io.BlockOutputStreamEntryPool.commitKey(BlockOutputStreamEntryPool.java:277)
	at org.apache.hadoop.ozone.client.io.KeyOutputStream.close(KeyOutputStream.java:474)
	at org.apache.hadoop.ozone.client.io.OzoneOutputStream.close(OzoneOutputStream.java:60)
	at org.apache.hadoop.ozone.client.rpc.TestOzoneRpcClientAbstract.createAndCorruptKey(TestOzoneRpcClientAbstract.java:924)
	at org.apache.hadoop.ozone.client.rpc.TestOzoneRpcClientAbstract.testReadKeyWithVerifyChecksumFlagDisable(TestOzoneRpcClientAbstract.java:904)
	at sun.reflect.NativeMethodAccessorImpl.invoke0(Native Method)
	at sun.reflect.NativeMethodAccessorImpl.invoke(NativeMethodAccessorImpl.java:62)
	at sun.reflect.DelegatingMethodAccessorImpl.invoke(DelegatingMethodAccessorImpl.java:43)
	at java.lang.reflect.Method.invoke(Method.java:498)
	at org.junit.runners.model.FrameworkMethod$1.runReflectiveCall(FrameworkMethod.java:47)
	at org.junit.internal.runners.model.ReflectiveCallable.run(ReflectiveCallable.java:12)
	at org.junit.runners.model.FrameworkMethod.invokeExplosively(FrameworkMethod.java:44)
	at org.junit.internal.runners.statements.InvokeMethod.evaluate(InvokeMethod.java:17)
	at org.junit.runners.ParentRunner.runLeaf(ParentRunner.java:271)
	at org.junit.runners.BlockJUnit4ClassRunner.runChild(BlockJUnit4ClassRunner.java:70)
	at org.junit.runners.BlockJUnit4ClassRunner.runChild(BlockJUnit4ClassRunner.java:50)
	at org.junit.runners.ParentRunner$3.run(ParentRunner.java:238)
	at org.junit.runners.ParentRunner$1.schedule(ParentRunner.java:63)
	at org.junit.runners.ParentRunner.runChildren(ParentRunner.java:236)
	at org.junit.runners.ParentRunner.access$000(ParentRunner.java:53)
	at org.junit.runners.ParentRunner$2.evaluate(ParentRunner.java:229)
	at org.junit.internal.runners.statements.RunBefores.evaluate(RunBefores.java:26)
	at org.junit.internal.runners.statements.RunAfters.evaluate(RunAfters.java:27)
	at org.junit.runners.ParentRunner.run(ParentRunner.java:309)
	at org.apache.maven.surefire.junit4.JUnit4Provider.execute(JUnit4Provider.java:365)
	at org.apache.maven.surefire.junit4.JUnit4Provider.executeWithRerun(JUnit4Provider.java:273)
	at org.apache.maven.surefire.junit4.JUnit4Provider.executeTestSet(JUnit4Provider.java:238)
	at org.apache.maven.surefire.junit4.JUnit4Provider.invoke(JUnit4Provider.java:159)
	at org.apache.maven.surefire.booter.ForkedBooter.invokeProviderInSameClassLoader(ForkedBooter.java:384)
	at org.apache.maven.surefire.booter.ForkedBooter.runSuitesInProcess(ForkedBooter.java:345)
	at org.apache.maven.surefire.booter.ForkedBooter.execute(ForkedBooter.java:126)
	at org.apache.maven.surefire.booter.ForkedBooter.main(ForkedBooter.java:418)
</error>
    <system-out><![CDATA[2019-10-16 07:39:28,605 [main] INFO  rpc.RpcClient (RpcClient.java:createVolume(272)) - Creating Volume: 055746a1-7107-4aad-b6f9-34d1550a3a25, with jenkins1000 as owner.
2019-10-16 07:39:28,619 [OM StateMachine ApplyTransaction Thread - 0] INFO  volume.OMVolumeCreateRequest (OMVolumeCreateRequest.java:validateAndUpdateCache(193)) - created volume:055746a1-7107-4aad-b6f9-34d1550a3a25 for user:jenkins1000
2019-10-16 07:39:28,622 [main] INFO  rpc.RpcClient (RpcClient.java:createBucket(411)) - Creating Bucket: 055746a1-7107-4aad-b6f9-34d1550a3a25/02fe8e91-807b-462a-be3a-25dd6ac1da54, with Versioning false and Storage Type set to DISK and Encryption set to false 
2019-10-16 07:39:28,866 [OM StateMachine ApplyTransaction Thread - 0] ERROR lock.LockManager (LockManager.java:getLockForReleasing(218)) - Trying to release the lock on /055746a1-7107-4aad-b6f9-34d1550a3a25/02fe8e91-807b-462a-be3a-25dd6ac1da54, which was never acquired.
]]></system-out>
  </testcase>
  <testcase name="testDeletedKeyForGDPR" classname="org.apache.hadoop.ozone.client.rpc.TestOzoneRpcClientWithRatis" time="0.471">
    <error message="java.lang.IllegalMonitorStateException: Releasing lock on resource /652b4fb2-3c4f-4ad4-adaa-4a6545af5961/d977ee2a-ff88-4dda-acff-55d52913da73 without acquiring lock" type="INTERNAL_ERROR org.apache.hadoop.ozone.om.exceptions.OMException">INTERNAL_ERROR org.apache.hadoop.ozone.om.exceptions.OMException: java.lang.IllegalMonitorStateException: Releasing lock on resource /652b4fb2-3c4f-4ad4-adaa-4a6545af5961/d977ee2a-ff88-4dda-acff-55d52913da73 without acquiring lock
	at org.apache.hadoop.ozone.om.protocolPB.OzoneManagerProtocolClientSideTranslatorPB.handleError(OzoneManagerProtocolClientSideTranslatorPB.java:732)
	at org.apache.hadoop.ozone.om.protocolPB.OzoneManagerProtocolClientSideTranslatorPB.commitKey(OzoneManagerProtocolClientSideTranslatorPB.java:789)
	at sun.reflect.NativeMethodAccessorImpl.invoke0(Native Method)
	at sun.reflect.NativeMethodAccessorImpl.invoke(NativeMethodAccessorImpl.java:62)
	at sun.reflect.DelegatingMethodAccessorImpl.invoke(DelegatingMethodAccessorImpl.java:43)
	at java.lang.reflect.Method.invoke(Method.java:498)
	at org.apache.hadoop.hdds.tracing.TraceAllMethod.invoke(TraceAllMethod.java:66)
	at com.sun.proxy.$Proxy38.commitKey(Unknown Source)
	at org.apache.hadoop.ozone.client.io.BlockOutputStreamEntryPool.commitKey(BlockOutputStreamEntryPool.java:277)
	at org.apache.hadoop.ozone.client.io.KeyOutputStream.close(KeyOutputStream.java:474)
	at javax.crypto.CipherOutputStream.close(CipherOutputStream.java:225)
	at org.apache.hadoop.ozone.client.io.OzoneOutputStream.close(OzoneOutputStream.java:60)
	at org.apache.hadoop.ozone.client.rpc.TestOzoneRpcClientAbstract.testDeletedKeyForGDPR(TestOzoneRpcClientAbstract.java:2775)
	at sun.reflect.NativeMethodAccessorImpl.invoke0(Native Method)
	at sun.reflect.NativeMethodAccessorImpl.invoke(NativeMethodAccessorImpl.java:62)
	at sun.reflect.DelegatingMethodAccessorImpl.invoke(DelegatingMethodAccessorImpl.java:43)
	at java.lang.reflect.Method.invoke(Method.java:498)
	at org.junit.runners.model.FrameworkMethod$1.runReflectiveCall(FrameworkMethod.java:47)
	at org.junit.internal.runners.model.ReflectiveCallable.run(ReflectiveCallable.java:12)
	at org.junit.runners.model.FrameworkMethod.invokeExplosively(FrameworkMethod.java:44)
	at org.junit.internal.runners.statements.InvokeMethod.evaluate(InvokeMethod.java:17)
	at org.junit.runners.ParentRunner.runLeaf(ParentRunner.java:271)
	at org.junit.runners.BlockJUnit4ClassRunner.runChild(BlockJUnit4ClassRunner.java:70)
	at org.junit.runners.BlockJUnit4ClassRunner.runChild(BlockJUnit4ClassRunner.java:50)
	at org.junit.runners.ParentRunner$3.run(ParentRunner.java:238)
	at org.junit.runners.ParentRunner$1.schedule(ParentRunner.java:63)
	at org.junit.runners.ParentRunner.runChildren(ParentRunner.java:236)
	at org.junit.runners.ParentRunner.access$000(ParentRunner.java:53)
	at org.junit.runners.ParentRunner$2.evaluate(ParentRunner.java:229)
	at org.junit.internal.runners.statements.RunBefores.evaluate(RunBefores.java:26)
	at org.junit.internal.runners.statements.RunAfters.evaluate(RunAfters.java:27)
	at org.junit.runners.ParentRunner.run(ParentRunner.java:309)
	at org.apache.maven.surefire.junit4.JUnit4Provider.execute(JUnit4Provider.java:365)
	at org.apache.maven.surefire.junit4.JUnit4Provider.executeWithRerun(JUnit4Provider.java:273)
	at org.apache.maven.surefire.junit4.JUnit4Provider.executeTestSet(JUnit4Provider.java:238)
	at org.apache.maven.surefire.junit4.JUnit4Provider.invoke(JUnit4Provider.java:159)
	at org.apache.maven.surefire.booter.ForkedBooter.invokeProviderInSameClassLoader(ForkedBooter.java:384)
	at org.apache.maven.surefire.booter.ForkedBooter.runSuitesInProcess(ForkedBooter.java:345)
	at org.apache.maven.surefire.booter.ForkedBooter.execute(ForkedBooter.java:126)
	at org.apache.maven.surefire.booter.ForkedBooter.main(ForkedBooter.java:418)
</error>
    <system-out><![CDATA[2019-10-16 07:39:28,870 [main] INFO  rpc.RpcClient (RpcClient.java:createVolume(272)) - Creating Volume: 652b4fb2-3c4f-4ad4-adaa-4a6545af5961, with jenkins1000 as owner.
2019-10-16 07:39:28,877 [OM StateMachine ApplyTransaction Thread - 0] INFO  volume.OMVolumeCreateRequest (OMVolumeCreateRequest.java:validateAndUpdateCache(193)) - created volume:652b4fb2-3c4f-4ad4-adaa-4a6545af5961 for user:jenkins1000
2019-10-16 07:39:28,880 [main] INFO  rpc.RpcClient (RpcClient.java:createBucket(411)) - Creating Bucket: 652b4fb2-3c4f-4ad4-adaa-4a6545af5961/d977ee2a-ff88-4dda-acff-55d52913da73, with Versioning false and Storage Type set to DISK and Encryption set to false 
2019-10-16 07:39:29,337 [OM StateMachine ApplyTransaction Thread - 0] ERROR lock.LockManager (LockManager.java:getLockForReleasing(218)) - Trying to release the lock on /652b4fb2-3c4f-4ad4-adaa-4a6545af5961/d977ee2a-ff88-4dda-acff-55d52913da73, which was never acquired.
]]></system-out>
  </testcase>
  <testcase name="testAclsAfterCallingSetBucketProperty" classname="org.apache.hadoop.ozone.client.rpc.TestOzoneRpcClientWithRatis" time="0.056"/>
  <testcase name="testListMultipartUploadParts" classname="org.apache.hadoop.ozone.client.rpc.TestOzoneRpcClientWithRatis" time="0.465"/>
  <testcase name="testNativeAclsForBucket" classname="org.apache.hadoop.ozone.client.rpc.TestOzoneRpcClientWithRatis" time="0.25"/>
  <testcase name="testPutKeyRatisThreeNodesParallel" classname="org.apache.hadoop.ozone.client.rpc.TestOzoneRpcClientWithRatis" time="0">
    <skipped message="Debug Jenkins Timeout"/>
  </testcase>
  <testcase name="testDeleteS3NonExistingBucket" classname="org.apache.hadoop.ozone.client.rpc.TestOzoneRpcClientWithRatis" time="0.041"/>
  <testcase name="testListPartsWithInvalidUploadID" classname="org.apache.hadoop.ozone.client.rpc.TestOzoneRpcClientWithRatis" time="0.036"/>
  <testcase name="testUploadPartOverrideWithRatis" classname="org.apache.hadoop.ozone.client.rpc.TestOzoneRpcClientWithRatis" time="5.239"/>
  <testcase name="testListBucket" classname="org.apache.hadoop.ozone.client.rpc.TestOzoneRpcClientWithRatis" time="0.416"/>
  <testcase name="testSetBucketStorageType" classname="org.apache.hadoop.ozone.client.rpc.TestOzoneRpcClientWithRatis" time="0.043"/>
  <testcase name="testGetKeyDetails" classname="org.apache.hadoop.ozone.client.rpc.TestOzoneRpcClientWithRatis" time="0.059">
    <error message="java.lang.IllegalMonitorStateException: Releasing lock on resource /09ba3454-f8b2-41ad-ab5e-c5c46cb5c294/e72c0b87-0f36-4cbf-947d-6e9f26536b44 without acquiring lock" type="INTERNAL_ERROR org.apache.hadoop.ozone.om.exceptions.OMException">INTERNAL_ERROR org.apache.hadoop.ozone.om.exceptions.OMException: java.lang.IllegalMonitorStateException: Releasing lock on resource /09ba3454-f8b2-41ad-ab5e-c5c46cb5c294/e72c0b87-0f36-4cbf-947d-6e9f26536b44 without acquiring lock
	at org.apache.hadoop.ozone.om.protocolPB.OzoneManagerProtocolClientSideTranslatorPB.handleError(OzoneManagerProtocolClientSideTranslatorPB.java:732)
	at org.apache.hadoop.ozone.om.protocolPB.OzoneManagerProtocolClientSideTranslatorPB.commitKey(OzoneManagerProtocolClientSideTranslatorPB.java:789)
	at sun.reflect.NativeMethodAccessorImpl.invoke0(Native Method)
	at sun.reflect.NativeMethodAccessorImpl.invoke(NativeMethodAccessorImpl.java:62)
	at sun.reflect.DelegatingMethodAccessorImpl.invoke(DelegatingMethodAccessorImpl.java:43)
	at java.lang.reflect.Method.invoke(Method.java:498)
	at org.apache.hadoop.hdds.tracing.TraceAllMethod.invoke(TraceAllMethod.java:66)
	at com.sun.proxy.$Proxy38.commitKey(Unknown Source)
	at org.apache.hadoop.ozone.client.io.BlockOutputStreamEntryPool.commitKey(BlockOutputStreamEntryPool.java:277)
	at org.apache.hadoop.ozone.client.io.KeyOutputStream.close(KeyOutputStream.java:474)
	at org.apache.hadoop.ozone.client.io.OzoneOutputStream.close(OzoneOutputStream.java:60)
	at org.apache.hadoop.ozone.client.rpc.TestOzoneRpcClientAbstract.testGetKeyDetails(TestOzoneRpcClientAbstract.java:997)
	at sun.reflect.NativeMethodAccessorImpl.invoke0(Native Method)
	at sun.reflect.NativeMethodAccessorImpl.invoke(NativeMethodAccessorImpl.java:62)
	at sun.reflect.DelegatingMethodAccessorImpl.invoke(DelegatingMethodAccessorImpl.java:43)
	at java.lang.reflect.Method.invoke(Method.java:498)
	at org.junit.runners.model.FrameworkMethod$1.runReflectiveCall(FrameworkMethod.java:47)
	at org.junit.internal.runners.model.ReflectiveCallable.run(ReflectiveCallable.java:12)
	at org.junit.runners.model.FrameworkMethod.invokeExplosively(FrameworkMethod.java:44)
	at org.junit.internal.runners.statements.InvokeMethod.evaluate(InvokeMethod.java:17)
	at org.junit.runners.ParentRunner.runLeaf(ParentRunner.java:271)
	at org.junit.runners.BlockJUnit4ClassRunner.runChild(BlockJUnit4ClassRunner.java:70)
	at org.junit.runners.BlockJUnit4ClassRunner.runChild(BlockJUnit4ClassRunner.java:50)
	at org.junit.runners.ParentRunner$3.run(ParentRunner.java:238)
	at org.junit.runners.ParentRunner$1.schedule(ParentRunner.java:63)
	at org.junit.runners.ParentRunner.runChildren(ParentRunner.java:236)
	at org.junit.runners.ParentRunner.access$000(ParentRunner.java:53)
	at org.junit.runners.ParentRunner$2.evaluate(ParentRunner.java:229)
	at org.junit.internal.runners.statements.RunBefores.evaluate(RunBefores.java:26)
	at org.junit.internal.runners.statements.RunAfters.evaluate(RunAfters.java:27)
	at org.junit.runners.ParentRunner.run(ParentRunner.java:309)
	at org.apache.maven.surefire.junit4.JUnit4Provider.execute(JUnit4Provider.java:365)
	at org.apache.maven.surefire.junit4.JUnit4Provider.executeWithRerun(JUnit4Provider.java:273)
	at org.apache.maven.surefire.junit4.JUnit4Provider.executeTestSet(JUnit4Provider.java:238)
	at org.apache.maven.surefire.junit4.JUnit4Provider.invoke(JUnit4Provider.java:159)
	at org.apache.maven.surefire.booter.ForkedBooter.invokeProviderInSameClassLoader(ForkedBooter.java:384)
	at org.apache.maven.surefire.booter.ForkedBooter.runSuitesInProcess(ForkedBooter.java:345)
	at org.apache.maven.surefire.booter.ForkedBooter.execute(ForkedBooter.java:126)
	at org.apache.maven.surefire.booter.ForkedBooter.main(ForkedBooter.java:418)
</error>
    <system-out><![CDATA[2019-10-16 07:39:35,889 [main] INFO  rpc.RpcClient (RpcClient.java:createVolume(272)) - Creating Volume: 09ba3454-f8b2-41ad-ab5e-c5c46cb5c294, with jenkins1000 as owner.
2019-10-16 07:39:35,893 [OM StateMachine ApplyTransaction Thread - 0] INFO  volume.OMVolumeCreateRequest (OMVolumeCreateRequest.java:validateAndUpdateCache(193)) - created volume:09ba3454-f8b2-41ad-ab5e-c5c46cb5c294 for user:jenkins1000
2019-10-16 07:39:35,895 [main] INFO  rpc.RpcClient (RpcClient.java:createBucket(411)) - Creating Bucket: 09ba3454-f8b2-41ad-ab5e-c5c46cb5c294/e72c0b87-0f36-4cbf-947d-6e9f26536b44, with Versioning false and Storage Type set to DISK and Encryption set to false 
2019-10-16 07:39:35,944 [OM StateMachine ApplyTransaction Thread - 0] ERROR lock.LockManager (LockManager.java:getLockForReleasing(218)) - Trying to release the lock on /09ba3454-f8b2-41ad-ab5e-c5c46cb5c294/e72c0b87-0f36-4cbf-947d-6e9f26536b44, which was never acquired.
]]></system-out>
  </testcase>
  <testcase name="testNativeAclsForPrefix" classname="org.apache.hadoop.ozone.client.rpc.TestOzoneRpcClientWithRatis" time="0.084">
    <error message="java.lang.IllegalMonitorStateException: Releasing lock on resource /803f09eb-1f51-4041-b3e0-2cec3a0dd699/ec86ff7b-a538-46cf-a152-04082eed6ade without acquiring lock" type="INTERNAL_ERROR org.apache.hadoop.ozone.om.exceptions.OMException">INTERNAL_ERROR org.apache.hadoop.ozone.om.exceptions.OMException: java.lang.IllegalMonitorStateException: Releasing lock on resource /803f09eb-1f51-4041-b3e0-2cec3a0dd699/ec86ff7b-a538-46cf-a152-04082eed6ade without acquiring lock
	at org.apache.hadoop.ozone.om.protocolPB.OzoneManagerProtocolClientSideTranslatorPB.handleError(OzoneManagerProtocolClientSideTranslatorPB.java:732)
	at org.apache.hadoop.ozone.om.protocolPB.OzoneManagerProtocolClientSideTranslatorPB.commitKey(OzoneManagerProtocolClientSideTranslatorPB.java:789)
	at sun.reflect.NativeMethodAccessorImpl.invoke0(Native Method)
	at sun.reflect.NativeMethodAccessorImpl.invoke(NativeMethodAccessorImpl.java:62)
	at sun.reflect.DelegatingMethodAccessorImpl.invoke(DelegatingMethodAccessorImpl.java:43)
	at java.lang.reflect.Method.invoke(Method.java:498)
	at org.apache.hadoop.hdds.tracing.TraceAllMethod.invoke(TraceAllMethod.java:66)
	at com.sun.proxy.$Proxy38.commitKey(Unknown Source)
	at org.apache.hadoop.ozone.client.io.BlockOutputStreamEntryPool.commitKey(BlockOutputStreamEntryPool.java:277)
	at org.apache.hadoop.ozone.client.io.KeyOutputStream.close(KeyOutputStream.java:474)
	at org.apache.hadoop.ozone.client.io.OzoneOutputStream.close(OzoneOutputStream.java:60)
	at org.apache.hadoop.ozone.client.rpc.TestOzoneRpcClientAbstract.writeKey(TestOzoneRpcClientAbstract.java:2546)
	at org.apache.hadoop.ozone.client.rpc.TestOzoneRpcClientAbstract.testNativeAclsForPrefix(TestOzoneRpcClientAbstract.java:2376)
	at sun.reflect.NativeMethodAccessorImpl.invoke0(Native Method)
	at sun.reflect.NativeMethodAccessorImpl.invoke(NativeMethodAccessorImpl.java:62)
	at sun.reflect.DelegatingMethodAccessorImpl.invoke(DelegatingMethodAccessorImpl.java:43)
	at java.lang.reflect.Method.invoke(Method.java:498)
	at org.junit.runners.model.FrameworkMethod$1.runReflectiveCall(FrameworkMethod.java:47)
	at org.junit.internal.runners.model.ReflectiveCallable.run(ReflectiveCallable.java:12)
	at org.junit.runners.model.FrameworkMethod.invokeExplosively(FrameworkMethod.java:44)
	at org.junit.internal.runners.statements.InvokeMethod.evaluate(InvokeMethod.java:17)
	at org.junit.runners.ParentRunner.runLeaf(ParentRunner.java:271)
	at org.junit.runners.BlockJUnit4ClassRunner.runChild(BlockJUnit4ClassRunner.java:70)
	at org.junit.runners.BlockJUnit4ClassRunner.runChild(BlockJUnit4ClassRunner.java:50)
	at org.junit.runners.ParentRunner$3.run(ParentRunner.java:238)
	at org.junit.runners.ParentRunner$1.schedule(ParentRunner.java:63)
	at org.junit.runners.ParentRunner.runChildren(ParentRunner.java:236)
	at org.junit.runners.ParentRunner.access$000(ParentRunner.java:53)
	at org.junit.runners.ParentRunner$2.evaluate(ParentRunner.java:229)
	at org.junit.internal.runners.statements.RunBefores.evaluate(RunBefores.java:26)
	at org.junit.internal.runners.statements.RunAfters.evaluate(RunAfters.java:27)
	at org.junit.runners.ParentRunner.run(ParentRunner.java:309)
	at org.apache.maven.surefire.junit4.JUnit4Provider.execute(JUnit4Provider.java:365)
	at org.apache.maven.surefire.junit4.JUnit4Provider.executeWithRerun(JUnit4Provider.java:273)
	at org.apache.maven.surefire.junit4.JUnit4Provider.executeTestSet(JUnit4Provider.java:238)
	at org.apache.maven.surefire.junit4.JUnit4Provider.invoke(JUnit4Provider.java:159)
	at org.apache.maven.surefire.booter.ForkedBooter.invokeProviderInSameClassLoader(ForkedBooter.java:384)
	at org.apache.maven.surefire.booter.ForkedBooter.runSuitesInProcess(ForkedBooter.java:345)
	at org.apache.maven.surefire.booter.ForkedBooter.execute(ForkedBooter.java:126)
	at org.apache.maven.surefire.booter.ForkedBooter.main(ForkedBooter.java:418)
</error>
    <system-out><![CDATA[2019-10-16 07:39:35,948 [main] INFO  rpc.RpcClient (RpcClient.java:createVolume(272)) - Creating Volume: 803f09eb-1f51-4041-b3e0-2cec3a0dd699, with jenkins1000 as owner.
2019-10-16 07:39:35,972 [OM StateMachine ApplyTransaction Thread - 0] INFO  volume.OMVolumeCreateRequest (OMVolumeCreateRequest.java:validateAndUpdateCache(193)) - created volume:803f09eb-1f51-4041-b3e0-2cec3a0dd699 for user:jenkins1000
2019-10-16 07:39:35,974 [main] INFO  rpc.RpcClient (RpcClient.java:createBucket(411)) - Creating Bucket: 803f09eb-1f51-4041-b3e0-2cec3a0dd699/ec86ff7b-a538-46cf-a152-04082eed6ade, with Versioning false and Storage Type set to DISK and Encryption set to false 
2019-10-16 07:39:36,029 [OM StateMachine ApplyTransaction Thread - 0] ERROR lock.LockManager (LockManager.java:getLockForReleasing(218)) - Trying to release the lock on /803f09eb-1f51-4041-b3e0-2cec3a0dd699/ec86ff7b-a538-46cf-a152-04082eed6ade, which was never acquired.
]]></system-out>
  </testcase>
  <testcase name="testOMClientProxyProvider" classname="org.apache.hadoop.ozone.client.rpc.TestOzoneRpcClientWithRatis" time="0"/>
  <testcase name="testCreateBucketWithAllArgument" classname="org.apache.hadoop.ozone.client.rpc.TestOzoneRpcClientWithRatis" time="0.033"/>
  <testcase name="testRemoveBucketAcl" classname="org.apache.hadoop.ozone.client.rpc.TestOzoneRpcClientWithRatis" time="0.047"/>
  <testcase name="testNativeAclsForVolume" classname="org.apache.hadoop.ozone.client.rpc.TestOzoneRpcClientWithRatis" time="0.095"/>
  <testcase name="testDeleteS3Bucket" classname="org.apache.hadoop.ozone.client.rpc.TestOzoneRpcClientWithRatis" time="0.016"/>
  <testcase name="testCreateSecureS3Bucket" classname="org.apache.hadoop.ozone.client.rpc.TestOzoneRpcClientWithRatis" time="0.008"/>
  <testcase name="testMultipartUploadWithMissingParts" classname="org.apache.hadoop.ozone.client.rpc.TestOzoneRpcClientWithRatis" time="0.142"/>
  <testcase name="testListVolume" classname="org.apache.hadoop.ozone.client.rpc.TestOzoneRpcClientWithRatis" time="0">
    <skipped/>
  </testcase>
  <testcase name="testSetVolumeQuota" classname="org.apache.hadoop.ozone.client.rpc.TestOzoneRpcClientWithRatis" time="0.024"/>
  <testcase name="testDeleteBucket" classname="org.apache.hadoop.ozone.client.rpc.TestOzoneRpcClientWithRatis" time="0.051"/>
  <testcase name="testListKey" classname="org.apache.hadoop.ozone.client.rpc.TestOzoneRpcClientWithRatis" time="0.061">
    <error message="java.lang.IllegalMonitorStateException: Releasing lock on resource /vol-a-68676/buc-a-95671 without acquiring lock" type="INTERNAL_ERROR org.apache.hadoop.ozone.om.exceptions.OMException">INTERNAL_ERROR org.apache.hadoop.ozone.om.exceptions.OMException: java.lang.IllegalMonitorStateException: Releasing lock on resource /vol-a-68676/buc-a-95671 without acquiring lock
	at org.apache.hadoop.ozone.om.protocolPB.OzoneManagerProtocolClientSideTranslatorPB.handleError(OzoneManagerProtocolClientSideTranslatorPB.java:732)
	at org.apache.hadoop.ozone.om.protocolPB.OzoneManagerProtocolClientSideTranslatorPB.commitKey(OzoneManagerProtocolClientSideTranslatorPB.java:789)
	at sun.reflect.NativeMethodAccessorImpl.invoke0(Native Method)
	at sun.reflect.NativeMethodAccessorImpl.invoke(NativeMethodAccessorImpl.java:62)
	at sun.reflect.DelegatingMethodAccessorImpl.invoke(DelegatingMethodAccessorImpl.java:43)
	at java.lang.reflect.Method.invoke(Method.java:498)
	at org.apache.hadoop.hdds.tracing.TraceAllMethod.invoke(TraceAllMethod.java:66)
	at com.sun.proxy.$Proxy38.commitKey(Unknown Source)
	at org.apache.hadoop.ozone.client.io.BlockOutputStreamEntryPool.commitKey(BlockOutputStreamEntryPool.java:277)
	at org.apache.hadoop.ozone.client.io.KeyOutputStream.close(KeyOutputStream.java:474)
	at org.apache.hadoop.ozone.client.io.OzoneOutputStream.close(OzoneOutputStream.java:60)
	at org.apache.hadoop.ozone.client.rpc.TestOzoneRpcClientAbstract.testListKey(TestOzoneRpcClientAbstract.java:1473)
	at sun.reflect.NativeMethodAccessorImpl.invoke0(Native Method)
	at sun.reflect.NativeMethodAccessorImpl.invoke(NativeMethodAccessorImpl.java:62)
	at sun.reflect.DelegatingMethodAccessorImpl.invoke(DelegatingMethodAccessorImpl.java:43)
	at java.lang.reflect.Method.invoke(Method.java:498)
	at org.junit.runners.model.FrameworkMethod$1.runReflectiveCall(FrameworkMethod.java:47)
	at org.junit.internal.runners.model.ReflectiveCallable.run(ReflectiveCallable.java:12)
	at org.junit.runners.model.FrameworkMethod.invokeExplosively(FrameworkMethod.java:44)
	at org.junit.internal.runners.statements.InvokeMethod.evaluate(InvokeMethod.java:17)
	at org.junit.runners.ParentRunner.runLeaf(ParentRunner.java:271)
	at org.junit.runners.BlockJUnit4ClassRunner.runChild(BlockJUnit4ClassRunner.java:70)
	at org.junit.runners.BlockJUnit4ClassRunner.runChild(BlockJUnit4ClassRunner.java:50)
	at org.junit.runners.ParentRunner$3.run(ParentRunner.java:238)
	at org.junit.runners.ParentRunner$1.schedule(ParentRunner.java:63)
	at org.junit.runners.ParentRunner.runChildren(ParentRunner.java:236)
	at org.junit.runners.ParentRunner.access$000(ParentRunner.java:53)
	at org.junit.runners.ParentRunner$2.evaluate(ParentRunner.java:229)
	at org.junit.internal.runners.statements.RunBefores.evaluate(RunBefores.java:26)
	at org.junit.internal.runners.statements.RunAfters.evaluate(RunAfters.java:27)
	at org.junit.runners.ParentRunner.run(ParentRunner.java:309)
	at org.apache.maven.surefire.junit4.JUnit4Provider.execute(JUnit4Provider.java:365)
	at org.apache.maven.surefire.junit4.JUnit4Provider.executeWithRerun(JUnit4Provider.java:273)
	at org.apache.maven.surefire.junit4.JUnit4Provider.executeTestSet(JUnit4Provider.java:238)
	at org.apache.maven.surefire.junit4.JUnit4Provider.invoke(JUnit4Provider.java:159)
	at org.apache.maven.surefire.booter.ForkedBooter.invokeProviderInSameClassLoader(ForkedBooter.java:384)
	at org.apache.maven.surefire.booter.ForkedBooter.runSuitesInProcess(ForkedBooter.java:345)
	at org.apache.maven.surefire.booter.ForkedBooter.execute(ForkedBooter.java:126)
	at org.apache.maven.surefire.booter.ForkedBooter.main(ForkedBooter.java:418)
</error>
    <system-out><![CDATA[2019-10-16 07:39:36,452 [main] INFO  rpc.RpcClient (RpcClient.java:createVolume(272)) - Creating Volume: vol-a-68676, with jenkins1000 as owner.
2019-10-16 07:39:36,455 [OM StateMachine ApplyTransaction Thread - 0] INFO  volume.OMVolumeCreateRequest (OMVolumeCreateRequest.java:validateAndUpdateCache(193)) - created volume:vol-a-68676 for user:jenkins1000
2019-10-16 07:39:36,456 [main] INFO  rpc.RpcClient (RpcClient.java:createVolume(272)) - Creating Volume: vol-b-28226, with jenkins1000 as owner.
2019-10-16 07:39:36,459 [OM StateMachine ApplyTransaction Thread - 0] INFO  volume.OMVolumeCreateRequest (OMVolumeCreateRequest.java:validateAndUpdateCache(193)) - created volume:vol-b-28226 for user:jenkins1000
2019-10-16 07:39:36,462 [main] INFO  rpc.RpcClient (RpcClient.java:createBucket(411)) - Creating Bucket: vol-a-68676/buc-a-95671, with Versioning false and Storage Type set to DISK and Encryption set to false 
2019-10-16 07:39:36,465 [main] INFO  rpc.RpcClient (RpcClient.java:createBucket(411)) - Creating Bucket: vol-a-68676/buc-b-40210, with Versioning false and Storage Type set to DISK and Encryption set to false 
2019-10-16 07:39:36,469 [main] INFO  rpc.RpcClient (RpcClient.java:createBucket(411)) - Creating Bucket: vol-b-28226/buc-a-95671, with Versioning false and Storage Type set to DISK and Encryption set to false 
2019-10-16 07:39:36,473 [main] INFO  rpc.RpcClient (RpcClient.java:createBucket(411)) - Creating Bucket: vol-b-28226/buc-b-40210, with Versioning false and Storage Type set to DISK and Encryption set to false 
2019-10-16 07:39:36,507 [OM StateMachine ApplyTransaction Thread - 0] ERROR lock.LockManager (LockManager.java:getLockForReleasing(218)) - Trying to release the lock on /vol-a-68676/buc-a-95671, which was never acquired.
]]></system-out>
  </testcase>
  <testcase name="testListPartsInvalidPartMarker" classname="org.apache.hadoop.ozone.client.rpc.TestOzoneRpcClientWithRatis" time="0.037"/>
  <testcase name="testMultipartUploadWithPartsLessThanMinSize" classname="org.apache.hadoop.ozone.client.rpc.TestOzoneRpcClientWithRatis" time="0.163"/>
  <testcase name="testPutKeyRatisOneNode" classname="org.apache.hadoop.ozone.client.rpc.TestOzoneRpcClientWithRatis" time="0.27">
    <error message="java.lang.IllegalMonitorStateException: Releasing lock on resource /6e445d22-b4ad-48e6-907e-60fc75364f55/11ab43a2-580f-478b-afa0-438455519733 without acquiring lock" type="INTERNAL_ERROR org.apache.hadoop.ozone.om.exceptions.OMException">INTERNAL_ERROR org.apache.hadoop.ozone.om.exceptions.OMException: java.lang.IllegalMonitorStateException: Releasing lock on resource /6e445d22-b4ad-48e6-907e-60fc75364f55/11ab43a2-580f-478b-afa0-438455519733 without acquiring lock
	at org.apache.hadoop.ozone.om.protocolPB.OzoneManagerProtocolClientSideTranslatorPB.handleError(OzoneManagerProtocolClientSideTranslatorPB.java:732)
	at org.apache.hadoop.ozone.om.protocolPB.OzoneManagerProtocolClientSideTranslatorPB.commitKey(OzoneManagerProtocolClientSideTranslatorPB.java:789)
	at sun.reflect.NativeMethodAccessorImpl.invoke0(Native Method)
	at sun.reflect.NativeMethodAccessorImpl.invoke(NativeMethodAccessorImpl.java:62)
	at sun.reflect.DelegatingMethodAccessorImpl.invoke(DelegatingMethodAccessorImpl.java:43)
	at java.lang.reflect.Method.invoke(Method.java:498)
	at org.apache.hadoop.hdds.tracing.TraceAllMethod.invoke(TraceAllMethod.java:66)
	at com.sun.proxy.$Proxy38.commitKey(Unknown Source)
	at org.apache.hadoop.ozone.client.io.BlockOutputStreamEntryPool.commitKey(BlockOutputStreamEntryPool.java:277)
	at org.apache.hadoop.ozone.client.io.KeyOutputStream.close(KeyOutputStream.java:474)
	at org.apache.hadoop.ozone.client.io.OzoneOutputStream.close(OzoneOutputStream.java:60)
	at org.apache.hadoop.ozone.client.rpc.TestOzoneRpcClientAbstract.testPutKeyRatisOneNode(TestOzoneRpcClientAbstract.java:769)
	at sun.reflect.NativeMethodAccessorImpl.invoke0(Native Method)
	at sun.reflect.NativeMethodAccessorImpl.invoke(NativeMethodAccessorImpl.java:62)
	at sun.reflect.DelegatingMethodAccessorImpl.invoke(DelegatingMethodAccessorImpl.java:43)
	at java.lang.reflect.Method.invoke(Method.java:498)
	at org.junit.runners.model.FrameworkMethod$1.runReflectiveCall(FrameworkMethod.java:47)
	at org.junit.internal.runners.model.ReflectiveCallable.run(ReflectiveCallable.java:12)
	at org.junit.runners.model.FrameworkMethod.invokeExplosively(FrameworkMethod.java:44)
	at org.junit.internal.runners.statements.InvokeMethod.evaluate(InvokeMethod.java:17)
	at org.junit.runners.ParentRunner.runLeaf(ParentRunner.java:271)
	at org.junit.runners.BlockJUnit4ClassRunner.runChild(BlockJUnit4ClassRunner.java:70)
	at org.junit.runners.BlockJUnit4ClassRunner.runChild(BlockJUnit4ClassRunner.java:50)
	at org.junit.runners.ParentRunner$3.run(ParentRunner.java:238)
	at org.junit.runners.ParentRunner$1.schedule(ParentRunner.java:63)
	at org.junit.runners.ParentRunner.runChildren(ParentRunner.java:236)
	at org.junit.runners.ParentRunner.access$000(ParentRunner.java:53)
	at org.junit.runners.ParentRunner$2.evaluate(ParentRunner.java:229)
	at org.junit.internal.runners.statements.RunBefores.evaluate(RunBefores.java:26)
	at org.junit.internal.runners.statements.RunAfters.evaluate(RunAfters.java:27)
	at org.junit.runners.ParentRunner.run(ParentRunner.java:309)
	at org.apache.maven.surefire.junit4.JUnit4Provider.execute(JUnit4Provider.java:365)
	at org.apache.maven.surefire.junit4.JUnit4Provider.executeWithRerun(JUnit4Provider.java:273)
	at org.apache.maven.surefire.junit4.JUnit4Provider.executeTestSet(JUnit4Provider.java:238)
	at org.apache.maven.surefire.junit4.JUnit4Provider.invoke(JUnit4Provider.java:159)
	at org.apache.maven.surefire.booter.ForkedBooter.invokeProviderInSameClassLoader(ForkedBooter.java:384)
	at org.apache.maven.surefire.booter.ForkedBooter.runSuitesInProcess(ForkedBooter.java:345)
	at org.apache.maven.surefire.booter.ForkedBooter.execute(ForkedBooter.java:126)
	at org.apache.maven.surefire.booter.ForkedBooter.main(ForkedBooter.java:418)
</error>
    <system-out><![CDATA[2019-10-16 07:39:36,713 [main] INFO  rpc.RpcClient (RpcClient.java:createVolume(272)) - Creating Volume: 6e445d22-b4ad-48e6-907e-60fc75364f55, with jenkins1000 as owner.
2019-10-16 07:39:36,726 [OM StateMachine ApplyTransaction Thread - 0] INFO  volume.OMVolumeCreateRequest (OMVolumeCreateRequest.java:validateAndUpdateCache(193)) - created volume:6e445d22-b4ad-48e6-907e-60fc75364f55 for user:jenkins1000
2019-10-16 07:39:36,728 [main] INFO  rpc.RpcClient (RpcClient.java:createBucket(411)) - Creating Bucket: 6e445d22-b4ad-48e6-907e-60fc75364f55/11ab43a2-580f-478b-afa0-438455519733, with Versioning false and Storage Type set to DISK and Encryption set to false 
2019-10-16 07:39:36,979 [OM StateMachine ApplyTransaction Thread - 0] ERROR lock.LockManager (LockManager.java:getLockForReleasing(218)) - Trying to release the lock on /6e445d22-b4ad-48e6-907e-60fc75364f55/11ab43a2-580f-478b-afa0-438455519733, which was never acquired.
]]></system-out>
  </testcase>
  <testcase name="testListS3Buckets" classname="org.apache.hadoop.ozone.client.rpc.TestOzoneRpcClientWithRatis" time="0.032"/>
  <testcase name="testAbortUploadSuccessWithParts" classname="org.apache.hadoop.ozone.client.rpc.TestOzoneRpcClientWithRatis" time="0.098"/>
  <testcase name="testListS3BucketsFail" classname="org.apache.hadoop.ozone.client.rpc.TestOzoneRpcClientWithRatis" time="0.007"/>
  <testcase name="testListMultipartUploadPartsWithContinuation" classname="org.apache.hadoop.ozone.client.rpc.TestOzoneRpcClientWithRatis" time="0.63"/>
  <testcase name="testListBucketsOnEmptyVolume" classname="org.apache.hadoop.ozone.client.rpc.TestOzoneRpcClientWithRatis" time="0.019"/>
  <testcase name="testCreateBucketWithStorageType" classname="org.apache.hadoop.ozone.client.rpc.TestOzoneRpcClientWithRatis" time="0.031"/>
  <testcase name="testRemoveBucketAclUsingRpcClientRemoveAcl" classname="org.apache.hadoop.ozone.client.rpc.TestOzoneRpcClientWithRatis" time="0.048"/>
  <testcase name="testDeleteKey" classname="org.apache.hadoop.ozone.client.rpc.TestOzoneRpcClientWithRatis" time="0.095">
    <error message="java.lang.IllegalMonitorStateException: Releasing lock on resource /1d98e76c-df69-45f0-ba0d-1ba109b2104f/d220002f-e967-4173-a059-e5967f2b73ea without acquiring lock" type="INTERNAL_ERROR org.apache.hadoop.ozone.om.exceptions.OMException">INTERNAL_ERROR org.apache.hadoop.ozone.om.exceptions.OMException: java.lang.IllegalMonitorStateException: Releasing lock on resource /1d98e76c-df69-45f0-ba0d-1ba109b2104f/d220002f-e967-4173-a059-e5967f2b73ea without acquiring lock
	at org.apache.hadoop.ozone.om.protocolPB.OzoneManagerProtocolClientSideTranslatorPB.handleError(OzoneManagerProtocolClientSideTranslatorPB.java:732)
	at org.apache.hadoop.ozone.om.protocolPB.OzoneManagerProtocolClientSideTranslatorPB.commitKey(OzoneManagerProtocolClientSideTranslatorPB.java:789)
	at sun.reflect.NativeMethodAccessorImpl.invoke0(Native Method)
	at sun.reflect.NativeMethodAccessorImpl.invoke(NativeMethodAccessorImpl.java:62)
	at sun.reflect.DelegatingMethodAccessorImpl.invoke(DelegatingMethodAccessorImpl.java:43)
	at java.lang.reflect.Method.invoke(Method.java:498)
	at org.apache.hadoop.hdds.tracing.TraceAllMethod.invoke(TraceAllMethod.java:66)
	at com.sun.proxy.$Proxy38.commitKey(Unknown Source)
	at org.apache.hadoop.ozone.client.io.BlockOutputStreamEntryPool.commitKey(BlockOutputStreamEntryPool.java:277)
	at org.apache.hadoop.ozone.client.io.KeyOutputStream.close(KeyOutputStream.java:474)
	at org.apache.hadoop.ozone.client.io.OzoneOutputStream.close(OzoneOutputStream.java:60)
	at org.apache.hadoop.ozone.client.rpc.TestOzoneRpcClientAbstract.testDeleteKey(TestOzoneRpcClientAbstract.java:1254)
	at sun.reflect.NativeMethodAccessorImpl.invoke0(Native Method)
	at sun.reflect.NativeMethodAccessorImpl.invoke(NativeMethodAccessorImpl.java:62)
	at sun.reflect.DelegatingMethodAccessorImpl.invoke(DelegatingMethodAccessorImpl.java:43)
	at java.lang.reflect.Method.invoke(Method.java:498)
	at org.junit.runners.model.FrameworkMethod$1.runReflectiveCall(FrameworkMethod.java:47)
	at org.junit.internal.runners.model.ReflectiveCallable.run(ReflectiveCallable.java:12)
	at org.junit.runners.model.FrameworkMethod.invokeExplosively(FrameworkMethod.java:44)
	at org.junit.internal.runners.statements.InvokeMethod.evaluate(InvokeMethod.java:17)
	at org.junit.runners.ParentRunner.runLeaf(ParentRunner.java:271)
	at org.junit.runners.BlockJUnit4ClassRunner.runChild(BlockJUnit4ClassRunner.java:70)
	at org.junit.runners.BlockJUnit4ClassRunner.runChild(BlockJUnit4ClassRunner.java:50)
	at org.junit.runners.ParentRunner$3.run(ParentRunner.java:238)
	at org.junit.runners.ParentRunner$1.schedule(ParentRunner.java:63)
	at org.junit.runners.ParentRunner.runChildren(ParentRunner.java:236)
	at org.junit.runners.ParentRunner.access$000(ParentRunner.java:53)
	at org.junit.runners.ParentRunner$2.evaluate(ParentRunner.java:229)
	at org.junit.internal.runners.statements.RunBefores.evaluate(RunBefores.java:26)
	at org.junit.internal.runners.statements.RunAfters.evaluate(RunAfters.java:27)
	at org.junit.runners.ParentRunner.run(ParentRunner.java:309)
	at org.apache.maven.surefire.junit4.JUnit4Provider.execute(JUnit4Provider.java:365)
	at org.apache.maven.surefire.junit4.JUnit4Provider.executeWithRerun(JUnit4Provider.java:273)
	at org.apache.maven.surefire.junit4.JUnit4Provider.executeTestSet(JUnit4Provider.java:238)
	at org.apache.maven.surefire.junit4.JUnit4Provider.invoke(JUnit4Provider.java:159)
	at org.apache.maven.surefire.booter.ForkedBooter.invokeProviderInSameClassLoader(ForkedBooter.java:384)
	at org.apache.maven.surefire.booter.ForkedBooter.runSuitesInProcess(ForkedBooter.java:345)
	at org.apache.maven.surefire.booter.ForkedBooter.execute(ForkedBooter.java:126)
	at org.apache.maven.surefire.booter.ForkedBooter.main(ForkedBooter.java:418)
</error>
    <system-out><![CDATA[2019-10-16 07:39:37,850 [main] INFO  rpc.RpcClient (RpcClient.java:createVolume(272)) - Creating Volume: 1d98e76c-df69-45f0-ba0d-1ba109b2104f, with jenkins1000 as owner.
2019-10-16 07:39:37,862 [OM StateMachine ApplyTransaction Thread - 0] INFO  volume.OMVolumeCreateRequest (OMVolumeCreateRequest.java:validateAndUpdateCache(193)) - created volume:1d98e76c-df69-45f0-ba0d-1ba109b2104f for user:jenkins1000
2019-10-16 07:39:37,864 [main] INFO  rpc.RpcClient (RpcClient.java:createBucket(411)) - Creating Bucket: 1d98e76c-df69-45f0-ba0d-1ba109b2104f/d220002f-e967-4173-a059-e5967f2b73ea, with Versioning false and Storage Type set to DISK and Encryption set to false 
2019-10-16 07:39:37,941 [OM StateMachine ApplyTransaction Thread - 0] ERROR lock.LockManager (LockManager.java:getLockForReleasing(218)) - Trying to release the lock on /1d98e76c-df69-45f0-ba0d-1ba109b2104f/d220002f-e967-4173-a059-e5967f2b73ea, which was never acquired.
]]></system-out>
  </testcase>
  <testcase name="testDeleteVolume" classname="org.apache.hadoop.ozone.client.rpc.TestOzoneRpcClientWithRatis" time="0.035"/>
  <testcase name="testInvalidBucketCreation" classname="org.apache.hadoop.ozone.client.rpc.TestOzoneRpcClientWithRatis" time="0.019"/>
  <testcase name="testReadKeyWithVerifyChecksumFlagEnable" classname="org.apache.hadoop.ozone.client.rpc.TestOzoneRpcClientWithRatis" time="0.081">
    <error message="java.lang.IllegalMonitorStateException: Releasing lock on resource /023783e4-29ee-4efb-a7b4-b446d1bac7cb/d87319f3-2c5e-44c9-b5b0-a19272284611 without acquiring lock" type="INTERNAL_ERROR org.apache.hadoop.ozone.om.exceptions.OMException">INTERNAL_ERROR org.apache.hadoop.ozone.om.exceptions.OMException: java.lang.IllegalMonitorStateException: Releasing lock on resource /023783e4-29ee-4efb-a7b4-b446d1bac7cb/d87319f3-2c5e-44c9-b5b0-a19272284611 without acquiring lock
	at org.apache.hadoop.ozone.om.protocolPB.OzoneManagerProtocolClientSideTranslatorPB.handleError(OzoneManagerProtocolClientSideTranslatorPB.java:732)
	at org.apache.hadoop.ozone.om.protocolPB.OzoneManagerProtocolClientSideTranslatorPB.commitKey(OzoneManagerProtocolClientSideTranslatorPB.java:789)
	at sun.reflect.NativeMethodAccessorImpl.invoke0(Native Method)
	at sun.reflect.NativeMethodAccessorImpl.invoke(NativeMethodAccessorImpl.java:62)
	at sun.reflect.DelegatingMethodAccessorImpl.invoke(DelegatingMethodAccessorImpl.java:43)
	at java.lang.reflect.Method.invoke(Method.java:498)
	at org.apache.hadoop.hdds.tracing.TraceAllMethod.invoke(TraceAllMethod.java:66)
	at com.sun.proxy.$Proxy38.commitKey(Unknown Source)
	at org.apache.hadoop.ozone.client.io.BlockOutputStreamEntryPool.commitKey(BlockOutputStreamEntryPool.java:277)
	at org.apache.hadoop.ozone.client.io.KeyOutputStream.close(KeyOutputStream.java:474)
	at org.apache.hadoop.ozone.client.io.OzoneOutputStream.close(OzoneOutputStream.java:60)
	at org.apache.hadoop.ozone.client.rpc.TestOzoneRpcClientAbstract.createAndCorruptKey(TestOzoneRpcClientAbstract.java:924)
	at org.apache.hadoop.ozone.client.rpc.TestOzoneRpcClientAbstract.testReadKeyWithVerifyChecksumFlagEnable(TestOzoneRpcClientAbstract.java:889)
	at sun.reflect.NativeMethodAccessorImpl.invoke0(Native Method)
	at sun.reflect.NativeMethodAccessorImpl.invoke(NativeMethodAccessorImpl.java:62)
	at sun.reflect.DelegatingMethodAccessorImpl.invoke(DelegatingMethodAccessorImpl.java:43)
	at java.lang.reflect.Method.invoke(Method.java:498)
	at org.junit.runners.model.FrameworkMethod$1.runReflectiveCall(FrameworkMethod.java:47)
	at org.junit.internal.runners.model.ReflectiveCallable.run(ReflectiveCallable.java:12)
	at org.junit.runners.model.FrameworkMethod.invokeExplosively(FrameworkMethod.java:44)
	at org.junit.internal.runners.statements.InvokeMethod.evaluate(InvokeMethod.java:17)
	at org.junit.runners.ParentRunner.runLeaf(ParentRunner.java:271)
	at org.junit.runners.BlockJUnit4ClassRunner.runChild(BlockJUnit4ClassRunner.java:70)
	at org.junit.runners.BlockJUnit4ClassRunner.runChild(BlockJUnit4ClassRunner.java:50)
	at org.junit.runners.ParentRunner$3.run(ParentRunner.java:238)
	at org.junit.runners.ParentRunner$1.schedule(ParentRunner.java:63)
	at org.junit.runners.ParentRunner.runChildren(ParentRunner.java:236)
	at org.junit.runners.ParentRunner.access$000(ParentRunner.java:53)
	at org.junit.runners.ParentRunner$2.evaluate(ParentRunner.java:229)
	at org.junit.internal.runners.statements.RunBefores.evaluate(RunBefores.java:26)
	at org.junit.internal.runners.statements.RunAfters.evaluate(RunAfters.java:27)
	at org.junit.runners.ParentRunner.run(ParentRunner.java:309)
	at org.apache.maven.surefire.junit4.JUnit4Provider.execute(JUnit4Provider.java:365)
	at org.apache.maven.surefire.junit4.JUnit4Provider.executeWithRerun(JUnit4Provider.java:273)
	at org.apache.maven.surefire.junit4.JUnit4Provider.executeTestSet(JUnit4Provider.java:238)
	at org.apache.maven.surefire.junit4.JUnit4Provider.invoke(JUnit4Provider.java:159)
	at org.apache.maven.surefire.booter.ForkedBooter.invokeProviderInSameClassLoader(ForkedBooter.java:384)
	at org.apache.maven.surefire.booter.ForkedBooter.runSuitesInProcess(ForkedBooter.java:345)
	at org.apache.maven.surefire.booter.ForkedBooter.execute(ForkedBooter.java:126)
	at org.apache.maven.surefire.booter.ForkedBooter.main(ForkedBooter.java:418)
</error>
    <system-out><![CDATA[2019-10-16 07:39:37,999 [main] INFO  rpc.RpcClient (RpcClient.java:createVolume(272)) - Creating Volume: 023783e4-29ee-4efb-a7b4-b446d1bac7cb, with jenkins1000 as owner.
2019-10-16 07:39:38,012 [OM StateMachine ApplyTransaction Thread - 0] INFO  volume.OMVolumeCreateRequest (OMVolumeCreateRequest.java:validateAndUpdateCache(193)) - created volume:023783e4-29ee-4efb-a7b4-b446d1bac7cb for user:jenkins1000
2019-10-16 07:39:38,014 [main] INFO  rpc.RpcClient (RpcClient.java:createBucket(411)) - Creating Bucket: 023783e4-29ee-4efb-a7b4-b446d1bac7cb/d87319f3-2c5e-44c9-b5b0-a19272284611, with Versioning false and Storage Type set to DISK and Encryption set to false 
2019-10-16 07:39:38,077 [OM StateMachine ApplyTransaction Thread - 0] ERROR lock.LockManager (LockManager.java:getLockForReleasing(218)) - Trying to release the lock on /023783e4-29ee-4efb-a7b4-b446d1bac7cb/d87319f3-2c5e-44c9-b5b0-a19272284611, which was never acquired.
]]></system-out>
  </testcase>
  <testcase name="testAbortUploadSuccessWithOutAnyParts" classname="org.apache.hadoop.ozone.client.rpc.TestOzoneRpcClientWithRatis" time="0.016"/>
  <testcase name="testListPartsInvalidMaxParts" classname="org.apache.hadoop.ozone.client.rpc.TestOzoneRpcClientWithRatis" time="0.01"/>
  <testcase name="testSetBucketVersioning" classname="org.apache.hadoop.ozone.client.rpc.TestOzoneRpcClientWithRatis" time="0.016"/>
  <testcase name="testAbortUploadFail" classname="org.apache.hadoop.ozone.client.rpc.TestOzoneRpcClientWithRatis" time="0.022"/>
  <testcase name="testCreateS3BucketMapping" classname="org.apache.hadoop.ozone.client.rpc.TestOzoneRpcClientWithRatis" time="0.017"/>
  <testcase name="testMultipartUploadOverride" classname="org.apache.hadoop.ozone.client.rpc.TestOzoneRpcClientWithRatis" time="1.34"/>
  <testcase name="testKeyReadWriteForGDPR" classname="org.apache.hadoop.ozone.client.rpc.TestOzoneRpcClientWithRatis" time="0.061">
    <error message="java.lang.IllegalMonitorStateException: Releasing lock on resource /bb4fbef7-47de-472a-969c-fa34dc373912/82ad428b-82d0-4240-9a9f-eddc8fb4f001 without acquiring lock" type="INTERNAL_ERROR org.apache.hadoop.ozone.om.exceptions.OMException">INTERNAL_ERROR org.apache.hadoop.ozone.om.exceptions.OMException: java.lang.IllegalMonitorStateException: Releasing lock on resource /bb4fbef7-47de-472a-969c-fa34dc373912/82ad428b-82d0-4240-9a9f-eddc8fb4f001 without acquiring lock
	at org.apache.hadoop.ozone.om.protocolPB.OzoneManagerProtocolClientSideTranslatorPB.handleError(OzoneManagerProtocolClientSideTranslatorPB.java:732)
	at org.apache.hadoop.ozone.om.protocolPB.OzoneManagerProtocolClientSideTranslatorPB.commitKey(OzoneManagerProtocolClientSideTranslatorPB.java:789)
	at sun.reflect.NativeMethodAccessorImpl.invoke0(Native Method)
	at sun.reflect.NativeMethodAccessorImpl.invoke(NativeMethodAccessorImpl.java:62)
	at sun.reflect.DelegatingMethodAccessorImpl.invoke(DelegatingMethodAccessorImpl.java:43)
	at java.lang.reflect.Method.invoke(Method.java:498)
	at org.apache.hadoop.hdds.tracing.TraceAllMethod.invoke(TraceAllMethod.java:66)
	at com.sun.proxy.$Proxy38.commitKey(Unknown Source)
	at org.apache.hadoop.ozone.client.io.BlockOutputStreamEntryPool.commitKey(BlockOutputStreamEntryPool.java:277)
	at org.apache.hadoop.ozone.client.io.KeyOutputStream.close(KeyOutputStream.java:474)
	at javax.crypto.CipherOutputStream.close(CipherOutputStream.java:225)
	at org.apache.hadoop.ozone.client.io.OzoneOutputStream.close(OzoneOutputStream.java:60)
	at org.apache.hadoop.ozone.client.rpc.TestOzoneRpcClientAbstract.testKeyReadWriteForGDPR(TestOzoneRpcClientAbstract.java:2695)
	at sun.reflect.NativeMethodAccessorImpl.invoke0(Native Method)
	at sun.reflect.NativeMethodAccessorImpl.invoke(NativeMethodAccessorImpl.java:62)
	at sun.reflect.DelegatingMethodAccessorImpl.invoke(DelegatingMethodAccessorImpl.java:43)
	at java.lang.reflect.Method.invoke(Method.java:498)
	at org.junit.runners.model.FrameworkMethod$1.runReflectiveCall(FrameworkMethod.java:47)
	at org.junit.internal.runners.model.ReflectiveCallable.run(ReflectiveCallable.java:12)
	at org.junit.runners.model.FrameworkMethod.invokeExplosively(FrameworkMethod.java:44)
	at org.junit.internal.runners.statements.InvokeMethod.evaluate(InvokeMethod.java:17)
	at org.junit.runners.ParentRunner.runLeaf(ParentRunner.java:271)
	at org.junit.runners.BlockJUnit4ClassRunner.runChild(BlockJUnit4ClassRunner.java:70)
	at org.junit.runners.BlockJUnit4ClassRunner.runChild(BlockJUnit4ClassRunner.java:50)
	at org.junit.runners.ParentRunner$3.run(ParentRunner.java:238)
	at org.junit.runners.ParentRunner$1.schedule(ParentRunner.java:63)
	at org.junit.runners.ParentRunner.runChildren(ParentRunner.java:236)
	at org.junit.runners.ParentRunner.access$000(ParentRunner.java:53)
	at org.junit.runners.ParentRunner$2.evaluate(ParentRunner.java:229)
	at org.junit.internal.runners.statements.RunBefores.evaluate(RunBefores.java:26)
	at org.junit.internal.runners.statements.RunAfters.evaluate(RunAfters.java:27)
	at org.junit.runners.ParentRunner.run(ParentRunner.java:309)
	at org.apache.maven.surefire.junit4.JUnit4Provider.execute(JUnit4Provider.java:365)
	at org.apache.maven.surefire.junit4.JUnit4Provider.executeWithRerun(JUnit4Provider.java:273)
	at org.apache.maven.surefire.junit4.JUnit4Provider.executeTestSet(JUnit4Provider.java:238)
	at org.apache.maven.surefire.junit4.JUnit4Provider.invoke(JUnit4Provider.java:159)
	at org.apache.maven.surefire.booter.ForkedBooter.invokeProviderInSameClassLoader(ForkedBooter.java:384)
	at org.apache.maven.surefire.booter.ForkedBooter.runSuitesInProcess(ForkedBooter.java:345)
	at org.apache.maven.surefire.booter.ForkedBooter.execute(ForkedBooter.java:126)
	at org.apache.maven.surefire.booter.ForkedBooter.main(ForkedBooter.java:418)
</error>
    <system-out><![CDATA[2019-10-16 07:39:39,502 [main] INFO  rpc.RpcClient (RpcClient.java:createVolume(272)) - Creating Volume: bb4fbef7-47de-472a-969c-fa34dc373912, with jenkins1000 as owner.
2019-10-16 07:39:39,514 [OM StateMachine ApplyTransaction Thread - 0] INFO  volume.OMVolumeCreateRequest (OMVolumeCreateRequest.java:validateAndUpdateCache(193)) - created volume:bb4fbef7-47de-472a-969c-fa34dc373912 for user:jenkins1000
2019-10-16 07:39:39,516 [main] INFO  rpc.RpcClient (RpcClient.java:createBucket(411)) - Creating Bucket: bb4fbef7-47de-472a-969c-fa34dc373912/82ad428b-82d0-4240-9a9f-eddc8fb4f001, with Versioning false and Storage Type set to DISK and Encryption set to false 
2019-10-16 07:39:39,560 [OM StateMachine ApplyTransaction Thread - 0] ERROR lock.LockManager (LockManager.java:getLockForReleasing(218)) - Trying to release the lock on /bb4fbef7-47de-472a-969c-fa34dc373912/82ad428b-82d0-4240-9a9f-eddc8fb4f001, which was never acquired.
]]></system-out>
  </testcase>
  <testcase name="testValidateBlockLengthWithCommitKey" classname="org.apache.hadoop.ozone.client.rpc.TestOzoneRpcClientWithRatis" time="0.036">
    <error message="java.lang.IllegalMonitorStateException: Releasing lock on resource /f4bd9556-c00c-4fc7-8095-a8b3aec21a64/dfa7865e-36b0-4a30-8d40-bfd93cbaa1de without acquiring lock" type="INTERNAL_ERROR org.apache.hadoop.ozone.om.exceptions.OMException">INTERNAL_ERROR org.apache.hadoop.ozone.om.exceptions.OMException: java.lang.IllegalMonitorStateException: Releasing lock on resource /f4bd9556-c00c-4fc7-8095-a8b3aec21a64/dfa7865e-36b0-4a30-8d40-bfd93cbaa1de without acquiring lock
	at org.apache.hadoop.ozone.om.protocolPB.OzoneManagerProtocolClientSideTranslatorPB.handleError(OzoneManagerProtocolClientSideTranslatorPB.java:732)
	at org.apache.hadoop.ozone.om.protocolPB.OzoneManagerProtocolClientSideTranslatorPB.commitKey(OzoneManagerProtocolClientSideTranslatorPB.java:789)
	at sun.reflect.NativeMethodAccessorImpl.invoke0(Native Method)
	at sun.reflect.NativeMethodAccessorImpl.invoke(NativeMethodAccessorImpl.java:62)
	at sun.reflect.DelegatingMethodAccessorImpl.invoke(DelegatingMethodAccessorImpl.java:43)
	at java.lang.reflect.Method.invoke(Method.java:498)
	at org.apache.hadoop.hdds.tracing.TraceAllMethod.invoke(TraceAllMethod.java:66)
	at com.sun.proxy.$Proxy38.commitKey(Unknown Source)
	at org.apache.hadoop.ozone.client.io.BlockOutputStreamEntryPool.commitKey(BlockOutputStreamEntryPool.java:277)
	at org.apache.hadoop.ozone.client.io.KeyOutputStream.close(KeyOutputStream.java:474)
	at org.apache.hadoop.ozone.client.io.OzoneOutputStream.close(OzoneOutputStream.java:60)
	at org.apache.hadoop.ozone.client.rpc.TestOzoneRpcClientAbstract.testValidateBlockLengthWithCommitKey(TestOzoneRpcClientAbstract.java:732)
	at sun.reflect.NativeMethodAccessorImpl.invoke0(Native Method)
	at sun.reflect.NativeMethodAccessorImpl.invoke(NativeMethodAccessorImpl.java:62)
	at sun.reflect.DelegatingMethodAccessorImpl.invoke(DelegatingMethodAccessorImpl.java:43)
	at java.lang.reflect.Method.invoke(Method.java:498)
	at org.junit.runners.model.FrameworkMethod$1.runReflectiveCall(FrameworkMethod.java:47)
	at org.junit.internal.runners.model.ReflectiveCallable.run(ReflectiveCallable.java:12)
	at org.junit.runners.model.FrameworkMethod.invokeExplosively(FrameworkMethod.java:44)
	at org.junit.internal.runners.statements.InvokeMethod.evaluate(InvokeMethod.java:17)
	at org.junit.runners.ParentRunner.runLeaf(ParentRunner.java:271)
	at org.junit.runners.BlockJUnit4ClassRunner.runChild(BlockJUnit4ClassRunner.java:70)
	at org.junit.runners.BlockJUnit4ClassRunner.runChild(BlockJUnit4ClassRunner.java:50)
	at org.junit.runners.ParentRunner$3.run(ParentRunner.java:238)
	at org.junit.runners.ParentRunner$1.schedule(ParentRunner.java:63)
	at org.junit.runners.ParentRunner.runChildren(ParentRunner.java:236)
	at org.junit.runners.ParentRunner.access$000(ParentRunner.java:53)
	at org.junit.runners.ParentRunner$2.evaluate(ParentRunner.java:229)
	at org.junit.internal.runners.statements.RunBefores.evaluate(RunBefores.java:26)
	at org.junit.internal.runners.statements.RunAfters.evaluate(RunAfters.java:27)
	at org.junit.runners.ParentRunner.run(ParentRunner.java:309)
	at org.apache.maven.surefire.junit4.JUnit4Provider.execute(JUnit4Provider.java:365)
	at org.apache.maven.surefire.junit4.JUnit4Provider.executeWithRerun(JUnit4Provider.java:273)
	at org.apache.maven.surefire.junit4.JUnit4Provider.executeTestSet(JUnit4Provider.java:238)
	at org.apache.maven.surefire.junit4.JUnit4Provider.invoke(JUnit4Provider.java:159)
	at org.apache.maven.surefire.booter.ForkedBooter.invokeProviderInSameClassLoader(ForkedBooter.java:384)
	at org.apache.maven.surefire.booter.ForkedBooter.runSuitesInProcess(ForkedBooter.java:345)
	at org.apache.maven.surefire.booter.ForkedBooter.execute(ForkedBooter.java:126)
	at org.apache.maven.surefire.booter.ForkedBooter.main(ForkedBooter.java:418)
</error>
    <system-out><![CDATA[2019-10-16 07:39:39,564 [main] INFO  rpc.RpcClient (RpcClient.java:createVolume(272)) - Creating Volume: f4bd9556-c00c-4fc7-8095-a8b3aec21a64, with jenkins1000 as owner.
2019-10-16 07:39:39,576 [OM StateMachine ApplyTransaction Thread - 0] INFO  volume.OMVolumeCreateRequest (OMVolumeCreateRequest.java:validateAndUpdateCache(193)) - created volume:f4bd9556-c00c-4fc7-8095-a8b3aec21a64 for user:jenkins1000
2019-10-16 07:39:39,578 [main] INFO  rpc.RpcClient (RpcClient.java:createBucket(411)) - Creating Bucket: f4bd9556-c00c-4fc7-8095-a8b3aec21a64/dfa7865e-36b0-4a30-8d40-bfd93cbaa1de, with Versioning false and Storage Type set to DISK and Encryption set to false 
2019-10-16 07:39:39,597 [OM StateMachine ApplyTransaction Thread - 0] ERROR lock.LockManager (LockManager.java:getLockForReleasing(218)) - Trying to release the lock on /f4bd9556-c00c-4fc7-8095-a8b3aec21a64/dfa7865e-36b0-4a30-8d40-bfd93cbaa1de, which was never acquired.
]]></system-out>
  </testcase>
  <testcase name="testMultipartUploadWithPartsMisMatchWithListSizeDifferent" classname="org.apache.hadoop.ozone.client.rpc.TestOzoneRpcClientWithRatis" time="0.032"/>
  <testcase name="testNoSuchUploadError" classname="org.apache.hadoop.ozone.client.rpc.TestOzoneRpcClientWithRatis" time="0.022"/>
  <testcase name="testPutKeyRatisThreeNodes" classname="org.apache.hadoop.ozone.client.rpc.TestOzoneRpcClientWithRatis" time="0.035">
    <error message="java.lang.IllegalMonitorStateException: Releasing lock on resource /0a301ed3-2f01-450d-b6c2-d9bca4b6c141/9bd0c645-2e7b-4e12-8a11-8d611bd97780 without acquiring lock" type="INTERNAL_ERROR org.apache.hadoop.ozone.om.exceptions.OMException">INTERNAL_ERROR org.apache.hadoop.ozone.om.exceptions.OMException: java.lang.IllegalMonitorStateException: Releasing lock on resource /0a301ed3-2f01-450d-b6c2-d9bca4b6c141/9bd0c645-2e7b-4e12-8a11-8d611bd97780 without acquiring lock
	at org.apache.hadoop.ozone.om.protocolPB.OzoneManagerProtocolClientSideTranslatorPB.handleError(OzoneManagerProtocolClientSideTranslatorPB.java:732)
	at org.apache.hadoop.ozone.om.protocolPB.OzoneManagerProtocolClientSideTranslatorPB.commitKey(OzoneManagerProtocolClientSideTranslatorPB.java:789)
	at sun.reflect.NativeMethodAccessorImpl.invoke0(Native Method)
	at sun.reflect.NativeMethodAccessorImpl.invoke(NativeMethodAccessorImpl.java:62)
	at sun.reflect.DelegatingMethodAccessorImpl.invoke(DelegatingMethodAccessorImpl.java:43)
	at java.lang.reflect.Method.invoke(Method.java:498)
	at org.apache.hadoop.hdds.tracing.TraceAllMethod.invoke(TraceAllMethod.java:66)
	at com.sun.proxy.$Proxy38.commitKey(Unknown Source)
	at org.apache.hadoop.ozone.client.io.BlockOutputStreamEntryPool.commitKey(BlockOutputStreamEntryPool.java:277)
	at org.apache.hadoop.ozone.client.io.KeyOutputStream.close(KeyOutputStream.java:474)
	at org.apache.hadoop.ozone.client.io.OzoneOutputStream.close(OzoneOutputStream.java:60)
	at org.apache.hadoop.ozone.client.rpc.TestOzoneRpcClientAbstract.testPutKeyRatisThreeNodes(TestOzoneRpcClientAbstract.java:804)
	at sun.reflect.NativeMethodAccessorImpl.invoke0(Native Method)
	at sun.reflect.NativeMethodAccessorImpl.invoke(NativeMethodAccessorImpl.java:62)
	at sun.reflect.DelegatingMethodAccessorImpl.invoke(DelegatingMethodAccessorImpl.java:43)
	at java.lang.reflect.Method.invoke(Method.java:498)
	at org.junit.runners.model.FrameworkMethod$1.runReflectiveCall(FrameworkMethod.java:47)
	at org.junit.internal.runners.model.ReflectiveCallable.run(ReflectiveCallable.java:12)
	at org.junit.runners.model.FrameworkMethod.invokeExplosively(FrameworkMethod.java:44)
	at org.junit.internal.runners.statements.InvokeMethod.evaluate(InvokeMethod.java:17)
	at org.junit.runners.ParentRunner.runLeaf(ParentRunner.java:271)
	at org.junit.runners.BlockJUnit4ClassRunner.runChild(BlockJUnit4ClassRunner.java:70)
	at org.junit.runners.BlockJUnit4ClassRunner.runChild(BlockJUnit4ClassRunner.java:50)
	at org.junit.runners.ParentRunner$3.run(ParentRunner.java:238)
	at org.junit.runners.ParentRunner$1.schedule(ParentRunner.java:63)
	at org.junit.runners.ParentRunner.runChildren(ParentRunner.java:236)
	at org.junit.runners.ParentRunner.access$000(ParentRunner.java:53)
	at org.junit.runners.ParentRunner$2.evaluate(ParentRunner.java:229)
	at org.junit.internal.runners.statements.RunBefores.evaluate(RunBefores.java:26)
	at org.junit.internal.runners.statements.RunAfters.evaluate(RunAfters.java:27)
	at org.junit.runners.ParentRunner.run(ParentRunner.java:309)
	at org.apache.maven.surefire.junit4.JUnit4Provider.execute(JUnit4Provider.java:365)
	at org.apache.maven.surefire.junit4.JUnit4Provider.executeWithRerun(JUnit4Provider.java:273)
	at org.apache.maven.surefire.junit4.JUnit4Provider.executeTestSet(JUnit4Provider.java:238)
	at org.apache.maven.surefire.junit4.JUnit4Provider.invoke(JUnit4Provider.java:159)
	at org.apache.maven.surefire.booter.ForkedBooter.invokeProviderInSameClassLoader(ForkedBooter.java:384)
	at org.apache.maven.surefire.booter.ForkedBooter.runSuitesInProcess(ForkedBooter.java:345)
	at org.apache.maven.surefire.booter.ForkedBooter.execute(ForkedBooter.java:126)
	at org.apache.maven.surefire.booter.ForkedBooter.main(ForkedBooter.java:418)
</error>
    <system-out><![CDATA[2019-10-16 07:39:39,653 [main] INFO  rpc.RpcClient (RpcClient.java:createVolume(272)) - Creating Volume: 0a301ed3-2f01-450d-b6c2-d9bca4b6c141, with jenkins1000 as owner.
2019-10-16 07:39:39,656 [OM StateMachine ApplyTransaction Thread - 0] INFO  volume.OMVolumeCreateRequest (OMVolumeCreateRequest.java:validateAndUpdateCache(193)) - created volume:0a301ed3-2f01-450d-b6c2-d9bca4b6c141 for user:jenkins1000
2019-10-16 07:39:39,657 [main] INFO  rpc.RpcClient (RpcClient.java:createBucket(411)) - Creating Bucket: 0a301ed3-2f01-450d-b6c2-d9bca4b6c141/9bd0c645-2e7b-4e12-8a11-8d611bd97780, with Versioning false and Storage Type set to DISK and Encryption set to false 
2019-10-16 07:39:39,682 [OM StateMachine ApplyTransaction Thread - 0] ERROR lock.LockManager (LockManager.java:getLockForReleasing(218)) - Trying to release the lock on /0a301ed3-2f01-450d-b6c2-d9bca4b6c141/9bd0c645-2e7b-4e12-8a11-8d611bd97780, which was never acquired.
]]></system-out>
  </testcase>
  <testcase name="testListKeyOnEmptyBucket" classname="org.apache.hadoop.ozone.client.rpc.TestOzoneRpcClientWithRatis" time="0.034"/>
  <testcase name="testReadKeyWithCorruptedDataWithMutiNodes" classname="org.apache.hadoop.ozone.client.rpc.TestOzoneRpcClientWithRatis" time="0.042">
    <error message="java.lang.IllegalMonitorStateException: Releasing lock on resource /6b8d16bd-9065-4061-9a72-3e77889fa821/1dc9feca-efe7-48c0-b2bb-762155c7102f without acquiring lock" type="INTERNAL_ERROR org.apache.hadoop.ozone.om.exceptions.OMException">INTERNAL_ERROR org.apache.hadoop.ozone.om.exceptions.OMException: java.lang.IllegalMonitorStateException: Releasing lock on resource /6b8d16bd-9065-4061-9a72-3e77889fa821/1dc9feca-efe7-48c0-b2bb-762155c7102f without acquiring lock
	at org.apache.hadoop.ozone.om.protocolPB.OzoneManagerProtocolClientSideTranslatorPB.handleError(OzoneManagerProtocolClientSideTranslatorPB.java:732)
	at org.apache.hadoop.ozone.om.protocolPB.OzoneManagerProtocolClientSideTranslatorPB.commitKey(OzoneManagerProtocolClientSideTranslatorPB.java:789)
	at sun.reflect.NativeMethodAccessorImpl.invoke0(Native Method)
	at sun.reflect.NativeMethodAccessorImpl.invoke(NativeMethodAccessorImpl.java:62)
	at sun.reflect.DelegatingMethodAccessorImpl.invoke(DelegatingMethodAccessorImpl.java:43)
	at java.lang.reflect.Method.invoke(Method.java:498)
	at org.apache.hadoop.hdds.tracing.TraceAllMethod.invoke(TraceAllMethod.java:66)
	at com.sun.proxy.$Proxy38.commitKey(Unknown Source)
	at org.apache.hadoop.ozone.client.io.BlockOutputStreamEntryPool.commitKey(BlockOutputStreamEntryPool.java:277)
	at org.apache.hadoop.ozone.client.io.KeyOutputStream.close(KeyOutputStream.java:474)
	at org.apache.hadoop.ozone.client.io.OzoneOutputStream.close(OzoneOutputStream.java:60)
	at org.apache.hadoop.ozone.client.rpc.TestOzoneRpcClientAbstract.testReadKeyWithCorruptedDataWithMutiNodes(TestOzoneRpcClientAbstract.java:1139)
	at sun.reflect.NativeMethodAccessorImpl.invoke0(Native Method)
	at sun.reflect.NativeMethodAccessorImpl.invoke(NativeMethodAccessorImpl.java:62)
	at sun.reflect.DelegatingMethodAccessorImpl.invoke(DelegatingMethodAccessorImpl.java:43)
	at java.lang.reflect.Method.invoke(Method.java:498)
	at org.junit.runners.model.FrameworkMethod$1.runReflectiveCall(FrameworkMethod.java:47)
	at org.junit.internal.runners.model.ReflectiveCallable.run(ReflectiveCallable.java:12)
	at org.junit.runners.model.FrameworkMethod.invokeExplosively(FrameworkMethod.java:44)
	at org.junit.internal.runners.statements.InvokeMethod.evaluate(InvokeMethod.java:17)
	at org.junit.runners.ParentRunner.runLeaf(ParentRunner.java:271)
	at org.junit.runners.BlockJUnit4ClassRunner.runChild(BlockJUnit4ClassRunner.java:70)
	at org.junit.runners.BlockJUnit4ClassRunner.runChild(BlockJUnit4ClassRunner.java:50)
	at org.junit.runners.ParentRunner$3.run(ParentRunner.java:238)
	at org.junit.runners.ParentRunner$1.schedule(ParentRunner.java:63)
	at org.junit.runners.ParentRunner.runChildren(ParentRunner.java:236)
	at org.junit.runners.ParentRunner.access$000(ParentRunner.java:53)
	at org.junit.runners.ParentRunner$2.evaluate(ParentRunner.java:229)
	at org.junit.internal.runners.statements.RunBefores.evaluate(RunBefores.java:26)
	at org.junit.internal.runners.statements.RunAfters.evaluate(RunAfters.java:27)
	at org.junit.runners.ParentRunner.run(ParentRunner.java:309)
	at org.apache.maven.surefire.junit4.JUnit4Provider.execute(JUnit4Provider.java:365)
	at org.apache.maven.surefire.junit4.JUnit4Provider.executeWithRerun(JUnit4Provider.java:273)
	at org.apache.maven.surefire.junit4.JUnit4Provider.executeTestSet(JUnit4Provider.java:238)
	at org.apache.maven.surefire.junit4.JUnit4Provider.invoke(JUnit4Provider.java:159)
	at org.apache.maven.surefire.booter.ForkedBooter.invokeProviderInSameClassLoader(ForkedBooter.java:384)
	at org.apache.maven.surefire.booter.ForkedBooter.runSuitesInProcess(ForkedBooter.java:345)
	at org.apache.maven.surefire.booter.ForkedBooter.execute(ForkedBooter.java:126)
	at org.apache.maven.surefire.booter.ForkedBooter.main(ForkedBooter.java:418)
</error>
    <system-out><![CDATA[2019-10-16 07:39:39,722 [main] INFO  rpc.RpcClient (RpcClient.java:createVolume(272)) - Creating Volume: 6b8d16bd-9065-4061-9a72-3e77889fa821, with jenkins1000 as owner.
2019-10-16 07:39:39,725 [OM StateMachine ApplyTransaction Thread - 0] INFO  volume.OMVolumeCreateRequest (OMVolumeCreateRequest.java:validateAndUpdateCache(193)) - created volume:6b8d16bd-9065-4061-9a72-3e77889fa821 for user:jenkins1000
2019-10-16 07:39:39,726 [main] INFO  rpc.RpcClient (RpcClient.java:createBucket(411)) - Creating Bucket: 6b8d16bd-9065-4061-9a72-3e77889fa821/1dc9feca-efe7-48c0-b2bb-762155c7102f, with Versioning false and Storage Type set to DISK and Encryption set to false 
2019-10-16 07:39:39,747 [IPC Server handler 11 on 46319] INFO  segmented.SegmentedRaftLogWorker (SegmentedRaftLogWorker.java:rollLogSegment(390)) - f795436f-3b49-4317-86ad-3b80027a9b10@group-C5BA1605619E-SegmentedRaftLogWorker: Rolling segment log-557_618 to index:618
2019-10-16 07:39:39,747 [f795436f-3b49-4317-86ad-3b80027a9b10@group-C5BA1605619E-SegmentedRaftLogWorker] INFO  segmented.SegmentedRaftLogWorker (SegmentedRaftLogWorker.java:execute(533)) - f795436f-3b49-4317-86ad-3b80027a9b10@group-C5BA1605619E-SegmentedRaftLogWorker: Rolled log segment from /workdir/hadoop-ozone/integration-test/target/test-dir/MiniOzoneClusterImpl-d5591382-938c-4025-98c2-9a8d578ab975/ozone-meta/ratis/bf265839-605b-3f16-9796-c5ba1605619e/current/log_inprogress_557 to /workdir/hadoop-ozone/integration-test/target/test-dir/MiniOzoneClusterImpl-d5591382-938c-4025-98c2-9a8d578ab975/ozone-meta/ratis/bf265839-605b-3f16-9796-c5ba1605619e/current/log_557-618
2019-10-16 07:39:39,759 [f795436f-3b49-4317-86ad-3b80027a9b10@group-C5BA1605619E-SegmentedRaftLogWorker] INFO  segmented.SegmentedRaftLogWorker (SegmentedRaftLogWorker.java:execute(576)) - f795436f-3b49-4317-86ad-3b80027a9b10@group-C5BA1605619E-SegmentedRaftLogWorker: created new log segment /workdir/hadoop-ozone/integration-test/target/test-dir/MiniOzoneClusterImpl-d5591382-938c-4025-98c2-9a8d578ab975/ozone-meta/ratis/bf265839-605b-3f16-9796-c5ba1605619e/current/log_inprogress_619
2019-10-16 07:39:39,760 [OM StateMachine ApplyTransaction Thread - 0] ERROR lock.LockManager (LockManager.java:getLockForReleasing(218)) - Trying to release the lock on /6b8d16bd-9065-4061-9a72-3e77889fa821/1dc9feca-efe7-48c0-b2bb-762155c7102f, which was never acquired.
]]></system-out>
  </testcase>
  <testcase name="testPutKey" classname="org.apache.hadoop.ozone.client.rpc.TestOzoneRpcClientWithRatis" time="0.059">
    <error message="java.lang.IllegalMonitorStateException: Releasing lock on resource /1472c026-0f39-4a74-8ee4-faaee5089a9f/63b8bb0b-7a02-496c-b968-3557bd0a8fb7 without acquiring lock" type="INTERNAL_ERROR org.apache.hadoop.ozone.om.exceptions.OMException">INTERNAL_ERROR org.apache.hadoop.ozone.om.exceptions.OMException: java.lang.IllegalMonitorStateException: Releasing lock on resource /1472c026-0f39-4a74-8ee4-faaee5089a9f/63b8bb0b-7a02-496c-b968-3557bd0a8fb7 without acquiring lock
	at org.apache.hadoop.ozone.om.protocolPB.OzoneManagerProtocolClientSideTranslatorPB.handleError(OzoneManagerProtocolClientSideTranslatorPB.java:732)
	at org.apache.hadoop.ozone.om.protocolPB.OzoneManagerProtocolClientSideTranslatorPB.commitKey(OzoneManagerProtocolClientSideTranslatorPB.java:789)
	at sun.reflect.NativeMethodAccessorImpl.invoke0(Native Method)
	at sun.reflect.NativeMethodAccessorImpl.invoke(NativeMethodAccessorImpl.java:62)
	at sun.reflect.DelegatingMethodAccessorImpl.invoke(DelegatingMethodAccessorImpl.java:43)
	at java.lang.reflect.Method.invoke(Method.java:498)
	at org.apache.hadoop.hdds.tracing.TraceAllMethod.invoke(TraceAllMethod.java:66)
	at com.sun.proxy.$Proxy38.commitKey(Unknown Source)
	at org.apache.hadoop.ozone.client.io.BlockOutputStreamEntryPool.commitKey(BlockOutputStreamEntryPool.java:277)
	at org.apache.hadoop.ozone.client.io.KeyOutputStream.close(KeyOutputStream.java:474)
	at org.apache.hadoop.ozone.client.io.OzoneOutputStream.close(OzoneOutputStream.java:60)
	at org.apache.hadoop.ozone.client.rpc.TestOzoneRpcClientAbstract.testPutKey(TestOzoneRpcClientAbstract.java:701)
	at sun.reflect.NativeMethodAccessorImpl.invoke0(Native Method)
	at sun.reflect.NativeMethodAccessorImpl.invoke(NativeMethodAccessorImpl.java:62)
	at sun.reflect.DelegatingMethodAccessorImpl.invoke(DelegatingMethodAccessorImpl.java:43)
	at java.lang.reflect.Method.invoke(Method.java:498)
	at org.junit.runners.model.FrameworkMethod$1.runReflectiveCall(FrameworkMethod.java:47)
	at org.junit.internal.runners.model.ReflectiveCallable.run(ReflectiveCallable.java:12)
	at org.junit.runners.model.FrameworkMethod.invokeExplosively(FrameworkMethod.java:44)
	at org.junit.internal.runners.statements.InvokeMethod.evaluate(InvokeMethod.java:17)
	at org.junit.runners.ParentRunner.runLeaf(ParentRunner.java:271)
	at org.junit.runners.BlockJUnit4ClassRunner.runChild(BlockJUnit4ClassRunner.java:70)
	at org.junit.runners.BlockJUnit4ClassRunner.runChild(BlockJUnit4ClassRunner.java:50)
	at org.junit.runners.ParentRunner$3.run(ParentRunner.java:238)
	at org.junit.runners.ParentRunner$1.schedule(ParentRunner.java:63)
	at org.junit.runners.ParentRunner.runChildren(ParentRunner.java:236)
	at org.junit.runners.ParentRunner.access$000(ParentRunner.java:53)
	at org.junit.runners.ParentRunner$2.evaluate(ParentRunner.java:229)
	at org.junit.internal.runners.statements.RunBefores.evaluate(RunBefores.java:26)
	at org.junit.internal.runners.statements.RunAfters.evaluate(RunAfters.java:27)
	at org.junit.runners.ParentRunner.run(ParentRunner.java:309)
	at org.apache.maven.surefire.junit4.JUnit4Provider.execute(JUnit4Provider.java:365)
	at org.apache.maven.surefire.junit4.JUnit4Provider.executeWithRerun(JUnit4Provider.java:273)
	at org.apache.maven.surefire.junit4.JUnit4Provider.executeTestSet(JUnit4Provider.java:238)
	at org.apache.maven.surefire.junit4.JUnit4Provider.invoke(JUnit4Provider.java:159)
	at org.apache.maven.surefire.booter.ForkedBooter.invokeProviderInSameClassLoader(ForkedBooter.java:384)
	at org.apache.maven.surefire.booter.ForkedBooter.runSuitesInProcess(ForkedBooter.java:345)
	at org.apache.maven.surefire.booter.ForkedBooter.execute(ForkedBooter.java:126)
	at org.apache.maven.surefire.booter.ForkedBooter.main(ForkedBooter.java:418)
</error>
    <system-out><![CDATA[2019-10-16 07:39:39,764 [main] INFO  rpc.RpcClient (RpcClient.java:createVolume(272)) - Creating Volume: 1472c026-0f39-4a74-8ee4-faaee5089a9f, with jenkins1000 as owner.
2019-10-16 07:39:39,773 [OM StateMachine ApplyTransaction Thread - 0] INFO  volume.OMVolumeCreateRequest (OMVolumeCreateRequest.java:validateAndUpdateCache(193)) - created volume:1472c026-0f39-4a74-8ee4-faaee5089a9f for user:jenkins1000
2019-10-16 07:39:39,774 [main] INFO  rpc.RpcClient (RpcClient.java:createBucket(411)) - Creating Bucket: 1472c026-0f39-4a74-8ee4-faaee5089a9f/63b8bb0b-7a02-496c-b968-3557bd0a8fb7, with Versioning false and Storage Type set to DISK and Encryption set to false 
2019-10-16 07:39:39,820 [OM StateMachine ApplyTransaction Thread - 0] ERROR lock.LockManager (LockManager.java:getLockForReleasing(218)) - Trying to release the lock on /1472c026-0f39-4a74-8ee4-faaee5089a9f/63b8bb0b-7a02-496c-b968-3557bd0a8fb7, which was never acquired.
]]></system-out>
  </testcase>
  <testcase name="testReadKeyWithCorruptedData" classname="org.apache.hadoop.ozone.client.rpc.TestOzoneRpcClientWithRatis" time="0.162">
    <error message="java.lang.IllegalMonitorStateException: Releasing lock on resource /e6443737-813d-4cab-8a70-46d4fa65bce2/96bc20d2-9d75-4978-aa2c-cb753e116d27 without acquiring lock" type="INTERNAL_ERROR org.apache.hadoop.ozone.om.exceptions.OMException">INTERNAL_ERROR org.apache.hadoop.ozone.om.exceptions.OMException: java.lang.IllegalMonitorStateException: Releasing lock on resource /e6443737-813d-4cab-8a70-46d4fa65bce2/96bc20d2-9d75-4978-aa2c-cb753e116d27 without acquiring lock
	at org.apache.hadoop.ozone.om.protocolPB.OzoneManagerProtocolClientSideTranslatorPB.handleError(OzoneManagerProtocolClientSideTranslatorPB.java:732)
	at org.apache.hadoop.ozone.om.protocolPB.OzoneManagerProtocolClientSideTranslatorPB.commitKey(OzoneManagerProtocolClientSideTranslatorPB.java:789)
	at sun.reflect.GeneratedMethodAccessor232.invoke(Unknown Source)
	at sun.reflect.DelegatingMethodAccessorImpl.invoke(DelegatingMethodAccessorImpl.java:43)
	at java.lang.reflect.Method.invoke(Method.java:498)
	at org.apache.hadoop.hdds.tracing.TraceAllMethod.invoke(TraceAllMethod.java:66)
	at com.sun.proxy.$Proxy38.commitKey(Unknown Source)
	at org.apache.hadoop.ozone.client.io.BlockOutputStreamEntryPool.commitKey(BlockOutputStreamEntryPool.java:277)
	at org.apache.hadoop.ozone.client.io.KeyOutputStream.close(KeyOutputStream.java:474)
	at org.apache.hadoop.ozone.client.io.OzoneOutputStream.close(OzoneOutputStream.java:60)
	at org.apache.hadoop.ozone.client.rpc.TestOzoneRpcClientAbstract.testReadKeyWithCorruptedData(TestOzoneRpcClientAbstract.java:1085)
	at sun.reflect.NativeMethodAccessorImpl.invoke0(Native Method)
	at sun.reflect.NativeMethodAccessorImpl.invoke(NativeMethodAccessorImpl.java:62)
	at sun.reflect.DelegatingMethodAccessorImpl.invoke(DelegatingMethodAccessorImpl.java:43)
	at java.lang.reflect.Method.invoke(Method.java:498)
	at org.junit.runners.model.FrameworkMethod$1.runReflectiveCall(FrameworkMethod.java:47)
	at org.junit.internal.runners.model.ReflectiveCallable.run(ReflectiveCallable.java:12)
	at org.junit.runners.model.FrameworkMethod.invokeExplosively(FrameworkMethod.java:44)
	at org.junit.internal.runners.statements.InvokeMethod.evaluate(InvokeMethod.java:17)
	at org.junit.runners.ParentRunner.runLeaf(ParentRunner.java:271)
	at org.junit.runners.BlockJUnit4ClassRunner.runChild(BlockJUnit4ClassRunner.java:70)
	at org.junit.runners.BlockJUnit4ClassRunner.runChild(BlockJUnit4ClassRunner.java:50)
	at org.junit.runners.ParentRunner$3.run(ParentRunner.java:238)
	at org.junit.runners.ParentRunner$1.schedule(ParentRunner.java:63)
	at org.junit.runners.ParentRunner.runChildren(ParentRunner.java:236)
	at org.junit.runners.ParentRunner.access$000(ParentRunner.java:53)
	at org.junit.runners.ParentRunner$2.evaluate(ParentRunner.java:229)
	at org.junit.internal.runners.statements.RunBefores.evaluate(RunBefores.java:26)
	at org.junit.internal.runners.statements.RunAfters.evaluate(RunAfters.java:27)
	at org.junit.runners.ParentRunner.run(ParentRunner.java:309)
	at org.apache.maven.surefire.junit4.JUnit4Provider.execute(JUnit4Provider.java:365)
	at org.apache.maven.surefire.junit4.JUnit4Provider.executeWithRerun(JUnit4Provider.java:273)
	at org.apache.maven.surefire.junit4.JUnit4Provider.executeTestSet(JUnit4Provider.java:238)
	at org.apache.maven.surefire.junit4.JUnit4Provider.invoke(JUnit4Provider.java:159)
	at org.apache.maven.surefire.booter.ForkedBooter.invokeProviderInSameClassLoader(ForkedBooter.java:384)
	at org.apache.maven.surefire.booter.ForkedBooter.runSuitesInProcess(ForkedBooter.java:345)
	at org.apache.maven.surefire.booter.ForkedBooter.execute(ForkedBooter.java:126)
	at org.apache.maven.surefire.booter.ForkedBooter.main(ForkedBooter.java:418)
</error>
    <system-out><![CDATA[2019-10-16 07:39:39,823 [main] INFO  rpc.RpcClient (RpcClient.java:createVolume(272)) - Creating Volume: e6443737-813d-4cab-8a70-46d4fa65bce2, with jenkins1000 as owner.
2019-10-16 07:39:39,835 [OM StateMachine ApplyTransaction Thread - 0] INFO  volume.OMVolumeCreateRequest (OMVolumeCreateRequest.java:validateAndUpdateCache(193)) - created volume:e6443737-813d-4cab-8a70-46d4fa65bce2 for user:jenkins1000
2019-10-16 07:39:39,837 [main] INFO  rpc.RpcClient (RpcClient.java:createBucket(411)) - Creating Bucket: e6443737-813d-4cab-8a70-46d4fa65bce2/96bc20d2-9d75-4978-aa2c-cb753e116d27, with Versioning false and Storage Type set to DISK and Encryption set to false 
2019-10-16 07:39:39,983 [OM StateMachine ApplyTransaction Thread - 0] ERROR lock.LockManager (LockManager.java:getLockForReleasing(218)) - Trying to release the lock on /e6443737-813d-4cab-8a70-46d4fa65bce2/96bc20d2-9d75-4978-aa2c-cb753e116d27, which was never acquired.
]]></system-out>
  </testcase>
  <testcase name="testCreateBucketWithAcls" classname="org.apache.hadoop.ozone.client.rpc.TestOzoneRpcClientWithRatis" time="0.01"/>
  <testcase name="testMultipartUploadWithPartsMisMatchWithIncorrectPartName" classname="org.apache.hadoop.ozone.client.rpc.TestOzoneRpcClientWithRatis" time="0.076"/>
  <testcase name="testCreateVolumeWithMetadata" classname="org.apache.hadoop.ozone.client.rpc.TestOzoneRpcClientWithRatis" time="0.014"/>
  <testcase name="testCreateBucketWithMetadata" classname="org.apache.hadoop.ozone.client.rpc.TestOzoneRpcClientWithRatis" time="0.007"/>
  <testcase name="testListPartsWithPartMarkerGreaterThanPartCount" classname="org.apache.hadoop.ozone.client.rpc.TestOzoneRpcClientWithRatis" time="0.177"/>
  <testcase name="testCreateBucket" classname="org.apache.hadoop.ozone.client.rpc.TestOzoneRpcClientWithRatis" time="0.037"/>
  <testcase name="testUploadPartWithNoOverride" classname="org.apache.hadoop.ozone.client.rpc.TestOzoneRpcClientWithRatis" time="0.087"/>
  <testcase name="testInitiateMultipartUploadWithDefaultReplication" classname="org.apache.hadoop.ozone.client.rpc.TestOzoneRpcClientWithRatis" time="0.033"/>
</testsuite>